<?xml version="1.0" encoding="UTF-8"?>
<testsuite xmlns:xsi="http://www.w3.org/2001/XMLSchema-instance" xsi:noNamespaceSchemaLocation="https://maven.apache.org/surefire/maven-surefire-plugin/xsd/surefire-test-report-3.0.xsd" version="3.0" name="org.apache.hadoop.fs.ozone.TestOzoneFileSystem" time="344.629" tests="176" errors="0" skipped="0" failures="1">
  <properties>
    <property name="awt.toolkit" value="sun.awt.X11.XToolkit"/>
    <property name="file.encoding.pkg" value="sun.io"/>
    <property name="java.specification.version" value="1.8"/>
    <property name="sun.cpu.isalist" value=""/>
    <property name="sun.jnu.encoding" value="UTF-8"/>
    <property name="java.class.path" value="/home/runner/work/ozone/ozone/hadoop-ozone/integration-test/target/test-classes:/home/runner/work/ozone/ozone/hadoop-ozone/integration-test/target/classes:/home/runner/.m2/repository/org/apache/ozone/ozone-common/1.4.0-SNAPSHOT/ozone-common-1.4.0-SNAPSHOT.jar:/home/runner/.m2/repository/io/grpc/grpc-netty/1.51.1/grpc-netty-1.51.1.jar:/home/runner/.m2/repository/io/grpc/grpc-core/1.51.1/grpc-core-1.51.1.jar:/home/runner/.m2/repository/com/google/android/annotations/4.1.1.4/annotations-4.1.1.4.jar:/home/runner/.m2/repository/org/codehaus/mojo/animal-sniffer-annotations/1.21/animal-sniffer-annotations-1.21.jar:/home/runner/.m2/repository/com/google/errorprone/error_prone_annotations/2.2.0/error_prone_annotations-2.2.0.jar:/home/runner/.m2/repository/io/perfmark/perfmark-api/0.25.0/perfmark-api-0.25.0.jar:/home/runner/.m2/repository/io/netty/netty-codec-http2/4.1.94.Final/netty-codec-http2-4.1.94.Final.jar:/home/runner/.m2/repository/io/netty/netty-common/4.1.94.Final/netty-common-4.1.94.Final.jar:/home/runner/.m2/repository/io/netty/netty-buffer/4.1.94.Final/netty-buffer-4.1.94.Final.jar:/home/runner/.m2/repository/io/netty/netty-codec-http/4.1.94.Final/netty-codec-http-4.1.94.Final.jar:/home/runner/.m2/repository/io/netty/netty-handler-proxy/4.1.94.Final/netty-handler-proxy-4.1.94.Final.jar:/home/runner/.m2/repository/io/netty/netty-codec-socks/4.1.94.Final/netty-codec-socks-4.1.94.Final.jar:/home/runner/.m2/repository/io/netty/netty-tcnative-boringssl-static/2.0.61.Final/netty-tcnative-boringssl-static-2.0.61.Final.jar:/home/runner/.m2/repository/io/netty/netty-tcnative-classes/2.0.61.Final/netty-tcnative-classes-2.0.61.Final.jar:/home/runner/.m2/repository/io/netty/netty-tcnative-boringssl-static/2.0.61.Final/netty-tcnative-boringssl-static-2.0.61.Final-linux-x86_64.jar:/home/runner/.m2/repository/io/netty/netty-tcnative-boringssl-static/2.0.61.Final/netty-tcnative-boringssl-static-2.0.61.Final-linux-aarch_64.jar:/home/runner/.m2/repository/io/netty/netty-tcnative-boringssl-static/2.0.61.Final/netty-tcnative-boringssl-static-2.0.61.Final-osx-x86_64.jar:/home/runner/.m2/repository/io/netty/netty-tcnative-boringssl-static/2.0.61.Final/netty-tcnative-boringssl-static-2.0.61.Final-osx-aarch_64.jar:/home/runner/.m2/repository/io/netty/netty-tcnative-boringssl-static/2.0.61.Final/netty-tcnative-boringssl-static-2.0.61.Final-windows-x86_64.jar:/home/runner/.m2/repository/org/apache/commons/commons-compress/1.21/commons-compress-1.21.jar:/home/runner/.m2/repository/org/apache/ozone/hdds-common/1.4.0-SNAPSHOT/hdds-common-1.4.0-SNAPSHOT.jar:/home/runner/.m2/repository/org/apache/ozone/hdds-client/1.4.0-SNAPSHOT/hdds-client-1.4.0-SNAPSHOT.jar:/home/runner/.m2/repository/org/apache/ozone/ozone-interface-client/1.4.0-SNAPSHOT/ozone-interface-client-1.4.0-SNAPSHOT.jar:/home/runner/.m2/repository/org/apache/hadoop/hadoop-hdfs-client/3.3.6/hadoop-hdfs-client-3.3.6.jar:/home/runner/.m2/repository/com/squareup/okhttp3/okhttp/4.9.3/okhttp-4.9.3.jar:/home/runner/.m2/repository/com/squareup/okio/okio/3.4.0/okio-3.4.0.jar:/home/runner/.m2/repository/com/squareup/okio/okio-jvm/3.4.0/okio-jvm-3.4.0.jar:/home/runner/.m2/repository/org/jetbrains/kotlin/kotlin-stdlib-jdk8/1.8.0/kotlin-stdlib-jdk8-1.8.0.jar:/home/runner/.m2/repository/org/jetbrains/kotlin/kotlin-stdlib-jdk7/1.8.0/kotlin-stdlib-jdk7-1.8.0.jar:/home/runner/.m2/repository/org/jetbrains/kotlin/kotlin-stdlib-common/1.6.21/kotlin-stdlib-common-1.6.21.jar:/home/runner/.m2/repository/org/apache/ozone/hdds-test-utils/1.4.0-SNAPSHOT/hdds-test-utils-1.4.0-SNAPSHOT.jar:/home/runner/.m2/repository/com/google/guava/guava/32.0.0-jre/guava-32.0.0-jre.jar:/home/runner/.m2/repository/com/google/guava/failureaccess/1.0.1/failureaccess-1.0.1.jar:/home/runner/.m2/repository/com/google/guava/listenablefuture/9999.0-empty-to-avoid-conflict-with-guava/listenablefuture-9999.0-empty-to-avoid-conflict-with-guava.jar:/home/runner/.m2/repository/com/google/code/findbugs/jsr305/3.0.0/jsr305-3.0.0.jar:/home/runner/.m2/repository/org/checkerframework/checker-qual/3.33.0/checker-qual-3.33.0.jar:/home/runner/.m2/repository/com/google/j2objc/j2objc-annotations/2.8/j2objc-annotations-2.8.jar:/home/runner/.m2/repository/commons-io/commons-io/2.11.0/commons-io-2.11.0.jar:/home/runner/.m2/repository/commons-logging/commons-logging/1.2/commons-logging-1.2.jar:/home/runner/.m2/repository/ch/qos/reload4j/reload4j/1.2.22/reload4j-1.2.22.jar:/home/runner/.m2/repository/org/slf4j/slf4j-api/1.7.36/slf4j-api-1.7.36.jar:/home/runner/.m2/repository/org/apache/logging/log4j/log4j-api/2.17.1/log4j-api-2.17.1.jar:/home/runner/.m2/repository/org/apache/ozone/hdds-server-scm/1.4.0-SNAPSHOT/hdds-server-scm-1.4.0-SNAPSHOT.jar:/home/runner/.m2/repository/org/apache/ozone/hdds-container-service/1.4.0-SNAPSHOT/hdds-container-service-1.4.0-SNAPSHOT.jar:/home/runner/.m2/repository/org/apache/ozone/hdds-hadoop-dependency-server/1.4.0-SNAPSHOT/hdds-hadoop-dependency-server-1.4.0-SNAPSHOT.jar:/home/runner/.m2/repository/org/apache/hadoop/hadoop-hdfs/3.3.6/hadoop-hdfs-3.3.6.jar:/home/runner/.m2/repository/commons-daemon/commons-daemon/1.0.13/commons-daemon-1.0.13.jar:/home/runner/.m2/repository/org/apache/ozone/hdds-server-framework/1.4.0-SNAPSHOT/hdds-server-framework-1.4.0-SNAPSHOT.jar:/home/runner/.m2/repository/io/dropwizard/metrics/metrics-core/3.2.4/metrics-core-3.2.4.jar:/home/runner/.m2/repository/org/apache/commons/commons-text/1.10.0/commons-text-1.10.0.jar:/home/runner/.m2/repository/org/bouncycastle/bcprov-jdk15on/1.67/bcprov-jdk15on-1.67.jar:/home/runner/.m2/repository/com/google/protobuf/protobuf-java/2.5.0/protobuf-java-2.5.0.jar:/home/runner/.m2/repository/org/apache/ozone/hdds-server-framework/1.4.0-SNAPSHOT/hdds-server-framework-1.4.0-SNAPSHOT-tests.jar:/home/runner/.m2/repository/org/apache/ozone/hdds-interface-server/1.4.0-SNAPSHOT/hdds-interface-server-1.4.0-SNAPSHOT.jar:/home/runner/.m2/repository/org/apache/ozone/hdds-interface-admin/1.4.0-SNAPSHOT/hdds-interface-admin-1.4.0-SNAPSHOT.jar:/home/runner/.m2/repository/org/apache/ozone/hdds-managed-rocksdb/1.4.0-SNAPSHOT/hdds-managed-rocksdb-1.4.0-SNAPSHOT.jar:/home/runner/.m2/repository/org/rocksdb/rocksdbjni/7.7.3/rocksdbjni-7.7.3.jar:/home/runner/.m2/repository/org/slf4j/slf4j-reload4j/1.7.36/slf4j-reload4j-1.7.36.jar:/home/runner/.m2/repository/org/apache/commons/commons-configuration2/2.1.1/commons-configuration2-2.1.1.jar:/home/runner/.m2/repository/commons-fileupload/commons-fileupload/1.5/commons-fileupload-1.5.jar:/home/runner/.m2/repository/org/apache/logging/log4j/log4j-core/2.17.1/log4j-core-2.17.1.jar:/home/runner/.m2/repository/com/lmax/disruptor/3.4.2/disruptor-3.4.2.jar:/home/runner/.m2/repository/org/eclipse/jetty/jetty-util/9.4.52.v20230823/jetty-util-9.4.52.v20230823.jar:/home/runner/.m2/repository/org/eclipse/jetty/jetty-server/9.4.52.v20230823/jetty-server-9.4.52.v20230823.jar:/home/runner/.m2/repository/org/eclipse/jetty/jetty-http/9.4.52.v20230823/jetty-http-9.4.52.v20230823.jar:/home/runner/.m2/repository/org/eclipse/jetty/jetty-io/9.4.52.v20230823/jetty-io-9.4.52.v20230823.jar:/home/runner/.m2/repository/org/eclipse/jetty/jetty-servlet/9.4.52.v20230823/jetty-servlet-9.4.52.v20230823.jar:/home/runner/.m2/repository/org/eclipse/jetty/jetty-security/9.4.52.v20230823/jetty-security-9.4.52.v20230823.jar:/home/runner/.m2/repository/org/eclipse/jetty/jetty-util-ajax/9.4.52.v20230823/jetty-util-ajax-9.4.52.v20230823.jar:/home/runner/.m2/repository/org/eclipse/jetty/jetty-webapp/9.4.52.v20230823/jetty-webapp-9.4.52.v20230823.jar:/home/runner/.m2/repository/org/eclipse/jetty/jetty-xml/9.4.52.v20230823/jetty-xml-9.4.52.v20230823.jar:/home/runner/.m2/repository/org/apache/ratis/ratis-server/2.5.1/ratis-server-2.5.1.jar:/home/runner/.m2/repository/org/apache/ratis/ratis-thirdparty-misc/1.0.4/ratis-thirdparty-misc-1.0.4.jar:/home/runner/.m2/repository/org/apache/ratis/ratis-proto/2.5.1/ratis-proto-2.5.1.jar:/home/runner/.m2/repository/org/apache/ratis/ratis-common/2.5.1/ratis-common-2.5.1.jar:/home/runner/.m2/repository/org/apache/ratis/ratis-client/2.5.1/ratis-client-2.5.1.jar:/home/runner/.m2/repository/org/apache/ratis/ratis-server-api/2.5.1/ratis-server-api-2.5.1.jar:/home/runner/.m2/repository/org/apache/ratis/ratis-metrics/2.5.1/ratis-metrics-2.5.1.jar:/home/runner/.m2/repository/io/prometheus/simpleclient_dropwizard/0.7.0/simpleclient_dropwizard-0.7.0.jar:/home/runner/.m2/repository/io/prometheus/simpleclient/0.7.0/simpleclient-0.7.0.jar:/home/runner/.m2/repository/io/prometheus/simpleclient_common/0.7.0/simpleclient_common-0.7.0.jar:/home/runner/.m2/repository/com/fasterxml/jackson/datatype/jackson-datatype-jsr310/2.13.4/jackson-datatype-jsr310-2.13.4.jar:/home/runner/.m2/repository/com/fasterxml/jackson/core/jackson-core/2.13.4/jackson-core-2.13.4.jar:/home/runner/.m2/repository/com/github/spotbugs/spotbugs-annotations/3.1.12/spotbugs-annotations-3.1.12.jar:/home/runner/.m2/repository/org/apache/ozone/rocksdb-checkpoint-differ/1.4.0-SNAPSHOT/rocksdb-checkpoint-differ-1.4.0-SNAPSHOT.jar:/home/runner/.m2/repository/org/jgrapht/jgrapht-core/1.0.1/jgrapht-core-1.0.1.jar:/home/runner/.m2/repository/org/jgrapht/jgrapht-ext/1.0.1/jgrapht-ext-1.0.1.jar:/home/runner/.m2/repository/org/tinyjee/jgraphx/jgraphx/2.0.0.1/jgraphx-2.0.0.1.jar:/home/runner/.m2/repository/jgraph/jgraph/5.13.0.0/jgraph-5.13.0.0.jar:/home/runner/.m2/repository/org/antlr/antlr4-runtime/4.5.3/antlr4-runtime-4.5.3.jar:/home/runner/.m2/repository/org/awaitility/awaitility/4.2.0/awaitility-4.2.0.jar:/home/runner/.m2/repository/org/hamcrest/hamcrest/2.1/hamcrest-2.1.jar:/home/runner/.m2/repository/org/apache/ozone/ozone-manager/1.4.0-SNAPSHOT/ozone-manager-1.4.0-SNAPSHOT.jar:/home/runner/.m2/repository/org/aspectj/aspectjrt/1.9.7/aspectjrt-1.9.7.jar:/home/runner/.m2/repository/org/aspectj/aspectjweaver/1.9.7/aspectjweaver-1.9.7.jar:/home/runner/.m2/repository/org/apache/ozone/hdds-interface-client/1.4.0-SNAPSHOT/hdds-interface-client-1.4.0-SNAPSHOT.jar:/home/runner/.m2/repository/org/apache/hadoop/thirdparty/hadoop-shaded-protobuf_3_7/1.1.1/hadoop-shaded-protobuf_3_7-1.1.1.jar:/home/runner/.m2/repository/org/apache/ozone/ozone-interface-storage/1.4.0-SNAPSHOT/ozone-interface-storage-1.4.0-SNAPSHOT.jar:/home/runner/.m2/repository/org/reflections/reflections/0.9.11/reflections-0.9.11.jar:/home/runner/.m2/repository/com/sun/jersey/jersey-client/1.19/jersey-client-1.19.jar:/home/runner/.m2/repository/org/codehaus/jackson/jackson-core-asl/1.9.13/jackson-core-asl-1.9.13.jar:/home/runner/.m2/repository/org/codehaus/jackson/jackson-mapper-asl/1.9.13/jackson-mapper-asl-1.9.13.jar:/home/runner/.m2/repository/org/codehaus/jackson/jackson-jaxrs/1.9.13/jackson-jaxrs-1.9.13.jar:/home/runner/.m2/repository/org/apache/ranger/ranger-intg/2.3.0/ranger-intg-2.3.0.jar:/home/runner/.m2/repository/org/apache/ranger/ranger-plugins-common/2.3.0/ranger-plugins-common-2.3.0.jar:/home/runner/.m2/repository/commons-lang/commons-lang/2.6/commons-lang-2.6.jar:/home/runner/.m2/repository/org/apache/ranger/ranger-plugins-cred/2.3.0/ranger-plugins-cred-2.3.0.jar:/home/runner/.m2/repository/org/apache/ranger/ranger-plugins-audit/2.3.0/ranger-plugins-audit-2.3.0.jar:/home/runner/.m2/repository/org/eclipse/jetty/jetty-client/9.4.52.v20230823/jetty-client-9.4.52.v20230823.jar:/home/runner/.m2/repository/org/apache/httpcomponents/httpmime/4.5.6/httpmime-4.5.6.jar:/home/runner/.m2/repository/org/apache/httpcomponents/httpcore-nio/4.4.13/httpcore-nio-4.4.13.jar:/home/runner/.m2/repository/org/apache/httpcomponents/httpasyncclient/4.1.3/httpasyncclient-4.1.3.jar:/home/runner/.m2/repository/com/carrotsearch/hppc/0.8.0/hppc-0.8.0.jar:/home/runner/.m2/repository/org/apache/orc/orc-core/1.5.8/orc-core-1.5.8.jar:/home/runner/.m2/repository/net/java/dev/jna/jna/5.2.0/jna-5.2.0.jar:/home/runner/.m2/repository/net/java/dev/jna/jna-platform/5.2.0/jna-platform-5.2.0.jar:/home/runner/.m2/repository/com/kstruct/gethostname4j/0.0.2/gethostname4j-0.0.2.jar:/home/runner/.m2/repository/org/apache/ranger/ranger-plugin-classloader/2.3.0/ranger-plugin-classloader-2.3.0.jar:/home/runner/.m2/repository/org/apache/ozone/hdds-rocks-native/1.4.0-SNAPSHOT/hdds-rocks-native-1.4.0-SNAPSHOT.jar:/home/runner/.m2/repository/org/apache/hadoop/hadoop-minikdc/3.3.6/hadoop-minikdc-3.3.6.jar:/home/runner/.m2/repository/org/apache/kerby/kerb-simplekdc/1.0.1/kerb-simplekdc-1.0.1.jar:/home/runner/.m2/repository/org/apache/kerby/kerb-client/1.0.1/kerb-client-1.0.1.jar:/home/runner/.m2/repository/org/apache/kerby/kerby-config/1.0.1/kerby-config-1.0.1.jar:/home/runner/.m2/repository/org/apache/kerby/kerb-common/1.0.1/kerb-common-1.0.1.jar:/home/runner/.m2/repository/org/apache/kerby/kerb-crypto/1.0.1/kerb-crypto-1.0.1.jar:/home/runner/.m2/repository/org/apache/kerby/kerb-util/1.0.1/kerb-util-1.0.1.jar:/home/runner/.m2/repository/org/apache/kerby/token-provider/1.0.1/token-provider-1.0.1.jar:/home/runner/.m2/repository/org/apache/kerby/kerb-admin/1.0.1/kerb-admin-1.0.1.jar:/home/runner/.m2/repository/org/apache/kerby/kerb-server/1.0.1/kerb-server-1.0.1.jar:/home/runner/.m2/repository/org/apache/kerby/kerb-identity/1.0.1/kerb-identity-1.0.1.jar:/home/runner/.m2/repository/org/apache/kerby/kerby-xdr/1.0.1/kerby-xdr-1.0.1.jar:/home/runner/.m2/repository/org/apache/ozone/ozone-s3gateway/1.4.0-SNAPSHOT/ozone-s3gateway-1.4.0-SNAPSHOT.jar:/home/runner/.m2/repository/org/javassist/javassist/3.21.0-GA/javassist-3.21.0-GA.jar:/home/runner/.m2/repository/org/jboss/weld/servlet/weld-servlet-shaded/3.1.9.Final/weld-servlet-shaded-3.1.9.Final.jar:/home/runner/.m2/repository/org/glassfish/jersey/containers/jersey-container-servlet-core/2.34/jersey-container-servlet-core-2.34.jar:/home/runner/.m2/repository/org/glassfish/hk2/external/jakarta.inject/2.6.1/jakarta.inject-2.6.1.jar:/home/runner/.m2/repository/org/glassfish/jersey/core/jersey-common/2.34/jersey-common-2.34.jar:/home/runner/.m2/repository/jakarta/ws/rs/jakarta.ws.rs-api/2.1.6/jakarta.ws.rs-api-2.1.6.jar:/home/runner/.m2/repository/org/glassfish/jersey/ext/cdi/jersey-cdi1x/2.34/jersey-cdi1x-2.34.jar:/home/runner/.m2/repository/org/glassfish/jersey/inject/jersey-hk2/2.34/jersey-hk2-2.34.jar:/home/runner/.m2/repository/org/glassfish/hk2/hk2-locator/2.6.1/hk2-locator-2.6.1.jar:/home/runner/.m2/repository/org/glassfish/jersey/media/jersey-media-jaxb/2.34/jersey-media-jaxb-2.34.jar:/home/runner/.m2/repository/org/glassfish/hk2/osgi-resource-locator/1.0.3/osgi-resource-locator-1.0.3.jar:/home/runner/.m2/repository/org/glassfish/hk2/hk2-api/2.5.0/hk2-api-2.5.0.jar:/home/runner/.m2/repository/org/glassfish/hk2/hk2-utils/2.5.0/hk2-utils-2.5.0.jar:/home/runner/.m2/repository/org/glassfish/hk2/external/aopalliance-repackaged/2.5.0/aopalliance-repackaged-2.5.0.jar:/home/runner/.m2/repository/com/fasterxml/jackson/dataformat/jackson-dataformat-xml/2.13.4/jackson-dataformat-xml-2.13.4.jar:/home/runner/.m2/repository/org/codehaus/woodstox/stax2-api/4.2.1/stax2-api-4.2.1.jar:/home/runner/.m2/repository/com/fasterxml/woodstox/woodstox-core/5.4.0/woodstox-core-5.4.0.jar:/home/runner/.m2/repository/com/fasterxml/jackson/module/jackson-module-jaxb-annotations/2.13.4/jackson-module-jaxb-annotations-2.13.4.jar:/home/runner/.m2/repository/jakarta/xml/bind/jakarta.xml.bind-api/2.3.3/jakarta.xml.bind-api-2.3.3.jar:/home/runner/.m2/repository/jakarta/activation/jakarta.activation-api/1.2.2/jakarta.activation-api-1.2.2.jar:/home/runner/.m2/repository/javax/enterprise/cdi-api/2.0/cdi-api-2.0.jar:/home/runner/.m2/repository/javax/el/javax.el-api/3.0.0/javax.el-api-3.0.0.jar:/home/runner/.m2/repository/javax/interceptor/javax.interceptor-api/1.2/javax.interceptor-api-1.2.jar:/home/runner/.m2/repository/javax/inject/javax.inject/1/javax.inject-1.jar:/home/runner/.m2/repository/javax/xml/bind/jaxb-api/2.3.0/jaxb-api-2.3.0.jar:/home/runner/.m2/repository/org/glassfish/jaxb/jaxb-runtime/2.3.0.1/jaxb-runtime-2.3.0.1.jar:/home/runner/.m2/repository/org/glassfish/jaxb/jaxb-core/2.3.0.1/jaxb-core-2.3.0.1.jar:/home/runner/.m2/repository/org/glassfish/jaxb/txw2/2.3.0.1/txw2-2.3.0.1.jar:/home/runner/.m2/repository/com/sun/istack/istack-commons-runtime/3.0.5/istack-commons-runtime-3.0.5.jar:/home/runner/.m2/repository/org/jvnet/staxex/stax-ex/1.7.8/stax-ex-1.7.8.jar:/home/runner/.m2/repository/com/sun/xml/fastinfoset/FastInfoset/1.2.13/FastInfoset-1.2.13.jar:/home/runner/.m2/repository/javax/activation/activation/1.1.1/activation-1.1.1.jar:/home/runner/.m2/repository/io/grpc/grpc-protobuf/1.51.1/grpc-protobuf-1.51.1.jar:/home/runner/.m2/repository/com/google/api/grpc/proto-google-common-protos/2.9.0/proto-google-common-protos-2.9.0.jar:/home/runner/.m2/repository/io/grpc/grpc-protobuf-lite/1.51.1/grpc-protobuf-lite-1.51.1.jar:/home/runner/.m2/repository/io/grpc/grpc-stub/1.51.1/grpc-stub-1.51.1.jar:/home/runner/.m2/repository/io/netty/netty-transport/4.1.94.Final/netty-transport-4.1.94.Final.jar:/home/runner/.m2/repository/io/netty/netty-resolver/4.1.94.Final/netty-resolver-4.1.94.Final.jar:/home/runner/.m2/repository/org/apache/ozone/ozone-csi/1.4.0-SNAPSHOT/ozone-csi-1.4.0-SNAPSHOT.jar:/home/runner/.m2/repository/com/google/protobuf/protobuf-java-util/3.19.6/protobuf-java-util-3.19.6.jar:/home/runner/.m2/repository/com/google/code/gson/gson/2.9.0/gson-2.9.0.jar:/home/runner/.m2/repository/org/apache/ozone/hdds-config/1.4.0-SNAPSHOT/hdds-config-1.4.0-SNAPSHOT.jar:/home/runner/.m2/repository/io/netty/netty-transport-native-epoll/4.1.94.Final/netty-transport-native-epoll-4.1.94.Final-linux-x86_64.jar:/home/runner/.m2/repository/io/netty/netty-transport-classes-epoll/4.1.94.Final/netty-transport-classes-epoll-4.1.94.Final.jar:/home/runner/.m2/repository/io/netty/netty-transport-native-unix-common/4.1.94.Final/netty-transport-native-unix-common-4.1.94.Final.jar:/home/runner/.m2/repository/org/apache/ozone/ozone-recon/1.4.0-SNAPSHOT/ozone-recon-1.4.0-SNAPSHOT.jar:/home/runner/.m2/repository/org/apache/ozone/ozone-reconcodegen/1.4.0-SNAPSHOT/ozone-reconcodegen-1.4.0-SNAPSHOT.jar:/home/runner/.m2/repository/com/google/inject/guice/5.1.0/guice-5.1.0.jar:/home/runner/.m2/repository/aopalliance/aopalliance/1.0/aopalliance-1.0.jar:/home/runner/.m2/repository/com/google/inject/extensions/guice-assistedinject/5.1.0/guice-assistedinject-5.1.0.jar:/home/runner/.m2/repository/com/google/inject/extensions/guice-servlet/5.1.0/guice-servlet-5.1.0.jar:/home/runner/.m2/repository/org/glassfish/jersey/containers/jersey-container-servlet/2.34/jersey-container-servlet-2.34.jar:/home/runner/.m2/repository/org/glassfish/hk2/guice-bridge/2.5.0/guice-bridge-2.5.0.jar:/home/runner/.m2/repository/org/glassfish/jersey/core/jersey-server/2.34/jersey-server-2.34.jar:/home/runner/.m2/repository/org/glassfish/jersey/core/jersey-client/2.34/jersey-client-2.34.jar:/home/runner/.m2/repository/jakarta/annotation/jakarta.annotation-api/1.3.5/jakarta.annotation-api-1.3.5.jar:/home/runner/.m2/repository/jakarta/validation/jakarta.validation-api/2.0.2/jakarta.validation-api-2.0.2.jar:/home/runner/.m2/repository/org/glassfish/jersey/media/jersey-media-json-jackson/2.34/jersey-media-json-jackson-2.34.jar:/home/runner/.m2/repository/org/glassfish/jersey/ext/jersey-entity-filtering/2.34/jersey-entity-filtering-2.34.jar:/home/runner/.m2/repository/org/jooq/jooq/3.11.10/jooq-3.11.10.jar:/home/runner/.m2/repository/org/jooq/jooq-meta/3.11.10/jooq-meta-3.11.10.jar:/home/runner/.m2/repository/org/jooq/jooq-codegen/3.11.10/jooq-codegen-3.11.10.jar:/home/runner/.m2/repository/com/jolbox/bonecp/0.8.0.RELEASE/bonecp-0.8.0.RELEASE.jar:/home/runner/.m2/repository/org/apache/derby/derby/10.14.2.0/derby-10.14.2.0.jar:/home/runner/.m2/repository/org/xerial/sqlite-jdbc/3.41.2.2/sqlite-jdbc-3.41.2.2.jar:/home/runner/.m2/repository/org/springframework/spring-jdbc/5.3.27/spring-jdbc-5.3.27.jar:/home/runner/.m2/repository/org/springframework/spring-beans/5.3.27/spring-beans-5.3.27.jar:/home/runner/.m2/repository/org/springframework/spring-core/5.3.27/spring-core-5.3.27.jar:/home/runner/.m2/repository/org/springframework/spring-tx/5.3.27/spring-tx-5.3.27.jar:/home/runner/.m2/repository/org/apache/ozone/ozone-client/1.4.0-SNAPSHOT/ozone-client-1.4.0-SNAPSHOT.jar:/home/runner/.m2/repository/org/apache/ozone/hdds-erasurecode/1.4.0-SNAPSHOT/hdds-erasurecode-1.4.0-SNAPSHOT.jar:/home/runner/.m2/repository/org/apache/ozone/ozone-filesystem/1.4.0-SNAPSHOT/ozone-filesystem-1.4.0-SNAPSHOT.jar:/home/runner/.m2/repository/org/apache/ozone/ozone-filesystem-common/1.4.0-SNAPSHOT/ozone-filesystem-common-1.4.0-SNAPSHOT.jar:/home/runner/.m2/repository/org/apache/ozone/ozone-tools/1.4.0-SNAPSHOT/ozone-tools-1.4.0-SNAPSHOT.jar:/home/runner/.m2/repository/com/amazonaws/aws-java-sdk-core/1.12.261/aws-java-sdk-core-1.12.261.jar:/home/runner/.m2/repository/org/apache/httpcomponents/httpclient/4.5.13/httpclient-4.5.13.jar:/home/runner/.m2/repository/org/apache/httpcomponents/httpcore/4.4.13/httpcore-4.4.13.jar:/home/runner/.m2/repository/software/amazon/ion/ion-java/1.0.2/ion-java-1.0.2.jar:/home/runner/.m2/repository/com/fasterxml/jackson/dataformat/jackson-dataformat-cbor/2.13.4/jackson-dataformat-cbor-2.13.4.jar:/home/runner/.m2/repository/joda-time/joda-time/2.10.6/joda-time-2.10.6.jar:/home/runner/.m2/repository/com/amazonaws/aws-java-sdk-s3/1.12.261/aws-java-sdk-s3-1.12.261.jar:/home/runner/.m2/repository/com/amazonaws/aws-java-sdk-kms/1.12.261/aws-java-sdk-kms-1.12.261.jar:/home/runner/.m2/repository/com/amazonaws/jmespath-java/1.12.261/jmespath-java-1.12.261.jar:/home/runner/.m2/repository/org/kohsuke/metainf-services/metainf-services/1.8/metainf-services-1.8.jar:/home/runner/.m2/repository/org/apache/ozone/hdds-tools/1.4.0-SNAPSHOT/hdds-tools-1.4.0-SNAPSHOT.jar:/home/runner/.m2/repository/org/apache/ratis/ratis-tools/2.5.1/ratis-tools-2.5.1.jar:/home/runner/.m2/repository/commons-cli/commons-cli/1.2/commons-cli-1.2.jar:/home/runner/.m2/repository/org/apache/commons/commons-lang3/3.7/commons-lang3-3.7.jar:/home/runner/.m2/repository/org/apache/ozone/ozone-manager/1.4.0-SNAPSHOT/ozone-manager-1.4.0-SNAPSHOT-tests.jar:/home/runner/.m2/repository/org/apache/ozone/hdds-common/1.4.0-SNAPSHOT/hdds-common-1.4.0-SNAPSHOT-tests.jar:/home/runner/.m2/repository/org/apache/ozone/hdds-hadoop-dependency-client/1.4.0-SNAPSHOT/hdds-hadoop-dependency-client-1.4.0-SNAPSHOT.jar:/home/runner/.m2/repository/info/picocli/picocli/4.6.1/picocli-4.6.1.jar:/home/runner/.m2/repository/com/fasterxml/jackson/core/jackson-annotations/2.13.4/jackson-annotations-2.13.4.jar:/home/runner/.m2/repository/org/apache/ozone/hdds-annotation-processing/1.4.0-SNAPSHOT/hdds-annotation-processing-1.4.0-SNAPSHOT.jar:/home/runner/.m2/repository/javax/annotation/javax.annotation-api/1.2/javax.annotation-api-1.2.jar:/home/runner/.m2/repository/org/apache/ratis/ratis-netty/2.5.1/ratis-netty-2.5.1.jar:/home/runner/.m2/repository/org/apache/ratis/ratis-grpc/2.5.1/ratis-grpc-2.5.1.jar:/home/runner/.m2/repository/org/apache/commons/commons-pool2/2.6.0/commons-pool2-2.6.0.jar:/home/runner/.m2/repository/org/bouncycastle/bcpkix-jdk15on/1.67/bcpkix-jdk15on-1.67.jar:/home/runner/.m2/repository/commons-validator/commons-validator/1.6/commons-validator-1.6.jar:/home/runner/.m2/repository/commons-beanutils/commons-beanutils/1.9.4/commons-beanutils-1.9.4.jar:/home/runner/.m2/repository/commons-digester/commons-digester/1.8.1/commons-digester-1.8.1.jar:/home/runner/.m2/repository/commons-collections/commons-collections/3.2.2/commons-collections-3.2.2.jar:/home/runner/.m2/repository/io/jaegertracing/jaeger-client/1.6.0/jaeger-client-1.6.0.jar:/home/runner/.m2/repository/io/jaegertracing/jaeger-thrift/1.6.0/jaeger-thrift-1.6.0.jar:/home/runner/.m2/repository/org/apache/thrift/libthrift/0.14.1/libthrift-0.14.1.jar:/home/runner/.m2/repository/io/jaegertracing/jaeger-core/1.6.0/jaeger-core-1.6.0.jar:/home/runner/.m2/repository/io/jaegertracing/jaeger-tracerresolver/1.6.0/jaeger-tracerresolver-1.6.0.jar:/home/runner/.m2/repository/io/opentracing/contrib/opentracing-tracerresolver/0.1.8/opentracing-tracerresolver-0.1.8.jar:/home/runner/.m2/repository/org/jetbrains/kotlin/kotlin-stdlib/1.6.21/kotlin-stdlib-1.6.21.jar:/home/runner/.m2/repository/org/jetbrains/annotations/13.0/annotations-13.0.jar:/home/runner/.m2/repository/io/opentracing/opentracing-util/0.33.0/opentracing-util-0.33.0.jar:/home/runner/.m2/repository/io/opentracing/opentracing-api/0.33.0/opentracing-api-0.33.0.jar:/home/runner/.m2/repository/io/opentracing/opentracing-noop/0.33.0/opentracing-noop-0.33.0.jar:/home/runner/.m2/repository/org/yaml/snakeyaml/2.0/snakeyaml-2.0.jar:/home/runner/.m2/repository/io/grpc/grpc-api/1.51.1/grpc-api-1.51.1.jar:/home/runner/.m2/repository/io/grpc/grpc-context/1.51.1/grpc-context-1.51.1.jar:/home/runner/.m2/repository/junit/junit/4.13.1/junit-4.13.1.jar:/home/runner/.m2/repository/org/hamcrest/hamcrest-core/1.3/hamcrest-core-1.3.jar:/home/runner/.m2/repository/org/junit/jupiter/junit-jupiter-api/5.8.2/junit-jupiter-api-5.8.2.jar:/home/runner/.m2/repository/org/opentest4j/opentest4j/1.2.0/opentest4j-1.2.0.jar:/home/runner/.m2/repository/org/junit/platform/junit-platform-commons/1.8.2/junit-platform-commons-1.8.2.jar:/home/runner/.m2/repository/org/apiguardian/apiguardian-api/1.1.2/apiguardian-api-1.1.2.jar:/home/runner/.m2/repository/org/junit/jupiter/junit-jupiter-params/5.8.2/junit-jupiter-params-5.8.2.jar:/home/runner/.m2/repository/org/junit/jupiter/junit-jupiter-migrationsupport/5.8.2/junit-jupiter-migrationsupport-5.8.2.jar:/home/runner/.m2/repository/org/junit/jupiter/junit-jupiter-engine/5.8.2/junit-jupiter-engine-5.8.2.jar:/home/runner/.m2/repository/org/junit/platform/junit-platform-engine/1.8.2/junit-platform-engine-1.8.2.jar:/home/runner/.m2/repository/org/junit/vintage/junit-vintage-engine/5.8.2/junit-vintage-engine-5.8.2.jar:/home/runner/.m2/repository/org/junit/platform/junit-platform-launcher/1.8.2/junit-platform-launcher-1.8.2.jar:/home/runner/.m2/repository/org/mockito/mockito-core/3.5.9/mockito-core-3.5.9.jar:/home/runner/.m2/repository/net/bytebuddy/byte-buddy/1.10.13/byte-buddy-1.10.13.jar:/home/runner/.m2/repository/net/bytebuddy/byte-buddy-agent/1.10.13/byte-buddy-agent-1.10.13.jar:/home/runner/.m2/repository/org/objenesis/objenesis/1.0/objenesis-1.0.jar:/home/runner/.m2/repository/org/apache/hadoop/hadoop-kms/3.3.6/hadoop-kms-3.3.6.jar:/home/runner/.m2/repository/org/apache/hadoop/hadoop-auth/3.3.6/hadoop-auth-3.3.6.jar:/home/runner/.m2/repository/com/nimbusds/nimbus-jose-jwt/9.8.1/nimbus-jose-jwt-9.8.1.jar:/home/runner/.m2/repository/com/github/stephenc/jcip/jcip-annotations/1.0-1/jcip-annotations-1.0-1.jar:/home/runner/.m2/repository/org/apache/zookeeper/zookeeper/3.5.6/zookeeper-3.5.6.jar:/home/runner/.m2/repository/org/apache/zookeeper/zookeeper-jute/3.5.6/zookeeper-jute-3.5.6.jar:/home/runner/.m2/repository/org/apache/yetus/audience-annotations/0.5.0/audience-annotations-0.5.0.jar:/home/runner/.m2/repository/org/apache/curator/curator-framework/4.2.0/curator-framework-4.2.0.jar:/home/runner/.m2/repository/org/apache/hadoop/thirdparty/hadoop-shaded-guava/1.1.1/hadoop-shaded-guava-1.1.1.jar:/home/runner/.m2/repository/com/sun/jersey/jersey-core/1.19/jersey-core-1.19.jar:/home/runner/.m2/repository/javax/ws/rs/jsr311-api/1.1.1/jsr311-api-1.1.1.jar:/home/runner/.m2/repository/com/sun/jersey/jersey-server/1.19/jersey-server-1.19.jar:/home/runner/.m2/repository/javax/servlet/javax.servlet-api/3.1.0/javax.servlet-api-3.1.0.jar:/home/runner/.m2/repository/org/apache/hadoop/hadoop-common/3.3.6/hadoop-common-3.3.6.jar:/home/runner/.m2/repository/org/apache/commons/commons-math3/3.1.1/commons-math3-3.1.1.jar:/home/runner/.m2/repository/commons-net/commons-net/3.9.0/commons-net-3.9.0.jar:/home/runner/.m2/repository/com/sun/jersey/jersey-servlet/1.19/jersey-servlet-1.19.jar:/home/runner/.m2/repository/com/github/pjfanning/jersey-json/1.20/jersey-json-1.20.jar:/home/runner/.m2/repository/org/codehaus/jettison/jettison/1.1/jettison-1.1.jar:/home/runner/.m2/repository/com/sun/xml/bind/jaxb-impl/2.2.3-1/jaxb-impl-2.2.3-1.jar:/home/runner/.m2/repository/com/google/re2j/re2j/1.1/re2j-1.1.jar:/home/runner/.m2/repository/com/jcraft/jsch/0.1.54/jsch-0.1.54.jar:/home/runner/.m2/repository/org/apache/curator/curator-client/4.2.0/curator-client-4.2.0.jar:/home/runner/.m2/repository/org/apache/curator/curator-recipes/5.2.0/curator-recipes-5.2.0.jar:/home/runner/.m2/repository/org/apache/kerby/kerb-core/1.0.1/kerb-core-1.0.1.jar:/home/runner/.m2/repository/org/apache/kerby/kerby-pkix/1.0.1/kerby-pkix-1.0.1.jar:/home/runner/.m2/repository/org/apache/kerby/kerby-asn1/1.0.1/kerby-asn1-1.0.1.jar:/home/runner/.m2/repository/org/apache/kerby/kerby-util/1.0.1/kerby-util-1.0.1.jar:/home/runner/.m2/repository/dnsjava/dnsjava/2.1.7/dnsjava-2.1.7.jar:/home/runner/.m2/repository/org/xerial/snappy/snappy-java/1.1.8.2/snappy-java-1.1.8.2.jar:/home/runner/.m2/repository/com/fasterxml/jackson/core/jackson-databind/2.13.4.2/jackson-databind-2.13.4.2.jar:/home/runner/.m2/repository/org/apache/hadoop/hadoop-kms/3.3.6/hadoop-kms-3.3.6-tests.jar:/home/runner/.m2/repository/org/apache/ozone/hdds-server-scm/1.4.0-SNAPSHOT/hdds-server-scm-1.4.0-SNAPSHOT-tests.jar:/home/runner/.m2/repository/org/apache/ozone/hdds-container-service/1.4.0-SNAPSHOT/hdds-container-service-1.4.0-SNAPSHOT-tests.jar:/home/runner/.m2/repository/com/github/luben/zstd-jni/1.5.2-5/zstd-jni-1.5.2-5.jar:/home/runner/.m2/repository/commons-codec/commons-codec/1.15/commons-codec-1.15.jar:/home/runner/.m2/repository/io/netty/netty-codec/4.1.94.Final/netty-codec-4.1.94.Final.jar:/home/runner/.m2/repository/io/netty/netty-handler/4.1.94.Final/netty-handler-4.1.94.Final.jar:/home/runner/.m2/repository/org/apache/ozone/hdds-hadoop-dependency-test/1.4.0-SNAPSHOT/hdds-hadoop-dependency-test-1.4.0-SNAPSHOT.jar:/home/runner/.m2/repository/org/apache/hadoop/hadoop-common/3.3.6/hadoop-common-3.3.6-tests.jar:/home/runner/.m2/repository/org/apache/hadoop/hadoop-hdfs/3.3.6/hadoop-hdfs-3.3.6-tests.jar:/home/runner/.m2/repository/org/assertj/assertj-core/3.12.2/assertj-core-3.12.2.jar:/home/runner/.m2/repository/org/apache/hadoop/hadoop-distcp/3.3.6/hadoop-distcp-3.3.6.jar:/home/runner/.m2/repository/org/apache/hadoop/hadoop-mapreduce-client-jobclient/3.3.6/hadoop-mapreduce-client-jobclient-3.3.6.jar:/home/runner/.m2/repository/org/apache/hadoop/hadoop-mapreduce-client-common/3.3.6/hadoop-mapreduce-client-common-3.3.6.jar:/home/runner/.m2/repository/org/apache/hadoop/hadoop-yarn-common/3.3.6/hadoop-yarn-common-3.3.6.jar:/home/runner/.m2/repository/org/apache/hadoop/hadoop-yarn-api/3.3.6/hadoop-yarn-api-3.3.6.jar:/home/runner/.m2/repository/com/sun/jersey/contribs/jersey-guice/1.19/jersey-guice-1.19.jar:/home/runner/.m2/repository/com/fasterxml/jackson/jaxrs/jackson-jaxrs-json-provider/2.13.4/jackson-jaxrs-json-provider-2.13.4.jar:/home/runner/.m2/repository/com/fasterxml/jackson/jaxrs/jackson-jaxrs-base/2.13.4/jackson-jaxrs-base-2.13.4.jar:/home/runner/.m2/repository/org/apache/hadoop/hadoop-yarn-client/3.3.6/hadoop-yarn-client-3.3.6.jar:/home/runner/.m2/repository/org/eclipse/jetty/websocket/websocket-client/9.4.51.v20230217/websocket-client-9.4.51.v20230217.jar:/home/runner/.m2/repository/org/eclipse/jetty/websocket/websocket-common/9.4.51.v20230217/websocket-common-9.4.51.v20230217.jar:/home/runner/.m2/repository/org/eclipse/jetty/websocket/websocket-api/9.4.51.v20230217/websocket-api-9.4.51.v20230217.jar:/home/runner/.m2/repository/org/jline/jline/3.9.0/jline-3.9.0.jar:/home/runner/.m2/repository/org/apache/hadoop/hadoop-mapreduce-client-core/3.3.6/hadoop-mapreduce-client-core-3.3.6.jar:/home/runner/.m2/repository/org/apache/avro/avro/1.7.7/avro-1.7.7.jar:/home/runner/.m2/repository/com/thoughtworks/paranamer/paranamer/2.3/paranamer-2.3.jar:/home/runner/.m2/repository/org/apache/hadoop/hadoop-annotations/3.3.6/hadoop-annotations-3.3.6.jar:/usr/lib/jvm/temurin-8-jdk-amd64/jre/../lib/tools.jar:/home/runner/.m2/repository/io/netty/netty/3.10.6.Final/netty-3.10.6.Final.jar:/home/runner/.m2/repository/org/apache/hadoop/hadoop-distcp/3.3.6/hadoop-distcp-3.3.6-tests.jar:/home/runner/.m2/repository/org/slf4j/jul-to-slf4j/1.7.36/jul-to-slf4j-1.7.36.jar:"/>
    <property name="java.vm.vendor" value="Temurin"/>
    <property name="sun.arch.data.model" value="64"/>
    <property name="test.build.dir" value="/home/runner/work/ozone/ozone/hadoop-ozone/integration-test/target/test-dir"/>
    <property name="test.cache.data" value=""/>
    <property name="java.vendor.url" value="https://adoptium.net/"/>
    <property name="user.timezone" value="Etc/UTC"/>
    <property name="java.vm.specification.version" value="1.8"/>
    <property name="os.name" value="Linux"/>
    <property name="test.build.data" value="/home/runner/work/ozone/ozone/hadoop-ozone/integration-test/target/test-dir"/>
    <property name="sun.java.launcher" value="SUN_STANDARD"/>
    <property name="sun.boot.library.path" value="/usr/lib/jvm/temurin-8-jdk-amd64/jre/lib/amd64"/>
    <property name="sun.java.command" value="/home/runner/work/ozone/ozone/hadoop-ozone/integration-test/target/surefire/surefirebooter5949530809789574977.jar /home/runner/work/ozone/ozone/hadoop-ozone/integration-test/target/surefire 2023-09-28T12-52-44_451-jvmRun1 surefire4861321261728547390tmp surefire_4251890916016446158tmp"/>
    <property name="native.lib.tmp.dir" value="/tmp"/>
    <property name="surefire.test.class.path" value="/home/runner/work/ozone/ozone/hadoop-ozone/integration-test/target/test-classes:/home/runner/work/ozone/ozone/hadoop-ozone/integration-test/target/classes:/home/runner/.m2/repository/org/apache/ozone/ozone-common/1.4.0-SNAPSHOT/ozone-common-1.4.0-SNAPSHOT.jar:/home/runner/.m2/repository/io/grpc/grpc-netty/1.51.1/grpc-netty-1.51.1.jar:/home/runner/.m2/repository/io/grpc/grpc-core/1.51.1/grpc-core-1.51.1.jar:/home/runner/.m2/repository/com/google/android/annotations/4.1.1.4/annotations-4.1.1.4.jar:/home/runner/.m2/repository/org/codehaus/mojo/animal-sniffer-annotations/1.21/animal-sniffer-annotations-1.21.jar:/home/runner/.m2/repository/com/google/errorprone/error_prone_annotations/2.2.0/error_prone_annotations-2.2.0.jar:/home/runner/.m2/repository/io/perfmark/perfmark-api/0.25.0/perfmark-api-0.25.0.jar:/home/runner/.m2/repository/io/netty/netty-codec-http2/4.1.94.Final/netty-codec-http2-4.1.94.Final.jar:/home/runner/.m2/repository/io/netty/netty-common/4.1.94.Final/netty-common-4.1.94.Final.jar:/home/runner/.m2/repository/io/netty/netty-buffer/4.1.94.Final/netty-buffer-4.1.94.Final.jar:/home/runner/.m2/repository/io/netty/netty-codec-http/4.1.94.Final/netty-codec-http-4.1.94.Final.jar:/home/runner/.m2/repository/io/netty/netty-handler-proxy/4.1.94.Final/netty-handler-proxy-4.1.94.Final.jar:/home/runner/.m2/repository/io/netty/netty-codec-socks/4.1.94.Final/netty-codec-socks-4.1.94.Final.jar:/home/runner/.m2/repository/io/netty/netty-tcnative-boringssl-static/2.0.61.Final/netty-tcnative-boringssl-static-2.0.61.Final.jar:/home/runner/.m2/repository/io/netty/netty-tcnative-classes/2.0.61.Final/netty-tcnative-classes-2.0.61.Final.jar:/home/runner/.m2/repository/io/netty/netty-tcnative-boringssl-static/2.0.61.Final/netty-tcnative-boringssl-static-2.0.61.Final-linux-x86_64.jar:/home/runner/.m2/repository/io/netty/netty-tcnative-boringssl-static/2.0.61.Final/netty-tcnative-boringssl-static-2.0.61.Final-linux-aarch_64.jar:/home/runner/.m2/repository/io/netty/netty-tcnative-boringssl-static/2.0.61.Final/netty-tcnative-boringssl-static-2.0.61.Final-osx-x86_64.jar:/home/runner/.m2/repository/io/netty/netty-tcnative-boringssl-static/2.0.61.Final/netty-tcnative-boringssl-static-2.0.61.Final-osx-aarch_64.jar:/home/runner/.m2/repository/io/netty/netty-tcnative-boringssl-static/2.0.61.Final/netty-tcnative-boringssl-static-2.0.61.Final-windows-x86_64.jar:/home/runner/.m2/repository/org/apache/commons/commons-compress/1.21/commons-compress-1.21.jar:/home/runner/.m2/repository/org/apache/ozone/hdds-common/1.4.0-SNAPSHOT/hdds-common-1.4.0-SNAPSHOT.jar:/home/runner/.m2/repository/org/apache/ozone/hdds-client/1.4.0-SNAPSHOT/hdds-client-1.4.0-SNAPSHOT.jar:/home/runner/.m2/repository/org/apache/ozone/ozone-interface-client/1.4.0-SNAPSHOT/ozone-interface-client-1.4.0-SNAPSHOT.jar:/home/runner/.m2/repository/org/apache/hadoop/hadoop-hdfs-client/3.3.6/hadoop-hdfs-client-3.3.6.jar:/home/runner/.m2/repository/com/squareup/okhttp3/okhttp/4.9.3/okhttp-4.9.3.jar:/home/runner/.m2/repository/com/squareup/okio/okio/3.4.0/okio-3.4.0.jar:/home/runner/.m2/repository/com/squareup/okio/okio-jvm/3.4.0/okio-jvm-3.4.0.jar:/home/runner/.m2/repository/org/jetbrains/kotlin/kotlin-stdlib-jdk8/1.8.0/kotlin-stdlib-jdk8-1.8.0.jar:/home/runner/.m2/repository/org/jetbrains/kotlin/kotlin-stdlib-jdk7/1.8.0/kotlin-stdlib-jdk7-1.8.0.jar:/home/runner/.m2/repository/org/jetbrains/kotlin/kotlin-stdlib-common/1.6.21/kotlin-stdlib-common-1.6.21.jar:/home/runner/.m2/repository/org/apache/ozone/hdds-test-utils/1.4.0-SNAPSHOT/hdds-test-utils-1.4.0-SNAPSHOT.jar:/home/runner/.m2/repository/com/google/guava/guava/32.0.0-jre/guava-32.0.0-jre.jar:/home/runner/.m2/repository/com/google/guava/failureaccess/1.0.1/failureaccess-1.0.1.jar:/home/runner/.m2/repository/com/google/guava/listenablefuture/9999.0-empty-to-avoid-conflict-with-guava/listenablefuture-9999.0-empty-to-avoid-conflict-with-guava.jar:/home/runner/.m2/repository/com/google/code/findbugs/jsr305/3.0.0/jsr305-3.0.0.jar:/home/runner/.m2/repository/org/checkerframework/checker-qual/3.33.0/checker-qual-3.33.0.jar:/home/runner/.m2/repository/com/google/j2objc/j2objc-annotations/2.8/j2objc-annotations-2.8.jar:/home/runner/.m2/repository/commons-io/commons-io/2.11.0/commons-io-2.11.0.jar:/home/runner/.m2/repository/commons-logging/commons-logging/1.2/commons-logging-1.2.jar:/home/runner/.m2/repository/ch/qos/reload4j/reload4j/1.2.22/reload4j-1.2.22.jar:/home/runner/.m2/repository/org/slf4j/slf4j-api/1.7.36/slf4j-api-1.7.36.jar:/home/runner/.m2/repository/org/apache/logging/log4j/log4j-api/2.17.1/log4j-api-2.17.1.jar:/home/runner/.m2/repository/org/apache/ozone/hdds-server-scm/1.4.0-SNAPSHOT/hdds-server-scm-1.4.0-SNAPSHOT.jar:/home/runner/.m2/repository/org/apache/ozone/hdds-container-service/1.4.0-SNAPSHOT/hdds-container-service-1.4.0-SNAPSHOT.jar:/home/runner/.m2/repository/org/apache/ozone/hdds-hadoop-dependency-server/1.4.0-SNAPSHOT/hdds-hadoop-dependency-server-1.4.0-SNAPSHOT.jar:/home/runner/.m2/repository/org/apache/hadoop/hadoop-hdfs/3.3.6/hadoop-hdfs-3.3.6.jar:/home/runner/.m2/repository/commons-daemon/commons-daemon/1.0.13/commons-daemon-1.0.13.jar:/home/runner/.m2/repository/org/apache/ozone/hdds-server-framework/1.4.0-SNAPSHOT/hdds-server-framework-1.4.0-SNAPSHOT.jar:/home/runner/.m2/repository/io/dropwizard/metrics/metrics-core/3.2.4/metrics-core-3.2.4.jar:/home/runner/.m2/repository/org/apache/commons/commons-text/1.10.0/commons-text-1.10.0.jar:/home/runner/.m2/repository/org/bouncycastle/bcprov-jdk15on/1.67/bcprov-jdk15on-1.67.jar:/home/runner/.m2/repository/com/google/protobuf/protobuf-java/2.5.0/protobuf-java-2.5.0.jar:/home/runner/.m2/repository/org/apache/ozone/hdds-server-framework/1.4.0-SNAPSHOT/hdds-server-framework-1.4.0-SNAPSHOT-tests.jar:/home/runner/.m2/repository/org/apache/ozone/hdds-interface-server/1.4.0-SNAPSHOT/hdds-interface-server-1.4.0-SNAPSHOT.jar:/home/runner/.m2/repository/org/apache/ozone/hdds-interface-admin/1.4.0-SNAPSHOT/hdds-interface-admin-1.4.0-SNAPSHOT.jar:/home/runner/.m2/repository/org/apache/ozone/hdds-managed-rocksdb/1.4.0-SNAPSHOT/hdds-managed-rocksdb-1.4.0-SNAPSHOT.jar:/home/runner/.m2/repository/org/rocksdb/rocksdbjni/7.7.3/rocksdbjni-7.7.3.jar:/home/runner/.m2/repository/org/slf4j/slf4j-reload4j/1.7.36/slf4j-reload4j-1.7.36.jar:/home/runner/.m2/repository/org/apache/commons/commons-configuration2/2.1.1/commons-configuration2-2.1.1.jar:/home/runner/.m2/repository/commons-fileupload/commons-fileupload/1.5/commons-fileupload-1.5.jar:/home/runner/.m2/repository/org/apache/logging/log4j/log4j-core/2.17.1/log4j-core-2.17.1.jar:/home/runner/.m2/repository/com/lmax/disruptor/3.4.2/disruptor-3.4.2.jar:/home/runner/.m2/repository/org/eclipse/jetty/jetty-util/9.4.52.v20230823/jetty-util-9.4.52.v20230823.jar:/home/runner/.m2/repository/org/eclipse/jetty/jetty-server/9.4.52.v20230823/jetty-server-9.4.52.v20230823.jar:/home/runner/.m2/repository/org/eclipse/jetty/jetty-http/9.4.52.v20230823/jetty-http-9.4.52.v20230823.jar:/home/runner/.m2/repository/org/eclipse/jetty/jetty-io/9.4.52.v20230823/jetty-io-9.4.52.v20230823.jar:/home/runner/.m2/repository/org/eclipse/jetty/jetty-servlet/9.4.52.v20230823/jetty-servlet-9.4.52.v20230823.jar:/home/runner/.m2/repository/org/eclipse/jetty/jetty-security/9.4.52.v20230823/jetty-security-9.4.52.v20230823.jar:/home/runner/.m2/repository/org/eclipse/jetty/jetty-util-ajax/9.4.52.v20230823/jetty-util-ajax-9.4.52.v20230823.jar:/home/runner/.m2/repository/org/eclipse/jetty/jetty-webapp/9.4.52.v20230823/jetty-webapp-9.4.52.v20230823.jar:/home/runner/.m2/repository/org/eclipse/jetty/jetty-xml/9.4.52.v20230823/jetty-xml-9.4.52.v20230823.jar:/home/runner/.m2/repository/org/apache/ratis/ratis-server/2.5.1/ratis-server-2.5.1.jar:/home/runner/.m2/repository/org/apache/ratis/ratis-thirdparty-misc/1.0.4/ratis-thirdparty-misc-1.0.4.jar:/home/runner/.m2/repository/org/apache/ratis/ratis-proto/2.5.1/ratis-proto-2.5.1.jar:/home/runner/.m2/repository/org/apache/ratis/ratis-common/2.5.1/ratis-common-2.5.1.jar:/home/runner/.m2/repository/org/apache/ratis/ratis-client/2.5.1/ratis-client-2.5.1.jar:/home/runner/.m2/repository/org/apache/ratis/ratis-server-api/2.5.1/ratis-server-api-2.5.1.jar:/home/runner/.m2/repository/org/apache/ratis/ratis-metrics/2.5.1/ratis-metrics-2.5.1.jar:/home/runner/.m2/repository/io/prometheus/simpleclient_dropwizard/0.7.0/simpleclient_dropwizard-0.7.0.jar:/home/runner/.m2/repository/io/prometheus/simpleclient/0.7.0/simpleclient-0.7.0.jar:/home/runner/.m2/repository/io/prometheus/simpleclient_common/0.7.0/simpleclient_common-0.7.0.jar:/home/runner/.m2/repository/com/fasterxml/jackson/datatype/jackson-datatype-jsr310/2.13.4/jackson-datatype-jsr310-2.13.4.jar:/home/runner/.m2/repository/com/fasterxml/jackson/core/jackson-core/2.13.4/jackson-core-2.13.4.jar:/home/runner/.m2/repository/com/github/spotbugs/spotbugs-annotations/3.1.12/spotbugs-annotations-3.1.12.jar:/home/runner/.m2/repository/org/apache/ozone/rocksdb-checkpoint-differ/1.4.0-SNAPSHOT/rocksdb-checkpoint-differ-1.4.0-SNAPSHOT.jar:/home/runner/.m2/repository/org/jgrapht/jgrapht-core/1.0.1/jgrapht-core-1.0.1.jar:/home/runner/.m2/repository/org/jgrapht/jgrapht-ext/1.0.1/jgrapht-ext-1.0.1.jar:/home/runner/.m2/repository/org/tinyjee/jgraphx/jgraphx/2.0.0.1/jgraphx-2.0.0.1.jar:/home/runner/.m2/repository/jgraph/jgraph/5.13.0.0/jgraph-5.13.0.0.jar:/home/runner/.m2/repository/org/antlr/antlr4-runtime/4.5.3/antlr4-runtime-4.5.3.jar:/home/runner/.m2/repository/org/awaitility/awaitility/4.2.0/awaitility-4.2.0.jar:/home/runner/.m2/repository/org/hamcrest/hamcrest/2.1/hamcrest-2.1.jar:/home/runner/.m2/repository/org/apache/ozone/ozone-manager/1.4.0-SNAPSHOT/ozone-manager-1.4.0-SNAPSHOT.jar:/home/runner/.m2/repository/org/aspectj/aspectjrt/1.9.7/aspectjrt-1.9.7.jar:/home/runner/.m2/repository/org/aspectj/aspectjweaver/1.9.7/aspectjweaver-1.9.7.jar:/home/runner/.m2/repository/org/apache/ozone/hdds-interface-client/1.4.0-SNAPSHOT/hdds-interface-client-1.4.0-SNAPSHOT.jar:/home/runner/.m2/repository/org/apache/hadoop/thirdparty/hadoop-shaded-protobuf_3_7/1.1.1/hadoop-shaded-protobuf_3_7-1.1.1.jar:/home/runner/.m2/repository/org/apache/ozone/ozone-interface-storage/1.4.0-SNAPSHOT/ozone-interface-storage-1.4.0-SNAPSHOT.jar:/home/runner/.m2/repository/org/reflections/reflections/0.9.11/reflections-0.9.11.jar:/home/runner/.m2/repository/com/sun/jersey/jersey-client/1.19/jersey-client-1.19.jar:/home/runner/.m2/repository/org/codehaus/jackson/jackson-core-asl/1.9.13/jackson-core-asl-1.9.13.jar:/home/runner/.m2/repository/org/codehaus/jackson/jackson-mapper-asl/1.9.13/jackson-mapper-asl-1.9.13.jar:/home/runner/.m2/repository/org/codehaus/jackson/jackson-jaxrs/1.9.13/jackson-jaxrs-1.9.13.jar:/home/runner/.m2/repository/org/apache/ranger/ranger-intg/2.3.0/ranger-intg-2.3.0.jar:/home/runner/.m2/repository/org/apache/ranger/ranger-plugins-common/2.3.0/ranger-plugins-common-2.3.0.jar:/home/runner/.m2/repository/commons-lang/commons-lang/2.6/commons-lang-2.6.jar:/home/runner/.m2/repository/org/apache/ranger/ranger-plugins-cred/2.3.0/ranger-plugins-cred-2.3.0.jar:/home/runner/.m2/repository/org/apache/ranger/ranger-plugins-audit/2.3.0/ranger-plugins-audit-2.3.0.jar:/home/runner/.m2/repository/org/eclipse/jetty/jetty-client/9.4.52.v20230823/jetty-client-9.4.52.v20230823.jar:/home/runner/.m2/repository/org/apache/httpcomponents/httpmime/4.5.6/httpmime-4.5.6.jar:/home/runner/.m2/repository/org/apache/httpcomponents/httpcore-nio/4.4.13/httpcore-nio-4.4.13.jar:/home/runner/.m2/repository/org/apache/httpcomponents/httpasyncclient/4.1.3/httpasyncclient-4.1.3.jar:/home/runner/.m2/repository/com/carrotsearch/hppc/0.8.0/hppc-0.8.0.jar:/home/runner/.m2/repository/org/apache/orc/orc-core/1.5.8/orc-core-1.5.8.jar:/home/runner/.m2/repository/net/java/dev/jna/jna/5.2.0/jna-5.2.0.jar:/home/runner/.m2/repository/net/java/dev/jna/jna-platform/5.2.0/jna-platform-5.2.0.jar:/home/runner/.m2/repository/com/kstruct/gethostname4j/0.0.2/gethostname4j-0.0.2.jar:/home/runner/.m2/repository/org/apache/ranger/ranger-plugin-classloader/2.3.0/ranger-plugin-classloader-2.3.0.jar:/home/runner/.m2/repository/org/apache/ozone/hdds-rocks-native/1.4.0-SNAPSHOT/hdds-rocks-native-1.4.0-SNAPSHOT.jar:/home/runner/.m2/repository/org/apache/hadoop/hadoop-minikdc/3.3.6/hadoop-minikdc-3.3.6.jar:/home/runner/.m2/repository/org/apache/kerby/kerb-simplekdc/1.0.1/kerb-simplekdc-1.0.1.jar:/home/runner/.m2/repository/org/apache/kerby/kerb-client/1.0.1/kerb-client-1.0.1.jar:/home/runner/.m2/repository/org/apache/kerby/kerby-config/1.0.1/kerby-config-1.0.1.jar:/home/runner/.m2/repository/org/apache/kerby/kerb-common/1.0.1/kerb-common-1.0.1.jar:/home/runner/.m2/repository/org/apache/kerby/kerb-crypto/1.0.1/kerb-crypto-1.0.1.jar:/home/runner/.m2/repository/org/apache/kerby/kerb-util/1.0.1/kerb-util-1.0.1.jar:/home/runner/.m2/repository/org/apache/kerby/token-provider/1.0.1/token-provider-1.0.1.jar:/home/runner/.m2/repository/org/apache/kerby/kerb-admin/1.0.1/kerb-admin-1.0.1.jar:/home/runner/.m2/repository/org/apache/kerby/kerb-server/1.0.1/kerb-server-1.0.1.jar:/home/runner/.m2/repository/org/apache/kerby/kerb-identity/1.0.1/kerb-identity-1.0.1.jar:/home/runner/.m2/repository/org/apache/kerby/kerby-xdr/1.0.1/kerby-xdr-1.0.1.jar:/home/runner/.m2/repository/org/apache/ozone/ozone-s3gateway/1.4.0-SNAPSHOT/ozone-s3gateway-1.4.0-SNAPSHOT.jar:/home/runner/.m2/repository/org/javassist/javassist/3.21.0-GA/javassist-3.21.0-GA.jar:/home/runner/.m2/repository/org/jboss/weld/servlet/weld-servlet-shaded/3.1.9.Final/weld-servlet-shaded-3.1.9.Final.jar:/home/runner/.m2/repository/org/glassfish/jersey/containers/jersey-container-servlet-core/2.34/jersey-container-servlet-core-2.34.jar:/home/runner/.m2/repository/org/glassfish/hk2/external/jakarta.inject/2.6.1/jakarta.inject-2.6.1.jar:/home/runner/.m2/repository/org/glassfish/jersey/core/jersey-common/2.34/jersey-common-2.34.jar:/home/runner/.m2/repository/jakarta/ws/rs/jakarta.ws.rs-api/2.1.6/jakarta.ws.rs-api-2.1.6.jar:/home/runner/.m2/repository/org/glassfish/jersey/ext/cdi/jersey-cdi1x/2.34/jersey-cdi1x-2.34.jar:/home/runner/.m2/repository/org/glassfish/jersey/inject/jersey-hk2/2.34/jersey-hk2-2.34.jar:/home/runner/.m2/repository/org/glassfish/hk2/hk2-locator/2.6.1/hk2-locator-2.6.1.jar:/home/runner/.m2/repository/org/glassfish/jersey/media/jersey-media-jaxb/2.34/jersey-media-jaxb-2.34.jar:/home/runner/.m2/repository/org/glassfish/hk2/osgi-resource-locator/1.0.3/osgi-resource-locator-1.0.3.jar:/home/runner/.m2/repository/org/glassfish/hk2/hk2-api/2.5.0/hk2-api-2.5.0.jar:/home/runner/.m2/repository/org/glassfish/hk2/hk2-utils/2.5.0/hk2-utils-2.5.0.jar:/home/runner/.m2/repository/org/glassfish/hk2/external/aopalliance-repackaged/2.5.0/aopalliance-repackaged-2.5.0.jar:/home/runner/.m2/repository/com/fasterxml/jackson/dataformat/jackson-dataformat-xml/2.13.4/jackson-dataformat-xml-2.13.4.jar:/home/runner/.m2/repository/org/codehaus/woodstox/stax2-api/4.2.1/stax2-api-4.2.1.jar:/home/runner/.m2/repository/com/fasterxml/woodstox/woodstox-core/5.4.0/woodstox-core-5.4.0.jar:/home/runner/.m2/repository/com/fasterxml/jackson/module/jackson-module-jaxb-annotations/2.13.4/jackson-module-jaxb-annotations-2.13.4.jar:/home/runner/.m2/repository/jakarta/xml/bind/jakarta.xml.bind-api/2.3.3/jakarta.xml.bind-api-2.3.3.jar:/home/runner/.m2/repository/jakarta/activation/jakarta.activation-api/1.2.2/jakarta.activation-api-1.2.2.jar:/home/runner/.m2/repository/javax/enterprise/cdi-api/2.0/cdi-api-2.0.jar:/home/runner/.m2/repository/javax/el/javax.el-api/3.0.0/javax.el-api-3.0.0.jar:/home/runner/.m2/repository/javax/interceptor/javax.interceptor-api/1.2/javax.interceptor-api-1.2.jar:/home/runner/.m2/repository/javax/inject/javax.inject/1/javax.inject-1.jar:/home/runner/.m2/repository/javax/xml/bind/jaxb-api/2.3.0/jaxb-api-2.3.0.jar:/home/runner/.m2/repository/org/glassfish/jaxb/jaxb-runtime/2.3.0.1/jaxb-runtime-2.3.0.1.jar:/home/runner/.m2/repository/org/glassfish/jaxb/jaxb-core/2.3.0.1/jaxb-core-2.3.0.1.jar:/home/runner/.m2/repository/org/glassfish/jaxb/txw2/2.3.0.1/txw2-2.3.0.1.jar:/home/runner/.m2/repository/com/sun/istack/istack-commons-runtime/3.0.5/istack-commons-runtime-3.0.5.jar:/home/runner/.m2/repository/org/jvnet/staxex/stax-ex/1.7.8/stax-ex-1.7.8.jar:/home/runner/.m2/repository/com/sun/xml/fastinfoset/FastInfoset/1.2.13/FastInfoset-1.2.13.jar:/home/runner/.m2/repository/javax/activation/activation/1.1.1/activation-1.1.1.jar:/home/runner/.m2/repository/io/grpc/grpc-protobuf/1.51.1/grpc-protobuf-1.51.1.jar:/home/runner/.m2/repository/com/google/api/grpc/proto-google-common-protos/2.9.0/proto-google-common-protos-2.9.0.jar:/home/runner/.m2/repository/io/grpc/grpc-protobuf-lite/1.51.1/grpc-protobuf-lite-1.51.1.jar:/home/runner/.m2/repository/io/grpc/grpc-stub/1.51.1/grpc-stub-1.51.1.jar:/home/runner/.m2/repository/io/netty/netty-transport/4.1.94.Final/netty-transport-4.1.94.Final.jar:/home/runner/.m2/repository/io/netty/netty-resolver/4.1.94.Final/netty-resolver-4.1.94.Final.jar:/home/runner/.m2/repository/org/apache/ozone/ozone-csi/1.4.0-SNAPSHOT/ozone-csi-1.4.0-SNAPSHOT.jar:/home/runner/.m2/repository/com/google/protobuf/protobuf-java-util/3.19.6/protobuf-java-util-3.19.6.jar:/home/runner/.m2/repository/com/google/code/gson/gson/2.9.0/gson-2.9.0.jar:/home/runner/.m2/repository/org/apache/ozone/hdds-config/1.4.0-SNAPSHOT/hdds-config-1.4.0-SNAPSHOT.jar:/home/runner/.m2/repository/io/netty/netty-transport-native-epoll/4.1.94.Final/netty-transport-native-epoll-4.1.94.Final-linux-x86_64.jar:/home/runner/.m2/repository/io/netty/netty-transport-classes-epoll/4.1.94.Final/netty-transport-classes-epoll-4.1.94.Final.jar:/home/runner/.m2/repository/io/netty/netty-transport-native-unix-common/4.1.94.Final/netty-transport-native-unix-common-4.1.94.Final.jar:/home/runner/.m2/repository/org/apache/ozone/ozone-recon/1.4.0-SNAPSHOT/ozone-recon-1.4.0-SNAPSHOT.jar:/home/runner/.m2/repository/org/apache/ozone/ozone-reconcodegen/1.4.0-SNAPSHOT/ozone-reconcodegen-1.4.0-SNAPSHOT.jar:/home/runner/.m2/repository/com/google/inject/guice/5.1.0/guice-5.1.0.jar:/home/runner/.m2/repository/aopalliance/aopalliance/1.0/aopalliance-1.0.jar:/home/runner/.m2/repository/com/google/inject/extensions/guice-assistedinject/5.1.0/guice-assistedinject-5.1.0.jar:/home/runner/.m2/repository/com/google/inject/extensions/guice-servlet/5.1.0/guice-servlet-5.1.0.jar:/home/runner/.m2/repository/org/glassfish/jersey/containers/jersey-container-servlet/2.34/jersey-container-servlet-2.34.jar:/home/runner/.m2/repository/org/glassfish/hk2/guice-bridge/2.5.0/guice-bridge-2.5.0.jar:/home/runner/.m2/repository/org/glassfish/jersey/core/jersey-server/2.34/jersey-server-2.34.jar:/home/runner/.m2/repository/org/glassfish/jersey/core/jersey-client/2.34/jersey-client-2.34.jar:/home/runner/.m2/repository/jakarta/annotation/jakarta.annotation-api/1.3.5/jakarta.annotation-api-1.3.5.jar:/home/runner/.m2/repository/jakarta/validation/jakarta.validation-api/2.0.2/jakarta.validation-api-2.0.2.jar:/home/runner/.m2/repository/org/glassfish/jersey/media/jersey-media-json-jackson/2.34/jersey-media-json-jackson-2.34.jar:/home/runner/.m2/repository/org/glassfish/jersey/ext/jersey-entity-filtering/2.34/jersey-entity-filtering-2.34.jar:/home/runner/.m2/repository/org/jooq/jooq/3.11.10/jooq-3.11.10.jar:/home/runner/.m2/repository/org/jooq/jooq-meta/3.11.10/jooq-meta-3.11.10.jar:/home/runner/.m2/repository/org/jooq/jooq-codegen/3.11.10/jooq-codegen-3.11.10.jar:/home/runner/.m2/repository/com/jolbox/bonecp/0.8.0.RELEASE/bonecp-0.8.0.RELEASE.jar:/home/runner/.m2/repository/org/apache/derby/derby/10.14.2.0/derby-10.14.2.0.jar:/home/runner/.m2/repository/org/xerial/sqlite-jdbc/3.41.2.2/sqlite-jdbc-3.41.2.2.jar:/home/runner/.m2/repository/org/springframework/spring-jdbc/5.3.27/spring-jdbc-5.3.27.jar:/home/runner/.m2/repository/org/springframework/spring-beans/5.3.27/spring-beans-5.3.27.jar:/home/runner/.m2/repository/org/springframework/spring-core/5.3.27/spring-core-5.3.27.jar:/home/runner/.m2/repository/org/springframework/spring-tx/5.3.27/spring-tx-5.3.27.jar:/home/runner/.m2/repository/org/apache/ozone/ozone-client/1.4.0-SNAPSHOT/ozone-client-1.4.0-SNAPSHOT.jar:/home/runner/.m2/repository/org/apache/ozone/hdds-erasurecode/1.4.0-SNAPSHOT/hdds-erasurecode-1.4.0-SNAPSHOT.jar:/home/runner/.m2/repository/org/apache/ozone/ozone-filesystem/1.4.0-SNAPSHOT/ozone-filesystem-1.4.0-SNAPSHOT.jar:/home/runner/.m2/repository/org/apache/ozone/ozone-filesystem-common/1.4.0-SNAPSHOT/ozone-filesystem-common-1.4.0-SNAPSHOT.jar:/home/runner/.m2/repository/org/apache/ozone/ozone-tools/1.4.0-SNAPSHOT/ozone-tools-1.4.0-SNAPSHOT.jar:/home/runner/.m2/repository/com/amazonaws/aws-java-sdk-core/1.12.261/aws-java-sdk-core-1.12.261.jar:/home/runner/.m2/repository/org/apache/httpcomponents/httpclient/4.5.13/httpclient-4.5.13.jar:/home/runner/.m2/repository/org/apache/httpcomponents/httpcore/4.4.13/httpcore-4.4.13.jar:/home/runner/.m2/repository/software/amazon/ion/ion-java/1.0.2/ion-java-1.0.2.jar:/home/runner/.m2/repository/com/fasterxml/jackson/dataformat/jackson-dataformat-cbor/2.13.4/jackson-dataformat-cbor-2.13.4.jar:/home/runner/.m2/repository/joda-time/joda-time/2.10.6/joda-time-2.10.6.jar:/home/runner/.m2/repository/com/amazonaws/aws-java-sdk-s3/1.12.261/aws-java-sdk-s3-1.12.261.jar:/home/runner/.m2/repository/com/amazonaws/aws-java-sdk-kms/1.12.261/aws-java-sdk-kms-1.12.261.jar:/home/runner/.m2/repository/com/amazonaws/jmespath-java/1.12.261/jmespath-java-1.12.261.jar:/home/runner/.m2/repository/org/kohsuke/metainf-services/metainf-services/1.8/metainf-services-1.8.jar:/home/runner/.m2/repository/org/apache/ozone/hdds-tools/1.4.0-SNAPSHOT/hdds-tools-1.4.0-SNAPSHOT.jar:/home/runner/.m2/repository/org/apache/ratis/ratis-tools/2.5.1/ratis-tools-2.5.1.jar:/home/runner/.m2/repository/commons-cli/commons-cli/1.2/commons-cli-1.2.jar:/home/runner/.m2/repository/org/apache/commons/commons-lang3/3.7/commons-lang3-3.7.jar:/home/runner/.m2/repository/org/apache/ozone/ozone-manager/1.4.0-SNAPSHOT/ozone-manager-1.4.0-SNAPSHOT-tests.jar:/home/runner/.m2/repository/org/apache/ozone/hdds-common/1.4.0-SNAPSHOT/hdds-common-1.4.0-SNAPSHOT-tests.jar:/home/runner/.m2/repository/org/apache/ozone/hdds-hadoop-dependency-client/1.4.0-SNAPSHOT/hdds-hadoop-dependency-client-1.4.0-SNAPSHOT.jar:/home/runner/.m2/repository/info/picocli/picocli/4.6.1/picocli-4.6.1.jar:/home/runner/.m2/repository/com/fasterxml/jackson/core/jackson-annotations/2.13.4/jackson-annotations-2.13.4.jar:/home/runner/.m2/repository/org/apache/ozone/hdds-annotation-processing/1.4.0-SNAPSHOT/hdds-annotation-processing-1.4.0-SNAPSHOT.jar:/home/runner/.m2/repository/javax/annotation/javax.annotation-api/1.2/javax.annotation-api-1.2.jar:/home/runner/.m2/repository/org/apache/ratis/ratis-netty/2.5.1/ratis-netty-2.5.1.jar:/home/runner/.m2/repository/org/apache/ratis/ratis-grpc/2.5.1/ratis-grpc-2.5.1.jar:/home/runner/.m2/repository/org/apache/commons/commons-pool2/2.6.0/commons-pool2-2.6.0.jar:/home/runner/.m2/repository/org/bouncycastle/bcpkix-jdk15on/1.67/bcpkix-jdk15on-1.67.jar:/home/runner/.m2/repository/commons-validator/commons-validator/1.6/commons-validator-1.6.jar:/home/runner/.m2/repository/commons-beanutils/commons-beanutils/1.9.4/commons-beanutils-1.9.4.jar:/home/runner/.m2/repository/commons-digester/commons-digester/1.8.1/commons-digester-1.8.1.jar:/home/runner/.m2/repository/commons-collections/commons-collections/3.2.2/commons-collections-3.2.2.jar:/home/runner/.m2/repository/io/jaegertracing/jaeger-client/1.6.0/jaeger-client-1.6.0.jar:/home/runner/.m2/repository/io/jaegertracing/jaeger-thrift/1.6.0/jaeger-thrift-1.6.0.jar:/home/runner/.m2/repository/org/apache/thrift/libthrift/0.14.1/libthrift-0.14.1.jar:/home/runner/.m2/repository/io/jaegertracing/jaeger-core/1.6.0/jaeger-core-1.6.0.jar:/home/runner/.m2/repository/io/jaegertracing/jaeger-tracerresolver/1.6.0/jaeger-tracerresolver-1.6.0.jar:/home/runner/.m2/repository/io/opentracing/contrib/opentracing-tracerresolver/0.1.8/opentracing-tracerresolver-0.1.8.jar:/home/runner/.m2/repository/org/jetbrains/kotlin/kotlin-stdlib/1.6.21/kotlin-stdlib-1.6.21.jar:/home/runner/.m2/repository/org/jetbrains/annotations/13.0/annotations-13.0.jar:/home/runner/.m2/repository/io/opentracing/opentracing-util/0.33.0/opentracing-util-0.33.0.jar:/home/runner/.m2/repository/io/opentracing/opentracing-api/0.33.0/opentracing-api-0.33.0.jar:/home/runner/.m2/repository/io/opentracing/opentracing-noop/0.33.0/opentracing-noop-0.33.0.jar:/home/runner/.m2/repository/org/yaml/snakeyaml/2.0/snakeyaml-2.0.jar:/home/runner/.m2/repository/io/grpc/grpc-api/1.51.1/grpc-api-1.51.1.jar:/home/runner/.m2/repository/io/grpc/grpc-context/1.51.1/grpc-context-1.51.1.jar:/home/runner/.m2/repository/junit/junit/4.13.1/junit-4.13.1.jar:/home/runner/.m2/repository/org/hamcrest/hamcrest-core/1.3/hamcrest-core-1.3.jar:/home/runner/.m2/repository/org/junit/jupiter/junit-jupiter-api/5.8.2/junit-jupiter-api-5.8.2.jar:/home/runner/.m2/repository/org/opentest4j/opentest4j/1.2.0/opentest4j-1.2.0.jar:/home/runner/.m2/repository/org/junit/platform/junit-platform-commons/1.8.2/junit-platform-commons-1.8.2.jar:/home/runner/.m2/repository/org/apiguardian/apiguardian-api/1.1.2/apiguardian-api-1.1.2.jar:/home/runner/.m2/repository/org/junit/jupiter/junit-jupiter-params/5.8.2/junit-jupiter-params-5.8.2.jar:/home/runner/.m2/repository/org/junit/jupiter/junit-jupiter-migrationsupport/5.8.2/junit-jupiter-migrationsupport-5.8.2.jar:/home/runner/.m2/repository/org/junit/jupiter/junit-jupiter-engine/5.8.2/junit-jupiter-engine-5.8.2.jar:/home/runner/.m2/repository/org/junit/platform/junit-platform-engine/1.8.2/junit-platform-engine-1.8.2.jar:/home/runner/.m2/repository/org/junit/vintage/junit-vintage-engine/5.8.2/junit-vintage-engine-5.8.2.jar:/home/runner/.m2/repository/org/junit/platform/junit-platform-launcher/1.8.2/junit-platform-launcher-1.8.2.jar:/home/runner/.m2/repository/org/mockito/mockito-core/3.5.9/mockito-core-3.5.9.jar:/home/runner/.m2/repository/net/bytebuddy/byte-buddy/1.10.13/byte-buddy-1.10.13.jar:/home/runner/.m2/repository/net/bytebuddy/byte-buddy-agent/1.10.13/byte-buddy-agent-1.10.13.jar:/home/runner/.m2/repository/org/objenesis/objenesis/1.0/objenesis-1.0.jar:/home/runner/.m2/repository/org/apache/hadoop/hadoop-kms/3.3.6/hadoop-kms-3.3.6.jar:/home/runner/.m2/repository/org/apache/hadoop/hadoop-auth/3.3.6/hadoop-auth-3.3.6.jar:/home/runner/.m2/repository/com/nimbusds/nimbus-jose-jwt/9.8.1/nimbus-jose-jwt-9.8.1.jar:/home/runner/.m2/repository/com/github/stephenc/jcip/jcip-annotations/1.0-1/jcip-annotations-1.0-1.jar:/home/runner/.m2/repository/org/apache/zookeeper/zookeeper/3.5.6/zookeeper-3.5.6.jar:/home/runner/.m2/repository/org/apache/zookeeper/zookeeper-jute/3.5.6/zookeeper-jute-3.5.6.jar:/home/runner/.m2/repository/org/apache/yetus/audience-annotations/0.5.0/audience-annotations-0.5.0.jar:/home/runner/.m2/repository/org/apache/curator/curator-framework/4.2.0/curator-framework-4.2.0.jar:/home/runner/.m2/repository/org/apache/hadoop/thirdparty/hadoop-shaded-guava/1.1.1/hadoop-shaded-guava-1.1.1.jar:/home/runner/.m2/repository/com/sun/jersey/jersey-core/1.19/jersey-core-1.19.jar:/home/runner/.m2/repository/javax/ws/rs/jsr311-api/1.1.1/jsr311-api-1.1.1.jar:/home/runner/.m2/repository/com/sun/jersey/jersey-server/1.19/jersey-server-1.19.jar:/home/runner/.m2/repository/javax/servlet/javax.servlet-api/3.1.0/javax.servlet-api-3.1.0.jar:/home/runner/.m2/repository/org/apache/hadoop/hadoop-common/3.3.6/hadoop-common-3.3.6.jar:/home/runner/.m2/repository/org/apache/commons/commons-math3/3.1.1/commons-math3-3.1.1.jar:/home/runner/.m2/repository/commons-net/commons-net/3.9.0/commons-net-3.9.0.jar:/home/runner/.m2/repository/com/sun/jersey/jersey-servlet/1.19/jersey-servlet-1.19.jar:/home/runner/.m2/repository/com/github/pjfanning/jersey-json/1.20/jersey-json-1.20.jar:/home/runner/.m2/repository/org/codehaus/jettison/jettison/1.1/jettison-1.1.jar:/home/runner/.m2/repository/com/sun/xml/bind/jaxb-impl/2.2.3-1/jaxb-impl-2.2.3-1.jar:/home/runner/.m2/repository/com/google/re2j/re2j/1.1/re2j-1.1.jar:/home/runner/.m2/repository/com/jcraft/jsch/0.1.54/jsch-0.1.54.jar:/home/runner/.m2/repository/org/apache/curator/curator-client/4.2.0/curator-client-4.2.0.jar:/home/runner/.m2/repository/org/apache/curator/curator-recipes/5.2.0/curator-recipes-5.2.0.jar:/home/runner/.m2/repository/org/apache/kerby/kerb-core/1.0.1/kerb-core-1.0.1.jar:/home/runner/.m2/repository/org/apache/kerby/kerby-pkix/1.0.1/kerby-pkix-1.0.1.jar:/home/runner/.m2/repository/org/apache/kerby/kerby-asn1/1.0.1/kerby-asn1-1.0.1.jar:/home/runner/.m2/repository/org/apache/kerby/kerby-util/1.0.1/kerby-util-1.0.1.jar:/home/runner/.m2/repository/dnsjava/dnsjava/2.1.7/dnsjava-2.1.7.jar:/home/runner/.m2/repository/org/xerial/snappy/snappy-java/1.1.8.2/snappy-java-1.1.8.2.jar:/home/runner/.m2/repository/com/fasterxml/jackson/core/jackson-databind/2.13.4.2/jackson-databind-2.13.4.2.jar:/home/runner/.m2/repository/org/apache/hadoop/hadoop-kms/3.3.6/hadoop-kms-3.3.6-tests.jar:/home/runner/.m2/repository/org/apache/ozone/hdds-server-scm/1.4.0-SNAPSHOT/hdds-server-scm-1.4.0-SNAPSHOT-tests.jar:/home/runner/.m2/repository/org/apache/ozone/hdds-container-service/1.4.0-SNAPSHOT/hdds-container-service-1.4.0-SNAPSHOT-tests.jar:/home/runner/.m2/repository/com/github/luben/zstd-jni/1.5.2-5/zstd-jni-1.5.2-5.jar:/home/runner/.m2/repository/commons-codec/commons-codec/1.15/commons-codec-1.15.jar:/home/runner/.m2/repository/io/netty/netty-codec/4.1.94.Final/netty-codec-4.1.94.Final.jar:/home/runner/.m2/repository/io/netty/netty-handler/4.1.94.Final/netty-handler-4.1.94.Final.jar:/home/runner/.m2/repository/org/apache/ozone/hdds-hadoop-dependency-test/1.4.0-SNAPSHOT/hdds-hadoop-dependency-test-1.4.0-SNAPSHOT.jar:/home/runner/.m2/repository/org/apache/hadoop/hadoop-common/3.3.6/hadoop-common-3.3.6-tests.jar:/home/runner/.m2/repository/org/apache/hadoop/hadoop-hdfs/3.3.6/hadoop-hdfs-3.3.6-tests.jar:/home/runner/.m2/repository/org/assertj/assertj-core/3.12.2/assertj-core-3.12.2.jar:/home/runner/.m2/repository/org/apache/hadoop/hadoop-distcp/3.3.6/hadoop-distcp-3.3.6.jar:/home/runner/.m2/repository/org/apache/hadoop/hadoop-mapreduce-client-jobclient/3.3.6/hadoop-mapreduce-client-jobclient-3.3.6.jar:/home/runner/.m2/repository/org/apache/hadoop/hadoop-mapreduce-client-common/3.3.6/hadoop-mapreduce-client-common-3.3.6.jar:/home/runner/.m2/repository/org/apache/hadoop/hadoop-yarn-common/3.3.6/hadoop-yarn-common-3.3.6.jar:/home/runner/.m2/repository/org/apache/hadoop/hadoop-yarn-api/3.3.6/hadoop-yarn-api-3.3.6.jar:/home/runner/.m2/repository/com/sun/jersey/contribs/jersey-guice/1.19/jersey-guice-1.19.jar:/home/runner/.m2/repository/com/fasterxml/jackson/jaxrs/jackson-jaxrs-json-provider/2.13.4/jackson-jaxrs-json-provider-2.13.4.jar:/home/runner/.m2/repository/com/fasterxml/jackson/jaxrs/jackson-jaxrs-base/2.13.4/jackson-jaxrs-base-2.13.4.jar:/home/runner/.m2/repository/org/apache/hadoop/hadoop-yarn-client/3.3.6/hadoop-yarn-client-3.3.6.jar:/home/runner/.m2/repository/org/eclipse/jetty/websocket/websocket-client/9.4.51.v20230217/websocket-client-9.4.51.v20230217.jar:/home/runner/.m2/repository/org/eclipse/jetty/websocket/websocket-common/9.4.51.v20230217/websocket-common-9.4.51.v20230217.jar:/home/runner/.m2/repository/org/eclipse/jetty/websocket/websocket-api/9.4.51.v20230217/websocket-api-9.4.51.v20230217.jar:/home/runner/.m2/repository/org/jline/jline/3.9.0/jline-3.9.0.jar:/home/runner/.m2/repository/org/apache/hadoop/hadoop-mapreduce-client-core/3.3.6/hadoop-mapreduce-client-core-3.3.6.jar:/home/runner/.m2/repository/org/apache/avro/avro/1.7.7/avro-1.7.7.jar:/home/runner/.m2/repository/com/thoughtworks/paranamer/paranamer/2.3/paranamer-2.3.jar:/home/runner/.m2/repository/org/apache/hadoop/hadoop-annotations/3.3.6/hadoop-annotations-3.3.6.jar:/usr/lib/jvm/temurin-8-jdk-amd64/jre/../lib/tools.jar:/home/runner/.m2/repository/io/netty/netty/3.10.6.Final/netty-3.10.6.Final.jar:/home/runner/.m2/repository/org/apache/hadoop/hadoop-distcp/3.3.6/hadoop-distcp-3.3.6-tests.jar:/home/runner/.m2/repository/org/slf4j/jul-to-slf4j/1.7.36/jul-to-slf4j-1.7.36.jar:"/>
    <property name="sun.cpu.endian" value="little"/>
    <property name="user.home" value="/home/runner"/>
    <property name="user.language" value="en"/>
    <property name="java.specification.vendor" value="Oracle Corporation"/>
    <property name="java.home" value="/usr/lib/jvm/temurin-8-jdk-amd64/jre"/>
    <property name="java.security.krb5.conf" value="/home/runner/work/ozone/ozone/hadoop-ozone/integration-test/target/test-classes/krb5.conf"/>
    <property name="basedir" value="/home/runner/work/ozone/ozone/hadoop-ozone/integration-test"/>
    <property name="file.separator" value="/"/>
    <property name="line.separator" value="&#10;"/>
    <property name="java.vm.specification.vendor" value="Oracle Corporation"/>
    <property name="java.specification.name" value="Java Platform API Specification"/>
    <property name="java.awt.graphicsenv" value="sun.awt.X11GraphicsEnvironment"/>
    <property name="skip.installnpx" value="true"/>
    <property name="surefire.real.class.path" value="/home/runner/work/ozone/ozone/hadoop-ozone/integration-test/target/surefire/surefirebooter5949530809789574977.jar:/home/runner/.m2/repository/org/jacoco/org.jacoco.agent/0.8.5/org.jacoco.agent-0.8.5-runtime.jar"/>
    <property name="hadoop.log.dir" value="/home/runner/work/ozone/ozone/hadoop-ozone/integration-test/target/log"/>
    <property name="sun.boot.class.path" value="/usr/lib/jvm/temurin-8-jdk-amd64/jre/lib/resources.jar:/usr/lib/jvm/temurin-8-jdk-amd64/jre/lib/rt.jar:/usr/lib/jvm/temurin-8-jdk-amd64/jre/lib/sunrsasign.jar:/usr/lib/jvm/temurin-8-jdk-amd64/jre/lib/jsse.jar:/usr/lib/jvm/temurin-8-jdk-amd64/jre/lib/jce.jar:/usr/lib/jvm/temurin-8-jdk-amd64/jre/lib/charsets.jar:/usr/lib/jvm/temurin-8-jdk-amd64/jre/lib/jfr.jar:/usr/lib/jvm/temurin-8-jdk-amd64/jre/classes"/>
    <property name="sun.management.compiler" value="HotSpot 64-Bit Tiered Compilers"/>
    <property name="skip.npx" value="true"/>
    <property name="java.runtime.version" value="1.8.0_382-b05"/>
    <property name="java.net.preferIPv4Stack" value="true"/>
    <property name="user.name" value="runner"/>
    <property name="path.separator" value=":"/>
    <property name="java.security.egd" value="file:///dev/urandom"/>
    <property name="os.version" value="5.15.0-1047-azure"/>
    <property name="java.endorsed.dirs" value="/usr/lib/jvm/temurin-8-jdk-amd64/jre/lib/endorsed"/>
    <property name="java.runtime.name" value="OpenJDK Runtime Environment"/>
    <property name="file.encoding" value="UTF-8"/>
    <property name="java.vm.name" value="OpenJDK 64-Bit Server VM"/>
    <property name="test.build.webapps" value=""/>
    <property name="localRepository" value="/home/runner/.m2/repository"/>
    <property name="jetty.git.hash" value="abdcda73818a1a2c705da276edb0bf6581e7997e"/>
    <property name="java.vendor.url.bug" value="https://github.com/adoptium/adoptium-support/issues"/>
    <property name="java.io.tmpdir" value="/tmp"/>
    <property name="require.test.libhadoop" value=""/>
    <property name="java.version" value="1.8.0_382"/>
    <property name="user.dir" value="/home/runner/work/ozone/ozone/hadoop-ozone/integration-test"/>
    <property name="os.arch" value="amd64"/>
    <property name="java.vm.specification.name" value="Java Virtual Machine Specification"/>
    <property name="test.build.classes" value="/home/runner/work/ozone/ozone/hadoop-ozone/integration-test/target/test-classes"/>
    <property name="java.awt.printerjob" value="sun.print.PSPrinterJob"/>
    <property name="sun.os.patch.level" value="unknown"/>
    <property name="org.apache.ratis.thirdparty.io.netty.allocator.useCacheForAllThreads" value="false"/>
    <property name="hadoop.tmp.dir" value="/home/runner/work/ozone/ozone/hadoop-ozone/integration-test/target/tmp"/>
    <property name="java.library.path" value="/usr/java/packages/lib/amd64:/usr/lib64:/lib64:/lib:/usr/lib"/>
    <property name="java.vm.info" value="mixed mode"/>
    <property name="java.vendor" value="Temurin"/>
    <property name="java.vm.version" value="25.382-b05"/>
    <property name="java.specification.maintenance.version" value="5"/>
    <property name="java.ext.dirs" value="/usr/lib/jvm/temurin-8-jdk-amd64/jre/lib/ext:/usr/java/packages/lib/ext"/>
    <property name="sun.io.unicode.encoding" value="UnicodeLittle"/>
    <property name="java.class.version" value="52.0"/>
  </properties>
  <testcase name="testGetTrashRoot" classname="TestOzoneFileSystem" time="24.07">
    <system-out><![CDATA[2023-09-28 12:55:35,996 [main] WARN  server.ServerUtils (ServerUtils.java:getScmDbDir(155)) - ozone.scm.db.dirs is not configured. We recommend adding this setting. Falling back to ozone.metadata.dirs instead.
2023-09-28 12:55:36,208 [main] INFO  reflections.Reflections (Reflections.java:scan(232)) - Reflections took 154 ms to scan 7 urls, producing 164 keys and 383 values 
2023-09-28 12:55:36,386 [main] WARN  server.ServerUtils (ServerUtils.java:getScmDbDir(155)) - ozone.scm.db.dirs is not configured. We recommend adding this setting. Falling back to ozone.metadata.dirs instead.
2023-09-28 12:55:36,394 [main] INFO  ha.SCMHANodeDetails (SCMHANodeDetails.java:loadSCMHAConfig(210)) - ServiceID for StorageContainerManager is null
2023-09-28 12:55:36,403 [main] WARN  ha.SCMHANodeDetails (SCMHANodeDetails.java:validateSCMHAConfig(183)) - Invalid config ozone.scm.ratis.enable. The config was not specified, but the default value true conflicts with the expected config value false. Falling back to the expected value. Current State of SCM: SCM is running in Non-HA without Ratis Ratis SCM -> Non Ratis SCM or Non HA SCM -> HA SCM is not supported
2023-09-28 12:55:36,404 [main] INFO  ha.SCMHANodeDetails (SCMHANodeDetails.java:loadSCMHAConfig(215)) - ozone.scm.default.service.id is not defined, falling back to ozone.scm.service.ids to find serviceID for StorageContainerManager if it is HA enabled cluster
2023-09-28 12:55:37,204 [main] WARN  utils.HAUtils (HAUtils.java:getMetaDir(339)) - ozone.scm.db.dirs is not configured. We recommend adding this setting. Falling back to ozone.metadata.dirs instead.
2023-09-28 12:55:37,369 [main] WARN  db.DBStoreBuilder (DBStoreBuilder.java:applyDBDefinition(166)) - ozone.scm.db.dirs is not configured. We recommend adding this setting. Falling back to ozone.metadata.dirs instead.
2023-09-28 12:55:37,672 [main] INFO  net.NodeSchemaLoader (NodeSchemaLoader.java:loadSchemaFromFile(129)) - Loading schema from [jar:file:/home/runner/.m2/repository/org/apache/ozone/hdds-common/1.4.0-SNAPSHOT/hdds-common-1.4.0-SNAPSHOT.jar!/network-topology-default.xml]
2023-09-28 12:55:37,675 [main] INFO  net.NodeSchemaLoader (NodeSchemaLoader.java:loadSchema(176)) - Loading network topology layer schema file
2023-09-28 12:55:37,745 [main] INFO  metrics.MetricRegistries (MetricRegistriesLoader.java:load(64)) - Loaded MetricRegistries class org.apache.ratis.metrics.impl.MetricRegistriesImpl
2023-09-28 12:55:37,765 [main] INFO  upgrade.AbstractLayoutVersionManager (AbstractLayoutVersionManager.java:init(83)) - Initializing Layout version manager with metadata layout = HADOOP_PRC_PORTS_IN_DATANODEDETAILS (version = 7), software layout = HADOOP_PRC_PORTS_IN_DATANODEDETAILS (version = 7)
2023-09-28 12:55:38,069 [main] INFO  ha.SequenceIdGenerator (SequenceIdGenerator.java:upgradeToSequenceId(365)) - upgrade localId to 111677748019200000
2023-09-28 12:55:38,071 [main] INFO  ha.SequenceIdGenerator (SequenceIdGenerator.java:upgradeToSequenceId(375)) - upgrade delTxnId to 0
2023-09-28 12:55:38,079 [main] INFO  ha.SequenceIdGenerator (SequenceIdGenerator.java:upgradeToSequenceId(392)) - upgrade containerId to 0
2023-09-28 12:55:38,083 [main] INFO  ha.SequenceIdGenerator (SequenceIdGenerator.java:upgradeToSequenceId(428)) - upgrade rootCertificateId to 1
2023-09-28 12:55:38,086 [main] INFO  ha.SequenceIdGenerator (SequenceIdGenerator.java:<init>(236)) - Init the HA SequenceIdGenerator.
2023-09-28 12:55:38,152 [main] WARN  server.ServerUtils (ServerUtils.java:sanitizeUserArgs(80)) - ozone.scm.stale.node.interval value = 300000 is larger than max = 100000 based on the key value of ozone.scm.heartbeat.thread.interval, reset to the max value 100000.
2023-09-28 12:55:38,153 [main] WARN  server.ServerUtils (ServerUtils.java:sanitizeUserArgs(80)) - ozone.scm.stale.node.interval value = 300000 is larger than max = 100000 based on the key value of ozone.scm.heartbeat.thread.interval, reset to the max value 100000.
2023-09-28 12:55:38,162 [main] INFO  node.SCMNodeManager (SCMNodeManager.java:<init>(157)) - Entering startup safe mode.
2023-09-28 12:55:38,180 [main] INFO  algorithms.ContainerPlacementPolicyFactory (ContainerPlacementPolicyFactory.java:getPolicyInternal(86)) - Create container placement policy of type org.apache.hadoop.hdds.scm.container.placement.algorithms.SCMContainerPlacementRackAware
2023-09-28 12:55:38,184 [main] INFO  algorithms.ContainerPlacementPolicyFactory (ContainerPlacementPolicyFactory.java:getPolicyInternal(86)) - Create container placement policy of type org.apache.hadoop.hdds.scm.container.placement.algorithms.SCMContainerPlacementRackScatter
2023-09-28 12:55:38,196 [main] INFO  pipeline.PipelineStateManagerImpl (PipelineStateManagerImpl.java:initialize(78)) - No pipeline exists in current db
2023-09-28 12:55:38,214 [main] INFO  algorithms.LeaderChoosePolicyFactory (LeaderChoosePolicyFactory.java:getPolicy(57)) - Create leader choose policy of type org.apache.hadoop.hdds.scm.pipeline.leader.choose.algorithms.MinLeaderCountChoosePolicy
2023-09-28 12:55:38,214 [main] INFO  algorithms.ContainerPlacementPolicyFactory (ContainerPlacementPolicyFactory.java:getPolicyInternal(86)) - Create container placement policy of type org.apache.hadoop.hdds.scm.container.placement.algorithms.SCMContainerPlacementRackScatter
2023-09-28 12:55:38,221 [main] INFO  ha.SCMServiceManager (SCMServiceManager.java:register(42)) - Registering service BackgroundPipelineCreator.
2023-09-28 12:55:38,222 [main] INFO  pipeline.BackgroundPipelineCreator (BackgroundPipelineCreator.java:start(124)) - Starting RatisPipelineUtilsThread.
2023-09-28 12:55:38,225 [main] INFO  BackgroundPipelineScrubber (BackgroundSCMService.java:start(68)) - Starting BackgroundPipelineScrubber Service.
2023-09-28 12:55:38,229 [main] INFO  ha.SCMServiceManager (SCMServiceManager.java:register(42)) - Registering service BackgroundPipelineScrubber.
2023-09-28 12:55:38,237 [main] INFO  ExpiredContainerReplicaOpScrubber (BackgroundSCMService.java:start(68)) - Starting ExpiredContainerReplicaOpScrubber Service.
2023-09-28 12:55:38,245 [main] INFO  ha.SCMServiceManager (SCMServiceManager.java:register(42)) - Registering service ExpiredContainerReplicaOpScrubber.
2023-09-28 12:55:38,273 [main] INFO  algorithms.PipelineChoosePolicyFactory (PipelineChoosePolicyFactory.java:createPipelineChoosePolicyFromClass(78)) - Create pipeline choose policy of type org.apache.hadoop.hdds.scm.pipeline.choose.algorithms.RandomPipelineChoosePolicy
2023-09-28 12:55:38,274 [main] INFO  algorithms.PipelineChoosePolicyFactory (PipelineChoosePolicyFactory.java:createPipelineChoosePolicyFromClass(78)) - Create pipeline choose policy of type org.apache.hadoop.hdds.scm.pipeline.choose.algorithms.RandomPipelineChoosePolicy
2023-09-28 12:55:38,296 [main] INFO  ha.SCMServiceManager (SCMServiceManager.java:register(42)) - Registering service SCMBlockDeletingService.
2023-09-28 12:55:38,373 [main] INFO  replication.ReplicationManager (ReplicationManager.java:start(291)) - Starting Replication Monitor Thread.
2023-09-28 12:55:38,374 [main] INFO  ha.SCMServiceManager (SCMServiceManager.java:register(42)) - Registering service ReplicationManager.
2023-09-28 12:55:38,381 [ReplicationMonitor] INFO  replication.ReplicationManager (ReplicationManager.java:processAll(365)) - Replication Manager is not ready to run until 3000ms after safemode exit
2023-09-28 12:55:38,386 [main] INFO  safemode.ContainerSafeModeRule (ContainerSafeModeRule.java:<init>(90)) - containers with one replica threshold count 0
2023-09-28 12:55:38,392 [main] INFO  safemode.HealthyPipelineSafeModeRule (HealthyPipelineSafeModeRule.java:initializeRule(169)) - Total pipeline count is 0, healthy pipeline threshold count is 1
2023-09-28 12:55:38,395 [main] INFO  safemode.OneReplicaPipelineSafeModeRule (OneReplicaPipelineSafeModeRule.java:initializeRule(180)) - Total pipeline count is 0, pipeline's with at least one datanode reported threshold count is 0
2023-09-28 12:55:38,461 [main] INFO  server.StorageContainerManager (StorageContainerManager.java:<init>(425)) - SCM start with adminUsers: [runner]
2023-09-28 12:55:38,874 [main] INFO  audit.AuditLogger (AuditLogger.java:refreshDebugCmdSet(126)) - Refresh DebugCmdSet for SCMAudit to [].
2023-09-28 12:55:38,926 [main] INFO  ipc.CallQueueManager (CallQueueManager.java:<init>(90)) - Using callQueue: class java.util.concurrent.LinkedBlockingQueue, queueCapacity: 2000, scheduler: class org.apache.hadoop.ipc.DefaultRpcScheduler, ipcBackoff: false.
2023-09-28 12:55:38,970 [main] INFO  ipc.Server (Server.java:<init>(1287)) - Listener at 0.0.0.0:15002
2023-09-28 12:55:38,973 [Socket Reader #1 for port 15002] INFO  ipc.Server (Server.java:run(1323)) - Starting Socket Reader #1 for port 15002
2023-09-28 12:55:39,042 [main] INFO  audit.AuditLogger (AuditLogger.java:refreshDebugCmdSet(126)) - Refresh DebugCmdSet for SCMAudit to [].
2023-09-28 12:55:39,047 [main] INFO  ipc.CallQueueManager (CallQueueManager.java:<init>(90)) - Using callQueue: class java.util.concurrent.LinkedBlockingQueue, queueCapacity: 2000, scheduler: class org.apache.hadoop.ipc.DefaultRpcScheduler, ipcBackoff: false.
2023-09-28 12:55:39,049 [main] INFO  ipc.Server (Server.java:<init>(1287)) - Listener at 0.0.0.0:15001
2023-09-28 12:55:39,050 [Socket Reader #1 for port 15001] INFO  ipc.Server (Server.java:run(1323)) - Starting Socket Reader #1 for port 15001
2023-09-28 12:55:39,104 [main] INFO  audit.AuditLogger (AuditLogger.java:refreshDebugCmdSet(126)) - Refresh DebugCmdSet for SCMAudit to [].
2023-09-28 12:55:39,116 [main] INFO  ipc.CallQueueManager (CallQueueManager.java:<init>(90)) - Using callQueue: class java.util.concurrent.LinkedBlockingQueue, queueCapacity: 2000, scheduler: class org.apache.hadoop.ipc.DefaultRpcScheduler, ipcBackoff: false.
2023-09-28 12:55:39,117 [main] INFO  ipc.Server (Server.java:<init>(1287)) - Listener at 0.0.0.0:15000
2023-09-28 12:55:39,117 [Socket Reader #1 for port 15000] INFO  ipc.Server (Server.java:run(1323)) - Starting Socket Reader #1 for port 15000
2023-09-28 12:55:39,177 [main] INFO  ha.SCMServiceManager (SCMServiceManager.java:register(42)) - Registering service ContainerBalancer.
2023-09-28 12:55:39,184 [main] INFO  server.StorageContainerManager (StorageContainerManager.java:<init>(438)) - 
Container Balancer status:
Key                            Value
Running                        false
Container Balancer Configuration values:
Key                                                Value
Threshold                                          10
Max Datanodes to Involve per Iteration(percent)    20
Max Size to Move per Iteration                     500GB
Max Size Entering Target per Iteration             26GB
Max Size Leaving Source per Iteration              26GB
Number of Iterations                               10
Time Limit for Single Container's Movement         65min
Time Limit for Single Container's Replication      50min
Interval between each Iteration                    70min
Whether to Enable Network Topology                 false
Whether to Trigger Refresh Datanode Usage Info     false
Container IDs to Exclude from Balancing            None
Datanodes Specified to be Balanced                 None
Datanodes Excluded from Balancing                  None

2023-09-28 12:55:39,184 [main] INFO  ha.SCMContext (SCMContext.java:updateSafeModeStatus(228)) - Update SafeModeStatus from SafeModeStatus{safeModeStatus=true, preCheckPassed=false} to SafeModeStatus{safeModeStatus=true, preCheckPassed=false}.
2023-09-28 12:55:39,190 [main] INFO  server.StorageContainerManager (StorageContainerManager.java:start(1483)) - StorageContainerLocationProtocol RPC server is listening at /0.0.0.0:15000
2023-09-28 12:55:39,271 [main] WARN  impl.MetricsConfig (MetricsConfig.java:loadFirst(136)) - Cannot locate configuration: tried hadoop-metrics2-storagecontainermanager.properties,hadoop-metrics2.properties
2023-09-28 12:55:39,290 [main] INFO  impl.MetricsSystemImpl (MetricsSystemImpl.java:startTimer(378)) - Scheduled Metric snapshot period at 10 second(s).
2023-09-28 12:55:39,291 [main] INFO  impl.MetricsSystemImpl (MetricsSystemImpl.java:start(191)) - StorageContainerManager metrics system started
2023-09-28 12:55:39,620 [main] INFO  server.SCMClientProtocolServer (SCMClientProtocolServer.java:start(201)) - RPC server for Client  is listening at /0.0.0.0:15000
2023-09-28 12:55:39,622 [IPC Server Responder] INFO  ipc.Server (Server.java:run(1562)) - IPC Server Responder: starting
2023-09-28 12:55:39,633 [main] INFO  server.StorageContainerManager (StorageContainerManager.java:start(1496)) - ScmBlockLocationProtocol RPC server is listening at /0.0.0.0:15001
2023-09-28 12:55:39,648 [main] INFO  server.SCMBlockProtocolServer (SCMBlockProtocolServer.java:start(154)) - RPC server for Block Protocol is listening at /0.0.0.0:15001
2023-09-28 12:55:39,623 [IPC Server listener on 15000] INFO  ipc.Server (Server.java:run(1402)) - IPC Server listener on 15000: starting
2023-09-28 12:55:39,653 [IPC Server Responder] INFO  ipc.Server (Server.java:run(1562)) - IPC Server Responder: starting
2023-09-28 12:55:39,653 [IPC Server listener on 15001] INFO  ipc.Server (Server.java:run(1402)) - IPC Server listener on 15001: starting
2023-09-28 12:55:39,656 [main] INFO  server.SCMDatanodeProtocolServer (SCMDatanodeProtocolServer.java:start(193)) - ScmDatanodeProtocol RPC server for DataNodes is listening at /0.0.0.0:15002
2023-09-28 12:55:39,658 [IPC Server Responder] INFO  ipc.Server (Server.java:run(1562)) - IPC Server Responder: starting
2023-09-28 12:55:39,658 [IPC Server listener on 15002] INFO  ipc.Server (Server.java:run(1402)) - IPC Server listener on 15002: starting
2023-09-28 12:55:39,677 [JvmPauseMonitor0] INFO  util.JvmPauseMonitor (JvmPauseMonitor.java:run(103)) - JvmPauseMonitor-f11bb615-1ab9-4242-929e-9f3cf07e4428: Started
2023-09-28 12:55:39,695 [main] INFO  http.BaseHttpServer (BaseHttpServer.java:newHttpServer2BuilderForOzone(223)) - Starting Web-server for scm at: http://0.0.0.0:15003
2023-09-28 12:55:39,695 [main] INFO  http.BaseHttpServer (BaseHttpServer.java:<init>(110)) - Hadoop Security Enabled: false Ozone Security Enabled: false Ozone HTTP Security Enabled: false 
2023-09-28 12:55:39,723 [main] INFO  util.log (Log.java:initialized(170)) - Logging initialized @5575ms to org.eclipse.jetty.util.log.Slf4jLog
2023-09-28 12:55:39,826 [main] WARN  server.AuthenticationFilter (AuthenticationFilter.java:constructSecretProvider(240)) - Unable to initialize FileSignerSecretProvider, falling back to use random secrets. Reason: Could not read signature secret file: /home/runner/hadoop-http-auth-signature-secret
2023-09-28 12:55:39,834 [main] INFO  http.HttpRequestLog (HttpRequestLog.java:getRequestLog(86)) - Http request log for http.requests.scm is not defined
2023-09-28 12:55:39,841 [main] INFO  http.HttpServer2 (HttpServer2.java:addGlobalFilter(1031)) - Added global filter 'safety' (class=org.apache.hadoop.hdds.server.http.HttpServer2$QuotingInputFilter)
2023-09-28 12:55:39,844 [main] INFO  http.HttpServer2 (HttpServer2.java:addFilter(1007)) - Added filter static_user_filter (class=org.apache.hadoop.http.lib.StaticUserWebFilter$StaticUserFilter) to context scm
2023-09-28 12:55:39,844 [main] INFO  http.HttpServer2 (HttpServer2.java:addFilter(1015)) - Added filter static_user_filter (class=org.apache.hadoop.http.lib.StaticUserWebFilter$StaticUserFilter) to context static
2023-09-28 12:55:39,844 [main] INFO  http.HttpServer2 (HttpServer2.java:addFilter(1015)) - Added filter static_user_filter (class=org.apache.hadoop.http.lib.StaticUserWebFilter$StaticUserFilter) to context logs
2023-09-28 12:55:39,886 [main] INFO  http.BaseHttpServer (BaseHttpServer.java:<init>(189)) - HTTP server of scm uses base directory /home/runner/work/ozone/ozone/hadoop-ozone/integration-test/target/test-dir/MiniOzoneClusterImpl-82bdab22-5801-416e-a4bc-b8f6b9675fef/ozone-meta/webserver
2023-09-28 12:55:39,887 [main] INFO  http.HttpServer2 (HttpServer2.java:bindListener(1231)) - Jetty bound to port 15003
2023-09-28 12:55:39,889 [main] INFO  server.Server (Server.java:doStart(375)) - jetty-9.4.52.v20230823; built: 2023-08-23T19:29:37.669Z; git: abdcda73818a1a2c705da276edb0bf6581e7997e; jvm 1.8.0_382-b05
2023-09-28 12:55:39,925 [main] INFO  server.session (DefaultSessionIdManager.java:doStart(334)) - DefaultSessionIdManager workerName=node0
2023-09-28 12:55:39,929 [main] INFO  server.session (DefaultSessionIdManager.java:doStart(339)) - No SessionScavenger set, using defaults
2023-09-28 12:55:39,930 [main] INFO  server.session (HouseKeeper.java:startScavenging(132)) - node0 Scavenging every 660000ms
2023-09-28 12:55:39,946 [main] INFO  handler.ContextHandler (ContextHandler.java:doStart(921)) - Started o.e.j.s.ServletContextHandler@5379488c{logs,/logs,file:///home/runner/work/ozone/ozone/hadoop-ozone/integration-test/target/log,AVAILABLE}
2023-09-28 12:55:39,947 [main] INFO  handler.ContextHandler (ContextHandler.java:doStart(921)) - Started o.e.j.s.ServletContextHandler@68bef3df{static,/static,file:///home/runner/work/ozone/ozone/hadoop-ozone/integration-test/target/test-classes/webapps/static,AVAILABLE}
2023-09-28 12:55:39,996 [main] INFO  handler.ContextHandler (ContextHandler.java:doStart(921)) - Started o.e.j.w.WebAppContext@dc6a186{scm,/,file:///home/runner/work/ozone/ozone/hadoop-ozone/integration-test/target/test-classes/webapps/scm/,AVAILABLE}{file:/home/runner/work/ozone/ozone/hadoop-ozone/integration-test/target/test-classes/webapps/scm}
2023-09-28 12:55:40,005 [main] INFO  server.AbstractConnector (AbstractConnector.java:doStart(333)) - Started ServerConnector@699fe19f{HTTP/1.1, (http/1.1)}{0.0.0.0:15003}
2023-09-28 12:55:40,006 [main] INFO  server.Server (Server.java:doStart(415)) - Started @5858ms
2023-09-28 12:55:40,008 [main] INFO  impl.MetricsSinkAdapter (MetricsSinkAdapter.java:start(204)) - Sink prometheus started
2023-09-28 12:55:40,009 [main] INFO  impl.MetricsSystemImpl (MetricsSystemImpl.java:registerSink(305)) - Registered sink prometheus
2023-09-28 12:55:40,010 [main] INFO  http.BaseHttpServer (BaseHttpServer.java:updateConnectorAddress(354)) - HTTP server of scm listening at http://0.0.0.0:15003
2023-09-28 12:55:40,017 [main] WARN  server.ServerUtils (ServerUtils.java:getDBPath(311)) - ozone.om.db.dirs is not configured. We recommend adding this setting. Falling back to ozone.metadata.dirs instead.
2023-09-28 12:55:40,091 [main] INFO  audit.AuditLogger (AuditLogger.java:refreshDebugCmdSet(126)) - Refresh DebugCmdSet for OMAudit to [].
2023-09-28 12:55:40,185 [main] INFO  ha.OMHANodeDetails (OMHANodeDetails.java:loadOMHAConfig(115)) - ozone.om.internal.service.id is not defined, falling back to ozone.om.service.ids to find serviceID for OzoneManager if it is HA enabled cluster
2023-09-28 12:55:40,189 [main] INFO  ha.OMHANodeDetails (OMHANodeDetails.java:loadOMHAConfig(226)) - Configuration does not have ozone.om.address set. Falling back to the default OM address /127.0.0.1:15004
2023-09-28 12:55:40,189 [main] INFO  ha.OMHANodeDetails (OMHANodeDetails.java:getOMNodeDetailsForNonHA(254)) - OM Service ID is not set. Setting it to the default ID: omServiceIdDefault
2023-09-28 12:55:40,190 [main] INFO  ha.OMHANodeDetails (OMHANodeDetails.java:getOMNodeDetailsForNonHA(261)) - OM Node ID is not set. Setting it to the default ID: om1
2023-09-28 12:55:40,194 [main] WARN  server.ServerUtils (ServerUtils.java:getDBPath(311)) - ozone.om.db.dirs is not configured. We recommend adding this setting. Falling back to ozone.metadata.dirs instead.
2023-09-28 12:55:40,199 [main] INFO  upgrade.AbstractLayoutVersionManager (AbstractLayoutVersionManager.java:init(83)) - Initializing Layout version manager with metadata layout = QUOTA (version = 6), software layout = QUOTA (version = 6)
2023-09-28 12:55:40,304 [main] INFO  reflections.Reflections (Reflections.java:scan(232)) - Reflections took 101 ms to scan 2 urls, producing 188 keys and 516 values [using 2 cores]
2023-09-28 12:55:40,311 [main] INFO  upgrade.OMLayoutVersionManager (OMLayoutVersionManager.java:lambda$0(115)) - Skipping Upgrade Action MockOmUpgradeAction since it has been finalized.
2023-09-28 12:55:40,312 [main] INFO  upgrade.OMLayoutVersionManager (OMLayoutVersionManager.java:lambda$0(115)) - Skipping Upgrade Action QuotaRepairUpgradeAction since it has been finalized.
2023-09-28 12:55:40,314 [main] WARN  server.ServerUtils (ServerUtils.java:getDBPath(311)) - ozone.om.db.dirs is not configured. We recommend adding this setting. Falling back to ozone.metadata.dirs instead.
2023-09-28 12:55:40,533 [main] INFO  proxy.SCMBlockLocationFailoverProxyProvider (SCMBlockLocationFailoverProxyProvider.java:<init>(114)) - Created block location fail-over proxy with 1 nodes: [nodeId=scmNodeId,nodeAddress=/0.0.0.0:15001]
2023-09-28 12:55:40,574 [main] INFO  proxy.SCMBlockLocationFailoverProxyProvider (SCMBlockLocationFailoverProxyProvider.java:<init>(114)) - Created block location fail-over proxy with 1 nodes: [nodeId=scmNodeId,nodeAddress=/0.0.0.0:15001]
2023-09-28 12:55:40,850 [main] INFO  om.OzoneManager (OzoneManager.java:<init>(668)) - OM start with adminUsers: [runner]
2023-09-28 12:55:40,871 [main] WARN  server.ServerUtils (ServerUtils.java:getDBPath(311)) - ozone.om.db.dirs is not configured. We recommend adding this setting. Falling back to ozone.metadata.dirs instead.
2023-09-28 12:55:40,906 [main] INFO  helpers.OmKeyInfo (OmKeyInfo.java:getCodec(71)) - OmKeyInfo.getCodec ignorePipeline = true
2023-09-28 12:55:41,260 [main] INFO  om.OzoneManager (OzoneManager.java:instantiateServices(797)) - S3 Multi-Tenancy is disabled
2023-09-28 12:55:41,298 [main] INFO  om.OmSnapshotManager (OmSnapshotManager.java:<init>(174)) - Ozone filesystem snapshot feature is enabled.
2023-09-28 12:55:41,307 [main] WARN  server.ServerUtils (ServerUtils.java:getDBPath(311)) - ozone.om.snapshot.diff.db.dir is not configured. We recommend adding this setting. Falling back to ozone.metadata.dirs instead.
2023-09-28 12:55:41,358 [main] INFO  utils.NativeLibraryLoader (NativeLibraryLoader.java:loadLibrary(108)) - Loading Library: ozone_rocksdb_tools
2023-09-28 12:55:41,359 [main] INFO  snapshot.SnapshotDiffManager (SnapshotDiffManager.java:closeExecutorService(1718)) - Shutting down executorService: 'SstDumpToolExecutor'
2023-09-28 12:55:41,444 [main] INFO  om.OzoneManager (OzoneManager.java:addS3GVolumeToDB(4324)) - Created Volume s3v With Owner runner required for S3Gateway operations.
2023-09-28 12:55:41,516 [main] WARN  server.ServerUtils (ServerUtils.java:getDefaultRatisDirectory(323)) - Storage directory for Ratis is not configured. It is a good idea to map this to an SSD disk. Falling back to ozone.metadata.dirs
2023-09-28 12:55:41,517 [main] WARN  utils.OzoneManagerRatisUtils (OzoneManagerRatisUtils.java:getOMRatisSnapshotDirectory(464)) - ozone.om.ratis.snapshot.dir is not configured. Falling back to ozone.metadata.dirs config
2023-09-28 12:55:41,536 [main] WARN  server.ServerUtils (ServerUtils.java:getDefaultRatisDirectory(323)) - Storage directory for Ratis is not configured. It is a good idea to map this to an SSD disk. Falling back to ozone.metadata.dirs
2023-09-28 12:55:41,569 [main] INFO  ratis.OzoneManagerRatisServer (OzoneManagerRatisServer.java:<init>(163)) - Instantiating OM Ratis server with groupID: omServiceIdDefault and peers: localhost:15007
2023-09-28 12:55:41,581 [main] INFO  ratis.OzoneManagerStateMachine (OzoneManagerStateMachine.java:loadSnapshotInfoFromDB(687)) - LastAppliedIndex is set from TransactionInfo from OM DB as (t:0, i:~)
2023-09-28 12:55:41,659 [main] INFO  server.RaftServer (ConfUtils.java:logGet(46)) - raft.rpc.type = GRPC (default)
2023-09-28 12:55:41,671 [main] INFO  grpc.GrpcConfigKeys (ConfUtils.java:logFallback(53)) - raft.grpc.admin.host = null (fallback to raft.grpc.server.host)
2023-09-28 12:55:41,676 [main] INFO  grpc.GrpcConfigKeys (ConfUtils.java:logFallback(53)) - raft.grpc.admin.port = 15007 (fallback to raft.grpc.server.port)
2023-09-28 12:55:41,678 [main] INFO  grpc.GrpcConfigKeys (ConfUtils.java:logFallback(53)) - raft.grpc.client.host = null (fallback to raft.grpc.server.host)
2023-09-28 12:55:41,679 [main] INFO  grpc.GrpcConfigKeys (ConfUtils.java:logFallback(53)) - raft.grpc.client.port = 15007 (fallback to raft.grpc.server.port)
2023-09-28 12:55:41,679 [main] INFO  grpc.GrpcConfigKeys (ConfUtils.java:logGet(46)) - raft.grpc.server.host = null (default)
2023-09-28 12:55:41,680 [main] INFO  grpc.GrpcConfigKeys (ConfUtils.java:logGet(46)) - raft.grpc.server.port = 15007 (custom)
2023-09-28 12:55:41,681 [main] INFO  server.GrpcService (ConfUtils.java:logGet(46)) - raft.grpc.message.size.max = 33554432 (custom)
2023-09-28 12:55:41,682 [main] INFO  server.RaftServerConfigKeys (ConfUtils.java:logGet(46)) - raft.server.log.appender.buffer.byte-limit = 33554432 (custom)
2023-09-28 12:55:41,683 [main] INFO  server.GrpcService (ConfUtils.java:logGet(46)) - raft.grpc.flow.control.window = 1MB (=1048576) (default)
2023-09-28 12:55:41,684 [main] INFO  server.RaftServerConfigKeys (ConfUtils.java:logGet(46)) - raft.server.rpc.request.timeout = 3000ms (default)
2023-09-28 12:55:41,697 [main] INFO  grpc.GrpcConfigKeys (ConfUtils.java:logGet(46)) - raft.grpc.server.heartbeat.channel = true (default)
2023-09-28 12:55:41,700 [main] INFO  grpc.GrpcConfigKeys (ConfUtils.java:logGet(46)) - raft.grpc.server.async.request.thread.pool.cached = true (default)
2023-09-28 12:55:41,700 [main] INFO  grpc.GrpcConfigKeys (ConfUtils.java:logGet(46)) - raft.grpc.server.async.request.thread.pool.size = 32 (default)
2023-09-28 12:55:41,958 [main] INFO  impl.DataStreamServerImpl (ConfUtils.java:logGet(46)) - raft.datastream.type = DISABLED (default)
2023-09-28 12:55:41,962 [main] INFO  server.RaftServerConfigKeys (ConfUtils.java:logGet(46)) - raft.server.threadpool.proxy.cached = true (default)
2023-09-28 12:55:41,964 [main] INFO  server.RaftServerConfigKeys (ConfUtils.java:logGet(46)) - raft.server.threadpool.proxy.size = 0 (default)
2023-09-28 12:55:41,964 [main] INFO  server.RaftServerConfigKeys (ConfUtils.java:logGet(46)) - raft.server.rpc.slowness.timeout = 120s (custom)
2023-09-28 12:55:41,965 [main] INFO  server.RaftServerConfigKeys (ConfUtils.java:logGet(46)) - raft.server.leaderelection.leader.step-down.wait-time = 10s (default)
2023-09-28 12:55:41,967 [main] INFO  server.RaftServerConfigKeys (ConfUtils.java:logGet(46)) - raft.server.storage.dir = [/home/runner/work/ozone/ozone/hadoop-ozone/integration-test/target/test-dir/MiniOzoneClusterImpl-82bdab22-5801-416e-a4bc-b8f6b9675fef/ozone-meta/ratis] (custom)
2023-09-28 12:55:41,975 [main] INFO  server.RaftServer (RaftServerProxy.java:addNew(98)) - om1: addNew group-C5BA1605619E:[om1|rpc:localhost:15007|priority:0|startupRole:FOLLOWER] returns group-C5BA1605619E:java.util.concurrent.CompletableFuture@72d3cdb[Not completed]
2023-09-28 12:55:41,976 [main] INFO  om.OzoneManager (OzoneManager.java:initializeRatisServer(2151)) - OzoneManager Ratis server initialized at port 15007
2023-09-28 12:55:41,979 [main] INFO  om.OzoneManager (OzoneManager.java:getRpcServer(1199)) - Creating RPC Server
2023-09-28 12:55:42,165 [om1-groupManagement] INFO  server.RaftServer$Division (RaftServerImpl.java:<init>(198)) - om1: new RaftServerImpl for group-C5BA1605619E:[om1|rpc:localhost:15007|priority:0|startupRole:FOLLOWER] with OzoneManagerStateMachine:uninitialized
2023-09-28 12:55:42,168 [om1-groupManagement] INFO  server.RaftServerConfigKeys (ConfUtils.java:logGet(46)) - raft.server.rpc.timeout.min = 1s (custom)
2023-09-28 12:55:42,169 [om1-groupManagement] INFO  server.RaftServerConfigKeys (ConfUtils.java:logGet(46)) - raft.server.rpc.timeout.max = 1200ms (custom)
2023-09-28 12:55:42,169 [om1-groupManagement] INFO  server.RaftServerConfigKeys (ConfUtils.java:logGet(46)) - raft.server.rpc.sleep.time = 25ms (default)
2023-09-28 12:55:42,169 [om1-groupManagement] INFO  server.RaftServerConfigKeys (ConfUtils.java:logGet(46)) - raft.server.rpc.slowness.timeout = 120s (custom)
2023-09-28 12:55:42,169 [om1-groupManagement] INFO  server.RaftServerConfigKeys (ConfUtils.java:logGet(46)) - raft.server.leaderelection.leader.step-down.wait-time = 10s (default)
2023-09-28 12:55:42,169 [om1-groupManagement] INFO  server.RaftServerConfigKeys (ConfUtils.java:logGet(46)) - raft.server.sleep.deviation.threshold = 300ms (default)
2023-09-28 12:55:42,190 [om1-groupManagement] INFO  server.RaftServer$Division (ServerState.java:<init>(120)) - om1@group-C5BA1605619E: ConfigurationManager, init=-1: peers:[om1|rpc:localhost:15007|priority:0|startupRole:FOLLOWER]|listeners:[], old=null, confs=<EMPTY_MAP>
2023-09-28 12:55:42,192 [om1-groupManagement] INFO  server.RaftServerConfigKeys (ConfUtils.java:logGet(46)) - raft.server.storage.dir = [/home/runner/work/ozone/ozone/hadoop-ozone/integration-test/target/test-dir/MiniOzoneClusterImpl-82bdab22-5801-416e-a4bc-b8f6b9675fef/ozone-meta/ratis] (custom)
2023-09-28 12:55:42,199 [om1-groupManagement] INFO  server.RaftServerConfigKeys (ConfUtils.java:logGet(46)) - raft.server.log.corruption.policy = EXCEPTION (default)
2023-09-28 12:55:42,199 [om1-groupManagement] INFO  server.RaftServerConfigKeys (ConfUtils.java:logGet(46)) - raft.server.storage.free-space.min = 0MB (=0) (default)
2023-09-28 12:55:42,217 [om1-groupManagement] INFO  server.RaftServerConfigKeys (ConfUtils.java:logGet(46)) - raft.server.notification.no-leader.timeout = 120s (custom)
2023-09-28 12:55:42,221 [om1-groupManagement] INFO  server.RaftServerConfigKeys (ConfUtils.java:logGet(46)) - raft.server.read.timeout = 10s (default)
2023-09-28 12:55:42,233 [om1-groupManagement] INFO  server.RaftServerConfigKeys (ConfUtils.java:logGet(46)) - raft.server.retrycache.expirytime = 300s (custom)
2023-09-28 12:55:42,233 [om1-groupManagement] INFO  server.RaftServerConfigKeys (ConfUtils.java:logGet(46)) - raft.server.retrycache.statistics.expirytime = 100μs (default)
2023-09-28 12:55:42,282 [om1-groupManagement] INFO  server.RaftServerConfigKeys (ConfUtils.java:logGet(46)) - raft.server.read.option = DEFAULT (default)
2023-09-28 12:55:42,344 [om1-groupManagement] INFO  server.RaftServerConfigKeys (ConfUtils.java:logGet(46)) - raft.server.rpc.request.timeout = 3000ms (default)
2023-09-28 12:55:42,348 [om1-groupManagement] INFO  server.RaftServerConfigKeys (ConfUtils.java:logGet(46)) - raft.server.log.appender.install.snapshot.enabled = false (custom)
2023-09-28 12:55:42,349 [om1-groupManagement] INFO  server.RaftServerConfigKeys (ConfUtils.java:logGet(46)) - raft.server.threadpool.server.cached = true (default)
2023-09-28 12:55:42,349 [om1-groupManagement] INFO  server.RaftServerConfigKeys (ConfUtils.java:logGet(46)) - raft.server.threadpool.server.size = 0 (default)
2023-09-28 12:55:42,350 [om1-groupManagement] INFO  server.RaftServerConfigKeys (ConfUtils.java:logGet(46)) - raft.server.threadpool.client.cached = true (default)
2023-09-28 12:55:42,350 [om1-groupManagement] INFO  server.RaftServerConfigKeys (ConfUtils.java:logGet(46)) - raft.server.threadpool.client.size = 0 (default)
2023-09-28 12:55:43,132 [main] INFO  reflections.Reflections (Reflections.java:scan(232)) - Reflections took 901 ms to scan 20 urls, producing 71 keys and 6039 values [using 2 cores]
2023-09-28 12:55:43,346 [main] INFO  ipc.CallQueueManager (CallQueueManager.java:<init>(90)) - Using callQueue: class java.util.concurrent.LinkedBlockingQueue, queueCapacity: 2000, scheduler: class org.apache.hadoop.ipc.DefaultRpcScheduler, ipcBackoff: false.
2023-09-28 12:55:43,346 [main] INFO  ipc.Server (Server.java:<init>(1287)) - Listener at 127.0.0.1:15004
2023-09-28 12:55:43,347 [Socket Reader #1 for port 15004] INFO  ipc.Server (Server.java:run(1323)) - Starting Socket Reader #1 for port 15004
2023-09-28 12:55:43,386 [main] INFO  impl.MetricsSystemImpl (MetricsSystemImpl.java:init(158)) - OzoneManager metrics system started (again)
2023-09-28 12:55:43,402 [main] INFO  om.OzoneManager (OzoneManager.java:start(1636)) - OzoneManager RPC server is listening at localhost/127.0.0.1:15004
2023-09-28 12:55:43,403 [main] INFO  ratis.OzoneManagerRatisServer (OzoneManagerRatisServer.java:start(558)) - Starting OzoneManagerRatisServer om1 at port 15007
2023-09-28 12:55:43,406 [om1-impl-thread1] INFO  storage.RaftStorageDirectory (RaftStorageDirectoryImpl.java:analyzeStorage(137)) - The storage directory /home/runner/work/ozone/ozone/hadoop-ozone/integration-test/target/test-dir/MiniOzoneClusterImpl-82bdab22-5801-416e-a4bc-b8f6b9675fef/ozone-meta/ratis/bf265839-605b-3f16-9796-c5ba1605619e does not exist. Creating ...
2023-09-28 12:55:43,411 [om1-impl-thread1] INFO  storage.RaftStorageDirectory (RaftStorageDirectoryImpl.java:tryLock(231)) - Lock on /home/runner/work/ozone/ozone/hadoop-ozone/integration-test/target/test-dir/MiniOzoneClusterImpl-82bdab22-5801-416e-a4bc-b8f6b9675fef/ozone-meta/ratis/bf265839-605b-3f16-9796-c5ba1605619e/in_use.lock acquired by nodename 7568@fv-az163-431
2023-09-28 12:55:43,417 [om1-impl-thread1] INFO  storage.RaftStorage (RaftStorageImpl.java:format(96)) - Storage directory /home/runner/work/ozone/ozone/hadoop-ozone/integration-test/target/test-dir/MiniOzoneClusterImpl-82bdab22-5801-416e-a4bc-b8f6b9675fef/ozone-meta/ratis/bf265839-605b-3f16-9796-c5ba1605619e has been successfully formatted.
2023-09-28 12:55:43,420 [om1-impl-thread1] INFO  server.RaftServerConfigKeys (ConfUtils.java:logGet(46)) - raft.server.log.use.memory = false (default)
2023-09-28 12:55:43,428 [om1-impl-thread1] INFO  server.RaftServerConfigKeys (ConfUtils.java:logGet(46)) - raft.server.log.purge.gap = 1000000 (custom)
2023-09-28 12:55:43,428 [om1-impl-thread1] INFO  server.RaftServerConfigKeys (ConfUtils.java:logGet(46)) - raft.server.log.appender.buffer.byte-limit = 33554432 (custom)
2023-09-28 12:55:43,430 [om1-impl-thread1] INFO  server.RaftServerConfigKeys (ConfUtils.java:logGet(46)) - raft.server.log.statemachine.data.read.timeout = 1000ms (default)
2023-09-28 12:55:43,431 [om1-impl-thread1] INFO  server.RaftServerConfigKeys (ConfUtils.java:logGet(46)) - raft.server.log.purge.preservation.log.num = 0 (default)
2023-09-28 12:55:43,433 [om1-impl-thread1] INFO  server.RaftServerConfigKeys (ConfUtils.java:logGet(46)) - raft.server.log.segment.size.max = 4194304 (custom)
2023-09-28 12:55:43,439 [om1-impl-thread1] INFO  server.RaftServerConfigKeys (ConfUtils.java:logGet(46)) - raft.server.log.segment.cache.num.max = 2 (custom)
2023-09-28 12:55:43,440 [om1-impl-thread1] INFO  server.RaftServerConfigKeys (ConfUtils.java:logGet(46)) - raft.server.log.segment.cache.size.max = 200MB (=209715200) (default)
2023-09-28 12:55:43,440 [om1-impl-thread1] INFO  server.RaftServerConfigKeys (ConfUtils.java:logGet(46)) - raft.server.log.appender.buffer.byte-limit = 33554432 (custom)
2023-09-28 12:55:43,446 [om1-impl-thread1] INFO  segmented.SegmentedRaftLogWorker (SegmentedRaftLogWorker.java:<init>(188)) - new om1@group-C5BA1605619E-SegmentedRaftLogWorker for RaftStorageImpl:Storage Directory /home/runner/work/ozone/ozone/hadoop-ozone/integration-test/target/test-dir/MiniOzoneClusterImpl-82bdab22-5801-416e-a4bc-b8f6b9675fef/ozone-meta/ratis/bf265839-605b-3f16-9796-c5ba1605619e
2023-09-28 12:55:43,446 [om1-impl-thread1] INFO  server.RaftServerConfigKeys (ConfUtils.java:logGet(46)) - raft.server.log.queue.byte-limit = 64MB (=67108864) (default)
2023-09-28 12:55:43,447 [om1-impl-thread1] INFO  server.RaftServerConfigKeys (ConfUtils.java:logGet(46)) - raft.server.log.queue.element-limit = 4096 (default)
2023-09-28 12:55:43,448 [om1-impl-thread1] INFO  server.RaftServerConfigKeys (ConfUtils.java:logGet(46)) - raft.server.log.segment.size.max = 4194304 (custom)
2023-09-28 12:55:43,448 [om1-impl-thread1] INFO  server.RaftServerConfigKeys (ConfUtils.java:logGet(46)) - raft.server.log.preallocated.size = 4194304 (custom)
2023-09-28 12:55:43,449 [om1-impl-thread1] INFO  server.RaftServerConfigKeys (ConfUtils.java:logGet(46)) - raft.server.log.force.sync.num = 128 (default)
2023-09-28 12:55:43,450 [om1-impl-thread1] INFO  server.RaftServerConfigKeys (ConfUtils.java:logGet(46)) - raft.server.log.statemachine.data.sync = true (default)
2023-09-28 12:55:43,450 [om1-impl-thread1] INFO  server.RaftServerConfigKeys (ConfUtils.java:logGet(46)) - raft.server.log.statemachine.data.sync.timeout = 10s (default)
2023-09-28 12:55:43,450 [om1-impl-thread1] INFO  server.RaftServerConfigKeys (ConfUtils.java:logGet(46)) - raft.server.log.statemachine.data.sync.timeout.retry = -1 (default)
2023-09-28 12:55:43,460 [om1-impl-thread1] INFO  server.RaftServerConfigKeys (ConfUtils.java:logGet(46)) - raft.server.log.write.buffer.size = 64KB (=65536) (default)
2023-09-28 12:55:43,460 [om1-impl-thread1] INFO  server.RaftServerConfigKeys (ConfUtils.java:logGet(46)) - raft.server.log.appender.buffer.byte-limit = 33554432 (custom)
2023-09-28 12:55:43,467 [om1-impl-thread1] INFO  server.RaftServerConfigKeys (ConfUtils.java:logGet(46)) - raft.server.log.unsafe-flush.enabled = false (default)
2023-09-28 12:55:43,467 [om1-impl-thread1] INFO  server.RaftServerConfigKeys (ConfUtils.java:logGet(46)) - raft.server.log.async-flush.enabled = false (default)
2023-09-28 12:55:43,468 [om1-impl-thread1] INFO  server.RaftServerConfigKeys (ConfUtils.java:logGet(46)) - raft.server.log.statemachine.data.caching.enabled = false (default)
2023-09-28 12:55:43,474 [om1-impl-thread1] INFO  segmented.SegmentedRaftLogWorker (SegmentedRaftLogWorker.java:lambda$new$0(135)) - om1@group-C5BA1605619E-SegmentedRaftLogWorker: flushIndex: setUnconditionally 0 -> -1
2023-09-28 12:55:43,474 [om1-impl-thread1] INFO  segmented.SegmentedRaftLogWorker (SegmentedRaftLogWorker.java:lambda$new$0(135)) - om1@group-C5BA1605619E-SegmentedRaftLogWorker: safeCacheEvictIndex: setUnconditionally 0 -> -1
2023-09-28 12:55:43,476 [om1-impl-thread1] INFO  server.RaftServer$Division (RaftServerImpl.java:start(342)) - om1@group-C5BA1605619E: start as a follower, conf=-1: peers:[om1|rpc:localhost:15007|priority:0|startupRole:FOLLOWER]|listeners:[], old=null
2023-09-28 12:55:43,480 [om1-impl-thread1] INFO  server.RaftServer$Division (RaftServerImpl.java:setRole(329)) - om1@group-C5BA1605619E: changes role from      null to FOLLOWER at term 0 for startAsFollower
2023-09-28 12:55:43,482 [om1-impl-thread1] INFO  impl.RoleInfo (RoleInfo.java:updateAndGet(139)) - om1: start om1@group-C5BA1605619E-FollowerState
2023-09-28 12:55:43,486 [om1-impl-thread1] INFO  util.JmxRegister (JmxRegister.java:tryRegister(44)) - Successfully registered JMX Bean with object name Ratis:service=RaftServer,group=group-C5BA1605619E,id=om1
2023-09-28 12:55:43,488 [om1-impl-thread1] INFO  server.RaftServerConfigKeys (ConfUtils.java:logGet(46)) - raft.server.snapshot.auto.trigger.enabled = true (custom)
2023-09-28 12:55:43,489 [om1@group-C5BA1605619E-FollowerState] INFO  server.RaftServerConfigKeys (ConfUtils.java:logFallback(53)) - raft.server.rpc.first-election.timeout.min = 1s (fallback to raft.server.rpc.timeout.min)
2023-09-28 12:55:43,489 [om1@group-C5BA1605619E-FollowerState] INFO  server.RaftServerConfigKeys (ConfUtils.java:logFallback(53)) - raft.server.rpc.first-election.timeout.max = 1200ms (fallback to raft.server.rpc.timeout.max)
2023-09-28 12:55:43,489 [om1-impl-thread1] INFO  server.RaftServerConfigKeys (ConfUtils.java:logGet(46)) - raft.server.snapshot.auto.trigger.threshold = 400000 (default)
2023-09-28 12:55:43,490 [om1-impl-thread1] INFO  server.RaftServerConfigKeys (ConfUtils.java:logGet(46)) - raft.server.snapshot.retention.file.num = -1 (default)
2023-09-28 12:55:43,490 [om1-impl-thread1] INFO  server.RaftServerConfigKeys (ConfUtils.java:logGet(46)) - raft.server.log.purge.upto.snapshot.index = true (custom)
2023-09-28 12:55:43,494 [main] INFO  server.RaftServer (RaftServerProxy.java:startImpl(400)) - om1: start RPC server
2023-09-28 12:55:43,544 [main] INFO  server.GrpcService (GrpcService.java:startImpl(302)) - om1: GrpcService started, listening on 15007
2023-09-28 12:55:43,549 [main] INFO  om.OzoneManager (OzoneManager.java:start(1652)) - Version File has different layout version (6) than OM DB (null). That is expected if this OM has never been finalized to a newer layout version.
2023-09-28 12:55:43,557 [JvmPauseMonitor1] INFO  util.JvmPauseMonitor (JvmPauseMonitor.java:run(103)) - JvmPauseMonitor-om1: Started
2023-09-28 12:55:43,588 [main] INFO  http.BaseHttpServer (BaseHttpServer.java:newHttpServer2BuilderForOzone(223)) - Starting Web-server for ozoneManager at: http://0.0.0.0:15005
2023-09-28 12:55:43,588 [main] INFO  http.BaseHttpServer (BaseHttpServer.java:<init>(110)) - Hadoop Security Enabled: false Ozone Security Enabled: false Ozone HTTP Security Enabled: false 
2023-09-28 12:55:43,590 [main] WARN  server.AuthenticationFilter (AuthenticationFilter.java:constructSecretProvider(240)) - Unable to initialize FileSignerSecretProvider, falling back to use random secrets. Reason: Could not read signature secret file: /home/runner/hadoop-http-auth-signature-secret
2023-09-28 12:55:43,591 [main] INFO  http.HttpRequestLog (HttpRequestLog.java:getRequestLog(86)) - Http request log for http.requests.ozoneManager is not defined
2023-09-28 12:55:43,593 [main] INFO  http.HttpServer2 (HttpServer2.java:addGlobalFilter(1031)) - Added global filter 'safety' (class=org.apache.hadoop.hdds.server.http.HttpServer2$QuotingInputFilter)
2023-09-28 12:55:43,594 [main] INFO  http.HttpServer2 (HttpServer2.java:addFilter(1007)) - Added filter static_user_filter (class=org.apache.hadoop.http.lib.StaticUserWebFilter$StaticUserFilter) to context ozoneManager
2023-09-28 12:55:43,594 [main] INFO  http.HttpServer2 (HttpServer2.java:addFilter(1015)) - Added filter static_user_filter (class=org.apache.hadoop.http.lib.StaticUserWebFilter$StaticUserFilter) to context static
2023-09-28 12:55:43,594 [main] INFO  http.HttpServer2 (HttpServer2.java:addFilter(1015)) - Added filter static_user_filter (class=org.apache.hadoop.http.lib.StaticUserWebFilter$StaticUserFilter) to context logs
2023-09-28 12:55:43,595 [main] INFO  http.BaseHttpServer (BaseHttpServer.java:<init>(189)) - HTTP server of ozoneManager uses base directory /home/runner/work/ozone/ozone/hadoop-ozone/integration-test/target/test-dir/MiniOzoneClusterImpl-82bdab22-5801-416e-a4bc-b8f6b9675fef/ozone-meta/webserver
2023-09-28 12:55:43,598 [main] INFO  http.HttpServer2 (HttpServer2.java:bindListener(1231)) - Jetty bound to port 15005
2023-09-28 12:55:43,599 [main] INFO  server.Server (Server.java:doStart(375)) - jetty-9.4.52.v20230823; built: 2023-08-23T19:29:37.669Z; git: abdcda73818a1a2c705da276edb0bf6581e7997e; jvm 1.8.0_382-b05
2023-09-28 12:55:43,609 [main] INFO  server.session (DefaultSessionIdManager.java:doStart(334)) - DefaultSessionIdManager workerName=node0
2023-09-28 12:55:43,610 [main] INFO  server.session (DefaultSessionIdManager.java:doStart(339)) - No SessionScavenger set, using defaults
2023-09-28 12:55:43,610 [main] INFO  server.session (HouseKeeper.java:startScavenging(132)) - node0 Scavenging every 660000ms
2023-09-28 12:55:43,611 [main] INFO  handler.ContextHandler (ContextHandler.java:doStart(921)) - Started o.e.j.s.ServletContextHandler@7fa21def{logs,/logs,file:///home/runner/work/ozone/ozone/hadoop-ozone/integration-test/target/log,AVAILABLE}
2023-09-28 12:55:43,611 [main] INFO  handler.ContextHandler (ContextHandler.java:doStart(921)) - Started o.e.j.s.ServletContextHandler@42e1aecb{static,/static,file:///home/runner/work/ozone/ozone/hadoop-ozone/integration-test/target/test-classes/webapps/static,AVAILABLE}
2023-09-28 12:55:43,616 [main] INFO  handler.ContextHandler (ContextHandler.java:doStart(921)) - Started o.e.j.w.WebAppContext@22a022f9{ozoneManager,/,file:///home/runner/work/ozone/ozone/hadoop-ozone/integration-test/target/test-classes/webapps/ozoneManager/,AVAILABLE}{file:/home/runner/work/ozone/ozone/hadoop-ozone/integration-test/target/test-classes/webapps/ozoneManager}
2023-09-28 12:55:43,622 [main] INFO  server.AbstractConnector (AbstractConnector.java:doStart(333)) - Started ServerConnector@27b72947{HTTP/1.1, (http/1.1)}{0.0.0.0:15005}
2023-09-28 12:55:43,622 [main] INFO  server.Server (Server.java:doStart(415)) - Started @9474ms
2023-09-28 12:55:43,622 [main] WARN  impl.MetricsSystemImpl (MetricsSystemImpl.java:register(279)) - Sink prometheus already exists!
2023-09-28 12:55:43,623 [main] INFO  http.BaseHttpServer (BaseHttpServer.java:updateConnectorAddress(354)) - HTTP server of ozoneManager listening at http://0.0.0.0:15005
2023-09-28 12:55:43,624 [IPC Server Responder] INFO  ipc.Server (Server.java:run(1562)) - IPC Server Responder: starting
2023-09-28 12:55:43,624 [IPC Server listener on 15004] INFO  ipc.Server (Server.java:run(1402)) - IPC Server listener on 15004: starting
2023-09-28 12:55:43,722 [main] INFO  om.TrashPolicyOzone (TrashPolicyOzone.java:<init>(281)) - Ozone Manager trash configuration: Deletion interval = 0 minutes, Emptier interval = 0 minutes.
2023-09-28 12:55:43,875 [main] INFO  db.CodecBuffer (CodecBuffer.java:set(60)) - Successfully set constructor to org.apache.hadoop.hdds.utils.db.CodecBuffer$$Lambda$789/1334608182@39954f8a
2023-09-28 12:55:43,876 [main] WARN  impl.MetricRegistriesImpl (MetricRegistriesImpl.java:addReporterRegistration(111)) - New reporters are added after registries were created. Some metrics will be missing from the reporter. Please add reporter before adding any new registry.
2023-09-28 12:55:43,876 [main] WARN  impl.MetricRegistriesImpl (MetricRegistriesImpl.java:addReporterRegistration(111)) - New reporters are added after registries were created. Some metrics will be missing from the reporter. Please add reporter before adding any new registry.
2023-09-28 12:55:43,876 [main] INFO  impl.MetricsSystemImpl (MetricsSystemImpl.java:init(158)) - HddsDatanode metrics system started (again)
2023-09-28 12:55:43,901 [main] INFO  ozone.HddsDatanodeService (HddsDatanodeService.java:start(237)) - HddsDatanodeService host:fv-az163-431.ksqkok1cighebdh5ckq0wc3qdf.dx.internal.cloudapp.net ip:10.1.0.34
2023-09-28 12:55:43,937 [main] INFO  upgrade.AbstractLayoutVersionManager (AbstractLayoutVersionManager.java:init(83)) - Initializing Layout version manager with metadata layout = HADOOP_PRC_PORTS_IN_DATANODEDETAILS (version = 7), software layout = HADOOP_PRC_PORTS_IN_DATANODEDETAILS (version = 7)
2023-09-28 12:55:43,939 [main] INFO  statemachine.DatanodeStateMachine (DatanodeStateMachine.java:getEndPointTaskThreadPoolSize(283)) - Datanode State Machine Task Thread Pool size 2
2023-09-28 12:55:44,006 [main] INFO  volume.HddsVolume (HddsVolume.java:<init>(126)) - Creating HddsVolume: /home/runner/work/ozone/ozone/hadoop-ozone/integration-test/target/test-dir/MiniOzoneClusterImpl-82bdab22-5801-416e-a4bc-b8f6b9675fef/datanode-0/data-0/containers/hdds of storage type : DISK capacity : 9223372036854775807
2023-09-28 12:55:44,009 [main] INFO  volume.MutableVolumeSet (MutableVolumeSet.java:initializeVolumeSet(173)) - Added Volume : /home/runner/work/ozone/ozone/hadoop-ozone/integration-test/target/test-dir/MiniOzoneClusterImpl-82bdab22-5801-416e-a4bc-b8f6b9675fef/datanode-0/data-0/containers/hdds to VolumeSet
2023-09-28 12:55:44,013 [main] INFO  volume.MutableVolumeSet (MutableVolumeSet.java:initializeVolumeSet(173)) - Added Volume : /home/runner/work/ozone/ozone/hadoop-ozone/integration-test/target/test-dir/MiniOzoneClusterImpl-82bdab22-5801-416e-a4bc-b8f6b9675fef/datanode-0/data/ratis to VolumeSet
2023-09-28 12:55:44,028 [Thread-140] INFO  ozoneimpl.ContainerReader (ContainerReader.java:readVolume(177)) - Finish verifying containers on volume /home/runner/work/ozone/ozone/hadoop-ozone/integration-test/target/test-dir/MiniOzoneClusterImpl-82bdab22-5801-416e-a4bc-b8f6b9675fef/datanode-0/data-0/containers/hdds
2023-09-28 12:55:44,029 [main] INFO  ozoneimpl.OzoneContainer (OzoneContainer.java:buildContainerSet(314)) - Build ContainerSet costs 0s
2023-09-28 12:55:44,089 [main] INFO  audit.AuditLogger (AuditLogger.java:refreshDebugCmdSet(126)) - Refresh DebugCmdSet for DNAudit to [].
2023-09-28 12:55:44,122 [main] INFO  server.RaftServer (ConfUtils.java:logGet(46)) - raft.rpc.type = GRPC (default)
2023-09-28 12:55:44,123 [main] INFO  grpc.GrpcConfigKeys (ConfUtils.java:logFallback(53)) - raft.grpc.admin.host = null (fallback to raft.grpc.server.host)
2023-09-28 12:55:44,123 [main] INFO  grpc.GrpcConfigKeys (ConfUtils.java:logGet(46)) - raft.grpc.admin.port = 15013 (custom)
2023-09-28 12:55:44,123 [main] INFO  grpc.GrpcConfigKeys (ConfUtils.java:logFallback(53)) - raft.grpc.client.host = null (fallback to raft.grpc.server.host)
2023-09-28 12:55:44,124 [main] INFO  grpc.GrpcConfigKeys (ConfUtils.java:logGet(46)) - raft.grpc.client.port = 15012 (custom)
2023-09-28 12:55:44,124 [main] INFO  grpc.GrpcConfigKeys (ConfUtils.java:logGet(46)) - raft.grpc.server.host = null (default)
2023-09-28 12:55:44,124 [main] INFO  grpc.GrpcConfigKeys (ConfUtils.java:logGet(46)) - raft.grpc.server.port = 15014 (custom)
2023-09-28 12:55:44,124 [main] INFO  server.GrpcService (ConfUtils.java:logGet(46)) - raft.grpc.message.size.max = 32MB (=33554432) (custom)
2023-09-28 12:55:44,124 [main] INFO  server.RaftServerConfigKeys (ConfUtils.java:logGet(46)) - raft.server.log.appender.buffer.byte-limit = 33554432 (custom)
2023-09-28 12:55:44,124 [main] INFO  server.GrpcService (ConfUtils.java:logGet(46)) - raft.grpc.flow.control.window = 5MB (=5242880) (custom)
2023-09-28 12:55:44,125 [main] INFO  server.RaftServerConfigKeys (ConfUtils.java:logGet(46)) - raft.server.rpc.request.timeout = 60s (custom)
2023-09-28 12:55:44,125 [main] INFO  grpc.GrpcConfigKeys (ConfUtils.java:logGet(46)) - raft.grpc.server.heartbeat.channel = true (default)
2023-09-28 12:55:44,125 [main] INFO  grpc.GrpcConfigKeys (ConfUtils.java:logGet(46)) - raft.grpc.server.async.request.thread.pool.cached = true (default)
2023-09-28 12:55:44,125 [main] INFO  grpc.GrpcConfigKeys (ConfUtils.java:logGet(46)) - raft.grpc.server.async.request.thread.pool.size = 32 (default)
2023-09-28 12:55:44,128 [main] INFO  impl.DataStreamServerImpl (ConfUtils.java:logGet(46)) - raft.datastream.type = NETTY (custom)
2023-09-28 12:55:44,139 [main] INFO  server.RaftServerConfigKeys (ConfUtils.java:logGet(46)) - raft.server.data-stream.async.request.thread.pool.cached = false (default)
2023-09-28 12:55:44,139 [main] INFO  server.RaftServerConfigKeys (ConfUtils.java:logGet(46)) - raft.server.data-stream.async.request.thread.pool.size = 20 (custom)
2023-09-28 12:55:44,140 [main] INFO  server.RaftServerConfigKeys (ConfUtils.java:logGet(46)) - raft.server.data-stream.async.write.thread.pool.size = 16 (default)
2023-09-28 12:55:44,141 [main] INFO  server.RaftServerConfigKeys (ConfUtils.java:logGet(46)) - raft.server.data-stream.client.pool.size = 10 (default)
2023-09-28 12:55:44,144 [main] INFO  netty.NettyConfigKeys$DataStream (ConfUtils.java:logGet(46)) - raft.netty.dataStream.server.use-epoll = false (default)
2023-09-28 12:55:44,145 [main] INFO  netty.NettyConfigKeys$DataStream (ConfUtils.java:logGet(46)) - raft.netty.dataStream.server.boss-group.size = 0 (default)
2023-09-28 12:55:44,152 [main] INFO  netty.NettyConfigKeys$DataStream (ConfUtils.java:logGet(46)) - raft.netty.dataStream.server.worker-group.size = 0 (default)
2023-09-28 12:55:44,165 [main] INFO  netty.NettyConfigKeys$DataStream (ConfUtils.java:logGet(46)) - raft.netty.dataStream.server.tls.conf = null (default)
2023-09-28 12:55:44,167 [main] INFO  netty.NettyConfigKeys$DataStream (ConfUtils.java:logGet(46)) - raft.netty.dataStream.host = null (default)
2023-09-28 12:55:44,168 [main] INFO  netty.NettyConfigKeys$DataStream (ConfUtils.java:logGet(46)) - raft.netty.dataStream.port = 15015 (custom)
2023-09-28 12:55:44,177 [main] INFO  server.RaftServerConfigKeys (ConfUtils.java:logGet(46)) - raft.server.threadpool.proxy.cached = true (default)
2023-09-28 12:55:44,178 [main] INFO  server.RaftServerConfigKeys (ConfUtils.java:logGet(46)) - raft.server.threadpool.proxy.size = 0 (default)
2023-09-28 12:55:44,178 [main] INFO  server.RaftServerConfigKeys (ConfUtils.java:logGet(46)) - raft.server.rpc.slowness.timeout = 300s (custom)
2023-09-28 12:55:44,178 [main] INFO  server.RaftServerConfigKeys (ConfUtils.java:logGet(46)) - raft.server.leaderelection.leader.step-down.wait-time = 10s (default)
2023-09-28 12:55:44,178 [main] INFO  server.RaftServerConfigKeys (ConfUtils.java:logGet(46)) - raft.server.storage.dir = [/home/runner/work/ozone/ozone/hadoop-ozone/integration-test/target/test-dir/MiniOzoneClusterImpl-82bdab22-5801-416e-a4bc-b8f6b9675fef/datanode-0/data/ratis] (custom)
2023-09-28 12:55:44,181 [034573be-2326-4784-8299-dcb44cb21fac-impl-thread1] INFO  server.RaftServer (RaftServerProxy.java:initGroupDir(258)) - 034573be-2326-4784-8299-dcb44cb21fac: found a subdirectory /home/runner/work/ozone/ozone/hadoop-ozone/integration-test/target/test-dir/MiniOzoneClusterImpl-82bdab22-5801-416e-a4bc-b8f6b9675fef/datanode-0/data/ratis/tmp
2023-09-28 12:55:44,185 [034573be-2326-4784-8299-dcb44cb21fac-impl-thread1] INFO  server.RaftServer (RaftServerProxy.java:initGroupDir(263)) - 034573be-2326-4784-8299-dcb44cb21fac: The directory /home/runner/work/ozone/ozone/hadoop-ozone/integration-test/target/test-dir/MiniOzoneClusterImpl-82bdab22-5801-416e-a4bc-b8f6b9675fef/datanode-0/data/ratis/tmp is not a group directory; ignoring it. 
2023-09-28 12:55:44,188 [main] INFO  replication.ReplicationServer (ReplicationServer.java:<init>(83)) - Initializing replication server with thread count = 10 queue length = 4096
2023-09-28 12:55:44,201 [034573be-2326-4784-8299-dcb44cb21fac-NettyServerStreamRpc-bossGroup--thread1] INFO  logging.LoggingHandler (AbstractInternalLogger.java:log(148)) - [id: 0xd32b4721] REGISTERED
2023-09-28 12:55:44,203 [034573be-2326-4784-8299-dcb44cb21fac-NettyServerStreamRpc-bossGroup--thread1] INFO  logging.LoggingHandler (AbstractInternalLogger.java:log(148)) - [id: 0xd32b4721] BIND: 0.0.0.0/0.0.0.0:15015
2023-09-28 12:55:44,203 [034573be-2326-4784-8299-dcb44cb21fac-NettyServerStreamRpc-bossGroup--thread1] INFO  logging.LoggingHandler (AbstractInternalLogger.java:log(148)) - [id: 0xd32b4721, L:/0:0:0:0:0:0:0:0:15015] ACTIVE
2023-09-28 12:55:44,217 [main] INFO  server.XceiverServerGrpc (XceiverServerGrpc.java:<init>(132)) - GrpcServer channel type EpollServerSocketChannel
2023-09-28 12:55:44,258 [main] INFO  replication.ReplicationSupervisor (ReplicationSupervisor.java:build(155)) - Initializing replication supervisor with thread count = 10
2023-09-28 12:55:44,260 [main] INFO  replication.ReplicationSupervisor (ReplicationSupervisor.java:nodeStateUpdated(307)) - Node state updated to IN_SERVICE, scaling executor pool size to 10
2023-09-28 12:55:44,319 [main] INFO  http.BaseHttpServer (BaseHttpServer.java:newHttpServer2BuilderForOzone(223)) - Starting Web-server for hddsDatanode at: http://0.0.0.0:15009
2023-09-28 12:55:44,319 [main] INFO  http.BaseHttpServer (BaseHttpServer.java:<init>(110)) - Hadoop Security Enabled: false Ozone Security Enabled: false Ozone HTTP Security Enabled: false 
2023-09-28 12:55:44,321 [main] WARN  server.AuthenticationFilter (AuthenticationFilter.java:constructSecretProvider(240)) - Unable to initialize FileSignerSecretProvider, falling back to use random secrets. Reason: Could not read signature secret file: /home/runner/hadoop-http-auth-signature-secret
2023-09-28 12:55:44,325 [main] INFO  http.HttpRequestLog (HttpRequestLog.java:getRequestLog(86)) - Http request log for http.requests.hddsDatanode is not defined
2023-09-28 12:55:44,327 [main] INFO  http.HttpServer2 (HttpServer2.java:addGlobalFilter(1031)) - Added global filter 'safety' (class=org.apache.hadoop.hdds.server.http.HttpServer2$QuotingInputFilter)
2023-09-28 12:55:44,328 [main] INFO  http.HttpServer2 (HttpServer2.java:addFilter(1007)) - Added filter static_user_filter (class=org.apache.hadoop.http.lib.StaticUserWebFilter$StaticUserFilter) to context hddsDatanode
2023-09-28 12:55:44,328 [main] INFO  http.HttpServer2 (HttpServer2.java:addFilter(1015)) - Added filter static_user_filter (class=org.apache.hadoop.http.lib.StaticUserWebFilter$StaticUserFilter) to context static
2023-09-28 12:55:44,328 [main] INFO  http.HttpServer2 (HttpServer2.java:addFilter(1015)) - Added filter static_user_filter (class=org.apache.hadoop.http.lib.StaticUserWebFilter$StaticUserFilter) to context logs
2023-09-28 12:55:44,329 [main] INFO  http.BaseHttpServer (BaseHttpServer.java:<init>(189)) - HTTP server of hddsDatanode uses base directory /home/runner/work/ozone/ozone/hadoop-ozone/integration-test/target/test-dir/MiniOzoneClusterImpl-82bdab22-5801-416e-a4bc-b8f6b9675fef/datanode-0/meta/webserver
2023-09-28 12:55:44,329 [main] INFO  http.HttpServer2 (HttpServer2.java:bindListener(1231)) - Jetty bound to port 15009
2023-09-28 12:55:44,330 [main] INFO  server.Server (Server.java:doStart(375)) - jetty-9.4.52.v20230823; built: 2023-08-23T19:29:37.669Z; git: abdcda73818a1a2c705da276edb0bf6581e7997e; jvm 1.8.0_382-b05
2023-09-28 12:55:44,334 [main] INFO  server.session (DefaultSessionIdManager.java:doStart(334)) - DefaultSessionIdManager workerName=node0
2023-09-28 12:55:44,335 [main] INFO  server.session (DefaultSessionIdManager.java:doStart(339)) - No SessionScavenger set, using defaults
2023-09-28 12:55:44,335 [main] INFO  server.session (HouseKeeper.java:startScavenging(132)) - node0 Scavenging every 600000ms
2023-09-28 12:55:44,336 [main] INFO  handler.ContextHandler (ContextHandler.java:doStart(921)) - Started o.e.j.s.ServletContextHandler@6adaccf5{logs,/logs,file:///home/runner/work/ozone/ozone/hadoop-ozone/integration-test/target/log,AVAILABLE}
2023-09-28 12:55:44,336 [main] INFO  handler.ContextHandler (ContextHandler.java:doStart(921)) - Started o.e.j.s.ServletContextHandler@50770e90{static,/static,jar:file:/home/runner/.m2/repository/org/apache/ozone/hdds-container-service/1.4.0-SNAPSHOT/hdds-container-service-1.4.0-SNAPSHOT.jar!/webapps/static,AVAILABLE}
2023-09-28 12:55:44,598 [main] INFO  handler.ContextHandler (ContextHandler.java:doStart(921)) - Started o.e.j.w.WebAppContext@3abbffd9{hddsDatanode,/,file:///home/runner/work/ozone/ozone/hadoop-ozone/integration-test/target/test-dir/MiniOzoneClusterImpl-82bdab22-5801-416e-a4bc-b8f6b9675fef/datanode-0/meta/webserver/jetty-0_0_0_0-15009-hdds-container-service-1_4_0-SNAPSHOT_jar-_-any-8624331376740276225/webapp/,AVAILABLE}{jar:file:/home/runner/.m2/repository/org/apache/ozone/hdds-container-service/1.4.0-SNAPSHOT/hdds-container-service-1.4.0-SNAPSHOT.jar!/webapps/hddsDatanode}
2023-09-28 12:55:44,600 [om1@group-C5BA1605619E-FollowerState] INFO  impl.FollowerState (FollowerState.java:run(143)) - om1@group-C5BA1605619E-FollowerState: change to CANDIDATE, lastRpcElapsedTime:1118708530ns, electionTimeout:1110ms
2023-09-28 12:55:44,601 [om1@group-C5BA1605619E-FollowerState] INFO  impl.RoleInfo (RoleInfo.java:shutdownFollowerState(110)) - om1: shutdown om1@group-C5BA1605619E-FollowerState
2023-09-28 12:55:44,602 [om1@group-C5BA1605619E-FollowerState] INFO  server.RaftServer$Division (RaftServerImpl.java:setRole(329)) - om1@group-C5BA1605619E: changes role from  FOLLOWER to CANDIDATE at term 0 for changeToCandidate
2023-09-28 12:55:44,605 [om1@group-C5BA1605619E-FollowerState] INFO  server.RaftServerConfigKeys (ConfUtils.java:logGet(46)) - raft.server.leaderelection.pre-vote = true (default)
2023-09-28 12:55:44,605 [om1@group-C5BA1605619E-FollowerState] INFO  impl.RoleInfo (RoleInfo.java:updateAndGet(139)) - om1: start om1@group-C5BA1605619E-LeaderElection1
2023-09-28 12:55:44,613 [main] INFO  server.AbstractConnector (AbstractConnector.java:doStart(333)) - Started ServerConnector@54f0372a{HTTP/1.1, (http/1.1)}{0.0.0.0:15009}
2023-09-28 12:55:44,614 [main] INFO  server.Server (Server.java:doStart(415)) - Started @10466ms
2023-09-28 12:55:44,614 [main] WARN  impl.MetricsSystemImpl (MetricsSystemImpl.java:register(279)) - Sink prometheus already exists!
2023-09-28 12:55:44,616 [main] INFO  http.BaseHttpServer (BaseHttpServer.java:updateConnectorAddress(354)) - HTTP server of hddsDatanode listening at http://0.0.0.0:15009
2023-09-28 12:55:44,619 [om1@group-C5BA1605619E-LeaderElection1] INFO  impl.LeaderElection (LeaderElection.java:askForVotes(321)) - om1@group-C5BA1605619E-LeaderElection1 PRE_VOTE round 0: submit vote requests at term 0 for -1: peers:[om1|rpc:localhost:15007|priority:0|startupRole:FOLLOWER]|listeners:[], old=null
2023-09-28 12:55:44,620 [om1@group-C5BA1605619E-LeaderElection1] INFO  impl.LeaderElection (LeaderElection.java:askForVotes(323)) - om1@group-C5BA1605619E-LeaderElection1 PRE_VOTE round 0: result PASSED (term=0)
2023-09-28 12:55:44,622 [main] INFO  ipc.CallQueueManager (CallQueueManager.java:<init>(90)) - Using callQueue: class java.util.concurrent.LinkedBlockingQueue, queueCapacity: 100, scheduler: class org.apache.hadoop.ipc.DefaultRpcScheduler, ipcBackoff: false.
2023-09-28 12:55:44,622 [main] INFO  ipc.Server (Server.java:<init>(1287)) - Listener at 0.0.0.0:15010
2023-09-28 12:55:44,623 [Socket Reader #1 for port 15010] INFO  ipc.Server (Server.java:run(1323)) - Starting Socket Reader #1 for port 15010
2023-09-28 12:55:44,630 [main] INFO  ozone.HddsDatanodeService (HddsDatanodeService.java:start(315)) - Datanode start with admins: [runner]
2023-09-28 12:55:44,630 [main] INFO  ozone.HddsDatanodeClientProtocolServer (HddsDatanodeClientProtocolServer.java:start(72)) - RPC server for Client /0.0.0.0:15010
2023-09-28 12:55:44,631 [IPC Server Responder] INFO  ipc.Server (Server.java:run(1562)) - IPC Server Responder: starting
2023-09-28 12:55:44,631 [IPC Server listener on 15010] INFO  ipc.Server (Server.java:run(1402)) - IPC Server listener on 15010: starting
2023-09-28 12:55:44,633 [main] WARN  impl.MetricRegistriesImpl (MetricRegistriesImpl.java:addReporterRegistration(111)) - New reporters are added after registries were created. Some metrics will be missing from the reporter. Please add reporter before adding any new registry.
2023-09-28 12:55:44,633 [main] WARN  impl.MetricRegistriesImpl (MetricRegistriesImpl.java:addReporterRegistration(111)) - New reporters are added after registries were created. Some metrics will be missing from the reporter. Please add reporter before adding any new registry.
2023-09-28 12:55:44,633 [main] INFO  impl.MetricsSystemImpl (MetricsSystemImpl.java:init(158)) - HddsDatanode metrics system started (again)
2023-09-28 12:55:44,637 [om1@group-C5BA1605619E-LeaderElection1] INFO  impl.LeaderElection (LeaderElection.java:askForVotes(321)) - om1@group-C5BA1605619E-LeaderElection1 ELECTION round 0: submit vote requests at term 1 for -1: peers:[om1|rpc:localhost:15007|priority:0|startupRole:FOLLOWER]|listeners:[], old=null
2023-09-28 12:55:44,637 [om1@group-C5BA1605619E-LeaderElection1] INFO  impl.LeaderElection (LeaderElection.java:askForVotes(323)) - om1@group-C5BA1605619E-LeaderElection1 ELECTION round 0: result PASSED (term=1)
2023-09-28 12:55:44,637 [om1@group-C5BA1605619E-LeaderElection1] INFO  impl.RoleInfo (RoleInfo.java:shutdownLeaderElection(130)) - om1: shutdown om1@group-C5BA1605619E-LeaderElection1
2023-09-28 12:55:44,638 [om1@group-C5BA1605619E-LeaderElection1] INFO  server.RaftServer$Division (RaftServerImpl.java:setRole(329)) - om1@group-C5BA1605619E: changes role from CANDIDATE to LEADER at term 1 for changeToLeader
2023-09-28 12:55:44,640 [om1@group-C5BA1605619E-LeaderElection1] INFO  server.RaftServer$Division (ServerState.java:setLeader(317)) - om1@group-C5BA1605619E: change Leader from null to om1 at term 1 for becomeLeader, leader elected after 2420ms
2023-09-28 12:55:44,653 [Datanode State Machine Daemon Thread] INFO  statemachine.DatanodeStateMachine (DatanodeStateMachine.java:lambda$startDaemon$0(539)) - Ozone container server started.
2023-09-28 12:55:44,661 [om1@group-C5BA1605619E-LeaderElection1] INFO  server.RaftServerConfigKeys (ConfUtils.java:logGet(46)) - raft.server.staging.catchup.gap = 1000 (default)
2023-09-28 12:55:44,666 [main] INFO  ozone.HddsDatanodeService (HddsDatanodeService.java:start(237)) - HddsDatanodeService host:fv-az163-431.ksqkok1cighebdh5ckq0wc3qdf.dx.internal.cloudapp.net ip:10.1.0.34
2023-09-28 12:55:44,671 [om1@group-C5BA1605619E-LeaderElection1] INFO  server.RaftServerConfigKeys (ConfUtils.java:logGet(46)) - raft.server.write.element-limit = 4096 (default)
2023-09-28 12:55:44,671 [om1@group-C5BA1605619E-LeaderElection1] INFO  server.RaftServerConfigKeys (ConfUtils.java:logGet(46)) - raft.server.write.byte-limit = 64MB (=67108864) (default)
2023-09-28 12:55:44,681 [om1@group-C5BA1605619E-LeaderElection1] INFO  server.RaftServerConfigKeys (ConfUtils.java:logGet(46)) - raft.server.watch.timeout = 10s (default)
2023-09-28 12:55:44,681 [om1@group-C5BA1605619E-LeaderElection1] INFO  server.RaftServerConfigKeys (ConfUtils.java:logGet(46)) - raft.server.watch.timeout.denomination = 1s (default)
2023-09-28 12:55:44,681 [om1@group-C5BA1605619E-LeaderElection1] INFO  server.RaftServerConfigKeys (ConfUtils.java:logGet(46)) - raft.server.watch.element-limit = 65536 (default)
2023-09-28 12:55:44,687 [om1@group-C5BA1605619E-LeaderElection1] INFO  server.RaftServerConfigKeys (ConfUtils.java:logGet(46)) - raft.server.write.element-limit = 4096 (default)
2023-09-28 12:55:44,689 [om1@group-C5BA1605619E-LeaderElection1] INFO  server.RaftServerConfigKeys (ConfUtils.java:logGet(46)) - raft.server.write.follower.gap.ratio.max = -1.0 (default)
2023-09-28 12:55:44,691 [om1@group-C5BA1605619E-LeaderElection1] INFO  impl.RoleInfo (RoleInfo.java:updateAndGet(139)) - om1: start om1@group-C5BA1605619E-LeaderStateImpl
2023-09-28 12:55:44,723 [main] INFO  upgrade.AbstractLayoutVersionManager (AbstractLayoutVersionManager.java:init(83)) - Initializing Layout version manager with metadata layout = HADOOP_PRC_PORTS_IN_DATANODEDETAILS (version = 7), software layout = HADOOP_PRC_PORTS_IN_DATANODEDETAILS (version = 7)
2023-09-28 12:55:44,724 [main] INFO  statemachine.DatanodeStateMachine (DatanodeStateMachine.java:getEndPointTaskThreadPoolSize(283)) - Datanode State Machine Task Thread Pool size 2
2023-09-28 12:55:44,733 [main] INFO  volume.HddsVolume (HddsVolume.java:<init>(126)) - Creating HddsVolume: /home/runner/work/ozone/ozone/hadoop-ozone/integration-test/target/test-dir/MiniOzoneClusterImpl-82bdab22-5801-416e-a4bc-b8f6b9675fef/datanode-1/data-0/containers/hdds of storage type : DISK capacity : 9223372036854775807
2023-09-28 12:55:44,734 [main] INFO  volume.MutableVolumeSet (MutableVolumeSet.java:initializeVolumeSet(173)) - Added Volume : /home/runner/work/ozone/ozone/hadoop-ozone/integration-test/target/test-dir/MiniOzoneClusterImpl-82bdab22-5801-416e-a4bc-b8f6b9675fef/datanode-1/data-0/containers/hdds to VolumeSet
2023-09-28 12:55:44,744 [main] INFO  volume.MutableVolumeSet (MutableVolumeSet.java:initializeVolumeSet(173)) - Added Volume : /home/runner/work/ozone/ozone/hadoop-ozone/integration-test/target/test-dir/MiniOzoneClusterImpl-82bdab22-5801-416e-a4bc-b8f6b9675fef/datanode-1/data/ratis to VolumeSet
2023-09-28 12:55:44,748 [Thread-159] INFO  ozoneimpl.ContainerReader (ContainerReader.java:readVolume(177)) - Finish verifying containers on volume /home/runner/work/ozone/ozone/hadoop-ozone/integration-test/target/test-dir/MiniOzoneClusterImpl-82bdab22-5801-416e-a4bc-b8f6b9675fef/datanode-1/data-0/containers/hdds
2023-09-28 12:55:44,749 [main] INFO  ozoneimpl.OzoneContainer (OzoneContainer.java:buildContainerSet(314)) - Build ContainerSet costs 0s
2023-09-28 12:55:44,753 [om1@group-C5BA1605619E-LeaderElection1] INFO  segmented.SegmentedRaftLogWorker (SegmentedRaftLogWorker.java:startLogSegment(447)) - om1@group-C5BA1605619E-SegmentedRaftLogWorker: Starting segment from index:0
2023-09-28 12:55:44,762 [main] INFO  server.RaftServer (ConfUtils.java:logGet(46)) - raft.rpc.type = GRPC (default)
2023-09-28 12:55:44,763 [main] INFO  grpc.GrpcConfigKeys (ConfUtils.java:logFallback(53)) - raft.grpc.admin.host = null (fallback to raft.grpc.server.host)
2023-09-28 12:55:44,763 [main] INFO  grpc.GrpcConfigKeys (ConfUtils.java:logGet(46)) - raft.grpc.admin.port = 15022 (custom)
2023-09-28 12:55:44,763 [main] INFO  grpc.GrpcConfigKeys (ConfUtils.java:logFallback(53)) - raft.grpc.client.host = null (fallback to raft.grpc.server.host)
2023-09-28 12:55:44,763 [main] INFO  grpc.GrpcConfigKeys (ConfUtils.java:logGet(46)) - raft.grpc.client.port = 15021 (custom)
2023-09-28 12:55:44,763 [main] INFO  grpc.GrpcConfigKeys (ConfUtils.java:logGet(46)) - raft.grpc.server.host = null (default)
2023-09-28 12:55:44,763 [main] INFO  grpc.GrpcConfigKeys (ConfUtils.java:logGet(46)) - raft.grpc.server.port = 15023 (custom)
2023-09-28 12:55:44,764 [main] INFO  server.GrpcService (ConfUtils.java:logGet(46)) - raft.grpc.message.size.max = 32MB (=33554432) (custom)
2023-09-28 12:55:44,764 [main] INFO  server.RaftServerConfigKeys (ConfUtils.java:logGet(46)) - raft.server.log.appender.buffer.byte-limit = 33554432 (custom)
2023-09-28 12:55:44,764 [main] INFO  server.GrpcService (ConfUtils.java:logGet(46)) - raft.grpc.flow.control.window = 5MB (=5242880) (custom)
2023-09-28 12:55:44,764 [main] INFO  server.RaftServerConfigKeys (ConfUtils.java:logGet(46)) - raft.server.rpc.request.timeout = 60s (custom)
2023-09-28 12:55:44,764 [main] INFO  grpc.GrpcConfigKeys (ConfUtils.java:logGet(46)) - raft.grpc.server.heartbeat.channel = true (default)
2023-09-28 12:55:44,764 [main] INFO  grpc.GrpcConfigKeys (ConfUtils.java:logGet(46)) - raft.grpc.server.async.request.thread.pool.cached = true (default)
2023-09-28 12:55:44,773 [main] INFO  grpc.GrpcConfigKeys (ConfUtils.java:logGet(46)) - raft.grpc.server.async.request.thread.pool.size = 32 (default)
2023-09-28 12:55:44,775 [main] INFO  impl.DataStreamServerImpl (ConfUtils.java:logGet(46)) - raft.datastream.type = NETTY (custom)
2023-09-28 12:55:44,776 [main] INFO  server.RaftServerConfigKeys (ConfUtils.java:logGet(46)) - raft.server.data-stream.async.request.thread.pool.cached = false (default)
2023-09-28 12:55:44,785 [main] INFO  server.RaftServerConfigKeys (ConfUtils.java:logGet(46)) - raft.server.data-stream.async.request.thread.pool.size = 20 (custom)
2023-09-28 12:55:44,785 [main] INFO  server.RaftServerConfigKeys (ConfUtils.java:logGet(46)) - raft.server.data-stream.async.write.thread.pool.size = 16 (default)
2023-09-28 12:55:44,785 [main] INFO  server.RaftServerConfigKeys (ConfUtils.java:logGet(46)) - raft.server.data-stream.client.pool.size = 10 (default)
2023-09-28 12:55:44,785 [main] INFO  netty.NettyConfigKeys$DataStream (ConfUtils.java:logGet(46)) - raft.netty.dataStream.server.use-epoll = false (default)
2023-09-28 12:55:44,786 [main] INFO  netty.NettyConfigKeys$DataStream (ConfUtils.java:logGet(46)) - raft.netty.dataStream.server.boss-group.size = 0 (default)
2023-09-28 12:55:44,786 [main] INFO  netty.NettyConfigKeys$DataStream (ConfUtils.java:logGet(46)) - raft.netty.dataStream.server.worker-group.size = 0 (default)
2023-09-28 12:55:44,787 [main] INFO  netty.NettyConfigKeys$DataStream (ConfUtils.java:logGet(46)) - raft.netty.dataStream.server.tls.conf = null (default)
2023-09-28 12:55:44,787 [main] INFO  netty.NettyConfigKeys$DataStream (ConfUtils.java:logGet(46)) - raft.netty.dataStream.host = null (default)
2023-09-28 12:55:44,788 [main] INFO  netty.NettyConfigKeys$DataStream (ConfUtils.java:logGet(46)) - raft.netty.dataStream.port = 15024 (custom)
2023-09-28 12:55:44,788 [main] INFO  server.RaftServerConfigKeys (ConfUtils.java:logGet(46)) - raft.server.threadpool.proxy.cached = true (default)
2023-09-28 12:55:44,788 [main] INFO  server.RaftServerConfigKeys (ConfUtils.java:logGet(46)) - raft.server.threadpool.proxy.size = 0 (default)
2023-09-28 12:55:44,789 [main] INFO  server.RaftServerConfigKeys (ConfUtils.java:logGet(46)) - raft.server.rpc.slowness.timeout = 300s (custom)
2023-09-28 12:55:44,790 [main] INFO  server.RaftServerConfigKeys (ConfUtils.java:logGet(46)) - raft.server.leaderelection.leader.step-down.wait-time = 10s (default)
2023-09-28 12:55:44,790 [main] INFO  server.RaftServerConfigKeys (ConfUtils.java:logGet(46)) - raft.server.storage.dir = [/home/runner/work/ozone/ozone/hadoop-ozone/integration-test/target/test-dir/MiniOzoneClusterImpl-82bdab22-5801-416e-a4bc-b8f6b9675fef/datanode-1/data/ratis] (custom)
2023-09-28 12:55:44,805 [2942950e-5b72-4e60-8fd7-505c1475c682-impl-thread1] INFO  server.RaftServer (RaftServerProxy.java:initGroupDir(258)) - 2942950e-5b72-4e60-8fd7-505c1475c682: found a subdirectory /home/runner/work/ozone/ozone/hadoop-ozone/integration-test/target/test-dir/MiniOzoneClusterImpl-82bdab22-5801-416e-a4bc-b8f6b9675fef/datanode-1/data/ratis/tmp
2023-09-28 12:55:44,805 [2942950e-5b72-4e60-8fd7-505c1475c682-impl-thread1] INFO  server.RaftServer (RaftServerProxy.java:initGroupDir(263)) - 2942950e-5b72-4e60-8fd7-505c1475c682: The directory /home/runner/work/ozone/ozone/hadoop-ozone/integration-test/target/test-dir/MiniOzoneClusterImpl-82bdab22-5801-416e-a4bc-b8f6b9675fef/datanode-1/data/ratis/tmp is not a group directory; ignoring it. 
2023-09-28 12:55:44,805 [main] INFO  replication.ReplicationServer (ReplicationServer.java:<init>(83)) - Initializing replication server with thread count = 10 queue length = 4096
2023-09-28 12:55:44,807 [main] INFO  server.XceiverServerGrpc (XceiverServerGrpc.java:<init>(132)) - GrpcServer channel type EpollServerSocketChannel
2023-09-28 12:55:44,805 [2942950e-5b72-4e60-8fd7-505c1475c682-NettyServerStreamRpc-bossGroup--thread1] INFO  logging.LoggingHandler (AbstractInternalLogger.java:log(148)) - [id: 0xc561a21e] REGISTERED
2023-09-28 12:55:44,809 [2942950e-5b72-4e60-8fd7-505c1475c682-NettyServerStreamRpc-bossGroup--thread1] INFO  logging.LoggingHandler (AbstractInternalLogger.java:log(148)) - [id: 0xc561a21e] BIND: 0.0.0.0/0.0.0.0:15024
2023-09-28 12:55:44,809 [2942950e-5b72-4e60-8fd7-505c1475c682-NettyServerStreamRpc-bossGroup--thread1] INFO  logging.LoggingHandler (AbstractInternalLogger.java:log(148)) - [id: 0xc561a21e, L:/0:0:0:0:0:0:0:0:15024] ACTIVE
2023-09-28 12:55:44,813 [main] INFO  replication.ReplicationSupervisor (ReplicationSupervisor.java:build(155)) - Initializing replication supervisor with thread count = 10
2023-09-28 12:55:44,813 [main] INFO  replication.ReplicationSupervisor (ReplicationSupervisor.java:nodeStateUpdated(307)) - Node state updated to IN_SERVICE, scaling executor pool size to 10
2023-09-28 12:55:44,828 [main] INFO  http.BaseHttpServer (BaseHttpServer.java:newHttpServer2BuilderForOzone(223)) - Starting Web-server for hddsDatanode at: http://0.0.0.0:15018
2023-09-28 12:55:44,828 [main] INFO  http.BaseHttpServer (BaseHttpServer.java:<init>(110)) - Hadoop Security Enabled: false Ozone Security Enabled: false Ozone HTTP Security Enabled: false 
2023-09-28 12:55:44,830 [main] WARN  server.AuthenticationFilter (AuthenticationFilter.java:constructSecretProvider(240)) - Unable to initialize FileSignerSecretProvider, falling back to use random secrets. Reason: Could not read signature secret file: /home/runner/hadoop-http-auth-signature-secret
2023-09-28 12:55:44,841 [main] INFO  http.HttpRequestLog (HttpRequestLog.java:getRequestLog(86)) - Http request log for http.requests.hddsDatanode is not defined
2023-09-28 12:55:44,843 [main] INFO  http.HttpServer2 (HttpServer2.java:addGlobalFilter(1031)) - Added global filter 'safety' (class=org.apache.hadoop.hdds.server.http.HttpServer2$QuotingInputFilter)
2023-09-28 12:55:44,844 [main] INFO  http.HttpServer2 (HttpServer2.java:addFilter(1007)) - Added filter static_user_filter (class=org.apache.hadoop.http.lib.StaticUserWebFilter$StaticUserFilter) to context hddsDatanode
2023-09-28 12:55:44,844 [main] INFO  http.HttpServer2 (HttpServer2.java:addFilter(1015)) - Added filter static_user_filter (class=org.apache.hadoop.http.lib.StaticUserWebFilter$StaticUserFilter) to context logs
2023-09-28 12:55:44,844 [main] INFO  http.HttpServer2 (HttpServer2.java:addFilter(1015)) - Added filter static_user_filter (class=org.apache.hadoop.http.lib.StaticUserWebFilter$StaticUserFilter) to context static
2023-09-28 12:55:44,845 [main] INFO  http.BaseHttpServer (BaseHttpServer.java:<init>(189)) - HTTP server of hddsDatanode uses base directory /home/runner/work/ozone/ozone/hadoop-ozone/integration-test/target/test-dir/MiniOzoneClusterImpl-82bdab22-5801-416e-a4bc-b8f6b9675fef/datanode-1/meta/webserver
2023-09-28 12:55:44,846 [main] INFO  http.HttpServer2 (HttpServer2.java:bindListener(1231)) - Jetty bound to port 15018
2023-09-28 12:55:44,846 [main] INFO  server.Server (Server.java:doStart(375)) - jetty-9.4.52.v20230823; built: 2023-08-23T19:29:37.669Z; git: abdcda73818a1a2c705da276edb0bf6581e7997e; jvm 1.8.0_382-b05
2023-09-28 12:55:44,862 [om1@group-C5BA1605619E-LeaderElection1] INFO  server.RaftServer$Division (ServerState.java:setRaftConf(434)) - om1@group-C5BA1605619E: set configuration 0: peers:[om1|rpc:localhost:15007|admin:|client:|dataStream:|priority:0|startupRole:FOLLOWER]|listeners:[], old=null
2023-09-28 12:55:44,889 [main] INFO  server.session (DefaultSessionIdManager.java:doStart(334)) - DefaultSessionIdManager workerName=node0
2023-09-28 12:55:44,889 [main] INFO  server.session (DefaultSessionIdManager.java:doStart(339)) - No SessionScavenger set, using defaults
2023-09-28 12:55:44,889 [main] INFO  server.session (HouseKeeper.java:startScavenging(132)) - node0 Scavenging every 600000ms
2023-09-28 12:55:44,894 [main] INFO  handler.ContextHandler (ContextHandler.java:doStart(921)) - Started o.e.j.s.ServletContextHandler@7fb9c7bc{logs,/logs,file:///home/runner/work/ozone/ozone/hadoop-ozone/integration-test/target/log,AVAILABLE}
2023-09-28 12:55:44,895 [main] INFO  handler.ContextHandler (ContextHandler.java:doStart(921)) - Started o.e.j.s.ServletContextHandler@2052a51b{static,/static,jar:file:/home/runner/.m2/repository/org/apache/ozone/hdds-container-service/1.4.0-SNAPSHOT/hdds-container-service-1.4.0-SNAPSHOT.jar!/webapps/static,AVAILABLE}
2023-09-28 12:55:44,948 [om1@group-C5BA1605619E-SegmentedRaftLogWorker] INFO  segmented.SegmentedRaftLogWorker (SegmentedRaftLogWorker.java:execute(651)) - om1@group-C5BA1605619E-SegmentedRaftLogWorker: created new log segment /home/runner/work/ozone/ozone/hadoop-ozone/integration-test/target/test-dir/MiniOzoneClusterImpl-82bdab22-5801-416e-a4bc-b8f6b9675fef/ozone-meta/ratis/bf265839-605b-3f16-9796-c5ba1605619e/current/log_inprogress_0
2023-09-28 12:55:44,965 [Datanode State Machine Task Thread - 0] INFO  datanode.InitDatanodeState (InitDatanodeState.java:persistContainerDatanodeDetails(138)) - DatanodeDetails is persisted to /home/runner/work/ozone/ozone/hadoop-ozone/integration-test/target/test-dir/MiniOzoneClusterImpl-82bdab22-5801-416e-a4bc-b8f6b9675fef/datanode-0/meta/datanode.id
2023-09-28 12:55:45,106 [om1@group-C5BA1605619E-StateMachineUpdater] INFO  ratis.OzoneManagerStateMachine (OzoneManagerStateMachine.java:notifyConfigurationChanged(202)) - Received Configuration change notification from Ratis. New Peer list:
[id: "om1"
address: "localhost:15007"
startupRole: FOLLOWER
]
2023-09-28 12:55:45,187 [main] INFO  handler.ContextHandler (ContextHandler.java:doStart(921)) - Started o.e.j.w.WebAppContext@505d75db{hddsDatanode,/,file:///home/runner/work/ozone/ozone/hadoop-ozone/integration-test/target/test-dir/MiniOzoneClusterImpl-82bdab22-5801-416e-a4bc-b8f6b9675fef/datanode-1/meta/webserver/jetty-0_0_0_0-15018-hdds-container-service-1_4_0-SNAPSHOT_jar-_-any-1519500449280075987/webapp/,AVAILABLE}{jar:file:/home/runner/.m2/repository/org/apache/ozone/hdds-container-service/1.4.0-SNAPSHOT/hdds-container-service-1.4.0-SNAPSHOT.jar!/webapps/hddsDatanode}
2023-09-28 12:55:45,189 [main] INFO  server.AbstractConnector (AbstractConnector.java:doStart(333)) - Started ServerConnector@3556d066{HTTP/1.1, (http/1.1)}{0.0.0.0:15018}
2023-09-28 12:55:45,189 [main] INFO  server.Server (Server.java:doStart(415)) - Started @11041ms
2023-09-28 12:55:45,189 [main] WARN  impl.MetricsSystemImpl (MetricsSystemImpl.java:register(279)) - Sink prometheus already exists!
2023-09-28 12:55:45,190 [main] INFO  http.BaseHttpServer (BaseHttpServer.java:updateConnectorAddress(354)) - HTTP server of hddsDatanode listening at http://0.0.0.0:15018
2023-09-28 12:55:45,190 [main] INFO  ipc.CallQueueManager (CallQueueManager.java:<init>(90)) - Using callQueue: class java.util.concurrent.LinkedBlockingQueue, queueCapacity: 100, scheduler: class org.apache.hadoop.ipc.DefaultRpcScheduler, ipcBackoff: false.
2023-09-28 12:55:45,193 [main] INFO  ipc.Server (Server.java:<init>(1287)) - Listener at 0.0.0.0:15019
2023-09-28 12:55:45,194 [Socket Reader #1 for port 15019] INFO  ipc.Server (Server.java:run(1323)) - Starting Socket Reader #1 for port 15019
2023-09-28 12:55:45,201 [main] INFO  ozone.HddsDatanodeService (HddsDatanodeService.java:start(315)) - Datanode start with admins: [runner]
2023-09-28 12:55:45,201 [main] INFO  ozone.HddsDatanodeClientProtocolServer (HddsDatanodeClientProtocolServer.java:start(72)) - RPC server for Client /0.0.0.0:15019
2023-09-28 12:55:45,201 [IPC Server Responder] INFO  ipc.Server (Server.java:run(1562)) - IPC Server Responder: starting
2023-09-28 12:55:45,202 [IPC Server listener on 15019] INFO  ipc.Server (Server.java:run(1402)) - IPC Server listener on 15019: starting
2023-09-28 12:55:45,202 [main] WARN  impl.MetricRegistriesImpl (MetricRegistriesImpl.java:addReporterRegistration(111)) - New reporters are added after registries were created. Some metrics will be missing from the reporter. Please add reporter before adding any new registry.
2023-09-28 12:55:45,202 [main] WARN  impl.MetricRegistriesImpl (MetricRegistriesImpl.java:addReporterRegistration(111)) - New reporters are added after registries were created. Some metrics will be missing from the reporter. Please add reporter before adding any new registry.
2023-09-28 12:55:45,202 [main] INFO  impl.MetricsSystemImpl (MetricsSystemImpl.java:init(158)) - HddsDatanode metrics system started (again)
2023-09-28 12:55:45,213 [Datanode State Machine Daemon Thread] INFO  statemachine.DatanodeStateMachine (DatanodeStateMachine.java:lambda$startDaemon$0(539)) - Ozone container server started.
2023-09-28 12:55:45,229 [main] INFO  ozone.HddsDatanodeService (HddsDatanodeService.java:start(237)) - HddsDatanodeService host:fv-az163-431.ksqkok1cighebdh5ckq0wc3qdf.dx.internal.cloudapp.net ip:10.1.0.34
2023-09-28 12:55:45,246 [Datanode State Machine Task Thread - 0] INFO  datanode.InitDatanodeState (InitDatanodeState.java:persistContainerDatanodeDetails(138)) - DatanodeDetails is persisted to /home/runner/work/ozone/ozone/hadoop-ozone/integration-test/target/test-dir/MiniOzoneClusterImpl-82bdab22-5801-416e-a4bc-b8f6b9675fef/datanode-1/meta/datanode.id
2023-09-28 12:55:45,259 [main] INFO  upgrade.AbstractLayoutVersionManager (AbstractLayoutVersionManager.java:init(83)) - Initializing Layout version manager with metadata layout = HADOOP_PRC_PORTS_IN_DATANODEDETAILS (version = 7), software layout = HADOOP_PRC_PORTS_IN_DATANODEDETAILS (version = 7)
2023-09-28 12:55:45,262 [main] INFO  statemachine.DatanodeStateMachine (DatanodeStateMachine.java:getEndPointTaskThreadPoolSize(283)) - Datanode State Machine Task Thread Pool size 2
2023-09-28 12:55:45,271 [main] INFO  volume.HddsVolume (HddsVolume.java:<init>(126)) - Creating HddsVolume: /home/runner/work/ozone/ozone/hadoop-ozone/integration-test/target/test-dir/MiniOzoneClusterImpl-82bdab22-5801-416e-a4bc-b8f6b9675fef/datanode-2/data-0/containers/hdds of storage type : DISK capacity : 9223372036854775807
2023-09-28 12:55:45,272 [main] INFO  volume.MutableVolumeSet (MutableVolumeSet.java:initializeVolumeSet(173)) - Added Volume : /home/runner/work/ozone/ozone/hadoop-ozone/integration-test/target/test-dir/MiniOzoneClusterImpl-82bdab22-5801-416e-a4bc-b8f6b9675fef/datanode-2/data-0/containers/hdds to VolumeSet
2023-09-28 12:55:45,274 [main] INFO  volume.MutableVolumeSet (MutableVolumeSet.java:initializeVolumeSet(173)) - Added Volume : /home/runner/work/ozone/ozone/hadoop-ozone/integration-test/target/test-dir/MiniOzoneClusterImpl-82bdab22-5801-416e-a4bc-b8f6b9675fef/datanode-2/data/ratis to VolumeSet
2023-09-28 12:55:45,281 [Thread-176] INFO  ozoneimpl.ContainerReader (ContainerReader.java:readVolume(177)) - Finish verifying containers on volume /home/runner/work/ozone/ozone/hadoop-ozone/integration-test/target/test-dir/MiniOzoneClusterImpl-82bdab22-5801-416e-a4bc-b8f6b9675fef/datanode-2/data-0/containers/hdds
2023-09-28 12:55:45,281 [main] INFO  ozoneimpl.OzoneContainer (OzoneContainer.java:buildContainerSet(314)) - Build ContainerSet costs 0s
2023-09-28 12:55:45,288 [main] INFO  server.RaftServer (ConfUtils.java:logGet(46)) - raft.rpc.type = GRPC (default)
2023-09-28 12:55:45,288 [main] INFO  grpc.GrpcConfigKeys (ConfUtils.java:logFallback(53)) - raft.grpc.admin.host = null (fallback to raft.grpc.server.host)
2023-09-28 12:55:45,289 [main] INFO  grpc.GrpcConfigKeys (ConfUtils.java:logGet(46)) - raft.grpc.admin.port = 15031 (custom)
2023-09-28 12:55:45,289 [main] INFO  grpc.GrpcConfigKeys (ConfUtils.java:logFallback(53)) - raft.grpc.client.host = null (fallback to raft.grpc.server.host)
2023-09-28 12:55:45,290 [main] INFO  grpc.GrpcConfigKeys (ConfUtils.java:logGet(46)) - raft.grpc.client.port = 15030 (custom)
2023-09-28 12:55:45,290 [main] INFO  grpc.GrpcConfigKeys (ConfUtils.java:logGet(46)) - raft.grpc.server.host = null (default)
2023-09-28 12:55:45,290 [main] INFO  grpc.GrpcConfigKeys (ConfUtils.java:logGet(46)) - raft.grpc.server.port = 15032 (custom)
2023-09-28 12:55:45,290 [main] INFO  server.GrpcService (ConfUtils.java:logGet(46)) - raft.grpc.message.size.max = 32MB (=33554432) (custom)
2023-09-28 12:55:45,290 [main] INFO  server.RaftServerConfigKeys (ConfUtils.java:logGet(46)) - raft.server.log.appender.buffer.byte-limit = 33554432 (custom)
2023-09-28 12:55:45,290 [main] INFO  server.GrpcService (ConfUtils.java:logGet(46)) - raft.grpc.flow.control.window = 5MB (=5242880) (custom)
2023-09-28 12:55:45,290 [main] INFO  server.RaftServerConfigKeys (ConfUtils.java:logGet(46)) - raft.server.rpc.request.timeout = 60s (custom)
2023-09-28 12:55:45,291 [main] INFO  grpc.GrpcConfigKeys (ConfUtils.java:logGet(46)) - raft.grpc.server.heartbeat.channel = true (default)
2023-09-28 12:55:45,291 [main] INFO  grpc.GrpcConfigKeys (ConfUtils.java:logGet(46)) - raft.grpc.server.async.request.thread.pool.cached = true (default)
2023-09-28 12:55:45,292 [main] INFO  grpc.GrpcConfigKeys (ConfUtils.java:logGet(46)) - raft.grpc.server.async.request.thread.pool.size = 32 (default)
2023-09-28 12:55:45,295 [main] INFO  impl.DataStreamServerImpl (ConfUtils.java:logGet(46)) - raft.datastream.type = NETTY (custom)
2023-09-28 12:55:45,300 [main] INFO  server.RaftServerConfigKeys (ConfUtils.java:logGet(46)) - raft.server.data-stream.async.request.thread.pool.cached = false (default)
2023-09-28 12:55:45,300 [main] INFO  server.RaftServerConfigKeys (ConfUtils.java:logGet(46)) - raft.server.data-stream.async.request.thread.pool.size = 20 (custom)
2023-09-28 12:55:45,301 [main] INFO  server.RaftServerConfigKeys (ConfUtils.java:logGet(46)) - raft.server.data-stream.async.write.thread.pool.size = 16 (default)
2023-09-28 12:55:45,301 [main] INFO  server.RaftServerConfigKeys (ConfUtils.java:logGet(46)) - raft.server.data-stream.client.pool.size = 10 (default)
2023-09-28 12:55:45,301 [main] INFO  netty.NettyConfigKeys$DataStream (ConfUtils.java:logGet(46)) - raft.netty.dataStream.server.use-epoll = false (default)
2023-09-28 12:55:45,301 [main] INFO  netty.NettyConfigKeys$DataStream (ConfUtils.java:logGet(46)) - raft.netty.dataStream.server.boss-group.size = 0 (default)
2023-09-28 12:55:45,302 [main] INFO  netty.NettyConfigKeys$DataStream (ConfUtils.java:logGet(46)) - raft.netty.dataStream.server.worker-group.size = 0 (default)
2023-09-28 12:55:45,302 [main] INFO  netty.NettyConfigKeys$DataStream (ConfUtils.java:logGet(46)) - raft.netty.dataStream.server.tls.conf = null (default)
2023-09-28 12:55:45,302 [main] INFO  netty.NettyConfigKeys$DataStream (ConfUtils.java:logGet(46)) - raft.netty.dataStream.host = null (default)
2023-09-28 12:55:45,302 [main] INFO  netty.NettyConfigKeys$DataStream (ConfUtils.java:logGet(46)) - raft.netty.dataStream.port = 15033 (custom)
2023-09-28 12:55:45,303 [main] INFO  server.RaftServerConfigKeys (ConfUtils.java:logGet(46)) - raft.server.threadpool.proxy.cached = true (default)
2023-09-28 12:55:45,303 [main] INFO  server.RaftServerConfigKeys (ConfUtils.java:logGet(46)) - raft.server.threadpool.proxy.size = 0 (default)
2023-09-28 12:55:45,303 [main] INFO  server.RaftServerConfigKeys (ConfUtils.java:logGet(46)) - raft.server.rpc.slowness.timeout = 300s (custom)
2023-09-28 12:55:45,303 [main] INFO  server.RaftServerConfigKeys (ConfUtils.java:logGet(46)) - raft.server.leaderelection.leader.step-down.wait-time = 10s (default)
2023-09-28 12:55:45,304 [main] INFO  server.RaftServerConfigKeys (ConfUtils.java:logGet(46)) - raft.server.storage.dir = [/home/runner/work/ozone/ozone/hadoop-ozone/integration-test/target/test-dir/MiniOzoneClusterImpl-82bdab22-5801-416e-a4bc-b8f6b9675fef/datanode-2/data/ratis] (custom)
2023-09-28 12:55:45,306 [3b419e23-3cc6-45b0-b9b5-04f9349798d3-NettyServerStreamRpc-bossGroup--thread1] INFO  logging.LoggingHandler (AbstractInternalLogger.java:log(148)) - [id: 0x84282b37] REGISTERED
2023-09-28 12:55:45,306 [3b419e23-3cc6-45b0-b9b5-04f9349798d3-NettyServerStreamRpc-bossGroup--thread1] INFO  logging.LoggingHandler (AbstractInternalLogger.java:log(148)) - [id: 0x84282b37] BIND: 0.0.0.0/0.0.0.0:15033
2023-09-28 12:55:45,306 [3b419e23-3cc6-45b0-b9b5-04f9349798d3-NettyServerStreamRpc-bossGroup--thread1] INFO  logging.LoggingHandler (AbstractInternalLogger.java:log(148)) - [id: 0x84282b37, L:/0:0:0:0:0:0:0:0:15033] ACTIVE
2023-09-28 12:55:45,307 [3b419e23-3cc6-45b0-b9b5-04f9349798d3-impl-thread1] INFO  server.RaftServer (RaftServerProxy.java:initGroupDir(258)) - 3b419e23-3cc6-45b0-b9b5-04f9349798d3: found a subdirectory /home/runner/work/ozone/ozone/hadoop-ozone/integration-test/target/test-dir/MiniOzoneClusterImpl-82bdab22-5801-416e-a4bc-b8f6b9675fef/datanode-2/data/ratis/tmp
2023-09-28 12:55:45,307 [3b419e23-3cc6-45b0-b9b5-04f9349798d3-impl-thread1] INFO  server.RaftServer (RaftServerProxy.java:initGroupDir(263)) - 3b419e23-3cc6-45b0-b9b5-04f9349798d3: The directory /home/runner/work/ozone/ozone/hadoop-ozone/integration-test/target/test-dir/MiniOzoneClusterImpl-82bdab22-5801-416e-a4bc-b8f6b9675fef/datanode-2/data/ratis/tmp is not a group directory; ignoring it. 
2023-09-28 12:55:45,307 [main] INFO  replication.ReplicationServer (ReplicationServer.java:<init>(83)) - Initializing replication server with thread count = 10 queue length = 4096
2023-09-28 12:55:45,309 [main] INFO  server.XceiverServerGrpc (XceiverServerGrpc.java:<init>(132)) - GrpcServer channel type EpollServerSocketChannel
2023-09-28 12:55:45,312 [main] INFO  replication.ReplicationSupervisor (ReplicationSupervisor.java:build(155)) - Initializing replication supervisor with thread count = 10
2023-09-28 12:55:45,313 [main] INFO  replication.ReplicationSupervisor (ReplicationSupervisor.java:nodeStateUpdated(307)) - Node state updated to IN_SERVICE, scaling executor pool size to 10
2023-09-28 12:55:45,316 [main] INFO  http.BaseHttpServer (BaseHttpServer.java:newHttpServer2BuilderForOzone(223)) - Starting Web-server for hddsDatanode at: http://0.0.0.0:15027
2023-09-28 12:55:45,316 [main] INFO  http.BaseHttpServer (BaseHttpServer.java:<init>(110)) - Hadoop Security Enabled: false Ozone Security Enabled: false Ozone HTTP Security Enabled: false 
2023-09-28 12:55:45,318 [main] WARN  server.AuthenticationFilter (AuthenticationFilter.java:constructSecretProvider(240)) - Unable to initialize FileSignerSecretProvider, falling back to use random secrets. Reason: Could not read signature secret file: /home/runner/hadoop-http-auth-signature-secret
2023-09-28 12:55:45,318 [main] INFO  http.HttpRequestLog (HttpRequestLog.java:getRequestLog(86)) - Http request log for http.requests.hddsDatanode is not defined
2023-09-28 12:55:45,320 [main] INFO  http.HttpServer2 (HttpServer2.java:addGlobalFilter(1031)) - Added global filter 'safety' (class=org.apache.hadoop.hdds.server.http.HttpServer2$QuotingInputFilter)
2023-09-28 12:55:45,321 [main] INFO  http.HttpServer2 (HttpServer2.java:addFilter(1007)) - Added filter static_user_filter (class=org.apache.hadoop.http.lib.StaticUserWebFilter$StaticUserFilter) to context hddsDatanode
2023-09-28 12:55:45,321 [main] INFO  http.HttpServer2 (HttpServer2.java:addFilter(1015)) - Added filter static_user_filter (class=org.apache.hadoop.http.lib.StaticUserWebFilter$StaticUserFilter) to context logs
2023-09-28 12:55:45,321 [main] INFO  http.HttpServer2 (HttpServer2.java:addFilter(1015)) - Added filter static_user_filter (class=org.apache.hadoop.http.lib.StaticUserWebFilter$StaticUserFilter) to context static
2023-09-28 12:55:45,322 [main] INFO  http.BaseHttpServer (BaseHttpServer.java:<init>(189)) - HTTP server of hddsDatanode uses base directory /home/runner/work/ozone/ozone/hadoop-ozone/integration-test/target/test-dir/MiniOzoneClusterImpl-82bdab22-5801-416e-a4bc-b8f6b9675fef/datanode-2/meta/webserver
2023-09-28 12:55:45,322 [main] INFO  http.HttpServer2 (HttpServer2.java:bindListener(1231)) - Jetty bound to port 15027
2023-09-28 12:55:45,322 [main] INFO  server.Server (Server.java:doStart(375)) - jetty-9.4.52.v20230823; built: 2023-08-23T19:29:37.669Z; git: abdcda73818a1a2c705da276edb0bf6581e7997e; jvm 1.8.0_382-b05
2023-09-28 12:55:45,327 [main] INFO  server.session (DefaultSessionIdManager.java:doStart(334)) - DefaultSessionIdManager workerName=node0
2023-09-28 12:55:45,327 [main] INFO  server.session (DefaultSessionIdManager.java:doStart(339)) - No SessionScavenger set, using defaults
2023-09-28 12:55:45,328 [main] INFO  server.session (HouseKeeper.java:startScavenging(132)) - node0 Scavenging every 660000ms
2023-09-28 12:55:45,329 [main] INFO  handler.ContextHandler (ContextHandler.java:doStart(921)) - Started o.e.j.s.ServletContextHandler@128d5ec8{logs,/logs,file:///home/runner/work/ozone/ozone/hadoop-ozone/integration-test/target/log,AVAILABLE}
2023-09-28 12:55:45,330 [main] INFO  handler.ContextHandler (ContextHandler.java:doStart(921)) - Started o.e.j.s.ServletContextHandler@400d6151{static,/static,jar:file:/home/runner/.m2/repository/org/apache/ozone/hdds-container-service/1.4.0-SNAPSHOT/hdds-container-service-1.4.0-SNAPSHOT.jar!/webapps/static,AVAILABLE}
2023-09-28 12:55:45,565 [main] INFO  handler.ContextHandler (ContextHandler.java:doStart(921)) - Started o.e.j.w.WebAppContext@234bf75d{hddsDatanode,/,file:///home/runner/work/ozone/ozone/hadoop-ozone/integration-test/target/test-dir/MiniOzoneClusterImpl-82bdab22-5801-416e-a4bc-b8f6b9675fef/datanode-2/meta/webserver/jetty-0_0_0_0-15027-hdds-container-service-1_4_0-SNAPSHOT_jar-_-any-7416341540590820251/webapp/,AVAILABLE}{jar:file:/home/runner/.m2/repository/org/apache/ozone/hdds-container-service/1.4.0-SNAPSHOT/hdds-container-service-1.4.0-SNAPSHOT.jar!/webapps/hddsDatanode}
2023-09-28 12:55:45,566 [main] INFO  server.AbstractConnector (AbstractConnector.java:doStart(333)) - Started ServerConnector@57adb6ee{HTTP/1.1, (http/1.1)}{0.0.0.0:15027}
2023-09-28 12:55:45,567 [main] INFO  server.Server (Server.java:doStart(415)) - Started @11419ms
2023-09-28 12:55:45,567 [main] WARN  impl.MetricsSystemImpl (MetricsSystemImpl.java:register(279)) - Sink prometheus already exists!
2023-09-28 12:55:45,569 [main] INFO  http.BaseHttpServer (BaseHttpServer.java:updateConnectorAddress(354)) - HTTP server of hddsDatanode listening at http://0.0.0.0:15027
2023-09-28 12:55:45,569 [main] INFO  ipc.CallQueueManager (CallQueueManager.java:<init>(90)) - Using callQueue: class java.util.concurrent.LinkedBlockingQueue, queueCapacity: 100, scheduler: class org.apache.hadoop.ipc.DefaultRpcScheduler, ipcBackoff: false.
2023-09-28 12:55:45,570 [main] INFO  ipc.Server (Server.java:<init>(1287)) - Listener at 0.0.0.0:15028
2023-09-28 12:55:45,571 [Socket Reader #1 for port 15028] INFO  ipc.Server (Server.java:run(1323)) - Starting Socket Reader #1 for port 15028
2023-09-28 12:55:45,573 [main] INFO  ozone.HddsDatanodeService (HddsDatanodeService.java:start(315)) - Datanode start with admins: [runner]
2023-09-28 12:55:45,574 [main] INFO  ozone.HddsDatanodeClientProtocolServer (HddsDatanodeClientProtocolServer.java:start(72)) - RPC server for Client /0.0.0.0:15028
2023-09-28 12:55:45,574 [IPC Server Responder] INFO  ipc.Server (Server.java:run(1562)) - IPC Server Responder: starting
2023-09-28 12:55:45,574 [IPC Server listener on 15028] INFO  ipc.Server (Server.java:run(1402)) - IPC Server listener on 15028: starting
2023-09-28 12:55:45,575 [main] WARN  impl.MetricRegistriesImpl (MetricRegistriesImpl.java:addReporterRegistration(111)) - New reporters are added after registries were created. Some metrics will be missing from the reporter. Please add reporter before adding any new registry.
2023-09-28 12:55:45,575 [main] WARN  impl.MetricRegistriesImpl (MetricRegistriesImpl.java:addReporterRegistration(111)) - New reporters are added after registries were created. Some metrics will be missing from the reporter. Please add reporter before adding any new registry.
2023-09-28 12:55:45,575 [main] INFO  impl.MetricsSystemImpl (MetricsSystemImpl.java:init(158)) - HddsDatanode metrics system started (again)
2023-09-28 12:55:45,580 [Datanode State Machine Daemon Thread] INFO  statemachine.DatanodeStateMachine (DatanodeStateMachine.java:lambda$startDaemon$0(539)) - Ozone container server started.
2023-09-28 12:55:45,591 [main] INFO  ozone.HddsDatanodeService (HddsDatanodeService.java:start(237)) - HddsDatanodeService host:fv-az163-431.ksqkok1cighebdh5ckq0wc3qdf.dx.internal.cloudapp.net ip:10.1.0.34
2023-09-28 12:55:45,607 [Datanode State Machine Task Thread - 0] INFO  datanode.InitDatanodeState (InitDatanodeState.java:persistContainerDatanodeDetails(138)) - DatanodeDetails is persisted to /home/runner/work/ozone/ozone/hadoop-ozone/integration-test/target/test-dir/MiniOzoneClusterImpl-82bdab22-5801-416e-a4bc-b8f6b9675fef/datanode-2/meta/datanode.id
2023-09-28 12:55:45,624 [main] INFO  upgrade.AbstractLayoutVersionManager (AbstractLayoutVersionManager.java:init(83)) - Initializing Layout version manager with metadata layout = HADOOP_PRC_PORTS_IN_DATANODEDETAILS (version = 7), software layout = HADOOP_PRC_PORTS_IN_DATANODEDETAILS (version = 7)
2023-09-28 12:55:45,625 [main] INFO  statemachine.DatanodeStateMachine (DatanodeStateMachine.java:getEndPointTaskThreadPoolSize(283)) - Datanode State Machine Task Thread Pool size 2
2023-09-28 12:55:45,627 [main] INFO  volume.HddsVolume (HddsVolume.java:<init>(126)) - Creating HddsVolume: /home/runner/work/ozone/ozone/hadoop-ozone/integration-test/target/test-dir/MiniOzoneClusterImpl-82bdab22-5801-416e-a4bc-b8f6b9675fef/datanode-3/data-0/containers/hdds of storage type : DISK capacity : 9223372036854775807
2023-09-28 12:55:45,628 [main] INFO  volume.MutableVolumeSet (MutableVolumeSet.java:initializeVolumeSet(173)) - Added Volume : /home/runner/work/ozone/ozone/hadoop-ozone/integration-test/target/test-dir/MiniOzoneClusterImpl-82bdab22-5801-416e-a4bc-b8f6b9675fef/datanode-3/data-0/containers/hdds to VolumeSet
2023-09-28 12:55:45,629 [main] INFO  volume.MutableVolumeSet (MutableVolumeSet.java:initializeVolumeSet(173)) - Added Volume : /home/runner/work/ozone/ozone/hadoop-ozone/integration-test/target/test-dir/MiniOzoneClusterImpl-82bdab22-5801-416e-a4bc-b8f6b9675fef/datanode-3/data/ratis to VolumeSet
2023-09-28 12:55:45,631 [Thread-193] INFO  ozoneimpl.ContainerReader (ContainerReader.java:readVolume(177)) - Finish verifying containers on volume /home/runner/work/ozone/ozone/hadoop-ozone/integration-test/target/test-dir/MiniOzoneClusterImpl-82bdab22-5801-416e-a4bc-b8f6b9675fef/datanode-3/data-0/containers/hdds
2023-09-28 12:55:45,631 [main] INFO  ozoneimpl.OzoneContainer (OzoneContainer.java:buildContainerSet(314)) - Build ContainerSet costs 0s
2023-09-28 12:55:45,635 [main] INFO  server.RaftServer (ConfUtils.java:logGet(46)) - raft.rpc.type = GRPC (default)
2023-09-28 12:55:45,635 [main] INFO  grpc.GrpcConfigKeys (ConfUtils.java:logFallback(53)) - raft.grpc.admin.host = null (fallback to raft.grpc.server.host)
2023-09-28 12:55:45,635 [main] INFO  grpc.GrpcConfigKeys (ConfUtils.java:logGet(46)) - raft.grpc.admin.port = 15040 (custom)
2023-09-28 12:55:45,635 [main] INFO  grpc.GrpcConfigKeys (ConfUtils.java:logFallback(53)) - raft.grpc.client.host = null (fallback to raft.grpc.server.host)
2023-09-28 12:55:45,635 [main] INFO  grpc.GrpcConfigKeys (ConfUtils.java:logGet(46)) - raft.grpc.client.port = 15039 (custom)
2023-09-28 12:55:45,636 [main] INFO  grpc.GrpcConfigKeys (ConfUtils.java:logGet(46)) - raft.grpc.server.host = null (default)
2023-09-28 12:55:45,636 [main] INFO  grpc.GrpcConfigKeys (ConfUtils.java:logGet(46)) - raft.grpc.server.port = 15041 (custom)
2023-09-28 12:55:45,636 [main] INFO  server.GrpcService (ConfUtils.java:logGet(46)) - raft.grpc.message.size.max = 32MB (=33554432) (custom)
2023-09-28 12:55:45,636 [main] INFO  server.RaftServerConfigKeys (ConfUtils.java:logGet(46)) - raft.server.log.appender.buffer.byte-limit = 33554432 (custom)
2023-09-28 12:55:45,636 [main] INFO  server.GrpcService (ConfUtils.java:logGet(46)) - raft.grpc.flow.control.window = 5MB (=5242880) (custom)
2023-09-28 12:55:45,636 [main] INFO  server.RaftServerConfigKeys (ConfUtils.java:logGet(46)) - raft.server.rpc.request.timeout = 60s (custom)
2023-09-28 12:55:45,636 [main] INFO  grpc.GrpcConfigKeys (ConfUtils.java:logGet(46)) - raft.grpc.server.heartbeat.channel = true (default)
2023-09-28 12:55:45,636 [main] INFO  grpc.GrpcConfigKeys (ConfUtils.java:logGet(46)) - raft.grpc.server.async.request.thread.pool.cached = true (default)
2023-09-28 12:55:45,637 [main] INFO  grpc.GrpcConfigKeys (ConfUtils.java:logGet(46)) - raft.grpc.server.async.request.thread.pool.size = 32 (default)
2023-09-28 12:55:45,640 [main] INFO  impl.DataStreamServerImpl (ConfUtils.java:logGet(46)) - raft.datastream.type = NETTY (custom)
2023-09-28 12:55:45,640 [main] INFO  server.RaftServerConfigKeys (ConfUtils.java:logGet(46)) - raft.server.data-stream.async.request.thread.pool.cached = false (default)
2023-09-28 12:55:45,640 [main] INFO  server.RaftServerConfigKeys (ConfUtils.java:logGet(46)) - raft.server.data-stream.async.request.thread.pool.size = 20 (custom)
2023-09-28 12:55:45,641 [main] INFO  server.RaftServerConfigKeys (ConfUtils.java:logGet(46)) - raft.server.data-stream.async.write.thread.pool.size = 16 (default)
2023-09-28 12:55:45,641 [main] INFO  server.RaftServerConfigKeys (ConfUtils.java:logGet(46)) - raft.server.data-stream.client.pool.size = 10 (default)
2023-09-28 12:55:45,641 [main] INFO  netty.NettyConfigKeys$DataStream (ConfUtils.java:logGet(46)) - raft.netty.dataStream.server.use-epoll = false (default)
2023-09-28 12:55:45,641 [main] INFO  netty.NettyConfigKeys$DataStream (ConfUtils.java:logGet(46)) - raft.netty.dataStream.server.boss-group.size = 0 (default)
2023-09-28 12:55:45,642 [main] INFO  netty.NettyConfigKeys$DataStream (ConfUtils.java:logGet(46)) - raft.netty.dataStream.server.worker-group.size = 0 (default)
2023-09-28 12:55:45,642 [main] INFO  netty.NettyConfigKeys$DataStream (ConfUtils.java:logGet(46)) - raft.netty.dataStream.server.tls.conf = null (default)
2023-09-28 12:55:45,642 [main] INFO  netty.NettyConfigKeys$DataStream (ConfUtils.java:logGet(46)) - raft.netty.dataStream.host = null (default)
2023-09-28 12:55:45,642 [main] INFO  netty.NettyConfigKeys$DataStream (ConfUtils.java:logGet(46)) - raft.netty.dataStream.port = 15042 (custom)
2023-09-28 12:55:45,646 [main] INFO  server.RaftServerConfigKeys (ConfUtils.java:logGet(46)) - raft.server.threadpool.proxy.cached = true (default)
2023-09-28 12:55:45,647 [main] INFO  server.RaftServerConfigKeys (ConfUtils.java:logGet(46)) - raft.server.threadpool.proxy.size = 0 (default)
2023-09-28 12:55:45,647 [main] INFO  server.RaftServerConfigKeys (ConfUtils.java:logGet(46)) - raft.server.rpc.slowness.timeout = 300s (custom)
2023-09-28 12:55:45,647 [main] INFO  server.RaftServerConfigKeys (ConfUtils.java:logGet(46)) - raft.server.leaderelection.leader.step-down.wait-time = 10s (default)
2023-09-28 12:55:45,647 [main] INFO  server.RaftServerConfigKeys (ConfUtils.java:logGet(46)) - raft.server.storage.dir = [/home/runner/work/ozone/ozone/hadoop-ozone/integration-test/target/test-dir/MiniOzoneClusterImpl-82bdab22-5801-416e-a4bc-b8f6b9675fef/datanode-3/data/ratis] (custom)
2023-09-28 12:55:45,649 [fca1e5c8-2bd7-4c44-b23c-b8bd0cf2342b-NettyServerStreamRpc-bossGroup--thread1] INFO  logging.LoggingHandler (AbstractInternalLogger.java:log(148)) - [id: 0x85beb087] REGISTERED
2023-09-28 12:55:45,649 [fca1e5c8-2bd7-4c44-b23c-b8bd0cf2342b-NettyServerStreamRpc-bossGroup--thread1] INFO  logging.LoggingHandler (AbstractInternalLogger.java:log(148)) - [id: 0x85beb087] BIND: 0.0.0.0/0.0.0.0:15042
2023-09-28 12:55:45,649 [fca1e5c8-2bd7-4c44-b23c-b8bd0cf2342b-NettyServerStreamRpc-bossGroup--thread1] INFO  logging.LoggingHandler (AbstractInternalLogger.java:log(148)) - [id: 0x85beb087, L:/0:0:0:0:0:0:0:0:15042] ACTIVE
2023-09-28 12:55:45,650 [fca1e5c8-2bd7-4c44-b23c-b8bd0cf2342b-impl-thread1] INFO  server.RaftServer (RaftServerProxy.java:initGroupDir(258)) - fca1e5c8-2bd7-4c44-b23c-b8bd0cf2342b: found a subdirectory /home/runner/work/ozone/ozone/hadoop-ozone/integration-test/target/test-dir/MiniOzoneClusterImpl-82bdab22-5801-416e-a4bc-b8f6b9675fef/datanode-3/data/ratis/tmp
2023-09-28 12:55:45,650 [fca1e5c8-2bd7-4c44-b23c-b8bd0cf2342b-impl-thread1] INFO  server.RaftServer (RaftServerProxy.java:initGroupDir(263)) - fca1e5c8-2bd7-4c44-b23c-b8bd0cf2342b: The directory /home/runner/work/ozone/ozone/hadoop-ozone/integration-test/target/test-dir/MiniOzoneClusterImpl-82bdab22-5801-416e-a4bc-b8f6b9675fef/datanode-3/data/ratis/tmp is not a group directory; ignoring it. 
2023-09-28 12:55:45,650 [main] INFO  replication.ReplicationServer (ReplicationServer.java:<init>(83)) - Initializing replication server with thread count = 10 queue length = 4096
2023-09-28 12:55:45,651 [main] INFO  server.XceiverServerGrpc (XceiverServerGrpc.java:<init>(132)) - GrpcServer channel type EpollServerSocketChannel
2023-09-28 12:55:45,654 [main] INFO  replication.ReplicationSupervisor (ReplicationSupervisor.java:build(155)) - Initializing replication supervisor with thread count = 10
2023-09-28 12:55:45,654 [main] INFO  replication.ReplicationSupervisor (ReplicationSupervisor.java:nodeStateUpdated(307)) - Node state updated to IN_SERVICE, scaling executor pool size to 10
2023-09-28 12:55:45,658 [main] INFO  http.BaseHttpServer (BaseHttpServer.java:newHttpServer2BuilderForOzone(223)) - Starting Web-server for hddsDatanode at: http://0.0.0.0:15036
2023-09-28 12:55:45,658 [main] INFO  http.BaseHttpServer (BaseHttpServer.java:<init>(110)) - Hadoop Security Enabled: false Ozone Security Enabled: false Ozone HTTP Security Enabled: false 
2023-09-28 12:55:45,660 [main] WARN  server.AuthenticationFilter (AuthenticationFilter.java:constructSecretProvider(240)) - Unable to initialize FileSignerSecretProvider, falling back to use random secrets. Reason: Could not read signature secret file: /home/runner/hadoop-http-auth-signature-secret
2023-09-28 12:55:45,661 [main] INFO  http.HttpRequestLog (HttpRequestLog.java:getRequestLog(86)) - Http request log for http.requests.hddsDatanode is not defined
2023-09-28 12:55:45,662 [main] INFO  http.HttpServer2 (HttpServer2.java:addGlobalFilter(1031)) - Added global filter 'safety' (class=org.apache.hadoop.hdds.server.http.HttpServer2$QuotingInputFilter)
2023-09-28 12:55:45,663 [main] INFO  http.HttpServer2 (HttpServer2.java:addFilter(1007)) - Added filter static_user_filter (class=org.apache.hadoop.http.lib.StaticUserWebFilter$StaticUserFilter) to context hddsDatanode
2023-09-28 12:55:45,663 [main] INFO  http.HttpServer2 (HttpServer2.java:addFilter(1015)) - Added filter static_user_filter (class=org.apache.hadoop.http.lib.StaticUserWebFilter$StaticUserFilter) to context logs
2023-09-28 12:55:45,663 [main] INFO  http.HttpServer2 (HttpServer2.java:addFilter(1015)) - Added filter static_user_filter (class=org.apache.hadoop.http.lib.StaticUserWebFilter$StaticUserFilter) to context static
2023-09-28 12:55:45,664 [main] INFO  http.BaseHttpServer (BaseHttpServer.java:<init>(189)) - HTTP server of hddsDatanode uses base directory /home/runner/work/ozone/ozone/hadoop-ozone/integration-test/target/test-dir/MiniOzoneClusterImpl-82bdab22-5801-416e-a4bc-b8f6b9675fef/datanode-3/meta/webserver
2023-09-28 12:55:45,664 [main] INFO  http.HttpServer2 (HttpServer2.java:bindListener(1231)) - Jetty bound to port 15036
2023-09-28 12:55:45,664 [main] INFO  server.Server (Server.java:doStart(375)) - jetty-9.4.52.v20230823; built: 2023-08-23T19:29:37.669Z; git: abdcda73818a1a2c705da276edb0bf6581e7997e; jvm 1.8.0_382-b05
2023-09-28 12:55:45,669 [main] INFO  server.session (DefaultSessionIdManager.java:doStart(334)) - DefaultSessionIdManager workerName=node0
2023-09-28 12:55:45,670 [main] INFO  server.session (DefaultSessionIdManager.java:doStart(339)) - No SessionScavenger set, using defaults
2023-09-28 12:55:45,670 [main] INFO  server.session (HouseKeeper.java:startScavenging(132)) - node0 Scavenging every 660000ms
2023-09-28 12:55:45,671 [main] INFO  handler.ContextHandler (ContextHandler.java:doStart(921)) - Started o.e.j.s.ServletContextHandler@27f3f223{logs,/logs,file:///home/runner/work/ozone/ozone/hadoop-ozone/integration-test/target/log,AVAILABLE}
2023-09-28 12:55:45,671 [main] INFO  handler.ContextHandler (ContextHandler.java:doStart(921)) - Started o.e.j.s.ServletContextHandler@48d60c2d{static,/static,jar:file:/home/runner/.m2/repository/org/apache/ozone/hdds-container-service/1.4.0-SNAPSHOT/hdds-container-service-1.4.0-SNAPSHOT.jar!/webapps/static,AVAILABLE}
2023-09-28 12:55:45,898 [main] INFO  handler.ContextHandler (ContextHandler.java:doStart(921)) - Started o.e.j.w.WebAppContext@6e318ee8{hddsDatanode,/,file:///home/runner/work/ozone/ozone/hadoop-ozone/integration-test/target/test-dir/MiniOzoneClusterImpl-82bdab22-5801-416e-a4bc-b8f6b9675fef/datanode-3/meta/webserver/jetty-0_0_0_0-15036-hdds-container-service-1_4_0-SNAPSHOT_jar-_-any-6313627905408789028/webapp/,AVAILABLE}{jar:file:/home/runner/.m2/repository/org/apache/ozone/hdds-container-service/1.4.0-SNAPSHOT/hdds-container-service-1.4.0-SNAPSHOT.jar!/webapps/hddsDatanode}
2023-09-28 12:55:45,900 [main] INFO  server.AbstractConnector (AbstractConnector.java:doStart(333)) - Started ServerConnector@500469b0{HTTP/1.1, (http/1.1)}{0.0.0.0:15036}
2023-09-28 12:55:45,900 [main] INFO  server.Server (Server.java:doStart(415)) - Started @11752ms
2023-09-28 12:55:45,900 [main] WARN  impl.MetricsSystemImpl (MetricsSystemImpl.java:register(279)) - Sink prometheus already exists!
2023-09-28 12:55:45,901 [main] INFO  http.BaseHttpServer (BaseHttpServer.java:updateConnectorAddress(354)) - HTTP server of hddsDatanode listening at http://0.0.0.0:15036
2023-09-28 12:55:45,901 [main] INFO  ipc.CallQueueManager (CallQueueManager.java:<init>(90)) - Using callQueue: class java.util.concurrent.LinkedBlockingQueue, queueCapacity: 100, scheduler: class org.apache.hadoop.ipc.DefaultRpcScheduler, ipcBackoff: false.
2023-09-28 12:55:45,902 [main] INFO  ipc.Server (Server.java:<init>(1287)) - Listener at 0.0.0.0:15037
2023-09-28 12:55:45,903 [Socket Reader #1 for port 15037] INFO  ipc.Server (Server.java:run(1323)) - Starting Socket Reader #1 for port 15037
2023-09-28 12:55:45,909 [main] INFO  ozone.HddsDatanodeService (HddsDatanodeService.java:start(315)) - Datanode start with admins: [runner]
2023-09-28 12:55:45,909 [main] INFO  ozone.HddsDatanodeClientProtocolServer (HddsDatanodeClientProtocolServer.java:start(72)) - RPC server for Client /0.0.0.0:15037
2023-09-28 12:55:45,911 [IPC Server Responder] INFO  ipc.Server (Server.java:run(1562)) - IPC Server Responder: starting
2023-09-28 12:55:45,913 [Datanode State Machine Daemon Thread] INFO  statemachine.DatanodeStateMachine (DatanodeStateMachine.java:lambda$startDaemon$0(539)) - Ozone container server started.
2023-09-28 12:55:45,914 [IPC Server listener on 15037] INFO  ipc.Server (Server.java:run(1402)) - IPC Server listener on 15037: starting
2023-09-28 12:55:45,914 [main] WARN  impl.MetricRegistriesImpl (MetricRegistriesImpl.java:addReporterRegistration(111)) - New reporters are added after registries were created. Some metrics will be missing from the reporter. Please add reporter before adding any new registry.
2023-09-28 12:55:45,914 [main] WARN  impl.MetricRegistriesImpl (MetricRegistriesImpl.java:addReporterRegistration(111)) - New reporters are added after registries were created. Some metrics will be missing from the reporter. Please add reporter before adding any new registry.
2023-09-28 12:55:45,914 [main] INFO  impl.MetricsSystemImpl (MetricsSystemImpl.java:init(158)) - HddsDatanode metrics system started (again)
2023-09-28 12:55:45,928 [main] INFO  ozone.HddsDatanodeService (HddsDatanodeService.java:start(237)) - HddsDatanodeService host:fv-az163-431.ksqkok1cighebdh5ckq0wc3qdf.dx.internal.cloudapp.net ip:10.1.0.34
2023-09-28 12:55:45,956 [Datanode State Machine Task Thread - 0] INFO  datanode.InitDatanodeState (InitDatanodeState.java:persistContainerDatanodeDetails(138)) - DatanodeDetails is persisted to /home/runner/work/ozone/ozone/hadoop-ozone/integration-test/target/test-dir/MiniOzoneClusterImpl-82bdab22-5801-416e-a4bc-b8f6b9675fef/datanode-3/meta/datanode.id
2023-09-28 12:55:45,963 [main] INFO  upgrade.AbstractLayoutVersionManager (AbstractLayoutVersionManager.java:init(83)) - Initializing Layout version manager with metadata layout = HADOOP_PRC_PORTS_IN_DATANODEDETAILS (version = 7), software layout = HADOOP_PRC_PORTS_IN_DATANODEDETAILS (version = 7)
2023-09-28 12:55:45,963 [main] INFO  statemachine.DatanodeStateMachine (DatanodeStateMachine.java:getEndPointTaskThreadPoolSize(283)) - Datanode State Machine Task Thread Pool size 2
2023-09-28 12:55:45,966 [main] INFO  volume.HddsVolume (HddsVolume.java:<init>(126)) - Creating HddsVolume: /home/runner/work/ozone/ozone/hadoop-ozone/integration-test/target/test-dir/MiniOzoneClusterImpl-82bdab22-5801-416e-a4bc-b8f6b9675fef/datanode-4/data-0/containers/hdds of storage type : DISK capacity : 9223372036854775807
2023-09-28 12:55:45,966 [main] INFO  volume.MutableVolumeSet (MutableVolumeSet.java:initializeVolumeSet(173)) - Added Volume : /home/runner/work/ozone/ozone/hadoop-ozone/integration-test/target/test-dir/MiniOzoneClusterImpl-82bdab22-5801-416e-a4bc-b8f6b9675fef/datanode-4/data-0/containers/hdds to VolumeSet
2023-09-28 12:55:45,967 [main] INFO  volume.MutableVolumeSet (MutableVolumeSet.java:initializeVolumeSet(173)) - Added Volume : /home/runner/work/ozone/ozone/hadoop-ozone/integration-test/target/test-dir/MiniOzoneClusterImpl-82bdab22-5801-416e-a4bc-b8f6b9675fef/datanode-4/data/ratis to VolumeSet
2023-09-28 12:55:45,968 [Thread-210] INFO  ozoneimpl.ContainerReader (ContainerReader.java:readVolume(177)) - Finish verifying containers on volume /home/runner/work/ozone/ozone/hadoop-ozone/integration-test/target/test-dir/MiniOzoneClusterImpl-82bdab22-5801-416e-a4bc-b8f6b9675fef/datanode-4/data-0/containers/hdds
2023-09-28 12:55:45,968 [main] INFO  ozoneimpl.OzoneContainer (OzoneContainer.java:buildContainerSet(314)) - Build ContainerSet costs 0s
2023-09-28 12:55:45,971 [main] INFO  server.RaftServer (ConfUtils.java:logGet(46)) - raft.rpc.type = GRPC (default)
2023-09-28 12:55:45,971 [main] INFO  grpc.GrpcConfigKeys (ConfUtils.java:logFallback(53)) - raft.grpc.admin.host = null (fallback to raft.grpc.server.host)
2023-09-28 12:55:45,971 [main] INFO  grpc.GrpcConfigKeys (ConfUtils.java:logGet(46)) - raft.grpc.admin.port = 15049 (custom)
2023-09-28 12:55:45,971 [main] INFO  grpc.GrpcConfigKeys (ConfUtils.java:logFallback(53)) - raft.grpc.client.host = null (fallback to raft.grpc.server.host)
2023-09-28 12:55:45,971 [main] INFO  grpc.GrpcConfigKeys (ConfUtils.java:logGet(46)) - raft.grpc.client.port = 15048 (custom)
2023-09-28 12:55:45,972 [main] INFO  grpc.GrpcConfigKeys (ConfUtils.java:logGet(46)) - raft.grpc.server.host = null (default)
2023-09-28 12:55:45,972 [main] INFO  grpc.GrpcConfigKeys (ConfUtils.java:logGet(46)) - raft.grpc.server.port = 15050 (custom)
2023-09-28 12:55:45,972 [main] INFO  server.GrpcService (ConfUtils.java:logGet(46)) - raft.grpc.message.size.max = 32MB (=33554432) (custom)
2023-09-28 12:55:45,972 [main] INFO  server.RaftServerConfigKeys (ConfUtils.java:logGet(46)) - raft.server.log.appender.buffer.byte-limit = 33554432 (custom)
2023-09-28 12:55:45,972 [main] INFO  server.GrpcService (ConfUtils.java:logGet(46)) - raft.grpc.flow.control.window = 5MB (=5242880) (custom)
2023-09-28 12:55:45,972 [main] INFO  server.RaftServerConfigKeys (ConfUtils.java:logGet(46)) - raft.server.rpc.request.timeout = 60s (custom)
2023-09-28 12:55:45,972 [main] INFO  grpc.GrpcConfigKeys (ConfUtils.java:logGet(46)) - raft.grpc.server.heartbeat.channel = true (default)
2023-09-28 12:55:45,972 [main] INFO  grpc.GrpcConfigKeys (ConfUtils.java:logGet(46)) - raft.grpc.server.async.request.thread.pool.cached = true (default)
2023-09-28 12:55:45,973 [main] INFO  grpc.GrpcConfigKeys (ConfUtils.java:logGet(46)) - raft.grpc.server.async.request.thread.pool.size = 32 (default)
2023-09-28 12:55:45,975 [main] INFO  impl.DataStreamServerImpl (ConfUtils.java:logGet(46)) - raft.datastream.type = NETTY (custom)
2023-09-28 12:55:45,976 [main] INFO  server.RaftServerConfigKeys (ConfUtils.java:logGet(46)) - raft.server.data-stream.async.request.thread.pool.cached = false (default)
2023-09-28 12:55:45,976 [main] INFO  server.RaftServerConfigKeys (ConfUtils.java:logGet(46)) - raft.server.data-stream.async.request.thread.pool.size = 20 (custom)
2023-09-28 12:55:45,976 [main] INFO  server.RaftServerConfigKeys (ConfUtils.java:logGet(46)) - raft.server.data-stream.async.write.thread.pool.size = 16 (default)
2023-09-28 12:55:45,976 [main] INFO  server.RaftServerConfigKeys (ConfUtils.java:logGet(46)) - raft.server.data-stream.client.pool.size = 10 (default)
2023-09-28 12:55:45,976 [main] INFO  netty.NettyConfigKeys$DataStream (ConfUtils.java:logGet(46)) - raft.netty.dataStream.server.use-epoll = false (default)
2023-09-28 12:55:45,977 [main] INFO  netty.NettyConfigKeys$DataStream (ConfUtils.java:logGet(46)) - raft.netty.dataStream.server.boss-group.size = 0 (default)
2023-09-28 12:55:45,977 [main] INFO  netty.NettyConfigKeys$DataStream (ConfUtils.java:logGet(46)) - raft.netty.dataStream.server.worker-group.size = 0 (default)
2023-09-28 12:55:45,977 [main] INFO  netty.NettyConfigKeys$DataStream (ConfUtils.java:logGet(46)) - raft.netty.dataStream.server.tls.conf = null (default)
2023-09-28 12:55:45,977 [main] INFO  netty.NettyConfigKeys$DataStream (ConfUtils.java:logGet(46)) - raft.netty.dataStream.host = null (default)
2023-09-28 12:55:45,978 [main] INFO  netty.NettyConfigKeys$DataStream (ConfUtils.java:logGet(46)) - raft.netty.dataStream.port = 15051 (custom)
2023-09-28 12:55:45,978 [main] INFO  server.RaftServerConfigKeys (ConfUtils.java:logGet(46)) - raft.server.threadpool.proxy.cached = true (default)
2023-09-28 12:55:45,978 [main] INFO  server.RaftServerConfigKeys (ConfUtils.java:logGet(46)) - raft.server.threadpool.proxy.size = 0 (default)
2023-09-28 12:55:45,978 [main] INFO  server.RaftServerConfigKeys (ConfUtils.java:logGet(46)) - raft.server.rpc.slowness.timeout = 300s (custom)
2023-09-28 12:55:45,979 [main] INFO  server.RaftServerConfigKeys (ConfUtils.java:logGet(46)) - raft.server.leaderelection.leader.step-down.wait-time = 10s (default)
2023-09-28 12:55:45,979 [main] INFO  server.RaftServerConfigKeys (ConfUtils.java:logGet(46)) - raft.server.storage.dir = [/home/runner/work/ozone/ozone/hadoop-ozone/integration-test/target/test-dir/MiniOzoneClusterImpl-82bdab22-5801-416e-a4bc-b8f6b9675fef/datanode-4/data/ratis] (custom)
2023-09-28 12:55:45,981 [b52fde56-f3e5-42d4-9b16-acace5358b39-NettyServerStreamRpc-bossGroup--thread1] INFO  logging.LoggingHandler (AbstractInternalLogger.java:log(148)) - [id: 0x5cf8e52d] REGISTERED
2023-09-28 12:55:45,981 [b52fde56-f3e5-42d4-9b16-acace5358b39-NettyServerStreamRpc-bossGroup--thread1] INFO  logging.LoggingHandler (AbstractInternalLogger.java:log(148)) - [id: 0x5cf8e52d] BIND: 0.0.0.0/0.0.0.0:15051
2023-09-28 12:55:45,981 [b52fde56-f3e5-42d4-9b16-acace5358b39-NettyServerStreamRpc-bossGroup--thread1] INFO  logging.LoggingHandler (AbstractInternalLogger.java:log(148)) - [id: 0x5cf8e52d, L:/0:0:0:0:0:0:0:0:15051] ACTIVE
2023-09-28 12:55:45,982 [b52fde56-f3e5-42d4-9b16-acace5358b39-impl-thread1] INFO  server.RaftServer (RaftServerProxy.java:initGroupDir(258)) - b52fde56-f3e5-42d4-9b16-acace5358b39: found a subdirectory /home/runner/work/ozone/ozone/hadoop-ozone/integration-test/target/test-dir/MiniOzoneClusterImpl-82bdab22-5801-416e-a4bc-b8f6b9675fef/datanode-4/data/ratis/tmp
2023-09-28 12:55:45,983 [b52fde56-f3e5-42d4-9b16-acace5358b39-impl-thread1] INFO  server.RaftServer (RaftServerProxy.java:initGroupDir(263)) - b52fde56-f3e5-42d4-9b16-acace5358b39: The directory /home/runner/work/ozone/ozone/hadoop-ozone/integration-test/target/test-dir/MiniOzoneClusterImpl-82bdab22-5801-416e-a4bc-b8f6b9675fef/datanode-4/data/ratis/tmp is not a group directory; ignoring it. 
2023-09-28 12:55:45,983 [main] INFO  replication.ReplicationServer (ReplicationServer.java:<init>(83)) - Initializing replication server with thread count = 10 queue length = 4096
2023-09-28 12:55:45,985 [main] INFO  server.XceiverServerGrpc (XceiverServerGrpc.java:<init>(132)) - GrpcServer channel type EpollServerSocketChannel
2023-09-28 12:55:45,987 [main] INFO  replication.ReplicationSupervisor (ReplicationSupervisor.java:build(155)) - Initializing replication supervisor with thread count = 10
2023-09-28 12:55:45,987 [main] INFO  replication.ReplicationSupervisor (ReplicationSupervisor.java:nodeStateUpdated(307)) - Node state updated to IN_SERVICE, scaling executor pool size to 10
2023-09-28 12:55:45,994 [main] INFO  http.BaseHttpServer (BaseHttpServer.java:newHttpServer2BuilderForOzone(223)) - Starting Web-server for hddsDatanode at: http://0.0.0.0:15045
2023-09-28 12:55:45,994 [main] INFO  http.BaseHttpServer (BaseHttpServer.java:<init>(110)) - Hadoop Security Enabled: false Ozone Security Enabled: false Ozone HTTP Security Enabled: false 
2023-09-28 12:55:45,997 [main] WARN  server.AuthenticationFilter (AuthenticationFilter.java:constructSecretProvider(240)) - Unable to initialize FileSignerSecretProvider, falling back to use random secrets. Reason: Could not read signature secret file: /home/runner/hadoop-http-auth-signature-secret
2023-09-28 12:55:46,002 [main] INFO  http.HttpRequestLog (HttpRequestLog.java:getRequestLog(86)) - Http request log for http.requests.hddsDatanode is not defined
2023-09-28 12:55:46,004 [main] INFO  http.HttpServer2 (HttpServer2.java:addGlobalFilter(1031)) - Added global filter 'safety' (class=org.apache.hadoop.hdds.server.http.HttpServer2$QuotingInputFilter)
2023-09-28 12:55:46,005 [main] INFO  http.HttpServer2 (HttpServer2.java:addFilter(1007)) - Added filter static_user_filter (class=org.apache.hadoop.http.lib.StaticUserWebFilter$StaticUserFilter) to context hddsDatanode
2023-09-28 12:55:46,005 [main] INFO  http.HttpServer2 (HttpServer2.java:addFilter(1015)) - Added filter static_user_filter (class=org.apache.hadoop.http.lib.StaticUserWebFilter$StaticUserFilter) to context logs
2023-09-28 12:55:46,005 [main] INFO  http.HttpServer2 (HttpServer2.java:addFilter(1015)) - Added filter static_user_filter (class=org.apache.hadoop.http.lib.StaticUserWebFilter$StaticUserFilter) to context static
2023-09-28 12:55:46,006 [main] INFO  http.BaseHttpServer (BaseHttpServer.java:<init>(189)) - HTTP server of hddsDatanode uses base directory /home/runner/work/ozone/ozone/hadoop-ozone/integration-test/target/test-dir/MiniOzoneClusterImpl-82bdab22-5801-416e-a4bc-b8f6b9675fef/datanode-4/meta/webserver
2023-09-28 12:55:46,006 [main] INFO  http.HttpServer2 (HttpServer2.java:bindListener(1231)) - Jetty bound to port 15045
2023-09-28 12:55:46,007 [main] INFO  server.Server (Server.java:doStart(375)) - jetty-9.4.52.v20230823; built: 2023-08-23T19:29:37.669Z; git: abdcda73818a1a2c705da276edb0bf6581e7997e; jvm 1.8.0_382-b05
2023-09-28 12:55:46,012 [main] INFO  server.session (DefaultSessionIdManager.java:doStart(334)) - DefaultSessionIdManager workerName=node0
2023-09-28 12:55:46,013 [main] INFO  server.session (DefaultSessionIdManager.java:doStart(339)) - No SessionScavenger set, using defaults
2023-09-28 12:55:46,013 [main] INFO  server.session (HouseKeeper.java:startScavenging(132)) - node0 Scavenging every 600000ms
2023-09-28 12:55:46,014 [main] INFO  handler.ContextHandler (ContextHandler.java:doStart(921)) - Started o.e.j.s.ServletContextHandler@55d1605b{logs,/logs,file:///home/runner/work/ozone/ozone/hadoop-ozone/integration-test/target/log,AVAILABLE}
2023-09-28 12:55:46,014 [main] INFO  handler.ContextHandler (ContextHandler.java:doStart(921)) - Started o.e.j.s.ServletContextHandler@2f2b638{static,/static,jar:file:/home/runner/.m2/repository/org/apache/ozone/hdds-container-service/1.4.0-SNAPSHOT/hdds-container-service-1.4.0-SNAPSHOT.jar!/webapps/static,AVAILABLE}
2023-09-28 12:55:46,278 [main] INFO  handler.ContextHandler (ContextHandler.java:doStart(921)) - Started o.e.j.w.WebAppContext@3c1d9114{hddsDatanode,/,file:///home/runner/work/ozone/ozone/hadoop-ozone/integration-test/target/test-dir/MiniOzoneClusterImpl-82bdab22-5801-416e-a4bc-b8f6b9675fef/datanode-4/meta/webserver/jetty-0_0_0_0-15045-hdds-container-service-1_4_0-SNAPSHOT_jar-_-any-1479811180946808747/webapp/,AVAILABLE}{jar:file:/home/runner/.m2/repository/org/apache/ozone/hdds-container-service/1.4.0-SNAPSHOT/hdds-container-service-1.4.0-SNAPSHOT.jar!/webapps/hddsDatanode}
2023-09-28 12:55:46,280 [main] INFO  server.AbstractConnector (AbstractConnector.java:doStart(333)) - Started ServerConnector@321a1cbb{HTTP/1.1, (http/1.1)}{0.0.0.0:15045}
2023-09-28 12:55:46,280 [main] INFO  server.Server (Server.java:doStart(415)) - Started @12132ms
2023-09-28 12:55:46,280 [main] WARN  impl.MetricsSystemImpl (MetricsSystemImpl.java:register(279)) - Sink prometheus already exists!
2023-09-28 12:55:46,281 [main] INFO  http.BaseHttpServer (BaseHttpServer.java:updateConnectorAddress(354)) - HTTP server of hddsDatanode listening at http://0.0.0.0:15045
2023-09-28 12:55:46,281 [main] INFO  ipc.CallQueueManager (CallQueueManager.java:<init>(90)) - Using callQueue: class java.util.concurrent.LinkedBlockingQueue, queueCapacity: 100, scheduler: class org.apache.hadoop.ipc.DefaultRpcScheduler, ipcBackoff: false.
2023-09-28 12:55:46,282 [main] INFO  ipc.Server (Server.java:<init>(1287)) - Listener at 0.0.0.0:15046
2023-09-28 12:55:46,282 [Socket Reader #1 for port 15046] INFO  ipc.Server (Server.java:run(1323)) - Starting Socket Reader #1 for port 15046
2023-09-28 12:55:46,285 [main] INFO  ozone.HddsDatanodeService (HddsDatanodeService.java:start(315)) - Datanode start with admins: [runner]
2023-09-28 12:55:46,286 [main] INFO  ozone.HddsDatanodeClientProtocolServer (HddsDatanodeClientProtocolServer.java:start(72)) - RPC server for Client /0.0.0.0:15046
2023-09-28 12:55:46,286 [IPC Server Responder] INFO  ipc.Server (Server.java:run(1562)) - IPC Server Responder: starting
2023-09-28 12:55:46,287 [IPC Server listener on 15046] INFO  ipc.Server (Server.java:run(1402)) - IPC Server listener on 15046: starting
2023-09-28 12:55:46,288 [main] INFO  ozone.MiniOzoneClusterImpl (MiniOzoneClusterImpl.java:lambda$waitForClusterToBeReady$0(229)) - Waiting for nodes to be ready. Got 0 of 5 DN Heartbeats.
2023-09-28 12:55:46,288 [main] INFO  ozone.MiniOzoneClusterImpl (MiniOzoneClusterImpl.java:lambda$waitForClusterToBeReady$0(232)) - Waiting for cluster to exit safe mode
2023-09-28 12:55:46,288 [main] INFO  ozone.MiniOzoneClusterImpl (MiniOzoneClusterImpl.java:lambda$waitForClusterToBeReady$0(234)) - SCM became leader
2023-09-28 12:55:46,293 [Datanode State Machine Daemon Thread] INFO  statemachine.DatanodeStateMachine (DatanodeStateMachine.java:lambda$startDaemon$0(539)) - Ozone container server started.
2023-09-28 12:55:46,301 [Datanode State Machine Task Thread - 0] INFO  datanode.InitDatanodeState (InitDatanodeState.java:persistContainerDatanodeDetails(138)) - DatanodeDetails is persisted to /home/runner/work/ozone/ozone/hadoop-ozone/integration-test/target/test-dir/MiniOzoneClusterImpl-82bdab22-5801-416e-a4bc-b8f6b9675fef/datanode-4/meta/datanode.id
2023-09-28 12:55:46,855 [EndpointStateMachine task thread for /0.0.0.0:15002 - 0 ] INFO  utils.DatanodeStoreCache (DatanodeStoreCache.java:addDB(66)) - Added db /home/runner/work/ozone/ozone/hadoop-ozone/integration-test/target/test-dir/MiniOzoneClusterImpl-82bdab22-5801-416e-a4bc-b8f6b9675fef/datanode-0/data-0/containers/hdds/82bdab22-5801-416e-a4bc-b8f6b9675fef/DS-f3260816-55ba-469e-959d-9ce187fc060b/container.db to cache
2023-09-28 12:55:46,855 [EndpointStateMachine task thread for /0.0.0.0:15002 - 0 ] INFO  volume.HddsVolume (HddsVolume.java:createDbStore(422)) - SchemaV3 db is created and loaded at /home/runner/work/ozone/ozone/hadoop-ozone/integration-test/target/test-dir/MiniOzoneClusterImpl-82bdab22-5801-416e-a4bc-b8f6b9675fef/datanode-0/data-0/containers/hdds/82bdab22-5801-416e-a4bc-b8f6b9675fef/DS-f3260816-55ba-469e-959d-9ce187fc060b/container.db for volume DS-f3260816-55ba-469e-959d-9ce187fc060b
2023-09-28 12:55:46,859 [EndpointStateMachine task thread for /0.0.0.0:15002 - 0 ] INFO  volume.ThrottledAsyncChecker (ThrottledAsyncChecker.java:schedule(141)) - Scheduling a check for /home/runner/work/ozone/ozone/hadoop-ozone/integration-test/target/test-dir/MiniOzoneClusterImpl-82bdab22-5801-416e-a4bc-b8f6b9675fef/datanode-0/data-0/containers/hdds
2023-09-28 12:55:46,890 [EndpointStateMachine task thread for /0.0.0.0:15002 - 0 ] INFO  volume.StorageVolumeChecker (StorageVolumeChecker.java:checkAllVolumes(213)) - Scheduled health check for volume /home/runner/work/ozone/ozone/hadoop-ozone/integration-test/target/test-dir/MiniOzoneClusterImpl-82bdab22-5801-416e-a4bc-b8f6b9675fef/datanode-0/data-0/containers/hdds
2023-09-28 12:55:46,893 [EndpointStateMachine task thread for /0.0.0.0:15002 - 0 ] INFO  volume.ThrottledAsyncChecker (ThrottledAsyncChecker.java:schedule(141)) - Scheduling a check for /home/runner/work/ozone/ozone/hadoop-ozone/integration-test/target/test-dir/MiniOzoneClusterImpl-82bdab22-5801-416e-a4bc-b8f6b9675fef/datanode-0/data/ratis
2023-09-28 12:55:46,894 [EndpointStateMachine task thread for /0.0.0.0:15002 - 0 ] INFO  volume.StorageVolumeChecker (StorageVolumeChecker.java:checkAllVolumes(213)) - Scheduled health check for volume /home/runner/work/ozone/ozone/hadoop-ozone/integration-test/target/test-dir/MiniOzoneClusterImpl-82bdab22-5801-416e-a4bc-b8f6b9675fef/datanode-0/data/ratis
2023-09-28 12:55:46,896 [EndpointStateMachine task thread for /0.0.0.0:15002 - 0 ] INFO  ozoneimpl.OzoneContainer (OzoneContainer.java:start(429)) - Attempting to start container services.
2023-09-28 12:55:46,898 [EndpointStateMachine task thread for /0.0.0.0:15002 - 0 ] INFO  ozoneimpl.OzoneContainer (OzoneContainer.java:startContainerScrub(325)) - Scheduled background container scanners and the on-demand container scanner have been disabled.
2023-09-28 12:55:46,900 [EndpointStateMachine task thread for /0.0.0.0:15002 - 0 ] INFO  replication.ReplicationServer (ReplicationServer.java:start(134)) - ReplicationServer is started using port 15016
2023-09-28 12:55:46,901 [EndpointStateMachine task thread for /0.0.0.0:15002 - 0 ] INFO  ratis.XceiverServerRatis (XceiverServerRatis.java:start(517)) - Starting XceiverServerRatis 034573be-2326-4784-8299-dcb44cb21fac
2023-09-28 12:55:46,905 [EndpointStateMachine task thread for /0.0.0.0:15002 - 0 ] INFO  server.RaftServer (RaftServerProxy.java:startImpl(400)) - 034573be-2326-4784-8299-dcb44cb21fac: start RPC server
2023-09-28 12:55:46,916 [EndpointStateMachine task thread for /0.0.0.0:15002 - 0 ] INFO  server.GrpcService (GrpcService.java:startImpl(302)) - 034573be-2326-4784-8299-dcb44cb21fac: GrpcService started, listening on 15012
2023-09-28 12:55:46,919 [EndpointStateMachine task thread for /0.0.0.0:15002 - 0 ] INFO  server.GrpcService (GrpcService.java:startImpl(302)) - 034573be-2326-4784-8299-dcb44cb21fac: GrpcService started, listening on 15014
2023-09-28 12:55:46,921 [EndpointStateMachine task thread for /0.0.0.0:15002 - 0 ] INFO  server.GrpcService (GrpcService.java:startImpl(302)) - 034573be-2326-4784-8299-dcb44cb21fac: GrpcService started, listening on 15013
2023-09-28 12:55:46,922 [EndpointStateMachine task thread for /0.0.0.0:15002 - 0 ] INFO  ratis.XceiverServerRatis (XceiverServerRatis.java:getRealPort(543)) - XceiverServerRatis 034573be-2326-4784-8299-dcb44cb21fac is started using port 15012 for RATIS
2023-09-28 12:55:46,922 [EndpointStateMachine task thread for /0.0.0.0:15002 - 0 ] INFO  ratis.XceiverServerRatis (XceiverServerRatis.java:getRealPort(543)) - XceiverServerRatis 034573be-2326-4784-8299-dcb44cb21fac is started using port 15013 for RATIS_ADMIN
2023-09-28 12:55:46,922 [EndpointStateMachine task thread for /0.0.0.0:15002 - 0 ] INFO  ratis.XceiverServerRatis (XceiverServerRatis.java:getRealPort(543)) - XceiverServerRatis 034573be-2326-4784-8299-dcb44cb21fac is started using port 15014 for RATIS_SERVER
2023-09-28 12:55:46,922 [EndpointStateMachine task thread for /0.0.0.0:15002 - 0 ] INFO  ratis.XceiverServerRatis (XceiverServerRatis.java:getRealPort(543)) - XceiverServerRatis 034573be-2326-4784-8299-dcb44cb21fac is started using port 15015 for RATIS_DATASTREAM
2023-09-28 12:55:46,923 [JvmPauseMonitor2] INFO  util.JvmPauseMonitor (JvmPauseMonitor.java:run(103)) - JvmPauseMonitor-034573be-2326-4784-8299-dcb44cb21fac: Started
2023-09-28 12:55:46,944 [BlockDeletingService#0] INFO  interfaces.ContainerDeletionChoosingPolicyTemplate (ContainerDeletionChoosingPolicyTemplate.java:chooseContainerForBlockDeletion(85)) - Chosen 0/5000 blocks from 0 candidate containers.
2023-09-28 12:55:47,259 [EndpointStateMachine task thread for /0.0.0.0:15002 - 0 ] INFO  utils.DatanodeStoreCache (DatanodeStoreCache.java:addDB(66)) - Added db /home/runner/work/ozone/ozone/hadoop-ozone/integration-test/target/test-dir/MiniOzoneClusterImpl-82bdab22-5801-416e-a4bc-b8f6b9675fef/datanode-1/data-0/containers/hdds/82bdab22-5801-416e-a4bc-b8f6b9675fef/DS-e1e14253-6b2b-4f62-887f-6e203e8fc051/container.db to cache
2023-09-28 12:55:47,260 [EndpointStateMachine task thread for /0.0.0.0:15002 - 0 ] INFO  volume.HddsVolume (HddsVolume.java:createDbStore(422)) - SchemaV3 db is created and loaded at /home/runner/work/ozone/ozone/hadoop-ozone/integration-test/target/test-dir/MiniOzoneClusterImpl-82bdab22-5801-416e-a4bc-b8f6b9675fef/datanode-1/data-0/containers/hdds/82bdab22-5801-416e-a4bc-b8f6b9675fef/DS-e1e14253-6b2b-4f62-887f-6e203e8fc051/container.db for volume DS-e1e14253-6b2b-4f62-887f-6e203e8fc051
2023-09-28 12:55:47,261 [EndpointStateMachine task thread for /0.0.0.0:15002 - 0 ] INFO  volume.ThrottledAsyncChecker (ThrottledAsyncChecker.java:schedule(141)) - Scheduling a check for /home/runner/work/ozone/ozone/hadoop-ozone/integration-test/target/test-dir/MiniOzoneClusterImpl-82bdab22-5801-416e-a4bc-b8f6b9675fef/datanode-1/data-0/containers/hdds
2023-09-28 12:55:47,266 [EndpointStateMachine task thread for /0.0.0.0:15002 - 0 ] INFO  volume.StorageVolumeChecker (StorageVolumeChecker.java:checkAllVolumes(213)) - Scheduled health check for volume /home/runner/work/ozone/ozone/hadoop-ozone/integration-test/target/test-dir/MiniOzoneClusterImpl-82bdab22-5801-416e-a4bc-b8f6b9675fef/datanode-1/data-0/containers/hdds
2023-09-28 12:55:47,273 [EndpointStateMachine task thread for /0.0.0.0:15002 - 0 ] INFO  volume.ThrottledAsyncChecker (ThrottledAsyncChecker.java:schedule(141)) - Scheduling a check for /home/runner/work/ozone/ozone/hadoop-ozone/integration-test/target/test-dir/MiniOzoneClusterImpl-82bdab22-5801-416e-a4bc-b8f6b9675fef/datanode-1/data/ratis
2023-09-28 12:55:47,273 [EndpointStateMachine task thread for /0.0.0.0:15002 - 0 ] INFO  volume.StorageVolumeChecker (StorageVolumeChecker.java:checkAllVolumes(213)) - Scheduled health check for volume /home/runner/work/ozone/ozone/hadoop-ozone/integration-test/target/test-dir/MiniOzoneClusterImpl-82bdab22-5801-416e-a4bc-b8f6b9675fef/datanode-1/data/ratis
2023-09-28 12:55:47,274 [EndpointStateMachine task thread for /0.0.0.0:15002 - 0 ] INFO  ozoneimpl.OzoneContainer (OzoneContainer.java:start(429)) - Attempting to start container services.
2023-09-28 12:55:47,274 [EndpointStateMachine task thread for /0.0.0.0:15002 - 0 ] INFO  ozoneimpl.OzoneContainer (OzoneContainer.java:startContainerScrub(325)) - Scheduled background container scanners and the on-demand container scanner have been disabled.
2023-09-28 12:55:47,278 [EndpointStateMachine task thread for /0.0.0.0:15002 - 0 ] INFO  replication.ReplicationServer (ReplicationServer.java:start(134)) - ReplicationServer is started using port 15025
2023-09-28 12:55:47,278 [EndpointStateMachine task thread for /0.0.0.0:15002 - 0 ] INFO  ratis.XceiverServerRatis (XceiverServerRatis.java:start(517)) - Starting XceiverServerRatis 2942950e-5b72-4e60-8fd7-505c1475c682
2023-09-28 12:55:47,279 [EndpointStateMachine task thread for /0.0.0.0:15002 - 0 ] INFO  server.RaftServer (RaftServerProxy.java:startImpl(400)) - 2942950e-5b72-4e60-8fd7-505c1475c682: start RPC server
2023-09-28 12:55:47,280 [EndpointStateMachine task thread for /0.0.0.0:15002 - 0 ] INFO  server.GrpcService (GrpcService.java:startImpl(302)) - 2942950e-5b72-4e60-8fd7-505c1475c682: GrpcService started, listening on 15021
2023-09-28 12:55:47,282 [EndpointStateMachine task thread for /0.0.0.0:15002 - 0 ] INFO  server.GrpcService (GrpcService.java:startImpl(302)) - 2942950e-5b72-4e60-8fd7-505c1475c682: GrpcService started, listening on 15023
2023-09-28 12:55:47,284 [EndpointStateMachine task thread for /0.0.0.0:15002 - 0 ] INFO  server.GrpcService (GrpcService.java:startImpl(302)) - 2942950e-5b72-4e60-8fd7-505c1475c682: GrpcService started, listening on 15022
2023-09-28 12:55:47,285 [EndpointStateMachine task thread for /0.0.0.0:15002 - 0 ] INFO  ratis.XceiverServerRatis (XceiverServerRatis.java:getRealPort(543)) - XceiverServerRatis 2942950e-5b72-4e60-8fd7-505c1475c682 is started using port 15021 for RATIS
2023-09-28 12:55:47,285 [JvmPauseMonitor3] INFO  util.JvmPauseMonitor (JvmPauseMonitor.java:run(103)) - JvmPauseMonitor-2942950e-5b72-4e60-8fd7-505c1475c682: Started
2023-09-28 12:55:47,285 [EndpointStateMachine task thread for /0.0.0.0:15002 - 0 ] INFO  ratis.XceiverServerRatis (XceiverServerRatis.java:getRealPort(543)) - XceiverServerRatis 2942950e-5b72-4e60-8fd7-505c1475c682 is started using port 15022 for RATIS_ADMIN
2023-09-28 12:55:47,285 [EndpointStateMachine task thread for /0.0.0.0:15002 - 0 ] INFO  ratis.XceiverServerRatis (XceiverServerRatis.java:getRealPort(543)) - XceiverServerRatis 2942950e-5b72-4e60-8fd7-505c1475c682 is started using port 15023 for RATIS_SERVER
2023-09-28 12:55:47,285 [EndpointStateMachine task thread for /0.0.0.0:15002 - 0 ] INFO  ratis.XceiverServerRatis (XceiverServerRatis.java:getRealPort(543)) - XceiverServerRatis 2942950e-5b72-4e60-8fd7-505c1475c682 is started using port 15024 for RATIS_DATASTREAM
2023-09-28 12:55:47,289 [main] INFO  ozone.MiniOzoneClusterImpl (MiniOzoneClusterImpl.java:lambda$waitForClusterToBeReady$0(229)) - Waiting for nodes to be ready. Got 0 of 5 DN Heartbeats.
2023-09-28 12:55:47,289 [main] INFO  ozone.MiniOzoneClusterImpl (MiniOzoneClusterImpl.java:lambda$waitForClusterToBeReady$0(232)) - Waiting for cluster to exit safe mode
2023-09-28 12:55:47,289 [main] INFO  ozone.MiniOzoneClusterImpl (MiniOzoneClusterImpl.java:lambda$waitForClusterToBeReady$0(234)) - SCM became leader
2023-09-28 12:55:47,293 [BlockDeletingService#0] INFO  interfaces.ContainerDeletionChoosingPolicyTemplate (ContainerDeletionChoosingPolicyTemplate.java:chooseContainerForBlockDeletion(85)) - Chosen 0/5000 blocks from 0 candidate containers.
2023-09-28 12:55:47,651 [EndpointStateMachine task thread for /0.0.0.0:15002 - 0 ] INFO  utils.DatanodeStoreCache (DatanodeStoreCache.java:addDB(66)) - Added db /home/runner/work/ozone/ozone/hadoop-ozone/integration-test/target/test-dir/MiniOzoneClusterImpl-82bdab22-5801-416e-a4bc-b8f6b9675fef/datanode-2/data-0/containers/hdds/82bdab22-5801-416e-a4bc-b8f6b9675fef/DS-28902195-902f-4b25-849f-ec70a32c59e7/container.db to cache
2023-09-28 12:55:47,651 [EndpointStateMachine task thread for /0.0.0.0:15002 - 0 ] INFO  volume.HddsVolume (HddsVolume.java:createDbStore(422)) - SchemaV3 db is created and loaded at /home/runner/work/ozone/ozone/hadoop-ozone/integration-test/target/test-dir/MiniOzoneClusterImpl-82bdab22-5801-416e-a4bc-b8f6b9675fef/datanode-2/data-0/containers/hdds/82bdab22-5801-416e-a4bc-b8f6b9675fef/DS-28902195-902f-4b25-849f-ec70a32c59e7/container.db for volume DS-28902195-902f-4b25-849f-ec70a32c59e7
2023-09-28 12:55:47,652 [EndpointStateMachine task thread for /0.0.0.0:15002 - 0 ] INFO  volume.ThrottledAsyncChecker (ThrottledAsyncChecker.java:schedule(141)) - Scheduling a check for /home/runner/work/ozone/ozone/hadoop-ozone/integration-test/target/test-dir/MiniOzoneClusterImpl-82bdab22-5801-416e-a4bc-b8f6b9675fef/datanode-2/data-0/containers/hdds
2023-09-28 12:55:47,659 [EndpointStateMachine task thread for /0.0.0.0:15002 - 0 ] INFO  volume.StorageVolumeChecker (StorageVolumeChecker.java:checkAllVolumes(213)) - Scheduled health check for volume /home/runner/work/ozone/ozone/hadoop-ozone/integration-test/target/test-dir/MiniOzoneClusterImpl-82bdab22-5801-416e-a4bc-b8f6b9675fef/datanode-2/data-0/containers/hdds
2023-09-28 12:55:47,661 [EndpointStateMachine task thread for /0.0.0.0:15002 - 0 ] INFO  volume.ThrottledAsyncChecker (ThrottledAsyncChecker.java:schedule(141)) - Scheduling a check for /home/runner/work/ozone/ozone/hadoop-ozone/integration-test/target/test-dir/MiniOzoneClusterImpl-82bdab22-5801-416e-a4bc-b8f6b9675fef/datanode-2/data/ratis
2023-09-28 12:55:47,661 [EndpointStateMachine task thread for /0.0.0.0:15002 - 0 ] INFO  volume.StorageVolumeChecker (StorageVolumeChecker.java:checkAllVolumes(213)) - Scheduled health check for volume /home/runner/work/ozone/ozone/hadoop-ozone/integration-test/target/test-dir/MiniOzoneClusterImpl-82bdab22-5801-416e-a4bc-b8f6b9675fef/datanode-2/data/ratis
2023-09-28 12:55:47,662 [EndpointStateMachine task thread for /0.0.0.0:15002 - 0 ] INFO  ozoneimpl.OzoneContainer (OzoneContainer.java:start(429)) - Attempting to start container services.
2023-09-28 12:55:47,662 [EndpointStateMachine task thread for /0.0.0.0:15002 - 0 ] INFO  ozoneimpl.OzoneContainer (OzoneContainer.java:startContainerScrub(325)) - Scheduled background container scanners and the on-demand container scanner have been disabled.
2023-09-28 12:55:47,664 [EndpointStateMachine task thread for /0.0.0.0:15002 - 0 ] INFO  replication.ReplicationServer (ReplicationServer.java:start(134)) - ReplicationServer is started using port 15034
2023-09-28 12:55:47,664 [EndpointStateMachine task thread for /0.0.0.0:15002 - 0 ] INFO  ratis.XceiverServerRatis (XceiverServerRatis.java:start(517)) - Starting XceiverServerRatis 3b419e23-3cc6-45b0-b9b5-04f9349798d3
2023-09-28 12:55:47,665 [EndpointStateMachine task thread for /0.0.0.0:15002 - 0 ] INFO  server.RaftServer (RaftServerProxy.java:startImpl(400)) - 3b419e23-3cc6-45b0-b9b5-04f9349798d3: start RPC server
2023-09-28 12:55:47,670 [EndpointStateMachine task thread for /0.0.0.0:15002 - 0 ] INFO  server.GrpcService (GrpcService.java:startImpl(302)) - 3b419e23-3cc6-45b0-b9b5-04f9349798d3: GrpcService started, listening on 15030
2023-09-28 12:55:47,672 [EndpointStateMachine task thread for /0.0.0.0:15002 - 0 ] INFO  server.GrpcService (GrpcService.java:startImpl(302)) - 3b419e23-3cc6-45b0-b9b5-04f9349798d3: GrpcService started, listening on 15032
2023-09-28 12:55:47,674 [EndpointStateMachine task thread for /0.0.0.0:15002 - 0 ] INFO  server.GrpcService (GrpcService.java:startImpl(302)) - 3b419e23-3cc6-45b0-b9b5-04f9349798d3: GrpcService started, listening on 15031
2023-09-28 12:55:47,676 [EndpointStateMachine task thread for /0.0.0.0:15002 - 0 ] INFO  ratis.XceiverServerRatis (XceiverServerRatis.java:getRealPort(543)) - XceiverServerRatis 3b419e23-3cc6-45b0-b9b5-04f9349798d3 is started using port 15030 for RATIS
2023-09-28 12:55:47,676 [JvmPauseMonitor4] INFO  util.JvmPauseMonitor (JvmPauseMonitor.java:run(103)) - JvmPauseMonitor-3b419e23-3cc6-45b0-b9b5-04f9349798d3: Started
2023-09-28 12:55:47,676 [EndpointStateMachine task thread for /0.0.0.0:15002 - 0 ] INFO  ratis.XceiverServerRatis (XceiverServerRatis.java:getRealPort(543)) - XceiverServerRatis 3b419e23-3cc6-45b0-b9b5-04f9349798d3 is started using port 15031 for RATIS_ADMIN
2023-09-28 12:55:47,677 [EndpointStateMachine task thread for /0.0.0.0:15002 - 0 ] INFO  ratis.XceiverServerRatis (XceiverServerRatis.java:getRealPort(543)) - XceiverServerRatis 3b419e23-3cc6-45b0-b9b5-04f9349798d3 is started using port 15032 for RATIS_SERVER
2023-09-28 12:55:47,677 [EndpointStateMachine task thread for /0.0.0.0:15002 - 0 ] INFO  ratis.XceiverServerRatis (XceiverServerRatis.java:getRealPort(543)) - XceiverServerRatis 3b419e23-3cc6-45b0-b9b5-04f9349798d3 is started using port 15033 for RATIS_DATASTREAM
2023-09-28 12:55:47,684 [BlockDeletingService#0] INFO  interfaces.ContainerDeletionChoosingPolicyTemplate (ContainerDeletionChoosingPolicyTemplate.java:chooseContainerForBlockDeletion(85)) - Chosen 0/5000 blocks from 0 candidate containers.
2023-09-28 12:55:47,984 [EndpointStateMachine task thread for /0.0.0.0:15002 - 0 ] INFO  utils.DatanodeStoreCache (DatanodeStoreCache.java:addDB(66)) - Added db /home/runner/work/ozone/ozone/hadoop-ozone/integration-test/target/test-dir/MiniOzoneClusterImpl-82bdab22-5801-416e-a4bc-b8f6b9675fef/datanode-3/data-0/containers/hdds/82bdab22-5801-416e-a4bc-b8f6b9675fef/DS-37a505c6-7ada-454c-bde7-3d93f349e038/container.db to cache
2023-09-28 12:55:47,984 [EndpointStateMachine task thread for /0.0.0.0:15002 - 0 ] INFO  volume.HddsVolume (HddsVolume.java:createDbStore(422)) - SchemaV3 db is created and loaded at /home/runner/work/ozone/ozone/hadoop-ozone/integration-test/target/test-dir/MiniOzoneClusterImpl-82bdab22-5801-416e-a4bc-b8f6b9675fef/datanode-3/data-0/containers/hdds/82bdab22-5801-416e-a4bc-b8f6b9675fef/DS-37a505c6-7ada-454c-bde7-3d93f349e038/container.db for volume DS-37a505c6-7ada-454c-bde7-3d93f349e038
2023-09-28 12:55:47,985 [EndpointStateMachine task thread for /0.0.0.0:15002 - 0 ] INFO  volume.ThrottledAsyncChecker (ThrottledAsyncChecker.java:schedule(141)) - Scheduling a check for /home/runner/work/ozone/ozone/hadoop-ozone/integration-test/target/test-dir/MiniOzoneClusterImpl-82bdab22-5801-416e-a4bc-b8f6b9675fef/datanode-3/data-0/containers/hdds
2023-09-28 12:55:47,993 [EndpointStateMachine task thread for /0.0.0.0:15002 - 0 ] INFO  volume.StorageVolumeChecker (StorageVolumeChecker.java:checkAllVolumes(213)) - Scheduled health check for volume /home/runner/work/ozone/ozone/hadoop-ozone/integration-test/target/test-dir/MiniOzoneClusterImpl-82bdab22-5801-416e-a4bc-b8f6b9675fef/datanode-3/data-0/containers/hdds
2023-09-28 12:55:47,994 [EndpointStateMachine task thread for /0.0.0.0:15002 - 0 ] INFO  volume.ThrottledAsyncChecker (ThrottledAsyncChecker.java:schedule(141)) - Scheduling a check for /home/runner/work/ozone/ozone/hadoop-ozone/integration-test/target/test-dir/MiniOzoneClusterImpl-82bdab22-5801-416e-a4bc-b8f6b9675fef/datanode-3/data/ratis
2023-09-28 12:55:47,994 [EndpointStateMachine task thread for /0.0.0.0:15002 - 0 ] INFO  volume.StorageVolumeChecker (StorageVolumeChecker.java:checkAllVolumes(213)) - Scheduled health check for volume /home/runner/work/ozone/ozone/hadoop-ozone/integration-test/target/test-dir/MiniOzoneClusterImpl-82bdab22-5801-416e-a4bc-b8f6b9675fef/datanode-3/data/ratis
2023-09-28 12:55:47,995 [EndpointStateMachine task thread for /0.0.0.0:15002 - 0 ] INFO  ozoneimpl.OzoneContainer (OzoneContainer.java:start(429)) - Attempting to start container services.
2023-09-28 12:55:47,996 [EndpointStateMachine task thread for /0.0.0.0:15002 - 0 ] INFO  ozoneimpl.OzoneContainer (OzoneContainer.java:startContainerScrub(325)) - Scheduled background container scanners and the on-demand container scanner have been disabled.
2023-09-28 12:55:47,997 [EndpointStateMachine task thread for /0.0.0.0:15002 - 0 ] INFO  replication.ReplicationServer (ReplicationServer.java:start(134)) - ReplicationServer is started using port 15043
2023-09-28 12:55:47,997 [EndpointStateMachine task thread for /0.0.0.0:15002 - 0 ] INFO  ratis.XceiverServerRatis (XceiverServerRatis.java:start(517)) - Starting XceiverServerRatis fca1e5c8-2bd7-4c44-b23c-b8bd0cf2342b
2023-09-28 12:55:47,999 [EndpointStateMachine task thread for /0.0.0.0:15002 - 0 ] INFO  server.RaftServer (RaftServerProxy.java:startImpl(400)) - fca1e5c8-2bd7-4c44-b23c-b8bd0cf2342b: start RPC server
2023-09-28 12:55:48,002 [EndpointStateMachine task thread for /0.0.0.0:15002 - 0 ] INFO  server.GrpcService (GrpcService.java:startImpl(302)) - fca1e5c8-2bd7-4c44-b23c-b8bd0cf2342b: GrpcService started, listening on 15039
2023-09-28 12:55:48,003 [EndpointStateMachine task thread for /0.0.0.0:15002 - 0 ] INFO  server.GrpcService (GrpcService.java:startImpl(302)) - fca1e5c8-2bd7-4c44-b23c-b8bd0cf2342b: GrpcService started, listening on 15041
2023-09-28 12:55:48,009 [EndpointStateMachine task thread for /0.0.0.0:15002 - 0 ] INFO  server.GrpcService (GrpcService.java:startImpl(302)) - fca1e5c8-2bd7-4c44-b23c-b8bd0cf2342b: GrpcService started, listening on 15040
2023-09-28 12:55:48,009 [EndpointStateMachine task thread for /0.0.0.0:15002 - 0 ] INFO  ratis.XceiverServerRatis (XceiverServerRatis.java:getRealPort(543)) - XceiverServerRatis fca1e5c8-2bd7-4c44-b23c-b8bd0cf2342b is started using port 15039 for RATIS
2023-09-28 12:55:48,009 [JvmPauseMonitor5] INFO  util.JvmPauseMonitor (JvmPauseMonitor.java:run(103)) - JvmPauseMonitor-fca1e5c8-2bd7-4c44-b23c-b8bd0cf2342b: Started
2023-09-28 12:55:48,009 [EndpointStateMachine task thread for /0.0.0.0:15002 - 0 ] INFO  ratis.XceiverServerRatis (XceiverServerRatis.java:getRealPort(543)) - XceiverServerRatis fca1e5c8-2bd7-4c44-b23c-b8bd0cf2342b is started using port 15040 for RATIS_ADMIN
2023-09-28 12:55:48,010 [EndpointStateMachine task thread for /0.0.0.0:15002 - 0 ] INFO  ratis.XceiverServerRatis (XceiverServerRatis.java:getRealPort(543)) - XceiverServerRatis fca1e5c8-2bd7-4c44-b23c-b8bd0cf2342b is started using port 15041 for RATIS_SERVER
2023-09-28 12:55:48,010 [EndpointStateMachine task thread for /0.0.0.0:15002 - 0 ] INFO  ratis.XceiverServerRatis (XceiverServerRatis.java:getRealPort(543)) - XceiverServerRatis fca1e5c8-2bd7-4c44-b23c-b8bd0cf2342b is started using port 15042 for RATIS_DATASTREAM
2023-09-28 12:55:48,015 [BlockDeletingService#0] INFO  interfaces.ContainerDeletionChoosingPolicyTemplate (ContainerDeletionChoosingPolicyTemplate.java:chooseContainerForBlockDeletion(85)) - Chosen 0/5000 blocks from 0 candidate containers.
2023-09-28 12:55:48,289 [main] INFO  ozone.MiniOzoneClusterImpl (MiniOzoneClusterImpl.java:lambda$waitForClusterToBeReady$0(229)) - Waiting for nodes to be ready. Got 0 of 5 DN Heartbeats.
2023-09-28 12:55:48,289 [main] INFO  ozone.MiniOzoneClusterImpl (MiniOzoneClusterImpl.java:lambda$waitForClusterToBeReady$0(232)) - Waiting for cluster to exit safe mode
2023-09-28 12:55:48,289 [main] INFO  ozone.MiniOzoneClusterImpl (MiniOzoneClusterImpl.java:lambda$waitForClusterToBeReady$0(234)) - SCM became leader
2023-09-28 12:55:48,351 [EndpointStateMachine task thread for /0.0.0.0:15002 - 0 ] INFO  utils.DatanodeStoreCache (DatanodeStoreCache.java:addDB(66)) - Added db /home/runner/work/ozone/ozone/hadoop-ozone/integration-test/target/test-dir/MiniOzoneClusterImpl-82bdab22-5801-416e-a4bc-b8f6b9675fef/datanode-4/data-0/containers/hdds/82bdab22-5801-416e-a4bc-b8f6b9675fef/DS-47c8fe40-bec9-42cf-9217-59af6b685a09/container.db to cache
2023-09-28 12:55:48,351 [EndpointStateMachine task thread for /0.0.0.0:15002 - 0 ] INFO  volume.HddsVolume (HddsVolume.java:createDbStore(422)) - SchemaV3 db is created and loaded at /home/runner/work/ozone/ozone/hadoop-ozone/integration-test/target/test-dir/MiniOzoneClusterImpl-82bdab22-5801-416e-a4bc-b8f6b9675fef/datanode-4/data-0/containers/hdds/82bdab22-5801-416e-a4bc-b8f6b9675fef/DS-47c8fe40-bec9-42cf-9217-59af6b685a09/container.db for volume DS-47c8fe40-bec9-42cf-9217-59af6b685a09
2023-09-28 12:55:48,353 [EndpointStateMachine task thread for /0.0.0.0:15002 - 0 ] INFO  volume.ThrottledAsyncChecker (ThrottledAsyncChecker.java:schedule(141)) - Scheduling a check for /home/runner/work/ozone/ozone/hadoop-ozone/integration-test/target/test-dir/MiniOzoneClusterImpl-82bdab22-5801-416e-a4bc-b8f6b9675fef/datanode-4/data-0/containers/hdds
2023-09-28 12:55:48,361 [EndpointStateMachine task thread for /0.0.0.0:15002 - 0 ] INFO  volume.StorageVolumeChecker (StorageVolumeChecker.java:checkAllVolumes(213)) - Scheduled health check for volume /home/runner/work/ozone/ozone/hadoop-ozone/integration-test/target/test-dir/MiniOzoneClusterImpl-82bdab22-5801-416e-a4bc-b8f6b9675fef/datanode-4/data-0/containers/hdds
2023-09-28 12:55:48,366 [EndpointStateMachine task thread for /0.0.0.0:15002 - 0 ] INFO  volume.ThrottledAsyncChecker (ThrottledAsyncChecker.java:schedule(141)) - Scheduling a check for /home/runner/work/ozone/ozone/hadoop-ozone/integration-test/target/test-dir/MiniOzoneClusterImpl-82bdab22-5801-416e-a4bc-b8f6b9675fef/datanode-4/data/ratis
2023-09-28 12:55:48,366 [EndpointStateMachine task thread for /0.0.0.0:15002 - 0 ] INFO  volume.StorageVolumeChecker (StorageVolumeChecker.java:checkAllVolumes(213)) - Scheduled health check for volume /home/runner/work/ozone/ozone/hadoop-ozone/integration-test/target/test-dir/MiniOzoneClusterImpl-82bdab22-5801-416e-a4bc-b8f6b9675fef/datanode-4/data/ratis
2023-09-28 12:55:48,369 [EndpointStateMachine task thread for /0.0.0.0:15002 - 0 ] INFO  ozoneimpl.OzoneContainer (OzoneContainer.java:start(429)) - Attempting to start container services.
2023-09-28 12:55:48,369 [EndpointStateMachine task thread for /0.0.0.0:15002 - 0 ] INFO  ozoneimpl.OzoneContainer (OzoneContainer.java:startContainerScrub(325)) - Scheduled background container scanners and the on-demand container scanner have been disabled.
2023-09-28 12:55:48,371 [EndpointStateMachine task thread for /0.0.0.0:15002 - 0 ] INFO  replication.ReplicationServer (ReplicationServer.java:start(134)) - ReplicationServer is started using port 15052
2023-09-28 12:55:48,371 [EndpointStateMachine task thread for /0.0.0.0:15002 - 0 ] INFO  ratis.XceiverServerRatis (XceiverServerRatis.java:start(517)) - Starting XceiverServerRatis b52fde56-f3e5-42d4-9b16-acace5358b39
2023-09-28 12:55:48,376 [EndpointStateMachine task thread for /0.0.0.0:15002 - 0 ] INFO  server.RaftServer (RaftServerProxy.java:startImpl(400)) - b52fde56-f3e5-42d4-9b16-acace5358b39: start RPC server
2023-09-28 12:55:48,378 [EndpointStateMachine task thread for /0.0.0.0:15002 - 0 ] INFO  server.GrpcService (GrpcService.java:startImpl(302)) - b52fde56-f3e5-42d4-9b16-acace5358b39: GrpcService started, listening on 15048
2023-09-28 12:55:48,379 [EndpointStateMachine task thread for /0.0.0.0:15002 - 0 ] INFO  server.GrpcService (GrpcService.java:startImpl(302)) - b52fde56-f3e5-42d4-9b16-acace5358b39: GrpcService started, listening on 15050
2023-09-28 12:55:48,380 [EndpointStateMachine task thread for /0.0.0.0:15002 - 0 ] INFO  server.GrpcService (GrpcService.java:startImpl(302)) - b52fde56-f3e5-42d4-9b16-acace5358b39: GrpcService started, listening on 15049
2023-09-28 12:55:48,384 [EndpointStateMachine task thread for /0.0.0.0:15002 - 0 ] INFO  ratis.XceiverServerRatis (XceiverServerRatis.java:getRealPort(543)) - XceiverServerRatis b52fde56-f3e5-42d4-9b16-acace5358b39 is started using port 15048 for RATIS
2023-09-28 12:55:48,384 [EndpointStateMachine task thread for /0.0.0.0:15002 - 0 ] INFO  ratis.XceiverServerRatis (XceiverServerRatis.java:getRealPort(543)) - XceiverServerRatis b52fde56-f3e5-42d4-9b16-acace5358b39 is started using port 15049 for RATIS_ADMIN
2023-09-28 12:55:48,384 [EndpointStateMachine task thread for /0.0.0.0:15002 - 0 ] INFO  ratis.XceiverServerRatis (XceiverServerRatis.java:getRealPort(543)) - XceiverServerRatis b52fde56-f3e5-42d4-9b16-acace5358b39 is started using port 15050 for RATIS_SERVER
2023-09-28 12:55:48,384 [EndpointStateMachine task thread for /0.0.0.0:15002 - 0 ] INFO  ratis.XceiverServerRatis (XceiverServerRatis.java:getRealPort(543)) - XceiverServerRatis b52fde56-f3e5-42d4-9b16-acace5358b39 is started using port 15051 for RATIS_DATASTREAM
2023-09-28 12:55:48,385 [JvmPauseMonitor6] INFO  util.JvmPauseMonitor (JvmPauseMonitor.java:run(103)) - JvmPauseMonitor-b52fde56-f3e5-42d4-9b16-acace5358b39: Started
2023-09-28 12:55:48,389 [BlockDeletingService#0] INFO  interfaces.ContainerDeletionChoosingPolicyTemplate (ContainerDeletionChoosingPolicyTemplate.java:chooseContainerForBlockDeletion(85)) - Chosen 0/5000 blocks from 0 candidate containers.
2023-09-28 12:55:48,715 [IPC Server handler 8 on default port 15002] INFO  net.NetworkTopologyImpl (NetworkTopologyImpl.java:add(112)) - Added a new node: /default-rack/034573be-2326-4784-8299-dcb44cb21fac
2023-09-28 12:55:48,719 [IPC Server handler 8 on default port 15002] INFO  node.SCMNodeManager (SCMNodeManager.java:register(405)) - Registered Data node : 034573be-2326-4784-8299-dcb44cb21fac{ip: 10.1.0.34, host: fv-az163-431.ksqkok1cighebdh5ckq0wc3qdf.dx.internal.cloudapp.net, ports: [HTTP=15009, CLIENT_RPC=15010, REPLICATION=15016, RATIS=15012, RATIS_ADMIN=15013, RATIS_SERVER=15014, RATIS_DATASTREAM=15015, STANDALONE=15011], networkLocation: /default-rack, certSerialId: null, persistedOpState: null, persistedOpStateExpiryEpochSec: 0}
2023-09-28 12:55:48,722 [EventQueue-NewNodeForNewNodeHandler] INFO  pipeline.BackgroundPipelineCreator (BackgroundPipelineCreator.java:notifyEventTriggered(277)) - trigger a one-shot run on RatisPipelineUtilsThread.
2023-09-28 12:55:48,725 [EventQueue-NodeRegistrationContainerReportForContainerSafeModeRule] INFO  safemode.SCMSafeModeManager (SCMSafeModeManager.java:validateSafeModeExitRules(200)) - ContainerSafeModeRule rule is successfully validated
2023-09-28 12:55:48,730 [EventQueue-NodeRegistrationContainerReportForDataNodeSafeModeRule] INFO  safemode.SCMSafeModeManager (DataNodeSafeModeRule.java:process(71)) - SCM in safe mode. 1 DataNodes registered, 3 required.
2023-09-28 12:55:48,744 [RatisPipelineUtilsThread - 0] INFO  pipeline.RatisPipelineProvider (RatisPipelineProvider.java:lambda$create$0(206)) - Sending CreatePipelineCommand for pipeline:PipelineID=0b2f2e1f-281a-4ea9-af05-daa236a79da2 to datanode:034573be-2326-4784-8299-dcb44cb21fac
2023-09-28 12:55:48,745 [EventQueue-PipelineReportForOneReplicaPipelineSafeModeRule] INFO  safemode.SCMSafeModeManager (SCMSafeModeManager.java:validateSafeModeExitRules(200)) - AtleastOneDatanodeReportedRule rule is successfully validated
2023-09-28 12:55:48,762 [RatisPipelineUtilsThread - 0] INFO  pipeline.BackgroundPipelineCreator (BackgroundPipelineCreator.java:createPipelines(233)) - Created new pipeline Pipeline[ Id: 0b2f2e1f-281a-4ea9-af05-daa236a79da2, Nodes: 034573be-2326-4784-8299-dcb44cb21fac(fv-az163-431.ksqkok1cighebdh5ckq0wc3qdf.dx.internal.cloudapp.net/10.1.0.34), ReplicationConfig: RATIS/ONE, State:ALLOCATED, leaderId:, CreationTimestamp2023-09-28T12:55:48.742Z[Etc/UTC]]
2023-09-28 12:55:49,218 [IPC Server handler 18 on default port 15002] INFO  net.NetworkTopologyImpl (NetworkTopologyImpl.java:add(112)) - Added a new node: /default-rack/2942950e-5b72-4e60-8fd7-505c1475c682
2023-09-28 12:55:49,218 [IPC Server handler 18 on default port 15002] INFO  node.SCMNodeManager (SCMNodeManager.java:register(405)) - Registered Data node : 2942950e-5b72-4e60-8fd7-505c1475c682{ip: 10.1.0.34, host: fv-az163-431.ksqkok1cighebdh5ckq0wc3qdf.dx.internal.cloudapp.net, ports: [HTTP=15018, CLIENT_RPC=15019, REPLICATION=15025, RATIS=15021, RATIS_ADMIN=15022, RATIS_SERVER=15023, RATIS_DATASTREAM=15024, STANDALONE=15020], networkLocation: /default-rack, certSerialId: null, persistedOpState: null, persistedOpStateExpiryEpochSec: 0}
2023-09-28 12:55:49,219 [EventQueue-NodeRegistrationContainerReportForDataNodeSafeModeRule] INFO  safemode.SCMSafeModeManager (DataNodeSafeModeRule.java:process(71)) - SCM in safe mode. 2 DataNodes registered, 3 required.
2023-09-28 12:55:49,221 [EventQueue-NewNodeForNewNodeHandler] INFO  pipeline.BackgroundPipelineCreator (BackgroundPipelineCreator.java:notifyEventTriggered(277)) - trigger a one-shot run on RatisPipelineUtilsThread.
2023-09-28 12:55:49,223 [RatisPipelineUtilsThread - 0] INFO  pipeline.RatisPipelineProvider (RatisPipelineProvider.java:lambda$create$0(206)) - Sending CreatePipelineCommand for pipeline:PipelineID=a876fde2-d883-411f-9a81-2e0d53807574 to datanode:2942950e-5b72-4e60-8fd7-505c1475c682
2023-09-28 12:55:49,227 [RatisPipelineUtilsThread - 0] INFO  pipeline.BackgroundPipelineCreator (BackgroundPipelineCreator.java:createPipelines(233)) - Created new pipeline Pipeline[ Id: a876fde2-d883-411f-9a81-2e0d53807574, Nodes: 2942950e-5b72-4e60-8fd7-505c1475c682(fv-az163-431.ksqkok1cighebdh5ckq0wc3qdf.dx.internal.cloudapp.net/10.1.0.34), ReplicationConfig: RATIS/ONE, State:ALLOCATED, leaderId:, CreationTimestamp2023-09-28T12:55:49.223Z[Etc/UTC]]
2023-09-28 12:55:49,290 [main] INFO  ozone.MiniOzoneClusterImpl (MiniOzoneClusterImpl.java:lambda$waitForClusterToBeReady$0(229)) - Waiting for nodes to be ready. Got 2 of 5 DN Heartbeats.
2023-09-28 12:55:49,290 [main] INFO  ozone.MiniOzoneClusterImpl (MiniOzoneClusterImpl.java:lambda$waitForClusterToBeReady$0(232)) - Waiting for cluster to exit safe mode
2023-09-28 12:55:49,290 [main] INFO  ozone.MiniOzoneClusterImpl (MiniOzoneClusterImpl.java:lambda$waitForClusterToBeReady$0(234)) - SCM became leader
2023-09-28 12:55:49,608 [IPC Server handler 17 on default port 15002] INFO  net.NetworkTopologyImpl (NetworkTopologyImpl.java:add(112)) - Added a new node: /default-rack/3b419e23-3cc6-45b0-b9b5-04f9349798d3
2023-09-28 12:55:49,608 [IPC Server handler 17 on default port 15002] INFO  node.SCMNodeManager (SCMNodeManager.java:register(405)) - Registered Data node : 3b419e23-3cc6-45b0-b9b5-04f9349798d3{ip: 10.1.0.34, host: fv-az163-431.ksqkok1cighebdh5ckq0wc3qdf.dx.internal.cloudapp.net, ports: [HTTP=15027, CLIENT_RPC=15028, REPLICATION=15034, RATIS=15030, RATIS_ADMIN=15031, RATIS_SERVER=15032, RATIS_DATASTREAM=15033, STANDALONE=15029], networkLocation: /default-rack, certSerialId: null, persistedOpState: null, persistedOpStateExpiryEpochSec: 0}
2023-09-28 12:55:49,609 [EventQueue-NewNodeForNewNodeHandler] INFO  pipeline.BackgroundPipelineCreator (BackgroundPipelineCreator.java:notifyEventTriggered(277)) - trigger a one-shot run on RatisPipelineUtilsThread.
2023-09-28 12:55:49,610 [EventQueue-NodeRegistrationContainerReportForDataNodeSafeModeRule] INFO  safemode.SCMSafeModeManager (DataNodeSafeModeRule.java:process(71)) - SCM in safe mode. 3 DataNodes registered, 3 required.
2023-09-28 12:55:49,613 [EventQueue-NodeRegistrationContainerReportForDataNodeSafeModeRule] INFO  safemode.SCMSafeModeManager (SCMSafeModeManager.java:validateSafeModeExitRules(200)) - DataNodeSafeModeRule rule is successfully validated
2023-09-28 12:55:49,613 [EventQueue-NodeRegistrationContainerReportForDataNodeSafeModeRule] INFO  safemode.SCMSafeModeManager (SCMSafeModeManager.java:completePreCheck(229)) - All SCM safe mode pre check rules have passed
2023-09-28 12:55:49,613 [EventQueue-NodeRegistrationContainerReportForDataNodeSafeModeRule] INFO  ha.SCMContext (SCMContext.java:updateSafeModeStatus(228)) - Update SafeModeStatus from SafeModeStatus{safeModeStatus=true, preCheckPassed=false} to SafeModeStatus{safeModeStatus=true, preCheckPassed=true}.
2023-09-28 12:55:49,613 [EventQueue-NodeRegistrationContainerReportForDataNodeSafeModeRule] INFO  pipeline.BackgroundPipelineCreator (BackgroundPipelineCreator.java:notifyEventTriggered(277)) - trigger a one-shot run on RatisPipelineUtilsThread.
2023-09-28 12:55:49,610 [RatisPipelineUtilsThread - 0] INFO  pipeline.RatisPipelineProvider (RatisPipelineProvider.java:lambda$create$0(206)) - Sending CreatePipelineCommand for pipeline:PipelineID=848bcc01-4046-4df6-bc80-ca34e91c5c5e to datanode:3b419e23-3cc6-45b0-b9b5-04f9349798d3
2023-09-28 12:55:49,615 [RatisPipelineUtilsThread - 0] INFO  pipeline.BackgroundPipelineCreator (BackgroundPipelineCreator.java:createPipelines(233)) - Created new pipeline Pipeline[ Id: 848bcc01-4046-4df6-bc80-ca34e91c5c5e, Nodes: 3b419e23-3cc6-45b0-b9b5-04f9349798d3(fv-az163-431.ksqkok1cighebdh5ckq0wc3qdf.dx.internal.cloudapp.net/10.1.0.34), ReplicationConfig: RATIS/ONE, State:ALLOCATED, leaderId:, CreationTimestamp2023-09-28T12:55:49.610Z[Etc/UTC]]
2023-09-28 12:55:49,619 [RatisPipelineUtilsThread - 0] INFO  pipeline.RatisPipelineProvider (RatisPipelineProvider.java:lambda$create$0(206)) - Sending CreatePipelineCommand for pipeline:PipelineID=ef5c91ca-7b59-48b8-8e32-de411ffd7766 to datanode:2942950e-5b72-4e60-8fd7-505c1475c682
2023-09-28 12:55:49,619 [RatisPipelineUtilsThread - 0] INFO  pipeline.RatisPipelineProvider (RatisPipelineProvider.java:lambda$create$0(206)) - Sending CreatePipelineCommand for pipeline:PipelineID=ef5c91ca-7b59-48b8-8e32-de411ffd7766 to datanode:034573be-2326-4784-8299-dcb44cb21fac
2023-09-28 12:55:49,619 [RatisPipelineUtilsThread - 0] INFO  pipeline.RatisPipelineProvider (RatisPipelineProvider.java:lambda$create$0(206)) - Sending CreatePipelineCommand for pipeline:PipelineID=ef5c91ca-7b59-48b8-8e32-de411ffd7766 to datanode:3b419e23-3cc6-45b0-b9b5-04f9349798d3
2023-09-28 12:55:49,621 [RatisPipelineUtilsThread - 0] INFO  pipeline.BackgroundPipelineCreator (BackgroundPipelineCreator.java:createPipelines(233)) - Created new pipeline Pipeline[ Id: ef5c91ca-7b59-48b8-8e32-de411ffd7766, Nodes: 2942950e-5b72-4e60-8fd7-505c1475c682(fv-az163-431.ksqkok1cighebdh5ckq0wc3qdf.dx.internal.cloudapp.net/10.1.0.34)034573be-2326-4784-8299-dcb44cb21fac(fv-az163-431.ksqkok1cighebdh5ckq0wc3qdf.dx.internal.cloudapp.net/10.1.0.34)3b419e23-3cc6-45b0-b9b5-04f9349798d3(fv-az163-431.ksqkok1cighebdh5ckq0wc3qdf.dx.internal.cloudapp.net/10.1.0.34), ReplicationConfig: RATIS/THREE, State:ALLOCATED, leaderId:, CreationTimestamp2023-09-28T12:55:49.619Z[Etc/UTC]]
2023-09-28 12:55:49,624 [RatisPipelineUtilsThread - 0] INFO  pipeline.RatisPipelineProvider (RatisPipelineProvider.java:lambda$create$0(206)) - Sending CreatePipelineCommand for pipeline:PipelineID=431cf206-d1a0-4cca-a503-eb7ed20b9f16 to datanode:3b419e23-3cc6-45b0-b9b5-04f9349798d3
2023-09-28 12:55:49,624 [RatisPipelineUtilsThread - 0] INFO  pipeline.RatisPipelineProvider (RatisPipelineProvider.java:lambda$create$0(206)) - Sending CreatePipelineCommand for pipeline:PipelineID=431cf206-d1a0-4cca-a503-eb7ed20b9f16 to datanode:034573be-2326-4784-8299-dcb44cb21fac
2023-09-28 12:55:49,624 [RatisPipelineUtilsThread - 0] INFO  pipeline.RatisPipelineProvider (RatisPipelineProvider.java:lambda$create$0(206)) - Sending CreatePipelineCommand for pipeline:PipelineID=431cf206-d1a0-4cca-a503-eb7ed20b9f16 to datanode:2942950e-5b72-4e60-8fd7-505c1475c682
2023-09-28 12:55:49,629 [RatisPipelineUtilsThread - 0] INFO  pipeline.PipelineManagerImpl (PipelineManagerImpl.java:recordMetricsForPipeline(895)) - Pipeline: PipelineID=431cf206-d1a0-4cca-a503-eb7ed20b9f16 contains same datanodes as previous pipelines: PipelineID=ef5c91ca-7b59-48b8-8e32-de411ffd7766 nodeIds: 3b419e23-3cc6-45b0-b9b5-04f9349798d3, 034573be-2326-4784-8299-dcb44cb21fac, 2942950e-5b72-4e60-8fd7-505c1475c682
2023-09-28 12:55:49,629 [RatisPipelineUtilsThread - 0] INFO  pipeline.BackgroundPipelineCreator (BackgroundPipelineCreator.java:createPipelines(233)) - Created new pipeline Pipeline[ Id: 431cf206-d1a0-4cca-a503-eb7ed20b9f16, Nodes: 3b419e23-3cc6-45b0-b9b5-04f9349798d3(fv-az163-431.ksqkok1cighebdh5ckq0wc3qdf.dx.internal.cloudapp.net/10.1.0.34)034573be-2326-4784-8299-dcb44cb21fac(fv-az163-431.ksqkok1cighebdh5ckq0wc3qdf.dx.internal.cloudapp.net/10.1.0.34)2942950e-5b72-4e60-8fd7-505c1475c682(fv-az163-431.ksqkok1cighebdh5ckq0wc3qdf.dx.internal.cloudapp.net/10.1.0.34), ReplicationConfig: RATIS/THREE, State:ALLOCATED, leaderId:, CreationTimestamp2023-09-28T12:55:49.624Z[Etc/UTC]]
2023-09-28 12:55:49,943 [IPC Server handler 19 on default port 15002] INFO  net.NetworkTopologyImpl (NetworkTopologyImpl.java:add(112)) - Added a new node: /default-rack/fca1e5c8-2bd7-4c44-b23c-b8bd0cf2342b
2023-09-28 12:55:49,944 [IPC Server handler 19 on default port 15002] INFO  node.SCMNodeManager (SCMNodeManager.java:register(405)) - Registered Data node : fca1e5c8-2bd7-4c44-b23c-b8bd0cf2342b{ip: 10.1.0.34, host: fv-az163-431.ksqkok1cighebdh5ckq0wc3qdf.dx.internal.cloudapp.net, ports: [HTTP=15036, CLIENT_RPC=15037, REPLICATION=15043, RATIS=15039, RATIS_ADMIN=15040, RATIS_SERVER=15041, RATIS_DATASTREAM=15042, STANDALONE=15038], networkLocation: /default-rack, certSerialId: null, persistedOpState: null, persistedOpStateExpiryEpochSec: 0}
2023-09-28 12:55:49,944 [EventQueue-NewNodeForNewNodeHandler] INFO  pipeline.BackgroundPipelineCreator (BackgroundPipelineCreator.java:notifyEventTriggered(277)) - trigger a one-shot run on RatisPipelineUtilsThread.
2023-09-28 12:55:49,949 [RatisPipelineUtilsThread - 0] INFO  pipeline.RatisPipelineProvider (RatisPipelineProvider.java:lambda$create$0(206)) - Sending CreatePipelineCommand for pipeline:PipelineID=87a13565-0da2-4ace-99ec-b074f017e0de to datanode:fca1e5c8-2bd7-4c44-b23c-b8bd0cf2342b
2023-09-28 12:55:49,951 [RatisPipelineUtilsThread - 0] INFO  pipeline.BackgroundPipelineCreator (BackgroundPipelineCreator.java:createPipelines(233)) - Created new pipeline Pipeline[ Id: 87a13565-0da2-4ace-99ec-b074f017e0de, Nodes: fca1e5c8-2bd7-4c44-b23c-b8bd0cf2342b(fv-az163-431.ksqkok1cighebdh5ckq0wc3qdf.dx.internal.cloudapp.net/10.1.0.34), ReplicationConfig: RATIS/ONE, State:ALLOCATED, leaderId:, CreationTimestamp2023-09-28T12:55:49.949Z[Etc/UTC]]
2023-09-28 12:55:50,291 [main] INFO  ozone.MiniOzoneClusterImpl (MiniOzoneClusterImpl.java:lambda$waitForClusterToBeReady$0(229)) - Waiting for nodes to be ready. Got 4 of 5 DN Heartbeats.
2023-09-28 12:55:50,291 [main] INFO  ozone.MiniOzoneClusterImpl (MiniOzoneClusterImpl.java:lambda$waitForClusterToBeReady$0(232)) - Waiting for cluster to exit safe mode
2023-09-28 12:55:50,291 [main] INFO  ozone.MiniOzoneClusterImpl (MiniOzoneClusterImpl.java:lambda$waitForClusterToBeReady$0(234)) - SCM became leader
2023-09-28 12:55:50,298 [IPC Server handler 17 on default port 15002] INFO  net.NetworkTopologyImpl (NetworkTopologyImpl.java:add(112)) - Added a new node: /default-rack/b52fde56-f3e5-42d4-9b16-acace5358b39
2023-09-28 12:55:50,299 [IPC Server handler 17 on default port 15002] INFO  node.SCMNodeManager (SCMNodeManager.java:register(405)) - Registered Data node : b52fde56-f3e5-42d4-9b16-acace5358b39{ip: 10.1.0.34, host: fv-az163-431.ksqkok1cighebdh5ckq0wc3qdf.dx.internal.cloudapp.net, ports: [HTTP=15045, CLIENT_RPC=15046, REPLICATION=15052, RATIS=15048, RATIS_ADMIN=15049, RATIS_SERVER=15050, RATIS_DATASTREAM=15051, STANDALONE=15047], networkLocation: /default-rack, certSerialId: null, persistedOpState: null, persistedOpStateExpiryEpochSec: 0}
2023-09-28 12:55:50,299 [EventQueue-NewNodeForNewNodeHandler] INFO  pipeline.BackgroundPipelineCreator (BackgroundPipelineCreator.java:notifyEventTriggered(277)) - trigger a one-shot run on RatisPipelineUtilsThread.
2023-09-28 12:55:50,301 [RatisPipelineUtilsThread - 0] INFO  pipeline.RatisPipelineProvider (RatisPipelineProvider.java:lambda$create$0(206)) - Sending CreatePipelineCommand for pipeline:PipelineID=a2063f5e-823e-4974-abd5-dd5e186a43bd to datanode:b52fde56-f3e5-42d4-9b16-acace5358b39
2023-09-28 12:55:50,306 [RatisPipelineUtilsThread - 0] INFO  pipeline.BackgroundPipelineCreator (BackgroundPipelineCreator.java:createPipelines(233)) - Created new pipeline Pipeline[ Id: a2063f5e-823e-4974-abd5-dd5e186a43bd, Nodes: b52fde56-f3e5-42d4-9b16-acace5358b39(fv-az163-431.ksqkok1cighebdh5ckq0wc3qdf.dx.internal.cloudapp.net/10.1.0.34), ReplicationConfig: RATIS/ONE, State:ALLOCATED, leaderId:, CreationTimestamp2023-09-28T12:55:50.301Z[Etc/UTC]]
2023-09-28 12:55:51,291 [main] INFO  ozone.MiniOzoneClusterImpl (MiniOzoneClusterImpl.java:lambda$waitForClusterToBeReady$0(229)) - Nodes are ready. Got 5 of 5 DN Heartbeats.
2023-09-28 12:55:51,292 [main] INFO  ozone.MiniOzoneClusterImpl (MiniOzoneClusterImpl.java:lambda$waitForClusterToBeReady$0(232)) - Waiting for cluster to exit safe mode
2023-09-28 12:55:51,292 [main] INFO  ozone.MiniOzoneClusterImpl (MiniOzoneClusterImpl.java:lambda$waitForClusterToBeReady$0(234)) - SCM became leader
2023-09-28 12:55:51,722 [PipelineCommandHandlerThread-0] INFO  server.RaftServer (RaftServerProxy.java:addNew(98)) - 034573be-2326-4784-8299-dcb44cb21fac: addNew group-DAA236A79DA2:[034573be-2326-4784-8299-dcb44cb21fac|rpc:10.1.0.34:15014|admin:10.1.0.34:15013|client:10.1.0.34:15012|dataStream:10.1.0.34:15015|priority:1|startupRole:FOLLOWER] returns group-DAA236A79DA2:java.util.concurrent.CompletableFuture@63cb0f1c[Not completed]
2023-09-28 12:55:51,735 [034573be-2326-4784-8299-dcb44cb21fac-groupManagement] INFO  server.RaftServer$Division (RaftServerImpl.java:<init>(198)) - 034573be-2326-4784-8299-dcb44cb21fac: new RaftServerImpl for group-DAA236A79DA2:[034573be-2326-4784-8299-dcb44cb21fac|rpc:10.1.0.34:15014|admin:10.1.0.34:15013|client:10.1.0.34:15012|dataStream:10.1.0.34:15015|priority:1|startupRole:FOLLOWER] with ContainerStateMachine:uninitialized
2023-09-28 12:55:51,735 [034573be-2326-4784-8299-dcb44cb21fac-groupManagement] INFO  server.RaftServerConfigKeys (ConfUtils.java:logGet(46)) - raft.server.rpc.timeout.min = 5s (custom)
2023-09-28 12:55:51,735 [034573be-2326-4784-8299-dcb44cb21fac-groupManagement] INFO  server.RaftServerConfigKeys (ConfUtils.java:logGet(46)) - raft.server.rpc.timeout.max = 5200ms (custom)
2023-09-28 12:55:51,736 [034573be-2326-4784-8299-dcb44cb21fac-groupManagement] INFO  server.RaftServerConfigKeys (ConfUtils.java:logGet(46)) - raft.server.rpc.sleep.time = 25ms (default)
2023-09-28 12:55:51,736 [034573be-2326-4784-8299-dcb44cb21fac-groupManagement] INFO  server.RaftServerConfigKeys (ConfUtils.java:logGet(46)) - raft.server.rpc.slowness.timeout = 300s (custom)
2023-09-28 12:55:51,736 [034573be-2326-4784-8299-dcb44cb21fac-groupManagement] INFO  server.RaftServerConfigKeys (ConfUtils.java:logGet(46)) - raft.server.leaderelection.leader.step-down.wait-time = 10s (default)
2023-09-28 12:55:51,737 [034573be-2326-4784-8299-dcb44cb21fac-groupManagement] INFO  server.RaftServerConfigKeys (ConfUtils.java:logGet(46)) - raft.server.sleep.deviation.threshold = 300ms (default)
2023-09-28 12:55:51,737 [034573be-2326-4784-8299-dcb44cb21fac-groupManagement] INFO  server.RaftServer$Division (ServerState.java:<init>(120)) - 034573be-2326-4784-8299-dcb44cb21fac@group-DAA236A79DA2: ConfigurationManager, init=-1: peers:[034573be-2326-4784-8299-dcb44cb21fac|rpc:10.1.0.34:15014|admin:10.1.0.34:15013|client:10.1.0.34:15012|dataStream:10.1.0.34:15015|priority:1|startupRole:FOLLOWER]|listeners:[], old=null, confs=<EMPTY_MAP>
2023-09-28 12:55:51,737 [034573be-2326-4784-8299-dcb44cb21fac-groupManagement] INFO  server.RaftServerConfigKeys (ConfUtils.java:logGet(46)) - raft.server.storage.dir = [/home/runner/work/ozone/ozone/hadoop-ozone/integration-test/target/test-dir/MiniOzoneClusterImpl-82bdab22-5801-416e-a4bc-b8f6b9675fef/datanode-0/data/ratis] (custom)
2023-09-28 12:55:51,740 [034573be-2326-4784-8299-dcb44cb21fac-groupManagement] INFO  server.RaftServerConfigKeys (ConfUtils.java:logGet(46)) - raft.server.log.corruption.policy = EXCEPTION (default)
2023-09-28 12:55:51,740 [034573be-2326-4784-8299-dcb44cb21fac-groupManagement] INFO  server.RaftServerConfigKeys (ConfUtils.java:logGet(46)) - raft.server.storage.free-space.min = 0MB (=0) (default)
2023-09-28 12:55:51,740 [034573be-2326-4784-8299-dcb44cb21fac-groupManagement] INFO  server.RaftServerConfigKeys (ConfUtils.java:logGet(46)) - raft.server.notification.no-leader.timeout = 300s (custom)
2023-09-28 12:55:51,740 [034573be-2326-4784-8299-dcb44cb21fac-groupManagement] INFO  server.RaftServerConfigKeys (ConfUtils.java:logGet(46)) - raft.server.read.timeout = 10s (default)
2023-09-28 12:55:51,740 [034573be-2326-4784-8299-dcb44cb21fac-groupManagement] INFO  server.RaftServerConfigKeys (ConfUtils.java:logGet(46)) - raft.server.retrycache.expirytime = 600000ms (custom)
2023-09-28 12:55:51,740 [034573be-2326-4784-8299-dcb44cb21fac-groupManagement] INFO  server.RaftServerConfigKeys (ConfUtils.java:logGet(46)) - raft.server.retrycache.statistics.expirytime = 100μs (default)
2023-09-28 12:55:51,740 [034573be-2326-4784-8299-dcb44cb21fac-groupManagement] INFO  server.RaftServerConfigKeys (ConfUtils.java:logGet(46)) - raft.server.read.option = DEFAULT (default)
2023-09-28 12:55:51,751 [034573be-2326-4784-8299-dcb44cb21fac-groupManagement] INFO  server.RaftServerConfigKeys (ConfUtils.java:logGet(46)) - raft.server.rpc.request.timeout = 60s (custom)
2023-09-28 12:55:51,751 [034573be-2326-4784-8299-dcb44cb21fac-groupManagement] INFO  server.RaftServerConfigKeys (ConfUtils.java:logGet(46)) - raft.server.log.appender.install.snapshot.enabled = false (custom)
2023-09-28 12:55:51,751 [034573be-2326-4784-8299-dcb44cb21fac-groupManagement] INFO  server.RaftServerConfigKeys (ConfUtils.java:logGet(46)) - raft.server.threadpool.server.cached = true (default)
2023-09-28 12:55:51,751 [034573be-2326-4784-8299-dcb44cb21fac-groupManagement] INFO  server.RaftServerConfigKeys (ConfUtils.java:logGet(46)) - raft.server.threadpool.server.size = 0 (default)
2023-09-28 12:55:51,751 [034573be-2326-4784-8299-dcb44cb21fac-groupManagement] INFO  server.RaftServerConfigKeys (ConfUtils.java:logGet(46)) - raft.server.threadpool.client.cached = true (default)
2023-09-28 12:55:51,751 [034573be-2326-4784-8299-dcb44cb21fac-groupManagement] INFO  server.RaftServerConfigKeys (ConfUtils.java:logGet(46)) - raft.server.threadpool.client.size = 0 (default)
2023-09-28 12:55:51,751 [034573be-2326-4784-8299-dcb44cb21fac-groupManagement] INFO  storage.RaftStorageDirectory (RaftStorageDirectoryImpl.java:analyzeStorage(137)) - The storage directory /home/runner/work/ozone/ozone/hadoop-ozone/integration-test/target/test-dir/MiniOzoneClusterImpl-82bdab22-5801-416e-a4bc-b8f6b9675fef/datanode-0/data/ratis/0b2f2e1f-281a-4ea9-af05-daa236a79da2 does not exist. Creating ...
2023-09-28 12:55:51,755 [034573be-2326-4784-8299-dcb44cb21fac-groupManagement] INFO  storage.RaftStorageDirectory (RaftStorageDirectoryImpl.java:tryLock(231)) - Lock on /home/runner/work/ozone/ozone/hadoop-ozone/integration-test/target/test-dir/MiniOzoneClusterImpl-82bdab22-5801-416e-a4bc-b8f6b9675fef/datanode-0/data/ratis/0b2f2e1f-281a-4ea9-af05-daa236a79da2/in_use.lock acquired by nodename 7568@fv-az163-431
2023-09-28 12:55:51,756 [034573be-2326-4784-8299-dcb44cb21fac-groupManagement] INFO  storage.RaftStorage (RaftStorageImpl.java:format(96)) - Storage directory /home/runner/work/ozone/ozone/hadoop-ozone/integration-test/target/test-dir/MiniOzoneClusterImpl-82bdab22-5801-416e-a4bc-b8f6b9675fef/datanode-0/data/ratis/0b2f2e1f-281a-4ea9-af05-daa236a79da2 has been successfully formatted.
2023-09-28 12:55:51,763 [034573be-2326-4784-8299-dcb44cb21fac-groupManagement] INFO  ratis.ContainerStateMachine (ContainerStateMachine.java:loadSnapshot(262)) - group-DAA236A79DA2: The snapshot info is null. Setting the last applied indexto:(t:0, i:~)
2023-09-28 12:55:51,763 [034573be-2326-4784-8299-dcb44cb21fac-groupManagement] INFO  server.RaftServerConfigKeys (ConfUtils.java:logGet(46)) - raft.server.log.use.memory = false (default)
2023-09-28 12:55:51,764 [034573be-2326-4784-8299-dcb44cb21fac-groupManagement] INFO  server.RaftServerConfigKeys (ConfUtils.java:logGet(46)) - raft.server.log.purge.gap = 1000000 (custom)
2023-09-28 12:55:51,764 [034573be-2326-4784-8299-dcb44cb21fac-groupManagement] INFO  server.RaftServerConfigKeys (ConfUtils.java:logGet(46)) - raft.server.log.appender.buffer.byte-limit = 33554432 (custom)
2023-09-28 12:55:51,764 [034573be-2326-4784-8299-dcb44cb21fac-groupManagement] INFO  server.RaftServerConfigKeys (ConfUtils.java:logGet(46)) - raft.server.log.statemachine.data.read.timeout = 1000ms (default)
2023-09-28 12:55:51,764 [034573be-2326-4784-8299-dcb44cb21fac-groupManagement] INFO  server.RaftServerConfigKeys (ConfUtils.java:logGet(46)) - raft.server.log.purge.preservation.log.num = 0 (default)
2023-09-28 12:55:51,764 [034573be-2326-4784-8299-dcb44cb21fac-groupManagement] INFO  server.RaftServerConfigKeys (ConfUtils.java:logGet(46)) - raft.server.log.segment.size.max = 1048576 (custom)
2023-09-28 12:55:51,765 [034573be-2326-4784-8299-dcb44cb21fac-groupManagement] INFO  server.RaftServerConfigKeys (ConfUtils.java:logGet(46)) - raft.server.log.segment.cache.num.max = 2 (custom)
2023-09-28 12:55:51,765 [034573be-2326-4784-8299-dcb44cb21fac-groupManagement] INFO  server.RaftServerConfigKeys (ConfUtils.java:logGet(46)) - raft.server.log.segment.cache.size.max = 200MB (=209715200) (default)
2023-09-28 12:55:51,774 [034573be-2326-4784-8299-dcb44cb21fac-groupManagement] INFO  server.RaftServerConfigKeys (ConfUtils.java:logGet(46)) - raft.server.log.appender.buffer.byte-limit = 33554432 (custom)
2023-09-28 12:55:51,774 [034573be-2326-4784-8299-dcb44cb21fac-groupManagement] INFO  segmented.SegmentedRaftLogWorker (SegmentedRaftLogWorker.java:<init>(188)) - new 034573be-2326-4784-8299-dcb44cb21fac@group-DAA236A79DA2-SegmentedRaftLogWorker for RaftStorageImpl:Storage Directory /home/runner/work/ozone/ozone/hadoop-ozone/integration-test/target/test-dir/MiniOzoneClusterImpl-82bdab22-5801-416e-a4bc-b8f6b9675fef/datanode-0/data/ratis/0b2f2e1f-281a-4ea9-af05-daa236a79da2
2023-09-28 12:55:51,774 [034573be-2326-4784-8299-dcb44cb21fac-groupManagement] INFO  server.RaftServerConfigKeys (ConfUtils.java:logGet(46)) - raft.server.log.queue.byte-limit = 4294967296 (custom)
2023-09-28 12:55:51,774 [034573be-2326-4784-8299-dcb44cb21fac-groupManagement] INFO  server.RaftServerConfigKeys (ConfUtils.java:logGet(46)) - raft.server.log.queue.element-limit = 1024 (custom)
2023-09-28 12:55:51,774 [034573be-2326-4784-8299-dcb44cb21fac-groupManagement] INFO  server.RaftServerConfigKeys (ConfUtils.java:logGet(46)) - raft.server.log.segment.size.max = 1048576 (custom)
2023-09-28 12:55:51,774 [034573be-2326-4784-8299-dcb44cb21fac-groupManagement] INFO  server.RaftServerConfigKeys (ConfUtils.java:logGet(46)) - raft.server.log.preallocated.size = 16384 (custom)
2023-09-28 12:55:51,774 [034573be-2326-4784-8299-dcb44cb21fac-groupManagement] INFO  server.RaftServerConfigKeys (ConfUtils.java:logGet(46)) - raft.server.log.force.sync.num = 128 (default)
2023-09-28 12:55:51,775 [034573be-2326-4784-8299-dcb44cb21fac-groupManagement] INFO  server.RaftServerConfigKeys (ConfUtils.java:logGet(46)) - raft.server.log.statemachine.data.sync = true (default)
2023-09-28 12:55:51,775 [034573be-2326-4784-8299-dcb44cb21fac-groupManagement] INFO  server.RaftServerConfigKeys (ConfUtils.java:logGet(46)) - raft.server.log.statemachine.data.sync.timeout = 10s (default)
2023-09-28 12:55:51,775 [034573be-2326-4784-8299-dcb44cb21fac-groupManagement] INFO  server.RaftServerConfigKeys (ConfUtils.java:logGet(46)) - raft.server.log.statemachine.data.sync.timeout.retry = -1 (default)
2023-09-28 12:55:51,780 [034573be-2326-4784-8299-dcb44cb21fac-groupManagement] INFO  server.RaftServerConfigKeys (ConfUtils.java:logGet(46)) - raft.server.log.write.buffer.size = 1048576 (custom)
2023-09-28 12:55:51,784 [034573be-2326-4784-8299-dcb44cb21fac-groupManagement] INFO  server.RaftServerConfigKeys (ConfUtils.java:logGet(46)) - raft.server.log.appender.buffer.byte-limit = 33554432 (custom)
2023-09-28 12:55:51,794 [034573be-2326-4784-8299-dcb44cb21fac-groupManagement] INFO  server.RaftServerConfigKeys (ConfUtils.java:logGet(46)) - raft.server.log.unsafe-flush.enabled = false (default)
2023-09-28 12:55:51,794 [034573be-2326-4784-8299-dcb44cb21fac-groupManagement] INFO  server.RaftServerConfigKeys (ConfUtils.java:logGet(46)) - raft.server.log.async-flush.enabled = false (default)
2023-09-28 12:55:51,794 [034573be-2326-4784-8299-dcb44cb21fac-groupManagement] INFO  server.RaftServerConfigKeys (ConfUtils.java:logGet(46)) - raft.server.log.statemachine.data.caching.enabled = true (custom)
2023-09-28 12:55:51,795 [034573be-2326-4784-8299-dcb44cb21fac-groupManagement] INFO  segmented.SegmentedRaftLogWorker (SegmentedRaftLogWorker.java:lambda$new$0(135)) - 034573be-2326-4784-8299-dcb44cb21fac@group-DAA236A79DA2-SegmentedRaftLogWorker: flushIndex: setUnconditionally 0 -> -1
2023-09-28 12:55:51,795 [034573be-2326-4784-8299-dcb44cb21fac-groupManagement] INFO  segmented.SegmentedRaftLogWorker (SegmentedRaftLogWorker.java:lambda$new$0(135)) - 034573be-2326-4784-8299-dcb44cb21fac@group-DAA236A79DA2-SegmentedRaftLogWorker: safeCacheEvictIndex: setUnconditionally 0 -> -1
2023-09-28 12:55:51,795 [034573be-2326-4784-8299-dcb44cb21fac-groupManagement] INFO  server.RaftServer$Division (RaftServerImpl.java:start(342)) - 034573be-2326-4784-8299-dcb44cb21fac@group-DAA236A79DA2: start as a follower, conf=-1: peers:[034573be-2326-4784-8299-dcb44cb21fac|rpc:10.1.0.34:15014|admin:10.1.0.34:15013|client:10.1.0.34:15012|dataStream:10.1.0.34:15015|priority:1|startupRole:FOLLOWER]|listeners:[], old=null
2023-09-28 12:55:51,795 [034573be-2326-4784-8299-dcb44cb21fac-groupManagement] INFO  server.RaftServer$Division (RaftServerImpl.java:setRole(329)) - 034573be-2326-4784-8299-dcb44cb21fac@group-DAA236A79DA2: changes role from      null to FOLLOWER at term 0 for startAsFollower
2023-09-28 12:55:51,795 [034573be-2326-4784-8299-dcb44cb21fac-groupManagement] INFO  impl.RoleInfo (RoleInfo.java:updateAndGet(139)) - 034573be-2326-4784-8299-dcb44cb21fac: start 034573be-2326-4784-8299-dcb44cb21fac@group-DAA236A79DA2-FollowerState
2023-09-28 12:55:51,796 [034573be-2326-4784-8299-dcb44cb21fac-groupManagement] INFO  util.JmxRegister (JmxRegister.java:tryRegister(44)) - Successfully registered JMX Bean with object name Ratis:service=RaftServer,group=group-DAA236A79DA2,id=034573be-2326-4784-8299-dcb44cb21fac
2023-09-28 12:55:51,796 [034573be-2326-4784-8299-dcb44cb21fac-groupManagement] INFO  server.RaftServerConfigKeys (ConfUtils.java:logGet(46)) - raft.server.snapshot.auto.trigger.enabled = true (custom)
2023-09-28 12:55:51,796 [034573be-2326-4784-8299-dcb44cb21fac-groupManagement] INFO  server.RaftServerConfigKeys (ConfUtils.java:logGet(46)) - raft.server.snapshot.auto.trigger.threshold = 10000 (custom)
2023-09-28 12:55:51,796 [034573be-2326-4784-8299-dcb44cb21fac-groupManagement] INFO  server.RaftServerConfigKeys (ConfUtils.java:logGet(46)) - raft.server.snapshot.retention.file.num = 5 (custom)
2023-09-28 12:55:51,796 [034573be-2326-4784-8299-dcb44cb21fac-groupManagement] INFO  server.RaftServerConfigKeys (ConfUtils.java:logGet(46)) - raft.server.log.purge.upto.snapshot.index = false (default)
2023-09-28 12:55:51,797 [034573be-2326-4784-8299-dcb44cb21fac@group-DAA236A79DA2-FollowerState] INFO  server.RaftServerConfigKeys (ConfUtils.java:logFallback(53)) - raft.server.rpc.first-election.timeout.min = 5s (fallback to raft.server.rpc.timeout.min)
2023-09-28 12:55:51,797 [034573be-2326-4784-8299-dcb44cb21fac@group-DAA236A79DA2-FollowerState] INFO  server.RaftServerConfigKeys (ConfUtils.java:logFallback(53)) - raft.server.rpc.first-election.timeout.max = 5200ms (fallback to raft.server.rpc.timeout.max)
2023-09-28 12:55:51,798 [EventQueue-PipelineReportForPipelineReportHandler] INFO  pipeline.PipelineReportHandler (PipelineReportHandler.java:processPipelineReport(136)) - Opened pipeline PipelineID=0b2f2e1f-281a-4ea9-af05-daa236a79da2
2023-09-28 12:55:51,804 [EventQueue-OpenPipelineForHealthyPipelineSafeModeRule] INFO  safemode.SCMSafeModeManager (HealthyPipelineSafeModeRule.java:process(137)) - SCM in safe mode. Healthy pipelines reported count is 0, required healthy pipeline reported count is 1
2023-09-28 12:55:51,809 [PipelineCommandHandlerThread-0] INFO  ratis.XceiverServerRatis (XceiverServerRatis.java:addGroup(804)) - Created group PipelineID=0b2f2e1f-281a-4ea9-af05-daa236a79da2
2023-09-28 12:55:51,809 [PipelineCommandHandlerThread-0] INFO  commandhandler.CreatePipelineCommandHandler (CreatePipelineCommandHandler.java:lambda$handle$2(124)) - Created Pipeline RATIS ONE PipelineID=0b2f2e1f-281a-4ea9-af05-daa236a79da2.
2023-09-28 12:55:51,810 [PipelineCommandHandlerThread-0] INFO  server.RaftServer (RaftServerProxy.java:addNew(98)) - 034573be-2326-4784-8299-dcb44cb21fac: addNew group-DE411FFD7766:[3b419e23-3cc6-45b0-b9b5-04f9349798d3|rpc:10.1.0.34:15032|admin:10.1.0.34:15031|client:10.1.0.34:15030|dataStream:10.1.0.34:15033|priority:0|startupRole:FOLLOWER, 034573be-2326-4784-8299-dcb44cb21fac|rpc:10.1.0.34:15014|admin:10.1.0.34:15013|client:10.1.0.34:15012|dataStream:10.1.0.34:15015|priority:0|startupRole:FOLLOWER, 2942950e-5b72-4e60-8fd7-505c1475c682|rpc:10.1.0.34:15023|admin:10.1.0.34:15022|client:10.1.0.34:15021|dataStream:10.1.0.34:15024|priority:1|startupRole:FOLLOWER] returns group-DE411FFD7766:java.util.concurrent.CompletableFuture@334877d4[Not completed]
2023-09-28 12:55:51,811 [034573be-2326-4784-8299-dcb44cb21fac-groupManagement] INFO  server.RaftServer$Division (RaftServerImpl.java:<init>(198)) - 034573be-2326-4784-8299-dcb44cb21fac: new RaftServerImpl for group-DE411FFD7766:[3b419e23-3cc6-45b0-b9b5-04f9349798d3|rpc:10.1.0.34:15032|admin:10.1.0.34:15031|client:10.1.0.34:15030|dataStream:10.1.0.34:15033|priority:0|startupRole:FOLLOWER, 034573be-2326-4784-8299-dcb44cb21fac|rpc:10.1.0.34:15014|admin:10.1.0.34:15013|client:10.1.0.34:15012|dataStream:10.1.0.34:15015|priority:0|startupRole:FOLLOWER, 2942950e-5b72-4e60-8fd7-505c1475c682|rpc:10.1.0.34:15023|admin:10.1.0.34:15022|client:10.1.0.34:15021|dataStream:10.1.0.34:15024|priority:1|startupRole:FOLLOWER] with ContainerStateMachine:uninitialized
2023-09-28 12:55:51,811 [034573be-2326-4784-8299-dcb44cb21fac-groupManagement] INFO  server.RaftServerConfigKeys (ConfUtils.java:logGet(46)) - raft.server.rpc.timeout.min = 5s (custom)
2023-09-28 12:55:51,811 [034573be-2326-4784-8299-dcb44cb21fac-groupManagement] INFO  server.RaftServerConfigKeys (ConfUtils.java:logGet(46)) - raft.server.rpc.timeout.max = 5200ms (custom)
2023-09-28 12:55:51,811 [034573be-2326-4784-8299-dcb44cb21fac-groupManagement] INFO  server.RaftServerConfigKeys (ConfUtils.java:logGet(46)) - raft.server.rpc.sleep.time = 25ms (default)
2023-09-28 12:55:51,811 [034573be-2326-4784-8299-dcb44cb21fac-groupManagement] INFO  server.RaftServerConfigKeys (ConfUtils.java:logGet(46)) - raft.server.rpc.slowness.timeout = 300s (custom)
2023-09-28 12:55:51,811 [034573be-2326-4784-8299-dcb44cb21fac-groupManagement] INFO  server.RaftServerConfigKeys (ConfUtils.java:logGet(46)) - raft.server.leaderelection.leader.step-down.wait-time = 10s (default)
2023-09-28 12:55:51,811 [034573be-2326-4784-8299-dcb44cb21fac-groupManagement] INFO  server.RaftServerConfigKeys (ConfUtils.java:logGet(46)) - raft.server.sleep.deviation.threshold = 300ms (default)
2023-09-28 12:55:51,811 [034573be-2326-4784-8299-dcb44cb21fac-groupManagement] INFO  server.RaftServer$Division (ServerState.java:<init>(120)) - 034573be-2326-4784-8299-dcb44cb21fac@group-DE411FFD7766: ConfigurationManager, init=-1: peers:[3b419e23-3cc6-45b0-b9b5-04f9349798d3|rpc:10.1.0.34:15032|admin:10.1.0.34:15031|client:10.1.0.34:15030|dataStream:10.1.0.34:15033|priority:0|startupRole:FOLLOWER, 034573be-2326-4784-8299-dcb44cb21fac|rpc:10.1.0.34:15014|admin:10.1.0.34:15013|client:10.1.0.34:15012|dataStream:10.1.0.34:15015|priority:0|startupRole:FOLLOWER, 2942950e-5b72-4e60-8fd7-505c1475c682|rpc:10.1.0.34:15023|admin:10.1.0.34:15022|client:10.1.0.34:15021|dataStream:10.1.0.34:15024|priority:1|startupRole:FOLLOWER]|listeners:[], old=null, confs=<EMPTY_MAP>
2023-09-28 12:55:51,812 [034573be-2326-4784-8299-dcb44cb21fac-groupManagement] INFO  server.RaftServerConfigKeys (ConfUtils.java:logGet(46)) - raft.server.storage.dir = [/home/runner/work/ozone/ozone/hadoop-ozone/integration-test/target/test-dir/MiniOzoneClusterImpl-82bdab22-5801-416e-a4bc-b8f6b9675fef/datanode-0/data/ratis] (custom)
2023-09-28 12:55:51,812 [034573be-2326-4784-8299-dcb44cb21fac-groupManagement] INFO  server.RaftServerConfigKeys (ConfUtils.java:logGet(46)) - raft.server.log.corruption.policy = EXCEPTION (default)
2023-09-28 12:55:51,812 [034573be-2326-4784-8299-dcb44cb21fac-groupManagement] INFO  server.RaftServerConfigKeys (ConfUtils.java:logGet(46)) - raft.server.storage.free-space.min = 0MB (=0) (default)
2023-09-28 12:55:51,812 [034573be-2326-4784-8299-dcb44cb21fac-groupManagement] INFO  server.RaftServerConfigKeys (ConfUtils.java:logGet(46)) - raft.server.notification.no-leader.timeout = 300s (custom)
2023-09-28 12:55:51,812 [034573be-2326-4784-8299-dcb44cb21fac-groupManagement] INFO  server.RaftServerConfigKeys (ConfUtils.java:logGet(46)) - raft.server.read.timeout = 10s (default)
2023-09-28 12:55:51,812 [034573be-2326-4784-8299-dcb44cb21fac-groupManagement] INFO  server.RaftServerConfigKeys (ConfUtils.java:logGet(46)) - raft.server.retrycache.expirytime = 600000ms (custom)
2023-09-28 12:55:51,812 [034573be-2326-4784-8299-dcb44cb21fac-groupManagement] INFO  server.RaftServerConfigKeys (ConfUtils.java:logGet(46)) - raft.server.retrycache.statistics.expirytime = 100μs (default)
2023-09-28 12:55:51,812 [034573be-2326-4784-8299-dcb44cb21fac-groupManagement] INFO  server.RaftServerConfigKeys (ConfUtils.java:logGet(46)) - raft.server.read.option = DEFAULT (default)
2023-09-28 12:55:51,814 [034573be-2326-4784-8299-dcb44cb21fac-groupManagement] INFO  server.RaftServerConfigKeys (ConfUtils.java:logGet(46)) - raft.server.rpc.request.timeout = 60s (custom)
2023-09-28 12:55:51,814 [034573be-2326-4784-8299-dcb44cb21fac-groupManagement] INFO  server.RaftServerConfigKeys (ConfUtils.java:logGet(46)) - raft.server.log.appender.install.snapshot.enabled = false (custom)
2023-09-28 12:55:51,814 [034573be-2326-4784-8299-dcb44cb21fac-groupManagement] INFO  server.RaftServerConfigKeys (ConfUtils.java:logGet(46)) - raft.server.threadpool.server.cached = true (default)
2023-09-28 12:55:51,814 [034573be-2326-4784-8299-dcb44cb21fac-groupManagement] INFO  server.RaftServerConfigKeys (ConfUtils.java:logGet(46)) - raft.server.threadpool.server.size = 0 (default)
2023-09-28 12:55:51,814 [034573be-2326-4784-8299-dcb44cb21fac-groupManagement] INFO  server.RaftServerConfigKeys (ConfUtils.java:logGet(46)) - raft.server.threadpool.client.cached = true (default)
2023-09-28 12:55:51,814 [034573be-2326-4784-8299-dcb44cb21fac-groupManagement] INFO  server.RaftServerConfigKeys (ConfUtils.java:logGet(46)) - raft.server.threadpool.client.size = 0 (default)
2023-09-28 12:55:51,814 [034573be-2326-4784-8299-dcb44cb21fac-groupManagement] INFO  storage.RaftStorageDirectory (RaftStorageDirectoryImpl.java:analyzeStorage(137)) - The storage directory /home/runner/work/ozone/ozone/hadoop-ozone/integration-test/target/test-dir/MiniOzoneClusterImpl-82bdab22-5801-416e-a4bc-b8f6b9675fef/datanode-0/data/ratis/ef5c91ca-7b59-48b8-8e32-de411ffd7766 does not exist. Creating ...
2023-09-28 12:55:51,816 [034573be-2326-4784-8299-dcb44cb21fac-groupManagement] INFO  storage.RaftStorageDirectory (RaftStorageDirectoryImpl.java:tryLock(231)) - Lock on /home/runner/work/ozone/ozone/hadoop-ozone/integration-test/target/test-dir/MiniOzoneClusterImpl-82bdab22-5801-416e-a4bc-b8f6b9675fef/datanode-0/data/ratis/ef5c91ca-7b59-48b8-8e32-de411ffd7766/in_use.lock acquired by nodename 7568@fv-az163-431
2023-09-28 12:55:51,817 [034573be-2326-4784-8299-dcb44cb21fac-groupManagement] INFO  storage.RaftStorage (RaftStorageImpl.java:format(96)) - Storage directory /home/runner/work/ozone/ozone/hadoop-ozone/integration-test/target/test-dir/MiniOzoneClusterImpl-82bdab22-5801-416e-a4bc-b8f6b9675fef/datanode-0/data/ratis/ef5c91ca-7b59-48b8-8e32-de411ffd7766 has been successfully formatted.
2023-09-28 12:55:51,823 [034573be-2326-4784-8299-dcb44cb21fac-groupManagement] INFO  ratis.ContainerStateMachine (ContainerStateMachine.java:loadSnapshot(262)) - group-DE411FFD7766: The snapshot info is null. Setting the last applied indexto:(t:0, i:~)
2023-09-28 12:55:51,823 [EventQueue-OpenPipelineForHealthyPipelineSafeModeRule] INFO  safemode.SCMSafeModeManager (HealthyPipelineSafeModeRule.java:process(137)) - SCM in safe mode. Healthy pipelines reported count is 0, required healthy pipeline reported count is 1
2023-09-28 12:55:51,823 [034573be-2326-4784-8299-dcb44cb21fac-groupManagement] INFO  server.RaftServerConfigKeys (ConfUtils.java:logGet(46)) - raft.server.log.use.memory = false (default)
2023-09-28 12:55:51,824 [034573be-2326-4784-8299-dcb44cb21fac-groupManagement] INFO  server.RaftServerConfigKeys (ConfUtils.java:logGet(46)) - raft.server.log.purge.gap = 1000000 (custom)
2023-09-28 12:55:51,824 [034573be-2326-4784-8299-dcb44cb21fac-groupManagement] INFO  server.RaftServerConfigKeys (ConfUtils.java:logGet(46)) - raft.server.log.appender.buffer.byte-limit = 33554432 (custom)
2023-09-28 12:55:51,824 [034573be-2326-4784-8299-dcb44cb21fac-groupManagement] INFO  server.RaftServerConfigKeys (ConfUtils.java:logGet(46)) - raft.server.log.statemachine.data.read.timeout = 1000ms (default)
2023-09-28 12:55:51,824 [034573be-2326-4784-8299-dcb44cb21fac-groupManagement] INFO  server.RaftServerConfigKeys (ConfUtils.java:logGet(46)) - raft.server.log.purge.preservation.log.num = 0 (default)
2023-09-28 12:55:51,824 [034573be-2326-4784-8299-dcb44cb21fac-groupManagement] INFO  server.RaftServerConfigKeys (ConfUtils.java:logGet(46)) - raft.server.log.segment.size.max = 1048576 (custom)
2023-09-28 12:55:51,825 [034573be-2326-4784-8299-dcb44cb21fac-groupManagement] INFO  server.RaftServerConfigKeys (ConfUtils.java:logGet(46)) - raft.server.log.segment.cache.num.max = 2 (custom)
2023-09-28 12:55:51,825 [034573be-2326-4784-8299-dcb44cb21fac-groupManagement] INFO  server.RaftServerConfigKeys (ConfUtils.java:logGet(46)) - raft.server.log.segment.cache.size.max = 200MB (=209715200) (default)
2023-09-28 12:55:51,825 [034573be-2326-4784-8299-dcb44cb21fac-groupManagement] INFO  server.RaftServerConfigKeys (ConfUtils.java:logGet(46)) - raft.server.log.appender.buffer.byte-limit = 33554432 (custom)
2023-09-28 12:55:51,825 [034573be-2326-4784-8299-dcb44cb21fac-groupManagement] INFO  segmented.SegmentedRaftLogWorker (SegmentedRaftLogWorker.java:<init>(188)) - new 034573be-2326-4784-8299-dcb44cb21fac@group-DE411FFD7766-SegmentedRaftLogWorker for RaftStorageImpl:Storage Directory /home/runner/work/ozone/ozone/hadoop-ozone/integration-test/target/test-dir/MiniOzoneClusterImpl-82bdab22-5801-416e-a4bc-b8f6b9675fef/datanode-0/data/ratis/ef5c91ca-7b59-48b8-8e32-de411ffd7766
2023-09-28 12:55:51,825 [034573be-2326-4784-8299-dcb44cb21fac-groupManagement] INFO  server.RaftServerConfigKeys (ConfUtils.java:logGet(46)) - raft.server.log.queue.byte-limit = 4294967296 (custom)
2023-09-28 12:55:51,825 [034573be-2326-4784-8299-dcb44cb21fac-groupManagement] INFO  server.RaftServerConfigKeys (ConfUtils.java:logGet(46)) - raft.server.log.queue.element-limit = 1024 (custom)
2023-09-28 12:55:51,826 [034573be-2326-4784-8299-dcb44cb21fac-groupManagement] INFO  server.RaftServerConfigKeys (ConfUtils.java:logGet(46)) - raft.server.log.segment.size.max = 1048576 (custom)
2023-09-28 12:55:51,826 [034573be-2326-4784-8299-dcb44cb21fac-groupManagement] INFO  server.RaftServerConfigKeys (ConfUtils.java:logGet(46)) - raft.server.log.preallocated.size = 16384 (custom)
2023-09-28 12:55:51,826 [034573be-2326-4784-8299-dcb44cb21fac-groupManagement] INFO  server.RaftServerConfigKeys (ConfUtils.java:logGet(46)) - raft.server.log.force.sync.num = 128 (default)
2023-09-28 12:55:51,826 [034573be-2326-4784-8299-dcb44cb21fac-groupManagement] INFO  server.RaftServerConfigKeys (ConfUtils.java:logGet(46)) - raft.server.log.statemachine.data.sync = true (default)
2023-09-28 12:55:51,826 [034573be-2326-4784-8299-dcb44cb21fac-groupManagement] INFO  server.RaftServerConfigKeys (ConfUtils.java:logGet(46)) - raft.server.log.statemachine.data.sync.timeout = 10s (default)
2023-09-28 12:55:51,826 [034573be-2326-4784-8299-dcb44cb21fac-groupManagement] INFO  server.RaftServerConfigKeys (ConfUtils.java:logGet(46)) - raft.server.log.statemachine.data.sync.timeout.retry = -1 (default)
2023-09-28 12:55:51,828 [034573be-2326-4784-8299-dcb44cb21fac-groupManagement] INFO  server.RaftServerConfigKeys (ConfUtils.java:logGet(46)) - raft.server.log.write.buffer.size = 1048576 (custom)
2023-09-28 12:55:51,829 [034573be-2326-4784-8299-dcb44cb21fac-groupManagement] INFO  server.RaftServerConfigKeys (ConfUtils.java:logGet(46)) - raft.server.log.appender.buffer.byte-limit = 33554432 (custom)
2023-09-28 12:55:51,834 [034573be-2326-4784-8299-dcb44cb21fac-groupManagement] INFO  server.RaftServerConfigKeys (ConfUtils.java:logGet(46)) - raft.server.log.unsafe-flush.enabled = false (default)
2023-09-28 12:55:51,835 [034573be-2326-4784-8299-dcb44cb21fac-groupManagement] INFO  server.RaftServerConfigKeys (ConfUtils.java:logGet(46)) - raft.server.log.async-flush.enabled = false (default)
2023-09-28 12:55:51,835 [034573be-2326-4784-8299-dcb44cb21fac-groupManagement] INFO  server.RaftServerConfigKeys (ConfUtils.java:logGet(46)) - raft.server.log.statemachine.data.caching.enabled = true (custom)
2023-09-28 12:55:51,835 [034573be-2326-4784-8299-dcb44cb21fac-groupManagement] INFO  segmented.SegmentedRaftLogWorker (SegmentedRaftLogWorker.java:lambda$new$0(135)) - 034573be-2326-4784-8299-dcb44cb21fac@group-DE411FFD7766-SegmentedRaftLogWorker: flushIndex: setUnconditionally 0 -> -1
2023-09-28 12:55:51,835 [034573be-2326-4784-8299-dcb44cb21fac-groupManagement] INFO  segmented.SegmentedRaftLogWorker (SegmentedRaftLogWorker.java:lambda$new$0(135)) - 034573be-2326-4784-8299-dcb44cb21fac@group-DE411FFD7766-SegmentedRaftLogWorker: safeCacheEvictIndex: setUnconditionally 0 -> -1
2023-09-28 12:55:51,835 [034573be-2326-4784-8299-dcb44cb21fac-groupManagement] INFO  server.RaftServer$Division (RaftServerImpl.java:start(342)) - 034573be-2326-4784-8299-dcb44cb21fac@group-DE411FFD7766: start as a follower, conf=-1: peers:[3b419e23-3cc6-45b0-b9b5-04f9349798d3|rpc:10.1.0.34:15032|admin:10.1.0.34:15031|client:10.1.0.34:15030|dataStream:10.1.0.34:15033|priority:0|startupRole:FOLLOWER, 034573be-2326-4784-8299-dcb44cb21fac|rpc:10.1.0.34:15014|admin:10.1.0.34:15013|client:10.1.0.34:15012|dataStream:10.1.0.34:15015|priority:0|startupRole:FOLLOWER, 2942950e-5b72-4e60-8fd7-505c1475c682|rpc:10.1.0.34:15023|admin:10.1.0.34:15022|client:10.1.0.34:15021|dataStream:10.1.0.34:15024|priority:1|startupRole:FOLLOWER]|listeners:[], old=null
2023-09-28 12:55:51,835 [034573be-2326-4784-8299-dcb44cb21fac-groupManagement] INFO  server.RaftServer$Division (RaftServerImpl.java:setRole(329)) - 034573be-2326-4784-8299-dcb44cb21fac@group-DE411FFD7766: changes role from      null to FOLLOWER at term 0 for startAsFollower
2023-09-28 12:55:51,835 [034573be-2326-4784-8299-dcb44cb21fac-groupManagement] INFO  impl.RoleInfo (RoleInfo.java:updateAndGet(139)) - 034573be-2326-4784-8299-dcb44cb21fac: start 034573be-2326-4784-8299-dcb44cb21fac@group-DE411FFD7766-FollowerState
2023-09-28 12:55:51,836 [034573be-2326-4784-8299-dcb44cb21fac@group-DE411FFD7766-FollowerState] INFO  server.RaftServerConfigKeys (ConfUtils.java:logFallback(53)) - raft.server.rpc.first-election.timeout.min = 5s (fallback to raft.server.rpc.timeout.min)
2023-09-28 12:55:51,836 [034573be-2326-4784-8299-dcb44cb21fac-groupManagement] INFO  util.JmxRegister (JmxRegister.java:tryRegister(44)) - Successfully registered JMX Bean with object name Ratis:service=RaftServer,group=group-DE411FFD7766,id=034573be-2326-4784-8299-dcb44cb21fac
2023-09-28 12:55:51,837 [034573be-2326-4784-8299-dcb44cb21fac@group-DE411FFD7766-FollowerState] INFO  server.RaftServerConfigKeys (ConfUtils.java:logFallback(53)) - raft.server.rpc.first-election.timeout.max = 5200ms (fallback to raft.server.rpc.timeout.max)
2023-09-28 12:55:51,837 [034573be-2326-4784-8299-dcb44cb21fac-groupManagement] INFO  server.RaftServerConfigKeys (ConfUtils.java:logGet(46)) - raft.server.snapshot.auto.trigger.enabled = true (custom)
2023-09-28 12:55:51,837 [034573be-2326-4784-8299-dcb44cb21fac-groupManagement] INFO  server.RaftServerConfigKeys (ConfUtils.java:logGet(46)) - raft.server.snapshot.auto.trigger.threshold = 10000 (custom)
2023-09-28 12:55:51,837 [034573be-2326-4784-8299-dcb44cb21fac-groupManagement] INFO  server.RaftServerConfigKeys (ConfUtils.java:logGet(46)) - raft.server.snapshot.retention.file.num = 5 (custom)
2023-09-28 12:55:51,837 [034573be-2326-4784-8299-dcb44cb21fac-groupManagement] INFO  server.RaftServerConfigKeys (ConfUtils.java:logGet(46)) - raft.server.log.purge.upto.snapshot.index = false (default)
2023-09-28 12:55:51,844 [PipelineCommandHandlerThread-0] INFO  ratis.XceiverServerRatis (XceiverServerRatis.java:addGroup(804)) - Created group PipelineID=ef5c91ca-7b59-48b8-8e32-de411ffd7766
2023-09-28 12:55:52,246 [PipelineCommandHandlerThread-0] INFO  server.RaftServer (RaftServerProxy.java:addNew(98)) - 2942950e-5b72-4e60-8fd7-505c1475c682: addNew group-2E0D53807574:[2942950e-5b72-4e60-8fd7-505c1475c682|rpc:10.1.0.34:15023|admin:10.1.0.34:15022|client:10.1.0.34:15021|dataStream:10.1.0.34:15024|priority:1|startupRole:FOLLOWER] returns group-2E0D53807574:java.util.concurrent.CompletableFuture@34807525[Not completed]
2023-09-28 12:55:52,256 [2942950e-5b72-4e60-8fd7-505c1475c682-groupManagement] INFO  server.RaftServer$Division (RaftServerImpl.java:<init>(198)) - 2942950e-5b72-4e60-8fd7-505c1475c682: new RaftServerImpl for group-2E0D53807574:[2942950e-5b72-4e60-8fd7-505c1475c682|rpc:10.1.0.34:15023|admin:10.1.0.34:15022|client:10.1.0.34:15021|dataStream:10.1.0.34:15024|priority:1|startupRole:FOLLOWER] with ContainerStateMachine:uninitialized
2023-09-28 12:55:52,256 [2942950e-5b72-4e60-8fd7-505c1475c682-groupManagement] INFO  server.RaftServerConfigKeys (ConfUtils.java:logGet(46)) - raft.server.rpc.timeout.min = 5s (custom)
2023-09-28 12:55:52,256 [2942950e-5b72-4e60-8fd7-505c1475c682-groupManagement] INFO  server.RaftServerConfigKeys (ConfUtils.java:logGet(46)) - raft.server.rpc.timeout.max = 5200ms (custom)
2023-09-28 12:55:52,256 [2942950e-5b72-4e60-8fd7-505c1475c682-groupManagement] INFO  server.RaftServerConfigKeys (ConfUtils.java:logGet(46)) - raft.server.rpc.sleep.time = 25ms (default)
2023-09-28 12:55:52,257 [2942950e-5b72-4e60-8fd7-505c1475c682-groupManagement] INFO  server.RaftServerConfigKeys (ConfUtils.java:logGet(46)) - raft.server.rpc.slowness.timeout = 300s (custom)
2023-09-28 12:55:52,257 [2942950e-5b72-4e60-8fd7-505c1475c682-groupManagement] INFO  server.RaftServerConfigKeys (ConfUtils.java:logGet(46)) - raft.server.leaderelection.leader.step-down.wait-time = 10s (default)
2023-09-28 12:55:52,257 [2942950e-5b72-4e60-8fd7-505c1475c682-groupManagement] INFO  server.RaftServerConfigKeys (ConfUtils.java:logGet(46)) - raft.server.sleep.deviation.threshold = 300ms (default)
2023-09-28 12:55:52,257 [2942950e-5b72-4e60-8fd7-505c1475c682-groupManagement] INFO  server.RaftServer$Division (ServerState.java:<init>(120)) - 2942950e-5b72-4e60-8fd7-505c1475c682@group-2E0D53807574: ConfigurationManager, init=-1: peers:[2942950e-5b72-4e60-8fd7-505c1475c682|rpc:10.1.0.34:15023|admin:10.1.0.34:15022|client:10.1.0.34:15021|dataStream:10.1.0.34:15024|priority:1|startupRole:FOLLOWER]|listeners:[], old=null, confs=<EMPTY_MAP>
2023-09-28 12:55:52,257 [2942950e-5b72-4e60-8fd7-505c1475c682-groupManagement] INFO  server.RaftServerConfigKeys (ConfUtils.java:logGet(46)) - raft.server.storage.dir = [/home/runner/work/ozone/ozone/hadoop-ozone/integration-test/target/test-dir/MiniOzoneClusterImpl-82bdab22-5801-416e-a4bc-b8f6b9675fef/datanode-1/data/ratis] (custom)
2023-09-28 12:55:52,257 [2942950e-5b72-4e60-8fd7-505c1475c682-groupManagement] INFO  server.RaftServerConfigKeys (ConfUtils.java:logGet(46)) - raft.server.log.corruption.policy = EXCEPTION (default)
2023-09-28 12:55:52,257 [2942950e-5b72-4e60-8fd7-505c1475c682-groupManagement] INFO  server.RaftServerConfigKeys (ConfUtils.java:logGet(46)) - raft.server.storage.free-space.min = 0MB (=0) (default)
2023-09-28 12:55:52,257 [2942950e-5b72-4e60-8fd7-505c1475c682-groupManagement] INFO  server.RaftServerConfigKeys (ConfUtils.java:logGet(46)) - raft.server.notification.no-leader.timeout = 300s (custom)
2023-09-28 12:55:52,257 [2942950e-5b72-4e60-8fd7-505c1475c682-groupManagement] INFO  server.RaftServerConfigKeys (ConfUtils.java:logGet(46)) - raft.server.read.timeout = 10s (default)
2023-09-28 12:55:52,257 [2942950e-5b72-4e60-8fd7-505c1475c682-groupManagement] INFO  server.RaftServerConfigKeys (ConfUtils.java:logGet(46)) - raft.server.retrycache.expirytime = 600000ms (custom)
2023-09-28 12:55:52,257 [2942950e-5b72-4e60-8fd7-505c1475c682-groupManagement] INFO  server.RaftServerConfigKeys (ConfUtils.java:logGet(46)) - raft.server.retrycache.statistics.expirytime = 100μs (default)
2023-09-28 12:55:52,258 [2942950e-5b72-4e60-8fd7-505c1475c682-groupManagement] INFO  server.RaftServerConfigKeys (ConfUtils.java:logGet(46)) - raft.server.read.option = DEFAULT (default)
2023-09-28 12:55:52,269 [2942950e-5b72-4e60-8fd7-505c1475c682-groupManagement] INFO  server.RaftServerConfigKeys (ConfUtils.java:logGet(46)) - raft.server.rpc.request.timeout = 60s (custom)
2023-09-28 12:55:52,269 [2942950e-5b72-4e60-8fd7-505c1475c682-groupManagement] INFO  server.RaftServerConfigKeys (ConfUtils.java:logGet(46)) - raft.server.log.appender.install.snapshot.enabled = false (custom)
2023-09-28 12:55:52,269 [2942950e-5b72-4e60-8fd7-505c1475c682-groupManagement] INFO  server.RaftServerConfigKeys (ConfUtils.java:logGet(46)) - raft.server.threadpool.server.cached = true (default)
2023-09-28 12:55:52,269 [2942950e-5b72-4e60-8fd7-505c1475c682-groupManagement] INFO  server.RaftServerConfigKeys (ConfUtils.java:logGet(46)) - raft.server.threadpool.server.size = 0 (default)
2023-09-28 12:55:52,269 [2942950e-5b72-4e60-8fd7-505c1475c682-groupManagement] INFO  server.RaftServerConfigKeys (ConfUtils.java:logGet(46)) - raft.server.threadpool.client.cached = true (default)
2023-09-28 12:55:52,269 [2942950e-5b72-4e60-8fd7-505c1475c682-groupManagement] INFO  server.RaftServerConfigKeys (ConfUtils.java:logGet(46)) - raft.server.threadpool.client.size = 0 (default)
2023-09-28 12:55:52,269 [2942950e-5b72-4e60-8fd7-505c1475c682-groupManagement] INFO  storage.RaftStorageDirectory (RaftStorageDirectoryImpl.java:analyzeStorage(137)) - The storage directory /home/runner/work/ozone/ozone/hadoop-ozone/integration-test/target/test-dir/MiniOzoneClusterImpl-82bdab22-5801-416e-a4bc-b8f6b9675fef/datanode-1/data/ratis/a876fde2-d883-411f-9a81-2e0d53807574 does not exist. Creating ...
2023-09-28 12:55:52,271 [2942950e-5b72-4e60-8fd7-505c1475c682-groupManagement] INFO  storage.RaftStorageDirectory (RaftStorageDirectoryImpl.java:tryLock(231)) - Lock on /home/runner/work/ozone/ozone/hadoop-ozone/integration-test/target/test-dir/MiniOzoneClusterImpl-82bdab22-5801-416e-a4bc-b8f6b9675fef/datanode-1/data/ratis/a876fde2-d883-411f-9a81-2e0d53807574/in_use.lock acquired by nodename 7568@fv-az163-431
2023-09-28 12:55:52,273 [2942950e-5b72-4e60-8fd7-505c1475c682-groupManagement] INFO  storage.RaftStorage (RaftStorageImpl.java:format(96)) - Storage directory /home/runner/work/ozone/ozone/hadoop-ozone/integration-test/target/test-dir/MiniOzoneClusterImpl-82bdab22-5801-416e-a4bc-b8f6b9675fef/datanode-1/data/ratis/a876fde2-d883-411f-9a81-2e0d53807574 has been successfully formatted.
2023-09-28 12:55:52,274 [2942950e-5b72-4e60-8fd7-505c1475c682-groupManagement] INFO  ratis.ContainerStateMachine (ContainerStateMachine.java:loadSnapshot(262)) - group-2E0D53807574: The snapshot info is null. Setting the last applied indexto:(t:0, i:~)
2023-09-28 12:55:52,278 [2942950e-5b72-4e60-8fd7-505c1475c682-groupManagement] INFO  server.RaftServerConfigKeys (ConfUtils.java:logGet(46)) - raft.server.log.use.memory = false (default)
2023-09-28 12:55:52,278 [2942950e-5b72-4e60-8fd7-505c1475c682-groupManagement] INFO  server.RaftServerConfigKeys (ConfUtils.java:logGet(46)) - raft.server.log.purge.gap = 1000000 (custom)
2023-09-28 12:55:52,278 [2942950e-5b72-4e60-8fd7-505c1475c682-groupManagement] INFO  server.RaftServerConfigKeys (ConfUtils.java:logGet(46)) - raft.server.log.appender.buffer.byte-limit = 33554432 (custom)
2023-09-28 12:55:52,279 [2942950e-5b72-4e60-8fd7-505c1475c682-groupManagement] INFO  server.RaftServerConfigKeys (ConfUtils.java:logGet(46)) - raft.server.log.statemachine.data.read.timeout = 1000ms (default)
2023-09-28 12:55:52,279 [2942950e-5b72-4e60-8fd7-505c1475c682-groupManagement] INFO  server.RaftServerConfigKeys (ConfUtils.java:logGet(46)) - raft.server.log.purge.preservation.log.num = 0 (default)
2023-09-28 12:55:52,279 [2942950e-5b72-4e60-8fd7-505c1475c682-groupManagement] INFO  server.RaftServerConfigKeys (ConfUtils.java:logGet(46)) - raft.server.log.segment.size.max = 1048576 (custom)
2023-09-28 12:55:52,280 [2942950e-5b72-4e60-8fd7-505c1475c682-groupManagement] INFO  server.RaftServerConfigKeys (ConfUtils.java:logGet(46)) - raft.server.log.segment.cache.num.max = 2 (custom)
2023-09-28 12:55:52,280 [2942950e-5b72-4e60-8fd7-505c1475c682-groupManagement] INFO  server.RaftServerConfigKeys (ConfUtils.java:logGet(46)) - raft.server.log.segment.cache.size.max = 200MB (=209715200) (default)
2023-09-28 12:55:52,280 [2942950e-5b72-4e60-8fd7-505c1475c682-groupManagement] INFO  server.RaftServerConfigKeys (ConfUtils.java:logGet(46)) - raft.server.log.appender.buffer.byte-limit = 33554432 (custom)
2023-09-28 12:55:52,280 [2942950e-5b72-4e60-8fd7-505c1475c682-groupManagement] INFO  segmented.SegmentedRaftLogWorker (SegmentedRaftLogWorker.java:<init>(188)) - new 2942950e-5b72-4e60-8fd7-505c1475c682@group-2E0D53807574-SegmentedRaftLogWorker for RaftStorageImpl:Storage Directory /home/runner/work/ozone/ozone/hadoop-ozone/integration-test/target/test-dir/MiniOzoneClusterImpl-82bdab22-5801-416e-a4bc-b8f6b9675fef/datanode-1/data/ratis/a876fde2-d883-411f-9a81-2e0d53807574
2023-09-28 12:55:52,280 [2942950e-5b72-4e60-8fd7-505c1475c682-groupManagement] INFO  server.RaftServerConfigKeys (ConfUtils.java:logGet(46)) - raft.server.log.queue.byte-limit = 4294967296 (custom)
2023-09-28 12:55:52,280 [2942950e-5b72-4e60-8fd7-505c1475c682-groupManagement] INFO  server.RaftServerConfigKeys (ConfUtils.java:logGet(46)) - raft.server.log.queue.element-limit = 1024 (custom)
2023-09-28 12:55:52,280 [2942950e-5b72-4e60-8fd7-505c1475c682-groupManagement] INFO  server.RaftServerConfigKeys (ConfUtils.java:logGet(46)) - raft.server.log.segment.size.max = 1048576 (custom)
2023-09-28 12:55:52,280 [2942950e-5b72-4e60-8fd7-505c1475c682-groupManagement] INFO  server.RaftServerConfigKeys (ConfUtils.java:logGet(46)) - raft.server.log.preallocated.size = 16384 (custom)
2023-09-28 12:55:52,280 [2942950e-5b72-4e60-8fd7-505c1475c682-groupManagement] INFO  server.RaftServerConfigKeys (ConfUtils.java:logGet(46)) - raft.server.log.force.sync.num = 128 (default)
2023-09-28 12:55:52,280 [2942950e-5b72-4e60-8fd7-505c1475c682-groupManagement] INFO  server.RaftServerConfigKeys (ConfUtils.java:logGet(46)) - raft.server.log.statemachine.data.sync = true (default)
2023-09-28 12:55:52,280 [EventQueue-PipelineReportForPipelineReportHandler] INFO  pipeline.PipelineReportHandler (PipelineReportHandler.java:processPipelineReport(136)) - Opened pipeline PipelineID=a876fde2-d883-411f-9a81-2e0d53807574
2023-09-28 12:55:52,281 [EventQueue-OpenPipelineForHealthyPipelineSafeModeRule] INFO  safemode.SCMSafeModeManager (HealthyPipelineSafeModeRule.java:process(137)) - SCM in safe mode. Healthy pipelines reported count is 0, required healthy pipeline reported count is 1
2023-09-28 12:55:52,281 [2942950e-5b72-4e60-8fd7-505c1475c682-groupManagement] INFO  server.RaftServerConfigKeys (ConfUtils.java:logGet(46)) - raft.server.log.statemachine.data.sync.timeout = 10s (default)
2023-09-28 12:55:52,282 [2942950e-5b72-4e60-8fd7-505c1475c682-groupManagement] INFO  server.RaftServerConfigKeys (ConfUtils.java:logGet(46)) - raft.server.log.statemachine.data.sync.timeout.retry = -1 (default)
2023-09-28 12:55:52,286 [2942950e-5b72-4e60-8fd7-505c1475c682-groupManagement] INFO  server.RaftServerConfigKeys (ConfUtils.java:logGet(46)) - raft.server.log.write.buffer.size = 1048576 (custom)
2023-09-28 12:55:52,288 [2942950e-5b72-4e60-8fd7-505c1475c682-groupManagement] INFO  server.RaftServerConfigKeys (ConfUtils.java:logGet(46)) - raft.server.log.appender.buffer.byte-limit = 33554432 (custom)
2023-09-28 12:55:52,292 [main] INFO  ozone.MiniOzoneClusterImpl (MiniOzoneClusterImpl.java:lambda$waitForClusterToBeReady$0(229)) - Nodes are ready. Got 5 of 5 DN Heartbeats.
2023-09-28 12:55:52,292 [main] INFO  ozone.MiniOzoneClusterImpl (MiniOzoneClusterImpl.java:lambda$waitForClusterToBeReady$0(232)) - Waiting for cluster to exit safe mode
2023-09-28 12:55:52,292 [main] INFO  ozone.MiniOzoneClusterImpl (MiniOzoneClusterImpl.java:lambda$waitForClusterToBeReady$0(234)) - SCM became leader
2023-09-28 12:55:52,300 [2942950e-5b72-4e60-8fd7-505c1475c682-groupManagement] INFO  server.RaftServerConfigKeys (ConfUtils.java:logGet(46)) - raft.server.log.unsafe-flush.enabled = false (default)
2023-09-28 12:55:52,300 [2942950e-5b72-4e60-8fd7-505c1475c682-groupManagement] INFO  server.RaftServerConfigKeys (ConfUtils.java:logGet(46)) - raft.server.log.async-flush.enabled = false (default)
2023-09-28 12:55:52,300 [2942950e-5b72-4e60-8fd7-505c1475c682-groupManagement] INFO  server.RaftServerConfigKeys (ConfUtils.java:logGet(46)) - raft.server.log.statemachine.data.caching.enabled = true (custom)
2023-09-28 12:55:52,300 [2942950e-5b72-4e60-8fd7-505c1475c682-groupManagement] INFO  segmented.SegmentedRaftLogWorker (SegmentedRaftLogWorker.java:lambda$new$0(135)) - 2942950e-5b72-4e60-8fd7-505c1475c682@group-2E0D53807574-SegmentedRaftLogWorker: flushIndex: setUnconditionally 0 -> -1
2023-09-28 12:55:52,300 [2942950e-5b72-4e60-8fd7-505c1475c682-groupManagement] INFO  segmented.SegmentedRaftLogWorker (SegmentedRaftLogWorker.java:lambda$new$0(135)) - 2942950e-5b72-4e60-8fd7-505c1475c682@group-2E0D53807574-SegmentedRaftLogWorker: safeCacheEvictIndex: setUnconditionally 0 -> -1
2023-09-28 12:55:52,300 [2942950e-5b72-4e60-8fd7-505c1475c682-groupManagement] INFO  server.RaftServer$Division (RaftServerImpl.java:start(342)) - 2942950e-5b72-4e60-8fd7-505c1475c682@group-2E0D53807574: start as a follower, conf=-1: peers:[2942950e-5b72-4e60-8fd7-505c1475c682|rpc:10.1.0.34:15023|admin:10.1.0.34:15022|client:10.1.0.34:15021|dataStream:10.1.0.34:15024|priority:1|startupRole:FOLLOWER]|listeners:[], old=null
2023-09-28 12:55:52,300 [2942950e-5b72-4e60-8fd7-505c1475c682-groupManagement] INFO  server.RaftServer$Division (RaftServerImpl.java:setRole(329)) - 2942950e-5b72-4e60-8fd7-505c1475c682@group-2E0D53807574: changes role from      null to FOLLOWER at term 0 for startAsFollower
2023-09-28 12:55:52,301 [2942950e-5b72-4e60-8fd7-505c1475c682-groupManagement] INFO  impl.RoleInfo (RoleInfo.java:updateAndGet(139)) - 2942950e-5b72-4e60-8fd7-505c1475c682: start 2942950e-5b72-4e60-8fd7-505c1475c682@group-2E0D53807574-FollowerState
2023-09-28 12:55:52,301 [2942950e-5b72-4e60-8fd7-505c1475c682@group-2E0D53807574-FollowerState] INFO  server.RaftServerConfigKeys (ConfUtils.java:logFallback(53)) - raft.server.rpc.first-election.timeout.min = 5s (fallback to raft.server.rpc.timeout.min)
2023-09-28 12:55:52,301 [2942950e-5b72-4e60-8fd7-505c1475c682@group-2E0D53807574-FollowerState] INFO  server.RaftServerConfigKeys (ConfUtils.java:logFallback(53)) - raft.server.rpc.first-election.timeout.max = 5200ms (fallback to raft.server.rpc.timeout.max)
2023-09-28 12:55:52,301 [2942950e-5b72-4e60-8fd7-505c1475c682-groupManagement] INFO  util.JmxRegister (JmxRegister.java:tryRegister(44)) - Successfully registered JMX Bean with object name Ratis:service=RaftServer,group=group-2E0D53807574,id=2942950e-5b72-4e60-8fd7-505c1475c682
2023-09-28 12:55:52,302 [2942950e-5b72-4e60-8fd7-505c1475c682-groupManagement] INFO  server.RaftServerConfigKeys (ConfUtils.java:logGet(46)) - raft.server.snapshot.auto.trigger.enabled = true (custom)
2023-09-28 12:55:52,302 [2942950e-5b72-4e60-8fd7-505c1475c682-groupManagement] INFO  server.RaftServerConfigKeys (ConfUtils.java:logGet(46)) - raft.server.snapshot.auto.trigger.threshold = 10000 (custom)
2023-09-28 12:55:52,302 [2942950e-5b72-4e60-8fd7-505c1475c682-groupManagement] INFO  server.RaftServerConfigKeys (ConfUtils.java:logGet(46)) - raft.server.snapshot.retention.file.num = 5 (custom)
2023-09-28 12:55:52,303 [2942950e-5b72-4e60-8fd7-505c1475c682-groupManagement] INFO  server.RaftServerConfigKeys (ConfUtils.java:logGet(46)) - raft.server.log.purge.upto.snapshot.index = false (default)
2023-09-28 12:55:52,313 [PipelineCommandHandlerThread-0] INFO  ratis.XceiverServerRatis (XceiverServerRatis.java:addGroup(804)) - Created group PipelineID=a876fde2-d883-411f-9a81-2e0d53807574
2023-09-28 12:55:52,313 [PipelineCommandHandlerThread-0] INFO  commandhandler.CreatePipelineCommandHandler (CreatePipelineCommandHandler.java:lambda$handle$2(124)) - Created Pipeline RATIS ONE PipelineID=a876fde2-d883-411f-9a81-2e0d53807574.
2023-09-28 12:55:52,317 [PipelineCommandHandlerThread-0] INFO  server.RaftServer (RaftServerProxy.java:addNew(98)) - 2942950e-5b72-4e60-8fd7-505c1475c682: addNew group-DE411FFD7766:[3b419e23-3cc6-45b0-b9b5-04f9349798d3|rpc:10.1.0.34:15032|admin:10.1.0.34:15031|client:10.1.0.34:15030|dataStream:10.1.0.34:15033|priority:0|startupRole:FOLLOWER, 034573be-2326-4784-8299-dcb44cb21fac|rpc:10.1.0.34:15014|admin:10.1.0.34:15013|client:10.1.0.34:15012|dataStream:10.1.0.34:15015|priority:0|startupRole:FOLLOWER, 2942950e-5b72-4e60-8fd7-505c1475c682|rpc:10.1.0.34:15023|admin:10.1.0.34:15022|client:10.1.0.34:15021|dataStream:10.1.0.34:15024|priority:1|startupRole:FOLLOWER] returns group-DE411FFD7766:java.util.concurrent.CompletableFuture@30bfe76d[Not completed]
2023-09-28 12:55:52,319 [2942950e-5b72-4e60-8fd7-505c1475c682-groupManagement] INFO  server.RaftServer$Division (RaftServerImpl.java:<init>(198)) - 2942950e-5b72-4e60-8fd7-505c1475c682: new RaftServerImpl for group-DE411FFD7766:[3b419e23-3cc6-45b0-b9b5-04f9349798d3|rpc:10.1.0.34:15032|admin:10.1.0.34:15031|client:10.1.0.34:15030|dataStream:10.1.0.34:15033|priority:0|startupRole:FOLLOWER, 034573be-2326-4784-8299-dcb44cb21fac|rpc:10.1.0.34:15014|admin:10.1.0.34:15013|client:10.1.0.34:15012|dataStream:10.1.0.34:15015|priority:0|startupRole:FOLLOWER, 2942950e-5b72-4e60-8fd7-505c1475c682|rpc:10.1.0.34:15023|admin:10.1.0.34:15022|client:10.1.0.34:15021|dataStream:10.1.0.34:15024|priority:1|startupRole:FOLLOWER] with ContainerStateMachine:uninitialized
2023-09-28 12:55:52,319 [2942950e-5b72-4e60-8fd7-505c1475c682-groupManagement] INFO  server.RaftServerConfigKeys (ConfUtils.java:logGet(46)) - raft.server.rpc.timeout.min = 5s (custom)
2023-09-28 12:55:52,319 [2942950e-5b72-4e60-8fd7-505c1475c682-groupManagement] INFO  server.RaftServerConfigKeys (ConfUtils.java:logGet(46)) - raft.server.rpc.timeout.max = 5200ms (custom)
2023-09-28 12:55:52,319 [2942950e-5b72-4e60-8fd7-505c1475c682-groupManagement] INFO  server.RaftServerConfigKeys (ConfUtils.java:logGet(46)) - raft.server.rpc.sleep.time = 25ms (default)
2023-09-28 12:55:52,319 [2942950e-5b72-4e60-8fd7-505c1475c682-groupManagement] INFO  server.RaftServerConfigKeys (ConfUtils.java:logGet(46)) - raft.server.rpc.slowness.timeout = 300s (custom)
2023-09-28 12:55:52,319 [2942950e-5b72-4e60-8fd7-505c1475c682-groupManagement] INFO  server.RaftServerConfigKeys (ConfUtils.java:logGet(46)) - raft.server.leaderelection.leader.step-down.wait-time = 10s (default)
2023-09-28 12:55:52,319 [2942950e-5b72-4e60-8fd7-505c1475c682-groupManagement] INFO  server.RaftServerConfigKeys (ConfUtils.java:logGet(46)) - raft.server.sleep.deviation.threshold = 300ms (default)
2023-09-28 12:55:52,319 [2942950e-5b72-4e60-8fd7-505c1475c682-groupManagement] INFO  server.RaftServer$Division (ServerState.java:<init>(120)) - 2942950e-5b72-4e60-8fd7-505c1475c682@group-DE411FFD7766: ConfigurationManager, init=-1: peers:[3b419e23-3cc6-45b0-b9b5-04f9349798d3|rpc:10.1.0.34:15032|admin:10.1.0.34:15031|client:10.1.0.34:15030|dataStream:10.1.0.34:15033|priority:0|startupRole:FOLLOWER, 034573be-2326-4784-8299-dcb44cb21fac|rpc:10.1.0.34:15014|admin:10.1.0.34:15013|client:10.1.0.34:15012|dataStream:10.1.0.34:15015|priority:0|startupRole:FOLLOWER, 2942950e-5b72-4e60-8fd7-505c1475c682|rpc:10.1.0.34:15023|admin:10.1.0.34:15022|client:10.1.0.34:15021|dataStream:10.1.0.34:15024|priority:1|startupRole:FOLLOWER]|listeners:[], old=null, confs=<EMPTY_MAP>
2023-09-28 12:55:52,319 [2942950e-5b72-4e60-8fd7-505c1475c682-groupManagement] INFO  server.RaftServerConfigKeys (ConfUtils.java:logGet(46)) - raft.server.storage.dir = [/home/runner/work/ozone/ozone/hadoop-ozone/integration-test/target/test-dir/MiniOzoneClusterImpl-82bdab22-5801-416e-a4bc-b8f6b9675fef/datanode-1/data/ratis] (custom)
2023-09-28 12:55:52,319 [2942950e-5b72-4e60-8fd7-505c1475c682-groupManagement] INFO  server.RaftServerConfigKeys (ConfUtils.java:logGet(46)) - raft.server.log.corruption.policy = EXCEPTION (default)
2023-09-28 12:55:52,319 [2942950e-5b72-4e60-8fd7-505c1475c682-groupManagement] INFO  server.RaftServerConfigKeys (ConfUtils.java:logGet(46)) - raft.server.storage.free-space.min = 0MB (=0) (default)
2023-09-28 12:55:52,320 [2942950e-5b72-4e60-8fd7-505c1475c682-groupManagement] INFO  server.RaftServerConfigKeys (ConfUtils.java:logGet(46)) - raft.server.notification.no-leader.timeout = 300s (custom)
2023-09-28 12:55:52,320 [2942950e-5b72-4e60-8fd7-505c1475c682-groupManagement] INFO  server.RaftServerConfigKeys (ConfUtils.java:logGet(46)) - raft.server.read.timeout = 10s (default)
2023-09-28 12:55:52,320 [2942950e-5b72-4e60-8fd7-505c1475c682-groupManagement] INFO  server.RaftServerConfigKeys (ConfUtils.java:logGet(46)) - raft.server.retrycache.expirytime = 600000ms (custom)
2023-09-28 12:55:52,320 [2942950e-5b72-4e60-8fd7-505c1475c682-groupManagement] INFO  server.RaftServerConfigKeys (ConfUtils.java:logGet(46)) - raft.server.retrycache.statistics.expirytime = 100μs (default)
2023-09-28 12:55:52,320 [2942950e-5b72-4e60-8fd7-505c1475c682-groupManagement] INFO  server.RaftServerConfigKeys (ConfUtils.java:logGet(46)) - raft.server.read.option = DEFAULT (default)
2023-09-28 12:55:52,321 [2942950e-5b72-4e60-8fd7-505c1475c682-groupManagement] INFO  server.RaftServerConfigKeys (ConfUtils.java:logGet(46)) - raft.server.rpc.request.timeout = 60s (custom)
2023-09-28 12:55:52,321 [2942950e-5b72-4e60-8fd7-505c1475c682-groupManagement] INFO  server.RaftServerConfigKeys (ConfUtils.java:logGet(46)) - raft.server.log.appender.install.snapshot.enabled = false (custom)
2023-09-28 12:55:52,321 [2942950e-5b72-4e60-8fd7-505c1475c682-groupManagement] INFO  server.RaftServerConfigKeys (ConfUtils.java:logGet(46)) - raft.server.threadpool.server.cached = true (default)
2023-09-28 12:55:52,321 [2942950e-5b72-4e60-8fd7-505c1475c682-groupManagement] INFO  server.RaftServerConfigKeys (ConfUtils.java:logGet(46)) - raft.server.threadpool.server.size = 0 (default)
2023-09-28 12:55:52,325 [2942950e-5b72-4e60-8fd7-505c1475c682-groupManagement] INFO  server.RaftServerConfigKeys (ConfUtils.java:logGet(46)) - raft.server.threadpool.client.cached = true (default)
2023-09-28 12:55:52,325 [2942950e-5b72-4e60-8fd7-505c1475c682-groupManagement] INFO  server.RaftServerConfigKeys (ConfUtils.java:logGet(46)) - raft.server.threadpool.client.size = 0 (default)
2023-09-28 12:55:52,325 [2942950e-5b72-4e60-8fd7-505c1475c682-groupManagement] INFO  storage.RaftStorageDirectory (RaftStorageDirectoryImpl.java:analyzeStorage(137)) - The storage directory /home/runner/work/ozone/ozone/hadoop-ozone/integration-test/target/test-dir/MiniOzoneClusterImpl-82bdab22-5801-416e-a4bc-b8f6b9675fef/datanode-1/data/ratis/ef5c91ca-7b59-48b8-8e32-de411ffd7766 does not exist. Creating ...
2023-09-28 12:55:52,326 [2942950e-5b72-4e60-8fd7-505c1475c682-groupManagement] INFO  storage.RaftStorageDirectory (RaftStorageDirectoryImpl.java:tryLock(231)) - Lock on /home/runner/work/ozone/ozone/hadoop-ozone/integration-test/target/test-dir/MiniOzoneClusterImpl-82bdab22-5801-416e-a4bc-b8f6b9675fef/datanode-1/data/ratis/ef5c91ca-7b59-48b8-8e32-de411ffd7766/in_use.lock acquired by nodename 7568@fv-az163-431
2023-09-28 12:55:52,336 [2942950e-5b72-4e60-8fd7-505c1475c682-groupManagement] INFO  storage.RaftStorage (RaftStorageImpl.java:format(96)) - Storage directory /home/runner/work/ozone/ozone/hadoop-ozone/integration-test/target/test-dir/MiniOzoneClusterImpl-82bdab22-5801-416e-a4bc-b8f6b9675fef/datanode-1/data/ratis/ef5c91ca-7b59-48b8-8e32-de411ffd7766 has been successfully formatted.
2023-09-28 12:55:52,337 [2942950e-5b72-4e60-8fd7-505c1475c682-groupManagement] INFO  ratis.ContainerStateMachine (ContainerStateMachine.java:loadSnapshot(262)) - group-DE411FFD7766: The snapshot info is null. Setting the last applied indexto:(t:0, i:~)
2023-09-28 12:55:52,337 [2942950e-5b72-4e60-8fd7-505c1475c682-groupManagement] INFO  server.RaftServerConfigKeys (ConfUtils.java:logGet(46)) - raft.server.log.use.memory = false (default)
2023-09-28 12:55:52,337 [2942950e-5b72-4e60-8fd7-505c1475c682-groupManagement] INFO  server.RaftServerConfigKeys (ConfUtils.java:logGet(46)) - raft.server.log.purge.gap = 1000000 (custom)
2023-09-28 12:55:52,338 [2942950e-5b72-4e60-8fd7-505c1475c682-groupManagement] INFO  server.RaftServerConfigKeys (ConfUtils.java:logGet(46)) - raft.server.log.appender.buffer.byte-limit = 33554432 (custom)
2023-09-28 12:55:52,338 [2942950e-5b72-4e60-8fd7-505c1475c682-groupManagement] INFO  server.RaftServerConfigKeys (ConfUtils.java:logGet(46)) - raft.server.log.statemachine.data.read.timeout = 1000ms (default)
2023-09-28 12:55:52,338 [2942950e-5b72-4e60-8fd7-505c1475c682-groupManagement] INFO  server.RaftServerConfigKeys (ConfUtils.java:logGet(46)) - raft.server.log.purge.preservation.log.num = 0 (default)
2023-09-28 12:55:52,338 [2942950e-5b72-4e60-8fd7-505c1475c682-groupManagement] INFO  server.RaftServerConfigKeys (ConfUtils.java:logGet(46)) - raft.server.log.segment.size.max = 1048576 (custom)
2023-09-28 12:55:52,342 [EventQueue-OpenPipelineForHealthyPipelineSafeModeRule] INFO  safemode.SCMSafeModeManager (HealthyPipelineSafeModeRule.java:process(137)) - SCM in safe mode. Healthy pipelines reported count is 0, required healthy pipeline reported count is 1
2023-09-28 12:55:52,345 [2942950e-5b72-4e60-8fd7-505c1475c682-groupManagement] INFO  server.RaftServerConfigKeys (ConfUtils.java:logGet(46)) - raft.server.log.segment.cache.num.max = 2 (custom)
2023-09-28 12:55:52,345 [2942950e-5b72-4e60-8fd7-505c1475c682-groupManagement] INFO  server.RaftServerConfigKeys (ConfUtils.java:logGet(46)) - raft.server.log.segment.cache.size.max = 200MB (=209715200) (default)
2023-09-28 12:55:52,345 [2942950e-5b72-4e60-8fd7-505c1475c682-groupManagement] INFO  server.RaftServerConfigKeys (ConfUtils.java:logGet(46)) - raft.server.log.appender.buffer.byte-limit = 33554432 (custom)
2023-09-28 12:55:52,345 [2942950e-5b72-4e60-8fd7-505c1475c682-groupManagement] INFO  segmented.SegmentedRaftLogWorker (SegmentedRaftLogWorker.java:<init>(188)) - new 2942950e-5b72-4e60-8fd7-505c1475c682@group-DE411FFD7766-SegmentedRaftLogWorker for RaftStorageImpl:Storage Directory /home/runner/work/ozone/ozone/hadoop-ozone/integration-test/target/test-dir/MiniOzoneClusterImpl-82bdab22-5801-416e-a4bc-b8f6b9675fef/datanode-1/data/ratis/ef5c91ca-7b59-48b8-8e32-de411ffd7766
2023-09-28 12:55:52,345 [2942950e-5b72-4e60-8fd7-505c1475c682-groupManagement] INFO  server.RaftServerConfigKeys (ConfUtils.java:logGet(46)) - raft.server.log.queue.byte-limit = 4294967296 (custom)
2023-09-28 12:55:52,345 [2942950e-5b72-4e60-8fd7-505c1475c682-groupManagement] INFO  server.RaftServerConfigKeys (ConfUtils.java:logGet(46)) - raft.server.log.queue.element-limit = 1024 (custom)
2023-09-28 12:55:52,345 [2942950e-5b72-4e60-8fd7-505c1475c682-groupManagement] INFO  server.RaftServerConfigKeys (ConfUtils.java:logGet(46)) - raft.server.log.segment.size.max = 1048576 (custom)
2023-09-28 12:55:52,345 [2942950e-5b72-4e60-8fd7-505c1475c682-groupManagement] INFO  server.RaftServerConfigKeys (ConfUtils.java:logGet(46)) - raft.server.log.preallocated.size = 16384 (custom)
2023-09-28 12:55:52,345 [2942950e-5b72-4e60-8fd7-505c1475c682-groupManagement] INFO  server.RaftServerConfigKeys (ConfUtils.java:logGet(46)) - raft.server.log.force.sync.num = 128 (default)
2023-09-28 12:55:52,345 [2942950e-5b72-4e60-8fd7-505c1475c682-groupManagement] INFO  server.RaftServerConfigKeys (ConfUtils.java:logGet(46)) - raft.server.log.statemachine.data.sync = true (default)
2023-09-28 12:55:52,345 [2942950e-5b72-4e60-8fd7-505c1475c682-groupManagement] INFO  server.RaftServerConfigKeys (ConfUtils.java:logGet(46)) - raft.server.log.statemachine.data.sync.timeout = 10s (default)
2023-09-28 12:55:52,345 [2942950e-5b72-4e60-8fd7-505c1475c682-groupManagement] INFO  server.RaftServerConfigKeys (ConfUtils.java:logGet(46)) - raft.server.log.statemachine.data.sync.timeout.retry = -1 (default)
2023-09-28 12:55:52,346 [2942950e-5b72-4e60-8fd7-505c1475c682-groupManagement] INFO  server.RaftServerConfigKeys (ConfUtils.java:logGet(46)) - raft.server.log.write.buffer.size = 1048576 (custom)
2023-09-28 12:55:52,347 [2942950e-5b72-4e60-8fd7-505c1475c682-groupManagement] INFO  server.RaftServerConfigKeys (ConfUtils.java:logGet(46)) - raft.server.log.appender.buffer.byte-limit = 33554432 (custom)
2023-09-28 12:55:52,357 [2942950e-5b72-4e60-8fd7-505c1475c682-groupManagement] INFO  server.RaftServerConfigKeys (ConfUtils.java:logGet(46)) - raft.server.log.unsafe-flush.enabled = false (default)
2023-09-28 12:55:52,357 [2942950e-5b72-4e60-8fd7-505c1475c682-groupManagement] INFO  server.RaftServerConfigKeys (ConfUtils.java:logGet(46)) - raft.server.log.async-flush.enabled = false (default)
2023-09-28 12:55:52,357 [2942950e-5b72-4e60-8fd7-505c1475c682-groupManagement] INFO  server.RaftServerConfigKeys (ConfUtils.java:logGet(46)) - raft.server.log.statemachine.data.caching.enabled = true (custom)
2023-09-28 12:55:52,357 [2942950e-5b72-4e60-8fd7-505c1475c682-groupManagement] INFO  segmented.SegmentedRaftLogWorker (SegmentedRaftLogWorker.java:lambda$new$0(135)) - 2942950e-5b72-4e60-8fd7-505c1475c682@group-DE411FFD7766-SegmentedRaftLogWorker: flushIndex: setUnconditionally 0 -> -1
2023-09-28 12:55:52,358 [2942950e-5b72-4e60-8fd7-505c1475c682-groupManagement] INFO  segmented.SegmentedRaftLogWorker (SegmentedRaftLogWorker.java:lambda$new$0(135)) - 2942950e-5b72-4e60-8fd7-505c1475c682@group-DE411FFD7766-SegmentedRaftLogWorker: safeCacheEvictIndex: setUnconditionally 0 -> -1
2023-09-28 12:55:52,364 [2942950e-5b72-4e60-8fd7-505c1475c682-groupManagement] INFO  server.RaftServer$Division (RaftServerImpl.java:start(342)) - 2942950e-5b72-4e60-8fd7-505c1475c682@group-DE411FFD7766: start as a follower, conf=-1: peers:[3b419e23-3cc6-45b0-b9b5-04f9349798d3|rpc:10.1.0.34:15032|admin:10.1.0.34:15031|client:10.1.0.34:15030|dataStream:10.1.0.34:15033|priority:0|startupRole:FOLLOWER, 034573be-2326-4784-8299-dcb44cb21fac|rpc:10.1.0.34:15014|admin:10.1.0.34:15013|client:10.1.0.34:15012|dataStream:10.1.0.34:15015|priority:0|startupRole:FOLLOWER, 2942950e-5b72-4e60-8fd7-505c1475c682|rpc:10.1.0.34:15023|admin:10.1.0.34:15022|client:10.1.0.34:15021|dataStream:10.1.0.34:15024|priority:1|startupRole:FOLLOWER]|listeners:[], old=null
2023-09-28 12:55:52,364 [2942950e-5b72-4e60-8fd7-505c1475c682-groupManagement] INFO  server.RaftServer$Division (RaftServerImpl.java:setRole(329)) - 2942950e-5b72-4e60-8fd7-505c1475c682@group-DE411FFD7766: changes role from      null to FOLLOWER at term 0 for startAsFollower
2023-09-28 12:55:52,364 [2942950e-5b72-4e60-8fd7-505c1475c682-groupManagement] INFO  impl.RoleInfo (RoleInfo.java:updateAndGet(139)) - 2942950e-5b72-4e60-8fd7-505c1475c682: start 2942950e-5b72-4e60-8fd7-505c1475c682@group-DE411FFD7766-FollowerState
2023-09-28 12:55:52,369 [2942950e-5b72-4e60-8fd7-505c1475c682-groupManagement] INFO  util.JmxRegister (JmxRegister.java:tryRegister(44)) - Successfully registered JMX Bean with object name Ratis:service=RaftServer,group=group-DE411FFD7766,id=2942950e-5b72-4e60-8fd7-505c1475c682
2023-09-28 12:55:52,369 [2942950e-5b72-4e60-8fd7-505c1475c682-groupManagement] INFO  server.RaftServerConfigKeys (ConfUtils.java:logGet(46)) - raft.server.snapshot.auto.trigger.enabled = true (custom)
2023-09-28 12:55:52,369 [2942950e-5b72-4e60-8fd7-505c1475c682-groupManagement] INFO  server.RaftServerConfigKeys (ConfUtils.java:logGet(46)) - raft.server.snapshot.auto.trigger.threshold = 10000 (custom)
2023-09-28 12:55:52,369 [2942950e-5b72-4e60-8fd7-505c1475c682-groupManagement] INFO  server.RaftServerConfigKeys (ConfUtils.java:logGet(46)) - raft.server.snapshot.retention.file.num = 5 (custom)
2023-09-28 12:55:52,369 [2942950e-5b72-4e60-8fd7-505c1475c682-groupManagement] INFO  server.RaftServerConfigKeys (ConfUtils.java:logGet(46)) - raft.server.log.purge.upto.snapshot.index = false (default)
2023-09-28 12:55:52,373 [2942950e-5b72-4e60-8fd7-505c1475c682@group-DE411FFD7766-FollowerState] INFO  server.RaftServerConfigKeys (ConfUtils.java:logFallback(53)) - raft.server.rpc.first-election.timeout.min = 5s (fallback to raft.server.rpc.timeout.min)
2023-09-28 12:55:52,377 [2942950e-5b72-4e60-8fd7-505c1475c682@group-DE411FFD7766-FollowerState] INFO  server.RaftServerConfigKeys (ConfUtils.java:logFallback(53)) - raft.server.rpc.first-election.timeout.max = 5200ms (fallback to raft.server.rpc.timeout.max)
2023-09-28 12:55:52,377 [PipelineCommandHandlerThread-0] INFO  ratis.XceiverServerRatis (XceiverServerRatis.java:addGroup(804)) - Created group PipelineID=ef5c91ca-7b59-48b8-8e32-de411ffd7766
2023-09-28 12:55:52,536 [grpc-default-executor-0] INFO  server.RaftServer (RaftServerProxy.java:addNew(98)) - 3b419e23-3cc6-45b0-b9b5-04f9349798d3: addNew group-DE411FFD7766:[3b419e23-3cc6-45b0-b9b5-04f9349798d3|rpc:10.1.0.34:15032|admin:10.1.0.34:15031|client:10.1.0.34:15030|dataStream:10.1.0.34:15033|priority:0|startupRole:FOLLOWER, 034573be-2326-4784-8299-dcb44cb21fac|rpc:10.1.0.34:15014|admin:10.1.0.34:15013|client:10.1.0.34:15012|dataStream:10.1.0.34:15015|priority:0|startupRole:FOLLOWER, 2942950e-5b72-4e60-8fd7-505c1475c682|rpc:10.1.0.34:15023|admin:10.1.0.34:15022|client:10.1.0.34:15021|dataStream:10.1.0.34:15024|priority:1|startupRole:FOLLOWER] returns group-DE411FFD7766:java.util.concurrent.CompletableFuture@536a8969[Not completed]
2023-09-28 12:55:52,539 [3b419e23-3cc6-45b0-b9b5-04f9349798d3-groupManagement] INFO  server.RaftServer$Division (RaftServerImpl.java:<init>(198)) - 3b419e23-3cc6-45b0-b9b5-04f9349798d3: new RaftServerImpl for group-DE411FFD7766:[3b419e23-3cc6-45b0-b9b5-04f9349798d3|rpc:10.1.0.34:15032|admin:10.1.0.34:15031|client:10.1.0.34:15030|dataStream:10.1.0.34:15033|priority:0|startupRole:FOLLOWER, 034573be-2326-4784-8299-dcb44cb21fac|rpc:10.1.0.34:15014|admin:10.1.0.34:15013|client:10.1.0.34:15012|dataStream:10.1.0.34:15015|priority:0|startupRole:FOLLOWER, 2942950e-5b72-4e60-8fd7-505c1475c682|rpc:10.1.0.34:15023|admin:10.1.0.34:15022|client:10.1.0.34:15021|dataStream:10.1.0.34:15024|priority:1|startupRole:FOLLOWER] with ContainerStateMachine:uninitialized
2023-09-28 12:55:52,539 [3b419e23-3cc6-45b0-b9b5-04f9349798d3-groupManagement] INFO  server.RaftServerConfigKeys (ConfUtils.java:logGet(46)) - raft.server.rpc.timeout.min = 5s (custom)
2023-09-28 12:55:52,539 [3b419e23-3cc6-45b0-b9b5-04f9349798d3-groupManagement] INFO  server.RaftServerConfigKeys (ConfUtils.java:logGet(46)) - raft.server.rpc.timeout.max = 5200ms (custom)
2023-09-28 12:55:52,539 [3b419e23-3cc6-45b0-b9b5-04f9349798d3-groupManagement] INFO  server.RaftServerConfigKeys (ConfUtils.java:logGet(46)) - raft.server.rpc.sleep.time = 25ms (default)
2023-09-28 12:55:52,539 [3b419e23-3cc6-45b0-b9b5-04f9349798d3-groupManagement] INFO  server.RaftServerConfigKeys (ConfUtils.java:logGet(46)) - raft.server.rpc.slowness.timeout = 300s (custom)
2023-09-28 12:55:52,539 [3b419e23-3cc6-45b0-b9b5-04f9349798d3-groupManagement] INFO  server.RaftServerConfigKeys (ConfUtils.java:logGet(46)) - raft.server.leaderelection.leader.step-down.wait-time = 10s (default)
2023-09-28 12:55:52,539 [3b419e23-3cc6-45b0-b9b5-04f9349798d3-groupManagement] INFO  server.RaftServerConfigKeys (ConfUtils.java:logGet(46)) - raft.server.sleep.deviation.threshold = 300ms (default)
2023-09-28 12:55:52,539 [3b419e23-3cc6-45b0-b9b5-04f9349798d3-groupManagement] INFO  server.RaftServer$Division (ServerState.java:<init>(120)) - 3b419e23-3cc6-45b0-b9b5-04f9349798d3@group-DE411FFD7766: ConfigurationManager, init=-1: peers:[3b419e23-3cc6-45b0-b9b5-04f9349798d3|rpc:10.1.0.34:15032|admin:10.1.0.34:15031|client:10.1.0.34:15030|dataStream:10.1.0.34:15033|priority:0|startupRole:FOLLOWER, 034573be-2326-4784-8299-dcb44cb21fac|rpc:10.1.0.34:15014|admin:10.1.0.34:15013|client:10.1.0.34:15012|dataStream:10.1.0.34:15015|priority:0|startupRole:FOLLOWER, 2942950e-5b72-4e60-8fd7-505c1475c682|rpc:10.1.0.34:15023|admin:10.1.0.34:15022|client:10.1.0.34:15021|dataStream:10.1.0.34:15024|priority:1|startupRole:FOLLOWER]|listeners:[], old=null, confs=<EMPTY_MAP>
2023-09-28 12:55:52,540 [3b419e23-3cc6-45b0-b9b5-04f9349798d3-groupManagement] INFO  server.RaftServerConfigKeys (ConfUtils.java:logGet(46)) - raft.server.storage.dir = [/home/runner/work/ozone/ozone/hadoop-ozone/integration-test/target/test-dir/MiniOzoneClusterImpl-82bdab22-5801-416e-a4bc-b8f6b9675fef/datanode-2/data/ratis] (custom)
2023-09-28 12:55:52,540 [3b419e23-3cc6-45b0-b9b5-04f9349798d3-groupManagement] INFO  server.RaftServerConfigKeys (ConfUtils.java:logGet(46)) - raft.server.log.corruption.policy = EXCEPTION (default)
2023-09-28 12:55:52,540 [3b419e23-3cc6-45b0-b9b5-04f9349798d3-groupManagement] INFO  server.RaftServerConfigKeys (ConfUtils.java:logGet(46)) - raft.server.storage.free-space.min = 0MB (=0) (default)
2023-09-28 12:55:52,540 [3b419e23-3cc6-45b0-b9b5-04f9349798d3-groupManagement] INFO  server.RaftServerConfigKeys (ConfUtils.java:logGet(46)) - raft.server.notification.no-leader.timeout = 300s (custom)
2023-09-28 12:55:52,540 [3b419e23-3cc6-45b0-b9b5-04f9349798d3-groupManagement] INFO  server.RaftServerConfigKeys (ConfUtils.java:logGet(46)) - raft.server.read.timeout = 10s (default)
2023-09-28 12:55:52,541 [3b419e23-3cc6-45b0-b9b5-04f9349798d3-groupManagement] INFO  server.RaftServerConfigKeys (ConfUtils.java:logGet(46)) - raft.server.retrycache.expirytime = 600000ms (custom)
2023-09-28 12:55:52,541 [3b419e23-3cc6-45b0-b9b5-04f9349798d3-groupManagement] INFO  server.RaftServerConfigKeys (ConfUtils.java:logGet(46)) - raft.server.retrycache.statistics.expirytime = 100μs (default)
2023-09-28 12:55:52,541 [3b419e23-3cc6-45b0-b9b5-04f9349798d3-groupManagement] INFO  server.RaftServerConfigKeys (ConfUtils.java:logGet(46)) - raft.server.read.option = DEFAULT (default)
2023-09-28 12:55:52,546 [3b419e23-3cc6-45b0-b9b5-04f9349798d3-groupManagement] INFO  server.RaftServerConfigKeys (ConfUtils.java:logGet(46)) - raft.server.rpc.request.timeout = 60s (custom)
2023-09-28 12:55:52,547 [3b419e23-3cc6-45b0-b9b5-04f9349798d3-groupManagement] INFO  server.RaftServerConfigKeys (ConfUtils.java:logGet(46)) - raft.server.log.appender.install.snapshot.enabled = false (custom)
2023-09-28 12:55:52,547 [3b419e23-3cc6-45b0-b9b5-04f9349798d3-groupManagement] INFO  server.RaftServerConfigKeys (ConfUtils.java:logGet(46)) - raft.server.threadpool.server.cached = true (default)
2023-09-28 12:55:52,547 [3b419e23-3cc6-45b0-b9b5-04f9349798d3-groupManagement] INFO  server.RaftServerConfigKeys (ConfUtils.java:logGet(46)) - raft.server.threadpool.server.size = 0 (default)
2023-09-28 12:55:52,547 [3b419e23-3cc6-45b0-b9b5-04f9349798d3-groupManagement] INFO  server.RaftServerConfigKeys (ConfUtils.java:logGet(46)) - raft.server.threadpool.client.cached = true (default)
2023-09-28 12:55:52,547 [3b419e23-3cc6-45b0-b9b5-04f9349798d3-groupManagement] INFO  server.RaftServerConfigKeys (ConfUtils.java:logGet(46)) - raft.server.threadpool.client.size = 0 (default)
2023-09-28 12:55:52,547 [3b419e23-3cc6-45b0-b9b5-04f9349798d3-groupManagement] INFO  storage.RaftStorageDirectory (RaftStorageDirectoryImpl.java:analyzeStorage(137)) - The storage directory /home/runner/work/ozone/ozone/hadoop-ozone/integration-test/target/test-dir/MiniOzoneClusterImpl-82bdab22-5801-416e-a4bc-b8f6b9675fef/datanode-2/data/ratis/ef5c91ca-7b59-48b8-8e32-de411ffd7766 does not exist. Creating ...
2023-09-28 12:55:52,552 [3b419e23-3cc6-45b0-b9b5-04f9349798d3-groupManagement] INFO  storage.RaftStorageDirectory (RaftStorageDirectoryImpl.java:tryLock(231)) - Lock on /home/runner/work/ozone/ozone/hadoop-ozone/integration-test/target/test-dir/MiniOzoneClusterImpl-82bdab22-5801-416e-a4bc-b8f6b9675fef/datanode-2/data/ratis/ef5c91ca-7b59-48b8-8e32-de411ffd7766/in_use.lock acquired by nodename 7568@fv-az163-431
2023-09-28 12:55:52,555 [3b419e23-3cc6-45b0-b9b5-04f9349798d3-groupManagement] INFO  storage.RaftStorage (RaftStorageImpl.java:format(96)) - Storage directory /home/runner/work/ozone/ozone/hadoop-ozone/integration-test/target/test-dir/MiniOzoneClusterImpl-82bdab22-5801-416e-a4bc-b8f6b9675fef/datanode-2/data/ratis/ef5c91ca-7b59-48b8-8e32-de411ffd7766 has been successfully formatted.
2023-09-28 12:55:52,557 [3b419e23-3cc6-45b0-b9b5-04f9349798d3-groupManagement] INFO  ratis.ContainerStateMachine (ContainerStateMachine.java:loadSnapshot(262)) - group-DE411FFD7766: The snapshot info is null. Setting the last applied indexto:(t:0, i:~)
2023-09-28 12:55:52,558 [3b419e23-3cc6-45b0-b9b5-04f9349798d3-groupManagement] INFO  server.RaftServerConfigKeys (ConfUtils.java:logGet(46)) - raft.server.log.use.memory = false (default)
2023-09-28 12:55:52,558 [3b419e23-3cc6-45b0-b9b5-04f9349798d3-groupManagement] INFO  server.RaftServerConfigKeys (ConfUtils.java:logGet(46)) - raft.server.log.purge.gap = 1000000 (custom)
2023-09-28 12:55:52,561 [3b419e23-3cc6-45b0-b9b5-04f9349798d3-groupManagement] INFO  server.RaftServerConfigKeys (ConfUtils.java:logGet(46)) - raft.server.log.appender.buffer.byte-limit = 33554432 (custom)
2023-09-28 12:55:52,560 [PipelineCommandHandlerThread-0] INFO  commandhandler.CreatePipelineCommandHandler (CreatePipelineCommandHandler.java:lambda$handle$2(124)) - Created Pipeline RATIS THREE PipelineID=ef5c91ca-7b59-48b8-8e32-de411ffd7766.
2023-09-28 12:55:52,563 [PipelineCommandHandlerThread-0] INFO  server.RaftServer (RaftServerProxy.java:addNew(98)) - 034573be-2326-4784-8299-dcb44cb21fac: addNew group-EB7ED20B9F16:[3b419e23-3cc6-45b0-b9b5-04f9349798d3|rpc:10.1.0.34:15032|admin:10.1.0.34:15031|client:10.1.0.34:15030|dataStream:10.1.0.34:15033|priority:0|startupRole:FOLLOWER, 034573be-2326-4784-8299-dcb44cb21fac|rpc:10.1.0.34:15014|admin:10.1.0.34:15013|client:10.1.0.34:15012|dataStream:10.1.0.34:15015|priority:1|startupRole:FOLLOWER, 2942950e-5b72-4e60-8fd7-505c1475c682|rpc:10.1.0.34:15023|admin:10.1.0.34:15022|client:10.1.0.34:15021|dataStream:10.1.0.34:15024|priority:0|startupRole:FOLLOWER] returns group-EB7ED20B9F16:java.util.concurrent.CompletableFuture@d12b8a4[Not completed]
2023-09-28 12:55:52,564 [034573be-2326-4784-8299-dcb44cb21fac-groupManagement] INFO  server.RaftServer$Division (RaftServerImpl.java:<init>(198)) - 034573be-2326-4784-8299-dcb44cb21fac: new RaftServerImpl for group-EB7ED20B9F16:[3b419e23-3cc6-45b0-b9b5-04f9349798d3|rpc:10.1.0.34:15032|admin:10.1.0.34:15031|client:10.1.0.34:15030|dataStream:10.1.0.34:15033|priority:0|startupRole:FOLLOWER, 034573be-2326-4784-8299-dcb44cb21fac|rpc:10.1.0.34:15014|admin:10.1.0.34:15013|client:10.1.0.34:15012|dataStream:10.1.0.34:15015|priority:1|startupRole:FOLLOWER, 2942950e-5b72-4e60-8fd7-505c1475c682|rpc:10.1.0.34:15023|admin:10.1.0.34:15022|client:10.1.0.34:15021|dataStream:10.1.0.34:15024|priority:0|startupRole:FOLLOWER] with ContainerStateMachine:uninitialized
2023-09-28 12:55:52,564 [034573be-2326-4784-8299-dcb44cb21fac-groupManagement] INFO  server.RaftServerConfigKeys (ConfUtils.java:logGet(46)) - raft.server.rpc.timeout.min = 5s (custom)
2023-09-28 12:55:52,564 [034573be-2326-4784-8299-dcb44cb21fac-groupManagement] INFO  server.RaftServerConfigKeys (ConfUtils.java:logGet(46)) - raft.server.rpc.timeout.max = 5200ms (custom)
2023-09-28 12:55:52,564 [034573be-2326-4784-8299-dcb44cb21fac-groupManagement] INFO  server.RaftServerConfigKeys (ConfUtils.java:logGet(46)) - raft.server.rpc.sleep.time = 25ms (default)
2023-09-28 12:55:52,564 [034573be-2326-4784-8299-dcb44cb21fac-groupManagement] INFO  server.RaftServerConfigKeys (ConfUtils.java:logGet(46)) - raft.server.rpc.slowness.timeout = 300s (custom)
2023-09-28 12:55:52,564 [034573be-2326-4784-8299-dcb44cb21fac-groupManagement] INFO  server.RaftServerConfigKeys (ConfUtils.java:logGet(46)) - raft.server.leaderelection.leader.step-down.wait-time = 10s (default)
2023-09-28 12:55:52,564 [034573be-2326-4784-8299-dcb44cb21fac-groupManagement] INFO  server.RaftServerConfigKeys (ConfUtils.java:logGet(46)) - raft.server.sleep.deviation.threshold = 300ms (default)
2023-09-28 12:55:52,564 [034573be-2326-4784-8299-dcb44cb21fac-groupManagement] INFO  server.RaftServer$Division (ServerState.java:<init>(120)) - 034573be-2326-4784-8299-dcb44cb21fac@group-EB7ED20B9F16: ConfigurationManager, init=-1: peers:[3b419e23-3cc6-45b0-b9b5-04f9349798d3|rpc:10.1.0.34:15032|admin:10.1.0.34:15031|client:10.1.0.34:15030|dataStream:10.1.0.34:15033|priority:0|startupRole:FOLLOWER, 034573be-2326-4784-8299-dcb44cb21fac|rpc:10.1.0.34:15014|admin:10.1.0.34:15013|client:10.1.0.34:15012|dataStream:10.1.0.34:15015|priority:1|startupRole:FOLLOWER, 2942950e-5b72-4e60-8fd7-505c1475c682|rpc:10.1.0.34:15023|admin:10.1.0.34:15022|client:10.1.0.34:15021|dataStream:10.1.0.34:15024|priority:0|startupRole:FOLLOWER]|listeners:[], old=null, confs=<EMPTY_MAP>
2023-09-28 12:55:52,565 [034573be-2326-4784-8299-dcb44cb21fac-groupManagement] INFO  server.RaftServerConfigKeys (ConfUtils.java:logGet(46)) - raft.server.storage.dir = [/home/runner/work/ozone/ozone/hadoop-ozone/integration-test/target/test-dir/MiniOzoneClusterImpl-82bdab22-5801-416e-a4bc-b8f6b9675fef/datanode-0/data/ratis] (custom)
2023-09-28 12:55:52,565 [034573be-2326-4784-8299-dcb44cb21fac-groupManagement] INFO  server.RaftServerConfigKeys (ConfUtils.java:logGet(46)) - raft.server.log.corruption.policy = EXCEPTION (default)
2023-09-28 12:55:52,565 [034573be-2326-4784-8299-dcb44cb21fac-groupManagement] INFO  server.RaftServerConfigKeys (ConfUtils.java:logGet(46)) - raft.server.storage.free-space.min = 0MB (=0) (default)
2023-09-28 12:55:52,565 [034573be-2326-4784-8299-dcb44cb21fac-groupManagement] INFO  server.RaftServerConfigKeys (ConfUtils.java:logGet(46)) - raft.server.notification.no-leader.timeout = 300s (custom)
2023-09-28 12:55:52,565 [034573be-2326-4784-8299-dcb44cb21fac-groupManagement] INFO  server.RaftServerConfigKeys (ConfUtils.java:logGet(46)) - raft.server.read.timeout = 10s (default)
2023-09-28 12:55:52,565 [034573be-2326-4784-8299-dcb44cb21fac-groupManagement] INFO  server.RaftServerConfigKeys (ConfUtils.java:logGet(46)) - raft.server.retrycache.expirytime = 600000ms (custom)
2023-09-28 12:55:52,565 [034573be-2326-4784-8299-dcb44cb21fac-groupManagement] INFO  server.RaftServerConfigKeys (ConfUtils.java:logGet(46)) - raft.server.retrycache.statistics.expirytime = 100μs (default)
2023-09-28 12:55:52,565 [034573be-2326-4784-8299-dcb44cb21fac-groupManagement] INFO  server.RaftServerConfigKeys (ConfUtils.java:logGet(46)) - raft.server.read.option = DEFAULT (default)
2023-09-28 12:55:52,562 [3b419e23-3cc6-45b0-b9b5-04f9349798d3-groupManagement] INFO  server.RaftServerConfigKeys (ConfUtils.java:logGet(46)) - raft.server.log.statemachine.data.read.timeout = 1000ms (default)
2023-09-28 12:55:52,573 [034573be-2326-4784-8299-dcb44cb21fac-groupManagement] INFO  server.RaftServerConfigKeys (ConfUtils.java:logGet(46)) - raft.server.rpc.request.timeout = 60s (custom)
2023-09-28 12:55:52,574 [034573be-2326-4784-8299-dcb44cb21fac-groupManagement] INFO  server.RaftServerConfigKeys (ConfUtils.java:logGet(46)) - raft.server.log.appender.install.snapshot.enabled = false (custom)
2023-09-28 12:55:52,574 [3b419e23-3cc6-45b0-b9b5-04f9349798d3-groupManagement] INFO  server.RaftServerConfigKeys (ConfUtils.java:logGet(46)) - raft.server.log.purge.preservation.log.num = 0 (default)
2023-09-28 12:55:52,574 [034573be-2326-4784-8299-dcb44cb21fac-groupManagement] INFO  server.RaftServerConfigKeys (ConfUtils.java:logGet(46)) - raft.server.threadpool.server.cached = true (default)
2023-09-28 12:55:52,574 [034573be-2326-4784-8299-dcb44cb21fac-groupManagement] INFO  server.RaftServerConfigKeys (ConfUtils.java:logGet(46)) - raft.server.threadpool.server.size = 0 (default)
2023-09-28 12:55:52,574 [034573be-2326-4784-8299-dcb44cb21fac-groupManagement] INFO  server.RaftServerConfigKeys (ConfUtils.java:logGet(46)) - raft.server.threadpool.client.cached = true (default)
2023-09-28 12:55:52,574 [034573be-2326-4784-8299-dcb44cb21fac-groupManagement] INFO  server.RaftServerConfigKeys (ConfUtils.java:logGet(46)) - raft.server.threadpool.client.size = 0 (default)
2023-09-28 12:55:52,574 [034573be-2326-4784-8299-dcb44cb21fac-groupManagement] INFO  storage.RaftStorageDirectory (RaftStorageDirectoryImpl.java:analyzeStorage(137)) - The storage directory /home/runner/work/ozone/ozone/hadoop-ozone/integration-test/target/test-dir/MiniOzoneClusterImpl-82bdab22-5801-416e-a4bc-b8f6b9675fef/datanode-0/data/ratis/431cf206-d1a0-4cca-a503-eb7ed20b9f16 does not exist. Creating ...
2023-09-28 12:55:52,575 [3b419e23-3cc6-45b0-b9b5-04f9349798d3-groupManagement] INFO  server.RaftServerConfigKeys (ConfUtils.java:logGet(46)) - raft.server.log.segment.size.max = 1048576 (custom)
2023-09-28 12:55:52,575 [3b419e23-3cc6-45b0-b9b5-04f9349798d3-groupManagement] INFO  server.RaftServerConfigKeys (ConfUtils.java:logGet(46)) - raft.server.log.segment.cache.num.max = 2 (custom)
2023-09-28 12:55:52,575 [3b419e23-3cc6-45b0-b9b5-04f9349798d3-groupManagement] INFO  server.RaftServerConfigKeys (ConfUtils.java:logGet(46)) - raft.server.log.segment.cache.size.max = 200MB (=209715200) (default)
2023-09-28 12:55:52,576 [3b419e23-3cc6-45b0-b9b5-04f9349798d3-groupManagement] INFO  server.RaftServerConfigKeys (ConfUtils.java:logGet(46)) - raft.server.log.appender.buffer.byte-limit = 33554432 (custom)
2023-09-28 12:55:52,576 [034573be-2326-4784-8299-dcb44cb21fac-groupManagement] INFO  storage.RaftStorageDirectory (RaftStorageDirectoryImpl.java:tryLock(231)) - Lock on /home/runner/work/ozone/ozone/hadoop-ozone/integration-test/target/test-dir/MiniOzoneClusterImpl-82bdab22-5801-416e-a4bc-b8f6b9675fef/datanode-0/data/ratis/431cf206-d1a0-4cca-a503-eb7ed20b9f16/in_use.lock acquired by nodename 7568@fv-az163-431
2023-09-28 12:55:52,576 [3b419e23-3cc6-45b0-b9b5-04f9349798d3-groupManagement] INFO  segmented.SegmentedRaftLogWorker (SegmentedRaftLogWorker.java:<init>(188)) - new 3b419e23-3cc6-45b0-b9b5-04f9349798d3@group-DE411FFD7766-SegmentedRaftLogWorker for RaftStorageImpl:Storage Directory /home/runner/work/ozone/ozone/hadoop-ozone/integration-test/target/test-dir/MiniOzoneClusterImpl-82bdab22-5801-416e-a4bc-b8f6b9675fef/datanode-2/data/ratis/ef5c91ca-7b59-48b8-8e32-de411ffd7766
2023-09-28 12:55:52,576 [3b419e23-3cc6-45b0-b9b5-04f9349798d3-groupManagement] INFO  server.RaftServerConfigKeys (ConfUtils.java:logGet(46)) - raft.server.log.queue.byte-limit = 4294967296 (custom)
2023-09-28 12:55:52,576 [3b419e23-3cc6-45b0-b9b5-04f9349798d3-groupManagement] INFO  server.RaftServerConfigKeys (ConfUtils.java:logGet(46)) - raft.server.log.queue.element-limit = 1024 (custom)
2023-09-28 12:55:52,576 [3b419e23-3cc6-45b0-b9b5-04f9349798d3-groupManagement] INFO  server.RaftServerConfigKeys (ConfUtils.java:logGet(46)) - raft.server.log.segment.size.max = 1048576 (custom)
2023-09-28 12:55:52,576 [3b419e23-3cc6-45b0-b9b5-04f9349798d3-groupManagement] INFO  server.RaftServerConfigKeys (ConfUtils.java:logGet(46)) - raft.server.log.preallocated.size = 16384 (custom)
2023-09-28 12:55:52,576 [3b419e23-3cc6-45b0-b9b5-04f9349798d3-groupManagement] INFO  server.RaftServerConfigKeys (ConfUtils.java:logGet(46)) - raft.server.log.force.sync.num = 128 (default)
2023-09-28 12:55:52,576 [3b419e23-3cc6-45b0-b9b5-04f9349798d3-groupManagement] INFO  server.RaftServerConfigKeys (ConfUtils.java:logGet(46)) - raft.server.log.statemachine.data.sync = true (default)
2023-09-28 12:55:52,576 [3b419e23-3cc6-45b0-b9b5-04f9349798d3-groupManagement] INFO  server.RaftServerConfigKeys (ConfUtils.java:logGet(46)) - raft.server.log.statemachine.data.sync.timeout = 10s (default)
2023-09-28 12:55:52,577 [3b419e23-3cc6-45b0-b9b5-04f9349798d3-groupManagement] INFO  server.RaftServerConfigKeys (ConfUtils.java:logGet(46)) - raft.server.log.statemachine.data.sync.timeout.retry = -1 (default)
2023-09-28 12:55:52,577 [034573be-2326-4784-8299-dcb44cb21fac-groupManagement] INFO  storage.RaftStorage (RaftStorageImpl.java:format(96)) - Storage directory /home/runner/work/ozone/ozone/hadoop-ozone/integration-test/target/test-dir/MiniOzoneClusterImpl-82bdab22-5801-416e-a4bc-b8f6b9675fef/datanode-0/data/ratis/431cf206-d1a0-4cca-a503-eb7ed20b9f16 has been successfully formatted.
2023-09-28 12:55:52,577 [034573be-2326-4784-8299-dcb44cb21fac-groupManagement] INFO  ratis.ContainerStateMachine (ContainerStateMachine.java:loadSnapshot(262)) - group-EB7ED20B9F16: The snapshot info is null. Setting the last applied indexto:(t:0, i:~)
2023-09-28 12:55:52,578 [034573be-2326-4784-8299-dcb44cb21fac-groupManagement] INFO  server.RaftServerConfigKeys (ConfUtils.java:logGet(46)) - raft.server.log.use.memory = false (default)
2023-09-28 12:55:52,578 [3b419e23-3cc6-45b0-b9b5-04f9349798d3-groupManagement] INFO  server.RaftServerConfigKeys (ConfUtils.java:logGet(46)) - raft.server.log.write.buffer.size = 1048576 (custom)
2023-09-28 12:55:52,578 [034573be-2326-4784-8299-dcb44cb21fac-groupManagement] INFO  server.RaftServerConfigKeys (ConfUtils.java:logGet(46)) - raft.server.log.purge.gap = 1000000 (custom)
2023-09-28 12:55:52,578 [034573be-2326-4784-8299-dcb44cb21fac-groupManagement] INFO  server.RaftServerConfigKeys (ConfUtils.java:logGet(46)) - raft.server.log.appender.buffer.byte-limit = 33554432 (custom)
2023-09-28 12:55:52,578 [034573be-2326-4784-8299-dcb44cb21fac-groupManagement] INFO  server.RaftServerConfigKeys (ConfUtils.java:logGet(46)) - raft.server.log.statemachine.data.read.timeout = 1000ms (default)
2023-09-28 12:55:52,578 [034573be-2326-4784-8299-dcb44cb21fac-groupManagement] INFO  server.RaftServerConfigKeys (ConfUtils.java:logGet(46)) - raft.server.log.purge.preservation.log.num = 0 (default)
2023-09-28 12:55:52,578 [034573be-2326-4784-8299-dcb44cb21fac-groupManagement] INFO  server.RaftServerConfigKeys (ConfUtils.java:logGet(46)) - raft.server.log.segment.size.max = 1048576 (custom)
2023-09-28 12:55:52,578 [034573be-2326-4784-8299-dcb44cb21fac-groupManagement] INFO  server.RaftServerConfigKeys (ConfUtils.java:logGet(46)) - raft.server.log.segment.cache.num.max = 2 (custom)
2023-09-28 12:55:52,579 [034573be-2326-4784-8299-dcb44cb21fac-groupManagement] INFO  server.RaftServerConfigKeys (ConfUtils.java:logGet(46)) - raft.server.log.segment.cache.size.max = 200MB (=209715200) (default)
2023-09-28 12:55:52,579 [034573be-2326-4784-8299-dcb44cb21fac-groupManagement] INFO  server.RaftServerConfigKeys (ConfUtils.java:logGet(46)) - raft.server.log.appender.buffer.byte-limit = 33554432 (custom)
2023-09-28 12:55:52,579 [3b419e23-3cc6-45b0-b9b5-04f9349798d3-groupManagement] INFO  server.RaftServerConfigKeys (ConfUtils.java:logGet(46)) - raft.server.log.appender.buffer.byte-limit = 33554432 (custom)
2023-09-28 12:55:52,579 [034573be-2326-4784-8299-dcb44cb21fac-groupManagement] INFO  segmented.SegmentedRaftLogWorker (SegmentedRaftLogWorker.java:<init>(188)) - new 034573be-2326-4784-8299-dcb44cb21fac@group-EB7ED20B9F16-SegmentedRaftLogWorker for RaftStorageImpl:Storage Directory /home/runner/work/ozone/ozone/hadoop-ozone/integration-test/target/test-dir/MiniOzoneClusterImpl-82bdab22-5801-416e-a4bc-b8f6b9675fef/datanode-0/data/ratis/431cf206-d1a0-4cca-a503-eb7ed20b9f16
2023-09-28 12:55:52,922 [034573be-2326-4784-8299-dcb44cb21fac-groupManagement] INFO  server.RaftServerConfigKeys (ConfUtils.java:logGet(46)) - raft.server.log.queue.byte-limit = 4294967296 (custom)
2023-09-28 12:55:52,922 [034573be-2326-4784-8299-dcb44cb21fac-groupManagement] INFO  server.RaftServerConfigKeys (ConfUtils.java:logGet(46)) - raft.server.log.queue.element-limit = 1024 (custom)
2023-09-28 12:55:52,922 [034573be-2326-4784-8299-dcb44cb21fac-groupManagement] INFO  server.RaftServerConfigKeys (ConfUtils.java:logGet(46)) - raft.server.log.segment.size.max = 1048576 (custom)
2023-09-28 12:55:52,923 [034573be-2326-4784-8299-dcb44cb21fac-groupManagement] INFO  server.RaftServerConfigKeys (ConfUtils.java:logGet(46)) - raft.server.log.preallocated.size = 16384 (custom)
2023-09-28 12:55:52,923 [034573be-2326-4784-8299-dcb44cb21fac-groupManagement] INFO  server.RaftServerConfigKeys (ConfUtils.java:logGet(46)) - raft.server.log.force.sync.num = 128 (default)
2023-09-28 12:55:52,923 [034573be-2326-4784-8299-dcb44cb21fac-groupManagement] INFO  server.RaftServerConfigKeys (ConfUtils.java:logGet(46)) - raft.server.log.statemachine.data.sync = true (default)
2023-09-28 12:55:52,923 [034573be-2326-4784-8299-dcb44cb21fac-groupManagement] INFO  server.RaftServerConfigKeys (ConfUtils.java:logGet(46)) - raft.server.log.statemachine.data.sync.timeout = 10s (default)
2023-09-28 12:55:52,923 [034573be-2326-4784-8299-dcb44cb21fac-groupManagement] INFO  server.RaftServerConfigKeys (ConfUtils.java:logGet(46)) - raft.server.log.statemachine.data.sync.timeout.retry = -1 (default)
2023-09-28 12:55:52,924 [034573be-2326-4784-8299-dcb44cb21fac-groupManagement] INFO  server.RaftServerConfigKeys (ConfUtils.java:logGet(46)) - raft.server.log.write.buffer.size = 1048576 (custom)
2023-09-28 12:55:52,924 [034573be-2326-4784-8299-dcb44cb21fac-groupManagement] INFO  server.RaftServerConfigKeys (ConfUtils.java:logGet(46)) - raft.server.log.appender.buffer.byte-limit = 33554432 (custom)
2023-09-28 12:55:52,918 [JvmPauseMonitor4] WARN  util.JvmPauseMonitor (JvmPauseMonitor.java:detectPause(124)) - JvmPauseMonitor-3b419e23-3cc6-45b0-b9b5-04f9349798d3: Detected pause in JVM or host machine approximately 0.235s with 0.327s GC time.
GC pool 'PS MarkSweep' had collection(s): count=1 time=244ms
GC pool 'PS Scavenge' had collection(s): count=1 time=83ms
2023-09-28 12:55:52,925 [JvmPauseMonitor0] WARN  util.JvmPauseMonitor (JvmPauseMonitor.java:detectPause(124)) - JvmPauseMonitor-f11bb615-1ab9-4242-929e-9f3cf07e4428: Detected pause in JVM or host machine approximately 0.214s with 0.327s GC time.
GC pool 'PS MarkSweep' had collection(s): count=1 time=244ms
GC pool 'PS Scavenge' had collection(s): count=1 time=83ms
2023-09-28 12:55:52,926 [PipelineCommandHandlerThread-0] INFO  server.RaftServer (RaftServerProxy.java:addNew(98)) - 3b419e23-3cc6-45b0-b9b5-04f9349798d3: addNew group-CA34E91C5C5E:[3b419e23-3cc6-45b0-b9b5-04f9349798d3|rpc:10.1.0.34:15032|admin:10.1.0.34:15031|client:10.1.0.34:15030|dataStream:10.1.0.34:15033|priority:1|startupRole:FOLLOWER] returns group-CA34E91C5C5E:java.util.concurrent.CompletableFuture@149c7212[Not completed]
2023-09-28 12:55:52,929 [3b419e23-3cc6-45b0-b9b5-04f9349798d3-groupManagement] INFO  server.RaftServerConfigKeys (ConfUtils.java:logGet(46)) - raft.server.log.unsafe-flush.enabled = false (default)
2023-09-28 12:55:52,929 [3b419e23-3cc6-45b0-b9b5-04f9349798d3-groupManagement] INFO  server.RaftServerConfigKeys (ConfUtils.java:logGet(46)) - raft.server.log.async-flush.enabled = false (default)
2023-09-28 12:55:52,929 [3b419e23-3cc6-45b0-b9b5-04f9349798d3-groupManagement] INFO  server.RaftServerConfigKeys (ConfUtils.java:logGet(46)) - raft.server.log.statemachine.data.caching.enabled = true (custom)
2023-09-28 12:55:52,929 [JvmPauseMonitor3] WARN  util.JvmPauseMonitor (JvmPauseMonitor.java:detectPause(124)) - JvmPauseMonitor-2942950e-5b72-4e60-8fd7-505c1475c682: Detected pause in JVM or host machine approximately 0.125s with 0.327s GC time.
GC pool 'PS MarkSweep' had collection(s): count=1 time=244ms
GC pool 'PS Scavenge' had collection(s): count=1 time=83ms
2023-09-28 12:55:52,930 [EventQueue-OpenPipelineForHealthyPipelineSafeModeRule] INFO  safemode.SCMSafeModeManager (HealthyPipelineSafeModeRule.java:process(137)) - SCM in safe mode. Healthy pipelines reported count is 0, required healthy pipeline reported count is 1
2023-09-28 12:55:52,931 [3b419e23-3cc6-45b0-b9b5-04f9349798d3-groupManagement] INFO  segmented.SegmentedRaftLogWorker (SegmentedRaftLogWorker.java:lambda$new$0(135)) - 3b419e23-3cc6-45b0-b9b5-04f9349798d3@group-DE411FFD7766-SegmentedRaftLogWorker: flushIndex: setUnconditionally 0 -> -1
2023-09-28 12:55:52,932 [3b419e23-3cc6-45b0-b9b5-04f9349798d3-groupManagement] INFO  segmented.SegmentedRaftLogWorker (SegmentedRaftLogWorker.java:lambda$new$0(135)) - 3b419e23-3cc6-45b0-b9b5-04f9349798d3@group-DE411FFD7766-SegmentedRaftLogWorker: safeCacheEvictIndex: setUnconditionally 0 -> -1
2023-09-28 12:55:52,932 [3b419e23-3cc6-45b0-b9b5-04f9349798d3-groupManagement] INFO  server.RaftServer$Division (RaftServerImpl.java:start(342)) - 3b419e23-3cc6-45b0-b9b5-04f9349798d3@group-DE411FFD7766: start as a follower, conf=-1: peers:[3b419e23-3cc6-45b0-b9b5-04f9349798d3|rpc:10.1.0.34:15032|admin:10.1.0.34:15031|client:10.1.0.34:15030|dataStream:10.1.0.34:15033|priority:0|startupRole:FOLLOWER, 034573be-2326-4784-8299-dcb44cb21fac|rpc:10.1.0.34:15014|admin:10.1.0.34:15013|client:10.1.0.34:15012|dataStream:10.1.0.34:15015|priority:0|startupRole:FOLLOWER, 2942950e-5b72-4e60-8fd7-505c1475c682|rpc:10.1.0.34:15023|admin:10.1.0.34:15022|client:10.1.0.34:15021|dataStream:10.1.0.34:15024|priority:1|startupRole:FOLLOWER]|listeners:[], old=null
2023-09-28 12:55:52,932 [3b419e23-3cc6-45b0-b9b5-04f9349798d3-groupManagement] INFO  server.RaftServer$Division (RaftServerImpl.java:setRole(329)) - 3b419e23-3cc6-45b0-b9b5-04f9349798d3@group-DE411FFD7766: changes role from      null to FOLLOWER at term 0 for startAsFollower
2023-09-28 12:55:52,932 [3b419e23-3cc6-45b0-b9b5-04f9349798d3-groupManagement] INFO  impl.RoleInfo (RoleInfo.java:updateAndGet(139)) - 3b419e23-3cc6-45b0-b9b5-04f9349798d3: start 3b419e23-3cc6-45b0-b9b5-04f9349798d3@group-DE411FFD7766-FollowerState
2023-09-28 12:55:52,933 [3b419e23-3cc6-45b0-b9b5-04f9349798d3-groupManagement] INFO  util.JmxRegister (JmxRegister.java:tryRegister(44)) - Successfully registered JMX Bean with object name Ratis:service=RaftServer,group=group-DE411FFD7766,id=3b419e23-3cc6-45b0-b9b5-04f9349798d3
2023-09-28 12:55:52,933 [3b419e23-3cc6-45b0-b9b5-04f9349798d3-groupManagement] INFO  server.RaftServerConfigKeys (ConfUtils.java:logGet(46)) - raft.server.snapshot.auto.trigger.enabled = true (custom)
2023-09-28 12:55:52,933 [3b419e23-3cc6-45b0-b9b5-04f9349798d3-groupManagement] INFO  server.RaftServerConfigKeys (ConfUtils.java:logGet(46)) - raft.server.snapshot.auto.trigger.threshold = 10000 (custom)
2023-09-28 12:55:52,933 [3b419e23-3cc6-45b0-b9b5-04f9349798d3-groupManagement] INFO  server.RaftServerConfigKeys (ConfUtils.java:logGet(46)) - raft.server.snapshot.retention.file.num = 5 (custom)
2023-09-28 12:55:52,933 [3b419e23-3cc6-45b0-b9b5-04f9349798d3-groupManagement] INFO  server.RaftServerConfigKeys (ConfUtils.java:logGet(46)) - raft.server.log.purge.upto.snapshot.index = false (default)
2023-09-28 12:55:52,935 [3b419e23-3cc6-45b0-b9b5-04f9349798d3@group-DE411FFD7766-FollowerState] INFO  server.RaftServerConfigKeys (ConfUtils.java:logFallback(53)) - raft.server.rpc.first-election.timeout.min = 5s (fallback to raft.server.rpc.timeout.min)
2023-09-28 12:55:52,944 [3b419e23-3cc6-45b0-b9b5-04f9349798d3@group-DE411FFD7766-FollowerState] INFO  server.RaftServerConfigKeys (ConfUtils.java:logFallback(53)) - raft.server.rpc.first-election.timeout.max = 5200ms (fallback to raft.server.rpc.timeout.max)
2023-09-28 12:55:52,943 [034573be-2326-4784-8299-dcb44cb21fac-groupManagement] INFO  server.RaftServerConfigKeys (ConfUtils.java:logGet(46)) - raft.server.log.unsafe-flush.enabled = false (default)
2023-09-28 12:55:52,952 [034573be-2326-4784-8299-dcb44cb21fac-groupManagement] INFO  server.RaftServerConfigKeys (ConfUtils.java:logGet(46)) - raft.server.log.async-flush.enabled = false (default)
2023-09-28 12:55:52,952 [034573be-2326-4784-8299-dcb44cb21fac-groupManagement] INFO  server.RaftServerConfigKeys (ConfUtils.java:logGet(46)) - raft.server.log.statemachine.data.caching.enabled = true (custom)
2023-09-28 12:55:52,938 [3b419e23-3cc6-45b0-b9b5-04f9349798d3-groupManagement] INFO  server.RaftServer$Division (RaftServerImpl.java:<init>(198)) - 3b419e23-3cc6-45b0-b9b5-04f9349798d3: new RaftServerImpl for group-CA34E91C5C5E:[3b419e23-3cc6-45b0-b9b5-04f9349798d3|rpc:10.1.0.34:15032|admin:10.1.0.34:15031|client:10.1.0.34:15030|dataStream:10.1.0.34:15033|priority:1|startupRole:FOLLOWER] with ContainerStateMachine:uninitialized
2023-09-28 12:55:52,952 [034573be-2326-4784-8299-dcb44cb21fac-groupManagement] INFO  segmented.SegmentedRaftLogWorker (SegmentedRaftLogWorker.java:lambda$new$0(135)) - 034573be-2326-4784-8299-dcb44cb21fac@group-EB7ED20B9F16-SegmentedRaftLogWorker: flushIndex: setUnconditionally 0 -> -1
2023-09-28 12:55:52,952 [3b419e23-3cc6-45b0-b9b5-04f9349798d3-groupManagement] INFO  server.RaftServerConfigKeys (ConfUtils.java:logGet(46)) - raft.server.rpc.timeout.min = 5s (custom)
2023-09-28 12:55:52,952 [3b419e23-3cc6-45b0-b9b5-04f9349798d3-groupManagement] INFO  server.RaftServerConfigKeys (ConfUtils.java:logGet(46)) - raft.server.rpc.timeout.max = 5200ms (custom)
2023-09-28 12:55:52,952 [3b419e23-3cc6-45b0-b9b5-04f9349798d3-groupManagement] INFO  server.RaftServerConfigKeys (ConfUtils.java:logGet(46)) - raft.server.rpc.sleep.time = 25ms (default)
2023-09-28 12:55:52,952 [3b419e23-3cc6-45b0-b9b5-04f9349798d3-groupManagement] INFO  server.RaftServerConfigKeys (ConfUtils.java:logGet(46)) - raft.server.rpc.slowness.timeout = 300s (custom)
2023-09-28 12:55:52,952 [3b419e23-3cc6-45b0-b9b5-04f9349798d3-groupManagement] INFO  server.RaftServerConfigKeys (ConfUtils.java:logGet(46)) - raft.server.leaderelection.leader.step-down.wait-time = 10s (default)
2023-09-28 12:55:52,952 [3b419e23-3cc6-45b0-b9b5-04f9349798d3-groupManagement] INFO  server.RaftServerConfigKeys (ConfUtils.java:logGet(46)) - raft.server.sleep.deviation.threshold = 300ms (default)
2023-09-28 12:55:52,952 [034573be-2326-4784-8299-dcb44cb21fac-groupManagement] INFO  segmented.SegmentedRaftLogWorker (SegmentedRaftLogWorker.java:lambda$new$0(135)) - 034573be-2326-4784-8299-dcb44cb21fac@group-EB7ED20B9F16-SegmentedRaftLogWorker: safeCacheEvictIndex: setUnconditionally 0 -> -1
2023-09-28 12:55:52,953 [034573be-2326-4784-8299-dcb44cb21fac-groupManagement] INFO  server.RaftServer$Division (RaftServerImpl.java:start(342)) - 034573be-2326-4784-8299-dcb44cb21fac@group-EB7ED20B9F16: start as a follower, conf=-1: peers:[3b419e23-3cc6-45b0-b9b5-04f9349798d3|rpc:10.1.0.34:15032|admin:10.1.0.34:15031|client:10.1.0.34:15030|dataStream:10.1.0.34:15033|priority:0|startupRole:FOLLOWER, 034573be-2326-4784-8299-dcb44cb21fac|rpc:10.1.0.34:15014|admin:10.1.0.34:15013|client:10.1.0.34:15012|dataStream:10.1.0.34:15015|priority:1|startupRole:FOLLOWER, 2942950e-5b72-4e60-8fd7-505c1475c682|rpc:10.1.0.34:15023|admin:10.1.0.34:15022|client:10.1.0.34:15021|dataStream:10.1.0.34:15024|priority:0|startupRole:FOLLOWER]|listeners:[], old=null
2023-09-28 12:55:52,953 [034573be-2326-4784-8299-dcb44cb21fac-groupManagement] INFO  server.RaftServer$Division (RaftServerImpl.java:setRole(329)) - 034573be-2326-4784-8299-dcb44cb21fac@group-EB7ED20B9F16: changes role from      null to FOLLOWER at term 0 for startAsFollower
2023-09-28 12:55:52,953 [034573be-2326-4784-8299-dcb44cb21fac-groupManagement] INFO  impl.RoleInfo (RoleInfo.java:updateAndGet(139)) - 034573be-2326-4784-8299-dcb44cb21fac: start 034573be-2326-4784-8299-dcb44cb21fac@group-EB7ED20B9F16-FollowerState
2023-09-28 12:55:52,953 [3b419e23-3cc6-45b0-b9b5-04f9349798d3-groupManagement] INFO  server.RaftServer$Division (ServerState.java:<init>(120)) - 3b419e23-3cc6-45b0-b9b5-04f9349798d3@group-CA34E91C5C5E: ConfigurationManager, init=-1: peers:[3b419e23-3cc6-45b0-b9b5-04f9349798d3|rpc:10.1.0.34:15032|admin:10.1.0.34:15031|client:10.1.0.34:15030|dataStream:10.1.0.34:15033|priority:1|startupRole:FOLLOWER]|listeners:[], old=null, confs=<EMPTY_MAP>
2023-09-28 12:55:52,957 [034573be-2326-4784-8299-dcb44cb21fac-groupManagement] INFO  util.JmxRegister (JmxRegister.java:tryRegister(44)) - Successfully registered JMX Bean with object name Ratis:service=RaftServer,group=group-EB7ED20B9F16,id=034573be-2326-4784-8299-dcb44cb21fac
2023-09-28 12:55:52,962 [034573be-2326-4784-8299-dcb44cb21fac-groupManagement] INFO  server.RaftServerConfigKeys (ConfUtils.java:logGet(46)) - raft.server.snapshot.auto.trigger.enabled = true (custom)
2023-09-28 12:55:52,962 [034573be-2326-4784-8299-dcb44cb21fac-groupManagement] INFO  server.RaftServerConfigKeys (ConfUtils.java:logGet(46)) - raft.server.snapshot.auto.trigger.threshold = 10000 (custom)
2023-09-28 12:55:52,962 [034573be-2326-4784-8299-dcb44cb21fac-groupManagement] INFO  server.RaftServerConfigKeys (ConfUtils.java:logGet(46)) - raft.server.snapshot.retention.file.num = 5 (custom)
2023-09-28 12:55:52,962 [034573be-2326-4784-8299-dcb44cb21fac-groupManagement] INFO  server.RaftServerConfigKeys (ConfUtils.java:logGet(46)) - raft.server.log.purge.upto.snapshot.index = false (default)
2023-09-28 12:55:52,957 [034573be-2326-4784-8299-dcb44cb21fac@group-EB7ED20B9F16-FollowerState] INFO  server.RaftServerConfigKeys (ConfUtils.java:logFallback(53)) - raft.server.rpc.first-election.timeout.min = 5s (fallback to raft.server.rpc.timeout.min)
2023-09-28 12:55:52,962 [3b419e23-3cc6-45b0-b9b5-04f9349798d3-groupManagement] INFO  server.RaftServerConfigKeys (ConfUtils.java:logGet(46)) - raft.server.storage.dir = [/home/runner/work/ozone/ozone/hadoop-ozone/integration-test/target/test-dir/MiniOzoneClusterImpl-82bdab22-5801-416e-a4bc-b8f6b9675fef/datanode-2/data/ratis] (custom)
2023-09-28 12:55:52,963 [3b419e23-3cc6-45b0-b9b5-04f9349798d3-groupManagement] INFO  server.RaftServerConfigKeys (ConfUtils.java:logGet(46)) - raft.server.log.corruption.policy = EXCEPTION (default)
2023-09-28 12:55:52,963 [3b419e23-3cc6-45b0-b9b5-04f9349798d3-groupManagement] INFO  server.RaftServerConfigKeys (ConfUtils.java:logGet(46)) - raft.server.storage.free-space.min = 0MB (=0) (default)
2023-09-28 12:55:52,964 [3b419e23-3cc6-45b0-b9b5-04f9349798d3-groupManagement] INFO  server.RaftServerConfigKeys (ConfUtils.java:logGet(46)) - raft.server.notification.no-leader.timeout = 300s (custom)
2023-09-28 12:55:52,963 [034573be-2326-4784-8299-dcb44cb21fac@group-EB7ED20B9F16-FollowerState] INFO  server.RaftServerConfigKeys (ConfUtils.java:logFallback(53)) - raft.server.rpc.first-election.timeout.max = 5200ms (fallback to raft.server.rpc.timeout.max)
2023-09-28 12:55:52,964 [3b419e23-3cc6-45b0-b9b5-04f9349798d3-groupManagement] INFO  server.RaftServerConfigKeys (ConfUtils.java:logGet(46)) - raft.server.read.timeout = 10s (default)
2023-09-28 12:55:52,964 [3b419e23-3cc6-45b0-b9b5-04f9349798d3-groupManagement] INFO  server.RaftServerConfigKeys (ConfUtils.java:logGet(46)) - raft.server.retrycache.expirytime = 600000ms (custom)
2023-09-28 12:55:52,964 [3b419e23-3cc6-45b0-b9b5-04f9349798d3-groupManagement] INFO  server.RaftServerConfigKeys (ConfUtils.java:logGet(46)) - raft.server.retrycache.statistics.expirytime = 100μs (default)
2023-09-28 12:55:52,964 [3b419e23-3cc6-45b0-b9b5-04f9349798d3-groupManagement] INFO  server.RaftServerConfigKeys (ConfUtils.java:logGet(46)) - raft.server.read.option = DEFAULT (default)
2023-09-28 12:55:52,968 [3b419e23-3cc6-45b0-b9b5-04f9349798d3-groupManagement] INFO  server.RaftServerConfigKeys (ConfUtils.java:logGet(46)) - raft.server.rpc.request.timeout = 60s (custom)
2023-09-28 12:55:52,968 [3b419e23-3cc6-45b0-b9b5-04f9349798d3-groupManagement] INFO  server.RaftServerConfigKeys (ConfUtils.java:logGet(46)) - raft.server.log.appender.install.snapshot.enabled = false (custom)
2023-09-28 12:55:52,968 [3b419e23-3cc6-45b0-b9b5-04f9349798d3-groupManagement] INFO  server.RaftServerConfigKeys (ConfUtils.java:logGet(46)) - raft.server.threadpool.server.cached = true (default)
2023-09-28 12:55:52,968 [3b419e23-3cc6-45b0-b9b5-04f9349798d3-groupManagement] INFO  server.RaftServerConfigKeys (ConfUtils.java:logGet(46)) - raft.server.threadpool.server.size = 0 (default)
2023-09-28 12:55:52,969 [3b419e23-3cc6-45b0-b9b5-04f9349798d3-groupManagement] INFO  server.RaftServerConfigKeys (ConfUtils.java:logGet(46)) - raft.server.threadpool.client.cached = true (default)
2023-09-28 12:55:52,969 [3b419e23-3cc6-45b0-b9b5-04f9349798d3-groupManagement] INFO  server.RaftServerConfigKeys (ConfUtils.java:logGet(46)) - raft.server.threadpool.client.size = 0 (default)
2023-09-28 12:55:52,969 [3b419e23-3cc6-45b0-b9b5-04f9349798d3-groupManagement] INFO  storage.RaftStorageDirectory (RaftStorageDirectoryImpl.java:analyzeStorage(137)) - The storage directory /home/runner/work/ozone/ozone/hadoop-ozone/integration-test/target/test-dir/MiniOzoneClusterImpl-82bdab22-5801-416e-a4bc-b8f6b9675fef/datanode-2/data/ratis/848bcc01-4046-4df6-bc80-ca34e91c5c5e does not exist. Creating ...
2023-09-28 12:55:52,970 [PipelineCommandHandlerThread-0] INFO  ratis.XceiverServerRatis (XceiverServerRatis.java:addGroup(804)) - Created group PipelineID=431cf206-d1a0-4cca-a503-eb7ed20b9f16
2023-09-28 12:55:52,975 [PipelineCommandHandlerThread-0] INFO  server.RaftServer (RaftServerProxy.java:addNew(98)) - fca1e5c8-2bd7-4c44-b23c-b8bd0cf2342b: addNew group-B074F017E0DE:[fca1e5c8-2bd7-4c44-b23c-b8bd0cf2342b|rpc:10.1.0.34:15041|admin:10.1.0.34:15040|client:10.1.0.34:15039|dataStream:10.1.0.34:15042|priority:1|startupRole:FOLLOWER] returns group-B074F017E0DE:java.util.concurrent.CompletableFuture@4566baa1[Not completed]
2023-09-28 12:55:52,976 [3b419e23-3cc6-45b0-b9b5-04f9349798d3-groupManagement] INFO  storage.RaftStorageDirectory (RaftStorageDirectoryImpl.java:tryLock(231)) - Lock on /home/runner/work/ozone/ozone/hadoop-ozone/integration-test/target/test-dir/MiniOzoneClusterImpl-82bdab22-5801-416e-a4bc-b8f6b9675fef/datanode-2/data/ratis/848bcc01-4046-4df6-bc80-ca34e91c5c5e/in_use.lock acquired by nodename 7568@fv-az163-431
2023-09-28 12:55:52,989 [3b419e23-3cc6-45b0-b9b5-04f9349798d3-groupManagement] INFO  storage.RaftStorage (RaftStorageImpl.java:format(96)) - Storage directory /home/runner/work/ozone/ozone/hadoop-ozone/integration-test/target/test-dir/MiniOzoneClusterImpl-82bdab22-5801-416e-a4bc-b8f6b9675fef/datanode-2/data/ratis/848bcc01-4046-4df6-bc80-ca34e91c5c5e has been successfully formatted.
2023-09-28 12:55:52,989 [3b419e23-3cc6-45b0-b9b5-04f9349798d3-groupManagement] INFO  ratis.ContainerStateMachine (ContainerStateMachine.java:loadSnapshot(262)) - group-CA34E91C5C5E: The snapshot info is null. Setting the last applied indexto:(t:0, i:~)
2023-09-28 12:55:52,990 [3b419e23-3cc6-45b0-b9b5-04f9349798d3-groupManagement] INFO  server.RaftServerConfigKeys (ConfUtils.java:logGet(46)) - raft.server.log.use.memory = false (default)
2023-09-28 12:55:52,990 [3b419e23-3cc6-45b0-b9b5-04f9349798d3-groupManagement] INFO  server.RaftServerConfigKeys (ConfUtils.java:logGet(46)) - raft.server.log.purge.gap = 1000000 (custom)
2023-09-28 12:55:52,990 [3b419e23-3cc6-45b0-b9b5-04f9349798d3-groupManagement] INFO  server.RaftServerConfigKeys (ConfUtils.java:logGet(46)) - raft.server.log.appender.buffer.byte-limit = 33554432 (custom)
2023-09-28 12:55:52,992 [EventQueue-PipelineReportForPipelineReportHandler] INFO  pipeline.PipelineReportHandler (PipelineReportHandler.java:processPipelineReport(136)) - Opened pipeline PipelineID=848bcc01-4046-4df6-bc80-ca34e91c5c5e
2023-09-28 12:55:52,998 [EventQueue-OpenPipelineForHealthyPipelineSafeModeRule] INFO  safemode.SCMSafeModeManager (HealthyPipelineSafeModeRule.java:process(137)) - SCM in safe mode. Healthy pipelines reported count is 0, required healthy pipeline reported count is 1
2023-09-28 12:55:52,998 [3b419e23-3cc6-45b0-b9b5-04f9349798d3-groupManagement] INFO  server.RaftServerConfigKeys (ConfUtils.java:logGet(46)) - raft.server.log.statemachine.data.read.timeout = 1000ms (default)
2023-09-28 12:55:52,998 [3b419e23-3cc6-45b0-b9b5-04f9349798d3-groupManagement] INFO  server.RaftServerConfigKeys (ConfUtils.java:logGet(46)) - raft.server.log.purge.preservation.log.num = 0 (default)
2023-09-28 12:55:52,998 [3b419e23-3cc6-45b0-b9b5-04f9349798d3-groupManagement] INFO  server.RaftServerConfigKeys (ConfUtils.java:logGet(46)) - raft.server.log.segment.size.max = 1048576 (custom)
2023-09-28 12:55:52,999 [fca1e5c8-2bd7-4c44-b23c-b8bd0cf2342b-groupManagement] INFO  server.RaftServer$Division (RaftServerImpl.java:<init>(198)) - fca1e5c8-2bd7-4c44-b23c-b8bd0cf2342b: new RaftServerImpl for group-B074F017E0DE:[fca1e5c8-2bd7-4c44-b23c-b8bd0cf2342b|rpc:10.1.0.34:15041|admin:10.1.0.34:15040|client:10.1.0.34:15039|dataStream:10.1.0.34:15042|priority:1|startupRole:FOLLOWER] with ContainerStateMachine:uninitialized
2023-09-28 12:55:52,999 [3b419e23-3cc6-45b0-b9b5-04f9349798d3-groupManagement] INFO  server.RaftServerConfigKeys (ConfUtils.java:logGet(46)) - raft.server.log.segment.cache.num.max = 2 (custom)
2023-09-28 12:55:53,000 [3b419e23-3cc6-45b0-b9b5-04f9349798d3-groupManagement] INFO  server.RaftServerConfigKeys (ConfUtils.java:logGet(46)) - raft.server.log.segment.cache.size.max = 200MB (=209715200) (default)
2023-09-28 12:55:53,001 [3b419e23-3cc6-45b0-b9b5-04f9349798d3-groupManagement] INFO  server.RaftServerConfigKeys (ConfUtils.java:logGet(46)) - raft.server.log.appender.buffer.byte-limit = 33554432 (custom)
2023-09-28 12:55:53,001 [3b419e23-3cc6-45b0-b9b5-04f9349798d3-groupManagement] INFO  segmented.SegmentedRaftLogWorker (SegmentedRaftLogWorker.java:<init>(188)) - new 3b419e23-3cc6-45b0-b9b5-04f9349798d3@group-CA34E91C5C5E-SegmentedRaftLogWorker for RaftStorageImpl:Storage Directory /home/runner/work/ozone/ozone/hadoop-ozone/integration-test/target/test-dir/MiniOzoneClusterImpl-82bdab22-5801-416e-a4bc-b8f6b9675fef/datanode-2/data/ratis/848bcc01-4046-4df6-bc80-ca34e91c5c5e
2023-09-28 12:55:53,001 [3b419e23-3cc6-45b0-b9b5-04f9349798d3-groupManagement] INFO  server.RaftServerConfigKeys (ConfUtils.java:logGet(46)) - raft.server.log.queue.byte-limit = 4294967296 (custom)
2023-09-28 12:55:53,001 [3b419e23-3cc6-45b0-b9b5-04f9349798d3-groupManagement] INFO  server.RaftServerConfigKeys (ConfUtils.java:logGet(46)) - raft.server.log.queue.element-limit = 1024 (custom)
2023-09-28 12:55:53,001 [3b419e23-3cc6-45b0-b9b5-04f9349798d3-groupManagement] INFO  server.RaftServerConfigKeys (ConfUtils.java:logGet(46)) - raft.server.log.segment.size.max = 1048576 (custom)
2023-09-28 12:55:53,000 [fca1e5c8-2bd7-4c44-b23c-b8bd0cf2342b-groupManagement] INFO  server.RaftServerConfigKeys (ConfUtils.java:logGet(46)) - raft.server.rpc.timeout.min = 5s (custom)
2023-09-28 12:55:53,002 [3b419e23-3cc6-45b0-b9b5-04f9349798d3-groupManagement] INFO  server.RaftServerConfigKeys (ConfUtils.java:logGet(46)) - raft.server.log.preallocated.size = 16384 (custom)
2023-09-28 12:55:53,006 [grpc-default-executor-1] INFO  server.RaftServer (RaftServerProxy.java:addNew(98)) - 3b419e23-3cc6-45b0-b9b5-04f9349798d3: addNew group-EB7ED20B9F16:[3b419e23-3cc6-45b0-b9b5-04f9349798d3|rpc:10.1.0.34:15032|admin:10.1.0.34:15031|client:10.1.0.34:15030|dataStream:10.1.0.34:15033|priority:0|startupRole:FOLLOWER, 034573be-2326-4784-8299-dcb44cb21fac|rpc:10.1.0.34:15014|admin:10.1.0.34:15013|client:10.1.0.34:15012|dataStream:10.1.0.34:15015|priority:1|startupRole:FOLLOWER, 2942950e-5b72-4e60-8fd7-505c1475c682|rpc:10.1.0.34:15023|admin:10.1.0.34:15022|client:10.1.0.34:15021|dataStream:10.1.0.34:15024|priority:0|startupRole:FOLLOWER] returns group-EB7ED20B9F16:java.util.concurrent.CompletableFuture@1a4c43fa[Not completed]
2023-09-28 12:55:53,002 [fca1e5c8-2bd7-4c44-b23c-b8bd0cf2342b-groupManagement] INFO  server.RaftServerConfigKeys (ConfUtils.java:logGet(46)) - raft.server.rpc.timeout.max = 5200ms (custom)
2023-09-28 12:55:53,007 [3b419e23-3cc6-45b0-b9b5-04f9349798d3-groupManagement] INFO  server.RaftServerConfigKeys (ConfUtils.java:logGet(46)) - raft.server.log.force.sync.num = 128 (default)
2023-09-28 12:55:53,007 [fca1e5c8-2bd7-4c44-b23c-b8bd0cf2342b-groupManagement] INFO  server.RaftServerConfigKeys (ConfUtils.java:logGet(46)) - raft.server.rpc.sleep.time = 25ms (default)
2023-09-28 12:55:53,008 [fca1e5c8-2bd7-4c44-b23c-b8bd0cf2342b-groupManagement] INFO  server.RaftServerConfigKeys (ConfUtils.java:logGet(46)) - raft.server.rpc.slowness.timeout = 300s (custom)
2023-09-28 12:55:53,008 [fca1e5c8-2bd7-4c44-b23c-b8bd0cf2342b-groupManagement] INFO  server.RaftServerConfigKeys (ConfUtils.java:logGet(46)) - raft.server.leaderelection.leader.step-down.wait-time = 10s (default)
2023-09-28 12:55:53,008 [fca1e5c8-2bd7-4c44-b23c-b8bd0cf2342b-groupManagement] INFO  server.RaftServerConfigKeys (ConfUtils.java:logGet(46)) - raft.server.sleep.deviation.threshold = 300ms (default)
2023-09-28 12:55:53,008 [fca1e5c8-2bd7-4c44-b23c-b8bd0cf2342b-groupManagement] INFO  server.RaftServer$Division (ServerState.java:<init>(120)) - fca1e5c8-2bd7-4c44-b23c-b8bd0cf2342b@group-B074F017E0DE: ConfigurationManager, init=-1: peers:[fca1e5c8-2bd7-4c44-b23c-b8bd0cf2342b|rpc:10.1.0.34:15041|admin:10.1.0.34:15040|client:10.1.0.34:15039|dataStream:10.1.0.34:15042|priority:1|startupRole:FOLLOWER]|listeners:[], old=null, confs=<EMPTY_MAP>
2023-09-28 12:55:53,008 [3b419e23-3cc6-45b0-b9b5-04f9349798d3-groupManagement] INFO  server.RaftServerConfigKeys (ConfUtils.java:logGet(46)) - raft.server.log.statemachine.data.sync = true (default)
2023-09-28 12:55:53,009 [3b419e23-3cc6-45b0-b9b5-04f9349798d3-groupManagement] INFO  server.RaftServerConfigKeys (ConfUtils.java:logGet(46)) - raft.server.log.statemachine.data.sync.timeout = 10s (default)
2023-09-28 12:55:53,009 [3b419e23-3cc6-45b0-b9b5-04f9349798d3-groupManagement] INFO  server.RaftServerConfigKeys (ConfUtils.java:logGet(46)) - raft.server.log.statemachine.data.sync.timeout.retry = -1 (default)
2023-09-28 12:55:53,012 [3b419e23-3cc6-45b0-b9b5-04f9349798d3-groupManagement] INFO  server.RaftServerConfigKeys (ConfUtils.java:logGet(46)) - raft.server.log.write.buffer.size = 1048576 (custom)
2023-09-28 12:55:53,013 [fca1e5c8-2bd7-4c44-b23c-b8bd0cf2342b-groupManagement] INFO  server.RaftServerConfigKeys (ConfUtils.java:logGet(46)) - raft.server.storage.dir = [/home/runner/work/ozone/ozone/hadoop-ozone/integration-test/target/test-dir/MiniOzoneClusterImpl-82bdab22-5801-416e-a4bc-b8f6b9675fef/datanode-3/data/ratis] (custom)
2023-09-28 12:55:53,013 [fca1e5c8-2bd7-4c44-b23c-b8bd0cf2342b-groupManagement] INFO  server.RaftServerConfigKeys (ConfUtils.java:logGet(46)) - raft.server.log.corruption.policy = EXCEPTION (default)
2023-09-28 12:55:53,013 [fca1e5c8-2bd7-4c44-b23c-b8bd0cf2342b-groupManagement] INFO  server.RaftServerConfigKeys (ConfUtils.java:logGet(46)) - raft.server.storage.free-space.min = 0MB (=0) (default)
2023-09-28 12:55:53,013 [fca1e5c8-2bd7-4c44-b23c-b8bd0cf2342b-groupManagement] INFO  server.RaftServerConfigKeys (ConfUtils.java:logGet(46)) - raft.server.notification.no-leader.timeout = 300s (custom)
2023-09-28 12:55:53,013 [fca1e5c8-2bd7-4c44-b23c-b8bd0cf2342b-groupManagement] INFO  server.RaftServerConfigKeys (ConfUtils.java:logGet(46)) - raft.server.read.timeout = 10s (default)
2023-09-28 12:55:53,013 [fca1e5c8-2bd7-4c44-b23c-b8bd0cf2342b-groupManagement] INFO  server.RaftServerConfigKeys (ConfUtils.java:logGet(46)) - raft.server.retrycache.expirytime = 600000ms (custom)
2023-09-28 12:55:53,013 [fca1e5c8-2bd7-4c44-b23c-b8bd0cf2342b-groupManagement] INFO  server.RaftServerConfigKeys (ConfUtils.java:logGet(46)) - raft.server.retrycache.statistics.expirytime = 100μs (default)
2023-09-28 12:55:53,020 [fca1e5c8-2bd7-4c44-b23c-b8bd0cf2342b-groupManagement] INFO  server.RaftServerConfigKeys (ConfUtils.java:logGet(46)) - raft.server.read.option = DEFAULT (default)
2023-09-28 12:55:53,022 [3b419e23-3cc6-45b0-b9b5-04f9349798d3-groupManagement] INFO  server.RaftServerConfigKeys (ConfUtils.java:logGet(46)) - raft.server.log.appender.buffer.byte-limit = 33554432 (custom)
2023-09-28 12:55:53,030 [3b419e23-3cc6-45b0-b9b5-04f9349798d3-groupManagement] INFO  server.RaftServerConfigKeys (ConfUtils.java:logGet(46)) - raft.server.log.unsafe-flush.enabled = false (default)
2023-09-28 12:55:53,030 [3b419e23-3cc6-45b0-b9b5-04f9349798d3-groupManagement] INFO  server.RaftServerConfigKeys (ConfUtils.java:logGet(46)) - raft.server.log.async-flush.enabled = false (default)
2023-09-28 12:55:53,030 [3b419e23-3cc6-45b0-b9b5-04f9349798d3-groupManagement] INFO  server.RaftServerConfigKeys (ConfUtils.java:logGet(46)) - raft.server.log.statemachine.data.caching.enabled = true (custom)
2023-09-28 12:55:53,030 [3b419e23-3cc6-45b0-b9b5-04f9349798d3-groupManagement] INFO  segmented.SegmentedRaftLogWorker (SegmentedRaftLogWorker.java:lambda$new$0(135)) - 3b419e23-3cc6-45b0-b9b5-04f9349798d3@group-CA34E91C5C5E-SegmentedRaftLogWorker: flushIndex: setUnconditionally 0 -> -1
2023-09-28 12:55:53,030 [3b419e23-3cc6-45b0-b9b5-04f9349798d3-groupManagement] INFO  segmented.SegmentedRaftLogWorker (SegmentedRaftLogWorker.java:lambda$new$0(135)) - 3b419e23-3cc6-45b0-b9b5-04f9349798d3@group-CA34E91C5C5E-SegmentedRaftLogWorker: safeCacheEvictIndex: setUnconditionally 0 -> -1
2023-09-28 12:55:53,031 [3b419e23-3cc6-45b0-b9b5-04f9349798d3-groupManagement] INFO  server.RaftServer$Division (RaftServerImpl.java:start(342)) - 3b419e23-3cc6-45b0-b9b5-04f9349798d3@group-CA34E91C5C5E: start as a follower, conf=-1: peers:[3b419e23-3cc6-45b0-b9b5-04f9349798d3|rpc:10.1.0.34:15032|admin:10.1.0.34:15031|client:10.1.0.34:15030|dataStream:10.1.0.34:15033|priority:1|startupRole:FOLLOWER]|listeners:[], old=null
2023-09-28 12:55:53,031 [3b419e23-3cc6-45b0-b9b5-04f9349798d3-groupManagement] INFO  server.RaftServer$Division (RaftServerImpl.java:setRole(329)) - 3b419e23-3cc6-45b0-b9b5-04f9349798d3@group-CA34E91C5C5E: changes role from      null to FOLLOWER at term 0 for startAsFollower
2023-09-28 12:55:53,031 [3b419e23-3cc6-45b0-b9b5-04f9349798d3-groupManagement] INFO  impl.RoleInfo (RoleInfo.java:updateAndGet(139)) - 3b419e23-3cc6-45b0-b9b5-04f9349798d3: start 3b419e23-3cc6-45b0-b9b5-04f9349798d3@group-CA34E91C5C5E-FollowerState
2023-09-28 12:55:53,035 [3b419e23-3cc6-45b0-b9b5-04f9349798d3-groupManagement] INFO  util.JmxRegister (JmxRegister.java:tryRegister(44)) - Successfully registered JMX Bean with object name Ratis:service=RaftServer,group=group-CA34E91C5C5E,id=3b419e23-3cc6-45b0-b9b5-04f9349798d3
2023-09-28 12:55:53,035 [3b419e23-3cc6-45b0-b9b5-04f9349798d3-groupManagement] INFO  server.RaftServerConfigKeys (ConfUtils.java:logGet(46)) - raft.server.snapshot.auto.trigger.enabled = true (custom)
2023-09-28 12:55:53,035 [3b419e23-3cc6-45b0-b9b5-04f9349798d3-groupManagement] INFO  server.RaftServerConfigKeys (ConfUtils.java:logGet(46)) - raft.server.snapshot.auto.trigger.threshold = 10000 (custom)
2023-09-28 12:55:53,035 [3b419e23-3cc6-45b0-b9b5-04f9349798d3-groupManagement] INFO  server.RaftServerConfigKeys (ConfUtils.java:logGet(46)) - raft.server.snapshot.retention.file.num = 5 (custom)
2023-09-28 12:55:53,035 [3b419e23-3cc6-45b0-b9b5-04f9349798d3-groupManagement] INFO  server.RaftServerConfigKeys (ConfUtils.java:logGet(46)) - raft.server.log.purge.upto.snapshot.index = false (default)
2023-09-28 12:55:53,036 [3b419e23-3cc6-45b0-b9b5-04f9349798d3@group-CA34E91C5C5E-FollowerState] INFO  server.RaftServerConfigKeys (ConfUtils.java:logFallback(53)) - raft.server.rpc.first-election.timeout.min = 5s (fallback to raft.server.rpc.timeout.min)
2023-09-28 12:55:53,036 [3b419e23-3cc6-45b0-b9b5-04f9349798d3@group-CA34E91C5C5E-FollowerState] INFO  server.RaftServerConfigKeys (ConfUtils.java:logFallback(53)) - raft.server.rpc.first-election.timeout.max = 5200ms (fallback to raft.server.rpc.timeout.max)
2023-09-28 12:55:53,045 [fca1e5c8-2bd7-4c44-b23c-b8bd0cf2342b-groupManagement] INFO  server.RaftServerConfigKeys (ConfUtils.java:logGet(46)) - raft.server.rpc.request.timeout = 60s (custom)
2023-09-28 12:55:53,046 [fca1e5c8-2bd7-4c44-b23c-b8bd0cf2342b-groupManagement] INFO  server.RaftServerConfigKeys (ConfUtils.java:logGet(46)) - raft.server.log.appender.install.snapshot.enabled = false (custom)
2023-09-28 12:55:53,046 [fca1e5c8-2bd7-4c44-b23c-b8bd0cf2342b-groupManagement] INFO  server.RaftServerConfigKeys (ConfUtils.java:logGet(46)) - raft.server.threadpool.server.cached = true (default)
2023-09-28 12:55:53,046 [fca1e5c8-2bd7-4c44-b23c-b8bd0cf2342b-groupManagement] INFO  server.RaftServerConfigKeys (ConfUtils.java:logGet(46)) - raft.server.threadpool.server.size = 0 (default)
2023-09-28 12:55:53,046 [fca1e5c8-2bd7-4c44-b23c-b8bd0cf2342b-groupManagement] INFO  server.RaftServerConfigKeys (ConfUtils.java:logGet(46)) - raft.server.threadpool.client.cached = true (default)
2023-09-28 12:55:53,046 [fca1e5c8-2bd7-4c44-b23c-b8bd0cf2342b-groupManagement] INFO  server.RaftServerConfigKeys (ConfUtils.java:logGet(46)) - raft.server.threadpool.client.size = 0 (default)
2023-09-28 12:55:53,046 [fca1e5c8-2bd7-4c44-b23c-b8bd0cf2342b-groupManagement] INFO  storage.RaftStorageDirectory (RaftStorageDirectoryImpl.java:analyzeStorage(137)) - The storage directory /home/runner/work/ozone/ozone/hadoop-ozone/integration-test/target/test-dir/MiniOzoneClusterImpl-82bdab22-5801-416e-a4bc-b8f6b9675fef/datanode-3/data/ratis/87a13565-0da2-4ace-99ec-b074f017e0de does not exist. Creating ...
2023-09-28 12:55:53,049 [3b419e23-3cc6-45b0-b9b5-04f9349798d3-groupManagement] INFO  server.RaftServer$Division (RaftServerImpl.java:<init>(198)) - 3b419e23-3cc6-45b0-b9b5-04f9349798d3: new RaftServerImpl for group-EB7ED20B9F16:[3b419e23-3cc6-45b0-b9b5-04f9349798d3|rpc:10.1.0.34:15032|admin:10.1.0.34:15031|client:10.1.0.34:15030|dataStream:10.1.0.34:15033|priority:0|startupRole:FOLLOWER, 034573be-2326-4784-8299-dcb44cb21fac|rpc:10.1.0.34:15014|admin:10.1.0.34:15013|client:10.1.0.34:15012|dataStream:10.1.0.34:15015|priority:1|startupRole:FOLLOWER, 2942950e-5b72-4e60-8fd7-505c1475c682|rpc:10.1.0.34:15023|admin:10.1.0.34:15022|client:10.1.0.34:15021|dataStream:10.1.0.34:15024|priority:0|startupRole:FOLLOWER] with ContainerStateMachine:uninitialized
2023-09-28 12:55:53,050 [3b419e23-3cc6-45b0-b9b5-04f9349798d3-groupManagement] INFO  server.RaftServerConfigKeys (ConfUtils.java:logGet(46)) - raft.server.rpc.timeout.min = 5s (custom)
2023-09-28 12:55:53,051 [3b419e23-3cc6-45b0-b9b5-04f9349798d3-groupManagement] INFO  server.RaftServerConfigKeys (ConfUtils.java:logGet(46)) - raft.server.rpc.timeout.max = 5200ms (custom)
2023-09-28 12:55:53,051 [3b419e23-3cc6-45b0-b9b5-04f9349798d3-groupManagement] INFO  server.RaftServerConfigKeys (ConfUtils.java:logGet(46)) - raft.server.rpc.sleep.time = 25ms (default)
2023-09-28 12:55:53,051 [3b419e23-3cc6-45b0-b9b5-04f9349798d3-groupManagement] INFO  server.RaftServerConfigKeys (ConfUtils.java:logGet(46)) - raft.server.rpc.slowness.timeout = 300s (custom)
2023-09-28 12:55:53,051 [3b419e23-3cc6-45b0-b9b5-04f9349798d3-groupManagement] INFO  server.RaftServerConfigKeys (ConfUtils.java:logGet(46)) - raft.server.leaderelection.leader.step-down.wait-time = 10s (default)
2023-09-28 12:55:53,051 [3b419e23-3cc6-45b0-b9b5-04f9349798d3-groupManagement] INFO  server.RaftServerConfigKeys (ConfUtils.java:logGet(46)) - raft.server.sleep.deviation.threshold = 300ms (default)
2023-09-28 12:55:53,051 [3b419e23-3cc6-45b0-b9b5-04f9349798d3-groupManagement] INFO  server.RaftServer$Division (ServerState.java:<init>(120)) - 3b419e23-3cc6-45b0-b9b5-04f9349798d3@group-EB7ED20B9F16: ConfigurationManager, init=-1: peers:[3b419e23-3cc6-45b0-b9b5-04f9349798d3|rpc:10.1.0.34:15032|admin:10.1.0.34:15031|client:10.1.0.34:15030|dataStream:10.1.0.34:15033|priority:0|startupRole:FOLLOWER, 034573be-2326-4784-8299-dcb44cb21fac|rpc:10.1.0.34:15014|admin:10.1.0.34:15013|client:10.1.0.34:15012|dataStream:10.1.0.34:15015|priority:1|startupRole:FOLLOWER, 2942950e-5b72-4e60-8fd7-505c1475c682|rpc:10.1.0.34:15023|admin:10.1.0.34:15022|client:10.1.0.34:15021|dataStream:10.1.0.34:15024|priority:0|startupRole:FOLLOWER]|listeners:[], old=null, confs=<EMPTY_MAP>
2023-09-28 12:55:53,051 [3b419e23-3cc6-45b0-b9b5-04f9349798d3-groupManagement] INFO  server.RaftServerConfigKeys (ConfUtils.java:logGet(46)) - raft.server.storage.dir = [/home/runner/work/ozone/ozone/hadoop-ozone/integration-test/target/test-dir/MiniOzoneClusterImpl-82bdab22-5801-416e-a4bc-b8f6b9675fef/datanode-2/data/ratis] (custom)
2023-09-28 12:55:53,051 [3b419e23-3cc6-45b0-b9b5-04f9349798d3-groupManagement] INFO  server.RaftServerConfigKeys (ConfUtils.java:logGet(46)) - raft.server.log.corruption.policy = EXCEPTION (default)
2023-09-28 12:55:53,051 [3b419e23-3cc6-45b0-b9b5-04f9349798d3-groupManagement] INFO  server.RaftServerConfigKeys (ConfUtils.java:logGet(46)) - raft.server.storage.free-space.min = 0MB (=0) (default)
2023-09-28 12:55:53,052 [3b419e23-3cc6-45b0-b9b5-04f9349798d3-groupManagement] INFO  server.RaftServerConfigKeys (ConfUtils.java:logGet(46)) - raft.server.notification.no-leader.timeout = 300s (custom)
2023-09-28 12:55:53,052 [3b419e23-3cc6-45b0-b9b5-04f9349798d3-groupManagement] INFO  server.RaftServerConfigKeys (ConfUtils.java:logGet(46)) - raft.server.read.timeout = 10s (default)
2023-09-28 12:55:53,052 [3b419e23-3cc6-45b0-b9b5-04f9349798d3-groupManagement] INFO  server.RaftServerConfigKeys (ConfUtils.java:logGet(46)) - raft.server.retrycache.expirytime = 600000ms (custom)
2023-09-28 12:55:53,052 [3b419e23-3cc6-45b0-b9b5-04f9349798d3-groupManagement] INFO  server.RaftServerConfigKeys (ConfUtils.java:logGet(46)) - raft.server.retrycache.statistics.expirytime = 100μs (default)
2023-09-28 12:55:53,052 [3b419e23-3cc6-45b0-b9b5-04f9349798d3-groupManagement] INFO  server.RaftServerConfigKeys (ConfUtils.java:logGet(46)) - raft.server.read.option = DEFAULT (default)
2023-09-28 12:55:53,055 [fca1e5c8-2bd7-4c44-b23c-b8bd0cf2342b-groupManagement] INFO  storage.RaftStorageDirectory (RaftStorageDirectoryImpl.java:tryLock(231)) - Lock on /home/runner/work/ozone/ozone/hadoop-ozone/integration-test/target/test-dir/MiniOzoneClusterImpl-82bdab22-5801-416e-a4bc-b8f6b9675fef/datanode-3/data/ratis/87a13565-0da2-4ace-99ec-b074f017e0de/in_use.lock acquired by nodename 7568@fv-az163-431
2023-09-28 12:55:53,056 [PipelineCommandHandlerThread-0] INFO  ratis.XceiverServerRatis (XceiverServerRatis.java:addGroup(804)) - Created group PipelineID=848bcc01-4046-4df6-bc80-ca34e91c5c5e
2023-09-28 12:55:53,056 [PipelineCommandHandlerThread-0] INFO  commandhandler.CreatePipelineCommandHandler (CreatePipelineCommandHandler.java:lambda$handle$2(124)) - Created Pipeline RATIS ONE PipelineID=848bcc01-4046-4df6-bc80-ca34e91c5c5e.
2023-09-28 12:55:53,058 [PipelineCommandHandlerThread-0] INFO  commandhandler.CreatePipelineCommandHandler (CreatePipelineCommandHandler.java:lambda$handle$2(124)) - Created Pipeline RATIS THREE PipelineID=ef5c91ca-7b59-48b8-8e32-de411ffd7766.
2023-09-28 12:55:53,061 [PipelineCommandHandlerThread-0] INFO  server.RaftServer (RaftServerProxy.java:addNew(98)) - 2942950e-5b72-4e60-8fd7-505c1475c682: addNew group-EB7ED20B9F16:[3b419e23-3cc6-45b0-b9b5-04f9349798d3|rpc:10.1.0.34:15032|admin:10.1.0.34:15031|client:10.1.0.34:15030|dataStream:10.1.0.34:15033|priority:0|startupRole:FOLLOWER, 034573be-2326-4784-8299-dcb44cb21fac|rpc:10.1.0.34:15014|admin:10.1.0.34:15013|client:10.1.0.34:15012|dataStream:10.1.0.34:15015|priority:1|startupRole:FOLLOWER, 2942950e-5b72-4e60-8fd7-505c1475c682|rpc:10.1.0.34:15023|admin:10.1.0.34:15022|client:10.1.0.34:15021|dataStream:10.1.0.34:15024|priority:0|startupRole:FOLLOWER] returns group-EB7ED20B9F16:java.util.concurrent.CompletableFuture@2be46f5b[Not completed]
2023-09-28 12:55:53,062 [2942950e-5b72-4e60-8fd7-505c1475c682-groupManagement] INFO  server.RaftServer$Division (RaftServerImpl.java:<init>(198)) - 2942950e-5b72-4e60-8fd7-505c1475c682: new RaftServerImpl for group-EB7ED20B9F16:[3b419e23-3cc6-45b0-b9b5-04f9349798d3|rpc:10.1.0.34:15032|admin:10.1.0.34:15031|client:10.1.0.34:15030|dataStream:10.1.0.34:15033|priority:0|startupRole:FOLLOWER, 034573be-2326-4784-8299-dcb44cb21fac|rpc:10.1.0.34:15014|admin:10.1.0.34:15013|client:10.1.0.34:15012|dataStream:10.1.0.34:15015|priority:1|startupRole:FOLLOWER, 2942950e-5b72-4e60-8fd7-505c1475c682|rpc:10.1.0.34:15023|admin:10.1.0.34:15022|client:10.1.0.34:15021|dataStream:10.1.0.34:15024|priority:0|startupRole:FOLLOWER] with ContainerStateMachine:uninitialized
2023-09-28 12:55:53,062 [2942950e-5b72-4e60-8fd7-505c1475c682-groupManagement] INFO  server.RaftServerConfigKeys (ConfUtils.java:logGet(46)) - raft.server.rpc.timeout.min = 5s (custom)
2023-09-28 12:55:53,062 [2942950e-5b72-4e60-8fd7-505c1475c682-groupManagement] INFO  server.RaftServerConfigKeys (ConfUtils.java:logGet(46)) - raft.server.rpc.timeout.max = 5200ms (custom)
2023-09-28 12:55:53,062 [2942950e-5b72-4e60-8fd7-505c1475c682-groupManagement] INFO  server.RaftServerConfigKeys (ConfUtils.java:logGet(46)) - raft.server.rpc.sleep.time = 25ms (default)
2023-09-28 12:55:53,063 [2942950e-5b72-4e60-8fd7-505c1475c682-groupManagement] INFO  server.RaftServerConfigKeys (ConfUtils.java:logGet(46)) - raft.server.rpc.slowness.timeout = 300s (custom)
2023-09-28 12:55:53,063 [2942950e-5b72-4e60-8fd7-505c1475c682-groupManagement] INFO  server.RaftServerConfigKeys (ConfUtils.java:logGet(46)) - raft.server.leaderelection.leader.step-down.wait-time = 10s (default)
2023-09-28 12:55:53,063 [2942950e-5b72-4e60-8fd7-505c1475c682-groupManagement] INFO  server.RaftServerConfigKeys (ConfUtils.java:logGet(46)) - raft.server.sleep.deviation.threshold = 300ms (default)
2023-09-28 12:55:53,063 [2942950e-5b72-4e60-8fd7-505c1475c682-groupManagement] INFO  server.RaftServer$Division (ServerState.java:<init>(120)) - 2942950e-5b72-4e60-8fd7-505c1475c682@group-EB7ED20B9F16: ConfigurationManager, init=-1: peers:[3b419e23-3cc6-45b0-b9b5-04f9349798d3|rpc:10.1.0.34:15032|admin:10.1.0.34:15031|client:10.1.0.34:15030|dataStream:10.1.0.34:15033|priority:0|startupRole:FOLLOWER, 034573be-2326-4784-8299-dcb44cb21fac|rpc:10.1.0.34:15014|admin:10.1.0.34:15013|client:10.1.0.34:15012|dataStream:10.1.0.34:15015|priority:1|startupRole:FOLLOWER, 2942950e-5b72-4e60-8fd7-505c1475c682|rpc:10.1.0.34:15023|admin:10.1.0.34:15022|client:10.1.0.34:15021|dataStream:10.1.0.34:15024|priority:0|startupRole:FOLLOWER]|listeners:[], old=null, confs=<EMPTY_MAP>
2023-09-28 12:55:53,063 [2942950e-5b72-4e60-8fd7-505c1475c682-groupManagement] INFO  server.RaftServerConfigKeys (ConfUtils.java:logGet(46)) - raft.server.storage.dir = [/home/runner/work/ozone/ozone/hadoop-ozone/integration-test/target/test-dir/MiniOzoneClusterImpl-82bdab22-5801-416e-a4bc-b8f6b9675fef/datanode-1/data/ratis] (custom)
2023-09-28 12:55:53,063 [2942950e-5b72-4e60-8fd7-505c1475c682-groupManagement] INFO  server.RaftServerConfigKeys (ConfUtils.java:logGet(46)) - raft.server.log.corruption.policy = EXCEPTION (default)
2023-09-28 12:55:53,063 [2942950e-5b72-4e60-8fd7-505c1475c682-groupManagement] INFO  server.RaftServerConfigKeys (ConfUtils.java:logGet(46)) - raft.server.storage.free-space.min = 0MB (=0) (default)
2023-09-28 12:55:53,063 [2942950e-5b72-4e60-8fd7-505c1475c682-groupManagement] INFO  server.RaftServerConfigKeys (ConfUtils.java:logGet(46)) - raft.server.notification.no-leader.timeout = 300s (custom)
2023-09-28 12:55:53,063 [2942950e-5b72-4e60-8fd7-505c1475c682-groupManagement] INFO  server.RaftServerConfigKeys (ConfUtils.java:logGet(46)) - raft.server.read.timeout = 10s (default)
2023-09-28 12:55:53,063 [2942950e-5b72-4e60-8fd7-505c1475c682-groupManagement] INFO  server.RaftServerConfigKeys (ConfUtils.java:logGet(46)) - raft.server.retrycache.expirytime = 600000ms (custom)
2023-09-28 12:55:53,063 [2942950e-5b72-4e60-8fd7-505c1475c682-groupManagement] INFO  server.RaftServerConfigKeys (ConfUtils.java:logGet(46)) - raft.server.retrycache.statistics.expirytime = 100μs (default)
2023-09-28 12:55:53,063 [2942950e-5b72-4e60-8fd7-505c1475c682-groupManagement] INFO  server.RaftServerConfigKeys (ConfUtils.java:logGet(46)) - raft.server.read.option = DEFAULT (default)
2023-09-28 12:55:53,065 [2942950e-5b72-4e60-8fd7-505c1475c682-groupManagement] INFO  server.RaftServerConfigKeys (ConfUtils.java:logGet(46)) - raft.server.rpc.request.timeout = 60s (custom)
2023-09-28 12:55:53,066 [2942950e-5b72-4e60-8fd7-505c1475c682-groupManagement] INFO  server.RaftServerConfigKeys (ConfUtils.java:logGet(46)) - raft.server.log.appender.install.snapshot.enabled = false (custom)
2023-09-28 12:55:53,066 [2942950e-5b72-4e60-8fd7-505c1475c682-groupManagement] INFO  server.RaftServerConfigKeys (ConfUtils.java:logGet(46)) - raft.server.threadpool.server.cached = true (default)
2023-09-28 12:55:53,066 [2942950e-5b72-4e60-8fd7-505c1475c682-groupManagement] INFO  server.RaftServerConfigKeys (ConfUtils.java:logGet(46)) - raft.server.threadpool.server.size = 0 (default)
2023-09-28 12:55:53,066 [fca1e5c8-2bd7-4c44-b23c-b8bd0cf2342b-groupManagement] INFO  storage.RaftStorage (RaftStorageImpl.java:format(96)) - Storage directory /home/runner/work/ozone/ozone/hadoop-ozone/integration-test/target/test-dir/MiniOzoneClusterImpl-82bdab22-5801-416e-a4bc-b8f6b9675fef/datanode-3/data/ratis/87a13565-0da2-4ace-99ec-b074f017e0de has been successfully formatted.
2023-09-28 12:55:53,068 [fca1e5c8-2bd7-4c44-b23c-b8bd0cf2342b-groupManagement] INFO  ratis.ContainerStateMachine (ContainerStateMachine.java:loadSnapshot(262)) - group-B074F017E0DE: The snapshot info is null. Setting the last applied indexto:(t:0, i:~)
2023-09-28 12:55:53,068 [fca1e5c8-2bd7-4c44-b23c-b8bd0cf2342b-groupManagement] INFO  server.RaftServerConfigKeys (ConfUtils.java:logGet(46)) - raft.server.log.use.memory = false (default)
2023-09-28 12:55:53,068 [fca1e5c8-2bd7-4c44-b23c-b8bd0cf2342b-groupManagement] INFO  server.RaftServerConfigKeys (ConfUtils.java:logGet(46)) - raft.server.log.purge.gap = 1000000 (custom)
2023-09-28 12:55:53,068 [fca1e5c8-2bd7-4c44-b23c-b8bd0cf2342b-groupManagement] INFO  server.RaftServerConfigKeys (ConfUtils.java:logGet(46)) - raft.server.log.appender.buffer.byte-limit = 33554432 (custom)
2023-09-28 12:55:53,068 [fca1e5c8-2bd7-4c44-b23c-b8bd0cf2342b-groupManagement] INFO  server.RaftServerConfigKeys (ConfUtils.java:logGet(46)) - raft.server.log.statemachine.data.read.timeout = 1000ms (default)
2023-09-28 12:55:53,068 [fca1e5c8-2bd7-4c44-b23c-b8bd0cf2342b-groupManagement] INFO  server.RaftServerConfigKeys (ConfUtils.java:logGet(46)) - raft.server.log.purge.preservation.log.num = 0 (default)
2023-09-28 12:55:53,069 [3b419e23-3cc6-45b0-b9b5-04f9349798d3-groupManagement] INFO  server.RaftServerConfigKeys (ConfUtils.java:logGet(46)) - raft.server.rpc.request.timeout = 60s (custom)
2023-09-28 12:55:53,069 [3b419e23-3cc6-45b0-b9b5-04f9349798d3-groupManagement] INFO  server.RaftServerConfigKeys (ConfUtils.java:logGet(46)) - raft.server.log.appender.install.snapshot.enabled = false (custom)
2023-09-28 12:55:53,069 [3b419e23-3cc6-45b0-b9b5-04f9349798d3-groupManagement] INFO  server.RaftServerConfigKeys (ConfUtils.java:logGet(46)) - raft.server.threadpool.server.cached = true (default)
2023-09-28 12:55:53,069 [2942950e-5b72-4e60-8fd7-505c1475c682-groupManagement] INFO  server.RaftServerConfigKeys (ConfUtils.java:logGet(46)) - raft.server.threadpool.client.cached = true (default)
2023-09-28 12:55:53,074 [2942950e-5b72-4e60-8fd7-505c1475c682-groupManagement] INFO  server.RaftServerConfigKeys (ConfUtils.java:logGet(46)) - raft.server.threadpool.client.size = 0 (default)
2023-09-28 12:55:53,074 [2942950e-5b72-4e60-8fd7-505c1475c682-groupManagement] INFO  storage.RaftStorageDirectory (RaftStorageDirectoryImpl.java:analyzeStorage(137)) - The storage directory /home/runner/work/ozone/ozone/hadoop-ozone/integration-test/target/test-dir/MiniOzoneClusterImpl-82bdab22-5801-416e-a4bc-b8f6b9675fef/datanode-1/data/ratis/431cf206-d1a0-4cca-a503-eb7ed20b9f16 does not exist. Creating ...
2023-09-28 12:55:53,074 [3b419e23-3cc6-45b0-b9b5-04f9349798d3-groupManagement] INFO  server.RaftServerConfigKeys (ConfUtils.java:logGet(46)) - raft.server.threadpool.server.size = 0 (default)
2023-09-28 12:55:53,071 [EventQueue-PipelineReportForPipelineReportHandler] INFO  pipeline.PipelineReportHandler (PipelineReportHandler.java:processPipelineReport(136)) - Opened pipeline PipelineID=87a13565-0da2-4ace-99ec-b074f017e0de
2023-09-28 12:55:53,070 [fca1e5c8-2bd7-4c44-b23c-b8bd0cf2342b-groupManagement] INFO  server.RaftServerConfigKeys (ConfUtils.java:logGet(46)) - raft.server.log.segment.size.max = 1048576 (custom)
2023-09-28 12:55:53,075 [EventQueue-OpenPipelineForHealthyPipelineSafeModeRule] INFO  safemode.SCMSafeModeManager (HealthyPipelineSafeModeRule.java:process(137)) - SCM in safe mode. Healthy pipelines reported count is 0, required healthy pipeline reported count is 1
2023-09-28 12:55:53,075 [fca1e5c8-2bd7-4c44-b23c-b8bd0cf2342b-groupManagement] INFO  server.RaftServerConfigKeys (ConfUtils.java:logGet(46)) - raft.server.log.segment.cache.num.max = 2 (custom)
2023-09-28 12:55:53,076 [fca1e5c8-2bd7-4c44-b23c-b8bd0cf2342b-groupManagement] INFO  server.RaftServerConfigKeys (ConfUtils.java:logGet(46)) - raft.server.log.segment.cache.size.max = 200MB (=209715200) (default)
2023-09-28 12:55:53,076 [fca1e5c8-2bd7-4c44-b23c-b8bd0cf2342b-groupManagement] INFO  server.RaftServerConfigKeys (ConfUtils.java:logGet(46)) - raft.server.log.appender.buffer.byte-limit = 33554432 (custom)
2023-09-28 12:55:53,076 [fca1e5c8-2bd7-4c44-b23c-b8bd0cf2342b-groupManagement] INFO  segmented.SegmentedRaftLogWorker (SegmentedRaftLogWorker.java:<init>(188)) - new fca1e5c8-2bd7-4c44-b23c-b8bd0cf2342b@group-B074F017E0DE-SegmentedRaftLogWorker for RaftStorageImpl:Storage Directory /home/runner/work/ozone/ozone/hadoop-ozone/integration-test/target/test-dir/MiniOzoneClusterImpl-82bdab22-5801-416e-a4bc-b8f6b9675fef/datanode-3/data/ratis/87a13565-0da2-4ace-99ec-b074f017e0de
2023-09-28 12:55:53,076 [fca1e5c8-2bd7-4c44-b23c-b8bd0cf2342b-groupManagement] INFO  server.RaftServerConfigKeys (ConfUtils.java:logGet(46)) - raft.server.log.queue.byte-limit = 4294967296 (custom)
2023-09-28 12:55:53,076 [fca1e5c8-2bd7-4c44-b23c-b8bd0cf2342b-groupManagement] INFO  server.RaftServerConfigKeys (ConfUtils.java:logGet(46)) - raft.server.log.queue.element-limit = 1024 (custom)
2023-09-28 12:55:53,076 [fca1e5c8-2bd7-4c44-b23c-b8bd0cf2342b-groupManagement] INFO  server.RaftServerConfigKeys (ConfUtils.java:logGet(46)) - raft.server.log.segment.size.max = 1048576 (custom)
2023-09-28 12:55:53,076 [fca1e5c8-2bd7-4c44-b23c-b8bd0cf2342b-groupManagement] INFO  server.RaftServerConfigKeys (ConfUtils.java:logGet(46)) - raft.server.log.preallocated.size = 16384 (custom)
2023-09-28 12:55:53,076 [fca1e5c8-2bd7-4c44-b23c-b8bd0cf2342b-groupManagement] INFO  server.RaftServerConfigKeys (ConfUtils.java:logGet(46)) - raft.server.log.force.sync.num = 128 (default)
2023-09-28 12:55:53,076 [fca1e5c8-2bd7-4c44-b23c-b8bd0cf2342b-groupManagement] INFO  server.RaftServerConfigKeys (ConfUtils.java:logGet(46)) - raft.server.log.statemachine.data.sync = true (default)
2023-09-28 12:55:53,076 [fca1e5c8-2bd7-4c44-b23c-b8bd0cf2342b-groupManagement] INFO  server.RaftServerConfigKeys (ConfUtils.java:logGet(46)) - raft.server.log.statemachine.data.sync.timeout = 10s (default)
2023-09-28 12:55:53,076 [fca1e5c8-2bd7-4c44-b23c-b8bd0cf2342b-groupManagement] INFO  server.RaftServerConfigKeys (ConfUtils.java:logGet(46)) - raft.server.log.statemachine.data.sync.timeout.retry = -1 (default)
2023-09-28 12:55:53,077 [fca1e5c8-2bd7-4c44-b23c-b8bd0cf2342b-groupManagement] INFO  server.RaftServerConfigKeys (ConfUtils.java:logGet(46)) - raft.server.log.write.buffer.size = 1048576 (custom)
2023-09-28 12:55:53,077 [fca1e5c8-2bd7-4c44-b23c-b8bd0cf2342b-groupManagement] INFO  server.RaftServerConfigKeys (ConfUtils.java:logGet(46)) - raft.server.log.appender.buffer.byte-limit = 33554432 (custom)
2023-09-28 12:55:53,075 [3b419e23-3cc6-45b0-b9b5-04f9349798d3-groupManagement] INFO  server.RaftServerConfigKeys (ConfUtils.java:logGet(46)) - raft.server.threadpool.client.cached = true (default)
2023-09-28 12:55:53,078 [3b419e23-3cc6-45b0-b9b5-04f9349798d3-groupManagement] INFO  server.RaftServerConfigKeys (ConfUtils.java:logGet(46)) - raft.server.threadpool.client.size = 0 (default)
2023-09-28 12:55:53,078 [3b419e23-3cc6-45b0-b9b5-04f9349798d3-groupManagement] INFO  storage.RaftStorageDirectory (RaftStorageDirectoryImpl.java:analyzeStorage(137)) - The storage directory /home/runner/work/ozone/ozone/hadoop-ozone/integration-test/target/test-dir/MiniOzoneClusterImpl-82bdab22-5801-416e-a4bc-b8f6b9675fef/datanode-2/data/ratis/431cf206-d1a0-4cca-a503-eb7ed20b9f16 does not exist. Creating ...
2023-09-28 12:55:53,079 [2942950e-5b72-4e60-8fd7-505c1475c682-groupManagement] INFO  storage.RaftStorageDirectory (RaftStorageDirectoryImpl.java:tryLock(231)) - Lock on /home/runner/work/ozone/ozone/hadoop-ozone/integration-test/target/test-dir/MiniOzoneClusterImpl-82bdab22-5801-416e-a4bc-b8f6b9675fef/datanode-1/data/ratis/431cf206-d1a0-4cca-a503-eb7ed20b9f16/in_use.lock acquired by nodename 7568@fv-az163-431
2023-09-28 12:55:53,080 [3b419e23-3cc6-45b0-b9b5-04f9349798d3-groupManagement] INFO  storage.RaftStorageDirectory (RaftStorageDirectoryImpl.java:tryLock(231)) - Lock on /home/runner/work/ozone/ozone/hadoop-ozone/integration-test/target/test-dir/MiniOzoneClusterImpl-82bdab22-5801-416e-a4bc-b8f6b9675fef/datanode-2/data/ratis/431cf206-d1a0-4cca-a503-eb7ed20b9f16/in_use.lock acquired by nodename 7568@fv-az163-431
2023-09-28 12:55:53,083 [2942950e-5b72-4e60-8fd7-505c1475c682-groupManagement] INFO  storage.RaftStorage (RaftStorageImpl.java:format(96)) - Storage directory /home/runner/work/ozone/ozone/hadoop-ozone/integration-test/target/test-dir/MiniOzoneClusterImpl-82bdab22-5801-416e-a4bc-b8f6b9675fef/datanode-1/data/ratis/431cf206-d1a0-4cca-a503-eb7ed20b9f16 has been successfully formatted.
2023-09-28 12:55:53,084 [2942950e-5b72-4e60-8fd7-505c1475c682-groupManagement] INFO  ratis.ContainerStateMachine (ContainerStateMachine.java:loadSnapshot(262)) - group-EB7ED20B9F16: The snapshot info is null. Setting the last applied indexto:(t:0, i:~)
2023-09-28 12:55:53,084 [2942950e-5b72-4e60-8fd7-505c1475c682-groupManagement] INFO  server.RaftServerConfigKeys (ConfUtils.java:logGet(46)) - raft.server.log.use.memory = false (default)
2023-09-28 12:55:53,084 [2942950e-5b72-4e60-8fd7-505c1475c682-groupManagement] INFO  server.RaftServerConfigKeys (ConfUtils.java:logGet(46)) - raft.server.log.purge.gap = 1000000 (custom)
2023-09-28 12:55:53,084 [2942950e-5b72-4e60-8fd7-505c1475c682-groupManagement] INFO  server.RaftServerConfigKeys (ConfUtils.java:logGet(46)) - raft.server.log.appender.buffer.byte-limit = 33554432 (custom)
2023-09-28 12:55:53,085 [3b419e23-3cc6-45b0-b9b5-04f9349798d3-groupManagement] INFO  storage.RaftStorage (RaftStorageImpl.java:format(96)) - Storage directory /home/runner/work/ozone/ozone/hadoop-ozone/integration-test/target/test-dir/MiniOzoneClusterImpl-82bdab22-5801-416e-a4bc-b8f6b9675fef/datanode-2/data/ratis/431cf206-d1a0-4cca-a503-eb7ed20b9f16 has been successfully formatted.
2023-09-28 12:55:53,093 [3b419e23-3cc6-45b0-b9b5-04f9349798d3-groupManagement] INFO  ratis.ContainerStateMachine (ContainerStateMachine.java:loadSnapshot(262)) - group-EB7ED20B9F16: The snapshot info is null. Setting the last applied indexto:(t:0, i:~)
2023-09-28 12:55:53,093 [3b419e23-3cc6-45b0-b9b5-04f9349798d3-groupManagement] INFO  server.RaftServerConfigKeys (ConfUtils.java:logGet(46)) - raft.server.log.use.memory = false (default)
2023-09-28 12:55:53,093 [3b419e23-3cc6-45b0-b9b5-04f9349798d3-groupManagement] INFO  server.RaftServerConfigKeys (ConfUtils.java:logGet(46)) - raft.server.log.purge.gap = 1000000 (custom)
2023-09-28 12:55:53,093 [3b419e23-3cc6-45b0-b9b5-04f9349798d3-groupManagement] INFO  server.RaftServerConfigKeys (ConfUtils.java:logGet(46)) - raft.server.log.appender.buffer.byte-limit = 33554432 (custom)
2023-09-28 12:55:53,093 [3b419e23-3cc6-45b0-b9b5-04f9349798d3-groupManagement] INFO  server.RaftServerConfigKeys (ConfUtils.java:logGet(46)) - raft.server.log.statemachine.data.read.timeout = 1000ms (default)
2023-09-28 12:55:53,093 [3b419e23-3cc6-45b0-b9b5-04f9349798d3-groupManagement] INFO  server.RaftServerConfigKeys (ConfUtils.java:logGet(46)) - raft.server.log.purge.preservation.log.num = 0 (default)
2023-09-28 12:55:53,094 [3b419e23-3cc6-45b0-b9b5-04f9349798d3-groupManagement] INFO  server.RaftServerConfigKeys (ConfUtils.java:logGet(46)) - raft.server.log.segment.size.max = 1048576 (custom)
2023-09-28 12:55:53,094 [3b419e23-3cc6-45b0-b9b5-04f9349798d3-groupManagement] INFO  server.RaftServerConfigKeys (ConfUtils.java:logGet(46)) - raft.server.log.segment.cache.num.max = 2 (custom)
2023-09-28 12:55:53,094 [3b419e23-3cc6-45b0-b9b5-04f9349798d3-groupManagement] INFO  server.RaftServerConfigKeys (ConfUtils.java:logGet(46)) - raft.server.log.segment.cache.size.max = 200MB (=209715200) (default)
2023-09-28 12:55:53,094 [3b419e23-3cc6-45b0-b9b5-04f9349798d3-groupManagement] INFO  server.RaftServerConfigKeys (ConfUtils.java:logGet(46)) - raft.server.log.appender.buffer.byte-limit = 33554432 (custom)
2023-09-28 12:55:53,094 [3b419e23-3cc6-45b0-b9b5-04f9349798d3-groupManagement] INFO  segmented.SegmentedRaftLogWorker (SegmentedRaftLogWorker.java:<init>(188)) - new 3b419e23-3cc6-45b0-b9b5-04f9349798d3@group-EB7ED20B9F16-SegmentedRaftLogWorker for RaftStorageImpl:Storage Directory /home/runner/work/ozone/ozone/hadoop-ozone/integration-test/target/test-dir/MiniOzoneClusterImpl-82bdab22-5801-416e-a4bc-b8f6b9675fef/datanode-2/data/ratis/431cf206-d1a0-4cca-a503-eb7ed20b9f16
2023-09-28 12:55:53,094 [3b419e23-3cc6-45b0-b9b5-04f9349798d3-groupManagement] INFO  server.RaftServerConfigKeys (ConfUtils.java:logGet(46)) - raft.server.log.queue.byte-limit = 4294967296 (custom)
2023-09-28 12:55:53,094 [3b419e23-3cc6-45b0-b9b5-04f9349798d3-groupManagement] INFO  server.RaftServerConfigKeys (ConfUtils.java:logGet(46)) - raft.server.log.queue.element-limit = 1024 (custom)
2023-09-28 12:55:53,094 [3b419e23-3cc6-45b0-b9b5-04f9349798d3-groupManagement] INFO  server.RaftServerConfigKeys (ConfUtils.java:logGet(46)) - raft.server.log.segment.size.max = 1048576 (custom)
2023-09-28 12:55:53,094 [3b419e23-3cc6-45b0-b9b5-04f9349798d3-groupManagement] INFO  server.RaftServerConfigKeys (ConfUtils.java:logGet(46)) - raft.server.log.preallocated.size = 16384 (custom)
2023-09-28 12:55:53,094 [3b419e23-3cc6-45b0-b9b5-04f9349798d3-groupManagement] INFO  server.RaftServerConfigKeys (ConfUtils.java:logGet(46)) - raft.server.log.force.sync.num = 128 (default)
2023-09-28 12:55:53,094 [3b419e23-3cc6-45b0-b9b5-04f9349798d3-groupManagement] INFO  server.RaftServerConfigKeys (ConfUtils.java:logGet(46)) - raft.server.log.statemachine.data.sync = true (default)
2023-09-28 12:55:53,095 [3b419e23-3cc6-45b0-b9b5-04f9349798d3-groupManagement] INFO  server.RaftServerConfigKeys (ConfUtils.java:logGet(46)) - raft.server.log.statemachine.data.sync.timeout = 10s (default)
2023-09-28 12:55:53,097 [3b419e23-3cc6-45b0-b9b5-04f9349798d3-groupManagement] INFO  server.RaftServerConfigKeys (ConfUtils.java:logGet(46)) - raft.server.log.statemachine.data.sync.timeout.retry = -1 (default)
2023-09-28 12:55:53,095 [2942950e-5b72-4e60-8fd7-505c1475c682-groupManagement] INFO  server.RaftServerConfigKeys (ConfUtils.java:logGet(46)) - raft.server.log.statemachine.data.read.timeout = 1000ms (default)
2023-09-28 12:55:53,097 [2942950e-5b72-4e60-8fd7-505c1475c682-groupManagement] INFO  server.RaftServerConfigKeys (ConfUtils.java:logGet(46)) - raft.server.log.purge.preservation.log.num = 0 (default)
2023-09-28 12:55:53,097 [2942950e-5b72-4e60-8fd7-505c1475c682-groupManagement] INFO  server.RaftServerConfigKeys (ConfUtils.java:logGet(46)) - raft.server.log.segment.size.max = 1048576 (custom)
2023-09-28 12:55:53,097 [2942950e-5b72-4e60-8fd7-505c1475c682-groupManagement] INFO  server.RaftServerConfigKeys (ConfUtils.java:logGet(46)) - raft.server.log.segment.cache.num.max = 2 (custom)
2023-09-28 12:55:53,098 [2942950e-5b72-4e60-8fd7-505c1475c682-groupManagement] INFO  server.RaftServerConfigKeys (ConfUtils.java:logGet(46)) - raft.server.log.segment.cache.size.max = 200MB (=209715200) (default)
2023-09-28 12:55:53,098 [2942950e-5b72-4e60-8fd7-505c1475c682-groupManagement] INFO  server.RaftServerConfigKeys (ConfUtils.java:logGet(46)) - raft.server.log.appender.buffer.byte-limit = 33554432 (custom)
2023-09-28 12:55:53,098 [2942950e-5b72-4e60-8fd7-505c1475c682-groupManagement] INFO  segmented.SegmentedRaftLogWorker (SegmentedRaftLogWorker.java:<init>(188)) - new 2942950e-5b72-4e60-8fd7-505c1475c682@group-EB7ED20B9F16-SegmentedRaftLogWorker for RaftStorageImpl:Storage Directory /home/runner/work/ozone/ozone/hadoop-ozone/integration-test/target/test-dir/MiniOzoneClusterImpl-82bdab22-5801-416e-a4bc-b8f6b9675fef/datanode-1/data/ratis/431cf206-d1a0-4cca-a503-eb7ed20b9f16
2023-09-28 12:55:53,098 [2942950e-5b72-4e60-8fd7-505c1475c682-groupManagement] INFO  server.RaftServerConfigKeys (ConfUtils.java:logGet(46)) - raft.server.log.queue.byte-limit = 4294967296 (custom)
2023-09-28 12:55:53,098 [2942950e-5b72-4e60-8fd7-505c1475c682-groupManagement] INFO  server.RaftServerConfigKeys (ConfUtils.java:logGet(46)) - raft.server.log.queue.element-limit = 1024 (custom)
2023-09-28 12:55:53,098 [2942950e-5b72-4e60-8fd7-505c1475c682-groupManagement] INFO  server.RaftServerConfigKeys (ConfUtils.java:logGet(46)) - raft.server.log.segment.size.max = 1048576 (custom)
2023-09-28 12:55:53,098 [2942950e-5b72-4e60-8fd7-505c1475c682-groupManagement] INFO  server.RaftServerConfigKeys (ConfUtils.java:logGet(46)) - raft.server.log.preallocated.size = 16384 (custom)
2023-09-28 12:55:53,098 [2942950e-5b72-4e60-8fd7-505c1475c682-groupManagement] INFO  server.RaftServerConfigKeys (ConfUtils.java:logGet(46)) - raft.server.log.force.sync.num = 128 (default)
2023-09-28 12:55:53,098 [2942950e-5b72-4e60-8fd7-505c1475c682-groupManagement] INFO  server.RaftServerConfigKeys (ConfUtils.java:logGet(46)) - raft.server.log.statemachine.data.sync = true (default)
2023-09-28 12:55:53,098 [2942950e-5b72-4e60-8fd7-505c1475c682-groupManagement] INFO  server.RaftServerConfigKeys (ConfUtils.java:logGet(46)) - raft.server.log.statemachine.data.sync.timeout = 10s (default)
2023-09-28 12:55:53,098 [2942950e-5b72-4e60-8fd7-505c1475c682-groupManagement] INFO  server.RaftServerConfigKeys (ConfUtils.java:logGet(46)) - raft.server.log.statemachine.data.sync.timeout.retry = -1 (default)
2023-09-28 12:55:53,099 [2942950e-5b72-4e60-8fd7-505c1475c682-groupManagement] INFO  server.RaftServerConfigKeys (ConfUtils.java:logGet(46)) - raft.server.log.write.buffer.size = 1048576 (custom)
2023-09-28 12:55:53,100 [3b419e23-3cc6-45b0-b9b5-04f9349798d3-groupManagement] INFO  server.RaftServerConfigKeys (ConfUtils.java:logGet(46)) - raft.server.log.write.buffer.size = 1048576 (custom)
2023-09-28 12:55:53,101 [fca1e5c8-2bd7-4c44-b23c-b8bd0cf2342b-groupManagement] INFO  server.RaftServerConfigKeys (ConfUtils.java:logGet(46)) - raft.server.log.unsafe-flush.enabled = false (default)
2023-09-28 12:55:53,101 [fca1e5c8-2bd7-4c44-b23c-b8bd0cf2342b-groupManagement] INFO  server.RaftServerConfigKeys (ConfUtils.java:logGet(46)) - raft.server.log.async-flush.enabled = false (default)
2023-09-28 12:55:53,101 [fca1e5c8-2bd7-4c44-b23c-b8bd0cf2342b-groupManagement] INFO  server.RaftServerConfigKeys (ConfUtils.java:logGet(46)) - raft.server.log.statemachine.data.caching.enabled = true (custom)
2023-09-28 12:55:53,101 [fca1e5c8-2bd7-4c44-b23c-b8bd0cf2342b-groupManagement] INFO  segmented.SegmentedRaftLogWorker (SegmentedRaftLogWorker.java:lambda$new$0(135)) - fca1e5c8-2bd7-4c44-b23c-b8bd0cf2342b@group-B074F017E0DE-SegmentedRaftLogWorker: flushIndex: setUnconditionally 0 -> -1
2023-09-28 12:55:53,101 [fca1e5c8-2bd7-4c44-b23c-b8bd0cf2342b-groupManagement] INFO  segmented.SegmentedRaftLogWorker (SegmentedRaftLogWorker.java:lambda$new$0(135)) - fca1e5c8-2bd7-4c44-b23c-b8bd0cf2342b@group-B074F017E0DE-SegmentedRaftLogWorker: safeCacheEvictIndex: setUnconditionally 0 -> -1
2023-09-28 12:55:53,102 [fca1e5c8-2bd7-4c44-b23c-b8bd0cf2342b-groupManagement] INFO  server.RaftServer$Division (RaftServerImpl.java:start(342)) - fca1e5c8-2bd7-4c44-b23c-b8bd0cf2342b@group-B074F017E0DE: start as a follower, conf=-1: peers:[fca1e5c8-2bd7-4c44-b23c-b8bd0cf2342b|rpc:10.1.0.34:15041|admin:10.1.0.34:15040|client:10.1.0.34:15039|dataStream:10.1.0.34:15042|priority:1|startupRole:FOLLOWER]|listeners:[], old=null
2023-09-28 12:55:53,102 [fca1e5c8-2bd7-4c44-b23c-b8bd0cf2342b-groupManagement] INFO  server.RaftServer$Division (RaftServerImpl.java:setRole(329)) - fca1e5c8-2bd7-4c44-b23c-b8bd0cf2342b@group-B074F017E0DE: changes role from      null to FOLLOWER at term 0 for startAsFollower
2023-09-28 12:55:53,102 [fca1e5c8-2bd7-4c44-b23c-b8bd0cf2342b-groupManagement] INFO  impl.RoleInfo (RoleInfo.java:updateAndGet(139)) - fca1e5c8-2bd7-4c44-b23c-b8bd0cf2342b: start fca1e5c8-2bd7-4c44-b23c-b8bd0cf2342b@group-B074F017E0DE-FollowerState
2023-09-28 12:55:53,102 [3b419e23-3cc6-45b0-b9b5-04f9349798d3-groupManagement] INFO  server.RaftServerConfigKeys (ConfUtils.java:logGet(46)) - raft.server.log.appender.buffer.byte-limit = 33554432 (custom)
2023-09-28 12:55:53,102 [fca1e5c8-2bd7-4c44-b23c-b8bd0cf2342b-groupManagement] INFO  util.JmxRegister (JmxRegister.java:tryRegister(44)) - Successfully registered JMX Bean with object name Ratis:service=RaftServer,group=group-B074F017E0DE,id=fca1e5c8-2bd7-4c44-b23c-b8bd0cf2342b
2023-09-28 12:55:53,102 [fca1e5c8-2bd7-4c44-b23c-b8bd0cf2342b-groupManagement] INFO  server.RaftServerConfigKeys (ConfUtils.java:logGet(46)) - raft.server.snapshot.auto.trigger.enabled = true (custom)
2023-09-28 12:55:53,102 [fca1e5c8-2bd7-4c44-b23c-b8bd0cf2342b-groupManagement] INFO  server.RaftServerConfigKeys (ConfUtils.java:logGet(46)) - raft.server.snapshot.auto.trigger.threshold = 10000 (custom)
2023-09-28 12:55:53,102 [fca1e5c8-2bd7-4c44-b23c-b8bd0cf2342b-groupManagement] INFO  server.RaftServerConfigKeys (ConfUtils.java:logGet(46)) - raft.server.snapshot.retention.file.num = 5 (custom)
2023-09-28 12:55:53,102 [fca1e5c8-2bd7-4c44-b23c-b8bd0cf2342b-groupManagement] INFO  server.RaftServerConfigKeys (ConfUtils.java:logGet(46)) - raft.server.log.purge.upto.snapshot.index = false (default)
2023-09-28 12:55:53,103 [fca1e5c8-2bd7-4c44-b23c-b8bd0cf2342b@group-B074F017E0DE-FollowerState] INFO  server.RaftServerConfigKeys (ConfUtils.java:logFallback(53)) - raft.server.rpc.first-election.timeout.min = 5s (fallback to raft.server.rpc.timeout.min)
2023-09-28 12:55:53,103 [fca1e5c8-2bd7-4c44-b23c-b8bd0cf2342b@group-B074F017E0DE-FollowerState] INFO  server.RaftServerConfigKeys (ConfUtils.java:logFallback(53)) - raft.server.rpc.first-election.timeout.max = 5200ms (fallback to raft.server.rpc.timeout.max)
2023-09-28 12:55:53,105 [PipelineCommandHandlerThread-0] INFO  ratis.XceiverServerRatis (XceiverServerRatis.java:addGroup(804)) - Created group PipelineID=87a13565-0da2-4ace-99ec-b074f017e0de
2023-09-28 12:55:53,105 [PipelineCommandHandlerThread-0] INFO  commandhandler.CreatePipelineCommandHandler (CreatePipelineCommandHandler.java:lambda$handle$2(124)) - Created Pipeline RATIS ONE PipelineID=87a13565-0da2-4ace-99ec-b074f017e0de.
2023-09-28 12:55:53,106 [2942950e-5b72-4e60-8fd7-505c1475c682-groupManagement] INFO  server.RaftServerConfigKeys (ConfUtils.java:logGet(46)) - raft.server.log.appender.buffer.byte-limit = 33554432 (custom)
2023-09-28 12:55:53,111 [EventQueue-OpenPipelineForHealthyPipelineSafeModeRule] INFO  safemode.SCMSafeModeManager (HealthyPipelineSafeModeRule.java:process(137)) - SCM in safe mode. Healthy pipelines reported count is 0, required healthy pipeline reported count is 1
2023-09-28 12:55:53,111 [EventQueue-OpenPipelineForHealthyPipelineSafeModeRule] INFO  safemode.SCMSafeModeManager (HealthyPipelineSafeModeRule.java:process(137)) - SCM in safe mode. Healthy pipelines reported count is 0, required healthy pipeline reported count is 1
2023-09-28 12:55:53,113 [2942950e-5b72-4e60-8fd7-505c1475c682-groupManagement] INFO  server.RaftServerConfigKeys (ConfUtils.java:logGet(46)) - raft.server.log.unsafe-flush.enabled = false (default)
2023-09-28 12:55:53,114 [2942950e-5b72-4e60-8fd7-505c1475c682-groupManagement] INFO  server.RaftServerConfigKeys (ConfUtils.java:logGet(46)) - raft.server.log.async-flush.enabled = false (default)
2023-09-28 12:55:53,114 [2942950e-5b72-4e60-8fd7-505c1475c682-groupManagement] INFO  server.RaftServerConfigKeys (ConfUtils.java:logGet(46)) - raft.server.log.statemachine.data.caching.enabled = true (custom)
2023-09-28 12:55:53,114 [2942950e-5b72-4e60-8fd7-505c1475c682-groupManagement] INFO  segmented.SegmentedRaftLogWorker (SegmentedRaftLogWorker.java:lambda$new$0(135)) - 2942950e-5b72-4e60-8fd7-505c1475c682@group-EB7ED20B9F16-SegmentedRaftLogWorker: flushIndex: setUnconditionally 0 -> -1
2023-09-28 12:55:53,114 [2942950e-5b72-4e60-8fd7-505c1475c682-groupManagement] INFO  segmented.SegmentedRaftLogWorker (SegmentedRaftLogWorker.java:lambda$new$0(135)) - 2942950e-5b72-4e60-8fd7-505c1475c682@group-EB7ED20B9F16-SegmentedRaftLogWorker: safeCacheEvictIndex: setUnconditionally 0 -> -1
2023-09-28 12:55:53,114 [2942950e-5b72-4e60-8fd7-505c1475c682-groupManagement] INFO  server.RaftServer$Division (RaftServerImpl.java:start(342)) - 2942950e-5b72-4e60-8fd7-505c1475c682@group-EB7ED20B9F16: start as a follower, conf=-1: peers:[3b419e23-3cc6-45b0-b9b5-04f9349798d3|rpc:10.1.0.34:15032|admin:10.1.0.34:15031|client:10.1.0.34:15030|dataStream:10.1.0.34:15033|priority:0|startupRole:FOLLOWER, 034573be-2326-4784-8299-dcb44cb21fac|rpc:10.1.0.34:15014|admin:10.1.0.34:15013|client:10.1.0.34:15012|dataStream:10.1.0.34:15015|priority:1|startupRole:FOLLOWER, 2942950e-5b72-4e60-8fd7-505c1475c682|rpc:10.1.0.34:15023|admin:10.1.0.34:15022|client:10.1.0.34:15021|dataStream:10.1.0.34:15024|priority:0|startupRole:FOLLOWER]|listeners:[], old=null
2023-09-28 12:55:53,114 [2942950e-5b72-4e60-8fd7-505c1475c682-groupManagement] INFO  server.RaftServer$Division (RaftServerImpl.java:setRole(329)) - 2942950e-5b72-4e60-8fd7-505c1475c682@group-EB7ED20B9F16: changes role from      null to FOLLOWER at term 0 for startAsFollower
2023-09-28 12:55:53,114 [2942950e-5b72-4e60-8fd7-505c1475c682-groupManagement] INFO  impl.RoleInfo (RoleInfo.java:updateAndGet(139)) - 2942950e-5b72-4e60-8fd7-505c1475c682: start 2942950e-5b72-4e60-8fd7-505c1475c682@group-EB7ED20B9F16-FollowerState
2023-09-28 12:55:53,115 [2942950e-5b72-4e60-8fd7-505c1475c682-groupManagement] INFO  util.JmxRegister (JmxRegister.java:tryRegister(44)) - Successfully registered JMX Bean with object name Ratis:service=RaftServer,group=group-EB7ED20B9F16,id=2942950e-5b72-4e60-8fd7-505c1475c682
2023-09-28 12:55:53,115 [2942950e-5b72-4e60-8fd7-505c1475c682-groupManagement] INFO  server.RaftServerConfigKeys (ConfUtils.java:logGet(46)) - raft.server.snapshot.auto.trigger.enabled = true (custom)
2023-09-28 12:55:53,115 [2942950e-5b72-4e60-8fd7-505c1475c682-groupManagement] INFO  server.RaftServerConfigKeys (ConfUtils.java:logGet(46)) - raft.server.snapshot.auto.trigger.threshold = 10000 (custom)
2023-09-28 12:55:53,115 [2942950e-5b72-4e60-8fd7-505c1475c682-groupManagement] INFO  server.RaftServerConfigKeys (ConfUtils.java:logGet(46)) - raft.server.snapshot.retention.file.num = 5 (custom)
2023-09-28 12:55:53,115 [2942950e-5b72-4e60-8fd7-505c1475c682-groupManagement] INFO  server.RaftServerConfigKeys (ConfUtils.java:logGet(46)) - raft.server.log.purge.upto.snapshot.index = false (default)
2023-09-28 12:55:53,116 [2942950e-5b72-4e60-8fd7-505c1475c682@group-EB7ED20B9F16-FollowerState] INFO  server.RaftServerConfigKeys (ConfUtils.java:logFallback(53)) - raft.server.rpc.first-election.timeout.min = 5s (fallback to raft.server.rpc.timeout.min)
2023-09-28 12:55:53,116 [PipelineCommandHandlerThread-0] INFO  ratis.XceiverServerRatis (XceiverServerRatis.java:addGroup(804)) - Created group PipelineID=431cf206-d1a0-4cca-a503-eb7ed20b9f16
2023-09-28 12:55:53,123 [3b419e23-3cc6-45b0-b9b5-04f9349798d3-groupManagement] INFO  server.RaftServerConfigKeys (ConfUtils.java:logGet(46)) - raft.server.log.unsafe-flush.enabled = false (default)
2023-09-28 12:55:53,123 [3b419e23-3cc6-45b0-b9b5-04f9349798d3-groupManagement] INFO  server.RaftServerConfigKeys (ConfUtils.java:logGet(46)) - raft.server.log.async-flush.enabled = false (default)
2023-09-28 12:55:53,123 [3b419e23-3cc6-45b0-b9b5-04f9349798d3-groupManagement] INFO  server.RaftServerConfigKeys (ConfUtils.java:logGet(46)) - raft.server.log.statemachine.data.caching.enabled = true (custom)
2023-09-28 12:55:53,124 [3b419e23-3cc6-45b0-b9b5-04f9349798d3-groupManagement] INFO  segmented.SegmentedRaftLogWorker (SegmentedRaftLogWorker.java:lambda$new$0(135)) - 3b419e23-3cc6-45b0-b9b5-04f9349798d3@group-EB7ED20B9F16-SegmentedRaftLogWorker: flushIndex: setUnconditionally 0 -> -1
2023-09-28 12:55:53,124 [3b419e23-3cc6-45b0-b9b5-04f9349798d3-groupManagement] INFO  segmented.SegmentedRaftLogWorker (SegmentedRaftLogWorker.java:lambda$new$0(135)) - 3b419e23-3cc6-45b0-b9b5-04f9349798d3@group-EB7ED20B9F16-SegmentedRaftLogWorker: safeCacheEvictIndex: setUnconditionally 0 -> -1
2023-09-28 12:55:53,125 [2942950e-5b72-4e60-8fd7-505c1475c682@group-EB7ED20B9F16-FollowerState] INFO  server.RaftServerConfigKeys (ConfUtils.java:logFallback(53)) - raft.server.rpc.first-election.timeout.max = 5200ms (fallback to raft.server.rpc.timeout.max)
2023-09-28 12:55:53,129 [3b419e23-3cc6-45b0-b9b5-04f9349798d3-groupManagement] INFO  server.RaftServer$Division (RaftServerImpl.java:start(342)) - 3b419e23-3cc6-45b0-b9b5-04f9349798d3@group-EB7ED20B9F16: start as a follower, conf=-1: peers:[3b419e23-3cc6-45b0-b9b5-04f9349798d3|rpc:10.1.0.34:15032|admin:10.1.0.34:15031|client:10.1.0.34:15030|dataStream:10.1.0.34:15033|priority:0|startupRole:FOLLOWER, 034573be-2326-4784-8299-dcb44cb21fac|rpc:10.1.0.34:15014|admin:10.1.0.34:15013|client:10.1.0.34:15012|dataStream:10.1.0.34:15015|priority:1|startupRole:FOLLOWER, 2942950e-5b72-4e60-8fd7-505c1475c682|rpc:10.1.0.34:15023|admin:10.1.0.34:15022|client:10.1.0.34:15021|dataStream:10.1.0.34:15024|priority:0|startupRole:FOLLOWER]|listeners:[], old=null
2023-09-28 12:55:53,129 [3b419e23-3cc6-45b0-b9b5-04f9349798d3-groupManagement] INFO  server.RaftServer$Division (RaftServerImpl.java:setRole(329)) - 3b419e23-3cc6-45b0-b9b5-04f9349798d3@group-EB7ED20B9F16: changes role from      null to FOLLOWER at term 0 for startAsFollower
2023-09-28 12:55:53,129 [3b419e23-3cc6-45b0-b9b5-04f9349798d3-groupManagement] INFO  impl.RoleInfo (RoleInfo.java:updateAndGet(139)) - 3b419e23-3cc6-45b0-b9b5-04f9349798d3: start 3b419e23-3cc6-45b0-b9b5-04f9349798d3@group-EB7ED20B9F16-FollowerState
2023-09-28 12:55:53,129 [3b419e23-3cc6-45b0-b9b5-04f9349798d3-groupManagement] INFO  util.JmxRegister (JmxRegister.java:tryRegister(44)) - Successfully registered JMX Bean with object name Ratis:service=RaftServer,group=group-EB7ED20B9F16,id=3b419e23-3cc6-45b0-b9b5-04f9349798d3
2023-09-28 12:55:53,129 [3b419e23-3cc6-45b0-b9b5-04f9349798d3-groupManagement] INFO  server.RaftServerConfigKeys (ConfUtils.java:logGet(46)) - raft.server.snapshot.auto.trigger.enabled = true (custom)
2023-09-28 12:55:53,129 [3b419e23-3cc6-45b0-b9b5-04f9349798d3-groupManagement] INFO  server.RaftServerConfigKeys (ConfUtils.java:logGet(46)) - raft.server.snapshot.auto.trigger.threshold = 10000 (custom)
2023-09-28 12:55:53,130 [3b419e23-3cc6-45b0-b9b5-04f9349798d3-groupManagement] INFO  server.RaftServerConfigKeys (ConfUtils.java:logGet(46)) - raft.server.snapshot.retention.file.num = 5 (custom)
2023-09-28 12:55:53,130 [3b419e23-3cc6-45b0-b9b5-04f9349798d3-groupManagement] INFO  server.RaftServerConfigKeys (ConfUtils.java:logGet(46)) - raft.server.log.purge.upto.snapshot.index = false (default)
2023-09-28 12:55:53,130 [3b419e23-3cc6-45b0-b9b5-04f9349798d3@group-EB7ED20B9F16-FollowerState] INFO  server.RaftServerConfigKeys (ConfUtils.java:logFallback(53)) - raft.server.rpc.first-election.timeout.min = 5s (fallback to raft.server.rpc.timeout.min)
2023-09-28 12:55:53,133 [3b419e23-3cc6-45b0-b9b5-04f9349798d3@group-EB7ED20B9F16-FollowerState] INFO  server.RaftServerConfigKeys (ConfUtils.java:logFallback(53)) - raft.server.rpc.first-election.timeout.max = 5200ms (fallback to raft.server.rpc.timeout.max)
2023-09-28 12:55:53,225 [PipelineCommandHandlerThread-0] INFO  commandhandler.CreatePipelineCommandHandler (CreatePipelineCommandHandler.java:lambda$handle$2(124)) - Created Pipeline RATIS THREE PipelineID=431cf206-d1a0-4cca-a503-eb7ed20b9f16.
2023-09-28 12:55:53,239 [PipelineCommandHandlerThread-0] INFO  commandhandler.CreatePipelineCommandHandler (CreatePipelineCommandHandler.java:lambda$handle$2(124)) - Created Pipeline RATIS THREE PipelineID=431cf206-d1a0-4cca-a503-eb7ed20b9f16.
2023-09-28 12:55:53,293 [main] INFO  ozone.MiniOzoneClusterImpl (MiniOzoneClusterImpl.java:lambda$waitForClusterToBeReady$0(229)) - Nodes are ready. Got 5 of 5 DN Heartbeats.
2023-09-28 12:55:53,293 [main] INFO  ozone.MiniOzoneClusterImpl (MiniOzoneClusterImpl.java:lambda$waitForClusterToBeReady$0(232)) - Waiting for cluster to exit safe mode
2023-09-28 12:55:53,293 [main] INFO  ozone.MiniOzoneClusterImpl (MiniOzoneClusterImpl.java:lambda$waitForClusterToBeReady$0(234)) - SCM became leader
2023-09-28 12:55:53,300 [PipelineCommandHandlerThread-0] INFO  server.RaftServer (RaftServerProxy.java:addNew(98)) - b52fde56-f3e5-42d4-9b16-acace5358b39: addNew group-DD5E186A43BD:[b52fde56-f3e5-42d4-9b16-acace5358b39|rpc:10.1.0.34:15050|admin:10.1.0.34:15049|client:10.1.0.34:15048|dataStream:10.1.0.34:15051|priority:1|startupRole:FOLLOWER] returns group-DD5E186A43BD:java.util.concurrent.CompletableFuture@7aa48a1b[Not completed]
2023-09-28 12:55:53,302 [b52fde56-f3e5-42d4-9b16-acace5358b39-groupManagement] INFO  server.RaftServer$Division (RaftServerImpl.java:<init>(198)) - b52fde56-f3e5-42d4-9b16-acace5358b39: new RaftServerImpl for group-DD5E186A43BD:[b52fde56-f3e5-42d4-9b16-acace5358b39|rpc:10.1.0.34:15050|admin:10.1.0.34:15049|client:10.1.0.34:15048|dataStream:10.1.0.34:15051|priority:1|startupRole:FOLLOWER] with ContainerStateMachine:uninitialized
2023-09-28 12:55:53,302 [b52fde56-f3e5-42d4-9b16-acace5358b39-groupManagement] INFO  server.RaftServerConfigKeys (ConfUtils.java:logGet(46)) - raft.server.rpc.timeout.min = 5s (custom)
2023-09-28 12:55:53,302 [b52fde56-f3e5-42d4-9b16-acace5358b39-groupManagement] INFO  server.RaftServerConfigKeys (ConfUtils.java:logGet(46)) - raft.server.rpc.timeout.max = 5200ms (custom)
2023-09-28 12:55:53,302 [b52fde56-f3e5-42d4-9b16-acace5358b39-groupManagement] INFO  server.RaftServerConfigKeys (ConfUtils.java:logGet(46)) - raft.server.rpc.sleep.time = 25ms (default)
2023-09-28 12:55:53,302 [b52fde56-f3e5-42d4-9b16-acace5358b39-groupManagement] INFO  server.RaftServerConfigKeys (ConfUtils.java:logGet(46)) - raft.server.rpc.slowness.timeout = 300s (custom)
2023-09-28 12:55:53,302 [b52fde56-f3e5-42d4-9b16-acace5358b39-groupManagement] INFO  server.RaftServerConfigKeys (ConfUtils.java:logGet(46)) - raft.server.leaderelection.leader.step-down.wait-time = 10s (default)
2023-09-28 12:55:53,302 [b52fde56-f3e5-42d4-9b16-acace5358b39-groupManagement] INFO  server.RaftServerConfigKeys (ConfUtils.java:logGet(46)) - raft.server.sleep.deviation.threshold = 300ms (default)
2023-09-28 12:55:53,302 [b52fde56-f3e5-42d4-9b16-acace5358b39-groupManagement] INFO  server.RaftServer$Division (ServerState.java:<init>(120)) - b52fde56-f3e5-42d4-9b16-acace5358b39@group-DD5E186A43BD: ConfigurationManager, init=-1: peers:[b52fde56-f3e5-42d4-9b16-acace5358b39|rpc:10.1.0.34:15050|admin:10.1.0.34:15049|client:10.1.0.34:15048|dataStream:10.1.0.34:15051|priority:1|startupRole:FOLLOWER]|listeners:[], old=null, confs=<EMPTY_MAP>
2023-09-28 12:55:53,303 [b52fde56-f3e5-42d4-9b16-acace5358b39-groupManagement] INFO  server.RaftServerConfigKeys (ConfUtils.java:logGet(46)) - raft.server.storage.dir = [/home/runner/work/ozone/ozone/hadoop-ozone/integration-test/target/test-dir/MiniOzoneClusterImpl-82bdab22-5801-416e-a4bc-b8f6b9675fef/datanode-4/data/ratis] (custom)
2023-09-28 12:55:53,303 [b52fde56-f3e5-42d4-9b16-acace5358b39-groupManagement] INFO  server.RaftServerConfigKeys (ConfUtils.java:logGet(46)) - raft.server.log.corruption.policy = EXCEPTION (default)
2023-09-28 12:55:53,303 [b52fde56-f3e5-42d4-9b16-acace5358b39-groupManagement] INFO  server.RaftServerConfigKeys (ConfUtils.java:logGet(46)) - raft.server.storage.free-space.min = 0MB (=0) (default)
2023-09-28 12:55:53,303 [b52fde56-f3e5-42d4-9b16-acace5358b39-groupManagement] INFO  server.RaftServerConfigKeys (ConfUtils.java:logGet(46)) - raft.server.notification.no-leader.timeout = 300s (custom)
2023-09-28 12:55:53,303 [b52fde56-f3e5-42d4-9b16-acace5358b39-groupManagement] INFO  server.RaftServerConfigKeys (ConfUtils.java:logGet(46)) - raft.server.read.timeout = 10s (default)
2023-09-28 12:55:53,303 [b52fde56-f3e5-42d4-9b16-acace5358b39-groupManagement] INFO  server.RaftServerConfigKeys (ConfUtils.java:logGet(46)) - raft.server.retrycache.expirytime = 600000ms (custom)
2023-09-28 12:55:53,303 [b52fde56-f3e5-42d4-9b16-acace5358b39-groupManagement] INFO  server.RaftServerConfigKeys (ConfUtils.java:logGet(46)) - raft.server.retrycache.statistics.expirytime = 100μs (default)
2023-09-28 12:55:53,303 [b52fde56-f3e5-42d4-9b16-acace5358b39-groupManagement] INFO  server.RaftServerConfigKeys (ConfUtils.java:logGet(46)) - raft.server.read.option = DEFAULT (default)
2023-09-28 12:55:53,311 [b52fde56-f3e5-42d4-9b16-acace5358b39-groupManagement] INFO  server.RaftServerConfigKeys (ConfUtils.java:logGet(46)) - raft.server.rpc.request.timeout = 60s (custom)
2023-09-28 12:55:53,311 [b52fde56-f3e5-42d4-9b16-acace5358b39-groupManagement] INFO  server.RaftServerConfigKeys (ConfUtils.java:logGet(46)) - raft.server.log.appender.install.snapshot.enabled = false (custom)
2023-09-28 12:55:53,311 [b52fde56-f3e5-42d4-9b16-acace5358b39-groupManagement] INFO  server.RaftServerConfigKeys (ConfUtils.java:logGet(46)) - raft.server.threadpool.server.cached = true (default)
2023-09-28 12:55:53,311 [b52fde56-f3e5-42d4-9b16-acace5358b39-groupManagement] INFO  server.RaftServerConfigKeys (ConfUtils.java:logGet(46)) - raft.server.threadpool.server.size = 0 (default)
2023-09-28 12:55:53,311 [b52fde56-f3e5-42d4-9b16-acace5358b39-groupManagement] INFO  server.RaftServerConfigKeys (ConfUtils.java:logGet(46)) - raft.server.threadpool.client.cached = true (default)
2023-09-28 12:55:53,314 [b52fde56-f3e5-42d4-9b16-acace5358b39-groupManagement] INFO  server.RaftServerConfigKeys (ConfUtils.java:logGet(46)) - raft.server.threadpool.client.size = 0 (default)
2023-09-28 12:55:53,314 [b52fde56-f3e5-42d4-9b16-acace5358b39-groupManagement] INFO  storage.RaftStorageDirectory (RaftStorageDirectoryImpl.java:analyzeStorage(137)) - The storage directory /home/runner/work/ozone/ozone/hadoop-ozone/integration-test/target/test-dir/MiniOzoneClusterImpl-82bdab22-5801-416e-a4bc-b8f6b9675fef/datanode-4/data/ratis/a2063f5e-823e-4974-abd5-dd5e186a43bd does not exist. Creating ...
2023-09-28 12:55:53,316 [b52fde56-f3e5-42d4-9b16-acace5358b39-groupManagement] INFO  storage.RaftStorageDirectory (RaftStorageDirectoryImpl.java:tryLock(231)) - Lock on /home/runner/work/ozone/ozone/hadoop-ozone/integration-test/target/test-dir/MiniOzoneClusterImpl-82bdab22-5801-416e-a4bc-b8f6b9675fef/datanode-4/data/ratis/a2063f5e-823e-4974-abd5-dd5e186a43bd/in_use.lock acquired by nodename 7568@fv-az163-431
2023-09-28 12:55:53,318 [b52fde56-f3e5-42d4-9b16-acace5358b39-groupManagement] INFO  storage.RaftStorage (RaftStorageImpl.java:format(96)) - Storage directory /home/runner/work/ozone/ozone/hadoop-ozone/integration-test/target/test-dir/MiniOzoneClusterImpl-82bdab22-5801-416e-a4bc-b8f6b9675fef/datanode-4/data/ratis/a2063f5e-823e-4974-abd5-dd5e186a43bd has been successfully formatted.
2023-09-28 12:55:53,320 [b52fde56-f3e5-42d4-9b16-acace5358b39-groupManagement] INFO  ratis.ContainerStateMachine (ContainerStateMachine.java:loadSnapshot(262)) - group-DD5E186A43BD: The snapshot info is null. Setting the last applied indexto:(t:0, i:~)
2023-09-28 12:55:53,320 [b52fde56-f3e5-42d4-9b16-acace5358b39-groupManagement] INFO  server.RaftServerConfigKeys (ConfUtils.java:logGet(46)) - raft.server.log.use.memory = false (default)
2023-09-28 12:55:53,320 [b52fde56-f3e5-42d4-9b16-acace5358b39-groupManagement] INFO  server.RaftServerConfigKeys (ConfUtils.java:logGet(46)) - raft.server.log.purge.gap = 1000000 (custom)
2023-09-28 12:55:53,321 [b52fde56-f3e5-42d4-9b16-acace5358b39-groupManagement] INFO  server.RaftServerConfigKeys (ConfUtils.java:logGet(46)) - raft.server.log.appender.buffer.byte-limit = 33554432 (custom)
2023-09-28 12:55:53,321 [b52fde56-f3e5-42d4-9b16-acace5358b39-groupManagement] INFO  server.RaftServerConfigKeys (ConfUtils.java:logGet(46)) - raft.server.log.statemachine.data.read.timeout = 1000ms (default)
2023-09-28 12:55:53,322 [b52fde56-f3e5-42d4-9b16-acace5358b39-groupManagement] INFO  server.RaftServerConfigKeys (ConfUtils.java:logGet(46)) - raft.server.log.purge.preservation.log.num = 0 (default)
2023-09-28 12:55:53,322 [b52fde56-f3e5-42d4-9b16-acace5358b39-groupManagement] INFO  server.RaftServerConfigKeys (ConfUtils.java:logGet(46)) - raft.server.log.segment.size.max = 1048576 (custom)
2023-09-28 12:55:53,323 [b52fde56-f3e5-42d4-9b16-acace5358b39-groupManagement] INFO  server.RaftServerConfigKeys (ConfUtils.java:logGet(46)) - raft.server.log.segment.cache.num.max = 2 (custom)
2023-09-28 12:55:53,323 [b52fde56-f3e5-42d4-9b16-acace5358b39-groupManagement] INFO  server.RaftServerConfigKeys (ConfUtils.java:logGet(46)) - raft.server.log.segment.cache.size.max = 200MB (=209715200) (default)
2023-09-28 12:55:53,323 [b52fde56-f3e5-42d4-9b16-acace5358b39-groupManagement] INFO  server.RaftServerConfigKeys (ConfUtils.java:logGet(46)) - raft.server.log.appender.buffer.byte-limit = 33554432 (custom)
2023-09-28 12:55:53,323 [b52fde56-f3e5-42d4-9b16-acace5358b39-groupManagement] INFO  segmented.SegmentedRaftLogWorker (SegmentedRaftLogWorker.java:<init>(188)) - new b52fde56-f3e5-42d4-9b16-acace5358b39@group-DD5E186A43BD-SegmentedRaftLogWorker for RaftStorageImpl:Storage Directory /home/runner/work/ozone/ozone/hadoop-ozone/integration-test/target/test-dir/MiniOzoneClusterImpl-82bdab22-5801-416e-a4bc-b8f6b9675fef/datanode-4/data/ratis/a2063f5e-823e-4974-abd5-dd5e186a43bd
2023-09-28 12:55:53,323 [b52fde56-f3e5-42d4-9b16-acace5358b39-groupManagement] INFO  server.RaftServerConfigKeys (ConfUtils.java:logGet(46)) - raft.server.log.queue.byte-limit = 4294967296 (custom)
2023-09-28 12:55:53,323 [b52fde56-f3e5-42d4-9b16-acace5358b39-groupManagement] INFO  server.RaftServerConfigKeys (ConfUtils.java:logGet(46)) - raft.server.log.queue.element-limit = 1024 (custom)
2023-09-28 12:55:53,323 [b52fde56-f3e5-42d4-9b16-acace5358b39-groupManagement] INFO  server.RaftServerConfigKeys (ConfUtils.java:logGet(46)) - raft.server.log.segment.size.max = 1048576 (custom)
2023-09-28 12:55:53,323 [b52fde56-f3e5-42d4-9b16-acace5358b39-groupManagement] INFO  server.RaftServerConfigKeys (ConfUtils.java:logGet(46)) - raft.server.log.preallocated.size = 16384 (custom)
2023-09-28 12:55:53,323 [b52fde56-f3e5-42d4-9b16-acace5358b39-groupManagement] INFO  server.RaftServerConfigKeys (ConfUtils.java:logGet(46)) - raft.server.log.force.sync.num = 128 (default)
2023-09-28 12:55:53,323 [b52fde56-f3e5-42d4-9b16-acace5358b39-groupManagement] INFO  server.RaftServerConfigKeys (ConfUtils.java:logGet(46)) - raft.server.log.statemachine.data.sync = true (default)
2023-09-28 12:55:53,323 [b52fde56-f3e5-42d4-9b16-acace5358b39-groupManagement] INFO  server.RaftServerConfigKeys (ConfUtils.java:logGet(46)) - raft.server.log.statemachine.data.sync.timeout = 10s (default)
2023-09-28 12:55:53,323 [b52fde56-f3e5-42d4-9b16-acace5358b39-groupManagement] INFO  server.RaftServerConfigKeys (ConfUtils.java:logGet(46)) - raft.server.log.statemachine.data.sync.timeout.retry = -1 (default)
2023-09-28 12:55:53,323 [EventQueue-PipelineReportForPipelineReportHandler] INFO  pipeline.PipelineReportHandler (PipelineReportHandler.java:processPipelineReport(136)) - Opened pipeline PipelineID=a2063f5e-823e-4974-abd5-dd5e186a43bd
2023-09-28 12:55:53,324 [EventQueue-OpenPipelineForHealthyPipelineSafeModeRule] INFO  safemode.SCMSafeModeManager (HealthyPipelineSafeModeRule.java:process(137)) - SCM in safe mode. Healthy pipelines reported count is 0, required healthy pipeline reported count is 1
2023-09-28 12:55:53,324 [b52fde56-f3e5-42d4-9b16-acace5358b39-groupManagement] INFO  server.RaftServerConfigKeys (ConfUtils.java:logGet(46)) - raft.server.log.write.buffer.size = 1048576 (custom)
2023-09-28 12:55:53,326 [b52fde56-f3e5-42d4-9b16-acace5358b39-groupManagement] INFO  server.RaftServerConfigKeys (ConfUtils.java:logGet(46)) - raft.server.log.appender.buffer.byte-limit = 33554432 (custom)
2023-09-28 12:55:53,332 [b52fde56-f3e5-42d4-9b16-acace5358b39-groupManagement] INFO  server.RaftServerConfigKeys (ConfUtils.java:logGet(46)) - raft.server.log.unsafe-flush.enabled = false (default)
2023-09-28 12:55:53,337 [b52fde56-f3e5-42d4-9b16-acace5358b39-groupManagement] INFO  server.RaftServerConfigKeys (ConfUtils.java:logGet(46)) - raft.server.log.async-flush.enabled = false (default)
2023-09-28 12:55:53,337 [b52fde56-f3e5-42d4-9b16-acace5358b39-groupManagement] INFO  server.RaftServerConfigKeys (ConfUtils.java:logGet(46)) - raft.server.log.statemachine.data.caching.enabled = true (custom)
2023-09-28 12:55:53,337 [b52fde56-f3e5-42d4-9b16-acace5358b39-groupManagement] INFO  segmented.SegmentedRaftLogWorker (SegmentedRaftLogWorker.java:lambda$new$0(135)) - b52fde56-f3e5-42d4-9b16-acace5358b39@group-DD5E186A43BD-SegmentedRaftLogWorker: flushIndex: setUnconditionally 0 -> -1
2023-09-28 12:55:53,337 [b52fde56-f3e5-42d4-9b16-acace5358b39-groupManagement] INFO  segmented.SegmentedRaftLogWorker (SegmentedRaftLogWorker.java:lambda$new$0(135)) - b52fde56-f3e5-42d4-9b16-acace5358b39@group-DD5E186A43BD-SegmentedRaftLogWorker: safeCacheEvictIndex: setUnconditionally 0 -> -1
2023-09-28 12:55:53,339 [b52fde56-f3e5-42d4-9b16-acace5358b39-groupManagement] INFO  server.RaftServer$Division (RaftServerImpl.java:start(342)) - b52fde56-f3e5-42d4-9b16-acace5358b39@group-DD5E186A43BD: start as a follower, conf=-1: peers:[b52fde56-f3e5-42d4-9b16-acace5358b39|rpc:10.1.0.34:15050|admin:10.1.0.34:15049|client:10.1.0.34:15048|dataStream:10.1.0.34:15051|priority:1|startupRole:FOLLOWER]|listeners:[], old=null
2023-09-28 12:55:53,339 [b52fde56-f3e5-42d4-9b16-acace5358b39-groupManagement] INFO  server.RaftServer$Division (RaftServerImpl.java:setRole(329)) - b52fde56-f3e5-42d4-9b16-acace5358b39@group-DD5E186A43BD: changes role from      null to FOLLOWER at term 0 for startAsFollower
2023-09-28 12:55:53,339 [b52fde56-f3e5-42d4-9b16-acace5358b39-groupManagement] INFO  impl.RoleInfo (RoleInfo.java:updateAndGet(139)) - b52fde56-f3e5-42d4-9b16-acace5358b39: start b52fde56-f3e5-42d4-9b16-acace5358b39@group-DD5E186A43BD-FollowerState
2023-09-28 12:55:53,340 [b52fde56-f3e5-42d4-9b16-acace5358b39@group-DD5E186A43BD-FollowerState] INFO  server.RaftServerConfigKeys (ConfUtils.java:logFallback(53)) - raft.server.rpc.first-election.timeout.min = 5s (fallback to raft.server.rpc.timeout.min)
2023-09-28 12:55:53,340 [b52fde56-f3e5-42d4-9b16-acace5358b39-groupManagement] INFO  util.JmxRegister (JmxRegister.java:tryRegister(44)) - Successfully registered JMX Bean with object name Ratis:service=RaftServer,group=group-DD5E186A43BD,id=b52fde56-f3e5-42d4-9b16-acace5358b39
2023-09-28 12:55:53,340 [b52fde56-f3e5-42d4-9b16-acace5358b39@group-DD5E186A43BD-FollowerState] INFO  server.RaftServerConfigKeys (ConfUtils.java:logFallback(53)) - raft.server.rpc.first-election.timeout.max = 5200ms (fallback to raft.server.rpc.timeout.max)
2023-09-28 12:55:53,340 [b52fde56-f3e5-42d4-9b16-acace5358b39-groupManagement] INFO  server.RaftServerConfigKeys (ConfUtils.java:logGet(46)) - raft.server.snapshot.auto.trigger.enabled = true (custom)
2023-09-28 12:55:53,340 [b52fde56-f3e5-42d4-9b16-acace5358b39-groupManagement] INFO  server.RaftServerConfigKeys (ConfUtils.java:logGet(46)) - raft.server.snapshot.auto.trigger.threshold = 10000 (custom)
2023-09-28 12:55:53,340 [b52fde56-f3e5-42d4-9b16-acace5358b39-groupManagement] INFO  server.RaftServerConfigKeys (ConfUtils.java:logGet(46)) - raft.server.snapshot.retention.file.num = 5 (custom)
2023-09-28 12:55:53,340 [b52fde56-f3e5-42d4-9b16-acace5358b39-groupManagement] INFO  server.RaftServerConfigKeys (ConfUtils.java:logGet(46)) - raft.server.log.purge.upto.snapshot.index = false (default)
2023-09-28 12:55:53,345 [PipelineCommandHandlerThread-0] INFO  ratis.XceiverServerRatis (XceiverServerRatis.java:addGroup(804)) - Created group PipelineID=a2063f5e-823e-4974-abd5-dd5e186a43bd
2023-09-28 12:55:53,345 [PipelineCommandHandlerThread-0] INFO  commandhandler.CreatePipelineCommandHandler (CreatePipelineCommandHandler.java:lambda$handle$2(124)) - Created Pipeline RATIS ONE PipelineID=a2063f5e-823e-4974-abd5-dd5e186a43bd.
2023-09-28 12:55:54,293 [main] INFO  ozone.MiniOzoneClusterImpl (MiniOzoneClusterImpl.java:lambda$waitForClusterToBeReady$0(229)) - Nodes are ready. Got 5 of 5 DN Heartbeats.
2023-09-28 12:55:54,294 [main] INFO  ozone.MiniOzoneClusterImpl (MiniOzoneClusterImpl.java:lambda$waitForClusterToBeReady$0(232)) - Waiting for cluster to exit safe mode
2023-09-28 12:55:54,294 [main] INFO  ozone.MiniOzoneClusterImpl (MiniOzoneClusterImpl.java:lambda$waitForClusterToBeReady$0(234)) - SCM became leader
2023-09-28 12:55:55,294 [main] INFO  ozone.MiniOzoneClusterImpl (MiniOzoneClusterImpl.java:lambda$waitForClusterToBeReady$0(229)) - Nodes are ready. Got 5 of 5 DN Heartbeats.
2023-09-28 12:55:55,294 [main] INFO  ozone.MiniOzoneClusterImpl (MiniOzoneClusterImpl.java:lambda$waitForClusterToBeReady$0(232)) - Waiting for cluster to exit safe mode
2023-09-28 12:55:55,294 [main] INFO  ozone.MiniOzoneClusterImpl (MiniOzoneClusterImpl.java:lambda$waitForClusterToBeReady$0(234)) - SCM became leader
2023-09-28 12:55:56,294 [main] INFO  ozone.MiniOzoneClusterImpl (MiniOzoneClusterImpl.java:lambda$waitForClusterToBeReady$0(229)) - Nodes are ready. Got 5 of 5 DN Heartbeats.
2023-09-28 12:55:56,295 [main] INFO  ozone.MiniOzoneClusterImpl (MiniOzoneClusterImpl.java:lambda$waitForClusterToBeReady$0(232)) - Waiting for cluster to exit safe mode
2023-09-28 12:55:56,295 [main] INFO  ozone.MiniOzoneClusterImpl (MiniOzoneClusterImpl.java:lambda$waitForClusterToBeReady$0(234)) - SCM became leader
2023-09-28 12:55:56,848 [034573be-2326-4784-8299-dcb44cb21fac@group-DAA236A79DA2-FollowerState] INFO  impl.FollowerState (FollowerState.java:run(143)) - 034573be-2326-4784-8299-dcb44cb21fac@group-DAA236A79DA2-FollowerState: change to CANDIDATE, lastRpcElapsedTime:5052529463ns, electionTimeout:5050ms
2023-09-28 12:55:56,848 [034573be-2326-4784-8299-dcb44cb21fac@group-DAA236A79DA2-FollowerState] INFO  impl.RoleInfo (RoleInfo.java:shutdownFollowerState(110)) - 034573be-2326-4784-8299-dcb44cb21fac: shutdown 034573be-2326-4784-8299-dcb44cb21fac@group-DAA236A79DA2-FollowerState
2023-09-28 12:55:56,848 [034573be-2326-4784-8299-dcb44cb21fac@group-DAA236A79DA2-FollowerState] INFO  server.RaftServer$Division (RaftServerImpl.java:setRole(329)) - 034573be-2326-4784-8299-dcb44cb21fac@group-DAA236A79DA2: changes role from  FOLLOWER to CANDIDATE at term 0 for changeToCandidate
2023-09-28 12:55:56,849 [034573be-2326-4784-8299-dcb44cb21fac@group-DAA236A79DA2-FollowerState] INFO  server.RaftServerConfigKeys (ConfUtils.java:logGet(46)) - raft.server.leaderelection.pre-vote = true (default)
2023-09-28 12:55:56,849 [034573be-2326-4784-8299-dcb44cb21fac@group-DAA236A79DA2-FollowerState] INFO  impl.RoleInfo (RoleInfo.java:updateAndGet(139)) - 034573be-2326-4784-8299-dcb44cb21fac: start 034573be-2326-4784-8299-dcb44cb21fac@group-DAA236A79DA2-LeaderElection2
2023-09-28 12:55:56,854 [034573be-2326-4784-8299-dcb44cb21fac@group-DAA236A79DA2-LeaderElection2] INFO  impl.LeaderElection (LeaderElection.java:askForVotes(321)) - 034573be-2326-4784-8299-dcb44cb21fac@group-DAA236A79DA2-LeaderElection2 PRE_VOTE round 0: submit vote requests at term 0 for -1: peers:[034573be-2326-4784-8299-dcb44cb21fac|rpc:10.1.0.34:15014|admin:10.1.0.34:15013|client:10.1.0.34:15012|dataStream:10.1.0.34:15015|priority:1|startupRole:FOLLOWER]|listeners:[], old=null
2023-09-28 12:55:56,854 [034573be-2326-4784-8299-dcb44cb21fac@group-DAA236A79DA2-LeaderElection2] INFO  impl.LeaderElection (LeaderElection.java:askForVotes(323)) - 034573be-2326-4784-8299-dcb44cb21fac@group-DAA236A79DA2-LeaderElection2 PRE_VOTE round 0: result PASSED (term=0)
2023-09-28 12:55:56,856 [034573be-2326-4784-8299-dcb44cb21fac@group-DAA236A79DA2-LeaderElection2] INFO  impl.LeaderElection (LeaderElection.java:askForVotes(321)) - 034573be-2326-4784-8299-dcb44cb21fac@group-DAA236A79DA2-LeaderElection2 ELECTION round 0: submit vote requests at term 1 for -1: peers:[034573be-2326-4784-8299-dcb44cb21fac|rpc:10.1.0.34:15014|admin:10.1.0.34:15013|client:10.1.0.34:15012|dataStream:10.1.0.34:15015|priority:1|startupRole:FOLLOWER]|listeners:[], old=null
2023-09-28 12:55:56,856 [034573be-2326-4784-8299-dcb44cb21fac@group-DAA236A79DA2-LeaderElection2] INFO  impl.LeaderElection (LeaderElection.java:askForVotes(323)) - 034573be-2326-4784-8299-dcb44cb21fac@group-DAA236A79DA2-LeaderElection2 ELECTION round 0: result PASSED (term=1)
2023-09-28 12:55:56,856 [034573be-2326-4784-8299-dcb44cb21fac@group-DAA236A79DA2-LeaderElection2] INFO  impl.RoleInfo (RoleInfo.java:shutdownLeaderElection(130)) - 034573be-2326-4784-8299-dcb44cb21fac: shutdown 034573be-2326-4784-8299-dcb44cb21fac@group-DAA236A79DA2-LeaderElection2
2023-09-28 12:55:56,856 [034573be-2326-4784-8299-dcb44cb21fac@group-DAA236A79DA2-LeaderElection2] INFO  server.RaftServer$Division (RaftServerImpl.java:setRole(329)) - 034573be-2326-4784-8299-dcb44cb21fac@group-DAA236A79DA2: changes role from CANDIDATE to LEADER at term 1 for changeToLeader
2023-09-28 12:55:56,856 [034573be-2326-4784-8299-dcb44cb21fac@group-DAA236A79DA2-LeaderElection2] INFO  ratis.XceiverServerRatis (XceiverServerRatis.java:handleLeaderChangedNotification(902)) - Leader change notification received for group: group-DAA236A79DA2 with new leaderId: 034573be-2326-4784-8299-dcb44cb21fac
2023-09-28 12:55:56,857 [034573be-2326-4784-8299-dcb44cb21fac@group-DAA236A79DA2-LeaderElection2] INFO  server.RaftServer$Division (ServerState.java:setLeader(317)) - 034573be-2326-4784-8299-dcb44cb21fac@group-DAA236A79DA2: change Leader from null to 034573be-2326-4784-8299-dcb44cb21fac at term 1 for becomeLeader, leader elected after 5116ms
2023-09-28 12:55:56,857 [034573be-2326-4784-8299-dcb44cb21fac@group-DAA236A79DA2-LeaderElection2] INFO  server.RaftServerConfigKeys (ConfUtils.java:logGet(46)) - raft.server.staging.catchup.gap = 1000 (default)
2023-09-28 12:55:56,858 [034573be-2326-4784-8299-dcb44cb21fac@group-DAA236A79DA2-LeaderElection2] INFO  server.RaftServerConfigKeys (ConfUtils.java:logGet(46)) - raft.server.write.element-limit = 1024 (custom)
2023-09-28 12:55:56,858 [034573be-2326-4784-8299-dcb44cb21fac@group-DAA236A79DA2-LeaderElection2] INFO  server.RaftServerConfigKeys (ConfUtils.java:logGet(46)) - raft.server.write.byte-limit = 1024 M (=1073741824) (custom)
2023-09-28 12:55:56,858 [034573be-2326-4784-8299-dcb44cb21fac@group-DAA236A79DA2-LeaderElection2] INFO  server.RaftServerConfigKeys (ConfUtils.java:logGet(46)) - raft.server.watch.timeout = 180s (custom)
2023-09-28 12:55:56,859 [034573be-2326-4784-8299-dcb44cb21fac@group-DAA236A79DA2-LeaderElection2] INFO  server.RaftServerConfigKeys (ConfUtils.java:logGet(46)) - raft.server.watch.timeout.denomination = 1s (default)
2023-09-28 12:55:56,859 [034573be-2326-4784-8299-dcb44cb21fac@group-DAA236A79DA2-LeaderElection2] INFO  server.RaftServerConfigKeys (ConfUtils.java:logGet(46)) - raft.server.watch.element-limit = 65536 (default)
2023-09-28 12:55:56,859 [034573be-2326-4784-8299-dcb44cb21fac@group-DAA236A79DA2-LeaderElection2] INFO  server.RaftServerConfigKeys (ConfUtils.java:logGet(46)) - raft.server.write.element-limit = 1024 (custom)
2023-09-28 12:55:56,859 [034573be-2326-4784-8299-dcb44cb21fac@group-DAA236A79DA2-LeaderElection2] INFO  server.RaftServerConfigKeys (ConfUtils.java:logGet(46)) - raft.server.write.follower.gap.ratio.max = -1.0 (default)
2023-09-28 12:55:56,859 [034573be-2326-4784-8299-dcb44cb21fac@group-DAA236A79DA2-LeaderElection2] INFO  impl.RoleInfo (RoleInfo.java:updateAndGet(139)) - 034573be-2326-4784-8299-dcb44cb21fac: start 034573be-2326-4784-8299-dcb44cb21fac@group-DAA236A79DA2-LeaderStateImpl
2023-09-28 12:55:56,859 [EventQueue-OpenPipelineForHealthyPipelineSafeModeRule] INFO  safemode.SCMSafeModeManager (HealthyPipelineSafeModeRule.java:process(137)) - SCM in safe mode. Healthy pipelines reported count is 0, required healthy pipeline reported count is 1
2023-09-28 12:55:56,860 [034573be-2326-4784-8299-dcb44cb21fac@group-DAA236A79DA2-LeaderElection2] INFO  segmented.SegmentedRaftLogWorker (SegmentedRaftLogWorker.java:startLogSegment(447)) - 034573be-2326-4784-8299-dcb44cb21fac@group-DAA236A79DA2-SegmentedRaftLogWorker: Starting segment from index:0
2023-09-28 12:55:56,867 [034573be-2326-4784-8299-dcb44cb21fac@group-DAA236A79DA2-LeaderElection2] INFO  server.RaftServer$Division (ServerState.java:setRaftConf(434)) - 034573be-2326-4784-8299-dcb44cb21fac@group-DAA236A79DA2: set configuration 0: peers:[034573be-2326-4784-8299-dcb44cb21fac|rpc:10.1.0.34:15014|admin:10.1.0.34:15013|client:10.1.0.34:15012|dataStream:10.1.0.34:15015|priority:1|startupRole:FOLLOWER]|listeners:[], old=null
2023-09-28 12:55:56,867 [034573be-2326-4784-8299-dcb44cb21fac@group-DAA236A79DA2-SegmentedRaftLogWorker] INFO  segmented.SegmentedRaftLogWorker (SegmentedRaftLogWorker.java:execute(651)) - 034573be-2326-4784-8299-dcb44cb21fac@group-DAA236A79DA2-SegmentedRaftLogWorker: created new log segment /home/runner/work/ozone/ozone/hadoop-ozone/integration-test/target/test-dir/MiniOzoneClusterImpl-82bdab22-5801-416e-a4bc-b8f6b9675fef/datanode-0/data/ratis/0b2f2e1f-281a-4ea9-af05-daa236a79da2/current/log_inprogress_0
2023-09-28 12:55:56,905 [034573be-2326-4784-8299-dcb44cb21fac@group-DE411FFD7766-FollowerState] INFO  impl.FollowerState (FollowerState.java:run(143)) - 034573be-2326-4784-8299-dcb44cb21fac@group-DE411FFD7766-FollowerState: change to CANDIDATE, lastRpcElapsedTime:5069899144ns, electionTimeout:5068ms
2023-09-28 12:55:56,907 [034573be-2326-4784-8299-dcb44cb21fac@group-DE411FFD7766-FollowerState] INFO  impl.RoleInfo (RoleInfo.java:shutdownFollowerState(110)) - 034573be-2326-4784-8299-dcb44cb21fac: shutdown 034573be-2326-4784-8299-dcb44cb21fac@group-DE411FFD7766-FollowerState
2023-09-28 12:55:56,907 [034573be-2326-4784-8299-dcb44cb21fac@group-DE411FFD7766-FollowerState] INFO  server.RaftServer$Division (RaftServerImpl.java:setRole(329)) - 034573be-2326-4784-8299-dcb44cb21fac@group-DE411FFD7766: changes role from  FOLLOWER to CANDIDATE at term 0 for changeToCandidate
2023-09-28 12:55:56,908 [034573be-2326-4784-8299-dcb44cb21fac@group-DE411FFD7766-FollowerState] INFO  server.RaftServerConfigKeys (ConfUtils.java:logGet(46)) - raft.server.leaderelection.pre-vote = true (default)
2023-09-28 12:55:56,908 [034573be-2326-4784-8299-dcb44cb21fac@group-DE411FFD7766-FollowerState] INFO  impl.RoleInfo (RoleInfo.java:updateAndGet(139)) - 034573be-2326-4784-8299-dcb44cb21fac: start 034573be-2326-4784-8299-dcb44cb21fac@group-DE411FFD7766-LeaderElection3
2023-09-28 12:55:56,910 [034573be-2326-4784-8299-dcb44cb21fac@group-DE411FFD7766-LeaderElection3] INFO  impl.LeaderElection (LeaderElection.java:askForVotes(321)) - 034573be-2326-4784-8299-dcb44cb21fac@group-DE411FFD7766-LeaderElection3 PRE_VOTE round 0: submit vote requests at term 0 for -1: peers:[3b419e23-3cc6-45b0-b9b5-04f9349798d3|rpc:10.1.0.34:15032|admin:10.1.0.34:15031|client:10.1.0.34:15030|dataStream:10.1.0.34:15033|priority:0|startupRole:FOLLOWER, 034573be-2326-4784-8299-dcb44cb21fac|rpc:10.1.0.34:15014|admin:10.1.0.34:15013|client:10.1.0.34:15012|dataStream:10.1.0.34:15015|priority:0|startupRole:FOLLOWER, 2942950e-5b72-4e60-8fd7-505c1475c682|rpc:10.1.0.34:15023|admin:10.1.0.34:15022|client:10.1.0.34:15021|dataStream:10.1.0.34:15024|priority:1|startupRole:FOLLOWER]|listeners:[], old=null
2023-09-28 12:55:56,916 [034573be-2326-4784-8299-dcb44cb21fac@group-DE411FFD7766-LeaderElection3] INFO  server.RaftServerConfigKeys (ConfUtils.java:logFallback(53)) - raft.server.rpc.first-election.timeout.min = 5s (fallback to raft.server.rpc.timeout.min)
2023-09-28 12:55:56,916 [034573be-2326-4784-8299-dcb44cb21fac@group-DE411FFD7766-LeaderElection3] INFO  server.RaftServerConfigKeys (ConfUtils.java:logFallback(53)) - raft.server.rpc.first-election.timeout.max = 5200ms (fallback to raft.server.rpc.timeout.max)
2023-09-28 12:55:56,927 [034573be-2326-4784-8299-dcb44cb21fac@group-DE411FFD7766-LeaderElection3-1] INFO  server.GrpcServerProtocolClient (GrpcServerProtocolClient.java:<init>(65)) - Build channel for 3b419e23-3cc6-45b0-b9b5-04f9349798d3
2023-09-28 12:55:56,927 [034573be-2326-4784-8299-dcb44cb21fac@group-DE411FFD7766-LeaderElection3-2] INFO  server.GrpcServerProtocolClient (GrpcServerProtocolClient.java:<init>(65)) - Build channel for 2942950e-5b72-4e60-8fd7-505c1475c682
2023-09-28 12:55:56,952 [grpc-default-executor-1] INFO  server.RaftServer$Division (RaftServerImpl.java:requestVote(1302)) - 3b419e23-3cc6-45b0-b9b5-04f9349798d3@group-DE411FFD7766: receive requestVote(PRE_VOTE, 034573be-2326-4784-8299-dcb44cb21fac, group-DE411FFD7766, 0, (t:0, i:0))
2023-09-28 12:55:56,954 [grpc-default-executor-1] INFO  impl.VoteContext (VoteContext.java:log(49)) - 3b419e23-3cc6-45b0-b9b5-04f9349798d3@group-DE411FFD7766-FOLLOWER: accept PRE_VOTE from 034573be-2326-4784-8299-dcb44cb21fac: our priority 0 <= candidate's priority 0
2023-09-28 12:55:56,957 [grpc-default-executor-0] INFO  server.RaftServer$Division (RaftServerImpl.java:requestVote(1302)) - 2942950e-5b72-4e60-8fd7-505c1475c682@group-DE411FFD7766: receive requestVote(PRE_VOTE, 034573be-2326-4784-8299-dcb44cb21fac, group-DE411FFD7766, 0, (t:0, i:0))
2023-09-28 12:55:56,957 [grpc-default-executor-0] INFO  impl.VoteContext (VoteContext.java:log(49)) - 2942950e-5b72-4e60-8fd7-505c1475c682@group-DE411FFD7766-FOLLOWER: reject PRE_VOTE from 034573be-2326-4784-8299-dcb44cb21fac: our priority 1 > candidate's priority 0
2023-09-28 12:55:56,960 [grpc-default-executor-0] INFO  server.RaftServer$Division (RaftServerImpl.java:requestVote(1335)) - 2942950e-5b72-4e60-8fd7-505c1475c682@group-DE411FFD7766 replies to PRE_VOTE vote request: 034573be-2326-4784-8299-dcb44cb21fac<-2942950e-5b72-4e60-8fd7-505c1475c682#0:FAIL-t0. Peer's state: 2942950e-5b72-4e60-8fd7-505c1475c682@group-DE411FFD7766:t0, leader=null, voted=, raftlog=Memoized:2942950e-5b72-4e60-8fd7-505c1475c682@group-DE411FFD7766-SegmentedRaftLog:OPENED:c-1, conf=-1: peers:[3b419e23-3cc6-45b0-b9b5-04f9349798d3|rpc:10.1.0.34:15032|admin:10.1.0.34:15031|client:10.1.0.34:15030|dataStream:10.1.0.34:15033|priority:0|startupRole:FOLLOWER, 034573be-2326-4784-8299-dcb44cb21fac|rpc:10.1.0.34:15014|admin:10.1.0.34:15013|client:10.1.0.34:15012|dataStream:10.1.0.34:15015|priority:0|startupRole:FOLLOWER, 2942950e-5b72-4e60-8fd7-505c1475c682|rpc:10.1.0.34:15023|admin:10.1.0.34:15022|client:10.1.0.34:15021|dataStream:10.1.0.34:15024|priority:1|startupRole:FOLLOWER]|listeners:[], old=null
2023-09-28 12:55:56,965 [034573be-2326-4784-8299-dcb44cb21fac@group-DE411FFD7766-LeaderElection3] INFO  impl.LeaderElection (LeaderElection.java:logAndReturn(90)) - 034573be-2326-4784-8299-dcb44cb21fac@group-DE411FFD7766-LeaderElection3: PRE_VOTE REJECTED received 1 response(s) and 0 exception(s):
2023-09-28 12:55:56,965 [grpc-default-executor-1] INFO  server.RaftServer$Division (RaftServerImpl.java:requestVote(1335)) - 3b419e23-3cc6-45b0-b9b5-04f9349798d3@group-DE411FFD7766 replies to PRE_VOTE vote request: 034573be-2326-4784-8299-dcb44cb21fac<-3b419e23-3cc6-45b0-b9b5-04f9349798d3#0:OK-t0. Peer's state: 3b419e23-3cc6-45b0-b9b5-04f9349798d3@group-DE411FFD7766:t0, leader=null, voted=, raftlog=Memoized:3b419e23-3cc6-45b0-b9b5-04f9349798d3@group-DE411FFD7766-SegmentedRaftLog:OPENED:c-1, conf=-1: peers:[3b419e23-3cc6-45b0-b9b5-04f9349798d3|rpc:10.1.0.34:15032|admin:10.1.0.34:15031|client:10.1.0.34:15030|dataStream:10.1.0.34:15033|priority:0|startupRole:FOLLOWER, 034573be-2326-4784-8299-dcb44cb21fac|rpc:10.1.0.34:15014|admin:10.1.0.34:15013|client:10.1.0.34:15012|dataStream:10.1.0.34:15015|priority:0|startupRole:FOLLOWER, 2942950e-5b72-4e60-8fd7-505c1475c682|rpc:10.1.0.34:15023|admin:10.1.0.34:15022|client:10.1.0.34:15021|dataStream:10.1.0.34:15024|priority:1|startupRole:FOLLOWER]|listeners:[], old=null
2023-09-28 12:55:56,967 [034573be-2326-4784-8299-dcb44cb21fac@group-DE411FFD7766-LeaderElection3] INFO  impl.LeaderElection (LeaderElection.java:logAndReturn(94)) -   Response 0: 034573be-2326-4784-8299-dcb44cb21fac<-2942950e-5b72-4e60-8fd7-505c1475c682#0:FAIL-t0
2023-09-28 12:55:56,967 [034573be-2326-4784-8299-dcb44cb21fac@group-DE411FFD7766-LeaderElection3] INFO  impl.LeaderElection (LeaderElection.java:askForVotes(323)) - 034573be-2326-4784-8299-dcb44cb21fac@group-DE411FFD7766-LeaderElection3 PRE_VOTE round 0: result REJECTED
2023-09-28 12:55:56,968 [034573be-2326-4784-8299-dcb44cb21fac@group-DE411FFD7766-LeaderElection3] INFO  server.RaftServer$Division (RaftServerImpl.java:setRole(329)) - 034573be-2326-4784-8299-dcb44cb21fac@group-DE411FFD7766: changes role from CANDIDATE to FOLLOWER at term 0 for REJECTED
2023-09-28 12:55:56,968 [034573be-2326-4784-8299-dcb44cb21fac@group-DE411FFD7766-LeaderElection3] INFO  impl.RoleInfo (RoleInfo.java:shutdownLeaderElection(130)) - 034573be-2326-4784-8299-dcb44cb21fac: shutdown 034573be-2326-4784-8299-dcb44cb21fac@group-DE411FFD7766-LeaderElection3
2023-09-28 12:55:56,968 [034573be-2326-4784-8299-dcb44cb21fac@group-DE411FFD7766-LeaderElection3] INFO  impl.RoleInfo (RoleInfo.java:updateAndGet(139)) - 034573be-2326-4784-8299-dcb44cb21fac: start 034573be-2326-4784-8299-dcb44cb21fac@group-DE411FFD7766-FollowerState
2023-09-28 12:55:57,295 [main] INFO  ozone.MiniOzoneClusterImpl (MiniOzoneClusterImpl.java:lambda$waitForClusterToBeReady$0(229)) - Nodes are ready. Got 5 of 5 DN Heartbeats.
2023-09-28 12:55:57,297 [main] INFO  ozone.MiniOzoneClusterImpl (MiniOzoneClusterImpl.java:lambda$waitForClusterToBeReady$0(232)) - Waiting for cluster to exit safe mode
2023-09-28 12:55:57,297 [main] INFO  ozone.MiniOzoneClusterImpl (MiniOzoneClusterImpl.java:lambda$waitForClusterToBeReady$0(234)) - SCM became leader
2023-09-28 12:55:57,367 [2942950e-5b72-4e60-8fd7-505c1475c682@group-2E0D53807574-FollowerState] INFO  impl.FollowerState (FollowerState.java:run(143)) - 2942950e-5b72-4e60-8fd7-505c1475c682@group-2E0D53807574-FollowerState: change to CANDIDATE, lastRpcElapsedTime:5066031913ns, electionTimeout:5065ms
2023-09-28 12:55:57,367 [2942950e-5b72-4e60-8fd7-505c1475c682@group-2E0D53807574-FollowerState] INFO  impl.RoleInfo (RoleInfo.java:shutdownFollowerState(110)) - 2942950e-5b72-4e60-8fd7-505c1475c682: shutdown 2942950e-5b72-4e60-8fd7-505c1475c682@group-2E0D53807574-FollowerState
2023-09-28 12:55:57,367 [2942950e-5b72-4e60-8fd7-505c1475c682@group-2E0D53807574-FollowerState] INFO  server.RaftServer$Division (RaftServerImpl.java:setRole(329)) - 2942950e-5b72-4e60-8fd7-505c1475c682@group-2E0D53807574: changes role from  FOLLOWER to CANDIDATE at term 0 for changeToCandidate
2023-09-28 12:55:57,370 [2942950e-5b72-4e60-8fd7-505c1475c682@group-2E0D53807574-FollowerState] INFO  server.RaftServerConfigKeys (ConfUtils.java:logGet(46)) - raft.server.leaderelection.pre-vote = true (default)
2023-09-28 12:55:57,370 [2942950e-5b72-4e60-8fd7-505c1475c682@group-2E0D53807574-FollowerState] INFO  impl.RoleInfo (RoleInfo.java:updateAndGet(139)) - 2942950e-5b72-4e60-8fd7-505c1475c682: start 2942950e-5b72-4e60-8fd7-505c1475c682@group-2E0D53807574-LeaderElection4
2023-09-28 12:55:57,375 [2942950e-5b72-4e60-8fd7-505c1475c682@group-2E0D53807574-LeaderElection4] INFO  impl.LeaderElection (LeaderElection.java:askForVotes(321)) - 2942950e-5b72-4e60-8fd7-505c1475c682@group-2E0D53807574-LeaderElection4 PRE_VOTE round 0: submit vote requests at term 0 for -1: peers:[2942950e-5b72-4e60-8fd7-505c1475c682|rpc:10.1.0.34:15023|admin:10.1.0.34:15022|client:10.1.0.34:15021|dataStream:10.1.0.34:15024|priority:1|startupRole:FOLLOWER]|listeners:[], old=null
2023-09-28 12:55:57,375 [2942950e-5b72-4e60-8fd7-505c1475c682@group-2E0D53807574-LeaderElection4] INFO  impl.LeaderElection (LeaderElection.java:askForVotes(323)) - 2942950e-5b72-4e60-8fd7-505c1475c682@group-2E0D53807574-LeaderElection4 PRE_VOTE round 0: result PASSED (term=0)
2023-09-28 12:55:57,377 [2942950e-5b72-4e60-8fd7-505c1475c682@group-2E0D53807574-LeaderElection4] INFO  impl.LeaderElection (LeaderElection.java:askForVotes(321)) - 2942950e-5b72-4e60-8fd7-505c1475c682@group-2E0D53807574-LeaderElection4 ELECTION round 0: submit vote requests at term 1 for -1: peers:[2942950e-5b72-4e60-8fd7-505c1475c682|rpc:10.1.0.34:15023|admin:10.1.0.34:15022|client:10.1.0.34:15021|dataStream:10.1.0.34:15024|priority:1|startupRole:FOLLOWER]|listeners:[], old=null
2023-09-28 12:55:57,377 [2942950e-5b72-4e60-8fd7-505c1475c682@group-2E0D53807574-LeaderElection4] INFO  impl.LeaderElection (LeaderElection.java:askForVotes(323)) - 2942950e-5b72-4e60-8fd7-505c1475c682@group-2E0D53807574-LeaderElection4 ELECTION round 0: result PASSED (term=1)
2023-09-28 12:55:57,377 [2942950e-5b72-4e60-8fd7-505c1475c682@group-2E0D53807574-LeaderElection4] INFO  impl.RoleInfo (RoleInfo.java:shutdownLeaderElection(130)) - 2942950e-5b72-4e60-8fd7-505c1475c682: shutdown 2942950e-5b72-4e60-8fd7-505c1475c682@group-2E0D53807574-LeaderElection4
2023-09-28 12:55:57,377 [2942950e-5b72-4e60-8fd7-505c1475c682@group-2E0D53807574-LeaderElection4] INFO  server.RaftServer$Division (RaftServerImpl.java:setRole(329)) - 2942950e-5b72-4e60-8fd7-505c1475c682@group-2E0D53807574: changes role from CANDIDATE to LEADER at term 1 for changeToLeader
2023-09-28 12:55:57,377 [2942950e-5b72-4e60-8fd7-505c1475c682@group-2E0D53807574-LeaderElection4] INFO  ratis.XceiverServerRatis (XceiverServerRatis.java:handleLeaderChangedNotification(902)) - Leader change notification received for group: group-2E0D53807574 with new leaderId: 2942950e-5b72-4e60-8fd7-505c1475c682
2023-09-28 12:55:57,378 [2942950e-5b72-4e60-8fd7-505c1475c682@group-2E0D53807574-LeaderElection4] INFO  server.RaftServer$Division (ServerState.java:setLeader(317)) - 2942950e-5b72-4e60-8fd7-505c1475c682@group-2E0D53807574: change Leader from null to 2942950e-5b72-4e60-8fd7-505c1475c682 at term 1 for becomeLeader, leader elected after 5119ms
2023-09-28 12:55:57,378 [2942950e-5b72-4e60-8fd7-505c1475c682@group-2E0D53807574-LeaderElection4] INFO  server.RaftServerConfigKeys (ConfUtils.java:logGet(46)) - raft.server.staging.catchup.gap = 1000 (default)
2023-09-28 12:55:57,378 [2942950e-5b72-4e60-8fd7-505c1475c682@group-2E0D53807574-LeaderElection4] INFO  server.RaftServerConfigKeys (ConfUtils.java:logGet(46)) - raft.server.write.element-limit = 1024 (custom)
2023-09-28 12:55:57,379 [2942950e-5b72-4e60-8fd7-505c1475c682@group-2E0D53807574-LeaderElection4] INFO  server.RaftServerConfigKeys (ConfUtils.java:logGet(46)) - raft.server.write.byte-limit = 1024 M (=1073741824) (custom)
2023-09-28 12:55:57,379 [EventQueue-OpenPipelineForHealthyPipelineSafeModeRule] INFO  safemode.SCMSafeModeManager (HealthyPipelineSafeModeRule.java:process(137)) - SCM in safe mode. Healthy pipelines reported count is 0, required healthy pipeline reported count is 1
2023-09-28 12:55:57,380 [2942950e-5b72-4e60-8fd7-505c1475c682@group-2E0D53807574-LeaderElection4] INFO  server.RaftServerConfigKeys (ConfUtils.java:logGet(46)) - raft.server.watch.timeout = 180s (custom)
2023-09-28 12:55:57,380 [2942950e-5b72-4e60-8fd7-505c1475c682@group-2E0D53807574-LeaderElection4] INFO  server.RaftServerConfigKeys (ConfUtils.java:logGet(46)) - raft.server.watch.timeout.denomination = 1s (default)
2023-09-28 12:55:57,380 [2942950e-5b72-4e60-8fd7-505c1475c682@group-2E0D53807574-LeaderElection4] INFO  server.RaftServerConfigKeys (ConfUtils.java:logGet(46)) - raft.server.watch.element-limit = 65536 (default)
2023-09-28 12:55:57,380 [2942950e-5b72-4e60-8fd7-505c1475c682@group-2E0D53807574-LeaderElection4] INFO  server.RaftServerConfigKeys (ConfUtils.java:logGet(46)) - raft.server.write.element-limit = 1024 (custom)
2023-09-28 12:55:57,380 [2942950e-5b72-4e60-8fd7-505c1475c682@group-2E0D53807574-LeaderElection4] INFO  server.RaftServerConfigKeys (ConfUtils.java:logGet(46)) - raft.server.write.follower.gap.ratio.max = -1.0 (default)
2023-09-28 12:55:57,380 [2942950e-5b72-4e60-8fd7-505c1475c682@group-2E0D53807574-LeaderElection4] INFO  impl.RoleInfo (RoleInfo.java:updateAndGet(139)) - 2942950e-5b72-4e60-8fd7-505c1475c682: start 2942950e-5b72-4e60-8fd7-505c1475c682@group-2E0D53807574-LeaderStateImpl
2023-09-28 12:55:57,380 [2942950e-5b72-4e60-8fd7-505c1475c682@group-2E0D53807574-LeaderElection4] INFO  segmented.SegmentedRaftLogWorker (SegmentedRaftLogWorker.java:startLogSegment(447)) - 2942950e-5b72-4e60-8fd7-505c1475c682@group-2E0D53807574-SegmentedRaftLogWorker: Starting segment from index:0
2023-09-28 12:55:57,382 [2942950e-5b72-4e60-8fd7-505c1475c682@group-2E0D53807574-SegmentedRaftLogWorker] INFO  segmented.SegmentedRaftLogWorker (SegmentedRaftLogWorker.java:execute(651)) - 2942950e-5b72-4e60-8fd7-505c1475c682@group-2E0D53807574-SegmentedRaftLogWorker: created new log segment /home/runner/work/ozone/ozone/hadoop-ozone/integration-test/target/test-dir/MiniOzoneClusterImpl-82bdab22-5801-416e-a4bc-b8f6b9675fef/datanode-1/data/ratis/a876fde2-d883-411f-9a81-2e0d53807574/current/log_inprogress_0
2023-09-28 12:55:57,384 [2942950e-5b72-4e60-8fd7-505c1475c682@group-2E0D53807574-LeaderElection4] INFO  server.RaftServer$Division (ServerState.java:setRaftConf(434)) - 2942950e-5b72-4e60-8fd7-505c1475c682@group-2E0D53807574: set configuration 0: peers:[2942950e-5b72-4e60-8fd7-505c1475c682|rpc:10.1.0.34:15023|admin:10.1.0.34:15022|client:10.1.0.34:15021|dataStream:10.1.0.34:15024|priority:1|startupRole:FOLLOWER]|listeners:[], old=null
2023-09-28 12:55:57,509 [2942950e-5b72-4e60-8fd7-505c1475c682@group-DE411FFD7766-FollowerState] INFO  impl.FollowerState (FollowerState.java:run(143)) - 2942950e-5b72-4e60-8fd7-505c1475c682@group-DE411FFD7766-FollowerState: change to CANDIDATE, lastRpcElapsedTime:5144744923ns, electionTimeout:5130ms
2023-09-28 12:55:57,509 [2942950e-5b72-4e60-8fd7-505c1475c682@group-DE411FFD7766-FollowerState] INFO  impl.RoleInfo (RoleInfo.java:shutdownFollowerState(110)) - 2942950e-5b72-4e60-8fd7-505c1475c682: shutdown 2942950e-5b72-4e60-8fd7-505c1475c682@group-DE411FFD7766-FollowerState
2023-09-28 12:55:57,509 [2942950e-5b72-4e60-8fd7-505c1475c682@group-DE411FFD7766-FollowerState] INFO  server.RaftServer$Division (RaftServerImpl.java:setRole(329)) - 2942950e-5b72-4e60-8fd7-505c1475c682@group-DE411FFD7766: changes role from  FOLLOWER to CANDIDATE at term 0 for changeToCandidate
2023-09-28 12:55:57,510 [2942950e-5b72-4e60-8fd7-505c1475c682@group-DE411FFD7766-FollowerState] INFO  server.RaftServerConfigKeys (ConfUtils.java:logGet(46)) - raft.server.leaderelection.pre-vote = true (default)
2023-09-28 12:55:57,510 [2942950e-5b72-4e60-8fd7-505c1475c682@group-DE411FFD7766-FollowerState] INFO  impl.RoleInfo (RoleInfo.java:updateAndGet(139)) - 2942950e-5b72-4e60-8fd7-505c1475c682: start 2942950e-5b72-4e60-8fd7-505c1475c682@group-DE411FFD7766-LeaderElection5
2023-09-28 12:55:57,518 [2942950e-5b72-4e60-8fd7-505c1475c682@group-DE411FFD7766-LeaderElection5] INFO  impl.LeaderElection (LeaderElection.java:askForVotes(321)) - 2942950e-5b72-4e60-8fd7-505c1475c682@group-DE411FFD7766-LeaderElection5 PRE_VOTE round 0: submit vote requests at term 0 for -1: peers:[3b419e23-3cc6-45b0-b9b5-04f9349798d3|rpc:10.1.0.34:15032|admin:10.1.0.34:15031|client:10.1.0.34:15030|dataStream:10.1.0.34:15033|priority:0|startupRole:FOLLOWER, 034573be-2326-4784-8299-dcb44cb21fac|rpc:10.1.0.34:15014|admin:10.1.0.34:15013|client:10.1.0.34:15012|dataStream:10.1.0.34:15015|priority:0|startupRole:FOLLOWER, 2942950e-5b72-4e60-8fd7-505c1475c682|rpc:10.1.0.34:15023|admin:10.1.0.34:15022|client:10.1.0.34:15021|dataStream:10.1.0.34:15024|priority:1|startupRole:FOLLOWER]|listeners:[], old=null
2023-09-28 12:55:57,519 [2942950e-5b72-4e60-8fd7-505c1475c682@group-DE411FFD7766-LeaderElection5-1] INFO  server.GrpcServerProtocolClient (GrpcServerProtocolClient.java:<init>(65)) - Build channel for 3b419e23-3cc6-45b0-b9b5-04f9349798d3
2023-09-28 12:55:57,523 [2942950e-5b72-4e60-8fd7-505c1475c682@group-DE411FFD7766-LeaderElection5] INFO  server.RaftServerConfigKeys (ConfUtils.java:logFallback(53)) - raft.server.rpc.first-election.timeout.min = 5s (fallback to raft.server.rpc.timeout.min)
2023-09-28 12:55:57,524 [2942950e-5b72-4e60-8fd7-505c1475c682@group-DE411FFD7766-LeaderElection5] INFO  server.RaftServerConfigKeys (ConfUtils.java:logFallback(53)) - raft.server.rpc.first-election.timeout.max = 5200ms (fallback to raft.server.rpc.timeout.max)
2023-09-28 12:55:57,530 [2942950e-5b72-4e60-8fd7-505c1475c682@group-DE411FFD7766-LeaderElection5-2] INFO  server.GrpcServerProtocolClient (GrpcServerProtocolClient.java:<init>(65)) - Build channel for 034573be-2326-4784-8299-dcb44cb21fac
2023-09-28 12:55:57,536 [grpc-default-executor-1] INFO  server.RaftServer$Division (RaftServerImpl.java:requestVote(1302)) - 3b419e23-3cc6-45b0-b9b5-04f9349798d3@group-DE411FFD7766: receive requestVote(PRE_VOTE, 2942950e-5b72-4e60-8fd7-505c1475c682, group-DE411FFD7766, 0, (t:0, i:0))
2023-09-28 12:55:57,536 [grpc-default-executor-1] INFO  impl.VoteContext (VoteContext.java:log(49)) - 3b419e23-3cc6-45b0-b9b5-04f9349798d3@group-DE411FFD7766-FOLLOWER: accept PRE_VOTE from 2942950e-5b72-4e60-8fd7-505c1475c682: our priority 0 <= candidate's priority 1
2023-09-28 12:55:57,536 [grpc-default-executor-1] INFO  server.RaftServer$Division (RaftServerImpl.java:requestVote(1335)) - 3b419e23-3cc6-45b0-b9b5-04f9349798d3@group-DE411FFD7766 replies to PRE_VOTE vote request: 2942950e-5b72-4e60-8fd7-505c1475c682<-3b419e23-3cc6-45b0-b9b5-04f9349798d3#0:OK-t0. Peer's state: 3b419e23-3cc6-45b0-b9b5-04f9349798d3@group-DE411FFD7766:t0, leader=null, voted=, raftlog=Memoized:3b419e23-3cc6-45b0-b9b5-04f9349798d3@group-DE411FFD7766-SegmentedRaftLog:OPENED:c-1, conf=-1: peers:[3b419e23-3cc6-45b0-b9b5-04f9349798d3|rpc:10.1.0.34:15032|admin:10.1.0.34:15031|client:10.1.0.34:15030|dataStream:10.1.0.34:15033|priority:0|startupRole:FOLLOWER, 034573be-2326-4784-8299-dcb44cb21fac|rpc:10.1.0.34:15014|admin:10.1.0.34:15013|client:10.1.0.34:15012|dataStream:10.1.0.34:15015|priority:0|startupRole:FOLLOWER, 2942950e-5b72-4e60-8fd7-505c1475c682|rpc:10.1.0.34:15023|admin:10.1.0.34:15022|client:10.1.0.34:15021|dataStream:10.1.0.34:15024|priority:1|startupRole:FOLLOWER]|listeners:[], old=null
2023-09-28 12:55:57,541 [2942950e-5b72-4e60-8fd7-505c1475c682@group-DE411FFD7766-LeaderElection5] INFO  impl.LeaderElection (LeaderElection.java:logAndReturn(90)) - 2942950e-5b72-4e60-8fd7-505c1475c682@group-DE411FFD7766-LeaderElection5: PRE_VOTE PASSED received 1 response(s) and 0 exception(s):
2023-09-28 12:55:57,541 [2942950e-5b72-4e60-8fd7-505c1475c682@group-DE411FFD7766-LeaderElection5] INFO  impl.LeaderElection (LeaderElection.java:logAndReturn(94)) -   Response 0: 2942950e-5b72-4e60-8fd7-505c1475c682<-3b419e23-3cc6-45b0-b9b5-04f9349798d3#0:OK-t0
2023-09-28 12:55:57,541 [2942950e-5b72-4e60-8fd7-505c1475c682@group-DE411FFD7766-LeaderElection5] INFO  impl.LeaderElection (LeaderElection.java:askForVotes(323)) - 2942950e-5b72-4e60-8fd7-505c1475c682@group-DE411FFD7766-LeaderElection5 PRE_VOTE round 0: result PASSED
2023-09-28 12:55:57,543 [2942950e-5b72-4e60-8fd7-505c1475c682@group-DE411FFD7766-LeaderElection5] INFO  impl.LeaderElection (LeaderElection.java:askForVotes(321)) - 2942950e-5b72-4e60-8fd7-505c1475c682@group-DE411FFD7766-LeaderElection5 ELECTION round 0: submit vote requests at term 1 for -1: peers:[3b419e23-3cc6-45b0-b9b5-04f9349798d3|rpc:10.1.0.34:15032|admin:10.1.0.34:15031|client:10.1.0.34:15030|dataStream:10.1.0.34:15033|priority:0|startupRole:FOLLOWER, 034573be-2326-4784-8299-dcb44cb21fac|rpc:10.1.0.34:15014|admin:10.1.0.34:15013|client:10.1.0.34:15012|dataStream:10.1.0.34:15015|priority:0|startupRole:FOLLOWER, 2942950e-5b72-4e60-8fd7-505c1475c682|rpc:10.1.0.34:15023|admin:10.1.0.34:15022|client:10.1.0.34:15021|dataStream:10.1.0.34:15024|priority:1|startupRole:FOLLOWER]|listeners:[], old=null
2023-09-28 12:55:57,544 [2942950e-5b72-4e60-8fd7-505c1475c682@group-DE411FFD7766-LeaderElection5] INFO  server.RaftServerConfigKeys (ConfUtils.java:logFallback(53)) - raft.server.rpc.first-election.timeout.min = 5s (fallback to raft.server.rpc.timeout.min)
2023-09-28 12:55:57,544 [2942950e-5b72-4e60-8fd7-505c1475c682@group-DE411FFD7766-LeaderElection5] INFO  server.RaftServerConfigKeys (ConfUtils.java:logFallback(53)) - raft.server.rpc.first-election.timeout.max = 5200ms (fallback to raft.server.rpc.timeout.max)
2023-09-28 12:55:57,552 [grpc-default-executor-1] INFO  server.RaftServer$Division (RaftServerImpl.java:requestVote(1302)) - 034573be-2326-4784-8299-dcb44cb21fac@group-DE411FFD7766: receive requestVote(PRE_VOTE, 2942950e-5b72-4e60-8fd7-505c1475c682, group-DE411FFD7766, 0, (t:0, i:0))
2023-09-28 12:55:57,553 [grpc-default-executor-1] INFO  impl.VoteContext (VoteContext.java:log(49)) - 034573be-2326-4784-8299-dcb44cb21fac@group-DE411FFD7766-FOLLOWER: accept PRE_VOTE from 2942950e-5b72-4e60-8fd7-505c1475c682: our priority 0 <= candidate's priority 1
2023-09-28 12:55:57,553 [grpc-default-executor-1] INFO  server.RaftServer$Division (RaftServerImpl.java:requestVote(1335)) - 034573be-2326-4784-8299-dcb44cb21fac@group-DE411FFD7766 replies to PRE_VOTE vote request: 2942950e-5b72-4e60-8fd7-505c1475c682<-034573be-2326-4784-8299-dcb44cb21fac#0:OK-t0. Peer's state: 034573be-2326-4784-8299-dcb44cb21fac@group-DE411FFD7766:t0, leader=null, voted=, raftlog=Memoized:034573be-2326-4784-8299-dcb44cb21fac@group-DE411FFD7766-SegmentedRaftLog:OPENED:c-1, conf=-1: peers:[3b419e23-3cc6-45b0-b9b5-04f9349798d3|rpc:10.1.0.34:15032|admin:10.1.0.34:15031|client:10.1.0.34:15030|dataStream:10.1.0.34:15033|priority:0|startupRole:FOLLOWER, 034573be-2326-4784-8299-dcb44cb21fac|rpc:10.1.0.34:15014|admin:10.1.0.34:15013|client:10.1.0.34:15012|dataStream:10.1.0.34:15015|priority:0|startupRole:FOLLOWER, 2942950e-5b72-4e60-8fd7-505c1475c682|rpc:10.1.0.34:15023|admin:10.1.0.34:15022|client:10.1.0.34:15021|dataStream:10.1.0.34:15024|priority:1|startupRole:FOLLOWER]|listeners:[], old=null
2023-09-28 12:55:57,553 [grpc-default-executor-0] INFO  server.RaftServer$Division (RaftServerImpl.java:requestVote(1302)) - 034573be-2326-4784-8299-dcb44cb21fac@group-DE411FFD7766: receive requestVote(ELECTION, 2942950e-5b72-4e60-8fd7-505c1475c682, group-DE411FFD7766, 1, (t:0, i:0))
2023-09-28 12:55:57,554 [grpc-default-executor-0] INFO  impl.VoteContext (VoteContext.java:log(49)) - 034573be-2326-4784-8299-dcb44cb21fac@group-DE411FFD7766-FOLLOWER: accept ELECTION from 2942950e-5b72-4e60-8fd7-505c1475c682: our priority 0 <= candidate's priority 1
2023-09-28 12:55:57,554 [grpc-default-executor-0] INFO  server.RaftServer$Division (RaftServerImpl.java:setRole(329)) - 034573be-2326-4784-8299-dcb44cb21fac@group-DE411FFD7766: changes role from  FOLLOWER to FOLLOWER at term 1 for candidate:2942950e-5b72-4e60-8fd7-505c1475c682
2023-09-28 12:55:57,554 [grpc-default-executor-0] INFO  impl.RoleInfo (RoleInfo.java:shutdownFollowerState(110)) - 034573be-2326-4784-8299-dcb44cb21fac: shutdown 034573be-2326-4784-8299-dcb44cb21fac@group-DE411FFD7766-FollowerState
2023-09-28 12:55:57,554 [grpc-default-executor-0] INFO  impl.RoleInfo (RoleInfo.java:updateAndGet(139)) - 034573be-2326-4784-8299-dcb44cb21fac: start 034573be-2326-4784-8299-dcb44cb21fac@group-DE411FFD7766-FollowerState
2023-09-28 12:55:57,555 [034573be-2326-4784-8299-dcb44cb21fac@group-DE411FFD7766-FollowerState] INFO  impl.FollowerState (FollowerState.java:run(152)) - 034573be-2326-4784-8299-dcb44cb21fac@group-DE411FFD7766-FollowerState was interrupted
2023-09-28 12:55:57,570 [grpc-default-executor-0] INFO  server.RaftServer$Division (RaftServerImpl.java:requestVote(1335)) - 034573be-2326-4784-8299-dcb44cb21fac@group-DE411FFD7766 replies to ELECTION vote request: 2942950e-5b72-4e60-8fd7-505c1475c682<-034573be-2326-4784-8299-dcb44cb21fac#0:OK-t1. Peer's state: 034573be-2326-4784-8299-dcb44cb21fac@group-DE411FFD7766:t1, leader=null, voted=2942950e-5b72-4e60-8fd7-505c1475c682, raftlog=Memoized:034573be-2326-4784-8299-dcb44cb21fac@group-DE411FFD7766-SegmentedRaftLog:OPENED:c-1, conf=-1: peers:[3b419e23-3cc6-45b0-b9b5-04f9349798d3|rpc:10.1.0.34:15032|admin:10.1.0.34:15031|client:10.1.0.34:15030|dataStream:10.1.0.34:15033|priority:0|startupRole:FOLLOWER, 034573be-2326-4784-8299-dcb44cb21fac|rpc:10.1.0.34:15014|admin:10.1.0.34:15013|client:10.1.0.34:15012|dataStream:10.1.0.34:15015|priority:0|startupRole:FOLLOWER, 2942950e-5b72-4e60-8fd7-505c1475c682|rpc:10.1.0.34:15023|admin:10.1.0.34:15022|client:10.1.0.34:15021|dataStream:10.1.0.34:15024|priority:1|startupRole:FOLLOWER]|listeners:[], old=null
2023-09-28 12:55:57,571 [2942950e-5b72-4e60-8fd7-505c1475c682@group-DE411FFD7766-LeaderElection5] INFO  impl.LeaderElection (LeaderElection.java:logAndReturn(90)) - 2942950e-5b72-4e60-8fd7-505c1475c682@group-DE411FFD7766-LeaderElection5: ELECTION PASSED received 1 response(s) and 0 exception(s):
2023-09-28 12:55:57,571 [2942950e-5b72-4e60-8fd7-505c1475c682@group-DE411FFD7766-LeaderElection5] INFO  impl.LeaderElection (LeaderElection.java:logAndReturn(94)) -   Response 0: 2942950e-5b72-4e60-8fd7-505c1475c682<-034573be-2326-4784-8299-dcb44cb21fac#0:OK-t1
2023-09-28 12:55:57,571 [2942950e-5b72-4e60-8fd7-505c1475c682@group-DE411FFD7766-LeaderElection5] INFO  impl.LeaderElection (LeaderElection.java:askForVotes(323)) - 2942950e-5b72-4e60-8fd7-505c1475c682@group-DE411FFD7766-LeaderElection5 ELECTION round 0: result PASSED
2023-09-28 12:55:57,571 [2942950e-5b72-4e60-8fd7-505c1475c682@group-DE411FFD7766-LeaderElection5] INFO  impl.RoleInfo (RoleInfo.java:shutdownLeaderElection(130)) - 2942950e-5b72-4e60-8fd7-505c1475c682: shutdown 2942950e-5b72-4e60-8fd7-505c1475c682@group-DE411FFD7766-LeaderElection5
2023-09-28 12:55:57,571 [2942950e-5b72-4e60-8fd7-505c1475c682@group-DE411FFD7766-LeaderElection5] INFO  server.RaftServer$Division (RaftServerImpl.java:setRole(329)) - 2942950e-5b72-4e60-8fd7-505c1475c682@group-DE411FFD7766: changes role from CANDIDATE to LEADER at term 1 for changeToLeader
2023-09-28 12:55:57,571 [2942950e-5b72-4e60-8fd7-505c1475c682@group-DE411FFD7766-LeaderElection5] INFO  ratis.XceiverServerRatis (XceiverServerRatis.java:handleLeaderChangedNotification(902)) - Leader change notification received for group: group-DE411FFD7766 with new leaderId: 2942950e-5b72-4e60-8fd7-505c1475c682
2023-09-28 12:55:57,572 [2942950e-5b72-4e60-8fd7-505c1475c682@group-DE411FFD7766-LeaderElection5] INFO  server.RaftServer$Division (ServerState.java:setLeader(317)) - 2942950e-5b72-4e60-8fd7-505c1475c682@group-DE411FFD7766: change Leader from null to 2942950e-5b72-4e60-8fd7-505c1475c682 at term 1 for becomeLeader, leader elected after 5251ms
2023-09-28 12:55:57,572 [2942950e-5b72-4e60-8fd7-505c1475c682@group-DE411FFD7766-LeaderElection5] INFO  server.RaftServerConfigKeys (ConfUtils.java:logGet(46)) - raft.server.staging.catchup.gap = 1000 (default)
2023-09-28 12:55:57,572 [2942950e-5b72-4e60-8fd7-505c1475c682@group-DE411FFD7766-LeaderElection5] INFO  server.RaftServerConfigKeys (ConfUtils.java:logGet(46)) - raft.server.write.element-limit = 1024 (custom)
2023-09-28 12:55:57,572 [2942950e-5b72-4e60-8fd7-505c1475c682@group-DE411FFD7766-LeaderElection5] INFO  server.RaftServerConfigKeys (ConfUtils.java:logGet(46)) - raft.server.write.byte-limit = 1024 M (=1073741824) (custom)
2023-09-28 12:55:57,572 [2942950e-5b72-4e60-8fd7-505c1475c682@group-DE411FFD7766-LeaderElection5] INFO  server.RaftServerConfigKeys (ConfUtils.java:logGet(46)) - raft.server.watch.timeout = 180s (custom)
2023-09-28 12:55:57,572 [2942950e-5b72-4e60-8fd7-505c1475c682@group-DE411FFD7766-LeaderElection5] INFO  server.RaftServerConfigKeys (ConfUtils.java:logGet(46)) - raft.server.watch.timeout.denomination = 1s (default)
2023-09-28 12:55:57,572 [2942950e-5b72-4e60-8fd7-505c1475c682@group-DE411FFD7766-LeaderElection5] INFO  server.RaftServerConfigKeys (ConfUtils.java:logGet(46)) - raft.server.watch.element-limit = 65536 (default)
2023-09-28 12:55:57,573 [2942950e-5b72-4e60-8fd7-505c1475c682@group-DE411FFD7766-LeaderElection5] INFO  server.RaftServerConfigKeys (ConfUtils.java:logGet(46)) - raft.server.write.element-limit = 1024 (custom)
2023-09-28 12:55:57,573 [2942950e-5b72-4e60-8fd7-505c1475c682@group-DE411FFD7766-LeaderElection5] INFO  server.RaftServerConfigKeys (ConfUtils.java:logGet(46)) - raft.server.write.follower.gap.ratio.max = -1.0 (default)
2023-09-28 12:55:57,574 [grpc-default-executor-2] INFO  server.RaftServer$Division (RaftServerImpl.java:requestVote(1302)) - 3b419e23-3cc6-45b0-b9b5-04f9349798d3@group-DE411FFD7766: receive requestVote(ELECTION, 2942950e-5b72-4e60-8fd7-505c1475c682, group-DE411FFD7766, 1, (t:0, i:0))
2023-09-28 12:55:57,576 [grpc-default-executor-2] INFO  impl.VoteContext (VoteContext.java:log(49)) - 3b419e23-3cc6-45b0-b9b5-04f9349798d3@group-DE411FFD7766-FOLLOWER: accept ELECTION from 2942950e-5b72-4e60-8fd7-505c1475c682: our priority 0 <= candidate's priority 1
2023-09-28 12:55:57,576 [grpc-default-executor-2] INFO  server.RaftServer$Division (RaftServerImpl.java:setRole(329)) - 3b419e23-3cc6-45b0-b9b5-04f9349798d3@group-DE411FFD7766: changes role from  FOLLOWER to FOLLOWER at term 1 for candidate:2942950e-5b72-4e60-8fd7-505c1475c682
2023-09-28 12:55:57,576 [grpc-default-executor-2] INFO  impl.RoleInfo (RoleInfo.java:shutdownFollowerState(110)) - 3b419e23-3cc6-45b0-b9b5-04f9349798d3: shutdown 3b419e23-3cc6-45b0-b9b5-04f9349798d3@group-DE411FFD7766-FollowerState
2023-09-28 12:55:57,577 [grpc-default-executor-2] INFO  impl.RoleInfo (RoleInfo.java:updateAndGet(139)) - 3b419e23-3cc6-45b0-b9b5-04f9349798d3: start 3b419e23-3cc6-45b0-b9b5-04f9349798d3@group-DE411FFD7766-FollowerState
2023-09-28 12:55:57,577 [3b419e23-3cc6-45b0-b9b5-04f9349798d3@group-DE411FFD7766-FollowerState] INFO  impl.FollowerState (FollowerState.java:run(152)) - 3b419e23-3cc6-45b0-b9b5-04f9349798d3@group-DE411FFD7766-FollowerState was interrupted
2023-09-28 12:55:57,581 [grpc-default-executor-2] INFO  server.RaftServer$Division (RaftServerImpl.java:requestVote(1335)) - 3b419e23-3cc6-45b0-b9b5-04f9349798d3@group-DE411FFD7766 replies to ELECTION vote request: 2942950e-5b72-4e60-8fd7-505c1475c682<-3b419e23-3cc6-45b0-b9b5-04f9349798d3#0:OK-t1. Peer's state: 3b419e23-3cc6-45b0-b9b5-04f9349798d3@group-DE411FFD7766:t1, leader=null, voted=2942950e-5b72-4e60-8fd7-505c1475c682, raftlog=Memoized:3b419e23-3cc6-45b0-b9b5-04f9349798d3@group-DE411FFD7766-SegmentedRaftLog:OPENED:c-1, conf=-1: peers:[3b419e23-3cc6-45b0-b9b5-04f9349798d3|rpc:10.1.0.34:15032|admin:10.1.0.34:15031|client:10.1.0.34:15030|dataStream:10.1.0.34:15033|priority:0|startupRole:FOLLOWER, 034573be-2326-4784-8299-dcb44cb21fac|rpc:10.1.0.34:15014|admin:10.1.0.34:15013|client:10.1.0.34:15012|dataStream:10.1.0.34:15015|priority:0|startupRole:FOLLOWER, 2942950e-5b72-4e60-8fd7-505c1475c682|rpc:10.1.0.34:15023|admin:10.1.0.34:15022|client:10.1.0.34:15021|dataStream:10.1.0.34:15024|priority:1|startupRole:FOLLOWER]|listeners:[], old=null
2023-09-28 12:55:57,583 [EventQueue-OpenPipelineForHealthyPipelineSafeModeRule] INFO  safemode.SCMSafeModeManager (HealthyPipelineSafeModeRule.java:process(137)) - SCM in safe mode. Healthy pipelines reported count is 0, required healthy pipeline reported count is 1
2023-09-28 12:55:57,591 [EventQueue-PipelineReportForPipelineReportHandler] INFO  pipeline.PipelineReportHandler (PipelineReportHandler.java:processPipelineReport(136)) - Opened pipeline PipelineID=ef5c91ca-7b59-48b8-8e32-de411ffd7766
2023-09-28 12:55:57,593 [EventQueue-OpenPipelineForHealthyPipelineSafeModeRule] INFO  safemode.SCMSafeModeManager (HealthyPipelineSafeModeRule.java:process(137)) - SCM in safe mode. Healthy pipelines reported count is 1, required healthy pipeline reported count is 1
2023-09-28 12:55:57,593 [EventQueue-OpenPipelineForHealthyPipelineSafeModeRule] INFO  safemode.SCMSafeModeManager (SCMSafeModeManager.java:validateSafeModeExitRules(200)) - HealthyPipelineSafeModeRule rule is successfully validated
2023-09-28 12:55:57,593 [EventQueue-OpenPipelineForHealthyPipelineSafeModeRule] INFO  safemode.SCMSafeModeManager (SCMSafeModeManager.java:validateSafeModeExitRules(215)) - ScmSafeModeManager, all rules are successfully validated
2023-09-28 12:55:57,593 [EventQueue-OpenPipelineForHealthyPipelineSafeModeRule] INFO  safemode.SCMSafeModeManager (SCMSafeModeManager.java:exitSafeMode(244)) - SCM exiting safe mode.
2023-09-28 12:55:57,593 [EventQueue-OpenPipelineForHealthyPipelineSafeModeRule] INFO  ha.SCMContext (SCMContext.java:updateSafeModeStatus(228)) - Update SafeModeStatus from SafeModeStatus{safeModeStatus=true, preCheckPassed=true} to SafeModeStatus{safeModeStatus=false, preCheckPassed=true}.
2023-09-28 12:55:57,593 [EventQueue-OpenPipelineForHealthyPipelineSafeModeRule] INFO  pipeline.BackgroundPipelineCreator (BackgroundPipelineCreator.java:notifyStatusChanged(255)) - Service BackgroundPipelineCreator transitions to RUNNING.
2023-09-28 12:55:57,593 [EventQueue-OpenPipelineForHealthyPipelineSafeModeRule] INFO  BackgroundPipelineScrubber (BackgroundSCMService.java:notifyStatusChanged(82)) - Service BackgroundPipelineScrubber transitions to RUNNING.
2023-09-28 12:55:57,593 [EventQueue-OpenPipelineForHealthyPipelineSafeModeRule] INFO  ExpiredContainerReplicaOpScrubber (BackgroundSCMService.java:notifyStatusChanged(82)) - Service ExpiredContainerReplicaOpScrubber transitions to RUNNING.
2023-09-28 12:55:57,593 [EventQueue-OpenPipelineForHealthyPipelineSafeModeRule] INFO  replication.ReplicationManager (ReplicationManager.java:notifyStatusChanged(1370)) - Service ReplicationManager transitions to RUNNING.
2023-09-28 12:55:57,602 [EventQueue-OpenPipelineForHealthyPipelineSafeModeRule] WARN  balancer.ContainerBalancer (ContainerBalancer.java:shouldRun(134)) - Could not find persisted configuration for ContainerBalancer when checking if ContainerBalancer should run. ContainerBalancer should not run now.
2023-09-28 12:55:57,608 [2942950e-5b72-4e60-8fd7-505c1475c682@group-DE411FFD7766-LeaderElection5] INFO  server.RaftServerConfigKeys (ConfUtils.java:logGet(46)) - raft.server.log.appender.snapshot.chunk.size.max = 16MB (=16777216) (default)
2023-09-28 12:55:57,608 [2942950e-5b72-4e60-8fd7-505c1475c682@group-DE411FFD7766-LeaderElection5] INFO  server.RaftServerConfigKeys (ConfUtils.java:logGet(46)) - raft.server.log.appender.buffer.byte-limit = 33554432 (custom)
2023-09-28 12:55:57,608 [2942950e-5b72-4e60-8fd7-505c1475c682@group-DE411FFD7766-LeaderElection5] INFO  server.RaftServerConfigKeys (ConfUtils.java:logGet(46)) - raft.server.log.appender.buffer.element-limit = 1 (custom)
2023-09-28 12:55:57,611 [2942950e-5b72-4e60-8fd7-505c1475c682@group-DE411FFD7766-LeaderElection5] INFO  server.RaftServerConfigKeys (ConfUtils.java:logGet(46)) - raft.server.log.appender.wait-time.min = 10ms (default)
2023-09-28 12:55:57,612 [2942950e-5b72-4e60-8fd7-505c1475c682@group-DE411FFD7766-LeaderElection5] INFO  grpc.GrpcConfigKeys (ConfUtils.java:logGet(46)) - raft.grpc.server.leader.outstanding.appends.max = 128 (default)
2023-09-28 12:55:57,613 [2942950e-5b72-4e60-8fd7-505c1475c682@group-DE411FFD7766-LeaderElection5] INFO  server.RaftServerConfigKeys (ConfUtils.java:logGet(46)) - raft.server.rpc.request.timeout = 60s (custom)
2023-09-28 12:55:57,614 [2942950e-5b72-4e60-8fd7-505c1475c682@group-DE411FFD7766-LeaderElection5] INFO  grpc.GrpcConfigKeys (ConfUtils.java:logGet(46)) - raft.grpc.server.install_snapshot.request.element-limit = 8 (default)
2023-09-28 12:55:57,614 [2942950e-5b72-4e60-8fd7-505c1475c682@group-DE411FFD7766-LeaderElection5] INFO  grpc.GrpcConfigKeys (ConfUtils.java:logGet(46)) - raft.grpc.server.install_snapshot.request.timeout = 3000ms (default)
2023-09-28 12:55:57,614 [2942950e-5b72-4e60-8fd7-505c1475c682@group-DE411FFD7766-LeaderElection5] INFO  server.RaftServerConfigKeys (ConfUtils.java:logGet(46)) - raft.server.log.appender.install.snapshot.enabled = false (custom)
2023-09-28 12:55:57,614 [2942950e-5b72-4e60-8fd7-505c1475c682@group-DE411FFD7766-LeaderElection5] INFO  grpc.GrpcConfigKeys (ConfUtils.java:logGet(46)) - raft.grpc.server.heartbeat.channel = true (default)
2023-09-28 12:55:57,616 [2942950e-5b72-4e60-8fd7-505c1475c682@group-DE411FFD7766-LeaderElection5] INFO  server.RaftServerConfigKeys (ConfUtils.java:logGet(46)) - raft.server.log.appender.snapshot.chunk.size.max = 16MB (=16777216) (default)
2023-09-28 12:55:57,616 [2942950e-5b72-4e60-8fd7-505c1475c682@group-DE411FFD7766-LeaderElection5] INFO  server.RaftServerConfigKeys (ConfUtils.java:logGet(46)) - raft.server.log.appender.buffer.byte-limit = 33554432 (custom)
2023-09-28 12:55:57,617 [2942950e-5b72-4e60-8fd7-505c1475c682@group-DE411FFD7766-LeaderElection5] INFO  server.RaftServerConfigKeys (ConfUtils.java:logGet(46)) - raft.server.log.appender.buffer.element-limit = 1 (custom)
2023-09-28 12:55:57,617 [2942950e-5b72-4e60-8fd7-505c1475c682@group-DE411FFD7766-LeaderElection5] INFO  server.RaftServerConfigKeys (ConfUtils.java:logGet(46)) - raft.server.log.appender.wait-time.min = 10ms (default)
2023-09-28 12:55:57,617 [2942950e-5b72-4e60-8fd7-505c1475c682@group-DE411FFD7766-LeaderElection5] INFO  grpc.GrpcConfigKeys (ConfUtils.java:logGet(46)) - raft.grpc.server.leader.outstanding.appends.max = 128 (default)
2023-09-28 12:55:57,617 [2942950e-5b72-4e60-8fd7-505c1475c682@group-DE411FFD7766-LeaderElection5] INFO  server.RaftServerConfigKeys (ConfUtils.java:logGet(46)) - raft.server.rpc.request.timeout = 60s (custom)
2023-09-28 12:55:57,617 [2942950e-5b72-4e60-8fd7-505c1475c682@group-DE411FFD7766-LeaderElection5] INFO  grpc.GrpcConfigKeys (ConfUtils.java:logGet(46)) - raft.grpc.server.install_snapshot.request.element-limit = 8 (default)
2023-09-28 12:55:57,617 [2942950e-5b72-4e60-8fd7-505c1475c682@group-DE411FFD7766-LeaderElection5] INFO  grpc.GrpcConfigKeys (ConfUtils.java:logGet(46)) - raft.grpc.server.install_snapshot.request.timeout = 3000ms (default)
2023-09-28 12:55:57,617 [2942950e-5b72-4e60-8fd7-505c1475c682@group-DE411FFD7766-LeaderElection5] INFO  server.RaftServerConfigKeys (ConfUtils.java:logGet(46)) - raft.server.log.appender.install.snapshot.enabled = false (custom)
2023-09-28 12:55:57,617 [2942950e-5b72-4e60-8fd7-505c1475c682@group-DE411FFD7766-LeaderElection5] INFO  grpc.GrpcConfigKeys (ConfUtils.java:logGet(46)) - raft.grpc.server.heartbeat.channel = true (default)
2023-09-28 12:55:57,618 [2942950e-5b72-4e60-8fd7-505c1475c682@group-DE411FFD7766-LeaderElection5] INFO  impl.RoleInfo (RoleInfo.java:updateAndGet(139)) - 2942950e-5b72-4e60-8fd7-505c1475c682: start 2942950e-5b72-4e60-8fd7-505c1475c682@group-DE411FFD7766-LeaderStateImpl
2023-09-28 12:55:57,618 [2942950e-5b72-4e60-8fd7-505c1475c682@group-DE411FFD7766-LeaderElection5] INFO  segmented.SegmentedRaftLogWorker (SegmentedRaftLogWorker.java:startLogSegment(447)) - 2942950e-5b72-4e60-8fd7-505c1475c682@group-DE411FFD7766-SegmentedRaftLogWorker: Starting segment from index:0
2023-09-28 12:55:57,620 [2942950e-5b72-4e60-8fd7-505c1475c682@group-DE411FFD7766-SegmentedRaftLogWorker] INFO  segmented.SegmentedRaftLogWorker (SegmentedRaftLogWorker.java:execute(651)) - 2942950e-5b72-4e60-8fd7-505c1475c682@group-DE411FFD7766-SegmentedRaftLogWorker: created new log segment /home/runner/work/ozone/ozone/hadoop-ozone/integration-test/target/test-dir/MiniOzoneClusterImpl-82bdab22-5801-416e-a4bc-b8f6b9675fef/datanode-1/data/ratis/ef5c91ca-7b59-48b8-8e32-de411ffd7766/current/log_inprogress_0
2023-09-28 12:55:57,641 [2942950e-5b72-4e60-8fd7-505c1475c682@group-DE411FFD7766-LeaderElection5] INFO  server.RaftServer$Division (ServerState.java:setRaftConf(434)) - 2942950e-5b72-4e60-8fd7-505c1475c682@group-DE411FFD7766: set configuration 0: peers:[3b419e23-3cc6-45b0-b9b5-04f9349798d3|rpc:10.1.0.34:15032|admin:10.1.0.34:15031|client:10.1.0.34:15030|dataStream:10.1.0.34:15033|priority:0|startupRole:FOLLOWER, 034573be-2326-4784-8299-dcb44cb21fac|rpc:10.1.0.34:15014|admin:10.1.0.34:15013|client:10.1.0.34:15012|dataStream:10.1.0.34:15015|priority:0|startupRole:FOLLOWER, 2942950e-5b72-4e60-8fd7-505c1475c682|rpc:10.1.0.34:15023|admin:10.1.0.34:15022|client:10.1.0.34:15021|dataStream:10.1.0.34:15024|priority:1|startupRole:FOLLOWER]|listeners:[], old=null
2023-09-28 12:55:57,675 [034573be-2326-4784-8299-dcb44cb21fac-server-thread1] INFO  ratis.XceiverServerRatis (XceiverServerRatis.java:handleLeaderChangedNotification(902)) - Leader change notification received for group: group-DE411FFD7766 with new leaderId: 2942950e-5b72-4e60-8fd7-505c1475c682
2023-09-28 12:55:57,676 [034573be-2326-4784-8299-dcb44cb21fac-server-thread1] INFO  server.RaftServer$Division (ServerState.java:setLeader(317)) - 034573be-2326-4784-8299-dcb44cb21fac@group-DE411FFD7766: change Leader from null to 2942950e-5b72-4e60-8fd7-505c1475c682 at term 1 for appendEntries, leader elected after 5863ms
2023-09-28 12:55:57,683 [034573be-2326-4784-8299-dcb44cb21fac-server-thread1] INFO  server.RaftServer$Division (ServerState.java:setRaftConf(434)) - 034573be-2326-4784-8299-dcb44cb21fac@group-DE411FFD7766: set configuration 0: peers:[3b419e23-3cc6-45b0-b9b5-04f9349798d3|rpc:10.1.0.34:15032|admin:10.1.0.34:15031|client:10.1.0.34:15030|dataStream:10.1.0.34:15033|priority:0|startupRole:FOLLOWER, 034573be-2326-4784-8299-dcb44cb21fac|rpc:10.1.0.34:15014|admin:10.1.0.34:15013|client:10.1.0.34:15012|dataStream:10.1.0.34:15015|priority:0|startupRole:FOLLOWER, 2942950e-5b72-4e60-8fd7-505c1475c682|rpc:10.1.0.34:15023|admin:10.1.0.34:15022|client:10.1.0.34:15021|dataStream:10.1.0.34:15024|priority:1|startupRole:FOLLOWER]|listeners:[], old=null
2023-09-28 12:55:57,683 [034573be-2326-4784-8299-dcb44cb21fac-server-thread1] INFO  segmented.SegmentedRaftLogWorker (SegmentedRaftLogWorker.java:startLogSegment(447)) - 034573be-2326-4784-8299-dcb44cb21fac@group-DE411FFD7766-SegmentedRaftLogWorker: Starting segment from index:0
2023-09-28 12:55:57,684 [3b419e23-3cc6-45b0-b9b5-04f9349798d3-server-thread2] INFO  ratis.XceiverServerRatis (XceiverServerRatis.java:handleLeaderChangedNotification(902)) - Leader change notification received for group: group-DE411FFD7766 with new leaderId: 2942950e-5b72-4e60-8fd7-505c1475c682
2023-09-28 12:55:57,685 [3b419e23-3cc6-45b0-b9b5-04f9349798d3-server-thread2] INFO  server.RaftServer$Division (ServerState.java:setLeader(317)) - 3b419e23-3cc6-45b0-b9b5-04f9349798d3@group-DE411FFD7766: change Leader from null to 2942950e-5b72-4e60-8fd7-505c1475c682 at term 1 for appendEntries, leader elected after 5144ms
2023-09-28 12:55:57,689 [034573be-2326-4784-8299-dcb44cb21fac@group-DE411FFD7766-SegmentedRaftLogWorker] INFO  segmented.SegmentedRaftLogWorker (SegmentedRaftLogWorker.java:execute(651)) - 034573be-2326-4784-8299-dcb44cb21fac@group-DE411FFD7766-SegmentedRaftLogWorker: created new log segment /home/runner/work/ozone/ozone/hadoop-ozone/integration-test/target/test-dir/MiniOzoneClusterImpl-82bdab22-5801-416e-a4bc-b8f6b9675fef/datanode-0/data/ratis/ef5c91ca-7b59-48b8-8e32-de411ffd7766/current/log_inprogress_0
2023-09-28 12:55:57,692 [3b419e23-3cc6-45b0-b9b5-04f9349798d3-server-thread1] INFO  server.RaftServer$Division (ServerState.java:setRaftConf(434)) - 3b419e23-3cc6-45b0-b9b5-04f9349798d3@group-DE411FFD7766: set configuration 0: peers:[3b419e23-3cc6-45b0-b9b5-04f9349798d3|rpc:10.1.0.34:15032|admin:10.1.0.34:15031|client:10.1.0.34:15030|dataStream:10.1.0.34:15033|priority:0|startupRole:FOLLOWER, 034573be-2326-4784-8299-dcb44cb21fac|rpc:10.1.0.34:15014|admin:10.1.0.34:15013|client:10.1.0.34:15012|dataStream:10.1.0.34:15015|priority:0|startupRole:FOLLOWER, 2942950e-5b72-4e60-8fd7-505c1475c682|rpc:10.1.0.34:15023|admin:10.1.0.34:15022|client:10.1.0.34:15021|dataStream:10.1.0.34:15024|priority:1|startupRole:FOLLOWER]|listeners:[], old=null
2023-09-28 12:55:57,693 [3b419e23-3cc6-45b0-b9b5-04f9349798d3-server-thread1] INFO  segmented.SegmentedRaftLogWorker (SegmentedRaftLogWorker.java:startLogSegment(447)) - 3b419e23-3cc6-45b0-b9b5-04f9349798d3@group-DE411FFD7766-SegmentedRaftLogWorker: Starting segment from index:0
2023-09-28 12:55:57,694 [3b419e23-3cc6-45b0-b9b5-04f9349798d3@group-DE411FFD7766-SegmentedRaftLogWorker] INFO  segmented.SegmentedRaftLogWorker (SegmentedRaftLogWorker.java:execute(651)) - 3b419e23-3cc6-45b0-b9b5-04f9349798d3@group-DE411FFD7766-SegmentedRaftLogWorker: created new log segment /home/runner/work/ozone/ozone/hadoop-ozone/integration-test/target/test-dir/MiniOzoneClusterImpl-82bdab22-5801-416e-a4bc-b8f6b9675fef/datanode-2/data/ratis/ef5c91ca-7b59-48b8-8e32-de411ffd7766/current/log_inprogress_0
2023-09-28 12:55:58,048 [034573be-2326-4784-8299-dcb44cb21fac@group-EB7ED20B9F16-FollowerState] INFO  impl.FollowerState (FollowerState.java:run(143)) - 034573be-2326-4784-8299-dcb44cb21fac@group-EB7ED20B9F16-FollowerState: change to CANDIDATE, lastRpcElapsedTime:5094664066ns, electionTimeout:5084ms
2023-09-28 12:55:58,048 [034573be-2326-4784-8299-dcb44cb21fac@group-EB7ED20B9F16-FollowerState] INFO  impl.RoleInfo (RoleInfo.java:shutdownFollowerState(110)) - 034573be-2326-4784-8299-dcb44cb21fac: shutdown 034573be-2326-4784-8299-dcb44cb21fac@group-EB7ED20B9F16-FollowerState
2023-09-28 12:55:58,048 [034573be-2326-4784-8299-dcb44cb21fac@group-EB7ED20B9F16-FollowerState] INFO  server.RaftServer$Division (RaftServerImpl.java:setRole(329)) - 034573be-2326-4784-8299-dcb44cb21fac@group-EB7ED20B9F16: changes role from  FOLLOWER to CANDIDATE at term 0 for changeToCandidate
2023-09-28 12:55:58,050 [034573be-2326-4784-8299-dcb44cb21fac@group-EB7ED20B9F16-FollowerState] INFO  server.RaftServerConfigKeys (ConfUtils.java:logGet(46)) - raft.server.leaderelection.pre-vote = true (default)
2023-09-28 12:55:58,050 [034573be-2326-4784-8299-dcb44cb21fac@group-EB7ED20B9F16-FollowerState] INFO  impl.RoleInfo (RoleInfo.java:updateAndGet(139)) - 034573be-2326-4784-8299-dcb44cb21fac: start 034573be-2326-4784-8299-dcb44cb21fac@group-EB7ED20B9F16-LeaderElection6
2023-09-28 12:55:58,052 [034573be-2326-4784-8299-dcb44cb21fac@group-EB7ED20B9F16-LeaderElection6] INFO  impl.LeaderElection (LeaderElection.java:askForVotes(321)) - 034573be-2326-4784-8299-dcb44cb21fac@group-EB7ED20B9F16-LeaderElection6 PRE_VOTE round 0: submit vote requests at term 0 for -1: peers:[3b419e23-3cc6-45b0-b9b5-04f9349798d3|rpc:10.1.0.34:15032|admin:10.1.0.34:15031|client:10.1.0.34:15030|dataStream:10.1.0.34:15033|priority:0|startupRole:FOLLOWER, 034573be-2326-4784-8299-dcb44cb21fac|rpc:10.1.0.34:15014|admin:10.1.0.34:15013|client:10.1.0.34:15012|dataStream:10.1.0.34:15015|priority:1|startupRole:FOLLOWER, 2942950e-5b72-4e60-8fd7-505c1475c682|rpc:10.1.0.34:15023|admin:10.1.0.34:15022|client:10.1.0.34:15021|dataStream:10.1.0.34:15024|priority:0|startupRole:FOLLOWER]|listeners:[], old=null
2023-09-28 12:55:58,053 [034573be-2326-4784-8299-dcb44cb21fac@group-EB7ED20B9F16-LeaderElection6] INFO  server.RaftServerConfigKeys (ConfUtils.java:logFallback(53)) - raft.server.rpc.first-election.timeout.min = 5s (fallback to raft.server.rpc.timeout.min)
2023-09-28 12:55:58,053 [034573be-2326-4784-8299-dcb44cb21fac@group-EB7ED20B9F16-LeaderElection6] INFO  server.RaftServerConfigKeys (ConfUtils.java:logFallback(53)) - raft.server.rpc.first-election.timeout.max = 5200ms (fallback to raft.server.rpc.timeout.max)
2023-09-28 12:55:58,061 [grpc-default-executor-1] INFO  server.RaftServer$Division (RaftServerImpl.java:requestVote(1302)) - 3b419e23-3cc6-45b0-b9b5-04f9349798d3@group-EB7ED20B9F16: receive requestVote(PRE_VOTE, 034573be-2326-4784-8299-dcb44cb21fac, group-EB7ED20B9F16, 0, (t:0, i:0))
2023-09-28 12:55:58,062 [grpc-default-executor-1] INFO  impl.VoteContext (VoteContext.java:log(49)) - 3b419e23-3cc6-45b0-b9b5-04f9349798d3@group-EB7ED20B9F16-FOLLOWER: accept PRE_VOTE from 034573be-2326-4784-8299-dcb44cb21fac: our priority 0 <= candidate's priority 1
2023-09-28 12:55:58,062 [grpc-default-executor-1] INFO  server.RaftServer$Division (RaftServerImpl.java:requestVote(1335)) - 3b419e23-3cc6-45b0-b9b5-04f9349798d3@group-EB7ED20B9F16 replies to PRE_VOTE vote request: 034573be-2326-4784-8299-dcb44cb21fac<-3b419e23-3cc6-45b0-b9b5-04f9349798d3#0:OK-t0. Peer's state: 3b419e23-3cc6-45b0-b9b5-04f9349798d3@group-EB7ED20B9F16:t0, leader=null, voted=, raftlog=Memoized:3b419e23-3cc6-45b0-b9b5-04f9349798d3@group-EB7ED20B9F16-SegmentedRaftLog:OPENED:c-1, conf=-1: peers:[3b419e23-3cc6-45b0-b9b5-04f9349798d3|rpc:10.1.0.34:15032|admin:10.1.0.34:15031|client:10.1.0.34:15030|dataStream:10.1.0.34:15033|priority:0|startupRole:FOLLOWER, 034573be-2326-4784-8299-dcb44cb21fac|rpc:10.1.0.34:15014|admin:10.1.0.34:15013|client:10.1.0.34:15012|dataStream:10.1.0.34:15015|priority:1|startupRole:FOLLOWER, 2942950e-5b72-4e60-8fd7-505c1475c682|rpc:10.1.0.34:15023|admin:10.1.0.34:15022|client:10.1.0.34:15021|dataStream:10.1.0.34:15024|priority:0|startupRole:FOLLOWER]|listeners:[], old=null
2023-09-28 12:55:58,061 [grpc-default-executor-3] INFO  server.RaftServer$Division (RaftServerImpl.java:requestVote(1302)) - 2942950e-5b72-4e60-8fd7-505c1475c682@group-EB7ED20B9F16: receive requestVote(PRE_VOTE, 034573be-2326-4784-8299-dcb44cb21fac, group-EB7ED20B9F16, 0, (t:0, i:0))
2023-09-28 12:55:58,063 [grpc-default-executor-3] INFO  impl.VoteContext (VoteContext.java:log(49)) - 2942950e-5b72-4e60-8fd7-505c1475c682@group-EB7ED20B9F16-FOLLOWER: accept PRE_VOTE from 034573be-2326-4784-8299-dcb44cb21fac: our priority 0 <= candidate's priority 1
2023-09-28 12:55:58,063 [grpc-default-executor-3] INFO  server.RaftServer$Division (RaftServerImpl.java:requestVote(1335)) - 2942950e-5b72-4e60-8fd7-505c1475c682@group-EB7ED20B9F16 replies to PRE_VOTE vote request: 034573be-2326-4784-8299-dcb44cb21fac<-2942950e-5b72-4e60-8fd7-505c1475c682#0:OK-t0. Peer's state: 2942950e-5b72-4e60-8fd7-505c1475c682@group-EB7ED20B9F16:t0, leader=null, voted=, raftlog=Memoized:2942950e-5b72-4e60-8fd7-505c1475c682@group-EB7ED20B9F16-SegmentedRaftLog:OPENED:c-1, conf=-1: peers:[3b419e23-3cc6-45b0-b9b5-04f9349798d3|rpc:10.1.0.34:15032|admin:10.1.0.34:15031|client:10.1.0.34:15030|dataStream:10.1.0.34:15033|priority:0|startupRole:FOLLOWER, 034573be-2326-4784-8299-dcb44cb21fac|rpc:10.1.0.34:15014|admin:10.1.0.34:15013|client:10.1.0.34:15012|dataStream:10.1.0.34:15015|priority:1|startupRole:FOLLOWER, 2942950e-5b72-4e60-8fd7-505c1475c682|rpc:10.1.0.34:15023|admin:10.1.0.34:15022|client:10.1.0.34:15021|dataStream:10.1.0.34:15024|priority:0|startupRole:FOLLOWER]|listeners:[], old=null
2023-09-28 12:55:58,068 [034573be-2326-4784-8299-dcb44cb21fac@group-EB7ED20B9F16-LeaderElection6] INFO  impl.LeaderElection (LeaderElection.java:logAndReturn(90)) - 034573be-2326-4784-8299-dcb44cb21fac@group-EB7ED20B9F16-LeaderElection6: PRE_VOTE PASSED received 1 response(s) and 0 exception(s):
2023-09-28 12:55:58,069 [034573be-2326-4784-8299-dcb44cb21fac@group-EB7ED20B9F16-LeaderElection6] INFO  impl.LeaderElection (LeaderElection.java:logAndReturn(94)) -   Response 0: 034573be-2326-4784-8299-dcb44cb21fac<-2942950e-5b72-4e60-8fd7-505c1475c682#0:OK-t0
2023-09-28 12:55:58,069 [034573be-2326-4784-8299-dcb44cb21fac@group-EB7ED20B9F16-LeaderElection6] INFO  impl.LeaderElection (LeaderElection.java:askForVotes(323)) - 034573be-2326-4784-8299-dcb44cb21fac@group-EB7ED20B9F16-LeaderElection6 PRE_VOTE round 0: result PASSED
2023-09-28 12:55:58,072 [034573be-2326-4784-8299-dcb44cb21fac@group-EB7ED20B9F16-LeaderElection6] INFO  impl.LeaderElection (LeaderElection.java:askForVotes(321)) - 034573be-2326-4784-8299-dcb44cb21fac@group-EB7ED20B9F16-LeaderElection6 ELECTION round 0: submit vote requests at term 1 for -1: peers:[3b419e23-3cc6-45b0-b9b5-04f9349798d3|rpc:10.1.0.34:15032|admin:10.1.0.34:15031|client:10.1.0.34:15030|dataStream:10.1.0.34:15033|priority:0|startupRole:FOLLOWER, 034573be-2326-4784-8299-dcb44cb21fac|rpc:10.1.0.34:15014|admin:10.1.0.34:15013|client:10.1.0.34:15012|dataStream:10.1.0.34:15015|priority:1|startupRole:FOLLOWER, 2942950e-5b72-4e60-8fd7-505c1475c682|rpc:10.1.0.34:15023|admin:10.1.0.34:15022|client:10.1.0.34:15021|dataStream:10.1.0.34:15024|priority:0|startupRole:FOLLOWER]|listeners:[], old=null
2023-09-28 12:55:58,078 [grpc-default-executor-3] INFO  server.RaftServer$Division (RaftServerImpl.java:requestVote(1302)) - 3b419e23-3cc6-45b0-b9b5-04f9349798d3@group-EB7ED20B9F16: receive requestVote(ELECTION, 034573be-2326-4784-8299-dcb44cb21fac, group-EB7ED20B9F16, 1, (t:0, i:0))
2023-09-28 12:55:58,081 [grpc-default-executor-3] INFO  impl.VoteContext (VoteContext.java:log(49)) - 3b419e23-3cc6-45b0-b9b5-04f9349798d3@group-EB7ED20B9F16-FOLLOWER: accept ELECTION from 034573be-2326-4784-8299-dcb44cb21fac: our priority 0 <= candidate's priority 1
2023-09-28 12:55:58,081 [034573be-2326-4784-8299-dcb44cb21fac@group-EB7ED20B9F16-LeaderElection6] INFO  server.RaftServerConfigKeys (ConfUtils.java:logFallback(53)) - raft.server.rpc.first-election.timeout.min = 5s (fallback to raft.server.rpc.timeout.min)
2023-09-28 12:55:58,081 [grpc-default-executor-3] INFO  server.RaftServer$Division (RaftServerImpl.java:setRole(329)) - 3b419e23-3cc6-45b0-b9b5-04f9349798d3@group-EB7ED20B9F16: changes role from  FOLLOWER to FOLLOWER at term 1 for candidate:034573be-2326-4784-8299-dcb44cb21fac
2023-09-28 12:55:58,081 [034573be-2326-4784-8299-dcb44cb21fac@group-EB7ED20B9F16-LeaderElection6] INFO  server.RaftServerConfigKeys (ConfUtils.java:logFallback(53)) - raft.server.rpc.first-election.timeout.max = 5200ms (fallback to raft.server.rpc.timeout.max)
2023-09-28 12:55:58,081 [grpc-default-executor-3] INFO  impl.RoleInfo (RoleInfo.java:shutdownFollowerState(110)) - 3b419e23-3cc6-45b0-b9b5-04f9349798d3: shutdown 3b419e23-3cc6-45b0-b9b5-04f9349798d3@group-EB7ED20B9F16-FollowerState
2023-09-28 12:55:58,081 [3b419e23-3cc6-45b0-b9b5-04f9349798d3@group-EB7ED20B9F16-FollowerState] INFO  impl.FollowerState (FollowerState.java:run(152)) - 3b419e23-3cc6-45b0-b9b5-04f9349798d3@group-EB7ED20B9F16-FollowerState was interrupted
2023-09-28 12:55:58,082 [grpc-default-executor-3] INFO  impl.RoleInfo (RoleInfo.java:updateAndGet(139)) - 3b419e23-3cc6-45b0-b9b5-04f9349798d3: start 3b419e23-3cc6-45b0-b9b5-04f9349798d3@group-EB7ED20B9F16-FollowerState
2023-09-28 12:55:58,084 [grpc-default-executor-1] INFO  server.RaftServer$Division (RaftServerImpl.java:requestVote(1302)) - 2942950e-5b72-4e60-8fd7-505c1475c682@group-EB7ED20B9F16: receive requestVote(ELECTION, 034573be-2326-4784-8299-dcb44cb21fac, group-EB7ED20B9F16, 1, (t:0, i:0))
2023-09-28 12:55:58,084 [grpc-default-executor-3] INFO  server.RaftServer$Division (RaftServerImpl.java:requestVote(1335)) - 3b419e23-3cc6-45b0-b9b5-04f9349798d3@group-EB7ED20B9F16 replies to ELECTION vote request: 034573be-2326-4784-8299-dcb44cb21fac<-3b419e23-3cc6-45b0-b9b5-04f9349798d3#0:OK-t1. Peer's state: 3b419e23-3cc6-45b0-b9b5-04f9349798d3@group-EB7ED20B9F16:t1, leader=null, voted=034573be-2326-4784-8299-dcb44cb21fac, raftlog=Memoized:3b419e23-3cc6-45b0-b9b5-04f9349798d3@group-EB7ED20B9F16-SegmentedRaftLog:OPENED:c-1, conf=-1: peers:[3b419e23-3cc6-45b0-b9b5-04f9349798d3|rpc:10.1.0.34:15032|admin:10.1.0.34:15031|client:10.1.0.34:15030|dataStream:10.1.0.34:15033|priority:0|startupRole:FOLLOWER, 034573be-2326-4784-8299-dcb44cb21fac|rpc:10.1.0.34:15014|admin:10.1.0.34:15013|client:10.1.0.34:15012|dataStream:10.1.0.34:15015|priority:1|startupRole:FOLLOWER, 2942950e-5b72-4e60-8fd7-505c1475c682|rpc:10.1.0.34:15023|admin:10.1.0.34:15022|client:10.1.0.34:15021|dataStream:10.1.0.34:15024|priority:0|startupRole:FOLLOWER]|listeners:[], old=null
2023-09-28 12:55:58,086 [034573be-2326-4784-8299-dcb44cb21fac@group-EB7ED20B9F16-LeaderElection6] INFO  impl.LeaderElection (LeaderElection.java:logAndReturn(90)) - 034573be-2326-4784-8299-dcb44cb21fac@group-EB7ED20B9F16-LeaderElection6: ELECTION PASSED received 1 response(s) and 0 exception(s):
2023-09-28 12:55:58,086 [034573be-2326-4784-8299-dcb44cb21fac@group-EB7ED20B9F16-LeaderElection6] INFO  impl.LeaderElection (LeaderElection.java:logAndReturn(94)) -   Response 0: 034573be-2326-4784-8299-dcb44cb21fac<-3b419e23-3cc6-45b0-b9b5-04f9349798d3#0:OK-t1
2023-09-28 12:55:58,086 [034573be-2326-4784-8299-dcb44cb21fac@group-EB7ED20B9F16-LeaderElection6] INFO  impl.LeaderElection (LeaderElection.java:askForVotes(323)) - 034573be-2326-4784-8299-dcb44cb21fac@group-EB7ED20B9F16-LeaderElection6 ELECTION round 0: result PASSED
2023-09-28 12:55:58,086 [034573be-2326-4784-8299-dcb44cb21fac@group-EB7ED20B9F16-LeaderElection6] INFO  impl.RoleInfo (RoleInfo.java:shutdownLeaderElection(130)) - 034573be-2326-4784-8299-dcb44cb21fac: shutdown 034573be-2326-4784-8299-dcb44cb21fac@group-EB7ED20B9F16-LeaderElection6
2023-09-28 12:55:58,086 [034573be-2326-4784-8299-dcb44cb21fac@group-EB7ED20B9F16-LeaderElection6] INFO  server.RaftServer$Division (RaftServerImpl.java:setRole(329)) - 034573be-2326-4784-8299-dcb44cb21fac@group-EB7ED20B9F16: changes role from CANDIDATE to LEADER at term 1 for changeToLeader
2023-09-28 12:55:58,086 [034573be-2326-4784-8299-dcb44cb21fac@group-EB7ED20B9F16-LeaderElection6] INFO  ratis.XceiverServerRatis (XceiverServerRatis.java:handleLeaderChangedNotification(902)) - Leader change notification received for group: group-EB7ED20B9F16 with new leaderId: 034573be-2326-4784-8299-dcb44cb21fac
2023-09-28 12:55:58,087 [034573be-2326-4784-8299-dcb44cb21fac@group-EB7ED20B9F16-LeaderElection6] INFO  server.RaftServer$Division (ServerState.java:setLeader(317)) - 034573be-2326-4784-8299-dcb44cb21fac@group-EB7ED20B9F16: change Leader from null to 034573be-2326-4784-8299-dcb44cb21fac at term 1 for becomeLeader, leader elected after 5521ms
2023-09-28 12:55:58,087 [034573be-2326-4784-8299-dcb44cb21fac@group-EB7ED20B9F16-LeaderElection6] INFO  server.RaftServerConfigKeys (ConfUtils.java:logGet(46)) - raft.server.staging.catchup.gap = 1000 (default)
2023-09-28 12:55:58,087 [034573be-2326-4784-8299-dcb44cb21fac@group-EB7ED20B9F16-LeaderElection6] INFO  server.RaftServerConfigKeys (ConfUtils.java:logGet(46)) - raft.server.write.element-limit = 1024 (custom)
2023-09-28 12:55:58,087 [034573be-2326-4784-8299-dcb44cb21fac@group-EB7ED20B9F16-LeaderElection6] INFO  server.RaftServerConfigKeys (ConfUtils.java:logGet(46)) - raft.server.write.byte-limit = 1024 M (=1073741824) (custom)
2023-09-28 12:55:58,087 [034573be-2326-4784-8299-dcb44cb21fac@group-EB7ED20B9F16-LeaderElection6] INFO  server.RaftServerConfigKeys (ConfUtils.java:logGet(46)) - raft.server.watch.timeout = 180s (custom)
2023-09-28 12:55:58,087 [034573be-2326-4784-8299-dcb44cb21fac@group-EB7ED20B9F16-LeaderElection6] INFO  server.RaftServerConfigKeys (ConfUtils.java:logGet(46)) - raft.server.watch.timeout.denomination = 1s (default)
2023-09-28 12:55:58,087 [034573be-2326-4784-8299-dcb44cb21fac@group-EB7ED20B9F16-LeaderElection6] INFO  server.RaftServerConfigKeys (ConfUtils.java:logGet(46)) - raft.server.watch.element-limit = 65536 (default)
2023-09-28 12:55:58,088 [034573be-2326-4784-8299-dcb44cb21fac@group-EB7ED20B9F16-LeaderElection6] INFO  server.RaftServerConfigKeys (ConfUtils.java:logGet(46)) - raft.server.write.element-limit = 1024 (custom)
2023-09-28 12:55:58,088 [034573be-2326-4784-8299-dcb44cb21fac@group-EB7ED20B9F16-LeaderElection6] INFO  server.RaftServerConfigKeys (ConfUtils.java:logGet(46)) - raft.server.write.follower.gap.ratio.max = -1.0 (default)
2023-09-28 12:55:58,088 [034573be-2326-4784-8299-dcb44cb21fac@group-EB7ED20B9F16-LeaderElection6] INFO  server.RaftServerConfigKeys (ConfUtils.java:logGet(46)) - raft.server.log.appender.snapshot.chunk.size.max = 16MB (=16777216) (default)
2023-09-28 12:55:58,088 [034573be-2326-4784-8299-dcb44cb21fac@group-EB7ED20B9F16-LeaderElection6] INFO  server.RaftServerConfigKeys (ConfUtils.java:logGet(46)) - raft.server.log.appender.buffer.byte-limit = 33554432 (custom)
2023-09-28 12:55:58,088 [034573be-2326-4784-8299-dcb44cb21fac@group-EB7ED20B9F16-LeaderElection6] INFO  server.RaftServerConfigKeys (ConfUtils.java:logGet(46)) - raft.server.log.appender.buffer.element-limit = 1 (custom)
2023-09-28 12:55:58,088 [034573be-2326-4784-8299-dcb44cb21fac@group-EB7ED20B9F16-LeaderElection6] INFO  server.RaftServerConfigKeys (ConfUtils.java:logGet(46)) - raft.server.log.appender.wait-time.min = 10ms (default)
2023-09-28 12:55:58,088 [034573be-2326-4784-8299-dcb44cb21fac@group-EB7ED20B9F16-LeaderElection6] INFO  grpc.GrpcConfigKeys (ConfUtils.java:logGet(46)) - raft.grpc.server.leader.outstanding.appends.max = 128 (default)
2023-09-28 12:55:58,090 [grpc-default-executor-1] INFO  impl.VoteContext (VoteContext.java:log(49)) - 2942950e-5b72-4e60-8fd7-505c1475c682@group-EB7ED20B9F16-FOLLOWER: accept ELECTION from 034573be-2326-4784-8299-dcb44cb21fac: our priority 0 <= candidate's priority 1
2023-09-28 12:55:58,091 [034573be-2326-4784-8299-dcb44cb21fac@group-EB7ED20B9F16-LeaderElection6] INFO  server.RaftServerConfigKeys (ConfUtils.java:logGet(46)) - raft.server.rpc.request.timeout = 60s (custom)
2023-09-28 12:55:58,091 [034573be-2326-4784-8299-dcb44cb21fac@group-EB7ED20B9F16-LeaderElection6] INFO  grpc.GrpcConfigKeys (ConfUtils.java:logGet(46)) - raft.grpc.server.install_snapshot.request.element-limit = 8 (default)
2023-09-28 12:55:58,091 [034573be-2326-4784-8299-dcb44cb21fac@group-EB7ED20B9F16-LeaderElection6] INFO  grpc.GrpcConfigKeys (ConfUtils.java:logGet(46)) - raft.grpc.server.install_snapshot.request.timeout = 3000ms (default)
2023-09-28 12:55:58,091 [034573be-2326-4784-8299-dcb44cb21fac@group-EB7ED20B9F16-LeaderElection6] INFO  server.RaftServerConfigKeys (ConfUtils.java:logGet(46)) - raft.server.log.appender.install.snapshot.enabled = false (custom)
2023-09-28 12:55:58,091 [034573be-2326-4784-8299-dcb44cb21fac@group-EB7ED20B9F16-LeaderElection6] INFO  grpc.GrpcConfigKeys (ConfUtils.java:logGet(46)) - raft.grpc.server.heartbeat.channel = true (default)
2023-09-28 12:55:58,091 [grpc-default-executor-1] INFO  server.RaftServer$Division (RaftServerImpl.java:setRole(329)) - 2942950e-5b72-4e60-8fd7-505c1475c682@group-EB7ED20B9F16: changes role from  FOLLOWER to FOLLOWER at term 1 for candidate:034573be-2326-4784-8299-dcb44cb21fac
2023-09-28 12:55:58,091 [grpc-default-executor-1] INFO  impl.RoleInfo (RoleInfo.java:shutdownFollowerState(110)) - 2942950e-5b72-4e60-8fd7-505c1475c682: shutdown 2942950e-5b72-4e60-8fd7-505c1475c682@group-EB7ED20B9F16-FollowerState
2023-09-28 12:55:58,091 [EventQueue-PipelineReportForPipelineReportHandler] INFO  pipeline.PipelineReportHandler (PipelineReportHandler.java:processPipelineReport(136)) - Opened pipeline PipelineID=431cf206-d1a0-4cca-a503-eb7ed20b9f16
2023-09-28 12:55:58,092 [2942950e-5b72-4e60-8fd7-505c1475c682@group-EB7ED20B9F16-FollowerState] INFO  impl.FollowerState (FollowerState.java:run(152)) - 2942950e-5b72-4e60-8fd7-505c1475c682@group-EB7ED20B9F16-FollowerState was interrupted
2023-09-28 12:55:58,093 [grpc-default-executor-1] INFO  impl.RoleInfo (RoleInfo.java:updateAndGet(139)) - 2942950e-5b72-4e60-8fd7-505c1475c682: start 2942950e-5b72-4e60-8fd7-505c1475c682@group-EB7ED20B9F16-FollowerState
2023-09-28 12:55:58,098 [034573be-2326-4784-8299-dcb44cb21fac@group-EB7ED20B9F16-LeaderElection6] INFO  server.RaftServerConfigKeys (ConfUtils.java:logGet(46)) - raft.server.log.appender.snapshot.chunk.size.max = 16MB (=16777216) (default)
2023-09-28 12:55:58,098 [034573be-2326-4784-8299-dcb44cb21fac@group-EB7ED20B9F16-LeaderElection6] INFO  server.RaftServerConfigKeys (ConfUtils.java:logGet(46)) - raft.server.log.appender.buffer.byte-limit = 33554432 (custom)
2023-09-28 12:55:58,098 [034573be-2326-4784-8299-dcb44cb21fac@group-EB7ED20B9F16-LeaderElection6] INFO  server.RaftServerConfigKeys (ConfUtils.java:logGet(46)) - raft.server.log.appender.buffer.element-limit = 1 (custom)
2023-09-28 12:55:58,098 [034573be-2326-4784-8299-dcb44cb21fac@group-EB7ED20B9F16-LeaderElection6] INFO  server.RaftServerConfigKeys (ConfUtils.java:logGet(46)) - raft.server.log.appender.wait-time.min = 10ms (default)
2023-09-28 12:55:58,098 [034573be-2326-4784-8299-dcb44cb21fac@group-EB7ED20B9F16-LeaderElection6] INFO  grpc.GrpcConfigKeys (ConfUtils.java:logGet(46)) - raft.grpc.server.leader.outstanding.appends.max = 128 (default)
2023-09-28 12:55:58,098 [034573be-2326-4784-8299-dcb44cb21fac@group-EB7ED20B9F16-LeaderElection6] INFO  server.RaftServerConfigKeys (ConfUtils.java:logGet(46)) - raft.server.rpc.request.timeout = 60s (custom)
2023-09-28 12:55:58,098 [034573be-2326-4784-8299-dcb44cb21fac@group-EB7ED20B9F16-LeaderElection6] INFO  grpc.GrpcConfigKeys (ConfUtils.java:logGet(46)) - raft.grpc.server.install_snapshot.request.element-limit = 8 (default)
2023-09-28 12:55:58,098 [034573be-2326-4784-8299-dcb44cb21fac@group-EB7ED20B9F16-LeaderElection6] INFO  grpc.GrpcConfigKeys (ConfUtils.java:logGet(46)) - raft.grpc.server.install_snapshot.request.timeout = 3000ms (default)
2023-09-28 12:55:58,098 [034573be-2326-4784-8299-dcb44cb21fac@group-EB7ED20B9F16-LeaderElection6] INFO  server.RaftServerConfigKeys (ConfUtils.java:logGet(46)) - raft.server.log.appender.install.snapshot.enabled = false (custom)
2023-09-28 12:55:58,098 [034573be-2326-4784-8299-dcb44cb21fac@group-EB7ED20B9F16-LeaderElection6] INFO  grpc.GrpcConfigKeys (ConfUtils.java:logGet(46)) - raft.grpc.server.heartbeat.channel = true (default)
2023-09-28 12:55:58,099 [034573be-2326-4784-8299-dcb44cb21fac@group-EB7ED20B9F16-LeaderElection6] INFO  impl.RoleInfo (RoleInfo.java:updateAndGet(139)) - 034573be-2326-4784-8299-dcb44cb21fac: start 034573be-2326-4784-8299-dcb44cb21fac@group-EB7ED20B9F16-LeaderStateImpl
2023-09-28 12:55:58,099 [034573be-2326-4784-8299-dcb44cb21fac@group-EB7ED20B9F16-LeaderElection6] INFO  segmented.SegmentedRaftLogWorker (SegmentedRaftLogWorker.java:startLogSegment(447)) - 034573be-2326-4784-8299-dcb44cb21fac@group-EB7ED20B9F16-SegmentedRaftLogWorker: Starting segment from index:0
2023-09-28 12:55:58,100 [grpc-default-executor-1] INFO  server.RaftServer$Division (RaftServerImpl.java:requestVote(1335)) - 2942950e-5b72-4e60-8fd7-505c1475c682@group-EB7ED20B9F16 replies to ELECTION vote request: 034573be-2326-4784-8299-dcb44cb21fac<-2942950e-5b72-4e60-8fd7-505c1475c682#0:OK-t1. Peer's state: 2942950e-5b72-4e60-8fd7-505c1475c682@group-EB7ED20B9F16:t1, leader=null, voted=034573be-2326-4784-8299-dcb44cb21fac, raftlog=Memoized:2942950e-5b72-4e60-8fd7-505c1475c682@group-EB7ED20B9F16-SegmentedRaftLog:OPENED:c-1, conf=-1: peers:[3b419e23-3cc6-45b0-b9b5-04f9349798d3|rpc:10.1.0.34:15032|admin:10.1.0.34:15031|client:10.1.0.34:15030|dataStream:10.1.0.34:15033|priority:0|startupRole:FOLLOWER, 034573be-2326-4784-8299-dcb44cb21fac|rpc:10.1.0.34:15014|admin:10.1.0.34:15013|client:10.1.0.34:15012|dataStream:10.1.0.34:15015|priority:1|startupRole:FOLLOWER, 2942950e-5b72-4e60-8fd7-505c1475c682|rpc:10.1.0.34:15023|admin:10.1.0.34:15022|client:10.1.0.34:15021|dataStream:10.1.0.34:15024|priority:0|startupRole:FOLLOWER]|listeners:[], old=null
2023-09-28 12:55:58,100 [034573be-2326-4784-8299-dcb44cb21fac@group-EB7ED20B9F16-SegmentedRaftLogWorker] INFO  segmented.SegmentedRaftLogWorker (SegmentedRaftLogWorker.java:execute(651)) - 034573be-2326-4784-8299-dcb44cb21fac@group-EB7ED20B9F16-SegmentedRaftLogWorker: created new log segment /home/runner/work/ozone/ozone/hadoop-ozone/integration-test/target/test-dir/MiniOzoneClusterImpl-82bdab22-5801-416e-a4bc-b8f6b9675fef/datanode-0/data/ratis/431cf206-d1a0-4cca-a503-eb7ed20b9f16/current/log_inprogress_0
2023-09-28 12:55:58,113 [034573be-2326-4784-8299-dcb44cb21fac@group-EB7ED20B9F16-LeaderElection6] INFO  server.RaftServer$Division (ServerState.java:setRaftConf(434)) - 034573be-2326-4784-8299-dcb44cb21fac@group-EB7ED20B9F16: set configuration 0: peers:[3b419e23-3cc6-45b0-b9b5-04f9349798d3|rpc:10.1.0.34:15032|admin:10.1.0.34:15031|client:10.1.0.34:15030|dataStream:10.1.0.34:15033|priority:0|startupRole:FOLLOWER, 034573be-2326-4784-8299-dcb44cb21fac|rpc:10.1.0.34:15014|admin:10.1.0.34:15013|client:10.1.0.34:15012|dataStream:10.1.0.34:15015|priority:1|startupRole:FOLLOWER, 2942950e-5b72-4e60-8fd7-505c1475c682|rpc:10.1.0.34:15023|admin:10.1.0.34:15022|client:10.1.0.34:15021|dataStream:10.1.0.34:15024|priority:0|startupRole:FOLLOWER]|listeners:[], old=null
2023-09-28 12:55:58,122 [3b419e23-3cc6-45b0-b9b5-04f9349798d3-server-thread1] INFO  ratis.XceiverServerRatis (XceiverServerRatis.java:handleLeaderChangedNotification(902)) - Leader change notification received for group: group-EB7ED20B9F16 with new leaderId: 034573be-2326-4784-8299-dcb44cb21fac
2023-09-28 12:55:58,122 [3b419e23-3cc6-45b0-b9b5-04f9349798d3-server-thread1] INFO  server.RaftServer$Division (ServerState.java:setLeader(317)) - 3b419e23-3cc6-45b0-b9b5-04f9349798d3@group-EB7ED20B9F16: change Leader from null to 034573be-2326-4784-8299-dcb44cb21fac at term 1 for appendEntries, leader elected after 5070ms
2023-09-28 12:55:58,124 [3b419e23-3cc6-45b0-b9b5-04f9349798d3-server-thread1] INFO  server.RaftServer$Division (ServerState.java:setRaftConf(434)) - 3b419e23-3cc6-45b0-b9b5-04f9349798d3@group-EB7ED20B9F16: set configuration 0: peers:[3b419e23-3cc6-45b0-b9b5-04f9349798d3|rpc:10.1.0.34:15032|admin:10.1.0.34:15031|client:10.1.0.34:15030|dataStream:10.1.0.34:15033|priority:0|startupRole:FOLLOWER, 034573be-2326-4784-8299-dcb44cb21fac|rpc:10.1.0.34:15014|admin:10.1.0.34:15013|client:10.1.0.34:15012|dataStream:10.1.0.34:15015|priority:1|startupRole:FOLLOWER, 2942950e-5b72-4e60-8fd7-505c1475c682|rpc:10.1.0.34:15023|admin:10.1.0.34:15022|client:10.1.0.34:15021|dataStream:10.1.0.34:15024|priority:0|startupRole:FOLLOWER]|listeners:[], old=null
2023-09-28 12:55:58,124 [3b419e23-3cc6-45b0-b9b5-04f9349798d3-server-thread1] INFO  segmented.SegmentedRaftLogWorker (SegmentedRaftLogWorker.java:startLogSegment(447)) - 3b419e23-3cc6-45b0-b9b5-04f9349798d3@group-EB7ED20B9F16-SegmentedRaftLogWorker: Starting segment from index:0
2023-09-28 12:55:58,126 [3b419e23-3cc6-45b0-b9b5-04f9349798d3@group-EB7ED20B9F16-SegmentedRaftLogWorker] INFO  segmented.SegmentedRaftLogWorker (SegmentedRaftLogWorker.java:execute(651)) - 3b419e23-3cc6-45b0-b9b5-04f9349798d3@group-EB7ED20B9F16-SegmentedRaftLogWorker: created new log segment /home/runner/work/ozone/ozone/hadoop-ozone/integration-test/target/test-dir/MiniOzoneClusterImpl-82bdab22-5801-416e-a4bc-b8f6b9675fef/datanode-2/data/ratis/431cf206-d1a0-4cca-a503-eb7ed20b9f16/current/log_inprogress_0
2023-09-28 12:55:58,143 [2942950e-5b72-4e60-8fd7-505c1475c682-server-thread1] INFO  ratis.XceiverServerRatis (XceiverServerRatis.java:handleLeaderChangedNotification(902)) - Leader change notification received for group: group-EB7ED20B9F16 with new leaderId: 034573be-2326-4784-8299-dcb44cb21fac
2023-09-28 12:55:58,143 [2942950e-5b72-4e60-8fd7-505c1475c682-server-thread1] INFO  server.RaftServer$Division (ServerState.java:setLeader(317)) - 2942950e-5b72-4e60-8fd7-505c1475c682@group-EB7ED20B9F16: change Leader from null to 034573be-2326-4784-8299-dcb44cb21fac at term 1 for appendEntries, leader elected after 5079ms
2023-09-28 12:55:58,144 [3b419e23-3cc6-45b0-b9b5-04f9349798d3@group-CA34E91C5C5E-FollowerState] INFO  impl.FollowerState (FollowerState.java:run(143)) - 3b419e23-3cc6-45b0-b9b5-04f9349798d3@group-CA34E91C5C5E-FollowerState: change to CANDIDATE, lastRpcElapsedTime:5112611189ns, electionTimeout:5107ms
2023-09-28 12:55:58,144 [3b419e23-3cc6-45b0-b9b5-04f9349798d3@group-CA34E91C5C5E-FollowerState] INFO  impl.RoleInfo (RoleInfo.java:shutdownFollowerState(110)) - 3b419e23-3cc6-45b0-b9b5-04f9349798d3: shutdown 3b419e23-3cc6-45b0-b9b5-04f9349798d3@group-CA34E91C5C5E-FollowerState
2023-09-28 12:55:58,144 [3b419e23-3cc6-45b0-b9b5-04f9349798d3@group-CA34E91C5C5E-FollowerState] INFO  server.RaftServer$Division (RaftServerImpl.java:setRole(329)) - 3b419e23-3cc6-45b0-b9b5-04f9349798d3@group-CA34E91C5C5E: changes role from  FOLLOWER to CANDIDATE at term 0 for changeToCandidate
2023-09-28 12:55:58,145 [fca1e5c8-2bd7-4c44-b23c-b8bd0cf2342b@group-B074F017E0DE-FollowerState] INFO  impl.FollowerState (FollowerState.java:run(143)) - fca1e5c8-2bd7-4c44-b23c-b8bd0cf2342b@group-B074F017E0DE-FollowerState: change to CANDIDATE, lastRpcElapsedTime:5043560964ns, electionTimeout:5042ms
2023-09-28 12:55:58,145 [fca1e5c8-2bd7-4c44-b23c-b8bd0cf2342b@group-B074F017E0DE-FollowerState] INFO  impl.RoleInfo (RoleInfo.java:shutdownFollowerState(110)) - fca1e5c8-2bd7-4c44-b23c-b8bd0cf2342b: shutdown fca1e5c8-2bd7-4c44-b23c-b8bd0cf2342b@group-B074F017E0DE-FollowerState
2023-09-28 12:55:58,145 [fca1e5c8-2bd7-4c44-b23c-b8bd0cf2342b@group-B074F017E0DE-FollowerState] INFO  server.RaftServer$Division (RaftServerImpl.java:setRole(329)) - fca1e5c8-2bd7-4c44-b23c-b8bd0cf2342b@group-B074F017E0DE: changes role from  FOLLOWER to CANDIDATE at term 0 for changeToCandidate
2023-09-28 12:55:58,152 [3b419e23-3cc6-45b0-b9b5-04f9349798d3@group-CA34E91C5C5E-FollowerState] INFO  server.RaftServerConfigKeys (ConfUtils.java:logGet(46)) - raft.server.leaderelection.pre-vote = true (default)
2023-09-28 12:55:58,152 [3b419e23-3cc6-45b0-b9b5-04f9349798d3@group-CA34E91C5C5E-FollowerState] INFO  impl.RoleInfo (RoleInfo.java:updateAndGet(139)) - 3b419e23-3cc6-45b0-b9b5-04f9349798d3: start 3b419e23-3cc6-45b0-b9b5-04f9349798d3@group-CA34E91C5C5E-LeaderElection7
2023-09-28 12:55:58,160 [fca1e5c8-2bd7-4c44-b23c-b8bd0cf2342b@group-B074F017E0DE-FollowerState] INFO  server.RaftServerConfigKeys (ConfUtils.java:logGet(46)) - raft.server.leaderelection.pre-vote = true (default)
2023-09-28 12:55:58,160 [fca1e5c8-2bd7-4c44-b23c-b8bd0cf2342b@group-B074F017E0DE-FollowerState] INFO  impl.RoleInfo (RoleInfo.java:updateAndGet(139)) - fca1e5c8-2bd7-4c44-b23c-b8bd0cf2342b: start fca1e5c8-2bd7-4c44-b23c-b8bd0cf2342b@group-B074F017E0DE-LeaderElection8
2023-09-28 12:55:58,161 [2942950e-5b72-4e60-8fd7-505c1475c682-server-thread2] INFO  server.RaftServer$Division (ServerState.java:setRaftConf(434)) - 2942950e-5b72-4e60-8fd7-505c1475c682@group-EB7ED20B9F16: set configuration 0: peers:[3b419e23-3cc6-45b0-b9b5-04f9349798d3|rpc:10.1.0.34:15032|admin:10.1.0.34:15031|client:10.1.0.34:15030|dataStream:10.1.0.34:15033|priority:0|startupRole:FOLLOWER, 034573be-2326-4784-8299-dcb44cb21fac|rpc:10.1.0.34:15014|admin:10.1.0.34:15013|client:10.1.0.34:15012|dataStream:10.1.0.34:15015|priority:1|startupRole:FOLLOWER, 2942950e-5b72-4e60-8fd7-505c1475c682|rpc:10.1.0.34:15023|admin:10.1.0.34:15022|client:10.1.0.34:15021|dataStream:10.1.0.34:15024|priority:0|startupRole:FOLLOWER]|listeners:[], old=null
2023-09-28 12:55:58,163 [2942950e-5b72-4e60-8fd7-505c1475c682-server-thread2] INFO  segmented.SegmentedRaftLogWorker (SegmentedRaftLogWorker.java:startLogSegment(447)) - 2942950e-5b72-4e60-8fd7-505c1475c682@group-EB7ED20B9F16-SegmentedRaftLogWorker: Starting segment from index:0
2023-09-28 12:55:58,165 [2942950e-5b72-4e60-8fd7-505c1475c682@group-EB7ED20B9F16-SegmentedRaftLogWorker] INFO  segmented.SegmentedRaftLogWorker (SegmentedRaftLogWorker.java:execute(651)) - 2942950e-5b72-4e60-8fd7-505c1475c682@group-EB7ED20B9F16-SegmentedRaftLogWorker: created new log segment /home/runner/work/ozone/ozone/hadoop-ozone/integration-test/target/test-dir/MiniOzoneClusterImpl-82bdab22-5801-416e-a4bc-b8f6b9675fef/datanode-1/data/ratis/431cf206-d1a0-4cca-a503-eb7ed20b9f16/current/log_inprogress_0
2023-09-28 12:55:58,170 [3b419e23-3cc6-45b0-b9b5-04f9349798d3@group-CA34E91C5C5E-LeaderElection7] INFO  impl.LeaderElection (LeaderElection.java:askForVotes(321)) - 3b419e23-3cc6-45b0-b9b5-04f9349798d3@group-CA34E91C5C5E-LeaderElection7 PRE_VOTE round 0: submit vote requests at term 0 for -1: peers:[3b419e23-3cc6-45b0-b9b5-04f9349798d3|rpc:10.1.0.34:15032|admin:10.1.0.34:15031|client:10.1.0.34:15030|dataStream:10.1.0.34:15033|priority:1|startupRole:FOLLOWER]|listeners:[], old=null
2023-09-28 12:55:58,170 [3b419e23-3cc6-45b0-b9b5-04f9349798d3@group-CA34E91C5C5E-LeaderElection7] INFO  impl.LeaderElection (LeaderElection.java:askForVotes(323)) - 3b419e23-3cc6-45b0-b9b5-04f9349798d3@group-CA34E91C5C5E-LeaderElection7 PRE_VOTE round 0: result PASSED (term=0)
2023-09-28 12:55:58,171 [fca1e5c8-2bd7-4c44-b23c-b8bd0cf2342b@group-B074F017E0DE-LeaderElection8] INFO  impl.LeaderElection (LeaderElection.java:askForVotes(321)) - fca1e5c8-2bd7-4c44-b23c-b8bd0cf2342b@group-B074F017E0DE-LeaderElection8 PRE_VOTE round 0: submit vote requests at term 0 for -1: peers:[fca1e5c8-2bd7-4c44-b23c-b8bd0cf2342b|rpc:10.1.0.34:15041|admin:10.1.0.34:15040|client:10.1.0.34:15039|dataStream:10.1.0.34:15042|priority:1|startupRole:FOLLOWER]|listeners:[], old=null
2023-09-28 12:55:58,171 [fca1e5c8-2bd7-4c44-b23c-b8bd0cf2342b@group-B074F017E0DE-LeaderElection8] INFO  impl.LeaderElection (LeaderElection.java:askForVotes(323)) - fca1e5c8-2bd7-4c44-b23c-b8bd0cf2342b@group-B074F017E0DE-LeaderElection8 PRE_VOTE round 0: result PASSED (term=0)
2023-09-28 12:55:58,172 [3b419e23-3cc6-45b0-b9b5-04f9349798d3@group-CA34E91C5C5E-LeaderElection7] INFO  impl.LeaderElection (LeaderElection.java:askForVotes(321)) - 3b419e23-3cc6-45b0-b9b5-04f9349798d3@group-CA34E91C5C5E-LeaderElection7 ELECTION round 0: submit vote requests at term 1 for -1: peers:[3b419e23-3cc6-45b0-b9b5-04f9349798d3|rpc:10.1.0.34:15032|admin:10.1.0.34:15031|client:10.1.0.34:15030|dataStream:10.1.0.34:15033|priority:1|startupRole:FOLLOWER]|listeners:[], old=null
2023-09-28 12:55:58,172 [3b419e23-3cc6-45b0-b9b5-04f9349798d3@group-CA34E91C5C5E-LeaderElection7] INFO  impl.LeaderElection (LeaderElection.java:askForVotes(323)) - 3b419e23-3cc6-45b0-b9b5-04f9349798d3@group-CA34E91C5C5E-LeaderElection7 ELECTION round 0: result PASSED (term=1)
2023-09-28 12:55:58,172 [3b419e23-3cc6-45b0-b9b5-04f9349798d3@group-CA34E91C5C5E-LeaderElection7] INFO  impl.RoleInfo (RoleInfo.java:shutdownLeaderElection(130)) - 3b419e23-3cc6-45b0-b9b5-04f9349798d3: shutdown 3b419e23-3cc6-45b0-b9b5-04f9349798d3@group-CA34E91C5C5E-LeaderElection7
2023-09-28 12:55:58,172 [3b419e23-3cc6-45b0-b9b5-04f9349798d3@group-CA34E91C5C5E-LeaderElection7] INFO  server.RaftServer$Division (RaftServerImpl.java:setRole(329)) - 3b419e23-3cc6-45b0-b9b5-04f9349798d3@group-CA34E91C5C5E: changes role from CANDIDATE to LEADER at term 1 for changeToLeader
2023-09-28 12:55:58,172 [3b419e23-3cc6-45b0-b9b5-04f9349798d3@group-CA34E91C5C5E-LeaderElection7] INFO  ratis.XceiverServerRatis (XceiverServerRatis.java:handleLeaderChangedNotification(902)) - Leader change notification received for group: group-CA34E91C5C5E with new leaderId: 3b419e23-3cc6-45b0-b9b5-04f9349798d3
2023-09-28 12:55:58,172 [3b419e23-3cc6-45b0-b9b5-04f9349798d3@group-CA34E91C5C5E-LeaderElection7] INFO  server.RaftServer$Division (ServerState.java:setLeader(317)) - 3b419e23-3cc6-45b0-b9b5-04f9349798d3@group-CA34E91C5C5E: change Leader from null to 3b419e23-3cc6-45b0-b9b5-04f9349798d3 at term 1 for becomeLeader, leader elected after 5208ms
2023-09-28 12:55:58,172 [3b419e23-3cc6-45b0-b9b5-04f9349798d3@group-CA34E91C5C5E-LeaderElection7] INFO  server.RaftServerConfigKeys (ConfUtils.java:logGet(46)) - raft.server.staging.catchup.gap = 1000 (default)
2023-09-28 12:55:58,172 [3b419e23-3cc6-45b0-b9b5-04f9349798d3@group-CA34E91C5C5E-LeaderElection7] INFO  server.RaftServerConfigKeys (ConfUtils.java:logGet(46)) - raft.server.write.element-limit = 1024 (custom)
2023-09-28 12:55:58,172 [3b419e23-3cc6-45b0-b9b5-04f9349798d3@group-CA34E91C5C5E-LeaderElection7] INFO  server.RaftServerConfigKeys (ConfUtils.java:logGet(46)) - raft.server.write.byte-limit = 1024 M (=1073741824) (custom)
2023-09-28 12:55:58,174 [fca1e5c8-2bd7-4c44-b23c-b8bd0cf2342b@group-B074F017E0DE-LeaderElection8] INFO  impl.LeaderElection (LeaderElection.java:askForVotes(321)) - fca1e5c8-2bd7-4c44-b23c-b8bd0cf2342b@group-B074F017E0DE-LeaderElection8 ELECTION round 0: submit vote requests at term 1 for -1: peers:[fca1e5c8-2bd7-4c44-b23c-b8bd0cf2342b|rpc:10.1.0.34:15041|admin:10.1.0.34:15040|client:10.1.0.34:15039|dataStream:10.1.0.34:15042|priority:1|startupRole:FOLLOWER]|listeners:[], old=null
2023-09-28 12:55:58,174 [fca1e5c8-2bd7-4c44-b23c-b8bd0cf2342b@group-B074F017E0DE-LeaderElection8] INFO  impl.LeaderElection (LeaderElection.java:askForVotes(323)) - fca1e5c8-2bd7-4c44-b23c-b8bd0cf2342b@group-B074F017E0DE-LeaderElection8 ELECTION round 0: result PASSED (term=1)
2023-09-28 12:55:58,174 [fca1e5c8-2bd7-4c44-b23c-b8bd0cf2342b@group-B074F017E0DE-LeaderElection8] INFO  impl.RoleInfo (RoleInfo.java:shutdownLeaderElection(130)) - fca1e5c8-2bd7-4c44-b23c-b8bd0cf2342b: shutdown fca1e5c8-2bd7-4c44-b23c-b8bd0cf2342b@group-B074F017E0DE-LeaderElection8
2023-09-28 12:55:58,174 [fca1e5c8-2bd7-4c44-b23c-b8bd0cf2342b@group-B074F017E0DE-LeaderElection8] INFO  server.RaftServer$Division (RaftServerImpl.java:setRole(329)) - fca1e5c8-2bd7-4c44-b23c-b8bd0cf2342b@group-B074F017E0DE: changes role from CANDIDATE to LEADER at term 1 for changeToLeader
2023-09-28 12:55:58,174 [fca1e5c8-2bd7-4c44-b23c-b8bd0cf2342b@group-B074F017E0DE-LeaderElection8] INFO  ratis.XceiverServerRatis (XceiverServerRatis.java:handleLeaderChangedNotification(902)) - Leader change notification received for group: group-B074F017E0DE with new leaderId: fca1e5c8-2bd7-4c44-b23c-b8bd0cf2342b
2023-09-28 12:55:58,174 [fca1e5c8-2bd7-4c44-b23c-b8bd0cf2342b@group-B074F017E0DE-LeaderElection8] INFO  server.RaftServer$Division (ServerState.java:setLeader(317)) - fca1e5c8-2bd7-4c44-b23c-b8bd0cf2342b@group-B074F017E0DE: change Leader from null to fca1e5c8-2bd7-4c44-b23c-b8bd0cf2342b at term 1 for becomeLeader, leader elected after 5160ms
2023-09-28 12:55:58,174 [fca1e5c8-2bd7-4c44-b23c-b8bd0cf2342b@group-B074F017E0DE-LeaderElection8] INFO  server.RaftServerConfigKeys (ConfUtils.java:logGet(46)) - raft.server.staging.catchup.gap = 1000 (default)
2023-09-28 12:55:58,174 [fca1e5c8-2bd7-4c44-b23c-b8bd0cf2342b@group-B074F017E0DE-LeaderElection8] INFO  server.RaftServerConfigKeys (ConfUtils.java:logGet(46)) - raft.server.write.element-limit = 1024 (custom)
2023-09-28 12:55:58,174 [fca1e5c8-2bd7-4c44-b23c-b8bd0cf2342b@group-B074F017E0DE-LeaderElection8] INFO  server.RaftServerConfigKeys (ConfUtils.java:logGet(46)) - raft.server.write.byte-limit = 1024 M (=1073741824) (custom)
2023-09-28 12:55:58,177 [3b419e23-3cc6-45b0-b9b5-04f9349798d3@group-CA34E91C5C5E-LeaderElection7] INFO  server.RaftServerConfigKeys (ConfUtils.java:logGet(46)) - raft.server.watch.timeout = 180s (custom)
2023-09-28 12:55:58,177 [fca1e5c8-2bd7-4c44-b23c-b8bd0cf2342b@group-B074F017E0DE-LeaderElection8] INFO  server.RaftServerConfigKeys (ConfUtils.java:logGet(46)) - raft.server.watch.timeout = 180s (custom)
2023-09-28 12:55:58,177 [3b419e23-3cc6-45b0-b9b5-04f9349798d3@group-CA34E91C5C5E-LeaderElection7] INFO  server.RaftServerConfigKeys (ConfUtils.java:logGet(46)) - raft.server.watch.timeout.denomination = 1s (default)
2023-09-28 12:55:58,177 [3b419e23-3cc6-45b0-b9b5-04f9349798d3@group-CA34E91C5C5E-LeaderElection7] INFO  server.RaftServerConfigKeys (ConfUtils.java:logGet(46)) - raft.server.watch.element-limit = 65536 (default)
2023-09-28 12:55:58,177 [3b419e23-3cc6-45b0-b9b5-04f9349798d3@group-CA34E91C5C5E-LeaderElection7] INFO  server.RaftServerConfigKeys (ConfUtils.java:logGet(46)) - raft.server.write.element-limit = 1024 (custom)
2023-09-28 12:55:58,177 [3b419e23-3cc6-45b0-b9b5-04f9349798d3@group-CA34E91C5C5E-LeaderElection7] INFO  server.RaftServerConfigKeys (ConfUtils.java:logGet(46)) - raft.server.write.follower.gap.ratio.max = -1.0 (default)
2023-09-28 12:55:58,177 [3b419e23-3cc6-45b0-b9b5-04f9349798d3@group-CA34E91C5C5E-LeaderElection7] INFO  impl.RoleInfo (RoleInfo.java:updateAndGet(139)) - 3b419e23-3cc6-45b0-b9b5-04f9349798d3: start 3b419e23-3cc6-45b0-b9b5-04f9349798d3@group-CA34E91C5C5E-LeaderStateImpl
2023-09-28 12:55:58,177 [fca1e5c8-2bd7-4c44-b23c-b8bd0cf2342b@group-B074F017E0DE-LeaderElection8] INFO  server.RaftServerConfigKeys (ConfUtils.java:logGet(46)) - raft.server.watch.timeout.denomination = 1s (default)
2023-09-28 12:55:58,178 [fca1e5c8-2bd7-4c44-b23c-b8bd0cf2342b@group-B074F017E0DE-LeaderElection8] INFO  server.RaftServerConfigKeys (ConfUtils.java:logGet(46)) - raft.server.watch.element-limit = 65536 (default)
2023-09-28 12:55:58,178 [3b419e23-3cc6-45b0-b9b5-04f9349798d3@group-CA34E91C5C5E-LeaderElection7] INFO  segmented.SegmentedRaftLogWorker (SegmentedRaftLogWorker.java:startLogSegment(447)) - 3b419e23-3cc6-45b0-b9b5-04f9349798d3@group-CA34E91C5C5E-SegmentedRaftLogWorker: Starting segment from index:0
2023-09-28 12:55:58,178 [fca1e5c8-2bd7-4c44-b23c-b8bd0cf2342b@group-B074F017E0DE-LeaderElection8] INFO  server.RaftServerConfigKeys (ConfUtils.java:logGet(46)) - raft.server.write.element-limit = 1024 (custom)
2023-09-28 12:55:58,179 [fca1e5c8-2bd7-4c44-b23c-b8bd0cf2342b@group-B074F017E0DE-LeaderElection8] INFO  server.RaftServerConfigKeys (ConfUtils.java:logGet(46)) - raft.server.write.follower.gap.ratio.max = -1.0 (default)
2023-09-28 12:55:58,179 [fca1e5c8-2bd7-4c44-b23c-b8bd0cf2342b@group-B074F017E0DE-LeaderElection8] INFO  impl.RoleInfo (RoleInfo.java:updateAndGet(139)) - fca1e5c8-2bd7-4c44-b23c-b8bd0cf2342b: start fca1e5c8-2bd7-4c44-b23c-b8bd0cf2342b@group-B074F017E0DE-LeaderStateImpl
2023-09-28 12:55:58,179 [3b419e23-3cc6-45b0-b9b5-04f9349798d3@group-CA34E91C5C5E-SegmentedRaftLogWorker] INFO  segmented.SegmentedRaftLogWorker (SegmentedRaftLogWorker.java:execute(651)) - 3b419e23-3cc6-45b0-b9b5-04f9349798d3@group-CA34E91C5C5E-SegmentedRaftLogWorker: created new log segment /home/runner/work/ozone/ozone/hadoop-ozone/integration-test/target/test-dir/MiniOzoneClusterImpl-82bdab22-5801-416e-a4bc-b8f6b9675fef/datanode-2/data/ratis/848bcc01-4046-4df6-bc80-ca34e91c5c5e/current/log_inprogress_0
2023-09-28 12:55:58,181 [3b419e23-3cc6-45b0-b9b5-04f9349798d3@group-CA34E91C5C5E-LeaderElection7] INFO  server.RaftServer$Division (ServerState.java:setRaftConf(434)) - 3b419e23-3cc6-45b0-b9b5-04f9349798d3@group-CA34E91C5C5E: set configuration 0: peers:[3b419e23-3cc6-45b0-b9b5-04f9349798d3|rpc:10.1.0.34:15032|admin:10.1.0.34:15031|client:10.1.0.34:15030|dataStream:10.1.0.34:15033|priority:1|startupRole:FOLLOWER]|listeners:[], old=null
2023-09-28 12:55:58,183 [fca1e5c8-2bd7-4c44-b23c-b8bd0cf2342b@group-B074F017E0DE-LeaderElection8] INFO  segmented.SegmentedRaftLogWorker (SegmentedRaftLogWorker.java:startLogSegment(447)) - fca1e5c8-2bd7-4c44-b23c-b8bd0cf2342b@group-B074F017E0DE-SegmentedRaftLogWorker: Starting segment from index:0
2023-09-28 12:55:58,185 [fca1e5c8-2bd7-4c44-b23c-b8bd0cf2342b@group-B074F017E0DE-LeaderElection8] INFO  server.RaftServer$Division (ServerState.java:setRaftConf(434)) - fca1e5c8-2bd7-4c44-b23c-b8bd0cf2342b@group-B074F017E0DE: set configuration 0: peers:[fca1e5c8-2bd7-4c44-b23c-b8bd0cf2342b|rpc:10.1.0.34:15041|admin:10.1.0.34:15040|client:10.1.0.34:15039|dataStream:10.1.0.34:15042|priority:1|startupRole:FOLLOWER]|listeners:[], old=null
2023-09-28 12:55:58,187 [fca1e5c8-2bd7-4c44-b23c-b8bd0cf2342b@group-B074F017E0DE-SegmentedRaftLogWorker] INFO  segmented.SegmentedRaftLogWorker (SegmentedRaftLogWorker.java:execute(651)) - fca1e5c8-2bd7-4c44-b23c-b8bd0cf2342b@group-B074F017E0DE-SegmentedRaftLogWorker: created new log segment /home/runner/work/ozone/ozone/hadoop-ozone/integration-test/target/test-dir/MiniOzoneClusterImpl-82bdab22-5801-416e-a4bc-b8f6b9675fef/datanode-3/data/ratis/87a13565-0da2-4ace-99ec-b074f017e0de/current/log_inprogress_0
2023-09-28 12:55:58,297 [main] INFO  ozone.MiniOzoneClusterImpl (MiniOzoneClusterImpl.java:lambda$waitForClusterToBeReady$0(229)) - Nodes are ready. Got 5 of 5 DN Heartbeats.
2023-09-28 12:55:58,298 [main] INFO  ozone.MiniOzoneClusterImpl (MiniOzoneClusterImpl.java:lambda$waitForClusterToBeReady$0(232)) - Cluster exits safe mode
2023-09-28 12:55:58,298 [main] INFO  ozone.MiniOzoneClusterImpl (MiniOzoneClusterImpl.java:lambda$waitForClusterToBeReady$0(234)) - SCM became leader
2023-09-28 12:55:58,497 [b52fde56-f3e5-42d4-9b16-acace5358b39@group-DD5E186A43BD-FollowerState] INFO  impl.FollowerState (FollowerState.java:run(143)) - b52fde56-f3e5-42d4-9b16-acace5358b39@group-DD5E186A43BD-FollowerState: change to CANDIDATE, lastRpcElapsedTime:5157917539ns, electionTimeout:5157ms
2023-09-28 12:55:58,498 [b52fde56-f3e5-42d4-9b16-acace5358b39@group-DD5E186A43BD-FollowerState] INFO  impl.RoleInfo (RoleInfo.java:shutdownFollowerState(110)) - b52fde56-f3e5-42d4-9b16-acace5358b39: shutdown b52fde56-f3e5-42d4-9b16-acace5358b39@group-DD5E186A43BD-FollowerState
2023-09-28 12:55:58,498 [b52fde56-f3e5-42d4-9b16-acace5358b39@group-DD5E186A43BD-FollowerState] INFO  server.RaftServer$Division (RaftServerImpl.java:setRole(329)) - b52fde56-f3e5-42d4-9b16-acace5358b39@group-DD5E186A43BD: changes role from  FOLLOWER to CANDIDATE at term 0 for changeToCandidate
2023-09-28 12:55:58,499 [b52fde56-f3e5-42d4-9b16-acace5358b39@group-DD5E186A43BD-FollowerState] INFO  server.RaftServerConfigKeys (ConfUtils.java:logGet(46)) - raft.server.leaderelection.pre-vote = true (default)
2023-09-28 12:55:58,499 [b52fde56-f3e5-42d4-9b16-acace5358b39@group-DD5E186A43BD-FollowerState] INFO  impl.RoleInfo (RoleInfo.java:updateAndGet(139)) - b52fde56-f3e5-42d4-9b16-acace5358b39: start b52fde56-f3e5-42d4-9b16-acace5358b39@group-DD5E186A43BD-LeaderElection9
2023-09-28 12:55:58,504 [b52fde56-f3e5-42d4-9b16-acace5358b39@group-DD5E186A43BD-LeaderElection9] INFO  impl.LeaderElection (LeaderElection.java:askForVotes(321)) - b52fde56-f3e5-42d4-9b16-acace5358b39@group-DD5E186A43BD-LeaderElection9 PRE_VOTE round 0: submit vote requests at term 0 for -1: peers:[b52fde56-f3e5-42d4-9b16-acace5358b39|rpc:10.1.0.34:15050|admin:10.1.0.34:15049|client:10.1.0.34:15048|dataStream:10.1.0.34:15051|priority:1|startupRole:FOLLOWER]|listeners:[], old=null
2023-09-28 12:55:58,504 [b52fde56-f3e5-42d4-9b16-acace5358b39@group-DD5E186A43BD-LeaderElection9] INFO  impl.LeaderElection (LeaderElection.java:askForVotes(323)) - b52fde56-f3e5-42d4-9b16-acace5358b39@group-DD5E186A43BD-LeaderElection9 PRE_VOTE round 0: result PASSED (term=0)
2023-09-28 12:55:58,505 [b52fde56-f3e5-42d4-9b16-acace5358b39@group-DD5E186A43BD-LeaderElection9] INFO  impl.LeaderElection (LeaderElection.java:askForVotes(321)) - b52fde56-f3e5-42d4-9b16-acace5358b39@group-DD5E186A43BD-LeaderElection9 ELECTION round 0: submit vote requests at term 1 for -1: peers:[b52fde56-f3e5-42d4-9b16-acace5358b39|rpc:10.1.0.34:15050|admin:10.1.0.34:15049|client:10.1.0.34:15048|dataStream:10.1.0.34:15051|priority:1|startupRole:FOLLOWER]|listeners:[], old=null
2023-09-28 12:55:58,505 [b52fde56-f3e5-42d4-9b16-acace5358b39@group-DD5E186A43BD-LeaderElection9] INFO  impl.LeaderElection (LeaderElection.java:askForVotes(323)) - b52fde56-f3e5-42d4-9b16-acace5358b39@group-DD5E186A43BD-LeaderElection9 ELECTION round 0: result PASSED (term=1)
2023-09-28 12:55:58,506 [b52fde56-f3e5-42d4-9b16-acace5358b39@group-DD5E186A43BD-LeaderElection9] INFO  impl.RoleInfo (RoleInfo.java:shutdownLeaderElection(130)) - b52fde56-f3e5-42d4-9b16-acace5358b39: shutdown b52fde56-f3e5-42d4-9b16-acace5358b39@group-DD5E186A43BD-LeaderElection9
2023-09-28 12:55:58,506 [b52fde56-f3e5-42d4-9b16-acace5358b39@group-DD5E186A43BD-LeaderElection9] INFO  server.RaftServer$Division (RaftServerImpl.java:setRole(329)) - b52fde56-f3e5-42d4-9b16-acace5358b39@group-DD5E186A43BD: changes role from CANDIDATE to LEADER at term 1 for changeToLeader
2023-09-28 12:55:58,506 [b52fde56-f3e5-42d4-9b16-acace5358b39@group-DD5E186A43BD-LeaderElection9] INFO  ratis.XceiverServerRatis (XceiverServerRatis.java:handleLeaderChangedNotification(902)) - Leader change notification received for group: group-DD5E186A43BD with new leaderId: b52fde56-f3e5-42d4-9b16-acace5358b39
2023-09-28 12:55:58,506 [b52fde56-f3e5-42d4-9b16-acace5358b39@group-DD5E186A43BD-LeaderElection9] INFO  server.RaftServer$Division (ServerState.java:setLeader(317)) - b52fde56-f3e5-42d4-9b16-acace5358b39@group-DD5E186A43BD: change Leader from null to b52fde56-f3e5-42d4-9b16-acace5358b39 at term 1 for becomeLeader, leader elected after 5202ms
2023-09-28 12:55:58,506 [b52fde56-f3e5-42d4-9b16-acace5358b39@group-DD5E186A43BD-LeaderElection9] INFO  server.RaftServerConfigKeys (ConfUtils.java:logGet(46)) - raft.server.staging.catchup.gap = 1000 (default)
2023-09-28 12:55:58,515 [b52fde56-f3e5-42d4-9b16-acace5358b39@group-DD5E186A43BD-LeaderElection9] INFO  server.RaftServerConfigKeys (ConfUtils.java:logGet(46)) - raft.server.write.element-limit = 1024 (custom)
2023-09-28 12:55:58,515 [b52fde56-f3e5-42d4-9b16-acace5358b39@group-DD5E186A43BD-LeaderElection9] INFO  server.RaftServerConfigKeys (ConfUtils.java:logGet(46)) - raft.server.write.byte-limit = 1024 M (=1073741824) (custom)
2023-09-28 12:55:58,516 [b52fde56-f3e5-42d4-9b16-acace5358b39@group-DD5E186A43BD-LeaderElection9] INFO  server.RaftServerConfigKeys (ConfUtils.java:logGet(46)) - raft.server.watch.timeout = 180s (custom)
2023-09-28 12:55:58,516 [b52fde56-f3e5-42d4-9b16-acace5358b39@group-DD5E186A43BD-LeaderElection9] INFO  server.RaftServerConfigKeys (ConfUtils.java:logGet(46)) - raft.server.watch.timeout.denomination = 1s (default)
2023-09-28 12:55:58,516 [b52fde56-f3e5-42d4-9b16-acace5358b39@group-DD5E186A43BD-LeaderElection9] INFO  server.RaftServerConfigKeys (ConfUtils.java:logGet(46)) - raft.server.watch.element-limit = 65536 (default)
2023-09-28 12:55:58,517 [b52fde56-f3e5-42d4-9b16-acace5358b39@group-DD5E186A43BD-LeaderElection9] INFO  server.RaftServerConfigKeys (ConfUtils.java:logGet(46)) - raft.server.write.element-limit = 1024 (custom)
2023-09-28 12:55:58,517 [b52fde56-f3e5-42d4-9b16-acace5358b39@group-DD5E186A43BD-LeaderElection9] INFO  server.RaftServerConfigKeys (ConfUtils.java:logGet(46)) - raft.server.write.follower.gap.ratio.max = -1.0 (default)
2023-09-28 12:55:58,517 [b52fde56-f3e5-42d4-9b16-acace5358b39@group-DD5E186A43BD-LeaderElection9] INFO  impl.RoleInfo (RoleInfo.java:updateAndGet(139)) - b52fde56-f3e5-42d4-9b16-acace5358b39: start b52fde56-f3e5-42d4-9b16-acace5358b39@group-DD5E186A43BD-LeaderStateImpl
2023-09-28 12:55:58,517 [b52fde56-f3e5-42d4-9b16-acace5358b39@group-DD5E186A43BD-LeaderElection9] INFO  segmented.SegmentedRaftLogWorker (SegmentedRaftLogWorker.java:startLogSegment(447)) - b52fde56-f3e5-42d4-9b16-acace5358b39@group-DD5E186A43BD-SegmentedRaftLogWorker: Starting segment from index:0
2023-09-28 12:55:58,519 [b52fde56-f3e5-42d4-9b16-acace5358b39@group-DD5E186A43BD-SegmentedRaftLogWorker] INFO  segmented.SegmentedRaftLogWorker (SegmentedRaftLogWorker.java:execute(651)) - b52fde56-f3e5-42d4-9b16-acace5358b39@group-DD5E186A43BD-SegmentedRaftLogWorker: created new log segment /home/runner/work/ozone/ozone/hadoop-ozone/integration-test/target/test-dir/MiniOzoneClusterImpl-82bdab22-5801-416e-a4bc-b8f6b9675fef/datanode-4/data/ratis/a2063f5e-823e-4974-abd5-dd5e186a43bd/current/log_inprogress_0
2023-09-28 12:55:58,530 [b52fde56-f3e5-42d4-9b16-acace5358b39@group-DD5E186A43BD-LeaderElection9] INFO  server.RaftServer$Division (ServerState.java:setRaftConf(434)) - b52fde56-f3e5-42d4-9b16-acace5358b39@group-DD5E186A43BD: set configuration 0: peers:[b52fde56-f3e5-42d4-9b16-acace5358b39|rpc:10.1.0.34:15050|admin:10.1.0.34:15049|client:10.1.0.34:15048|dataStream:10.1.0.34:15051|priority:1|startupRole:FOLLOWER]|listeners:[], old=null
2023-09-28 12:55:59,196 [JvmPauseMonitor1] WARN  util.JvmPauseMonitor (JvmPauseMonitor.java:detectPause(124)) - JvmPauseMonitor-om1: Detected pause in JVM or host machine approximately 0.129s with 0.366s GC time.
GC pool 'PS MarkSweep' had collection(s): count=1 time=273ms
GC pool 'PS Scavenge' had collection(s): count=1 time=93ms
2023-09-28 12:55:59,196 [JvmPauseMonitor3] WARN  util.JvmPauseMonitor (JvmPauseMonitor.java:detectPause(124)) - JvmPauseMonitor-2942950e-5b72-4e60-8fd7-505c1475c682: Detected pause in JVM or host machine approximately 0.263s with 0.366s GC time.
GC pool 'PS MarkSweep' had collection(s): count=1 time=273ms
GC pool 'PS Scavenge' had collection(s): count=1 time=93ms
2023-09-28 12:55:59,196 [JvmPauseMonitor2] WARN  util.JvmPauseMonitor (JvmPauseMonitor.java:detectPause(124)) - JvmPauseMonitor-034573be-2326-4784-8299-dcb44cb21fac: Detected pause in JVM or host machine approximately 0.264s with 0.366s GC time.
GC pool 'PS MarkSweep' had collection(s): count=1 time=273ms
GC pool 'PS Scavenge' had collection(s): count=1 time=93ms
2023-09-28 12:55:59,197 [JvmPauseMonitor0] WARN  util.JvmPauseMonitor (JvmPauseMonitor.java:detectPause(124)) - JvmPauseMonitor-f11bb615-1ab9-4242-929e-9f3cf07e4428: Detected pause in JVM or host machine approximately 0.266s with 0.366s GC time.
GC pool 'PS MarkSweep' had collection(s): count=1 time=273ms
GC pool 'PS Scavenge' had collection(s): count=1 time=93ms
2023-09-28 12:55:59,196 [JvmPauseMonitor5] WARN  util.JvmPauseMonitor (JvmPauseMonitor.java:detectPause(124)) - JvmPauseMonitor-fca1e5c8-2bd7-4c44-b23c-b8bd0cf2342b: Detected pause in JVM or host machine approximately 0.178s with 0.366s GC time.
GC pool 'PS MarkSweep' had collection(s): count=1 time=273ms
GC pool 'PS Scavenge' had collection(s): count=1 time=93ms
2023-09-28 12:55:59,197 [JvmPauseMonitor4] WARN  util.JvmPauseMonitor (JvmPauseMonitor.java:detectPause(124)) - JvmPauseMonitor-3b419e23-3cc6-45b0-b9b5-04f9349798d3: Detected pause in JVM or host machine approximately 0.270s with 0.366s GC time.
GC pool 'PS MarkSweep' had collection(s): count=1 time=273ms
GC pool 'PS Scavenge' had collection(s): count=1 time=93ms
2023-09-28 12:55:59,199 [JvmPauseMonitor6] WARN  util.JvmPauseMonitor (JvmPauseMonitor.java:detectPause(124)) - JvmPauseMonitor-b52fde56-f3e5-42d4-9b16-acace5358b39: Detected pause in JVM or host machine approximately 0.290s with 0.366s GC time.
GC pool 'PS MarkSweep' had collection(s): count=1 time=273ms
GC pool 'PS Scavenge' had collection(s): count=1 time=93ms
2023-09-28 12:55:59,315 [main] INFO  rpc.RpcClient (RpcClient.java:createVolume(462)) - Creating Volume: volume53983, with user72578 as owner and space quota set to -1 bytes, counts quota set to -1
2023-09-28 12:55:59,422 [OM StateMachine ApplyTransaction Thread - 0] INFO  volume.OMVolumeCreateRequest (OMVolumeCreateRequest.java:validateAndUpdateCache(196)) - created volume:volume53983 for user:user72578
2023-09-28 12:55:59,447 [main] INFO  rpc.RpcClient (RpcClient.java:createBucket(689)) - Creating Bucket: volume53983/bucket27347, with bucket layout LEGACY, runner as owner, Versioning false, Storage Type set to DISK and Encryption set to false, Replication Type set to server-side default replication type, Namespace Quota set to -1, Space Quota set to -1 
2023-09-28 12:55:59,483 [OM StateMachine ApplyTransaction Thread - 0] INFO  bucket.OMBucketCreateRequest (OMBucketCreateRequest.java:validateAndUpdateCache(270)) - created bucket: bucket27347 of layout LEGACY in volume: volume53983
]]></system-out>
  </testcase>
  <testcase name="testGetTrashRoot" classname="TestOzoneFileSystem" time="19.416">
    <system-out><![CDATA[2023-09-28 12:57:15,013 [main] INFO  ozone.MiniOzoneClusterImpl (MiniOzoneClusterImpl.java:shutdown(448)) - Shutting down the Mini Ozone Cluster
2023-09-28 12:57:15,013 [main] INFO  ozone.MiniOzoneClusterImpl (MiniOzoneClusterImpl.java:stop(465)) - Stopping the Mini Ozone Cluster
2023-09-28 12:57:15,014 [main] INFO  ozone.MiniOzoneClusterImpl (MiniOzoneClusterImpl.java:stopOM(556)) - Stopping the OzoneManager
2023-09-28 12:57:15,014 [main] INFO  om.OzoneManager (OzoneManager.java:stop(2210)) - om1[localhost:15004]: Stopping Ozone Manager
2023-09-28 12:57:15,023 [main] INFO  ipc.Server (Server.java:stop(3523)) - Stopping server on 15004
2023-09-28 12:57:15,038 [IPC Server Responder] INFO  ipc.Server (Server.java:run(1567)) - Stopping IPC Server Responder
2023-09-28 12:57:15,040 [IPC Server listener on 15004] INFO  ipc.Server (Server.java:run(1434)) - Stopping IPC Server listener on 15004
2023-09-28 12:57:15,046 [main] INFO  server.RaftServer (RaftServerProxy.java:lambda$close$6(416)) - om1: close
2023-09-28 12:57:15,052 [main] INFO  server.GrpcService (GrpcService.java:closeImpl(311)) - om1: shutdown server GrpcServerProtocolService now
2023-09-28 12:57:15,053 [om1-impl-thread2] INFO  server.RaftServer$Division (RaftServerImpl.java:lambda$close$4(466)) - om1@group-C5BA1605619E: shutdown
2023-09-28 12:57:15,053 [om1-impl-thread2] INFO  util.JmxRegister (JmxRegister.java:unregister(73)) - Successfully un-registered JMX Bean with object name Ratis:service=RaftServer,group=group-C5BA1605619E,id=om1
2023-09-28 12:57:15,053 [om1-impl-thread2] INFO  impl.RoleInfo (RoleInfo.java:shutdownLeaderState(93)) - om1: shutdown om1@group-C5BA1605619E-LeaderStateImpl
2023-09-28 12:57:15,053 [om1-impl-thread2] INFO  impl.PendingRequests (PendingRequests.java:sendNotLeaderResponses(289)) - om1@group-C5BA1605619E-PendingRequests: sendNotLeaderResponses
2023-09-28 12:57:15,074 [om1@group-C5BA1605619E-StateMachineUpdater] INFO  ratis.OzoneManagerStateMachine (OzoneManagerStateMachine.java:takeSnapshot(480)) - Current Snapshot Index (t:1, i:37012)
2023-09-28 12:57:15,076 [om1-impl-thread2] INFO  impl.StateMachineUpdater (StateMachineUpdater.java:stopAndJoin(155)) - om1@group-C5BA1605619E-StateMachineUpdater: set stopIndex = 37012
2023-09-28 12:57:15,076 [main] INFO  server.GrpcService (GrpcService.java:closeImpl(320)) - om1: shutdown server GrpcServerProtocolService successfully
2023-09-28 12:57:15,126 [om1@group-C5BA1605619E-StateMachineUpdater] INFO  impl.StateMachineUpdater (StateMachineUpdater.java:takeSnapshot(291)) - om1@group-C5BA1605619E-StateMachineUpdater: Took a snapshot at index 37012
2023-09-28 12:57:15,128 [om1@group-C5BA1605619E-StateMachineUpdater] INFO  impl.StateMachineUpdater (StateMachineUpdater.java:lambda$new$0(97)) - om1@group-C5BA1605619E-StateMachineUpdater: snapshotIndex: updateIncreasingly -1 -> 37012
2023-09-28 12:57:15,128 [om1@group-C5BA1605619E-StateMachineUpdater] INFO  ratis.OzoneManagerStateMachine (OzoneManagerStateMachine.java:close(534)) - StateMachine has shutdown. Shutdown OzoneManager if not already shutdown.
2023-09-28 12:57:15,128 [om1@group-C5BA1605619E-StateMachineUpdater] INFO  ratis.OzoneManagerDoubleBuffer (OzoneManagerDoubleBuffer.java:stopDaemon(551)) - Stopping OMDoubleBuffer flush thread
2023-09-28 12:57:15,128 [OMDoubleBufferFlushThread] INFO  ratis.OzoneManagerDoubleBuffer (OzoneManagerDoubleBuffer.java:canFlush(638)) - OMDoubleBuffer flush thread OMDoubleBufferFlushThread is interrupted and will exit.
2023-09-28 12:57:15,131 [om1-impl-thread2] INFO  server.RaftServer$Division (ServerState.java:close(472)) - om1@group-C5BA1605619E: closes. applyIndex: 37012
2023-09-28 12:57:16,001 [om1-impl-thread2] INFO  segmented.SegmentedRaftLogWorker (SegmentedRaftLogWorker.java:close(252)) - om1@group-C5BA1605619E-SegmentedRaftLogWorker close()
2023-09-28 12:57:16,003 [JvmPauseMonitor1] INFO  util.JvmPauseMonitor (JvmPauseMonitor.java:run(109)) - JvmPauseMonitor-om1: Stopped
2023-09-28 12:57:16,004 [main] INFO  ratis.OzoneManagerStateMachine (OzoneManagerStateMachine.java:close(534)) - StateMachine has shutdown. Shutdown OzoneManager if not already shutdown.
2023-09-28 12:57:16,004 [main] INFO  ratis.OzoneManagerDoubleBuffer (OzoneManagerDoubleBuffer.java:stopDaemon(560)) - OMDoubleBuffer flush thread is not running.
2023-09-28 12:57:16,005 [main] INFO  utils.BackgroundService (BackgroundService.java:shutdown(141)) - Shutting down service KeyDeletingService
2023-09-28 12:57:16,005 [main] INFO  utils.BackgroundService (BackgroundService.java:shutdown(141)) - Shutting down service KeyDeletingService
2023-09-28 12:57:16,005 [main] INFO  utils.BackgroundService (BackgroundService.java:shutdown(141)) - Shutting down service OpenKeyCleanupService
2023-09-28 12:57:16,005 [main] INFO  utils.BackgroundService (BackgroundService.java:shutdown(141)) - Shutting down service SstFilteringService
2023-09-28 12:57:16,006 [main] INFO  utils.BackgroundService (BackgroundService.java:shutdown(141)) - Shutting down service SnapshotDeletingService
2023-09-28 12:57:16,008 [main] INFO  handler.ContextHandler (ContextHandler.java:doStop(1159)) - Stopped o.e.j.w.WebAppContext@22a022f9{ozoneManager,/,null,STOPPED}{file:/home/runner/work/ozone/ozone/hadoop-ozone/integration-test/target/test-classes/webapps/ozoneManager}
2023-09-28 12:57:16,011 [main] INFO  server.AbstractConnector (AbstractConnector.java:doStop(383)) - Stopped ServerConnector@27b72947{HTTP/1.1, (http/1.1)}{0.0.0.0:15005}
2023-09-28 12:57:16,012 [main] INFO  server.session (HouseKeeper.java:stopScavenging(149)) - node0 Stopped scavenging
2023-09-28 12:57:16,012 [main] INFO  handler.ContextHandler (ContextHandler.java:doStop(1159)) - Stopped o.e.j.s.ServletContextHandler@42e1aecb{static,/static,file:///home/runner/work/ozone/ozone/hadoop-ozone/integration-test/target/test-classes/webapps/static,STOPPED}
2023-09-28 12:57:16,012 [main] INFO  handler.ContextHandler (ContextHandler.java:doStop(1159)) - Stopped o.e.j.s.ServletContextHandler@7fa21def{logs,/logs,file:///home/runner/work/ozone/ozone/hadoop-ozone/integration-test/target/log,STOPPED}
2023-09-28 12:57:16,015 [main] INFO  rocksdiff.RocksDBCheckpointDiffer (RocksDBCheckpointDiffer.java:close(343)) - Shutting down CompactionDagPruningService.
2023-09-28 12:57:16,015 [Trash Emptier] ERROR om.TrashPolicyOzone (TrashPolicyOzone.java:run(354)) - Error attempting to shutdown
java.lang.InterruptedException
	at java.util.concurrent.locks.AbstractQueuedSynchronizer$ConditionObject.awaitNanos(AbstractQueuedSynchronizer.java:2067)
	at java.util.concurrent.ThreadPoolExecutor.awaitTermination(ThreadPoolExecutor.java:1475)
	at org.apache.hadoop.ozone.om.TrashPolicyOzone$Emptier.run(TrashPolicyOzone.java:352)
	at java.lang.Thread.run(Thread.java:750)
2023-09-28 12:57:16,025 [main] INFO  snapshot.SnapshotDiffManager (SnapshotDiffManager.java:closeExecutorService(1718)) - Shutting down executorService: 'SnapDiffExecutor'
2023-09-28 12:57:16,026 [main] INFO  snapshot.SnapshotDiffManager (SnapshotDiffManager.java:closeExecutorService(1718)) - Shutting down executorService: 'SstDumpToolExecutor'
2023-09-28 12:57:16,026 [main] INFO  utils.BackgroundService (BackgroundService.java:shutdown(141)) - Shutting down service SnapshotDiffCleanupService
2023-09-28 12:57:16,028 [main] INFO  ozone.MiniOzoneClusterImpl (MiniOzoneClusterImpl.java:stopDatanodes(533)) - Stopping the HddsDatanodes
2023-09-28 12:57:16,042 [main] INFO  ozoneimpl.OzoneContainer (OzoneContainer.java:stop(451)) - Attempting to stop container services.
2023-09-28 12:57:16,043 [ForkJoinPool.commonPool-worker-0] INFO  ozoneimpl.OzoneContainer (OzoneContainer.java:stop(451)) - Attempting to stop container services.
2023-09-28 12:57:16,046 [main] INFO  server.RaftServer (RaftServerProxy.java:lambda$close$6(416)) - 3b419e23-3cc6-45b0-b9b5-04f9349798d3: close
2023-09-28 12:57:16,051 [ForkJoinPool.commonPool-worker-0] INFO  server.RaftServer (RaftServerProxy.java:lambda$close$6(416)) - 2942950e-5b72-4e60-8fd7-505c1475c682: close
2023-09-28 12:57:16,052 [main] INFO  server.GrpcService (GrpcService.java:closeImpl(311)) - 3b419e23-3cc6-45b0-b9b5-04f9349798d3: shutdown server org.apache.ratis.grpc.server.GrpcClientProtocolService now
2023-09-28 12:57:16,053 [3b419e23-3cc6-45b0-b9b5-04f9349798d3-impl-thread3] INFO  server.RaftServer$Division (RaftServerImpl.java:lambda$close$4(466)) - 3b419e23-3cc6-45b0-b9b5-04f9349798d3@group-CA34E91C5C5E: shutdown
2023-09-28 12:57:16,053 [3b419e23-3cc6-45b0-b9b5-04f9349798d3-impl-thread3] INFO  util.JmxRegister (JmxRegister.java:unregister(73)) - Successfully un-registered JMX Bean with object name Ratis:service=RaftServer,group=group-CA34E91C5C5E,id=3b419e23-3cc6-45b0-b9b5-04f9349798d3
2023-09-28 12:57:16,053 [3b419e23-3cc6-45b0-b9b5-04f9349798d3-impl-thread3] INFO  impl.RoleInfo (RoleInfo.java:shutdownLeaderState(93)) - 3b419e23-3cc6-45b0-b9b5-04f9349798d3: shutdown 3b419e23-3cc6-45b0-b9b5-04f9349798d3@group-CA34E91C5C5E-LeaderStateImpl
2023-09-28 12:57:16,053 [2942950e-5b72-4e60-8fd7-505c1475c682-impl-thread2] INFO  server.RaftServer$Division (RaftServerImpl.java:lambda$close$4(466)) - 2942950e-5b72-4e60-8fd7-505c1475c682@group-2E0D53807574: shutdown
2023-09-28 12:57:16,053 [3b419e23-3cc6-45b0-b9b5-04f9349798d3-impl-thread2] INFO  server.RaftServer$Division (RaftServerImpl.java:lambda$close$4(466)) - 3b419e23-3cc6-45b0-b9b5-04f9349798d3@group-EB7ED20B9F16: shutdown
2023-09-28 12:57:16,053 [3b419e23-3cc6-45b0-b9b5-04f9349798d3-impl-thread4] INFO  server.RaftServer$Division (RaftServerImpl.java:lambda$close$4(466)) - 3b419e23-3cc6-45b0-b9b5-04f9349798d3@group-DE411FFD7766: shutdown
2023-09-28 12:57:16,053 [3b419e23-3cc6-45b0-b9b5-04f9349798d3-impl-thread2] INFO  util.JmxRegister (JmxRegister.java:unregister(73)) - Successfully un-registered JMX Bean with object name Ratis:service=RaftServer,group=group-EB7ED20B9F16,id=3b419e23-3cc6-45b0-b9b5-04f9349798d3
2023-09-28 12:57:16,053 [3b419e23-3cc6-45b0-b9b5-04f9349798d3-impl-thread4] INFO  util.JmxRegister (JmxRegister.java:unregister(73)) - Successfully un-registered JMX Bean with object name Ratis:service=RaftServer,group=group-DE411FFD7766,id=3b419e23-3cc6-45b0-b9b5-04f9349798d3
2023-09-28 12:57:16,053 [2942950e-5b72-4e60-8fd7-505c1475c682-impl-thread2] INFO  util.JmxRegister (JmxRegister.java:unregister(73)) - Successfully un-registered JMX Bean with object name Ratis:service=RaftServer,group=group-2E0D53807574,id=2942950e-5b72-4e60-8fd7-505c1475c682
2023-09-28 12:57:16,053 [2942950e-5b72-4e60-8fd7-505c1475c682-impl-thread2] INFO  impl.RoleInfo (RoleInfo.java:shutdownLeaderState(93)) - 2942950e-5b72-4e60-8fd7-505c1475c682: shutdown 2942950e-5b72-4e60-8fd7-505c1475c682@group-2E0D53807574-LeaderStateImpl
2023-09-28 12:57:16,053 [3b419e23-3cc6-45b0-b9b5-04f9349798d3-impl-thread4] INFO  impl.RoleInfo (RoleInfo.java:shutdownFollowerState(110)) - 3b419e23-3cc6-45b0-b9b5-04f9349798d3: shutdown 3b419e23-3cc6-45b0-b9b5-04f9349798d3@group-DE411FFD7766-FollowerState
2023-09-28 12:57:16,053 [3b419e23-3cc6-45b0-b9b5-04f9349798d3-impl-thread2] INFO  impl.RoleInfo (RoleInfo.java:shutdownFollowerState(110)) - 3b419e23-3cc6-45b0-b9b5-04f9349798d3: shutdown 3b419e23-3cc6-45b0-b9b5-04f9349798d3@group-EB7ED20B9F16-FollowerState
2023-09-28 12:57:16,054 [3b419e23-3cc6-45b0-b9b5-04f9349798d3-impl-thread2] INFO  impl.StateMachineUpdater (StateMachineUpdater.java:stopAndJoin(155)) - 3b419e23-3cc6-45b0-b9b5-04f9349798d3@group-EB7ED20B9F16-StateMachineUpdater: set stopIndex = 4
2023-09-28 12:57:16,054 [3b419e23-3cc6-45b0-b9b5-04f9349798d3@group-EB7ED20B9F16-FollowerState] INFO  impl.FollowerState (FollowerState.java:run(152)) - 3b419e23-3cc6-45b0-b9b5-04f9349798d3@group-EB7ED20B9F16-FollowerState was interrupted
2023-09-28 12:57:16,054 [3b419e23-3cc6-45b0-b9b5-04f9349798d3@group-EB7ED20B9F16-StateMachineUpdater] INFO  ratis.ContainerStateMachine (ContainerStateMachine.java:takeSnapshot(330)) - group-EB7ED20B9F16: Taking a snapshot at:(t:1, i:4) file /home/runner/work/ozone/ozone/hadoop-ozone/integration-test/target/test-dir/MiniOzoneClusterImpl-82bdab22-5801-416e-a4bc-b8f6b9675fef/datanode-2/data/ratis/431cf206-d1a0-4cca-a503-eb7ed20b9f16/sm/snapshot.1_4
2023-09-28 12:57:16,054 [2942950e-5b72-4e60-8fd7-505c1475c682-impl-thread3] INFO  server.RaftServer$Division (RaftServerImpl.java:lambda$close$4(466)) - 2942950e-5b72-4e60-8fd7-505c1475c682@group-EB7ED20B9F16: shutdown
2023-09-28 12:57:16,054 [2942950e-5b72-4e60-8fd7-505c1475c682-impl-thread3] INFO  util.JmxRegister (JmxRegister.java:unregister(73)) - Successfully un-registered JMX Bean with object name Ratis:service=RaftServer,group=group-EB7ED20B9F16,id=2942950e-5b72-4e60-8fd7-505c1475c682
2023-09-28 12:57:16,054 [2942950e-5b72-4e60-8fd7-505c1475c682-impl-thread3] INFO  impl.RoleInfo (RoleInfo.java:shutdownFollowerState(110)) - 2942950e-5b72-4e60-8fd7-505c1475c682: shutdown 2942950e-5b72-4e60-8fd7-505c1475c682@group-EB7ED20B9F16-FollowerState
2023-09-28 12:57:16,064 [3b419e23-3cc6-45b0-b9b5-04f9349798d3-impl-thread4] INFO  impl.StateMachineUpdater (StateMachineUpdater.java:stopAndJoin(155)) - 3b419e23-3cc6-45b0-b9b5-04f9349798d3@group-DE411FFD7766-StateMachineUpdater: set stopIndex = 25
2023-09-28 12:57:16,064 [3b419e23-3cc6-45b0-b9b5-04f9349798d3@group-DE411FFD7766-FollowerState] INFO  impl.FollowerState (FollowerState.java:run(152)) - 3b419e23-3cc6-45b0-b9b5-04f9349798d3@group-DE411FFD7766-FollowerState was interrupted
2023-09-28 12:57:16,053 [3b419e23-3cc6-45b0-b9b5-04f9349798d3-impl-thread3] INFO  impl.PendingRequests (PendingRequests.java:sendNotLeaderResponses(289)) - 3b419e23-3cc6-45b0-b9b5-04f9349798d3@group-CA34E91C5C5E-PendingRequests: sendNotLeaderResponses
2023-09-28 12:57:16,053 [2942950e-5b72-4e60-8fd7-505c1475c682-impl-thread2] INFO  impl.PendingRequests (PendingRequests.java:sendNotLeaderResponses(289)) - 2942950e-5b72-4e60-8fd7-505c1475c682@group-2E0D53807574-PendingRequests: sendNotLeaderResponses
2023-09-28 12:57:16,066 [3b419e23-3cc6-45b0-b9b5-04f9349798d3-impl-thread3] INFO  impl.StateMachineUpdater (StateMachineUpdater.java:stopAndJoin(155)) - 3b419e23-3cc6-45b0-b9b5-04f9349798d3@group-CA34E91C5C5E-StateMachineUpdater: set stopIndex = 0
2023-09-28 12:57:16,066 [2942950e-5b72-4e60-8fd7-505c1475c682-impl-thread2] INFO  impl.StateMachineUpdater (StateMachineUpdater.java:stopAndJoin(155)) - 2942950e-5b72-4e60-8fd7-505c1475c682@group-2E0D53807574-StateMachineUpdater: set stopIndex = 0
2023-09-28 12:57:16,066 [3b419e23-3cc6-45b0-b9b5-04f9349798d3@group-CA34E91C5C5E-StateMachineUpdater] INFO  ratis.ContainerStateMachine (ContainerStateMachine.java:takeSnapshot(330)) - group-CA34E91C5C5E: Taking a snapshot at:(t:1, i:0) file /home/runner/work/ozone/ozone/hadoop-ozone/integration-test/target/test-dir/MiniOzoneClusterImpl-82bdab22-5801-416e-a4bc-b8f6b9675fef/datanode-2/data/ratis/848bcc01-4046-4df6-bc80-ca34e91c5c5e/sm/snapshot.1_0
2023-09-28 12:57:16,067 [2942950e-5b72-4e60-8fd7-505c1475c682@group-2E0D53807574-StateMachineUpdater] INFO  ratis.ContainerStateMachine (ContainerStateMachine.java:takeSnapshot(330)) - group-2E0D53807574: Taking a snapshot at:(t:1, i:0) file /home/runner/work/ozone/ozone/hadoop-ozone/integration-test/target/test-dir/MiniOzoneClusterImpl-82bdab22-5801-416e-a4bc-b8f6b9675fef/datanode-1/data/ratis/a876fde2-d883-411f-9a81-2e0d53807574/sm/snapshot.1_0
2023-09-28 12:57:16,067 [3b419e23-3cc6-45b0-b9b5-04f9349798d3@group-DE411FFD7766-StateMachineUpdater] INFO  ratis.ContainerStateMachine (ContainerStateMachine.java:takeSnapshot(330)) - group-DE411FFD7766: Taking a snapshot at:(t:1, i:25) file /home/runner/work/ozone/ozone/hadoop-ozone/integration-test/target/test-dir/MiniOzoneClusterImpl-82bdab22-5801-416e-a4bc-b8f6b9675fef/datanode-2/data/ratis/ef5c91ca-7b59-48b8-8e32-de411ffd7766/sm/snapshot.1_25
2023-09-28 12:57:16,068 [2942950e-5b72-4e60-8fd7-505c1475c682-impl-thread3] INFO  impl.StateMachineUpdater (StateMachineUpdater.java:stopAndJoin(155)) - 2942950e-5b72-4e60-8fd7-505c1475c682@group-EB7ED20B9F16-StateMachineUpdater: set stopIndex = 4
2023-09-28 12:57:16,068 [2942950e-5b72-4e60-8fd7-505c1475c682@group-EB7ED20B9F16-FollowerState] INFO  impl.FollowerState (FollowerState.java:run(152)) - 2942950e-5b72-4e60-8fd7-505c1475c682@group-EB7ED20B9F16-FollowerState was interrupted
2023-09-28 12:57:16,068 [2942950e-5b72-4e60-8fd7-505c1475c682@group-EB7ED20B9F16-StateMachineUpdater] INFO  ratis.ContainerStateMachine (ContainerStateMachine.java:takeSnapshot(330)) - group-EB7ED20B9F16: Taking a snapshot at:(t:1, i:4) file /home/runner/work/ozone/ozone/hadoop-ozone/integration-test/target/test-dir/MiniOzoneClusterImpl-82bdab22-5801-416e-a4bc-b8f6b9675fef/datanode-1/data/ratis/431cf206-d1a0-4cca-a503-eb7ed20b9f16/sm/snapshot.1_4
2023-09-28 12:57:16,069 [main] INFO  server.GrpcService (GrpcService.java:closeImpl(320)) - 3b419e23-3cc6-45b0-b9b5-04f9349798d3: shutdown server org.apache.ratis.grpc.server.GrpcClientProtocolService successfully
2023-09-28 12:57:16,069 [main] INFO  server.GrpcService (GrpcService.java:closeImpl(311)) - 3b419e23-3cc6-45b0-b9b5-04f9349798d3: shutdown server GrpcServerProtocolService now
2023-09-28 12:57:16,075 [grpc-default-executor-2] WARN  server.GrpcServerProtocolService (LogUtils.java:warn(122)) - 3b419e23-3cc6-45b0-b9b5-04f9349798d3: APPEND_ENTRIES onError, lastRequest: null: org.apache.ratis.thirdparty.io.grpc.StatusRuntimeException: CANCELLED: client cancelled
2023-09-28 12:57:16,083 [ForkJoinPool.commonPool-worker-0] INFO  server.GrpcService (GrpcService.java:closeImpl(311)) - 2942950e-5b72-4e60-8fd7-505c1475c682: shutdown server org.apache.ratis.grpc.server.GrpcClientProtocolService now
2023-09-28 12:57:16,084 [2942950e-5b72-4e60-8fd7-505c1475c682-impl-thread4] INFO  server.RaftServer$Division (RaftServerImpl.java:lambda$close$4(466)) - 2942950e-5b72-4e60-8fd7-505c1475c682@group-DE411FFD7766: shutdown
2023-09-28 12:57:16,084 [2942950e-5b72-4e60-8fd7-505c1475c682-impl-thread4] INFO  util.JmxRegister (JmxRegister.java:unregister(73)) - Successfully un-registered JMX Bean with object name Ratis:service=RaftServer,group=group-DE411FFD7766,id=2942950e-5b72-4e60-8fd7-505c1475c682
2023-09-28 12:57:16,084 [2942950e-5b72-4e60-8fd7-505c1475c682-impl-thread4] INFO  impl.RoleInfo (RoleInfo.java:shutdownLeaderState(93)) - 2942950e-5b72-4e60-8fd7-505c1475c682: shutdown 2942950e-5b72-4e60-8fd7-505c1475c682@group-DE411FFD7766-LeaderStateImpl
2023-09-28 12:57:16,077 [grpc-default-executor-5] WARN  server.GrpcServerProtocolService (LogUtils.java:warn(122)) - 3b419e23-3cc6-45b0-b9b5-04f9349798d3: APPEND_ENTRIES onError, lastRequest: 034573be-2326-4784-8299-dcb44cb21fac->3b419e23-3cc6-45b0-b9b5-04f9349798d3#7-t1,previous=(t:1, i:3),leaderCommit=2,initializing? true,entries: size=1, first=(t:1, i:4), METADATAENTRY(c:2): org.apache.ratis.thirdparty.io.grpc.StatusRuntimeException: CANCELLED: client cancelled
2023-09-28 12:57:16,077 [grpc-default-executor-4] WARN  server.GrpcServerProtocolService (LogUtils.java:warn(122)) - 3b419e23-3cc6-45b0-b9b5-04f9349798d3: APPEND_ENTRIES onError, lastRequest: null: org.apache.ratis.thirdparty.io.grpc.StatusRuntimeException: CANCELLED: client cancelled
2023-09-28 12:57:16,077 [grpc-default-executor-1] WARN  server.GrpcServerProtocolService (LogUtils.java:warn(122)) - 3b419e23-3cc6-45b0-b9b5-04f9349798d3: APPEND_ENTRIES onError, lastRequest: 2942950e-5b72-4e60-8fd7-505c1475c682->3b419e23-3cc6-45b0-b9b5-04f9349798d3#77-t1,previous=(t:1, i:25),leaderCommit=25,initializing? true,entries: size=1, first=(t:1, i:26), METADATAENTRY(c:24): org.apache.ratis.thirdparty.io.grpc.StatusRuntimeException: CANCELLED: client cancelled
2023-09-28 12:57:16,090 [grpc-default-executor-5] INFO  server.GrpcLogAppender (GrpcLogAppender.java:onError(417)) - 2942950e-5b72-4e60-8fd7-505c1475c682@group-DE411FFD7766->3b419e23-3cc6-45b0-b9b5-04f9349798d3-GrpcLogAppender is already stopped
2023-09-28 12:57:16,091 [2942950e-5b72-4e60-8fd7-505c1475c682-impl-thread4] INFO  impl.PendingRequests (PendingRequests.java:sendNotLeaderResponses(289)) - 2942950e-5b72-4e60-8fd7-505c1475c682@group-DE411FFD7766-PendingRequests: sendNotLeaderResponses
2023-09-28 12:57:16,091 [2942950e-5b72-4e60-8fd7-505c1475c682@group-DE411FFD7766->3b419e23-3cc6-45b0-b9b5-04f9349798d3-GrpcLogAppender-LogAppenderDaemon] WARN  server.GrpcLogAppender (GrpcLogAppender.java:mayWait(199)) - 2942950e-5b72-4e60-8fd7-505c1475c682@group-DE411FFD7766->3b419e23-3cc6-45b0-b9b5-04f9349798d3-GrpcLogAppender: Wait interrupted by java.lang.InterruptedException
2023-09-28 12:57:16,092 [2942950e-5b72-4e60-8fd7-505c1475c682@group-DE411FFD7766->034573be-2326-4784-8299-dcb44cb21fac-GrpcLogAppender-LogAppenderDaemon] WARN  server.GrpcLogAppender (GrpcLogAppender.java:mayWait(199)) - 2942950e-5b72-4e60-8fd7-505c1475c682@group-DE411FFD7766->034573be-2326-4784-8299-dcb44cb21fac-GrpcLogAppender: Wait interrupted by java.lang.InterruptedException
2023-09-28 12:57:16,091 [grpc-default-executor-4] INFO  server.GrpcLogAppender (GrpcLogAppender.java:onError(417)) - 2942950e-5b72-4e60-8fd7-505c1475c682@group-DE411FFD7766->3b419e23-3cc6-45b0-b9b5-04f9349798d3-GrpcLogAppender is already stopped
2023-09-28 12:57:16,093 [grpc-default-executor-1] INFO  server.GrpcServerProtocolService (GrpcServerProtocolService.java:onCompleted(155)) - 034573be-2326-4784-8299-dcb44cb21fac: Completed APPEND_ENTRIES, lastRequest: 2942950e-5b72-4e60-8fd7-505c1475c682->034573be-2326-4784-8299-dcb44cb21fac#76-t1,previous=(t:1, i:25),leaderCommit=24,initializing? true,entries: size=1, first=(t:1, i:26), METADATAENTRY(c:24)
2023-09-28 12:57:16,094 [grpc-default-executor-1] INFO  server.GrpcServerProtocolService (GrpcServerProtocolService.java:lambda$onCompleted$5(157)) - 034573be-2326-4784-8299-dcb44cb21fac: Completed APPEND_ENTRIES, lastReply: null
2023-09-28 12:57:16,094 [grpc-default-executor-5] INFO  server.GrpcLogAppender (GrpcLogAppender.java:onCompleted(428)) - 2942950e-5b72-4e60-8fd7-505c1475c682@group-DE411FFD7766->034573be-2326-4784-8299-dcb44cb21fac-AppendLogResponseHandler: follower responses appendEntries COMPLETED
2023-09-28 12:57:16,096 [grpc-default-executor-5] INFO  leader.FollowerInfo (FollowerInfoImpl.java:lambda$new$0(52)) - 2942950e-5b72-4e60-8fd7-505c1475c682@group-DE411FFD7766->034573be-2326-4784-8299-dcb44cb21fac: decreaseNextIndex nextIndex: updateUnconditionally 27 -> 26
2023-09-28 12:57:16,100 [grpc-default-executor-1] WARN  server.GrpcClientProtocolService (LogUtils.java:warn(122)) - 2-OrderedRequestStreamObserver2: onError: org.apache.ratis.thirdparty.io.grpc.StatusRuntimeException: CANCELLED: client cancelled
2023-09-28 12:57:16,107 [grpc-default-executor-7] INFO  server.GrpcServerProtocolService (GrpcServerProtocolService.java:onCompleted(155)) - 034573be-2326-4784-8299-dcb44cb21fac: Completed APPEND_ENTRIES, lastRequest: null
2023-09-28 12:57:16,110 [main] INFO  server.GrpcService (GrpcService.java:closeImpl(320)) - 3b419e23-3cc6-45b0-b9b5-04f9349798d3: shutdown server GrpcServerProtocolService successfully
2023-09-28 12:57:16,112 [main] INFO  server.GrpcService (GrpcService.java:closeImpl(311)) - 3b419e23-3cc6-45b0-b9b5-04f9349798d3: shutdown server org.apache.ratis.grpc.server.GrpcAdminProtocolService now
2023-09-28 12:57:16,112 [grpc-default-executor-4] WARN  server.GrpcLogAppender (LogUtils.java:warn(122)) - 034573be-2326-4784-8299-dcb44cb21fac@group-EB7ED20B9F16->3b419e23-3cc6-45b0-b9b5-04f9349798d3-AppendLogResponseHandler: Failed appendEntries: org.apache.ratis.thirdparty.io.grpc.StatusRuntimeException: CANCELLED: RST_STREAM closed stream. HTTP/2 error code: CANCEL
2023-09-28 12:57:16,110 [Thread-521] INFO  server.GrpcServerProtocolClient (GrpcServerProtocolClient.java:close(103)) - 034573be-2326-4784-8299-dcb44cb21fac Close channels
2023-09-28 12:57:16,110 [Thread-518] INFO  server.GrpcServerProtocolClient (GrpcServerProtocolClient.java:close(103)) - 3b419e23-3cc6-45b0-b9b5-04f9349798d3 Close channels
2023-09-28 12:57:16,117 [grpc-default-executor-7] INFO  server.GrpcServerProtocolService (GrpcServerProtocolService.java:lambda$onCompleted$5(157)) - 034573be-2326-4784-8299-dcb44cb21fac: Completed APPEND_ENTRIES, lastReply: serverReply {
  requestorId: "2942950e-5b72-4e60-8fd7-505c1475c682"
  replyId: "034573be-2326-4784-8299-dcb44cb21fac"
  raftGroupId {
    id: "\357\\\221\312{YH\270\2162\336A\037\375wf"
  }
  callId: 72
  success: true
}
term: 1
nextIndex: 23
followerCommit: 22
matchIndex: 18446744073709551615
isHearbeat: true

2023-09-28 12:57:16,118 [grpc-default-executor-2] INFO  server.GrpcLogAppender (GrpcLogAppender.java:onCompleted(428)) - 2942950e-5b72-4e60-8fd7-505c1475c682@group-DE411FFD7766->034573be-2326-4784-8299-dcb44cb21fac-AppendLogResponseHandler: follower responses appendEntries COMPLETED
2023-09-28 12:57:16,118 [grpc-default-executor-2] WARN  server.GrpcLogAppender (GrpcLogAppender.java:resetClient(137)) - 2942950e-5b72-4e60-8fd7-505c1475c682@group-DE411FFD7766->034573be-2326-4784-8299-dcb44cb21fac-GrpcLogAppender: Failed to getClient for 034573be-2326-4784-8299-dcb44cb21fac
org.apache.ratis.protocol.exceptions.AlreadyClosedException: 2942950e-5b72-4e60-8fd7-505c1475c682 is already CLOSED
	at org.apache.ratis.util.PeerProxyMap$PeerAndProxy.getProxy(PeerProxyMap.java:61)
	at org.apache.ratis.util.PeerProxyMap.getProxy(PeerProxyMap.java:115)
	at org.apache.ratis.grpc.server.GrpcLogAppender.getClient(GrpcLogAppender.java:112)
	at org.apache.ratis.grpc.server.GrpcLogAppender.resetClient(GrpcLogAppender.java:117)
	at org.apache.ratis.grpc.server.GrpcLogAppender.access$500(GrpcLogAppender.java:56)
	at org.apache.ratis.grpc.server.GrpcLogAppender$AppendLogResponseHandler.onCompleted(GrpcLogAppender.java:429)
	at org.apache.ratis.thirdparty.io.grpc.stub.ClientCalls$StreamObserverToCallListenerAdapter.onClose(ClientCalls.java:485)
	at org.apache.ratis.thirdparty.io.grpc.internal.ClientCallImpl.closeObserver(ClientCallImpl.java:563)
	at org.apache.ratis.thirdparty.io.grpc.internal.ClientCallImpl.access$300(ClientCallImpl.java:70)
	at org.apache.ratis.thirdparty.io.grpc.internal.ClientCallImpl$ClientStreamListenerImpl$1StreamClosed.runInternal(ClientCallImpl.java:744)
	at org.apache.ratis.thirdparty.io.grpc.internal.ClientCallImpl$ClientStreamListenerImpl$1StreamClosed.runInContext(ClientCallImpl.java:723)
	at org.apache.ratis.thirdparty.io.grpc.internal.ContextRunnable.run(ContextRunnable.java:37)
	at org.apache.ratis.thirdparty.io.grpc.internal.SerializingExecutor.run(SerializingExecutor.java:133)
	at java.util.concurrent.ThreadPoolExecutor.runWorker(ThreadPoolExecutor.java:1149)
	at java.util.concurrent.ThreadPoolExecutor$Worker.run(ThreadPoolExecutor.java:624)
	at java.lang.Thread.run(Thread.java:750)
2023-09-28 12:57:16,101 [grpc-default-executor-6] WARN  server.GrpcClientProtocolService (LogUtils.java:warn(122)) - 3-UnorderedRequestStreamObserver3: onError: org.apache.ratis.thirdparty.io.grpc.StatusRuntimeException: CANCELLED: client cancelled
2023-09-28 12:57:16,125 [grpc-default-executor-9] WARN  server.GrpcLogAppender (LogUtils.java:warn(122)) - 034573be-2326-4784-8299-dcb44cb21fac@group-EB7ED20B9F16->3b419e23-3cc6-45b0-b9b5-04f9349798d3-AppendLogResponseHandler: Failed appendEntries: org.apache.ratis.thirdparty.io.grpc.StatusRuntimeException: CANCELLED: RST_STREAM closed stream. HTTP/2 error code: CANCEL
2023-09-28 12:57:16,130 [2942950e-5b72-4e60-8fd7-505c1475c682@group-DE411FFD7766-StateMachineUpdater] INFO  ratis.ContainerStateMachine (ContainerStateMachine.java:takeSnapshot(330)) - group-DE411FFD7766: Taking a snapshot at:(t:1, i:26) file /home/runner/work/ozone/ozone/hadoop-ozone/integration-test/target/test-dir/MiniOzoneClusterImpl-82bdab22-5801-416e-a4bc-b8f6b9675fef/datanode-1/data/ratis/ef5c91ca-7b59-48b8-8e32-de411ffd7766/sm/snapshot.1_26
2023-09-28 12:57:16,112 [grpc-default-executor-4] INFO  leader.FollowerInfo (FollowerInfoImpl.java:lambda$new$0(52)) - 034573be-2326-4784-8299-dcb44cb21fac@group-EB7ED20B9F16->3b419e23-3cc6-45b0-b9b5-04f9349798d3: decreaseNextIndex nextIndex: updateUnconditionally 5 -> 4
2023-09-28 12:57:16,129 [2942950e-5b72-4e60-8fd7-505c1475c682-impl-thread4] INFO  impl.StateMachineUpdater (StateMachineUpdater.java:stopAndJoin(155)) - 2942950e-5b72-4e60-8fd7-505c1475c682@group-DE411FFD7766-StateMachineUpdater: set stopIndex = 26
2023-09-28 12:57:16,129 [main] INFO  server.GrpcService (GrpcService.java:closeImpl(320)) - 3b419e23-3cc6-45b0-b9b5-04f9349798d3: shutdown server org.apache.ratis.grpc.server.GrpcAdminProtocolService successfully
2023-09-28 12:57:16,129 [ForkJoinPool.commonPool-worker-1] INFO  ozoneimpl.OzoneContainer (OzoneContainer.java:stop(451)) - Attempting to stop container services.
2023-09-28 12:57:16,134 [3b419e23-3cc6-45b0-b9b5-04f9349798d3-NettyServerStreamRpc-bossGroup--thread1] INFO  logging.LoggingHandler (AbstractInternalLogger.java:log(148)) - [id: 0x84282b37, L:/0:0:0:0:0:0:0:0:15033] CLOSE
2023-09-28 12:57:16,134 [3b419e23-3cc6-45b0-b9b5-04f9349798d3-NettyServerStreamRpc-bossGroup--thread1] INFO  logging.LoggingHandler (AbstractInternalLogger.java:log(148)) - [id: 0x84282b37, L:/0:0:0:0:0:0:0:0:15033] INACTIVE
2023-09-28 12:57:16,134 [3b419e23-3cc6-45b0-b9b5-04f9349798d3-NettyServerStreamRpc-bossGroup--thread1] INFO  logging.LoggingHandler (AbstractInternalLogger.java:log(148)) - [id: 0x84282b37, L:/0:0:0:0:0:0:0:0:15033] UNREGISTERED
2023-09-28 12:57:16,133 [grpc-default-executor-9] INFO  leader.FollowerInfo (FollowerInfoImpl.java:lambda$new$0(52)) - 034573be-2326-4784-8299-dcb44cb21fac@group-EB7ED20B9F16->3b419e23-3cc6-45b0-b9b5-04f9349798d3: decreaseNextIndex nextIndex: updateUnconditionally 4 -> 3
2023-09-28 12:57:16,132 [ForkJoinPool.commonPool-worker-0] INFO  server.GrpcService (GrpcService.java:closeImpl(320)) - 2942950e-5b72-4e60-8fd7-505c1475c682: shutdown server org.apache.ratis.grpc.server.GrpcClientProtocolService successfully
2023-09-28 12:57:16,134 [ForkJoinPool.commonPool-worker-0] INFO  server.GrpcService (GrpcService.java:closeImpl(311)) - 2942950e-5b72-4e60-8fd7-505c1475c682: shutdown server GrpcServerProtocolService now
2023-09-28 12:57:16,134 [ForkJoinPool.commonPool-worker-1] INFO  server.RaftServer (RaftServerProxy.java:lambda$close$6(416)) - 034573be-2326-4784-8299-dcb44cb21fac: close
2023-09-28 12:57:16,139 [034573be-2326-4784-8299-dcb44cb21fac-impl-thread2] INFO  server.RaftServer$Division (RaftServerImpl.java:lambda$close$4(466)) - 034573be-2326-4784-8299-dcb44cb21fac@group-EB7ED20B9F16: shutdown
2023-09-28 12:57:16,139 [034573be-2326-4784-8299-dcb44cb21fac-impl-thread2] INFO  util.JmxRegister (JmxRegister.java:unregister(73)) - Successfully un-registered JMX Bean with object name Ratis:service=RaftServer,group=group-EB7ED20B9F16,id=034573be-2326-4784-8299-dcb44cb21fac
2023-09-28 12:57:16,139 [034573be-2326-4784-8299-dcb44cb21fac-impl-thread2] INFO  impl.RoleInfo (RoleInfo.java:shutdownLeaderState(93)) - 034573be-2326-4784-8299-dcb44cb21fac: shutdown 034573be-2326-4784-8299-dcb44cb21fac@group-EB7ED20B9F16-LeaderStateImpl
2023-09-28 12:57:16,142 [ForkJoinPool.commonPool-worker-1] INFO  server.GrpcService (GrpcService.java:closeImpl(311)) - 034573be-2326-4784-8299-dcb44cb21fac: shutdown server org.apache.ratis.grpc.server.GrpcClientProtocolService now
2023-09-28 12:57:16,143 [034573be-2326-4784-8299-dcb44cb21fac-impl-thread3] INFO  server.RaftServer$Division (RaftServerImpl.java:lambda$close$4(466)) - 034573be-2326-4784-8299-dcb44cb21fac@group-DAA236A79DA2: shutdown
2023-09-28 12:57:16,143 [034573be-2326-4784-8299-dcb44cb21fac-impl-thread3] INFO  util.JmxRegister (JmxRegister.java:unregister(73)) - Successfully un-registered JMX Bean with object name Ratis:service=RaftServer,group=group-DAA236A79DA2,id=034573be-2326-4784-8299-dcb44cb21fac
2023-09-28 12:57:16,143 [034573be-2326-4784-8299-dcb44cb21fac-impl-thread3] INFO  impl.RoleInfo (RoleInfo.java:shutdownLeaderState(93)) - 034573be-2326-4784-8299-dcb44cb21fac: shutdown 034573be-2326-4784-8299-dcb44cb21fac@group-DAA236A79DA2-LeaderStateImpl
2023-09-28 12:57:16,143 [034573be-2326-4784-8299-dcb44cb21fac-impl-thread3] INFO  impl.PendingRequests (PendingRequests.java:sendNotLeaderResponses(289)) - 034573be-2326-4784-8299-dcb44cb21fac@group-DAA236A79DA2-PendingRequests: sendNotLeaderResponses
2023-09-28 12:57:16,144 [034573be-2326-4784-8299-dcb44cb21fac-impl-thread3] INFO  impl.StateMachineUpdater (StateMachineUpdater.java:stopAndJoin(155)) - 034573be-2326-4784-8299-dcb44cb21fac@group-DAA236A79DA2-StateMachineUpdater: set stopIndex = 0
2023-09-28 12:57:16,145 [034573be-2326-4784-8299-dcb44cb21fac@group-DAA236A79DA2-StateMachineUpdater] INFO  ratis.ContainerStateMachine (ContainerStateMachine.java:takeSnapshot(330)) - group-DAA236A79DA2: Taking a snapshot at:(t:1, i:0) file /home/runner/work/ozone/ozone/hadoop-ozone/integration-test/target/test-dir/MiniOzoneClusterImpl-82bdab22-5801-416e-a4bc-b8f6b9675fef/datanode-0/data/ratis/0b2f2e1f-281a-4ea9-af05-daa236a79da2/sm/snapshot.1_0
2023-09-28 12:57:16,145 [034573be-2326-4784-8299-dcb44cb21fac-impl-thread2] INFO  impl.PendingRequests (PendingRequests.java:sendNotLeaderResponses(289)) - 034573be-2326-4784-8299-dcb44cb21fac@group-EB7ED20B9F16-PendingRequests: sendNotLeaderResponses
2023-09-28 12:57:16,145 [034573be-2326-4784-8299-dcb44cb21fac@group-EB7ED20B9F16->3b419e23-3cc6-45b0-b9b5-04f9349798d3-GrpcLogAppender-LogAppenderDaemon] WARN  server.GrpcLogAppender (GrpcLogAppender.java:mayWait(199)) - 034573be-2326-4784-8299-dcb44cb21fac@group-EB7ED20B9F16->3b419e23-3cc6-45b0-b9b5-04f9349798d3-GrpcLogAppender: Wait interrupted by java.lang.InterruptedException
2023-09-28 12:57:16,155 [034573be-2326-4784-8299-dcb44cb21fac-impl-thread4] INFO  server.RaftServer$Division (RaftServerImpl.java:lambda$close$4(466)) - 034573be-2326-4784-8299-dcb44cb21fac@group-DE411FFD7766: shutdown
2023-09-28 12:57:16,157 [034573be-2326-4784-8299-dcb44cb21fac-impl-thread4] INFO  util.JmxRegister (JmxRegister.java:unregister(73)) - Successfully un-registered JMX Bean with object name Ratis:service=RaftServer,group=group-DE411FFD7766,id=034573be-2326-4784-8299-dcb44cb21fac
2023-09-28 12:57:16,157 [034573be-2326-4784-8299-dcb44cb21fac-impl-thread4] INFO  impl.RoleInfo (RoleInfo.java:shutdownFollowerState(110)) - 034573be-2326-4784-8299-dcb44cb21fac: shutdown 034573be-2326-4784-8299-dcb44cb21fac@group-DE411FFD7766-FollowerState
2023-09-28 12:57:16,157 [034573be-2326-4784-8299-dcb44cb21fac-impl-thread4] INFO  impl.StateMachineUpdater (StateMachineUpdater.java:stopAndJoin(155)) - 034573be-2326-4784-8299-dcb44cb21fac@group-DE411FFD7766-StateMachineUpdater: set stopIndex = 24
2023-09-28 12:57:16,155 [034573be-2326-4784-8299-dcb44cb21fac@group-EB7ED20B9F16->2942950e-5b72-4e60-8fd7-505c1475c682-GrpcLogAppender-LogAppenderDaemon] WARN  server.GrpcLogAppender (GrpcLogAppender.java:mayWait(199)) - 034573be-2326-4784-8299-dcb44cb21fac@group-EB7ED20B9F16->2942950e-5b72-4e60-8fd7-505c1475c682-GrpcLogAppender: Wait interrupted by java.lang.InterruptedException
2023-09-28 12:57:16,157 [034573be-2326-4784-8299-dcb44cb21fac@group-DE411FFD7766-StateMachineUpdater] INFO  ratis.ContainerStateMachine (ContainerStateMachine.java:takeSnapshot(330)) - group-DE411FFD7766: Taking a snapshot at:(t:1, i:24) file /home/runner/work/ozone/ozone/hadoop-ozone/integration-test/target/test-dir/MiniOzoneClusterImpl-82bdab22-5801-416e-a4bc-b8f6b9675fef/datanode-0/data/ratis/ef5c91ca-7b59-48b8-8e32-de411ffd7766/sm/snapshot.1_24
2023-09-28 12:57:16,155 [grpc-default-executor-1] WARN  server.GrpcServerProtocolService (LogUtils.java:warn(122)) - 2942950e-5b72-4e60-8fd7-505c1475c682: APPEND_ENTRIES onError, lastRequest: null: org.apache.ratis.thirdparty.io.grpc.StatusRuntimeException: CANCELLED: client cancelled
2023-09-28 12:57:16,154 [ForkJoinPool.commonPool-worker-0] INFO  server.GrpcService (GrpcService.java:closeImpl(320)) - 2942950e-5b72-4e60-8fd7-505c1475c682: shutdown server GrpcServerProtocolService successfully
2023-09-28 12:57:16,159 [ForkJoinPool.commonPool-worker-0] INFO  server.GrpcService (GrpcService.java:closeImpl(311)) - 2942950e-5b72-4e60-8fd7-505c1475c682: shutdown server org.apache.ratis.grpc.server.GrpcAdminProtocolService now
2023-09-28 12:57:16,146 [grpc-default-executor-4] WARN  server.GrpcServerProtocolService (LogUtils.java:warn(122)) - 2942950e-5b72-4e60-8fd7-505c1475c682: APPEND_ENTRIES onError, lastRequest: 034573be-2326-4784-8299-dcb44cb21fac->2942950e-5b72-4e60-8fd7-505c1475c682#10-t1,previous=(t:1, i:3),leaderCommit=2,initializing? true,entries: size=1, first=(t:1, i:4), METADATAENTRY(c:2): org.apache.ratis.thirdparty.io.grpc.StatusRuntimeException: CANCELLED: client cancelled
2023-09-28 12:57:16,157 [034573be-2326-4784-8299-dcb44cb21fac@group-DE411FFD7766-FollowerState] INFO  impl.FollowerState (FollowerState.java:run(152)) - 034573be-2326-4784-8299-dcb44cb21fac@group-DE411FFD7766-FollowerState was interrupted
2023-09-28 12:57:16,170 [2942950e-5b72-4e60-8fd7-505c1475c682@group-2E0D53807574-StateMachineUpdater] INFO  ratis.ContainerStateMachine (ContainerStateMachine.java:takeSnapshot(341)) - group-2E0D53807574: Finished taking a snapshot at:(t:1, i:0) file:/home/runner/work/ozone/ozone/hadoop-ozone/integration-test/target/test-dir/MiniOzoneClusterImpl-82bdab22-5801-416e-a4bc-b8f6b9675fef/datanode-1/data/ratis/a876fde2-d883-411f-9a81-2e0d53807574/sm/snapshot.1_0 took: 103 ms
2023-09-28 12:57:16,172 [2942950e-5b72-4e60-8fd7-505c1475c682@group-2E0D53807574-StateMachineUpdater] INFO  impl.StateMachineUpdater (StateMachineUpdater.java:takeSnapshot(291)) - 2942950e-5b72-4e60-8fd7-505c1475c682@group-2E0D53807574-StateMachineUpdater: Took a snapshot at index 0
2023-09-28 12:57:16,172 [2942950e-5b72-4e60-8fd7-505c1475c682@group-2E0D53807574-StateMachineUpdater] INFO  impl.StateMachineUpdater (StateMachineUpdater.java:lambda$new$0(97)) - 2942950e-5b72-4e60-8fd7-505c1475c682@group-2E0D53807574-StateMachineUpdater: snapshotIndex: updateIncreasingly -1 -> 0
2023-09-28 12:57:16,172 [3b419e23-3cc6-45b0-b9b5-04f9349798d3@group-CA34E91C5C5E-StateMachineUpdater] INFO  ratis.ContainerStateMachine (ContainerStateMachine.java:takeSnapshot(341)) - group-CA34E91C5C5E: Finished taking a snapshot at:(t:1, i:0) file:/home/runner/work/ozone/ozone/hadoop-ozone/integration-test/target/test-dir/MiniOzoneClusterImpl-82bdab22-5801-416e-a4bc-b8f6b9675fef/datanode-2/data/ratis/848bcc01-4046-4df6-bc80-ca34e91c5c5e/sm/snapshot.1_0 took: 106 ms
2023-09-28 12:57:16,173 [034573be-2326-4784-8299-dcb44cb21fac@group-DAA236A79DA2-StateMachineUpdater] INFO  ratis.ContainerStateMachine (ContainerStateMachine.java:takeSnapshot(341)) - group-DAA236A79DA2: Finished taking a snapshot at:(t:1, i:0) file:/home/runner/work/ozone/ozone/hadoop-ozone/integration-test/target/test-dir/MiniOzoneClusterImpl-82bdab22-5801-416e-a4bc-b8f6b9675fef/datanode-0/data/ratis/0b2f2e1f-281a-4ea9-af05-daa236a79da2/sm/snapshot.1_0 took: 27 ms
2023-09-28 12:57:16,173 [3b419e23-3cc6-45b0-b9b5-04f9349798d3@group-DE411FFD7766-StateMachineUpdater] INFO  ratis.ContainerStateMachine (ContainerStateMachine.java:takeSnapshot(341)) - group-DE411FFD7766: Finished taking a snapshot at:(t:1, i:25) file:/home/runner/work/ozone/ozone/hadoop-ozone/integration-test/target/test-dir/MiniOzoneClusterImpl-82bdab22-5801-416e-a4bc-b8f6b9675fef/datanode-2/data/ratis/ef5c91ca-7b59-48b8-8e32-de411ffd7766/sm/snapshot.1_25 took: 106 ms
2023-09-28 12:57:16,173 [2942950e-5b72-4e60-8fd7-505c1475c682@group-EB7ED20B9F16-StateMachineUpdater] INFO  ratis.ContainerStateMachine (ContainerStateMachine.java:takeSnapshot(341)) - group-EB7ED20B9F16: Finished taking a snapshot at:(t:1, i:4) file:/home/runner/work/ozone/ozone/hadoop-ozone/integration-test/target/test-dir/MiniOzoneClusterImpl-82bdab22-5801-416e-a4bc-b8f6b9675fef/datanode-1/data/ratis/431cf206-d1a0-4cca-a503-eb7ed20b9f16/sm/snapshot.1_4 took: 105 ms
2023-09-28 12:57:16,174 [2942950e-5b72-4e60-8fd7-505c1475c682@group-EB7ED20B9F16-StateMachineUpdater] INFO  impl.StateMachineUpdater (StateMachineUpdater.java:takeSnapshot(291)) - 2942950e-5b72-4e60-8fd7-505c1475c682@group-EB7ED20B9F16-StateMachineUpdater: Took a snapshot at index 4
2023-09-28 12:57:16,174 [2942950e-5b72-4e60-8fd7-505c1475c682@group-EB7ED20B9F16-StateMachineUpdater] INFO  impl.StateMachineUpdater (StateMachineUpdater.java:lambda$new$0(97)) - 2942950e-5b72-4e60-8fd7-505c1475c682@group-EB7ED20B9F16-StateMachineUpdater: snapshotIndex: updateIncreasingly -1 -> 4
2023-09-28 12:57:16,174 [3b419e23-3cc6-45b0-b9b5-04f9349798d3@group-DE411FFD7766-StateMachineUpdater] INFO  impl.StateMachineUpdater (StateMachineUpdater.java:takeSnapshot(291)) - 3b419e23-3cc6-45b0-b9b5-04f9349798d3@group-DE411FFD7766-StateMachineUpdater: Took a snapshot at index 25
2023-09-28 12:57:16,174 [3b419e23-3cc6-45b0-b9b5-04f9349798d3@group-DE411FFD7766-StateMachineUpdater] INFO  impl.StateMachineUpdater (StateMachineUpdater.java:lambda$new$0(97)) - 3b419e23-3cc6-45b0-b9b5-04f9349798d3@group-DE411FFD7766-StateMachineUpdater: snapshotIndex: updateIncreasingly -1 -> 25
2023-09-28 12:57:16,174 [034573be-2326-4784-8299-dcb44cb21fac@group-DAA236A79DA2-StateMachineUpdater] INFO  impl.StateMachineUpdater (StateMachineUpdater.java:takeSnapshot(291)) - 034573be-2326-4784-8299-dcb44cb21fac@group-DAA236A79DA2-StateMachineUpdater: Took a snapshot at index 0
2023-09-28 12:57:16,174 [034573be-2326-4784-8299-dcb44cb21fac@group-DAA236A79DA2-StateMachineUpdater] INFO  impl.StateMachineUpdater (StateMachineUpdater.java:lambda$new$0(97)) - 034573be-2326-4784-8299-dcb44cb21fac@group-DAA236A79DA2-StateMachineUpdater: snapshotIndex: updateIncreasingly -1 -> 0
2023-09-28 12:57:16,174 [2942950e-5b72-4e60-8fd7-505c1475c682@group-DE411FFD7766-StateMachineUpdater] INFO  ratis.ContainerStateMachine (ContainerStateMachine.java:takeSnapshot(341)) - group-DE411FFD7766: Finished taking a snapshot at:(t:1, i:26) file:/home/runner/work/ozone/ozone/hadoop-ozone/integration-test/target/test-dir/MiniOzoneClusterImpl-82bdab22-5801-416e-a4bc-b8f6b9675fef/datanode-1/data/ratis/ef5c91ca-7b59-48b8-8e32-de411ffd7766/sm/snapshot.1_26 took: 44 ms
2023-09-28 12:57:16,174 [2942950e-5b72-4e60-8fd7-505c1475c682@group-DE411FFD7766-StateMachineUpdater] INFO  impl.StateMachineUpdater (StateMachineUpdater.java:takeSnapshot(291)) - 2942950e-5b72-4e60-8fd7-505c1475c682@group-DE411FFD7766-StateMachineUpdater: Took a snapshot at index 26
2023-09-28 12:57:16,174 [2942950e-5b72-4e60-8fd7-505c1475c682@group-DE411FFD7766-StateMachineUpdater] INFO  impl.StateMachineUpdater (StateMachineUpdater.java:lambda$new$0(97)) - 2942950e-5b72-4e60-8fd7-505c1475c682@group-DE411FFD7766-StateMachineUpdater: snapshotIndex: updateIncreasingly -1 -> 26
2023-09-28 12:57:16,174 [3b419e23-3cc6-45b0-b9b5-04f9349798d3@group-CA34E91C5C5E-StateMachineUpdater] INFO  impl.StateMachineUpdater (StateMachineUpdater.java:takeSnapshot(291)) - 3b419e23-3cc6-45b0-b9b5-04f9349798d3@group-CA34E91C5C5E-StateMachineUpdater: Took a snapshot at index 0
2023-09-28 12:57:16,175 [3b419e23-3cc6-45b0-b9b5-04f9349798d3@group-CA34E91C5C5E-StateMachineUpdater] INFO  impl.StateMachineUpdater (StateMachineUpdater.java:lambda$new$0(97)) - 3b419e23-3cc6-45b0-b9b5-04f9349798d3@group-CA34E91C5C5E-StateMachineUpdater: snapshotIndex: updateIncreasingly -1 -> 0
2023-09-28 12:57:16,175 [034573be-2326-4784-8299-dcb44cb21fac@group-DE411FFD7766-StateMachineUpdater] INFO  ratis.ContainerStateMachine (ContainerStateMachine.java:takeSnapshot(341)) - group-DE411FFD7766: Finished taking a snapshot at:(t:1, i:24) file:/home/runner/work/ozone/ozone/hadoop-ozone/integration-test/target/test-dir/MiniOzoneClusterImpl-82bdab22-5801-416e-a4bc-b8f6b9675fef/datanode-0/data/ratis/ef5c91ca-7b59-48b8-8e32-de411ffd7766/sm/snapshot.1_24 took: 18 ms
2023-09-28 12:57:16,175 [034573be-2326-4784-8299-dcb44cb21fac@group-DE411FFD7766-StateMachineUpdater] INFO  impl.StateMachineUpdater (StateMachineUpdater.java:takeSnapshot(291)) - 034573be-2326-4784-8299-dcb44cb21fac@group-DE411FFD7766-StateMachineUpdater: Took a snapshot at index 24
2023-09-28 12:57:16,175 [034573be-2326-4784-8299-dcb44cb21fac@group-DE411FFD7766-StateMachineUpdater] INFO  impl.StateMachineUpdater (StateMachineUpdater.java:lambda$new$0(97)) - 034573be-2326-4784-8299-dcb44cb21fac@group-DE411FFD7766-StateMachineUpdater: snapshotIndex: updateIncreasingly -1 -> 24
2023-09-28 12:57:16,176 [3b419e23-3cc6-45b0-b9b5-04f9349798d3@group-EB7ED20B9F16-StateMachineUpdater] INFO  ratis.ContainerStateMachine (ContainerStateMachine.java:takeSnapshot(341)) - group-EB7ED20B9F16: Finished taking a snapshot at:(t:1, i:4) file:/home/runner/work/ozone/ozone/hadoop-ozone/integration-test/target/test-dir/MiniOzoneClusterImpl-82bdab22-5801-416e-a4bc-b8f6b9675fef/datanode-2/data/ratis/431cf206-d1a0-4cca-a503-eb7ed20b9f16/sm/snapshot.1_4 took: 122 ms
2023-09-28 12:57:16,176 [3b419e23-3cc6-45b0-b9b5-04f9349798d3@group-EB7ED20B9F16-StateMachineUpdater] INFO  impl.StateMachineUpdater (StateMachineUpdater.java:takeSnapshot(291)) - 3b419e23-3cc6-45b0-b9b5-04f9349798d3@group-EB7ED20B9F16-StateMachineUpdater: Took a snapshot at index 4
2023-09-28 12:57:16,176 [3b419e23-3cc6-45b0-b9b5-04f9349798d3@group-EB7ED20B9F16-StateMachineUpdater] INFO  impl.StateMachineUpdater (StateMachineUpdater.java:lambda$new$0(97)) - 3b419e23-3cc6-45b0-b9b5-04f9349798d3@group-EB7ED20B9F16-StateMachineUpdater: snapshotIndex: updateIncreasingly -1 -> 4
2023-09-28 12:57:16,181 [grpc-default-executor-6] INFO  server.GrpcLogAppender (GrpcLogAppender.java:onError(417)) - 034573be-2326-4784-8299-dcb44cb21fac@group-EB7ED20B9F16->2942950e-5b72-4e60-8fd7-505c1475c682-GrpcLogAppender is already stopped
2023-09-28 12:57:16,181 [grpc-default-executor-8] WARN  server.GrpcClientProtocolService (LogUtils.java:warn(122)) - 0-OrderedRequestStreamObserver0: onError: org.apache.ratis.thirdparty.io.grpc.StatusRuntimeException: CANCELLED: client cancelled
2023-09-28 12:57:16,181 [Thread-531] INFO  server.GrpcServerProtocolClient (GrpcServerProtocolClient.java:close(103)) - 3b419e23-3cc6-45b0-b9b5-04f9349798d3 Close channels
2023-09-28 12:57:16,181 [Thread-541] INFO  server.GrpcServerProtocolClient (GrpcServerProtocolClient.java:close(103)) - 2942950e-5b72-4e60-8fd7-505c1475c682 Close channels
2023-09-28 12:57:16,182 [grpc-default-executor-1] INFO  server.GrpcLogAppender (GrpcLogAppender.java:onError(417)) - 034573be-2326-4784-8299-dcb44cb21fac@group-EB7ED20B9F16->2942950e-5b72-4e60-8fd7-505c1475c682-GrpcLogAppender is already stopped
2023-09-28 12:57:16,182 [ForkJoinPool.commonPool-worker-1] INFO  server.GrpcService (GrpcService.java:closeImpl(320)) - 034573be-2326-4784-8299-dcb44cb21fac: shutdown server org.apache.ratis.grpc.server.GrpcClientProtocolService successfully
2023-09-28 12:57:16,182 [ForkJoinPool.commonPool-worker-1] INFO  server.GrpcService (GrpcService.java:closeImpl(311)) - 034573be-2326-4784-8299-dcb44cb21fac: shutdown server GrpcServerProtocolService now
2023-09-28 12:57:16,184 [ForkJoinPool.commonPool-worker-0] INFO  server.GrpcService (GrpcService.java:closeImpl(320)) - 2942950e-5b72-4e60-8fd7-505c1475c682: shutdown server org.apache.ratis.grpc.server.GrpcAdminProtocolService successfully
2023-09-28 12:57:16,185 [034573be-2326-4784-8299-dcb44cb21fac-impl-thread2] INFO  impl.StateMachineUpdater (StateMachineUpdater.java:stopAndJoin(155)) - 034573be-2326-4784-8299-dcb44cb21fac@group-EB7ED20B9F16-StateMachineUpdater: set stopIndex = 4
2023-09-28 12:57:16,185 [034573be-2326-4784-8299-dcb44cb21fac@group-EB7ED20B9F16-StateMachineUpdater] INFO  ratis.ContainerStateMachine (ContainerStateMachine.java:takeSnapshot(330)) - group-EB7ED20B9F16: Taking a snapshot at:(t:1, i:4) file /home/runner/work/ozone/ozone/hadoop-ozone/integration-test/target/test-dir/MiniOzoneClusterImpl-82bdab22-5801-416e-a4bc-b8f6b9675fef/datanode-0/data/ratis/431cf206-d1a0-4cca-a503-eb7ed20b9f16/sm/snapshot.1_4
2023-09-28 12:57:16,187 [034573be-2326-4784-8299-dcb44cb21fac@group-EB7ED20B9F16-StateMachineUpdater] INFO  ratis.ContainerStateMachine (ContainerStateMachine.java:takeSnapshot(341)) - group-EB7ED20B9F16: Finished taking a snapshot at:(t:1, i:4) file:/home/runner/work/ozone/ozone/hadoop-ozone/integration-test/target/test-dir/MiniOzoneClusterImpl-82bdab22-5801-416e-a4bc-b8f6b9675fef/datanode-0/data/ratis/431cf206-d1a0-4cca-a503-eb7ed20b9f16/sm/snapshot.1_4 took: 2 ms
2023-09-28 12:57:16,189 [2942950e-5b72-4e60-8fd7-505c1475c682-NettyServerStreamRpc-bossGroup--thread1] INFO  logging.LoggingHandler (AbstractInternalLogger.java:log(148)) - [id: 0xc561a21e, L:/0:0:0:0:0:0:0:0:15024] CLOSE
2023-09-28 12:57:16,189 [2942950e-5b72-4e60-8fd7-505c1475c682-NettyServerStreamRpc-bossGroup--thread1] INFO  logging.LoggingHandler (AbstractInternalLogger.java:log(148)) - [id: 0xc561a21e, L:/0:0:0:0:0:0:0:0:15024] INACTIVE
2023-09-28 12:57:16,189 [2942950e-5b72-4e60-8fd7-505c1475c682-NettyServerStreamRpc-bossGroup--thread1] INFO  logging.LoggingHandler (AbstractInternalLogger.java:log(148)) - [id: 0xc561a21e, L:/0:0:0:0:0:0:0:0:15024] UNREGISTERED
2023-09-28 12:57:16,189 [034573be-2326-4784-8299-dcb44cb21fac@group-EB7ED20B9F16-StateMachineUpdater] INFO  impl.StateMachineUpdater (StateMachineUpdater.java:takeSnapshot(291)) - 034573be-2326-4784-8299-dcb44cb21fac@group-EB7ED20B9F16-StateMachineUpdater: Took a snapshot at index 4
2023-09-28 12:57:16,189 [034573be-2326-4784-8299-dcb44cb21fac@group-EB7ED20B9F16-StateMachineUpdater] INFO  impl.StateMachineUpdater (StateMachineUpdater.java:lambda$new$0(97)) - 034573be-2326-4784-8299-dcb44cb21fac@group-EB7ED20B9F16-StateMachineUpdater: snapshotIndex: updateIncreasingly -1 -> 4
2023-09-28 12:57:16,190 [2942950e-5b72-4e60-8fd7-505c1475c682-impl-thread2] INFO  server.RaftServer$Division (ServerState.java:close(472)) - 2942950e-5b72-4e60-8fd7-505c1475c682@group-2E0D53807574: closes. applyIndex: 0
2023-09-28 12:57:16,190 [034573be-2326-4784-8299-dcb44cb21fac-impl-thread3] INFO  server.RaftServer$Division (ServerState.java:close(472)) - 034573be-2326-4784-8299-dcb44cb21fac@group-DAA236A79DA2: closes. applyIndex: 0
2023-09-28 12:57:16,193 [3b419e23-3cc6-45b0-b9b5-04f9349798d3-impl-thread3] INFO  server.RaftServer$Division (ServerState.java:close(472)) - 3b419e23-3cc6-45b0-b9b5-04f9349798d3@group-CA34E91C5C5E: closes. applyIndex: 0
2023-09-28 12:57:16,198 [ForkJoinPool.commonPool-worker-1] INFO  server.GrpcService (GrpcService.java:closeImpl(320)) - 034573be-2326-4784-8299-dcb44cb21fac: shutdown server GrpcServerProtocolService successfully
2023-09-28 12:57:16,198 [ForkJoinPool.commonPool-worker-1] INFO  server.GrpcService (GrpcService.java:closeImpl(311)) - 034573be-2326-4784-8299-dcb44cb21fac: shutdown server org.apache.ratis.grpc.server.GrpcAdminProtocolService now
2023-09-28 12:57:16,208 [3b419e23-3cc6-45b0-b9b5-04f9349798d3-impl-thread2] INFO  server.RaftServer$Division (ServerState.java:close(472)) - 3b419e23-3cc6-45b0-b9b5-04f9349798d3@group-EB7ED20B9F16: closes. applyIndex: 4
2023-09-28 12:57:16,208 [3b419e23-3cc6-45b0-b9b5-04f9349798d3-impl-thread4] INFO  server.RaftServer$Division (ServerState.java:close(472)) - 3b419e23-3cc6-45b0-b9b5-04f9349798d3@group-DE411FFD7766: closes. applyIndex: 25
2023-09-28 12:57:16,208 [034573be-2326-4784-8299-dcb44cb21fac-impl-thread4] INFO  server.RaftServer$Division (ServerState.java:close(472)) - 034573be-2326-4784-8299-dcb44cb21fac@group-DE411FFD7766: closes. applyIndex: 24
2023-09-28 12:57:16,209 [2942950e-5b72-4e60-8fd7-505c1475c682-impl-thread3] INFO  server.RaftServer$Division (ServerState.java:close(472)) - 2942950e-5b72-4e60-8fd7-505c1475c682@group-EB7ED20B9F16: closes. applyIndex: 4
2023-09-28 12:57:16,210 [2942950e-5b72-4e60-8fd7-505c1475c682-impl-thread4] INFO  server.RaftServer$Division (ServerState.java:close(472)) - 2942950e-5b72-4e60-8fd7-505c1475c682@group-DE411FFD7766: closes. applyIndex: 26
2023-09-28 12:57:16,210 [034573be-2326-4784-8299-dcb44cb21fac-impl-thread2] INFO  server.RaftServer$Division (ServerState.java:close(472)) - 034573be-2326-4784-8299-dcb44cb21fac@group-EB7ED20B9F16: closes. applyIndex: 4
2023-09-28 12:57:16,215 [ForkJoinPool.commonPool-worker-1] INFO  server.GrpcService (GrpcService.java:closeImpl(320)) - 034573be-2326-4784-8299-dcb44cb21fac: shutdown server org.apache.ratis.grpc.server.GrpcAdminProtocolService successfully
2023-09-28 12:57:16,215 [034573be-2326-4784-8299-dcb44cb21fac-NettyServerStreamRpc-bossGroup--thread1] INFO  logging.LoggingHandler (AbstractInternalLogger.java:log(148)) - [id: 0xd32b4721, L:/0:0:0:0:0:0:0:0:15015] CLOSE
2023-09-28 12:57:16,215 [034573be-2326-4784-8299-dcb44cb21fac-NettyServerStreamRpc-bossGroup--thread1] INFO  logging.LoggingHandler (AbstractInternalLogger.java:log(148)) - [id: 0xd32b4721, L:/0:0:0:0:0:0:0:0:15015] INACTIVE
2023-09-28 12:57:16,215 [034573be-2326-4784-8299-dcb44cb21fac-NettyServerStreamRpc-bossGroup--thread1] INFO  logging.LoggingHandler (AbstractInternalLogger.java:log(148)) - [id: 0xd32b4721, L:/0:0:0:0:0:0:0:0:15015] UNREGISTERED
2023-09-28 12:57:16,217 [ForkJoinPool.commonPool-worker-2] INFO  ozoneimpl.OzoneContainer (OzoneContainer.java:stop(451)) - Attempting to stop container services.
2023-09-28 12:57:16,219 [ForkJoinPool.commonPool-worker-2] INFO  server.RaftServer (RaftServerProxy.java:lambda$close$6(416)) - b52fde56-f3e5-42d4-9b16-acace5358b39: close
2023-09-28 12:57:16,221 [3b419e23-3cc6-45b0-b9b5-04f9349798d3-impl-thread3] INFO  segmented.SegmentedRaftLogWorker (SegmentedRaftLogWorker.java:close(252)) - 3b419e23-3cc6-45b0-b9b5-04f9349798d3@group-CA34E91C5C5E-SegmentedRaftLogWorker close()
2023-09-28 12:57:16,221 [034573be-2326-4784-8299-dcb44cb21fac-impl-thread3] INFO  segmented.SegmentedRaftLogWorker (SegmentedRaftLogWorker.java:close(252)) - 034573be-2326-4784-8299-dcb44cb21fac@group-DAA236A79DA2-SegmentedRaftLogWorker close()
2023-09-28 12:57:16,221 [2942950e-5b72-4e60-8fd7-505c1475c682-impl-thread3] INFO  segmented.SegmentedRaftLogWorker (SegmentedRaftLogWorker.java:close(252)) - 2942950e-5b72-4e60-8fd7-505c1475c682@group-EB7ED20B9F16-SegmentedRaftLogWorker close()
2023-09-28 12:57:16,222 [ForkJoinPool.commonPool-worker-2] INFO  server.GrpcService (GrpcService.java:closeImpl(311)) - b52fde56-f3e5-42d4-9b16-acace5358b39: shutdown server org.apache.ratis.grpc.server.GrpcClientProtocolService now
2023-09-28 12:57:16,223 [b52fde56-f3e5-42d4-9b16-acace5358b39-impl-thread2] INFO  server.RaftServer$Division (RaftServerImpl.java:lambda$close$4(466)) - b52fde56-f3e5-42d4-9b16-acace5358b39@group-DD5E186A43BD: shutdown
2023-09-28 12:57:16,223 [b52fde56-f3e5-42d4-9b16-acace5358b39-impl-thread2] INFO  util.JmxRegister (JmxRegister.java:unregister(73)) - Successfully un-registered JMX Bean with object name Ratis:service=RaftServer,group=group-DD5E186A43BD,id=b52fde56-f3e5-42d4-9b16-acace5358b39
2023-09-28 12:57:16,223 [b52fde56-f3e5-42d4-9b16-acace5358b39-impl-thread2] INFO  impl.RoleInfo (RoleInfo.java:shutdownLeaderState(93)) - b52fde56-f3e5-42d4-9b16-acace5358b39: shutdown b52fde56-f3e5-42d4-9b16-acace5358b39@group-DD5E186A43BD-LeaderStateImpl
2023-09-28 12:57:16,223 [b52fde56-f3e5-42d4-9b16-acace5358b39-impl-thread2] INFO  impl.PendingRequests (PendingRequests.java:sendNotLeaderResponses(289)) - b52fde56-f3e5-42d4-9b16-acace5358b39@group-DD5E186A43BD-PendingRequests: sendNotLeaderResponses
2023-09-28 12:57:16,223 [b52fde56-f3e5-42d4-9b16-acace5358b39-impl-thread2] INFO  impl.StateMachineUpdater (StateMachineUpdater.java:stopAndJoin(155)) - b52fde56-f3e5-42d4-9b16-acace5358b39@group-DD5E186A43BD-StateMachineUpdater: set stopIndex = 0
2023-09-28 12:57:16,233 [3b419e23-3cc6-45b0-b9b5-04f9349798d3-impl-thread2] INFO  segmented.SegmentedRaftLogWorker (SegmentedRaftLogWorker.java:close(252)) - 3b419e23-3cc6-45b0-b9b5-04f9349798d3@group-EB7ED20B9F16-SegmentedRaftLogWorker close()
2023-09-28 12:57:16,237 [b52fde56-f3e5-42d4-9b16-acace5358b39@group-DD5E186A43BD-StateMachineUpdater] INFO  ratis.ContainerStateMachine (ContainerStateMachine.java:takeSnapshot(330)) - group-DD5E186A43BD: Taking a snapshot at:(t:1, i:0) file /home/runner/work/ozone/ozone/hadoop-ozone/integration-test/target/test-dir/MiniOzoneClusterImpl-82bdab22-5801-416e-a4bc-b8f6b9675fef/datanode-4/data/ratis/a2063f5e-823e-4974-abd5-dd5e186a43bd/sm/snapshot.1_0
2023-09-28 12:57:16,239 [b52fde56-f3e5-42d4-9b16-acace5358b39@group-DD5E186A43BD-StateMachineUpdater] INFO  ratis.ContainerStateMachine (ContainerStateMachine.java:takeSnapshot(341)) - group-DD5E186A43BD: Finished taking a snapshot at:(t:1, i:0) file:/home/runner/work/ozone/ozone/hadoop-ozone/integration-test/target/test-dir/MiniOzoneClusterImpl-82bdab22-5801-416e-a4bc-b8f6b9675fef/datanode-4/data/ratis/a2063f5e-823e-4974-abd5-dd5e186a43bd/sm/snapshot.1_0 took: 2 ms
2023-09-28 12:57:16,239 [b52fde56-f3e5-42d4-9b16-acace5358b39@group-DD5E186A43BD-StateMachineUpdater] INFO  impl.StateMachineUpdater (StateMachineUpdater.java:takeSnapshot(291)) - b52fde56-f3e5-42d4-9b16-acace5358b39@group-DD5E186A43BD-StateMachineUpdater: Took a snapshot at index 0
2023-09-28 12:57:16,239 [b52fde56-f3e5-42d4-9b16-acace5358b39@group-DD5E186A43BD-StateMachineUpdater] INFO  impl.StateMachineUpdater (StateMachineUpdater.java:lambda$new$0(97)) - b52fde56-f3e5-42d4-9b16-acace5358b39@group-DD5E186A43BD-StateMachineUpdater: snapshotIndex: updateIncreasingly -1 -> 0
2023-09-28 12:57:16,239 [b52fde56-f3e5-42d4-9b16-acace5358b39-impl-thread2] INFO  server.RaftServer$Division (ServerState.java:close(472)) - b52fde56-f3e5-42d4-9b16-acace5358b39@group-DD5E186A43BD: closes. applyIndex: 0
2023-09-28 12:57:16,241 [ForkJoinPool.commonPool-worker-2] INFO  server.GrpcService (GrpcService.java:closeImpl(320)) - b52fde56-f3e5-42d4-9b16-acace5358b39: shutdown server org.apache.ratis.grpc.server.GrpcClientProtocolService successfully
2023-09-28 12:57:16,241 [ForkJoinPool.commonPool-worker-2] INFO  server.GrpcService (GrpcService.java:closeImpl(311)) - b52fde56-f3e5-42d4-9b16-acace5358b39: shutdown server GrpcServerProtocolService now
2023-09-28 12:57:16,249 [ForkJoinPool.commonPool-worker-2] INFO  server.GrpcService (GrpcService.java:closeImpl(320)) - b52fde56-f3e5-42d4-9b16-acace5358b39: shutdown server GrpcServerProtocolService successfully
2023-09-28 12:57:16,249 [ForkJoinPool.commonPool-worker-2] INFO  server.GrpcService (GrpcService.java:closeImpl(311)) - b52fde56-f3e5-42d4-9b16-acace5358b39: shutdown server org.apache.ratis.grpc.server.GrpcAdminProtocolService now
2023-09-28 12:57:16,252 [ForkJoinPool.commonPool-worker-2] INFO  server.GrpcService (GrpcService.java:closeImpl(320)) - b52fde56-f3e5-42d4-9b16-acace5358b39: shutdown server org.apache.ratis.grpc.server.GrpcAdminProtocolService successfully
2023-09-28 12:57:16,253 [b52fde56-f3e5-42d4-9b16-acace5358b39-NettyServerStreamRpc-bossGroup--thread1] INFO  logging.LoggingHandler (AbstractInternalLogger.java:log(148)) - [id: 0x5cf8e52d, L:/0:0:0:0:0:0:0:0:15051] CLOSE
2023-09-28 12:57:16,253 [b52fde56-f3e5-42d4-9b16-acace5358b39-NettyServerStreamRpc-bossGroup--thread1] INFO  logging.LoggingHandler (AbstractInternalLogger.java:log(148)) - [id: 0x5cf8e52d, L:/0:0:0:0:0:0:0:0:15051] INACTIVE
2023-09-28 12:57:16,253 [b52fde56-f3e5-42d4-9b16-acace5358b39-NettyServerStreamRpc-bossGroup--thread1] INFO  logging.LoggingHandler (AbstractInternalLogger.java:log(148)) - [id: 0x5cf8e52d, L:/0:0:0:0:0:0:0:0:15051] UNREGISTERED
2023-09-28 12:57:16,266 [ForkJoinPool.commonPool-worker-3] INFO  ozoneimpl.OzoneContainer (OzoneContainer.java:stop(451)) - Attempting to stop container services.
2023-09-28 12:57:16,270 [ForkJoinPool.commonPool-worker-3] INFO  server.RaftServer (RaftServerProxy.java:lambda$close$6(416)) - fca1e5c8-2bd7-4c44-b23c-b8bd0cf2342b: close
2023-09-28 12:57:16,270 [ForkJoinPool.commonPool-worker-3] INFO  server.GrpcService (GrpcService.java:closeImpl(311)) - fca1e5c8-2bd7-4c44-b23c-b8bd0cf2342b: shutdown server org.apache.ratis.grpc.server.GrpcClientProtocolService now
2023-09-28 12:57:16,270 [fca1e5c8-2bd7-4c44-b23c-b8bd0cf2342b-impl-thread2] INFO  server.RaftServer$Division (RaftServerImpl.java:lambda$close$4(466)) - fca1e5c8-2bd7-4c44-b23c-b8bd0cf2342b@group-B074F017E0DE: shutdown
2023-09-28 12:57:16,271 [fca1e5c8-2bd7-4c44-b23c-b8bd0cf2342b-impl-thread2] INFO  util.JmxRegister (JmxRegister.java:unregister(73)) - Successfully un-registered JMX Bean with object name Ratis:service=RaftServer,group=group-B074F017E0DE,id=fca1e5c8-2bd7-4c44-b23c-b8bd0cf2342b
2023-09-28 12:57:16,271 [fca1e5c8-2bd7-4c44-b23c-b8bd0cf2342b-impl-thread2] INFO  impl.RoleInfo (RoleInfo.java:shutdownLeaderState(93)) - fca1e5c8-2bd7-4c44-b23c-b8bd0cf2342b: shutdown fca1e5c8-2bd7-4c44-b23c-b8bd0cf2342b@group-B074F017E0DE-LeaderStateImpl
2023-09-28 12:57:16,271 [fca1e5c8-2bd7-4c44-b23c-b8bd0cf2342b-impl-thread2] INFO  impl.PendingRequests (PendingRequests.java:sendNotLeaderResponses(289)) - fca1e5c8-2bd7-4c44-b23c-b8bd0cf2342b@group-B074F017E0DE-PendingRequests: sendNotLeaderResponses
2023-09-28 12:57:16,271 [fca1e5c8-2bd7-4c44-b23c-b8bd0cf2342b@group-B074F017E0DE-StateMachineUpdater] INFO  ratis.ContainerStateMachine (ContainerStateMachine.java:takeSnapshot(330)) - group-B074F017E0DE: Taking a snapshot at:(t:1, i:0) file /home/runner/work/ozone/ozone/hadoop-ozone/integration-test/target/test-dir/MiniOzoneClusterImpl-82bdab22-5801-416e-a4bc-b8f6b9675fef/datanode-3/data/ratis/87a13565-0da2-4ace-99ec-b074f017e0de/sm/snapshot.1_0
2023-09-28 12:57:16,272 [fca1e5c8-2bd7-4c44-b23c-b8bd0cf2342b-impl-thread2] INFO  impl.StateMachineUpdater (StateMachineUpdater.java:stopAndJoin(155)) - fca1e5c8-2bd7-4c44-b23c-b8bd0cf2342b@group-B074F017E0DE-StateMachineUpdater: set stopIndex = 0
2023-09-28 12:57:16,272 [fca1e5c8-2bd7-4c44-b23c-b8bd0cf2342b@group-B074F017E0DE-StateMachineUpdater] INFO  ratis.ContainerStateMachine (ContainerStateMachine.java:takeSnapshot(341)) - group-B074F017E0DE: Finished taking a snapshot at:(t:1, i:0) file:/home/runner/work/ozone/ozone/hadoop-ozone/integration-test/target/test-dir/MiniOzoneClusterImpl-82bdab22-5801-416e-a4bc-b8f6b9675fef/datanode-3/data/ratis/87a13565-0da2-4ace-99ec-b074f017e0de/sm/snapshot.1_0 took: 1 ms
2023-09-28 12:57:16,273 [fca1e5c8-2bd7-4c44-b23c-b8bd0cf2342b@group-B074F017E0DE-StateMachineUpdater] INFO  impl.StateMachineUpdater (StateMachineUpdater.java:takeSnapshot(291)) - fca1e5c8-2bd7-4c44-b23c-b8bd0cf2342b@group-B074F017E0DE-StateMachineUpdater: Took a snapshot at index 0
2023-09-28 12:57:16,273 [fca1e5c8-2bd7-4c44-b23c-b8bd0cf2342b@group-B074F017E0DE-StateMachineUpdater] INFO  impl.StateMachineUpdater (StateMachineUpdater.java:lambda$new$0(97)) - fca1e5c8-2bd7-4c44-b23c-b8bd0cf2342b@group-B074F017E0DE-StateMachineUpdater: snapshotIndex: updateIncreasingly -1 -> 0
2023-09-28 12:57:16,273 [fca1e5c8-2bd7-4c44-b23c-b8bd0cf2342b-impl-thread2] INFO  server.RaftServer$Division (ServerState.java:close(472)) - fca1e5c8-2bd7-4c44-b23c-b8bd0cf2342b@group-B074F017E0DE: closes. applyIndex: 0
2023-09-28 12:57:16,276 [ForkJoinPool.commonPool-worker-3] INFO  server.GrpcService (GrpcService.java:closeImpl(320)) - fca1e5c8-2bd7-4c44-b23c-b8bd0cf2342b: shutdown server org.apache.ratis.grpc.server.GrpcClientProtocolService successfully
2023-09-28 12:57:16,276 [ForkJoinPool.commonPool-worker-3] INFO  server.GrpcService (GrpcService.java:closeImpl(311)) - fca1e5c8-2bd7-4c44-b23c-b8bd0cf2342b: shutdown server GrpcServerProtocolService now
2023-09-28 12:57:16,279 [ForkJoinPool.commonPool-worker-3] INFO  server.GrpcService (GrpcService.java:closeImpl(320)) - fca1e5c8-2bd7-4c44-b23c-b8bd0cf2342b: shutdown server GrpcServerProtocolService successfully
2023-09-28 12:57:16,280 [ForkJoinPool.commonPool-worker-3] INFO  server.GrpcService (GrpcService.java:closeImpl(311)) - fca1e5c8-2bd7-4c44-b23c-b8bd0cf2342b: shutdown server org.apache.ratis.grpc.server.GrpcAdminProtocolService now
2023-09-28 12:57:16,285 [ForkJoinPool.commonPool-worker-3] INFO  server.GrpcService (GrpcService.java:closeImpl(320)) - fca1e5c8-2bd7-4c44-b23c-b8bd0cf2342b: shutdown server org.apache.ratis.grpc.server.GrpcAdminProtocolService successfully
2023-09-28 12:57:16,285 [fca1e5c8-2bd7-4c44-b23c-b8bd0cf2342b-NettyServerStreamRpc-bossGroup--thread1] INFO  logging.LoggingHandler (AbstractInternalLogger.java:log(148)) - [id: 0x85beb087, L:/0:0:0:0:0:0:0:0:15042] CLOSE
2023-09-28 12:57:16,285 [fca1e5c8-2bd7-4c44-b23c-b8bd0cf2342b-NettyServerStreamRpc-bossGroup--thread1] INFO  logging.LoggingHandler (AbstractInternalLogger.java:log(148)) - [id: 0x85beb087, L:/0:0:0:0:0:0:0:0:15042] INACTIVE
2023-09-28 12:57:16,285 [fca1e5c8-2bd7-4c44-b23c-b8bd0cf2342b-NettyServerStreamRpc-bossGroup--thread1] INFO  logging.LoggingHandler (AbstractInternalLogger.java:log(148)) - [id: 0x85beb087, L:/0:0:0:0:0:0:0:0:15042] UNREGISTERED
2023-09-28 12:57:16,400 [2942950e-5b72-4e60-8fd7-505c1475c682-impl-thread2] INFO  segmented.SegmentedRaftLogWorker (SegmentedRaftLogWorker.java:close(252)) - 2942950e-5b72-4e60-8fd7-505c1475c682@group-2E0D53807574-SegmentedRaftLogWorker close()
2023-09-28 12:57:16,614 [b52fde56-f3e5-42d4-9b16-acace5358b39-impl-thread2] INFO  segmented.SegmentedRaftLogWorker (SegmentedRaftLogWorker.java:close(252)) - b52fde56-f3e5-42d4-9b16-acace5358b39@group-DD5E186A43BD-SegmentedRaftLogWorker close()
2023-09-28 12:57:16,615 [JvmPauseMonitor6] INFO  util.JvmPauseMonitor (JvmPauseMonitor.java:run(109)) - JvmPauseMonitor-b52fde56-f3e5-42d4-9b16-acace5358b39: Stopped
2023-09-28 12:57:16,892 [2942950e-5b72-4e60-8fd7-505c1475c682-impl-thread4] INFO  segmented.SegmentedRaftLogWorker (SegmentedRaftLogWorker.java:close(252)) - 2942950e-5b72-4e60-8fd7-505c1475c682@group-DE411FFD7766-SegmentedRaftLogWorker close()
2023-09-28 12:57:16,895 [JvmPauseMonitor3] INFO  util.JvmPauseMonitor (JvmPauseMonitor.java:run(109)) - JvmPauseMonitor-2942950e-5b72-4e60-8fd7-505c1475c682: Stopped
2023-09-28 12:57:16,915 [034573be-2326-4784-8299-dcb44cb21fac-impl-thread4] INFO  segmented.SegmentedRaftLogWorker (SegmentedRaftLogWorker.java:close(252)) - 034573be-2326-4784-8299-dcb44cb21fac@group-DE411FFD7766-SegmentedRaftLogWorker close()
2023-09-28 12:57:16,918 [3b419e23-3cc6-45b0-b9b5-04f9349798d3-impl-thread4] INFO  segmented.SegmentedRaftLogWorker (SegmentedRaftLogWorker.java:close(252)) - 3b419e23-3cc6-45b0-b9b5-04f9349798d3@group-DE411FFD7766-SegmentedRaftLogWorker close()
2023-09-28 12:57:16,919 [JvmPauseMonitor4] INFO  util.JvmPauseMonitor (JvmPauseMonitor.java:run(109)) - JvmPauseMonitor-3b419e23-3cc6-45b0-b9b5-04f9349798d3: Stopped
2023-09-28 12:57:17,208 [fca1e5c8-2bd7-4c44-b23c-b8bd0cf2342b-impl-thread2] INFO  segmented.SegmentedRaftLogWorker (SegmentedRaftLogWorker.java:close(252)) - fca1e5c8-2bd7-4c44-b23c-b8bd0cf2342b@group-B074F017E0DE-SegmentedRaftLogWorker close()
2023-09-28 12:57:17,208 [034573be-2326-4784-8299-dcb44cb21fac-impl-thread2] INFO  segmented.SegmentedRaftLogWorker (SegmentedRaftLogWorker.java:close(252)) - 034573be-2326-4784-8299-dcb44cb21fac@group-EB7ED20B9F16-SegmentedRaftLogWorker close()
2023-09-28 12:57:17,209 [JvmPauseMonitor5] INFO  util.JvmPauseMonitor (JvmPauseMonitor.java:run(109)) - JvmPauseMonitor-fca1e5c8-2bd7-4c44-b23c-b8bd0cf2342b: Stopped
2023-09-28 12:57:17,210 [JvmPauseMonitor2] INFO  util.JvmPauseMonitor (JvmPauseMonitor.java:run(109)) - JvmPauseMonitor-034573be-2326-4784-8299-dcb44cb21fac: Stopped
2023-09-28 12:57:18,644 [ForkJoinPool.commonPool-worker-2] INFO  utils.DatanodeStoreCache (DatanodeStoreCache.java:shutdownCache(110)) - Skip clearing cache in mini cluster mode. Entries left: [/home/runner/work/ozone/ozone/hadoop-ozone/integration-test/target/test-dir/MiniOzoneClusterImpl-82bdab22-5801-416e-a4bc-b8f6b9675fef/datanode-0/data-0/containers/hdds/82bdab22-5801-416e-a4bc-b8f6b9675fef/DS-f3260816-55ba-469e-959d-9ce187fc060b/container.db, /home/runner/work/ozone/ozone/hadoop-ozone/integration-test/target/test-dir/MiniOzoneClusterImpl-82bdab22-5801-416e-a4bc-b8f6b9675fef/datanode-1/data-0/containers/hdds/82bdab22-5801-416e-a4bc-b8f6b9675fef/DS-e1e14253-6b2b-4f62-887f-6e203e8fc051/container.db, /home/runner/work/ozone/ozone/hadoop-ozone/integration-test/target/test-dir/MiniOzoneClusterImpl-82bdab22-5801-416e-a4bc-b8f6b9675fef/datanode-2/data-0/containers/hdds/82bdab22-5801-416e-a4bc-b8f6b9675fef/DS-28902195-902f-4b25-849f-ec70a32c59e7/container.db, /home/runner/work/ozone/ozone/hadoop-ozone/integration-test/target/test-dir/MiniOzoneClusterImpl-82bdab22-5801-416e-a4bc-b8f6b9675fef/datanode-3/data-0/containers/hdds/82bdab22-5801-416e-a4bc-b8f6b9675fef/DS-37a505c6-7ada-454c-bde7-3d93f349e038/container.db, /home/runner/work/ozone/ozone/hadoop-ozone/integration-test/target/test-dir/MiniOzoneClusterImpl-82bdab22-5801-416e-a4bc-b8f6b9675fef/datanode-4/data-0/containers/hdds/82bdab22-5801-416e-a4bc-b8f6b9675fef/DS-47c8fe40-bec9-42cf-9217-59af6b685a09/container.db]
2023-09-28 12:57:18,648 [ForkJoinPool.commonPool-worker-2] INFO  utils.DatanodeStoreCache (DatanodeStoreCache.java:removeDB(104)) - Removed db /home/runner/work/ozone/ozone/hadoop-ozone/integration-test/target/test-dir/MiniOzoneClusterImpl-82bdab22-5801-416e-a4bc-b8f6b9675fef/datanode-4/data-0/containers/hdds/82bdab22-5801-416e-a4bc-b8f6b9675fef/DS-47c8fe40-bec9-42cf-9217-59af6b685a09/container.db from cache
2023-09-28 12:57:18,648 [ForkJoinPool.commonPool-worker-2] INFO  volume.HddsVolume (HddsVolume.java:closeDbStore(453)) - SchemaV3 db is stopped at /home/runner/work/ozone/ozone/hadoop-ozone/integration-test/target/test-dir/MiniOzoneClusterImpl-82bdab22-5801-416e-a4bc-b8f6b9675fef/datanode-4/data-0/containers/hdds/82bdab22-5801-416e-a4bc-b8f6b9675fef/DS-47c8fe40-bec9-42cf-9217-59af6b685a09/container.db for volume DS-47c8fe40-bec9-42cf-9217-59af6b685a09
2023-09-28 12:57:18,649 [ForkJoinPool.commonPool-worker-2] INFO  utils.BackgroundService (BackgroundService.java:shutdown(141)) - Shutting down service BlockDeletingService
2023-09-28 12:57:18,649 [ForkJoinPool.commonPool-worker-2] INFO  utils.BackgroundService (BackgroundService.java:shutdown(141)) - Shutting down service StaleRecoveringContainerScrubbingService
2023-09-28 12:57:18,653 [ForkJoinPool.commonPool-worker-2] INFO  statemachine.DatanodeStateMachine (DatanodeStateMachine.java:stopDaemon(621)) - Ozone container server stopped.
2023-09-28 12:57:18,672 [ForkJoinPool.commonPool-worker-2] INFO  handler.ContextHandler (ContextHandler.java:doStop(1159)) - Stopped o.e.j.w.WebAppContext@3c1d9114{hddsDatanode,/,null,STOPPED}{jar:file:/home/runner/.m2/repository/org/apache/ozone/hdds-container-service/1.4.0-SNAPSHOT/hdds-container-service-1.4.0-SNAPSHOT.jar!/webapps/hddsDatanode}
2023-09-28 12:57:18,673 [ForkJoinPool.commonPool-worker-2] INFO  server.AbstractConnector (AbstractConnector.java:doStop(383)) - Stopped ServerConnector@321a1cbb{HTTP/1.1, (http/1.1)}{0.0.0.0:15045}
2023-09-28 12:57:18,674 [ForkJoinPool.commonPool-worker-2] INFO  server.session (HouseKeeper.java:stopScavenging(149)) - node0 Stopped scavenging
2023-09-28 12:57:18,676 [ForkJoinPool.commonPool-worker-2] INFO  handler.ContextHandler (ContextHandler.java:doStop(1159)) - Stopped o.e.j.s.ServletContextHandler@2f2b638{static,/static,jar:file:/home/runner/.m2/repository/org/apache/ozone/hdds-container-service/1.4.0-SNAPSHOT/hdds-container-service-1.4.0-SNAPSHOT.jar!/webapps/static,STOPPED}
2023-09-28 12:57:18,677 [ForkJoinPool.commonPool-worker-2] INFO  handler.ContextHandler (ContextHandler.java:doStop(1159)) - Stopped o.e.j.s.ServletContextHandler@55d1605b{logs,/logs,file:///home/runner/work/ozone/ozone/hadoop-ozone/integration-test/target/log,STOPPED}
2023-09-28 12:57:18,679 [ForkJoinPool.commonPool-worker-2] INFO  ozone.HddsDatanodeClientProtocolServer (HddsDatanodeClientProtocolServer.java:stop(78)) - Stopping the RPC server for Client Protocol
2023-09-28 12:57:18,679 [ForkJoinPool.commonPool-worker-2] INFO  ipc.Server (Server.java:stop(3523)) - Stopping server on 15046
2023-09-28 12:57:18,680 [IPC Server listener on 15046] INFO  ipc.Server (Server.java:run(1434)) - Stopping IPC Server listener on 15046
2023-09-28 12:57:18,686 [IPC Server Responder] INFO  ipc.Server (Server.java:run(1567)) - Stopping IPC Server Responder
2023-09-28 12:57:18,900 [ForkJoinPool.commonPool-worker-0] INFO  utils.DatanodeStoreCache (DatanodeStoreCache.java:shutdownCache(110)) - Skip clearing cache in mini cluster mode. Entries left: [/home/runner/work/ozone/ozone/hadoop-ozone/integration-test/target/test-dir/MiniOzoneClusterImpl-82bdab22-5801-416e-a4bc-b8f6b9675fef/datanode-0/data-0/containers/hdds/82bdab22-5801-416e-a4bc-b8f6b9675fef/DS-f3260816-55ba-469e-959d-9ce187fc060b/container.db, /home/runner/work/ozone/ozone/hadoop-ozone/integration-test/target/test-dir/MiniOzoneClusterImpl-82bdab22-5801-416e-a4bc-b8f6b9675fef/datanode-1/data-0/containers/hdds/82bdab22-5801-416e-a4bc-b8f6b9675fef/DS-e1e14253-6b2b-4f62-887f-6e203e8fc051/container.db, /home/runner/work/ozone/ozone/hadoop-ozone/integration-test/target/test-dir/MiniOzoneClusterImpl-82bdab22-5801-416e-a4bc-b8f6b9675fef/datanode-2/data-0/containers/hdds/82bdab22-5801-416e-a4bc-b8f6b9675fef/DS-28902195-902f-4b25-849f-ec70a32c59e7/container.db, /home/runner/work/ozone/ozone/hadoop-ozone/integration-test/target/test-dir/MiniOzoneClusterImpl-82bdab22-5801-416e-a4bc-b8f6b9675fef/datanode-3/data-0/containers/hdds/82bdab22-5801-416e-a4bc-b8f6b9675fef/DS-37a505c6-7ada-454c-bde7-3d93f349e038/container.db]
2023-09-28 12:57:18,902 [ForkJoinPool.commonPool-worker-0] INFO  utils.DatanodeStoreCache (DatanodeStoreCache.java:removeDB(104)) - Removed db /home/runner/work/ozone/ozone/hadoop-ozone/integration-test/target/test-dir/MiniOzoneClusterImpl-82bdab22-5801-416e-a4bc-b8f6b9675fef/datanode-1/data-0/containers/hdds/82bdab22-5801-416e-a4bc-b8f6b9675fef/DS-e1e14253-6b2b-4f62-887f-6e203e8fc051/container.db from cache
2023-09-28 12:57:18,902 [ForkJoinPool.commonPool-worker-0] INFO  volume.HddsVolume (HddsVolume.java:closeDbStore(453)) - SchemaV3 db is stopped at /home/runner/work/ozone/ozone/hadoop-ozone/integration-test/target/test-dir/MiniOzoneClusterImpl-82bdab22-5801-416e-a4bc-b8f6b9675fef/datanode-1/data-0/containers/hdds/82bdab22-5801-416e-a4bc-b8f6b9675fef/DS-e1e14253-6b2b-4f62-887f-6e203e8fc051/container.db for volume DS-e1e14253-6b2b-4f62-887f-6e203e8fc051
2023-09-28 12:57:18,903 [ForkJoinPool.commonPool-worker-0] INFO  utils.BackgroundService (BackgroundService.java:shutdown(141)) - Shutting down service BlockDeletingService
2023-09-28 12:57:18,905 [ForkJoinPool.commonPool-worker-0] INFO  utils.BackgroundService (BackgroundService.java:shutdown(141)) - Shutting down service StaleRecoveringContainerScrubbingService
2023-09-28 12:57:18,908 [ForkJoinPool.commonPool-worker-0] INFO  statemachine.DatanodeStateMachine (DatanodeStateMachine.java:stopDaemon(621)) - Ozone container server stopped.
2023-09-28 12:57:18,920 [ForkJoinPool.commonPool-worker-0] INFO  handler.ContextHandler (ContextHandler.java:doStop(1159)) - Stopped o.e.j.w.WebAppContext@505d75db{hddsDatanode,/,null,STOPPED}{jar:file:/home/runner/.m2/repository/org/apache/ozone/hdds-container-service/1.4.0-SNAPSHOT/hdds-container-service-1.4.0-SNAPSHOT.jar!/webapps/hddsDatanode}
2023-09-28 12:57:18,921 [ForkJoinPool.commonPool-worker-0] INFO  server.AbstractConnector (AbstractConnector.java:doStop(383)) - Stopped ServerConnector@3556d066{HTTP/1.1, (http/1.1)}{0.0.0.0:15018}
2023-09-28 12:57:18,921 [ForkJoinPool.commonPool-worker-0] INFO  server.session (HouseKeeper.java:stopScavenging(149)) - node0 Stopped scavenging
2023-09-28 12:57:18,923 [main] INFO  utils.DatanodeStoreCache (DatanodeStoreCache.java:shutdownCache(110)) - Skip clearing cache in mini cluster mode. Entries left: [/home/runner/work/ozone/ozone/hadoop-ozone/integration-test/target/test-dir/MiniOzoneClusterImpl-82bdab22-5801-416e-a4bc-b8f6b9675fef/datanode-0/data-0/containers/hdds/82bdab22-5801-416e-a4bc-b8f6b9675fef/DS-f3260816-55ba-469e-959d-9ce187fc060b/container.db, /home/runner/work/ozone/ozone/hadoop-ozone/integration-test/target/test-dir/MiniOzoneClusterImpl-82bdab22-5801-416e-a4bc-b8f6b9675fef/datanode-2/data-0/containers/hdds/82bdab22-5801-416e-a4bc-b8f6b9675fef/DS-28902195-902f-4b25-849f-ec70a32c59e7/container.db, /home/runner/work/ozone/ozone/hadoop-ozone/integration-test/target/test-dir/MiniOzoneClusterImpl-82bdab22-5801-416e-a4bc-b8f6b9675fef/datanode-3/data-0/containers/hdds/82bdab22-5801-416e-a4bc-b8f6b9675fef/DS-37a505c6-7ada-454c-bde7-3d93f349e038/container.db]
2023-09-28 12:57:18,924 [ForkJoinPool.commonPool-worker-0] INFO  handler.ContextHandler (ContextHandler.java:doStop(1159)) - Stopped o.e.j.s.ServletContextHandler@2052a51b{static,/static,jar:file:/home/runner/.m2/repository/org/apache/ozone/hdds-container-service/1.4.0-SNAPSHOT/hdds-container-service-1.4.0-SNAPSHOT.jar!/webapps/static,STOPPED}
2023-09-28 12:57:18,925 [main] INFO  utils.DatanodeStoreCache (DatanodeStoreCache.java:removeDB(104)) - Removed db /home/runner/work/ozone/ozone/hadoop-ozone/integration-test/target/test-dir/MiniOzoneClusterImpl-82bdab22-5801-416e-a4bc-b8f6b9675fef/datanode-2/data-0/containers/hdds/82bdab22-5801-416e-a4bc-b8f6b9675fef/DS-28902195-902f-4b25-849f-ec70a32c59e7/container.db from cache
2023-09-28 12:57:18,925 [main] INFO  volume.HddsVolume (HddsVolume.java:closeDbStore(453)) - SchemaV3 db is stopped at /home/runner/work/ozone/ozone/hadoop-ozone/integration-test/target/test-dir/MiniOzoneClusterImpl-82bdab22-5801-416e-a4bc-b8f6b9675fef/datanode-2/data-0/containers/hdds/82bdab22-5801-416e-a4bc-b8f6b9675fef/DS-28902195-902f-4b25-849f-ec70a32c59e7/container.db for volume DS-28902195-902f-4b25-849f-ec70a32c59e7
2023-09-28 12:57:18,925 [main] INFO  utils.BackgroundService (BackgroundService.java:shutdown(141)) - Shutting down service BlockDeletingService
2023-09-28 12:57:18,926 [main] INFO  utils.BackgroundService (BackgroundService.java:shutdown(141)) - Shutting down service StaleRecoveringContainerScrubbingService
2023-09-28 12:57:18,927 [ForkJoinPool.commonPool-worker-0] INFO  handler.ContextHandler (ContextHandler.java:doStop(1159)) - Stopped o.e.j.s.ServletContextHandler@7fb9c7bc{logs,/logs,file:///home/runner/work/ozone/ozone/hadoop-ozone/integration-test/target/log,STOPPED}
2023-09-28 12:57:18,928 [main] INFO  statemachine.DatanodeStateMachine (DatanodeStateMachine.java:stopDaemon(621)) - Ozone container server stopped.
2023-09-28 12:57:18,928 [ForkJoinPool.commonPool-worker-0] INFO  ozone.HddsDatanodeClientProtocolServer (HddsDatanodeClientProtocolServer.java:stop(78)) - Stopping the RPC server for Client Protocol
2023-09-28 12:57:18,934 [ForkJoinPool.commonPool-worker-0] INFO  ipc.Server (Server.java:stop(3523)) - Stopping server on 15019
2023-09-28 12:57:18,935 [IPC Server listener on 15019] INFO  ipc.Server (Server.java:run(1434)) - Stopping IPC Server listener on 15019
2023-09-28 12:57:18,936 [IPC Server Responder] INFO  ipc.Server (Server.java:run(1567)) - Stopping IPC Server Responder
2023-09-28 12:57:18,947 [main] INFO  handler.ContextHandler (ContextHandler.java:doStop(1159)) - Stopped o.e.j.w.WebAppContext@234bf75d{hddsDatanode,/,null,STOPPED}{jar:file:/home/runner/.m2/repository/org/apache/ozone/hdds-container-service/1.4.0-SNAPSHOT/hdds-container-service-1.4.0-SNAPSHOT.jar!/webapps/hddsDatanode}
2023-09-28 12:57:18,948 [main] INFO  server.AbstractConnector (AbstractConnector.java:doStop(383)) - Stopped ServerConnector@57adb6ee{HTTP/1.1, (http/1.1)}{0.0.0.0:15027}
2023-09-28 12:57:18,948 [main] INFO  server.session (HouseKeeper.java:stopScavenging(149)) - node0 Stopped scavenging
2023-09-28 12:57:18,949 [main] INFO  handler.ContextHandler (ContextHandler.java:doStop(1159)) - Stopped o.e.j.s.ServletContextHandler@400d6151{static,/static,jar:file:/home/runner/.m2/repository/org/apache/ozone/hdds-container-service/1.4.0-SNAPSHOT/hdds-container-service-1.4.0-SNAPSHOT.jar!/webapps/static,STOPPED}
2023-09-28 12:57:18,949 [main] INFO  handler.ContextHandler (ContextHandler.java:doStop(1159)) - Stopped o.e.j.s.ServletContextHandler@128d5ec8{logs,/logs,file:///home/runner/work/ozone/ozone/hadoop-ozone/integration-test/target/log,STOPPED}
2023-09-28 12:57:18,951 [main] INFO  ozone.HddsDatanodeClientProtocolServer (HddsDatanodeClientProtocolServer.java:stop(78)) - Stopping the RPC server for Client Protocol
2023-09-28 12:57:18,951 [main] INFO  ipc.Server (Server.java:stop(3523)) - Stopping server on 15028
2023-09-28 12:57:18,952 [IPC Server Responder] INFO  ipc.Server (Server.java:run(1567)) - Stopping IPC Server Responder
2023-09-28 12:57:18,953 [IPC Server listener on 15028] INFO  ipc.Server (Server.java:run(1434)) - Stopping IPC Server listener on 15028
2023-09-28 12:57:19,215 [ForkJoinPool.commonPool-worker-3] INFO  utils.DatanodeStoreCache (DatanodeStoreCache.java:shutdownCache(110)) - Skip clearing cache in mini cluster mode. Entries left: [/home/runner/work/ozone/ozone/hadoop-ozone/integration-test/target/test-dir/MiniOzoneClusterImpl-82bdab22-5801-416e-a4bc-b8f6b9675fef/datanode-0/data-0/containers/hdds/82bdab22-5801-416e-a4bc-b8f6b9675fef/DS-f3260816-55ba-469e-959d-9ce187fc060b/container.db, /home/runner/work/ozone/ozone/hadoop-ozone/integration-test/target/test-dir/MiniOzoneClusterImpl-82bdab22-5801-416e-a4bc-b8f6b9675fef/datanode-3/data-0/containers/hdds/82bdab22-5801-416e-a4bc-b8f6b9675fef/DS-37a505c6-7ada-454c-bde7-3d93f349e038/container.db]
2023-09-28 12:57:19,215 [ForkJoinPool.commonPool-worker-1] INFO  utils.DatanodeStoreCache (DatanodeStoreCache.java:shutdownCache(110)) - Skip clearing cache in mini cluster mode. Entries left: [/home/runner/work/ozone/ozone/hadoop-ozone/integration-test/target/test-dir/MiniOzoneClusterImpl-82bdab22-5801-416e-a4bc-b8f6b9675fef/datanode-0/data-0/containers/hdds/82bdab22-5801-416e-a4bc-b8f6b9675fef/DS-f3260816-55ba-469e-959d-9ce187fc060b/container.db, /home/runner/work/ozone/ozone/hadoop-ozone/integration-test/target/test-dir/MiniOzoneClusterImpl-82bdab22-5801-416e-a4bc-b8f6b9675fef/datanode-3/data-0/containers/hdds/82bdab22-5801-416e-a4bc-b8f6b9675fef/DS-37a505c6-7ada-454c-bde7-3d93f349e038/container.db]
2023-09-28 12:57:19,224 [ForkJoinPool.commonPool-worker-1] INFO  utils.DatanodeStoreCache (DatanodeStoreCache.java:removeDB(104)) - Removed db /home/runner/work/ozone/ozone/hadoop-ozone/integration-test/target/test-dir/MiniOzoneClusterImpl-82bdab22-5801-416e-a4bc-b8f6b9675fef/datanode-0/data-0/containers/hdds/82bdab22-5801-416e-a4bc-b8f6b9675fef/DS-f3260816-55ba-469e-959d-9ce187fc060b/container.db from cache
2023-09-28 12:57:19,224 [ForkJoinPool.commonPool-worker-1] INFO  volume.HddsVolume (HddsVolume.java:closeDbStore(453)) - SchemaV3 db is stopped at /home/runner/work/ozone/ozone/hadoop-ozone/integration-test/target/test-dir/MiniOzoneClusterImpl-82bdab22-5801-416e-a4bc-b8f6b9675fef/datanode-0/data-0/containers/hdds/82bdab22-5801-416e-a4bc-b8f6b9675fef/DS-f3260816-55ba-469e-959d-9ce187fc060b/container.db for volume DS-f3260816-55ba-469e-959d-9ce187fc060b
2023-09-28 12:57:19,225 [ForkJoinPool.commonPool-worker-3] INFO  utils.DatanodeStoreCache (DatanodeStoreCache.java:removeDB(104)) - Removed db /home/runner/work/ozone/ozone/hadoop-ozone/integration-test/target/test-dir/MiniOzoneClusterImpl-82bdab22-5801-416e-a4bc-b8f6b9675fef/datanode-3/data-0/containers/hdds/82bdab22-5801-416e-a4bc-b8f6b9675fef/DS-37a505c6-7ada-454c-bde7-3d93f349e038/container.db from cache
2023-09-28 12:57:19,225 [ForkJoinPool.commonPool-worker-1] INFO  utils.BackgroundService (BackgroundService.java:shutdown(141)) - Shutting down service BlockDeletingService
2023-09-28 12:57:19,225 [ForkJoinPool.commonPool-worker-3] INFO  volume.HddsVolume (HddsVolume.java:closeDbStore(453)) - SchemaV3 db is stopped at /home/runner/work/ozone/ozone/hadoop-ozone/integration-test/target/test-dir/MiniOzoneClusterImpl-82bdab22-5801-416e-a4bc-b8f6b9675fef/datanode-3/data-0/containers/hdds/82bdab22-5801-416e-a4bc-b8f6b9675fef/DS-37a505c6-7ada-454c-bde7-3d93f349e038/container.db for volume DS-37a505c6-7ada-454c-bde7-3d93f349e038
2023-09-28 12:57:19,227 [ForkJoinPool.commonPool-worker-1] INFO  utils.BackgroundService (BackgroundService.java:shutdown(141)) - Shutting down service StaleRecoveringContainerScrubbingService
2023-09-28 12:57:19,228 [ForkJoinPool.commonPool-worker-3] INFO  utils.BackgroundService (BackgroundService.java:shutdown(141)) - Shutting down service BlockDeletingService
2023-09-28 12:57:19,229 [ForkJoinPool.commonPool-worker-3] INFO  utils.BackgroundService (BackgroundService.java:shutdown(141)) - Shutting down service StaleRecoveringContainerScrubbingService
2023-09-28 12:57:19,231 [ForkJoinPool.commonPool-worker-1] INFO  statemachine.DatanodeStateMachine (DatanodeStateMachine.java:stopDaemon(621)) - Ozone container server stopped.
2023-09-28 12:57:19,231 [ForkJoinPool.commonPool-worker-3] INFO  statemachine.DatanodeStateMachine (DatanodeStateMachine.java:stopDaemon(621)) - Ozone container server stopped.
2023-09-28 12:57:19,256 [ForkJoinPool.commonPool-worker-1] INFO  handler.ContextHandler (ContextHandler.java:doStop(1159)) - Stopped o.e.j.w.WebAppContext@3abbffd9{hddsDatanode,/,null,STOPPED}{jar:file:/home/runner/.m2/repository/org/apache/ozone/hdds-container-service/1.4.0-SNAPSHOT/hdds-container-service-1.4.0-SNAPSHOT.jar!/webapps/hddsDatanode}
2023-09-28 12:57:19,261 [ForkJoinPool.commonPool-worker-1] INFO  server.AbstractConnector (AbstractConnector.java:doStop(383)) - Stopped ServerConnector@54f0372a{HTTP/1.1, (http/1.1)}{0.0.0.0:15009}
2023-09-28 12:57:19,261 [ForkJoinPool.commonPool-worker-1] INFO  server.session (HouseKeeper.java:stopScavenging(149)) - node0 Stopped scavenging
2023-09-28 12:57:19,262 [ForkJoinPool.commonPool-worker-1] INFO  handler.ContextHandler (ContextHandler.java:doStop(1159)) - Stopped o.e.j.s.ServletContextHandler@50770e90{static,/static,jar:file:/home/runner/.m2/repository/org/apache/ozone/hdds-container-service/1.4.0-SNAPSHOT/hdds-container-service-1.4.0-SNAPSHOT.jar!/webapps/static,STOPPED}
2023-09-28 12:57:19,263 [ForkJoinPool.commonPool-worker-1] INFO  handler.ContextHandler (ContextHandler.java:doStop(1159)) - Stopped o.e.j.s.ServletContextHandler@6adaccf5{logs,/logs,file:///home/runner/work/ozone/ozone/hadoop-ozone/integration-test/target/log,STOPPED}
2023-09-28 12:57:19,264 [ForkJoinPool.commonPool-worker-3] INFO  handler.ContextHandler (ContextHandler.java:doStop(1159)) - Stopped o.e.j.w.WebAppContext@6e318ee8{hddsDatanode,/,null,STOPPED}{jar:file:/home/runner/.m2/repository/org/apache/ozone/hdds-container-service/1.4.0-SNAPSHOT/hdds-container-service-1.4.0-SNAPSHOT.jar!/webapps/hddsDatanode}
2023-09-28 12:57:19,264 [ForkJoinPool.commonPool-worker-3] INFO  server.AbstractConnector (AbstractConnector.java:doStop(383)) - Stopped ServerConnector@500469b0{HTTP/1.1, (http/1.1)}{0.0.0.0:15036}
2023-09-28 12:57:19,265 [ForkJoinPool.commonPool-worker-3] INFO  server.session (HouseKeeper.java:stopScavenging(149)) - node0 Stopped scavenging
2023-09-28 12:57:19,265 [ForkJoinPool.commonPool-worker-3] INFO  handler.ContextHandler (ContextHandler.java:doStop(1159)) - Stopped o.e.j.s.ServletContextHandler@48d60c2d{static,/static,jar:file:/home/runner/.m2/repository/org/apache/ozone/hdds-container-service/1.4.0-SNAPSHOT/hdds-container-service-1.4.0-SNAPSHOT.jar!/webapps/static,STOPPED}
2023-09-28 12:57:19,266 [ForkJoinPool.commonPool-worker-3] INFO  handler.ContextHandler (ContextHandler.java:doStop(1159)) - Stopped o.e.j.s.ServletContextHandler@27f3f223{logs,/logs,file:///home/runner/work/ozone/ozone/hadoop-ozone/integration-test/target/log,STOPPED}
2023-09-28 12:57:19,267 [ForkJoinPool.commonPool-worker-3] INFO  ozone.HddsDatanodeClientProtocolServer (HddsDatanodeClientProtocolServer.java:stop(78)) - Stopping the RPC server for Client Protocol
2023-09-28 12:57:19,267 [ForkJoinPool.commonPool-worker-3] INFO  ipc.Server (Server.java:stop(3523)) - Stopping server on 15037
2023-09-28 12:57:19,267 [ForkJoinPool.commonPool-worker-1] INFO  ozone.HddsDatanodeClientProtocolServer (HddsDatanodeClientProtocolServer.java:stop(78)) - Stopping the RPC server for Client Protocol
2023-09-28 12:57:19,268 [ForkJoinPool.commonPool-worker-1] INFO  ipc.Server (Server.java:stop(3523)) - Stopping server on 15010
2023-09-28 12:57:19,269 [IPC Server listener on 15037] INFO  ipc.Server (Server.java:run(1434)) - Stopping IPC Server listener on 15037
2023-09-28 12:57:19,270 [IPC Server Responder] INFO  ipc.Server (Server.java:run(1567)) - Stopping IPC Server Responder
2023-09-28 12:57:19,271 [IPC Server listener on 15010] INFO  ipc.Server (Server.java:run(1434)) - Stopping IPC Server listener on 15010
2023-09-28 12:57:19,271 [IPC Server Responder] INFO  ipc.Server (Server.java:run(1567)) - Stopping IPC Server Responder
2023-09-28 12:57:19,272 [main] INFO  ozone.MiniOzoneClusterImpl (MiniOzoneClusterImpl.java:stopSCM(548)) - Stopping the StorageContainerManager
2023-09-28 12:57:19,273 [main] INFO  server.StorageContainerManager (StorageContainerManager.java:stop(1591)) - Container Balancer is not running.
2023-09-28 12:57:19,273 [main] INFO  server.StorageContainerManager (StorageContainerManager.java:stopReplicationManager(1724)) - Stopping Replication Manager Service.
2023-09-28 12:57:19,273 [main] INFO  replication.ReplicationManager (ReplicationManager.java:stop(323)) - Stopping Replication Monitor Thread.
2023-09-28 12:57:19,273 [Over Replicated Processor] WARN  replication.UnhealthyReplicationProcessor (UnhealthyReplicationProcessor.java:run(180)) - Over Replicated Processor interrupted. Exiting...
2023-09-28 12:57:19,273 [Under Replicated Processor] WARN  replication.UnhealthyReplicationProcessor (UnhealthyReplicationProcessor.java:run(180)) - Under Replicated Processor interrupted. Exiting...
2023-09-28 12:57:19,274 [main] INFO  server.StorageContainerManager (StorageContainerManager.java:stop(1600)) - Stopping the Datanode Admin Monitor.
2023-09-28 12:57:19,274 [ReplicationMonitor] INFO  replication.ReplicationManager (ReplicationManager.java:run(921)) - Replication Monitor Thread is stopped
2023-09-28 12:57:19,274 [main] INFO  server.StorageContainerManager (StorageContainerManager.java:stop(1607)) - Stopping datanode service RPC server
2023-09-28 12:57:19,274 [main] INFO  server.SCMDatanodeProtocolServer (SCMDatanodeProtocolServer.java:stop(424)) - Stopping the RPC server for DataNodes
2023-09-28 12:57:19,275 [main] INFO  ipc.Server (Server.java:stop(3523)) - Stopping server on 15002
2023-09-28 12:57:19,277 [IPC Server listener on 15002] INFO  ipc.Server (Server.java:run(1434)) - Stopping IPC Server listener on 15002
2023-09-28 12:57:19,280 [IPC Server Responder] INFO  ipc.Server (Server.java:run(1567)) - Stopping IPC Server Responder
2023-09-28 12:57:19,339 [SCM Heartbeat Processing Thread - 0] WARN  node.NodeStateManager (NodeStateManager.java:scheduleNextHealthCheck(874)) - Current Thread is interrupted, shutting down HB processing thread for Node Manager.
2023-09-28 12:57:19,339 [main] INFO  server.StorageContainerManager (StorageContainerManager.java:stop(1615)) - Stopping block service RPC server
2023-09-28 12:57:19,340 [main] INFO  server.SCMBlockProtocolServer (SCMBlockProtocolServer.java:stop(163)) - Stopping the RPC server for Block Protocol
2023-09-28 12:57:19,340 [main] INFO  ipc.Server (Server.java:stop(3523)) - Stopping server on 15001
2023-09-28 12:57:19,342 [IPC Server listener on 15001] INFO  ipc.Server (Server.java:run(1434)) - Stopping IPC Server listener on 15001
2023-09-28 12:57:19,343 [IPC Server Responder] INFO  ipc.Server (Server.java:run(1567)) - Stopping IPC Server Responder
2023-09-28 12:57:19,343 [main] INFO  server.StorageContainerManager (StorageContainerManager.java:stop(1622)) - Stopping the StorageContainerLocationProtocol RPC server
2023-09-28 12:57:19,344 [main] INFO  server.SCMClientProtocolServer (SCMClientProtocolServer.java:stop(210)) - Stopping the RPC server for Client Protocol
2023-09-28 12:57:19,344 [main] INFO  ipc.Server (Server.java:stop(3523)) - Stopping server on 15000
2023-09-28 12:57:19,346 [IPC Server listener on 15000] INFO  ipc.Server (Server.java:run(1434)) - Stopping IPC Server listener on 15000
2023-09-28 12:57:19,346 [IPC Server Responder] INFO  ipc.Server (Server.java:run(1567)) - Stopping IPC Server Responder
2023-09-28 12:57:19,347 [main] INFO  server.StorageContainerManager (StorageContainerManager.java:stop(1629)) - Stopping Storage Container Manager HTTP server.
2023-09-28 12:57:19,348 [main] INFO  handler.ContextHandler (ContextHandler.java:doStop(1159)) - Stopped o.e.j.w.WebAppContext@dc6a186{scm,/,null,STOPPED}{file:/home/runner/work/ozone/ozone/hadoop-ozone/integration-test/target/test-classes/webapps/scm}
2023-09-28 12:57:19,348 [main] INFO  server.AbstractConnector (AbstractConnector.java:doStop(383)) - Stopped ServerConnector@699fe19f{HTTP/1.1, (http/1.1)}{0.0.0.0:15003}
2023-09-28 12:57:19,348 [main] INFO  server.session (HouseKeeper.java:stopScavenging(149)) - node0 Stopped scavenging
2023-09-28 12:57:19,349 [main] INFO  handler.ContextHandler (ContextHandler.java:doStop(1159)) - Stopped o.e.j.s.ServletContextHandler@68bef3df{static,/static,file:///home/runner/work/ozone/ozone/hadoop-ozone/integration-test/target/test-classes/webapps/static,STOPPED}
2023-09-28 12:57:19,349 [main] INFO  handler.ContextHandler (ContextHandler.java:doStop(1159)) - Stopped o.e.j.s.ServletContextHandler@5379488c{logs,/logs,file:///home/runner/work/ozone/ozone/hadoop-ozone/integration-test/target/log,STOPPED}
2023-09-28 12:57:19,350 [main] INFO  server.StorageContainerManager (StorageContainerManager.java:stop(1637)) - Stopping SCM LayoutVersionManager Service.
2023-09-28 12:57:19,350 [main] INFO  server.StorageContainerManager (StorageContainerManager.java:stop(1649)) - Stopping Block Manager Service.
2023-09-28 12:57:19,350 [main] INFO  utils.BackgroundService (BackgroundService.java:shutdown(141)) - Shutting down service SCMBlockDeletingService
2023-09-28 12:57:19,357 [main] INFO  utils.BackgroundService (BackgroundService.java:shutdown(141)) - Shutting down service SCMBlockDeletingService
2023-09-28 12:57:19,357 [main] INFO  server.StorageContainerManager (StorageContainerManager.java:stop(1669)) - Stopping SCM Event Queue.
2023-09-28 12:57:19,360 [JvmPauseMonitor0] INFO  util.JvmPauseMonitor (JvmPauseMonitor.java:run(109)) - JvmPauseMonitor-f11bb615-1ab9-4242-929e-9f3cf07e4428: Stopped
2023-09-28 12:57:19,360 [main] INFO  server.StorageContainerManager (StorageContainerManager.java:stop(1680)) - Stopping SCM HA services.
2023-09-28 12:57:19,360 [main] INFO  pipeline.BackgroundPipelineCreator (BackgroundPipelineCreator.java:stop(149)) - Stopping RatisPipelineUtilsThread.
2023-09-28 12:57:19,361 [RatisPipelineUtilsThread - 0] WARN  pipeline.BackgroundPipelineCreator (BackgroundPipelineCreator.java:run(180)) - RatisPipelineUtilsThread is interrupted.
2023-09-28 12:57:19,361 [main] INFO  BackgroundPipelineScrubber (BackgroundSCMService.java:stop(131)) - Stopping BackgroundPipelineScrubber Service.
2023-09-28 12:57:19,361 [BackgroundPipelineScrubberThread] WARN  BackgroundPipelineScrubber (BackgroundSCMService.java:run(115)) - BackgroundPipelineScrubber is interrupted, exit
2023-09-28 12:57:19,362 [main] INFO  impl.MetricsSystemImpl (MetricsSystemImpl.java:stop(210)) - Stopping XceiverClientMetrics metrics system...
2023-09-28 12:57:19,369 [prometheus] INFO  impl.MetricsSinkAdapter (MetricsSinkAdapter.java:publishMetricsFromQueue(141)) - prometheus thread interrupted.
2023-09-28 12:57:19,370 [main] INFO  impl.MetricsSystemImpl (MetricsSystemImpl.java:stop(216)) - XceiverClientMetrics metrics system stopped.
2023-09-28 12:57:19,371 [main] WARN  pipeline.BackgroundPipelineCreator (BackgroundPipelineCreator.java:stop(145)) - RatisPipelineUtilsThread is not running, just ignore.
2023-09-28 12:57:19,372 [main] INFO  BackgroundPipelineScrubber (BackgroundSCMService.java:stop(126)) - BackgroundPipelineScrubber Service is not running, skip stop.
2023-09-28 12:57:19,372 [main] INFO  ExpiredContainerReplicaOpScrubber (BackgroundSCMService.java:stop(131)) - Stopping ExpiredContainerReplicaOpScrubber Service.
2023-09-28 12:57:19,372 [ExpiredContainerReplicaOpScrubberThread] WARN  ExpiredContainerReplicaOpScrubber (BackgroundSCMService.java:run(115)) - ExpiredContainerReplicaOpScrubber is interrupted, exit
2023-09-28 12:57:19,372 [main] INFO  utils.BackgroundService (BackgroundService.java:shutdown(141)) - Shutting down service SCMBlockDeletingService
2023-09-28 12:57:19,373 [main] INFO  replication.ReplicationManager (ReplicationManager.java:stop(333)) - Replication Monitor Thread is not running.
2023-09-28 12:57:19,373 [main] WARN  balancer.ContainerBalancer (ContainerBalancer.java:stop(326)) - Cannot stop Container Balancer because it's not running or stopping
2023-09-28 12:57:19,373 [Lease Manager-LeaseManager#LeaseMonitor] WARN  lease.LeaseManager (LeaseManager.java:run(287)) - Lease manager is interrupted. Shutting down...
java.lang.InterruptedException
	at java.util.concurrent.locks.AbstractQueuedSynchronizer.doAcquireSharedNanos(AbstractQueuedSynchronizer.java:1039)
	at java.util.concurrent.locks.AbstractQueuedSynchronizer.tryAcquireSharedNanos(AbstractQueuedSynchronizer.java:1328)
	at java.util.concurrent.Semaphore.tryAcquire(Semaphore.java:409)
	at org.apache.hadoop.ozone.lease.LeaseManager$LeaseMonitor.run(LeaseManager.java:285)
	at java.lang.Thread.run(Thread.java:750)
2023-09-28 12:57:19,374 [main] INFO  server.StorageContainerManager (StorageContainerManager.java:stop(1715)) - Stopping SCM MetadataStore.
2023-09-28 12:57:19,441 [main] INFO  db.CodecTestUtil (CodecTestUtil.java:gc(47)) - gc 0
2023-09-28 12:57:20,155 [main] WARN  server.ServerUtils (ServerUtils.java:getScmDbDir(155)) - ozone.scm.db.dirs is not configured. We recommend adding this setting. Falling back to ozone.metadata.dirs instead.
2023-09-28 12:57:20,161 [main] WARN  server.ServerUtils (ServerUtils.java:getScmDbDir(155)) - ozone.scm.db.dirs is not configured. We recommend adding this setting. Falling back to ozone.metadata.dirs instead.
2023-09-28 12:57:20,162 [main] INFO  ha.SCMHANodeDetails (SCMHANodeDetails.java:loadSCMHAConfig(210)) - ServiceID for StorageContainerManager is null
2023-09-28 12:57:20,163 [main] INFO  ha.SCMHANodeDetails (SCMHANodeDetails.java:loadSCMHAConfig(215)) - ozone.scm.default.service.id is not defined, falling back to ozone.scm.service.ids to find serviceID for StorageContainerManager if it is HA enabled cluster
2023-09-28 12:57:20,164 [main] WARN  utils.HAUtils (HAUtils.java:getMetaDir(339)) - ozone.scm.db.dirs is not configured. We recommend adding this setting. Falling back to ozone.metadata.dirs instead.
2023-09-28 12:57:20,164 [main] WARN  db.DBStoreBuilder (DBStoreBuilder.java:applyDBDefinition(166)) - ozone.scm.db.dirs is not configured. We recommend adding this setting. Falling back to ozone.metadata.dirs instead.
2023-09-28 12:57:20,297 [main] INFO  net.NodeSchemaLoader (NodeSchemaLoader.java:loadSchemaFromFile(129)) - Loading schema from [jar:file:/home/runner/.m2/repository/org/apache/ozone/hdds-common/1.4.0-SNAPSHOT/hdds-common-1.4.0-SNAPSHOT.jar!/network-topology-default.xml]
2023-09-28 12:57:20,297 [main] INFO  net.NodeSchemaLoader (NodeSchemaLoader.java:loadSchema(176)) - Loading network topology layer schema file
2023-09-28 12:57:20,301 [main] INFO  upgrade.AbstractLayoutVersionManager (AbstractLayoutVersionManager.java:init(83)) - Initializing Layout version manager with metadata layout = HADOOP_PRC_PORTS_IN_DATANODEDETAILS (version = 7), software layout = HADOOP_PRC_PORTS_IN_DATANODEDETAILS (version = 7)
2023-09-28 12:57:20,303 [main] INFO  ha.SequenceIdGenerator (SequenceIdGenerator.java:upgradeToSequenceId(365)) - upgrade localId to 111677748019200000
2023-09-28 12:57:20,304 [main] INFO  ha.SequenceIdGenerator (SequenceIdGenerator.java:upgradeToSequenceId(375)) - upgrade delTxnId to 0
2023-09-28 12:57:20,304 [main] INFO  ha.SequenceIdGenerator (SequenceIdGenerator.java:upgradeToSequenceId(392)) - upgrade containerId to 0
2023-09-28 12:57:20,305 [main] INFO  ha.SequenceIdGenerator (SequenceIdGenerator.java:upgradeToSequenceId(428)) - upgrade rootCertificateId to 1
2023-09-28 12:57:20,305 [main] INFO  ha.SequenceIdGenerator (SequenceIdGenerator.java:<init>(236)) - Init the HA SequenceIdGenerator.
2023-09-28 12:57:20,306 [main] WARN  server.ServerUtils (ServerUtils.java:sanitizeUserArgs(80)) - ozone.scm.stale.node.interval value = 300000 is larger than max = 100000 based on the key value of ozone.scm.heartbeat.thread.interval, reset to the max value 100000.
2023-09-28 12:57:20,306 [main] WARN  server.ServerUtils (ServerUtils.java:sanitizeUserArgs(80)) - ozone.scm.stale.node.interval value = 300000 is larger than max = 100000 based on the key value of ozone.scm.heartbeat.thread.interval, reset to the max value 100000.
2023-09-28 12:57:20,306 [main] INFO  node.SCMNodeManager (SCMNodeManager.java:<init>(157)) - Entering startup safe mode.
2023-09-28 12:57:20,307 [main] INFO  algorithms.ContainerPlacementPolicyFactory (ContainerPlacementPolicyFactory.java:getPolicyInternal(86)) - Create container placement policy of type org.apache.hadoop.hdds.scm.container.placement.algorithms.SCMContainerPlacementRackAware
2023-09-28 12:57:20,308 [main] INFO  algorithms.ContainerPlacementPolicyFactory (ContainerPlacementPolicyFactory.java:getPolicyInternal(86)) - Create container placement policy of type org.apache.hadoop.hdds.scm.container.placement.algorithms.SCMContainerPlacementRackScatter
2023-09-28 12:57:20,308 [main] INFO  pipeline.PipelineStateManagerImpl (PipelineStateManagerImpl.java:initialize(78)) - No pipeline exists in current db
2023-09-28 12:57:20,308 [main] INFO  algorithms.LeaderChoosePolicyFactory (LeaderChoosePolicyFactory.java:getPolicy(57)) - Create leader choose policy of type org.apache.hadoop.hdds.scm.pipeline.leader.choose.algorithms.MinLeaderCountChoosePolicy
2023-09-28 12:57:20,308 [main] INFO  algorithms.ContainerPlacementPolicyFactory (ContainerPlacementPolicyFactory.java:getPolicyInternal(86)) - Create container placement policy of type org.apache.hadoop.hdds.scm.container.placement.algorithms.SCMContainerPlacementRackScatter
2023-09-28 12:57:20,309 [main] INFO  ha.SCMServiceManager (SCMServiceManager.java:register(42)) - Registering service BackgroundPipelineCreator.
2023-09-28 12:57:20,309 [main] INFO  pipeline.BackgroundPipelineCreator (BackgroundPipelineCreator.java:start(124)) - Starting RatisPipelineUtilsThread.
2023-09-28 12:57:20,309 [main] INFO  BackgroundPipelineScrubber (BackgroundSCMService.java:start(68)) - Starting BackgroundPipelineScrubber Service.
2023-09-28 12:57:20,310 [main] INFO  ha.SCMServiceManager (SCMServiceManager.java:register(42)) - Registering service BackgroundPipelineScrubber.
2023-09-28 12:57:20,310 [main] INFO  ExpiredContainerReplicaOpScrubber (BackgroundSCMService.java:start(68)) - Starting ExpiredContainerReplicaOpScrubber Service.
2023-09-28 12:57:20,310 [main] INFO  ha.SCMServiceManager (SCMServiceManager.java:register(42)) - Registering service ExpiredContainerReplicaOpScrubber.
2023-09-28 12:57:20,311 [main] INFO  algorithms.PipelineChoosePolicyFactory (PipelineChoosePolicyFactory.java:createPipelineChoosePolicyFromClass(78)) - Create pipeline choose policy of type org.apache.hadoop.hdds.scm.pipeline.choose.algorithms.RandomPipelineChoosePolicy
2023-09-28 12:57:20,311 [main] INFO  algorithms.PipelineChoosePolicyFactory (PipelineChoosePolicyFactory.java:createPipelineChoosePolicyFromClass(78)) - Create pipeline choose policy of type org.apache.hadoop.hdds.scm.pipeline.choose.algorithms.RandomPipelineChoosePolicy
2023-09-28 12:57:20,312 [main] INFO  ha.SCMServiceManager (SCMServiceManager.java:register(42)) - Registering service SCMBlockDeletingService.
2023-09-28 12:57:20,313 [main] INFO  replication.ReplicationManager (ReplicationManager.java:start(291)) - Starting Replication Monitor Thread.
2023-09-28 12:57:20,316 [main] INFO  ha.SCMServiceManager (SCMServiceManager.java:register(42)) - Registering service ReplicationManager.
2023-09-28 12:57:20,316 [main] INFO  safemode.ContainerSafeModeRule (ContainerSafeModeRule.java:<init>(90)) - containers with one replica threshold count 0
2023-09-28 12:57:20,317 [main] INFO  safemode.HealthyPipelineSafeModeRule (HealthyPipelineSafeModeRule.java:initializeRule(169)) - Total pipeline count is 0, healthy pipeline threshold count is 1
2023-09-28 12:57:20,317 [main] INFO  safemode.OneReplicaPipelineSafeModeRule (OneReplicaPipelineSafeModeRule.java:initializeRule(180)) - Total pipeline count is 0, pipeline's with at least one datanode reported threshold count is 0
2023-09-28 12:57:20,318 [ReplicationMonitor] INFO  replication.ReplicationManager (ReplicationManager.java:processAll(365)) - Replication Manager is not ready to run until 3000ms after safemode exit
2023-09-28 12:57:20,318 [main] INFO  server.StorageContainerManager (StorageContainerManager.java:<init>(425)) - SCM start with adminUsers: [runner]
2023-09-28 12:57:20,318 [main] INFO  ipc.CallQueueManager (CallQueueManager.java:<init>(90)) - Using callQueue: class java.util.concurrent.LinkedBlockingQueue, queueCapacity: 2000, scheduler: class org.apache.hadoop.ipc.DefaultRpcScheduler, ipcBackoff: false.
2023-09-28 12:57:20,319 [main] INFO  ipc.Server (Server.java:<init>(1287)) - Listener at 0.0.0.0:15055
2023-09-28 12:57:20,319 [Socket Reader #1 for port 15055] INFO  ipc.Server (Server.java:run(1323)) - Starting Socket Reader #1 for port 15055
2023-09-28 12:57:20,320 [main] INFO  ipc.CallQueueManager (CallQueueManager.java:<init>(90)) - Using callQueue: class java.util.concurrent.LinkedBlockingQueue, queueCapacity: 2000, scheduler: class org.apache.hadoop.ipc.DefaultRpcScheduler, ipcBackoff: false.
2023-09-28 12:57:20,322 [main] INFO  ipc.Server (Server.java:<init>(1287)) - Listener at 0.0.0.0:15054
2023-09-28 12:57:20,323 [Socket Reader #1 for port 15054] INFO  ipc.Server (Server.java:run(1323)) - Starting Socket Reader #1 for port 15054
2023-09-28 12:57:20,325 [main] INFO  ipc.CallQueueManager (CallQueueManager.java:<init>(90)) - Using callQueue: class java.util.concurrent.LinkedBlockingQueue, queueCapacity: 2000, scheduler: class org.apache.hadoop.ipc.DefaultRpcScheduler, ipcBackoff: false.
2023-09-28 12:57:20,325 [main] INFO  ipc.Server (Server.java:<init>(1287)) - Listener at 0.0.0.0:15053
2023-09-28 12:57:20,328 [Socket Reader #1 for port 15053] INFO  ipc.Server (Server.java:run(1323)) - Starting Socket Reader #1 for port 15053
2023-09-28 12:57:20,335 [main] INFO  ha.SCMServiceManager (SCMServiceManager.java:register(42)) - Registering service ContainerBalancer.
2023-09-28 12:57:20,335 [main] INFO  server.StorageContainerManager (StorageContainerManager.java:<init>(438)) - 
Container Balancer status:
Key                            Value
Running                        false
Container Balancer Configuration values:
Key                                                Value
Threshold                                          10
Max Datanodes to Involve per Iteration(percent)    20
Max Size to Move per Iteration                     500GB
Max Size Entering Target per Iteration             26GB
Max Size Leaving Source per Iteration              26GB
Number of Iterations                               10
Time Limit for Single Container's Movement         65min
Time Limit for Single Container's Replication      50min
Interval between each Iteration                    70min
Whether to Enable Network Topology                 false
Whether to Trigger Refresh Datanode Usage Info     false
Container IDs to Exclude from Balancing            None
Datanodes Specified to be Balanced                 None
Datanodes Excluded from Balancing                  None

2023-09-28 12:57:20,336 [main] INFO  ha.SCMContext (SCMContext.java:updateSafeModeStatus(228)) - Update SafeModeStatus from SafeModeStatus{safeModeStatus=true, preCheckPassed=false} to SafeModeStatus{safeModeStatus=true, preCheckPassed=false}.
2023-09-28 12:57:20,336 [main] INFO  server.StorageContainerManager (StorageContainerManager.java:start(1483)) - StorageContainerLocationProtocol RPC server is listening at /0.0.0.0:15053
2023-09-28 12:57:20,338 [main] WARN  impl.MetricsConfig (MetricsConfig.java:loadFirst(136)) - Cannot locate configuration: tried hadoop-metrics2-storagecontainermanager.properties,hadoop-metrics2.properties
2023-09-28 12:57:20,342 [main] INFO  impl.MetricsSystemImpl (MetricsSystemImpl.java:startTimer(378)) - Scheduled Metric snapshot period at 10 second(s).
2023-09-28 12:57:20,342 [main] INFO  impl.MetricsSystemImpl (MetricsSystemImpl.java:start(191)) - StorageContainerManager metrics system started
2023-09-28 12:57:20,379 [main] INFO  impl.MetricsSinkAdapter (MetricsSinkAdapter.java:start(204)) - Sink prometheus started
2023-09-28 12:57:20,380 [main] INFO  impl.MetricsSystemImpl (MetricsSystemImpl.java:registerSink(305)) - Registered sink prometheus
2023-09-28 12:57:20,395 [main] INFO  server.SCMClientProtocolServer (SCMClientProtocolServer.java:start(201)) - RPC server for Client  is listening at /0.0.0.0:15053
2023-09-28 12:57:20,396 [IPC Server Responder] INFO  ipc.Server (Server.java:run(1562)) - IPC Server Responder: starting
2023-09-28 12:57:20,396 [IPC Server listener on 15053] INFO  ipc.Server (Server.java:run(1402)) - IPC Server listener on 15053: starting
2023-09-28 12:57:20,399 [main] INFO  server.StorageContainerManager (StorageContainerManager.java:start(1496)) - ScmBlockLocationProtocol RPC server is listening at /0.0.0.0:15054
2023-09-28 12:57:20,399 [main] INFO  server.SCMBlockProtocolServer (SCMBlockProtocolServer.java:start(154)) - RPC server for Block Protocol is listening at /0.0.0.0:15054
2023-09-28 12:57:20,400 [IPC Server Responder] INFO  ipc.Server (Server.java:run(1562)) - IPC Server Responder: starting
2023-09-28 12:57:20,400 [IPC Server listener on 15054] INFO  ipc.Server (Server.java:run(1402)) - IPC Server listener on 15054: starting
2023-09-28 12:57:20,402 [main] INFO  server.SCMDatanodeProtocolServer (SCMDatanodeProtocolServer.java:start(193)) - ScmDatanodeProtocol RPC server for DataNodes is listening at /0.0.0.0:15055
2023-09-28 12:57:20,403 [IPC Server Responder] INFO  ipc.Server (Server.java:run(1562)) - IPC Server Responder: starting
2023-09-28 12:57:20,404 [IPC Server listener on 15055] INFO  ipc.Server (Server.java:run(1402)) - IPC Server listener on 15055: starting
2023-09-28 12:57:20,413 [JvmPauseMonitor7] INFO  util.JvmPauseMonitor (JvmPauseMonitor.java:run(103)) - JvmPauseMonitor-4c2b6e9d-3a37-41fe-aaa6-d681f7001aed: Started
2023-09-28 12:57:20,415 [main] INFO  http.BaseHttpServer (BaseHttpServer.java:newHttpServer2BuilderForOzone(223)) - Starting Web-server for scm at: http://0.0.0.0:15056
2023-09-28 12:57:20,415 [main] INFO  http.BaseHttpServer (BaseHttpServer.java:<init>(110)) - Hadoop Security Enabled: false Ozone Security Enabled: false Ozone HTTP Security Enabled: false 
2023-09-28 12:57:20,417 [main] WARN  server.AuthenticationFilter (AuthenticationFilter.java:constructSecretProvider(240)) - Unable to initialize FileSignerSecretProvider, falling back to use random secrets. Reason: Could not read signature secret file: /home/runner/hadoop-http-auth-signature-secret
2023-09-28 12:57:20,418 [main] INFO  http.HttpRequestLog (HttpRequestLog.java:getRequestLog(86)) - Http request log for http.requests.scm is not defined
2023-09-28 12:57:20,420 [main] INFO  http.HttpServer2 (HttpServer2.java:addGlobalFilter(1031)) - Added global filter 'safety' (class=org.apache.hadoop.hdds.server.http.HttpServer2$QuotingInputFilter)
2023-09-28 12:57:20,421 [main] INFO  http.HttpServer2 (HttpServer2.java:addFilter(1007)) - Added filter static_user_filter (class=org.apache.hadoop.http.lib.StaticUserWebFilter$StaticUserFilter) to context scm
2023-09-28 12:57:20,421 [main] INFO  http.HttpServer2 (HttpServer2.java:addFilter(1015)) - Added filter static_user_filter (class=org.apache.hadoop.http.lib.StaticUserWebFilter$StaticUserFilter) to context logs
2023-09-28 12:57:20,421 [main] INFO  http.HttpServer2 (HttpServer2.java:addFilter(1015)) - Added filter static_user_filter (class=org.apache.hadoop.http.lib.StaticUserWebFilter$StaticUserFilter) to context static
2023-09-28 12:57:20,422 [main] INFO  http.BaseHttpServer (BaseHttpServer.java:<init>(189)) - HTTP server of scm uses base directory /home/runner/work/ozone/ozone/hadoop-ozone/integration-test/target/test-dir/MiniOzoneClusterImpl-e5738b5b-ff1d-4187-9339-882699725c5e/ozone-meta/webserver
2023-09-28 12:57:20,422 [main] INFO  http.HttpServer2 (HttpServer2.java:bindListener(1231)) - Jetty bound to port 15056
2023-09-28 12:57:20,422 [main] INFO  server.Server (Server.java:doStart(375)) - jetty-9.4.52.v20230823; built: 2023-08-23T19:29:37.669Z; git: abdcda73818a1a2c705da276edb0bf6581e7997e; jvm 1.8.0_382-b05
2023-09-28 12:57:20,425 [main] INFO  server.session (DefaultSessionIdManager.java:doStart(334)) - DefaultSessionIdManager workerName=node0
2023-09-28 12:57:20,425 [main] INFO  server.session (DefaultSessionIdManager.java:doStart(339)) - No SessionScavenger set, using defaults
2023-09-28 12:57:20,425 [main] INFO  server.session (HouseKeeper.java:startScavenging(132)) - node0 Scavenging every 600000ms
2023-09-28 12:57:20,426 [main] INFO  handler.ContextHandler (ContextHandler.java:doStart(921)) - Started o.e.j.s.ServletContextHandler@32f447f5{logs,/logs,file:///home/runner/work/ozone/ozone/hadoop-ozone/integration-test/target/log,AVAILABLE}
2023-09-28 12:57:20,429 [main] INFO  handler.ContextHandler (ContextHandler.java:doStart(921)) - Started o.e.j.s.ServletContextHandler@3bea96e2{static,/static,file:///home/runner/work/ozone/ozone/hadoop-ozone/integration-test/target/test-classes/webapps/static,AVAILABLE}
2023-09-28 12:57:20,433 [main] INFO  handler.ContextHandler (ContextHandler.java:doStart(921)) - Started o.e.j.w.WebAppContext@787bd653{scm,/,file:///home/runner/work/ozone/ozone/hadoop-ozone/integration-test/target/test-classes/webapps/scm/,AVAILABLE}{file:/home/runner/work/ozone/ozone/hadoop-ozone/integration-test/target/test-classes/webapps/scm}
2023-09-28 12:57:20,434 [main] INFO  server.AbstractConnector (AbstractConnector.java:doStart(333)) - Started ServerConnector@5818794a{HTTP/1.1, (http/1.1)}{0.0.0.0:15056}
2023-09-28 12:57:20,435 [main] INFO  server.Server (Server.java:doStart(415)) - Started @106287ms
2023-09-28 12:57:20,435 [main] WARN  impl.MetricsSystemImpl (MetricsSystemImpl.java:register(279)) - Sink prometheus already exists!
2023-09-28 12:57:20,435 [main] INFO  http.BaseHttpServer (BaseHttpServer.java:updateConnectorAddress(354)) - HTTP server of scm listening at http://0.0.0.0:15056
2023-09-28 12:57:20,437 [main] WARN  server.ServerUtils (ServerUtils.java:getDBPath(311)) - ozone.om.db.dirs is not configured. We recommend adding this setting. Falling back to ozone.metadata.dirs instead.
2023-09-28 12:57:20,441 [main] INFO  ha.OMHANodeDetails (OMHANodeDetails.java:loadOMHAConfig(115)) - ozone.om.internal.service.id is not defined, falling back to ozone.om.service.ids to find serviceID for OzoneManager if it is HA enabled cluster
2023-09-28 12:57:20,441 [main] INFO  ha.OMHANodeDetails (OMHANodeDetails.java:loadOMHAConfig(226)) - Configuration does not have ozone.om.address set. Falling back to the default OM address /127.0.0.1:15057
2023-09-28 12:57:20,441 [main] INFO  ha.OMHANodeDetails (OMHANodeDetails.java:getOMNodeDetailsForNonHA(254)) - OM Service ID is not set. Setting it to the default ID: omServiceIdDefault
2023-09-28 12:57:20,441 [main] INFO  ha.OMHANodeDetails (OMHANodeDetails.java:getOMNodeDetailsForNonHA(261)) - OM Node ID is not set. Setting it to the default ID: om1
2023-09-28 12:57:20,442 [main] WARN  server.ServerUtils (ServerUtils.java:getDBPath(311)) - ozone.om.db.dirs is not configured. We recommend adding this setting. Falling back to ozone.metadata.dirs instead.
2023-09-28 12:57:20,443 [main] INFO  upgrade.AbstractLayoutVersionManager (AbstractLayoutVersionManager.java:init(83)) - Initializing Layout version manager with metadata layout = QUOTA (version = 6), software layout = QUOTA (version = 6)
2023-09-28 12:57:20,564 [main] INFO  reflections.Reflections (Reflections.java:scan(232)) - Reflections took 119 ms to scan 2 urls, producing 188 keys and 516 values [using 2 cores]
2023-09-28 12:57:20,564 [main] INFO  upgrade.OMLayoutVersionManager (OMLayoutVersionManager.java:lambda$0(115)) - Skipping Upgrade Action MockOmUpgradeAction since it has been finalized.
2023-09-28 12:57:20,564 [main] INFO  upgrade.OMLayoutVersionManager (OMLayoutVersionManager.java:lambda$0(115)) - Skipping Upgrade Action QuotaRepairUpgradeAction since it has been finalized.
2023-09-28 12:57:20,564 [main] WARN  server.ServerUtils (ServerUtils.java:getDBPath(311)) - ozone.om.db.dirs is not configured. We recommend adding this setting. Falling back to ozone.metadata.dirs instead.
2023-09-28 12:57:20,565 [main] INFO  proxy.SCMBlockLocationFailoverProxyProvider (SCMBlockLocationFailoverProxyProvider.java:<init>(114)) - Created block location fail-over proxy with 1 nodes: [nodeId=scmNodeId,nodeAddress=/0.0.0.0:15054]
2023-09-28 12:57:20,567 [main] INFO  proxy.SCMBlockLocationFailoverProxyProvider (SCMBlockLocationFailoverProxyProvider.java:<init>(114)) - Created block location fail-over proxy with 1 nodes: [nodeId=scmNodeId,nodeAddress=/0.0.0.0:15054]
2023-09-28 12:57:20,582 [main] INFO  om.OzoneManager (OzoneManager.java:<init>(668)) - OM start with adminUsers: [runner]
2023-09-28 12:57:20,584 [main] WARN  server.ServerUtils (ServerUtils.java:getDBPath(311)) - ozone.om.db.dirs is not configured. We recommend adding this setting. Falling back to ozone.metadata.dirs instead.
2023-09-28 12:57:20,585 [main] INFO  helpers.OmKeyInfo (OmKeyInfo.java:getCodec(71)) - OmKeyInfo.getCodec ignorePipeline = true
2023-09-28 12:57:20,813 [main] INFO  om.OzoneManager (OzoneManager.java:instantiateServices(797)) - S3 Multi-Tenancy is disabled
2023-09-28 12:57:20,813 [main] INFO  om.OmSnapshotManager (OmSnapshotManager.java:<init>(174)) - Ozone filesystem snapshot feature is enabled.
2023-09-28 12:57:20,813 [main] WARN  server.ServerUtils (ServerUtils.java:getDBPath(311)) - ozone.om.snapshot.diff.db.dir is not configured. We recommend adding this setting. Falling back to ozone.metadata.dirs instead.
2023-09-28 12:57:20,840 [main] INFO  snapshot.SnapshotDiffManager (SnapshotDiffManager.java:closeExecutorService(1718)) - Shutting down executorService: 'SstDumpToolExecutor'
2023-09-28 12:57:20,842 [main] INFO  om.OzoneManager (OzoneManager.java:addS3GVolumeToDB(4324)) - Created Volume s3v With Owner runner required for S3Gateway operations.
2023-09-28 12:57:20,842 [main] INFO  om.OzoneManager (OzoneManager.java:getRpcServer(1199)) - Creating RPC Server
2023-09-28 12:57:21,439 [main] INFO  reflections.Reflections (Reflections.java:scan(232)) - Reflections took 591 ms to scan 20 urls, producing 71 keys and 6039 values [using 2 cores]
2023-09-28 12:57:21,440 [main] INFO  ipc.CallQueueManager (CallQueueManager.java:<init>(90)) - Using callQueue: class java.util.concurrent.LinkedBlockingQueue, queueCapacity: 2000, scheduler: class org.apache.hadoop.ipc.DefaultRpcScheduler, ipcBackoff: false.
2023-09-28 12:57:21,440 [main] INFO  ipc.Server (Server.java:<init>(1287)) - Listener at 127.0.0.1:15057
2023-09-28 12:57:21,445 [Socket Reader #1 for port 15057] INFO  ipc.Server (Server.java:run(1323)) - Starting Socket Reader #1 for port 15057
2023-09-28 12:57:21,484 [main] INFO  impl.MetricsSystemImpl (MetricsSystemImpl.java:init(158)) - OzoneManager metrics system started (again)
2023-09-28 12:57:21,496 [main] INFO  om.OzoneManager (OzoneManager.java:start(1636)) - OzoneManager RPC server is listening at localhost/127.0.0.1:15057
2023-09-28 12:57:21,497 [main] INFO  om.OzoneManager (OzoneManager.java:start(1652)) - Version File has different layout version (6) than OM DB (null). That is expected if this OM has never been finalized to a newer layout version.
2023-09-28 12:57:21,506 [main] INFO  http.BaseHttpServer (BaseHttpServer.java:newHttpServer2BuilderForOzone(223)) - Starting Web-server for ozoneManager at: http://0.0.0.0:15058
2023-09-28 12:57:21,506 [main] INFO  http.BaseHttpServer (BaseHttpServer.java:<init>(110)) - Hadoop Security Enabled: false Ozone Security Enabled: false Ozone HTTP Security Enabled: false 
2023-09-28 12:57:21,508 [main] WARN  server.AuthenticationFilter (AuthenticationFilter.java:constructSecretProvider(240)) - Unable to initialize FileSignerSecretProvider, falling back to use random secrets. Reason: Could not read signature secret file: /home/runner/hadoop-http-auth-signature-secret
2023-09-28 12:57:21,509 [main] INFO  http.HttpRequestLog (HttpRequestLog.java:getRequestLog(86)) - Http request log for http.requests.ozoneManager is not defined
2023-09-28 12:57:21,511 [main] INFO  http.HttpServer2 (HttpServer2.java:addGlobalFilter(1031)) - Added global filter 'safety' (class=org.apache.hadoop.hdds.server.http.HttpServer2$QuotingInputFilter)
2023-09-28 12:57:21,512 [main] INFO  http.HttpServer2 (HttpServer2.java:addFilter(1007)) - Added filter static_user_filter (class=org.apache.hadoop.http.lib.StaticUserWebFilter$StaticUserFilter) to context ozoneManager
2023-09-28 12:57:21,512 [main] INFO  http.HttpServer2 (HttpServer2.java:addFilter(1015)) - Added filter static_user_filter (class=org.apache.hadoop.http.lib.StaticUserWebFilter$StaticUserFilter) to context static
2023-09-28 12:57:21,512 [main] INFO  http.HttpServer2 (HttpServer2.java:addFilter(1015)) - Added filter static_user_filter (class=org.apache.hadoop.http.lib.StaticUserWebFilter$StaticUserFilter) to context logs
2023-09-28 12:57:21,512 [main] INFO  http.BaseHttpServer (BaseHttpServer.java:<init>(189)) - HTTP server of ozoneManager uses base directory /home/runner/work/ozone/ozone/hadoop-ozone/integration-test/target/test-dir/MiniOzoneClusterImpl-e5738b5b-ff1d-4187-9339-882699725c5e/ozone-meta/webserver
2023-09-28 12:57:21,513 [main] INFO  http.HttpServer2 (HttpServer2.java:bindListener(1231)) - Jetty bound to port 15058
2023-09-28 12:57:21,513 [main] INFO  server.Server (Server.java:doStart(375)) - jetty-9.4.52.v20230823; built: 2023-08-23T19:29:37.669Z; git: abdcda73818a1a2c705da276edb0bf6581e7997e; jvm 1.8.0_382-b05
2023-09-28 12:57:21,517 [main] INFO  server.session (DefaultSessionIdManager.java:doStart(334)) - DefaultSessionIdManager workerName=node0
2023-09-28 12:57:21,518 [main] INFO  server.session (DefaultSessionIdManager.java:doStart(339)) - No SessionScavenger set, using defaults
2023-09-28 12:57:21,518 [main] INFO  server.session (HouseKeeper.java:startScavenging(132)) - node0 Scavenging every 660000ms
2023-09-28 12:57:21,519 [main] INFO  handler.ContextHandler (ContextHandler.java:doStart(921)) - Started o.e.j.s.ServletContextHandler@7732a714{logs,/logs,file:///home/runner/work/ozone/ozone/hadoop-ozone/integration-test/target/log,AVAILABLE}
2023-09-28 12:57:21,519 [main] INFO  handler.ContextHandler (ContextHandler.java:doStart(921)) - Started o.e.j.s.ServletContextHandler@36f724e5{static,/static,file:///home/runner/work/ozone/ozone/hadoop-ozone/integration-test/target/test-classes/webapps/static,AVAILABLE}
2023-09-28 12:57:21,522 [main] INFO  handler.ContextHandler (ContextHandler.java:doStart(921)) - Started o.e.j.w.WebAppContext@4f39a53{ozoneManager,/,file:///home/runner/work/ozone/ozone/hadoop-ozone/integration-test/target/test-classes/webapps/ozoneManager/,AVAILABLE}{file:/home/runner/work/ozone/ozone/hadoop-ozone/integration-test/target/test-classes/webapps/ozoneManager}
2023-09-28 12:57:21,526 [main] INFO  server.AbstractConnector (AbstractConnector.java:doStart(333)) - Started ServerConnector@73c42d73{HTTP/1.1, (http/1.1)}{0.0.0.0:15058}
2023-09-28 12:57:21,527 [main] INFO  server.Server (Server.java:doStart(415)) - Started @107379ms
2023-09-28 12:57:21,527 [main] WARN  impl.MetricsSystemImpl (MetricsSystemImpl.java:register(279)) - Sink prometheus already exists!
2023-09-28 12:57:21,527 [main] INFO  http.BaseHttpServer (BaseHttpServer.java:updateConnectorAddress(354)) - HTTP server of ozoneManager listening at http://0.0.0.0:15058
2023-09-28 12:57:21,528 [IPC Server Responder] INFO  ipc.Server (Server.java:run(1562)) - IPC Server Responder: starting
2023-09-28 12:57:21,528 [IPC Server listener on 15057] INFO  ipc.Server (Server.java:run(1402)) - IPC Server listener on 15057: starting
2023-09-28 12:57:21,530 [main] INFO  om.TrashPolicyOzone (TrashPolicyOzone.java:<init>(281)) - Ozone Manager trash configuration: Deletion interval = 0 minutes, Emptier interval = 0 minutes.
2023-09-28 12:57:21,535 [JvmPauseMonitor8] INFO  util.JvmPauseMonitor (JvmPauseMonitor.java:run(103)) - JvmPauseMonitor-ab79eb53-3076-403f-897c-550f05cf5898: Started
2023-09-28 12:57:21,549 [main] INFO  impl.MetricsSystemImpl (MetricsSystemImpl.java:init(158)) - HddsDatanode metrics system started (again)
2023-09-28 12:57:21,565 [main] INFO  ozone.HddsDatanodeService (HddsDatanodeService.java:start(237)) - HddsDatanodeService host:fv-az163-431.ksqkok1cighebdh5ckq0wc3qdf.dx.internal.cloudapp.net ip:10.1.0.34
2023-09-28 12:57:21,599 [main] INFO  upgrade.AbstractLayoutVersionManager (AbstractLayoutVersionManager.java:init(83)) - Initializing Layout version manager with metadata layout = HADOOP_PRC_PORTS_IN_DATANODEDETAILS (version = 7), software layout = HADOOP_PRC_PORTS_IN_DATANODEDETAILS (version = 7)
2023-09-28 12:57:21,600 [main] INFO  statemachine.DatanodeStateMachine (DatanodeStateMachine.java:getEndPointTaskThreadPoolSize(283)) - Datanode State Machine Task Thread Pool size 2
2023-09-28 12:57:21,603 [main] INFO  volume.HddsVolume (HddsVolume.java:<init>(126)) - Creating HddsVolume: /home/runner/work/ozone/ozone/hadoop-ozone/integration-test/target/test-dir/MiniOzoneClusterImpl-e5738b5b-ff1d-4187-9339-882699725c5e/datanode-0/data-0/containers/hdds of storage type : DISK capacity : 9223372036854775807
2023-09-28 12:57:21,603 [main] INFO  volume.MutableVolumeSet (MutableVolumeSet.java:initializeVolumeSet(173)) - Added Volume : /home/runner/work/ozone/ozone/hadoop-ozone/integration-test/target/test-dir/MiniOzoneClusterImpl-e5738b5b-ff1d-4187-9339-882699725c5e/datanode-0/data-0/containers/hdds to VolumeSet
2023-09-28 12:57:21,606 [main] INFO  volume.MutableVolumeSet (MutableVolumeSet.java:initializeVolumeSet(173)) - Added Volume : /home/runner/work/ozone/ozone/hadoop-ozone/integration-test/target/test-dir/MiniOzoneClusterImpl-e5738b5b-ff1d-4187-9339-882699725c5e/datanode-0/data/ratis to VolumeSet
2023-09-28 12:57:21,609 [Thread-782] INFO  ozoneimpl.ContainerReader (ContainerReader.java:readVolume(177)) - Finish verifying containers on volume /home/runner/work/ozone/ozone/hadoop-ozone/integration-test/target/test-dir/MiniOzoneClusterImpl-e5738b5b-ff1d-4187-9339-882699725c5e/datanode-0/data-0/containers/hdds
2023-09-28 12:57:21,609 [main] INFO  ozoneimpl.OzoneContainer (OzoneContainer.java:buildContainerSet(314)) - Build ContainerSet costs 0s
2023-09-28 12:57:21,615 [main] INFO  server.RaftServer (ConfUtils.java:logGet(46)) - raft.rpc.type = GRPC (default)
2023-09-28 12:57:21,615 [main] INFO  grpc.GrpcConfigKeys (ConfUtils.java:logFallback(53)) - raft.grpc.admin.host = null (fallback to raft.grpc.server.host)
2023-09-28 12:57:21,616 [main] INFO  grpc.GrpcConfigKeys (ConfUtils.java:logGet(46)) - raft.grpc.admin.port = 15066 (custom)
2023-09-28 12:57:21,616 [main] INFO  grpc.GrpcConfigKeys (ConfUtils.java:logFallback(53)) - raft.grpc.client.host = null (fallback to raft.grpc.server.host)
2023-09-28 12:57:21,616 [main] INFO  grpc.GrpcConfigKeys (ConfUtils.java:logGet(46)) - raft.grpc.client.port = 15065 (custom)
2023-09-28 12:57:21,616 [main] INFO  grpc.GrpcConfigKeys (ConfUtils.java:logGet(46)) - raft.grpc.server.host = null (default)
2023-09-28 12:57:21,616 [main] INFO  grpc.GrpcConfigKeys (ConfUtils.java:logGet(46)) - raft.grpc.server.port = 15067 (custom)
2023-09-28 12:57:21,616 [main] INFO  server.GrpcService (ConfUtils.java:logGet(46)) - raft.grpc.message.size.max = 32MB (=33554432) (custom)
2023-09-28 12:57:21,616 [main] INFO  server.RaftServerConfigKeys (ConfUtils.java:logGet(46)) - raft.server.log.appender.buffer.byte-limit = 33554432 (custom)
2023-09-28 12:57:21,616 [main] INFO  server.GrpcService (ConfUtils.java:logGet(46)) - raft.grpc.flow.control.window = 5MB (=5242880) (custom)
2023-09-28 12:57:21,617 [main] INFO  server.RaftServerConfigKeys (ConfUtils.java:logGet(46)) - raft.server.rpc.request.timeout = 60s (custom)
2023-09-28 12:57:21,617 [main] INFO  grpc.GrpcConfigKeys (ConfUtils.java:logGet(46)) - raft.grpc.server.heartbeat.channel = true (default)
2023-09-28 12:57:21,617 [main] INFO  grpc.GrpcConfigKeys (ConfUtils.java:logGet(46)) - raft.grpc.server.async.request.thread.pool.cached = true (default)
2023-09-28 12:57:21,617 [main] INFO  grpc.GrpcConfigKeys (ConfUtils.java:logGet(46)) - raft.grpc.server.async.request.thread.pool.size = 32 (default)
2023-09-28 12:57:21,621 [main] INFO  impl.DataStreamServerImpl (ConfUtils.java:logGet(46)) - raft.datastream.type = NETTY (custom)
2023-09-28 12:57:21,621 [main] INFO  server.RaftServerConfigKeys (ConfUtils.java:logGet(46)) - raft.server.data-stream.async.request.thread.pool.cached = false (default)
2023-09-28 12:57:21,621 [main] INFO  server.RaftServerConfigKeys (ConfUtils.java:logGet(46)) - raft.server.data-stream.async.request.thread.pool.size = 20 (custom)
2023-09-28 12:57:21,622 [main] INFO  server.RaftServerConfigKeys (ConfUtils.java:logGet(46)) - raft.server.data-stream.async.write.thread.pool.size = 16 (default)
2023-09-28 12:57:21,622 [main] INFO  server.RaftServerConfigKeys (ConfUtils.java:logGet(46)) - raft.server.data-stream.client.pool.size = 10 (default)
2023-09-28 12:57:21,622 [main] INFO  netty.NettyConfigKeys$DataStream (ConfUtils.java:logGet(46)) - raft.netty.dataStream.server.use-epoll = false (default)
2023-09-28 12:57:21,622 [main] INFO  netty.NettyConfigKeys$DataStream (ConfUtils.java:logGet(46)) - raft.netty.dataStream.server.boss-group.size = 0 (default)
2023-09-28 12:57:21,622 [main] INFO  netty.NettyConfigKeys$DataStream (ConfUtils.java:logGet(46)) - raft.netty.dataStream.server.worker-group.size = 0 (default)
2023-09-28 12:57:21,623 [main] INFO  netty.NettyConfigKeys$DataStream (ConfUtils.java:logGet(46)) - raft.netty.dataStream.server.tls.conf = null (default)
2023-09-28 12:57:21,623 [main] INFO  netty.NettyConfigKeys$DataStream (ConfUtils.java:logGet(46)) - raft.netty.dataStream.host = null (default)
2023-09-28 12:57:21,623 [main] INFO  netty.NettyConfigKeys$DataStream (ConfUtils.java:logGet(46)) - raft.netty.dataStream.port = 15068 (custom)
2023-09-28 12:57:21,625 [main] INFO  server.RaftServerConfigKeys (ConfUtils.java:logGet(46)) - raft.server.threadpool.proxy.cached = true (default)
2023-09-28 12:57:21,625 [main] INFO  server.RaftServerConfigKeys (ConfUtils.java:logGet(46)) - raft.server.threadpool.proxy.size = 0 (default)
2023-09-28 12:57:21,625 [main] INFO  server.RaftServerConfigKeys (ConfUtils.java:logGet(46)) - raft.server.rpc.slowness.timeout = 300s (custom)
2023-09-28 12:57:21,625 [main] INFO  server.RaftServerConfigKeys (ConfUtils.java:logGet(46)) - raft.server.leaderelection.leader.step-down.wait-time = 10s (default)
2023-09-28 12:57:21,625 [main] INFO  server.RaftServerConfigKeys (ConfUtils.java:logGet(46)) - raft.server.storage.dir = [/home/runner/work/ozone/ozone/hadoop-ozone/integration-test/target/test-dir/MiniOzoneClusterImpl-e5738b5b-ff1d-4187-9339-882699725c5e/datanode-0/data/ratis] (custom)
2023-09-28 12:57:21,626 [6aca8935-1d6c-4d3a-a292-fe52e1537be9-NettyServerStreamRpc-bossGroup--thread1] INFO  logging.LoggingHandler (AbstractInternalLogger.java:log(148)) - [id: 0xd789901a] REGISTERED
2023-09-28 12:57:21,626 [6aca8935-1d6c-4d3a-a292-fe52e1537be9-NettyServerStreamRpc-bossGroup--thread1] INFO  logging.LoggingHandler (AbstractInternalLogger.java:log(148)) - [id: 0xd789901a] BIND: 0.0.0.0/0.0.0.0:15068
2023-09-28 12:57:21,627 [6aca8935-1d6c-4d3a-a292-fe52e1537be9-NettyServerStreamRpc-bossGroup--thread1] INFO  logging.LoggingHandler (AbstractInternalLogger.java:log(148)) - [id: 0xd789901a, L:/0:0:0:0:0:0:0:0:15068] ACTIVE
2023-09-28 12:57:21,628 [6aca8935-1d6c-4d3a-a292-fe52e1537be9-impl-thread1] INFO  server.RaftServer (RaftServerProxy.java:initGroupDir(258)) - 6aca8935-1d6c-4d3a-a292-fe52e1537be9: found a subdirectory /home/runner/work/ozone/ozone/hadoop-ozone/integration-test/target/test-dir/MiniOzoneClusterImpl-e5738b5b-ff1d-4187-9339-882699725c5e/datanode-0/data/ratis/tmp
2023-09-28 12:57:21,628 [6aca8935-1d6c-4d3a-a292-fe52e1537be9-impl-thread1] INFO  server.RaftServer (RaftServerProxy.java:initGroupDir(263)) - 6aca8935-1d6c-4d3a-a292-fe52e1537be9: The directory /home/runner/work/ozone/ozone/hadoop-ozone/integration-test/target/test-dir/MiniOzoneClusterImpl-e5738b5b-ff1d-4187-9339-882699725c5e/datanode-0/data/ratis/tmp is not a group directory; ignoring it. 
2023-09-28 12:57:21,629 [main] INFO  replication.ReplicationServer (ReplicationServer.java:<init>(83)) - Initializing replication server with thread count = 10 queue length = 4096
2023-09-28 12:57:21,630 [main] INFO  server.XceiverServerGrpc (XceiverServerGrpc.java:<init>(132)) - GrpcServer channel type EpollServerSocketChannel
2023-09-28 12:57:21,632 [main] INFO  replication.ReplicationSupervisor (ReplicationSupervisor.java:build(155)) - Initializing replication supervisor with thread count = 10
2023-09-28 12:57:21,632 [main] INFO  replication.ReplicationSupervisor (ReplicationSupervisor.java:nodeStateUpdated(307)) - Node state updated to IN_SERVICE, scaling executor pool size to 10
2023-09-28 12:57:21,635 [main] INFO  http.BaseHttpServer (BaseHttpServer.java:newHttpServer2BuilderForOzone(223)) - Starting Web-server for hddsDatanode at: http://0.0.0.0:15062
2023-09-28 12:57:21,635 [main] INFO  http.BaseHttpServer (BaseHttpServer.java:<init>(110)) - Hadoop Security Enabled: false Ozone Security Enabled: false Ozone HTTP Security Enabled: false 
2023-09-28 12:57:21,637 [main] WARN  server.AuthenticationFilter (AuthenticationFilter.java:constructSecretProvider(240)) - Unable to initialize FileSignerSecretProvider, falling back to use random secrets. Reason: Could not read signature secret file: /home/runner/hadoop-http-auth-signature-secret
2023-09-28 12:57:21,645 [main] INFO  http.HttpRequestLog (HttpRequestLog.java:getRequestLog(86)) - Http request log for http.requests.hddsDatanode is not defined
2023-09-28 12:57:21,646 [main] INFO  http.HttpServer2 (HttpServer2.java:addGlobalFilter(1031)) - Added global filter 'safety' (class=org.apache.hadoop.hdds.server.http.HttpServer2$QuotingInputFilter)
2023-09-28 12:57:21,647 [main] INFO  http.HttpServer2 (HttpServer2.java:addFilter(1007)) - Added filter static_user_filter (class=org.apache.hadoop.http.lib.StaticUserWebFilter$StaticUserFilter) to context hddsDatanode
2023-09-28 12:57:21,647 [main] INFO  http.HttpServer2 (HttpServer2.java:addFilter(1015)) - Added filter static_user_filter (class=org.apache.hadoop.http.lib.StaticUserWebFilter$StaticUserFilter) to context static
2023-09-28 12:57:21,648 [main] INFO  http.HttpServer2 (HttpServer2.java:addFilter(1015)) - Added filter static_user_filter (class=org.apache.hadoop.http.lib.StaticUserWebFilter$StaticUserFilter) to context logs
2023-09-28 12:57:21,648 [main] INFO  http.BaseHttpServer (BaseHttpServer.java:<init>(189)) - HTTP server of hddsDatanode uses base directory /home/runner/work/ozone/ozone/hadoop-ozone/integration-test/target/test-dir/MiniOzoneClusterImpl-e5738b5b-ff1d-4187-9339-882699725c5e/datanode-0/meta/webserver
2023-09-28 12:57:21,648 [main] INFO  http.HttpServer2 (HttpServer2.java:bindListener(1231)) - Jetty bound to port 15062
2023-09-28 12:57:21,649 [main] INFO  server.Server (Server.java:doStart(375)) - jetty-9.4.52.v20230823; built: 2023-08-23T19:29:37.669Z; git: abdcda73818a1a2c705da276edb0bf6581e7997e; jvm 1.8.0_382-b05
2023-09-28 12:57:21,653 [main] INFO  server.session (DefaultSessionIdManager.java:doStart(334)) - DefaultSessionIdManager workerName=node0
2023-09-28 12:57:21,653 [main] INFO  server.session (DefaultSessionIdManager.java:doStart(339)) - No SessionScavenger set, using defaults
2023-09-28 12:57:21,653 [main] INFO  server.session (HouseKeeper.java:startScavenging(132)) - node0 Scavenging every 600000ms
2023-09-28 12:57:21,654 [main] INFO  handler.ContextHandler (ContextHandler.java:doStart(921)) - Started o.e.j.s.ServletContextHandler@1a6a5b16{logs,/logs,file:///home/runner/work/ozone/ozone/hadoop-ozone/integration-test/target/log,AVAILABLE}
2023-09-28 12:57:21,654 [main] INFO  handler.ContextHandler (ContextHandler.java:doStart(921)) - Started o.e.j.s.ServletContextHandler@7ba304d2{static,/static,jar:file:/home/runner/.m2/repository/org/apache/ozone/hdds-container-service/1.4.0-SNAPSHOT/hdds-container-service-1.4.0-SNAPSHOT.jar!/webapps/static,AVAILABLE}
2023-09-28 12:57:21,882 [main] INFO  handler.ContextHandler (ContextHandler.java:doStart(921)) - Started o.e.j.w.WebAppContext@2db39e62{hddsDatanode,/,file:///home/runner/work/ozone/ozone/hadoop-ozone/integration-test/target/test-dir/MiniOzoneClusterImpl-e5738b5b-ff1d-4187-9339-882699725c5e/datanode-0/meta/webserver/jetty-0_0_0_0-15062-hdds-container-service-1_4_0-SNAPSHOT_jar-_-any-6194062218057561308/webapp/,AVAILABLE}{jar:file:/home/runner/.m2/repository/org/apache/ozone/hdds-container-service/1.4.0-SNAPSHOT/hdds-container-service-1.4.0-SNAPSHOT.jar!/webapps/hddsDatanode}
2023-09-28 12:57:21,885 [main] INFO  server.AbstractConnector (AbstractConnector.java:doStart(333)) - Started ServerConnector@5bc30777{HTTP/1.1, (http/1.1)}{0.0.0.0:15062}
2023-09-28 12:57:21,885 [main] INFO  server.Server (Server.java:doStart(415)) - Started @107737ms
2023-09-28 12:57:21,885 [main] WARN  impl.MetricsSystemImpl (MetricsSystemImpl.java:register(279)) - Sink prometheus already exists!
2023-09-28 12:57:21,886 [main] INFO  http.BaseHttpServer (BaseHttpServer.java:updateConnectorAddress(354)) - HTTP server of hddsDatanode listening at http://0.0.0.0:15062
2023-09-28 12:57:21,886 [main] INFO  ipc.CallQueueManager (CallQueueManager.java:<init>(90)) - Using callQueue: class java.util.concurrent.LinkedBlockingQueue, queueCapacity: 100, scheduler: class org.apache.hadoop.ipc.DefaultRpcScheduler, ipcBackoff: false.
2023-09-28 12:57:21,887 [main] INFO  ipc.Server (Server.java:<init>(1287)) - Listener at 0.0.0.0:15063
2023-09-28 12:57:21,887 [Socket Reader #1 for port 15063] INFO  ipc.Server (Server.java:run(1323)) - Starting Socket Reader #1 for port 15063
2023-09-28 12:57:21,895 [main] INFO  ozone.HddsDatanodeService (HddsDatanodeService.java:start(315)) - Datanode start with admins: [runner]
2023-09-28 12:57:21,895 [main] INFO  ozone.HddsDatanodeClientProtocolServer (HddsDatanodeClientProtocolServer.java:start(72)) - RPC server for Client /0.0.0.0:15063
2023-09-28 12:57:21,895 [IPC Server Responder] INFO  ipc.Server (Server.java:run(1562)) - IPC Server Responder: starting
2023-09-28 12:57:21,897 [Datanode State Machine Daemon Thread] INFO  statemachine.DatanodeStateMachine (DatanodeStateMachine.java:lambda$startDaemon$0(539)) - Ozone container server started.
2023-09-28 12:57:21,898 [IPC Server listener on 15063] INFO  ipc.Server (Server.java:run(1402)) - IPC Server listener on 15063: starting
2023-09-28 12:57:21,898 [main] WARN  impl.MetricRegistriesImpl (MetricRegistriesImpl.java:addReporterRegistration(111)) - New reporters are added after registries were created. Some metrics will be missing from the reporter. Please add reporter before adding any new registry.
2023-09-28 12:57:21,898 [main] WARN  impl.MetricRegistriesImpl (MetricRegistriesImpl.java:addReporterRegistration(111)) - New reporters are added after registries were created. Some metrics will be missing from the reporter. Please add reporter before adding any new registry.
2023-09-28 12:57:21,898 [main] INFO  impl.MetricsSystemImpl (MetricsSystemImpl.java:init(158)) - HddsDatanode metrics system started (again)
2023-09-28 12:57:21,914 [main] INFO  ozone.HddsDatanodeService (HddsDatanodeService.java:start(237)) - HddsDatanodeService host:fv-az163-431.ksqkok1cighebdh5ckq0wc3qdf.dx.internal.cloudapp.net ip:10.1.0.34
2023-09-28 12:57:21,918 [Datanode State Machine Task Thread - 0] INFO  datanode.InitDatanodeState (InitDatanodeState.java:persistContainerDatanodeDetails(138)) - DatanodeDetails is persisted to /home/runner/work/ozone/ozone/hadoop-ozone/integration-test/target/test-dir/MiniOzoneClusterImpl-e5738b5b-ff1d-4187-9339-882699725c5e/datanode-0/meta/datanode.id
2023-09-28 12:57:21,940 [main] INFO  upgrade.AbstractLayoutVersionManager (AbstractLayoutVersionManager.java:init(83)) - Initializing Layout version manager with metadata layout = HADOOP_PRC_PORTS_IN_DATANODEDETAILS (version = 7), software layout = HADOOP_PRC_PORTS_IN_DATANODEDETAILS (version = 7)
2023-09-28 12:57:21,942 [main] INFO  statemachine.DatanodeStateMachine (DatanodeStateMachine.java:getEndPointTaskThreadPoolSize(283)) - Datanode State Machine Task Thread Pool size 2
2023-09-28 12:57:21,945 [main] INFO  volume.HddsVolume (HddsVolume.java:<init>(126)) - Creating HddsVolume: /home/runner/work/ozone/ozone/hadoop-ozone/integration-test/target/test-dir/MiniOzoneClusterImpl-e5738b5b-ff1d-4187-9339-882699725c5e/datanode-1/data-0/containers/hdds of storage type : DISK capacity : 9223372036854775807
2023-09-28 12:57:21,945 [main] INFO  volume.MutableVolumeSet (MutableVolumeSet.java:initializeVolumeSet(173)) - Added Volume : /home/runner/work/ozone/ozone/hadoop-ozone/integration-test/target/test-dir/MiniOzoneClusterImpl-e5738b5b-ff1d-4187-9339-882699725c5e/datanode-1/data-0/containers/hdds to VolumeSet
2023-09-28 12:57:21,946 [main] INFO  volume.MutableVolumeSet (MutableVolumeSet.java:initializeVolumeSet(173)) - Added Volume : /home/runner/work/ozone/ozone/hadoop-ozone/integration-test/target/test-dir/MiniOzoneClusterImpl-e5738b5b-ff1d-4187-9339-882699725c5e/datanode-1/data/ratis to VolumeSet
2023-09-28 12:57:21,949 [Thread-799] INFO  ozoneimpl.ContainerReader (ContainerReader.java:readVolume(177)) - Finish verifying containers on volume /home/runner/work/ozone/ozone/hadoop-ozone/integration-test/target/test-dir/MiniOzoneClusterImpl-e5738b5b-ff1d-4187-9339-882699725c5e/datanode-1/data-0/containers/hdds
2023-09-28 12:57:21,949 [main] INFO  ozoneimpl.OzoneContainer (OzoneContainer.java:buildContainerSet(314)) - Build ContainerSet costs 0s
2023-09-28 12:57:21,952 [main] INFO  server.RaftServer (ConfUtils.java:logGet(46)) - raft.rpc.type = GRPC (default)
2023-09-28 12:57:21,952 [main] INFO  grpc.GrpcConfigKeys (ConfUtils.java:logFallback(53)) - raft.grpc.admin.host = null (fallback to raft.grpc.server.host)
2023-09-28 12:57:21,952 [main] INFO  grpc.GrpcConfigKeys (ConfUtils.java:logGet(46)) - raft.grpc.admin.port = 15075 (custom)
2023-09-28 12:57:21,952 [main] INFO  grpc.GrpcConfigKeys (ConfUtils.java:logFallback(53)) - raft.grpc.client.host = null (fallback to raft.grpc.server.host)
2023-09-28 12:57:21,952 [main] INFO  grpc.GrpcConfigKeys (ConfUtils.java:logGet(46)) - raft.grpc.client.port = 15074 (custom)
2023-09-28 12:57:21,952 [main] INFO  grpc.GrpcConfigKeys (ConfUtils.java:logGet(46)) - raft.grpc.server.host = null (default)
2023-09-28 12:57:21,952 [main] INFO  grpc.GrpcConfigKeys (ConfUtils.java:logGet(46)) - raft.grpc.server.port = 15076 (custom)
2023-09-28 12:57:21,954 [main] INFO  server.GrpcService (ConfUtils.java:logGet(46)) - raft.grpc.message.size.max = 32MB (=33554432) (custom)
2023-09-28 12:57:21,954 [main] INFO  server.RaftServerConfigKeys (ConfUtils.java:logGet(46)) - raft.server.log.appender.buffer.byte-limit = 33554432 (custom)
2023-09-28 12:57:21,954 [main] INFO  server.GrpcService (ConfUtils.java:logGet(46)) - raft.grpc.flow.control.window = 5MB (=5242880) (custom)
2023-09-28 12:57:21,954 [main] INFO  server.RaftServerConfigKeys (ConfUtils.java:logGet(46)) - raft.server.rpc.request.timeout = 60s (custom)
2023-09-28 12:57:21,955 [main] INFO  grpc.GrpcConfigKeys (ConfUtils.java:logGet(46)) - raft.grpc.server.heartbeat.channel = true (default)
2023-09-28 12:57:21,955 [main] INFO  grpc.GrpcConfigKeys (ConfUtils.java:logGet(46)) - raft.grpc.server.async.request.thread.pool.cached = true (default)
2023-09-28 12:57:21,955 [main] INFO  grpc.GrpcConfigKeys (ConfUtils.java:logGet(46)) - raft.grpc.server.async.request.thread.pool.size = 32 (default)
2023-09-28 12:57:21,959 [main] INFO  impl.DataStreamServerImpl (ConfUtils.java:logGet(46)) - raft.datastream.type = NETTY (custom)
2023-09-28 12:57:21,960 [main] INFO  server.RaftServerConfigKeys (ConfUtils.java:logGet(46)) - raft.server.data-stream.async.request.thread.pool.cached = false (default)
2023-09-28 12:57:21,960 [main] INFO  server.RaftServerConfigKeys (ConfUtils.java:logGet(46)) - raft.server.data-stream.async.request.thread.pool.size = 20 (custom)
2023-09-28 12:57:21,960 [main] INFO  server.RaftServerConfigKeys (ConfUtils.java:logGet(46)) - raft.server.data-stream.async.write.thread.pool.size = 16 (default)
2023-09-28 12:57:21,960 [main] INFO  server.RaftServerConfigKeys (ConfUtils.java:logGet(46)) - raft.server.data-stream.client.pool.size = 10 (default)
2023-09-28 12:57:21,960 [main] INFO  netty.NettyConfigKeys$DataStream (ConfUtils.java:logGet(46)) - raft.netty.dataStream.server.use-epoll = false (default)
2023-09-28 12:57:21,961 [main] INFO  netty.NettyConfigKeys$DataStream (ConfUtils.java:logGet(46)) - raft.netty.dataStream.server.boss-group.size = 0 (default)
2023-09-28 12:57:21,961 [main] INFO  netty.NettyConfigKeys$DataStream (ConfUtils.java:logGet(46)) - raft.netty.dataStream.server.worker-group.size = 0 (default)
2023-09-28 12:57:21,962 [main] INFO  netty.NettyConfigKeys$DataStream (ConfUtils.java:logGet(46)) - raft.netty.dataStream.server.tls.conf = null (default)
2023-09-28 12:57:21,962 [main] INFO  netty.NettyConfigKeys$DataStream (ConfUtils.java:logGet(46)) - raft.netty.dataStream.host = null (default)
2023-09-28 12:57:21,962 [main] INFO  netty.NettyConfigKeys$DataStream (ConfUtils.java:logGet(46)) - raft.netty.dataStream.port = 15077 (custom)
2023-09-28 12:57:21,964 [main] INFO  server.RaftServerConfigKeys (ConfUtils.java:logGet(46)) - raft.server.threadpool.proxy.cached = true (default)
2023-09-28 12:57:21,964 [main] INFO  server.RaftServerConfigKeys (ConfUtils.java:logGet(46)) - raft.server.threadpool.proxy.size = 0 (default)
2023-09-28 12:57:21,964 [main] INFO  server.RaftServerConfigKeys (ConfUtils.java:logGet(46)) - raft.server.rpc.slowness.timeout = 300s (custom)
2023-09-28 12:57:21,964 [main] INFO  server.RaftServerConfigKeys (ConfUtils.java:logGet(46)) - raft.server.leaderelection.leader.step-down.wait-time = 10s (default)
2023-09-28 12:57:21,964 [main] INFO  server.RaftServerConfigKeys (ConfUtils.java:logGet(46)) - raft.server.storage.dir = [/home/runner/work/ozone/ozone/hadoop-ozone/integration-test/target/test-dir/MiniOzoneClusterImpl-e5738b5b-ff1d-4187-9339-882699725c5e/datanode-1/data/ratis] (custom)
2023-09-28 12:57:21,965 [7cfd9c5f-6b01-4921-8aee-b720897a5c16-impl-thread1] INFO  server.RaftServer (RaftServerProxy.java:initGroupDir(258)) - 7cfd9c5f-6b01-4921-8aee-b720897a5c16: found a subdirectory /home/runner/work/ozone/ozone/hadoop-ozone/integration-test/target/test-dir/MiniOzoneClusterImpl-e5738b5b-ff1d-4187-9339-882699725c5e/datanode-1/data/ratis/tmp
2023-09-28 12:57:21,965 [7cfd9c5f-6b01-4921-8aee-b720897a5c16-NettyServerStreamRpc-bossGroup--thread1] INFO  logging.LoggingHandler (AbstractInternalLogger.java:log(148)) - [id: 0x2dbd22e7] REGISTERED
2023-09-28 12:57:21,965 [7cfd9c5f-6b01-4921-8aee-b720897a5c16-impl-thread1] INFO  server.RaftServer (RaftServerProxy.java:initGroupDir(263)) - 7cfd9c5f-6b01-4921-8aee-b720897a5c16: The directory /home/runner/work/ozone/ozone/hadoop-ozone/integration-test/target/test-dir/MiniOzoneClusterImpl-e5738b5b-ff1d-4187-9339-882699725c5e/datanode-1/data/ratis/tmp is not a group directory; ignoring it. 
2023-09-28 12:57:21,965 [7cfd9c5f-6b01-4921-8aee-b720897a5c16-NettyServerStreamRpc-bossGroup--thread1] INFO  logging.LoggingHandler (AbstractInternalLogger.java:log(148)) - [id: 0x2dbd22e7] BIND: 0.0.0.0/0.0.0.0:15077
2023-09-28 12:57:21,966 [7cfd9c5f-6b01-4921-8aee-b720897a5c16-NettyServerStreamRpc-bossGroup--thread1] INFO  logging.LoggingHandler (AbstractInternalLogger.java:log(148)) - [id: 0x2dbd22e7, L:/0:0:0:0:0:0:0:0:15077] ACTIVE
2023-09-28 12:57:21,966 [main] INFO  replication.ReplicationServer (ReplicationServer.java:<init>(83)) - Initializing replication server with thread count = 10 queue length = 4096
2023-09-28 12:57:21,967 [main] INFO  server.XceiverServerGrpc (XceiverServerGrpc.java:<init>(132)) - GrpcServer channel type EpollServerSocketChannel
2023-09-28 12:57:21,971 [main] INFO  replication.ReplicationSupervisor (ReplicationSupervisor.java:build(155)) - Initializing replication supervisor with thread count = 10
2023-09-28 12:57:21,971 [main] INFO  replication.ReplicationSupervisor (ReplicationSupervisor.java:nodeStateUpdated(307)) - Node state updated to IN_SERVICE, scaling executor pool size to 10
2023-09-28 12:57:21,973 [main] INFO  http.BaseHttpServer (BaseHttpServer.java:newHttpServer2BuilderForOzone(223)) - Starting Web-server for hddsDatanode at: http://0.0.0.0:15071
2023-09-28 12:57:21,973 [main] INFO  http.BaseHttpServer (BaseHttpServer.java:<init>(110)) - Hadoop Security Enabled: false Ozone Security Enabled: false Ozone HTTP Security Enabled: false 
2023-09-28 12:57:21,975 [main] WARN  server.AuthenticationFilter (AuthenticationFilter.java:constructSecretProvider(240)) - Unable to initialize FileSignerSecretProvider, falling back to use random secrets. Reason: Could not read signature secret file: /home/runner/hadoop-http-auth-signature-secret
2023-09-28 12:57:21,976 [main] INFO  http.HttpRequestLog (HttpRequestLog.java:getRequestLog(86)) - Http request log for http.requests.hddsDatanode is not defined
2023-09-28 12:57:21,977 [main] INFO  http.HttpServer2 (HttpServer2.java:addGlobalFilter(1031)) - Added global filter 'safety' (class=org.apache.hadoop.hdds.server.http.HttpServer2$QuotingInputFilter)
2023-09-28 12:57:21,978 [main] INFO  http.HttpServer2 (HttpServer2.java:addFilter(1007)) - Added filter static_user_filter (class=org.apache.hadoop.http.lib.StaticUserWebFilter$StaticUserFilter) to context hddsDatanode
2023-09-28 12:57:21,978 [main] INFO  http.HttpServer2 (HttpServer2.java:addFilter(1015)) - Added filter static_user_filter (class=org.apache.hadoop.http.lib.StaticUserWebFilter$StaticUserFilter) to context static
2023-09-28 12:57:21,978 [main] INFO  http.HttpServer2 (HttpServer2.java:addFilter(1015)) - Added filter static_user_filter (class=org.apache.hadoop.http.lib.StaticUserWebFilter$StaticUserFilter) to context logs
2023-09-28 12:57:21,980 [main] INFO  http.BaseHttpServer (BaseHttpServer.java:<init>(189)) - HTTP server of hddsDatanode uses base directory /home/runner/work/ozone/ozone/hadoop-ozone/integration-test/target/test-dir/MiniOzoneClusterImpl-e5738b5b-ff1d-4187-9339-882699725c5e/datanode-1/meta/webserver
2023-09-28 12:57:21,980 [main] INFO  http.HttpServer2 (HttpServer2.java:bindListener(1231)) - Jetty bound to port 15071
2023-09-28 12:57:21,980 [main] INFO  server.Server (Server.java:doStart(375)) - jetty-9.4.52.v20230823; built: 2023-08-23T19:29:37.669Z; git: abdcda73818a1a2c705da276edb0bf6581e7997e; jvm 1.8.0_382-b05
2023-09-28 12:57:21,982 [main] INFO  server.session (DefaultSessionIdManager.java:doStart(334)) - DefaultSessionIdManager workerName=node0
2023-09-28 12:57:21,982 [main] INFO  server.session (DefaultSessionIdManager.java:doStart(339)) - No SessionScavenger set, using defaults
2023-09-28 12:57:21,982 [main] INFO  server.session (HouseKeeper.java:startScavenging(132)) - node0 Scavenging every 660000ms
2023-09-28 12:57:21,983 [main] INFO  handler.ContextHandler (ContextHandler.java:doStart(921)) - Started o.e.j.s.ServletContextHandler@7655d3c8{logs,/logs,file:///home/runner/work/ozone/ozone/hadoop-ozone/integration-test/target/log,AVAILABLE}
2023-09-28 12:57:21,983 [main] INFO  handler.ContextHandler (ContextHandler.java:doStart(921)) - Started o.e.j.s.ServletContextHandler@16f26810{static,/static,jar:file:/home/runner/.m2/repository/org/apache/ozone/hdds-container-service/1.4.0-SNAPSHOT/hdds-container-service-1.4.0-SNAPSHOT.jar!/webapps/static,AVAILABLE}
2023-09-28 12:57:22,209 [main] INFO  handler.ContextHandler (ContextHandler.java:doStart(921)) - Started o.e.j.w.WebAppContext@50c07d65{hddsDatanode,/,file:///home/runner/work/ozone/ozone/hadoop-ozone/integration-test/target/test-dir/MiniOzoneClusterImpl-e5738b5b-ff1d-4187-9339-882699725c5e/datanode-1/meta/webserver/jetty-0_0_0_0-15071-hdds-container-service-1_4_0-SNAPSHOT_jar-_-any-5276555214974077255/webapp/,AVAILABLE}{jar:file:/home/runner/.m2/repository/org/apache/ozone/hdds-container-service/1.4.0-SNAPSHOT/hdds-container-service-1.4.0-SNAPSHOT.jar!/webapps/hddsDatanode}
2023-09-28 12:57:22,211 [main] INFO  server.AbstractConnector (AbstractConnector.java:doStart(333)) - Started ServerConnector@6fcc1dd2{HTTP/1.1, (http/1.1)}{0.0.0.0:15071}
2023-09-28 12:57:22,211 [main] INFO  server.Server (Server.java:doStart(415)) - Started @108063ms
2023-09-28 12:57:22,211 [main] WARN  impl.MetricsSystemImpl (MetricsSystemImpl.java:register(279)) - Sink prometheus already exists!
2023-09-28 12:57:22,212 [main] INFO  http.BaseHttpServer (BaseHttpServer.java:updateConnectorAddress(354)) - HTTP server of hddsDatanode listening at http://0.0.0.0:15071
2023-09-28 12:57:22,212 [main] INFO  ipc.CallQueueManager (CallQueueManager.java:<init>(90)) - Using callQueue: class java.util.concurrent.LinkedBlockingQueue, queueCapacity: 100, scheduler: class org.apache.hadoop.ipc.DefaultRpcScheduler, ipcBackoff: false.
2023-09-28 12:57:22,212 [main] INFO  ipc.Server (Server.java:<init>(1287)) - Listener at 0.0.0.0:15072
2023-09-28 12:57:22,213 [Socket Reader #1 for port 15072] INFO  ipc.Server (Server.java:run(1323)) - Starting Socket Reader #1 for port 15072
2023-09-28 12:57:22,215 [main] INFO  ozone.HddsDatanodeService (HddsDatanodeService.java:start(315)) - Datanode start with admins: [runner]
2023-09-28 12:57:22,216 [main] INFO  ozone.HddsDatanodeClientProtocolServer (HddsDatanodeClientProtocolServer.java:start(72)) - RPC server for Client /0.0.0.0:15072
2023-09-28 12:57:22,216 [IPC Server Responder] INFO  ipc.Server (Server.java:run(1562)) - IPC Server Responder: starting
2023-09-28 12:57:22,217 [IPC Server listener on 15072] INFO  ipc.Server (Server.java:run(1402)) - IPC Server listener on 15072: starting
2023-09-28 12:57:22,217 [main] WARN  impl.MetricRegistriesImpl (MetricRegistriesImpl.java:addReporterRegistration(111)) - New reporters are added after registries were created. Some metrics will be missing from the reporter. Please add reporter before adding any new registry.
2023-09-28 12:57:22,218 [main] WARN  impl.MetricRegistriesImpl (MetricRegistriesImpl.java:addReporterRegistration(111)) - New reporters are added after registries were created. Some metrics will be missing from the reporter. Please add reporter before adding any new registry.
2023-09-28 12:57:22,217 [Datanode State Machine Daemon Thread] INFO  statemachine.DatanodeStateMachine (DatanodeStateMachine.java:lambda$startDaemon$0(539)) - Ozone container server started.
2023-09-28 12:57:22,218 [main] INFO  impl.MetricsSystemImpl (MetricsSystemImpl.java:init(158)) - HddsDatanode metrics system started (again)
2023-09-28 12:57:22,237 [main] INFO  ozone.HddsDatanodeService (HddsDatanodeService.java:start(237)) - HddsDatanodeService host:fv-az163-431.ksqkok1cighebdh5ckq0wc3qdf.dx.internal.cloudapp.net ip:10.1.0.34
2023-09-28 12:57:22,252 [Datanode State Machine Task Thread - 0] INFO  datanode.InitDatanodeState (InitDatanodeState.java:persistContainerDatanodeDetails(138)) - DatanodeDetails is persisted to /home/runner/work/ozone/ozone/hadoop-ozone/integration-test/target/test-dir/MiniOzoneClusterImpl-e5738b5b-ff1d-4187-9339-882699725c5e/datanode-1/meta/datanode.id
2023-09-28 12:57:22,259 [main] INFO  upgrade.AbstractLayoutVersionManager (AbstractLayoutVersionManager.java:init(83)) - Initializing Layout version manager with metadata layout = HADOOP_PRC_PORTS_IN_DATANODEDETAILS (version = 7), software layout = HADOOP_PRC_PORTS_IN_DATANODEDETAILS (version = 7)
2023-09-28 12:57:22,260 [main] INFO  statemachine.DatanodeStateMachine (DatanodeStateMachine.java:getEndPointTaskThreadPoolSize(283)) - Datanode State Machine Task Thread Pool size 2
2023-09-28 12:57:22,263 [main] INFO  volume.HddsVolume (HddsVolume.java:<init>(126)) - Creating HddsVolume: /home/runner/work/ozone/ozone/hadoop-ozone/integration-test/target/test-dir/MiniOzoneClusterImpl-e5738b5b-ff1d-4187-9339-882699725c5e/datanode-2/data-0/containers/hdds of storage type : DISK capacity : 9223372036854775807
2023-09-28 12:57:22,263 [main] INFO  volume.MutableVolumeSet (MutableVolumeSet.java:initializeVolumeSet(173)) - Added Volume : /home/runner/work/ozone/ozone/hadoop-ozone/integration-test/target/test-dir/MiniOzoneClusterImpl-e5738b5b-ff1d-4187-9339-882699725c5e/datanode-2/data-0/containers/hdds to VolumeSet
2023-09-28 12:57:22,264 [main] INFO  volume.MutableVolumeSet (MutableVolumeSet.java:initializeVolumeSet(173)) - Added Volume : /home/runner/work/ozone/ozone/hadoop-ozone/integration-test/target/test-dir/MiniOzoneClusterImpl-e5738b5b-ff1d-4187-9339-882699725c5e/datanode-2/data/ratis to VolumeSet
2023-09-28 12:57:22,265 [Thread-816] INFO  ozoneimpl.ContainerReader (ContainerReader.java:readVolume(177)) - Finish verifying containers on volume /home/runner/work/ozone/ozone/hadoop-ozone/integration-test/target/test-dir/MiniOzoneClusterImpl-e5738b5b-ff1d-4187-9339-882699725c5e/datanode-2/data-0/containers/hdds
2023-09-28 12:57:22,265 [main] INFO  ozoneimpl.OzoneContainer (OzoneContainer.java:buildContainerSet(314)) - Build ContainerSet costs 0s
2023-09-28 12:57:22,267 [main] INFO  server.RaftServer (ConfUtils.java:logGet(46)) - raft.rpc.type = GRPC (default)
2023-09-28 12:57:22,268 [main] INFO  grpc.GrpcConfigKeys (ConfUtils.java:logFallback(53)) - raft.grpc.admin.host = null (fallback to raft.grpc.server.host)
2023-09-28 12:57:22,268 [main] INFO  grpc.GrpcConfigKeys (ConfUtils.java:logGet(46)) - raft.grpc.admin.port = 15084 (custom)
2023-09-28 12:57:22,268 [main] INFO  grpc.GrpcConfigKeys (ConfUtils.java:logFallback(53)) - raft.grpc.client.host = null (fallback to raft.grpc.server.host)
2023-09-28 12:57:22,268 [main] INFO  grpc.GrpcConfigKeys (ConfUtils.java:logGet(46)) - raft.grpc.client.port = 15083 (custom)
2023-09-28 12:57:22,268 [main] INFO  grpc.GrpcConfigKeys (ConfUtils.java:logGet(46)) - raft.grpc.server.host = null (default)
2023-09-28 12:57:22,268 [main] INFO  grpc.GrpcConfigKeys (ConfUtils.java:logGet(46)) - raft.grpc.server.port = 15085 (custom)
2023-09-28 12:57:22,268 [main] INFO  server.GrpcService (ConfUtils.java:logGet(46)) - raft.grpc.message.size.max = 32MB (=33554432) (custom)
2023-09-28 12:57:22,270 [main] INFO  server.RaftServerConfigKeys (ConfUtils.java:logGet(46)) - raft.server.log.appender.buffer.byte-limit = 33554432 (custom)
2023-09-28 12:57:22,273 [main] INFO  server.GrpcService (ConfUtils.java:logGet(46)) - raft.grpc.flow.control.window = 5MB (=5242880) (custom)
2023-09-28 12:57:22,273 [main] INFO  server.RaftServerConfigKeys (ConfUtils.java:logGet(46)) - raft.server.rpc.request.timeout = 60s (custom)
2023-09-28 12:57:22,273 [main] INFO  grpc.GrpcConfigKeys (ConfUtils.java:logGet(46)) - raft.grpc.server.heartbeat.channel = true (default)
2023-09-28 12:57:22,273 [main] INFO  grpc.GrpcConfigKeys (ConfUtils.java:logGet(46)) - raft.grpc.server.async.request.thread.pool.cached = true (default)
2023-09-28 12:57:22,273 [main] INFO  grpc.GrpcConfigKeys (ConfUtils.java:logGet(46)) - raft.grpc.server.async.request.thread.pool.size = 32 (default)
2023-09-28 12:57:22,279 [main] INFO  impl.DataStreamServerImpl (ConfUtils.java:logGet(46)) - raft.datastream.type = NETTY (custom)
2023-09-28 12:57:22,280 [main] INFO  server.RaftServerConfigKeys (ConfUtils.java:logGet(46)) - raft.server.data-stream.async.request.thread.pool.cached = false (default)
2023-09-28 12:57:22,280 [main] INFO  server.RaftServerConfigKeys (ConfUtils.java:logGet(46)) - raft.server.data-stream.async.request.thread.pool.size = 20 (custom)
2023-09-28 12:57:22,281 [main] INFO  server.RaftServerConfigKeys (ConfUtils.java:logGet(46)) - raft.server.data-stream.async.write.thread.pool.size = 16 (default)
2023-09-28 12:57:22,281 [main] INFO  server.RaftServerConfigKeys (ConfUtils.java:logGet(46)) - raft.server.data-stream.client.pool.size = 10 (default)
2023-09-28 12:57:22,281 [main] INFO  netty.NettyConfigKeys$DataStream (ConfUtils.java:logGet(46)) - raft.netty.dataStream.server.use-epoll = false (default)
2023-09-28 12:57:22,282 [main] INFO  netty.NettyConfigKeys$DataStream (ConfUtils.java:logGet(46)) - raft.netty.dataStream.server.boss-group.size = 0 (default)
2023-09-28 12:57:22,282 [main] INFO  netty.NettyConfigKeys$DataStream (ConfUtils.java:logGet(46)) - raft.netty.dataStream.server.worker-group.size = 0 (default)
2023-09-28 12:57:22,283 [main] INFO  netty.NettyConfigKeys$DataStream (ConfUtils.java:logGet(46)) - raft.netty.dataStream.server.tls.conf = null (default)
2023-09-28 12:57:22,284 [main] INFO  netty.NettyConfigKeys$DataStream (ConfUtils.java:logGet(46)) - raft.netty.dataStream.host = null (default)
2023-09-28 12:57:22,284 [main] INFO  netty.NettyConfigKeys$DataStream (ConfUtils.java:logGet(46)) - raft.netty.dataStream.port = 15086 (custom)
2023-09-28 12:57:22,285 [main] INFO  server.RaftServerConfigKeys (ConfUtils.java:logGet(46)) - raft.server.threadpool.proxy.cached = true (default)
2023-09-28 12:57:22,286 [main] INFO  server.RaftServerConfigKeys (ConfUtils.java:logGet(46)) - raft.server.threadpool.proxy.size = 0 (default)
2023-09-28 12:57:22,286 [0f9fbc80-e5a1-4c69-bc7e-bbf3cec1ed51-NettyServerStreamRpc-bossGroup--thread1] INFO  logging.LoggingHandler (AbstractInternalLogger.java:log(148)) - [id: 0x6c5ef78d] REGISTERED
2023-09-28 12:57:22,286 [0f9fbc80-e5a1-4c69-bc7e-bbf3cec1ed51-NettyServerStreamRpc-bossGroup--thread1] INFO  logging.LoggingHandler (AbstractInternalLogger.java:log(148)) - [id: 0x6c5ef78d] BIND: 0.0.0.0/0.0.0.0:15086
2023-09-28 12:57:22,286 [0f9fbc80-e5a1-4c69-bc7e-bbf3cec1ed51-NettyServerStreamRpc-bossGroup--thread1] INFO  logging.LoggingHandler (AbstractInternalLogger.java:log(148)) - [id: 0x6c5ef78d, L:/0:0:0:0:0:0:0:0:15086] ACTIVE
2023-09-28 12:57:22,286 [main] INFO  server.RaftServerConfigKeys (ConfUtils.java:logGet(46)) - raft.server.rpc.slowness.timeout = 300s (custom)
2023-09-28 12:57:22,287 [main] INFO  server.RaftServerConfigKeys (ConfUtils.java:logGet(46)) - raft.server.leaderelection.leader.step-down.wait-time = 10s (default)
2023-09-28 12:57:22,287 [main] INFO  server.RaftServerConfigKeys (ConfUtils.java:logGet(46)) - raft.server.storage.dir = [/home/runner/work/ozone/ozone/hadoop-ozone/integration-test/target/test-dir/MiniOzoneClusterImpl-e5738b5b-ff1d-4187-9339-882699725c5e/datanode-2/data/ratis] (custom)
2023-09-28 12:57:22,288 [0f9fbc80-e5a1-4c69-bc7e-bbf3cec1ed51-impl-thread1] INFO  server.RaftServer (RaftServerProxy.java:initGroupDir(258)) - 0f9fbc80-e5a1-4c69-bc7e-bbf3cec1ed51: found a subdirectory /home/runner/work/ozone/ozone/hadoop-ozone/integration-test/target/test-dir/MiniOzoneClusterImpl-e5738b5b-ff1d-4187-9339-882699725c5e/datanode-2/data/ratis/tmp
2023-09-28 12:57:22,288 [0f9fbc80-e5a1-4c69-bc7e-bbf3cec1ed51-impl-thread1] INFO  server.RaftServer (RaftServerProxy.java:initGroupDir(263)) - 0f9fbc80-e5a1-4c69-bc7e-bbf3cec1ed51: The directory /home/runner/work/ozone/ozone/hadoop-ozone/integration-test/target/test-dir/MiniOzoneClusterImpl-e5738b5b-ff1d-4187-9339-882699725c5e/datanode-2/data/ratis/tmp is not a group directory; ignoring it. 
2023-09-28 12:57:22,289 [main] INFO  replication.ReplicationServer (ReplicationServer.java:<init>(83)) - Initializing replication server with thread count = 10 queue length = 4096
2023-09-28 12:57:22,290 [main] INFO  server.XceiverServerGrpc (XceiverServerGrpc.java:<init>(132)) - GrpcServer channel type EpollServerSocketChannel
2023-09-28 12:57:22,296 [main] INFO  replication.ReplicationSupervisor (ReplicationSupervisor.java:build(155)) - Initializing replication supervisor with thread count = 10
2023-09-28 12:57:22,296 [main] INFO  replication.ReplicationSupervisor (ReplicationSupervisor.java:nodeStateUpdated(307)) - Node state updated to IN_SERVICE, scaling executor pool size to 10
2023-09-28 12:57:22,306 [main] INFO  http.BaseHttpServer (BaseHttpServer.java:newHttpServer2BuilderForOzone(223)) - Starting Web-server for hddsDatanode at: http://0.0.0.0:15080
2023-09-28 12:57:22,306 [main] INFO  http.BaseHttpServer (BaseHttpServer.java:<init>(110)) - Hadoop Security Enabled: false Ozone Security Enabled: false Ozone HTTP Security Enabled: false 
2023-09-28 12:57:22,309 [main] WARN  server.AuthenticationFilter (AuthenticationFilter.java:constructSecretProvider(240)) - Unable to initialize FileSignerSecretProvider, falling back to use random secrets. Reason: Could not read signature secret file: /home/runner/hadoop-http-auth-signature-secret
2023-09-28 12:57:22,310 [main] INFO  http.HttpRequestLog (HttpRequestLog.java:getRequestLog(86)) - Http request log for http.requests.hddsDatanode is not defined
2023-09-28 12:57:22,311 [main] INFO  http.HttpServer2 (HttpServer2.java:addGlobalFilter(1031)) - Added global filter 'safety' (class=org.apache.hadoop.hdds.server.http.HttpServer2$QuotingInputFilter)
2023-09-28 12:57:22,312 [main] INFO  http.HttpServer2 (HttpServer2.java:addFilter(1007)) - Added filter static_user_filter (class=org.apache.hadoop.http.lib.StaticUserWebFilter$StaticUserFilter) to context hddsDatanode
2023-09-28 12:57:22,312 [main] INFO  http.HttpServer2 (HttpServer2.java:addFilter(1015)) - Added filter static_user_filter (class=org.apache.hadoop.http.lib.StaticUserWebFilter$StaticUserFilter) to context logs
2023-09-28 12:57:22,313 [main] INFO  http.HttpServer2 (HttpServer2.java:addFilter(1015)) - Added filter static_user_filter (class=org.apache.hadoop.http.lib.StaticUserWebFilter$StaticUserFilter) to context static
2023-09-28 12:57:22,313 [main] INFO  http.BaseHttpServer (BaseHttpServer.java:<init>(189)) - HTTP server of hddsDatanode uses base directory /home/runner/work/ozone/ozone/hadoop-ozone/integration-test/target/test-dir/MiniOzoneClusterImpl-e5738b5b-ff1d-4187-9339-882699725c5e/datanode-2/meta/webserver
2023-09-28 12:57:22,314 [main] INFO  http.HttpServer2 (HttpServer2.java:bindListener(1231)) - Jetty bound to port 15080
2023-09-28 12:57:22,314 [main] INFO  server.Server (Server.java:doStart(375)) - jetty-9.4.52.v20230823; built: 2023-08-23T19:29:37.669Z; git: abdcda73818a1a2c705da276edb0bf6581e7997e; jvm 1.8.0_382-b05
2023-09-28 12:57:22,315 [main] INFO  server.session (DefaultSessionIdManager.java:doStart(334)) - DefaultSessionIdManager workerName=node0
2023-09-28 12:57:22,315 [main] INFO  server.session (DefaultSessionIdManager.java:doStart(339)) - No SessionScavenger set, using defaults
2023-09-28 12:57:22,315 [main] INFO  server.session (HouseKeeper.java:startScavenging(132)) - node0 Scavenging every 600000ms
2023-09-28 12:57:22,316 [main] INFO  handler.ContextHandler (ContextHandler.java:doStart(921)) - Started o.e.j.s.ServletContextHandler@6ca029e3{logs,/logs,file:///home/runner/work/ozone/ozone/hadoop-ozone/integration-test/target/log,AVAILABLE}
2023-09-28 12:57:22,320 [main] INFO  handler.ContextHandler (ContextHandler.java:doStart(921)) - Started o.e.j.s.ServletContextHandler@6739e16a{static,/static,jar:file:/home/runner/.m2/repository/org/apache/ozone/hdds-container-service/1.4.0-SNAPSHOT/hdds-container-service-1.4.0-SNAPSHOT.jar!/webapps/static,AVAILABLE}
2023-09-28 12:57:22,562 [main] INFO  handler.ContextHandler (ContextHandler.java:doStart(921)) - Started o.e.j.w.WebAppContext@715cf4ff{hddsDatanode,/,file:///home/runner/work/ozone/ozone/hadoop-ozone/integration-test/target/test-dir/MiniOzoneClusterImpl-e5738b5b-ff1d-4187-9339-882699725c5e/datanode-2/meta/webserver/jetty-0_0_0_0-15080-hdds-container-service-1_4_0-SNAPSHOT_jar-_-any-8260764964292002207/webapp/,AVAILABLE}{jar:file:/home/runner/.m2/repository/org/apache/ozone/hdds-container-service/1.4.0-SNAPSHOT/hdds-container-service-1.4.0-SNAPSHOT.jar!/webapps/hddsDatanode}
2023-09-28 12:57:22,564 [main] INFO  server.AbstractConnector (AbstractConnector.java:doStart(333)) - Started ServerConnector@225d6b97{HTTP/1.1, (http/1.1)}{0.0.0.0:15080}
2023-09-28 12:57:22,564 [main] INFO  server.Server (Server.java:doStart(415)) - Started @108416ms
2023-09-28 12:57:22,564 [main] WARN  impl.MetricsSystemImpl (MetricsSystemImpl.java:register(279)) - Sink prometheus already exists!
2023-09-28 12:57:22,565 [main] INFO  http.BaseHttpServer (BaseHttpServer.java:updateConnectorAddress(354)) - HTTP server of hddsDatanode listening at http://0.0.0.0:15080
2023-09-28 12:57:22,566 [main] INFO  ipc.CallQueueManager (CallQueueManager.java:<init>(90)) - Using callQueue: class java.util.concurrent.LinkedBlockingQueue, queueCapacity: 100, scheduler: class org.apache.hadoop.ipc.DefaultRpcScheduler, ipcBackoff: false.
2023-09-28 12:57:22,567 [main] INFO  ipc.Server (Server.java:<init>(1287)) - Listener at 0.0.0.0:15081
2023-09-28 12:57:22,569 [Socket Reader #1 for port 15081] INFO  ipc.Server (Server.java:run(1323)) - Starting Socket Reader #1 for port 15081
2023-09-28 12:57:22,577 [main] INFO  ozone.HddsDatanodeService (HddsDatanodeService.java:start(315)) - Datanode start with admins: [runner]
2023-09-28 12:57:22,578 [main] INFO  ozone.HddsDatanodeClientProtocolServer (HddsDatanodeClientProtocolServer.java:start(72)) - RPC server for Client /0.0.0.0:15081
2023-09-28 12:57:22,578 [IPC Server Responder] INFO  ipc.Server (Server.java:run(1562)) - IPC Server Responder: starting
2023-09-28 12:57:22,578 [IPC Server listener on 15081] INFO  ipc.Server (Server.java:run(1402)) - IPC Server listener on 15081: starting
2023-09-28 12:57:22,578 [main] WARN  impl.MetricRegistriesImpl (MetricRegistriesImpl.java:addReporterRegistration(111)) - New reporters are added after registries were created. Some metrics will be missing from the reporter. Please add reporter before adding any new registry.
2023-09-28 12:57:22,578 [main] WARN  impl.MetricRegistriesImpl (MetricRegistriesImpl.java:addReporterRegistration(111)) - New reporters are added after registries were created. Some metrics will be missing from the reporter. Please add reporter before adding any new registry.
2023-09-28 12:57:22,578 [main] INFO  impl.MetricsSystemImpl (MetricsSystemImpl.java:init(158)) - HddsDatanode metrics system started (again)
2023-09-28 12:57:22,586 [Datanode State Machine Daemon Thread] INFO  statemachine.DatanodeStateMachine (DatanodeStateMachine.java:lambda$startDaemon$0(539)) - Ozone container server started.
2023-09-28 12:57:22,591 [Datanode State Machine Task Thread - 0] INFO  datanode.InitDatanodeState (InitDatanodeState.java:persistContainerDatanodeDetails(138)) - DatanodeDetails is persisted to /home/runner/work/ozone/ozone/hadoop-ozone/integration-test/target/test-dir/MiniOzoneClusterImpl-e5738b5b-ff1d-4187-9339-882699725c5e/datanode-2/meta/datanode.id
2023-09-28 12:57:22,600 [main] INFO  ozone.HddsDatanodeService (HddsDatanodeService.java:start(237)) - HddsDatanodeService host:fv-az163-431.ksqkok1cighebdh5ckq0wc3qdf.dx.internal.cloudapp.net ip:10.1.0.34
2023-09-28 12:57:22,627 [main] INFO  upgrade.AbstractLayoutVersionManager (AbstractLayoutVersionManager.java:init(83)) - Initializing Layout version manager with metadata layout = HADOOP_PRC_PORTS_IN_DATANODEDETAILS (version = 7), software layout = HADOOP_PRC_PORTS_IN_DATANODEDETAILS (version = 7)
2023-09-28 12:57:22,627 [main] INFO  statemachine.DatanodeStateMachine (DatanodeStateMachine.java:getEndPointTaskThreadPoolSize(283)) - Datanode State Machine Task Thread Pool size 2
2023-09-28 12:57:22,630 [main] INFO  volume.HddsVolume (HddsVolume.java:<init>(126)) - Creating HddsVolume: /home/runner/work/ozone/ozone/hadoop-ozone/integration-test/target/test-dir/MiniOzoneClusterImpl-e5738b5b-ff1d-4187-9339-882699725c5e/datanode-3/data-0/containers/hdds of storage type : DISK capacity : 9223372036854775807
2023-09-28 12:57:22,630 [main] INFO  volume.MutableVolumeSet (MutableVolumeSet.java:initializeVolumeSet(173)) - Added Volume : /home/runner/work/ozone/ozone/hadoop-ozone/integration-test/target/test-dir/MiniOzoneClusterImpl-e5738b5b-ff1d-4187-9339-882699725c5e/datanode-3/data-0/containers/hdds to VolumeSet
2023-09-28 12:57:22,631 [main] INFO  volume.MutableVolumeSet (MutableVolumeSet.java:initializeVolumeSet(173)) - Added Volume : /home/runner/work/ozone/ozone/hadoop-ozone/integration-test/target/test-dir/MiniOzoneClusterImpl-e5738b5b-ff1d-4187-9339-882699725c5e/datanode-3/data/ratis to VolumeSet
2023-09-28 12:57:22,633 [Thread-833] INFO  ozoneimpl.ContainerReader (ContainerReader.java:readVolume(177)) - Finish verifying containers on volume /home/runner/work/ozone/ozone/hadoop-ozone/integration-test/target/test-dir/MiniOzoneClusterImpl-e5738b5b-ff1d-4187-9339-882699725c5e/datanode-3/data-0/containers/hdds
2023-09-28 12:57:22,633 [main] INFO  ozoneimpl.OzoneContainer (OzoneContainer.java:buildContainerSet(314)) - Build ContainerSet costs 0s
2023-09-28 12:57:22,635 [main] INFO  server.RaftServer (ConfUtils.java:logGet(46)) - raft.rpc.type = GRPC (default)
2023-09-28 12:57:22,635 [main] INFO  grpc.GrpcConfigKeys (ConfUtils.java:logFallback(53)) - raft.grpc.admin.host = null (fallback to raft.grpc.server.host)
2023-09-28 12:57:22,636 [main] INFO  grpc.GrpcConfigKeys (ConfUtils.java:logGet(46)) - raft.grpc.admin.port = 15093 (custom)
2023-09-28 12:57:22,636 [main] INFO  grpc.GrpcConfigKeys (ConfUtils.java:logFallback(53)) - raft.grpc.client.host = null (fallback to raft.grpc.server.host)
2023-09-28 12:57:22,636 [main] INFO  grpc.GrpcConfigKeys (ConfUtils.java:logGet(46)) - raft.grpc.client.port = 15092 (custom)
2023-09-28 12:57:22,636 [main] INFO  grpc.GrpcConfigKeys (ConfUtils.java:logGet(46)) - raft.grpc.server.host = null (default)
2023-09-28 12:57:22,636 [main] INFO  grpc.GrpcConfigKeys (ConfUtils.java:logGet(46)) - raft.grpc.server.port = 15094 (custom)
2023-09-28 12:57:22,636 [main] INFO  server.GrpcService (ConfUtils.java:logGet(46)) - raft.grpc.message.size.max = 32MB (=33554432) (custom)
2023-09-28 12:57:22,636 [main] INFO  server.RaftServerConfigKeys (ConfUtils.java:logGet(46)) - raft.server.log.appender.buffer.byte-limit = 33554432 (custom)
2023-09-28 12:57:22,637 [main] INFO  server.GrpcService (ConfUtils.java:logGet(46)) - raft.grpc.flow.control.window = 5MB (=5242880) (custom)
2023-09-28 12:57:22,637 [main] INFO  server.RaftServerConfigKeys (ConfUtils.java:logGet(46)) - raft.server.rpc.request.timeout = 60s (custom)
2023-09-28 12:57:22,637 [main] INFO  grpc.GrpcConfigKeys (ConfUtils.java:logGet(46)) - raft.grpc.server.heartbeat.channel = true (default)
2023-09-28 12:57:22,637 [main] INFO  grpc.GrpcConfigKeys (ConfUtils.java:logGet(46)) - raft.grpc.server.async.request.thread.pool.cached = true (default)
2023-09-28 12:57:22,637 [main] INFO  grpc.GrpcConfigKeys (ConfUtils.java:logGet(46)) - raft.grpc.server.async.request.thread.pool.size = 32 (default)
2023-09-28 12:57:22,639 [main] INFO  impl.DataStreamServerImpl (ConfUtils.java:logGet(46)) - raft.datastream.type = NETTY (custom)
2023-09-28 12:57:22,640 [main] INFO  server.RaftServerConfigKeys (ConfUtils.java:logGet(46)) - raft.server.data-stream.async.request.thread.pool.cached = false (default)
2023-09-28 12:57:22,640 [main] INFO  server.RaftServerConfigKeys (ConfUtils.java:logGet(46)) - raft.server.data-stream.async.request.thread.pool.size = 20 (custom)
2023-09-28 12:57:22,640 [main] INFO  server.RaftServerConfigKeys (ConfUtils.java:logGet(46)) - raft.server.data-stream.async.write.thread.pool.size = 16 (default)
2023-09-28 12:57:22,640 [main] INFO  server.RaftServerConfigKeys (ConfUtils.java:logGet(46)) - raft.server.data-stream.client.pool.size = 10 (default)
2023-09-28 12:57:22,640 [main] INFO  netty.NettyConfigKeys$DataStream (ConfUtils.java:logGet(46)) - raft.netty.dataStream.server.use-epoll = false (default)
2023-09-28 12:57:22,641 [main] INFO  netty.NettyConfigKeys$DataStream (ConfUtils.java:logGet(46)) - raft.netty.dataStream.server.boss-group.size = 0 (default)
2023-09-28 12:57:22,641 [main] INFO  netty.NettyConfigKeys$DataStream (ConfUtils.java:logGet(46)) - raft.netty.dataStream.server.worker-group.size = 0 (default)
2023-09-28 12:57:22,641 [main] INFO  netty.NettyConfigKeys$DataStream (ConfUtils.java:logGet(46)) - raft.netty.dataStream.server.tls.conf = null (default)
2023-09-28 12:57:22,641 [main] INFO  netty.NettyConfigKeys$DataStream (ConfUtils.java:logGet(46)) - raft.netty.dataStream.host = null (default)
2023-09-28 12:57:22,642 [main] INFO  netty.NettyConfigKeys$DataStream (ConfUtils.java:logGet(46)) - raft.netty.dataStream.port = 15095 (custom)
2023-09-28 12:57:22,642 [main] INFO  server.RaftServerConfigKeys (ConfUtils.java:logGet(46)) - raft.server.threadpool.proxy.cached = true (default)
2023-09-28 12:57:22,642 [main] INFO  server.RaftServerConfigKeys (ConfUtils.java:logGet(46)) - raft.server.threadpool.proxy.size = 0 (default)
2023-09-28 12:57:22,643 [main] INFO  server.RaftServerConfigKeys (ConfUtils.java:logGet(46)) - raft.server.rpc.slowness.timeout = 300s (custom)
2023-09-28 12:57:22,643 [main] INFO  server.RaftServerConfigKeys (ConfUtils.java:logGet(46)) - raft.server.leaderelection.leader.step-down.wait-time = 10s (default)
2023-09-28 12:57:22,643 [main] INFO  server.RaftServerConfigKeys (ConfUtils.java:logGet(46)) - raft.server.storage.dir = [/home/runner/work/ozone/ozone/hadoop-ozone/integration-test/target/test-dir/MiniOzoneClusterImpl-e5738b5b-ff1d-4187-9339-882699725c5e/datanode-3/data/ratis] (custom)
2023-09-28 12:57:22,645 [3367f98c-98b8-4b1e-994c-c2057e541421-NettyServerStreamRpc-bossGroup--thread1] INFO  logging.LoggingHandler (AbstractInternalLogger.java:log(148)) - [id: 0x858d426d] REGISTERED
2023-09-28 12:57:22,645 [3367f98c-98b8-4b1e-994c-c2057e541421-NettyServerStreamRpc-bossGroup--thread1] INFO  logging.LoggingHandler (AbstractInternalLogger.java:log(148)) - [id: 0x858d426d] BIND: 0.0.0.0/0.0.0.0:15095
2023-09-28 12:57:22,645 [3367f98c-98b8-4b1e-994c-c2057e541421-NettyServerStreamRpc-bossGroup--thread1] INFO  logging.LoggingHandler (AbstractInternalLogger.java:log(148)) - [id: 0x858d426d, L:/0:0:0:0:0:0:0:0:15095] ACTIVE
2023-09-28 12:57:22,646 [3367f98c-98b8-4b1e-994c-c2057e541421-impl-thread1] INFO  server.RaftServer (RaftServerProxy.java:initGroupDir(258)) - 3367f98c-98b8-4b1e-994c-c2057e541421: found a subdirectory /home/runner/work/ozone/ozone/hadoop-ozone/integration-test/target/test-dir/MiniOzoneClusterImpl-e5738b5b-ff1d-4187-9339-882699725c5e/datanode-3/data/ratis/tmp
2023-09-28 12:57:22,647 [3367f98c-98b8-4b1e-994c-c2057e541421-impl-thread1] INFO  server.RaftServer (RaftServerProxy.java:initGroupDir(263)) - 3367f98c-98b8-4b1e-994c-c2057e541421: The directory /home/runner/work/ozone/ozone/hadoop-ozone/integration-test/target/test-dir/MiniOzoneClusterImpl-e5738b5b-ff1d-4187-9339-882699725c5e/datanode-3/data/ratis/tmp is not a group directory; ignoring it. 
2023-09-28 12:57:22,647 [main] INFO  replication.ReplicationServer (ReplicationServer.java:<init>(83)) - Initializing replication server with thread count = 10 queue length = 4096
2023-09-28 12:57:22,648 [main] INFO  server.XceiverServerGrpc (XceiverServerGrpc.java:<init>(132)) - GrpcServer channel type EpollServerSocketChannel
2023-09-28 12:57:22,651 [main] INFO  replication.ReplicationSupervisor (ReplicationSupervisor.java:build(155)) - Initializing replication supervisor with thread count = 10
2023-09-28 12:57:22,651 [main] INFO  replication.ReplicationSupervisor (ReplicationSupervisor.java:nodeStateUpdated(307)) - Node state updated to IN_SERVICE, scaling executor pool size to 10
2023-09-28 12:57:22,653 [main] INFO  http.BaseHttpServer (BaseHttpServer.java:newHttpServer2BuilderForOzone(223)) - Starting Web-server for hddsDatanode at: http://0.0.0.0:15089
2023-09-28 12:57:22,653 [main] INFO  http.BaseHttpServer (BaseHttpServer.java:<init>(110)) - Hadoop Security Enabled: false Ozone Security Enabled: false Ozone HTTP Security Enabled: false 
2023-09-28 12:57:22,655 [main] WARN  server.AuthenticationFilter (AuthenticationFilter.java:constructSecretProvider(240)) - Unable to initialize FileSignerSecretProvider, falling back to use random secrets. Reason: Could not read signature secret file: /home/runner/hadoop-http-auth-signature-secret
2023-09-28 12:57:22,655 [main] INFO  http.HttpRequestLog (HttpRequestLog.java:getRequestLog(86)) - Http request log for http.requests.hddsDatanode is not defined
2023-09-28 12:57:22,656 [main] INFO  http.HttpServer2 (HttpServer2.java:addGlobalFilter(1031)) - Added global filter 'safety' (class=org.apache.hadoop.hdds.server.http.HttpServer2$QuotingInputFilter)
2023-09-28 12:57:22,657 [main] INFO  http.HttpServer2 (HttpServer2.java:addFilter(1007)) - Added filter static_user_filter (class=org.apache.hadoop.http.lib.StaticUserWebFilter$StaticUserFilter) to context hddsDatanode
2023-09-28 12:57:22,657 [main] INFO  http.HttpServer2 (HttpServer2.java:addFilter(1015)) - Added filter static_user_filter (class=org.apache.hadoop.http.lib.StaticUserWebFilter$StaticUserFilter) to context static
2023-09-28 12:57:22,657 [main] INFO  http.HttpServer2 (HttpServer2.java:addFilter(1015)) - Added filter static_user_filter (class=org.apache.hadoop.http.lib.StaticUserWebFilter$StaticUserFilter) to context logs
2023-09-28 12:57:22,658 [main] INFO  http.BaseHttpServer (BaseHttpServer.java:<init>(189)) - HTTP server of hddsDatanode uses base directory /home/runner/work/ozone/ozone/hadoop-ozone/integration-test/target/test-dir/MiniOzoneClusterImpl-e5738b5b-ff1d-4187-9339-882699725c5e/datanode-3/meta/webserver
2023-09-28 12:57:22,658 [main] INFO  http.HttpServer2 (HttpServer2.java:bindListener(1231)) - Jetty bound to port 15089
2023-09-28 12:57:22,658 [main] INFO  server.Server (Server.java:doStart(375)) - jetty-9.4.52.v20230823; built: 2023-08-23T19:29:37.669Z; git: abdcda73818a1a2c705da276edb0bf6581e7997e; jvm 1.8.0_382-b05
2023-09-28 12:57:22,660 [main] INFO  server.session (DefaultSessionIdManager.java:doStart(334)) - DefaultSessionIdManager workerName=node0
2023-09-28 12:57:22,660 [main] INFO  server.session (DefaultSessionIdManager.java:doStart(339)) - No SessionScavenger set, using defaults
2023-09-28 12:57:22,660 [main] INFO  server.session (HouseKeeper.java:startScavenging(132)) - node0 Scavenging every 660000ms
2023-09-28 12:57:22,661 [main] INFO  handler.ContextHandler (ContextHandler.java:doStart(921)) - Started o.e.j.s.ServletContextHandler@3a1575f8{logs,/logs,file:///home/runner/work/ozone/ozone/hadoop-ozone/integration-test/target/log,AVAILABLE}
2023-09-28 12:57:22,661 [main] INFO  handler.ContextHandler (ContextHandler.java:doStart(921)) - Started o.e.j.s.ServletContextHandler@db670a2{static,/static,jar:file:/home/runner/.m2/repository/org/apache/ozone/hdds-container-service/1.4.0-SNAPSHOT/hdds-container-service-1.4.0-SNAPSHOT.jar!/webapps/static,AVAILABLE}
2023-09-28 12:57:22,884 [main] INFO  handler.ContextHandler (ContextHandler.java:doStart(921)) - Started o.e.j.w.WebAppContext@6d03d594{hddsDatanode,/,file:///home/runner/work/ozone/ozone/hadoop-ozone/integration-test/target/test-dir/MiniOzoneClusterImpl-e5738b5b-ff1d-4187-9339-882699725c5e/datanode-3/meta/webserver/jetty-0_0_0_0-15089-hdds-container-service-1_4_0-SNAPSHOT_jar-_-any-1791755131910491874/webapp/,AVAILABLE}{jar:file:/home/runner/.m2/repository/org/apache/ozone/hdds-container-service/1.4.0-SNAPSHOT/hdds-container-service-1.4.0-SNAPSHOT.jar!/webapps/hddsDatanode}
2023-09-28 12:57:22,886 [main] INFO  server.AbstractConnector (AbstractConnector.java:doStart(333)) - Started ServerConnector@f8ff413{HTTP/1.1, (http/1.1)}{0.0.0.0:15089}
2023-09-28 12:57:22,886 [main] INFO  server.Server (Server.java:doStart(415)) - Started @108739ms
2023-09-28 12:57:22,886 [main] WARN  impl.MetricsSystemImpl (MetricsSystemImpl.java:register(279)) - Sink prometheus already exists!
2023-09-28 12:57:22,887 [main] INFO  http.BaseHttpServer (BaseHttpServer.java:updateConnectorAddress(354)) - HTTP server of hddsDatanode listening at http://0.0.0.0:15089
2023-09-28 12:57:22,887 [main] INFO  ipc.CallQueueManager (CallQueueManager.java:<init>(90)) - Using callQueue: class java.util.concurrent.LinkedBlockingQueue, queueCapacity: 100, scheduler: class org.apache.hadoop.ipc.DefaultRpcScheduler, ipcBackoff: false.
2023-09-28 12:57:22,888 [main] INFO  ipc.Server (Server.java:<init>(1287)) - Listener at 0.0.0.0:15090
2023-09-28 12:57:22,889 [Socket Reader #1 for port 15090] INFO  ipc.Server (Server.java:run(1323)) - Starting Socket Reader #1 for port 15090
2023-09-28 12:57:22,894 [main] INFO  ozone.HddsDatanodeService (HddsDatanodeService.java:start(315)) - Datanode start with admins: [runner]
2023-09-28 12:57:22,894 [main] INFO  ozone.HddsDatanodeClientProtocolServer (HddsDatanodeClientProtocolServer.java:start(72)) - RPC server for Client /0.0.0.0:15090
2023-09-28 12:57:22,894 [IPC Server Responder] INFO  ipc.Server (Server.java:run(1562)) - IPC Server Responder: starting
2023-09-28 12:57:22,896 [IPC Server listener on 15090] INFO  ipc.Server (Server.java:run(1402)) - IPC Server listener on 15090: starting
2023-09-28 12:57:22,896 [main] WARN  impl.MetricRegistriesImpl (MetricRegistriesImpl.java:addReporterRegistration(111)) - New reporters are added after registries were created. Some metrics will be missing from the reporter. Please add reporter before adding any new registry.
2023-09-28 12:57:22,896 [main] WARN  impl.MetricRegistriesImpl (MetricRegistriesImpl.java:addReporterRegistration(111)) - New reporters are added after registries were created. Some metrics will be missing from the reporter. Please add reporter before adding any new registry.
2023-09-28 12:57:22,896 [Datanode State Machine Daemon Thread] INFO  statemachine.DatanodeStateMachine (DatanodeStateMachine.java:lambda$startDaemon$0(539)) - Ozone container server started.
2023-09-28 12:57:22,897 [main] INFO  impl.MetricsSystemImpl (MetricsSystemImpl.java:init(158)) - HddsDatanode metrics system started (again)
2023-09-28 12:57:22,910 [Datanode State Machine Task Thread - 0] INFO  datanode.InitDatanodeState (InitDatanodeState.java:persistContainerDatanodeDetails(138)) - DatanodeDetails is persisted to /home/runner/work/ozone/ozone/hadoop-ozone/integration-test/target/test-dir/MiniOzoneClusterImpl-e5738b5b-ff1d-4187-9339-882699725c5e/datanode-3/meta/datanode.id
2023-09-28 12:57:22,917 [main] INFO  ozone.HddsDatanodeService (HddsDatanodeService.java:start(237)) - HddsDatanodeService host:fv-az163-431.ksqkok1cighebdh5ckq0wc3qdf.dx.internal.cloudapp.net ip:10.1.0.34
2023-09-28 12:57:22,947 [main] INFO  upgrade.AbstractLayoutVersionManager (AbstractLayoutVersionManager.java:init(83)) - Initializing Layout version manager with metadata layout = HADOOP_PRC_PORTS_IN_DATANODEDETAILS (version = 7), software layout = HADOOP_PRC_PORTS_IN_DATANODEDETAILS (version = 7)
2023-09-28 12:57:22,948 [main] INFO  statemachine.DatanodeStateMachine (DatanodeStateMachine.java:getEndPointTaskThreadPoolSize(283)) - Datanode State Machine Task Thread Pool size 2
2023-09-28 12:57:22,951 [main] INFO  volume.HddsVolume (HddsVolume.java:<init>(126)) - Creating HddsVolume: /home/runner/work/ozone/ozone/hadoop-ozone/integration-test/target/test-dir/MiniOzoneClusterImpl-e5738b5b-ff1d-4187-9339-882699725c5e/datanode-4/data-0/containers/hdds of storage type : DISK capacity : 9223372036854775807
2023-09-28 12:57:22,951 [main] INFO  volume.MutableVolumeSet (MutableVolumeSet.java:initializeVolumeSet(173)) - Added Volume : /home/runner/work/ozone/ozone/hadoop-ozone/integration-test/target/test-dir/MiniOzoneClusterImpl-e5738b5b-ff1d-4187-9339-882699725c5e/datanode-4/data-0/containers/hdds to VolumeSet
2023-09-28 12:57:22,954 [main] INFO  volume.MutableVolumeSet (MutableVolumeSet.java:initializeVolumeSet(173)) - Added Volume : /home/runner/work/ozone/ozone/hadoop-ozone/integration-test/target/test-dir/MiniOzoneClusterImpl-e5738b5b-ff1d-4187-9339-882699725c5e/datanode-4/data/ratis to VolumeSet
2023-09-28 12:57:22,957 [Thread-850] INFO  ozoneimpl.ContainerReader (ContainerReader.java:readVolume(177)) - Finish verifying containers on volume /home/runner/work/ozone/ozone/hadoop-ozone/integration-test/target/test-dir/MiniOzoneClusterImpl-e5738b5b-ff1d-4187-9339-882699725c5e/datanode-4/data-0/containers/hdds
2023-09-28 12:57:22,957 [main] INFO  ozoneimpl.OzoneContainer (OzoneContainer.java:buildContainerSet(314)) - Build ContainerSet costs 0s
2023-09-28 12:57:22,959 [main] INFO  server.RaftServer (ConfUtils.java:logGet(46)) - raft.rpc.type = GRPC (default)
2023-09-28 12:57:22,959 [main] INFO  grpc.GrpcConfigKeys (ConfUtils.java:logFallback(53)) - raft.grpc.admin.host = null (fallback to raft.grpc.server.host)
2023-09-28 12:57:22,959 [main] INFO  grpc.GrpcConfigKeys (ConfUtils.java:logGet(46)) - raft.grpc.admin.port = 15102 (custom)
2023-09-28 12:57:22,959 [main] INFO  grpc.GrpcConfigKeys (ConfUtils.java:logFallback(53)) - raft.grpc.client.host = null (fallback to raft.grpc.server.host)
2023-09-28 12:57:22,960 [main] INFO  grpc.GrpcConfigKeys (ConfUtils.java:logGet(46)) - raft.grpc.client.port = 15101 (custom)
2023-09-28 12:57:22,960 [main] INFO  grpc.GrpcConfigKeys (ConfUtils.java:logGet(46)) - raft.grpc.server.host = null (default)
2023-09-28 12:57:22,960 [main] INFO  grpc.GrpcConfigKeys (ConfUtils.java:logGet(46)) - raft.grpc.server.port = 15103 (custom)
2023-09-28 12:57:22,960 [main] INFO  server.GrpcService (ConfUtils.java:logGet(46)) - raft.grpc.message.size.max = 32MB (=33554432) (custom)
2023-09-28 12:57:22,960 [main] INFO  server.RaftServerConfigKeys (ConfUtils.java:logGet(46)) - raft.server.log.appender.buffer.byte-limit = 33554432 (custom)
2023-09-28 12:57:22,960 [main] INFO  server.GrpcService (ConfUtils.java:logGet(46)) - raft.grpc.flow.control.window = 5MB (=5242880) (custom)
2023-09-28 12:57:22,960 [main] INFO  server.RaftServerConfigKeys (ConfUtils.java:logGet(46)) - raft.server.rpc.request.timeout = 60s (custom)
2023-09-28 12:57:22,960 [main] INFO  grpc.GrpcConfigKeys (ConfUtils.java:logGet(46)) - raft.grpc.server.heartbeat.channel = true (default)
2023-09-28 12:57:22,960 [main] INFO  grpc.GrpcConfigKeys (ConfUtils.java:logGet(46)) - raft.grpc.server.async.request.thread.pool.cached = true (default)
2023-09-28 12:57:22,964 [main] INFO  grpc.GrpcConfigKeys (ConfUtils.java:logGet(46)) - raft.grpc.server.async.request.thread.pool.size = 32 (default)
2023-09-28 12:57:22,967 [main] INFO  impl.DataStreamServerImpl (ConfUtils.java:logGet(46)) - raft.datastream.type = NETTY (custom)
2023-09-28 12:57:22,967 [main] INFO  server.RaftServerConfigKeys (ConfUtils.java:logGet(46)) - raft.server.data-stream.async.request.thread.pool.cached = false (default)
2023-09-28 12:57:22,967 [main] INFO  server.RaftServerConfigKeys (ConfUtils.java:logGet(46)) - raft.server.data-stream.async.request.thread.pool.size = 20 (custom)
2023-09-28 12:57:22,968 [main] INFO  server.RaftServerConfigKeys (ConfUtils.java:logGet(46)) - raft.server.data-stream.async.write.thread.pool.size = 16 (default)
2023-09-28 12:57:22,968 [main] INFO  server.RaftServerConfigKeys (ConfUtils.java:logGet(46)) - raft.server.data-stream.client.pool.size = 10 (default)
2023-09-28 12:57:22,968 [main] INFO  netty.NettyConfigKeys$DataStream (ConfUtils.java:logGet(46)) - raft.netty.dataStream.server.use-epoll = false (default)
2023-09-28 12:57:22,968 [main] INFO  netty.NettyConfigKeys$DataStream (ConfUtils.java:logGet(46)) - raft.netty.dataStream.server.boss-group.size = 0 (default)
2023-09-28 12:57:22,970 [main] INFO  netty.NettyConfigKeys$DataStream (ConfUtils.java:logGet(46)) - raft.netty.dataStream.server.worker-group.size = 0 (default)
2023-09-28 12:57:22,970 [main] INFO  netty.NettyConfigKeys$DataStream (ConfUtils.java:logGet(46)) - raft.netty.dataStream.server.tls.conf = null (default)
2023-09-28 12:57:22,970 [main] INFO  netty.NettyConfigKeys$DataStream (ConfUtils.java:logGet(46)) - raft.netty.dataStream.host = null (default)
2023-09-28 12:57:22,970 [main] INFO  netty.NettyConfigKeys$DataStream (ConfUtils.java:logGet(46)) - raft.netty.dataStream.port = 15104 (custom)
2023-09-28 12:57:22,973 [main] INFO  server.RaftServerConfigKeys (ConfUtils.java:logGet(46)) - raft.server.threadpool.proxy.cached = true (default)
2023-09-28 12:57:22,973 [main] INFO  server.RaftServerConfigKeys (ConfUtils.java:logGet(46)) - raft.server.threadpool.proxy.size = 0 (default)
2023-09-28 12:57:22,973 [main] INFO  server.RaftServerConfigKeys (ConfUtils.java:logGet(46)) - raft.server.rpc.slowness.timeout = 300s (custom)
2023-09-28 12:57:22,973 [main] INFO  server.RaftServerConfigKeys (ConfUtils.java:logGet(46)) - raft.server.leaderelection.leader.step-down.wait-time = 10s (default)
2023-09-28 12:57:22,973 [main] INFO  server.RaftServerConfigKeys (ConfUtils.java:logGet(46)) - raft.server.storage.dir = [/home/runner/work/ozone/ozone/hadoop-ozone/integration-test/target/test-dir/MiniOzoneClusterImpl-e5738b5b-ff1d-4187-9339-882699725c5e/datanode-4/data/ratis] (custom)
2023-09-28 12:57:22,974 [f243e081-7f32-4351-9ea9-befbe250a72f-NettyServerStreamRpc-bossGroup--thread1] INFO  logging.LoggingHandler (AbstractInternalLogger.java:log(148)) - [id: 0xeec03a01] REGISTERED
2023-09-28 12:57:22,974 [f243e081-7f32-4351-9ea9-befbe250a72f-NettyServerStreamRpc-bossGroup--thread1] INFO  logging.LoggingHandler (AbstractInternalLogger.java:log(148)) - [id: 0xeec03a01] BIND: 0.0.0.0/0.0.0.0:15104
2023-09-28 12:57:22,974 [f243e081-7f32-4351-9ea9-befbe250a72f-NettyServerStreamRpc-bossGroup--thread1] INFO  logging.LoggingHandler (AbstractInternalLogger.java:log(148)) - [id: 0xeec03a01, L:/0:0:0:0:0:0:0:0:15104] ACTIVE
2023-09-28 12:57:22,976 [f243e081-7f32-4351-9ea9-befbe250a72f-impl-thread1] INFO  server.RaftServer (RaftServerProxy.java:initGroupDir(258)) - f243e081-7f32-4351-9ea9-befbe250a72f: found a subdirectory /home/runner/work/ozone/ozone/hadoop-ozone/integration-test/target/test-dir/MiniOzoneClusterImpl-e5738b5b-ff1d-4187-9339-882699725c5e/datanode-4/data/ratis/tmp
2023-09-28 12:57:22,976 [f243e081-7f32-4351-9ea9-befbe250a72f-impl-thread1] INFO  server.RaftServer (RaftServerProxy.java:initGroupDir(263)) - f243e081-7f32-4351-9ea9-befbe250a72f: The directory /home/runner/work/ozone/ozone/hadoop-ozone/integration-test/target/test-dir/MiniOzoneClusterImpl-e5738b5b-ff1d-4187-9339-882699725c5e/datanode-4/data/ratis/tmp is not a group directory; ignoring it. 
2023-09-28 12:57:22,976 [main] INFO  replication.ReplicationServer (ReplicationServer.java:<init>(83)) - Initializing replication server with thread count = 10 queue length = 4096
2023-09-28 12:57:22,977 [main] INFO  server.XceiverServerGrpc (XceiverServerGrpc.java:<init>(132)) - GrpcServer channel type EpollServerSocketChannel
2023-09-28 12:57:22,980 [main] INFO  replication.ReplicationSupervisor (ReplicationSupervisor.java:build(155)) - Initializing replication supervisor with thread count = 10
2023-09-28 12:57:22,980 [main] INFO  replication.ReplicationSupervisor (ReplicationSupervisor.java:nodeStateUpdated(307)) - Node state updated to IN_SERVICE, scaling executor pool size to 10
2023-09-28 12:57:22,982 [main] INFO  http.BaseHttpServer (BaseHttpServer.java:newHttpServer2BuilderForOzone(223)) - Starting Web-server for hddsDatanode at: http://0.0.0.0:15098
2023-09-28 12:57:22,982 [main] INFO  http.BaseHttpServer (BaseHttpServer.java:<init>(110)) - Hadoop Security Enabled: false Ozone Security Enabled: false Ozone HTTP Security Enabled: false 
2023-09-28 12:57:22,984 [main] WARN  server.AuthenticationFilter (AuthenticationFilter.java:constructSecretProvider(240)) - Unable to initialize FileSignerSecretProvider, falling back to use random secrets. Reason: Could not read signature secret file: /home/runner/hadoop-http-auth-signature-secret
2023-09-28 12:57:22,985 [main] INFO  http.HttpRequestLog (HttpRequestLog.java:getRequestLog(86)) - Http request log for http.requests.hddsDatanode is not defined
2023-09-28 12:57:22,987 [main] INFO  http.HttpServer2 (HttpServer2.java:addGlobalFilter(1031)) - Added global filter 'safety' (class=org.apache.hadoop.hdds.server.http.HttpServer2$QuotingInputFilter)
2023-09-28 12:57:22,988 [main] INFO  http.HttpServer2 (HttpServer2.java:addFilter(1007)) - Added filter static_user_filter (class=org.apache.hadoop.http.lib.StaticUserWebFilter$StaticUserFilter) to context hddsDatanode
2023-09-28 12:57:22,988 [main] INFO  http.HttpServer2 (HttpServer2.java:addFilter(1015)) - Added filter static_user_filter (class=org.apache.hadoop.http.lib.StaticUserWebFilter$StaticUserFilter) to context logs
2023-09-28 12:57:22,988 [main] INFO  http.HttpServer2 (HttpServer2.java:addFilter(1015)) - Added filter static_user_filter (class=org.apache.hadoop.http.lib.StaticUserWebFilter$StaticUserFilter) to context static
2023-09-28 12:57:22,989 [main] INFO  http.BaseHttpServer (BaseHttpServer.java:<init>(189)) - HTTP server of hddsDatanode uses base directory /home/runner/work/ozone/ozone/hadoop-ozone/integration-test/target/test-dir/MiniOzoneClusterImpl-e5738b5b-ff1d-4187-9339-882699725c5e/datanode-4/meta/webserver
2023-09-28 12:57:22,989 [main] INFO  http.HttpServer2 (HttpServer2.java:bindListener(1231)) - Jetty bound to port 15098
2023-09-28 12:57:22,989 [main] INFO  server.Server (Server.java:doStart(375)) - jetty-9.4.52.v20230823; built: 2023-08-23T19:29:37.669Z; git: abdcda73818a1a2c705da276edb0bf6581e7997e; jvm 1.8.0_382-b05
2023-09-28 12:57:22,990 [main] INFO  server.session (DefaultSessionIdManager.java:doStart(334)) - DefaultSessionIdManager workerName=node0
2023-09-28 12:57:22,990 [main] INFO  server.session (DefaultSessionIdManager.java:doStart(339)) - No SessionScavenger set, using defaults
2023-09-28 12:57:22,991 [main] INFO  server.session (HouseKeeper.java:startScavenging(132)) - node0 Scavenging every 660000ms
2023-09-28 12:57:22,992 [main] INFO  handler.ContextHandler (ContextHandler.java:doStart(921)) - Started o.e.j.s.ServletContextHandler@58165fa3{logs,/logs,file:///home/runner/work/ozone/ozone/hadoop-ozone/integration-test/target/log,AVAILABLE}
2023-09-28 12:57:22,992 [main] INFO  handler.ContextHandler (ContextHandler.java:doStart(921)) - Started o.e.j.s.ServletContextHandler@390a5df2{static,/static,jar:file:/home/runner/.m2/repository/org/apache/ozone/hdds-container-service/1.4.0-SNAPSHOT/hdds-container-service-1.4.0-SNAPSHOT.jar!/webapps/static,AVAILABLE}
2023-09-28 12:57:23,233 [main] INFO  handler.ContextHandler (ContextHandler.java:doStart(921)) - Started o.e.j.w.WebAppContext@11c50812{hddsDatanode,/,file:///home/runner/work/ozone/ozone/hadoop-ozone/integration-test/target/test-dir/MiniOzoneClusterImpl-e5738b5b-ff1d-4187-9339-882699725c5e/datanode-4/meta/webserver/jetty-0_0_0_0-15098-hdds-container-service-1_4_0-SNAPSHOT_jar-_-any-1398314021895740187/webapp/,AVAILABLE}{jar:file:/home/runner/.m2/repository/org/apache/ozone/hdds-container-service/1.4.0-SNAPSHOT/hdds-container-service-1.4.0-SNAPSHOT.jar!/webapps/hddsDatanode}
2023-09-28 12:57:23,235 [main] INFO  server.AbstractConnector (AbstractConnector.java:doStart(333)) - Started ServerConnector@5dddd61f{HTTP/1.1, (http/1.1)}{0.0.0.0:15098}
2023-09-28 12:57:23,235 [main] INFO  server.Server (Server.java:doStart(415)) - Started @109088ms
2023-09-28 12:57:23,235 [main] WARN  impl.MetricsSystemImpl (MetricsSystemImpl.java:register(279)) - Sink prometheus already exists!
2023-09-28 12:57:23,236 [main] INFO  http.BaseHttpServer (BaseHttpServer.java:updateConnectorAddress(354)) - HTTP server of hddsDatanode listening at http://0.0.0.0:15098
2023-09-28 12:57:23,237 [main] INFO  ipc.CallQueueManager (CallQueueManager.java:<init>(90)) - Using callQueue: class java.util.concurrent.LinkedBlockingQueue, queueCapacity: 100, scheduler: class org.apache.hadoop.ipc.DefaultRpcScheduler, ipcBackoff: false.
2023-09-28 12:57:23,237 [main] INFO  ipc.Server (Server.java:<init>(1287)) - Listener at 0.0.0.0:15099
2023-09-28 12:57:23,238 [Socket Reader #1 for port 15099] INFO  ipc.Server (Server.java:run(1323)) - Starting Socket Reader #1 for port 15099
2023-09-28 12:57:23,242 [main] INFO  ozone.HddsDatanodeService (HddsDatanodeService.java:start(315)) - Datanode start with admins: [runner]
2023-09-28 12:57:23,242 [main] INFO  ozone.HddsDatanodeClientProtocolServer (HddsDatanodeClientProtocolServer.java:start(72)) - RPC server for Client /0.0.0.0:15099
2023-09-28 12:57:23,243 [IPC Server Responder] INFO  ipc.Server (Server.java:run(1562)) - IPC Server Responder: starting
2023-09-28 12:57:23,245 [main] INFO  ozone.MiniOzoneClusterImpl (MiniOzoneClusterImpl.java:lambda$waitForClusterToBeReady$0(229)) - Waiting for nodes to be ready. Got 0 of 5 DN Heartbeats.
2023-09-28 12:57:23,245 [main] INFO  ozone.MiniOzoneClusterImpl (MiniOzoneClusterImpl.java:lambda$waitForClusterToBeReady$0(232)) - Waiting for cluster to exit safe mode
2023-09-28 12:57:23,245 [main] INFO  ozone.MiniOzoneClusterImpl (MiniOzoneClusterImpl.java:lambda$waitForClusterToBeReady$0(234)) - SCM became leader
2023-09-28 12:57:23,245 [IPC Server listener on 15099] INFO  ipc.Server (Server.java:run(1402)) - IPC Server listener on 15099: starting
2023-09-28 12:57:23,249 [Datanode State Machine Daemon Thread] INFO  statemachine.DatanodeStateMachine (DatanodeStateMachine.java:lambda$startDaemon$0(539)) - Ozone container server started.
2023-09-28 12:57:23,261 [Datanode State Machine Task Thread - 0] INFO  datanode.InitDatanodeState (InitDatanodeState.java:persistContainerDatanodeDetails(138)) - DatanodeDetails is persisted to /home/runner/work/ozone/ozone/hadoop-ozone/integration-test/target/test-dir/MiniOzoneClusterImpl-e5738b5b-ff1d-4187-9339-882699725c5e/datanode-4/meta/datanode.id
2023-09-28 12:57:23,959 [EndpointStateMachine task thread for /0.0.0.0:15055 - 0 ] INFO  utils.DatanodeStoreCache (DatanodeStoreCache.java:addDB(66)) - Added db /home/runner/work/ozone/ozone/hadoop-ozone/integration-test/target/test-dir/MiniOzoneClusterImpl-e5738b5b-ff1d-4187-9339-882699725c5e/datanode-0/data-0/containers/hdds/e5738b5b-ff1d-4187-9339-882699725c5e/DS-7ce0bde6-cc37-46c4-ab7c-1d9e6c8f04d0/container.db to cache
2023-09-28 12:57:23,960 [EndpointStateMachine task thread for /0.0.0.0:15055 - 0 ] INFO  volume.HddsVolume (HddsVolume.java:createDbStore(422)) - SchemaV3 db is created and loaded at /home/runner/work/ozone/ozone/hadoop-ozone/integration-test/target/test-dir/MiniOzoneClusterImpl-e5738b5b-ff1d-4187-9339-882699725c5e/datanode-0/data-0/containers/hdds/e5738b5b-ff1d-4187-9339-882699725c5e/DS-7ce0bde6-cc37-46c4-ab7c-1d9e6c8f04d0/container.db for volume DS-7ce0bde6-cc37-46c4-ab7c-1d9e6c8f04d0
2023-09-28 12:57:23,960 [EndpointStateMachine task thread for /0.0.0.0:15055 - 0 ] INFO  volume.ThrottledAsyncChecker (ThrottledAsyncChecker.java:schedule(141)) - Scheduling a check for /home/runner/work/ozone/ozone/hadoop-ozone/integration-test/target/test-dir/MiniOzoneClusterImpl-e5738b5b-ff1d-4187-9339-882699725c5e/datanode-0/data-0/containers/hdds
2023-09-28 12:57:23,965 [EndpointStateMachine task thread for /0.0.0.0:15055 - 0 ] INFO  volume.StorageVolumeChecker (StorageVolumeChecker.java:checkAllVolumes(213)) - Scheduled health check for volume /home/runner/work/ozone/ozone/hadoop-ozone/integration-test/target/test-dir/MiniOzoneClusterImpl-e5738b5b-ff1d-4187-9339-882699725c5e/datanode-0/data-0/containers/hdds
2023-09-28 12:57:23,968 [EndpointStateMachine task thread for /0.0.0.0:15055 - 0 ] INFO  volume.ThrottledAsyncChecker (ThrottledAsyncChecker.java:schedule(141)) - Scheduling a check for /home/runner/work/ozone/ozone/hadoop-ozone/integration-test/target/test-dir/MiniOzoneClusterImpl-e5738b5b-ff1d-4187-9339-882699725c5e/datanode-0/data/ratis
2023-09-28 12:57:23,968 [EndpointStateMachine task thread for /0.0.0.0:15055 - 0 ] INFO  volume.StorageVolumeChecker (StorageVolumeChecker.java:checkAllVolumes(213)) - Scheduled health check for volume /home/runner/work/ozone/ozone/hadoop-ozone/integration-test/target/test-dir/MiniOzoneClusterImpl-e5738b5b-ff1d-4187-9339-882699725c5e/datanode-0/data/ratis
2023-09-28 12:57:23,969 [EndpointStateMachine task thread for /0.0.0.0:15055 - 0 ] INFO  ozoneimpl.OzoneContainer (OzoneContainer.java:start(429)) - Attempting to start container services.
2023-09-28 12:57:23,969 [EndpointStateMachine task thread for /0.0.0.0:15055 - 0 ] INFO  ozoneimpl.OzoneContainer (OzoneContainer.java:startContainerScrub(325)) - Scheduled background container scanners and the on-demand container scanner have been disabled.
2023-09-28 12:57:23,977 [EndpointStateMachine task thread for /0.0.0.0:15055 - 0 ] INFO  replication.ReplicationServer (ReplicationServer.java:start(134)) - ReplicationServer is started using port 15069
2023-09-28 12:57:23,977 [EndpointStateMachine task thread for /0.0.0.0:15055 - 0 ] INFO  ratis.XceiverServerRatis (XceiverServerRatis.java:start(517)) - Starting XceiverServerRatis 6aca8935-1d6c-4d3a-a292-fe52e1537be9
2023-09-28 12:57:23,978 [EndpointStateMachine task thread for /0.0.0.0:15055 - 0 ] INFO  server.RaftServer (RaftServerProxy.java:startImpl(400)) - 6aca8935-1d6c-4d3a-a292-fe52e1537be9: start RPC server
2023-09-28 12:57:23,981 [EndpointStateMachine task thread for /0.0.0.0:15055 - 0 ] INFO  server.GrpcService (GrpcService.java:startImpl(302)) - 6aca8935-1d6c-4d3a-a292-fe52e1537be9: GrpcService started, listening on 15065
2023-09-28 12:57:23,983 [EndpointStateMachine task thread for /0.0.0.0:15055 - 0 ] INFO  server.GrpcService (GrpcService.java:startImpl(302)) - 6aca8935-1d6c-4d3a-a292-fe52e1537be9: GrpcService started, listening on 15067
2023-09-28 12:57:23,984 [EndpointStateMachine task thread for /0.0.0.0:15055 - 0 ] INFO  server.GrpcService (GrpcService.java:startImpl(302)) - 6aca8935-1d6c-4d3a-a292-fe52e1537be9: GrpcService started, listening on 15066
2023-09-28 12:57:23,985 [EndpointStateMachine task thread for /0.0.0.0:15055 - 0 ] INFO  ratis.XceiverServerRatis (XceiverServerRatis.java:getRealPort(543)) - XceiverServerRatis 6aca8935-1d6c-4d3a-a292-fe52e1537be9 is started using port 15065 for RATIS
2023-09-28 12:57:23,985 [EndpointStateMachine task thread for /0.0.0.0:15055 - 0 ] INFO  ratis.XceiverServerRatis (XceiverServerRatis.java:getRealPort(543)) - XceiverServerRatis 6aca8935-1d6c-4d3a-a292-fe52e1537be9 is started using port 15066 for RATIS_ADMIN
2023-09-28 12:57:23,985 [EndpointStateMachine task thread for /0.0.0.0:15055 - 0 ] INFO  ratis.XceiverServerRatis (XceiverServerRatis.java:getRealPort(543)) - XceiverServerRatis 6aca8935-1d6c-4d3a-a292-fe52e1537be9 is started using port 15067 for RATIS_SERVER
2023-09-28 12:57:23,985 [EndpointStateMachine task thread for /0.0.0.0:15055 - 0 ] INFO  ratis.XceiverServerRatis (XceiverServerRatis.java:getRealPort(543)) - XceiverServerRatis 6aca8935-1d6c-4d3a-a292-fe52e1537be9 is started using port 15068 for RATIS_DATASTREAM
2023-09-28 12:57:23,992 [JvmPauseMonitor9] INFO  util.JvmPauseMonitor (JvmPauseMonitor.java:run(103)) - JvmPauseMonitor-6aca8935-1d6c-4d3a-a292-fe52e1537be9: Started
2023-09-28 12:57:23,994 [BlockDeletingService#0] INFO  interfaces.ContainerDeletionChoosingPolicyTemplate (ContainerDeletionChoosingPolicyTemplate.java:chooseContainerForBlockDeletion(85)) - Chosen 0/5000 blocks from 0 candidate containers.
2023-09-28 12:57:24,245 [main] INFO  ozone.MiniOzoneClusterImpl (MiniOzoneClusterImpl.java:lambda$waitForClusterToBeReady$0(229)) - Waiting for nodes to be ready. Got 0 of 5 DN Heartbeats.
2023-09-28 12:57:24,246 [main] INFO  ozone.MiniOzoneClusterImpl (MiniOzoneClusterImpl.java:lambda$waitForClusterToBeReady$0(232)) - Waiting for cluster to exit safe mode
2023-09-28 12:57:24,246 [main] INFO  ozone.MiniOzoneClusterImpl (MiniOzoneClusterImpl.java:lambda$waitForClusterToBeReady$0(234)) - SCM became leader
2023-09-28 12:57:24,278 [EndpointStateMachine task thread for /0.0.0.0:15055 - 0 ] INFO  utils.DatanodeStoreCache (DatanodeStoreCache.java:addDB(66)) - Added db /home/runner/work/ozone/ozone/hadoop-ozone/integration-test/target/test-dir/MiniOzoneClusterImpl-e5738b5b-ff1d-4187-9339-882699725c5e/datanode-1/data-0/containers/hdds/e5738b5b-ff1d-4187-9339-882699725c5e/DS-d276d33e-3e8f-4c37-9f84-7ac8acd8f648/container.db to cache
2023-09-28 12:57:24,278 [EndpointStateMachine task thread for /0.0.0.0:15055 - 0 ] INFO  volume.HddsVolume (HddsVolume.java:createDbStore(422)) - SchemaV3 db is created and loaded at /home/runner/work/ozone/ozone/hadoop-ozone/integration-test/target/test-dir/MiniOzoneClusterImpl-e5738b5b-ff1d-4187-9339-882699725c5e/datanode-1/data-0/containers/hdds/e5738b5b-ff1d-4187-9339-882699725c5e/DS-d276d33e-3e8f-4c37-9f84-7ac8acd8f648/container.db for volume DS-d276d33e-3e8f-4c37-9f84-7ac8acd8f648
2023-09-28 12:57:24,279 [EndpointStateMachine task thread for /0.0.0.0:15055 - 0 ] INFO  volume.ThrottledAsyncChecker (ThrottledAsyncChecker.java:schedule(141)) - Scheduling a check for /home/runner/work/ozone/ozone/hadoop-ozone/integration-test/target/test-dir/MiniOzoneClusterImpl-e5738b5b-ff1d-4187-9339-882699725c5e/datanode-1/data-0/containers/hdds
2023-09-28 12:57:24,279 [EndpointStateMachine task thread for /0.0.0.0:15055 - 0 ] INFO  volume.StorageVolumeChecker (StorageVolumeChecker.java:checkAllVolumes(213)) - Scheduled health check for volume /home/runner/work/ozone/ozone/hadoop-ozone/integration-test/target/test-dir/MiniOzoneClusterImpl-e5738b5b-ff1d-4187-9339-882699725c5e/datanode-1/data-0/containers/hdds
2023-09-28 12:57:24,284 [EndpointStateMachine task thread for /0.0.0.0:15055 - 0 ] INFO  volume.ThrottledAsyncChecker (ThrottledAsyncChecker.java:schedule(141)) - Scheduling a check for /home/runner/work/ozone/ozone/hadoop-ozone/integration-test/target/test-dir/MiniOzoneClusterImpl-e5738b5b-ff1d-4187-9339-882699725c5e/datanode-1/data/ratis
2023-09-28 12:57:24,285 [EndpointStateMachine task thread for /0.0.0.0:15055 - 0 ] INFO  volume.StorageVolumeChecker (StorageVolumeChecker.java:checkAllVolumes(213)) - Scheduled health check for volume /home/runner/work/ozone/ozone/hadoop-ozone/integration-test/target/test-dir/MiniOzoneClusterImpl-e5738b5b-ff1d-4187-9339-882699725c5e/datanode-1/data/ratis
2023-09-28 12:57:24,288 [EndpointStateMachine task thread for /0.0.0.0:15055 - 0 ] INFO  ozoneimpl.OzoneContainer (OzoneContainer.java:start(429)) - Attempting to start container services.
2023-09-28 12:57:24,288 [EndpointStateMachine task thread for /0.0.0.0:15055 - 0 ] INFO  ozoneimpl.OzoneContainer (OzoneContainer.java:startContainerScrub(325)) - Scheduled background container scanners and the on-demand container scanner have been disabled.
2023-09-28 12:57:24,289 [EndpointStateMachine task thread for /0.0.0.0:15055 - 0 ] INFO  replication.ReplicationServer (ReplicationServer.java:start(134)) - ReplicationServer is started using port 15078
2023-09-28 12:57:24,289 [EndpointStateMachine task thread for /0.0.0.0:15055 - 0 ] INFO  ratis.XceiverServerRatis (XceiverServerRatis.java:start(517)) - Starting XceiverServerRatis 7cfd9c5f-6b01-4921-8aee-b720897a5c16
2023-09-28 12:57:24,290 [EndpointStateMachine task thread for /0.0.0.0:15055 - 0 ] INFO  server.RaftServer (RaftServerProxy.java:startImpl(400)) - 7cfd9c5f-6b01-4921-8aee-b720897a5c16: start RPC server
2023-09-28 12:57:24,291 [EndpointStateMachine task thread for /0.0.0.0:15055 - 0 ] INFO  server.GrpcService (GrpcService.java:startImpl(302)) - 7cfd9c5f-6b01-4921-8aee-b720897a5c16: GrpcService started, listening on 15074
2023-09-28 12:57:24,292 [EndpointStateMachine task thread for /0.0.0.0:15055 - 0 ] INFO  server.GrpcService (GrpcService.java:startImpl(302)) - 7cfd9c5f-6b01-4921-8aee-b720897a5c16: GrpcService started, listening on 15076
2023-09-28 12:57:24,293 [EndpointStateMachine task thread for /0.0.0.0:15055 - 0 ] INFO  server.GrpcService (GrpcService.java:startImpl(302)) - 7cfd9c5f-6b01-4921-8aee-b720897a5c16: GrpcService started, listening on 15075
2023-09-28 12:57:24,293 [EndpointStateMachine task thread for /0.0.0.0:15055 - 0 ] INFO  ratis.XceiverServerRatis (XceiverServerRatis.java:getRealPort(543)) - XceiverServerRatis 7cfd9c5f-6b01-4921-8aee-b720897a5c16 is started using port 15074 for RATIS
2023-09-28 12:57:24,293 [EndpointStateMachine task thread for /0.0.0.0:15055 - 0 ] INFO  ratis.XceiverServerRatis (XceiverServerRatis.java:getRealPort(543)) - XceiverServerRatis 7cfd9c5f-6b01-4921-8aee-b720897a5c16 is started using port 15075 for RATIS_ADMIN
2023-09-28 12:57:24,293 [EndpointStateMachine task thread for /0.0.0.0:15055 - 0 ] INFO  ratis.XceiverServerRatis (XceiverServerRatis.java:getRealPort(543)) - XceiverServerRatis 7cfd9c5f-6b01-4921-8aee-b720897a5c16 is started using port 15076 for RATIS_SERVER
2023-09-28 12:57:24,293 [EndpointStateMachine task thread for /0.0.0.0:15055 - 0 ] INFO  ratis.XceiverServerRatis (XceiverServerRatis.java:getRealPort(543)) - XceiverServerRatis 7cfd9c5f-6b01-4921-8aee-b720897a5c16 is started using port 15077 for RATIS_DATASTREAM
2023-09-28 12:57:24,294 [JvmPauseMonitor10] INFO  util.JvmPauseMonitor (JvmPauseMonitor.java:run(103)) - JvmPauseMonitor-7cfd9c5f-6b01-4921-8aee-b720897a5c16: Started
2023-09-28 12:57:24,300 [BlockDeletingService#0] INFO  interfaces.ContainerDeletionChoosingPolicyTemplate (ContainerDeletionChoosingPolicyTemplate.java:chooseContainerForBlockDeletion(85)) - Chosen 0/5000 blocks from 0 candidate containers.
2023-09-28 12:57:24,634 [EndpointStateMachine task thread for /0.0.0.0:15055 - 0 ] INFO  utils.DatanodeStoreCache (DatanodeStoreCache.java:addDB(66)) - Added db /home/runner/work/ozone/ozone/hadoop-ozone/integration-test/target/test-dir/MiniOzoneClusterImpl-e5738b5b-ff1d-4187-9339-882699725c5e/datanode-2/data-0/containers/hdds/e5738b5b-ff1d-4187-9339-882699725c5e/DS-9615fc91-3982-43b2-926c-16ad0c62a354/container.db to cache
2023-09-28 12:57:24,634 [EndpointStateMachine task thread for /0.0.0.0:15055 - 0 ] INFO  volume.HddsVolume (HddsVolume.java:createDbStore(422)) - SchemaV3 db is created and loaded at /home/runner/work/ozone/ozone/hadoop-ozone/integration-test/target/test-dir/MiniOzoneClusterImpl-e5738b5b-ff1d-4187-9339-882699725c5e/datanode-2/data-0/containers/hdds/e5738b5b-ff1d-4187-9339-882699725c5e/DS-9615fc91-3982-43b2-926c-16ad0c62a354/container.db for volume DS-9615fc91-3982-43b2-926c-16ad0c62a354
2023-09-28 12:57:24,635 [EndpointStateMachine task thread for /0.0.0.0:15055 - 0 ] INFO  volume.ThrottledAsyncChecker (ThrottledAsyncChecker.java:schedule(141)) - Scheduling a check for /home/runner/work/ozone/ozone/hadoop-ozone/integration-test/target/test-dir/MiniOzoneClusterImpl-e5738b5b-ff1d-4187-9339-882699725c5e/datanode-2/data-0/containers/hdds
2023-09-28 12:57:24,635 [EndpointStateMachine task thread for /0.0.0.0:15055 - 0 ] INFO  volume.StorageVolumeChecker (StorageVolumeChecker.java:checkAllVolumes(213)) - Scheduled health check for volume /home/runner/work/ozone/ozone/hadoop-ozone/integration-test/target/test-dir/MiniOzoneClusterImpl-e5738b5b-ff1d-4187-9339-882699725c5e/datanode-2/data-0/containers/hdds
2023-09-28 12:57:24,638 [EndpointStateMachine task thread for /0.0.0.0:15055 - 0 ] INFO  volume.ThrottledAsyncChecker (ThrottledAsyncChecker.java:schedule(141)) - Scheduling a check for /home/runner/work/ozone/ozone/hadoop-ozone/integration-test/target/test-dir/MiniOzoneClusterImpl-e5738b5b-ff1d-4187-9339-882699725c5e/datanode-2/data/ratis
2023-09-28 12:57:24,638 [EndpointStateMachine task thread for /0.0.0.0:15055 - 0 ] INFO  volume.StorageVolumeChecker (StorageVolumeChecker.java:checkAllVolumes(213)) - Scheduled health check for volume /home/runner/work/ozone/ozone/hadoop-ozone/integration-test/target/test-dir/MiniOzoneClusterImpl-e5738b5b-ff1d-4187-9339-882699725c5e/datanode-2/data/ratis
2023-09-28 12:57:24,639 [EndpointStateMachine task thread for /0.0.0.0:15055 - 0 ] INFO  ozoneimpl.OzoneContainer (OzoneContainer.java:start(429)) - Attempting to start container services.
2023-09-28 12:57:24,639 [EndpointStateMachine task thread for /0.0.0.0:15055 - 0 ] INFO  ozoneimpl.OzoneContainer (OzoneContainer.java:startContainerScrub(325)) - Scheduled background container scanners and the on-demand container scanner have been disabled.
2023-09-28 12:57:24,640 [EndpointStateMachine task thread for /0.0.0.0:15055 - 0 ] INFO  replication.ReplicationServer (ReplicationServer.java:start(134)) - ReplicationServer is started using port 15087
2023-09-28 12:57:24,640 [EndpointStateMachine task thread for /0.0.0.0:15055 - 0 ] INFO  ratis.XceiverServerRatis (XceiverServerRatis.java:start(517)) - Starting XceiverServerRatis 0f9fbc80-e5a1-4c69-bc7e-bbf3cec1ed51
2023-09-28 12:57:24,643 [EndpointStateMachine task thread for /0.0.0.0:15055 - 0 ] INFO  server.RaftServer (RaftServerProxy.java:startImpl(400)) - 0f9fbc80-e5a1-4c69-bc7e-bbf3cec1ed51: start RPC server
2023-09-28 12:57:24,645 [EndpointStateMachine task thread for /0.0.0.0:15055 - 0 ] INFO  server.GrpcService (GrpcService.java:startImpl(302)) - 0f9fbc80-e5a1-4c69-bc7e-bbf3cec1ed51: GrpcService started, listening on 15083
2023-09-28 12:57:24,649 [EndpointStateMachine task thread for /0.0.0.0:15055 - 0 ] INFO  server.GrpcService (GrpcService.java:startImpl(302)) - 0f9fbc80-e5a1-4c69-bc7e-bbf3cec1ed51: GrpcService started, listening on 15085
2023-09-28 12:57:24,650 [EndpointStateMachine task thread for /0.0.0.0:15055 - 0 ] INFO  server.GrpcService (GrpcService.java:startImpl(302)) - 0f9fbc80-e5a1-4c69-bc7e-bbf3cec1ed51: GrpcService started, listening on 15084
2023-09-28 12:57:24,650 [EndpointStateMachine task thread for /0.0.0.0:15055 - 0 ] INFO  ratis.XceiverServerRatis (XceiverServerRatis.java:getRealPort(543)) - XceiverServerRatis 0f9fbc80-e5a1-4c69-bc7e-bbf3cec1ed51 is started using port 15083 for RATIS
2023-09-28 12:57:24,650 [EndpointStateMachine task thread for /0.0.0.0:15055 - 0 ] INFO  ratis.XceiverServerRatis (XceiverServerRatis.java:getRealPort(543)) - XceiverServerRatis 0f9fbc80-e5a1-4c69-bc7e-bbf3cec1ed51 is started using port 15084 for RATIS_ADMIN
2023-09-28 12:57:24,650 [JvmPauseMonitor11] INFO  util.JvmPauseMonitor (JvmPauseMonitor.java:run(103)) - JvmPauseMonitor-0f9fbc80-e5a1-4c69-bc7e-bbf3cec1ed51: Started
2023-09-28 12:57:24,650 [EndpointStateMachine task thread for /0.0.0.0:15055 - 0 ] INFO  ratis.XceiverServerRatis (XceiverServerRatis.java:getRealPort(543)) - XceiverServerRatis 0f9fbc80-e5a1-4c69-bc7e-bbf3cec1ed51 is started using port 15085 for RATIS_SERVER
2023-09-28 12:57:24,650 [EndpointStateMachine task thread for /0.0.0.0:15055 - 0 ] INFO  ratis.XceiverServerRatis (XceiverServerRatis.java:getRealPort(543)) - XceiverServerRatis 0f9fbc80-e5a1-4c69-bc7e-bbf3cec1ed51 is started using port 15086 for RATIS_DATASTREAM
2023-09-28 12:57:24,652 [BlockDeletingService#0] INFO  interfaces.ContainerDeletionChoosingPolicyTemplate (ContainerDeletionChoosingPolicyTemplate.java:chooseContainerForBlockDeletion(85)) - Chosen 0/5000 blocks from 0 candidate containers.
2023-09-28 12:57:24,961 [EndpointStateMachine task thread for /0.0.0.0:15055 - 0 ] INFO  utils.DatanodeStoreCache (DatanodeStoreCache.java:addDB(66)) - Added db /home/runner/work/ozone/ozone/hadoop-ozone/integration-test/target/test-dir/MiniOzoneClusterImpl-e5738b5b-ff1d-4187-9339-882699725c5e/datanode-3/data-0/containers/hdds/e5738b5b-ff1d-4187-9339-882699725c5e/DS-35fede76-de4e-4b40-b6bc-8e3adbcc1cff/container.db to cache
2023-09-28 12:57:24,962 [EndpointStateMachine task thread for /0.0.0.0:15055 - 0 ] INFO  volume.HddsVolume (HddsVolume.java:createDbStore(422)) - SchemaV3 db is created and loaded at /home/runner/work/ozone/ozone/hadoop-ozone/integration-test/target/test-dir/MiniOzoneClusterImpl-e5738b5b-ff1d-4187-9339-882699725c5e/datanode-3/data-0/containers/hdds/e5738b5b-ff1d-4187-9339-882699725c5e/DS-35fede76-de4e-4b40-b6bc-8e3adbcc1cff/container.db for volume DS-35fede76-de4e-4b40-b6bc-8e3adbcc1cff
2023-09-28 12:57:24,962 [EndpointStateMachine task thread for /0.0.0.0:15055 - 0 ] INFO  volume.ThrottledAsyncChecker (ThrottledAsyncChecker.java:schedule(141)) - Scheduling a check for /home/runner/work/ozone/ozone/hadoop-ozone/integration-test/target/test-dir/MiniOzoneClusterImpl-e5738b5b-ff1d-4187-9339-882699725c5e/datanode-3/data-0/containers/hdds
2023-09-28 12:57:24,964 [EndpointStateMachine task thread for /0.0.0.0:15055 - 0 ] INFO  volume.StorageVolumeChecker (StorageVolumeChecker.java:checkAllVolumes(213)) - Scheduled health check for volume /home/runner/work/ozone/ozone/hadoop-ozone/integration-test/target/test-dir/MiniOzoneClusterImpl-e5738b5b-ff1d-4187-9339-882699725c5e/datanode-3/data-0/containers/hdds
2023-09-28 12:57:24,967 [EndpointStateMachine task thread for /0.0.0.0:15055 - 0 ] INFO  volume.ThrottledAsyncChecker (ThrottledAsyncChecker.java:schedule(141)) - Scheduling a check for /home/runner/work/ozone/ozone/hadoop-ozone/integration-test/target/test-dir/MiniOzoneClusterImpl-e5738b5b-ff1d-4187-9339-882699725c5e/datanode-3/data/ratis
2023-09-28 12:57:24,967 [EndpointStateMachine task thread for /0.0.0.0:15055 - 0 ] INFO  volume.StorageVolumeChecker (StorageVolumeChecker.java:checkAllVolumes(213)) - Scheduled health check for volume /home/runner/work/ozone/ozone/hadoop-ozone/integration-test/target/test-dir/MiniOzoneClusterImpl-e5738b5b-ff1d-4187-9339-882699725c5e/datanode-3/data/ratis
2023-09-28 12:57:24,970 [EndpointStateMachine task thread for /0.0.0.0:15055 - 0 ] INFO  ozoneimpl.OzoneContainer (OzoneContainer.java:start(429)) - Attempting to start container services.
2023-09-28 12:57:24,970 [EndpointStateMachine task thread for /0.0.0.0:15055 - 0 ] INFO  ozoneimpl.OzoneContainer (OzoneContainer.java:startContainerScrub(325)) - Scheduled background container scanners and the on-demand container scanner have been disabled.
2023-09-28 12:57:24,971 [EndpointStateMachine task thread for /0.0.0.0:15055 - 0 ] INFO  replication.ReplicationServer (ReplicationServer.java:start(134)) - ReplicationServer is started using port 15096
2023-09-28 12:57:24,971 [EndpointStateMachine task thread for /0.0.0.0:15055 - 0 ] INFO  ratis.XceiverServerRatis (XceiverServerRatis.java:start(517)) - Starting XceiverServerRatis 3367f98c-98b8-4b1e-994c-c2057e541421
2023-09-28 12:57:24,972 [EndpointStateMachine task thread for /0.0.0.0:15055 - 0 ] INFO  server.RaftServer (RaftServerProxy.java:startImpl(400)) - 3367f98c-98b8-4b1e-994c-c2057e541421: start RPC server
2023-09-28 12:57:24,973 [EndpointStateMachine task thread for /0.0.0.0:15055 - 0 ] INFO  server.GrpcService (GrpcService.java:startImpl(302)) - 3367f98c-98b8-4b1e-994c-c2057e541421: GrpcService started, listening on 15092
2023-09-28 12:57:24,974 [EndpointStateMachine task thread for /0.0.0.0:15055 - 0 ] INFO  server.GrpcService (GrpcService.java:startImpl(302)) - 3367f98c-98b8-4b1e-994c-c2057e541421: GrpcService started, listening on 15094
2023-09-28 12:57:24,977 [EndpointStateMachine task thread for /0.0.0.0:15055 - 0 ] INFO  server.GrpcService (GrpcService.java:startImpl(302)) - 3367f98c-98b8-4b1e-994c-c2057e541421: GrpcService started, listening on 15093
2023-09-28 12:57:24,977 [EndpointStateMachine task thread for /0.0.0.0:15055 - 0 ] INFO  ratis.XceiverServerRatis (XceiverServerRatis.java:getRealPort(543)) - XceiverServerRatis 3367f98c-98b8-4b1e-994c-c2057e541421 is started using port 15092 for RATIS
2023-09-28 12:57:24,977 [EndpointStateMachine task thread for /0.0.0.0:15055 - 0 ] INFO  ratis.XceiverServerRatis (XceiverServerRatis.java:getRealPort(543)) - XceiverServerRatis 3367f98c-98b8-4b1e-994c-c2057e541421 is started using port 15093 for RATIS_ADMIN
2023-09-28 12:57:24,977 [JvmPauseMonitor12] INFO  util.JvmPauseMonitor (JvmPauseMonitor.java:run(103)) - JvmPauseMonitor-3367f98c-98b8-4b1e-994c-c2057e541421: Started
2023-09-28 12:57:24,978 [EndpointStateMachine task thread for /0.0.0.0:15055 - 0 ] INFO  ratis.XceiverServerRatis (XceiverServerRatis.java:getRealPort(543)) - XceiverServerRatis 3367f98c-98b8-4b1e-994c-c2057e541421 is started using port 15094 for RATIS_SERVER
2023-09-28 12:57:24,978 [EndpointStateMachine task thread for /0.0.0.0:15055 - 0 ] INFO  ratis.XceiverServerRatis (XceiverServerRatis.java:getRealPort(543)) - XceiverServerRatis 3367f98c-98b8-4b1e-994c-c2057e541421 is started using port 15095 for RATIS_DATASTREAM
2023-09-28 12:57:24,985 [BlockDeletingService#0] INFO  interfaces.ContainerDeletionChoosingPolicyTemplate (ContainerDeletionChoosingPolicyTemplate.java:chooseContainerForBlockDeletion(85)) - Chosen 0/5000 blocks from 0 candidate containers.
2023-09-28 12:57:25,246 [main] INFO  ozone.MiniOzoneClusterImpl (MiniOzoneClusterImpl.java:lambda$waitForClusterToBeReady$0(229)) - Waiting for nodes to be ready. Got 0 of 5 DN Heartbeats.
2023-09-28 12:57:25,246 [main] INFO  ozone.MiniOzoneClusterImpl (MiniOzoneClusterImpl.java:lambda$waitForClusterToBeReady$0(232)) - Waiting for cluster to exit safe mode
2023-09-28 12:57:25,246 [main] INFO  ozone.MiniOzoneClusterImpl (MiniOzoneClusterImpl.java:lambda$waitForClusterToBeReady$0(234)) - SCM became leader
2023-09-28 12:57:25,299 [EndpointStateMachine task thread for /0.0.0.0:15055 - 0 ] INFO  utils.DatanodeStoreCache (DatanodeStoreCache.java:addDB(66)) - Added db /home/runner/work/ozone/ozone/hadoop-ozone/integration-test/target/test-dir/MiniOzoneClusterImpl-e5738b5b-ff1d-4187-9339-882699725c5e/datanode-4/data-0/containers/hdds/e5738b5b-ff1d-4187-9339-882699725c5e/DS-e05e5cbc-e7f5-47d2-a081-ebcce26dfcaf/container.db to cache
2023-09-28 12:57:25,299 [EndpointStateMachine task thread for /0.0.0.0:15055 - 0 ] INFO  volume.HddsVolume (HddsVolume.java:createDbStore(422)) - SchemaV3 db is created and loaded at /home/runner/work/ozone/ozone/hadoop-ozone/integration-test/target/test-dir/MiniOzoneClusterImpl-e5738b5b-ff1d-4187-9339-882699725c5e/datanode-4/data-0/containers/hdds/e5738b5b-ff1d-4187-9339-882699725c5e/DS-e05e5cbc-e7f5-47d2-a081-ebcce26dfcaf/container.db for volume DS-e05e5cbc-e7f5-47d2-a081-ebcce26dfcaf
2023-09-28 12:57:25,300 [EndpointStateMachine task thread for /0.0.0.0:15055 - 0 ] INFO  volume.ThrottledAsyncChecker (ThrottledAsyncChecker.java:schedule(141)) - Scheduling a check for /home/runner/work/ozone/ozone/hadoop-ozone/integration-test/target/test-dir/MiniOzoneClusterImpl-e5738b5b-ff1d-4187-9339-882699725c5e/datanode-4/data-0/containers/hdds
2023-09-28 12:57:25,301 [EndpointStateMachine task thread for /0.0.0.0:15055 - 0 ] INFO  volume.StorageVolumeChecker (StorageVolumeChecker.java:checkAllVolumes(213)) - Scheduled health check for volume /home/runner/work/ozone/ozone/hadoop-ozone/integration-test/target/test-dir/MiniOzoneClusterImpl-e5738b5b-ff1d-4187-9339-882699725c5e/datanode-4/data-0/containers/hdds
2023-09-28 12:57:25,304 [EndpointStateMachine task thread for /0.0.0.0:15055 - 0 ] INFO  volume.ThrottledAsyncChecker (ThrottledAsyncChecker.java:schedule(141)) - Scheduling a check for /home/runner/work/ozone/ozone/hadoop-ozone/integration-test/target/test-dir/MiniOzoneClusterImpl-e5738b5b-ff1d-4187-9339-882699725c5e/datanode-4/data/ratis
2023-09-28 12:57:25,304 [EndpointStateMachine task thread for /0.0.0.0:15055 - 0 ] INFO  volume.StorageVolumeChecker (StorageVolumeChecker.java:checkAllVolumes(213)) - Scheduled health check for volume /home/runner/work/ozone/ozone/hadoop-ozone/integration-test/target/test-dir/MiniOzoneClusterImpl-e5738b5b-ff1d-4187-9339-882699725c5e/datanode-4/data/ratis
2023-09-28 12:57:25,306 [EndpointStateMachine task thread for /0.0.0.0:15055 - 0 ] INFO  ozoneimpl.OzoneContainer (OzoneContainer.java:start(429)) - Attempting to start container services.
2023-09-28 12:57:25,306 [EndpointStateMachine task thread for /0.0.0.0:15055 - 0 ] INFO  ozoneimpl.OzoneContainer (OzoneContainer.java:startContainerScrub(325)) - Scheduled background container scanners and the on-demand container scanner have been disabled.
2023-09-28 12:57:25,309 [EndpointStateMachine task thread for /0.0.0.0:15055 - 0 ] INFO  replication.ReplicationServer (ReplicationServer.java:start(134)) - ReplicationServer is started using port 15105
2023-09-28 12:57:25,309 [EndpointStateMachine task thread for /0.0.0.0:15055 - 0 ] INFO  ratis.XceiverServerRatis (XceiverServerRatis.java:start(517)) - Starting XceiverServerRatis f243e081-7f32-4351-9ea9-befbe250a72f
2023-09-28 12:57:25,310 [EndpointStateMachine task thread for /0.0.0.0:15055 - 0 ] INFO  server.RaftServer (RaftServerProxy.java:startImpl(400)) - f243e081-7f32-4351-9ea9-befbe250a72f: start RPC server
2023-09-28 12:57:25,311 [EndpointStateMachine task thread for /0.0.0.0:15055 - 0 ] INFO  server.GrpcService (GrpcService.java:startImpl(302)) - f243e081-7f32-4351-9ea9-befbe250a72f: GrpcService started, listening on 15101
2023-09-28 12:57:25,312 [EndpointStateMachine task thread for /0.0.0.0:15055 - 0 ] INFO  server.GrpcService (GrpcService.java:startImpl(302)) - f243e081-7f32-4351-9ea9-befbe250a72f: GrpcService started, listening on 15103
2023-09-28 12:57:25,313 [EndpointStateMachine task thread for /0.0.0.0:15055 - 0 ] INFO  server.GrpcService (GrpcService.java:startImpl(302)) - f243e081-7f32-4351-9ea9-befbe250a72f: GrpcService started, listening on 15102
2023-09-28 12:57:25,313 [EndpointStateMachine task thread for /0.0.0.0:15055 - 0 ] INFO  ratis.XceiverServerRatis (XceiverServerRatis.java:getRealPort(543)) - XceiverServerRatis f243e081-7f32-4351-9ea9-befbe250a72f is started using port 15101 for RATIS
2023-09-28 12:57:25,313 [EndpointStateMachine task thread for /0.0.0.0:15055 - 0 ] INFO  ratis.XceiverServerRatis (XceiverServerRatis.java:getRealPort(543)) - XceiverServerRatis f243e081-7f32-4351-9ea9-befbe250a72f is started using port 15102 for RATIS_ADMIN
2023-09-28 12:57:25,313 [JvmPauseMonitor13] INFO  util.JvmPauseMonitor (JvmPauseMonitor.java:run(103)) - JvmPauseMonitor-f243e081-7f32-4351-9ea9-befbe250a72f: Started
2023-09-28 12:57:25,313 [EndpointStateMachine task thread for /0.0.0.0:15055 - 0 ] INFO  ratis.XceiverServerRatis (XceiverServerRatis.java:getRealPort(543)) - XceiverServerRatis f243e081-7f32-4351-9ea9-befbe250a72f is started using port 15103 for RATIS_SERVER
2023-09-28 12:57:25,314 [EndpointStateMachine task thread for /0.0.0.0:15055 - 0 ] INFO  ratis.XceiverServerRatis (XceiverServerRatis.java:getRealPort(543)) - XceiverServerRatis f243e081-7f32-4351-9ea9-befbe250a72f is started using port 15104 for RATIS_DATASTREAM
2023-09-28 12:57:25,317 [BlockDeletingService#0] INFO  interfaces.ContainerDeletionChoosingPolicyTemplate (ContainerDeletionChoosingPolicyTemplate.java:chooseContainerForBlockDeletion(85)) - Chosen 0/5000 blocks from 0 candidate containers.
2023-09-28 12:57:25,910 [IPC Server handler 1 on default port 15055] INFO  net.NetworkTopologyImpl (NetworkTopologyImpl.java:add(112)) - Added a new node: /default-rack/6aca8935-1d6c-4d3a-a292-fe52e1537be9
2023-09-28 12:57:25,910 [IPC Server handler 1 on default port 15055] INFO  node.SCMNodeManager (SCMNodeManager.java:register(405)) - Registered Data node : 6aca8935-1d6c-4d3a-a292-fe52e1537be9{ip: 10.1.0.34, host: fv-az163-431.ksqkok1cighebdh5ckq0wc3qdf.dx.internal.cloudapp.net, ports: [HTTP=15062, CLIENT_RPC=15063, REPLICATION=15069, RATIS=15065, RATIS_ADMIN=15066, RATIS_SERVER=15067, RATIS_DATASTREAM=15068, STANDALONE=15064], networkLocation: /default-rack, certSerialId: null, persistedOpState: null, persistedOpStateExpiryEpochSec: 0}
2023-09-28 12:57:25,924 [EventQueue-NodeRegistrationContainerReportForContainerSafeModeRule] INFO  safemode.SCMSafeModeManager (SCMSafeModeManager.java:validateSafeModeExitRules(200)) - ContainerSafeModeRule rule is successfully validated
2023-09-28 12:57:25,925 [EventQueue-NodeRegistrationContainerReportForDataNodeSafeModeRule] INFO  safemode.SCMSafeModeManager (DataNodeSafeModeRule.java:process(71)) - SCM in safe mode. 1 DataNodes registered, 3 required.
2023-09-28 12:57:25,926 [EventQueue-NewNodeForNewNodeHandler] INFO  pipeline.BackgroundPipelineCreator (BackgroundPipelineCreator.java:notifyEventTriggered(277)) - trigger a one-shot run on RatisPipelineUtilsThread.
2023-09-28 12:57:25,926 [EventQueue-PipelineReportForOneReplicaPipelineSafeModeRule] INFO  safemode.SCMSafeModeManager (SCMSafeModeManager.java:validateSafeModeExitRules(200)) - AtleastOneDatanodeReportedRule rule is successfully validated
2023-09-28 12:57:25,927 [RatisPipelineUtilsThread - 0] INFO  pipeline.RatisPipelineProvider (RatisPipelineProvider.java:lambda$create$0(206)) - Sending CreatePipelineCommand for pipeline:PipelineID=7bcf3dc0-e842-49ce-8a5a-c280a57fcaa9 to datanode:6aca8935-1d6c-4d3a-a292-fe52e1537be9
2023-09-28 12:57:25,927 [RatisPipelineUtilsThread - 0] INFO  pipeline.BackgroundPipelineCreator (BackgroundPipelineCreator.java:createPipelines(233)) - Created new pipeline Pipeline[ Id: 7bcf3dc0-e842-49ce-8a5a-c280a57fcaa9, Nodes: 6aca8935-1d6c-4d3a-a292-fe52e1537be9(fv-az163-431.ksqkok1cighebdh5ckq0wc3qdf.dx.internal.cloudapp.net/10.1.0.34), ReplicationConfig: RATIS/ONE, State:ALLOCATED, leaderId:, CreationTimestamp2023-09-28T12:57:25.926Z[Etc/UTC]]
2023-09-28 12:57:26,234 [IPC Server handler 4 on default port 15055] INFO  net.NetworkTopologyImpl (NetworkTopologyImpl.java:add(112)) - Added a new node: /default-rack/7cfd9c5f-6b01-4921-8aee-b720897a5c16
2023-09-28 12:57:26,234 [IPC Server handler 4 on default port 15055] INFO  node.SCMNodeManager (SCMNodeManager.java:register(405)) - Registered Data node : 7cfd9c5f-6b01-4921-8aee-b720897a5c16{ip: 10.1.0.34, host: fv-az163-431.ksqkok1cighebdh5ckq0wc3qdf.dx.internal.cloudapp.net, ports: [HTTP=15071, CLIENT_RPC=15072, REPLICATION=15078, RATIS=15074, RATIS_ADMIN=15075, RATIS_SERVER=15076, RATIS_DATASTREAM=15077, STANDALONE=15073], networkLocation: /default-rack, certSerialId: null, persistedOpState: null, persistedOpStateExpiryEpochSec: 0}
2023-09-28 12:57:26,236 [EventQueue-NodeRegistrationContainerReportForDataNodeSafeModeRule] INFO  safemode.SCMSafeModeManager (DataNodeSafeModeRule.java:process(71)) - SCM in safe mode. 2 DataNodes registered, 3 required.
2023-09-28 12:57:26,236 [EventQueue-NewNodeForNewNodeHandler] INFO  pipeline.BackgroundPipelineCreator (BackgroundPipelineCreator.java:notifyEventTriggered(277)) - trigger a one-shot run on RatisPipelineUtilsThread.
2023-09-28 12:57:26,237 [RatisPipelineUtilsThread - 0] INFO  pipeline.RatisPipelineProvider (RatisPipelineProvider.java:lambda$create$0(206)) - Sending CreatePipelineCommand for pipeline:PipelineID=747d10b7-4bfe-4e3e-9de3-e9e6ac06dec0 to datanode:7cfd9c5f-6b01-4921-8aee-b720897a5c16
2023-09-28 12:57:26,238 [RatisPipelineUtilsThread - 0] INFO  pipeline.BackgroundPipelineCreator (BackgroundPipelineCreator.java:createPipelines(233)) - Created new pipeline Pipeline[ Id: 747d10b7-4bfe-4e3e-9de3-e9e6ac06dec0, Nodes: 7cfd9c5f-6b01-4921-8aee-b720897a5c16(fv-az163-431.ksqkok1cighebdh5ckq0wc3qdf.dx.internal.cloudapp.net/10.1.0.34), ReplicationConfig: RATIS/ONE, State:ALLOCATED, leaderId:, CreationTimestamp2023-09-28T12:57:26.237Z[Etc/UTC]]
2023-09-28 12:57:26,247 [main] INFO  ozone.MiniOzoneClusterImpl (MiniOzoneClusterImpl.java:lambda$waitForClusterToBeReady$0(229)) - Waiting for nodes to be ready. Got 2 of 5 DN Heartbeats.
2023-09-28 12:57:26,247 [main] INFO  ozone.MiniOzoneClusterImpl (MiniOzoneClusterImpl.java:lambda$waitForClusterToBeReady$0(232)) - Waiting for cluster to exit safe mode
2023-09-28 12:57:26,247 [main] INFO  ozone.MiniOzoneClusterImpl (MiniOzoneClusterImpl.java:lambda$waitForClusterToBeReady$0(234)) - SCM became leader
2023-09-28 12:57:26,589 [IPC Server handler 0 on default port 15055] INFO  net.NetworkTopologyImpl (NetworkTopologyImpl.java:add(112)) - Added a new node: /default-rack/0f9fbc80-e5a1-4c69-bc7e-bbf3cec1ed51
2023-09-28 12:57:26,589 [IPC Server handler 0 on default port 15055] INFO  node.SCMNodeManager (SCMNodeManager.java:register(405)) - Registered Data node : 0f9fbc80-e5a1-4c69-bc7e-bbf3cec1ed51{ip: 10.1.0.34, host: fv-az163-431.ksqkok1cighebdh5ckq0wc3qdf.dx.internal.cloudapp.net, ports: [HTTP=15080, CLIENT_RPC=15081, REPLICATION=15087, RATIS=15083, RATIS_ADMIN=15084, RATIS_SERVER=15085, RATIS_DATASTREAM=15086, STANDALONE=15082], networkLocation: /default-rack, certSerialId: null, persistedOpState: null, persistedOpStateExpiryEpochSec: 0}
2023-09-28 12:57:26,591 [EventQueue-NewNodeForNewNodeHandler] INFO  pipeline.BackgroundPipelineCreator (BackgroundPipelineCreator.java:notifyEventTriggered(277)) - trigger a one-shot run on RatisPipelineUtilsThread.
2023-09-28 12:57:26,591 [EventQueue-NodeRegistrationContainerReportForDataNodeSafeModeRule] INFO  safemode.SCMSafeModeManager (DataNodeSafeModeRule.java:process(71)) - SCM in safe mode. 3 DataNodes registered, 3 required.
2023-09-28 12:57:26,591 [EventQueue-NodeRegistrationContainerReportForDataNodeSafeModeRule] INFO  safemode.SCMSafeModeManager (SCMSafeModeManager.java:validateSafeModeExitRules(200)) - DataNodeSafeModeRule rule is successfully validated
2023-09-28 12:57:26,591 [EventQueue-NodeRegistrationContainerReportForDataNodeSafeModeRule] INFO  safemode.SCMSafeModeManager (SCMSafeModeManager.java:completePreCheck(229)) - All SCM safe mode pre check rules have passed
2023-09-28 12:57:26,591 [EventQueue-NodeRegistrationContainerReportForDataNodeSafeModeRule] INFO  ha.SCMContext (SCMContext.java:updateSafeModeStatus(228)) - Update SafeModeStatus from SafeModeStatus{safeModeStatus=true, preCheckPassed=false} to SafeModeStatus{safeModeStatus=true, preCheckPassed=true}.
2023-09-28 12:57:26,591 [EventQueue-NodeRegistrationContainerReportForDataNodeSafeModeRule] INFO  pipeline.BackgroundPipelineCreator (BackgroundPipelineCreator.java:notifyEventTriggered(277)) - trigger a one-shot run on RatisPipelineUtilsThread.
2023-09-28 12:57:26,592 [RatisPipelineUtilsThread - 0] INFO  pipeline.RatisPipelineProvider (RatisPipelineProvider.java:lambda$create$0(206)) - Sending CreatePipelineCommand for pipeline:PipelineID=a8a81b86-618d-4082-af7f-51f809c613ed to datanode:0f9fbc80-e5a1-4c69-bc7e-bbf3cec1ed51
2023-09-28 12:57:26,593 [RatisPipelineUtilsThread - 0] INFO  pipeline.BackgroundPipelineCreator (BackgroundPipelineCreator.java:createPipelines(233)) - Created new pipeline Pipeline[ Id: a8a81b86-618d-4082-af7f-51f809c613ed, Nodes: 0f9fbc80-e5a1-4c69-bc7e-bbf3cec1ed51(fv-az163-431.ksqkok1cighebdh5ckq0wc3qdf.dx.internal.cloudapp.net/10.1.0.34), ReplicationConfig: RATIS/ONE, State:ALLOCATED, leaderId:, CreationTimestamp2023-09-28T12:57:26.592Z[Etc/UTC]]
2023-09-28 12:57:26,593 [RatisPipelineUtilsThread - 0] INFO  pipeline.RatisPipelineProvider (RatisPipelineProvider.java:lambda$create$0(206)) - Sending CreatePipelineCommand for pipeline:PipelineID=ad0d1982-956e-4e08-86a2-a6141398dd36 to datanode:7cfd9c5f-6b01-4921-8aee-b720897a5c16
2023-09-28 12:57:26,594 [RatisPipelineUtilsThread - 0] INFO  pipeline.RatisPipelineProvider (RatisPipelineProvider.java:lambda$create$0(206)) - Sending CreatePipelineCommand for pipeline:PipelineID=ad0d1982-956e-4e08-86a2-a6141398dd36 to datanode:0f9fbc80-e5a1-4c69-bc7e-bbf3cec1ed51
2023-09-28 12:57:26,594 [RatisPipelineUtilsThread - 0] INFO  pipeline.RatisPipelineProvider (RatisPipelineProvider.java:lambda$create$0(206)) - Sending CreatePipelineCommand for pipeline:PipelineID=ad0d1982-956e-4e08-86a2-a6141398dd36 to datanode:6aca8935-1d6c-4d3a-a292-fe52e1537be9
2023-09-28 12:57:26,594 [RatisPipelineUtilsThread - 0] INFO  pipeline.BackgroundPipelineCreator (BackgroundPipelineCreator.java:createPipelines(233)) - Created new pipeline Pipeline[ Id: ad0d1982-956e-4e08-86a2-a6141398dd36, Nodes: 7cfd9c5f-6b01-4921-8aee-b720897a5c16(fv-az163-431.ksqkok1cighebdh5ckq0wc3qdf.dx.internal.cloudapp.net/10.1.0.34)0f9fbc80-e5a1-4c69-bc7e-bbf3cec1ed51(fv-az163-431.ksqkok1cighebdh5ckq0wc3qdf.dx.internal.cloudapp.net/10.1.0.34)6aca8935-1d6c-4d3a-a292-fe52e1537be9(fv-az163-431.ksqkok1cighebdh5ckq0wc3qdf.dx.internal.cloudapp.net/10.1.0.34), ReplicationConfig: RATIS/THREE, State:ALLOCATED, leaderId:, CreationTimestamp2023-09-28T12:57:26.593Z[Etc/UTC]]
2023-09-28 12:57:26,595 [RatisPipelineUtilsThread - 0] INFO  pipeline.RatisPipelineProvider (RatisPipelineProvider.java:lambda$create$0(206)) - Sending CreatePipelineCommand for pipeline:PipelineID=5e50b054-075a-4fbd-94d2-3f43fff779b4 to datanode:7cfd9c5f-6b01-4921-8aee-b720897a5c16
2023-09-28 12:57:26,595 [RatisPipelineUtilsThread - 0] INFO  pipeline.RatisPipelineProvider (RatisPipelineProvider.java:lambda$create$0(206)) - Sending CreatePipelineCommand for pipeline:PipelineID=5e50b054-075a-4fbd-94d2-3f43fff779b4 to datanode:6aca8935-1d6c-4d3a-a292-fe52e1537be9
2023-09-28 12:57:26,595 [RatisPipelineUtilsThread - 0] INFO  pipeline.RatisPipelineProvider (RatisPipelineProvider.java:lambda$create$0(206)) - Sending CreatePipelineCommand for pipeline:PipelineID=5e50b054-075a-4fbd-94d2-3f43fff779b4 to datanode:0f9fbc80-e5a1-4c69-bc7e-bbf3cec1ed51
2023-09-28 12:57:26,596 [RatisPipelineUtilsThread - 0] INFO  pipeline.PipelineManagerImpl (PipelineManagerImpl.java:recordMetricsForPipeline(895)) - Pipeline: PipelineID=5e50b054-075a-4fbd-94d2-3f43fff779b4 contains same datanodes as previous pipelines: PipelineID=ad0d1982-956e-4e08-86a2-a6141398dd36 nodeIds: 7cfd9c5f-6b01-4921-8aee-b720897a5c16, 6aca8935-1d6c-4d3a-a292-fe52e1537be9, 0f9fbc80-e5a1-4c69-bc7e-bbf3cec1ed51
2023-09-28 12:57:26,596 [RatisPipelineUtilsThread - 0] INFO  pipeline.BackgroundPipelineCreator (BackgroundPipelineCreator.java:createPipelines(233)) - Created new pipeline Pipeline[ Id: 5e50b054-075a-4fbd-94d2-3f43fff779b4, Nodes: 7cfd9c5f-6b01-4921-8aee-b720897a5c16(fv-az163-431.ksqkok1cighebdh5ckq0wc3qdf.dx.internal.cloudapp.net/10.1.0.34)6aca8935-1d6c-4d3a-a292-fe52e1537be9(fv-az163-431.ksqkok1cighebdh5ckq0wc3qdf.dx.internal.cloudapp.net/10.1.0.34)0f9fbc80-e5a1-4c69-bc7e-bbf3cec1ed51(fv-az163-431.ksqkok1cighebdh5ckq0wc3qdf.dx.internal.cloudapp.net/10.1.0.34), ReplicationConfig: RATIS/THREE, State:ALLOCATED, leaderId:, CreationTimestamp2023-09-28T12:57:26.595Z[Etc/UTC]]
2023-09-28 12:57:26,908 [IPC Server handler 2 on default port 15055] INFO  net.NetworkTopologyImpl (NetworkTopologyImpl.java:add(112)) - Added a new node: /default-rack/3367f98c-98b8-4b1e-994c-c2057e541421
2023-09-28 12:57:26,908 [IPC Server handler 2 on default port 15055] INFO  node.SCMNodeManager (SCMNodeManager.java:register(405)) - Registered Data node : 3367f98c-98b8-4b1e-994c-c2057e541421{ip: 10.1.0.34, host: fv-az163-431.ksqkok1cighebdh5ckq0wc3qdf.dx.internal.cloudapp.net, ports: [HTTP=15089, CLIENT_RPC=15090, REPLICATION=15096, RATIS=15092, RATIS_ADMIN=15093, RATIS_SERVER=15094, RATIS_DATASTREAM=15095, STANDALONE=15091], networkLocation: /default-rack, certSerialId: null, persistedOpState: null, persistedOpStateExpiryEpochSec: 0}
2023-09-28 12:57:26,908 [EventQueue-NewNodeForNewNodeHandler] INFO  pipeline.BackgroundPipelineCreator (BackgroundPipelineCreator.java:notifyEventTriggered(277)) - trigger a one-shot run on RatisPipelineUtilsThread.
2023-09-28 12:57:26,909 [RatisPipelineUtilsThread - 0] INFO  pipeline.RatisPipelineProvider (RatisPipelineProvider.java:lambda$create$0(206)) - Sending CreatePipelineCommand for pipeline:PipelineID=fafaf605-d5d1-4545-9978-2d8e62ede98c to datanode:3367f98c-98b8-4b1e-994c-c2057e541421
2023-09-28 12:57:26,910 [RatisPipelineUtilsThread - 0] INFO  pipeline.BackgroundPipelineCreator (BackgroundPipelineCreator.java:createPipelines(233)) - Created new pipeline Pipeline[ Id: fafaf605-d5d1-4545-9978-2d8e62ede98c, Nodes: 3367f98c-98b8-4b1e-994c-c2057e541421(fv-az163-431.ksqkok1cighebdh5ckq0wc3qdf.dx.internal.cloudapp.net/10.1.0.34), ReplicationConfig: RATIS/ONE, State:ALLOCATED, leaderId:, CreationTimestamp2023-09-28T12:57:26.909Z[Etc/UTC]]
2023-09-28 12:57:27,247 [main] INFO  ozone.MiniOzoneClusterImpl (MiniOzoneClusterImpl.java:lambda$waitForClusterToBeReady$0(229)) - Waiting for nodes to be ready. Got 4 of 5 DN Heartbeats.
2023-09-28 12:57:27,247 [main] INFO  ozone.MiniOzoneClusterImpl (MiniOzoneClusterImpl.java:lambda$waitForClusterToBeReady$0(232)) - Waiting for cluster to exit safe mode
2023-09-28 12:57:27,248 [main] INFO  ozone.MiniOzoneClusterImpl (MiniOzoneClusterImpl.java:lambda$waitForClusterToBeReady$0(234)) - SCM became leader
2023-09-28 12:57:27,255 [IPC Server handler 5 on default port 15055] INFO  net.NetworkTopologyImpl (NetworkTopologyImpl.java:add(112)) - Added a new node: /default-rack/f243e081-7f32-4351-9ea9-befbe250a72f
2023-09-28 12:57:27,255 [IPC Server handler 5 on default port 15055] INFO  node.SCMNodeManager (SCMNodeManager.java:register(405)) - Registered Data node : f243e081-7f32-4351-9ea9-befbe250a72f{ip: 10.1.0.34, host: fv-az163-431.ksqkok1cighebdh5ckq0wc3qdf.dx.internal.cloudapp.net, ports: [HTTP=15098, CLIENT_RPC=15099, REPLICATION=15105, RATIS=15101, RATIS_ADMIN=15102, RATIS_SERVER=15103, RATIS_DATASTREAM=15104, STANDALONE=15100], networkLocation: /default-rack, certSerialId: null, persistedOpState: null, persistedOpStateExpiryEpochSec: 0}
2023-09-28 12:57:27,255 [EventQueue-NewNodeForNewNodeHandler] INFO  pipeline.BackgroundPipelineCreator (BackgroundPipelineCreator.java:notifyEventTriggered(277)) - trigger a one-shot run on RatisPipelineUtilsThread.
2023-09-28 12:57:27,257 [RatisPipelineUtilsThread - 0] INFO  pipeline.RatisPipelineProvider (RatisPipelineProvider.java:lambda$create$0(206)) - Sending CreatePipelineCommand for pipeline:PipelineID=0db309bd-0566-442c-ac7a-0f567a3a2a55 to datanode:f243e081-7f32-4351-9ea9-befbe250a72f
2023-09-28 12:57:27,257 [RatisPipelineUtilsThread - 0] INFO  pipeline.BackgroundPipelineCreator (BackgroundPipelineCreator.java:createPipelines(233)) - Created new pipeline Pipeline[ Id: 0db309bd-0566-442c-ac7a-0f567a3a2a55, Nodes: f243e081-7f32-4351-9ea9-befbe250a72f(fv-az163-431.ksqkok1cighebdh5ckq0wc3qdf.dx.internal.cloudapp.net/10.1.0.34), ReplicationConfig: RATIS/ONE, State:ALLOCATED, leaderId:, CreationTimestamp2023-09-28T12:57:27.257Z[Etc/UTC]]
2023-09-28 12:57:28,248 [main] INFO  ozone.MiniOzoneClusterImpl (MiniOzoneClusterImpl.java:lambda$waitForClusterToBeReady$0(229)) - Nodes are ready. Got 5 of 5 DN Heartbeats.
2023-09-28 12:57:28,248 [main] INFO  ozone.MiniOzoneClusterImpl (MiniOzoneClusterImpl.java:lambda$waitForClusterToBeReady$0(232)) - Waiting for cluster to exit safe mode
2023-09-28 12:57:28,248 [main] INFO  ozone.MiniOzoneClusterImpl (MiniOzoneClusterImpl.java:lambda$waitForClusterToBeReady$0(234)) - SCM became leader
2023-09-28 12:57:28,911 [PipelineCommandHandlerThread-0] INFO  server.RaftServer (RaftServerProxy.java:addNew(98)) - 6aca8935-1d6c-4d3a-a292-fe52e1537be9: addNew group-C280A57FCAA9:[6aca8935-1d6c-4d3a-a292-fe52e1537be9|rpc:10.1.0.34:15067|admin:10.1.0.34:15066|client:10.1.0.34:15065|dataStream:10.1.0.34:15068|priority:1|startupRole:FOLLOWER] returns group-C280A57FCAA9:java.util.concurrent.CompletableFuture@12625e52[Not completed]
2023-09-28 12:57:28,914 [6aca8935-1d6c-4d3a-a292-fe52e1537be9-groupManagement] INFO  server.RaftServer$Division (RaftServerImpl.java:<init>(198)) - 6aca8935-1d6c-4d3a-a292-fe52e1537be9: new RaftServerImpl for group-C280A57FCAA9:[6aca8935-1d6c-4d3a-a292-fe52e1537be9|rpc:10.1.0.34:15067|admin:10.1.0.34:15066|client:10.1.0.34:15065|dataStream:10.1.0.34:15068|priority:1|startupRole:FOLLOWER] with ContainerStateMachine:uninitialized
2023-09-28 12:57:28,914 [6aca8935-1d6c-4d3a-a292-fe52e1537be9-groupManagement] INFO  server.RaftServerConfigKeys (ConfUtils.java:logGet(46)) - raft.server.rpc.timeout.min = 5s (custom)
2023-09-28 12:57:28,914 [6aca8935-1d6c-4d3a-a292-fe52e1537be9-groupManagement] INFO  server.RaftServerConfigKeys (ConfUtils.java:logGet(46)) - raft.server.rpc.timeout.max = 5200ms (custom)
2023-09-28 12:57:28,914 [6aca8935-1d6c-4d3a-a292-fe52e1537be9-groupManagement] INFO  server.RaftServerConfigKeys (ConfUtils.java:logGet(46)) - raft.server.rpc.sleep.time = 25ms (default)
2023-09-28 12:57:28,914 [6aca8935-1d6c-4d3a-a292-fe52e1537be9-groupManagement] INFO  server.RaftServerConfigKeys (ConfUtils.java:logGet(46)) - raft.server.rpc.slowness.timeout = 300s (custom)
2023-09-28 12:57:28,914 [6aca8935-1d6c-4d3a-a292-fe52e1537be9-groupManagement] INFO  server.RaftServerConfigKeys (ConfUtils.java:logGet(46)) - raft.server.leaderelection.leader.step-down.wait-time = 10s (default)
2023-09-28 12:57:28,917 [6aca8935-1d6c-4d3a-a292-fe52e1537be9-groupManagement] INFO  server.RaftServerConfigKeys (ConfUtils.java:logGet(46)) - raft.server.sleep.deviation.threshold = 300ms (default)
2023-09-28 12:57:28,917 [6aca8935-1d6c-4d3a-a292-fe52e1537be9-groupManagement] INFO  server.RaftServer$Division (ServerState.java:<init>(120)) - 6aca8935-1d6c-4d3a-a292-fe52e1537be9@group-C280A57FCAA9: ConfigurationManager, init=-1: peers:[6aca8935-1d6c-4d3a-a292-fe52e1537be9|rpc:10.1.0.34:15067|admin:10.1.0.34:15066|client:10.1.0.34:15065|dataStream:10.1.0.34:15068|priority:1|startupRole:FOLLOWER]|listeners:[], old=null, confs=<EMPTY_MAP>
2023-09-28 12:57:28,917 [6aca8935-1d6c-4d3a-a292-fe52e1537be9-groupManagement] INFO  server.RaftServerConfigKeys (ConfUtils.java:logGet(46)) - raft.server.storage.dir = [/home/runner/work/ozone/ozone/hadoop-ozone/integration-test/target/test-dir/MiniOzoneClusterImpl-e5738b5b-ff1d-4187-9339-882699725c5e/datanode-0/data/ratis] (custom)
2023-09-28 12:57:28,917 [6aca8935-1d6c-4d3a-a292-fe52e1537be9-groupManagement] INFO  server.RaftServerConfigKeys (ConfUtils.java:logGet(46)) - raft.server.log.corruption.policy = EXCEPTION (default)
2023-09-28 12:57:28,917 [6aca8935-1d6c-4d3a-a292-fe52e1537be9-groupManagement] INFO  server.RaftServerConfigKeys (ConfUtils.java:logGet(46)) - raft.server.storage.free-space.min = 0MB (=0) (default)
2023-09-28 12:57:28,917 [6aca8935-1d6c-4d3a-a292-fe52e1537be9-groupManagement] INFO  server.RaftServerConfigKeys (ConfUtils.java:logGet(46)) - raft.server.notification.no-leader.timeout = 300s (custom)
2023-09-28 12:57:28,917 [6aca8935-1d6c-4d3a-a292-fe52e1537be9-groupManagement] INFO  server.RaftServerConfigKeys (ConfUtils.java:logGet(46)) - raft.server.read.timeout = 10s (default)
2023-09-28 12:57:28,917 [6aca8935-1d6c-4d3a-a292-fe52e1537be9-groupManagement] INFO  server.RaftServerConfigKeys (ConfUtils.java:logGet(46)) - raft.server.retrycache.expirytime = 600000ms (custom)
2023-09-28 12:57:28,917 [6aca8935-1d6c-4d3a-a292-fe52e1537be9-groupManagement] INFO  server.RaftServerConfigKeys (ConfUtils.java:logGet(46)) - raft.server.retrycache.statistics.expirytime = 100μs (default)
2023-09-28 12:57:28,917 [6aca8935-1d6c-4d3a-a292-fe52e1537be9-groupManagement] INFO  server.RaftServerConfigKeys (ConfUtils.java:logGet(46)) - raft.server.read.option = DEFAULT (default)
2023-09-28 12:57:28,918 [6aca8935-1d6c-4d3a-a292-fe52e1537be9-groupManagement] INFO  server.RaftServerConfigKeys (ConfUtils.java:logGet(46)) - raft.server.rpc.request.timeout = 60s (custom)
2023-09-28 12:57:28,918 [6aca8935-1d6c-4d3a-a292-fe52e1537be9-groupManagement] INFO  server.RaftServerConfigKeys (ConfUtils.java:logGet(46)) - raft.server.log.appender.install.snapshot.enabled = false (custom)
2023-09-28 12:57:28,918 [6aca8935-1d6c-4d3a-a292-fe52e1537be9-groupManagement] INFO  server.RaftServerConfigKeys (ConfUtils.java:logGet(46)) - raft.server.threadpool.server.cached = true (default)
2023-09-28 12:57:28,919 [6aca8935-1d6c-4d3a-a292-fe52e1537be9-groupManagement] INFO  server.RaftServerConfigKeys (ConfUtils.java:logGet(46)) - raft.server.threadpool.server.size = 0 (default)
2023-09-28 12:57:28,919 [6aca8935-1d6c-4d3a-a292-fe52e1537be9-groupManagement] INFO  server.RaftServerConfigKeys (ConfUtils.java:logGet(46)) - raft.server.threadpool.client.cached = true (default)
2023-09-28 12:57:28,919 [6aca8935-1d6c-4d3a-a292-fe52e1537be9-groupManagement] INFO  server.RaftServerConfigKeys (ConfUtils.java:logGet(46)) - raft.server.threadpool.client.size = 0 (default)
2023-09-28 12:57:28,919 [6aca8935-1d6c-4d3a-a292-fe52e1537be9-groupManagement] INFO  storage.RaftStorageDirectory (RaftStorageDirectoryImpl.java:analyzeStorage(137)) - The storage directory /home/runner/work/ozone/ozone/hadoop-ozone/integration-test/target/test-dir/MiniOzoneClusterImpl-e5738b5b-ff1d-4187-9339-882699725c5e/datanode-0/data/ratis/7bcf3dc0-e842-49ce-8a5a-c280a57fcaa9 does not exist. Creating ...
2023-09-28 12:57:28,920 [6aca8935-1d6c-4d3a-a292-fe52e1537be9-groupManagement] INFO  storage.RaftStorageDirectory (RaftStorageDirectoryImpl.java:tryLock(231)) - Lock on /home/runner/work/ozone/ozone/hadoop-ozone/integration-test/target/test-dir/MiniOzoneClusterImpl-e5738b5b-ff1d-4187-9339-882699725c5e/datanode-0/data/ratis/7bcf3dc0-e842-49ce-8a5a-c280a57fcaa9/in_use.lock acquired by nodename 7568@fv-az163-431
2023-09-28 12:57:28,922 [6aca8935-1d6c-4d3a-a292-fe52e1537be9-groupManagement] INFO  storage.RaftStorage (RaftStorageImpl.java:format(96)) - Storage directory /home/runner/work/ozone/ozone/hadoop-ozone/integration-test/target/test-dir/MiniOzoneClusterImpl-e5738b5b-ff1d-4187-9339-882699725c5e/datanode-0/data/ratis/7bcf3dc0-e842-49ce-8a5a-c280a57fcaa9 has been successfully formatted.
2023-09-28 12:57:28,923 [6aca8935-1d6c-4d3a-a292-fe52e1537be9-groupManagement] INFO  ratis.ContainerStateMachine (ContainerStateMachine.java:loadSnapshot(262)) - group-C280A57FCAA9: The snapshot info is null. Setting the last applied indexto:(t:0, i:~)
2023-09-28 12:57:28,923 [6aca8935-1d6c-4d3a-a292-fe52e1537be9-groupManagement] INFO  server.RaftServerConfigKeys (ConfUtils.java:logGet(46)) - raft.server.log.use.memory = false (default)
2023-09-28 12:57:28,924 [6aca8935-1d6c-4d3a-a292-fe52e1537be9-groupManagement] INFO  server.RaftServerConfigKeys (ConfUtils.java:logGet(46)) - raft.server.log.purge.gap = 1000000 (custom)
2023-09-28 12:57:28,924 [6aca8935-1d6c-4d3a-a292-fe52e1537be9-groupManagement] INFO  server.RaftServerConfigKeys (ConfUtils.java:logGet(46)) - raft.server.log.appender.buffer.byte-limit = 33554432 (custom)
2023-09-28 12:57:28,924 [6aca8935-1d6c-4d3a-a292-fe52e1537be9-groupManagement] INFO  server.RaftServerConfigKeys (ConfUtils.java:logGet(46)) - raft.server.log.statemachine.data.read.timeout = 1000ms (default)
2023-09-28 12:57:28,924 [6aca8935-1d6c-4d3a-a292-fe52e1537be9-groupManagement] INFO  server.RaftServerConfigKeys (ConfUtils.java:logGet(46)) - raft.server.log.purge.preservation.log.num = 0 (default)
2023-09-28 12:57:28,924 [6aca8935-1d6c-4d3a-a292-fe52e1537be9-groupManagement] INFO  server.RaftServerConfigKeys (ConfUtils.java:logGet(46)) - raft.server.log.segment.size.max = 1048576 (custom)
2023-09-28 12:57:28,925 [EventQueue-PipelineReportForPipelineReportHandler] INFO  pipeline.PipelineReportHandler (PipelineReportHandler.java:processPipelineReport(136)) - Opened pipeline PipelineID=7bcf3dc0-e842-49ce-8a5a-c280a57fcaa9
2023-09-28 12:57:28,926 [6aca8935-1d6c-4d3a-a292-fe52e1537be9-groupManagement] INFO  server.RaftServerConfigKeys (ConfUtils.java:logGet(46)) - raft.server.log.segment.cache.num.max = 2 (custom)
2023-09-28 12:57:28,926 [6aca8935-1d6c-4d3a-a292-fe52e1537be9-groupManagement] INFO  server.RaftServerConfigKeys (ConfUtils.java:logGet(46)) - raft.server.log.segment.cache.size.max = 200MB (=209715200) (default)
2023-09-28 12:57:28,926 [6aca8935-1d6c-4d3a-a292-fe52e1537be9-groupManagement] INFO  server.RaftServerConfigKeys (ConfUtils.java:logGet(46)) - raft.server.log.appender.buffer.byte-limit = 33554432 (custom)
2023-09-28 12:57:28,926 [6aca8935-1d6c-4d3a-a292-fe52e1537be9-groupManagement] INFO  segmented.SegmentedRaftLogWorker (SegmentedRaftLogWorker.java:<init>(188)) - new 6aca8935-1d6c-4d3a-a292-fe52e1537be9@group-C280A57FCAA9-SegmentedRaftLogWorker for RaftStorageImpl:Storage Directory /home/runner/work/ozone/ozone/hadoop-ozone/integration-test/target/test-dir/MiniOzoneClusterImpl-e5738b5b-ff1d-4187-9339-882699725c5e/datanode-0/data/ratis/7bcf3dc0-e842-49ce-8a5a-c280a57fcaa9
2023-09-28 12:57:28,926 [6aca8935-1d6c-4d3a-a292-fe52e1537be9-groupManagement] INFO  server.RaftServerConfigKeys (ConfUtils.java:logGet(46)) - raft.server.log.queue.byte-limit = 4294967296 (custom)
2023-09-28 12:57:28,926 [6aca8935-1d6c-4d3a-a292-fe52e1537be9-groupManagement] INFO  server.RaftServerConfigKeys (ConfUtils.java:logGet(46)) - raft.server.log.queue.element-limit = 1024 (custom)
2023-09-28 12:57:28,926 [6aca8935-1d6c-4d3a-a292-fe52e1537be9-groupManagement] INFO  server.RaftServerConfigKeys (ConfUtils.java:logGet(46)) - raft.server.log.segment.size.max = 1048576 (custom)
2023-09-28 12:57:28,926 [6aca8935-1d6c-4d3a-a292-fe52e1537be9-groupManagement] INFO  server.RaftServerConfigKeys (ConfUtils.java:logGet(46)) - raft.server.log.preallocated.size = 16384 (custom)
2023-09-28 12:57:28,926 [6aca8935-1d6c-4d3a-a292-fe52e1537be9-groupManagement] INFO  server.RaftServerConfigKeys (ConfUtils.java:logGet(46)) - raft.server.log.force.sync.num = 128 (default)
2023-09-28 12:57:28,926 [6aca8935-1d6c-4d3a-a292-fe52e1537be9-groupManagement] INFO  server.RaftServerConfigKeys (ConfUtils.java:logGet(46)) - raft.server.log.statemachine.data.sync = true (default)
2023-09-28 12:57:28,926 [6aca8935-1d6c-4d3a-a292-fe52e1537be9-groupManagement] INFO  server.RaftServerConfigKeys (ConfUtils.java:logGet(46)) - raft.server.log.statemachine.data.sync.timeout = 10s (default)
2023-09-28 12:57:28,926 [6aca8935-1d6c-4d3a-a292-fe52e1537be9-groupManagement] INFO  server.RaftServerConfigKeys (ConfUtils.java:logGet(46)) - raft.server.log.statemachine.data.sync.timeout.retry = -1 (default)
2023-09-28 12:57:28,927 [6aca8935-1d6c-4d3a-a292-fe52e1537be9-groupManagement] INFO  server.RaftServerConfigKeys (ConfUtils.java:logGet(46)) - raft.server.log.write.buffer.size = 1048576 (custom)
2023-09-28 12:57:28,927 [6aca8935-1d6c-4d3a-a292-fe52e1537be9-groupManagement] INFO  server.RaftServerConfigKeys (ConfUtils.java:logGet(46)) - raft.server.log.appender.buffer.byte-limit = 33554432 (custom)
2023-09-28 12:57:28,933 [6aca8935-1d6c-4d3a-a292-fe52e1537be9-groupManagement] INFO  server.RaftServerConfigKeys (ConfUtils.java:logGet(46)) - raft.server.log.unsafe-flush.enabled = false (default)
2023-09-28 12:57:28,933 [6aca8935-1d6c-4d3a-a292-fe52e1537be9-groupManagement] INFO  server.RaftServerConfigKeys (ConfUtils.java:logGet(46)) - raft.server.log.async-flush.enabled = false (default)
2023-09-28 12:57:28,937 [EventQueue-OpenPipelineForHealthyPipelineSafeModeRule] INFO  safemode.SCMSafeModeManager (HealthyPipelineSafeModeRule.java:process(137)) - SCM in safe mode. Healthy pipelines reported count is 0, required healthy pipeline reported count is 1
2023-09-28 12:57:28,937 [6aca8935-1d6c-4d3a-a292-fe52e1537be9-groupManagement] INFO  server.RaftServerConfigKeys (ConfUtils.java:logGet(46)) - raft.server.log.statemachine.data.caching.enabled = true (custom)
2023-09-28 12:57:28,938 [6aca8935-1d6c-4d3a-a292-fe52e1537be9-groupManagement] INFO  segmented.SegmentedRaftLogWorker (SegmentedRaftLogWorker.java:lambda$new$0(135)) - 6aca8935-1d6c-4d3a-a292-fe52e1537be9@group-C280A57FCAA9-SegmentedRaftLogWorker: flushIndex: setUnconditionally 0 -> -1
2023-09-28 12:57:28,938 [6aca8935-1d6c-4d3a-a292-fe52e1537be9-groupManagement] INFO  segmented.SegmentedRaftLogWorker (SegmentedRaftLogWorker.java:lambda$new$0(135)) - 6aca8935-1d6c-4d3a-a292-fe52e1537be9@group-C280A57FCAA9-SegmentedRaftLogWorker: safeCacheEvictIndex: setUnconditionally 0 -> -1
2023-09-28 12:57:28,942 [6aca8935-1d6c-4d3a-a292-fe52e1537be9-groupManagement] INFO  server.RaftServer$Division (RaftServerImpl.java:start(342)) - 6aca8935-1d6c-4d3a-a292-fe52e1537be9@group-C280A57FCAA9: start as a follower, conf=-1: peers:[6aca8935-1d6c-4d3a-a292-fe52e1537be9|rpc:10.1.0.34:15067|admin:10.1.0.34:15066|client:10.1.0.34:15065|dataStream:10.1.0.34:15068|priority:1|startupRole:FOLLOWER]|listeners:[], old=null
2023-09-28 12:57:28,942 [6aca8935-1d6c-4d3a-a292-fe52e1537be9-groupManagement] INFO  server.RaftServer$Division (RaftServerImpl.java:setRole(329)) - 6aca8935-1d6c-4d3a-a292-fe52e1537be9@group-C280A57FCAA9: changes role from      null to FOLLOWER at term 0 for startAsFollower
2023-09-28 12:57:28,942 [6aca8935-1d6c-4d3a-a292-fe52e1537be9-groupManagement] INFO  impl.RoleInfo (RoleInfo.java:updateAndGet(139)) - 6aca8935-1d6c-4d3a-a292-fe52e1537be9: start 6aca8935-1d6c-4d3a-a292-fe52e1537be9@group-C280A57FCAA9-FollowerState
2023-09-28 12:57:28,943 [6aca8935-1d6c-4d3a-a292-fe52e1537be9-groupManagement] INFO  util.JmxRegister (JmxRegister.java:tryRegister(44)) - Successfully registered JMX Bean with object name Ratis:service=RaftServer,group=group-C280A57FCAA9,id=6aca8935-1d6c-4d3a-a292-fe52e1537be9
2023-09-28 12:57:28,943 [6aca8935-1d6c-4d3a-a292-fe52e1537be9-groupManagement] INFO  server.RaftServerConfigKeys (ConfUtils.java:logGet(46)) - raft.server.snapshot.auto.trigger.enabled = true (custom)
2023-09-28 12:57:28,943 [6aca8935-1d6c-4d3a-a292-fe52e1537be9-groupManagement] INFO  server.RaftServerConfigKeys (ConfUtils.java:logGet(46)) - raft.server.snapshot.auto.trigger.threshold = 10000 (custom)
2023-09-28 12:57:28,943 [6aca8935-1d6c-4d3a-a292-fe52e1537be9-groupManagement] INFO  server.RaftServerConfigKeys (ConfUtils.java:logGet(46)) - raft.server.snapshot.retention.file.num = 5 (custom)
2023-09-28 12:57:28,943 [6aca8935-1d6c-4d3a-a292-fe52e1537be9-groupManagement] INFO  server.RaftServerConfigKeys (ConfUtils.java:logGet(46)) - raft.server.log.purge.upto.snapshot.index = false (default)
2023-09-28 12:57:28,943 [6aca8935-1d6c-4d3a-a292-fe52e1537be9@group-C280A57FCAA9-FollowerState] INFO  server.RaftServerConfigKeys (ConfUtils.java:logFallback(53)) - raft.server.rpc.first-election.timeout.min = 5s (fallback to raft.server.rpc.timeout.min)
2023-09-28 12:57:28,944 [6aca8935-1d6c-4d3a-a292-fe52e1537be9@group-C280A57FCAA9-FollowerState] INFO  server.RaftServerConfigKeys (ConfUtils.java:logFallback(53)) - raft.server.rpc.first-election.timeout.max = 5200ms (fallback to raft.server.rpc.timeout.max)
2023-09-28 12:57:28,945 [PipelineCommandHandlerThread-0] INFO  ratis.XceiverServerRatis (XceiverServerRatis.java:addGroup(804)) - Created group PipelineID=7bcf3dc0-e842-49ce-8a5a-c280a57fcaa9
2023-09-28 12:57:28,945 [PipelineCommandHandlerThread-0] INFO  commandhandler.CreatePipelineCommandHandler (CreatePipelineCommandHandler.java:lambda$handle$2(124)) - Created Pipeline RATIS ONE PipelineID=7bcf3dc0-e842-49ce-8a5a-c280a57fcaa9.
2023-09-28 12:57:28,945 [PipelineCommandHandlerThread-0] INFO  server.RaftServer (RaftServerProxy.java:addNew(98)) - 6aca8935-1d6c-4d3a-a292-fe52e1537be9: addNew group-A6141398DD36:[7cfd9c5f-6b01-4921-8aee-b720897a5c16|rpc:10.1.0.34:15076|admin:10.1.0.34:15075|client:10.1.0.34:15074|dataStream:10.1.0.34:15077|priority:1|startupRole:FOLLOWER, 0f9fbc80-e5a1-4c69-bc7e-bbf3cec1ed51|rpc:10.1.0.34:15085|admin:10.1.0.34:15084|client:10.1.0.34:15083|dataStream:10.1.0.34:15086|priority:0|startupRole:FOLLOWER, 6aca8935-1d6c-4d3a-a292-fe52e1537be9|rpc:10.1.0.34:15067|admin:10.1.0.34:15066|client:10.1.0.34:15065|dataStream:10.1.0.34:15068|priority:0|startupRole:FOLLOWER] returns group-A6141398DD36:java.util.concurrent.CompletableFuture@165dd8c6[Not completed]
2023-09-28 12:57:28,947 [6aca8935-1d6c-4d3a-a292-fe52e1537be9-groupManagement] INFO  server.RaftServer$Division (RaftServerImpl.java:<init>(198)) - 6aca8935-1d6c-4d3a-a292-fe52e1537be9: new RaftServerImpl for group-A6141398DD36:[7cfd9c5f-6b01-4921-8aee-b720897a5c16|rpc:10.1.0.34:15076|admin:10.1.0.34:15075|client:10.1.0.34:15074|dataStream:10.1.0.34:15077|priority:1|startupRole:FOLLOWER, 0f9fbc80-e5a1-4c69-bc7e-bbf3cec1ed51|rpc:10.1.0.34:15085|admin:10.1.0.34:15084|client:10.1.0.34:15083|dataStream:10.1.0.34:15086|priority:0|startupRole:FOLLOWER, 6aca8935-1d6c-4d3a-a292-fe52e1537be9|rpc:10.1.0.34:15067|admin:10.1.0.34:15066|client:10.1.0.34:15065|dataStream:10.1.0.34:15068|priority:0|startupRole:FOLLOWER] with ContainerStateMachine:uninitialized
2023-09-28 12:57:28,947 [6aca8935-1d6c-4d3a-a292-fe52e1537be9-groupManagement] INFO  server.RaftServerConfigKeys (ConfUtils.java:logGet(46)) - raft.server.rpc.timeout.min = 5s (custom)
2023-09-28 12:57:28,947 [6aca8935-1d6c-4d3a-a292-fe52e1537be9-groupManagement] INFO  server.RaftServerConfigKeys (ConfUtils.java:logGet(46)) - raft.server.rpc.timeout.max = 5200ms (custom)
2023-09-28 12:57:28,947 [6aca8935-1d6c-4d3a-a292-fe52e1537be9-groupManagement] INFO  server.RaftServerConfigKeys (ConfUtils.java:logGet(46)) - raft.server.rpc.sleep.time = 25ms (default)
2023-09-28 12:57:28,947 [6aca8935-1d6c-4d3a-a292-fe52e1537be9-groupManagement] INFO  server.RaftServerConfigKeys (ConfUtils.java:logGet(46)) - raft.server.rpc.slowness.timeout = 300s (custom)
2023-09-28 12:57:28,948 [6aca8935-1d6c-4d3a-a292-fe52e1537be9-groupManagement] INFO  server.RaftServerConfigKeys (ConfUtils.java:logGet(46)) - raft.server.leaderelection.leader.step-down.wait-time = 10s (default)
2023-09-28 12:57:28,948 [6aca8935-1d6c-4d3a-a292-fe52e1537be9-groupManagement] INFO  server.RaftServerConfigKeys (ConfUtils.java:logGet(46)) - raft.server.sleep.deviation.threshold = 300ms (default)
2023-09-28 12:57:28,948 [6aca8935-1d6c-4d3a-a292-fe52e1537be9-groupManagement] INFO  server.RaftServer$Division (ServerState.java:<init>(120)) - 6aca8935-1d6c-4d3a-a292-fe52e1537be9@group-A6141398DD36: ConfigurationManager, init=-1: peers:[7cfd9c5f-6b01-4921-8aee-b720897a5c16|rpc:10.1.0.34:15076|admin:10.1.0.34:15075|client:10.1.0.34:15074|dataStream:10.1.0.34:15077|priority:1|startupRole:FOLLOWER, 0f9fbc80-e5a1-4c69-bc7e-bbf3cec1ed51|rpc:10.1.0.34:15085|admin:10.1.0.34:15084|client:10.1.0.34:15083|dataStream:10.1.0.34:15086|priority:0|startupRole:FOLLOWER, 6aca8935-1d6c-4d3a-a292-fe52e1537be9|rpc:10.1.0.34:15067|admin:10.1.0.34:15066|client:10.1.0.34:15065|dataStream:10.1.0.34:15068|priority:0|startupRole:FOLLOWER]|listeners:[], old=null, confs=<EMPTY_MAP>
2023-09-28 12:57:28,948 [6aca8935-1d6c-4d3a-a292-fe52e1537be9-groupManagement] INFO  server.RaftServerConfigKeys (ConfUtils.java:logGet(46)) - raft.server.storage.dir = [/home/runner/work/ozone/ozone/hadoop-ozone/integration-test/target/test-dir/MiniOzoneClusterImpl-e5738b5b-ff1d-4187-9339-882699725c5e/datanode-0/data/ratis] (custom)
2023-09-28 12:57:28,948 [6aca8935-1d6c-4d3a-a292-fe52e1537be9-groupManagement] INFO  server.RaftServerConfigKeys (ConfUtils.java:logGet(46)) - raft.server.log.corruption.policy = EXCEPTION (default)
2023-09-28 12:57:28,948 [6aca8935-1d6c-4d3a-a292-fe52e1537be9-groupManagement] INFO  server.RaftServerConfigKeys (ConfUtils.java:logGet(46)) - raft.server.storage.free-space.min = 0MB (=0) (default)
2023-09-28 12:57:28,948 [6aca8935-1d6c-4d3a-a292-fe52e1537be9-groupManagement] INFO  server.RaftServerConfigKeys (ConfUtils.java:logGet(46)) - raft.server.notification.no-leader.timeout = 300s (custom)
2023-09-28 12:57:28,948 [6aca8935-1d6c-4d3a-a292-fe52e1537be9-groupManagement] INFO  server.RaftServerConfigKeys (ConfUtils.java:logGet(46)) - raft.server.read.timeout = 10s (default)
2023-09-28 12:57:28,948 [6aca8935-1d6c-4d3a-a292-fe52e1537be9-groupManagement] INFO  server.RaftServerConfigKeys (ConfUtils.java:logGet(46)) - raft.server.retrycache.expirytime = 600000ms (custom)
2023-09-28 12:57:28,948 [6aca8935-1d6c-4d3a-a292-fe52e1537be9-groupManagement] INFO  server.RaftServerConfigKeys (ConfUtils.java:logGet(46)) - raft.server.retrycache.statistics.expirytime = 100μs (default)
2023-09-28 12:57:28,948 [6aca8935-1d6c-4d3a-a292-fe52e1537be9-groupManagement] INFO  server.RaftServerConfigKeys (ConfUtils.java:logGet(46)) - raft.server.read.option = DEFAULT (default)
2023-09-28 12:57:28,949 [6aca8935-1d6c-4d3a-a292-fe52e1537be9-groupManagement] INFO  server.RaftServerConfigKeys (ConfUtils.java:logGet(46)) - raft.server.rpc.request.timeout = 60s (custom)
2023-09-28 12:57:28,949 [6aca8935-1d6c-4d3a-a292-fe52e1537be9-groupManagement] INFO  server.RaftServerConfigKeys (ConfUtils.java:logGet(46)) - raft.server.log.appender.install.snapshot.enabled = false (custom)
2023-09-28 12:57:28,949 [6aca8935-1d6c-4d3a-a292-fe52e1537be9-groupManagement] INFO  server.RaftServerConfigKeys (ConfUtils.java:logGet(46)) - raft.server.threadpool.server.cached = true (default)
2023-09-28 12:57:28,949 [6aca8935-1d6c-4d3a-a292-fe52e1537be9-groupManagement] INFO  server.RaftServerConfigKeys (ConfUtils.java:logGet(46)) - raft.server.threadpool.server.size = 0 (default)
2023-09-28 12:57:28,950 [6aca8935-1d6c-4d3a-a292-fe52e1537be9-groupManagement] INFO  server.RaftServerConfigKeys (ConfUtils.java:logGet(46)) - raft.server.threadpool.client.cached = true (default)
2023-09-28 12:57:28,950 [6aca8935-1d6c-4d3a-a292-fe52e1537be9-groupManagement] INFO  server.RaftServerConfigKeys (ConfUtils.java:logGet(46)) - raft.server.threadpool.client.size = 0 (default)
2023-09-28 12:57:28,950 [6aca8935-1d6c-4d3a-a292-fe52e1537be9-groupManagement] INFO  storage.RaftStorageDirectory (RaftStorageDirectoryImpl.java:analyzeStorage(137)) - The storage directory /home/runner/work/ozone/ozone/hadoop-ozone/integration-test/target/test-dir/MiniOzoneClusterImpl-e5738b5b-ff1d-4187-9339-882699725c5e/datanode-0/data/ratis/ad0d1982-956e-4e08-86a2-a6141398dd36 does not exist. Creating ...
2023-09-28 12:57:28,952 [6aca8935-1d6c-4d3a-a292-fe52e1537be9-groupManagement] INFO  storage.RaftStorageDirectory (RaftStorageDirectoryImpl.java:tryLock(231)) - Lock on /home/runner/work/ozone/ozone/hadoop-ozone/integration-test/target/test-dir/MiniOzoneClusterImpl-e5738b5b-ff1d-4187-9339-882699725c5e/datanode-0/data/ratis/ad0d1982-956e-4e08-86a2-a6141398dd36/in_use.lock acquired by nodename 7568@fv-az163-431
2023-09-28 12:57:28,953 [6aca8935-1d6c-4d3a-a292-fe52e1537be9-groupManagement] INFO  storage.RaftStorage (RaftStorageImpl.java:format(96)) - Storage directory /home/runner/work/ozone/ozone/hadoop-ozone/integration-test/target/test-dir/MiniOzoneClusterImpl-e5738b5b-ff1d-4187-9339-882699725c5e/datanode-0/data/ratis/ad0d1982-956e-4e08-86a2-a6141398dd36 has been successfully formatted.
2023-09-28 12:57:28,954 [6aca8935-1d6c-4d3a-a292-fe52e1537be9-groupManagement] INFO  ratis.ContainerStateMachine (ContainerStateMachine.java:loadSnapshot(262)) - group-A6141398DD36: The snapshot info is null. Setting the last applied indexto:(t:0, i:~)
2023-09-28 12:57:28,954 [6aca8935-1d6c-4d3a-a292-fe52e1537be9-groupManagement] INFO  server.RaftServerConfigKeys (ConfUtils.java:logGet(46)) - raft.server.log.use.memory = false (default)
2023-09-28 12:57:28,954 [6aca8935-1d6c-4d3a-a292-fe52e1537be9-groupManagement] INFO  server.RaftServerConfigKeys (ConfUtils.java:logGet(46)) - raft.server.log.purge.gap = 1000000 (custom)
2023-09-28 12:57:28,954 [6aca8935-1d6c-4d3a-a292-fe52e1537be9-groupManagement] INFO  server.RaftServerConfigKeys (ConfUtils.java:logGet(46)) - raft.server.log.appender.buffer.byte-limit = 33554432 (custom)
2023-09-28 12:57:28,954 [6aca8935-1d6c-4d3a-a292-fe52e1537be9-groupManagement] INFO  server.RaftServerConfigKeys (ConfUtils.java:logGet(46)) - raft.server.log.statemachine.data.read.timeout = 1000ms (default)
2023-09-28 12:57:28,954 [6aca8935-1d6c-4d3a-a292-fe52e1537be9-groupManagement] INFO  server.RaftServerConfigKeys (ConfUtils.java:logGet(46)) - raft.server.log.purge.preservation.log.num = 0 (default)
2023-09-28 12:57:28,954 [6aca8935-1d6c-4d3a-a292-fe52e1537be9-groupManagement] INFO  server.RaftServerConfigKeys (ConfUtils.java:logGet(46)) - raft.server.log.segment.size.max = 1048576 (custom)
2023-09-28 12:57:28,955 [6aca8935-1d6c-4d3a-a292-fe52e1537be9-groupManagement] INFO  server.RaftServerConfigKeys (ConfUtils.java:logGet(46)) - raft.server.log.segment.cache.num.max = 2 (custom)
2023-09-28 12:57:28,955 [6aca8935-1d6c-4d3a-a292-fe52e1537be9-groupManagement] INFO  server.RaftServerConfigKeys (ConfUtils.java:logGet(46)) - raft.server.log.segment.cache.size.max = 200MB (=209715200) (default)
2023-09-28 12:57:28,955 [6aca8935-1d6c-4d3a-a292-fe52e1537be9-groupManagement] INFO  server.RaftServerConfigKeys (ConfUtils.java:logGet(46)) - raft.server.log.appender.buffer.byte-limit = 33554432 (custom)
2023-09-28 12:57:28,955 [6aca8935-1d6c-4d3a-a292-fe52e1537be9-groupManagement] INFO  segmented.SegmentedRaftLogWorker (SegmentedRaftLogWorker.java:<init>(188)) - new 6aca8935-1d6c-4d3a-a292-fe52e1537be9@group-A6141398DD36-SegmentedRaftLogWorker for RaftStorageImpl:Storage Directory /home/runner/work/ozone/ozone/hadoop-ozone/integration-test/target/test-dir/MiniOzoneClusterImpl-e5738b5b-ff1d-4187-9339-882699725c5e/datanode-0/data/ratis/ad0d1982-956e-4e08-86a2-a6141398dd36
2023-09-28 12:57:28,955 [6aca8935-1d6c-4d3a-a292-fe52e1537be9-groupManagement] INFO  server.RaftServerConfigKeys (ConfUtils.java:logGet(46)) - raft.server.log.queue.byte-limit = 4294967296 (custom)
2023-09-28 12:57:28,955 [EventQueue-OpenPipelineForHealthyPipelineSafeModeRule] INFO  safemode.SCMSafeModeManager (HealthyPipelineSafeModeRule.java:process(137)) - SCM in safe mode. Healthy pipelines reported count is 0, required healthy pipeline reported count is 1
2023-09-28 12:57:28,955 [6aca8935-1d6c-4d3a-a292-fe52e1537be9-groupManagement] INFO  server.RaftServerConfigKeys (ConfUtils.java:logGet(46)) - raft.server.log.queue.element-limit = 1024 (custom)
2023-09-28 12:57:28,955 [6aca8935-1d6c-4d3a-a292-fe52e1537be9-groupManagement] INFO  server.RaftServerConfigKeys (ConfUtils.java:logGet(46)) - raft.server.log.segment.size.max = 1048576 (custom)
2023-09-28 12:57:28,955 [6aca8935-1d6c-4d3a-a292-fe52e1537be9-groupManagement] INFO  server.RaftServerConfigKeys (ConfUtils.java:logGet(46)) - raft.server.log.preallocated.size = 16384 (custom)
2023-09-28 12:57:28,955 [6aca8935-1d6c-4d3a-a292-fe52e1537be9-groupManagement] INFO  server.RaftServerConfigKeys (ConfUtils.java:logGet(46)) - raft.server.log.force.sync.num = 128 (default)
2023-09-28 12:57:28,955 [6aca8935-1d6c-4d3a-a292-fe52e1537be9-groupManagement] INFO  server.RaftServerConfigKeys (ConfUtils.java:logGet(46)) - raft.server.log.statemachine.data.sync = true (default)
2023-09-28 12:57:28,955 [6aca8935-1d6c-4d3a-a292-fe52e1537be9-groupManagement] INFO  server.RaftServerConfigKeys (ConfUtils.java:logGet(46)) - raft.server.log.statemachine.data.sync.timeout = 10s (default)
2023-09-28 12:57:28,955 [6aca8935-1d6c-4d3a-a292-fe52e1537be9-groupManagement] INFO  server.RaftServerConfigKeys (ConfUtils.java:logGet(46)) - raft.server.log.statemachine.data.sync.timeout.retry = -1 (default)
2023-09-28 12:57:28,956 [6aca8935-1d6c-4d3a-a292-fe52e1537be9-groupManagement] INFO  server.RaftServerConfigKeys (ConfUtils.java:logGet(46)) - raft.server.log.write.buffer.size = 1048576 (custom)
2023-09-28 12:57:28,956 [6aca8935-1d6c-4d3a-a292-fe52e1537be9-groupManagement] INFO  server.RaftServerConfigKeys (ConfUtils.java:logGet(46)) - raft.server.log.appender.buffer.byte-limit = 33554432 (custom)
2023-09-28 12:57:28,961 [6aca8935-1d6c-4d3a-a292-fe52e1537be9-groupManagement] INFO  server.RaftServerConfigKeys (ConfUtils.java:logGet(46)) - raft.server.log.unsafe-flush.enabled = false (default)
2023-09-28 12:57:28,961 [6aca8935-1d6c-4d3a-a292-fe52e1537be9-groupManagement] INFO  server.RaftServerConfigKeys (ConfUtils.java:logGet(46)) - raft.server.log.async-flush.enabled = false (default)
2023-09-28 12:57:28,962 [6aca8935-1d6c-4d3a-a292-fe52e1537be9-groupManagement] INFO  server.RaftServerConfigKeys (ConfUtils.java:logGet(46)) - raft.server.log.statemachine.data.caching.enabled = true (custom)
2023-09-28 12:57:28,962 [6aca8935-1d6c-4d3a-a292-fe52e1537be9-groupManagement] INFO  segmented.SegmentedRaftLogWorker (SegmentedRaftLogWorker.java:lambda$new$0(135)) - 6aca8935-1d6c-4d3a-a292-fe52e1537be9@group-A6141398DD36-SegmentedRaftLogWorker: flushIndex: setUnconditionally 0 -> -1
2023-09-28 12:57:28,962 [6aca8935-1d6c-4d3a-a292-fe52e1537be9-groupManagement] INFO  segmented.SegmentedRaftLogWorker (SegmentedRaftLogWorker.java:lambda$new$0(135)) - 6aca8935-1d6c-4d3a-a292-fe52e1537be9@group-A6141398DD36-SegmentedRaftLogWorker: safeCacheEvictIndex: setUnconditionally 0 -> -1
2023-09-28 12:57:28,962 [6aca8935-1d6c-4d3a-a292-fe52e1537be9-groupManagement] INFO  server.RaftServer$Division (RaftServerImpl.java:start(342)) - 6aca8935-1d6c-4d3a-a292-fe52e1537be9@group-A6141398DD36: start as a follower, conf=-1: peers:[7cfd9c5f-6b01-4921-8aee-b720897a5c16|rpc:10.1.0.34:15076|admin:10.1.0.34:15075|client:10.1.0.34:15074|dataStream:10.1.0.34:15077|priority:1|startupRole:FOLLOWER, 0f9fbc80-e5a1-4c69-bc7e-bbf3cec1ed51|rpc:10.1.0.34:15085|admin:10.1.0.34:15084|client:10.1.0.34:15083|dataStream:10.1.0.34:15086|priority:0|startupRole:FOLLOWER, 6aca8935-1d6c-4d3a-a292-fe52e1537be9|rpc:10.1.0.34:15067|admin:10.1.0.34:15066|client:10.1.0.34:15065|dataStream:10.1.0.34:15068|priority:0|startupRole:FOLLOWER]|listeners:[], old=null
2023-09-28 12:57:28,962 [6aca8935-1d6c-4d3a-a292-fe52e1537be9-groupManagement] INFO  server.RaftServer$Division (RaftServerImpl.java:setRole(329)) - 6aca8935-1d6c-4d3a-a292-fe52e1537be9@group-A6141398DD36: changes role from      null to FOLLOWER at term 0 for startAsFollower
2023-09-28 12:57:28,962 [6aca8935-1d6c-4d3a-a292-fe52e1537be9-groupManagement] INFO  impl.RoleInfo (RoleInfo.java:updateAndGet(139)) - 6aca8935-1d6c-4d3a-a292-fe52e1537be9: start 6aca8935-1d6c-4d3a-a292-fe52e1537be9@group-A6141398DD36-FollowerState
2023-09-28 12:57:28,962 [6aca8935-1d6c-4d3a-a292-fe52e1537be9-groupManagement] INFO  util.JmxRegister (JmxRegister.java:tryRegister(44)) - Successfully registered JMX Bean with object name Ratis:service=RaftServer,group=group-A6141398DD36,id=6aca8935-1d6c-4d3a-a292-fe52e1537be9
2023-09-28 12:57:28,963 [6aca8935-1d6c-4d3a-a292-fe52e1537be9@group-A6141398DD36-FollowerState] INFO  server.RaftServerConfigKeys (ConfUtils.java:logFallback(53)) - raft.server.rpc.first-election.timeout.min = 5s (fallback to raft.server.rpc.timeout.min)
2023-09-28 12:57:28,963 [6aca8935-1d6c-4d3a-a292-fe52e1537be9-groupManagement] INFO  server.RaftServerConfigKeys (ConfUtils.java:logGet(46)) - raft.server.snapshot.auto.trigger.enabled = true (custom)
2023-09-28 12:57:28,963 [6aca8935-1d6c-4d3a-a292-fe52e1537be9@group-A6141398DD36-FollowerState] INFO  server.RaftServerConfigKeys (ConfUtils.java:logFallback(53)) - raft.server.rpc.first-election.timeout.max = 5200ms (fallback to raft.server.rpc.timeout.max)
2023-09-28 12:57:28,963 [6aca8935-1d6c-4d3a-a292-fe52e1537be9-groupManagement] INFO  server.RaftServerConfigKeys (ConfUtils.java:logGet(46)) - raft.server.snapshot.auto.trigger.threshold = 10000 (custom)
2023-09-28 12:57:28,964 [6aca8935-1d6c-4d3a-a292-fe52e1537be9-groupManagement] INFO  server.RaftServerConfigKeys (ConfUtils.java:logGet(46)) - raft.server.snapshot.retention.file.num = 5 (custom)
2023-09-28 12:57:28,964 [6aca8935-1d6c-4d3a-a292-fe52e1537be9-groupManagement] INFO  server.RaftServerConfigKeys (ConfUtils.java:logGet(46)) - raft.server.log.purge.upto.snapshot.index = false (default)
2023-09-28 12:57:28,965 [PipelineCommandHandlerThread-0] INFO  ratis.XceiverServerRatis (XceiverServerRatis.java:addGroup(804)) - Created group PipelineID=ad0d1982-956e-4e08-86a2-a6141398dd36
2023-09-28 12:57:28,988 [grpc-default-executor-0] INFO  server.RaftServer (RaftServerProxy.java:addNew(98)) - 7cfd9c5f-6b01-4921-8aee-b720897a5c16: addNew group-A6141398DD36:[7cfd9c5f-6b01-4921-8aee-b720897a5c16|rpc:10.1.0.34:15076|admin:10.1.0.34:15075|client:10.1.0.34:15074|dataStream:10.1.0.34:15077|priority:1|startupRole:FOLLOWER, 0f9fbc80-e5a1-4c69-bc7e-bbf3cec1ed51|rpc:10.1.0.34:15085|admin:10.1.0.34:15084|client:10.1.0.34:15083|dataStream:10.1.0.34:15086|priority:0|startupRole:FOLLOWER, 6aca8935-1d6c-4d3a-a292-fe52e1537be9|rpc:10.1.0.34:15067|admin:10.1.0.34:15066|client:10.1.0.34:15065|dataStream:10.1.0.34:15068|priority:0|startupRole:FOLLOWER] returns group-A6141398DD36:java.util.concurrent.CompletableFuture@53551f10[Not completed]
2023-09-28 12:57:28,990 [7cfd9c5f-6b01-4921-8aee-b720897a5c16-groupManagement] INFO  server.RaftServer$Division (RaftServerImpl.java:<init>(198)) - 7cfd9c5f-6b01-4921-8aee-b720897a5c16: new RaftServerImpl for group-A6141398DD36:[7cfd9c5f-6b01-4921-8aee-b720897a5c16|rpc:10.1.0.34:15076|admin:10.1.0.34:15075|client:10.1.0.34:15074|dataStream:10.1.0.34:15077|priority:1|startupRole:FOLLOWER, 0f9fbc80-e5a1-4c69-bc7e-bbf3cec1ed51|rpc:10.1.0.34:15085|admin:10.1.0.34:15084|client:10.1.0.34:15083|dataStream:10.1.0.34:15086|priority:0|startupRole:FOLLOWER, 6aca8935-1d6c-4d3a-a292-fe52e1537be9|rpc:10.1.0.34:15067|admin:10.1.0.34:15066|client:10.1.0.34:15065|dataStream:10.1.0.34:15068|priority:0|startupRole:FOLLOWER] with ContainerStateMachine:uninitialized
2023-09-28 12:57:28,990 [7cfd9c5f-6b01-4921-8aee-b720897a5c16-groupManagement] INFO  server.RaftServerConfigKeys (ConfUtils.java:logGet(46)) - raft.server.rpc.timeout.min = 5s (custom)
2023-09-28 12:57:28,990 [7cfd9c5f-6b01-4921-8aee-b720897a5c16-groupManagement] INFO  server.RaftServerConfigKeys (ConfUtils.java:logGet(46)) - raft.server.rpc.timeout.max = 5200ms (custom)
2023-09-28 12:57:28,990 [7cfd9c5f-6b01-4921-8aee-b720897a5c16-groupManagement] INFO  server.RaftServerConfigKeys (ConfUtils.java:logGet(46)) - raft.server.rpc.sleep.time = 25ms (default)
2023-09-28 12:57:28,990 [7cfd9c5f-6b01-4921-8aee-b720897a5c16-groupManagement] INFO  server.RaftServerConfigKeys (ConfUtils.java:logGet(46)) - raft.server.rpc.slowness.timeout = 300s (custom)
2023-09-28 12:57:28,990 [7cfd9c5f-6b01-4921-8aee-b720897a5c16-groupManagement] INFO  server.RaftServerConfigKeys (ConfUtils.java:logGet(46)) - raft.server.leaderelection.leader.step-down.wait-time = 10s (default)
2023-09-28 12:57:28,990 [7cfd9c5f-6b01-4921-8aee-b720897a5c16-groupManagement] INFO  server.RaftServerConfigKeys (ConfUtils.java:logGet(46)) - raft.server.sleep.deviation.threshold = 300ms (default)
2023-09-28 12:57:28,990 [7cfd9c5f-6b01-4921-8aee-b720897a5c16-groupManagement] INFO  server.RaftServer$Division (ServerState.java:<init>(120)) - 7cfd9c5f-6b01-4921-8aee-b720897a5c16@group-A6141398DD36: ConfigurationManager, init=-1: peers:[7cfd9c5f-6b01-4921-8aee-b720897a5c16|rpc:10.1.0.34:15076|admin:10.1.0.34:15075|client:10.1.0.34:15074|dataStream:10.1.0.34:15077|priority:1|startupRole:FOLLOWER, 0f9fbc80-e5a1-4c69-bc7e-bbf3cec1ed51|rpc:10.1.0.34:15085|admin:10.1.0.34:15084|client:10.1.0.34:15083|dataStream:10.1.0.34:15086|priority:0|startupRole:FOLLOWER, 6aca8935-1d6c-4d3a-a292-fe52e1537be9|rpc:10.1.0.34:15067|admin:10.1.0.34:15066|client:10.1.0.34:15065|dataStream:10.1.0.34:15068|priority:0|startupRole:FOLLOWER]|listeners:[], old=null, confs=<EMPTY_MAP>
2023-09-28 12:57:28,990 [7cfd9c5f-6b01-4921-8aee-b720897a5c16-groupManagement] INFO  server.RaftServerConfigKeys (ConfUtils.java:logGet(46)) - raft.server.storage.dir = [/home/runner/work/ozone/ozone/hadoop-ozone/integration-test/target/test-dir/MiniOzoneClusterImpl-e5738b5b-ff1d-4187-9339-882699725c5e/datanode-1/data/ratis] (custom)
2023-09-28 12:57:28,991 [7cfd9c5f-6b01-4921-8aee-b720897a5c16-groupManagement] INFO  server.RaftServerConfigKeys (ConfUtils.java:logGet(46)) - raft.server.log.corruption.policy = EXCEPTION (default)
2023-09-28 12:57:28,991 [7cfd9c5f-6b01-4921-8aee-b720897a5c16-groupManagement] INFO  server.RaftServerConfigKeys (ConfUtils.java:logGet(46)) - raft.server.storage.free-space.min = 0MB (=0) (default)
2023-09-28 12:57:28,991 [7cfd9c5f-6b01-4921-8aee-b720897a5c16-groupManagement] INFO  server.RaftServerConfigKeys (ConfUtils.java:logGet(46)) - raft.server.notification.no-leader.timeout = 300s (custom)
2023-09-28 12:57:28,991 [7cfd9c5f-6b01-4921-8aee-b720897a5c16-groupManagement] INFO  server.RaftServerConfigKeys (ConfUtils.java:logGet(46)) - raft.server.read.timeout = 10s (default)
2023-09-28 12:57:28,991 [7cfd9c5f-6b01-4921-8aee-b720897a5c16-groupManagement] INFO  server.RaftServerConfigKeys (ConfUtils.java:logGet(46)) - raft.server.retrycache.expirytime = 600000ms (custom)
2023-09-28 12:57:28,991 [7cfd9c5f-6b01-4921-8aee-b720897a5c16-groupManagement] INFO  server.RaftServerConfigKeys (ConfUtils.java:logGet(46)) - raft.server.retrycache.statistics.expirytime = 100μs (default)
2023-09-28 12:57:28,991 [7cfd9c5f-6b01-4921-8aee-b720897a5c16-groupManagement] INFO  server.RaftServerConfigKeys (ConfUtils.java:logGet(46)) - raft.server.read.option = DEFAULT (default)
2023-09-28 12:57:28,992 [7cfd9c5f-6b01-4921-8aee-b720897a5c16-groupManagement] INFO  server.RaftServerConfigKeys (ConfUtils.java:logGet(46)) - raft.server.rpc.request.timeout = 60s (custom)
2023-09-28 12:57:28,993 [7cfd9c5f-6b01-4921-8aee-b720897a5c16-groupManagement] INFO  server.RaftServerConfigKeys (ConfUtils.java:logGet(46)) - raft.server.log.appender.install.snapshot.enabled = false (custom)
2023-09-28 12:57:28,993 [7cfd9c5f-6b01-4921-8aee-b720897a5c16-groupManagement] INFO  server.RaftServerConfigKeys (ConfUtils.java:logGet(46)) - raft.server.threadpool.server.cached = true (default)
2023-09-28 12:57:28,993 [7cfd9c5f-6b01-4921-8aee-b720897a5c16-groupManagement] INFO  server.RaftServerConfigKeys (ConfUtils.java:logGet(46)) - raft.server.threadpool.server.size = 0 (default)
2023-09-28 12:57:28,993 [7cfd9c5f-6b01-4921-8aee-b720897a5c16-groupManagement] INFO  server.RaftServerConfigKeys (ConfUtils.java:logGet(46)) - raft.server.threadpool.client.cached = true (default)
2023-09-28 12:57:28,993 [7cfd9c5f-6b01-4921-8aee-b720897a5c16-groupManagement] INFO  server.RaftServerConfigKeys (ConfUtils.java:logGet(46)) - raft.server.threadpool.client.size = 0 (default)
2023-09-28 12:57:28,993 [7cfd9c5f-6b01-4921-8aee-b720897a5c16-groupManagement] INFO  storage.RaftStorageDirectory (RaftStorageDirectoryImpl.java:analyzeStorage(137)) - The storage directory /home/runner/work/ozone/ozone/hadoop-ozone/integration-test/target/test-dir/MiniOzoneClusterImpl-e5738b5b-ff1d-4187-9339-882699725c5e/datanode-1/data/ratis/ad0d1982-956e-4e08-86a2-a6141398dd36 does not exist. Creating ...
2023-09-28 12:57:28,995 [7cfd9c5f-6b01-4921-8aee-b720897a5c16-groupManagement] INFO  storage.RaftStorageDirectory (RaftStorageDirectoryImpl.java:tryLock(231)) - Lock on /home/runner/work/ozone/ozone/hadoop-ozone/integration-test/target/test-dir/MiniOzoneClusterImpl-e5738b5b-ff1d-4187-9339-882699725c5e/datanode-1/data/ratis/ad0d1982-956e-4e08-86a2-a6141398dd36/in_use.lock acquired by nodename 7568@fv-az163-431
2023-09-28 12:57:28,996 [7cfd9c5f-6b01-4921-8aee-b720897a5c16-groupManagement] INFO  storage.RaftStorage (RaftStorageImpl.java:format(96)) - Storage directory /home/runner/work/ozone/ozone/hadoop-ozone/integration-test/target/test-dir/MiniOzoneClusterImpl-e5738b5b-ff1d-4187-9339-882699725c5e/datanode-1/data/ratis/ad0d1982-956e-4e08-86a2-a6141398dd36 has been successfully formatted.
2023-09-28 12:57:28,999 [7cfd9c5f-6b01-4921-8aee-b720897a5c16-groupManagement] INFO  ratis.ContainerStateMachine (ContainerStateMachine.java:loadSnapshot(262)) - group-A6141398DD36: The snapshot info is null. Setting the last applied indexto:(t:0, i:~)
2023-09-28 12:57:28,999 [7cfd9c5f-6b01-4921-8aee-b720897a5c16-groupManagement] INFO  server.RaftServerConfigKeys (ConfUtils.java:logGet(46)) - raft.server.log.use.memory = false (default)
2023-09-28 12:57:28,999 [7cfd9c5f-6b01-4921-8aee-b720897a5c16-groupManagement] INFO  server.RaftServerConfigKeys (ConfUtils.java:logGet(46)) - raft.server.log.purge.gap = 1000000 (custom)
2023-09-28 12:57:28,999 [7cfd9c5f-6b01-4921-8aee-b720897a5c16-groupManagement] INFO  server.RaftServerConfigKeys (ConfUtils.java:logGet(46)) - raft.server.log.appender.buffer.byte-limit = 33554432 (custom)
2023-09-28 12:57:29,000 [7cfd9c5f-6b01-4921-8aee-b720897a5c16-groupManagement] INFO  server.RaftServerConfigKeys (ConfUtils.java:logGet(46)) - raft.server.log.statemachine.data.read.timeout = 1000ms (default)
2023-09-28 12:57:29,000 [7cfd9c5f-6b01-4921-8aee-b720897a5c16-groupManagement] INFO  server.RaftServerConfigKeys (ConfUtils.java:logGet(46)) - raft.server.log.purge.preservation.log.num = 0 (default)
2023-09-28 12:57:29,000 [7cfd9c5f-6b01-4921-8aee-b720897a5c16-groupManagement] INFO  server.RaftServerConfigKeys (ConfUtils.java:logGet(46)) - raft.server.log.segment.size.max = 1048576 (custom)
2023-09-28 12:57:29,000 [7cfd9c5f-6b01-4921-8aee-b720897a5c16-groupManagement] INFO  server.RaftServerConfigKeys (ConfUtils.java:logGet(46)) - raft.server.log.segment.cache.num.max = 2 (custom)
2023-09-28 12:57:29,000 [7cfd9c5f-6b01-4921-8aee-b720897a5c16-groupManagement] INFO  server.RaftServerConfigKeys (ConfUtils.java:logGet(46)) - raft.server.log.segment.cache.size.max = 200MB (=209715200) (default)
2023-09-28 12:57:29,000 [7cfd9c5f-6b01-4921-8aee-b720897a5c16-groupManagement] INFO  server.RaftServerConfigKeys (ConfUtils.java:logGet(46)) - raft.server.log.appender.buffer.byte-limit = 33554432 (custom)
2023-09-28 12:57:29,000 [7cfd9c5f-6b01-4921-8aee-b720897a5c16-groupManagement] INFO  segmented.SegmentedRaftLogWorker (SegmentedRaftLogWorker.java:<init>(188)) - new 7cfd9c5f-6b01-4921-8aee-b720897a5c16@group-A6141398DD36-SegmentedRaftLogWorker for RaftStorageImpl:Storage Directory /home/runner/work/ozone/ozone/hadoop-ozone/integration-test/target/test-dir/MiniOzoneClusterImpl-e5738b5b-ff1d-4187-9339-882699725c5e/datanode-1/data/ratis/ad0d1982-956e-4e08-86a2-a6141398dd36
2023-09-28 12:57:29,000 [7cfd9c5f-6b01-4921-8aee-b720897a5c16-groupManagement] INFO  server.RaftServerConfigKeys (ConfUtils.java:logGet(46)) - raft.server.log.queue.byte-limit = 4294967296 (custom)
2023-09-28 12:57:29,000 [7cfd9c5f-6b01-4921-8aee-b720897a5c16-groupManagement] INFO  server.RaftServerConfigKeys (ConfUtils.java:logGet(46)) - raft.server.log.queue.element-limit = 1024 (custom)
2023-09-28 12:57:29,000 [7cfd9c5f-6b01-4921-8aee-b720897a5c16-groupManagement] INFO  server.RaftServerConfigKeys (ConfUtils.java:logGet(46)) - raft.server.log.segment.size.max = 1048576 (custom)
2023-09-28 12:57:29,000 [7cfd9c5f-6b01-4921-8aee-b720897a5c16-groupManagement] INFO  server.RaftServerConfigKeys (ConfUtils.java:logGet(46)) - raft.server.log.preallocated.size = 16384 (custom)
2023-09-28 12:57:29,001 [7cfd9c5f-6b01-4921-8aee-b720897a5c16-groupManagement] INFO  server.RaftServerConfigKeys (ConfUtils.java:logGet(46)) - raft.server.log.force.sync.num = 128 (default)
2023-09-28 12:57:29,001 [7cfd9c5f-6b01-4921-8aee-b720897a5c16-groupManagement] INFO  server.RaftServerConfigKeys (ConfUtils.java:logGet(46)) - raft.server.log.statemachine.data.sync = true (default)
2023-09-28 12:57:29,001 [7cfd9c5f-6b01-4921-8aee-b720897a5c16-groupManagement] INFO  server.RaftServerConfigKeys (ConfUtils.java:logGet(46)) - raft.server.log.statemachine.data.sync.timeout = 10s (default)
2023-09-28 12:57:29,001 [7cfd9c5f-6b01-4921-8aee-b720897a5c16-groupManagement] INFO  server.RaftServerConfigKeys (ConfUtils.java:logGet(46)) - raft.server.log.statemachine.data.sync.timeout.retry = -1 (default)
2023-09-28 12:57:29,004 [7cfd9c5f-6b01-4921-8aee-b720897a5c16-groupManagement] INFO  server.RaftServerConfigKeys (ConfUtils.java:logGet(46)) - raft.server.log.write.buffer.size = 1048576 (custom)
2023-09-28 12:57:29,005 [7cfd9c5f-6b01-4921-8aee-b720897a5c16-groupManagement] INFO  server.RaftServerConfigKeys (ConfUtils.java:logGet(46)) - raft.server.log.appender.buffer.byte-limit = 33554432 (custom)
2023-09-28 12:57:29,010 [7cfd9c5f-6b01-4921-8aee-b720897a5c16-groupManagement] INFO  server.RaftServerConfigKeys (ConfUtils.java:logGet(46)) - raft.server.log.unsafe-flush.enabled = false (default)
2023-09-28 12:57:29,010 [7cfd9c5f-6b01-4921-8aee-b720897a5c16-groupManagement] INFO  server.RaftServerConfigKeys (ConfUtils.java:logGet(46)) - raft.server.log.async-flush.enabled = false (default)
2023-09-28 12:57:29,010 [7cfd9c5f-6b01-4921-8aee-b720897a5c16-groupManagement] INFO  server.RaftServerConfigKeys (ConfUtils.java:logGet(46)) - raft.server.log.statemachine.data.caching.enabled = true (custom)
2023-09-28 12:57:29,010 [7cfd9c5f-6b01-4921-8aee-b720897a5c16-groupManagement] INFO  segmented.SegmentedRaftLogWorker (SegmentedRaftLogWorker.java:lambda$new$0(135)) - 7cfd9c5f-6b01-4921-8aee-b720897a5c16@group-A6141398DD36-SegmentedRaftLogWorker: flushIndex: setUnconditionally 0 -> -1
2023-09-28 12:57:29,011 [7cfd9c5f-6b01-4921-8aee-b720897a5c16-groupManagement] INFO  segmented.SegmentedRaftLogWorker (SegmentedRaftLogWorker.java:lambda$new$0(135)) - 7cfd9c5f-6b01-4921-8aee-b720897a5c16@group-A6141398DD36-SegmentedRaftLogWorker: safeCacheEvictIndex: setUnconditionally 0 -> -1
2023-09-28 12:57:29,011 [7cfd9c5f-6b01-4921-8aee-b720897a5c16-groupManagement] INFO  server.RaftServer$Division (RaftServerImpl.java:start(342)) - 7cfd9c5f-6b01-4921-8aee-b720897a5c16@group-A6141398DD36: start as a follower, conf=-1: peers:[7cfd9c5f-6b01-4921-8aee-b720897a5c16|rpc:10.1.0.34:15076|admin:10.1.0.34:15075|client:10.1.0.34:15074|dataStream:10.1.0.34:15077|priority:1|startupRole:FOLLOWER, 0f9fbc80-e5a1-4c69-bc7e-bbf3cec1ed51|rpc:10.1.0.34:15085|admin:10.1.0.34:15084|client:10.1.0.34:15083|dataStream:10.1.0.34:15086|priority:0|startupRole:FOLLOWER, 6aca8935-1d6c-4d3a-a292-fe52e1537be9|rpc:10.1.0.34:15067|admin:10.1.0.34:15066|client:10.1.0.34:15065|dataStream:10.1.0.34:15068|priority:0|startupRole:FOLLOWER]|listeners:[], old=null
2023-09-28 12:57:29,011 [7cfd9c5f-6b01-4921-8aee-b720897a5c16-groupManagement] INFO  server.RaftServer$Division (RaftServerImpl.java:setRole(329)) - 7cfd9c5f-6b01-4921-8aee-b720897a5c16@group-A6141398DD36: changes role from      null to FOLLOWER at term 0 for startAsFollower
2023-09-28 12:57:29,011 [7cfd9c5f-6b01-4921-8aee-b720897a5c16-groupManagement] INFO  impl.RoleInfo (RoleInfo.java:updateAndGet(139)) - 7cfd9c5f-6b01-4921-8aee-b720897a5c16: start 7cfd9c5f-6b01-4921-8aee-b720897a5c16@group-A6141398DD36-FollowerState
2023-09-28 12:57:29,013 [7cfd9c5f-6b01-4921-8aee-b720897a5c16-groupManagement] INFO  util.JmxRegister (JmxRegister.java:tryRegister(44)) - Successfully registered JMX Bean with object name Ratis:service=RaftServer,group=group-A6141398DD36,id=7cfd9c5f-6b01-4921-8aee-b720897a5c16
2023-09-28 12:57:29,013 [7cfd9c5f-6b01-4921-8aee-b720897a5c16-groupManagement] INFO  server.RaftServerConfigKeys (ConfUtils.java:logGet(46)) - raft.server.snapshot.auto.trigger.enabled = true (custom)
2023-09-28 12:57:29,013 [7cfd9c5f-6b01-4921-8aee-b720897a5c16-groupManagement] INFO  server.RaftServerConfigKeys (ConfUtils.java:logGet(46)) - raft.server.snapshot.auto.trigger.threshold = 10000 (custom)
2023-09-28 12:57:29,013 [7cfd9c5f-6b01-4921-8aee-b720897a5c16-groupManagement] INFO  server.RaftServerConfigKeys (ConfUtils.java:logGet(46)) - raft.server.snapshot.retention.file.num = 5 (custom)
2023-09-28 12:57:29,013 [7cfd9c5f-6b01-4921-8aee-b720897a5c16-groupManagement] INFO  server.RaftServerConfigKeys (ConfUtils.java:logGet(46)) - raft.server.log.purge.upto.snapshot.index = false (default)
2023-09-28 12:57:29,014 [7cfd9c5f-6b01-4921-8aee-b720897a5c16@group-A6141398DD36-FollowerState] INFO  server.RaftServerConfigKeys (ConfUtils.java:logFallback(53)) - raft.server.rpc.first-election.timeout.min = 5s (fallback to raft.server.rpc.timeout.min)
2023-09-28 12:57:29,014 [7cfd9c5f-6b01-4921-8aee-b720897a5c16@group-A6141398DD36-FollowerState] INFO  server.RaftServerConfigKeys (ConfUtils.java:logFallback(53)) - raft.server.rpc.first-election.timeout.max = 5200ms (fallback to raft.server.rpc.timeout.max)
2023-09-28 12:57:29,047 [grpc-default-executor-0] INFO  server.RaftServer (RaftServerProxy.java:addNew(98)) - 0f9fbc80-e5a1-4c69-bc7e-bbf3cec1ed51: addNew group-A6141398DD36:[7cfd9c5f-6b01-4921-8aee-b720897a5c16|rpc:10.1.0.34:15076|admin:10.1.0.34:15075|client:10.1.0.34:15074|dataStream:10.1.0.34:15077|priority:1|startupRole:FOLLOWER, 0f9fbc80-e5a1-4c69-bc7e-bbf3cec1ed51|rpc:10.1.0.34:15085|admin:10.1.0.34:15084|client:10.1.0.34:15083|dataStream:10.1.0.34:15086|priority:0|startupRole:FOLLOWER, 6aca8935-1d6c-4d3a-a292-fe52e1537be9|rpc:10.1.0.34:15067|admin:10.1.0.34:15066|client:10.1.0.34:15065|dataStream:10.1.0.34:15068|priority:0|startupRole:FOLLOWER] returns group-A6141398DD36:java.util.concurrent.CompletableFuture@43ce79d8[Not completed]
2023-09-28 12:57:29,051 [0f9fbc80-e5a1-4c69-bc7e-bbf3cec1ed51-groupManagement] INFO  server.RaftServer$Division (RaftServerImpl.java:<init>(198)) - 0f9fbc80-e5a1-4c69-bc7e-bbf3cec1ed51: new RaftServerImpl for group-A6141398DD36:[7cfd9c5f-6b01-4921-8aee-b720897a5c16|rpc:10.1.0.34:15076|admin:10.1.0.34:15075|client:10.1.0.34:15074|dataStream:10.1.0.34:15077|priority:1|startupRole:FOLLOWER, 0f9fbc80-e5a1-4c69-bc7e-bbf3cec1ed51|rpc:10.1.0.34:15085|admin:10.1.0.34:15084|client:10.1.0.34:15083|dataStream:10.1.0.34:15086|priority:0|startupRole:FOLLOWER, 6aca8935-1d6c-4d3a-a292-fe52e1537be9|rpc:10.1.0.34:15067|admin:10.1.0.34:15066|client:10.1.0.34:15065|dataStream:10.1.0.34:15068|priority:0|startupRole:FOLLOWER] with ContainerStateMachine:uninitialized
2023-09-28 12:57:29,051 [0f9fbc80-e5a1-4c69-bc7e-bbf3cec1ed51-groupManagement] INFO  server.RaftServerConfigKeys (ConfUtils.java:logGet(46)) - raft.server.rpc.timeout.min = 5s (custom)
2023-09-28 12:57:29,051 [0f9fbc80-e5a1-4c69-bc7e-bbf3cec1ed51-groupManagement] INFO  server.RaftServerConfigKeys (ConfUtils.java:logGet(46)) - raft.server.rpc.timeout.max = 5200ms (custom)
2023-09-28 12:57:29,051 [0f9fbc80-e5a1-4c69-bc7e-bbf3cec1ed51-groupManagement] INFO  server.RaftServerConfigKeys (ConfUtils.java:logGet(46)) - raft.server.rpc.sleep.time = 25ms (default)
2023-09-28 12:57:29,051 [0f9fbc80-e5a1-4c69-bc7e-bbf3cec1ed51-groupManagement] INFO  server.RaftServerConfigKeys (ConfUtils.java:logGet(46)) - raft.server.rpc.slowness.timeout = 300s (custom)
2023-09-28 12:57:29,051 [0f9fbc80-e5a1-4c69-bc7e-bbf3cec1ed51-groupManagement] INFO  server.RaftServerConfigKeys (ConfUtils.java:logGet(46)) - raft.server.leaderelection.leader.step-down.wait-time = 10s (default)
2023-09-28 12:57:29,051 [0f9fbc80-e5a1-4c69-bc7e-bbf3cec1ed51-groupManagement] INFO  server.RaftServerConfigKeys (ConfUtils.java:logGet(46)) - raft.server.sleep.deviation.threshold = 300ms (default)
2023-09-28 12:57:29,051 [0f9fbc80-e5a1-4c69-bc7e-bbf3cec1ed51-groupManagement] INFO  server.RaftServer$Division (ServerState.java:<init>(120)) - 0f9fbc80-e5a1-4c69-bc7e-bbf3cec1ed51@group-A6141398DD36: ConfigurationManager, init=-1: peers:[7cfd9c5f-6b01-4921-8aee-b720897a5c16|rpc:10.1.0.34:15076|admin:10.1.0.34:15075|client:10.1.0.34:15074|dataStream:10.1.0.34:15077|priority:1|startupRole:FOLLOWER, 0f9fbc80-e5a1-4c69-bc7e-bbf3cec1ed51|rpc:10.1.0.34:15085|admin:10.1.0.34:15084|client:10.1.0.34:15083|dataStream:10.1.0.34:15086|priority:0|startupRole:FOLLOWER, 6aca8935-1d6c-4d3a-a292-fe52e1537be9|rpc:10.1.0.34:15067|admin:10.1.0.34:15066|client:10.1.0.34:15065|dataStream:10.1.0.34:15068|priority:0|startupRole:FOLLOWER]|listeners:[], old=null, confs=<EMPTY_MAP>
2023-09-28 12:57:29,051 [0f9fbc80-e5a1-4c69-bc7e-bbf3cec1ed51-groupManagement] INFO  server.RaftServerConfigKeys (ConfUtils.java:logGet(46)) - raft.server.storage.dir = [/home/runner/work/ozone/ozone/hadoop-ozone/integration-test/target/test-dir/MiniOzoneClusterImpl-e5738b5b-ff1d-4187-9339-882699725c5e/datanode-2/data/ratis] (custom)
2023-09-28 12:57:29,051 [0f9fbc80-e5a1-4c69-bc7e-bbf3cec1ed51-groupManagement] INFO  server.RaftServerConfigKeys (ConfUtils.java:logGet(46)) - raft.server.log.corruption.policy = EXCEPTION (default)
2023-09-28 12:57:29,051 [0f9fbc80-e5a1-4c69-bc7e-bbf3cec1ed51-groupManagement] INFO  server.RaftServerConfigKeys (ConfUtils.java:logGet(46)) - raft.server.storage.free-space.min = 0MB (=0) (default)
2023-09-28 12:57:29,052 [0f9fbc80-e5a1-4c69-bc7e-bbf3cec1ed51-groupManagement] INFO  server.RaftServerConfigKeys (ConfUtils.java:logGet(46)) - raft.server.notification.no-leader.timeout = 300s (custom)
2023-09-28 12:57:29,052 [0f9fbc80-e5a1-4c69-bc7e-bbf3cec1ed51-groupManagement] INFO  server.RaftServerConfigKeys (ConfUtils.java:logGet(46)) - raft.server.read.timeout = 10s (default)
2023-09-28 12:57:29,052 [0f9fbc80-e5a1-4c69-bc7e-bbf3cec1ed51-groupManagement] INFO  server.RaftServerConfigKeys (ConfUtils.java:logGet(46)) - raft.server.retrycache.expirytime = 600000ms (custom)
2023-09-28 12:57:29,052 [0f9fbc80-e5a1-4c69-bc7e-bbf3cec1ed51-groupManagement] INFO  server.RaftServerConfigKeys (ConfUtils.java:logGet(46)) - raft.server.retrycache.statistics.expirytime = 100μs (default)
2023-09-28 12:57:29,052 [0f9fbc80-e5a1-4c69-bc7e-bbf3cec1ed51-groupManagement] INFO  server.RaftServerConfigKeys (ConfUtils.java:logGet(46)) - raft.server.read.option = DEFAULT (default)
2023-09-28 12:57:29,053 [0f9fbc80-e5a1-4c69-bc7e-bbf3cec1ed51-groupManagement] INFO  server.RaftServerConfigKeys (ConfUtils.java:logGet(46)) - raft.server.rpc.request.timeout = 60s (custom)
2023-09-28 12:57:29,053 [0f9fbc80-e5a1-4c69-bc7e-bbf3cec1ed51-groupManagement] INFO  server.RaftServerConfigKeys (ConfUtils.java:logGet(46)) - raft.server.log.appender.install.snapshot.enabled = false (custom)
2023-09-28 12:57:29,053 [0f9fbc80-e5a1-4c69-bc7e-bbf3cec1ed51-groupManagement] INFO  server.RaftServerConfigKeys (ConfUtils.java:logGet(46)) - raft.server.threadpool.server.cached = true (default)
2023-09-28 12:57:29,053 [0f9fbc80-e5a1-4c69-bc7e-bbf3cec1ed51-groupManagement] INFO  server.RaftServerConfigKeys (ConfUtils.java:logGet(46)) - raft.server.threadpool.server.size = 0 (default)
2023-09-28 12:57:29,053 [0f9fbc80-e5a1-4c69-bc7e-bbf3cec1ed51-groupManagement] INFO  server.RaftServerConfigKeys (ConfUtils.java:logGet(46)) - raft.server.threadpool.client.cached = true (default)
2023-09-28 12:57:29,053 [0f9fbc80-e5a1-4c69-bc7e-bbf3cec1ed51-groupManagement] INFO  server.RaftServerConfigKeys (ConfUtils.java:logGet(46)) - raft.server.threadpool.client.size = 0 (default)
2023-09-28 12:57:29,054 [0f9fbc80-e5a1-4c69-bc7e-bbf3cec1ed51-groupManagement] INFO  storage.RaftStorageDirectory (RaftStorageDirectoryImpl.java:analyzeStorage(137)) - The storage directory /home/runner/work/ozone/ozone/hadoop-ozone/integration-test/target/test-dir/MiniOzoneClusterImpl-e5738b5b-ff1d-4187-9339-882699725c5e/datanode-2/data/ratis/ad0d1982-956e-4e08-86a2-a6141398dd36 does not exist. Creating ...
2023-09-28 12:57:29,055 [0f9fbc80-e5a1-4c69-bc7e-bbf3cec1ed51-groupManagement] INFO  storage.RaftStorageDirectory (RaftStorageDirectoryImpl.java:tryLock(231)) - Lock on /home/runner/work/ozone/ozone/hadoop-ozone/integration-test/target/test-dir/MiniOzoneClusterImpl-e5738b5b-ff1d-4187-9339-882699725c5e/datanode-2/data/ratis/ad0d1982-956e-4e08-86a2-a6141398dd36/in_use.lock acquired by nodename 7568@fv-az163-431
2023-09-28 12:57:29,058 [0f9fbc80-e5a1-4c69-bc7e-bbf3cec1ed51-groupManagement] INFO  storage.RaftStorage (RaftStorageImpl.java:format(96)) - Storage directory /home/runner/work/ozone/ozone/hadoop-ozone/integration-test/target/test-dir/MiniOzoneClusterImpl-e5738b5b-ff1d-4187-9339-882699725c5e/datanode-2/data/ratis/ad0d1982-956e-4e08-86a2-a6141398dd36 has been successfully formatted.
2023-09-28 12:57:29,060 [0f9fbc80-e5a1-4c69-bc7e-bbf3cec1ed51-groupManagement] INFO  ratis.ContainerStateMachine (ContainerStateMachine.java:loadSnapshot(262)) - group-A6141398DD36: The snapshot info is null. Setting the last applied indexto:(t:0, i:~)
2023-09-28 12:57:29,062 [0f9fbc80-e5a1-4c69-bc7e-bbf3cec1ed51-groupManagement] INFO  server.RaftServerConfigKeys (ConfUtils.java:logGet(46)) - raft.server.log.use.memory = false (default)
2023-09-28 12:57:29,062 [0f9fbc80-e5a1-4c69-bc7e-bbf3cec1ed51-groupManagement] INFO  server.RaftServerConfigKeys (ConfUtils.java:logGet(46)) - raft.server.log.purge.gap = 1000000 (custom)
2023-09-28 12:57:29,062 [0f9fbc80-e5a1-4c69-bc7e-bbf3cec1ed51-groupManagement] INFO  server.RaftServerConfigKeys (ConfUtils.java:logGet(46)) - raft.server.log.appender.buffer.byte-limit = 33554432 (custom)
2023-09-28 12:57:29,063 [0f9fbc80-e5a1-4c69-bc7e-bbf3cec1ed51-groupManagement] INFO  server.RaftServerConfigKeys (ConfUtils.java:logGet(46)) - raft.server.log.statemachine.data.read.timeout = 1000ms (default)
2023-09-28 12:57:29,063 [0f9fbc80-e5a1-4c69-bc7e-bbf3cec1ed51-groupManagement] INFO  server.RaftServerConfigKeys (ConfUtils.java:logGet(46)) - raft.server.log.purge.preservation.log.num = 0 (default)
2023-09-28 12:57:29,064 [0f9fbc80-e5a1-4c69-bc7e-bbf3cec1ed51-groupManagement] INFO  server.RaftServerConfigKeys (ConfUtils.java:logGet(46)) - raft.server.log.segment.size.max = 1048576 (custom)
2023-09-28 12:57:29,065 [0f9fbc80-e5a1-4c69-bc7e-bbf3cec1ed51-groupManagement] INFO  server.RaftServerConfigKeys (ConfUtils.java:logGet(46)) - raft.server.log.segment.cache.num.max = 2 (custom)
2023-09-28 12:57:29,065 [0f9fbc80-e5a1-4c69-bc7e-bbf3cec1ed51-groupManagement] INFO  server.RaftServerConfigKeys (ConfUtils.java:logGet(46)) - raft.server.log.segment.cache.size.max = 200MB (=209715200) (default)
2023-09-28 12:57:29,065 [0f9fbc80-e5a1-4c69-bc7e-bbf3cec1ed51-groupManagement] INFO  server.RaftServerConfigKeys (ConfUtils.java:logGet(46)) - raft.server.log.appender.buffer.byte-limit = 33554432 (custom)
2023-09-28 12:57:29,065 [0f9fbc80-e5a1-4c69-bc7e-bbf3cec1ed51-groupManagement] INFO  segmented.SegmentedRaftLogWorker (SegmentedRaftLogWorker.java:<init>(188)) - new 0f9fbc80-e5a1-4c69-bc7e-bbf3cec1ed51@group-A6141398DD36-SegmentedRaftLogWorker for RaftStorageImpl:Storage Directory /home/runner/work/ozone/ozone/hadoop-ozone/integration-test/target/test-dir/MiniOzoneClusterImpl-e5738b5b-ff1d-4187-9339-882699725c5e/datanode-2/data/ratis/ad0d1982-956e-4e08-86a2-a6141398dd36
2023-09-28 12:57:29,066 [0f9fbc80-e5a1-4c69-bc7e-bbf3cec1ed51-groupManagement] INFO  server.RaftServerConfigKeys (ConfUtils.java:logGet(46)) - raft.server.log.queue.byte-limit = 4294967296 (custom)
2023-09-28 12:57:29,066 [0f9fbc80-e5a1-4c69-bc7e-bbf3cec1ed51-groupManagement] INFO  server.RaftServerConfigKeys (ConfUtils.java:logGet(46)) - raft.server.log.queue.element-limit = 1024 (custom)
2023-09-28 12:57:29,066 [0f9fbc80-e5a1-4c69-bc7e-bbf3cec1ed51-groupManagement] INFO  server.RaftServerConfigKeys (ConfUtils.java:logGet(46)) - raft.server.log.segment.size.max = 1048576 (custom)
2023-09-28 12:57:29,066 [0f9fbc80-e5a1-4c69-bc7e-bbf3cec1ed51-groupManagement] INFO  server.RaftServerConfigKeys (ConfUtils.java:logGet(46)) - raft.server.log.preallocated.size = 16384 (custom)
2023-09-28 12:57:29,066 [0f9fbc80-e5a1-4c69-bc7e-bbf3cec1ed51-groupManagement] INFO  server.RaftServerConfigKeys (ConfUtils.java:logGet(46)) - raft.server.log.force.sync.num = 128 (default)
2023-09-28 12:57:29,066 [0f9fbc80-e5a1-4c69-bc7e-bbf3cec1ed51-groupManagement] INFO  server.RaftServerConfigKeys (ConfUtils.java:logGet(46)) - raft.server.log.statemachine.data.sync = true (default)
2023-09-28 12:57:29,066 [0f9fbc80-e5a1-4c69-bc7e-bbf3cec1ed51-groupManagement] INFO  server.RaftServerConfigKeys (ConfUtils.java:logGet(46)) - raft.server.log.statemachine.data.sync.timeout = 10s (default)
2023-09-28 12:57:29,066 [0f9fbc80-e5a1-4c69-bc7e-bbf3cec1ed51-groupManagement] INFO  server.RaftServerConfigKeys (ConfUtils.java:logGet(46)) - raft.server.log.statemachine.data.sync.timeout.retry = -1 (default)
2023-09-28 12:57:29,067 [0f9fbc80-e5a1-4c69-bc7e-bbf3cec1ed51-groupManagement] INFO  server.RaftServerConfigKeys (ConfUtils.java:logGet(46)) - raft.server.log.write.buffer.size = 1048576 (custom)
2023-09-28 12:57:29,067 [0f9fbc80-e5a1-4c69-bc7e-bbf3cec1ed51-groupManagement] INFO  server.RaftServerConfigKeys (ConfUtils.java:logGet(46)) - raft.server.log.appender.buffer.byte-limit = 33554432 (custom)
2023-09-28 12:57:29,077 [0f9fbc80-e5a1-4c69-bc7e-bbf3cec1ed51-groupManagement] INFO  server.RaftServerConfigKeys (ConfUtils.java:logGet(46)) - raft.server.log.unsafe-flush.enabled = false (default)
2023-09-28 12:57:29,078 [0f9fbc80-e5a1-4c69-bc7e-bbf3cec1ed51-groupManagement] INFO  server.RaftServerConfigKeys (ConfUtils.java:logGet(46)) - raft.server.log.async-flush.enabled = false (default)
2023-09-28 12:57:29,078 [0f9fbc80-e5a1-4c69-bc7e-bbf3cec1ed51-groupManagement] INFO  server.RaftServerConfigKeys (ConfUtils.java:logGet(46)) - raft.server.log.statemachine.data.caching.enabled = true (custom)
2023-09-28 12:57:29,078 [0f9fbc80-e5a1-4c69-bc7e-bbf3cec1ed51-groupManagement] INFO  segmented.SegmentedRaftLogWorker (SegmentedRaftLogWorker.java:lambda$new$0(135)) - 0f9fbc80-e5a1-4c69-bc7e-bbf3cec1ed51@group-A6141398DD36-SegmentedRaftLogWorker: flushIndex: setUnconditionally 0 -> -1
2023-09-28 12:57:29,078 [0f9fbc80-e5a1-4c69-bc7e-bbf3cec1ed51-groupManagement] INFO  segmented.SegmentedRaftLogWorker (SegmentedRaftLogWorker.java:lambda$new$0(135)) - 0f9fbc80-e5a1-4c69-bc7e-bbf3cec1ed51@group-A6141398DD36-SegmentedRaftLogWorker: safeCacheEvictIndex: setUnconditionally 0 -> -1
2023-09-28 12:57:29,078 [0f9fbc80-e5a1-4c69-bc7e-bbf3cec1ed51-groupManagement] INFO  server.RaftServer$Division (RaftServerImpl.java:start(342)) - 0f9fbc80-e5a1-4c69-bc7e-bbf3cec1ed51@group-A6141398DD36: start as a follower, conf=-1: peers:[7cfd9c5f-6b01-4921-8aee-b720897a5c16|rpc:10.1.0.34:15076|admin:10.1.0.34:15075|client:10.1.0.34:15074|dataStream:10.1.0.34:15077|priority:1|startupRole:FOLLOWER, 0f9fbc80-e5a1-4c69-bc7e-bbf3cec1ed51|rpc:10.1.0.34:15085|admin:10.1.0.34:15084|client:10.1.0.34:15083|dataStream:10.1.0.34:15086|priority:0|startupRole:FOLLOWER, 6aca8935-1d6c-4d3a-a292-fe52e1537be9|rpc:10.1.0.34:15067|admin:10.1.0.34:15066|client:10.1.0.34:15065|dataStream:10.1.0.34:15068|priority:0|startupRole:FOLLOWER]|listeners:[], old=null
2023-09-28 12:57:29,078 [0f9fbc80-e5a1-4c69-bc7e-bbf3cec1ed51-groupManagement] INFO  server.RaftServer$Division (RaftServerImpl.java:setRole(329)) - 0f9fbc80-e5a1-4c69-bc7e-bbf3cec1ed51@group-A6141398DD36: changes role from      null to FOLLOWER at term 0 for startAsFollower
2023-09-28 12:57:29,078 [0f9fbc80-e5a1-4c69-bc7e-bbf3cec1ed51-groupManagement] INFO  impl.RoleInfo (RoleInfo.java:updateAndGet(139)) - 0f9fbc80-e5a1-4c69-bc7e-bbf3cec1ed51: start 0f9fbc80-e5a1-4c69-bc7e-bbf3cec1ed51@group-A6141398DD36-FollowerState
2023-09-28 12:57:29,081 [0f9fbc80-e5a1-4c69-bc7e-bbf3cec1ed51@group-A6141398DD36-FollowerState] INFO  server.RaftServerConfigKeys (ConfUtils.java:logFallback(53)) - raft.server.rpc.first-election.timeout.min = 5s (fallback to raft.server.rpc.timeout.min)
2023-09-28 12:57:29,081 [0f9fbc80-e5a1-4c69-bc7e-bbf3cec1ed51-groupManagement] INFO  util.JmxRegister (JmxRegister.java:tryRegister(44)) - Successfully registered JMX Bean with object name Ratis:service=RaftServer,group=group-A6141398DD36,id=0f9fbc80-e5a1-4c69-bc7e-bbf3cec1ed51
2023-09-28 12:57:29,081 [0f9fbc80-e5a1-4c69-bc7e-bbf3cec1ed51@group-A6141398DD36-FollowerState] INFO  server.RaftServerConfigKeys (ConfUtils.java:logFallback(53)) - raft.server.rpc.first-election.timeout.max = 5200ms (fallback to raft.server.rpc.timeout.max)
2023-09-28 12:57:29,081 [0f9fbc80-e5a1-4c69-bc7e-bbf3cec1ed51-groupManagement] INFO  server.RaftServerConfigKeys (ConfUtils.java:logGet(46)) - raft.server.snapshot.auto.trigger.enabled = true (custom)
2023-09-28 12:57:29,081 [0f9fbc80-e5a1-4c69-bc7e-bbf3cec1ed51-groupManagement] INFO  server.RaftServerConfigKeys (ConfUtils.java:logGet(46)) - raft.server.snapshot.auto.trigger.threshold = 10000 (custom)
2023-09-28 12:57:29,081 [0f9fbc80-e5a1-4c69-bc7e-bbf3cec1ed51-groupManagement] INFO  server.RaftServerConfigKeys (ConfUtils.java:logGet(46)) - raft.server.snapshot.retention.file.num = 5 (custom)
2023-09-28 12:57:29,081 [0f9fbc80-e5a1-4c69-bc7e-bbf3cec1ed51-groupManagement] INFO  server.RaftServerConfigKeys (ConfUtils.java:logGet(46)) - raft.server.log.purge.upto.snapshot.index = false (default)
2023-09-28 12:57:29,096 [PipelineCommandHandlerThread-0] INFO  commandhandler.CreatePipelineCommandHandler (CreatePipelineCommandHandler.java:lambda$handle$2(124)) - Created Pipeline RATIS THREE PipelineID=ad0d1982-956e-4e08-86a2-a6141398dd36.
2023-09-28 12:57:29,097 [PipelineCommandHandlerThread-0] INFO  server.RaftServer (RaftServerProxy.java:addNew(98)) - 6aca8935-1d6c-4d3a-a292-fe52e1537be9: addNew group-3F43FFF779B4:[7cfd9c5f-6b01-4921-8aee-b720897a5c16|rpc:10.1.0.34:15076|admin:10.1.0.34:15075|client:10.1.0.34:15074|dataStream:10.1.0.34:15077|priority:0|startupRole:FOLLOWER, 0f9fbc80-e5a1-4c69-bc7e-bbf3cec1ed51|rpc:10.1.0.34:15085|admin:10.1.0.34:15084|client:10.1.0.34:15083|dataStream:10.1.0.34:15086|priority:0|startupRole:FOLLOWER, 6aca8935-1d6c-4d3a-a292-fe52e1537be9|rpc:10.1.0.34:15067|admin:10.1.0.34:15066|client:10.1.0.34:15065|dataStream:10.1.0.34:15068|priority:1|startupRole:FOLLOWER] returns group-3F43FFF779B4:java.util.concurrent.CompletableFuture@62e01c27[Not completed]
2023-09-28 12:57:29,098 [6aca8935-1d6c-4d3a-a292-fe52e1537be9-groupManagement] INFO  server.RaftServer$Division (RaftServerImpl.java:<init>(198)) - 6aca8935-1d6c-4d3a-a292-fe52e1537be9: new RaftServerImpl for group-3F43FFF779B4:[7cfd9c5f-6b01-4921-8aee-b720897a5c16|rpc:10.1.0.34:15076|admin:10.1.0.34:15075|client:10.1.0.34:15074|dataStream:10.1.0.34:15077|priority:0|startupRole:FOLLOWER, 0f9fbc80-e5a1-4c69-bc7e-bbf3cec1ed51|rpc:10.1.0.34:15085|admin:10.1.0.34:15084|client:10.1.0.34:15083|dataStream:10.1.0.34:15086|priority:0|startupRole:FOLLOWER, 6aca8935-1d6c-4d3a-a292-fe52e1537be9|rpc:10.1.0.34:15067|admin:10.1.0.34:15066|client:10.1.0.34:15065|dataStream:10.1.0.34:15068|priority:1|startupRole:FOLLOWER] with ContainerStateMachine:uninitialized
2023-09-28 12:57:29,098 [6aca8935-1d6c-4d3a-a292-fe52e1537be9-groupManagement] INFO  server.RaftServerConfigKeys (ConfUtils.java:logGet(46)) - raft.server.rpc.timeout.min = 5s (custom)
2023-09-28 12:57:29,098 [6aca8935-1d6c-4d3a-a292-fe52e1537be9-groupManagement] INFO  server.RaftServerConfigKeys (ConfUtils.java:logGet(46)) - raft.server.rpc.timeout.max = 5200ms (custom)
2023-09-28 12:57:29,098 [6aca8935-1d6c-4d3a-a292-fe52e1537be9-groupManagement] INFO  server.RaftServerConfigKeys (ConfUtils.java:logGet(46)) - raft.server.rpc.sleep.time = 25ms (default)
2023-09-28 12:57:29,098 [6aca8935-1d6c-4d3a-a292-fe52e1537be9-groupManagement] INFO  server.RaftServerConfigKeys (ConfUtils.java:logGet(46)) - raft.server.rpc.slowness.timeout = 300s (custom)
2023-09-28 12:57:29,098 [6aca8935-1d6c-4d3a-a292-fe52e1537be9-groupManagement] INFO  server.RaftServerConfigKeys (ConfUtils.java:logGet(46)) - raft.server.leaderelection.leader.step-down.wait-time = 10s (default)
2023-09-28 12:57:29,098 [6aca8935-1d6c-4d3a-a292-fe52e1537be9-groupManagement] INFO  server.RaftServerConfigKeys (ConfUtils.java:logGet(46)) - raft.server.sleep.deviation.threshold = 300ms (default)
2023-09-28 12:57:29,098 [6aca8935-1d6c-4d3a-a292-fe52e1537be9-groupManagement] INFO  server.RaftServer$Division (ServerState.java:<init>(120)) - 6aca8935-1d6c-4d3a-a292-fe52e1537be9@group-3F43FFF779B4: ConfigurationManager, init=-1: peers:[7cfd9c5f-6b01-4921-8aee-b720897a5c16|rpc:10.1.0.34:15076|admin:10.1.0.34:15075|client:10.1.0.34:15074|dataStream:10.1.0.34:15077|priority:0|startupRole:FOLLOWER, 0f9fbc80-e5a1-4c69-bc7e-bbf3cec1ed51|rpc:10.1.0.34:15085|admin:10.1.0.34:15084|client:10.1.0.34:15083|dataStream:10.1.0.34:15086|priority:0|startupRole:FOLLOWER, 6aca8935-1d6c-4d3a-a292-fe52e1537be9|rpc:10.1.0.34:15067|admin:10.1.0.34:15066|client:10.1.0.34:15065|dataStream:10.1.0.34:15068|priority:1|startupRole:FOLLOWER]|listeners:[], old=null, confs=<EMPTY_MAP>
2023-09-28 12:57:29,098 [6aca8935-1d6c-4d3a-a292-fe52e1537be9-groupManagement] INFO  server.RaftServerConfigKeys (ConfUtils.java:logGet(46)) - raft.server.storage.dir = [/home/runner/work/ozone/ozone/hadoop-ozone/integration-test/target/test-dir/MiniOzoneClusterImpl-e5738b5b-ff1d-4187-9339-882699725c5e/datanode-0/data/ratis] (custom)
2023-09-28 12:57:29,099 [6aca8935-1d6c-4d3a-a292-fe52e1537be9-groupManagement] INFO  server.RaftServerConfigKeys (ConfUtils.java:logGet(46)) - raft.server.log.corruption.policy = EXCEPTION (default)
2023-09-28 12:57:29,099 [6aca8935-1d6c-4d3a-a292-fe52e1537be9-groupManagement] INFO  server.RaftServerConfigKeys (ConfUtils.java:logGet(46)) - raft.server.storage.free-space.min = 0MB (=0) (default)
2023-09-28 12:57:29,099 [6aca8935-1d6c-4d3a-a292-fe52e1537be9-groupManagement] INFO  server.RaftServerConfigKeys (ConfUtils.java:logGet(46)) - raft.server.notification.no-leader.timeout = 300s (custom)
2023-09-28 12:57:29,099 [6aca8935-1d6c-4d3a-a292-fe52e1537be9-groupManagement] INFO  server.RaftServerConfigKeys (ConfUtils.java:logGet(46)) - raft.server.read.timeout = 10s (default)
2023-09-28 12:57:29,099 [6aca8935-1d6c-4d3a-a292-fe52e1537be9-groupManagement] INFO  server.RaftServerConfigKeys (ConfUtils.java:logGet(46)) - raft.server.retrycache.expirytime = 600000ms (custom)
2023-09-28 12:57:29,099 [6aca8935-1d6c-4d3a-a292-fe52e1537be9-groupManagement] INFO  server.RaftServerConfigKeys (ConfUtils.java:logGet(46)) - raft.server.retrycache.statistics.expirytime = 100μs (default)
2023-09-28 12:57:29,099 [6aca8935-1d6c-4d3a-a292-fe52e1537be9-groupManagement] INFO  server.RaftServerConfigKeys (ConfUtils.java:logGet(46)) - raft.server.read.option = DEFAULT (default)
2023-09-28 12:57:29,100 [6aca8935-1d6c-4d3a-a292-fe52e1537be9-groupManagement] INFO  server.RaftServerConfigKeys (ConfUtils.java:logGet(46)) - raft.server.rpc.request.timeout = 60s (custom)
2023-09-28 12:57:29,100 [6aca8935-1d6c-4d3a-a292-fe52e1537be9-groupManagement] INFO  server.RaftServerConfigKeys (ConfUtils.java:logGet(46)) - raft.server.log.appender.install.snapshot.enabled = false (custom)
2023-09-28 12:57:29,100 [6aca8935-1d6c-4d3a-a292-fe52e1537be9-groupManagement] INFO  server.RaftServerConfigKeys (ConfUtils.java:logGet(46)) - raft.server.threadpool.server.cached = true (default)
2023-09-28 12:57:29,100 [6aca8935-1d6c-4d3a-a292-fe52e1537be9-groupManagement] INFO  server.RaftServerConfigKeys (ConfUtils.java:logGet(46)) - raft.server.threadpool.server.size = 0 (default)
2023-09-28 12:57:29,100 [6aca8935-1d6c-4d3a-a292-fe52e1537be9-groupManagement] INFO  server.RaftServerConfigKeys (ConfUtils.java:logGet(46)) - raft.server.threadpool.client.cached = true (default)
2023-09-28 12:57:29,100 [6aca8935-1d6c-4d3a-a292-fe52e1537be9-groupManagement] INFO  server.RaftServerConfigKeys (ConfUtils.java:logGet(46)) - raft.server.threadpool.client.size = 0 (default)
2023-09-28 12:57:29,100 [6aca8935-1d6c-4d3a-a292-fe52e1537be9-groupManagement] INFO  storage.RaftStorageDirectory (RaftStorageDirectoryImpl.java:analyzeStorage(137)) - The storage directory /home/runner/work/ozone/ozone/hadoop-ozone/integration-test/target/test-dir/MiniOzoneClusterImpl-e5738b5b-ff1d-4187-9339-882699725c5e/datanode-0/data/ratis/5e50b054-075a-4fbd-94d2-3f43fff779b4 does not exist. Creating ...
2023-09-28 12:57:29,101 [6aca8935-1d6c-4d3a-a292-fe52e1537be9-groupManagement] INFO  storage.RaftStorageDirectory (RaftStorageDirectoryImpl.java:tryLock(231)) - Lock on /home/runner/work/ozone/ozone/hadoop-ozone/integration-test/target/test-dir/MiniOzoneClusterImpl-e5738b5b-ff1d-4187-9339-882699725c5e/datanode-0/data/ratis/5e50b054-075a-4fbd-94d2-3f43fff779b4/in_use.lock acquired by nodename 7568@fv-az163-431
2023-09-28 12:57:29,103 [6aca8935-1d6c-4d3a-a292-fe52e1537be9-groupManagement] INFO  storage.RaftStorage (RaftStorageImpl.java:format(96)) - Storage directory /home/runner/work/ozone/ozone/hadoop-ozone/integration-test/target/test-dir/MiniOzoneClusterImpl-e5738b5b-ff1d-4187-9339-882699725c5e/datanode-0/data/ratis/5e50b054-075a-4fbd-94d2-3f43fff779b4 has been successfully formatted.
2023-09-28 12:57:29,103 [6aca8935-1d6c-4d3a-a292-fe52e1537be9-groupManagement] INFO  ratis.ContainerStateMachine (ContainerStateMachine.java:loadSnapshot(262)) - group-3F43FFF779B4: The snapshot info is null. Setting the last applied indexto:(t:0, i:~)
2023-09-28 12:57:29,103 [6aca8935-1d6c-4d3a-a292-fe52e1537be9-groupManagement] INFO  server.RaftServerConfigKeys (ConfUtils.java:logGet(46)) - raft.server.log.use.memory = false (default)
2023-09-28 12:57:29,103 [6aca8935-1d6c-4d3a-a292-fe52e1537be9-groupManagement] INFO  server.RaftServerConfigKeys (ConfUtils.java:logGet(46)) - raft.server.log.purge.gap = 1000000 (custom)
2023-09-28 12:57:29,104 [6aca8935-1d6c-4d3a-a292-fe52e1537be9-groupManagement] INFO  server.RaftServerConfigKeys (ConfUtils.java:logGet(46)) - raft.server.log.appender.buffer.byte-limit = 33554432 (custom)
2023-09-28 12:57:29,104 [6aca8935-1d6c-4d3a-a292-fe52e1537be9-groupManagement] INFO  server.RaftServerConfigKeys (ConfUtils.java:logGet(46)) - raft.server.log.statemachine.data.read.timeout = 1000ms (default)
2023-09-28 12:57:29,104 [6aca8935-1d6c-4d3a-a292-fe52e1537be9-groupManagement] INFO  server.RaftServerConfigKeys (ConfUtils.java:logGet(46)) - raft.server.log.purge.preservation.log.num = 0 (default)
2023-09-28 12:57:29,104 [EventQueue-OpenPipelineForHealthyPipelineSafeModeRule] INFO  safemode.SCMSafeModeManager (HealthyPipelineSafeModeRule.java:process(137)) - SCM in safe mode. Healthy pipelines reported count is 0, required healthy pipeline reported count is 1
2023-09-28 12:57:29,104 [6aca8935-1d6c-4d3a-a292-fe52e1537be9-groupManagement] INFO  server.RaftServerConfigKeys (ConfUtils.java:logGet(46)) - raft.server.log.segment.size.max = 1048576 (custom)
2023-09-28 12:57:29,105 [6aca8935-1d6c-4d3a-a292-fe52e1537be9-groupManagement] INFO  server.RaftServerConfigKeys (ConfUtils.java:logGet(46)) - raft.server.log.segment.cache.num.max = 2 (custom)
2023-09-28 12:57:29,105 [6aca8935-1d6c-4d3a-a292-fe52e1537be9-groupManagement] INFO  server.RaftServerConfigKeys (ConfUtils.java:logGet(46)) - raft.server.log.segment.cache.size.max = 200MB (=209715200) (default)
2023-09-28 12:57:29,105 [6aca8935-1d6c-4d3a-a292-fe52e1537be9-groupManagement] INFO  server.RaftServerConfigKeys (ConfUtils.java:logGet(46)) - raft.server.log.appender.buffer.byte-limit = 33554432 (custom)
2023-09-28 12:57:29,105 [6aca8935-1d6c-4d3a-a292-fe52e1537be9-groupManagement] INFO  segmented.SegmentedRaftLogWorker (SegmentedRaftLogWorker.java:<init>(188)) - new 6aca8935-1d6c-4d3a-a292-fe52e1537be9@group-3F43FFF779B4-SegmentedRaftLogWorker for RaftStorageImpl:Storage Directory /home/runner/work/ozone/ozone/hadoop-ozone/integration-test/target/test-dir/MiniOzoneClusterImpl-e5738b5b-ff1d-4187-9339-882699725c5e/datanode-0/data/ratis/5e50b054-075a-4fbd-94d2-3f43fff779b4
2023-09-28 12:57:29,105 [6aca8935-1d6c-4d3a-a292-fe52e1537be9-groupManagement] INFO  server.RaftServerConfigKeys (ConfUtils.java:logGet(46)) - raft.server.log.queue.byte-limit = 4294967296 (custom)
2023-09-28 12:57:29,105 [6aca8935-1d6c-4d3a-a292-fe52e1537be9-groupManagement] INFO  server.RaftServerConfigKeys (ConfUtils.java:logGet(46)) - raft.server.log.queue.element-limit = 1024 (custom)
2023-09-28 12:57:29,105 [6aca8935-1d6c-4d3a-a292-fe52e1537be9-groupManagement] INFO  server.RaftServerConfigKeys (ConfUtils.java:logGet(46)) - raft.server.log.segment.size.max = 1048576 (custom)
2023-09-28 12:57:29,105 [6aca8935-1d6c-4d3a-a292-fe52e1537be9-groupManagement] INFO  server.RaftServerConfigKeys (ConfUtils.java:logGet(46)) - raft.server.log.preallocated.size = 16384 (custom)
2023-09-28 12:57:29,105 [6aca8935-1d6c-4d3a-a292-fe52e1537be9-groupManagement] INFO  server.RaftServerConfigKeys (ConfUtils.java:logGet(46)) - raft.server.log.force.sync.num = 128 (default)
2023-09-28 12:57:29,105 [6aca8935-1d6c-4d3a-a292-fe52e1537be9-groupManagement] INFO  server.RaftServerConfigKeys (ConfUtils.java:logGet(46)) - raft.server.log.statemachine.data.sync = true (default)
2023-09-28 12:57:29,105 [6aca8935-1d6c-4d3a-a292-fe52e1537be9-groupManagement] INFO  server.RaftServerConfigKeys (ConfUtils.java:logGet(46)) - raft.server.log.statemachine.data.sync.timeout = 10s (default)
2023-09-28 12:57:29,106 [6aca8935-1d6c-4d3a-a292-fe52e1537be9-groupManagement] INFO  server.RaftServerConfigKeys (ConfUtils.java:logGet(46)) - raft.server.log.statemachine.data.sync.timeout.retry = -1 (default)
2023-09-28 12:57:29,106 [6aca8935-1d6c-4d3a-a292-fe52e1537be9-groupManagement] INFO  server.RaftServerConfigKeys (ConfUtils.java:logGet(46)) - raft.server.log.write.buffer.size = 1048576 (custom)
2023-09-28 12:57:29,106 [6aca8935-1d6c-4d3a-a292-fe52e1537be9-groupManagement] INFO  server.RaftServerConfigKeys (ConfUtils.java:logGet(46)) - raft.server.log.appender.buffer.byte-limit = 33554432 (custom)
2023-09-28 12:57:29,112 [6aca8935-1d6c-4d3a-a292-fe52e1537be9-groupManagement] INFO  server.RaftServerConfigKeys (ConfUtils.java:logGet(46)) - raft.server.log.unsafe-flush.enabled = false (default)
2023-09-28 12:57:29,112 [6aca8935-1d6c-4d3a-a292-fe52e1537be9-groupManagement] INFO  server.RaftServerConfigKeys (ConfUtils.java:logGet(46)) - raft.server.log.async-flush.enabled = false (default)
2023-09-28 12:57:29,112 [6aca8935-1d6c-4d3a-a292-fe52e1537be9-groupManagement] INFO  server.RaftServerConfigKeys (ConfUtils.java:logGet(46)) - raft.server.log.statemachine.data.caching.enabled = true (custom)
2023-09-28 12:57:29,112 [6aca8935-1d6c-4d3a-a292-fe52e1537be9-groupManagement] INFO  segmented.SegmentedRaftLogWorker (SegmentedRaftLogWorker.java:lambda$new$0(135)) - 6aca8935-1d6c-4d3a-a292-fe52e1537be9@group-3F43FFF779B4-SegmentedRaftLogWorker: flushIndex: setUnconditionally 0 -> -1
2023-09-28 12:57:29,112 [6aca8935-1d6c-4d3a-a292-fe52e1537be9-groupManagement] INFO  segmented.SegmentedRaftLogWorker (SegmentedRaftLogWorker.java:lambda$new$0(135)) - 6aca8935-1d6c-4d3a-a292-fe52e1537be9@group-3F43FFF779B4-SegmentedRaftLogWorker: safeCacheEvictIndex: setUnconditionally 0 -> -1
2023-09-28 12:57:29,115 [6aca8935-1d6c-4d3a-a292-fe52e1537be9-groupManagement] INFO  server.RaftServer$Division (RaftServerImpl.java:start(342)) - 6aca8935-1d6c-4d3a-a292-fe52e1537be9@group-3F43FFF779B4: start as a follower, conf=-1: peers:[7cfd9c5f-6b01-4921-8aee-b720897a5c16|rpc:10.1.0.34:15076|admin:10.1.0.34:15075|client:10.1.0.34:15074|dataStream:10.1.0.34:15077|priority:0|startupRole:FOLLOWER, 0f9fbc80-e5a1-4c69-bc7e-bbf3cec1ed51|rpc:10.1.0.34:15085|admin:10.1.0.34:15084|client:10.1.0.34:15083|dataStream:10.1.0.34:15086|priority:0|startupRole:FOLLOWER, 6aca8935-1d6c-4d3a-a292-fe52e1537be9|rpc:10.1.0.34:15067|admin:10.1.0.34:15066|client:10.1.0.34:15065|dataStream:10.1.0.34:15068|priority:1|startupRole:FOLLOWER]|listeners:[], old=null
2023-09-28 12:57:29,115 [6aca8935-1d6c-4d3a-a292-fe52e1537be9-groupManagement] INFO  server.RaftServer$Division (RaftServerImpl.java:setRole(329)) - 6aca8935-1d6c-4d3a-a292-fe52e1537be9@group-3F43FFF779B4: changes role from      null to FOLLOWER at term 0 for startAsFollower
2023-09-28 12:57:29,115 [6aca8935-1d6c-4d3a-a292-fe52e1537be9-groupManagement] INFO  impl.RoleInfo (RoleInfo.java:updateAndGet(139)) - 6aca8935-1d6c-4d3a-a292-fe52e1537be9: start 6aca8935-1d6c-4d3a-a292-fe52e1537be9@group-3F43FFF779B4-FollowerState
2023-09-28 12:57:29,115 [6aca8935-1d6c-4d3a-a292-fe52e1537be9@group-3F43FFF779B4-FollowerState] INFO  server.RaftServerConfigKeys (ConfUtils.java:logFallback(53)) - raft.server.rpc.first-election.timeout.min = 5s (fallback to raft.server.rpc.timeout.min)
2023-09-28 12:57:29,115 [6aca8935-1d6c-4d3a-a292-fe52e1537be9-groupManagement] INFO  util.JmxRegister (JmxRegister.java:tryRegister(44)) - Successfully registered JMX Bean with object name Ratis:service=RaftServer,group=group-3F43FFF779B4,id=6aca8935-1d6c-4d3a-a292-fe52e1537be9
2023-09-28 12:57:29,115 [6aca8935-1d6c-4d3a-a292-fe52e1537be9@group-3F43FFF779B4-FollowerState] INFO  server.RaftServerConfigKeys (ConfUtils.java:logFallback(53)) - raft.server.rpc.first-election.timeout.max = 5200ms (fallback to raft.server.rpc.timeout.max)
2023-09-28 12:57:29,115 [6aca8935-1d6c-4d3a-a292-fe52e1537be9-groupManagement] INFO  server.RaftServerConfigKeys (ConfUtils.java:logGet(46)) - raft.server.snapshot.auto.trigger.enabled = true (custom)
2023-09-28 12:57:29,115 [6aca8935-1d6c-4d3a-a292-fe52e1537be9-groupManagement] INFO  server.RaftServerConfigKeys (ConfUtils.java:logGet(46)) - raft.server.snapshot.auto.trigger.threshold = 10000 (custom)
2023-09-28 12:57:29,115 [6aca8935-1d6c-4d3a-a292-fe52e1537be9-groupManagement] INFO  server.RaftServerConfigKeys (ConfUtils.java:logGet(46)) - raft.server.snapshot.retention.file.num = 5 (custom)
2023-09-28 12:57:29,115 [6aca8935-1d6c-4d3a-a292-fe52e1537be9-groupManagement] INFO  server.RaftServerConfigKeys (ConfUtils.java:logGet(46)) - raft.server.log.purge.upto.snapshot.index = false (default)
2023-09-28 12:57:29,117 [PipelineCommandHandlerThread-0] INFO  ratis.XceiverServerRatis (XceiverServerRatis.java:addGroup(804)) - Created group PipelineID=5e50b054-075a-4fbd-94d2-3f43fff779b4
2023-09-28 12:57:29,134 [grpc-default-executor-0] INFO  server.RaftServer (RaftServerProxy.java:addNew(98)) - 7cfd9c5f-6b01-4921-8aee-b720897a5c16: addNew group-3F43FFF779B4:[7cfd9c5f-6b01-4921-8aee-b720897a5c16|rpc:10.1.0.34:15076|admin:10.1.0.34:15075|client:10.1.0.34:15074|dataStream:10.1.0.34:15077|priority:0|startupRole:FOLLOWER, 0f9fbc80-e5a1-4c69-bc7e-bbf3cec1ed51|rpc:10.1.0.34:15085|admin:10.1.0.34:15084|client:10.1.0.34:15083|dataStream:10.1.0.34:15086|priority:0|startupRole:FOLLOWER, 6aca8935-1d6c-4d3a-a292-fe52e1537be9|rpc:10.1.0.34:15067|admin:10.1.0.34:15066|client:10.1.0.34:15065|dataStream:10.1.0.34:15068|priority:1|startupRole:FOLLOWER] returns group-3F43FFF779B4:java.util.concurrent.CompletableFuture@33fb5d98[Not completed]
2023-09-28 12:57:29,135 [7cfd9c5f-6b01-4921-8aee-b720897a5c16-groupManagement] INFO  server.RaftServer$Division (RaftServerImpl.java:<init>(198)) - 7cfd9c5f-6b01-4921-8aee-b720897a5c16: new RaftServerImpl for group-3F43FFF779B4:[7cfd9c5f-6b01-4921-8aee-b720897a5c16|rpc:10.1.0.34:15076|admin:10.1.0.34:15075|client:10.1.0.34:15074|dataStream:10.1.0.34:15077|priority:0|startupRole:FOLLOWER, 0f9fbc80-e5a1-4c69-bc7e-bbf3cec1ed51|rpc:10.1.0.34:15085|admin:10.1.0.34:15084|client:10.1.0.34:15083|dataStream:10.1.0.34:15086|priority:0|startupRole:FOLLOWER, 6aca8935-1d6c-4d3a-a292-fe52e1537be9|rpc:10.1.0.34:15067|admin:10.1.0.34:15066|client:10.1.0.34:15065|dataStream:10.1.0.34:15068|priority:1|startupRole:FOLLOWER] with ContainerStateMachine:uninitialized
2023-09-28 12:57:29,135 [7cfd9c5f-6b01-4921-8aee-b720897a5c16-groupManagement] INFO  server.RaftServerConfigKeys (ConfUtils.java:logGet(46)) - raft.server.rpc.timeout.min = 5s (custom)
2023-09-28 12:57:29,135 [7cfd9c5f-6b01-4921-8aee-b720897a5c16-groupManagement] INFO  server.RaftServerConfigKeys (ConfUtils.java:logGet(46)) - raft.server.rpc.timeout.max = 5200ms (custom)
2023-09-28 12:57:29,135 [7cfd9c5f-6b01-4921-8aee-b720897a5c16-groupManagement] INFO  server.RaftServerConfigKeys (ConfUtils.java:logGet(46)) - raft.server.rpc.sleep.time = 25ms (default)
2023-09-28 12:57:29,135 [7cfd9c5f-6b01-4921-8aee-b720897a5c16-groupManagement] INFO  server.RaftServerConfigKeys (ConfUtils.java:logGet(46)) - raft.server.rpc.slowness.timeout = 300s (custom)
2023-09-28 12:57:29,135 [7cfd9c5f-6b01-4921-8aee-b720897a5c16-groupManagement] INFO  server.RaftServerConfigKeys (ConfUtils.java:logGet(46)) - raft.server.leaderelection.leader.step-down.wait-time = 10s (default)
2023-09-28 12:57:29,135 [7cfd9c5f-6b01-4921-8aee-b720897a5c16-groupManagement] INFO  server.RaftServerConfigKeys (ConfUtils.java:logGet(46)) - raft.server.sleep.deviation.threshold = 300ms (default)
2023-09-28 12:57:29,135 [7cfd9c5f-6b01-4921-8aee-b720897a5c16-groupManagement] INFO  server.RaftServer$Division (ServerState.java:<init>(120)) - 7cfd9c5f-6b01-4921-8aee-b720897a5c16@group-3F43FFF779B4: ConfigurationManager, init=-1: peers:[7cfd9c5f-6b01-4921-8aee-b720897a5c16|rpc:10.1.0.34:15076|admin:10.1.0.34:15075|client:10.1.0.34:15074|dataStream:10.1.0.34:15077|priority:0|startupRole:FOLLOWER, 0f9fbc80-e5a1-4c69-bc7e-bbf3cec1ed51|rpc:10.1.0.34:15085|admin:10.1.0.34:15084|client:10.1.0.34:15083|dataStream:10.1.0.34:15086|priority:0|startupRole:FOLLOWER, 6aca8935-1d6c-4d3a-a292-fe52e1537be9|rpc:10.1.0.34:15067|admin:10.1.0.34:15066|client:10.1.0.34:15065|dataStream:10.1.0.34:15068|priority:1|startupRole:FOLLOWER]|listeners:[], old=null, confs=<EMPTY_MAP>
2023-09-28 12:57:29,136 [7cfd9c5f-6b01-4921-8aee-b720897a5c16-groupManagement] INFO  server.RaftServerConfigKeys (ConfUtils.java:logGet(46)) - raft.server.storage.dir = [/home/runner/work/ozone/ozone/hadoop-ozone/integration-test/target/test-dir/MiniOzoneClusterImpl-e5738b5b-ff1d-4187-9339-882699725c5e/datanode-1/data/ratis] (custom)
2023-09-28 12:57:29,136 [7cfd9c5f-6b01-4921-8aee-b720897a5c16-groupManagement] INFO  server.RaftServerConfigKeys (ConfUtils.java:logGet(46)) - raft.server.log.corruption.policy = EXCEPTION (default)
2023-09-28 12:57:29,136 [7cfd9c5f-6b01-4921-8aee-b720897a5c16-groupManagement] INFO  server.RaftServerConfigKeys (ConfUtils.java:logGet(46)) - raft.server.storage.free-space.min = 0MB (=0) (default)
2023-09-28 12:57:29,136 [7cfd9c5f-6b01-4921-8aee-b720897a5c16-groupManagement] INFO  server.RaftServerConfigKeys (ConfUtils.java:logGet(46)) - raft.server.notification.no-leader.timeout = 300s (custom)
2023-09-28 12:57:29,136 [7cfd9c5f-6b01-4921-8aee-b720897a5c16-groupManagement] INFO  server.RaftServerConfigKeys (ConfUtils.java:logGet(46)) - raft.server.read.timeout = 10s (default)
2023-09-28 12:57:29,136 [7cfd9c5f-6b01-4921-8aee-b720897a5c16-groupManagement] INFO  server.RaftServerConfigKeys (ConfUtils.java:logGet(46)) - raft.server.retrycache.expirytime = 600000ms (custom)
2023-09-28 12:57:29,136 [7cfd9c5f-6b01-4921-8aee-b720897a5c16-groupManagement] INFO  server.RaftServerConfigKeys (ConfUtils.java:logGet(46)) - raft.server.retrycache.statistics.expirytime = 100μs (default)
2023-09-28 12:57:29,136 [7cfd9c5f-6b01-4921-8aee-b720897a5c16-groupManagement] INFO  server.RaftServerConfigKeys (ConfUtils.java:logGet(46)) - raft.server.read.option = DEFAULT (default)
2023-09-28 12:57:29,138 [7cfd9c5f-6b01-4921-8aee-b720897a5c16-groupManagement] INFO  server.RaftServerConfigKeys (ConfUtils.java:logGet(46)) - raft.server.rpc.request.timeout = 60s (custom)
2023-09-28 12:57:29,138 [7cfd9c5f-6b01-4921-8aee-b720897a5c16-groupManagement] INFO  server.RaftServerConfigKeys (ConfUtils.java:logGet(46)) - raft.server.log.appender.install.snapshot.enabled = false (custom)
2023-09-28 12:57:29,138 [7cfd9c5f-6b01-4921-8aee-b720897a5c16-groupManagement] INFO  server.RaftServerConfigKeys (ConfUtils.java:logGet(46)) - raft.server.threadpool.server.cached = true (default)
2023-09-28 12:57:29,139 [7cfd9c5f-6b01-4921-8aee-b720897a5c16-groupManagement] INFO  server.RaftServerConfigKeys (ConfUtils.java:logGet(46)) - raft.server.threadpool.server.size = 0 (default)
2023-09-28 12:57:29,139 [7cfd9c5f-6b01-4921-8aee-b720897a5c16-groupManagement] INFO  server.RaftServerConfigKeys (ConfUtils.java:logGet(46)) - raft.server.threadpool.client.cached = true (default)
2023-09-28 12:57:29,139 [7cfd9c5f-6b01-4921-8aee-b720897a5c16-groupManagement] INFO  server.RaftServerConfigKeys (ConfUtils.java:logGet(46)) - raft.server.threadpool.client.size = 0 (default)
2023-09-28 12:57:29,139 [7cfd9c5f-6b01-4921-8aee-b720897a5c16-groupManagement] INFO  storage.RaftStorageDirectory (RaftStorageDirectoryImpl.java:analyzeStorage(137)) - The storage directory /home/runner/work/ozone/ozone/hadoop-ozone/integration-test/target/test-dir/MiniOzoneClusterImpl-e5738b5b-ff1d-4187-9339-882699725c5e/datanode-1/data/ratis/5e50b054-075a-4fbd-94d2-3f43fff779b4 does not exist. Creating ...
2023-09-28 12:57:29,140 [7cfd9c5f-6b01-4921-8aee-b720897a5c16-groupManagement] INFO  storage.RaftStorageDirectory (RaftStorageDirectoryImpl.java:tryLock(231)) - Lock on /home/runner/work/ozone/ozone/hadoop-ozone/integration-test/target/test-dir/MiniOzoneClusterImpl-e5738b5b-ff1d-4187-9339-882699725c5e/datanode-1/data/ratis/5e50b054-075a-4fbd-94d2-3f43fff779b4/in_use.lock acquired by nodename 7568@fv-az163-431
2023-09-28 12:57:29,141 [7cfd9c5f-6b01-4921-8aee-b720897a5c16-groupManagement] INFO  storage.RaftStorage (RaftStorageImpl.java:format(96)) - Storage directory /home/runner/work/ozone/ozone/hadoop-ozone/integration-test/target/test-dir/MiniOzoneClusterImpl-e5738b5b-ff1d-4187-9339-882699725c5e/datanode-1/data/ratis/5e50b054-075a-4fbd-94d2-3f43fff779b4 has been successfully formatted.
2023-09-28 12:57:29,145 [7cfd9c5f-6b01-4921-8aee-b720897a5c16-groupManagement] INFO  ratis.ContainerStateMachine (ContainerStateMachine.java:loadSnapshot(262)) - group-3F43FFF779B4: The snapshot info is null. Setting the last applied indexto:(t:0, i:~)
2023-09-28 12:57:29,145 [7cfd9c5f-6b01-4921-8aee-b720897a5c16-groupManagement] INFO  server.RaftServerConfigKeys (ConfUtils.java:logGet(46)) - raft.server.log.use.memory = false (default)
2023-09-28 12:57:29,145 [7cfd9c5f-6b01-4921-8aee-b720897a5c16-groupManagement] INFO  server.RaftServerConfigKeys (ConfUtils.java:logGet(46)) - raft.server.log.purge.gap = 1000000 (custom)
2023-09-28 12:57:29,145 [7cfd9c5f-6b01-4921-8aee-b720897a5c16-groupManagement] INFO  server.RaftServerConfigKeys (ConfUtils.java:logGet(46)) - raft.server.log.appender.buffer.byte-limit = 33554432 (custom)
2023-09-28 12:57:29,145 [7cfd9c5f-6b01-4921-8aee-b720897a5c16-groupManagement] INFO  server.RaftServerConfigKeys (ConfUtils.java:logGet(46)) - raft.server.log.statemachine.data.read.timeout = 1000ms (default)
2023-09-28 12:57:29,145 [7cfd9c5f-6b01-4921-8aee-b720897a5c16-groupManagement] INFO  server.RaftServerConfigKeys (ConfUtils.java:logGet(46)) - raft.server.log.purge.preservation.log.num = 0 (default)
2023-09-28 12:57:29,146 [7cfd9c5f-6b01-4921-8aee-b720897a5c16-groupManagement] INFO  server.RaftServerConfigKeys (ConfUtils.java:logGet(46)) - raft.server.log.segment.size.max = 1048576 (custom)
2023-09-28 12:57:29,146 [7cfd9c5f-6b01-4921-8aee-b720897a5c16-groupManagement] INFO  server.RaftServerConfigKeys (ConfUtils.java:logGet(46)) - raft.server.log.segment.cache.num.max = 2 (custom)
2023-09-28 12:57:29,146 [7cfd9c5f-6b01-4921-8aee-b720897a5c16-groupManagement] INFO  server.RaftServerConfigKeys (ConfUtils.java:logGet(46)) - raft.server.log.segment.cache.size.max = 200MB (=209715200) (default)
2023-09-28 12:57:29,146 [7cfd9c5f-6b01-4921-8aee-b720897a5c16-groupManagement] INFO  server.RaftServerConfigKeys (ConfUtils.java:logGet(46)) - raft.server.log.appender.buffer.byte-limit = 33554432 (custom)
2023-09-28 12:57:29,146 [7cfd9c5f-6b01-4921-8aee-b720897a5c16-groupManagement] INFO  segmented.SegmentedRaftLogWorker (SegmentedRaftLogWorker.java:<init>(188)) - new 7cfd9c5f-6b01-4921-8aee-b720897a5c16@group-3F43FFF779B4-SegmentedRaftLogWorker for RaftStorageImpl:Storage Directory /home/runner/work/ozone/ozone/hadoop-ozone/integration-test/target/test-dir/MiniOzoneClusterImpl-e5738b5b-ff1d-4187-9339-882699725c5e/datanode-1/data/ratis/5e50b054-075a-4fbd-94d2-3f43fff779b4
2023-09-28 12:57:29,146 [7cfd9c5f-6b01-4921-8aee-b720897a5c16-groupManagement] INFO  server.RaftServerConfigKeys (ConfUtils.java:logGet(46)) - raft.server.log.queue.byte-limit = 4294967296 (custom)
2023-09-28 12:57:29,146 [7cfd9c5f-6b01-4921-8aee-b720897a5c16-groupManagement] INFO  server.RaftServerConfigKeys (ConfUtils.java:logGet(46)) - raft.server.log.queue.element-limit = 1024 (custom)
2023-09-28 12:57:29,146 [7cfd9c5f-6b01-4921-8aee-b720897a5c16-groupManagement] INFO  server.RaftServerConfigKeys (ConfUtils.java:logGet(46)) - raft.server.log.segment.size.max = 1048576 (custom)
2023-09-28 12:57:29,146 [7cfd9c5f-6b01-4921-8aee-b720897a5c16-groupManagement] INFO  server.RaftServerConfigKeys (ConfUtils.java:logGet(46)) - raft.server.log.preallocated.size = 16384 (custom)
2023-09-28 12:57:29,146 [7cfd9c5f-6b01-4921-8aee-b720897a5c16-groupManagement] INFO  server.RaftServerConfigKeys (ConfUtils.java:logGet(46)) - raft.server.log.force.sync.num = 128 (default)
2023-09-28 12:57:29,146 [7cfd9c5f-6b01-4921-8aee-b720897a5c16-groupManagement] INFO  server.RaftServerConfigKeys (ConfUtils.java:logGet(46)) - raft.server.log.statemachine.data.sync = true (default)
2023-09-28 12:57:29,146 [7cfd9c5f-6b01-4921-8aee-b720897a5c16-groupManagement] INFO  server.RaftServerConfigKeys (ConfUtils.java:logGet(46)) - raft.server.log.statemachine.data.sync.timeout = 10s (default)
2023-09-28 12:57:29,146 [7cfd9c5f-6b01-4921-8aee-b720897a5c16-groupManagement] INFO  server.RaftServerConfigKeys (ConfUtils.java:logGet(46)) - raft.server.log.statemachine.data.sync.timeout.retry = -1 (default)
2023-09-28 12:57:29,147 [7cfd9c5f-6b01-4921-8aee-b720897a5c16-groupManagement] INFO  server.RaftServerConfigKeys (ConfUtils.java:logGet(46)) - raft.server.log.write.buffer.size = 1048576 (custom)
2023-09-28 12:57:29,147 [7cfd9c5f-6b01-4921-8aee-b720897a5c16-groupManagement] INFO  server.RaftServerConfigKeys (ConfUtils.java:logGet(46)) - raft.server.log.appender.buffer.byte-limit = 33554432 (custom)
2023-09-28 12:57:29,153 [7cfd9c5f-6b01-4921-8aee-b720897a5c16-groupManagement] INFO  server.RaftServerConfigKeys (ConfUtils.java:logGet(46)) - raft.server.log.unsafe-flush.enabled = false (default)
2023-09-28 12:57:29,153 [7cfd9c5f-6b01-4921-8aee-b720897a5c16-groupManagement] INFO  server.RaftServerConfigKeys (ConfUtils.java:logGet(46)) - raft.server.log.async-flush.enabled = false (default)
2023-09-28 12:57:29,153 [7cfd9c5f-6b01-4921-8aee-b720897a5c16-groupManagement] INFO  server.RaftServerConfigKeys (ConfUtils.java:logGet(46)) - raft.server.log.statemachine.data.caching.enabled = true (custom)
2023-09-28 12:57:29,153 [7cfd9c5f-6b01-4921-8aee-b720897a5c16-groupManagement] INFO  segmented.SegmentedRaftLogWorker (SegmentedRaftLogWorker.java:lambda$new$0(135)) - 7cfd9c5f-6b01-4921-8aee-b720897a5c16@group-3F43FFF779B4-SegmentedRaftLogWorker: flushIndex: setUnconditionally 0 -> -1
2023-09-28 12:57:29,154 [7cfd9c5f-6b01-4921-8aee-b720897a5c16-groupManagement] INFO  segmented.SegmentedRaftLogWorker (SegmentedRaftLogWorker.java:lambda$new$0(135)) - 7cfd9c5f-6b01-4921-8aee-b720897a5c16@group-3F43FFF779B4-SegmentedRaftLogWorker: safeCacheEvictIndex: setUnconditionally 0 -> -1
2023-09-28 12:57:29,154 [7cfd9c5f-6b01-4921-8aee-b720897a5c16-groupManagement] INFO  server.RaftServer$Division (RaftServerImpl.java:start(342)) - 7cfd9c5f-6b01-4921-8aee-b720897a5c16@group-3F43FFF779B4: start as a follower, conf=-1: peers:[7cfd9c5f-6b01-4921-8aee-b720897a5c16|rpc:10.1.0.34:15076|admin:10.1.0.34:15075|client:10.1.0.34:15074|dataStream:10.1.0.34:15077|priority:0|startupRole:FOLLOWER, 0f9fbc80-e5a1-4c69-bc7e-bbf3cec1ed51|rpc:10.1.0.34:15085|admin:10.1.0.34:15084|client:10.1.0.34:15083|dataStream:10.1.0.34:15086|priority:0|startupRole:FOLLOWER, 6aca8935-1d6c-4d3a-a292-fe52e1537be9|rpc:10.1.0.34:15067|admin:10.1.0.34:15066|client:10.1.0.34:15065|dataStream:10.1.0.34:15068|priority:1|startupRole:FOLLOWER]|listeners:[], old=null
2023-09-28 12:57:29,154 [7cfd9c5f-6b01-4921-8aee-b720897a5c16-groupManagement] INFO  server.RaftServer$Division (RaftServerImpl.java:setRole(329)) - 7cfd9c5f-6b01-4921-8aee-b720897a5c16@group-3F43FFF779B4: changes role from      null to FOLLOWER at term 0 for startAsFollower
2023-09-28 12:57:29,154 [7cfd9c5f-6b01-4921-8aee-b720897a5c16-groupManagement] INFO  impl.RoleInfo (RoleInfo.java:updateAndGet(139)) - 7cfd9c5f-6b01-4921-8aee-b720897a5c16: start 7cfd9c5f-6b01-4921-8aee-b720897a5c16@group-3F43FFF779B4-FollowerState
2023-09-28 12:57:29,157 [7cfd9c5f-6b01-4921-8aee-b720897a5c16-groupManagement] INFO  util.JmxRegister (JmxRegister.java:tryRegister(44)) - Successfully registered JMX Bean with object name Ratis:service=RaftServer,group=group-3F43FFF779B4,id=7cfd9c5f-6b01-4921-8aee-b720897a5c16
2023-09-28 12:57:29,157 [7cfd9c5f-6b01-4921-8aee-b720897a5c16-groupManagement] INFO  server.RaftServerConfigKeys (ConfUtils.java:logGet(46)) - raft.server.snapshot.auto.trigger.enabled = true (custom)
2023-09-28 12:57:29,157 [7cfd9c5f-6b01-4921-8aee-b720897a5c16-groupManagement] INFO  server.RaftServerConfigKeys (ConfUtils.java:logGet(46)) - raft.server.snapshot.auto.trigger.threshold = 10000 (custom)
2023-09-28 12:57:29,157 [7cfd9c5f-6b01-4921-8aee-b720897a5c16-groupManagement] INFO  server.RaftServerConfigKeys (ConfUtils.java:logGet(46)) - raft.server.snapshot.retention.file.num = 5 (custom)
2023-09-28 12:57:29,157 [7cfd9c5f-6b01-4921-8aee-b720897a5c16-groupManagement] INFO  server.RaftServerConfigKeys (ConfUtils.java:logGet(46)) - raft.server.log.purge.upto.snapshot.index = false (default)
2023-09-28 12:57:29,157 [7cfd9c5f-6b01-4921-8aee-b720897a5c16@group-3F43FFF779B4-FollowerState] INFO  server.RaftServerConfigKeys (ConfUtils.java:logFallback(53)) - raft.server.rpc.first-election.timeout.min = 5s (fallback to raft.server.rpc.timeout.min)
2023-09-28 12:57:29,158 [7cfd9c5f-6b01-4921-8aee-b720897a5c16@group-3F43FFF779B4-FollowerState] INFO  server.RaftServerConfigKeys (ConfUtils.java:logFallback(53)) - raft.server.rpc.first-election.timeout.max = 5200ms (fallback to raft.server.rpc.timeout.max)
2023-09-28 12:57:29,190 [grpc-default-executor-0] INFO  server.RaftServer (RaftServerProxy.java:addNew(98)) - 0f9fbc80-e5a1-4c69-bc7e-bbf3cec1ed51: addNew group-3F43FFF779B4:[7cfd9c5f-6b01-4921-8aee-b720897a5c16|rpc:10.1.0.34:15076|admin:10.1.0.34:15075|client:10.1.0.34:15074|dataStream:10.1.0.34:15077|priority:0|startupRole:FOLLOWER, 0f9fbc80-e5a1-4c69-bc7e-bbf3cec1ed51|rpc:10.1.0.34:15085|admin:10.1.0.34:15084|client:10.1.0.34:15083|dataStream:10.1.0.34:15086|priority:0|startupRole:FOLLOWER, 6aca8935-1d6c-4d3a-a292-fe52e1537be9|rpc:10.1.0.34:15067|admin:10.1.0.34:15066|client:10.1.0.34:15065|dataStream:10.1.0.34:15068|priority:1|startupRole:FOLLOWER] returns group-3F43FFF779B4:java.util.concurrent.CompletableFuture@26613a25[Not completed]
2023-09-28 12:57:29,191 [0f9fbc80-e5a1-4c69-bc7e-bbf3cec1ed51-groupManagement] INFO  server.RaftServer$Division (RaftServerImpl.java:<init>(198)) - 0f9fbc80-e5a1-4c69-bc7e-bbf3cec1ed51: new RaftServerImpl for group-3F43FFF779B4:[7cfd9c5f-6b01-4921-8aee-b720897a5c16|rpc:10.1.0.34:15076|admin:10.1.0.34:15075|client:10.1.0.34:15074|dataStream:10.1.0.34:15077|priority:0|startupRole:FOLLOWER, 0f9fbc80-e5a1-4c69-bc7e-bbf3cec1ed51|rpc:10.1.0.34:15085|admin:10.1.0.34:15084|client:10.1.0.34:15083|dataStream:10.1.0.34:15086|priority:0|startupRole:FOLLOWER, 6aca8935-1d6c-4d3a-a292-fe52e1537be9|rpc:10.1.0.34:15067|admin:10.1.0.34:15066|client:10.1.0.34:15065|dataStream:10.1.0.34:15068|priority:1|startupRole:FOLLOWER] with ContainerStateMachine:uninitialized
2023-09-28 12:57:29,191 [0f9fbc80-e5a1-4c69-bc7e-bbf3cec1ed51-groupManagement] INFO  server.RaftServerConfigKeys (ConfUtils.java:logGet(46)) - raft.server.rpc.timeout.min = 5s (custom)
2023-09-28 12:57:29,192 [0f9fbc80-e5a1-4c69-bc7e-bbf3cec1ed51-groupManagement] INFO  server.RaftServerConfigKeys (ConfUtils.java:logGet(46)) - raft.server.rpc.timeout.max = 5200ms (custom)
2023-09-28 12:57:29,192 [0f9fbc80-e5a1-4c69-bc7e-bbf3cec1ed51-groupManagement] INFO  server.RaftServerConfigKeys (ConfUtils.java:logGet(46)) - raft.server.rpc.sleep.time = 25ms (default)
2023-09-28 12:57:29,192 [0f9fbc80-e5a1-4c69-bc7e-bbf3cec1ed51-groupManagement] INFO  server.RaftServerConfigKeys (ConfUtils.java:logGet(46)) - raft.server.rpc.slowness.timeout = 300s (custom)
2023-09-28 12:57:29,192 [0f9fbc80-e5a1-4c69-bc7e-bbf3cec1ed51-groupManagement] INFO  server.RaftServerConfigKeys (ConfUtils.java:logGet(46)) - raft.server.leaderelection.leader.step-down.wait-time = 10s (default)
2023-09-28 12:57:29,192 [0f9fbc80-e5a1-4c69-bc7e-bbf3cec1ed51-groupManagement] INFO  server.RaftServerConfigKeys (ConfUtils.java:logGet(46)) - raft.server.sleep.deviation.threshold = 300ms (default)
2023-09-28 12:57:29,192 [0f9fbc80-e5a1-4c69-bc7e-bbf3cec1ed51-groupManagement] INFO  server.RaftServer$Division (ServerState.java:<init>(120)) - 0f9fbc80-e5a1-4c69-bc7e-bbf3cec1ed51@group-3F43FFF779B4: ConfigurationManager, init=-1: peers:[7cfd9c5f-6b01-4921-8aee-b720897a5c16|rpc:10.1.0.34:15076|admin:10.1.0.34:15075|client:10.1.0.34:15074|dataStream:10.1.0.34:15077|priority:0|startupRole:FOLLOWER, 0f9fbc80-e5a1-4c69-bc7e-bbf3cec1ed51|rpc:10.1.0.34:15085|admin:10.1.0.34:15084|client:10.1.0.34:15083|dataStream:10.1.0.34:15086|priority:0|startupRole:FOLLOWER, 6aca8935-1d6c-4d3a-a292-fe52e1537be9|rpc:10.1.0.34:15067|admin:10.1.0.34:15066|client:10.1.0.34:15065|dataStream:10.1.0.34:15068|priority:1|startupRole:FOLLOWER]|listeners:[], old=null, confs=<EMPTY_MAP>
2023-09-28 12:57:29,192 [0f9fbc80-e5a1-4c69-bc7e-bbf3cec1ed51-groupManagement] INFO  server.RaftServerConfigKeys (ConfUtils.java:logGet(46)) - raft.server.storage.dir = [/home/runner/work/ozone/ozone/hadoop-ozone/integration-test/target/test-dir/MiniOzoneClusterImpl-e5738b5b-ff1d-4187-9339-882699725c5e/datanode-2/data/ratis] (custom)
2023-09-28 12:57:29,192 [0f9fbc80-e5a1-4c69-bc7e-bbf3cec1ed51-groupManagement] INFO  server.RaftServerConfigKeys (ConfUtils.java:logGet(46)) - raft.server.log.corruption.policy = EXCEPTION (default)
2023-09-28 12:57:29,192 [0f9fbc80-e5a1-4c69-bc7e-bbf3cec1ed51-groupManagement] INFO  server.RaftServerConfigKeys (ConfUtils.java:logGet(46)) - raft.server.storage.free-space.min = 0MB (=0) (default)
2023-09-28 12:57:29,192 [0f9fbc80-e5a1-4c69-bc7e-bbf3cec1ed51-groupManagement] INFO  server.RaftServerConfigKeys (ConfUtils.java:logGet(46)) - raft.server.notification.no-leader.timeout = 300s (custom)
2023-09-28 12:57:29,192 [0f9fbc80-e5a1-4c69-bc7e-bbf3cec1ed51-groupManagement] INFO  server.RaftServerConfigKeys (ConfUtils.java:logGet(46)) - raft.server.read.timeout = 10s (default)
2023-09-28 12:57:29,192 [0f9fbc80-e5a1-4c69-bc7e-bbf3cec1ed51-groupManagement] INFO  server.RaftServerConfigKeys (ConfUtils.java:logGet(46)) - raft.server.retrycache.expirytime = 600000ms (custom)
2023-09-28 12:57:29,192 [0f9fbc80-e5a1-4c69-bc7e-bbf3cec1ed51-groupManagement] INFO  server.RaftServerConfigKeys (ConfUtils.java:logGet(46)) - raft.server.retrycache.statistics.expirytime = 100μs (default)
2023-09-28 12:57:29,192 [0f9fbc80-e5a1-4c69-bc7e-bbf3cec1ed51-groupManagement] INFO  server.RaftServerConfigKeys (ConfUtils.java:logGet(46)) - raft.server.read.option = DEFAULT (default)
2023-09-28 12:57:29,193 [0f9fbc80-e5a1-4c69-bc7e-bbf3cec1ed51-groupManagement] INFO  server.RaftServerConfigKeys (ConfUtils.java:logGet(46)) - raft.server.rpc.request.timeout = 60s (custom)
2023-09-28 12:57:29,193 [0f9fbc80-e5a1-4c69-bc7e-bbf3cec1ed51-groupManagement] INFO  server.RaftServerConfigKeys (ConfUtils.java:logGet(46)) - raft.server.log.appender.install.snapshot.enabled = false (custom)
2023-09-28 12:57:29,193 [0f9fbc80-e5a1-4c69-bc7e-bbf3cec1ed51-groupManagement] INFO  server.RaftServerConfigKeys (ConfUtils.java:logGet(46)) - raft.server.threadpool.server.cached = true (default)
2023-09-28 12:57:29,193 [0f9fbc80-e5a1-4c69-bc7e-bbf3cec1ed51-groupManagement] INFO  server.RaftServerConfigKeys (ConfUtils.java:logGet(46)) - raft.server.threadpool.server.size = 0 (default)
2023-09-28 12:57:29,193 [0f9fbc80-e5a1-4c69-bc7e-bbf3cec1ed51-groupManagement] INFO  server.RaftServerConfigKeys (ConfUtils.java:logGet(46)) - raft.server.threadpool.client.cached = true (default)
2023-09-28 12:57:29,193 [0f9fbc80-e5a1-4c69-bc7e-bbf3cec1ed51-groupManagement] INFO  server.RaftServerConfigKeys (ConfUtils.java:logGet(46)) - raft.server.threadpool.client.size = 0 (default)
2023-09-28 12:57:29,194 [0f9fbc80-e5a1-4c69-bc7e-bbf3cec1ed51-groupManagement] INFO  storage.RaftStorageDirectory (RaftStorageDirectoryImpl.java:analyzeStorage(137)) - The storage directory /home/runner/work/ozone/ozone/hadoop-ozone/integration-test/target/test-dir/MiniOzoneClusterImpl-e5738b5b-ff1d-4187-9339-882699725c5e/datanode-2/data/ratis/5e50b054-075a-4fbd-94d2-3f43fff779b4 does not exist. Creating ...
2023-09-28 12:57:29,195 [0f9fbc80-e5a1-4c69-bc7e-bbf3cec1ed51-groupManagement] INFO  storage.RaftStorageDirectory (RaftStorageDirectoryImpl.java:tryLock(231)) - Lock on /home/runner/work/ozone/ozone/hadoop-ozone/integration-test/target/test-dir/MiniOzoneClusterImpl-e5738b5b-ff1d-4187-9339-882699725c5e/datanode-2/data/ratis/5e50b054-075a-4fbd-94d2-3f43fff779b4/in_use.lock acquired by nodename 7568@fv-az163-431
2023-09-28 12:57:29,196 [0f9fbc80-e5a1-4c69-bc7e-bbf3cec1ed51-groupManagement] INFO  storage.RaftStorage (RaftStorageImpl.java:format(96)) - Storage directory /home/runner/work/ozone/ozone/hadoop-ozone/integration-test/target/test-dir/MiniOzoneClusterImpl-e5738b5b-ff1d-4187-9339-882699725c5e/datanode-2/data/ratis/5e50b054-075a-4fbd-94d2-3f43fff779b4 has been successfully formatted.
2023-09-28 12:57:29,197 [0f9fbc80-e5a1-4c69-bc7e-bbf3cec1ed51-groupManagement] INFO  ratis.ContainerStateMachine (ContainerStateMachine.java:loadSnapshot(262)) - group-3F43FFF779B4: The snapshot info is null. Setting the last applied indexto:(t:0, i:~)
2023-09-28 12:57:29,197 [0f9fbc80-e5a1-4c69-bc7e-bbf3cec1ed51-groupManagement] INFO  server.RaftServerConfigKeys (ConfUtils.java:logGet(46)) - raft.server.log.use.memory = false (default)
2023-09-28 12:57:29,197 [0f9fbc80-e5a1-4c69-bc7e-bbf3cec1ed51-groupManagement] INFO  server.RaftServerConfigKeys (ConfUtils.java:logGet(46)) - raft.server.log.purge.gap = 1000000 (custom)
2023-09-28 12:57:29,198 [0f9fbc80-e5a1-4c69-bc7e-bbf3cec1ed51-groupManagement] INFO  server.RaftServerConfigKeys (ConfUtils.java:logGet(46)) - raft.server.log.appender.buffer.byte-limit = 33554432 (custom)
2023-09-28 12:57:29,198 [0f9fbc80-e5a1-4c69-bc7e-bbf3cec1ed51-groupManagement] INFO  server.RaftServerConfigKeys (ConfUtils.java:logGet(46)) - raft.server.log.statemachine.data.read.timeout = 1000ms (default)
2023-09-28 12:57:29,198 [0f9fbc80-e5a1-4c69-bc7e-bbf3cec1ed51-groupManagement] INFO  server.RaftServerConfigKeys (ConfUtils.java:logGet(46)) - raft.server.log.purge.preservation.log.num = 0 (default)
2023-09-28 12:57:29,198 [0f9fbc80-e5a1-4c69-bc7e-bbf3cec1ed51-groupManagement] INFO  server.RaftServerConfigKeys (ConfUtils.java:logGet(46)) - raft.server.log.segment.size.max = 1048576 (custom)
2023-09-28 12:57:29,198 [0f9fbc80-e5a1-4c69-bc7e-bbf3cec1ed51-groupManagement] INFO  server.RaftServerConfigKeys (ConfUtils.java:logGet(46)) - raft.server.log.segment.cache.num.max = 2 (custom)
2023-09-28 12:57:29,198 [0f9fbc80-e5a1-4c69-bc7e-bbf3cec1ed51-groupManagement] INFO  server.RaftServerConfigKeys (ConfUtils.java:logGet(46)) - raft.server.log.segment.cache.size.max = 200MB (=209715200) (default)
2023-09-28 12:57:29,198 [0f9fbc80-e5a1-4c69-bc7e-bbf3cec1ed51-groupManagement] INFO  server.RaftServerConfigKeys (ConfUtils.java:logGet(46)) - raft.server.log.appender.buffer.byte-limit = 33554432 (custom)
2023-09-28 12:57:29,199 [0f9fbc80-e5a1-4c69-bc7e-bbf3cec1ed51-groupManagement] INFO  segmented.SegmentedRaftLogWorker (SegmentedRaftLogWorker.java:<init>(188)) - new 0f9fbc80-e5a1-4c69-bc7e-bbf3cec1ed51@group-3F43FFF779B4-SegmentedRaftLogWorker for RaftStorageImpl:Storage Directory /home/runner/work/ozone/ozone/hadoop-ozone/integration-test/target/test-dir/MiniOzoneClusterImpl-e5738b5b-ff1d-4187-9339-882699725c5e/datanode-2/data/ratis/5e50b054-075a-4fbd-94d2-3f43fff779b4
2023-09-28 12:57:29,199 [0f9fbc80-e5a1-4c69-bc7e-bbf3cec1ed51-groupManagement] INFO  server.RaftServerConfigKeys (ConfUtils.java:logGet(46)) - raft.server.log.queue.byte-limit = 4294967296 (custom)
2023-09-28 12:57:29,201 [0f9fbc80-e5a1-4c69-bc7e-bbf3cec1ed51-groupManagement] INFO  server.RaftServerConfigKeys (ConfUtils.java:logGet(46)) - raft.server.log.queue.element-limit = 1024 (custom)
2023-09-28 12:57:29,202 [0f9fbc80-e5a1-4c69-bc7e-bbf3cec1ed51-groupManagement] INFO  server.RaftServerConfigKeys (ConfUtils.java:logGet(46)) - raft.server.log.segment.size.max = 1048576 (custom)
2023-09-28 12:57:29,202 [0f9fbc80-e5a1-4c69-bc7e-bbf3cec1ed51-groupManagement] INFO  server.RaftServerConfigKeys (ConfUtils.java:logGet(46)) - raft.server.log.preallocated.size = 16384 (custom)
2023-09-28 12:57:29,202 [0f9fbc80-e5a1-4c69-bc7e-bbf3cec1ed51-groupManagement] INFO  server.RaftServerConfigKeys (ConfUtils.java:logGet(46)) - raft.server.log.force.sync.num = 128 (default)
2023-09-28 12:57:29,202 [0f9fbc80-e5a1-4c69-bc7e-bbf3cec1ed51-groupManagement] INFO  server.RaftServerConfigKeys (ConfUtils.java:logGet(46)) - raft.server.log.statemachine.data.sync = true (default)
2023-09-28 12:57:29,202 [0f9fbc80-e5a1-4c69-bc7e-bbf3cec1ed51-groupManagement] INFO  server.RaftServerConfigKeys (ConfUtils.java:logGet(46)) - raft.server.log.statemachine.data.sync.timeout = 10s (default)
2023-09-28 12:57:29,202 [0f9fbc80-e5a1-4c69-bc7e-bbf3cec1ed51-groupManagement] INFO  server.RaftServerConfigKeys (ConfUtils.java:logGet(46)) - raft.server.log.statemachine.data.sync.timeout.retry = -1 (default)
2023-09-28 12:57:29,202 [0f9fbc80-e5a1-4c69-bc7e-bbf3cec1ed51-groupManagement] INFO  server.RaftServerConfigKeys (ConfUtils.java:logGet(46)) - raft.server.log.write.buffer.size = 1048576 (custom)
2023-09-28 12:57:29,203 [0f9fbc80-e5a1-4c69-bc7e-bbf3cec1ed51-groupManagement] INFO  server.RaftServerConfigKeys (ConfUtils.java:logGet(46)) - raft.server.log.appender.buffer.byte-limit = 33554432 (custom)
2023-09-28 12:57:29,286 [0f9fbc80-e5a1-4c69-bc7e-bbf3cec1ed51-groupManagement] INFO  server.RaftServerConfigKeys (ConfUtils.java:logGet(46)) - raft.server.log.unsafe-flush.enabled = false (default)
2023-09-28 12:57:29,286 [0f9fbc80-e5a1-4c69-bc7e-bbf3cec1ed51-groupManagement] INFO  server.RaftServerConfigKeys (ConfUtils.java:logGet(46)) - raft.server.log.async-flush.enabled = false (default)
2023-09-28 12:57:29,286 [0f9fbc80-e5a1-4c69-bc7e-bbf3cec1ed51-groupManagement] INFO  server.RaftServerConfigKeys (ConfUtils.java:logGet(46)) - raft.server.log.statemachine.data.caching.enabled = true (custom)
2023-09-28 12:57:29,287 [0f9fbc80-e5a1-4c69-bc7e-bbf3cec1ed51-groupManagement] INFO  segmented.SegmentedRaftLogWorker (SegmentedRaftLogWorker.java:lambda$new$0(135)) - 0f9fbc80-e5a1-4c69-bc7e-bbf3cec1ed51@group-3F43FFF779B4-SegmentedRaftLogWorker: flushIndex: setUnconditionally 0 -> -1
2023-09-28 12:57:29,287 [0f9fbc80-e5a1-4c69-bc7e-bbf3cec1ed51-groupManagement] INFO  segmented.SegmentedRaftLogWorker (SegmentedRaftLogWorker.java:lambda$new$0(135)) - 0f9fbc80-e5a1-4c69-bc7e-bbf3cec1ed51@group-3F43FFF779B4-SegmentedRaftLogWorker: safeCacheEvictIndex: setUnconditionally 0 -> -1
2023-09-28 12:57:29,287 [0f9fbc80-e5a1-4c69-bc7e-bbf3cec1ed51-groupManagement] INFO  server.RaftServer$Division (RaftServerImpl.java:start(342)) - 0f9fbc80-e5a1-4c69-bc7e-bbf3cec1ed51@group-3F43FFF779B4: start as a follower, conf=-1: peers:[7cfd9c5f-6b01-4921-8aee-b720897a5c16|rpc:10.1.0.34:15076|admin:10.1.0.34:15075|client:10.1.0.34:15074|dataStream:10.1.0.34:15077|priority:0|startupRole:FOLLOWER, 0f9fbc80-e5a1-4c69-bc7e-bbf3cec1ed51|rpc:10.1.0.34:15085|admin:10.1.0.34:15084|client:10.1.0.34:15083|dataStream:10.1.0.34:15086|priority:0|startupRole:FOLLOWER, 6aca8935-1d6c-4d3a-a292-fe52e1537be9|rpc:10.1.0.34:15067|admin:10.1.0.34:15066|client:10.1.0.34:15065|dataStream:10.1.0.34:15068|priority:1|startupRole:FOLLOWER]|listeners:[], old=null
2023-09-28 12:57:29,287 [0f9fbc80-e5a1-4c69-bc7e-bbf3cec1ed51-groupManagement] INFO  server.RaftServer$Division (RaftServerImpl.java:setRole(329)) - 0f9fbc80-e5a1-4c69-bc7e-bbf3cec1ed51@group-3F43FFF779B4: changes role from      null to FOLLOWER at term 0 for startAsFollower
2023-09-28 12:57:29,287 [0f9fbc80-e5a1-4c69-bc7e-bbf3cec1ed51-groupManagement] INFO  impl.RoleInfo (RoleInfo.java:updateAndGet(139)) - 0f9fbc80-e5a1-4c69-bc7e-bbf3cec1ed51: start 0f9fbc80-e5a1-4c69-bc7e-bbf3cec1ed51@group-3F43FFF779B4-FollowerState
2023-09-28 12:57:29,287 [0f9fbc80-e5a1-4c69-bc7e-bbf3cec1ed51-groupManagement] INFO  util.JmxRegister (JmxRegister.java:tryRegister(44)) - Successfully registered JMX Bean with object name Ratis:service=RaftServer,group=group-3F43FFF779B4,id=0f9fbc80-e5a1-4c69-bc7e-bbf3cec1ed51
2023-09-28 12:57:29,288 [0f9fbc80-e5a1-4c69-bc7e-bbf3cec1ed51-groupManagement] INFO  server.RaftServerConfigKeys (ConfUtils.java:logGet(46)) - raft.server.snapshot.auto.trigger.enabled = true (custom)
2023-09-28 12:57:29,288 [0f9fbc80-e5a1-4c69-bc7e-bbf3cec1ed51-groupManagement] INFO  server.RaftServerConfigKeys (ConfUtils.java:logGet(46)) - raft.server.snapshot.auto.trigger.threshold = 10000 (custom)
2023-09-28 12:57:29,288 [0f9fbc80-e5a1-4c69-bc7e-bbf3cec1ed51-groupManagement] INFO  server.RaftServerConfigKeys (ConfUtils.java:logGet(46)) - raft.server.snapshot.retention.file.num = 5 (custom)
2023-09-28 12:57:29,288 [0f9fbc80-e5a1-4c69-bc7e-bbf3cec1ed51-groupManagement] INFO  server.RaftServerConfigKeys (ConfUtils.java:logGet(46)) - raft.server.log.purge.upto.snapshot.index = false (default)
2023-09-28 12:57:29,288 [0f9fbc80-e5a1-4c69-bc7e-bbf3cec1ed51@group-3F43FFF779B4-FollowerState] INFO  server.RaftServerConfigKeys (ConfUtils.java:logFallback(53)) - raft.server.rpc.first-election.timeout.min = 5s (fallback to raft.server.rpc.timeout.min)
2023-09-28 12:57:29,288 [0f9fbc80-e5a1-4c69-bc7e-bbf3cec1ed51@group-3F43FFF779B4-FollowerState] INFO  server.RaftServerConfigKeys (ConfUtils.java:logFallback(53)) - raft.server.rpc.first-election.timeout.max = 5200ms (fallback to raft.server.rpc.timeout.max)
2023-09-28 12:57:29,289 [main] INFO  ozone.MiniOzoneClusterImpl (MiniOzoneClusterImpl.java:lambda$waitForClusterToBeReady$0(229)) - Nodes are ready. Got 5 of 5 DN Heartbeats.
2023-09-28 12:57:29,289 [main] INFO  ozone.MiniOzoneClusterImpl (MiniOzoneClusterImpl.java:lambda$waitForClusterToBeReady$0(232)) - Waiting for cluster to exit safe mode
2023-09-28 12:57:29,289 [main] INFO  ozone.MiniOzoneClusterImpl (MiniOzoneClusterImpl.java:lambda$waitForClusterToBeReady$0(234)) - SCM became leader
2023-09-28 12:57:29,294 [PipelineCommandHandlerThread-0] INFO  server.RaftServer (RaftServerProxy.java:addNew(98)) - 7cfd9c5f-6b01-4921-8aee-b720897a5c16: addNew group-E9E6AC06DEC0:[7cfd9c5f-6b01-4921-8aee-b720897a5c16|rpc:10.1.0.34:15076|admin:10.1.0.34:15075|client:10.1.0.34:15074|dataStream:10.1.0.34:15077|priority:1|startupRole:FOLLOWER] returns group-E9E6AC06DEC0:java.util.concurrent.CompletableFuture@34032426[Not completed]
2023-09-28 12:57:29,295 [7cfd9c5f-6b01-4921-8aee-b720897a5c16-groupManagement] INFO  server.RaftServer$Division (RaftServerImpl.java:<init>(198)) - 7cfd9c5f-6b01-4921-8aee-b720897a5c16: new RaftServerImpl for group-E9E6AC06DEC0:[7cfd9c5f-6b01-4921-8aee-b720897a5c16|rpc:10.1.0.34:15076|admin:10.1.0.34:15075|client:10.1.0.34:15074|dataStream:10.1.0.34:15077|priority:1|startupRole:FOLLOWER] with ContainerStateMachine:uninitialized
2023-09-28 12:57:29,295 [7cfd9c5f-6b01-4921-8aee-b720897a5c16-groupManagement] INFO  server.RaftServerConfigKeys (ConfUtils.java:logGet(46)) - raft.server.rpc.timeout.min = 5s (custom)
2023-09-28 12:57:29,295 [7cfd9c5f-6b01-4921-8aee-b720897a5c16-groupManagement] INFO  server.RaftServerConfigKeys (ConfUtils.java:logGet(46)) - raft.server.rpc.timeout.max = 5200ms (custom)
2023-09-28 12:57:29,295 [7cfd9c5f-6b01-4921-8aee-b720897a5c16-groupManagement] INFO  server.RaftServerConfigKeys (ConfUtils.java:logGet(46)) - raft.server.rpc.sleep.time = 25ms (default)
2023-09-28 12:57:29,295 [7cfd9c5f-6b01-4921-8aee-b720897a5c16-groupManagement] INFO  server.RaftServerConfigKeys (ConfUtils.java:logGet(46)) - raft.server.rpc.slowness.timeout = 300s (custom)
2023-09-28 12:57:29,295 [7cfd9c5f-6b01-4921-8aee-b720897a5c16-groupManagement] INFO  server.RaftServerConfigKeys (ConfUtils.java:logGet(46)) - raft.server.leaderelection.leader.step-down.wait-time = 10s (default)
2023-09-28 12:57:29,295 [7cfd9c5f-6b01-4921-8aee-b720897a5c16-groupManagement] INFO  server.RaftServerConfigKeys (ConfUtils.java:logGet(46)) - raft.server.sleep.deviation.threshold = 300ms (default)
2023-09-28 12:57:29,295 [7cfd9c5f-6b01-4921-8aee-b720897a5c16-groupManagement] INFO  server.RaftServer$Division (ServerState.java:<init>(120)) - 7cfd9c5f-6b01-4921-8aee-b720897a5c16@group-E9E6AC06DEC0: ConfigurationManager, init=-1: peers:[7cfd9c5f-6b01-4921-8aee-b720897a5c16|rpc:10.1.0.34:15076|admin:10.1.0.34:15075|client:10.1.0.34:15074|dataStream:10.1.0.34:15077|priority:1|startupRole:FOLLOWER]|listeners:[], old=null, confs=<EMPTY_MAP>
2023-09-28 12:57:29,295 [7cfd9c5f-6b01-4921-8aee-b720897a5c16-groupManagement] INFO  server.RaftServerConfigKeys (ConfUtils.java:logGet(46)) - raft.server.storage.dir = [/home/runner/work/ozone/ozone/hadoop-ozone/integration-test/target/test-dir/MiniOzoneClusterImpl-e5738b5b-ff1d-4187-9339-882699725c5e/datanode-1/data/ratis] (custom)
2023-09-28 12:57:29,295 [7cfd9c5f-6b01-4921-8aee-b720897a5c16-groupManagement] INFO  server.RaftServerConfigKeys (ConfUtils.java:logGet(46)) - raft.server.log.corruption.policy = EXCEPTION (default)
2023-09-28 12:57:29,296 [7cfd9c5f-6b01-4921-8aee-b720897a5c16-groupManagement] INFO  server.RaftServerConfigKeys (ConfUtils.java:logGet(46)) - raft.server.storage.free-space.min = 0MB (=0) (default)
2023-09-28 12:57:29,296 [7cfd9c5f-6b01-4921-8aee-b720897a5c16-groupManagement] INFO  server.RaftServerConfigKeys (ConfUtils.java:logGet(46)) - raft.server.notification.no-leader.timeout = 300s (custom)
2023-09-28 12:57:29,296 [7cfd9c5f-6b01-4921-8aee-b720897a5c16-groupManagement] INFO  server.RaftServerConfigKeys (ConfUtils.java:logGet(46)) - raft.server.read.timeout = 10s (default)
2023-09-28 12:57:29,296 [7cfd9c5f-6b01-4921-8aee-b720897a5c16-groupManagement] INFO  server.RaftServerConfigKeys (ConfUtils.java:logGet(46)) - raft.server.retrycache.expirytime = 600000ms (custom)
2023-09-28 12:57:29,296 [7cfd9c5f-6b01-4921-8aee-b720897a5c16-groupManagement] INFO  server.RaftServerConfigKeys (ConfUtils.java:logGet(46)) - raft.server.retrycache.statistics.expirytime = 100μs (default)
2023-09-28 12:57:29,296 [7cfd9c5f-6b01-4921-8aee-b720897a5c16-groupManagement] INFO  server.RaftServerConfigKeys (ConfUtils.java:logGet(46)) - raft.server.read.option = DEFAULT (default)
2023-09-28 12:57:29,296 [7cfd9c5f-6b01-4921-8aee-b720897a5c16-groupManagement] INFO  server.RaftServerConfigKeys (ConfUtils.java:logGet(46)) - raft.server.rpc.request.timeout = 60s (custom)
2023-09-28 12:57:29,297 [7cfd9c5f-6b01-4921-8aee-b720897a5c16-groupManagement] INFO  server.RaftServerConfigKeys (ConfUtils.java:logGet(46)) - raft.server.log.appender.install.snapshot.enabled = false (custom)
2023-09-28 12:57:29,297 [7cfd9c5f-6b01-4921-8aee-b720897a5c16-groupManagement] INFO  server.RaftServerConfigKeys (ConfUtils.java:logGet(46)) - raft.server.threadpool.server.cached = true (default)
2023-09-28 12:57:29,297 [7cfd9c5f-6b01-4921-8aee-b720897a5c16-groupManagement] INFO  server.RaftServerConfigKeys (ConfUtils.java:logGet(46)) - raft.server.threadpool.server.size = 0 (default)
2023-09-28 12:57:29,297 [7cfd9c5f-6b01-4921-8aee-b720897a5c16-groupManagement] INFO  server.RaftServerConfigKeys (ConfUtils.java:logGet(46)) - raft.server.threadpool.client.cached = true (default)
2023-09-28 12:57:29,297 [7cfd9c5f-6b01-4921-8aee-b720897a5c16-groupManagement] INFO  server.RaftServerConfigKeys (ConfUtils.java:logGet(46)) - raft.server.threadpool.client.size = 0 (default)
2023-09-28 12:57:29,297 [7cfd9c5f-6b01-4921-8aee-b720897a5c16-groupManagement] INFO  storage.RaftStorageDirectory (RaftStorageDirectoryImpl.java:analyzeStorage(137)) - The storage directory /home/runner/work/ozone/ozone/hadoop-ozone/integration-test/target/test-dir/MiniOzoneClusterImpl-e5738b5b-ff1d-4187-9339-882699725c5e/datanode-1/data/ratis/747d10b7-4bfe-4e3e-9de3-e9e6ac06dec0 does not exist. Creating ...
2023-09-28 12:57:29,299 [7cfd9c5f-6b01-4921-8aee-b720897a5c16-groupManagement] INFO  storage.RaftStorageDirectory (RaftStorageDirectoryImpl.java:tryLock(231)) - Lock on /home/runner/work/ozone/ozone/hadoop-ozone/integration-test/target/test-dir/MiniOzoneClusterImpl-e5738b5b-ff1d-4187-9339-882699725c5e/datanode-1/data/ratis/747d10b7-4bfe-4e3e-9de3-e9e6ac06dec0/in_use.lock acquired by nodename 7568@fv-az163-431
2023-09-28 12:57:29,301 [7cfd9c5f-6b01-4921-8aee-b720897a5c16-groupManagement] INFO  storage.RaftStorage (RaftStorageImpl.java:format(96)) - Storage directory /home/runner/work/ozone/ozone/hadoop-ozone/integration-test/target/test-dir/MiniOzoneClusterImpl-e5738b5b-ff1d-4187-9339-882699725c5e/datanode-1/data/ratis/747d10b7-4bfe-4e3e-9de3-e9e6ac06dec0 has been successfully formatted.
2023-09-28 12:57:29,301 [7cfd9c5f-6b01-4921-8aee-b720897a5c16-groupManagement] INFO  ratis.ContainerStateMachine (ContainerStateMachine.java:loadSnapshot(262)) - group-E9E6AC06DEC0: The snapshot info is null. Setting the last applied indexto:(t:0, i:~)
2023-09-28 12:57:29,301 [7cfd9c5f-6b01-4921-8aee-b720897a5c16-groupManagement] INFO  server.RaftServerConfigKeys (ConfUtils.java:logGet(46)) - raft.server.log.use.memory = false (default)
2023-09-28 12:57:29,302 [7cfd9c5f-6b01-4921-8aee-b720897a5c16-groupManagement] INFO  server.RaftServerConfigKeys (ConfUtils.java:logGet(46)) - raft.server.log.purge.gap = 1000000 (custom)
2023-09-28 12:57:29,302 [7cfd9c5f-6b01-4921-8aee-b720897a5c16-groupManagement] INFO  server.RaftServerConfigKeys (ConfUtils.java:logGet(46)) - raft.server.log.appender.buffer.byte-limit = 33554432 (custom)
2023-09-28 12:57:29,302 [7cfd9c5f-6b01-4921-8aee-b720897a5c16-groupManagement] INFO  server.RaftServerConfigKeys (ConfUtils.java:logGet(46)) - raft.server.log.statemachine.data.read.timeout = 1000ms (default)
2023-09-28 12:57:29,302 [7cfd9c5f-6b01-4921-8aee-b720897a5c16-groupManagement] INFO  server.RaftServerConfigKeys (ConfUtils.java:logGet(46)) - raft.server.log.purge.preservation.log.num = 0 (default)
2023-09-28 12:57:29,302 [7cfd9c5f-6b01-4921-8aee-b720897a5c16-groupManagement] INFO  server.RaftServerConfigKeys (ConfUtils.java:logGet(46)) - raft.server.log.segment.size.max = 1048576 (custom)
2023-09-28 12:57:29,302 [7cfd9c5f-6b01-4921-8aee-b720897a5c16-groupManagement] INFO  server.RaftServerConfigKeys (ConfUtils.java:logGet(46)) - raft.server.log.segment.cache.num.max = 2 (custom)
2023-09-28 12:57:29,303 [7cfd9c5f-6b01-4921-8aee-b720897a5c16-groupManagement] INFO  server.RaftServerConfigKeys (ConfUtils.java:logGet(46)) - raft.server.log.segment.cache.size.max = 200MB (=209715200) (default)
2023-09-28 12:57:29,303 [7cfd9c5f-6b01-4921-8aee-b720897a5c16-groupManagement] INFO  server.RaftServerConfigKeys (ConfUtils.java:logGet(46)) - raft.server.log.appender.buffer.byte-limit = 33554432 (custom)
2023-09-28 12:57:29,303 [7cfd9c5f-6b01-4921-8aee-b720897a5c16-groupManagement] INFO  segmented.SegmentedRaftLogWorker (SegmentedRaftLogWorker.java:<init>(188)) - new 7cfd9c5f-6b01-4921-8aee-b720897a5c16@group-E9E6AC06DEC0-SegmentedRaftLogWorker for RaftStorageImpl:Storage Directory /home/runner/work/ozone/ozone/hadoop-ozone/integration-test/target/test-dir/MiniOzoneClusterImpl-e5738b5b-ff1d-4187-9339-882699725c5e/datanode-1/data/ratis/747d10b7-4bfe-4e3e-9de3-e9e6ac06dec0
2023-09-28 12:57:29,305 [7cfd9c5f-6b01-4921-8aee-b720897a5c16-groupManagement] INFO  server.RaftServerConfigKeys (ConfUtils.java:logGet(46)) - raft.server.log.queue.byte-limit = 4294967296 (custom)
2023-09-28 12:57:29,305 [7cfd9c5f-6b01-4921-8aee-b720897a5c16-groupManagement] INFO  server.RaftServerConfigKeys (ConfUtils.java:logGet(46)) - raft.server.log.queue.element-limit = 1024 (custom)
2023-09-28 12:57:29,305 [7cfd9c5f-6b01-4921-8aee-b720897a5c16-groupManagement] INFO  server.RaftServerConfigKeys (ConfUtils.java:logGet(46)) - raft.server.log.segment.size.max = 1048576 (custom)
2023-09-28 12:57:29,305 [7cfd9c5f-6b01-4921-8aee-b720897a5c16-groupManagement] INFO  server.RaftServerConfigKeys (ConfUtils.java:logGet(46)) - raft.server.log.preallocated.size = 16384 (custom)
2023-09-28 12:57:29,305 [7cfd9c5f-6b01-4921-8aee-b720897a5c16-groupManagement] INFO  server.RaftServerConfigKeys (ConfUtils.java:logGet(46)) - raft.server.log.force.sync.num = 128 (default)
2023-09-28 12:57:29,305 [7cfd9c5f-6b01-4921-8aee-b720897a5c16-groupManagement] INFO  server.RaftServerConfigKeys (ConfUtils.java:logGet(46)) - raft.server.log.statemachine.data.sync = true (default)
2023-09-28 12:57:29,305 [7cfd9c5f-6b01-4921-8aee-b720897a5c16-groupManagement] INFO  server.RaftServerConfigKeys (ConfUtils.java:logGet(46)) - raft.server.log.statemachine.data.sync.timeout = 10s (default)
2023-09-28 12:57:29,305 [7cfd9c5f-6b01-4921-8aee-b720897a5c16-groupManagement] INFO  server.RaftServerConfigKeys (ConfUtils.java:logGet(46)) - raft.server.log.statemachine.data.sync.timeout.retry = -1 (default)
2023-09-28 12:57:29,305 [EventQueue-PipelineReportForPipelineReportHandler] INFO  pipeline.PipelineReportHandler (PipelineReportHandler.java:processPipelineReport(136)) - Opened pipeline PipelineID=747d10b7-4bfe-4e3e-9de3-e9e6ac06dec0
2023-09-28 12:57:29,306 [7cfd9c5f-6b01-4921-8aee-b720897a5c16-groupManagement] INFO  server.RaftServerConfigKeys (ConfUtils.java:logGet(46)) - raft.server.log.write.buffer.size = 1048576 (custom)
2023-09-28 12:57:29,306 [7cfd9c5f-6b01-4921-8aee-b720897a5c16-groupManagement] INFO  server.RaftServerConfigKeys (ConfUtils.java:logGet(46)) - raft.server.log.appender.buffer.byte-limit = 33554432 (custom)
2023-09-28 12:57:29,307 [EventQueue-OpenPipelineForHealthyPipelineSafeModeRule] INFO  safemode.SCMSafeModeManager (HealthyPipelineSafeModeRule.java:process(137)) - SCM in safe mode. Healthy pipelines reported count is 0, required healthy pipeline reported count is 1
2023-09-28 12:57:29,312 [7cfd9c5f-6b01-4921-8aee-b720897a5c16-groupManagement] INFO  server.RaftServerConfigKeys (ConfUtils.java:logGet(46)) - raft.server.log.unsafe-flush.enabled = false (default)
2023-09-28 12:57:29,312 [7cfd9c5f-6b01-4921-8aee-b720897a5c16-groupManagement] INFO  server.RaftServerConfigKeys (ConfUtils.java:logGet(46)) - raft.server.log.async-flush.enabled = false (default)
2023-09-28 12:57:29,314 [7cfd9c5f-6b01-4921-8aee-b720897a5c16-groupManagement] INFO  server.RaftServerConfigKeys (ConfUtils.java:logGet(46)) - raft.server.log.statemachine.data.caching.enabled = true (custom)
2023-09-28 12:57:29,317 [PipelineCommandHandlerThread-0] INFO  commandhandler.CreatePipelineCommandHandler (CreatePipelineCommandHandler.java:lambda$handle$2(124)) - Created Pipeline RATIS THREE PipelineID=5e50b054-075a-4fbd-94d2-3f43fff779b4.
2023-09-28 12:57:29,318 [7cfd9c5f-6b01-4921-8aee-b720897a5c16-groupManagement] INFO  segmented.SegmentedRaftLogWorker (SegmentedRaftLogWorker.java:lambda$new$0(135)) - 7cfd9c5f-6b01-4921-8aee-b720897a5c16@group-E9E6AC06DEC0-SegmentedRaftLogWorker: flushIndex: setUnconditionally 0 -> -1
2023-09-28 12:57:29,318 [7cfd9c5f-6b01-4921-8aee-b720897a5c16-groupManagement] INFO  segmented.SegmentedRaftLogWorker (SegmentedRaftLogWorker.java:lambda$new$0(135)) - 7cfd9c5f-6b01-4921-8aee-b720897a5c16@group-E9E6AC06DEC0-SegmentedRaftLogWorker: safeCacheEvictIndex: setUnconditionally 0 -> -1
2023-09-28 12:57:29,318 [7cfd9c5f-6b01-4921-8aee-b720897a5c16-groupManagement] INFO  server.RaftServer$Division (RaftServerImpl.java:start(342)) - 7cfd9c5f-6b01-4921-8aee-b720897a5c16@group-E9E6AC06DEC0: start as a follower, conf=-1: peers:[7cfd9c5f-6b01-4921-8aee-b720897a5c16|rpc:10.1.0.34:15076|admin:10.1.0.34:15075|client:10.1.0.34:15074|dataStream:10.1.0.34:15077|priority:1|startupRole:FOLLOWER]|listeners:[], old=null
2023-09-28 12:57:29,319 [7cfd9c5f-6b01-4921-8aee-b720897a5c16-groupManagement] INFO  server.RaftServer$Division (RaftServerImpl.java:setRole(329)) - 7cfd9c5f-6b01-4921-8aee-b720897a5c16@group-E9E6AC06DEC0: changes role from      null to FOLLOWER at term 0 for startAsFollower
2023-09-28 12:57:29,319 [7cfd9c5f-6b01-4921-8aee-b720897a5c16-groupManagement] INFO  impl.RoleInfo (RoleInfo.java:updateAndGet(139)) - 7cfd9c5f-6b01-4921-8aee-b720897a5c16: start 7cfd9c5f-6b01-4921-8aee-b720897a5c16@group-E9E6AC06DEC0-FollowerState
2023-09-28 12:57:29,326 [7cfd9c5f-6b01-4921-8aee-b720897a5c16-groupManagement] INFO  util.JmxRegister (JmxRegister.java:tryRegister(44)) - Successfully registered JMX Bean with object name Ratis:service=RaftServer,group=group-E9E6AC06DEC0,id=7cfd9c5f-6b01-4921-8aee-b720897a5c16
2023-09-28 12:57:29,326 [7cfd9c5f-6b01-4921-8aee-b720897a5c16@group-E9E6AC06DEC0-FollowerState] INFO  server.RaftServerConfigKeys (ConfUtils.java:logFallback(53)) - raft.server.rpc.first-election.timeout.min = 5s (fallback to raft.server.rpc.timeout.min)
2023-09-28 12:57:29,326 [7cfd9c5f-6b01-4921-8aee-b720897a5c16-groupManagement] INFO  server.RaftServerConfigKeys (ConfUtils.java:logGet(46)) - raft.server.snapshot.auto.trigger.enabled = true (custom)
2023-09-28 12:57:29,326 [7cfd9c5f-6b01-4921-8aee-b720897a5c16-groupManagement] INFO  server.RaftServerConfigKeys (ConfUtils.java:logGet(46)) - raft.server.snapshot.auto.trigger.threshold = 10000 (custom)
2023-09-28 12:57:29,326 [7cfd9c5f-6b01-4921-8aee-b720897a5c16-groupManagement] INFO  server.RaftServerConfigKeys (ConfUtils.java:logGet(46)) - raft.server.snapshot.retention.file.num = 5 (custom)
2023-09-28 12:57:29,326 [7cfd9c5f-6b01-4921-8aee-b720897a5c16-groupManagement] INFO  server.RaftServerConfigKeys (ConfUtils.java:logGet(46)) - raft.server.log.purge.upto.snapshot.index = false (default)
2023-09-28 12:57:29,327 [PipelineCommandHandlerThread-0] INFO  ratis.XceiverServerRatis (XceiverServerRatis.java:addGroup(804)) - Created group PipelineID=747d10b7-4bfe-4e3e-9de3-e9e6ac06dec0
2023-09-28 12:57:29,327 [PipelineCommandHandlerThread-0] INFO  commandhandler.CreatePipelineCommandHandler (CreatePipelineCommandHandler.java:lambda$handle$2(124)) - Created Pipeline RATIS ONE PipelineID=747d10b7-4bfe-4e3e-9de3-e9e6ac06dec0.
2023-09-28 12:57:29,326 [7cfd9c5f-6b01-4921-8aee-b720897a5c16@group-E9E6AC06DEC0-FollowerState] INFO  server.RaftServerConfigKeys (ConfUtils.java:logFallback(53)) - raft.server.rpc.first-election.timeout.max = 5200ms (fallback to raft.server.rpc.timeout.max)
2023-09-28 12:57:29,588 [PipelineCommandHandlerThread-0] INFO  server.RaftServer (RaftServerProxy.java:addNew(98)) - 0f9fbc80-e5a1-4c69-bc7e-bbf3cec1ed51: addNew group-51F809C613ED:[0f9fbc80-e5a1-4c69-bc7e-bbf3cec1ed51|rpc:10.1.0.34:15085|admin:10.1.0.34:15084|client:10.1.0.34:15083|dataStream:10.1.0.34:15086|priority:1|startupRole:FOLLOWER] returns group-51F809C613ED:java.util.concurrent.CompletableFuture@53655d3a[Not completed]
2023-09-28 12:57:29,589 [0f9fbc80-e5a1-4c69-bc7e-bbf3cec1ed51-groupManagement] INFO  server.RaftServer$Division (RaftServerImpl.java:<init>(198)) - 0f9fbc80-e5a1-4c69-bc7e-bbf3cec1ed51: new RaftServerImpl for group-51F809C613ED:[0f9fbc80-e5a1-4c69-bc7e-bbf3cec1ed51|rpc:10.1.0.34:15085|admin:10.1.0.34:15084|client:10.1.0.34:15083|dataStream:10.1.0.34:15086|priority:1|startupRole:FOLLOWER] with ContainerStateMachine:uninitialized
2023-09-28 12:57:29,590 [0f9fbc80-e5a1-4c69-bc7e-bbf3cec1ed51-groupManagement] INFO  server.RaftServerConfigKeys (ConfUtils.java:logGet(46)) - raft.server.rpc.timeout.min = 5s (custom)
2023-09-28 12:57:29,590 [0f9fbc80-e5a1-4c69-bc7e-bbf3cec1ed51-groupManagement] INFO  server.RaftServerConfigKeys (ConfUtils.java:logGet(46)) - raft.server.rpc.timeout.max = 5200ms (custom)
2023-09-28 12:57:29,590 [0f9fbc80-e5a1-4c69-bc7e-bbf3cec1ed51-groupManagement] INFO  server.RaftServerConfigKeys (ConfUtils.java:logGet(46)) - raft.server.rpc.sleep.time = 25ms (default)
2023-09-28 12:57:29,590 [0f9fbc80-e5a1-4c69-bc7e-bbf3cec1ed51-groupManagement] INFO  server.RaftServerConfigKeys (ConfUtils.java:logGet(46)) - raft.server.rpc.slowness.timeout = 300s (custom)
2023-09-28 12:57:29,590 [0f9fbc80-e5a1-4c69-bc7e-bbf3cec1ed51-groupManagement] INFO  server.RaftServerConfigKeys (ConfUtils.java:logGet(46)) - raft.server.leaderelection.leader.step-down.wait-time = 10s (default)
2023-09-28 12:57:29,590 [0f9fbc80-e5a1-4c69-bc7e-bbf3cec1ed51-groupManagement] INFO  server.RaftServerConfigKeys (ConfUtils.java:logGet(46)) - raft.server.sleep.deviation.threshold = 300ms (default)
2023-09-28 12:57:29,590 [0f9fbc80-e5a1-4c69-bc7e-bbf3cec1ed51-groupManagement] INFO  server.RaftServer$Division (ServerState.java:<init>(120)) - 0f9fbc80-e5a1-4c69-bc7e-bbf3cec1ed51@group-51F809C613ED: ConfigurationManager, init=-1: peers:[0f9fbc80-e5a1-4c69-bc7e-bbf3cec1ed51|rpc:10.1.0.34:15085|admin:10.1.0.34:15084|client:10.1.0.34:15083|dataStream:10.1.0.34:15086|priority:1|startupRole:FOLLOWER]|listeners:[], old=null, confs=<EMPTY_MAP>
2023-09-28 12:57:29,590 [0f9fbc80-e5a1-4c69-bc7e-bbf3cec1ed51-groupManagement] INFO  server.RaftServerConfigKeys (ConfUtils.java:logGet(46)) - raft.server.storage.dir = [/home/runner/work/ozone/ozone/hadoop-ozone/integration-test/target/test-dir/MiniOzoneClusterImpl-e5738b5b-ff1d-4187-9339-882699725c5e/datanode-2/data/ratis] (custom)
2023-09-28 12:57:29,590 [0f9fbc80-e5a1-4c69-bc7e-bbf3cec1ed51-groupManagement] INFO  server.RaftServerConfigKeys (ConfUtils.java:logGet(46)) - raft.server.log.corruption.policy = EXCEPTION (default)
2023-09-28 12:57:29,590 [0f9fbc80-e5a1-4c69-bc7e-bbf3cec1ed51-groupManagement] INFO  server.RaftServerConfigKeys (ConfUtils.java:logGet(46)) - raft.server.storage.free-space.min = 0MB (=0) (default)
2023-09-28 12:57:29,590 [0f9fbc80-e5a1-4c69-bc7e-bbf3cec1ed51-groupManagement] INFO  server.RaftServerConfigKeys (ConfUtils.java:logGet(46)) - raft.server.notification.no-leader.timeout = 300s (custom)
2023-09-28 12:57:29,590 [0f9fbc80-e5a1-4c69-bc7e-bbf3cec1ed51-groupManagement] INFO  server.RaftServerConfigKeys (ConfUtils.java:logGet(46)) - raft.server.read.timeout = 10s (default)
2023-09-28 12:57:29,590 [0f9fbc80-e5a1-4c69-bc7e-bbf3cec1ed51-groupManagement] INFO  server.RaftServerConfigKeys (ConfUtils.java:logGet(46)) - raft.server.retrycache.expirytime = 600000ms (custom)
2023-09-28 12:57:29,590 [0f9fbc80-e5a1-4c69-bc7e-bbf3cec1ed51-groupManagement] INFO  server.RaftServerConfigKeys (ConfUtils.java:logGet(46)) - raft.server.retrycache.statistics.expirytime = 100μs (default)
2023-09-28 12:57:29,591 [0f9fbc80-e5a1-4c69-bc7e-bbf3cec1ed51-groupManagement] INFO  server.RaftServerConfigKeys (ConfUtils.java:logGet(46)) - raft.server.read.option = DEFAULT (default)
2023-09-28 12:57:29,593 [0f9fbc80-e5a1-4c69-bc7e-bbf3cec1ed51-groupManagement] INFO  server.RaftServerConfigKeys (ConfUtils.java:logGet(46)) - raft.server.rpc.request.timeout = 60s (custom)
2023-09-28 12:57:29,593 [0f9fbc80-e5a1-4c69-bc7e-bbf3cec1ed51-groupManagement] INFO  server.RaftServerConfigKeys (ConfUtils.java:logGet(46)) - raft.server.log.appender.install.snapshot.enabled = false (custom)
2023-09-28 12:57:29,593 [0f9fbc80-e5a1-4c69-bc7e-bbf3cec1ed51-groupManagement] INFO  server.RaftServerConfigKeys (ConfUtils.java:logGet(46)) - raft.server.threadpool.server.cached = true (default)
2023-09-28 12:57:29,593 [0f9fbc80-e5a1-4c69-bc7e-bbf3cec1ed51-groupManagement] INFO  server.RaftServerConfigKeys (ConfUtils.java:logGet(46)) - raft.server.threadpool.server.size = 0 (default)
2023-09-28 12:57:29,594 [0f9fbc80-e5a1-4c69-bc7e-bbf3cec1ed51-groupManagement] INFO  server.RaftServerConfigKeys (ConfUtils.java:logGet(46)) - raft.server.threadpool.client.cached = true (default)
2023-09-28 12:57:29,594 [0f9fbc80-e5a1-4c69-bc7e-bbf3cec1ed51-groupManagement] INFO  server.RaftServerConfigKeys (ConfUtils.java:logGet(46)) - raft.server.threadpool.client.size = 0 (default)
2023-09-28 12:57:29,594 [0f9fbc80-e5a1-4c69-bc7e-bbf3cec1ed51-groupManagement] INFO  storage.RaftStorageDirectory (RaftStorageDirectoryImpl.java:analyzeStorage(137)) - The storage directory /home/runner/work/ozone/ozone/hadoop-ozone/integration-test/target/test-dir/MiniOzoneClusterImpl-e5738b5b-ff1d-4187-9339-882699725c5e/datanode-2/data/ratis/a8a81b86-618d-4082-af7f-51f809c613ed does not exist. Creating ...
2023-09-28 12:57:29,595 [0f9fbc80-e5a1-4c69-bc7e-bbf3cec1ed51-groupManagement] INFO  storage.RaftStorageDirectory (RaftStorageDirectoryImpl.java:tryLock(231)) - Lock on /home/runner/work/ozone/ozone/hadoop-ozone/integration-test/target/test-dir/MiniOzoneClusterImpl-e5738b5b-ff1d-4187-9339-882699725c5e/datanode-2/data/ratis/a8a81b86-618d-4082-af7f-51f809c613ed/in_use.lock acquired by nodename 7568@fv-az163-431
2023-09-28 12:57:29,596 [0f9fbc80-e5a1-4c69-bc7e-bbf3cec1ed51-groupManagement] INFO  storage.RaftStorage (RaftStorageImpl.java:format(96)) - Storage directory /home/runner/work/ozone/ozone/hadoop-ozone/integration-test/target/test-dir/MiniOzoneClusterImpl-e5738b5b-ff1d-4187-9339-882699725c5e/datanode-2/data/ratis/a8a81b86-618d-4082-af7f-51f809c613ed has been successfully formatted.
2023-09-28 12:57:29,597 [0f9fbc80-e5a1-4c69-bc7e-bbf3cec1ed51-groupManagement] INFO  ratis.ContainerStateMachine (ContainerStateMachine.java:loadSnapshot(262)) - group-51F809C613ED: The snapshot info is null. Setting the last applied indexto:(t:0, i:~)
2023-09-28 12:57:29,598 [0f9fbc80-e5a1-4c69-bc7e-bbf3cec1ed51-groupManagement] INFO  server.RaftServerConfigKeys (ConfUtils.java:logGet(46)) - raft.server.log.use.memory = false (default)
2023-09-28 12:57:29,598 [0f9fbc80-e5a1-4c69-bc7e-bbf3cec1ed51-groupManagement] INFO  server.RaftServerConfigKeys (ConfUtils.java:logGet(46)) - raft.server.log.purge.gap = 1000000 (custom)
2023-09-28 12:57:29,598 [EventQueue-PipelineReportForPipelineReportHandler] INFO  pipeline.PipelineReportHandler (PipelineReportHandler.java:processPipelineReport(136)) - Opened pipeline PipelineID=a8a81b86-618d-4082-af7f-51f809c613ed
2023-09-28 12:57:29,598 [EventQueue-OpenPipelineForHealthyPipelineSafeModeRule] INFO  safemode.SCMSafeModeManager (HealthyPipelineSafeModeRule.java:process(137)) - SCM in safe mode. Healthy pipelines reported count is 0, required healthy pipeline reported count is 1
2023-09-28 12:57:29,598 [0f9fbc80-e5a1-4c69-bc7e-bbf3cec1ed51-groupManagement] INFO  server.RaftServerConfigKeys (ConfUtils.java:logGet(46)) - raft.server.log.appender.buffer.byte-limit = 33554432 (custom)
2023-09-28 12:57:29,599 [0f9fbc80-e5a1-4c69-bc7e-bbf3cec1ed51-groupManagement] INFO  server.RaftServerConfigKeys (ConfUtils.java:logGet(46)) - raft.server.log.statemachine.data.read.timeout = 1000ms (default)
2023-09-28 12:57:29,599 [0f9fbc80-e5a1-4c69-bc7e-bbf3cec1ed51-groupManagement] INFO  server.RaftServerConfigKeys (ConfUtils.java:logGet(46)) - raft.server.log.purge.preservation.log.num = 0 (default)
2023-09-28 12:57:29,599 [0f9fbc80-e5a1-4c69-bc7e-bbf3cec1ed51-groupManagement] INFO  server.RaftServerConfigKeys (ConfUtils.java:logGet(46)) - raft.server.log.segment.size.max = 1048576 (custom)
2023-09-28 12:57:29,599 [0f9fbc80-e5a1-4c69-bc7e-bbf3cec1ed51-groupManagement] INFO  server.RaftServerConfigKeys (ConfUtils.java:logGet(46)) - raft.server.log.segment.cache.num.max = 2 (custom)
2023-09-28 12:57:29,599 [0f9fbc80-e5a1-4c69-bc7e-bbf3cec1ed51-groupManagement] INFO  server.RaftServerConfigKeys (ConfUtils.java:logGet(46)) - raft.server.log.segment.cache.size.max = 200MB (=209715200) (default)
2023-09-28 12:57:29,600 [0f9fbc80-e5a1-4c69-bc7e-bbf3cec1ed51-groupManagement] INFO  server.RaftServerConfigKeys (ConfUtils.java:logGet(46)) - raft.server.log.appender.buffer.byte-limit = 33554432 (custom)
2023-09-28 12:57:29,600 [0f9fbc80-e5a1-4c69-bc7e-bbf3cec1ed51-groupManagement] INFO  segmented.SegmentedRaftLogWorker (SegmentedRaftLogWorker.java:<init>(188)) - new 0f9fbc80-e5a1-4c69-bc7e-bbf3cec1ed51@group-51F809C613ED-SegmentedRaftLogWorker for RaftStorageImpl:Storage Directory /home/runner/work/ozone/ozone/hadoop-ozone/integration-test/target/test-dir/MiniOzoneClusterImpl-e5738b5b-ff1d-4187-9339-882699725c5e/datanode-2/data/ratis/a8a81b86-618d-4082-af7f-51f809c613ed
2023-09-28 12:57:29,600 [0f9fbc80-e5a1-4c69-bc7e-bbf3cec1ed51-groupManagement] INFO  server.RaftServerConfigKeys (ConfUtils.java:logGet(46)) - raft.server.log.queue.byte-limit = 4294967296 (custom)
2023-09-28 12:57:29,600 [0f9fbc80-e5a1-4c69-bc7e-bbf3cec1ed51-groupManagement] INFO  server.RaftServerConfigKeys (ConfUtils.java:logGet(46)) - raft.server.log.queue.element-limit = 1024 (custom)
2023-09-28 12:57:29,600 [0f9fbc80-e5a1-4c69-bc7e-bbf3cec1ed51-groupManagement] INFO  server.RaftServerConfigKeys (ConfUtils.java:logGet(46)) - raft.server.log.segment.size.max = 1048576 (custom)
2023-09-28 12:57:29,600 [0f9fbc80-e5a1-4c69-bc7e-bbf3cec1ed51-groupManagement] INFO  server.RaftServerConfigKeys (ConfUtils.java:logGet(46)) - raft.server.log.preallocated.size = 16384 (custom)
2023-09-28 12:57:29,600 [0f9fbc80-e5a1-4c69-bc7e-bbf3cec1ed51-groupManagement] INFO  server.RaftServerConfigKeys (ConfUtils.java:logGet(46)) - raft.server.log.force.sync.num = 128 (default)
2023-09-28 12:57:29,600 [0f9fbc80-e5a1-4c69-bc7e-bbf3cec1ed51-groupManagement] INFO  server.RaftServerConfigKeys (ConfUtils.java:logGet(46)) - raft.server.log.statemachine.data.sync = true (default)
2023-09-28 12:57:29,600 [0f9fbc80-e5a1-4c69-bc7e-bbf3cec1ed51-groupManagement] INFO  server.RaftServerConfigKeys (ConfUtils.java:logGet(46)) - raft.server.log.statemachine.data.sync.timeout = 10s (default)
2023-09-28 12:57:29,600 [0f9fbc80-e5a1-4c69-bc7e-bbf3cec1ed51-groupManagement] INFO  server.RaftServerConfigKeys (ConfUtils.java:logGet(46)) - raft.server.log.statemachine.data.sync.timeout.retry = -1 (default)
2023-09-28 12:57:29,601 [0f9fbc80-e5a1-4c69-bc7e-bbf3cec1ed51-groupManagement] INFO  server.RaftServerConfigKeys (ConfUtils.java:logGet(46)) - raft.server.log.write.buffer.size = 1048576 (custom)
2023-09-28 12:57:29,602 [0f9fbc80-e5a1-4c69-bc7e-bbf3cec1ed51-groupManagement] INFO  server.RaftServerConfigKeys (ConfUtils.java:logGet(46)) - raft.server.log.appender.buffer.byte-limit = 33554432 (custom)
2023-09-28 12:57:29,611 [0f9fbc80-e5a1-4c69-bc7e-bbf3cec1ed51-groupManagement] INFO  server.RaftServerConfigKeys (ConfUtils.java:logGet(46)) - raft.server.log.unsafe-flush.enabled = false (default)
2023-09-28 12:57:29,611 [0f9fbc80-e5a1-4c69-bc7e-bbf3cec1ed51-groupManagement] INFO  server.RaftServerConfigKeys (ConfUtils.java:logGet(46)) - raft.server.log.async-flush.enabled = false (default)
2023-09-28 12:57:29,611 [0f9fbc80-e5a1-4c69-bc7e-bbf3cec1ed51-groupManagement] INFO  server.RaftServerConfigKeys (ConfUtils.java:logGet(46)) - raft.server.log.statemachine.data.caching.enabled = true (custom)
2023-09-28 12:57:29,611 [0f9fbc80-e5a1-4c69-bc7e-bbf3cec1ed51-groupManagement] INFO  segmented.SegmentedRaftLogWorker (SegmentedRaftLogWorker.java:lambda$new$0(135)) - 0f9fbc80-e5a1-4c69-bc7e-bbf3cec1ed51@group-51F809C613ED-SegmentedRaftLogWorker: flushIndex: setUnconditionally 0 -> -1
2023-09-28 12:57:29,611 [0f9fbc80-e5a1-4c69-bc7e-bbf3cec1ed51-groupManagement] INFO  segmented.SegmentedRaftLogWorker (SegmentedRaftLogWorker.java:lambda$new$0(135)) - 0f9fbc80-e5a1-4c69-bc7e-bbf3cec1ed51@group-51F809C613ED-SegmentedRaftLogWorker: safeCacheEvictIndex: setUnconditionally 0 -> -1
2023-09-28 12:57:29,611 [0f9fbc80-e5a1-4c69-bc7e-bbf3cec1ed51-groupManagement] INFO  server.RaftServer$Division (RaftServerImpl.java:start(342)) - 0f9fbc80-e5a1-4c69-bc7e-bbf3cec1ed51@group-51F809C613ED: start as a follower, conf=-1: peers:[0f9fbc80-e5a1-4c69-bc7e-bbf3cec1ed51|rpc:10.1.0.34:15085|admin:10.1.0.34:15084|client:10.1.0.34:15083|dataStream:10.1.0.34:15086|priority:1|startupRole:FOLLOWER]|listeners:[], old=null
2023-09-28 12:57:29,612 [0f9fbc80-e5a1-4c69-bc7e-bbf3cec1ed51-groupManagement] INFO  server.RaftServer$Division (RaftServerImpl.java:setRole(329)) - 0f9fbc80-e5a1-4c69-bc7e-bbf3cec1ed51@group-51F809C613ED: changes role from      null to FOLLOWER at term 0 for startAsFollower
2023-09-28 12:57:29,612 [0f9fbc80-e5a1-4c69-bc7e-bbf3cec1ed51-groupManagement] INFO  impl.RoleInfo (RoleInfo.java:updateAndGet(139)) - 0f9fbc80-e5a1-4c69-bc7e-bbf3cec1ed51: start 0f9fbc80-e5a1-4c69-bc7e-bbf3cec1ed51@group-51F809C613ED-FollowerState
2023-09-28 12:57:29,612 [0f9fbc80-e5a1-4c69-bc7e-bbf3cec1ed51-groupManagement] INFO  util.JmxRegister (JmxRegister.java:tryRegister(44)) - Successfully registered JMX Bean with object name Ratis:service=RaftServer,group=group-51F809C613ED,id=0f9fbc80-e5a1-4c69-bc7e-bbf3cec1ed51
2023-09-28 12:57:29,612 [0f9fbc80-e5a1-4c69-bc7e-bbf3cec1ed51-groupManagement] INFO  server.RaftServerConfigKeys (ConfUtils.java:logGet(46)) - raft.server.snapshot.auto.trigger.enabled = true (custom)
2023-09-28 12:57:29,612 [0f9fbc80-e5a1-4c69-bc7e-bbf3cec1ed51-groupManagement] INFO  server.RaftServerConfigKeys (ConfUtils.java:logGet(46)) - raft.server.snapshot.auto.trigger.threshold = 10000 (custom)
2023-09-28 12:57:29,612 [0f9fbc80-e5a1-4c69-bc7e-bbf3cec1ed51-groupManagement] INFO  server.RaftServerConfigKeys (ConfUtils.java:logGet(46)) - raft.server.snapshot.retention.file.num = 5 (custom)
2023-09-28 12:57:29,612 [0f9fbc80-e5a1-4c69-bc7e-bbf3cec1ed51-groupManagement] INFO  server.RaftServerConfigKeys (ConfUtils.java:logGet(46)) - raft.server.log.purge.upto.snapshot.index = false (default)
2023-09-28 12:57:29,613 [0f9fbc80-e5a1-4c69-bc7e-bbf3cec1ed51@group-51F809C613ED-FollowerState] INFO  server.RaftServerConfigKeys (ConfUtils.java:logFallback(53)) - raft.server.rpc.first-election.timeout.min = 5s (fallback to raft.server.rpc.timeout.min)
2023-09-28 12:57:29,613 [0f9fbc80-e5a1-4c69-bc7e-bbf3cec1ed51@group-51F809C613ED-FollowerState] INFO  server.RaftServerConfigKeys (ConfUtils.java:logFallback(53)) - raft.server.rpc.first-election.timeout.max = 5200ms (fallback to raft.server.rpc.timeout.max)
2023-09-28 12:57:29,617 [PipelineCommandHandlerThread-0] INFO  ratis.XceiverServerRatis (XceiverServerRatis.java:addGroup(804)) - Created group PipelineID=a8a81b86-618d-4082-af7f-51f809c613ed
2023-09-28 12:57:29,617 [PipelineCommandHandlerThread-0] INFO  commandhandler.CreatePipelineCommandHandler (CreatePipelineCommandHandler.java:lambda$handle$2(124)) - Created Pipeline RATIS ONE PipelineID=a8a81b86-618d-4082-af7f-51f809c613ed.
2023-09-28 12:57:29,910 [PipelineCommandHandlerThread-0] INFO  server.RaftServer (RaftServerProxy.java:addNew(98)) - 3367f98c-98b8-4b1e-994c-c2057e541421: addNew group-2D8E62EDE98C:[3367f98c-98b8-4b1e-994c-c2057e541421|rpc:10.1.0.34:15094|admin:10.1.0.34:15093|client:10.1.0.34:15092|dataStream:10.1.0.34:15095|priority:1|startupRole:FOLLOWER] returns group-2D8E62EDE98C:java.util.concurrent.CompletableFuture@54daa2d2[Not completed]
2023-09-28 12:57:29,911 [3367f98c-98b8-4b1e-994c-c2057e541421-groupManagement] INFO  server.RaftServer$Division (RaftServerImpl.java:<init>(198)) - 3367f98c-98b8-4b1e-994c-c2057e541421: new RaftServerImpl for group-2D8E62EDE98C:[3367f98c-98b8-4b1e-994c-c2057e541421|rpc:10.1.0.34:15094|admin:10.1.0.34:15093|client:10.1.0.34:15092|dataStream:10.1.0.34:15095|priority:1|startupRole:FOLLOWER] with ContainerStateMachine:uninitialized
2023-09-28 12:57:29,911 [3367f98c-98b8-4b1e-994c-c2057e541421-groupManagement] INFO  server.RaftServerConfigKeys (ConfUtils.java:logGet(46)) - raft.server.rpc.timeout.min = 5s (custom)
2023-09-28 12:57:29,911 [3367f98c-98b8-4b1e-994c-c2057e541421-groupManagement] INFO  server.RaftServerConfigKeys (ConfUtils.java:logGet(46)) - raft.server.rpc.timeout.max = 5200ms (custom)
2023-09-28 12:57:29,911 [3367f98c-98b8-4b1e-994c-c2057e541421-groupManagement] INFO  server.RaftServerConfigKeys (ConfUtils.java:logGet(46)) - raft.server.rpc.sleep.time = 25ms (default)
2023-09-28 12:57:29,911 [3367f98c-98b8-4b1e-994c-c2057e541421-groupManagement] INFO  server.RaftServerConfigKeys (ConfUtils.java:logGet(46)) - raft.server.rpc.slowness.timeout = 300s (custom)
2023-09-28 12:57:29,912 [3367f98c-98b8-4b1e-994c-c2057e541421-groupManagement] INFO  server.RaftServerConfigKeys (ConfUtils.java:logGet(46)) - raft.server.leaderelection.leader.step-down.wait-time = 10s (default)
2023-09-28 12:57:29,912 [3367f98c-98b8-4b1e-994c-c2057e541421-groupManagement] INFO  server.RaftServerConfigKeys (ConfUtils.java:logGet(46)) - raft.server.sleep.deviation.threshold = 300ms (default)
2023-09-28 12:57:29,912 [3367f98c-98b8-4b1e-994c-c2057e541421-groupManagement] INFO  server.RaftServer$Division (ServerState.java:<init>(120)) - 3367f98c-98b8-4b1e-994c-c2057e541421@group-2D8E62EDE98C: ConfigurationManager, init=-1: peers:[3367f98c-98b8-4b1e-994c-c2057e541421|rpc:10.1.0.34:15094|admin:10.1.0.34:15093|client:10.1.0.34:15092|dataStream:10.1.0.34:15095|priority:1|startupRole:FOLLOWER]|listeners:[], old=null, confs=<EMPTY_MAP>
2023-09-28 12:57:29,912 [3367f98c-98b8-4b1e-994c-c2057e541421-groupManagement] INFO  server.RaftServerConfigKeys (ConfUtils.java:logGet(46)) - raft.server.storage.dir = [/home/runner/work/ozone/ozone/hadoop-ozone/integration-test/target/test-dir/MiniOzoneClusterImpl-e5738b5b-ff1d-4187-9339-882699725c5e/datanode-3/data/ratis] (custom)
2023-09-28 12:57:29,912 [3367f98c-98b8-4b1e-994c-c2057e541421-groupManagement] INFO  server.RaftServerConfigKeys (ConfUtils.java:logGet(46)) - raft.server.log.corruption.policy = EXCEPTION (default)
2023-09-28 12:57:29,912 [3367f98c-98b8-4b1e-994c-c2057e541421-groupManagement] INFO  server.RaftServerConfigKeys (ConfUtils.java:logGet(46)) - raft.server.storage.free-space.min = 0MB (=0) (default)
2023-09-28 12:57:29,912 [3367f98c-98b8-4b1e-994c-c2057e541421-groupManagement] INFO  server.RaftServerConfigKeys (ConfUtils.java:logGet(46)) - raft.server.notification.no-leader.timeout = 300s (custom)
2023-09-28 12:57:29,912 [3367f98c-98b8-4b1e-994c-c2057e541421-groupManagement] INFO  server.RaftServerConfigKeys (ConfUtils.java:logGet(46)) - raft.server.read.timeout = 10s (default)
2023-09-28 12:57:29,912 [3367f98c-98b8-4b1e-994c-c2057e541421-groupManagement] INFO  server.RaftServerConfigKeys (ConfUtils.java:logGet(46)) - raft.server.retrycache.expirytime = 600000ms (custom)
2023-09-28 12:57:29,912 [3367f98c-98b8-4b1e-994c-c2057e541421-groupManagement] INFO  server.RaftServerConfigKeys (ConfUtils.java:logGet(46)) - raft.server.retrycache.statistics.expirytime = 100μs (default)
2023-09-28 12:57:29,912 [3367f98c-98b8-4b1e-994c-c2057e541421-groupManagement] INFO  server.RaftServerConfigKeys (ConfUtils.java:logGet(46)) - raft.server.read.option = DEFAULT (default)
2023-09-28 12:57:29,913 [3367f98c-98b8-4b1e-994c-c2057e541421-groupManagement] INFO  server.RaftServerConfigKeys (ConfUtils.java:logGet(46)) - raft.server.rpc.request.timeout = 60s (custom)
2023-09-28 12:57:29,913 [3367f98c-98b8-4b1e-994c-c2057e541421-groupManagement] INFO  server.RaftServerConfigKeys (ConfUtils.java:logGet(46)) - raft.server.log.appender.install.snapshot.enabled = false (custom)
2023-09-28 12:57:29,913 [3367f98c-98b8-4b1e-994c-c2057e541421-groupManagement] INFO  server.RaftServerConfigKeys (ConfUtils.java:logGet(46)) - raft.server.threadpool.server.cached = true (default)
2023-09-28 12:57:29,914 [3367f98c-98b8-4b1e-994c-c2057e541421-groupManagement] INFO  server.RaftServerConfigKeys (ConfUtils.java:logGet(46)) - raft.server.threadpool.server.size = 0 (default)
2023-09-28 12:57:29,914 [3367f98c-98b8-4b1e-994c-c2057e541421-groupManagement] INFO  server.RaftServerConfigKeys (ConfUtils.java:logGet(46)) - raft.server.threadpool.client.cached = true (default)
2023-09-28 12:57:29,914 [3367f98c-98b8-4b1e-994c-c2057e541421-groupManagement] INFO  server.RaftServerConfigKeys (ConfUtils.java:logGet(46)) - raft.server.threadpool.client.size = 0 (default)
2023-09-28 12:57:29,914 [3367f98c-98b8-4b1e-994c-c2057e541421-groupManagement] INFO  storage.RaftStorageDirectory (RaftStorageDirectoryImpl.java:analyzeStorage(137)) - The storage directory /home/runner/work/ozone/ozone/hadoop-ozone/integration-test/target/test-dir/MiniOzoneClusterImpl-e5738b5b-ff1d-4187-9339-882699725c5e/datanode-3/data/ratis/fafaf605-d5d1-4545-9978-2d8e62ede98c does not exist. Creating ...
2023-09-28 12:57:29,915 [3367f98c-98b8-4b1e-994c-c2057e541421-groupManagement] INFO  storage.RaftStorageDirectory (RaftStorageDirectoryImpl.java:tryLock(231)) - Lock on /home/runner/work/ozone/ozone/hadoop-ozone/integration-test/target/test-dir/MiniOzoneClusterImpl-e5738b5b-ff1d-4187-9339-882699725c5e/datanode-3/data/ratis/fafaf605-d5d1-4545-9978-2d8e62ede98c/in_use.lock acquired by nodename 7568@fv-az163-431
2023-09-28 12:57:29,917 [3367f98c-98b8-4b1e-994c-c2057e541421-groupManagement] INFO  storage.RaftStorage (RaftStorageImpl.java:format(96)) - Storage directory /home/runner/work/ozone/ozone/hadoop-ozone/integration-test/target/test-dir/MiniOzoneClusterImpl-e5738b5b-ff1d-4187-9339-882699725c5e/datanode-3/data/ratis/fafaf605-d5d1-4545-9978-2d8e62ede98c has been successfully formatted.
2023-09-28 12:57:29,919 [3367f98c-98b8-4b1e-994c-c2057e541421-groupManagement] INFO  ratis.ContainerStateMachine (ContainerStateMachine.java:loadSnapshot(262)) - group-2D8E62EDE98C: The snapshot info is null. Setting the last applied indexto:(t:0, i:~)
2023-09-28 12:57:29,920 [3367f98c-98b8-4b1e-994c-c2057e541421-groupManagement] INFO  server.RaftServerConfigKeys (ConfUtils.java:logGet(46)) - raft.server.log.use.memory = false (default)
2023-09-28 12:57:29,920 [3367f98c-98b8-4b1e-994c-c2057e541421-groupManagement] INFO  server.RaftServerConfigKeys (ConfUtils.java:logGet(46)) - raft.server.log.purge.gap = 1000000 (custom)
2023-09-28 12:57:29,920 [3367f98c-98b8-4b1e-994c-c2057e541421-groupManagement] INFO  server.RaftServerConfigKeys (ConfUtils.java:logGet(46)) - raft.server.log.appender.buffer.byte-limit = 33554432 (custom)
2023-09-28 12:57:29,920 [3367f98c-98b8-4b1e-994c-c2057e541421-groupManagement] INFO  server.RaftServerConfigKeys (ConfUtils.java:logGet(46)) - raft.server.log.statemachine.data.read.timeout = 1000ms (default)
2023-09-28 12:57:29,920 [3367f98c-98b8-4b1e-994c-c2057e541421-groupManagement] INFO  server.RaftServerConfigKeys (ConfUtils.java:logGet(46)) - raft.server.log.purge.preservation.log.num = 0 (default)
2023-09-28 12:57:29,921 [3367f98c-98b8-4b1e-994c-c2057e541421-groupManagement] INFO  server.RaftServerConfigKeys (ConfUtils.java:logGet(46)) - raft.server.log.segment.size.max = 1048576 (custom)
2023-09-28 12:57:29,921 [3367f98c-98b8-4b1e-994c-c2057e541421-groupManagement] INFO  server.RaftServerConfigKeys (ConfUtils.java:logGet(46)) - raft.server.log.segment.cache.num.max = 2 (custom)
2023-09-28 12:57:29,921 [3367f98c-98b8-4b1e-994c-c2057e541421-groupManagement] INFO  server.RaftServerConfigKeys (ConfUtils.java:logGet(46)) - raft.server.log.segment.cache.size.max = 200MB (=209715200) (default)
2023-09-28 12:57:29,921 [3367f98c-98b8-4b1e-994c-c2057e541421-groupManagement] INFO  server.RaftServerConfigKeys (ConfUtils.java:logGet(46)) - raft.server.log.appender.buffer.byte-limit = 33554432 (custom)
2023-09-28 12:57:29,921 [3367f98c-98b8-4b1e-994c-c2057e541421-groupManagement] INFO  segmented.SegmentedRaftLogWorker (SegmentedRaftLogWorker.java:<init>(188)) - new 3367f98c-98b8-4b1e-994c-c2057e541421@group-2D8E62EDE98C-SegmentedRaftLogWorker for RaftStorageImpl:Storage Directory /home/runner/work/ozone/ozone/hadoop-ozone/integration-test/target/test-dir/MiniOzoneClusterImpl-e5738b5b-ff1d-4187-9339-882699725c5e/datanode-3/data/ratis/fafaf605-d5d1-4545-9978-2d8e62ede98c
2023-09-28 12:57:29,921 [3367f98c-98b8-4b1e-994c-c2057e541421-groupManagement] INFO  server.RaftServerConfigKeys (ConfUtils.java:logGet(46)) - raft.server.log.queue.byte-limit = 4294967296 (custom)
2023-09-28 12:57:29,921 [3367f98c-98b8-4b1e-994c-c2057e541421-groupManagement] INFO  server.RaftServerConfigKeys (ConfUtils.java:logGet(46)) - raft.server.log.queue.element-limit = 1024 (custom)
2023-09-28 12:57:29,921 [3367f98c-98b8-4b1e-994c-c2057e541421-groupManagement] INFO  server.RaftServerConfigKeys (ConfUtils.java:logGet(46)) - raft.server.log.segment.size.max = 1048576 (custom)
2023-09-28 12:57:29,921 [3367f98c-98b8-4b1e-994c-c2057e541421-groupManagement] INFO  server.RaftServerConfigKeys (ConfUtils.java:logGet(46)) - raft.server.log.preallocated.size = 16384 (custom)
2023-09-28 12:57:29,921 [3367f98c-98b8-4b1e-994c-c2057e541421-groupManagement] INFO  server.RaftServerConfigKeys (ConfUtils.java:logGet(46)) - raft.server.log.force.sync.num = 128 (default)
2023-09-28 12:57:29,921 [3367f98c-98b8-4b1e-994c-c2057e541421-groupManagement] INFO  server.RaftServerConfigKeys (ConfUtils.java:logGet(46)) - raft.server.log.statemachine.data.sync = true (default)
2023-09-28 12:57:29,922 [3367f98c-98b8-4b1e-994c-c2057e541421-groupManagement] INFO  server.RaftServerConfigKeys (ConfUtils.java:logGet(46)) - raft.server.log.statemachine.data.sync.timeout = 10s (default)
2023-09-28 12:57:29,922 [3367f98c-98b8-4b1e-994c-c2057e541421-groupManagement] INFO  server.RaftServerConfigKeys (ConfUtils.java:logGet(46)) - raft.server.log.statemachine.data.sync.timeout.retry = -1 (default)
2023-09-28 12:57:29,920 [EventQueue-PipelineReportForPipelineReportHandler] INFO  pipeline.PipelineReportHandler (PipelineReportHandler.java:processPipelineReport(136)) - Opened pipeline PipelineID=fafaf605-d5d1-4545-9978-2d8e62ede98c
2023-09-28 12:57:29,922 [EventQueue-OpenPipelineForHealthyPipelineSafeModeRule] INFO  safemode.SCMSafeModeManager (HealthyPipelineSafeModeRule.java:process(137)) - SCM in safe mode. Healthy pipelines reported count is 0, required healthy pipeline reported count is 1
2023-09-28 12:57:29,922 [3367f98c-98b8-4b1e-994c-c2057e541421-groupManagement] INFO  server.RaftServerConfigKeys (ConfUtils.java:logGet(46)) - raft.server.log.write.buffer.size = 1048576 (custom)
2023-09-28 12:57:29,922 [3367f98c-98b8-4b1e-994c-c2057e541421-groupManagement] INFO  server.RaftServerConfigKeys (ConfUtils.java:logGet(46)) - raft.server.log.appender.buffer.byte-limit = 33554432 (custom)
2023-09-28 12:57:29,928 [3367f98c-98b8-4b1e-994c-c2057e541421-groupManagement] INFO  server.RaftServerConfigKeys (ConfUtils.java:logGet(46)) - raft.server.log.unsafe-flush.enabled = false (default)
2023-09-28 12:57:29,928 [3367f98c-98b8-4b1e-994c-c2057e541421-groupManagement] INFO  server.RaftServerConfigKeys (ConfUtils.java:logGet(46)) - raft.server.log.async-flush.enabled = false (default)
2023-09-28 12:57:29,928 [3367f98c-98b8-4b1e-994c-c2057e541421-groupManagement] INFO  server.RaftServerConfigKeys (ConfUtils.java:logGet(46)) - raft.server.log.statemachine.data.caching.enabled = true (custom)
2023-09-28 12:57:29,928 [3367f98c-98b8-4b1e-994c-c2057e541421-groupManagement] INFO  segmented.SegmentedRaftLogWorker (SegmentedRaftLogWorker.java:lambda$new$0(135)) - 3367f98c-98b8-4b1e-994c-c2057e541421@group-2D8E62EDE98C-SegmentedRaftLogWorker: flushIndex: setUnconditionally 0 -> -1
2023-09-28 12:57:29,928 [3367f98c-98b8-4b1e-994c-c2057e541421-groupManagement] INFO  segmented.SegmentedRaftLogWorker (SegmentedRaftLogWorker.java:lambda$new$0(135)) - 3367f98c-98b8-4b1e-994c-c2057e541421@group-2D8E62EDE98C-SegmentedRaftLogWorker: safeCacheEvictIndex: setUnconditionally 0 -> -1
2023-09-28 12:57:29,929 [3367f98c-98b8-4b1e-994c-c2057e541421-groupManagement] INFO  server.RaftServer$Division (RaftServerImpl.java:start(342)) - 3367f98c-98b8-4b1e-994c-c2057e541421@group-2D8E62EDE98C: start as a follower, conf=-1: peers:[3367f98c-98b8-4b1e-994c-c2057e541421|rpc:10.1.0.34:15094|admin:10.1.0.34:15093|client:10.1.0.34:15092|dataStream:10.1.0.34:15095|priority:1|startupRole:FOLLOWER]|listeners:[], old=null
2023-09-28 12:57:29,929 [3367f98c-98b8-4b1e-994c-c2057e541421-groupManagement] INFO  server.RaftServer$Division (RaftServerImpl.java:setRole(329)) - 3367f98c-98b8-4b1e-994c-c2057e541421@group-2D8E62EDE98C: changes role from      null to FOLLOWER at term 0 for startAsFollower
2023-09-28 12:57:29,929 [3367f98c-98b8-4b1e-994c-c2057e541421-groupManagement] INFO  impl.RoleInfo (RoleInfo.java:updateAndGet(139)) - 3367f98c-98b8-4b1e-994c-c2057e541421: start 3367f98c-98b8-4b1e-994c-c2057e541421@group-2D8E62EDE98C-FollowerState
2023-09-28 12:57:29,929 [3367f98c-98b8-4b1e-994c-c2057e541421-groupManagement] INFO  util.JmxRegister (JmxRegister.java:tryRegister(44)) - Successfully registered JMX Bean with object name Ratis:service=RaftServer,group=group-2D8E62EDE98C,id=3367f98c-98b8-4b1e-994c-c2057e541421
2023-09-28 12:57:29,929 [3367f98c-98b8-4b1e-994c-c2057e541421@group-2D8E62EDE98C-FollowerState] INFO  server.RaftServerConfigKeys (ConfUtils.java:logFallback(53)) - raft.server.rpc.first-election.timeout.min = 5s (fallback to raft.server.rpc.timeout.min)
2023-09-28 12:57:29,929 [3367f98c-98b8-4b1e-994c-c2057e541421-groupManagement] INFO  server.RaftServerConfigKeys (ConfUtils.java:logGet(46)) - raft.server.snapshot.auto.trigger.enabled = true (custom)
2023-09-28 12:57:29,929 [3367f98c-98b8-4b1e-994c-c2057e541421@group-2D8E62EDE98C-FollowerState] INFO  server.RaftServerConfigKeys (ConfUtils.java:logFallback(53)) - raft.server.rpc.first-election.timeout.max = 5200ms (fallback to raft.server.rpc.timeout.max)
2023-09-28 12:57:29,929 [3367f98c-98b8-4b1e-994c-c2057e541421-groupManagement] INFO  server.RaftServerConfigKeys (ConfUtils.java:logGet(46)) - raft.server.snapshot.auto.trigger.threshold = 10000 (custom)
2023-09-28 12:57:29,930 [3367f98c-98b8-4b1e-994c-c2057e541421-groupManagement] INFO  server.RaftServerConfigKeys (ConfUtils.java:logGet(46)) - raft.server.snapshot.retention.file.num = 5 (custom)
2023-09-28 12:57:29,930 [3367f98c-98b8-4b1e-994c-c2057e541421-groupManagement] INFO  server.RaftServerConfigKeys (ConfUtils.java:logGet(46)) - raft.server.log.purge.upto.snapshot.index = false (default)
2023-09-28 12:57:29,930 [PipelineCommandHandlerThread-0] INFO  ratis.XceiverServerRatis (XceiverServerRatis.java:addGroup(804)) - Created group PipelineID=fafaf605-d5d1-4545-9978-2d8e62ede98c
2023-09-28 12:57:29,930 [PipelineCommandHandlerThread-0] INFO  commandhandler.CreatePipelineCommandHandler (CreatePipelineCommandHandler.java:lambda$handle$2(124)) - Created Pipeline RATIS ONE PipelineID=fafaf605-d5d1-4545-9978-2d8e62ede98c.
2023-09-28 12:57:30,255 [PipelineCommandHandlerThread-0] INFO  server.RaftServer (RaftServerProxy.java:addNew(98)) - f243e081-7f32-4351-9ea9-befbe250a72f: addNew group-0F567A3A2A55:[f243e081-7f32-4351-9ea9-befbe250a72f|rpc:10.1.0.34:15103|admin:10.1.0.34:15102|client:10.1.0.34:15101|dataStream:10.1.0.34:15104|priority:1|startupRole:FOLLOWER] returns group-0F567A3A2A55:java.util.concurrent.CompletableFuture@35127d3d[Not completed]
2023-09-28 12:57:30,256 [f243e081-7f32-4351-9ea9-befbe250a72f-groupManagement] INFO  server.RaftServer$Division (RaftServerImpl.java:<init>(198)) - f243e081-7f32-4351-9ea9-befbe250a72f: new RaftServerImpl for group-0F567A3A2A55:[f243e081-7f32-4351-9ea9-befbe250a72f|rpc:10.1.0.34:15103|admin:10.1.0.34:15102|client:10.1.0.34:15101|dataStream:10.1.0.34:15104|priority:1|startupRole:FOLLOWER] with ContainerStateMachine:uninitialized
2023-09-28 12:57:30,256 [f243e081-7f32-4351-9ea9-befbe250a72f-groupManagement] INFO  server.RaftServerConfigKeys (ConfUtils.java:logGet(46)) - raft.server.rpc.timeout.min = 5s (custom)
2023-09-28 12:57:30,257 [f243e081-7f32-4351-9ea9-befbe250a72f-groupManagement] INFO  server.RaftServerConfigKeys (ConfUtils.java:logGet(46)) - raft.server.rpc.timeout.max = 5200ms (custom)
2023-09-28 12:57:30,257 [f243e081-7f32-4351-9ea9-befbe250a72f-groupManagement] INFO  server.RaftServerConfigKeys (ConfUtils.java:logGet(46)) - raft.server.rpc.sleep.time = 25ms (default)
2023-09-28 12:57:30,257 [f243e081-7f32-4351-9ea9-befbe250a72f-groupManagement] INFO  server.RaftServerConfigKeys (ConfUtils.java:logGet(46)) - raft.server.rpc.slowness.timeout = 300s (custom)
2023-09-28 12:57:30,257 [f243e081-7f32-4351-9ea9-befbe250a72f-groupManagement] INFO  server.RaftServerConfigKeys (ConfUtils.java:logGet(46)) - raft.server.leaderelection.leader.step-down.wait-time = 10s (default)
2023-09-28 12:57:30,257 [f243e081-7f32-4351-9ea9-befbe250a72f-groupManagement] INFO  server.RaftServerConfigKeys (ConfUtils.java:logGet(46)) - raft.server.sleep.deviation.threshold = 300ms (default)
2023-09-28 12:57:30,257 [f243e081-7f32-4351-9ea9-befbe250a72f-groupManagement] INFO  server.RaftServer$Division (ServerState.java:<init>(120)) - f243e081-7f32-4351-9ea9-befbe250a72f@group-0F567A3A2A55: ConfigurationManager, init=-1: peers:[f243e081-7f32-4351-9ea9-befbe250a72f|rpc:10.1.0.34:15103|admin:10.1.0.34:15102|client:10.1.0.34:15101|dataStream:10.1.0.34:15104|priority:1|startupRole:FOLLOWER]|listeners:[], old=null, confs=<EMPTY_MAP>
2023-09-28 12:57:30,257 [f243e081-7f32-4351-9ea9-befbe250a72f-groupManagement] INFO  server.RaftServerConfigKeys (ConfUtils.java:logGet(46)) - raft.server.storage.dir = [/home/runner/work/ozone/ozone/hadoop-ozone/integration-test/target/test-dir/MiniOzoneClusterImpl-e5738b5b-ff1d-4187-9339-882699725c5e/datanode-4/data/ratis] (custom)
2023-09-28 12:57:30,257 [f243e081-7f32-4351-9ea9-befbe250a72f-groupManagement] INFO  server.RaftServerConfigKeys (ConfUtils.java:logGet(46)) - raft.server.log.corruption.policy = EXCEPTION (default)
2023-09-28 12:57:30,257 [f243e081-7f32-4351-9ea9-befbe250a72f-groupManagement] INFO  server.RaftServerConfigKeys (ConfUtils.java:logGet(46)) - raft.server.storage.free-space.min = 0MB (=0) (default)
2023-09-28 12:57:30,257 [f243e081-7f32-4351-9ea9-befbe250a72f-groupManagement] INFO  server.RaftServerConfigKeys (ConfUtils.java:logGet(46)) - raft.server.notification.no-leader.timeout = 300s (custom)
2023-09-28 12:57:30,257 [f243e081-7f32-4351-9ea9-befbe250a72f-groupManagement] INFO  server.RaftServerConfigKeys (ConfUtils.java:logGet(46)) - raft.server.read.timeout = 10s (default)
2023-09-28 12:57:30,257 [f243e081-7f32-4351-9ea9-befbe250a72f-groupManagement] INFO  server.RaftServerConfigKeys (ConfUtils.java:logGet(46)) - raft.server.retrycache.expirytime = 600000ms (custom)
2023-09-28 12:57:30,257 [f243e081-7f32-4351-9ea9-befbe250a72f-groupManagement] INFO  server.RaftServerConfigKeys (ConfUtils.java:logGet(46)) - raft.server.retrycache.statistics.expirytime = 100μs (default)
2023-09-28 12:57:30,257 [f243e081-7f32-4351-9ea9-befbe250a72f-groupManagement] INFO  server.RaftServerConfigKeys (ConfUtils.java:logGet(46)) - raft.server.read.option = DEFAULT (default)
2023-09-28 12:57:30,258 [f243e081-7f32-4351-9ea9-befbe250a72f-groupManagement] INFO  server.RaftServerConfigKeys (ConfUtils.java:logGet(46)) - raft.server.rpc.request.timeout = 60s (custom)
2023-09-28 12:57:30,258 [f243e081-7f32-4351-9ea9-befbe250a72f-groupManagement] INFO  server.RaftServerConfigKeys (ConfUtils.java:logGet(46)) - raft.server.log.appender.install.snapshot.enabled = false (custom)
2023-09-28 12:57:30,258 [f243e081-7f32-4351-9ea9-befbe250a72f-groupManagement] INFO  server.RaftServerConfigKeys (ConfUtils.java:logGet(46)) - raft.server.threadpool.server.cached = true (default)
2023-09-28 12:57:30,258 [f243e081-7f32-4351-9ea9-befbe250a72f-groupManagement] INFO  server.RaftServerConfigKeys (ConfUtils.java:logGet(46)) - raft.server.threadpool.server.size = 0 (default)
2023-09-28 12:57:30,258 [f243e081-7f32-4351-9ea9-befbe250a72f-groupManagement] INFO  server.RaftServerConfigKeys (ConfUtils.java:logGet(46)) - raft.server.threadpool.client.cached = true (default)
2023-09-28 12:57:30,258 [f243e081-7f32-4351-9ea9-befbe250a72f-groupManagement] INFO  server.RaftServerConfigKeys (ConfUtils.java:logGet(46)) - raft.server.threadpool.client.size = 0 (default)
2023-09-28 12:57:30,259 [f243e081-7f32-4351-9ea9-befbe250a72f-groupManagement] INFO  storage.RaftStorageDirectory (RaftStorageDirectoryImpl.java:analyzeStorage(137)) - The storage directory /home/runner/work/ozone/ozone/hadoop-ozone/integration-test/target/test-dir/MiniOzoneClusterImpl-e5738b5b-ff1d-4187-9339-882699725c5e/datanode-4/data/ratis/0db309bd-0566-442c-ac7a-0f567a3a2a55 does not exist. Creating ...
2023-09-28 12:57:30,260 [f243e081-7f32-4351-9ea9-befbe250a72f-groupManagement] INFO  storage.RaftStorageDirectory (RaftStorageDirectoryImpl.java:tryLock(231)) - Lock on /home/runner/work/ozone/ozone/hadoop-ozone/integration-test/target/test-dir/MiniOzoneClusterImpl-e5738b5b-ff1d-4187-9339-882699725c5e/datanode-4/data/ratis/0db309bd-0566-442c-ac7a-0f567a3a2a55/in_use.lock acquired by nodename 7568@fv-az163-431
2023-09-28 12:57:30,261 [f243e081-7f32-4351-9ea9-befbe250a72f-groupManagement] INFO  storage.RaftStorage (RaftStorageImpl.java:format(96)) - Storage directory /home/runner/work/ozone/ozone/hadoop-ozone/integration-test/target/test-dir/MiniOzoneClusterImpl-e5738b5b-ff1d-4187-9339-882699725c5e/datanode-4/data/ratis/0db309bd-0566-442c-ac7a-0f567a3a2a55 has been successfully formatted.
2023-09-28 12:57:30,263 [f243e081-7f32-4351-9ea9-befbe250a72f-groupManagement] INFO  ratis.ContainerStateMachine (ContainerStateMachine.java:loadSnapshot(262)) - group-0F567A3A2A55: The snapshot info is null. Setting the last applied indexto:(t:0, i:~)
2023-09-28 12:57:30,263 [f243e081-7f32-4351-9ea9-befbe250a72f-groupManagement] INFO  server.RaftServerConfigKeys (ConfUtils.java:logGet(46)) - raft.server.log.use.memory = false (default)
2023-09-28 12:57:30,263 [f243e081-7f32-4351-9ea9-befbe250a72f-groupManagement] INFO  server.RaftServerConfigKeys (ConfUtils.java:logGet(46)) - raft.server.log.purge.gap = 1000000 (custom)
2023-09-28 12:57:30,263 [f243e081-7f32-4351-9ea9-befbe250a72f-groupManagement] INFO  server.RaftServerConfigKeys (ConfUtils.java:logGet(46)) - raft.server.log.appender.buffer.byte-limit = 33554432 (custom)
2023-09-28 12:57:30,264 [f243e081-7f32-4351-9ea9-befbe250a72f-groupManagement] INFO  server.RaftServerConfigKeys (ConfUtils.java:logGet(46)) - raft.server.log.statemachine.data.read.timeout = 1000ms (default)
2023-09-28 12:57:30,266 [f243e081-7f32-4351-9ea9-befbe250a72f-groupManagement] INFO  server.RaftServerConfigKeys (ConfUtils.java:logGet(46)) - raft.server.log.purge.preservation.log.num = 0 (default)
2023-09-28 12:57:30,266 [f243e081-7f32-4351-9ea9-befbe250a72f-groupManagement] INFO  server.RaftServerConfigKeys (ConfUtils.java:logGet(46)) - raft.server.log.segment.size.max = 1048576 (custom)
2023-09-28 12:57:30,267 [f243e081-7f32-4351-9ea9-befbe250a72f-groupManagement] INFO  server.RaftServerConfigKeys (ConfUtils.java:logGet(46)) - raft.server.log.segment.cache.num.max = 2 (custom)
2023-09-28 12:57:30,267 [f243e081-7f32-4351-9ea9-befbe250a72f-groupManagement] INFO  server.RaftServerConfigKeys (ConfUtils.java:logGet(46)) - raft.server.log.segment.cache.size.max = 200MB (=209715200) (default)
2023-09-28 12:57:30,267 [f243e081-7f32-4351-9ea9-befbe250a72f-groupManagement] INFO  server.RaftServerConfigKeys (ConfUtils.java:logGet(46)) - raft.server.log.appender.buffer.byte-limit = 33554432 (custom)
2023-09-28 12:57:30,267 [f243e081-7f32-4351-9ea9-befbe250a72f-groupManagement] INFO  segmented.SegmentedRaftLogWorker (SegmentedRaftLogWorker.java:<init>(188)) - new f243e081-7f32-4351-9ea9-befbe250a72f@group-0F567A3A2A55-SegmentedRaftLogWorker for RaftStorageImpl:Storage Directory /home/runner/work/ozone/ozone/hadoop-ozone/integration-test/target/test-dir/MiniOzoneClusterImpl-e5738b5b-ff1d-4187-9339-882699725c5e/datanode-4/data/ratis/0db309bd-0566-442c-ac7a-0f567a3a2a55
2023-09-28 12:57:30,267 [f243e081-7f32-4351-9ea9-befbe250a72f-groupManagement] INFO  server.RaftServerConfigKeys (ConfUtils.java:logGet(46)) - raft.server.log.queue.byte-limit = 4294967296 (custom)
2023-09-28 12:57:30,267 [f243e081-7f32-4351-9ea9-befbe250a72f-groupManagement] INFO  server.RaftServerConfigKeys (ConfUtils.java:logGet(46)) - raft.server.log.queue.element-limit = 1024 (custom)
2023-09-28 12:57:30,267 [f243e081-7f32-4351-9ea9-befbe250a72f-groupManagement] INFO  server.RaftServerConfigKeys (ConfUtils.java:logGet(46)) - raft.server.log.segment.size.max = 1048576 (custom)
2023-09-28 12:57:30,267 [f243e081-7f32-4351-9ea9-befbe250a72f-groupManagement] INFO  server.RaftServerConfigKeys (ConfUtils.java:logGet(46)) - raft.server.log.preallocated.size = 16384 (custom)
2023-09-28 12:57:30,267 [f243e081-7f32-4351-9ea9-befbe250a72f-groupManagement] INFO  server.RaftServerConfigKeys (ConfUtils.java:logGet(46)) - raft.server.log.force.sync.num = 128 (default)
2023-09-28 12:57:30,267 [f243e081-7f32-4351-9ea9-befbe250a72f-groupManagement] INFO  server.RaftServerConfigKeys (ConfUtils.java:logGet(46)) - raft.server.log.statemachine.data.sync = true (default)
2023-09-28 12:57:30,267 [f243e081-7f32-4351-9ea9-befbe250a72f-groupManagement] INFO  server.RaftServerConfigKeys (ConfUtils.java:logGet(46)) - raft.server.log.statemachine.data.sync.timeout = 10s (default)
2023-09-28 12:57:30,267 [f243e081-7f32-4351-9ea9-befbe250a72f-groupManagement] INFO  server.RaftServerConfigKeys (ConfUtils.java:logGet(46)) - raft.server.log.statemachine.data.sync.timeout.retry = -1 (default)
2023-09-28 12:57:30,268 [f243e081-7f32-4351-9ea9-befbe250a72f-groupManagement] INFO  server.RaftServerConfigKeys (ConfUtils.java:logGet(46)) - raft.server.log.write.buffer.size = 1048576 (custom)
2023-09-28 12:57:30,269 [EventQueue-PipelineReportForPipelineReportHandler] INFO  pipeline.PipelineReportHandler (PipelineReportHandler.java:processPipelineReport(136)) - Opened pipeline PipelineID=0db309bd-0566-442c-ac7a-0f567a3a2a55
2023-09-28 12:57:30,269 [EventQueue-OpenPipelineForHealthyPipelineSafeModeRule] INFO  safemode.SCMSafeModeManager (HealthyPipelineSafeModeRule.java:process(137)) - SCM in safe mode. Healthy pipelines reported count is 0, required healthy pipeline reported count is 1
2023-09-28 12:57:30,271 [f243e081-7f32-4351-9ea9-befbe250a72f-groupManagement] INFO  server.RaftServerConfigKeys (ConfUtils.java:logGet(46)) - raft.server.log.appender.buffer.byte-limit = 33554432 (custom)
2023-09-28 12:57:30,276 [f243e081-7f32-4351-9ea9-befbe250a72f-groupManagement] INFO  server.RaftServerConfigKeys (ConfUtils.java:logGet(46)) - raft.server.log.unsafe-flush.enabled = false (default)
2023-09-28 12:57:30,276 [f243e081-7f32-4351-9ea9-befbe250a72f-groupManagement] INFO  server.RaftServerConfigKeys (ConfUtils.java:logGet(46)) - raft.server.log.async-flush.enabled = false (default)
2023-09-28 12:57:30,276 [f243e081-7f32-4351-9ea9-befbe250a72f-groupManagement] INFO  server.RaftServerConfigKeys (ConfUtils.java:logGet(46)) - raft.server.log.statemachine.data.caching.enabled = true (custom)
2023-09-28 12:57:30,276 [f243e081-7f32-4351-9ea9-befbe250a72f-groupManagement] INFO  segmented.SegmentedRaftLogWorker (SegmentedRaftLogWorker.java:lambda$new$0(135)) - f243e081-7f32-4351-9ea9-befbe250a72f@group-0F567A3A2A55-SegmentedRaftLogWorker: flushIndex: setUnconditionally 0 -> -1
2023-09-28 12:57:30,276 [f243e081-7f32-4351-9ea9-befbe250a72f-groupManagement] INFO  segmented.SegmentedRaftLogWorker (SegmentedRaftLogWorker.java:lambda$new$0(135)) - f243e081-7f32-4351-9ea9-befbe250a72f@group-0F567A3A2A55-SegmentedRaftLogWorker: safeCacheEvictIndex: setUnconditionally 0 -> -1
2023-09-28 12:57:30,281 [f243e081-7f32-4351-9ea9-befbe250a72f-groupManagement] INFO  server.RaftServer$Division (RaftServerImpl.java:start(342)) - f243e081-7f32-4351-9ea9-befbe250a72f@group-0F567A3A2A55: start as a follower, conf=-1: peers:[f243e081-7f32-4351-9ea9-befbe250a72f|rpc:10.1.0.34:15103|admin:10.1.0.34:15102|client:10.1.0.34:15101|dataStream:10.1.0.34:15104|priority:1|startupRole:FOLLOWER]|listeners:[], old=null
2023-09-28 12:57:30,281 [f243e081-7f32-4351-9ea9-befbe250a72f-groupManagement] INFO  server.RaftServer$Division (RaftServerImpl.java:setRole(329)) - f243e081-7f32-4351-9ea9-befbe250a72f@group-0F567A3A2A55: changes role from      null to FOLLOWER at term 0 for startAsFollower
2023-09-28 12:57:30,281 [f243e081-7f32-4351-9ea9-befbe250a72f-groupManagement] INFO  impl.RoleInfo (RoleInfo.java:updateAndGet(139)) - f243e081-7f32-4351-9ea9-befbe250a72f: start f243e081-7f32-4351-9ea9-befbe250a72f@group-0F567A3A2A55-FollowerState
2023-09-28 12:57:30,282 [f243e081-7f32-4351-9ea9-befbe250a72f-groupManagement] INFO  util.JmxRegister (JmxRegister.java:tryRegister(44)) - Successfully registered JMX Bean with object name Ratis:service=RaftServer,group=group-0F567A3A2A55,id=f243e081-7f32-4351-9ea9-befbe250a72f
2023-09-28 12:57:30,282 [f243e081-7f32-4351-9ea9-befbe250a72f@group-0F567A3A2A55-FollowerState] INFO  server.RaftServerConfigKeys (ConfUtils.java:logFallback(53)) - raft.server.rpc.first-election.timeout.min = 5s (fallback to raft.server.rpc.timeout.min)
2023-09-28 12:57:30,282 [f243e081-7f32-4351-9ea9-befbe250a72f-groupManagement] INFO  server.RaftServerConfigKeys (ConfUtils.java:logGet(46)) - raft.server.snapshot.auto.trigger.enabled = true (custom)
2023-09-28 12:57:30,282 [f243e081-7f32-4351-9ea9-befbe250a72f-groupManagement] INFO  server.RaftServerConfigKeys (ConfUtils.java:logGet(46)) - raft.server.snapshot.auto.trigger.threshold = 10000 (custom)
2023-09-28 12:57:30,282 [f243e081-7f32-4351-9ea9-befbe250a72f-groupManagement] INFO  server.RaftServerConfigKeys (ConfUtils.java:logGet(46)) - raft.server.snapshot.retention.file.num = 5 (custom)
2023-09-28 12:57:30,283 [f243e081-7f32-4351-9ea9-befbe250a72f-groupManagement] INFO  server.RaftServerConfigKeys (ConfUtils.java:logGet(46)) - raft.server.log.purge.upto.snapshot.index = false (default)
2023-09-28 12:57:30,282 [f243e081-7f32-4351-9ea9-befbe250a72f@group-0F567A3A2A55-FollowerState] INFO  server.RaftServerConfigKeys (ConfUtils.java:logFallback(53)) - raft.server.rpc.first-election.timeout.max = 5200ms (fallback to raft.server.rpc.timeout.max)
2023-09-28 12:57:30,283 [PipelineCommandHandlerThread-0] INFO  ratis.XceiverServerRatis (XceiverServerRatis.java:addGroup(804)) - Created group PipelineID=0db309bd-0566-442c-ac7a-0f567a3a2a55
2023-09-28 12:57:30,283 [PipelineCommandHandlerThread-0] INFO  commandhandler.CreatePipelineCommandHandler (CreatePipelineCommandHandler.java:lambda$handle$2(124)) - Created Pipeline RATIS ONE PipelineID=0db309bd-0566-442c-ac7a-0f567a3a2a55.
2023-09-28 12:57:30,289 [main] INFO  ozone.MiniOzoneClusterImpl (MiniOzoneClusterImpl.java:lambda$waitForClusterToBeReady$0(229)) - Nodes are ready. Got 5 of 5 DN Heartbeats.
2023-09-28 12:57:30,290 [main] INFO  ozone.MiniOzoneClusterImpl (MiniOzoneClusterImpl.java:lambda$waitForClusterToBeReady$0(232)) - Waiting for cluster to exit safe mode
2023-09-28 12:57:30,290 [main] INFO  ozone.MiniOzoneClusterImpl (MiniOzoneClusterImpl.java:lambda$waitForClusterToBeReady$0(234)) - SCM became leader
2023-09-28 12:57:31,290 [main] INFO  ozone.MiniOzoneClusterImpl (MiniOzoneClusterImpl.java:lambda$waitForClusterToBeReady$0(229)) - Nodes are ready. Got 5 of 5 DN Heartbeats.
2023-09-28 12:57:31,290 [main] INFO  ozone.MiniOzoneClusterImpl (MiniOzoneClusterImpl.java:lambda$waitForClusterToBeReady$0(232)) - Waiting for cluster to exit safe mode
2023-09-28 12:57:31,290 [main] INFO  ozone.MiniOzoneClusterImpl (MiniOzoneClusterImpl.java:lambda$waitForClusterToBeReady$0(234)) - SCM became leader
2023-09-28 12:57:32,290 [main] INFO  ozone.MiniOzoneClusterImpl (MiniOzoneClusterImpl.java:lambda$waitForClusterToBeReady$0(229)) - Nodes are ready. Got 5 of 5 DN Heartbeats.
2023-09-28 12:57:32,291 [main] INFO  ozone.MiniOzoneClusterImpl (MiniOzoneClusterImpl.java:lambda$waitForClusterToBeReady$0(232)) - Waiting for cluster to exit safe mode
2023-09-28 12:57:32,291 [main] INFO  ozone.MiniOzoneClusterImpl (MiniOzoneClusterImpl.java:lambda$waitForClusterToBeReady$0(234)) - SCM became leader
2023-09-28 12:57:33,291 [main] INFO  ozone.MiniOzoneClusterImpl (MiniOzoneClusterImpl.java:lambda$waitForClusterToBeReady$0(229)) - Nodes are ready. Got 5 of 5 DN Heartbeats.
2023-09-28 12:57:33,291 [main] INFO  ozone.MiniOzoneClusterImpl (MiniOzoneClusterImpl.java:lambda$waitForClusterToBeReady$0(232)) - Waiting for cluster to exit safe mode
2023-09-28 12:57:33,292 [main] INFO  ozone.MiniOzoneClusterImpl (MiniOzoneClusterImpl.java:lambda$waitForClusterToBeReady$0(234)) - SCM became leader
2023-09-28 12:57:33,947 [6aca8935-1d6c-4d3a-a292-fe52e1537be9@group-C280A57FCAA9-FollowerState] INFO  impl.FollowerState (FollowerState.java:run(143)) - 6aca8935-1d6c-4d3a-a292-fe52e1537be9@group-C280A57FCAA9-FollowerState: change to CANDIDATE, lastRpcElapsedTime:5004793207ns, electionTimeout:5003ms
2023-09-28 12:57:33,947 [6aca8935-1d6c-4d3a-a292-fe52e1537be9@group-C280A57FCAA9-FollowerState] INFO  impl.RoleInfo (RoleInfo.java:shutdownFollowerState(110)) - 6aca8935-1d6c-4d3a-a292-fe52e1537be9: shutdown 6aca8935-1d6c-4d3a-a292-fe52e1537be9@group-C280A57FCAA9-FollowerState
2023-09-28 12:57:33,947 [6aca8935-1d6c-4d3a-a292-fe52e1537be9@group-C280A57FCAA9-FollowerState] INFO  server.RaftServer$Division (RaftServerImpl.java:setRole(329)) - 6aca8935-1d6c-4d3a-a292-fe52e1537be9@group-C280A57FCAA9: changes role from  FOLLOWER to CANDIDATE at term 0 for changeToCandidate
2023-09-28 12:57:33,947 [6aca8935-1d6c-4d3a-a292-fe52e1537be9@group-C280A57FCAA9-FollowerState] INFO  server.RaftServerConfigKeys (ConfUtils.java:logGet(46)) - raft.server.leaderelection.pre-vote = true (default)
2023-09-28 12:57:33,947 [6aca8935-1d6c-4d3a-a292-fe52e1537be9@group-C280A57FCAA9-FollowerState] INFO  impl.RoleInfo (RoleInfo.java:updateAndGet(139)) - 6aca8935-1d6c-4d3a-a292-fe52e1537be9: start 6aca8935-1d6c-4d3a-a292-fe52e1537be9@group-C280A57FCAA9-LeaderElection10
2023-09-28 12:57:33,950 [6aca8935-1d6c-4d3a-a292-fe52e1537be9@group-C280A57FCAA9-LeaderElection10] INFO  impl.LeaderElection (LeaderElection.java:askForVotes(321)) - 6aca8935-1d6c-4d3a-a292-fe52e1537be9@group-C280A57FCAA9-LeaderElection10 PRE_VOTE round 0: submit vote requests at term 0 for -1: peers:[6aca8935-1d6c-4d3a-a292-fe52e1537be9|rpc:10.1.0.34:15067|admin:10.1.0.34:15066|client:10.1.0.34:15065|dataStream:10.1.0.34:15068|priority:1|startupRole:FOLLOWER]|listeners:[], old=null
2023-09-28 12:57:33,950 [6aca8935-1d6c-4d3a-a292-fe52e1537be9@group-C280A57FCAA9-LeaderElection10] INFO  impl.LeaderElection (LeaderElection.java:askForVotes(323)) - 6aca8935-1d6c-4d3a-a292-fe52e1537be9@group-C280A57FCAA9-LeaderElection10 PRE_VOTE round 0: result PASSED (term=0)
2023-09-28 12:57:33,952 [6aca8935-1d6c-4d3a-a292-fe52e1537be9@group-C280A57FCAA9-LeaderElection10] INFO  impl.LeaderElection (LeaderElection.java:askForVotes(321)) - 6aca8935-1d6c-4d3a-a292-fe52e1537be9@group-C280A57FCAA9-LeaderElection10 ELECTION round 0: submit vote requests at term 1 for -1: peers:[6aca8935-1d6c-4d3a-a292-fe52e1537be9|rpc:10.1.0.34:15067|admin:10.1.0.34:15066|client:10.1.0.34:15065|dataStream:10.1.0.34:15068|priority:1|startupRole:FOLLOWER]|listeners:[], old=null
2023-09-28 12:57:33,952 [6aca8935-1d6c-4d3a-a292-fe52e1537be9@group-C280A57FCAA9-LeaderElection10] INFO  impl.LeaderElection (LeaderElection.java:askForVotes(323)) - 6aca8935-1d6c-4d3a-a292-fe52e1537be9@group-C280A57FCAA9-LeaderElection10 ELECTION round 0: result PASSED (term=1)
2023-09-28 12:57:33,952 [6aca8935-1d6c-4d3a-a292-fe52e1537be9@group-C280A57FCAA9-LeaderElection10] INFO  impl.RoleInfo (RoleInfo.java:shutdownLeaderElection(130)) - 6aca8935-1d6c-4d3a-a292-fe52e1537be9: shutdown 6aca8935-1d6c-4d3a-a292-fe52e1537be9@group-C280A57FCAA9-LeaderElection10
2023-09-28 12:57:33,952 [6aca8935-1d6c-4d3a-a292-fe52e1537be9@group-C280A57FCAA9-LeaderElection10] INFO  server.RaftServer$Division (RaftServerImpl.java:setRole(329)) - 6aca8935-1d6c-4d3a-a292-fe52e1537be9@group-C280A57FCAA9: changes role from CANDIDATE to LEADER at term 1 for changeToLeader
2023-09-28 12:57:33,952 [6aca8935-1d6c-4d3a-a292-fe52e1537be9@group-C280A57FCAA9-LeaderElection10] INFO  ratis.XceiverServerRatis (XceiverServerRatis.java:handleLeaderChangedNotification(902)) - Leader change notification received for group: group-C280A57FCAA9 with new leaderId: 6aca8935-1d6c-4d3a-a292-fe52e1537be9
2023-09-28 12:57:33,953 [6aca8935-1d6c-4d3a-a292-fe52e1537be9@group-C280A57FCAA9-LeaderElection10] INFO  server.RaftServer$Division (ServerState.java:setLeader(317)) - 6aca8935-1d6c-4d3a-a292-fe52e1537be9@group-C280A57FCAA9: change Leader from null to 6aca8935-1d6c-4d3a-a292-fe52e1537be9 at term 1 for becomeLeader, leader elected after 5035ms
2023-09-28 12:57:33,953 [6aca8935-1d6c-4d3a-a292-fe52e1537be9@group-C280A57FCAA9-LeaderElection10] INFO  server.RaftServerConfigKeys (ConfUtils.java:logGet(46)) - raft.server.staging.catchup.gap = 1000 (default)
2023-09-28 12:57:33,953 [6aca8935-1d6c-4d3a-a292-fe52e1537be9@group-C280A57FCAA9-LeaderElection10] INFO  server.RaftServerConfigKeys (ConfUtils.java:logGet(46)) - raft.server.write.element-limit = 1024 (custom)
2023-09-28 12:57:33,953 [6aca8935-1d6c-4d3a-a292-fe52e1537be9@group-C280A57FCAA9-LeaderElection10] INFO  server.RaftServerConfigKeys (ConfUtils.java:logGet(46)) - raft.server.write.byte-limit = 1024 M (=1073741824) (custom)
2023-09-28 12:57:33,953 [6aca8935-1d6c-4d3a-a292-fe52e1537be9@group-C280A57FCAA9-LeaderElection10] INFO  server.RaftServerConfigKeys (ConfUtils.java:logGet(46)) - raft.server.watch.timeout = 180s (custom)
2023-09-28 12:57:33,953 [6aca8935-1d6c-4d3a-a292-fe52e1537be9@group-C280A57FCAA9-LeaderElection10] INFO  server.RaftServerConfigKeys (ConfUtils.java:logGet(46)) - raft.server.watch.timeout.denomination = 1s (default)
2023-09-28 12:57:33,953 [6aca8935-1d6c-4d3a-a292-fe52e1537be9@group-C280A57FCAA9-LeaderElection10] INFO  server.RaftServerConfigKeys (ConfUtils.java:logGet(46)) - raft.server.watch.element-limit = 65536 (default)
2023-09-28 12:57:33,954 [6aca8935-1d6c-4d3a-a292-fe52e1537be9@group-C280A57FCAA9-LeaderElection10] INFO  server.RaftServerConfigKeys (ConfUtils.java:logGet(46)) - raft.server.write.element-limit = 1024 (custom)
2023-09-28 12:57:33,954 [6aca8935-1d6c-4d3a-a292-fe52e1537be9@group-C280A57FCAA9-LeaderElection10] INFO  server.RaftServerConfigKeys (ConfUtils.java:logGet(46)) - raft.server.write.follower.gap.ratio.max = -1.0 (default)
2023-09-28 12:57:33,954 [EventQueue-OpenPipelineForHealthyPipelineSafeModeRule] INFO  safemode.SCMSafeModeManager (HealthyPipelineSafeModeRule.java:process(137)) - SCM in safe mode. Healthy pipelines reported count is 0, required healthy pipeline reported count is 1
2023-09-28 12:57:33,954 [6aca8935-1d6c-4d3a-a292-fe52e1537be9@group-C280A57FCAA9-LeaderElection10] INFO  impl.RoleInfo (RoleInfo.java:updateAndGet(139)) - 6aca8935-1d6c-4d3a-a292-fe52e1537be9: start 6aca8935-1d6c-4d3a-a292-fe52e1537be9@group-C280A57FCAA9-LeaderStateImpl
2023-09-28 12:57:33,954 [6aca8935-1d6c-4d3a-a292-fe52e1537be9@group-C280A57FCAA9-LeaderElection10] INFO  segmented.SegmentedRaftLogWorker (SegmentedRaftLogWorker.java:startLogSegment(447)) - 6aca8935-1d6c-4d3a-a292-fe52e1537be9@group-C280A57FCAA9-SegmentedRaftLogWorker: Starting segment from index:0
2023-09-28 12:57:33,956 [6aca8935-1d6c-4d3a-a292-fe52e1537be9@group-C280A57FCAA9-LeaderElection10] INFO  server.RaftServer$Division (ServerState.java:setRaftConf(434)) - 6aca8935-1d6c-4d3a-a292-fe52e1537be9@group-C280A57FCAA9: set configuration 0: peers:[6aca8935-1d6c-4d3a-a292-fe52e1537be9|rpc:10.1.0.34:15067|admin:10.1.0.34:15066|client:10.1.0.34:15065|dataStream:10.1.0.34:15068|priority:1|startupRole:FOLLOWER]|listeners:[], old=null
2023-09-28 12:57:33,959 [6aca8935-1d6c-4d3a-a292-fe52e1537be9@group-C280A57FCAA9-SegmentedRaftLogWorker] INFO  segmented.SegmentedRaftLogWorker (SegmentedRaftLogWorker.java:execute(651)) - 6aca8935-1d6c-4d3a-a292-fe52e1537be9@group-C280A57FCAA9-SegmentedRaftLogWorker: created new log segment /home/runner/work/ozone/ozone/hadoop-ozone/integration-test/target/test-dir/MiniOzoneClusterImpl-e5738b5b-ff1d-4187-9339-882699725c5e/datanode-0/data/ratis/7bcf3dc0-e842-49ce-8a5a-c280a57fcaa9/current/log_inprogress_0
2023-09-28 12:57:34,047 [7cfd9c5f-6b01-4921-8aee-b720897a5c16@group-A6141398DD36-FollowerState] INFO  impl.FollowerState (FollowerState.java:run(143)) - 7cfd9c5f-6b01-4921-8aee-b720897a5c16@group-A6141398DD36-FollowerState: change to CANDIDATE, lastRpcElapsedTime:5035803826ns, electionTimeout:5033ms
2023-09-28 12:57:34,047 [7cfd9c5f-6b01-4921-8aee-b720897a5c16@group-A6141398DD36-FollowerState] INFO  impl.RoleInfo (RoleInfo.java:shutdownFollowerState(110)) - 7cfd9c5f-6b01-4921-8aee-b720897a5c16: shutdown 7cfd9c5f-6b01-4921-8aee-b720897a5c16@group-A6141398DD36-FollowerState
2023-09-28 12:57:34,047 [7cfd9c5f-6b01-4921-8aee-b720897a5c16@group-A6141398DD36-FollowerState] INFO  server.RaftServer$Division (RaftServerImpl.java:setRole(329)) - 7cfd9c5f-6b01-4921-8aee-b720897a5c16@group-A6141398DD36: changes role from  FOLLOWER to CANDIDATE at term 0 for changeToCandidate
2023-09-28 12:57:34,047 [7cfd9c5f-6b01-4921-8aee-b720897a5c16@group-A6141398DD36-FollowerState] INFO  server.RaftServerConfigKeys (ConfUtils.java:logGet(46)) - raft.server.leaderelection.pre-vote = true (default)
2023-09-28 12:57:34,047 [7cfd9c5f-6b01-4921-8aee-b720897a5c16@group-A6141398DD36-FollowerState] INFO  impl.RoleInfo (RoleInfo.java:updateAndGet(139)) - 7cfd9c5f-6b01-4921-8aee-b720897a5c16: start 7cfd9c5f-6b01-4921-8aee-b720897a5c16@group-A6141398DD36-LeaderElection11
2023-09-28 12:57:34,051 [7cfd9c5f-6b01-4921-8aee-b720897a5c16@group-A6141398DD36-LeaderElection11] INFO  impl.LeaderElection (LeaderElection.java:askForVotes(321)) - 7cfd9c5f-6b01-4921-8aee-b720897a5c16@group-A6141398DD36-LeaderElection11 PRE_VOTE round 0: submit vote requests at term 0 for -1: peers:[7cfd9c5f-6b01-4921-8aee-b720897a5c16|rpc:10.1.0.34:15076|admin:10.1.0.34:15075|client:10.1.0.34:15074|dataStream:10.1.0.34:15077|priority:1|startupRole:FOLLOWER, 0f9fbc80-e5a1-4c69-bc7e-bbf3cec1ed51|rpc:10.1.0.34:15085|admin:10.1.0.34:15084|client:10.1.0.34:15083|dataStream:10.1.0.34:15086|priority:0|startupRole:FOLLOWER, 6aca8935-1d6c-4d3a-a292-fe52e1537be9|rpc:10.1.0.34:15067|admin:10.1.0.34:15066|client:10.1.0.34:15065|dataStream:10.1.0.34:15068|priority:0|startupRole:FOLLOWER]|listeners:[], old=null
2023-09-28 12:57:34,052 [7cfd9c5f-6b01-4921-8aee-b720897a5c16@group-A6141398DD36-LeaderElection11-1] INFO  server.GrpcServerProtocolClient (GrpcServerProtocolClient.java:<init>(65)) - Build channel for 0f9fbc80-e5a1-4c69-bc7e-bbf3cec1ed51
2023-09-28 12:57:34,052 [7cfd9c5f-6b01-4921-8aee-b720897a5c16@group-A6141398DD36-LeaderElection11] INFO  server.RaftServerConfigKeys (ConfUtils.java:logFallback(53)) - raft.server.rpc.first-election.timeout.min = 5s (fallback to raft.server.rpc.timeout.min)
2023-09-28 12:57:34,052 [7cfd9c5f-6b01-4921-8aee-b720897a5c16@group-A6141398DD36-LeaderElection11] INFO  server.RaftServerConfigKeys (ConfUtils.java:logFallback(53)) - raft.server.rpc.first-election.timeout.max = 5200ms (fallback to raft.server.rpc.timeout.max)
2023-09-28 12:57:34,053 [7cfd9c5f-6b01-4921-8aee-b720897a5c16@group-A6141398DD36-LeaderElection11-2] INFO  server.GrpcServerProtocolClient (GrpcServerProtocolClient.java:<init>(65)) - Build channel for 6aca8935-1d6c-4d3a-a292-fe52e1537be9
2023-09-28 12:57:34,063 [grpc-default-executor-0] INFO  server.RaftServer$Division (RaftServerImpl.java:requestVote(1302)) - 0f9fbc80-e5a1-4c69-bc7e-bbf3cec1ed51@group-A6141398DD36: receive requestVote(PRE_VOTE, 7cfd9c5f-6b01-4921-8aee-b720897a5c16, group-A6141398DD36, 0, (t:0, i:0))
2023-09-28 12:57:34,063 [grpc-default-executor-0] INFO  impl.VoteContext (VoteContext.java:log(49)) - 0f9fbc80-e5a1-4c69-bc7e-bbf3cec1ed51@group-A6141398DD36-FOLLOWER: accept PRE_VOTE from 7cfd9c5f-6b01-4921-8aee-b720897a5c16: our priority 0 <= candidate's priority 1
2023-09-28 12:57:34,063 [grpc-default-executor-0] INFO  server.RaftServer$Division (RaftServerImpl.java:requestVote(1335)) - 0f9fbc80-e5a1-4c69-bc7e-bbf3cec1ed51@group-A6141398DD36 replies to PRE_VOTE vote request: 7cfd9c5f-6b01-4921-8aee-b720897a5c16<-0f9fbc80-e5a1-4c69-bc7e-bbf3cec1ed51#0:OK-t0. Peer's state: 0f9fbc80-e5a1-4c69-bc7e-bbf3cec1ed51@group-A6141398DD36:t0, leader=null, voted=, raftlog=Memoized:0f9fbc80-e5a1-4c69-bc7e-bbf3cec1ed51@group-A6141398DD36-SegmentedRaftLog:OPENED:c-1, conf=-1: peers:[7cfd9c5f-6b01-4921-8aee-b720897a5c16|rpc:10.1.0.34:15076|admin:10.1.0.34:15075|client:10.1.0.34:15074|dataStream:10.1.0.34:15077|priority:1|startupRole:FOLLOWER, 0f9fbc80-e5a1-4c69-bc7e-bbf3cec1ed51|rpc:10.1.0.34:15085|admin:10.1.0.34:15084|client:10.1.0.34:15083|dataStream:10.1.0.34:15086|priority:0|startupRole:FOLLOWER, 6aca8935-1d6c-4d3a-a292-fe52e1537be9|rpc:10.1.0.34:15067|admin:10.1.0.34:15066|client:10.1.0.34:15065|dataStream:10.1.0.34:15068|priority:0|startupRole:FOLLOWER]|listeners:[], old=null
2023-09-28 12:57:34,084 [7cfd9c5f-6b01-4921-8aee-b720897a5c16@group-A6141398DD36-LeaderElection11] INFO  impl.LeaderElection (LeaderElection.java:logAndReturn(90)) - 7cfd9c5f-6b01-4921-8aee-b720897a5c16@group-A6141398DD36-LeaderElection11: PRE_VOTE PASSED received 1 response(s) and 0 exception(s):
2023-09-28 12:57:34,084 [7cfd9c5f-6b01-4921-8aee-b720897a5c16@group-A6141398DD36-LeaderElection11] INFO  impl.LeaderElection (LeaderElection.java:logAndReturn(94)) -   Response 0: 7cfd9c5f-6b01-4921-8aee-b720897a5c16<-0f9fbc80-e5a1-4c69-bc7e-bbf3cec1ed51#0:OK-t0
2023-09-28 12:57:34,084 [7cfd9c5f-6b01-4921-8aee-b720897a5c16@group-A6141398DD36-LeaderElection11] INFO  impl.LeaderElection (LeaderElection.java:askForVotes(323)) - 7cfd9c5f-6b01-4921-8aee-b720897a5c16@group-A6141398DD36-LeaderElection11 PRE_VOTE round 0: result PASSED
2023-09-28 12:57:34,087 [7cfd9c5f-6b01-4921-8aee-b720897a5c16@group-A6141398DD36-LeaderElection11] INFO  impl.LeaderElection (LeaderElection.java:askForVotes(321)) - 7cfd9c5f-6b01-4921-8aee-b720897a5c16@group-A6141398DD36-LeaderElection11 ELECTION round 0: submit vote requests at term 1 for -1: peers:[7cfd9c5f-6b01-4921-8aee-b720897a5c16|rpc:10.1.0.34:15076|admin:10.1.0.34:15075|client:10.1.0.34:15074|dataStream:10.1.0.34:15077|priority:1|startupRole:FOLLOWER, 0f9fbc80-e5a1-4c69-bc7e-bbf3cec1ed51|rpc:10.1.0.34:15085|admin:10.1.0.34:15084|client:10.1.0.34:15083|dataStream:10.1.0.34:15086|priority:0|startupRole:FOLLOWER, 6aca8935-1d6c-4d3a-a292-fe52e1537be9|rpc:10.1.0.34:15067|admin:10.1.0.34:15066|client:10.1.0.34:15065|dataStream:10.1.0.34:15068|priority:0|startupRole:FOLLOWER]|listeners:[], old=null
2023-09-28 12:57:34,087 [grpc-default-executor-0] INFO  server.RaftServer$Division (RaftServerImpl.java:requestVote(1302)) - 6aca8935-1d6c-4d3a-a292-fe52e1537be9@group-A6141398DD36: receive requestVote(PRE_VOTE, 7cfd9c5f-6b01-4921-8aee-b720897a5c16, group-A6141398DD36, 0, (t:0, i:0))
2023-09-28 12:57:34,088 [grpc-default-executor-0] INFO  impl.VoteContext (VoteContext.java:log(49)) - 6aca8935-1d6c-4d3a-a292-fe52e1537be9@group-A6141398DD36-FOLLOWER: accept PRE_VOTE from 7cfd9c5f-6b01-4921-8aee-b720897a5c16: our priority 0 <= candidate's priority 1
2023-09-28 12:57:34,088 [grpc-default-executor-0] INFO  server.RaftServer$Division (RaftServerImpl.java:requestVote(1335)) - 6aca8935-1d6c-4d3a-a292-fe52e1537be9@group-A6141398DD36 replies to PRE_VOTE vote request: 7cfd9c5f-6b01-4921-8aee-b720897a5c16<-6aca8935-1d6c-4d3a-a292-fe52e1537be9#0:OK-t0. Peer's state: 6aca8935-1d6c-4d3a-a292-fe52e1537be9@group-A6141398DD36:t0, leader=null, voted=, raftlog=Memoized:6aca8935-1d6c-4d3a-a292-fe52e1537be9@group-A6141398DD36-SegmentedRaftLog:OPENED:c-1, conf=-1: peers:[7cfd9c5f-6b01-4921-8aee-b720897a5c16|rpc:10.1.0.34:15076|admin:10.1.0.34:15075|client:10.1.0.34:15074|dataStream:10.1.0.34:15077|priority:1|startupRole:FOLLOWER, 0f9fbc80-e5a1-4c69-bc7e-bbf3cec1ed51|rpc:10.1.0.34:15085|admin:10.1.0.34:15084|client:10.1.0.34:15083|dataStream:10.1.0.34:15086|priority:0|startupRole:FOLLOWER, 6aca8935-1d6c-4d3a-a292-fe52e1537be9|rpc:10.1.0.34:15067|admin:10.1.0.34:15066|client:10.1.0.34:15065|dataStream:10.1.0.34:15068|priority:0|startupRole:FOLLOWER]|listeners:[], old=null
2023-09-28 12:57:34,090 [7cfd9c5f-6b01-4921-8aee-b720897a5c16@group-A6141398DD36-LeaderElection11] INFO  server.RaftServerConfigKeys (ConfUtils.java:logFallback(53)) - raft.server.rpc.first-election.timeout.min = 5s (fallback to raft.server.rpc.timeout.min)
2023-09-28 12:57:34,090 [7cfd9c5f-6b01-4921-8aee-b720897a5c16@group-A6141398DD36-LeaderElection11] INFO  server.RaftServerConfigKeys (ConfUtils.java:logFallback(53)) - raft.server.rpc.first-election.timeout.max = 5200ms (fallback to raft.server.rpc.timeout.max)
2023-09-28 12:57:34,110 [6aca8935-1d6c-4d3a-a292-fe52e1537be9@group-A6141398DD36-FollowerState] INFO  server.RaftServerConfigKeys (ConfUtils.java:logFallback(53)) - raft.server.rpc.first-election.timeout.min = 5s (fallback to raft.server.rpc.timeout.min)
2023-09-28 12:57:34,110 [6aca8935-1d6c-4d3a-a292-fe52e1537be9@group-A6141398DD36-FollowerState] INFO  server.RaftServerConfigKeys (ConfUtils.java:logFallback(53)) - raft.server.rpc.first-election.timeout.max = 5200ms (fallback to raft.server.rpc.timeout.max)
2023-09-28 12:57:34,110 [grpc-default-executor-0] INFO  server.RaftServer$Division (RaftServerImpl.java:requestVote(1302)) - 0f9fbc80-e5a1-4c69-bc7e-bbf3cec1ed51@group-A6141398DD36: receive requestVote(ELECTION, 7cfd9c5f-6b01-4921-8aee-b720897a5c16, group-A6141398DD36, 1, (t:0, i:0))
2023-09-28 12:57:34,111 [grpc-default-executor-0] INFO  impl.VoteContext (VoteContext.java:log(49)) - 0f9fbc80-e5a1-4c69-bc7e-bbf3cec1ed51@group-A6141398DD36-FOLLOWER: accept ELECTION from 7cfd9c5f-6b01-4921-8aee-b720897a5c16: our priority 0 <= candidate's priority 1
2023-09-28 12:57:34,112 [grpc-default-executor-0] INFO  server.RaftServer$Division (RaftServerImpl.java:setRole(329)) - 0f9fbc80-e5a1-4c69-bc7e-bbf3cec1ed51@group-A6141398DD36: changes role from  FOLLOWER to FOLLOWER at term 1 for candidate:7cfd9c5f-6b01-4921-8aee-b720897a5c16
2023-09-28 12:57:34,112 [grpc-default-executor-0] INFO  impl.RoleInfo (RoleInfo.java:shutdownFollowerState(110)) - 0f9fbc80-e5a1-4c69-bc7e-bbf3cec1ed51: shutdown 0f9fbc80-e5a1-4c69-bc7e-bbf3cec1ed51@group-A6141398DD36-FollowerState
2023-09-28 12:57:34,112 [grpc-default-executor-0] INFO  impl.RoleInfo (RoleInfo.java:updateAndGet(139)) - 0f9fbc80-e5a1-4c69-bc7e-bbf3cec1ed51: start 0f9fbc80-e5a1-4c69-bc7e-bbf3cec1ed51@group-A6141398DD36-FollowerState
2023-09-28 12:57:34,112 [0f9fbc80-e5a1-4c69-bc7e-bbf3cec1ed51@group-A6141398DD36-FollowerState] INFO  impl.FollowerState (FollowerState.java:run(152)) - 0f9fbc80-e5a1-4c69-bc7e-bbf3cec1ed51@group-A6141398DD36-FollowerState was interrupted
2023-09-28 12:57:34,116 [grpc-default-executor-1] INFO  server.RaftServer$Division (RaftServerImpl.java:requestVote(1302)) - 6aca8935-1d6c-4d3a-a292-fe52e1537be9@group-A6141398DD36: receive requestVote(ELECTION, 7cfd9c5f-6b01-4921-8aee-b720897a5c16, group-A6141398DD36, 1, (t:0, i:0))
2023-09-28 12:57:34,117 [grpc-default-executor-1] INFO  impl.VoteContext (VoteContext.java:log(49)) - 6aca8935-1d6c-4d3a-a292-fe52e1537be9@group-A6141398DD36-FOLLOWER: accept ELECTION from 7cfd9c5f-6b01-4921-8aee-b720897a5c16: our priority 0 <= candidate's priority 1
2023-09-28 12:57:34,117 [grpc-default-executor-1] INFO  server.RaftServer$Division (RaftServerImpl.java:setRole(329)) - 6aca8935-1d6c-4d3a-a292-fe52e1537be9@group-A6141398DD36: changes role from  FOLLOWER to FOLLOWER at term 1 for candidate:7cfd9c5f-6b01-4921-8aee-b720897a5c16
2023-09-28 12:57:34,117 [grpc-default-executor-1] INFO  impl.RoleInfo (RoleInfo.java:shutdownFollowerState(110)) - 6aca8935-1d6c-4d3a-a292-fe52e1537be9: shutdown 6aca8935-1d6c-4d3a-a292-fe52e1537be9@group-A6141398DD36-FollowerState
2023-09-28 12:57:34,117 [grpc-default-executor-1] INFO  impl.RoleInfo (RoleInfo.java:updateAndGet(139)) - 6aca8935-1d6c-4d3a-a292-fe52e1537be9: start 6aca8935-1d6c-4d3a-a292-fe52e1537be9@group-A6141398DD36-FollowerState
2023-09-28 12:57:34,117 [6aca8935-1d6c-4d3a-a292-fe52e1537be9@group-A6141398DD36-FollowerState] INFO  impl.FollowerState (FollowerState.java:run(152)) - 6aca8935-1d6c-4d3a-a292-fe52e1537be9@group-A6141398DD36-FollowerState was interrupted
2023-09-28 12:57:34,118 [grpc-default-executor-0] INFO  server.RaftServer$Division (RaftServerImpl.java:requestVote(1335)) - 0f9fbc80-e5a1-4c69-bc7e-bbf3cec1ed51@group-A6141398DD36 replies to ELECTION vote request: 7cfd9c5f-6b01-4921-8aee-b720897a5c16<-0f9fbc80-e5a1-4c69-bc7e-bbf3cec1ed51#0:OK-t1. Peer's state: 0f9fbc80-e5a1-4c69-bc7e-bbf3cec1ed51@group-A6141398DD36:t1, leader=null, voted=7cfd9c5f-6b01-4921-8aee-b720897a5c16, raftlog=Memoized:0f9fbc80-e5a1-4c69-bc7e-bbf3cec1ed51@group-A6141398DD36-SegmentedRaftLog:OPENED:c-1, conf=-1: peers:[7cfd9c5f-6b01-4921-8aee-b720897a5c16|rpc:10.1.0.34:15076|admin:10.1.0.34:15075|client:10.1.0.34:15074|dataStream:10.1.0.34:15077|priority:1|startupRole:FOLLOWER, 0f9fbc80-e5a1-4c69-bc7e-bbf3cec1ed51|rpc:10.1.0.34:15085|admin:10.1.0.34:15084|client:10.1.0.34:15083|dataStream:10.1.0.34:15086|priority:0|startupRole:FOLLOWER, 6aca8935-1d6c-4d3a-a292-fe52e1537be9|rpc:10.1.0.34:15067|admin:10.1.0.34:15066|client:10.1.0.34:15065|dataStream:10.1.0.34:15068|priority:0|startupRole:FOLLOWER]|listeners:[], old=null
2023-09-28 12:57:34,118 [grpc-default-executor-1] INFO  server.RaftServer$Division (RaftServerImpl.java:requestVote(1335)) - 6aca8935-1d6c-4d3a-a292-fe52e1537be9@group-A6141398DD36 replies to ELECTION vote request: 7cfd9c5f-6b01-4921-8aee-b720897a5c16<-6aca8935-1d6c-4d3a-a292-fe52e1537be9#0:OK-t1. Peer's state: 6aca8935-1d6c-4d3a-a292-fe52e1537be9@group-A6141398DD36:t1, leader=null, voted=7cfd9c5f-6b01-4921-8aee-b720897a5c16, raftlog=Memoized:6aca8935-1d6c-4d3a-a292-fe52e1537be9@group-A6141398DD36-SegmentedRaftLog:OPENED:c-1, conf=-1: peers:[7cfd9c5f-6b01-4921-8aee-b720897a5c16|rpc:10.1.0.34:15076|admin:10.1.0.34:15075|client:10.1.0.34:15074|dataStream:10.1.0.34:15077|priority:1|startupRole:FOLLOWER, 0f9fbc80-e5a1-4c69-bc7e-bbf3cec1ed51|rpc:10.1.0.34:15085|admin:10.1.0.34:15084|client:10.1.0.34:15083|dataStream:10.1.0.34:15086|priority:0|startupRole:FOLLOWER, 6aca8935-1d6c-4d3a-a292-fe52e1537be9|rpc:10.1.0.34:15067|admin:10.1.0.34:15066|client:10.1.0.34:15065|dataStream:10.1.0.34:15068|priority:0|startupRole:FOLLOWER]|listeners:[], old=null
2023-09-28 12:57:34,119 [7cfd9c5f-6b01-4921-8aee-b720897a5c16@group-A6141398DD36-LeaderElection11] INFO  impl.LeaderElection (LeaderElection.java:logAndReturn(90)) - 7cfd9c5f-6b01-4921-8aee-b720897a5c16@group-A6141398DD36-LeaderElection11: ELECTION PASSED received 1 response(s) and 0 exception(s):
2023-09-28 12:57:34,119 [7cfd9c5f-6b01-4921-8aee-b720897a5c16@group-A6141398DD36-LeaderElection11] INFO  impl.LeaderElection (LeaderElection.java:logAndReturn(94)) -   Response 0: 7cfd9c5f-6b01-4921-8aee-b720897a5c16<-0f9fbc80-e5a1-4c69-bc7e-bbf3cec1ed51#0:OK-t1
2023-09-28 12:57:34,119 [7cfd9c5f-6b01-4921-8aee-b720897a5c16@group-A6141398DD36-LeaderElection11] INFO  impl.LeaderElection (LeaderElection.java:askForVotes(323)) - 7cfd9c5f-6b01-4921-8aee-b720897a5c16@group-A6141398DD36-LeaderElection11 ELECTION round 0: result PASSED
2023-09-28 12:57:34,119 [7cfd9c5f-6b01-4921-8aee-b720897a5c16@group-A6141398DD36-LeaderElection11] INFO  impl.RoleInfo (RoleInfo.java:shutdownLeaderElection(130)) - 7cfd9c5f-6b01-4921-8aee-b720897a5c16: shutdown 7cfd9c5f-6b01-4921-8aee-b720897a5c16@group-A6141398DD36-LeaderElection11
2023-09-28 12:57:34,120 [7cfd9c5f-6b01-4921-8aee-b720897a5c16@group-A6141398DD36-LeaderElection11] INFO  server.RaftServer$Division (RaftServerImpl.java:setRole(329)) - 7cfd9c5f-6b01-4921-8aee-b720897a5c16@group-A6141398DD36: changes role from CANDIDATE to LEADER at term 1 for changeToLeader
2023-09-28 12:57:34,120 [7cfd9c5f-6b01-4921-8aee-b720897a5c16@group-A6141398DD36-LeaderElection11] INFO  ratis.XceiverServerRatis (XceiverServerRatis.java:handleLeaderChangedNotification(902)) - Leader change notification received for group: group-A6141398DD36 with new leaderId: 7cfd9c5f-6b01-4921-8aee-b720897a5c16
2023-09-28 12:57:34,120 [7cfd9c5f-6b01-4921-8aee-b720897a5c16@group-A6141398DD36-LeaderElection11] INFO  server.RaftServer$Division (ServerState.java:setLeader(317)) - 7cfd9c5f-6b01-4921-8aee-b720897a5c16@group-A6141398DD36: change Leader from null to 7cfd9c5f-6b01-4921-8aee-b720897a5c16 at term 1 for becomeLeader, leader elected after 5128ms
2023-09-28 12:57:34,120 [7cfd9c5f-6b01-4921-8aee-b720897a5c16@group-A6141398DD36-LeaderElection11] INFO  server.RaftServerConfigKeys (ConfUtils.java:logGet(46)) - raft.server.staging.catchup.gap = 1000 (default)
2023-09-28 12:57:34,120 [7cfd9c5f-6b01-4921-8aee-b720897a5c16@group-A6141398DD36-LeaderElection11] INFO  server.RaftServerConfigKeys (ConfUtils.java:logGet(46)) - raft.server.write.element-limit = 1024 (custom)
2023-09-28 12:57:34,120 [7cfd9c5f-6b01-4921-8aee-b720897a5c16@group-A6141398DD36-LeaderElection11] INFO  server.RaftServerConfigKeys (ConfUtils.java:logGet(46)) - raft.server.write.byte-limit = 1024 M (=1073741824) (custom)
2023-09-28 12:57:34,121 [7cfd9c5f-6b01-4921-8aee-b720897a5c16@group-A6141398DD36-LeaderElection11] INFO  server.RaftServerConfigKeys (ConfUtils.java:logGet(46)) - raft.server.watch.timeout = 180s (custom)
2023-09-28 12:57:34,121 [7cfd9c5f-6b01-4921-8aee-b720897a5c16@group-A6141398DD36-LeaderElection11] INFO  server.RaftServerConfigKeys (ConfUtils.java:logGet(46)) - raft.server.watch.timeout.denomination = 1s (default)
2023-09-28 12:57:34,121 [7cfd9c5f-6b01-4921-8aee-b720897a5c16@group-A6141398DD36-LeaderElection11] INFO  server.RaftServerConfigKeys (ConfUtils.java:logGet(46)) - raft.server.watch.element-limit = 65536 (default)
2023-09-28 12:57:34,121 [7cfd9c5f-6b01-4921-8aee-b720897a5c16@group-A6141398DD36-LeaderElection11] INFO  server.RaftServerConfigKeys (ConfUtils.java:logGet(46)) - raft.server.write.element-limit = 1024 (custom)
2023-09-28 12:57:34,121 [7cfd9c5f-6b01-4921-8aee-b720897a5c16@group-A6141398DD36-LeaderElection11] INFO  server.RaftServerConfigKeys (ConfUtils.java:logGet(46)) - raft.server.write.follower.gap.ratio.max = -1.0 (default)
2023-09-28 12:57:34,122 [7cfd9c5f-6b01-4921-8aee-b720897a5c16@group-A6141398DD36-LeaderElection11] INFO  server.RaftServerConfigKeys (ConfUtils.java:logGet(46)) - raft.server.log.appender.snapshot.chunk.size.max = 16MB (=16777216) (default)
2023-09-28 12:57:34,122 [7cfd9c5f-6b01-4921-8aee-b720897a5c16@group-A6141398DD36-LeaderElection11] INFO  server.RaftServerConfigKeys (ConfUtils.java:logGet(46)) - raft.server.log.appender.buffer.byte-limit = 33554432 (custom)
2023-09-28 12:57:34,122 [7cfd9c5f-6b01-4921-8aee-b720897a5c16@group-A6141398DD36-LeaderElection11] INFO  server.RaftServerConfigKeys (ConfUtils.java:logGet(46)) - raft.server.log.appender.buffer.element-limit = 1 (custom)
2023-09-28 12:57:34,122 [7cfd9c5f-6b01-4921-8aee-b720897a5c16@group-A6141398DD36-LeaderElection11] INFO  server.RaftServerConfigKeys (ConfUtils.java:logGet(46)) - raft.server.log.appender.wait-time.min = 10ms (default)
2023-09-28 12:57:34,122 [7cfd9c5f-6b01-4921-8aee-b720897a5c16@group-A6141398DD36-LeaderElection11] INFO  grpc.GrpcConfigKeys (ConfUtils.java:logGet(46)) - raft.grpc.server.leader.outstanding.appends.max = 128 (default)
2023-09-28 12:57:34,122 [7cfd9c5f-6b01-4921-8aee-b720897a5c16@group-A6141398DD36-LeaderElection11] INFO  server.RaftServerConfigKeys (ConfUtils.java:logGet(46)) - raft.server.rpc.request.timeout = 60s (custom)
2023-09-28 12:57:34,122 [7cfd9c5f-6b01-4921-8aee-b720897a5c16@group-A6141398DD36-LeaderElection11] INFO  grpc.GrpcConfigKeys (ConfUtils.java:logGet(46)) - raft.grpc.server.install_snapshot.request.element-limit = 8 (default)
2023-09-28 12:57:34,122 [7cfd9c5f-6b01-4921-8aee-b720897a5c16@group-A6141398DD36-LeaderElection11] INFO  grpc.GrpcConfigKeys (ConfUtils.java:logGet(46)) - raft.grpc.server.install_snapshot.request.timeout = 3000ms (default)
2023-09-28 12:57:34,122 [7cfd9c5f-6b01-4921-8aee-b720897a5c16@group-A6141398DD36-LeaderElection11] INFO  server.RaftServerConfigKeys (ConfUtils.java:logGet(46)) - raft.server.log.appender.install.snapshot.enabled = false (custom)
2023-09-28 12:57:34,122 [7cfd9c5f-6b01-4921-8aee-b720897a5c16@group-A6141398DD36-LeaderElection11] INFO  grpc.GrpcConfigKeys (ConfUtils.java:logGet(46)) - raft.grpc.server.heartbeat.channel = true (default)
2023-09-28 12:57:34,123 [7cfd9c5f-6b01-4921-8aee-b720897a5c16@group-A6141398DD36-LeaderElection11] INFO  server.RaftServerConfigKeys (ConfUtils.java:logGet(46)) - raft.server.log.appender.snapshot.chunk.size.max = 16MB (=16777216) (default)
2023-09-28 12:57:34,123 [7cfd9c5f-6b01-4921-8aee-b720897a5c16@group-A6141398DD36-LeaderElection11] INFO  server.RaftServerConfigKeys (ConfUtils.java:logGet(46)) - raft.server.log.appender.buffer.byte-limit = 33554432 (custom)
2023-09-28 12:57:34,123 [7cfd9c5f-6b01-4921-8aee-b720897a5c16@group-A6141398DD36-LeaderElection11] INFO  server.RaftServerConfigKeys (ConfUtils.java:logGet(46)) - raft.server.log.appender.buffer.element-limit = 1 (custom)
2023-09-28 12:57:34,123 [7cfd9c5f-6b01-4921-8aee-b720897a5c16@group-A6141398DD36-LeaderElection11] INFO  server.RaftServerConfigKeys (ConfUtils.java:logGet(46)) - raft.server.log.appender.wait-time.min = 10ms (default)
2023-09-28 12:57:34,123 [7cfd9c5f-6b01-4921-8aee-b720897a5c16@group-A6141398DD36-LeaderElection11] INFO  grpc.GrpcConfigKeys (ConfUtils.java:logGet(46)) - raft.grpc.server.leader.outstanding.appends.max = 128 (default)
2023-09-28 12:57:34,123 [7cfd9c5f-6b01-4921-8aee-b720897a5c16@group-A6141398DD36-LeaderElection11] INFO  server.RaftServerConfigKeys (ConfUtils.java:logGet(46)) - raft.server.rpc.request.timeout = 60s (custom)
2023-09-28 12:57:34,123 [7cfd9c5f-6b01-4921-8aee-b720897a5c16@group-A6141398DD36-LeaderElection11] INFO  grpc.GrpcConfigKeys (ConfUtils.java:logGet(46)) - raft.grpc.server.install_snapshot.request.element-limit = 8 (default)
2023-09-28 12:57:34,123 [7cfd9c5f-6b01-4921-8aee-b720897a5c16@group-A6141398DD36-LeaderElection11] INFO  grpc.GrpcConfigKeys (ConfUtils.java:logGet(46)) - raft.grpc.server.install_snapshot.request.timeout = 3000ms (default)
2023-09-28 12:57:34,123 [7cfd9c5f-6b01-4921-8aee-b720897a5c16@group-A6141398DD36-LeaderElection11] INFO  server.RaftServerConfigKeys (ConfUtils.java:logGet(46)) - raft.server.log.appender.install.snapshot.enabled = false (custom)
2023-09-28 12:57:34,123 [7cfd9c5f-6b01-4921-8aee-b720897a5c16@group-A6141398DD36-LeaderElection11] INFO  grpc.GrpcConfigKeys (ConfUtils.java:logGet(46)) - raft.grpc.server.heartbeat.channel = true (default)
2023-09-28 12:57:34,123 [7cfd9c5f-6b01-4921-8aee-b720897a5c16@group-A6141398DD36-LeaderElection11] INFO  impl.RoleInfo (RoleInfo.java:updateAndGet(139)) - 7cfd9c5f-6b01-4921-8aee-b720897a5c16: start 7cfd9c5f-6b01-4921-8aee-b720897a5c16@group-A6141398DD36-LeaderStateImpl
2023-09-28 12:57:34,124 [7cfd9c5f-6b01-4921-8aee-b720897a5c16@group-A6141398DD36-LeaderElection11] INFO  segmented.SegmentedRaftLogWorker (SegmentedRaftLogWorker.java:startLogSegment(447)) - 7cfd9c5f-6b01-4921-8aee-b720897a5c16@group-A6141398DD36-SegmentedRaftLogWorker: Starting segment from index:0
2023-09-28 12:57:34,126 [EventQueue-PipelineReportForPipelineReportHandler] INFO  pipeline.PipelineReportHandler (PipelineReportHandler.java:processPipelineReport(136)) - Opened pipeline PipelineID=ad0d1982-956e-4e08-86a2-a6141398dd36
2023-09-28 12:57:34,126 [EventQueue-OpenPipelineForHealthyPipelineSafeModeRule] INFO  safemode.SCMSafeModeManager (HealthyPipelineSafeModeRule.java:process(137)) - SCM in safe mode. Healthy pipelines reported count is 1, required healthy pipeline reported count is 1
2023-09-28 12:57:34,126 [EventQueue-OpenPipelineForHealthyPipelineSafeModeRule] INFO  safemode.SCMSafeModeManager (SCMSafeModeManager.java:validateSafeModeExitRules(200)) - HealthyPipelineSafeModeRule rule is successfully validated
2023-09-28 12:57:34,126 [EventQueue-OpenPipelineForHealthyPipelineSafeModeRule] INFO  safemode.SCMSafeModeManager (SCMSafeModeManager.java:validateSafeModeExitRules(215)) - ScmSafeModeManager, all rules are successfully validated
2023-09-28 12:57:34,127 [EventQueue-OpenPipelineForHealthyPipelineSafeModeRule] INFO  safemode.SCMSafeModeManager (SCMSafeModeManager.java:exitSafeMode(244)) - SCM exiting safe mode.
2023-09-28 12:57:34,127 [EventQueue-OpenPipelineForHealthyPipelineSafeModeRule] INFO  ha.SCMContext (SCMContext.java:updateSafeModeStatus(228)) - Update SafeModeStatus from SafeModeStatus{safeModeStatus=true, preCheckPassed=true} to SafeModeStatus{safeModeStatus=false, preCheckPassed=true}.
2023-09-28 12:57:34,127 [EventQueue-OpenPipelineForHealthyPipelineSafeModeRule] INFO  pipeline.BackgroundPipelineCreator (BackgroundPipelineCreator.java:notifyStatusChanged(255)) - Service BackgroundPipelineCreator transitions to RUNNING.
2023-09-28 12:57:34,127 [EventQueue-OpenPipelineForHealthyPipelineSafeModeRule] INFO  BackgroundPipelineScrubber (BackgroundSCMService.java:notifyStatusChanged(82)) - Service BackgroundPipelineScrubber transitions to RUNNING.
2023-09-28 12:57:34,127 [EventQueue-OpenPipelineForHealthyPipelineSafeModeRule] INFO  ExpiredContainerReplicaOpScrubber (BackgroundSCMService.java:notifyStatusChanged(82)) - Service ExpiredContainerReplicaOpScrubber transitions to RUNNING.
2023-09-28 12:57:34,127 [EventQueue-OpenPipelineForHealthyPipelineSafeModeRule] INFO  replication.ReplicationManager (ReplicationManager.java:notifyStatusChanged(1370)) - Service ReplicationManager transitions to RUNNING.
2023-09-28 12:57:34,127 [EventQueue-OpenPipelineForHealthyPipelineSafeModeRule] WARN  balancer.ContainerBalancer (ContainerBalancer.java:shouldRun(134)) - Could not find persisted configuration for ContainerBalancer when checking if ContainerBalancer should run. ContainerBalancer should not run now.
2023-09-28 12:57:34,127 [7cfd9c5f-6b01-4921-8aee-b720897a5c16@group-A6141398DD36-SegmentedRaftLogWorker] INFO  segmented.SegmentedRaftLogWorker (SegmentedRaftLogWorker.java:execute(651)) - 7cfd9c5f-6b01-4921-8aee-b720897a5c16@group-A6141398DD36-SegmentedRaftLogWorker: created new log segment /home/runner/work/ozone/ozone/hadoop-ozone/integration-test/target/test-dir/MiniOzoneClusterImpl-e5738b5b-ff1d-4187-9339-882699725c5e/datanode-1/data/ratis/ad0d1982-956e-4e08-86a2-a6141398dd36/current/log_inprogress_0
2023-09-28 12:57:34,137 [7cfd9c5f-6b01-4921-8aee-b720897a5c16@group-A6141398DD36-LeaderElection11] INFO  server.RaftServer$Division (ServerState.java:setRaftConf(434)) - 7cfd9c5f-6b01-4921-8aee-b720897a5c16@group-A6141398DD36: set configuration 0: peers:[7cfd9c5f-6b01-4921-8aee-b720897a5c16|rpc:10.1.0.34:15076|admin:10.1.0.34:15075|client:10.1.0.34:15074|dataStream:10.1.0.34:15077|priority:1|startupRole:FOLLOWER, 0f9fbc80-e5a1-4c69-bc7e-bbf3cec1ed51|rpc:10.1.0.34:15085|admin:10.1.0.34:15084|client:10.1.0.34:15083|dataStream:10.1.0.34:15086|priority:0|startupRole:FOLLOWER, 6aca8935-1d6c-4d3a-a292-fe52e1537be9|rpc:10.1.0.34:15067|admin:10.1.0.34:15066|client:10.1.0.34:15065|dataStream:10.1.0.34:15068|priority:0|startupRole:FOLLOWER]|listeners:[], old=null
2023-09-28 12:57:34,152 [6aca8935-1d6c-4d3a-a292-fe52e1537be9-server-thread2] INFO  ratis.XceiverServerRatis (XceiverServerRatis.java:handleLeaderChangedNotification(902)) - Leader change notification received for group: group-A6141398DD36 with new leaderId: 7cfd9c5f-6b01-4921-8aee-b720897a5c16
2023-09-28 12:57:34,152 [6aca8935-1d6c-4d3a-a292-fe52e1537be9-server-thread2] INFO  server.RaftServer$Division (ServerState.java:setLeader(317)) - 6aca8935-1d6c-4d3a-a292-fe52e1537be9@group-A6141398DD36: change Leader from null to 7cfd9c5f-6b01-4921-8aee-b720897a5c16 at term 1 for appendEntries, leader elected after 5203ms
2023-09-28 12:57:34,158 [0f9fbc80-e5a1-4c69-bc7e-bbf3cec1ed51-server-thread2] INFO  ratis.XceiverServerRatis (XceiverServerRatis.java:handleLeaderChangedNotification(902)) - Leader change notification received for group: group-A6141398DD36 with new leaderId: 7cfd9c5f-6b01-4921-8aee-b720897a5c16
2023-09-28 12:57:34,158 [0f9fbc80-e5a1-4c69-bc7e-bbf3cec1ed51-server-thread2] INFO  server.RaftServer$Division (ServerState.java:setLeader(317)) - 0f9fbc80-e5a1-4c69-bc7e-bbf3cec1ed51@group-A6141398DD36: change Leader from null to 7cfd9c5f-6b01-4921-8aee-b720897a5c16 at term 1 for appendEntries, leader elected after 5106ms
2023-09-28 12:57:34,161 [0f9fbc80-e5a1-4c69-bc7e-bbf3cec1ed51-server-thread1] INFO  server.RaftServer$Division (ServerState.java:setRaftConf(434)) - 0f9fbc80-e5a1-4c69-bc7e-bbf3cec1ed51@group-A6141398DD36: set configuration 0: peers:[7cfd9c5f-6b01-4921-8aee-b720897a5c16|rpc:10.1.0.34:15076|admin:10.1.0.34:15075|client:10.1.0.34:15074|dataStream:10.1.0.34:15077|priority:1|startupRole:FOLLOWER, 0f9fbc80-e5a1-4c69-bc7e-bbf3cec1ed51|rpc:10.1.0.34:15085|admin:10.1.0.34:15084|client:10.1.0.34:15083|dataStream:10.1.0.34:15086|priority:0|startupRole:FOLLOWER, 6aca8935-1d6c-4d3a-a292-fe52e1537be9|rpc:10.1.0.34:15067|admin:10.1.0.34:15066|client:10.1.0.34:15065|dataStream:10.1.0.34:15068|priority:0|startupRole:FOLLOWER]|listeners:[], old=null
2023-09-28 12:57:34,161 [0f9fbc80-e5a1-4c69-bc7e-bbf3cec1ed51-server-thread1] INFO  segmented.SegmentedRaftLogWorker (SegmentedRaftLogWorker.java:startLogSegment(447)) - 0f9fbc80-e5a1-4c69-bc7e-bbf3cec1ed51@group-A6141398DD36-SegmentedRaftLogWorker: Starting segment from index:0
2023-09-28 12:57:34,169 [6aca8935-1d6c-4d3a-a292-fe52e1537be9-server-thread1] INFO  server.RaftServer$Division (ServerState.java:setRaftConf(434)) - 6aca8935-1d6c-4d3a-a292-fe52e1537be9@group-A6141398DD36: set configuration 0: peers:[7cfd9c5f-6b01-4921-8aee-b720897a5c16|rpc:10.1.0.34:15076|admin:10.1.0.34:15075|client:10.1.0.34:15074|dataStream:10.1.0.34:15077|priority:1|startupRole:FOLLOWER, 0f9fbc80-e5a1-4c69-bc7e-bbf3cec1ed51|rpc:10.1.0.34:15085|admin:10.1.0.34:15084|client:10.1.0.34:15083|dataStream:10.1.0.34:15086|priority:0|startupRole:FOLLOWER, 6aca8935-1d6c-4d3a-a292-fe52e1537be9|rpc:10.1.0.34:15067|admin:10.1.0.34:15066|client:10.1.0.34:15065|dataStream:10.1.0.34:15068|priority:0|startupRole:FOLLOWER]|listeners:[], old=null
2023-09-28 12:57:34,169 [6aca8935-1d6c-4d3a-a292-fe52e1537be9-server-thread1] INFO  segmented.SegmentedRaftLogWorker (SegmentedRaftLogWorker.java:startLogSegment(447)) - 6aca8935-1d6c-4d3a-a292-fe52e1537be9@group-A6141398DD36-SegmentedRaftLogWorker: Starting segment from index:0
2023-09-28 12:57:34,170 [0f9fbc80-e5a1-4c69-bc7e-bbf3cec1ed51@group-A6141398DD36-SegmentedRaftLogWorker] INFO  segmented.SegmentedRaftLogWorker (SegmentedRaftLogWorker.java:execute(651)) - 0f9fbc80-e5a1-4c69-bc7e-bbf3cec1ed51@group-A6141398DD36-SegmentedRaftLogWorker: created new log segment /home/runner/work/ozone/ozone/hadoop-ozone/integration-test/target/test-dir/MiniOzoneClusterImpl-e5738b5b-ff1d-4187-9339-882699725c5e/datanode-2/data/ratis/ad0d1982-956e-4e08-86a2-a6141398dd36/current/log_inprogress_0
2023-09-28 12:57:34,171 [6aca8935-1d6c-4d3a-a292-fe52e1537be9@group-A6141398DD36-SegmentedRaftLogWorker] INFO  segmented.SegmentedRaftLogWorker (SegmentedRaftLogWorker.java:execute(651)) - 6aca8935-1d6c-4d3a-a292-fe52e1537be9@group-A6141398DD36-SegmentedRaftLogWorker: created new log segment /home/runner/work/ozone/ozone/hadoop-ozone/integration-test/target/test-dir/MiniOzoneClusterImpl-e5738b5b-ff1d-4187-9339-882699725c5e/datanode-0/data/ratis/ad0d1982-956e-4e08-86a2-a6141398dd36/current/log_inprogress_0
2023-09-28 12:57:34,255 [6aca8935-1d6c-4d3a-a292-fe52e1537be9@group-3F43FFF779B4-FollowerState] INFO  impl.FollowerState (FollowerState.java:run(143)) - 6aca8935-1d6c-4d3a-a292-fe52e1537be9@group-3F43FFF779B4-FollowerState: change to CANDIDATE, lastRpcElapsedTime:5140670842ns, electionTimeout:5140ms
2023-09-28 12:57:34,256 [6aca8935-1d6c-4d3a-a292-fe52e1537be9@group-3F43FFF779B4-FollowerState] INFO  impl.RoleInfo (RoleInfo.java:shutdownFollowerState(110)) - 6aca8935-1d6c-4d3a-a292-fe52e1537be9: shutdown 6aca8935-1d6c-4d3a-a292-fe52e1537be9@group-3F43FFF779B4-FollowerState
2023-09-28 12:57:34,256 [6aca8935-1d6c-4d3a-a292-fe52e1537be9@group-3F43FFF779B4-FollowerState] INFO  server.RaftServer$Division (RaftServerImpl.java:setRole(329)) - 6aca8935-1d6c-4d3a-a292-fe52e1537be9@group-3F43FFF779B4: changes role from  FOLLOWER to CANDIDATE at term 0 for changeToCandidate
2023-09-28 12:57:34,256 [6aca8935-1d6c-4d3a-a292-fe52e1537be9@group-3F43FFF779B4-FollowerState] INFO  server.RaftServerConfigKeys (ConfUtils.java:logGet(46)) - raft.server.leaderelection.pre-vote = true (default)
2023-09-28 12:57:34,256 [6aca8935-1d6c-4d3a-a292-fe52e1537be9@group-3F43FFF779B4-FollowerState] INFO  impl.RoleInfo (RoleInfo.java:updateAndGet(139)) - 6aca8935-1d6c-4d3a-a292-fe52e1537be9: start 6aca8935-1d6c-4d3a-a292-fe52e1537be9@group-3F43FFF779B4-LeaderElection12
2023-09-28 12:57:34,259 [6aca8935-1d6c-4d3a-a292-fe52e1537be9@group-3F43FFF779B4-LeaderElection12] INFO  impl.LeaderElection (LeaderElection.java:askForVotes(321)) - 6aca8935-1d6c-4d3a-a292-fe52e1537be9@group-3F43FFF779B4-LeaderElection12 PRE_VOTE round 0: submit vote requests at term 0 for -1: peers:[7cfd9c5f-6b01-4921-8aee-b720897a5c16|rpc:10.1.0.34:15076|admin:10.1.0.34:15075|client:10.1.0.34:15074|dataStream:10.1.0.34:15077|priority:0|startupRole:FOLLOWER, 0f9fbc80-e5a1-4c69-bc7e-bbf3cec1ed51|rpc:10.1.0.34:15085|admin:10.1.0.34:15084|client:10.1.0.34:15083|dataStream:10.1.0.34:15086|priority:0|startupRole:FOLLOWER, 6aca8935-1d6c-4d3a-a292-fe52e1537be9|rpc:10.1.0.34:15067|admin:10.1.0.34:15066|client:10.1.0.34:15065|dataStream:10.1.0.34:15068|priority:1|startupRole:FOLLOWER]|listeners:[], old=null
2023-09-28 12:57:34,260 [6aca8935-1d6c-4d3a-a292-fe52e1537be9@group-3F43FFF779B4-LeaderElection12-1] INFO  server.GrpcServerProtocolClient (GrpcServerProtocolClient.java:<init>(65)) - Build channel for 7cfd9c5f-6b01-4921-8aee-b720897a5c16
2023-09-28 12:57:34,260 [6aca8935-1d6c-4d3a-a292-fe52e1537be9@group-3F43FFF779B4-LeaderElection12] INFO  server.RaftServerConfigKeys (ConfUtils.java:logFallback(53)) - raft.server.rpc.first-election.timeout.min = 5s (fallback to raft.server.rpc.timeout.min)
2023-09-28 12:57:34,260 [6aca8935-1d6c-4d3a-a292-fe52e1537be9@group-3F43FFF779B4-LeaderElection12] INFO  server.RaftServerConfigKeys (ConfUtils.java:logFallback(53)) - raft.server.rpc.first-election.timeout.max = 5200ms (fallback to raft.server.rpc.timeout.max)
2023-09-28 12:57:34,260 [6aca8935-1d6c-4d3a-a292-fe52e1537be9@group-3F43FFF779B4-LeaderElection12-2] INFO  server.GrpcServerProtocolClient (GrpcServerProtocolClient.java:<init>(65)) - Build channel for 0f9fbc80-e5a1-4c69-bc7e-bbf3cec1ed51
2023-09-28 12:57:34,269 [7cfd9c5f-6b01-4921-8aee-b720897a5c16@group-3F43FFF779B4-FollowerState] INFO  impl.FollowerState (FollowerState.java:run(143)) - 7cfd9c5f-6b01-4921-8aee-b720897a5c16@group-3F43FFF779B4-FollowerState: change to CANDIDATE, lastRpcElapsedTime:5114930794ns, electionTimeout:5111ms
2023-09-28 12:57:34,269 [7cfd9c5f-6b01-4921-8aee-b720897a5c16@group-3F43FFF779B4-FollowerState] INFO  impl.RoleInfo (RoleInfo.java:shutdownFollowerState(110)) - 7cfd9c5f-6b01-4921-8aee-b720897a5c16: shutdown 7cfd9c5f-6b01-4921-8aee-b720897a5c16@group-3F43FFF779B4-FollowerState
2023-09-28 12:57:34,269 [7cfd9c5f-6b01-4921-8aee-b720897a5c16@group-3F43FFF779B4-FollowerState] INFO  server.RaftServer$Division (RaftServerImpl.java:setRole(329)) - 7cfd9c5f-6b01-4921-8aee-b720897a5c16@group-3F43FFF779B4: changes role from  FOLLOWER to CANDIDATE at term 0 for changeToCandidate
2023-09-28 12:57:34,269 [7cfd9c5f-6b01-4921-8aee-b720897a5c16@group-3F43FFF779B4-FollowerState] INFO  server.RaftServerConfigKeys (ConfUtils.java:logGet(46)) - raft.server.leaderelection.pre-vote = true (default)
2023-09-28 12:57:34,269 [7cfd9c5f-6b01-4921-8aee-b720897a5c16@group-3F43FFF779B4-FollowerState] INFO  impl.RoleInfo (RoleInfo.java:updateAndGet(139)) - 7cfd9c5f-6b01-4921-8aee-b720897a5c16: start 7cfd9c5f-6b01-4921-8aee-b720897a5c16@group-3F43FFF779B4-LeaderElection13
2023-09-28 12:57:34,285 [grpc-default-executor-2] INFO  server.RaftServer$Division (RaftServerImpl.java:requestVote(1302)) - 0f9fbc80-e5a1-4c69-bc7e-bbf3cec1ed51@group-3F43FFF779B4: receive requestVote(PRE_VOTE, 6aca8935-1d6c-4d3a-a292-fe52e1537be9, group-3F43FFF779B4, 0, (t:0, i:0))
2023-09-28 12:57:34,285 [grpc-default-executor-2] INFO  impl.VoteContext (VoteContext.java:log(49)) - 0f9fbc80-e5a1-4c69-bc7e-bbf3cec1ed51@group-3F43FFF779B4-FOLLOWER: accept PRE_VOTE from 6aca8935-1d6c-4d3a-a292-fe52e1537be9: our priority 0 <= candidate's priority 1
2023-09-28 12:57:34,285 [grpc-default-executor-2] INFO  server.RaftServer$Division (RaftServerImpl.java:requestVote(1335)) - 0f9fbc80-e5a1-4c69-bc7e-bbf3cec1ed51@group-3F43FFF779B4 replies to PRE_VOTE vote request: 6aca8935-1d6c-4d3a-a292-fe52e1537be9<-0f9fbc80-e5a1-4c69-bc7e-bbf3cec1ed51#0:OK-t0. Peer's state: 0f9fbc80-e5a1-4c69-bc7e-bbf3cec1ed51@group-3F43FFF779B4:t0, leader=null, voted=, raftlog=Memoized:0f9fbc80-e5a1-4c69-bc7e-bbf3cec1ed51@group-3F43FFF779B4-SegmentedRaftLog:OPENED:c-1, conf=-1: peers:[7cfd9c5f-6b01-4921-8aee-b720897a5c16|rpc:10.1.0.34:15076|admin:10.1.0.34:15075|client:10.1.0.34:15074|dataStream:10.1.0.34:15077|priority:0|startupRole:FOLLOWER, 0f9fbc80-e5a1-4c69-bc7e-bbf3cec1ed51|rpc:10.1.0.34:15085|admin:10.1.0.34:15084|client:10.1.0.34:15083|dataStream:10.1.0.34:15086|priority:0|startupRole:FOLLOWER, 6aca8935-1d6c-4d3a-a292-fe52e1537be9|rpc:10.1.0.34:15067|admin:10.1.0.34:15066|client:10.1.0.34:15065|dataStream:10.1.0.34:15068|priority:1|startupRole:FOLLOWER]|listeners:[], old=null
2023-09-28 12:57:34,288 [6aca8935-1d6c-4d3a-a292-fe52e1537be9@group-3F43FFF779B4-LeaderElection12] INFO  impl.LeaderElection (LeaderElection.java:logAndReturn(90)) - 6aca8935-1d6c-4d3a-a292-fe52e1537be9@group-3F43FFF779B4-LeaderElection12: PRE_VOTE PASSED received 1 response(s) and 0 exception(s):
2023-09-28 12:57:34,288 [6aca8935-1d6c-4d3a-a292-fe52e1537be9@group-3F43FFF779B4-LeaderElection12] INFO  impl.LeaderElection (LeaderElection.java:logAndReturn(94)) -   Response 0: 6aca8935-1d6c-4d3a-a292-fe52e1537be9<-0f9fbc80-e5a1-4c69-bc7e-bbf3cec1ed51#0:OK-t0
2023-09-28 12:57:34,288 [6aca8935-1d6c-4d3a-a292-fe52e1537be9@group-3F43FFF779B4-LeaderElection12] INFO  impl.LeaderElection (LeaderElection.java:askForVotes(323)) - 6aca8935-1d6c-4d3a-a292-fe52e1537be9@group-3F43FFF779B4-LeaderElection12 PRE_VOTE round 0: result PASSED
2023-09-28 12:57:34,290 [grpc-default-executor-2] INFO  server.RaftServer$Division (RaftServerImpl.java:requestVote(1302)) - 7cfd9c5f-6b01-4921-8aee-b720897a5c16@group-3F43FFF779B4: receive requestVote(PRE_VOTE, 6aca8935-1d6c-4d3a-a292-fe52e1537be9, group-3F43FFF779B4, 0, (t:0, i:0))
2023-09-28 12:57:34,291 [grpc-default-executor-2] INFO  impl.VoteContext (VoteContext.java:log(49)) - 7cfd9c5f-6b01-4921-8aee-b720897a5c16@group-3F43FFF779B4-CANDIDATE: accept PRE_VOTE from 6aca8935-1d6c-4d3a-a292-fe52e1537be9: our priority 0 <= candidate's priority 1
2023-09-28 12:57:34,291 [grpc-default-executor-2] INFO  server.RaftServer$Division (RaftServerImpl.java:requestVote(1335)) - 7cfd9c5f-6b01-4921-8aee-b720897a5c16@group-3F43FFF779B4 replies to PRE_VOTE vote request: 6aca8935-1d6c-4d3a-a292-fe52e1537be9<-7cfd9c5f-6b01-4921-8aee-b720897a5c16#0:OK-t0. Peer's state: 7cfd9c5f-6b01-4921-8aee-b720897a5c16@group-3F43FFF779B4:t0, leader=null, voted=, raftlog=Memoized:7cfd9c5f-6b01-4921-8aee-b720897a5c16@group-3F43FFF779B4-SegmentedRaftLog:OPENED:c-1, conf=-1: peers:[7cfd9c5f-6b01-4921-8aee-b720897a5c16|rpc:10.1.0.34:15076|admin:10.1.0.34:15075|client:10.1.0.34:15074|dataStream:10.1.0.34:15077|priority:0|startupRole:FOLLOWER, 0f9fbc80-e5a1-4c69-bc7e-bbf3cec1ed51|rpc:10.1.0.34:15085|admin:10.1.0.34:15084|client:10.1.0.34:15083|dataStream:10.1.0.34:15086|priority:0|startupRole:FOLLOWER, 6aca8935-1d6c-4d3a-a292-fe52e1537be9|rpc:10.1.0.34:15067|admin:10.1.0.34:15066|client:10.1.0.34:15065|dataStream:10.1.0.34:15068|priority:1|startupRole:FOLLOWER]|listeners:[], old=null
2023-09-28 12:57:34,292 [7cfd9c5f-6b01-4921-8aee-b720897a5c16@group-3F43FFF779B4-LeaderElection13] INFO  impl.LeaderElection (LeaderElection.java:askForVotes(321)) - 7cfd9c5f-6b01-4921-8aee-b720897a5c16@group-3F43FFF779B4-LeaderElection13 PRE_VOTE round 0: submit vote requests at term 0 for -1: peers:[7cfd9c5f-6b01-4921-8aee-b720897a5c16|rpc:10.1.0.34:15076|admin:10.1.0.34:15075|client:10.1.0.34:15074|dataStream:10.1.0.34:15077|priority:0|startupRole:FOLLOWER, 0f9fbc80-e5a1-4c69-bc7e-bbf3cec1ed51|rpc:10.1.0.34:15085|admin:10.1.0.34:15084|client:10.1.0.34:15083|dataStream:10.1.0.34:15086|priority:0|startupRole:FOLLOWER, 6aca8935-1d6c-4d3a-a292-fe52e1537be9|rpc:10.1.0.34:15067|admin:10.1.0.34:15066|client:10.1.0.34:15065|dataStream:10.1.0.34:15068|priority:1|startupRole:FOLLOWER]|listeners:[], old=null
2023-09-28 12:57:34,292 [main] INFO  ozone.MiniOzoneClusterImpl (MiniOzoneClusterImpl.java:lambda$waitForClusterToBeReady$0(229)) - Nodes are ready. Got 5 of 5 DN Heartbeats.
2023-09-28 12:57:34,292 [main] INFO  ozone.MiniOzoneClusterImpl (MiniOzoneClusterImpl.java:lambda$waitForClusterToBeReady$0(232)) - Cluster exits safe mode
2023-09-28 12:57:34,292 [main] INFO  ozone.MiniOzoneClusterImpl (MiniOzoneClusterImpl.java:lambda$waitForClusterToBeReady$0(234)) - SCM became leader
2023-09-28 12:57:34,293 [7cfd9c5f-6b01-4921-8aee-b720897a5c16@group-3F43FFF779B4-LeaderElection13] INFO  server.RaftServerConfigKeys (ConfUtils.java:logFallback(53)) - raft.server.rpc.first-election.timeout.min = 5s (fallback to raft.server.rpc.timeout.min)
2023-09-28 12:57:34,293 [7cfd9c5f-6b01-4921-8aee-b720897a5c16@group-3F43FFF779B4-LeaderElection13] INFO  server.RaftServerConfigKeys (ConfUtils.java:logFallback(53)) - raft.server.rpc.first-election.timeout.max = 5200ms (fallback to raft.server.rpc.timeout.max)
2023-09-28 12:57:34,298 [6aca8935-1d6c-4d3a-a292-fe52e1537be9@group-3F43FFF779B4-LeaderElection12] INFO  impl.LeaderElection (LeaderElection.java:askForVotes(321)) - 6aca8935-1d6c-4d3a-a292-fe52e1537be9@group-3F43FFF779B4-LeaderElection12 ELECTION round 0: submit vote requests at term 1 for -1: peers:[7cfd9c5f-6b01-4921-8aee-b720897a5c16|rpc:10.1.0.34:15076|admin:10.1.0.34:15075|client:10.1.0.34:15074|dataStream:10.1.0.34:15077|priority:0|startupRole:FOLLOWER, 0f9fbc80-e5a1-4c69-bc7e-bbf3cec1ed51|rpc:10.1.0.34:15085|admin:10.1.0.34:15084|client:10.1.0.34:15083|dataStream:10.1.0.34:15086|priority:0|startupRole:FOLLOWER, 6aca8935-1d6c-4d3a-a292-fe52e1537be9|rpc:10.1.0.34:15067|admin:10.1.0.34:15066|client:10.1.0.34:15065|dataStream:10.1.0.34:15068|priority:1|startupRole:FOLLOWER]|listeners:[], old=null
2023-09-28 12:57:34,303 [6aca8935-1d6c-4d3a-a292-fe52e1537be9@group-3F43FFF779B4-LeaderElection12] INFO  server.RaftServerConfigKeys (ConfUtils.java:logFallback(53)) - raft.server.rpc.first-election.timeout.min = 5s (fallback to raft.server.rpc.timeout.min)
2023-09-28 12:57:34,303 [grpc-default-executor-1] INFO  server.RaftServer$Division (RaftServerImpl.java:requestVote(1302)) - 0f9fbc80-e5a1-4c69-bc7e-bbf3cec1ed51@group-3F43FFF779B4: receive requestVote(PRE_VOTE, 7cfd9c5f-6b01-4921-8aee-b720897a5c16, group-3F43FFF779B4, 0, (t:0, i:0))
2023-09-28 12:57:34,303 [6aca8935-1d6c-4d3a-a292-fe52e1537be9@group-3F43FFF779B4-LeaderElection12] INFO  server.RaftServerConfigKeys (ConfUtils.java:logFallback(53)) - raft.server.rpc.first-election.timeout.max = 5200ms (fallback to raft.server.rpc.timeout.max)
2023-09-28 12:57:34,304 [grpc-default-executor-2] INFO  server.RaftServer$Division (RaftServerImpl.java:requestVote(1302)) - 6aca8935-1d6c-4d3a-a292-fe52e1537be9@group-3F43FFF779B4: receive requestVote(PRE_VOTE, 7cfd9c5f-6b01-4921-8aee-b720897a5c16, group-3F43FFF779B4, 0, (t:0, i:0))
2023-09-28 12:57:34,305 [grpc-default-executor-2] INFO  impl.VoteContext (VoteContext.java:log(49)) - 6aca8935-1d6c-4d3a-a292-fe52e1537be9@group-3F43FFF779B4-CANDIDATE: reject PRE_VOTE from 7cfd9c5f-6b01-4921-8aee-b720897a5c16: our priority 1 > candidate's priority 0
2023-09-28 12:57:34,305 [grpc-default-executor-2] INFO  server.RaftServer$Division (RaftServerImpl.java:requestVote(1335)) - 6aca8935-1d6c-4d3a-a292-fe52e1537be9@group-3F43FFF779B4 replies to PRE_VOTE vote request: 7cfd9c5f-6b01-4921-8aee-b720897a5c16<-6aca8935-1d6c-4d3a-a292-fe52e1537be9#0:FAIL-t1. Peer's state: 6aca8935-1d6c-4d3a-a292-fe52e1537be9@group-3F43FFF779B4:t1, leader=null, voted=6aca8935-1d6c-4d3a-a292-fe52e1537be9, raftlog=Memoized:6aca8935-1d6c-4d3a-a292-fe52e1537be9@group-3F43FFF779B4-SegmentedRaftLog:OPENED:c-1, conf=-1: peers:[7cfd9c5f-6b01-4921-8aee-b720897a5c16|rpc:10.1.0.34:15076|admin:10.1.0.34:15075|client:10.1.0.34:15074|dataStream:10.1.0.34:15077|priority:0|startupRole:FOLLOWER, 0f9fbc80-e5a1-4c69-bc7e-bbf3cec1ed51|rpc:10.1.0.34:15085|admin:10.1.0.34:15084|client:10.1.0.34:15083|dataStream:10.1.0.34:15086|priority:0|startupRole:FOLLOWER, 6aca8935-1d6c-4d3a-a292-fe52e1537be9|rpc:10.1.0.34:15067|admin:10.1.0.34:15066|client:10.1.0.34:15065|dataStream:10.1.0.34:15068|priority:1|startupRole:FOLLOWER]|listeners:[], old=null
2023-09-28 12:57:34,310 [grpc-default-executor-1] INFO  impl.VoteContext (VoteContext.java:log(49)) - 0f9fbc80-e5a1-4c69-bc7e-bbf3cec1ed51@group-3F43FFF779B4-FOLLOWER: accept PRE_VOTE from 7cfd9c5f-6b01-4921-8aee-b720897a5c16: our priority 0 <= candidate's priority 0
2023-09-28 12:57:34,310 [grpc-default-executor-1] INFO  server.RaftServer$Division (RaftServerImpl.java:requestVote(1335)) - 0f9fbc80-e5a1-4c69-bc7e-bbf3cec1ed51@group-3F43FFF779B4 replies to PRE_VOTE vote request: 7cfd9c5f-6b01-4921-8aee-b720897a5c16<-0f9fbc80-e5a1-4c69-bc7e-bbf3cec1ed51#0:OK-t0. Peer's state: 0f9fbc80-e5a1-4c69-bc7e-bbf3cec1ed51@group-3F43FFF779B4:t0, leader=null, voted=, raftlog=Memoized:0f9fbc80-e5a1-4c69-bc7e-bbf3cec1ed51@group-3F43FFF779B4-SegmentedRaftLog:OPENED:c-1, conf=-1: peers:[7cfd9c5f-6b01-4921-8aee-b720897a5c16|rpc:10.1.0.34:15076|admin:10.1.0.34:15075|client:10.1.0.34:15074|dataStream:10.1.0.34:15077|priority:0|startupRole:FOLLOWER, 0f9fbc80-e5a1-4c69-bc7e-bbf3cec1ed51|rpc:10.1.0.34:15085|admin:10.1.0.34:15084|client:10.1.0.34:15083|dataStream:10.1.0.34:15086|priority:0|startupRole:FOLLOWER, 6aca8935-1d6c-4d3a-a292-fe52e1537be9|rpc:10.1.0.34:15067|admin:10.1.0.34:15066|client:10.1.0.34:15065|dataStream:10.1.0.34:15068|priority:1|startupRole:FOLLOWER]|listeners:[], old=null
2023-09-28 12:57:34,315 [grpc-default-executor-0] INFO  server.RaftServer$Division (RaftServerImpl.java:requestVote(1302)) - 7cfd9c5f-6b01-4921-8aee-b720897a5c16@group-3F43FFF779B4: receive requestVote(ELECTION, 6aca8935-1d6c-4d3a-a292-fe52e1537be9, group-3F43FFF779B4, 1, (t:0, i:0))
2023-09-28 12:57:34,316 [grpc-default-executor-0] INFO  impl.VoteContext (VoteContext.java:log(49)) - 7cfd9c5f-6b01-4921-8aee-b720897a5c16@group-3F43FFF779B4-CANDIDATE: accept ELECTION from 6aca8935-1d6c-4d3a-a292-fe52e1537be9: our priority 0 <= candidate's priority 1
2023-09-28 12:57:34,316 [grpc-default-executor-0] INFO  server.RaftServer$Division (RaftServerImpl.java:setRole(329)) - 7cfd9c5f-6b01-4921-8aee-b720897a5c16@group-3F43FFF779B4: changes role from CANDIDATE to FOLLOWER at term 1 for candidate:6aca8935-1d6c-4d3a-a292-fe52e1537be9
2023-09-28 12:57:34,316 [grpc-default-executor-0] INFO  impl.RoleInfo (RoleInfo.java:shutdownLeaderElection(130)) - 7cfd9c5f-6b01-4921-8aee-b720897a5c16: shutdown 7cfd9c5f-6b01-4921-8aee-b720897a5c16@group-3F43FFF779B4-LeaderElection13
2023-09-28 12:57:34,316 [grpc-default-executor-0] INFO  impl.RoleInfo (RoleInfo.java:updateAndGet(139)) - 7cfd9c5f-6b01-4921-8aee-b720897a5c16: start 7cfd9c5f-6b01-4921-8aee-b720897a5c16@group-3F43FFF779B4-FollowerState
2023-09-28 12:57:34,316 [grpc-default-executor-2] INFO  server.RaftServer$Division (RaftServerImpl.java:requestVote(1302)) - 0f9fbc80-e5a1-4c69-bc7e-bbf3cec1ed51@group-3F43FFF779B4: receive requestVote(ELECTION, 6aca8935-1d6c-4d3a-a292-fe52e1537be9, group-3F43FFF779B4, 1, (t:0, i:0))
2023-09-28 12:57:34,316 [grpc-default-executor-2] INFO  impl.VoteContext (VoteContext.java:log(49)) - 0f9fbc80-e5a1-4c69-bc7e-bbf3cec1ed51@group-3F43FFF779B4-FOLLOWER: accept ELECTION from 6aca8935-1d6c-4d3a-a292-fe52e1537be9: our priority 0 <= candidate's priority 1
2023-09-28 12:57:34,316 [grpc-default-executor-2] INFO  server.RaftServer$Division (RaftServerImpl.java:setRole(329)) - 0f9fbc80-e5a1-4c69-bc7e-bbf3cec1ed51@group-3F43FFF779B4: changes role from  FOLLOWER to FOLLOWER at term 1 for candidate:6aca8935-1d6c-4d3a-a292-fe52e1537be9
2023-09-28 12:57:34,316 [grpc-default-executor-2] INFO  impl.RoleInfo (RoleInfo.java:shutdownFollowerState(110)) - 0f9fbc80-e5a1-4c69-bc7e-bbf3cec1ed51: shutdown 0f9fbc80-e5a1-4c69-bc7e-bbf3cec1ed51@group-3F43FFF779B4-FollowerState
2023-09-28 12:57:34,317 [7cfd9c5f-6b01-4921-8aee-b720897a5c16@group-3F43FFF779B4-LeaderElection13] INFO  impl.LeaderElection (LeaderElection.java:logAndReturn(90)) - 7cfd9c5f-6b01-4921-8aee-b720897a5c16@group-3F43FFF779B4-LeaderElection13: PRE_VOTE DISCOVERED_A_NEW_TERM (term=1) received 2 response(s) and 0 exception(s):
2023-09-28 12:57:34,317 [7cfd9c5f-6b01-4921-8aee-b720897a5c16@group-3F43FFF779B4-LeaderElection13] INFO  impl.LeaderElection (LeaderElection.java:logAndReturn(94)) -   Response 0: 7cfd9c5f-6b01-4921-8aee-b720897a5c16<-0f9fbc80-e5a1-4c69-bc7e-bbf3cec1ed51#0:OK-t0
2023-09-28 12:57:34,317 [7cfd9c5f-6b01-4921-8aee-b720897a5c16@group-3F43FFF779B4-LeaderElection13] INFO  impl.LeaderElection (LeaderElection.java:logAndReturn(94)) -   Response 1: 7cfd9c5f-6b01-4921-8aee-b720897a5c16<-6aca8935-1d6c-4d3a-a292-fe52e1537be9#0:FAIL-t1
2023-09-28 12:57:34,317 [7cfd9c5f-6b01-4921-8aee-b720897a5c16@group-3F43FFF779B4-LeaderElection13] INFO  impl.LeaderElection (LeaderElection.java:askForVotes(323)) - 7cfd9c5f-6b01-4921-8aee-b720897a5c16@group-3F43FFF779B4-LeaderElection13 PRE_VOTE round 0: result DISCOVERED_A_NEW_TERM (term=1)
2023-09-28 12:57:34,317 [grpc-default-executor-2] INFO  impl.RoleInfo (RoleInfo.java:updateAndGet(139)) - 0f9fbc80-e5a1-4c69-bc7e-bbf3cec1ed51: start 0f9fbc80-e5a1-4c69-bc7e-bbf3cec1ed51@group-3F43FFF779B4-FollowerState
2023-09-28 12:57:34,318 [0f9fbc80-e5a1-4c69-bc7e-bbf3cec1ed51@group-3F43FFF779B4-FollowerState] INFO  impl.FollowerState (FollowerState.java:run(152)) - 0f9fbc80-e5a1-4c69-bc7e-bbf3cec1ed51@group-3F43FFF779B4-FollowerState was interrupted
2023-09-28 12:57:34,320 [grpc-default-executor-0] INFO  server.RaftServer$Division (RaftServerImpl.java:requestVote(1335)) - 7cfd9c5f-6b01-4921-8aee-b720897a5c16@group-3F43FFF779B4 replies to ELECTION vote request: 6aca8935-1d6c-4d3a-a292-fe52e1537be9<-7cfd9c5f-6b01-4921-8aee-b720897a5c16#0:OK-t1. Peer's state: 7cfd9c5f-6b01-4921-8aee-b720897a5c16@group-3F43FFF779B4:t1, leader=null, voted=6aca8935-1d6c-4d3a-a292-fe52e1537be9, raftlog=Memoized:7cfd9c5f-6b01-4921-8aee-b720897a5c16@group-3F43FFF779B4-SegmentedRaftLog:OPENED:c-1, conf=-1: peers:[7cfd9c5f-6b01-4921-8aee-b720897a5c16|rpc:10.1.0.34:15076|admin:10.1.0.34:15075|client:10.1.0.34:15074|dataStream:10.1.0.34:15077|priority:0|startupRole:FOLLOWER, 0f9fbc80-e5a1-4c69-bc7e-bbf3cec1ed51|rpc:10.1.0.34:15085|admin:10.1.0.34:15084|client:10.1.0.34:15083|dataStream:10.1.0.34:15086|priority:0|startupRole:FOLLOWER, 6aca8935-1d6c-4d3a-a292-fe52e1537be9|rpc:10.1.0.34:15067|admin:10.1.0.34:15066|client:10.1.0.34:15065|dataStream:10.1.0.34:15068|priority:1|startupRole:FOLLOWER]|listeners:[], old=null
2023-09-28 12:57:34,320 [grpc-default-executor-2] INFO  server.RaftServer$Division (RaftServerImpl.java:requestVote(1335)) - 0f9fbc80-e5a1-4c69-bc7e-bbf3cec1ed51@group-3F43FFF779B4 replies to ELECTION vote request: 6aca8935-1d6c-4d3a-a292-fe52e1537be9<-0f9fbc80-e5a1-4c69-bc7e-bbf3cec1ed51#0:OK-t1. Peer's state: 0f9fbc80-e5a1-4c69-bc7e-bbf3cec1ed51@group-3F43FFF779B4:t1, leader=null, voted=6aca8935-1d6c-4d3a-a292-fe52e1537be9, raftlog=Memoized:0f9fbc80-e5a1-4c69-bc7e-bbf3cec1ed51@group-3F43FFF779B4-SegmentedRaftLog:OPENED:c-1, conf=-1: peers:[7cfd9c5f-6b01-4921-8aee-b720897a5c16|rpc:10.1.0.34:15076|admin:10.1.0.34:15075|client:10.1.0.34:15074|dataStream:10.1.0.34:15077|priority:0|startupRole:FOLLOWER, 0f9fbc80-e5a1-4c69-bc7e-bbf3cec1ed51|rpc:10.1.0.34:15085|admin:10.1.0.34:15084|client:10.1.0.34:15083|dataStream:10.1.0.34:15086|priority:0|startupRole:FOLLOWER, 6aca8935-1d6c-4d3a-a292-fe52e1537be9|rpc:10.1.0.34:15067|admin:10.1.0.34:15066|client:10.1.0.34:15065|dataStream:10.1.0.34:15068|priority:1|startupRole:FOLLOWER]|listeners:[], old=null
2023-09-28 12:57:34,322 [6aca8935-1d6c-4d3a-a292-fe52e1537be9@group-3F43FFF779B4-LeaderElection12] INFO  impl.LeaderElection (LeaderElection.java:logAndReturn(90)) - 6aca8935-1d6c-4d3a-a292-fe52e1537be9@group-3F43FFF779B4-LeaderElection12: ELECTION PASSED received 1 response(s) and 0 exception(s):
2023-09-28 12:57:34,322 [6aca8935-1d6c-4d3a-a292-fe52e1537be9@group-3F43FFF779B4-LeaderElection12] INFO  impl.LeaderElection (LeaderElection.java:logAndReturn(94)) -   Response 0: 6aca8935-1d6c-4d3a-a292-fe52e1537be9<-0f9fbc80-e5a1-4c69-bc7e-bbf3cec1ed51#0:OK-t1
2023-09-28 12:57:34,322 [6aca8935-1d6c-4d3a-a292-fe52e1537be9@group-3F43FFF779B4-LeaderElection12] INFO  impl.LeaderElection (LeaderElection.java:askForVotes(323)) - 6aca8935-1d6c-4d3a-a292-fe52e1537be9@group-3F43FFF779B4-LeaderElection12 ELECTION round 0: result PASSED
2023-09-28 12:57:34,322 [6aca8935-1d6c-4d3a-a292-fe52e1537be9@group-3F43FFF779B4-LeaderElection12] INFO  impl.RoleInfo (RoleInfo.java:shutdownLeaderElection(130)) - 6aca8935-1d6c-4d3a-a292-fe52e1537be9: shutdown 6aca8935-1d6c-4d3a-a292-fe52e1537be9@group-3F43FFF779B4-LeaderElection12
2023-09-28 12:57:34,322 [6aca8935-1d6c-4d3a-a292-fe52e1537be9@group-3F43FFF779B4-LeaderElection12] INFO  server.RaftServer$Division (RaftServerImpl.java:setRole(329)) - 6aca8935-1d6c-4d3a-a292-fe52e1537be9@group-3F43FFF779B4: changes role from CANDIDATE to LEADER at term 1 for changeToLeader
2023-09-28 12:57:34,322 [6aca8935-1d6c-4d3a-a292-fe52e1537be9@group-3F43FFF779B4-LeaderElection12] INFO  ratis.XceiverServerRatis (XceiverServerRatis.java:handleLeaderChangedNotification(902)) - Leader change notification received for group: group-3F43FFF779B4 with new leaderId: 6aca8935-1d6c-4d3a-a292-fe52e1537be9
2023-09-28 12:57:34,322 [6aca8935-1d6c-4d3a-a292-fe52e1537be9@group-3F43FFF779B4-LeaderElection12] INFO  server.RaftServer$Division (ServerState.java:setLeader(317)) - 6aca8935-1d6c-4d3a-a292-fe52e1537be9@group-3F43FFF779B4: change Leader from null to 6aca8935-1d6c-4d3a-a292-fe52e1537be9 at term 1 for becomeLeader, leader elected after 5223ms
2023-09-28 12:57:34,322 [6aca8935-1d6c-4d3a-a292-fe52e1537be9@group-3F43FFF779B4-LeaderElection12] INFO  server.RaftServerConfigKeys (ConfUtils.java:logGet(46)) - raft.server.staging.catchup.gap = 1000 (default)
2023-09-28 12:57:34,323 [6aca8935-1d6c-4d3a-a292-fe52e1537be9@group-3F43FFF779B4-LeaderElection12] INFO  server.RaftServerConfigKeys (ConfUtils.java:logGet(46)) - raft.server.write.element-limit = 1024 (custom)
2023-09-28 12:57:34,323 [6aca8935-1d6c-4d3a-a292-fe52e1537be9@group-3F43FFF779B4-LeaderElection12] INFO  server.RaftServerConfigKeys (ConfUtils.java:logGet(46)) - raft.server.write.byte-limit = 1024 M (=1073741824) (custom)
2023-09-28 12:57:34,323 [6aca8935-1d6c-4d3a-a292-fe52e1537be9@group-3F43FFF779B4-LeaderElection12] INFO  server.RaftServerConfigKeys (ConfUtils.java:logGet(46)) - raft.server.watch.timeout = 180s (custom)
2023-09-28 12:57:34,323 [6aca8935-1d6c-4d3a-a292-fe52e1537be9@group-3F43FFF779B4-LeaderElection12] INFO  server.RaftServerConfigKeys (ConfUtils.java:logGet(46)) - raft.server.watch.timeout.denomination = 1s (default)
2023-09-28 12:57:34,323 [6aca8935-1d6c-4d3a-a292-fe52e1537be9@group-3F43FFF779B4-LeaderElection12] INFO  server.RaftServerConfigKeys (ConfUtils.java:logGet(46)) - raft.server.watch.element-limit = 65536 (default)
2023-09-28 12:57:34,323 [6aca8935-1d6c-4d3a-a292-fe52e1537be9@group-3F43FFF779B4-LeaderElection12] INFO  server.RaftServerConfigKeys (ConfUtils.java:logGet(46)) - raft.server.write.element-limit = 1024 (custom)
2023-09-28 12:57:34,323 [6aca8935-1d6c-4d3a-a292-fe52e1537be9@group-3F43FFF779B4-LeaderElection12] INFO  server.RaftServerConfigKeys (ConfUtils.java:logGet(46)) - raft.server.write.follower.gap.ratio.max = -1.0 (default)
2023-09-28 12:57:34,324 [6aca8935-1d6c-4d3a-a292-fe52e1537be9@group-3F43FFF779B4-LeaderElection12] INFO  server.RaftServerConfigKeys (ConfUtils.java:logGet(46)) - raft.server.log.appender.snapshot.chunk.size.max = 16MB (=16777216) (default)
2023-09-28 12:57:34,324 [6aca8935-1d6c-4d3a-a292-fe52e1537be9@group-3F43FFF779B4-LeaderElection12] INFO  server.RaftServerConfigKeys (ConfUtils.java:logGet(46)) - raft.server.log.appender.buffer.byte-limit = 33554432 (custom)
2023-09-28 12:57:34,324 [6aca8935-1d6c-4d3a-a292-fe52e1537be9@group-3F43FFF779B4-LeaderElection12] INFO  server.RaftServerConfigKeys (ConfUtils.java:logGet(46)) - raft.server.log.appender.buffer.element-limit = 1 (custom)
2023-09-28 12:57:34,324 [6aca8935-1d6c-4d3a-a292-fe52e1537be9@group-3F43FFF779B4-LeaderElection12] INFO  server.RaftServerConfigKeys (ConfUtils.java:logGet(46)) - raft.server.log.appender.wait-time.min = 10ms (default)
2023-09-28 12:57:34,324 [6aca8935-1d6c-4d3a-a292-fe52e1537be9@group-3F43FFF779B4-LeaderElection12] INFO  grpc.GrpcConfigKeys (ConfUtils.java:logGet(46)) - raft.grpc.server.leader.outstanding.appends.max = 128 (default)
2023-09-28 12:57:34,324 [6aca8935-1d6c-4d3a-a292-fe52e1537be9@group-3F43FFF779B4-LeaderElection12] INFO  server.RaftServerConfigKeys (ConfUtils.java:logGet(46)) - raft.server.rpc.request.timeout = 60s (custom)
2023-09-28 12:57:34,324 [6aca8935-1d6c-4d3a-a292-fe52e1537be9@group-3F43FFF779B4-LeaderElection12] INFO  grpc.GrpcConfigKeys (ConfUtils.java:logGet(46)) - raft.grpc.server.install_snapshot.request.element-limit = 8 (default)
2023-09-28 12:57:34,324 [6aca8935-1d6c-4d3a-a292-fe52e1537be9@group-3F43FFF779B4-LeaderElection12] INFO  grpc.GrpcConfigKeys (ConfUtils.java:logGet(46)) - raft.grpc.server.install_snapshot.request.timeout = 3000ms (default)
2023-09-28 12:57:34,324 [6aca8935-1d6c-4d3a-a292-fe52e1537be9@group-3F43FFF779B4-LeaderElection12] INFO  server.RaftServerConfigKeys (ConfUtils.java:logGet(46)) - raft.server.log.appender.install.snapshot.enabled = false (custom)
2023-09-28 12:57:34,324 [6aca8935-1d6c-4d3a-a292-fe52e1537be9@group-3F43FFF779B4-LeaderElection12] INFO  grpc.GrpcConfigKeys (ConfUtils.java:logGet(46)) - raft.grpc.server.heartbeat.channel = true (default)
2023-09-28 12:57:34,325 [6aca8935-1d6c-4d3a-a292-fe52e1537be9@group-3F43FFF779B4-LeaderElection12] INFO  server.RaftServerConfigKeys (ConfUtils.java:logGet(46)) - raft.server.log.appender.snapshot.chunk.size.max = 16MB (=16777216) (default)
2023-09-28 12:57:34,325 [6aca8935-1d6c-4d3a-a292-fe52e1537be9@group-3F43FFF779B4-LeaderElection12] INFO  server.RaftServerConfigKeys (ConfUtils.java:logGet(46)) - raft.server.log.appender.buffer.byte-limit = 33554432 (custom)
2023-09-28 12:57:34,325 [6aca8935-1d6c-4d3a-a292-fe52e1537be9@group-3F43FFF779B4-LeaderElection12] INFO  server.RaftServerConfigKeys (ConfUtils.java:logGet(46)) - raft.server.log.appender.buffer.element-limit = 1 (custom)
2023-09-28 12:57:34,325 [6aca8935-1d6c-4d3a-a292-fe52e1537be9@group-3F43FFF779B4-LeaderElection12] INFO  server.RaftServerConfigKeys (ConfUtils.java:logGet(46)) - raft.server.log.appender.wait-time.min = 10ms (default)
2023-09-28 12:57:34,325 [6aca8935-1d6c-4d3a-a292-fe52e1537be9@group-3F43FFF779B4-LeaderElection12] INFO  grpc.GrpcConfigKeys (ConfUtils.java:logGet(46)) - raft.grpc.server.leader.outstanding.appends.max = 128 (default)
2023-09-28 12:57:34,325 [6aca8935-1d6c-4d3a-a292-fe52e1537be9@group-3F43FFF779B4-LeaderElection12] INFO  server.RaftServerConfigKeys (ConfUtils.java:logGet(46)) - raft.server.rpc.request.timeout = 60s (custom)
2023-09-28 12:57:34,325 [6aca8935-1d6c-4d3a-a292-fe52e1537be9@group-3F43FFF779B4-LeaderElection12] INFO  grpc.GrpcConfigKeys (ConfUtils.java:logGet(46)) - raft.grpc.server.install_snapshot.request.element-limit = 8 (default)
2023-09-28 12:57:34,325 [6aca8935-1d6c-4d3a-a292-fe52e1537be9@group-3F43FFF779B4-LeaderElection12] INFO  grpc.GrpcConfigKeys (ConfUtils.java:logGet(46)) - raft.grpc.server.install_snapshot.request.timeout = 3000ms (default)
2023-09-28 12:57:34,325 [6aca8935-1d6c-4d3a-a292-fe52e1537be9@group-3F43FFF779B4-LeaderElection12] INFO  server.RaftServerConfigKeys (ConfUtils.java:logGet(46)) - raft.server.log.appender.install.snapshot.enabled = false (custom)
2023-09-28 12:57:34,325 [6aca8935-1d6c-4d3a-a292-fe52e1537be9@group-3F43FFF779B4-LeaderElection12] INFO  grpc.GrpcConfigKeys (ConfUtils.java:logGet(46)) - raft.grpc.server.heartbeat.channel = true (default)
2023-09-28 12:57:34,325 [6aca8935-1d6c-4d3a-a292-fe52e1537be9@group-3F43FFF779B4-LeaderElection12] INFO  impl.RoleInfo (RoleInfo.java:updateAndGet(139)) - 6aca8935-1d6c-4d3a-a292-fe52e1537be9: start 6aca8935-1d6c-4d3a-a292-fe52e1537be9@group-3F43FFF779B4-LeaderStateImpl
2023-09-28 12:57:34,326 [6aca8935-1d6c-4d3a-a292-fe52e1537be9@group-3F43FFF779B4-LeaderElection12] INFO  segmented.SegmentedRaftLogWorker (SegmentedRaftLogWorker.java:startLogSegment(447)) - 6aca8935-1d6c-4d3a-a292-fe52e1537be9@group-3F43FFF779B4-SegmentedRaftLogWorker: Starting segment from index:0
2023-09-28 12:57:34,327 [6aca8935-1d6c-4d3a-a292-fe52e1537be9@group-3F43FFF779B4-SegmentedRaftLogWorker] INFO  segmented.SegmentedRaftLogWorker (SegmentedRaftLogWorker.java:execute(651)) - 6aca8935-1d6c-4d3a-a292-fe52e1537be9@group-3F43FFF779B4-SegmentedRaftLogWorker: created new log segment /home/runner/work/ozone/ozone/hadoop-ozone/integration-test/target/test-dir/MiniOzoneClusterImpl-e5738b5b-ff1d-4187-9339-882699725c5e/datanode-0/data/ratis/5e50b054-075a-4fbd-94d2-3f43fff779b4/current/log_inprogress_0
2023-09-28 12:57:34,328 [EventQueue-PipelineReportForPipelineReportHandler] INFO  pipeline.PipelineReportHandler (PipelineReportHandler.java:processPipelineReport(136)) - Opened pipeline PipelineID=5e50b054-075a-4fbd-94d2-3f43fff779b4
2023-09-28 12:57:34,332 [7cfd9c5f-6b01-4921-8aee-b720897a5c16@group-E9E6AC06DEC0-FollowerState] INFO  impl.FollowerState (FollowerState.java:run(143)) - 7cfd9c5f-6b01-4921-8aee-b720897a5c16@group-E9E6AC06DEC0-FollowerState: change to CANDIDATE, lastRpcElapsedTime:5012862050ns, electionTimeout:5003ms
2023-09-28 12:57:34,332 [7cfd9c5f-6b01-4921-8aee-b720897a5c16@group-E9E6AC06DEC0-FollowerState] INFO  impl.RoleInfo (RoleInfo.java:shutdownFollowerState(110)) - 7cfd9c5f-6b01-4921-8aee-b720897a5c16: shutdown 7cfd9c5f-6b01-4921-8aee-b720897a5c16@group-E9E6AC06DEC0-FollowerState
2023-09-28 12:57:34,332 [7cfd9c5f-6b01-4921-8aee-b720897a5c16@group-E9E6AC06DEC0-FollowerState] INFO  server.RaftServer$Division (RaftServerImpl.java:setRole(329)) - 7cfd9c5f-6b01-4921-8aee-b720897a5c16@group-E9E6AC06DEC0: changes role from  FOLLOWER to CANDIDATE at term 0 for changeToCandidate
2023-09-28 12:57:34,342 [7cfd9c5f-6b01-4921-8aee-b720897a5c16@group-E9E6AC06DEC0-FollowerState] INFO  server.RaftServerConfigKeys (ConfUtils.java:logGet(46)) - raft.server.leaderelection.pre-vote = true (default)
2023-09-28 12:57:34,342 [7cfd9c5f-6b01-4921-8aee-b720897a5c16@group-E9E6AC06DEC0-FollowerState] INFO  impl.RoleInfo (RoleInfo.java:updateAndGet(139)) - 7cfd9c5f-6b01-4921-8aee-b720897a5c16: start 7cfd9c5f-6b01-4921-8aee-b720897a5c16@group-E9E6AC06DEC0-LeaderElection14
2023-09-28 12:57:34,343 [7cfd9c5f-6b01-4921-8aee-b720897a5c16-server-thread1] INFO  ratis.XceiverServerRatis (XceiverServerRatis.java:handleLeaderChangedNotification(902)) - Leader change notification received for group: group-3F43FFF779B4 with new leaderId: 6aca8935-1d6c-4d3a-a292-fe52e1537be9
2023-09-28 12:57:34,343 [7cfd9c5f-6b01-4921-8aee-b720897a5c16-server-thread1] INFO  server.RaftServer$Division (ServerState.java:setLeader(317)) - 7cfd9c5f-6b01-4921-8aee-b720897a5c16@group-3F43FFF779B4: change Leader from null to 6aca8935-1d6c-4d3a-a292-fe52e1537be9 at term 1 for appendEntries, leader elected after 5206ms
2023-09-28 12:57:34,343 [6aca8935-1d6c-4d3a-a292-fe52e1537be9@group-3F43FFF779B4-LeaderElection12] INFO  server.RaftServer$Division (ServerState.java:setRaftConf(434)) - 6aca8935-1d6c-4d3a-a292-fe52e1537be9@group-3F43FFF779B4: set configuration 0: peers:[7cfd9c5f-6b01-4921-8aee-b720897a5c16|rpc:10.1.0.34:15076|admin:10.1.0.34:15075|client:10.1.0.34:15074|dataStream:10.1.0.34:15077|priority:0|startupRole:FOLLOWER, 0f9fbc80-e5a1-4c69-bc7e-bbf3cec1ed51|rpc:10.1.0.34:15085|admin:10.1.0.34:15084|client:10.1.0.34:15083|dataStream:10.1.0.34:15086|priority:0|startupRole:FOLLOWER, 6aca8935-1d6c-4d3a-a292-fe52e1537be9|rpc:10.1.0.34:15067|admin:10.1.0.34:15066|client:10.1.0.34:15065|dataStream:10.1.0.34:15068|priority:1|startupRole:FOLLOWER]|listeners:[], old=null
2023-09-28 12:57:34,345 [7cfd9c5f-6b01-4921-8aee-b720897a5c16-server-thread3] INFO  server.RaftServer$Division (ServerState.java:setRaftConf(434)) - 7cfd9c5f-6b01-4921-8aee-b720897a5c16@group-3F43FFF779B4: set configuration 0: peers:[7cfd9c5f-6b01-4921-8aee-b720897a5c16|rpc:10.1.0.34:15076|admin:10.1.0.34:15075|client:10.1.0.34:15074|dataStream:10.1.0.34:15077|priority:0|startupRole:FOLLOWER, 0f9fbc80-e5a1-4c69-bc7e-bbf3cec1ed51|rpc:10.1.0.34:15085|admin:10.1.0.34:15084|client:10.1.0.34:15083|dataStream:10.1.0.34:15086|priority:0|startupRole:FOLLOWER, 6aca8935-1d6c-4d3a-a292-fe52e1537be9|rpc:10.1.0.34:15067|admin:10.1.0.34:15066|client:10.1.0.34:15065|dataStream:10.1.0.34:15068|priority:1|startupRole:FOLLOWER]|listeners:[], old=null
2023-09-28 12:57:34,345 [7cfd9c5f-6b01-4921-8aee-b720897a5c16-server-thread3] INFO  segmented.SegmentedRaftLogWorker (SegmentedRaftLogWorker.java:startLogSegment(447)) - 7cfd9c5f-6b01-4921-8aee-b720897a5c16@group-3F43FFF779B4-SegmentedRaftLogWorker: Starting segment from index:0
2023-09-28 12:57:34,354 [main] INFO  rpc.RpcClient (RpcClient.java:createVolume(462)) - Creating Volume: volume37469, with user47169 as owner and space quota set to -1 bytes, counts quota set to -1
2023-09-28 12:57:34,358 [7cfd9c5f-6b01-4921-8aee-b720897a5c16@group-3F43FFF779B4-SegmentedRaftLogWorker] INFO  segmented.SegmentedRaftLogWorker (SegmentedRaftLogWorker.java:execute(651)) - 7cfd9c5f-6b01-4921-8aee-b720897a5c16@group-3F43FFF779B4-SegmentedRaftLogWorker: created new log segment /home/runner/work/ozone/ozone/hadoop-ozone/integration-test/target/test-dir/MiniOzoneClusterImpl-e5738b5b-ff1d-4187-9339-882699725c5e/datanode-1/data/ratis/5e50b054-075a-4fbd-94d2-3f43fff779b4/current/log_inprogress_0
2023-09-28 12:57:34,360 [IPC Server handler 1 on default port 15057] INFO  volume.OMVolumeCreateRequest (OMVolumeCreateRequest.java:validateAndUpdateCache(196)) - created volume:volume37469 for user:user47169
2023-09-28 12:57:34,366 [7cfd9c5f-6b01-4921-8aee-b720897a5c16@group-E9E6AC06DEC0-LeaderElection14] INFO  impl.LeaderElection (LeaderElection.java:askForVotes(321)) - 7cfd9c5f-6b01-4921-8aee-b720897a5c16@group-E9E6AC06DEC0-LeaderElection14 PRE_VOTE round 0: submit vote requests at term 0 for -1: peers:[7cfd9c5f-6b01-4921-8aee-b720897a5c16|rpc:10.1.0.34:15076|admin:10.1.0.34:15075|client:10.1.0.34:15074|dataStream:10.1.0.34:15077|priority:1|startupRole:FOLLOWER]|listeners:[], old=null
2023-09-28 12:57:34,367 [7cfd9c5f-6b01-4921-8aee-b720897a5c16@group-E9E6AC06DEC0-LeaderElection14] INFO  impl.LeaderElection (LeaderElection.java:askForVotes(323)) - 7cfd9c5f-6b01-4921-8aee-b720897a5c16@group-E9E6AC06DEC0-LeaderElection14 PRE_VOTE round 0: result PASSED (term=0)
2023-09-28 12:57:34,370 [7cfd9c5f-6b01-4921-8aee-b720897a5c16@group-E9E6AC06DEC0-LeaderElection14] INFO  impl.LeaderElection (LeaderElection.java:askForVotes(321)) - 7cfd9c5f-6b01-4921-8aee-b720897a5c16@group-E9E6AC06DEC0-LeaderElection14 ELECTION round 0: submit vote requests at term 1 for -1: peers:[7cfd9c5f-6b01-4921-8aee-b720897a5c16|rpc:10.1.0.34:15076|admin:10.1.0.34:15075|client:10.1.0.34:15074|dataStream:10.1.0.34:15077|priority:1|startupRole:FOLLOWER]|listeners:[], old=null
2023-09-28 12:57:34,370 [7cfd9c5f-6b01-4921-8aee-b720897a5c16@group-E9E6AC06DEC0-LeaderElection14] INFO  impl.LeaderElection (LeaderElection.java:askForVotes(323)) - 7cfd9c5f-6b01-4921-8aee-b720897a5c16@group-E9E6AC06DEC0-LeaderElection14 ELECTION round 0: result PASSED (term=1)
2023-09-28 12:57:34,370 [7cfd9c5f-6b01-4921-8aee-b720897a5c16@group-E9E6AC06DEC0-LeaderElection14] INFO  impl.RoleInfo (RoleInfo.java:shutdownLeaderElection(130)) - 7cfd9c5f-6b01-4921-8aee-b720897a5c16: shutdown 7cfd9c5f-6b01-4921-8aee-b720897a5c16@group-E9E6AC06DEC0-LeaderElection14
2023-09-28 12:57:34,370 [7cfd9c5f-6b01-4921-8aee-b720897a5c16@group-E9E6AC06DEC0-LeaderElection14] INFO  server.RaftServer$Division (RaftServerImpl.java:setRole(329)) - 7cfd9c5f-6b01-4921-8aee-b720897a5c16@group-E9E6AC06DEC0: changes role from CANDIDATE to LEADER at term 1 for changeToLeader
2023-09-28 12:57:34,370 [7cfd9c5f-6b01-4921-8aee-b720897a5c16@group-E9E6AC06DEC0-LeaderElection14] INFO  ratis.XceiverServerRatis (XceiverServerRatis.java:handleLeaderChangedNotification(902)) - Leader change notification received for group: group-E9E6AC06DEC0 with new leaderId: 7cfd9c5f-6b01-4921-8aee-b720897a5c16
2023-09-28 12:57:34,370 [7cfd9c5f-6b01-4921-8aee-b720897a5c16@group-E9E6AC06DEC0-LeaderElection14] INFO  server.RaftServer$Division (ServerState.java:setLeader(317)) - 7cfd9c5f-6b01-4921-8aee-b720897a5c16@group-E9E6AC06DEC0: change Leader from null to 7cfd9c5f-6b01-4921-8aee-b720897a5c16 at term 1 for becomeLeader, leader elected after 5074ms
2023-09-28 12:57:34,371 [7cfd9c5f-6b01-4921-8aee-b720897a5c16@group-E9E6AC06DEC0-LeaderElection14] INFO  server.RaftServerConfigKeys (ConfUtils.java:logGet(46)) - raft.server.staging.catchup.gap = 1000 (default)
2023-09-28 12:57:34,371 [7cfd9c5f-6b01-4921-8aee-b720897a5c16@group-E9E6AC06DEC0-LeaderElection14] INFO  server.RaftServerConfigKeys (ConfUtils.java:logGet(46)) - raft.server.write.element-limit = 1024 (custom)
2023-09-28 12:57:34,371 [7cfd9c5f-6b01-4921-8aee-b720897a5c16@group-E9E6AC06DEC0-LeaderElection14] INFO  server.RaftServerConfigKeys (ConfUtils.java:logGet(46)) - raft.server.write.byte-limit = 1024 M (=1073741824) (custom)
2023-09-28 12:57:34,371 [7cfd9c5f-6b01-4921-8aee-b720897a5c16@group-E9E6AC06DEC0-LeaderElection14] INFO  server.RaftServerConfigKeys (ConfUtils.java:logGet(46)) - raft.server.watch.timeout = 180s (custom)
2023-09-28 12:57:34,371 [7cfd9c5f-6b01-4921-8aee-b720897a5c16@group-E9E6AC06DEC0-LeaderElection14] INFO  server.RaftServerConfigKeys (ConfUtils.java:logGet(46)) - raft.server.watch.timeout.denomination = 1s (default)
2023-09-28 12:57:34,371 [7cfd9c5f-6b01-4921-8aee-b720897a5c16@group-E9E6AC06DEC0-LeaderElection14] INFO  server.RaftServerConfigKeys (ConfUtils.java:logGet(46)) - raft.server.watch.element-limit = 65536 (default)
2023-09-28 12:57:34,371 [7cfd9c5f-6b01-4921-8aee-b720897a5c16@group-E9E6AC06DEC0-LeaderElection14] INFO  server.RaftServerConfigKeys (ConfUtils.java:logGet(46)) - raft.server.write.element-limit = 1024 (custom)
2023-09-28 12:57:34,371 [7cfd9c5f-6b01-4921-8aee-b720897a5c16@group-E9E6AC06DEC0-LeaderElection14] INFO  server.RaftServerConfigKeys (ConfUtils.java:logGet(46)) - raft.server.write.follower.gap.ratio.max = -1.0 (default)
2023-09-28 12:57:34,371 [7cfd9c5f-6b01-4921-8aee-b720897a5c16@group-E9E6AC06DEC0-LeaderElection14] INFO  impl.RoleInfo (RoleInfo.java:updateAndGet(139)) - 7cfd9c5f-6b01-4921-8aee-b720897a5c16: start 7cfd9c5f-6b01-4921-8aee-b720897a5c16@group-E9E6AC06DEC0-LeaderStateImpl
2023-09-28 12:57:34,372 [7cfd9c5f-6b01-4921-8aee-b720897a5c16@group-E9E6AC06DEC0-LeaderElection14] INFO  segmented.SegmentedRaftLogWorker (SegmentedRaftLogWorker.java:startLogSegment(447)) - 7cfd9c5f-6b01-4921-8aee-b720897a5c16@group-E9E6AC06DEC0-SegmentedRaftLogWorker: Starting segment from index:0
2023-09-28 12:57:34,375 [7cfd9c5f-6b01-4921-8aee-b720897a5c16@group-E9E6AC06DEC0-LeaderElection14] INFO  server.RaftServer$Division (ServerState.java:setRaftConf(434)) - 7cfd9c5f-6b01-4921-8aee-b720897a5c16@group-E9E6AC06DEC0: set configuration 0: peers:[7cfd9c5f-6b01-4921-8aee-b720897a5c16|rpc:10.1.0.34:15076|admin:10.1.0.34:15075|client:10.1.0.34:15074|dataStream:10.1.0.34:15077|priority:1|startupRole:FOLLOWER]|listeners:[], old=null
2023-09-28 12:57:34,377 [7cfd9c5f-6b01-4921-8aee-b720897a5c16@group-E9E6AC06DEC0-SegmentedRaftLogWorker] INFO  segmented.SegmentedRaftLogWorker (SegmentedRaftLogWorker.java:execute(651)) - 7cfd9c5f-6b01-4921-8aee-b720897a5c16@group-E9E6AC06DEC0-SegmentedRaftLogWorker: created new log segment /home/runner/work/ozone/ozone/hadoop-ozone/integration-test/target/test-dir/MiniOzoneClusterImpl-e5738b5b-ff1d-4187-9339-882699725c5e/datanode-1/data/ratis/747d10b7-4bfe-4e3e-9de3-e9e6ac06dec0/current/log_inprogress_0
2023-09-28 12:57:34,377 [0f9fbc80-e5a1-4c69-bc7e-bbf3cec1ed51-server-thread1] INFO  ratis.XceiverServerRatis (XceiverServerRatis.java:handleLeaderChangedNotification(902)) - Leader change notification received for group: group-3F43FFF779B4 with new leaderId: 6aca8935-1d6c-4d3a-a292-fe52e1537be9
2023-09-28 12:57:34,377 [0f9fbc80-e5a1-4c69-bc7e-bbf3cec1ed51-server-thread1] INFO  server.RaftServer$Division (ServerState.java:setLeader(317)) - 0f9fbc80-e5a1-4c69-bc7e-bbf3cec1ed51@group-3F43FFF779B4: change Leader from null to 6aca8935-1d6c-4d3a-a292-fe52e1537be9 at term 1 for appendEntries, leader elected after 5185ms
2023-09-28 12:57:34,381 [main] INFO  rpc.RpcClient (RpcClient.java:createBucket(689)) - Creating Bucket: volume37469/bucket23551, with bucket layout LEGACY, runner as owner, Versioning false, Storage Type set to DISK and Encryption set to false, Replication Type set to server-side default replication type, Namespace Quota set to -1, Space Quota set to -1 
2023-09-28 12:57:34,385 [0f9fbc80-e5a1-4c69-bc7e-bbf3cec1ed51-server-thread1] INFO  server.RaftServer$Division (ServerState.java:setRaftConf(434)) - 0f9fbc80-e5a1-4c69-bc7e-bbf3cec1ed51@group-3F43FFF779B4: set configuration 0: peers:[7cfd9c5f-6b01-4921-8aee-b720897a5c16|rpc:10.1.0.34:15076|admin:10.1.0.34:15075|client:10.1.0.34:15074|dataStream:10.1.0.34:15077|priority:0|startupRole:FOLLOWER, 0f9fbc80-e5a1-4c69-bc7e-bbf3cec1ed51|rpc:10.1.0.34:15085|admin:10.1.0.34:15084|client:10.1.0.34:15083|dataStream:10.1.0.34:15086|priority:0|startupRole:FOLLOWER, 6aca8935-1d6c-4d3a-a292-fe52e1537be9|rpc:10.1.0.34:15067|admin:10.1.0.34:15066|client:10.1.0.34:15065|dataStream:10.1.0.34:15068|priority:1|startupRole:FOLLOWER]|listeners:[], old=null
2023-09-28 12:57:34,385 [0f9fbc80-e5a1-4c69-bc7e-bbf3cec1ed51-server-thread1] INFO  segmented.SegmentedRaftLogWorker (SegmentedRaftLogWorker.java:startLogSegment(447)) - 0f9fbc80-e5a1-4c69-bc7e-bbf3cec1ed51@group-3F43FFF779B4-SegmentedRaftLogWorker: Starting segment from index:0
2023-09-28 12:57:34,387 [0f9fbc80-e5a1-4c69-bc7e-bbf3cec1ed51@group-3F43FFF779B4-SegmentedRaftLogWorker] INFO  segmented.SegmentedRaftLogWorker (SegmentedRaftLogWorker.java:execute(651)) - 0f9fbc80-e5a1-4c69-bc7e-bbf3cec1ed51@group-3F43FFF779B4-SegmentedRaftLogWorker: created new log segment /home/runner/work/ozone/ozone/hadoop-ozone/integration-test/target/test-dir/MiniOzoneClusterImpl-e5738b5b-ff1d-4187-9339-882699725c5e/datanode-2/data/ratis/5e50b054-075a-4fbd-94d2-3f43fff779b4/current/log_inprogress_0
2023-09-28 12:57:34,388 [IPC Server handler 4 on default port 15057] INFO  bucket.OMBucketCreateRequest (OMBucketCreateRequest.java:validateAndUpdateCache(270)) - created bucket: bucket23551 of layout LEGACY in volume: volume37469
]]></system-out>
  </testcase>
  <testcase name="testGetTrashRoot" classname="TestOzoneFileSystem" time="18.197">
    <system-out><![CDATA[2023-09-28 12:58:30,957 [main] INFO  ozone.MiniOzoneClusterImpl (MiniOzoneClusterImpl.java:shutdown(448)) - Shutting down the Mini Ozone Cluster
2023-09-28 12:58:30,957 [main] INFO  ozone.MiniOzoneClusterImpl (MiniOzoneClusterImpl.java:stop(465)) - Stopping the Mini Ozone Cluster
2023-09-28 12:58:30,957 [main] INFO  ozone.MiniOzoneClusterImpl (MiniOzoneClusterImpl.java:stopOM(556)) - Stopping the OzoneManager
2023-09-28 12:58:30,957 [main] INFO  om.OzoneManager (OzoneManager.java:stop(2210)) - om1[localhost:15057]: Stopping Ozone Manager
2023-09-28 12:58:30,957 [main] INFO  ipc.Server (Server.java:stop(3523)) - Stopping server on 15057
2023-09-28 12:58:30,962 [IPC Server Responder] INFO  ipc.Server (Server.java:run(1567)) - Stopping IPC Server Responder
2023-09-28 12:58:30,962 [IPC Server listener on 15057] INFO  ipc.Server (Server.java:run(1434)) - Stopping IPC Server listener on 15057
2023-09-28 12:58:30,963 [main] INFO  ratis.OzoneManagerDoubleBuffer (OzoneManagerDoubleBuffer.java:stopDaemon(551)) - Stopping OMDoubleBuffer flush thread
2023-09-28 12:58:30,963 [OMDoubleBufferFlushThread] INFO  ratis.OzoneManagerDoubleBuffer (OzoneManagerDoubleBuffer.java:canFlush(638)) - OMDoubleBuffer flush thread OMDoubleBufferFlushThread is interrupted and will exit.
2023-09-28 12:58:30,966 [main] INFO  utils.BackgroundService (BackgroundService.java:shutdown(141)) - Shutting down service KeyDeletingService
2023-09-28 12:58:30,967 [main] INFO  utils.BackgroundService (BackgroundService.java:shutdown(141)) - Shutting down service KeyDeletingService
2023-09-28 12:58:30,967 [main] INFO  utils.BackgroundService (BackgroundService.java:shutdown(141)) - Shutting down service OpenKeyCleanupService
2023-09-28 12:58:30,967 [main] INFO  utils.BackgroundService (BackgroundService.java:shutdown(141)) - Shutting down service SstFilteringService
2023-09-28 12:58:30,967 [main] INFO  utils.BackgroundService (BackgroundService.java:shutdown(141)) - Shutting down service SnapshotDeletingService
2023-09-28 12:58:30,968 [main] INFO  handler.ContextHandler (ContextHandler.java:doStop(1159)) - Stopped o.e.j.w.WebAppContext@4f39a53{ozoneManager,/,null,STOPPED}{file:/home/runner/work/ozone/ozone/hadoop-ozone/integration-test/target/test-classes/webapps/ozoneManager}
2023-09-28 12:58:30,969 [main] INFO  server.AbstractConnector (AbstractConnector.java:doStop(383)) - Stopped ServerConnector@73c42d73{HTTP/1.1, (http/1.1)}{0.0.0.0:15058}
2023-09-28 12:58:30,969 [main] INFO  server.session (HouseKeeper.java:stopScavenging(149)) - node0 Stopped scavenging
2023-09-28 12:58:30,969 [main] INFO  handler.ContextHandler (ContextHandler.java:doStop(1159)) - Stopped o.e.j.s.ServletContextHandler@36f724e5{static,/static,file:///home/runner/work/ozone/ozone/hadoop-ozone/integration-test/target/test-classes/webapps/static,STOPPED}
2023-09-28 12:58:30,970 [main] INFO  handler.ContextHandler (ContextHandler.java:doStop(1159)) - Stopped o.e.j.s.ServletContextHandler@7732a714{logs,/logs,file:///home/runner/work/ozone/ozone/hadoop-ozone/integration-test/target/log,STOPPED}
2023-09-28 12:58:30,971 [Trash Emptier] ERROR om.TrashPolicyOzone (TrashPolicyOzone.java:run(354)) - Error attempting to shutdown
java.lang.InterruptedException
	at java.util.concurrent.locks.AbstractQueuedSynchronizer$ConditionObject.awaitNanos(AbstractQueuedSynchronizer.java:2067)
	at java.util.concurrent.ThreadPoolExecutor.awaitTermination(ThreadPoolExecutor.java:1475)
	at org.apache.hadoop.ozone.om.TrashPolicyOzone$Emptier.run(TrashPolicyOzone.java:352)
	at java.lang.Thread.run(Thread.java:750)
2023-09-28 12:58:30,972 [main] INFO  rocksdiff.RocksDBCheckpointDiffer (RocksDBCheckpointDiffer.java:close(343)) - Shutting down CompactionDagPruningService.
2023-09-28 12:58:30,974 [main] INFO  snapshot.SnapshotDiffManager (SnapshotDiffManager.java:closeExecutorService(1718)) - Shutting down executorService: 'SnapDiffExecutor'
2023-09-28 12:58:30,974 [main] INFO  snapshot.SnapshotDiffManager (SnapshotDiffManager.java:closeExecutorService(1718)) - Shutting down executorService: 'SstDumpToolExecutor'
2023-09-28 12:58:30,974 [main] INFO  utils.BackgroundService (BackgroundService.java:shutdown(141)) - Shutting down service SnapshotDiffCleanupService
2023-09-28 12:58:30,975 [JvmPauseMonitor8] INFO  util.JvmPauseMonitor (JvmPauseMonitor.java:run(109)) - JvmPauseMonitor-ab79eb53-3076-403f-897c-550f05cf5898: Stopped
2023-09-28 12:58:30,976 [main] INFO  ozone.MiniOzoneClusterImpl (MiniOzoneClusterImpl.java:stopDatanodes(533)) - Stopping the HddsDatanodes
2023-09-28 12:58:30,980 [ForkJoinPool.commonPool-worker-3] INFO  ozoneimpl.OzoneContainer (OzoneContainer.java:stop(451)) - Attempting to stop container services.
2023-09-28 12:58:30,980 [ForkJoinPool.commonPool-worker-3] INFO  server.RaftServer (RaftServerProxy.java:lambda$close$6(416)) - 7cfd9c5f-6b01-4921-8aee-b720897a5c16: close
2023-09-28 12:58:30,984 [7cfd9c5f-6b01-4921-8aee-b720897a5c16-impl-thread2] INFO  server.RaftServer$Division (RaftServerImpl.java:lambda$close$4(466)) - 7cfd9c5f-6b01-4921-8aee-b720897a5c16@group-A6141398DD36: shutdown
2023-09-28 12:58:30,984 [7cfd9c5f-6b01-4921-8aee-b720897a5c16-impl-thread2] INFO  util.JmxRegister (JmxRegister.java:unregister(73)) - Successfully un-registered JMX Bean with object name Ratis:service=RaftServer,group=group-A6141398DD36,id=7cfd9c5f-6b01-4921-8aee-b720897a5c16
2023-09-28 12:58:31,128 [7cfd9c5f-6b01-4921-8aee-b720897a5c16-impl-thread2] INFO  impl.RoleInfo (RoleInfo.java:shutdownLeaderState(93)) - 7cfd9c5f-6b01-4921-8aee-b720897a5c16: shutdown 7cfd9c5f-6b01-4921-8aee-b720897a5c16@group-A6141398DD36-LeaderStateImpl
2023-09-28 12:58:31,128 [7cfd9c5f-6b01-4921-8aee-b720897a5c16-impl-thread2] INFO  impl.PendingRequests (PendingRequests.java:sendNotLeaderResponses(289)) - 7cfd9c5f-6b01-4921-8aee-b720897a5c16@group-A6141398DD36-PendingRequests: sendNotLeaderResponses
2023-09-28 12:58:31,132 [7cfd9c5f-6b01-4921-8aee-b720897a5c16-impl-thread2] INFO  impl.StateMachineUpdater (StateMachineUpdater.java:stopAndJoin(155)) - 7cfd9c5f-6b01-4921-8aee-b720897a5c16@group-A6141398DD36-StateMachineUpdater: set stopIndex = 22
2023-09-28 12:58:31,134 [7cfd9c5f-6b01-4921-8aee-b720897a5c16@group-A6141398DD36-StateMachineUpdater] INFO  ratis.ContainerStateMachine (ContainerStateMachine.java:takeSnapshot(330)) - group-A6141398DD36: Taking a snapshot at:(t:1, i:22) file /home/runner/work/ozone/ozone/hadoop-ozone/integration-test/target/test-dir/MiniOzoneClusterImpl-e5738b5b-ff1d-4187-9339-882699725c5e/datanode-1/data/ratis/ad0d1982-956e-4e08-86a2-a6141398dd36/sm/snapshot.1_22
2023-09-28 12:58:31,135 [7cfd9c5f-6b01-4921-8aee-b720897a5c16-impl-thread3] INFO  server.RaftServer$Division (RaftServerImpl.java:lambda$close$4(466)) - 7cfd9c5f-6b01-4921-8aee-b720897a5c16@group-3F43FFF779B4: shutdown
2023-09-28 12:58:31,135 [7cfd9c5f-6b01-4921-8aee-b720897a5c16-impl-thread3] INFO  util.JmxRegister (JmxRegister.java:unregister(73)) - Successfully un-registered JMX Bean with object name Ratis:service=RaftServer,group=group-3F43FFF779B4,id=7cfd9c5f-6b01-4921-8aee-b720897a5c16
2023-09-28 12:58:31,135 [7cfd9c5f-6b01-4921-8aee-b720897a5c16-impl-thread3] INFO  impl.RoleInfo (RoleInfo.java:shutdownFollowerState(110)) - 7cfd9c5f-6b01-4921-8aee-b720897a5c16: shutdown 7cfd9c5f-6b01-4921-8aee-b720897a5c16@group-3F43FFF779B4-FollowerState
2023-09-28 12:58:31,135 [7cfd9c5f-6b01-4921-8aee-b720897a5c16-impl-thread3] INFO  impl.StateMachineUpdater (StateMachineUpdater.java:stopAndJoin(155)) - 7cfd9c5f-6b01-4921-8aee-b720897a5c16@group-3F43FFF779B4-StateMachineUpdater: set stopIndex = 7
2023-09-28 12:58:31,135 [7cfd9c5f-6b01-4921-8aee-b720897a5c16@group-A6141398DD36-StateMachineUpdater] INFO  ratis.ContainerStateMachine (ContainerStateMachine.java:takeSnapshot(341)) - group-A6141398DD36: Finished taking a snapshot at:(t:1, i:22) file:/home/runner/work/ozone/ozone/hadoop-ozone/integration-test/target/test-dir/MiniOzoneClusterImpl-e5738b5b-ff1d-4187-9339-882699725c5e/datanode-1/data/ratis/ad0d1982-956e-4e08-86a2-a6141398dd36/sm/snapshot.1_22 took: 1 ms
2023-09-28 12:58:31,136 [7cfd9c5f-6b01-4921-8aee-b720897a5c16@group-A6141398DD36-StateMachineUpdater] INFO  impl.StateMachineUpdater (StateMachineUpdater.java:takeSnapshot(291)) - 7cfd9c5f-6b01-4921-8aee-b720897a5c16@group-A6141398DD36-StateMachineUpdater: Took a snapshot at index 22
2023-09-28 12:58:31,136 [7cfd9c5f-6b01-4921-8aee-b720897a5c16@group-A6141398DD36-StateMachineUpdater] INFO  impl.StateMachineUpdater (StateMachineUpdater.java:lambda$new$0(97)) - 7cfd9c5f-6b01-4921-8aee-b720897a5c16@group-A6141398DD36-StateMachineUpdater: snapshotIndex: updateIncreasingly -1 -> 22
2023-09-28 12:58:31,136 [7cfd9c5f-6b01-4921-8aee-b720897a5c16@group-3F43FFF779B4-FollowerState] INFO  impl.FollowerState (FollowerState.java:run(152)) - 7cfd9c5f-6b01-4921-8aee-b720897a5c16@group-3F43FFF779B4-FollowerState was interrupted
2023-09-28 12:58:31,136 [7cfd9c5f-6b01-4921-8aee-b720897a5c16-impl-thread2] INFO  server.RaftServer$Division (ServerState.java:close(472)) - 7cfd9c5f-6b01-4921-8aee-b720897a5c16@group-A6141398DD36: closes. applyIndex: 22
2023-09-28 12:58:31,137 [7cfd9c5f-6b01-4921-8aee-b720897a5c16@group-3F43FFF779B4-StateMachineUpdater] INFO  ratis.ContainerStateMachine (ContainerStateMachine.java:takeSnapshot(330)) - group-3F43FFF779B4: Taking a snapshot at:(t:1, i:7) file /home/runner/work/ozone/ozone/hadoop-ozone/integration-test/target/test-dir/MiniOzoneClusterImpl-e5738b5b-ff1d-4187-9339-882699725c5e/datanode-1/data/ratis/5e50b054-075a-4fbd-94d2-3f43fff779b4/sm/snapshot.1_7
2023-09-28 12:58:31,137 [7cfd9c5f-6b01-4921-8aee-b720897a5c16@group-A6141398DD36->0f9fbc80-e5a1-4c69-bc7e-bbf3cec1ed51-GrpcLogAppender-LogAppenderDaemon] WARN  server.GrpcLogAppender (GrpcLogAppender.java:mayWait(199)) - 7cfd9c5f-6b01-4921-8aee-b720897a5c16@group-A6141398DD36->0f9fbc80-e5a1-4c69-bc7e-bbf3cec1ed51-GrpcLogAppender: Wait interrupted by java.lang.InterruptedException
2023-09-28 12:58:31,137 [7cfd9c5f-6b01-4921-8aee-b720897a5c16@group-A6141398DD36->6aca8935-1d6c-4d3a-a292-fe52e1537be9-GrpcLogAppender-LogAppenderDaemon] WARN  server.GrpcLogAppender (GrpcLogAppender.java:mayWait(199)) - 7cfd9c5f-6b01-4921-8aee-b720897a5c16@group-A6141398DD36->6aca8935-1d6c-4d3a-a292-fe52e1537be9-GrpcLogAppender: Wait interrupted by java.lang.InterruptedException
2023-09-28 12:58:31,138 [grpc-default-executor-2] INFO  server.GrpcServerProtocolService (GrpcServerProtocolService.java:onCompleted(155)) - 6aca8935-1d6c-4d3a-a292-fe52e1537be9: Completed APPEND_ENTRIES, lastRequest: null
2023-09-28 12:58:31,138 [7cfd9c5f-6b01-4921-8aee-b720897a5c16@group-3F43FFF779B4-StateMachineUpdater] INFO  ratis.ContainerStateMachine (ContainerStateMachine.java:takeSnapshot(341)) - group-3F43FFF779B4: Finished taking a snapshot at:(t:1, i:7) file:/home/runner/work/ozone/ozone/hadoop-ozone/integration-test/target/test-dir/MiniOzoneClusterImpl-e5738b5b-ff1d-4187-9339-882699725c5e/datanode-1/data/ratis/5e50b054-075a-4fbd-94d2-3f43fff779b4/sm/snapshot.1_7 took: 1 ms
2023-09-28 12:58:31,138 [grpc-default-executor-0] INFO  server.GrpcServerProtocolService (GrpcServerProtocolService.java:onCompleted(155)) - 0f9fbc80-e5a1-4c69-bc7e-bbf3cec1ed51: Completed APPEND_ENTRIES, lastRequest: 7cfd9c5f-6b01-4921-8aee-b720897a5c16->0f9fbc80-e5a1-4c69-bc7e-bbf3cec1ed51#41-t1,previous=(t:1, i:21),leaderCommit=21,initializing? true,entries: size=1, first=(t:1, i:22), METADATAENTRY(c:21)
2023-09-28 12:58:31,138 [7cfd9c5f-6b01-4921-8aee-b720897a5c16@group-3F43FFF779B4-StateMachineUpdater] INFO  impl.StateMachineUpdater (StateMachineUpdater.java:takeSnapshot(291)) - 7cfd9c5f-6b01-4921-8aee-b720897a5c16@group-3F43FFF779B4-StateMachineUpdater: Took a snapshot at index 7
2023-09-28 12:58:31,139 [7cfd9c5f-6b01-4921-8aee-b720897a5c16@group-3F43FFF779B4-StateMachineUpdater] INFO  impl.StateMachineUpdater (StateMachineUpdater.java:lambda$new$0(97)) - 7cfd9c5f-6b01-4921-8aee-b720897a5c16@group-3F43FFF779B4-StateMachineUpdater: snapshotIndex: updateIncreasingly -1 -> 7
2023-09-28 12:58:31,138 [grpc-default-executor-2] INFO  server.GrpcServerProtocolService (GrpcServerProtocolService.java:lambda$onCompleted$5(157)) - 6aca8935-1d6c-4d3a-a292-fe52e1537be9: Completed APPEND_ENTRIES, lastReply: serverReply {
  requestorId: "7cfd9c5f-6b01-4921-8aee-b720897a5c16"
  replyId: "6aca8935-1d6c-4d3a-a292-fe52e1537be9"
  raftGroupId {
    id: "\255\r\031\202\225nN\b\206\242\246\024\023\230\3356"
  }
  callId: 66
  success: true
}
term: 1
nextIndex: 23
followerCommit: 22
matchIndex: 18446744073709551615
isHearbeat: true

2023-09-28 12:58:31,139 [grpc-default-executor-1] INFO  server.GrpcServerProtocolService (GrpcServerProtocolService.java:onCompleted(155)) - 0f9fbc80-e5a1-4c69-bc7e-bbf3cec1ed51: Completed APPEND_ENTRIES, lastRequest: null
2023-09-28 12:58:31,139 [grpc-default-executor-1] INFO  server.GrpcServerProtocolService (GrpcServerProtocolService.java:lambda$onCompleted$5(157)) - 0f9fbc80-e5a1-4c69-bc7e-bbf3cec1ed51: Completed APPEND_ENTRIES, lastReply: serverReply {
  requestorId: "7cfd9c5f-6b01-4921-8aee-b720897a5c16"
  replyId: "0f9fbc80-e5a1-4c69-bc7e-bbf3cec1ed51"
  raftGroupId {
    id: "\255\r\031\202\225nN\b\206\242\246\024\023\230\3356"
  }
  callId: 65
  success: true
}
term: 1
nextIndex: 23
followerCommit: 22
matchIndex: 18446744073709551615
isHearbeat: true

2023-09-28 12:58:31,138 [grpc-default-executor-0] INFO  server.GrpcServerProtocolService (GrpcServerProtocolService.java:lambda$onCompleted$5(157)) - 0f9fbc80-e5a1-4c69-bc7e-bbf3cec1ed51: Completed APPEND_ENTRIES, lastReply: null
2023-09-28 12:58:31,139 [grpc-default-executor-3] INFO  server.GrpcServerProtocolService (GrpcServerProtocolService.java:onCompleted(155)) - 6aca8935-1d6c-4d3a-a292-fe52e1537be9: Completed APPEND_ENTRIES, lastRequest: 7cfd9c5f-6b01-4921-8aee-b720897a5c16->6aca8935-1d6c-4d3a-a292-fe52e1537be9#41-t1,previous=(t:1, i:21),leaderCommit=21,initializing? true,entries: size=1, first=(t:1, i:22), METADATAENTRY(c:21)
2023-09-28 12:58:31,140 [grpc-default-executor-3] INFO  server.GrpcServerProtocolService (GrpcServerProtocolService.java:lambda$onCompleted$5(157)) - 6aca8935-1d6c-4d3a-a292-fe52e1537be9: Completed APPEND_ENTRIES, lastReply: null
2023-09-28 12:58:31,141 [grpc-default-executor-0] INFO  server.GrpcLogAppender (GrpcLogAppender.java:onCompleted(428)) - 7cfd9c5f-6b01-4921-8aee-b720897a5c16@group-A6141398DD36->6aca8935-1d6c-4d3a-a292-fe52e1537be9-AppendLogResponseHandler: follower responses appendEntries COMPLETED
2023-09-28 12:58:31,141 [grpc-default-executor-0] INFO  leader.FollowerInfo (FollowerInfoImpl.java:lambda$new$0(52)) - 7cfd9c5f-6b01-4921-8aee-b720897a5c16@group-A6141398DD36->6aca8935-1d6c-4d3a-a292-fe52e1537be9: decreaseNextIndex nextIndex: updateUnconditionally 23 -> 22
2023-09-28 12:58:31,142 [grpc-default-executor-1] INFO  server.GrpcLogAppender (GrpcLogAppender.java:onCompleted(428)) - 7cfd9c5f-6b01-4921-8aee-b720897a5c16@group-A6141398DD36->0f9fbc80-e5a1-4c69-bc7e-bbf3cec1ed51-AppendLogResponseHandler: follower responses appendEntries COMPLETED
2023-09-28 12:58:31,142 [grpc-default-executor-1] INFO  leader.FollowerInfo (FollowerInfoImpl.java:lambda$new$0(52)) - 7cfd9c5f-6b01-4921-8aee-b720897a5c16@group-A6141398DD36->0f9fbc80-e5a1-4c69-bc7e-bbf3cec1ed51: decreaseNextIndex nextIndex: updateUnconditionally 23 -> 22
2023-09-28 12:58:31,142 [grpc-default-executor-2] INFO  server.GrpcLogAppender (GrpcLogAppender.java:onCompleted(428)) - 7cfd9c5f-6b01-4921-8aee-b720897a5c16@group-A6141398DD36->6aca8935-1d6c-4d3a-a292-fe52e1537be9-AppendLogResponseHandler: follower responses appendEntries COMPLETED
2023-09-28 12:58:31,142 [grpc-default-executor-2] INFO  leader.FollowerInfo (FollowerInfoImpl.java:lambda$new$0(52)) - 7cfd9c5f-6b01-4921-8aee-b720897a5c16@group-A6141398DD36->6aca8935-1d6c-4d3a-a292-fe52e1537be9: decreaseNextIndex nextIndex: updateUnconditionally 22 -> 21
2023-09-28 12:58:31,142 [ForkJoinPool.commonPool-worker-3] INFO  server.GrpcService (GrpcService.java:closeImpl(311)) - 7cfd9c5f-6b01-4921-8aee-b720897a5c16: shutdown server org.apache.ratis.grpc.server.GrpcClientProtocolService now
2023-09-28 12:58:31,145 [7cfd9c5f-6b01-4921-8aee-b720897a5c16-impl-thread3] INFO  server.RaftServer$Division (ServerState.java:close(472)) - 7cfd9c5f-6b01-4921-8aee-b720897a5c16@group-3F43FFF779B4: closes. applyIndex: 7
2023-09-28 12:58:31,148 [grpc-default-executor-3] INFO  server.GrpcLogAppender (GrpcLogAppender.java:onCompleted(428)) - 7cfd9c5f-6b01-4921-8aee-b720897a5c16@group-A6141398DD36->0f9fbc80-e5a1-4c69-bc7e-bbf3cec1ed51-AppendLogResponseHandler: follower responses appendEntries COMPLETED
2023-09-28 12:58:31,148 [grpc-default-executor-3] INFO  leader.FollowerInfo (FollowerInfoImpl.java:lambda$new$0(52)) - 7cfd9c5f-6b01-4921-8aee-b720897a5c16@group-A6141398DD36->0f9fbc80-e5a1-4c69-bc7e-bbf3cec1ed51: decreaseNextIndex nextIndex: updateUnconditionally 22 -> 21
2023-09-28 12:58:31,151 [7cfd9c5f-6b01-4921-8aee-b720897a5c16-impl-thread2] INFO  segmented.SegmentedRaftLogWorker (SegmentedRaftLogWorker.java:close(252)) - 7cfd9c5f-6b01-4921-8aee-b720897a5c16@group-A6141398DD36-SegmentedRaftLogWorker close()
2023-09-28 12:58:31,153 [7cfd9c5f-6b01-4921-8aee-b720897a5c16-impl-thread4] INFO  server.RaftServer$Division (RaftServerImpl.java:lambda$close$4(466)) - 7cfd9c5f-6b01-4921-8aee-b720897a5c16@group-E9E6AC06DEC0: shutdown
2023-09-28 12:58:31,153 [7cfd9c5f-6b01-4921-8aee-b720897a5c16-impl-thread4] INFO  util.JmxRegister (JmxRegister.java:unregister(73)) - Successfully un-registered JMX Bean with object name Ratis:service=RaftServer,group=group-E9E6AC06DEC0,id=7cfd9c5f-6b01-4921-8aee-b720897a5c16
2023-09-28 12:58:31,153 [7cfd9c5f-6b01-4921-8aee-b720897a5c16-impl-thread4] INFO  impl.RoleInfo (RoleInfo.java:shutdownLeaderState(93)) - 7cfd9c5f-6b01-4921-8aee-b720897a5c16: shutdown 7cfd9c5f-6b01-4921-8aee-b720897a5c16@group-E9E6AC06DEC0-LeaderStateImpl
2023-09-28 12:58:31,153 [7cfd9c5f-6b01-4921-8aee-b720897a5c16-impl-thread4] INFO  impl.PendingRequests (PendingRequests.java:sendNotLeaderResponses(289)) - 7cfd9c5f-6b01-4921-8aee-b720897a5c16@group-E9E6AC06DEC0-PendingRequests: sendNotLeaderResponses
2023-09-28 12:58:31,154 [7cfd9c5f-6b01-4921-8aee-b720897a5c16-impl-thread4] INFO  impl.StateMachineUpdater (StateMachineUpdater.java:stopAndJoin(155)) - 7cfd9c5f-6b01-4921-8aee-b720897a5c16@group-E9E6AC06DEC0-StateMachineUpdater: set stopIndex = 0
2023-09-28 12:58:31,155 [Thread-1033] INFO  server.GrpcServerProtocolClient (GrpcServerProtocolClient.java:close(103)) - 0f9fbc80-e5a1-4c69-bc7e-bbf3cec1ed51 Close channels
2023-09-28 12:58:31,155 [Thread-1034] INFO  server.GrpcServerProtocolClient (GrpcServerProtocolClient.java:close(103)) - 6aca8935-1d6c-4d3a-a292-fe52e1537be9 Close channels
2023-09-28 12:58:31,156 [main] INFO  ozoneimpl.OzoneContainer (OzoneContainer.java:stop(451)) - Attempting to stop container services.
2023-09-28 12:58:31,157 [main] INFO  server.RaftServer (RaftServerProxy.java:lambda$close$6(416)) - 0f9fbc80-e5a1-4c69-bc7e-bbf3cec1ed51: close
2023-09-28 12:58:31,158 [0f9fbc80-e5a1-4c69-bc7e-bbf3cec1ed51-impl-thread2] INFO  server.RaftServer$Division (RaftServerImpl.java:lambda$close$4(466)) - 0f9fbc80-e5a1-4c69-bc7e-bbf3cec1ed51@group-A6141398DD36: shutdown
2023-09-28 12:58:31,159 [0f9fbc80-e5a1-4c69-bc7e-bbf3cec1ed51-impl-thread2] INFO  util.JmxRegister (JmxRegister.java:unregister(73)) - Successfully un-registered JMX Bean with object name Ratis:service=RaftServer,group=group-A6141398DD36,id=0f9fbc80-e5a1-4c69-bc7e-bbf3cec1ed51
2023-09-28 12:58:31,159 [0f9fbc80-e5a1-4c69-bc7e-bbf3cec1ed51-impl-thread2] INFO  impl.RoleInfo (RoleInfo.java:shutdownFollowerState(110)) - 0f9fbc80-e5a1-4c69-bc7e-bbf3cec1ed51: shutdown 0f9fbc80-e5a1-4c69-bc7e-bbf3cec1ed51@group-A6141398DD36-FollowerState
2023-09-28 12:58:31,159 [0f9fbc80-e5a1-4c69-bc7e-bbf3cec1ed51-impl-thread3] INFO  server.RaftServer$Division (RaftServerImpl.java:lambda$close$4(466)) - 0f9fbc80-e5a1-4c69-bc7e-bbf3cec1ed51@group-3F43FFF779B4: shutdown
2023-09-28 12:58:31,159 [0f9fbc80-e5a1-4c69-bc7e-bbf3cec1ed51-impl-thread3] INFO  util.JmxRegister (JmxRegister.java:unregister(73)) - Successfully un-registered JMX Bean with object name Ratis:service=RaftServer,group=group-3F43FFF779B4,id=0f9fbc80-e5a1-4c69-bc7e-bbf3cec1ed51
2023-09-28 12:58:31,159 [0f9fbc80-e5a1-4c69-bc7e-bbf3cec1ed51-impl-thread3] INFO  impl.RoleInfo (RoleInfo.java:shutdownFollowerState(110)) - 0f9fbc80-e5a1-4c69-bc7e-bbf3cec1ed51: shutdown 0f9fbc80-e5a1-4c69-bc7e-bbf3cec1ed51@group-3F43FFF779B4-FollowerState
2023-09-28 12:58:31,159 [main] INFO  server.GrpcService (GrpcService.java:closeImpl(311)) - 0f9fbc80-e5a1-4c69-bc7e-bbf3cec1ed51: shutdown server org.apache.ratis.grpc.server.GrpcClientProtocolService now
2023-09-28 12:58:31,160 [0f9fbc80-e5a1-4c69-bc7e-bbf3cec1ed51-impl-thread4] INFO  server.RaftServer$Division (RaftServerImpl.java:lambda$close$4(466)) - 0f9fbc80-e5a1-4c69-bc7e-bbf3cec1ed51@group-51F809C613ED: shutdown
2023-09-28 12:58:31,160 [0f9fbc80-e5a1-4c69-bc7e-bbf3cec1ed51-impl-thread4] INFO  util.JmxRegister (JmxRegister.java:unregister(73)) - Successfully un-registered JMX Bean with object name Ratis:service=RaftServer,group=group-51F809C613ED,id=0f9fbc80-e5a1-4c69-bc7e-bbf3cec1ed51
2023-09-28 12:58:31,160 [0f9fbc80-e5a1-4c69-bc7e-bbf3cec1ed51-impl-thread4] INFO  impl.RoleInfo (RoleInfo.java:shutdownLeaderState(93)) - 0f9fbc80-e5a1-4c69-bc7e-bbf3cec1ed51: shutdown 0f9fbc80-e5a1-4c69-bc7e-bbf3cec1ed51@group-51F809C613ED-LeaderStateImpl
2023-09-28 12:58:31,160 [0f9fbc80-e5a1-4c69-bc7e-bbf3cec1ed51-impl-thread4] INFO  impl.PendingRequests (PendingRequests.java:sendNotLeaderResponses(289)) - 0f9fbc80-e5a1-4c69-bc7e-bbf3cec1ed51@group-51F809C613ED-PendingRequests: sendNotLeaderResponses
2023-09-28 12:58:31,160 [0f9fbc80-e5a1-4c69-bc7e-bbf3cec1ed51@group-51F809C613ED-StateMachineUpdater] INFO  ratis.ContainerStateMachine (ContainerStateMachine.java:takeSnapshot(330)) - group-51F809C613ED: Taking a snapshot at:(t:1, i:0) file /home/runner/work/ozone/ozone/hadoop-ozone/integration-test/target/test-dir/MiniOzoneClusterImpl-e5738b5b-ff1d-4187-9339-882699725c5e/datanode-2/data/ratis/a8a81b86-618d-4082-af7f-51f809c613ed/sm/snapshot.1_0
2023-09-28 12:58:31,160 [0f9fbc80-e5a1-4c69-bc7e-bbf3cec1ed51-impl-thread4] INFO  impl.StateMachineUpdater (StateMachineUpdater.java:stopAndJoin(155)) - 0f9fbc80-e5a1-4c69-bc7e-bbf3cec1ed51@group-51F809C613ED-StateMachineUpdater: set stopIndex = 0
2023-09-28 12:58:31,161 [main] INFO  server.GrpcService (GrpcService.java:closeImpl(320)) - 0f9fbc80-e5a1-4c69-bc7e-bbf3cec1ed51: shutdown server org.apache.ratis.grpc.server.GrpcClientProtocolService successfully
2023-09-28 12:58:31,161 [main] INFO  server.GrpcService (GrpcService.java:closeImpl(311)) - 0f9fbc80-e5a1-4c69-bc7e-bbf3cec1ed51: shutdown server GrpcServerProtocolService now
2023-09-28 12:58:31,161 [0f9fbc80-e5a1-4c69-bc7e-bbf3cec1ed51@group-51F809C613ED-StateMachineUpdater] INFO  ratis.ContainerStateMachine (ContainerStateMachine.java:takeSnapshot(341)) - group-51F809C613ED: Finished taking a snapshot at:(t:1, i:0) file:/home/runner/work/ozone/ozone/hadoop-ozone/integration-test/target/test-dir/MiniOzoneClusterImpl-e5738b5b-ff1d-4187-9339-882699725c5e/datanode-2/data/ratis/a8a81b86-618d-4082-af7f-51f809c613ed/sm/snapshot.1_0 took: 1 ms
2023-09-28 12:58:31,161 [0f9fbc80-e5a1-4c69-bc7e-bbf3cec1ed51@group-51F809C613ED-StateMachineUpdater] INFO  impl.StateMachineUpdater (StateMachineUpdater.java:takeSnapshot(291)) - 0f9fbc80-e5a1-4c69-bc7e-bbf3cec1ed51@group-51F809C613ED-StateMachineUpdater: Took a snapshot at index 0
2023-09-28 12:58:31,161 [0f9fbc80-e5a1-4c69-bc7e-bbf3cec1ed51@group-51F809C613ED-StateMachineUpdater] INFO  impl.StateMachineUpdater (StateMachineUpdater.java:lambda$new$0(97)) - 0f9fbc80-e5a1-4c69-bc7e-bbf3cec1ed51@group-51F809C613ED-StateMachineUpdater: snapshotIndex: updateIncreasingly -1 -> 0
2023-09-28 12:58:31,162 [0f9fbc80-e5a1-4c69-bc7e-bbf3cec1ed51-impl-thread4] INFO  server.RaftServer$Division (ServerState.java:close(472)) - 0f9fbc80-e5a1-4c69-bc7e-bbf3cec1ed51@group-51F809C613ED: closes. applyIndex: 0
2023-09-28 12:58:31,169 [7cfd9c5f-6b01-4921-8aee-b720897a5c16@group-E9E6AC06DEC0-StateMachineUpdater] INFO  ratis.ContainerStateMachine (ContainerStateMachine.java:takeSnapshot(330)) - group-E9E6AC06DEC0: Taking a snapshot at:(t:1, i:0) file /home/runner/work/ozone/ozone/hadoop-ozone/integration-test/target/test-dir/MiniOzoneClusterImpl-e5738b5b-ff1d-4187-9339-882699725c5e/datanode-1/data/ratis/747d10b7-4bfe-4e3e-9de3-e9e6ac06dec0/sm/snapshot.1_0
2023-09-28 12:58:31,170 [main] INFO  server.GrpcService (GrpcService.java:closeImpl(320)) - 0f9fbc80-e5a1-4c69-bc7e-bbf3cec1ed51: shutdown server GrpcServerProtocolService successfully
2023-09-28 12:58:31,170 [main] INFO  server.GrpcService (GrpcService.java:closeImpl(311)) - 0f9fbc80-e5a1-4c69-bc7e-bbf3cec1ed51: shutdown server org.apache.ratis.grpc.server.GrpcAdminProtocolService now
2023-09-28 12:58:31,170 [grpc-default-executor-4] WARN  server.GrpcLogAppender (LogUtils.java:warn(122)) - 6aca8935-1d6c-4d3a-a292-fe52e1537be9@group-3F43FFF779B4->0f9fbc80-e5a1-4c69-bc7e-bbf3cec1ed51-AppendLogResponseHandler: Failed appendEntries: org.apache.ratis.thirdparty.io.grpc.StatusRuntimeException: CANCELLED: RST_STREAM closed stream. HTTP/2 error code: CANCEL
2023-09-28 12:58:31,170 [grpc-default-executor-4] INFO  leader.FollowerInfo (FollowerInfoImpl.java:lambda$new$0(52)) - 6aca8935-1d6c-4d3a-a292-fe52e1537be9@group-3F43FFF779B4->0f9fbc80-e5a1-4c69-bc7e-bbf3cec1ed51: decreaseNextIndex nextIndex: updateUnconditionally 9 -> 8
2023-09-28 12:58:31,171 [grpc-default-executor-5] WARN  server.GrpcServerProtocolService (LogUtils.java:warn(122)) - 0f9fbc80-e5a1-4c69-bc7e-bbf3cec1ed51: APPEND_ENTRIES onError, lastRequest: 6aca8935-1d6c-4d3a-a292-fe52e1537be9->0f9fbc80-e5a1-4c69-bc7e-bbf3cec1ed51#39-t1,previous=(t:1, i:7),leaderCommit=7,initializing? true,entries: size=1, first=(t:1, i:8), METADATAENTRY(c:7): org.apache.ratis.thirdparty.io.grpc.StatusRuntimeException: CANCELLED: client cancelled
2023-09-28 12:58:31,171 [grpc-default-executor-1] WARN  server.GrpcServerProtocolService (LogUtils.java:warn(122)) - 0f9fbc80-e5a1-4c69-bc7e-bbf3cec1ed51: APPEND_ENTRIES onError, lastRequest: null: org.apache.ratis.thirdparty.io.grpc.StatusRuntimeException: CANCELLED: client cancelled
2023-09-28 12:58:31,171 [7cfd9c5f-6b01-4921-8aee-b720897a5c16@group-E9E6AC06DEC0-StateMachineUpdater] INFO  ratis.ContainerStateMachine (ContainerStateMachine.java:takeSnapshot(341)) - group-E9E6AC06DEC0: Finished taking a snapshot at:(t:1, i:0) file:/home/runner/work/ozone/ozone/hadoop-ozone/integration-test/target/test-dir/MiniOzoneClusterImpl-e5738b5b-ff1d-4187-9339-882699725c5e/datanode-1/data/ratis/747d10b7-4bfe-4e3e-9de3-e9e6ac06dec0/sm/snapshot.1_0 took: 2 ms
2023-09-28 12:58:31,171 [7cfd9c5f-6b01-4921-8aee-b720897a5c16@group-E9E6AC06DEC0-StateMachineUpdater] INFO  impl.StateMachineUpdater (StateMachineUpdater.java:takeSnapshot(291)) - 7cfd9c5f-6b01-4921-8aee-b720897a5c16@group-E9E6AC06DEC0-StateMachineUpdater: Took a snapshot at index 0
2023-09-28 12:58:31,171 [7cfd9c5f-6b01-4921-8aee-b720897a5c16@group-E9E6AC06DEC0-StateMachineUpdater] INFO  impl.StateMachineUpdater (StateMachineUpdater.java:lambda$new$0(97)) - 7cfd9c5f-6b01-4921-8aee-b720897a5c16@group-E9E6AC06DEC0-StateMachineUpdater: snapshotIndex: updateIncreasingly -1 -> 0
2023-09-28 12:58:31,173 [7cfd9c5f-6b01-4921-8aee-b720897a5c16-impl-thread4] INFO  server.RaftServer$Division (ServerState.java:close(472)) - 7cfd9c5f-6b01-4921-8aee-b720897a5c16@group-E9E6AC06DEC0: closes. applyIndex: 0
2023-09-28 12:58:31,179 [0f9fbc80-e5a1-4c69-bc7e-bbf3cec1ed51-impl-thread3] INFO  impl.StateMachineUpdater (StateMachineUpdater.java:stopAndJoin(155)) - 0f9fbc80-e5a1-4c69-bc7e-bbf3cec1ed51@group-3F43FFF779B4-StateMachineUpdater: set stopIndex = 7
2023-09-28 12:58:31,179 [0f9fbc80-e5a1-4c69-bc7e-bbf3cec1ed51@group-3F43FFF779B4-FollowerState] INFO  impl.FollowerState (FollowerState.java:run(152)) - 0f9fbc80-e5a1-4c69-bc7e-bbf3cec1ed51@group-3F43FFF779B4-FollowerState was interrupted
2023-09-28 12:58:31,179 [0f9fbc80-e5a1-4c69-bc7e-bbf3cec1ed51@group-3F43FFF779B4-StateMachineUpdater] INFO  ratis.ContainerStateMachine (ContainerStateMachine.java:takeSnapshot(330)) - group-3F43FFF779B4: Taking a snapshot at:(t:1, i:7) file /home/runner/work/ozone/ozone/hadoop-ozone/integration-test/target/test-dir/MiniOzoneClusterImpl-e5738b5b-ff1d-4187-9339-882699725c5e/datanode-2/data/ratis/5e50b054-075a-4fbd-94d2-3f43fff779b4/sm/snapshot.1_7
2023-09-28 12:58:31,179 [0f9fbc80-e5a1-4c69-bc7e-bbf3cec1ed51@group-A6141398DD36-FollowerState] INFO  impl.FollowerState (FollowerState.java:run(152)) - 0f9fbc80-e5a1-4c69-bc7e-bbf3cec1ed51@group-A6141398DD36-FollowerState was interrupted
2023-09-28 12:58:31,179 [0f9fbc80-e5a1-4c69-bc7e-bbf3cec1ed51@group-A6141398DD36-StateMachineUpdater] INFO  ratis.ContainerStateMachine (ContainerStateMachine.java:takeSnapshot(330)) - group-A6141398DD36: Taking a snapshot at:(t:1, i:22) file /home/runner/work/ozone/ozone/hadoop-ozone/integration-test/target/test-dir/MiniOzoneClusterImpl-e5738b5b-ff1d-4187-9339-882699725c5e/datanode-2/data/ratis/ad0d1982-956e-4e08-86a2-a6141398dd36/sm/snapshot.1_22
2023-09-28 12:58:31,179 [0f9fbc80-e5a1-4c69-bc7e-bbf3cec1ed51-impl-thread2] INFO  impl.StateMachineUpdater (StateMachineUpdater.java:stopAndJoin(155)) - 0f9fbc80-e5a1-4c69-bc7e-bbf3cec1ed51@group-A6141398DD36-StateMachineUpdater: set stopIndex = 22
2023-09-28 12:58:31,180 [0f9fbc80-e5a1-4c69-bc7e-bbf3cec1ed51@group-3F43FFF779B4-StateMachineUpdater] INFO  ratis.ContainerStateMachine (ContainerStateMachine.java:takeSnapshot(341)) - group-3F43FFF779B4: Finished taking a snapshot at:(t:1, i:7) file:/home/runner/work/ozone/ozone/hadoop-ozone/integration-test/target/test-dir/MiniOzoneClusterImpl-e5738b5b-ff1d-4187-9339-882699725c5e/datanode-2/data/ratis/5e50b054-075a-4fbd-94d2-3f43fff779b4/sm/snapshot.1_7 took: 1 ms
2023-09-28 12:58:31,180 [0f9fbc80-e5a1-4c69-bc7e-bbf3cec1ed51@group-3F43FFF779B4-StateMachineUpdater] INFO  impl.StateMachineUpdater (StateMachineUpdater.java:takeSnapshot(291)) - 0f9fbc80-e5a1-4c69-bc7e-bbf3cec1ed51@group-3F43FFF779B4-StateMachineUpdater: Took a snapshot at index 7
2023-09-28 12:58:31,180 [0f9fbc80-e5a1-4c69-bc7e-bbf3cec1ed51@group-A6141398DD36-StateMachineUpdater] INFO  ratis.ContainerStateMachine (ContainerStateMachine.java:takeSnapshot(341)) - group-A6141398DD36: Finished taking a snapshot at:(t:1, i:22) file:/home/runner/work/ozone/ozone/hadoop-ozone/integration-test/target/test-dir/MiniOzoneClusterImpl-e5738b5b-ff1d-4187-9339-882699725c5e/datanode-2/data/ratis/ad0d1982-956e-4e08-86a2-a6141398dd36/sm/snapshot.1_22 took: 1 ms
2023-09-28 12:58:31,182 [0f9fbc80-e5a1-4c69-bc7e-bbf3cec1ed51@group-A6141398DD36-StateMachineUpdater] INFO  impl.StateMachineUpdater (StateMachineUpdater.java:takeSnapshot(291)) - 0f9fbc80-e5a1-4c69-bc7e-bbf3cec1ed51@group-A6141398DD36-StateMachineUpdater: Took a snapshot at index 22
2023-09-28 12:58:31,182 [0f9fbc80-e5a1-4c69-bc7e-bbf3cec1ed51@group-A6141398DD36-StateMachineUpdater] INFO  impl.StateMachineUpdater (StateMachineUpdater.java:lambda$new$0(97)) - 0f9fbc80-e5a1-4c69-bc7e-bbf3cec1ed51@group-A6141398DD36-StateMachineUpdater: snapshotIndex: updateIncreasingly -1 -> 22
2023-09-28 12:58:31,182 [main] INFO  server.GrpcService (GrpcService.java:closeImpl(320)) - 0f9fbc80-e5a1-4c69-bc7e-bbf3cec1ed51: shutdown server org.apache.ratis.grpc.server.GrpcAdminProtocolService successfully
2023-09-28 12:58:31,183 [0f9fbc80-e5a1-4c69-bc7e-bbf3cec1ed51-NettyServerStreamRpc-bossGroup--thread1] INFO  logging.LoggingHandler (AbstractInternalLogger.java:log(148)) - [id: 0x6c5ef78d, L:/0:0:0:0:0:0:0:0:15086] CLOSE
2023-09-28 12:58:31,183 [0f9fbc80-e5a1-4c69-bc7e-bbf3cec1ed51-NettyServerStreamRpc-bossGroup--thread1] INFO  logging.LoggingHandler (AbstractInternalLogger.java:log(148)) - [id: 0x6c5ef78d, L:/0:0:0:0:0:0:0:0:15086] INACTIVE
2023-09-28 12:58:31,183 [0f9fbc80-e5a1-4c69-bc7e-bbf3cec1ed51-NettyServerStreamRpc-bossGroup--thread1] INFO  logging.LoggingHandler (AbstractInternalLogger.java:log(148)) - [id: 0x6c5ef78d, L:/0:0:0:0:0:0:0:0:15086] UNREGISTERED
2023-09-28 12:58:31,183 [ForkJoinPool.commonPool-worker-3] INFO  server.GrpcService (GrpcService.java:closeImpl(320)) - 7cfd9c5f-6b01-4921-8aee-b720897a5c16: shutdown server org.apache.ratis.grpc.server.GrpcClientProtocolService successfully
2023-09-28 12:58:31,183 [ForkJoinPool.commonPool-worker-3] INFO  server.GrpcService (GrpcService.java:closeImpl(311)) - 7cfd9c5f-6b01-4921-8aee-b720897a5c16: shutdown server GrpcServerProtocolService now
2023-09-28 12:58:31,180 [0f9fbc80-e5a1-4c69-bc7e-bbf3cec1ed51@group-3F43FFF779B4-StateMachineUpdater] INFO  impl.StateMachineUpdater (StateMachineUpdater.java:lambda$new$0(97)) - 0f9fbc80-e5a1-4c69-bc7e-bbf3cec1ed51@group-3F43FFF779B4-StateMachineUpdater: snapshotIndex: updateIncreasingly -1 -> 7
2023-09-28 12:58:31,184 [0f9fbc80-e5a1-4c69-bc7e-bbf3cec1ed51-impl-thread2] INFO  server.RaftServer$Division (ServerState.java:close(472)) - 0f9fbc80-e5a1-4c69-bc7e-bbf3cec1ed51@group-A6141398DD36: closes. applyIndex: 22
2023-09-28 12:58:31,194 [grpc-default-executor-3] WARN  server.GrpcLogAppender (LogUtils.java:warn(122)) - 6aca8935-1d6c-4d3a-a292-fe52e1537be9@group-3F43FFF779B4->0f9fbc80-e5a1-4c69-bc7e-bbf3cec1ed51-AppendLogResponseHandler: Failed appendEntries: org.apache.ratis.thirdparty.io.grpc.StatusRuntimeException: CANCELLED: RST_STREAM closed stream. HTTP/2 error code: CANCEL
2023-09-28 12:58:31,194 [grpc-default-executor-3] INFO  leader.FollowerInfo (FollowerInfoImpl.java:lambda$new$0(52)) - 6aca8935-1d6c-4d3a-a292-fe52e1537be9@group-3F43FFF779B4->0f9fbc80-e5a1-4c69-bc7e-bbf3cec1ed51: decreaseNextIndex nextIndex: updateUnconditionally 8 -> 7
2023-09-28 12:58:31,195 [grpc-default-executor-2] WARN  server.GrpcServerProtocolService (LogUtils.java:warn(122)) - 7cfd9c5f-6b01-4921-8aee-b720897a5c16: APPEND_ENTRIES onError, lastRequest: 6aca8935-1d6c-4d3a-a292-fe52e1537be9->7cfd9c5f-6b01-4921-8aee-b720897a5c16#37-t1,previous=(t:1, i:7),leaderCommit=7,initializing? true,entries: size=1, first=(t:1, i:8), METADATAENTRY(c:7): org.apache.ratis.thirdparty.io.grpc.StatusRuntimeException: CANCELLED: client cancelled
2023-09-28 12:58:31,195 [grpc-default-executor-0] WARN  server.GrpcServerProtocolService (LogUtils.java:warn(122)) - 7cfd9c5f-6b01-4921-8aee-b720897a5c16: APPEND_ENTRIES onError, lastRequest: null: org.apache.ratis.thirdparty.io.grpc.StatusRuntimeException: CANCELLED: client cancelled
2023-09-28 12:58:31,195 [0f9fbc80-e5a1-4c69-bc7e-bbf3cec1ed51-impl-thread3] INFO  server.RaftServer$Division (ServerState.java:close(472)) - 0f9fbc80-e5a1-4c69-bc7e-bbf3cec1ed51@group-3F43FFF779B4: closes. applyIndex: 7
2023-09-28 12:58:31,197 [grpc-default-executor-1] WARN  server.GrpcLogAppender (LogUtils.java:warn(122)) - 6aca8935-1d6c-4d3a-a292-fe52e1537be9@group-3F43FFF779B4->7cfd9c5f-6b01-4921-8aee-b720897a5c16-AppendLogResponseHandler: Failed appendEntries: org.apache.ratis.thirdparty.io.grpc.StatusRuntimeException: CANCELLED: RST_STREAM closed stream. HTTP/2 error code: CANCEL
2023-09-28 12:58:31,197 [grpc-default-executor-1] INFO  leader.FollowerInfo (FollowerInfoImpl.java:lambda$new$0(52)) - 6aca8935-1d6c-4d3a-a292-fe52e1537be9@group-3F43FFF779B4->7cfd9c5f-6b01-4921-8aee-b720897a5c16: decreaseNextIndex nextIndex: updateUnconditionally 9 -> 8
2023-09-28 12:58:31,197 [grpc-default-executor-2] WARN  server.GrpcLogAppender (LogUtils.java:warn(122)) - 6aca8935-1d6c-4d3a-a292-fe52e1537be9@group-3F43FFF779B4->7cfd9c5f-6b01-4921-8aee-b720897a5c16-AppendLogResponseHandler: Failed appendEntries: org.apache.ratis.thirdparty.io.grpc.StatusRuntimeException: CANCELLED: RST_STREAM closed stream. HTTP/2 error code: CANCEL
2023-09-28 12:58:31,197 [grpc-default-executor-2] INFO  leader.FollowerInfo (FollowerInfoImpl.java:lambda$new$0(52)) - 6aca8935-1d6c-4d3a-a292-fe52e1537be9@group-3F43FFF779B4->7cfd9c5f-6b01-4921-8aee-b720897a5c16: decreaseNextIndex nextIndex: updateUnconditionally 8 -> 7
2023-09-28 12:58:31,229 [ForkJoinPool.commonPool-worker-0] INFO  ozoneimpl.OzoneContainer (OzoneContainer.java:stop(451)) - Attempting to stop container services.
2023-09-28 12:58:31,231 [ForkJoinPool.commonPool-worker-0] INFO  server.RaftServer (RaftServerProxy.java:lambda$close$6(416)) - 6aca8935-1d6c-4d3a-a292-fe52e1537be9: close
2023-09-28 12:58:31,231 [ForkJoinPool.commonPool-worker-3] INFO  server.GrpcService (GrpcService.java:closeImpl(320)) - 7cfd9c5f-6b01-4921-8aee-b720897a5c16: shutdown server GrpcServerProtocolService successfully
2023-09-28 12:58:31,231 [ForkJoinPool.commonPool-worker-3] INFO  server.GrpcService (GrpcService.java:closeImpl(311)) - 7cfd9c5f-6b01-4921-8aee-b720897a5c16: shutdown server org.apache.ratis.grpc.server.GrpcAdminProtocolService now
2023-09-28 12:58:31,236 [ForkJoinPool.commonPool-worker-3] INFO  server.GrpcService (GrpcService.java:closeImpl(320)) - 7cfd9c5f-6b01-4921-8aee-b720897a5c16: shutdown server org.apache.ratis.grpc.server.GrpcAdminProtocolService successfully
2023-09-28 12:58:31,236 [6aca8935-1d6c-4d3a-a292-fe52e1537be9-impl-thread2] INFO  server.RaftServer$Division (RaftServerImpl.java:lambda$close$4(466)) - 6aca8935-1d6c-4d3a-a292-fe52e1537be9@group-A6141398DD36: shutdown
2023-09-28 12:58:31,236 [6aca8935-1d6c-4d3a-a292-fe52e1537be9-impl-thread2] INFO  util.JmxRegister (JmxRegister.java:unregister(73)) - Successfully un-registered JMX Bean with object name Ratis:service=RaftServer,group=group-A6141398DD36,id=6aca8935-1d6c-4d3a-a292-fe52e1537be9
2023-09-28 12:58:31,236 [6aca8935-1d6c-4d3a-a292-fe52e1537be9-impl-thread2] INFO  impl.RoleInfo (RoleInfo.java:shutdownFollowerState(110)) - 6aca8935-1d6c-4d3a-a292-fe52e1537be9: shutdown 6aca8935-1d6c-4d3a-a292-fe52e1537be9@group-A6141398DD36-FollowerState
2023-09-28 12:58:31,236 [6aca8935-1d6c-4d3a-a292-fe52e1537be9-impl-thread3] INFO  server.RaftServer$Division (RaftServerImpl.java:lambda$close$4(466)) - 6aca8935-1d6c-4d3a-a292-fe52e1537be9@group-3F43FFF779B4: shutdown
2023-09-28 12:58:31,236 [6aca8935-1d6c-4d3a-a292-fe52e1537be9-impl-thread3] INFO  util.JmxRegister (JmxRegister.java:unregister(73)) - Successfully un-registered JMX Bean with object name Ratis:service=RaftServer,group=group-3F43FFF779B4,id=6aca8935-1d6c-4d3a-a292-fe52e1537be9
2023-09-28 12:58:31,237 [6aca8935-1d6c-4d3a-a292-fe52e1537be9-impl-thread3] INFO  impl.RoleInfo (RoleInfo.java:shutdownLeaderState(93)) - 6aca8935-1d6c-4d3a-a292-fe52e1537be9: shutdown 6aca8935-1d6c-4d3a-a292-fe52e1537be9@group-3F43FFF779B4-LeaderStateImpl
2023-09-28 12:58:31,239 [ForkJoinPool.commonPool-worker-0] INFO  server.GrpcService (GrpcService.java:closeImpl(311)) - 6aca8935-1d6c-4d3a-a292-fe52e1537be9: shutdown server org.apache.ratis.grpc.server.GrpcClientProtocolService now
2023-09-28 12:58:31,240 [7cfd9c5f-6b01-4921-8aee-b720897a5c16-NettyServerStreamRpc-bossGroup--thread1] INFO  logging.LoggingHandler (AbstractInternalLogger.java:log(148)) - [id: 0x2dbd22e7, L:/0:0:0:0:0:0:0:0:15077] CLOSE
2023-09-28 12:58:31,240 [7cfd9c5f-6b01-4921-8aee-b720897a5c16-NettyServerStreamRpc-bossGroup--thread1] INFO  logging.LoggingHandler (AbstractInternalLogger.java:log(148)) - [id: 0x2dbd22e7, L:/0:0:0:0:0:0:0:0:15077] INACTIVE
2023-09-28 12:58:31,240 [7cfd9c5f-6b01-4921-8aee-b720897a5c16-NettyServerStreamRpc-bossGroup--thread1] INFO  logging.LoggingHandler (AbstractInternalLogger.java:log(148)) - [id: 0x2dbd22e7, L:/0:0:0:0:0:0:0:0:15077] UNREGISTERED
2023-09-28 12:58:31,240 [6aca8935-1d6c-4d3a-a292-fe52e1537be9-impl-thread4] INFO  server.RaftServer$Division (RaftServerImpl.java:lambda$close$4(466)) - 6aca8935-1d6c-4d3a-a292-fe52e1537be9@group-C280A57FCAA9: shutdown
2023-09-28 12:58:31,240 [6aca8935-1d6c-4d3a-a292-fe52e1537be9-impl-thread4] INFO  util.JmxRegister (JmxRegister.java:unregister(73)) - Successfully un-registered JMX Bean with object name Ratis:service=RaftServer,group=group-C280A57FCAA9,id=6aca8935-1d6c-4d3a-a292-fe52e1537be9
2023-09-28 12:58:31,240 [6aca8935-1d6c-4d3a-a292-fe52e1537be9-impl-thread4] INFO  impl.RoleInfo (RoleInfo.java:shutdownLeaderState(93)) - 6aca8935-1d6c-4d3a-a292-fe52e1537be9: shutdown 6aca8935-1d6c-4d3a-a292-fe52e1537be9@group-C280A57FCAA9-LeaderStateImpl
2023-09-28 12:58:31,241 [6aca8935-1d6c-4d3a-a292-fe52e1537be9-impl-thread4] INFO  impl.PendingRequests (PendingRequests.java:sendNotLeaderResponses(289)) - 6aca8935-1d6c-4d3a-a292-fe52e1537be9@group-C280A57FCAA9-PendingRequests: sendNotLeaderResponses
2023-09-28 12:58:31,241 [grpc-default-executor-0] WARN  server.GrpcClientProtocolService (LogUtils.java:warn(122)) - 1-OrderedRequestStreamObserver1: onError: org.apache.ratis.thirdparty.io.grpc.StatusRuntimeException: CANCELLED: client cancelled
2023-09-28 12:58:31,241 [6aca8935-1d6c-4d3a-a292-fe52e1537be9-impl-thread4] INFO  impl.StateMachineUpdater (StateMachineUpdater.java:stopAndJoin(155)) - 6aca8935-1d6c-4d3a-a292-fe52e1537be9@group-C280A57FCAA9-StateMachineUpdater: set stopIndex = 0
2023-09-28 12:58:31,241 [grpc-default-executor-1] WARN  server.GrpcClientProtocolService (LogUtils.java:warn(122)) - 2-UnorderedRequestStreamObserver2: onError: org.apache.ratis.thirdparty.io.grpc.StatusRuntimeException: CANCELLED: client cancelled
2023-09-28 12:58:31,241 [6aca8935-1d6c-4d3a-a292-fe52e1537be9@group-C280A57FCAA9-StateMachineUpdater] INFO  ratis.ContainerStateMachine (ContainerStateMachine.java:takeSnapshot(330)) - group-C280A57FCAA9: Taking a snapshot at:(t:1, i:0) file /home/runner/work/ozone/ozone/hadoop-ozone/integration-test/target/test-dir/MiniOzoneClusterImpl-e5738b5b-ff1d-4187-9339-882699725c5e/datanode-0/data/ratis/7bcf3dc0-e842-49ce-8a5a-c280a57fcaa9/sm/snapshot.1_0
2023-09-28 12:58:31,243 [6aca8935-1d6c-4d3a-a292-fe52e1537be9@group-C280A57FCAA9-StateMachineUpdater] INFO  ratis.ContainerStateMachine (ContainerStateMachine.java:takeSnapshot(341)) - group-C280A57FCAA9: Finished taking a snapshot at:(t:1, i:0) file:/home/runner/work/ozone/ozone/hadoop-ozone/integration-test/target/test-dir/MiniOzoneClusterImpl-e5738b5b-ff1d-4187-9339-882699725c5e/datanode-0/data/ratis/7bcf3dc0-e842-49ce-8a5a-c280a57fcaa9/sm/snapshot.1_0 took: 2 ms
2023-09-28 12:58:31,243 [6aca8935-1d6c-4d3a-a292-fe52e1537be9@group-C280A57FCAA9-StateMachineUpdater] INFO  impl.StateMachineUpdater (StateMachineUpdater.java:takeSnapshot(291)) - 6aca8935-1d6c-4d3a-a292-fe52e1537be9@group-C280A57FCAA9-StateMachineUpdater: Took a snapshot at index 0
2023-09-28 12:58:31,243 [6aca8935-1d6c-4d3a-a292-fe52e1537be9@group-C280A57FCAA9-StateMachineUpdater] INFO  impl.StateMachineUpdater (StateMachineUpdater.java:lambda$new$0(97)) - 6aca8935-1d6c-4d3a-a292-fe52e1537be9@group-C280A57FCAA9-StateMachineUpdater: snapshotIndex: updateIncreasingly -1 -> 0
2023-09-28 12:58:31,245 [6aca8935-1d6c-4d3a-a292-fe52e1537be9-impl-thread4] INFO  server.RaftServer$Division (ServerState.java:close(472)) - 6aca8935-1d6c-4d3a-a292-fe52e1537be9@group-C280A57FCAA9: closes. applyIndex: 0
2023-09-28 12:58:31,249 [6aca8935-1d6c-4d3a-a292-fe52e1537be9-impl-thread3] INFO  impl.PendingRequests (PendingRequests.java:sendNotLeaderResponses(289)) - 6aca8935-1d6c-4d3a-a292-fe52e1537be9@group-3F43FFF779B4-PendingRequests: sendNotLeaderResponses
2023-09-28 12:58:31,250 [6aca8935-1d6c-4d3a-a292-fe52e1537be9-impl-thread2] INFO  impl.StateMachineUpdater (StateMachineUpdater.java:stopAndJoin(155)) - 6aca8935-1d6c-4d3a-a292-fe52e1537be9@group-A6141398DD36-StateMachineUpdater: set stopIndex = 22
2023-09-28 12:58:31,250 [6aca8935-1d6c-4d3a-a292-fe52e1537be9@group-A6141398DD36-FollowerState] INFO  impl.FollowerState (FollowerState.java:run(152)) - 6aca8935-1d6c-4d3a-a292-fe52e1537be9@group-A6141398DD36-FollowerState was interrupted
2023-09-28 12:58:31,250 [6aca8935-1d6c-4d3a-a292-fe52e1537be9@group-A6141398DD36-StateMachineUpdater] INFO  ratis.ContainerStateMachine (ContainerStateMachine.java:takeSnapshot(330)) - group-A6141398DD36: Taking a snapshot at:(t:1, i:22) file /home/runner/work/ozone/ozone/hadoop-ozone/integration-test/target/test-dir/MiniOzoneClusterImpl-e5738b5b-ff1d-4187-9339-882699725c5e/datanode-0/data/ratis/ad0d1982-956e-4e08-86a2-a6141398dd36/sm/snapshot.1_22
2023-09-28 12:58:31,251 [6aca8935-1d6c-4d3a-a292-fe52e1537be9@group-3F43FFF779B4->0f9fbc80-e5a1-4c69-bc7e-bbf3cec1ed51-GrpcLogAppender-LogAppenderDaemon] WARN  server.GrpcLogAppender (GrpcLogAppender.java:mayWait(199)) - 6aca8935-1d6c-4d3a-a292-fe52e1537be9@group-3F43FFF779B4->0f9fbc80-e5a1-4c69-bc7e-bbf3cec1ed51-GrpcLogAppender: Wait interrupted by java.lang.InterruptedException
2023-09-28 12:58:31,251 [6aca8935-1d6c-4d3a-a292-fe52e1537be9@group-3F43FFF779B4->7cfd9c5f-6b01-4921-8aee-b720897a5c16-GrpcLogAppender-LogAppenderDaemon] WARN  server.GrpcLogAppender (GrpcLogAppender.java:mayWait(199)) - 6aca8935-1d6c-4d3a-a292-fe52e1537be9@group-3F43FFF779B4->7cfd9c5f-6b01-4921-8aee-b720897a5c16-GrpcLogAppender: Wait interrupted by java.lang.InterruptedException
2023-09-28 12:58:31,252 [6aca8935-1d6c-4d3a-a292-fe52e1537be9@group-A6141398DD36-StateMachineUpdater] INFO  ratis.ContainerStateMachine (ContainerStateMachine.java:takeSnapshot(341)) - group-A6141398DD36: Finished taking a snapshot at:(t:1, i:22) file:/home/runner/work/ozone/ozone/hadoop-ozone/integration-test/target/test-dir/MiniOzoneClusterImpl-e5738b5b-ff1d-4187-9339-882699725c5e/datanode-0/data/ratis/ad0d1982-956e-4e08-86a2-a6141398dd36/sm/snapshot.1_22 took: 2 ms
2023-09-28 12:58:31,252 [6aca8935-1d6c-4d3a-a292-fe52e1537be9@group-A6141398DD36-StateMachineUpdater] INFO  impl.StateMachineUpdater (StateMachineUpdater.java:takeSnapshot(291)) - 6aca8935-1d6c-4d3a-a292-fe52e1537be9@group-A6141398DD36-StateMachineUpdater: Took a snapshot at index 22
2023-09-28 12:58:31,252 [6aca8935-1d6c-4d3a-a292-fe52e1537be9@group-A6141398DD36-StateMachineUpdater] INFO  impl.StateMachineUpdater (StateMachineUpdater.java:lambda$new$0(97)) - 6aca8935-1d6c-4d3a-a292-fe52e1537be9@group-A6141398DD36-StateMachineUpdater: snapshotIndex: updateIncreasingly -1 -> 22
2023-09-28 12:58:31,253 [6aca8935-1d6c-4d3a-a292-fe52e1537be9-impl-thread2] INFO  server.RaftServer$Division (ServerState.java:close(472)) - 6aca8935-1d6c-4d3a-a292-fe52e1537be9@group-A6141398DD36: closes. applyIndex: 22
2023-09-28 12:58:31,265 [Thread-1067] INFO  server.GrpcServerProtocolClient (GrpcServerProtocolClient.java:close(103)) - 7cfd9c5f-6b01-4921-8aee-b720897a5c16 Close channels
2023-09-28 12:58:31,278 [6aca8935-1d6c-4d3a-a292-fe52e1537be9-impl-thread3] INFO  impl.StateMachineUpdater (StateMachineUpdater.java:stopAndJoin(155)) - 6aca8935-1d6c-4d3a-a292-fe52e1537be9@group-3F43FFF779B4-StateMachineUpdater: set stopIndex = 8
2023-09-28 12:58:31,279 [Thread-1070] INFO  server.GrpcServerProtocolClient (GrpcServerProtocolClient.java:close(103)) - 0f9fbc80-e5a1-4c69-bc7e-bbf3cec1ed51 Close channels
2023-09-28 12:58:31,279 [6aca8935-1d6c-4d3a-a292-fe52e1537be9@group-3F43FFF779B4-StateMachineUpdater] INFO  ratis.ContainerStateMachine (ContainerStateMachine.java:takeSnapshot(330)) - group-3F43FFF779B4: Taking a snapshot at:(t:1, i:8) file /home/runner/work/ozone/ozone/hadoop-ozone/integration-test/target/test-dir/MiniOzoneClusterImpl-e5738b5b-ff1d-4187-9339-882699725c5e/datanode-0/data/ratis/5e50b054-075a-4fbd-94d2-3f43fff779b4/sm/snapshot.1_8
2023-09-28 12:58:31,279 [ForkJoinPool.commonPool-worker-0] INFO  server.GrpcService (GrpcService.java:closeImpl(320)) - 6aca8935-1d6c-4d3a-a292-fe52e1537be9: shutdown server org.apache.ratis.grpc.server.GrpcClientProtocolService successfully
2023-09-28 12:58:31,279 [ForkJoinPool.commonPool-worker-0] INFO  server.GrpcService (GrpcService.java:closeImpl(311)) - 6aca8935-1d6c-4d3a-a292-fe52e1537be9: shutdown server GrpcServerProtocolService now
2023-09-28 12:58:31,282 [6aca8935-1d6c-4d3a-a292-fe52e1537be9@group-3F43FFF779B4-StateMachineUpdater] INFO  ratis.ContainerStateMachine (ContainerStateMachine.java:takeSnapshot(341)) - group-3F43FFF779B4: Finished taking a snapshot at:(t:1, i:8) file:/home/runner/work/ozone/ozone/hadoop-ozone/integration-test/target/test-dir/MiniOzoneClusterImpl-e5738b5b-ff1d-4187-9339-882699725c5e/datanode-0/data/ratis/5e50b054-075a-4fbd-94d2-3f43fff779b4/sm/snapshot.1_8 took: 2 ms
2023-09-28 12:58:31,282 [6aca8935-1d6c-4d3a-a292-fe52e1537be9@group-3F43FFF779B4-StateMachineUpdater] INFO  impl.StateMachineUpdater (StateMachineUpdater.java:takeSnapshot(291)) - 6aca8935-1d6c-4d3a-a292-fe52e1537be9@group-3F43FFF779B4-StateMachineUpdater: Took a snapshot at index 8
2023-09-28 12:58:31,282 [6aca8935-1d6c-4d3a-a292-fe52e1537be9@group-3F43FFF779B4-StateMachineUpdater] INFO  impl.StateMachineUpdater (StateMachineUpdater.java:lambda$new$0(97)) - 6aca8935-1d6c-4d3a-a292-fe52e1537be9@group-3F43FFF779B4-StateMachineUpdater: snapshotIndex: updateIncreasingly -1 -> 8
2023-09-28 12:58:31,282 [6aca8935-1d6c-4d3a-a292-fe52e1537be9-impl-thread3] INFO  server.RaftServer$Division (ServerState.java:close(472)) - 6aca8935-1d6c-4d3a-a292-fe52e1537be9@group-3F43FFF779B4: closes. applyIndex: 8
2023-09-28 12:58:31,294 [ForkJoinPool.commonPool-worker-0] INFO  server.GrpcService (GrpcService.java:closeImpl(320)) - 6aca8935-1d6c-4d3a-a292-fe52e1537be9: shutdown server GrpcServerProtocolService successfully
2023-09-28 12:58:31,294 [ForkJoinPool.commonPool-worker-0] INFO  server.GrpcService (GrpcService.java:closeImpl(311)) - 6aca8935-1d6c-4d3a-a292-fe52e1537be9: shutdown server org.apache.ratis.grpc.server.GrpcAdminProtocolService now
2023-09-28 12:58:31,296 [ForkJoinPool.commonPool-worker-0] INFO  server.GrpcService (GrpcService.java:closeImpl(320)) - 6aca8935-1d6c-4d3a-a292-fe52e1537be9: shutdown server org.apache.ratis.grpc.server.GrpcAdminProtocolService successfully
2023-09-28 12:58:31,298 [6aca8935-1d6c-4d3a-a292-fe52e1537be9-NettyServerStreamRpc-bossGroup--thread1] INFO  logging.LoggingHandler (AbstractInternalLogger.java:log(148)) - [id: 0xd789901a, L:/0:0:0:0:0:0:0:0:15068] CLOSE
2023-09-28 12:58:31,298 [6aca8935-1d6c-4d3a-a292-fe52e1537be9-NettyServerStreamRpc-bossGroup--thread1] INFO  logging.LoggingHandler (AbstractInternalLogger.java:log(148)) - [id: 0xd789901a, L:/0:0:0:0:0:0:0:0:15068] INACTIVE
2023-09-28 12:58:31,298 [6aca8935-1d6c-4d3a-a292-fe52e1537be9-NettyServerStreamRpc-bossGroup--thread1] INFO  logging.LoggingHandler (AbstractInternalLogger.java:log(148)) - [id: 0xd789901a, L:/0:0:0:0:0:0:0:0:15068] UNREGISTERED
2023-09-28 12:58:31,309 [ForkJoinPool.commonPool-worker-1] INFO  ozoneimpl.OzoneContainer (OzoneContainer.java:stop(451)) - Attempting to stop container services.
2023-09-28 12:58:31,310 [ForkJoinPool.commonPool-worker-1] INFO  server.RaftServer (RaftServerProxy.java:lambda$close$6(416)) - f243e081-7f32-4351-9ea9-befbe250a72f: close
2023-09-28 12:58:31,311 [ForkJoinPool.commonPool-worker-1] INFO  server.GrpcService (GrpcService.java:closeImpl(311)) - f243e081-7f32-4351-9ea9-befbe250a72f: shutdown server org.apache.ratis.grpc.server.GrpcClientProtocolService now
2023-09-28 12:58:31,312 [f243e081-7f32-4351-9ea9-befbe250a72f-impl-thread2] INFO  server.RaftServer$Division (RaftServerImpl.java:lambda$close$4(466)) - f243e081-7f32-4351-9ea9-befbe250a72f@group-0F567A3A2A55: shutdown
2023-09-28 12:58:31,312 [f243e081-7f32-4351-9ea9-befbe250a72f-impl-thread2] INFO  util.JmxRegister (JmxRegister.java:unregister(73)) - Successfully un-registered JMX Bean with object name Ratis:service=RaftServer,group=group-0F567A3A2A55,id=f243e081-7f32-4351-9ea9-befbe250a72f
2023-09-28 12:58:31,312 [f243e081-7f32-4351-9ea9-befbe250a72f-impl-thread2] INFO  impl.RoleInfo (RoleInfo.java:shutdownLeaderState(93)) - f243e081-7f32-4351-9ea9-befbe250a72f: shutdown f243e081-7f32-4351-9ea9-befbe250a72f@group-0F567A3A2A55-LeaderStateImpl
2023-09-28 12:58:31,312 [f243e081-7f32-4351-9ea9-befbe250a72f-impl-thread2] INFO  impl.PendingRequests (PendingRequests.java:sendNotLeaderResponses(289)) - f243e081-7f32-4351-9ea9-befbe250a72f@group-0F567A3A2A55-PendingRequests: sendNotLeaderResponses
2023-09-28 12:58:31,312 [f243e081-7f32-4351-9ea9-befbe250a72f-impl-thread2] INFO  impl.StateMachineUpdater (StateMachineUpdater.java:stopAndJoin(155)) - f243e081-7f32-4351-9ea9-befbe250a72f@group-0F567A3A2A55-StateMachineUpdater: set stopIndex = 0
2023-09-28 12:58:31,312 [f243e081-7f32-4351-9ea9-befbe250a72f@group-0F567A3A2A55-StateMachineUpdater] INFO  ratis.ContainerStateMachine (ContainerStateMachine.java:takeSnapshot(330)) - group-0F567A3A2A55: Taking a snapshot at:(t:1, i:0) file /home/runner/work/ozone/ozone/hadoop-ozone/integration-test/target/test-dir/MiniOzoneClusterImpl-e5738b5b-ff1d-4187-9339-882699725c5e/datanode-4/data/ratis/0db309bd-0566-442c-ac7a-0f567a3a2a55/sm/snapshot.1_0
2023-09-28 12:58:31,312 [ForkJoinPool.commonPool-worker-1] INFO  server.GrpcService (GrpcService.java:closeImpl(320)) - f243e081-7f32-4351-9ea9-befbe250a72f: shutdown server org.apache.ratis.grpc.server.GrpcClientProtocolService successfully
2023-09-28 12:58:31,313 [ForkJoinPool.commonPool-worker-1] INFO  server.GrpcService (GrpcService.java:closeImpl(311)) - f243e081-7f32-4351-9ea9-befbe250a72f: shutdown server GrpcServerProtocolService now
2023-09-28 12:58:31,313 [f243e081-7f32-4351-9ea9-befbe250a72f@group-0F567A3A2A55-StateMachineUpdater] INFO  ratis.ContainerStateMachine (ContainerStateMachine.java:takeSnapshot(341)) - group-0F567A3A2A55: Finished taking a snapshot at:(t:1, i:0) file:/home/runner/work/ozone/ozone/hadoop-ozone/integration-test/target/test-dir/MiniOzoneClusterImpl-e5738b5b-ff1d-4187-9339-882699725c5e/datanode-4/data/ratis/0db309bd-0566-442c-ac7a-0f567a3a2a55/sm/snapshot.1_0 took: 1 ms
2023-09-28 12:58:31,313 [f243e081-7f32-4351-9ea9-befbe250a72f@group-0F567A3A2A55-StateMachineUpdater] INFO  impl.StateMachineUpdater (StateMachineUpdater.java:takeSnapshot(291)) - f243e081-7f32-4351-9ea9-befbe250a72f@group-0F567A3A2A55-StateMachineUpdater: Took a snapshot at index 0
2023-09-28 12:58:31,313 [f243e081-7f32-4351-9ea9-befbe250a72f@group-0F567A3A2A55-StateMachineUpdater] INFO  impl.StateMachineUpdater (StateMachineUpdater.java:lambda$new$0(97)) - f243e081-7f32-4351-9ea9-befbe250a72f@group-0F567A3A2A55-StateMachineUpdater: snapshotIndex: updateIncreasingly -1 -> 0
2023-09-28 12:58:31,314 [f243e081-7f32-4351-9ea9-befbe250a72f-impl-thread2] INFO  server.RaftServer$Division (ServerState.java:close(472)) - f243e081-7f32-4351-9ea9-befbe250a72f@group-0F567A3A2A55: closes. applyIndex: 0
2023-09-28 12:58:31,318 [ForkJoinPool.commonPool-worker-1] INFO  server.GrpcService (GrpcService.java:closeImpl(320)) - f243e081-7f32-4351-9ea9-befbe250a72f: shutdown server GrpcServerProtocolService successfully
2023-09-28 12:58:31,318 [ForkJoinPool.commonPool-worker-1] INFO  server.GrpcService (GrpcService.java:closeImpl(311)) - f243e081-7f32-4351-9ea9-befbe250a72f: shutdown server org.apache.ratis.grpc.server.GrpcAdminProtocolService now
2023-09-28 12:58:31,322 [ForkJoinPool.commonPool-worker-2] INFO  ozoneimpl.OzoneContainer (OzoneContainer.java:stop(451)) - Attempting to stop container services.
2023-09-28 12:58:31,325 [ForkJoinPool.commonPool-worker-1] INFO  server.GrpcService (GrpcService.java:closeImpl(320)) - f243e081-7f32-4351-9ea9-befbe250a72f: shutdown server org.apache.ratis.grpc.server.GrpcAdminProtocolService successfully
2023-09-28 12:58:31,326 [ForkJoinPool.commonPool-worker-2] INFO  server.RaftServer (RaftServerProxy.java:lambda$close$6(416)) - 3367f98c-98b8-4b1e-994c-c2057e541421: close
2023-09-28 12:58:31,326 [f243e081-7f32-4351-9ea9-befbe250a72f-NettyServerStreamRpc-bossGroup--thread1] INFO  logging.LoggingHandler (AbstractInternalLogger.java:log(148)) - [id: 0xeec03a01, L:/0:0:0:0:0:0:0:0:15104] CLOSE
2023-09-28 12:58:31,326 [f243e081-7f32-4351-9ea9-befbe250a72f-NettyServerStreamRpc-bossGroup--thread1] INFO  logging.LoggingHandler (AbstractInternalLogger.java:log(148)) - [id: 0xeec03a01, L:/0:0:0:0:0:0:0:0:15104] INACTIVE
2023-09-28 12:58:31,326 [f243e081-7f32-4351-9ea9-befbe250a72f-NettyServerStreamRpc-bossGroup--thread1] INFO  logging.LoggingHandler (AbstractInternalLogger.java:log(148)) - [id: 0xeec03a01, L:/0:0:0:0:0:0:0:0:15104] UNREGISTERED
2023-09-28 12:58:31,329 [ForkJoinPool.commonPool-worker-2] INFO  server.GrpcService (GrpcService.java:closeImpl(311)) - 3367f98c-98b8-4b1e-994c-c2057e541421: shutdown server org.apache.ratis.grpc.server.GrpcClientProtocolService now
2023-09-28 12:58:31,329 [ForkJoinPool.commonPool-worker-2] INFO  server.GrpcService (GrpcService.java:closeImpl(320)) - 3367f98c-98b8-4b1e-994c-c2057e541421: shutdown server org.apache.ratis.grpc.server.GrpcClientProtocolService successfully
2023-09-28 12:58:31,329 [ForkJoinPool.commonPool-worker-2] INFO  server.GrpcService (GrpcService.java:closeImpl(311)) - 3367f98c-98b8-4b1e-994c-c2057e541421: shutdown server GrpcServerProtocolService now
2023-09-28 12:58:31,336 [3367f98c-98b8-4b1e-994c-c2057e541421-impl-thread2] INFO  server.RaftServer$Division (RaftServerImpl.java:lambda$close$4(466)) - 3367f98c-98b8-4b1e-994c-c2057e541421@group-2D8E62EDE98C: shutdown
2023-09-28 12:58:31,336 [3367f98c-98b8-4b1e-994c-c2057e541421-impl-thread2] INFO  util.JmxRegister (JmxRegister.java:unregister(73)) - Successfully un-registered JMX Bean with object name Ratis:service=RaftServer,group=group-2D8E62EDE98C,id=3367f98c-98b8-4b1e-994c-c2057e541421
2023-09-28 12:58:31,336 [3367f98c-98b8-4b1e-994c-c2057e541421-impl-thread2] INFO  impl.RoleInfo (RoleInfo.java:shutdownLeaderState(93)) - 3367f98c-98b8-4b1e-994c-c2057e541421: shutdown 3367f98c-98b8-4b1e-994c-c2057e541421@group-2D8E62EDE98C-LeaderStateImpl
2023-09-28 12:58:31,336 [3367f98c-98b8-4b1e-994c-c2057e541421-impl-thread2] INFO  impl.PendingRequests (PendingRequests.java:sendNotLeaderResponses(289)) - 3367f98c-98b8-4b1e-994c-c2057e541421@group-2D8E62EDE98C-PendingRequests: sendNotLeaderResponses
2023-09-28 12:58:31,336 [3367f98c-98b8-4b1e-994c-c2057e541421-impl-thread2] INFO  impl.StateMachineUpdater (StateMachineUpdater.java:stopAndJoin(155)) - 3367f98c-98b8-4b1e-994c-c2057e541421@group-2D8E62EDE98C-StateMachineUpdater: set stopIndex = 0
2023-09-28 12:58:31,337 [3367f98c-98b8-4b1e-994c-c2057e541421@group-2D8E62EDE98C-StateMachineUpdater] INFO  ratis.ContainerStateMachine (ContainerStateMachine.java:takeSnapshot(330)) - group-2D8E62EDE98C: Taking a snapshot at:(t:1, i:0) file /home/runner/work/ozone/ozone/hadoop-ozone/integration-test/target/test-dir/MiniOzoneClusterImpl-e5738b5b-ff1d-4187-9339-882699725c5e/datanode-3/data/ratis/fafaf605-d5d1-4545-9978-2d8e62ede98c/sm/snapshot.1_0
2023-09-28 12:58:31,337 [3367f98c-98b8-4b1e-994c-c2057e541421@group-2D8E62EDE98C-StateMachineUpdater] INFO  ratis.ContainerStateMachine (ContainerStateMachine.java:takeSnapshot(341)) - group-2D8E62EDE98C: Finished taking a snapshot at:(t:1, i:0) file:/home/runner/work/ozone/ozone/hadoop-ozone/integration-test/target/test-dir/MiniOzoneClusterImpl-e5738b5b-ff1d-4187-9339-882699725c5e/datanode-3/data/ratis/fafaf605-d5d1-4545-9978-2d8e62ede98c/sm/snapshot.1_0 took: 0 ms
2023-09-28 12:58:31,338 [3367f98c-98b8-4b1e-994c-c2057e541421@group-2D8E62EDE98C-StateMachineUpdater] INFO  impl.StateMachineUpdater (StateMachineUpdater.java:takeSnapshot(291)) - 3367f98c-98b8-4b1e-994c-c2057e541421@group-2D8E62EDE98C-StateMachineUpdater: Took a snapshot at index 0
2023-09-28 12:58:31,338 [3367f98c-98b8-4b1e-994c-c2057e541421@group-2D8E62EDE98C-StateMachineUpdater] INFO  impl.StateMachineUpdater (StateMachineUpdater.java:lambda$new$0(97)) - 3367f98c-98b8-4b1e-994c-c2057e541421@group-2D8E62EDE98C-StateMachineUpdater: snapshotIndex: updateIncreasingly -1 -> 0
2023-09-28 12:58:31,338 [3367f98c-98b8-4b1e-994c-c2057e541421-impl-thread2] INFO  server.RaftServer$Division (ServerState.java:close(472)) - 3367f98c-98b8-4b1e-994c-c2057e541421@group-2D8E62EDE98C: closes. applyIndex: 0
2023-09-28 12:58:31,342 [ForkJoinPool.commonPool-worker-2] INFO  server.GrpcService (GrpcService.java:closeImpl(320)) - 3367f98c-98b8-4b1e-994c-c2057e541421: shutdown server GrpcServerProtocolService successfully
2023-09-28 12:58:31,342 [ForkJoinPool.commonPool-worker-2] INFO  server.GrpcService (GrpcService.java:closeImpl(311)) - 3367f98c-98b8-4b1e-994c-c2057e541421: shutdown server org.apache.ratis.grpc.server.GrpcAdminProtocolService now
2023-09-28 12:58:31,346 [ForkJoinPool.commonPool-worker-2] INFO  server.GrpcService (GrpcService.java:closeImpl(320)) - 3367f98c-98b8-4b1e-994c-c2057e541421: shutdown server org.apache.ratis.grpc.server.GrpcAdminProtocolService successfully
2023-09-28 12:58:31,346 [3367f98c-98b8-4b1e-994c-c2057e541421-NettyServerStreamRpc-bossGroup--thread1] INFO  logging.LoggingHandler (AbstractInternalLogger.java:log(148)) - [id: 0x858d426d, L:/0:0:0:0:0:0:0:0:15095] CLOSE
2023-09-28 12:58:31,346 [3367f98c-98b8-4b1e-994c-c2057e541421-NettyServerStreamRpc-bossGroup--thread1] INFO  logging.LoggingHandler (AbstractInternalLogger.java:log(148)) - [id: 0x858d426d, L:/0:0:0:0:0:0:0:0:15095] INACTIVE
2023-09-28 12:58:31,346 [3367f98c-98b8-4b1e-994c-c2057e541421-NettyServerStreamRpc-bossGroup--thread1] INFO  logging.LoggingHandler (AbstractInternalLogger.java:log(148)) - [id: 0x858d426d, L:/0:0:0:0:0:0:0:0:15095] UNREGISTERED
2023-09-28 12:58:31,540 [7cfd9c5f-6b01-4921-8aee-b720897a5c16-impl-thread4] INFO  segmented.SegmentedRaftLogWorker (SegmentedRaftLogWorker.java:close(252)) - 7cfd9c5f-6b01-4921-8aee-b720897a5c16@group-E9E6AC06DEC0-SegmentedRaftLogWorker close()
2023-09-28 12:58:31,543 [f243e081-7f32-4351-9ea9-befbe250a72f-impl-thread2] INFO  segmented.SegmentedRaftLogWorker (SegmentedRaftLogWorker.java:close(252)) - f243e081-7f32-4351-9ea9-befbe250a72f@group-0F567A3A2A55-SegmentedRaftLogWorker close()
2023-09-28 12:58:31,544 [JvmPauseMonitor13] INFO  util.JvmPauseMonitor (JvmPauseMonitor.java:run(109)) - JvmPauseMonitor-f243e081-7f32-4351-9ea9-befbe250a72f: Stopped
2023-09-28 12:58:31,887 [6aca8935-1d6c-4d3a-a292-fe52e1537be9-impl-thread3] INFO  segmented.SegmentedRaftLogWorker (SegmentedRaftLogWorker.java:close(252)) - 6aca8935-1d6c-4d3a-a292-fe52e1537be9@group-3F43FFF779B4-SegmentedRaftLogWorker close()
2023-09-28 12:58:31,896 [0f9fbc80-e5a1-4c69-bc7e-bbf3cec1ed51-impl-thread3] INFO  segmented.SegmentedRaftLogWorker (SegmentedRaftLogWorker.java:close(252)) - 0f9fbc80-e5a1-4c69-bc7e-bbf3cec1ed51@group-3F43FFF779B4-SegmentedRaftLogWorker close()
2023-09-28 12:58:31,898 [7cfd9c5f-6b01-4921-8aee-b720897a5c16-impl-thread3] INFO  segmented.SegmentedRaftLogWorker (SegmentedRaftLogWorker.java:close(252)) - 7cfd9c5f-6b01-4921-8aee-b720897a5c16@group-3F43FFF779B4-SegmentedRaftLogWorker close()
2023-09-28 12:58:31,901 [JvmPauseMonitor10] INFO  util.JvmPauseMonitor (JvmPauseMonitor.java:run(109)) - JvmPauseMonitor-7cfd9c5f-6b01-4921-8aee-b720897a5c16: Stopped
2023-09-28 12:58:32,134 [0f9fbc80-e5a1-4c69-bc7e-bbf3cec1ed51-impl-thread4] INFO  segmented.SegmentedRaftLogWorker (SegmentedRaftLogWorker.java:close(252)) - 0f9fbc80-e5a1-4c69-bc7e-bbf3cec1ed51@group-51F809C613ED-SegmentedRaftLogWorker close()
2023-09-28 12:58:32,145 [6aca8935-1d6c-4d3a-a292-fe52e1537be9-impl-thread2] INFO  segmented.SegmentedRaftLogWorker (SegmentedRaftLogWorker.java:close(252)) - 6aca8935-1d6c-4d3a-a292-fe52e1537be9@group-A6141398DD36-SegmentedRaftLogWorker close()
2023-09-28 12:58:32,153 [6aca8935-1d6c-4d3a-a292-fe52e1537be9-impl-thread4] INFO  segmented.SegmentedRaftLogWorker (SegmentedRaftLogWorker.java:close(252)) - 6aca8935-1d6c-4d3a-a292-fe52e1537be9@group-C280A57FCAA9-SegmentedRaftLogWorker close()
2023-09-28 12:58:32,155 [JvmPauseMonitor9] INFO  util.JvmPauseMonitor (JvmPauseMonitor.java:run(109)) - JvmPauseMonitor-6aca8935-1d6c-4d3a-a292-fe52e1537be9: Stopped
2023-09-28 12:58:32,158 [0f9fbc80-e5a1-4c69-bc7e-bbf3cec1ed51-impl-thread2] INFO  segmented.SegmentedRaftLogWorker (SegmentedRaftLogWorker.java:close(252)) - 0f9fbc80-e5a1-4c69-bc7e-bbf3cec1ed51@group-A6141398DD36-SegmentedRaftLogWorker close()
2023-09-28 12:58:32,159 [3367f98c-98b8-4b1e-994c-c2057e541421-impl-thread2] INFO  segmented.SegmentedRaftLogWorker (SegmentedRaftLogWorker.java:close(252)) - 3367f98c-98b8-4b1e-994c-c2057e541421@group-2D8E62EDE98C-SegmentedRaftLogWorker close()
2023-09-28 12:58:32,159 [JvmPauseMonitor12] INFO  util.JvmPauseMonitor (JvmPauseMonitor.java:run(109)) - JvmPauseMonitor-3367f98c-98b8-4b1e-994c-c2057e541421: Stopped
2023-09-28 12:58:32,160 [JvmPauseMonitor11] INFO  util.JvmPauseMonitor (JvmPauseMonitor.java:run(109)) - JvmPauseMonitor-0f9fbc80-e5a1-4c69-bc7e-bbf3cec1ed51: Stopped
2023-09-28 12:58:33,550 [ForkJoinPool.commonPool-worker-1] INFO  utils.DatanodeStoreCache (DatanodeStoreCache.java:shutdownCache(110)) - Skip clearing cache in mini cluster mode. Entries left: [/home/runner/work/ozone/ozone/hadoop-ozone/integration-test/target/test-dir/MiniOzoneClusterImpl-e5738b5b-ff1d-4187-9339-882699725c5e/datanode-0/data-0/containers/hdds/e5738b5b-ff1d-4187-9339-882699725c5e/DS-7ce0bde6-cc37-46c4-ab7c-1d9e6c8f04d0/container.db, /home/runner/work/ozone/ozone/hadoop-ozone/integration-test/target/test-dir/MiniOzoneClusterImpl-e5738b5b-ff1d-4187-9339-882699725c5e/datanode-1/data-0/containers/hdds/e5738b5b-ff1d-4187-9339-882699725c5e/DS-d276d33e-3e8f-4c37-9f84-7ac8acd8f648/container.db, /home/runner/work/ozone/ozone/hadoop-ozone/integration-test/target/test-dir/MiniOzoneClusterImpl-e5738b5b-ff1d-4187-9339-882699725c5e/datanode-2/data-0/containers/hdds/e5738b5b-ff1d-4187-9339-882699725c5e/DS-9615fc91-3982-43b2-926c-16ad0c62a354/container.db, /home/runner/work/ozone/ozone/hadoop-ozone/integration-test/target/test-dir/MiniOzoneClusterImpl-e5738b5b-ff1d-4187-9339-882699725c5e/datanode-3/data-0/containers/hdds/e5738b5b-ff1d-4187-9339-882699725c5e/DS-35fede76-de4e-4b40-b6bc-8e3adbcc1cff/container.db, /home/runner/work/ozone/ozone/hadoop-ozone/integration-test/target/test-dir/MiniOzoneClusterImpl-e5738b5b-ff1d-4187-9339-882699725c5e/datanode-4/data-0/containers/hdds/e5738b5b-ff1d-4187-9339-882699725c5e/DS-e05e5cbc-e7f5-47d2-a081-ebcce26dfcaf/container.db]
2023-09-28 12:58:33,556 [ForkJoinPool.commonPool-worker-1] INFO  utils.DatanodeStoreCache (DatanodeStoreCache.java:removeDB(104)) - Removed db /home/runner/work/ozone/ozone/hadoop-ozone/integration-test/target/test-dir/MiniOzoneClusterImpl-e5738b5b-ff1d-4187-9339-882699725c5e/datanode-4/data-0/containers/hdds/e5738b5b-ff1d-4187-9339-882699725c5e/DS-e05e5cbc-e7f5-47d2-a081-ebcce26dfcaf/container.db from cache
2023-09-28 12:58:33,557 [ForkJoinPool.commonPool-worker-1] INFO  volume.HddsVolume (HddsVolume.java:closeDbStore(453)) - SchemaV3 db is stopped at /home/runner/work/ozone/ozone/hadoop-ozone/integration-test/target/test-dir/MiniOzoneClusterImpl-e5738b5b-ff1d-4187-9339-882699725c5e/datanode-4/data-0/containers/hdds/e5738b5b-ff1d-4187-9339-882699725c5e/DS-e05e5cbc-e7f5-47d2-a081-ebcce26dfcaf/container.db for volume DS-e05e5cbc-e7f5-47d2-a081-ebcce26dfcaf
2023-09-28 12:58:33,558 [ForkJoinPool.commonPool-worker-1] INFO  utils.BackgroundService (BackgroundService.java:shutdown(141)) - Shutting down service BlockDeletingService
2023-09-28 12:58:33,558 [ForkJoinPool.commonPool-worker-1] INFO  utils.BackgroundService (BackgroundService.java:shutdown(141)) - Shutting down service StaleRecoveringContainerScrubbingService
2023-09-28 12:58:33,563 [ForkJoinPool.commonPool-worker-1] INFO  statemachine.DatanodeStateMachine (DatanodeStateMachine.java:stopDaemon(621)) - Ozone container server stopped.
2023-09-28 12:58:33,577 [ForkJoinPool.commonPool-worker-1] INFO  handler.ContextHandler (ContextHandler.java:doStop(1159)) - Stopped o.e.j.w.WebAppContext@11c50812{hddsDatanode,/,null,STOPPED}{jar:file:/home/runner/.m2/repository/org/apache/ozone/hdds-container-service/1.4.0-SNAPSHOT/hdds-container-service-1.4.0-SNAPSHOT.jar!/webapps/hddsDatanode}
2023-09-28 12:58:33,577 [ForkJoinPool.commonPool-worker-1] INFO  server.AbstractConnector (AbstractConnector.java:doStop(383)) - Stopped ServerConnector@5dddd61f{HTTP/1.1, (http/1.1)}{0.0.0.0:15098}
2023-09-28 12:58:33,577 [ForkJoinPool.commonPool-worker-1] INFO  server.session (HouseKeeper.java:stopScavenging(149)) - node0 Stopped scavenging
2023-09-28 12:58:33,578 [ForkJoinPool.commonPool-worker-1] INFO  handler.ContextHandler (ContextHandler.java:doStop(1159)) - Stopped o.e.j.s.ServletContextHandler@390a5df2{static,/static,jar:file:/home/runner/.m2/repository/org/apache/ozone/hdds-container-service/1.4.0-SNAPSHOT/hdds-container-service-1.4.0-SNAPSHOT.jar!/webapps/static,STOPPED}
2023-09-28 12:58:33,579 [ForkJoinPool.commonPool-worker-1] INFO  handler.ContextHandler (ContextHandler.java:doStop(1159)) - Stopped o.e.j.s.ServletContextHandler@58165fa3{logs,/logs,file:///home/runner/work/ozone/ozone/hadoop-ozone/integration-test/target/log,STOPPED}
2023-09-28 12:58:33,580 [ForkJoinPool.commonPool-worker-1] INFO  ozone.HddsDatanodeClientProtocolServer (HddsDatanodeClientProtocolServer.java:stop(78)) - Stopping the RPC server for Client Protocol
2023-09-28 12:58:33,581 [ForkJoinPool.commonPool-worker-1] INFO  ipc.Server (Server.java:stop(3523)) - Stopping server on 15099
2023-09-28 12:58:33,581 [IPC Server listener on 15099] INFO  ipc.Server (Server.java:run(1434)) - Stopping IPC Server listener on 15099
2023-09-28 12:58:33,590 [IPC Server Responder] INFO  ipc.Server (Server.java:run(1567)) - Stopping IPC Server Responder
2023-09-28 12:58:33,905 [ForkJoinPool.commonPool-worker-3] INFO  utils.DatanodeStoreCache (DatanodeStoreCache.java:shutdownCache(110)) - Skip clearing cache in mini cluster mode. Entries left: [/home/runner/work/ozone/ozone/hadoop-ozone/integration-test/target/test-dir/MiniOzoneClusterImpl-e5738b5b-ff1d-4187-9339-882699725c5e/datanode-0/data-0/containers/hdds/e5738b5b-ff1d-4187-9339-882699725c5e/DS-7ce0bde6-cc37-46c4-ab7c-1d9e6c8f04d0/container.db, /home/runner/work/ozone/ozone/hadoop-ozone/integration-test/target/test-dir/MiniOzoneClusterImpl-e5738b5b-ff1d-4187-9339-882699725c5e/datanode-1/data-0/containers/hdds/e5738b5b-ff1d-4187-9339-882699725c5e/DS-d276d33e-3e8f-4c37-9f84-7ac8acd8f648/container.db, /home/runner/work/ozone/ozone/hadoop-ozone/integration-test/target/test-dir/MiniOzoneClusterImpl-e5738b5b-ff1d-4187-9339-882699725c5e/datanode-2/data-0/containers/hdds/e5738b5b-ff1d-4187-9339-882699725c5e/DS-9615fc91-3982-43b2-926c-16ad0c62a354/container.db, /home/runner/work/ozone/ozone/hadoop-ozone/integration-test/target/test-dir/MiniOzoneClusterImpl-e5738b5b-ff1d-4187-9339-882699725c5e/datanode-3/data-0/containers/hdds/e5738b5b-ff1d-4187-9339-882699725c5e/DS-35fede76-de4e-4b40-b6bc-8e3adbcc1cff/container.db]
2023-09-28 12:58:33,910 [ForkJoinPool.commonPool-worker-3] INFO  utils.DatanodeStoreCache (DatanodeStoreCache.java:removeDB(104)) - Removed db /home/runner/work/ozone/ozone/hadoop-ozone/integration-test/target/test-dir/MiniOzoneClusterImpl-e5738b5b-ff1d-4187-9339-882699725c5e/datanode-1/data-0/containers/hdds/e5738b5b-ff1d-4187-9339-882699725c5e/DS-d276d33e-3e8f-4c37-9f84-7ac8acd8f648/container.db from cache
2023-09-28 12:58:33,910 [ForkJoinPool.commonPool-worker-3] INFO  volume.HddsVolume (HddsVolume.java:closeDbStore(453)) - SchemaV3 db is stopped at /home/runner/work/ozone/ozone/hadoop-ozone/integration-test/target/test-dir/MiniOzoneClusterImpl-e5738b5b-ff1d-4187-9339-882699725c5e/datanode-1/data-0/containers/hdds/e5738b5b-ff1d-4187-9339-882699725c5e/DS-d276d33e-3e8f-4c37-9f84-7ac8acd8f648/container.db for volume DS-d276d33e-3e8f-4c37-9f84-7ac8acd8f648
2023-09-28 12:58:33,911 [ForkJoinPool.commonPool-worker-3] INFO  utils.BackgroundService (BackgroundService.java:shutdown(141)) - Shutting down service BlockDeletingService
2023-09-28 12:58:33,911 [ForkJoinPool.commonPool-worker-3] INFO  utils.BackgroundService (BackgroundService.java:shutdown(141)) - Shutting down service StaleRecoveringContainerScrubbingService
2023-09-28 12:58:33,912 [ForkJoinPool.commonPool-worker-3] INFO  statemachine.DatanodeStateMachine (DatanodeStateMachine.java:stopDaemon(621)) - Ozone container server stopped.
2023-09-28 12:58:33,924 [ForkJoinPool.commonPool-worker-3] INFO  handler.ContextHandler (ContextHandler.java:doStop(1159)) - Stopped o.e.j.w.WebAppContext@50c07d65{hddsDatanode,/,null,STOPPED}{jar:file:/home/runner/.m2/repository/org/apache/ozone/hdds-container-service/1.4.0-SNAPSHOT/hdds-container-service-1.4.0-SNAPSHOT.jar!/webapps/hddsDatanode}
2023-09-28 12:58:33,925 [ForkJoinPool.commonPool-worker-3] INFO  server.AbstractConnector (AbstractConnector.java:doStop(383)) - Stopped ServerConnector@6fcc1dd2{HTTP/1.1, (http/1.1)}{0.0.0.0:15071}
2023-09-28 12:58:33,925 [ForkJoinPool.commonPool-worker-3] INFO  server.session (HouseKeeper.java:stopScavenging(149)) - node0 Stopped scavenging
2023-09-28 12:58:33,927 [ForkJoinPool.commonPool-worker-3] INFO  handler.ContextHandler (ContextHandler.java:doStop(1159)) - Stopped o.e.j.s.ServletContextHandler@16f26810{static,/static,jar:file:/home/runner/.m2/repository/org/apache/ozone/hdds-container-service/1.4.0-SNAPSHOT/hdds-container-service-1.4.0-SNAPSHOT.jar!/webapps/static,STOPPED}
2023-09-28 12:58:33,927 [ForkJoinPool.commonPool-worker-3] INFO  handler.ContextHandler (ContextHandler.java:doStop(1159)) - Stopped o.e.j.s.ServletContextHandler@7655d3c8{logs,/logs,file:///home/runner/work/ozone/ozone/hadoop-ozone/integration-test/target/log,STOPPED}
2023-09-28 12:58:33,928 [ForkJoinPool.commonPool-worker-3] INFO  ozone.HddsDatanodeClientProtocolServer (HddsDatanodeClientProtocolServer.java:stop(78)) - Stopping the RPC server for Client Protocol
2023-09-28 12:58:33,929 [ForkJoinPool.commonPool-worker-3] INFO  ipc.Server (Server.java:stop(3523)) - Stopping server on 15072
2023-09-28 12:58:33,929 [IPC Server listener on 15072] INFO  ipc.Server (Server.java:run(1434)) - Stopping IPC Server listener on 15072
2023-09-28 12:58:33,930 [IPC Server Responder] INFO  ipc.Server (Server.java:run(1567)) - Stopping IPC Server Responder
2023-09-28 12:58:34,160 [ForkJoinPool.commonPool-worker-0] INFO  utils.DatanodeStoreCache (DatanodeStoreCache.java:shutdownCache(110)) - Skip clearing cache in mini cluster mode. Entries left: [/home/runner/work/ozone/ozone/hadoop-ozone/integration-test/target/test-dir/MiniOzoneClusterImpl-e5738b5b-ff1d-4187-9339-882699725c5e/datanode-0/data-0/containers/hdds/e5738b5b-ff1d-4187-9339-882699725c5e/DS-7ce0bde6-cc37-46c4-ab7c-1d9e6c8f04d0/container.db, /home/runner/work/ozone/ozone/hadoop-ozone/integration-test/target/test-dir/MiniOzoneClusterImpl-e5738b5b-ff1d-4187-9339-882699725c5e/datanode-2/data-0/containers/hdds/e5738b5b-ff1d-4187-9339-882699725c5e/DS-9615fc91-3982-43b2-926c-16ad0c62a354/container.db, /home/runner/work/ozone/ozone/hadoop-ozone/integration-test/target/test-dir/MiniOzoneClusterImpl-e5738b5b-ff1d-4187-9339-882699725c5e/datanode-3/data-0/containers/hdds/e5738b5b-ff1d-4187-9339-882699725c5e/DS-35fede76-de4e-4b40-b6bc-8e3adbcc1cff/container.db]
2023-09-28 12:58:34,162 [ForkJoinPool.commonPool-worker-0] INFO  utils.DatanodeStoreCache (DatanodeStoreCache.java:removeDB(104)) - Removed db /home/runner/work/ozone/ozone/hadoop-ozone/integration-test/target/test-dir/MiniOzoneClusterImpl-e5738b5b-ff1d-4187-9339-882699725c5e/datanode-0/data-0/containers/hdds/e5738b5b-ff1d-4187-9339-882699725c5e/DS-7ce0bde6-cc37-46c4-ab7c-1d9e6c8f04d0/container.db from cache
2023-09-28 12:58:34,162 [ForkJoinPool.commonPool-worker-0] INFO  volume.HddsVolume (HddsVolume.java:closeDbStore(453)) - SchemaV3 db is stopped at /home/runner/work/ozone/ozone/hadoop-ozone/integration-test/target/test-dir/MiniOzoneClusterImpl-e5738b5b-ff1d-4187-9339-882699725c5e/datanode-0/data-0/containers/hdds/e5738b5b-ff1d-4187-9339-882699725c5e/DS-7ce0bde6-cc37-46c4-ab7c-1d9e6c8f04d0/container.db for volume DS-7ce0bde6-cc37-46c4-ab7c-1d9e6c8f04d0
2023-09-28 12:58:34,163 [ForkJoinPool.commonPool-worker-2] INFO  utils.DatanodeStoreCache (DatanodeStoreCache.java:shutdownCache(110)) - Skip clearing cache in mini cluster mode. Entries left: [/home/runner/work/ozone/ozone/hadoop-ozone/integration-test/target/test-dir/MiniOzoneClusterImpl-e5738b5b-ff1d-4187-9339-882699725c5e/datanode-2/data-0/containers/hdds/e5738b5b-ff1d-4187-9339-882699725c5e/DS-9615fc91-3982-43b2-926c-16ad0c62a354/container.db, /home/runner/work/ozone/ozone/hadoop-ozone/integration-test/target/test-dir/MiniOzoneClusterImpl-e5738b5b-ff1d-4187-9339-882699725c5e/datanode-3/data-0/containers/hdds/e5738b5b-ff1d-4187-9339-882699725c5e/DS-35fede76-de4e-4b40-b6bc-8e3adbcc1cff/container.db]
2023-09-28 12:58:34,164 [ForkJoinPool.commonPool-worker-0] INFO  utils.BackgroundService (BackgroundService.java:shutdown(141)) - Shutting down service BlockDeletingService
2023-09-28 12:58:34,164 [main] INFO  utils.DatanodeStoreCache (DatanodeStoreCache.java:shutdownCache(110)) - Skip clearing cache in mini cluster mode. Entries left: [/home/runner/work/ozone/ozone/hadoop-ozone/integration-test/target/test-dir/MiniOzoneClusterImpl-e5738b5b-ff1d-4187-9339-882699725c5e/datanode-2/data-0/containers/hdds/e5738b5b-ff1d-4187-9339-882699725c5e/DS-9615fc91-3982-43b2-926c-16ad0c62a354/container.db, /home/runner/work/ozone/ozone/hadoop-ozone/integration-test/target/test-dir/MiniOzoneClusterImpl-e5738b5b-ff1d-4187-9339-882699725c5e/datanode-3/data-0/containers/hdds/e5738b5b-ff1d-4187-9339-882699725c5e/DS-35fede76-de4e-4b40-b6bc-8e3adbcc1cff/container.db]
2023-09-28 12:58:34,165 [ForkJoinPool.commonPool-worker-2] INFO  utils.DatanodeStoreCache (DatanodeStoreCache.java:removeDB(104)) - Removed db /home/runner/work/ozone/ozone/hadoop-ozone/integration-test/target/test-dir/MiniOzoneClusterImpl-e5738b5b-ff1d-4187-9339-882699725c5e/datanode-3/data-0/containers/hdds/e5738b5b-ff1d-4187-9339-882699725c5e/DS-35fede76-de4e-4b40-b6bc-8e3adbcc1cff/container.db from cache
2023-09-28 12:58:34,165 [ForkJoinPool.commonPool-worker-2] INFO  volume.HddsVolume (HddsVolume.java:closeDbStore(453)) - SchemaV3 db is stopped at /home/runner/work/ozone/ozone/hadoop-ozone/integration-test/target/test-dir/MiniOzoneClusterImpl-e5738b5b-ff1d-4187-9339-882699725c5e/datanode-3/data-0/containers/hdds/e5738b5b-ff1d-4187-9339-882699725c5e/DS-35fede76-de4e-4b40-b6bc-8e3adbcc1cff/container.db for volume DS-35fede76-de4e-4b40-b6bc-8e3adbcc1cff
2023-09-28 12:58:34,165 [ForkJoinPool.commonPool-worker-0] INFO  utils.BackgroundService (BackgroundService.java:shutdown(141)) - Shutting down service StaleRecoveringContainerScrubbingService
2023-09-28 12:58:34,166 [ForkJoinPool.commonPool-worker-2] INFO  utils.BackgroundService (BackgroundService.java:shutdown(141)) - Shutting down service BlockDeletingService
2023-09-28 12:58:34,166 [main] INFO  utils.DatanodeStoreCache (DatanodeStoreCache.java:removeDB(104)) - Removed db /home/runner/work/ozone/ozone/hadoop-ozone/integration-test/target/test-dir/MiniOzoneClusterImpl-e5738b5b-ff1d-4187-9339-882699725c5e/datanode-2/data-0/containers/hdds/e5738b5b-ff1d-4187-9339-882699725c5e/DS-9615fc91-3982-43b2-926c-16ad0c62a354/container.db from cache
2023-09-28 12:58:34,166 [main] INFO  volume.HddsVolume (HddsVolume.java:closeDbStore(453)) - SchemaV3 db is stopped at /home/runner/work/ozone/ozone/hadoop-ozone/integration-test/target/test-dir/MiniOzoneClusterImpl-e5738b5b-ff1d-4187-9339-882699725c5e/datanode-2/data-0/containers/hdds/e5738b5b-ff1d-4187-9339-882699725c5e/DS-9615fc91-3982-43b2-926c-16ad0c62a354/container.db for volume DS-9615fc91-3982-43b2-926c-16ad0c62a354
2023-09-28 12:58:34,167 [main] INFO  utils.BackgroundService (BackgroundService.java:shutdown(141)) - Shutting down service BlockDeletingService
2023-09-28 12:58:34,168 [ForkJoinPool.commonPool-worker-2] INFO  utils.BackgroundService (BackgroundService.java:shutdown(141)) - Shutting down service StaleRecoveringContainerScrubbingService
2023-09-28 12:58:34,169 [ForkJoinPool.commonPool-worker-0] INFO  statemachine.DatanodeStateMachine (DatanodeStateMachine.java:stopDaemon(621)) - Ozone container server stopped.
2023-09-28 12:58:34,173 [main] INFO  utils.BackgroundService (BackgroundService.java:shutdown(141)) - Shutting down service StaleRecoveringContainerScrubbingService
2023-09-28 12:58:34,174 [ForkJoinPool.commonPool-worker-2] INFO  statemachine.DatanodeStateMachine (DatanodeStateMachine.java:stopDaemon(621)) - Ozone container server stopped.
2023-09-28 12:58:34,177 [main] INFO  statemachine.DatanodeStateMachine (DatanodeStateMachine.java:stopDaemon(621)) - Ozone container server stopped.
2023-09-28 12:58:34,193 [main] INFO  handler.ContextHandler (ContextHandler.java:doStop(1159)) - Stopped o.e.j.w.WebAppContext@715cf4ff{hddsDatanode,/,null,STOPPED}{jar:file:/home/runner/.m2/repository/org/apache/ozone/hdds-container-service/1.4.0-SNAPSHOT/hdds-container-service-1.4.0-SNAPSHOT.jar!/webapps/hddsDatanode}
2023-09-28 12:58:34,193 [main] INFO  server.AbstractConnector (AbstractConnector.java:doStop(383)) - Stopped ServerConnector@225d6b97{HTTP/1.1, (http/1.1)}{0.0.0.0:15080}
2023-09-28 12:58:34,193 [main] INFO  server.session (HouseKeeper.java:stopScavenging(149)) - node0 Stopped scavenging
2023-09-28 12:58:34,194 [main] INFO  handler.ContextHandler (ContextHandler.java:doStop(1159)) - Stopped o.e.j.s.ServletContextHandler@6739e16a{static,/static,jar:file:/home/runner/.m2/repository/org/apache/ozone/hdds-container-service/1.4.0-SNAPSHOT/hdds-container-service-1.4.0-SNAPSHOT.jar!/webapps/static,STOPPED}
2023-09-28 12:58:34,194 [main] INFO  handler.ContextHandler (ContextHandler.java:doStop(1159)) - Stopped o.e.j.s.ServletContextHandler@6ca029e3{logs,/logs,file:///home/runner/work/ozone/ozone/hadoop-ozone/integration-test/target/log,STOPPED}
2023-09-28 12:58:34,200 [ForkJoinPool.commonPool-worker-0] INFO  handler.ContextHandler (ContextHandler.java:doStop(1159)) - Stopped o.e.j.w.WebAppContext@2db39e62{hddsDatanode,/,null,STOPPED}{jar:file:/home/runner/.m2/repository/org/apache/ozone/hdds-container-service/1.4.0-SNAPSHOT/hdds-container-service-1.4.0-SNAPSHOT.jar!/webapps/hddsDatanode}
2023-09-28 12:58:34,201 [main] INFO  ozone.HddsDatanodeClientProtocolServer (HddsDatanodeClientProtocolServer.java:stop(78)) - Stopping the RPC server for Client Protocol
2023-09-28 12:58:34,203 [ForkJoinPool.commonPool-worker-0] INFO  server.AbstractConnector (AbstractConnector.java:doStop(383)) - Stopped ServerConnector@5bc30777{HTTP/1.1, (http/1.1)}{0.0.0.0:15062}
2023-09-28 12:58:34,203 [main] INFO  ipc.Server (Server.java:stop(3523)) - Stopping server on 15081
2023-09-28 12:58:34,201 [ForkJoinPool.commonPool-worker-2] INFO  handler.ContextHandler (ContextHandler.java:doStop(1159)) - Stopped o.e.j.w.WebAppContext@6d03d594{hddsDatanode,/,null,STOPPED}{jar:file:/home/runner/.m2/repository/org/apache/ozone/hdds-container-service/1.4.0-SNAPSHOT/hdds-container-service-1.4.0-SNAPSHOT.jar!/webapps/hddsDatanode}
2023-09-28 12:58:34,203 [ForkJoinPool.commonPool-worker-0] INFO  server.session (HouseKeeper.java:stopScavenging(149)) - node0 Stopped scavenging
2023-09-28 12:58:34,205 [ForkJoinPool.commonPool-worker-2] INFO  server.AbstractConnector (AbstractConnector.java:doStop(383)) - Stopped ServerConnector@f8ff413{HTTP/1.1, (http/1.1)}{0.0.0.0:15089}
2023-09-28 12:58:34,204 [IPC Server Responder] INFO  ipc.Server (Server.java:run(1567)) - Stopping IPC Server Responder
2023-09-28 12:58:34,204 [IPC Server listener on 15081] INFO  ipc.Server (Server.java:run(1434)) - Stopping IPC Server listener on 15081
2023-09-28 12:58:34,209 [ForkJoinPool.commonPool-worker-2] INFO  server.session (HouseKeeper.java:stopScavenging(149)) - node0 Stopped scavenging
2023-09-28 12:58:34,211 [ForkJoinPool.commonPool-worker-2] INFO  handler.ContextHandler (ContextHandler.java:doStop(1159)) - Stopped o.e.j.s.ServletContextHandler@db670a2{static,/static,jar:file:/home/runner/.m2/repository/org/apache/ozone/hdds-container-service/1.4.0-SNAPSHOT/hdds-container-service-1.4.0-SNAPSHOT.jar!/webapps/static,STOPPED}
2023-09-28 12:58:34,211 [ForkJoinPool.commonPool-worker-0] INFO  handler.ContextHandler (ContextHandler.java:doStop(1159)) - Stopped o.e.j.s.ServletContextHandler@7ba304d2{static,/static,jar:file:/home/runner/.m2/repository/org/apache/ozone/hdds-container-service/1.4.0-SNAPSHOT/hdds-container-service-1.4.0-SNAPSHOT.jar!/webapps/static,STOPPED}
2023-09-28 12:58:34,211 [ForkJoinPool.commonPool-worker-0] INFO  handler.ContextHandler (ContextHandler.java:doStop(1159)) - Stopped o.e.j.s.ServletContextHandler@1a6a5b16{logs,/logs,file:///home/runner/work/ozone/ozone/hadoop-ozone/integration-test/target/log,STOPPED}
2023-09-28 12:58:34,211 [ForkJoinPool.commonPool-worker-2] INFO  handler.ContextHandler (ContextHandler.java:doStop(1159)) - Stopped o.e.j.s.ServletContextHandler@3a1575f8{logs,/logs,file:///home/runner/work/ozone/ozone/hadoop-ozone/integration-test/target/log,STOPPED}
2023-09-28 12:58:34,212 [ForkJoinPool.commonPool-worker-0] INFO  ozone.HddsDatanodeClientProtocolServer (HddsDatanodeClientProtocolServer.java:stop(78)) - Stopping the RPC server for Client Protocol
2023-09-28 12:58:34,213 [ForkJoinPool.commonPool-worker-2] INFO  ozone.HddsDatanodeClientProtocolServer (HddsDatanodeClientProtocolServer.java:stop(78)) - Stopping the RPC server for Client Protocol
2023-09-28 12:58:34,214 [ForkJoinPool.commonPool-worker-2] INFO  ipc.Server (Server.java:stop(3523)) - Stopping server on 15090
2023-09-28 12:58:34,216 [IPC Server Responder] INFO  ipc.Server (Server.java:run(1567)) - Stopping IPC Server Responder
2023-09-28 12:58:34,213 [ForkJoinPool.commonPool-worker-0] INFO  ipc.Server (Server.java:stop(3523)) - Stopping server on 15063
2023-09-28 12:58:34,220 [IPC Server listener on 15090] INFO  ipc.Server (Server.java:run(1434)) - Stopping IPC Server listener on 15090
2023-09-28 12:58:34,221 [IPC Server listener on 15063] INFO  ipc.Server (Server.java:run(1434)) - Stopping IPC Server listener on 15063
2023-09-28 12:58:34,223 [IPC Server Responder] INFO  ipc.Server (Server.java:run(1567)) - Stopping IPC Server Responder
2023-09-28 12:58:34,224 [main] INFO  ozone.MiniOzoneClusterImpl (MiniOzoneClusterImpl.java:stopSCM(548)) - Stopping the StorageContainerManager
2023-09-28 12:58:34,224 [main] INFO  server.StorageContainerManager (StorageContainerManager.java:stop(1591)) - Container Balancer is not running.
2023-09-28 12:58:34,224 [main] INFO  server.StorageContainerManager (StorageContainerManager.java:stopReplicationManager(1724)) - Stopping Replication Manager Service.
2023-09-28 12:58:34,224 [main] INFO  replication.ReplicationManager (ReplicationManager.java:stop(323)) - Stopping Replication Monitor Thread.
2023-09-28 12:58:34,225 [Under Replicated Processor] WARN  replication.UnhealthyReplicationProcessor (UnhealthyReplicationProcessor.java:run(180)) - Under Replicated Processor interrupted. Exiting...
2023-09-28 12:58:34,225 [Over Replicated Processor] WARN  replication.UnhealthyReplicationProcessor (UnhealthyReplicationProcessor.java:run(180)) - Over Replicated Processor interrupted. Exiting...
2023-09-28 12:58:34,226 [main] INFO  server.StorageContainerManager (StorageContainerManager.java:stop(1600)) - Stopping the Datanode Admin Monitor.
2023-09-28 12:58:34,226 [ReplicationMonitor] INFO  replication.ReplicationManager (ReplicationManager.java:run(921)) - Replication Monitor Thread is stopped
2023-09-28 12:58:34,226 [main] INFO  server.StorageContainerManager (StorageContainerManager.java:stop(1607)) - Stopping datanode service RPC server
2023-09-28 12:58:34,227 [main] INFO  server.SCMDatanodeProtocolServer (SCMDatanodeProtocolServer.java:stop(424)) - Stopping the RPC server for DataNodes
2023-09-28 12:58:34,227 [main] INFO  ipc.Server (Server.java:stop(3523)) - Stopping server on 15055
2023-09-28 12:58:34,228 [IPC Server listener on 15055] INFO  ipc.Server (Server.java:run(1434)) - Stopping IPC Server listener on 15055
2023-09-28 12:58:34,230 [IPC Server Responder] INFO  ipc.Server (Server.java:run(1567)) - Stopping IPC Server Responder
2023-09-28 12:58:34,240 [SCM Heartbeat Processing Thread - 0] WARN  node.NodeStateManager (NodeStateManager.java:scheduleNextHealthCheck(874)) - Current Thread is interrupted, shutting down HB processing thread for Node Manager.
2023-09-28 12:58:34,240 [main] INFO  server.StorageContainerManager (StorageContainerManager.java:stop(1615)) - Stopping block service RPC server
2023-09-28 12:58:34,240 [main] INFO  server.SCMBlockProtocolServer (SCMBlockProtocolServer.java:stop(163)) - Stopping the RPC server for Block Protocol
2023-09-28 12:58:34,240 [main] INFO  ipc.Server (Server.java:stop(3523)) - Stopping server on 15054
2023-09-28 12:58:34,242 [IPC Server listener on 15054] INFO  ipc.Server (Server.java:run(1434)) - Stopping IPC Server listener on 15054
2023-09-28 12:58:34,246 [IPC Server Responder] INFO  ipc.Server (Server.java:run(1567)) - Stopping IPC Server Responder
2023-09-28 12:58:34,246 [main] INFO  server.StorageContainerManager (StorageContainerManager.java:stop(1622)) - Stopping the StorageContainerLocationProtocol RPC server
2023-09-28 12:58:34,246 [main] INFO  server.SCMClientProtocolServer (SCMClientProtocolServer.java:stop(210)) - Stopping the RPC server for Client Protocol
2023-09-28 12:58:34,247 [main] INFO  ipc.Server (Server.java:stop(3523)) - Stopping server on 15053
2023-09-28 12:58:34,251 [IPC Server listener on 15053] INFO  ipc.Server (Server.java:run(1434)) - Stopping IPC Server listener on 15053
2023-09-28 12:58:34,252 [main] INFO  server.StorageContainerManager (StorageContainerManager.java:stop(1629)) - Stopping Storage Container Manager HTTP server.
2023-09-28 12:58:34,252 [IPC Server Responder] INFO  ipc.Server (Server.java:run(1567)) - Stopping IPC Server Responder
2023-09-28 12:58:34,253 [main] INFO  handler.ContextHandler (ContextHandler.java:doStop(1159)) - Stopped o.e.j.w.WebAppContext@787bd653{scm,/,null,STOPPED}{file:/home/runner/work/ozone/ozone/hadoop-ozone/integration-test/target/test-classes/webapps/scm}
2023-09-28 12:58:34,253 [main] INFO  server.AbstractConnector (AbstractConnector.java:doStop(383)) - Stopped ServerConnector@5818794a{HTTP/1.1, (http/1.1)}{0.0.0.0:15056}
2023-09-28 12:58:34,253 [main] INFO  server.session (HouseKeeper.java:stopScavenging(149)) - node0 Stopped scavenging
2023-09-28 12:58:34,254 [main] INFO  handler.ContextHandler (ContextHandler.java:doStop(1159)) - Stopped o.e.j.s.ServletContextHandler@3bea96e2{static,/static,file:///home/runner/work/ozone/ozone/hadoop-ozone/integration-test/target/test-classes/webapps/static,STOPPED}
2023-09-28 12:58:34,257 [main] INFO  handler.ContextHandler (ContextHandler.java:doStop(1159)) - Stopped o.e.j.s.ServletContextHandler@32f447f5{logs,/logs,file:///home/runner/work/ozone/ozone/hadoop-ozone/integration-test/target/log,STOPPED}
2023-09-28 12:58:34,258 [main] INFO  server.StorageContainerManager (StorageContainerManager.java:stop(1637)) - Stopping SCM LayoutVersionManager Service.
2023-09-28 12:58:34,258 [main] INFO  server.StorageContainerManager (StorageContainerManager.java:stop(1649)) - Stopping Block Manager Service.
2023-09-28 12:58:34,258 [main] INFO  utils.BackgroundService (BackgroundService.java:shutdown(141)) - Shutting down service SCMBlockDeletingService
2023-09-28 12:58:34,258 [main] INFO  utils.BackgroundService (BackgroundService.java:shutdown(141)) - Shutting down service SCMBlockDeletingService
2023-09-28 12:58:34,259 [main] INFO  server.StorageContainerManager (StorageContainerManager.java:stop(1669)) - Stopping SCM Event Queue.
2023-09-28 12:58:34,260 [JvmPauseMonitor7] INFO  util.JvmPauseMonitor (JvmPauseMonitor.java:run(109)) - JvmPauseMonitor-4c2b6e9d-3a37-41fe-aaa6-d681f7001aed: Stopped
2023-09-28 12:58:34,260 [main] INFO  server.StorageContainerManager (StorageContainerManager.java:stop(1680)) - Stopping SCM HA services.
2023-09-28 12:58:34,260 [main] INFO  pipeline.BackgroundPipelineCreator (BackgroundPipelineCreator.java:stop(149)) - Stopping RatisPipelineUtilsThread.
2023-09-28 12:58:34,260 [RatisPipelineUtilsThread - 0] WARN  pipeline.BackgroundPipelineCreator (BackgroundPipelineCreator.java:run(180)) - RatisPipelineUtilsThread is interrupted.
2023-09-28 12:58:34,260 [BackgroundPipelineScrubberThread] WARN  BackgroundPipelineScrubber (BackgroundSCMService.java:run(115)) - BackgroundPipelineScrubber is interrupted, exit
2023-09-28 12:58:34,261 [main] INFO  BackgroundPipelineScrubber (BackgroundSCMService.java:stop(131)) - Stopping BackgroundPipelineScrubber Service.
2023-09-28 12:58:34,261 [main] INFO  impl.MetricsSystemImpl (MetricsSystemImpl.java:stop(210)) - Stopping HddsDatanode metrics system...
2023-09-28 12:58:34,262 [prometheus] INFO  impl.MetricsSinkAdapter (MetricsSinkAdapter.java:publishMetricsFromQueue(141)) - prometheus thread interrupted.
2023-09-28 12:58:34,266 [main] INFO  impl.MetricsSystemImpl (MetricsSystemImpl.java:stop(216)) - HddsDatanode metrics system stopped.
2023-09-28 12:58:34,266 [main] WARN  pipeline.BackgroundPipelineCreator (BackgroundPipelineCreator.java:stop(145)) - RatisPipelineUtilsThread is not running, just ignore.
2023-09-28 12:58:34,266 [main] INFO  BackgroundPipelineScrubber (BackgroundSCMService.java:stop(126)) - BackgroundPipelineScrubber Service is not running, skip stop.
2023-09-28 12:58:34,266 [ExpiredContainerReplicaOpScrubberThread] WARN  ExpiredContainerReplicaOpScrubber (BackgroundSCMService.java:run(115)) - ExpiredContainerReplicaOpScrubber is interrupted, exit
2023-09-28 12:58:34,266 [main] INFO  ExpiredContainerReplicaOpScrubber (BackgroundSCMService.java:stop(131)) - Stopping ExpiredContainerReplicaOpScrubber Service.
2023-09-28 12:58:34,266 [main] INFO  utils.BackgroundService (BackgroundService.java:shutdown(141)) - Shutting down service SCMBlockDeletingService
2023-09-28 12:58:34,266 [main] INFO  replication.ReplicationManager (ReplicationManager.java:stop(333)) - Replication Monitor Thread is not running.
2023-09-28 12:58:34,266 [main] WARN  balancer.ContainerBalancer (ContainerBalancer.java:stop(326)) - Cannot stop Container Balancer because it's not running or stopping
2023-09-28 12:58:34,267 [Lease Manager-LeaseManager#LeaseMonitor] WARN  lease.LeaseManager (LeaseManager.java:run(287)) - Lease manager is interrupted. Shutting down...
java.lang.InterruptedException
	at java.util.concurrent.locks.AbstractQueuedSynchronizer.doAcquireSharedNanos(AbstractQueuedSynchronizer.java:1039)
	at java.util.concurrent.locks.AbstractQueuedSynchronizer.tryAcquireSharedNanos(AbstractQueuedSynchronizer.java:1328)
	at java.util.concurrent.Semaphore.tryAcquire(Semaphore.java:409)
	at org.apache.hadoop.ozone.lease.LeaseManager$LeaseMonitor.run(LeaseManager.java:285)
	at java.lang.Thread.run(Thread.java:750)
2023-09-28 12:58:34,267 [main] INFO  server.StorageContainerManager (StorageContainerManager.java:stop(1715)) - Stopping SCM MetadataStore.
2023-09-28 12:58:34,315 [main] INFO  db.CodecTestUtil (CodecTestUtil.java:gc(47)) - gc 0
2023-09-28 12:58:34,827 [main] WARN  server.ServerUtils (ServerUtils.java:getScmDbDir(155)) - ozone.scm.db.dirs is not configured. We recommend adding this setting. Falling back to ozone.metadata.dirs instead.
2023-09-28 12:58:34,832 [main] WARN  server.ServerUtils (ServerUtils.java:getScmDbDir(155)) - ozone.scm.db.dirs is not configured. We recommend adding this setting. Falling back to ozone.metadata.dirs instead.
2023-09-28 12:58:34,832 [main] INFO  ha.SCMHANodeDetails (SCMHANodeDetails.java:loadSCMHAConfig(210)) - ServiceID for StorageContainerManager is null
2023-09-28 12:58:34,832 [main] INFO  ha.SCMHANodeDetails (SCMHANodeDetails.java:loadSCMHAConfig(215)) - ozone.scm.default.service.id is not defined, falling back to ozone.scm.service.ids to find serviceID for StorageContainerManager if it is HA enabled cluster
2023-09-28 12:58:34,833 [main] WARN  utils.HAUtils (HAUtils.java:getMetaDir(339)) - ozone.scm.db.dirs is not configured. We recommend adding this setting. Falling back to ozone.metadata.dirs instead.
2023-09-28 12:58:34,833 [main] WARN  db.DBStoreBuilder (DBStoreBuilder.java:applyDBDefinition(166)) - ozone.scm.db.dirs is not configured. We recommend adding this setting. Falling back to ozone.metadata.dirs instead.
2023-09-28 12:58:34,953 [main] INFO  net.NodeSchemaLoader (NodeSchemaLoader.java:loadSchemaFromFile(129)) - Loading schema from [jar:file:/home/runner/.m2/repository/org/apache/ozone/hdds-common/1.4.0-SNAPSHOT/hdds-common-1.4.0-SNAPSHOT.jar!/network-topology-default.xml]
2023-09-28 12:58:34,954 [main] INFO  net.NodeSchemaLoader (NodeSchemaLoader.java:loadSchema(176)) - Loading network topology layer schema file
2023-09-28 12:58:34,958 [main] INFO  upgrade.AbstractLayoutVersionManager (AbstractLayoutVersionManager.java:init(83)) - Initializing Layout version manager with metadata layout = HADOOP_PRC_PORTS_IN_DATANODEDETAILS (version = 7), software layout = HADOOP_PRC_PORTS_IN_DATANODEDETAILS (version = 7)
2023-09-28 12:58:34,959 [main] INFO  ha.SequenceIdGenerator (SequenceIdGenerator.java:upgradeToSequenceId(365)) - upgrade localId to 111677748019200000
2023-09-28 12:58:34,960 [main] INFO  ha.SequenceIdGenerator (SequenceIdGenerator.java:upgradeToSequenceId(375)) - upgrade delTxnId to 0
2023-09-28 12:58:34,961 [main] INFO  ha.SequenceIdGenerator (SequenceIdGenerator.java:upgradeToSequenceId(392)) - upgrade containerId to 0
2023-09-28 12:58:34,962 [main] INFO  ha.SequenceIdGenerator (SequenceIdGenerator.java:upgradeToSequenceId(428)) - upgrade rootCertificateId to 1
2023-09-28 12:58:34,962 [main] INFO  ha.SequenceIdGenerator (SequenceIdGenerator.java:<init>(236)) - Init the HA SequenceIdGenerator.
2023-09-28 12:58:34,962 [main] WARN  server.ServerUtils (ServerUtils.java:sanitizeUserArgs(80)) - ozone.scm.stale.node.interval value = 300000 is larger than max = 100000 based on the key value of ozone.scm.heartbeat.thread.interval, reset to the max value 100000.
2023-09-28 12:58:34,963 [main] WARN  server.ServerUtils (ServerUtils.java:sanitizeUserArgs(80)) - ozone.scm.stale.node.interval value = 300000 is larger than max = 100000 based on the key value of ozone.scm.heartbeat.thread.interval, reset to the max value 100000.
2023-09-28 12:58:34,964 [main] INFO  node.SCMNodeManager (SCMNodeManager.java:<init>(157)) - Entering startup safe mode.
2023-09-28 12:58:34,965 [main] INFO  algorithms.ContainerPlacementPolicyFactory (ContainerPlacementPolicyFactory.java:getPolicyInternal(86)) - Create container placement policy of type org.apache.hadoop.hdds.scm.container.placement.algorithms.SCMContainerPlacementRackAware
2023-09-28 12:58:34,965 [main] INFO  algorithms.ContainerPlacementPolicyFactory (ContainerPlacementPolicyFactory.java:getPolicyInternal(86)) - Create container placement policy of type org.apache.hadoop.hdds.scm.container.placement.algorithms.SCMContainerPlacementRackScatter
2023-09-28 12:58:34,965 [main] INFO  pipeline.PipelineStateManagerImpl (PipelineStateManagerImpl.java:initialize(78)) - No pipeline exists in current db
2023-09-28 12:58:34,965 [main] INFO  algorithms.LeaderChoosePolicyFactory (LeaderChoosePolicyFactory.java:getPolicy(57)) - Create leader choose policy of type org.apache.hadoop.hdds.scm.pipeline.leader.choose.algorithms.MinLeaderCountChoosePolicy
2023-09-28 12:58:34,966 [main] INFO  algorithms.ContainerPlacementPolicyFactory (ContainerPlacementPolicyFactory.java:getPolicyInternal(86)) - Create container placement policy of type org.apache.hadoop.hdds.scm.container.placement.algorithms.SCMContainerPlacementRackScatter
2023-09-28 12:58:34,966 [main] INFO  ha.SCMServiceManager (SCMServiceManager.java:register(42)) - Registering service BackgroundPipelineCreator.
2023-09-28 12:58:34,966 [main] INFO  pipeline.BackgroundPipelineCreator (BackgroundPipelineCreator.java:start(124)) - Starting RatisPipelineUtilsThread.
2023-09-28 12:58:34,967 [main] INFO  BackgroundPipelineScrubber (BackgroundSCMService.java:start(68)) - Starting BackgroundPipelineScrubber Service.
2023-09-28 12:58:34,967 [main] INFO  ha.SCMServiceManager (SCMServiceManager.java:register(42)) - Registering service BackgroundPipelineScrubber.
2023-09-28 12:58:34,969 [main] INFO  ExpiredContainerReplicaOpScrubber (BackgroundSCMService.java:start(68)) - Starting ExpiredContainerReplicaOpScrubber Service.
2023-09-28 12:58:34,971 [main] INFO  ha.SCMServiceManager (SCMServiceManager.java:register(42)) - Registering service ExpiredContainerReplicaOpScrubber.
2023-09-28 12:58:34,973 [main] INFO  algorithms.PipelineChoosePolicyFactory (PipelineChoosePolicyFactory.java:createPipelineChoosePolicyFromClass(78)) - Create pipeline choose policy of type org.apache.hadoop.hdds.scm.pipeline.choose.algorithms.RandomPipelineChoosePolicy
2023-09-28 12:58:34,973 [main] INFO  algorithms.PipelineChoosePolicyFactory (PipelineChoosePolicyFactory.java:createPipelineChoosePolicyFromClass(78)) - Create pipeline choose policy of type org.apache.hadoop.hdds.scm.pipeline.choose.algorithms.RandomPipelineChoosePolicy
2023-09-28 12:58:34,973 [main] INFO  ha.SCMServiceManager (SCMServiceManager.java:register(42)) - Registering service SCMBlockDeletingService.
2023-09-28 12:58:34,974 [main] INFO  replication.ReplicationManager (ReplicationManager.java:start(291)) - Starting Replication Monitor Thread.
2023-09-28 12:58:34,975 [ReplicationMonitor] INFO  replication.ReplicationManager (ReplicationManager.java:processAll(365)) - Replication Manager is not ready to run until 3000ms after safemode exit
2023-09-28 12:58:34,975 [main] INFO  ha.SCMServiceManager (SCMServiceManager.java:register(42)) - Registering service ReplicationManager.
2023-09-28 12:58:34,975 [main] INFO  safemode.ContainerSafeModeRule (ContainerSafeModeRule.java:<init>(90)) - containers with one replica threshold count 0
2023-09-28 12:58:34,976 [main] INFO  safemode.HealthyPipelineSafeModeRule (HealthyPipelineSafeModeRule.java:initializeRule(169)) - Total pipeline count is 0, healthy pipeline threshold count is 1
2023-09-28 12:58:34,976 [main] INFO  safemode.OneReplicaPipelineSafeModeRule (OneReplicaPipelineSafeModeRule.java:initializeRule(180)) - Total pipeline count is 0, pipeline's with at least one datanode reported threshold count is 0
2023-09-28 12:58:34,979 [main] INFO  server.StorageContainerManager (StorageContainerManager.java:<init>(425)) - SCM start with adminUsers: [runner]
2023-09-28 12:58:34,979 [main] INFO  ipc.CallQueueManager (CallQueueManager.java:<init>(90)) - Using callQueue: class java.util.concurrent.LinkedBlockingQueue, queueCapacity: 2000, scheduler: class org.apache.hadoop.ipc.DefaultRpcScheduler, ipcBackoff: false.
2023-09-28 12:58:34,979 [main] INFO  ipc.Server (Server.java:<init>(1287)) - Listener at 0.0.0.0:15108
2023-09-28 12:58:34,983 [Socket Reader #1 for port 15108] INFO  ipc.Server (Server.java:run(1323)) - Starting Socket Reader #1 for port 15108
2023-09-28 12:58:34,984 [main] INFO  ipc.CallQueueManager (CallQueueManager.java:<init>(90)) - Using callQueue: class java.util.concurrent.LinkedBlockingQueue, queueCapacity: 2000, scheduler: class org.apache.hadoop.ipc.DefaultRpcScheduler, ipcBackoff: false.
2023-09-28 12:58:34,984 [main] INFO  ipc.Server (Server.java:<init>(1287)) - Listener at 0.0.0.0:15107
2023-09-28 12:58:34,984 [Socket Reader #1 for port 15107] INFO  ipc.Server (Server.java:run(1323)) - Starting Socket Reader #1 for port 15107
2023-09-28 12:58:34,990 [main] INFO  ipc.CallQueueManager (CallQueueManager.java:<init>(90)) - Using callQueue: class java.util.concurrent.LinkedBlockingQueue, queueCapacity: 2000, scheduler: class org.apache.hadoop.ipc.DefaultRpcScheduler, ipcBackoff: false.
2023-09-28 12:58:34,990 [main] INFO  ipc.Server (Server.java:<init>(1287)) - Listener at 0.0.0.0:15106
2023-09-28 12:58:34,990 [Socket Reader #1 for port 15106] INFO  ipc.Server (Server.java:run(1323)) - Starting Socket Reader #1 for port 15106
2023-09-28 12:58:35,001 [main] INFO  ha.SCMServiceManager (SCMServiceManager.java:register(42)) - Registering service ContainerBalancer.
2023-09-28 12:58:35,002 [main] INFO  server.StorageContainerManager (StorageContainerManager.java:<init>(438)) - 
Container Balancer status:
Key                            Value
Running                        false
Container Balancer Configuration values:
Key                                                Value
Threshold                                          10
Max Datanodes to Involve per Iteration(percent)    20
Max Size to Move per Iteration                     500GB
Max Size Entering Target per Iteration             26GB
Max Size Leaving Source per Iteration              26GB
Number of Iterations                               10
Time Limit for Single Container's Movement         65min
Time Limit for Single Container's Replication      50min
Interval between each Iteration                    70min
Whether to Enable Network Topology                 false
Whether to Trigger Refresh Datanode Usage Info     false
Container IDs to Exclude from Balancing            None
Datanodes Specified to be Balanced                 None
Datanodes Excluded from Balancing                  None

2023-09-28 12:58:35,002 [main] INFO  ha.SCMContext (SCMContext.java:updateSafeModeStatus(228)) - Update SafeModeStatus from SafeModeStatus{safeModeStatus=true, preCheckPassed=false} to SafeModeStatus{safeModeStatus=true, preCheckPassed=false}.
2023-09-28 12:58:35,002 [main] INFO  server.StorageContainerManager (StorageContainerManager.java:start(1483)) - StorageContainerLocationProtocol RPC server is listening at /0.0.0.0:15106
2023-09-28 12:58:35,004 [main] WARN  impl.MetricsConfig (MetricsConfig.java:loadFirst(136)) - Cannot locate configuration: tried hadoop-metrics2-storagecontainermanager.properties,hadoop-metrics2.properties
2023-09-28 12:58:35,004 [main] INFO  impl.MetricsSystemImpl (MetricsSystemImpl.java:startTimer(378)) - Scheduled Metric snapshot period at 10 second(s).
2023-09-28 12:58:35,005 [main] INFO  impl.MetricsSystemImpl (MetricsSystemImpl.java:start(191)) - StorageContainerManager metrics system started
2023-09-28 12:58:35,019 [main] INFO  impl.MetricsSinkAdapter (MetricsSinkAdapter.java:start(204)) - Sink prometheus started
2023-09-28 12:58:35,020 [main] INFO  impl.MetricsSystemImpl (MetricsSystemImpl.java:registerSink(305)) - Registered sink prometheus
2023-09-28 12:58:35,072 [main] INFO  server.SCMClientProtocolServer (SCMClientProtocolServer.java:start(201)) - RPC server for Client  is listening at /0.0.0.0:15106
2023-09-28 12:58:35,072 [IPC Server Responder] INFO  ipc.Server (Server.java:run(1562)) - IPC Server Responder: starting
2023-09-28 12:58:35,077 [IPC Server listener on 15106] INFO  ipc.Server (Server.java:run(1402)) - IPC Server listener on 15106: starting
2023-09-28 12:58:35,084 [main] INFO  server.StorageContainerManager (StorageContainerManager.java:start(1496)) - ScmBlockLocationProtocol RPC server is listening at /0.0.0.0:15107
2023-09-28 12:58:35,084 [main] INFO  server.SCMBlockProtocolServer (SCMBlockProtocolServer.java:start(154)) - RPC server for Block Protocol is listening at /0.0.0.0:15107
2023-09-28 12:58:35,085 [IPC Server Responder] INFO  ipc.Server (Server.java:run(1562)) - IPC Server Responder: starting
2023-09-28 12:58:35,085 [IPC Server listener on 15107] INFO  ipc.Server (Server.java:run(1402)) - IPC Server listener on 15107: starting
2023-09-28 12:58:35,092 [main] INFO  server.SCMDatanodeProtocolServer (SCMDatanodeProtocolServer.java:start(193)) - ScmDatanodeProtocol RPC server for DataNodes is listening at /0.0.0.0:15108
2023-09-28 12:58:35,093 [IPC Server Responder] INFO  ipc.Server (Server.java:run(1562)) - IPC Server Responder: starting
2023-09-28 12:58:35,093 [IPC Server listener on 15108] INFO  ipc.Server (Server.java:run(1402)) - IPC Server listener on 15108: starting
2023-09-28 12:58:35,098 [JvmPauseMonitor14] INFO  util.JvmPauseMonitor (JvmPauseMonitor.java:run(103)) - JvmPauseMonitor-7ec9f688-0de0-4bf4-993c-84aa5ba96258: Started
2023-09-28 12:58:35,099 [main] INFO  http.BaseHttpServer (BaseHttpServer.java:newHttpServer2BuilderForOzone(223)) - Starting Web-server for scm at: http://0.0.0.0:15109
2023-09-28 12:58:35,100 [main] INFO  http.BaseHttpServer (BaseHttpServer.java:<init>(110)) - Hadoop Security Enabled: false Ozone Security Enabled: false Ozone HTTP Security Enabled: false 
2023-09-28 12:58:35,102 [main] WARN  server.AuthenticationFilter (AuthenticationFilter.java:constructSecretProvider(240)) - Unable to initialize FileSignerSecretProvider, falling back to use random secrets. Reason: Could not read signature secret file: /home/runner/hadoop-http-auth-signature-secret
2023-09-28 12:58:35,105 [main] INFO  http.HttpRequestLog (HttpRequestLog.java:getRequestLog(86)) - Http request log for http.requests.scm is not defined
2023-09-28 12:58:35,106 [main] INFO  http.HttpServer2 (HttpServer2.java:addGlobalFilter(1031)) - Added global filter 'safety' (class=org.apache.hadoop.hdds.server.http.HttpServer2$QuotingInputFilter)
2023-09-28 12:58:35,108 [main] INFO  http.HttpServer2 (HttpServer2.java:addFilter(1007)) - Added filter static_user_filter (class=org.apache.hadoop.http.lib.StaticUserWebFilter$StaticUserFilter) to context scm
2023-09-28 12:58:35,108 [main] INFO  http.HttpServer2 (HttpServer2.java:addFilter(1015)) - Added filter static_user_filter (class=org.apache.hadoop.http.lib.StaticUserWebFilter$StaticUserFilter) to context logs
2023-09-28 12:58:35,108 [main] INFO  http.HttpServer2 (HttpServer2.java:addFilter(1015)) - Added filter static_user_filter (class=org.apache.hadoop.http.lib.StaticUserWebFilter$StaticUserFilter) to context static
2023-09-28 12:58:35,109 [main] INFO  http.BaseHttpServer (BaseHttpServer.java:<init>(189)) - HTTP server of scm uses base directory /home/runner/work/ozone/ozone/hadoop-ozone/integration-test/target/test-dir/MiniOzoneClusterImpl-1f8fe502-6e97-4a32-9c6f-93491b2fe8ad/ozone-meta/webserver
2023-09-28 12:58:35,109 [main] INFO  http.HttpServer2 (HttpServer2.java:bindListener(1231)) - Jetty bound to port 15109
2023-09-28 12:58:35,109 [main] INFO  server.Server (Server.java:doStart(375)) - jetty-9.4.52.v20230823; built: 2023-08-23T19:29:37.669Z; git: abdcda73818a1a2c705da276edb0bf6581e7997e; jvm 1.8.0_382-b05
2023-09-28 12:58:35,111 [main] INFO  server.session (DefaultSessionIdManager.java:doStart(334)) - DefaultSessionIdManager workerName=node0
2023-09-28 12:58:35,111 [main] INFO  server.session (DefaultSessionIdManager.java:doStart(339)) - No SessionScavenger set, using defaults
2023-09-28 12:58:35,111 [main] INFO  server.session (HouseKeeper.java:startScavenging(132)) - node0 Scavenging every 600000ms
2023-09-28 12:58:35,112 [main] INFO  handler.ContextHandler (ContextHandler.java:doStart(921)) - Started o.e.j.s.ServletContextHandler@b9ab6c3{logs,/logs,file:///home/runner/work/ozone/ozone/hadoop-ozone/integration-test/target/log,AVAILABLE}
2023-09-28 12:58:35,112 [main] INFO  handler.ContextHandler (ContextHandler.java:doStart(921)) - Started o.e.j.s.ServletContextHandler@63ddb044{static,/static,file:///home/runner/work/ozone/ozone/hadoop-ozone/integration-test/target/test-classes/webapps/static,AVAILABLE}
2023-09-28 12:58:35,116 [main] INFO  handler.ContextHandler (ContextHandler.java:doStart(921)) - Started o.e.j.w.WebAppContext@747e94e4{scm,/,file:///home/runner/work/ozone/ozone/hadoop-ozone/integration-test/target/test-classes/webapps/scm/,AVAILABLE}{file:/home/runner/work/ozone/ozone/hadoop-ozone/integration-test/target/test-classes/webapps/scm}
2023-09-28 12:58:35,117 [main] INFO  server.AbstractConnector (AbstractConnector.java:doStart(333)) - Started ServerConnector@39e1b245{HTTP/1.1, (http/1.1)}{0.0.0.0:15109}
2023-09-28 12:58:35,118 [main] INFO  server.Server (Server.java:doStart(415)) - Started @180970ms
2023-09-28 12:58:35,118 [main] WARN  impl.MetricsSystemImpl (MetricsSystemImpl.java:register(279)) - Sink prometheus already exists!
2023-09-28 12:58:35,118 [main] INFO  http.BaseHttpServer (BaseHttpServer.java:updateConnectorAddress(354)) - HTTP server of scm listening at http://0.0.0.0:15109
2023-09-28 12:58:35,119 [main] WARN  server.ServerUtils (ServerUtils.java:getDBPath(311)) - ozone.om.db.dirs is not configured. We recommend adding this setting. Falling back to ozone.metadata.dirs instead.
2023-09-28 12:58:35,121 [main] INFO  ha.OMHANodeDetails (OMHANodeDetails.java:loadOMHAConfig(115)) - ozone.om.internal.service.id is not defined, falling back to ozone.om.service.ids to find serviceID for OzoneManager if it is HA enabled cluster
2023-09-28 12:58:35,121 [main] INFO  ha.OMHANodeDetails (OMHANodeDetails.java:loadOMHAConfig(226)) - Configuration does not have ozone.om.address set. Falling back to the default OM address /127.0.0.1:15110
2023-09-28 12:58:35,121 [main] INFO  ha.OMHANodeDetails (OMHANodeDetails.java:getOMNodeDetailsForNonHA(254)) - OM Service ID is not set. Setting it to the default ID: omServiceIdDefault
2023-09-28 12:58:35,121 [main] INFO  ha.OMHANodeDetails (OMHANodeDetails.java:getOMNodeDetailsForNonHA(261)) - OM Node ID is not set. Setting it to the default ID: om1
2023-09-28 12:58:35,122 [main] WARN  server.ServerUtils (ServerUtils.java:getDBPath(311)) - ozone.om.db.dirs is not configured. We recommend adding this setting. Falling back to ozone.metadata.dirs instead.
2023-09-28 12:58:35,123 [main] INFO  upgrade.AbstractLayoutVersionManager (AbstractLayoutVersionManager.java:init(83)) - Initializing Layout version manager with metadata layout = QUOTA (version = 6), software layout = QUOTA (version = 6)
2023-09-28 12:58:35,202 [main] INFO  reflections.Reflections (Reflections.java:scan(232)) - Reflections took 79 ms to scan 2 urls, producing 188 keys and 516 values [using 2 cores]
2023-09-28 12:58:35,202 [main] INFO  upgrade.OMLayoutVersionManager (OMLayoutVersionManager.java:lambda$0(115)) - Skipping Upgrade Action MockOmUpgradeAction since it has been finalized.
2023-09-28 12:58:35,203 [main] INFO  upgrade.OMLayoutVersionManager (OMLayoutVersionManager.java:lambda$0(115)) - Skipping Upgrade Action QuotaRepairUpgradeAction since it has been finalized.
2023-09-28 12:58:35,203 [main] WARN  server.ServerUtils (ServerUtils.java:getDBPath(311)) - ozone.om.db.dirs is not configured. We recommend adding this setting. Falling back to ozone.metadata.dirs instead.
2023-09-28 12:58:35,204 [main] INFO  proxy.SCMBlockLocationFailoverProxyProvider (SCMBlockLocationFailoverProxyProvider.java:<init>(114)) - Created block location fail-over proxy with 1 nodes: [nodeId=scmNodeId,nodeAddress=/0.0.0.0:15107]
2023-09-28 12:58:35,206 [main] INFO  proxy.SCMBlockLocationFailoverProxyProvider (SCMBlockLocationFailoverProxyProvider.java:<init>(114)) - Created block location fail-over proxy with 1 nodes: [nodeId=scmNodeId,nodeAddress=/0.0.0.0:15107]
2023-09-28 12:58:35,217 [main] INFO  om.OzoneManager (OzoneManager.java:<init>(668)) - OM start with adminUsers: [runner]
2023-09-28 12:58:35,218 [main] WARN  server.ServerUtils (ServerUtils.java:getDBPath(311)) - ozone.om.db.dirs is not configured. We recommend adding this setting. Falling back to ozone.metadata.dirs instead.
2023-09-28 12:58:35,218 [main] INFO  helpers.OmKeyInfo (OmKeyInfo.java:getCodec(71)) - OmKeyInfo.getCodec ignorePipeline = true
2023-09-28 12:58:35,480 [main] INFO  om.OzoneManager (OzoneManager.java:instantiateServices(797)) - S3 Multi-Tenancy is disabled
2023-09-28 12:58:35,481 [main] INFO  om.OmSnapshotManager (OmSnapshotManager.java:<init>(174)) - Ozone filesystem snapshot feature is enabled.
2023-09-28 12:58:35,481 [main] WARN  server.ServerUtils (ServerUtils.java:getDBPath(311)) - ozone.om.snapshot.diff.db.dir is not configured. We recommend adding this setting. Falling back to ozone.metadata.dirs instead.
2023-09-28 12:58:35,512 [main] INFO  snapshot.SnapshotDiffManager (SnapshotDiffManager.java:closeExecutorService(1718)) - Shutting down executorService: 'SstDumpToolExecutor'
2023-09-28 12:58:35,514 [main] INFO  om.OzoneManager (OzoneManager.java:addS3GVolumeToDB(4324)) - Created Volume s3v With Owner runner required for S3Gateway operations.
2023-09-28 12:58:35,514 [main] WARN  server.ServerUtils (ServerUtils.java:getDefaultRatisDirectory(323)) - Storage directory for Ratis is not configured. It is a good idea to map this to an SSD disk. Falling back to ozone.metadata.dirs
2023-09-28 12:58:35,515 [main] WARN  utils.OzoneManagerRatisUtils (OzoneManagerRatisUtils.java:getOMRatisSnapshotDirectory(464)) - ozone.om.ratis.snapshot.dir is not configured. Falling back to ozone.metadata.dirs config
2023-09-28 12:58:35,515 [main] WARN  server.ServerUtils (ServerUtils.java:getDefaultRatisDirectory(323)) - Storage directory for Ratis is not configured. It is a good idea to map this to an SSD disk. Falling back to ozone.metadata.dirs
2023-09-28 12:58:35,516 [main] INFO  ratis.OzoneManagerRatisServer (OzoneManagerRatisServer.java:<init>(163)) - Instantiating OM Ratis server with groupID: omServiceIdDefault and peers: localhost:15113
2023-09-28 12:58:35,517 [main] INFO  ratis.OzoneManagerStateMachine (OzoneManagerStateMachine.java:loadSnapshotInfoFromDB(687)) - LastAppliedIndex is set from TransactionInfo from OM DB as (t:0, i:~)
2023-09-28 12:58:35,517 [main] INFO  server.RaftServer (ConfUtils.java:logGet(46)) - raft.rpc.type = GRPC (default)
2023-09-28 12:58:35,517 [main] INFO  grpc.GrpcConfigKeys (ConfUtils.java:logFallback(53)) - raft.grpc.admin.host = null (fallback to raft.grpc.server.host)
2023-09-28 12:58:35,517 [main] INFO  grpc.GrpcConfigKeys (ConfUtils.java:logFallback(53)) - raft.grpc.admin.port = 15113 (fallback to raft.grpc.server.port)
2023-09-28 12:58:35,517 [main] INFO  grpc.GrpcConfigKeys (ConfUtils.java:logFallback(53)) - raft.grpc.client.host = null (fallback to raft.grpc.server.host)
2023-09-28 12:58:35,518 [main] INFO  grpc.GrpcConfigKeys (ConfUtils.java:logFallback(53)) - raft.grpc.client.port = 15113 (fallback to raft.grpc.server.port)
2023-09-28 12:58:35,518 [main] INFO  grpc.GrpcConfigKeys (ConfUtils.java:logGet(46)) - raft.grpc.server.host = null (default)
2023-09-28 12:58:35,518 [main] INFO  grpc.GrpcConfigKeys (ConfUtils.java:logGet(46)) - raft.grpc.server.port = 15113 (custom)
2023-09-28 12:58:35,518 [main] INFO  server.GrpcService (ConfUtils.java:logGet(46)) - raft.grpc.message.size.max = 33554432 (custom)
2023-09-28 12:58:35,518 [main] INFO  server.RaftServerConfigKeys (ConfUtils.java:logGet(46)) - raft.server.log.appender.buffer.byte-limit = 33554432 (custom)
2023-09-28 12:58:35,518 [main] INFO  server.GrpcService (ConfUtils.java:logGet(46)) - raft.grpc.flow.control.window = 1MB (=1048576) (default)
2023-09-28 12:58:35,518 [main] INFO  server.RaftServerConfigKeys (ConfUtils.java:logGet(46)) - raft.server.rpc.request.timeout = 3000ms (default)
2023-09-28 12:58:35,518 [main] INFO  grpc.GrpcConfigKeys (ConfUtils.java:logGet(46)) - raft.grpc.server.heartbeat.channel = true (default)
2023-09-28 12:58:35,518 [main] INFO  grpc.GrpcConfigKeys (ConfUtils.java:logGet(46)) - raft.grpc.server.async.request.thread.pool.cached = true (default)
2023-09-28 12:58:35,518 [main] INFO  grpc.GrpcConfigKeys (ConfUtils.java:logGet(46)) - raft.grpc.server.async.request.thread.pool.size = 32 (default)
2023-09-28 12:58:35,520 [main] INFO  impl.DataStreamServerImpl (ConfUtils.java:logGet(46)) - raft.datastream.type = DISABLED (default)
2023-09-28 12:58:35,520 [main] INFO  server.RaftServerConfigKeys (ConfUtils.java:logGet(46)) - raft.server.threadpool.proxy.cached = true (default)
2023-09-28 12:58:35,521 [main] INFO  server.RaftServerConfigKeys (ConfUtils.java:logGet(46)) - raft.server.threadpool.proxy.size = 0 (default)
2023-09-28 12:58:35,521 [main] INFO  server.RaftServerConfigKeys (ConfUtils.java:logGet(46)) - raft.server.rpc.slowness.timeout = 120s (custom)
2023-09-28 12:58:35,521 [main] INFO  server.RaftServerConfigKeys (ConfUtils.java:logGet(46)) - raft.server.leaderelection.leader.step-down.wait-time = 10s (default)
2023-09-28 12:58:35,521 [main] INFO  server.RaftServerConfigKeys (ConfUtils.java:logGet(46)) - raft.server.storage.dir = [/home/runner/work/ozone/ozone/hadoop-ozone/integration-test/target/test-dir/MiniOzoneClusterImpl-1f8fe502-6e97-4a32-9c6f-93491b2fe8ad/ozone-meta/ratis] (custom)
2023-09-28 12:58:35,527 [main] INFO  server.RaftServer (RaftServerProxy.java:addNew(98)) - om1: addNew group-C5BA1605619E:[om1|rpc:localhost:15113|priority:0|startupRole:FOLLOWER] returns group-C5BA1605619E:java.util.concurrent.CompletableFuture@2dc7f262[Not completed]
2023-09-28 12:58:35,527 [main] INFO  om.OzoneManager (OzoneManager.java:initializeRatisServer(2151)) - OzoneManager Ratis server initialized at port 15113
2023-09-28 12:58:35,527 [om1-groupManagement] INFO  server.RaftServer$Division (RaftServerImpl.java:<init>(198)) - om1: new RaftServerImpl for group-C5BA1605619E:[om1|rpc:localhost:15113|priority:0|startupRole:FOLLOWER] with OzoneManagerStateMachine:uninitialized
2023-09-28 12:58:35,527 [main] INFO  om.OzoneManager (OzoneManager.java:getRpcServer(1199)) - Creating RPC Server
2023-09-28 12:58:35,527 [om1-groupManagement] INFO  server.RaftServerConfigKeys (ConfUtils.java:logGet(46)) - raft.server.rpc.timeout.min = 1s (custom)
2023-09-28 12:58:35,527 [om1-groupManagement] INFO  server.RaftServerConfigKeys (ConfUtils.java:logGet(46)) - raft.server.rpc.timeout.max = 1200ms (custom)
2023-09-28 12:58:35,527 [om1-groupManagement] INFO  server.RaftServerConfigKeys (ConfUtils.java:logGet(46)) - raft.server.rpc.sleep.time = 25ms (default)
2023-09-28 12:58:35,527 [om1-groupManagement] INFO  server.RaftServerConfigKeys (ConfUtils.java:logGet(46)) - raft.server.rpc.slowness.timeout = 120s (custom)
2023-09-28 12:58:35,527 [om1-groupManagement] INFO  server.RaftServerConfigKeys (ConfUtils.java:logGet(46)) - raft.server.leaderelection.leader.step-down.wait-time = 10s (default)
2023-09-28 12:58:35,527 [om1-groupManagement] INFO  server.RaftServerConfigKeys (ConfUtils.java:logGet(46)) - raft.server.sleep.deviation.threshold = 300ms (default)
2023-09-28 12:58:35,528 [om1-groupManagement] INFO  server.RaftServer$Division (ServerState.java:<init>(120)) - om1@group-C5BA1605619E: ConfigurationManager, init=-1: peers:[om1|rpc:localhost:15113|priority:0|startupRole:FOLLOWER]|listeners:[], old=null, confs=<EMPTY_MAP>
2023-09-28 12:58:35,528 [om1-groupManagement] INFO  server.RaftServerConfigKeys (ConfUtils.java:logGet(46)) - raft.server.storage.dir = [/home/runner/work/ozone/ozone/hadoop-ozone/integration-test/target/test-dir/MiniOzoneClusterImpl-1f8fe502-6e97-4a32-9c6f-93491b2fe8ad/ozone-meta/ratis] (custom)
2023-09-28 12:58:35,528 [om1-groupManagement] INFO  server.RaftServerConfigKeys (ConfUtils.java:logGet(46)) - raft.server.log.corruption.policy = EXCEPTION (default)
2023-09-28 12:58:35,528 [om1-groupManagement] INFO  server.RaftServerConfigKeys (ConfUtils.java:logGet(46)) - raft.server.storage.free-space.min = 0MB (=0) (default)
2023-09-28 12:58:35,528 [om1-groupManagement] INFO  server.RaftServerConfigKeys (ConfUtils.java:logGet(46)) - raft.server.notification.no-leader.timeout = 120s (custom)
2023-09-28 12:58:35,528 [om1-groupManagement] INFO  server.RaftServerConfigKeys (ConfUtils.java:logGet(46)) - raft.server.read.timeout = 10s (default)
2023-09-28 12:58:35,528 [om1-groupManagement] INFO  server.RaftServerConfigKeys (ConfUtils.java:logGet(46)) - raft.server.retrycache.expirytime = 300s (custom)
2023-09-28 12:58:35,528 [om1-groupManagement] INFO  server.RaftServerConfigKeys (ConfUtils.java:logGet(46)) - raft.server.retrycache.statistics.expirytime = 100μs (default)
2023-09-28 12:58:35,528 [om1-groupManagement] INFO  server.RaftServerConfigKeys (ConfUtils.java:logGet(46)) - raft.server.read.option = DEFAULT (default)
2023-09-28 12:58:35,529 [om1-groupManagement] INFO  server.RaftServerConfigKeys (ConfUtils.java:logGet(46)) - raft.server.rpc.request.timeout = 3000ms (default)
2023-09-28 12:58:35,529 [om1-groupManagement] INFO  server.RaftServerConfigKeys (ConfUtils.java:logGet(46)) - raft.server.log.appender.install.snapshot.enabled = false (custom)
2023-09-28 12:58:35,529 [om1-groupManagement] INFO  server.RaftServerConfigKeys (ConfUtils.java:logGet(46)) - raft.server.threadpool.server.cached = true (default)
2023-09-28 12:58:35,529 [om1-groupManagement] INFO  server.RaftServerConfigKeys (ConfUtils.java:logGet(46)) - raft.server.threadpool.server.size = 0 (default)
2023-09-28 12:58:35,529 [om1-groupManagement] INFO  server.RaftServerConfigKeys (ConfUtils.java:logGet(46)) - raft.server.threadpool.client.cached = true (default)
2023-09-28 12:58:35,529 [om1-groupManagement] INFO  server.RaftServerConfigKeys (ConfUtils.java:logGet(46)) - raft.server.threadpool.client.size = 0 (default)
2023-09-28 12:58:36,114 [main] INFO  reflections.Reflections (Reflections.java:scan(232)) - Reflections took 584 ms to scan 20 urls, producing 71 keys and 6039 values [using 2 cores]
2023-09-28 12:58:36,116 [main] INFO  ipc.CallQueueManager (CallQueueManager.java:<init>(90)) - Using callQueue: class java.util.concurrent.LinkedBlockingQueue, queueCapacity: 2000, scheduler: class org.apache.hadoop.ipc.DefaultRpcScheduler, ipcBackoff: false.
2023-09-28 12:58:36,116 [main] INFO  ipc.Server (Server.java:<init>(1287)) - Listener at 127.0.0.1:15110
2023-09-28 12:58:36,117 [Socket Reader #1 for port 15110] INFO  ipc.Server (Server.java:run(1323)) - Starting Socket Reader #1 for port 15110
2023-09-28 12:58:36,140 [main] INFO  impl.MetricsSystemImpl (MetricsSystemImpl.java:init(158)) - OzoneManager metrics system started (again)
2023-09-28 12:58:36,152 [main] INFO  om.OzoneManager (OzoneManager.java:start(1636)) - OzoneManager RPC server is listening at localhost/127.0.0.1:15110
2023-09-28 12:58:36,153 [main] INFO  ratis.OzoneManagerRatisServer (OzoneManagerRatisServer.java:start(558)) - Starting OzoneManagerRatisServer om1 at port 15113
2023-09-28 12:58:36,153 [om1-impl-thread1] INFO  storage.RaftStorageDirectory (RaftStorageDirectoryImpl.java:analyzeStorage(137)) - The storage directory /home/runner/work/ozone/ozone/hadoop-ozone/integration-test/target/test-dir/MiniOzoneClusterImpl-1f8fe502-6e97-4a32-9c6f-93491b2fe8ad/ozone-meta/ratis/bf265839-605b-3f16-9796-c5ba1605619e does not exist. Creating ...
2023-09-28 12:58:36,155 [om1-impl-thread1] INFO  storage.RaftStorageDirectory (RaftStorageDirectoryImpl.java:tryLock(231)) - Lock on /home/runner/work/ozone/ozone/hadoop-ozone/integration-test/target/test-dir/MiniOzoneClusterImpl-1f8fe502-6e97-4a32-9c6f-93491b2fe8ad/ozone-meta/ratis/bf265839-605b-3f16-9796-c5ba1605619e/in_use.lock acquired by nodename 7568@fv-az163-431
2023-09-28 12:58:36,156 [om1-impl-thread1] INFO  storage.RaftStorage (RaftStorageImpl.java:format(96)) - Storage directory /home/runner/work/ozone/ozone/hadoop-ozone/integration-test/target/test-dir/MiniOzoneClusterImpl-1f8fe502-6e97-4a32-9c6f-93491b2fe8ad/ozone-meta/ratis/bf265839-605b-3f16-9796-c5ba1605619e has been successfully formatted.
2023-09-28 12:58:36,156 [om1-impl-thread1] INFO  server.RaftServerConfigKeys (ConfUtils.java:logGet(46)) - raft.server.log.use.memory = false (default)
2023-09-28 12:58:36,156 [om1-impl-thread1] INFO  server.RaftServerConfigKeys (ConfUtils.java:logGet(46)) - raft.server.log.purge.gap = 1000000 (custom)
2023-09-28 12:58:36,156 [om1-impl-thread1] INFO  server.RaftServerConfigKeys (ConfUtils.java:logGet(46)) - raft.server.log.appender.buffer.byte-limit = 33554432 (custom)
2023-09-28 12:58:36,156 [om1-impl-thread1] INFO  server.RaftServerConfigKeys (ConfUtils.java:logGet(46)) - raft.server.log.statemachine.data.read.timeout = 1000ms (default)
2023-09-28 12:58:36,157 [om1-impl-thread1] INFO  server.RaftServerConfigKeys (ConfUtils.java:logGet(46)) - raft.server.log.purge.preservation.log.num = 0 (default)
2023-09-28 12:58:36,157 [om1-impl-thread1] INFO  server.RaftServerConfigKeys (ConfUtils.java:logGet(46)) - raft.server.log.segment.size.max = 4194304 (custom)
2023-09-28 12:58:36,157 [om1-impl-thread1] INFO  server.RaftServerConfigKeys (ConfUtils.java:logGet(46)) - raft.server.log.segment.cache.num.max = 2 (custom)
2023-09-28 12:58:36,157 [om1-impl-thread1] INFO  server.RaftServerConfigKeys (ConfUtils.java:logGet(46)) - raft.server.log.segment.cache.size.max = 200MB (=209715200) (default)
2023-09-28 12:58:36,157 [om1-impl-thread1] INFO  server.RaftServerConfigKeys (ConfUtils.java:logGet(46)) - raft.server.log.appender.buffer.byte-limit = 33554432 (custom)
2023-09-28 12:58:36,157 [om1-impl-thread1] INFO  segmented.SegmentedRaftLogWorker (SegmentedRaftLogWorker.java:<init>(188)) - new om1@group-C5BA1605619E-SegmentedRaftLogWorker for RaftStorageImpl:Storage Directory /home/runner/work/ozone/ozone/hadoop-ozone/integration-test/target/test-dir/MiniOzoneClusterImpl-1f8fe502-6e97-4a32-9c6f-93491b2fe8ad/ozone-meta/ratis/bf265839-605b-3f16-9796-c5ba1605619e
2023-09-28 12:58:36,157 [om1-impl-thread1] INFO  server.RaftServerConfigKeys (ConfUtils.java:logGet(46)) - raft.server.log.queue.byte-limit = 64MB (=67108864) (default)
2023-09-28 12:58:36,157 [om1-impl-thread1] INFO  server.RaftServerConfigKeys (ConfUtils.java:logGet(46)) - raft.server.log.queue.element-limit = 4096 (default)
2023-09-28 12:58:36,157 [om1-impl-thread1] INFO  server.RaftServerConfigKeys (ConfUtils.java:logGet(46)) - raft.server.log.segment.size.max = 4194304 (custom)
2023-09-28 12:58:36,157 [om1-impl-thread1] INFO  server.RaftServerConfigKeys (ConfUtils.java:logGet(46)) - raft.server.log.preallocated.size = 4194304 (custom)
2023-09-28 12:58:36,157 [om1-impl-thread1] INFO  server.RaftServerConfigKeys (ConfUtils.java:logGet(46)) - raft.server.log.force.sync.num = 128 (default)
2023-09-28 12:58:36,157 [om1-impl-thread1] INFO  server.RaftServerConfigKeys (ConfUtils.java:logGet(46)) - raft.server.log.statemachine.data.sync = true (default)
2023-09-28 12:58:36,157 [om1-impl-thread1] INFO  server.RaftServerConfigKeys (ConfUtils.java:logGet(46)) - raft.server.log.statemachine.data.sync.timeout = 10s (default)
2023-09-28 12:58:36,157 [om1-impl-thread1] INFO  server.RaftServerConfigKeys (ConfUtils.java:logGet(46)) - raft.server.log.statemachine.data.sync.timeout.retry = -1 (default)
2023-09-28 12:58:36,158 [om1-impl-thread1] INFO  server.RaftServerConfigKeys (ConfUtils.java:logGet(46)) - raft.server.log.write.buffer.size = 64KB (=65536) (default)
2023-09-28 12:58:36,158 [om1-impl-thread1] INFO  server.RaftServerConfigKeys (ConfUtils.java:logGet(46)) - raft.server.log.appender.buffer.byte-limit = 33554432 (custom)
2023-09-28 12:58:36,163 [om1-impl-thread1] INFO  server.RaftServerConfigKeys (ConfUtils.java:logGet(46)) - raft.server.log.unsafe-flush.enabled = false (default)
2023-09-28 12:58:36,163 [om1-impl-thread1] INFO  server.RaftServerConfigKeys (ConfUtils.java:logGet(46)) - raft.server.log.async-flush.enabled = false (default)
2023-09-28 12:58:36,163 [om1-impl-thread1] INFO  server.RaftServerConfigKeys (ConfUtils.java:logGet(46)) - raft.server.log.statemachine.data.caching.enabled = false (default)
2023-09-28 12:58:36,163 [om1-impl-thread1] INFO  segmented.SegmentedRaftLogWorker (SegmentedRaftLogWorker.java:lambda$new$0(135)) - om1@group-C5BA1605619E-SegmentedRaftLogWorker: flushIndex: setUnconditionally 0 -> -1
2023-09-28 12:58:36,163 [om1-impl-thread1] INFO  segmented.SegmentedRaftLogWorker (SegmentedRaftLogWorker.java:lambda$new$0(135)) - om1@group-C5BA1605619E-SegmentedRaftLogWorker: safeCacheEvictIndex: setUnconditionally 0 -> -1
2023-09-28 12:58:36,163 [om1-impl-thread1] INFO  server.RaftServer$Division (RaftServerImpl.java:start(342)) - om1@group-C5BA1605619E: start as a follower, conf=-1: peers:[om1|rpc:localhost:15113|priority:0|startupRole:FOLLOWER]|listeners:[], old=null
2023-09-28 12:58:36,163 [om1-impl-thread1] INFO  server.RaftServer$Division (RaftServerImpl.java:setRole(329)) - om1@group-C5BA1605619E: changes role from      null to FOLLOWER at term 0 for startAsFollower
2023-09-28 12:58:36,163 [om1-impl-thread1] INFO  impl.RoleInfo (RoleInfo.java:updateAndGet(139)) - om1: start om1@group-C5BA1605619E-FollowerState
2023-09-28 12:58:36,165 [om1-impl-thread1] INFO  util.JmxRegister (JmxRegister.java:tryRegister(44)) - Successfully registered JMX Bean with object name Ratis:service=RaftServer,group=group-C5BA1605619E,id=om1
2023-09-28 12:58:36,165 [om1-impl-thread1] INFO  server.RaftServerConfigKeys (ConfUtils.java:logGet(46)) - raft.server.snapshot.auto.trigger.enabled = true (custom)
2023-09-28 12:58:36,165 [om1-impl-thread1] INFO  server.RaftServerConfigKeys (ConfUtils.java:logGet(46)) - raft.server.snapshot.auto.trigger.threshold = 400000 (default)
2023-09-28 12:58:36,165 [om1-impl-thread1] INFO  server.RaftServerConfigKeys (ConfUtils.java:logGet(46)) - raft.server.snapshot.retention.file.num = -1 (default)
2023-09-28 12:58:36,165 [om1-impl-thread1] INFO  server.RaftServerConfigKeys (ConfUtils.java:logGet(46)) - raft.server.log.purge.upto.snapshot.index = true (custom)
2023-09-28 12:58:36,166 [om1@group-C5BA1605619E-FollowerState] INFO  server.RaftServerConfigKeys (ConfUtils.java:logFallback(53)) - raft.server.rpc.first-election.timeout.min = 1s (fallback to raft.server.rpc.timeout.min)
2023-09-28 12:58:36,166 [om1@group-C5BA1605619E-FollowerState] INFO  server.RaftServerConfigKeys (ConfUtils.java:logFallback(53)) - raft.server.rpc.first-election.timeout.max = 1200ms (fallback to raft.server.rpc.timeout.max)
2023-09-28 12:58:36,169 [main] INFO  server.RaftServer (RaftServerProxy.java:startImpl(400)) - om1: start RPC server
2023-09-28 12:58:36,175 [main] INFO  server.GrpcService (GrpcService.java:startImpl(302)) - om1: GrpcService started, listening on 15113
2023-09-28 12:58:36,176 [main] INFO  om.OzoneManager (OzoneManager.java:start(1652)) - Version File has different layout version (6) than OM DB (null). That is expected if this OM has never been finalized to a newer layout version.
2023-09-28 12:58:36,177 [JvmPauseMonitor15] INFO  util.JvmPauseMonitor (JvmPauseMonitor.java:run(103)) - JvmPauseMonitor-om1: Started
2023-09-28 12:58:36,180 [main] INFO  http.BaseHttpServer (BaseHttpServer.java:newHttpServer2BuilderForOzone(223)) - Starting Web-server for ozoneManager at: http://0.0.0.0:15111
2023-09-28 12:58:36,181 [main] INFO  http.BaseHttpServer (BaseHttpServer.java:<init>(110)) - Hadoop Security Enabled: false Ozone Security Enabled: false Ozone HTTP Security Enabled: false 
2023-09-28 12:58:36,182 [main] WARN  server.AuthenticationFilter (AuthenticationFilter.java:constructSecretProvider(240)) - Unable to initialize FileSignerSecretProvider, falling back to use random secrets. Reason: Could not read signature secret file: /home/runner/hadoop-http-auth-signature-secret
2023-09-28 12:58:36,184 [main] INFO  http.HttpRequestLog (HttpRequestLog.java:getRequestLog(86)) - Http request log for http.requests.ozoneManager is not defined
2023-09-28 12:58:36,190 [main] INFO  http.HttpServer2 (HttpServer2.java:addGlobalFilter(1031)) - Added global filter 'safety' (class=org.apache.hadoop.hdds.server.http.HttpServer2$QuotingInputFilter)
2023-09-28 12:58:36,195 [main] INFO  http.HttpServer2 (HttpServer2.java:addFilter(1007)) - Added filter static_user_filter (class=org.apache.hadoop.http.lib.StaticUserWebFilter$StaticUserFilter) to context ozoneManager
2023-09-28 12:58:36,195 [main] INFO  http.HttpServer2 (HttpServer2.java:addFilter(1015)) - Added filter static_user_filter (class=org.apache.hadoop.http.lib.StaticUserWebFilter$StaticUserFilter) to context logs
2023-09-28 12:58:36,195 [main] INFO  http.HttpServer2 (HttpServer2.java:addFilter(1015)) - Added filter static_user_filter (class=org.apache.hadoop.http.lib.StaticUserWebFilter$StaticUserFilter) to context static
2023-09-28 12:58:36,197 [main] INFO  http.BaseHttpServer (BaseHttpServer.java:<init>(189)) - HTTP server of ozoneManager uses base directory /home/runner/work/ozone/ozone/hadoop-ozone/integration-test/target/test-dir/MiniOzoneClusterImpl-1f8fe502-6e97-4a32-9c6f-93491b2fe8ad/ozone-meta/webserver
2023-09-28 12:58:36,198 [main] INFO  http.HttpServer2 (HttpServer2.java:bindListener(1231)) - Jetty bound to port 15111
2023-09-28 12:58:36,198 [main] INFO  server.Server (Server.java:doStart(375)) - jetty-9.4.52.v20230823; built: 2023-08-23T19:29:37.669Z; git: abdcda73818a1a2c705da276edb0bf6581e7997e; jvm 1.8.0_382-b05
2023-09-28 12:58:36,200 [main] INFO  server.session (DefaultSessionIdManager.java:doStart(334)) - DefaultSessionIdManager workerName=node0
2023-09-28 12:58:36,200 [main] INFO  server.session (DefaultSessionIdManager.java:doStart(339)) - No SessionScavenger set, using defaults
2023-09-28 12:58:36,200 [main] INFO  server.session (HouseKeeper.java:startScavenging(132)) - node0 Scavenging every 660000ms
2023-09-28 12:58:36,201 [main] INFO  handler.ContextHandler (ContextHandler.java:doStart(921)) - Started o.e.j.s.ServletContextHandler@525dc4ad{logs,/logs,file:///home/runner/work/ozone/ozone/hadoop-ozone/integration-test/target/log,AVAILABLE}
2023-09-28 12:58:36,202 [main] INFO  handler.ContextHandler (ContextHandler.java:doStart(921)) - Started o.e.j.s.ServletContextHandler@198270b8{static,/static,file:///home/runner/work/ozone/ozone/hadoop-ozone/integration-test/target/test-classes/webapps/static,AVAILABLE}
2023-09-28 12:58:36,205 [main] INFO  handler.ContextHandler (ContextHandler.java:doStart(921)) - Started o.e.j.w.WebAppContext@7b58d966{ozoneManager,/,file:///home/runner/work/ozone/ozone/hadoop-ozone/integration-test/target/test-classes/webapps/ozoneManager/,AVAILABLE}{file:/home/runner/work/ozone/ozone/hadoop-ozone/integration-test/target/test-classes/webapps/ozoneManager}
2023-09-28 12:58:36,207 [main] INFO  server.AbstractConnector (AbstractConnector.java:doStart(333)) - Started ServerConnector@2f500fcd{HTTP/1.1, (http/1.1)}{0.0.0.0:15111}
2023-09-28 12:58:36,207 [main] INFO  server.Server (Server.java:doStart(415)) - Started @182059ms
2023-09-28 12:58:36,207 [main] WARN  impl.MetricsSystemImpl (MetricsSystemImpl.java:register(279)) - Sink prometheus already exists!
2023-09-28 12:58:36,208 [main] INFO  http.BaseHttpServer (BaseHttpServer.java:updateConnectorAddress(354)) - HTTP server of ozoneManager listening at http://0.0.0.0:15111
2023-09-28 12:58:36,208 [IPC Server Responder] INFO  ipc.Server (Server.java:run(1562)) - IPC Server Responder: starting
2023-09-28 12:58:36,209 [IPC Server listener on 15110] INFO  ipc.Server (Server.java:run(1402)) - IPC Server listener on 15110: starting
2023-09-28 12:58:36,220 [main] INFO  om.TrashPolicyOzone (TrashPolicyOzone.java:<init>(281)) - Ozone Manager trash configuration: Deletion interval = 0 minutes, Emptier interval = 0 minutes.
2023-09-28 12:58:36,240 [main] WARN  impl.MetricRegistriesImpl (MetricRegistriesImpl.java:addReporterRegistration(111)) - New reporters are added after registries were created. Some metrics will be missing from the reporter. Please add reporter before adding any new registry.
2023-09-28 12:58:36,240 [main] WARN  impl.MetricRegistriesImpl (MetricRegistriesImpl.java:addReporterRegistration(111)) - New reporters are added after registries were created. Some metrics will be missing from the reporter. Please add reporter before adding any new registry.
2023-09-28 12:58:36,240 [main] INFO  impl.MetricsSystemImpl (MetricsSystemImpl.java:init(158)) - HddsDatanode metrics system started (again)
2023-09-28 12:58:36,254 [main] INFO  ozone.HddsDatanodeService (HddsDatanodeService.java:start(237)) - HddsDatanodeService host:fv-az163-431.ksqkok1cighebdh5ckq0wc3qdf.dx.internal.cloudapp.net ip:10.1.0.34
2023-09-28 12:58:36,283 [main] INFO  upgrade.AbstractLayoutVersionManager (AbstractLayoutVersionManager.java:init(83)) - Initializing Layout version manager with metadata layout = HADOOP_PRC_PORTS_IN_DATANODEDETAILS (version = 7), software layout = HADOOP_PRC_PORTS_IN_DATANODEDETAILS (version = 7)
2023-09-28 12:58:36,285 [main] INFO  statemachine.DatanodeStateMachine (DatanodeStateMachine.java:getEndPointTaskThreadPoolSize(283)) - Datanode State Machine Task Thread Pool size 2
2023-09-28 12:58:36,290 [main] INFO  volume.HddsVolume (HddsVolume.java:<init>(126)) - Creating HddsVolume: /home/runner/work/ozone/ozone/hadoop-ozone/integration-test/target/test-dir/MiniOzoneClusterImpl-1f8fe502-6e97-4a32-9c6f-93491b2fe8ad/datanode-0/data-0/containers/hdds of storage type : DISK capacity : 9223372036854775807
2023-09-28 12:58:36,290 [main] INFO  volume.MutableVolumeSet (MutableVolumeSet.java:initializeVolumeSet(173)) - Added Volume : /home/runner/work/ozone/ozone/hadoop-ozone/integration-test/target/test-dir/MiniOzoneClusterImpl-1f8fe502-6e97-4a32-9c6f-93491b2fe8ad/datanode-0/data-0/containers/hdds to VolumeSet
2023-09-28 12:58:36,291 [main] INFO  volume.MutableVolumeSet (MutableVolumeSet.java:initializeVolumeSet(173)) - Added Volume : /home/runner/work/ozone/ozone/hadoop-ozone/integration-test/target/test-dir/MiniOzoneClusterImpl-1f8fe502-6e97-4a32-9c6f-93491b2fe8ad/datanode-0/data/ratis to VolumeSet
2023-09-28 12:58:36,294 [Thread-1308] INFO  ozoneimpl.ContainerReader (ContainerReader.java:readVolume(177)) - Finish verifying containers on volume /home/runner/work/ozone/ozone/hadoop-ozone/integration-test/target/test-dir/MiniOzoneClusterImpl-1f8fe502-6e97-4a32-9c6f-93491b2fe8ad/datanode-0/data-0/containers/hdds
2023-09-28 12:58:36,294 [main] INFO  ozoneimpl.OzoneContainer (OzoneContainer.java:buildContainerSet(314)) - Build ContainerSet costs 0s
2023-09-28 12:58:36,298 [main] INFO  server.RaftServer (ConfUtils.java:logGet(46)) - raft.rpc.type = GRPC (default)
2023-09-28 12:58:36,298 [main] INFO  grpc.GrpcConfigKeys (ConfUtils.java:logFallback(53)) - raft.grpc.admin.host = null (fallback to raft.grpc.server.host)
2023-09-28 12:58:36,299 [main] INFO  grpc.GrpcConfigKeys (ConfUtils.java:logGet(46)) - raft.grpc.admin.port = 15119 (custom)
2023-09-28 12:58:36,299 [main] INFO  grpc.GrpcConfigKeys (ConfUtils.java:logFallback(53)) - raft.grpc.client.host = null (fallback to raft.grpc.server.host)
2023-09-28 12:58:36,299 [main] INFO  grpc.GrpcConfigKeys (ConfUtils.java:logGet(46)) - raft.grpc.client.port = 15118 (custom)
2023-09-28 12:58:36,299 [main] INFO  grpc.GrpcConfigKeys (ConfUtils.java:logGet(46)) - raft.grpc.server.host = null (default)
2023-09-28 12:58:36,299 [main] INFO  grpc.GrpcConfigKeys (ConfUtils.java:logGet(46)) - raft.grpc.server.port = 15120 (custom)
2023-09-28 12:58:36,299 [main] INFO  server.GrpcService (ConfUtils.java:logGet(46)) - raft.grpc.message.size.max = 32MB (=33554432) (custom)
2023-09-28 12:58:36,299 [main] INFO  server.RaftServerConfigKeys (ConfUtils.java:logGet(46)) - raft.server.log.appender.buffer.byte-limit = 33554432 (custom)
2023-09-28 12:58:36,299 [main] INFO  server.GrpcService (ConfUtils.java:logGet(46)) - raft.grpc.flow.control.window = 5MB (=5242880) (custom)
2023-09-28 12:58:36,300 [main] INFO  server.RaftServerConfigKeys (ConfUtils.java:logGet(46)) - raft.server.rpc.request.timeout = 60s (custom)
2023-09-28 12:58:36,300 [main] INFO  grpc.GrpcConfigKeys (ConfUtils.java:logGet(46)) - raft.grpc.server.heartbeat.channel = true (default)
2023-09-28 12:58:36,300 [main] INFO  grpc.GrpcConfigKeys (ConfUtils.java:logGet(46)) - raft.grpc.server.async.request.thread.pool.cached = true (default)
2023-09-28 12:58:36,300 [main] INFO  grpc.GrpcConfigKeys (ConfUtils.java:logGet(46)) - raft.grpc.server.async.request.thread.pool.size = 32 (default)
2023-09-28 12:58:36,303 [main] INFO  impl.DataStreamServerImpl (ConfUtils.java:logGet(46)) - raft.datastream.type = NETTY (custom)
2023-09-28 12:58:36,303 [main] INFO  server.RaftServerConfigKeys (ConfUtils.java:logGet(46)) - raft.server.data-stream.async.request.thread.pool.cached = false (default)
2023-09-28 12:58:36,303 [main] INFO  server.RaftServerConfigKeys (ConfUtils.java:logGet(46)) - raft.server.data-stream.async.request.thread.pool.size = 20 (custom)
2023-09-28 12:58:36,304 [main] INFO  server.RaftServerConfigKeys (ConfUtils.java:logGet(46)) - raft.server.data-stream.async.write.thread.pool.size = 16 (default)
2023-09-28 12:58:36,304 [main] INFO  server.RaftServerConfigKeys (ConfUtils.java:logGet(46)) - raft.server.data-stream.client.pool.size = 10 (default)
2023-09-28 12:58:36,304 [main] INFO  netty.NettyConfigKeys$DataStream (ConfUtils.java:logGet(46)) - raft.netty.dataStream.server.use-epoll = false (default)
2023-09-28 12:58:36,304 [main] INFO  netty.NettyConfigKeys$DataStream (ConfUtils.java:logGet(46)) - raft.netty.dataStream.server.boss-group.size = 0 (default)
2023-09-28 12:58:36,304 [main] INFO  netty.NettyConfigKeys$DataStream (ConfUtils.java:logGet(46)) - raft.netty.dataStream.server.worker-group.size = 0 (default)
2023-09-28 12:58:36,305 [main] INFO  netty.NettyConfigKeys$DataStream (ConfUtils.java:logGet(46)) - raft.netty.dataStream.server.tls.conf = null (default)
2023-09-28 12:58:36,305 [main] INFO  netty.NettyConfigKeys$DataStream (ConfUtils.java:logGet(46)) - raft.netty.dataStream.host = null (default)
2023-09-28 12:58:36,305 [main] INFO  netty.NettyConfigKeys$DataStream (ConfUtils.java:logGet(46)) - raft.netty.dataStream.port = 15121 (custom)
2023-09-28 12:58:36,306 [main] INFO  server.RaftServerConfigKeys (ConfUtils.java:logGet(46)) - raft.server.threadpool.proxy.cached = true (default)
2023-09-28 12:58:36,306 [7a34fa35-5459-4f99-8201-9b20cfcc4ca7-NettyServerStreamRpc-bossGroup--thread1] INFO  logging.LoggingHandler (AbstractInternalLogger.java:log(148)) - [id: 0x6c0776c6] REGISTERED
2023-09-28 12:58:36,306 [main] INFO  server.RaftServerConfigKeys (ConfUtils.java:logGet(46)) - raft.server.threadpool.proxy.size = 0 (default)
2023-09-28 12:58:36,306 [7a34fa35-5459-4f99-8201-9b20cfcc4ca7-NettyServerStreamRpc-bossGroup--thread1] INFO  logging.LoggingHandler (AbstractInternalLogger.java:log(148)) - [id: 0x6c0776c6] BIND: 0.0.0.0/0.0.0.0:15121
2023-09-28 12:58:36,306 [main] INFO  server.RaftServerConfigKeys (ConfUtils.java:logGet(46)) - raft.server.rpc.slowness.timeout = 300s (custom)
2023-09-28 12:58:36,306 [main] INFO  server.RaftServerConfigKeys (ConfUtils.java:logGet(46)) - raft.server.leaderelection.leader.step-down.wait-time = 10s (default)
2023-09-28 12:58:36,306 [7a34fa35-5459-4f99-8201-9b20cfcc4ca7-NettyServerStreamRpc-bossGroup--thread1] INFO  logging.LoggingHandler (AbstractInternalLogger.java:log(148)) - [id: 0x6c0776c6, L:/0:0:0:0:0:0:0:0:15121] ACTIVE
2023-09-28 12:58:36,307 [main] INFO  server.RaftServerConfigKeys (ConfUtils.java:logGet(46)) - raft.server.storage.dir = [/home/runner/work/ozone/ozone/hadoop-ozone/integration-test/target/test-dir/MiniOzoneClusterImpl-1f8fe502-6e97-4a32-9c6f-93491b2fe8ad/datanode-0/data/ratis] (custom)
2023-09-28 12:58:36,307 [7a34fa35-5459-4f99-8201-9b20cfcc4ca7-impl-thread1] INFO  server.RaftServer (RaftServerProxy.java:initGroupDir(258)) - 7a34fa35-5459-4f99-8201-9b20cfcc4ca7: found a subdirectory /home/runner/work/ozone/ozone/hadoop-ozone/integration-test/target/test-dir/MiniOzoneClusterImpl-1f8fe502-6e97-4a32-9c6f-93491b2fe8ad/datanode-0/data/ratis/tmp
2023-09-28 12:58:36,307 [7a34fa35-5459-4f99-8201-9b20cfcc4ca7-impl-thread1] INFO  server.RaftServer (RaftServerProxy.java:initGroupDir(263)) - 7a34fa35-5459-4f99-8201-9b20cfcc4ca7: The directory /home/runner/work/ozone/ozone/hadoop-ozone/integration-test/target/test-dir/MiniOzoneClusterImpl-1f8fe502-6e97-4a32-9c6f-93491b2fe8ad/datanode-0/data/ratis/tmp is not a group directory; ignoring it. 
2023-09-28 12:58:36,308 [main] INFO  replication.ReplicationServer (ReplicationServer.java:<init>(83)) - Initializing replication server with thread count = 10 queue length = 4096
2023-09-28 12:58:36,309 [main] INFO  server.XceiverServerGrpc (XceiverServerGrpc.java:<init>(132)) - GrpcServer channel type EpollServerSocketChannel
2023-09-28 12:58:36,313 [main] INFO  replication.ReplicationSupervisor (ReplicationSupervisor.java:build(155)) - Initializing replication supervisor with thread count = 10
2023-09-28 12:58:36,313 [main] INFO  replication.ReplicationSupervisor (ReplicationSupervisor.java:nodeStateUpdated(307)) - Node state updated to IN_SERVICE, scaling executor pool size to 10
2023-09-28 12:58:36,318 [main] INFO  http.BaseHttpServer (BaseHttpServer.java:newHttpServer2BuilderForOzone(223)) - Starting Web-server for hddsDatanode at: http://0.0.0.0:15115
2023-09-28 12:58:36,318 [main] INFO  http.BaseHttpServer (BaseHttpServer.java:<init>(110)) - Hadoop Security Enabled: false Ozone Security Enabled: false Ozone HTTP Security Enabled: false 
2023-09-28 12:58:36,320 [main] WARN  server.AuthenticationFilter (AuthenticationFilter.java:constructSecretProvider(240)) - Unable to initialize FileSignerSecretProvider, falling back to use random secrets. Reason: Could not read signature secret file: /home/runner/hadoop-http-auth-signature-secret
2023-09-28 12:58:36,321 [main] INFO  http.HttpRequestLog (HttpRequestLog.java:getRequestLog(86)) - Http request log for http.requests.hddsDatanode is not defined
2023-09-28 12:58:36,322 [main] INFO  http.HttpServer2 (HttpServer2.java:addGlobalFilter(1031)) - Added global filter 'safety' (class=org.apache.hadoop.hdds.server.http.HttpServer2$QuotingInputFilter)
2023-09-28 12:58:36,323 [main] INFO  http.HttpServer2 (HttpServer2.java:addFilter(1007)) - Added filter static_user_filter (class=org.apache.hadoop.http.lib.StaticUserWebFilter$StaticUserFilter) to context hddsDatanode
2023-09-28 12:58:36,323 [main] INFO  http.HttpServer2 (HttpServer2.java:addFilter(1015)) - Added filter static_user_filter (class=org.apache.hadoop.http.lib.StaticUserWebFilter$StaticUserFilter) to context logs
2023-09-28 12:58:36,323 [main] INFO  http.HttpServer2 (HttpServer2.java:addFilter(1015)) - Added filter static_user_filter (class=org.apache.hadoop.http.lib.StaticUserWebFilter$StaticUserFilter) to context static
2023-09-28 12:58:36,324 [main] INFO  http.BaseHttpServer (BaseHttpServer.java:<init>(189)) - HTTP server of hddsDatanode uses base directory /home/runner/work/ozone/ozone/hadoop-ozone/integration-test/target/test-dir/MiniOzoneClusterImpl-1f8fe502-6e97-4a32-9c6f-93491b2fe8ad/datanode-0/meta/webserver
2023-09-28 12:58:36,324 [main] INFO  http.HttpServer2 (HttpServer2.java:bindListener(1231)) - Jetty bound to port 15115
2023-09-28 12:58:36,324 [main] INFO  server.Server (Server.java:doStart(375)) - jetty-9.4.52.v20230823; built: 2023-08-23T19:29:37.669Z; git: abdcda73818a1a2c705da276edb0bf6581e7997e; jvm 1.8.0_382-b05
2023-09-28 12:58:36,331 [main] INFO  server.session (DefaultSessionIdManager.java:doStart(334)) - DefaultSessionIdManager workerName=node0
2023-09-28 12:58:36,332 [main] INFO  server.session (DefaultSessionIdManager.java:doStart(339)) - No SessionScavenger set, using defaults
2023-09-28 12:58:36,332 [main] INFO  server.session (HouseKeeper.java:startScavenging(132)) - node0 Scavenging every 660000ms
2023-09-28 12:58:36,333 [main] INFO  handler.ContextHandler (ContextHandler.java:doStart(921)) - Started o.e.j.s.ServletContextHandler@1e4e195b{logs,/logs,file:///home/runner/work/ozone/ozone/hadoop-ozone/integration-test/target/log,AVAILABLE}
2023-09-28 12:58:36,335 [main] INFO  handler.ContextHandler (ContextHandler.java:doStart(921)) - Started o.e.j.s.ServletContextHandler@7a3c1ce2{static,/static,jar:file:/home/runner/.m2/repository/org/apache/ozone/hdds-container-service/1.4.0-SNAPSHOT/hdds-container-service-1.4.0-SNAPSHOT.jar!/webapps/static,AVAILABLE}
2023-09-28 12:58:36,622 [main] INFO  handler.ContextHandler (ContextHandler.java:doStart(921)) - Started o.e.j.w.WebAppContext@18f1e506{hddsDatanode,/,file:///home/runner/work/ozone/ozone/hadoop-ozone/integration-test/target/test-dir/MiniOzoneClusterImpl-1f8fe502-6e97-4a32-9c6f-93491b2fe8ad/datanode-0/meta/webserver/jetty-0_0_0_0-15115-hdds-container-service-1_4_0-SNAPSHOT_jar-_-any-8700983673742658759/webapp/,AVAILABLE}{jar:file:/home/runner/.m2/repository/org/apache/ozone/hdds-container-service/1.4.0-SNAPSHOT/hdds-container-service-1.4.0-SNAPSHOT.jar!/webapps/hddsDatanode}
2023-09-28 12:58:36,624 [main] INFO  server.AbstractConnector (AbstractConnector.java:doStart(333)) - Started ServerConnector@5b066eab{HTTP/1.1, (http/1.1)}{0.0.0.0:15115}
2023-09-28 12:58:36,624 [main] INFO  server.Server (Server.java:doStart(415)) - Started @182476ms
2023-09-28 12:58:36,624 [main] WARN  impl.MetricsSystemImpl (MetricsSystemImpl.java:register(279)) - Sink prometheus already exists!
2023-09-28 12:58:36,625 [main] INFO  http.BaseHttpServer (BaseHttpServer.java:updateConnectorAddress(354)) - HTTP server of hddsDatanode listening at http://0.0.0.0:15115
2023-09-28 12:58:36,625 [main] INFO  ipc.CallQueueManager (CallQueueManager.java:<init>(90)) - Using callQueue: class java.util.concurrent.LinkedBlockingQueue, queueCapacity: 100, scheduler: class org.apache.hadoop.ipc.DefaultRpcScheduler, ipcBackoff: false.
2023-09-28 12:58:36,625 [main] INFO  ipc.Server (Server.java:<init>(1287)) - Listener at 0.0.0.0:15116
2023-09-28 12:58:36,626 [Socket Reader #1 for port 15116] INFO  ipc.Server (Server.java:run(1323)) - Starting Socket Reader #1 for port 15116
2023-09-28 12:58:36,628 [main] INFO  ozone.HddsDatanodeService (HddsDatanodeService.java:start(315)) - Datanode start with admins: [runner]
2023-09-28 12:58:36,628 [main] INFO  ozone.HddsDatanodeClientProtocolServer (HddsDatanodeClientProtocolServer.java:start(72)) - RPC server for Client /0.0.0.0:15116
2023-09-28 12:58:36,628 [IPC Server Responder] INFO  ipc.Server (Server.java:run(1562)) - IPC Server Responder: starting
2023-09-28 12:58:36,634 [Datanode State Machine Daemon Thread] INFO  statemachine.DatanodeStateMachine (DatanodeStateMachine.java:lambda$startDaemon$0(539)) - Ozone container server started.
2023-09-28 12:58:36,634 [IPC Server listener on 15116] INFO  ipc.Server (Server.java:run(1402)) - IPC Server listener on 15116: starting
2023-09-28 12:58:36,635 [main] WARN  impl.MetricRegistriesImpl (MetricRegistriesImpl.java:addReporterRegistration(111)) - New reporters are added after registries were created. Some metrics will be missing from the reporter. Please add reporter before adding any new registry.
2023-09-28 12:58:36,635 [main] WARN  impl.MetricRegistriesImpl (MetricRegistriesImpl.java:addReporterRegistration(111)) - New reporters are added after registries were created. Some metrics will be missing from the reporter. Please add reporter before adding any new registry.
2023-09-28 12:58:36,635 [main] INFO  impl.MetricsSystemImpl (MetricsSystemImpl.java:init(158)) - HddsDatanode metrics system started (again)
2023-09-28 12:58:36,648 [Datanode State Machine Task Thread - 0] INFO  datanode.InitDatanodeState (InitDatanodeState.java:persistContainerDatanodeDetails(138)) - DatanodeDetails is persisted to /home/runner/work/ozone/ozone/hadoop-ozone/integration-test/target/test-dir/MiniOzoneClusterImpl-1f8fe502-6e97-4a32-9c6f-93491b2fe8ad/datanode-0/meta/datanode.id
2023-09-28 12:58:36,658 [main] INFO  ozone.HddsDatanodeService (HddsDatanodeService.java:start(237)) - HddsDatanodeService host:fv-az163-431.ksqkok1cighebdh5ckq0wc3qdf.dx.internal.cloudapp.net ip:10.1.0.34
2023-09-28 12:58:36,694 [main] INFO  upgrade.AbstractLayoutVersionManager (AbstractLayoutVersionManager.java:init(83)) - Initializing Layout version manager with metadata layout = HADOOP_PRC_PORTS_IN_DATANODEDETAILS (version = 7), software layout = HADOOP_PRC_PORTS_IN_DATANODEDETAILS (version = 7)
2023-09-28 12:58:36,696 [main] INFO  statemachine.DatanodeStateMachine (DatanodeStateMachine.java:getEndPointTaskThreadPoolSize(283)) - Datanode State Machine Task Thread Pool size 2
2023-09-28 12:58:36,699 [main] INFO  volume.HddsVolume (HddsVolume.java:<init>(126)) - Creating HddsVolume: /home/runner/work/ozone/ozone/hadoop-ozone/integration-test/target/test-dir/MiniOzoneClusterImpl-1f8fe502-6e97-4a32-9c6f-93491b2fe8ad/datanode-1/data-0/containers/hdds of storage type : DISK capacity : 9223372036854775807
2023-09-28 12:58:36,699 [main] INFO  volume.MutableVolumeSet (MutableVolumeSet.java:initializeVolumeSet(173)) - Added Volume : /home/runner/work/ozone/ozone/hadoop-ozone/integration-test/target/test-dir/MiniOzoneClusterImpl-1f8fe502-6e97-4a32-9c6f-93491b2fe8ad/datanode-1/data-0/containers/hdds to VolumeSet
2023-09-28 12:58:36,700 [main] INFO  volume.MutableVolumeSet (MutableVolumeSet.java:initializeVolumeSet(173)) - Added Volume : /home/runner/work/ozone/ozone/hadoop-ozone/integration-test/target/test-dir/MiniOzoneClusterImpl-1f8fe502-6e97-4a32-9c6f-93491b2fe8ad/datanode-1/data/ratis to VolumeSet
2023-09-28 12:58:36,701 [Thread-1325] INFO  ozoneimpl.ContainerReader (ContainerReader.java:readVolume(177)) - Finish verifying containers on volume /home/runner/work/ozone/ozone/hadoop-ozone/integration-test/target/test-dir/MiniOzoneClusterImpl-1f8fe502-6e97-4a32-9c6f-93491b2fe8ad/datanode-1/data-0/containers/hdds
2023-09-28 12:58:36,701 [main] INFO  ozoneimpl.OzoneContainer (OzoneContainer.java:buildContainerSet(314)) - Build ContainerSet costs 0s
2023-09-28 12:58:36,706 [main] INFO  server.RaftServer (ConfUtils.java:logGet(46)) - raft.rpc.type = GRPC (default)
2023-09-28 12:58:36,706 [main] INFO  grpc.GrpcConfigKeys (ConfUtils.java:logFallback(53)) - raft.grpc.admin.host = null (fallback to raft.grpc.server.host)
2023-09-28 12:58:36,706 [main] INFO  grpc.GrpcConfigKeys (ConfUtils.java:logGet(46)) - raft.grpc.admin.port = 15128 (custom)
2023-09-28 12:58:36,707 [main] INFO  grpc.GrpcConfigKeys (ConfUtils.java:logFallback(53)) - raft.grpc.client.host = null (fallback to raft.grpc.server.host)
2023-09-28 12:58:36,707 [main] INFO  grpc.GrpcConfigKeys (ConfUtils.java:logGet(46)) - raft.grpc.client.port = 15127 (custom)
2023-09-28 12:58:36,707 [main] INFO  grpc.GrpcConfigKeys (ConfUtils.java:logGet(46)) - raft.grpc.server.host = null (default)
2023-09-28 12:58:36,707 [main] INFO  grpc.GrpcConfigKeys (ConfUtils.java:logGet(46)) - raft.grpc.server.port = 15129 (custom)
2023-09-28 12:58:36,707 [main] INFO  server.GrpcService (ConfUtils.java:logGet(46)) - raft.grpc.message.size.max = 32MB (=33554432) (custom)
2023-09-28 12:58:36,707 [main] INFO  server.RaftServerConfigKeys (ConfUtils.java:logGet(46)) - raft.server.log.appender.buffer.byte-limit = 33554432 (custom)
2023-09-28 12:58:36,707 [main] INFO  server.GrpcService (ConfUtils.java:logGet(46)) - raft.grpc.flow.control.window = 5MB (=5242880) (custom)
2023-09-28 12:58:36,707 [main] INFO  server.RaftServerConfigKeys (ConfUtils.java:logGet(46)) - raft.server.rpc.request.timeout = 60s (custom)
2023-09-28 12:58:36,708 [main] INFO  grpc.GrpcConfigKeys (ConfUtils.java:logGet(46)) - raft.grpc.server.heartbeat.channel = true (default)
2023-09-28 12:58:36,708 [main] INFO  grpc.GrpcConfigKeys (ConfUtils.java:logGet(46)) - raft.grpc.server.async.request.thread.pool.cached = true (default)
2023-09-28 12:58:36,708 [main] INFO  grpc.GrpcConfigKeys (ConfUtils.java:logGet(46)) - raft.grpc.server.async.request.thread.pool.size = 32 (default)
2023-09-28 12:58:36,711 [main] INFO  impl.DataStreamServerImpl (ConfUtils.java:logGet(46)) - raft.datastream.type = NETTY (custom)
2023-09-28 12:58:36,711 [main] INFO  server.RaftServerConfigKeys (ConfUtils.java:logGet(46)) - raft.server.data-stream.async.request.thread.pool.cached = false (default)
2023-09-28 12:58:36,711 [main] INFO  server.RaftServerConfigKeys (ConfUtils.java:logGet(46)) - raft.server.data-stream.async.request.thread.pool.size = 20 (custom)
2023-09-28 12:58:36,711 [main] INFO  server.RaftServerConfigKeys (ConfUtils.java:logGet(46)) - raft.server.data-stream.async.write.thread.pool.size = 16 (default)
2023-09-28 12:58:36,711 [main] INFO  server.RaftServerConfigKeys (ConfUtils.java:logGet(46)) - raft.server.data-stream.client.pool.size = 10 (default)
2023-09-28 12:58:36,712 [main] INFO  netty.NettyConfigKeys$DataStream (ConfUtils.java:logGet(46)) - raft.netty.dataStream.server.use-epoll = false (default)
2023-09-28 12:58:36,712 [main] INFO  netty.NettyConfigKeys$DataStream (ConfUtils.java:logGet(46)) - raft.netty.dataStream.server.boss-group.size = 0 (default)
2023-09-28 12:58:36,712 [main] INFO  netty.NettyConfigKeys$DataStream (ConfUtils.java:logGet(46)) - raft.netty.dataStream.server.worker-group.size = 0 (default)
2023-09-28 12:58:36,712 [main] INFO  netty.NettyConfigKeys$DataStream (ConfUtils.java:logGet(46)) - raft.netty.dataStream.server.tls.conf = null (default)
2023-09-28 12:58:36,713 [main] INFO  netty.NettyConfigKeys$DataStream (ConfUtils.java:logGet(46)) - raft.netty.dataStream.host = null (default)
2023-09-28 12:58:36,713 [main] INFO  netty.NettyConfigKeys$DataStream (ConfUtils.java:logGet(46)) - raft.netty.dataStream.port = 15130 (custom)
2023-09-28 12:58:36,721 [main] INFO  server.RaftServerConfigKeys (ConfUtils.java:logGet(46)) - raft.server.threadpool.proxy.cached = true (default)
2023-09-28 12:58:36,721 [main] INFO  server.RaftServerConfigKeys (ConfUtils.java:logGet(46)) - raft.server.threadpool.proxy.size = 0 (default)
2023-09-28 12:58:36,721 [main] INFO  server.RaftServerConfigKeys (ConfUtils.java:logGet(46)) - raft.server.rpc.slowness.timeout = 300s (custom)
2023-09-28 12:58:36,721 [main] INFO  server.RaftServerConfigKeys (ConfUtils.java:logGet(46)) - raft.server.leaderelection.leader.step-down.wait-time = 10s (default)
2023-09-28 12:58:36,721 [main] INFO  server.RaftServerConfigKeys (ConfUtils.java:logGet(46)) - raft.server.storage.dir = [/home/runner/work/ozone/ozone/hadoop-ozone/integration-test/target/test-dir/MiniOzoneClusterImpl-1f8fe502-6e97-4a32-9c6f-93491b2fe8ad/datanode-1/data/ratis] (custom)
2023-09-28 12:58:36,722 [e56a0381-809f-4844-8654-a0ae17700968-NettyServerStreamRpc-bossGroup--thread1] INFO  logging.LoggingHandler (AbstractInternalLogger.java:log(148)) - [id: 0x4e26320a] REGISTERED
2023-09-28 12:58:36,722 [e56a0381-809f-4844-8654-a0ae17700968-NettyServerStreamRpc-bossGroup--thread1] INFO  logging.LoggingHandler (AbstractInternalLogger.java:log(148)) - [id: 0x4e26320a] BIND: 0.0.0.0/0.0.0.0:15130
2023-09-28 12:58:36,722 [e56a0381-809f-4844-8654-a0ae17700968-NettyServerStreamRpc-bossGroup--thread1] INFO  logging.LoggingHandler (AbstractInternalLogger.java:log(148)) - [id: 0x4e26320a, L:/0:0:0:0:0:0:0:0:15130] ACTIVE
2023-09-28 12:58:36,730 [e56a0381-809f-4844-8654-a0ae17700968-impl-thread1] INFO  server.RaftServer (RaftServerProxy.java:initGroupDir(258)) - e56a0381-809f-4844-8654-a0ae17700968: found a subdirectory /home/runner/work/ozone/ozone/hadoop-ozone/integration-test/target/test-dir/MiniOzoneClusterImpl-1f8fe502-6e97-4a32-9c6f-93491b2fe8ad/datanode-1/data/ratis/tmp
2023-09-28 12:58:36,731 [e56a0381-809f-4844-8654-a0ae17700968-impl-thread1] INFO  server.RaftServer (RaftServerProxy.java:initGroupDir(263)) - e56a0381-809f-4844-8654-a0ae17700968: The directory /home/runner/work/ozone/ozone/hadoop-ozone/integration-test/target/test-dir/MiniOzoneClusterImpl-1f8fe502-6e97-4a32-9c6f-93491b2fe8ad/datanode-1/data/ratis/tmp is not a group directory; ignoring it. 
2023-09-28 12:58:36,731 [main] INFO  replication.ReplicationServer (ReplicationServer.java:<init>(83)) - Initializing replication server with thread count = 10 queue length = 4096
2023-09-28 12:58:36,732 [main] INFO  server.XceiverServerGrpc (XceiverServerGrpc.java:<init>(132)) - GrpcServer channel type EpollServerSocketChannel
2023-09-28 12:58:36,735 [main] INFO  replication.ReplicationSupervisor (ReplicationSupervisor.java:build(155)) - Initializing replication supervisor with thread count = 10
2023-09-28 12:58:36,735 [main] INFO  replication.ReplicationSupervisor (ReplicationSupervisor.java:nodeStateUpdated(307)) - Node state updated to IN_SERVICE, scaling executor pool size to 10
2023-09-28 12:58:36,737 [main] INFO  http.BaseHttpServer (BaseHttpServer.java:newHttpServer2BuilderForOzone(223)) - Starting Web-server for hddsDatanode at: http://0.0.0.0:15124
2023-09-28 12:58:36,737 [main] INFO  http.BaseHttpServer (BaseHttpServer.java:<init>(110)) - Hadoop Security Enabled: false Ozone Security Enabled: false Ozone HTTP Security Enabled: false 
2023-09-28 12:58:36,738 [main] WARN  server.AuthenticationFilter (AuthenticationFilter.java:constructSecretProvider(240)) - Unable to initialize FileSignerSecretProvider, falling back to use random secrets. Reason: Could not read signature secret file: /home/runner/hadoop-http-auth-signature-secret
2023-09-28 12:58:36,739 [main] INFO  http.HttpRequestLog (HttpRequestLog.java:getRequestLog(86)) - Http request log for http.requests.hddsDatanode is not defined
2023-09-28 12:58:36,740 [main] INFO  http.HttpServer2 (HttpServer2.java:addGlobalFilter(1031)) - Added global filter 'safety' (class=org.apache.hadoop.hdds.server.http.HttpServer2$QuotingInputFilter)
2023-09-28 12:58:36,741 [main] INFO  http.HttpServer2 (HttpServer2.java:addFilter(1007)) - Added filter static_user_filter (class=org.apache.hadoop.http.lib.StaticUserWebFilter$StaticUserFilter) to context hddsDatanode
2023-09-28 12:58:36,741 [main] INFO  http.HttpServer2 (HttpServer2.java:addFilter(1015)) - Added filter static_user_filter (class=org.apache.hadoop.http.lib.StaticUserWebFilter$StaticUserFilter) to context static
2023-09-28 12:58:36,741 [main] INFO  http.HttpServer2 (HttpServer2.java:addFilter(1015)) - Added filter static_user_filter (class=org.apache.hadoop.http.lib.StaticUserWebFilter$StaticUserFilter) to context logs
2023-09-28 12:58:36,742 [main] INFO  http.BaseHttpServer (BaseHttpServer.java:<init>(189)) - HTTP server of hddsDatanode uses base directory /home/runner/work/ozone/ozone/hadoop-ozone/integration-test/target/test-dir/MiniOzoneClusterImpl-1f8fe502-6e97-4a32-9c6f-93491b2fe8ad/datanode-1/meta/webserver
2023-09-28 12:58:36,742 [main] INFO  http.HttpServer2 (HttpServer2.java:bindListener(1231)) - Jetty bound to port 15124
2023-09-28 12:58:36,742 [main] INFO  server.Server (Server.java:doStart(375)) - jetty-9.4.52.v20230823; built: 2023-08-23T19:29:37.669Z; git: abdcda73818a1a2c705da276edb0bf6581e7997e; jvm 1.8.0_382-b05
2023-09-28 12:58:36,745 [main] INFO  server.session (DefaultSessionIdManager.java:doStart(334)) - DefaultSessionIdManager workerName=node0
2023-09-28 12:58:36,745 [main] INFO  server.session (DefaultSessionIdManager.java:doStart(339)) - No SessionScavenger set, using defaults
2023-09-28 12:58:36,745 [main] INFO  server.session (HouseKeeper.java:startScavenging(132)) - node0 Scavenging every 600000ms
2023-09-28 12:58:36,746 [main] INFO  handler.ContextHandler (ContextHandler.java:doStart(921)) - Started o.e.j.s.ServletContextHandler@31d6da7f{logs,/logs,file:///home/runner/work/ozone/ozone/hadoop-ozone/integration-test/target/log,AVAILABLE}
2023-09-28 12:58:36,747 [main] INFO  handler.ContextHandler (ContextHandler.java:doStart(921)) - Started o.e.j.s.ServletContextHandler@3769c94{static,/static,jar:file:/home/runner/.m2/repository/org/apache/ozone/hdds-container-service/1.4.0-SNAPSHOT/hdds-container-service-1.4.0-SNAPSHOT.jar!/webapps/static,AVAILABLE}
2023-09-28 12:58:36,966 [main] INFO  handler.ContextHandler (ContextHandler.java:doStart(921)) - Started o.e.j.w.WebAppContext@116eaf4f{hddsDatanode,/,file:///home/runner/work/ozone/ozone/hadoop-ozone/integration-test/target/test-dir/MiniOzoneClusterImpl-1f8fe502-6e97-4a32-9c6f-93491b2fe8ad/datanode-1/meta/webserver/jetty-0_0_0_0-15124-hdds-container-service-1_4_0-SNAPSHOT_jar-_-any-2098128366154035104/webapp/,AVAILABLE}{jar:file:/home/runner/.m2/repository/org/apache/ozone/hdds-container-service/1.4.0-SNAPSHOT/hdds-container-service-1.4.0-SNAPSHOT.jar!/webapps/hddsDatanode}
2023-09-28 12:58:36,968 [main] INFO  server.AbstractConnector (AbstractConnector.java:doStart(333)) - Started ServerConnector@6377f330{HTTP/1.1, (http/1.1)}{0.0.0.0:15124}
2023-09-28 12:58:36,969 [main] INFO  server.Server (Server.java:doStart(415)) - Started @182821ms
2023-09-28 12:58:36,969 [main] WARN  impl.MetricsSystemImpl (MetricsSystemImpl.java:register(279)) - Sink prometheus already exists!
2023-09-28 12:58:36,970 [main] INFO  http.BaseHttpServer (BaseHttpServer.java:updateConnectorAddress(354)) - HTTP server of hddsDatanode listening at http://0.0.0.0:15124
2023-09-28 12:58:36,970 [main] INFO  ipc.CallQueueManager (CallQueueManager.java:<init>(90)) - Using callQueue: class java.util.concurrent.LinkedBlockingQueue, queueCapacity: 100, scheduler: class org.apache.hadoop.ipc.DefaultRpcScheduler, ipcBackoff: false.
2023-09-28 12:58:36,970 [main] INFO  ipc.Server (Server.java:<init>(1287)) - Listener at 0.0.0.0:15125
2023-09-28 12:58:36,971 [Socket Reader #1 for port 15125] INFO  ipc.Server (Server.java:run(1323)) - Starting Socket Reader #1 for port 15125
2023-09-28 12:58:36,973 [main] INFO  ozone.HddsDatanodeService (HddsDatanodeService.java:start(315)) - Datanode start with admins: [runner]
2023-09-28 12:58:36,973 [main] INFO  ozone.HddsDatanodeClientProtocolServer (HddsDatanodeClientProtocolServer.java:start(72)) - RPC server for Client /0.0.0.0:15125
2023-09-28 12:58:36,973 [IPC Server listener on 15125] INFO  ipc.Server (Server.java:run(1402)) - IPC Server listener on 15125: starting
2023-09-28 12:58:36,973 [IPC Server Responder] INFO  ipc.Server (Server.java:run(1562)) - IPC Server Responder: starting
2023-09-28 12:58:36,978 [main] WARN  impl.MetricRegistriesImpl (MetricRegistriesImpl.java:addReporterRegistration(111)) - New reporters are added after registries were created. Some metrics will be missing from the reporter. Please add reporter before adding any new registry.
2023-09-28 12:58:36,978 [main] WARN  impl.MetricRegistriesImpl (MetricRegistriesImpl.java:addReporterRegistration(111)) - New reporters are added after registries were created. Some metrics will be missing from the reporter. Please add reporter before adding any new registry.
2023-09-28 12:58:36,979 [main] INFO  impl.MetricsSystemImpl (MetricsSystemImpl.java:init(158)) - HddsDatanode metrics system started (again)
2023-09-28 12:58:36,983 [Datanode State Machine Daemon Thread] INFO  statemachine.DatanodeStateMachine (DatanodeStateMachine.java:lambda$startDaemon$0(539)) - Ozone container server started.
2023-09-28 12:58:36,994 [main] INFO  ozone.HddsDatanodeService (HddsDatanodeService.java:start(237)) - HddsDatanodeService host:fv-az163-431.ksqkok1cighebdh5ckq0wc3qdf.dx.internal.cloudapp.net ip:10.1.0.34
2023-09-28 12:58:37,006 [Datanode State Machine Task Thread - 0] INFO  datanode.InitDatanodeState (InitDatanodeState.java:persistContainerDatanodeDetails(138)) - DatanodeDetails is persisted to /home/runner/work/ozone/ozone/hadoop-ozone/integration-test/target/test-dir/MiniOzoneClusterImpl-1f8fe502-6e97-4a32-9c6f-93491b2fe8ad/datanode-1/meta/datanode.id
2023-09-28 12:58:37,025 [main] INFO  upgrade.AbstractLayoutVersionManager (AbstractLayoutVersionManager.java:init(83)) - Initializing Layout version manager with metadata layout = HADOOP_PRC_PORTS_IN_DATANODEDETAILS (version = 7), software layout = HADOOP_PRC_PORTS_IN_DATANODEDETAILS (version = 7)
2023-09-28 12:58:37,027 [main] INFO  statemachine.DatanodeStateMachine (DatanodeStateMachine.java:getEndPointTaskThreadPoolSize(283)) - Datanode State Machine Task Thread Pool size 2
2023-09-28 12:58:37,028 [main] INFO  volume.HddsVolume (HddsVolume.java:<init>(126)) - Creating HddsVolume: /home/runner/work/ozone/ozone/hadoop-ozone/integration-test/target/test-dir/MiniOzoneClusterImpl-1f8fe502-6e97-4a32-9c6f-93491b2fe8ad/datanode-2/data-0/containers/hdds of storage type : DISK capacity : 9223372036854775807
2023-09-28 12:58:37,028 [main] INFO  volume.MutableVolumeSet (MutableVolumeSet.java:initializeVolumeSet(173)) - Added Volume : /home/runner/work/ozone/ozone/hadoop-ozone/integration-test/target/test-dir/MiniOzoneClusterImpl-1f8fe502-6e97-4a32-9c6f-93491b2fe8ad/datanode-2/data-0/containers/hdds to VolumeSet
2023-09-28 12:58:37,029 [main] INFO  volume.MutableVolumeSet (MutableVolumeSet.java:initializeVolumeSet(173)) - Added Volume : /home/runner/work/ozone/ozone/hadoop-ozone/integration-test/target/test-dir/MiniOzoneClusterImpl-1f8fe502-6e97-4a32-9c6f-93491b2fe8ad/datanode-2/data/ratis to VolumeSet
2023-09-28 12:58:37,032 [Thread-1342] INFO  ozoneimpl.ContainerReader (ContainerReader.java:readVolume(177)) - Finish verifying containers on volume /home/runner/work/ozone/ozone/hadoop-ozone/integration-test/target/test-dir/MiniOzoneClusterImpl-1f8fe502-6e97-4a32-9c6f-93491b2fe8ad/datanode-2/data-0/containers/hdds
2023-09-28 12:58:37,033 [main] INFO  ozoneimpl.OzoneContainer (OzoneContainer.java:buildContainerSet(314)) - Build ContainerSet costs 0s
2023-09-28 12:58:37,034 [main] INFO  server.RaftServer (ConfUtils.java:logGet(46)) - raft.rpc.type = GRPC (default)
2023-09-28 12:58:37,035 [main] INFO  grpc.GrpcConfigKeys (ConfUtils.java:logFallback(53)) - raft.grpc.admin.host = null (fallback to raft.grpc.server.host)
2023-09-28 12:58:37,035 [main] INFO  grpc.GrpcConfigKeys (ConfUtils.java:logGet(46)) - raft.grpc.admin.port = 15137 (custom)
2023-09-28 12:58:37,035 [main] INFO  grpc.GrpcConfigKeys (ConfUtils.java:logFallback(53)) - raft.grpc.client.host = null (fallback to raft.grpc.server.host)
2023-09-28 12:58:37,035 [main] INFO  grpc.GrpcConfigKeys (ConfUtils.java:logGet(46)) - raft.grpc.client.port = 15136 (custom)
2023-09-28 12:58:37,035 [main] INFO  grpc.GrpcConfigKeys (ConfUtils.java:logGet(46)) - raft.grpc.server.host = null (default)
2023-09-28 12:58:37,035 [main] INFO  grpc.GrpcConfigKeys (ConfUtils.java:logGet(46)) - raft.grpc.server.port = 15138 (custom)
2023-09-28 12:58:37,035 [main] INFO  server.GrpcService (ConfUtils.java:logGet(46)) - raft.grpc.message.size.max = 32MB (=33554432) (custom)
2023-09-28 12:58:37,035 [main] INFO  server.RaftServerConfigKeys (ConfUtils.java:logGet(46)) - raft.server.log.appender.buffer.byte-limit = 33554432 (custom)
2023-09-28 12:58:37,036 [main] INFO  server.GrpcService (ConfUtils.java:logGet(46)) - raft.grpc.flow.control.window = 5MB (=5242880) (custom)
2023-09-28 12:58:37,036 [main] INFO  server.RaftServerConfigKeys (ConfUtils.java:logGet(46)) - raft.server.rpc.request.timeout = 60s (custom)
2023-09-28 12:58:37,036 [main] INFO  grpc.GrpcConfigKeys (ConfUtils.java:logGet(46)) - raft.grpc.server.heartbeat.channel = true (default)
2023-09-28 12:58:37,036 [main] INFO  grpc.GrpcConfigKeys (ConfUtils.java:logGet(46)) - raft.grpc.server.async.request.thread.pool.cached = true (default)
2023-09-28 12:58:37,036 [main] INFO  grpc.GrpcConfigKeys (ConfUtils.java:logGet(46)) - raft.grpc.server.async.request.thread.pool.size = 32 (default)
2023-09-28 12:58:37,039 [main] INFO  impl.DataStreamServerImpl (ConfUtils.java:logGet(46)) - raft.datastream.type = NETTY (custom)
2023-09-28 12:58:37,039 [main] INFO  server.RaftServerConfigKeys (ConfUtils.java:logGet(46)) - raft.server.data-stream.async.request.thread.pool.cached = false (default)
2023-09-28 12:58:37,039 [main] INFO  server.RaftServerConfigKeys (ConfUtils.java:logGet(46)) - raft.server.data-stream.async.request.thread.pool.size = 20 (custom)
2023-09-28 12:58:37,039 [main] INFO  server.RaftServerConfigKeys (ConfUtils.java:logGet(46)) - raft.server.data-stream.async.write.thread.pool.size = 16 (default)
2023-09-28 12:58:37,039 [main] INFO  server.RaftServerConfigKeys (ConfUtils.java:logGet(46)) - raft.server.data-stream.client.pool.size = 10 (default)
2023-09-28 12:58:37,040 [main] INFO  netty.NettyConfigKeys$DataStream (ConfUtils.java:logGet(46)) - raft.netty.dataStream.server.use-epoll = false (default)
2023-09-28 12:58:37,040 [main] INFO  netty.NettyConfigKeys$DataStream (ConfUtils.java:logGet(46)) - raft.netty.dataStream.server.boss-group.size = 0 (default)
2023-09-28 12:58:37,040 [main] INFO  netty.NettyConfigKeys$DataStream (ConfUtils.java:logGet(46)) - raft.netty.dataStream.server.worker-group.size = 0 (default)
2023-09-28 12:58:37,041 [main] INFO  netty.NettyConfigKeys$DataStream (ConfUtils.java:logGet(46)) - raft.netty.dataStream.server.tls.conf = null (default)
2023-09-28 12:58:37,041 [main] INFO  netty.NettyConfigKeys$DataStream (ConfUtils.java:logGet(46)) - raft.netty.dataStream.host = null (default)
2023-09-28 12:58:37,041 [main] INFO  netty.NettyConfigKeys$DataStream (ConfUtils.java:logGet(46)) - raft.netty.dataStream.port = 15139 (custom)
2023-09-28 12:58:37,041 [main] INFO  server.RaftServerConfigKeys (ConfUtils.java:logGet(46)) - raft.server.threadpool.proxy.cached = true (default)
2023-09-28 12:58:37,041 [main] INFO  server.RaftServerConfigKeys (ConfUtils.java:logGet(46)) - raft.server.threadpool.proxy.size = 0 (default)
2023-09-28 12:58:37,042 [main] INFO  server.RaftServerConfigKeys (ConfUtils.java:logGet(46)) - raft.server.rpc.slowness.timeout = 300s (custom)
2023-09-28 12:58:37,042 [main] INFO  server.RaftServerConfigKeys (ConfUtils.java:logGet(46)) - raft.server.leaderelection.leader.step-down.wait-time = 10s (default)
2023-09-28 12:58:37,042 [main] INFO  server.RaftServerConfigKeys (ConfUtils.java:logGet(46)) - raft.server.storage.dir = [/home/runner/work/ozone/ozone/hadoop-ozone/integration-test/target/test-dir/MiniOzoneClusterImpl-1f8fe502-6e97-4a32-9c6f-93491b2fe8ad/datanode-2/data/ratis] (custom)
2023-09-28 12:58:37,042 [5e08d1c9-8c08-4060-98f0-ffeffb182171-NettyServerStreamRpc-bossGroup--thread1] INFO  logging.LoggingHandler (AbstractInternalLogger.java:log(148)) - [id: 0x0e38b6e0] REGISTERED
2023-09-28 12:58:37,042 [5e08d1c9-8c08-4060-98f0-ffeffb182171-impl-thread1] INFO  server.RaftServer (RaftServerProxy.java:initGroupDir(258)) - 5e08d1c9-8c08-4060-98f0-ffeffb182171: found a subdirectory /home/runner/work/ozone/ozone/hadoop-ozone/integration-test/target/test-dir/MiniOzoneClusterImpl-1f8fe502-6e97-4a32-9c6f-93491b2fe8ad/datanode-2/data/ratis/tmp
2023-09-28 12:58:37,043 [5e08d1c9-8c08-4060-98f0-ffeffb182171-NettyServerStreamRpc-bossGroup--thread1] INFO  logging.LoggingHandler (AbstractInternalLogger.java:log(148)) - [id: 0x0e38b6e0] BIND: 0.0.0.0/0.0.0.0:15139
2023-09-28 12:58:37,043 [5e08d1c9-8c08-4060-98f0-ffeffb182171-NettyServerStreamRpc-bossGroup--thread1] INFO  logging.LoggingHandler (AbstractInternalLogger.java:log(148)) - [id: 0x0e38b6e0, L:/0:0:0:0:0:0:0:0:15139] ACTIVE
2023-09-28 12:58:37,043 [5e08d1c9-8c08-4060-98f0-ffeffb182171-impl-thread1] INFO  server.RaftServer (RaftServerProxy.java:initGroupDir(263)) - 5e08d1c9-8c08-4060-98f0-ffeffb182171: The directory /home/runner/work/ozone/ozone/hadoop-ozone/integration-test/target/test-dir/MiniOzoneClusterImpl-1f8fe502-6e97-4a32-9c6f-93491b2fe8ad/datanode-2/data/ratis/tmp is not a group directory; ignoring it. 
2023-09-28 12:58:37,043 [main] INFO  replication.ReplicationServer (ReplicationServer.java:<init>(83)) - Initializing replication server with thread count = 10 queue length = 4096
2023-09-28 12:58:37,044 [main] INFO  server.XceiverServerGrpc (XceiverServerGrpc.java:<init>(132)) - GrpcServer channel type EpollServerSocketChannel
2023-09-28 12:58:37,046 [main] INFO  replication.ReplicationSupervisor (ReplicationSupervisor.java:build(155)) - Initializing replication supervisor with thread count = 10
2023-09-28 12:58:37,046 [main] INFO  replication.ReplicationSupervisor (ReplicationSupervisor.java:nodeStateUpdated(307)) - Node state updated to IN_SERVICE, scaling executor pool size to 10
2023-09-28 12:58:37,049 [main] INFO  http.BaseHttpServer (BaseHttpServer.java:newHttpServer2BuilderForOzone(223)) - Starting Web-server for hddsDatanode at: http://0.0.0.0:15133
2023-09-28 12:58:37,049 [main] INFO  http.BaseHttpServer (BaseHttpServer.java:<init>(110)) - Hadoop Security Enabled: false Ozone Security Enabled: false Ozone HTTP Security Enabled: false 
2023-09-28 12:58:37,050 [main] WARN  server.AuthenticationFilter (AuthenticationFilter.java:constructSecretProvider(240)) - Unable to initialize FileSignerSecretProvider, falling back to use random secrets. Reason: Could not read signature secret file: /home/runner/hadoop-http-auth-signature-secret
2023-09-28 12:58:37,053 [main] INFO  http.HttpRequestLog (HttpRequestLog.java:getRequestLog(86)) - Http request log for http.requests.hddsDatanode is not defined
2023-09-28 12:58:37,054 [main] INFO  http.HttpServer2 (HttpServer2.java:addGlobalFilter(1031)) - Added global filter 'safety' (class=org.apache.hadoop.hdds.server.http.HttpServer2$QuotingInputFilter)
2023-09-28 12:58:37,055 [main] INFO  http.HttpServer2 (HttpServer2.java:addFilter(1007)) - Added filter static_user_filter (class=org.apache.hadoop.http.lib.StaticUserWebFilter$StaticUserFilter) to context hddsDatanode
2023-09-28 12:58:37,055 [main] INFO  http.HttpServer2 (HttpServer2.java:addFilter(1015)) - Added filter static_user_filter (class=org.apache.hadoop.http.lib.StaticUserWebFilter$StaticUserFilter) to context logs
2023-09-28 12:58:37,055 [main] INFO  http.HttpServer2 (HttpServer2.java:addFilter(1015)) - Added filter static_user_filter (class=org.apache.hadoop.http.lib.StaticUserWebFilter$StaticUserFilter) to context static
2023-09-28 12:58:37,056 [main] INFO  http.BaseHttpServer (BaseHttpServer.java:<init>(189)) - HTTP server of hddsDatanode uses base directory /home/runner/work/ozone/ozone/hadoop-ozone/integration-test/target/test-dir/MiniOzoneClusterImpl-1f8fe502-6e97-4a32-9c6f-93491b2fe8ad/datanode-2/meta/webserver
2023-09-28 12:58:37,056 [main] INFO  http.HttpServer2 (HttpServer2.java:bindListener(1231)) - Jetty bound to port 15133
2023-09-28 12:58:37,056 [main] INFO  server.Server (Server.java:doStart(375)) - jetty-9.4.52.v20230823; built: 2023-08-23T19:29:37.669Z; git: abdcda73818a1a2c705da276edb0bf6581e7997e; jvm 1.8.0_382-b05
2023-09-28 12:58:37,062 [main] INFO  server.session (DefaultSessionIdManager.java:doStart(334)) - DefaultSessionIdManager workerName=node0
2023-09-28 12:58:37,062 [main] INFO  server.session (DefaultSessionIdManager.java:doStart(339)) - No SessionScavenger set, using defaults
2023-09-28 12:58:37,063 [main] INFO  server.session (HouseKeeper.java:startScavenging(132)) - node0 Scavenging every 600000ms
2023-09-28 12:58:37,063 [main] INFO  handler.ContextHandler (ContextHandler.java:doStart(921)) - Started o.e.j.s.ServletContextHandler@7accdc1d{logs,/logs,file:///home/runner/work/ozone/ozone/hadoop-ozone/integration-test/target/log,AVAILABLE}
2023-09-28 12:58:37,064 [main] INFO  handler.ContextHandler (ContextHandler.java:doStart(921)) - Started o.e.j.s.ServletContextHandler@4624481c{static,/static,jar:file:/home/runner/.m2/repository/org/apache/ozone/hdds-container-service/1.4.0-SNAPSHOT/hdds-container-service-1.4.0-SNAPSHOT.jar!/webapps/static,AVAILABLE}
2023-09-28 12:58:37,308 [main] INFO  handler.ContextHandler (ContextHandler.java:doStart(921)) - Started o.e.j.w.WebAppContext@227b4be7{hddsDatanode,/,file:///home/runner/work/ozone/ozone/hadoop-ozone/integration-test/target/test-dir/MiniOzoneClusterImpl-1f8fe502-6e97-4a32-9c6f-93491b2fe8ad/datanode-2/meta/webserver/jetty-0_0_0_0-15133-hdds-container-service-1_4_0-SNAPSHOT_jar-_-any-3338373759585494327/webapp/,AVAILABLE}{jar:file:/home/runner/.m2/repository/org/apache/ozone/hdds-container-service/1.4.0-SNAPSHOT/hdds-container-service-1.4.0-SNAPSHOT.jar!/webapps/hddsDatanode}
2023-09-28 12:58:37,310 [main] INFO  server.AbstractConnector (AbstractConnector.java:doStart(333)) - Started ServerConnector@dfaff72{HTTP/1.1, (http/1.1)}{0.0.0.0:15133}
2023-09-28 12:58:37,310 [main] INFO  server.Server (Server.java:doStart(415)) - Started @183163ms
2023-09-28 12:58:37,311 [main] WARN  impl.MetricsSystemImpl (MetricsSystemImpl.java:register(279)) - Sink prometheus already exists!
2023-09-28 12:58:37,311 [main] INFO  http.BaseHttpServer (BaseHttpServer.java:updateConnectorAddress(354)) - HTTP server of hddsDatanode listening at http://0.0.0.0:15133
2023-09-28 12:58:37,312 [main] INFO  ipc.CallQueueManager (CallQueueManager.java:<init>(90)) - Using callQueue: class java.util.concurrent.LinkedBlockingQueue, queueCapacity: 100, scheduler: class org.apache.hadoop.ipc.DefaultRpcScheduler, ipcBackoff: false.
2023-09-28 12:58:37,312 [main] INFO  ipc.Server (Server.java:<init>(1287)) - Listener at 0.0.0.0:15134
2023-09-28 12:58:37,313 [Socket Reader #1 for port 15134] INFO  ipc.Server (Server.java:run(1323)) - Starting Socket Reader #1 for port 15134
2023-09-28 12:58:37,322 [main] INFO  ozone.HddsDatanodeService (HddsDatanodeService.java:start(315)) - Datanode start with admins: [runner]
2023-09-28 12:58:37,322 [main] INFO  ozone.HddsDatanodeClientProtocolServer (HddsDatanodeClientProtocolServer.java:start(72)) - RPC server for Client /0.0.0.0:15134
2023-09-28 12:58:37,322 [IPC Server Responder] INFO  ipc.Server (Server.java:run(1562)) - IPC Server Responder: starting
2023-09-28 12:58:37,326 [IPC Server listener on 15134] INFO  ipc.Server (Server.java:run(1402)) - IPC Server listener on 15134: starting
2023-09-28 12:58:37,326 [main] WARN  impl.MetricRegistriesImpl (MetricRegistriesImpl.java:addReporterRegistration(111)) - New reporters are added after registries were created. Some metrics will be missing from the reporter. Please add reporter before adding any new registry.
2023-09-28 12:58:37,327 [main] WARN  impl.MetricRegistriesImpl (MetricRegistriesImpl.java:addReporterRegistration(111)) - New reporters are added after registries were created. Some metrics will be missing from the reporter. Please add reporter before adding any new registry.
2023-09-28 12:58:37,327 [main] INFO  impl.MetricsSystemImpl (MetricsSystemImpl.java:init(158)) - HddsDatanode metrics system started (again)
2023-09-28 12:58:37,326 [Datanode State Machine Daemon Thread] INFO  statemachine.DatanodeStateMachine (DatanodeStateMachine.java:lambda$startDaemon$0(539)) - Ozone container server started.
2023-09-28 12:58:37,327 [om1@group-C5BA1605619E-FollowerState] INFO  impl.FollowerState (FollowerState.java:run(143)) - om1@group-C5BA1605619E-FollowerState: change to CANDIDATE, lastRpcElapsedTime:1163420698ns, electionTimeout:1161ms
2023-09-28 12:58:37,327 [om1@group-C5BA1605619E-FollowerState] INFO  impl.RoleInfo (RoleInfo.java:shutdownFollowerState(110)) - om1: shutdown om1@group-C5BA1605619E-FollowerState
2023-09-28 12:58:37,327 [om1@group-C5BA1605619E-FollowerState] INFO  server.RaftServer$Division (RaftServerImpl.java:setRole(329)) - om1@group-C5BA1605619E: changes role from  FOLLOWER to CANDIDATE at term 0 for changeToCandidate
2023-09-28 12:58:37,327 [om1@group-C5BA1605619E-FollowerState] INFO  server.RaftServerConfigKeys (ConfUtils.java:logGet(46)) - raft.server.leaderelection.pre-vote = true (default)
2023-09-28 12:58:37,327 [om1@group-C5BA1605619E-FollowerState] INFO  impl.RoleInfo (RoleInfo.java:updateAndGet(139)) - om1: start om1@group-C5BA1605619E-LeaderElection18
2023-09-28 12:58:37,341 [om1@group-C5BA1605619E-LeaderElection18] INFO  impl.LeaderElection (LeaderElection.java:askForVotes(321)) - om1@group-C5BA1605619E-LeaderElection18 PRE_VOTE round 0: submit vote requests at term 0 for -1: peers:[om1|rpc:localhost:15113|priority:0|startupRole:FOLLOWER]|listeners:[], old=null
2023-09-28 12:58:37,341 [om1@group-C5BA1605619E-LeaderElection18] INFO  impl.LeaderElection (LeaderElection.java:askForVotes(323)) - om1@group-C5BA1605619E-LeaderElection18 PRE_VOTE round 0: result PASSED (term=0)
2023-09-28 12:58:37,345 [om1@group-C5BA1605619E-LeaderElection18] INFO  impl.LeaderElection (LeaderElection.java:askForVotes(321)) - om1@group-C5BA1605619E-LeaderElection18 ELECTION round 0: submit vote requests at term 1 for -1: peers:[om1|rpc:localhost:15113|priority:0|startupRole:FOLLOWER]|listeners:[], old=null
2023-09-28 12:58:37,345 [om1@group-C5BA1605619E-LeaderElection18] INFO  impl.LeaderElection (LeaderElection.java:askForVotes(323)) - om1@group-C5BA1605619E-LeaderElection18 ELECTION round 0: result PASSED (term=1)
2023-09-28 12:58:37,345 [om1@group-C5BA1605619E-LeaderElection18] INFO  impl.RoleInfo (RoleInfo.java:shutdownLeaderElection(130)) - om1: shutdown om1@group-C5BA1605619E-LeaderElection18
2023-09-28 12:58:37,345 [om1@group-C5BA1605619E-LeaderElection18] INFO  server.RaftServer$Division (RaftServerImpl.java:setRole(329)) - om1@group-C5BA1605619E: changes role from CANDIDATE to LEADER at term 1 for changeToLeader
2023-09-28 12:58:37,345 [om1@group-C5BA1605619E-LeaderElection18] INFO  server.RaftServer$Division (ServerState.java:setLeader(317)) - om1@group-C5BA1605619E: change Leader from null to om1 at term 1 for becomeLeader, leader elected after 1816ms
2023-09-28 12:58:37,345 [om1@group-C5BA1605619E-LeaderElection18] INFO  server.RaftServerConfigKeys (ConfUtils.java:logGet(46)) - raft.server.staging.catchup.gap = 1000 (default)
2023-09-28 12:58:37,345 [om1@group-C5BA1605619E-LeaderElection18] INFO  server.RaftServerConfigKeys (ConfUtils.java:logGet(46)) - raft.server.write.element-limit = 4096 (default)
2023-09-28 12:58:37,346 [om1@group-C5BA1605619E-LeaderElection18] INFO  server.RaftServerConfigKeys (ConfUtils.java:logGet(46)) - raft.server.write.byte-limit = 64MB (=67108864) (default)
2023-09-28 12:58:37,346 [om1@group-C5BA1605619E-LeaderElection18] INFO  server.RaftServerConfigKeys (ConfUtils.java:logGet(46)) - raft.server.watch.timeout = 10s (default)
2023-09-28 12:58:37,346 [om1@group-C5BA1605619E-LeaderElection18] INFO  server.RaftServerConfigKeys (ConfUtils.java:logGet(46)) - raft.server.watch.timeout.denomination = 1s (default)
2023-09-28 12:58:37,346 [om1@group-C5BA1605619E-LeaderElection18] INFO  server.RaftServerConfigKeys (ConfUtils.java:logGet(46)) - raft.server.watch.element-limit = 65536 (default)
2023-09-28 12:58:37,346 [om1@group-C5BA1605619E-LeaderElection18] INFO  server.RaftServerConfigKeys (ConfUtils.java:logGet(46)) - raft.server.write.element-limit = 4096 (default)
2023-09-28 12:58:37,346 [om1@group-C5BA1605619E-LeaderElection18] INFO  server.RaftServerConfigKeys (ConfUtils.java:logGet(46)) - raft.server.write.follower.gap.ratio.max = -1.0 (default)
2023-09-28 12:58:37,346 [om1@group-C5BA1605619E-LeaderElection18] INFO  impl.RoleInfo (RoleInfo.java:updateAndGet(139)) - om1: start om1@group-C5BA1605619E-LeaderStateImpl
2023-09-28 12:58:37,346 [om1@group-C5BA1605619E-LeaderElection18] INFO  segmented.SegmentedRaftLogWorker (SegmentedRaftLogWorker.java:startLogSegment(447)) - om1@group-C5BA1605619E-SegmentedRaftLogWorker: Starting segment from index:0
2023-09-28 12:58:37,351 [Datanode State Machine Task Thread - 0] INFO  datanode.InitDatanodeState (InitDatanodeState.java:persistContainerDatanodeDetails(138)) - DatanodeDetails is persisted to /home/runner/work/ozone/ozone/hadoop-ozone/integration-test/target/test-dir/MiniOzoneClusterImpl-1f8fe502-6e97-4a32-9c6f-93491b2fe8ad/datanode-2/meta/datanode.id
2023-09-28 12:58:37,352 [om1@group-C5BA1605619E-LeaderElection18] INFO  server.RaftServer$Division (ServerState.java:setRaftConf(434)) - om1@group-C5BA1605619E: set configuration 0: peers:[om1|rpc:localhost:15113|admin:|client:|dataStream:|priority:0|startupRole:FOLLOWER]|listeners:[], old=null
2023-09-28 12:58:37,358 [main] INFO  ozone.HddsDatanodeService (HddsDatanodeService.java:start(237)) - HddsDatanodeService host:fv-az163-431.ksqkok1cighebdh5ckq0wc3qdf.dx.internal.cloudapp.net ip:10.1.0.34
2023-09-28 12:58:37,358 [om1@group-C5BA1605619E-SegmentedRaftLogWorker] INFO  segmented.SegmentedRaftLogWorker (SegmentedRaftLogWorker.java:execute(651)) - om1@group-C5BA1605619E-SegmentedRaftLogWorker: created new log segment /home/runner/work/ozone/ozone/hadoop-ozone/integration-test/target/test-dir/MiniOzoneClusterImpl-1f8fe502-6e97-4a32-9c6f-93491b2fe8ad/ozone-meta/ratis/bf265839-605b-3f16-9796-c5ba1605619e/current/log_inprogress_0
2023-09-28 12:58:37,364 [om1@group-C5BA1605619E-StateMachineUpdater] INFO  ratis.OzoneManagerStateMachine (OzoneManagerStateMachine.java:notifyConfigurationChanged(202)) - Received Configuration change notification from Ratis. New Peer list:
[id: "om1"
address: "localhost:15113"
startupRole: FOLLOWER
]
2023-09-28 12:58:37,396 [main] INFO  upgrade.AbstractLayoutVersionManager (AbstractLayoutVersionManager.java:init(83)) - Initializing Layout version manager with metadata layout = HADOOP_PRC_PORTS_IN_DATANODEDETAILS (version = 7), software layout = HADOOP_PRC_PORTS_IN_DATANODEDETAILS (version = 7)
2023-09-28 12:58:37,396 [main] INFO  statemachine.DatanodeStateMachine (DatanodeStateMachine.java:getEndPointTaskThreadPoolSize(283)) - Datanode State Machine Task Thread Pool size 2
2023-09-28 12:58:37,400 [main] INFO  volume.HddsVolume (HddsVolume.java:<init>(126)) - Creating HddsVolume: /home/runner/work/ozone/ozone/hadoop-ozone/integration-test/target/test-dir/MiniOzoneClusterImpl-1f8fe502-6e97-4a32-9c6f-93491b2fe8ad/datanode-3/data-0/containers/hdds of storage type : DISK capacity : 9223372036854775807
2023-09-28 12:58:37,400 [main] INFO  volume.MutableVolumeSet (MutableVolumeSet.java:initializeVolumeSet(173)) - Added Volume : /home/runner/work/ozone/ozone/hadoop-ozone/integration-test/target/test-dir/MiniOzoneClusterImpl-1f8fe502-6e97-4a32-9c6f-93491b2fe8ad/datanode-3/data-0/containers/hdds to VolumeSet
2023-09-28 12:58:37,403 [main] INFO  volume.MutableVolumeSet (MutableVolumeSet.java:initializeVolumeSet(173)) - Added Volume : /home/runner/work/ozone/ozone/hadoop-ozone/integration-test/target/test-dir/MiniOzoneClusterImpl-1f8fe502-6e97-4a32-9c6f-93491b2fe8ad/datanode-3/data/ratis to VolumeSet
2023-09-28 12:58:37,407 [Thread-1361] INFO  ozoneimpl.ContainerReader (ContainerReader.java:readVolume(177)) - Finish verifying containers on volume /home/runner/work/ozone/ozone/hadoop-ozone/integration-test/target/test-dir/MiniOzoneClusterImpl-1f8fe502-6e97-4a32-9c6f-93491b2fe8ad/datanode-3/data-0/containers/hdds
2023-09-28 12:58:37,407 [main] INFO  ozoneimpl.OzoneContainer (OzoneContainer.java:buildContainerSet(314)) - Build ContainerSet costs 0s
2023-09-28 12:58:37,409 [main] INFO  server.RaftServer (ConfUtils.java:logGet(46)) - raft.rpc.type = GRPC (default)
2023-09-28 12:58:37,410 [main] INFO  grpc.GrpcConfigKeys (ConfUtils.java:logFallback(53)) - raft.grpc.admin.host = null (fallback to raft.grpc.server.host)
2023-09-28 12:58:37,410 [main] INFO  grpc.GrpcConfigKeys (ConfUtils.java:logGet(46)) - raft.grpc.admin.port = 15146 (custom)
2023-09-28 12:58:37,410 [main] INFO  grpc.GrpcConfigKeys (ConfUtils.java:logFallback(53)) - raft.grpc.client.host = null (fallback to raft.grpc.server.host)
2023-09-28 12:58:37,410 [main] INFO  grpc.GrpcConfigKeys (ConfUtils.java:logGet(46)) - raft.grpc.client.port = 15145 (custom)
2023-09-28 12:58:37,410 [main] INFO  grpc.GrpcConfigKeys (ConfUtils.java:logGet(46)) - raft.grpc.server.host = null (default)
2023-09-28 12:58:37,410 [main] INFO  grpc.GrpcConfigKeys (ConfUtils.java:logGet(46)) - raft.grpc.server.port = 15147 (custom)
2023-09-28 12:58:37,410 [main] INFO  server.GrpcService (ConfUtils.java:logGet(46)) - raft.grpc.message.size.max = 32MB (=33554432) (custom)
2023-09-28 12:58:37,410 [main] INFO  server.RaftServerConfigKeys (ConfUtils.java:logGet(46)) - raft.server.log.appender.buffer.byte-limit = 33554432 (custom)
2023-09-28 12:58:37,411 [main] INFO  server.GrpcService (ConfUtils.java:logGet(46)) - raft.grpc.flow.control.window = 5MB (=5242880) (custom)
2023-09-28 12:58:37,411 [main] INFO  server.RaftServerConfigKeys (ConfUtils.java:logGet(46)) - raft.server.rpc.request.timeout = 60s (custom)
2023-09-28 12:58:37,411 [main] INFO  grpc.GrpcConfigKeys (ConfUtils.java:logGet(46)) - raft.grpc.server.heartbeat.channel = true (default)
2023-09-28 12:58:37,411 [main] INFO  grpc.GrpcConfigKeys (ConfUtils.java:logGet(46)) - raft.grpc.server.async.request.thread.pool.cached = true (default)
2023-09-28 12:58:37,411 [main] INFO  grpc.GrpcConfigKeys (ConfUtils.java:logGet(46)) - raft.grpc.server.async.request.thread.pool.size = 32 (default)
2023-09-28 12:58:37,418 [main] INFO  impl.DataStreamServerImpl (ConfUtils.java:logGet(46)) - raft.datastream.type = NETTY (custom)
2023-09-28 12:58:37,418 [main] INFO  server.RaftServerConfigKeys (ConfUtils.java:logGet(46)) - raft.server.data-stream.async.request.thread.pool.cached = false (default)
2023-09-28 12:58:37,418 [main] INFO  server.RaftServerConfigKeys (ConfUtils.java:logGet(46)) - raft.server.data-stream.async.request.thread.pool.size = 20 (custom)
2023-09-28 12:58:37,419 [main] INFO  server.RaftServerConfigKeys (ConfUtils.java:logGet(46)) - raft.server.data-stream.async.write.thread.pool.size = 16 (default)
2023-09-28 12:58:37,419 [main] INFO  server.RaftServerConfigKeys (ConfUtils.java:logGet(46)) - raft.server.data-stream.client.pool.size = 10 (default)
2023-09-28 12:58:37,419 [main] INFO  netty.NettyConfigKeys$DataStream (ConfUtils.java:logGet(46)) - raft.netty.dataStream.server.use-epoll = false (default)
2023-09-28 12:58:37,419 [main] INFO  netty.NettyConfigKeys$DataStream (ConfUtils.java:logGet(46)) - raft.netty.dataStream.server.boss-group.size = 0 (default)
2023-09-28 12:58:37,423 [main] INFO  netty.NettyConfigKeys$DataStream (ConfUtils.java:logGet(46)) - raft.netty.dataStream.server.worker-group.size = 0 (default)
2023-09-28 12:58:37,423 [main] INFO  netty.NettyConfigKeys$DataStream (ConfUtils.java:logGet(46)) - raft.netty.dataStream.server.tls.conf = null (default)
2023-09-28 12:58:37,423 [main] INFO  netty.NettyConfigKeys$DataStream (ConfUtils.java:logGet(46)) - raft.netty.dataStream.host = null (default)
2023-09-28 12:58:37,424 [main] INFO  netty.NettyConfigKeys$DataStream (ConfUtils.java:logGet(46)) - raft.netty.dataStream.port = 15148 (custom)
2023-09-28 12:58:37,424 [main] INFO  server.RaftServerConfigKeys (ConfUtils.java:logGet(46)) - raft.server.threadpool.proxy.cached = true (default)
2023-09-28 12:58:37,424 [main] INFO  server.RaftServerConfigKeys (ConfUtils.java:logGet(46)) - raft.server.threadpool.proxy.size = 0 (default)
2023-09-28 12:58:37,424 [main] INFO  server.RaftServerConfigKeys (ConfUtils.java:logGet(46)) - raft.server.rpc.slowness.timeout = 300s (custom)
2023-09-28 12:58:37,424 [main] INFO  server.RaftServerConfigKeys (ConfUtils.java:logGet(46)) - raft.server.leaderelection.leader.step-down.wait-time = 10s (default)
2023-09-28 12:58:37,425 [main] INFO  server.RaftServerConfigKeys (ConfUtils.java:logGet(46)) - raft.server.storage.dir = [/home/runner/work/ozone/ozone/hadoop-ozone/integration-test/target/test-dir/MiniOzoneClusterImpl-1f8fe502-6e97-4a32-9c6f-93491b2fe8ad/datanode-3/data/ratis] (custom)
2023-09-28 12:58:37,425 [9cdffd11-02fa-4df2-99c7-28ecdc892c61-NettyServerStreamRpc-bossGroup--thread1] INFO  logging.LoggingHandler (AbstractInternalLogger.java:log(148)) - [id: 0x85766f09] REGISTERED
2023-09-28 12:58:37,426 [9cdffd11-02fa-4df2-99c7-28ecdc892c61-NettyServerStreamRpc-bossGroup--thread1] INFO  logging.LoggingHandler (AbstractInternalLogger.java:log(148)) - [id: 0x85766f09] BIND: 0.0.0.0/0.0.0.0:15148
2023-09-28 12:58:37,426 [9cdffd11-02fa-4df2-99c7-28ecdc892c61-NettyServerStreamRpc-bossGroup--thread1] INFO  logging.LoggingHandler (AbstractInternalLogger.java:log(148)) - [id: 0x85766f09, L:/0:0:0:0:0:0:0:0:15148] ACTIVE
2023-09-28 12:58:37,426 [9cdffd11-02fa-4df2-99c7-28ecdc892c61-impl-thread1] INFO  server.RaftServer (RaftServerProxy.java:initGroupDir(258)) - 9cdffd11-02fa-4df2-99c7-28ecdc892c61: found a subdirectory /home/runner/work/ozone/ozone/hadoop-ozone/integration-test/target/test-dir/MiniOzoneClusterImpl-1f8fe502-6e97-4a32-9c6f-93491b2fe8ad/datanode-3/data/ratis/tmp
2023-09-28 12:58:37,426 [9cdffd11-02fa-4df2-99c7-28ecdc892c61-impl-thread1] INFO  server.RaftServer (RaftServerProxy.java:initGroupDir(263)) - 9cdffd11-02fa-4df2-99c7-28ecdc892c61: The directory /home/runner/work/ozone/ozone/hadoop-ozone/integration-test/target/test-dir/MiniOzoneClusterImpl-1f8fe502-6e97-4a32-9c6f-93491b2fe8ad/datanode-3/data/ratis/tmp is not a group directory; ignoring it. 
2023-09-28 12:58:37,426 [main] INFO  replication.ReplicationServer (ReplicationServer.java:<init>(83)) - Initializing replication server with thread count = 10 queue length = 4096
2023-09-28 12:58:37,427 [main] INFO  server.XceiverServerGrpc (XceiverServerGrpc.java:<init>(132)) - GrpcServer channel type EpollServerSocketChannel
2023-09-28 12:58:37,430 [main] INFO  replication.ReplicationSupervisor (ReplicationSupervisor.java:build(155)) - Initializing replication supervisor with thread count = 10
2023-09-28 12:58:37,430 [main] INFO  replication.ReplicationSupervisor (ReplicationSupervisor.java:nodeStateUpdated(307)) - Node state updated to IN_SERVICE, scaling executor pool size to 10
2023-09-28 12:58:37,432 [main] INFO  http.BaseHttpServer (BaseHttpServer.java:newHttpServer2BuilderForOzone(223)) - Starting Web-server for hddsDatanode at: http://0.0.0.0:15142
2023-09-28 12:58:37,432 [main] INFO  http.BaseHttpServer (BaseHttpServer.java:<init>(110)) - Hadoop Security Enabled: false Ozone Security Enabled: false Ozone HTTP Security Enabled: false 
2023-09-28 12:58:37,442 [main] WARN  server.AuthenticationFilter (AuthenticationFilter.java:constructSecretProvider(240)) - Unable to initialize FileSignerSecretProvider, falling back to use random secrets. Reason: Could not read signature secret file: /home/runner/hadoop-http-auth-signature-secret
2023-09-28 12:58:37,443 [main] INFO  http.HttpRequestLog (HttpRequestLog.java:getRequestLog(86)) - Http request log for http.requests.hddsDatanode is not defined
2023-09-28 12:58:37,445 [main] INFO  http.HttpServer2 (HttpServer2.java:addGlobalFilter(1031)) - Added global filter 'safety' (class=org.apache.hadoop.hdds.server.http.HttpServer2$QuotingInputFilter)
2023-09-28 12:58:37,446 [main] INFO  http.HttpServer2 (HttpServer2.java:addFilter(1007)) - Added filter static_user_filter (class=org.apache.hadoop.http.lib.StaticUserWebFilter$StaticUserFilter) to context hddsDatanode
2023-09-28 12:58:37,446 [main] INFO  http.HttpServer2 (HttpServer2.java:addFilter(1015)) - Added filter static_user_filter (class=org.apache.hadoop.http.lib.StaticUserWebFilter$StaticUserFilter) to context static
2023-09-28 12:58:37,446 [main] INFO  http.HttpServer2 (HttpServer2.java:addFilter(1015)) - Added filter static_user_filter (class=org.apache.hadoop.http.lib.StaticUserWebFilter$StaticUserFilter) to context logs
2023-09-28 12:58:37,447 [main] INFO  http.BaseHttpServer (BaseHttpServer.java:<init>(189)) - HTTP server of hddsDatanode uses base directory /home/runner/work/ozone/ozone/hadoop-ozone/integration-test/target/test-dir/MiniOzoneClusterImpl-1f8fe502-6e97-4a32-9c6f-93491b2fe8ad/datanode-3/meta/webserver
2023-09-28 12:58:37,447 [main] INFO  http.HttpServer2 (HttpServer2.java:bindListener(1231)) - Jetty bound to port 15142
2023-09-28 12:58:37,447 [main] INFO  server.Server (Server.java:doStart(375)) - jetty-9.4.52.v20230823; built: 2023-08-23T19:29:37.669Z; git: abdcda73818a1a2c705da276edb0bf6581e7997e; jvm 1.8.0_382-b05
2023-09-28 12:58:37,449 [main] INFO  server.session (DefaultSessionIdManager.java:doStart(334)) - DefaultSessionIdManager workerName=node0
2023-09-28 12:58:37,449 [main] INFO  server.session (DefaultSessionIdManager.java:doStart(339)) - No SessionScavenger set, using defaults
2023-09-28 12:58:37,457 [main] INFO  server.session (HouseKeeper.java:startScavenging(132)) - node0 Scavenging every 600000ms
2023-09-28 12:58:37,458 [main] INFO  handler.ContextHandler (ContextHandler.java:doStart(921)) - Started o.e.j.s.ServletContextHandler@595126c{logs,/logs,file:///home/runner/work/ozone/ozone/hadoop-ozone/integration-test/target/log,AVAILABLE}
2023-09-28 12:58:37,458 [main] INFO  handler.ContextHandler (ContextHandler.java:doStart(921)) - Started o.e.j.s.ServletContextHandler@7e953be6{static,/static,jar:file:/home/runner/.m2/repository/org/apache/ozone/hdds-container-service/1.4.0-SNAPSHOT/hdds-container-service-1.4.0-SNAPSHOT.jar!/webapps/static,AVAILABLE}
2023-09-28 12:58:37,683 [main] INFO  handler.ContextHandler (ContextHandler.java:doStart(921)) - Started o.e.j.w.WebAppContext@172236ba{hddsDatanode,/,file:///home/runner/work/ozone/ozone/hadoop-ozone/integration-test/target/test-dir/MiniOzoneClusterImpl-1f8fe502-6e97-4a32-9c6f-93491b2fe8ad/datanode-3/meta/webserver/jetty-0_0_0_0-15142-hdds-container-service-1_4_0-SNAPSHOT_jar-_-any-7916517776757299931/webapp/,AVAILABLE}{jar:file:/home/runner/.m2/repository/org/apache/ozone/hdds-container-service/1.4.0-SNAPSHOT/hdds-container-service-1.4.0-SNAPSHOT.jar!/webapps/hddsDatanode}
2023-09-28 12:58:37,697 [main] INFO  server.AbstractConnector (AbstractConnector.java:doStart(333)) - Started ServerConnector@68ef4545{HTTP/1.1, (http/1.1)}{0.0.0.0:15142}
2023-09-28 12:58:37,698 [main] INFO  server.Server (Server.java:doStart(415)) - Started @183550ms
2023-09-28 12:58:37,698 [main] WARN  impl.MetricsSystemImpl (MetricsSystemImpl.java:register(279)) - Sink prometheus already exists!
2023-09-28 12:58:37,701 [main] INFO  http.BaseHttpServer (BaseHttpServer.java:updateConnectorAddress(354)) - HTTP server of hddsDatanode listening at http://0.0.0.0:15142
2023-09-28 12:58:37,701 [main] INFO  ipc.CallQueueManager (CallQueueManager.java:<init>(90)) - Using callQueue: class java.util.concurrent.LinkedBlockingQueue, queueCapacity: 100, scheduler: class org.apache.hadoop.ipc.DefaultRpcScheduler, ipcBackoff: false.
2023-09-28 12:58:37,701 [main] INFO  ipc.Server (Server.java:<init>(1287)) - Listener at 0.0.0.0:15143
2023-09-28 12:58:37,704 [Socket Reader #1 for port 15143] INFO  ipc.Server (Server.java:run(1323)) - Starting Socket Reader #1 for port 15143
2023-09-28 12:58:37,705 [main] INFO  ozone.HddsDatanodeService (HddsDatanodeService.java:start(315)) - Datanode start with admins: [runner]
2023-09-28 12:58:37,706 [main] INFO  ozone.HddsDatanodeClientProtocolServer (HddsDatanodeClientProtocolServer.java:start(72)) - RPC server for Client /0.0.0.0:15143
2023-09-28 12:58:37,706 [IPC Server Responder] INFO  ipc.Server (Server.java:run(1562)) - IPC Server Responder: starting
2023-09-28 12:58:37,706 [IPC Server listener on 15143] INFO  ipc.Server (Server.java:run(1402)) - IPC Server listener on 15143: starting
2023-09-28 12:58:37,707 [main] WARN  impl.MetricRegistriesImpl (MetricRegistriesImpl.java:addReporterRegistration(111)) - New reporters are added after registries were created. Some metrics will be missing from the reporter. Please add reporter before adding any new registry.
2023-09-28 12:58:37,707 [main] WARN  impl.MetricRegistriesImpl (MetricRegistriesImpl.java:addReporterRegistration(111)) - New reporters are added after registries were created. Some metrics will be missing from the reporter. Please add reporter before adding any new registry.
2023-09-28 12:58:37,707 [main] INFO  impl.MetricsSystemImpl (MetricsSystemImpl.java:init(158)) - HddsDatanode metrics system started (again)
2023-09-28 12:58:37,711 [Datanode State Machine Daemon Thread] INFO  statemachine.DatanodeStateMachine (DatanodeStateMachine.java:lambda$startDaemon$0(539)) - Ozone container server started.
2023-09-28 12:58:37,716 [Datanode State Machine Task Thread - 0] INFO  datanode.InitDatanodeState (InitDatanodeState.java:persistContainerDatanodeDetails(138)) - DatanodeDetails is persisted to /home/runner/work/ozone/ozone/hadoop-ozone/integration-test/target/test-dir/MiniOzoneClusterImpl-1f8fe502-6e97-4a32-9c6f-93491b2fe8ad/datanode-3/meta/datanode.id
2023-09-28 12:58:37,730 [main] INFO  ozone.HddsDatanodeService (HddsDatanodeService.java:start(237)) - HddsDatanodeService host:fv-az163-431.ksqkok1cighebdh5ckq0wc3qdf.dx.internal.cloudapp.net ip:10.1.0.34
2023-09-28 12:58:37,758 [main] INFO  upgrade.AbstractLayoutVersionManager (AbstractLayoutVersionManager.java:init(83)) - Initializing Layout version manager with metadata layout = HADOOP_PRC_PORTS_IN_DATANODEDETAILS (version = 7), software layout = HADOOP_PRC_PORTS_IN_DATANODEDETAILS (version = 7)
2023-09-28 12:58:37,759 [main] INFO  statemachine.DatanodeStateMachine (DatanodeStateMachine.java:getEndPointTaskThreadPoolSize(283)) - Datanode State Machine Task Thread Pool size 2
2023-09-28 12:58:37,760 [main] INFO  volume.HddsVolume (HddsVolume.java:<init>(126)) - Creating HddsVolume: /home/runner/work/ozone/ozone/hadoop-ozone/integration-test/target/test-dir/MiniOzoneClusterImpl-1f8fe502-6e97-4a32-9c6f-93491b2fe8ad/datanode-4/data-0/containers/hdds of storage type : DISK capacity : 9223372036854775807
2023-09-28 12:58:37,761 [main] INFO  volume.MutableVolumeSet (MutableVolumeSet.java:initializeVolumeSet(173)) - Added Volume : /home/runner/work/ozone/ozone/hadoop-ozone/integration-test/target/test-dir/MiniOzoneClusterImpl-1f8fe502-6e97-4a32-9c6f-93491b2fe8ad/datanode-4/data-0/containers/hdds to VolumeSet
2023-09-28 12:58:37,762 [main] INFO  volume.MutableVolumeSet (MutableVolumeSet.java:initializeVolumeSet(173)) - Added Volume : /home/runner/work/ozone/ozone/hadoop-ozone/integration-test/target/test-dir/MiniOzoneClusterImpl-1f8fe502-6e97-4a32-9c6f-93491b2fe8ad/datanode-4/data/ratis to VolumeSet
2023-09-28 12:58:37,763 [Thread-1378] INFO  ozoneimpl.ContainerReader (ContainerReader.java:readVolume(177)) - Finish verifying containers on volume /home/runner/work/ozone/ozone/hadoop-ozone/integration-test/target/test-dir/MiniOzoneClusterImpl-1f8fe502-6e97-4a32-9c6f-93491b2fe8ad/datanode-4/data-0/containers/hdds
2023-09-28 12:58:37,763 [main] INFO  ozoneimpl.OzoneContainer (OzoneContainer.java:buildContainerSet(314)) - Build ContainerSet costs 0s
2023-09-28 12:58:37,765 [main] INFO  server.RaftServer (ConfUtils.java:logGet(46)) - raft.rpc.type = GRPC (default)
2023-09-28 12:58:37,765 [main] INFO  grpc.GrpcConfigKeys (ConfUtils.java:logFallback(53)) - raft.grpc.admin.host = null (fallback to raft.grpc.server.host)
2023-09-28 12:58:37,765 [main] INFO  grpc.GrpcConfigKeys (ConfUtils.java:logGet(46)) - raft.grpc.admin.port = 15155 (custom)
2023-09-28 12:58:37,765 [main] INFO  grpc.GrpcConfigKeys (ConfUtils.java:logFallback(53)) - raft.grpc.client.host = null (fallback to raft.grpc.server.host)
2023-09-28 12:58:37,765 [main] INFO  grpc.GrpcConfigKeys (ConfUtils.java:logGet(46)) - raft.grpc.client.port = 15154 (custom)
2023-09-28 12:58:37,765 [main] INFO  grpc.GrpcConfigKeys (ConfUtils.java:logGet(46)) - raft.grpc.server.host = null (default)
2023-09-28 12:58:37,765 [main] INFO  grpc.GrpcConfigKeys (ConfUtils.java:logGet(46)) - raft.grpc.server.port = 15156 (custom)
2023-09-28 12:58:37,766 [main] INFO  server.GrpcService (ConfUtils.java:logGet(46)) - raft.grpc.message.size.max = 32MB (=33554432) (custom)
2023-09-28 12:58:37,766 [main] INFO  server.RaftServerConfigKeys (ConfUtils.java:logGet(46)) - raft.server.log.appender.buffer.byte-limit = 33554432 (custom)
2023-09-28 12:58:37,766 [main] INFO  server.GrpcService (ConfUtils.java:logGet(46)) - raft.grpc.flow.control.window = 5MB (=5242880) (custom)
2023-09-28 12:58:37,766 [main] INFO  server.RaftServerConfigKeys (ConfUtils.java:logGet(46)) - raft.server.rpc.request.timeout = 60s (custom)
2023-09-28 12:58:37,766 [main] INFO  grpc.GrpcConfigKeys (ConfUtils.java:logGet(46)) - raft.grpc.server.heartbeat.channel = true (default)
2023-09-28 12:58:37,766 [main] INFO  grpc.GrpcConfigKeys (ConfUtils.java:logGet(46)) - raft.grpc.server.async.request.thread.pool.cached = true (default)
2023-09-28 12:58:37,766 [main] INFO  grpc.GrpcConfigKeys (ConfUtils.java:logGet(46)) - raft.grpc.server.async.request.thread.pool.size = 32 (default)
2023-09-28 12:58:37,769 [main] INFO  impl.DataStreamServerImpl (ConfUtils.java:logGet(46)) - raft.datastream.type = NETTY (custom)
2023-09-28 12:58:37,769 [main] INFO  server.RaftServerConfigKeys (ConfUtils.java:logGet(46)) - raft.server.data-stream.async.request.thread.pool.cached = false (default)
2023-09-28 12:58:37,770 [main] INFO  server.RaftServerConfigKeys (ConfUtils.java:logGet(46)) - raft.server.data-stream.async.request.thread.pool.size = 20 (custom)
2023-09-28 12:58:37,770 [main] INFO  server.RaftServerConfigKeys (ConfUtils.java:logGet(46)) - raft.server.data-stream.async.write.thread.pool.size = 16 (default)
2023-09-28 12:58:37,770 [main] INFO  server.RaftServerConfigKeys (ConfUtils.java:logGet(46)) - raft.server.data-stream.client.pool.size = 10 (default)
2023-09-28 12:58:37,770 [main] INFO  netty.NettyConfigKeys$DataStream (ConfUtils.java:logGet(46)) - raft.netty.dataStream.server.use-epoll = false (default)
2023-09-28 12:58:37,770 [main] INFO  netty.NettyConfigKeys$DataStream (ConfUtils.java:logGet(46)) - raft.netty.dataStream.server.boss-group.size = 0 (default)
2023-09-28 12:58:37,771 [main] INFO  netty.NettyConfigKeys$DataStream (ConfUtils.java:logGet(46)) - raft.netty.dataStream.server.worker-group.size = 0 (default)
2023-09-28 12:58:37,771 [main] INFO  netty.NettyConfigKeys$DataStream (ConfUtils.java:logGet(46)) - raft.netty.dataStream.server.tls.conf = null (default)
2023-09-28 12:58:37,771 [main] INFO  netty.NettyConfigKeys$DataStream (ConfUtils.java:logGet(46)) - raft.netty.dataStream.host = null (default)
2023-09-28 12:58:37,772 [main] INFO  netty.NettyConfigKeys$DataStream (ConfUtils.java:logGet(46)) - raft.netty.dataStream.port = 15157 (custom)
2023-09-28 12:58:37,773 [main] INFO  server.RaftServerConfigKeys (ConfUtils.java:logGet(46)) - raft.server.threadpool.proxy.cached = true (default)
2023-09-28 12:58:37,773 [main] INFO  server.RaftServerConfigKeys (ConfUtils.java:logGet(46)) - raft.server.threadpool.proxy.size = 0 (default)
2023-09-28 12:58:37,773 [d40e6bcf-02e4-4e73-834b-c61e0c8d110b-NettyServerStreamRpc-bossGroup--thread1] INFO  logging.LoggingHandler (AbstractInternalLogger.java:log(148)) - [id: 0xd02a6e4e] REGISTERED
2023-09-28 12:58:37,773 [main] INFO  server.RaftServerConfigKeys (ConfUtils.java:logGet(46)) - raft.server.rpc.slowness.timeout = 300s (custom)
2023-09-28 12:58:37,774 [d40e6bcf-02e4-4e73-834b-c61e0c8d110b-NettyServerStreamRpc-bossGroup--thread1] INFO  logging.LoggingHandler (AbstractInternalLogger.java:log(148)) - [id: 0xd02a6e4e] BIND: 0.0.0.0/0.0.0.0:15157
2023-09-28 12:58:37,774 [main] INFO  server.RaftServerConfigKeys (ConfUtils.java:logGet(46)) - raft.server.leaderelection.leader.step-down.wait-time = 10s (default)
2023-09-28 12:58:37,774 [d40e6bcf-02e4-4e73-834b-c61e0c8d110b-NettyServerStreamRpc-bossGroup--thread1] INFO  logging.LoggingHandler (AbstractInternalLogger.java:log(148)) - [id: 0xd02a6e4e, L:/0:0:0:0:0:0:0:0:15157] ACTIVE
2023-09-28 12:58:37,774 [main] INFO  server.RaftServerConfigKeys (ConfUtils.java:logGet(46)) - raft.server.storage.dir = [/home/runner/work/ozone/ozone/hadoop-ozone/integration-test/target/test-dir/MiniOzoneClusterImpl-1f8fe502-6e97-4a32-9c6f-93491b2fe8ad/datanode-4/data/ratis] (custom)
2023-09-28 12:58:37,774 [d40e6bcf-02e4-4e73-834b-c61e0c8d110b-impl-thread1] INFO  server.RaftServer (RaftServerProxy.java:initGroupDir(258)) - d40e6bcf-02e4-4e73-834b-c61e0c8d110b: found a subdirectory /home/runner/work/ozone/ozone/hadoop-ozone/integration-test/target/test-dir/MiniOzoneClusterImpl-1f8fe502-6e97-4a32-9c6f-93491b2fe8ad/datanode-4/data/ratis/tmp
2023-09-28 12:58:37,775 [d40e6bcf-02e4-4e73-834b-c61e0c8d110b-impl-thread1] INFO  server.RaftServer (RaftServerProxy.java:initGroupDir(263)) - d40e6bcf-02e4-4e73-834b-c61e0c8d110b: The directory /home/runner/work/ozone/ozone/hadoop-ozone/integration-test/target/test-dir/MiniOzoneClusterImpl-1f8fe502-6e97-4a32-9c6f-93491b2fe8ad/datanode-4/data/ratis/tmp is not a group directory; ignoring it. 
2023-09-28 12:58:37,775 [main] INFO  replication.ReplicationServer (ReplicationServer.java:<init>(83)) - Initializing replication server with thread count = 10 queue length = 4096
2023-09-28 12:58:37,776 [main] INFO  server.XceiverServerGrpc (XceiverServerGrpc.java:<init>(132)) - GrpcServer channel type EpollServerSocketChannel
2023-09-28 12:58:37,779 [main] INFO  replication.ReplicationSupervisor (ReplicationSupervisor.java:build(155)) - Initializing replication supervisor with thread count = 10
2023-09-28 12:58:37,779 [main] INFO  replication.ReplicationSupervisor (ReplicationSupervisor.java:nodeStateUpdated(307)) - Node state updated to IN_SERVICE, scaling executor pool size to 10
2023-09-28 12:58:37,781 [main] INFO  http.BaseHttpServer (BaseHttpServer.java:newHttpServer2BuilderForOzone(223)) - Starting Web-server for hddsDatanode at: http://0.0.0.0:15151
2023-09-28 12:58:37,781 [main] INFO  http.BaseHttpServer (BaseHttpServer.java:<init>(110)) - Hadoop Security Enabled: false Ozone Security Enabled: false Ozone HTTP Security Enabled: false 
2023-09-28 12:58:37,785 [main] WARN  server.AuthenticationFilter (AuthenticationFilter.java:constructSecretProvider(240)) - Unable to initialize FileSignerSecretProvider, falling back to use random secrets. Reason: Could not read signature secret file: /home/runner/hadoop-http-auth-signature-secret
2023-09-28 12:58:37,785 [main] INFO  http.HttpRequestLog (HttpRequestLog.java:getRequestLog(86)) - Http request log for http.requests.hddsDatanode is not defined
2023-09-28 12:58:37,787 [main] INFO  http.HttpServer2 (HttpServer2.java:addGlobalFilter(1031)) - Added global filter 'safety' (class=org.apache.hadoop.hdds.server.http.HttpServer2$QuotingInputFilter)
2023-09-28 12:58:37,787 [main] INFO  http.HttpServer2 (HttpServer2.java:addFilter(1007)) - Added filter static_user_filter (class=org.apache.hadoop.http.lib.StaticUserWebFilter$StaticUserFilter) to context hddsDatanode
2023-09-28 12:58:37,787 [main] INFO  http.HttpServer2 (HttpServer2.java:addFilter(1015)) - Added filter static_user_filter (class=org.apache.hadoop.http.lib.StaticUserWebFilter$StaticUserFilter) to context logs
2023-09-28 12:58:37,788 [main] INFO  http.HttpServer2 (HttpServer2.java:addFilter(1015)) - Added filter static_user_filter (class=org.apache.hadoop.http.lib.StaticUserWebFilter$StaticUserFilter) to context static
2023-09-28 12:58:37,788 [main] INFO  http.BaseHttpServer (BaseHttpServer.java:<init>(189)) - HTTP server of hddsDatanode uses base directory /home/runner/work/ozone/ozone/hadoop-ozone/integration-test/target/test-dir/MiniOzoneClusterImpl-1f8fe502-6e97-4a32-9c6f-93491b2fe8ad/datanode-4/meta/webserver
2023-09-28 12:58:37,788 [main] INFO  http.HttpServer2 (HttpServer2.java:bindListener(1231)) - Jetty bound to port 15151
2023-09-28 12:58:37,789 [main] INFO  server.Server (Server.java:doStart(375)) - jetty-9.4.52.v20230823; built: 2023-08-23T19:29:37.669Z; git: abdcda73818a1a2c705da276edb0bf6581e7997e; jvm 1.8.0_382-b05
2023-09-28 12:58:37,790 [main] INFO  server.session (DefaultSessionIdManager.java:doStart(334)) - DefaultSessionIdManager workerName=node0
2023-09-28 12:58:37,790 [main] INFO  server.session (DefaultSessionIdManager.java:doStart(339)) - No SessionScavenger set, using defaults
2023-09-28 12:58:37,790 [main] INFO  server.session (HouseKeeper.java:startScavenging(132)) - node0 Scavenging every 660000ms
2023-09-28 12:58:37,791 [main] INFO  handler.ContextHandler (ContextHandler.java:doStart(921)) - Started o.e.j.s.ServletContextHandler@375ef82a{logs,/logs,file:///home/runner/work/ozone/ozone/hadoop-ozone/integration-test/target/log,AVAILABLE}
2023-09-28 12:58:37,792 [main] INFO  handler.ContextHandler (ContextHandler.java:doStart(921)) - Started o.e.j.s.ServletContextHandler@171301f{static,/static,jar:file:/home/runner/.m2/repository/org/apache/ozone/hdds-container-service/1.4.0-SNAPSHOT/hdds-container-service-1.4.0-SNAPSHOT.jar!/webapps/static,AVAILABLE}
2023-09-28 12:58:38,045 [main] INFO  handler.ContextHandler (ContextHandler.java:doStart(921)) - Started o.e.j.w.WebAppContext@33536628{hddsDatanode,/,file:///home/runner/work/ozone/ozone/hadoop-ozone/integration-test/target/test-dir/MiniOzoneClusterImpl-1f8fe502-6e97-4a32-9c6f-93491b2fe8ad/datanode-4/meta/webserver/jetty-0_0_0_0-15151-hdds-container-service-1_4_0-SNAPSHOT_jar-_-any-2121984160410707958/webapp/,AVAILABLE}{jar:file:/home/runner/.m2/repository/org/apache/ozone/hdds-container-service/1.4.0-SNAPSHOT/hdds-container-service-1.4.0-SNAPSHOT.jar!/webapps/hddsDatanode}
2023-09-28 12:58:38,047 [main] INFO  server.AbstractConnector (AbstractConnector.java:doStart(333)) - Started ServerConnector@6b06a27e{HTTP/1.1, (http/1.1)}{0.0.0.0:15151}
2023-09-28 12:58:38,047 [main] INFO  server.Server (Server.java:doStart(415)) - Started @183900ms
2023-09-28 12:58:38,048 [main] WARN  impl.MetricsSystemImpl (MetricsSystemImpl.java:register(279)) - Sink prometheus already exists!
2023-09-28 12:58:38,048 [main] INFO  http.BaseHttpServer (BaseHttpServer.java:updateConnectorAddress(354)) - HTTP server of hddsDatanode listening at http://0.0.0.0:15151
2023-09-28 12:58:38,049 [main] INFO  ipc.CallQueueManager (CallQueueManager.java:<init>(90)) - Using callQueue: class java.util.concurrent.LinkedBlockingQueue, queueCapacity: 100, scheduler: class org.apache.hadoop.ipc.DefaultRpcScheduler, ipcBackoff: false.
2023-09-28 12:58:38,049 [main] INFO  ipc.Server (Server.java:<init>(1287)) - Listener at 0.0.0.0:15152
2023-09-28 12:58:38,050 [Socket Reader #1 for port 15152] INFO  ipc.Server (Server.java:run(1323)) - Starting Socket Reader #1 for port 15152
2023-09-28 12:58:38,055 [main] INFO  ozone.HddsDatanodeService (HddsDatanodeService.java:start(315)) - Datanode start with admins: [runner]
2023-09-28 12:58:38,055 [main] INFO  ozone.HddsDatanodeClientProtocolServer (HddsDatanodeClientProtocolServer.java:start(72)) - RPC server for Client /0.0.0.0:15152
2023-09-28 12:58:38,055 [IPC Server Responder] INFO  ipc.Server (Server.java:run(1562)) - IPC Server Responder: starting
2023-09-28 12:58:38,056 [IPC Server listener on 15152] INFO  ipc.Server (Server.java:run(1402)) - IPC Server listener on 15152: starting
2023-09-28 12:58:38,056 [main] INFO  ozone.MiniOzoneClusterImpl (MiniOzoneClusterImpl.java:lambda$waitForClusterToBeReady$0(229)) - Waiting for nodes to be ready. Got 0 of 5 DN Heartbeats.
2023-09-28 12:58:38,057 [main] INFO  ozone.MiniOzoneClusterImpl (MiniOzoneClusterImpl.java:lambda$waitForClusterToBeReady$0(232)) - Waiting for cluster to exit safe mode
2023-09-28 12:58:38,057 [main] INFO  ozone.MiniOzoneClusterImpl (MiniOzoneClusterImpl.java:lambda$waitForClusterToBeReady$0(234)) - SCM became leader
2023-09-28 12:58:38,056 [Datanode State Machine Daemon Thread] INFO  statemachine.DatanodeStateMachine (DatanodeStateMachine.java:lambda$startDaemon$0(539)) - Ozone container server started.
2023-09-28 12:58:38,065 [Datanode State Machine Task Thread - 0] INFO  datanode.InitDatanodeState (InitDatanodeState.java:persistContainerDatanodeDetails(138)) - DatanodeDetails is persisted to /home/runner/work/ozone/ozone/hadoop-ozone/integration-test/target/test-dir/MiniOzoneClusterImpl-1f8fe502-6e97-4a32-9c6f-93491b2fe8ad/datanode-4/meta/datanode.id
2023-09-28 12:58:38,690 [EndpointStateMachine task thread for /0.0.0.0:15108 - 0 ] INFO  utils.DatanodeStoreCache (DatanodeStoreCache.java:addDB(66)) - Added db /home/runner/work/ozone/ozone/hadoop-ozone/integration-test/target/test-dir/MiniOzoneClusterImpl-1f8fe502-6e97-4a32-9c6f-93491b2fe8ad/datanode-0/data-0/containers/hdds/1f8fe502-6e97-4a32-9c6f-93491b2fe8ad/DS-1c7c3faf-65fb-4da1-a7ad-4c7524316f32/container.db to cache
2023-09-28 12:58:38,690 [EndpointStateMachine task thread for /0.0.0.0:15108 - 0 ] INFO  volume.HddsVolume (HddsVolume.java:createDbStore(422)) - SchemaV3 db is created and loaded at /home/runner/work/ozone/ozone/hadoop-ozone/integration-test/target/test-dir/MiniOzoneClusterImpl-1f8fe502-6e97-4a32-9c6f-93491b2fe8ad/datanode-0/data-0/containers/hdds/1f8fe502-6e97-4a32-9c6f-93491b2fe8ad/DS-1c7c3faf-65fb-4da1-a7ad-4c7524316f32/container.db for volume DS-1c7c3faf-65fb-4da1-a7ad-4c7524316f32
2023-09-28 12:58:38,701 [EndpointStateMachine task thread for /0.0.0.0:15108 - 0 ] INFO  volume.ThrottledAsyncChecker (ThrottledAsyncChecker.java:schedule(141)) - Scheduling a check for /home/runner/work/ozone/ozone/hadoop-ozone/integration-test/target/test-dir/MiniOzoneClusterImpl-1f8fe502-6e97-4a32-9c6f-93491b2fe8ad/datanode-0/data-0/containers/hdds
2023-09-28 12:58:38,709 [EndpointStateMachine task thread for /0.0.0.0:15108 - 0 ] INFO  volume.StorageVolumeChecker (StorageVolumeChecker.java:checkAllVolumes(213)) - Scheduled health check for volume /home/runner/work/ozone/ozone/hadoop-ozone/integration-test/target/test-dir/MiniOzoneClusterImpl-1f8fe502-6e97-4a32-9c6f-93491b2fe8ad/datanode-0/data-0/containers/hdds
2023-09-28 12:58:38,713 [EndpointStateMachine task thread for /0.0.0.0:15108 - 0 ] INFO  volume.ThrottledAsyncChecker (ThrottledAsyncChecker.java:schedule(141)) - Scheduling a check for /home/runner/work/ozone/ozone/hadoop-ozone/integration-test/target/test-dir/MiniOzoneClusterImpl-1f8fe502-6e97-4a32-9c6f-93491b2fe8ad/datanode-0/data/ratis
2023-09-28 12:58:38,714 [EndpointStateMachine task thread for /0.0.0.0:15108 - 0 ] INFO  volume.StorageVolumeChecker (StorageVolumeChecker.java:checkAllVolumes(213)) - Scheduled health check for volume /home/runner/work/ozone/ozone/hadoop-ozone/integration-test/target/test-dir/MiniOzoneClusterImpl-1f8fe502-6e97-4a32-9c6f-93491b2fe8ad/datanode-0/data/ratis
2023-09-28 12:58:38,716 [EndpointStateMachine task thread for /0.0.0.0:15108 - 0 ] INFO  ozoneimpl.OzoneContainer (OzoneContainer.java:start(429)) - Attempting to start container services.
2023-09-28 12:58:38,716 [EndpointStateMachine task thread for /0.0.0.0:15108 - 0 ] INFO  ozoneimpl.OzoneContainer (OzoneContainer.java:startContainerScrub(325)) - Scheduled background container scanners and the on-demand container scanner have been disabled.
2023-09-28 12:58:38,718 [EndpointStateMachine task thread for /0.0.0.0:15108 - 0 ] INFO  replication.ReplicationServer (ReplicationServer.java:start(134)) - ReplicationServer is started using port 15122
2023-09-28 12:58:38,718 [EndpointStateMachine task thread for /0.0.0.0:15108 - 0 ] INFO  ratis.XceiverServerRatis (XceiverServerRatis.java:start(517)) - Starting XceiverServerRatis 7a34fa35-5459-4f99-8201-9b20cfcc4ca7
2023-09-28 12:58:38,720 [EndpointStateMachine task thread for /0.0.0.0:15108 - 0 ] INFO  server.RaftServer (RaftServerProxy.java:startImpl(400)) - 7a34fa35-5459-4f99-8201-9b20cfcc4ca7: start RPC server
2023-09-28 12:58:38,721 [EndpointStateMachine task thread for /0.0.0.0:15108 - 0 ] INFO  server.GrpcService (GrpcService.java:startImpl(302)) - 7a34fa35-5459-4f99-8201-9b20cfcc4ca7: GrpcService started, listening on 15118
2023-09-28 12:58:38,725 [EndpointStateMachine task thread for /0.0.0.0:15108 - 0 ] INFO  server.GrpcService (GrpcService.java:startImpl(302)) - 7a34fa35-5459-4f99-8201-9b20cfcc4ca7: GrpcService started, listening on 15120
2023-09-28 12:58:38,726 [EndpointStateMachine task thread for /0.0.0.0:15108 - 0 ] INFO  server.GrpcService (GrpcService.java:startImpl(302)) - 7a34fa35-5459-4f99-8201-9b20cfcc4ca7: GrpcService started, listening on 15119
2023-09-28 12:58:38,726 [EndpointStateMachine task thread for /0.0.0.0:15108 - 0 ] INFO  ratis.XceiverServerRatis (XceiverServerRatis.java:getRealPort(543)) - XceiverServerRatis 7a34fa35-5459-4f99-8201-9b20cfcc4ca7 is started using port 15118 for RATIS
2023-09-28 12:58:38,726 [EndpointStateMachine task thread for /0.0.0.0:15108 - 0 ] INFO  ratis.XceiverServerRatis (XceiverServerRatis.java:getRealPort(543)) - XceiverServerRatis 7a34fa35-5459-4f99-8201-9b20cfcc4ca7 is started using port 15119 for RATIS_ADMIN
2023-09-28 12:58:38,726 [EndpointStateMachine task thread for /0.0.0.0:15108 - 0 ] INFO  ratis.XceiverServerRatis (XceiverServerRatis.java:getRealPort(543)) - XceiverServerRatis 7a34fa35-5459-4f99-8201-9b20cfcc4ca7 is started using port 15120 for RATIS_SERVER
2023-09-28 12:58:38,726 [EndpointStateMachine task thread for /0.0.0.0:15108 - 0 ] INFO  ratis.XceiverServerRatis (XceiverServerRatis.java:getRealPort(543)) - XceiverServerRatis 7a34fa35-5459-4f99-8201-9b20cfcc4ca7 is started using port 15121 for RATIS_DATASTREAM
2023-09-28 12:58:38,727 [JvmPauseMonitor16] INFO  util.JvmPauseMonitor (JvmPauseMonitor.java:run(103)) - JvmPauseMonitor-7a34fa35-5459-4f99-8201-9b20cfcc4ca7: Started
2023-09-28 12:58:38,728 [BlockDeletingService#0] INFO  interfaces.ContainerDeletionChoosingPolicyTemplate (ContainerDeletionChoosingPolicyTemplate.java:chooseContainerForBlockDeletion(85)) - Chosen 0/5000 blocks from 0 candidate containers.
2023-09-28 12:58:39,038 [EndpointStateMachine task thread for /0.0.0.0:15108 - 0 ] INFO  utils.DatanodeStoreCache (DatanodeStoreCache.java:addDB(66)) - Added db /home/runner/work/ozone/ozone/hadoop-ozone/integration-test/target/test-dir/MiniOzoneClusterImpl-1f8fe502-6e97-4a32-9c6f-93491b2fe8ad/datanode-1/data-0/containers/hdds/1f8fe502-6e97-4a32-9c6f-93491b2fe8ad/DS-c764adc4-d3ef-46bf-915e-adfd1b52b501/container.db to cache
2023-09-28 12:58:39,038 [EndpointStateMachine task thread for /0.0.0.0:15108 - 0 ] INFO  volume.HddsVolume (HddsVolume.java:createDbStore(422)) - SchemaV3 db is created and loaded at /home/runner/work/ozone/ozone/hadoop-ozone/integration-test/target/test-dir/MiniOzoneClusterImpl-1f8fe502-6e97-4a32-9c6f-93491b2fe8ad/datanode-1/data-0/containers/hdds/1f8fe502-6e97-4a32-9c6f-93491b2fe8ad/DS-c764adc4-d3ef-46bf-915e-adfd1b52b501/container.db for volume DS-c764adc4-d3ef-46bf-915e-adfd1b52b501
2023-09-28 12:58:39,039 [EndpointStateMachine task thread for /0.0.0.0:15108 - 0 ] INFO  volume.ThrottledAsyncChecker (ThrottledAsyncChecker.java:schedule(141)) - Scheduling a check for /home/runner/work/ozone/ozone/hadoop-ozone/integration-test/target/test-dir/MiniOzoneClusterImpl-1f8fe502-6e97-4a32-9c6f-93491b2fe8ad/datanode-1/data-0/containers/hdds
2023-09-28 12:58:39,042 [EndpointStateMachine task thread for /0.0.0.0:15108 - 0 ] INFO  volume.StorageVolumeChecker (StorageVolumeChecker.java:checkAllVolumes(213)) - Scheduled health check for volume /home/runner/work/ozone/ozone/hadoop-ozone/integration-test/target/test-dir/MiniOzoneClusterImpl-1f8fe502-6e97-4a32-9c6f-93491b2fe8ad/datanode-1/data-0/containers/hdds
2023-09-28 12:58:39,044 [EndpointStateMachine task thread for /0.0.0.0:15108 - 0 ] INFO  volume.ThrottledAsyncChecker (ThrottledAsyncChecker.java:schedule(141)) - Scheduling a check for /home/runner/work/ozone/ozone/hadoop-ozone/integration-test/target/test-dir/MiniOzoneClusterImpl-1f8fe502-6e97-4a32-9c6f-93491b2fe8ad/datanode-1/data/ratis
2023-09-28 12:58:39,044 [EndpointStateMachine task thread for /0.0.0.0:15108 - 0 ] INFO  volume.StorageVolumeChecker (StorageVolumeChecker.java:checkAllVolumes(213)) - Scheduled health check for volume /home/runner/work/ozone/ozone/hadoop-ozone/integration-test/target/test-dir/MiniOzoneClusterImpl-1f8fe502-6e97-4a32-9c6f-93491b2fe8ad/datanode-1/data/ratis
2023-09-28 12:58:39,045 [EndpointStateMachine task thread for /0.0.0.0:15108 - 0 ] INFO  ozoneimpl.OzoneContainer (OzoneContainer.java:start(429)) - Attempting to start container services.
2023-09-28 12:58:39,046 [EndpointStateMachine task thread for /0.0.0.0:15108 - 0 ] INFO  ozoneimpl.OzoneContainer (OzoneContainer.java:startContainerScrub(325)) - Scheduled background container scanners and the on-demand container scanner have been disabled.
2023-09-28 12:58:39,047 [EndpointStateMachine task thread for /0.0.0.0:15108 - 0 ] INFO  replication.ReplicationServer (ReplicationServer.java:start(134)) - ReplicationServer is started using port 15131
2023-09-28 12:58:39,047 [EndpointStateMachine task thread for /0.0.0.0:15108 - 0 ] INFO  ratis.XceiverServerRatis (XceiverServerRatis.java:start(517)) - Starting XceiverServerRatis e56a0381-809f-4844-8654-a0ae17700968
2023-09-28 12:58:39,047 [EndpointStateMachine task thread for /0.0.0.0:15108 - 0 ] INFO  server.RaftServer (RaftServerProxy.java:startImpl(400)) - e56a0381-809f-4844-8654-a0ae17700968: start RPC server
2023-09-28 12:58:39,048 [EndpointStateMachine task thread for /0.0.0.0:15108 - 0 ] INFO  server.GrpcService (GrpcService.java:startImpl(302)) - e56a0381-809f-4844-8654-a0ae17700968: GrpcService started, listening on 15127
2023-09-28 12:58:39,050 [EndpointStateMachine task thread for /0.0.0.0:15108 - 0 ] INFO  server.GrpcService (GrpcService.java:startImpl(302)) - e56a0381-809f-4844-8654-a0ae17700968: GrpcService started, listening on 15129
2023-09-28 12:58:39,051 [EndpointStateMachine task thread for /0.0.0.0:15108 - 0 ] INFO  server.GrpcService (GrpcService.java:startImpl(302)) - e56a0381-809f-4844-8654-a0ae17700968: GrpcService started, listening on 15128
2023-09-28 12:58:39,051 [EndpointStateMachine task thread for /0.0.0.0:15108 - 0 ] INFO  ratis.XceiverServerRatis (XceiverServerRatis.java:getRealPort(543)) - XceiverServerRatis e56a0381-809f-4844-8654-a0ae17700968 is started using port 15127 for RATIS
2023-09-28 12:58:39,051 [EndpointStateMachine task thread for /0.0.0.0:15108 - 0 ] INFO  ratis.XceiverServerRatis (XceiverServerRatis.java:getRealPort(543)) - XceiverServerRatis e56a0381-809f-4844-8654-a0ae17700968 is started using port 15128 for RATIS_ADMIN
2023-09-28 12:58:39,051 [EndpointStateMachine task thread for /0.0.0.0:15108 - 0 ] INFO  ratis.XceiverServerRatis (XceiverServerRatis.java:getRealPort(543)) - XceiverServerRatis e56a0381-809f-4844-8654-a0ae17700968 is started using port 15129 for RATIS_SERVER
2023-09-28 12:58:39,051 [EndpointStateMachine task thread for /0.0.0.0:15108 - 0 ] INFO  ratis.XceiverServerRatis (XceiverServerRatis.java:getRealPort(543)) - XceiverServerRatis e56a0381-809f-4844-8654-a0ae17700968 is started using port 15130 for RATIS_DATASTREAM
2023-09-28 12:58:39,051 [JvmPauseMonitor17] INFO  util.JvmPauseMonitor (JvmPauseMonitor.java:run(103)) - JvmPauseMonitor-e56a0381-809f-4844-8654-a0ae17700968: Started
2023-09-28 12:58:39,061 [main] INFO  ozone.MiniOzoneClusterImpl (MiniOzoneClusterImpl.java:lambda$waitForClusterToBeReady$0(229)) - Waiting for nodes to be ready. Got 0 of 5 DN Heartbeats.
2023-09-28 12:58:39,062 [main] INFO  ozone.MiniOzoneClusterImpl (MiniOzoneClusterImpl.java:lambda$waitForClusterToBeReady$0(232)) - Waiting for cluster to exit safe mode
2023-09-28 12:58:39,062 [main] INFO  ozone.MiniOzoneClusterImpl (MiniOzoneClusterImpl.java:lambda$waitForClusterToBeReady$0(234)) - SCM became leader
2023-09-28 12:58:39,062 [BlockDeletingService#0] INFO  interfaces.ContainerDeletionChoosingPolicyTemplate (ContainerDeletionChoosingPolicyTemplate.java:chooseContainerForBlockDeletion(85)) - Chosen 0/5000 blocks from 0 candidate containers.
2023-09-28 12:58:39,383 [EndpointStateMachine task thread for /0.0.0.0:15108 - 0 ] INFO  utils.DatanodeStoreCache (DatanodeStoreCache.java:addDB(66)) - Added db /home/runner/work/ozone/ozone/hadoop-ozone/integration-test/target/test-dir/MiniOzoneClusterImpl-1f8fe502-6e97-4a32-9c6f-93491b2fe8ad/datanode-2/data-0/containers/hdds/1f8fe502-6e97-4a32-9c6f-93491b2fe8ad/DS-35d7e1d5-18c3-4375-855c-74793ba2345a/container.db to cache
2023-09-28 12:58:39,384 [EndpointStateMachine task thread for /0.0.0.0:15108 - 0 ] INFO  volume.HddsVolume (HddsVolume.java:createDbStore(422)) - SchemaV3 db is created and loaded at /home/runner/work/ozone/ozone/hadoop-ozone/integration-test/target/test-dir/MiniOzoneClusterImpl-1f8fe502-6e97-4a32-9c6f-93491b2fe8ad/datanode-2/data-0/containers/hdds/1f8fe502-6e97-4a32-9c6f-93491b2fe8ad/DS-35d7e1d5-18c3-4375-855c-74793ba2345a/container.db for volume DS-35d7e1d5-18c3-4375-855c-74793ba2345a
2023-09-28 12:58:39,384 [EndpointStateMachine task thread for /0.0.0.0:15108 - 0 ] INFO  volume.ThrottledAsyncChecker (ThrottledAsyncChecker.java:schedule(141)) - Scheduling a check for /home/runner/work/ozone/ozone/hadoop-ozone/integration-test/target/test-dir/MiniOzoneClusterImpl-1f8fe502-6e97-4a32-9c6f-93491b2fe8ad/datanode-2/data-0/containers/hdds
2023-09-28 12:58:39,385 [EndpointStateMachine task thread for /0.0.0.0:15108 - 0 ] INFO  volume.StorageVolumeChecker (StorageVolumeChecker.java:checkAllVolumes(213)) - Scheduled health check for volume /home/runner/work/ozone/ozone/hadoop-ozone/integration-test/target/test-dir/MiniOzoneClusterImpl-1f8fe502-6e97-4a32-9c6f-93491b2fe8ad/datanode-2/data-0/containers/hdds
2023-09-28 12:58:39,391 [EndpointStateMachine task thread for /0.0.0.0:15108 - 0 ] INFO  volume.ThrottledAsyncChecker (ThrottledAsyncChecker.java:schedule(141)) - Scheduling a check for /home/runner/work/ozone/ozone/hadoop-ozone/integration-test/target/test-dir/MiniOzoneClusterImpl-1f8fe502-6e97-4a32-9c6f-93491b2fe8ad/datanode-2/data/ratis
2023-09-28 12:58:39,391 [EndpointStateMachine task thread for /0.0.0.0:15108 - 0 ] INFO  volume.StorageVolumeChecker (StorageVolumeChecker.java:checkAllVolumes(213)) - Scheduled health check for volume /home/runner/work/ozone/ozone/hadoop-ozone/integration-test/target/test-dir/MiniOzoneClusterImpl-1f8fe502-6e97-4a32-9c6f-93491b2fe8ad/datanode-2/data/ratis
2023-09-28 12:58:39,394 [EndpointStateMachine task thread for /0.0.0.0:15108 - 0 ] INFO  ozoneimpl.OzoneContainer (OzoneContainer.java:start(429)) - Attempting to start container services.
2023-09-28 12:58:39,394 [EndpointStateMachine task thread for /0.0.0.0:15108 - 0 ] INFO  ozoneimpl.OzoneContainer (OzoneContainer.java:startContainerScrub(325)) - Scheduled background container scanners and the on-demand container scanner have been disabled.
2023-09-28 12:58:39,395 [EndpointStateMachine task thread for /0.0.0.0:15108 - 0 ] INFO  replication.ReplicationServer (ReplicationServer.java:start(134)) - ReplicationServer is started using port 15140
2023-09-28 12:58:39,395 [EndpointStateMachine task thread for /0.0.0.0:15108 - 0 ] INFO  ratis.XceiverServerRatis (XceiverServerRatis.java:start(517)) - Starting XceiverServerRatis 5e08d1c9-8c08-4060-98f0-ffeffb182171
2023-09-28 12:58:39,396 [EndpointStateMachine task thread for /0.0.0.0:15108 - 0 ] INFO  server.RaftServer (RaftServerProxy.java:startImpl(400)) - 5e08d1c9-8c08-4060-98f0-ffeffb182171: start RPC server
2023-09-28 12:58:39,397 [EndpointStateMachine task thread for /0.0.0.0:15108 - 0 ] INFO  server.GrpcService (GrpcService.java:startImpl(302)) - 5e08d1c9-8c08-4060-98f0-ffeffb182171: GrpcService started, listening on 15136
2023-09-28 12:58:39,398 [EndpointStateMachine task thread for /0.0.0.0:15108 - 0 ] INFO  server.GrpcService (GrpcService.java:startImpl(302)) - 5e08d1c9-8c08-4060-98f0-ffeffb182171: GrpcService started, listening on 15138
2023-09-28 12:58:39,399 [EndpointStateMachine task thread for /0.0.0.0:15108 - 0 ] INFO  server.GrpcService (GrpcService.java:startImpl(302)) - 5e08d1c9-8c08-4060-98f0-ffeffb182171: GrpcService started, listening on 15137
2023-09-28 12:58:39,399 [EndpointStateMachine task thread for /0.0.0.0:15108 - 0 ] INFO  ratis.XceiverServerRatis (XceiverServerRatis.java:getRealPort(543)) - XceiverServerRatis 5e08d1c9-8c08-4060-98f0-ffeffb182171 is started using port 15136 for RATIS
2023-09-28 12:58:39,399 [EndpointStateMachine task thread for /0.0.0.0:15108 - 0 ] INFO  ratis.XceiverServerRatis (XceiverServerRatis.java:getRealPort(543)) - XceiverServerRatis 5e08d1c9-8c08-4060-98f0-ffeffb182171 is started using port 15137 for RATIS_ADMIN
2023-09-28 12:58:39,399 [EndpointStateMachine task thread for /0.0.0.0:15108 - 0 ] INFO  ratis.XceiverServerRatis (XceiverServerRatis.java:getRealPort(543)) - XceiverServerRatis 5e08d1c9-8c08-4060-98f0-ffeffb182171 is started using port 15138 for RATIS_SERVER
2023-09-28 12:58:39,399 [EndpointStateMachine task thread for /0.0.0.0:15108 - 0 ] INFO  ratis.XceiverServerRatis (XceiverServerRatis.java:getRealPort(543)) - XceiverServerRatis 5e08d1c9-8c08-4060-98f0-ffeffb182171 is started using port 15139 for RATIS_DATASTREAM
2023-09-28 12:58:39,399 [JvmPauseMonitor18] INFO  util.JvmPauseMonitor (JvmPauseMonitor.java:run(103)) - JvmPauseMonitor-5e08d1c9-8c08-4060-98f0-ffeffb182171: Started
2023-09-28 12:58:39,401 [BlockDeletingService#0] INFO  interfaces.ContainerDeletionChoosingPolicyTemplate (ContainerDeletionChoosingPolicyTemplate.java:chooseContainerForBlockDeletion(85)) - Chosen 0/5000 blocks from 0 candidate containers.
2023-09-28 12:58:39,756 [EndpointStateMachine task thread for /0.0.0.0:15108 - 0 ] INFO  utils.DatanodeStoreCache (DatanodeStoreCache.java:addDB(66)) - Added db /home/runner/work/ozone/ozone/hadoop-ozone/integration-test/target/test-dir/MiniOzoneClusterImpl-1f8fe502-6e97-4a32-9c6f-93491b2fe8ad/datanode-3/data-0/containers/hdds/1f8fe502-6e97-4a32-9c6f-93491b2fe8ad/DS-1cbe3885-d9df-4cdc-947b-53b759a40ad4/container.db to cache
2023-09-28 12:58:39,756 [EndpointStateMachine task thread for /0.0.0.0:15108 - 0 ] INFO  volume.HddsVolume (HddsVolume.java:createDbStore(422)) - SchemaV3 db is created and loaded at /home/runner/work/ozone/ozone/hadoop-ozone/integration-test/target/test-dir/MiniOzoneClusterImpl-1f8fe502-6e97-4a32-9c6f-93491b2fe8ad/datanode-3/data-0/containers/hdds/1f8fe502-6e97-4a32-9c6f-93491b2fe8ad/DS-1cbe3885-d9df-4cdc-947b-53b759a40ad4/container.db for volume DS-1cbe3885-d9df-4cdc-947b-53b759a40ad4
2023-09-28 12:58:39,756 [EndpointStateMachine task thread for /0.0.0.0:15108 - 0 ] INFO  volume.ThrottledAsyncChecker (ThrottledAsyncChecker.java:schedule(141)) - Scheduling a check for /home/runner/work/ozone/ozone/hadoop-ozone/integration-test/target/test-dir/MiniOzoneClusterImpl-1f8fe502-6e97-4a32-9c6f-93491b2fe8ad/datanode-3/data-0/containers/hdds
2023-09-28 12:58:39,764 [EndpointStateMachine task thread for /0.0.0.0:15108 - 0 ] INFO  volume.StorageVolumeChecker (StorageVolumeChecker.java:checkAllVolumes(213)) - Scheduled health check for volume /home/runner/work/ozone/ozone/hadoop-ozone/integration-test/target/test-dir/MiniOzoneClusterImpl-1f8fe502-6e97-4a32-9c6f-93491b2fe8ad/datanode-3/data-0/containers/hdds
2023-09-28 12:58:39,766 [EndpointStateMachine task thread for /0.0.0.0:15108 - 0 ] INFO  volume.ThrottledAsyncChecker (ThrottledAsyncChecker.java:schedule(141)) - Scheduling a check for /home/runner/work/ozone/ozone/hadoop-ozone/integration-test/target/test-dir/MiniOzoneClusterImpl-1f8fe502-6e97-4a32-9c6f-93491b2fe8ad/datanode-3/data/ratis
2023-09-28 12:58:39,766 [EndpointStateMachine task thread for /0.0.0.0:15108 - 0 ] INFO  volume.StorageVolumeChecker (StorageVolumeChecker.java:checkAllVolumes(213)) - Scheduled health check for volume /home/runner/work/ozone/ozone/hadoop-ozone/integration-test/target/test-dir/MiniOzoneClusterImpl-1f8fe502-6e97-4a32-9c6f-93491b2fe8ad/datanode-3/data/ratis
2023-09-28 12:58:39,768 [EndpointStateMachine task thread for /0.0.0.0:15108 - 0 ] INFO  ozoneimpl.OzoneContainer (OzoneContainer.java:start(429)) - Attempting to start container services.
2023-09-28 12:58:39,768 [EndpointStateMachine task thread for /0.0.0.0:15108 - 0 ] INFO  ozoneimpl.OzoneContainer (OzoneContainer.java:startContainerScrub(325)) - Scheduled background container scanners and the on-demand container scanner have been disabled.
2023-09-28 12:58:39,769 [EndpointStateMachine task thread for /0.0.0.0:15108 - 0 ] INFO  replication.ReplicationServer (ReplicationServer.java:start(134)) - ReplicationServer is started using port 15149
2023-09-28 12:58:39,769 [EndpointStateMachine task thread for /0.0.0.0:15108 - 0 ] INFO  ratis.XceiverServerRatis (XceiverServerRatis.java:start(517)) - Starting XceiverServerRatis 9cdffd11-02fa-4df2-99c7-28ecdc892c61
2023-09-28 12:58:39,770 [EndpointStateMachine task thread for /0.0.0.0:15108 - 0 ] INFO  server.RaftServer (RaftServerProxy.java:startImpl(400)) - 9cdffd11-02fa-4df2-99c7-28ecdc892c61: start RPC server
2023-09-28 12:58:39,771 [EndpointStateMachine task thread for /0.0.0.0:15108 - 0 ] INFO  server.GrpcService (GrpcService.java:startImpl(302)) - 9cdffd11-02fa-4df2-99c7-28ecdc892c61: GrpcService started, listening on 15145
2023-09-28 12:58:39,773 [EndpointStateMachine task thread for /0.0.0.0:15108 - 0 ] INFO  server.GrpcService (GrpcService.java:startImpl(302)) - 9cdffd11-02fa-4df2-99c7-28ecdc892c61: GrpcService started, listening on 15147
2023-09-28 12:58:39,774 [EndpointStateMachine task thread for /0.0.0.0:15108 - 0 ] INFO  server.GrpcService (GrpcService.java:startImpl(302)) - 9cdffd11-02fa-4df2-99c7-28ecdc892c61: GrpcService started, listening on 15146
2023-09-28 12:58:39,775 [EndpointStateMachine task thread for /0.0.0.0:15108 - 0 ] INFO  ratis.XceiverServerRatis (XceiverServerRatis.java:getRealPort(543)) - XceiverServerRatis 9cdffd11-02fa-4df2-99c7-28ecdc892c61 is started using port 15145 for RATIS
2023-09-28 12:58:39,775 [JvmPauseMonitor19] INFO  util.JvmPauseMonitor (JvmPauseMonitor.java:run(103)) - JvmPauseMonitor-9cdffd11-02fa-4df2-99c7-28ecdc892c61: Started
2023-09-28 12:58:39,775 [EndpointStateMachine task thread for /0.0.0.0:15108 - 0 ] INFO  ratis.XceiverServerRatis (XceiverServerRatis.java:getRealPort(543)) - XceiverServerRatis 9cdffd11-02fa-4df2-99c7-28ecdc892c61 is started using port 15146 for RATIS_ADMIN
2023-09-28 12:58:39,776 [EndpointStateMachine task thread for /0.0.0.0:15108 - 0 ] INFO  ratis.XceiverServerRatis (XceiverServerRatis.java:getRealPort(543)) - XceiverServerRatis 9cdffd11-02fa-4df2-99c7-28ecdc892c61 is started using port 15147 for RATIS_SERVER
2023-09-28 12:58:39,776 [EndpointStateMachine task thread for /0.0.0.0:15108 - 0 ] INFO  ratis.XceiverServerRatis (XceiverServerRatis.java:getRealPort(543)) - XceiverServerRatis 9cdffd11-02fa-4df2-99c7-28ecdc892c61 is started using port 15148 for RATIS_DATASTREAM
2023-09-28 12:58:39,779 [BlockDeletingService#0] INFO  interfaces.ContainerDeletionChoosingPolicyTemplate (ContainerDeletionChoosingPolicyTemplate.java:chooseContainerForBlockDeletion(85)) - Chosen 0/5000 blocks from 0 candidate containers.
2023-09-28 12:58:40,062 [main] INFO  ozone.MiniOzoneClusterImpl (MiniOzoneClusterImpl.java:lambda$waitForClusterToBeReady$0(229)) - Waiting for nodes to be ready. Got 0 of 5 DN Heartbeats.
2023-09-28 12:58:40,062 [main] INFO  ozone.MiniOzoneClusterImpl (MiniOzoneClusterImpl.java:lambda$waitForClusterToBeReady$0(232)) - Waiting for cluster to exit safe mode
2023-09-28 12:58:40,062 [main] INFO  ozone.MiniOzoneClusterImpl (MiniOzoneClusterImpl.java:lambda$waitForClusterToBeReady$0(234)) - SCM became leader
2023-09-28 12:58:40,111 [EndpointStateMachine task thread for /0.0.0.0:15108 - 0 ] INFO  utils.DatanodeStoreCache (DatanodeStoreCache.java:addDB(66)) - Added db /home/runner/work/ozone/ozone/hadoop-ozone/integration-test/target/test-dir/MiniOzoneClusterImpl-1f8fe502-6e97-4a32-9c6f-93491b2fe8ad/datanode-4/data-0/containers/hdds/1f8fe502-6e97-4a32-9c6f-93491b2fe8ad/DS-986e8db4-1860-4646-9103-5ddf735ffaab/container.db to cache
2023-09-28 12:58:40,111 [EndpointStateMachine task thread for /0.0.0.0:15108 - 0 ] INFO  volume.HddsVolume (HddsVolume.java:createDbStore(422)) - SchemaV3 db is created and loaded at /home/runner/work/ozone/ozone/hadoop-ozone/integration-test/target/test-dir/MiniOzoneClusterImpl-1f8fe502-6e97-4a32-9c6f-93491b2fe8ad/datanode-4/data-0/containers/hdds/1f8fe502-6e97-4a32-9c6f-93491b2fe8ad/DS-986e8db4-1860-4646-9103-5ddf735ffaab/container.db for volume DS-986e8db4-1860-4646-9103-5ddf735ffaab
2023-09-28 12:58:40,113 [EndpointStateMachine task thread for /0.0.0.0:15108 - 0 ] INFO  volume.ThrottledAsyncChecker (ThrottledAsyncChecker.java:schedule(141)) - Scheduling a check for /home/runner/work/ozone/ozone/hadoop-ozone/integration-test/target/test-dir/MiniOzoneClusterImpl-1f8fe502-6e97-4a32-9c6f-93491b2fe8ad/datanode-4/data-0/containers/hdds
2023-09-28 12:58:40,114 [EndpointStateMachine task thread for /0.0.0.0:15108 - 0 ] INFO  volume.StorageVolumeChecker (StorageVolumeChecker.java:checkAllVolumes(213)) - Scheduled health check for volume /home/runner/work/ozone/ozone/hadoop-ozone/integration-test/target/test-dir/MiniOzoneClusterImpl-1f8fe502-6e97-4a32-9c6f-93491b2fe8ad/datanode-4/data-0/containers/hdds
2023-09-28 12:58:40,122 [EndpointStateMachine task thread for /0.0.0.0:15108 - 0 ] INFO  volume.ThrottledAsyncChecker (ThrottledAsyncChecker.java:schedule(141)) - Scheduling a check for /home/runner/work/ozone/ozone/hadoop-ozone/integration-test/target/test-dir/MiniOzoneClusterImpl-1f8fe502-6e97-4a32-9c6f-93491b2fe8ad/datanode-4/data/ratis
2023-09-28 12:58:40,122 [EndpointStateMachine task thread for /0.0.0.0:15108 - 0 ] INFO  volume.StorageVolumeChecker (StorageVolumeChecker.java:checkAllVolumes(213)) - Scheduled health check for volume /home/runner/work/ozone/ozone/hadoop-ozone/integration-test/target/test-dir/MiniOzoneClusterImpl-1f8fe502-6e97-4a32-9c6f-93491b2fe8ad/datanode-4/data/ratis
2023-09-28 12:58:40,123 [EndpointStateMachine task thread for /0.0.0.0:15108 - 0 ] INFO  ozoneimpl.OzoneContainer (OzoneContainer.java:start(429)) - Attempting to start container services.
2023-09-28 12:58:40,123 [EndpointStateMachine task thread for /0.0.0.0:15108 - 0 ] INFO  ozoneimpl.OzoneContainer (OzoneContainer.java:startContainerScrub(325)) - Scheduled background container scanners and the on-demand container scanner have been disabled.
2023-09-28 12:58:40,127 [EndpointStateMachine task thread for /0.0.0.0:15108 - 0 ] INFO  replication.ReplicationServer (ReplicationServer.java:start(134)) - ReplicationServer is started using port 15158
2023-09-28 12:58:40,127 [EndpointStateMachine task thread for /0.0.0.0:15108 - 0 ] INFO  ratis.XceiverServerRatis (XceiverServerRatis.java:start(517)) - Starting XceiverServerRatis d40e6bcf-02e4-4e73-834b-c61e0c8d110b
2023-09-28 12:58:40,132 [EndpointStateMachine task thread for /0.0.0.0:15108 - 0 ] INFO  server.RaftServer (RaftServerProxy.java:startImpl(400)) - d40e6bcf-02e4-4e73-834b-c61e0c8d110b: start RPC server
2023-09-28 12:58:40,133 [EndpointStateMachine task thread for /0.0.0.0:15108 - 0 ] INFO  server.GrpcService (GrpcService.java:startImpl(302)) - d40e6bcf-02e4-4e73-834b-c61e0c8d110b: GrpcService started, listening on 15154
2023-09-28 12:58:40,136 [EndpointStateMachine task thread for /0.0.0.0:15108 - 0 ] INFO  server.GrpcService (GrpcService.java:startImpl(302)) - d40e6bcf-02e4-4e73-834b-c61e0c8d110b: GrpcService started, listening on 15156
2023-09-28 12:58:40,137 [EndpointStateMachine task thread for /0.0.0.0:15108 - 0 ] INFO  server.GrpcService (GrpcService.java:startImpl(302)) - d40e6bcf-02e4-4e73-834b-c61e0c8d110b: GrpcService started, listening on 15155
2023-09-28 12:58:40,138 [EndpointStateMachine task thread for /0.0.0.0:15108 - 0 ] INFO  ratis.XceiverServerRatis (XceiverServerRatis.java:getRealPort(543)) - XceiverServerRatis d40e6bcf-02e4-4e73-834b-c61e0c8d110b is started using port 15154 for RATIS
2023-09-28 12:58:40,138 [EndpointStateMachine task thread for /0.0.0.0:15108 - 0 ] INFO  ratis.XceiverServerRatis (XceiverServerRatis.java:getRealPort(543)) - XceiverServerRatis d40e6bcf-02e4-4e73-834b-c61e0c8d110b is started using port 15155 for RATIS_ADMIN
2023-09-28 12:58:40,138 [EndpointStateMachine task thread for /0.0.0.0:15108 - 0 ] INFO  ratis.XceiverServerRatis (XceiverServerRatis.java:getRealPort(543)) - XceiverServerRatis d40e6bcf-02e4-4e73-834b-c61e0c8d110b is started using port 15156 for RATIS_SERVER
2023-09-28 12:58:40,138 [EndpointStateMachine task thread for /0.0.0.0:15108 - 0 ] INFO  ratis.XceiverServerRatis (XceiverServerRatis.java:getRealPort(543)) - XceiverServerRatis d40e6bcf-02e4-4e73-834b-c61e0c8d110b is started using port 15157 for RATIS_DATASTREAM
2023-09-28 12:58:40,138 [JvmPauseMonitor20] INFO  util.JvmPauseMonitor (JvmPauseMonitor.java:run(103)) - JvmPauseMonitor-d40e6bcf-02e4-4e73-834b-c61e0c8d110b: Started
2023-09-28 12:58:40,143 [BlockDeletingService#0] INFO  interfaces.ContainerDeletionChoosingPolicyTemplate (ContainerDeletionChoosingPolicyTemplate.java:chooseContainerForBlockDeletion(85)) - Chosen 0/5000 blocks from 0 candidate containers.
2023-09-28 12:58:40,643 [IPC Server handler 2 on default port 15108] INFO  net.NetworkTopologyImpl (NetworkTopologyImpl.java:add(112)) - Added a new node: /default-rack/7a34fa35-5459-4f99-8201-9b20cfcc4ca7
2023-09-28 12:58:40,643 [IPC Server handler 2 on default port 15108] INFO  node.SCMNodeManager (SCMNodeManager.java:register(405)) - Registered Data node : 7a34fa35-5459-4f99-8201-9b20cfcc4ca7{ip: 10.1.0.34, host: fv-az163-431.ksqkok1cighebdh5ckq0wc3qdf.dx.internal.cloudapp.net, ports: [HTTP=15115, CLIENT_RPC=15116, REPLICATION=15122, RATIS=15118, RATIS_ADMIN=15119, RATIS_SERVER=15120, RATIS_DATASTREAM=15121, STANDALONE=15117], networkLocation: /default-rack, certSerialId: null, persistedOpState: null, persistedOpStateExpiryEpochSec: 0}
2023-09-28 12:58:40,646 [EventQueue-NodeRegistrationContainerReportForContainerSafeModeRule] INFO  safemode.SCMSafeModeManager (SCMSafeModeManager.java:validateSafeModeExitRules(200)) - ContainerSafeModeRule rule is successfully validated
2023-09-28 12:58:40,646 [EventQueue-NodeRegistrationContainerReportForDataNodeSafeModeRule] INFO  safemode.SCMSafeModeManager (DataNodeSafeModeRule.java:process(71)) - SCM in safe mode. 1 DataNodes registered, 3 required.
2023-09-28 12:58:40,650 [EventQueue-PipelineReportForOneReplicaPipelineSafeModeRule] INFO  safemode.SCMSafeModeManager (SCMSafeModeManager.java:validateSafeModeExitRules(200)) - AtleastOneDatanodeReportedRule rule is successfully validated
2023-09-28 12:58:40,652 [EventQueue-NewNodeForNewNodeHandler] INFO  pipeline.BackgroundPipelineCreator (BackgroundPipelineCreator.java:notifyEventTriggered(277)) - trigger a one-shot run on RatisPipelineUtilsThread.
2023-09-28 12:58:40,652 [RatisPipelineUtilsThread - 0] INFO  pipeline.RatisPipelineProvider (RatisPipelineProvider.java:lambda$create$0(206)) - Sending CreatePipelineCommand for pipeline:PipelineID=b67bfcf0-94bb-41c2-9f5c-4362f7c45983 to datanode:7a34fa35-5459-4f99-8201-9b20cfcc4ca7
2023-09-28 12:58:40,654 [RatisPipelineUtilsThread - 0] INFO  pipeline.BackgroundPipelineCreator (BackgroundPipelineCreator.java:createPipelines(233)) - Created new pipeline Pipeline[ Id: b67bfcf0-94bb-41c2-9f5c-4362f7c45983, Nodes: 7a34fa35-5459-4f99-8201-9b20cfcc4ca7(fv-az163-431.ksqkok1cighebdh5ckq0wc3qdf.dx.internal.cloudapp.net/10.1.0.34), ReplicationConfig: RATIS/ONE, State:ALLOCATED, leaderId:, CreationTimestamp2023-09-28T12:58:40.652Z[Etc/UTC]]
2023-09-28 12:58:40,998 [IPC Server handler 1 on default port 15108] INFO  net.NetworkTopologyImpl (NetworkTopologyImpl.java:add(112)) - Added a new node: /default-rack/e56a0381-809f-4844-8654-a0ae17700968
2023-09-28 12:58:40,998 [IPC Server handler 1 on default port 15108] INFO  node.SCMNodeManager (SCMNodeManager.java:register(405)) - Registered Data node : e56a0381-809f-4844-8654-a0ae17700968{ip: 10.1.0.34, host: fv-az163-431.ksqkok1cighebdh5ckq0wc3qdf.dx.internal.cloudapp.net, ports: [HTTP=15124, CLIENT_RPC=15125, REPLICATION=15131, RATIS=15127, RATIS_ADMIN=15128, RATIS_SERVER=15129, RATIS_DATASTREAM=15130, STANDALONE=15126], networkLocation: /default-rack, certSerialId: null, persistedOpState: null, persistedOpStateExpiryEpochSec: 0}
2023-09-28 12:58:40,999 [EventQueue-NodeRegistrationContainerReportForDataNodeSafeModeRule] INFO  safemode.SCMSafeModeManager (DataNodeSafeModeRule.java:process(71)) - SCM in safe mode. 2 DataNodes registered, 3 required.
2023-09-28 12:58:41,000 [EventQueue-NewNodeForNewNodeHandler] INFO  pipeline.BackgroundPipelineCreator (BackgroundPipelineCreator.java:notifyEventTriggered(277)) - trigger a one-shot run on RatisPipelineUtilsThread.
2023-09-28 12:58:41,001 [RatisPipelineUtilsThread - 0] INFO  pipeline.RatisPipelineProvider (RatisPipelineProvider.java:lambda$create$0(206)) - Sending CreatePipelineCommand for pipeline:PipelineID=bd6301f8-8ba6-43b6-8fab-5f28c6fe5099 to datanode:e56a0381-809f-4844-8654-a0ae17700968
2023-09-28 12:58:41,002 [RatisPipelineUtilsThread - 0] INFO  pipeline.BackgroundPipelineCreator (BackgroundPipelineCreator.java:createPipelines(233)) - Created new pipeline Pipeline[ Id: bd6301f8-8ba6-43b6-8fab-5f28c6fe5099, Nodes: e56a0381-809f-4844-8654-a0ae17700968(fv-az163-431.ksqkok1cighebdh5ckq0wc3qdf.dx.internal.cloudapp.net/10.1.0.34), ReplicationConfig: RATIS/ONE, State:ALLOCATED, leaderId:, CreationTimestamp2023-09-28T12:58:41.001Z[Etc/UTC]]
2023-09-28 12:58:41,062 [main] INFO  ozone.MiniOzoneClusterImpl (MiniOzoneClusterImpl.java:lambda$waitForClusterToBeReady$0(229)) - Waiting for nodes to be ready. Got 2 of 5 DN Heartbeats.
2023-09-28 12:58:41,063 [main] INFO  ozone.MiniOzoneClusterImpl (MiniOzoneClusterImpl.java:lambda$waitForClusterToBeReady$0(232)) - Waiting for cluster to exit safe mode
2023-09-28 12:58:41,063 [main] INFO  ozone.MiniOzoneClusterImpl (MiniOzoneClusterImpl.java:lambda$waitForClusterToBeReady$0(234)) - SCM became leader
2023-09-28 12:58:41,340 [IPC Server handler 0 on default port 15108] INFO  net.NetworkTopologyImpl (NetworkTopologyImpl.java:add(112)) - Added a new node: /default-rack/5e08d1c9-8c08-4060-98f0-ffeffb182171
2023-09-28 12:58:41,340 [IPC Server handler 0 on default port 15108] INFO  node.SCMNodeManager (SCMNodeManager.java:register(405)) - Registered Data node : 5e08d1c9-8c08-4060-98f0-ffeffb182171{ip: 10.1.0.34, host: fv-az163-431.ksqkok1cighebdh5ckq0wc3qdf.dx.internal.cloudapp.net, ports: [HTTP=15133, CLIENT_RPC=15134, REPLICATION=15140, RATIS=15136, RATIS_ADMIN=15137, RATIS_SERVER=15138, RATIS_DATASTREAM=15139, STANDALONE=15135], networkLocation: /default-rack, certSerialId: null, persistedOpState: null, persistedOpStateExpiryEpochSec: 0}
2023-09-28 12:58:41,341 [EventQueue-NewNodeForNewNodeHandler] INFO  pipeline.BackgroundPipelineCreator (BackgroundPipelineCreator.java:notifyEventTriggered(277)) - trigger a one-shot run on RatisPipelineUtilsThread.
2023-09-28 12:58:41,341 [EventQueue-NodeRegistrationContainerReportForDataNodeSafeModeRule] INFO  safemode.SCMSafeModeManager (DataNodeSafeModeRule.java:process(71)) - SCM in safe mode. 3 DataNodes registered, 3 required.
2023-09-28 12:58:41,341 [EventQueue-NodeRegistrationContainerReportForDataNodeSafeModeRule] INFO  safemode.SCMSafeModeManager (SCMSafeModeManager.java:validateSafeModeExitRules(200)) - DataNodeSafeModeRule rule is successfully validated
2023-09-28 12:58:41,341 [EventQueue-NodeRegistrationContainerReportForDataNodeSafeModeRule] INFO  safemode.SCMSafeModeManager (SCMSafeModeManager.java:completePreCheck(229)) - All SCM safe mode pre check rules have passed
2023-09-28 12:58:41,341 [EventQueue-NodeRegistrationContainerReportForDataNodeSafeModeRule] INFO  ha.SCMContext (SCMContext.java:updateSafeModeStatus(228)) - Update SafeModeStatus from SafeModeStatus{safeModeStatus=true, preCheckPassed=false} to SafeModeStatus{safeModeStatus=true, preCheckPassed=true}.
2023-09-28 12:58:41,341 [EventQueue-NodeRegistrationContainerReportForDataNodeSafeModeRule] INFO  pipeline.BackgroundPipelineCreator (BackgroundPipelineCreator.java:notifyEventTriggered(277)) - trigger a one-shot run on RatisPipelineUtilsThread.
2023-09-28 12:58:41,344 [RatisPipelineUtilsThread - 0] INFO  pipeline.RatisPipelineProvider (RatisPipelineProvider.java:lambda$create$0(206)) - Sending CreatePipelineCommand for pipeline:PipelineID=c677a82f-a99a-43fa-a7d3-14816746c428 to datanode:5e08d1c9-8c08-4060-98f0-ffeffb182171
2023-09-28 12:58:41,345 [RatisPipelineUtilsThread - 0] INFO  pipeline.BackgroundPipelineCreator (BackgroundPipelineCreator.java:createPipelines(233)) - Created new pipeline Pipeline[ Id: c677a82f-a99a-43fa-a7d3-14816746c428, Nodes: 5e08d1c9-8c08-4060-98f0-ffeffb182171(fv-az163-431.ksqkok1cighebdh5ckq0wc3qdf.dx.internal.cloudapp.net/10.1.0.34), ReplicationConfig: RATIS/ONE, State:ALLOCATED, leaderId:, CreationTimestamp2023-09-28T12:58:41.344Z[Etc/UTC]]
2023-09-28 12:58:41,345 [RatisPipelineUtilsThread - 0] INFO  pipeline.RatisPipelineProvider (RatisPipelineProvider.java:lambda$create$0(206)) - Sending CreatePipelineCommand for pipeline:PipelineID=35ed93ef-f44e-46a3-bb3c-445644d19f4a to datanode:5e08d1c9-8c08-4060-98f0-ffeffb182171
2023-09-28 12:58:41,345 [RatisPipelineUtilsThread - 0] INFO  pipeline.RatisPipelineProvider (RatisPipelineProvider.java:lambda$create$0(206)) - Sending CreatePipelineCommand for pipeline:PipelineID=35ed93ef-f44e-46a3-bb3c-445644d19f4a to datanode:e56a0381-809f-4844-8654-a0ae17700968
2023-09-28 12:58:41,345 [RatisPipelineUtilsThread - 0] INFO  pipeline.RatisPipelineProvider (RatisPipelineProvider.java:lambda$create$0(206)) - Sending CreatePipelineCommand for pipeline:PipelineID=35ed93ef-f44e-46a3-bb3c-445644d19f4a to datanode:7a34fa35-5459-4f99-8201-9b20cfcc4ca7
2023-09-28 12:58:41,346 [RatisPipelineUtilsThread - 0] INFO  pipeline.BackgroundPipelineCreator (BackgroundPipelineCreator.java:createPipelines(233)) - Created new pipeline Pipeline[ Id: 35ed93ef-f44e-46a3-bb3c-445644d19f4a, Nodes: 5e08d1c9-8c08-4060-98f0-ffeffb182171(fv-az163-431.ksqkok1cighebdh5ckq0wc3qdf.dx.internal.cloudapp.net/10.1.0.34)e56a0381-809f-4844-8654-a0ae17700968(fv-az163-431.ksqkok1cighebdh5ckq0wc3qdf.dx.internal.cloudapp.net/10.1.0.34)7a34fa35-5459-4f99-8201-9b20cfcc4ca7(fv-az163-431.ksqkok1cighebdh5ckq0wc3qdf.dx.internal.cloudapp.net/10.1.0.34), ReplicationConfig: RATIS/THREE, State:ALLOCATED, leaderId:, CreationTimestamp2023-09-28T12:58:41.345Z[Etc/UTC]]
2023-09-28 12:58:41,346 [RatisPipelineUtilsThread - 0] INFO  pipeline.RatisPipelineProvider (RatisPipelineProvider.java:lambda$create$0(206)) - Sending CreatePipelineCommand for pipeline:PipelineID=9118721c-a818-4803-a2e6-5af4a90909dd to datanode:e56a0381-809f-4844-8654-a0ae17700968
2023-09-28 12:58:41,346 [RatisPipelineUtilsThread - 0] INFO  pipeline.RatisPipelineProvider (RatisPipelineProvider.java:lambda$create$0(206)) - Sending CreatePipelineCommand for pipeline:PipelineID=9118721c-a818-4803-a2e6-5af4a90909dd to datanode:5e08d1c9-8c08-4060-98f0-ffeffb182171
2023-09-28 12:58:41,346 [RatisPipelineUtilsThread - 0] INFO  pipeline.RatisPipelineProvider (RatisPipelineProvider.java:lambda$create$0(206)) - Sending CreatePipelineCommand for pipeline:PipelineID=9118721c-a818-4803-a2e6-5af4a90909dd to datanode:7a34fa35-5459-4f99-8201-9b20cfcc4ca7
2023-09-28 12:58:41,347 [RatisPipelineUtilsThread - 0] INFO  pipeline.PipelineManagerImpl (PipelineManagerImpl.java:recordMetricsForPipeline(895)) - Pipeline: PipelineID=9118721c-a818-4803-a2e6-5af4a90909dd contains same datanodes as previous pipelines: PipelineID=35ed93ef-f44e-46a3-bb3c-445644d19f4a nodeIds: e56a0381-809f-4844-8654-a0ae17700968, 5e08d1c9-8c08-4060-98f0-ffeffb182171, 7a34fa35-5459-4f99-8201-9b20cfcc4ca7
2023-09-28 12:58:41,347 [RatisPipelineUtilsThread - 0] INFO  pipeline.BackgroundPipelineCreator (BackgroundPipelineCreator.java:createPipelines(233)) - Created new pipeline Pipeline[ Id: 9118721c-a818-4803-a2e6-5af4a90909dd, Nodes: e56a0381-809f-4844-8654-a0ae17700968(fv-az163-431.ksqkok1cighebdh5ckq0wc3qdf.dx.internal.cloudapp.net/10.1.0.34)5e08d1c9-8c08-4060-98f0-ffeffb182171(fv-az163-431.ksqkok1cighebdh5ckq0wc3qdf.dx.internal.cloudapp.net/10.1.0.34)7a34fa35-5459-4f99-8201-9b20cfcc4ca7(fv-az163-431.ksqkok1cighebdh5ckq0wc3qdf.dx.internal.cloudapp.net/10.1.0.34), ReplicationConfig: RATIS/THREE, State:ALLOCATED, leaderId:, CreationTimestamp2023-09-28T12:58:41.346Z[Etc/UTC]]
2023-09-28 12:58:41,714 [IPC Server handler 1 on default port 15108] INFO  net.NetworkTopologyImpl (NetworkTopologyImpl.java:add(112)) - Added a new node: /default-rack/9cdffd11-02fa-4df2-99c7-28ecdc892c61
2023-09-28 12:58:41,715 [IPC Server handler 1 on default port 15108] INFO  node.SCMNodeManager (SCMNodeManager.java:register(405)) - Registered Data node : 9cdffd11-02fa-4df2-99c7-28ecdc892c61{ip: 10.1.0.34, host: fv-az163-431.ksqkok1cighebdh5ckq0wc3qdf.dx.internal.cloudapp.net, ports: [HTTP=15142, CLIENT_RPC=15143, REPLICATION=15149, RATIS=15145, RATIS_ADMIN=15146, RATIS_SERVER=15147, RATIS_DATASTREAM=15148, STANDALONE=15144], networkLocation: /default-rack, certSerialId: null, persistedOpState: null, persistedOpStateExpiryEpochSec: 0}
2023-09-28 12:58:41,716 [EventQueue-NewNodeForNewNodeHandler] INFO  pipeline.BackgroundPipelineCreator (BackgroundPipelineCreator.java:notifyEventTriggered(277)) - trigger a one-shot run on RatisPipelineUtilsThread.
2023-09-28 12:58:41,717 [RatisPipelineUtilsThread - 0] INFO  pipeline.RatisPipelineProvider (RatisPipelineProvider.java:lambda$create$0(206)) - Sending CreatePipelineCommand for pipeline:PipelineID=848c83b0-109d-414a-a5f4-b8ae767b9b63 to datanode:9cdffd11-02fa-4df2-99c7-28ecdc892c61
2023-09-28 12:58:41,717 [RatisPipelineUtilsThread - 0] INFO  pipeline.BackgroundPipelineCreator (BackgroundPipelineCreator.java:createPipelines(233)) - Created new pipeline Pipeline[ Id: 848c83b0-109d-414a-a5f4-b8ae767b9b63, Nodes: 9cdffd11-02fa-4df2-99c7-28ecdc892c61(fv-az163-431.ksqkok1cighebdh5ckq0wc3qdf.dx.internal.cloudapp.net/10.1.0.34), ReplicationConfig: RATIS/ONE, State:ALLOCATED, leaderId:, CreationTimestamp2023-09-28T12:58:41.717Z[Etc/UTC]]
2023-09-28 12:58:42,063 [main] INFO  ozone.MiniOzoneClusterImpl (MiniOzoneClusterImpl.java:lambda$waitForClusterToBeReady$0(229)) - Waiting for nodes to be ready. Got 4 of 5 DN Heartbeats.
2023-09-28 12:58:42,063 [main] INFO  ozone.MiniOzoneClusterImpl (MiniOzoneClusterImpl.java:lambda$waitForClusterToBeReady$0(232)) - Waiting for cluster to exit safe mode
2023-09-28 12:58:42,063 [main] INFO  ozone.MiniOzoneClusterImpl (MiniOzoneClusterImpl.java:lambda$waitForClusterToBeReady$0(234)) - SCM became leader
2023-09-28 12:58:42,065 [IPC Server handler 4 on default port 15108] INFO  net.NetworkTopologyImpl (NetworkTopologyImpl.java:add(112)) - Added a new node: /default-rack/d40e6bcf-02e4-4e73-834b-c61e0c8d110b
2023-09-28 12:58:42,065 [IPC Server handler 4 on default port 15108] INFO  node.SCMNodeManager (SCMNodeManager.java:register(405)) - Registered Data node : d40e6bcf-02e4-4e73-834b-c61e0c8d110b{ip: 10.1.0.34, host: fv-az163-431.ksqkok1cighebdh5ckq0wc3qdf.dx.internal.cloudapp.net, ports: [HTTP=15151, CLIENT_RPC=15152, REPLICATION=15158, RATIS=15154, RATIS_ADMIN=15155, RATIS_SERVER=15156, RATIS_DATASTREAM=15157, STANDALONE=15153], networkLocation: /default-rack, certSerialId: null, persistedOpState: null, persistedOpStateExpiryEpochSec: 0}
2023-09-28 12:58:42,065 [EventQueue-NewNodeForNewNodeHandler] INFO  pipeline.BackgroundPipelineCreator (BackgroundPipelineCreator.java:notifyEventTriggered(277)) - trigger a one-shot run on RatisPipelineUtilsThread.
2023-09-28 12:58:42,068 [RatisPipelineUtilsThread - 0] INFO  pipeline.RatisPipelineProvider (RatisPipelineProvider.java:lambda$create$0(206)) - Sending CreatePipelineCommand for pipeline:PipelineID=a3fedb5b-c0f7-4557-93bb-365d51d10b90 to datanode:d40e6bcf-02e4-4e73-834b-c61e0c8d110b
2023-09-28 12:58:42,069 [RatisPipelineUtilsThread - 0] INFO  pipeline.BackgroundPipelineCreator (BackgroundPipelineCreator.java:createPipelines(233)) - Created new pipeline Pipeline[ Id: a3fedb5b-c0f7-4557-93bb-365d51d10b90, Nodes: d40e6bcf-02e4-4e73-834b-c61e0c8d110b(fv-az163-431.ksqkok1cighebdh5ckq0wc3qdf.dx.internal.cloudapp.net/10.1.0.34), ReplicationConfig: RATIS/ONE, State:ALLOCATED, leaderId:, CreationTimestamp2023-09-28T12:58:42.068Z[Etc/UTC]]
2023-09-28 12:58:43,064 [main] INFO  ozone.MiniOzoneClusterImpl (MiniOzoneClusterImpl.java:lambda$waitForClusterToBeReady$0(229)) - Nodes are ready. Got 5 of 5 DN Heartbeats.
2023-09-28 12:58:43,064 [main] INFO  ozone.MiniOzoneClusterImpl (MiniOzoneClusterImpl.java:lambda$waitForClusterToBeReady$0(232)) - Waiting for cluster to exit safe mode
2023-09-28 12:58:43,064 [main] INFO  ozone.MiniOzoneClusterImpl (MiniOzoneClusterImpl.java:lambda$waitForClusterToBeReady$0(234)) - SCM became leader
2023-09-28 12:58:43,646 [PipelineCommandHandlerThread-0] INFO  server.RaftServer (RaftServerProxy.java:addNew(98)) - 7a34fa35-5459-4f99-8201-9b20cfcc4ca7: addNew group-4362F7C45983:[7a34fa35-5459-4f99-8201-9b20cfcc4ca7|rpc:10.1.0.34:15120|admin:10.1.0.34:15119|client:10.1.0.34:15118|dataStream:10.1.0.34:15121|priority:1|startupRole:FOLLOWER] returns group-4362F7C45983:java.util.concurrent.CompletableFuture@3edc8b32[Not completed]
2023-09-28 12:58:43,647 [7a34fa35-5459-4f99-8201-9b20cfcc4ca7-groupManagement] INFO  server.RaftServer$Division (RaftServerImpl.java:<init>(198)) - 7a34fa35-5459-4f99-8201-9b20cfcc4ca7: new RaftServerImpl for group-4362F7C45983:[7a34fa35-5459-4f99-8201-9b20cfcc4ca7|rpc:10.1.0.34:15120|admin:10.1.0.34:15119|client:10.1.0.34:15118|dataStream:10.1.0.34:15121|priority:1|startupRole:FOLLOWER] with ContainerStateMachine:uninitialized
2023-09-28 12:58:43,647 [7a34fa35-5459-4f99-8201-9b20cfcc4ca7-groupManagement] INFO  server.RaftServerConfigKeys (ConfUtils.java:logGet(46)) - raft.server.rpc.timeout.min = 5s (custom)
2023-09-28 12:58:43,647 [7a34fa35-5459-4f99-8201-9b20cfcc4ca7-groupManagement] INFO  server.RaftServerConfigKeys (ConfUtils.java:logGet(46)) - raft.server.rpc.timeout.max = 5200ms (custom)
2023-09-28 12:58:43,647 [7a34fa35-5459-4f99-8201-9b20cfcc4ca7-groupManagement] INFO  server.RaftServerConfigKeys (ConfUtils.java:logGet(46)) - raft.server.rpc.sleep.time = 25ms (default)
2023-09-28 12:58:43,647 [7a34fa35-5459-4f99-8201-9b20cfcc4ca7-groupManagement] INFO  server.RaftServerConfigKeys (ConfUtils.java:logGet(46)) - raft.server.rpc.slowness.timeout = 300s (custom)
2023-09-28 12:58:43,647 [7a34fa35-5459-4f99-8201-9b20cfcc4ca7-groupManagement] INFO  server.RaftServerConfigKeys (ConfUtils.java:logGet(46)) - raft.server.leaderelection.leader.step-down.wait-time = 10s (default)
2023-09-28 12:58:43,647 [7a34fa35-5459-4f99-8201-9b20cfcc4ca7-groupManagement] INFO  server.RaftServerConfigKeys (ConfUtils.java:logGet(46)) - raft.server.sleep.deviation.threshold = 300ms (default)
2023-09-28 12:58:43,647 [7a34fa35-5459-4f99-8201-9b20cfcc4ca7-groupManagement] INFO  server.RaftServer$Division (ServerState.java:<init>(120)) - 7a34fa35-5459-4f99-8201-9b20cfcc4ca7@group-4362F7C45983: ConfigurationManager, init=-1: peers:[7a34fa35-5459-4f99-8201-9b20cfcc4ca7|rpc:10.1.0.34:15120|admin:10.1.0.34:15119|client:10.1.0.34:15118|dataStream:10.1.0.34:15121|priority:1|startupRole:FOLLOWER]|listeners:[], old=null, confs=<EMPTY_MAP>
2023-09-28 12:58:43,647 [7a34fa35-5459-4f99-8201-9b20cfcc4ca7-groupManagement] INFO  server.RaftServerConfigKeys (ConfUtils.java:logGet(46)) - raft.server.storage.dir = [/home/runner/work/ozone/ozone/hadoop-ozone/integration-test/target/test-dir/MiniOzoneClusterImpl-1f8fe502-6e97-4a32-9c6f-93491b2fe8ad/datanode-0/data/ratis] (custom)
2023-09-28 12:58:43,648 [7a34fa35-5459-4f99-8201-9b20cfcc4ca7-groupManagement] INFO  server.RaftServerConfigKeys (ConfUtils.java:logGet(46)) - raft.server.log.corruption.policy = EXCEPTION (default)
2023-09-28 12:58:43,648 [7a34fa35-5459-4f99-8201-9b20cfcc4ca7-groupManagement] INFO  server.RaftServerConfigKeys (ConfUtils.java:logGet(46)) - raft.server.storage.free-space.min = 0MB (=0) (default)
2023-09-28 12:58:43,648 [7a34fa35-5459-4f99-8201-9b20cfcc4ca7-groupManagement] INFO  server.RaftServerConfigKeys (ConfUtils.java:logGet(46)) - raft.server.notification.no-leader.timeout = 300s (custom)
2023-09-28 12:58:43,648 [7a34fa35-5459-4f99-8201-9b20cfcc4ca7-groupManagement] INFO  server.RaftServerConfigKeys (ConfUtils.java:logGet(46)) - raft.server.read.timeout = 10s (default)
2023-09-28 12:58:43,648 [7a34fa35-5459-4f99-8201-9b20cfcc4ca7-groupManagement] INFO  server.RaftServerConfigKeys (ConfUtils.java:logGet(46)) - raft.server.retrycache.expirytime = 600000ms (custom)
2023-09-28 12:58:43,648 [7a34fa35-5459-4f99-8201-9b20cfcc4ca7-groupManagement] INFO  server.RaftServerConfigKeys (ConfUtils.java:logGet(46)) - raft.server.retrycache.statistics.expirytime = 100μs (default)
2023-09-28 12:58:43,648 [7a34fa35-5459-4f99-8201-9b20cfcc4ca7-groupManagement] INFO  server.RaftServerConfigKeys (ConfUtils.java:logGet(46)) - raft.server.read.option = DEFAULT (default)
2023-09-28 12:58:43,649 [7a34fa35-5459-4f99-8201-9b20cfcc4ca7-groupManagement] INFO  server.RaftServerConfigKeys (ConfUtils.java:logGet(46)) - raft.server.rpc.request.timeout = 60s (custom)
2023-09-28 12:58:43,649 [7a34fa35-5459-4f99-8201-9b20cfcc4ca7-groupManagement] INFO  server.RaftServerConfigKeys (ConfUtils.java:logGet(46)) - raft.server.log.appender.install.snapshot.enabled = false (custom)
2023-09-28 12:58:43,649 [7a34fa35-5459-4f99-8201-9b20cfcc4ca7-groupManagement] INFO  server.RaftServerConfigKeys (ConfUtils.java:logGet(46)) - raft.server.threadpool.server.cached = true (default)
2023-09-28 12:58:43,649 [7a34fa35-5459-4f99-8201-9b20cfcc4ca7-groupManagement] INFO  server.RaftServerConfigKeys (ConfUtils.java:logGet(46)) - raft.server.threadpool.server.size = 0 (default)
2023-09-28 12:58:43,649 [7a34fa35-5459-4f99-8201-9b20cfcc4ca7-groupManagement] INFO  server.RaftServerConfigKeys (ConfUtils.java:logGet(46)) - raft.server.threadpool.client.cached = true (default)
2023-09-28 12:58:43,649 [7a34fa35-5459-4f99-8201-9b20cfcc4ca7-groupManagement] INFO  server.RaftServerConfigKeys (ConfUtils.java:logGet(46)) - raft.server.threadpool.client.size = 0 (default)
2023-09-28 12:58:43,649 [7a34fa35-5459-4f99-8201-9b20cfcc4ca7-groupManagement] INFO  storage.RaftStorageDirectory (RaftStorageDirectoryImpl.java:analyzeStorage(137)) - The storage directory /home/runner/work/ozone/ozone/hadoop-ozone/integration-test/target/test-dir/MiniOzoneClusterImpl-1f8fe502-6e97-4a32-9c6f-93491b2fe8ad/datanode-0/data/ratis/b67bfcf0-94bb-41c2-9f5c-4362f7c45983 does not exist. Creating ...
2023-09-28 12:58:43,651 [7a34fa35-5459-4f99-8201-9b20cfcc4ca7-groupManagement] INFO  storage.RaftStorageDirectory (RaftStorageDirectoryImpl.java:tryLock(231)) - Lock on /home/runner/work/ozone/ozone/hadoop-ozone/integration-test/target/test-dir/MiniOzoneClusterImpl-1f8fe502-6e97-4a32-9c6f-93491b2fe8ad/datanode-0/data/ratis/b67bfcf0-94bb-41c2-9f5c-4362f7c45983/in_use.lock acquired by nodename 7568@fv-az163-431
2023-09-28 12:58:43,654 [7a34fa35-5459-4f99-8201-9b20cfcc4ca7-groupManagement] INFO  storage.RaftStorage (RaftStorageImpl.java:format(96)) - Storage directory /home/runner/work/ozone/ozone/hadoop-ozone/integration-test/target/test-dir/MiniOzoneClusterImpl-1f8fe502-6e97-4a32-9c6f-93491b2fe8ad/datanode-0/data/ratis/b67bfcf0-94bb-41c2-9f5c-4362f7c45983 has been successfully formatted.
2023-09-28 12:58:43,656 [7a34fa35-5459-4f99-8201-9b20cfcc4ca7-groupManagement] INFO  ratis.ContainerStateMachine (ContainerStateMachine.java:loadSnapshot(262)) - group-4362F7C45983: The snapshot info is null. Setting the last applied indexto:(t:0, i:~)
2023-09-28 12:58:43,656 [7a34fa35-5459-4f99-8201-9b20cfcc4ca7-groupManagement] INFO  server.RaftServerConfigKeys (ConfUtils.java:logGet(46)) - raft.server.log.use.memory = false (default)
2023-09-28 12:58:43,657 [EventQueue-PipelineReportForPipelineReportHandler] INFO  pipeline.PipelineReportHandler (PipelineReportHandler.java:processPipelineReport(136)) - Opened pipeline PipelineID=b67bfcf0-94bb-41c2-9f5c-4362f7c45983
2023-09-28 12:58:43,661 [7a34fa35-5459-4f99-8201-9b20cfcc4ca7-groupManagement] INFO  server.RaftServerConfigKeys (ConfUtils.java:logGet(46)) - raft.server.log.purge.gap = 1000000 (custom)
2023-09-28 12:58:43,662 [7a34fa35-5459-4f99-8201-9b20cfcc4ca7-groupManagement] INFO  server.RaftServerConfigKeys (ConfUtils.java:logGet(46)) - raft.server.log.appender.buffer.byte-limit = 33554432 (custom)
2023-09-28 12:58:43,662 [7a34fa35-5459-4f99-8201-9b20cfcc4ca7-groupManagement] INFO  server.RaftServerConfigKeys (ConfUtils.java:logGet(46)) - raft.server.log.statemachine.data.read.timeout = 1000ms (default)
2023-09-28 12:58:43,662 [7a34fa35-5459-4f99-8201-9b20cfcc4ca7-groupManagement] INFO  server.RaftServerConfigKeys (ConfUtils.java:logGet(46)) - raft.server.log.purge.preservation.log.num = 0 (default)
2023-09-28 12:58:43,662 [7a34fa35-5459-4f99-8201-9b20cfcc4ca7-groupManagement] INFO  server.RaftServerConfigKeys (ConfUtils.java:logGet(46)) - raft.server.log.segment.size.max = 1048576 (custom)
2023-09-28 12:58:43,662 [7a34fa35-5459-4f99-8201-9b20cfcc4ca7-groupManagement] INFO  server.RaftServerConfigKeys (ConfUtils.java:logGet(46)) - raft.server.log.segment.cache.num.max = 2 (custom)
2023-09-28 12:58:43,663 [7a34fa35-5459-4f99-8201-9b20cfcc4ca7-groupManagement] INFO  server.RaftServerConfigKeys (ConfUtils.java:logGet(46)) - raft.server.log.segment.cache.size.max = 200MB (=209715200) (default)
2023-09-28 12:58:43,663 [7a34fa35-5459-4f99-8201-9b20cfcc4ca7-groupManagement] INFO  server.RaftServerConfigKeys (ConfUtils.java:logGet(46)) - raft.server.log.appender.buffer.byte-limit = 33554432 (custom)
2023-09-28 12:58:43,663 [7a34fa35-5459-4f99-8201-9b20cfcc4ca7-groupManagement] INFO  segmented.SegmentedRaftLogWorker (SegmentedRaftLogWorker.java:<init>(188)) - new 7a34fa35-5459-4f99-8201-9b20cfcc4ca7@group-4362F7C45983-SegmentedRaftLogWorker for RaftStorageImpl:Storage Directory /home/runner/work/ozone/ozone/hadoop-ozone/integration-test/target/test-dir/MiniOzoneClusterImpl-1f8fe502-6e97-4a32-9c6f-93491b2fe8ad/datanode-0/data/ratis/b67bfcf0-94bb-41c2-9f5c-4362f7c45983
2023-09-28 12:58:43,669 [7a34fa35-5459-4f99-8201-9b20cfcc4ca7-groupManagement] INFO  server.RaftServerConfigKeys (ConfUtils.java:logGet(46)) - raft.server.log.queue.byte-limit = 4294967296 (custom)
2023-09-28 12:58:43,670 [7a34fa35-5459-4f99-8201-9b20cfcc4ca7-groupManagement] INFO  server.RaftServerConfigKeys (ConfUtils.java:logGet(46)) - raft.server.log.queue.element-limit = 1024 (custom)
2023-09-28 12:58:43,670 [7a34fa35-5459-4f99-8201-9b20cfcc4ca7-groupManagement] INFO  server.RaftServerConfigKeys (ConfUtils.java:logGet(46)) - raft.server.log.segment.size.max = 1048576 (custom)
2023-09-28 12:58:43,670 [7a34fa35-5459-4f99-8201-9b20cfcc4ca7-groupManagement] INFO  server.RaftServerConfigKeys (ConfUtils.java:logGet(46)) - raft.server.log.preallocated.size = 16384 (custom)
2023-09-28 12:58:43,670 [7a34fa35-5459-4f99-8201-9b20cfcc4ca7-groupManagement] INFO  server.RaftServerConfigKeys (ConfUtils.java:logGet(46)) - raft.server.log.force.sync.num = 128 (default)
2023-09-28 12:58:43,670 [7a34fa35-5459-4f99-8201-9b20cfcc4ca7-groupManagement] INFO  server.RaftServerConfigKeys (ConfUtils.java:logGet(46)) - raft.server.log.statemachine.data.sync = true (default)
2023-09-28 12:58:43,670 [7a34fa35-5459-4f99-8201-9b20cfcc4ca7-groupManagement] INFO  server.RaftServerConfigKeys (ConfUtils.java:logGet(46)) - raft.server.log.statemachine.data.sync.timeout = 10s (default)
2023-09-28 12:58:43,670 [7a34fa35-5459-4f99-8201-9b20cfcc4ca7-groupManagement] INFO  server.RaftServerConfigKeys (ConfUtils.java:logGet(46)) - raft.server.log.statemachine.data.sync.timeout.retry = -1 (default)
2023-09-28 12:58:43,670 [EventQueue-OpenPipelineForHealthyPipelineSafeModeRule] INFO  safemode.SCMSafeModeManager (HealthyPipelineSafeModeRule.java:process(137)) - SCM in safe mode. Healthy pipelines reported count is 0, required healthy pipeline reported count is 1
2023-09-28 12:58:43,673 [7a34fa35-5459-4f99-8201-9b20cfcc4ca7-groupManagement] INFO  server.RaftServerConfigKeys (ConfUtils.java:logGet(46)) - raft.server.log.write.buffer.size = 1048576 (custom)
2023-09-28 12:58:43,673 [7a34fa35-5459-4f99-8201-9b20cfcc4ca7-groupManagement] INFO  server.RaftServerConfigKeys (ConfUtils.java:logGet(46)) - raft.server.log.appender.buffer.byte-limit = 33554432 (custom)
2023-09-28 12:58:43,679 [7a34fa35-5459-4f99-8201-9b20cfcc4ca7-groupManagement] INFO  server.RaftServerConfigKeys (ConfUtils.java:logGet(46)) - raft.server.log.unsafe-flush.enabled = false (default)
2023-09-28 12:58:43,679 [7a34fa35-5459-4f99-8201-9b20cfcc4ca7-groupManagement] INFO  server.RaftServerConfigKeys (ConfUtils.java:logGet(46)) - raft.server.log.async-flush.enabled = false (default)
2023-09-28 12:58:43,679 [7a34fa35-5459-4f99-8201-9b20cfcc4ca7-groupManagement] INFO  server.RaftServerConfigKeys (ConfUtils.java:logGet(46)) - raft.server.log.statemachine.data.caching.enabled = true (custom)
2023-09-28 12:58:43,679 [7a34fa35-5459-4f99-8201-9b20cfcc4ca7-groupManagement] INFO  segmented.SegmentedRaftLogWorker (SegmentedRaftLogWorker.java:lambda$new$0(135)) - 7a34fa35-5459-4f99-8201-9b20cfcc4ca7@group-4362F7C45983-SegmentedRaftLogWorker: flushIndex: setUnconditionally 0 -> -1
2023-09-28 12:58:43,679 [7a34fa35-5459-4f99-8201-9b20cfcc4ca7-groupManagement] INFO  segmented.SegmentedRaftLogWorker (SegmentedRaftLogWorker.java:lambda$new$0(135)) - 7a34fa35-5459-4f99-8201-9b20cfcc4ca7@group-4362F7C45983-SegmentedRaftLogWorker: safeCacheEvictIndex: setUnconditionally 0 -> -1
2023-09-28 12:58:43,681 [7a34fa35-5459-4f99-8201-9b20cfcc4ca7-groupManagement] INFO  server.RaftServer$Division (RaftServerImpl.java:start(342)) - 7a34fa35-5459-4f99-8201-9b20cfcc4ca7@group-4362F7C45983: start as a follower, conf=-1: peers:[7a34fa35-5459-4f99-8201-9b20cfcc4ca7|rpc:10.1.0.34:15120|admin:10.1.0.34:15119|client:10.1.0.34:15118|dataStream:10.1.0.34:15121|priority:1|startupRole:FOLLOWER]|listeners:[], old=null
2023-09-28 12:58:43,681 [7a34fa35-5459-4f99-8201-9b20cfcc4ca7-groupManagement] INFO  server.RaftServer$Division (RaftServerImpl.java:setRole(329)) - 7a34fa35-5459-4f99-8201-9b20cfcc4ca7@group-4362F7C45983: changes role from      null to FOLLOWER at term 0 for startAsFollower
2023-09-28 12:58:43,681 [7a34fa35-5459-4f99-8201-9b20cfcc4ca7-groupManagement] INFO  impl.RoleInfo (RoleInfo.java:updateAndGet(139)) - 7a34fa35-5459-4f99-8201-9b20cfcc4ca7: start 7a34fa35-5459-4f99-8201-9b20cfcc4ca7@group-4362F7C45983-FollowerState
2023-09-28 12:58:43,681 [7a34fa35-5459-4f99-8201-9b20cfcc4ca7-groupManagement] INFO  util.JmxRegister (JmxRegister.java:tryRegister(44)) - Successfully registered JMX Bean with object name Ratis:service=RaftServer,group=group-4362F7C45983,id=7a34fa35-5459-4f99-8201-9b20cfcc4ca7
2023-09-28 12:58:43,681 [7a34fa35-5459-4f99-8201-9b20cfcc4ca7-groupManagement] INFO  server.RaftServerConfigKeys (ConfUtils.java:logGet(46)) - raft.server.snapshot.auto.trigger.enabled = true (custom)
2023-09-28 12:58:43,681 [7a34fa35-5459-4f99-8201-9b20cfcc4ca7-groupManagement] INFO  server.RaftServerConfigKeys (ConfUtils.java:logGet(46)) - raft.server.snapshot.auto.trigger.threshold = 10000 (custom)
2023-09-28 12:58:43,681 [7a34fa35-5459-4f99-8201-9b20cfcc4ca7-groupManagement] INFO  server.RaftServerConfigKeys (ConfUtils.java:logGet(46)) - raft.server.snapshot.retention.file.num = 5 (custom)
2023-09-28 12:58:43,681 [7a34fa35-5459-4f99-8201-9b20cfcc4ca7-groupManagement] INFO  server.RaftServerConfigKeys (ConfUtils.java:logGet(46)) - raft.server.log.purge.upto.snapshot.index = false (default)
2023-09-28 12:58:43,682 [7a34fa35-5459-4f99-8201-9b20cfcc4ca7@group-4362F7C45983-FollowerState] INFO  server.RaftServerConfigKeys (ConfUtils.java:logFallback(53)) - raft.server.rpc.first-election.timeout.min = 5s (fallback to raft.server.rpc.timeout.min)
2023-09-28 12:58:43,682 [7a34fa35-5459-4f99-8201-9b20cfcc4ca7@group-4362F7C45983-FollowerState] INFO  server.RaftServerConfigKeys (ConfUtils.java:logFallback(53)) - raft.server.rpc.first-election.timeout.max = 5200ms (fallback to raft.server.rpc.timeout.max)
2023-09-28 12:58:43,682 [PipelineCommandHandlerThread-0] INFO  ratis.XceiverServerRatis (XceiverServerRatis.java:addGroup(804)) - Created group PipelineID=b67bfcf0-94bb-41c2-9f5c-4362f7c45983
2023-09-28 12:58:43,683 [PipelineCommandHandlerThread-0] INFO  commandhandler.CreatePipelineCommandHandler (CreatePipelineCommandHandler.java:lambda$handle$2(124)) - Created Pipeline RATIS ONE PipelineID=b67bfcf0-94bb-41c2-9f5c-4362f7c45983.
2023-09-28 12:58:43,683 [PipelineCommandHandlerThread-0] INFO  server.RaftServer (RaftServerProxy.java:addNew(98)) - 7a34fa35-5459-4f99-8201-9b20cfcc4ca7: addNew group-445644D19F4A:[5e08d1c9-8c08-4060-98f0-ffeffb182171|rpc:10.1.0.34:15138|admin:10.1.0.34:15137|client:10.1.0.34:15136|dataStream:10.1.0.34:15139|priority:0|startupRole:FOLLOWER, e56a0381-809f-4844-8654-a0ae17700968|rpc:10.1.0.34:15129|admin:10.1.0.34:15128|client:10.1.0.34:15127|dataStream:10.1.0.34:15130|priority:1|startupRole:FOLLOWER, 7a34fa35-5459-4f99-8201-9b20cfcc4ca7|rpc:10.1.0.34:15120|admin:10.1.0.34:15119|client:10.1.0.34:15118|dataStream:10.1.0.34:15121|priority:0|startupRole:FOLLOWER] returns group-445644D19F4A:java.util.concurrent.CompletableFuture@3ae30831[Not completed]
2023-09-28 12:58:43,684 [7a34fa35-5459-4f99-8201-9b20cfcc4ca7-groupManagement] INFO  server.RaftServer$Division (RaftServerImpl.java:<init>(198)) - 7a34fa35-5459-4f99-8201-9b20cfcc4ca7: new RaftServerImpl for group-445644D19F4A:[5e08d1c9-8c08-4060-98f0-ffeffb182171|rpc:10.1.0.34:15138|admin:10.1.0.34:15137|client:10.1.0.34:15136|dataStream:10.1.0.34:15139|priority:0|startupRole:FOLLOWER, e56a0381-809f-4844-8654-a0ae17700968|rpc:10.1.0.34:15129|admin:10.1.0.34:15128|client:10.1.0.34:15127|dataStream:10.1.0.34:15130|priority:1|startupRole:FOLLOWER, 7a34fa35-5459-4f99-8201-9b20cfcc4ca7|rpc:10.1.0.34:15120|admin:10.1.0.34:15119|client:10.1.0.34:15118|dataStream:10.1.0.34:15121|priority:0|startupRole:FOLLOWER] with ContainerStateMachine:uninitialized
2023-09-28 12:58:43,684 [7a34fa35-5459-4f99-8201-9b20cfcc4ca7-groupManagement] INFO  server.RaftServerConfigKeys (ConfUtils.java:logGet(46)) - raft.server.rpc.timeout.min = 5s (custom)
2023-09-28 12:58:43,684 [7a34fa35-5459-4f99-8201-9b20cfcc4ca7-groupManagement] INFO  server.RaftServerConfigKeys (ConfUtils.java:logGet(46)) - raft.server.rpc.timeout.max = 5200ms (custom)
2023-09-28 12:58:43,684 [7a34fa35-5459-4f99-8201-9b20cfcc4ca7-groupManagement] INFO  server.RaftServerConfigKeys (ConfUtils.java:logGet(46)) - raft.server.rpc.sleep.time = 25ms (default)
2023-09-28 12:58:43,684 [7a34fa35-5459-4f99-8201-9b20cfcc4ca7-groupManagement] INFO  server.RaftServerConfigKeys (ConfUtils.java:logGet(46)) - raft.server.rpc.slowness.timeout = 300s (custom)
2023-09-28 12:58:43,684 [7a34fa35-5459-4f99-8201-9b20cfcc4ca7-groupManagement] INFO  server.RaftServerConfigKeys (ConfUtils.java:logGet(46)) - raft.server.leaderelection.leader.step-down.wait-time = 10s (default)
2023-09-28 12:58:43,684 [7a34fa35-5459-4f99-8201-9b20cfcc4ca7-groupManagement] INFO  server.RaftServerConfigKeys (ConfUtils.java:logGet(46)) - raft.server.sleep.deviation.threshold = 300ms (default)
2023-09-28 12:58:43,684 [7a34fa35-5459-4f99-8201-9b20cfcc4ca7-groupManagement] INFO  server.RaftServer$Division (ServerState.java:<init>(120)) - 7a34fa35-5459-4f99-8201-9b20cfcc4ca7@group-445644D19F4A: ConfigurationManager, init=-1: peers:[5e08d1c9-8c08-4060-98f0-ffeffb182171|rpc:10.1.0.34:15138|admin:10.1.0.34:15137|client:10.1.0.34:15136|dataStream:10.1.0.34:15139|priority:0|startupRole:FOLLOWER, e56a0381-809f-4844-8654-a0ae17700968|rpc:10.1.0.34:15129|admin:10.1.0.34:15128|client:10.1.0.34:15127|dataStream:10.1.0.34:15130|priority:1|startupRole:FOLLOWER, 7a34fa35-5459-4f99-8201-9b20cfcc4ca7|rpc:10.1.0.34:15120|admin:10.1.0.34:15119|client:10.1.0.34:15118|dataStream:10.1.0.34:15121|priority:0|startupRole:FOLLOWER]|listeners:[], old=null, confs=<EMPTY_MAP>
2023-09-28 12:58:43,684 [7a34fa35-5459-4f99-8201-9b20cfcc4ca7-groupManagement] INFO  server.RaftServerConfigKeys (ConfUtils.java:logGet(46)) - raft.server.storage.dir = [/home/runner/work/ozone/ozone/hadoop-ozone/integration-test/target/test-dir/MiniOzoneClusterImpl-1f8fe502-6e97-4a32-9c6f-93491b2fe8ad/datanode-0/data/ratis] (custom)
2023-09-28 12:58:43,684 [7a34fa35-5459-4f99-8201-9b20cfcc4ca7-groupManagement] INFO  server.RaftServerConfigKeys (ConfUtils.java:logGet(46)) - raft.server.log.corruption.policy = EXCEPTION (default)
2023-09-28 12:58:43,684 [7a34fa35-5459-4f99-8201-9b20cfcc4ca7-groupManagement] INFO  server.RaftServerConfigKeys (ConfUtils.java:logGet(46)) - raft.server.storage.free-space.min = 0MB (=0) (default)
2023-09-28 12:58:43,686 [7a34fa35-5459-4f99-8201-9b20cfcc4ca7-groupManagement] INFO  server.RaftServerConfigKeys (ConfUtils.java:logGet(46)) - raft.server.notification.no-leader.timeout = 300s (custom)
2023-09-28 12:58:43,686 [7a34fa35-5459-4f99-8201-9b20cfcc4ca7-groupManagement] INFO  server.RaftServerConfigKeys (ConfUtils.java:logGet(46)) - raft.server.read.timeout = 10s (default)
2023-09-28 12:58:43,686 [7a34fa35-5459-4f99-8201-9b20cfcc4ca7-groupManagement] INFO  server.RaftServerConfigKeys (ConfUtils.java:logGet(46)) - raft.server.retrycache.expirytime = 600000ms (custom)
2023-09-28 12:58:43,686 [7a34fa35-5459-4f99-8201-9b20cfcc4ca7-groupManagement] INFO  server.RaftServerConfigKeys (ConfUtils.java:logGet(46)) - raft.server.retrycache.statistics.expirytime = 100μs (default)
2023-09-28 12:58:43,686 [7a34fa35-5459-4f99-8201-9b20cfcc4ca7-groupManagement] INFO  server.RaftServerConfigKeys (ConfUtils.java:logGet(46)) - raft.server.read.option = DEFAULT (default)
2023-09-28 12:58:43,687 [7a34fa35-5459-4f99-8201-9b20cfcc4ca7-groupManagement] INFO  server.RaftServerConfigKeys (ConfUtils.java:logGet(46)) - raft.server.rpc.request.timeout = 60s (custom)
2023-09-28 12:58:43,687 [7a34fa35-5459-4f99-8201-9b20cfcc4ca7-groupManagement] INFO  server.RaftServerConfigKeys (ConfUtils.java:logGet(46)) - raft.server.log.appender.install.snapshot.enabled = false (custom)
2023-09-28 12:58:43,687 [7a34fa35-5459-4f99-8201-9b20cfcc4ca7-groupManagement] INFO  server.RaftServerConfigKeys (ConfUtils.java:logGet(46)) - raft.server.threadpool.server.cached = true (default)
2023-09-28 12:58:43,687 [7a34fa35-5459-4f99-8201-9b20cfcc4ca7-groupManagement] INFO  server.RaftServerConfigKeys (ConfUtils.java:logGet(46)) - raft.server.threadpool.server.size = 0 (default)
2023-09-28 12:58:43,687 [7a34fa35-5459-4f99-8201-9b20cfcc4ca7-groupManagement] INFO  server.RaftServerConfigKeys (ConfUtils.java:logGet(46)) - raft.server.threadpool.client.cached = true (default)
2023-09-28 12:58:43,687 [7a34fa35-5459-4f99-8201-9b20cfcc4ca7-groupManagement] INFO  server.RaftServerConfigKeys (ConfUtils.java:logGet(46)) - raft.server.threadpool.client.size = 0 (default)
2023-09-28 12:58:43,688 [7a34fa35-5459-4f99-8201-9b20cfcc4ca7-groupManagement] INFO  storage.RaftStorageDirectory (RaftStorageDirectoryImpl.java:analyzeStorage(137)) - The storage directory /home/runner/work/ozone/ozone/hadoop-ozone/integration-test/target/test-dir/MiniOzoneClusterImpl-1f8fe502-6e97-4a32-9c6f-93491b2fe8ad/datanode-0/data/ratis/35ed93ef-f44e-46a3-bb3c-445644d19f4a does not exist. Creating ...
2023-09-28 12:58:43,689 [7a34fa35-5459-4f99-8201-9b20cfcc4ca7-groupManagement] INFO  storage.RaftStorageDirectory (RaftStorageDirectoryImpl.java:tryLock(231)) - Lock on /home/runner/work/ozone/ozone/hadoop-ozone/integration-test/target/test-dir/MiniOzoneClusterImpl-1f8fe502-6e97-4a32-9c6f-93491b2fe8ad/datanode-0/data/ratis/35ed93ef-f44e-46a3-bb3c-445644d19f4a/in_use.lock acquired by nodename 7568@fv-az163-431
2023-09-28 12:58:43,691 [7a34fa35-5459-4f99-8201-9b20cfcc4ca7-groupManagement] INFO  storage.RaftStorage (RaftStorageImpl.java:format(96)) - Storage directory /home/runner/work/ozone/ozone/hadoop-ozone/integration-test/target/test-dir/MiniOzoneClusterImpl-1f8fe502-6e97-4a32-9c6f-93491b2fe8ad/datanode-0/data/ratis/35ed93ef-f44e-46a3-bb3c-445644d19f4a has been successfully formatted.
2023-09-28 12:58:43,691 [7a34fa35-5459-4f99-8201-9b20cfcc4ca7-groupManagement] INFO  ratis.ContainerStateMachine (ContainerStateMachine.java:loadSnapshot(262)) - group-445644D19F4A: The snapshot info is null. Setting the last applied indexto:(t:0, i:~)
2023-09-28 12:58:43,692 [7a34fa35-5459-4f99-8201-9b20cfcc4ca7-groupManagement] INFO  server.RaftServerConfigKeys (ConfUtils.java:logGet(46)) - raft.server.log.use.memory = false (default)
2023-09-28 12:58:43,692 [EventQueue-OpenPipelineForHealthyPipelineSafeModeRule] INFO  safemode.SCMSafeModeManager (HealthyPipelineSafeModeRule.java:process(137)) - SCM in safe mode. Healthy pipelines reported count is 0, required healthy pipeline reported count is 1
2023-09-28 12:58:43,693 [7a34fa35-5459-4f99-8201-9b20cfcc4ca7-groupManagement] INFO  server.RaftServerConfigKeys (ConfUtils.java:logGet(46)) - raft.server.log.purge.gap = 1000000 (custom)
2023-09-28 12:58:43,693 [7a34fa35-5459-4f99-8201-9b20cfcc4ca7-groupManagement] INFO  server.RaftServerConfigKeys (ConfUtils.java:logGet(46)) - raft.server.log.appender.buffer.byte-limit = 33554432 (custom)
2023-09-28 12:58:43,693 [7a34fa35-5459-4f99-8201-9b20cfcc4ca7-groupManagement] INFO  server.RaftServerConfigKeys (ConfUtils.java:logGet(46)) - raft.server.log.statemachine.data.read.timeout = 1000ms (default)
2023-09-28 12:58:43,693 [7a34fa35-5459-4f99-8201-9b20cfcc4ca7-groupManagement] INFO  server.RaftServerConfigKeys (ConfUtils.java:logGet(46)) - raft.server.log.purge.preservation.log.num = 0 (default)
2023-09-28 12:58:43,693 [7a34fa35-5459-4f99-8201-9b20cfcc4ca7-groupManagement] INFO  server.RaftServerConfigKeys (ConfUtils.java:logGet(46)) - raft.server.log.segment.size.max = 1048576 (custom)
2023-09-28 12:58:43,693 [7a34fa35-5459-4f99-8201-9b20cfcc4ca7-groupManagement] INFO  server.RaftServerConfigKeys (ConfUtils.java:logGet(46)) - raft.server.log.segment.cache.num.max = 2 (custom)
2023-09-28 12:58:43,693 [7a34fa35-5459-4f99-8201-9b20cfcc4ca7-groupManagement] INFO  server.RaftServerConfigKeys (ConfUtils.java:logGet(46)) - raft.server.log.segment.cache.size.max = 200MB (=209715200) (default)
2023-09-28 12:58:43,693 [7a34fa35-5459-4f99-8201-9b20cfcc4ca7-groupManagement] INFO  server.RaftServerConfigKeys (ConfUtils.java:logGet(46)) - raft.server.log.appender.buffer.byte-limit = 33554432 (custom)
2023-09-28 12:58:43,693 [7a34fa35-5459-4f99-8201-9b20cfcc4ca7-groupManagement] INFO  segmented.SegmentedRaftLogWorker (SegmentedRaftLogWorker.java:<init>(188)) - new 7a34fa35-5459-4f99-8201-9b20cfcc4ca7@group-445644D19F4A-SegmentedRaftLogWorker for RaftStorageImpl:Storage Directory /home/runner/work/ozone/ozone/hadoop-ozone/integration-test/target/test-dir/MiniOzoneClusterImpl-1f8fe502-6e97-4a32-9c6f-93491b2fe8ad/datanode-0/data/ratis/35ed93ef-f44e-46a3-bb3c-445644d19f4a
2023-09-28 12:58:43,693 [7a34fa35-5459-4f99-8201-9b20cfcc4ca7-groupManagement] INFO  server.RaftServerConfigKeys (ConfUtils.java:logGet(46)) - raft.server.log.queue.byte-limit = 4294967296 (custom)
2023-09-28 12:58:43,694 [7a34fa35-5459-4f99-8201-9b20cfcc4ca7-groupManagement] INFO  server.RaftServerConfigKeys (ConfUtils.java:logGet(46)) - raft.server.log.queue.element-limit = 1024 (custom)
2023-09-28 12:58:43,694 [7a34fa35-5459-4f99-8201-9b20cfcc4ca7-groupManagement] INFO  server.RaftServerConfigKeys (ConfUtils.java:logGet(46)) - raft.server.log.segment.size.max = 1048576 (custom)
2023-09-28 12:58:43,694 [7a34fa35-5459-4f99-8201-9b20cfcc4ca7-groupManagement] INFO  server.RaftServerConfigKeys (ConfUtils.java:logGet(46)) - raft.server.log.preallocated.size = 16384 (custom)
2023-09-28 12:58:43,694 [7a34fa35-5459-4f99-8201-9b20cfcc4ca7-groupManagement] INFO  server.RaftServerConfigKeys (ConfUtils.java:logGet(46)) - raft.server.log.force.sync.num = 128 (default)
2023-09-28 12:58:43,694 [7a34fa35-5459-4f99-8201-9b20cfcc4ca7-groupManagement] INFO  server.RaftServerConfigKeys (ConfUtils.java:logGet(46)) - raft.server.log.statemachine.data.sync = true (default)
2023-09-28 12:58:43,694 [7a34fa35-5459-4f99-8201-9b20cfcc4ca7-groupManagement] INFO  server.RaftServerConfigKeys (ConfUtils.java:logGet(46)) - raft.server.log.statemachine.data.sync.timeout = 10s (default)
2023-09-28 12:58:43,694 [7a34fa35-5459-4f99-8201-9b20cfcc4ca7-groupManagement] INFO  server.RaftServerConfigKeys (ConfUtils.java:logGet(46)) - raft.server.log.statemachine.data.sync.timeout.retry = -1 (default)
2023-09-28 12:58:43,694 [7a34fa35-5459-4f99-8201-9b20cfcc4ca7-groupManagement] INFO  server.RaftServerConfigKeys (ConfUtils.java:logGet(46)) - raft.server.log.write.buffer.size = 1048576 (custom)
2023-09-28 12:58:43,695 [7a34fa35-5459-4f99-8201-9b20cfcc4ca7-groupManagement] INFO  server.RaftServerConfigKeys (ConfUtils.java:logGet(46)) - raft.server.log.appender.buffer.byte-limit = 33554432 (custom)
2023-09-28 12:58:43,700 [7a34fa35-5459-4f99-8201-9b20cfcc4ca7-groupManagement] INFO  server.RaftServerConfigKeys (ConfUtils.java:logGet(46)) - raft.server.log.unsafe-flush.enabled = false (default)
2023-09-28 12:58:43,701 [7a34fa35-5459-4f99-8201-9b20cfcc4ca7-groupManagement] INFO  server.RaftServerConfigKeys (ConfUtils.java:logGet(46)) - raft.server.log.async-flush.enabled = false (default)
2023-09-28 12:58:43,701 [7a34fa35-5459-4f99-8201-9b20cfcc4ca7-groupManagement] INFO  server.RaftServerConfigKeys (ConfUtils.java:logGet(46)) - raft.server.log.statemachine.data.caching.enabled = true (custom)
2023-09-28 12:58:43,701 [7a34fa35-5459-4f99-8201-9b20cfcc4ca7-groupManagement] INFO  segmented.SegmentedRaftLogWorker (SegmentedRaftLogWorker.java:lambda$new$0(135)) - 7a34fa35-5459-4f99-8201-9b20cfcc4ca7@group-445644D19F4A-SegmentedRaftLogWorker: flushIndex: setUnconditionally 0 -> -1
2023-09-28 12:58:43,701 [7a34fa35-5459-4f99-8201-9b20cfcc4ca7-groupManagement] INFO  segmented.SegmentedRaftLogWorker (SegmentedRaftLogWorker.java:lambda$new$0(135)) - 7a34fa35-5459-4f99-8201-9b20cfcc4ca7@group-445644D19F4A-SegmentedRaftLogWorker: safeCacheEvictIndex: setUnconditionally 0 -> -1
2023-09-28 12:58:43,701 [7a34fa35-5459-4f99-8201-9b20cfcc4ca7-groupManagement] INFO  server.RaftServer$Division (RaftServerImpl.java:start(342)) - 7a34fa35-5459-4f99-8201-9b20cfcc4ca7@group-445644D19F4A: start as a follower, conf=-1: peers:[5e08d1c9-8c08-4060-98f0-ffeffb182171|rpc:10.1.0.34:15138|admin:10.1.0.34:15137|client:10.1.0.34:15136|dataStream:10.1.0.34:15139|priority:0|startupRole:FOLLOWER, e56a0381-809f-4844-8654-a0ae17700968|rpc:10.1.0.34:15129|admin:10.1.0.34:15128|client:10.1.0.34:15127|dataStream:10.1.0.34:15130|priority:1|startupRole:FOLLOWER, 7a34fa35-5459-4f99-8201-9b20cfcc4ca7|rpc:10.1.0.34:15120|admin:10.1.0.34:15119|client:10.1.0.34:15118|dataStream:10.1.0.34:15121|priority:0|startupRole:FOLLOWER]|listeners:[], old=null
2023-09-28 12:58:43,701 [7a34fa35-5459-4f99-8201-9b20cfcc4ca7-groupManagement] INFO  server.RaftServer$Division (RaftServerImpl.java:setRole(329)) - 7a34fa35-5459-4f99-8201-9b20cfcc4ca7@group-445644D19F4A: changes role from      null to FOLLOWER at term 0 for startAsFollower
2023-09-28 12:58:43,701 [7a34fa35-5459-4f99-8201-9b20cfcc4ca7-groupManagement] INFO  impl.RoleInfo (RoleInfo.java:updateAndGet(139)) - 7a34fa35-5459-4f99-8201-9b20cfcc4ca7: start 7a34fa35-5459-4f99-8201-9b20cfcc4ca7@group-445644D19F4A-FollowerState
2023-09-28 12:58:43,702 [7a34fa35-5459-4f99-8201-9b20cfcc4ca7-groupManagement] INFO  util.JmxRegister (JmxRegister.java:tryRegister(44)) - Successfully registered JMX Bean with object name Ratis:service=RaftServer,group=group-445644D19F4A,id=7a34fa35-5459-4f99-8201-9b20cfcc4ca7
2023-09-28 12:58:43,702 [7a34fa35-5459-4f99-8201-9b20cfcc4ca7-groupManagement] INFO  server.RaftServerConfigKeys (ConfUtils.java:logGet(46)) - raft.server.snapshot.auto.trigger.enabled = true (custom)
2023-09-28 12:58:43,702 [7a34fa35-5459-4f99-8201-9b20cfcc4ca7-groupManagement] INFO  server.RaftServerConfigKeys (ConfUtils.java:logGet(46)) - raft.server.snapshot.auto.trigger.threshold = 10000 (custom)
2023-09-28 12:58:43,702 [7a34fa35-5459-4f99-8201-9b20cfcc4ca7-groupManagement] INFO  server.RaftServerConfigKeys (ConfUtils.java:logGet(46)) - raft.server.snapshot.retention.file.num = 5 (custom)
2023-09-28 12:58:43,702 [7a34fa35-5459-4f99-8201-9b20cfcc4ca7-groupManagement] INFO  server.RaftServerConfigKeys (ConfUtils.java:logGet(46)) - raft.server.log.purge.upto.snapshot.index = false (default)
2023-09-28 12:58:43,703 [7a34fa35-5459-4f99-8201-9b20cfcc4ca7@group-445644D19F4A-FollowerState] INFO  server.RaftServerConfigKeys (ConfUtils.java:logFallback(53)) - raft.server.rpc.first-election.timeout.min = 5s (fallback to raft.server.rpc.timeout.min)
2023-09-28 12:58:43,703 [7a34fa35-5459-4f99-8201-9b20cfcc4ca7@group-445644D19F4A-FollowerState] INFO  server.RaftServerConfigKeys (ConfUtils.java:logFallback(53)) - raft.server.rpc.first-election.timeout.max = 5200ms (fallback to raft.server.rpc.timeout.max)
2023-09-28 12:58:43,703 [PipelineCommandHandlerThread-0] INFO  ratis.XceiverServerRatis (XceiverServerRatis.java:addGroup(804)) - Created group PipelineID=35ed93ef-f44e-46a3-bb3c-445644d19f4a
2023-09-28 12:58:43,723 [grpc-default-executor-0] INFO  server.RaftServer (RaftServerProxy.java:addNew(98)) - 5e08d1c9-8c08-4060-98f0-ffeffb182171: addNew group-445644D19F4A:[5e08d1c9-8c08-4060-98f0-ffeffb182171|rpc:10.1.0.34:15138|admin:10.1.0.34:15137|client:10.1.0.34:15136|dataStream:10.1.0.34:15139|priority:0|startupRole:FOLLOWER, e56a0381-809f-4844-8654-a0ae17700968|rpc:10.1.0.34:15129|admin:10.1.0.34:15128|client:10.1.0.34:15127|dataStream:10.1.0.34:15130|priority:1|startupRole:FOLLOWER, 7a34fa35-5459-4f99-8201-9b20cfcc4ca7|rpc:10.1.0.34:15120|admin:10.1.0.34:15119|client:10.1.0.34:15118|dataStream:10.1.0.34:15121|priority:0|startupRole:FOLLOWER] returns group-445644D19F4A:java.util.concurrent.CompletableFuture@70e0d9b3[Not completed]
2023-09-28 12:58:43,724 [5e08d1c9-8c08-4060-98f0-ffeffb182171-groupManagement] INFO  server.RaftServer$Division (RaftServerImpl.java:<init>(198)) - 5e08d1c9-8c08-4060-98f0-ffeffb182171: new RaftServerImpl for group-445644D19F4A:[5e08d1c9-8c08-4060-98f0-ffeffb182171|rpc:10.1.0.34:15138|admin:10.1.0.34:15137|client:10.1.0.34:15136|dataStream:10.1.0.34:15139|priority:0|startupRole:FOLLOWER, e56a0381-809f-4844-8654-a0ae17700968|rpc:10.1.0.34:15129|admin:10.1.0.34:15128|client:10.1.0.34:15127|dataStream:10.1.0.34:15130|priority:1|startupRole:FOLLOWER, 7a34fa35-5459-4f99-8201-9b20cfcc4ca7|rpc:10.1.0.34:15120|admin:10.1.0.34:15119|client:10.1.0.34:15118|dataStream:10.1.0.34:15121|priority:0|startupRole:FOLLOWER] with ContainerStateMachine:uninitialized
2023-09-28 12:58:43,724 [5e08d1c9-8c08-4060-98f0-ffeffb182171-groupManagement] INFO  server.RaftServerConfigKeys (ConfUtils.java:logGet(46)) - raft.server.rpc.timeout.min = 5s (custom)
2023-09-28 12:58:43,724 [5e08d1c9-8c08-4060-98f0-ffeffb182171-groupManagement] INFO  server.RaftServerConfigKeys (ConfUtils.java:logGet(46)) - raft.server.rpc.timeout.max = 5200ms (custom)
2023-09-28 12:58:43,724 [5e08d1c9-8c08-4060-98f0-ffeffb182171-groupManagement] INFO  server.RaftServerConfigKeys (ConfUtils.java:logGet(46)) - raft.server.rpc.sleep.time = 25ms (default)
2023-09-28 12:58:43,724 [5e08d1c9-8c08-4060-98f0-ffeffb182171-groupManagement] INFO  server.RaftServerConfigKeys (ConfUtils.java:logGet(46)) - raft.server.rpc.slowness.timeout = 300s (custom)
2023-09-28 12:58:43,724 [5e08d1c9-8c08-4060-98f0-ffeffb182171-groupManagement] INFO  server.RaftServerConfigKeys (ConfUtils.java:logGet(46)) - raft.server.leaderelection.leader.step-down.wait-time = 10s (default)
2023-09-28 12:58:43,724 [5e08d1c9-8c08-4060-98f0-ffeffb182171-groupManagement] INFO  server.RaftServerConfigKeys (ConfUtils.java:logGet(46)) - raft.server.sleep.deviation.threshold = 300ms (default)
2023-09-28 12:58:43,724 [5e08d1c9-8c08-4060-98f0-ffeffb182171-groupManagement] INFO  server.RaftServer$Division (ServerState.java:<init>(120)) - 5e08d1c9-8c08-4060-98f0-ffeffb182171@group-445644D19F4A: ConfigurationManager, init=-1: peers:[5e08d1c9-8c08-4060-98f0-ffeffb182171|rpc:10.1.0.34:15138|admin:10.1.0.34:15137|client:10.1.0.34:15136|dataStream:10.1.0.34:15139|priority:0|startupRole:FOLLOWER, e56a0381-809f-4844-8654-a0ae17700968|rpc:10.1.0.34:15129|admin:10.1.0.34:15128|client:10.1.0.34:15127|dataStream:10.1.0.34:15130|priority:1|startupRole:FOLLOWER, 7a34fa35-5459-4f99-8201-9b20cfcc4ca7|rpc:10.1.0.34:15120|admin:10.1.0.34:15119|client:10.1.0.34:15118|dataStream:10.1.0.34:15121|priority:0|startupRole:FOLLOWER]|listeners:[], old=null, confs=<EMPTY_MAP>
2023-09-28 12:58:43,725 [5e08d1c9-8c08-4060-98f0-ffeffb182171-groupManagement] INFO  server.RaftServerConfigKeys (ConfUtils.java:logGet(46)) - raft.server.storage.dir = [/home/runner/work/ozone/ozone/hadoop-ozone/integration-test/target/test-dir/MiniOzoneClusterImpl-1f8fe502-6e97-4a32-9c6f-93491b2fe8ad/datanode-2/data/ratis] (custom)
2023-09-28 12:58:43,725 [5e08d1c9-8c08-4060-98f0-ffeffb182171-groupManagement] INFO  server.RaftServerConfigKeys (ConfUtils.java:logGet(46)) - raft.server.log.corruption.policy = EXCEPTION (default)
2023-09-28 12:58:43,725 [5e08d1c9-8c08-4060-98f0-ffeffb182171-groupManagement] INFO  server.RaftServerConfigKeys (ConfUtils.java:logGet(46)) - raft.server.storage.free-space.min = 0MB (=0) (default)
2023-09-28 12:58:43,725 [5e08d1c9-8c08-4060-98f0-ffeffb182171-groupManagement] INFO  server.RaftServerConfigKeys (ConfUtils.java:logGet(46)) - raft.server.notification.no-leader.timeout = 300s (custom)
2023-09-28 12:58:43,725 [5e08d1c9-8c08-4060-98f0-ffeffb182171-groupManagement] INFO  server.RaftServerConfigKeys (ConfUtils.java:logGet(46)) - raft.server.read.timeout = 10s (default)
2023-09-28 12:58:43,725 [5e08d1c9-8c08-4060-98f0-ffeffb182171-groupManagement] INFO  server.RaftServerConfigKeys (ConfUtils.java:logGet(46)) - raft.server.retrycache.expirytime = 600000ms (custom)
2023-09-28 12:58:43,725 [5e08d1c9-8c08-4060-98f0-ffeffb182171-groupManagement] INFO  server.RaftServerConfigKeys (ConfUtils.java:logGet(46)) - raft.server.retrycache.statistics.expirytime = 100μs (default)
2023-09-28 12:58:43,725 [5e08d1c9-8c08-4060-98f0-ffeffb182171-groupManagement] INFO  server.RaftServerConfigKeys (ConfUtils.java:logGet(46)) - raft.server.read.option = DEFAULT (default)
2023-09-28 12:58:43,726 [5e08d1c9-8c08-4060-98f0-ffeffb182171-groupManagement] INFO  server.RaftServerConfigKeys (ConfUtils.java:logGet(46)) - raft.server.rpc.request.timeout = 60s (custom)
2023-09-28 12:58:43,726 [5e08d1c9-8c08-4060-98f0-ffeffb182171-groupManagement] INFO  server.RaftServerConfigKeys (ConfUtils.java:logGet(46)) - raft.server.log.appender.install.snapshot.enabled = false (custom)
2023-09-28 12:58:43,726 [5e08d1c9-8c08-4060-98f0-ffeffb182171-groupManagement] INFO  server.RaftServerConfigKeys (ConfUtils.java:logGet(46)) - raft.server.threadpool.server.cached = true (default)
2023-09-28 12:58:43,726 [5e08d1c9-8c08-4060-98f0-ffeffb182171-groupManagement] INFO  server.RaftServerConfigKeys (ConfUtils.java:logGet(46)) - raft.server.threadpool.server.size = 0 (default)
2023-09-28 12:58:43,726 [5e08d1c9-8c08-4060-98f0-ffeffb182171-groupManagement] INFO  server.RaftServerConfigKeys (ConfUtils.java:logGet(46)) - raft.server.threadpool.client.cached = true (default)
2023-09-28 12:58:43,726 [5e08d1c9-8c08-4060-98f0-ffeffb182171-groupManagement] INFO  server.RaftServerConfigKeys (ConfUtils.java:logGet(46)) - raft.server.threadpool.client.size = 0 (default)
2023-09-28 12:58:43,726 [5e08d1c9-8c08-4060-98f0-ffeffb182171-groupManagement] INFO  storage.RaftStorageDirectory (RaftStorageDirectoryImpl.java:analyzeStorage(137)) - The storage directory /home/runner/work/ozone/ozone/hadoop-ozone/integration-test/target/test-dir/MiniOzoneClusterImpl-1f8fe502-6e97-4a32-9c6f-93491b2fe8ad/datanode-2/data/ratis/35ed93ef-f44e-46a3-bb3c-445644d19f4a does not exist. Creating ...
2023-09-28 12:58:43,728 [5e08d1c9-8c08-4060-98f0-ffeffb182171-groupManagement] INFO  storage.RaftStorageDirectory (RaftStorageDirectoryImpl.java:tryLock(231)) - Lock on /home/runner/work/ozone/ozone/hadoop-ozone/integration-test/target/test-dir/MiniOzoneClusterImpl-1f8fe502-6e97-4a32-9c6f-93491b2fe8ad/datanode-2/data/ratis/35ed93ef-f44e-46a3-bb3c-445644d19f4a/in_use.lock acquired by nodename 7568@fv-az163-431
2023-09-28 12:58:43,729 [5e08d1c9-8c08-4060-98f0-ffeffb182171-groupManagement] INFO  storage.RaftStorage (RaftStorageImpl.java:format(96)) - Storage directory /home/runner/work/ozone/ozone/hadoop-ozone/integration-test/target/test-dir/MiniOzoneClusterImpl-1f8fe502-6e97-4a32-9c6f-93491b2fe8ad/datanode-2/data/ratis/35ed93ef-f44e-46a3-bb3c-445644d19f4a has been successfully formatted.
2023-09-28 12:58:43,731 [5e08d1c9-8c08-4060-98f0-ffeffb182171-groupManagement] INFO  ratis.ContainerStateMachine (ContainerStateMachine.java:loadSnapshot(262)) - group-445644D19F4A: The snapshot info is null. Setting the last applied indexto:(t:0, i:~)
2023-09-28 12:58:43,731 [5e08d1c9-8c08-4060-98f0-ffeffb182171-groupManagement] INFO  server.RaftServerConfigKeys (ConfUtils.java:logGet(46)) - raft.server.log.use.memory = false (default)
2023-09-28 12:58:43,731 [5e08d1c9-8c08-4060-98f0-ffeffb182171-groupManagement] INFO  server.RaftServerConfigKeys (ConfUtils.java:logGet(46)) - raft.server.log.purge.gap = 1000000 (custom)
2023-09-28 12:58:43,731 [5e08d1c9-8c08-4060-98f0-ffeffb182171-groupManagement] INFO  server.RaftServerConfigKeys (ConfUtils.java:logGet(46)) - raft.server.log.appender.buffer.byte-limit = 33554432 (custom)
2023-09-28 12:58:43,733 [5e08d1c9-8c08-4060-98f0-ffeffb182171-groupManagement] INFO  server.RaftServerConfigKeys (ConfUtils.java:logGet(46)) - raft.server.log.statemachine.data.read.timeout = 1000ms (default)
2023-09-28 12:58:43,733 [5e08d1c9-8c08-4060-98f0-ffeffb182171-groupManagement] INFO  server.RaftServerConfigKeys (ConfUtils.java:logGet(46)) - raft.server.log.purge.preservation.log.num = 0 (default)
2023-09-28 12:58:43,733 [5e08d1c9-8c08-4060-98f0-ffeffb182171-groupManagement] INFO  server.RaftServerConfigKeys (ConfUtils.java:logGet(46)) - raft.server.log.segment.size.max = 1048576 (custom)
2023-09-28 12:58:43,733 [5e08d1c9-8c08-4060-98f0-ffeffb182171-groupManagement] INFO  server.RaftServerConfigKeys (ConfUtils.java:logGet(46)) - raft.server.log.segment.cache.num.max = 2 (custom)
2023-09-28 12:58:43,733 [5e08d1c9-8c08-4060-98f0-ffeffb182171-groupManagement] INFO  server.RaftServerConfigKeys (ConfUtils.java:logGet(46)) - raft.server.log.segment.cache.size.max = 200MB (=209715200) (default)
2023-09-28 12:58:43,733 [5e08d1c9-8c08-4060-98f0-ffeffb182171-groupManagement] INFO  server.RaftServerConfigKeys (ConfUtils.java:logGet(46)) - raft.server.log.appender.buffer.byte-limit = 33554432 (custom)
2023-09-28 12:58:43,734 [5e08d1c9-8c08-4060-98f0-ffeffb182171-groupManagement] INFO  segmented.SegmentedRaftLogWorker (SegmentedRaftLogWorker.java:<init>(188)) - new 5e08d1c9-8c08-4060-98f0-ffeffb182171@group-445644D19F4A-SegmentedRaftLogWorker for RaftStorageImpl:Storage Directory /home/runner/work/ozone/ozone/hadoop-ozone/integration-test/target/test-dir/MiniOzoneClusterImpl-1f8fe502-6e97-4a32-9c6f-93491b2fe8ad/datanode-2/data/ratis/35ed93ef-f44e-46a3-bb3c-445644d19f4a
2023-09-28 12:58:43,734 [5e08d1c9-8c08-4060-98f0-ffeffb182171-groupManagement] INFO  server.RaftServerConfigKeys (ConfUtils.java:logGet(46)) - raft.server.log.queue.byte-limit = 4294967296 (custom)
2023-09-28 12:58:43,734 [5e08d1c9-8c08-4060-98f0-ffeffb182171-groupManagement] INFO  server.RaftServerConfigKeys (ConfUtils.java:logGet(46)) - raft.server.log.queue.element-limit = 1024 (custom)
2023-09-28 12:58:43,734 [5e08d1c9-8c08-4060-98f0-ffeffb182171-groupManagement] INFO  server.RaftServerConfigKeys (ConfUtils.java:logGet(46)) - raft.server.log.segment.size.max = 1048576 (custom)
2023-09-28 12:58:43,734 [5e08d1c9-8c08-4060-98f0-ffeffb182171-groupManagement] INFO  server.RaftServerConfigKeys (ConfUtils.java:logGet(46)) - raft.server.log.preallocated.size = 16384 (custom)
2023-09-28 12:58:43,734 [5e08d1c9-8c08-4060-98f0-ffeffb182171-groupManagement] INFO  server.RaftServerConfigKeys (ConfUtils.java:logGet(46)) - raft.server.log.force.sync.num = 128 (default)
2023-09-28 12:58:43,734 [5e08d1c9-8c08-4060-98f0-ffeffb182171-groupManagement] INFO  server.RaftServerConfigKeys (ConfUtils.java:logGet(46)) - raft.server.log.statemachine.data.sync = true (default)
2023-09-28 12:58:43,734 [5e08d1c9-8c08-4060-98f0-ffeffb182171-groupManagement] INFO  server.RaftServerConfigKeys (ConfUtils.java:logGet(46)) - raft.server.log.statemachine.data.sync.timeout = 10s (default)
2023-09-28 12:58:43,734 [5e08d1c9-8c08-4060-98f0-ffeffb182171-groupManagement] INFO  server.RaftServerConfigKeys (ConfUtils.java:logGet(46)) - raft.server.log.statemachine.data.sync.timeout.retry = -1 (default)
2023-09-28 12:58:43,735 [5e08d1c9-8c08-4060-98f0-ffeffb182171-groupManagement] INFO  server.RaftServerConfigKeys (ConfUtils.java:logGet(46)) - raft.server.log.write.buffer.size = 1048576 (custom)
2023-09-28 12:58:43,736 [5e08d1c9-8c08-4060-98f0-ffeffb182171-groupManagement] INFO  server.RaftServerConfigKeys (ConfUtils.java:logGet(46)) - raft.server.log.appender.buffer.byte-limit = 33554432 (custom)
2023-09-28 12:58:43,741 [5e08d1c9-8c08-4060-98f0-ffeffb182171-groupManagement] INFO  server.RaftServerConfigKeys (ConfUtils.java:logGet(46)) - raft.server.log.unsafe-flush.enabled = false (default)
2023-09-28 12:58:43,741 [5e08d1c9-8c08-4060-98f0-ffeffb182171-groupManagement] INFO  server.RaftServerConfigKeys (ConfUtils.java:logGet(46)) - raft.server.log.async-flush.enabled = false (default)
2023-09-28 12:58:43,741 [5e08d1c9-8c08-4060-98f0-ffeffb182171-groupManagement] INFO  server.RaftServerConfigKeys (ConfUtils.java:logGet(46)) - raft.server.log.statemachine.data.caching.enabled = true (custom)
2023-09-28 12:58:43,742 [5e08d1c9-8c08-4060-98f0-ffeffb182171-groupManagement] INFO  segmented.SegmentedRaftLogWorker (SegmentedRaftLogWorker.java:lambda$new$0(135)) - 5e08d1c9-8c08-4060-98f0-ffeffb182171@group-445644D19F4A-SegmentedRaftLogWorker: flushIndex: setUnconditionally 0 -> -1
2023-09-28 12:58:43,742 [5e08d1c9-8c08-4060-98f0-ffeffb182171-groupManagement] INFO  segmented.SegmentedRaftLogWorker (SegmentedRaftLogWorker.java:lambda$new$0(135)) - 5e08d1c9-8c08-4060-98f0-ffeffb182171@group-445644D19F4A-SegmentedRaftLogWorker: safeCacheEvictIndex: setUnconditionally 0 -> -1
2023-09-28 12:58:43,742 [5e08d1c9-8c08-4060-98f0-ffeffb182171-groupManagement] INFO  server.RaftServer$Division (RaftServerImpl.java:start(342)) - 5e08d1c9-8c08-4060-98f0-ffeffb182171@group-445644D19F4A: start as a follower, conf=-1: peers:[5e08d1c9-8c08-4060-98f0-ffeffb182171|rpc:10.1.0.34:15138|admin:10.1.0.34:15137|client:10.1.0.34:15136|dataStream:10.1.0.34:15139|priority:0|startupRole:FOLLOWER, e56a0381-809f-4844-8654-a0ae17700968|rpc:10.1.0.34:15129|admin:10.1.0.34:15128|client:10.1.0.34:15127|dataStream:10.1.0.34:15130|priority:1|startupRole:FOLLOWER, 7a34fa35-5459-4f99-8201-9b20cfcc4ca7|rpc:10.1.0.34:15120|admin:10.1.0.34:15119|client:10.1.0.34:15118|dataStream:10.1.0.34:15121|priority:0|startupRole:FOLLOWER]|listeners:[], old=null
2023-09-28 12:58:43,742 [5e08d1c9-8c08-4060-98f0-ffeffb182171-groupManagement] INFO  server.RaftServer$Division (RaftServerImpl.java:setRole(329)) - 5e08d1c9-8c08-4060-98f0-ffeffb182171@group-445644D19F4A: changes role from      null to FOLLOWER at term 0 for startAsFollower
2023-09-28 12:58:43,742 [5e08d1c9-8c08-4060-98f0-ffeffb182171-groupManagement] INFO  impl.RoleInfo (RoleInfo.java:updateAndGet(139)) - 5e08d1c9-8c08-4060-98f0-ffeffb182171: start 5e08d1c9-8c08-4060-98f0-ffeffb182171@group-445644D19F4A-FollowerState
2023-09-28 12:58:43,743 [5e08d1c9-8c08-4060-98f0-ffeffb182171-groupManagement] INFO  util.JmxRegister (JmxRegister.java:tryRegister(44)) - Successfully registered JMX Bean with object name Ratis:service=RaftServer,group=group-445644D19F4A,id=5e08d1c9-8c08-4060-98f0-ffeffb182171
2023-09-28 12:58:43,743 [5e08d1c9-8c08-4060-98f0-ffeffb182171-groupManagement] INFO  server.RaftServerConfigKeys (ConfUtils.java:logGet(46)) - raft.server.snapshot.auto.trigger.enabled = true (custom)
2023-09-28 12:58:43,743 [5e08d1c9-8c08-4060-98f0-ffeffb182171-groupManagement] INFO  server.RaftServerConfigKeys (ConfUtils.java:logGet(46)) - raft.server.snapshot.auto.trigger.threshold = 10000 (custom)
2023-09-28 12:58:43,743 [5e08d1c9-8c08-4060-98f0-ffeffb182171-groupManagement] INFO  server.RaftServerConfigKeys (ConfUtils.java:logGet(46)) - raft.server.snapshot.retention.file.num = 5 (custom)
2023-09-28 12:58:43,743 [5e08d1c9-8c08-4060-98f0-ffeffb182171-groupManagement] INFO  server.RaftServerConfigKeys (ConfUtils.java:logGet(46)) - raft.server.log.purge.upto.snapshot.index = false (default)
2023-09-28 12:58:43,743 [5e08d1c9-8c08-4060-98f0-ffeffb182171@group-445644D19F4A-FollowerState] INFO  server.RaftServerConfigKeys (ConfUtils.java:logFallback(53)) - raft.server.rpc.first-election.timeout.min = 5s (fallback to raft.server.rpc.timeout.min)
2023-09-28 12:58:43,743 [5e08d1c9-8c08-4060-98f0-ffeffb182171@group-445644D19F4A-FollowerState] INFO  server.RaftServerConfigKeys (ConfUtils.java:logFallback(53)) - raft.server.rpc.first-election.timeout.max = 5200ms (fallback to raft.server.rpc.timeout.max)
2023-09-28 12:58:43,775 [grpc-default-executor-0] INFO  server.RaftServer (RaftServerProxy.java:addNew(98)) - e56a0381-809f-4844-8654-a0ae17700968: addNew group-445644D19F4A:[5e08d1c9-8c08-4060-98f0-ffeffb182171|rpc:10.1.0.34:15138|admin:10.1.0.34:15137|client:10.1.0.34:15136|dataStream:10.1.0.34:15139|priority:0|startupRole:FOLLOWER, e56a0381-809f-4844-8654-a0ae17700968|rpc:10.1.0.34:15129|admin:10.1.0.34:15128|client:10.1.0.34:15127|dataStream:10.1.0.34:15130|priority:1|startupRole:FOLLOWER, 7a34fa35-5459-4f99-8201-9b20cfcc4ca7|rpc:10.1.0.34:15120|admin:10.1.0.34:15119|client:10.1.0.34:15118|dataStream:10.1.0.34:15121|priority:0|startupRole:FOLLOWER] returns group-445644D19F4A:java.util.concurrent.CompletableFuture@5b8767ee[Not completed]
2023-09-28 12:58:43,783 [e56a0381-809f-4844-8654-a0ae17700968-groupManagement] INFO  server.RaftServer$Division (RaftServerImpl.java:<init>(198)) - e56a0381-809f-4844-8654-a0ae17700968: new RaftServerImpl for group-445644D19F4A:[5e08d1c9-8c08-4060-98f0-ffeffb182171|rpc:10.1.0.34:15138|admin:10.1.0.34:15137|client:10.1.0.34:15136|dataStream:10.1.0.34:15139|priority:0|startupRole:FOLLOWER, e56a0381-809f-4844-8654-a0ae17700968|rpc:10.1.0.34:15129|admin:10.1.0.34:15128|client:10.1.0.34:15127|dataStream:10.1.0.34:15130|priority:1|startupRole:FOLLOWER, 7a34fa35-5459-4f99-8201-9b20cfcc4ca7|rpc:10.1.0.34:15120|admin:10.1.0.34:15119|client:10.1.0.34:15118|dataStream:10.1.0.34:15121|priority:0|startupRole:FOLLOWER] with ContainerStateMachine:uninitialized
2023-09-28 12:58:43,783 [e56a0381-809f-4844-8654-a0ae17700968-groupManagement] INFO  server.RaftServerConfigKeys (ConfUtils.java:logGet(46)) - raft.server.rpc.timeout.min = 5s (custom)
2023-09-28 12:58:43,783 [e56a0381-809f-4844-8654-a0ae17700968-groupManagement] INFO  server.RaftServerConfigKeys (ConfUtils.java:logGet(46)) - raft.server.rpc.timeout.max = 5200ms (custom)
2023-09-28 12:58:43,783 [e56a0381-809f-4844-8654-a0ae17700968-groupManagement] INFO  server.RaftServerConfigKeys (ConfUtils.java:logGet(46)) - raft.server.rpc.sleep.time = 25ms (default)
2023-09-28 12:58:43,783 [e56a0381-809f-4844-8654-a0ae17700968-groupManagement] INFO  server.RaftServerConfigKeys (ConfUtils.java:logGet(46)) - raft.server.rpc.slowness.timeout = 300s (custom)
2023-09-28 12:58:43,783 [e56a0381-809f-4844-8654-a0ae17700968-groupManagement] INFO  server.RaftServerConfigKeys (ConfUtils.java:logGet(46)) - raft.server.leaderelection.leader.step-down.wait-time = 10s (default)
2023-09-28 12:58:43,783 [e56a0381-809f-4844-8654-a0ae17700968-groupManagement] INFO  server.RaftServerConfigKeys (ConfUtils.java:logGet(46)) - raft.server.sleep.deviation.threshold = 300ms (default)
2023-09-28 12:58:43,783 [e56a0381-809f-4844-8654-a0ae17700968-groupManagement] INFO  server.RaftServer$Division (ServerState.java:<init>(120)) - e56a0381-809f-4844-8654-a0ae17700968@group-445644D19F4A: ConfigurationManager, init=-1: peers:[5e08d1c9-8c08-4060-98f0-ffeffb182171|rpc:10.1.0.34:15138|admin:10.1.0.34:15137|client:10.1.0.34:15136|dataStream:10.1.0.34:15139|priority:0|startupRole:FOLLOWER, e56a0381-809f-4844-8654-a0ae17700968|rpc:10.1.0.34:15129|admin:10.1.0.34:15128|client:10.1.0.34:15127|dataStream:10.1.0.34:15130|priority:1|startupRole:FOLLOWER, 7a34fa35-5459-4f99-8201-9b20cfcc4ca7|rpc:10.1.0.34:15120|admin:10.1.0.34:15119|client:10.1.0.34:15118|dataStream:10.1.0.34:15121|priority:0|startupRole:FOLLOWER]|listeners:[], old=null, confs=<EMPTY_MAP>
2023-09-28 12:58:43,783 [e56a0381-809f-4844-8654-a0ae17700968-groupManagement] INFO  server.RaftServerConfigKeys (ConfUtils.java:logGet(46)) - raft.server.storage.dir = [/home/runner/work/ozone/ozone/hadoop-ozone/integration-test/target/test-dir/MiniOzoneClusterImpl-1f8fe502-6e97-4a32-9c6f-93491b2fe8ad/datanode-1/data/ratis] (custom)
2023-09-28 12:58:43,783 [e56a0381-809f-4844-8654-a0ae17700968-groupManagement] INFO  server.RaftServerConfigKeys (ConfUtils.java:logGet(46)) - raft.server.log.corruption.policy = EXCEPTION (default)
2023-09-28 12:58:43,783 [e56a0381-809f-4844-8654-a0ae17700968-groupManagement] INFO  server.RaftServerConfigKeys (ConfUtils.java:logGet(46)) - raft.server.storage.free-space.min = 0MB (=0) (default)
2023-09-28 12:58:43,784 [e56a0381-809f-4844-8654-a0ae17700968-groupManagement] INFO  server.RaftServerConfigKeys (ConfUtils.java:logGet(46)) - raft.server.notification.no-leader.timeout = 300s (custom)
2023-09-28 12:58:43,784 [e56a0381-809f-4844-8654-a0ae17700968-groupManagement] INFO  server.RaftServerConfigKeys (ConfUtils.java:logGet(46)) - raft.server.read.timeout = 10s (default)
2023-09-28 12:58:43,785 [e56a0381-809f-4844-8654-a0ae17700968-groupManagement] INFO  server.RaftServerConfigKeys (ConfUtils.java:logGet(46)) - raft.server.retrycache.expirytime = 600000ms (custom)
2023-09-28 12:58:43,785 [e56a0381-809f-4844-8654-a0ae17700968-groupManagement] INFO  server.RaftServerConfigKeys (ConfUtils.java:logGet(46)) - raft.server.retrycache.statistics.expirytime = 100μs (default)
2023-09-28 12:58:43,785 [e56a0381-809f-4844-8654-a0ae17700968-groupManagement] INFO  server.RaftServerConfigKeys (ConfUtils.java:logGet(46)) - raft.server.read.option = DEFAULT (default)
2023-09-28 12:58:43,786 [e56a0381-809f-4844-8654-a0ae17700968-groupManagement] INFO  server.RaftServerConfigKeys (ConfUtils.java:logGet(46)) - raft.server.rpc.request.timeout = 60s (custom)
2023-09-28 12:58:43,787 [e56a0381-809f-4844-8654-a0ae17700968-groupManagement] INFO  server.RaftServerConfigKeys (ConfUtils.java:logGet(46)) - raft.server.log.appender.install.snapshot.enabled = false (custom)
2023-09-28 12:58:43,787 [e56a0381-809f-4844-8654-a0ae17700968-groupManagement] INFO  server.RaftServerConfigKeys (ConfUtils.java:logGet(46)) - raft.server.threadpool.server.cached = true (default)
2023-09-28 12:58:43,787 [e56a0381-809f-4844-8654-a0ae17700968-groupManagement] INFO  server.RaftServerConfigKeys (ConfUtils.java:logGet(46)) - raft.server.threadpool.server.size = 0 (default)
2023-09-28 12:58:43,787 [e56a0381-809f-4844-8654-a0ae17700968-groupManagement] INFO  server.RaftServerConfigKeys (ConfUtils.java:logGet(46)) - raft.server.threadpool.client.cached = true (default)
2023-09-28 12:58:43,787 [e56a0381-809f-4844-8654-a0ae17700968-groupManagement] INFO  server.RaftServerConfigKeys (ConfUtils.java:logGet(46)) - raft.server.threadpool.client.size = 0 (default)
2023-09-28 12:58:43,787 [e56a0381-809f-4844-8654-a0ae17700968-groupManagement] INFO  storage.RaftStorageDirectory (RaftStorageDirectoryImpl.java:analyzeStorage(137)) - The storage directory /home/runner/work/ozone/ozone/hadoop-ozone/integration-test/target/test-dir/MiniOzoneClusterImpl-1f8fe502-6e97-4a32-9c6f-93491b2fe8ad/datanode-1/data/ratis/35ed93ef-f44e-46a3-bb3c-445644d19f4a does not exist. Creating ...
2023-09-28 12:58:43,788 [e56a0381-809f-4844-8654-a0ae17700968-groupManagement] INFO  storage.RaftStorageDirectory (RaftStorageDirectoryImpl.java:tryLock(231)) - Lock on /home/runner/work/ozone/ozone/hadoop-ozone/integration-test/target/test-dir/MiniOzoneClusterImpl-1f8fe502-6e97-4a32-9c6f-93491b2fe8ad/datanode-1/data/ratis/35ed93ef-f44e-46a3-bb3c-445644d19f4a/in_use.lock acquired by nodename 7568@fv-az163-431
2023-09-28 12:58:43,790 [e56a0381-809f-4844-8654-a0ae17700968-groupManagement] INFO  storage.RaftStorage (RaftStorageImpl.java:format(96)) - Storage directory /home/runner/work/ozone/ozone/hadoop-ozone/integration-test/target/test-dir/MiniOzoneClusterImpl-1f8fe502-6e97-4a32-9c6f-93491b2fe8ad/datanode-1/data/ratis/35ed93ef-f44e-46a3-bb3c-445644d19f4a has been successfully formatted.
2023-09-28 12:58:43,792 [e56a0381-809f-4844-8654-a0ae17700968-groupManagement] INFO  ratis.ContainerStateMachine (ContainerStateMachine.java:loadSnapshot(262)) - group-445644D19F4A: The snapshot info is null. Setting the last applied indexto:(t:0, i:~)
2023-09-28 12:58:43,792 [e56a0381-809f-4844-8654-a0ae17700968-groupManagement] INFO  server.RaftServerConfigKeys (ConfUtils.java:logGet(46)) - raft.server.log.use.memory = false (default)
2023-09-28 12:58:43,792 [e56a0381-809f-4844-8654-a0ae17700968-groupManagement] INFO  server.RaftServerConfigKeys (ConfUtils.java:logGet(46)) - raft.server.log.purge.gap = 1000000 (custom)
2023-09-28 12:58:43,792 [e56a0381-809f-4844-8654-a0ae17700968-groupManagement] INFO  server.RaftServerConfigKeys (ConfUtils.java:logGet(46)) - raft.server.log.appender.buffer.byte-limit = 33554432 (custom)
2023-09-28 12:58:43,792 [e56a0381-809f-4844-8654-a0ae17700968-groupManagement] INFO  server.RaftServerConfigKeys (ConfUtils.java:logGet(46)) - raft.server.log.statemachine.data.read.timeout = 1000ms (default)
2023-09-28 12:58:43,792 [e56a0381-809f-4844-8654-a0ae17700968-groupManagement] INFO  server.RaftServerConfigKeys (ConfUtils.java:logGet(46)) - raft.server.log.purge.preservation.log.num = 0 (default)
2023-09-28 12:58:43,792 [e56a0381-809f-4844-8654-a0ae17700968-groupManagement] INFO  server.RaftServerConfigKeys (ConfUtils.java:logGet(46)) - raft.server.log.segment.size.max = 1048576 (custom)
2023-09-28 12:58:43,793 [e56a0381-809f-4844-8654-a0ae17700968-groupManagement] INFO  server.RaftServerConfigKeys (ConfUtils.java:logGet(46)) - raft.server.log.segment.cache.num.max = 2 (custom)
2023-09-28 12:58:43,793 [e56a0381-809f-4844-8654-a0ae17700968-groupManagement] INFO  server.RaftServerConfigKeys (ConfUtils.java:logGet(46)) - raft.server.log.segment.cache.size.max = 200MB (=209715200) (default)
2023-09-28 12:58:43,793 [e56a0381-809f-4844-8654-a0ae17700968-groupManagement] INFO  server.RaftServerConfigKeys (ConfUtils.java:logGet(46)) - raft.server.log.appender.buffer.byte-limit = 33554432 (custom)
2023-09-28 12:58:43,793 [e56a0381-809f-4844-8654-a0ae17700968-groupManagement] INFO  segmented.SegmentedRaftLogWorker (SegmentedRaftLogWorker.java:<init>(188)) - new e56a0381-809f-4844-8654-a0ae17700968@group-445644D19F4A-SegmentedRaftLogWorker for RaftStorageImpl:Storage Directory /home/runner/work/ozone/ozone/hadoop-ozone/integration-test/target/test-dir/MiniOzoneClusterImpl-1f8fe502-6e97-4a32-9c6f-93491b2fe8ad/datanode-1/data/ratis/35ed93ef-f44e-46a3-bb3c-445644d19f4a
2023-09-28 12:58:43,793 [e56a0381-809f-4844-8654-a0ae17700968-groupManagement] INFO  server.RaftServerConfigKeys (ConfUtils.java:logGet(46)) - raft.server.log.queue.byte-limit = 4294967296 (custom)
2023-09-28 12:58:43,793 [e56a0381-809f-4844-8654-a0ae17700968-groupManagement] INFO  server.RaftServerConfigKeys (ConfUtils.java:logGet(46)) - raft.server.log.queue.element-limit = 1024 (custom)
2023-09-28 12:58:43,793 [e56a0381-809f-4844-8654-a0ae17700968-groupManagement] INFO  server.RaftServerConfigKeys (ConfUtils.java:logGet(46)) - raft.server.log.segment.size.max = 1048576 (custom)
2023-09-28 12:58:43,793 [e56a0381-809f-4844-8654-a0ae17700968-groupManagement] INFO  server.RaftServerConfigKeys (ConfUtils.java:logGet(46)) - raft.server.log.preallocated.size = 16384 (custom)
2023-09-28 12:58:43,793 [e56a0381-809f-4844-8654-a0ae17700968-groupManagement] INFO  server.RaftServerConfigKeys (ConfUtils.java:logGet(46)) - raft.server.log.force.sync.num = 128 (default)
2023-09-28 12:58:43,793 [e56a0381-809f-4844-8654-a0ae17700968-groupManagement] INFO  server.RaftServerConfigKeys (ConfUtils.java:logGet(46)) - raft.server.log.statemachine.data.sync = true (default)
2023-09-28 12:58:43,793 [e56a0381-809f-4844-8654-a0ae17700968-groupManagement] INFO  server.RaftServerConfigKeys (ConfUtils.java:logGet(46)) - raft.server.log.statemachine.data.sync.timeout = 10s (default)
2023-09-28 12:58:43,793 [e56a0381-809f-4844-8654-a0ae17700968-groupManagement] INFO  server.RaftServerConfigKeys (ConfUtils.java:logGet(46)) - raft.server.log.statemachine.data.sync.timeout.retry = -1 (default)
2023-09-28 12:58:43,794 [e56a0381-809f-4844-8654-a0ae17700968-groupManagement] INFO  server.RaftServerConfigKeys (ConfUtils.java:logGet(46)) - raft.server.log.write.buffer.size = 1048576 (custom)
2023-09-28 12:58:43,794 [e56a0381-809f-4844-8654-a0ae17700968-groupManagement] INFO  server.RaftServerConfigKeys (ConfUtils.java:logGet(46)) - raft.server.log.appender.buffer.byte-limit = 33554432 (custom)
2023-09-28 12:58:43,800 [e56a0381-809f-4844-8654-a0ae17700968-groupManagement] INFO  server.RaftServerConfigKeys (ConfUtils.java:logGet(46)) - raft.server.log.unsafe-flush.enabled = false (default)
2023-09-28 12:58:43,800 [e56a0381-809f-4844-8654-a0ae17700968-groupManagement] INFO  server.RaftServerConfigKeys (ConfUtils.java:logGet(46)) - raft.server.log.async-flush.enabled = false (default)
2023-09-28 12:58:43,800 [e56a0381-809f-4844-8654-a0ae17700968-groupManagement] INFO  server.RaftServerConfigKeys (ConfUtils.java:logGet(46)) - raft.server.log.statemachine.data.caching.enabled = true (custom)
2023-09-28 12:58:43,800 [e56a0381-809f-4844-8654-a0ae17700968-groupManagement] INFO  segmented.SegmentedRaftLogWorker (SegmentedRaftLogWorker.java:lambda$new$0(135)) - e56a0381-809f-4844-8654-a0ae17700968@group-445644D19F4A-SegmentedRaftLogWorker: flushIndex: setUnconditionally 0 -> -1
2023-09-28 12:58:43,800 [e56a0381-809f-4844-8654-a0ae17700968-groupManagement] INFO  segmented.SegmentedRaftLogWorker (SegmentedRaftLogWorker.java:lambda$new$0(135)) - e56a0381-809f-4844-8654-a0ae17700968@group-445644D19F4A-SegmentedRaftLogWorker: safeCacheEvictIndex: setUnconditionally 0 -> -1
2023-09-28 12:58:43,800 [e56a0381-809f-4844-8654-a0ae17700968-groupManagement] INFO  server.RaftServer$Division (RaftServerImpl.java:start(342)) - e56a0381-809f-4844-8654-a0ae17700968@group-445644D19F4A: start as a follower, conf=-1: peers:[5e08d1c9-8c08-4060-98f0-ffeffb182171|rpc:10.1.0.34:15138|admin:10.1.0.34:15137|client:10.1.0.34:15136|dataStream:10.1.0.34:15139|priority:0|startupRole:FOLLOWER, e56a0381-809f-4844-8654-a0ae17700968|rpc:10.1.0.34:15129|admin:10.1.0.34:15128|client:10.1.0.34:15127|dataStream:10.1.0.34:15130|priority:1|startupRole:FOLLOWER, 7a34fa35-5459-4f99-8201-9b20cfcc4ca7|rpc:10.1.0.34:15120|admin:10.1.0.34:15119|client:10.1.0.34:15118|dataStream:10.1.0.34:15121|priority:0|startupRole:FOLLOWER]|listeners:[], old=null
2023-09-28 12:58:43,800 [e56a0381-809f-4844-8654-a0ae17700968-groupManagement] INFO  server.RaftServer$Division (RaftServerImpl.java:setRole(329)) - e56a0381-809f-4844-8654-a0ae17700968@group-445644D19F4A: changes role from      null to FOLLOWER at term 0 for startAsFollower
2023-09-28 12:58:43,801 [e56a0381-809f-4844-8654-a0ae17700968-groupManagement] INFO  impl.RoleInfo (RoleInfo.java:updateAndGet(139)) - e56a0381-809f-4844-8654-a0ae17700968: start e56a0381-809f-4844-8654-a0ae17700968@group-445644D19F4A-FollowerState
2023-09-28 12:58:43,801 [e56a0381-809f-4844-8654-a0ae17700968-groupManagement] INFO  util.JmxRegister (JmxRegister.java:tryRegister(44)) - Successfully registered JMX Bean with object name Ratis:service=RaftServer,group=group-445644D19F4A,id=e56a0381-809f-4844-8654-a0ae17700968
2023-09-28 12:58:43,801 [e56a0381-809f-4844-8654-a0ae17700968-groupManagement] INFO  server.RaftServerConfigKeys (ConfUtils.java:logGet(46)) - raft.server.snapshot.auto.trigger.enabled = true (custom)
2023-09-28 12:58:43,801 [e56a0381-809f-4844-8654-a0ae17700968-groupManagement] INFO  server.RaftServerConfigKeys (ConfUtils.java:logGet(46)) - raft.server.snapshot.auto.trigger.threshold = 10000 (custom)
2023-09-28 12:58:43,801 [e56a0381-809f-4844-8654-a0ae17700968-groupManagement] INFO  server.RaftServerConfigKeys (ConfUtils.java:logGet(46)) - raft.server.snapshot.retention.file.num = 5 (custom)
2023-09-28 12:58:43,801 [e56a0381-809f-4844-8654-a0ae17700968-groupManagement] INFO  server.RaftServerConfigKeys (ConfUtils.java:logGet(46)) - raft.server.log.purge.upto.snapshot.index = false (default)
2023-09-28 12:58:43,802 [e56a0381-809f-4844-8654-a0ae17700968@group-445644D19F4A-FollowerState] INFO  server.RaftServerConfigKeys (ConfUtils.java:logFallback(53)) - raft.server.rpc.first-election.timeout.min = 5s (fallback to raft.server.rpc.timeout.min)
2023-09-28 12:58:43,802 [e56a0381-809f-4844-8654-a0ae17700968@group-445644D19F4A-FollowerState] INFO  server.RaftServerConfigKeys (ConfUtils.java:logFallback(53)) - raft.server.rpc.first-election.timeout.max = 5200ms (fallback to raft.server.rpc.timeout.max)
2023-09-28 12:58:43,809 [PipelineCommandHandlerThread-0] INFO  commandhandler.CreatePipelineCommandHandler (CreatePipelineCommandHandler.java:lambda$handle$2(124)) - Created Pipeline RATIS THREE PipelineID=35ed93ef-f44e-46a3-bb3c-445644d19f4a.
2023-09-28 12:58:43,810 [PipelineCommandHandlerThread-0] INFO  server.RaftServer (RaftServerProxy.java:addNew(98)) - 7a34fa35-5459-4f99-8201-9b20cfcc4ca7: addNew group-5AF4A90909DD:[5e08d1c9-8c08-4060-98f0-ffeffb182171|rpc:10.1.0.34:15138|admin:10.1.0.34:15137|client:10.1.0.34:15136|dataStream:10.1.0.34:15139|priority:0|startupRole:FOLLOWER, e56a0381-809f-4844-8654-a0ae17700968|rpc:10.1.0.34:15129|admin:10.1.0.34:15128|client:10.1.0.34:15127|dataStream:10.1.0.34:15130|priority:0|startupRole:FOLLOWER, 7a34fa35-5459-4f99-8201-9b20cfcc4ca7|rpc:10.1.0.34:15120|admin:10.1.0.34:15119|client:10.1.0.34:15118|dataStream:10.1.0.34:15121|priority:1|startupRole:FOLLOWER] returns group-5AF4A90909DD:java.util.concurrent.CompletableFuture@26df0e63[Not completed]
2023-09-28 12:58:43,811 [7a34fa35-5459-4f99-8201-9b20cfcc4ca7-groupManagement] INFO  server.RaftServer$Division (RaftServerImpl.java:<init>(198)) - 7a34fa35-5459-4f99-8201-9b20cfcc4ca7: new RaftServerImpl for group-5AF4A90909DD:[5e08d1c9-8c08-4060-98f0-ffeffb182171|rpc:10.1.0.34:15138|admin:10.1.0.34:15137|client:10.1.0.34:15136|dataStream:10.1.0.34:15139|priority:0|startupRole:FOLLOWER, e56a0381-809f-4844-8654-a0ae17700968|rpc:10.1.0.34:15129|admin:10.1.0.34:15128|client:10.1.0.34:15127|dataStream:10.1.0.34:15130|priority:0|startupRole:FOLLOWER, 7a34fa35-5459-4f99-8201-9b20cfcc4ca7|rpc:10.1.0.34:15120|admin:10.1.0.34:15119|client:10.1.0.34:15118|dataStream:10.1.0.34:15121|priority:1|startupRole:FOLLOWER] with ContainerStateMachine:uninitialized
2023-09-28 12:58:43,811 [7a34fa35-5459-4f99-8201-9b20cfcc4ca7-groupManagement] INFO  server.RaftServerConfigKeys (ConfUtils.java:logGet(46)) - raft.server.rpc.timeout.min = 5s (custom)
2023-09-28 12:58:43,811 [7a34fa35-5459-4f99-8201-9b20cfcc4ca7-groupManagement] INFO  server.RaftServerConfigKeys (ConfUtils.java:logGet(46)) - raft.server.rpc.timeout.max = 5200ms (custom)
2023-09-28 12:58:43,811 [7a34fa35-5459-4f99-8201-9b20cfcc4ca7-groupManagement] INFO  server.RaftServerConfigKeys (ConfUtils.java:logGet(46)) - raft.server.rpc.sleep.time = 25ms (default)
2023-09-28 12:58:43,811 [7a34fa35-5459-4f99-8201-9b20cfcc4ca7-groupManagement] INFO  server.RaftServerConfigKeys (ConfUtils.java:logGet(46)) - raft.server.rpc.slowness.timeout = 300s (custom)
2023-09-28 12:58:43,811 [7a34fa35-5459-4f99-8201-9b20cfcc4ca7-groupManagement] INFO  server.RaftServerConfigKeys (ConfUtils.java:logGet(46)) - raft.server.leaderelection.leader.step-down.wait-time = 10s (default)
2023-09-28 12:58:43,811 [7a34fa35-5459-4f99-8201-9b20cfcc4ca7-groupManagement] INFO  server.RaftServerConfigKeys (ConfUtils.java:logGet(46)) - raft.server.sleep.deviation.threshold = 300ms (default)
2023-09-28 12:58:43,811 [7a34fa35-5459-4f99-8201-9b20cfcc4ca7-groupManagement] INFO  server.RaftServer$Division (ServerState.java:<init>(120)) - 7a34fa35-5459-4f99-8201-9b20cfcc4ca7@group-5AF4A90909DD: ConfigurationManager, init=-1: peers:[5e08d1c9-8c08-4060-98f0-ffeffb182171|rpc:10.1.0.34:15138|admin:10.1.0.34:15137|client:10.1.0.34:15136|dataStream:10.1.0.34:15139|priority:0|startupRole:FOLLOWER, e56a0381-809f-4844-8654-a0ae17700968|rpc:10.1.0.34:15129|admin:10.1.0.34:15128|client:10.1.0.34:15127|dataStream:10.1.0.34:15130|priority:0|startupRole:FOLLOWER, 7a34fa35-5459-4f99-8201-9b20cfcc4ca7|rpc:10.1.0.34:15120|admin:10.1.0.34:15119|client:10.1.0.34:15118|dataStream:10.1.0.34:15121|priority:1|startupRole:FOLLOWER]|listeners:[], old=null, confs=<EMPTY_MAP>
2023-09-28 12:58:43,811 [7a34fa35-5459-4f99-8201-9b20cfcc4ca7-groupManagement] INFO  server.RaftServerConfigKeys (ConfUtils.java:logGet(46)) - raft.server.storage.dir = [/home/runner/work/ozone/ozone/hadoop-ozone/integration-test/target/test-dir/MiniOzoneClusterImpl-1f8fe502-6e97-4a32-9c6f-93491b2fe8ad/datanode-0/data/ratis] (custom)
2023-09-28 12:58:43,811 [7a34fa35-5459-4f99-8201-9b20cfcc4ca7-groupManagement] INFO  server.RaftServerConfigKeys (ConfUtils.java:logGet(46)) - raft.server.log.corruption.policy = EXCEPTION (default)
2023-09-28 12:58:43,811 [7a34fa35-5459-4f99-8201-9b20cfcc4ca7-groupManagement] INFO  server.RaftServerConfigKeys (ConfUtils.java:logGet(46)) - raft.server.storage.free-space.min = 0MB (=0) (default)
2023-09-28 12:58:43,811 [7a34fa35-5459-4f99-8201-9b20cfcc4ca7-groupManagement] INFO  server.RaftServerConfigKeys (ConfUtils.java:logGet(46)) - raft.server.notification.no-leader.timeout = 300s (custom)
2023-09-28 12:58:43,811 [7a34fa35-5459-4f99-8201-9b20cfcc4ca7-groupManagement] INFO  server.RaftServerConfigKeys (ConfUtils.java:logGet(46)) - raft.server.read.timeout = 10s (default)
2023-09-28 12:58:43,812 [7a34fa35-5459-4f99-8201-9b20cfcc4ca7-groupManagement] INFO  server.RaftServerConfigKeys (ConfUtils.java:logGet(46)) - raft.server.retrycache.expirytime = 600000ms (custom)
2023-09-28 12:58:43,812 [7a34fa35-5459-4f99-8201-9b20cfcc4ca7-groupManagement] INFO  server.RaftServerConfigKeys (ConfUtils.java:logGet(46)) - raft.server.retrycache.statistics.expirytime = 100μs (default)
2023-09-28 12:58:43,812 [7a34fa35-5459-4f99-8201-9b20cfcc4ca7-groupManagement] INFO  server.RaftServerConfigKeys (ConfUtils.java:logGet(46)) - raft.server.read.option = DEFAULT (default)
2023-09-28 12:58:43,812 [7a34fa35-5459-4f99-8201-9b20cfcc4ca7-groupManagement] INFO  server.RaftServerConfigKeys (ConfUtils.java:logGet(46)) - raft.server.rpc.request.timeout = 60s (custom)
2023-09-28 12:58:43,813 [7a34fa35-5459-4f99-8201-9b20cfcc4ca7-groupManagement] INFO  server.RaftServerConfigKeys (ConfUtils.java:logGet(46)) - raft.server.log.appender.install.snapshot.enabled = false (custom)
2023-09-28 12:58:43,813 [7a34fa35-5459-4f99-8201-9b20cfcc4ca7-groupManagement] INFO  server.RaftServerConfigKeys (ConfUtils.java:logGet(46)) - raft.server.threadpool.server.cached = true (default)
2023-09-28 12:58:43,813 [7a34fa35-5459-4f99-8201-9b20cfcc4ca7-groupManagement] INFO  server.RaftServerConfigKeys (ConfUtils.java:logGet(46)) - raft.server.threadpool.server.size = 0 (default)
2023-09-28 12:58:43,813 [7a34fa35-5459-4f99-8201-9b20cfcc4ca7-groupManagement] INFO  server.RaftServerConfigKeys (ConfUtils.java:logGet(46)) - raft.server.threadpool.client.cached = true (default)
2023-09-28 12:58:43,813 [7a34fa35-5459-4f99-8201-9b20cfcc4ca7-groupManagement] INFO  server.RaftServerConfigKeys (ConfUtils.java:logGet(46)) - raft.server.threadpool.client.size = 0 (default)
2023-09-28 12:58:43,813 [7a34fa35-5459-4f99-8201-9b20cfcc4ca7-groupManagement] INFO  storage.RaftStorageDirectory (RaftStorageDirectoryImpl.java:analyzeStorage(137)) - The storage directory /home/runner/work/ozone/ozone/hadoop-ozone/integration-test/target/test-dir/MiniOzoneClusterImpl-1f8fe502-6e97-4a32-9c6f-93491b2fe8ad/datanode-0/data/ratis/9118721c-a818-4803-a2e6-5af4a90909dd does not exist. Creating ...
2023-09-28 12:58:43,814 [7a34fa35-5459-4f99-8201-9b20cfcc4ca7-groupManagement] INFO  storage.RaftStorageDirectory (RaftStorageDirectoryImpl.java:tryLock(231)) - Lock on /home/runner/work/ozone/ozone/hadoop-ozone/integration-test/target/test-dir/MiniOzoneClusterImpl-1f8fe502-6e97-4a32-9c6f-93491b2fe8ad/datanode-0/data/ratis/9118721c-a818-4803-a2e6-5af4a90909dd/in_use.lock acquired by nodename 7568@fv-az163-431
2023-09-28 12:58:43,816 [7a34fa35-5459-4f99-8201-9b20cfcc4ca7-groupManagement] INFO  storage.RaftStorage (RaftStorageImpl.java:format(96)) - Storage directory /home/runner/work/ozone/ozone/hadoop-ozone/integration-test/target/test-dir/MiniOzoneClusterImpl-1f8fe502-6e97-4a32-9c6f-93491b2fe8ad/datanode-0/data/ratis/9118721c-a818-4803-a2e6-5af4a90909dd has been successfully formatted.
2023-09-28 12:58:43,816 [7a34fa35-5459-4f99-8201-9b20cfcc4ca7-groupManagement] INFO  ratis.ContainerStateMachine (ContainerStateMachine.java:loadSnapshot(262)) - group-5AF4A90909DD: The snapshot info is null. Setting the last applied indexto:(t:0, i:~)
2023-09-28 12:58:43,816 [7a34fa35-5459-4f99-8201-9b20cfcc4ca7-groupManagement] INFO  server.RaftServerConfigKeys (ConfUtils.java:logGet(46)) - raft.server.log.use.memory = false (default)
2023-09-28 12:58:43,817 [EventQueue-OpenPipelineForHealthyPipelineSafeModeRule] INFO  safemode.SCMSafeModeManager (HealthyPipelineSafeModeRule.java:process(137)) - SCM in safe mode. Healthy pipelines reported count is 0, required healthy pipeline reported count is 1
2023-09-28 12:58:43,817 [7a34fa35-5459-4f99-8201-9b20cfcc4ca7-groupManagement] INFO  server.RaftServerConfigKeys (ConfUtils.java:logGet(46)) - raft.server.log.purge.gap = 1000000 (custom)
2023-09-28 12:58:43,817 [7a34fa35-5459-4f99-8201-9b20cfcc4ca7-groupManagement] INFO  server.RaftServerConfigKeys (ConfUtils.java:logGet(46)) - raft.server.log.appender.buffer.byte-limit = 33554432 (custom)
2023-09-28 12:58:43,817 [7a34fa35-5459-4f99-8201-9b20cfcc4ca7-groupManagement] INFO  server.RaftServerConfigKeys (ConfUtils.java:logGet(46)) - raft.server.log.statemachine.data.read.timeout = 1000ms (default)
2023-09-28 12:58:43,817 [7a34fa35-5459-4f99-8201-9b20cfcc4ca7-groupManagement] INFO  server.RaftServerConfigKeys (ConfUtils.java:logGet(46)) - raft.server.log.purge.preservation.log.num = 0 (default)
2023-09-28 12:58:43,817 [7a34fa35-5459-4f99-8201-9b20cfcc4ca7-groupManagement] INFO  server.RaftServerConfigKeys (ConfUtils.java:logGet(46)) - raft.server.log.segment.size.max = 1048576 (custom)
2023-09-28 12:58:43,818 [7a34fa35-5459-4f99-8201-9b20cfcc4ca7-groupManagement] INFO  server.RaftServerConfigKeys (ConfUtils.java:logGet(46)) - raft.server.log.segment.cache.num.max = 2 (custom)
2023-09-28 12:58:43,818 [7a34fa35-5459-4f99-8201-9b20cfcc4ca7-groupManagement] INFO  server.RaftServerConfigKeys (ConfUtils.java:logGet(46)) - raft.server.log.segment.cache.size.max = 200MB (=209715200) (default)
2023-09-28 12:58:43,818 [7a34fa35-5459-4f99-8201-9b20cfcc4ca7-groupManagement] INFO  server.RaftServerConfigKeys (ConfUtils.java:logGet(46)) - raft.server.log.appender.buffer.byte-limit = 33554432 (custom)
2023-09-28 12:58:43,818 [7a34fa35-5459-4f99-8201-9b20cfcc4ca7-groupManagement] INFO  segmented.SegmentedRaftLogWorker (SegmentedRaftLogWorker.java:<init>(188)) - new 7a34fa35-5459-4f99-8201-9b20cfcc4ca7@group-5AF4A90909DD-SegmentedRaftLogWorker for RaftStorageImpl:Storage Directory /home/runner/work/ozone/ozone/hadoop-ozone/integration-test/target/test-dir/MiniOzoneClusterImpl-1f8fe502-6e97-4a32-9c6f-93491b2fe8ad/datanode-0/data/ratis/9118721c-a818-4803-a2e6-5af4a90909dd
2023-09-28 12:58:43,818 [7a34fa35-5459-4f99-8201-9b20cfcc4ca7-groupManagement] INFO  server.RaftServerConfigKeys (ConfUtils.java:logGet(46)) - raft.server.log.queue.byte-limit = 4294967296 (custom)
2023-09-28 12:58:43,818 [7a34fa35-5459-4f99-8201-9b20cfcc4ca7-groupManagement] INFO  server.RaftServerConfigKeys (ConfUtils.java:logGet(46)) - raft.server.log.queue.element-limit = 1024 (custom)
2023-09-28 12:58:43,818 [7a34fa35-5459-4f99-8201-9b20cfcc4ca7-groupManagement] INFO  server.RaftServerConfigKeys (ConfUtils.java:logGet(46)) - raft.server.log.segment.size.max = 1048576 (custom)
2023-09-28 12:58:43,818 [7a34fa35-5459-4f99-8201-9b20cfcc4ca7-groupManagement] INFO  server.RaftServerConfigKeys (ConfUtils.java:logGet(46)) - raft.server.log.preallocated.size = 16384 (custom)
2023-09-28 12:58:43,818 [7a34fa35-5459-4f99-8201-9b20cfcc4ca7-groupManagement] INFO  server.RaftServerConfigKeys (ConfUtils.java:logGet(46)) - raft.server.log.force.sync.num = 128 (default)
2023-09-28 12:58:43,818 [7a34fa35-5459-4f99-8201-9b20cfcc4ca7-groupManagement] INFO  server.RaftServerConfigKeys (ConfUtils.java:logGet(46)) - raft.server.log.statemachine.data.sync = true (default)
2023-09-28 12:58:43,818 [7a34fa35-5459-4f99-8201-9b20cfcc4ca7-groupManagement] INFO  server.RaftServerConfigKeys (ConfUtils.java:logGet(46)) - raft.server.log.statemachine.data.sync.timeout = 10s (default)
2023-09-28 12:58:43,818 [7a34fa35-5459-4f99-8201-9b20cfcc4ca7-groupManagement] INFO  server.RaftServerConfigKeys (ConfUtils.java:logGet(46)) - raft.server.log.statemachine.data.sync.timeout.retry = -1 (default)
2023-09-28 12:58:43,819 [7a34fa35-5459-4f99-8201-9b20cfcc4ca7-groupManagement] INFO  server.RaftServerConfigKeys (ConfUtils.java:logGet(46)) - raft.server.log.write.buffer.size = 1048576 (custom)
2023-09-28 12:58:43,819 [7a34fa35-5459-4f99-8201-9b20cfcc4ca7-groupManagement] INFO  server.RaftServerConfigKeys (ConfUtils.java:logGet(46)) - raft.server.log.appender.buffer.byte-limit = 33554432 (custom)
2023-09-28 12:58:43,830 [7a34fa35-5459-4f99-8201-9b20cfcc4ca7-groupManagement] INFO  server.RaftServerConfigKeys (ConfUtils.java:logGet(46)) - raft.server.log.unsafe-flush.enabled = false (default)
2023-09-28 12:58:43,830 [7a34fa35-5459-4f99-8201-9b20cfcc4ca7-groupManagement] INFO  server.RaftServerConfigKeys (ConfUtils.java:logGet(46)) - raft.server.log.async-flush.enabled = false (default)
2023-09-28 12:58:43,830 [7a34fa35-5459-4f99-8201-9b20cfcc4ca7-groupManagement] INFO  server.RaftServerConfigKeys (ConfUtils.java:logGet(46)) - raft.server.log.statemachine.data.caching.enabled = true (custom)
2023-09-28 12:58:43,830 [7a34fa35-5459-4f99-8201-9b20cfcc4ca7-groupManagement] INFO  segmented.SegmentedRaftLogWorker (SegmentedRaftLogWorker.java:lambda$new$0(135)) - 7a34fa35-5459-4f99-8201-9b20cfcc4ca7@group-5AF4A90909DD-SegmentedRaftLogWorker: flushIndex: setUnconditionally 0 -> -1
2023-09-28 12:58:43,831 [7a34fa35-5459-4f99-8201-9b20cfcc4ca7-groupManagement] INFO  segmented.SegmentedRaftLogWorker (SegmentedRaftLogWorker.java:lambda$new$0(135)) - 7a34fa35-5459-4f99-8201-9b20cfcc4ca7@group-5AF4A90909DD-SegmentedRaftLogWorker: safeCacheEvictIndex: setUnconditionally 0 -> -1
2023-09-28 12:58:43,831 [7a34fa35-5459-4f99-8201-9b20cfcc4ca7-groupManagement] INFO  server.RaftServer$Division (RaftServerImpl.java:start(342)) - 7a34fa35-5459-4f99-8201-9b20cfcc4ca7@group-5AF4A90909DD: start as a follower, conf=-1: peers:[5e08d1c9-8c08-4060-98f0-ffeffb182171|rpc:10.1.0.34:15138|admin:10.1.0.34:15137|client:10.1.0.34:15136|dataStream:10.1.0.34:15139|priority:0|startupRole:FOLLOWER, e56a0381-809f-4844-8654-a0ae17700968|rpc:10.1.0.34:15129|admin:10.1.0.34:15128|client:10.1.0.34:15127|dataStream:10.1.0.34:15130|priority:0|startupRole:FOLLOWER, 7a34fa35-5459-4f99-8201-9b20cfcc4ca7|rpc:10.1.0.34:15120|admin:10.1.0.34:15119|client:10.1.0.34:15118|dataStream:10.1.0.34:15121|priority:1|startupRole:FOLLOWER]|listeners:[], old=null
2023-09-28 12:58:43,831 [7a34fa35-5459-4f99-8201-9b20cfcc4ca7-groupManagement] INFO  server.RaftServer$Division (RaftServerImpl.java:setRole(329)) - 7a34fa35-5459-4f99-8201-9b20cfcc4ca7@group-5AF4A90909DD: changes role from      null to FOLLOWER at term 0 for startAsFollower
2023-09-28 12:58:43,831 [7a34fa35-5459-4f99-8201-9b20cfcc4ca7-groupManagement] INFO  impl.RoleInfo (RoleInfo.java:updateAndGet(139)) - 7a34fa35-5459-4f99-8201-9b20cfcc4ca7: start 7a34fa35-5459-4f99-8201-9b20cfcc4ca7@group-5AF4A90909DD-FollowerState
2023-09-28 12:58:43,832 [7a34fa35-5459-4f99-8201-9b20cfcc4ca7@group-5AF4A90909DD-FollowerState] INFO  server.RaftServerConfigKeys (ConfUtils.java:logFallback(53)) - raft.server.rpc.first-election.timeout.min = 5s (fallback to raft.server.rpc.timeout.min)
2023-09-28 12:58:43,832 [7a34fa35-5459-4f99-8201-9b20cfcc4ca7-groupManagement] INFO  util.JmxRegister (JmxRegister.java:tryRegister(44)) - Successfully registered JMX Bean with object name Ratis:service=RaftServer,group=group-5AF4A90909DD,id=7a34fa35-5459-4f99-8201-9b20cfcc4ca7
2023-09-28 12:58:43,832 [7a34fa35-5459-4f99-8201-9b20cfcc4ca7@group-5AF4A90909DD-FollowerState] INFO  server.RaftServerConfigKeys (ConfUtils.java:logFallback(53)) - raft.server.rpc.first-election.timeout.max = 5200ms (fallback to raft.server.rpc.timeout.max)
2023-09-28 12:58:43,832 [7a34fa35-5459-4f99-8201-9b20cfcc4ca7-groupManagement] INFO  server.RaftServerConfigKeys (ConfUtils.java:logGet(46)) - raft.server.snapshot.auto.trigger.enabled = true (custom)
2023-09-28 12:58:43,833 [7a34fa35-5459-4f99-8201-9b20cfcc4ca7-groupManagement] INFO  server.RaftServerConfigKeys (ConfUtils.java:logGet(46)) - raft.server.snapshot.auto.trigger.threshold = 10000 (custom)
2023-09-28 12:58:43,833 [7a34fa35-5459-4f99-8201-9b20cfcc4ca7-groupManagement] INFO  server.RaftServerConfigKeys (ConfUtils.java:logGet(46)) - raft.server.snapshot.retention.file.num = 5 (custom)
2023-09-28 12:58:43,833 [7a34fa35-5459-4f99-8201-9b20cfcc4ca7-groupManagement] INFO  server.RaftServerConfigKeys (ConfUtils.java:logGet(46)) - raft.server.log.purge.upto.snapshot.index = false (default)
2023-09-28 12:58:43,834 [PipelineCommandHandlerThread-0] INFO  ratis.XceiverServerRatis (XceiverServerRatis.java:addGroup(804)) - Created group PipelineID=9118721c-a818-4803-a2e6-5af4a90909dd
2023-09-28 12:58:43,843 [grpc-default-executor-0] INFO  server.RaftServer (RaftServerProxy.java:addNew(98)) - e56a0381-809f-4844-8654-a0ae17700968: addNew group-5AF4A90909DD:[5e08d1c9-8c08-4060-98f0-ffeffb182171|rpc:10.1.0.34:15138|admin:10.1.0.34:15137|client:10.1.0.34:15136|dataStream:10.1.0.34:15139|priority:0|startupRole:FOLLOWER, e56a0381-809f-4844-8654-a0ae17700968|rpc:10.1.0.34:15129|admin:10.1.0.34:15128|client:10.1.0.34:15127|dataStream:10.1.0.34:15130|priority:0|startupRole:FOLLOWER, 7a34fa35-5459-4f99-8201-9b20cfcc4ca7|rpc:10.1.0.34:15120|admin:10.1.0.34:15119|client:10.1.0.34:15118|dataStream:10.1.0.34:15121|priority:1|startupRole:FOLLOWER] returns group-5AF4A90909DD:java.util.concurrent.CompletableFuture@36415a5e[Not completed]
2023-09-28 12:58:43,843 [e56a0381-809f-4844-8654-a0ae17700968-groupManagement] INFO  server.RaftServer$Division (RaftServerImpl.java:<init>(198)) - e56a0381-809f-4844-8654-a0ae17700968: new RaftServerImpl for group-5AF4A90909DD:[5e08d1c9-8c08-4060-98f0-ffeffb182171|rpc:10.1.0.34:15138|admin:10.1.0.34:15137|client:10.1.0.34:15136|dataStream:10.1.0.34:15139|priority:0|startupRole:FOLLOWER, e56a0381-809f-4844-8654-a0ae17700968|rpc:10.1.0.34:15129|admin:10.1.0.34:15128|client:10.1.0.34:15127|dataStream:10.1.0.34:15130|priority:0|startupRole:FOLLOWER, 7a34fa35-5459-4f99-8201-9b20cfcc4ca7|rpc:10.1.0.34:15120|admin:10.1.0.34:15119|client:10.1.0.34:15118|dataStream:10.1.0.34:15121|priority:1|startupRole:FOLLOWER] with ContainerStateMachine:uninitialized
2023-09-28 12:58:43,844 [e56a0381-809f-4844-8654-a0ae17700968-groupManagement] INFO  server.RaftServerConfigKeys (ConfUtils.java:logGet(46)) - raft.server.rpc.timeout.min = 5s (custom)
2023-09-28 12:58:43,844 [e56a0381-809f-4844-8654-a0ae17700968-groupManagement] INFO  server.RaftServerConfigKeys (ConfUtils.java:logGet(46)) - raft.server.rpc.timeout.max = 5200ms (custom)
2023-09-28 12:58:43,844 [e56a0381-809f-4844-8654-a0ae17700968-groupManagement] INFO  server.RaftServerConfigKeys (ConfUtils.java:logGet(46)) - raft.server.rpc.sleep.time = 25ms (default)
2023-09-28 12:58:43,844 [e56a0381-809f-4844-8654-a0ae17700968-groupManagement] INFO  server.RaftServerConfigKeys (ConfUtils.java:logGet(46)) - raft.server.rpc.slowness.timeout = 300s (custom)
2023-09-28 12:58:43,844 [e56a0381-809f-4844-8654-a0ae17700968-groupManagement] INFO  server.RaftServerConfigKeys (ConfUtils.java:logGet(46)) - raft.server.leaderelection.leader.step-down.wait-time = 10s (default)
2023-09-28 12:58:43,844 [e56a0381-809f-4844-8654-a0ae17700968-groupManagement] INFO  server.RaftServerConfigKeys (ConfUtils.java:logGet(46)) - raft.server.sleep.deviation.threshold = 300ms (default)
2023-09-28 12:58:43,844 [e56a0381-809f-4844-8654-a0ae17700968-groupManagement] INFO  server.RaftServer$Division (ServerState.java:<init>(120)) - e56a0381-809f-4844-8654-a0ae17700968@group-5AF4A90909DD: ConfigurationManager, init=-1: peers:[5e08d1c9-8c08-4060-98f0-ffeffb182171|rpc:10.1.0.34:15138|admin:10.1.0.34:15137|client:10.1.0.34:15136|dataStream:10.1.0.34:15139|priority:0|startupRole:FOLLOWER, e56a0381-809f-4844-8654-a0ae17700968|rpc:10.1.0.34:15129|admin:10.1.0.34:15128|client:10.1.0.34:15127|dataStream:10.1.0.34:15130|priority:0|startupRole:FOLLOWER, 7a34fa35-5459-4f99-8201-9b20cfcc4ca7|rpc:10.1.0.34:15120|admin:10.1.0.34:15119|client:10.1.0.34:15118|dataStream:10.1.0.34:15121|priority:1|startupRole:FOLLOWER]|listeners:[], old=null, confs=<EMPTY_MAP>
2023-09-28 12:58:43,844 [e56a0381-809f-4844-8654-a0ae17700968-groupManagement] INFO  server.RaftServerConfigKeys (ConfUtils.java:logGet(46)) - raft.server.storage.dir = [/home/runner/work/ozone/ozone/hadoop-ozone/integration-test/target/test-dir/MiniOzoneClusterImpl-1f8fe502-6e97-4a32-9c6f-93491b2fe8ad/datanode-1/data/ratis] (custom)
2023-09-28 12:58:43,844 [e56a0381-809f-4844-8654-a0ae17700968-groupManagement] INFO  server.RaftServerConfigKeys (ConfUtils.java:logGet(46)) - raft.server.log.corruption.policy = EXCEPTION (default)
2023-09-28 12:58:43,844 [e56a0381-809f-4844-8654-a0ae17700968-groupManagement] INFO  server.RaftServerConfigKeys (ConfUtils.java:logGet(46)) - raft.server.storage.free-space.min = 0MB (=0) (default)
2023-09-28 12:58:43,844 [e56a0381-809f-4844-8654-a0ae17700968-groupManagement] INFO  server.RaftServerConfigKeys (ConfUtils.java:logGet(46)) - raft.server.notification.no-leader.timeout = 300s (custom)
2023-09-28 12:58:43,844 [e56a0381-809f-4844-8654-a0ae17700968-groupManagement] INFO  server.RaftServerConfigKeys (ConfUtils.java:logGet(46)) - raft.server.read.timeout = 10s (default)
2023-09-28 12:58:43,844 [e56a0381-809f-4844-8654-a0ae17700968-groupManagement] INFO  server.RaftServerConfigKeys (ConfUtils.java:logGet(46)) - raft.server.retrycache.expirytime = 600000ms (custom)
2023-09-28 12:58:43,844 [e56a0381-809f-4844-8654-a0ae17700968-groupManagement] INFO  server.RaftServerConfigKeys (ConfUtils.java:logGet(46)) - raft.server.retrycache.statistics.expirytime = 100μs (default)
2023-09-28 12:58:43,845 [e56a0381-809f-4844-8654-a0ae17700968-groupManagement] INFO  server.RaftServerConfigKeys (ConfUtils.java:logGet(46)) - raft.server.read.option = DEFAULT (default)
2023-09-28 12:58:43,845 [e56a0381-809f-4844-8654-a0ae17700968-groupManagement] INFO  server.RaftServerConfigKeys (ConfUtils.java:logGet(46)) - raft.server.rpc.request.timeout = 60s (custom)
2023-09-28 12:58:43,845 [e56a0381-809f-4844-8654-a0ae17700968-groupManagement] INFO  server.RaftServerConfigKeys (ConfUtils.java:logGet(46)) - raft.server.log.appender.install.snapshot.enabled = false (custom)
2023-09-28 12:58:43,845 [e56a0381-809f-4844-8654-a0ae17700968-groupManagement] INFO  server.RaftServerConfigKeys (ConfUtils.java:logGet(46)) - raft.server.threadpool.server.cached = true (default)
2023-09-28 12:58:43,845 [e56a0381-809f-4844-8654-a0ae17700968-groupManagement] INFO  server.RaftServerConfigKeys (ConfUtils.java:logGet(46)) - raft.server.threadpool.server.size = 0 (default)
2023-09-28 12:58:43,845 [e56a0381-809f-4844-8654-a0ae17700968-groupManagement] INFO  server.RaftServerConfigKeys (ConfUtils.java:logGet(46)) - raft.server.threadpool.client.cached = true (default)
2023-09-28 12:58:43,845 [e56a0381-809f-4844-8654-a0ae17700968-groupManagement] INFO  server.RaftServerConfigKeys (ConfUtils.java:logGet(46)) - raft.server.threadpool.client.size = 0 (default)
2023-09-28 12:58:43,846 [e56a0381-809f-4844-8654-a0ae17700968-groupManagement] INFO  storage.RaftStorageDirectory (RaftStorageDirectoryImpl.java:analyzeStorage(137)) - The storage directory /home/runner/work/ozone/ozone/hadoop-ozone/integration-test/target/test-dir/MiniOzoneClusterImpl-1f8fe502-6e97-4a32-9c6f-93491b2fe8ad/datanode-1/data/ratis/9118721c-a818-4803-a2e6-5af4a90909dd does not exist. Creating ...
2023-09-28 12:58:43,847 [e56a0381-809f-4844-8654-a0ae17700968-groupManagement] INFO  storage.RaftStorageDirectory (RaftStorageDirectoryImpl.java:tryLock(231)) - Lock on /home/runner/work/ozone/ozone/hadoop-ozone/integration-test/target/test-dir/MiniOzoneClusterImpl-1f8fe502-6e97-4a32-9c6f-93491b2fe8ad/datanode-1/data/ratis/9118721c-a818-4803-a2e6-5af4a90909dd/in_use.lock acquired by nodename 7568@fv-az163-431
2023-09-28 12:58:43,848 [e56a0381-809f-4844-8654-a0ae17700968-groupManagement] INFO  storage.RaftStorage (RaftStorageImpl.java:format(96)) - Storage directory /home/runner/work/ozone/ozone/hadoop-ozone/integration-test/target/test-dir/MiniOzoneClusterImpl-1f8fe502-6e97-4a32-9c6f-93491b2fe8ad/datanode-1/data/ratis/9118721c-a818-4803-a2e6-5af4a90909dd has been successfully formatted.
2023-09-28 12:58:43,849 [e56a0381-809f-4844-8654-a0ae17700968-groupManagement] INFO  ratis.ContainerStateMachine (ContainerStateMachine.java:loadSnapshot(262)) - group-5AF4A90909DD: The snapshot info is null. Setting the last applied indexto:(t:0, i:~)
2023-09-28 12:58:43,850 [e56a0381-809f-4844-8654-a0ae17700968-groupManagement] INFO  server.RaftServerConfigKeys (ConfUtils.java:logGet(46)) - raft.server.log.use.memory = false (default)
2023-09-28 12:58:43,850 [e56a0381-809f-4844-8654-a0ae17700968-groupManagement] INFO  server.RaftServerConfigKeys (ConfUtils.java:logGet(46)) - raft.server.log.purge.gap = 1000000 (custom)
2023-09-28 12:58:43,850 [e56a0381-809f-4844-8654-a0ae17700968-groupManagement] INFO  server.RaftServerConfigKeys (ConfUtils.java:logGet(46)) - raft.server.log.appender.buffer.byte-limit = 33554432 (custom)
2023-09-28 12:58:43,850 [e56a0381-809f-4844-8654-a0ae17700968-groupManagement] INFO  server.RaftServerConfigKeys (ConfUtils.java:logGet(46)) - raft.server.log.statemachine.data.read.timeout = 1000ms (default)
2023-09-28 12:58:43,850 [e56a0381-809f-4844-8654-a0ae17700968-groupManagement] INFO  server.RaftServerConfigKeys (ConfUtils.java:logGet(46)) - raft.server.log.purge.preservation.log.num = 0 (default)
2023-09-28 12:58:43,851 [e56a0381-809f-4844-8654-a0ae17700968-groupManagement] INFO  server.RaftServerConfigKeys (ConfUtils.java:logGet(46)) - raft.server.log.segment.size.max = 1048576 (custom)
2023-09-28 12:58:43,851 [e56a0381-809f-4844-8654-a0ae17700968-groupManagement] INFO  server.RaftServerConfigKeys (ConfUtils.java:logGet(46)) - raft.server.log.segment.cache.num.max = 2 (custom)
2023-09-28 12:58:43,851 [e56a0381-809f-4844-8654-a0ae17700968-groupManagement] INFO  server.RaftServerConfigKeys (ConfUtils.java:logGet(46)) - raft.server.log.segment.cache.size.max = 200MB (=209715200) (default)
2023-09-28 12:58:43,851 [e56a0381-809f-4844-8654-a0ae17700968-groupManagement] INFO  server.RaftServerConfigKeys (ConfUtils.java:logGet(46)) - raft.server.log.appender.buffer.byte-limit = 33554432 (custom)
2023-09-28 12:58:43,851 [e56a0381-809f-4844-8654-a0ae17700968-groupManagement] INFO  segmented.SegmentedRaftLogWorker (SegmentedRaftLogWorker.java:<init>(188)) - new e56a0381-809f-4844-8654-a0ae17700968@group-5AF4A90909DD-SegmentedRaftLogWorker for RaftStorageImpl:Storage Directory /home/runner/work/ozone/ozone/hadoop-ozone/integration-test/target/test-dir/MiniOzoneClusterImpl-1f8fe502-6e97-4a32-9c6f-93491b2fe8ad/datanode-1/data/ratis/9118721c-a818-4803-a2e6-5af4a90909dd
2023-09-28 12:58:43,851 [e56a0381-809f-4844-8654-a0ae17700968-groupManagement] INFO  server.RaftServerConfigKeys (ConfUtils.java:logGet(46)) - raft.server.log.queue.byte-limit = 4294967296 (custom)
2023-09-28 12:58:43,851 [e56a0381-809f-4844-8654-a0ae17700968-groupManagement] INFO  server.RaftServerConfigKeys (ConfUtils.java:logGet(46)) - raft.server.log.queue.element-limit = 1024 (custom)
2023-09-28 12:58:43,852 [e56a0381-809f-4844-8654-a0ae17700968-groupManagement] INFO  server.RaftServerConfigKeys (ConfUtils.java:logGet(46)) - raft.server.log.segment.size.max = 1048576 (custom)
2023-09-28 12:58:43,852 [e56a0381-809f-4844-8654-a0ae17700968-groupManagement] INFO  server.RaftServerConfigKeys (ConfUtils.java:logGet(46)) - raft.server.log.preallocated.size = 16384 (custom)
2023-09-28 12:58:43,852 [e56a0381-809f-4844-8654-a0ae17700968-groupManagement] INFO  server.RaftServerConfigKeys (ConfUtils.java:logGet(46)) - raft.server.log.force.sync.num = 128 (default)
2023-09-28 12:58:43,852 [e56a0381-809f-4844-8654-a0ae17700968-groupManagement] INFO  server.RaftServerConfigKeys (ConfUtils.java:logGet(46)) - raft.server.log.statemachine.data.sync = true (default)
2023-09-28 12:58:43,852 [e56a0381-809f-4844-8654-a0ae17700968-groupManagement] INFO  server.RaftServerConfigKeys (ConfUtils.java:logGet(46)) - raft.server.log.statemachine.data.sync.timeout = 10s (default)
2023-09-28 12:58:43,852 [e56a0381-809f-4844-8654-a0ae17700968-groupManagement] INFO  server.RaftServerConfigKeys (ConfUtils.java:logGet(46)) - raft.server.log.statemachine.data.sync.timeout.retry = -1 (default)
2023-09-28 12:58:43,853 [e56a0381-809f-4844-8654-a0ae17700968-groupManagement] INFO  server.RaftServerConfigKeys (ConfUtils.java:logGet(46)) - raft.server.log.write.buffer.size = 1048576 (custom)
2023-09-28 12:58:43,853 [e56a0381-809f-4844-8654-a0ae17700968-groupManagement] INFO  server.RaftServerConfigKeys (ConfUtils.java:logGet(46)) - raft.server.log.appender.buffer.byte-limit = 33554432 (custom)
2023-09-28 12:58:43,858 [e56a0381-809f-4844-8654-a0ae17700968-groupManagement] INFO  server.RaftServerConfigKeys (ConfUtils.java:logGet(46)) - raft.server.log.unsafe-flush.enabled = false (default)
2023-09-28 12:58:43,858 [e56a0381-809f-4844-8654-a0ae17700968-groupManagement] INFO  server.RaftServerConfigKeys (ConfUtils.java:logGet(46)) - raft.server.log.async-flush.enabled = false (default)
2023-09-28 12:58:43,858 [e56a0381-809f-4844-8654-a0ae17700968-groupManagement] INFO  server.RaftServerConfigKeys (ConfUtils.java:logGet(46)) - raft.server.log.statemachine.data.caching.enabled = true (custom)
2023-09-28 12:58:43,859 [e56a0381-809f-4844-8654-a0ae17700968-groupManagement] INFO  segmented.SegmentedRaftLogWorker (SegmentedRaftLogWorker.java:lambda$new$0(135)) - e56a0381-809f-4844-8654-a0ae17700968@group-5AF4A90909DD-SegmentedRaftLogWorker: flushIndex: setUnconditionally 0 -> -1
2023-09-28 12:58:43,859 [e56a0381-809f-4844-8654-a0ae17700968-groupManagement] INFO  segmented.SegmentedRaftLogWorker (SegmentedRaftLogWorker.java:lambda$new$0(135)) - e56a0381-809f-4844-8654-a0ae17700968@group-5AF4A90909DD-SegmentedRaftLogWorker: safeCacheEvictIndex: setUnconditionally 0 -> -1
2023-09-28 12:58:43,859 [e56a0381-809f-4844-8654-a0ae17700968-groupManagement] INFO  server.RaftServer$Division (RaftServerImpl.java:start(342)) - e56a0381-809f-4844-8654-a0ae17700968@group-5AF4A90909DD: start as a follower, conf=-1: peers:[5e08d1c9-8c08-4060-98f0-ffeffb182171|rpc:10.1.0.34:15138|admin:10.1.0.34:15137|client:10.1.0.34:15136|dataStream:10.1.0.34:15139|priority:0|startupRole:FOLLOWER, e56a0381-809f-4844-8654-a0ae17700968|rpc:10.1.0.34:15129|admin:10.1.0.34:15128|client:10.1.0.34:15127|dataStream:10.1.0.34:15130|priority:0|startupRole:FOLLOWER, 7a34fa35-5459-4f99-8201-9b20cfcc4ca7|rpc:10.1.0.34:15120|admin:10.1.0.34:15119|client:10.1.0.34:15118|dataStream:10.1.0.34:15121|priority:1|startupRole:FOLLOWER]|listeners:[], old=null
2023-09-28 12:58:43,859 [e56a0381-809f-4844-8654-a0ae17700968-groupManagement] INFO  server.RaftServer$Division (RaftServerImpl.java:setRole(329)) - e56a0381-809f-4844-8654-a0ae17700968@group-5AF4A90909DD: changes role from      null to FOLLOWER at term 0 for startAsFollower
2023-09-28 12:58:43,859 [e56a0381-809f-4844-8654-a0ae17700968-groupManagement] INFO  impl.RoleInfo (RoleInfo.java:updateAndGet(139)) - e56a0381-809f-4844-8654-a0ae17700968: start e56a0381-809f-4844-8654-a0ae17700968@group-5AF4A90909DD-FollowerState
2023-09-28 12:58:43,861 [e56a0381-809f-4844-8654-a0ae17700968-groupManagement] INFO  util.JmxRegister (JmxRegister.java:tryRegister(44)) - Successfully registered JMX Bean with object name Ratis:service=RaftServer,group=group-5AF4A90909DD,id=e56a0381-809f-4844-8654-a0ae17700968
2023-09-28 12:58:43,861 [e56a0381-809f-4844-8654-a0ae17700968-groupManagement] INFO  server.RaftServerConfigKeys (ConfUtils.java:logGet(46)) - raft.server.snapshot.auto.trigger.enabled = true (custom)
2023-09-28 12:58:43,861 [e56a0381-809f-4844-8654-a0ae17700968-groupManagement] INFO  server.RaftServerConfigKeys (ConfUtils.java:logGet(46)) - raft.server.snapshot.auto.trigger.threshold = 10000 (custom)
2023-09-28 12:58:43,861 [e56a0381-809f-4844-8654-a0ae17700968-groupManagement] INFO  server.RaftServerConfigKeys (ConfUtils.java:logGet(46)) - raft.server.snapshot.retention.file.num = 5 (custom)
2023-09-28 12:58:43,861 [e56a0381-809f-4844-8654-a0ae17700968-groupManagement] INFO  server.RaftServerConfigKeys (ConfUtils.java:logGet(46)) - raft.server.log.purge.upto.snapshot.index = false (default)
2023-09-28 12:58:43,862 [e56a0381-809f-4844-8654-a0ae17700968@group-5AF4A90909DD-FollowerState] INFO  server.RaftServerConfigKeys (ConfUtils.java:logFallback(53)) - raft.server.rpc.first-election.timeout.min = 5s (fallback to raft.server.rpc.timeout.min)
2023-09-28 12:58:43,862 [e56a0381-809f-4844-8654-a0ae17700968@group-5AF4A90909DD-FollowerState] INFO  server.RaftServerConfigKeys (ConfUtils.java:logFallback(53)) - raft.server.rpc.first-election.timeout.max = 5200ms (fallback to raft.server.rpc.timeout.max)
2023-09-28 12:58:43,880 [grpc-default-executor-0] INFO  server.RaftServer (RaftServerProxy.java:addNew(98)) - 5e08d1c9-8c08-4060-98f0-ffeffb182171: addNew group-5AF4A90909DD:[5e08d1c9-8c08-4060-98f0-ffeffb182171|rpc:10.1.0.34:15138|admin:10.1.0.34:15137|client:10.1.0.34:15136|dataStream:10.1.0.34:15139|priority:0|startupRole:FOLLOWER, e56a0381-809f-4844-8654-a0ae17700968|rpc:10.1.0.34:15129|admin:10.1.0.34:15128|client:10.1.0.34:15127|dataStream:10.1.0.34:15130|priority:0|startupRole:FOLLOWER, 7a34fa35-5459-4f99-8201-9b20cfcc4ca7|rpc:10.1.0.34:15120|admin:10.1.0.34:15119|client:10.1.0.34:15118|dataStream:10.1.0.34:15121|priority:1|startupRole:FOLLOWER] returns group-5AF4A90909DD:java.util.concurrent.CompletableFuture@3229ea17[Not completed]
2023-09-28 12:58:43,881 [5e08d1c9-8c08-4060-98f0-ffeffb182171-groupManagement] INFO  server.RaftServer$Division (RaftServerImpl.java:<init>(198)) - 5e08d1c9-8c08-4060-98f0-ffeffb182171: new RaftServerImpl for group-5AF4A90909DD:[5e08d1c9-8c08-4060-98f0-ffeffb182171|rpc:10.1.0.34:15138|admin:10.1.0.34:15137|client:10.1.0.34:15136|dataStream:10.1.0.34:15139|priority:0|startupRole:FOLLOWER, e56a0381-809f-4844-8654-a0ae17700968|rpc:10.1.0.34:15129|admin:10.1.0.34:15128|client:10.1.0.34:15127|dataStream:10.1.0.34:15130|priority:0|startupRole:FOLLOWER, 7a34fa35-5459-4f99-8201-9b20cfcc4ca7|rpc:10.1.0.34:15120|admin:10.1.0.34:15119|client:10.1.0.34:15118|dataStream:10.1.0.34:15121|priority:1|startupRole:FOLLOWER] with ContainerStateMachine:uninitialized
2023-09-28 12:58:43,881 [5e08d1c9-8c08-4060-98f0-ffeffb182171-groupManagement] INFO  server.RaftServerConfigKeys (ConfUtils.java:logGet(46)) - raft.server.rpc.timeout.min = 5s (custom)
2023-09-28 12:58:43,881 [5e08d1c9-8c08-4060-98f0-ffeffb182171-groupManagement] INFO  server.RaftServerConfigKeys (ConfUtils.java:logGet(46)) - raft.server.rpc.timeout.max = 5200ms (custom)
2023-09-28 12:58:43,881 [5e08d1c9-8c08-4060-98f0-ffeffb182171-groupManagement] INFO  server.RaftServerConfigKeys (ConfUtils.java:logGet(46)) - raft.server.rpc.sleep.time = 25ms (default)
2023-09-28 12:58:43,881 [5e08d1c9-8c08-4060-98f0-ffeffb182171-groupManagement] INFO  server.RaftServerConfigKeys (ConfUtils.java:logGet(46)) - raft.server.rpc.slowness.timeout = 300s (custom)
2023-09-28 12:58:43,882 [5e08d1c9-8c08-4060-98f0-ffeffb182171-groupManagement] INFO  server.RaftServerConfigKeys (ConfUtils.java:logGet(46)) - raft.server.leaderelection.leader.step-down.wait-time = 10s (default)
2023-09-28 12:58:43,882 [5e08d1c9-8c08-4060-98f0-ffeffb182171-groupManagement] INFO  server.RaftServerConfigKeys (ConfUtils.java:logGet(46)) - raft.server.sleep.deviation.threshold = 300ms (default)
2023-09-28 12:58:43,882 [5e08d1c9-8c08-4060-98f0-ffeffb182171-groupManagement] INFO  server.RaftServer$Division (ServerState.java:<init>(120)) - 5e08d1c9-8c08-4060-98f0-ffeffb182171@group-5AF4A90909DD: ConfigurationManager, init=-1: peers:[5e08d1c9-8c08-4060-98f0-ffeffb182171|rpc:10.1.0.34:15138|admin:10.1.0.34:15137|client:10.1.0.34:15136|dataStream:10.1.0.34:15139|priority:0|startupRole:FOLLOWER, e56a0381-809f-4844-8654-a0ae17700968|rpc:10.1.0.34:15129|admin:10.1.0.34:15128|client:10.1.0.34:15127|dataStream:10.1.0.34:15130|priority:0|startupRole:FOLLOWER, 7a34fa35-5459-4f99-8201-9b20cfcc4ca7|rpc:10.1.0.34:15120|admin:10.1.0.34:15119|client:10.1.0.34:15118|dataStream:10.1.0.34:15121|priority:1|startupRole:FOLLOWER]|listeners:[], old=null, confs=<EMPTY_MAP>
2023-09-28 12:58:43,882 [5e08d1c9-8c08-4060-98f0-ffeffb182171-groupManagement] INFO  server.RaftServerConfigKeys (ConfUtils.java:logGet(46)) - raft.server.storage.dir = [/home/runner/work/ozone/ozone/hadoop-ozone/integration-test/target/test-dir/MiniOzoneClusterImpl-1f8fe502-6e97-4a32-9c6f-93491b2fe8ad/datanode-2/data/ratis] (custom)
2023-09-28 12:58:43,882 [5e08d1c9-8c08-4060-98f0-ffeffb182171-groupManagement] INFO  server.RaftServerConfigKeys (ConfUtils.java:logGet(46)) - raft.server.log.corruption.policy = EXCEPTION (default)
2023-09-28 12:58:43,882 [5e08d1c9-8c08-4060-98f0-ffeffb182171-groupManagement] INFO  server.RaftServerConfigKeys (ConfUtils.java:logGet(46)) - raft.server.storage.free-space.min = 0MB (=0) (default)
2023-09-28 12:58:43,882 [5e08d1c9-8c08-4060-98f0-ffeffb182171-groupManagement] INFO  server.RaftServerConfigKeys (ConfUtils.java:logGet(46)) - raft.server.notification.no-leader.timeout = 300s (custom)
2023-09-28 12:58:43,882 [5e08d1c9-8c08-4060-98f0-ffeffb182171-groupManagement] INFO  server.RaftServerConfigKeys (ConfUtils.java:logGet(46)) - raft.server.read.timeout = 10s (default)
2023-09-28 12:58:43,882 [5e08d1c9-8c08-4060-98f0-ffeffb182171-groupManagement] INFO  server.RaftServerConfigKeys (ConfUtils.java:logGet(46)) - raft.server.retrycache.expirytime = 600000ms (custom)
2023-09-28 12:58:43,882 [5e08d1c9-8c08-4060-98f0-ffeffb182171-groupManagement] INFO  server.RaftServerConfigKeys (ConfUtils.java:logGet(46)) - raft.server.retrycache.statistics.expirytime = 100μs (default)
2023-09-28 12:58:43,882 [5e08d1c9-8c08-4060-98f0-ffeffb182171-groupManagement] INFO  server.RaftServerConfigKeys (ConfUtils.java:logGet(46)) - raft.server.read.option = DEFAULT (default)
2023-09-28 12:58:43,883 [5e08d1c9-8c08-4060-98f0-ffeffb182171-groupManagement] INFO  server.RaftServerConfigKeys (ConfUtils.java:logGet(46)) - raft.server.rpc.request.timeout = 60s (custom)
2023-09-28 12:58:43,883 [5e08d1c9-8c08-4060-98f0-ffeffb182171-groupManagement] INFO  server.RaftServerConfigKeys (ConfUtils.java:logGet(46)) - raft.server.log.appender.install.snapshot.enabled = false (custom)
2023-09-28 12:58:43,883 [5e08d1c9-8c08-4060-98f0-ffeffb182171-groupManagement] INFO  server.RaftServerConfigKeys (ConfUtils.java:logGet(46)) - raft.server.threadpool.server.cached = true (default)
2023-09-28 12:58:43,883 [5e08d1c9-8c08-4060-98f0-ffeffb182171-groupManagement] INFO  server.RaftServerConfigKeys (ConfUtils.java:logGet(46)) - raft.server.threadpool.server.size = 0 (default)
2023-09-28 12:58:43,883 [5e08d1c9-8c08-4060-98f0-ffeffb182171-groupManagement] INFO  server.RaftServerConfigKeys (ConfUtils.java:logGet(46)) - raft.server.threadpool.client.cached = true (default)
2023-09-28 12:58:43,883 [5e08d1c9-8c08-4060-98f0-ffeffb182171-groupManagement] INFO  server.RaftServerConfigKeys (ConfUtils.java:logGet(46)) - raft.server.threadpool.client.size = 0 (default)
2023-09-28 12:58:43,883 [5e08d1c9-8c08-4060-98f0-ffeffb182171-groupManagement] INFO  storage.RaftStorageDirectory (RaftStorageDirectoryImpl.java:analyzeStorage(137)) - The storage directory /home/runner/work/ozone/ozone/hadoop-ozone/integration-test/target/test-dir/MiniOzoneClusterImpl-1f8fe502-6e97-4a32-9c6f-93491b2fe8ad/datanode-2/data/ratis/9118721c-a818-4803-a2e6-5af4a90909dd does not exist. Creating ...
2023-09-28 12:58:43,885 [5e08d1c9-8c08-4060-98f0-ffeffb182171-groupManagement] INFO  storage.RaftStorageDirectory (RaftStorageDirectoryImpl.java:tryLock(231)) - Lock on /home/runner/work/ozone/ozone/hadoop-ozone/integration-test/target/test-dir/MiniOzoneClusterImpl-1f8fe502-6e97-4a32-9c6f-93491b2fe8ad/datanode-2/data/ratis/9118721c-a818-4803-a2e6-5af4a90909dd/in_use.lock acquired by nodename 7568@fv-az163-431
2023-09-28 12:58:43,886 [5e08d1c9-8c08-4060-98f0-ffeffb182171-groupManagement] INFO  storage.RaftStorage (RaftStorageImpl.java:format(96)) - Storage directory /home/runner/work/ozone/ozone/hadoop-ozone/integration-test/target/test-dir/MiniOzoneClusterImpl-1f8fe502-6e97-4a32-9c6f-93491b2fe8ad/datanode-2/data/ratis/9118721c-a818-4803-a2e6-5af4a90909dd has been successfully formatted.
2023-09-28 12:58:43,887 [5e08d1c9-8c08-4060-98f0-ffeffb182171-groupManagement] INFO  ratis.ContainerStateMachine (ContainerStateMachine.java:loadSnapshot(262)) - group-5AF4A90909DD: The snapshot info is null. Setting the last applied indexto:(t:0, i:~)
2023-09-28 12:58:43,887 [5e08d1c9-8c08-4060-98f0-ffeffb182171-groupManagement] INFO  server.RaftServerConfigKeys (ConfUtils.java:logGet(46)) - raft.server.log.use.memory = false (default)
2023-09-28 12:58:43,887 [5e08d1c9-8c08-4060-98f0-ffeffb182171-groupManagement] INFO  server.RaftServerConfigKeys (ConfUtils.java:logGet(46)) - raft.server.log.purge.gap = 1000000 (custom)
2023-09-28 12:58:43,887 [5e08d1c9-8c08-4060-98f0-ffeffb182171-groupManagement] INFO  server.RaftServerConfigKeys (ConfUtils.java:logGet(46)) - raft.server.log.appender.buffer.byte-limit = 33554432 (custom)
2023-09-28 12:58:43,888 [5e08d1c9-8c08-4060-98f0-ffeffb182171-groupManagement] INFO  server.RaftServerConfigKeys (ConfUtils.java:logGet(46)) - raft.server.log.statemachine.data.read.timeout = 1000ms (default)
2023-09-28 12:58:43,888 [5e08d1c9-8c08-4060-98f0-ffeffb182171-groupManagement] INFO  server.RaftServerConfigKeys (ConfUtils.java:logGet(46)) - raft.server.log.purge.preservation.log.num = 0 (default)
2023-09-28 12:58:43,888 [5e08d1c9-8c08-4060-98f0-ffeffb182171-groupManagement] INFO  server.RaftServerConfigKeys (ConfUtils.java:logGet(46)) - raft.server.log.segment.size.max = 1048576 (custom)
2023-09-28 12:58:43,891 [5e08d1c9-8c08-4060-98f0-ffeffb182171-groupManagement] INFO  server.RaftServerConfigKeys (ConfUtils.java:logGet(46)) - raft.server.log.segment.cache.num.max = 2 (custom)
2023-09-28 12:58:43,891 [5e08d1c9-8c08-4060-98f0-ffeffb182171-groupManagement] INFO  server.RaftServerConfigKeys (ConfUtils.java:logGet(46)) - raft.server.log.segment.cache.size.max = 200MB (=209715200) (default)
2023-09-28 12:58:43,891 [5e08d1c9-8c08-4060-98f0-ffeffb182171-groupManagement] INFO  server.RaftServerConfigKeys (ConfUtils.java:logGet(46)) - raft.server.log.appender.buffer.byte-limit = 33554432 (custom)
2023-09-28 12:58:43,891 [5e08d1c9-8c08-4060-98f0-ffeffb182171-groupManagement] INFO  segmented.SegmentedRaftLogWorker (SegmentedRaftLogWorker.java:<init>(188)) - new 5e08d1c9-8c08-4060-98f0-ffeffb182171@group-5AF4A90909DD-SegmentedRaftLogWorker for RaftStorageImpl:Storage Directory /home/runner/work/ozone/ozone/hadoop-ozone/integration-test/target/test-dir/MiniOzoneClusterImpl-1f8fe502-6e97-4a32-9c6f-93491b2fe8ad/datanode-2/data/ratis/9118721c-a818-4803-a2e6-5af4a90909dd
2023-09-28 12:58:43,891 [5e08d1c9-8c08-4060-98f0-ffeffb182171-groupManagement] INFO  server.RaftServerConfigKeys (ConfUtils.java:logGet(46)) - raft.server.log.queue.byte-limit = 4294967296 (custom)
2023-09-28 12:58:43,891 [5e08d1c9-8c08-4060-98f0-ffeffb182171-groupManagement] INFO  server.RaftServerConfigKeys (ConfUtils.java:logGet(46)) - raft.server.log.queue.element-limit = 1024 (custom)
2023-09-28 12:58:43,891 [5e08d1c9-8c08-4060-98f0-ffeffb182171-groupManagement] INFO  server.RaftServerConfigKeys (ConfUtils.java:logGet(46)) - raft.server.log.segment.size.max = 1048576 (custom)
2023-09-28 12:58:43,891 [5e08d1c9-8c08-4060-98f0-ffeffb182171-groupManagement] INFO  server.RaftServerConfigKeys (ConfUtils.java:logGet(46)) - raft.server.log.preallocated.size = 16384 (custom)
2023-09-28 12:58:43,891 [5e08d1c9-8c08-4060-98f0-ffeffb182171-groupManagement] INFO  server.RaftServerConfigKeys (ConfUtils.java:logGet(46)) - raft.server.log.force.sync.num = 128 (default)
2023-09-28 12:58:43,891 [5e08d1c9-8c08-4060-98f0-ffeffb182171-groupManagement] INFO  server.RaftServerConfigKeys (ConfUtils.java:logGet(46)) - raft.server.log.statemachine.data.sync = true (default)
2023-09-28 12:58:43,891 [5e08d1c9-8c08-4060-98f0-ffeffb182171-groupManagement] INFO  server.RaftServerConfigKeys (ConfUtils.java:logGet(46)) - raft.server.log.statemachine.data.sync.timeout = 10s (default)
2023-09-28 12:58:43,891 [5e08d1c9-8c08-4060-98f0-ffeffb182171-groupManagement] INFO  server.RaftServerConfigKeys (ConfUtils.java:logGet(46)) - raft.server.log.statemachine.data.sync.timeout.retry = -1 (default)
2023-09-28 12:58:43,892 [5e08d1c9-8c08-4060-98f0-ffeffb182171-groupManagement] INFO  server.RaftServerConfigKeys (ConfUtils.java:logGet(46)) - raft.server.log.write.buffer.size = 1048576 (custom)
2023-09-28 12:58:43,893 [5e08d1c9-8c08-4060-98f0-ffeffb182171-groupManagement] INFO  server.RaftServerConfigKeys (ConfUtils.java:logGet(46)) - raft.server.log.appender.buffer.byte-limit = 33554432 (custom)
2023-09-28 12:58:43,898 [5e08d1c9-8c08-4060-98f0-ffeffb182171-groupManagement] INFO  server.RaftServerConfigKeys (ConfUtils.java:logGet(46)) - raft.server.log.unsafe-flush.enabled = false (default)
2023-09-28 12:58:43,898 [5e08d1c9-8c08-4060-98f0-ffeffb182171-groupManagement] INFO  server.RaftServerConfigKeys (ConfUtils.java:logGet(46)) - raft.server.log.async-flush.enabled = false (default)
2023-09-28 12:58:43,898 [5e08d1c9-8c08-4060-98f0-ffeffb182171-groupManagement] INFO  server.RaftServerConfigKeys (ConfUtils.java:logGet(46)) - raft.server.log.statemachine.data.caching.enabled = true (custom)
2023-09-28 12:58:43,899 [5e08d1c9-8c08-4060-98f0-ffeffb182171-groupManagement] INFO  segmented.SegmentedRaftLogWorker (SegmentedRaftLogWorker.java:lambda$new$0(135)) - 5e08d1c9-8c08-4060-98f0-ffeffb182171@group-5AF4A90909DD-SegmentedRaftLogWorker: flushIndex: setUnconditionally 0 -> -1
2023-09-28 12:58:43,899 [5e08d1c9-8c08-4060-98f0-ffeffb182171-groupManagement] INFO  segmented.SegmentedRaftLogWorker (SegmentedRaftLogWorker.java:lambda$new$0(135)) - 5e08d1c9-8c08-4060-98f0-ffeffb182171@group-5AF4A90909DD-SegmentedRaftLogWorker: safeCacheEvictIndex: setUnconditionally 0 -> -1
2023-09-28 12:58:43,899 [5e08d1c9-8c08-4060-98f0-ffeffb182171-groupManagement] INFO  server.RaftServer$Division (RaftServerImpl.java:start(342)) - 5e08d1c9-8c08-4060-98f0-ffeffb182171@group-5AF4A90909DD: start as a follower, conf=-1: peers:[5e08d1c9-8c08-4060-98f0-ffeffb182171|rpc:10.1.0.34:15138|admin:10.1.0.34:15137|client:10.1.0.34:15136|dataStream:10.1.0.34:15139|priority:0|startupRole:FOLLOWER, e56a0381-809f-4844-8654-a0ae17700968|rpc:10.1.0.34:15129|admin:10.1.0.34:15128|client:10.1.0.34:15127|dataStream:10.1.0.34:15130|priority:0|startupRole:FOLLOWER, 7a34fa35-5459-4f99-8201-9b20cfcc4ca7|rpc:10.1.0.34:15120|admin:10.1.0.34:15119|client:10.1.0.34:15118|dataStream:10.1.0.34:15121|priority:1|startupRole:FOLLOWER]|listeners:[], old=null
2023-09-28 12:58:43,899 [5e08d1c9-8c08-4060-98f0-ffeffb182171-groupManagement] INFO  server.RaftServer$Division (RaftServerImpl.java:setRole(329)) - 5e08d1c9-8c08-4060-98f0-ffeffb182171@group-5AF4A90909DD: changes role from      null to FOLLOWER at term 0 for startAsFollower
2023-09-28 12:58:43,899 [5e08d1c9-8c08-4060-98f0-ffeffb182171-groupManagement] INFO  impl.RoleInfo (RoleInfo.java:updateAndGet(139)) - 5e08d1c9-8c08-4060-98f0-ffeffb182171: start 5e08d1c9-8c08-4060-98f0-ffeffb182171@group-5AF4A90909DD-FollowerState
2023-09-28 12:58:43,901 [5e08d1c9-8c08-4060-98f0-ffeffb182171-groupManagement] INFO  util.JmxRegister (JmxRegister.java:tryRegister(44)) - Successfully registered JMX Bean with object name Ratis:service=RaftServer,group=group-5AF4A90909DD,id=5e08d1c9-8c08-4060-98f0-ffeffb182171
2023-09-28 12:58:43,901 [5e08d1c9-8c08-4060-98f0-ffeffb182171-groupManagement] INFO  server.RaftServerConfigKeys (ConfUtils.java:logGet(46)) - raft.server.snapshot.auto.trigger.enabled = true (custom)
2023-09-28 12:58:43,901 [5e08d1c9-8c08-4060-98f0-ffeffb182171-groupManagement] INFO  server.RaftServerConfigKeys (ConfUtils.java:logGet(46)) - raft.server.snapshot.auto.trigger.threshold = 10000 (custom)
2023-09-28 12:58:43,901 [5e08d1c9-8c08-4060-98f0-ffeffb182171-groupManagement] INFO  server.RaftServerConfigKeys (ConfUtils.java:logGet(46)) - raft.server.snapshot.retention.file.num = 5 (custom)
2023-09-28 12:58:43,901 [5e08d1c9-8c08-4060-98f0-ffeffb182171-groupManagement] INFO  server.RaftServerConfigKeys (ConfUtils.java:logGet(46)) - raft.server.log.purge.upto.snapshot.index = false (default)
2023-09-28 12:58:43,901 [5e08d1c9-8c08-4060-98f0-ffeffb182171@group-5AF4A90909DD-FollowerState] INFO  server.RaftServerConfigKeys (ConfUtils.java:logFallback(53)) - raft.server.rpc.first-election.timeout.min = 5s (fallback to raft.server.rpc.timeout.min)
2023-09-28 12:58:43,901 [5e08d1c9-8c08-4060-98f0-ffeffb182171@group-5AF4A90909DD-FollowerState] INFO  server.RaftServerConfigKeys (ConfUtils.java:logFallback(53)) - raft.server.rpc.first-election.timeout.max = 5200ms (fallback to raft.server.rpc.timeout.max)
2023-09-28 12:58:43,912 [PipelineCommandHandlerThread-0] INFO  commandhandler.CreatePipelineCommandHandler (CreatePipelineCommandHandler.java:lambda$handle$2(124)) - Created Pipeline RATIS THREE PipelineID=9118721c-a818-4803-a2e6-5af4a90909dd.
2023-09-28 12:58:43,997 [PipelineCommandHandlerThread-0] INFO  server.RaftServer (RaftServerProxy.java:addNew(98)) - e56a0381-809f-4844-8654-a0ae17700968: addNew group-5F28C6FE5099:[e56a0381-809f-4844-8654-a0ae17700968|rpc:10.1.0.34:15129|admin:10.1.0.34:15128|client:10.1.0.34:15127|dataStream:10.1.0.34:15130|priority:1|startupRole:FOLLOWER] returns group-5F28C6FE5099:java.util.concurrent.CompletableFuture@73b567bc[Not completed]
2023-09-28 12:58:43,998 [e56a0381-809f-4844-8654-a0ae17700968-groupManagement] INFO  server.RaftServer$Division (RaftServerImpl.java:<init>(198)) - e56a0381-809f-4844-8654-a0ae17700968: new RaftServerImpl for group-5F28C6FE5099:[e56a0381-809f-4844-8654-a0ae17700968|rpc:10.1.0.34:15129|admin:10.1.0.34:15128|client:10.1.0.34:15127|dataStream:10.1.0.34:15130|priority:1|startupRole:FOLLOWER] with ContainerStateMachine:uninitialized
2023-09-28 12:58:43,998 [e56a0381-809f-4844-8654-a0ae17700968-groupManagement] INFO  server.RaftServerConfigKeys (ConfUtils.java:logGet(46)) - raft.server.rpc.timeout.min = 5s (custom)
2023-09-28 12:58:43,998 [e56a0381-809f-4844-8654-a0ae17700968-groupManagement] INFO  server.RaftServerConfigKeys (ConfUtils.java:logGet(46)) - raft.server.rpc.timeout.max = 5200ms (custom)
2023-09-28 12:58:43,998 [e56a0381-809f-4844-8654-a0ae17700968-groupManagement] INFO  server.RaftServerConfigKeys (ConfUtils.java:logGet(46)) - raft.server.rpc.sleep.time = 25ms (default)
2023-09-28 12:58:43,998 [e56a0381-809f-4844-8654-a0ae17700968-groupManagement] INFO  server.RaftServerConfigKeys (ConfUtils.java:logGet(46)) - raft.server.rpc.slowness.timeout = 300s (custom)
2023-09-28 12:58:43,998 [e56a0381-809f-4844-8654-a0ae17700968-groupManagement] INFO  server.RaftServerConfigKeys (ConfUtils.java:logGet(46)) - raft.server.leaderelection.leader.step-down.wait-time = 10s (default)
2023-09-28 12:58:43,998 [e56a0381-809f-4844-8654-a0ae17700968-groupManagement] INFO  server.RaftServerConfigKeys (ConfUtils.java:logGet(46)) - raft.server.sleep.deviation.threshold = 300ms (default)
2023-09-28 12:58:43,998 [e56a0381-809f-4844-8654-a0ae17700968-groupManagement] INFO  server.RaftServer$Division (ServerState.java:<init>(120)) - e56a0381-809f-4844-8654-a0ae17700968@group-5F28C6FE5099: ConfigurationManager, init=-1: peers:[e56a0381-809f-4844-8654-a0ae17700968|rpc:10.1.0.34:15129|admin:10.1.0.34:15128|client:10.1.0.34:15127|dataStream:10.1.0.34:15130|priority:1|startupRole:FOLLOWER]|listeners:[], old=null, confs=<EMPTY_MAP>
2023-09-28 12:58:43,998 [e56a0381-809f-4844-8654-a0ae17700968-groupManagement] INFO  server.RaftServerConfigKeys (ConfUtils.java:logGet(46)) - raft.server.storage.dir = [/home/runner/work/ozone/ozone/hadoop-ozone/integration-test/target/test-dir/MiniOzoneClusterImpl-1f8fe502-6e97-4a32-9c6f-93491b2fe8ad/datanode-1/data/ratis] (custom)
2023-09-28 12:58:43,998 [e56a0381-809f-4844-8654-a0ae17700968-groupManagement] INFO  server.RaftServerConfigKeys (ConfUtils.java:logGet(46)) - raft.server.log.corruption.policy = EXCEPTION (default)
2023-09-28 12:58:43,998 [e56a0381-809f-4844-8654-a0ae17700968-groupManagement] INFO  server.RaftServerConfigKeys (ConfUtils.java:logGet(46)) - raft.server.storage.free-space.min = 0MB (=0) (default)
2023-09-28 12:58:43,998 [e56a0381-809f-4844-8654-a0ae17700968-groupManagement] INFO  server.RaftServerConfigKeys (ConfUtils.java:logGet(46)) - raft.server.notification.no-leader.timeout = 300s (custom)
2023-09-28 12:58:43,998 [e56a0381-809f-4844-8654-a0ae17700968-groupManagement] INFO  server.RaftServerConfigKeys (ConfUtils.java:logGet(46)) - raft.server.read.timeout = 10s (default)
2023-09-28 12:58:43,998 [e56a0381-809f-4844-8654-a0ae17700968-groupManagement] INFO  server.RaftServerConfigKeys (ConfUtils.java:logGet(46)) - raft.server.retrycache.expirytime = 600000ms (custom)
2023-09-28 12:58:43,999 [e56a0381-809f-4844-8654-a0ae17700968-groupManagement] INFO  server.RaftServerConfigKeys (ConfUtils.java:logGet(46)) - raft.server.retrycache.statistics.expirytime = 100μs (default)
2023-09-28 12:58:43,999 [e56a0381-809f-4844-8654-a0ae17700968-groupManagement] INFO  server.RaftServerConfigKeys (ConfUtils.java:logGet(46)) - raft.server.read.option = DEFAULT (default)
2023-09-28 12:58:44,000 [e56a0381-809f-4844-8654-a0ae17700968-groupManagement] INFO  server.RaftServerConfigKeys (ConfUtils.java:logGet(46)) - raft.server.rpc.request.timeout = 60s (custom)
2023-09-28 12:58:44,000 [e56a0381-809f-4844-8654-a0ae17700968-groupManagement] INFO  server.RaftServerConfigKeys (ConfUtils.java:logGet(46)) - raft.server.log.appender.install.snapshot.enabled = false (custom)
2023-09-28 12:58:44,000 [e56a0381-809f-4844-8654-a0ae17700968-groupManagement] INFO  server.RaftServerConfigKeys (ConfUtils.java:logGet(46)) - raft.server.threadpool.server.cached = true (default)
2023-09-28 12:58:44,000 [e56a0381-809f-4844-8654-a0ae17700968-groupManagement] INFO  server.RaftServerConfigKeys (ConfUtils.java:logGet(46)) - raft.server.threadpool.server.size = 0 (default)
2023-09-28 12:58:44,000 [e56a0381-809f-4844-8654-a0ae17700968-groupManagement] INFO  server.RaftServerConfigKeys (ConfUtils.java:logGet(46)) - raft.server.threadpool.client.cached = true (default)
2023-09-28 12:58:44,000 [e56a0381-809f-4844-8654-a0ae17700968-groupManagement] INFO  server.RaftServerConfigKeys (ConfUtils.java:logGet(46)) - raft.server.threadpool.client.size = 0 (default)
2023-09-28 12:58:44,000 [e56a0381-809f-4844-8654-a0ae17700968-groupManagement] INFO  storage.RaftStorageDirectory (RaftStorageDirectoryImpl.java:analyzeStorage(137)) - The storage directory /home/runner/work/ozone/ozone/hadoop-ozone/integration-test/target/test-dir/MiniOzoneClusterImpl-1f8fe502-6e97-4a32-9c6f-93491b2fe8ad/datanode-1/data/ratis/bd6301f8-8ba6-43b6-8fab-5f28c6fe5099 does not exist. Creating ...
2023-09-28 12:58:44,001 [e56a0381-809f-4844-8654-a0ae17700968-groupManagement] INFO  storage.RaftStorageDirectory (RaftStorageDirectoryImpl.java:tryLock(231)) - Lock on /home/runner/work/ozone/ozone/hadoop-ozone/integration-test/target/test-dir/MiniOzoneClusterImpl-1f8fe502-6e97-4a32-9c6f-93491b2fe8ad/datanode-1/data/ratis/bd6301f8-8ba6-43b6-8fab-5f28c6fe5099/in_use.lock acquired by nodename 7568@fv-az163-431
2023-09-28 12:58:44,003 [e56a0381-809f-4844-8654-a0ae17700968-groupManagement] INFO  storage.RaftStorage (RaftStorageImpl.java:format(96)) - Storage directory /home/runner/work/ozone/ozone/hadoop-ozone/integration-test/target/test-dir/MiniOzoneClusterImpl-1f8fe502-6e97-4a32-9c6f-93491b2fe8ad/datanode-1/data/ratis/bd6301f8-8ba6-43b6-8fab-5f28c6fe5099 has been successfully formatted.
2023-09-28 12:58:44,004 [e56a0381-809f-4844-8654-a0ae17700968-groupManagement] INFO  ratis.ContainerStateMachine (ContainerStateMachine.java:loadSnapshot(262)) - group-5F28C6FE5099: The snapshot info is null. Setting the last applied indexto:(t:0, i:~)
2023-09-28 12:58:44,004 [e56a0381-809f-4844-8654-a0ae17700968-groupManagement] INFO  server.RaftServerConfigKeys (ConfUtils.java:logGet(46)) - raft.server.log.use.memory = false (default)
2023-09-28 12:58:44,004 [e56a0381-809f-4844-8654-a0ae17700968-groupManagement] INFO  server.RaftServerConfigKeys (ConfUtils.java:logGet(46)) - raft.server.log.purge.gap = 1000000 (custom)
2023-09-28 12:58:44,004 [e56a0381-809f-4844-8654-a0ae17700968-groupManagement] INFO  server.RaftServerConfigKeys (ConfUtils.java:logGet(46)) - raft.server.log.appender.buffer.byte-limit = 33554432 (custom)
2023-09-28 12:58:44,004 [e56a0381-809f-4844-8654-a0ae17700968-groupManagement] INFO  server.RaftServerConfigKeys (ConfUtils.java:logGet(46)) - raft.server.log.statemachine.data.read.timeout = 1000ms (default)
2023-09-28 12:58:44,004 [e56a0381-809f-4844-8654-a0ae17700968-groupManagement] INFO  server.RaftServerConfigKeys (ConfUtils.java:logGet(46)) - raft.server.log.purge.preservation.log.num = 0 (default)
2023-09-28 12:58:44,005 [e56a0381-809f-4844-8654-a0ae17700968-groupManagement] INFO  server.RaftServerConfigKeys (ConfUtils.java:logGet(46)) - raft.server.log.segment.size.max = 1048576 (custom)
2023-09-28 12:58:44,005 [EventQueue-PipelineReportForPipelineReportHandler] INFO  pipeline.PipelineReportHandler (PipelineReportHandler.java:processPipelineReport(136)) - Opened pipeline PipelineID=bd6301f8-8ba6-43b6-8fab-5f28c6fe5099
2023-09-28 12:58:44,005 [EventQueue-OpenPipelineForHealthyPipelineSafeModeRule] INFO  safemode.SCMSafeModeManager (HealthyPipelineSafeModeRule.java:process(137)) - SCM in safe mode. Healthy pipelines reported count is 0, required healthy pipeline reported count is 1
2023-09-28 12:58:44,005 [e56a0381-809f-4844-8654-a0ae17700968-groupManagement] INFO  server.RaftServerConfigKeys (ConfUtils.java:logGet(46)) - raft.server.log.segment.cache.num.max = 2 (custom)
2023-09-28 12:58:44,005 [e56a0381-809f-4844-8654-a0ae17700968-groupManagement] INFO  server.RaftServerConfigKeys (ConfUtils.java:logGet(46)) - raft.server.log.segment.cache.size.max = 200MB (=209715200) (default)
2023-09-28 12:58:44,005 [e56a0381-809f-4844-8654-a0ae17700968-groupManagement] INFO  server.RaftServerConfigKeys (ConfUtils.java:logGet(46)) - raft.server.log.appender.buffer.byte-limit = 33554432 (custom)
2023-09-28 12:58:44,005 [e56a0381-809f-4844-8654-a0ae17700968-groupManagement] INFO  segmented.SegmentedRaftLogWorker (SegmentedRaftLogWorker.java:<init>(188)) - new e56a0381-809f-4844-8654-a0ae17700968@group-5F28C6FE5099-SegmentedRaftLogWorker for RaftStorageImpl:Storage Directory /home/runner/work/ozone/ozone/hadoop-ozone/integration-test/target/test-dir/MiniOzoneClusterImpl-1f8fe502-6e97-4a32-9c6f-93491b2fe8ad/datanode-1/data/ratis/bd6301f8-8ba6-43b6-8fab-5f28c6fe5099
2023-09-28 12:58:44,005 [e56a0381-809f-4844-8654-a0ae17700968-groupManagement] INFO  server.RaftServerConfigKeys (ConfUtils.java:logGet(46)) - raft.server.log.queue.byte-limit = 4294967296 (custom)
2023-09-28 12:58:44,005 [e56a0381-809f-4844-8654-a0ae17700968-groupManagement] INFO  server.RaftServerConfigKeys (ConfUtils.java:logGet(46)) - raft.server.log.queue.element-limit = 1024 (custom)
2023-09-28 12:58:44,005 [e56a0381-809f-4844-8654-a0ae17700968-groupManagement] INFO  server.RaftServerConfigKeys (ConfUtils.java:logGet(46)) - raft.server.log.segment.size.max = 1048576 (custom)
2023-09-28 12:58:44,005 [e56a0381-809f-4844-8654-a0ae17700968-groupManagement] INFO  server.RaftServerConfigKeys (ConfUtils.java:logGet(46)) - raft.server.log.preallocated.size = 16384 (custom)
2023-09-28 12:58:44,006 [e56a0381-809f-4844-8654-a0ae17700968-groupManagement] INFO  server.RaftServerConfigKeys (ConfUtils.java:logGet(46)) - raft.server.log.force.sync.num = 128 (default)
2023-09-28 12:58:44,006 [e56a0381-809f-4844-8654-a0ae17700968-groupManagement] INFO  server.RaftServerConfigKeys (ConfUtils.java:logGet(46)) - raft.server.log.statemachine.data.sync = true (default)
2023-09-28 12:58:44,006 [e56a0381-809f-4844-8654-a0ae17700968-groupManagement] INFO  server.RaftServerConfigKeys (ConfUtils.java:logGet(46)) - raft.server.log.statemachine.data.sync.timeout = 10s (default)
2023-09-28 12:58:44,006 [e56a0381-809f-4844-8654-a0ae17700968-groupManagement] INFO  server.RaftServerConfigKeys (ConfUtils.java:logGet(46)) - raft.server.log.statemachine.data.sync.timeout.retry = -1 (default)
2023-09-28 12:58:44,006 [e56a0381-809f-4844-8654-a0ae17700968-groupManagement] INFO  server.RaftServerConfigKeys (ConfUtils.java:logGet(46)) - raft.server.log.write.buffer.size = 1048576 (custom)
2023-09-28 12:58:44,007 [e56a0381-809f-4844-8654-a0ae17700968-groupManagement] INFO  server.RaftServerConfigKeys (ConfUtils.java:logGet(46)) - raft.server.log.appender.buffer.byte-limit = 33554432 (custom)
2023-09-28 12:58:44,013 [e56a0381-809f-4844-8654-a0ae17700968-groupManagement] INFO  server.RaftServerConfigKeys (ConfUtils.java:logGet(46)) - raft.server.log.unsafe-flush.enabled = false (default)
2023-09-28 12:58:44,013 [e56a0381-809f-4844-8654-a0ae17700968-groupManagement] INFO  server.RaftServerConfigKeys (ConfUtils.java:logGet(46)) - raft.server.log.async-flush.enabled = false (default)
2023-09-28 12:58:44,013 [e56a0381-809f-4844-8654-a0ae17700968-groupManagement] INFO  server.RaftServerConfigKeys (ConfUtils.java:logGet(46)) - raft.server.log.statemachine.data.caching.enabled = true (custom)
2023-09-28 12:58:44,014 [e56a0381-809f-4844-8654-a0ae17700968-groupManagement] INFO  segmented.SegmentedRaftLogWorker (SegmentedRaftLogWorker.java:lambda$new$0(135)) - e56a0381-809f-4844-8654-a0ae17700968@group-5F28C6FE5099-SegmentedRaftLogWorker: flushIndex: setUnconditionally 0 -> -1
2023-09-28 12:58:44,014 [e56a0381-809f-4844-8654-a0ae17700968-groupManagement] INFO  segmented.SegmentedRaftLogWorker (SegmentedRaftLogWorker.java:lambda$new$0(135)) - e56a0381-809f-4844-8654-a0ae17700968@group-5F28C6FE5099-SegmentedRaftLogWorker: safeCacheEvictIndex: setUnconditionally 0 -> -1
2023-09-28 12:58:44,014 [e56a0381-809f-4844-8654-a0ae17700968-groupManagement] INFO  server.RaftServer$Division (RaftServerImpl.java:start(342)) - e56a0381-809f-4844-8654-a0ae17700968@group-5F28C6FE5099: start as a follower, conf=-1: peers:[e56a0381-809f-4844-8654-a0ae17700968|rpc:10.1.0.34:15129|admin:10.1.0.34:15128|client:10.1.0.34:15127|dataStream:10.1.0.34:15130|priority:1|startupRole:FOLLOWER]|listeners:[], old=null
2023-09-28 12:58:44,014 [e56a0381-809f-4844-8654-a0ae17700968-groupManagement] INFO  server.RaftServer$Division (RaftServerImpl.java:setRole(329)) - e56a0381-809f-4844-8654-a0ae17700968@group-5F28C6FE5099: changes role from      null to FOLLOWER at term 0 for startAsFollower
2023-09-28 12:58:44,014 [e56a0381-809f-4844-8654-a0ae17700968-groupManagement] INFO  impl.RoleInfo (RoleInfo.java:updateAndGet(139)) - e56a0381-809f-4844-8654-a0ae17700968: start e56a0381-809f-4844-8654-a0ae17700968@group-5F28C6FE5099-FollowerState
2023-09-28 12:58:44,019 [e56a0381-809f-4844-8654-a0ae17700968@group-5F28C6FE5099-FollowerState] INFO  server.RaftServerConfigKeys (ConfUtils.java:logFallback(53)) - raft.server.rpc.first-election.timeout.min = 5s (fallback to raft.server.rpc.timeout.min)
2023-09-28 12:58:44,019 [e56a0381-809f-4844-8654-a0ae17700968-groupManagement] INFO  util.JmxRegister (JmxRegister.java:tryRegister(44)) - Successfully registered JMX Bean with object name Ratis:service=RaftServer,group=group-5F28C6FE5099,id=e56a0381-809f-4844-8654-a0ae17700968
2023-09-28 12:58:44,019 [e56a0381-809f-4844-8654-a0ae17700968@group-5F28C6FE5099-FollowerState] INFO  server.RaftServerConfigKeys (ConfUtils.java:logFallback(53)) - raft.server.rpc.first-election.timeout.max = 5200ms (fallback to raft.server.rpc.timeout.max)
2023-09-28 12:58:44,019 [e56a0381-809f-4844-8654-a0ae17700968-groupManagement] INFO  server.RaftServerConfigKeys (ConfUtils.java:logGet(46)) - raft.server.snapshot.auto.trigger.enabled = true (custom)
2023-09-28 12:58:44,019 [e56a0381-809f-4844-8654-a0ae17700968-groupManagement] INFO  server.RaftServerConfigKeys (ConfUtils.java:logGet(46)) - raft.server.snapshot.auto.trigger.threshold = 10000 (custom)
2023-09-28 12:58:44,019 [e56a0381-809f-4844-8654-a0ae17700968-groupManagement] INFO  server.RaftServerConfigKeys (ConfUtils.java:logGet(46)) - raft.server.snapshot.retention.file.num = 5 (custom)
2023-09-28 12:58:44,019 [e56a0381-809f-4844-8654-a0ae17700968-groupManagement] INFO  server.RaftServerConfigKeys (ConfUtils.java:logGet(46)) - raft.server.log.purge.upto.snapshot.index = false (default)
2023-09-28 12:58:44,020 [PipelineCommandHandlerThread-0] INFO  ratis.XceiverServerRatis (XceiverServerRatis.java:addGroup(804)) - Created group PipelineID=bd6301f8-8ba6-43b6-8fab-5f28c6fe5099
2023-09-28 12:58:44,020 [PipelineCommandHandlerThread-0] INFO  commandhandler.CreatePipelineCommandHandler (CreatePipelineCommandHandler.java:lambda$handle$2(124)) - Created Pipeline RATIS ONE PipelineID=bd6301f8-8ba6-43b6-8fab-5f28c6fe5099.
2023-09-28 12:58:44,064 [main] INFO  ozone.MiniOzoneClusterImpl (MiniOzoneClusterImpl.java:lambda$waitForClusterToBeReady$0(229)) - Nodes are ready. Got 5 of 5 DN Heartbeats.
2023-09-28 12:58:44,065 [main] INFO  ozone.MiniOzoneClusterImpl (MiniOzoneClusterImpl.java:lambda$waitForClusterToBeReady$0(232)) - Waiting for cluster to exit safe mode
2023-09-28 12:58:44,065 [main] INFO  ozone.MiniOzoneClusterImpl (MiniOzoneClusterImpl.java:lambda$waitForClusterToBeReady$0(234)) - SCM became leader
2023-09-28 12:58:44,341 [PipelineCommandHandlerThread-0] INFO  server.RaftServer (RaftServerProxy.java:addNew(98)) - 5e08d1c9-8c08-4060-98f0-ffeffb182171: addNew group-14816746C428:[5e08d1c9-8c08-4060-98f0-ffeffb182171|rpc:10.1.0.34:15138|admin:10.1.0.34:15137|client:10.1.0.34:15136|dataStream:10.1.0.34:15139|priority:1|startupRole:FOLLOWER] returns group-14816746C428:java.util.concurrent.CompletableFuture@5073b569[Not completed]
2023-09-28 12:58:44,342 [5e08d1c9-8c08-4060-98f0-ffeffb182171-groupManagement] INFO  server.RaftServer$Division (RaftServerImpl.java:<init>(198)) - 5e08d1c9-8c08-4060-98f0-ffeffb182171: new RaftServerImpl for group-14816746C428:[5e08d1c9-8c08-4060-98f0-ffeffb182171|rpc:10.1.0.34:15138|admin:10.1.0.34:15137|client:10.1.0.34:15136|dataStream:10.1.0.34:15139|priority:1|startupRole:FOLLOWER] with ContainerStateMachine:uninitialized
2023-09-28 12:58:44,342 [5e08d1c9-8c08-4060-98f0-ffeffb182171-groupManagement] INFO  server.RaftServerConfigKeys (ConfUtils.java:logGet(46)) - raft.server.rpc.timeout.min = 5s (custom)
2023-09-28 12:58:44,342 [5e08d1c9-8c08-4060-98f0-ffeffb182171-groupManagement] INFO  server.RaftServerConfigKeys (ConfUtils.java:logGet(46)) - raft.server.rpc.timeout.max = 5200ms (custom)
2023-09-28 12:58:44,342 [5e08d1c9-8c08-4060-98f0-ffeffb182171-groupManagement] INFO  server.RaftServerConfigKeys (ConfUtils.java:logGet(46)) - raft.server.rpc.sleep.time = 25ms (default)
2023-09-28 12:58:44,342 [5e08d1c9-8c08-4060-98f0-ffeffb182171-groupManagement] INFO  server.RaftServerConfigKeys (ConfUtils.java:logGet(46)) - raft.server.rpc.slowness.timeout = 300s (custom)
2023-09-28 12:58:44,342 [5e08d1c9-8c08-4060-98f0-ffeffb182171-groupManagement] INFO  server.RaftServerConfigKeys (ConfUtils.java:logGet(46)) - raft.server.leaderelection.leader.step-down.wait-time = 10s (default)
2023-09-28 12:58:44,342 [5e08d1c9-8c08-4060-98f0-ffeffb182171-groupManagement] INFO  server.RaftServerConfigKeys (ConfUtils.java:logGet(46)) - raft.server.sleep.deviation.threshold = 300ms (default)
2023-09-28 12:58:44,343 [5e08d1c9-8c08-4060-98f0-ffeffb182171-groupManagement] INFO  server.RaftServer$Division (ServerState.java:<init>(120)) - 5e08d1c9-8c08-4060-98f0-ffeffb182171@group-14816746C428: ConfigurationManager, init=-1: peers:[5e08d1c9-8c08-4060-98f0-ffeffb182171|rpc:10.1.0.34:15138|admin:10.1.0.34:15137|client:10.1.0.34:15136|dataStream:10.1.0.34:15139|priority:1|startupRole:FOLLOWER]|listeners:[], old=null, confs=<EMPTY_MAP>
2023-09-28 12:58:44,343 [5e08d1c9-8c08-4060-98f0-ffeffb182171-groupManagement] INFO  server.RaftServerConfigKeys (ConfUtils.java:logGet(46)) - raft.server.storage.dir = [/home/runner/work/ozone/ozone/hadoop-ozone/integration-test/target/test-dir/MiniOzoneClusterImpl-1f8fe502-6e97-4a32-9c6f-93491b2fe8ad/datanode-2/data/ratis] (custom)
2023-09-28 12:58:44,343 [5e08d1c9-8c08-4060-98f0-ffeffb182171-groupManagement] INFO  server.RaftServerConfigKeys (ConfUtils.java:logGet(46)) - raft.server.log.corruption.policy = EXCEPTION (default)
2023-09-28 12:58:44,343 [5e08d1c9-8c08-4060-98f0-ffeffb182171-groupManagement] INFO  server.RaftServerConfigKeys (ConfUtils.java:logGet(46)) - raft.server.storage.free-space.min = 0MB (=0) (default)
2023-09-28 12:58:44,343 [5e08d1c9-8c08-4060-98f0-ffeffb182171-groupManagement] INFO  server.RaftServerConfigKeys (ConfUtils.java:logGet(46)) - raft.server.notification.no-leader.timeout = 300s (custom)
2023-09-28 12:58:44,343 [5e08d1c9-8c08-4060-98f0-ffeffb182171-groupManagement] INFO  server.RaftServerConfigKeys (ConfUtils.java:logGet(46)) - raft.server.read.timeout = 10s (default)
2023-09-28 12:58:44,343 [5e08d1c9-8c08-4060-98f0-ffeffb182171-groupManagement] INFO  server.RaftServerConfigKeys (ConfUtils.java:logGet(46)) - raft.server.retrycache.expirytime = 600000ms (custom)
2023-09-28 12:58:44,343 [5e08d1c9-8c08-4060-98f0-ffeffb182171-groupManagement] INFO  server.RaftServerConfigKeys (ConfUtils.java:logGet(46)) - raft.server.retrycache.statistics.expirytime = 100μs (default)
2023-09-28 12:58:44,343 [5e08d1c9-8c08-4060-98f0-ffeffb182171-groupManagement] INFO  server.RaftServerConfigKeys (ConfUtils.java:logGet(46)) - raft.server.read.option = DEFAULT (default)
2023-09-28 12:58:44,344 [5e08d1c9-8c08-4060-98f0-ffeffb182171-groupManagement] INFO  server.RaftServerConfigKeys (ConfUtils.java:logGet(46)) - raft.server.rpc.request.timeout = 60s (custom)
2023-09-28 12:58:44,344 [5e08d1c9-8c08-4060-98f0-ffeffb182171-groupManagement] INFO  server.RaftServerConfigKeys (ConfUtils.java:logGet(46)) - raft.server.log.appender.install.snapshot.enabled = false (custom)
2023-09-28 12:58:44,344 [5e08d1c9-8c08-4060-98f0-ffeffb182171-groupManagement] INFO  server.RaftServerConfigKeys (ConfUtils.java:logGet(46)) - raft.server.threadpool.server.cached = true (default)
2023-09-28 12:58:44,344 [5e08d1c9-8c08-4060-98f0-ffeffb182171-groupManagement] INFO  server.RaftServerConfigKeys (ConfUtils.java:logGet(46)) - raft.server.threadpool.server.size = 0 (default)
2023-09-28 12:58:44,344 [5e08d1c9-8c08-4060-98f0-ffeffb182171-groupManagement] INFO  server.RaftServerConfigKeys (ConfUtils.java:logGet(46)) - raft.server.threadpool.client.cached = true (default)
2023-09-28 12:58:44,344 [5e08d1c9-8c08-4060-98f0-ffeffb182171-groupManagement] INFO  server.RaftServerConfigKeys (ConfUtils.java:logGet(46)) - raft.server.threadpool.client.size = 0 (default)
2023-09-28 12:58:44,344 [5e08d1c9-8c08-4060-98f0-ffeffb182171-groupManagement] INFO  storage.RaftStorageDirectory (RaftStorageDirectoryImpl.java:analyzeStorage(137)) - The storage directory /home/runner/work/ozone/ozone/hadoop-ozone/integration-test/target/test-dir/MiniOzoneClusterImpl-1f8fe502-6e97-4a32-9c6f-93491b2fe8ad/datanode-2/data/ratis/c677a82f-a99a-43fa-a7d3-14816746c428 does not exist. Creating ...
2023-09-28 12:58:44,346 [5e08d1c9-8c08-4060-98f0-ffeffb182171-groupManagement] INFO  storage.RaftStorageDirectory (RaftStorageDirectoryImpl.java:tryLock(231)) - Lock on /home/runner/work/ozone/ozone/hadoop-ozone/integration-test/target/test-dir/MiniOzoneClusterImpl-1f8fe502-6e97-4a32-9c6f-93491b2fe8ad/datanode-2/data/ratis/c677a82f-a99a-43fa-a7d3-14816746c428/in_use.lock acquired by nodename 7568@fv-az163-431
2023-09-28 12:58:44,347 [5e08d1c9-8c08-4060-98f0-ffeffb182171-groupManagement] INFO  storage.RaftStorage (RaftStorageImpl.java:format(96)) - Storage directory /home/runner/work/ozone/ozone/hadoop-ozone/integration-test/target/test-dir/MiniOzoneClusterImpl-1f8fe502-6e97-4a32-9c6f-93491b2fe8ad/datanode-2/data/ratis/c677a82f-a99a-43fa-a7d3-14816746c428 has been successfully formatted.
2023-09-28 12:58:44,348 [5e08d1c9-8c08-4060-98f0-ffeffb182171-groupManagement] INFO  ratis.ContainerStateMachine (ContainerStateMachine.java:loadSnapshot(262)) - group-14816746C428: The snapshot info is null. Setting the last applied indexto:(t:0, i:~)
2023-09-28 12:58:44,348 [5e08d1c9-8c08-4060-98f0-ffeffb182171-groupManagement] INFO  server.RaftServerConfigKeys (ConfUtils.java:logGet(46)) - raft.server.log.use.memory = false (default)
2023-09-28 12:58:44,349 [EventQueue-PipelineReportForPipelineReportHandler] INFO  pipeline.PipelineReportHandler (PipelineReportHandler.java:processPipelineReport(136)) - Opened pipeline PipelineID=c677a82f-a99a-43fa-a7d3-14816746c428
2023-09-28 12:58:44,349 [EventQueue-OpenPipelineForHealthyPipelineSafeModeRule] INFO  safemode.SCMSafeModeManager (HealthyPipelineSafeModeRule.java:process(137)) - SCM in safe mode. Healthy pipelines reported count is 0, required healthy pipeline reported count is 1
2023-09-28 12:58:44,349 [5e08d1c9-8c08-4060-98f0-ffeffb182171-groupManagement] INFO  server.RaftServerConfigKeys (ConfUtils.java:logGet(46)) - raft.server.log.purge.gap = 1000000 (custom)
2023-09-28 12:58:44,350 [5e08d1c9-8c08-4060-98f0-ffeffb182171-groupManagement] INFO  server.RaftServerConfigKeys (ConfUtils.java:logGet(46)) - raft.server.log.appender.buffer.byte-limit = 33554432 (custom)
2023-09-28 12:58:44,350 [5e08d1c9-8c08-4060-98f0-ffeffb182171-groupManagement] INFO  server.RaftServerConfigKeys (ConfUtils.java:logGet(46)) - raft.server.log.statemachine.data.read.timeout = 1000ms (default)
2023-09-28 12:58:44,350 [5e08d1c9-8c08-4060-98f0-ffeffb182171-groupManagement] INFO  server.RaftServerConfigKeys (ConfUtils.java:logGet(46)) - raft.server.log.purge.preservation.log.num = 0 (default)
2023-09-28 12:58:44,350 [5e08d1c9-8c08-4060-98f0-ffeffb182171-groupManagement] INFO  server.RaftServerConfigKeys (ConfUtils.java:logGet(46)) - raft.server.log.segment.size.max = 1048576 (custom)
2023-09-28 12:58:44,350 [5e08d1c9-8c08-4060-98f0-ffeffb182171-groupManagement] INFO  server.RaftServerConfigKeys (ConfUtils.java:logGet(46)) - raft.server.log.segment.cache.num.max = 2 (custom)
2023-09-28 12:58:44,350 [5e08d1c9-8c08-4060-98f0-ffeffb182171-groupManagement] INFO  server.RaftServerConfigKeys (ConfUtils.java:logGet(46)) - raft.server.log.segment.cache.size.max = 200MB (=209715200) (default)
2023-09-28 12:58:44,350 [5e08d1c9-8c08-4060-98f0-ffeffb182171-groupManagement] INFO  server.RaftServerConfigKeys (ConfUtils.java:logGet(46)) - raft.server.log.appender.buffer.byte-limit = 33554432 (custom)
2023-09-28 12:58:44,350 [5e08d1c9-8c08-4060-98f0-ffeffb182171-groupManagement] INFO  segmented.SegmentedRaftLogWorker (SegmentedRaftLogWorker.java:<init>(188)) - new 5e08d1c9-8c08-4060-98f0-ffeffb182171@group-14816746C428-SegmentedRaftLogWorker for RaftStorageImpl:Storage Directory /home/runner/work/ozone/ozone/hadoop-ozone/integration-test/target/test-dir/MiniOzoneClusterImpl-1f8fe502-6e97-4a32-9c6f-93491b2fe8ad/datanode-2/data/ratis/c677a82f-a99a-43fa-a7d3-14816746c428
2023-09-28 12:58:44,350 [5e08d1c9-8c08-4060-98f0-ffeffb182171-groupManagement] INFO  server.RaftServerConfigKeys (ConfUtils.java:logGet(46)) - raft.server.log.queue.byte-limit = 4294967296 (custom)
2023-09-28 12:58:44,351 [5e08d1c9-8c08-4060-98f0-ffeffb182171-groupManagement] INFO  server.RaftServerConfigKeys (ConfUtils.java:logGet(46)) - raft.server.log.queue.element-limit = 1024 (custom)
2023-09-28 12:58:44,351 [5e08d1c9-8c08-4060-98f0-ffeffb182171-groupManagement] INFO  server.RaftServerConfigKeys (ConfUtils.java:logGet(46)) - raft.server.log.segment.size.max = 1048576 (custom)
2023-09-28 12:58:44,351 [5e08d1c9-8c08-4060-98f0-ffeffb182171-groupManagement] INFO  server.RaftServerConfigKeys (ConfUtils.java:logGet(46)) - raft.server.log.preallocated.size = 16384 (custom)
2023-09-28 12:58:44,351 [5e08d1c9-8c08-4060-98f0-ffeffb182171-groupManagement] INFO  server.RaftServerConfigKeys (ConfUtils.java:logGet(46)) - raft.server.log.force.sync.num = 128 (default)
2023-09-28 12:58:44,351 [5e08d1c9-8c08-4060-98f0-ffeffb182171-groupManagement] INFO  server.RaftServerConfigKeys (ConfUtils.java:logGet(46)) - raft.server.log.statemachine.data.sync = true (default)
2023-09-28 12:58:44,351 [5e08d1c9-8c08-4060-98f0-ffeffb182171-groupManagement] INFO  server.RaftServerConfigKeys (ConfUtils.java:logGet(46)) - raft.server.log.statemachine.data.sync.timeout = 10s (default)
2023-09-28 12:58:44,351 [5e08d1c9-8c08-4060-98f0-ffeffb182171-groupManagement] INFO  server.RaftServerConfigKeys (ConfUtils.java:logGet(46)) - raft.server.log.statemachine.data.sync.timeout.retry = -1 (default)
2023-09-28 12:58:44,351 [5e08d1c9-8c08-4060-98f0-ffeffb182171-groupManagement] INFO  server.RaftServerConfigKeys (ConfUtils.java:logGet(46)) - raft.server.log.write.buffer.size = 1048576 (custom)
2023-09-28 12:58:44,352 [5e08d1c9-8c08-4060-98f0-ffeffb182171-groupManagement] INFO  server.RaftServerConfigKeys (ConfUtils.java:logGet(46)) - raft.server.log.appender.buffer.byte-limit = 33554432 (custom)
2023-09-28 12:58:44,357 [5e08d1c9-8c08-4060-98f0-ffeffb182171-groupManagement] INFO  server.RaftServerConfigKeys (ConfUtils.java:logGet(46)) - raft.server.log.unsafe-flush.enabled = false (default)
2023-09-28 12:58:44,357 [5e08d1c9-8c08-4060-98f0-ffeffb182171-groupManagement] INFO  server.RaftServerConfigKeys (ConfUtils.java:logGet(46)) - raft.server.log.async-flush.enabled = false (default)
2023-09-28 12:58:44,357 [5e08d1c9-8c08-4060-98f0-ffeffb182171-groupManagement] INFO  server.RaftServerConfigKeys (ConfUtils.java:logGet(46)) - raft.server.log.statemachine.data.caching.enabled = true (custom)
2023-09-28 12:58:44,357 [5e08d1c9-8c08-4060-98f0-ffeffb182171-groupManagement] INFO  segmented.SegmentedRaftLogWorker (SegmentedRaftLogWorker.java:lambda$new$0(135)) - 5e08d1c9-8c08-4060-98f0-ffeffb182171@group-14816746C428-SegmentedRaftLogWorker: flushIndex: setUnconditionally 0 -> -1
2023-09-28 12:58:44,357 [5e08d1c9-8c08-4060-98f0-ffeffb182171-groupManagement] INFO  segmented.SegmentedRaftLogWorker (SegmentedRaftLogWorker.java:lambda$new$0(135)) - 5e08d1c9-8c08-4060-98f0-ffeffb182171@group-14816746C428-SegmentedRaftLogWorker: safeCacheEvictIndex: setUnconditionally 0 -> -1
2023-09-28 12:58:44,357 [5e08d1c9-8c08-4060-98f0-ffeffb182171-groupManagement] INFO  server.RaftServer$Division (RaftServerImpl.java:start(342)) - 5e08d1c9-8c08-4060-98f0-ffeffb182171@group-14816746C428: start as a follower, conf=-1: peers:[5e08d1c9-8c08-4060-98f0-ffeffb182171|rpc:10.1.0.34:15138|admin:10.1.0.34:15137|client:10.1.0.34:15136|dataStream:10.1.0.34:15139|priority:1|startupRole:FOLLOWER]|listeners:[], old=null
2023-09-28 12:58:44,357 [5e08d1c9-8c08-4060-98f0-ffeffb182171-groupManagement] INFO  server.RaftServer$Division (RaftServerImpl.java:setRole(329)) - 5e08d1c9-8c08-4060-98f0-ffeffb182171@group-14816746C428: changes role from      null to FOLLOWER at term 0 for startAsFollower
2023-09-28 12:58:44,358 [5e08d1c9-8c08-4060-98f0-ffeffb182171-groupManagement] INFO  impl.RoleInfo (RoleInfo.java:updateAndGet(139)) - 5e08d1c9-8c08-4060-98f0-ffeffb182171: start 5e08d1c9-8c08-4060-98f0-ffeffb182171@group-14816746C428-FollowerState
2023-09-28 12:58:44,358 [5e08d1c9-8c08-4060-98f0-ffeffb182171-groupManagement] INFO  util.JmxRegister (JmxRegister.java:tryRegister(44)) - Successfully registered JMX Bean with object name Ratis:service=RaftServer,group=group-14816746C428,id=5e08d1c9-8c08-4060-98f0-ffeffb182171
2023-09-28 12:58:44,358 [5e08d1c9-8c08-4060-98f0-ffeffb182171-groupManagement] INFO  server.RaftServerConfigKeys (ConfUtils.java:logGet(46)) - raft.server.snapshot.auto.trigger.enabled = true (custom)
2023-09-28 12:58:44,358 [5e08d1c9-8c08-4060-98f0-ffeffb182171-groupManagement] INFO  server.RaftServerConfigKeys (ConfUtils.java:logGet(46)) - raft.server.snapshot.auto.trigger.threshold = 10000 (custom)
2023-09-28 12:58:44,358 [5e08d1c9-8c08-4060-98f0-ffeffb182171-groupManagement] INFO  server.RaftServerConfigKeys (ConfUtils.java:logGet(46)) - raft.server.snapshot.retention.file.num = 5 (custom)
2023-09-28 12:58:44,358 [5e08d1c9-8c08-4060-98f0-ffeffb182171-groupManagement] INFO  server.RaftServerConfigKeys (ConfUtils.java:logGet(46)) - raft.server.log.purge.upto.snapshot.index = false (default)
2023-09-28 12:58:44,359 [5e08d1c9-8c08-4060-98f0-ffeffb182171@group-14816746C428-FollowerState] INFO  server.RaftServerConfigKeys (ConfUtils.java:logFallback(53)) - raft.server.rpc.first-election.timeout.min = 5s (fallback to raft.server.rpc.timeout.min)
2023-09-28 12:58:44,359 [5e08d1c9-8c08-4060-98f0-ffeffb182171@group-14816746C428-FollowerState] INFO  server.RaftServerConfigKeys (ConfUtils.java:logFallback(53)) - raft.server.rpc.first-election.timeout.max = 5200ms (fallback to raft.server.rpc.timeout.max)
2023-09-28 12:58:44,359 [PipelineCommandHandlerThread-0] INFO  ratis.XceiverServerRatis (XceiverServerRatis.java:addGroup(804)) - Created group PipelineID=c677a82f-a99a-43fa-a7d3-14816746c428
2023-09-28 12:58:44,359 [PipelineCommandHandlerThread-0] INFO  commandhandler.CreatePipelineCommandHandler (CreatePipelineCommandHandler.java:lambda$handle$2(124)) - Created Pipeline RATIS ONE PipelineID=c677a82f-a99a-43fa-a7d3-14816746c428.
2023-09-28 12:58:44,718 [PipelineCommandHandlerThread-0] INFO  server.RaftServer (RaftServerProxy.java:addNew(98)) - 9cdffd11-02fa-4df2-99c7-28ecdc892c61: addNew group-B8AE767B9B63:[9cdffd11-02fa-4df2-99c7-28ecdc892c61|rpc:10.1.0.34:15147|admin:10.1.0.34:15146|client:10.1.0.34:15145|dataStream:10.1.0.34:15148|priority:1|startupRole:FOLLOWER] returns group-B8AE767B9B63:java.util.concurrent.CompletableFuture@5b9fbcb4[Not completed]
2023-09-28 12:58:44,719 [9cdffd11-02fa-4df2-99c7-28ecdc892c61-groupManagement] INFO  server.RaftServer$Division (RaftServerImpl.java:<init>(198)) - 9cdffd11-02fa-4df2-99c7-28ecdc892c61: new RaftServerImpl for group-B8AE767B9B63:[9cdffd11-02fa-4df2-99c7-28ecdc892c61|rpc:10.1.0.34:15147|admin:10.1.0.34:15146|client:10.1.0.34:15145|dataStream:10.1.0.34:15148|priority:1|startupRole:FOLLOWER] with ContainerStateMachine:uninitialized
2023-09-28 12:58:44,719 [9cdffd11-02fa-4df2-99c7-28ecdc892c61-groupManagement] INFO  server.RaftServerConfigKeys (ConfUtils.java:logGet(46)) - raft.server.rpc.timeout.min = 5s (custom)
2023-09-28 12:58:44,719 [9cdffd11-02fa-4df2-99c7-28ecdc892c61-groupManagement] INFO  server.RaftServerConfigKeys (ConfUtils.java:logGet(46)) - raft.server.rpc.timeout.max = 5200ms (custom)
2023-09-28 12:58:44,719 [9cdffd11-02fa-4df2-99c7-28ecdc892c61-groupManagement] INFO  server.RaftServerConfigKeys (ConfUtils.java:logGet(46)) - raft.server.rpc.sleep.time = 25ms (default)
2023-09-28 12:58:44,719 [9cdffd11-02fa-4df2-99c7-28ecdc892c61-groupManagement] INFO  server.RaftServerConfigKeys (ConfUtils.java:logGet(46)) - raft.server.rpc.slowness.timeout = 300s (custom)
2023-09-28 12:58:44,719 [9cdffd11-02fa-4df2-99c7-28ecdc892c61-groupManagement] INFO  server.RaftServerConfigKeys (ConfUtils.java:logGet(46)) - raft.server.leaderelection.leader.step-down.wait-time = 10s (default)
2023-09-28 12:58:44,720 [9cdffd11-02fa-4df2-99c7-28ecdc892c61-groupManagement] INFO  server.RaftServerConfigKeys (ConfUtils.java:logGet(46)) - raft.server.sleep.deviation.threshold = 300ms (default)
2023-09-28 12:58:44,720 [9cdffd11-02fa-4df2-99c7-28ecdc892c61-groupManagement] INFO  server.RaftServer$Division (ServerState.java:<init>(120)) - 9cdffd11-02fa-4df2-99c7-28ecdc892c61@group-B8AE767B9B63: ConfigurationManager, init=-1: peers:[9cdffd11-02fa-4df2-99c7-28ecdc892c61|rpc:10.1.0.34:15147|admin:10.1.0.34:15146|client:10.1.0.34:15145|dataStream:10.1.0.34:15148|priority:1|startupRole:FOLLOWER]|listeners:[], old=null, confs=<EMPTY_MAP>
2023-09-28 12:58:44,720 [9cdffd11-02fa-4df2-99c7-28ecdc892c61-groupManagement] INFO  server.RaftServerConfigKeys (ConfUtils.java:logGet(46)) - raft.server.storage.dir = [/home/runner/work/ozone/ozone/hadoop-ozone/integration-test/target/test-dir/MiniOzoneClusterImpl-1f8fe502-6e97-4a32-9c6f-93491b2fe8ad/datanode-3/data/ratis] (custom)
2023-09-28 12:58:44,720 [9cdffd11-02fa-4df2-99c7-28ecdc892c61-groupManagement] INFO  server.RaftServerConfigKeys (ConfUtils.java:logGet(46)) - raft.server.log.corruption.policy = EXCEPTION (default)
2023-09-28 12:58:44,720 [9cdffd11-02fa-4df2-99c7-28ecdc892c61-groupManagement] INFO  server.RaftServerConfigKeys (ConfUtils.java:logGet(46)) - raft.server.storage.free-space.min = 0MB (=0) (default)
2023-09-28 12:58:44,720 [9cdffd11-02fa-4df2-99c7-28ecdc892c61-groupManagement] INFO  server.RaftServerConfigKeys (ConfUtils.java:logGet(46)) - raft.server.notification.no-leader.timeout = 300s (custom)
2023-09-28 12:58:44,720 [9cdffd11-02fa-4df2-99c7-28ecdc892c61-groupManagement] INFO  server.RaftServerConfigKeys (ConfUtils.java:logGet(46)) - raft.server.read.timeout = 10s (default)
2023-09-28 12:58:44,720 [9cdffd11-02fa-4df2-99c7-28ecdc892c61-groupManagement] INFO  server.RaftServerConfigKeys (ConfUtils.java:logGet(46)) - raft.server.retrycache.expirytime = 600000ms (custom)
2023-09-28 12:58:44,720 [9cdffd11-02fa-4df2-99c7-28ecdc892c61-groupManagement] INFO  server.RaftServerConfigKeys (ConfUtils.java:logGet(46)) - raft.server.retrycache.statistics.expirytime = 100μs (default)
2023-09-28 12:58:44,720 [9cdffd11-02fa-4df2-99c7-28ecdc892c61-groupManagement] INFO  server.RaftServerConfigKeys (ConfUtils.java:logGet(46)) - raft.server.read.option = DEFAULT (default)
2023-09-28 12:58:44,721 [9cdffd11-02fa-4df2-99c7-28ecdc892c61-groupManagement] INFO  server.RaftServerConfigKeys (ConfUtils.java:logGet(46)) - raft.server.rpc.request.timeout = 60s (custom)
2023-09-28 12:58:44,721 [9cdffd11-02fa-4df2-99c7-28ecdc892c61-groupManagement] INFO  server.RaftServerConfigKeys (ConfUtils.java:logGet(46)) - raft.server.log.appender.install.snapshot.enabled = false (custom)
2023-09-28 12:58:44,721 [9cdffd11-02fa-4df2-99c7-28ecdc892c61-groupManagement] INFO  server.RaftServerConfigKeys (ConfUtils.java:logGet(46)) - raft.server.threadpool.server.cached = true (default)
2023-09-28 12:58:44,721 [9cdffd11-02fa-4df2-99c7-28ecdc892c61-groupManagement] INFO  server.RaftServerConfigKeys (ConfUtils.java:logGet(46)) - raft.server.threadpool.server.size = 0 (default)
2023-09-28 12:58:44,721 [9cdffd11-02fa-4df2-99c7-28ecdc892c61-groupManagement] INFO  server.RaftServerConfigKeys (ConfUtils.java:logGet(46)) - raft.server.threadpool.client.cached = true (default)
2023-09-28 12:58:44,721 [9cdffd11-02fa-4df2-99c7-28ecdc892c61-groupManagement] INFO  server.RaftServerConfigKeys (ConfUtils.java:logGet(46)) - raft.server.threadpool.client.size = 0 (default)
2023-09-28 12:58:44,722 [9cdffd11-02fa-4df2-99c7-28ecdc892c61-groupManagement] INFO  storage.RaftStorageDirectory (RaftStorageDirectoryImpl.java:analyzeStorage(137)) - The storage directory /home/runner/work/ozone/ozone/hadoop-ozone/integration-test/target/test-dir/MiniOzoneClusterImpl-1f8fe502-6e97-4a32-9c6f-93491b2fe8ad/datanode-3/data/ratis/848c83b0-109d-414a-a5f4-b8ae767b9b63 does not exist. Creating ...
2023-09-28 12:58:44,723 [9cdffd11-02fa-4df2-99c7-28ecdc892c61-groupManagement] INFO  storage.RaftStorageDirectory (RaftStorageDirectoryImpl.java:tryLock(231)) - Lock on /home/runner/work/ozone/ozone/hadoop-ozone/integration-test/target/test-dir/MiniOzoneClusterImpl-1f8fe502-6e97-4a32-9c6f-93491b2fe8ad/datanode-3/data/ratis/848c83b0-109d-414a-a5f4-b8ae767b9b63/in_use.lock acquired by nodename 7568@fv-az163-431
2023-09-28 12:58:44,725 [9cdffd11-02fa-4df2-99c7-28ecdc892c61-groupManagement] INFO  storage.RaftStorage (RaftStorageImpl.java:format(96)) - Storage directory /home/runner/work/ozone/ozone/hadoop-ozone/integration-test/target/test-dir/MiniOzoneClusterImpl-1f8fe502-6e97-4a32-9c6f-93491b2fe8ad/datanode-3/data/ratis/848c83b0-109d-414a-a5f4-b8ae767b9b63 has been successfully formatted.
2023-09-28 12:58:44,733 [9cdffd11-02fa-4df2-99c7-28ecdc892c61-groupManagement] INFO  ratis.ContainerStateMachine (ContainerStateMachine.java:loadSnapshot(262)) - group-B8AE767B9B63: The snapshot info is null. Setting the last applied indexto:(t:0, i:~)
2023-09-28 12:58:44,733 [9cdffd11-02fa-4df2-99c7-28ecdc892c61-groupManagement] INFO  server.RaftServerConfigKeys (ConfUtils.java:logGet(46)) - raft.server.log.use.memory = false (default)
2023-09-28 12:58:44,734 [9cdffd11-02fa-4df2-99c7-28ecdc892c61-groupManagement] INFO  server.RaftServerConfigKeys (ConfUtils.java:logGet(46)) - raft.server.log.purge.gap = 1000000 (custom)
2023-09-28 12:58:44,734 [9cdffd11-02fa-4df2-99c7-28ecdc892c61-groupManagement] INFO  server.RaftServerConfigKeys (ConfUtils.java:logGet(46)) - raft.server.log.appender.buffer.byte-limit = 33554432 (custom)
2023-09-28 12:58:44,734 [EventQueue-PipelineReportForPipelineReportHandler] INFO  pipeline.PipelineReportHandler (PipelineReportHandler.java:processPipelineReport(136)) - Opened pipeline PipelineID=848c83b0-109d-414a-a5f4-b8ae767b9b63
2023-09-28 12:58:44,734 [9cdffd11-02fa-4df2-99c7-28ecdc892c61-groupManagement] INFO  server.RaftServerConfigKeys (ConfUtils.java:logGet(46)) - raft.server.log.statemachine.data.read.timeout = 1000ms (default)
2023-09-28 12:58:44,734 [EventQueue-OpenPipelineForHealthyPipelineSafeModeRule] INFO  safemode.SCMSafeModeManager (HealthyPipelineSafeModeRule.java:process(137)) - SCM in safe mode. Healthy pipelines reported count is 0, required healthy pipeline reported count is 1
2023-09-28 12:58:44,734 [9cdffd11-02fa-4df2-99c7-28ecdc892c61-groupManagement] INFO  server.RaftServerConfigKeys (ConfUtils.java:logGet(46)) - raft.server.log.purge.preservation.log.num = 0 (default)
2023-09-28 12:58:44,734 [9cdffd11-02fa-4df2-99c7-28ecdc892c61-groupManagement] INFO  server.RaftServerConfigKeys (ConfUtils.java:logGet(46)) - raft.server.log.segment.size.max = 1048576 (custom)
2023-09-28 12:58:44,735 [9cdffd11-02fa-4df2-99c7-28ecdc892c61-groupManagement] INFO  server.RaftServerConfigKeys (ConfUtils.java:logGet(46)) - raft.server.log.segment.cache.num.max = 2 (custom)
2023-09-28 12:58:44,735 [9cdffd11-02fa-4df2-99c7-28ecdc892c61-groupManagement] INFO  server.RaftServerConfigKeys (ConfUtils.java:logGet(46)) - raft.server.log.segment.cache.size.max = 200MB (=209715200) (default)
2023-09-28 12:58:44,735 [9cdffd11-02fa-4df2-99c7-28ecdc892c61-groupManagement] INFO  server.RaftServerConfigKeys (ConfUtils.java:logGet(46)) - raft.server.log.appender.buffer.byte-limit = 33554432 (custom)
2023-09-28 12:58:44,735 [9cdffd11-02fa-4df2-99c7-28ecdc892c61-groupManagement] INFO  segmented.SegmentedRaftLogWorker (SegmentedRaftLogWorker.java:<init>(188)) - new 9cdffd11-02fa-4df2-99c7-28ecdc892c61@group-B8AE767B9B63-SegmentedRaftLogWorker for RaftStorageImpl:Storage Directory /home/runner/work/ozone/ozone/hadoop-ozone/integration-test/target/test-dir/MiniOzoneClusterImpl-1f8fe502-6e97-4a32-9c6f-93491b2fe8ad/datanode-3/data/ratis/848c83b0-109d-414a-a5f4-b8ae767b9b63
2023-09-28 12:58:44,735 [9cdffd11-02fa-4df2-99c7-28ecdc892c61-groupManagement] INFO  server.RaftServerConfigKeys (ConfUtils.java:logGet(46)) - raft.server.log.queue.byte-limit = 4294967296 (custom)
2023-09-28 12:58:44,735 [9cdffd11-02fa-4df2-99c7-28ecdc892c61-groupManagement] INFO  server.RaftServerConfigKeys (ConfUtils.java:logGet(46)) - raft.server.log.queue.element-limit = 1024 (custom)
2023-09-28 12:58:44,735 [9cdffd11-02fa-4df2-99c7-28ecdc892c61-groupManagement] INFO  server.RaftServerConfigKeys (ConfUtils.java:logGet(46)) - raft.server.log.segment.size.max = 1048576 (custom)
2023-09-28 12:58:44,735 [9cdffd11-02fa-4df2-99c7-28ecdc892c61-groupManagement] INFO  server.RaftServerConfigKeys (ConfUtils.java:logGet(46)) - raft.server.log.preallocated.size = 16384 (custom)
2023-09-28 12:58:44,735 [9cdffd11-02fa-4df2-99c7-28ecdc892c61-groupManagement] INFO  server.RaftServerConfigKeys (ConfUtils.java:logGet(46)) - raft.server.log.force.sync.num = 128 (default)
2023-09-28 12:58:44,735 [9cdffd11-02fa-4df2-99c7-28ecdc892c61-groupManagement] INFO  server.RaftServerConfigKeys (ConfUtils.java:logGet(46)) - raft.server.log.statemachine.data.sync = true (default)
2023-09-28 12:58:44,735 [9cdffd11-02fa-4df2-99c7-28ecdc892c61-groupManagement] INFO  server.RaftServerConfigKeys (ConfUtils.java:logGet(46)) - raft.server.log.statemachine.data.sync.timeout = 10s (default)
2023-09-28 12:58:44,735 [9cdffd11-02fa-4df2-99c7-28ecdc892c61-groupManagement] INFO  server.RaftServerConfigKeys (ConfUtils.java:logGet(46)) - raft.server.log.statemachine.data.sync.timeout.retry = -1 (default)
2023-09-28 12:58:44,736 [9cdffd11-02fa-4df2-99c7-28ecdc892c61-groupManagement] INFO  server.RaftServerConfigKeys (ConfUtils.java:logGet(46)) - raft.server.log.write.buffer.size = 1048576 (custom)
2023-09-28 12:58:44,736 [9cdffd11-02fa-4df2-99c7-28ecdc892c61-groupManagement] INFO  server.RaftServerConfigKeys (ConfUtils.java:logGet(46)) - raft.server.log.appender.buffer.byte-limit = 33554432 (custom)
2023-09-28 12:58:44,820 [9cdffd11-02fa-4df2-99c7-28ecdc892c61-groupManagement] INFO  server.RaftServerConfigKeys (ConfUtils.java:logGet(46)) - raft.server.log.unsafe-flush.enabled = false (default)
2023-09-28 12:58:44,820 [9cdffd11-02fa-4df2-99c7-28ecdc892c61-groupManagement] INFO  server.RaftServerConfigKeys (ConfUtils.java:logGet(46)) - raft.server.log.async-flush.enabled = false (default)
2023-09-28 12:58:44,820 [9cdffd11-02fa-4df2-99c7-28ecdc892c61-groupManagement] INFO  server.RaftServerConfigKeys (ConfUtils.java:logGet(46)) - raft.server.log.statemachine.data.caching.enabled = true (custom)
2023-09-28 12:58:44,820 [9cdffd11-02fa-4df2-99c7-28ecdc892c61-groupManagement] INFO  segmented.SegmentedRaftLogWorker (SegmentedRaftLogWorker.java:lambda$new$0(135)) - 9cdffd11-02fa-4df2-99c7-28ecdc892c61@group-B8AE767B9B63-SegmentedRaftLogWorker: flushIndex: setUnconditionally 0 -> -1
2023-09-28 12:58:44,820 [9cdffd11-02fa-4df2-99c7-28ecdc892c61-groupManagement] INFO  segmented.SegmentedRaftLogWorker (SegmentedRaftLogWorker.java:lambda$new$0(135)) - 9cdffd11-02fa-4df2-99c7-28ecdc892c61@group-B8AE767B9B63-SegmentedRaftLogWorker: safeCacheEvictIndex: setUnconditionally 0 -> -1
2023-09-28 12:58:44,821 [9cdffd11-02fa-4df2-99c7-28ecdc892c61-groupManagement] INFO  server.RaftServer$Division (RaftServerImpl.java:start(342)) - 9cdffd11-02fa-4df2-99c7-28ecdc892c61@group-B8AE767B9B63: start as a follower, conf=-1: peers:[9cdffd11-02fa-4df2-99c7-28ecdc892c61|rpc:10.1.0.34:15147|admin:10.1.0.34:15146|client:10.1.0.34:15145|dataStream:10.1.0.34:15148|priority:1|startupRole:FOLLOWER]|listeners:[], old=null
2023-09-28 12:58:44,821 [9cdffd11-02fa-4df2-99c7-28ecdc892c61-groupManagement] INFO  server.RaftServer$Division (RaftServerImpl.java:setRole(329)) - 9cdffd11-02fa-4df2-99c7-28ecdc892c61@group-B8AE767B9B63: changes role from      null to FOLLOWER at term 0 for startAsFollower
2023-09-28 12:58:44,821 [9cdffd11-02fa-4df2-99c7-28ecdc892c61-groupManagement] INFO  impl.RoleInfo (RoleInfo.java:updateAndGet(139)) - 9cdffd11-02fa-4df2-99c7-28ecdc892c61: start 9cdffd11-02fa-4df2-99c7-28ecdc892c61@group-B8AE767B9B63-FollowerState
2023-09-28 12:58:44,821 [9cdffd11-02fa-4df2-99c7-28ecdc892c61-groupManagement] INFO  util.JmxRegister (JmxRegister.java:tryRegister(44)) - Successfully registered JMX Bean with object name Ratis:service=RaftServer,group=group-B8AE767B9B63,id=9cdffd11-02fa-4df2-99c7-28ecdc892c61
2023-09-28 12:58:44,821 [9cdffd11-02fa-4df2-99c7-28ecdc892c61-groupManagement] INFO  server.RaftServerConfigKeys (ConfUtils.java:logGet(46)) - raft.server.snapshot.auto.trigger.enabled = true (custom)
2023-09-28 12:58:44,821 [9cdffd11-02fa-4df2-99c7-28ecdc892c61-groupManagement] INFO  server.RaftServerConfigKeys (ConfUtils.java:logGet(46)) - raft.server.snapshot.auto.trigger.threshold = 10000 (custom)
2023-09-28 12:58:44,821 [9cdffd11-02fa-4df2-99c7-28ecdc892c61-groupManagement] INFO  server.RaftServerConfigKeys (ConfUtils.java:logGet(46)) - raft.server.snapshot.retention.file.num = 5 (custom)
2023-09-28 12:58:44,821 [9cdffd11-02fa-4df2-99c7-28ecdc892c61-groupManagement] INFO  server.RaftServerConfigKeys (ConfUtils.java:logGet(46)) - raft.server.log.purge.upto.snapshot.index = false (default)
2023-09-28 12:58:44,829 [PipelineCommandHandlerThread-0] INFO  ratis.XceiverServerRatis (XceiverServerRatis.java:addGroup(804)) - Created group PipelineID=848c83b0-109d-414a-a5f4-b8ae767b9b63
2023-09-28 12:58:44,829 [PipelineCommandHandlerThread-0] INFO  commandhandler.CreatePipelineCommandHandler (CreatePipelineCommandHandler.java:lambda$handle$2(124)) - Created Pipeline RATIS ONE PipelineID=848c83b0-109d-414a-a5f4-b8ae767b9b63.
2023-09-28 12:58:44,830 [9cdffd11-02fa-4df2-99c7-28ecdc892c61@group-B8AE767B9B63-FollowerState] INFO  server.RaftServerConfigKeys (ConfUtils.java:logFallback(53)) - raft.server.rpc.first-election.timeout.min = 5s (fallback to raft.server.rpc.timeout.min)
2023-09-28 12:58:44,830 [9cdffd11-02fa-4df2-99c7-28ecdc892c61@group-B8AE767B9B63-FollowerState] INFO  server.RaftServerConfigKeys (ConfUtils.java:logFallback(53)) - raft.server.rpc.first-election.timeout.max = 5200ms (fallback to raft.server.rpc.timeout.max)
2023-09-28 12:58:45,066 [main] INFO  ozone.MiniOzoneClusterImpl (MiniOzoneClusterImpl.java:lambda$waitForClusterToBeReady$0(229)) - Nodes are ready. Got 5 of 5 DN Heartbeats.
2023-09-28 12:58:45,066 [main] INFO  ozone.MiniOzoneClusterImpl (MiniOzoneClusterImpl.java:lambda$waitForClusterToBeReady$0(232)) - Waiting for cluster to exit safe mode
2023-09-28 12:58:45,066 [main] INFO  ozone.MiniOzoneClusterImpl (MiniOzoneClusterImpl.java:lambda$waitForClusterToBeReady$0(234)) - SCM became leader
2023-09-28 12:58:45,068 [PipelineCommandHandlerThread-0] INFO  server.RaftServer (RaftServerProxy.java:addNew(98)) - d40e6bcf-02e4-4e73-834b-c61e0c8d110b: addNew group-365D51D10B90:[d40e6bcf-02e4-4e73-834b-c61e0c8d110b|rpc:10.1.0.34:15156|admin:10.1.0.34:15155|client:10.1.0.34:15154|dataStream:10.1.0.34:15157|priority:1|startupRole:FOLLOWER] returns group-365D51D10B90:java.util.concurrent.CompletableFuture@6e0453c8[Not completed]
2023-09-28 12:58:45,069 [d40e6bcf-02e4-4e73-834b-c61e0c8d110b-groupManagement] INFO  server.RaftServer$Division (RaftServerImpl.java:<init>(198)) - d40e6bcf-02e4-4e73-834b-c61e0c8d110b: new RaftServerImpl for group-365D51D10B90:[d40e6bcf-02e4-4e73-834b-c61e0c8d110b|rpc:10.1.0.34:15156|admin:10.1.0.34:15155|client:10.1.0.34:15154|dataStream:10.1.0.34:15157|priority:1|startupRole:FOLLOWER] with ContainerStateMachine:uninitialized
2023-09-28 12:58:45,070 [d40e6bcf-02e4-4e73-834b-c61e0c8d110b-groupManagement] INFO  server.RaftServerConfigKeys (ConfUtils.java:logGet(46)) - raft.server.rpc.timeout.min = 5s (custom)
2023-09-28 12:58:45,070 [d40e6bcf-02e4-4e73-834b-c61e0c8d110b-groupManagement] INFO  server.RaftServerConfigKeys (ConfUtils.java:logGet(46)) - raft.server.rpc.timeout.max = 5200ms (custom)
2023-09-28 12:58:45,070 [d40e6bcf-02e4-4e73-834b-c61e0c8d110b-groupManagement] INFO  server.RaftServerConfigKeys (ConfUtils.java:logGet(46)) - raft.server.rpc.sleep.time = 25ms (default)
2023-09-28 12:58:45,070 [d40e6bcf-02e4-4e73-834b-c61e0c8d110b-groupManagement] INFO  server.RaftServerConfigKeys (ConfUtils.java:logGet(46)) - raft.server.rpc.slowness.timeout = 300s (custom)
2023-09-28 12:58:45,070 [d40e6bcf-02e4-4e73-834b-c61e0c8d110b-groupManagement] INFO  server.RaftServerConfigKeys (ConfUtils.java:logGet(46)) - raft.server.leaderelection.leader.step-down.wait-time = 10s (default)
2023-09-28 12:58:45,070 [d40e6bcf-02e4-4e73-834b-c61e0c8d110b-groupManagement] INFO  server.RaftServerConfigKeys (ConfUtils.java:logGet(46)) - raft.server.sleep.deviation.threshold = 300ms (default)
2023-09-28 12:58:45,070 [d40e6bcf-02e4-4e73-834b-c61e0c8d110b-groupManagement] INFO  server.RaftServer$Division (ServerState.java:<init>(120)) - d40e6bcf-02e4-4e73-834b-c61e0c8d110b@group-365D51D10B90: ConfigurationManager, init=-1: peers:[d40e6bcf-02e4-4e73-834b-c61e0c8d110b|rpc:10.1.0.34:15156|admin:10.1.0.34:15155|client:10.1.0.34:15154|dataStream:10.1.0.34:15157|priority:1|startupRole:FOLLOWER]|listeners:[], old=null, confs=<EMPTY_MAP>
2023-09-28 12:58:45,070 [d40e6bcf-02e4-4e73-834b-c61e0c8d110b-groupManagement] INFO  server.RaftServerConfigKeys (ConfUtils.java:logGet(46)) - raft.server.storage.dir = [/home/runner/work/ozone/ozone/hadoop-ozone/integration-test/target/test-dir/MiniOzoneClusterImpl-1f8fe502-6e97-4a32-9c6f-93491b2fe8ad/datanode-4/data/ratis] (custom)
2023-09-28 12:58:45,070 [d40e6bcf-02e4-4e73-834b-c61e0c8d110b-groupManagement] INFO  server.RaftServerConfigKeys (ConfUtils.java:logGet(46)) - raft.server.log.corruption.policy = EXCEPTION (default)
2023-09-28 12:58:45,070 [d40e6bcf-02e4-4e73-834b-c61e0c8d110b-groupManagement] INFO  server.RaftServerConfigKeys (ConfUtils.java:logGet(46)) - raft.server.storage.free-space.min = 0MB (=0) (default)
2023-09-28 12:58:45,070 [d40e6bcf-02e4-4e73-834b-c61e0c8d110b-groupManagement] INFO  server.RaftServerConfigKeys (ConfUtils.java:logGet(46)) - raft.server.notification.no-leader.timeout = 300s (custom)
2023-09-28 12:58:45,070 [d40e6bcf-02e4-4e73-834b-c61e0c8d110b-groupManagement] INFO  server.RaftServerConfigKeys (ConfUtils.java:logGet(46)) - raft.server.read.timeout = 10s (default)
2023-09-28 12:58:45,070 [d40e6bcf-02e4-4e73-834b-c61e0c8d110b-groupManagement] INFO  server.RaftServerConfigKeys (ConfUtils.java:logGet(46)) - raft.server.retrycache.expirytime = 600000ms (custom)
2023-09-28 12:58:45,070 [d40e6bcf-02e4-4e73-834b-c61e0c8d110b-groupManagement] INFO  server.RaftServerConfigKeys (ConfUtils.java:logGet(46)) - raft.server.retrycache.statistics.expirytime = 100μs (default)
2023-09-28 12:58:45,071 [d40e6bcf-02e4-4e73-834b-c61e0c8d110b-groupManagement] INFO  server.RaftServerConfigKeys (ConfUtils.java:logGet(46)) - raft.server.read.option = DEFAULT (default)
2023-09-28 12:58:45,071 [d40e6bcf-02e4-4e73-834b-c61e0c8d110b-groupManagement] INFO  server.RaftServerConfigKeys (ConfUtils.java:logGet(46)) - raft.server.rpc.request.timeout = 60s (custom)
2023-09-28 12:58:45,071 [d40e6bcf-02e4-4e73-834b-c61e0c8d110b-groupManagement] INFO  server.RaftServerConfigKeys (ConfUtils.java:logGet(46)) - raft.server.log.appender.install.snapshot.enabled = false (custom)
2023-09-28 12:58:45,071 [d40e6bcf-02e4-4e73-834b-c61e0c8d110b-groupManagement] INFO  server.RaftServerConfigKeys (ConfUtils.java:logGet(46)) - raft.server.threadpool.server.cached = true (default)
2023-09-28 12:58:45,071 [d40e6bcf-02e4-4e73-834b-c61e0c8d110b-groupManagement] INFO  server.RaftServerConfigKeys (ConfUtils.java:logGet(46)) - raft.server.threadpool.server.size = 0 (default)
2023-09-28 12:58:45,072 [d40e6bcf-02e4-4e73-834b-c61e0c8d110b-groupManagement] INFO  server.RaftServerConfigKeys (ConfUtils.java:logGet(46)) - raft.server.threadpool.client.cached = true (default)
2023-09-28 12:58:45,072 [d40e6bcf-02e4-4e73-834b-c61e0c8d110b-groupManagement] INFO  server.RaftServerConfigKeys (ConfUtils.java:logGet(46)) - raft.server.threadpool.client.size = 0 (default)
2023-09-28 12:58:45,072 [d40e6bcf-02e4-4e73-834b-c61e0c8d110b-groupManagement] INFO  storage.RaftStorageDirectory (RaftStorageDirectoryImpl.java:analyzeStorage(137)) - The storage directory /home/runner/work/ozone/ozone/hadoop-ozone/integration-test/target/test-dir/MiniOzoneClusterImpl-1f8fe502-6e97-4a32-9c6f-93491b2fe8ad/datanode-4/data/ratis/a3fedb5b-c0f7-4557-93bb-365d51d10b90 does not exist. Creating ...
2023-09-28 12:58:45,077 [d40e6bcf-02e4-4e73-834b-c61e0c8d110b-groupManagement] INFO  storage.RaftStorageDirectory (RaftStorageDirectoryImpl.java:tryLock(231)) - Lock on /home/runner/work/ozone/ozone/hadoop-ozone/integration-test/target/test-dir/MiniOzoneClusterImpl-1f8fe502-6e97-4a32-9c6f-93491b2fe8ad/datanode-4/data/ratis/a3fedb5b-c0f7-4557-93bb-365d51d10b90/in_use.lock acquired by nodename 7568@fv-az163-431
2023-09-28 12:58:45,078 [d40e6bcf-02e4-4e73-834b-c61e0c8d110b-groupManagement] INFO  storage.RaftStorage (RaftStorageImpl.java:format(96)) - Storage directory /home/runner/work/ozone/ozone/hadoop-ozone/integration-test/target/test-dir/MiniOzoneClusterImpl-1f8fe502-6e97-4a32-9c6f-93491b2fe8ad/datanode-4/data/ratis/a3fedb5b-c0f7-4557-93bb-365d51d10b90 has been successfully formatted.
2023-09-28 12:58:45,080 [d40e6bcf-02e4-4e73-834b-c61e0c8d110b-groupManagement] INFO  ratis.ContainerStateMachine (ContainerStateMachine.java:loadSnapshot(262)) - group-365D51D10B90: The snapshot info is null. Setting the last applied indexto:(t:0, i:~)
2023-09-28 12:58:45,080 [d40e6bcf-02e4-4e73-834b-c61e0c8d110b-groupManagement] INFO  server.RaftServerConfigKeys (ConfUtils.java:logGet(46)) - raft.server.log.use.memory = false (default)
2023-09-28 12:58:45,080 [d40e6bcf-02e4-4e73-834b-c61e0c8d110b-groupManagement] INFO  server.RaftServerConfigKeys (ConfUtils.java:logGet(46)) - raft.server.log.purge.gap = 1000000 (custom)
2023-09-28 12:58:45,081 [EventQueue-PipelineReportForPipelineReportHandler] INFO  pipeline.PipelineReportHandler (PipelineReportHandler.java:processPipelineReport(136)) - Opened pipeline PipelineID=a3fedb5b-c0f7-4557-93bb-365d51d10b90
2023-09-28 12:58:45,081 [EventQueue-OpenPipelineForHealthyPipelineSafeModeRule] INFO  safemode.SCMSafeModeManager (HealthyPipelineSafeModeRule.java:process(137)) - SCM in safe mode. Healthy pipelines reported count is 0, required healthy pipeline reported count is 1
2023-09-28 12:58:45,081 [d40e6bcf-02e4-4e73-834b-c61e0c8d110b-groupManagement] INFO  server.RaftServerConfigKeys (ConfUtils.java:logGet(46)) - raft.server.log.appender.buffer.byte-limit = 33554432 (custom)
2023-09-28 12:58:45,081 [d40e6bcf-02e4-4e73-834b-c61e0c8d110b-groupManagement] INFO  server.RaftServerConfigKeys (ConfUtils.java:logGet(46)) - raft.server.log.statemachine.data.read.timeout = 1000ms (default)
2023-09-28 12:58:45,081 [d40e6bcf-02e4-4e73-834b-c61e0c8d110b-groupManagement] INFO  server.RaftServerConfigKeys (ConfUtils.java:logGet(46)) - raft.server.log.purge.preservation.log.num = 0 (default)
2023-09-28 12:58:45,082 [d40e6bcf-02e4-4e73-834b-c61e0c8d110b-groupManagement] INFO  server.RaftServerConfigKeys (ConfUtils.java:logGet(46)) - raft.server.log.segment.size.max = 1048576 (custom)
2023-09-28 12:58:45,082 [d40e6bcf-02e4-4e73-834b-c61e0c8d110b-groupManagement] INFO  server.RaftServerConfigKeys (ConfUtils.java:logGet(46)) - raft.server.log.segment.cache.num.max = 2 (custom)
2023-09-28 12:58:45,082 [d40e6bcf-02e4-4e73-834b-c61e0c8d110b-groupManagement] INFO  server.RaftServerConfigKeys (ConfUtils.java:logGet(46)) - raft.server.log.segment.cache.size.max = 200MB (=209715200) (default)
2023-09-28 12:58:45,082 [d40e6bcf-02e4-4e73-834b-c61e0c8d110b-groupManagement] INFO  server.RaftServerConfigKeys (ConfUtils.java:logGet(46)) - raft.server.log.appender.buffer.byte-limit = 33554432 (custom)
2023-09-28 12:58:45,082 [d40e6bcf-02e4-4e73-834b-c61e0c8d110b-groupManagement] INFO  segmented.SegmentedRaftLogWorker (SegmentedRaftLogWorker.java:<init>(188)) - new d40e6bcf-02e4-4e73-834b-c61e0c8d110b@group-365D51D10B90-SegmentedRaftLogWorker for RaftStorageImpl:Storage Directory /home/runner/work/ozone/ozone/hadoop-ozone/integration-test/target/test-dir/MiniOzoneClusterImpl-1f8fe502-6e97-4a32-9c6f-93491b2fe8ad/datanode-4/data/ratis/a3fedb5b-c0f7-4557-93bb-365d51d10b90
2023-09-28 12:58:45,082 [d40e6bcf-02e4-4e73-834b-c61e0c8d110b-groupManagement] INFO  server.RaftServerConfigKeys (ConfUtils.java:logGet(46)) - raft.server.log.queue.byte-limit = 4294967296 (custom)
2023-09-28 12:58:45,082 [d40e6bcf-02e4-4e73-834b-c61e0c8d110b-groupManagement] INFO  server.RaftServerConfigKeys (ConfUtils.java:logGet(46)) - raft.server.log.queue.element-limit = 1024 (custom)
2023-09-28 12:58:45,082 [d40e6bcf-02e4-4e73-834b-c61e0c8d110b-groupManagement] INFO  server.RaftServerConfigKeys (ConfUtils.java:logGet(46)) - raft.server.log.segment.size.max = 1048576 (custom)
2023-09-28 12:58:45,082 [d40e6bcf-02e4-4e73-834b-c61e0c8d110b-groupManagement] INFO  server.RaftServerConfigKeys (ConfUtils.java:logGet(46)) - raft.server.log.preallocated.size = 16384 (custom)
2023-09-28 12:58:45,082 [d40e6bcf-02e4-4e73-834b-c61e0c8d110b-groupManagement] INFO  server.RaftServerConfigKeys (ConfUtils.java:logGet(46)) - raft.server.log.force.sync.num = 128 (default)
2023-09-28 12:58:45,082 [d40e6bcf-02e4-4e73-834b-c61e0c8d110b-groupManagement] INFO  server.RaftServerConfigKeys (ConfUtils.java:logGet(46)) - raft.server.log.statemachine.data.sync = true (default)
2023-09-28 12:58:45,082 [d40e6bcf-02e4-4e73-834b-c61e0c8d110b-groupManagement] INFO  server.RaftServerConfigKeys (ConfUtils.java:logGet(46)) - raft.server.log.statemachine.data.sync.timeout = 10s (default)
2023-09-28 12:58:45,082 [d40e6bcf-02e4-4e73-834b-c61e0c8d110b-groupManagement] INFO  server.RaftServerConfigKeys (ConfUtils.java:logGet(46)) - raft.server.log.statemachine.data.sync.timeout.retry = -1 (default)
2023-09-28 12:58:45,083 [d40e6bcf-02e4-4e73-834b-c61e0c8d110b-groupManagement] INFO  server.RaftServerConfigKeys (ConfUtils.java:logGet(46)) - raft.server.log.write.buffer.size = 1048576 (custom)
2023-09-28 12:58:45,083 [d40e6bcf-02e4-4e73-834b-c61e0c8d110b-groupManagement] INFO  server.RaftServerConfigKeys (ConfUtils.java:logGet(46)) - raft.server.log.appender.buffer.byte-limit = 33554432 (custom)
2023-09-28 12:58:45,089 [d40e6bcf-02e4-4e73-834b-c61e0c8d110b-groupManagement] INFO  server.RaftServerConfigKeys (ConfUtils.java:logGet(46)) - raft.server.log.unsafe-flush.enabled = false (default)
2023-09-28 12:58:45,089 [d40e6bcf-02e4-4e73-834b-c61e0c8d110b-groupManagement] INFO  server.RaftServerConfigKeys (ConfUtils.java:logGet(46)) - raft.server.log.async-flush.enabled = false (default)
2023-09-28 12:58:45,089 [d40e6bcf-02e4-4e73-834b-c61e0c8d110b-groupManagement] INFO  server.RaftServerConfigKeys (ConfUtils.java:logGet(46)) - raft.server.log.statemachine.data.caching.enabled = true (custom)
2023-09-28 12:58:45,089 [d40e6bcf-02e4-4e73-834b-c61e0c8d110b-groupManagement] INFO  segmented.SegmentedRaftLogWorker (SegmentedRaftLogWorker.java:lambda$new$0(135)) - d40e6bcf-02e4-4e73-834b-c61e0c8d110b@group-365D51D10B90-SegmentedRaftLogWorker: flushIndex: setUnconditionally 0 -> -1
2023-09-28 12:58:45,089 [d40e6bcf-02e4-4e73-834b-c61e0c8d110b-groupManagement] INFO  segmented.SegmentedRaftLogWorker (SegmentedRaftLogWorker.java:lambda$new$0(135)) - d40e6bcf-02e4-4e73-834b-c61e0c8d110b@group-365D51D10B90-SegmentedRaftLogWorker: safeCacheEvictIndex: setUnconditionally 0 -> -1
2023-09-28 12:58:45,089 [d40e6bcf-02e4-4e73-834b-c61e0c8d110b-groupManagement] INFO  server.RaftServer$Division (RaftServerImpl.java:start(342)) - d40e6bcf-02e4-4e73-834b-c61e0c8d110b@group-365D51D10B90: start as a follower, conf=-1: peers:[d40e6bcf-02e4-4e73-834b-c61e0c8d110b|rpc:10.1.0.34:15156|admin:10.1.0.34:15155|client:10.1.0.34:15154|dataStream:10.1.0.34:15157|priority:1|startupRole:FOLLOWER]|listeners:[], old=null
2023-09-28 12:58:45,089 [d40e6bcf-02e4-4e73-834b-c61e0c8d110b-groupManagement] INFO  server.RaftServer$Division (RaftServerImpl.java:setRole(329)) - d40e6bcf-02e4-4e73-834b-c61e0c8d110b@group-365D51D10B90: changes role from      null to FOLLOWER at term 0 for startAsFollower
2023-09-28 12:58:45,089 [d40e6bcf-02e4-4e73-834b-c61e0c8d110b-groupManagement] INFO  impl.RoleInfo (RoleInfo.java:updateAndGet(139)) - d40e6bcf-02e4-4e73-834b-c61e0c8d110b: start d40e6bcf-02e4-4e73-834b-c61e0c8d110b@group-365D51D10B90-FollowerState
2023-09-28 12:58:45,093 [d40e6bcf-02e4-4e73-834b-c61e0c8d110b-groupManagement] INFO  util.JmxRegister (JmxRegister.java:tryRegister(44)) - Successfully registered JMX Bean with object name Ratis:service=RaftServer,group=group-365D51D10B90,id=d40e6bcf-02e4-4e73-834b-c61e0c8d110b
2023-09-28 12:58:45,093 [d40e6bcf-02e4-4e73-834b-c61e0c8d110b-groupManagement] INFO  server.RaftServerConfigKeys (ConfUtils.java:logGet(46)) - raft.server.snapshot.auto.trigger.enabled = true (custom)
2023-09-28 12:58:45,093 [d40e6bcf-02e4-4e73-834b-c61e0c8d110b-groupManagement] INFO  server.RaftServerConfigKeys (ConfUtils.java:logGet(46)) - raft.server.snapshot.auto.trigger.threshold = 10000 (custom)
2023-09-28 12:58:45,093 [d40e6bcf-02e4-4e73-834b-c61e0c8d110b-groupManagement] INFO  server.RaftServerConfigKeys (ConfUtils.java:logGet(46)) - raft.server.snapshot.retention.file.num = 5 (custom)
2023-09-28 12:58:45,093 [d40e6bcf-02e4-4e73-834b-c61e0c8d110b-groupManagement] INFO  server.RaftServerConfigKeys (ConfUtils.java:logGet(46)) - raft.server.log.purge.upto.snapshot.index = false (default)
2023-09-28 12:58:45,093 [d40e6bcf-02e4-4e73-834b-c61e0c8d110b@group-365D51D10B90-FollowerState] INFO  server.RaftServerConfigKeys (ConfUtils.java:logFallback(53)) - raft.server.rpc.first-election.timeout.min = 5s (fallback to raft.server.rpc.timeout.min)
2023-09-28 12:58:45,094 [d40e6bcf-02e4-4e73-834b-c61e0c8d110b@group-365D51D10B90-FollowerState] INFO  server.RaftServerConfigKeys (ConfUtils.java:logFallback(53)) - raft.server.rpc.first-election.timeout.max = 5200ms (fallback to raft.server.rpc.timeout.max)
2023-09-28 12:58:45,096 [PipelineCommandHandlerThread-0] INFO  ratis.XceiverServerRatis (XceiverServerRatis.java:addGroup(804)) - Created group PipelineID=a3fedb5b-c0f7-4557-93bb-365d51d10b90
2023-09-28 12:58:45,096 [PipelineCommandHandlerThread-0] INFO  commandhandler.CreatePipelineCommandHandler (CreatePipelineCommandHandler.java:lambda$handle$2(124)) - Created Pipeline RATIS ONE PipelineID=a3fedb5b-c0f7-4557-93bb-365d51d10b90.
2023-09-28 12:58:46,066 [main] INFO  ozone.MiniOzoneClusterImpl (MiniOzoneClusterImpl.java:lambda$waitForClusterToBeReady$0(229)) - Nodes are ready. Got 5 of 5 DN Heartbeats.
2023-09-28 12:58:46,067 [main] INFO  ozone.MiniOzoneClusterImpl (MiniOzoneClusterImpl.java:lambda$waitForClusterToBeReady$0(232)) - Waiting for cluster to exit safe mode
2023-09-28 12:58:46,067 [main] INFO  ozone.MiniOzoneClusterImpl (MiniOzoneClusterImpl.java:lambda$waitForClusterToBeReady$0(234)) - SCM became leader
2023-09-28 12:58:47,067 [main] INFO  ozone.MiniOzoneClusterImpl (MiniOzoneClusterImpl.java:lambda$waitForClusterToBeReady$0(229)) - Nodes are ready. Got 5 of 5 DN Heartbeats.
2023-09-28 12:58:47,067 [main] INFO  ozone.MiniOzoneClusterImpl (MiniOzoneClusterImpl.java:lambda$waitForClusterToBeReady$0(232)) - Waiting for cluster to exit safe mode
2023-09-28 12:58:47,067 [main] INFO  ozone.MiniOzoneClusterImpl (MiniOzoneClusterImpl.java:lambda$waitForClusterToBeReady$0(234)) - SCM became leader
2023-09-28 12:58:48,068 [main] INFO  ozone.MiniOzoneClusterImpl (MiniOzoneClusterImpl.java:lambda$waitForClusterToBeReady$0(229)) - Nodes are ready. Got 5 of 5 DN Heartbeats.
2023-09-28 12:58:48,068 [main] INFO  ozone.MiniOzoneClusterImpl (MiniOzoneClusterImpl.java:lambda$waitForClusterToBeReady$0(232)) - Waiting for cluster to exit safe mode
2023-09-28 12:58:48,068 [main] INFO  ozone.MiniOzoneClusterImpl (MiniOzoneClusterImpl.java:lambda$waitForClusterToBeReady$0(234)) - SCM became leader
2023-09-28 12:58:48,745 [5e08d1c9-8c08-4060-98f0-ffeffb182171@group-445644D19F4A-FollowerState] INFO  impl.FollowerState (FollowerState.java:run(143)) - 5e08d1c9-8c08-4060-98f0-ffeffb182171@group-445644D19F4A-FollowerState: change to CANDIDATE, lastRpcElapsedTime:5002503959ns, electionTimeout:5001ms
2023-09-28 12:58:48,745 [5e08d1c9-8c08-4060-98f0-ffeffb182171@group-445644D19F4A-FollowerState] INFO  impl.RoleInfo (RoleInfo.java:shutdownFollowerState(110)) - 5e08d1c9-8c08-4060-98f0-ffeffb182171: shutdown 5e08d1c9-8c08-4060-98f0-ffeffb182171@group-445644D19F4A-FollowerState
2023-09-28 12:58:48,745 [5e08d1c9-8c08-4060-98f0-ffeffb182171@group-445644D19F4A-FollowerState] INFO  server.RaftServer$Division (RaftServerImpl.java:setRole(329)) - 5e08d1c9-8c08-4060-98f0-ffeffb182171@group-445644D19F4A: changes role from  FOLLOWER to CANDIDATE at term 0 for changeToCandidate
2023-09-28 12:58:48,745 [5e08d1c9-8c08-4060-98f0-ffeffb182171@group-445644D19F4A-FollowerState] INFO  server.RaftServerConfigKeys (ConfUtils.java:logGet(46)) - raft.server.leaderelection.pre-vote = true (default)
2023-09-28 12:58:48,745 [5e08d1c9-8c08-4060-98f0-ffeffb182171@group-445644D19F4A-FollowerState] INFO  impl.RoleInfo (RoleInfo.java:updateAndGet(139)) - 5e08d1c9-8c08-4060-98f0-ffeffb182171: start 5e08d1c9-8c08-4060-98f0-ffeffb182171@group-445644D19F4A-LeaderElection19
2023-09-28 12:58:48,751 [5e08d1c9-8c08-4060-98f0-ffeffb182171@group-445644D19F4A-LeaderElection19] INFO  impl.LeaderElection (LeaderElection.java:askForVotes(321)) - 5e08d1c9-8c08-4060-98f0-ffeffb182171@group-445644D19F4A-LeaderElection19 PRE_VOTE round 0: submit vote requests at term 0 for -1: peers:[5e08d1c9-8c08-4060-98f0-ffeffb182171|rpc:10.1.0.34:15138|admin:10.1.0.34:15137|client:10.1.0.34:15136|dataStream:10.1.0.34:15139|priority:0|startupRole:FOLLOWER, e56a0381-809f-4844-8654-a0ae17700968|rpc:10.1.0.34:15129|admin:10.1.0.34:15128|client:10.1.0.34:15127|dataStream:10.1.0.34:15130|priority:1|startupRole:FOLLOWER, 7a34fa35-5459-4f99-8201-9b20cfcc4ca7|rpc:10.1.0.34:15120|admin:10.1.0.34:15119|client:10.1.0.34:15118|dataStream:10.1.0.34:15121|priority:0|startupRole:FOLLOWER]|listeners:[], old=null
2023-09-28 12:58:48,751 [5e08d1c9-8c08-4060-98f0-ffeffb182171@group-445644D19F4A-LeaderElection19] INFO  server.RaftServerConfigKeys (ConfUtils.java:logFallback(53)) - raft.server.rpc.first-election.timeout.min = 5s (fallback to raft.server.rpc.timeout.min)
2023-09-28 12:58:48,751 [5e08d1c9-8c08-4060-98f0-ffeffb182171@group-445644D19F4A-LeaderElection19-1] INFO  server.GrpcServerProtocolClient (GrpcServerProtocolClient.java:<init>(65)) - Build channel for e56a0381-809f-4844-8654-a0ae17700968
2023-09-28 12:58:48,752 [5e08d1c9-8c08-4060-98f0-ffeffb182171@group-445644D19F4A-LeaderElection19] INFO  server.RaftServerConfigKeys (ConfUtils.java:logFallback(53)) - raft.server.rpc.first-election.timeout.max = 5200ms (fallback to raft.server.rpc.timeout.max)
2023-09-28 12:58:48,752 [5e08d1c9-8c08-4060-98f0-ffeffb182171@group-445644D19F4A-LeaderElection19-2] INFO  server.GrpcServerProtocolClient (GrpcServerProtocolClient.java:<init>(65)) - Build channel for 7a34fa35-5459-4f99-8201-9b20cfcc4ca7
2023-09-28 12:58:48,761 [grpc-default-executor-0] INFO  server.RaftServer$Division (RaftServerImpl.java:requestVote(1302)) - e56a0381-809f-4844-8654-a0ae17700968@group-445644D19F4A: receive requestVote(PRE_VOTE, 5e08d1c9-8c08-4060-98f0-ffeffb182171, group-445644D19F4A, 0, (t:0, i:0))
2023-09-28 12:58:48,761 [grpc-default-executor-0] INFO  impl.VoteContext (VoteContext.java:log(49)) - e56a0381-809f-4844-8654-a0ae17700968@group-445644D19F4A-FOLLOWER: reject PRE_VOTE from 5e08d1c9-8c08-4060-98f0-ffeffb182171: our priority 1 > candidate's priority 0
2023-09-28 12:58:48,761 [grpc-default-executor-0] INFO  server.RaftServer$Division (RaftServerImpl.java:requestVote(1335)) - e56a0381-809f-4844-8654-a0ae17700968@group-445644D19F4A replies to PRE_VOTE vote request: 5e08d1c9-8c08-4060-98f0-ffeffb182171<-e56a0381-809f-4844-8654-a0ae17700968#0:FAIL-t0. Peer's state: e56a0381-809f-4844-8654-a0ae17700968@group-445644D19F4A:t0, leader=null, voted=, raftlog=Memoized:e56a0381-809f-4844-8654-a0ae17700968@group-445644D19F4A-SegmentedRaftLog:OPENED:c-1, conf=-1: peers:[5e08d1c9-8c08-4060-98f0-ffeffb182171|rpc:10.1.0.34:15138|admin:10.1.0.34:15137|client:10.1.0.34:15136|dataStream:10.1.0.34:15139|priority:0|startupRole:FOLLOWER, e56a0381-809f-4844-8654-a0ae17700968|rpc:10.1.0.34:15129|admin:10.1.0.34:15128|client:10.1.0.34:15127|dataStream:10.1.0.34:15130|priority:1|startupRole:FOLLOWER, 7a34fa35-5459-4f99-8201-9b20cfcc4ca7|rpc:10.1.0.34:15120|admin:10.1.0.34:15119|client:10.1.0.34:15118|dataStream:10.1.0.34:15121|priority:0|startupRole:FOLLOWER]|listeners:[], old=null
2023-09-28 12:58:48,763 [5e08d1c9-8c08-4060-98f0-ffeffb182171@group-445644D19F4A-LeaderElection19] INFO  impl.LeaderElection (LeaderElection.java:logAndReturn(90)) - 5e08d1c9-8c08-4060-98f0-ffeffb182171@group-445644D19F4A-LeaderElection19: PRE_VOTE REJECTED received 1 response(s) and 0 exception(s):
2023-09-28 12:58:48,763 [5e08d1c9-8c08-4060-98f0-ffeffb182171@group-445644D19F4A-LeaderElection19] INFO  impl.LeaderElection (LeaderElection.java:logAndReturn(94)) -   Response 0: 5e08d1c9-8c08-4060-98f0-ffeffb182171<-e56a0381-809f-4844-8654-a0ae17700968#0:FAIL-t0
2023-09-28 12:58:48,763 [5e08d1c9-8c08-4060-98f0-ffeffb182171@group-445644D19F4A-LeaderElection19] INFO  impl.LeaderElection (LeaderElection.java:askForVotes(323)) - 5e08d1c9-8c08-4060-98f0-ffeffb182171@group-445644D19F4A-LeaderElection19 PRE_VOTE round 0: result REJECTED
2023-09-28 12:58:48,763 [5e08d1c9-8c08-4060-98f0-ffeffb182171@group-445644D19F4A-LeaderElection19] INFO  server.RaftServer$Division (RaftServerImpl.java:setRole(329)) - 5e08d1c9-8c08-4060-98f0-ffeffb182171@group-445644D19F4A: changes role from CANDIDATE to FOLLOWER at term 0 for REJECTED
2023-09-28 12:58:48,763 [5e08d1c9-8c08-4060-98f0-ffeffb182171@group-445644D19F4A-LeaderElection19] INFO  impl.RoleInfo (RoleInfo.java:shutdownLeaderElection(130)) - 5e08d1c9-8c08-4060-98f0-ffeffb182171: shutdown 5e08d1c9-8c08-4060-98f0-ffeffb182171@group-445644D19F4A-LeaderElection19
2023-09-28 12:58:48,763 [5e08d1c9-8c08-4060-98f0-ffeffb182171@group-445644D19F4A-LeaderElection19] INFO  impl.RoleInfo (RoleInfo.java:updateAndGet(139)) - 5e08d1c9-8c08-4060-98f0-ffeffb182171: start 5e08d1c9-8c08-4060-98f0-ffeffb182171@group-445644D19F4A-FollowerState
2023-09-28 12:58:48,773 [grpc-default-executor-0] INFO  server.RaftServer$Division (RaftServerImpl.java:requestVote(1302)) - 7a34fa35-5459-4f99-8201-9b20cfcc4ca7@group-445644D19F4A: receive requestVote(PRE_VOTE, 5e08d1c9-8c08-4060-98f0-ffeffb182171, group-445644D19F4A, 0, (t:0, i:0))
2023-09-28 12:58:48,773 [grpc-default-executor-0] INFO  impl.VoteContext (VoteContext.java:log(49)) - 7a34fa35-5459-4f99-8201-9b20cfcc4ca7@group-445644D19F4A-FOLLOWER: accept PRE_VOTE from 5e08d1c9-8c08-4060-98f0-ffeffb182171: our priority 0 <= candidate's priority 0
2023-09-28 12:58:48,774 [grpc-default-executor-0] INFO  server.RaftServer$Division (RaftServerImpl.java:requestVote(1335)) - 7a34fa35-5459-4f99-8201-9b20cfcc4ca7@group-445644D19F4A replies to PRE_VOTE vote request: 5e08d1c9-8c08-4060-98f0-ffeffb182171<-7a34fa35-5459-4f99-8201-9b20cfcc4ca7#0:OK-t0. Peer's state: 7a34fa35-5459-4f99-8201-9b20cfcc4ca7@group-445644D19F4A:t0, leader=null, voted=, raftlog=Memoized:7a34fa35-5459-4f99-8201-9b20cfcc4ca7@group-445644D19F4A-SegmentedRaftLog:OPENED:c-1, conf=-1: peers:[5e08d1c9-8c08-4060-98f0-ffeffb182171|rpc:10.1.0.34:15138|admin:10.1.0.34:15137|client:10.1.0.34:15136|dataStream:10.1.0.34:15139|priority:0|startupRole:FOLLOWER, e56a0381-809f-4844-8654-a0ae17700968|rpc:10.1.0.34:15129|admin:10.1.0.34:15128|client:10.1.0.34:15127|dataStream:10.1.0.34:15130|priority:1|startupRole:FOLLOWER, 7a34fa35-5459-4f99-8201-9b20cfcc4ca7|rpc:10.1.0.34:15120|admin:10.1.0.34:15119|client:10.1.0.34:15118|dataStream:10.1.0.34:15121|priority:0|startupRole:FOLLOWER]|listeners:[], old=null
2023-09-28 12:58:48,812 [7a34fa35-5459-4f99-8201-9b20cfcc4ca7@group-4362F7C45983-FollowerState] INFO  impl.FollowerState (FollowerState.java:run(143)) - 7a34fa35-5459-4f99-8201-9b20cfcc4ca7@group-4362F7C45983-FollowerState: change to CANDIDATE, lastRpcElapsedTime:5131607196ns, electionTimeout:5130ms
2023-09-28 12:58:48,813 [7a34fa35-5459-4f99-8201-9b20cfcc4ca7@group-4362F7C45983-FollowerState] INFO  impl.RoleInfo (RoleInfo.java:shutdownFollowerState(110)) - 7a34fa35-5459-4f99-8201-9b20cfcc4ca7: shutdown 7a34fa35-5459-4f99-8201-9b20cfcc4ca7@group-4362F7C45983-FollowerState
2023-09-28 12:58:48,813 [7a34fa35-5459-4f99-8201-9b20cfcc4ca7@group-4362F7C45983-FollowerState] INFO  server.RaftServer$Division (RaftServerImpl.java:setRole(329)) - 7a34fa35-5459-4f99-8201-9b20cfcc4ca7@group-4362F7C45983: changes role from  FOLLOWER to CANDIDATE at term 0 for changeToCandidate
2023-09-28 12:58:48,813 [7a34fa35-5459-4f99-8201-9b20cfcc4ca7@group-4362F7C45983-FollowerState] INFO  server.RaftServerConfigKeys (ConfUtils.java:logGet(46)) - raft.server.leaderelection.pre-vote = true (default)
2023-09-28 12:58:48,813 [7a34fa35-5459-4f99-8201-9b20cfcc4ca7@group-4362F7C45983-FollowerState] INFO  impl.RoleInfo (RoleInfo.java:updateAndGet(139)) - 7a34fa35-5459-4f99-8201-9b20cfcc4ca7: start 7a34fa35-5459-4f99-8201-9b20cfcc4ca7@group-4362F7C45983-LeaderElection20
2023-09-28 12:58:48,817 [7a34fa35-5459-4f99-8201-9b20cfcc4ca7@group-4362F7C45983-LeaderElection20] INFO  impl.LeaderElection (LeaderElection.java:askForVotes(321)) - 7a34fa35-5459-4f99-8201-9b20cfcc4ca7@group-4362F7C45983-LeaderElection20 PRE_VOTE round 0: submit vote requests at term 0 for -1: peers:[7a34fa35-5459-4f99-8201-9b20cfcc4ca7|rpc:10.1.0.34:15120|admin:10.1.0.34:15119|client:10.1.0.34:15118|dataStream:10.1.0.34:15121|priority:1|startupRole:FOLLOWER]|listeners:[], old=null
2023-09-28 12:58:48,817 [7a34fa35-5459-4f99-8201-9b20cfcc4ca7@group-4362F7C45983-LeaderElection20] INFO  impl.LeaderElection (LeaderElection.java:askForVotes(323)) - 7a34fa35-5459-4f99-8201-9b20cfcc4ca7@group-4362F7C45983-LeaderElection20 PRE_VOTE round 0: result PASSED (term=0)
2023-09-28 12:58:48,819 [7a34fa35-5459-4f99-8201-9b20cfcc4ca7@group-445644D19F4A-FollowerState] INFO  server.RaftServerConfigKeys (ConfUtils.java:logFallback(53)) - raft.server.rpc.first-election.timeout.min = 5s (fallback to raft.server.rpc.timeout.min)
2023-09-28 12:58:48,819 [7a34fa35-5459-4f99-8201-9b20cfcc4ca7@group-445644D19F4A-FollowerState] INFO  server.RaftServerConfigKeys (ConfUtils.java:logFallback(53)) - raft.server.rpc.first-election.timeout.max = 5200ms (fallback to raft.server.rpc.timeout.max)
2023-09-28 12:58:48,822 [7a34fa35-5459-4f99-8201-9b20cfcc4ca7@group-4362F7C45983-LeaderElection20] INFO  impl.LeaderElection (LeaderElection.java:askForVotes(321)) - 7a34fa35-5459-4f99-8201-9b20cfcc4ca7@group-4362F7C45983-LeaderElection20 ELECTION round 0: submit vote requests at term 1 for -1: peers:[7a34fa35-5459-4f99-8201-9b20cfcc4ca7|rpc:10.1.0.34:15120|admin:10.1.0.34:15119|client:10.1.0.34:15118|dataStream:10.1.0.34:15121|priority:1|startupRole:FOLLOWER]|listeners:[], old=null
2023-09-28 12:58:48,822 [7a34fa35-5459-4f99-8201-9b20cfcc4ca7@group-4362F7C45983-LeaderElection20] INFO  impl.LeaderElection (LeaderElection.java:askForVotes(323)) - 7a34fa35-5459-4f99-8201-9b20cfcc4ca7@group-4362F7C45983-LeaderElection20 ELECTION round 0: result PASSED (term=1)
2023-09-28 12:58:48,822 [7a34fa35-5459-4f99-8201-9b20cfcc4ca7@group-4362F7C45983-LeaderElection20] INFO  impl.RoleInfo (RoleInfo.java:shutdownLeaderElection(130)) - 7a34fa35-5459-4f99-8201-9b20cfcc4ca7: shutdown 7a34fa35-5459-4f99-8201-9b20cfcc4ca7@group-4362F7C45983-LeaderElection20
2023-09-28 12:58:48,822 [7a34fa35-5459-4f99-8201-9b20cfcc4ca7@group-4362F7C45983-LeaderElection20] INFO  server.RaftServer$Division (RaftServerImpl.java:setRole(329)) - 7a34fa35-5459-4f99-8201-9b20cfcc4ca7@group-4362F7C45983: changes role from CANDIDATE to LEADER at term 1 for changeToLeader
2023-09-28 12:58:48,822 [7a34fa35-5459-4f99-8201-9b20cfcc4ca7@group-4362F7C45983-LeaderElection20] INFO  ratis.XceiverServerRatis (XceiverServerRatis.java:handleLeaderChangedNotification(902)) - Leader change notification received for group: group-4362F7C45983 with new leaderId: 7a34fa35-5459-4f99-8201-9b20cfcc4ca7
2023-09-28 12:58:48,822 [7a34fa35-5459-4f99-8201-9b20cfcc4ca7@group-4362F7C45983-LeaderElection20] INFO  server.RaftServer$Division (ServerState.java:setLeader(317)) - 7a34fa35-5459-4f99-8201-9b20cfcc4ca7@group-4362F7C45983: change Leader from null to 7a34fa35-5459-4f99-8201-9b20cfcc4ca7 at term 1 for becomeLeader, leader elected after 5174ms
2023-09-28 12:58:48,822 [7a34fa35-5459-4f99-8201-9b20cfcc4ca7@group-4362F7C45983-LeaderElection20] INFO  server.RaftServerConfigKeys (ConfUtils.java:logGet(46)) - raft.server.staging.catchup.gap = 1000 (default)
2023-09-28 12:58:48,823 [EventQueue-OpenPipelineForHealthyPipelineSafeModeRule] INFO  safemode.SCMSafeModeManager (HealthyPipelineSafeModeRule.java:process(137)) - SCM in safe mode. Healthy pipelines reported count is 0, required healthy pipeline reported count is 1
2023-09-28 12:58:48,823 [7a34fa35-5459-4f99-8201-9b20cfcc4ca7@group-4362F7C45983-LeaderElection20] INFO  server.RaftServerConfigKeys (ConfUtils.java:logGet(46)) - raft.server.write.element-limit = 1024 (custom)
2023-09-28 12:58:48,823 [7a34fa35-5459-4f99-8201-9b20cfcc4ca7@group-4362F7C45983-LeaderElection20] INFO  server.RaftServerConfigKeys (ConfUtils.java:logGet(46)) - raft.server.write.byte-limit = 1024 M (=1073741824) (custom)
2023-09-28 12:58:48,823 [7a34fa35-5459-4f99-8201-9b20cfcc4ca7@group-4362F7C45983-LeaderElection20] INFO  server.RaftServerConfigKeys (ConfUtils.java:logGet(46)) - raft.server.watch.timeout = 180s (custom)
2023-09-28 12:58:48,823 [7a34fa35-5459-4f99-8201-9b20cfcc4ca7@group-4362F7C45983-LeaderElection20] INFO  server.RaftServerConfigKeys (ConfUtils.java:logGet(46)) - raft.server.watch.timeout.denomination = 1s (default)
2023-09-28 12:58:48,824 [7a34fa35-5459-4f99-8201-9b20cfcc4ca7@group-4362F7C45983-LeaderElection20] INFO  server.RaftServerConfigKeys (ConfUtils.java:logGet(46)) - raft.server.watch.element-limit = 65536 (default)
2023-09-28 12:58:48,824 [7a34fa35-5459-4f99-8201-9b20cfcc4ca7@group-4362F7C45983-LeaderElection20] INFO  server.RaftServerConfigKeys (ConfUtils.java:logGet(46)) - raft.server.write.element-limit = 1024 (custom)
2023-09-28 12:58:48,824 [7a34fa35-5459-4f99-8201-9b20cfcc4ca7@group-4362F7C45983-LeaderElection20] INFO  server.RaftServerConfigKeys (ConfUtils.java:logGet(46)) - raft.server.write.follower.gap.ratio.max = -1.0 (default)
2023-09-28 12:58:48,824 [7a34fa35-5459-4f99-8201-9b20cfcc4ca7@group-4362F7C45983-LeaderElection20] INFO  impl.RoleInfo (RoleInfo.java:updateAndGet(139)) - 7a34fa35-5459-4f99-8201-9b20cfcc4ca7: start 7a34fa35-5459-4f99-8201-9b20cfcc4ca7@group-4362F7C45983-LeaderStateImpl
2023-09-28 12:58:48,824 [7a34fa35-5459-4f99-8201-9b20cfcc4ca7@group-4362F7C45983-LeaderElection20] INFO  segmented.SegmentedRaftLogWorker (SegmentedRaftLogWorker.java:startLogSegment(447)) - 7a34fa35-5459-4f99-8201-9b20cfcc4ca7@group-4362F7C45983-SegmentedRaftLogWorker: Starting segment from index:0
2023-09-28 12:58:48,825 [7a34fa35-5459-4f99-8201-9b20cfcc4ca7@group-4362F7C45983-SegmentedRaftLogWorker] INFO  segmented.SegmentedRaftLogWorker (SegmentedRaftLogWorker.java:execute(651)) - 7a34fa35-5459-4f99-8201-9b20cfcc4ca7@group-4362F7C45983-SegmentedRaftLogWorker: created new log segment /home/runner/work/ozone/ozone/hadoop-ozone/integration-test/target/test-dir/MiniOzoneClusterImpl-1f8fe502-6e97-4a32-9c6f-93491b2fe8ad/datanode-0/data/ratis/b67bfcf0-94bb-41c2-9f5c-4362f7c45983/current/log_inprogress_0
2023-09-28 12:58:48,829 [7a34fa35-5459-4f99-8201-9b20cfcc4ca7@group-4362F7C45983-LeaderElection20] INFO  server.RaftServer$Division (ServerState.java:setRaftConf(434)) - 7a34fa35-5459-4f99-8201-9b20cfcc4ca7@group-4362F7C45983: set configuration 0: peers:[7a34fa35-5459-4f99-8201-9b20cfcc4ca7|rpc:10.1.0.34:15120|admin:10.1.0.34:15119|client:10.1.0.34:15118|dataStream:10.1.0.34:15121|priority:1|startupRole:FOLLOWER]|listeners:[], old=null
2023-09-28 12:58:48,851 [7a34fa35-5459-4f99-8201-9b20cfcc4ca7@group-5AF4A90909DD-FollowerState] INFO  impl.FollowerState (FollowerState.java:run(143)) - 7a34fa35-5459-4f99-8201-9b20cfcc4ca7@group-5AF4A90909DD-FollowerState: change to CANDIDATE, lastRpcElapsedTime:5019441922ns, electionTimeout:5018ms
2023-09-28 12:58:48,851 [7a34fa35-5459-4f99-8201-9b20cfcc4ca7@group-5AF4A90909DD-FollowerState] INFO  impl.RoleInfo (RoleInfo.java:shutdownFollowerState(110)) - 7a34fa35-5459-4f99-8201-9b20cfcc4ca7: shutdown 7a34fa35-5459-4f99-8201-9b20cfcc4ca7@group-5AF4A90909DD-FollowerState
2023-09-28 12:58:48,851 [7a34fa35-5459-4f99-8201-9b20cfcc4ca7@group-5AF4A90909DD-FollowerState] INFO  server.RaftServer$Division (RaftServerImpl.java:setRole(329)) - 7a34fa35-5459-4f99-8201-9b20cfcc4ca7@group-5AF4A90909DD: changes role from  FOLLOWER to CANDIDATE at term 0 for changeToCandidate
2023-09-28 12:58:48,851 [7a34fa35-5459-4f99-8201-9b20cfcc4ca7@group-5AF4A90909DD-FollowerState] INFO  server.RaftServerConfigKeys (ConfUtils.java:logGet(46)) - raft.server.leaderelection.pre-vote = true (default)
2023-09-28 12:58:48,851 [7a34fa35-5459-4f99-8201-9b20cfcc4ca7@group-5AF4A90909DD-FollowerState] INFO  impl.RoleInfo (RoleInfo.java:updateAndGet(139)) - 7a34fa35-5459-4f99-8201-9b20cfcc4ca7: start 7a34fa35-5459-4f99-8201-9b20cfcc4ca7@group-5AF4A90909DD-LeaderElection21
2023-09-28 12:58:48,859 [7a34fa35-5459-4f99-8201-9b20cfcc4ca7@group-5AF4A90909DD-LeaderElection21] INFO  impl.LeaderElection (LeaderElection.java:askForVotes(321)) - 7a34fa35-5459-4f99-8201-9b20cfcc4ca7@group-5AF4A90909DD-LeaderElection21 PRE_VOTE round 0: submit vote requests at term 0 for -1: peers:[5e08d1c9-8c08-4060-98f0-ffeffb182171|rpc:10.1.0.34:15138|admin:10.1.0.34:15137|client:10.1.0.34:15136|dataStream:10.1.0.34:15139|priority:0|startupRole:FOLLOWER, e56a0381-809f-4844-8654-a0ae17700968|rpc:10.1.0.34:15129|admin:10.1.0.34:15128|client:10.1.0.34:15127|dataStream:10.1.0.34:15130|priority:0|startupRole:FOLLOWER, 7a34fa35-5459-4f99-8201-9b20cfcc4ca7|rpc:10.1.0.34:15120|admin:10.1.0.34:15119|client:10.1.0.34:15118|dataStream:10.1.0.34:15121|priority:1|startupRole:FOLLOWER]|listeners:[], old=null
2023-09-28 12:58:48,861 [7a34fa35-5459-4f99-8201-9b20cfcc4ca7@group-5AF4A90909DD-LeaderElection21] INFO  server.RaftServerConfigKeys (ConfUtils.java:logFallback(53)) - raft.server.rpc.first-election.timeout.min = 5s (fallback to raft.server.rpc.timeout.min)
2023-09-28 12:58:48,861 [7a34fa35-5459-4f99-8201-9b20cfcc4ca7@group-5AF4A90909DD-LeaderElection21] INFO  server.RaftServerConfigKeys (ConfUtils.java:logFallback(53)) - raft.server.rpc.first-election.timeout.max = 5200ms (fallback to raft.server.rpc.timeout.max)
2023-09-28 12:58:48,865 [7a34fa35-5459-4f99-8201-9b20cfcc4ca7@group-5AF4A90909DD-LeaderElection21-2] INFO  server.GrpcServerProtocolClient (GrpcServerProtocolClient.java:<init>(65)) - Build channel for e56a0381-809f-4844-8654-a0ae17700968
2023-09-28 12:58:48,866 [7a34fa35-5459-4f99-8201-9b20cfcc4ca7@group-5AF4A90909DD-LeaderElection21-1] INFO  server.GrpcServerProtocolClient (GrpcServerProtocolClient.java:<init>(65)) - Build channel for 5e08d1c9-8c08-4060-98f0-ffeffb182171
2023-09-28 12:58:48,876 [grpc-default-executor-0] INFO  server.RaftServer$Division (RaftServerImpl.java:requestVote(1302)) - 5e08d1c9-8c08-4060-98f0-ffeffb182171@group-5AF4A90909DD: receive requestVote(PRE_VOTE, 7a34fa35-5459-4f99-8201-9b20cfcc4ca7, group-5AF4A90909DD, 0, (t:0, i:0))
2023-09-28 12:58:48,876 [grpc-default-executor-0] INFO  impl.VoteContext (VoteContext.java:log(49)) - 5e08d1c9-8c08-4060-98f0-ffeffb182171@group-5AF4A90909DD-FOLLOWER: accept PRE_VOTE from 7a34fa35-5459-4f99-8201-9b20cfcc4ca7: our priority 0 <= candidate's priority 1
2023-09-28 12:58:48,876 [grpc-default-executor-0] INFO  server.RaftServer$Division (RaftServerImpl.java:requestVote(1335)) - 5e08d1c9-8c08-4060-98f0-ffeffb182171@group-5AF4A90909DD replies to PRE_VOTE vote request: 7a34fa35-5459-4f99-8201-9b20cfcc4ca7<-5e08d1c9-8c08-4060-98f0-ffeffb182171#0:OK-t0. Peer's state: 5e08d1c9-8c08-4060-98f0-ffeffb182171@group-5AF4A90909DD:t0, leader=null, voted=, raftlog=Memoized:5e08d1c9-8c08-4060-98f0-ffeffb182171@group-5AF4A90909DD-SegmentedRaftLog:OPENED:c-1, conf=-1: peers:[5e08d1c9-8c08-4060-98f0-ffeffb182171|rpc:10.1.0.34:15138|admin:10.1.0.34:15137|client:10.1.0.34:15136|dataStream:10.1.0.34:15139|priority:0|startupRole:FOLLOWER, e56a0381-809f-4844-8654-a0ae17700968|rpc:10.1.0.34:15129|admin:10.1.0.34:15128|client:10.1.0.34:15127|dataStream:10.1.0.34:15130|priority:0|startupRole:FOLLOWER, 7a34fa35-5459-4f99-8201-9b20cfcc4ca7|rpc:10.1.0.34:15120|admin:10.1.0.34:15119|client:10.1.0.34:15118|dataStream:10.1.0.34:15121|priority:1|startupRole:FOLLOWER]|listeners:[], old=null
2023-09-28 12:58:48,880 [7a34fa35-5459-4f99-8201-9b20cfcc4ca7@group-5AF4A90909DD-LeaderElection21] INFO  impl.LeaderElection (LeaderElection.java:logAndReturn(90)) - 7a34fa35-5459-4f99-8201-9b20cfcc4ca7@group-5AF4A90909DD-LeaderElection21: PRE_VOTE PASSED received 1 response(s) and 0 exception(s):
2023-09-28 12:58:48,880 [7a34fa35-5459-4f99-8201-9b20cfcc4ca7@group-5AF4A90909DD-LeaderElection21] INFO  impl.LeaderElection (LeaderElection.java:logAndReturn(94)) -   Response 0: 7a34fa35-5459-4f99-8201-9b20cfcc4ca7<-5e08d1c9-8c08-4060-98f0-ffeffb182171#0:OK-t0
2023-09-28 12:58:48,880 [7a34fa35-5459-4f99-8201-9b20cfcc4ca7@group-5AF4A90909DD-LeaderElection21] INFO  impl.LeaderElection (LeaderElection.java:askForVotes(323)) - 7a34fa35-5459-4f99-8201-9b20cfcc4ca7@group-5AF4A90909DD-LeaderElection21 PRE_VOTE round 0: result PASSED
2023-09-28 12:58:48,881 [7a34fa35-5459-4f99-8201-9b20cfcc4ca7@group-5AF4A90909DD-LeaderElection21] INFO  impl.LeaderElection (LeaderElection.java:askForVotes(321)) - 7a34fa35-5459-4f99-8201-9b20cfcc4ca7@group-5AF4A90909DD-LeaderElection21 ELECTION round 0: submit vote requests at term 1 for -1: peers:[5e08d1c9-8c08-4060-98f0-ffeffb182171|rpc:10.1.0.34:15138|admin:10.1.0.34:15137|client:10.1.0.34:15136|dataStream:10.1.0.34:15139|priority:0|startupRole:FOLLOWER, e56a0381-809f-4844-8654-a0ae17700968|rpc:10.1.0.34:15129|admin:10.1.0.34:15128|client:10.1.0.34:15127|dataStream:10.1.0.34:15130|priority:0|startupRole:FOLLOWER, 7a34fa35-5459-4f99-8201-9b20cfcc4ca7|rpc:10.1.0.34:15120|admin:10.1.0.34:15119|client:10.1.0.34:15118|dataStream:10.1.0.34:15121|priority:1|startupRole:FOLLOWER]|listeners:[], old=null
2023-09-28 12:58:48,890 [e56a0381-809f-4844-8654-a0ae17700968@group-445644D19F4A-FollowerState] INFO  impl.FollowerState (FollowerState.java:run(143)) - e56a0381-809f-4844-8654-a0ae17700968@group-445644D19F4A-FollowerState: change to CANDIDATE, lastRpcElapsedTime:5089165824ns, electionTimeout:5085ms
2023-09-28 12:58:48,890 [e56a0381-809f-4844-8654-a0ae17700968@group-445644D19F4A-FollowerState] INFO  impl.RoleInfo (RoleInfo.java:shutdownFollowerState(110)) - e56a0381-809f-4844-8654-a0ae17700968: shutdown e56a0381-809f-4844-8654-a0ae17700968@group-445644D19F4A-FollowerState
2023-09-28 12:58:48,890 [e56a0381-809f-4844-8654-a0ae17700968@group-445644D19F4A-FollowerState] INFO  server.RaftServer$Division (RaftServerImpl.java:setRole(329)) - e56a0381-809f-4844-8654-a0ae17700968@group-445644D19F4A: changes role from  FOLLOWER to CANDIDATE at term 0 for changeToCandidate
2023-09-28 12:58:48,890 [e56a0381-809f-4844-8654-a0ae17700968@group-445644D19F4A-FollowerState] INFO  server.RaftServerConfigKeys (ConfUtils.java:logGet(46)) - raft.server.leaderelection.pre-vote = true (default)
2023-09-28 12:58:48,890 [e56a0381-809f-4844-8654-a0ae17700968@group-445644D19F4A-FollowerState] INFO  impl.RoleInfo (RoleInfo.java:updateAndGet(139)) - e56a0381-809f-4844-8654-a0ae17700968: start e56a0381-809f-4844-8654-a0ae17700968@group-445644D19F4A-LeaderElection22
2023-09-28 12:58:48,895 [grpc-default-executor-0] INFO  server.RaftServer$Division (RaftServerImpl.java:requestVote(1302)) - e56a0381-809f-4844-8654-a0ae17700968@group-5AF4A90909DD: receive requestVote(PRE_VOTE, 7a34fa35-5459-4f99-8201-9b20cfcc4ca7, group-5AF4A90909DD, 0, (t:0, i:0))
2023-09-28 12:58:48,895 [grpc-default-executor-0] INFO  impl.VoteContext (VoteContext.java:log(49)) - e56a0381-809f-4844-8654-a0ae17700968@group-5AF4A90909DD-FOLLOWER: accept PRE_VOTE from 7a34fa35-5459-4f99-8201-9b20cfcc4ca7: our priority 0 <= candidate's priority 1
2023-09-28 12:58:48,895 [grpc-default-executor-0] INFO  server.RaftServer$Division (RaftServerImpl.java:requestVote(1335)) - e56a0381-809f-4844-8654-a0ae17700968@group-5AF4A90909DD replies to PRE_VOTE vote request: 7a34fa35-5459-4f99-8201-9b20cfcc4ca7<-e56a0381-809f-4844-8654-a0ae17700968#0:OK-t0. Peer's state: e56a0381-809f-4844-8654-a0ae17700968@group-5AF4A90909DD:t0, leader=null, voted=, raftlog=Memoized:e56a0381-809f-4844-8654-a0ae17700968@group-5AF4A90909DD-SegmentedRaftLog:OPENED:c-1, conf=-1: peers:[5e08d1c9-8c08-4060-98f0-ffeffb182171|rpc:10.1.0.34:15138|admin:10.1.0.34:15137|client:10.1.0.34:15136|dataStream:10.1.0.34:15139|priority:0|startupRole:FOLLOWER, e56a0381-809f-4844-8654-a0ae17700968|rpc:10.1.0.34:15129|admin:10.1.0.34:15128|client:10.1.0.34:15127|dataStream:10.1.0.34:15130|priority:0|startupRole:FOLLOWER, 7a34fa35-5459-4f99-8201-9b20cfcc4ca7|rpc:10.1.0.34:15120|admin:10.1.0.34:15119|client:10.1.0.34:15118|dataStream:10.1.0.34:15121|priority:1|startupRole:FOLLOWER]|listeners:[], old=null
2023-09-28 12:58:48,898 [7a34fa35-5459-4f99-8201-9b20cfcc4ca7@group-5AF4A90909DD-LeaderElection21] INFO  server.RaftServerConfigKeys (ConfUtils.java:logFallback(53)) - raft.server.rpc.first-election.timeout.min = 5s (fallback to raft.server.rpc.timeout.min)
2023-09-28 12:58:48,898 [7a34fa35-5459-4f99-8201-9b20cfcc4ca7@group-5AF4A90909DD-LeaderElection21] INFO  server.RaftServerConfigKeys (ConfUtils.java:logFallback(53)) - raft.server.rpc.first-election.timeout.max = 5200ms (fallback to raft.server.rpc.timeout.max)
2023-09-28 12:58:48,899 [e56a0381-809f-4844-8654-a0ae17700968@group-445644D19F4A-LeaderElection22] INFO  impl.LeaderElection (LeaderElection.java:askForVotes(321)) - e56a0381-809f-4844-8654-a0ae17700968@group-445644D19F4A-LeaderElection22 PRE_VOTE round 0: submit vote requests at term 0 for -1: peers:[5e08d1c9-8c08-4060-98f0-ffeffb182171|rpc:10.1.0.34:15138|admin:10.1.0.34:15137|client:10.1.0.34:15136|dataStream:10.1.0.34:15139|priority:0|startupRole:FOLLOWER, e56a0381-809f-4844-8654-a0ae17700968|rpc:10.1.0.34:15129|admin:10.1.0.34:15128|client:10.1.0.34:15127|dataStream:10.1.0.34:15130|priority:1|startupRole:FOLLOWER, 7a34fa35-5459-4f99-8201-9b20cfcc4ca7|rpc:10.1.0.34:15120|admin:10.1.0.34:15119|client:10.1.0.34:15118|dataStream:10.1.0.34:15121|priority:0|startupRole:FOLLOWER]|listeners:[], old=null
2023-09-28 12:58:48,899 [grpc-default-executor-0] INFO  server.RaftServer$Division (RaftServerImpl.java:requestVote(1302)) - 5e08d1c9-8c08-4060-98f0-ffeffb182171@group-5AF4A90909DD: receive requestVote(ELECTION, 7a34fa35-5459-4f99-8201-9b20cfcc4ca7, group-5AF4A90909DD, 1, (t:0, i:0))
2023-09-28 12:58:48,899 [grpc-default-executor-0] INFO  impl.VoteContext (VoteContext.java:log(49)) - 5e08d1c9-8c08-4060-98f0-ffeffb182171@group-5AF4A90909DD-FOLLOWER: accept ELECTION from 7a34fa35-5459-4f99-8201-9b20cfcc4ca7: our priority 0 <= candidate's priority 1
2023-09-28 12:58:48,900 [grpc-default-executor-0] INFO  server.RaftServer$Division (RaftServerImpl.java:setRole(329)) - 5e08d1c9-8c08-4060-98f0-ffeffb182171@group-5AF4A90909DD: changes role from  FOLLOWER to FOLLOWER at term 1 for candidate:7a34fa35-5459-4f99-8201-9b20cfcc4ca7
2023-09-28 12:58:48,900 [grpc-default-executor-0] INFO  impl.RoleInfo (RoleInfo.java:shutdownFollowerState(110)) - 5e08d1c9-8c08-4060-98f0-ffeffb182171: shutdown 5e08d1c9-8c08-4060-98f0-ffeffb182171@group-5AF4A90909DD-FollowerState
2023-09-28 12:58:48,900 [e56a0381-809f-4844-8654-a0ae17700968@group-445644D19F4A-LeaderElection22-1] INFO  server.GrpcServerProtocolClient (GrpcServerProtocolClient.java:<init>(65)) - Build channel for 5e08d1c9-8c08-4060-98f0-ffeffb182171
2023-09-28 12:58:48,902 [e56a0381-809f-4844-8654-a0ae17700968@group-445644D19F4A-LeaderElection22] INFO  server.RaftServerConfigKeys (ConfUtils.java:logFallback(53)) - raft.server.rpc.first-election.timeout.min = 5s (fallback to raft.server.rpc.timeout.min)
2023-09-28 12:58:48,902 [e56a0381-809f-4844-8654-a0ae17700968@group-445644D19F4A-LeaderElection22] INFO  server.RaftServerConfigKeys (ConfUtils.java:logFallback(53)) - raft.server.rpc.first-election.timeout.max = 5200ms (fallback to raft.server.rpc.timeout.max)
2023-09-28 12:58:48,903 [5e08d1c9-8c08-4060-98f0-ffeffb182171@group-5AF4A90909DD-FollowerState] INFO  impl.FollowerState (FollowerState.java:run(152)) - 5e08d1c9-8c08-4060-98f0-ffeffb182171@group-5AF4A90909DD-FollowerState was interrupted
2023-09-28 12:58:48,903 [e56a0381-809f-4844-8654-a0ae17700968@group-445644D19F4A-LeaderElection22-2] INFO  server.GrpcServerProtocolClient (GrpcServerProtocolClient.java:<init>(65)) - Build channel for 7a34fa35-5459-4f99-8201-9b20cfcc4ca7
2023-09-28 12:58:48,909 [grpc-default-executor-0] INFO  impl.RoleInfo (RoleInfo.java:updateAndGet(139)) - 5e08d1c9-8c08-4060-98f0-ffeffb182171: start 5e08d1c9-8c08-4060-98f0-ffeffb182171@group-5AF4A90909DD-FollowerState
2023-09-28 12:58:48,916 [grpc-default-executor-0] INFO  server.RaftServer$Division (RaftServerImpl.java:requestVote(1335)) - 5e08d1c9-8c08-4060-98f0-ffeffb182171@group-5AF4A90909DD replies to ELECTION vote request: 7a34fa35-5459-4f99-8201-9b20cfcc4ca7<-5e08d1c9-8c08-4060-98f0-ffeffb182171#0:OK-t1. Peer's state: 5e08d1c9-8c08-4060-98f0-ffeffb182171@group-5AF4A90909DD:t1, leader=null, voted=7a34fa35-5459-4f99-8201-9b20cfcc4ca7, raftlog=Memoized:5e08d1c9-8c08-4060-98f0-ffeffb182171@group-5AF4A90909DD-SegmentedRaftLog:OPENED:c-1, conf=-1: peers:[5e08d1c9-8c08-4060-98f0-ffeffb182171|rpc:10.1.0.34:15138|admin:10.1.0.34:15137|client:10.1.0.34:15136|dataStream:10.1.0.34:15139|priority:0|startupRole:FOLLOWER, e56a0381-809f-4844-8654-a0ae17700968|rpc:10.1.0.34:15129|admin:10.1.0.34:15128|client:10.1.0.34:15127|dataStream:10.1.0.34:15130|priority:0|startupRole:FOLLOWER, 7a34fa35-5459-4f99-8201-9b20cfcc4ca7|rpc:10.1.0.34:15120|admin:10.1.0.34:15119|client:10.1.0.34:15118|dataStream:10.1.0.34:15121|priority:1|startupRole:FOLLOWER]|listeners:[], old=null
2023-09-28 12:58:48,916 [grpc-default-executor-2] INFO  server.RaftServer$Division (RaftServerImpl.java:requestVote(1302)) - e56a0381-809f-4844-8654-a0ae17700968@group-5AF4A90909DD: receive requestVote(ELECTION, 7a34fa35-5459-4f99-8201-9b20cfcc4ca7, group-5AF4A90909DD, 1, (t:0, i:0))
2023-09-28 12:58:48,918 [grpc-default-executor-2] INFO  impl.VoteContext (VoteContext.java:log(49)) - e56a0381-809f-4844-8654-a0ae17700968@group-5AF4A90909DD-FOLLOWER: accept ELECTION from 7a34fa35-5459-4f99-8201-9b20cfcc4ca7: our priority 0 <= candidate's priority 1
2023-09-28 12:58:48,918 [grpc-default-executor-2] INFO  server.RaftServer$Division (RaftServerImpl.java:setRole(329)) - e56a0381-809f-4844-8654-a0ae17700968@group-5AF4A90909DD: changes role from  FOLLOWER to FOLLOWER at term 1 for candidate:7a34fa35-5459-4f99-8201-9b20cfcc4ca7
2023-09-28 12:58:48,918 [grpc-default-executor-2] INFO  impl.RoleInfo (RoleInfo.java:shutdownFollowerState(110)) - e56a0381-809f-4844-8654-a0ae17700968: shutdown e56a0381-809f-4844-8654-a0ae17700968@group-5AF4A90909DD-FollowerState
2023-09-28 12:58:48,918 [grpc-default-executor-2] INFO  impl.RoleInfo (RoleInfo.java:updateAndGet(139)) - e56a0381-809f-4844-8654-a0ae17700968: start e56a0381-809f-4844-8654-a0ae17700968@group-5AF4A90909DD-FollowerState
2023-09-28 12:58:48,918 [e56a0381-809f-4844-8654-a0ae17700968@group-5AF4A90909DD-FollowerState] INFO  impl.FollowerState (FollowerState.java:run(152)) - e56a0381-809f-4844-8654-a0ae17700968@group-5AF4A90909DD-FollowerState was interrupted
2023-09-28 12:58:48,923 [grpc-default-executor-2] INFO  server.RaftServer$Division (RaftServerImpl.java:requestVote(1335)) - e56a0381-809f-4844-8654-a0ae17700968@group-5AF4A90909DD replies to ELECTION vote request: 7a34fa35-5459-4f99-8201-9b20cfcc4ca7<-e56a0381-809f-4844-8654-a0ae17700968#0:OK-t1. Peer's state: e56a0381-809f-4844-8654-a0ae17700968@group-5AF4A90909DD:t1, leader=null, voted=7a34fa35-5459-4f99-8201-9b20cfcc4ca7, raftlog=Memoized:e56a0381-809f-4844-8654-a0ae17700968@group-5AF4A90909DD-SegmentedRaftLog:OPENED:c-1, conf=-1: peers:[5e08d1c9-8c08-4060-98f0-ffeffb182171|rpc:10.1.0.34:15138|admin:10.1.0.34:15137|client:10.1.0.34:15136|dataStream:10.1.0.34:15139|priority:0|startupRole:FOLLOWER, e56a0381-809f-4844-8654-a0ae17700968|rpc:10.1.0.34:15129|admin:10.1.0.34:15128|client:10.1.0.34:15127|dataStream:10.1.0.34:15130|priority:0|startupRole:FOLLOWER, 7a34fa35-5459-4f99-8201-9b20cfcc4ca7|rpc:10.1.0.34:15120|admin:10.1.0.34:15119|client:10.1.0.34:15118|dataStream:10.1.0.34:15121|priority:1|startupRole:FOLLOWER]|listeners:[], old=null
2023-09-28 12:58:48,925 [7a34fa35-5459-4f99-8201-9b20cfcc4ca7@group-5AF4A90909DD-LeaderElection21] INFO  impl.LeaderElection (LeaderElection.java:logAndReturn(90)) - 7a34fa35-5459-4f99-8201-9b20cfcc4ca7@group-5AF4A90909DD-LeaderElection21: ELECTION PASSED received 1 response(s) and 0 exception(s):
2023-09-28 12:58:48,925 [7a34fa35-5459-4f99-8201-9b20cfcc4ca7@group-5AF4A90909DD-LeaderElection21] INFO  impl.LeaderElection (LeaderElection.java:logAndReturn(94)) -   Response 0: 7a34fa35-5459-4f99-8201-9b20cfcc4ca7<-5e08d1c9-8c08-4060-98f0-ffeffb182171#0:OK-t1
2023-09-28 12:58:48,925 [7a34fa35-5459-4f99-8201-9b20cfcc4ca7@group-5AF4A90909DD-LeaderElection21] INFO  impl.LeaderElection (LeaderElection.java:askForVotes(323)) - 7a34fa35-5459-4f99-8201-9b20cfcc4ca7@group-5AF4A90909DD-LeaderElection21 ELECTION round 0: result PASSED
2023-09-28 12:58:48,925 [7a34fa35-5459-4f99-8201-9b20cfcc4ca7@group-5AF4A90909DD-LeaderElection21] INFO  impl.RoleInfo (RoleInfo.java:shutdownLeaderElection(130)) - 7a34fa35-5459-4f99-8201-9b20cfcc4ca7: shutdown 7a34fa35-5459-4f99-8201-9b20cfcc4ca7@group-5AF4A90909DD-LeaderElection21
2023-09-28 12:58:48,925 [7a34fa35-5459-4f99-8201-9b20cfcc4ca7@group-5AF4A90909DD-LeaderElection21] INFO  server.RaftServer$Division (RaftServerImpl.java:setRole(329)) - 7a34fa35-5459-4f99-8201-9b20cfcc4ca7@group-5AF4A90909DD: changes role from CANDIDATE to LEADER at term 1 for changeToLeader
2023-09-28 12:58:48,925 [7a34fa35-5459-4f99-8201-9b20cfcc4ca7@group-5AF4A90909DD-LeaderElection21] INFO  ratis.XceiverServerRatis (XceiverServerRatis.java:handleLeaderChangedNotification(902)) - Leader change notification received for group: group-5AF4A90909DD with new leaderId: 7a34fa35-5459-4f99-8201-9b20cfcc4ca7
2023-09-28 12:58:48,925 [7a34fa35-5459-4f99-8201-9b20cfcc4ca7@group-5AF4A90909DD-LeaderElection21] INFO  server.RaftServer$Division (ServerState.java:setLeader(317)) - 7a34fa35-5459-4f99-8201-9b20cfcc4ca7@group-5AF4A90909DD: change Leader from null to 7a34fa35-5459-4f99-8201-9b20cfcc4ca7 at term 1 for becomeLeader, leader elected after 5113ms
2023-09-28 12:58:48,925 [7a34fa35-5459-4f99-8201-9b20cfcc4ca7@group-5AF4A90909DD-LeaderElection21] INFO  server.RaftServerConfigKeys (ConfUtils.java:logGet(46)) - raft.server.staging.catchup.gap = 1000 (default)
2023-09-28 12:58:48,926 [7a34fa35-5459-4f99-8201-9b20cfcc4ca7@group-5AF4A90909DD-LeaderElection21] INFO  server.RaftServerConfigKeys (ConfUtils.java:logGet(46)) - raft.server.write.element-limit = 1024 (custom)
2023-09-28 12:58:48,926 [7a34fa35-5459-4f99-8201-9b20cfcc4ca7@group-5AF4A90909DD-LeaderElection21] INFO  server.RaftServerConfigKeys (ConfUtils.java:logGet(46)) - raft.server.write.byte-limit = 1024 M (=1073741824) (custom)
2023-09-28 12:58:48,926 [7a34fa35-5459-4f99-8201-9b20cfcc4ca7@group-5AF4A90909DD-LeaderElection21] INFO  server.RaftServerConfigKeys (ConfUtils.java:logGet(46)) - raft.server.watch.timeout = 180s (custom)
2023-09-28 12:58:48,926 [7a34fa35-5459-4f99-8201-9b20cfcc4ca7@group-5AF4A90909DD-LeaderElection21] INFO  server.RaftServerConfigKeys (ConfUtils.java:logGet(46)) - raft.server.watch.timeout.denomination = 1s (default)
2023-09-28 12:58:48,926 [7a34fa35-5459-4f99-8201-9b20cfcc4ca7@group-5AF4A90909DD-LeaderElection21] INFO  server.RaftServerConfigKeys (ConfUtils.java:logGet(46)) - raft.server.watch.element-limit = 65536 (default)
2023-09-28 12:58:48,926 [7a34fa35-5459-4f99-8201-9b20cfcc4ca7@group-5AF4A90909DD-LeaderElection21] INFO  server.RaftServerConfigKeys (ConfUtils.java:logGet(46)) - raft.server.write.element-limit = 1024 (custom)
2023-09-28 12:58:48,926 [7a34fa35-5459-4f99-8201-9b20cfcc4ca7@group-5AF4A90909DD-LeaderElection21] INFO  server.RaftServerConfigKeys (ConfUtils.java:logGet(46)) - raft.server.write.follower.gap.ratio.max = -1.0 (default)
2023-09-28 12:58:48,926 [7a34fa35-5459-4f99-8201-9b20cfcc4ca7@group-5AF4A90909DD-LeaderElection21] INFO  server.RaftServerConfigKeys (ConfUtils.java:logGet(46)) - raft.server.log.appender.snapshot.chunk.size.max = 16MB (=16777216) (default)
2023-09-28 12:58:48,927 [7a34fa35-5459-4f99-8201-9b20cfcc4ca7@group-5AF4A90909DD-LeaderElection21] INFO  server.RaftServerConfigKeys (ConfUtils.java:logGet(46)) - raft.server.log.appender.buffer.byte-limit = 33554432 (custom)
2023-09-28 12:58:48,927 [7a34fa35-5459-4f99-8201-9b20cfcc4ca7@group-5AF4A90909DD-LeaderElection21] INFO  server.RaftServerConfigKeys (ConfUtils.java:logGet(46)) - raft.server.log.appender.buffer.element-limit = 1 (custom)
2023-09-28 12:58:48,927 [7a34fa35-5459-4f99-8201-9b20cfcc4ca7@group-5AF4A90909DD-LeaderElection21] INFO  server.RaftServerConfigKeys (ConfUtils.java:logGet(46)) - raft.server.log.appender.wait-time.min = 10ms (default)
2023-09-28 12:58:48,927 [7a34fa35-5459-4f99-8201-9b20cfcc4ca7@group-5AF4A90909DD-LeaderElection21] INFO  grpc.GrpcConfigKeys (ConfUtils.java:logGet(46)) - raft.grpc.server.leader.outstanding.appends.max = 128 (default)
2023-09-28 12:58:48,927 [7a34fa35-5459-4f99-8201-9b20cfcc4ca7@group-5AF4A90909DD-LeaderElection21] INFO  server.RaftServerConfigKeys (ConfUtils.java:logGet(46)) - raft.server.rpc.request.timeout = 60s (custom)
2023-09-28 12:58:48,927 [7a34fa35-5459-4f99-8201-9b20cfcc4ca7@group-5AF4A90909DD-LeaderElection21] INFO  grpc.GrpcConfigKeys (ConfUtils.java:logGet(46)) - raft.grpc.server.install_snapshot.request.element-limit = 8 (default)
2023-09-28 12:58:48,927 [7a34fa35-5459-4f99-8201-9b20cfcc4ca7@group-5AF4A90909DD-LeaderElection21] INFO  grpc.GrpcConfigKeys (ConfUtils.java:logGet(46)) - raft.grpc.server.install_snapshot.request.timeout = 3000ms (default)
2023-09-28 12:58:48,927 [7a34fa35-5459-4f99-8201-9b20cfcc4ca7@group-5AF4A90909DD-LeaderElection21] INFO  server.RaftServerConfigKeys (ConfUtils.java:logGet(46)) - raft.server.log.appender.install.snapshot.enabled = false (custom)
2023-09-28 12:58:48,927 [7a34fa35-5459-4f99-8201-9b20cfcc4ca7@group-5AF4A90909DD-LeaderElection21] INFO  grpc.GrpcConfigKeys (ConfUtils.java:logGet(46)) - raft.grpc.server.heartbeat.channel = true (default)
2023-09-28 12:58:48,928 [7a34fa35-5459-4f99-8201-9b20cfcc4ca7@group-5AF4A90909DD-LeaderElection21] INFO  server.RaftServerConfigKeys (ConfUtils.java:logGet(46)) - raft.server.log.appender.snapshot.chunk.size.max = 16MB (=16777216) (default)
2023-09-28 12:58:48,928 [7a34fa35-5459-4f99-8201-9b20cfcc4ca7@group-5AF4A90909DD-LeaderElection21] INFO  server.RaftServerConfigKeys (ConfUtils.java:logGet(46)) - raft.server.log.appender.buffer.byte-limit = 33554432 (custom)
2023-09-28 12:58:48,928 [7a34fa35-5459-4f99-8201-9b20cfcc4ca7@group-5AF4A90909DD-LeaderElection21] INFO  server.RaftServerConfigKeys (ConfUtils.java:logGet(46)) - raft.server.log.appender.buffer.element-limit = 1 (custom)
2023-09-28 12:58:48,928 [7a34fa35-5459-4f99-8201-9b20cfcc4ca7@group-5AF4A90909DD-LeaderElection21] INFO  server.RaftServerConfigKeys (ConfUtils.java:logGet(46)) - raft.server.log.appender.wait-time.min = 10ms (default)
2023-09-28 12:58:48,928 [7a34fa35-5459-4f99-8201-9b20cfcc4ca7@group-5AF4A90909DD-LeaderElection21] INFO  grpc.GrpcConfigKeys (ConfUtils.java:logGet(46)) - raft.grpc.server.leader.outstanding.appends.max = 128 (default)
2023-09-28 12:58:48,928 [7a34fa35-5459-4f99-8201-9b20cfcc4ca7@group-5AF4A90909DD-LeaderElection21] INFO  server.RaftServerConfigKeys (ConfUtils.java:logGet(46)) - raft.server.rpc.request.timeout = 60s (custom)
2023-09-28 12:58:48,928 [7a34fa35-5459-4f99-8201-9b20cfcc4ca7@group-5AF4A90909DD-LeaderElection21] INFO  grpc.GrpcConfigKeys (ConfUtils.java:logGet(46)) - raft.grpc.server.install_snapshot.request.element-limit = 8 (default)
2023-09-28 12:58:48,928 [7a34fa35-5459-4f99-8201-9b20cfcc4ca7@group-5AF4A90909DD-LeaderElection21] INFO  grpc.GrpcConfigKeys (ConfUtils.java:logGet(46)) - raft.grpc.server.install_snapshot.request.timeout = 3000ms (default)
2023-09-28 12:58:48,928 [7a34fa35-5459-4f99-8201-9b20cfcc4ca7@group-5AF4A90909DD-LeaderElection21] INFO  server.RaftServerConfigKeys (ConfUtils.java:logGet(46)) - raft.server.log.appender.install.snapshot.enabled = false (custom)
2023-09-28 12:58:48,928 [7a34fa35-5459-4f99-8201-9b20cfcc4ca7@group-5AF4A90909DD-LeaderElection21] INFO  grpc.GrpcConfigKeys (ConfUtils.java:logGet(46)) - raft.grpc.server.heartbeat.channel = true (default)
2023-09-28 12:58:48,928 [7a34fa35-5459-4f99-8201-9b20cfcc4ca7@group-5AF4A90909DD-LeaderElection21] INFO  impl.RoleInfo (RoleInfo.java:updateAndGet(139)) - 7a34fa35-5459-4f99-8201-9b20cfcc4ca7: start 7a34fa35-5459-4f99-8201-9b20cfcc4ca7@group-5AF4A90909DD-LeaderStateImpl
2023-09-28 12:58:48,930 [grpc-default-executor-2] INFO  server.RaftServer$Division (RaftServerImpl.java:requestVote(1302)) - 7a34fa35-5459-4f99-8201-9b20cfcc4ca7@group-445644D19F4A: receive requestVote(PRE_VOTE, e56a0381-809f-4844-8654-a0ae17700968, group-445644D19F4A, 0, (t:0, i:0))
2023-09-28 12:58:48,930 [grpc-default-executor-2] INFO  impl.VoteContext (VoteContext.java:log(49)) - 7a34fa35-5459-4f99-8201-9b20cfcc4ca7@group-445644D19F4A-FOLLOWER: accept PRE_VOTE from e56a0381-809f-4844-8654-a0ae17700968: our priority 0 <= candidate's priority 1
2023-09-28 12:58:48,930 [grpc-default-executor-2] INFO  server.RaftServer$Division (RaftServerImpl.java:requestVote(1335)) - 7a34fa35-5459-4f99-8201-9b20cfcc4ca7@group-445644D19F4A replies to PRE_VOTE vote request: e56a0381-809f-4844-8654-a0ae17700968<-7a34fa35-5459-4f99-8201-9b20cfcc4ca7#0:OK-t0. Peer's state: 7a34fa35-5459-4f99-8201-9b20cfcc4ca7@group-445644D19F4A:t0, leader=null, voted=, raftlog=Memoized:7a34fa35-5459-4f99-8201-9b20cfcc4ca7@group-445644D19F4A-SegmentedRaftLog:OPENED:c-1, conf=-1: peers:[5e08d1c9-8c08-4060-98f0-ffeffb182171|rpc:10.1.0.34:15138|admin:10.1.0.34:15137|client:10.1.0.34:15136|dataStream:10.1.0.34:15139|priority:0|startupRole:FOLLOWER, e56a0381-809f-4844-8654-a0ae17700968|rpc:10.1.0.34:15129|admin:10.1.0.34:15128|client:10.1.0.34:15127|dataStream:10.1.0.34:15130|priority:1|startupRole:FOLLOWER, 7a34fa35-5459-4f99-8201-9b20cfcc4ca7|rpc:10.1.0.34:15120|admin:10.1.0.34:15119|client:10.1.0.34:15118|dataStream:10.1.0.34:15121|priority:0|startupRole:FOLLOWER]|listeners:[], old=null
2023-09-28 12:58:48,932 [e56a0381-809f-4844-8654-a0ae17700968@group-445644D19F4A-LeaderElection22] INFO  impl.LeaderElection (LeaderElection.java:logAndReturn(90)) - e56a0381-809f-4844-8654-a0ae17700968@group-445644D19F4A-LeaderElection22: PRE_VOTE PASSED received 1 response(s) and 0 exception(s):
2023-09-28 12:58:48,932 [e56a0381-809f-4844-8654-a0ae17700968@group-445644D19F4A-LeaderElection22] INFO  impl.LeaderElection (LeaderElection.java:logAndReturn(94)) -   Response 0: e56a0381-809f-4844-8654-a0ae17700968<-7a34fa35-5459-4f99-8201-9b20cfcc4ca7#0:OK-t0
2023-09-28 12:58:48,933 [e56a0381-809f-4844-8654-a0ae17700968@group-445644D19F4A-LeaderElection22] INFO  impl.LeaderElection (LeaderElection.java:askForVotes(323)) - e56a0381-809f-4844-8654-a0ae17700968@group-445644D19F4A-LeaderElection22 PRE_VOTE round 0: result PASSED
2023-09-28 12:58:48,934 [EventQueue-PipelineReportForPipelineReportHandler] INFO  pipeline.PipelineReportHandler (PipelineReportHandler.java:processPipelineReport(136)) - Opened pipeline PipelineID=9118721c-a818-4803-a2e6-5af4a90909dd
2023-09-28 12:58:48,934 [EventQueue-OpenPipelineForHealthyPipelineSafeModeRule] INFO  safemode.SCMSafeModeManager (HealthyPipelineSafeModeRule.java:process(137)) - SCM in safe mode. Healthy pipelines reported count is 1, required healthy pipeline reported count is 1
2023-09-28 12:58:48,934 [EventQueue-OpenPipelineForHealthyPipelineSafeModeRule] INFO  safemode.SCMSafeModeManager (SCMSafeModeManager.java:validateSafeModeExitRules(200)) - HealthyPipelineSafeModeRule rule is successfully validated
2023-09-28 12:58:48,934 [e56a0381-809f-4844-8654-a0ae17700968@group-445644D19F4A-LeaderElection22] INFO  impl.LeaderElection (LeaderElection.java:askForVotes(321)) - e56a0381-809f-4844-8654-a0ae17700968@group-445644D19F4A-LeaderElection22 ELECTION round 0: submit vote requests at term 1 for -1: peers:[5e08d1c9-8c08-4060-98f0-ffeffb182171|rpc:10.1.0.34:15138|admin:10.1.0.34:15137|client:10.1.0.34:15136|dataStream:10.1.0.34:15139|priority:0|startupRole:FOLLOWER, e56a0381-809f-4844-8654-a0ae17700968|rpc:10.1.0.34:15129|admin:10.1.0.34:15128|client:10.1.0.34:15127|dataStream:10.1.0.34:15130|priority:1|startupRole:FOLLOWER, 7a34fa35-5459-4f99-8201-9b20cfcc4ca7|rpc:10.1.0.34:15120|admin:10.1.0.34:15119|client:10.1.0.34:15118|dataStream:10.1.0.34:15121|priority:0|startupRole:FOLLOWER]|listeners:[], old=null
2023-09-28 12:58:48,934 [EventQueue-OpenPipelineForHealthyPipelineSafeModeRule] INFO  safemode.SCMSafeModeManager (SCMSafeModeManager.java:validateSafeModeExitRules(215)) - ScmSafeModeManager, all rules are successfully validated
2023-09-28 12:58:48,934 [EventQueue-OpenPipelineForHealthyPipelineSafeModeRule] INFO  safemode.SCMSafeModeManager (SCMSafeModeManager.java:exitSafeMode(244)) - SCM exiting safe mode.
2023-09-28 12:58:48,934 [EventQueue-OpenPipelineForHealthyPipelineSafeModeRule] INFO  ha.SCMContext (SCMContext.java:updateSafeModeStatus(228)) - Update SafeModeStatus from SafeModeStatus{safeModeStatus=true, preCheckPassed=true} to SafeModeStatus{safeModeStatus=false, preCheckPassed=true}.
2023-09-28 12:58:48,934 [EventQueue-OpenPipelineForHealthyPipelineSafeModeRule] INFO  pipeline.BackgroundPipelineCreator (BackgroundPipelineCreator.java:notifyStatusChanged(255)) - Service BackgroundPipelineCreator transitions to RUNNING.
2023-09-28 12:58:48,934 [EventQueue-OpenPipelineForHealthyPipelineSafeModeRule] INFO  BackgroundPipelineScrubber (BackgroundSCMService.java:notifyStatusChanged(82)) - Service BackgroundPipelineScrubber transitions to RUNNING.
2023-09-28 12:58:48,934 [EventQueue-OpenPipelineForHealthyPipelineSafeModeRule] INFO  ExpiredContainerReplicaOpScrubber (BackgroundSCMService.java:notifyStatusChanged(82)) - Service ExpiredContainerReplicaOpScrubber transitions to RUNNING.
2023-09-28 12:58:48,934 [EventQueue-OpenPipelineForHealthyPipelineSafeModeRule] INFO  replication.ReplicationManager (ReplicationManager.java:notifyStatusChanged(1370)) - Service ReplicationManager transitions to RUNNING.
2023-09-28 12:58:48,934 [grpc-default-executor-2] INFO  server.RaftServer$Division (RaftServerImpl.java:requestVote(1302)) - 5e08d1c9-8c08-4060-98f0-ffeffb182171@group-445644D19F4A: receive requestVote(PRE_VOTE, e56a0381-809f-4844-8654-a0ae17700968, group-445644D19F4A, 0, (t:0, i:0))
2023-09-28 12:58:48,935 [grpc-default-executor-2] INFO  impl.VoteContext (VoteContext.java:log(49)) - 5e08d1c9-8c08-4060-98f0-ffeffb182171@group-445644D19F4A-FOLLOWER: accept PRE_VOTE from e56a0381-809f-4844-8654-a0ae17700968: our priority 0 <= candidate's priority 1
2023-09-28 12:58:48,935 [grpc-default-executor-2] INFO  server.RaftServer$Division (RaftServerImpl.java:requestVote(1335)) - 5e08d1c9-8c08-4060-98f0-ffeffb182171@group-445644D19F4A replies to PRE_VOTE vote request: e56a0381-809f-4844-8654-a0ae17700968<-5e08d1c9-8c08-4060-98f0-ffeffb182171#0:OK-t0. Peer's state: 5e08d1c9-8c08-4060-98f0-ffeffb182171@group-445644D19F4A:t0, leader=null, voted=, raftlog=Memoized:5e08d1c9-8c08-4060-98f0-ffeffb182171@group-445644D19F4A-SegmentedRaftLog:OPENED:c-1, conf=-1: peers:[5e08d1c9-8c08-4060-98f0-ffeffb182171|rpc:10.1.0.34:15138|admin:10.1.0.34:15137|client:10.1.0.34:15136|dataStream:10.1.0.34:15139|priority:0|startupRole:FOLLOWER, e56a0381-809f-4844-8654-a0ae17700968|rpc:10.1.0.34:15129|admin:10.1.0.34:15128|client:10.1.0.34:15127|dataStream:10.1.0.34:15130|priority:1|startupRole:FOLLOWER, 7a34fa35-5459-4f99-8201-9b20cfcc4ca7|rpc:10.1.0.34:15120|admin:10.1.0.34:15119|client:10.1.0.34:15118|dataStream:10.1.0.34:15121|priority:0|startupRole:FOLLOWER]|listeners:[], old=null
2023-09-28 12:58:48,935 [7a34fa35-5459-4f99-8201-9b20cfcc4ca7@group-5AF4A90909DD-LeaderElection21] INFO  segmented.SegmentedRaftLogWorker (SegmentedRaftLogWorker.java:startLogSegment(447)) - 7a34fa35-5459-4f99-8201-9b20cfcc4ca7@group-5AF4A90909DD-SegmentedRaftLogWorker: Starting segment from index:0
2023-09-28 12:58:48,935 [EventQueue-OpenPipelineForHealthyPipelineSafeModeRule] WARN  balancer.ContainerBalancer (ContainerBalancer.java:shouldRun(134)) - Could not find persisted configuration for ContainerBalancer when checking if ContainerBalancer should run. ContainerBalancer should not run now.
2023-09-28 12:58:48,937 [e56a0381-809f-4844-8654-a0ae17700968@group-445644D19F4A-LeaderElection22] INFO  server.RaftServerConfigKeys (ConfUtils.java:logFallback(53)) - raft.server.rpc.first-election.timeout.min = 5s (fallback to raft.server.rpc.timeout.min)
2023-09-28 12:58:48,937 [e56a0381-809f-4844-8654-a0ae17700968@group-445644D19F4A-LeaderElection22] INFO  server.RaftServerConfigKeys (ConfUtils.java:logFallback(53)) - raft.server.rpc.first-election.timeout.max = 5200ms (fallback to raft.server.rpc.timeout.max)
2023-09-28 12:58:48,940 [grpc-default-executor-2] INFO  server.RaftServer$Division (RaftServerImpl.java:requestVote(1302)) - 5e08d1c9-8c08-4060-98f0-ffeffb182171@group-445644D19F4A: receive requestVote(ELECTION, e56a0381-809f-4844-8654-a0ae17700968, group-445644D19F4A, 1, (t:0, i:0))
2023-09-28 12:58:48,940 [7a34fa35-5459-4f99-8201-9b20cfcc4ca7@group-5AF4A90909DD-SegmentedRaftLogWorker] INFO  segmented.SegmentedRaftLogWorker (SegmentedRaftLogWorker.java:execute(651)) - 7a34fa35-5459-4f99-8201-9b20cfcc4ca7@group-5AF4A90909DD-SegmentedRaftLogWorker: created new log segment /home/runner/work/ozone/ozone/hadoop-ozone/integration-test/target/test-dir/MiniOzoneClusterImpl-1f8fe502-6e97-4a32-9c6f-93491b2fe8ad/datanode-0/data/ratis/9118721c-a818-4803-a2e6-5af4a90909dd/current/log_inprogress_0
2023-09-28 12:58:48,940 [grpc-default-executor-2] INFO  impl.VoteContext (VoteContext.java:log(49)) - 5e08d1c9-8c08-4060-98f0-ffeffb182171@group-445644D19F4A-FOLLOWER: accept ELECTION from e56a0381-809f-4844-8654-a0ae17700968: our priority 0 <= candidate's priority 1
2023-09-28 12:58:48,940 [grpc-default-executor-2] INFO  server.RaftServer$Division (RaftServerImpl.java:setRole(329)) - 5e08d1c9-8c08-4060-98f0-ffeffb182171@group-445644D19F4A: changes role from  FOLLOWER to FOLLOWER at term 1 for candidate:e56a0381-809f-4844-8654-a0ae17700968
2023-09-28 12:58:48,940 [grpc-default-executor-2] INFO  impl.RoleInfo (RoleInfo.java:shutdownFollowerState(110)) - 5e08d1c9-8c08-4060-98f0-ffeffb182171: shutdown 5e08d1c9-8c08-4060-98f0-ffeffb182171@group-445644D19F4A-FollowerState
2023-09-28 12:58:48,940 [grpc-default-executor-2] INFO  impl.RoleInfo (RoleInfo.java:updateAndGet(139)) - 5e08d1c9-8c08-4060-98f0-ffeffb182171: start 5e08d1c9-8c08-4060-98f0-ffeffb182171@group-445644D19F4A-FollowerState
2023-09-28 12:58:48,940 [5e08d1c9-8c08-4060-98f0-ffeffb182171@group-445644D19F4A-FollowerState] INFO  impl.FollowerState (FollowerState.java:run(152)) - 5e08d1c9-8c08-4060-98f0-ffeffb182171@group-445644D19F4A-FollowerState was interrupted
2023-09-28 12:58:48,946 [7a34fa35-5459-4f99-8201-9b20cfcc4ca7@group-5AF4A90909DD-LeaderElection21] INFO  server.RaftServer$Division (ServerState.java:setRaftConf(434)) - 7a34fa35-5459-4f99-8201-9b20cfcc4ca7@group-5AF4A90909DD: set configuration 0: peers:[5e08d1c9-8c08-4060-98f0-ffeffb182171|rpc:10.1.0.34:15138|admin:10.1.0.34:15137|client:10.1.0.34:15136|dataStream:10.1.0.34:15139|priority:0|startupRole:FOLLOWER, e56a0381-809f-4844-8654-a0ae17700968|rpc:10.1.0.34:15129|admin:10.1.0.34:15128|client:10.1.0.34:15127|dataStream:10.1.0.34:15130|priority:0|startupRole:FOLLOWER, 7a34fa35-5459-4f99-8201-9b20cfcc4ca7|rpc:10.1.0.34:15120|admin:10.1.0.34:15119|client:10.1.0.34:15118|dataStream:10.1.0.34:15121|priority:1|startupRole:FOLLOWER]|listeners:[], old=null
2023-09-28 12:58:48,946 [grpc-default-executor-2] INFO  server.RaftServer$Division (RaftServerImpl.java:requestVote(1335)) - 5e08d1c9-8c08-4060-98f0-ffeffb182171@group-445644D19F4A replies to ELECTION vote request: e56a0381-809f-4844-8654-a0ae17700968<-5e08d1c9-8c08-4060-98f0-ffeffb182171#0:OK-t1. Peer's state: 5e08d1c9-8c08-4060-98f0-ffeffb182171@group-445644D19F4A:t1, leader=null, voted=e56a0381-809f-4844-8654-a0ae17700968, raftlog=Memoized:5e08d1c9-8c08-4060-98f0-ffeffb182171@group-445644D19F4A-SegmentedRaftLog:OPENED:c-1, conf=-1: peers:[5e08d1c9-8c08-4060-98f0-ffeffb182171|rpc:10.1.0.34:15138|admin:10.1.0.34:15137|client:10.1.0.34:15136|dataStream:10.1.0.34:15139|priority:0|startupRole:FOLLOWER, e56a0381-809f-4844-8654-a0ae17700968|rpc:10.1.0.34:15129|admin:10.1.0.34:15128|client:10.1.0.34:15127|dataStream:10.1.0.34:15130|priority:1|startupRole:FOLLOWER, 7a34fa35-5459-4f99-8201-9b20cfcc4ca7|rpc:10.1.0.34:15120|admin:10.1.0.34:15119|client:10.1.0.34:15118|dataStream:10.1.0.34:15121|priority:0|startupRole:FOLLOWER]|listeners:[], old=null
2023-09-28 12:58:48,955 [grpc-default-executor-2] INFO  server.RaftServer$Division (RaftServerImpl.java:requestVote(1302)) - 7a34fa35-5459-4f99-8201-9b20cfcc4ca7@group-445644D19F4A: receive requestVote(ELECTION, e56a0381-809f-4844-8654-a0ae17700968, group-445644D19F4A, 1, (t:0, i:0))
2023-09-28 12:58:48,955 [grpc-default-executor-2] INFO  impl.VoteContext (VoteContext.java:log(49)) - 7a34fa35-5459-4f99-8201-9b20cfcc4ca7@group-445644D19F4A-FOLLOWER: accept ELECTION from e56a0381-809f-4844-8654-a0ae17700968: our priority 0 <= candidate's priority 1
2023-09-28 12:58:48,955 [grpc-default-executor-2] INFO  server.RaftServer$Division (RaftServerImpl.java:setRole(329)) - 7a34fa35-5459-4f99-8201-9b20cfcc4ca7@group-445644D19F4A: changes role from  FOLLOWER to FOLLOWER at term 1 for candidate:e56a0381-809f-4844-8654-a0ae17700968
2023-09-28 12:58:48,955 [grpc-default-executor-2] INFO  impl.RoleInfo (RoleInfo.java:shutdownFollowerState(110)) - 7a34fa35-5459-4f99-8201-9b20cfcc4ca7: shutdown 7a34fa35-5459-4f99-8201-9b20cfcc4ca7@group-445644D19F4A-FollowerState
2023-09-28 12:58:48,963 [grpc-default-executor-2] INFO  impl.RoleInfo (RoleInfo.java:updateAndGet(139)) - 7a34fa35-5459-4f99-8201-9b20cfcc4ca7: start 7a34fa35-5459-4f99-8201-9b20cfcc4ca7@group-445644D19F4A-FollowerState
2023-09-28 12:58:48,963 [7a34fa35-5459-4f99-8201-9b20cfcc4ca7@group-445644D19F4A-FollowerState] INFO  impl.FollowerState (FollowerState.java:run(152)) - 7a34fa35-5459-4f99-8201-9b20cfcc4ca7@group-445644D19F4A-FollowerState was interrupted
2023-09-28 12:58:48,974 [5e08d1c9-8c08-4060-98f0-ffeffb182171-server-thread1] INFO  ratis.XceiverServerRatis (XceiverServerRatis.java:handleLeaderChangedNotification(902)) - Leader change notification received for group: group-5AF4A90909DD with new leaderId: 7a34fa35-5459-4f99-8201-9b20cfcc4ca7
2023-09-28 12:58:48,974 [5e08d1c9-8c08-4060-98f0-ffeffb182171-server-thread1] INFO  server.RaftServer$Division (ServerState.java:setLeader(317)) - 5e08d1c9-8c08-4060-98f0-ffeffb182171@group-5AF4A90909DD: change Leader from null to 7a34fa35-5459-4f99-8201-9b20cfcc4ca7 at term 1 for appendEntries, leader elected after 5091ms
2023-09-28 12:58:48,974 [e56a0381-809f-4844-8654-a0ae17700968-server-thread1] INFO  ratis.XceiverServerRatis (XceiverServerRatis.java:handleLeaderChangedNotification(902)) - Leader change notification received for group: group-5AF4A90909DD with new leaderId: 7a34fa35-5459-4f99-8201-9b20cfcc4ca7
2023-09-28 12:58:48,974 [e56a0381-809f-4844-8654-a0ae17700968-server-thread1] INFO  server.RaftServer$Division (ServerState.java:setLeader(317)) - e56a0381-809f-4844-8654-a0ae17700968@group-5AF4A90909DD: change Leader from null to 7a34fa35-5459-4f99-8201-9b20cfcc4ca7 at term 1 for appendEntries, leader elected after 5129ms
2023-09-28 12:58:48,977 [grpc-default-executor-2] INFO  server.RaftServer$Division (RaftServerImpl.java:requestVote(1335)) - 7a34fa35-5459-4f99-8201-9b20cfcc4ca7@group-445644D19F4A replies to ELECTION vote request: e56a0381-809f-4844-8654-a0ae17700968<-7a34fa35-5459-4f99-8201-9b20cfcc4ca7#0:OK-t1. Peer's state: 7a34fa35-5459-4f99-8201-9b20cfcc4ca7@group-445644D19F4A:t1, leader=null, voted=e56a0381-809f-4844-8654-a0ae17700968, raftlog=Memoized:7a34fa35-5459-4f99-8201-9b20cfcc4ca7@group-445644D19F4A-SegmentedRaftLog:OPENED:c-1, conf=-1: peers:[5e08d1c9-8c08-4060-98f0-ffeffb182171|rpc:10.1.0.34:15138|admin:10.1.0.34:15137|client:10.1.0.34:15136|dataStream:10.1.0.34:15139|priority:0|startupRole:FOLLOWER, e56a0381-809f-4844-8654-a0ae17700968|rpc:10.1.0.34:15129|admin:10.1.0.34:15128|client:10.1.0.34:15127|dataStream:10.1.0.34:15130|priority:1|startupRole:FOLLOWER, 7a34fa35-5459-4f99-8201-9b20cfcc4ca7|rpc:10.1.0.34:15120|admin:10.1.0.34:15119|client:10.1.0.34:15118|dataStream:10.1.0.34:15121|priority:0|startupRole:FOLLOWER]|listeners:[], old=null
2023-09-28 12:58:48,977 [e56a0381-809f-4844-8654-a0ae17700968@group-445644D19F4A-LeaderElection22] INFO  impl.LeaderElection (LeaderElection.java:logAndReturn(90)) - e56a0381-809f-4844-8654-a0ae17700968@group-445644D19F4A-LeaderElection22: ELECTION PASSED received 1 response(s) and 0 exception(s):
2023-09-28 12:58:48,977 [e56a0381-809f-4844-8654-a0ae17700968@group-445644D19F4A-LeaderElection22] INFO  impl.LeaderElection (LeaderElection.java:logAndReturn(94)) -   Response 0: e56a0381-809f-4844-8654-a0ae17700968<-5e08d1c9-8c08-4060-98f0-ffeffb182171#0:OK-t1
2023-09-28 12:58:48,978 [e56a0381-809f-4844-8654-a0ae17700968@group-445644D19F4A-LeaderElection22] INFO  impl.LeaderElection (LeaderElection.java:askForVotes(323)) - e56a0381-809f-4844-8654-a0ae17700968@group-445644D19F4A-LeaderElection22 ELECTION round 0: result PASSED
2023-09-28 12:58:48,978 [e56a0381-809f-4844-8654-a0ae17700968@group-445644D19F4A-LeaderElection22] INFO  impl.RoleInfo (RoleInfo.java:shutdownLeaderElection(130)) - e56a0381-809f-4844-8654-a0ae17700968: shutdown e56a0381-809f-4844-8654-a0ae17700968@group-445644D19F4A-LeaderElection22
2023-09-28 12:58:48,978 [e56a0381-809f-4844-8654-a0ae17700968@group-445644D19F4A-LeaderElection22] INFO  server.RaftServer$Division (RaftServerImpl.java:setRole(329)) - e56a0381-809f-4844-8654-a0ae17700968@group-445644D19F4A: changes role from CANDIDATE to LEADER at term 1 for changeToLeader
2023-09-28 12:58:48,979 [e56a0381-809f-4844-8654-a0ae17700968@group-445644D19F4A-LeaderElection22] INFO  ratis.XceiverServerRatis (XceiverServerRatis.java:handleLeaderChangedNotification(902)) - Leader change notification received for group: group-445644D19F4A with new leaderId: e56a0381-809f-4844-8654-a0ae17700968
2023-09-28 12:58:48,979 [e56a0381-809f-4844-8654-a0ae17700968@group-445644D19F4A-LeaderElection22] INFO  server.RaftServer$Division (ServerState.java:setLeader(317)) - e56a0381-809f-4844-8654-a0ae17700968@group-445644D19F4A: change Leader from null to e56a0381-809f-4844-8654-a0ae17700968 at term 1 for becomeLeader, leader elected after 5194ms
2023-09-28 12:58:48,979 [e56a0381-809f-4844-8654-a0ae17700968@group-445644D19F4A-LeaderElection22] INFO  server.RaftServerConfigKeys (ConfUtils.java:logGet(46)) - raft.server.staging.catchup.gap = 1000 (default)
2023-09-28 12:58:48,979 [e56a0381-809f-4844-8654-a0ae17700968@group-445644D19F4A-LeaderElection22] INFO  server.RaftServerConfigKeys (ConfUtils.java:logGet(46)) - raft.server.write.element-limit = 1024 (custom)
2023-09-28 12:58:48,979 [e56a0381-809f-4844-8654-a0ae17700968@group-445644D19F4A-LeaderElection22] INFO  server.RaftServerConfigKeys (ConfUtils.java:logGet(46)) - raft.server.write.byte-limit = 1024 M (=1073741824) (custom)
2023-09-28 12:58:48,979 [e56a0381-809f-4844-8654-a0ae17700968@group-445644D19F4A-LeaderElection22] INFO  server.RaftServerConfigKeys (ConfUtils.java:logGet(46)) - raft.server.watch.timeout = 180s (custom)
2023-09-28 12:58:48,979 [e56a0381-809f-4844-8654-a0ae17700968@group-445644D19F4A-LeaderElection22] INFO  server.RaftServerConfigKeys (ConfUtils.java:logGet(46)) - raft.server.watch.timeout.denomination = 1s (default)
2023-09-28 12:58:48,979 [e56a0381-809f-4844-8654-a0ae17700968@group-445644D19F4A-LeaderElection22] INFO  server.RaftServerConfigKeys (ConfUtils.java:logGet(46)) - raft.server.watch.element-limit = 65536 (default)
2023-09-28 12:58:48,979 [e56a0381-809f-4844-8654-a0ae17700968@group-445644D19F4A-LeaderElection22] INFO  server.RaftServerConfigKeys (ConfUtils.java:logGet(46)) - raft.server.write.element-limit = 1024 (custom)
2023-09-28 12:58:48,979 [e56a0381-809f-4844-8654-a0ae17700968@group-445644D19F4A-LeaderElection22] INFO  server.RaftServerConfigKeys (ConfUtils.java:logGet(46)) - raft.server.write.follower.gap.ratio.max = -1.0 (default)
2023-09-28 12:58:48,980 [e56a0381-809f-4844-8654-a0ae17700968@group-445644D19F4A-LeaderElection22] INFO  server.RaftServerConfigKeys (ConfUtils.java:logGet(46)) - raft.server.log.appender.snapshot.chunk.size.max = 16MB (=16777216) (default)
2023-09-28 12:58:48,980 [e56a0381-809f-4844-8654-a0ae17700968@group-445644D19F4A-LeaderElection22] INFO  server.RaftServerConfigKeys (ConfUtils.java:logGet(46)) - raft.server.log.appender.buffer.byte-limit = 33554432 (custom)
2023-09-28 12:58:48,980 [e56a0381-809f-4844-8654-a0ae17700968@group-445644D19F4A-LeaderElection22] INFO  server.RaftServerConfigKeys (ConfUtils.java:logGet(46)) - raft.server.log.appender.buffer.element-limit = 1 (custom)
2023-09-28 12:58:48,980 [e56a0381-809f-4844-8654-a0ae17700968@group-445644D19F4A-LeaderElection22] INFO  server.RaftServerConfigKeys (ConfUtils.java:logGet(46)) - raft.server.log.appender.wait-time.min = 10ms (default)
2023-09-28 12:58:48,980 [e56a0381-809f-4844-8654-a0ae17700968@group-445644D19F4A-LeaderElection22] INFO  grpc.GrpcConfigKeys (ConfUtils.java:logGet(46)) - raft.grpc.server.leader.outstanding.appends.max = 128 (default)
2023-09-28 12:58:48,980 [e56a0381-809f-4844-8654-a0ae17700968@group-445644D19F4A-LeaderElection22] INFO  server.RaftServerConfigKeys (ConfUtils.java:logGet(46)) - raft.server.rpc.request.timeout = 60s (custom)
2023-09-28 12:58:48,980 [e56a0381-809f-4844-8654-a0ae17700968@group-445644D19F4A-LeaderElection22] INFO  grpc.GrpcConfigKeys (ConfUtils.java:logGet(46)) - raft.grpc.server.install_snapshot.request.element-limit = 8 (default)
2023-09-28 12:58:48,980 [e56a0381-809f-4844-8654-a0ae17700968@group-445644D19F4A-LeaderElection22] INFO  grpc.GrpcConfigKeys (ConfUtils.java:logGet(46)) - raft.grpc.server.install_snapshot.request.timeout = 3000ms (default)
2023-09-28 12:58:48,980 [e56a0381-809f-4844-8654-a0ae17700968@group-445644D19F4A-LeaderElection22] INFO  server.RaftServerConfigKeys (ConfUtils.java:logGet(46)) - raft.server.log.appender.install.snapshot.enabled = false (custom)
2023-09-28 12:58:48,980 [e56a0381-809f-4844-8654-a0ae17700968@group-445644D19F4A-LeaderElection22] INFO  grpc.GrpcConfigKeys (ConfUtils.java:logGet(46)) - raft.grpc.server.heartbeat.channel = true (default)
2023-09-28 12:58:48,982 [e56a0381-809f-4844-8654-a0ae17700968@group-445644D19F4A-LeaderElection22] INFO  server.RaftServerConfigKeys (ConfUtils.java:logGet(46)) - raft.server.log.appender.snapshot.chunk.size.max = 16MB (=16777216) (default)
2023-09-28 12:58:48,982 [e56a0381-809f-4844-8654-a0ae17700968@group-445644D19F4A-LeaderElection22] INFO  server.RaftServerConfigKeys (ConfUtils.java:logGet(46)) - raft.server.log.appender.buffer.byte-limit = 33554432 (custom)
2023-09-28 12:58:48,982 [e56a0381-809f-4844-8654-a0ae17700968@group-445644D19F4A-LeaderElection22] INFO  server.RaftServerConfigKeys (ConfUtils.java:logGet(46)) - raft.server.log.appender.buffer.element-limit = 1 (custom)
2023-09-28 12:58:48,982 [EventQueue-PipelineReportForPipelineReportHandler] INFO  pipeline.PipelineReportHandler (PipelineReportHandler.java:processPipelineReport(136)) - Opened pipeline PipelineID=35ed93ef-f44e-46a3-bb3c-445644d19f4a
2023-09-28 12:58:48,985 [e56a0381-809f-4844-8654-a0ae17700968@group-445644D19F4A-LeaderElection22] INFO  server.RaftServerConfigKeys (ConfUtils.java:logGet(46)) - raft.server.log.appender.wait-time.min = 10ms (default)
2023-09-28 12:58:48,987 [e56a0381-809f-4844-8654-a0ae17700968-server-thread2] INFO  server.RaftServer$Division (ServerState.java:setRaftConf(434)) - e56a0381-809f-4844-8654-a0ae17700968@group-5AF4A90909DD: set configuration 0: peers:[5e08d1c9-8c08-4060-98f0-ffeffb182171|rpc:10.1.0.34:15138|admin:10.1.0.34:15137|client:10.1.0.34:15136|dataStream:10.1.0.34:15139|priority:0|startupRole:FOLLOWER, e56a0381-809f-4844-8654-a0ae17700968|rpc:10.1.0.34:15129|admin:10.1.0.34:15128|client:10.1.0.34:15127|dataStream:10.1.0.34:15130|priority:0|startupRole:FOLLOWER, 7a34fa35-5459-4f99-8201-9b20cfcc4ca7|rpc:10.1.0.34:15120|admin:10.1.0.34:15119|client:10.1.0.34:15118|dataStream:10.1.0.34:15121|priority:1|startupRole:FOLLOWER]|listeners:[], old=null
2023-09-28 12:58:48,987 [5e08d1c9-8c08-4060-98f0-ffeffb182171-server-thread2] INFO  server.RaftServer$Division (ServerState.java:setRaftConf(434)) - 5e08d1c9-8c08-4060-98f0-ffeffb182171@group-5AF4A90909DD: set configuration 0: peers:[5e08d1c9-8c08-4060-98f0-ffeffb182171|rpc:10.1.0.34:15138|admin:10.1.0.34:15137|client:10.1.0.34:15136|dataStream:10.1.0.34:15139|priority:0|startupRole:FOLLOWER, e56a0381-809f-4844-8654-a0ae17700968|rpc:10.1.0.34:15129|admin:10.1.0.34:15128|client:10.1.0.34:15127|dataStream:10.1.0.34:15130|priority:0|startupRole:FOLLOWER, 7a34fa35-5459-4f99-8201-9b20cfcc4ca7|rpc:10.1.0.34:15120|admin:10.1.0.34:15119|client:10.1.0.34:15118|dataStream:10.1.0.34:15121|priority:1|startupRole:FOLLOWER]|listeners:[], old=null
2023-09-28 12:58:48,987 [e56a0381-809f-4844-8654-a0ae17700968-server-thread2] INFO  segmented.SegmentedRaftLogWorker (SegmentedRaftLogWorker.java:startLogSegment(447)) - e56a0381-809f-4844-8654-a0ae17700968@group-5AF4A90909DD-SegmentedRaftLogWorker: Starting segment from index:0
2023-09-28 12:58:48,987 [5e08d1c9-8c08-4060-98f0-ffeffb182171-server-thread2] INFO  segmented.SegmentedRaftLogWorker (SegmentedRaftLogWorker.java:startLogSegment(447)) - 5e08d1c9-8c08-4060-98f0-ffeffb182171@group-5AF4A90909DD-SegmentedRaftLogWorker: Starting segment from index:0
2023-09-28 12:58:48,987 [e56a0381-809f-4844-8654-a0ae17700968@group-445644D19F4A-LeaderElection22] INFO  grpc.GrpcConfigKeys (ConfUtils.java:logGet(46)) - raft.grpc.server.leader.outstanding.appends.max = 128 (default)
2023-09-28 12:58:48,988 [e56a0381-809f-4844-8654-a0ae17700968@group-445644D19F4A-LeaderElection22] INFO  server.RaftServerConfigKeys (ConfUtils.java:logGet(46)) - raft.server.rpc.request.timeout = 60s (custom)
2023-09-28 12:58:48,988 [e56a0381-809f-4844-8654-a0ae17700968@group-445644D19F4A-LeaderElection22] INFO  grpc.GrpcConfigKeys (ConfUtils.java:logGet(46)) - raft.grpc.server.install_snapshot.request.element-limit = 8 (default)
2023-09-28 12:58:48,988 [e56a0381-809f-4844-8654-a0ae17700968@group-445644D19F4A-LeaderElection22] INFO  grpc.GrpcConfigKeys (ConfUtils.java:logGet(46)) - raft.grpc.server.install_snapshot.request.timeout = 3000ms (default)
2023-09-28 12:58:48,988 [e56a0381-809f-4844-8654-a0ae17700968@group-445644D19F4A-LeaderElection22] INFO  server.RaftServerConfigKeys (ConfUtils.java:logGet(46)) - raft.server.log.appender.install.snapshot.enabled = false (custom)
2023-09-28 12:58:48,988 [e56a0381-809f-4844-8654-a0ae17700968@group-445644D19F4A-LeaderElection22] INFO  grpc.GrpcConfigKeys (ConfUtils.java:logGet(46)) - raft.grpc.server.heartbeat.channel = true (default)
2023-09-28 12:58:48,988 [e56a0381-809f-4844-8654-a0ae17700968@group-445644D19F4A-LeaderElection22] INFO  impl.RoleInfo (RoleInfo.java:updateAndGet(139)) - e56a0381-809f-4844-8654-a0ae17700968: start e56a0381-809f-4844-8654-a0ae17700968@group-445644D19F4A-LeaderStateImpl
2023-09-28 12:58:48,988 [5e08d1c9-8c08-4060-98f0-ffeffb182171@group-5AF4A90909DD-SegmentedRaftLogWorker] INFO  segmented.SegmentedRaftLogWorker (SegmentedRaftLogWorker.java:execute(651)) - 5e08d1c9-8c08-4060-98f0-ffeffb182171@group-5AF4A90909DD-SegmentedRaftLogWorker: created new log segment /home/runner/work/ozone/ozone/hadoop-ozone/integration-test/target/test-dir/MiniOzoneClusterImpl-1f8fe502-6e97-4a32-9c6f-93491b2fe8ad/datanode-2/data/ratis/9118721c-a818-4803-a2e6-5af4a90909dd/current/log_inprogress_0
2023-09-28 12:58:48,989 [e56a0381-809f-4844-8654-a0ae17700968@group-445644D19F4A-LeaderElection22] INFO  segmented.SegmentedRaftLogWorker (SegmentedRaftLogWorker.java:startLogSegment(447)) - e56a0381-809f-4844-8654-a0ae17700968@group-445644D19F4A-SegmentedRaftLogWorker: Starting segment from index:0
2023-09-28 12:58:48,992 [e56a0381-809f-4844-8654-a0ae17700968@group-445644D19F4A-SegmentedRaftLogWorker] INFO  segmented.SegmentedRaftLogWorker (SegmentedRaftLogWorker.java:execute(651)) - e56a0381-809f-4844-8654-a0ae17700968@group-445644D19F4A-SegmentedRaftLogWorker: created new log segment /home/runner/work/ozone/ozone/hadoop-ozone/integration-test/target/test-dir/MiniOzoneClusterImpl-1f8fe502-6e97-4a32-9c6f-93491b2fe8ad/datanode-1/data/ratis/35ed93ef-f44e-46a3-bb3c-445644d19f4a/current/log_inprogress_0
2023-09-28 12:58:48,993 [e56a0381-809f-4844-8654-a0ae17700968@group-5AF4A90909DD-SegmentedRaftLogWorker] INFO  segmented.SegmentedRaftLogWorker (SegmentedRaftLogWorker.java:execute(651)) - e56a0381-809f-4844-8654-a0ae17700968@group-5AF4A90909DD-SegmentedRaftLogWorker: created new log segment /home/runner/work/ozone/ozone/hadoop-ozone/integration-test/target/test-dir/MiniOzoneClusterImpl-1f8fe502-6e97-4a32-9c6f-93491b2fe8ad/datanode-1/data/ratis/9118721c-a818-4803-a2e6-5af4a90909dd/current/log_inprogress_0
2023-09-28 12:58:49,012 [e56a0381-809f-4844-8654-a0ae17700968@group-445644D19F4A-LeaderElection22] INFO  server.RaftServer$Division (ServerState.java:setRaftConf(434)) - e56a0381-809f-4844-8654-a0ae17700968@group-445644D19F4A: set configuration 0: peers:[5e08d1c9-8c08-4060-98f0-ffeffb182171|rpc:10.1.0.34:15138|admin:10.1.0.34:15137|client:10.1.0.34:15136|dataStream:10.1.0.34:15139|priority:0|startupRole:FOLLOWER, e56a0381-809f-4844-8654-a0ae17700968|rpc:10.1.0.34:15129|admin:10.1.0.34:15128|client:10.1.0.34:15127|dataStream:10.1.0.34:15130|priority:1|startupRole:FOLLOWER, 7a34fa35-5459-4f99-8201-9b20cfcc4ca7|rpc:10.1.0.34:15120|admin:10.1.0.34:15119|client:10.1.0.34:15118|dataStream:10.1.0.34:15121|priority:0|startupRole:FOLLOWER]|listeners:[], old=null
2023-09-28 12:58:49,015 [5e08d1c9-8c08-4060-98f0-ffeffb182171-server-thread1] INFO  ratis.XceiverServerRatis (XceiverServerRatis.java:handleLeaderChangedNotification(902)) - Leader change notification received for group: group-445644D19F4A with new leaderId: e56a0381-809f-4844-8654-a0ae17700968
2023-09-28 12:58:49,015 [5e08d1c9-8c08-4060-98f0-ffeffb182171-server-thread1] INFO  server.RaftServer$Division (ServerState.java:setLeader(317)) - 5e08d1c9-8c08-4060-98f0-ffeffb182171@group-445644D19F4A: change Leader from null to e56a0381-809f-4844-8654-a0ae17700968 at term 1 for appendEntries, leader elected after 5290ms
2023-09-28 12:58:49,018 [7a34fa35-5459-4f99-8201-9b20cfcc4ca7-server-thread1] INFO  ratis.XceiverServerRatis (XceiverServerRatis.java:handleLeaderChangedNotification(902)) - Leader change notification received for group: group-445644D19F4A with new leaderId: e56a0381-809f-4844-8654-a0ae17700968
2023-09-28 12:58:49,018 [7a34fa35-5459-4f99-8201-9b20cfcc4ca7-server-thread1] INFO  server.RaftServer$Division (ServerState.java:setLeader(317)) - 7a34fa35-5459-4f99-8201-9b20cfcc4ca7@group-445644D19F4A: change Leader from null to e56a0381-809f-4844-8654-a0ae17700968 at term 1 for appendEntries, leader elected after 5332ms
2023-09-28 12:58:49,024 [5e08d1c9-8c08-4060-98f0-ffeffb182171-server-thread2] INFO  server.RaftServer$Division (ServerState.java:setRaftConf(434)) - 5e08d1c9-8c08-4060-98f0-ffeffb182171@group-445644D19F4A: set configuration 0: peers:[5e08d1c9-8c08-4060-98f0-ffeffb182171|rpc:10.1.0.34:15138|admin:10.1.0.34:15137|client:10.1.0.34:15136|dataStream:10.1.0.34:15139|priority:0|startupRole:FOLLOWER, e56a0381-809f-4844-8654-a0ae17700968|rpc:10.1.0.34:15129|admin:10.1.0.34:15128|client:10.1.0.34:15127|dataStream:10.1.0.34:15130|priority:1|startupRole:FOLLOWER, 7a34fa35-5459-4f99-8201-9b20cfcc4ca7|rpc:10.1.0.34:15120|admin:10.1.0.34:15119|client:10.1.0.34:15118|dataStream:10.1.0.34:15121|priority:0|startupRole:FOLLOWER]|listeners:[], old=null
2023-09-28 12:58:49,024 [5e08d1c9-8c08-4060-98f0-ffeffb182171-server-thread2] INFO  segmented.SegmentedRaftLogWorker (SegmentedRaftLogWorker.java:startLogSegment(447)) - 5e08d1c9-8c08-4060-98f0-ffeffb182171@group-445644D19F4A-SegmentedRaftLogWorker: Starting segment from index:0
2023-09-28 12:58:49,024 [7a34fa35-5459-4f99-8201-9b20cfcc4ca7-server-thread1] INFO  server.RaftServer$Division (ServerState.java:setRaftConf(434)) - 7a34fa35-5459-4f99-8201-9b20cfcc4ca7@group-445644D19F4A: set configuration 0: peers:[5e08d1c9-8c08-4060-98f0-ffeffb182171|rpc:10.1.0.34:15138|admin:10.1.0.34:15137|client:10.1.0.34:15136|dataStream:10.1.0.34:15139|priority:0|startupRole:FOLLOWER, e56a0381-809f-4844-8654-a0ae17700968|rpc:10.1.0.34:15129|admin:10.1.0.34:15128|client:10.1.0.34:15127|dataStream:10.1.0.34:15130|priority:1|startupRole:FOLLOWER, 7a34fa35-5459-4f99-8201-9b20cfcc4ca7|rpc:10.1.0.34:15120|admin:10.1.0.34:15119|client:10.1.0.34:15118|dataStream:10.1.0.34:15121|priority:0|startupRole:FOLLOWER]|listeners:[], old=null
2023-09-28 12:58:49,024 [7a34fa35-5459-4f99-8201-9b20cfcc4ca7-server-thread1] INFO  segmented.SegmentedRaftLogWorker (SegmentedRaftLogWorker.java:startLogSegment(447)) - 7a34fa35-5459-4f99-8201-9b20cfcc4ca7@group-445644D19F4A-SegmentedRaftLogWorker: Starting segment from index:0
2023-09-28 12:58:49,025 [5e08d1c9-8c08-4060-98f0-ffeffb182171@group-445644D19F4A-SegmentedRaftLogWorker] INFO  segmented.SegmentedRaftLogWorker (SegmentedRaftLogWorker.java:execute(651)) - 5e08d1c9-8c08-4060-98f0-ffeffb182171@group-445644D19F4A-SegmentedRaftLogWorker: created new log segment /home/runner/work/ozone/ozone/hadoop-ozone/integration-test/target/test-dir/MiniOzoneClusterImpl-1f8fe502-6e97-4a32-9c6f-93491b2fe8ad/datanode-2/data/ratis/35ed93ef-f44e-46a3-bb3c-445644d19f4a/current/log_inprogress_0
2023-09-28 12:58:49,026 [7a34fa35-5459-4f99-8201-9b20cfcc4ca7@group-445644D19F4A-SegmentedRaftLogWorker] INFO  segmented.SegmentedRaftLogWorker (SegmentedRaftLogWorker.java:execute(651)) - 7a34fa35-5459-4f99-8201-9b20cfcc4ca7@group-445644D19F4A-SegmentedRaftLogWorker: created new log segment /home/runner/work/ozone/ozone/hadoop-ozone/integration-test/target/test-dir/MiniOzoneClusterImpl-1f8fe502-6e97-4a32-9c6f-93491b2fe8ad/datanode-0/data/ratis/35ed93ef-f44e-46a3-bb3c-445644d19f4a/current/log_inprogress_0
2023-09-28 12:58:49,068 [main] INFO  ozone.MiniOzoneClusterImpl (MiniOzoneClusterImpl.java:lambda$waitForClusterToBeReady$0(229)) - Nodes are ready. Got 5 of 5 DN Heartbeats.
2023-09-28 12:58:49,069 [main] INFO  ozone.MiniOzoneClusterImpl (MiniOzoneClusterImpl.java:lambda$waitForClusterToBeReady$0(232)) - Cluster exits safe mode
2023-09-28 12:58:49,069 [main] INFO  ozone.MiniOzoneClusterImpl (MiniOzoneClusterImpl.java:lambda$waitForClusterToBeReady$0(234)) - SCM became leader
2023-09-28 12:58:49,094 [main] INFO  rpc.RpcClient (RpcClient.java:createVolume(462)) - Creating Volume: volume13657, with user06061 as owner and space quota set to -1 bytes, counts quota set to -1
2023-09-28 12:58:49,100 [OM StateMachine ApplyTransaction Thread - 0] INFO  volume.OMVolumeCreateRequest (OMVolumeCreateRequest.java:validateAndUpdateCache(196)) - created volume:volume13657 for user:user06061
2023-09-28 12:58:49,112 [e56a0381-809f-4844-8654-a0ae17700968@group-5F28C6FE5099-FollowerState] INFO  impl.FollowerState (FollowerState.java:run(143)) - e56a0381-809f-4844-8654-a0ae17700968@group-5F28C6FE5099-FollowerState: change to CANDIDATE, lastRpcElapsedTime:5098192562ns, electionTimeout:5093ms
2023-09-28 12:58:49,112 [e56a0381-809f-4844-8654-a0ae17700968@group-5F28C6FE5099-FollowerState] INFO  impl.RoleInfo (RoleInfo.java:shutdownFollowerState(110)) - e56a0381-809f-4844-8654-a0ae17700968: shutdown e56a0381-809f-4844-8654-a0ae17700968@group-5F28C6FE5099-FollowerState
2023-09-28 12:58:49,112 [e56a0381-809f-4844-8654-a0ae17700968@group-5F28C6FE5099-FollowerState] INFO  server.RaftServer$Division (RaftServerImpl.java:setRole(329)) - e56a0381-809f-4844-8654-a0ae17700968@group-5F28C6FE5099: changes role from  FOLLOWER to CANDIDATE at term 0 for changeToCandidate
2023-09-28 12:58:49,113 [e56a0381-809f-4844-8654-a0ae17700968@group-5F28C6FE5099-FollowerState] INFO  server.RaftServerConfigKeys (ConfUtils.java:logGet(46)) - raft.server.leaderelection.pre-vote = true (default)
2023-09-28 12:58:49,113 [e56a0381-809f-4844-8654-a0ae17700968@group-5F28C6FE5099-FollowerState] INFO  impl.RoleInfo (RoleInfo.java:updateAndGet(139)) - e56a0381-809f-4844-8654-a0ae17700968: start e56a0381-809f-4844-8654-a0ae17700968@group-5F28C6FE5099-LeaderElection23
2023-09-28 12:58:49,117 [e56a0381-809f-4844-8654-a0ae17700968@group-5F28C6FE5099-LeaderElection23] INFO  impl.LeaderElection (LeaderElection.java:askForVotes(321)) - e56a0381-809f-4844-8654-a0ae17700968@group-5F28C6FE5099-LeaderElection23 PRE_VOTE round 0: submit vote requests at term 0 for -1: peers:[e56a0381-809f-4844-8654-a0ae17700968|rpc:10.1.0.34:15129|admin:10.1.0.34:15128|client:10.1.0.34:15127|dataStream:10.1.0.34:15130|priority:1|startupRole:FOLLOWER]|listeners:[], old=null
2023-09-28 12:58:49,117 [main] INFO  rpc.RpcClient (RpcClient.java:createBucket(689)) - Creating Bucket: volume13657/bucket40110, with bucket layout LEGACY, runner as owner, Versioning false, Storage Type set to DISK and Encryption set to false, Replication Type set to server-side default replication type, Namespace Quota set to -1, Space Quota set to -1 
2023-09-28 12:58:49,117 [e56a0381-809f-4844-8654-a0ae17700968@group-5F28C6FE5099-LeaderElection23] INFO  impl.LeaderElection (LeaderElection.java:askForVotes(323)) - e56a0381-809f-4844-8654-a0ae17700968@group-5F28C6FE5099-LeaderElection23 PRE_VOTE round 0: result PASSED (term=0)
2023-09-28 12:58:49,119 [OM StateMachine ApplyTransaction Thread - 0] INFO  bucket.OMBucketCreateRequest (OMBucketCreateRequest.java:validateAndUpdateCache(270)) - created bucket: bucket40110 of layout LEGACY in volume: volume13657
2023-09-28 12:58:49,120 [e56a0381-809f-4844-8654-a0ae17700968@group-5F28C6FE5099-LeaderElection23] INFO  impl.LeaderElection (LeaderElection.java:askForVotes(321)) - e56a0381-809f-4844-8654-a0ae17700968@group-5F28C6FE5099-LeaderElection23 ELECTION round 0: submit vote requests at term 1 for -1: peers:[e56a0381-809f-4844-8654-a0ae17700968|rpc:10.1.0.34:15129|admin:10.1.0.34:15128|client:10.1.0.34:15127|dataStream:10.1.0.34:15130|priority:1|startupRole:FOLLOWER]|listeners:[], old=null
2023-09-28 12:58:49,121 [e56a0381-809f-4844-8654-a0ae17700968@group-5F28C6FE5099-LeaderElection23] INFO  impl.LeaderElection (LeaderElection.java:askForVotes(323)) - e56a0381-809f-4844-8654-a0ae17700968@group-5F28C6FE5099-LeaderElection23 ELECTION round 0: result PASSED (term=1)
2023-09-28 12:58:49,121 [e56a0381-809f-4844-8654-a0ae17700968@group-5F28C6FE5099-LeaderElection23] INFO  impl.RoleInfo (RoleInfo.java:shutdownLeaderElection(130)) - e56a0381-809f-4844-8654-a0ae17700968: shutdown e56a0381-809f-4844-8654-a0ae17700968@group-5F28C6FE5099-LeaderElection23
2023-09-28 12:58:49,121 [e56a0381-809f-4844-8654-a0ae17700968@group-5F28C6FE5099-LeaderElection23] INFO  server.RaftServer$Division (RaftServerImpl.java:setRole(329)) - e56a0381-809f-4844-8654-a0ae17700968@group-5F28C6FE5099: changes role from CANDIDATE to LEADER at term 1 for changeToLeader
2023-09-28 12:58:49,121 [e56a0381-809f-4844-8654-a0ae17700968@group-5F28C6FE5099-LeaderElection23] INFO  ratis.XceiverServerRatis (XceiverServerRatis.java:handleLeaderChangedNotification(902)) - Leader change notification received for group: group-5F28C6FE5099 with new leaderId: e56a0381-809f-4844-8654-a0ae17700968
2023-09-28 12:58:49,138 [e56a0381-809f-4844-8654-a0ae17700968@group-5F28C6FE5099-LeaderElection23] INFO  server.RaftServer$Division (ServerState.java:setLeader(317)) - e56a0381-809f-4844-8654-a0ae17700968@group-5F28C6FE5099: change Leader from null to e56a0381-809f-4844-8654-a0ae17700968 at term 1 for becomeLeader, leader elected after 5122ms
2023-09-28 12:58:49,142 [e56a0381-809f-4844-8654-a0ae17700968@group-5F28C6FE5099-LeaderElection23] INFO  server.RaftServerConfigKeys (ConfUtils.java:logGet(46)) - raft.server.staging.catchup.gap = 1000 (default)
2023-09-28 12:58:49,143 [e56a0381-809f-4844-8654-a0ae17700968@group-5F28C6FE5099-LeaderElection23] INFO  server.RaftServerConfigKeys (ConfUtils.java:logGet(46)) - raft.server.write.element-limit = 1024 (custom)
2023-09-28 12:58:49,143 [e56a0381-809f-4844-8654-a0ae17700968@group-5F28C6FE5099-LeaderElection23] INFO  server.RaftServerConfigKeys (ConfUtils.java:logGet(46)) - raft.server.write.byte-limit = 1024 M (=1073741824) (custom)
2023-09-28 12:58:49,143 [e56a0381-809f-4844-8654-a0ae17700968@group-5F28C6FE5099-LeaderElection23] INFO  server.RaftServerConfigKeys (ConfUtils.java:logGet(46)) - raft.server.watch.timeout = 180s (custom)
2023-09-28 12:58:49,143 [e56a0381-809f-4844-8654-a0ae17700968@group-5F28C6FE5099-LeaderElection23] INFO  server.RaftServerConfigKeys (ConfUtils.java:logGet(46)) - raft.server.watch.timeout.denomination = 1s (default)
2023-09-28 12:58:49,143 [e56a0381-809f-4844-8654-a0ae17700968@group-5F28C6FE5099-LeaderElection23] INFO  server.RaftServerConfigKeys (ConfUtils.java:logGet(46)) - raft.server.watch.element-limit = 65536 (default)
2023-09-28 12:58:49,143 [e56a0381-809f-4844-8654-a0ae17700968@group-5F28C6FE5099-LeaderElection23] INFO  server.RaftServerConfigKeys (ConfUtils.java:logGet(46)) - raft.server.write.element-limit = 1024 (custom)
2023-09-28 12:58:49,143 [e56a0381-809f-4844-8654-a0ae17700968@group-5F28C6FE5099-LeaderElection23] INFO  server.RaftServerConfigKeys (ConfUtils.java:logGet(46)) - raft.server.write.follower.gap.ratio.max = -1.0 (default)
2023-09-28 12:58:49,143 [e56a0381-809f-4844-8654-a0ae17700968@group-5F28C6FE5099-LeaderElection23] INFO  impl.RoleInfo (RoleInfo.java:updateAndGet(139)) - e56a0381-809f-4844-8654-a0ae17700968: start e56a0381-809f-4844-8654-a0ae17700968@group-5F28C6FE5099-LeaderStateImpl
2023-09-28 12:58:49,143 [e56a0381-809f-4844-8654-a0ae17700968@group-5F28C6FE5099-LeaderElection23] INFO  segmented.SegmentedRaftLogWorker (SegmentedRaftLogWorker.java:startLogSegment(447)) - e56a0381-809f-4844-8654-a0ae17700968@group-5F28C6FE5099-SegmentedRaftLogWorker: Starting segment from index:0
2023-09-28 12:58:49,146 [e56a0381-809f-4844-8654-a0ae17700968@group-5F28C6FE5099-SegmentedRaftLogWorker] INFO  segmented.SegmentedRaftLogWorker (SegmentedRaftLogWorker.java:execute(651)) - e56a0381-809f-4844-8654-a0ae17700968@group-5F28C6FE5099-SegmentedRaftLogWorker: created new log segment /home/runner/work/ozone/ozone/hadoop-ozone/integration-test/target/test-dir/MiniOzoneClusterImpl-1f8fe502-6e97-4a32-9c6f-93491b2fe8ad/datanode-1/data/ratis/bd6301f8-8ba6-43b6-8fab-5f28c6fe5099/current/log_inprogress_0
2023-09-28 12:58:49,152 [e56a0381-809f-4844-8654-a0ae17700968@group-5F28C6FE5099-LeaderElection23] INFO  server.RaftServer$Division (ServerState.java:setRaftConf(434)) - e56a0381-809f-4844-8654-a0ae17700968@group-5F28C6FE5099: set configuration 0: peers:[e56a0381-809f-4844-8654-a0ae17700968|rpc:10.1.0.34:15129|admin:10.1.0.34:15128|client:10.1.0.34:15127|dataStream:10.1.0.34:15130|priority:1|startupRole:FOLLOWER]|listeners:[], old=null
]]></system-out>
  </testcase>
  <testcase name="testGetTrashRoot" classname="TestOzoneFileSystem" time="18.662">
    <system-out><![CDATA[2023-09-28 12:59:51,924 [main] INFO  ozone.MiniOzoneClusterImpl (MiniOzoneClusterImpl.java:shutdown(448)) - Shutting down the Mini Ozone Cluster
2023-09-28 12:59:51,924 [main] INFO  ozone.MiniOzoneClusterImpl (MiniOzoneClusterImpl.java:stop(465)) - Stopping the Mini Ozone Cluster
2023-09-28 12:59:51,925 [main] INFO  ozone.MiniOzoneClusterImpl (MiniOzoneClusterImpl.java:stopOM(556)) - Stopping the OzoneManager
2023-09-28 12:59:51,925 [main] INFO  om.OzoneManager (OzoneManager.java:stop(2210)) - om1[localhost:15110]: Stopping Ozone Manager
2023-09-28 12:59:51,925 [main] INFO  ipc.Server (Server.java:stop(3523)) - Stopping server on 15110
2023-09-28 12:59:51,932 [IPC Server listener on 15110] INFO  ipc.Server (Server.java:run(1434)) - Stopping IPC Server listener on 15110
2023-09-28 12:59:51,932 [IPC Server Responder] INFO  ipc.Server (Server.java:run(1567)) - Stopping IPC Server Responder
2023-09-28 12:59:51,937 [main] INFO  server.RaftServer (RaftServerProxy.java:lambda$close$6(416)) - om1: close
2023-09-28 12:59:51,937 [main] INFO  server.GrpcService (GrpcService.java:closeImpl(311)) - om1: shutdown server GrpcServerProtocolService now
2023-09-28 12:59:51,938 [om1-impl-thread2] INFO  server.RaftServer$Division (RaftServerImpl.java:lambda$close$4(466)) - om1@group-C5BA1605619E: shutdown
2023-09-28 12:59:51,938 [om1-impl-thread2] INFO  util.JmxRegister (JmxRegister.java:unregister(73)) - Successfully un-registered JMX Bean with object name Ratis:service=RaftServer,group=group-C5BA1605619E,id=om1
2023-09-28 12:59:51,938 [om1-impl-thread2] INFO  impl.RoleInfo (RoleInfo.java:shutdownLeaderState(93)) - om1: shutdown om1@group-C5BA1605619E-LeaderStateImpl
2023-09-28 12:59:51,938 [om1-impl-thread2] INFO  impl.PendingRequests (PendingRequests.java:sendNotLeaderResponses(289)) - om1@group-C5BA1605619E-PendingRequests: sendNotLeaderResponses
2023-09-28 12:59:51,949 [main] INFO  server.GrpcService (GrpcService.java:closeImpl(320)) - om1: shutdown server GrpcServerProtocolService successfully
2023-09-28 12:59:51,950 [om1-impl-thread2] INFO  impl.StateMachineUpdater (StateMachineUpdater.java:stopAndJoin(155)) - om1@group-C5BA1605619E-StateMachineUpdater: set stopIndex = 37008
2023-09-28 12:59:51,951 [om1@group-C5BA1605619E-StateMachineUpdater] INFO  ratis.OzoneManagerStateMachine (OzoneManagerStateMachine.java:takeSnapshot(480)) - Current Snapshot Index (t:1, i:37008)
2023-09-28 12:59:51,991 [om1@group-C5BA1605619E-StateMachineUpdater] INFO  impl.StateMachineUpdater (StateMachineUpdater.java:takeSnapshot(291)) - om1@group-C5BA1605619E-StateMachineUpdater: Took a snapshot at index 37008
2023-09-28 12:59:51,991 [om1@group-C5BA1605619E-StateMachineUpdater] INFO  impl.StateMachineUpdater (StateMachineUpdater.java:lambda$new$0(97)) - om1@group-C5BA1605619E-StateMachineUpdater: snapshotIndex: updateIncreasingly -1 -> 37008
2023-09-28 12:59:51,991 [om1@group-C5BA1605619E-StateMachineUpdater] INFO  ratis.OzoneManagerStateMachine (OzoneManagerStateMachine.java:close(534)) - StateMachine has shutdown. Shutdown OzoneManager if not already shutdown.
2023-09-28 12:59:51,991 [om1@group-C5BA1605619E-StateMachineUpdater] INFO  ratis.OzoneManagerDoubleBuffer (OzoneManagerDoubleBuffer.java:stopDaemon(551)) - Stopping OMDoubleBuffer flush thread
2023-09-28 12:59:51,994 [OMDoubleBufferFlushThread] INFO  ratis.OzoneManagerDoubleBuffer (OzoneManagerDoubleBuffer.java:canFlush(638)) - OMDoubleBuffer flush thread OMDoubleBufferFlushThread is interrupted and will exit.
2023-09-28 12:59:51,995 [om1-impl-thread2] INFO  server.RaftServer$Division (ServerState.java:close(472)) - om1@group-C5BA1605619E: closes. applyIndex: 37008
2023-09-28 12:59:52,918 [om1-impl-thread2] INFO  segmented.SegmentedRaftLogWorker (SegmentedRaftLogWorker.java:close(252)) - om1@group-C5BA1605619E-SegmentedRaftLogWorker close()
2023-09-28 12:59:52,920 [JvmPauseMonitor15] INFO  util.JvmPauseMonitor (JvmPauseMonitor.java:run(109)) - JvmPauseMonitor-om1: Stopped
2023-09-28 12:59:52,920 [main] INFO  ratis.OzoneManagerStateMachine (OzoneManagerStateMachine.java:close(534)) - StateMachine has shutdown. Shutdown OzoneManager if not already shutdown.
2023-09-28 12:59:52,921 [main] INFO  ratis.OzoneManagerDoubleBuffer (OzoneManagerDoubleBuffer.java:stopDaemon(560)) - OMDoubleBuffer flush thread is not running.
2023-09-28 12:59:52,921 [main] INFO  utils.BackgroundService (BackgroundService.java:shutdown(141)) - Shutting down service KeyDeletingService
2023-09-28 12:59:52,922 [main] INFO  utils.BackgroundService (BackgroundService.java:shutdown(141)) - Shutting down service KeyDeletingService
2023-09-28 12:59:52,922 [main] INFO  utils.BackgroundService (BackgroundService.java:shutdown(141)) - Shutting down service OpenKeyCleanupService
2023-09-28 12:59:52,922 [main] INFO  utils.BackgroundService (BackgroundService.java:shutdown(141)) - Shutting down service SstFilteringService
2023-09-28 12:59:52,922 [main] INFO  utils.BackgroundService (BackgroundService.java:shutdown(141)) - Shutting down service SnapshotDeletingService
2023-09-28 12:59:52,923 [main] INFO  handler.ContextHandler (ContextHandler.java:doStop(1159)) - Stopped o.e.j.w.WebAppContext@7b58d966{ozoneManager,/,null,STOPPED}{file:/home/runner/work/ozone/ozone/hadoop-ozone/integration-test/target/test-classes/webapps/ozoneManager}
2023-09-28 12:59:52,924 [main] INFO  server.AbstractConnector (AbstractConnector.java:doStop(383)) - Stopped ServerConnector@2f500fcd{HTTP/1.1, (http/1.1)}{0.0.0.0:15111}
2023-09-28 12:59:52,924 [main] INFO  server.session (HouseKeeper.java:stopScavenging(149)) - node0 Stopped scavenging
2023-09-28 12:59:52,924 [main] INFO  handler.ContextHandler (ContextHandler.java:doStop(1159)) - Stopped o.e.j.s.ServletContextHandler@198270b8{static,/static,file:///home/runner/work/ozone/ozone/hadoop-ozone/integration-test/target/test-classes/webapps/static,STOPPED}
2023-09-28 12:59:52,924 [main] INFO  handler.ContextHandler (ContextHandler.java:doStop(1159)) - Stopped o.e.j.s.ServletContextHandler@525dc4ad{logs,/logs,file:///home/runner/work/ozone/ozone/hadoop-ozone/integration-test/target/log,STOPPED}
2023-09-28 12:59:52,925 [Trash Emptier] ERROR om.TrashPolicyOzone (TrashPolicyOzone.java:run(354)) - Error attempting to shutdown
java.lang.InterruptedException
	at java.util.concurrent.locks.AbstractQueuedSynchronizer$ConditionObject.awaitNanos(AbstractQueuedSynchronizer.java:2067)
	at java.util.concurrent.ThreadPoolExecutor.awaitTermination(ThreadPoolExecutor.java:1475)
	at org.apache.hadoop.ozone.om.TrashPolicyOzone$Emptier.run(TrashPolicyOzone.java:352)
	at java.lang.Thread.run(Thread.java:750)
2023-09-28 12:59:52,925 [main] INFO  rocksdiff.RocksDBCheckpointDiffer (RocksDBCheckpointDiffer.java:close(343)) - Shutting down CompactionDagPruningService.
2023-09-28 12:59:52,929 [main] INFO  snapshot.SnapshotDiffManager (SnapshotDiffManager.java:closeExecutorService(1718)) - Shutting down executorService: 'SnapDiffExecutor'
2023-09-28 12:59:52,929 [main] INFO  snapshot.SnapshotDiffManager (SnapshotDiffManager.java:closeExecutorService(1718)) - Shutting down executorService: 'SstDumpToolExecutor'
2023-09-28 12:59:52,929 [main] INFO  utils.BackgroundService (BackgroundService.java:shutdown(141)) - Shutting down service SnapshotDiffCleanupService
2023-09-28 12:59:52,932 [main] INFO  ozone.MiniOzoneClusterImpl (MiniOzoneClusterImpl.java:stopDatanodes(533)) - Stopping the HddsDatanodes
2023-09-28 12:59:52,946 [ForkJoinPool.commonPool-worker-2] INFO  ozoneimpl.OzoneContainer (OzoneContainer.java:stop(451)) - Attempting to stop container services.
2023-09-28 12:59:52,947 [main] INFO  ozoneimpl.OzoneContainer (OzoneContainer.java:stop(451)) - Attempting to stop container services.
2023-09-28 12:59:52,947 [ForkJoinPool.commonPool-worker-2] INFO  server.RaftServer (RaftServerProxy.java:lambda$close$6(416)) - e56a0381-809f-4844-8654-a0ae17700968: close
2023-09-28 12:59:52,948 [e56a0381-809f-4844-8654-a0ae17700968-impl-thread2] INFO  server.RaftServer$Division (RaftServerImpl.java:lambda$close$4(466)) - e56a0381-809f-4844-8654-a0ae17700968@group-5AF4A90909DD: shutdown
2023-09-28 12:59:52,948 [main] INFO  server.RaftServer (RaftServerProxy.java:lambda$close$6(416)) - 5e08d1c9-8c08-4060-98f0-ffeffb182171: close
2023-09-28 12:59:52,948 [e56a0381-809f-4844-8654-a0ae17700968-impl-thread2] INFO  util.JmxRegister (JmxRegister.java:unregister(73)) - Successfully un-registered JMX Bean with object name Ratis:service=RaftServer,group=group-5AF4A90909DD,id=e56a0381-809f-4844-8654-a0ae17700968
2023-09-28 12:59:52,948 [e56a0381-809f-4844-8654-a0ae17700968-impl-thread2] INFO  impl.RoleInfo (RoleInfo.java:shutdownFollowerState(110)) - e56a0381-809f-4844-8654-a0ae17700968: shutdown e56a0381-809f-4844-8654-a0ae17700968@group-5AF4A90909DD-FollowerState
2023-09-28 12:59:52,952 [e56a0381-809f-4844-8654-a0ae17700968-impl-thread3] INFO  server.RaftServer$Division (RaftServerImpl.java:lambda$close$4(466)) - e56a0381-809f-4844-8654-a0ae17700968@group-445644D19F4A: shutdown
2023-09-28 12:59:52,952 [e56a0381-809f-4844-8654-a0ae17700968-impl-thread3] INFO  util.JmxRegister (JmxRegister.java:unregister(73)) - Successfully un-registered JMX Bean with object name Ratis:service=RaftServer,group=group-445644D19F4A,id=e56a0381-809f-4844-8654-a0ae17700968
2023-09-28 12:59:52,952 [e56a0381-809f-4844-8654-a0ae17700968-impl-thread3] INFO  impl.RoleInfo (RoleInfo.java:shutdownLeaderState(93)) - e56a0381-809f-4844-8654-a0ae17700968: shutdown e56a0381-809f-4844-8654-a0ae17700968@group-445644D19F4A-LeaderStateImpl
2023-09-28 12:59:52,952 [ForkJoinPool.commonPool-worker-2] INFO  server.GrpcService (GrpcService.java:closeImpl(311)) - e56a0381-809f-4844-8654-a0ae17700968: shutdown server org.apache.ratis.grpc.server.GrpcClientProtocolService now
2023-09-28 12:59:52,952 [e56a0381-809f-4844-8654-a0ae17700968-impl-thread4] INFO  server.RaftServer$Division (RaftServerImpl.java:lambda$close$4(466)) - e56a0381-809f-4844-8654-a0ae17700968@group-5F28C6FE5099: shutdown
2023-09-28 12:59:52,952 [e56a0381-809f-4844-8654-a0ae17700968-impl-thread4] INFO  util.JmxRegister (JmxRegister.java:unregister(73)) - Successfully un-registered JMX Bean with object name Ratis:service=RaftServer,group=group-5F28C6FE5099,id=e56a0381-809f-4844-8654-a0ae17700968
2023-09-28 12:59:52,952 [e56a0381-809f-4844-8654-a0ae17700968-impl-thread4] INFO  impl.RoleInfo (RoleInfo.java:shutdownLeaderState(93)) - e56a0381-809f-4844-8654-a0ae17700968: shutdown e56a0381-809f-4844-8654-a0ae17700968@group-5F28C6FE5099-LeaderStateImpl
2023-09-28 12:59:52,952 [e56a0381-809f-4844-8654-a0ae17700968-impl-thread4] INFO  impl.PendingRequests (PendingRequests.java:sendNotLeaderResponses(289)) - e56a0381-809f-4844-8654-a0ae17700968@group-5F28C6FE5099-PendingRequests: sendNotLeaderResponses
2023-09-28 12:59:52,953 [e56a0381-809f-4844-8654-a0ae17700968@group-5F28C6FE5099-StateMachineUpdater] INFO  ratis.ContainerStateMachine (ContainerStateMachine.java:takeSnapshot(330)) - group-5F28C6FE5099: Taking a snapshot at:(t:1, i:0) file /home/runner/work/ozone/ozone/hadoop-ozone/integration-test/target/test-dir/MiniOzoneClusterImpl-1f8fe502-6e97-4a32-9c6f-93491b2fe8ad/datanode-1/data/ratis/bd6301f8-8ba6-43b6-8fab-5f28c6fe5099/sm/snapshot.1_0
2023-09-28 12:59:52,953 [grpc-default-executor-4] WARN  server.GrpcClientProtocolService (LogUtils.java:warn(122)) - 0-OrderedRequestStreamObserver0: onError: org.apache.ratis.thirdparty.io.grpc.StatusRuntimeException: CANCELLED: client cancelled
2023-09-28 12:59:52,954 [e56a0381-809f-4844-8654-a0ae17700968@group-5F28C6FE5099-StateMachineUpdater] INFO  ratis.ContainerStateMachine (ContainerStateMachine.java:takeSnapshot(341)) - group-5F28C6FE5099: Finished taking a snapshot at:(t:1, i:0) file:/home/runner/work/ozone/ozone/hadoop-ozone/integration-test/target/test-dir/MiniOzoneClusterImpl-1f8fe502-6e97-4a32-9c6f-93491b2fe8ad/datanode-1/data/ratis/bd6301f8-8ba6-43b6-8fab-5f28c6fe5099/sm/snapshot.1_0 took: 1 ms
2023-09-28 12:59:52,954 [e56a0381-809f-4844-8654-a0ae17700968@group-5F28C6FE5099-StateMachineUpdater] INFO  impl.StateMachineUpdater (StateMachineUpdater.java:takeSnapshot(291)) - e56a0381-809f-4844-8654-a0ae17700968@group-5F28C6FE5099-StateMachineUpdater: Took a snapshot at index 0
2023-09-28 12:59:52,954 [e56a0381-809f-4844-8654-a0ae17700968@group-5F28C6FE5099-StateMachineUpdater] INFO  impl.StateMachineUpdater (StateMachineUpdater.java:lambda$new$0(97)) - e56a0381-809f-4844-8654-a0ae17700968@group-5F28C6FE5099-StateMachineUpdater: snapshotIndex: updateIncreasingly -1 -> 0
2023-09-28 12:59:52,955 [e56a0381-809f-4844-8654-a0ae17700968@group-5AF4A90909DD-FollowerState] INFO  impl.FollowerState (FollowerState.java:run(152)) - e56a0381-809f-4844-8654-a0ae17700968@group-5AF4A90909DD-FollowerState was interrupted
2023-09-28 12:59:52,955 [e56a0381-809f-4844-8654-a0ae17700968@group-5AF4A90909DD-StateMachineUpdater] INFO  ratis.ContainerStateMachine (ContainerStateMachine.java:takeSnapshot(330)) - group-5AF4A90909DD: Taking a snapshot at:(t:1, i:25) file /home/runner/work/ozone/ozone/hadoop-ozone/integration-test/target/test-dir/MiniOzoneClusterImpl-1f8fe502-6e97-4a32-9c6f-93491b2fe8ad/datanode-1/data/ratis/9118721c-a818-4803-a2e6-5af4a90909dd/sm/snapshot.1_25
2023-09-28 12:59:52,955 [e56a0381-809f-4844-8654-a0ae17700968-impl-thread2] INFO  impl.StateMachineUpdater (StateMachineUpdater.java:stopAndJoin(155)) - e56a0381-809f-4844-8654-a0ae17700968@group-5AF4A90909DD-StateMachineUpdater: set stopIndex = 25
2023-09-28 12:59:52,955 [e56a0381-809f-4844-8654-a0ae17700968-impl-thread4] INFO  impl.StateMachineUpdater (StateMachineUpdater.java:stopAndJoin(155)) - e56a0381-809f-4844-8654-a0ae17700968@group-5F28C6FE5099-StateMachineUpdater: set stopIndex = 0
2023-09-28 12:59:52,955 [e56a0381-809f-4844-8654-a0ae17700968-impl-thread4] INFO  server.RaftServer$Division (ServerState.java:close(472)) - e56a0381-809f-4844-8654-a0ae17700968@group-5F28C6FE5099: closes. applyIndex: 0
2023-09-28 12:59:52,956 [5e08d1c9-8c08-4060-98f0-ffeffb182171-impl-thread2] INFO  server.RaftServer$Division (RaftServerImpl.java:lambda$close$4(466)) - 5e08d1c9-8c08-4060-98f0-ffeffb182171@group-14816746C428: shutdown
2023-09-28 12:59:52,956 [5e08d1c9-8c08-4060-98f0-ffeffb182171-impl-thread3] INFO  server.RaftServer$Division (RaftServerImpl.java:lambda$close$4(466)) - 5e08d1c9-8c08-4060-98f0-ffeffb182171@group-5AF4A90909DD: shutdown
2023-09-28 12:59:52,956 [e56a0381-809f-4844-8654-a0ae17700968@group-5AF4A90909DD-StateMachineUpdater] INFO  ratis.ContainerStateMachine (ContainerStateMachine.java:takeSnapshot(341)) - group-5AF4A90909DD: Finished taking a snapshot at:(t:1, i:25) file:/home/runner/work/ozone/ozone/hadoop-ozone/integration-test/target/test-dir/MiniOzoneClusterImpl-1f8fe502-6e97-4a32-9c6f-93491b2fe8ad/datanode-1/data/ratis/9118721c-a818-4803-a2e6-5af4a90909dd/sm/snapshot.1_25 took: 1 ms
2023-09-28 12:59:52,956 [5e08d1c9-8c08-4060-98f0-ffeffb182171-impl-thread2] INFO  util.JmxRegister (JmxRegister.java:unregister(73)) - Successfully un-registered JMX Bean with object name Ratis:service=RaftServer,group=group-14816746C428,id=5e08d1c9-8c08-4060-98f0-ffeffb182171
2023-09-28 12:59:52,957 [5e08d1c9-8c08-4060-98f0-ffeffb182171-impl-thread2] INFO  impl.RoleInfo (RoleInfo.java:shutdownLeaderState(93)) - 5e08d1c9-8c08-4060-98f0-ffeffb182171: shutdown 5e08d1c9-8c08-4060-98f0-ffeffb182171@group-14816746C428-LeaderStateImpl
2023-09-28 12:59:52,957 [5e08d1c9-8c08-4060-98f0-ffeffb182171-impl-thread3] INFO  util.JmxRegister (JmxRegister.java:unregister(73)) - Successfully un-registered JMX Bean with object name Ratis:service=RaftServer,group=group-5AF4A90909DD,id=5e08d1c9-8c08-4060-98f0-ffeffb182171
2023-09-28 12:59:52,957 [e56a0381-809f-4844-8654-a0ae17700968@group-5AF4A90909DD-StateMachineUpdater] INFO  impl.StateMachineUpdater (StateMachineUpdater.java:takeSnapshot(291)) - e56a0381-809f-4844-8654-a0ae17700968@group-5AF4A90909DD-StateMachineUpdater: Took a snapshot at index 25
2023-09-28 12:59:52,957 [e56a0381-809f-4844-8654-a0ae17700968@group-5AF4A90909DD-StateMachineUpdater] INFO  impl.StateMachineUpdater (StateMachineUpdater.java:lambda$new$0(97)) - e56a0381-809f-4844-8654-a0ae17700968@group-5AF4A90909DD-StateMachineUpdater: snapshotIndex: updateIncreasingly -1 -> 25
2023-09-28 12:59:52,957 [5e08d1c9-8c08-4060-98f0-ffeffb182171-impl-thread2] INFO  impl.PendingRequests (PendingRequests.java:sendNotLeaderResponses(289)) - 5e08d1c9-8c08-4060-98f0-ffeffb182171@group-14816746C428-PendingRequests: sendNotLeaderResponses
2023-09-28 12:59:52,957 [5e08d1c9-8c08-4060-98f0-ffeffb182171-impl-thread3] INFO  impl.RoleInfo (RoleInfo.java:shutdownFollowerState(110)) - 5e08d1c9-8c08-4060-98f0-ffeffb182171: shutdown 5e08d1c9-8c08-4060-98f0-ffeffb182171@group-5AF4A90909DD-FollowerState
2023-09-28 12:59:52,967 [e56a0381-809f-4844-8654-a0ae17700968-impl-thread3] INFO  impl.PendingRequests (PendingRequests.java:sendNotLeaderResponses(289)) - e56a0381-809f-4844-8654-a0ae17700968@group-445644D19F4A-PendingRequests: sendNotLeaderResponses
2023-09-28 12:59:52,967 [e56a0381-809f-4844-8654-a0ae17700968@group-445644D19F4A->7a34fa35-5459-4f99-8201-9b20cfcc4ca7-GrpcLogAppender-LogAppenderDaemon] WARN  server.GrpcLogAppender (GrpcLogAppender.java:mayWait(199)) - e56a0381-809f-4844-8654-a0ae17700968@group-445644D19F4A->7a34fa35-5459-4f99-8201-9b20cfcc4ca7-GrpcLogAppender: Wait interrupted by java.lang.InterruptedException
2023-09-28 12:59:52,968 [grpc-default-executor-4] INFO  server.GrpcServerProtocolService (GrpcServerProtocolService.java:onCompleted(155)) - 7a34fa35-5459-4f99-8201-9b20cfcc4ca7: Completed APPEND_ENTRIES, lastRequest: null
2023-09-28 12:59:52,967 [e56a0381-809f-4844-8654-a0ae17700968@group-445644D19F4A->5e08d1c9-8c08-4060-98f0-ffeffb182171-GrpcLogAppender-LogAppenderDaemon] WARN  server.GrpcLogAppender (GrpcLogAppender.java:mayWait(199)) - e56a0381-809f-4844-8654-a0ae17700968@group-445644D19F4A->5e08d1c9-8c08-4060-98f0-ffeffb182171-GrpcLogAppender: Wait interrupted by java.lang.InterruptedException
2023-09-28 12:59:52,969 [grpc-default-executor-0] INFO  server.GrpcServerProtocolService (GrpcServerProtocolService.java:onCompleted(155)) - 5e08d1c9-8c08-4060-98f0-ffeffb182171: Completed APPEND_ENTRIES, lastRequest: e56a0381-809f-4844-8654-a0ae17700968->5e08d1c9-8c08-4060-98f0-ffeffb182171#6-t1,previous=(t:1, i:3),leaderCommit=3,initializing? true,entries: size=1, first=(t:1, i:4), METADATAENTRY(c:2)
2023-09-28 12:59:52,969 [grpc-default-executor-0] INFO  server.GrpcServerProtocolService (GrpcServerProtocolService.java:lambda$onCompleted$5(157)) - 5e08d1c9-8c08-4060-98f0-ffeffb182171: Completed APPEND_ENTRIES, lastReply: null
2023-09-28 12:59:52,969 [5e08d1c9-8c08-4060-98f0-ffeffb182171@group-14816746C428-StateMachineUpdater] INFO  ratis.ContainerStateMachine (ContainerStateMachine.java:takeSnapshot(330)) - group-14816746C428: Taking a snapshot at:(t:1, i:0) file /home/runner/work/ozone/ozone/hadoop-ozone/integration-test/target/test-dir/MiniOzoneClusterImpl-1f8fe502-6e97-4a32-9c6f-93491b2fe8ad/datanode-2/data/ratis/c677a82f-a99a-43fa-a7d3-14816746c428/sm/snapshot.1_0
2023-09-28 12:59:52,969 [grpc-default-executor-5] INFO  server.GrpcServerProtocolService (GrpcServerProtocolService.java:onCompleted(155)) - 7a34fa35-5459-4f99-8201-9b20cfcc4ca7: Completed APPEND_ENTRIES, lastRequest: e56a0381-809f-4844-8654-a0ae17700968->7a34fa35-5459-4f99-8201-9b20cfcc4ca7#7-t1,previous=(t:1, i:3),leaderCommit=2,initializing? true,entries: size=1, first=(t:1, i:4), METADATAENTRY(c:2)
2023-09-28 12:59:52,970 [grpc-default-executor-4] INFO  server.GrpcServerProtocolService (GrpcServerProtocolService.java:lambda$onCompleted$5(157)) - 7a34fa35-5459-4f99-8201-9b20cfcc4ca7: Completed APPEND_ENTRIES, lastReply: serverReply {
  requestorId: "e56a0381-809f-4844-8654-a0ae17700968"
  replyId: "7a34fa35-5459-4f99-8201-9b20cfcc4ca7"
  raftGroupId {
    id: "5\355\223\357\364NF\243\273<DVD\321\237J"
  }
  callId: 34
  success: true
}
term: 1
nextIndex: 5
followerCommit: 4
matchIndex: 18446744073709551615
isHearbeat: true

2023-09-28 12:59:52,970 [grpc-default-executor-0] INFO  server.GrpcServerProtocolService (GrpcServerProtocolService.java:onCompleted(155)) - 5e08d1c9-8c08-4060-98f0-ffeffb182171: Completed APPEND_ENTRIES, lastRequest: null
2023-09-28 12:59:52,970 [5e08d1c9-8c08-4060-98f0-ffeffb182171@group-14816746C428-StateMachineUpdater] INFO  ratis.ContainerStateMachine (ContainerStateMachine.java:takeSnapshot(341)) - group-14816746C428: Finished taking a snapshot at:(t:1, i:0) file:/home/runner/work/ozone/ozone/hadoop-ozone/integration-test/target/test-dir/MiniOzoneClusterImpl-1f8fe502-6e97-4a32-9c6f-93491b2fe8ad/datanode-2/data/ratis/c677a82f-a99a-43fa-a7d3-14816746c428/sm/snapshot.1_0 took: 1 ms
2023-09-28 12:59:52,970 [5e08d1c9-8c08-4060-98f0-ffeffb182171@group-14816746C428-StateMachineUpdater] INFO  impl.StateMachineUpdater (StateMachineUpdater.java:takeSnapshot(291)) - 5e08d1c9-8c08-4060-98f0-ffeffb182171@group-14816746C428-StateMachineUpdater: Took a snapshot at index 0
2023-09-28 12:59:52,970 [grpc-default-executor-0] INFO  server.GrpcServerProtocolService (GrpcServerProtocolService.java:lambda$onCompleted$5(157)) - 5e08d1c9-8c08-4060-98f0-ffeffb182171: Completed APPEND_ENTRIES, lastReply: serverReply {
  requestorId: "e56a0381-809f-4844-8654-a0ae17700968"
  replyId: "5e08d1c9-8c08-4060-98f0-ffeffb182171"
  raftGroupId {
    id: "5\355\223\357\364NF\243\273<DVD\321\237J"
  }
  callId: 32
  success: true
}
term: 1
nextIndex: 5
followerCommit: 4
matchIndex: 18446744073709551615
isHearbeat: true

2023-09-28 12:59:52,970 [Thread-1651] INFO  server.GrpcServerProtocolClient (GrpcServerProtocolClient.java:close(103)) - 5e08d1c9-8c08-4060-98f0-ffeffb182171 Close channels
2023-09-28 12:59:52,970 [Thread-1652] INFO  server.GrpcServerProtocolClient (GrpcServerProtocolClient.java:close(103)) - 7a34fa35-5459-4f99-8201-9b20cfcc4ca7 Close channels
2023-09-28 12:59:52,970 [5e08d1c9-8c08-4060-98f0-ffeffb182171-impl-thread2] INFO  impl.StateMachineUpdater (StateMachineUpdater.java:stopAndJoin(155)) - 5e08d1c9-8c08-4060-98f0-ffeffb182171@group-14816746C428-StateMachineUpdater: set stopIndex = 0
2023-09-28 12:59:52,970 [5e08d1c9-8c08-4060-98f0-ffeffb182171@group-14816746C428-StateMachineUpdater] INFO  impl.StateMachineUpdater (StateMachineUpdater.java:lambda$new$0(97)) - 5e08d1c9-8c08-4060-98f0-ffeffb182171@group-14816746C428-StateMachineUpdater: snapshotIndex: updateIncreasingly -1 -> 0
2023-09-28 12:59:52,971 [5e08d1c9-8c08-4060-98f0-ffeffb182171-impl-thread2] INFO  server.RaftServer$Division (ServerState.java:close(472)) - 5e08d1c9-8c08-4060-98f0-ffeffb182171@group-14816746C428: closes. applyIndex: 0
2023-09-28 12:59:52,971 [grpc-default-executor-4] INFO  server.GrpcLogAppender (GrpcLogAppender.java:onCompleted(428)) - e56a0381-809f-4844-8654-a0ae17700968@group-445644D19F4A->5e08d1c9-8c08-4060-98f0-ffeffb182171-AppendLogResponseHandler: follower responses appendEntries COMPLETED
2023-09-28 12:59:52,970 [grpc-default-executor-5] INFO  server.GrpcServerProtocolService (GrpcServerProtocolService.java:lambda$onCompleted$5(157)) - 7a34fa35-5459-4f99-8201-9b20cfcc4ca7: Completed APPEND_ENTRIES, lastReply: null
2023-09-28 12:59:52,972 [grpc-default-executor-5] INFO  server.GrpcLogAppender (GrpcLogAppender.java:onCompleted(428)) - e56a0381-809f-4844-8654-a0ae17700968@group-445644D19F4A->5e08d1c9-8c08-4060-98f0-ffeffb182171-AppendLogResponseHandler: follower responses appendEntries COMPLETED
2023-09-28 12:59:52,974 [grpc-default-executor-0] INFO  server.GrpcLogAppender (GrpcLogAppender.java:onCompleted(428)) - e56a0381-809f-4844-8654-a0ae17700968@group-445644D19F4A->7a34fa35-5459-4f99-8201-9b20cfcc4ca7-AppendLogResponseHandler: follower responses appendEntries COMPLETED
2023-09-28 12:59:52,974 [grpc-default-executor-0] WARN  server.GrpcLogAppender (GrpcLogAppender.java:resetClient(137)) - e56a0381-809f-4844-8654-a0ae17700968@group-445644D19F4A->7a34fa35-5459-4f99-8201-9b20cfcc4ca7-GrpcLogAppender: Failed to getClient for 7a34fa35-5459-4f99-8201-9b20cfcc4ca7
org.apache.ratis.protocol.exceptions.AlreadyClosedException: e56a0381-809f-4844-8654-a0ae17700968 is already CLOSED
	at org.apache.ratis.util.PeerProxyMap$PeerAndProxy.getProxy(PeerProxyMap.java:61)
	at org.apache.ratis.util.PeerProxyMap.getProxy(PeerProxyMap.java:115)
	at org.apache.ratis.grpc.server.GrpcLogAppender.getClient(GrpcLogAppender.java:112)
	at org.apache.ratis.grpc.server.GrpcLogAppender.resetClient(GrpcLogAppender.java:117)
	at org.apache.ratis.grpc.server.GrpcLogAppender.access$500(GrpcLogAppender.java:56)
	at org.apache.ratis.grpc.server.GrpcLogAppender$AppendLogResponseHandler.onCompleted(GrpcLogAppender.java:429)
	at org.apache.ratis.thirdparty.io.grpc.stub.ClientCalls$StreamObserverToCallListenerAdapter.onClose(ClientCalls.java:485)
	at org.apache.ratis.thirdparty.io.grpc.internal.ClientCallImpl.closeObserver(ClientCallImpl.java:563)
	at org.apache.ratis.thirdparty.io.grpc.internal.ClientCallImpl.access$300(ClientCallImpl.java:70)
	at org.apache.ratis.thirdparty.io.grpc.internal.ClientCallImpl$ClientStreamListenerImpl$1StreamClosed.runInternal(ClientCallImpl.java:744)
	at org.apache.ratis.thirdparty.io.grpc.internal.ClientCallImpl$ClientStreamListenerImpl$1StreamClosed.runInContext(ClientCallImpl.java:723)
	at org.apache.ratis.thirdparty.io.grpc.internal.ContextRunnable.run(ContextRunnable.java:37)
	at org.apache.ratis.thirdparty.io.grpc.internal.SerializingExecutor.run(SerializingExecutor.java:133)
	at java.util.concurrent.ThreadPoolExecutor.runWorker(ThreadPoolExecutor.java:1149)
	at java.util.concurrent.ThreadPoolExecutor$Worker.run(ThreadPoolExecutor.java:624)
	at java.lang.Thread.run(Thread.java:750)
2023-09-28 12:59:52,976 [5e08d1c9-8c08-4060-98f0-ffeffb182171-impl-thread3] INFO  impl.StateMachineUpdater (StateMachineUpdater.java:stopAndJoin(155)) - 5e08d1c9-8c08-4060-98f0-ffeffb182171@group-5AF4A90909DD-StateMachineUpdater: set stopIndex = 25
2023-09-28 12:59:52,976 [5e08d1c9-8c08-4060-98f0-ffeffb182171@group-5AF4A90909DD-FollowerState] INFO  impl.FollowerState (FollowerState.java:run(152)) - 5e08d1c9-8c08-4060-98f0-ffeffb182171@group-5AF4A90909DD-FollowerState was interrupted
2023-09-28 12:59:52,977 [5e08d1c9-8c08-4060-98f0-ffeffb182171@group-5AF4A90909DD-StateMachineUpdater] INFO  ratis.ContainerStateMachine (ContainerStateMachine.java:takeSnapshot(330)) - group-5AF4A90909DD: Taking a snapshot at:(t:1, i:25) file /home/runner/work/ozone/ozone/hadoop-ozone/integration-test/target/test-dir/MiniOzoneClusterImpl-1f8fe502-6e97-4a32-9c6f-93491b2fe8ad/datanode-2/data/ratis/9118721c-a818-4803-a2e6-5af4a90909dd/sm/snapshot.1_25
2023-09-28 12:59:52,978 [5e08d1c9-8c08-4060-98f0-ffeffb182171@group-5AF4A90909DD-StateMachineUpdater] INFO  ratis.ContainerStateMachine (ContainerStateMachine.java:takeSnapshot(341)) - group-5AF4A90909DD: Finished taking a snapshot at:(t:1, i:25) file:/home/runner/work/ozone/ozone/hadoop-ozone/integration-test/target/test-dir/MiniOzoneClusterImpl-1f8fe502-6e97-4a32-9c6f-93491b2fe8ad/datanode-2/data/ratis/9118721c-a818-4803-a2e6-5af4a90909dd/sm/snapshot.1_25 took: 1 ms
2023-09-28 12:59:52,978 [5e08d1c9-8c08-4060-98f0-ffeffb182171@group-5AF4A90909DD-StateMachineUpdater] INFO  impl.StateMachineUpdater (StateMachineUpdater.java:takeSnapshot(291)) - 5e08d1c9-8c08-4060-98f0-ffeffb182171@group-5AF4A90909DD-StateMachineUpdater: Took a snapshot at index 25
2023-09-28 12:59:52,978 [5e08d1c9-8c08-4060-98f0-ffeffb182171@group-5AF4A90909DD-StateMachineUpdater] INFO  impl.StateMachineUpdater (StateMachineUpdater.java:lambda$new$0(97)) - 5e08d1c9-8c08-4060-98f0-ffeffb182171@group-5AF4A90909DD-StateMachineUpdater: snapshotIndex: updateIncreasingly -1 -> 25
2023-09-28 12:59:52,978 [main] INFO  server.GrpcService (GrpcService.java:closeImpl(311)) - 5e08d1c9-8c08-4060-98f0-ffeffb182171: shutdown server org.apache.ratis.grpc.server.GrpcClientProtocolService now
2023-09-28 12:59:52,980 [grpc-default-executor-4] WARN  server.GrpcLogAppender (GrpcLogAppender.java:resetClient(137)) - e56a0381-809f-4844-8654-a0ae17700968@group-445644D19F4A->5e08d1c9-8c08-4060-98f0-ffeffb182171-GrpcLogAppender: Failed to getClient for 5e08d1c9-8c08-4060-98f0-ffeffb182171
org.apache.ratis.protocol.exceptions.AlreadyClosedException: e56a0381-809f-4844-8654-a0ae17700968 is already CLOSED
	at org.apache.ratis.util.PeerProxyMap$PeerAndProxy.getProxy(PeerProxyMap.java:61)
	at org.apache.ratis.util.PeerProxyMap.getProxy(PeerProxyMap.java:115)
	at org.apache.ratis.grpc.server.GrpcLogAppender.getClient(GrpcLogAppender.java:112)
	at org.apache.ratis.grpc.server.GrpcLogAppender.resetClient(GrpcLogAppender.java:117)
	at org.apache.ratis.grpc.server.GrpcLogAppender.access$500(GrpcLogAppender.java:56)
	at org.apache.ratis.grpc.server.GrpcLogAppender$AppendLogResponseHandler.onCompleted(GrpcLogAppender.java:429)
	at org.apache.ratis.thirdparty.io.grpc.stub.ClientCalls$StreamObserverToCallListenerAdapter.onClose(ClientCalls.java:485)
	at org.apache.ratis.thirdparty.io.grpc.internal.ClientCallImpl.closeObserver(ClientCallImpl.java:563)
	at org.apache.ratis.thirdparty.io.grpc.internal.ClientCallImpl.access$300(ClientCallImpl.java:70)
	at org.apache.ratis.thirdparty.io.grpc.internal.ClientCallImpl$ClientStreamListenerImpl$1StreamClosed.runInternal(ClientCallImpl.java:744)
	at org.apache.ratis.thirdparty.io.grpc.internal.ClientCallImpl$ClientStreamListenerImpl$1StreamClosed.runInContext(ClientCallImpl.java:723)
	at org.apache.ratis.thirdparty.io.grpc.internal.ContextRunnable.run(ContextRunnable.java:37)
	at org.apache.ratis.thirdparty.io.grpc.internal.SerializingExecutor.run(SerializingExecutor.java:133)
	at java.util.concurrent.ThreadPoolExecutor.runWorker(ThreadPoolExecutor.java:1149)
	at java.util.concurrent.ThreadPoolExecutor$Worker.run(ThreadPoolExecutor.java:624)
	at java.lang.Thread.run(Thread.java:750)
2023-09-28 12:59:52,980 [grpc-default-executor-5] WARN  server.GrpcLogAppender (GrpcLogAppender.java:resetClient(137)) - e56a0381-809f-4844-8654-a0ae17700968@group-445644D19F4A->5e08d1c9-8c08-4060-98f0-ffeffb182171-GrpcLogAppender: Failed to getClient for 5e08d1c9-8c08-4060-98f0-ffeffb182171
org.apache.ratis.protocol.exceptions.AlreadyClosedException: e56a0381-809f-4844-8654-a0ae17700968 is already CLOSED
	at org.apache.ratis.util.PeerProxyMap$PeerAndProxy.getProxy(PeerProxyMap.java:61)
	at org.apache.ratis.util.PeerProxyMap.getProxy(PeerProxyMap.java:115)
	at org.apache.ratis.grpc.server.GrpcLogAppender.getClient(GrpcLogAppender.java:112)
	at org.apache.ratis.grpc.server.GrpcLogAppender.resetClient(GrpcLogAppender.java:117)
	at org.apache.ratis.grpc.server.GrpcLogAppender.access$500(GrpcLogAppender.java:56)
	at org.apache.ratis.grpc.server.GrpcLogAppender$AppendLogResponseHandler.onCompleted(GrpcLogAppender.java:429)
	at org.apache.ratis.thirdparty.io.grpc.stub.ClientCalls$StreamObserverToCallListenerAdapter.onClose(ClientCalls.java:485)
	at org.apache.ratis.thirdparty.io.grpc.internal.ClientCallImpl.closeObserver(ClientCallImpl.java:563)
	at org.apache.ratis.thirdparty.io.grpc.internal.ClientCallImpl.access$300(ClientCallImpl.java:70)
	at org.apache.ratis.thirdparty.io.grpc.internal.ClientCallImpl$ClientStreamListenerImpl$1StreamClosed.runInternal(ClientCallImpl.java:744)
	at org.apache.ratis.thirdparty.io.grpc.internal.ClientCallImpl$ClientStreamListenerImpl$1StreamClosed.runInContext(ClientCallImpl.java:723)
	at org.apache.ratis.thirdparty.io.grpc.internal.ContextRunnable.run(ContextRunnable.java:37)
	at org.apache.ratis.thirdparty.io.grpc.internal.SerializingExecutor.run(SerializingExecutor.java:133)
	at java.util.concurrent.ThreadPoolExecutor.runWorker(ThreadPoolExecutor.java:1149)
	at java.util.concurrent.ThreadPoolExecutor$Worker.run(ThreadPoolExecutor.java:624)
	at java.lang.Thread.run(Thread.java:750)
2023-09-28 12:59:52,981 [5e08d1c9-8c08-4060-98f0-ffeffb182171-impl-thread3] INFO  server.RaftServer$Division (ServerState.java:close(472)) - 5e08d1c9-8c08-4060-98f0-ffeffb182171@group-5AF4A90909DD: closes. applyIndex: 25
2023-09-28 12:59:52,981 [e56a0381-809f-4844-8654-a0ae17700968-impl-thread2] INFO  server.RaftServer$Division (ServerState.java:close(472)) - e56a0381-809f-4844-8654-a0ae17700968@group-5AF4A90909DD: closes. applyIndex: 25
2023-09-28 12:59:52,982 [5e08d1c9-8c08-4060-98f0-ffeffb182171-impl-thread4] INFO  server.RaftServer$Division (RaftServerImpl.java:lambda$close$4(466)) - 5e08d1c9-8c08-4060-98f0-ffeffb182171@group-445644D19F4A: shutdown
2023-09-28 12:59:52,982 [5e08d1c9-8c08-4060-98f0-ffeffb182171-impl-thread4] INFO  util.JmxRegister (JmxRegister.java:unregister(73)) - Successfully un-registered JMX Bean with object name Ratis:service=RaftServer,group=group-445644D19F4A,id=5e08d1c9-8c08-4060-98f0-ffeffb182171
2023-09-28 12:59:52,982 [5e08d1c9-8c08-4060-98f0-ffeffb182171-impl-thread4] INFO  impl.RoleInfo (RoleInfo.java:shutdownFollowerState(110)) - 5e08d1c9-8c08-4060-98f0-ffeffb182171: shutdown 5e08d1c9-8c08-4060-98f0-ffeffb182171@group-445644D19F4A-FollowerState
2023-09-28 12:59:52,986 [5e08d1c9-8c08-4060-98f0-ffeffb182171@group-445644D19F4A-FollowerState] INFO  impl.FollowerState (FollowerState.java:run(152)) - 5e08d1c9-8c08-4060-98f0-ffeffb182171@group-445644D19F4A-FollowerState was interrupted
2023-09-28 12:59:52,986 [5e08d1c9-8c08-4060-98f0-ffeffb182171@group-445644D19F4A-StateMachineUpdater] INFO  ratis.ContainerStateMachine (ContainerStateMachine.java:takeSnapshot(330)) - group-445644D19F4A: Taking a snapshot at:(t:1, i:4) file /home/runner/work/ozone/ozone/hadoop-ozone/integration-test/target/test-dir/MiniOzoneClusterImpl-1f8fe502-6e97-4a32-9c6f-93491b2fe8ad/datanode-2/data/ratis/35ed93ef-f44e-46a3-bb3c-445644d19f4a/sm/snapshot.1_4
2023-09-28 12:59:52,987 [5e08d1c9-8c08-4060-98f0-ffeffb182171-impl-thread4] INFO  impl.StateMachineUpdater (StateMachineUpdater.java:stopAndJoin(155)) - 5e08d1c9-8c08-4060-98f0-ffeffb182171@group-445644D19F4A-StateMachineUpdater: set stopIndex = 4
2023-09-28 12:59:52,988 [Thread-1657] INFO  server.GrpcServerProtocolClient (GrpcServerProtocolClient.java:close(103)) - e56a0381-809f-4844-8654-a0ae17700968 Close channels
2023-09-28 12:59:52,989 [grpc-default-executor-5] INFO  server.GrpcLogAppender (GrpcLogAppender.java:onCompleted(428)) - e56a0381-809f-4844-8654-a0ae17700968@group-445644D19F4A->7a34fa35-5459-4f99-8201-9b20cfcc4ca7-AppendLogResponseHandler: follower responses appendEntries COMPLETED
2023-09-28 12:59:52,989 [grpc-default-executor-5] WARN  server.GrpcLogAppender (GrpcLogAppender.java:resetClient(137)) - e56a0381-809f-4844-8654-a0ae17700968@group-445644D19F4A->7a34fa35-5459-4f99-8201-9b20cfcc4ca7-GrpcLogAppender: Failed to getClient for 7a34fa35-5459-4f99-8201-9b20cfcc4ca7
org.apache.ratis.protocol.exceptions.AlreadyClosedException: e56a0381-809f-4844-8654-a0ae17700968 is already CLOSED
	at org.apache.ratis.util.PeerProxyMap$PeerAndProxy.getProxy(PeerProxyMap.java:61)
	at org.apache.ratis.util.PeerProxyMap.getProxy(PeerProxyMap.java:115)
	at org.apache.ratis.grpc.server.GrpcLogAppender.getClient(GrpcLogAppender.java:112)
	at org.apache.ratis.grpc.server.GrpcLogAppender.resetClient(GrpcLogAppender.java:117)
	at org.apache.ratis.grpc.server.GrpcLogAppender.access$500(GrpcLogAppender.java:56)
	at org.apache.ratis.grpc.server.GrpcLogAppender$AppendLogResponseHandler.onCompleted(GrpcLogAppender.java:429)
	at org.apache.ratis.thirdparty.io.grpc.stub.ClientCalls$StreamObserverToCallListenerAdapter.onClose(ClientCalls.java:485)
	at org.apache.ratis.thirdparty.io.grpc.internal.DelayedClientCall$DelayedListener$3.run(DelayedClientCall.java:471)
	at org.apache.ratis.thirdparty.io.grpc.internal.DelayedClientCall$DelayedListener.delayOrExecute(DelayedClientCall.java:435)
	at org.apache.ratis.thirdparty.io.grpc.internal.DelayedClientCall$DelayedListener.onClose(DelayedClientCall.java:468)
	at org.apache.ratis.thirdparty.io.grpc.internal.ClientCallImpl.closeObserver(ClientCallImpl.java:563)
	at org.apache.ratis.thirdparty.io.grpc.internal.ClientCallImpl.access$300(ClientCallImpl.java:70)
	at org.apache.ratis.thirdparty.io.grpc.internal.ClientCallImpl$ClientStreamListenerImpl$1StreamClosed.runInternal(ClientCallImpl.java:744)
	at org.apache.ratis.thirdparty.io.grpc.internal.ClientCallImpl$ClientStreamListenerImpl$1StreamClosed.runInContext(ClientCallImpl.java:723)
	at org.apache.ratis.thirdparty.io.grpc.internal.ContextRunnable.run(ContextRunnable.java:37)
	at org.apache.ratis.thirdparty.io.grpc.internal.SerializingExecutor.run(SerializingExecutor.java:133)
	at java.util.concurrent.ThreadPoolExecutor.runWorker(ThreadPoolExecutor.java:1149)
	at java.util.concurrent.ThreadPoolExecutor$Worker.run(ThreadPoolExecutor.java:624)
	at java.lang.Thread.run(Thread.java:750)
2023-09-28 12:59:52,988 [5e08d1c9-8c08-4060-98f0-ffeffb182171@group-445644D19F4A-StateMachineUpdater] INFO  ratis.ContainerStateMachine (ContainerStateMachine.java:takeSnapshot(341)) - group-445644D19F4A: Finished taking a snapshot at:(t:1, i:4) file:/home/runner/work/ozone/ozone/hadoop-ozone/integration-test/target/test-dir/MiniOzoneClusterImpl-1f8fe502-6e97-4a32-9c6f-93491b2fe8ad/datanode-2/data/ratis/35ed93ef-f44e-46a3-bb3c-445644d19f4a/sm/snapshot.1_4 took: 2 ms
2023-09-28 12:59:52,989 [5e08d1c9-8c08-4060-98f0-ffeffb182171@group-445644D19F4A-StateMachineUpdater] INFO  impl.StateMachineUpdater (StateMachineUpdater.java:takeSnapshot(291)) - 5e08d1c9-8c08-4060-98f0-ffeffb182171@group-445644D19F4A-StateMachineUpdater: Took a snapshot at index 4
2023-09-28 12:59:52,991 [5e08d1c9-8c08-4060-98f0-ffeffb182171@group-445644D19F4A-StateMachineUpdater] INFO  impl.StateMachineUpdater (StateMachineUpdater.java:lambda$new$0(97)) - 5e08d1c9-8c08-4060-98f0-ffeffb182171@group-445644D19F4A-StateMachineUpdater: snapshotIndex: updateIncreasingly -1 -> 4
2023-09-28 12:59:52,991 [5e08d1c9-8c08-4060-98f0-ffeffb182171-impl-thread4] INFO  server.RaftServer$Division (ServerState.java:close(472)) - 5e08d1c9-8c08-4060-98f0-ffeffb182171@group-445644D19F4A: closes. applyIndex: 4
2023-09-28 12:59:52,991 [e56a0381-809f-4844-8654-a0ae17700968@group-445644D19F4A-StateMachineUpdater] INFO  ratis.ContainerStateMachine (ContainerStateMachine.java:takeSnapshot(330)) - group-445644D19F4A: Taking a snapshot at:(t:1, i:4) file /home/runner/work/ozone/ozone/hadoop-ozone/integration-test/target/test-dir/MiniOzoneClusterImpl-1f8fe502-6e97-4a32-9c6f-93491b2fe8ad/datanode-1/data/ratis/35ed93ef-f44e-46a3-bb3c-445644d19f4a/sm/snapshot.1_4
2023-09-28 12:59:52,992 [ForkJoinPool.commonPool-worker-2] INFO  server.GrpcService (GrpcService.java:closeImpl(320)) - e56a0381-809f-4844-8654-a0ae17700968: shutdown server org.apache.ratis.grpc.server.GrpcClientProtocolService successfully
2023-09-28 12:59:52,992 [ForkJoinPool.commonPool-worker-2] INFO  server.GrpcService (GrpcService.java:closeImpl(311)) - e56a0381-809f-4844-8654-a0ae17700968: shutdown server GrpcServerProtocolService now
2023-09-28 12:59:52,993 [e56a0381-809f-4844-8654-a0ae17700968@group-445644D19F4A-StateMachineUpdater] INFO  ratis.ContainerStateMachine (ContainerStateMachine.java:takeSnapshot(341)) - group-445644D19F4A: Finished taking a snapshot at:(t:1, i:4) file:/home/runner/work/ozone/ozone/hadoop-ozone/integration-test/target/test-dir/MiniOzoneClusterImpl-1f8fe502-6e97-4a32-9c6f-93491b2fe8ad/datanode-1/data/ratis/35ed93ef-f44e-46a3-bb3c-445644d19f4a/sm/snapshot.1_4 took: 2 ms
2023-09-28 12:59:52,994 [e56a0381-809f-4844-8654-a0ae17700968@group-445644D19F4A-StateMachineUpdater] INFO  impl.StateMachineUpdater (StateMachineUpdater.java:takeSnapshot(291)) - e56a0381-809f-4844-8654-a0ae17700968@group-445644D19F4A-StateMachineUpdater: Took a snapshot at index 4
2023-09-28 12:59:52,994 [e56a0381-809f-4844-8654-a0ae17700968@group-445644D19F4A-StateMachineUpdater] INFO  impl.StateMachineUpdater (StateMachineUpdater.java:lambda$new$0(97)) - e56a0381-809f-4844-8654-a0ae17700968@group-445644D19F4A-StateMachineUpdater: snapshotIndex: updateIncreasingly -1 -> 4
2023-09-28 12:59:52,988 [Thread-1658] INFO  server.GrpcServerProtocolClient (GrpcServerProtocolClient.java:close(103)) - 7a34fa35-5459-4f99-8201-9b20cfcc4ca7 Close channels
2023-09-28 12:59:52,994 [grpc-default-executor-4] WARN  server.GrpcServerProtocolService (LogUtils.java:warn(122)) - e56a0381-809f-4844-8654-a0ae17700968: APPEND_ENTRIES onError, lastRequest: 7a34fa35-5459-4f99-8201-9b20cfcc4ca7->e56a0381-809f-4844-8654-a0ae17700968#61-t1,previous=(t:1, i:25),leaderCommit=25,initializing? true,entries: size=1, first=(t:1, i:26), METADATAENTRY(c:25): org.apache.ratis.thirdparty.io.grpc.StatusRuntimeException: CANCELLED: client cancelled
2023-09-28 12:59:52,991 [e56a0381-809f-4844-8654-a0ae17700968-impl-thread3] INFO  impl.StateMachineUpdater (StateMachineUpdater.java:stopAndJoin(155)) - e56a0381-809f-4844-8654-a0ae17700968@group-445644D19F4A-StateMachineUpdater: set stopIndex = 4
2023-09-28 12:59:52,991 [ForkJoinPool.commonPool-worker-3] INFO  ozoneimpl.OzoneContainer (OzoneContainer.java:stop(451)) - Attempting to stop container services.
2023-09-28 12:59:52,996 [grpc-default-executor-6] WARN  server.GrpcLogAppender (LogUtils.java:warn(122)) - 7a34fa35-5459-4f99-8201-9b20cfcc4ca7@group-5AF4A90909DD->e56a0381-809f-4844-8654-a0ae17700968-AppendLogResponseHandler: Failed appendEntries: org.apache.ratis.thirdparty.io.grpc.StatusRuntimeException: CANCELLED: RST_STREAM closed stream. HTTP/2 error code: CANCEL
2023-09-28 12:59:52,996 [grpc-default-executor-6] INFO  leader.FollowerInfo (FollowerInfoImpl.java:lambda$new$0(52)) - 7a34fa35-5459-4f99-8201-9b20cfcc4ca7@group-5AF4A90909DD->e56a0381-809f-4844-8654-a0ae17700968: decreaseNextIndex nextIndex: updateUnconditionally 27 -> 26
2023-09-28 12:59:52,997 [ForkJoinPool.commonPool-worker-3] INFO  server.RaftServer (RaftServerProxy.java:lambda$close$6(416)) - 7a34fa35-5459-4f99-8201-9b20cfcc4ca7: close
2023-09-28 12:59:52,997 [e56a0381-809f-4844-8654-a0ae17700968-impl-thread3] INFO  server.RaftServer$Division (ServerState.java:close(472)) - e56a0381-809f-4844-8654-a0ae17700968@group-445644D19F4A: closes. applyIndex: 4
2023-09-28 12:59:52,998 [grpc-default-executor-7] WARN  server.GrpcLogAppender (LogUtils.java:warn(122)) - 7a34fa35-5459-4f99-8201-9b20cfcc4ca7@group-5AF4A90909DD->e56a0381-809f-4844-8654-a0ae17700968-AppendLogResponseHandler: Failed appendEntries: org.apache.ratis.thirdparty.io.grpc.StatusRuntimeException: CANCELLED: RST_STREAM closed stream. HTTP/2 error code: CANCEL
2023-09-28 12:59:52,998 [grpc-default-executor-7] INFO  leader.FollowerInfo (FollowerInfoImpl.java:lambda$new$0(52)) - 7a34fa35-5459-4f99-8201-9b20cfcc4ca7@group-5AF4A90909DD->e56a0381-809f-4844-8654-a0ae17700968: decreaseNextIndex nextIndex: updateUnconditionally 26 -> 25
2023-09-28 12:59:52,998 [grpc-default-executor-5] WARN  server.GrpcServerProtocolService (LogUtils.java:warn(122)) - e56a0381-809f-4844-8654-a0ae17700968: APPEND_ENTRIES onError, lastRequest: null: org.apache.ratis.thirdparty.io.grpc.StatusRuntimeException: CANCELLED: client cancelled
2023-09-28 12:59:52,998 [main] INFO  server.GrpcService (GrpcService.java:closeImpl(320)) - 5e08d1c9-8c08-4060-98f0-ffeffb182171: shutdown server org.apache.ratis.grpc.server.GrpcClientProtocolService successfully
2023-09-28 12:59:52,998 [main] INFO  server.GrpcService (GrpcService.java:closeImpl(311)) - 5e08d1c9-8c08-4060-98f0-ffeffb182171: shutdown server GrpcServerProtocolService now
2023-09-28 12:59:52,998 [ForkJoinPool.commonPool-worker-2] INFO  server.GrpcService (GrpcService.java:closeImpl(320)) - e56a0381-809f-4844-8654-a0ae17700968: shutdown server GrpcServerProtocolService successfully
2023-09-28 12:59:52,999 [ForkJoinPool.commonPool-worker-2] INFO  server.GrpcService (GrpcService.java:closeImpl(311)) - e56a0381-809f-4844-8654-a0ae17700968: shutdown server org.apache.ratis.grpc.server.GrpcAdminProtocolService now
2023-09-28 12:59:53,006 [grpc-default-executor-6] WARN  server.GrpcServerProtocolService (LogUtils.java:warn(122)) - 5e08d1c9-8c08-4060-98f0-ffeffb182171: APPEND_ENTRIES onError, lastRequest: 7a34fa35-5459-4f99-8201-9b20cfcc4ca7->5e08d1c9-8c08-4060-98f0-ffeffb182171#64-t1,previous=(t:1, i:25),leaderCommit=25,initializing? true,entries: size=1, first=(t:1, i:26), METADATAENTRY(c:25): org.apache.ratis.thirdparty.io.grpc.StatusRuntimeException: CANCELLED: client cancelled
2023-09-28 12:59:53,006 [7a34fa35-5459-4f99-8201-9b20cfcc4ca7-impl-thread2] INFO  server.RaftServer$Division (RaftServerImpl.java:lambda$close$4(466)) - 7a34fa35-5459-4f99-8201-9b20cfcc4ca7@group-5AF4A90909DD: shutdown
2023-09-28 12:59:53,006 [grpc-default-executor-5] WARN  server.GrpcServerProtocolService (LogUtils.java:warn(122)) - 5e08d1c9-8c08-4060-98f0-ffeffb182171: APPEND_ENTRIES onError, lastRequest: null: org.apache.ratis.thirdparty.io.grpc.StatusRuntimeException: CANCELLED: client cancelled
2023-09-28 12:59:53,007 [grpc-default-executor-6] WARN  server.GrpcLogAppender (LogUtils.java:warn(122)) - 7a34fa35-5459-4f99-8201-9b20cfcc4ca7@group-5AF4A90909DD->5e08d1c9-8c08-4060-98f0-ffeffb182171-AppendLogResponseHandler: Failed appendEntries: org.apache.ratis.thirdparty.io.grpc.StatusRuntimeException: CANCELLED: RST_STREAM closed stream. HTTP/2 error code: CANCEL
2023-09-28 12:59:53,006 [7a34fa35-5459-4f99-8201-9b20cfcc4ca7-impl-thread2] INFO  util.JmxRegister (JmxRegister.java:unregister(73)) - Successfully un-registered JMX Bean with object name Ratis:service=RaftServer,group=group-5AF4A90909DD,id=7a34fa35-5459-4f99-8201-9b20cfcc4ca7
2023-09-28 12:59:53,007 [grpc-default-executor-5] WARN  server.GrpcLogAppender (LogUtils.java:warn(122)) - 7a34fa35-5459-4f99-8201-9b20cfcc4ca7@group-5AF4A90909DD->5e08d1c9-8c08-4060-98f0-ffeffb182171-AppendLogResponseHandler: Failed appendEntries: org.apache.ratis.thirdparty.io.grpc.StatusRuntimeException: CANCELLED: RST_STREAM closed stream. HTTP/2 error code: CANCEL
2023-09-28 12:59:53,007 [7a34fa35-5459-4f99-8201-9b20cfcc4ca7-impl-thread2] INFO  impl.RoleInfo (RoleInfo.java:shutdownLeaderState(93)) - 7a34fa35-5459-4f99-8201-9b20cfcc4ca7: shutdown 7a34fa35-5459-4f99-8201-9b20cfcc4ca7@group-5AF4A90909DD-LeaderStateImpl
2023-09-28 12:59:53,007 [grpc-default-executor-6] INFO  leader.FollowerInfo (FollowerInfoImpl.java:lambda$new$0(52)) - 7a34fa35-5459-4f99-8201-9b20cfcc4ca7@group-5AF4A90909DD->5e08d1c9-8c08-4060-98f0-ffeffb182171: decreaseNextIndex nextIndex: updateUnconditionally 27 -> 26
2023-09-28 12:59:53,007 [grpc-default-executor-5] INFO  leader.FollowerInfo (FollowerInfoImpl.java:lambda$new$0(52)) - 7a34fa35-5459-4f99-8201-9b20cfcc4ca7@group-5AF4A90909DD->5e08d1c9-8c08-4060-98f0-ffeffb182171: decreaseNextIndex nextIndex: updateUnconditionally 26 -> 25
2023-09-28 12:59:53,010 [7a34fa35-5459-4f99-8201-9b20cfcc4ca7-impl-thread3] INFO  server.RaftServer$Division (RaftServerImpl.java:lambda$close$4(466)) - 7a34fa35-5459-4f99-8201-9b20cfcc4ca7@group-4362F7C45983: shutdown
2023-09-28 12:59:53,010 [7a34fa35-5459-4f99-8201-9b20cfcc4ca7-impl-thread3] INFO  util.JmxRegister (JmxRegister.java:unregister(73)) - Successfully un-registered JMX Bean with object name Ratis:service=RaftServer,group=group-4362F7C45983,id=7a34fa35-5459-4f99-8201-9b20cfcc4ca7
2023-09-28 12:59:53,010 [7a34fa35-5459-4f99-8201-9b20cfcc4ca7-impl-thread3] INFO  impl.RoleInfo (RoleInfo.java:shutdownLeaderState(93)) - 7a34fa35-5459-4f99-8201-9b20cfcc4ca7: shutdown 7a34fa35-5459-4f99-8201-9b20cfcc4ca7@group-4362F7C45983-LeaderStateImpl
2023-09-28 12:59:53,010 [7a34fa35-5459-4f99-8201-9b20cfcc4ca7-impl-thread3] INFO  impl.PendingRequests (PendingRequests.java:sendNotLeaderResponses(289)) - 7a34fa35-5459-4f99-8201-9b20cfcc4ca7@group-4362F7C45983-PendingRequests: sendNotLeaderResponses
2023-09-28 12:59:53,010 [7a34fa35-5459-4f99-8201-9b20cfcc4ca7@group-4362F7C45983-StateMachineUpdater] INFO  ratis.ContainerStateMachine (ContainerStateMachine.java:takeSnapshot(330)) - group-4362F7C45983: Taking a snapshot at:(t:1, i:0) file /home/runner/work/ozone/ozone/hadoop-ozone/integration-test/target/test-dir/MiniOzoneClusterImpl-1f8fe502-6e97-4a32-9c6f-93491b2fe8ad/datanode-0/data/ratis/b67bfcf0-94bb-41c2-9f5c-4362f7c45983/sm/snapshot.1_0
2023-09-28 12:59:53,011 [7a34fa35-5459-4f99-8201-9b20cfcc4ca7-impl-thread3] INFO  impl.StateMachineUpdater (StateMachineUpdater.java:stopAndJoin(155)) - 7a34fa35-5459-4f99-8201-9b20cfcc4ca7@group-4362F7C45983-StateMachineUpdater: set stopIndex = 0
2023-09-28 12:59:53,011 [7a34fa35-5459-4f99-8201-9b20cfcc4ca7@group-4362F7C45983-StateMachineUpdater] INFO  ratis.ContainerStateMachine (ContainerStateMachine.java:takeSnapshot(341)) - group-4362F7C45983: Finished taking a snapshot at:(t:1, i:0) file:/home/runner/work/ozone/ozone/hadoop-ozone/integration-test/target/test-dir/MiniOzoneClusterImpl-1f8fe502-6e97-4a32-9c6f-93491b2fe8ad/datanode-0/data/ratis/b67bfcf0-94bb-41c2-9f5c-4362f7c45983/sm/snapshot.1_0 took: 1 ms
2023-09-28 12:59:53,011 [7a34fa35-5459-4f99-8201-9b20cfcc4ca7@group-4362F7C45983-StateMachineUpdater] INFO  impl.StateMachineUpdater (StateMachineUpdater.java:takeSnapshot(291)) - 7a34fa35-5459-4f99-8201-9b20cfcc4ca7@group-4362F7C45983-StateMachineUpdater: Took a snapshot at index 0
2023-09-28 12:59:53,011 [7a34fa35-5459-4f99-8201-9b20cfcc4ca7@group-4362F7C45983-StateMachineUpdater] INFO  impl.StateMachineUpdater (StateMachineUpdater.java:lambda$new$0(97)) - 7a34fa35-5459-4f99-8201-9b20cfcc4ca7@group-4362F7C45983-StateMachineUpdater: snapshotIndex: updateIncreasingly -1 -> 0
2023-09-28 12:59:53,011 [7a34fa35-5459-4f99-8201-9b20cfcc4ca7-impl-thread3] INFO  server.RaftServer$Division (ServerState.java:close(472)) - 7a34fa35-5459-4f99-8201-9b20cfcc4ca7@group-4362F7C45983: closes. applyIndex: 0
2023-09-28 12:59:53,013 [ForkJoinPool.commonPool-worker-3] INFO  server.GrpcService (GrpcService.java:closeImpl(311)) - 7a34fa35-5459-4f99-8201-9b20cfcc4ca7: shutdown server org.apache.ratis.grpc.server.GrpcClientProtocolService now
2023-09-28 12:59:53,013 [7a34fa35-5459-4f99-8201-9b20cfcc4ca7-impl-thread4] INFO  server.RaftServer$Division (RaftServerImpl.java:lambda$close$4(466)) - 7a34fa35-5459-4f99-8201-9b20cfcc4ca7@group-445644D19F4A: shutdown
2023-09-28 12:59:53,015 [7a34fa35-5459-4f99-8201-9b20cfcc4ca7-impl-thread4] INFO  util.JmxRegister (JmxRegister.java:unregister(73)) - Successfully un-registered JMX Bean with object name Ratis:service=RaftServer,group=group-445644D19F4A,id=7a34fa35-5459-4f99-8201-9b20cfcc4ca7
2023-09-28 12:59:53,015 [7a34fa35-5459-4f99-8201-9b20cfcc4ca7-impl-thread4] INFO  impl.RoleInfo (RoleInfo.java:shutdownFollowerState(110)) - 7a34fa35-5459-4f99-8201-9b20cfcc4ca7: shutdown 7a34fa35-5459-4f99-8201-9b20cfcc4ca7@group-445644D19F4A-FollowerState
2023-09-28 12:59:53,016 [grpc-default-executor-6] WARN  server.GrpcClientProtocolService (LogUtils.java:warn(122)) - 2-OrderedRequestStreamObserver2: onError: org.apache.ratis.thirdparty.io.grpc.StatusRuntimeException: CANCELLED: client cancelled
2023-09-28 12:59:53,016 [grpc-default-executor-4] WARN  server.GrpcClientProtocolService (LogUtils.java:warn(122)) - 3-UnorderedRequestStreamObserver3: onError: org.apache.ratis.thirdparty.io.grpc.StatusRuntimeException: CANCELLED: client cancelled
2023-09-28 12:59:53,017 [Thread-1668] INFO  server.GrpcServerProtocolClient (GrpcServerProtocolClient.java:close(103)) - e56a0381-809f-4844-8654-a0ae17700968 Close channels
2023-09-28 12:59:53,021 [7a34fa35-5459-4f99-8201-9b20cfcc4ca7-impl-thread2] INFO  impl.PendingRequests (PendingRequests.java:sendNotLeaderResponses(289)) - 7a34fa35-5459-4f99-8201-9b20cfcc4ca7@group-5AF4A90909DD-PendingRequests: sendNotLeaderResponses
2023-09-28 12:59:53,021 [7a34fa35-5459-4f99-8201-9b20cfcc4ca7@group-5AF4A90909DD->5e08d1c9-8c08-4060-98f0-ffeffb182171-GrpcLogAppender-LogAppenderDaemon] WARN  server.GrpcLogAppender (GrpcLogAppender.java:mayWait(199)) - 7a34fa35-5459-4f99-8201-9b20cfcc4ca7@group-5AF4A90909DD->5e08d1c9-8c08-4060-98f0-ffeffb182171-GrpcLogAppender: Wait interrupted by java.lang.InterruptedException
2023-09-28 12:59:53,021 [7a34fa35-5459-4f99-8201-9b20cfcc4ca7@group-5AF4A90909DD->e56a0381-809f-4844-8654-a0ae17700968-GrpcLogAppender-LogAppenderDaemon] WARN  server.GrpcLogAppender (GrpcLogAppender.java:mayWait(199)) - 7a34fa35-5459-4f99-8201-9b20cfcc4ca7@group-5AF4A90909DD->e56a0381-809f-4844-8654-a0ae17700968-GrpcLogAppender: Wait interrupted by java.lang.InterruptedException
2023-09-28 12:59:53,023 [Thread-1667] INFO  server.GrpcServerProtocolClient (GrpcServerProtocolClient.java:close(103)) - 5e08d1c9-8c08-4060-98f0-ffeffb182171 Close channels
2023-09-28 12:59:53,037 [7a34fa35-5459-4f99-8201-9b20cfcc4ca7-impl-thread4] INFO  impl.StateMachineUpdater (StateMachineUpdater.java:stopAndJoin(155)) - 7a34fa35-5459-4f99-8201-9b20cfcc4ca7@group-445644D19F4A-StateMachineUpdater: set stopIndex = 4
2023-09-28 12:59:53,037 [7a34fa35-5459-4f99-8201-9b20cfcc4ca7@group-445644D19F4A-FollowerState] INFO  impl.FollowerState (FollowerState.java:run(152)) - 7a34fa35-5459-4f99-8201-9b20cfcc4ca7@group-445644D19F4A-FollowerState was interrupted
2023-09-28 12:59:53,038 [7a34fa35-5459-4f99-8201-9b20cfcc4ca7@group-445644D19F4A-StateMachineUpdater] INFO  ratis.ContainerStateMachine (ContainerStateMachine.java:takeSnapshot(330)) - group-445644D19F4A: Taking a snapshot at:(t:1, i:4) file /home/runner/work/ozone/ozone/hadoop-ozone/integration-test/target/test-dir/MiniOzoneClusterImpl-1f8fe502-6e97-4a32-9c6f-93491b2fe8ad/datanode-0/data/ratis/35ed93ef-f44e-46a3-bb3c-445644d19f4a/sm/snapshot.1_4
2023-09-28 12:59:53,040 [ForkJoinPool.commonPool-worker-2] INFO  server.GrpcService (GrpcService.java:closeImpl(320)) - e56a0381-809f-4844-8654-a0ae17700968: shutdown server org.apache.ratis.grpc.server.GrpcAdminProtocolService successfully
2023-09-28 12:59:53,041 [e56a0381-809f-4844-8654-a0ae17700968-NettyServerStreamRpc-bossGroup--thread1] INFO  logging.LoggingHandler (AbstractInternalLogger.java:log(148)) - [id: 0x4e26320a, L:/0:0:0:0:0:0:0:0:15130] CLOSE
2023-09-28 12:59:53,041 [e56a0381-809f-4844-8654-a0ae17700968-NettyServerStreamRpc-bossGroup--thread1] INFO  logging.LoggingHandler (AbstractInternalLogger.java:log(148)) - [id: 0x4e26320a, L:/0:0:0:0:0:0:0:0:15130] INACTIVE
2023-09-28 12:59:53,042 [e56a0381-809f-4844-8654-a0ae17700968-NettyServerStreamRpc-bossGroup--thread1] INFO  logging.LoggingHandler (AbstractInternalLogger.java:log(148)) - [id: 0x4e26320a, L:/0:0:0:0:0:0:0:0:15130] UNREGISTERED
2023-09-28 12:59:53,042 [main] INFO  server.GrpcService (GrpcService.java:closeImpl(320)) - 5e08d1c9-8c08-4060-98f0-ffeffb182171: shutdown server GrpcServerProtocolService successfully
2023-09-28 12:59:53,042 [main] INFO  server.GrpcService (GrpcService.java:closeImpl(311)) - 5e08d1c9-8c08-4060-98f0-ffeffb182171: shutdown server org.apache.ratis.grpc.server.GrpcAdminProtocolService now
2023-09-28 12:59:53,044 [7a34fa35-5459-4f99-8201-9b20cfcc4ca7-impl-thread2] INFO  impl.StateMachineUpdater (StateMachineUpdater.java:stopAndJoin(155)) - 7a34fa35-5459-4f99-8201-9b20cfcc4ca7@group-5AF4A90909DD-StateMachineUpdater: set stopIndex = 26
2023-09-28 12:59:53,045 [7a34fa35-5459-4f99-8201-9b20cfcc4ca7@group-5AF4A90909DD-StateMachineUpdater] INFO  ratis.ContainerStateMachine (ContainerStateMachine.java:takeSnapshot(330)) - group-5AF4A90909DD: Taking a snapshot at:(t:1, i:26) file /home/runner/work/ozone/ozone/hadoop-ozone/integration-test/target/test-dir/MiniOzoneClusterImpl-1f8fe502-6e97-4a32-9c6f-93491b2fe8ad/datanode-0/data/ratis/9118721c-a818-4803-a2e6-5af4a90909dd/sm/snapshot.1_26
2023-09-28 12:59:53,045 [ForkJoinPool.commonPool-worker-3] INFO  server.GrpcService (GrpcService.java:closeImpl(320)) - 7a34fa35-5459-4f99-8201-9b20cfcc4ca7: shutdown server org.apache.ratis.grpc.server.GrpcClientProtocolService successfully
2023-09-28 12:59:53,045 [ForkJoinPool.commonPool-worker-3] INFO  server.GrpcService (GrpcService.java:closeImpl(311)) - 7a34fa35-5459-4f99-8201-9b20cfcc4ca7: shutdown server GrpcServerProtocolService now
2023-09-28 12:59:53,046 [7a34fa35-5459-4f99-8201-9b20cfcc4ca7@group-5AF4A90909DD-StateMachineUpdater] INFO  ratis.ContainerStateMachine (ContainerStateMachine.java:takeSnapshot(341)) - group-5AF4A90909DD: Finished taking a snapshot at:(t:1, i:26) file:/home/runner/work/ozone/ozone/hadoop-ozone/integration-test/target/test-dir/MiniOzoneClusterImpl-1f8fe502-6e97-4a32-9c6f-93491b2fe8ad/datanode-0/data/ratis/9118721c-a818-4803-a2e6-5af4a90909dd/sm/snapshot.1_26 took: 1 ms
2023-09-28 12:59:53,046 [7a34fa35-5459-4f99-8201-9b20cfcc4ca7@group-5AF4A90909DD-StateMachineUpdater] INFO  impl.StateMachineUpdater (StateMachineUpdater.java:takeSnapshot(291)) - 7a34fa35-5459-4f99-8201-9b20cfcc4ca7@group-5AF4A90909DD-StateMachineUpdater: Took a snapshot at index 26
2023-09-28 12:59:53,047 [7a34fa35-5459-4f99-8201-9b20cfcc4ca7@group-5AF4A90909DD-StateMachineUpdater] INFO  impl.StateMachineUpdater (StateMachineUpdater.java:lambda$new$0(97)) - 7a34fa35-5459-4f99-8201-9b20cfcc4ca7@group-5AF4A90909DD-StateMachineUpdater: snapshotIndex: updateIncreasingly -1 -> 26
2023-09-28 12:59:53,047 [7a34fa35-5459-4f99-8201-9b20cfcc4ca7@group-445644D19F4A-StateMachineUpdater] INFO  ratis.ContainerStateMachine (ContainerStateMachine.java:takeSnapshot(341)) - group-445644D19F4A: Finished taking a snapshot at:(t:1, i:4) file:/home/runner/work/ozone/ozone/hadoop-ozone/integration-test/target/test-dir/MiniOzoneClusterImpl-1f8fe502-6e97-4a32-9c6f-93491b2fe8ad/datanode-0/data/ratis/35ed93ef-f44e-46a3-bb3c-445644d19f4a/sm/snapshot.1_4 took: 9 ms
2023-09-28 12:59:53,047 [7a34fa35-5459-4f99-8201-9b20cfcc4ca7@group-445644D19F4A-StateMachineUpdater] INFO  impl.StateMachineUpdater (StateMachineUpdater.java:takeSnapshot(291)) - 7a34fa35-5459-4f99-8201-9b20cfcc4ca7@group-445644D19F4A-StateMachineUpdater: Took a snapshot at index 4
2023-09-28 12:59:53,047 [7a34fa35-5459-4f99-8201-9b20cfcc4ca7@group-445644D19F4A-StateMachineUpdater] INFO  impl.StateMachineUpdater (StateMachineUpdater.java:lambda$new$0(97)) - 7a34fa35-5459-4f99-8201-9b20cfcc4ca7@group-445644D19F4A-StateMachineUpdater: snapshotIndex: updateIncreasingly -1 -> 4
2023-09-28 12:59:53,047 [7a34fa35-5459-4f99-8201-9b20cfcc4ca7-impl-thread4] INFO  server.RaftServer$Division (ServerState.java:close(472)) - 7a34fa35-5459-4f99-8201-9b20cfcc4ca7@group-445644D19F4A: closes. applyIndex: 4
2023-09-28 12:59:53,053 [ForkJoinPool.commonPool-worker-3] INFO  server.GrpcService (GrpcService.java:closeImpl(320)) - 7a34fa35-5459-4f99-8201-9b20cfcc4ca7: shutdown server GrpcServerProtocolService successfully
2023-09-28 12:59:53,054 [ForkJoinPool.commonPool-worker-3] INFO  server.GrpcService (GrpcService.java:closeImpl(311)) - 7a34fa35-5459-4f99-8201-9b20cfcc4ca7: shutdown server org.apache.ratis.grpc.server.GrpcAdminProtocolService now
2023-09-28 12:59:53,054 [main] INFO  server.GrpcService (GrpcService.java:closeImpl(320)) - 5e08d1c9-8c08-4060-98f0-ffeffb182171: shutdown server org.apache.ratis.grpc.server.GrpcAdminProtocolService successfully
2023-09-28 12:59:53,054 [5e08d1c9-8c08-4060-98f0-ffeffb182171-NettyServerStreamRpc-bossGroup--thread1] INFO  logging.LoggingHandler (AbstractInternalLogger.java:log(148)) - [id: 0x0e38b6e0, L:/0:0:0:0:0:0:0:0:15139] CLOSE
2023-09-28 12:59:53,054 [5e08d1c9-8c08-4060-98f0-ffeffb182171-NettyServerStreamRpc-bossGroup--thread1] INFO  logging.LoggingHandler (AbstractInternalLogger.java:log(148)) - [id: 0x0e38b6e0, L:/0:0:0:0:0:0:0:0:15139] INACTIVE
2023-09-28 12:59:53,054 [5e08d1c9-8c08-4060-98f0-ffeffb182171-NettyServerStreamRpc-bossGroup--thread1] INFO  logging.LoggingHandler (AbstractInternalLogger.java:log(148)) - [id: 0x0e38b6e0, L:/0:0:0:0:0:0:0:0:15139] UNREGISTERED
2023-09-28 12:59:53,063 [7a34fa35-5459-4f99-8201-9b20cfcc4ca7-impl-thread2] INFO  server.RaftServer$Division (ServerState.java:close(472)) - 7a34fa35-5459-4f99-8201-9b20cfcc4ca7@group-5AF4A90909DD: closes. applyIndex: 26
2023-09-28 12:59:53,074 [ForkJoinPool.commonPool-worker-0] INFO  ozoneimpl.OzoneContainer (OzoneContainer.java:stop(451)) - Attempting to stop container services.
2023-09-28 12:59:53,075 [ForkJoinPool.commonPool-worker-0] INFO  server.RaftServer (RaftServerProxy.java:lambda$close$6(416)) - d40e6bcf-02e4-4e73-834b-c61e0c8d110b: close
2023-09-28 12:59:53,075 [ForkJoinPool.commonPool-worker-0] INFO  server.GrpcService (GrpcService.java:closeImpl(311)) - d40e6bcf-02e4-4e73-834b-c61e0c8d110b: shutdown server org.apache.ratis.grpc.server.GrpcClientProtocolService now
2023-09-28 12:59:53,075 [d40e6bcf-02e4-4e73-834b-c61e0c8d110b-impl-thread2] INFO  server.RaftServer$Division (RaftServerImpl.java:lambda$close$4(466)) - d40e6bcf-02e4-4e73-834b-c61e0c8d110b@group-365D51D10B90: shutdown
2023-09-28 12:59:53,076 [d40e6bcf-02e4-4e73-834b-c61e0c8d110b-impl-thread2] INFO  util.JmxRegister (JmxRegister.java:unregister(73)) - Successfully un-registered JMX Bean with object name Ratis:service=RaftServer,group=group-365D51D10B90,id=d40e6bcf-02e4-4e73-834b-c61e0c8d110b
2023-09-28 12:59:53,076 [d40e6bcf-02e4-4e73-834b-c61e0c8d110b-impl-thread2] INFO  impl.RoleInfo (RoleInfo.java:shutdownLeaderState(93)) - d40e6bcf-02e4-4e73-834b-c61e0c8d110b: shutdown d40e6bcf-02e4-4e73-834b-c61e0c8d110b@group-365D51D10B90-LeaderStateImpl
2023-09-28 12:59:53,076 [ForkJoinPool.commonPool-worker-3] INFO  server.GrpcService (GrpcService.java:closeImpl(320)) - 7a34fa35-5459-4f99-8201-9b20cfcc4ca7: shutdown server org.apache.ratis.grpc.server.GrpcAdminProtocolService successfully
2023-09-28 12:59:53,076 [d40e6bcf-02e4-4e73-834b-c61e0c8d110b-impl-thread2] INFO  impl.PendingRequests (PendingRequests.java:sendNotLeaderResponses(289)) - d40e6bcf-02e4-4e73-834b-c61e0c8d110b@group-365D51D10B90-PendingRequests: sendNotLeaderResponses
2023-09-28 12:59:53,076 [d40e6bcf-02e4-4e73-834b-c61e0c8d110b@group-365D51D10B90-StateMachineUpdater] INFO  ratis.ContainerStateMachine (ContainerStateMachine.java:takeSnapshot(330)) - group-365D51D10B90: Taking a snapshot at:(t:1, i:0) file /home/runner/work/ozone/ozone/hadoop-ozone/integration-test/target/test-dir/MiniOzoneClusterImpl-1f8fe502-6e97-4a32-9c6f-93491b2fe8ad/datanode-4/data/ratis/a3fedb5b-c0f7-4557-93bb-365d51d10b90/sm/snapshot.1_0
2023-09-28 12:59:53,077 [d40e6bcf-02e4-4e73-834b-c61e0c8d110b-impl-thread2] INFO  impl.StateMachineUpdater (StateMachineUpdater.java:stopAndJoin(155)) - d40e6bcf-02e4-4e73-834b-c61e0c8d110b@group-365D51D10B90-StateMachineUpdater: set stopIndex = 0
2023-09-28 12:59:53,077 [d40e6bcf-02e4-4e73-834b-c61e0c8d110b@group-365D51D10B90-StateMachineUpdater] INFO  ratis.ContainerStateMachine (ContainerStateMachine.java:takeSnapshot(341)) - group-365D51D10B90: Finished taking a snapshot at:(t:1, i:0) file:/home/runner/work/ozone/ozone/hadoop-ozone/integration-test/target/test-dir/MiniOzoneClusterImpl-1f8fe502-6e97-4a32-9c6f-93491b2fe8ad/datanode-4/data/ratis/a3fedb5b-c0f7-4557-93bb-365d51d10b90/sm/snapshot.1_0 took: 1 ms
2023-09-28 12:59:53,077 [d40e6bcf-02e4-4e73-834b-c61e0c8d110b@group-365D51D10B90-StateMachineUpdater] INFO  impl.StateMachineUpdater (StateMachineUpdater.java:takeSnapshot(291)) - d40e6bcf-02e4-4e73-834b-c61e0c8d110b@group-365D51D10B90-StateMachineUpdater: Took a snapshot at index 0
2023-09-28 12:59:53,077 [d40e6bcf-02e4-4e73-834b-c61e0c8d110b@group-365D51D10B90-StateMachineUpdater] INFO  impl.StateMachineUpdater (StateMachineUpdater.java:lambda$new$0(97)) - d40e6bcf-02e4-4e73-834b-c61e0c8d110b@group-365D51D10B90-StateMachineUpdater: snapshotIndex: updateIncreasingly -1 -> 0
2023-09-28 12:59:53,078 [7a34fa35-5459-4f99-8201-9b20cfcc4ca7-NettyServerStreamRpc-bossGroup--thread1] INFO  logging.LoggingHandler (AbstractInternalLogger.java:log(148)) - [id: 0x6c0776c6, L:/0:0:0:0:0:0:0:0:15121] CLOSE
2023-09-28 12:59:53,078 [7a34fa35-5459-4f99-8201-9b20cfcc4ca7-NettyServerStreamRpc-bossGroup--thread1] INFO  logging.LoggingHandler (AbstractInternalLogger.java:log(148)) - [id: 0x6c0776c6, L:/0:0:0:0:0:0:0:0:15121] INACTIVE
2023-09-28 12:59:53,078 [7a34fa35-5459-4f99-8201-9b20cfcc4ca7-NettyServerStreamRpc-bossGroup--thread1] INFO  logging.LoggingHandler (AbstractInternalLogger.java:log(148)) - [id: 0x6c0776c6, L:/0:0:0:0:0:0:0:0:15121] UNREGISTERED
2023-09-28 12:59:53,078 [ForkJoinPool.commonPool-worker-0] INFO  server.GrpcService (GrpcService.java:closeImpl(320)) - d40e6bcf-02e4-4e73-834b-c61e0c8d110b: shutdown server org.apache.ratis.grpc.server.GrpcClientProtocolService successfully
2023-09-28 12:59:53,078 [ForkJoinPool.commonPool-worker-0] INFO  server.GrpcService (GrpcService.java:closeImpl(311)) - d40e6bcf-02e4-4e73-834b-c61e0c8d110b: shutdown server GrpcServerProtocolService now
2023-09-28 12:59:53,078 [d40e6bcf-02e4-4e73-834b-c61e0c8d110b-impl-thread2] INFO  server.RaftServer$Division (ServerState.java:close(472)) - d40e6bcf-02e4-4e73-834b-c61e0c8d110b@group-365D51D10B90: closes. applyIndex: 0
2023-09-28 12:59:53,079 [ForkJoinPool.commonPool-worker-0] INFO  server.GrpcService (GrpcService.java:closeImpl(320)) - d40e6bcf-02e4-4e73-834b-c61e0c8d110b: shutdown server GrpcServerProtocolService successfully
2023-09-28 12:59:53,080 [ForkJoinPool.commonPool-worker-0] INFO  server.GrpcService (GrpcService.java:closeImpl(311)) - d40e6bcf-02e4-4e73-834b-c61e0c8d110b: shutdown server org.apache.ratis.grpc.server.GrpcAdminProtocolService now
2023-09-28 12:59:53,085 [ForkJoinPool.commonPool-worker-0] INFO  server.GrpcService (GrpcService.java:closeImpl(320)) - d40e6bcf-02e4-4e73-834b-c61e0c8d110b: shutdown server org.apache.ratis.grpc.server.GrpcAdminProtocolService successfully
2023-09-28 12:59:53,085 [d40e6bcf-02e4-4e73-834b-c61e0c8d110b-NettyServerStreamRpc-bossGroup--thread1] INFO  logging.LoggingHandler (AbstractInternalLogger.java:log(148)) - [id: 0xd02a6e4e, L:/0:0:0:0:0:0:0:0:15157] CLOSE
2023-09-28 12:59:53,086 [d40e6bcf-02e4-4e73-834b-c61e0c8d110b-NettyServerStreamRpc-bossGroup--thread1] INFO  logging.LoggingHandler (AbstractInternalLogger.java:log(148)) - [id: 0xd02a6e4e, L:/0:0:0:0:0:0:0:0:15157] INACTIVE
2023-09-28 12:59:53,086 [d40e6bcf-02e4-4e73-834b-c61e0c8d110b-NettyServerStreamRpc-bossGroup--thread1] INFO  logging.LoggingHandler (AbstractInternalLogger.java:log(148)) - [id: 0xd02a6e4e, L:/0:0:0:0:0:0:0:0:15157] UNREGISTERED
2023-09-28 12:59:53,091 [ForkJoinPool.commonPool-worker-1] INFO  ozoneimpl.OzoneContainer (OzoneContainer.java:stop(451)) - Attempting to stop container services.
2023-09-28 12:59:53,091 [ForkJoinPool.commonPool-worker-1] INFO  server.RaftServer (RaftServerProxy.java:lambda$close$6(416)) - 9cdffd11-02fa-4df2-99c7-28ecdc892c61: close
2023-09-28 12:59:53,092 [ForkJoinPool.commonPool-worker-1] INFO  server.GrpcService (GrpcService.java:closeImpl(311)) - 9cdffd11-02fa-4df2-99c7-28ecdc892c61: shutdown server org.apache.ratis.grpc.server.GrpcClientProtocolService now
2023-09-28 12:59:53,092 [9cdffd11-02fa-4df2-99c7-28ecdc892c61-impl-thread2] INFO  server.RaftServer$Division (RaftServerImpl.java:lambda$close$4(466)) - 9cdffd11-02fa-4df2-99c7-28ecdc892c61@group-B8AE767B9B63: shutdown
2023-09-28 12:59:53,092 [9cdffd11-02fa-4df2-99c7-28ecdc892c61-impl-thread2] INFO  util.JmxRegister (JmxRegister.java:unregister(73)) - Successfully un-registered JMX Bean with object name Ratis:service=RaftServer,group=group-B8AE767B9B63,id=9cdffd11-02fa-4df2-99c7-28ecdc892c61
2023-09-28 12:59:53,092 [9cdffd11-02fa-4df2-99c7-28ecdc892c61-impl-thread2] INFO  impl.RoleInfo (RoleInfo.java:shutdownLeaderState(93)) - 9cdffd11-02fa-4df2-99c7-28ecdc892c61: shutdown 9cdffd11-02fa-4df2-99c7-28ecdc892c61@group-B8AE767B9B63-LeaderStateImpl
2023-09-28 12:59:53,092 [9cdffd11-02fa-4df2-99c7-28ecdc892c61-impl-thread2] INFO  impl.PendingRequests (PendingRequests.java:sendNotLeaderResponses(289)) - 9cdffd11-02fa-4df2-99c7-28ecdc892c61@group-B8AE767B9B63-PendingRequests: sendNotLeaderResponses
2023-09-28 12:59:53,093 [9cdffd11-02fa-4df2-99c7-28ecdc892c61@group-B8AE767B9B63-StateMachineUpdater] INFO  ratis.ContainerStateMachine (ContainerStateMachine.java:takeSnapshot(330)) - group-B8AE767B9B63: Taking a snapshot at:(t:1, i:0) file /home/runner/work/ozone/ozone/hadoop-ozone/integration-test/target/test-dir/MiniOzoneClusterImpl-1f8fe502-6e97-4a32-9c6f-93491b2fe8ad/datanode-3/data/ratis/848c83b0-109d-414a-a5f4-b8ae767b9b63/sm/snapshot.1_0
2023-09-28 12:59:53,093 [9cdffd11-02fa-4df2-99c7-28ecdc892c61-impl-thread2] INFO  impl.StateMachineUpdater (StateMachineUpdater.java:stopAndJoin(155)) - 9cdffd11-02fa-4df2-99c7-28ecdc892c61@group-B8AE767B9B63-StateMachineUpdater: set stopIndex = 0
2023-09-28 12:59:53,093 [9cdffd11-02fa-4df2-99c7-28ecdc892c61@group-B8AE767B9B63-StateMachineUpdater] INFO  ratis.ContainerStateMachine (ContainerStateMachine.java:takeSnapshot(341)) - group-B8AE767B9B63: Finished taking a snapshot at:(t:1, i:0) file:/home/runner/work/ozone/ozone/hadoop-ozone/integration-test/target/test-dir/MiniOzoneClusterImpl-1f8fe502-6e97-4a32-9c6f-93491b2fe8ad/datanode-3/data/ratis/848c83b0-109d-414a-a5f4-b8ae767b9b63/sm/snapshot.1_0 took: 0 ms
2023-09-28 12:59:53,094 [9cdffd11-02fa-4df2-99c7-28ecdc892c61@group-B8AE767B9B63-StateMachineUpdater] INFO  impl.StateMachineUpdater (StateMachineUpdater.java:takeSnapshot(291)) - 9cdffd11-02fa-4df2-99c7-28ecdc892c61@group-B8AE767B9B63-StateMachineUpdater: Took a snapshot at index 0
2023-09-28 12:59:53,094 [9cdffd11-02fa-4df2-99c7-28ecdc892c61@group-B8AE767B9B63-StateMachineUpdater] INFO  impl.StateMachineUpdater (StateMachineUpdater.java:lambda$new$0(97)) - 9cdffd11-02fa-4df2-99c7-28ecdc892c61@group-B8AE767B9B63-StateMachineUpdater: snapshotIndex: updateIncreasingly -1 -> 0
2023-09-28 12:59:53,094 [9cdffd11-02fa-4df2-99c7-28ecdc892c61-impl-thread2] INFO  server.RaftServer$Division (ServerState.java:close(472)) - 9cdffd11-02fa-4df2-99c7-28ecdc892c61@group-B8AE767B9B63: closes. applyIndex: 0
2023-09-28 12:59:53,094 [ForkJoinPool.commonPool-worker-1] INFO  server.GrpcService (GrpcService.java:closeImpl(320)) - 9cdffd11-02fa-4df2-99c7-28ecdc892c61: shutdown server org.apache.ratis.grpc.server.GrpcClientProtocolService successfully
2023-09-28 12:59:53,094 [ForkJoinPool.commonPool-worker-1] INFO  server.GrpcService (GrpcService.java:closeImpl(311)) - 9cdffd11-02fa-4df2-99c7-28ecdc892c61: shutdown server GrpcServerProtocolService now
2023-09-28 12:59:53,103 [ForkJoinPool.commonPool-worker-1] INFO  server.GrpcService (GrpcService.java:closeImpl(320)) - 9cdffd11-02fa-4df2-99c7-28ecdc892c61: shutdown server GrpcServerProtocolService successfully
2023-09-28 12:59:53,103 [ForkJoinPool.commonPool-worker-1] INFO  server.GrpcService (GrpcService.java:closeImpl(311)) - 9cdffd11-02fa-4df2-99c7-28ecdc892c61: shutdown server org.apache.ratis.grpc.server.GrpcAdminProtocolService now
2023-09-28 12:59:53,103 [ForkJoinPool.commonPool-worker-1] INFO  server.GrpcService (GrpcService.java:closeImpl(320)) - 9cdffd11-02fa-4df2-99c7-28ecdc892c61: shutdown server org.apache.ratis.grpc.server.GrpcAdminProtocolService successfully
2023-09-28 12:59:53,103 [9cdffd11-02fa-4df2-99c7-28ecdc892c61-NettyServerStreamRpc-bossGroup--thread1] INFO  logging.LoggingHandler (AbstractInternalLogger.java:log(148)) - [id: 0x85766f09, L:/0:0:0:0:0:0:0:0:15148] CLOSE
2023-09-28 12:59:53,104 [9cdffd11-02fa-4df2-99c7-28ecdc892c61-NettyServerStreamRpc-bossGroup--thread1] INFO  logging.LoggingHandler (AbstractInternalLogger.java:log(148)) - [id: 0x85766f09, L:/0:0:0:0:0:0:0:0:15148] INACTIVE
2023-09-28 12:59:53,104 [9cdffd11-02fa-4df2-99c7-28ecdc892c61-NettyServerStreamRpc-bossGroup--thread1] INFO  logging.LoggingHandler (AbstractInternalLogger.java:log(148)) - [id: 0x85766f09, L:/0:0:0:0:0:0:0:0:15148] UNREGISTERED
2023-09-28 12:59:53,444 [5e08d1c9-8c08-4060-98f0-ffeffb182171-impl-thread2] INFO  segmented.SegmentedRaftLogWorker (SegmentedRaftLogWorker.java:close(252)) - 5e08d1c9-8c08-4060-98f0-ffeffb182171@group-14816746C428-SegmentedRaftLogWorker close()
2023-09-28 12:59:53,447 [e56a0381-809f-4844-8654-a0ae17700968-impl-thread3] INFO  segmented.SegmentedRaftLogWorker (SegmentedRaftLogWorker.java:close(252)) - e56a0381-809f-4844-8654-a0ae17700968@group-445644D19F4A-SegmentedRaftLogWorker close()
2023-09-28 12:59:53,448 [e56a0381-809f-4844-8654-a0ae17700968-impl-thread4] INFO  segmented.SegmentedRaftLogWorker (SegmentedRaftLogWorker.java:close(252)) - e56a0381-809f-4844-8654-a0ae17700968@group-5F28C6FE5099-SegmentedRaftLogWorker close()
2023-09-28 12:59:53,448 [5e08d1c9-8c08-4060-98f0-ffeffb182171-impl-thread4] INFO  segmented.SegmentedRaftLogWorker (SegmentedRaftLogWorker.java:close(252)) - 5e08d1c9-8c08-4060-98f0-ffeffb182171@group-445644D19F4A-SegmentedRaftLogWorker close()
2023-09-28 12:59:53,448 [7a34fa35-5459-4f99-8201-9b20cfcc4ca7-impl-thread3] INFO  segmented.SegmentedRaftLogWorker (SegmentedRaftLogWorker.java:close(252)) - 7a34fa35-5459-4f99-8201-9b20cfcc4ca7@group-4362F7C45983-SegmentedRaftLogWorker close()
2023-09-28 12:59:53,449 [9cdffd11-02fa-4df2-99c7-28ecdc892c61-impl-thread2] INFO  segmented.SegmentedRaftLogWorker (SegmentedRaftLogWorker.java:close(252)) - 9cdffd11-02fa-4df2-99c7-28ecdc892c61@group-B8AE767B9B63-SegmentedRaftLogWorker close()
2023-09-28 12:59:53,458 [JvmPauseMonitor19] INFO  util.JvmPauseMonitor (JvmPauseMonitor.java:run(109)) - JvmPauseMonitor-9cdffd11-02fa-4df2-99c7-28ecdc892c61: Stopped
2023-09-28 12:59:53,458 [7a34fa35-5459-4f99-8201-9b20cfcc4ca7-impl-thread4] INFO  segmented.SegmentedRaftLogWorker (SegmentedRaftLogWorker.java:close(252)) - 7a34fa35-5459-4f99-8201-9b20cfcc4ca7@group-445644D19F4A-SegmentedRaftLogWorker close()
2023-09-28 12:59:53,461 [d40e6bcf-02e4-4e73-834b-c61e0c8d110b-impl-thread2] INFO  segmented.SegmentedRaftLogWorker (SegmentedRaftLogWorker.java:close(252)) - d40e6bcf-02e4-4e73-834b-c61e0c8d110b@group-365D51D10B90-SegmentedRaftLogWorker close()
2023-09-28 12:59:53,467 [JvmPauseMonitor20] INFO  util.JvmPauseMonitor (JvmPauseMonitor.java:run(109)) - JvmPauseMonitor-d40e6bcf-02e4-4e73-834b-c61e0c8d110b: Stopped
2023-09-28 12:59:53,862 [7a34fa35-5459-4f99-8201-9b20cfcc4ca7-impl-thread2] INFO  segmented.SegmentedRaftLogWorker (SegmentedRaftLogWorker.java:close(252)) - 7a34fa35-5459-4f99-8201-9b20cfcc4ca7@group-5AF4A90909DD-SegmentedRaftLogWorker close()
2023-09-28 12:59:53,864 [JvmPauseMonitor16] INFO  util.JvmPauseMonitor (JvmPauseMonitor.java:run(109)) - JvmPauseMonitor-7a34fa35-5459-4f99-8201-9b20cfcc4ca7: Stopped
2023-09-28 12:59:53,871 [5e08d1c9-8c08-4060-98f0-ffeffb182171-impl-thread3] INFO  segmented.SegmentedRaftLogWorker (SegmentedRaftLogWorker.java:close(252)) - 5e08d1c9-8c08-4060-98f0-ffeffb182171@group-5AF4A90909DD-SegmentedRaftLogWorker close()
2023-09-28 12:59:53,873 [e56a0381-809f-4844-8654-a0ae17700968-impl-thread2] INFO  segmented.SegmentedRaftLogWorker (SegmentedRaftLogWorker.java:close(252)) - e56a0381-809f-4844-8654-a0ae17700968@group-5AF4A90909DD-SegmentedRaftLogWorker close()
2023-09-28 12:59:53,874 [JvmPauseMonitor18] INFO  util.JvmPauseMonitor (JvmPauseMonitor.java:run(109)) - JvmPauseMonitor-5e08d1c9-8c08-4060-98f0-ffeffb182171: Stopped
2023-09-28 12:59:53,874 [JvmPauseMonitor17] INFO  util.JvmPauseMonitor (JvmPauseMonitor.java:run(109)) - JvmPauseMonitor-e56a0381-809f-4844-8654-a0ae17700968: Stopped
2023-09-28 12:59:55,465 [ForkJoinPool.commonPool-worker-1] INFO  utils.DatanodeStoreCache (DatanodeStoreCache.java:shutdownCache(110)) - Skip clearing cache in mini cluster mode. Entries left: [/home/runner/work/ozone/ozone/hadoop-ozone/integration-test/target/test-dir/MiniOzoneClusterImpl-1f8fe502-6e97-4a32-9c6f-93491b2fe8ad/datanode-0/data-0/containers/hdds/1f8fe502-6e97-4a32-9c6f-93491b2fe8ad/DS-1c7c3faf-65fb-4da1-a7ad-4c7524316f32/container.db, /home/runner/work/ozone/ozone/hadoop-ozone/integration-test/target/test-dir/MiniOzoneClusterImpl-1f8fe502-6e97-4a32-9c6f-93491b2fe8ad/datanode-1/data-0/containers/hdds/1f8fe502-6e97-4a32-9c6f-93491b2fe8ad/DS-c764adc4-d3ef-46bf-915e-adfd1b52b501/container.db, /home/runner/work/ozone/ozone/hadoop-ozone/integration-test/target/test-dir/MiniOzoneClusterImpl-1f8fe502-6e97-4a32-9c6f-93491b2fe8ad/datanode-2/data-0/containers/hdds/1f8fe502-6e97-4a32-9c6f-93491b2fe8ad/DS-35d7e1d5-18c3-4375-855c-74793ba2345a/container.db, /home/runner/work/ozone/ozone/hadoop-ozone/integration-test/target/test-dir/MiniOzoneClusterImpl-1f8fe502-6e97-4a32-9c6f-93491b2fe8ad/datanode-3/data-0/containers/hdds/1f8fe502-6e97-4a32-9c6f-93491b2fe8ad/DS-1cbe3885-d9df-4cdc-947b-53b759a40ad4/container.db, /home/runner/work/ozone/ozone/hadoop-ozone/integration-test/target/test-dir/MiniOzoneClusterImpl-1f8fe502-6e97-4a32-9c6f-93491b2fe8ad/datanode-4/data-0/containers/hdds/1f8fe502-6e97-4a32-9c6f-93491b2fe8ad/DS-986e8db4-1860-4646-9103-5ddf735ffaab/container.db]
2023-09-28 12:59:55,470 [ForkJoinPool.commonPool-worker-1] INFO  utils.DatanodeStoreCache (DatanodeStoreCache.java:removeDB(104)) - Removed db /home/runner/work/ozone/ozone/hadoop-ozone/integration-test/target/test-dir/MiniOzoneClusterImpl-1f8fe502-6e97-4a32-9c6f-93491b2fe8ad/datanode-3/data-0/containers/hdds/1f8fe502-6e97-4a32-9c6f-93491b2fe8ad/DS-1cbe3885-d9df-4cdc-947b-53b759a40ad4/container.db from cache
2023-09-28 12:59:55,470 [ForkJoinPool.commonPool-worker-1] INFO  volume.HddsVolume (HddsVolume.java:closeDbStore(453)) - SchemaV3 db is stopped at /home/runner/work/ozone/ozone/hadoop-ozone/integration-test/target/test-dir/MiniOzoneClusterImpl-1f8fe502-6e97-4a32-9c6f-93491b2fe8ad/datanode-3/data-0/containers/hdds/1f8fe502-6e97-4a32-9c6f-93491b2fe8ad/DS-1cbe3885-d9df-4cdc-947b-53b759a40ad4/container.db for volume DS-1cbe3885-d9df-4cdc-947b-53b759a40ad4
2023-09-28 12:59:55,472 [ForkJoinPool.commonPool-worker-0] INFO  utils.DatanodeStoreCache (DatanodeStoreCache.java:shutdownCache(110)) - Skip clearing cache in mini cluster mode. Entries left: [/home/runner/work/ozone/ozone/hadoop-ozone/integration-test/target/test-dir/MiniOzoneClusterImpl-1f8fe502-6e97-4a32-9c6f-93491b2fe8ad/datanode-0/data-0/containers/hdds/1f8fe502-6e97-4a32-9c6f-93491b2fe8ad/DS-1c7c3faf-65fb-4da1-a7ad-4c7524316f32/container.db, /home/runner/work/ozone/ozone/hadoop-ozone/integration-test/target/test-dir/MiniOzoneClusterImpl-1f8fe502-6e97-4a32-9c6f-93491b2fe8ad/datanode-1/data-0/containers/hdds/1f8fe502-6e97-4a32-9c6f-93491b2fe8ad/DS-c764adc4-d3ef-46bf-915e-adfd1b52b501/container.db, /home/runner/work/ozone/ozone/hadoop-ozone/integration-test/target/test-dir/MiniOzoneClusterImpl-1f8fe502-6e97-4a32-9c6f-93491b2fe8ad/datanode-2/data-0/containers/hdds/1f8fe502-6e97-4a32-9c6f-93491b2fe8ad/DS-35d7e1d5-18c3-4375-855c-74793ba2345a/container.db, /home/runner/work/ozone/ozone/hadoop-ozone/integration-test/target/test-dir/MiniOzoneClusterImpl-1f8fe502-6e97-4a32-9c6f-93491b2fe8ad/datanode-4/data-0/containers/hdds/1f8fe502-6e97-4a32-9c6f-93491b2fe8ad/DS-986e8db4-1860-4646-9103-5ddf735ffaab/container.db]
2023-09-28 12:59:55,473 [ForkJoinPool.commonPool-worker-1] INFO  utils.BackgroundService (BackgroundService.java:shutdown(141)) - Shutting down service BlockDeletingService
2023-09-28 12:59:55,474 [ForkJoinPool.commonPool-worker-1] INFO  utils.BackgroundService (BackgroundService.java:shutdown(141)) - Shutting down service StaleRecoveringContainerScrubbingService
2023-09-28 12:59:55,477 [ForkJoinPool.commonPool-worker-0] INFO  utils.DatanodeStoreCache (DatanodeStoreCache.java:removeDB(104)) - Removed db /home/runner/work/ozone/ozone/hadoop-ozone/integration-test/target/test-dir/MiniOzoneClusterImpl-1f8fe502-6e97-4a32-9c6f-93491b2fe8ad/datanode-4/data-0/containers/hdds/1f8fe502-6e97-4a32-9c6f-93491b2fe8ad/DS-986e8db4-1860-4646-9103-5ddf735ffaab/container.db from cache
2023-09-28 12:59:55,477 [ForkJoinPool.commonPool-worker-0] INFO  volume.HddsVolume (HddsVolume.java:closeDbStore(453)) - SchemaV3 db is stopped at /home/runner/work/ozone/ozone/hadoop-ozone/integration-test/target/test-dir/MiniOzoneClusterImpl-1f8fe502-6e97-4a32-9c6f-93491b2fe8ad/datanode-4/data-0/containers/hdds/1f8fe502-6e97-4a32-9c6f-93491b2fe8ad/DS-986e8db4-1860-4646-9103-5ddf735ffaab/container.db for volume DS-986e8db4-1860-4646-9103-5ddf735ffaab
2023-09-28 12:59:55,479 [ForkJoinPool.commonPool-worker-0] INFO  utils.BackgroundService (BackgroundService.java:shutdown(141)) - Shutting down service BlockDeletingService
2023-09-28 12:59:55,481 [ForkJoinPool.commonPool-worker-1] INFO  statemachine.DatanodeStateMachine (DatanodeStateMachine.java:stopDaemon(621)) - Ozone container server stopped.
2023-09-28 12:59:55,481 [ForkJoinPool.commonPool-worker-0] INFO  utils.BackgroundService (BackgroundService.java:shutdown(141)) - Shutting down service StaleRecoveringContainerScrubbingService
2023-09-28 12:59:55,485 [ForkJoinPool.commonPool-worker-0] INFO  statemachine.DatanodeStateMachine (DatanodeStateMachine.java:stopDaemon(621)) - Ozone container server stopped.
2023-09-28 12:59:55,496 [ForkJoinPool.commonPool-worker-1] INFO  handler.ContextHandler (ContextHandler.java:doStop(1159)) - Stopped o.e.j.w.WebAppContext@172236ba{hddsDatanode,/,null,STOPPED}{jar:file:/home/runner/.m2/repository/org/apache/ozone/hdds-container-service/1.4.0-SNAPSHOT/hdds-container-service-1.4.0-SNAPSHOT.jar!/webapps/hddsDatanode}
2023-09-28 12:59:55,497 [ForkJoinPool.commonPool-worker-1] INFO  server.AbstractConnector (AbstractConnector.java:doStop(383)) - Stopped ServerConnector@68ef4545{HTTP/1.1, (http/1.1)}{0.0.0.0:15142}
2023-09-28 12:59:55,497 [ForkJoinPool.commonPool-worker-1] INFO  server.session (HouseKeeper.java:stopScavenging(149)) - node0 Stopped scavenging
2023-09-28 12:59:55,498 [ForkJoinPool.commonPool-worker-1] INFO  handler.ContextHandler (ContextHandler.java:doStop(1159)) - Stopped o.e.j.s.ServletContextHandler@7e953be6{static,/static,jar:file:/home/runner/.m2/repository/org/apache/ozone/hdds-container-service/1.4.0-SNAPSHOT/hdds-container-service-1.4.0-SNAPSHOT.jar!/webapps/static,STOPPED}
2023-09-28 12:59:55,499 [ForkJoinPool.commonPool-worker-1] INFO  handler.ContextHandler (ContextHandler.java:doStop(1159)) - Stopped o.e.j.s.ServletContextHandler@595126c{logs,/logs,file:///home/runner/work/ozone/ozone/hadoop-ozone/integration-test/target/log,STOPPED}
2023-09-28 12:59:55,500 [ForkJoinPool.commonPool-worker-1] INFO  ozone.HddsDatanodeClientProtocolServer (HddsDatanodeClientProtocolServer.java:stop(78)) - Stopping the RPC server for Client Protocol
2023-09-28 12:59:55,501 [ForkJoinPool.commonPool-worker-1] INFO  ipc.Server (Server.java:stop(3523)) - Stopping server on 15143
2023-09-28 12:59:55,502 [IPC Server listener on 15143] INFO  ipc.Server (Server.java:run(1434)) - Stopping IPC Server listener on 15143
2023-09-28 12:59:55,505 [IPC Server Responder] INFO  ipc.Server (Server.java:run(1567)) - Stopping IPC Server Responder
2023-09-28 12:59:55,513 [ForkJoinPool.commonPool-worker-0] INFO  handler.ContextHandler (ContextHandler.java:doStop(1159)) - Stopped o.e.j.w.WebAppContext@33536628{hddsDatanode,/,null,STOPPED}{jar:file:/home/runner/.m2/repository/org/apache/ozone/hdds-container-service/1.4.0-SNAPSHOT/hdds-container-service-1.4.0-SNAPSHOT.jar!/webapps/hddsDatanode}
2023-09-28 12:59:55,513 [ForkJoinPool.commonPool-worker-0] INFO  server.AbstractConnector (AbstractConnector.java:doStop(383)) - Stopped ServerConnector@6b06a27e{HTTP/1.1, (http/1.1)}{0.0.0.0:15151}
2023-09-28 12:59:55,514 [ForkJoinPool.commonPool-worker-0] INFO  server.session (HouseKeeper.java:stopScavenging(149)) - node0 Stopped scavenging
2023-09-28 12:59:55,514 [ForkJoinPool.commonPool-worker-0] INFO  handler.ContextHandler (ContextHandler.java:doStop(1159)) - Stopped o.e.j.s.ServletContextHandler@171301f{static,/static,jar:file:/home/runner/.m2/repository/org/apache/ozone/hdds-container-service/1.4.0-SNAPSHOT/hdds-container-service-1.4.0-SNAPSHOT.jar!/webapps/static,STOPPED}
2023-09-28 12:59:55,515 [ForkJoinPool.commonPool-worker-0] INFO  handler.ContextHandler (ContextHandler.java:doStop(1159)) - Stopped o.e.j.s.ServletContextHandler@375ef82a{logs,/logs,file:///home/runner/work/ozone/ozone/hadoop-ozone/integration-test/target/log,STOPPED}
2023-09-28 12:59:55,516 [ForkJoinPool.commonPool-worker-0] INFO  ozone.HddsDatanodeClientProtocolServer (HddsDatanodeClientProtocolServer.java:stop(78)) - Stopping the RPC server for Client Protocol
2023-09-28 12:59:55,516 [ForkJoinPool.commonPool-worker-0] INFO  ipc.Server (Server.java:stop(3523)) - Stopping server on 15152
2023-09-28 12:59:55,516 [IPC Server listener on 15152] INFO  ipc.Server (Server.java:run(1434)) - Stopping IPC Server listener on 15152
2023-09-28 12:59:55,516 [IPC Server Responder] INFO  ipc.Server (Server.java:run(1567)) - Stopping IPC Server Responder
2023-09-28 12:59:55,868 [ForkJoinPool.commonPool-worker-3] INFO  utils.DatanodeStoreCache (DatanodeStoreCache.java:shutdownCache(110)) - Skip clearing cache in mini cluster mode. Entries left: [/home/runner/work/ozone/ozone/hadoop-ozone/integration-test/target/test-dir/MiniOzoneClusterImpl-1f8fe502-6e97-4a32-9c6f-93491b2fe8ad/datanode-0/data-0/containers/hdds/1f8fe502-6e97-4a32-9c6f-93491b2fe8ad/DS-1c7c3faf-65fb-4da1-a7ad-4c7524316f32/container.db, /home/runner/work/ozone/ozone/hadoop-ozone/integration-test/target/test-dir/MiniOzoneClusterImpl-1f8fe502-6e97-4a32-9c6f-93491b2fe8ad/datanode-1/data-0/containers/hdds/1f8fe502-6e97-4a32-9c6f-93491b2fe8ad/DS-c764adc4-d3ef-46bf-915e-adfd1b52b501/container.db, /home/runner/work/ozone/ozone/hadoop-ozone/integration-test/target/test-dir/MiniOzoneClusterImpl-1f8fe502-6e97-4a32-9c6f-93491b2fe8ad/datanode-2/data-0/containers/hdds/1f8fe502-6e97-4a32-9c6f-93491b2fe8ad/DS-35d7e1d5-18c3-4375-855c-74793ba2345a/container.db]
2023-09-28 12:59:55,870 [ForkJoinPool.commonPool-worker-3] INFO  utils.DatanodeStoreCache (DatanodeStoreCache.java:removeDB(104)) - Removed db /home/runner/work/ozone/ozone/hadoop-ozone/integration-test/target/test-dir/MiniOzoneClusterImpl-1f8fe502-6e97-4a32-9c6f-93491b2fe8ad/datanode-0/data-0/containers/hdds/1f8fe502-6e97-4a32-9c6f-93491b2fe8ad/DS-1c7c3faf-65fb-4da1-a7ad-4c7524316f32/container.db from cache
2023-09-28 12:59:55,870 [ForkJoinPool.commonPool-worker-3] INFO  volume.HddsVolume (HddsVolume.java:closeDbStore(453)) - SchemaV3 db is stopped at /home/runner/work/ozone/ozone/hadoop-ozone/integration-test/target/test-dir/MiniOzoneClusterImpl-1f8fe502-6e97-4a32-9c6f-93491b2fe8ad/datanode-0/data-0/containers/hdds/1f8fe502-6e97-4a32-9c6f-93491b2fe8ad/DS-1c7c3faf-65fb-4da1-a7ad-4c7524316f32/container.db for volume DS-1c7c3faf-65fb-4da1-a7ad-4c7524316f32
2023-09-28 12:59:55,870 [ForkJoinPool.commonPool-worker-3] INFO  utils.BackgroundService (BackgroundService.java:shutdown(141)) - Shutting down service BlockDeletingService
2023-09-28 12:59:55,871 [ForkJoinPool.commonPool-worker-3] INFO  utils.BackgroundService (BackgroundService.java:shutdown(141)) - Shutting down service StaleRecoveringContainerScrubbingService
2023-09-28 12:59:55,872 [ForkJoinPool.commonPool-worker-3] INFO  statemachine.DatanodeStateMachine (DatanodeStateMachine.java:stopDaemon(621)) - Ozone container server stopped.
2023-09-28 12:59:55,878 [main] INFO  utils.DatanodeStoreCache (DatanodeStoreCache.java:shutdownCache(110)) - Skip clearing cache in mini cluster mode. Entries left: [/home/runner/work/ozone/ozone/hadoop-ozone/integration-test/target/test-dir/MiniOzoneClusterImpl-1f8fe502-6e97-4a32-9c6f-93491b2fe8ad/datanode-1/data-0/containers/hdds/1f8fe502-6e97-4a32-9c6f-93491b2fe8ad/DS-c764adc4-d3ef-46bf-915e-adfd1b52b501/container.db, /home/runner/work/ozone/ozone/hadoop-ozone/integration-test/target/test-dir/MiniOzoneClusterImpl-1f8fe502-6e97-4a32-9c6f-93491b2fe8ad/datanode-2/data-0/containers/hdds/1f8fe502-6e97-4a32-9c6f-93491b2fe8ad/DS-35d7e1d5-18c3-4375-855c-74793ba2345a/container.db]
2023-09-28 12:59:55,879 [main] INFO  utils.DatanodeStoreCache (DatanodeStoreCache.java:removeDB(104)) - Removed db /home/runner/work/ozone/ozone/hadoop-ozone/integration-test/target/test-dir/MiniOzoneClusterImpl-1f8fe502-6e97-4a32-9c6f-93491b2fe8ad/datanode-2/data-0/containers/hdds/1f8fe502-6e97-4a32-9c6f-93491b2fe8ad/DS-35d7e1d5-18c3-4375-855c-74793ba2345a/container.db from cache
2023-09-28 12:59:55,879 [main] INFO  volume.HddsVolume (HddsVolume.java:closeDbStore(453)) - SchemaV3 db is stopped at /home/runner/work/ozone/ozone/hadoop-ozone/integration-test/target/test-dir/MiniOzoneClusterImpl-1f8fe502-6e97-4a32-9c6f-93491b2fe8ad/datanode-2/data-0/containers/hdds/1f8fe502-6e97-4a32-9c6f-93491b2fe8ad/DS-35d7e1d5-18c3-4375-855c-74793ba2345a/container.db for volume DS-35d7e1d5-18c3-4375-855c-74793ba2345a
2023-09-28 12:59:55,879 [main] INFO  utils.BackgroundService (BackgroundService.java:shutdown(141)) - Shutting down service BlockDeletingService
2023-09-28 12:59:55,880 [main] INFO  utils.BackgroundService (BackgroundService.java:shutdown(141)) - Shutting down service StaleRecoveringContainerScrubbingService
2023-09-28 12:59:55,881 [main] INFO  statemachine.DatanodeStateMachine (DatanodeStateMachine.java:stopDaemon(621)) - Ozone container server stopped.
2023-09-28 12:59:55,885 [ForkJoinPool.commonPool-worker-2] INFO  utils.DatanodeStoreCache (DatanodeStoreCache.java:shutdownCache(110)) - Skip clearing cache in mini cluster mode. Entries left: [/home/runner/work/ozone/ozone/hadoop-ozone/integration-test/target/test-dir/MiniOzoneClusterImpl-1f8fe502-6e97-4a32-9c6f-93491b2fe8ad/datanode-1/data-0/containers/hdds/1f8fe502-6e97-4a32-9c6f-93491b2fe8ad/DS-c764adc4-d3ef-46bf-915e-adfd1b52b501/container.db]
2023-09-28 12:59:55,886 [ForkJoinPool.commonPool-worker-2] INFO  utils.DatanodeStoreCache (DatanodeStoreCache.java:removeDB(104)) - Removed db /home/runner/work/ozone/ozone/hadoop-ozone/integration-test/target/test-dir/MiniOzoneClusterImpl-1f8fe502-6e97-4a32-9c6f-93491b2fe8ad/datanode-1/data-0/containers/hdds/1f8fe502-6e97-4a32-9c6f-93491b2fe8ad/DS-c764adc4-d3ef-46bf-915e-adfd1b52b501/container.db from cache
2023-09-28 12:59:55,886 [ForkJoinPool.commonPool-worker-2] INFO  volume.HddsVolume (HddsVolume.java:closeDbStore(453)) - SchemaV3 db is stopped at /home/runner/work/ozone/ozone/hadoop-ozone/integration-test/target/test-dir/MiniOzoneClusterImpl-1f8fe502-6e97-4a32-9c6f-93491b2fe8ad/datanode-1/data-0/containers/hdds/1f8fe502-6e97-4a32-9c6f-93491b2fe8ad/DS-c764adc4-d3ef-46bf-915e-adfd1b52b501/container.db for volume DS-c764adc4-d3ef-46bf-915e-adfd1b52b501
2023-09-28 12:59:55,886 [ForkJoinPool.commonPool-worker-2] INFO  utils.BackgroundService (BackgroundService.java:shutdown(141)) - Shutting down service BlockDeletingService
2023-09-28 12:59:55,886 [ForkJoinPool.commonPool-worker-2] INFO  utils.BackgroundService (BackgroundService.java:shutdown(141)) - Shutting down service StaleRecoveringContainerScrubbingService
2023-09-28 12:59:55,887 [ForkJoinPool.commonPool-worker-2] INFO  statemachine.DatanodeStateMachine (DatanodeStateMachine.java:stopDaemon(621)) - Ozone container server stopped.
2023-09-28 12:59:55,897 [ForkJoinPool.commonPool-worker-3] INFO  handler.ContextHandler (ContextHandler.java:doStop(1159)) - Stopped o.e.j.w.WebAppContext@18f1e506{hddsDatanode,/,null,STOPPED}{jar:file:/home/runner/.m2/repository/org/apache/ozone/hdds-container-service/1.4.0-SNAPSHOT/hdds-container-service-1.4.0-SNAPSHOT.jar!/webapps/hddsDatanode}
2023-09-28 12:59:55,897 [ForkJoinPool.commonPool-worker-3] INFO  server.AbstractConnector (AbstractConnector.java:doStop(383)) - Stopped ServerConnector@5b066eab{HTTP/1.1, (http/1.1)}{0.0.0.0:15115}
2023-09-28 12:59:55,897 [ForkJoinPool.commonPool-worker-3] INFO  server.session (HouseKeeper.java:stopScavenging(149)) - node0 Stopped scavenging
2023-09-28 12:59:55,899 [ForkJoinPool.commonPool-worker-3] INFO  handler.ContextHandler (ContextHandler.java:doStop(1159)) - Stopped o.e.j.s.ServletContextHandler@7a3c1ce2{static,/static,jar:file:/home/runner/.m2/repository/org/apache/ozone/hdds-container-service/1.4.0-SNAPSHOT/hdds-container-service-1.4.0-SNAPSHOT.jar!/webapps/static,STOPPED}
2023-09-28 12:59:55,900 [ForkJoinPool.commonPool-worker-3] INFO  handler.ContextHandler (ContextHandler.java:doStop(1159)) - Stopped o.e.j.s.ServletContextHandler@1e4e195b{logs,/logs,file:///home/runner/work/ozone/ozone/hadoop-ozone/integration-test/target/log,STOPPED}
2023-09-28 12:59:55,905 [ForkJoinPool.commonPool-worker-3] INFO  ozone.HddsDatanodeClientProtocolServer (HddsDatanodeClientProtocolServer.java:stop(78)) - Stopping the RPC server for Client Protocol
2023-09-28 12:59:55,905 [ForkJoinPool.commonPool-worker-3] INFO  ipc.Server (Server.java:stop(3523)) - Stopping server on 15116
2023-09-28 12:59:55,905 [main] INFO  handler.ContextHandler (ContextHandler.java:doStop(1159)) - Stopped o.e.j.w.WebAppContext@227b4be7{hddsDatanode,/,null,STOPPED}{jar:file:/home/runner/.m2/repository/org/apache/ozone/hdds-container-service/1.4.0-SNAPSHOT/hdds-container-service-1.4.0-SNAPSHOT.jar!/webapps/hddsDatanode}
2023-09-28 12:59:55,906 [main] INFO  server.AbstractConnector (AbstractConnector.java:doStop(383)) - Stopped ServerConnector@dfaff72{HTTP/1.1, (http/1.1)}{0.0.0.0:15133}
2023-09-28 12:59:55,906 [main] INFO  server.session (HouseKeeper.java:stopScavenging(149)) - node0 Stopped scavenging
2023-09-28 12:59:55,907 [IPC Server listener on 15116] INFO  ipc.Server (Server.java:run(1434)) - Stopping IPC Server listener on 15116
2023-09-28 12:59:55,907 [IPC Server Responder] INFO  ipc.Server (Server.java:run(1567)) - Stopping IPC Server Responder
2023-09-28 12:59:55,915 [main] INFO  handler.ContextHandler (ContextHandler.java:doStop(1159)) - Stopped o.e.j.s.ServletContextHandler@4624481c{static,/static,jar:file:/home/runner/.m2/repository/org/apache/ozone/hdds-container-service/1.4.0-SNAPSHOT/hdds-container-service-1.4.0-SNAPSHOT.jar!/webapps/static,STOPPED}
2023-09-28 12:59:55,915 [main] INFO  handler.ContextHandler (ContextHandler.java:doStop(1159)) - Stopped o.e.j.s.ServletContextHandler@7accdc1d{logs,/logs,file:///home/runner/work/ozone/ozone/hadoop-ozone/integration-test/target/log,STOPPED}
2023-09-28 12:59:55,916 [main] INFO  ozone.HddsDatanodeClientProtocolServer (HddsDatanodeClientProtocolServer.java:stop(78)) - Stopping the RPC server for Client Protocol
2023-09-28 12:59:55,917 [main] INFO  ipc.Server (Server.java:stop(3523)) - Stopping server on 15134
2023-09-28 12:59:55,917 [IPC Server listener on 15134] INFO  ipc.Server (Server.java:run(1434)) - Stopping IPC Server listener on 15134
2023-09-28 12:59:55,918 [IPC Server Responder] INFO  ipc.Server (Server.java:run(1567)) - Stopping IPC Server Responder
2023-09-28 12:59:55,923 [ForkJoinPool.commonPool-worker-2] INFO  handler.ContextHandler (ContextHandler.java:doStop(1159)) - Stopped o.e.j.w.WebAppContext@116eaf4f{hddsDatanode,/,null,STOPPED}{jar:file:/home/runner/.m2/repository/org/apache/ozone/hdds-container-service/1.4.0-SNAPSHOT/hdds-container-service-1.4.0-SNAPSHOT.jar!/webapps/hddsDatanode}
2023-09-28 12:59:55,924 [ForkJoinPool.commonPool-worker-2] INFO  server.AbstractConnector (AbstractConnector.java:doStop(383)) - Stopped ServerConnector@6377f330{HTTP/1.1, (http/1.1)}{0.0.0.0:15124}
2023-09-28 12:59:55,924 [ForkJoinPool.commonPool-worker-2] INFO  server.session (HouseKeeper.java:stopScavenging(149)) - node0 Stopped scavenging
2023-09-28 12:59:55,925 [ForkJoinPool.commonPool-worker-2] INFO  handler.ContextHandler (ContextHandler.java:doStop(1159)) - Stopped o.e.j.s.ServletContextHandler@3769c94{static,/static,jar:file:/home/runner/.m2/repository/org/apache/ozone/hdds-container-service/1.4.0-SNAPSHOT/hdds-container-service-1.4.0-SNAPSHOT.jar!/webapps/static,STOPPED}
2023-09-28 12:59:55,926 [ForkJoinPool.commonPool-worker-2] INFO  handler.ContextHandler (ContextHandler.java:doStop(1159)) - Stopped o.e.j.s.ServletContextHandler@31d6da7f{logs,/logs,file:///home/runner/work/ozone/ozone/hadoop-ozone/integration-test/target/log,STOPPED}
2023-09-28 12:59:55,927 [ForkJoinPool.commonPool-worker-2] INFO  ozone.HddsDatanodeClientProtocolServer (HddsDatanodeClientProtocolServer.java:stop(78)) - Stopping the RPC server for Client Protocol
2023-09-28 12:59:55,927 [ForkJoinPool.commonPool-worker-2] INFO  ipc.Server (Server.java:stop(3523)) - Stopping server on 15125
2023-09-28 12:59:55,928 [IPC Server listener on 15125] INFO  ipc.Server (Server.java:run(1434)) - Stopping IPC Server listener on 15125
2023-09-28 12:59:55,928 [IPC Server Responder] INFO  ipc.Server (Server.java:run(1567)) - Stopping IPC Server Responder
2023-09-28 12:59:55,929 [main] INFO  ozone.MiniOzoneClusterImpl (MiniOzoneClusterImpl.java:stopSCM(548)) - Stopping the StorageContainerManager
2023-09-28 12:59:55,930 [main] INFO  server.StorageContainerManager (StorageContainerManager.java:stop(1591)) - Container Balancer is not running.
2023-09-28 12:59:55,930 [main] INFO  server.StorageContainerManager (StorageContainerManager.java:stopReplicationManager(1724)) - Stopping Replication Manager Service.
2023-09-28 12:59:55,930 [main] INFO  replication.ReplicationManager (ReplicationManager.java:stop(323)) - Stopping Replication Monitor Thread.
2023-09-28 12:59:55,930 [Over Replicated Processor] WARN  replication.UnhealthyReplicationProcessor (UnhealthyReplicationProcessor.java:run(180)) - Over Replicated Processor interrupted. Exiting...
2023-09-28 12:59:55,930 [Under Replicated Processor] WARN  replication.UnhealthyReplicationProcessor (UnhealthyReplicationProcessor.java:run(180)) - Under Replicated Processor interrupted. Exiting...
2023-09-28 12:59:55,931 [main] INFO  server.StorageContainerManager (StorageContainerManager.java:stop(1600)) - Stopping the Datanode Admin Monitor.
2023-09-28 12:59:55,931 [ReplicationMonitor] INFO  replication.ReplicationManager (ReplicationManager.java:run(921)) - Replication Monitor Thread is stopped
2023-09-28 12:59:55,931 [main] INFO  server.StorageContainerManager (StorageContainerManager.java:stop(1607)) - Stopping datanode service RPC server
2023-09-28 12:59:55,931 [main] INFO  server.SCMDatanodeProtocolServer (SCMDatanodeProtocolServer.java:stop(424)) - Stopping the RPC server for DataNodes
2023-09-28 12:59:55,931 [main] INFO  ipc.Server (Server.java:stop(3523)) - Stopping server on 15108
2023-09-28 12:59:55,932 [IPC Server listener on 15108] INFO  ipc.Server (Server.java:run(1434)) - Stopping IPC Server listener on 15108
2023-09-28 12:59:55,934 [IPC Server Responder] INFO  ipc.Server (Server.java:run(1567)) - Stopping IPC Server Responder
2023-09-28 12:59:55,985 [SCM Heartbeat Processing Thread - 0] WARN  node.NodeStateManager (NodeStateManager.java:scheduleNextHealthCheck(874)) - Current Thread is interrupted, shutting down HB processing thread for Node Manager.
2023-09-28 12:59:55,985 [main] INFO  server.StorageContainerManager (StorageContainerManager.java:stop(1615)) - Stopping block service RPC server
2023-09-28 12:59:55,986 [main] INFO  server.SCMBlockProtocolServer (SCMBlockProtocolServer.java:stop(163)) - Stopping the RPC server for Block Protocol
2023-09-28 12:59:55,986 [main] INFO  ipc.Server (Server.java:stop(3523)) - Stopping server on 15107
2023-09-28 12:59:55,988 [IPC Server listener on 15107] INFO  ipc.Server (Server.java:run(1434)) - Stopping IPC Server listener on 15107
2023-09-28 12:59:55,993 [IPC Server Responder] INFO  ipc.Server (Server.java:run(1567)) - Stopping IPC Server Responder
2023-09-28 12:59:55,993 [main] INFO  server.StorageContainerManager (StorageContainerManager.java:stop(1622)) - Stopping the StorageContainerLocationProtocol RPC server
2023-09-28 12:59:55,993 [main] INFO  server.SCMClientProtocolServer (SCMClientProtocolServer.java:stop(210)) - Stopping the RPC server for Client Protocol
2023-09-28 12:59:55,993 [main] INFO  ipc.Server (Server.java:stop(3523)) - Stopping server on 15106
2023-09-28 12:59:55,994 [IPC Server listener on 15106] INFO  ipc.Server (Server.java:run(1434)) - Stopping IPC Server listener on 15106
2023-09-28 12:59:55,998 [IPC Server Responder] INFO  ipc.Server (Server.java:run(1567)) - Stopping IPC Server Responder
2023-09-28 12:59:55,999 [main] INFO  server.StorageContainerManager (StorageContainerManager.java:stop(1629)) - Stopping Storage Container Manager HTTP server.
2023-09-28 12:59:55,999 [main] INFO  handler.ContextHandler (ContextHandler.java:doStop(1159)) - Stopped o.e.j.w.WebAppContext@747e94e4{scm,/,null,STOPPED}{file:/home/runner/work/ozone/ozone/hadoop-ozone/integration-test/target/test-classes/webapps/scm}
2023-09-28 12:59:56,001 [main] INFO  server.AbstractConnector (AbstractConnector.java:doStop(383)) - Stopped ServerConnector@39e1b245{HTTP/1.1, (http/1.1)}{0.0.0.0:15109}
2023-09-28 12:59:56,001 [main] INFO  server.session (HouseKeeper.java:stopScavenging(149)) - node0 Stopped scavenging
2023-09-28 12:59:56,001 [main] INFO  handler.ContextHandler (ContextHandler.java:doStop(1159)) - Stopped o.e.j.s.ServletContextHandler@63ddb044{static,/static,file:///home/runner/work/ozone/ozone/hadoop-ozone/integration-test/target/test-classes/webapps/static,STOPPED}
2023-09-28 12:59:56,001 [main] INFO  handler.ContextHandler (ContextHandler.java:doStop(1159)) - Stopped o.e.j.s.ServletContextHandler@b9ab6c3{logs,/logs,file:///home/runner/work/ozone/ozone/hadoop-ozone/integration-test/target/log,STOPPED}
2023-09-28 12:59:56,002 [main] INFO  server.StorageContainerManager (StorageContainerManager.java:stop(1637)) - Stopping SCM LayoutVersionManager Service.
2023-09-28 12:59:56,002 [main] INFO  server.StorageContainerManager (StorageContainerManager.java:stop(1649)) - Stopping Block Manager Service.
2023-09-28 12:59:56,002 [main] INFO  utils.BackgroundService (BackgroundService.java:shutdown(141)) - Shutting down service SCMBlockDeletingService
2023-09-28 12:59:56,003 [main] INFO  utils.BackgroundService (BackgroundService.java:shutdown(141)) - Shutting down service SCMBlockDeletingService
2023-09-28 12:59:56,003 [main] INFO  server.StorageContainerManager (StorageContainerManager.java:stop(1669)) - Stopping SCM Event Queue.
2023-09-28 12:59:56,004 [JvmPauseMonitor14] INFO  util.JvmPauseMonitor (JvmPauseMonitor.java:run(109)) - JvmPauseMonitor-7ec9f688-0de0-4bf4-993c-84aa5ba96258: Stopped
2023-09-28 12:59:56,004 [main] INFO  server.StorageContainerManager (StorageContainerManager.java:stop(1680)) - Stopping SCM HA services.
2023-09-28 12:59:56,005 [main] INFO  pipeline.BackgroundPipelineCreator (BackgroundPipelineCreator.java:stop(149)) - Stopping RatisPipelineUtilsThread.
2023-09-28 12:59:56,005 [RatisPipelineUtilsThread - 0] WARN  pipeline.BackgroundPipelineCreator (BackgroundPipelineCreator.java:run(180)) - RatisPipelineUtilsThread is interrupted.
2023-09-28 12:59:56,005 [BackgroundPipelineScrubberThread] WARN  BackgroundPipelineScrubber (BackgroundSCMService.java:run(115)) - BackgroundPipelineScrubber is interrupted, exit
2023-09-28 12:59:56,005 [main] INFO  BackgroundPipelineScrubber (BackgroundSCMService.java:stop(131)) - Stopping BackgroundPipelineScrubber Service.
2023-09-28 12:59:56,006 [main] INFO  impl.MetricsSystemImpl (MetricsSystemImpl.java:stop(210)) - Stopping HddsDatanode metrics system...
2023-09-28 12:59:56,007 [prometheus] INFO  impl.MetricsSinkAdapter (MetricsSinkAdapter.java:publishMetricsFromQueue(141)) - prometheus thread interrupted.
2023-09-28 12:59:56,008 [main] INFO  impl.MetricsSystemImpl (MetricsSystemImpl.java:stop(216)) - HddsDatanode metrics system stopped.
2023-09-28 12:59:56,008 [main] WARN  pipeline.BackgroundPipelineCreator (BackgroundPipelineCreator.java:stop(145)) - RatisPipelineUtilsThread is not running, just ignore.
2023-09-28 12:59:56,008 [main] INFO  BackgroundPipelineScrubber (BackgroundSCMService.java:stop(126)) - BackgroundPipelineScrubber Service is not running, skip stop.
2023-09-28 12:59:56,008 [main] INFO  ExpiredContainerReplicaOpScrubber (BackgroundSCMService.java:stop(131)) - Stopping ExpiredContainerReplicaOpScrubber Service.
2023-09-28 12:59:56,008 [ExpiredContainerReplicaOpScrubberThread] WARN  ExpiredContainerReplicaOpScrubber (BackgroundSCMService.java:run(115)) - ExpiredContainerReplicaOpScrubber is interrupted, exit
2023-09-28 12:59:56,008 [main] INFO  utils.BackgroundService (BackgroundService.java:shutdown(141)) - Shutting down service SCMBlockDeletingService
2023-09-28 12:59:56,008 [main] INFO  replication.ReplicationManager (ReplicationManager.java:stop(333)) - Replication Monitor Thread is not running.
2023-09-28 12:59:56,009 [main] WARN  balancer.ContainerBalancer (ContainerBalancer.java:stop(326)) - Cannot stop Container Balancer because it's not running or stopping
2023-09-28 12:59:56,009 [main] INFO  server.StorageContainerManager (StorageContainerManager.java:stop(1715)) - Stopping SCM MetadataStore.
2023-09-28 12:59:56,048 [main] INFO  db.CodecTestUtil (CodecTestUtil.java:gc(47)) - gc 0
2023-09-28 12:59:56,726 [main] WARN  server.ServerUtils (ServerUtils.java:getScmDbDir(155)) - ozone.scm.db.dirs is not configured. We recommend adding this setting. Falling back to ozone.metadata.dirs instead.
2023-09-28 12:59:56,731 [main] WARN  server.ServerUtils (ServerUtils.java:getScmDbDir(155)) - ozone.scm.db.dirs is not configured. We recommend adding this setting. Falling back to ozone.metadata.dirs instead.
2023-09-28 12:59:56,731 [main] INFO  ha.SCMHANodeDetails (SCMHANodeDetails.java:loadSCMHAConfig(210)) - ServiceID for StorageContainerManager is null
2023-09-28 12:59:56,732 [main] INFO  ha.SCMHANodeDetails (SCMHANodeDetails.java:loadSCMHAConfig(215)) - ozone.scm.default.service.id is not defined, falling back to ozone.scm.service.ids to find serviceID for StorageContainerManager if it is HA enabled cluster
2023-09-28 12:59:56,732 [main] WARN  utils.HAUtils (HAUtils.java:getMetaDir(339)) - ozone.scm.db.dirs is not configured. We recommend adding this setting. Falling back to ozone.metadata.dirs instead.
2023-09-28 12:59:56,732 [main] WARN  db.DBStoreBuilder (DBStoreBuilder.java:applyDBDefinition(166)) - ozone.scm.db.dirs is not configured. We recommend adding this setting. Falling back to ozone.metadata.dirs instead.
2023-09-28 12:59:56,858 [main] INFO  net.NodeSchemaLoader (NodeSchemaLoader.java:loadSchemaFromFile(129)) - Loading schema from [jar:file:/home/runner/.m2/repository/org/apache/ozone/hdds-common/1.4.0-SNAPSHOT/hdds-common-1.4.0-SNAPSHOT.jar!/network-topology-default.xml]
2023-09-28 12:59:56,858 [main] INFO  net.NodeSchemaLoader (NodeSchemaLoader.java:loadSchema(176)) - Loading network topology layer schema file
2023-09-28 12:59:56,861 [main] INFO  upgrade.AbstractLayoutVersionManager (AbstractLayoutVersionManager.java:init(83)) - Initializing Layout version manager with metadata layout = HADOOP_PRC_PORTS_IN_DATANODEDETAILS (version = 7), software layout = HADOOP_PRC_PORTS_IN_DATANODEDETAILS (version = 7)
2023-09-28 12:59:56,863 [main] INFO  ha.SequenceIdGenerator (SequenceIdGenerator.java:upgradeToSequenceId(365)) - upgrade localId to 111677748019200000
2023-09-28 12:59:56,863 [main] INFO  ha.SequenceIdGenerator (SequenceIdGenerator.java:upgradeToSequenceId(375)) - upgrade delTxnId to 0
2023-09-28 12:59:56,864 [main] INFO  ha.SequenceIdGenerator (SequenceIdGenerator.java:upgradeToSequenceId(392)) - upgrade containerId to 0
2023-09-28 12:59:56,865 [main] INFO  ha.SequenceIdGenerator (SequenceIdGenerator.java:upgradeToSequenceId(428)) - upgrade rootCertificateId to 1
2023-09-28 12:59:56,865 [main] INFO  ha.SequenceIdGenerator (SequenceIdGenerator.java:<init>(236)) - Init the HA SequenceIdGenerator.
2023-09-28 12:59:56,866 [main] WARN  server.ServerUtils (ServerUtils.java:sanitizeUserArgs(80)) - ozone.scm.stale.node.interval value = 300000 is larger than max = 100000 based on the key value of ozone.scm.heartbeat.thread.interval, reset to the max value 100000.
2023-09-28 12:59:56,866 [main] WARN  server.ServerUtils (ServerUtils.java:sanitizeUserArgs(80)) - ozone.scm.stale.node.interval value = 300000 is larger than max = 100000 based on the key value of ozone.scm.heartbeat.thread.interval, reset to the max value 100000.
2023-09-28 12:59:56,866 [main] INFO  node.SCMNodeManager (SCMNodeManager.java:<init>(157)) - Entering startup safe mode.
2023-09-28 12:59:56,867 [main] INFO  algorithms.ContainerPlacementPolicyFactory (ContainerPlacementPolicyFactory.java:getPolicyInternal(86)) - Create container placement policy of type org.apache.hadoop.hdds.scm.container.placement.algorithms.SCMContainerPlacementRackAware
2023-09-28 12:59:56,867 [main] INFO  algorithms.ContainerPlacementPolicyFactory (ContainerPlacementPolicyFactory.java:getPolicyInternal(86)) - Create container placement policy of type org.apache.hadoop.hdds.scm.container.placement.algorithms.SCMContainerPlacementRackScatter
2023-09-28 12:59:56,867 [main] INFO  pipeline.PipelineStateManagerImpl (PipelineStateManagerImpl.java:initialize(78)) - No pipeline exists in current db
2023-09-28 12:59:56,868 [main] INFO  algorithms.LeaderChoosePolicyFactory (LeaderChoosePolicyFactory.java:getPolicy(57)) - Create leader choose policy of type org.apache.hadoop.hdds.scm.pipeline.leader.choose.algorithms.MinLeaderCountChoosePolicy
2023-09-28 12:59:56,868 [main] INFO  algorithms.ContainerPlacementPolicyFactory (ContainerPlacementPolicyFactory.java:getPolicyInternal(86)) - Create container placement policy of type org.apache.hadoop.hdds.scm.container.placement.algorithms.SCMContainerPlacementRackScatter
2023-09-28 12:59:56,868 [main] INFO  ha.SCMServiceManager (SCMServiceManager.java:register(42)) - Registering service BackgroundPipelineCreator.
2023-09-28 12:59:56,868 [main] INFO  pipeline.BackgroundPipelineCreator (BackgroundPipelineCreator.java:start(124)) - Starting RatisPipelineUtilsThread.
2023-09-28 12:59:56,869 [main] INFO  BackgroundPipelineScrubber (BackgroundSCMService.java:start(68)) - Starting BackgroundPipelineScrubber Service.
2023-09-28 12:59:56,869 [main] INFO  ha.SCMServiceManager (SCMServiceManager.java:register(42)) - Registering service BackgroundPipelineScrubber.
2023-09-28 12:59:56,869 [main] INFO  ExpiredContainerReplicaOpScrubber (BackgroundSCMService.java:start(68)) - Starting ExpiredContainerReplicaOpScrubber Service.
2023-09-28 12:59:56,869 [main] INFO  ha.SCMServiceManager (SCMServiceManager.java:register(42)) - Registering service ExpiredContainerReplicaOpScrubber.
2023-09-28 12:59:56,870 [main] INFO  algorithms.PipelineChoosePolicyFactory (PipelineChoosePolicyFactory.java:createPipelineChoosePolicyFromClass(78)) - Create pipeline choose policy of type org.apache.hadoop.hdds.scm.pipeline.choose.algorithms.RandomPipelineChoosePolicy
2023-09-28 12:59:56,870 [main] INFO  algorithms.PipelineChoosePolicyFactory (PipelineChoosePolicyFactory.java:createPipelineChoosePolicyFromClass(78)) - Create pipeline choose policy of type org.apache.hadoop.hdds.scm.pipeline.choose.algorithms.RandomPipelineChoosePolicy
2023-09-28 12:59:56,871 [main] INFO  ha.SCMServiceManager (SCMServiceManager.java:register(42)) - Registering service SCMBlockDeletingService.
2023-09-28 12:59:56,871 [main] INFO  replication.ReplicationManager (ReplicationManager.java:start(291)) - Starting Replication Monitor Thread.
2023-09-28 12:59:56,872 [main] INFO  ha.SCMServiceManager (SCMServiceManager.java:register(42)) - Registering service ReplicationManager.
2023-09-28 12:59:56,873 [main] INFO  safemode.ContainerSafeModeRule (ContainerSafeModeRule.java:<init>(90)) - containers with one replica threshold count 0
2023-09-28 12:59:56,873 [main] INFO  safemode.HealthyPipelineSafeModeRule (HealthyPipelineSafeModeRule.java:initializeRule(169)) - Total pipeline count is 0, healthy pipeline threshold count is 1
2023-09-28 12:59:56,873 [main] INFO  safemode.OneReplicaPipelineSafeModeRule (OneReplicaPipelineSafeModeRule.java:initializeRule(180)) - Total pipeline count is 0, pipeline's with at least one datanode reported threshold count is 0
2023-09-28 12:59:56,874 [main] INFO  server.StorageContainerManager (StorageContainerManager.java:<init>(425)) - SCM start with adminUsers: [runner]
2023-09-28 12:59:56,874 [main] INFO  ipc.CallQueueManager (CallQueueManager.java:<init>(90)) - Using callQueue: class java.util.concurrent.LinkedBlockingQueue, queueCapacity: 2000, scheduler: class org.apache.hadoop.ipc.DefaultRpcScheduler, ipcBackoff: false.
2023-09-28 12:59:56,874 [main] INFO  ipc.Server (Server.java:<init>(1287)) - Listener at 0.0.0.0:15161
2023-09-28 12:59:56,874 [ReplicationMonitor] INFO  replication.ReplicationManager (ReplicationManager.java:processAll(365)) - Replication Manager is not ready to run until 3000ms after safemode exit
2023-09-28 12:59:56,874 [Socket Reader #1 for port 15161] INFO  ipc.Server (Server.java:run(1323)) - Starting Socket Reader #1 for port 15161
2023-09-28 12:59:56,876 [main] INFO  ipc.CallQueueManager (CallQueueManager.java:<init>(90)) - Using callQueue: class java.util.concurrent.LinkedBlockingQueue, queueCapacity: 2000, scheduler: class org.apache.hadoop.ipc.DefaultRpcScheduler, ipcBackoff: false.
2023-09-28 12:59:56,876 [main] INFO  ipc.Server (Server.java:<init>(1287)) - Listener at 0.0.0.0:15160
2023-09-28 12:59:56,876 [Socket Reader #1 for port 15160] INFO  ipc.Server (Server.java:run(1323)) - Starting Socket Reader #1 for port 15160
2023-09-28 12:59:56,877 [main] INFO  ipc.CallQueueManager (CallQueueManager.java:<init>(90)) - Using callQueue: class java.util.concurrent.LinkedBlockingQueue, queueCapacity: 2000, scheduler: class org.apache.hadoop.ipc.DefaultRpcScheduler, ipcBackoff: false.
2023-09-28 12:59:56,877 [main] INFO  ipc.Server (Server.java:<init>(1287)) - Listener at 0.0.0.0:15159
2023-09-28 12:59:56,878 [Socket Reader #1 for port 15159] INFO  ipc.Server (Server.java:run(1323)) - Starting Socket Reader #1 for port 15159
2023-09-28 12:59:56,881 [main] INFO  ha.SCMServiceManager (SCMServiceManager.java:register(42)) - Registering service ContainerBalancer.
2023-09-28 12:59:56,881 [main] INFO  server.StorageContainerManager (StorageContainerManager.java:<init>(438)) - 
Container Balancer status:
Key                            Value
Running                        false
Container Balancer Configuration values:
Key                                                Value
Threshold                                          10
Max Datanodes to Involve per Iteration(percent)    20
Max Size to Move per Iteration                     500GB
Max Size Entering Target per Iteration             26GB
Max Size Leaving Source per Iteration              26GB
Number of Iterations                               10
Time Limit for Single Container's Movement         65min
Time Limit for Single Container's Replication      50min
Interval between each Iteration                    70min
Whether to Enable Network Topology                 false
Whether to Trigger Refresh Datanode Usage Info     false
Container IDs to Exclude from Balancing            None
Datanodes Specified to be Balanced                 None
Datanodes Excluded from Balancing                  None

2023-09-28 12:59:56,881 [main] INFO  ha.SCMContext (SCMContext.java:updateSafeModeStatus(228)) - Update SafeModeStatus from SafeModeStatus{safeModeStatus=true, preCheckPassed=false} to SafeModeStatus{safeModeStatus=true, preCheckPassed=false}.
2023-09-28 12:59:56,882 [main] INFO  server.StorageContainerManager (StorageContainerManager.java:start(1483)) - StorageContainerLocationProtocol RPC server is listening at /0.0.0.0:15159
2023-09-28 12:59:56,883 [main] WARN  impl.MetricsConfig (MetricsConfig.java:loadFirst(136)) - Cannot locate configuration: tried hadoop-metrics2-storagecontainermanager.properties,hadoop-metrics2.properties
2023-09-28 12:59:56,887 [main] INFO  impl.MetricsSystemImpl (MetricsSystemImpl.java:startTimer(378)) - Scheduled Metric snapshot period at 10 second(s).
2023-09-28 12:59:56,887 [main] INFO  impl.MetricsSystemImpl (MetricsSystemImpl.java:start(191)) - StorageContainerManager metrics system started
2023-09-28 12:59:56,897 [main] INFO  impl.MetricsSinkAdapter (MetricsSinkAdapter.java:start(204)) - Sink prometheus started
2023-09-28 12:59:56,897 [main] INFO  impl.MetricsSystemImpl (MetricsSystemImpl.java:registerSink(305)) - Registered sink prometheus
2023-09-28 12:59:56,925 [main] INFO  server.SCMClientProtocolServer (SCMClientProtocolServer.java:start(201)) - RPC server for Client  is listening at /0.0.0.0:15159
2023-09-28 12:59:56,925 [IPC Server Responder] INFO  ipc.Server (Server.java:run(1562)) - IPC Server Responder: starting
2023-09-28 12:59:56,929 [IPC Server listener on 15159] INFO  ipc.Server (Server.java:run(1402)) - IPC Server listener on 15159: starting
2023-09-28 12:59:56,934 [main] INFO  server.StorageContainerManager (StorageContainerManager.java:start(1496)) - ScmBlockLocationProtocol RPC server is listening at /0.0.0.0:15160
2023-09-28 12:59:56,934 [main] INFO  server.SCMBlockProtocolServer (SCMBlockProtocolServer.java:start(154)) - RPC server for Block Protocol is listening at /0.0.0.0:15160
2023-09-28 12:59:56,934 [IPC Server Responder] INFO  ipc.Server (Server.java:run(1562)) - IPC Server Responder: starting
2023-09-28 12:59:56,935 [IPC Server listener on 15160] INFO  ipc.Server (Server.java:run(1402)) - IPC Server listener on 15160: starting
2023-09-28 12:59:56,938 [main] INFO  server.SCMDatanodeProtocolServer (SCMDatanodeProtocolServer.java:start(193)) - ScmDatanodeProtocol RPC server for DataNodes is listening at /0.0.0.0:15161
2023-09-28 12:59:56,938 [IPC Server Responder] INFO  ipc.Server (Server.java:run(1562)) - IPC Server Responder: starting
2023-09-28 12:59:56,938 [IPC Server listener on 15161] INFO  ipc.Server (Server.java:run(1402)) - IPC Server listener on 15161: starting
2023-09-28 12:59:56,948 [main] INFO  http.BaseHttpServer (BaseHttpServer.java:newHttpServer2BuilderForOzone(223)) - Starting Web-server for scm at: http://0.0.0.0:15162
2023-09-28 12:59:56,948 [main] INFO  http.BaseHttpServer (BaseHttpServer.java:<init>(110)) - Hadoop Security Enabled: false Ozone Security Enabled: false Ozone HTTP Security Enabled: false 
2023-09-28 12:59:56,950 [main] WARN  server.AuthenticationFilter (AuthenticationFilter.java:constructSecretProvider(240)) - Unable to initialize FileSignerSecretProvider, falling back to use random secrets. Reason: Could not read signature secret file: /home/runner/hadoop-http-auth-signature-secret
2023-09-28 12:59:56,950 [JvmPauseMonitor21] INFO  util.JvmPauseMonitor (JvmPauseMonitor.java:run(103)) - JvmPauseMonitor-27b8dd7d-1ea4-4caf-91f8-afc8dacfa95e: Started
2023-09-28 12:59:56,951 [main] INFO  http.HttpRequestLog (HttpRequestLog.java:getRequestLog(86)) - Http request log for http.requests.scm is not defined
2023-09-28 12:59:56,952 [main] INFO  http.HttpServer2 (HttpServer2.java:addGlobalFilter(1031)) - Added global filter 'safety' (class=org.apache.hadoop.hdds.server.http.HttpServer2$QuotingInputFilter)
2023-09-28 12:59:56,953 [main] INFO  http.HttpServer2 (HttpServer2.java:addFilter(1007)) - Added filter static_user_filter (class=org.apache.hadoop.http.lib.StaticUserWebFilter$StaticUserFilter) to context scm
2023-09-28 12:59:56,953 [main] INFO  http.HttpServer2 (HttpServer2.java:addFilter(1015)) - Added filter static_user_filter (class=org.apache.hadoop.http.lib.StaticUserWebFilter$StaticUserFilter) to context static
2023-09-28 12:59:56,953 [main] INFO  http.HttpServer2 (HttpServer2.java:addFilter(1015)) - Added filter static_user_filter (class=org.apache.hadoop.http.lib.StaticUserWebFilter$StaticUserFilter) to context logs
2023-09-28 12:59:56,953 [main] INFO  http.BaseHttpServer (BaseHttpServer.java:<init>(189)) - HTTP server of scm uses base directory /home/runner/work/ozone/ozone/hadoop-ozone/integration-test/target/test-dir/MiniOzoneClusterImpl-1398513c-1ad7-449a-9b84-f90cd6748766/ozone-meta/webserver
2023-09-28 12:59:56,954 [main] INFO  http.HttpServer2 (HttpServer2.java:bindListener(1231)) - Jetty bound to port 15162
2023-09-28 12:59:56,954 [main] INFO  server.Server (Server.java:doStart(375)) - jetty-9.4.52.v20230823; built: 2023-08-23T19:29:37.669Z; git: abdcda73818a1a2c705da276edb0bf6581e7997e; jvm 1.8.0_382-b05
2023-09-28 12:59:56,955 [main] INFO  server.session (DefaultSessionIdManager.java:doStart(334)) - DefaultSessionIdManager workerName=node0
2023-09-28 12:59:56,956 [main] INFO  server.session (DefaultSessionIdManager.java:doStart(339)) - No SessionScavenger set, using defaults
2023-09-28 12:59:56,956 [main] INFO  server.session (HouseKeeper.java:startScavenging(132)) - node0 Scavenging every 660000ms
2023-09-28 12:59:56,957 [main] INFO  handler.ContextHandler (ContextHandler.java:doStart(921)) - Started o.e.j.s.ServletContextHandler@1294bcb1{logs,/logs,file:///home/runner/work/ozone/ozone/hadoop-ozone/integration-test/target/log,AVAILABLE}
2023-09-28 12:59:56,957 [main] INFO  handler.ContextHandler (ContextHandler.java:doStart(921)) - Started o.e.j.s.ServletContextHandler@3baf06b{static,/static,file:///home/runner/work/ozone/ozone/hadoop-ozone/integration-test/target/test-classes/webapps/static,AVAILABLE}
2023-09-28 12:59:56,960 [main] INFO  handler.ContextHandler (ContextHandler.java:doStart(921)) - Started o.e.j.w.WebAppContext@3a994f0e{scm,/,file:///home/runner/work/ozone/ozone/hadoop-ozone/integration-test/target/test-classes/webapps/scm/,AVAILABLE}{file:/home/runner/work/ozone/ozone/hadoop-ozone/integration-test/target/test-classes/webapps/scm}
2023-09-28 12:59:56,965 [main] INFO  server.AbstractConnector (AbstractConnector.java:doStart(333)) - Started ServerConnector@17d8a1da{HTTP/1.1, (http/1.1)}{0.0.0.0:15162}
2023-09-28 12:59:56,965 [main] INFO  server.Server (Server.java:doStart(415)) - Started @262818ms
2023-09-28 12:59:56,965 [main] WARN  impl.MetricsSystemImpl (MetricsSystemImpl.java:register(279)) - Sink prometheus already exists!
2023-09-28 12:59:56,966 [main] INFO  http.BaseHttpServer (BaseHttpServer.java:updateConnectorAddress(354)) - HTTP server of scm listening at http://0.0.0.0:15162
2023-09-28 12:59:56,966 [main] WARN  server.ServerUtils (ServerUtils.java:getDBPath(311)) - ozone.om.db.dirs is not configured. We recommend adding this setting. Falling back to ozone.metadata.dirs instead.
2023-09-28 12:59:56,968 [main] INFO  ha.OMHANodeDetails (OMHANodeDetails.java:loadOMHAConfig(115)) - ozone.om.internal.service.id is not defined, falling back to ozone.om.service.ids to find serviceID for OzoneManager if it is HA enabled cluster
2023-09-28 12:59:56,969 [main] INFO  ha.OMHANodeDetails (OMHANodeDetails.java:loadOMHAConfig(226)) - Configuration does not have ozone.om.address set. Falling back to the default OM address /127.0.0.1:15163
2023-09-28 12:59:56,969 [main] INFO  ha.OMHANodeDetails (OMHANodeDetails.java:getOMNodeDetailsForNonHA(254)) - OM Service ID is not set. Setting it to the default ID: omServiceIdDefault
2023-09-28 12:59:56,969 [main] INFO  ha.OMHANodeDetails (OMHANodeDetails.java:getOMNodeDetailsForNonHA(261)) - OM Node ID is not set. Setting it to the default ID: om1
2023-09-28 12:59:56,969 [main] WARN  server.ServerUtils (ServerUtils.java:getDBPath(311)) - ozone.om.db.dirs is not configured. We recommend adding this setting. Falling back to ozone.metadata.dirs instead.
2023-09-28 12:59:56,970 [main] INFO  upgrade.AbstractLayoutVersionManager (AbstractLayoutVersionManager.java:init(83)) - Initializing Layout version manager with metadata layout = QUOTA (version = 6), software layout = QUOTA (version = 6)
2023-09-28 12:59:57,072 [main] INFO  reflections.Reflections (Reflections.java:scan(232)) - Reflections took 101 ms to scan 2 urls, producing 188 keys and 516 values [using 2 cores]
2023-09-28 12:59:57,072 [main] INFO  upgrade.OMLayoutVersionManager (OMLayoutVersionManager.java:lambda$0(115)) - Skipping Upgrade Action MockOmUpgradeAction since it has been finalized.
2023-09-28 12:59:57,073 [main] INFO  upgrade.OMLayoutVersionManager (OMLayoutVersionManager.java:lambda$0(115)) - Skipping Upgrade Action QuotaRepairUpgradeAction since it has been finalized.
2023-09-28 12:59:57,073 [main] WARN  server.ServerUtils (ServerUtils.java:getDBPath(311)) - ozone.om.db.dirs is not configured. We recommend adding this setting. Falling back to ozone.metadata.dirs instead.
2023-09-28 12:59:57,074 [main] INFO  proxy.SCMBlockLocationFailoverProxyProvider (SCMBlockLocationFailoverProxyProvider.java:<init>(114)) - Created block location fail-over proxy with 1 nodes: [nodeId=scmNodeId,nodeAddress=/0.0.0.0:15160]
2023-09-28 12:59:57,075 [main] INFO  proxy.SCMBlockLocationFailoverProxyProvider (SCMBlockLocationFailoverProxyProvider.java:<init>(114)) - Created block location fail-over proxy with 1 nodes: [nodeId=scmNodeId,nodeAddress=/0.0.0.0:15160]
2023-09-28 12:59:57,098 [main] INFO  om.OzoneManager (OzoneManager.java:<init>(668)) - OM start with adminUsers: [runner]
2023-09-28 12:59:57,099 [main] WARN  server.ServerUtils (ServerUtils.java:getDBPath(311)) - ozone.om.db.dirs is not configured. We recommend adding this setting. Falling back to ozone.metadata.dirs instead.
2023-09-28 12:59:57,099 [main] INFO  helpers.OmKeyInfo (OmKeyInfo.java:getCodec(71)) - OmKeyInfo.getCodec ignorePipeline = true
2023-09-28 12:59:57,327 [main] INFO  om.OzoneManager (OzoneManager.java:instantiateServices(797)) - S3 Multi-Tenancy is disabled
2023-09-28 12:59:57,327 [main] INFO  om.OmSnapshotManager (OmSnapshotManager.java:<init>(174)) - Ozone filesystem snapshot feature is enabled.
2023-09-28 12:59:57,327 [main] WARN  server.ServerUtils (ServerUtils.java:getDBPath(311)) - ozone.om.snapshot.diff.db.dir is not configured. We recommend adding this setting. Falling back to ozone.metadata.dirs instead.
2023-09-28 12:59:57,353 [main] INFO  snapshot.SnapshotDiffManager (SnapshotDiffManager.java:closeExecutorService(1718)) - Shutting down executorService: 'SstDumpToolExecutor'
2023-09-28 12:59:57,355 [main] INFO  om.OzoneManager (OzoneManager.java:addS3GVolumeToDB(4324)) - Created Volume s3v With Owner runner required for S3Gateway operations.
2023-09-28 12:59:57,355 [main] INFO  om.OzoneManager (OzoneManager.java:getRpcServer(1199)) - Creating RPC Server
2023-09-28 12:59:57,831 [main] INFO  reflections.Reflections (Reflections.java:scan(232)) - Reflections took 475 ms to scan 20 urls, producing 71 keys and 6039 values [using 2 cores]
2023-09-28 12:59:57,834 [main] INFO  ipc.CallQueueManager (CallQueueManager.java:<init>(90)) - Using callQueue: class java.util.concurrent.LinkedBlockingQueue, queueCapacity: 2000, scheduler: class org.apache.hadoop.ipc.DefaultRpcScheduler, ipcBackoff: false.
2023-09-28 12:59:57,835 [main] INFO  ipc.Server (Server.java:<init>(1287)) - Listener at 127.0.0.1:15163
2023-09-28 12:59:57,835 [Socket Reader #1 for port 15163] INFO  ipc.Server (Server.java:run(1323)) - Starting Socket Reader #1 for port 15163
2023-09-28 12:59:57,857 [main] INFO  impl.MetricsSystemImpl (MetricsSystemImpl.java:init(158)) - OzoneManager metrics system started (again)
2023-09-28 12:59:57,869 [main] INFO  om.OzoneManager (OzoneManager.java:start(1636)) - OzoneManager RPC server is listening at localhost/127.0.0.1:15163
2023-09-28 12:59:57,869 [main] INFO  om.OzoneManager (OzoneManager.java:start(1652)) - Version File has different layout version (6) than OM DB (null). That is expected if this OM has never been finalized to a newer layout version.
2023-09-28 12:59:57,872 [main] INFO  http.BaseHttpServer (BaseHttpServer.java:newHttpServer2BuilderForOzone(223)) - Starting Web-server for ozoneManager at: http://0.0.0.0:15164
2023-09-28 12:59:57,873 [main] INFO  http.BaseHttpServer (BaseHttpServer.java:<init>(110)) - Hadoop Security Enabled: false Ozone Security Enabled: false Ozone HTTP Security Enabled: false 
2023-09-28 12:59:57,874 [main] WARN  server.AuthenticationFilter (AuthenticationFilter.java:constructSecretProvider(240)) - Unable to initialize FileSignerSecretProvider, falling back to use random secrets. Reason: Could not read signature secret file: /home/runner/hadoop-http-auth-signature-secret
2023-09-28 12:59:57,874 [main] INFO  http.HttpRequestLog (HttpRequestLog.java:getRequestLog(86)) - Http request log for http.requests.ozoneManager is not defined
2023-09-28 12:59:57,875 [main] INFO  http.HttpServer2 (HttpServer2.java:addGlobalFilter(1031)) - Added global filter 'safety' (class=org.apache.hadoop.hdds.server.http.HttpServer2$QuotingInputFilter)
2023-09-28 12:59:57,876 [main] INFO  http.HttpServer2 (HttpServer2.java:addFilter(1007)) - Added filter static_user_filter (class=org.apache.hadoop.http.lib.StaticUserWebFilter$StaticUserFilter) to context ozoneManager
2023-09-28 12:59:57,876 [main] INFO  http.HttpServer2 (HttpServer2.java:addFilter(1015)) - Added filter static_user_filter (class=org.apache.hadoop.http.lib.StaticUserWebFilter$StaticUserFilter) to context static
2023-09-28 12:59:57,876 [main] INFO  http.HttpServer2 (HttpServer2.java:addFilter(1015)) - Added filter static_user_filter (class=org.apache.hadoop.http.lib.StaticUserWebFilter$StaticUserFilter) to context logs
2023-09-28 12:59:57,876 [main] INFO  http.BaseHttpServer (BaseHttpServer.java:<init>(189)) - HTTP server of ozoneManager uses base directory /home/runner/work/ozone/ozone/hadoop-ozone/integration-test/target/test-dir/MiniOzoneClusterImpl-1398513c-1ad7-449a-9b84-f90cd6748766/ozone-meta/webserver
2023-09-28 12:59:57,877 [main] INFO  http.HttpServer2 (HttpServer2.java:bindListener(1231)) - Jetty bound to port 15164
2023-09-28 12:59:57,877 [main] INFO  server.Server (Server.java:doStart(375)) - jetty-9.4.52.v20230823; built: 2023-08-23T19:29:37.669Z; git: abdcda73818a1a2c705da276edb0bf6581e7997e; jvm 1.8.0_382-b05
2023-09-28 12:59:57,878 [main] INFO  server.session (DefaultSessionIdManager.java:doStart(334)) - DefaultSessionIdManager workerName=node0
2023-09-28 12:59:57,878 [main] INFO  server.session (DefaultSessionIdManager.java:doStart(339)) - No SessionScavenger set, using defaults
2023-09-28 12:59:57,878 [main] INFO  server.session (HouseKeeper.java:startScavenging(132)) - node0 Scavenging every 660000ms
2023-09-28 12:59:57,879 [main] INFO  handler.ContextHandler (ContextHandler.java:doStart(921)) - Started o.e.j.s.ServletContextHandler@3eedbc30{logs,/logs,file:///home/runner/work/ozone/ozone/hadoop-ozone/integration-test/target/log,AVAILABLE}
2023-09-28 12:59:57,879 [main] INFO  handler.ContextHandler (ContextHandler.java:doStart(921)) - Started o.e.j.s.ServletContextHandler@6f22b35e{static,/static,file:///home/runner/work/ozone/ozone/hadoop-ozone/integration-test/target/test-classes/webapps/static,AVAILABLE}
2023-09-28 12:59:57,885 [main] INFO  handler.ContextHandler (ContextHandler.java:doStart(921)) - Started o.e.j.w.WebAppContext@aa2bb68{ozoneManager,/,file:///home/runner/work/ozone/ozone/hadoop-ozone/integration-test/target/test-classes/webapps/ozoneManager/,AVAILABLE}{file:/home/runner/work/ozone/ozone/hadoop-ozone/integration-test/target/test-classes/webapps/ozoneManager}
2023-09-28 12:59:57,887 [main] INFO  server.AbstractConnector (AbstractConnector.java:doStart(333)) - Started ServerConnector@7a2a96f3{HTTP/1.1, (http/1.1)}{0.0.0.0:15164}
2023-09-28 12:59:57,887 [main] INFO  server.Server (Server.java:doStart(415)) - Started @263739ms
2023-09-28 12:59:57,887 [main] WARN  impl.MetricsSystemImpl (MetricsSystemImpl.java:register(279)) - Sink prometheus already exists!
2023-09-28 12:59:57,888 [main] INFO  http.BaseHttpServer (BaseHttpServer.java:updateConnectorAddress(354)) - HTTP server of ozoneManager listening at http://0.0.0.0:15164
2023-09-28 12:59:57,888 [IPC Server Responder] INFO  ipc.Server (Server.java:run(1562)) - IPC Server Responder: starting
2023-09-28 12:59:57,889 [IPC Server listener on 15163] INFO  ipc.Server (Server.java:run(1402)) - IPC Server listener on 15163: starting
2023-09-28 12:59:57,896 [main] INFO  om.TrashPolicyOzone (TrashPolicyOzone.java:<init>(281)) - Ozone Manager trash configuration: Deletion interval = 0 minutes, Emptier interval = 0 minutes.
2023-09-28 12:59:57,897 [JvmPauseMonitor22] INFO  util.JvmPauseMonitor (JvmPauseMonitor.java:run(103)) - JvmPauseMonitor-efa930fd-2ef3-4da0-9377-bbdc052a744c: Started
2023-09-28 12:59:57,912 [main] INFO  impl.MetricsSystemImpl (MetricsSystemImpl.java:init(158)) - HddsDatanode metrics system started (again)
2023-09-28 12:59:57,926 [main] INFO  ozone.HddsDatanodeService (HddsDatanodeService.java:start(237)) - HddsDatanodeService host:fv-az163-431.ksqkok1cighebdh5ckq0wc3qdf.dx.internal.cloudapp.net ip:10.1.0.34
2023-09-28 12:59:57,957 [main] INFO  upgrade.AbstractLayoutVersionManager (AbstractLayoutVersionManager.java:init(83)) - Initializing Layout version manager with metadata layout = HADOOP_PRC_PORTS_IN_DATANODEDETAILS (version = 7), software layout = HADOOP_PRC_PORTS_IN_DATANODEDETAILS (version = 7)
2023-09-28 12:59:57,957 [main] INFO  statemachine.DatanodeStateMachine (DatanodeStateMachine.java:getEndPointTaskThreadPoolSize(283)) - Datanode State Machine Task Thread Pool size 2
2023-09-28 12:59:57,959 [main] INFO  volume.HddsVolume (HddsVolume.java:<init>(126)) - Creating HddsVolume: /home/runner/work/ozone/ozone/hadoop-ozone/integration-test/target/test-dir/MiniOzoneClusterImpl-1398513c-1ad7-449a-9b84-f90cd6748766/datanode-0/data-0/containers/hdds of storage type : DISK capacity : 9223372036854775807
2023-09-28 12:59:57,959 [main] INFO  volume.MutableVolumeSet (MutableVolumeSet.java:initializeVolumeSet(173)) - Added Volume : /home/runner/work/ozone/ozone/hadoop-ozone/integration-test/target/test-dir/MiniOzoneClusterImpl-1398513c-1ad7-449a-9b84-f90cd6748766/datanode-0/data-0/containers/hdds to VolumeSet
2023-09-28 12:59:57,959 [main] INFO  volume.MutableVolumeSet (MutableVolumeSet.java:initializeVolumeSet(173)) - Added Volume : /home/runner/work/ozone/ozone/hadoop-ozone/integration-test/target/test-dir/MiniOzoneClusterImpl-1398513c-1ad7-449a-9b84-f90cd6748766/datanode-0/data/ratis to VolumeSet
2023-09-28 12:59:57,960 [Thread-1921] INFO  ozoneimpl.ContainerReader (ContainerReader.java:readVolume(177)) - Finish verifying containers on volume /home/runner/work/ozone/ozone/hadoop-ozone/integration-test/target/test-dir/MiniOzoneClusterImpl-1398513c-1ad7-449a-9b84-f90cd6748766/datanode-0/data-0/containers/hdds
2023-09-28 12:59:57,960 [main] INFO  ozoneimpl.OzoneContainer (OzoneContainer.java:buildContainerSet(314)) - Build ContainerSet costs 0s
2023-09-28 12:59:57,963 [main] INFO  server.RaftServer (ConfUtils.java:logGet(46)) - raft.rpc.type = GRPC (default)
2023-09-28 12:59:57,963 [main] INFO  grpc.GrpcConfigKeys (ConfUtils.java:logFallback(53)) - raft.grpc.admin.host = null (fallback to raft.grpc.server.host)
2023-09-28 12:59:57,963 [main] INFO  grpc.GrpcConfigKeys (ConfUtils.java:logGet(46)) - raft.grpc.admin.port = 15172 (custom)
2023-09-28 12:59:57,963 [main] INFO  grpc.GrpcConfigKeys (ConfUtils.java:logFallback(53)) - raft.grpc.client.host = null (fallback to raft.grpc.server.host)
2023-09-28 12:59:57,963 [main] INFO  grpc.GrpcConfigKeys (ConfUtils.java:logGet(46)) - raft.grpc.client.port = 15171 (custom)
2023-09-28 12:59:57,963 [main] INFO  grpc.GrpcConfigKeys (ConfUtils.java:logGet(46)) - raft.grpc.server.host = null (default)
2023-09-28 12:59:57,963 [main] INFO  grpc.GrpcConfigKeys (ConfUtils.java:logGet(46)) - raft.grpc.server.port = 15173 (custom)
2023-09-28 12:59:57,963 [main] INFO  server.GrpcService (ConfUtils.java:logGet(46)) - raft.grpc.message.size.max = 32MB (=33554432) (custom)
2023-09-28 12:59:57,964 [main] INFO  server.RaftServerConfigKeys (ConfUtils.java:logGet(46)) - raft.server.log.appender.buffer.byte-limit = 33554432 (custom)
2023-09-28 12:59:57,964 [main] INFO  server.GrpcService (ConfUtils.java:logGet(46)) - raft.grpc.flow.control.window = 5MB (=5242880) (custom)
2023-09-28 12:59:57,964 [main] INFO  server.RaftServerConfigKeys (ConfUtils.java:logGet(46)) - raft.server.rpc.request.timeout = 60s (custom)
2023-09-28 12:59:57,964 [main] INFO  grpc.GrpcConfigKeys (ConfUtils.java:logGet(46)) - raft.grpc.server.heartbeat.channel = true (default)
2023-09-28 12:59:57,964 [main] INFO  grpc.GrpcConfigKeys (ConfUtils.java:logGet(46)) - raft.grpc.server.async.request.thread.pool.cached = true (default)
2023-09-28 12:59:57,964 [main] INFO  grpc.GrpcConfigKeys (ConfUtils.java:logGet(46)) - raft.grpc.server.async.request.thread.pool.size = 32 (default)
2023-09-28 12:59:57,967 [main] INFO  impl.DataStreamServerImpl (ConfUtils.java:logGet(46)) - raft.datastream.type = NETTY (custom)
2023-09-28 12:59:57,968 [main] INFO  server.RaftServerConfigKeys (ConfUtils.java:logGet(46)) - raft.server.data-stream.async.request.thread.pool.cached = false (default)
2023-09-28 12:59:57,968 [main] INFO  server.RaftServerConfigKeys (ConfUtils.java:logGet(46)) - raft.server.data-stream.async.request.thread.pool.size = 20 (custom)
2023-09-28 12:59:57,968 [main] INFO  server.RaftServerConfigKeys (ConfUtils.java:logGet(46)) - raft.server.data-stream.async.write.thread.pool.size = 16 (default)
2023-09-28 12:59:57,968 [main] INFO  server.RaftServerConfigKeys (ConfUtils.java:logGet(46)) - raft.server.data-stream.client.pool.size = 10 (default)
2023-09-28 12:59:57,968 [main] INFO  netty.NettyConfigKeys$DataStream (ConfUtils.java:logGet(46)) - raft.netty.dataStream.server.use-epoll = false (default)
2023-09-28 12:59:57,968 [main] INFO  netty.NettyConfigKeys$DataStream (ConfUtils.java:logGet(46)) - raft.netty.dataStream.server.boss-group.size = 0 (default)
2023-09-28 12:59:57,969 [main] INFO  netty.NettyConfigKeys$DataStream (ConfUtils.java:logGet(46)) - raft.netty.dataStream.server.worker-group.size = 0 (default)
2023-09-28 12:59:57,969 [main] INFO  netty.NettyConfigKeys$DataStream (ConfUtils.java:logGet(46)) - raft.netty.dataStream.server.tls.conf = null (default)
2023-09-28 12:59:57,969 [main] INFO  netty.NettyConfigKeys$DataStream (ConfUtils.java:logGet(46)) - raft.netty.dataStream.host = null (default)
2023-09-28 12:59:57,969 [main] INFO  netty.NettyConfigKeys$DataStream (ConfUtils.java:logGet(46)) - raft.netty.dataStream.port = 15174 (custom)
2023-09-28 12:59:57,970 [main] INFO  server.RaftServerConfigKeys (ConfUtils.java:logGet(46)) - raft.server.threadpool.proxy.cached = true (default)
2023-09-28 12:59:57,970 [main] INFO  server.RaftServerConfigKeys (ConfUtils.java:logGet(46)) - raft.server.threadpool.proxy.size = 0 (default)
2023-09-28 12:59:57,970 [main] INFO  server.RaftServerConfigKeys (ConfUtils.java:logGet(46)) - raft.server.rpc.slowness.timeout = 300s (custom)
2023-09-28 12:59:57,971 [main] INFO  server.RaftServerConfigKeys (ConfUtils.java:logGet(46)) - raft.server.leaderelection.leader.step-down.wait-time = 10s (default)
2023-09-28 12:59:57,971 [main] INFO  server.RaftServerConfigKeys (ConfUtils.java:logGet(46)) - raft.server.storage.dir = [/home/runner/work/ozone/ozone/hadoop-ozone/integration-test/target/test-dir/MiniOzoneClusterImpl-1398513c-1ad7-449a-9b84-f90cd6748766/datanode-0/data/ratis] (custom)
2023-09-28 12:59:57,971 [1544e7f7-fd3f-4574-a78e-ef52e31146de-impl-thread1] INFO  server.RaftServer (RaftServerProxy.java:initGroupDir(258)) - 1544e7f7-fd3f-4574-a78e-ef52e31146de: found a subdirectory /home/runner/work/ozone/ozone/hadoop-ozone/integration-test/target/test-dir/MiniOzoneClusterImpl-1398513c-1ad7-449a-9b84-f90cd6748766/datanode-0/data/ratis/tmp
2023-09-28 12:59:57,971 [1544e7f7-fd3f-4574-a78e-ef52e31146de-NettyServerStreamRpc-bossGroup--thread1] INFO  logging.LoggingHandler (AbstractInternalLogger.java:log(148)) - [id: 0xbf7b2127] REGISTERED
2023-09-28 12:59:57,972 [1544e7f7-fd3f-4574-a78e-ef52e31146de-impl-thread1] INFO  server.RaftServer (RaftServerProxy.java:initGroupDir(263)) - 1544e7f7-fd3f-4574-a78e-ef52e31146de: The directory /home/runner/work/ozone/ozone/hadoop-ozone/integration-test/target/test-dir/MiniOzoneClusterImpl-1398513c-1ad7-449a-9b84-f90cd6748766/datanode-0/data/ratis/tmp is not a group directory; ignoring it. 
2023-09-28 12:59:57,972 [1544e7f7-fd3f-4574-a78e-ef52e31146de-NettyServerStreamRpc-bossGroup--thread1] INFO  logging.LoggingHandler (AbstractInternalLogger.java:log(148)) - [id: 0xbf7b2127] BIND: 0.0.0.0/0.0.0.0:15174
2023-09-28 12:59:57,972 [main] INFO  replication.ReplicationServer (ReplicationServer.java:<init>(83)) - Initializing replication server with thread count = 10 queue length = 4096
2023-09-28 12:59:57,973 [1544e7f7-fd3f-4574-a78e-ef52e31146de-NettyServerStreamRpc-bossGroup--thread1] INFO  logging.LoggingHandler (AbstractInternalLogger.java:log(148)) - [id: 0xbf7b2127, L:/0:0:0:0:0:0:0:0:15174] ACTIVE
2023-09-28 12:59:57,973 [main] INFO  server.XceiverServerGrpc (XceiverServerGrpc.java:<init>(132)) - GrpcServer channel type EpollServerSocketChannel
2023-09-28 12:59:57,975 [main] INFO  replication.ReplicationSupervisor (ReplicationSupervisor.java:build(155)) - Initializing replication supervisor with thread count = 10
2023-09-28 12:59:57,975 [main] INFO  replication.ReplicationSupervisor (ReplicationSupervisor.java:nodeStateUpdated(307)) - Node state updated to IN_SERVICE, scaling executor pool size to 10
2023-09-28 12:59:57,978 [main] INFO  http.BaseHttpServer (BaseHttpServer.java:newHttpServer2BuilderForOzone(223)) - Starting Web-server for hddsDatanode at: http://0.0.0.0:15168
2023-09-28 12:59:57,978 [main] INFO  http.BaseHttpServer (BaseHttpServer.java:<init>(110)) - Hadoop Security Enabled: false Ozone Security Enabled: false Ozone HTTP Security Enabled: false 
2023-09-28 12:59:57,979 [main] WARN  server.AuthenticationFilter (AuthenticationFilter.java:constructSecretProvider(240)) - Unable to initialize FileSignerSecretProvider, falling back to use random secrets. Reason: Could not read signature secret file: /home/runner/hadoop-http-auth-signature-secret
2023-09-28 12:59:57,980 [main] INFO  http.HttpRequestLog (HttpRequestLog.java:getRequestLog(86)) - Http request log for http.requests.hddsDatanode is not defined
2023-09-28 12:59:57,981 [main] INFO  http.HttpServer2 (HttpServer2.java:addGlobalFilter(1031)) - Added global filter 'safety' (class=org.apache.hadoop.hdds.server.http.HttpServer2$QuotingInputFilter)
2023-09-28 12:59:57,982 [main] INFO  http.HttpServer2 (HttpServer2.java:addFilter(1007)) - Added filter static_user_filter (class=org.apache.hadoop.http.lib.StaticUserWebFilter$StaticUserFilter) to context hddsDatanode
2023-09-28 12:59:57,982 [main] INFO  http.HttpServer2 (HttpServer2.java:addFilter(1015)) - Added filter static_user_filter (class=org.apache.hadoop.http.lib.StaticUserWebFilter$StaticUserFilter) to context logs
2023-09-28 12:59:57,982 [main] INFO  http.HttpServer2 (HttpServer2.java:addFilter(1015)) - Added filter static_user_filter (class=org.apache.hadoop.http.lib.StaticUserWebFilter$StaticUserFilter) to context static
2023-09-28 12:59:57,982 [main] INFO  http.BaseHttpServer (BaseHttpServer.java:<init>(189)) - HTTP server of hddsDatanode uses base directory /home/runner/work/ozone/ozone/hadoop-ozone/integration-test/target/test-dir/MiniOzoneClusterImpl-1398513c-1ad7-449a-9b84-f90cd6748766/datanode-0/meta/webserver
2023-09-28 12:59:57,983 [main] INFO  http.HttpServer2 (HttpServer2.java:bindListener(1231)) - Jetty bound to port 15168
2023-09-28 12:59:57,983 [main] INFO  server.Server (Server.java:doStart(375)) - jetty-9.4.52.v20230823; built: 2023-08-23T19:29:37.669Z; git: abdcda73818a1a2c705da276edb0bf6581e7997e; jvm 1.8.0_382-b05
2023-09-28 12:59:57,984 [main] INFO  server.session (DefaultSessionIdManager.java:doStart(334)) - DefaultSessionIdManager workerName=node0
2023-09-28 12:59:57,984 [main] INFO  server.session (DefaultSessionIdManager.java:doStart(339)) - No SessionScavenger set, using defaults
2023-09-28 12:59:57,984 [main] INFO  server.session (HouseKeeper.java:startScavenging(132)) - node0 Scavenging every 660000ms
2023-09-28 12:59:57,985 [main] INFO  handler.ContextHandler (ContextHandler.java:doStart(921)) - Started o.e.j.s.ServletContextHandler@5ec7d385{logs,/logs,file:///home/runner/work/ozone/ozone/hadoop-ozone/integration-test/target/log,AVAILABLE}
2023-09-28 12:59:57,985 [main] INFO  handler.ContextHandler (ContextHandler.java:doStart(921)) - Started o.e.j.s.ServletContextHandler@75c73a5f{static,/static,jar:file:/home/runner/.m2/repository/org/apache/ozone/hdds-container-service/1.4.0-SNAPSHOT/hdds-container-service-1.4.0-SNAPSHOT.jar!/webapps/static,AVAILABLE}
2023-09-28 12:59:58,212 [main] INFO  handler.ContextHandler (ContextHandler.java:doStart(921)) - Started o.e.j.w.WebAppContext@4e096b5f{hddsDatanode,/,file:///home/runner/work/ozone/ozone/hadoop-ozone/integration-test/target/test-dir/MiniOzoneClusterImpl-1398513c-1ad7-449a-9b84-f90cd6748766/datanode-0/meta/webserver/jetty-0_0_0_0-15168-hdds-container-service-1_4_0-SNAPSHOT_jar-_-any-7885353918483331828/webapp/,AVAILABLE}{jar:file:/home/runner/.m2/repository/org/apache/ozone/hdds-container-service/1.4.0-SNAPSHOT/hdds-container-service-1.4.0-SNAPSHOT.jar!/webapps/hddsDatanode}
2023-09-28 12:59:58,213 [main] INFO  server.AbstractConnector (AbstractConnector.java:doStart(333)) - Started ServerConnector@71de8be0{HTTP/1.1, (http/1.1)}{0.0.0.0:15168}
2023-09-28 12:59:58,214 [main] INFO  server.Server (Server.java:doStart(415)) - Started @264066ms
2023-09-28 12:59:58,214 [main] WARN  impl.MetricsSystemImpl (MetricsSystemImpl.java:register(279)) - Sink prometheus already exists!
2023-09-28 12:59:58,215 [main] INFO  http.BaseHttpServer (BaseHttpServer.java:updateConnectorAddress(354)) - HTTP server of hddsDatanode listening at http://0.0.0.0:15168
2023-09-28 12:59:58,215 [main] INFO  ipc.CallQueueManager (CallQueueManager.java:<init>(90)) - Using callQueue: class java.util.concurrent.LinkedBlockingQueue, queueCapacity: 100, scheduler: class org.apache.hadoop.ipc.DefaultRpcScheduler, ipcBackoff: false.
2023-09-28 12:59:58,215 [main] INFO  ipc.Server (Server.java:<init>(1287)) - Listener at 0.0.0.0:15169
2023-09-28 12:59:58,216 [Socket Reader #1 for port 15169] INFO  ipc.Server (Server.java:run(1323)) - Starting Socket Reader #1 for port 15169
2023-09-28 12:59:58,219 [main] INFO  ozone.HddsDatanodeService (HddsDatanodeService.java:start(315)) - Datanode start with admins: [runner]
2023-09-28 12:59:58,220 [main] INFO  ozone.HddsDatanodeClientProtocolServer (HddsDatanodeClientProtocolServer.java:start(72)) - RPC server for Client /0.0.0.0:15169
2023-09-28 12:59:58,220 [IPC Server Responder] INFO  ipc.Server (Server.java:run(1562)) - IPC Server Responder: starting
2023-09-28 12:59:58,220 [IPC Server listener on 15169] INFO  ipc.Server (Server.java:run(1402)) - IPC Server listener on 15169: starting
2023-09-28 12:59:58,221 [main] WARN  impl.MetricRegistriesImpl (MetricRegistriesImpl.java:addReporterRegistration(111)) - New reporters are added after registries were created. Some metrics will be missing from the reporter. Please add reporter before adding any new registry.
2023-09-28 12:59:58,222 [main] WARN  impl.MetricRegistriesImpl (MetricRegistriesImpl.java:addReporterRegistration(111)) - New reporters are added after registries were created. Some metrics will be missing from the reporter. Please add reporter before adding any new registry.
2023-09-28 12:59:58,222 [main] INFO  impl.MetricsSystemImpl (MetricsSystemImpl.java:init(158)) - HddsDatanode metrics system started (again)
2023-09-28 12:59:58,229 [Datanode State Machine Daemon Thread] INFO  statemachine.DatanodeStateMachine (DatanodeStateMachine.java:lambda$startDaemon$0(539)) - Ozone container server started.
2023-09-28 12:59:58,248 [Datanode State Machine Task Thread - 0] INFO  datanode.InitDatanodeState (InitDatanodeState.java:persistContainerDatanodeDetails(138)) - DatanodeDetails is persisted to /home/runner/work/ozone/ozone/hadoop-ozone/integration-test/target/test-dir/MiniOzoneClusterImpl-1398513c-1ad7-449a-9b84-f90cd6748766/datanode-0/meta/datanode.id
2023-09-28 12:59:58,248 [main] INFO  ozone.HddsDatanodeService (HddsDatanodeService.java:start(237)) - HddsDatanodeService host:fv-az163-431.ksqkok1cighebdh5ckq0wc3qdf.dx.internal.cloudapp.net ip:10.1.0.34
2023-09-28 12:59:58,272 [main] INFO  upgrade.AbstractLayoutVersionManager (AbstractLayoutVersionManager.java:init(83)) - Initializing Layout version manager with metadata layout = HADOOP_PRC_PORTS_IN_DATANODEDETAILS (version = 7), software layout = HADOOP_PRC_PORTS_IN_DATANODEDETAILS (version = 7)
2023-09-28 12:59:58,273 [main] INFO  statemachine.DatanodeStateMachine (DatanodeStateMachine.java:getEndPointTaskThreadPoolSize(283)) - Datanode State Machine Task Thread Pool size 2
2023-09-28 12:59:58,275 [main] INFO  volume.HddsVolume (HddsVolume.java:<init>(126)) - Creating HddsVolume: /home/runner/work/ozone/ozone/hadoop-ozone/integration-test/target/test-dir/MiniOzoneClusterImpl-1398513c-1ad7-449a-9b84-f90cd6748766/datanode-1/data-0/containers/hdds of storage type : DISK capacity : 9223372036854775807
2023-09-28 12:59:58,275 [main] INFO  volume.MutableVolumeSet (MutableVolumeSet.java:initializeVolumeSet(173)) - Added Volume : /home/runner/work/ozone/ozone/hadoop-ozone/integration-test/target/test-dir/MiniOzoneClusterImpl-1398513c-1ad7-449a-9b84-f90cd6748766/datanode-1/data-0/containers/hdds to VolumeSet
2023-09-28 12:59:58,275 [main] INFO  volume.MutableVolumeSet (MutableVolumeSet.java:initializeVolumeSet(173)) - Added Volume : /home/runner/work/ozone/ozone/hadoop-ozone/integration-test/target/test-dir/MiniOzoneClusterImpl-1398513c-1ad7-449a-9b84-f90cd6748766/datanode-1/data/ratis to VolumeSet
2023-09-28 12:59:58,276 [Thread-1938] INFO  ozoneimpl.ContainerReader (ContainerReader.java:readVolume(177)) - Finish verifying containers on volume /home/runner/work/ozone/ozone/hadoop-ozone/integration-test/target/test-dir/MiniOzoneClusterImpl-1398513c-1ad7-449a-9b84-f90cd6748766/datanode-1/data-0/containers/hdds
2023-09-28 12:59:58,276 [main] INFO  ozoneimpl.OzoneContainer (OzoneContainer.java:buildContainerSet(314)) - Build ContainerSet costs 0s
2023-09-28 12:59:58,278 [main] INFO  server.RaftServer (ConfUtils.java:logGet(46)) - raft.rpc.type = GRPC (default)
2023-09-28 12:59:58,278 [main] INFO  grpc.GrpcConfigKeys (ConfUtils.java:logFallback(53)) - raft.grpc.admin.host = null (fallback to raft.grpc.server.host)
2023-09-28 12:59:58,278 [main] INFO  grpc.GrpcConfigKeys (ConfUtils.java:logGet(46)) - raft.grpc.admin.port = 15181 (custom)
2023-09-28 12:59:58,278 [main] INFO  grpc.GrpcConfigKeys (ConfUtils.java:logFallback(53)) - raft.grpc.client.host = null (fallback to raft.grpc.server.host)
2023-09-28 12:59:58,279 [main] INFO  grpc.GrpcConfigKeys (ConfUtils.java:logGet(46)) - raft.grpc.client.port = 15180 (custom)
2023-09-28 12:59:58,279 [main] INFO  grpc.GrpcConfigKeys (ConfUtils.java:logGet(46)) - raft.grpc.server.host = null (default)
2023-09-28 12:59:58,279 [main] INFO  grpc.GrpcConfigKeys (ConfUtils.java:logGet(46)) - raft.grpc.server.port = 15182 (custom)
2023-09-28 12:59:58,279 [main] INFO  server.GrpcService (ConfUtils.java:logGet(46)) - raft.grpc.message.size.max = 32MB (=33554432) (custom)
2023-09-28 12:59:58,279 [main] INFO  server.RaftServerConfigKeys (ConfUtils.java:logGet(46)) - raft.server.log.appender.buffer.byte-limit = 33554432 (custom)
2023-09-28 12:59:58,279 [main] INFO  server.GrpcService (ConfUtils.java:logGet(46)) - raft.grpc.flow.control.window = 5MB (=5242880) (custom)
2023-09-28 12:59:58,279 [main] INFO  server.RaftServerConfigKeys (ConfUtils.java:logGet(46)) - raft.server.rpc.request.timeout = 60s (custom)
2023-09-28 12:59:58,279 [main] INFO  grpc.GrpcConfigKeys (ConfUtils.java:logGet(46)) - raft.grpc.server.heartbeat.channel = true (default)
2023-09-28 12:59:58,279 [main] INFO  grpc.GrpcConfigKeys (ConfUtils.java:logGet(46)) - raft.grpc.server.async.request.thread.pool.cached = true (default)
2023-09-28 12:59:58,279 [main] INFO  grpc.GrpcConfigKeys (ConfUtils.java:logGet(46)) - raft.grpc.server.async.request.thread.pool.size = 32 (default)
2023-09-28 12:59:58,282 [main] INFO  impl.DataStreamServerImpl (ConfUtils.java:logGet(46)) - raft.datastream.type = NETTY (custom)
2023-09-28 12:59:58,282 [main] INFO  server.RaftServerConfigKeys (ConfUtils.java:logGet(46)) - raft.server.data-stream.async.request.thread.pool.cached = false (default)
2023-09-28 12:59:58,283 [main] INFO  server.RaftServerConfigKeys (ConfUtils.java:logGet(46)) - raft.server.data-stream.async.request.thread.pool.size = 20 (custom)
2023-09-28 12:59:58,283 [main] INFO  server.RaftServerConfigKeys (ConfUtils.java:logGet(46)) - raft.server.data-stream.async.write.thread.pool.size = 16 (default)
2023-09-28 12:59:58,283 [main] INFO  server.RaftServerConfigKeys (ConfUtils.java:logGet(46)) - raft.server.data-stream.client.pool.size = 10 (default)
2023-09-28 12:59:58,283 [main] INFO  netty.NettyConfigKeys$DataStream (ConfUtils.java:logGet(46)) - raft.netty.dataStream.server.use-epoll = false (default)
2023-09-28 12:59:58,283 [main] INFO  netty.NettyConfigKeys$DataStream (ConfUtils.java:logGet(46)) - raft.netty.dataStream.server.boss-group.size = 0 (default)
2023-09-28 12:59:58,284 [main] INFO  netty.NettyConfigKeys$DataStream (ConfUtils.java:logGet(46)) - raft.netty.dataStream.server.worker-group.size = 0 (default)
2023-09-28 12:59:58,284 [main] INFO  netty.NettyConfigKeys$DataStream (ConfUtils.java:logGet(46)) - raft.netty.dataStream.server.tls.conf = null (default)
2023-09-28 12:59:58,284 [main] INFO  netty.NettyConfigKeys$DataStream (ConfUtils.java:logGet(46)) - raft.netty.dataStream.host = null (default)
2023-09-28 12:59:58,284 [main] INFO  netty.NettyConfigKeys$DataStream (ConfUtils.java:logGet(46)) - raft.netty.dataStream.port = 15183 (custom)
2023-09-28 12:59:58,285 [main] INFO  server.RaftServerConfigKeys (ConfUtils.java:logGet(46)) - raft.server.threadpool.proxy.cached = true (default)
2023-09-28 12:59:58,285 [main] INFO  server.RaftServerConfigKeys (ConfUtils.java:logGet(46)) - raft.server.threadpool.proxy.size = 0 (default)
2023-09-28 12:59:58,285 [main] INFO  server.RaftServerConfigKeys (ConfUtils.java:logGet(46)) - raft.server.rpc.slowness.timeout = 300s (custom)
2023-09-28 12:59:58,285 [main] INFO  server.RaftServerConfigKeys (ConfUtils.java:logGet(46)) - raft.server.leaderelection.leader.step-down.wait-time = 10s (default)
2023-09-28 12:59:58,285 [main] INFO  server.RaftServerConfigKeys (ConfUtils.java:logGet(46)) - raft.server.storage.dir = [/home/runner/work/ozone/ozone/hadoop-ozone/integration-test/target/test-dir/MiniOzoneClusterImpl-1398513c-1ad7-449a-9b84-f90cd6748766/datanode-1/data/ratis] (custom)
2023-09-28 12:59:58,286 [1f3e3681-2cc0-4f79-8587-08300d65d237-NettyServerStreamRpc-bossGroup--thread1] INFO  logging.LoggingHandler (AbstractInternalLogger.java:log(148)) - [id: 0xa88fc051] REGISTERED
2023-09-28 12:59:58,286 [1f3e3681-2cc0-4f79-8587-08300d65d237-NettyServerStreamRpc-bossGroup--thread1] INFO  logging.LoggingHandler (AbstractInternalLogger.java:log(148)) - [id: 0xa88fc051] BIND: 0.0.0.0/0.0.0.0:15183
2023-09-28 12:59:58,286 [1f3e3681-2cc0-4f79-8587-08300d65d237-NettyServerStreamRpc-bossGroup--thread1] INFO  logging.LoggingHandler (AbstractInternalLogger.java:log(148)) - [id: 0xa88fc051, L:/0:0:0:0:0:0:0:0:15183] ACTIVE
2023-09-28 12:59:58,286 [1f3e3681-2cc0-4f79-8587-08300d65d237-impl-thread1] INFO  server.RaftServer (RaftServerProxy.java:initGroupDir(258)) - 1f3e3681-2cc0-4f79-8587-08300d65d237: found a subdirectory /home/runner/work/ozone/ozone/hadoop-ozone/integration-test/target/test-dir/MiniOzoneClusterImpl-1398513c-1ad7-449a-9b84-f90cd6748766/datanode-1/data/ratis/tmp
2023-09-28 12:59:58,286 [1f3e3681-2cc0-4f79-8587-08300d65d237-impl-thread1] INFO  server.RaftServer (RaftServerProxy.java:initGroupDir(263)) - 1f3e3681-2cc0-4f79-8587-08300d65d237: The directory /home/runner/work/ozone/ozone/hadoop-ozone/integration-test/target/test-dir/MiniOzoneClusterImpl-1398513c-1ad7-449a-9b84-f90cd6748766/datanode-1/data/ratis/tmp is not a group directory; ignoring it. 
2023-09-28 12:59:58,287 [main] INFO  replication.ReplicationServer (ReplicationServer.java:<init>(83)) - Initializing replication server with thread count = 10 queue length = 4096
2023-09-28 12:59:58,288 [main] INFO  server.XceiverServerGrpc (XceiverServerGrpc.java:<init>(132)) - GrpcServer channel type EpollServerSocketChannel
2023-09-28 12:59:58,289 [main] INFO  replication.ReplicationSupervisor (ReplicationSupervisor.java:build(155)) - Initializing replication supervisor with thread count = 10
2023-09-28 12:59:58,289 [main] INFO  replication.ReplicationSupervisor (ReplicationSupervisor.java:nodeStateUpdated(307)) - Node state updated to IN_SERVICE, scaling executor pool size to 10
2023-09-28 12:59:58,292 [main] INFO  http.BaseHttpServer (BaseHttpServer.java:newHttpServer2BuilderForOzone(223)) - Starting Web-server for hddsDatanode at: http://0.0.0.0:15177
2023-09-28 12:59:58,292 [main] INFO  http.BaseHttpServer (BaseHttpServer.java:<init>(110)) - Hadoop Security Enabled: false Ozone Security Enabled: false Ozone HTTP Security Enabled: false 
2023-09-28 12:59:58,293 [main] WARN  server.AuthenticationFilter (AuthenticationFilter.java:constructSecretProvider(240)) - Unable to initialize FileSignerSecretProvider, falling back to use random secrets. Reason: Could not read signature secret file: /home/runner/hadoop-http-auth-signature-secret
2023-09-28 12:59:58,294 [main] INFO  http.HttpRequestLog (HttpRequestLog.java:getRequestLog(86)) - Http request log for http.requests.hddsDatanode is not defined
2023-09-28 12:59:58,295 [main] INFO  http.HttpServer2 (HttpServer2.java:addGlobalFilter(1031)) - Added global filter 'safety' (class=org.apache.hadoop.hdds.server.http.HttpServer2$QuotingInputFilter)
2023-09-28 12:59:58,295 [main] INFO  http.HttpServer2 (HttpServer2.java:addFilter(1007)) - Added filter static_user_filter (class=org.apache.hadoop.http.lib.StaticUserWebFilter$StaticUserFilter) to context hddsDatanode
2023-09-28 12:59:58,296 [main] INFO  http.HttpServer2 (HttpServer2.java:addFilter(1015)) - Added filter static_user_filter (class=org.apache.hadoop.http.lib.StaticUserWebFilter$StaticUserFilter) to context logs
2023-09-28 12:59:58,296 [main] INFO  http.HttpServer2 (HttpServer2.java:addFilter(1015)) - Added filter static_user_filter (class=org.apache.hadoop.http.lib.StaticUserWebFilter$StaticUserFilter) to context static
2023-09-28 12:59:58,296 [main] INFO  http.BaseHttpServer (BaseHttpServer.java:<init>(189)) - HTTP server of hddsDatanode uses base directory /home/runner/work/ozone/ozone/hadoop-ozone/integration-test/target/test-dir/MiniOzoneClusterImpl-1398513c-1ad7-449a-9b84-f90cd6748766/datanode-1/meta/webserver
2023-09-28 12:59:58,296 [main] INFO  http.HttpServer2 (HttpServer2.java:bindListener(1231)) - Jetty bound to port 15177
2023-09-28 12:59:58,296 [main] INFO  server.Server (Server.java:doStart(375)) - jetty-9.4.52.v20230823; built: 2023-08-23T19:29:37.669Z; git: abdcda73818a1a2c705da276edb0bf6581e7997e; jvm 1.8.0_382-b05
2023-09-28 12:59:58,304 [main] INFO  server.session (DefaultSessionIdManager.java:doStart(334)) - DefaultSessionIdManager workerName=node0
2023-09-28 12:59:58,304 [main] INFO  server.session (DefaultSessionIdManager.java:doStart(339)) - No SessionScavenger set, using defaults
2023-09-28 12:59:58,304 [main] INFO  server.session (HouseKeeper.java:startScavenging(132)) - node0 Scavenging every 660000ms
2023-09-28 12:59:58,305 [main] INFO  handler.ContextHandler (ContextHandler.java:doStart(921)) - Started o.e.j.s.ServletContextHandler@6ed66fe8{logs,/logs,file:///home/runner/work/ozone/ozone/hadoop-ozone/integration-test/target/log,AVAILABLE}
2023-09-28 12:59:58,305 [main] INFO  handler.ContextHandler (ContextHandler.java:doStart(921)) - Started o.e.j.s.ServletContextHandler@76a852d6{static,/static,jar:file:/home/runner/.m2/repository/org/apache/ozone/hdds-container-service/1.4.0-SNAPSHOT/hdds-container-service-1.4.0-SNAPSHOT.jar!/webapps/static,AVAILABLE}
2023-09-28 12:59:58,531 [main] INFO  handler.ContextHandler (ContextHandler.java:doStart(921)) - Started o.e.j.w.WebAppContext@1c4c5541{hddsDatanode,/,file:///home/runner/work/ozone/ozone/hadoop-ozone/integration-test/target/test-dir/MiniOzoneClusterImpl-1398513c-1ad7-449a-9b84-f90cd6748766/datanode-1/meta/webserver/jetty-0_0_0_0-15177-hdds-container-service-1_4_0-SNAPSHOT_jar-_-any-3843136271745760547/webapp/,AVAILABLE}{jar:file:/home/runner/.m2/repository/org/apache/ozone/hdds-container-service/1.4.0-SNAPSHOT/hdds-container-service-1.4.0-SNAPSHOT.jar!/webapps/hddsDatanode}
2023-09-28 12:59:58,532 [main] INFO  server.AbstractConnector (AbstractConnector.java:doStart(333)) - Started ServerConnector@66bd3f86{HTTP/1.1, (http/1.1)}{0.0.0.0:15177}
2023-09-28 12:59:58,533 [main] INFO  server.Server (Server.java:doStart(415)) - Started @264385ms
2023-09-28 12:59:58,533 [main] WARN  impl.MetricsSystemImpl (MetricsSystemImpl.java:register(279)) - Sink prometheus already exists!
2023-09-28 12:59:58,533 [main] INFO  http.BaseHttpServer (BaseHttpServer.java:updateConnectorAddress(354)) - HTTP server of hddsDatanode listening at http://0.0.0.0:15177
2023-09-28 12:59:58,534 [main] INFO  ipc.CallQueueManager (CallQueueManager.java:<init>(90)) - Using callQueue: class java.util.concurrent.LinkedBlockingQueue, queueCapacity: 100, scheduler: class org.apache.hadoop.ipc.DefaultRpcScheduler, ipcBackoff: false.
2023-09-28 12:59:58,534 [main] INFO  ipc.Server (Server.java:<init>(1287)) - Listener at 0.0.0.0:15178
2023-09-28 12:59:58,535 [Socket Reader #1 for port 15178] INFO  ipc.Server (Server.java:run(1323)) - Starting Socket Reader #1 for port 15178
2023-09-28 12:59:58,538 [main] INFO  ozone.HddsDatanodeService (HddsDatanodeService.java:start(315)) - Datanode start with admins: [runner]
2023-09-28 12:59:58,539 [main] INFO  ozone.HddsDatanodeClientProtocolServer (HddsDatanodeClientProtocolServer.java:start(72)) - RPC server for Client /0.0.0.0:15178
2023-09-28 12:59:58,539 [IPC Server Responder] INFO  ipc.Server (Server.java:run(1562)) - IPC Server Responder: starting
2023-09-28 12:59:58,542 [IPC Server listener on 15178] INFO  ipc.Server (Server.java:run(1402)) - IPC Server listener on 15178: starting
2023-09-28 12:59:58,542 [Datanode State Machine Daemon Thread] INFO  statemachine.DatanodeStateMachine (DatanodeStateMachine.java:lambda$startDaemon$0(539)) - Ozone container server started.
2023-09-28 12:59:58,544 [main] WARN  impl.MetricRegistriesImpl (MetricRegistriesImpl.java:addReporterRegistration(111)) - New reporters are added after registries were created. Some metrics will be missing from the reporter. Please add reporter before adding any new registry.
2023-09-28 12:59:58,545 [main] WARN  impl.MetricRegistriesImpl (MetricRegistriesImpl.java:addReporterRegistration(111)) - New reporters are added after registries were created. Some metrics will be missing from the reporter. Please add reporter before adding any new registry.
2023-09-28 12:59:58,545 [main] INFO  impl.MetricsSystemImpl (MetricsSystemImpl.java:init(158)) - HddsDatanode metrics system started (again)
2023-09-28 12:59:58,550 [Datanode State Machine Task Thread - 0] INFO  datanode.InitDatanodeState (InitDatanodeState.java:persistContainerDatanodeDetails(138)) - DatanodeDetails is persisted to /home/runner/work/ozone/ozone/hadoop-ozone/integration-test/target/test-dir/MiniOzoneClusterImpl-1398513c-1ad7-449a-9b84-f90cd6748766/datanode-1/meta/datanode.id
2023-09-28 12:59:58,561 [main] INFO  ozone.HddsDatanodeService (HddsDatanodeService.java:start(237)) - HddsDatanodeService host:fv-az163-431.ksqkok1cighebdh5ckq0wc3qdf.dx.internal.cloudapp.net ip:10.1.0.34
2023-09-28 12:59:58,593 [main] INFO  upgrade.AbstractLayoutVersionManager (AbstractLayoutVersionManager.java:init(83)) - Initializing Layout version manager with metadata layout = HADOOP_PRC_PORTS_IN_DATANODEDETAILS (version = 7), software layout = HADOOP_PRC_PORTS_IN_DATANODEDETAILS (version = 7)
2023-09-28 12:59:58,595 [main] INFO  statemachine.DatanodeStateMachine (DatanodeStateMachine.java:getEndPointTaskThreadPoolSize(283)) - Datanode State Machine Task Thread Pool size 2
2023-09-28 12:59:58,597 [main] INFO  volume.HddsVolume (HddsVolume.java:<init>(126)) - Creating HddsVolume: /home/runner/work/ozone/ozone/hadoop-ozone/integration-test/target/test-dir/MiniOzoneClusterImpl-1398513c-1ad7-449a-9b84-f90cd6748766/datanode-2/data-0/containers/hdds of storage type : DISK capacity : 9223372036854775807
2023-09-28 12:59:58,597 [main] INFO  volume.MutableVolumeSet (MutableVolumeSet.java:initializeVolumeSet(173)) - Added Volume : /home/runner/work/ozone/ozone/hadoop-ozone/integration-test/target/test-dir/MiniOzoneClusterImpl-1398513c-1ad7-449a-9b84-f90cd6748766/datanode-2/data-0/containers/hdds to VolumeSet
2023-09-28 12:59:58,598 [main] INFO  volume.MutableVolumeSet (MutableVolumeSet.java:initializeVolumeSet(173)) - Added Volume : /home/runner/work/ozone/ozone/hadoop-ozone/integration-test/target/test-dir/MiniOzoneClusterImpl-1398513c-1ad7-449a-9b84-f90cd6748766/datanode-2/data/ratis to VolumeSet
2023-09-28 12:59:58,598 [Thread-1955] INFO  ozoneimpl.ContainerReader (ContainerReader.java:readVolume(177)) - Finish verifying containers on volume /home/runner/work/ozone/ozone/hadoop-ozone/integration-test/target/test-dir/MiniOzoneClusterImpl-1398513c-1ad7-449a-9b84-f90cd6748766/datanode-2/data-0/containers/hdds
2023-09-28 12:59:58,598 [main] INFO  ozoneimpl.OzoneContainer (OzoneContainer.java:buildContainerSet(314)) - Build ContainerSet costs 0s
2023-09-28 12:59:58,602 [main] INFO  server.RaftServer (ConfUtils.java:logGet(46)) - raft.rpc.type = GRPC (default)
2023-09-28 12:59:58,603 [main] INFO  grpc.GrpcConfigKeys (ConfUtils.java:logFallback(53)) - raft.grpc.admin.host = null (fallback to raft.grpc.server.host)
2023-09-28 12:59:58,603 [main] INFO  grpc.GrpcConfigKeys (ConfUtils.java:logGet(46)) - raft.grpc.admin.port = 15190 (custom)
2023-09-28 12:59:58,603 [main] INFO  grpc.GrpcConfigKeys (ConfUtils.java:logFallback(53)) - raft.grpc.client.host = null (fallback to raft.grpc.server.host)
2023-09-28 12:59:58,603 [main] INFO  grpc.GrpcConfigKeys (ConfUtils.java:logGet(46)) - raft.grpc.client.port = 15189 (custom)
2023-09-28 12:59:58,603 [main] INFO  grpc.GrpcConfigKeys (ConfUtils.java:logGet(46)) - raft.grpc.server.host = null (default)
2023-09-28 12:59:58,603 [main] INFO  grpc.GrpcConfigKeys (ConfUtils.java:logGet(46)) - raft.grpc.server.port = 15191 (custom)
2023-09-28 12:59:58,603 [main] INFO  server.GrpcService (ConfUtils.java:logGet(46)) - raft.grpc.message.size.max = 32MB (=33554432) (custom)
2023-09-28 12:59:58,604 [main] INFO  server.RaftServerConfigKeys (ConfUtils.java:logGet(46)) - raft.server.log.appender.buffer.byte-limit = 33554432 (custom)
2023-09-28 12:59:58,604 [main] INFO  server.GrpcService (ConfUtils.java:logGet(46)) - raft.grpc.flow.control.window = 5MB (=5242880) (custom)
2023-09-28 12:59:58,604 [main] INFO  server.RaftServerConfigKeys (ConfUtils.java:logGet(46)) - raft.server.rpc.request.timeout = 60s (custom)
2023-09-28 12:59:58,604 [main] INFO  grpc.GrpcConfigKeys (ConfUtils.java:logGet(46)) - raft.grpc.server.heartbeat.channel = true (default)
2023-09-28 12:59:58,604 [main] INFO  grpc.GrpcConfigKeys (ConfUtils.java:logGet(46)) - raft.grpc.server.async.request.thread.pool.cached = true (default)
2023-09-28 12:59:58,604 [main] INFO  grpc.GrpcConfigKeys (ConfUtils.java:logGet(46)) - raft.grpc.server.async.request.thread.pool.size = 32 (default)
2023-09-28 12:59:58,607 [main] INFO  impl.DataStreamServerImpl (ConfUtils.java:logGet(46)) - raft.datastream.type = NETTY (custom)
2023-09-28 12:59:58,607 [main] INFO  server.RaftServerConfigKeys (ConfUtils.java:logGet(46)) - raft.server.data-stream.async.request.thread.pool.cached = false (default)
2023-09-28 12:59:58,608 [main] INFO  server.RaftServerConfigKeys (ConfUtils.java:logGet(46)) - raft.server.data-stream.async.request.thread.pool.size = 20 (custom)
2023-09-28 12:59:58,608 [main] INFO  server.RaftServerConfigKeys (ConfUtils.java:logGet(46)) - raft.server.data-stream.async.write.thread.pool.size = 16 (default)
2023-09-28 12:59:58,608 [main] INFO  server.RaftServerConfigKeys (ConfUtils.java:logGet(46)) - raft.server.data-stream.client.pool.size = 10 (default)
2023-09-28 12:59:58,608 [main] INFO  netty.NettyConfigKeys$DataStream (ConfUtils.java:logGet(46)) - raft.netty.dataStream.server.use-epoll = false (default)
2023-09-28 12:59:58,608 [main] INFO  netty.NettyConfigKeys$DataStream (ConfUtils.java:logGet(46)) - raft.netty.dataStream.server.boss-group.size = 0 (default)
2023-09-28 12:59:58,608 [main] INFO  netty.NettyConfigKeys$DataStream (ConfUtils.java:logGet(46)) - raft.netty.dataStream.server.worker-group.size = 0 (default)
2023-09-28 12:59:58,609 [main] INFO  netty.NettyConfigKeys$DataStream (ConfUtils.java:logGet(46)) - raft.netty.dataStream.server.tls.conf = null (default)
2023-09-28 12:59:58,609 [main] INFO  netty.NettyConfigKeys$DataStream (ConfUtils.java:logGet(46)) - raft.netty.dataStream.host = null (default)
2023-09-28 12:59:58,609 [main] INFO  netty.NettyConfigKeys$DataStream (ConfUtils.java:logGet(46)) - raft.netty.dataStream.port = 15192 (custom)
2023-09-28 12:59:58,616 [main] INFO  server.RaftServerConfigKeys (ConfUtils.java:logGet(46)) - raft.server.threadpool.proxy.cached = true (default)
2023-09-28 12:59:58,616 [main] INFO  server.RaftServerConfigKeys (ConfUtils.java:logGet(46)) - raft.server.threadpool.proxy.size = 0 (default)
2023-09-28 12:59:58,616 [2e0a77eb-074a-4a54-81ef-c7479b7c14e1-NettyServerStreamRpc-bossGroup--thread1] INFO  logging.LoggingHandler (AbstractInternalLogger.java:log(148)) - [id: 0xfcf6f76b] REGISTERED
2023-09-28 12:59:58,616 [main] INFO  server.RaftServerConfigKeys (ConfUtils.java:logGet(46)) - raft.server.rpc.slowness.timeout = 300s (custom)
2023-09-28 12:59:58,616 [main] INFO  server.RaftServerConfigKeys (ConfUtils.java:logGet(46)) - raft.server.leaderelection.leader.step-down.wait-time = 10s (default)
2023-09-28 12:59:58,616 [2e0a77eb-074a-4a54-81ef-c7479b7c14e1-NettyServerStreamRpc-bossGroup--thread1] INFO  logging.LoggingHandler (AbstractInternalLogger.java:log(148)) - [id: 0xfcf6f76b] BIND: 0.0.0.0/0.0.0.0:15192
2023-09-28 12:59:58,617 [main] INFO  server.RaftServerConfigKeys (ConfUtils.java:logGet(46)) - raft.server.storage.dir = [/home/runner/work/ozone/ozone/hadoop-ozone/integration-test/target/test-dir/MiniOzoneClusterImpl-1398513c-1ad7-449a-9b84-f90cd6748766/datanode-2/data/ratis] (custom)
2023-09-28 12:59:58,617 [2e0a77eb-074a-4a54-81ef-c7479b7c14e1-NettyServerStreamRpc-bossGroup--thread1] INFO  logging.LoggingHandler (AbstractInternalLogger.java:log(148)) - [id: 0xfcf6f76b, L:/0:0:0:0:0:0:0:0:15192] ACTIVE
2023-09-28 12:59:58,617 [2e0a77eb-074a-4a54-81ef-c7479b7c14e1-impl-thread1] INFO  server.RaftServer (RaftServerProxy.java:initGroupDir(258)) - 2e0a77eb-074a-4a54-81ef-c7479b7c14e1: found a subdirectory /home/runner/work/ozone/ozone/hadoop-ozone/integration-test/target/test-dir/MiniOzoneClusterImpl-1398513c-1ad7-449a-9b84-f90cd6748766/datanode-2/data/ratis/tmp
2023-09-28 12:59:58,617 [2e0a77eb-074a-4a54-81ef-c7479b7c14e1-impl-thread1] INFO  server.RaftServer (RaftServerProxy.java:initGroupDir(263)) - 2e0a77eb-074a-4a54-81ef-c7479b7c14e1: The directory /home/runner/work/ozone/ozone/hadoop-ozone/integration-test/target/test-dir/MiniOzoneClusterImpl-1398513c-1ad7-449a-9b84-f90cd6748766/datanode-2/data/ratis/tmp is not a group directory; ignoring it. 
2023-09-28 12:59:58,617 [main] INFO  replication.ReplicationServer (ReplicationServer.java:<init>(83)) - Initializing replication server with thread count = 10 queue length = 4096
2023-09-28 12:59:58,618 [main] INFO  server.XceiverServerGrpc (XceiverServerGrpc.java:<init>(132)) - GrpcServer channel type EpollServerSocketChannel
2023-09-28 12:59:58,620 [main] INFO  replication.ReplicationSupervisor (ReplicationSupervisor.java:build(155)) - Initializing replication supervisor with thread count = 10
2023-09-28 12:59:58,621 [main] INFO  replication.ReplicationSupervisor (ReplicationSupervisor.java:nodeStateUpdated(307)) - Node state updated to IN_SERVICE, scaling executor pool size to 10
2023-09-28 12:59:58,623 [main] INFO  http.BaseHttpServer (BaseHttpServer.java:newHttpServer2BuilderForOzone(223)) - Starting Web-server for hddsDatanode at: http://0.0.0.0:15186
2023-09-28 12:59:58,623 [main] INFO  http.BaseHttpServer (BaseHttpServer.java:<init>(110)) - Hadoop Security Enabled: false Ozone Security Enabled: false Ozone HTTP Security Enabled: false 
2023-09-28 12:59:58,625 [main] WARN  server.AuthenticationFilter (AuthenticationFilter.java:constructSecretProvider(240)) - Unable to initialize FileSignerSecretProvider, falling back to use random secrets. Reason: Could not read signature secret file: /home/runner/hadoop-http-auth-signature-secret
2023-09-28 12:59:58,625 [main] INFO  http.HttpRequestLog (HttpRequestLog.java:getRequestLog(86)) - Http request log for http.requests.hddsDatanode is not defined
2023-09-28 12:59:58,627 [main] INFO  http.HttpServer2 (HttpServer2.java:addGlobalFilter(1031)) - Added global filter 'safety' (class=org.apache.hadoop.hdds.server.http.HttpServer2$QuotingInputFilter)
2023-09-28 12:59:58,632 [main] INFO  http.HttpServer2 (HttpServer2.java:addFilter(1007)) - Added filter static_user_filter (class=org.apache.hadoop.http.lib.StaticUserWebFilter$StaticUserFilter) to context hddsDatanode
2023-09-28 12:59:58,632 [main] INFO  http.HttpServer2 (HttpServer2.java:addFilter(1015)) - Added filter static_user_filter (class=org.apache.hadoop.http.lib.StaticUserWebFilter$StaticUserFilter) to context static
2023-09-28 12:59:58,632 [main] INFO  http.HttpServer2 (HttpServer2.java:addFilter(1015)) - Added filter static_user_filter (class=org.apache.hadoop.http.lib.StaticUserWebFilter$StaticUserFilter) to context logs
2023-09-28 12:59:58,633 [main] INFO  http.BaseHttpServer (BaseHttpServer.java:<init>(189)) - HTTP server of hddsDatanode uses base directory /home/runner/work/ozone/ozone/hadoop-ozone/integration-test/target/test-dir/MiniOzoneClusterImpl-1398513c-1ad7-449a-9b84-f90cd6748766/datanode-2/meta/webserver
2023-09-28 12:59:58,633 [main] INFO  http.HttpServer2 (HttpServer2.java:bindListener(1231)) - Jetty bound to port 15186
2023-09-28 12:59:58,633 [main] INFO  server.Server (Server.java:doStart(375)) - jetty-9.4.52.v20230823; built: 2023-08-23T19:29:37.669Z; git: abdcda73818a1a2c705da276edb0bf6581e7997e; jvm 1.8.0_382-b05
2023-09-28 12:59:58,635 [main] INFO  server.session (DefaultSessionIdManager.java:doStart(334)) - DefaultSessionIdManager workerName=node0
2023-09-28 12:59:58,635 [main] INFO  server.session (DefaultSessionIdManager.java:doStart(339)) - No SessionScavenger set, using defaults
2023-09-28 12:59:58,635 [main] INFO  server.session (HouseKeeper.java:startScavenging(132)) - node0 Scavenging every 600000ms
2023-09-28 12:59:58,636 [main] INFO  handler.ContextHandler (ContextHandler.java:doStart(921)) - Started o.e.j.s.ServletContextHandler@77baac76{logs,/logs,file:///home/runner/work/ozone/ozone/hadoop-ozone/integration-test/target/log,AVAILABLE}
2023-09-28 12:59:58,637 [main] INFO  handler.ContextHandler (ContextHandler.java:doStart(921)) - Started o.e.j.s.ServletContextHandler@134fa5d5{static,/static,jar:file:/home/runner/.m2/repository/org/apache/ozone/hdds-container-service/1.4.0-SNAPSHOT/hdds-container-service-1.4.0-SNAPSHOT.jar!/webapps/static,AVAILABLE}
2023-09-28 12:59:58,862 [main] INFO  handler.ContextHandler (ContextHandler.java:doStart(921)) - Started o.e.j.w.WebAppContext@3a1bd3a0{hddsDatanode,/,file:///home/runner/work/ozone/ozone/hadoop-ozone/integration-test/target/test-dir/MiniOzoneClusterImpl-1398513c-1ad7-449a-9b84-f90cd6748766/datanode-2/meta/webserver/jetty-0_0_0_0-15186-hdds-container-service-1_4_0-SNAPSHOT_jar-_-any-8681001730467152499/webapp/,AVAILABLE}{jar:file:/home/runner/.m2/repository/org/apache/ozone/hdds-container-service/1.4.0-SNAPSHOT/hdds-container-service-1.4.0-SNAPSHOT.jar!/webapps/hddsDatanode}
2023-09-28 12:59:58,864 [main] INFO  server.AbstractConnector (AbstractConnector.java:doStart(333)) - Started ServerConnector@501fe242{HTTP/1.1, (http/1.1)}{0.0.0.0:15186}
2023-09-28 12:59:58,864 [main] INFO  server.Server (Server.java:doStart(415)) - Started @264716ms
2023-09-28 12:59:58,864 [main] WARN  impl.MetricsSystemImpl (MetricsSystemImpl.java:register(279)) - Sink prometheus already exists!
2023-09-28 12:59:58,865 [main] INFO  http.BaseHttpServer (BaseHttpServer.java:updateConnectorAddress(354)) - HTTP server of hddsDatanode listening at http://0.0.0.0:15186
2023-09-28 12:59:58,865 [main] INFO  ipc.CallQueueManager (CallQueueManager.java:<init>(90)) - Using callQueue: class java.util.concurrent.LinkedBlockingQueue, queueCapacity: 100, scheduler: class org.apache.hadoop.ipc.DefaultRpcScheduler, ipcBackoff: false.
2023-09-28 12:59:58,865 [main] INFO  ipc.Server (Server.java:<init>(1287)) - Listener at 0.0.0.0:15187
2023-09-28 12:59:58,866 [Socket Reader #1 for port 15187] INFO  ipc.Server (Server.java:run(1323)) - Starting Socket Reader #1 for port 15187
2023-09-28 12:59:58,871 [main] INFO  ozone.HddsDatanodeService (HddsDatanodeService.java:start(315)) - Datanode start with admins: [runner]
2023-09-28 12:59:58,871 [main] INFO  ozone.HddsDatanodeClientProtocolServer (HddsDatanodeClientProtocolServer.java:start(72)) - RPC server for Client /0.0.0.0:15187
2023-09-28 12:59:58,872 [IPC Server Responder] INFO  ipc.Server (Server.java:run(1562)) - IPC Server Responder: starting
2023-09-28 12:59:58,873 [Datanode State Machine Daemon Thread] INFO  statemachine.DatanodeStateMachine (DatanodeStateMachine.java:lambda$startDaemon$0(539)) - Ozone container server started.
2023-09-28 12:59:58,873 [IPC Server listener on 15187] INFO  ipc.Server (Server.java:run(1402)) - IPC Server listener on 15187: starting
2023-09-28 12:59:58,873 [main] WARN  impl.MetricRegistriesImpl (MetricRegistriesImpl.java:addReporterRegistration(111)) - New reporters are added after registries were created. Some metrics will be missing from the reporter. Please add reporter before adding any new registry.
2023-09-28 12:59:58,876 [main] WARN  impl.MetricRegistriesImpl (MetricRegistriesImpl.java:addReporterRegistration(111)) - New reporters are added after registries were created. Some metrics will be missing from the reporter. Please add reporter before adding any new registry.
2023-09-28 12:59:58,876 [main] INFO  impl.MetricsSystemImpl (MetricsSystemImpl.java:init(158)) - HddsDatanode metrics system started (again)
2023-09-28 12:59:58,885 [Datanode State Machine Task Thread - 0] INFO  datanode.InitDatanodeState (InitDatanodeState.java:persistContainerDatanodeDetails(138)) - DatanodeDetails is persisted to /home/runner/work/ozone/ozone/hadoop-ozone/integration-test/target/test-dir/MiniOzoneClusterImpl-1398513c-1ad7-449a-9b84-f90cd6748766/datanode-2/meta/datanode.id
2023-09-28 12:59:58,892 [main] INFO  ozone.HddsDatanodeService (HddsDatanodeService.java:start(237)) - HddsDatanodeService host:fv-az163-431.ksqkok1cighebdh5ckq0wc3qdf.dx.internal.cloudapp.net ip:10.1.0.34
2023-09-28 12:59:58,913 [main] INFO  upgrade.AbstractLayoutVersionManager (AbstractLayoutVersionManager.java:init(83)) - Initializing Layout version manager with metadata layout = HADOOP_PRC_PORTS_IN_DATANODEDETAILS (version = 7), software layout = HADOOP_PRC_PORTS_IN_DATANODEDETAILS (version = 7)
2023-09-28 12:59:58,914 [main] INFO  statemachine.DatanodeStateMachine (DatanodeStateMachine.java:getEndPointTaskThreadPoolSize(283)) - Datanode State Machine Task Thread Pool size 2
2023-09-28 12:59:58,915 [main] INFO  volume.HddsVolume (HddsVolume.java:<init>(126)) - Creating HddsVolume: /home/runner/work/ozone/ozone/hadoop-ozone/integration-test/target/test-dir/MiniOzoneClusterImpl-1398513c-1ad7-449a-9b84-f90cd6748766/datanode-3/data-0/containers/hdds of storage type : DISK capacity : 9223372036854775807
2023-09-28 12:59:58,915 [main] INFO  volume.MutableVolumeSet (MutableVolumeSet.java:initializeVolumeSet(173)) - Added Volume : /home/runner/work/ozone/ozone/hadoop-ozone/integration-test/target/test-dir/MiniOzoneClusterImpl-1398513c-1ad7-449a-9b84-f90cd6748766/datanode-3/data-0/containers/hdds to VolumeSet
2023-09-28 12:59:58,916 [main] INFO  volume.MutableVolumeSet (MutableVolumeSet.java:initializeVolumeSet(173)) - Added Volume : /home/runner/work/ozone/ozone/hadoop-ozone/integration-test/target/test-dir/MiniOzoneClusterImpl-1398513c-1ad7-449a-9b84-f90cd6748766/datanode-3/data/ratis to VolumeSet
2023-09-28 12:59:58,916 [Thread-1972] INFO  ozoneimpl.ContainerReader (ContainerReader.java:readVolume(177)) - Finish verifying containers on volume /home/runner/work/ozone/ozone/hadoop-ozone/integration-test/target/test-dir/MiniOzoneClusterImpl-1398513c-1ad7-449a-9b84-f90cd6748766/datanode-3/data-0/containers/hdds
2023-09-28 12:59:58,916 [main] INFO  ozoneimpl.OzoneContainer (OzoneContainer.java:buildContainerSet(314)) - Build ContainerSet costs 0s
2023-09-28 12:59:58,918 [main] INFO  server.RaftServer (ConfUtils.java:logGet(46)) - raft.rpc.type = GRPC (default)
2023-09-28 12:59:58,918 [main] INFO  grpc.GrpcConfigKeys (ConfUtils.java:logFallback(53)) - raft.grpc.admin.host = null (fallback to raft.grpc.server.host)
2023-09-28 12:59:58,918 [main] INFO  grpc.GrpcConfigKeys (ConfUtils.java:logGet(46)) - raft.grpc.admin.port = 15199 (custom)
2023-09-28 12:59:58,918 [main] INFO  grpc.GrpcConfigKeys (ConfUtils.java:logFallback(53)) - raft.grpc.client.host = null (fallback to raft.grpc.server.host)
2023-09-28 12:59:58,919 [main] INFO  grpc.GrpcConfigKeys (ConfUtils.java:logGet(46)) - raft.grpc.client.port = 15198 (custom)
2023-09-28 12:59:58,919 [main] INFO  grpc.GrpcConfigKeys (ConfUtils.java:logGet(46)) - raft.grpc.server.host = null (default)
2023-09-28 12:59:58,919 [main] INFO  grpc.GrpcConfigKeys (ConfUtils.java:logGet(46)) - raft.grpc.server.port = 15200 (custom)
2023-09-28 12:59:58,919 [main] INFO  server.GrpcService (ConfUtils.java:logGet(46)) - raft.grpc.message.size.max = 32MB (=33554432) (custom)
2023-09-28 12:59:58,919 [main] INFO  server.RaftServerConfigKeys (ConfUtils.java:logGet(46)) - raft.server.log.appender.buffer.byte-limit = 33554432 (custom)
2023-09-28 12:59:58,919 [main] INFO  server.GrpcService (ConfUtils.java:logGet(46)) - raft.grpc.flow.control.window = 5MB (=5242880) (custom)
2023-09-28 12:59:58,919 [main] INFO  server.RaftServerConfigKeys (ConfUtils.java:logGet(46)) - raft.server.rpc.request.timeout = 60s (custom)
2023-09-28 12:59:58,919 [main] INFO  grpc.GrpcConfigKeys (ConfUtils.java:logGet(46)) - raft.grpc.server.heartbeat.channel = true (default)
2023-09-28 12:59:58,919 [main] INFO  grpc.GrpcConfigKeys (ConfUtils.java:logGet(46)) - raft.grpc.server.async.request.thread.pool.cached = true (default)
2023-09-28 12:59:58,920 [main] INFO  grpc.GrpcConfigKeys (ConfUtils.java:logGet(46)) - raft.grpc.server.async.request.thread.pool.size = 32 (default)
2023-09-28 12:59:58,922 [main] INFO  impl.DataStreamServerImpl (ConfUtils.java:logGet(46)) - raft.datastream.type = NETTY (custom)
2023-09-28 12:59:58,922 [main] INFO  server.RaftServerConfigKeys (ConfUtils.java:logGet(46)) - raft.server.data-stream.async.request.thread.pool.cached = false (default)
2023-09-28 12:59:58,922 [main] INFO  server.RaftServerConfigKeys (ConfUtils.java:logGet(46)) - raft.server.data-stream.async.request.thread.pool.size = 20 (custom)
2023-09-28 12:59:58,922 [main] INFO  server.RaftServerConfigKeys (ConfUtils.java:logGet(46)) - raft.server.data-stream.async.write.thread.pool.size = 16 (default)
2023-09-28 12:59:58,923 [main] INFO  server.RaftServerConfigKeys (ConfUtils.java:logGet(46)) - raft.server.data-stream.client.pool.size = 10 (default)
2023-09-28 12:59:58,923 [main] INFO  netty.NettyConfigKeys$DataStream (ConfUtils.java:logGet(46)) - raft.netty.dataStream.server.use-epoll = false (default)
2023-09-28 12:59:58,923 [main] INFO  netty.NettyConfigKeys$DataStream (ConfUtils.java:logGet(46)) - raft.netty.dataStream.server.boss-group.size = 0 (default)
2023-09-28 12:59:58,923 [main] INFO  netty.NettyConfigKeys$DataStream (ConfUtils.java:logGet(46)) - raft.netty.dataStream.server.worker-group.size = 0 (default)
2023-09-28 12:59:58,923 [main] INFO  netty.NettyConfigKeys$DataStream (ConfUtils.java:logGet(46)) - raft.netty.dataStream.server.tls.conf = null (default)
2023-09-28 12:59:58,924 [main] INFO  netty.NettyConfigKeys$DataStream (ConfUtils.java:logGet(46)) - raft.netty.dataStream.host = null (default)
2023-09-28 12:59:58,924 [main] INFO  netty.NettyConfigKeys$DataStream (ConfUtils.java:logGet(46)) - raft.netty.dataStream.port = 15201 (custom)
2023-09-28 12:59:58,929 [main] INFO  server.RaftServerConfigKeys (ConfUtils.java:logGet(46)) - raft.server.threadpool.proxy.cached = true (default)
2023-09-28 12:59:58,929 [main] INFO  server.RaftServerConfigKeys (ConfUtils.java:logGet(46)) - raft.server.threadpool.proxy.size = 0 (default)
2023-09-28 12:59:58,929 [main] INFO  server.RaftServerConfigKeys (ConfUtils.java:logGet(46)) - raft.server.rpc.slowness.timeout = 300s (custom)
2023-09-28 12:59:58,929 [main] INFO  server.RaftServerConfigKeys (ConfUtils.java:logGet(46)) - raft.server.leaderelection.leader.step-down.wait-time = 10s (default)
2023-09-28 12:59:58,929 [main] INFO  server.RaftServerConfigKeys (ConfUtils.java:logGet(46)) - raft.server.storage.dir = [/home/runner/work/ozone/ozone/hadoop-ozone/integration-test/target/test-dir/MiniOzoneClusterImpl-1398513c-1ad7-449a-9b84-f90cd6748766/datanode-3/data/ratis] (custom)
2023-09-28 12:59:58,930 [5aa6a13f-c826-4197-9c03-9c8133ccbb57-impl-thread1] INFO  server.RaftServer (RaftServerProxy.java:initGroupDir(258)) - 5aa6a13f-c826-4197-9c03-9c8133ccbb57: found a subdirectory /home/runner/work/ozone/ozone/hadoop-ozone/integration-test/target/test-dir/MiniOzoneClusterImpl-1398513c-1ad7-449a-9b84-f90cd6748766/datanode-3/data/ratis/tmp
2023-09-28 12:59:58,930 [5aa6a13f-c826-4197-9c03-9c8133ccbb57-NettyServerStreamRpc-bossGroup--thread1] INFO  logging.LoggingHandler (AbstractInternalLogger.java:log(148)) - [id: 0x49cce566] REGISTERED
2023-09-28 12:59:58,930 [5aa6a13f-c826-4197-9c03-9c8133ccbb57-impl-thread1] INFO  server.RaftServer (RaftServerProxy.java:initGroupDir(263)) - 5aa6a13f-c826-4197-9c03-9c8133ccbb57: The directory /home/runner/work/ozone/ozone/hadoop-ozone/integration-test/target/test-dir/MiniOzoneClusterImpl-1398513c-1ad7-449a-9b84-f90cd6748766/datanode-3/data/ratis/tmp is not a group directory; ignoring it. 
2023-09-28 12:59:58,930 [5aa6a13f-c826-4197-9c03-9c8133ccbb57-NettyServerStreamRpc-bossGroup--thread1] INFO  logging.LoggingHandler (AbstractInternalLogger.java:log(148)) - [id: 0x49cce566] BIND: 0.0.0.0/0.0.0.0:15201
2023-09-28 12:59:58,930 [main] INFO  replication.ReplicationServer (ReplicationServer.java:<init>(83)) - Initializing replication server with thread count = 10 queue length = 4096
2023-09-28 12:59:58,931 [main] INFO  server.XceiverServerGrpc (XceiverServerGrpc.java:<init>(132)) - GrpcServer channel type EpollServerSocketChannel
2023-09-28 12:59:58,930 [5aa6a13f-c826-4197-9c03-9c8133ccbb57-NettyServerStreamRpc-bossGroup--thread1] INFO  logging.LoggingHandler (AbstractInternalLogger.java:log(148)) - [id: 0x49cce566, L:/0:0:0:0:0:0:0:0:15201] ACTIVE
2023-09-28 12:59:58,933 [main] INFO  replication.ReplicationSupervisor (ReplicationSupervisor.java:build(155)) - Initializing replication supervisor with thread count = 10
2023-09-28 12:59:58,933 [main] INFO  replication.ReplicationSupervisor (ReplicationSupervisor.java:nodeStateUpdated(307)) - Node state updated to IN_SERVICE, scaling executor pool size to 10
2023-09-28 12:59:58,935 [main] INFO  http.BaseHttpServer (BaseHttpServer.java:newHttpServer2BuilderForOzone(223)) - Starting Web-server for hddsDatanode at: http://0.0.0.0:15195
2023-09-28 12:59:58,935 [main] INFO  http.BaseHttpServer (BaseHttpServer.java:<init>(110)) - Hadoop Security Enabled: false Ozone Security Enabled: false Ozone HTTP Security Enabled: false 
2023-09-28 12:59:58,936 [main] WARN  server.AuthenticationFilter (AuthenticationFilter.java:constructSecretProvider(240)) - Unable to initialize FileSignerSecretProvider, falling back to use random secrets. Reason: Could not read signature secret file: /home/runner/hadoop-http-auth-signature-secret
2023-09-28 12:59:58,939 [main] INFO  http.HttpRequestLog (HttpRequestLog.java:getRequestLog(86)) - Http request log for http.requests.hddsDatanode is not defined
2023-09-28 12:59:58,941 [main] INFO  http.HttpServer2 (HttpServer2.java:addGlobalFilter(1031)) - Added global filter 'safety' (class=org.apache.hadoop.hdds.server.http.HttpServer2$QuotingInputFilter)
2023-09-28 12:59:58,942 [main] INFO  http.HttpServer2 (HttpServer2.java:addFilter(1007)) - Added filter static_user_filter (class=org.apache.hadoop.http.lib.StaticUserWebFilter$StaticUserFilter) to context hddsDatanode
2023-09-28 12:59:58,942 [main] INFO  http.HttpServer2 (HttpServer2.java:addFilter(1015)) - Added filter static_user_filter (class=org.apache.hadoop.http.lib.StaticUserWebFilter$StaticUserFilter) to context static
2023-09-28 12:59:58,942 [main] INFO  http.HttpServer2 (HttpServer2.java:addFilter(1015)) - Added filter static_user_filter (class=org.apache.hadoop.http.lib.StaticUserWebFilter$StaticUserFilter) to context logs
2023-09-28 12:59:58,942 [main] INFO  http.BaseHttpServer (BaseHttpServer.java:<init>(189)) - HTTP server of hddsDatanode uses base directory /home/runner/work/ozone/ozone/hadoop-ozone/integration-test/target/test-dir/MiniOzoneClusterImpl-1398513c-1ad7-449a-9b84-f90cd6748766/datanode-3/meta/webserver
2023-09-28 12:59:58,943 [main] INFO  http.HttpServer2 (HttpServer2.java:bindListener(1231)) - Jetty bound to port 15195
2023-09-28 12:59:58,943 [main] INFO  server.Server (Server.java:doStart(375)) - jetty-9.4.52.v20230823; built: 2023-08-23T19:29:37.669Z; git: abdcda73818a1a2c705da276edb0bf6581e7997e; jvm 1.8.0_382-b05
2023-09-28 12:59:58,947 [main] INFO  server.session (DefaultSessionIdManager.java:doStart(334)) - DefaultSessionIdManager workerName=node0
2023-09-28 12:59:58,947 [main] INFO  server.session (DefaultSessionIdManager.java:doStart(339)) - No SessionScavenger set, using defaults
2023-09-28 12:59:58,947 [main] INFO  server.session (HouseKeeper.java:startScavenging(132)) - node0 Scavenging every 600000ms
2023-09-28 12:59:58,948 [main] INFO  handler.ContextHandler (ContextHandler.java:doStart(921)) - Started o.e.j.s.ServletContextHandler@4ac46b39{logs,/logs,file:///home/runner/work/ozone/ozone/hadoop-ozone/integration-test/target/log,AVAILABLE}
2023-09-28 12:59:58,948 [main] INFO  handler.ContextHandler (ContextHandler.java:doStart(921)) - Started o.e.j.s.ServletContextHandler@441c8349{static,/static,jar:file:/home/runner/.m2/repository/org/apache/ozone/hdds-container-service/1.4.0-SNAPSHOT/hdds-container-service-1.4.0-SNAPSHOT.jar!/webapps/static,AVAILABLE}
2023-09-28 12:59:59,167 [main] INFO  handler.ContextHandler (ContextHandler.java:doStart(921)) - Started o.e.j.w.WebAppContext@15307c1e{hddsDatanode,/,file:///home/runner/work/ozone/ozone/hadoop-ozone/integration-test/target/test-dir/MiniOzoneClusterImpl-1398513c-1ad7-449a-9b84-f90cd6748766/datanode-3/meta/webserver/jetty-0_0_0_0-15195-hdds-container-service-1_4_0-SNAPSHOT_jar-_-any-3673634293581762842/webapp/,AVAILABLE}{jar:file:/home/runner/.m2/repository/org/apache/ozone/hdds-container-service/1.4.0-SNAPSHOT/hdds-container-service-1.4.0-SNAPSHOT.jar!/webapps/hddsDatanode}
2023-09-28 12:59:59,169 [main] INFO  server.AbstractConnector (AbstractConnector.java:doStart(333)) - Started ServerConnector@605e31c0{HTTP/1.1, (http/1.1)}{0.0.0.0:15195}
2023-09-28 12:59:59,170 [main] INFO  server.Server (Server.java:doStart(415)) - Started @265022ms
2023-09-28 12:59:59,170 [main] WARN  impl.MetricsSystemImpl (MetricsSystemImpl.java:register(279)) - Sink prometheus already exists!
2023-09-28 12:59:59,171 [main] INFO  http.BaseHttpServer (BaseHttpServer.java:updateConnectorAddress(354)) - HTTP server of hddsDatanode listening at http://0.0.0.0:15195
2023-09-28 12:59:59,171 [main] INFO  ipc.CallQueueManager (CallQueueManager.java:<init>(90)) - Using callQueue: class java.util.concurrent.LinkedBlockingQueue, queueCapacity: 100, scheduler: class org.apache.hadoop.ipc.DefaultRpcScheduler, ipcBackoff: false.
2023-09-28 12:59:59,171 [main] INFO  ipc.Server (Server.java:<init>(1287)) - Listener at 0.0.0.0:15196
2023-09-28 12:59:59,172 [Socket Reader #1 for port 15196] INFO  ipc.Server (Server.java:run(1323)) - Starting Socket Reader #1 for port 15196
2023-09-28 12:59:59,174 [main] INFO  ozone.HddsDatanodeService (HddsDatanodeService.java:start(315)) - Datanode start with admins: [runner]
2023-09-28 12:59:59,174 [main] INFO  ozone.HddsDatanodeClientProtocolServer (HddsDatanodeClientProtocolServer.java:start(72)) - RPC server for Client /0.0.0.0:15196
2023-09-28 12:59:59,174 [IPC Server Responder] INFO  ipc.Server (Server.java:run(1562)) - IPC Server Responder: starting
2023-09-28 12:59:59,182 [Datanode State Machine Daemon Thread] INFO  statemachine.DatanodeStateMachine (DatanodeStateMachine.java:lambda$startDaemon$0(539)) - Ozone container server started.
2023-09-28 12:59:59,182 [main] WARN  impl.MetricRegistriesImpl (MetricRegistriesImpl.java:addReporterRegistration(111)) - New reporters are added after registries were created. Some metrics will be missing from the reporter. Please add reporter before adding any new registry.
2023-09-28 12:59:59,183 [main] WARN  impl.MetricRegistriesImpl (MetricRegistriesImpl.java:addReporterRegistration(111)) - New reporters are added after registries were created. Some metrics will be missing from the reporter. Please add reporter before adding any new registry.
2023-09-28 12:59:59,183 [main] INFO  impl.MetricsSystemImpl (MetricsSystemImpl.java:init(158)) - HddsDatanode metrics system started (again)
2023-09-28 12:59:59,182 [IPC Server listener on 15196] INFO  ipc.Server (Server.java:run(1402)) - IPC Server listener on 15196: starting
2023-09-28 12:59:59,186 [Datanode State Machine Task Thread - 0] INFO  datanode.InitDatanodeState (InitDatanodeState.java:persistContainerDatanodeDetails(138)) - DatanodeDetails is persisted to /home/runner/work/ozone/ozone/hadoop-ozone/integration-test/target/test-dir/MiniOzoneClusterImpl-1398513c-1ad7-449a-9b84-f90cd6748766/datanode-3/meta/datanode.id
2023-09-28 12:59:59,200 [main] INFO  ozone.HddsDatanodeService (HddsDatanodeService.java:start(237)) - HddsDatanodeService host:fv-az163-431.ksqkok1cighebdh5ckq0wc3qdf.dx.internal.cloudapp.net ip:10.1.0.34
2023-09-28 12:59:59,224 [main] INFO  upgrade.AbstractLayoutVersionManager (AbstractLayoutVersionManager.java:init(83)) - Initializing Layout version manager with metadata layout = HADOOP_PRC_PORTS_IN_DATANODEDETAILS (version = 7), software layout = HADOOP_PRC_PORTS_IN_DATANODEDETAILS (version = 7)
2023-09-28 12:59:59,225 [main] INFO  statemachine.DatanodeStateMachine (DatanodeStateMachine.java:getEndPointTaskThreadPoolSize(283)) - Datanode State Machine Task Thread Pool size 2
2023-09-28 12:59:59,226 [main] INFO  volume.HddsVolume (HddsVolume.java:<init>(126)) - Creating HddsVolume: /home/runner/work/ozone/ozone/hadoop-ozone/integration-test/target/test-dir/MiniOzoneClusterImpl-1398513c-1ad7-449a-9b84-f90cd6748766/datanode-4/data-0/containers/hdds of storage type : DISK capacity : 9223372036854775807
2023-09-28 12:59:59,226 [main] INFO  volume.MutableVolumeSet (MutableVolumeSet.java:initializeVolumeSet(173)) - Added Volume : /home/runner/work/ozone/ozone/hadoop-ozone/integration-test/target/test-dir/MiniOzoneClusterImpl-1398513c-1ad7-449a-9b84-f90cd6748766/datanode-4/data-0/containers/hdds to VolumeSet
2023-09-28 12:59:59,227 [main] INFO  volume.MutableVolumeSet (MutableVolumeSet.java:initializeVolumeSet(173)) - Added Volume : /home/runner/work/ozone/ozone/hadoop-ozone/integration-test/target/test-dir/MiniOzoneClusterImpl-1398513c-1ad7-449a-9b84-f90cd6748766/datanode-4/data/ratis to VolumeSet
2023-09-28 12:59:59,228 [Thread-1989] INFO  ozoneimpl.ContainerReader (ContainerReader.java:readVolume(177)) - Finish verifying containers on volume /home/runner/work/ozone/ozone/hadoop-ozone/integration-test/target/test-dir/MiniOzoneClusterImpl-1398513c-1ad7-449a-9b84-f90cd6748766/datanode-4/data-0/containers/hdds
2023-09-28 12:59:59,228 [main] INFO  ozoneimpl.OzoneContainer (OzoneContainer.java:buildContainerSet(314)) - Build ContainerSet costs 0s
2023-09-28 12:59:59,229 [main] INFO  server.RaftServer (ConfUtils.java:logGet(46)) - raft.rpc.type = GRPC (default)
2023-09-28 12:59:59,230 [main] INFO  grpc.GrpcConfigKeys (ConfUtils.java:logFallback(53)) - raft.grpc.admin.host = null (fallback to raft.grpc.server.host)
2023-09-28 12:59:59,230 [main] INFO  grpc.GrpcConfigKeys (ConfUtils.java:logGet(46)) - raft.grpc.admin.port = 15208 (custom)
2023-09-28 12:59:59,230 [main] INFO  grpc.GrpcConfigKeys (ConfUtils.java:logFallback(53)) - raft.grpc.client.host = null (fallback to raft.grpc.server.host)
2023-09-28 12:59:59,230 [main] INFO  grpc.GrpcConfigKeys (ConfUtils.java:logGet(46)) - raft.grpc.client.port = 15207 (custom)
2023-09-28 12:59:59,230 [main] INFO  grpc.GrpcConfigKeys (ConfUtils.java:logGet(46)) - raft.grpc.server.host = null (default)
2023-09-28 12:59:59,230 [main] INFO  grpc.GrpcConfigKeys (ConfUtils.java:logGet(46)) - raft.grpc.server.port = 15209 (custom)
2023-09-28 12:59:59,230 [main] INFO  server.GrpcService (ConfUtils.java:logGet(46)) - raft.grpc.message.size.max = 32MB (=33554432) (custom)
2023-09-28 12:59:59,230 [main] INFO  server.RaftServerConfigKeys (ConfUtils.java:logGet(46)) - raft.server.log.appender.buffer.byte-limit = 33554432 (custom)
2023-09-28 12:59:59,231 [main] INFO  server.GrpcService (ConfUtils.java:logGet(46)) - raft.grpc.flow.control.window = 5MB (=5242880) (custom)
2023-09-28 12:59:59,231 [main] INFO  server.RaftServerConfigKeys (ConfUtils.java:logGet(46)) - raft.server.rpc.request.timeout = 60s (custom)
2023-09-28 12:59:59,231 [main] INFO  grpc.GrpcConfigKeys (ConfUtils.java:logGet(46)) - raft.grpc.server.heartbeat.channel = true (default)
2023-09-28 12:59:59,231 [main] INFO  grpc.GrpcConfigKeys (ConfUtils.java:logGet(46)) - raft.grpc.server.async.request.thread.pool.cached = true (default)
2023-09-28 12:59:59,231 [main] INFO  grpc.GrpcConfigKeys (ConfUtils.java:logGet(46)) - raft.grpc.server.async.request.thread.pool.size = 32 (default)
2023-09-28 12:59:59,234 [main] INFO  impl.DataStreamServerImpl (ConfUtils.java:logGet(46)) - raft.datastream.type = NETTY (custom)
2023-09-28 12:59:59,234 [main] INFO  server.RaftServerConfigKeys (ConfUtils.java:logGet(46)) - raft.server.data-stream.async.request.thread.pool.cached = false (default)
2023-09-28 12:59:59,234 [main] INFO  server.RaftServerConfigKeys (ConfUtils.java:logGet(46)) - raft.server.data-stream.async.request.thread.pool.size = 20 (custom)
2023-09-28 12:59:59,235 [main] INFO  server.RaftServerConfigKeys (ConfUtils.java:logGet(46)) - raft.server.data-stream.async.write.thread.pool.size = 16 (default)
2023-09-28 12:59:59,235 [main] INFO  server.RaftServerConfigKeys (ConfUtils.java:logGet(46)) - raft.server.data-stream.client.pool.size = 10 (default)
2023-09-28 12:59:59,235 [main] INFO  netty.NettyConfigKeys$DataStream (ConfUtils.java:logGet(46)) - raft.netty.dataStream.server.use-epoll = false (default)
2023-09-28 12:59:59,235 [main] INFO  netty.NettyConfigKeys$DataStream (ConfUtils.java:logGet(46)) - raft.netty.dataStream.server.boss-group.size = 0 (default)
2023-09-28 12:59:59,235 [main] INFO  netty.NettyConfigKeys$DataStream (ConfUtils.java:logGet(46)) - raft.netty.dataStream.server.worker-group.size = 0 (default)
2023-09-28 12:59:59,235 [main] INFO  netty.NettyConfigKeys$DataStream (ConfUtils.java:logGet(46)) - raft.netty.dataStream.server.tls.conf = null (default)
2023-09-28 12:59:59,236 [main] INFO  netty.NettyConfigKeys$DataStream (ConfUtils.java:logGet(46)) - raft.netty.dataStream.host = null (default)
2023-09-28 12:59:59,236 [main] INFO  netty.NettyConfigKeys$DataStream (ConfUtils.java:logGet(46)) - raft.netty.dataStream.port = 15210 (custom)
2023-09-28 12:59:59,236 [main] INFO  server.RaftServerConfigKeys (ConfUtils.java:logGet(46)) - raft.server.threadpool.proxy.cached = true (default)
2023-09-28 12:59:59,236 [main] INFO  server.RaftServerConfigKeys (ConfUtils.java:logGet(46)) - raft.server.threadpool.proxy.size = 0 (default)
2023-09-28 12:59:59,237 [main] INFO  server.RaftServerConfigKeys (ConfUtils.java:logGet(46)) - raft.server.rpc.slowness.timeout = 300s (custom)
2023-09-28 12:59:59,237 [main] INFO  server.RaftServerConfigKeys (ConfUtils.java:logGet(46)) - raft.server.leaderelection.leader.step-down.wait-time = 10s (default)
2023-09-28 12:59:59,237 [main] INFO  server.RaftServerConfigKeys (ConfUtils.java:logGet(46)) - raft.server.storage.dir = [/home/runner/work/ozone/ozone/hadoop-ozone/integration-test/target/test-dir/MiniOzoneClusterImpl-1398513c-1ad7-449a-9b84-f90cd6748766/datanode-4/data/ratis] (custom)
2023-09-28 12:59:59,237 [924326bc-ac30-411c-a350-30e2822afeed-impl-thread1] INFO  server.RaftServer (RaftServerProxy.java:initGroupDir(258)) - 924326bc-ac30-411c-a350-30e2822afeed: found a subdirectory /home/runner/work/ozone/ozone/hadoop-ozone/integration-test/target/test-dir/MiniOzoneClusterImpl-1398513c-1ad7-449a-9b84-f90cd6748766/datanode-4/data/ratis/tmp
2023-09-28 12:59:59,237 [924326bc-ac30-411c-a350-30e2822afeed-impl-thread1] INFO  server.RaftServer (RaftServerProxy.java:initGroupDir(263)) - 924326bc-ac30-411c-a350-30e2822afeed: The directory /home/runner/work/ozone/ozone/hadoop-ozone/integration-test/target/test-dir/MiniOzoneClusterImpl-1398513c-1ad7-449a-9b84-f90cd6748766/datanode-4/data/ratis/tmp is not a group directory; ignoring it. 
2023-09-28 12:59:59,238 [924326bc-ac30-411c-a350-30e2822afeed-NettyServerStreamRpc-bossGroup--thread1] INFO  logging.LoggingHandler (AbstractInternalLogger.java:log(148)) - [id: 0xa3b06343] REGISTERED
2023-09-28 12:59:59,238 [main] INFO  replication.ReplicationServer (ReplicationServer.java:<init>(83)) - Initializing replication server with thread count = 10 queue length = 4096
2023-09-28 12:59:59,238 [924326bc-ac30-411c-a350-30e2822afeed-NettyServerStreamRpc-bossGroup--thread1] INFO  logging.LoggingHandler (AbstractInternalLogger.java:log(148)) - [id: 0xa3b06343] BIND: 0.0.0.0/0.0.0.0:15210
2023-09-28 12:59:59,238 [924326bc-ac30-411c-a350-30e2822afeed-NettyServerStreamRpc-bossGroup--thread1] INFO  logging.LoggingHandler (AbstractInternalLogger.java:log(148)) - [id: 0xa3b06343, L:/0:0:0:0:0:0:0:0:15210] ACTIVE
2023-09-28 12:59:59,239 [main] INFO  server.XceiverServerGrpc (XceiverServerGrpc.java:<init>(132)) - GrpcServer channel type EpollServerSocketChannel
2023-09-28 12:59:59,241 [main] INFO  replication.ReplicationSupervisor (ReplicationSupervisor.java:build(155)) - Initializing replication supervisor with thread count = 10
2023-09-28 12:59:59,241 [main] INFO  replication.ReplicationSupervisor (ReplicationSupervisor.java:nodeStateUpdated(307)) - Node state updated to IN_SERVICE, scaling executor pool size to 10
2023-09-28 12:59:59,244 [main] INFO  http.BaseHttpServer (BaseHttpServer.java:newHttpServer2BuilderForOzone(223)) - Starting Web-server for hddsDatanode at: http://0.0.0.0:15204
2023-09-28 12:59:59,244 [main] INFO  http.BaseHttpServer (BaseHttpServer.java:<init>(110)) - Hadoop Security Enabled: false Ozone Security Enabled: false Ozone HTTP Security Enabled: false 
2023-09-28 12:59:59,245 [main] WARN  server.AuthenticationFilter (AuthenticationFilter.java:constructSecretProvider(240)) - Unable to initialize FileSignerSecretProvider, falling back to use random secrets. Reason: Could not read signature secret file: /home/runner/hadoop-http-auth-signature-secret
2023-09-28 12:59:59,246 [main] INFO  http.HttpRequestLog (HttpRequestLog.java:getRequestLog(86)) - Http request log for http.requests.hddsDatanode is not defined
2023-09-28 12:59:59,247 [main] INFO  http.HttpServer2 (HttpServer2.java:addGlobalFilter(1031)) - Added global filter 'safety' (class=org.apache.hadoop.hdds.server.http.HttpServer2$QuotingInputFilter)
2023-09-28 12:59:59,247 [main] INFO  http.HttpServer2 (HttpServer2.java:addFilter(1007)) - Added filter static_user_filter (class=org.apache.hadoop.http.lib.StaticUserWebFilter$StaticUserFilter) to context hddsDatanode
2023-09-28 12:59:59,247 [main] INFO  http.HttpServer2 (HttpServer2.java:addFilter(1015)) - Added filter static_user_filter (class=org.apache.hadoop.http.lib.StaticUserWebFilter$StaticUserFilter) to context logs
2023-09-28 12:59:59,248 [main] INFO  http.HttpServer2 (HttpServer2.java:addFilter(1015)) - Added filter static_user_filter (class=org.apache.hadoop.http.lib.StaticUserWebFilter$StaticUserFilter) to context static
2023-09-28 12:59:59,248 [main] INFO  http.BaseHttpServer (BaseHttpServer.java:<init>(189)) - HTTP server of hddsDatanode uses base directory /home/runner/work/ozone/ozone/hadoop-ozone/integration-test/target/test-dir/MiniOzoneClusterImpl-1398513c-1ad7-449a-9b84-f90cd6748766/datanode-4/meta/webserver
2023-09-28 12:59:59,248 [main] INFO  http.HttpServer2 (HttpServer2.java:bindListener(1231)) - Jetty bound to port 15204
2023-09-28 12:59:59,248 [main] INFO  server.Server (Server.java:doStart(375)) - jetty-9.4.52.v20230823; built: 2023-08-23T19:29:37.669Z; git: abdcda73818a1a2c705da276edb0bf6581e7997e; jvm 1.8.0_382-b05
2023-09-28 12:59:59,252 [main] INFO  server.session (DefaultSessionIdManager.java:doStart(334)) - DefaultSessionIdManager workerName=node0
2023-09-28 12:59:59,253 [main] INFO  server.session (DefaultSessionIdManager.java:doStart(339)) - No SessionScavenger set, using defaults
2023-09-28 12:59:59,253 [main] INFO  server.session (HouseKeeper.java:startScavenging(132)) - node0 Scavenging every 600000ms
2023-09-28 12:59:59,253 [main] INFO  handler.ContextHandler (ContextHandler.java:doStart(921)) - Started o.e.j.s.ServletContextHandler@44973096{logs,/logs,file:///home/runner/work/ozone/ozone/hadoop-ozone/integration-test/target/log,AVAILABLE}
2023-09-28 12:59:59,254 [main] INFO  handler.ContextHandler (ContextHandler.java:doStart(921)) - Started o.e.j.s.ServletContextHandler@43e81d65{static,/static,jar:file:/home/runner/.m2/repository/org/apache/ozone/hdds-container-service/1.4.0-SNAPSHOT/hdds-container-service-1.4.0-SNAPSHOT.jar!/webapps/static,AVAILABLE}
2023-09-28 12:59:59,477 [main] INFO  handler.ContextHandler (ContextHandler.java:doStart(921)) - Started o.e.j.w.WebAppContext@4c8be97f{hddsDatanode,/,file:///home/runner/work/ozone/ozone/hadoop-ozone/integration-test/target/test-dir/MiniOzoneClusterImpl-1398513c-1ad7-449a-9b84-f90cd6748766/datanode-4/meta/webserver/jetty-0_0_0_0-15204-hdds-container-service-1_4_0-SNAPSHOT_jar-_-any-916574955640474046/webapp/,AVAILABLE}{jar:file:/home/runner/.m2/repository/org/apache/ozone/hdds-container-service/1.4.0-SNAPSHOT/hdds-container-service-1.4.0-SNAPSHOT.jar!/webapps/hddsDatanode}
2023-09-28 12:59:59,481 [main] INFO  server.AbstractConnector (AbstractConnector.java:doStart(333)) - Started ServerConnector@231918f7{HTTP/1.1, (http/1.1)}{0.0.0.0:15204}
2023-09-28 12:59:59,481 [main] INFO  server.Server (Server.java:doStart(415)) - Started @265333ms
2023-09-28 12:59:59,481 [main] WARN  impl.MetricsSystemImpl (MetricsSystemImpl.java:register(279)) - Sink prometheus already exists!
2023-09-28 12:59:59,482 [main] INFO  http.BaseHttpServer (BaseHttpServer.java:updateConnectorAddress(354)) - HTTP server of hddsDatanode listening at http://0.0.0.0:15204
2023-09-28 12:59:59,482 [main] INFO  ipc.CallQueueManager (CallQueueManager.java:<init>(90)) - Using callQueue: class java.util.concurrent.LinkedBlockingQueue, queueCapacity: 100, scheduler: class org.apache.hadoop.ipc.DefaultRpcScheduler, ipcBackoff: false.
2023-09-28 12:59:59,483 [main] INFO  ipc.Server (Server.java:<init>(1287)) - Listener at 0.0.0.0:15205
2023-09-28 12:59:59,483 [Socket Reader #1 for port 15205] INFO  ipc.Server (Server.java:run(1323)) - Starting Socket Reader #1 for port 15205
2023-09-28 12:59:59,484 [main] INFO  ozone.HddsDatanodeService (HddsDatanodeService.java:start(315)) - Datanode start with admins: [runner]
2023-09-28 12:59:59,484 [main] INFO  ozone.HddsDatanodeClientProtocolServer (HddsDatanodeClientProtocolServer.java:start(72)) - RPC server for Client /0.0.0.0:15205
2023-09-28 12:59:59,485 [IPC Server Responder] INFO  ipc.Server (Server.java:run(1562)) - IPC Server Responder: starting
2023-09-28 12:59:59,488 [IPC Server listener on 15205] INFO  ipc.Server (Server.java:run(1402)) - IPC Server listener on 15205: starting
2023-09-28 12:59:59,494 [main] INFO  ozone.MiniOzoneClusterImpl (MiniOzoneClusterImpl.java:lambda$waitForClusterToBeReady$0(229)) - Waiting for nodes to be ready. Got 0 of 5 DN Heartbeats.
2023-09-28 12:59:59,494 [main] INFO  ozone.MiniOzoneClusterImpl (MiniOzoneClusterImpl.java:lambda$waitForClusterToBeReady$0(232)) - Waiting for cluster to exit safe mode
2023-09-28 12:59:59,494 [main] INFO  ozone.MiniOzoneClusterImpl (MiniOzoneClusterImpl.java:lambda$waitForClusterToBeReady$0(234)) - SCM became leader
2023-09-28 12:59:59,496 [Datanode State Machine Daemon Thread] INFO  statemachine.DatanodeStateMachine (DatanodeStateMachine.java:lambda$startDaemon$0(539)) - Ozone container server started.
2023-09-28 12:59:59,501 [Datanode State Machine Task Thread - 0] INFO  datanode.InitDatanodeState (InitDatanodeState.java:persistContainerDatanodeDetails(138)) - DatanodeDetails is persisted to /home/runner/work/ozone/ozone/hadoop-ozone/integration-test/target/test-dir/MiniOzoneClusterImpl-1398513c-1ad7-449a-9b84-f90cd6748766/datanode-4/meta/datanode.id
2023-09-28 13:00:00,286 [EndpointStateMachine task thread for /0.0.0.0:15161 - 0 ] INFO  utils.DatanodeStoreCache (DatanodeStoreCache.java:addDB(66)) - Added db /home/runner/work/ozone/ozone/hadoop-ozone/integration-test/target/test-dir/MiniOzoneClusterImpl-1398513c-1ad7-449a-9b84-f90cd6748766/datanode-0/data-0/containers/hdds/1398513c-1ad7-449a-9b84-f90cd6748766/DS-36eb63c4-0c97-49b6-a69c-f2e088380627/container.db to cache
2023-09-28 13:00:00,287 [EndpointStateMachine task thread for /0.0.0.0:15161 - 0 ] INFO  volume.HddsVolume (HddsVolume.java:createDbStore(422)) - SchemaV3 db is created and loaded at /home/runner/work/ozone/ozone/hadoop-ozone/integration-test/target/test-dir/MiniOzoneClusterImpl-1398513c-1ad7-449a-9b84-f90cd6748766/datanode-0/data-0/containers/hdds/1398513c-1ad7-449a-9b84-f90cd6748766/DS-36eb63c4-0c97-49b6-a69c-f2e088380627/container.db for volume DS-36eb63c4-0c97-49b6-a69c-f2e088380627
2023-09-28 13:00:00,287 [EndpointStateMachine task thread for /0.0.0.0:15161 - 0 ] INFO  volume.ThrottledAsyncChecker (ThrottledAsyncChecker.java:schedule(141)) - Scheduling a check for /home/runner/work/ozone/ozone/hadoop-ozone/integration-test/target/test-dir/MiniOzoneClusterImpl-1398513c-1ad7-449a-9b84-f90cd6748766/datanode-0/data-0/containers/hdds
2023-09-28 13:00:00,289 [EndpointStateMachine task thread for /0.0.0.0:15161 - 0 ] INFO  volume.StorageVolumeChecker (StorageVolumeChecker.java:checkAllVolumes(213)) - Scheduled health check for volume /home/runner/work/ozone/ozone/hadoop-ozone/integration-test/target/test-dir/MiniOzoneClusterImpl-1398513c-1ad7-449a-9b84-f90cd6748766/datanode-0/data-0/containers/hdds
2023-09-28 13:00:00,292 [EndpointStateMachine task thread for /0.0.0.0:15161 - 0 ] INFO  volume.ThrottledAsyncChecker (ThrottledAsyncChecker.java:schedule(141)) - Scheduling a check for /home/runner/work/ozone/ozone/hadoop-ozone/integration-test/target/test-dir/MiniOzoneClusterImpl-1398513c-1ad7-449a-9b84-f90cd6748766/datanode-0/data/ratis
2023-09-28 13:00:00,292 [EndpointStateMachine task thread for /0.0.0.0:15161 - 0 ] INFO  volume.StorageVolumeChecker (StorageVolumeChecker.java:checkAllVolumes(213)) - Scheduled health check for volume /home/runner/work/ozone/ozone/hadoop-ozone/integration-test/target/test-dir/MiniOzoneClusterImpl-1398513c-1ad7-449a-9b84-f90cd6748766/datanode-0/data/ratis
2023-09-28 13:00:00,295 [EndpointStateMachine task thread for /0.0.0.0:15161 - 0 ] INFO  ozoneimpl.OzoneContainer (OzoneContainer.java:start(429)) - Attempting to start container services.
2023-09-28 13:00:00,296 [EndpointStateMachine task thread for /0.0.0.0:15161 - 0 ] INFO  ozoneimpl.OzoneContainer (OzoneContainer.java:startContainerScrub(325)) - Scheduled background container scanners and the on-demand container scanner have been disabled.
2023-09-28 13:00:00,308 [EndpointStateMachine task thread for /0.0.0.0:15161 - 0 ] INFO  replication.ReplicationServer (ReplicationServer.java:start(134)) - ReplicationServer is started using port 15175
2023-09-28 13:00:00,308 [EndpointStateMachine task thread for /0.0.0.0:15161 - 0 ] INFO  ratis.XceiverServerRatis (XceiverServerRatis.java:start(517)) - Starting XceiverServerRatis 1544e7f7-fd3f-4574-a78e-ef52e31146de
2023-09-28 13:00:00,308 [EndpointStateMachine task thread for /0.0.0.0:15161 - 0 ] INFO  server.RaftServer (RaftServerProxy.java:startImpl(400)) - 1544e7f7-fd3f-4574-a78e-ef52e31146de: start RPC server
2023-09-28 13:00:00,310 [EndpointStateMachine task thread for /0.0.0.0:15161 - 0 ] INFO  server.GrpcService (GrpcService.java:startImpl(302)) - 1544e7f7-fd3f-4574-a78e-ef52e31146de: GrpcService started, listening on 15171
2023-09-28 13:00:00,311 [EndpointStateMachine task thread for /0.0.0.0:15161 - 0 ] INFO  server.GrpcService (GrpcService.java:startImpl(302)) - 1544e7f7-fd3f-4574-a78e-ef52e31146de: GrpcService started, listening on 15173
2023-09-28 13:00:00,312 [EndpointStateMachine task thread for /0.0.0.0:15161 - 0 ] INFO  server.GrpcService (GrpcService.java:startImpl(302)) - 1544e7f7-fd3f-4574-a78e-ef52e31146de: GrpcService started, listening on 15172
2023-09-28 13:00:00,312 [EndpointStateMachine task thread for /0.0.0.0:15161 - 0 ] INFO  ratis.XceiverServerRatis (XceiverServerRatis.java:getRealPort(543)) - XceiverServerRatis 1544e7f7-fd3f-4574-a78e-ef52e31146de is started using port 15171 for RATIS
2023-09-28 13:00:00,312 [EndpointStateMachine task thread for /0.0.0.0:15161 - 0 ] INFO  ratis.XceiverServerRatis (XceiverServerRatis.java:getRealPort(543)) - XceiverServerRatis 1544e7f7-fd3f-4574-a78e-ef52e31146de is started using port 15172 for RATIS_ADMIN
2023-09-28 13:00:00,312 [EndpointStateMachine task thread for /0.0.0.0:15161 - 0 ] INFO  ratis.XceiverServerRatis (XceiverServerRatis.java:getRealPort(543)) - XceiverServerRatis 1544e7f7-fd3f-4574-a78e-ef52e31146de is started using port 15173 for RATIS_SERVER
2023-09-28 13:00:00,312 [JvmPauseMonitor23] INFO  util.JvmPauseMonitor (JvmPauseMonitor.java:run(103)) - JvmPauseMonitor-1544e7f7-fd3f-4574-a78e-ef52e31146de: Started
2023-09-28 13:00:00,312 [EndpointStateMachine task thread for /0.0.0.0:15161 - 0 ] INFO  ratis.XceiverServerRatis (XceiverServerRatis.java:getRealPort(543)) - XceiverServerRatis 1544e7f7-fd3f-4574-a78e-ef52e31146de is started using port 15174 for RATIS_DATASTREAM
2023-09-28 13:00:00,316 [BlockDeletingService#0] INFO  interfaces.ContainerDeletionChoosingPolicyTemplate (ContainerDeletionChoosingPolicyTemplate.java:chooseContainerForBlockDeletion(85)) - Chosen 0/5000 blocks from 0 candidate containers.
2023-09-28 13:00:00,494 [main] INFO  ozone.MiniOzoneClusterImpl (MiniOzoneClusterImpl.java:lambda$waitForClusterToBeReady$0(229)) - Waiting for nodes to be ready. Got 0 of 5 DN Heartbeats.
2023-09-28 13:00:00,494 [main] INFO  ozone.MiniOzoneClusterImpl (MiniOzoneClusterImpl.java:lambda$waitForClusterToBeReady$0(232)) - Waiting for cluster to exit safe mode
2023-09-28 13:00:00,494 [main] INFO  ozone.MiniOzoneClusterImpl (MiniOzoneClusterImpl.java:lambda$waitForClusterToBeReady$0(234)) - SCM became leader
2023-09-28 13:00:00,590 [EndpointStateMachine task thread for /0.0.0.0:15161 - 0 ] INFO  utils.DatanodeStoreCache (DatanodeStoreCache.java:addDB(66)) - Added db /home/runner/work/ozone/ozone/hadoop-ozone/integration-test/target/test-dir/MiniOzoneClusterImpl-1398513c-1ad7-449a-9b84-f90cd6748766/datanode-1/data-0/containers/hdds/1398513c-1ad7-449a-9b84-f90cd6748766/DS-88c1866f-cb93-48e9-bdad-e29a29604bc9/container.db to cache
2023-09-28 13:00:00,590 [EndpointStateMachine task thread for /0.0.0.0:15161 - 0 ] INFO  volume.HddsVolume (HddsVolume.java:createDbStore(422)) - SchemaV3 db is created and loaded at /home/runner/work/ozone/ozone/hadoop-ozone/integration-test/target/test-dir/MiniOzoneClusterImpl-1398513c-1ad7-449a-9b84-f90cd6748766/datanode-1/data-0/containers/hdds/1398513c-1ad7-449a-9b84-f90cd6748766/DS-88c1866f-cb93-48e9-bdad-e29a29604bc9/container.db for volume DS-88c1866f-cb93-48e9-bdad-e29a29604bc9
2023-09-28 13:00:00,591 [EndpointStateMachine task thread for /0.0.0.0:15161 - 0 ] INFO  volume.ThrottledAsyncChecker (ThrottledAsyncChecker.java:schedule(141)) - Scheduling a check for /home/runner/work/ozone/ozone/hadoop-ozone/integration-test/target/test-dir/MiniOzoneClusterImpl-1398513c-1ad7-449a-9b84-f90cd6748766/datanode-1/data-0/containers/hdds
2023-09-28 13:00:00,594 [EndpointStateMachine task thread for /0.0.0.0:15161 - 0 ] INFO  volume.StorageVolumeChecker (StorageVolumeChecker.java:checkAllVolumes(213)) - Scheduled health check for volume /home/runner/work/ozone/ozone/hadoop-ozone/integration-test/target/test-dir/MiniOzoneClusterImpl-1398513c-1ad7-449a-9b84-f90cd6748766/datanode-1/data-0/containers/hdds
2023-09-28 13:00:00,595 [EndpointStateMachine task thread for /0.0.0.0:15161 - 0 ] INFO  volume.ThrottledAsyncChecker (ThrottledAsyncChecker.java:schedule(141)) - Scheduling a check for /home/runner/work/ozone/ozone/hadoop-ozone/integration-test/target/test-dir/MiniOzoneClusterImpl-1398513c-1ad7-449a-9b84-f90cd6748766/datanode-1/data/ratis
2023-09-28 13:00:00,595 [EndpointStateMachine task thread for /0.0.0.0:15161 - 0 ] INFO  volume.StorageVolumeChecker (StorageVolumeChecker.java:checkAllVolumes(213)) - Scheduled health check for volume /home/runner/work/ozone/ozone/hadoop-ozone/integration-test/target/test-dir/MiniOzoneClusterImpl-1398513c-1ad7-449a-9b84-f90cd6748766/datanode-1/data/ratis
2023-09-28 13:00:00,597 [EndpointStateMachine task thread for /0.0.0.0:15161 - 0 ] INFO  ozoneimpl.OzoneContainer (OzoneContainer.java:start(429)) - Attempting to start container services.
2023-09-28 13:00:00,597 [EndpointStateMachine task thread for /0.0.0.0:15161 - 0 ] INFO  ozoneimpl.OzoneContainer (OzoneContainer.java:startContainerScrub(325)) - Scheduled background container scanners and the on-demand container scanner have been disabled.
2023-09-28 13:00:00,601 [EndpointStateMachine task thread for /0.0.0.0:15161 - 0 ] INFO  replication.ReplicationServer (ReplicationServer.java:start(134)) - ReplicationServer is started using port 15184
2023-09-28 13:00:00,601 [EndpointStateMachine task thread for /0.0.0.0:15161 - 0 ] INFO  ratis.XceiverServerRatis (XceiverServerRatis.java:start(517)) - Starting XceiverServerRatis 1f3e3681-2cc0-4f79-8587-08300d65d237
2023-09-28 13:00:00,604 [EndpointStateMachine task thread for /0.0.0.0:15161 - 0 ] INFO  server.RaftServer (RaftServerProxy.java:startImpl(400)) - 1f3e3681-2cc0-4f79-8587-08300d65d237: start RPC server
2023-09-28 13:00:00,606 [EndpointStateMachine task thread for /0.0.0.0:15161 - 0 ] INFO  server.GrpcService (GrpcService.java:startImpl(302)) - 1f3e3681-2cc0-4f79-8587-08300d65d237: GrpcService started, listening on 15180
2023-09-28 13:00:00,610 [EndpointStateMachine task thread for /0.0.0.0:15161 - 0 ] INFO  server.GrpcService (GrpcService.java:startImpl(302)) - 1f3e3681-2cc0-4f79-8587-08300d65d237: GrpcService started, listening on 15182
2023-09-28 13:00:00,611 [EndpointStateMachine task thread for /0.0.0.0:15161 - 0 ] INFO  server.GrpcService (GrpcService.java:startImpl(302)) - 1f3e3681-2cc0-4f79-8587-08300d65d237: GrpcService started, listening on 15181
2023-09-28 13:00:00,611 [EndpointStateMachine task thread for /0.0.0.0:15161 - 0 ] INFO  ratis.XceiverServerRatis (XceiverServerRatis.java:getRealPort(543)) - XceiverServerRatis 1f3e3681-2cc0-4f79-8587-08300d65d237 is started using port 15180 for RATIS
2023-09-28 13:00:00,611 [EndpointStateMachine task thread for /0.0.0.0:15161 - 0 ] INFO  ratis.XceiverServerRatis (XceiverServerRatis.java:getRealPort(543)) - XceiverServerRatis 1f3e3681-2cc0-4f79-8587-08300d65d237 is started using port 15181 for RATIS_ADMIN
2023-09-28 13:00:00,611 [EndpointStateMachine task thread for /0.0.0.0:15161 - 0 ] INFO  ratis.XceiverServerRatis (XceiverServerRatis.java:getRealPort(543)) - XceiverServerRatis 1f3e3681-2cc0-4f79-8587-08300d65d237 is started using port 15182 for RATIS_SERVER
2023-09-28 13:00:00,612 [EndpointStateMachine task thread for /0.0.0.0:15161 - 0 ] INFO  ratis.XceiverServerRatis (XceiverServerRatis.java:getRealPort(543)) - XceiverServerRatis 1f3e3681-2cc0-4f79-8587-08300d65d237 is started using port 15183 for RATIS_DATASTREAM
2023-09-28 13:00:00,612 [JvmPauseMonitor24] INFO  util.JvmPauseMonitor (JvmPauseMonitor.java:run(103)) - JvmPauseMonitor-1f3e3681-2cc0-4f79-8587-08300d65d237: Started
2023-09-28 13:00:00,614 [BlockDeletingService#0] INFO  interfaces.ContainerDeletionChoosingPolicyTemplate (ContainerDeletionChoosingPolicyTemplate.java:chooseContainerForBlockDeletion(85)) - Chosen 0/5000 blocks from 0 candidate containers.
2023-09-28 13:00:00,921 [EndpointStateMachine task thread for /0.0.0.0:15161 - 0 ] INFO  utils.DatanodeStoreCache (DatanodeStoreCache.java:addDB(66)) - Added db /home/runner/work/ozone/ozone/hadoop-ozone/integration-test/target/test-dir/MiniOzoneClusterImpl-1398513c-1ad7-449a-9b84-f90cd6748766/datanode-2/data-0/containers/hdds/1398513c-1ad7-449a-9b84-f90cd6748766/DS-e707fc37-16e7-42aa-9f45-c6eddd17ea3b/container.db to cache
2023-09-28 13:00:00,921 [EndpointStateMachine task thread for /0.0.0.0:15161 - 0 ] INFO  volume.HddsVolume (HddsVolume.java:createDbStore(422)) - SchemaV3 db is created and loaded at /home/runner/work/ozone/ozone/hadoop-ozone/integration-test/target/test-dir/MiniOzoneClusterImpl-1398513c-1ad7-449a-9b84-f90cd6748766/datanode-2/data-0/containers/hdds/1398513c-1ad7-449a-9b84-f90cd6748766/DS-e707fc37-16e7-42aa-9f45-c6eddd17ea3b/container.db for volume DS-e707fc37-16e7-42aa-9f45-c6eddd17ea3b
2023-09-28 13:00:00,923 [EndpointStateMachine task thread for /0.0.0.0:15161 - 0 ] INFO  volume.ThrottledAsyncChecker (ThrottledAsyncChecker.java:schedule(141)) - Scheduling a check for /home/runner/work/ozone/ozone/hadoop-ozone/integration-test/target/test-dir/MiniOzoneClusterImpl-1398513c-1ad7-449a-9b84-f90cd6748766/datanode-2/data-0/containers/hdds
2023-09-28 13:00:00,923 [EndpointStateMachine task thread for /0.0.0.0:15161 - 0 ] INFO  volume.StorageVolumeChecker (StorageVolumeChecker.java:checkAllVolumes(213)) - Scheduled health check for volume /home/runner/work/ozone/ozone/hadoop-ozone/integration-test/target/test-dir/MiniOzoneClusterImpl-1398513c-1ad7-449a-9b84-f90cd6748766/datanode-2/data-0/containers/hdds
2023-09-28 13:00:00,929 [EndpointStateMachine task thread for /0.0.0.0:15161 - 0 ] INFO  volume.ThrottledAsyncChecker (ThrottledAsyncChecker.java:schedule(141)) - Scheduling a check for /home/runner/work/ozone/ozone/hadoop-ozone/integration-test/target/test-dir/MiniOzoneClusterImpl-1398513c-1ad7-449a-9b84-f90cd6748766/datanode-2/data/ratis
2023-09-28 13:00:00,929 [EndpointStateMachine task thread for /0.0.0.0:15161 - 0 ] INFO  volume.StorageVolumeChecker (StorageVolumeChecker.java:checkAllVolumes(213)) - Scheduled health check for volume /home/runner/work/ozone/ozone/hadoop-ozone/integration-test/target/test-dir/MiniOzoneClusterImpl-1398513c-1ad7-449a-9b84-f90cd6748766/datanode-2/data/ratis
2023-09-28 13:00:00,930 [EndpointStateMachine task thread for /0.0.0.0:15161 - 0 ] INFO  ozoneimpl.OzoneContainer (OzoneContainer.java:start(429)) - Attempting to start container services.
2023-09-28 13:00:00,930 [EndpointStateMachine task thread for /0.0.0.0:15161 - 0 ] INFO  ozoneimpl.OzoneContainer (OzoneContainer.java:startContainerScrub(325)) - Scheduled background container scanners and the on-demand container scanner have been disabled.
2023-09-28 13:00:00,932 [EndpointStateMachine task thread for /0.0.0.0:15161 - 0 ] INFO  replication.ReplicationServer (ReplicationServer.java:start(134)) - ReplicationServer is started using port 15193
2023-09-28 13:00:00,932 [EndpointStateMachine task thread for /0.0.0.0:15161 - 0 ] INFO  ratis.XceiverServerRatis (XceiverServerRatis.java:start(517)) - Starting XceiverServerRatis 2e0a77eb-074a-4a54-81ef-c7479b7c14e1
2023-09-28 13:00:00,946 [EndpointStateMachine task thread for /0.0.0.0:15161 - 0 ] INFO  server.RaftServer (RaftServerProxy.java:startImpl(400)) - 2e0a77eb-074a-4a54-81ef-c7479b7c14e1: start RPC server
2023-09-28 13:00:00,948 [EndpointStateMachine task thread for /0.0.0.0:15161 - 0 ] INFO  server.GrpcService (GrpcService.java:startImpl(302)) - 2e0a77eb-074a-4a54-81ef-c7479b7c14e1: GrpcService started, listening on 15189
2023-09-28 13:00:00,950 [EndpointStateMachine task thread for /0.0.0.0:15161 - 0 ] INFO  server.GrpcService (GrpcService.java:startImpl(302)) - 2e0a77eb-074a-4a54-81ef-c7479b7c14e1: GrpcService started, listening on 15191
2023-09-28 13:00:00,951 [EndpointStateMachine task thread for /0.0.0.0:15161 - 0 ] INFO  server.GrpcService (GrpcService.java:startImpl(302)) - 2e0a77eb-074a-4a54-81ef-c7479b7c14e1: GrpcService started, listening on 15190
2023-09-28 13:00:00,953 [EndpointStateMachine task thread for /0.0.0.0:15161 - 0 ] INFO  ratis.XceiverServerRatis (XceiverServerRatis.java:getRealPort(543)) - XceiverServerRatis 2e0a77eb-074a-4a54-81ef-c7479b7c14e1 is started using port 15189 for RATIS
2023-09-28 13:00:00,953 [EndpointStateMachine task thread for /0.0.0.0:15161 - 0 ] INFO  ratis.XceiverServerRatis (XceiverServerRatis.java:getRealPort(543)) - XceiverServerRatis 2e0a77eb-074a-4a54-81ef-c7479b7c14e1 is started using port 15190 for RATIS_ADMIN
2023-09-28 13:00:00,953 [EndpointStateMachine task thread for /0.0.0.0:15161 - 0 ] INFO  ratis.XceiverServerRatis (XceiverServerRatis.java:getRealPort(543)) - XceiverServerRatis 2e0a77eb-074a-4a54-81ef-c7479b7c14e1 is started using port 15191 for RATIS_SERVER
2023-09-28 13:00:00,953 [EndpointStateMachine task thread for /0.0.0.0:15161 - 0 ] INFO  ratis.XceiverServerRatis (XceiverServerRatis.java:getRealPort(543)) - XceiverServerRatis 2e0a77eb-074a-4a54-81ef-c7479b7c14e1 is started using port 15192 for RATIS_DATASTREAM
2023-09-28 13:00:00,953 [JvmPauseMonitor25] INFO  util.JvmPauseMonitor (JvmPauseMonitor.java:run(103)) - JvmPauseMonitor-2e0a77eb-074a-4a54-81ef-c7479b7c14e1: Started
2023-09-28 13:00:00,958 [BlockDeletingService#0] INFO  interfaces.ContainerDeletionChoosingPolicyTemplate (ContainerDeletionChoosingPolicyTemplate.java:chooseContainerForBlockDeletion(85)) - Chosen 0/5000 blocks from 0 candidate containers.
2023-09-28 13:00:01,224 [EndpointStateMachine task thread for /0.0.0.0:15161 - 0 ] INFO  utils.DatanodeStoreCache (DatanodeStoreCache.java:addDB(66)) - Added db /home/runner/work/ozone/ozone/hadoop-ozone/integration-test/target/test-dir/MiniOzoneClusterImpl-1398513c-1ad7-449a-9b84-f90cd6748766/datanode-3/data-0/containers/hdds/1398513c-1ad7-449a-9b84-f90cd6748766/DS-552f1647-e875-49c6-a189-7cf7d2a023d1/container.db to cache
2023-09-28 13:00:01,225 [EndpointStateMachine task thread for /0.0.0.0:15161 - 0 ] INFO  volume.HddsVolume (HddsVolume.java:createDbStore(422)) - SchemaV3 db is created and loaded at /home/runner/work/ozone/ozone/hadoop-ozone/integration-test/target/test-dir/MiniOzoneClusterImpl-1398513c-1ad7-449a-9b84-f90cd6748766/datanode-3/data-0/containers/hdds/1398513c-1ad7-449a-9b84-f90cd6748766/DS-552f1647-e875-49c6-a189-7cf7d2a023d1/container.db for volume DS-552f1647-e875-49c6-a189-7cf7d2a023d1
2023-09-28 13:00:01,225 [EndpointStateMachine task thread for /0.0.0.0:15161 - 0 ] INFO  volume.ThrottledAsyncChecker (ThrottledAsyncChecker.java:schedule(141)) - Scheduling a check for /home/runner/work/ozone/ozone/hadoop-ozone/integration-test/target/test-dir/MiniOzoneClusterImpl-1398513c-1ad7-449a-9b84-f90cd6748766/datanode-3/data-0/containers/hdds
2023-09-28 13:00:01,226 [EndpointStateMachine task thread for /0.0.0.0:15161 - 0 ] INFO  volume.StorageVolumeChecker (StorageVolumeChecker.java:checkAllVolumes(213)) - Scheduled health check for volume /home/runner/work/ozone/ozone/hadoop-ozone/integration-test/target/test-dir/MiniOzoneClusterImpl-1398513c-1ad7-449a-9b84-f90cd6748766/datanode-3/data-0/containers/hdds
2023-09-28 13:00:01,229 [EndpointStateMachine task thread for /0.0.0.0:15161 - 0 ] INFO  volume.ThrottledAsyncChecker (ThrottledAsyncChecker.java:schedule(141)) - Scheduling a check for /home/runner/work/ozone/ozone/hadoop-ozone/integration-test/target/test-dir/MiniOzoneClusterImpl-1398513c-1ad7-449a-9b84-f90cd6748766/datanode-3/data/ratis
2023-09-28 13:00:01,229 [EndpointStateMachine task thread for /0.0.0.0:15161 - 0 ] INFO  volume.StorageVolumeChecker (StorageVolumeChecker.java:checkAllVolumes(213)) - Scheduled health check for volume /home/runner/work/ozone/ozone/hadoop-ozone/integration-test/target/test-dir/MiniOzoneClusterImpl-1398513c-1ad7-449a-9b84-f90cd6748766/datanode-3/data/ratis
2023-09-28 13:00:01,231 [EndpointStateMachine task thread for /0.0.0.0:15161 - 0 ] INFO  ozoneimpl.OzoneContainer (OzoneContainer.java:start(429)) - Attempting to start container services.
2023-09-28 13:00:01,231 [EndpointStateMachine task thread for /0.0.0.0:15161 - 0 ] INFO  ozoneimpl.OzoneContainer (OzoneContainer.java:startContainerScrub(325)) - Scheduled background container scanners and the on-demand container scanner have been disabled.
2023-09-28 13:00:01,232 [EndpointStateMachine task thread for /0.0.0.0:15161 - 0 ] INFO  replication.ReplicationServer (ReplicationServer.java:start(134)) - ReplicationServer is started using port 15202
2023-09-28 13:00:01,233 [EndpointStateMachine task thread for /0.0.0.0:15161 - 0 ] INFO  ratis.XceiverServerRatis (XceiverServerRatis.java:start(517)) - Starting XceiverServerRatis 5aa6a13f-c826-4197-9c03-9c8133ccbb57
2023-09-28 13:00:01,239 [EndpointStateMachine task thread for /0.0.0.0:15161 - 0 ] INFO  server.RaftServer (RaftServerProxy.java:startImpl(400)) - 5aa6a13f-c826-4197-9c03-9c8133ccbb57: start RPC server
2023-09-28 13:00:01,243 [EndpointStateMachine task thread for /0.0.0.0:15161 - 0 ] INFO  server.GrpcService (GrpcService.java:startImpl(302)) - 5aa6a13f-c826-4197-9c03-9c8133ccbb57: GrpcService started, listening on 15198
2023-09-28 13:00:01,245 [EndpointStateMachine task thread for /0.0.0.0:15161 - 0 ] INFO  server.GrpcService (GrpcService.java:startImpl(302)) - 5aa6a13f-c826-4197-9c03-9c8133ccbb57: GrpcService started, listening on 15200
2023-09-28 13:00:01,247 [EndpointStateMachine task thread for /0.0.0.0:15161 - 0 ] INFO  server.GrpcService (GrpcService.java:startImpl(302)) - 5aa6a13f-c826-4197-9c03-9c8133ccbb57: GrpcService started, listening on 15199
2023-09-28 13:00:01,248 [EndpointStateMachine task thread for /0.0.0.0:15161 - 0 ] INFO  ratis.XceiverServerRatis (XceiverServerRatis.java:getRealPort(543)) - XceiverServerRatis 5aa6a13f-c826-4197-9c03-9c8133ccbb57 is started using port 15198 for RATIS
2023-09-28 13:00:01,248 [EndpointStateMachine task thread for /0.0.0.0:15161 - 0 ] INFO  ratis.XceiverServerRatis (XceiverServerRatis.java:getRealPort(543)) - XceiverServerRatis 5aa6a13f-c826-4197-9c03-9c8133ccbb57 is started using port 15199 for RATIS_ADMIN
2023-09-28 13:00:01,248 [EndpointStateMachine task thread for /0.0.0.0:15161 - 0 ] INFO  ratis.XceiverServerRatis (XceiverServerRatis.java:getRealPort(543)) - XceiverServerRatis 5aa6a13f-c826-4197-9c03-9c8133ccbb57 is started using port 15200 for RATIS_SERVER
2023-09-28 13:00:01,248 [JvmPauseMonitor26] INFO  util.JvmPauseMonitor (JvmPauseMonitor.java:run(103)) - JvmPauseMonitor-5aa6a13f-c826-4197-9c03-9c8133ccbb57: Started
2023-09-28 13:00:01,248 [EndpointStateMachine task thread for /0.0.0.0:15161 - 0 ] INFO  ratis.XceiverServerRatis (XceiverServerRatis.java:getRealPort(543)) - XceiverServerRatis 5aa6a13f-c826-4197-9c03-9c8133ccbb57 is started using port 15201 for RATIS_DATASTREAM
2023-09-28 13:00:01,250 [BlockDeletingService#0] INFO  interfaces.ContainerDeletionChoosingPolicyTemplate (ContainerDeletionChoosingPolicyTemplate.java:chooseContainerForBlockDeletion(85)) - Chosen 0/5000 blocks from 0 candidate containers.
2023-09-28 13:00:01,495 [main] INFO  ozone.MiniOzoneClusterImpl (MiniOzoneClusterImpl.java:lambda$waitForClusterToBeReady$0(229)) - Waiting for nodes to be ready. Got 0 of 5 DN Heartbeats.
2023-09-28 13:00:01,495 [main] INFO  ozone.MiniOzoneClusterImpl (MiniOzoneClusterImpl.java:lambda$waitForClusterToBeReady$0(232)) - Waiting for cluster to exit safe mode
2023-09-28 13:00:01,495 [main] INFO  ozone.MiniOzoneClusterImpl (MiniOzoneClusterImpl.java:lambda$waitForClusterToBeReady$0(234)) - SCM became leader
2023-09-28 13:00:01,537 [EndpointStateMachine task thread for /0.0.0.0:15161 - 0 ] INFO  utils.DatanodeStoreCache (DatanodeStoreCache.java:addDB(66)) - Added db /home/runner/work/ozone/ozone/hadoop-ozone/integration-test/target/test-dir/MiniOzoneClusterImpl-1398513c-1ad7-449a-9b84-f90cd6748766/datanode-4/data-0/containers/hdds/1398513c-1ad7-449a-9b84-f90cd6748766/DS-3a9ec1ee-f429-4a3c-8a43-d3353892ba22/container.db to cache
2023-09-28 13:00:01,537 [EndpointStateMachine task thread for /0.0.0.0:15161 - 0 ] INFO  volume.HddsVolume (HddsVolume.java:createDbStore(422)) - SchemaV3 db is created and loaded at /home/runner/work/ozone/ozone/hadoop-ozone/integration-test/target/test-dir/MiniOzoneClusterImpl-1398513c-1ad7-449a-9b84-f90cd6748766/datanode-4/data-0/containers/hdds/1398513c-1ad7-449a-9b84-f90cd6748766/DS-3a9ec1ee-f429-4a3c-8a43-d3353892ba22/container.db for volume DS-3a9ec1ee-f429-4a3c-8a43-d3353892ba22
2023-09-28 13:00:01,540 [EndpointStateMachine task thread for /0.0.0.0:15161 - 0 ] INFO  volume.ThrottledAsyncChecker (ThrottledAsyncChecker.java:schedule(141)) - Scheduling a check for /home/runner/work/ozone/ozone/hadoop-ozone/integration-test/target/test-dir/MiniOzoneClusterImpl-1398513c-1ad7-449a-9b84-f90cd6748766/datanode-4/data-0/containers/hdds
2023-09-28 13:00:01,540 [EndpointStateMachine task thread for /0.0.0.0:15161 - 0 ] INFO  volume.StorageVolumeChecker (StorageVolumeChecker.java:checkAllVolumes(213)) - Scheduled health check for volume /home/runner/work/ozone/ozone/hadoop-ozone/integration-test/target/test-dir/MiniOzoneClusterImpl-1398513c-1ad7-449a-9b84-f90cd6748766/datanode-4/data-0/containers/hdds
2023-09-28 13:00:01,544 [EndpointStateMachine task thread for /0.0.0.0:15161 - 0 ] INFO  volume.ThrottledAsyncChecker (ThrottledAsyncChecker.java:schedule(141)) - Scheduling a check for /home/runner/work/ozone/ozone/hadoop-ozone/integration-test/target/test-dir/MiniOzoneClusterImpl-1398513c-1ad7-449a-9b84-f90cd6748766/datanode-4/data/ratis
2023-09-28 13:00:01,545 [EndpointStateMachine task thread for /0.0.0.0:15161 - 0 ] INFO  volume.StorageVolumeChecker (StorageVolumeChecker.java:checkAllVolumes(213)) - Scheduled health check for volume /home/runner/work/ozone/ozone/hadoop-ozone/integration-test/target/test-dir/MiniOzoneClusterImpl-1398513c-1ad7-449a-9b84-f90cd6748766/datanode-4/data/ratis
2023-09-28 13:00:01,546 [EndpointStateMachine task thread for /0.0.0.0:15161 - 0 ] INFO  ozoneimpl.OzoneContainer (OzoneContainer.java:start(429)) - Attempting to start container services.
2023-09-28 13:00:01,546 [EndpointStateMachine task thread for /0.0.0.0:15161 - 0 ] INFO  ozoneimpl.OzoneContainer (OzoneContainer.java:startContainerScrub(325)) - Scheduled background container scanners and the on-demand container scanner have been disabled.
2023-09-28 13:00:01,547 [EndpointStateMachine task thread for /0.0.0.0:15161 - 0 ] INFO  replication.ReplicationServer (ReplicationServer.java:start(134)) - ReplicationServer is started using port 15211
2023-09-28 13:00:01,548 [EndpointStateMachine task thread for /0.0.0.0:15161 - 0 ] INFO  ratis.XceiverServerRatis (XceiverServerRatis.java:start(517)) - Starting XceiverServerRatis 924326bc-ac30-411c-a350-30e2822afeed
2023-09-28 13:00:01,549 [EndpointStateMachine task thread for /0.0.0.0:15161 - 0 ] INFO  server.RaftServer (RaftServerProxy.java:startImpl(400)) - 924326bc-ac30-411c-a350-30e2822afeed: start RPC server
2023-09-28 13:00:01,553 [EndpointStateMachine task thread for /0.0.0.0:15161 - 0 ] INFO  server.GrpcService (GrpcService.java:startImpl(302)) - 924326bc-ac30-411c-a350-30e2822afeed: GrpcService started, listening on 15207
2023-09-28 13:00:01,554 [EndpointStateMachine task thread for /0.0.0.0:15161 - 0 ] INFO  server.GrpcService (GrpcService.java:startImpl(302)) - 924326bc-ac30-411c-a350-30e2822afeed: GrpcService started, listening on 15209
2023-09-28 13:00:01,555 [EndpointStateMachine task thread for /0.0.0.0:15161 - 0 ] INFO  server.GrpcService (GrpcService.java:startImpl(302)) - 924326bc-ac30-411c-a350-30e2822afeed: GrpcService started, listening on 15208
2023-09-28 13:00:01,555 [EndpointStateMachine task thread for /0.0.0.0:15161 - 0 ] INFO  ratis.XceiverServerRatis (XceiverServerRatis.java:getRealPort(543)) - XceiverServerRatis 924326bc-ac30-411c-a350-30e2822afeed is started using port 15207 for RATIS
2023-09-28 13:00:01,555 [EndpointStateMachine task thread for /0.0.0.0:15161 - 0 ] INFO  ratis.XceiverServerRatis (XceiverServerRatis.java:getRealPort(543)) - XceiverServerRatis 924326bc-ac30-411c-a350-30e2822afeed is started using port 15208 for RATIS_ADMIN
2023-09-28 13:00:01,555 [JvmPauseMonitor27] INFO  util.JvmPauseMonitor (JvmPauseMonitor.java:run(103)) - JvmPauseMonitor-924326bc-ac30-411c-a350-30e2822afeed: Started
2023-09-28 13:00:01,555 [EndpointStateMachine task thread for /0.0.0.0:15161 - 0 ] INFO  ratis.XceiverServerRatis (XceiverServerRatis.java:getRealPort(543)) - XceiverServerRatis 924326bc-ac30-411c-a350-30e2822afeed is started using port 15209 for RATIS_SERVER
2023-09-28 13:00:01,556 [EndpointStateMachine task thread for /0.0.0.0:15161 - 0 ] INFO  ratis.XceiverServerRatis (XceiverServerRatis.java:getRealPort(543)) - XceiverServerRatis 924326bc-ac30-411c-a350-30e2822afeed is started using port 15210 for RATIS_DATASTREAM
2023-09-28 13:00:01,558 [BlockDeletingService#0] INFO  interfaces.ContainerDeletionChoosingPolicyTemplate (ContainerDeletionChoosingPolicyTemplate.java:chooseContainerForBlockDeletion(85)) - Chosen 0/5000 blocks from 0 candidate containers.
2023-09-28 13:00:02,236 [IPC Server handler 1 on default port 15161] INFO  net.NetworkTopologyImpl (NetworkTopologyImpl.java:add(112)) - Added a new node: /default-rack/1544e7f7-fd3f-4574-a78e-ef52e31146de
2023-09-28 13:00:02,236 [IPC Server handler 1 on default port 15161] INFO  node.SCMNodeManager (SCMNodeManager.java:register(405)) - Registered Data node : 1544e7f7-fd3f-4574-a78e-ef52e31146de{ip: 10.1.0.34, host: fv-az163-431.ksqkok1cighebdh5ckq0wc3qdf.dx.internal.cloudapp.net, ports: [HTTP=15168, CLIENT_RPC=15169, REPLICATION=15175, RATIS=15171, RATIS_ADMIN=15172, RATIS_SERVER=15173, RATIS_DATASTREAM=15174, STANDALONE=15170], networkLocation: /default-rack, certSerialId: null, persistedOpState: null, persistedOpStateExpiryEpochSec: 0}
2023-09-28 13:00:02,244 [EventQueue-NodeRegistrationContainerReportForDataNodeSafeModeRule] INFO  safemode.SCMSafeModeManager (DataNodeSafeModeRule.java:process(71)) - SCM in safe mode. 1 DataNodes registered, 3 required.
2023-09-28 13:00:02,248 [EventQueue-NewNodeForNewNodeHandler] INFO  pipeline.BackgroundPipelineCreator (BackgroundPipelineCreator.java:notifyEventTriggered(277)) - trigger a one-shot run on RatisPipelineUtilsThread.
2023-09-28 13:00:02,248 [EventQueue-NodeRegistrationContainerReportForContainerSafeModeRule] INFO  safemode.SCMSafeModeManager (SCMSafeModeManager.java:validateSafeModeExitRules(200)) - ContainerSafeModeRule rule is successfully validated
2023-09-28 13:00:02,248 [RatisPipelineUtilsThread - 0] INFO  pipeline.RatisPipelineProvider (RatisPipelineProvider.java:lambda$create$0(206)) - Sending CreatePipelineCommand for pipeline:PipelineID=6a893720-f72c-4738-a1ad-76e71a85079e to datanode:1544e7f7-fd3f-4574-a78e-ef52e31146de
2023-09-28 13:00:02,253 [EventQueue-PipelineReportForOneReplicaPipelineSafeModeRule] INFO  safemode.SCMSafeModeManager (SCMSafeModeManager.java:validateSafeModeExitRules(200)) - AtleastOneDatanodeReportedRule rule is successfully validated
2023-09-28 13:00:02,254 [RatisPipelineUtilsThread - 0] INFO  pipeline.BackgroundPipelineCreator (BackgroundPipelineCreator.java:createPipelines(233)) - Created new pipeline Pipeline[ Id: 6a893720-f72c-4738-a1ad-76e71a85079e, Nodes: 1544e7f7-fd3f-4574-a78e-ef52e31146de(fv-az163-431.ksqkok1cighebdh5ckq0wc3qdf.dx.internal.cloudapp.net/10.1.0.34), ReplicationConfig: RATIS/ONE, State:ALLOCATED, leaderId:, CreationTimestamp2023-09-28T13:00:02.248Z[Etc/UTC]]
2023-09-28 13:00:02,495 [main] INFO  ozone.MiniOzoneClusterImpl (MiniOzoneClusterImpl.java:lambda$waitForClusterToBeReady$0(229)) - Waiting for nodes to be ready. Got 1 of 5 DN Heartbeats.
2023-09-28 13:00:02,495 [main] INFO  ozone.MiniOzoneClusterImpl (MiniOzoneClusterImpl.java:lambda$waitForClusterToBeReady$0(232)) - Waiting for cluster to exit safe mode
2023-09-28 13:00:02,496 [main] INFO  ozone.MiniOzoneClusterImpl (MiniOzoneClusterImpl.java:lambda$waitForClusterToBeReady$0(234)) - SCM became leader
2023-09-28 13:00:02,549 [IPC Server handler 2 on default port 15161] INFO  net.NetworkTopologyImpl (NetworkTopologyImpl.java:add(112)) - Added a new node: /default-rack/1f3e3681-2cc0-4f79-8587-08300d65d237
2023-09-28 13:00:02,549 [IPC Server handler 2 on default port 15161] INFO  node.SCMNodeManager (SCMNodeManager.java:register(405)) - Registered Data node : 1f3e3681-2cc0-4f79-8587-08300d65d237{ip: 10.1.0.34, host: fv-az163-431.ksqkok1cighebdh5ckq0wc3qdf.dx.internal.cloudapp.net, ports: [HTTP=15177, CLIENT_RPC=15178, REPLICATION=15184, RATIS=15180, RATIS_ADMIN=15181, RATIS_SERVER=15182, RATIS_DATASTREAM=15183, STANDALONE=15179], networkLocation: /default-rack, certSerialId: null, persistedOpState: null, persistedOpStateExpiryEpochSec: 0}
2023-09-28 13:00:02,549 [EventQueue-NewNodeForNewNodeHandler] INFO  pipeline.BackgroundPipelineCreator (BackgroundPipelineCreator.java:notifyEventTriggered(277)) - trigger a one-shot run on RatisPipelineUtilsThread.
2023-09-28 13:00:02,549 [EventQueue-NodeRegistrationContainerReportForDataNodeSafeModeRule] INFO  safemode.SCMSafeModeManager (DataNodeSafeModeRule.java:process(71)) - SCM in safe mode. 2 DataNodes registered, 3 required.
2023-09-28 13:00:02,550 [RatisPipelineUtilsThread - 0] INFO  pipeline.RatisPipelineProvider (RatisPipelineProvider.java:lambda$create$0(206)) - Sending CreatePipelineCommand for pipeline:PipelineID=b64318c8-9d08-48b1-a3ec-6260d8cbabb2 to datanode:1f3e3681-2cc0-4f79-8587-08300d65d237
2023-09-28 13:00:02,550 [RatisPipelineUtilsThread - 0] INFO  pipeline.BackgroundPipelineCreator (BackgroundPipelineCreator.java:createPipelines(233)) - Created new pipeline Pipeline[ Id: b64318c8-9d08-48b1-a3ec-6260d8cbabb2, Nodes: 1f3e3681-2cc0-4f79-8587-08300d65d237(fv-az163-431.ksqkok1cighebdh5ckq0wc3qdf.dx.internal.cloudapp.net/10.1.0.34), ReplicationConfig: RATIS/ONE, State:ALLOCATED, leaderId:, CreationTimestamp2023-09-28T13:00:02.550Z[Etc/UTC]]
2023-09-28 13:00:02,884 [IPC Server handler 3 on default port 15161] INFO  net.NetworkTopologyImpl (NetworkTopologyImpl.java:add(112)) - Added a new node: /default-rack/2e0a77eb-074a-4a54-81ef-c7479b7c14e1
2023-09-28 13:00:02,884 [IPC Server handler 3 on default port 15161] INFO  node.SCMNodeManager (SCMNodeManager.java:register(405)) - Registered Data node : 2e0a77eb-074a-4a54-81ef-c7479b7c14e1{ip: 10.1.0.34, host: fv-az163-431.ksqkok1cighebdh5ckq0wc3qdf.dx.internal.cloudapp.net, ports: [HTTP=15186, CLIENT_RPC=15187, REPLICATION=15193, RATIS=15189, RATIS_ADMIN=15190, RATIS_SERVER=15191, RATIS_DATASTREAM=15192, STANDALONE=15188], networkLocation: /default-rack, certSerialId: null, persistedOpState: null, persistedOpStateExpiryEpochSec: 0}
2023-09-28 13:00:02,884 [EventQueue-NewNodeForNewNodeHandler] INFO  pipeline.BackgroundPipelineCreator (BackgroundPipelineCreator.java:notifyEventTriggered(277)) - trigger a one-shot run on RatisPipelineUtilsThread.
2023-09-28 13:00:02,884 [EventQueue-NodeRegistrationContainerReportForDataNodeSafeModeRule] INFO  safemode.SCMSafeModeManager (DataNodeSafeModeRule.java:process(71)) - SCM in safe mode. 3 DataNodes registered, 3 required.
2023-09-28 13:00:02,884 [EventQueue-NodeRegistrationContainerReportForDataNodeSafeModeRule] INFO  safemode.SCMSafeModeManager (SCMSafeModeManager.java:validateSafeModeExitRules(200)) - DataNodeSafeModeRule rule is successfully validated
2023-09-28 13:00:02,885 [EventQueue-NodeRegistrationContainerReportForDataNodeSafeModeRule] INFO  safemode.SCMSafeModeManager (SCMSafeModeManager.java:completePreCheck(229)) - All SCM safe mode pre check rules have passed
2023-09-28 13:00:02,885 [EventQueue-NodeRegistrationContainerReportForDataNodeSafeModeRule] INFO  ha.SCMContext (SCMContext.java:updateSafeModeStatus(228)) - Update SafeModeStatus from SafeModeStatus{safeModeStatus=true, preCheckPassed=false} to SafeModeStatus{safeModeStatus=true, preCheckPassed=true}.
2023-09-28 13:00:02,885 [EventQueue-NodeRegistrationContainerReportForDataNodeSafeModeRule] INFO  pipeline.BackgroundPipelineCreator (BackgroundPipelineCreator.java:notifyEventTriggered(277)) - trigger a one-shot run on RatisPipelineUtilsThread.
2023-09-28 13:00:02,887 [RatisPipelineUtilsThread - 0] INFO  pipeline.RatisPipelineProvider (RatisPipelineProvider.java:lambda$create$0(206)) - Sending CreatePipelineCommand for pipeline:PipelineID=cef43674-5582-4cc7-aa9e-c5b75029dacf to datanode:2e0a77eb-074a-4a54-81ef-c7479b7c14e1
2023-09-28 13:00:02,888 [RatisPipelineUtilsThread - 0] INFO  pipeline.BackgroundPipelineCreator (BackgroundPipelineCreator.java:createPipelines(233)) - Created new pipeline Pipeline[ Id: cef43674-5582-4cc7-aa9e-c5b75029dacf, Nodes: 2e0a77eb-074a-4a54-81ef-c7479b7c14e1(fv-az163-431.ksqkok1cighebdh5ckq0wc3qdf.dx.internal.cloudapp.net/10.1.0.34), ReplicationConfig: RATIS/ONE, State:ALLOCATED, leaderId:, CreationTimestamp2023-09-28T13:00:02.887Z[Etc/UTC]]
2023-09-28 13:00:02,888 [RatisPipelineUtilsThread - 0] INFO  pipeline.RatisPipelineProvider (RatisPipelineProvider.java:lambda$create$0(206)) - Sending CreatePipelineCommand for pipeline:PipelineID=15af6b7f-a9ac-4296-9518-bb73178100e7 to datanode:1f3e3681-2cc0-4f79-8587-08300d65d237
2023-09-28 13:00:02,888 [RatisPipelineUtilsThread - 0] INFO  pipeline.RatisPipelineProvider (RatisPipelineProvider.java:lambda$create$0(206)) - Sending CreatePipelineCommand for pipeline:PipelineID=15af6b7f-a9ac-4296-9518-bb73178100e7 to datanode:2e0a77eb-074a-4a54-81ef-c7479b7c14e1
2023-09-28 13:00:02,888 [RatisPipelineUtilsThread - 0] INFO  pipeline.RatisPipelineProvider (RatisPipelineProvider.java:lambda$create$0(206)) - Sending CreatePipelineCommand for pipeline:PipelineID=15af6b7f-a9ac-4296-9518-bb73178100e7 to datanode:1544e7f7-fd3f-4574-a78e-ef52e31146de
2023-09-28 13:00:02,889 [RatisPipelineUtilsThread - 0] INFO  pipeline.BackgroundPipelineCreator (BackgroundPipelineCreator.java:createPipelines(233)) - Created new pipeline Pipeline[ Id: 15af6b7f-a9ac-4296-9518-bb73178100e7, Nodes: 1f3e3681-2cc0-4f79-8587-08300d65d237(fv-az163-431.ksqkok1cighebdh5ckq0wc3qdf.dx.internal.cloudapp.net/10.1.0.34)2e0a77eb-074a-4a54-81ef-c7479b7c14e1(fv-az163-431.ksqkok1cighebdh5ckq0wc3qdf.dx.internal.cloudapp.net/10.1.0.34)1544e7f7-fd3f-4574-a78e-ef52e31146de(fv-az163-431.ksqkok1cighebdh5ckq0wc3qdf.dx.internal.cloudapp.net/10.1.0.34), ReplicationConfig: RATIS/THREE, State:ALLOCATED, leaderId:, CreationTimestamp2023-09-28T13:00:02.888Z[Etc/UTC]]
2023-09-28 13:00:02,889 [RatisPipelineUtilsThread - 0] INFO  pipeline.RatisPipelineProvider (RatisPipelineProvider.java:lambda$create$0(206)) - Sending CreatePipelineCommand for pipeline:PipelineID=f961854f-942d-4e10-bedd-a1b1a31b5f97 to datanode:1544e7f7-fd3f-4574-a78e-ef52e31146de
2023-09-28 13:00:02,889 [RatisPipelineUtilsThread - 0] INFO  pipeline.RatisPipelineProvider (RatisPipelineProvider.java:lambda$create$0(206)) - Sending CreatePipelineCommand for pipeline:PipelineID=f961854f-942d-4e10-bedd-a1b1a31b5f97 to datanode:1f3e3681-2cc0-4f79-8587-08300d65d237
2023-09-28 13:00:02,890 [RatisPipelineUtilsThread - 0] INFO  pipeline.RatisPipelineProvider (RatisPipelineProvider.java:lambda$create$0(206)) - Sending CreatePipelineCommand for pipeline:PipelineID=f961854f-942d-4e10-bedd-a1b1a31b5f97 to datanode:2e0a77eb-074a-4a54-81ef-c7479b7c14e1
2023-09-28 13:00:02,890 [RatisPipelineUtilsThread - 0] INFO  pipeline.PipelineManagerImpl (PipelineManagerImpl.java:recordMetricsForPipeline(895)) - Pipeline: PipelineID=f961854f-942d-4e10-bedd-a1b1a31b5f97 contains same datanodes as previous pipelines: PipelineID=15af6b7f-a9ac-4296-9518-bb73178100e7 nodeIds: 1544e7f7-fd3f-4574-a78e-ef52e31146de, 1f3e3681-2cc0-4f79-8587-08300d65d237, 2e0a77eb-074a-4a54-81ef-c7479b7c14e1
2023-09-28 13:00:02,893 [RatisPipelineUtilsThread - 0] INFO  pipeline.BackgroundPipelineCreator (BackgroundPipelineCreator.java:createPipelines(233)) - Created new pipeline Pipeline[ Id: f961854f-942d-4e10-bedd-a1b1a31b5f97, Nodes: 1544e7f7-fd3f-4574-a78e-ef52e31146de(fv-az163-431.ksqkok1cighebdh5ckq0wc3qdf.dx.internal.cloudapp.net/10.1.0.34)1f3e3681-2cc0-4f79-8587-08300d65d237(fv-az163-431.ksqkok1cighebdh5ckq0wc3qdf.dx.internal.cloudapp.net/10.1.0.34)2e0a77eb-074a-4a54-81ef-c7479b7c14e1(fv-az163-431.ksqkok1cighebdh5ckq0wc3qdf.dx.internal.cloudapp.net/10.1.0.34), ReplicationConfig: RATIS/THREE, State:ALLOCATED, leaderId:, CreationTimestamp2023-09-28T13:00:02.889Z[Etc/UTC]]
2023-09-28 13:00:03,186 [IPC Server handler 0 on default port 15161] INFO  net.NetworkTopologyImpl (NetworkTopologyImpl.java:add(112)) - Added a new node: /default-rack/5aa6a13f-c826-4197-9c03-9c8133ccbb57
2023-09-28 13:00:03,186 [IPC Server handler 0 on default port 15161] INFO  node.SCMNodeManager (SCMNodeManager.java:register(405)) - Registered Data node : 5aa6a13f-c826-4197-9c03-9c8133ccbb57{ip: 10.1.0.34, host: fv-az163-431.ksqkok1cighebdh5ckq0wc3qdf.dx.internal.cloudapp.net, ports: [HTTP=15195, CLIENT_RPC=15196, REPLICATION=15202, RATIS=15198, RATIS_ADMIN=15199, RATIS_SERVER=15200, RATIS_DATASTREAM=15201, STANDALONE=15197], networkLocation: /default-rack, certSerialId: null, persistedOpState: null, persistedOpStateExpiryEpochSec: 0}
2023-09-28 13:00:03,190 [EventQueue-NewNodeForNewNodeHandler] INFO  pipeline.BackgroundPipelineCreator (BackgroundPipelineCreator.java:notifyEventTriggered(277)) - trigger a one-shot run on RatisPipelineUtilsThread.
2023-09-28 13:00:03,191 [RatisPipelineUtilsThread - 0] INFO  pipeline.RatisPipelineProvider (RatisPipelineProvider.java:lambda$create$0(206)) - Sending CreatePipelineCommand for pipeline:PipelineID=0459c6d0-1f27-43b1-95de-7acc87b812b4 to datanode:5aa6a13f-c826-4197-9c03-9c8133ccbb57
2023-09-28 13:00:03,191 [RatisPipelineUtilsThread - 0] INFO  pipeline.BackgroundPipelineCreator (BackgroundPipelineCreator.java:createPipelines(233)) - Created new pipeline Pipeline[ Id: 0459c6d0-1f27-43b1-95de-7acc87b812b4, Nodes: 5aa6a13f-c826-4197-9c03-9c8133ccbb57(fv-az163-431.ksqkok1cighebdh5ckq0wc3qdf.dx.internal.cloudapp.net/10.1.0.34), ReplicationConfig: RATIS/ONE, State:ALLOCATED, leaderId:, CreationTimestamp2023-09-28T13:00:03.190Z[Etc/UTC]]
2023-09-28 13:00:03,496 [main] INFO  ozone.MiniOzoneClusterImpl (MiniOzoneClusterImpl.java:lambda$waitForClusterToBeReady$0(229)) - Waiting for nodes to be ready. Got 4 of 5 DN Heartbeats.
2023-09-28 13:00:03,496 [main] INFO  ozone.MiniOzoneClusterImpl (MiniOzoneClusterImpl.java:lambda$waitForClusterToBeReady$0(232)) - Waiting for cluster to exit safe mode
2023-09-28 13:00:03,496 [main] INFO  ozone.MiniOzoneClusterImpl (MiniOzoneClusterImpl.java:lambda$waitForClusterToBeReady$0(234)) - SCM became leader
2023-09-28 13:00:03,499 [IPC Server handler 2 on default port 15161] INFO  net.NetworkTopologyImpl (NetworkTopologyImpl.java:add(112)) - Added a new node: /default-rack/924326bc-ac30-411c-a350-30e2822afeed
2023-09-28 13:00:03,500 [IPC Server handler 2 on default port 15161] INFO  node.SCMNodeManager (SCMNodeManager.java:register(405)) - Registered Data node : 924326bc-ac30-411c-a350-30e2822afeed{ip: 10.1.0.34, host: fv-az163-431.ksqkok1cighebdh5ckq0wc3qdf.dx.internal.cloudapp.net, ports: [HTTP=15204, CLIENT_RPC=15205, REPLICATION=15211, RATIS=15207, RATIS_ADMIN=15208, RATIS_SERVER=15209, RATIS_DATASTREAM=15210, STANDALONE=15206], networkLocation: /default-rack, certSerialId: null, persistedOpState: null, persistedOpStateExpiryEpochSec: 0}
2023-09-28 13:00:03,500 [EventQueue-NewNodeForNewNodeHandler] INFO  pipeline.BackgroundPipelineCreator (BackgroundPipelineCreator.java:notifyEventTriggered(277)) - trigger a one-shot run on RatisPipelineUtilsThread.
2023-09-28 13:00:03,500 [RatisPipelineUtilsThread - 0] INFO  pipeline.RatisPipelineProvider (RatisPipelineProvider.java:lambda$create$0(206)) - Sending CreatePipelineCommand for pipeline:PipelineID=29e8e473-5741-4f3f-a88b-d91864a4bd58 to datanode:924326bc-ac30-411c-a350-30e2822afeed
2023-09-28 13:00:03,501 [RatisPipelineUtilsThread - 0] INFO  pipeline.BackgroundPipelineCreator (BackgroundPipelineCreator.java:createPipelines(233)) - Created new pipeline Pipeline[ Id: 29e8e473-5741-4f3f-a88b-d91864a4bd58, Nodes: 924326bc-ac30-411c-a350-30e2822afeed(fv-az163-431.ksqkok1cighebdh5ckq0wc3qdf.dx.internal.cloudapp.net/10.1.0.34), ReplicationConfig: RATIS/ONE, State:ALLOCATED, leaderId:, CreationTimestamp2023-09-28T13:00:03.500Z[Etc/UTC]]
2023-09-28 13:00:04,496 [main] INFO  ozone.MiniOzoneClusterImpl (MiniOzoneClusterImpl.java:lambda$waitForClusterToBeReady$0(229)) - Nodes are ready. Got 5 of 5 DN Heartbeats.
2023-09-28 13:00:04,497 [main] INFO  ozone.MiniOzoneClusterImpl (MiniOzoneClusterImpl.java:lambda$waitForClusterToBeReady$0(232)) - Waiting for cluster to exit safe mode
2023-09-28 13:00:04,497 [main] INFO  ozone.MiniOzoneClusterImpl (MiniOzoneClusterImpl.java:lambda$waitForClusterToBeReady$0(234)) - SCM became leader
2023-09-28 13:00:05,235 [PipelineCommandHandlerThread-0] INFO  server.RaftServer (RaftServerProxy.java:addNew(98)) - 1544e7f7-fd3f-4574-a78e-ef52e31146de: addNew group-76E71A85079E:[1544e7f7-fd3f-4574-a78e-ef52e31146de|rpc:10.1.0.34:15173|admin:10.1.0.34:15172|client:10.1.0.34:15171|dataStream:10.1.0.34:15174|priority:1|startupRole:FOLLOWER] returns group-76E71A85079E:java.util.concurrent.CompletableFuture@1582de7e[Not completed]
2023-09-28 13:00:05,236 [1544e7f7-fd3f-4574-a78e-ef52e31146de-groupManagement] INFO  server.RaftServer$Division (RaftServerImpl.java:<init>(198)) - 1544e7f7-fd3f-4574-a78e-ef52e31146de: new RaftServerImpl for group-76E71A85079E:[1544e7f7-fd3f-4574-a78e-ef52e31146de|rpc:10.1.0.34:15173|admin:10.1.0.34:15172|client:10.1.0.34:15171|dataStream:10.1.0.34:15174|priority:1|startupRole:FOLLOWER] with ContainerStateMachine:uninitialized
2023-09-28 13:00:05,236 [1544e7f7-fd3f-4574-a78e-ef52e31146de-groupManagement] INFO  server.RaftServerConfigKeys (ConfUtils.java:logGet(46)) - raft.server.rpc.timeout.min = 5s (custom)
2023-09-28 13:00:05,236 [1544e7f7-fd3f-4574-a78e-ef52e31146de-groupManagement] INFO  server.RaftServerConfigKeys (ConfUtils.java:logGet(46)) - raft.server.rpc.timeout.max = 5200ms (custom)
2023-09-28 13:00:05,236 [1544e7f7-fd3f-4574-a78e-ef52e31146de-groupManagement] INFO  server.RaftServerConfigKeys (ConfUtils.java:logGet(46)) - raft.server.rpc.sleep.time = 25ms (default)
2023-09-28 13:00:05,236 [1544e7f7-fd3f-4574-a78e-ef52e31146de-groupManagement] INFO  server.RaftServerConfigKeys (ConfUtils.java:logGet(46)) - raft.server.rpc.slowness.timeout = 300s (custom)
2023-09-28 13:00:05,236 [1544e7f7-fd3f-4574-a78e-ef52e31146de-groupManagement] INFO  server.RaftServerConfigKeys (ConfUtils.java:logGet(46)) - raft.server.leaderelection.leader.step-down.wait-time = 10s (default)
2023-09-28 13:00:05,236 [1544e7f7-fd3f-4574-a78e-ef52e31146de-groupManagement] INFO  server.RaftServerConfigKeys (ConfUtils.java:logGet(46)) - raft.server.sleep.deviation.threshold = 300ms (default)
2023-09-28 13:00:05,236 [1544e7f7-fd3f-4574-a78e-ef52e31146de-groupManagement] INFO  server.RaftServer$Division (ServerState.java:<init>(120)) - 1544e7f7-fd3f-4574-a78e-ef52e31146de@group-76E71A85079E: ConfigurationManager, init=-1: peers:[1544e7f7-fd3f-4574-a78e-ef52e31146de|rpc:10.1.0.34:15173|admin:10.1.0.34:15172|client:10.1.0.34:15171|dataStream:10.1.0.34:15174|priority:1|startupRole:FOLLOWER]|listeners:[], old=null, confs=<EMPTY_MAP>
2023-09-28 13:00:05,236 [1544e7f7-fd3f-4574-a78e-ef52e31146de-groupManagement] INFO  server.RaftServerConfigKeys (ConfUtils.java:logGet(46)) - raft.server.storage.dir = [/home/runner/work/ozone/ozone/hadoop-ozone/integration-test/target/test-dir/MiniOzoneClusterImpl-1398513c-1ad7-449a-9b84-f90cd6748766/datanode-0/data/ratis] (custom)
2023-09-28 13:00:05,237 [1544e7f7-fd3f-4574-a78e-ef52e31146de-groupManagement] INFO  server.RaftServerConfigKeys (ConfUtils.java:logGet(46)) - raft.server.log.corruption.policy = EXCEPTION (default)
2023-09-28 13:00:05,237 [1544e7f7-fd3f-4574-a78e-ef52e31146de-groupManagement] INFO  server.RaftServerConfigKeys (ConfUtils.java:logGet(46)) - raft.server.storage.free-space.min = 0MB (=0) (default)
2023-09-28 13:00:05,237 [1544e7f7-fd3f-4574-a78e-ef52e31146de-groupManagement] INFO  server.RaftServerConfigKeys (ConfUtils.java:logGet(46)) - raft.server.notification.no-leader.timeout = 300s (custom)
2023-09-28 13:00:05,237 [1544e7f7-fd3f-4574-a78e-ef52e31146de-groupManagement] INFO  server.RaftServerConfigKeys (ConfUtils.java:logGet(46)) - raft.server.read.timeout = 10s (default)
2023-09-28 13:00:05,237 [1544e7f7-fd3f-4574-a78e-ef52e31146de-groupManagement] INFO  server.RaftServerConfigKeys (ConfUtils.java:logGet(46)) - raft.server.retrycache.expirytime = 600000ms (custom)
2023-09-28 13:00:05,237 [1544e7f7-fd3f-4574-a78e-ef52e31146de-groupManagement] INFO  server.RaftServerConfigKeys (ConfUtils.java:logGet(46)) - raft.server.retrycache.statistics.expirytime = 100μs (default)
2023-09-28 13:00:05,237 [1544e7f7-fd3f-4574-a78e-ef52e31146de-groupManagement] INFO  server.RaftServerConfigKeys (ConfUtils.java:logGet(46)) - raft.server.read.option = DEFAULT (default)
2023-09-28 13:00:05,237 [1544e7f7-fd3f-4574-a78e-ef52e31146de-groupManagement] INFO  server.RaftServerConfigKeys (ConfUtils.java:logGet(46)) - raft.server.rpc.request.timeout = 60s (custom)
2023-09-28 13:00:05,238 [1544e7f7-fd3f-4574-a78e-ef52e31146de-groupManagement] INFO  server.RaftServerConfigKeys (ConfUtils.java:logGet(46)) - raft.server.log.appender.install.snapshot.enabled = false (custom)
2023-09-28 13:00:05,238 [1544e7f7-fd3f-4574-a78e-ef52e31146de-groupManagement] INFO  server.RaftServerConfigKeys (ConfUtils.java:logGet(46)) - raft.server.threadpool.server.cached = true (default)
2023-09-28 13:00:05,238 [1544e7f7-fd3f-4574-a78e-ef52e31146de-groupManagement] INFO  server.RaftServerConfigKeys (ConfUtils.java:logGet(46)) - raft.server.threadpool.server.size = 0 (default)
2023-09-28 13:00:05,238 [1544e7f7-fd3f-4574-a78e-ef52e31146de-groupManagement] INFO  server.RaftServerConfigKeys (ConfUtils.java:logGet(46)) - raft.server.threadpool.client.cached = true (default)
2023-09-28 13:00:05,238 [1544e7f7-fd3f-4574-a78e-ef52e31146de-groupManagement] INFO  server.RaftServerConfigKeys (ConfUtils.java:logGet(46)) - raft.server.threadpool.client.size = 0 (default)
2023-09-28 13:00:05,238 [1544e7f7-fd3f-4574-a78e-ef52e31146de-groupManagement] INFO  storage.RaftStorageDirectory (RaftStorageDirectoryImpl.java:analyzeStorage(137)) - The storage directory /home/runner/work/ozone/ozone/hadoop-ozone/integration-test/target/test-dir/MiniOzoneClusterImpl-1398513c-1ad7-449a-9b84-f90cd6748766/datanode-0/data/ratis/6a893720-f72c-4738-a1ad-76e71a85079e does not exist. Creating ...
2023-09-28 13:00:05,239 [1544e7f7-fd3f-4574-a78e-ef52e31146de-groupManagement] INFO  storage.RaftStorageDirectory (RaftStorageDirectoryImpl.java:tryLock(231)) - Lock on /home/runner/work/ozone/ozone/hadoop-ozone/integration-test/target/test-dir/MiniOzoneClusterImpl-1398513c-1ad7-449a-9b84-f90cd6748766/datanode-0/data/ratis/6a893720-f72c-4738-a1ad-76e71a85079e/in_use.lock acquired by nodename 7568@fv-az163-431
2023-09-28 13:00:05,242 [1544e7f7-fd3f-4574-a78e-ef52e31146de-groupManagement] INFO  storage.RaftStorage (RaftStorageImpl.java:format(96)) - Storage directory /home/runner/work/ozone/ozone/hadoop-ozone/integration-test/target/test-dir/MiniOzoneClusterImpl-1398513c-1ad7-449a-9b84-f90cd6748766/datanode-0/data/ratis/6a893720-f72c-4738-a1ad-76e71a85079e has been successfully formatted.
2023-09-28 13:00:05,243 [1544e7f7-fd3f-4574-a78e-ef52e31146de-groupManagement] INFO  ratis.ContainerStateMachine (ContainerStateMachine.java:loadSnapshot(262)) - group-76E71A85079E: The snapshot info is null. Setting the last applied indexto:(t:0, i:~)
2023-09-28 13:00:05,244 [1544e7f7-fd3f-4574-a78e-ef52e31146de-groupManagement] INFO  server.RaftServerConfigKeys (ConfUtils.java:logGet(46)) - raft.server.log.use.memory = false (default)
2023-09-28 13:00:05,244 [1544e7f7-fd3f-4574-a78e-ef52e31146de-groupManagement] INFO  server.RaftServerConfigKeys (ConfUtils.java:logGet(46)) - raft.server.log.purge.gap = 1000000 (custom)
2023-09-28 13:00:05,244 [1544e7f7-fd3f-4574-a78e-ef52e31146de-groupManagement] INFO  server.RaftServerConfigKeys (ConfUtils.java:logGet(46)) - raft.server.log.appender.buffer.byte-limit = 33554432 (custom)
2023-09-28 13:00:05,244 [1544e7f7-fd3f-4574-a78e-ef52e31146de-groupManagement] INFO  server.RaftServerConfigKeys (ConfUtils.java:logGet(46)) - raft.server.log.statemachine.data.read.timeout = 1000ms (default)
2023-09-28 13:00:05,244 [1544e7f7-fd3f-4574-a78e-ef52e31146de-groupManagement] INFO  server.RaftServerConfigKeys (ConfUtils.java:logGet(46)) - raft.server.log.purge.preservation.log.num = 0 (default)
2023-09-28 13:00:05,244 [1544e7f7-fd3f-4574-a78e-ef52e31146de-groupManagement] INFO  server.RaftServerConfigKeys (ConfUtils.java:logGet(46)) - raft.server.log.segment.size.max = 1048576 (custom)
2023-09-28 13:00:05,244 [1544e7f7-fd3f-4574-a78e-ef52e31146de-groupManagement] INFO  server.RaftServerConfigKeys (ConfUtils.java:logGet(46)) - raft.server.log.segment.cache.num.max = 2 (custom)
2023-09-28 13:00:05,244 [EventQueue-PipelineReportForPipelineReportHandler] INFO  pipeline.PipelineReportHandler (PipelineReportHandler.java:processPipelineReport(136)) - Opened pipeline PipelineID=6a893720-f72c-4738-a1ad-76e71a85079e
2023-09-28 13:00:05,244 [1544e7f7-fd3f-4574-a78e-ef52e31146de-groupManagement] INFO  server.RaftServerConfigKeys (ConfUtils.java:logGet(46)) - raft.server.log.segment.cache.size.max = 200MB (=209715200) (default)
2023-09-28 13:00:05,248 [1544e7f7-fd3f-4574-a78e-ef52e31146de-groupManagement] INFO  server.RaftServerConfigKeys (ConfUtils.java:logGet(46)) - raft.server.log.appender.buffer.byte-limit = 33554432 (custom)
2023-09-28 13:00:05,248 [EventQueue-OpenPipelineForHealthyPipelineSafeModeRule] INFO  safemode.SCMSafeModeManager (HealthyPipelineSafeModeRule.java:process(137)) - SCM in safe mode. Healthy pipelines reported count is 0, required healthy pipeline reported count is 1
2023-09-28 13:00:05,248 [1544e7f7-fd3f-4574-a78e-ef52e31146de-groupManagement] INFO  segmented.SegmentedRaftLogWorker (SegmentedRaftLogWorker.java:<init>(188)) - new 1544e7f7-fd3f-4574-a78e-ef52e31146de@group-76E71A85079E-SegmentedRaftLogWorker for RaftStorageImpl:Storage Directory /home/runner/work/ozone/ozone/hadoop-ozone/integration-test/target/test-dir/MiniOzoneClusterImpl-1398513c-1ad7-449a-9b84-f90cd6748766/datanode-0/data/ratis/6a893720-f72c-4738-a1ad-76e71a85079e
2023-09-28 13:00:05,248 [1544e7f7-fd3f-4574-a78e-ef52e31146de-groupManagement] INFO  server.RaftServerConfigKeys (ConfUtils.java:logGet(46)) - raft.server.log.queue.byte-limit = 4294967296 (custom)
2023-09-28 13:00:05,250 [1544e7f7-fd3f-4574-a78e-ef52e31146de-groupManagement] INFO  server.RaftServerConfigKeys (ConfUtils.java:logGet(46)) - raft.server.log.queue.element-limit = 1024 (custom)
2023-09-28 13:00:05,250 [1544e7f7-fd3f-4574-a78e-ef52e31146de-groupManagement] INFO  server.RaftServerConfigKeys (ConfUtils.java:logGet(46)) - raft.server.log.segment.size.max = 1048576 (custom)
2023-09-28 13:00:05,251 [1544e7f7-fd3f-4574-a78e-ef52e31146de-groupManagement] INFO  server.RaftServerConfigKeys (ConfUtils.java:logGet(46)) - raft.server.log.preallocated.size = 16384 (custom)
2023-09-28 13:00:05,251 [1544e7f7-fd3f-4574-a78e-ef52e31146de-groupManagement] INFO  server.RaftServerConfigKeys (ConfUtils.java:logGet(46)) - raft.server.log.force.sync.num = 128 (default)
2023-09-28 13:00:05,251 [1544e7f7-fd3f-4574-a78e-ef52e31146de-groupManagement] INFO  server.RaftServerConfigKeys (ConfUtils.java:logGet(46)) - raft.server.log.statemachine.data.sync = true (default)
2023-09-28 13:00:05,251 [1544e7f7-fd3f-4574-a78e-ef52e31146de-groupManagement] INFO  server.RaftServerConfigKeys (ConfUtils.java:logGet(46)) - raft.server.log.statemachine.data.sync.timeout = 10s (default)
2023-09-28 13:00:05,251 [1544e7f7-fd3f-4574-a78e-ef52e31146de-groupManagement] INFO  server.RaftServerConfigKeys (ConfUtils.java:logGet(46)) - raft.server.log.statemachine.data.sync.timeout.retry = -1 (default)
2023-09-28 13:00:05,251 [1544e7f7-fd3f-4574-a78e-ef52e31146de-groupManagement] INFO  server.RaftServerConfigKeys (ConfUtils.java:logGet(46)) - raft.server.log.write.buffer.size = 1048576 (custom)
2023-09-28 13:00:05,252 [1544e7f7-fd3f-4574-a78e-ef52e31146de-groupManagement] INFO  server.RaftServerConfigKeys (ConfUtils.java:logGet(46)) - raft.server.log.appender.buffer.byte-limit = 33554432 (custom)
2023-09-28 13:00:05,257 [1544e7f7-fd3f-4574-a78e-ef52e31146de-groupManagement] INFO  server.RaftServerConfigKeys (ConfUtils.java:logGet(46)) - raft.server.log.unsafe-flush.enabled = false (default)
2023-09-28 13:00:05,258 [1544e7f7-fd3f-4574-a78e-ef52e31146de-groupManagement] INFO  server.RaftServerConfigKeys (ConfUtils.java:logGet(46)) - raft.server.log.async-flush.enabled = false (default)
2023-09-28 13:00:05,258 [1544e7f7-fd3f-4574-a78e-ef52e31146de-groupManagement] INFO  server.RaftServerConfigKeys (ConfUtils.java:logGet(46)) - raft.server.log.statemachine.data.caching.enabled = true (custom)
2023-09-28 13:00:05,258 [1544e7f7-fd3f-4574-a78e-ef52e31146de-groupManagement] INFO  segmented.SegmentedRaftLogWorker (SegmentedRaftLogWorker.java:lambda$new$0(135)) - 1544e7f7-fd3f-4574-a78e-ef52e31146de@group-76E71A85079E-SegmentedRaftLogWorker: flushIndex: setUnconditionally 0 -> -1
2023-09-28 13:00:05,258 [1544e7f7-fd3f-4574-a78e-ef52e31146de-groupManagement] INFO  segmented.SegmentedRaftLogWorker (SegmentedRaftLogWorker.java:lambda$new$0(135)) - 1544e7f7-fd3f-4574-a78e-ef52e31146de@group-76E71A85079E-SegmentedRaftLogWorker: safeCacheEvictIndex: setUnconditionally 0 -> -1
2023-09-28 13:00:05,258 [1544e7f7-fd3f-4574-a78e-ef52e31146de-groupManagement] INFO  server.RaftServer$Division (RaftServerImpl.java:start(342)) - 1544e7f7-fd3f-4574-a78e-ef52e31146de@group-76E71A85079E: start as a follower, conf=-1: peers:[1544e7f7-fd3f-4574-a78e-ef52e31146de|rpc:10.1.0.34:15173|admin:10.1.0.34:15172|client:10.1.0.34:15171|dataStream:10.1.0.34:15174|priority:1|startupRole:FOLLOWER]|listeners:[], old=null
2023-09-28 13:00:05,258 [1544e7f7-fd3f-4574-a78e-ef52e31146de-groupManagement] INFO  server.RaftServer$Division (RaftServerImpl.java:setRole(329)) - 1544e7f7-fd3f-4574-a78e-ef52e31146de@group-76E71A85079E: changes role from      null to FOLLOWER at term 0 for startAsFollower
2023-09-28 13:00:05,258 [1544e7f7-fd3f-4574-a78e-ef52e31146de-groupManagement] INFO  impl.RoleInfo (RoleInfo.java:updateAndGet(139)) - 1544e7f7-fd3f-4574-a78e-ef52e31146de: start 1544e7f7-fd3f-4574-a78e-ef52e31146de@group-76E71A85079E-FollowerState
2023-09-28 13:00:05,259 [1544e7f7-fd3f-4574-a78e-ef52e31146de@group-76E71A85079E-FollowerState] INFO  server.RaftServerConfigKeys (ConfUtils.java:logFallback(53)) - raft.server.rpc.first-election.timeout.min = 5s (fallback to raft.server.rpc.timeout.min)
2023-09-28 13:00:05,259 [1544e7f7-fd3f-4574-a78e-ef52e31146de@group-76E71A85079E-FollowerState] INFO  server.RaftServerConfigKeys (ConfUtils.java:logFallback(53)) - raft.server.rpc.first-election.timeout.max = 5200ms (fallback to raft.server.rpc.timeout.max)
2023-09-28 13:00:05,259 [1544e7f7-fd3f-4574-a78e-ef52e31146de-groupManagement] INFO  util.JmxRegister (JmxRegister.java:tryRegister(44)) - Successfully registered JMX Bean with object name Ratis:service=RaftServer,group=group-76E71A85079E,id=1544e7f7-fd3f-4574-a78e-ef52e31146de
2023-09-28 13:00:05,259 [1544e7f7-fd3f-4574-a78e-ef52e31146de-groupManagement] INFO  server.RaftServerConfigKeys (ConfUtils.java:logGet(46)) - raft.server.snapshot.auto.trigger.enabled = true (custom)
2023-09-28 13:00:05,259 [1544e7f7-fd3f-4574-a78e-ef52e31146de-groupManagement] INFO  server.RaftServerConfigKeys (ConfUtils.java:logGet(46)) - raft.server.snapshot.auto.trigger.threshold = 10000 (custom)
2023-09-28 13:00:05,259 [1544e7f7-fd3f-4574-a78e-ef52e31146de-groupManagement] INFO  server.RaftServerConfigKeys (ConfUtils.java:logGet(46)) - raft.server.snapshot.retention.file.num = 5 (custom)
2023-09-28 13:00:05,259 [1544e7f7-fd3f-4574-a78e-ef52e31146de-groupManagement] INFO  server.RaftServerConfigKeys (ConfUtils.java:logGet(46)) - raft.server.log.purge.upto.snapshot.index = false (default)
2023-09-28 13:00:05,260 [PipelineCommandHandlerThread-0] INFO  ratis.XceiverServerRatis (XceiverServerRatis.java:addGroup(804)) - Created group PipelineID=6a893720-f72c-4738-a1ad-76e71a85079e
2023-09-28 13:00:05,260 [PipelineCommandHandlerThread-0] INFO  commandhandler.CreatePipelineCommandHandler (CreatePipelineCommandHandler.java:lambda$handle$2(124)) - Created Pipeline RATIS ONE PipelineID=6a893720-f72c-4738-a1ad-76e71a85079e.
2023-09-28 13:00:05,260 [PipelineCommandHandlerThread-0] INFO  server.RaftServer (RaftServerProxy.java:addNew(98)) - 1544e7f7-fd3f-4574-a78e-ef52e31146de: addNew group-BB73178100E7:[1544e7f7-fd3f-4574-a78e-ef52e31146de|rpc:10.1.0.34:15173|admin:10.1.0.34:15172|client:10.1.0.34:15171|dataStream:10.1.0.34:15174|priority:0|startupRole:FOLLOWER, 1f3e3681-2cc0-4f79-8587-08300d65d237|rpc:10.1.0.34:15182|admin:10.1.0.34:15181|client:10.1.0.34:15180|dataStream:10.1.0.34:15183|priority:1|startupRole:FOLLOWER, 2e0a77eb-074a-4a54-81ef-c7479b7c14e1|rpc:10.1.0.34:15191|admin:10.1.0.34:15190|client:10.1.0.34:15189|dataStream:10.1.0.34:15192|priority:0|startupRole:FOLLOWER] returns group-BB73178100E7:java.util.concurrent.CompletableFuture@11bd4816[Not completed]
2023-09-28 13:00:05,267 [1544e7f7-fd3f-4574-a78e-ef52e31146de-groupManagement] INFO  server.RaftServer$Division (RaftServerImpl.java:<init>(198)) - 1544e7f7-fd3f-4574-a78e-ef52e31146de: new RaftServerImpl for group-BB73178100E7:[1544e7f7-fd3f-4574-a78e-ef52e31146de|rpc:10.1.0.34:15173|admin:10.1.0.34:15172|client:10.1.0.34:15171|dataStream:10.1.0.34:15174|priority:0|startupRole:FOLLOWER, 1f3e3681-2cc0-4f79-8587-08300d65d237|rpc:10.1.0.34:15182|admin:10.1.0.34:15181|client:10.1.0.34:15180|dataStream:10.1.0.34:15183|priority:1|startupRole:FOLLOWER, 2e0a77eb-074a-4a54-81ef-c7479b7c14e1|rpc:10.1.0.34:15191|admin:10.1.0.34:15190|client:10.1.0.34:15189|dataStream:10.1.0.34:15192|priority:0|startupRole:FOLLOWER] with ContainerStateMachine:uninitialized
2023-09-28 13:00:05,267 [1544e7f7-fd3f-4574-a78e-ef52e31146de-groupManagement] INFO  server.RaftServerConfigKeys (ConfUtils.java:logGet(46)) - raft.server.rpc.timeout.min = 5s (custom)
2023-09-28 13:00:05,267 [1544e7f7-fd3f-4574-a78e-ef52e31146de-groupManagement] INFO  server.RaftServerConfigKeys (ConfUtils.java:logGet(46)) - raft.server.rpc.timeout.max = 5200ms (custom)
2023-09-28 13:00:05,267 [1544e7f7-fd3f-4574-a78e-ef52e31146de-groupManagement] INFO  server.RaftServerConfigKeys (ConfUtils.java:logGet(46)) - raft.server.rpc.sleep.time = 25ms (default)
2023-09-28 13:00:05,267 [1544e7f7-fd3f-4574-a78e-ef52e31146de-groupManagement] INFO  server.RaftServerConfigKeys (ConfUtils.java:logGet(46)) - raft.server.rpc.slowness.timeout = 300s (custom)
2023-09-28 13:00:05,267 [1544e7f7-fd3f-4574-a78e-ef52e31146de-groupManagement] INFO  server.RaftServerConfigKeys (ConfUtils.java:logGet(46)) - raft.server.leaderelection.leader.step-down.wait-time = 10s (default)
2023-09-28 13:00:05,268 [1544e7f7-fd3f-4574-a78e-ef52e31146de-groupManagement] INFO  server.RaftServerConfigKeys (ConfUtils.java:logGet(46)) - raft.server.sleep.deviation.threshold = 300ms (default)
2023-09-28 13:00:05,268 [1544e7f7-fd3f-4574-a78e-ef52e31146de-groupManagement] INFO  server.RaftServer$Division (ServerState.java:<init>(120)) - 1544e7f7-fd3f-4574-a78e-ef52e31146de@group-BB73178100E7: ConfigurationManager, init=-1: peers:[1544e7f7-fd3f-4574-a78e-ef52e31146de|rpc:10.1.0.34:15173|admin:10.1.0.34:15172|client:10.1.0.34:15171|dataStream:10.1.0.34:15174|priority:0|startupRole:FOLLOWER, 1f3e3681-2cc0-4f79-8587-08300d65d237|rpc:10.1.0.34:15182|admin:10.1.0.34:15181|client:10.1.0.34:15180|dataStream:10.1.0.34:15183|priority:1|startupRole:FOLLOWER, 2e0a77eb-074a-4a54-81ef-c7479b7c14e1|rpc:10.1.0.34:15191|admin:10.1.0.34:15190|client:10.1.0.34:15189|dataStream:10.1.0.34:15192|priority:0|startupRole:FOLLOWER]|listeners:[], old=null, confs=<EMPTY_MAP>
2023-09-28 13:00:05,268 [1544e7f7-fd3f-4574-a78e-ef52e31146de-groupManagement] INFO  server.RaftServerConfigKeys (ConfUtils.java:logGet(46)) - raft.server.storage.dir = [/home/runner/work/ozone/ozone/hadoop-ozone/integration-test/target/test-dir/MiniOzoneClusterImpl-1398513c-1ad7-449a-9b84-f90cd6748766/datanode-0/data/ratis] (custom)
2023-09-28 13:00:05,269 [1544e7f7-fd3f-4574-a78e-ef52e31146de-groupManagement] INFO  server.RaftServerConfigKeys (ConfUtils.java:logGet(46)) - raft.server.log.corruption.policy = EXCEPTION (default)
2023-09-28 13:00:05,269 [1544e7f7-fd3f-4574-a78e-ef52e31146de-groupManagement] INFO  server.RaftServerConfigKeys (ConfUtils.java:logGet(46)) - raft.server.storage.free-space.min = 0MB (=0) (default)
2023-09-28 13:00:05,269 [1544e7f7-fd3f-4574-a78e-ef52e31146de-groupManagement] INFO  server.RaftServerConfigKeys (ConfUtils.java:logGet(46)) - raft.server.notification.no-leader.timeout = 300s (custom)
2023-09-28 13:00:05,269 [1544e7f7-fd3f-4574-a78e-ef52e31146de-groupManagement] INFO  server.RaftServerConfigKeys (ConfUtils.java:logGet(46)) - raft.server.read.timeout = 10s (default)
2023-09-28 13:00:05,269 [1544e7f7-fd3f-4574-a78e-ef52e31146de-groupManagement] INFO  server.RaftServerConfigKeys (ConfUtils.java:logGet(46)) - raft.server.retrycache.expirytime = 600000ms (custom)
2023-09-28 13:00:05,269 [1544e7f7-fd3f-4574-a78e-ef52e31146de-groupManagement] INFO  server.RaftServerConfigKeys (ConfUtils.java:logGet(46)) - raft.server.retrycache.statistics.expirytime = 100μs (default)
2023-09-28 13:00:05,270 [1544e7f7-fd3f-4574-a78e-ef52e31146de-groupManagement] INFO  server.RaftServerConfigKeys (ConfUtils.java:logGet(46)) - raft.server.read.option = DEFAULT (default)
2023-09-28 13:00:05,270 [1544e7f7-fd3f-4574-a78e-ef52e31146de-groupManagement] INFO  server.RaftServerConfigKeys (ConfUtils.java:logGet(46)) - raft.server.rpc.request.timeout = 60s (custom)
2023-09-28 13:00:05,270 [1544e7f7-fd3f-4574-a78e-ef52e31146de-groupManagement] INFO  server.RaftServerConfigKeys (ConfUtils.java:logGet(46)) - raft.server.log.appender.install.snapshot.enabled = false (custom)
2023-09-28 13:00:05,270 [1544e7f7-fd3f-4574-a78e-ef52e31146de-groupManagement] INFO  server.RaftServerConfigKeys (ConfUtils.java:logGet(46)) - raft.server.threadpool.server.cached = true (default)
2023-09-28 13:00:05,270 [1544e7f7-fd3f-4574-a78e-ef52e31146de-groupManagement] INFO  server.RaftServerConfigKeys (ConfUtils.java:logGet(46)) - raft.server.threadpool.server.size = 0 (default)
2023-09-28 13:00:05,270 [1544e7f7-fd3f-4574-a78e-ef52e31146de-groupManagement] INFO  server.RaftServerConfigKeys (ConfUtils.java:logGet(46)) - raft.server.threadpool.client.cached = true (default)
2023-09-28 13:00:05,270 [1544e7f7-fd3f-4574-a78e-ef52e31146de-groupManagement] INFO  server.RaftServerConfigKeys (ConfUtils.java:logGet(46)) - raft.server.threadpool.client.size = 0 (default)
2023-09-28 13:00:05,271 [1544e7f7-fd3f-4574-a78e-ef52e31146de-groupManagement] INFO  storage.RaftStorageDirectory (RaftStorageDirectoryImpl.java:analyzeStorage(137)) - The storage directory /home/runner/work/ozone/ozone/hadoop-ozone/integration-test/target/test-dir/MiniOzoneClusterImpl-1398513c-1ad7-449a-9b84-f90cd6748766/datanode-0/data/ratis/15af6b7f-a9ac-4296-9518-bb73178100e7 does not exist. Creating ...
2023-09-28 13:00:05,272 [1544e7f7-fd3f-4574-a78e-ef52e31146de-groupManagement] INFO  storage.RaftStorageDirectory (RaftStorageDirectoryImpl.java:tryLock(231)) - Lock on /home/runner/work/ozone/ozone/hadoop-ozone/integration-test/target/test-dir/MiniOzoneClusterImpl-1398513c-1ad7-449a-9b84-f90cd6748766/datanode-0/data/ratis/15af6b7f-a9ac-4296-9518-bb73178100e7/in_use.lock acquired by nodename 7568@fv-az163-431
2023-09-28 13:00:05,273 [1544e7f7-fd3f-4574-a78e-ef52e31146de-groupManagement] INFO  storage.RaftStorage (RaftStorageImpl.java:format(96)) - Storage directory /home/runner/work/ozone/ozone/hadoop-ozone/integration-test/target/test-dir/MiniOzoneClusterImpl-1398513c-1ad7-449a-9b84-f90cd6748766/datanode-0/data/ratis/15af6b7f-a9ac-4296-9518-bb73178100e7 has been successfully formatted.
2023-09-28 13:00:05,274 [1544e7f7-fd3f-4574-a78e-ef52e31146de-groupManagement] INFO  ratis.ContainerStateMachine (ContainerStateMachine.java:loadSnapshot(262)) - group-BB73178100E7: The snapshot info is null. Setting the last applied indexto:(t:0, i:~)
2023-09-28 13:00:05,274 [1544e7f7-fd3f-4574-a78e-ef52e31146de-groupManagement] INFO  server.RaftServerConfigKeys (ConfUtils.java:logGet(46)) - raft.server.log.use.memory = false (default)
2023-09-28 13:00:05,274 [1544e7f7-fd3f-4574-a78e-ef52e31146de-groupManagement] INFO  server.RaftServerConfigKeys (ConfUtils.java:logGet(46)) - raft.server.log.purge.gap = 1000000 (custom)
2023-09-28 13:00:05,274 [1544e7f7-fd3f-4574-a78e-ef52e31146de-groupManagement] INFO  server.RaftServerConfigKeys (ConfUtils.java:logGet(46)) - raft.server.log.appender.buffer.byte-limit = 33554432 (custom)
2023-09-28 13:00:05,274 [1544e7f7-fd3f-4574-a78e-ef52e31146de-groupManagement] INFO  server.RaftServerConfigKeys (ConfUtils.java:logGet(46)) - raft.server.log.statemachine.data.read.timeout = 1000ms (default)
2023-09-28 13:00:05,274 [1544e7f7-fd3f-4574-a78e-ef52e31146de-groupManagement] INFO  server.RaftServerConfigKeys (ConfUtils.java:logGet(46)) - raft.server.log.purge.preservation.log.num = 0 (default)
2023-09-28 13:00:05,274 [1544e7f7-fd3f-4574-a78e-ef52e31146de-groupManagement] INFO  server.RaftServerConfigKeys (ConfUtils.java:logGet(46)) - raft.server.log.segment.size.max = 1048576 (custom)
2023-09-28 13:00:05,275 [1544e7f7-fd3f-4574-a78e-ef52e31146de-groupManagement] INFO  server.RaftServerConfigKeys (ConfUtils.java:logGet(46)) - raft.server.log.segment.cache.num.max = 2 (custom)
2023-09-28 13:00:05,275 [1544e7f7-fd3f-4574-a78e-ef52e31146de-groupManagement] INFO  server.RaftServerConfigKeys (ConfUtils.java:logGet(46)) - raft.server.log.segment.cache.size.max = 200MB (=209715200) (default)
2023-09-28 13:00:05,275 [1544e7f7-fd3f-4574-a78e-ef52e31146de-groupManagement] INFO  server.RaftServerConfigKeys (ConfUtils.java:logGet(46)) - raft.server.log.appender.buffer.byte-limit = 33554432 (custom)
2023-09-28 13:00:05,275 [EventQueue-OpenPipelineForHealthyPipelineSafeModeRule] INFO  safemode.SCMSafeModeManager (HealthyPipelineSafeModeRule.java:process(137)) - SCM in safe mode. Healthy pipelines reported count is 0, required healthy pipeline reported count is 1
2023-09-28 13:00:05,275 [1544e7f7-fd3f-4574-a78e-ef52e31146de-groupManagement] INFO  segmented.SegmentedRaftLogWorker (SegmentedRaftLogWorker.java:<init>(188)) - new 1544e7f7-fd3f-4574-a78e-ef52e31146de@group-BB73178100E7-SegmentedRaftLogWorker for RaftStorageImpl:Storage Directory /home/runner/work/ozone/ozone/hadoop-ozone/integration-test/target/test-dir/MiniOzoneClusterImpl-1398513c-1ad7-449a-9b84-f90cd6748766/datanode-0/data/ratis/15af6b7f-a9ac-4296-9518-bb73178100e7
2023-09-28 13:00:05,275 [1544e7f7-fd3f-4574-a78e-ef52e31146de-groupManagement] INFO  server.RaftServerConfigKeys (ConfUtils.java:logGet(46)) - raft.server.log.queue.byte-limit = 4294967296 (custom)
2023-09-28 13:00:05,275 [1544e7f7-fd3f-4574-a78e-ef52e31146de-groupManagement] INFO  server.RaftServerConfigKeys (ConfUtils.java:logGet(46)) - raft.server.log.queue.element-limit = 1024 (custom)
2023-09-28 13:00:05,275 [1544e7f7-fd3f-4574-a78e-ef52e31146de-groupManagement] INFO  server.RaftServerConfigKeys (ConfUtils.java:logGet(46)) - raft.server.log.segment.size.max = 1048576 (custom)
2023-09-28 13:00:05,275 [1544e7f7-fd3f-4574-a78e-ef52e31146de-groupManagement] INFO  server.RaftServerConfigKeys (ConfUtils.java:logGet(46)) - raft.server.log.preallocated.size = 16384 (custom)
2023-09-28 13:00:05,275 [1544e7f7-fd3f-4574-a78e-ef52e31146de-groupManagement] INFO  server.RaftServerConfigKeys (ConfUtils.java:logGet(46)) - raft.server.log.force.sync.num = 128 (default)
2023-09-28 13:00:05,275 [1544e7f7-fd3f-4574-a78e-ef52e31146de-groupManagement] INFO  server.RaftServerConfigKeys (ConfUtils.java:logGet(46)) - raft.server.log.statemachine.data.sync = true (default)
2023-09-28 13:00:05,275 [1544e7f7-fd3f-4574-a78e-ef52e31146de-groupManagement] INFO  server.RaftServerConfigKeys (ConfUtils.java:logGet(46)) - raft.server.log.statemachine.data.sync.timeout = 10s (default)
2023-09-28 13:00:05,275 [1544e7f7-fd3f-4574-a78e-ef52e31146de-groupManagement] INFO  server.RaftServerConfigKeys (ConfUtils.java:logGet(46)) - raft.server.log.statemachine.data.sync.timeout.retry = -1 (default)
2023-09-28 13:00:05,276 [1544e7f7-fd3f-4574-a78e-ef52e31146de-groupManagement] INFO  server.RaftServerConfigKeys (ConfUtils.java:logGet(46)) - raft.server.log.write.buffer.size = 1048576 (custom)
2023-09-28 13:00:05,276 [1544e7f7-fd3f-4574-a78e-ef52e31146de-groupManagement] INFO  server.RaftServerConfigKeys (ConfUtils.java:logGet(46)) - raft.server.log.appender.buffer.byte-limit = 33554432 (custom)
2023-09-28 13:00:05,282 [1544e7f7-fd3f-4574-a78e-ef52e31146de-groupManagement] INFO  server.RaftServerConfigKeys (ConfUtils.java:logGet(46)) - raft.server.log.unsafe-flush.enabled = false (default)
2023-09-28 13:00:05,282 [1544e7f7-fd3f-4574-a78e-ef52e31146de-groupManagement] INFO  server.RaftServerConfigKeys (ConfUtils.java:logGet(46)) - raft.server.log.async-flush.enabled = false (default)
2023-09-28 13:00:05,282 [1544e7f7-fd3f-4574-a78e-ef52e31146de-groupManagement] INFO  server.RaftServerConfigKeys (ConfUtils.java:logGet(46)) - raft.server.log.statemachine.data.caching.enabled = true (custom)
2023-09-28 13:00:05,282 [1544e7f7-fd3f-4574-a78e-ef52e31146de-groupManagement] INFO  segmented.SegmentedRaftLogWorker (SegmentedRaftLogWorker.java:lambda$new$0(135)) - 1544e7f7-fd3f-4574-a78e-ef52e31146de@group-BB73178100E7-SegmentedRaftLogWorker: flushIndex: setUnconditionally 0 -> -1
2023-09-28 13:00:05,282 [1544e7f7-fd3f-4574-a78e-ef52e31146de-groupManagement] INFO  segmented.SegmentedRaftLogWorker (SegmentedRaftLogWorker.java:lambda$new$0(135)) - 1544e7f7-fd3f-4574-a78e-ef52e31146de@group-BB73178100E7-SegmentedRaftLogWorker: safeCacheEvictIndex: setUnconditionally 0 -> -1
2023-09-28 13:00:05,282 [1544e7f7-fd3f-4574-a78e-ef52e31146de-groupManagement] INFO  server.RaftServer$Division (RaftServerImpl.java:start(342)) - 1544e7f7-fd3f-4574-a78e-ef52e31146de@group-BB73178100E7: start as a follower, conf=-1: peers:[1544e7f7-fd3f-4574-a78e-ef52e31146de|rpc:10.1.0.34:15173|admin:10.1.0.34:15172|client:10.1.0.34:15171|dataStream:10.1.0.34:15174|priority:0|startupRole:FOLLOWER, 1f3e3681-2cc0-4f79-8587-08300d65d237|rpc:10.1.0.34:15182|admin:10.1.0.34:15181|client:10.1.0.34:15180|dataStream:10.1.0.34:15183|priority:1|startupRole:FOLLOWER, 2e0a77eb-074a-4a54-81ef-c7479b7c14e1|rpc:10.1.0.34:15191|admin:10.1.0.34:15190|client:10.1.0.34:15189|dataStream:10.1.0.34:15192|priority:0|startupRole:FOLLOWER]|listeners:[], old=null
2023-09-28 13:00:05,282 [1544e7f7-fd3f-4574-a78e-ef52e31146de-groupManagement] INFO  server.RaftServer$Division (RaftServerImpl.java:setRole(329)) - 1544e7f7-fd3f-4574-a78e-ef52e31146de@group-BB73178100E7: changes role from      null to FOLLOWER at term 0 for startAsFollower
2023-09-28 13:00:05,282 [1544e7f7-fd3f-4574-a78e-ef52e31146de-groupManagement] INFO  impl.RoleInfo (RoleInfo.java:updateAndGet(139)) - 1544e7f7-fd3f-4574-a78e-ef52e31146de: start 1544e7f7-fd3f-4574-a78e-ef52e31146de@group-BB73178100E7-FollowerState
2023-09-28 13:00:05,283 [1544e7f7-fd3f-4574-a78e-ef52e31146de-groupManagement] INFO  util.JmxRegister (JmxRegister.java:tryRegister(44)) - Successfully registered JMX Bean with object name Ratis:service=RaftServer,group=group-BB73178100E7,id=1544e7f7-fd3f-4574-a78e-ef52e31146de
2023-09-28 13:00:05,283 [1544e7f7-fd3f-4574-a78e-ef52e31146de@group-BB73178100E7-FollowerState] INFO  server.RaftServerConfigKeys (ConfUtils.java:logFallback(53)) - raft.server.rpc.first-election.timeout.min = 5s (fallback to raft.server.rpc.timeout.min)
2023-09-28 13:00:05,283 [1544e7f7-fd3f-4574-a78e-ef52e31146de-groupManagement] INFO  server.RaftServerConfigKeys (ConfUtils.java:logGet(46)) - raft.server.snapshot.auto.trigger.enabled = true (custom)
2023-09-28 13:00:05,283 [1544e7f7-fd3f-4574-a78e-ef52e31146de@group-BB73178100E7-FollowerState] INFO  server.RaftServerConfigKeys (ConfUtils.java:logFallback(53)) - raft.server.rpc.first-election.timeout.max = 5200ms (fallback to raft.server.rpc.timeout.max)
2023-09-28 13:00:05,283 [1544e7f7-fd3f-4574-a78e-ef52e31146de-groupManagement] INFO  server.RaftServerConfigKeys (ConfUtils.java:logGet(46)) - raft.server.snapshot.auto.trigger.threshold = 10000 (custom)
2023-09-28 13:00:05,283 [1544e7f7-fd3f-4574-a78e-ef52e31146de-groupManagement] INFO  server.RaftServerConfigKeys (ConfUtils.java:logGet(46)) - raft.server.snapshot.retention.file.num = 5 (custom)
2023-09-28 13:00:05,283 [1544e7f7-fd3f-4574-a78e-ef52e31146de-groupManagement] INFO  server.RaftServerConfigKeys (ConfUtils.java:logGet(46)) - raft.server.log.purge.upto.snapshot.index = false (default)
2023-09-28 13:00:05,284 [PipelineCommandHandlerThread-0] INFO  ratis.XceiverServerRatis (XceiverServerRatis.java:addGroup(804)) - Created group PipelineID=15af6b7f-a9ac-4296-9518-bb73178100e7
2023-09-28 13:00:05,307 [grpc-default-executor-0] INFO  server.RaftServer (RaftServerProxy.java:addNew(98)) - 1f3e3681-2cc0-4f79-8587-08300d65d237: addNew group-BB73178100E7:[1544e7f7-fd3f-4574-a78e-ef52e31146de|rpc:10.1.0.34:15173|admin:10.1.0.34:15172|client:10.1.0.34:15171|dataStream:10.1.0.34:15174|priority:0|startupRole:FOLLOWER, 1f3e3681-2cc0-4f79-8587-08300d65d237|rpc:10.1.0.34:15182|admin:10.1.0.34:15181|client:10.1.0.34:15180|dataStream:10.1.0.34:15183|priority:1|startupRole:FOLLOWER, 2e0a77eb-074a-4a54-81ef-c7479b7c14e1|rpc:10.1.0.34:15191|admin:10.1.0.34:15190|client:10.1.0.34:15189|dataStream:10.1.0.34:15192|priority:0|startupRole:FOLLOWER] returns group-BB73178100E7:java.util.concurrent.CompletableFuture@1ea952e9[Not completed]
2023-09-28 13:00:05,309 [1f3e3681-2cc0-4f79-8587-08300d65d237-groupManagement] INFO  server.RaftServer$Division (RaftServerImpl.java:<init>(198)) - 1f3e3681-2cc0-4f79-8587-08300d65d237: new RaftServerImpl for group-BB73178100E7:[1544e7f7-fd3f-4574-a78e-ef52e31146de|rpc:10.1.0.34:15173|admin:10.1.0.34:15172|client:10.1.0.34:15171|dataStream:10.1.0.34:15174|priority:0|startupRole:FOLLOWER, 1f3e3681-2cc0-4f79-8587-08300d65d237|rpc:10.1.0.34:15182|admin:10.1.0.34:15181|client:10.1.0.34:15180|dataStream:10.1.0.34:15183|priority:1|startupRole:FOLLOWER, 2e0a77eb-074a-4a54-81ef-c7479b7c14e1|rpc:10.1.0.34:15191|admin:10.1.0.34:15190|client:10.1.0.34:15189|dataStream:10.1.0.34:15192|priority:0|startupRole:FOLLOWER] with ContainerStateMachine:uninitialized
2023-09-28 13:00:05,309 [1f3e3681-2cc0-4f79-8587-08300d65d237-groupManagement] INFO  server.RaftServerConfigKeys (ConfUtils.java:logGet(46)) - raft.server.rpc.timeout.min = 5s (custom)
2023-09-28 13:00:05,309 [1f3e3681-2cc0-4f79-8587-08300d65d237-groupManagement] INFO  server.RaftServerConfigKeys (ConfUtils.java:logGet(46)) - raft.server.rpc.timeout.max = 5200ms (custom)
2023-09-28 13:00:05,309 [1f3e3681-2cc0-4f79-8587-08300d65d237-groupManagement] INFO  server.RaftServerConfigKeys (ConfUtils.java:logGet(46)) - raft.server.rpc.sleep.time = 25ms (default)
2023-09-28 13:00:05,309 [1f3e3681-2cc0-4f79-8587-08300d65d237-groupManagement] INFO  server.RaftServerConfigKeys (ConfUtils.java:logGet(46)) - raft.server.rpc.slowness.timeout = 300s (custom)
2023-09-28 13:00:05,309 [1f3e3681-2cc0-4f79-8587-08300d65d237-groupManagement] INFO  server.RaftServerConfigKeys (ConfUtils.java:logGet(46)) - raft.server.leaderelection.leader.step-down.wait-time = 10s (default)
2023-09-28 13:00:05,309 [1f3e3681-2cc0-4f79-8587-08300d65d237-groupManagement] INFO  server.RaftServerConfigKeys (ConfUtils.java:logGet(46)) - raft.server.sleep.deviation.threshold = 300ms (default)
2023-09-28 13:00:05,309 [1f3e3681-2cc0-4f79-8587-08300d65d237-groupManagement] INFO  server.RaftServer$Division (ServerState.java:<init>(120)) - 1f3e3681-2cc0-4f79-8587-08300d65d237@group-BB73178100E7: ConfigurationManager, init=-1: peers:[1544e7f7-fd3f-4574-a78e-ef52e31146de|rpc:10.1.0.34:15173|admin:10.1.0.34:15172|client:10.1.0.34:15171|dataStream:10.1.0.34:15174|priority:0|startupRole:FOLLOWER, 1f3e3681-2cc0-4f79-8587-08300d65d237|rpc:10.1.0.34:15182|admin:10.1.0.34:15181|client:10.1.0.34:15180|dataStream:10.1.0.34:15183|priority:1|startupRole:FOLLOWER, 2e0a77eb-074a-4a54-81ef-c7479b7c14e1|rpc:10.1.0.34:15191|admin:10.1.0.34:15190|client:10.1.0.34:15189|dataStream:10.1.0.34:15192|priority:0|startupRole:FOLLOWER]|listeners:[], old=null, confs=<EMPTY_MAP>
2023-09-28 13:00:05,310 [1f3e3681-2cc0-4f79-8587-08300d65d237-groupManagement] INFO  server.RaftServerConfigKeys (ConfUtils.java:logGet(46)) - raft.server.storage.dir = [/home/runner/work/ozone/ozone/hadoop-ozone/integration-test/target/test-dir/MiniOzoneClusterImpl-1398513c-1ad7-449a-9b84-f90cd6748766/datanode-1/data/ratis] (custom)
2023-09-28 13:00:05,310 [1f3e3681-2cc0-4f79-8587-08300d65d237-groupManagement] INFO  server.RaftServerConfigKeys (ConfUtils.java:logGet(46)) - raft.server.log.corruption.policy = EXCEPTION (default)
2023-09-28 13:00:05,310 [1f3e3681-2cc0-4f79-8587-08300d65d237-groupManagement] INFO  server.RaftServerConfigKeys (ConfUtils.java:logGet(46)) - raft.server.storage.free-space.min = 0MB (=0) (default)
2023-09-28 13:00:05,310 [1f3e3681-2cc0-4f79-8587-08300d65d237-groupManagement] INFO  server.RaftServerConfigKeys (ConfUtils.java:logGet(46)) - raft.server.notification.no-leader.timeout = 300s (custom)
2023-09-28 13:00:05,310 [1f3e3681-2cc0-4f79-8587-08300d65d237-groupManagement] INFO  server.RaftServerConfigKeys (ConfUtils.java:logGet(46)) - raft.server.read.timeout = 10s (default)
2023-09-28 13:00:05,310 [1f3e3681-2cc0-4f79-8587-08300d65d237-groupManagement] INFO  server.RaftServerConfigKeys (ConfUtils.java:logGet(46)) - raft.server.retrycache.expirytime = 600000ms (custom)
2023-09-28 13:00:05,310 [1f3e3681-2cc0-4f79-8587-08300d65d237-groupManagement] INFO  server.RaftServerConfigKeys (ConfUtils.java:logGet(46)) - raft.server.retrycache.statistics.expirytime = 100μs (default)
2023-09-28 13:00:05,310 [1f3e3681-2cc0-4f79-8587-08300d65d237-groupManagement] INFO  server.RaftServerConfigKeys (ConfUtils.java:logGet(46)) - raft.server.read.option = DEFAULT (default)
2023-09-28 13:00:05,311 [1f3e3681-2cc0-4f79-8587-08300d65d237-groupManagement] INFO  server.RaftServerConfigKeys (ConfUtils.java:logGet(46)) - raft.server.rpc.request.timeout = 60s (custom)
2023-09-28 13:00:05,311 [1f3e3681-2cc0-4f79-8587-08300d65d237-groupManagement] INFO  server.RaftServerConfigKeys (ConfUtils.java:logGet(46)) - raft.server.log.appender.install.snapshot.enabled = false (custom)
2023-09-28 13:00:05,311 [1f3e3681-2cc0-4f79-8587-08300d65d237-groupManagement] INFO  server.RaftServerConfigKeys (ConfUtils.java:logGet(46)) - raft.server.threadpool.server.cached = true (default)
2023-09-28 13:00:05,311 [1f3e3681-2cc0-4f79-8587-08300d65d237-groupManagement] INFO  server.RaftServerConfigKeys (ConfUtils.java:logGet(46)) - raft.server.threadpool.server.size = 0 (default)
2023-09-28 13:00:05,311 [1f3e3681-2cc0-4f79-8587-08300d65d237-groupManagement] INFO  server.RaftServerConfigKeys (ConfUtils.java:logGet(46)) - raft.server.threadpool.client.cached = true (default)
2023-09-28 13:00:05,311 [1f3e3681-2cc0-4f79-8587-08300d65d237-groupManagement] INFO  server.RaftServerConfigKeys (ConfUtils.java:logGet(46)) - raft.server.threadpool.client.size = 0 (default)
2023-09-28 13:00:05,311 [1f3e3681-2cc0-4f79-8587-08300d65d237-groupManagement] INFO  storage.RaftStorageDirectory (RaftStorageDirectoryImpl.java:analyzeStorage(137)) - The storage directory /home/runner/work/ozone/ozone/hadoop-ozone/integration-test/target/test-dir/MiniOzoneClusterImpl-1398513c-1ad7-449a-9b84-f90cd6748766/datanode-1/data/ratis/15af6b7f-a9ac-4296-9518-bb73178100e7 does not exist. Creating ...
2023-09-28 13:00:05,313 [1f3e3681-2cc0-4f79-8587-08300d65d237-groupManagement] INFO  storage.RaftStorageDirectory (RaftStorageDirectoryImpl.java:tryLock(231)) - Lock on /home/runner/work/ozone/ozone/hadoop-ozone/integration-test/target/test-dir/MiniOzoneClusterImpl-1398513c-1ad7-449a-9b84-f90cd6748766/datanode-1/data/ratis/15af6b7f-a9ac-4296-9518-bb73178100e7/in_use.lock acquired by nodename 7568@fv-az163-431
2023-09-28 13:00:05,315 [1f3e3681-2cc0-4f79-8587-08300d65d237-groupManagement] INFO  storage.RaftStorage (RaftStorageImpl.java:format(96)) - Storage directory /home/runner/work/ozone/ozone/hadoop-ozone/integration-test/target/test-dir/MiniOzoneClusterImpl-1398513c-1ad7-449a-9b84-f90cd6748766/datanode-1/data/ratis/15af6b7f-a9ac-4296-9518-bb73178100e7 has been successfully formatted.
2023-09-28 13:00:05,316 [1f3e3681-2cc0-4f79-8587-08300d65d237-groupManagement] INFO  ratis.ContainerStateMachine (ContainerStateMachine.java:loadSnapshot(262)) - group-BB73178100E7: The snapshot info is null. Setting the last applied indexto:(t:0, i:~)
2023-09-28 13:00:05,316 [1f3e3681-2cc0-4f79-8587-08300d65d237-groupManagement] INFO  server.RaftServerConfigKeys (ConfUtils.java:logGet(46)) - raft.server.log.use.memory = false (default)
2023-09-28 13:00:05,317 [1f3e3681-2cc0-4f79-8587-08300d65d237-groupManagement] INFO  server.RaftServerConfigKeys (ConfUtils.java:logGet(46)) - raft.server.log.purge.gap = 1000000 (custom)
2023-09-28 13:00:05,317 [1f3e3681-2cc0-4f79-8587-08300d65d237-groupManagement] INFO  server.RaftServerConfigKeys (ConfUtils.java:logGet(46)) - raft.server.log.appender.buffer.byte-limit = 33554432 (custom)
2023-09-28 13:00:05,317 [1f3e3681-2cc0-4f79-8587-08300d65d237-groupManagement] INFO  server.RaftServerConfigKeys (ConfUtils.java:logGet(46)) - raft.server.log.statemachine.data.read.timeout = 1000ms (default)
2023-09-28 13:00:05,317 [1f3e3681-2cc0-4f79-8587-08300d65d237-groupManagement] INFO  server.RaftServerConfigKeys (ConfUtils.java:logGet(46)) - raft.server.log.purge.preservation.log.num = 0 (default)
2023-09-28 13:00:05,317 [1f3e3681-2cc0-4f79-8587-08300d65d237-groupManagement] INFO  server.RaftServerConfigKeys (ConfUtils.java:logGet(46)) - raft.server.log.segment.size.max = 1048576 (custom)
2023-09-28 13:00:05,317 [1f3e3681-2cc0-4f79-8587-08300d65d237-groupManagement] INFO  server.RaftServerConfigKeys (ConfUtils.java:logGet(46)) - raft.server.log.segment.cache.num.max = 2 (custom)
2023-09-28 13:00:05,317 [1f3e3681-2cc0-4f79-8587-08300d65d237-groupManagement] INFO  server.RaftServerConfigKeys (ConfUtils.java:logGet(46)) - raft.server.log.segment.cache.size.max = 200MB (=209715200) (default)
2023-09-28 13:00:05,317 [1f3e3681-2cc0-4f79-8587-08300d65d237-groupManagement] INFO  server.RaftServerConfigKeys (ConfUtils.java:logGet(46)) - raft.server.log.appender.buffer.byte-limit = 33554432 (custom)
2023-09-28 13:00:05,317 [1f3e3681-2cc0-4f79-8587-08300d65d237-groupManagement] INFO  segmented.SegmentedRaftLogWorker (SegmentedRaftLogWorker.java:<init>(188)) - new 1f3e3681-2cc0-4f79-8587-08300d65d237@group-BB73178100E7-SegmentedRaftLogWorker for RaftStorageImpl:Storage Directory /home/runner/work/ozone/ozone/hadoop-ozone/integration-test/target/test-dir/MiniOzoneClusterImpl-1398513c-1ad7-449a-9b84-f90cd6748766/datanode-1/data/ratis/15af6b7f-a9ac-4296-9518-bb73178100e7
2023-09-28 13:00:05,317 [1f3e3681-2cc0-4f79-8587-08300d65d237-groupManagement] INFO  server.RaftServerConfigKeys (ConfUtils.java:logGet(46)) - raft.server.log.queue.byte-limit = 4294967296 (custom)
2023-09-28 13:00:05,318 [1f3e3681-2cc0-4f79-8587-08300d65d237-groupManagement] INFO  server.RaftServerConfigKeys (ConfUtils.java:logGet(46)) - raft.server.log.queue.element-limit = 1024 (custom)
2023-09-28 13:00:05,318 [1f3e3681-2cc0-4f79-8587-08300d65d237-groupManagement] INFO  server.RaftServerConfigKeys (ConfUtils.java:logGet(46)) - raft.server.log.segment.size.max = 1048576 (custom)
2023-09-28 13:00:05,318 [1f3e3681-2cc0-4f79-8587-08300d65d237-groupManagement] INFO  server.RaftServerConfigKeys (ConfUtils.java:logGet(46)) - raft.server.log.preallocated.size = 16384 (custom)
2023-09-28 13:00:05,318 [1f3e3681-2cc0-4f79-8587-08300d65d237-groupManagement] INFO  server.RaftServerConfigKeys (ConfUtils.java:logGet(46)) - raft.server.log.force.sync.num = 128 (default)
2023-09-28 13:00:05,318 [1f3e3681-2cc0-4f79-8587-08300d65d237-groupManagement] INFO  server.RaftServerConfigKeys (ConfUtils.java:logGet(46)) - raft.server.log.statemachine.data.sync = true (default)
2023-09-28 13:00:05,318 [1f3e3681-2cc0-4f79-8587-08300d65d237-groupManagement] INFO  server.RaftServerConfigKeys (ConfUtils.java:logGet(46)) - raft.server.log.statemachine.data.sync.timeout = 10s (default)
2023-09-28 13:00:05,318 [1f3e3681-2cc0-4f79-8587-08300d65d237-groupManagement] INFO  server.RaftServerConfigKeys (ConfUtils.java:logGet(46)) - raft.server.log.statemachine.data.sync.timeout.retry = -1 (default)
2023-09-28 13:00:05,320 [1f3e3681-2cc0-4f79-8587-08300d65d237-groupManagement] INFO  server.RaftServerConfigKeys (ConfUtils.java:logGet(46)) - raft.server.log.write.buffer.size = 1048576 (custom)
2023-09-28 13:00:05,321 [1f3e3681-2cc0-4f79-8587-08300d65d237-groupManagement] INFO  server.RaftServerConfigKeys (ConfUtils.java:logGet(46)) - raft.server.log.appender.buffer.byte-limit = 33554432 (custom)
2023-09-28 13:00:05,326 [1f3e3681-2cc0-4f79-8587-08300d65d237-groupManagement] INFO  server.RaftServerConfigKeys (ConfUtils.java:logGet(46)) - raft.server.log.unsafe-flush.enabled = false (default)
2023-09-28 13:00:05,326 [1f3e3681-2cc0-4f79-8587-08300d65d237-groupManagement] INFO  server.RaftServerConfigKeys (ConfUtils.java:logGet(46)) - raft.server.log.async-flush.enabled = false (default)
2023-09-28 13:00:05,326 [1f3e3681-2cc0-4f79-8587-08300d65d237-groupManagement] INFO  server.RaftServerConfigKeys (ConfUtils.java:logGet(46)) - raft.server.log.statemachine.data.caching.enabled = true (custom)
2023-09-28 13:00:05,326 [1f3e3681-2cc0-4f79-8587-08300d65d237-groupManagement] INFO  segmented.SegmentedRaftLogWorker (SegmentedRaftLogWorker.java:lambda$new$0(135)) - 1f3e3681-2cc0-4f79-8587-08300d65d237@group-BB73178100E7-SegmentedRaftLogWorker: flushIndex: setUnconditionally 0 -> -1
2023-09-28 13:00:05,326 [1f3e3681-2cc0-4f79-8587-08300d65d237-groupManagement] INFO  segmented.SegmentedRaftLogWorker (SegmentedRaftLogWorker.java:lambda$new$0(135)) - 1f3e3681-2cc0-4f79-8587-08300d65d237@group-BB73178100E7-SegmentedRaftLogWorker: safeCacheEvictIndex: setUnconditionally 0 -> -1
2023-09-28 13:00:05,327 [1f3e3681-2cc0-4f79-8587-08300d65d237-groupManagement] INFO  server.RaftServer$Division (RaftServerImpl.java:start(342)) - 1f3e3681-2cc0-4f79-8587-08300d65d237@group-BB73178100E7: start as a follower, conf=-1: peers:[1544e7f7-fd3f-4574-a78e-ef52e31146de|rpc:10.1.0.34:15173|admin:10.1.0.34:15172|client:10.1.0.34:15171|dataStream:10.1.0.34:15174|priority:0|startupRole:FOLLOWER, 1f3e3681-2cc0-4f79-8587-08300d65d237|rpc:10.1.0.34:15182|admin:10.1.0.34:15181|client:10.1.0.34:15180|dataStream:10.1.0.34:15183|priority:1|startupRole:FOLLOWER, 2e0a77eb-074a-4a54-81ef-c7479b7c14e1|rpc:10.1.0.34:15191|admin:10.1.0.34:15190|client:10.1.0.34:15189|dataStream:10.1.0.34:15192|priority:0|startupRole:FOLLOWER]|listeners:[], old=null
2023-09-28 13:00:05,327 [1f3e3681-2cc0-4f79-8587-08300d65d237-groupManagement] INFO  server.RaftServer$Division (RaftServerImpl.java:setRole(329)) - 1f3e3681-2cc0-4f79-8587-08300d65d237@group-BB73178100E7: changes role from      null to FOLLOWER at term 0 for startAsFollower
2023-09-28 13:00:05,327 [1f3e3681-2cc0-4f79-8587-08300d65d237-groupManagement] INFO  impl.RoleInfo (RoleInfo.java:updateAndGet(139)) - 1f3e3681-2cc0-4f79-8587-08300d65d237: start 1f3e3681-2cc0-4f79-8587-08300d65d237@group-BB73178100E7-FollowerState
2023-09-28 13:00:05,327 [1f3e3681-2cc0-4f79-8587-08300d65d237-groupManagement] INFO  util.JmxRegister (JmxRegister.java:tryRegister(44)) - Successfully registered JMX Bean with object name Ratis:service=RaftServer,group=group-BB73178100E7,id=1f3e3681-2cc0-4f79-8587-08300d65d237
2023-09-28 13:00:05,327 [1f3e3681-2cc0-4f79-8587-08300d65d237-groupManagement] INFO  server.RaftServerConfigKeys (ConfUtils.java:logGet(46)) - raft.server.snapshot.auto.trigger.enabled = true (custom)
2023-09-28 13:00:05,327 [1f3e3681-2cc0-4f79-8587-08300d65d237-groupManagement] INFO  server.RaftServerConfigKeys (ConfUtils.java:logGet(46)) - raft.server.snapshot.auto.trigger.threshold = 10000 (custom)
2023-09-28 13:00:05,327 [1f3e3681-2cc0-4f79-8587-08300d65d237-groupManagement] INFO  server.RaftServerConfigKeys (ConfUtils.java:logGet(46)) - raft.server.snapshot.retention.file.num = 5 (custom)
2023-09-28 13:00:05,327 [1f3e3681-2cc0-4f79-8587-08300d65d237-groupManagement] INFO  server.RaftServerConfigKeys (ConfUtils.java:logGet(46)) - raft.server.log.purge.upto.snapshot.index = false (default)
2023-09-28 13:00:05,328 [1f3e3681-2cc0-4f79-8587-08300d65d237@group-BB73178100E7-FollowerState] INFO  server.RaftServerConfigKeys (ConfUtils.java:logFallback(53)) - raft.server.rpc.first-election.timeout.min = 5s (fallback to raft.server.rpc.timeout.min)
2023-09-28 13:00:05,328 [1f3e3681-2cc0-4f79-8587-08300d65d237@group-BB73178100E7-FollowerState] INFO  server.RaftServerConfigKeys (ConfUtils.java:logFallback(53)) - raft.server.rpc.first-election.timeout.max = 5200ms (fallback to raft.server.rpc.timeout.max)
2023-09-28 13:00:05,355 [grpc-default-executor-0] INFO  server.RaftServer (RaftServerProxy.java:addNew(98)) - 2e0a77eb-074a-4a54-81ef-c7479b7c14e1: addNew group-BB73178100E7:[1544e7f7-fd3f-4574-a78e-ef52e31146de|rpc:10.1.0.34:15173|admin:10.1.0.34:15172|client:10.1.0.34:15171|dataStream:10.1.0.34:15174|priority:0|startupRole:FOLLOWER, 1f3e3681-2cc0-4f79-8587-08300d65d237|rpc:10.1.0.34:15182|admin:10.1.0.34:15181|client:10.1.0.34:15180|dataStream:10.1.0.34:15183|priority:1|startupRole:FOLLOWER, 2e0a77eb-074a-4a54-81ef-c7479b7c14e1|rpc:10.1.0.34:15191|admin:10.1.0.34:15190|client:10.1.0.34:15189|dataStream:10.1.0.34:15192|priority:0|startupRole:FOLLOWER] returns group-BB73178100E7:java.util.concurrent.CompletableFuture@258248d7[Not completed]
2023-09-28 13:00:05,356 [2e0a77eb-074a-4a54-81ef-c7479b7c14e1-groupManagement] INFO  server.RaftServer$Division (RaftServerImpl.java:<init>(198)) - 2e0a77eb-074a-4a54-81ef-c7479b7c14e1: new RaftServerImpl for group-BB73178100E7:[1544e7f7-fd3f-4574-a78e-ef52e31146de|rpc:10.1.0.34:15173|admin:10.1.0.34:15172|client:10.1.0.34:15171|dataStream:10.1.0.34:15174|priority:0|startupRole:FOLLOWER, 1f3e3681-2cc0-4f79-8587-08300d65d237|rpc:10.1.0.34:15182|admin:10.1.0.34:15181|client:10.1.0.34:15180|dataStream:10.1.0.34:15183|priority:1|startupRole:FOLLOWER, 2e0a77eb-074a-4a54-81ef-c7479b7c14e1|rpc:10.1.0.34:15191|admin:10.1.0.34:15190|client:10.1.0.34:15189|dataStream:10.1.0.34:15192|priority:0|startupRole:FOLLOWER] with ContainerStateMachine:uninitialized
2023-09-28 13:00:05,356 [2e0a77eb-074a-4a54-81ef-c7479b7c14e1-groupManagement] INFO  server.RaftServerConfigKeys (ConfUtils.java:logGet(46)) - raft.server.rpc.timeout.min = 5s (custom)
2023-09-28 13:00:05,356 [2e0a77eb-074a-4a54-81ef-c7479b7c14e1-groupManagement] INFO  server.RaftServerConfigKeys (ConfUtils.java:logGet(46)) - raft.server.rpc.timeout.max = 5200ms (custom)
2023-09-28 13:00:05,356 [2e0a77eb-074a-4a54-81ef-c7479b7c14e1-groupManagement] INFO  server.RaftServerConfigKeys (ConfUtils.java:logGet(46)) - raft.server.rpc.sleep.time = 25ms (default)
2023-09-28 13:00:05,356 [2e0a77eb-074a-4a54-81ef-c7479b7c14e1-groupManagement] INFO  server.RaftServerConfigKeys (ConfUtils.java:logGet(46)) - raft.server.rpc.slowness.timeout = 300s (custom)
2023-09-28 13:00:05,356 [2e0a77eb-074a-4a54-81ef-c7479b7c14e1-groupManagement] INFO  server.RaftServerConfigKeys (ConfUtils.java:logGet(46)) - raft.server.leaderelection.leader.step-down.wait-time = 10s (default)
2023-09-28 13:00:05,356 [2e0a77eb-074a-4a54-81ef-c7479b7c14e1-groupManagement] INFO  server.RaftServerConfigKeys (ConfUtils.java:logGet(46)) - raft.server.sleep.deviation.threshold = 300ms (default)
2023-09-28 13:00:05,356 [2e0a77eb-074a-4a54-81ef-c7479b7c14e1-groupManagement] INFO  server.RaftServer$Division (ServerState.java:<init>(120)) - 2e0a77eb-074a-4a54-81ef-c7479b7c14e1@group-BB73178100E7: ConfigurationManager, init=-1: peers:[1544e7f7-fd3f-4574-a78e-ef52e31146de|rpc:10.1.0.34:15173|admin:10.1.0.34:15172|client:10.1.0.34:15171|dataStream:10.1.0.34:15174|priority:0|startupRole:FOLLOWER, 1f3e3681-2cc0-4f79-8587-08300d65d237|rpc:10.1.0.34:15182|admin:10.1.0.34:15181|client:10.1.0.34:15180|dataStream:10.1.0.34:15183|priority:1|startupRole:FOLLOWER, 2e0a77eb-074a-4a54-81ef-c7479b7c14e1|rpc:10.1.0.34:15191|admin:10.1.0.34:15190|client:10.1.0.34:15189|dataStream:10.1.0.34:15192|priority:0|startupRole:FOLLOWER]|listeners:[], old=null, confs=<EMPTY_MAP>
2023-09-28 13:00:05,356 [2e0a77eb-074a-4a54-81ef-c7479b7c14e1-groupManagement] INFO  server.RaftServerConfigKeys (ConfUtils.java:logGet(46)) - raft.server.storage.dir = [/home/runner/work/ozone/ozone/hadoop-ozone/integration-test/target/test-dir/MiniOzoneClusterImpl-1398513c-1ad7-449a-9b84-f90cd6748766/datanode-2/data/ratis] (custom)
2023-09-28 13:00:05,357 [2e0a77eb-074a-4a54-81ef-c7479b7c14e1-groupManagement] INFO  server.RaftServerConfigKeys (ConfUtils.java:logGet(46)) - raft.server.log.corruption.policy = EXCEPTION (default)
2023-09-28 13:00:05,357 [2e0a77eb-074a-4a54-81ef-c7479b7c14e1-groupManagement] INFO  server.RaftServerConfigKeys (ConfUtils.java:logGet(46)) - raft.server.storage.free-space.min = 0MB (=0) (default)
2023-09-28 13:00:05,357 [2e0a77eb-074a-4a54-81ef-c7479b7c14e1-groupManagement] INFO  server.RaftServerConfigKeys (ConfUtils.java:logGet(46)) - raft.server.notification.no-leader.timeout = 300s (custom)
2023-09-28 13:00:05,357 [2e0a77eb-074a-4a54-81ef-c7479b7c14e1-groupManagement] INFO  server.RaftServerConfigKeys (ConfUtils.java:logGet(46)) - raft.server.read.timeout = 10s (default)
2023-09-28 13:00:05,357 [2e0a77eb-074a-4a54-81ef-c7479b7c14e1-groupManagement] INFO  server.RaftServerConfigKeys (ConfUtils.java:logGet(46)) - raft.server.retrycache.expirytime = 600000ms (custom)
2023-09-28 13:00:05,357 [2e0a77eb-074a-4a54-81ef-c7479b7c14e1-groupManagement] INFO  server.RaftServerConfigKeys (ConfUtils.java:logGet(46)) - raft.server.retrycache.statistics.expirytime = 100μs (default)
2023-09-28 13:00:05,357 [2e0a77eb-074a-4a54-81ef-c7479b7c14e1-groupManagement] INFO  server.RaftServerConfigKeys (ConfUtils.java:logGet(46)) - raft.server.read.option = DEFAULT (default)
2023-09-28 13:00:05,358 [2e0a77eb-074a-4a54-81ef-c7479b7c14e1-groupManagement] INFO  server.RaftServerConfigKeys (ConfUtils.java:logGet(46)) - raft.server.rpc.request.timeout = 60s (custom)
2023-09-28 13:00:05,358 [2e0a77eb-074a-4a54-81ef-c7479b7c14e1-groupManagement] INFO  server.RaftServerConfigKeys (ConfUtils.java:logGet(46)) - raft.server.log.appender.install.snapshot.enabled = false (custom)
2023-09-28 13:00:05,358 [2e0a77eb-074a-4a54-81ef-c7479b7c14e1-groupManagement] INFO  server.RaftServerConfigKeys (ConfUtils.java:logGet(46)) - raft.server.threadpool.server.cached = true (default)
2023-09-28 13:00:05,358 [2e0a77eb-074a-4a54-81ef-c7479b7c14e1-groupManagement] INFO  server.RaftServerConfigKeys (ConfUtils.java:logGet(46)) - raft.server.threadpool.server.size = 0 (default)
2023-09-28 13:00:05,358 [2e0a77eb-074a-4a54-81ef-c7479b7c14e1-groupManagement] INFO  server.RaftServerConfigKeys (ConfUtils.java:logGet(46)) - raft.server.threadpool.client.cached = true (default)
2023-09-28 13:00:05,358 [2e0a77eb-074a-4a54-81ef-c7479b7c14e1-groupManagement] INFO  server.RaftServerConfigKeys (ConfUtils.java:logGet(46)) - raft.server.threadpool.client.size = 0 (default)
2023-09-28 13:00:05,358 [2e0a77eb-074a-4a54-81ef-c7479b7c14e1-groupManagement] INFO  storage.RaftStorageDirectory (RaftStorageDirectoryImpl.java:analyzeStorage(137)) - The storage directory /home/runner/work/ozone/ozone/hadoop-ozone/integration-test/target/test-dir/MiniOzoneClusterImpl-1398513c-1ad7-449a-9b84-f90cd6748766/datanode-2/data/ratis/15af6b7f-a9ac-4296-9518-bb73178100e7 does not exist. Creating ...
2023-09-28 13:00:05,360 [2e0a77eb-074a-4a54-81ef-c7479b7c14e1-groupManagement] INFO  storage.RaftStorageDirectory (RaftStorageDirectoryImpl.java:tryLock(231)) - Lock on /home/runner/work/ozone/ozone/hadoop-ozone/integration-test/target/test-dir/MiniOzoneClusterImpl-1398513c-1ad7-449a-9b84-f90cd6748766/datanode-2/data/ratis/15af6b7f-a9ac-4296-9518-bb73178100e7/in_use.lock acquired by nodename 7568@fv-az163-431
2023-09-28 13:00:05,362 [2e0a77eb-074a-4a54-81ef-c7479b7c14e1-groupManagement] INFO  storage.RaftStorage (RaftStorageImpl.java:format(96)) - Storage directory /home/runner/work/ozone/ozone/hadoop-ozone/integration-test/target/test-dir/MiniOzoneClusterImpl-1398513c-1ad7-449a-9b84-f90cd6748766/datanode-2/data/ratis/15af6b7f-a9ac-4296-9518-bb73178100e7 has been successfully formatted.
2023-09-28 13:00:05,364 [2e0a77eb-074a-4a54-81ef-c7479b7c14e1-groupManagement] INFO  ratis.ContainerStateMachine (ContainerStateMachine.java:loadSnapshot(262)) - group-BB73178100E7: The snapshot info is null. Setting the last applied indexto:(t:0, i:~)
2023-09-28 13:00:05,364 [2e0a77eb-074a-4a54-81ef-c7479b7c14e1-groupManagement] INFO  server.RaftServerConfigKeys (ConfUtils.java:logGet(46)) - raft.server.log.use.memory = false (default)
2023-09-28 13:00:05,365 [2e0a77eb-074a-4a54-81ef-c7479b7c14e1-groupManagement] INFO  server.RaftServerConfigKeys (ConfUtils.java:logGet(46)) - raft.server.log.purge.gap = 1000000 (custom)
2023-09-28 13:00:05,365 [2e0a77eb-074a-4a54-81ef-c7479b7c14e1-groupManagement] INFO  server.RaftServerConfigKeys (ConfUtils.java:logGet(46)) - raft.server.log.appender.buffer.byte-limit = 33554432 (custom)
2023-09-28 13:00:05,365 [2e0a77eb-074a-4a54-81ef-c7479b7c14e1-groupManagement] INFO  server.RaftServerConfigKeys (ConfUtils.java:logGet(46)) - raft.server.log.statemachine.data.read.timeout = 1000ms (default)
2023-09-28 13:00:05,365 [2e0a77eb-074a-4a54-81ef-c7479b7c14e1-groupManagement] INFO  server.RaftServerConfigKeys (ConfUtils.java:logGet(46)) - raft.server.log.purge.preservation.log.num = 0 (default)
2023-09-28 13:00:05,365 [2e0a77eb-074a-4a54-81ef-c7479b7c14e1-groupManagement] INFO  server.RaftServerConfigKeys (ConfUtils.java:logGet(46)) - raft.server.log.segment.size.max = 1048576 (custom)
2023-09-28 13:00:05,365 [2e0a77eb-074a-4a54-81ef-c7479b7c14e1-groupManagement] INFO  server.RaftServerConfigKeys (ConfUtils.java:logGet(46)) - raft.server.log.segment.cache.num.max = 2 (custom)
2023-09-28 13:00:05,365 [2e0a77eb-074a-4a54-81ef-c7479b7c14e1-groupManagement] INFO  server.RaftServerConfigKeys (ConfUtils.java:logGet(46)) - raft.server.log.segment.cache.size.max = 200MB (=209715200) (default)
2023-09-28 13:00:05,365 [2e0a77eb-074a-4a54-81ef-c7479b7c14e1-groupManagement] INFO  server.RaftServerConfigKeys (ConfUtils.java:logGet(46)) - raft.server.log.appender.buffer.byte-limit = 33554432 (custom)
2023-09-28 13:00:05,366 [2e0a77eb-074a-4a54-81ef-c7479b7c14e1-groupManagement] INFO  segmented.SegmentedRaftLogWorker (SegmentedRaftLogWorker.java:<init>(188)) - new 2e0a77eb-074a-4a54-81ef-c7479b7c14e1@group-BB73178100E7-SegmentedRaftLogWorker for RaftStorageImpl:Storage Directory /home/runner/work/ozone/ozone/hadoop-ozone/integration-test/target/test-dir/MiniOzoneClusterImpl-1398513c-1ad7-449a-9b84-f90cd6748766/datanode-2/data/ratis/15af6b7f-a9ac-4296-9518-bb73178100e7
2023-09-28 13:00:05,366 [2e0a77eb-074a-4a54-81ef-c7479b7c14e1-groupManagement] INFO  server.RaftServerConfigKeys (ConfUtils.java:logGet(46)) - raft.server.log.queue.byte-limit = 4294967296 (custom)
2023-09-28 13:00:05,366 [2e0a77eb-074a-4a54-81ef-c7479b7c14e1-groupManagement] INFO  server.RaftServerConfigKeys (ConfUtils.java:logGet(46)) - raft.server.log.queue.element-limit = 1024 (custom)
2023-09-28 13:00:05,366 [2e0a77eb-074a-4a54-81ef-c7479b7c14e1-groupManagement] INFO  server.RaftServerConfigKeys (ConfUtils.java:logGet(46)) - raft.server.log.segment.size.max = 1048576 (custom)
2023-09-28 13:00:05,366 [2e0a77eb-074a-4a54-81ef-c7479b7c14e1-groupManagement] INFO  server.RaftServerConfigKeys (ConfUtils.java:logGet(46)) - raft.server.log.preallocated.size = 16384 (custom)
2023-09-28 13:00:05,366 [2e0a77eb-074a-4a54-81ef-c7479b7c14e1-groupManagement] INFO  server.RaftServerConfigKeys (ConfUtils.java:logGet(46)) - raft.server.log.force.sync.num = 128 (default)
2023-09-28 13:00:05,366 [2e0a77eb-074a-4a54-81ef-c7479b7c14e1-groupManagement] INFO  server.RaftServerConfigKeys (ConfUtils.java:logGet(46)) - raft.server.log.statemachine.data.sync = true (default)
2023-09-28 13:00:05,366 [2e0a77eb-074a-4a54-81ef-c7479b7c14e1-groupManagement] INFO  server.RaftServerConfigKeys (ConfUtils.java:logGet(46)) - raft.server.log.statemachine.data.sync.timeout = 10s (default)
2023-09-28 13:00:05,366 [2e0a77eb-074a-4a54-81ef-c7479b7c14e1-groupManagement] INFO  server.RaftServerConfigKeys (ConfUtils.java:logGet(46)) - raft.server.log.statemachine.data.sync.timeout.retry = -1 (default)
2023-09-28 13:00:05,367 [2e0a77eb-074a-4a54-81ef-c7479b7c14e1-groupManagement] INFO  server.RaftServerConfigKeys (ConfUtils.java:logGet(46)) - raft.server.log.write.buffer.size = 1048576 (custom)
2023-09-28 13:00:05,368 [2e0a77eb-074a-4a54-81ef-c7479b7c14e1-groupManagement] INFO  server.RaftServerConfigKeys (ConfUtils.java:logGet(46)) - raft.server.log.appender.buffer.byte-limit = 33554432 (custom)
2023-09-28 13:00:05,373 [2e0a77eb-074a-4a54-81ef-c7479b7c14e1-groupManagement] INFO  server.RaftServerConfigKeys (ConfUtils.java:logGet(46)) - raft.server.log.unsafe-flush.enabled = false (default)
2023-09-28 13:00:05,374 [2e0a77eb-074a-4a54-81ef-c7479b7c14e1-groupManagement] INFO  server.RaftServerConfigKeys (ConfUtils.java:logGet(46)) - raft.server.log.async-flush.enabled = false (default)
2023-09-28 13:00:05,374 [2e0a77eb-074a-4a54-81ef-c7479b7c14e1-groupManagement] INFO  server.RaftServerConfigKeys (ConfUtils.java:logGet(46)) - raft.server.log.statemachine.data.caching.enabled = true (custom)
2023-09-28 13:00:05,374 [2e0a77eb-074a-4a54-81ef-c7479b7c14e1-groupManagement] INFO  segmented.SegmentedRaftLogWorker (SegmentedRaftLogWorker.java:lambda$new$0(135)) - 2e0a77eb-074a-4a54-81ef-c7479b7c14e1@group-BB73178100E7-SegmentedRaftLogWorker: flushIndex: setUnconditionally 0 -> -1
2023-09-28 13:00:05,374 [2e0a77eb-074a-4a54-81ef-c7479b7c14e1-groupManagement] INFO  segmented.SegmentedRaftLogWorker (SegmentedRaftLogWorker.java:lambda$new$0(135)) - 2e0a77eb-074a-4a54-81ef-c7479b7c14e1@group-BB73178100E7-SegmentedRaftLogWorker: safeCacheEvictIndex: setUnconditionally 0 -> -1
2023-09-28 13:00:05,374 [2e0a77eb-074a-4a54-81ef-c7479b7c14e1-groupManagement] INFO  server.RaftServer$Division (RaftServerImpl.java:start(342)) - 2e0a77eb-074a-4a54-81ef-c7479b7c14e1@group-BB73178100E7: start as a follower, conf=-1: peers:[1544e7f7-fd3f-4574-a78e-ef52e31146de|rpc:10.1.0.34:15173|admin:10.1.0.34:15172|client:10.1.0.34:15171|dataStream:10.1.0.34:15174|priority:0|startupRole:FOLLOWER, 1f3e3681-2cc0-4f79-8587-08300d65d237|rpc:10.1.0.34:15182|admin:10.1.0.34:15181|client:10.1.0.34:15180|dataStream:10.1.0.34:15183|priority:1|startupRole:FOLLOWER, 2e0a77eb-074a-4a54-81ef-c7479b7c14e1|rpc:10.1.0.34:15191|admin:10.1.0.34:15190|client:10.1.0.34:15189|dataStream:10.1.0.34:15192|priority:0|startupRole:FOLLOWER]|listeners:[], old=null
2023-09-28 13:00:05,374 [2e0a77eb-074a-4a54-81ef-c7479b7c14e1-groupManagement] INFO  server.RaftServer$Division (RaftServerImpl.java:setRole(329)) - 2e0a77eb-074a-4a54-81ef-c7479b7c14e1@group-BB73178100E7: changes role from      null to FOLLOWER at term 0 for startAsFollower
2023-09-28 13:00:05,374 [2e0a77eb-074a-4a54-81ef-c7479b7c14e1-groupManagement] INFO  impl.RoleInfo (RoleInfo.java:updateAndGet(139)) - 2e0a77eb-074a-4a54-81ef-c7479b7c14e1: start 2e0a77eb-074a-4a54-81ef-c7479b7c14e1@group-BB73178100E7-FollowerState
2023-09-28 13:00:05,377 [2e0a77eb-074a-4a54-81ef-c7479b7c14e1-groupManagement] INFO  util.JmxRegister (JmxRegister.java:tryRegister(44)) - Successfully registered JMX Bean with object name Ratis:service=RaftServer,group=group-BB73178100E7,id=2e0a77eb-074a-4a54-81ef-c7479b7c14e1
2023-09-28 13:00:05,377 [2e0a77eb-074a-4a54-81ef-c7479b7c14e1-groupManagement] INFO  server.RaftServerConfigKeys (ConfUtils.java:logGet(46)) - raft.server.snapshot.auto.trigger.enabled = true (custom)
2023-09-28 13:00:05,377 [2e0a77eb-074a-4a54-81ef-c7479b7c14e1-groupManagement] INFO  server.RaftServerConfigKeys (ConfUtils.java:logGet(46)) - raft.server.snapshot.auto.trigger.threshold = 10000 (custom)
2023-09-28 13:00:05,377 [2e0a77eb-074a-4a54-81ef-c7479b7c14e1-groupManagement] INFO  server.RaftServerConfigKeys (ConfUtils.java:logGet(46)) - raft.server.snapshot.retention.file.num = 5 (custom)
2023-09-28 13:00:05,377 [2e0a77eb-074a-4a54-81ef-c7479b7c14e1-groupManagement] INFO  server.RaftServerConfigKeys (ConfUtils.java:logGet(46)) - raft.server.log.purge.upto.snapshot.index = false (default)
2023-09-28 13:00:05,379 [2e0a77eb-074a-4a54-81ef-c7479b7c14e1@group-BB73178100E7-FollowerState] INFO  server.RaftServerConfigKeys (ConfUtils.java:logFallback(53)) - raft.server.rpc.first-election.timeout.min = 5s (fallback to raft.server.rpc.timeout.min)
2023-09-28 13:00:05,379 [2e0a77eb-074a-4a54-81ef-c7479b7c14e1@group-BB73178100E7-FollowerState] INFO  server.RaftServerConfigKeys (ConfUtils.java:logFallback(53)) - raft.server.rpc.first-election.timeout.max = 5200ms (fallback to raft.server.rpc.timeout.max)
2023-09-28 13:00:05,387 [PipelineCommandHandlerThread-0] INFO  commandhandler.CreatePipelineCommandHandler (CreatePipelineCommandHandler.java:lambda$handle$2(124)) - Created Pipeline RATIS THREE PipelineID=15af6b7f-a9ac-4296-9518-bb73178100e7.
2023-09-28 13:00:05,388 [PipelineCommandHandlerThread-0] INFO  server.RaftServer (RaftServerProxy.java:addNew(98)) - 1544e7f7-fd3f-4574-a78e-ef52e31146de: addNew group-A1B1A31B5F97:[1544e7f7-fd3f-4574-a78e-ef52e31146de|rpc:10.1.0.34:15173|admin:10.1.0.34:15172|client:10.1.0.34:15171|dataStream:10.1.0.34:15174|priority:0|startupRole:FOLLOWER, 1f3e3681-2cc0-4f79-8587-08300d65d237|rpc:10.1.0.34:15182|admin:10.1.0.34:15181|client:10.1.0.34:15180|dataStream:10.1.0.34:15183|priority:0|startupRole:FOLLOWER, 2e0a77eb-074a-4a54-81ef-c7479b7c14e1|rpc:10.1.0.34:15191|admin:10.1.0.34:15190|client:10.1.0.34:15189|dataStream:10.1.0.34:15192|priority:1|startupRole:FOLLOWER] returns group-A1B1A31B5F97:java.util.concurrent.CompletableFuture@504e9348[Not completed]
2023-09-28 13:00:05,389 [1544e7f7-fd3f-4574-a78e-ef52e31146de-groupManagement] INFO  server.RaftServer$Division (RaftServerImpl.java:<init>(198)) - 1544e7f7-fd3f-4574-a78e-ef52e31146de: new RaftServerImpl for group-A1B1A31B5F97:[1544e7f7-fd3f-4574-a78e-ef52e31146de|rpc:10.1.0.34:15173|admin:10.1.0.34:15172|client:10.1.0.34:15171|dataStream:10.1.0.34:15174|priority:0|startupRole:FOLLOWER, 1f3e3681-2cc0-4f79-8587-08300d65d237|rpc:10.1.0.34:15182|admin:10.1.0.34:15181|client:10.1.0.34:15180|dataStream:10.1.0.34:15183|priority:0|startupRole:FOLLOWER, 2e0a77eb-074a-4a54-81ef-c7479b7c14e1|rpc:10.1.0.34:15191|admin:10.1.0.34:15190|client:10.1.0.34:15189|dataStream:10.1.0.34:15192|priority:1|startupRole:FOLLOWER] with ContainerStateMachine:uninitialized
2023-09-28 13:00:05,389 [1544e7f7-fd3f-4574-a78e-ef52e31146de-groupManagement] INFO  server.RaftServerConfigKeys (ConfUtils.java:logGet(46)) - raft.server.rpc.timeout.min = 5s (custom)
2023-09-28 13:00:05,389 [1544e7f7-fd3f-4574-a78e-ef52e31146de-groupManagement] INFO  server.RaftServerConfigKeys (ConfUtils.java:logGet(46)) - raft.server.rpc.timeout.max = 5200ms (custom)
2023-09-28 13:00:05,389 [1544e7f7-fd3f-4574-a78e-ef52e31146de-groupManagement] INFO  server.RaftServerConfigKeys (ConfUtils.java:logGet(46)) - raft.server.rpc.sleep.time = 25ms (default)
2023-09-28 13:00:05,390 [1544e7f7-fd3f-4574-a78e-ef52e31146de-groupManagement] INFO  server.RaftServerConfigKeys (ConfUtils.java:logGet(46)) - raft.server.rpc.slowness.timeout = 300s (custom)
2023-09-28 13:00:05,390 [1544e7f7-fd3f-4574-a78e-ef52e31146de-groupManagement] INFO  server.RaftServerConfigKeys (ConfUtils.java:logGet(46)) - raft.server.leaderelection.leader.step-down.wait-time = 10s (default)
2023-09-28 13:00:05,390 [1544e7f7-fd3f-4574-a78e-ef52e31146de-groupManagement] INFO  server.RaftServerConfigKeys (ConfUtils.java:logGet(46)) - raft.server.sleep.deviation.threshold = 300ms (default)
2023-09-28 13:00:05,390 [1544e7f7-fd3f-4574-a78e-ef52e31146de-groupManagement] INFO  server.RaftServer$Division (ServerState.java:<init>(120)) - 1544e7f7-fd3f-4574-a78e-ef52e31146de@group-A1B1A31B5F97: ConfigurationManager, init=-1: peers:[1544e7f7-fd3f-4574-a78e-ef52e31146de|rpc:10.1.0.34:15173|admin:10.1.0.34:15172|client:10.1.0.34:15171|dataStream:10.1.0.34:15174|priority:0|startupRole:FOLLOWER, 1f3e3681-2cc0-4f79-8587-08300d65d237|rpc:10.1.0.34:15182|admin:10.1.0.34:15181|client:10.1.0.34:15180|dataStream:10.1.0.34:15183|priority:0|startupRole:FOLLOWER, 2e0a77eb-074a-4a54-81ef-c7479b7c14e1|rpc:10.1.0.34:15191|admin:10.1.0.34:15190|client:10.1.0.34:15189|dataStream:10.1.0.34:15192|priority:1|startupRole:FOLLOWER]|listeners:[], old=null, confs=<EMPTY_MAP>
2023-09-28 13:00:05,390 [1544e7f7-fd3f-4574-a78e-ef52e31146de-groupManagement] INFO  server.RaftServerConfigKeys (ConfUtils.java:logGet(46)) - raft.server.storage.dir = [/home/runner/work/ozone/ozone/hadoop-ozone/integration-test/target/test-dir/MiniOzoneClusterImpl-1398513c-1ad7-449a-9b84-f90cd6748766/datanode-0/data/ratis] (custom)
2023-09-28 13:00:05,390 [1544e7f7-fd3f-4574-a78e-ef52e31146de-groupManagement] INFO  server.RaftServerConfigKeys (ConfUtils.java:logGet(46)) - raft.server.log.corruption.policy = EXCEPTION (default)
2023-09-28 13:00:05,390 [1544e7f7-fd3f-4574-a78e-ef52e31146de-groupManagement] INFO  server.RaftServerConfigKeys (ConfUtils.java:logGet(46)) - raft.server.storage.free-space.min = 0MB (=0) (default)
2023-09-28 13:00:05,390 [1544e7f7-fd3f-4574-a78e-ef52e31146de-groupManagement] INFO  server.RaftServerConfigKeys (ConfUtils.java:logGet(46)) - raft.server.notification.no-leader.timeout = 300s (custom)
2023-09-28 13:00:05,390 [1544e7f7-fd3f-4574-a78e-ef52e31146de-groupManagement] INFO  server.RaftServerConfigKeys (ConfUtils.java:logGet(46)) - raft.server.read.timeout = 10s (default)
2023-09-28 13:00:05,390 [1544e7f7-fd3f-4574-a78e-ef52e31146de-groupManagement] INFO  server.RaftServerConfigKeys (ConfUtils.java:logGet(46)) - raft.server.retrycache.expirytime = 600000ms (custom)
2023-09-28 13:00:05,390 [1544e7f7-fd3f-4574-a78e-ef52e31146de-groupManagement] INFO  server.RaftServerConfigKeys (ConfUtils.java:logGet(46)) - raft.server.retrycache.statistics.expirytime = 100μs (default)
2023-09-28 13:00:05,390 [1544e7f7-fd3f-4574-a78e-ef52e31146de-groupManagement] INFO  server.RaftServerConfigKeys (ConfUtils.java:logGet(46)) - raft.server.read.option = DEFAULT (default)
2023-09-28 13:00:05,391 [1544e7f7-fd3f-4574-a78e-ef52e31146de-groupManagement] INFO  server.RaftServerConfigKeys (ConfUtils.java:logGet(46)) - raft.server.rpc.request.timeout = 60s (custom)
2023-09-28 13:00:05,391 [1544e7f7-fd3f-4574-a78e-ef52e31146de-groupManagement] INFO  server.RaftServerConfigKeys (ConfUtils.java:logGet(46)) - raft.server.log.appender.install.snapshot.enabled = false (custom)
2023-09-28 13:00:05,391 [1544e7f7-fd3f-4574-a78e-ef52e31146de-groupManagement] INFO  server.RaftServerConfigKeys (ConfUtils.java:logGet(46)) - raft.server.threadpool.server.cached = true (default)
2023-09-28 13:00:05,391 [1544e7f7-fd3f-4574-a78e-ef52e31146de-groupManagement] INFO  server.RaftServerConfigKeys (ConfUtils.java:logGet(46)) - raft.server.threadpool.server.size = 0 (default)
2023-09-28 13:00:05,391 [1544e7f7-fd3f-4574-a78e-ef52e31146de-groupManagement] INFO  server.RaftServerConfigKeys (ConfUtils.java:logGet(46)) - raft.server.threadpool.client.cached = true (default)
2023-09-28 13:00:05,391 [1544e7f7-fd3f-4574-a78e-ef52e31146de-groupManagement] INFO  server.RaftServerConfigKeys (ConfUtils.java:logGet(46)) - raft.server.threadpool.client.size = 0 (default)
2023-09-28 13:00:05,391 [1544e7f7-fd3f-4574-a78e-ef52e31146de-groupManagement] INFO  storage.RaftStorageDirectory (RaftStorageDirectoryImpl.java:analyzeStorage(137)) - The storage directory /home/runner/work/ozone/ozone/hadoop-ozone/integration-test/target/test-dir/MiniOzoneClusterImpl-1398513c-1ad7-449a-9b84-f90cd6748766/datanode-0/data/ratis/f961854f-942d-4e10-bedd-a1b1a31b5f97 does not exist. Creating ...
2023-09-28 13:00:05,397 [1544e7f7-fd3f-4574-a78e-ef52e31146de-groupManagement] INFO  storage.RaftStorageDirectory (RaftStorageDirectoryImpl.java:tryLock(231)) - Lock on /home/runner/work/ozone/ozone/hadoop-ozone/integration-test/target/test-dir/MiniOzoneClusterImpl-1398513c-1ad7-449a-9b84-f90cd6748766/datanode-0/data/ratis/f961854f-942d-4e10-bedd-a1b1a31b5f97/in_use.lock acquired by nodename 7568@fv-az163-431
2023-09-28 13:00:05,398 [1544e7f7-fd3f-4574-a78e-ef52e31146de-groupManagement] INFO  storage.RaftStorage (RaftStorageImpl.java:format(96)) - Storage directory /home/runner/work/ozone/ozone/hadoop-ozone/integration-test/target/test-dir/MiniOzoneClusterImpl-1398513c-1ad7-449a-9b84-f90cd6748766/datanode-0/data/ratis/f961854f-942d-4e10-bedd-a1b1a31b5f97 has been successfully formatted.
2023-09-28 13:00:05,399 [1544e7f7-fd3f-4574-a78e-ef52e31146de-groupManagement] INFO  ratis.ContainerStateMachine (ContainerStateMachine.java:loadSnapshot(262)) - group-A1B1A31B5F97: The snapshot info is null. Setting the last applied indexto:(t:0, i:~)
2023-09-28 13:00:05,399 [1544e7f7-fd3f-4574-a78e-ef52e31146de-groupManagement] INFO  server.RaftServerConfigKeys (ConfUtils.java:logGet(46)) - raft.server.log.use.memory = false (default)
2023-09-28 13:00:05,399 [1544e7f7-fd3f-4574-a78e-ef52e31146de-groupManagement] INFO  server.RaftServerConfigKeys (ConfUtils.java:logGet(46)) - raft.server.log.purge.gap = 1000000 (custom)
2023-09-28 13:00:05,400 [1544e7f7-fd3f-4574-a78e-ef52e31146de-groupManagement] INFO  server.RaftServerConfigKeys (ConfUtils.java:logGet(46)) - raft.server.log.appender.buffer.byte-limit = 33554432 (custom)
2023-09-28 13:00:05,400 [1544e7f7-fd3f-4574-a78e-ef52e31146de-groupManagement] INFO  server.RaftServerConfigKeys (ConfUtils.java:logGet(46)) - raft.server.log.statemachine.data.read.timeout = 1000ms (default)
2023-09-28 13:00:05,400 [1544e7f7-fd3f-4574-a78e-ef52e31146de-groupManagement] INFO  server.RaftServerConfigKeys (ConfUtils.java:logGet(46)) - raft.server.log.purge.preservation.log.num = 0 (default)
2023-09-28 13:00:05,400 [EventQueue-OpenPipelineForHealthyPipelineSafeModeRule] INFO  safemode.SCMSafeModeManager (HealthyPipelineSafeModeRule.java:process(137)) - SCM in safe mode. Healthy pipelines reported count is 0, required healthy pipeline reported count is 1
2023-09-28 13:00:05,400 [1544e7f7-fd3f-4574-a78e-ef52e31146de-groupManagement] INFO  server.RaftServerConfigKeys (ConfUtils.java:logGet(46)) - raft.server.log.segment.size.max = 1048576 (custom)
2023-09-28 13:00:05,400 [1544e7f7-fd3f-4574-a78e-ef52e31146de-groupManagement] INFO  server.RaftServerConfigKeys (ConfUtils.java:logGet(46)) - raft.server.log.segment.cache.num.max = 2 (custom)
2023-09-28 13:00:05,400 [1544e7f7-fd3f-4574-a78e-ef52e31146de-groupManagement] INFO  server.RaftServerConfigKeys (ConfUtils.java:logGet(46)) - raft.server.log.segment.cache.size.max = 200MB (=209715200) (default)
2023-09-28 13:00:05,400 [1544e7f7-fd3f-4574-a78e-ef52e31146de-groupManagement] INFO  server.RaftServerConfigKeys (ConfUtils.java:logGet(46)) - raft.server.log.appender.buffer.byte-limit = 33554432 (custom)
2023-09-28 13:00:05,400 [1544e7f7-fd3f-4574-a78e-ef52e31146de-groupManagement] INFO  segmented.SegmentedRaftLogWorker (SegmentedRaftLogWorker.java:<init>(188)) - new 1544e7f7-fd3f-4574-a78e-ef52e31146de@group-A1B1A31B5F97-SegmentedRaftLogWorker for RaftStorageImpl:Storage Directory /home/runner/work/ozone/ozone/hadoop-ozone/integration-test/target/test-dir/MiniOzoneClusterImpl-1398513c-1ad7-449a-9b84-f90cd6748766/datanode-0/data/ratis/f961854f-942d-4e10-bedd-a1b1a31b5f97
2023-09-28 13:00:05,400 [1544e7f7-fd3f-4574-a78e-ef52e31146de-groupManagement] INFO  server.RaftServerConfigKeys (ConfUtils.java:logGet(46)) - raft.server.log.queue.byte-limit = 4294967296 (custom)
2023-09-28 13:00:05,400 [1544e7f7-fd3f-4574-a78e-ef52e31146de-groupManagement] INFO  server.RaftServerConfigKeys (ConfUtils.java:logGet(46)) - raft.server.log.queue.element-limit = 1024 (custom)
2023-09-28 13:00:05,400 [1544e7f7-fd3f-4574-a78e-ef52e31146de-groupManagement] INFO  server.RaftServerConfigKeys (ConfUtils.java:logGet(46)) - raft.server.log.segment.size.max = 1048576 (custom)
2023-09-28 13:00:05,400 [1544e7f7-fd3f-4574-a78e-ef52e31146de-groupManagement] INFO  server.RaftServerConfigKeys (ConfUtils.java:logGet(46)) - raft.server.log.preallocated.size = 16384 (custom)
2023-09-28 13:00:05,400 [1544e7f7-fd3f-4574-a78e-ef52e31146de-groupManagement] INFO  server.RaftServerConfigKeys (ConfUtils.java:logGet(46)) - raft.server.log.force.sync.num = 128 (default)
2023-09-28 13:00:05,400 [1544e7f7-fd3f-4574-a78e-ef52e31146de-groupManagement] INFO  server.RaftServerConfigKeys (ConfUtils.java:logGet(46)) - raft.server.log.statemachine.data.sync = true (default)
2023-09-28 13:00:05,401 [1544e7f7-fd3f-4574-a78e-ef52e31146de-groupManagement] INFO  server.RaftServerConfigKeys (ConfUtils.java:logGet(46)) - raft.server.log.statemachine.data.sync.timeout = 10s (default)
2023-09-28 13:00:05,401 [1544e7f7-fd3f-4574-a78e-ef52e31146de-groupManagement] INFO  server.RaftServerConfigKeys (ConfUtils.java:logGet(46)) - raft.server.log.statemachine.data.sync.timeout.retry = -1 (default)
2023-09-28 13:00:05,401 [1544e7f7-fd3f-4574-a78e-ef52e31146de-groupManagement] INFO  server.RaftServerConfigKeys (ConfUtils.java:logGet(46)) - raft.server.log.write.buffer.size = 1048576 (custom)
2023-09-28 13:00:05,402 [1544e7f7-fd3f-4574-a78e-ef52e31146de-groupManagement] INFO  server.RaftServerConfigKeys (ConfUtils.java:logGet(46)) - raft.server.log.appender.buffer.byte-limit = 33554432 (custom)
2023-09-28 13:00:05,407 [1544e7f7-fd3f-4574-a78e-ef52e31146de-groupManagement] INFO  server.RaftServerConfigKeys (ConfUtils.java:logGet(46)) - raft.server.log.unsafe-flush.enabled = false (default)
2023-09-28 13:00:05,407 [1544e7f7-fd3f-4574-a78e-ef52e31146de-groupManagement] INFO  server.RaftServerConfigKeys (ConfUtils.java:logGet(46)) - raft.server.log.async-flush.enabled = false (default)
2023-09-28 13:00:05,407 [1544e7f7-fd3f-4574-a78e-ef52e31146de-groupManagement] INFO  server.RaftServerConfigKeys (ConfUtils.java:logGet(46)) - raft.server.log.statemachine.data.caching.enabled = true (custom)
2023-09-28 13:00:05,407 [1544e7f7-fd3f-4574-a78e-ef52e31146de-groupManagement] INFO  segmented.SegmentedRaftLogWorker (SegmentedRaftLogWorker.java:lambda$new$0(135)) - 1544e7f7-fd3f-4574-a78e-ef52e31146de@group-A1B1A31B5F97-SegmentedRaftLogWorker: flushIndex: setUnconditionally 0 -> -1
2023-09-28 13:00:05,407 [1544e7f7-fd3f-4574-a78e-ef52e31146de-groupManagement] INFO  segmented.SegmentedRaftLogWorker (SegmentedRaftLogWorker.java:lambda$new$0(135)) - 1544e7f7-fd3f-4574-a78e-ef52e31146de@group-A1B1A31B5F97-SegmentedRaftLogWorker: safeCacheEvictIndex: setUnconditionally 0 -> -1
2023-09-28 13:00:05,407 [1544e7f7-fd3f-4574-a78e-ef52e31146de-groupManagement] INFO  server.RaftServer$Division (RaftServerImpl.java:start(342)) - 1544e7f7-fd3f-4574-a78e-ef52e31146de@group-A1B1A31B5F97: start as a follower, conf=-1: peers:[1544e7f7-fd3f-4574-a78e-ef52e31146de|rpc:10.1.0.34:15173|admin:10.1.0.34:15172|client:10.1.0.34:15171|dataStream:10.1.0.34:15174|priority:0|startupRole:FOLLOWER, 1f3e3681-2cc0-4f79-8587-08300d65d237|rpc:10.1.0.34:15182|admin:10.1.0.34:15181|client:10.1.0.34:15180|dataStream:10.1.0.34:15183|priority:0|startupRole:FOLLOWER, 2e0a77eb-074a-4a54-81ef-c7479b7c14e1|rpc:10.1.0.34:15191|admin:10.1.0.34:15190|client:10.1.0.34:15189|dataStream:10.1.0.34:15192|priority:1|startupRole:FOLLOWER]|listeners:[], old=null
2023-09-28 13:00:05,408 [1544e7f7-fd3f-4574-a78e-ef52e31146de-groupManagement] INFO  server.RaftServer$Division (RaftServerImpl.java:setRole(329)) - 1544e7f7-fd3f-4574-a78e-ef52e31146de@group-A1B1A31B5F97: changes role from      null to FOLLOWER at term 0 for startAsFollower
2023-09-28 13:00:05,408 [1544e7f7-fd3f-4574-a78e-ef52e31146de-groupManagement] INFO  impl.RoleInfo (RoleInfo.java:updateAndGet(139)) - 1544e7f7-fd3f-4574-a78e-ef52e31146de: start 1544e7f7-fd3f-4574-a78e-ef52e31146de@group-A1B1A31B5F97-FollowerState
2023-09-28 13:00:05,408 [1544e7f7-fd3f-4574-a78e-ef52e31146de@group-A1B1A31B5F97-FollowerState] INFO  server.RaftServerConfigKeys (ConfUtils.java:logFallback(53)) - raft.server.rpc.first-election.timeout.min = 5s (fallback to raft.server.rpc.timeout.min)
2023-09-28 13:00:05,408 [1544e7f7-fd3f-4574-a78e-ef52e31146de@group-A1B1A31B5F97-FollowerState] INFO  server.RaftServerConfigKeys (ConfUtils.java:logFallback(53)) - raft.server.rpc.first-election.timeout.max = 5200ms (fallback to raft.server.rpc.timeout.max)
2023-09-28 13:00:05,411 [1544e7f7-fd3f-4574-a78e-ef52e31146de-groupManagement] INFO  util.JmxRegister (JmxRegister.java:tryRegister(44)) - Successfully registered JMX Bean with object name Ratis:service=RaftServer,group=group-A1B1A31B5F97,id=1544e7f7-fd3f-4574-a78e-ef52e31146de
2023-09-28 13:00:05,412 [1544e7f7-fd3f-4574-a78e-ef52e31146de-groupManagement] INFO  server.RaftServerConfigKeys (ConfUtils.java:logGet(46)) - raft.server.snapshot.auto.trigger.enabled = true (custom)
2023-09-28 13:00:05,412 [1544e7f7-fd3f-4574-a78e-ef52e31146de-groupManagement] INFO  server.RaftServerConfigKeys (ConfUtils.java:logGet(46)) - raft.server.snapshot.auto.trigger.threshold = 10000 (custom)
2023-09-28 13:00:05,412 [1544e7f7-fd3f-4574-a78e-ef52e31146de-groupManagement] INFO  server.RaftServerConfigKeys (ConfUtils.java:logGet(46)) - raft.server.snapshot.retention.file.num = 5 (custom)
2023-09-28 13:00:05,412 [1544e7f7-fd3f-4574-a78e-ef52e31146de-groupManagement] INFO  server.RaftServerConfigKeys (ConfUtils.java:logGet(46)) - raft.server.log.purge.upto.snapshot.index = false (default)
2023-09-28 13:00:05,412 [PipelineCommandHandlerThread-0] INFO  ratis.XceiverServerRatis (XceiverServerRatis.java:addGroup(804)) - Created group PipelineID=f961854f-942d-4e10-bedd-a1b1a31b5f97
2023-09-28 13:00:05,421 [grpc-default-executor-0] INFO  server.RaftServer (RaftServerProxy.java:addNew(98)) - 1f3e3681-2cc0-4f79-8587-08300d65d237: addNew group-A1B1A31B5F97:[1544e7f7-fd3f-4574-a78e-ef52e31146de|rpc:10.1.0.34:15173|admin:10.1.0.34:15172|client:10.1.0.34:15171|dataStream:10.1.0.34:15174|priority:0|startupRole:FOLLOWER, 1f3e3681-2cc0-4f79-8587-08300d65d237|rpc:10.1.0.34:15182|admin:10.1.0.34:15181|client:10.1.0.34:15180|dataStream:10.1.0.34:15183|priority:0|startupRole:FOLLOWER, 2e0a77eb-074a-4a54-81ef-c7479b7c14e1|rpc:10.1.0.34:15191|admin:10.1.0.34:15190|client:10.1.0.34:15189|dataStream:10.1.0.34:15192|priority:1|startupRole:FOLLOWER] returns group-A1B1A31B5F97:java.util.concurrent.CompletableFuture@b6a2feb[Not completed]
2023-09-28 13:00:05,422 [1f3e3681-2cc0-4f79-8587-08300d65d237-groupManagement] INFO  server.RaftServer$Division (RaftServerImpl.java:<init>(198)) - 1f3e3681-2cc0-4f79-8587-08300d65d237: new RaftServerImpl for group-A1B1A31B5F97:[1544e7f7-fd3f-4574-a78e-ef52e31146de|rpc:10.1.0.34:15173|admin:10.1.0.34:15172|client:10.1.0.34:15171|dataStream:10.1.0.34:15174|priority:0|startupRole:FOLLOWER, 1f3e3681-2cc0-4f79-8587-08300d65d237|rpc:10.1.0.34:15182|admin:10.1.0.34:15181|client:10.1.0.34:15180|dataStream:10.1.0.34:15183|priority:0|startupRole:FOLLOWER, 2e0a77eb-074a-4a54-81ef-c7479b7c14e1|rpc:10.1.0.34:15191|admin:10.1.0.34:15190|client:10.1.0.34:15189|dataStream:10.1.0.34:15192|priority:1|startupRole:FOLLOWER] with ContainerStateMachine:uninitialized
2023-09-28 13:00:05,422 [1f3e3681-2cc0-4f79-8587-08300d65d237-groupManagement] INFO  server.RaftServerConfigKeys (ConfUtils.java:logGet(46)) - raft.server.rpc.timeout.min = 5s (custom)
2023-09-28 13:00:05,422 [1f3e3681-2cc0-4f79-8587-08300d65d237-groupManagement] INFO  server.RaftServerConfigKeys (ConfUtils.java:logGet(46)) - raft.server.rpc.timeout.max = 5200ms (custom)
2023-09-28 13:00:05,422 [1f3e3681-2cc0-4f79-8587-08300d65d237-groupManagement] INFO  server.RaftServerConfigKeys (ConfUtils.java:logGet(46)) - raft.server.rpc.sleep.time = 25ms (default)
2023-09-28 13:00:05,422 [1f3e3681-2cc0-4f79-8587-08300d65d237-groupManagement] INFO  server.RaftServerConfigKeys (ConfUtils.java:logGet(46)) - raft.server.rpc.slowness.timeout = 300s (custom)
2023-09-28 13:00:05,422 [1f3e3681-2cc0-4f79-8587-08300d65d237-groupManagement] INFO  server.RaftServerConfigKeys (ConfUtils.java:logGet(46)) - raft.server.leaderelection.leader.step-down.wait-time = 10s (default)
2023-09-28 13:00:05,422 [1f3e3681-2cc0-4f79-8587-08300d65d237-groupManagement] INFO  server.RaftServerConfigKeys (ConfUtils.java:logGet(46)) - raft.server.sleep.deviation.threshold = 300ms (default)
2023-09-28 13:00:05,422 [1f3e3681-2cc0-4f79-8587-08300d65d237-groupManagement] INFO  server.RaftServer$Division (ServerState.java:<init>(120)) - 1f3e3681-2cc0-4f79-8587-08300d65d237@group-A1B1A31B5F97: ConfigurationManager, init=-1: peers:[1544e7f7-fd3f-4574-a78e-ef52e31146de|rpc:10.1.0.34:15173|admin:10.1.0.34:15172|client:10.1.0.34:15171|dataStream:10.1.0.34:15174|priority:0|startupRole:FOLLOWER, 1f3e3681-2cc0-4f79-8587-08300d65d237|rpc:10.1.0.34:15182|admin:10.1.0.34:15181|client:10.1.0.34:15180|dataStream:10.1.0.34:15183|priority:0|startupRole:FOLLOWER, 2e0a77eb-074a-4a54-81ef-c7479b7c14e1|rpc:10.1.0.34:15191|admin:10.1.0.34:15190|client:10.1.0.34:15189|dataStream:10.1.0.34:15192|priority:1|startupRole:FOLLOWER]|listeners:[], old=null, confs=<EMPTY_MAP>
2023-09-28 13:00:05,422 [1f3e3681-2cc0-4f79-8587-08300d65d237-groupManagement] INFO  server.RaftServerConfigKeys (ConfUtils.java:logGet(46)) - raft.server.storage.dir = [/home/runner/work/ozone/ozone/hadoop-ozone/integration-test/target/test-dir/MiniOzoneClusterImpl-1398513c-1ad7-449a-9b84-f90cd6748766/datanode-1/data/ratis] (custom)
2023-09-28 13:00:05,422 [1f3e3681-2cc0-4f79-8587-08300d65d237-groupManagement] INFO  server.RaftServerConfigKeys (ConfUtils.java:logGet(46)) - raft.server.log.corruption.policy = EXCEPTION (default)
2023-09-28 13:00:05,422 [1f3e3681-2cc0-4f79-8587-08300d65d237-groupManagement] INFO  server.RaftServerConfigKeys (ConfUtils.java:logGet(46)) - raft.server.storage.free-space.min = 0MB (=0) (default)
2023-09-28 13:00:05,422 [1f3e3681-2cc0-4f79-8587-08300d65d237-groupManagement] INFO  server.RaftServerConfigKeys (ConfUtils.java:logGet(46)) - raft.server.notification.no-leader.timeout = 300s (custom)
2023-09-28 13:00:05,422 [1f3e3681-2cc0-4f79-8587-08300d65d237-groupManagement] INFO  server.RaftServerConfigKeys (ConfUtils.java:logGet(46)) - raft.server.read.timeout = 10s (default)
2023-09-28 13:00:05,422 [1f3e3681-2cc0-4f79-8587-08300d65d237-groupManagement] INFO  server.RaftServerConfigKeys (ConfUtils.java:logGet(46)) - raft.server.retrycache.expirytime = 600000ms (custom)
2023-09-28 13:00:05,422 [1f3e3681-2cc0-4f79-8587-08300d65d237-groupManagement] INFO  server.RaftServerConfigKeys (ConfUtils.java:logGet(46)) - raft.server.retrycache.statistics.expirytime = 100μs (default)
2023-09-28 13:00:05,422 [1f3e3681-2cc0-4f79-8587-08300d65d237-groupManagement] INFO  server.RaftServerConfigKeys (ConfUtils.java:logGet(46)) - raft.server.read.option = DEFAULT (default)
2023-09-28 13:00:05,423 [1f3e3681-2cc0-4f79-8587-08300d65d237-groupManagement] INFO  server.RaftServerConfigKeys (ConfUtils.java:logGet(46)) - raft.server.rpc.request.timeout = 60s (custom)
2023-09-28 13:00:05,423 [1f3e3681-2cc0-4f79-8587-08300d65d237-groupManagement] INFO  server.RaftServerConfigKeys (ConfUtils.java:logGet(46)) - raft.server.log.appender.install.snapshot.enabled = false (custom)
2023-09-28 13:00:05,423 [1f3e3681-2cc0-4f79-8587-08300d65d237-groupManagement] INFO  server.RaftServerConfigKeys (ConfUtils.java:logGet(46)) - raft.server.threadpool.server.cached = true (default)
2023-09-28 13:00:05,423 [1f3e3681-2cc0-4f79-8587-08300d65d237-groupManagement] INFO  server.RaftServerConfigKeys (ConfUtils.java:logGet(46)) - raft.server.threadpool.server.size = 0 (default)
2023-09-28 13:00:05,423 [1f3e3681-2cc0-4f79-8587-08300d65d237-groupManagement] INFO  server.RaftServerConfigKeys (ConfUtils.java:logGet(46)) - raft.server.threadpool.client.cached = true (default)
2023-09-28 13:00:05,423 [1f3e3681-2cc0-4f79-8587-08300d65d237-groupManagement] INFO  server.RaftServerConfigKeys (ConfUtils.java:logGet(46)) - raft.server.threadpool.client.size = 0 (default)
2023-09-28 13:00:05,423 [1f3e3681-2cc0-4f79-8587-08300d65d237-groupManagement] INFO  storage.RaftStorageDirectory (RaftStorageDirectoryImpl.java:analyzeStorage(137)) - The storage directory /home/runner/work/ozone/ozone/hadoop-ozone/integration-test/target/test-dir/MiniOzoneClusterImpl-1398513c-1ad7-449a-9b84-f90cd6748766/datanode-1/data/ratis/f961854f-942d-4e10-bedd-a1b1a31b5f97 does not exist. Creating ...
2023-09-28 13:00:05,425 [1f3e3681-2cc0-4f79-8587-08300d65d237-groupManagement] INFO  storage.RaftStorageDirectory (RaftStorageDirectoryImpl.java:tryLock(231)) - Lock on /home/runner/work/ozone/ozone/hadoop-ozone/integration-test/target/test-dir/MiniOzoneClusterImpl-1398513c-1ad7-449a-9b84-f90cd6748766/datanode-1/data/ratis/f961854f-942d-4e10-bedd-a1b1a31b5f97/in_use.lock acquired by nodename 7568@fv-az163-431
2023-09-28 13:00:05,427 [1f3e3681-2cc0-4f79-8587-08300d65d237-groupManagement] INFO  storage.RaftStorage (RaftStorageImpl.java:format(96)) - Storage directory /home/runner/work/ozone/ozone/hadoop-ozone/integration-test/target/test-dir/MiniOzoneClusterImpl-1398513c-1ad7-449a-9b84-f90cd6748766/datanode-1/data/ratis/f961854f-942d-4e10-bedd-a1b1a31b5f97 has been successfully formatted.
2023-09-28 13:00:05,428 [1f3e3681-2cc0-4f79-8587-08300d65d237-groupManagement] INFO  ratis.ContainerStateMachine (ContainerStateMachine.java:loadSnapshot(262)) - group-A1B1A31B5F97: The snapshot info is null. Setting the last applied indexto:(t:0, i:~)
2023-09-28 13:00:05,428 [1f3e3681-2cc0-4f79-8587-08300d65d237-groupManagement] INFO  server.RaftServerConfigKeys (ConfUtils.java:logGet(46)) - raft.server.log.use.memory = false (default)
2023-09-28 13:00:05,428 [1f3e3681-2cc0-4f79-8587-08300d65d237-groupManagement] INFO  server.RaftServerConfigKeys (ConfUtils.java:logGet(46)) - raft.server.log.purge.gap = 1000000 (custom)
2023-09-28 13:00:05,429 [1f3e3681-2cc0-4f79-8587-08300d65d237-groupManagement] INFO  server.RaftServerConfigKeys (ConfUtils.java:logGet(46)) - raft.server.log.appender.buffer.byte-limit = 33554432 (custom)
2023-09-28 13:00:05,429 [1f3e3681-2cc0-4f79-8587-08300d65d237-groupManagement] INFO  server.RaftServerConfigKeys (ConfUtils.java:logGet(46)) - raft.server.log.statemachine.data.read.timeout = 1000ms (default)
2023-09-28 13:00:05,429 [1f3e3681-2cc0-4f79-8587-08300d65d237-groupManagement] INFO  server.RaftServerConfigKeys (ConfUtils.java:logGet(46)) - raft.server.log.purge.preservation.log.num = 0 (default)
2023-09-28 13:00:05,429 [1f3e3681-2cc0-4f79-8587-08300d65d237-groupManagement] INFO  server.RaftServerConfigKeys (ConfUtils.java:logGet(46)) - raft.server.log.segment.size.max = 1048576 (custom)
2023-09-28 13:00:05,429 [1f3e3681-2cc0-4f79-8587-08300d65d237-groupManagement] INFO  server.RaftServerConfigKeys (ConfUtils.java:logGet(46)) - raft.server.log.segment.cache.num.max = 2 (custom)
2023-09-28 13:00:05,429 [1f3e3681-2cc0-4f79-8587-08300d65d237-groupManagement] INFO  server.RaftServerConfigKeys (ConfUtils.java:logGet(46)) - raft.server.log.segment.cache.size.max = 200MB (=209715200) (default)
2023-09-28 13:00:05,429 [1f3e3681-2cc0-4f79-8587-08300d65d237-groupManagement] INFO  server.RaftServerConfigKeys (ConfUtils.java:logGet(46)) - raft.server.log.appender.buffer.byte-limit = 33554432 (custom)
2023-09-28 13:00:05,429 [1f3e3681-2cc0-4f79-8587-08300d65d237-groupManagement] INFO  segmented.SegmentedRaftLogWorker (SegmentedRaftLogWorker.java:<init>(188)) - new 1f3e3681-2cc0-4f79-8587-08300d65d237@group-A1B1A31B5F97-SegmentedRaftLogWorker for RaftStorageImpl:Storage Directory /home/runner/work/ozone/ozone/hadoop-ozone/integration-test/target/test-dir/MiniOzoneClusterImpl-1398513c-1ad7-449a-9b84-f90cd6748766/datanode-1/data/ratis/f961854f-942d-4e10-bedd-a1b1a31b5f97
2023-09-28 13:00:05,429 [1f3e3681-2cc0-4f79-8587-08300d65d237-groupManagement] INFO  server.RaftServerConfigKeys (ConfUtils.java:logGet(46)) - raft.server.log.queue.byte-limit = 4294967296 (custom)
2023-09-28 13:00:05,429 [1f3e3681-2cc0-4f79-8587-08300d65d237-groupManagement] INFO  server.RaftServerConfigKeys (ConfUtils.java:logGet(46)) - raft.server.log.queue.element-limit = 1024 (custom)
2023-09-28 13:00:05,429 [1f3e3681-2cc0-4f79-8587-08300d65d237-groupManagement] INFO  server.RaftServerConfigKeys (ConfUtils.java:logGet(46)) - raft.server.log.segment.size.max = 1048576 (custom)
2023-09-28 13:00:05,429 [1f3e3681-2cc0-4f79-8587-08300d65d237-groupManagement] INFO  server.RaftServerConfigKeys (ConfUtils.java:logGet(46)) - raft.server.log.preallocated.size = 16384 (custom)
2023-09-28 13:00:05,429 [1f3e3681-2cc0-4f79-8587-08300d65d237-groupManagement] INFO  server.RaftServerConfigKeys (ConfUtils.java:logGet(46)) - raft.server.log.force.sync.num = 128 (default)
2023-09-28 13:00:05,429 [1f3e3681-2cc0-4f79-8587-08300d65d237-groupManagement] INFO  server.RaftServerConfigKeys (ConfUtils.java:logGet(46)) - raft.server.log.statemachine.data.sync = true (default)
2023-09-28 13:00:05,429 [1f3e3681-2cc0-4f79-8587-08300d65d237-groupManagement] INFO  server.RaftServerConfigKeys (ConfUtils.java:logGet(46)) - raft.server.log.statemachine.data.sync.timeout = 10s (default)
2023-09-28 13:00:05,430 [1f3e3681-2cc0-4f79-8587-08300d65d237-groupManagement] INFO  server.RaftServerConfigKeys (ConfUtils.java:logGet(46)) - raft.server.log.statemachine.data.sync.timeout.retry = -1 (default)
2023-09-28 13:00:05,430 [1f3e3681-2cc0-4f79-8587-08300d65d237-groupManagement] INFO  server.RaftServerConfigKeys (ConfUtils.java:logGet(46)) - raft.server.log.write.buffer.size = 1048576 (custom)
2023-09-28 13:00:05,431 [1f3e3681-2cc0-4f79-8587-08300d65d237-groupManagement] INFO  server.RaftServerConfigKeys (ConfUtils.java:logGet(46)) - raft.server.log.appender.buffer.byte-limit = 33554432 (custom)
2023-09-28 13:00:05,437 [1f3e3681-2cc0-4f79-8587-08300d65d237-groupManagement] INFO  server.RaftServerConfigKeys (ConfUtils.java:logGet(46)) - raft.server.log.unsafe-flush.enabled = false (default)
2023-09-28 13:00:05,437 [1f3e3681-2cc0-4f79-8587-08300d65d237-groupManagement] INFO  server.RaftServerConfigKeys (ConfUtils.java:logGet(46)) - raft.server.log.async-flush.enabled = false (default)
2023-09-28 13:00:05,437 [1f3e3681-2cc0-4f79-8587-08300d65d237-groupManagement] INFO  server.RaftServerConfigKeys (ConfUtils.java:logGet(46)) - raft.server.log.statemachine.data.caching.enabled = true (custom)
2023-09-28 13:00:05,437 [1f3e3681-2cc0-4f79-8587-08300d65d237-groupManagement] INFO  segmented.SegmentedRaftLogWorker (SegmentedRaftLogWorker.java:lambda$new$0(135)) - 1f3e3681-2cc0-4f79-8587-08300d65d237@group-A1B1A31B5F97-SegmentedRaftLogWorker: flushIndex: setUnconditionally 0 -> -1
2023-09-28 13:00:05,437 [1f3e3681-2cc0-4f79-8587-08300d65d237-groupManagement] INFO  segmented.SegmentedRaftLogWorker (SegmentedRaftLogWorker.java:lambda$new$0(135)) - 1f3e3681-2cc0-4f79-8587-08300d65d237@group-A1B1A31B5F97-SegmentedRaftLogWorker: safeCacheEvictIndex: setUnconditionally 0 -> -1
2023-09-28 13:00:05,437 [1f3e3681-2cc0-4f79-8587-08300d65d237-groupManagement] INFO  server.RaftServer$Division (RaftServerImpl.java:start(342)) - 1f3e3681-2cc0-4f79-8587-08300d65d237@group-A1B1A31B5F97: start as a follower, conf=-1: peers:[1544e7f7-fd3f-4574-a78e-ef52e31146de|rpc:10.1.0.34:15173|admin:10.1.0.34:15172|client:10.1.0.34:15171|dataStream:10.1.0.34:15174|priority:0|startupRole:FOLLOWER, 1f3e3681-2cc0-4f79-8587-08300d65d237|rpc:10.1.0.34:15182|admin:10.1.0.34:15181|client:10.1.0.34:15180|dataStream:10.1.0.34:15183|priority:0|startupRole:FOLLOWER, 2e0a77eb-074a-4a54-81ef-c7479b7c14e1|rpc:10.1.0.34:15191|admin:10.1.0.34:15190|client:10.1.0.34:15189|dataStream:10.1.0.34:15192|priority:1|startupRole:FOLLOWER]|listeners:[], old=null
2023-09-28 13:00:05,437 [1f3e3681-2cc0-4f79-8587-08300d65d237-groupManagement] INFO  server.RaftServer$Division (RaftServerImpl.java:setRole(329)) - 1f3e3681-2cc0-4f79-8587-08300d65d237@group-A1B1A31B5F97: changes role from      null to FOLLOWER at term 0 for startAsFollower
2023-09-28 13:00:05,437 [1f3e3681-2cc0-4f79-8587-08300d65d237-groupManagement] INFO  impl.RoleInfo (RoleInfo.java:updateAndGet(139)) - 1f3e3681-2cc0-4f79-8587-08300d65d237: start 1f3e3681-2cc0-4f79-8587-08300d65d237@group-A1B1A31B5F97-FollowerState
2023-09-28 13:00:05,439 [1f3e3681-2cc0-4f79-8587-08300d65d237-groupManagement] INFO  util.JmxRegister (JmxRegister.java:tryRegister(44)) - Successfully registered JMX Bean with object name Ratis:service=RaftServer,group=group-A1B1A31B5F97,id=1f3e3681-2cc0-4f79-8587-08300d65d237
2023-09-28 13:00:05,440 [1f3e3681-2cc0-4f79-8587-08300d65d237-groupManagement] INFO  server.RaftServerConfigKeys (ConfUtils.java:logGet(46)) - raft.server.snapshot.auto.trigger.enabled = true (custom)
2023-09-28 13:00:05,440 [1f3e3681-2cc0-4f79-8587-08300d65d237-groupManagement] INFO  server.RaftServerConfigKeys (ConfUtils.java:logGet(46)) - raft.server.snapshot.auto.trigger.threshold = 10000 (custom)
2023-09-28 13:00:05,440 [1f3e3681-2cc0-4f79-8587-08300d65d237-groupManagement] INFO  server.RaftServerConfigKeys (ConfUtils.java:logGet(46)) - raft.server.snapshot.retention.file.num = 5 (custom)
2023-09-28 13:00:05,440 [1f3e3681-2cc0-4f79-8587-08300d65d237-groupManagement] INFO  server.RaftServerConfigKeys (ConfUtils.java:logGet(46)) - raft.server.log.purge.upto.snapshot.index = false (default)
2023-09-28 13:00:05,440 [1f3e3681-2cc0-4f79-8587-08300d65d237@group-A1B1A31B5F97-FollowerState] INFO  server.RaftServerConfigKeys (ConfUtils.java:logFallback(53)) - raft.server.rpc.first-election.timeout.min = 5s (fallback to raft.server.rpc.timeout.min)
2023-09-28 13:00:05,440 [1f3e3681-2cc0-4f79-8587-08300d65d237@group-A1B1A31B5F97-FollowerState] INFO  server.RaftServerConfigKeys (ConfUtils.java:logFallback(53)) - raft.server.rpc.first-election.timeout.max = 5200ms (fallback to raft.server.rpc.timeout.max)
2023-09-28 13:00:05,465 [grpc-default-executor-0] INFO  server.RaftServer (RaftServerProxy.java:addNew(98)) - 2e0a77eb-074a-4a54-81ef-c7479b7c14e1: addNew group-A1B1A31B5F97:[1544e7f7-fd3f-4574-a78e-ef52e31146de|rpc:10.1.0.34:15173|admin:10.1.0.34:15172|client:10.1.0.34:15171|dataStream:10.1.0.34:15174|priority:0|startupRole:FOLLOWER, 1f3e3681-2cc0-4f79-8587-08300d65d237|rpc:10.1.0.34:15182|admin:10.1.0.34:15181|client:10.1.0.34:15180|dataStream:10.1.0.34:15183|priority:0|startupRole:FOLLOWER, 2e0a77eb-074a-4a54-81ef-c7479b7c14e1|rpc:10.1.0.34:15191|admin:10.1.0.34:15190|client:10.1.0.34:15189|dataStream:10.1.0.34:15192|priority:1|startupRole:FOLLOWER] returns group-A1B1A31B5F97:java.util.concurrent.CompletableFuture@1d469f04[Not completed]
2023-09-28 13:00:05,467 [2e0a77eb-074a-4a54-81ef-c7479b7c14e1-groupManagement] INFO  server.RaftServer$Division (RaftServerImpl.java:<init>(198)) - 2e0a77eb-074a-4a54-81ef-c7479b7c14e1: new RaftServerImpl for group-A1B1A31B5F97:[1544e7f7-fd3f-4574-a78e-ef52e31146de|rpc:10.1.0.34:15173|admin:10.1.0.34:15172|client:10.1.0.34:15171|dataStream:10.1.0.34:15174|priority:0|startupRole:FOLLOWER, 1f3e3681-2cc0-4f79-8587-08300d65d237|rpc:10.1.0.34:15182|admin:10.1.0.34:15181|client:10.1.0.34:15180|dataStream:10.1.0.34:15183|priority:0|startupRole:FOLLOWER, 2e0a77eb-074a-4a54-81ef-c7479b7c14e1|rpc:10.1.0.34:15191|admin:10.1.0.34:15190|client:10.1.0.34:15189|dataStream:10.1.0.34:15192|priority:1|startupRole:FOLLOWER] with ContainerStateMachine:uninitialized
2023-09-28 13:00:05,467 [2e0a77eb-074a-4a54-81ef-c7479b7c14e1-groupManagement] INFO  server.RaftServerConfigKeys (ConfUtils.java:logGet(46)) - raft.server.rpc.timeout.min = 5s (custom)
2023-09-28 13:00:05,467 [2e0a77eb-074a-4a54-81ef-c7479b7c14e1-groupManagement] INFO  server.RaftServerConfigKeys (ConfUtils.java:logGet(46)) - raft.server.rpc.timeout.max = 5200ms (custom)
2023-09-28 13:00:05,467 [2e0a77eb-074a-4a54-81ef-c7479b7c14e1-groupManagement] INFO  server.RaftServerConfigKeys (ConfUtils.java:logGet(46)) - raft.server.rpc.sleep.time = 25ms (default)
2023-09-28 13:00:05,467 [2e0a77eb-074a-4a54-81ef-c7479b7c14e1-groupManagement] INFO  server.RaftServerConfigKeys (ConfUtils.java:logGet(46)) - raft.server.rpc.slowness.timeout = 300s (custom)
2023-09-28 13:00:05,467 [2e0a77eb-074a-4a54-81ef-c7479b7c14e1-groupManagement] INFO  server.RaftServerConfigKeys (ConfUtils.java:logGet(46)) - raft.server.leaderelection.leader.step-down.wait-time = 10s (default)
2023-09-28 13:00:05,467 [2e0a77eb-074a-4a54-81ef-c7479b7c14e1-groupManagement] INFO  server.RaftServerConfigKeys (ConfUtils.java:logGet(46)) - raft.server.sleep.deviation.threshold = 300ms (default)
2023-09-28 13:00:05,468 [2e0a77eb-074a-4a54-81ef-c7479b7c14e1-groupManagement] INFO  server.RaftServer$Division (ServerState.java:<init>(120)) - 2e0a77eb-074a-4a54-81ef-c7479b7c14e1@group-A1B1A31B5F97: ConfigurationManager, init=-1: peers:[1544e7f7-fd3f-4574-a78e-ef52e31146de|rpc:10.1.0.34:15173|admin:10.1.0.34:15172|client:10.1.0.34:15171|dataStream:10.1.0.34:15174|priority:0|startupRole:FOLLOWER, 1f3e3681-2cc0-4f79-8587-08300d65d237|rpc:10.1.0.34:15182|admin:10.1.0.34:15181|client:10.1.0.34:15180|dataStream:10.1.0.34:15183|priority:0|startupRole:FOLLOWER, 2e0a77eb-074a-4a54-81ef-c7479b7c14e1|rpc:10.1.0.34:15191|admin:10.1.0.34:15190|client:10.1.0.34:15189|dataStream:10.1.0.34:15192|priority:1|startupRole:FOLLOWER]|listeners:[], old=null, confs=<EMPTY_MAP>
2023-09-28 13:00:05,468 [2e0a77eb-074a-4a54-81ef-c7479b7c14e1-groupManagement] INFO  server.RaftServerConfigKeys (ConfUtils.java:logGet(46)) - raft.server.storage.dir = [/home/runner/work/ozone/ozone/hadoop-ozone/integration-test/target/test-dir/MiniOzoneClusterImpl-1398513c-1ad7-449a-9b84-f90cd6748766/datanode-2/data/ratis] (custom)
2023-09-28 13:00:05,468 [2e0a77eb-074a-4a54-81ef-c7479b7c14e1-groupManagement] INFO  server.RaftServerConfigKeys (ConfUtils.java:logGet(46)) - raft.server.log.corruption.policy = EXCEPTION (default)
2023-09-28 13:00:05,468 [2e0a77eb-074a-4a54-81ef-c7479b7c14e1-groupManagement] INFO  server.RaftServerConfigKeys (ConfUtils.java:logGet(46)) - raft.server.storage.free-space.min = 0MB (=0) (default)
2023-09-28 13:00:05,468 [2e0a77eb-074a-4a54-81ef-c7479b7c14e1-groupManagement] INFO  server.RaftServerConfigKeys (ConfUtils.java:logGet(46)) - raft.server.notification.no-leader.timeout = 300s (custom)
2023-09-28 13:00:05,468 [2e0a77eb-074a-4a54-81ef-c7479b7c14e1-groupManagement] INFO  server.RaftServerConfigKeys (ConfUtils.java:logGet(46)) - raft.server.read.timeout = 10s (default)
2023-09-28 13:00:05,468 [2e0a77eb-074a-4a54-81ef-c7479b7c14e1-groupManagement] INFO  server.RaftServerConfigKeys (ConfUtils.java:logGet(46)) - raft.server.retrycache.expirytime = 600000ms (custom)
2023-09-28 13:00:05,468 [2e0a77eb-074a-4a54-81ef-c7479b7c14e1-groupManagement] INFO  server.RaftServerConfigKeys (ConfUtils.java:logGet(46)) - raft.server.retrycache.statistics.expirytime = 100μs (default)
2023-09-28 13:00:05,468 [2e0a77eb-074a-4a54-81ef-c7479b7c14e1-groupManagement] INFO  server.RaftServerConfigKeys (ConfUtils.java:logGet(46)) - raft.server.read.option = DEFAULT (default)
2023-09-28 13:00:05,469 [2e0a77eb-074a-4a54-81ef-c7479b7c14e1-groupManagement] INFO  server.RaftServerConfigKeys (ConfUtils.java:logGet(46)) - raft.server.rpc.request.timeout = 60s (custom)
2023-09-28 13:00:05,469 [2e0a77eb-074a-4a54-81ef-c7479b7c14e1-groupManagement] INFO  server.RaftServerConfigKeys (ConfUtils.java:logGet(46)) - raft.server.log.appender.install.snapshot.enabled = false (custom)
2023-09-28 13:00:05,469 [2e0a77eb-074a-4a54-81ef-c7479b7c14e1-groupManagement] INFO  server.RaftServerConfigKeys (ConfUtils.java:logGet(46)) - raft.server.threadpool.server.cached = true (default)
2023-09-28 13:00:05,469 [2e0a77eb-074a-4a54-81ef-c7479b7c14e1-groupManagement] INFO  server.RaftServerConfigKeys (ConfUtils.java:logGet(46)) - raft.server.threadpool.server.size = 0 (default)
2023-09-28 13:00:05,469 [2e0a77eb-074a-4a54-81ef-c7479b7c14e1-groupManagement] INFO  server.RaftServerConfigKeys (ConfUtils.java:logGet(46)) - raft.server.threadpool.client.cached = true (default)
2023-09-28 13:00:05,469 [2e0a77eb-074a-4a54-81ef-c7479b7c14e1-groupManagement] INFO  server.RaftServerConfigKeys (ConfUtils.java:logGet(46)) - raft.server.threadpool.client.size = 0 (default)
2023-09-28 13:00:05,469 [2e0a77eb-074a-4a54-81ef-c7479b7c14e1-groupManagement] INFO  storage.RaftStorageDirectory (RaftStorageDirectoryImpl.java:analyzeStorage(137)) - The storage directory /home/runner/work/ozone/ozone/hadoop-ozone/integration-test/target/test-dir/MiniOzoneClusterImpl-1398513c-1ad7-449a-9b84-f90cd6748766/datanode-2/data/ratis/f961854f-942d-4e10-bedd-a1b1a31b5f97 does not exist. Creating ...
2023-09-28 13:00:05,471 [2e0a77eb-074a-4a54-81ef-c7479b7c14e1-groupManagement] INFO  storage.RaftStorageDirectory (RaftStorageDirectoryImpl.java:tryLock(231)) - Lock on /home/runner/work/ozone/ozone/hadoop-ozone/integration-test/target/test-dir/MiniOzoneClusterImpl-1398513c-1ad7-449a-9b84-f90cd6748766/datanode-2/data/ratis/f961854f-942d-4e10-bedd-a1b1a31b5f97/in_use.lock acquired by nodename 7568@fv-az163-431
2023-09-28 13:00:05,473 [2e0a77eb-074a-4a54-81ef-c7479b7c14e1-groupManagement] INFO  storage.RaftStorage (RaftStorageImpl.java:format(96)) - Storage directory /home/runner/work/ozone/ozone/hadoop-ozone/integration-test/target/test-dir/MiniOzoneClusterImpl-1398513c-1ad7-449a-9b84-f90cd6748766/datanode-2/data/ratis/f961854f-942d-4e10-bedd-a1b1a31b5f97 has been successfully formatted.
2023-09-28 13:00:05,474 [2e0a77eb-074a-4a54-81ef-c7479b7c14e1-groupManagement] INFO  ratis.ContainerStateMachine (ContainerStateMachine.java:loadSnapshot(262)) - group-A1B1A31B5F97: The snapshot info is null. Setting the last applied indexto:(t:0, i:~)
2023-09-28 13:00:05,474 [2e0a77eb-074a-4a54-81ef-c7479b7c14e1-groupManagement] INFO  server.RaftServerConfigKeys (ConfUtils.java:logGet(46)) - raft.server.log.use.memory = false (default)
2023-09-28 13:00:05,474 [2e0a77eb-074a-4a54-81ef-c7479b7c14e1-groupManagement] INFO  server.RaftServerConfigKeys (ConfUtils.java:logGet(46)) - raft.server.log.purge.gap = 1000000 (custom)
2023-09-28 13:00:05,474 [2e0a77eb-074a-4a54-81ef-c7479b7c14e1-groupManagement] INFO  server.RaftServerConfigKeys (ConfUtils.java:logGet(46)) - raft.server.log.appender.buffer.byte-limit = 33554432 (custom)
2023-09-28 13:00:05,474 [2e0a77eb-074a-4a54-81ef-c7479b7c14e1-groupManagement] INFO  server.RaftServerConfigKeys (ConfUtils.java:logGet(46)) - raft.server.log.statemachine.data.read.timeout = 1000ms (default)
2023-09-28 13:00:05,474 [2e0a77eb-074a-4a54-81ef-c7479b7c14e1-groupManagement] INFO  server.RaftServerConfigKeys (ConfUtils.java:logGet(46)) - raft.server.log.purge.preservation.log.num = 0 (default)
2023-09-28 13:00:05,476 [2e0a77eb-074a-4a54-81ef-c7479b7c14e1-groupManagement] INFO  server.RaftServerConfigKeys (ConfUtils.java:logGet(46)) - raft.server.log.segment.size.max = 1048576 (custom)
2023-09-28 13:00:05,476 [2e0a77eb-074a-4a54-81ef-c7479b7c14e1-groupManagement] INFO  server.RaftServerConfigKeys (ConfUtils.java:logGet(46)) - raft.server.log.segment.cache.num.max = 2 (custom)
2023-09-28 13:00:05,476 [2e0a77eb-074a-4a54-81ef-c7479b7c14e1-groupManagement] INFO  server.RaftServerConfigKeys (ConfUtils.java:logGet(46)) - raft.server.log.segment.cache.size.max = 200MB (=209715200) (default)
2023-09-28 13:00:05,476 [2e0a77eb-074a-4a54-81ef-c7479b7c14e1-groupManagement] INFO  server.RaftServerConfigKeys (ConfUtils.java:logGet(46)) - raft.server.log.appender.buffer.byte-limit = 33554432 (custom)
2023-09-28 13:00:05,477 [2e0a77eb-074a-4a54-81ef-c7479b7c14e1-groupManagement] INFO  segmented.SegmentedRaftLogWorker (SegmentedRaftLogWorker.java:<init>(188)) - new 2e0a77eb-074a-4a54-81ef-c7479b7c14e1@group-A1B1A31B5F97-SegmentedRaftLogWorker for RaftStorageImpl:Storage Directory /home/runner/work/ozone/ozone/hadoop-ozone/integration-test/target/test-dir/MiniOzoneClusterImpl-1398513c-1ad7-449a-9b84-f90cd6748766/datanode-2/data/ratis/f961854f-942d-4e10-bedd-a1b1a31b5f97
2023-09-28 13:00:05,478 [2e0a77eb-074a-4a54-81ef-c7479b7c14e1-groupManagement] INFO  server.RaftServerConfigKeys (ConfUtils.java:logGet(46)) - raft.server.log.queue.byte-limit = 4294967296 (custom)
2023-09-28 13:00:05,478 [2e0a77eb-074a-4a54-81ef-c7479b7c14e1-groupManagement] INFO  server.RaftServerConfigKeys (ConfUtils.java:logGet(46)) - raft.server.log.queue.element-limit = 1024 (custom)
2023-09-28 13:00:05,478 [2e0a77eb-074a-4a54-81ef-c7479b7c14e1-groupManagement] INFO  server.RaftServerConfigKeys (ConfUtils.java:logGet(46)) - raft.server.log.segment.size.max = 1048576 (custom)
2023-09-28 13:00:05,478 [2e0a77eb-074a-4a54-81ef-c7479b7c14e1-groupManagement] INFO  server.RaftServerConfigKeys (ConfUtils.java:logGet(46)) - raft.server.log.preallocated.size = 16384 (custom)
2023-09-28 13:00:05,478 [2e0a77eb-074a-4a54-81ef-c7479b7c14e1-groupManagement] INFO  server.RaftServerConfigKeys (ConfUtils.java:logGet(46)) - raft.server.log.force.sync.num = 128 (default)
2023-09-28 13:00:05,478 [2e0a77eb-074a-4a54-81ef-c7479b7c14e1-groupManagement] INFO  server.RaftServerConfigKeys (ConfUtils.java:logGet(46)) - raft.server.log.statemachine.data.sync = true (default)
2023-09-28 13:00:05,478 [2e0a77eb-074a-4a54-81ef-c7479b7c14e1-groupManagement] INFO  server.RaftServerConfigKeys (ConfUtils.java:logGet(46)) - raft.server.log.statemachine.data.sync.timeout = 10s (default)
2023-09-28 13:00:05,478 [2e0a77eb-074a-4a54-81ef-c7479b7c14e1-groupManagement] INFO  server.RaftServerConfigKeys (ConfUtils.java:logGet(46)) - raft.server.log.statemachine.data.sync.timeout.retry = -1 (default)
2023-09-28 13:00:05,478 [2e0a77eb-074a-4a54-81ef-c7479b7c14e1-groupManagement] INFO  server.RaftServerConfigKeys (ConfUtils.java:logGet(46)) - raft.server.log.write.buffer.size = 1048576 (custom)
2023-09-28 13:00:05,479 [2e0a77eb-074a-4a54-81ef-c7479b7c14e1-groupManagement] INFO  server.RaftServerConfigKeys (ConfUtils.java:logGet(46)) - raft.server.log.appender.buffer.byte-limit = 33554432 (custom)
2023-09-28 13:00:05,485 [2e0a77eb-074a-4a54-81ef-c7479b7c14e1-groupManagement] INFO  server.RaftServerConfigKeys (ConfUtils.java:logGet(46)) - raft.server.log.unsafe-flush.enabled = false (default)
2023-09-28 13:00:05,485 [2e0a77eb-074a-4a54-81ef-c7479b7c14e1-groupManagement] INFO  server.RaftServerConfigKeys (ConfUtils.java:logGet(46)) - raft.server.log.async-flush.enabled = false (default)
2023-09-28 13:00:05,485 [2e0a77eb-074a-4a54-81ef-c7479b7c14e1-groupManagement] INFO  server.RaftServerConfigKeys (ConfUtils.java:logGet(46)) - raft.server.log.statemachine.data.caching.enabled = true (custom)
2023-09-28 13:00:05,486 [2e0a77eb-074a-4a54-81ef-c7479b7c14e1-groupManagement] INFO  segmented.SegmentedRaftLogWorker (SegmentedRaftLogWorker.java:lambda$new$0(135)) - 2e0a77eb-074a-4a54-81ef-c7479b7c14e1@group-A1B1A31B5F97-SegmentedRaftLogWorker: flushIndex: setUnconditionally 0 -> -1
2023-09-28 13:00:05,486 [2e0a77eb-074a-4a54-81ef-c7479b7c14e1-groupManagement] INFO  segmented.SegmentedRaftLogWorker (SegmentedRaftLogWorker.java:lambda$new$0(135)) - 2e0a77eb-074a-4a54-81ef-c7479b7c14e1@group-A1B1A31B5F97-SegmentedRaftLogWorker: safeCacheEvictIndex: setUnconditionally 0 -> -1
2023-09-28 13:00:05,489 [2e0a77eb-074a-4a54-81ef-c7479b7c14e1-groupManagement] INFO  server.RaftServer$Division (RaftServerImpl.java:start(342)) - 2e0a77eb-074a-4a54-81ef-c7479b7c14e1@group-A1B1A31B5F97: start as a follower, conf=-1: peers:[1544e7f7-fd3f-4574-a78e-ef52e31146de|rpc:10.1.0.34:15173|admin:10.1.0.34:15172|client:10.1.0.34:15171|dataStream:10.1.0.34:15174|priority:0|startupRole:FOLLOWER, 1f3e3681-2cc0-4f79-8587-08300d65d237|rpc:10.1.0.34:15182|admin:10.1.0.34:15181|client:10.1.0.34:15180|dataStream:10.1.0.34:15183|priority:0|startupRole:FOLLOWER, 2e0a77eb-074a-4a54-81ef-c7479b7c14e1|rpc:10.1.0.34:15191|admin:10.1.0.34:15190|client:10.1.0.34:15189|dataStream:10.1.0.34:15192|priority:1|startupRole:FOLLOWER]|listeners:[], old=null
2023-09-28 13:00:05,489 [2e0a77eb-074a-4a54-81ef-c7479b7c14e1-groupManagement] INFO  server.RaftServer$Division (RaftServerImpl.java:setRole(329)) - 2e0a77eb-074a-4a54-81ef-c7479b7c14e1@group-A1B1A31B5F97: changes role from      null to FOLLOWER at term 0 for startAsFollower
2023-09-28 13:00:05,489 [2e0a77eb-074a-4a54-81ef-c7479b7c14e1-groupManagement] INFO  impl.RoleInfo (RoleInfo.java:updateAndGet(139)) - 2e0a77eb-074a-4a54-81ef-c7479b7c14e1: start 2e0a77eb-074a-4a54-81ef-c7479b7c14e1@group-A1B1A31B5F97-FollowerState
2023-09-28 13:00:05,492 [2e0a77eb-074a-4a54-81ef-c7479b7c14e1-groupManagement] INFO  util.JmxRegister (JmxRegister.java:tryRegister(44)) - Successfully registered JMX Bean with object name Ratis:service=RaftServer,group=group-A1B1A31B5F97,id=2e0a77eb-074a-4a54-81ef-c7479b7c14e1
2023-09-28 13:00:05,492 [2e0a77eb-074a-4a54-81ef-c7479b7c14e1-groupManagement] INFO  server.RaftServerConfigKeys (ConfUtils.java:logGet(46)) - raft.server.snapshot.auto.trigger.enabled = true (custom)
2023-09-28 13:00:05,493 [2e0a77eb-074a-4a54-81ef-c7479b7c14e1-groupManagement] INFO  server.RaftServerConfigKeys (ConfUtils.java:logGet(46)) - raft.server.snapshot.auto.trigger.threshold = 10000 (custom)
2023-09-28 13:00:05,493 [2e0a77eb-074a-4a54-81ef-c7479b7c14e1-groupManagement] INFO  server.RaftServerConfigKeys (ConfUtils.java:logGet(46)) - raft.server.snapshot.retention.file.num = 5 (custom)
2023-09-28 13:00:05,493 [2e0a77eb-074a-4a54-81ef-c7479b7c14e1-groupManagement] INFO  server.RaftServerConfigKeys (ConfUtils.java:logGet(46)) - raft.server.log.purge.upto.snapshot.index = false (default)
2023-09-28 13:00:05,493 [2e0a77eb-074a-4a54-81ef-c7479b7c14e1@group-A1B1A31B5F97-FollowerState] INFO  server.RaftServerConfigKeys (ConfUtils.java:logFallback(53)) - raft.server.rpc.first-election.timeout.min = 5s (fallback to raft.server.rpc.timeout.min)
2023-09-28 13:00:05,493 [2e0a77eb-074a-4a54-81ef-c7479b7c14e1@group-A1B1A31B5F97-FollowerState] INFO  server.RaftServerConfigKeys (ConfUtils.java:logFallback(53)) - raft.server.rpc.first-election.timeout.max = 5200ms (fallback to raft.server.rpc.timeout.max)
2023-09-28 13:00:05,497 [main] INFO  ozone.MiniOzoneClusterImpl (MiniOzoneClusterImpl.java:lambda$waitForClusterToBeReady$0(229)) - Nodes are ready. Got 5 of 5 DN Heartbeats.
2023-09-28 13:00:05,497 [main] INFO  ozone.MiniOzoneClusterImpl (MiniOzoneClusterImpl.java:lambda$waitForClusterToBeReady$0(232)) - Waiting for cluster to exit safe mode
2023-09-28 13:00:05,497 [main] INFO  ozone.MiniOzoneClusterImpl (MiniOzoneClusterImpl.java:lambda$waitForClusterToBeReady$0(234)) - SCM became leader
2023-09-28 13:00:05,505 [PipelineCommandHandlerThread-0] INFO  commandhandler.CreatePipelineCommandHandler (CreatePipelineCommandHandler.java:lambda$handle$2(124)) - Created Pipeline RATIS THREE PipelineID=f961854f-942d-4e10-bedd-a1b1a31b5f97.
2023-09-28 13:00:05,549 [PipelineCommandHandlerThread-0] INFO  server.RaftServer (RaftServerProxy.java:addNew(98)) - 1f3e3681-2cc0-4f79-8587-08300d65d237: addNew group-6260D8CBABB2:[1f3e3681-2cc0-4f79-8587-08300d65d237|rpc:10.1.0.34:15182|admin:10.1.0.34:15181|client:10.1.0.34:15180|dataStream:10.1.0.34:15183|priority:1|startupRole:FOLLOWER] returns group-6260D8CBABB2:java.util.concurrent.CompletableFuture@65d95d93[Not completed]
2023-09-28 13:00:05,550 [1f3e3681-2cc0-4f79-8587-08300d65d237-groupManagement] INFO  server.RaftServer$Division (RaftServerImpl.java:<init>(198)) - 1f3e3681-2cc0-4f79-8587-08300d65d237: new RaftServerImpl for group-6260D8CBABB2:[1f3e3681-2cc0-4f79-8587-08300d65d237|rpc:10.1.0.34:15182|admin:10.1.0.34:15181|client:10.1.0.34:15180|dataStream:10.1.0.34:15183|priority:1|startupRole:FOLLOWER] with ContainerStateMachine:uninitialized
2023-09-28 13:00:05,550 [1f3e3681-2cc0-4f79-8587-08300d65d237-groupManagement] INFO  server.RaftServerConfigKeys (ConfUtils.java:logGet(46)) - raft.server.rpc.timeout.min = 5s (custom)
2023-09-28 13:00:05,550 [1f3e3681-2cc0-4f79-8587-08300d65d237-groupManagement] INFO  server.RaftServerConfigKeys (ConfUtils.java:logGet(46)) - raft.server.rpc.timeout.max = 5200ms (custom)
2023-09-28 13:00:05,550 [1f3e3681-2cc0-4f79-8587-08300d65d237-groupManagement] INFO  server.RaftServerConfigKeys (ConfUtils.java:logGet(46)) - raft.server.rpc.sleep.time = 25ms (default)
2023-09-28 13:00:05,550 [1f3e3681-2cc0-4f79-8587-08300d65d237-groupManagement] INFO  server.RaftServerConfigKeys (ConfUtils.java:logGet(46)) - raft.server.rpc.slowness.timeout = 300s (custom)
2023-09-28 13:00:05,550 [1f3e3681-2cc0-4f79-8587-08300d65d237-groupManagement] INFO  server.RaftServerConfigKeys (ConfUtils.java:logGet(46)) - raft.server.leaderelection.leader.step-down.wait-time = 10s (default)
2023-09-28 13:00:05,550 [1f3e3681-2cc0-4f79-8587-08300d65d237-groupManagement] INFO  server.RaftServerConfigKeys (ConfUtils.java:logGet(46)) - raft.server.sleep.deviation.threshold = 300ms (default)
2023-09-28 13:00:05,550 [1f3e3681-2cc0-4f79-8587-08300d65d237-groupManagement] INFO  server.RaftServer$Division (ServerState.java:<init>(120)) - 1f3e3681-2cc0-4f79-8587-08300d65d237@group-6260D8CBABB2: ConfigurationManager, init=-1: peers:[1f3e3681-2cc0-4f79-8587-08300d65d237|rpc:10.1.0.34:15182|admin:10.1.0.34:15181|client:10.1.0.34:15180|dataStream:10.1.0.34:15183|priority:1|startupRole:FOLLOWER]|listeners:[], old=null, confs=<EMPTY_MAP>
2023-09-28 13:00:05,550 [1f3e3681-2cc0-4f79-8587-08300d65d237-groupManagement] INFO  server.RaftServerConfigKeys (ConfUtils.java:logGet(46)) - raft.server.storage.dir = [/home/runner/work/ozone/ozone/hadoop-ozone/integration-test/target/test-dir/MiniOzoneClusterImpl-1398513c-1ad7-449a-9b84-f90cd6748766/datanode-1/data/ratis] (custom)
2023-09-28 13:00:05,551 [1f3e3681-2cc0-4f79-8587-08300d65d237-groupManagement] INFO  server.RaftServerConfigKeys (ConfUtils.java:logGet(46)) - raft.server.log.corruption.policy = EXCEPTION (default)
2023-09-28 13:00:05,551 [1f3e3681-2cc0-4f79-8587-08300d65d237-groupManagement] INFO  server.RaftServerConfigKeys (ConfUtils.java:logGet(46)) - raft.server.storage.free-space.min = 0MB (=0) (default)
2023-09-28 13:00:05,551 [1f3e3681-2cc0-4f79-8587-08300d65d237-groupManagement] INFO  server.RaftServerConfigKeys (ConfUtils.java:logGet(46)) - raft.server.notification.no-leader.timeout = 300s (custom)
2023-09-28 13:00:05,551 [1f3e3681-2cc0-4f79-8587-08300d65d237-groupManagement] INFO  server.RaftServerConfigKeys (ConfUtils.java:logGet(46)) - raft.server.read.timeout = 10s (default)
2023-09-28 13:00:05,551 [1f3e3681-2cc0-4f79-8587-08300d65d237-groupManagement] INFO  server.RaftServerConfigKeys (ConfUtils.java:logGet(46)) - raft.server.retrycache.expirytime = 600000ms (custom)
2023-09-28 13:00:05,551 [1f3e3681-2cc0-4f79-8587-08300d65d237-groupManagement] INFO  server.RaftServerConfigKeys (ConfUtils.java:logGet(46)) - raft.server.retrycache.statistics.expirytime = 100μs (default)
2023-09-28 13:00:05,551 [1f3e3681-2cc0-4f79-8587-08300d65d237-groupManagement] INFO  server.RaftServerConfigKeys (ConfUtils.java:logGet(46)) - raft.server.read.option = DEFAULT (default)
2023-09-28 13:00:05,552 [1f3e3681-2cc0-4f79-8587-08300d65d237-groupManagement] INFO  server.RaftServerConfigKeys (ConfUtils.java:logGet(46)) - raft.server.rpc.request.timeout = 60s (custom)
2023-09-28 13:00:05,552 [1f3e3681-2cc0-4f79-8587-08300d65d237-groupManagement] INFO  server.RaftServerConfigKeys (ConfUtils.java:logGet(46)) - raft.server.log.appender.install.snapshot.enabled = false (custom)
2023-09-28 13:00:05,552 [1f3e3681-2cc0-4f79-8587-08300d65d237-groupManagement] INFO  server.RaftServerConfigKeys (ConfUtils.java:logGet(46)) - raft.server.threadpool.server.cached = true (default)
2023-09-28 13:00:05,552 [1f3e3681-2cc0-4f79-8587-08300d65d237-groupManagement] INFO  server.RaftServerConfigKeys (ConfUtils.java:logGet(46)) - raft.server.threadpool.server.size = 0 (default)
2023-09-28 13:00:05,552 [1f3e3681-2cc0-4f79-8587-08300d65d237-groupManagement] INFO  server.RaftServerConfigKeys (ConfUtils.java:logGet(46)) - raft.server.threadpool.client.cached = true (default)
2023-09-28 13:00:05,552 [1f3e3681-2cc0-4f79-8587-08300d65d237-groupManagement] INFO  server.RaftServerConfigKeys (ConfUtils.java:logGet(46)) - raft.server.threadpool.client.size = 0 (default)
2023-09-28 13:00:05,553 [1f3e3681-2cc0-4f79-8587-08300d65d237-groupManagement] INFO  storage.RaftStorageDirectory (RaftStorageDirectoryImpl.java:analyzeStorage(137)) - The storage directory /home/runner/work/ozone/ozone/hadoop-ozone/integration-test/target/test-dir/MiniOzoneClusterImpl-1398513c-1ad7-449a-9b84-f90cd6748766/datanode-1/data/ratis/b64318c8-9d08-48b1-a3ec-6260d8cbabb2 does not exist. Creating ...
2023-09-28 13:00:05,554 [1f3e3681-2cc0-4f79-8587-08300d65d237-groupManagement] INFO  storage.RaftStorageDirectory (RaftStorageDirectoryImpl.java:tryLock(231)) - Lock on /home/runner/work/ozone/ozone/hadoop-ozone/integration-test/target/test-dir/MiniOzoneClusterImpl-1398513c-1ad7-449a-9b84-f90cd6748766/datanode-1/data/ratis/b64318c8-9d08-48b1-a3ec-6260d8cbabb2/in_use.lock acquired by nodename 7568@fv-az163-431
2023-09-28 13:00:05,559 [1f3e3681-2cc0-4f79-8587-08300d65d237-groupManagement] INFO  storage.RaftStorage (RaftStorageImpl.java:format(96)) - Storage directory /home/runner/work/ozone/ozone/hadoop-ozone/integration-test/target/test-dir/MiniOzoneClusterImpl-1398513c-1ad7-449a-9b84-f90cd6748766/datanode-1/data/ratis/b64318c8-9d08-48b1-a3ec-6260d8cbabb2 has been successfully formatted.
2023-09-28 13:00:05,559 [1f3e3681-2cc0-4f79-8587-08300d65d237-groupManagement] INFO  ratis.ContainerStateMachine (ContainerStateMachine.java:loadSnapshot(262)) - group-6260D8CBABB2: The snapshot info is null. Setting the last applied indexto:(t:0, i:~)
2023-09-28 13:00:05,559 [1f3e3681-2cc0-4f79-8587-08300d65d237-groupManagement] INFO  server.RaftServerConfigKeys (ConfUtils.java:logGet(46)) - raft.server.log.use.memory = false (default)
2023-09-28 13:00:05,559 [1f3e3681-2cc0-4f79-8587-08300d65d237-groupManagement] INFO  server.RaftServerConfigKeys (ConfUtils.java:logGet(46)) - raft.server.log.purge.gap = 1000000 (custom)
2023-09-28 13:00:05,559 [1f3e3681-2cc0-4f79-8587-08300d65d237-groupManagement] INFO  server.RaftServerConfigKeys (ConfUtils.java:logGet(46)) - raft.server.log.appender.buffer.byte-limit = 33554432 (custom)
2023-09-28 13:00:05,559 [1f3e3681-2cc0-4f79-8587-08300d65d237-groupManagement] INFO  server.RaftServerConfigKeys (ConfUtils.java:logGet(46)) - raft.server.log.statemachine.data.read.timeout = 1000ms (default)
2023-09-28 13:00:05,559 [1f3e3681-2cc0-4f79-8587-08300d65d237-groupManagement] INFO  server.RaftServerConfigKeys (ConfUtils.java:logGet(46)) - raft.server.log.purge.preservation.log.num = 0 (default)
2023-09-28 13:00:05,560 [1f3e3681-2cc0-4f79-8587-08300d65d237-groupManagement] INFO  server.RaftServerConfigKeys (ConfUtils.java:logGet(46)) - raft.server.log.segment.size.max = 1048576 (custom)
2023-09-28 13:00:05,560 [1f3e3681-2cc0-4f79-8587-08300d65d237-groupManagement] INFO  server.RaftServerConfigKeys (ConfUtils.java:logGet(46)) - raft.server.log.segment.cache.num.max = 2 (custom)
2023-09-28 13:00:05,560 [1f3e3681-2cc0-4f79-8587-08300d65d237-groupManagement] INFO  server.RaftServerConfigKeys (ConfUtils.java:logGet(46)) - raft.server.log.segment.cache.size.max = 200MB (=209715200) (default)
2023-09-28 13:00:05,560 [1f3e3681-2cc0-4f79-8587-08300d65d237-groupManagement] INFO  server.RaftServerConfigKeys (ConfUtils.java:logGet(46)) - raft.server.log.appender.buffer.byte-limit = 33554432 (custom)
2023-09-28 13:00:05,560 [1f3e3681-2cc0-4f79-8587-08300d65d237-groupManagement] INFO  segmented.SegmentedRaftLogWorker (SegmentedRaftLogWorker.java:<init>(188)) - new 1f3e3681-2cc0-4f79-8587-08300d65d237@group-6260D8CBABB2-SegmentedRaftLogWorker for RaftStorageImpl:Storage Directory /home/runner/work/ozone/ozone/hadoop-ozone/integration-test/target/test-dir/MiniOzoneClusterImpl-1398513c-1ad7-449a-9b84-f90cd6748766/datanode-1/data/ratis/b64318c8-9d08-48b1-a3ec-6260d8cbabb2
2023-09-28 13:00:05,560 [1f3e3681-2cc0-4f79-8587-08300d65d237-groupManagement] INFO  server.RaftServerConfigKeys (ConfUtils.java:logGet(46)) - raft.server.log.queue.byte-limit = 4294967296 (custom)
2023-09-28 13:00:05,560 [1f3e3681-2cc0-4f79-8587-08300d65d237-groupManagement] INFO  server.RaftServerConfigKeys (ConfUtils.java:logGet(46)) - raft.server.log.queue.element-limit = 1024 (custom)
2023-09-28 13:00:05,560 [1f3e3681-2cc0-4f79-8587-08300d65d237-groupManagement] INFO  server.RaftServerConfigKeys (ConfUtils.java:logGet(46)) - raft.server.log.segment.size.max = 1048576 (custom)
2023-09-28 13:00:05,560 [1f3e3681-2cc0-4f79-8587-08300d65d237-groupManagement] INFO  server.RaftServerConfigKeys (ConfUtils.java:logGet(46)) - raft.server.log.preallocated.size = 16384 (custom)
2023-09-28 13:00:05,560 [1f3e3681-2cc0-4f79-8587-08300d65d237-groupManagement] INFO  server.RaftServerConfigKeys (ConfUtils.java:logGet(46)) - raft.server.log.force.sync.num = 128 (default)
2023-09-28 13:00:05,560 [1f3e3681-2cc0-4f79-8587-08300d65d237-groupManagement] INFO  server.RaftServerConfigKeys (ConfUtils.java:logGet(46)) - raft.server.log.statemachine.data.sync = true (default)
2023-09-28 13:00:05,560 [1f3e3681-2cc0-4f79-8587-08300d65d237-groupManagement] INFO  server.RaftServerConfigKeys (ConfUtils.java:logGet(46)) - raft.server.log.statemachine.data.sync.timeout = 10s (default)
2023-09-28 13:00:05,561 [1f3e3681-2cc0-4f79-8587-08300d65d237-groupManagement] INFO  server.RaftServerConfigKeys (ConfUtils.java:logGet(46)) - raft.server.log.statemachine.data.sync.timeout.retry = -1 (default)
2023-09-28 13:00:05,561 [EventQueue-PipelineReportForPipelineReportHandler] INFO  pipeline.PipelineReportHandler (PipelineReportHandler.java:processPipelineReport(136)) - Opened pipeline PipelineID=b64318c8-9d08-48b1-a3ec-6260d8cbabb2
2023-09-28 13:00:05,561 [EventQueue-OpenPipelineForHealthyPipelineSafeModeRule] INFO  safemode.SCMSafeModeManager (HealthyPipelineSafeModeRule.java:process(137)) - SCM in safe mode. Healthy pipelines reported count is 0, required healthy pipeline reported count is 1
2023-09-28 13:00:05,561 [1f3e3681-2cc0-4f79-8587-08300d65d237-groupManagement] INFO  server.RaftServerConfigKeys (ConfUtils.java:logGet(46)) - raft.server.log.write.buffer.size = 1048576 (custom)
2023-09-28 13:00:05,562 [1f3e3681-2cc0-4f79-8587-08300d65d237-groupManagement] INFO  server.RaftServerConfigKeys (ConfUtils.java:logGet(46)) - raft.server.log.appender.buffer.byte-limit = 33554432 (custom)
2023-09-28 13:00:05,616 [1f3e3681-2cc0-4f79-8587-08300d65d237-groupManagement] INFO  server.RaftServerConfigKeys (ConfUtils.java:logGet(46)) - raft.server.log.unsafe-flush.enabled = false (default)
2023-09-28 13:00:05,617 [1f3e3681-2cc0-4f79-8587-08300d65d237-groupManagement] INFO  server.RaftServerConfigKeys (ConfUtils.java:logGet(46)) - raft.server.log.async-flush.enabled = false (default)
2023-09-28 13:00:05,617 [1f3e3681-2cc0-4f79-8587-08300d65d237-groupManagement] INFO  server.RaftServerConfigKeys (ConfUtils.java:logGet(46)) - raft.server.log.statemachine.data.caching.enabled = true (custom)
2023-09-28 13:00:05,617 [1f3e3681-2cc0-4f79-8587-08300d65d237-groupManagement] INFO  segmented.SegmentedRaftLogWorker (SegmentedRaftLogWorker.java:lambda$new$0(135)) - 1f3e3681-2cc0-4f79-8587-08300d65d237@group-6260D8CBABB2-SegmentedRaftLogWorker: flushIndex: setUnconditionally 0 -> -1
2023-09-28 13:00:05,617 [1f3e3681-2cc0-4f79-8587-08300d65d237-groupManagement] INFO  segmented.SegmentedRaftLogWorker (SegmentedRaftLogWorker.java:lambda$new$0(135)) - 1f3e3681-2cc0-4f79-8587-08300d65d237@group-6260D8CBABB2-SegmentedRaftLogWorker: safeCacheEvictIndex: setUnconditionally 0 -> -1
2023-09-28 13:00:05,618 [1f3e3681-2cc0-4f79-8587-08300d65d237-groupManagement] INFO  server.RaftServer$Division (RaftServerImpl.java:start(342)) - 1f3e3681-2cc0-4f79-8587-08300d65d237@group-6260D8CBABB2: start as a follower, conf=-1: peers:[1f3e3681-2cc0-4f79-8587-08300d65d237|rpc:10.1.0.34:15182|admin:10.1.0.34:15181|client:10.1.0.34:15180|dataStream:10.1.0.34:15183|priority:1|startupRole:FOLLOWER]|listeners:[], old=null
2023-09-28 13:00:05,618 [1f3e3681-2cc0-4f79-8587-08300d65d237-groupManagement] INFO  server.RaftServer$Division (RaftServerImpl.java:setRole(329)) - 1f3e3681-2cc0-4f79-8587-08300d65d237@group-6260D8CBABB2: changes role from      null to FOLLOWER at term 0 for startAsFollower
2023-09-28 13:00:05,618 [1f3e3681-2cc0-4f79-8587-08300d65d237-groupManagement] INFO  impl.RoleInfo (RoleInfo.java:updateAndGet(139)) - 1f3e3681-2cc0-4f79-8587-08300d65d237: start 1f3e3681-2cc0-4f79-8587-08300d65d237@group-6260D8CBABB2-FollowerState
2023-09-28 13:00:05,619 [1f3e3681-2cc0-4f79-8587-08300d65d237@group-6260D8CBABB2-FollowerState] INFO  server.RaftServerConfigKeys (ConfUtils.java:logFallback(53)) - raft.server.rpc.first-election.timeout.min = 5s (fallback to raft.server.rpc.timeout.min)
2023-09-28 13:00:05,619 [1f3e3681-2cc0-4f79-8587-08300d65d237@group-6260D8CBABB2-FollowerState] INFO  server.RaftServerConfigKeys (ConfUtils.java:logFallback(53)) - raft.server.rpc.first-election.timeout.max = 5200ms (fallback to raft.server.rpc.timeout.max)
2023-09-28 13:00:05,623 [1f3e3681-2cc0-4f79-8587-08300d65d237-groupManagement] INFO  util.JmxRegister (JmxRegister.java:tryRegister(44)) - Successfully registered JMX Bean with object name Ratis:service=RaftServer,group=group-6260D8CBABB2,id=1f3e3681-2cc0-4f79-8587-08300d65d237
2023-09-28 13:00:05,623 [1f3e3681-2cc0-4f79-8587-08300d65d237-groupManagement] INFO  server.RaftServerConfigKeys (ConfUtils.java:logGet(46)) - raft.server.snapshot.auto.trigger.enabled = true (custom)
2023-09-28 13:00:05,623 [1f3e3681-2cc0-4f79-8587-08300d65d237-groupManagement] INFO  server.RaftServerConfigKeys (ConfUtils.java:logGet(46)) - raft.server.snapshot.auto.trigger.threshold = 10000 (custom)
2023-09-28 13:00:05,623 [1f3e3681-2cc0-4f79-8587-08300d65d237-groupManagement] INFO  server.RaftServerConfigKeys (ConfUtils.java:logGet(46)) - raft.server.snapshot.retention.file.num = 5 (custom)
2023-09-28 13:00:05,623 [1f3e3681-2cc0-4f79-8587-08300d65d237-groupManagement] INFO  server.RaftServerConfigKeys (ConfUtils.java:logGet(46)) - raft.server.log.purge.upto.snapshot.index = false (default)
2023-09-28 13:00:05,626 [PipelineCommandHandlerThread-0] INFO  ratis.XceiverServerRatis (XceiverServerRatis.java:addGroup(804)) - Created group PipelineID=b64318c8-9d08-48b1-a3ec-6260d8cbabb2
2023-09-28 13:00:05,630 [PipelineCommandHandlerThread-0] INFO  commandhandler.CreatePipelineCommandHandler (CreatePipelineCommandHandler.java:lambda$handle$2(124)) - Created Pipeline RATIS ONE PipelineID=b64318c8-9d08-48b1-a3ec-6260d8cbabb2.
2023-09-28 13:00:05,884 [PipelineCommandHandlerThread-0] INFO  server.RaftServer (RaftServerProxy.java:addNew(98)) - 2e0a77eb-074a-4a54-81ef-c7479b7c14e1: addNew group-C5B75029DACF:[2e0a77eb-074a-4a54-81ef-c7479b7c14e1|rpc:10.1.0.34:15191|admin:10.1.0.34:15190|client:10.1.0.34:15189|dataStream:10.1.0.34:15192|priority:1|startupRole:FOLLOWER] returns group-C5B75029DACF:java.util.concurrent.CompletableFuture@2c55aa5f[Not completed]
2023-09-28 13:00:05,884 [2e0a77eb-074a-4a54-81ef-c7479b7c14e1-groupManagement] INFO  server.RaftServer$Division (RaftServerImpl.java:<init>(198)) - 2e0a77eb-074a-4a54-81ef-c7479b7c14e1: new RaftServerImpl for group-C5B75029DACF:[2e0a77eb-074a-4a54-81ef-c7479b7c14e1|rpc:10.1.0.34:15191|admin:10.1.0.34:15190|client:10.1.0.34:15189|dataStream:10.1.0.34:15192|priority:1|startupRole:FOLLOWER] with ContainerStateMachine:uninitialized
2023-09-28 13:00:05,885 [2e0a77eb-074a-4a54-81ef-c7479b7c14e1-groupManagement] INFO  server.RaftServerConfigKeys (ConfUtils.java:logGet(46)) - raft.server.rpc.timeout.min = 5s (custom)
2023-09-28 13:00:05,885 [2e0a77eb-074a-4a54-81ef-c7479b7c14e1-groupManagement] INFO  server.RaftServerConfigKeys (ConfUtils.java:logGet(46)) - raft.server.rpc.timeout.max = 5200ms (custom)
2023-09-28 13:00:05,885 [2e0a77eb-074a-4a54-81ef-c7479b7c14e1-groupManagement] INFO  server.RaftServerConfigKeys (ConfUtils.java:logGet(46)) - raft.server.rpc.sleep.time = 25ms (default)
2023-09-28 13:00:05,885 [2e0a77eb-074a-4a54-81ef-c7479b7c14e1-groupManagement] INFO  server.RaftServerConfigKeys (ConfUtils.java:logGet(46)) - raft.server.rpc.slowness.timeout = 300s (custom)
2023-09-28 13:00:05,885 [2e0a77eb-074a-4a54-81ef-c7479b7c14e1-groupManagement] INFO  server.RaftServerConfigKeys (ConfUtils.java:logGet(46)) - raft.server.leaderelection.leader.step-down.wait-time = 10s (default)
2023-09-28 13:00:05,885 [2e0a77eb-074a-4a54-81ef-c7479b7c14e1-groupManagement] INFO  server.RaftServerConfigKeys (ConfUtils.java:logGet(46)) - raft.server.sleep.deviation.threshold = 300ms (default)
2023-09-28 13:00:05,885 [2e0a77eb-074a-4a54-81ef-c7479b7c14e1-groupManagement] INFO  server.RaftServer$Division (ServerState.java:<init>(120)) - 2e0a77eb-074a-4a54-81ef-c7479b7c14e1@group-C5B75029DACF: ConfigurationManager, init=-1: peers:[2e0a77eb-074a-4a54-81ef-c7479b7c14e1|rpc:10.1.0.34:15191|admin:10.1.0.34:15190|client:10.1.0.34:15189|dataStream:10.1.0.34:15192|priority:1|startupRole:FOLLOWER]|listeners:[], old=null, confs=<EMPTY_MAP>
2023-09-28 13:00:05,885 [2e0a77eb-074a-4a54-81ef-c7479b7c14e1-groupManagement] INFO  server.RaftServerConfigKeys (ConfUtils.java:logGet(46)) - raft.server.storage.dir = [/home/runner/work/ozone/ozone/hadoop-ozone/integration-test/target/test-dir/MiniOzoneClusterImpl-1398513c-1ad7-449a-9b84-f90cd6748766/datanode-2/data/ratis] (custom)
2023-09-28 13:00:05,885 [2e0a77eb-074a-4a54-81ef-c7479b7c14e1-groupManagement] INFO  server.RaftServerConfigKeys (ConfUtils.java:logGet(46)) - raft.server.log.corruption.policy = EXCEPTION (default)
2023-09-28 13:00:05,885 [2e0a77eb-074a-4a54-81ef-c7479b7c14e1-groupManagement] INFO  server.RaftServerConfigKeys (ConfUtils.java:logGet(46)) - raft.server.storage.free-space.min = 0MB (=0) (default)
2023-09-28 13:00:05,885 [2e0a77eb-074a-4a54-81ef-c7479b7c14e1-groupManagement] INFO  server.RaftServerConfigKeys (ConfUtils.java:logGet(46)) - raft.server.notification.no-leader.timeout = 300s (custom)
2023-09-28 13:00:05,885 [2e0a77eb-074a-4a54-81ef-c7479b7c14e1-groupManagement] INFO  server.RaftServerConfigKeys (ConfUtils.java:logGet(46)) - raft.server.read.timeout = 10s (default)
2023-09-28 13:00:05,885 [2e0a77eb-074a-4a54-81ef-c7479b7c14e1-groupManagement] INFO  server.RaftServerConfigKeys (ConfUtils.java:logGet(46)) - raft.server.retrycache.expirytime = 600000ms (custom)
2023-09-28 13:00:05,885 [2e0a77eb-074a-4a54-81ef-c7479b7c14e1-groupManagement] INFO  server.RaftServerConfigKeys (ConfUtils.java:logGet(46)) - raft.server.retrycache.statistics.expirytime = 100μs (default)
2023-09-28 13:00:05,886 [2e0a77eb-074a-4a54-81ef-c7479b7c14e1-groupManagement] INFO  server.RaftServerConfigKeys (ConfUtils.java:logGet(46)) - raft.server.read.option = DEFAULT (default)
2023-09-28 13:00:05,886 [2e0a77eb-074a-4a54-81ef-c7479b7c14e1-groupManagement] INFO  server.RaftServerConfigKeys (ConfUtils.java:logGet(46)) - raft.server.rpc.request.timeout = 60s (custom)
2023-09-28 13:00:05,886 [2e0a77eb-074a-4a54-81ef-c7479b7c14e1-groupManagement] INFO  server.RaftServerConfigKeys (ConfUtils.java:logGet(46)) - raft.server.log.appender.install.snapshot.enabled = false (custom)
2023-09-28 13:00:05,886 [2e0a77eb-074a-4a54-81ef-c7479b7c14e1-groupManagement] INFO  server.RaftServerConfigKeys (ConfUtils.java:logGet(46)) - raft.server.threadpool.server.cached = true (default)
2023-09-28 13:00:05,886 [2e0a77eb-074a-4a54-81ef-c7479b7c14e1-groupManagement] INFO  server.RaftServerConfigKeys (ConfUtils.java:logGet(46)) - raft.server.threadpool.server.size = 0 (default)
2023-09-28 13:00:05,886 [2e0a77eb-074a-4a54-81ef-c7479b7c14e1-groupManagement] INFO  server.RaftServerConfigKeys (ConfUtils.java:logGet(46)) - raft.server.threadpool.client.cached = true (default)
2023-09-28 13:00:05,886 [2e0a77eb-074a-4a54-81ef-c7479b7c14e1-groupManagement] INFO  server.RaftServerConfigKeys (ConfUtils.java:logGet(46)) - raft.server.threadpool.client.size = 0 (default)
2023-09-28 13:00:05,886 [2e0a77eb-074a-4a54-81ef-c7479b7c14e1-groupManagement] INFO  storage.RaftStorageDirectory (RaftStorageDirectoryImpl.java:analyzeStorage(137)) - The storage directory /home/runner/work/ozone/ozone/hadoop-ozone/integration-test/target/test-dir/MiniOzoneClusterImpl-1398513c-1ad7-449a-9b84-f90cd6748766/datanode-2/data/ratis/cef43674-5582-4cc7-aa9e-c5b75029dacf does not exist. Creating ...
2023-09-28 13:00:05,887 [2e0a77eb-074a-4a54-81ef-c7479b7c14e1-groupManagement] INFO  storage.RaftStorageDirectory (RaftStorageDirectoryImpl.java:tryLock(231)) - Lock on /home/runner/work/ozone/ozone/hadoop-ozone/integration-test/target/test-dir/MiniOzoneClusterImpl-1398513c-1ad7-449a-9b84-f90cd6748766/datanode-2/data/ratis/cef43674-5582-4cc7-aa9e-c5b75029dacf/in_use.lock acquired by nodename 7568@fv-az163-431
2023-09-28 13:00:05,889 [2e0a77eb-074a-4a54-81ef-c7479b7c14e1-groupManagement] INFO  storage.RaftStorage (RaftStorageImpl.java:format(96)) - Storage directory /home/runner/work/ozone/ozone/hadoop-ozone/integration-test/target/test-dir/MiniOzoneClusterImpl-1398513c-1ad7-449a-9b84-f90cd6748766/datanode-2/data/ratis/cef43674-5582-4cc7-aa9e-c5b75029dacf has been successfully formatted.
2023-09-28 13:00:05,890 [2e0a77eb-074a-4a54-81ef-c7479b7c14e1-groupManagement] INFO  ratis.ContainerStateMachine (ContainerStateMachine.java:loadSnapshot(262)) - group-C5B75029DACF: The snapshot info is null. Setting the last applied indexto:(t:0, i:~)
2023-09-28 13:00:05,890 [2e0a77eb-074a-4a54-81ef-c7479b7c14e1-groupManagement] INFO  server.RaftServerConfigKeys (ConfUtils.java:logGet(46)) - raft.server.log.use.memory = false (default)
2023-09-28 13:00:05,890 [2e0a77eb-074a-4a54-81ef-c7479b7c14e1-groupManagement] INFO  server.RaftServerConfigKeys (ConfUtils.java:logGet(46)) - raft.server.log.purge.gap = 1000000 (custom)
2023-09-28 13:00:05,891 [2e0a77eb-074a-4a54-81ef-c7479b7c14e1-groupManagement] INFO  server.RaftServerConfigKeys (ConfUtils.java:logGet(46)) - raft.server.log.appender.buffer.byte-limit = 33554432 (custom)
2023-09-28 13:00:05,891 [EventQueue-PipelineReportForPipelineReportHandler] INFO  pipeline.PipelineReportHandler (PipelineReportHandler.java:processPipelineReport(136)) - Opened pipeline PipelineID=cef43674-5582-4cc7-aa9e-c5b75029dacf
2023-09-28 13:00:05,891 [2e0a77eb-074a-4a54-81ef-c7479b7c14e1-groupManagement] INFO  server.RaftServerConfigKeys (ConfUtils.java:logGet(46)) - raft.server.log.statemachine.data.read.timeout = 1000ms (default)
2023-09-28 13:00:05,891 [EventQueue-OpenPipelineForHealthyPipelineSafeModeRule] INFO  safemode.SCMSafeModeManager (HealthyPipelineSafeModeRule.java:process(137)) - SCM in safe mode. Healthy pipelines reported count is 0, required healthy pipeline reported count is 1
2023-09-28 13:00:05,891 [2e0a77eb-074a-4a54-81ef-c7479b7c14e1-groupManagement] INFO  server.RaftServerConfigKeys (ConfUtils.java:logGet(46)) - raft.server.log.purge.preservation.log.num = 0 (default)
2023-09-28 13:00:05,892 [2e0a77eb-074a-4a54-81ef-c7479b7c14e1-groupManagement] INFO  server.RaftServerConfigKeys (ConfUtils.java:logGet(46)) - raft.server.log.segment.size.max = 1048576 (custom)
2023-09-28 13:00:05,892 [2e0a77eb-074a-4a54-81ef-c7479b7c14e1-groupManagement] INFO  server.RaftServerConfigKeys (ConfUtils.java:logGet(46)) - raft.server.log.segment.cache.num.max = 2 (custom)
2023-09-28 13:00:05,892 [2e0a77eb-074a-4a54-81ef-c7479b7c14e1-groupManagement] INFO  server.RaftServerConfigKeys (ConfUtils.java:logGet(46)) - raft.server.log.segment.cache.size.max = 200MB (=209715200) (default)
2023-09-28 13:00:05,892 [2e0a77eb-074a-4a54-81ef-c7479b7c14e1-groupManagement] INFO  server.RaftServerConfigKeys (ConfUtils.java:logGet(46)) - raft.server.log.appender.buffer.byte-limit = 33554432 (custom)
2023-09-28 13:00:05,892 [2e0a77eb-074a-4a54-81ef-c7479b7c14e1-groupManagement] INFO  segmented.SegmentedRaftLogWorker (SegmentedRaftLogWorker.java:<init>(188)) - new 2e0a77eb-074a-4a54-81ef-c7479b7c14e1@group-C5B75029DACF-SegmentedRaftLogWorker for RaftStorageImpl:Storage Directory /home/runner/work/ozone/ozone/hadoop-ozone/integration-test/target/test-dir/MiniOzoneClusterImpl-1398513c-1ad7-449a-9b84-f90cd6748766/datanode-2/data/ratis/cef43674-5582-4cc7-aa9e-c5b75029dacf
2023-09-28 13:00:05,892 [2e0a77eb-074a-4a54-81ef-c7479b7c14e1-groupManagement] INFO  server.RaftServerConfigKeys (ConfUtils.java:logGet(46)) - raft.server.log.queue.byte-limit = 4294967296 (custom)
2023-09-28 13:00:05,892 [2e0a77eb-074a-4a54-81ef-c7479b7c14e1-groupManagement] INFO  server.RaftServerConfigKeys (ConfUtils.java:logGet(46)) - raft.server.log.queue.element-limit = 1024 (custom)
2023-09-28 13:00:05,892 [2e0a77eb-074a-4a54-81ef-c7479b7c14e1-groupManagement] INFO  server.RaftServerConfigKeys (ConfUtils.java:logGet(46)) - raft.server.log.segment.size.max = 1048576 (custom)
2023-09-28 13:00:05,892 [2e0a77eb-074a-4a54-81ef-c7479b7c14e1-groupManagement] INFO  server.RaftServerConfigKeys (ConfUtils.java:logGet(46)) - raft.server.log.preallocated.size = 16384 (custom)
2023-09-28 13:00:05,892 [2e0a77eb-074a-4a54-81ef-c7479b7c14e1-groupManagement] INFO  server.RaftServerConfigKeys (ConfUtils.java:logGet(46)) - raft.server.log.force.sync.num = 128 (default)
2023-09-28 13:00:05,892 [2e0a77eb-074a-4a54-81ef-c7479b7c14e1-groupManagement] INFO  server.RaftServerConfigKeys (ConfUtils.java:logGet(46)) - raft.server.log.statemachine.data.sync = true (default)
2023-09-28 13:00:05,892 [2e0a77eb-074a-4a54-81ef-c7479b7c14e1-groupManagement] INFO  server.RaftServerConfigKeys (ConfUtils.java:logGet(46)) - raft.server.log.statemachine.data.sync.timeout = 10s (default)
2023-09-28 13:00:05,892 [2e0a77eb-074a-4a54-81ef-c7479b7c14e1-groupManagement] INFO  server.RaftServerConfigKeys (ConfUtils.java:logGet(46)) - raft.server.log.statemachine.data.sync.timeout.retry = -1 (default)
2023-09-28 13:00:05,893 [2e0a77eb-074a-4a54-81ef-c7479b7c14e1-groupManagement] INFO  server.RaftServerConfigKeys (ConfUtils.java:logGet(46)) - raft.server.log.write.buffer.size = 1048576 (custom)
2023-09-28 13:00:05,894 [2e0a77eb-074a-4a54-81ef-c7479b7c14e1-groupManagement] INFO  server.RaftServerConfigKeys (ConfUtils.java:logGet(46)) - raft.server.log.appender.buffer.byte-limit = 33554432 (custom)
2023-09-28 13:00:05,899 [2e0a77eb-074a-4a54-81ef-c7479b7c14e1-groupManagement] INFO  server.RaftServerConfigKeys (ConfUtils.java:logGet(46)) - raft.server.log.unsafe-flush.enabled = false (default)
2023-09-28 13:00:05,899 [2e0a77eb-074a-4a54-81ef-c7479b7c14e1-groupManagement] INFO  server.RaftServerConfigKeys (ConfUtils.java:logGet(46)) - raft.server.log.async-flush.enabled = false (default)
2023-09-28 13:00:05,899 [2e0a77eb-074a-4a54-81ef-c7479b7c14e1-groupManagement] INFO  server.RaftServerConfigKeys (ConfUtils.java:logGet(46)) - raft.server.log.statemachine.data.caching.enabled = true (custom)
2023-09-28 13:00:05,899 [2e0a77eb-074a-4a54-81ef-c7479b7c14e1-groupManagement] INFO  segmented.SegmentedRaftLogWorker (SegmentedRaftLogWorker.java:lambda$new$0(135)) - 2e0a77eb-074a-4a54-81ef-c7479b7c14e1@group-C5B75029DACF-SegmentedRaftLogWorker: flushIndex: setUnconditionally 0 -> -1
2023-09-28 13:00:05,899 [2e0a77eb-074a-4a54-81ef-c7479b7c14e1-groupManagement] INFO  segmented.SegmentedRaftLogWorker (SegmentedRaftLogWorker.java:lambda$new$0(135)) - 2e0a77eb-074a-4a54-81ef-c7479b7c14e1@group-C5B75029DACF-SegmentedRaftLogWorker: safeCacheEvictIndex: setUnconditionally 0 -> -1
2023-09-28 13:00:05,900 [2e0a77eb-074a-4a54-81ef-c7479b7c14e1-groupManagement] INFO  server.RaftServer$Division (RaftServerImpl.java:start(342)) - 2e0a77eb-074a-4a54-81ef-c7479b7c14e1@group-C5B75029DACF: start as a follower, conf=-1: peers:[2e0a77eb-074a-4a54-81ef-c7479b7c14e1|rpc:10.1.0.34:15191|admin:10.1.0.34:15190|client:10.1.0.34:15189|dataStream:10.1.0.34:15192|priority:1|startupRole:FOLLOWER]|listeners:[], old=null
2023-09-28 13:00:05,900 [2e0a77eb-074a-4a54-81ef-c7479b7c14e1-groupManagement] INFO  server.RaftServer$Division (RaftServerImpl.java:setRole(329)) - 2e0a77eb-074a-4a54-81ef-c7479b7c14e1@group-C5B75029DACF: changes role from      null to FOLLOWER at term 0 for startAsFollower
2023-09-28 13:00:05,900 [2e0a77eb-074a-4a54-81ef-c7479b7c14e1-groupManagement] INFO  impl.RoleInfo (RoleInfo.java:updateAndGet(139)) - 2e0a77eb-074a-4a54-81ef-c7479b7c14e1: start 2e0a77eb-074a-4a54-81ef-c7479b7c14e1@group-C5B75029DACF-FollowerState
2023-09-28 13:00:05,900 [2e0a77eb-074a-4a54-81ef-c7479b7c14e1-groupManagement] INFO  util.JmxRegister (JmxRegister.java:tryRegister(44)) - Successfully registered JMX Bean with object name Ratis:service=RaftServer,group=group-C5B75029DACF,id=2e0a77eb-074a-4a54-81ef-c7479b7c14e1
2023-09-28 13:00:05,900 [2e0a77eb-074a-4a54-81ef-c7479b7c14e1@group-C5B75029DACF-FollowerState] INFO  server.RaftServerConfigKeys (ConfUtils.java:logFallback(53)) - raft.server.rpc.first-election.timeout.min = 5s (fallback to raft.server.rpc.timeout.min)
2023-09-28 13:00:05,900 [2e0a77eb-074a-4a54-81ef-c7479b7c14e1-groupManagement] INFO  server.RaftServerConfigKeys (ConfUtils.java:logGet(46)) - raft.server.snapshot.auto.trigger.enabled = true (custom)
2023-09-28 13:00:05,900 [2e0a77eb-074a-4a54-81ef-c7479b7c14e1@group-C5B75029DACF-FollowerState] INFO  server.RaftServerConfigKeys (ConfUtils.java:logFallback(53)) - raft.server.rpc.first-election.timeout.max = 5200ms (fallback to raft.server.rpc.timeout.max)
2023-09-28 13:00:05,900 [2e0a77eb-074a-4a54-81ef-c7479b7c14e1-groupManagement] INFO  server.RaftServerConfigKeys (ConfUtils.java:logGet(46)) - raft.server.snapshot.auto.trigger.threshold = 10000 (custom)
2023-09-28 13:00:05,900 [2e0a77eb-074a-4a54-81ef-c7479b7c14e1-groupManagement] INFO  server.RaftServerConfigKeys (ConfUtils.java:logGet(46)) - raft.server.snapshot.retention.file.num = 5 (custom)
2023-09-28 13:00:05,900 [2e0a77eb-074a-4a54-81ef-c7479b7c14e1-groupManagement] INFO  server.RaftServerConfigKeys (ConfUtils.java:logGet(46)) - raft.server.log.purge.upto.snapshot.index = false (default)
2023-09-28 13:00:05,901 [PipelineCommandHandlerThread-0] INFO  ratis.XceiverServerRatis (XceiverServerRatis.java:addGroup(804)) - Created group PipelineID=cef43674-5582-4cc7-aa9e-c5b75029dacf
2023-09-28 13:00:05,901 [PipelineCommandHandlerThread-0] INFO  commandhandler.CreatePipelineCommandHandler (CreatePipelineCommandHandler.java:lambda$handle$2(124)) - Created Pipeline RATIS ONE PipelineID=cef43674-5582-4cc7-aa9e-c5b75029dacf.
2023-09-28 13:00:06,187 [PipelineCommandHandlerThread-0] INFO  server.RaftServer (RaftServerProxy.java:addNew(98)) - 5aa6a13f-c826-4197-9c03-9c8133ccbb57: addNew group-7ACC87B812B4:[5aa6a13f-c826-4197-9c03-9c8133ccbb57|rpc:10.1.0.34:15200|admin:10.1.0.34:15199|client:10.1.0.34:15198|dataStream:10.1.0.34:15201|priority:1|startupRole:FOLLOWER] returns group-7ACC87B812B4:java.util.concurrent.CompletableFuture@49d93ca6[Not completed]
2023-09-28 13:00:06,187 [5aa6a13f-c826-4197-9c03-9c8133ccbb57-groupManagement] INFO  server.RaftServer$Division (RaftServerImpl.java:<init>(198)) - 5aa6a13f-c826-4197-9c03-9c8133ccbb57: new RaftServerImpl for group-7ACC87B812B4:[5aa6a13f-c826-4197-9c03-9c8133ccbb57|rpc:10.1.0.34:15200|admin:10.1.0.34:15199|client:10.1.0.34:15198|dataStream:10.1.0.34:15201|priority:1|startupRole:FOLLOWER] with ContainerStateMachine:uninitialized
2023-09-28 13:00:06,188 [5aa6a13f-c826-4197-9c03-9c8133ccbb57-groupManagement] INFO  server.RaftServerConfigKeys (ConfUtils.java:logGet(46)) - raft.server.rpc.timeout.min = 5s (custom)
2023-09-28 13:00:06,188 [5aa6a13f-c826-4197-9c03-9c8133ccbb57-groupManagement] INFO  server.RaftServerConfigKeys (ConfUtils.java:logGet(46)) - raft.server.rpc.timeout.max = 5200ms (custom)
2023-09-28 13:00:06,188 [5aa6a13f-c826-4197-9c03-9c8133ccbb57-groupManagement] INFO  server.RaftServerConfigKeys (ConfUtils.java:logGet(46)) - raft.server.rpc.sleep.time = 25ms (default)
2023-09-28 13:00:06,188 [5aa6a13f-c826-4197-9c03-9c8133ccbb57-groupManagement] INFO  server.RaftServerConfigKeys (ConfUtils.java:logGet(46)) - raft.server.rpc.slowness.timeout = 300s (custom)
2023-09-28 13:00:06,188 [5aa6a13f-c826-4197-9c03-9c8133ccbb57-groupManagement] INFO  server.RaftServerConfigKeys (ConfUtils.java:logGet(46)) - raft.server.leaderelection.leader.step-down.wait-time = 10s (default)
2023-09-28 13:00:06,188 [5aa6a13f-c826-4197-9c03-9c8133ccbb57-groupManagement] INFO  server.RaftServerConfigKeys (ConfUtils.java:logGet(46)) - raft.server.sleep.deviation.threshold = 300ms (default)
2023-09-28 13:00:06,188 [5aa6a13f-c826-4197-9c03-9c8133ccbb57-groupManagement] INFO  server.RaftServer$Division (ServerState.java:<init>(120)) - 5aa6a13f-c826-4197-9c03-9c8133ccbb57@group-7ACC87B812B4: ConfigurationManager, init=-1: peers:[5aa6a13f-c826-4197-9c03-9c8133ccbb57|rpc:10.1.0.34:15200|admin:10.1.0.34:15199|client:10.1.0.34:15198|dataStream:10.1.0.34:15201|priority:1|startupRole:FOLLOWER]|listeners:[], old=null, confs=<EMPTY_MAP>
2023-09-28 13:00:06,188 [5aa6a13f-c826-4197-9c03-9c8133ccbb57-groupManagement] INFO  server.RaftServerConfigKeys (ConfUtils.java:logGet(46)) - raft.server.storage.dir = [/home/runner/work/ozone/ozone/hadoop-ozone/integration-test/target/test-dir/MiniOzoneClusterImpl-1398513c-1ad7-449a-9b84-f90cd6748766/datanode-3/data/ratis] (custom)
2023-09-28 13:00:06,188 [5aa6a13f-c826-4197-9c03-9c8133ccbb57-groupManagement] INFO  server.RaftServerConfigKeys (ConfUtils.java:logGet(46)) - raft.server.log.corruption.policy = EXCEPTION (default)
2023-09-28 13:00:06,188 [5aa6a13f-c826-4197-9c03-9c8133ccbb57-groupManagement] INFO  server.RaftServerConfigKeys (ConfUtils.java:logGet(46)) - raft.server.storage.free-space.min = 0MB (=0) (default)
2023-09-28 13:00:06,188 [5aa6a13f-c826-4197-9c03-9c8133ccbb57-groupManagement] INFO  server.RaftServerConfigKeys (ConfUtils.java:logGet(46)) - raft.server.notification.no-leader.timeout = 300s (custom)
2023-09-28 13:00:06,188 [5aa6a13f-c826-4197-9c03-9c8133ccbb57-groupManagement] INFO  server.RaftServerConfigKeys (ConfUtils.java:logGet(46)) - raft.server.read.timeout = 10s (default)
2023-09-28 13:00:06,188 [5aa6a13f-c826-4197-9c03-9c8133ccbb57-groupManagement] INFO  server.RaftServerConfigKeys (ConfUtils.java:logGet(46)) - raft.server.retrycache.expirytime = 600000ms (custom)
2023-09-28 13:00:06,188 [5aa6a13f-c826-4197-9c03-9c8133ccbb57-groupManagement] INFO  server.RaftServerConfigKeys (ConfUtils.java:logGet(46)) - raft.server.retrycache.statistics.expirytime = 100μs (default)
2023-09-28 13:00:06,189 [5aa6a13f-c826-4197-9c03-9c8133ccbb57-groupManagement] INFO  server.RaftServerConfigKeys (ConfUtils.java:logGet(46)) - raft.server.read.option = DEFAULT (default)
2023-09-28 13:00:06,189 [5aa6a13f-c826-4197-9c03-9c8133ccbb57-groupManagement] INFO  server.RaftServerConfigKeys (ConfUtils.java:logGet(46)) - raft.server.rpc.request.timeout = 60s (custom)
2023-09-28 13:00:06,189 [5aa6a13f-c826-4197-9c03-9c8133ccbb57-groupManagement] INFO  server.RaftServerConfigKeys (ConfUtils.java:logGet(46)) - raft.server.log.appender.install.snapshot.enabled = false (custom)
2023-09-28 13:00:06,189 [5aa6a13f-c826-4197-9c03-9c8133ccbb57-groupManagement] INFO  server.RaftServerConfigKeys (ConfUtils.java:logGet(46)) - raft.server.threadpool.server.cached = true (default)
2023-09-28 13:00:06,189 [5aa6a13f-c826-4197-9c03-9c8133ccbb57-groupManagement] INFO  server.RaftServerConfigKeys (ConfUtils.java:logGet(46)) - raft.server.threadpool.server.size = 0 (default)
2023-09-28 13:00:06,189 [5aa6a13f-c826-4197-9c03-9c8133ccbb57-groupManagement] INFO  server.RaftServerConfigKeys (ConfUtils.java:logGet(46)) - raft.server.threadpool.client.cached = true (default)
2023-09-28 13:00:06,189 [5aa6a13f-c826-4197-9c03-9c8133ccbb57-groupManagement] INFO  server.RaftServerConfigKeys (ConfUtils.java:logGet(46)) - raft.server.threadpool.client.size = 0 (default)
2023-09-28 13:00:06,189 [5aa6a13f-c826-4197-9c03-9c8133ccbb57-groupManagement] INFO  storage.RaftStorageDirectory (RaftStorageDirectoryImpl.java:analyzeStorage(137)) - The storage directory /home/runner/work/ozone/ozone/hadoop-ozone/integration-test/target/test-dir/MiniOzoneClusterImpl-1398513c-1ad7-449a-9b84-f90cd6748766/datanode-3/data/ratis/0459c6d0-1f27-43b1-95de-7acc87b812b4 does not exist. Creating ...
2023-09-28 13:00:06,191 [5aa6a13f-c826-4197-9c03-9c8133ccbb57-groupManagement] INFO  storage.RaftStorageDirectory (RaftStorageDirectoryImpl.java:tryLock(231)) - Lock on /home/runner/work/ozone/ozone/hadoop-ozone/integration-test/target/test-dir/MiniOzoneClusterImpl-1398513c-1ad7-449a-9b84-f90cd6748766/datanode-3/data/ratis/0459c6d0-1f27-43b1-95de-7acc87b812b4/in_use.lock acquired by nodename 7568@fv-az163-431
2023-09-28 13:00:06,192 [5aa6a13f-c826-4197-9c03-9c8133ccbb57-groupManagement] INFO  storage.RaftStorage (RaftStorageImpl.java:format(96)) - Storage directory /home/runner/work/ozone/ozone/hadoop-ozone/integration-test/target/test-dir/MiniOzoneClusterImpl-1398513c-1ad7-449a-9b84-f90cd6748766/datanode-3/data/ratis/0459c6d0-1f27-43b1-95de-7acc87b812b4 has been successfully formatted.
2023-09-28 13:00:06,194 [5aa6a13f-c826-4197-9c03-9c8133ccbb57-groupManagement] INFO  ratis.ContainerStateMachine (ContainerStateMachine.java:loadSnapshot(262)) - group-7ACC87B812B4: The snapshot info is null. Setting the last applied indexto:(t:0, i:~)
2023-09-28 13:00:06,194 [5aa6a13f-c826-4197-9c03-9c8133ccbb57-groupManagement] INFO  server.RaftServerConfigKeys (ConfUtils.java:logGet(46)) - raft.server.log.use.memory = false (default)
2023-09-28 13:00:06,194 [5aa6a13f-c826-4197-9c03-9c8133ccbb57-groupManagement] INFO  server.RaftServerConfigKeys (ConfUtils.java:logGet(46)) - raft.server.log.purge.gap = 1000000 (custom)
2023-09-28 13:00:06,194 [5aa6a13f-c826-4197-9c03-9c8133ccbb57-groupManagement] INFO  server.RaftServerConfigKeys (ConfUtils.java:logGet(46)) - raft.server.log.appender.buffer.byte-limit = 33554432 (custom)
2023-09-28 13:00:06,194 [5aa6a13f-c826-4197-9c03-9c8133ccbb57-groupManagement] INFO  server.RaftServerConfigKeys (ConfUtils.java:logGet(46)) - raft.server.log.statemachine.data.read.timeout = 1000ms (default)
2023-09-28 13:00:06,194 [5aa6a13f-c826-4197-9c03-9c8133ccbb57-groupManagement] INFO  server.RaftServerConfigKeys (ConfUtils.java:logGet(46)) - raft.server.log.purge.preservation.log.num = 0 (default)
2023-09-28 13:00:06,195 [EventQueue-PipelineReportForPipelineReportHandler] INFO  pipeline.PipelineReportHandler (PipelineReportHandler.java:processPipelineReport(136)) - Opened pipeline PipelineID=0459c6d0-1f27-43b1-95de-7acc87b812b4
2023-09-28 13:00:06,195 [EventQueue-OpenPipelineForHealthyPipelineSafeModeRule] INFO  safemode.SCMSafeModeManager (HealthyPipelineSafeModeRule.java:process(137)) - SCM in safe mode. Healthy pipelines reported count is 0, required healthy pipeline reported count is 1
2023-09-28 13:00:06,195 [5aa6a13f-c826-4197-9c03-9c8133ccbb57-groupManagement] INFO  server.RaftServerConfigKeys (ConfUtils.java:logGet(46)) - raft.server.log.segment.size.max = 1048576 (custom)
2023-09-28 13:00:06,195 [5aa6a13f-c826-4197-9c03-9c8133ccbb57-groupManagement] INFO  server.RaftServerConfigKeys (ConfUtils.java:logGet(46)) - raft.server.log.segment.cache.num.max = 2 (custom)
2023-09-28 13:00:06,195 [5aa6a13f-c826-4197-9c03-9c8133ccbb57-groupManagement] INFO  server.RaftServerConfigKeys (ConfUtils.java:logGet(46)) - raft.server.log.segment.cache.size.max = 200MB (=209715200) (default)
2023-09-28 13:00:06,195 [5aa6a13f-c826-4197-9c03-9c8133ccbb57-groupManagement] INFO  server.RaftServerConfigKeys (ConfUtils.java:logGet(46)) - raft.server.log.appender.buffer.byte-limit = 33554432 (custom)
2023-09-28 13:00:06,195 [5aa6a13f-c826-4197-9c03-9c8133ccbb57-groupManagement] INFO  segmented.SegmentedRaftLogWorker (SegmentedRaftLogWorker.java:<init>(188)) - new 5aa6a13f-c826-4197-9c03-9c8133ccbb57@group-7ACC87B812B4-SegmentedRaftLogWorker for RaftStorageImpl:Storage Directory /home/runner/work/ozone/ozone/hadoop-ozone/integration-test/target/test-dir/MiniOzoneClusterImpl-1398513c-1ad7-449a-9b84-f90cd6748766/datanode-3/data/ratis/0459c6d0-1f27-43b1-95de-7acc87b812b4
2023-09-28 13:00:06,195 [5aa6a13f-c826-4197-9c03-9c8133ccbb57-groupManagement] INFO  server.RaftServerConfigKeys (ConfUtils.java:logGet(46)) - raft.server.log.queue.byte-limit = 4294967296 (custom)
2023-09-28 13:00:06,195 [5aa6a13f-c826-4197-9c03-9c8133ccbb57-groupManagement] INFO  server.RaftServerConfigKeys (ConfUtils.java:logGet(46)) - raft.server.log.queue.element-limit = 1024 (custom)
2023-09-28 13:00:06,195 [5aa6a13f-c826-4197-9c03-9c8133ccbb57-groupManagement] INFO  server.RaftServerConfigKeys (ConfUtils.java:logGet(46)) - raft.server.log.segment.size.max = 1048576 (custom)
2023-09-28 13:00:06,195 [5aa6a13f-c826-4197-9c03-9c8133ccbb57-groupManagement] INFO  server.RaftServerConfigKeys (ConfUtils.java:logGet(46)) - raft.server.log.preallocated.size = 16384 (custom)
2023-09-28 13:00:06,195 [5aa6a13f-c826-4197-9c03-9c8133ccbb57-groupManagement] INFO  server.RaftServerConfigKeys (ConfUtils.java:logGet(46)) - raft.server.log.force.sync.num = 128 (default)
2023-09-28 13:00:06,195 [5aa6a13f-c826-4197-9c03-9c8133ccbb57-groupManagement] INFO  server.RaftServerConfigKeys (ConfUtils.java:logGet(46)) - raft.server.log.statemachine.data.sync = true (default)
2023-09-28 13:00:06,195 [5aa6a13f-c826-4197-9c03-9c8133ccbb57-groupManagement] INFO  server.RaftServerConfigKeys (ConfUtils.java:logGet(46)) - raft.server.log.statemachine.data.sync.timeout = 10s (default)
2023-09-28 13:00:06,195 [5aa6a13f-c826-4197-9c03-9c8133ccbb57-groupManagement] INFO  server.RaftServerConfigKeys (ConfUtils.java:logGet(46)) - raft.server.log.statemachine.data.sync.timeout.retry = -1 (default)
2023-09-28 13:00:06,196 [5aa6a13f-c826-4197-9c03-9c8133ccbb57-groupManagement] INFO  server.RaftServerConfigKeys (ConfUtils.java:logGet(46)) - raft.server.log.write.buffer.size = 1048576 (custom)
2023-09-28 13:00:06,196 [5aa6a13f-c826-4197-9c03-9c8133ccbb57-groupManagement] INFO  server.RaftServerConfigKeys (ConfUtils.java:logGet(46)) - raft.server.log.appender.buffer.byte-limit = 33554432 (custom)
2023-09-28 13:00:06,201 [5aa6a13f-c826-4197-9c03-9c8133ccbb57-groupManagement] INFO  server.RaftServerConfigKeys (ConfUtils.java:logGet(46)) - raft.server.log.unsafe-flush.enabled = false (default)
2023-09-28 13:00:06,201 [5aa6a13f-c826-4197-9c03-9c8133ccbb57-groupManagement] INFO  server.RaftServerConfigKeys (ConfUtils.java:logGet(46)) - raft.server.log.async-flush.enabled = false (default)
2023-09-28 13:00:06,201 [5aa6a13f-c826-4197-9c03-9c8133ccbb57-groupManagement] INFO  server.RaftServerConfigKeys (ConfUtils.java:logGet(46)) - raft.server.log.statemachine.data.caching.enabled = true (custom)
2023-09-28 13:00:06,202 [5aa6a13f-c826-4197-9c03-9c8133ccbb57-groupManagement] INFO  segmented.SegmentedRaftLogWorker (SegmentedRaftLogWorker.java:lambda$new$0(135)) - 5aa6a13f-c826-4197-9c03-9c8133ccbb57@group-7ACC87B812B4-SegmentedRaftLogWorker: flushIndex: setUnconditionally 0 -> -1
2023-09-28 13:00:06,202 [5aa6a13f-c826-4197-9c03-9c8133ccbb57-groupManagement] INFO  segmented.SegmentedRaftLogWorker (SegmentedRaftLogWorker.java:lambda$new$0(135)) - 5aa6a13f-c826-4197-9c03-9c8133ccbb57@group-7ACC87B812B4-SegmentedRaftLogWorker: safeCacheEvictIndex: setUnconditionally 0 -> -1
2023-09-28 13:00:06,202 [5aa6a13f-c826-4197-9c03-9c8133ccbb57-groupManagement] INFO  server.RaftServer$Division (RaftServerImpl.java:start(342)) - 5aa6a13f-c826-4197-9c03-9c8133ccbb57@group-7ACC87B812B4: start as a follower, conf=-1: peers:[5aa6a13f-c826-4197-9c03-9c8133ccbb57|rpc:10.1.0.34:15200|admin:10.1.0.34:15199|client:10.1.0.34:15198|dataStream:10.1.0.34:15201|priority:1|startupRole:FOLLOWER]|listeners:[], old=null
2023-09-28 13:00:06,202 [5aa6a13f-c826-4197-9c03-9c8133ccbb57-groupManagement] INFO  server.RaftServer$Division (RaftServerImpl.java:setRole(329)) - 5aa6a13f-c826-4197-9c03-9c8133ccbb57@group-7ACC87B812B4: changes role from      null to FOLLOWER at term 0 for startAsFollower
2023-09-28 13:00:06,202 [5aa6a13f-c826-4197-9c03-9c8133ccbb57-groupManagement] INFO  impl.RoleInfo (RoleInfo.java:updateAndGet(139)) - 5aa6a13f-c826-4197-9c03-9c8133ccbb57: start 5aa6a13f-c826-4197-9c03-9c8133ccbb57@group-7ACC87B812B4-FollowerState
2023-09-28 13:00:06,202 [5aa6a13f-c826-4197-9c03-9c8133ccbb57@group-7ACC87B812B4-FollowerState] INFO  server.RaftServerConfigKeys (ConfUtils.java:logFallback(53)) - raft.server.rpc.first-election.timeout.min = 5s (fallback to raft.server.rpc.timeout.min)
2023-09-28 13:00:06,202 [5aa6a13f-c826-4197-9c03-9c8133ccbb57@group-7ACC87B812B4-FollowerState] INFO  server.RaftServerConfigKeys (ConfUtils.java:logFallback(53)) - raft.server.rpc.first-election.timeout.max = 5200ms (fallback to raft.server.rpc.timeout.max)
2023-09-28 13:00:06,202 [5aa6a13f-c826-4197-9c03-9c8133ccbb57-groupManagement] INFO  util.JmxRegister (JmxRegister.java:tryRegister(44)) - Successfully registered JMX Bean with object name Ratis:service=RaftServer,group=group-7ACC87B812B4,id=5aa6a13f-c826-4197-9c03-9c8133ccbb57
2023-09-28 13:00:06,203 [5aa6a13f-c826-4197-9c03-9c8133ccbb57-groupManagement] INFO  server.RaftServerConfigKeys (ConfUtils.java:logGet(46)) - raft.server.snapshot.auto.trigger.enabled = true (custom)
2023-09-28 13:00:06,203 [5aa6a13f-c826-4197-9c03-9c8133ccbb57-groupManagement] INFO  server.RaftServerConfigKeys (ConfUtils.java:logGet(46)) - raft.server.snapshot.auto.trigger.threshold = 10000 (custom)
2023-09-28 13:00:06,203 [5aa6a13f-c826-4197-9c03-9c8133ccbb57-groupManagement] INFO  server.RaftServerConfigKeys (ConfUtils.java:logGet(46)) - raft.server.snapshot.retention.file.num = 5 (custom)
2023-09-28 13:00:06,203 [5aa6a13f-c826-4197-9c03-9c8133ccbb57-groupManagement] INFO  server.RaftServerConfigKeys (ConfUtils.java:logGet(46)) - raft.server.log.purge.upto.snapshot.index = false (default)
2023-09-28 13:00:06,203 [PipelineCommandHandlerThread-0] INFO  ratis.XceiverServerRatis (XceiverServerRatis.java:addGroup(804)) - Created group PipelineID=0459c6d0-1f27-43b1-95de-7acc87b812b4
2023-09-28 13:00:06,203 [PipelineCommandHandlerThread-0] INFO  commandhandler.CreatePipelineCommandHandler (CreatePipelineCommandHandler.java:lambda$handle$2(124)) - Created Pipeline RATIS ONE PipelineID=0459c6d0-1f27-43b1-95de-7acc87b812b4.
2023-09-28 13:00:06,497 [main] INFO  ozone.MiniOzoneClusterImpl (MiniOzoneClusterImpl.java:lambda$waitForClusterToBeReady$0(229)) - Nodes are ready. Got 5 of 5 DN Heartbeats.
2023-09-28 13:00:06,498 [main] INFO  ozone.MiniOzoneClusterImpl (MiniOzoneClusterImpl.java:lambda$waitForClusterToBeReady$0(232)) - Waiting for cluster to exit safe mode
2023-09-28 13:00:06,498 [main] INFO  ozone.MiniOzoneClusterImpl (MiniOzoneClusterImpl.java:lambda$waitForClusterToBeReady$0(234)) - SCM became leader
2023-09-28 13:00:06,504 [PipelineCommandHandlerThread-0] INFO  server.RaftServer (RaftServerProxy.java:addNew(98)) - 924326bc-ac30-411c-a350-30e2822afeed: addNew group-D91864A4BD58:[924326bc-ac30-411c-a350-30e2822afeed|rpc:10.1.0.34:15209|admin:10.1.0.34:15208|client:10.1.0.34:15207|dataStream:10.1.0.34:15210|priority:1|startupRole:FOLLOWER] returns group-D91864A4BD58:java.util.concurrent.CompletableFuture@4641e9d2[Not completed]
2023-09-28 13:00:06,505 [924326bc-ac30-411c-a350-30e2822afeed-groupManagement] INFO  server.RaftServer$Division (RaftServerImpl.java:<init>(198)) - 924326bc-ac30-411c-a350-30e2822afeed: new RaftServerImpl for group-D91864A4BD58:[924326bc-ac30-411c-a350-30e2822afeed|rpc:10.1.0.34:15209|admin:10.1.0.34:15208|client:10.1.0.34:15207|dataStream:10.1.0.34:15210|priority:1|startupRole:FOLLOWER] with ContainerStateMachine:uninitialized
2023-09-28 13:00:06,505 [924326bc-ac30-411c-a350-30e2822afeed-groupManagement] INFO  server.RaftServerConfigKeys (ConfUtils.java:logGet(46)) - raft.server.rpc.timeout.min = 5s (custom)
2023-09-28 13:00:06,505 [924326bc-ac30-411c-a350-30e2822afeed-groupManagement] INFO  server.RaftServerConfigKeys (ConfUtils.java:logGet(46)) - raft.server.rpc.timeout.max = 5200ms (custom)
2023-09-28 13:00:06,505 [924326bc-ac30-411c-a350-30e2822afeed-groupManagement] INFO  server.RaftServerConfigKeys (ConfUtils.java:logGet(46)) - raft.server.rpc.sleep.time = 25ms (default)
2023-09-28 13:00:06,505 [924326bc-ac30-411c-a350-30e2822afeed-groupManagement] INFO  server.RaftServerConfigKeys (ConfUtils.java:logGet(46)) - raft.server.rpc.slowness.timeout = 300s (custom)
2023-09-28 13:00:06,505 [924326bc-ac30-411c-a350-30e2822afeed-groupManagement] INFO  server.RaftServerConfigKeys (ConfUtils.java:logGet(46)) - raft.server.leaderelection.leader.step-down.wait-time = 10s (default)
2023-09-28 13:00:06,505 [924326bc-ac30-411c-a350-30e2822afeed-groupManagement] INFO  server.RaftServerConfigKeys (ConfUtils.java:logGet(46)) - raft.server.sleep.deviation.threshold = 300ms (default)
2023-09-28 13:00:06,505 [924326bc-ac30-411c-a350-30e2822afeed-groupManagement] INFO  server.RaftServer$Division (ServerState.java:<init>(120)) - 924326bc-ac30-411c-a350-30e2822afeed@group-D91864A4BD58: ConfigurationManager, init=-1: peers:[924326bc-ac30-411c-a350-30e2822afeed|rpc:10.1.0.34:15209|admin:10.1.0.34:15208|client:10.1.0.34:15207|dataStream:10.1.0.34:15210|priority:1|startupRole:FOLLOWER]|listeners:[], old=null, confs=<EMPTY_MAP>
2023-09-28 13:00:06,505 [924326bc-ac30-411c-a350-30e2822afeed-groupManagement] INFO  server.RaftServerConfigKeys (ConfUtils.java:logGet(46)) - raft.server.storage.dir = [/home/runner/work/ozone/ozone/hadoop-ozone/integration-test/target/test-dir/MiniOzoneClusterImpl-1398513c-1ad7-449a-9b84-f90cd6748766/datanode-4/data/ratis] (custom)
2023-09-28 13:00:06,506 [924326bc-ac30-411c-a350-30e2822afeed-groupManagement] INFO  server.RaftServerConfigKeys (ConfUtils.java:logGet(46)) - raft.server.log.corruption.policy = EXCEPTION (default)
2023-09-28 13:00:06,506 [924326bc-ac30-411c-a350-30e2822afeed-groupManagement] INFO  server.RaftServerConfigKeys (ConfUtils.java:logGet(46)) - raft.server.storage.free-space.min = 0MB (=0) (default)
2023-09-28 13:00:06,506 [924326bc-ac30-411c-a350-30e2822afeed-groupManagement] INFO  server.RaftServerConfigKeys (ConfUtils.java:logGet(46)) - raft.server.notification.no-leader.timeout = 300s (custom)
2023-09-28 13:00:06,506 [924326bc-ac30-411c-a350-30e2822afeed-groupManagement] INFO  server.RaftServerConfigKeys (ConfUtils.java:logGet(46)) - raft.server.read.timeout = 10s (default)
2023-09-28 13:00:06,506 [924326bc-ac30-411c-a350-30e2822afeed-groupManagement] INFO  server.RaftServerConfigKeys (ConfUtils.java:logGet(46)) - raft.server.retrycache.expirytime = 600000ms (custom)
2023-09-28 13:00:06,506 [924326bc-ac30-411c-a350-30e2822afeed-groupManagement] INFO  server.RaftServerConfigKeys (ConfUtils.java:logGet(46)) - raft.server.retrycache.statistics.expirytime = 100μs (default)
2023-09-28 13:00:06,506 [924326bc-ac30-411c-a350-30e2822afeed-groupManagement] INFO  server.RaftServerConfigKeys (ConfUtils.java:logGet(46)) - raft.server.read.option = DEFAULT (default)
2023-09-28 13:00:06,506 [924326bc-ac30-411c-a350-30e2822afeed-groupManagement] INFO  server.RaftServerConfigKeys (ConfUtils.java:logGet(46)) - raft.server.rpc.request.timeout = 60s (custom)
2023-09-28 13:00:06,507 [924326bc-ac30-411c-a350-30e2822afeed-groupManagement] INFO  server.RaftServerConfigKeys (ConfUtils.java:logGet(46)) - raft.server.log.appender.install.snapshot.enabled = false (custom)
2023-09-28 13:00:06,507 [924326bc-ac30-411c-a350-30e2822afeed-groupManagement] INFO  server.RaftServerConfigKeys (ConfUtils.java:logGet(46)) - raft.server.threadpool.server.cached = true (default)
2023-09-28 13:00:06,507 [924326bc-ac30-411c-a350-30e2822afeed-groupManagement] INFO  server.RaftServerConfigKeys (ConfUtils.java:logGet(46)) - raft.server.threadpool.server.size = 0 (default)
2023-09-28 13:00:06,507 [924326bc-ac30-411c-a350-30e2822afeed-groupManagement] INFO  server.RaftServerConfigKeys (ConfUtils.java:logGet(46)) - raft.server.threadpool.client.cached = true (default)
2023-09-28 13:00:06,507 [924326bc-ac30-411c-a350-30e2822afeed-groupManagement] INFO  server.RaftServerConfigKeys (ConfUtils.java:logGet(46)) - raft.server.threadpool.client.size = 0 (default)
2023-09-28 13:00:06,507 [924326bc-ac30-411c-a350-30e2822afeed-groupManagement] INFO  storage.RaftStorageDirectory (RaftStorageDirectoryImpl.java:analyzeStorage(137)) - The storage directory /home/runner/work/ozone/ozone/hadoop-ozone/integration-test/target/test-dir/MiniOzoneClusterImpl-1398513c-1ad7-449a-9b84-f90cd6748766/datanode-4/data/ratis/29e8e473-5741-4f3f-a88b-d91864a4bd58 does not exist. Creating ...
2023-09-28 13:00:06,508 [924326bc-ac30-411c-a350-30e2822afeed-groupManagement] INFO  storage.RaftStorageDirectory (RaftStorageDirectoryImpl.java:tryLock(231)) - Lock on /home/runner/work/ozone/ozone/hadoop-ozone/integration-test/target/test-dir/MiniOzoneClusterImpl-1398513c-1ad7-449a-9b84-f90cd6748766/datanode-4/data/ratis/29e8e473-5741-4f3f-a88b-d91864a4bd58/in_use.lock acquired by nodename 7568@fv-az163-431
2023-09-28 13:00:06,510 [924326bc-ac30-411c-a350-30e2822afeed-groupManagement] INFO  storage.RaftStorage (RaftStorageImpl.java:format(96)) - Storage directory /home/runner/work/ozone/ozone/hadoop-ozone/integration-test/target/test-dir/MiniOzoneClusterImpl-1398513c-1ad7-449a-9b84-f90cd6748766/datanode-4/data/ratis/29e8e473-5741-4f3f-a88b-d91864a4bd58 has been successfully formatted.
2023-09-28 13:00:06,514 [924326bc-ac30-411c-a350-30e2822afeed-groupManagement] INFO  ratis.ContainerStateMachine (ContainerStateMachine.java:loadSnapshot(262)) - group-D91864A4BD58: The snapshot info is null. Setting the last applied indexto:(t:0, i:~)
2023-09-28 13:00:06,514 [924326bc-ac30-411c-a350-30e2822afeed-groupManagement] INFO  server.RaftServerConfigKeys (ConfUtils.java:logGet(46)) - raft.server.log.use.memory = false (default)
2023-09-28 13:00:06,516 [EventQueue-PipelineReportForPipelineReportHandler] INFO  pipeline.PipelineReportHandler (PipelineReportHandler.java:processPipelineReport(136)) - Opened pipeline PipelineID=29e8e473-5741-4f3f-a88b-d91864a4bd58
2023-09-28 13:00:06,516 [EventQueue-OpenPipelineForHealthyPipelineSafeModeRule] INFO  safemode.SCMSafeModeManager (HealthyPipelineSafeModeRule.java:process(137)) - SCM in safe mode. Healthy pipelines reported count is 0, required healthy pipeline reported count is 1
2023-09-28 13:00:06,516 [924326bc-ac30-411c-a350-30e2822afeed-groupManagement] INFO  server.RaftServerConfigKeys (ConfUtils.java:logGet(46)) - raft.server.log.purge.gap = 1000000 (custom)
2023-09-28 13:00:06,516 [924326bc-ac30-411c-a350-30e2822afeed-groupManagement] INFO  server.RaftServerConfigKeys (ConfUtils.java:logGet(46)) - raft.server.log.appender.buffer.byte-limit = 33554432 (custom)
2023-09-28 13:00:06,516 [924326bc-ac30-411c-a350-30e2822afeed-groupManagement] INFO  server.RaftServerConfigKeys (ConfUtils.java:logGet(46)) - raft.server.log.statemachine.data.read.timeout = 1000ms (default)
2023-09-28 13:00:06,516 [924326bc-ac30-411c-a350-30e2822afeed-groupManagement] INFO  server.RaftServerConfigKeys (ConfUtils.java:logGet(46)) - raft.server.log.purge.preservation.log.num = 0 (default)
2023-09-28 13:00:06,516 [924326bc-ac30-411c-a350-30e2822afeed-groupManagement] INFO  server.RaftServerConfigKeys (ConfUtils.java:logGet(46)) - raft.server.log.segment.size.max = 1048576 (custom)
2023-09-28 13:00:06,516 [924326bc-ac30-411c-a350-30e2822afeed-groupManagement] INFO  server.RaftServerConfigKeys (ConfUtils.java:logGet(46)) - raft.server.log.segment.cache.num.max = 2 (custom)
2023-09-28 13:00:06,516 [924326bc-ac30-411c-a350-30e2822afeed-groupManagement] INFO  server.RaftServerConfigKeys (ConfUtils.java:logGet(46)) - raft.server.log.segment.cache.size.max = 200MB (=209715200) (default)
2023-09-28 13:00:06,517 [924326bc-ac30-411c-a350-30e2822afeed-groupManagement] INFO  server.RaftServerConfigKeys (ConfUtils.java:logGet(46)) - raft.server.log.appender.buffer.byte-limit = 33554432 (custom)
2023-09-28 13:00:06,517 [924326bc-ac30-411c-a350-30e2822afeed-groupManagement] INFO  segmented.SegmentedRaftLogWorker (SegmentedRaftLogWorker.java:<init>(188)) - new 924326bc-ac30-411c-a350-30e2822afeed@group-D91864A4BD58-SegmentedRaftLogWorker for RaftStorageImpl:Storage Directory /home/runner/work/ozone/ozone/hadoop-ozone/integration-test/target/test-dir/MiniOzoneClusterImpl-1398513c-1ad7-449a-9b84-f90cd6748766/datanode-4/data/ratis/29e8e473-5741-4f3f-a88b-d91864a4bd58
2023-09-28 13:00:06,517 [924326bc-ac30-411c-a350-30e2822afeed-groupManagement] INFO  server.RaftServerConfigKeys (ConfUtils.java:logGet(46)) - raft.server.log.queue.byte-limit = 4294967296 (custom)
2023-09-28 13:00:06,517 [924326bc-ac30-411c-a350-30e2822afeed-groupManagement] INFO  server.RaftServerConfigKeys (ConfUtils.java:logGet(46)) - raft.server.log.queue.element-limit = 1024 (custom)
2023-09-28 13:00:06,517 [924326bc-ac30-411c-a350-30e2822afeed-groupManagement] INFO  server.RaftServerConfigKeys (ConfUtils.java:logGet(46)) - raft.server.log.segment.size.max = 1048576 (custom)
2023-09-28 13:00:06,517 [924326bc-ac30-411c-a350-30e2822afeed-groupManagement] INFO  server.RaftServerConfigKeys (ConfUtils.java:logGet(46)) - raft.server.log.preallocated.size = 16384 (custom)
2023-09-28 13:00:06,517 [924326bc-ac30-411c-a350-30e2822afeed-groupManagement] INFO  server.RaftServerConfigKeys (ConfUtils.java:logGet(46)) - raft.server.log.force.sync.num = 128 (default)
2023-09-28 13:00:06,517 [924326bc-ac30-411c-a350-30e2822afeed-groupManagement] INFO  server.RaftServerConfigKeys (ConfUtils.java:logGet(46)) - raft.server.log.statemachine.data.sync = true (default)
2023-09-28 13:00:06,517 [924326bc-ac30-411c-a350-30e2822afeed-groupManagement] INFO  server.RaftServerConfigKeys (ConfUtils.java:logGet(46)) - raft.server.log.statemachine.data.sync.timeout = 10s (default)
2023-09-28 13:00:06,517 [924326bc-ac30-411c-a350-30e2822afeed-groupManagement] INFO  server.RaftServerConfigKeys (ConfUtils.java:logGet(46)) - raft.server.log.statemachine.data.sync.timeout.retry = -1 (default)
2023-09-28 13:00:06,518 [924326bc-ac30-411c-a350-30e2822afeed-groupManagement] INFO  server.RaftServerConfigKeys (ConfUtils.java:logGet(46)) - raft.server.log.write.buffer.size = 1048576 (custom)
2023-09-28 13:00:06,518 [924326bc-ac30-411c-a350-30e2822afeed-groupManagement] INFO  server.RaftServerConfigKeys (ConfUtils.java:logGet(46)) - raft.server.log.appender.buffer.byte-limit = 33554432 (custom)
2023-09-28 13:00:06,523 [924326bc-ac30-411c-a350-30e2822afeed-groupManagement] INFO  server.RaftServerConfigKeys (ConfUtils.java:logGet(46)) - raft.server.log.unsafe-flush.enabled = false (default)
2023-09-28 13:00:06,523 [924326bc-ac30-411c-a350-30e2822afeed-groupManagement] INFO  server.RaftServerConfigKeys (ConfUtils.java:logGet(46)) - raft.server.log.async-flush.enabled = false (default)
2023-09-28 13:00:06,523 [924326bc-ac30-411c-a350-30e2822afeed-groupManagement] INFO  server.RaftServerConfigKeys (ConfUtils.java:logGet(46)) - raft.server.log.statemachine.data.caching.enabled = true (custom)
2023-09-28 13:00:06,523 [924326bc-ac30-411c-a350-30e2822afeed-groupManagement] INFO  segmented.SegmentedRaftLogWorker (SegmentedRaftLogWorker.java:lambda$new$0(135)) - 924326bc-ac30-411c-a350-30e2822afeed@group-D91864A4BD58-SegmentedRaftLogWorker: flushIndex: setUnconditionally 0 -> -1
2023-09-28 13:00:06,523 [924326bc-ac30-411c-a350-30e2822afeed-groupManagement] INFO  segmented.SegmentedRaftLogWorker (SegmentedRaftLogWorker.java:lambda$new$0(135)) - 924326bc-ac30-411c-a350-30e2822afeed@group-D91864A4BD58-SegmentedRaftLogWorker: safeCacheEvictIndex: setUnconditionally 0 -> -1
2023-09-28 13:00:06,524 [924326bc-ac30-411c-a350-30e2822afeed-groupManagement] INFO  server.RaftServer$Division (RaftServerImpl.java:start(342)) - 924326bc-ac30-411c-a350-30e2822afeed@group-D91864A4BD58: start as a follower, conf=-1: peers:[924326bc-ac30-411c-a350-30e2822afeed|rpc:10.1.0.34:15209|admin:10.1.0.34:15208|client:10.1.0.34:15207|dataStream:10.1.0.34:15210|priority:1|startupRole:FOLLOWER]|listeners:[], old=null
2023-09-28 13:00:06,524 [924326bc-ac30-411c-a350-30e2822afeed-groupManagement] INFO  server.RaftServer$Division (RaftServerImpl.java:setRole(329)) - 924326bc-ac30-411c-a350-30e2822afeed@group-D91864A4BD58: changes role from      null to FOLLOWER at term 0 for startAsFollower
2023-09-28 13:00:06,524 [924326bc-ac30-411c-a350-30e2822afeed-groupManagement] INFO  impl.RoleInfo (RoleInfo.java:updateAndGet(139)) - 924326bc-ac30-411c-a350-30e2822afeed: start 924326bc-ac30-411c-a350-30e2822afeed@group-D91864A4BD58-FollowerState
2023-09-28 13:00:06,524 [924326bc-ac30-411c-a350-30e2822afeed-groupManagement] INFO  util.JmxRegister (JmxRegister.java:tryRegister(44)) - Successfully registered JMX Bean with object name Ratis:service=RaftServer,group=group-D91864A4BD58,id=924326bc-ac30-411c-a350-30e2822afeed
2023-09-28 13:00:06,524 [924326bc-ac30-411c-a350-30e2822afeed@group-D91864A4BD58-FollowerState] INFO  server.RaftServerConfigKeys (ConfUtils.java:logFallback(53)) - raft.server.rpc.first-election.timeout.min = 5s (fallback to raft.server.rpc.timeout.min)
2023-09-28 13:00:06,524 [924326bc-ac30-411c-a350-30e2822afeed-groupManagement] INFO  server.RaftServerConfigKeys (ConfUtils.java:logGet(46)) - raft.server.snapshot.auto.trigger.enabled = true (custom)
2023-09-28 13:00:06,524 [924326bc-ac30-411c-a350-30e2822afeed@group-D91864A4BD58-FollowerState] INFO  server.RaftServerConfigKeys (ConfUtils.java:logFallback(53)) - raft.server.rpc.first-election.timeout.max = 5200ms (fallback to raft.server.rpc.timeout.max)
2023-09-28 13:00:06,524 [924326bc-ac30-411c-a350-30e2822afeed-groupManagement] INFO  server.RaftServerConfigKeys (ConfUtils.java:logGet(46)) - raft.server.snapshot.auto.trigger.threshold = 10000 (custom)
2023-09-28 13:00:06,524 [924326bc-ac30-411c-a350-30e2822afeed-groupManagement] INFO  server.RaftServerConfigKeys (ConfUtils.java:logGet(46)) - raft.server.snapshot.retention.file.num = 5 (custom)
2023-09-28 13:00:06,524 [924326bc-ac30-411c-a350-30e2822afeed-groupManagement] INFO  server.RaftServerConfigKeys (ConfUtils.java:logGet(46)) - raft.server.log.purge.upto.snapshot.index = false (default)
2023-09-28 13:00:06,525 [PipelineCommandHandlerThread-0] INFO  ratis.XceiverServerRatis (XceiverServerRatis.java:addGroup(804)) - Created group PipelineID=29e8e473-5741-4f3f-a88b-d91864a4bd58
2023-09-28 13:00:06,525 [PipelineCommandHandlerThread-0] INFO  commandhandler.CreatePipelineCommandHandler (CreatePipelineCommandHandler.java:lambda$handle$2(124)) - Created Pipeline RATIS ONE PipelineID=29e8e473-5741-4f3f-a88b-d91864a4bd58.
2023-09-28 13:00:07,498 [main] INFO  ozone.MiniOzoneClusterImpl (MiniOzoneClusterImpl.java:lambda$waitForClusterToBeReady$0(229)) - Nodes are ready. Got 5 of 5 DN Heartbeats.
2023-09-28 13:00:07,498 [main] INFO  ozone.MiniOzoneClusterImpl (MiniOzoneClusterImpl.java:lambda$waitForClusterToBeReady$0(232)) - Waiting for cluster to exit safe mode
2023-09-28 13:00:07,498 [main] INFO  ozone.MiniOzoneClusterImpl (MiniOzoneClusterImpl.java:lambda$waitForClusterToBeReady$0(234)) - SCM became leader
2023-09-28 13:00:08,499 [main] INFO  ozone.MiniOzoneClusterImpl (MiniOzoneClusterImpl.java:lambda$waitForClusterToBeReady$0(229)) - Nodes are ready. Got 5 of 5 DN Heartbeats.
2023-09-28 13:00:08,499 [main] INFO  ozone.MiniOzoneClusterImpl (MiniOzoneClusterImpl.java:lambda$waitForClusterToBeReady$0(232)) - Waiting for cluster to exit safe mode
2023-09-28 13:00:08,499 [main] INFO  ozone.MiniOzoneClusterImpl (MiniOzoneClusterImpl.java:lambda$waitForClusterToBeReady$0(234)) - SCM became leader
2023-09-28 13:00:09,499 [main] INFO  ozone.MiniOzoneClusterImpl (MiniOzoneClusterImpl.java:lambda$waitForClusterToBeReady$0(229)) - Nodes are ready. Got 5 of 5 DN Heartbeats.
2023-09-28 13:00:09,499 [main] INFO  ozone.MiniOzoneClusterImpl (MiniOzoneClusterImpl.java:lambda$waitForClusterToBeReady$0(232)) - Waiting for cluster to exit safe mode
2023-09-28 13:00:09,500 [main] INFO  ozone.MiniOzoneClusterImpl (MiniOzoneClusterImpl.java:lambda$waitForClusterToBeReady$0(234)) - SCM became leader
2023-09-28 13:00:10,359 [1544e7f7-fd3f-4574-a78e-ef52e31146de@group-BB73178100E7-FollowerState] INFO  impl.FollowerState (FollowerState.java:run(143)) - 1544e7f7-fd3f-4574-a78e-ef52e31146de@group-BB73178100E7-FollowerState: change to CANDIDATE, lastRpcElapsedTime:5076737944ns, electionTimeout:5076ms
2023-09-28 13:00:10,359 [1544e7f7-fd3f-4574-a78e-ef52e31146de@group-BB73178100E7-FollowerState] INFO  impl.RoleInfo (RoleInfo.java:shutdownFollowerState(110)) - 1544e7f7-fd3f-4574-a78e-ef52e31146de: shutdown 1544e7f7-fd3f-4574-a78e-ef52e31146de@group-BB73178100E7-FollowerState
2023-09-28 13:00:10,360 [1544e7f7-fd3f-4574-a78e-ef52e31146de@group-BB73178100E7-FollowerState] INFO  server.RaftServer$Division (RaftServerImpl.java:setRole(329)) - 1544e7f7-fd3f-4574-a78e-ef52e31146de@group-BB73178100E7: changes role from  FOLLOWER to CANDIDATE at term 0 for changeToCandidate
2023-09-28 13:00:10,360 [1544e7f7-fd3f-4574-a78e-ef52e31146de@group-BB73178100E7-FollowerState] INFO  server.RaftServerConfigKeys (ConfUtils.java:logGet(46)) - raft.server.leaderelection.pre-vote = true (default)
2023-09-28 13:00:10,360 [1544e7f7-fd3f-4574-a78e-ef52e31146de@group-BB73178100E7-FollowerState] INFO  impl.RoleInfo (RoleInfo.java:updateAndGet(139)) - 1544e7f7-fd3f-4574-a78e-ef52e31146de: start 1544e7f7-fd3f-4574-a78e-ef52e31146de@group-BB73178100E7-LeaderElection27
2023-09-28 13:00:10,367 [1544e7f7-fd3f-4574-a78e-ef52e31146de@group-BB73178100E7-LeaderElection27] INFO  impl.LeaderElection (LeaderElection.java:askForVotes(321)) - 1544e7f7-fd3f-4574-a78e-ef52e31146de@group-BB73178100E7-LeaderElection27 PRE_VOTE round 0: submit vote requests at term 0 for -1: peers:[1544e7f7-fd3f-4574-a78e-ef52e31146de|rpc:10.1.0.34:15173|admin:10.1.0.34:15172|client:10.1.0.34:15171|dataStream:10.1.0.34:15174|priority:0|startupRole:FOLLOWER, 1f3e3681-2cc0-4f79-8587-08300d65d237|rpc:10.1.0.34:15182|admin:10.1.0.34:15181|client:10.1.0.34:15180|dataStream:10.1.0.34:15183|priority:1|startupRole:FOLLOWER, 2e0a77eb-074a-4a54-81ef-c7479b7c14e1|rpc:10.1.0.34:15191|admin:10.1.0.34:15190|client:10.1.0.34:15189|dataStream:10.1.0.34:15192|priority:0|startupRole:FOLLOWER]|listeners:[], old=null
2023-09-28 13:00:10,367 [1544e7f7-fd3f-4574-a78e-ef52e31146de@group-BB73178100E7-LeaderElection27] INFO  server.RaftServerConfigKeys (ConfUtils.java:logFallback(53)) - raft.server.rpc.first-election.timeout.min = 5s (fallback to raft.server.rpc.timeout.min)
2023-09-28 13:00:10,367 [1544e7f7-fd3f-4574-a78e-ef52e31146de@group-BB73178100E7-LeaderElection27-1] INFO  server.GrpcServerProtocolClient (GrpcServerProtocolClient.java:<init>(65)) - Build channel for 1f3e3681-2cc0-4f79-8587-08300d65d237
2023-09-28 13:00:10,367 [1544e7f7-fd3f-4574-a78e-ef52e31146de@group-BB73178100E7-LeaderElection27] INFO  server.RaftServerConfigKeys (ConfUtils.java:logFallback(53)) - raft.server.rpc.first-election.timeout.max = 5200ms (fallback to raft.server.rpc.timeout.max)
2023-09-28 13:00:10,368 [1544e7f7-fd3f-4574-a78e-ef52e31146de@group-BB73178100E7-LeaderElection27-2] INFO  server.GrpcServerProtocolClient (GrpcServerProtocolClient.java:<init>(65)) - Build channel for 2e0a77eb-074a-4a54-81ef-c7479b7c14e1
2023-09-28 13:00:10,376 [grpc-default-executor-0] INFO  server.RaftServer$Division (RaftServerImpl.java:requestVote(1302)) - 1f3e3681-2cc0-4f79-8587-08300d65d237@group-BB73178100E7: receive requestVote(PRE_VOTE, 1544e7f7-fd3f-4574-a78e-ef52e31146de, group-BB73178100E7, 0, (t:0, i:0))
2023-09-28 13:00:10,377 [grpc-default-executor-0] INFO  impl.VoteContext (VoteContext.java:log(49)) - 1f3e3681-2cc0-4f79-8587-08300d65d237@group-BB73178100E7-FOLLOWER: reject PRE_VOTE from 1544e7f7-fd3f-4574-a78e-ef52e31146de: our priority 1 > candidate's priority 0
2023-09-28 13:00:10,377 [grpc-default-executor-0] INFO  server.RaftServer$Division (RaftServerImpl.java:requestVote(1335)) - 1f3e3681-2cc0-4f79-8587-08300d65d237@group-BB73178100E7 replies to PRE_VOTE vote request: 1544e7f7-fd3f-4574-a78e-ef52e31146de<-1f3e3681-2cc0-4f79-8587-08300d65d237#0:FAIL-t0. Peer's state: 1f3e3681-2cc0-4f79-8587-08300d65d237@group-BB73178100E7:t0, leader=null, voted=, raftlog=Memoized:1f3e3681-2cc0-4f79-8587-08300d65d237@group-BB73178100E7-SegmentedRaftLog:OPENED:c-1, conf=-1: peers:[1544e7f7-fd3f-4574-a78e-ef52e31146de|rpc:10.1.0.34:15173|admin:10.1.0.34:15172|client:10.1.0.34:15171|dataStream:10.1.0.34:15174|priority:0|startupRole:FOLLOWER, 1f3e3681-2cc0-4f79-8587-08300d65d237|rpc:10.1.0.34:15182|admin:10.1.0.34:15181|client:10.1.0.34:15180|dataStream:10.1.0.34:15183|priority:1|startupRole:FOLLOWER, 2e0a77eb-074a-4a54-81ef-c7479b7c14e1|rpc:10.1.0.34:15191|admin:10.1.0.34:15190|client:10.1.0.34:15189|dataStream:10.1.0.34:15192|priority:0|startupRole:FOLLOWER]|listeners:[], old=null
2023-09-28 13:00:10,379 [1544e7f7-fd3f-4574-a78e-ef52e31146de@group-BB73178100E7-LeaderElection27] INFO  impl.LeaderElection (LeaderElection.java:logAndReturn(90)) - 1544e7f7-fd3f-4574-a78e-ef52e31146de@group-BB73178100E7-LeaderElection27: PRE_VOTE REJECTED received 1 response(s) and 0 exception(s):
2023-09-28 13:00:10,380 [1544e7f7-fd3f-4574-a78e-ef52e31146de@group-BB73178100E7-LeaderElection27] INFO  impl.LeaderElection (LeaderElection.java:logAndReturn(94)) -   Response 0: 1544e7f7-fd3f-4574-a78e-ef52e31146de<-1f3e3681-2cc0-4f79-8587-08300d65d237#0:FAIL-t0
2023-09-28 13:00:10,380 [1544e7f7-fd3f-4574-a78e-ef52e31146de@group-BB73178100E7-LeaderElection27] INFO  impl.LeaderElection (LeaderElection.java:askForVotes(323)) - 1544e7f7-fd3f-4574-a78e-ef52e31146de@group-BB73178100E7-LeaderElection27 PRE_VOTE round 0: result REJECTED
2023-09-28 13:00:10,381 [1544e7f7-fd3f-4574-a78e-ef52e31146de@group-BB73178100E7-LeaderElection27] INFO  server.RaftServer$Division (RaftServerImpl.java:setRole(329)) - 1544e7f7-fd3f-4574-a78e-ef52e31146de@group-BB73178100E7: changes role from CANDIDATE to FOLLOWER at term 0 for REJECTED
2023-09-28 13:00:10,381 [1544e7f7-fd3f-4574-a78e-ef52e31146de@group-BB73178100E7-LeaderElection27] INFO  impl.RoleInfo (RoleInfo.java:shutdownLeaderElection(130)) - 1544e7f7-fd3f-4574-a78e-ef52e31146de: shutdown 1544e7f7-fd3f-4574-a78e-ef52e31146de@group-BB73178100E7-LeaderElection27
2023-09-28 13:00:10,381 [1544e7f7-fd3f-4574-a78e-ef52e31146de@group-BB73178100E7-LeaderElection27] INFO  impl.RoleInfo (RoleInfo.java:updateAndGet(139)) - 1544e7f7-fd3f-4574-a78e-ef52e31146de: start 1544e7f7-fd3f-4574-a78e-ef52e31146de@group-BB73178100E7-FollowerState
2023-09-28 13:00:10,382 [grpc-default-executor-0] INFO  server.RaftServer$Division (RaftServerImpl.java:requestVote(1302)) - 2e0a77eb-074a-4a54-81ef-c7479b7c14e1@group-BB73178100E7: receive requestVote(PRE_VOTE, 1544e7f7-fd3f-4574-a78e-ef52e31146de, group-BB73178100E7, 0, (t:0, i:0))
2023-09-28 13:00:10,382 [grpc-default-executor-0] INFO  impl.VoteContext (VoteContext.java:log(49)) - 2e0a77eb-074a-4a54-81ef-c7479b7c14e1@group-BB73178100E7-FOLLOWER: accept PRE_VOTE from 1544e7f7-fd3f-4574-a78e-ef52e31146de: our priority 0 <= candidate's priority 0
2023-09-28 13:00:10,386 [1f3e3681-2cc0-4f79-8587-08300d65d237@group-BB73178100E7-FollowerState] INFO  impl.FollowerState (FollowerState.java:run(143)) - 1f3e3681-2cc0-4f79-8587-08300d65d237@group-BB73178100E7-FollowerState: change to CANDIDATE, lastRpcElapsedTime:5059038765ns, electionTimeout:5054ms
2023-09-28 13:00:10,386 [1f3e3681-2cc0-4f79-8587-08300d65d237@group-BB73178100E7-FollowerState] INFO  impl.RoleInfo (RoleInfo.java:shutdownFollowerState(110)) - 1f3e3681-2cc0-4f79-8587-08300d65d237: shutdown 1f3e3681-2cc0-4f79-8587-08300d65d237@group-BB73178100E7-FollowerState
2023-09-28 13:00:10,386 [1f3e3681-2cc0-4f79-8587-08300d65d237@group-BB73178100E7-FollowerState] INFO  server.RaftServer$Division (RaftServerImpl.java:setRole(329)) - 1f3e3681-2cc0-4f79-8587-08300d65d237@group-BB73178100E7: changes role from  FOLLOWER to CANDIDATE at term 0 for changeToCandidate
2023-09-28 13:00:10,386 [1f3e3681-2cc0-4f79-8587-08300d65d237@group-BB73178100E7-FollowerState] INFO  server.RaftServerConfigKeys (ConfUtils.java:logGet(46)) - raft.server.leaderelection.pre-vote = true (default)
2023-09-28 13:00:10,386 [1f3e3681-2cc0-4f79-8587-08300d65d237@group-BB73178100E7-FollowerState] INFO  impl.RoleInfo (RoleInfo.java:updateAndGet(139)) - 1f3e3681-2cc0-4f79-8587-08300d65d237: start 1f3e3681-2cc0-4f79-8587-08300d65d237@group-BB73178100E7-LeaderElection28
2023-09-28 13:00:10,386 [1f3e3681-2cc0-4f79-8587-08300d65d237@group-BB73178100E7-LeaderElection28] INFO  impl.LeaderElection (LeaderElection.java:askForVotes(321)) - 1f3e3681-2cc0-4f79-8587-08300d65d237@group-BB73178100E7-LeaderElection28 PRE_VOTE round 0: submit vote requests at term 0 for -1: peers:[1544e7f7-fd3f-4574-a78e-ef52e31146de|rpc:10.1.0.34:15173|admin:10.1.0.34:15172|client:10.1.0.34:15171|dataStream:10.1.0.34:15174|priority:0|startupRole:FOLLOWER, 1f3e3681-2cc0-4f79-8587-08300d65d237|rpc:10.1.0.34:15182|admin:10.1.0.34:15181|client:10.1.0.34:15180|dataStream:10.1.0.34:15183|priority:1|startupRole:FOLLOWER, 2e0a77eb-074a-4a54-81ef-c7479b7c14e1|rpc:10.1.0.34:15191|admin:10.1.0.34:15190|client:10.1.0.34:15189|dataStream:10.1.0.34:15192|priority:0|startupRole:FOLLOWER]|listeners:[], old=null
2023-09-28 13:00:10,387 [1f3e3681-2cc0-4f79-8587-08300d65d237@group-BB73178100E7-LeaderElection28-1] INFO  server.GrpcServerProtocolClient (GrpcServerProtocolClient.java:<init>(65)) - Build channel for 1544e7f7-fd3f-4574-a78e-ef52e31146de
2023-09-28 13:00:10,389 [1f3e3681-2cc0-4f79-8587-08300d65d237@group-BB73178100E7-LeaderElection28] INFO  server.RaftServerConfigKeys (ConfUtils.java:logFallback(53)) - raft.server.rpc.first-election.timeout.min = 5s (fallback to raft.server.rpc.timeout.min)
2023-09-28 13:00:10,389 [1f3e3681-2cc0-4f79-8587-08300d65d237@group-BB73178100E7-LeaderElection28] INFO  server.RaftServerConfigKeys (ConfUtils.java:logFallback(53)) - raft.server.rpc.first-election.timeout.max = 5200ms (fallback to raft.server.rpc.timeout.max)
2023-09-28 13:00:10,389 [1f3e3681-2cc0-4f79-8587-08300d65d237@group-BB73178100E7-LeaderElection28-2] INFO  server.GrpcServerProtocolClient (GrpcServerProtocolClient.java:<init>(65)) - Build channel for 2e0a77eb-074a-4a54-81ef-c7479b7c14e1
2023-09-28 13:00:10,392 [grpc-default-executor-0] INFO  server.RaftServer$Division (RaftServerImpl.java:requestVote(1335)) - 2e0a77eb-074a-4a54-81ef-c7479b7c14e1@group-BB73178100E7 replies to PRE_VOTE vote request: 1544e7f7-fd3f-4574-a78e-ef52e31146de<-2e0a77eb-074a-4a54-81ef-c7479b7c14e1#0:OK-t0. Peer's state: 2e0a77eb-074a-4a54-81ef-c7479b7c14e1@group-BB73178100E7:t0, leader=null, voted=, raftlog=Memoized:2e0a77eb-074a-4a54-81ef-c7479b7c14e1@group-BB73178100E7-SegmentedRaftLog:OPENED:c-1, conf=-1: peers:[1544e7f7-fd3f-4574-a78e-ef52e31146de|rpc:10.1.0.34:15173|admin:10.1.0.34:15172|client:10.1.0.34:15171|dataStream:10.1.0.34:15174|priority:0|startupRole:FOLLOWER, 1f3e3681-2cc0-4f79-8587-08300d65d237|rpc:10.1.0.34:15182|admin:10.1.0.34:15181|client:10.1.0.34:15180|dataStream:10.1.0.34:15183|priority:1|startupRole:FOLLOWER, 2e0a77eb-074a-4a54-81ef-c7479b7c14e1|rpc:10.1.0.34:15191|admin:10.1.0.34:15190|client:10.1.0.34:15189|dataStream:10.1.0.34:15192|priority:0|startupRole:FOLLOWER]|listeners:[], old=null
2023-09-28 13:00:10,400 [grpc-default-executor-1] INFO  server.RaftServer$Division (RaftServerImpl.java:requestVote(1302)) - 2e0a77eb-074a-4a54-81ef-c7479b7c14e1@group-BB73178100E7: receive requestVote(PRE_VOTE, 1f3e3681-2cc0-4f79-8587-08300d65d237, group-BB73178100E7, 0, (t:0, i:0))
2023-09-28 13:00:10,401 [grpc-default-executor-1] INFO  impl.VoteContext (VoteContext.java:log(49)) - 2e0a77eb-074a-4a54-81ef-c7479b7c14e1@group-BB73178100E7-FOLLOWER: accept PRE_VOTE from 1f3e3681-2cc0-4f79-8587-08300d65d237: our priority 0 <= candidate's priority 1
2023-09-28 13:00:10,402 [grpc-default-executor-1] INFO  server.RaftServer$Division (RaftServerImpl.java:requestVote(1335)) - 2e0a77eb-074a-4a54-81ef-c7479b7c14e1@group-BB73178100E7 replies to PRE_VOTE vote request: 1f3e3681-2cc0-4f79-8587-08300d65d237<-2e0a77eb-074a-4a54-81ef-c7479b7c14e1#0:OK-t0. Peer's state: 2e0a77eb-074a-4a54-81ef-c7479b7c14e1@group-BB73178100E7:t0, leader=null, voted=, raftlog=Memoized:2e0a77eb-074a-4a54-81ef-c7479b7c14e1@group-BB73178100E7-SegmentedRaftLog:OPENED:c-1, conf=-1: peers:[1544e7f7-fd3f-4574-a78e-ef52e31146de|rpc:10.1.0.34:15173|admin:10.1.0.34:15172|client:10.1.0.34:15171|dataStream:10.1.0.34:15174|priority:0|startupRole:FOLLOWER, 1f3e3681-2cc0-4f79-8587-08300d65d237|rpc:10.1.0.34:15182|admin:10.1.0.34:15181|client:10.1.0.34:15180|dataStream:10.1.0.34:15183|priority:1|startupRole:FOLLOWER, 2e0a77eb-074a-4a54-81ef-c7479b7c14e1|rpc:10.1.0.34:15191|admin:10.1.0.34:15190|client:10.1.0.34:15189|dataStream:10.1.0.34:15192|priority:0|startupRole:FOLLOWER]|listeners:[], old=null
2023-09-28 13:00:10,404 [1f3e3681-2cc0-4f79-8587-08300d65d237@group-BB73178100E7-LeaderElection28] INFO  impl.LeaderElection (LeaderElection.java:logAndReturn(90)) - 1f3e3681-2cc0-4f79-8587-08300d65d237@group-BB73178100E7-LeaderElection28: PRE_VOTE PASSED received 1 response(s) and 0 exception(s):
2023-09-28 13:00:10,404 [1f3e3681-2cc0-4f79-8587-08300d65d237@group-BB73178100E7-LeaderElection28] INFO  impl.LeaderElection (LeaderElection.java:logAndReturn(94)) -   Response 0: 1f3e3681-2cc0-4f79-8587-08300d65d237<-2e0a77eb-074a-4a54-81ef-c7479b7c14e1#0:OK-t0
2023-09-28 13:00:10,404 [1f3e3681-2cc0-4f79-8587-08300d65d237@group-BB73178100E7-LeaderElection28] INFO  impl.LeaderElection (LeaderElection.java:askForVotes(323)) - 1f3e3681-2cc0-4f79-8587-08300d65d237@group-BB73178100E7-LeaderElection28 PRE_VOTE round 0: result PASSED
2023-09-28 13:00:10,405 [1f3e3681-2cc0-4f79-8587-08300d65d237@group-BB73178100E7-LeaderElection28] INFO  impl.LeaderElection (LeaderElection.java:askForVotes(321)) - 1f3e3681-2cc0-4f79-8587-08300d65d237@group-BB73178100E7-LeaderElection28 ELECTION round 0: submit vote requests at term 1 for -1: peers:[1544e7f7-fd3f-4574-a78e-ef52e31146de|rpc:10.1.0.34:15173|admin:10.1.0.34:15172|client:10.1.0.34:15171|dataStream:10.1.0.34:15174|priority:0|startupRole:FOLLOWER, 1f3e3681-2cc0-4f79-8587-08300d65d237|rpc:10.1.0.34:15182|admin:10.1.0.34:15181|client:10.1.0.34:15180|dataStream:10.1.0.34:15183|priority:1|startupRole:FOLLOWER, 2e0a77eb-074a-4a54-81ef-c7479b7c14e1|rpc:10.1.0.34:15191|admin:10.1.0.34:15190|client:10.1.0.34:15189|dataStream:10.1.0.34:15192|priority:0|startupRole:FOLLOWER]|listeners:[], old=null
2023-09-28 13:00:10,410 [1f3e3681-2cc0-4f79-8587-08300d65d237@group-BB73178100E7-LeaderElection28] INFO  server.RaftServerConfigKeys (ConfUtils.java:logFallback(53)) - raft.server.rpc.first-election.timeout.min = 5s (fallback to raft.server.rpc.timeout.min)
2023-09-28 13:00:10,410 [1f3e3681-2cc0-4f79-8587-08300d65d237@group-BB73178100E7-LeaderElection28] INFO  server.RaftServerConfigKeys (ConfUtils.java:logFallback(53)) - raft.server.rpc.first-election.timeout.max = 5200ms (fallback to raft.server.rpc.timeout.max)
2023-09-28 13:00:10,411 [grpc-default-executor-1] INFO  server.RaftServer$Division (RaftServerImpl.java:requestVote(1302)) - 1544e7f7-fd3f-4574-a78e-ef52e31146de@group-BB73178100E7: receive requestVote(ELECTION, 1f3e3681-2cc0-4f79-8587-08300d65d237, group-BB73178100E7, 1, (t:0, i:0))
2023-09-28 13:00:10,411 [grpc-default-executor-2] INFO  server.RaftServer$Division (RaftServerImpl.java:requestVote(1302)) - 1544e7f7-fd3f-4574-a78e-ef52e31146de@group-BB73178100E7: receive requestVote(PRE_VOTE, 1f3e3681-2cc0-4f79-8587-08300d65d237, group-BB73178100E7, 0, (t:0, i:0))
2023-09-28 13:00:10,411 [grpc-default-executor-1] INFO  impl.VoteContext (VoteContext.java:log(49)) - 1544e7f7-fd3f-4574-a78e-ef52e31146de@group-BB73178100E7-FOLLOWER: accept ELECTION from 1f3e3681-2cc0-4f79-8587-08300d65d237: our priority 0 <= candidate's priority 1
2023-09-28 13:00:10,411 [grpc-default-executor-1] INFO  server.RaftServer$Division (RaftServerImpl.java:setRole(329)) - 1544e7f7-fd3f-4574-a78e-ef52e31146de@group-BB73178100E7: changes role from  FOLLOWER to FOLLOWER at term 1 for candidate:1f3e3681-2cc0-4f79-8587-08300d65d237
2023-09-28 13:00:10,411 [grpc-default-executor-1] INFO  impl.RoleInfo (RoleInfo.java:shutdownFollowerState(110)) - 1544e7f7-fd3f-4574-a78e-ef52e31146de: shutdown 1544e7f7-fd3f-4574-a78e-ef52e31146de@group-BB73178100E7-FollowerState
2023-09-28 13:00:10,411 [grpc-default-executor-1] INFO  impl.RoleInfo (RoleInfo.java:updateAndGet(139)) - 1544e7f7-fd3f-4574-a78e-ef52e31146de: start 1544e7f7-fd3f-4574-a78e-ef52e31146de@group-BB73178100E7-FollowerState
2023-09-28 13:00:10,411 [1544e7f7-fd3f-4574-a78e-ef52e31146de@group-BB73178100E7-FollowerState] INFO  impl.FollowerState (FollowerState.java:run(152)) - 1544e7f7-fd3f-4574-a78e-ef52e31146de@group-BB73178100E7-FollowerState was interrupted
2023-09-28 13:00:10,415 [grpc-default-executor-0] INFO  server.RaftServer$Division (RaftServerImpl.java:requestVote(1302)) - 2e0a77eb-074a-4a54-81ef-c7479b7c14e1@group-BB73178100E7: receive requestVote(ELECTION, 1f3e3681-2cc0-4f79-8587-08300d65d237, group-BB73178100E7, 1, (t:0, i:0))
2023-09-28 13:00:10,416 [grpc-default-executor-0] INFO  impl.VoteContext (VoteContext.java:log(49)) - 2e0a77eb-074a-4a54-81ef-c7479b7c14e1@group-BB73178100E7-FOLLOWER: accept ELECTION from 1f3e3681-2cc0-4f79-8587-08300d65d237: our priority 0 <= candidate's priority 1
2023-09-28 13:00:10,416 [grpc-default-executor-0] INFO  server.RaftServer$Division (RaftServerImpl.java:setRole(329)) - 2e0a77eb-074a-4a54-81ef-c7479b7c14e1@group-BB73178100E7: changes role from  FOLLOWER to FOLLOWER at term 1 for candidate:1f3e3681-2cc0-4f79-8587-08300d65d237
2023-09-28 13:00:10,416 [grpc-default-executor-0] INFO  impl.RoleInfo (RoleInfo.java:shutdownFollowerState(110)) - 2e0a77eb-074a-4a54-81ef-c7479b7c14e1: shutdown 2e0a77eb-074a-4a54-81ef-c7479b7c14e1@group-BB73178100E7-FollowerState
2023-09-28 13:00:10,416 [grpc-default-executor-0] INFO  impl.RoleInfo (RoleInfo.java:updateAndGet(139)) - 2e0a77eb-074a-4a54-81ef-c7479b7c14e1: start 2e0a77eb-074a-4a54-81ef-c7479b7c14e1@group-BB73178100E7-FollowerState
2023-09-28 13:00:10,416 [2e0a77eb-074a-4a54-81ef-c7479b7c14e1@group-BB73178100E7-FollowerState] INFO  impl.FollowerState (FollowerState.java:run(152)) - 2e0a77eb-074a-4a54-81ef-c7479b7c14e1@group-BB73178100E7-FollowerState was interrupted
2023-09-28 13:00:10,416 [grpc-default-executor-1] INFO  server.RaftServer$Division (RaftServerImpl.java:requestVote(1335)) - 1544e7f7-fd3f-4574-a78e-ef52e31146de@group-BB73178100E7 replies to ELECTION vote request: 1f3e3681-2cc0-4f79-8587-08300d65d237<-1544e7f7-fd3f-4574-a78e-ef52e31146de#0:OK-t1. Peer's state: 1544e7f7-fd3f-4574-a78e-ef52e31146de@group-BB73178100E7:t1, leader=null, voted=1f3e3681-2cc0-4f79-8587-08300d65d237, raftlog=Memoized:1544e7f7-fd3f-4574-a78e-ef52e31146de@group-BB73178100E7-SegmentedRaftLog:OPENED:c-1, conf=-1: peers:[1544e7f7-fd3f-4574-a78e-ef52e31146de|rpc:10.1.0.34:15173|admin:10.1.0.34:15172|client:10.1.0.34:15171|dataStream:10.1.0.34:15174|priority:0|startupRole:FOLLOWER, 1f3e3681-2cc0-4f79-8587-08300d65d237|rpc:10.1.0.34:15182|admin:10.1.0.34:15181|client:10.1.0.34:15180|dataStream:10.1.0.34:15183|priority:1|startupRole:FOLLOWER, 2e0a77eb-074a-4a54-81ef-c7479b7c14e1|rpc:10.1.0.34:15191|admin:10.1.0.34:15190|client:10.1.0.34:15189|dataStream:10.1.0.34:15192|priority:0|startupRole:FOLLOWER]|listeners:[], old=null
2023-09-28 13:00:10,417 [grpc-default-executor-2] INFO  impl.VoteContext (VoteContext.java:log(49)) - 1544e7f7-fd3f-4574-a78e-ef52e31146de@group-BB73178100E7-FOLLOWER: accept PRE_VOTE from 1f3e3681-2cc0-4f79-8587-08300d65d237: our priority 0 <= candidate's priority 1
2023-09-28 13:00:10,417 [grpc-default-executor-2] INFO  server.RaftServer$Division (RaftServerImpl.java:requestVote(1335)) - 1544e7f7-fd3f-4574-a78e-ef52e31146de@group-BB73178100E7 replies to PRE_VOTE vote request: 1f3e3681-2cc0-4f79-8587-08300d65d237<-1544e7f7-fd3f-4574-a78e-ef52e31146de#0:OK-t1. Peer's state: 1544e7f7-fd3f-4574-a78e-ef52e31146de@group-BB73178100E7:t1, leader=null, voted=1f3e3681-2cc0-4f79-8587-08300d65d237, raftlog=Memoized:1544e7f7-fd3f-4574-a78e-ef52e31146de@group-BB73178100E7-SegmentedRaftLog:OPENED:c-1, conf=-1: peers:[1544e7f7-fd3f-4574-a78e-ef52e31146de|rpc:10.1.0.34:15173|admin:10.1.0.34:15172|client:10.1.0.34:15171|dataStream:10.1.0.34:15174|priority:0|startupRole:FOLLOWER, 1f3e3681-2cc0-4f79-8587-08300d65d237|rpc:10.1.0.34:15182|admin:10.1.0.34:15181|client:10.1.0.34:15180|dataStream:10.1.0.34:15183|priority:1|startupRole:FOLLOWER, 2e0a77eb-074a-4a54-81ef-c7479b7c14e1|rpc:10.1.0.34:15191|admin:10.1.0.34:15190|client:10.1.0.34:15189|dataStream:10.1.0.34:15192|priority:0|startupRole:FOLLOWER]|listeners:[], old=null
2023-09-28 13:00:10,419 [grpc-default-executor-0] INFO  server.RaftServer$Division (RaftServerImpl.java:requestVote(1335)) - 2e0a77eb-074a-4a54-81ef-c7479b7c14e1@group-BB73178100E7 replies to ELECTION vote request: 1f3e3681-2cc0-4f79-8587-08300d65d237<-2e0a77eb-074a-4a54-81ef-c7479b7c14e1#0:OK-t1. Peer's state: 2e0a77eb-074a-4a54-81ef-c7479b7c14e1@group-BB73178100E7:t1, leader=null, voted=1f3e3681-2cc0-4f79-8587-08300d65d237, raftlog=Memoized:2e0a77eb-074a-4a54-81ef-c7479b7c14e1@group-BB73178100E7-SegmentedRaftLog:OPENED:c-1, conf=-1: peers:[1544e7f7-fd3f-4574-a78e-ef52e31146de|rpc:10.1.0.34:15173|admin:10.1.0.34:15172|client:10.1.0.34:15171|dataStream:10.1.0.34:15174|priority:0|startupRole:FOLLOWER, 1f3e3681-2cc0-4f79-8587-08300d65d237|rpc:10.1.0.34:15182|admin:10.1.0.34:15181|client:10.1.0.34:15180|dataStream:10.1.0.34:15183|priority:1|startupRole:FOLLOWER, 2e0a77eb-074a-4a54-81ef-c7479b7c14e1|rpc:10.1.0.34:15191|admin:10.1.0.34:15190|client:10.1.0.34:15189|dataStream:10.1.0.34:15192|priority:0|startupRole:FOLLOWER]|listeners:[], old=null
2023-09-28 13:00:10,420 [1f3e3681-2cc0-4f79-8587-08300d65d237@group-BB73178100E7-LeaderElection28] INFO  impl.LeaderElection (LeaderElection.java:logAndReturn(90)) - 1f3e3681-2cc0-4f79-8587-08300d65d237@group-BB73178100E7-LeaderElection28: ELECTION PASSED received 1 response(s) and 0 exception(s):
2023-09-28 13:00:10,420 [1f3e3681-2cc0-4f79-8587-08300d65d237@group-BB73178100E7-LeaderElection28] INFO  impl.LeaderElection (LeaderElection.java:logAndReturn(94)) -   Response 0: 1f3e3681-2cc0-4f79-8587-08300d65d237<-1544e7f7-fd3f-4574-a78e-ef52e31146de#0:OK-t1
2023-09-28 13:00:10,420 [1f3e3681-2cc0-4f79-8587-08300d65d237@group-BB73178100E7-LeaderElection28] INFO  impl.LeaderElection (LeaderElection.java:askForVotes(323)) - 1f3e3681-2cc0-4f79-8587-08300d65d237@group-BB73178100E7-LeaderElection28 ELECTION round 0: result PASSED
2023-09-28 13:00:10,421 [1f3e3681-2cc0-4f79-8587-08300d65d237@group-BB73178100E7-LeaderElection28] INFO  impl.RoleInfo (RoleInfo.java:shutdownLeaderElection(130)) - 1f3e3681-2cc0-4f79-8587-08300d65d237: shutdown 1f3e3681-2cc0-4f79-8587-08300d65d237@group-BB73178100E7-LeaderElection28
2023-09-28 13:00:10,421 [1f3e3681-2cc0-4f79-8587-08300d65d237@group-BB73178100E7-LeaderElection28] INFO  server.RaftServer$Division (RaftServerImpl.java:setRole(329)) - 1f3e3681-2cc0-4f79-8587-08300d65d237@group-BB73178100E7: changes role from CANDIDATE to LEADER at term 1 for changeToLeader
2023-09-28 13:00:10,421 [1f3e3681-2cc0-4f79-8587-08300d65d237@group-BB73178100E7-LeaderElection28] INFO  ratis.XceiverServerRatis (XceiverServerRatis.java:handleLeaderChangedNotification(902)) - Leader change notification received for group: group-BB73178100E7 with new leaderId: 1f3e3681-2cc0-4f79-8587-08300d65d237
2023-09-28 13:00:10,421 [1f3e3681-2cc0-4f79-8587-08300d65d237@group-BB73178100E7-LeaderElection28] INFO  server.RaftServer$Division (ServerState.java:setLeader(317)) - 1f3e3681-2cc0-4f79-8587-08300d65d237@group-BB73178100E7: change Leader from null to 1f3e3681-2cc0-4f79-8587-08300d65d237 at term 1 for becomeLeader, leader elected after 5110ms
2023-09-28 13:00:10,421 [1f3e3681-2cc0-4f79-8587-08300d65d237@group-BB73178100E7-LeaderElection28] INFO  server.RaftServerConfigKeys (ConfUtils.java:logGet(46)) - raft.server.staging.catchup.gap = 1000 (default)
2023-09-28 13:00:10,421 [1f3e3681-2cc0-4f79-8587-08300d65d237@group-BB73178100E7-LeaderElection28] INFO  server.RaftServerConfigKeys (ConfUtils.java:logGet(46)) - raft.server.write.element-limit = 1024 (custom)
2023-09-28 13:00:10,421 [1f3e3681-2cc0-4f79-8587-08300d65d237@group-BB73178100E7-LeaderElection28] INFO  server.RaftServerConfigKeys (ConfUtils.java:logGet(46)) - raft.server.write.byte-limit = 1024 M (=1073741824) (custom)
2023-09-28 13:00:10,421 [1f3e3681-2cc0-4f79-8587-08300d65d237@group-BB73178100E7-LeaderElection28] INFO  server.RaftServerConfigKeys (ConfUtils.java:logGet(46)) - raft.server.watch.timeout = 180s (custom)
2023-09-28 13:00:10,421 [1f3e3681-2cc0-4f79-8587-08300d65d237@group-BB73178100E7-LeaderElection28] INFO  server.RaftServerConfigKeys (ConfUtils.java:logGet(46)) - raft.server.watch.timeout.denomination = 1s (default)
2023-09-28 13:00:10,421 [1f3e3681-2cc0-4f79-8587-08300d65d237@group-BB73178100E7-LeaderElection28] INFO  server.RaftServerConfigKeys (ConfUtils.java:logGet(46)) - raft.server.watch.element-limit = 65536 (default)
2023-09-28 13:00:10,422 [1f3e3681-2cc0-4f79-8587-08300d65d237@group-BB73178100E7-LeaderElection28] INFO  server.RaftServerConfigKeys (ConfUtils.java:logGet(46)) - raft.server.write.element-limit = 1024 (custom)
2023-09-28 13:00:10,422 [1f3e3681-2cc0-4f79-8587-08300d65d237@group-BB73178100E7-LeaderElection28] INFO  server.RaftServerConfigKeys (ConfUtils.java:logGet(46)) - raft.server.write.follower.gap.ratio.max = -1.0 (default)
2023-09-28 13:00:10,422 [1f3e3681-2cc0-4f79-8587-08300d65d237@group-BB73178100E7-LeaderElection28] INFO  server.RaftServerConfigKeys (ConfUtils.java:logGet(46)) - raft.server.log.appender.snapshot.chunk.size.max = 16MB (=16777216) (default)
2023-09-28 13:00:10,422 [1f3e3681-2cc0-4f79-8587-08300d65d237@group-BB73178100E7-LeaderElection28] INFO  server.RaftServerConfigKeys (ConfUtils.java:logGet(46)) - raft.server.log.appender.buffer.byte-limit = 33554432 (custom)
2023-09-28 13:00:10,422 [1f3e3681-2cc0-4f79-8587-08300d65d237@group-BB73178100E7-LeaderElection28] INFO  server.RaftServerConfigKeys (ConfUtils.java:logGet(46)) - raft.server.log.appender.buffer.element-limit = 1 (custom)
2023-09-28 13:00:10,422 [1f3e3681-2cc0-4f79-8587-08300d65d237@group-BB73178100E7-LeaderElection28] INFO  server.RaftServerConfigKeys (ConfUtils.java:logGet(46)) - raft.server.log.appender.wait-time.min = 10ms (default)
2023-09-28 13:00:10,422 [1f3e3681-2cc0-4f79-8587-08300d65d237@group-BB73178100E7-LeaderElection28] INFO  grpc.GrpcConfigKeys (ConfUtils.java:logGet(46)) - raft.grpc.server.leader.outstanding.appends.max = 128 (default)
2023-09-28 13:00:10,422 [1f3e3681-2cc0-4f79-8587-08300d65d237@group-BB73178100E7-LeaderElection28] INFO  server.RaftServerConfigKeys (ConfUtils.java:logGet(46)) - raft.server.rpc.request.timeout = 60s (custom)
2023-09-28 13:00:10,422 [1f3e3681-2cc0-4f79-8587-08300d65d237@group-BB73178100E7-LeaderElection28] INFO  grpc.GrpcConfigKeys (ConfUtils.java:logGet(46)) - raft.grpc.server.install_snapshot.request.element-limit = 8 (default)
2023-09-28 13:00:10,422 [1f3e3681-2cc0-4f79-8587-08300d65d237@group-BB73178100E7-LeaderElection28] INFO  grpc.GrpcConfigKeys (ConfUtils.java:logGet(46)) - raft.grpc.server.install_snapshot.request.timeout = 3000ms (default)
2023-09-28 13:00:10,422 [1f3e3681-2cc0-4f79-8587-08300d65d237@group-BB73178100E7-LeaderElection28] INFO  server.RaftServerConfigKeys (ConfUtils.java:logGet(46)) - raft.server.log.appender.install.snapshot.enabled = false (custom)
2023-09-28 13:00:10,422 [1f3e3681-2cc0-4f79-8587-08300d65d237@group-BB73178100E7-LeaderElection28] INFO  grpc.GrpcConfigKeys (ConfUtils.java:logGet(46)) - raft.grpc.server.heartbeat.channel = true (default)
2023-09-28 13:00:10,423 [1f3e3681-2cc0-4f79-8587-08300d65d237@group-BB73178100E7-LeaderElection28] INFO  server.RaftServerConfigKeys (ConfUtils.java:logGet(46)) - raft.server.log.appender.snapshot.chunk.size.max = 16MB (=16777216) (default)
2023-09-28 13:00:10,423 [1f3e3681-2cc0-4f79-8587-08300d65d237@group-BB73178100E7-LeaderElection28] INFO  server.RaftServerConfigKeys (ConfUtils.java:logGet(46)) - raft.server.log.appender.buffer.byte-limit = 33554432 (custom)
2023-09-28 13:00:10,423 [1f3e3681-2cc0-4f79-8587-08300d65d237@group-BB73178100E7-LeaderElection28] INFO  server.RaftServerConfigKeys (ConfUtils.java:logGet(46)) - raft.server.log.appender.buffer.element-limit = 1 (custom)
2023-09-28 13:00:10,423 [1f3e3681-2cc0-4f79-8587-08300d65d237@group-BB73178100E7-LeaderElection28] INFO  server.RaftServerConfigKeys (ConfUtils.java:logGet(46)) - raft.server.log.appender.wait-time.min = 10ms (default)
2023-09-28 13:00:10,423 [1f3e3681-2cc0-4f79-8587-08300d65d237@group-BB73178100E7-LeaderElection28] INFO  grpc.GrpcConfigKeys (ConfUtils.java:logGet(46)) - raft.grpc.server.leader.outstanding.appends.max = 128 (default)
2023-09-28 13:00:10,423 [1f3e3681-2cc0-4f79-8587-08300d65d237@group-BB73178100E7-LeaderElection28] INFO  server.RaftServerConfigKeys (ConfUtils.java:logGet(46)) - raft.server.rpc.request.timeout = 60s (custom)
2023-09-28 13:00:10,423 [1f3e3681-2cc0-4f79-8587-08300d65d237@group-BB73178100E7-LeaderElection28] INFO  grpc.GrpcConfigKeys (ConfUtils.java:logGet(46)) - raft.grpc.server.install_snapshot.request.element-limit = 8 (default)
2023-09-28 13:00:10,423 [1f3e3681-2cc0-4f79-8587-08300d65d237@group-BB73178100E7-LeaderElection28] INFO  grpc.GrpcConfigKeys (ConfUtils.java:logGet(46)) - raft.grpc.server.install_snapshot.request.timeout = 3000ms (default)
2023-09-28 13:00:10,423 [1f3e3681-2cc0-4f79-8587-08300d65d237@group-BB73178100E7-LeaderElection28] INFO  server.RaftServerConfigKeys (ConfUtils.java:logGet(46)) - raft.server.log.appender.install.snapshot.enabled = false (custom)
2023-09-28 13:00:10,423 [1f3e3681-2cc0-4f79-8587-08300d65d237@group-BB73178100E7-LeaderElection28] INFO  grpc.GrpcConfigKeys (ConfUtils.java:logGet(46)) - raft.grpc.server.heartbeat.channel = true (default)
2023-09-28 13:00:10,423 [1f3e3681-2cc0-4f79-8587-08300d65d237@group-BB73178100E7-LeaderElection28] INFO  impl.RoleInfo (RoleInfo.java:updateAndGet(139)) - 1f3e3681-2cc0-4f79-8587-08300d65d237: start 1f3e3681-2cc0-4f79-8587-08300d65d237@group-BB73178100E7-LeaderStateImpl
2023-09-28 13:00:10,424 [1f3e3681-2cc0-4f79-8587-08300d65d237@group-BB73178100E7-LeaderElection28] INFO  segmented.SegmentedRaftLogWorker (SegmentedRaftLogWorker.java:startLogSegment(447)) - 1f3e3681-2cc0-4f79-8587-08300d65d237@group-BB73178100E7-SegmentedRaftLogWorker: Starting segment from index:0
2023-09-28 13:00:10,425 [EventQueue-PipelineReportForPipelineReportHandler] INFO  pipeline.PipelineReportHandler (PipelineReportHandler.java:processPipelineReport(136)) - Opened pipeline PipelineID=15af6b7f-a9ac-4296-9518-bb73178100e7
2023-09-28 13:00:10,425 [EventQueue-OpenPipelineForHealthyPipelineSafeModeRule] INFO  safemode.SCMSafeModeManager (HealthyPipelineSafeModeRule.java:process(137)) - SCM in safe mode. Healthy pipelines reported count is 1, required healthy pipeline reported count is 1
2023-09-28 13:00:10,425 [EventQueue-OpenPipelineForHealthyPipelineSafeModeRule] INFO  safemode.SCMSafeModeManager (SCMSafeModeManager.java:validateSafeModeExitRules(200)) - HealthyPipelineSafeModeRule rule is successfully validated
2023-09-28 13:00:10,425 [EventQueue-OpenPipelineForHealthyPipelineSafeModeRule] INFO  safemode.SCMSafeModeManager (SCMSafeModeManager.java:validateSafeModeExitRules(215)) - ScmSafeModeManager, all rules are successfully validated
2023-09-28 13:00:10,425 [EventQueue-OpenPipelineForHealthyPipelineSafeModeRule] INFO  safemode.SCMSafeModeManager (SCMSafeModeManager.java:exitSafeMode(244)) - SCM exiting safe mode.
2023-09-28 13:00:10,425 [EventQueue-OpenPipelineForHealthyPipelineSafeModeRule] INFO  ha.SCMContext (SCMContext.java:updateSafeModeStatus(228)) - Update SafeModeStatus from SafeModeStatus{safeModeStatus=true, preCheckPassed=true} to SafeModeStatus{safeModeStatus=false, preCheckPassed=true}.
2023-09-28 13:00:10,425 [EventQueue-OpenPipelineForHealthyPipelineSafeModeRule] INFO  pipeline.BackgroundPipelineCreator (BackgroundPipelineCreator.java:notifyStatusChanged(255)) - Service BackgroundPipelineCreator transitions to RUNNING.
2023-09-28 13:00:10,425 [EventQueue-OpenPipelineForHealthyPipelineSafeModeRule] INFO  BackgroundPipelineScrubber (BackgroundSCMService.java:notifyStatusChanged(82)) - Service BackgroundPipelineScrubber transitions to RUNNING.
2023-09-28 13:00:10,426 [EventQueue-OpenPipelineForHealthyPipelineSafeModeRule] INFO  ExpiredContainerReplicaOpScrubber (BackgroundSCMService.java:notifyStatusChanged(82)) - Service ExpiredContainerReplicaOpScrubber transitions to RUNNING.
2023-09-28 13:00:10,426 [EventQueue-OpenPipelineForHealthyPipelineSafeModeRule] INFO  replication.ReplicationManager (ReplicationManager.java:notifyStatusChanged(1370)) - Service ReplicationManager transitions to RUNNING.
2023-09-28 13:00:10,426 [1f3e3681-2cc0-4f79-8587-08300d65d237@group-BB73178100E7-SegmentedRaftLogWorker] INFO  segmented.SegmentedRaftLogWorker (SegmentedRaftLogWorker.java:execute(651)) - 1f3e3681-2cc0-4f79-8587-08300d65d237@group-BB73178100E7-SegmentedRaftLogWorker: created new log segment /home/runner/work/ozone/ozone/hadoop-ozone/integration-test/target/test-dir/MiniOzoneClusterImpl-1398513c-1ad7-449a-9b84-f90cd6748766/datanode-1/data/ratis/15af6b7f-a9ac-4296-9518-bb73178100e7/current/log_inprogress_0
2023-09-28 13:00:10,426 [EventQueue-OpenPipelineForHealthyPipelineSafeModeRule] WARN  balancer.ContainerBalancer (ContainerBalancer.java:shouldRun(134)) - Could not find persisted configuration for ContainerBalancer when checking if ContainerBalancer should run. ContainerBalancer should not run now.
2023-09-28 13:00:10,429 [1544e7f7-fd3f-4574-a78e-ef52e31146de@group-76E71A85079E-FollowerState] INFO  impl.FollowerState (FollowerState.java:run(143)) - 1544e7f7-fd3f-4574-a78e-ef52e31146de@group-76E71A85079E-FollowerState: change to CANDIDATE, lastRpcElapsedTime:5170905474ns, electionTimeout:5170ms
2023-09-28 13:00:10,429 [1f3e3681-2cc0-4f79-8587-08300d65d237@group-BB73178100E7-LeaderElection28] INFO  server.RaftServer$Division (ServerState.java:setRaftConf(434)) - 1f3e3681-2cc0-4f79-8587-08300d65d237@group-BB73178100E7: set configuration 0: peers:[1544e7f7-fd3f-4574-a78e-ef52e31146de|rpc:10.1.0.34:15173|admin:10.1.0.34:15172|client:10.1.0.34:15171|dataStream:10.1.0.34:15174|priority:0|startupRole:FOLLOWER, 1f3e3681-2cc0-4f79-8587-08300d65d237|rpc:10.1.0.34:15182|admin:10.1.0.34:15181|client:10.1.0.34:15180|dataStream:10.1.0.34:15183|priority:1|startupRole:FOLLOWER, 2e0a77eb-074a-4a54-81ef-c7479b7c14e1|rpc:10.1.0.34:15191|admin:10.1.0.34:15190|client:10.1.0.34:15189|dataStream:10.1.0.34:15192|priority:0|startupRole:FOLLOWER]|listeners:[], old=null
2023-09-28 13:00:10,429 [1544e7f7-fd3f-4574-a78e-ef52e31146de@group-76E71A85079E-FollowerState] INFO  impl.RoleInfo (RoleInfo.java:shutdownFollowerState(110)) - 1544e7f7-fd3f-4574-a78e-ef52e31146de: shutdown 1544e7f7-fd3f-4574-a78e-ef52e31146de@group-76E71A85079E-FollowerState
2023-09-28 13:00:10,429 [1544e7f7-fd3f-4574-a78e-ef52e31146de@group-76E71A85079E-FollowerState] INFO  server.RaftServer$Division (RaftServerImpl.java:setRole(329)) - 1544e7f7-fd3f-4574-a78e-ef52e31146de@group-76E71A85079E: changes role from  FOLLOWER to CANDIDATE at term 0 for changeToCandidate
2023-09-28 13:00:10,430 [1544e7f7-fd3f-4574-a78e-ef52e31146de@group-76E71A85079E-FollowerState] INFO  server.RaftServerConfigKeys (ConfUtils.java:logGet(46)) - raft.server.leaderelection.pre-vote = true (default)
2023-09-28 13:00:10,430 [1544e7f7-fd3f-4574-a78e-ef52e31146de@group-76E71A85079E-FollowerState] INFO  impl.RoleInfo (RoleInfo.java:updateAndGet(139)) - 1544e7f7-fd3f-4574-a78e-ef52e31146de: start 1544e7f7-fd3f-4574-a78e-ef52e31146de@group-76E71A85079E-LeaderElection29
2023-09-28 13:00:10,445 [1544e7f7-fd3f-4574-a78e-ef52e31146de@group-76E71A85079E-LeaderElection29] INFO  impl.LeaderElection (LeaderElection.java:askForVotes(321)) - 1544e7f7-fd3f-4574-a78e-ef52e31146de@group-76E71A85079E-LeaderElection29 PRE_VOTE round 0: submit vote requests at term 0 for -1: peers:[1544e7f7-fd3f-4574-a78e-ef52e31146de|rpc:10.1.0.34:15173|admin:10.1.0.34:15172|client:10.1.0.34:15171|dataStream:10.1.0.34:15174|priority:1|startupRole:FOLLOWER]|listeners:[], old=null
2023-09-28 13:00:10,445 [1544e7f7-fd3f-4574-a78e-ef52e31146de@group-76E71A85079E-LeaderElection29] INFO  impl.LeaderElection (LeaderElection.java:askForVotes(323)) - 1544e7f7-fd3f-4574-a78e-ef52e31146de@group-76E71A85079E-LeaderElection29 PRE_VOTE round 0: result PASSED (term=0)
2023-09-28 13:00:10,447 [2e0a77eb-074a-4a54-81ef-c7479b7c14e1-server-thread1] INFO  ratis.XceiverServerRatis (XceiverServerRatis.java:handleLeaderChangedNotification(902)) - Leader change notification received for group: group-BB73178100E7 with new leaderId: 1f3e3681-2cc0-4f79-8587-08300d65d237
2023-09-28 13:00:10,447 [2e0a77eb-074a-4a54-81ef-c7479b7c14e1-server-thread1] INFO  server.RaftServer$Division (ServerState.java:setLeader(317)) - 2e0a77eb-074a-4a54-81ef-c7479b7c14e1@group-BB73178100E7: change Leader from null to 1f3e3681-2cc0-4f79-8587-08300d65d237 at term 1 for appendEntries, leader elected after 5090ms
2023-09-28 13:00:10,447 [1544e7f7-fd3f-4574-a78e-ef52e31146de@group-76E71A85079E-LeaderElection29] INFO  impl.LeaderElection (LeaderElection.java:askForVotes(321)) - 1544e7f7-fd3f-4574-a78e-ef52e31146de@group-76E71A85079E-LeaderElection29 ELECTION round 0: submit vote requests at term 1 for -1: peers:[1544e7f7-fd3f-4574-a78e-ef52e31146de|rpc:10.1.0.34:15173|admin:10.1.0.34:15172|client:10.1.0.34:15171|dataStream:10.1.0.34:15174|priority:1|startupRole:FOLLOWER]|listeners:[], old=null
2023-09-28 13:00:10,447 [1544e7f7-fd3f-4574-a78e-ef52e31146de@group-76E71A85079E-LeaderElection29] INFO  impl.LeaderElection (LeaderElection.java:askForVotes(323)) - 1544e7f7-fd3f-4574-a78e-ef52e31146de@group-76E71A85079E-LeaderElection29 ELECTION round 0: result PASSED (term=1)
2023-09-28 13:00:10,448 [1544e7f7-fd3f-4574-a78e-ef52e31146de@group-76E71A85079E-LeaderElection29] INFO  impl.RoleInfo (RoleInfo.java:shutdownLeaderElection(130)) - 1544e7f7-fd3f-4574-a78e-ef52e31146de: shutdown 1544e7f7-fd3f-4574-a78e-ef52e31146de@group-76E71A85079E-LeaderElection29
2023-09-28 13:00:10,448 [1544e7f7-fd3f-4574-a78e-ef52e31146de@group-76E71A85079E-LeaderElection29] INFO  server.RaftServer$Division (RaftServerImpl.java:setRole(329)) - 1544e7f7-fd3f-4574-a78e-ef52e31146de@group-76E71A85079E: changes role from CANDIDATE to LEADER at term 1 for changeToLeader
2023-09-28 13:00:10,448 [1544e7f7-fd3f-4574-a78e-ef52e31146de@group-76E71A85079E-LeaderElection29] INFO  ratis.XceiverServerRatis (XceiverServerRatis.java:handleLeaderChangedNotification(902)) - Leader change notification received for group: group-76E71A85079E with new leaderId: 1544e7f7-fd3f-4574-a78e-ef52e31146de
2023-09-28 13:00:10,448 [1544e7f7-fd3f-4574-a78e-ef52e31146de@group-76E71A85079E-LeaderElection29] INFO  server.RaftServer$Division (ServerState.java:setLeader(317)) - 1544e7f7-fd3f-4574-a78e-ef52e31146de@group-76E71A85079E: change Leader from null to 1544e7f7-fd3f-4574-a78e-ef52e31146de at term 1 for becomeLeader, leader elected after 5210ms
2023-09-28 13:00:10,448 [1544e7f7-fd3f-4574-a78e-ef52e31146de@group-76E71A85079E-LeaderElection29] INFO  server.RaftServerConfigKeys (ConfUtils.java:logGet(46)) - raft.server.staging.catchup.gap = 1000 (default)
2023-09-28 13:00:10,448 [1544e7f7-fd3f-4574-a78e-ef52e31146de@group-76E71A85079E-LeaderElection29] INFO  server.RaftServerConfigKeys (ConfUtils.java:logGet(46)) - raft.server.write.element-limit = 1024 (custom)
2023-09-28 13:00:10,448 [1544e7f7-fd3f-4574-a78e-ef52e31146de@group-76E71A85079E-LeaderElection29] INFO  server.RaftServerConfigKeys (ConfUtils.java:logGet(46)) - raft.server.write.byte-limit = 1024 M (=1073741824) (custom)
2023-09-28 13:00:10,449 [1544e7f7-fd3f-4574-a78e-ef52e31146de@group-76E71A85079E-LeaderElection29] INFO  server.RaftServerConfigKeys (ConfUtils.java:logGet(46)) - raft.server.watch.timeout = 180s (custom)
2023-09-28 13:00:10,449 [1544e7f7-fd3f-4574-a78e-ef52e31146de@group-76E71A85079E-LeaderElection29] INFO  server.RaftServerConfigKeys (ConfUtils.java:logGet(46)) - raft.server.watch.timeout.denomination = 1s (default)
2023-09-28 13:00:10,449 [1544e7f7-fd3f-4574-a78e-ef52e31146de@group-76E71A85079E-LeaderElection29] INFO  server.RaftServerConfigKeys (ConfUtils.java:logGet(46)) - raft.server.watch.element-limit = 65536 (default)
2023-09-28 13:00:10,449 [1544e7f7-fd3f-4574-a78e-ef52e31146de@group-76E71A85079E-LeaderElection29] INFO  server.RaftServerConfigKeys (ConfUtils.java:logGet(46)) - raft.server.write.element-limit = 1024 (custom)
2023-09-28 13:00:10,449 [1544e7f7-fd3f-4574-a78e-ef52e31146de@group-A1B1A31B5F97-FollowerState] INFO  impl.FollowerState (FollowerState.java:run(143)) - 1544e7f7-fd3f-4574-a78e-ef52e31146de@group-A1B1A31B5F97-FollowerState: change to CANDIDATE, lastRpcElapsedTime:5041028358ns, electionTimeout:5040ms
2023-09-28 13:00:10,449 [1544e7f7-fd3f-4574-a78e-ef52e31146de@group-A1B1A31B5F97-FollowerState] INFO  impl.RoleInfo (RoleInfo.java:shutdownFollowerState(110)) - 1544e7f7-fd3f-4574-a78e-ef52e31146de: shutdown 1544e7f7-fd3f-4574-a78e-ef52e31146de@group-A1B1A31B5F97-FollowerState
2023-09-28 13:00:10,449 [1544e7f7-fd3f-4574-a78e-ef52e31146de@group-A1B1A31B5F97-FollowerState] INFO  server.RaftServer$Division (RaftServerImpl.java:setRole(329)) - 1544e7f7-fd3f-4574-a78e-ef52e31146de@group-A1B1A31B5F97: changes role from  FOLLOWER to CANDIDATE at term 0 for changeToCandidate
2023-09-28 13:00:10,449 [1544e7f7-fd3f-4574-a78e-ef52e31146de@group-76E71A85079E-LeaderElection29] INFO  server.RaftServerConfigKeys (ConfUtils.java:logGet(46)) - raft.server.write.follower.gap.ratio.max = -1.0 (default)
2023-09-28 13:00:10,449 [1544e7f7-fd3f-4574-a78e-ef52e31146de@group-76E71A85079E-LeaderElection29] INFO  impl.RoleInfo (RoleInfo.java:updateAndGet(139)) - 1544e7f7-fd3f-4574-a78e-ef52e31146de: start 1544e7f7-fd3f-4574-a78e-ef52e31146de@group-76E71A85079E-LeaderStateImpl
2023-09-28 13:00:10,449 [1544e7f7-fd3f-4574-a78e-ef52e31146de@group-76E71A85079E-LeaderElection29] INFO  segmented.SegmentedRaftLogWorker (SegmentedRaftLogWorker.java:startLogSegment(447)) - 1544e7f7-fd3f-4574-a78e-ef52e31146de@group-76E71A85079E-SegmentedRaftLogWorker: Starting segment from index:0
2023-09-28 13:00:10,452 [1544e7f7-fd3f-4574-a78e-ef52e31146de@group-A1B1A31B5F97-FollowerState] INFO  server.RaftServerConfigKeys (ConfUtils.java:logGet(46)) - raft.server.leaderelection.pre-vote = true (default)
2023-09-28 13:00:10,452 [1544e7f7-fd3f-4574-a78e-ef52e31146de@group-A1B1A31B5F97-FollowerState] INFO  impl.RoleInfo (RoleInfo.java:updateAndGet(139)) - 1544e7f7-fd3f-4574-a78e-ef52e31146de: start 1544e7f7-fd3f-4574-a78e-ef52e31146de@group-A1B1A31B5F97-LeaderElection30
2023-09-28 13:00:10,454 [1544e7f7-fd3f-4574-a78e-ef52e31146de@group-76E71A85079E-SegmentedRaftLogWorker] INFO  segmented.SegmentedRaftLogWorker (SegmentedRaftLogWorker.java:execute(651)) - 1544e7f7-fd3f-4574-a78e-ef52e31146de@group-76E71A85079E-SegmentedRaftLogWorker: created new log segment /home/runner/work/ozone/ozone/hadoop-ozone/integration-test/target/test-dir/MiniOzoneClusterImpl-1398513c-1ad7-449a-9b84-f90cd6748766/datanode-0/data/ratis/6a893720-f72c-4738-a1ad-76e71a85079e/current/log_inprogress_0
2023-09-28 13:00:10,458 [1544e7f7-fd3f-4574-a78e-ef52e31146de@group-76E71A85079E-LeaderElection29] INFO  server.RaftServer$Division (ServerState.java:setRaftConf(434)) - 1544e7f7-fd3f-4574-a78e-ef52e31146de@group-76E71A85079E: set configuration 0: peers:[1544e7f7-fd3f-4574-a78e-ef52e31146de|rpc:10.1.0.34:15173|admin:10.1.0.34:15172|client:10.1.0.34:15171|dataStream:10.1.0.34:15174|priority:1|startupRole:FOLLOWER]|listeners:[], old=null
2023-09-28 13:00:10,458 [1544e7f7-fd3f-4574-a78e-ef52e31146de-server-thread1] INFO  ratis.XceiverServerRatis (XceiverServerRatis.java:handleLeaderChangedNotification(902)) - Leader change notification received for group: group-BB73178100E7 with new leaderId: 1f3e3681-2cc0-4f79-8587-08300d65d237
2023-09-28 13:00:10,458 [1544e7f7-fd3f-4574-a78e-ef52e31146de-server-thread1] INFO  server.RaftServer$Division (ServerState.java:setLeader(317)) - 1544e7f7-fd3f-4574-a78e-ef52e31146de@group-BB73178100E7: change Leader from null to 1f3e3681-2cc0-4f79-8587-08300d65d237 at term 1 for appendEntries, leader elected after 5188ms
2023-09-28 13:00:10,463 [2e0a77eb-074a-4a54-81ef-c7479b7c14e1-server-thread2] INFO  server.RaftServer$Division (ServerState.java:setRaftConf(434)) - 2e0a77eb-074a-4a54-81ef-c7479b7c14e1@group-BB73178100E7: set configuration 0: peers:[1544e7f7-fd3f-4574-a78e-ef52e31146de|rpc:10.1.0.34:15173|admin:10.1.0.34:15172|client:10.1.0.34:15171|dataStream:10.1.0.34:15174|priority:0|startupRole:FOLLOWER, 1f3e3681-2cc0-4f79-8587-08300d65d237|rpc:10.1.0.34:15182|admin:10.1.0.34:15181|client:10.1.0.34:15180|dataStream:10.1.0.34:15183|priority:1|startupRole:FOLLOWER, 2e0a77eb-074a-4a54-81ef-c7479b7c14e1|rpc:10.1.0.34:15191|admin:10.1.0.34:15190|client:10.1.0.34:15189|dataStream:10.1.0.34:15192|priority:0|startupRole:FOLLOWER]|listeners:[], old=null
2023-09-28 13:00:10,464 [1544e7f7-fd3f-4574-a78e-ef52e31146de@group-A1B1A31B5F97-LeaderElection30] INFO  impl.LeaderElection (LeaderElection.java:askForVotes(321)) - 1544e7f7-fd3f-4574-a78e-ef52e31146de@group-A1B1A31B5F97-LeaderElection30 PRE_VOTE round 0: submit vote requests at term 0 for -1: peers:[1544e7f7-fd3f-4574-a78e-ef52e31146de|rpc:10.1.0.34:15173|admin:10.1.0.34:15172|client:10.1.0.34:15171|dataStream:10.1.0.34:15174|priority:0|startupRole:FOLLOWER, 1f3e3681-2cc0-4f79-8587-08300d65d237|rpc:10.1.0.34:15182|admin:10.1.0.34:15181|client:10.1.0.34:15180|dataStream:10.1.0.34:15183|priority:0|startupRole:FOLLOWER, 2e0a77eb-074a-4a54-81ef-c7479b7c14e1|rpc:10.1.0.34:15191|admin:10.1.0.34:15190|client:10.1.0.34:15189|dataStream:10.1.0.34:15192|priority:1|startupRole:FOLLOWER]|listeners:[], old=null
2023-09-28 13:00:10,464 [2e0a77eb-074a-4a54-81ef-c7479b7c14e1-server-thread2] INFO  segmented.SegmentedRaftLogWorker (SegmentedRaftLogWorker.java:startLogSegment(447)) - 2e0a77eb-074a-4a54-81ef-c7479b7c14e1@group-BB73178100E7-SegmentedRaftLogWorker: Starting segment from index:0
2023-09-28 13:00:10,463 [1544e7f7-fd3f-4574-a78e-ef52e31146de-server-thread1] INFO  server.RaftServer$Division (ServerState.java:setRaftConf(434)) - 1544e7f7-fd3f-4574-a78e-ef52e31146de@group-BB73178100E7: set configuration 0: peers:[1544e7f7-fd3f-4574-a78e-ef52e31146de|rpc:10.1.0.34:15173|admin:10.1.0.34:15172|client:10.1.0.34:15171|dataStream:10.1.0.34:15174|priority:0|startupRole:FOLLOWER, 1f3e3681-2cc0-4f79-8587-08300d65d237|rpc:10.1.0.34:15182|admin:10.1.0.34:15181|client:10.1.0.34:15180|dataStream:10.1.0.34:15183|priority:1|startupRole:FOLLOWER, 2e0a77eb-074a-4a54-81ef-c7479b7c14e1|rpc:10.1.0.34:15191|admin:10.1.0.34:15190|client:10.1.0.34:15189|dataStream:10.1.0.34:15192|priority:0|startupRole:FOLLOWER]|listeners:[], old=null
2023-09-28 13:00:10,464 [1544e7f7-fd3f-4574-a78e-ef52e31146de-server-thread1] INFO  segmented.SegmentedRaftLogWorker (SegmentedRaftLogWorker.java:startLogSegment(447)) - 1544e7f7-fd3f-4574-a78e-ef52e31146de@group-BB73178100E7-SegmentedRaftLogWorker: Starting segment from index:0
2023-09-28 13:00:10,465 [1544e7f7-fd3f-4574-a78e-ef52e31146de@group-A1B1A31B5F97-LeaderElection30] INFO  server.RaftServerConfigKeys (ConfUtils.java:logFallback(53)) - raft.server.rpc.first-election.timeout.min = 5s (fallback to raft.server.rpc.timeout.min)
2023-09-28 13:00:10,465 [1544e7f7-fd3f-4574-a78e-ef52e31146de@group-A1B1A31B5F97-LeaderElection30] INFO  server.RaftServerConfigKeys (ConfUtils.java:logFallback(53)) - raft.server.rpc.first-election.timeout.max = 5200ms (fallback to raft.server.rpc.timeout.max)
2023-09-28 13:00:10,466 [grpc-default-executor-2] INFO  server.RaftServer$Division (RaftServerImpl.java:requestVote(1302)) - 2e0a77eb-074a-4a54-81ef-c7479b7c14e1@group-A1B1A31B5F97: receive requestVote(PRE_VOTE, 1544e7f7-fd3f-4574-a78e-ef52e31146de, group-A1B1A31B5F97, 0, (t:0, i:0))
2023-09-28 13:00:10,466 [grpc-default-executor-2] INFO  impl.VoteContext (VoteContext.java:log(49)) - 2e0a77eb-074a-4a54-81ef-c7479b7c14e1@group-A1B1A31B5F97-FOLLOWER: reject PRE_VOTE from 1544e7f7-fd3f-4574-a78e-ef52e31146de: our priority 1 > candidate's priority 0
2023-09-28 13:00:10,467 [grpc-default-executor-2] INFO  server.RaftServer$Division (RaftServerImpl.java:requestVote(1335)) - 2e0a77eb-074a-4a54-81ef-c7479b7c14e1@group-A1B1A31B5F97 replies to PRE_VOTE vote request: 1544e7f7-fd3f-4574-a78e-ef52e31146de<-2e0a77eb-074a-4a54-81ef-c7479b7c14e1#0:FAIL-t0. Peer's state: 2e0a77eb-074a-4a54-81ef-c7479b7c14e1@group-A1B1A31B5F97:t0, leader=null, voted=, raftlog=Memoized:2e0a77eb-074a-4a54-81ef-c7479b7c14e1@group-A1B1A31B5F97-SegmentedRaftLog:OPENED:c-1, conf=-1: peers:[1544e7f7-fd3f-4574-a78e-ef52e31146de|rpc:10.1.0.34:15173|admin:10.1.0.34:15172|client:10.1.0.34:15171|dataStream:10.1.0.34:15174|priority:0|startupRole:FOLLOWER, 1f3e3681-2cc0-4f79-8587-08300d65d237|rpc:10.1.0.34:15182|admin:10.1.0.34:15181|client:10.1.0.34:15180|dataStream:10.1.0.34:15183|priority:0|startupRole:FOLLOWER, 2e0a77eb-074a-4a54-81ef-c7479b7c14e1|rpc:10.1.0.34:15191|admin:10.1.0.34:15190|client:10.1.0.34:15189|dataStream:10.1.0.34:15192|priority:1|startupRole:FOLLOWER]|listeners:[], old=null
2023-09-28 13:00:10,467 [1544e7f7-fd3f-4574-a78e-ef52e31146de@group-BB73178100E7-SegmentedRaftLogWorker] INFO  segmented.SegmentedRaftLogWorker (SegmentedRaftLogWorker.java:execute(651)) - 1544e7f7-fd3f-4574-a78e-ef52e31146de@group-BB73178100E7-SegmentedRaftLogWorker: created new log segment /home/runner/work/ozone/ozone/hadoop-ozone/integration-test/target/test-dir/MiniOzoneClusterImpl-1398513c-1ad7-449a-9b84-f90cd6748766/datanode-0/data/ratis/15af6b7f-a9ac-4296-9518-bb73178100e7/current/log_inprogress_0
2023-09-28 13:00:10,467 [2e0a77eb-074a-4a54-81ef-c7479b7c14e1@group-BB73178100E7-SegmentedRaftLogWorker] INFO  segmented.SegmentedRaftLogWorker (SegmentedRaftLogWorker.java:execute(651)) - 2e0a77eb-074a-4a54-81ef-c7479b7c14e1@group-BB73178100E7-SegmentedRaftLogWorker: created new log segment /home/runner/work/ozone/ozone/hadoop-ozone/integration-test/target/test-dir/MiniOzoneClusterImpl-1398513c-1ad7-449a-9b84-f90cd6748766/datanode-2/data/ratis/15af6b7f-a9ac-4296-9518-bb73178100e7/current/log_inprogress_0
2023-09-28 13:00:10,471 [grpc-default-executor-2] INFO  server.RaftServer$Division (RaftServerImpl.java:requestVote(1302)) - 1f3e3681-2cc0-4f79-8587-08300d65d237@group-A1B1A31B5F97: receive requestVote(PRE_VOTE, 1544e7f7-fd3f-4574-a78e-ef52e31146de, group-A1B1A31B5F97, 0, (t:0, i:0))
2023-09-28 13:00:10,471 [grpc-default-executor-2] INFO  impl.VoteContext (VoteContext.java:log(49)) - 1f3e3681-2cc0-4f79-8587-08300d65d237@group-A1B1A31B5F97-FOLLOWER: accept PRE_VOTE from 1544e7f7-fd3f-4574-a78e-ef52e31146de: our priority 0 <= candidate's priority 0
2023-09-28 13:00:10,471 [grpc-default-executor-2] INFO  server.RaftServer$Division (RaftServerImpl.java:requestVote(1335)) - 1f3e3681-2cc0-4f79-8587-08300d65d237@group-A1B1A31B5F97 replies to PRE_VOTE vote request: 1544e7f7-fd3f-4574-a78e-ef52e31146de<-1f3e3681-2cc0-4f79-8587-08300d65d237#0:OK-t0. Peer's state: 1f3e3681-2cc0-4f79-8587-08300d65d237@group-A1B1A31B5F97:t0, leader=null, voted=, raftlog=Memoized:1f3e3681-2cc0-4f79-8587-08300d65d237@group-A1B1A31B5F97-SegmentedRaftLog:OPENED:c-1, conf=-1: peers:[1544e7f7-fd3f-4574-a78e-ef52e31146de|rpc:10.1.0.34:15173|admin:10.1.0.34:15172|client:10.1.0.34:15171|dataStream:10.1.0.34:15174|priority:0|startupRole:FOLLOWER, 1f3e3681-2cc0-4f79-8587-08300d65d237|rpc:10.1.0.34:15182|admin:10.1.0.34:15181|client:10.1.0.34:15180|dataStream:10.1.0.34:15183|priority:0|startupRole:FOLLOWER, 2e0a77eb-074a-4a54-81ef-c7479b7c14e1|rpc:10.1.0.34:15191|admin:10.1.0.34:15190|client:10.1.0.34:15189|dataStream:10.1.0.34:15192|priority:1|startupRole:FOLLOWER]|listeners:[], old=null
2023-09-28 13:00:10,473 [1544e7f7-fd3f-4574-a78e-ef52e31146de@group-A1B1A31B5F97-LeaderElection30] INFO  impl.LeaderElection (LeaderElection.java:logAndReturn(90)) - 1544e7f7-fd3f-4574-a78e-ef52e31146de@group-A1B1A31B5F97-LeaderElection30: PRE_VOTE REJECTED received 2 response(s) and 0 exception(s):
2023-09-28 13:00:10,473 [1544e7f7-fd3f-4574-a78e-ef52e31146de@group-A1B1A31B5F97-LeaderElection30] INFO  impl.LeaderElection (LeaderElection.java:logAndReturn(94)) -   Response 0: 1544e7f7-fd3f-4574-a78e-ef52e31146de<-1f3e3681-2cc0-4f79-8587-08300d65d237#0:OK-t0
2023-09-28 13:00:10,473 [1544e7f7-fd3f-4574-a78e-ef52e31146de@group-A1B1A31B5F97-LeaderElection30] INFO  impl.LeaderElection (LeaderElection.java:logAndReturn(94)) -   Response 1: 1544e7f7-fd3f-4574-a78e-ef52e31146de<-2e0a77eb-074a-4a54-81ef-c7479b7c14e1#0:FAIL-t0
2023-09-28 13:00:10,473 [1544e7f7-fd3f-4574-a78e-ef52e31146de@group-A1B1A31B5F97-LeaderElection30] INFO  impl.LeaderElection (LeaderElection.java:askForVotes(323)) - 1544e7f7-fd3f-4574-a78e-ef52e31146de@group-A1B1A31B5F97-LeaderElection30 PRE_VOTE round 0: result REJECTED
2023-09-28 13:00:10,473 [1544e7f7-fd3f-4574-a78e-ef52e31146de@group-A1B1A31B5F97-LeaderElection30] INFO  server.RaftServer$Division (RaftServerImpl.java:setRole(329)) - 1544e7f7-fd3f-4574-a78e-ef52e31146de@group-A1B1A31B5F97: changes role from CANDIDATE to FOLLOWER at term 0 for REJECTED
2023-09-28 13:00:10,473 [1544e7f7-fd3f-4574-a78e-ef52e31146de@group-A1B1A31B5F97-LeaderElection30] INFO  impl.RoleInfo (RoleInfo.java:shutdownLeaderElection(130)) - 1544e7f7-fd3f-4574-a78e-ef52e31146de: shutdown 1544e7f7-fd3f-4574-a78e-ef52e31146de@group-A1B1A31B5F97-LeaderElection30
2023-09-28 13:00:10,474 [1544e7f7-fd3f-4574-a78e-ef52e31146de@group-A1B1A31B5F97-LeaderElection30] INFO  impl.RoleInfo (RoleInfo.java:updateAndGet(139)) - 1544e7f7-fd3f-4574-a78e-ef52e31146de: start 1544e7f7-fd3f-4574-a78e-ef52e31146de@group-A1B1A31B5F97-FollowerState
2023-09-28 13:00:10,500 [main] INFO  ozone.MiniOzoneClusterImpl (MiniOzoneClusterImpl.java:lambda$waitForClusterToBeReady$0(229)) - Nodes are ready. Got 5 of 5 DN Heartbeats.
2023-09-28 13:00:10,500 [main] INFO  ozone.MiniOzoneClusterImpl (MiniOzoneClusterImpl.java:lambda$waitForClusterToBeReady$0(232)) - Cluster exits safe mode
2023-09-28 13:00:10,500 [main] INFO  ozone.MiniOzoneClusterImpl (MiniOzoneClusterImpl.java:lambda$waitForClusterToBeReady$0(234)) - SCM became leader
2023-09-28 13:00:10,528 [main] INFO  rpc.RpcClient (RpcClient.java:createVolume(462)) - Creating Volume: volume08867, with user96783 as owner and space quota set to -1 bytes, counts quota set to -1
2023-09-28 13:00:10,529 [IPC Server handler 10 on default port 15163] INFO  volume.OMVolumeCreateRequest (OMVolumeCreateRequest.java:validateAndUpdateCache(196)) - created volume:volume08867 for user:user96783
2023-09-28 13:00:10,533 [main] INFO  rpc.RpcClient (RpcClient.java:createBucket(689)) - Creating Bucket: volume08867/bucket18921, with bucket layout LEGACY, runner as owner, Versioning false, Storage Type set to DISK and Encryption set to false, Replication Type set to server-side default replication type, Namespace Quota set to -1, Space Quota set to -1 
2023-09-28 13:00:10,534 [2e0a77eb-074a-4a54-81ef-c7479b7c14e1@group-A1B1A31B5F97-FollowerState] INFO  impl.FollowerState (FollowerState.java:run(143)) - 2e0a77eb-074a-4a54-81ef-c7479b7c14e1@group-A1B1A31B5F97-FollowerState: change to CANDIDATE, lastRpcElapsedTime:5045361369ns, electionTimeout:5039ms
2023-09-28 13:00:10,535 [2e0a77eb-074a-4a54-81ef-c7479b7c14e1@group-A1B1A31B5F97-FollowerState] INFO  impl.RoleInfo (RoleInfo.java:shutdownFollowerState(110)) - 2e0a77eb-074a-4a54-81ef-c7479b7c14e1: shutdown 2e0a77eb-074a-4a54-81ef-c7479b7c14e1@group-A1B1A31B5F97-FollowerState
2023-09-28 13:00:10,535 [2e0a77eb-074a-4a54-81ef-c7479b7c14e1@group-A1B1A31B5F97-FollowerState] INFO  server.RaftServer$Division (RaftServerImpl.java:setRole(329)) - 2e0a77eb-074a-4a54-81ef-c7479b7c14e1@group-A1B1A31B5F97: changes role from  FOLLOWER to CANDIDATE at term 0 for changeToCandidate
2023-09-28 13:00:10,535 [2e0a77eb-074a-4a54-81ef-c7479b7c14e1@group-A1B1A31B5F97-FollowerState] INFO  server.RaftServerConfigKeys (ConfUtils.java:logGet(46)) - raft.server.leaderelection.pre-vote = true (default)
2023-09-28 13:00:10,535 [2e0a77eb-074a-4a54-81ef-c7479b7c14e1@group-A1B1A31B5F97-FollowerState] INFO  impl.RoleInfo (RoleInfo.java:updateAndGet(139)) - 2e0a77eb-074a-4a54-81ef-c7479b7c14e1: start 2e0a77eb-074a-4a54-81ef-c7479b7c14e1@group-A1B1A31B5F97-LeaderElection31
2023-09-28 13:00:10,535 [2e0a77eb-074a-4a54-81ef-c7479b7c14e1@group-A1B1A31B5F97-LeaderElection31] INFO  impl.LeaderElection (LeaderElection.java:askForVotes(321)) - 2e0a77eb-074a-4a54-81ef-c7479b7c14e1@group-A1B1A31B5F97-LeaderElection31 PRE_VOTE round 0: submit vote requests at term 0 for -1: peers:[1544e7f7-fd3f-4574-a78e-ef52e31146de|rpc:10.1.0.34:15173|admin:10.1.0.34:15172|client:10.1.0.34:15171|dataStream:10.1.0.34:15174|priority:0|startupRole:FOLLOWER, 1f3e3681-2cc0-4f79-8587-08300d65d237|rpc:10.1.0.34:15182|admin:10.1.0.34:15181|client:10.1.0.34:15180|dataStream:10.1.0.34:15183|priority:0|startupRole:FOLLOWER, 2e0a77eb-074a-4a54-81ef-c7479b7c14e1|rpc:10.1.0.34:15191|admin:10.1.0.34:15190|client:10.1.0.34:15189|dataStream:10.1.0.34:15192|priority:1|startupRole:FOLLOWER]|listeners:[], old=null
2023-09-28 13:00:10,536 [2e0a77eb-074a-4a54-81ef-c7479b7c14e1@group-A1B1A31B5F97-LeaderElection31-1] INFO  server.GrpcServerProtocolClient (GrpcServerProtocolClient.java:<init>(65)) - Build channel for 1544e7f7-fd3f-4574-a78e-ef52e31146de
2023-09-28 13:00:10,536 [IPC Server handler 12 on default port 15163] INFO  bucket.OMBucketCreateRequest (OMBucketCreateRequest.java:validateAndUpdateCache(270)) - created bucket: bucket18921 of layout LEGACY in volume: volume08867
2023-09-28 13:00:10,539 [2e0a77eb-074a-4a54-81ef-c7479b7c14e1@group-A1B1A31B5F97-LeaderElection31] INFO  server.RaftServerConfigKeys (ConfUtils.java:logFallback(53)) - raft.server.rpc.first-election.timeout.min = 5s (fallback to raft.server.rpc.timeout.min)
2023-09-28 13:00:10,539 [2e0a77eb-074a-4a54-81ef-c7479b7c14e1@group-A1B1A31B5F97-LeaderElection31] INFO  server.RaftServerConfigKeys (ConfUtils.java:logFallback(53)) - raft.server.rpc.first-election.timeout.max = 5200ms (fallback to raft.server.rpc.timeout.max)
2023-09-28 13:00:10,539 [2e0a77eb-074a-4a54-81ef-c7479b7c14e1@group-A1B1A31B5F97-LeaderElection31-2] INFO  server.GrpcServerProtocolClient (GrpcServerProtocolClient.java:<init>(65)) - Build channel for 1f3e3681-2cc0-4f79-8587-08300d65d237
2023-09-28 13:00:10,553 [1f3e3681-2cc0-4f79-8587-08300d65d237@group-A1B1A31B5F97-FollowerState] INFO  server.RaftServerConfigKeys (ConfUtils.java:logFallback(53)) - raft.server.rpc.first-election.timeout.min = 5s (fallback to raft.server.rpc.timeout.min)
2023-09-28 13:00:10,553 [1f3e3681-2cc0-4f79-8587-08300d65d237@group-A1B1A31B5F97-FollowerState] INFO  server.RaftServerConfigKeys (ConfUtils.java:logFallback(53)) - raft.server.rpc.first-election.timeout.max = 5200ms (fallback to raft.server.rpc.timeout.max)
2023-09-28 13:00:10,559 [grpc-default-executor-0] INFO  server.RaftServer$Division (RaftServerImpl.java:requestVote(1302)) - 1544e7f7-fd3f-4574-a78e-ef52e31146de@group-A1B1A31B5F97: receive requestVote(PRE_VOTE, 2e0a77eb-074a-4a54-81ef-c7479b7c14e1, group-A1B1A31B5F97, 0, (t:0, i:0))
2023-09-28 13:00:10,559 [grpc-default-executor-2] INFO  server.RaftServer$Division (RaftServerImpl.java:requestVote(1302)) - 1f3e3681-2cc0-4f79-8587-08300d65d237@group-A1B1A31B5F97: receive requestVote(PRE_VOTE, 2e0a77eb-074a-4a54-81ef-c7479b7c14e1, group-A1B1A31B5F97, 0, (t:0, i:0))
2023-09-28 13:00:10,560 [grpc-default-executor-2] INFO  impl.VoteContext (VoteContext.java:log(49)) - 1f3e3681-2cc0-4f79-8587-08300d65d237@group-A1B1A31B5F97-FOLLOWER: accept PRE_VOTE from 2e0a77eb-074a-4a54-81ef-c7479b7c14e1: our priority 0 <= candidate's priority 1
2023-09-28 13:00:10,560 [grpc-default-executor-2] INFO  server.RaftServer$Division (RaftServerImpl.java:requestVote(1335)) - 1f3e3681-2cc0-4f79-8587-08300d65d237@group-A1B1A31B5F97 replies to PRE_VOTE vote request: 2e0a77eb-074a-4a54-81ef-c7479b7c14e1<-1f3e3681-2cc0-4f79-8587-08300d65d237#0:OK-t0. Peer's state: 1f3e3681-2cc0-4f79-8587-08300d65d237@group-A1B1A31B5F97:t0, leader=null, voted=, raftlog=Memoized:1f3e3681-2cc0-4f79-8587-08300d65d237@group-A1B1A31B5F97-SegmentedRaftLog:OPENED:c-1, conf=-1: peers:[1544e7f7-fd3f-4574-a78e-ef52e31146de|rpc:10.1.0.34:15173|admin:10.1.0.34:15172|client:10.1.0.34:15171|dataStream:10.1.0.34:15174|priority:0|startupRole:FOLLOWER, 1f3e3681-2cc0-4f79-8587-08300d65d237|rpc:10.1.0.34:15182|admin:10.1.0.34:15181|client:10.1.0.34:15180|dataStream:10.1.0.34:15183|priority:0|startupRole:FOLLOWER, 2e0a77eb-074a-4a54-81ef-c7479b7c14e1|rpc:10.1.0.34:15191|admin:10.1.0.34:15190|client:10.1.0.34:15189|dataStream:10.1.0.34:15192|priority:1|startupRole:FOLLOWER]|listeners:[], old=null
2023-09-28 13:00:10,560 [grpc-default-executor-0] INFO  impl.VoteContext (VoteContext.java:log(49)) - 1544e7f7-fd3f-4574-a78e-ef52e31146de@group-A1B1A31B5F97-FOLLOWER: accept PRE_VOTE from 2e0a77eb-074a-4a54-81ef-c7479b7c14e1: our priority 0 <= candidate's priority 1
2023-09-28 13:00:10,562 [grpc-default-executor-0] INFO  server.RaftServer$Division (RaftServerImpl.java:requestVote(1335)) - 1544e7f7-fd3f-4574-a78e-ef52e31146de@group-A1B1A31B5F97 replies to PRE_VOTE vote request: 2e0a77eb-074a-4a54-81ef-c7479b7c14e1<-1544e7f7-fd3f-4574-a78e-ef52e31146de#0:OK-t0. Peer's state: 1544e7f7-fd3f-4574-a78e-ef52e31146de@group-A1B1A31B5F97:t0, leader=null, voted=, raftlog=Memoized:1544e7f7-fd3f-4574-a78e-ef52e31146de@group-A1B1A31B5F97-SegmentedRaftLog:OPENED:c-1, conf=-1: peers:[1544e7f7-fd3f-4574-a78e-ef52e31146de|rpc:10.1.0.34:15173|admin:10.1.0.34:15172|client:10.1.0.34:15171|dataStream:10.1.0.34:15174|priority:0|startupRole:FOLLOWER, 1f3e3681-2cc0-4f79-8587-08300d65d237|rpc:10.1.0.34:15182|admin:10.1.0.34:15181|client:10.1.0.34:15180|dataStream:10.1.0.34:15183|priority:0|startupRole:FOLLOWER, 2e0a77eb-074a-4a54-81ef-c7479b7c14e1|rpc:10.1.0.34:15191|admin:10.1.0.34:15190|client:10.1.0.34:15189|dataStream:10.1.0.34:15192|priority:1|startupRole:FOLLOWER]|listeners:[], old=null
2023-09-28 13:00:10,567 [2e0a77eb-074a-4a54-81ef-c7479b7c14e1@group-A1B1A31B5F97-LeaderElection31] INFO  impl.LeaderElection (LeaderElection.java:logAndReturn(90)) - 2e0a77eb-074a-4a54-81ef-c7479b7c14e1@group-A1B1A31B5F97-LeaderElection31: PRE_VOTE PASSED received 1 response(s) and 0 exception(s):
2023-09-28 13:00:10,567 [2e0a77eb-074a-4a54-81ef-c7479b7c14e1@group-A1B1A31B5F97-LeaderElection31] INFO  impl.LeaderElection (LeaderElection.java:logAndReturn(94)) -   Response 0: 2e0a77eb-074a-4a54-81ef-c7479b7c14e1<-1f3e3681-2cc0-4f79-8587-08300d65d237#0:OK-t0
2023-09-28 13:00:10,567 [2e0a77eb-074a-4a54-81ef-c7479b7c14e1@group-A1B1A31B5F97-LeaderElection31] INFO  impl.LeaderElection (LeaderElection.java:askForVotes(323)) - 2e0a77eb-074a-4a54-81ef-c7479b7c14e1@group-A1B1A31B5F97-LeaderElection31 PRE_VOTE round 0: result PASSED
2023-09-28 13:00:10,571 [2e0a77eb-074a-4a54-81ef-c7479b7c14e1@group-A1B1A31B5F97-LeaderElection31] INFO  impl.LeaderElection (LeaderElection.java:askForVotes(321)) - 2e0a77eb-074a-4a54-81ef-c7479b7c14e1@group-A1B1A31B5F97-LeaderElection31 ELECTION round 0: submit vote requests at term 1 for -1: peers:[1544e7f7-fd3f-4574-a78e-ef52e31146de|rpc:10.1.0.34:15173|admin:10.1.0.34:15172|client:10.1.0.34:15171|dataStream:10.1.0.34:15174|priority:0|startupRole:FOLLOWER, 1f3e3681-2cc0-4f79-8587-08300d65d237|rpc:10.1.0.34:15182|admin:10.1.0.34:15181|client:10.1.0.34:15180|dataStream:10.1.0.34:15183|priority:0|startupRole:FOLLOWER, 2e0a77eb-074a-4a54-81ef-c7479b7c14e1|rpc:10.1.0.34:15191|admin:10.1.0.34:15190|client:10.1.0.34:15189|dataStream:10.1.0.34:15192|priority:1|startupRole:FOLLOWER]|listeners:[], old=null
2023-09-28 13:00:10,573 [grpc-default-executor-2] INFO  server.RaftServer$Division (RaftServerImpl.java:requestVote(1302)) - 1544e7f7-fd3f-4574-a78e-ef52e31146de@group-A1B1A31B5F97: receive requestVote(ELECTION, 2e0a77eb-074a-4a54-81ef-c7479b7c14e1, group-A1B1A31B5F97, 1, (t:0, i:0))
2023-09-28 13:00:10,574 [grpc-default-executor-2] INFO  impl.VoteContext (VoteContext.java:log(49)) - 1544e7f7-fd3f-4574-a78e-ef52e31146de@group-A1B1A31B5F97-FOLLOWER: accept ELECTION from 2e0a77eb-074a-4a54-81ef-c7479b7c14e1: our priority 0 <= candidate's priority 1
2023-09-28 13:00:10,574 [grpc-default-executor-2] INFO  server.RaftServer$Division (RaftServerImpl.java:setRole(329)) - 1544e7f7-fd3f-4574-a78e-ef52e31146de@group-A1B1A31B5F97: changes role from  FOLLOWER to FOLLOWER at term 1 for candidate:2e0a77eb-074a-4a54-81ef-c7479b7c14e1
2023-09-28 13:00:10,574 [grpc-default-executor-2] INFO  impl.RoleInfo (RoleInfo.java:shutdownFollowerState(110)) - 1544e7f7-fd3f-4574-a78e-ef52e31146de: shutdown 1544e7f7-fd3f-4574-a78e-ef52e31146de@group-A1B1A31B5F97-FollowerState
2023-09-28 13:00:10,574 [grpc-default-executor-2] INFO  impl.RoleInfo (RoleInfo.java:updateAndGet(139)) - 1544e7f7-fd3f-4574-a78e-ef52e31146de: start 1544e7f7-fd3f-4574-a78e-ef52e31146de@group-A1B1A31B5F97-FollowerState
2023-09-28 13:00:10,574 [1544e7f7-fd3f-4574-a78e-ef52e31146de@group-A1B1A31B5F97-FollowerState] INFO  impl.FollowerState (FollowerState.java:run(152)) - 1544e7f7-fd3f-4574-a78e-ef52e31146de@group-A1B1A31B5F97-FollowerState was interrupted
2023-09-28 13:00:10,577 [2e0a77eb-074a-4a54-81ef-c7479b7c14e1@group-A1B1A31B5F97-LeaderElection31] INFO  server.RaftServerConfigKeys (ConfUtils.java:logFallback(53)) - raft.server.rpc.first-election.timeout.min = 5s (fallback to raft.server.rpc.timeout.min)
2023-09-28 13:00:10,577 [2e0a77eb-074a-4a54-81ef-c7479b7c14e1@group-A1B1A31B5F97-LeaderElection31] INFO  server.RaftServerConfigKeys (ConfUtils.java:logFallback(53)) - raft.server.rpc.first-election.timeout.max = 5200ms (fallback to raft.server.rpc.timeout.max)
2023-09-28 13:00:10,579 [grpc-default-executor-0] INFO  server.RaftServer$Division (RaftServerImpl.java:requestVote(1302)) - 1f3e3681-2cc0-4f79-8587-08300d65d237@group-A1B1A31B5F97: receive requestVote(ELECTION, 2e0a77eb-074a-4a54-81ef-c7479b7c14e1, group-A1B1A31B5F97, 1, (t:0, i:0))
2023-09-28 13:00:10,579 [grpc-default-executor-2] INFO  server.RaftServer$Division (RaftServerImpl.java:requestVote(1335)) - 1544e7f7-fd3f-4574-a78e-ef52e31146de@group-A1B1A31B5F97 replies to ELECTION vote request: 2e0a77eb-074a-4a54-81ef-c7479b7c14e1<-1544e7f7-fd3f-4574-a78e-ef52e31146de#0:OK-t1. Peer's state: 1544e7f7-fd3f-4574-a78e-ef52e31146de@group-A1B1A31B5F97:t1, leader=null, voted=2e0a77eb-074a-4a54-81ef-c7479b7c14e1, raftlog=Memoized:1544e7f7-fd3f-4574-a78e-ef52e31146de@group-A1B1A31B5F97-SegmentedRaftLog:OPENED:c-1, conf=-1: peers:[1544e7f7-fd3f-4574-a78e-ef52e31146de|rpc:10.1.0.34:15173|admin:10.1.0.34:15172|client:10.1.0.34:15171|dataStream:10.1.0.34:15174|priority:0|startupRole:FOLLOWER, 1f3e3681-2cc0-4f79-8587-08300d65d237|rpc:10.1.0.34:15182|admin:10.1.0.34:15181|client:10.1.0.34:15180|dataStream:10.1.0.34:15183|priority:0|startupRole:FOLLOWER, 2e0a77eb-074a-4a54-81ef-c7479b7c14e1|rpc:10.1.0.34:15191|admin:10.1.0.34:15190|client:10.1.0.34:15189|dataStream:10.1.0.34:15192|priority:1|startupRole:FOLLOWER]|listeners:[], old=null
2023-09-28 13:00:10,579 [grpc-default-executor-0] INFO  impl.VoteContext (VoteContext.java:log(49)) - 1f3e3681-2cc0-4f79-8587-08300d65d237@group-A1B1A31B5F97-FOLLOWER: accept ELECTION from 2e0a77eb-074a-4a54-81ef-c7479b7c14e1: our priority 0 <= candidate's priority 1
2023-09-28 13:00:10,580 [grpc-default-executor-0] INFO  server.RaftServer$Division (RaftServerImpl.java:setRole(329)) - 1f3e3681-2cc0-4f79-8587-08300d65d237@group-A1B1A31B5F97: changes role from  FOLLOWER to FOLLOWER at term 1 for candidate:2e0a77eb-074a-4a54-81ef-c7479b7c14e1
2023-09-28 13:00:10,580 [grpc-default-executor-0] INFO  impl.RoleInfo (RoleInfo.java:shutdownFollowerState(110)) - 1f3e3681-2cc0-4f79-8587-08300d65d237: shutdown 1f3e3681-2cc0-4f79-8587-08300d65d237@group-A1B1A31B5F97-FollowerState
2023-09-28 13:00:10,580 [grpc-default-executor-0] INFO  impl.RoleInfo (RoleInfo.java:updateAndGet(139)) - 1f3e3681-2cc0-4f79-8587-08300d65d237: start 1f3e3681-2cc0-4f79-8587-08300d65d237@group-A1B1A31B5F97-FollowerState
2023-09-28 13:00:10,580 [1f3e3681-2cc0-4f79-8587-08300d65d237@group-A1B1A31B5F97-FollowerState] INFO  impl.FollowerState (FollowerState.java:run(152)) - 1f3e3681-2cc0-4f79-8587-08300d65d237@group-A1B1A31B5F97-FollowerState was interrupted
]]></system-out>
  </testcase>
  <testcase name="testSeekOnFileLength" classname="TestOzoneFileSystem" time="0.919">
    <system-out><![CDATA[2023-09-28 12:55:59,743 [IPC Server handler 10 on default port 15001] INFO  ha.SequenceIdGenerator (SequenceIdGenerator.java:getNextId(140)) - Allocate a batch for containerId, change lastId from 0 to 1000.
2023-09-28 12:55:59,753 [IPC Server handler 10 on default port 15001] WARN  ha.SequenceIdGenerator (SequenceIdGenerator.java:allocateBatch(253)) - Failed to allocate a batch for localId, expected lastId is 0, actual lastId is 111677748019200000.
2023-09-28 12:55:59,754 [IPC Server handler 10 on default port 15001] INFO  ha.SequenceIdGenerator (SequenceIdGenerator.java:getNextId(140)) - Allocate a batch for localId, change lastId from 111677748019200000 to 111677748019201000.
2023-09-28 12:55:59,852 [Time-limited test] INFO  impl.MetricsSystemImpl (MetricsSystemImpl.java:init(158)) - XceiverClientMetrics metrics system started (again)
2023-09-28 12:55:59,853 [Time-limited test] INFO  lib.Interns (Interns.java:removeEldestEntry(50)) - Metrics intern cache overflow at 2011 for MetricsSystem={MetricsSystem=MetricsInfoImpl{name=MetricsSystem, description=MetricsSystem}, MetricsSystem record=MetricsInfoImpl{name=MetricsSystem, description=MetricsSystem record}}
2023-09-28 12:56:00,496 [IPC Server handler 10 on default port 15001] WARN  node.SCMNodeManager (SCMNodeManager.java:getNodesByAddress(1373)) - Cannot find node for address 127.0.0.1
12:56:00.550 [IPC Server handler 16 on default port 15004] ERROR OMAudit - user=runner | ip=127.0.0.1 | op=READ_KEY {volume=volume53983, bucket=bucket27347, key=file_notexist, dataSize=0, replicationConfig=null} | ret=FAILURE
org.apache.hadoop.ozone.om.exceptions.OMException: Key:file_notexist not found
	at org.apache.hadoop.ozone.om.KeyManagerImpl.readKeyInfo(KeyManagerImpl.java:428) ~[ozone-manager-1.4.0-SNAPSHOT.jar:?]
	at org.apache.hadoop.ozone.om.KeyManagerImpl.lambda$9(KeyManagerImpl.java:1952) ~[ozone-manager-1.4.0-SNAPSHOT.jar:?]
	at org.apache.hadoop.util.MetricUtil.captureLatencyNs(MetricUtil.java:39) ~[hdds-common-1.4.0-SNAPSHOT.jar:?]
	at org.apache.hadoop.ozone.om.KeyManagerImpl.getKeyInfo(KeyManagerImpl.java:1950) ~[ozone-manager-1.4.0-SNAPSHOT.jar:?]
	at org.apache.hadoop.ozone.om.OmMetadataReader.getKeyInfo(OmMetadataReader.java:189) ~[ozone-manager-1.4.0-SNAPSHOT.jar:?]
	at org.apache.hadoop.ozone.om.OzoneManager.getKeyInfo(OzoneManager.java:2833) ~[ozone-manager-1.4.0-SNAPSHOT.jar:?]
	at org.apache.hadoop.ozone.protocolPB.OzoneManagerRequestHandler.getKeyInfo(OzoneManagerRequestHandler.java:594) ~[ozone-manager-1.4.0-SNAPSHOT.jar:?]
	at org.apache.hadoop.ozone.protocolPB.OzoneManagerRequestHandler.handleReadRequest(OzoneManagerRequestHandler.java:313) ~[ozone-manager-1.4.0-SNAPSHOT.jar:?]
	at org.apache.hadoop.ozone.protocolPB.OzoneManagerProtocolServerSideTranslatorPB.submitReadRequestToOM(OzoneManagerProtocolServerSideTranslatorPB.java:225) ~[ozone-manager-1.4.0-SNAPSHOT.jar:?]
	at org.apache.hadoop.ozone.protocolPB.OzoneManagerProtocolServerSideTranslatorPB.processRequest(OzoneManagerProtocolServerSideTranslatorPB.java:179) ~[ozone-manager-1.4.0-SNAPSHOT.jar:?]
	at org.apache.hadoop.hdds.server.OzoneProtocolMessageDispatcher.processRequest(OzoneProtocolMessageDispatcher.java:87) [hdds-server-framework-1.4.0-SNAPSHOT.jar:?]
	at org.apache.hadoop.ozone.protocolPB.OzoneManagerProtocolServerSideTranslatorPB.submitRequest(OzoneManagerProtocolServerSideTranslatorPB.java:148) [ozone-manager-1.4.0-SNAPSHOT.jar:?]
	at org.apache.hadoop.ozone.protocol.proto.OzoneManagerProtocolProtos$OzoneManagerService$2.callBlockingMethod(OzoneManagerProtocolProtos.java) [ozone-interface-client-1.4.0-SNAPSHOT.jar:?]
	at org.apache.hadoop.ipc.ProtobufRpcEngine$Server.processCall(ProtobufRpcEngine.java:484) [hadoop-common-3.3.6.jar:?]
	at org.apache.hadoop.ipc.ProtobufRpcEngine2$Server$ProtoBufRpcInvoker.call(ProtobufRpcEngine2.java:595) [hadoop-common-3.3.6.jar:?]
	at org.apache.hadoop.ipc.ProtobufRpcEngine2$Server$ProtoBufRpcInvoker.call(ProtobufRpcEngine2.java:573) [hadoop-common-3.3.6.jar:?]
	at org.apache.hadoop.ipc.RPC$Server.call(RPC.java:1227) [hadoop-common-3.3.6.jar:?]
	at org.apache.hadoop.ipc.Server$RpcCall.run(Server.java:1094) [hadoop-common-3.3.6.jar:?]
	at org.apache.hadoop.ipc.Server$RpcCall.run(Server.java:1017) [hadoop-common-3.3.6.jar:?]
	at java.security.AccessController.doPrivileged(Native Method) ~[?:1.8.0_382]
	at javax.security.auth.Subject.doAs(Subject.java:422) [?:1.8.0_382]
	at org.apache.hadoop.security.UserGroupInformation.doAs(UserGroupInformation.java:1899) [hadoop-common-3.3.6.jar:?]
	at org.apache.hadoop.ipc.Server$Handler.run(Server.java:3048) [hadoop-common-3.3.6.jar:?]
]]></system-out>
  </testcase>
  <testcase name="testSeekOnFileLength" classname="TestOzoneFileSystem" time="0.212">
    <system-out><![CDATA[2023-09-28 12:57:34,464 [IPC Server handler 0 on default port 15054] INFO  ha.SequenceIdGenerator (SequenceIdGenerator.java:getNextId(140)) - Allocate a batch for containerId, change lastId from 0 to 1000.
2023-09-28 12:57:34,465 [IPC Server handler 0 on default port 15054] WARN  ha.SequenceIdGenerator (SequenceIdGenerator.java:allocateBatch(253)) - Failed to allocate a batch for localId, expected lastId is 0, actual lastId is 111677748019200000.
2023-09-28 12:57:34,465 [IPC Server handler 0 on default port 15054] INFO  ha.SequenceIdGenerator (SequenceIdGenerator.java:getNextId(140)) - Allocate a batch for localId, change lastId from 111677748019200000 to 111677748019201000.
2023-09-28 12:57:34,619 [IPC Server handler 3 on default port 15054] WARN  node.SCMNodeManager (SCMNodeManager.java:getNodesByAddress(1373)) - Cannot find node for address 127.0.0.1
12:57:34.627 [IPC Server handler 4 on default port 15057] ERROR OMAudit - user=runner | ip=127.0.0.1 | op=READ_KEY {volume=volume37469, bucket=bucket23551, key=file_notexist, dataSize=0, replicationConfig=null} | ret=FAILURE
org.apache.hadoop.ozone.om.exceptions.OMException: Key:file_notexist not found
	at org.apache.hadoop.ozone.om.KeyManagerImpl.readKeyInfo(KeyManagerImpl.java:428) ~[ozone-manager-1.4.0-SNAPSHOT.jar:?]
	at org.apache.hadoop.ozone.om.KeyManagerImpl.lambda$9(KeyManagerImpl.java:1952) ~[ozone-manager-1.4.0-SNAPSHOT.jar:?]
	at org.apache.hadoop.util.MetricUtil.captureLatencyNs(MetricUtil.java:39) ~[hdds-common-1.4.0-SNAPSHOT.jar:?]
	at org.apache.hadoop.ozone.om.KeyManagerImpl.getKeyInfo(KeyManagerImpl.java:1950) ~[ozone-manager-1.4.0-SNAPSHOT.jar:?]
	at org.apache.hadoop.ozone.om.OmMetadataReader.getKeyInfo(OmMetadataReader.java:189) ~[ozone-manager-1.4.0-SNAPSHOT.jar:?]
	at org.apache.hadoop.ozone.om.OzoneManager.getKeyInfo(OzoneManager.java:2833) ~[ozone-manager-1.4.0-SNAPSHOT.jar:?]
	at org.apache.hadoop.ozone.protocolPB.OzoneManagerRequestHandler.getKeyInfo(OzoneManagerRequestHandler.java:594) ~[ozone-manager-1.4.0-SNAPSHOT.jar:?]
	at org.apache.hadoop.ozone.protocolPB.OzoneManagerRequestHandler.handleReadRequest(OzoneManagerRequestHandler.java:313) ~[ozone-manager-1.4.0-SNAPSHOT.jar:?]
	at org.apache.hadoop.ozone.protocolPB.OzoneManagerProtocolServerSideTranslatorPB.submitRequestDirectlyToOM(OzoneManagerProtocolServerSideTranslatorPB.java:274) ~[ozone-manager-1.4.0-SNAPSHOT.jar:?]
	at org.apache.hadoop.ozone.protocolPB.OzoneManagerProtocolServerSideTranslatorPB.processRequest(OzoneManagerProtocolServerSideTranslatorPB.java:175) ~[ozone-manager-1.4.0-SNAPSHOT.jar:?]
	at org.apache.hadoop.hdds.server.OzoneProtocolMessageDispatcher.processRequest(OzoneProtocolMessageDispatcher.java:87) [hdds-server-framework-1.4.0-SNAPSHOT.jar:?]
	at org.apache.hadoop.ozone.protocolPB.OzoneManagerProtocolServerSideTranslatorPB.submitRequest(OzoneManagerProtocolServerSideTranslatorPB.java:148) [ozone-manager-1.4.0-SNAPSHOT.jar:?]
	at org.apache.hadoop.ozone.protocol.proto.OzoneManagerProtocolProtos$OzoneManagerService$2.callBlockingMethod(OzoneManagerProtocolProtos.java) [ozone-interface-client-1.4.0-SNAPSHOT.jar:?]
	at org.apache.hadoop.ipc.ProtobufRpcEngine$Server.processCall(ProtobufRpcEngine.java:484) [hadoop-common-3.3.6.jar:?]
	at org.apache.hadoop.ipc.ProtobufRpcEngine2$Server$ProtoBufRpcInvoker.call(ProtobufRpcEngine2.java:595) [hadoop-common-3.3.6.jar:?]
	at org.apache.hadoop.ipc.ProtobufRpcEngine2$Server$ProtoBufRpcInvoker.call(ProtobufRpcEngine2.java:573) [hadoop-common-3.3.6.jar:?]
	at org.apache.hadoop.ipc.RPC$Server.call(RPC.java:1227) [hadoop-common-3.3.6.jar:?]
	at org.apache.hadoop.ipc.Server$RpcCall.run(Server.java:1094) [hadoop-common-3.3.6.jar:?]
	at org.apache.hadoop.ipc.Server$RpcCall.run(Server.java:1017) [hadoop-common-3.3.6.jar:?]
	at java.security.AccessController.doPrivileged(Native Method) ~[?:1.8.0_382]
	at javax.security.auth.Subject.doAs(Subject.java:422) [?:1.8.0_382]
	at org.apache.hadoop.security.UserGroupInformation.doAs(UserGroupInformation.java:1899) [hadoop-common-3.3.6.jar:?]
	at org.apache.hadoop.ipc.Server$Handler.run(Server.java:3048) [hadoop-common-3.3.6.jar:?]
]]></system-out>
  </testcase>
  <testcase name="testSeekOnFileLength" classname="TestOzoneFileSystem" time="0.178">
    <system-out><![CDATA[2023-09-28 12:58:49,165 [IPC Server handler 0 on default port 15107] INFO  ha.SequenceIdGenerator (SequenceIdGenerator.java:getNextId(140)) - Allocate a batch for containerId, change lastId from 0 to 1000.
2023-09-28 12:58:49,166 [IPC Server handler 0 on default port 15107] WARN  ha.SequenceIdGenerator (SequenceIdGenerator.java:allocateBatch(253)) - Failed to allocate a batch for localId, expected lastId is 0, actual lastId is 111677748019200000.
2023-09-28 12:58:49,166 [IPC Server handler 0 on default port 15107] INFO  ha.SequenceIdGenerator (SequenceIdGenerator.java:getNextId(140)) - Allocate a batch for localId, change lastId from 111677748019200000 to 111677748019201000.
2023-09-28 12:58:49,321 [IPC Server handler 19 on default port 15107] WARN  node.SCMNodeManager (SCMNodeManager.java:getNodesByAddress(1373)) - Cannot find node for address 127.0.0.1
12:58:49.327 [IPC Server handler 3 on default port 15110] ERROR OMAudit - user=runner | ip=127.0.0.1 | op=READ_KEY {volume=volume13657, bucket=bucket40110, key=file_notexist, dataSize=0, replicationConfig=null} | ret=FAILURE
org.apache.hadoop.ozone.om.exceptions.OMException: Key:file_notexist not found
	at org.apache.hadoop.ozone.om.KeyManagerImpl.readKeyInfo(KeyManagerImpl.java:428) ~[ozone-manager-1.4.0-SNAPSHOT.jar:?]
	at org.apache.hadoop.ozone.om.KeyManagerImpl.lambda$9(KeyManagerImpl.java:1952) ~[ozone-manager-1.4.0-SNAPSHOT.jar:?]
	at org.apache.hadoop.util.MetricUtil.captureLatencyNs(MetricUtil.java:39) ~[hdds-common-1.4.0-SNAPSHOT.jar:?]
	at org.apache.hadoop.ozone.om.KeyManagerImpl.getKeyInfo(KeyManagerImpl.java:1950) ~[ozone-manager-1.4.0-SNAPSHOT.jar:?]
	at org.apache.hadoop.ozone.om.OmMetadataReader.getKeyInfo(OmMetadataReader.java:189) ~[ozone-manager-1.4.0-SNAPSHOT.jar:?]
	at org.apache.hadoop.ozone.om.OzoneManager.getKeyInfo(OzoneManager.java:2833) ~[ozone-manager-1.4.0-SNAPSHOT.jar:?]
	at org.apache.hadoop.ozone.protocolPB.OzoneManagerRequestHandler.getKeyInfo(OzoneManagerRequestHandler.java:594) ~[ozone-manager-1.4.0-SNAPSHOT.jar:?]
	at org.apache.hadoop.ozone.protocolPB.OzoneManagerRequestHandler.handleReadRequest(OzoneManagerRequestHandler.java:313) ~[ozone-manager-1.4.0-SNAPSHOT.jar:?]
	at org.apache.hadoop.ozone.protocolPB.OzoneManagerProtocolServerSideTranslatorPB.submitReadRequestToOM(OzoneManagerProtocolServerSideTranslatorPB.java:225) ~[ozone-manager-1.4.0-SNAPSHOT.jar:?]
	at org.apache.hadoop.ozone.protocolPB.OzoneManagerProtocolServerSideTranslatorPB.processRequest(OzoneManagerProtocolServerSideTranslatorPB.java:179) ~[ozone-manager-1.4.0-SNAPSHOT.jar:?]
	at org.apache.hadoop.hdds.server.OzoneProtocolMessageDispatcher.processRequest(OzoneProtocolMessageDispatcher.java:87) [hdds-server-framework-1.4.0-SNAPSHOT.jar:?]
	at org.apache.hadoop.ozone.protocolPB.OzoneManagerProtocolServerSideTranslatorPB.submitRequest(OzoneManagerProtocolServerSideTranslatorPB.java:148) [ozone-manager-1.4.0-SNAPSHOT.jar:?]
	at org.apache.hadoop.ozone.protocol.proto.OzoneManagerProtocolProtos$OzoneManagerService$2.callBlockingMethod(OzoneManagerProtocolProtos.java) [ozone-interface-client-1.4.0-SNAPSHOT.jar:?]
	at org.apache.hadoop.ipc.ProtobufRpcEngine$Server.processCall(ProtobufRpcEngine.java:484) [hadoop-common-3.3.6.jar:?]
	at org.apache.hadoop.ipc.ProtobufRpcEngine2$Server$ProtoBufRpcInvoker.call(ProtobufRpcEngine2.java:595) [hadoop-common-3.3.6.jar:?]
	at org.apache.hadoop.ipc.ProtobufRpcEngine2$Server$ProtoBufRpcInvoker.call(ProtobufRpcEngine2.java:573) [hadoop-common-3.3.6.jar:?]
	at org.apache.hadoop.ipc.RPC$Server.call(RPC.java:1227) [hadoop-common-3.3.6.jar:?]
	at org.apache.hadoop.ipc.Server$RpcCall.run(Server.java:1094) [hadoop-common-3.3.6.jar:?]
	at org.apache.hadoop.ipc.Server$RpcCall.run(Server.java:1017) [hadoop-common-3.3.6.jar:?]
	at java.security.AccessController.doPrivileged(Native Method) ~[?:1.8.0_382]
	at javax.security.auth.Subject.doAs(Subject.java:422) [?:1.8.0_382]
	at org.apache.hadoop.security.UserGroupInformation.doAs(UserGroupInformation.java:1899) [hadoop-common-3.3.6.jar:?]
	at org.apache.hadoop.ipc.Server$Handler.run(Server.java:3048) [hadoop-common-3.3.6.jar:?]
]]></system-out>
  </testcase>
  <testcase name="testSeekOnFileLength" classname="TestOzoneFileSystem" time="12.485">
    <system-out><![CDATA[2023-09-28 13:00:10,587 [2e0a77eb-074a-4a54-81ef-c7479b7c14e1@group-A1B1A31B5F97-LeaderElection31] INFO  impl.LeaderElection (LeaderElection.java:logAndReturn(90)) - 2e0a77eb-074a-4a54-81ef-c7479b7c14e1@group-A1B1A31B5F97-LeaderElection31: ELECTION PASSED received 1 response(s) and 0 exception(s):
2023-09-28 13:00:10,588 [2e0a77eb-074a-4a54-81ef-c7479b7c14e1@group-A1B1A31B5F97-LeaderElection31] INFO  impl.LeaderElection (LeaderElection.java:logAndReturn(94)) -   Response 0: 2e0a77eb-074a-4a54-81ef-c7479b7c14e1<-1544e7f7-fd3f-4574-a78e-ef52e31146de#0:OK-t1
2023-09-28 13:00:10,589 [grpc-default-executor-0] INFO  server.RaftServer$Division (RaftServerImpl.java:requestVote(1335)) - 1f3e3681-2cc0-4f79-8587-08300d65d237@group-A1B1A31B5F97 replies to ELECTION vote request: 2e0a77eb-074a-4a54-81ef-c7479b7c14e1<-1f3e3681-2cc0-4f79-8587-08300d65d237#0:OK-t1. Peer's state: 1f3e3681-2cc0-4f79-8587-08300d65d237@group-A1B1A31B5F97:t1, leader=null, voted=2e0a77eb-074a-4a54-81ef-c7479b7c14e1, raftlog=Memoized:1f3e3681-2cc0-4f79-8587-08300d65d237@group-A1B1A31B5F97-SegmentedRaftLog:OPENED:c-1, conf=-1: peers:[1544e7f7-fd3f-4574-a78e-ef52e31146de|rpc:10.1.0.34:15173|admin:10.1.0.34:15172|client:10.1.0.34:15171|dataStream:10.1.0.34:15174|priority:0|startupRole:FOLLOWER, 1f3e3681-2cc0-4f79-8587-08300d65d237|rpc:10.1.0.34:15182|admin:10.1.0.34:15181|client:10.1.0.34:15180|dataStream:10.1.0.34:15183|priority:0|startupRole:FOLLOWER, 2e0a77eb-074a-4a54-81ef-c7479b7c14e1|rpc:10.1.0.34:15191|admin:10.1.0.34:15190|client:10.1.0.34:15189|dataStream:10.1.0.34:15192|priority:1|startupRole:FOLLOWER]|listeners:[], old=null
2023-09-28 13:00:10,593 [2e0a77eb-074a-4a54-81ef-c7479b7c14e1@group-A1B1A31B5F97-LeaderElection31] INFO  impl.LeaderElection (LeaderElection.java:askForVotes(323)) - 2e0a77eb-074a-4a54-81ef-c7479b7c14e1@group-A1B1A31B5F97-LeaderElection31 ELECTION round 0: result PASSED
2023-09-28 13:00:10,593 [2e0a77eb-074a-4a54-81ef-c7479b7c14e1@group-A1B1A31B5F97-LeaderElection31] INFO  impl.RoleInfo (RoleInfo.java:shutdownLeaderElection(130)) - 2e0a77eb-074a-4a54-81ef-c7479b7c14e1: shutdown 2e0a77eb-074a-4a54-81ef-c7479b7c14e1@group-A1B1A31B5F97-LeaderElection31
2023-09-28 13:00:10,593 [2e0a77eb-074a-4a54-81ef-c7479b7c14e1@group-A1B1A31B5F97-LeaderElection31] INFO  server.RaftServer$Division (RaftServerImpl.java:setRole(329)) - 2e0a77eb-074a-4a54-81ef-c7479b7c14e1@group-A1B1A31B5F97: changes role from CANDIDATE to LEADER at term 1 for changeToLeader
2023-09-28 13:00:10,593 [2e0a77eb-074a-4a54-81ef-c7479b7c14e1@group-A1B1A31B5F97-LeaderElection31] INFO  ratis.XceiverServerRatis (XceiverServerRatis.java:handleLeaderChangedNotification(902)) - Leader change notification received for group: group-A1B1A31B5F97 with new leaderId: 2e0a77eb-074a-4a54-81ef-c7479b7c14e1
2023-09-28 13:00:10,593 [2e0a77eb-074a-4a54-81ef-c7479b7c14e1@group-A1B1A31B5F97-LeaderElection31] INFO  server.RaftServer$Division (ServerState.java:setLeader(317)) - 2e0a77eb-074a-4a54-81ef-c7479b7c14e1@group-A1B1A31B5F97: change Leader from null to 2e0a77eb-074a-4a54-81ef-c7479b7c14e1 at term 1 for becomeLeader, leader elected after 5124ms
2023-09-28 13:00:10,593 [2e0a77eb-074a-4a54-81ef-c7479b7c14e1@group-A1B1A31B5F97-LeaderElection31] INFO  server.RaftServerConfigKeys (ConfUtils.java:logGet(46)) - raft.server.staging.catchup.gap = 1000 (default)
2023-09-28 13:00:10,593 [2e0a77eb-074a-4a54-81ef-c7479b7c14e1@group-A1B1A31B5F97-LeaderElection31] INFO  server.RaftServerConfigKeys (ConfUtils.java:logGet(46)) - raft.server.write.element-limit = 1024 (custom)
2023-09-28 13:00:10,593 [2e0a77eb-074a-4a54-81ef-c7479b7c14e1@group-A1B1A31B5F97-LeaderElection31] INFO  server.RaftServerConfigKeys (ConfUtils.java:logGet(46)) - raft.server.write.byte-limit = 1024 M (=1073741824) (custom)
2023-09-28 13:00:10,593 [2e0a77eb-074a-4a54-81ef-c7479b7c14e1@group-A1B1A31B5F97-LeaderElection31] INFO  server.RaftServerConfigKeys (ConfUtils.java:logGet(46)) - raft.server.watch.timeout = 180s (custom)
2023-09-28 13:00:10,593 [2e0a77eb-074a-4a54-81ef-c7479b7c14e1@group-A1B1A31B5F97-LeaderElection31] INFO  server.RaftServerConfigKeys (ConfUtils.java:logGet(46)) - raft.server.watch.timeout.denomination = 1s (default)
2023-09-28 13:00:10,593 [2e0a77eb-074a-4a54-81ef-c7479b7c14e1@group-A1B1A31B5F97-LeaderElection31] INFO  server.RaftServerConfigKeys (ConfUtils.java:logGet(46)) - raft.server.watch.element-limit = 65536 (default)
2023-09-28 13:00:10,594 [2e0a77eb-074a-4a54-81ef-c7479b7c14e1@group-A1B1A31B5F97-LeaderElection31] INFO  server.RaftServerConfigKeys (ConfUtils.java:logGet(46)) - raft.server.write.element-limit = 1024 (custom)
2023-09-28 13:00:10,594 [2e0a77eb-074a-4a54-81ef-c7479b7c14e1@group-A1B1A31B5F97-LeaderElection31] INFO  server.RaftServerConfigKeys (ConfUtils.java:logGet(46)) - raft.server.write.follower.gap.ratio.max = -1.0 (default)
2023-09-28 13:00:10,594 [2e0a77eb-074a-4a54-81ef-c7479b7c14e1@group-A1B1A31B5F97-LeaderElection31] INFO  server.RaftServerConfigKeys (ConfUtils.java:logGet(46)) - raft.server.log.appender.snapshot.chunk.size.max = 16MB (=16777216) (default)
2023-09-28 13:00:10,594 [2e0a77eb-074a-4a54-81ef-c7479b7c14e1@group-A1B1A31B5F97-LeaderElection31] INFO  server.RaftServerConfigKeys (ConfUtils.java:logGet(46)) - raft.server.log.appender.buffer.byte-limit = 33554432 (custom)
2023-09-28 13:00:10,594 [2e0a77eb-074a-4a54-81ef-c7479b7c14e1@group-A1B1A31B5F97-LeaderElection31] INFO  server.RaftServerConfigKeys (ConfUtils.java:logGet(46)) - raft.server.log.appender.buffer.element-limit = 1 (custom)
2023-09-28 13:00:10,594 [2e0a77eb-074a-4a54-81ef-c7479b7c14e1@group-A1B1A31B5F97-LeaderElection31] INFO  server.RaftServerConfigKeys (ConfUtils.java:logGet(46)) - raft.server.log.appender.wait-time.min = 10ms (default)
2023-09-28 13:00:10,594 [2e0a77eb-074a-4a54-81ef-c7479b7c14e1@group-A1B1A31B5F97-LeaderElection31] INFO  grpc.GrpcConfigKeys (ConfUtils.java:logGet(46)) - raft.grpc.server.leader.outstanding.appends.max = 128 (default)
2023-09-28 13:00:10,594 [2e0a77eb-074a-4a54-81ef-c7479b7c14e1@group-A1B1A31B5F97-LeaderElection31] INFO  server.RaftServerConfigKeys (ConfUtils.java:logGet(46)) - raft.server.rpc.request.timeout = 60s (custom)
2023-09-28 13:00:10,594 [2e0a77eb-074a-4a54-81ef-c7479b7c14e1@group-A1B1A31B5F97-LeaderElection31] INFO  grpc.GrpcConfigKeys (ConfUtils.java:logGet(46)) - raft.grpc.server.install_snapshot.request.element-limit = 8 (default)
2023-09-28 13:00:10,594 [2e0a77eb-074a-4a54-81ef-c7479b7c14e1@group-A1B1A31B5F97-LeaderElection31] INFO  grpc.GrpcConfigKeys (ConfUtils.java:logGet(46)) - raft.grpc.server.install_snapshot.request.timeout = 3000ms (default)
2023-09-28 13:00:10,594 [2e0a77eb-074a-4a54-81ef-c7479b7c14e1@group-A1B1A31B5F97-LeaderElection31] INFO  server.RaftServerConfigKeys (ConfUtils.java:logGet(46)) - raft.server.log.appender.install.snapshot.enabled = false (custom)
2023-09-28 13:00:10,595 [2e0a77eb-074a-4a54-81ef-c7479b7c14e1@group-A1B1A31B5F97-LeaderElection31] INFO  grpc.GrpcConfigKeys (ConfUtils.java:logGet(46)) - raft.grpc.server.heartbeat.channel = true (default)
2023-09-28 13:00:10,595 [2e0a77eb-074a-4a54-81ef-c7479b7c14e1@group-A1B1A31B5F97-LeaderElection31] INFO  server.RaftServerConfigKeys (ConfUtils.java:logGet(46)) - raft.server.log.appender.snapshot.chunk.size.max = 16MB (=16777216) (default)
2023-09-28 13:00:10,595 [2e0a77eb-074a-4a54-81ef-c7479b7c14e1@group-A1B1A31B5F97-LeaderElection31] INFO  server.RaftServerConfigKeys (ConfUtils.java:logGet(46)) - raft.server.log.appender.buffer.byte-limit = 33554432 (custom)
2023-09-28 13:00:10,595 [2e0a77eb-074a-4a54-81ef-c7479b7c14e1@group-A1B1A31B5F97-LeaderElection31] INFO  server.RaftServerConfigKeys (ConfUtils.java:logGet(46)) - raft.server.log.appender.buffer.element-limit = 1 (custom)
2023-09-28 13:00:10,595 [2e0a77eb-074a-4a54-81ef-c7479b7c14e1@group-A1B1A31B5F97-LeaderElection31] INFO  server.RaftServerConfigKeys (ConfUtils.java:logGet(46)) - raft.server.log.appender.wait-time.min = 10ms (default)
2023-09-28 13:00:10,595 [2e0a77eb-074a-4a54-81ef-c7479b7c14e1@group-A1B1A31B5F97-LeaderElection31] INFO  grpc.GrpcConfigKeys (ConfUtils.java:logGet(46)) - raft.grpc.server.leader.outstanding.appends.max = 128 (default)
2023-09-28 13:00:10,595 [2e0a77eb-074a-4a54-81ef-c7479b7c14e1@group-A1B1A31B5F97-LeaderElection31] INFO  server.RaftServerConfigKeys (ConfUtils.java:logGet(46)) - raft.server.rpc.request.timeout = 60s (custom)
2023-09-28 13:00:10,595 [2e0a77eb-074a-4a54-81ef-c7479b7c14e1@group-A1B1A31B5F97-LeaderElection31] INFO  grpc.GrpcConfigKeys (ConfUtils.java:logGet(46)) - raft.grpc.server.install_snapshot.request.element-limit = 8 (default)
2023-09-28 13:00:10,595 [2e0a77eb-074a-4a54-81ef-c7479b7c14e1@group-A1B1A31B5F97-LeaderElection31] INFO  grpc.GrpcConfigKeys (ConfUtils.java:logGet(46)) - raft.grpc.server.install_snapshot.request.timeout = 3000ms (default)
2023-09-28 13:00:10,595 [2e0a77eb-074a-4a54-81ef-c7479b7c14e1@group-A1B1A31B5F97-LeaderElection31] INFO  server.RaftServerConfigKeys (ConfUtils.java:logGet(46)) - raft.server.log.appender.install.snapshot.enabled = false (custom)
2023-09-28 13:00:10,596 [2e0a77eb-074a-4a54-81ef-c7479b7c14e1@group-A1B1A31B5F97-LeaderElection31] INFO  grpc.GrpcConfigKeys (ConfUtils.java:logGet(46)) - raft.grpc.server.heartbeat.channel = true (default)
2023-09-28 13:00:10,596 [2e0a77eb-074a-4a54-81ef-c7479b7c14e1@group-A1B1A31B5F97-LeaderElection31] INFO  impl.RoleInfo (RoleInfo.java:updateAndGet(139)) - 2e0a77eb-074a-4a54-81ef-c7479b7c14e1: start 2e0a77eb-074a-4a54-81ef-c7479b7c14e1@group-A1B1A31B5F97-LeaderStateImpl
2023-09-28 13:00:10,596 [2e0a77eb-074a-4a54-81ef-c7479b7c14e1@group-A1B1A31B5F97-LeaderElection31] INFO  segmented.SegmentedRaftLogWorker (SegmentedRaftLogWorker.java:startLogSegment(447)) - 2e0a77eb-074a-4a54-81ef-c7479b7c14e1@group-A1B1A31B5F97-SegmentedRaftLogWorker: Starting segment from index:0
2023-09-28 13:00:10,600 [EventQueue-PipelineReportForPipelineReportHandler] INFO  pipeline.PipelineReportHandler (PipelineReportHandler.java:processPipelineReport(136)) - Opened pipeline PipelineID=f961854f-942d-4e10-bedd-a1b1a31b5f97
2023-09-28 13:00:10,606 [2e0a77eb-074a-4a54-81ef-c7479b7c14e1@group-A1B1A31B5F97-SegmentedRaftLogWorker] INFO  segmented.SegmentedRaftLogWorker (SegmentedRaftLogWorker.java:execute(651)) - 2e0a77eb-074a-4a54-81ef-c7479b7c14e1@group-A1B1A31B5F97-SegmentedRaftLogWorker: created new log segment /home/runner/work/ozone/ozone/hadoop-ozone/integration-test/target/test-dir/MiniOzoneClusterImpl-1398513c-1ad7-449a-9b84-f90cd6748766/datanode-2/data/ratis/f961854f-942d-4e10-bedd-a1b1a31b5f97/current/log_inprogress_0
2023-09-28 13:00:10,614 [2e0a77eb-074a-4a54-81ef-c7479b7c14e1@group-A1B1A31B5F97-LeaderElection31] INFO  server.RaftServer$Division (ServerState.java:setRaftConf(434)) - 2e0a77eb-074a-4a54-81ef-c7479b7c14e1@group-A1B1A31B5F97: set configuration 0: peers:[1544e7f7-fd3f-4574-a78e-ef52e31146de|rpc:10.1.0.34:15173|admin:10.1.0.34:15172|client:10.1.0.34:15171|dataStream:10.1.0.34:15174|priority:0|startupRole:FOLLOWER, 1f3e3681-2cc0-4f79-8587-08300d65d237|rpc:10.1.0.34:15182|admin:10.1.0.34:15181|client:10.1.0.34:15180|dataStream:10.1.0.34:15183|priority:0|startupRole:FOLLOWER, 2e0a77eb-074a-4a54-81ef-c7479b7c14e1|rpc:10.1.0.34:15191|admin:10.1.0.34:15190|client:10.1.0.34:15189|dataStream:10.1.0.34:15192|priority:1|startupRole:FOLLOWER]|listeners:[], old=null
2023-09-28 13:00:10,621 [1544e7f7-fd3f-4574-a78e-ef52e31146de-server-thread1] INFO  ratis.XceiverServerRatis (XceiverServerRatis.java:handleLeaderChangedNotification(902)) - Leader change notification received for group: group-A1B1A31B5F97 with new leaderId: 2e0a77eb-074a-4a54-81ef-c7479b7c14e1
2023-09-28 13:00:10,622 [1544e7f7-fd3f-4574-a78e-ef52e31146de-server-thread1] INFO  server.RaftServer$Division (ServerState.java:setLeader(317)) - 1544e7f7-fd3f-4574-a78e-ef52e31146de@group-A1B1A31B5F97: change Leader from null to 2e0a77eb-074a-4a54-81ef-c7479b7c14e1 at term 1 for appendEntries, leader elected after 5231ms
2023-09-28 13:00:10,626 [IPC Server handler 4 on default port 15160] INFO  ha.SequenceIdGenerator (SequenceIdGenerator.java:getNextId(140)) - Allocate a batch for containerId, change lastId from 0 to 1000.
2023-09-28 13:00:10,627 [IPC Server handler 4 on default port 15160] WARN  ha.SequenceIdGenerator (SequenceIdGenerator.java:allocateBatch(253)) - Failed to allocate a batch for localId, expected lastId is 0, actual lastId is 111677748019200000.
2023-09-28 13:00:10,627 [IPC Server handler 4 on default port 15160] INFO  ha.SequenceIdGenerator (SequenceIdGenerator.java:getNextId(140)) - Allocate a batch for localId, change lastId from 111677748019200000 to 111677748019201000.
2023-09-28 13:00:10,639 [1f3e3681-2cc0-4f79-8587-08300d65d237-server-thread1] INFO  ratis.XceiverServerRatis (XceiverServerRatis.java:handleLeaderChangedNotification(902)) - Leader change notification received for group: group-A1B1A31B5F97 with new leaderId: 2e0a77eb-074a-4a54-81ef-c7479b7c14e1
2023-09-28 13:00:10,639 [1f3e3681-2cc0-4f79-8587-08300d65d237-server-thread1] INFO  server.RaftServer$Division (ServerState.java:setLeader(317)) - 1f3e3681-2cc0-4f79-8587-08300d65d237@group-A1B1A31B5F97: change Leader from null to 2e0a77eb-074a-4a54-81ef-c7479b7c14e1 at term 1 for appendEntries, leader elected after 5216ms
2023-09-28 13:00:10,642 [1f3e3681-2cc0-4f79-8587-08300d65d237-server-thread1] INFO  server.RaftServer$Division (ServerState.java:setRaftConf(434)) - 1f3e3681-2cc0-4f79-8587-08300d65d237@group-A1B1A31B5F97: set configuration 0: peers:[1544e7f7-fd3f-4574-a78e-ef52e31146de|rpc:10.1.0.34:15173|admin:10.1.0.34:15172|client:10.1.0.34:15171|dataStream:10.1.0.34:15174|priority:0|startupRole:FOLLOWER, 1f3e3681-2cc0-4f79-8587-08300d65d237|rpc:10.1.0.34:15182|admin:10.1.0.34:15181|client:10.1.0.34:15180|dataStream:10.1.0.34:15183|priority:0|startupRole:FOLLOWER, 2e0a77eb-074a-4a54-81ef-c7479b7c14e1|rpc:10.1.0.34:15191|admin:10.1.0.34:15190|client:10.1.0.34:15189|dataStream:10.1.0.34:15192|priority:1|startupRole:FOLLOWER]|listeners:[], old=null
2023-09-28 13:00:10,642 [1f3e3681-2cc0-4f79-8587-08300d65d237-server-thread1] INFO  segmented.SegmentedRaftLogWorker (SegmentedRaftLogWorker.java:startLogSegment(447)) - 1f3e3681-2cc0-4f79-8587-08300d65d237@group-A1B1A31B5F97-SegmentedRaftLogWorker: Starting segment from index:0
2023-09-28 13:00:10,645 [1544e7f7-fd3f-4574-a78e-ef52e31146de-server-thread1] INFO  server.RaftServer$Division (ServerState.java:setRaftConf(434)) - 1544e7f7-fd3f-4574-a78e-ef52e31146de@group-A1B1A31B5F97: set configuration 0: peers:[1544e7f7-fd3f-4574-a78e-ef52e31146de|rpc:10.1.0.34:15173|admin:10.1.0.34:15172|client:10.1.0.34:15171|dataStream:10.1.0.34:15174|priority:0|startupRole:FOLLOWER, 1f3e3681-2cc0-4f79-8587-08300d65d237|rpc:10.1.0.34:15182|admin:10.1.0.34:15181|client:10.1.0.34:15180|dataStream:10.1.0.34:15183|priority:0|startupRole:FOLLOWER, 2e0a77eb-074a-4a54-81ef-c7479b7c14e1|rpc:10.1.0.34:15191|admin:10.1.0.34:15190|client:10.1.0.34:15189|dataStream:10.1.0.34:15192|priority:1|startupRole:FOLLOWER]|listeners:[], old=null
2023-09-28 13:00:10,645 [1544e7f7-fd3f-4574-a78e-ef52e31146de-server-thread1] INFO  segmented.SegmentedRaftLogWorker (SegmentedRaftLogWorker.java:startLogSegment(447)) - 1544e7f7-fd3f-4574-a78e-ef52e31146de@group-A1B1A31B5F97-SegmentedRaftLogWorker: Starting segment from index:0
2023-09-28 13:00:10,647 [1544e7f7-fd3f-4574-a78e-ef52e31146de@group-A1B1A31B5F97-SegmentedRaftLogWorker] INFO  segmented.SegmentedRaftLogWorker (SegmentedRaftLogWorker.java:execute(651)) - 1544e7f7-fd3f-4574-a78e-ef52e31146de@group-A1B1A31B5F97-SegmentedRaftLogWorker: created new log segment /home/runner/work/ozone/ozone/hadoop-ozone/integration-test/target/test-dir/MiniOzoneClusterImpl-1398513c-1ad7-449a-9b84-f90cd6748766/datanode-0/data/ratis/f961854f-942d-4e10-bedd-a1b1a31b5f97/current/log_inprogress_0
2023-09-28 13:00:10,649 [1f3e3681-2cc0-4f79-8587-08300d65d237@group-A1B1A31B5F97-SegmentedRaftLogWorker] INFO  segmented.SegmentedRaftLogWorker (SegmentedRaftLogWorker.java:execute(651)) - 1f3e3681-2cc0-4f79-8587-08300d65d237@group-A1B1A31B5F97-SegmentedRaftLogWorker: created new log segment /home/runner/work/ozone/ozone/hadoop-ozone/integration-test/target/test-dir/MiniOzoneClusterImpl-1398513c-1ad7-449a-9b84-f90cd6748766/datanode-1/data/ratis/f961854f-942d-4e10-bedd-a1b1a31b5f97/current/log_inprogress_0
2023-09-28 13:00:10,695 [1f3e3681-2cc0-4f79-8587-08300d65d237@group-6260D8CBABB2-FollowerState] INFO  impl.FollowerState (FollowerState.java:run(143)) - 1f3e3681-2cc0-4f79-8587-08300d65d237@group-6260D8CBABB2-FollowerState: change to CANDIDATE, lastRpcElapsedTime:5077027872ns, electionTimeout:5076ms
2023-09-28 13:00:10,695 [1f3e3681-2cc0-4f79-8587-08300d65d237@group-6260D8CBABB2-FollowerState] INFO  impl.RoleInfo (RoleInfo.java:shutdownFollowerState(110)) - 1f3e3681-2cc0-4f79-8587-08300d65d237: shutdown 1f3e3681-2cc0-4f79-8587-08300d65d237@group-6260D8CBABB2-FollowerState
2023-09-28 13:00:10,695 [1f3e3681-2cc0-4f79-8587-08300d65d237@group-6260D8CBABB2-FollowerState] INFO  server.RaftServer$Division (RaftServerImpl.java:setRole(329)) - 1f3e3681-2cc0-4f79-8587-08300d65d237@group-6260D8CBABB2: changes role from  FOLLOWER to CANDIDATE at term 0 for changeToCandidate
2023-09-28 13:00:10,695 [1f3e3681-2cc0-4f79-8587-08300d65d237@group-6260D8CBABB2-FollowerState] INFO  server.RaftServerConfigKeys (ConfUtils.java:logGet(46)) - raft.server.leaderelection.pre-vote = true (default)
2023-09-28 13:00:10,695 [1f3e3681-2cc0-4f79-8587-08300d65d237@group-6260D8CBABB2-FollowerState] INFO  impl.RoleInfo (RoleInfo.java:updateAndGet(139)) - 1f3e3681-2cc0-4f79-8587-08300d65d237: start 1f3e3681-2cc0-4f79-8587-08300d65d237@group-6260D8CBABB2-LeaderElection32
2023-09-28 13:00:10,699 [1f3e3681-2cc0-4f79-8587-08300d65d237@group-6260D8CBABB2-LeaderElection32] INFO  impl.LeaderElection (LeaderElection.java:askForVotes(321)) - 1f3e3681-2cc0-4f79-8587-08300d65d237@group-6260D8CBABB2-LeaderElection32 PRE_VOTE round 0: submit vote requests at term 0 for -1: peers:[1f3e3681-2cc0-4f79-8587-08300d65d237|rpc:10.1.0.34:15182|admin:10.1.0.34:15181|client:10.1.0.34:15180|dataStream:10.1.0.34:15183|priority:1|startupRole:FOLLOWER]|listeners:[], old=null
2023-09-28 13:00:10,700 [1f3e3681-2cc0-4f79-8587-08300d65d237@group-6260D8CBABB2-LeaderElection32] INFO  impl.LeaderElection (LeaderElection.java:askForVotes(323)) - 1f3e3681-2cc0-4f79-8587-08300d65d237@group-6260D8CBABB2-LeaderElection32 PRE_VOTE round 0: result PASSED (term=0)
2023-09-28 13:00:10,701 [1f3e3681-2cc0-4f79-8587-08300d65d237@group-6260D8CBABB2-LeaderElection32] INFO  impl.LeaderElection (LeaderElection.java:askForVotes(321)) - 1f3e3681-2cc0-4f79-8587-08300d65d237@group-6260D8CBABB2-LeaderElection32 ELECTION round 0: submit vote requests at term 1 for -1: peers:[1f3e3681-2cc0-4f79-8587-08300d65d237|rpc:10.1.0.34:15182|admin:10.1.0.34:15181|client:10.1.0.34:15180|dataStream:10.1.0.34:15183|priority:1|startupRole:FOLLOWER]|listeners:[], old=null
2023-09-28 13:00:10,701 [1f3e3681-2cc0-4f79-8587-08300d65d237@group-6260D8CBABB2-LeaderElection32] INFO  impl.LeaderElection (LeaderElection.java:askForVotes(323)) - 1f3e3681-2cc0-4f79-8587-08300d65d237@group-6260D8CBABB2-LeaderElection32 ELECTION round 0: result PASSED (term=1)
2023-09-28 13:00:10,701 [1f3e3681-2cc0-4f79-8587-08300d65d237@group-6260D8CBABB2-LeaderElection32] INFO  impl.RoleInfo (RoleInfo.java:shutdownLeaderElection(130)) - 1f3e3681-2cc0-4f79-8587-08300d65d237: shutdown 1f3e3681-2cc0-4f79-8587-08300d65d237@group-6260D8CBABB2-LeaderElection32
2023-09-28 13:00:10,701 [1f3e3681-2cc0-4f79-8587-08300d65d237@group-6260D8CBABB2-LeaderElection32] INFO  server.RaftServer$Division (RaftServerImpl.java:setRole(329)) - 1f3e3681-2cc0-4f79-8587-08300d65d237@group-6260D8CBABB2: changes role from CANDIDATE to LEADER at term 1 for changeToLeader
2023-09-28 13:00:10,701 [1f3e3681-2cc0-4f79-8587-08300d65d237@group-6260D8CBABB2-LeaderElection32] INFO  ratis.XceiverServerRatis (XceiverServerRatis.java:handleLeaderChangedNotification(902)) - Leader change notification received for group: group-6260D8CBABB2 with new leaderId: 1f3e3681-2cc0-4f79-8587-08300d65d237
2023-09-28 13:00:10,702 [1f3e3681-2cc0-4f79-8587-08300d65d237@group-6260D8CBABB2-LeaderElection32] INFO  server.RaftServer$Division (ServerState.java:setLeader(317)) - 1f3e3681-2cc0-4f79-8587-08300d65d237@group-6260D8CBABB2: change Leader from null to 1f3e3681-2cc0-4f79-8587-08300d65d237 at term 1 for becomeLeader, leader elected after 5150ms
2023-09-28 13:00:10,702 [1f3e3681-2cc0-4f79-8587-08300d65d237@group-6260D8CBABB2-LeaderElection32] INFO  server.RaftServerConfigKeys (ConfUtils.java:logGet(46)) - raft.server.staging.catchup.gap = 1000 (default)
2023-09-28 13:00:10,702 [1f3e3681-2cc0-4f79-8587-08300d65d237@group-6260D8CBABB2-LeaderElection32] INFO  server.RaftServerConfigKeys (ConfUtils.java:logGet(46)) - raft.server.write.element-limit = 1024 (custom)
2023-09-28 13:00:10,702 [1f3e3681-2cc0-4f79-8587-08300d65d237@group-6260D8CBABB2-LeaderElection32] INFO  server.RaftServerConfigKeys (ConfUtils.java:logGet(46)) - raft.server.write.byte-limit = 1024 M (=1073741824) (custom)
2023-09-28 13:00:10,702 [1f3e3681-2cc0-4f79-8587-08300d65d237@group-6260D8CBABB2-LeaderElection32] INFO  server.RaftServerConfigKeys (ConfUtils.java:logGet(46)) - raft.server.watch.timeout = 180s (custom)
2023-09-28 13:00:10,702 [1f3e3681-2cc0-4f79-8587-08300d65d237@group-6260D8CBABB2-LeaderElection32] INFO  server.RaftServerConfigKeys (ConfUtils.java:logGet(46)) - raft.server.watch.timeout.denomination = 1s (default)
2023-09-28 13:00:10,703 [1f3e3681-2cc0-4f79-8587-08300d65d237@group-6260D8CBABB2-LeaderElection32] INFO  server.RaftServerConfigKeys (ConfUtils.java:logGet(46)) - raft.server.watch.element-limit = 65536 (default)
2023-09-28 13:00:10,703 [1f3e3681-2cc0-4f79-8587-08300d65d237@group-6260D8CBABB2-LeaderElection32] INFO  server.RaftServerConfigKeys (ConfUtils.java:logGet(46)) - raft.server.write.element-limit = 1024 (custom)
2023-09-28 13:00:10,703 [1f3e3681-2cc0-4f79-8587-08300d65d237@group-6260D8CBABB2-LeaderElection32] INFO  server.RaftServerConfigKeys (ConfUtils.java:logGet(46)) - raft.server.write.follower.gap.ratio.max = -1.0 (default)
2023-09-28 13:00:10,703 [1f3e3681-2cc0-4f79-8587-08300d65d237@group-6260D8CBABB2-LeaderElection32] INFO  impl.RoleInfo (RoleInfo.java:updateAndGet(139)) - 1f3e3681-2cc0-4f79-8587-08300d65d237: start 1f3e3681-2cc0-4f79-8587-08300d65d237@group-6260D8CBABB2-LeaderStateImpl
2023-09-28 13:00:10,703 [1f3e3681-2cc0-4f79-8587-08300d65d237@group-6260D8CBABB2-LeaderElection32] INFO  segmented.SegmentedRaftLogWorker (SegmentedRaftLogWorker.java:startLogSegment(447)) - 1f3e3681-2cc0-4f79-8587-08300d65d237@group-6260D8CBABB2-SegmentedRaftLogWorker: Starting segment from index:0
2023-09-28 13:00:10,710 [1f3e3681-2cc0-4f79-8587-08300d65d237@group-6260D8CBABB2-LeaderElection32] INFO  server.RaftServer$Division (ServerState.java:setRaftConf(434)) - 1f3e3681-2cc0-4f79-8587-08300d65d237@group-6260D8CBABB2: set configuration 0: peers:[1f3e3681-2cc0-4f79-8587-08300d65d237|rpc:10.1.0.34:15182|admin:10.1.0.34:15181|client:10.1.0.34:15180|dataStream:10.1.0.34:15183|priority:1|startupRole:FOLLOWER]|listeners:[], old=null
2023-09-28 13:00:10,712 [1f3e3681-2cc0-4f79-8587-08300d65d237@group-6260D8CBABB2-SegmentedRaftLogWorker] INFO  segmented.SegmentedRaftLogWorker (SegmentedRaftLogWorker.java:execute(651)) - 1f3e3681-2cc0-4f79-8587-08300d65d237@group-6260D8CBABB2-SegmentedRaftLogWorker: created new log segment /home/runner/work/ozone/ozone/hadoop-ozone/integration-test/target/test-dir/MiniOzoneClusterImpl-1398513c-1ad7-449a-9b84-f90cd6748766/datanode-1/data/ratis/b64318c8-9d08-48b1-a3ec-6260d8cbabb2/current/log_inprogress_0
2023-09-28 13:00:10,959 [2e0a77eb-074a-4a54-81ef-c7479b7c14e1@group-C5B75029DACF-FollowerState] INFO  impl.FollowerState (FollowerState.java:run(143)) - 2e0a77eb-074a-4a54-81ef-c7479b7c14e1@group-C5B75029DACF-FollowerState: change to CANDIDATE, lastRpcElapsedTime:5058676331ns, electionTimeout:5058ms
2023-09-28 13:00:10,959 [2e0a77eb-074a-4a54-81ef-c7479b7c14e1@group-C5B75029DACF-FollowerState] INFO  impl.RoleInfo (RoleInfo.java:shutdownFollowerState(110)) - 2e0a77eb-074a-4a54-81ef-c7479b7c14e1: shutdown 2e0a77eb-074a-4a54-81ef-c7479b7c14e1@group-C5B75029DACF-FollowerState
2023-09-28 13:00:10,959 [2e0a77eb-074a-4a54-81ef-c7479b7c14e1@group-C5B75029DACF-FollowerState] INFO  server.RaftServer$Division (RaftServerImpl.java:setRole(329)) - 2e0a77eb-074a-4a54-81ef-c7479b7c14e1@group-C5B75029DACF: changes role from  FOLLOWER to CANDIDATE at term 0 for changeToCandidate
2023-09-28 13:00:10,959 [2e0a77eb-074a-4a54-81ef-c7479b7c14e1@group-C5B75029DACF-FollowerState] INFO  server.RaftServerConfigKeys (ConfUtils.java:logGet(46)) - raft.server.leaderelection.pre-vote = true (default)
2023-09-28 13:00:10,959 [2e0a77eb-074a-4a54-81ef-c7479b7c14e1@group-C5B75029DACF-FollowerState] INFO  impl.RoleInfo (RoleInfo.java:updateAndGet(139)) - 2e0a77eb-074a-4a54-81ef-c7479b7c14e1: start 2e0a77eb-074a-4a54-81ef-c7479b7c14e1@group-C5B75029DACF-LeaderElection33
2023-09-28 13:00:10,962 [2e0a77eb-074a-4a54-81ef-c7479b7c14e1@group-C5B75029DACF-LeaderElection33] INFO  impl.LeaderElection (LeaderElection.java:askForVotes(321)) - 2e0a77eb-074a-4a54-81ef-c7479b7c14e1@group-C5B75029DACF-LeaderElection33 PRE_VOTE round 0: submit vote requests at term 0 for -1: peers:[2e0a77eb-074a-4a54-81ef-c7479b7c14e1|rpc:10.1.0.34:15191|admin:10.1.0.34:15190|client:10.1.0.34:15189|dataStream:10.1.0.34:15192|priority:1|startupRole:FOLLOWER]|listeners:[], old=null
2023-09-28 13:00:10,962 [2e0a77eb-074a-4a54-81ef-c7479b7c14e1@group-C5B75029DACF-LeaderElection33] INFO  impl.LeaderElection (LeaderElection.java:askForVotes(323)) - 2e0a77eb-074a-4a54-81ef-c7479b7c14e1@group-C5B75029DACF-LeaderElection33 PRE_VOTE round 0: result PASSED (term=0)
2023-09-28 13:00:10,964 [2e0a77eb-074a-4a54-81ef-c7479b7c14e1@group-C5B75029DACF-LeaderElection33] INFO  impl.LeaderElection (LeaderElection.java:askForVotes(321)) - 2e0a77eb-074a-4a54-81ef-c7479b7c14e1@group-C5B75029DACF-LeaderElection33 ELECTION round 0: submit vote requests at term 1 for -1: peers:[2e0a77eb-074a-4a54-81ef-c7479b7c14e1|rpc:10.1.0.34:15191|admin:10.1.0.34:15190|client:10.1.0.34:15189|dataStream:10.1.0.34:15192|priority:1|startupRole:FOLLOWER]|listeners:[], old=null
2023-09-28 13:00:10,964 [2e0a77eb-074a-4a54-81ef-c7479b7c14e1@group-C5B75029DACF-LeaderElection33] INFO  impl.LeaderElection (LeaderElection.java:askForVotes(323)) - 2e0a77eb-074a-4a54-81ef-c7479b7c14e1@group-C5B75029DACF-LeaderElection33 ELECTION round 0: result PASSED (term=1)
2023-09-28 13:00:10,964 [2e0a77eb-074a-4a54-81ef-c7479b7c14e1@group-C5B75029DACF-LeaderElection33] INFO  impl.RoleInfo (RoleInfo.java:shutdownLeaderElection(130)) - 2e0a77eb-074a-4a54-81ef-c7479b7c14e1: shutdown 2e0a77eb-074a-4a54-81ef-c7479b7c14e1@group-C5B75029DACF-LeaderElection33
2023-09-28 13:00:10,964 [2e0a77eb-074a-4a54-81ef-c7479b7c14e1@group-C5B75029DACF-LeaderElection33] INFO  server.RaftServer$Division (RaftServerImpl.java:setRole(329)) - 2e0a77eb-074a-4a54-81ef-c7479b7c14e1@group-C5B75029DACF: changes role from CANDIDATE to LEADER at term 1 for changeToLeader
2023-09-28 13:00:10,964 [2e0a77eb-074a-4a54-81ef-c7479b7c14e1@group-C5B75029DACF-LeaderElection33] INFO  ratis.XceiverServerRatis (XceiverServerRatis.java:handleLeaderChangedNotification(902)) - Leader change notification received for group: group-C5B75029DACF with new leaderId: 2e0a77eb-074a-4a54-81ef-c7479b7c14e1
2023-09-28 13:00:10,964 [2e0a77eb-074a-4a54-81ef-c7479b7c14e1@group-C5B75029DACF-LeaderElection33] INFO  server.RaftServer$Division (ServerState.java:setLeader(317)) - 2e0a77eb-074a-4a54-81ef-c7479b7c14e1@group-C5B75029DACF: change Leader from null to 2e0a77eb-074a-4a54-81ef-c7479b7c14e1 at term 1 for becomeLeader, leader elected after 5078ms
2023-09-28 13:00:10,964 [2e0a77eb-074a-4a54-81ef-c7479b7c14e1@group-C5B75029DACF-LeaderElection33] INFO  server.RaftServerConfigKeys (ConfUtils.java:logGet(46)) - raft.server.staging.catchup.gap = 1000 (default)
2023-09-28 13:00:10,965 [2e0a77eb-074a-4a54-81ef-c7479b7c14e1@group-C5B75029DACF-LeaderElection33] INFO  server.RaftServerConfigKeys (ConfUtils.java:logGet(46)) - raft.server.write.element-limit = 1024 (custom)
2023-09-28 13:00:10,965 [2e0a77eb-074a-4a54-81ef-c7479b7c14e1@group-C5B75029DACF-LeaderElection33] INFO  server.RaftServerConfigKeys (ConfUtils.java:logGet(46)) - raft.server.write.byte-limit = 1024 M (=1073741824) (custom)
2023-09-28 13:00:10,966 [2e0a77eb-074a-4a54-81ef-c7479b7c14e1@group-C5B75029DACF-LeaderElection33] INFO  server.RaftServerConfigKeys (ConfUtils.java:logGet(46)) - raft.server.watch.timeout = 180s (custom)
2023-09-28 13:00:10,966 [2e0a77eb-074a-4a54-81ef-c7479b7c14e1@group-C5B75029DACF-LeaderElection33] INFO  server.RaftServerConfigKeys (ConfUtils.java:logGet(46)) - raft.server.watch.timeout.denomination = 1s (default)
2023-09-28 13:00:10,966 [2e0a77eb-074a-4a54-81ef-c7479b7c14e1@group-C5B75029DACF-LeaderElection33] INFO  server.RaftServerConfigKeys (ConfUtils.java:logGet(46)) - raft.server.watch.element-limit = 65536 (default)
2023-09-28 13:00:10,966 [2e0a77eb-074a-4a54-81ef-c7479b7c14e1@group-C5B75029DACF-LeaderElection33] INFO  server.RaftServerConfigKeys (ConfUtils.java:logGet(46)) - raft.server.write.element-limit = 1024 (custom)
2023-09-28 13:00:10,966 [2e0a77eb-074a-4a54-81ef-c7479b7c14e1@group-C5B75029DACF-LeaderElection33] INFO  server.RaftServerConfigKeys (ConfUtils.java:logGet(46)) - raft.server.write.follower.gap.ratio.max = -1.0 (default)
2023-09-28 13:00:10,966 [2e0a77eb-074a-4a54-81ef-c7479b7c14e1@group-C5B75029DACF-LeaderElection33] INFO  impl.RoleInfo (RoleInfo.java:updateAndGet(139)) - 2e0a77eb-074a-4a54-81ef-c7479b7c14e1: start 2e0a77eb-074a-4a54-81ef-c7479b7c14e1@group-C5B75029DACF-LeaderStateImpl
2023-09-28 13:00:10,966 [2e0a77eb-074a-4a54-81ef-c7479b7c14e1@group-C5B75029DACF-LeaderElection33] INFO  segmented.SegmentedRaftLogWorker (SegmentedRaftLogWorker.java:startLogSegment(447)) - 2e0a77eb-074a-4a54-81ef-c7479b7c14e1@group-C5B75029DACF-SegmentedRaftLogWorker: Starting segment from index:0
2023-09-28 13:00:10,966 [2e0a77eb-074a-4a54-81ef-c7479b7c14e1@group-C5B75029DACF-LeaderElection33] INFO  server.RaftServer$Division (ServerState.java:setRaftConf(434)) - 2e0a77eb-074a-4a54-81ef-c7479b7c14e1@group-C5B75029DACF: set configuration 0: peers:[2e0a77eb-074a-4a54-81ef-c7479b7c14e1|rpc:10.1.0.34:15191|admin:10.1.0.34:15190|client:10.1.0.34:15189|dataStream:10.1.0.34:15192|priority:1|startupRole:FOLLOWER]|listeners:[], old=null
2023-09-28 13:00:10,968 [2e0a77eb-074a-4a54-81ef-c7479b7c14e1@group-C5B75029DACF-SegmentedRaftLogWorker] INFO  segmented.SegmentedRaftLogWorker (SegmentedRaftLogWorker.java:execute(651)) - 2e0a77eb-074a-4a54-81ef-c7479b7c14e1@group-C5B75029DACF-SegmentedRaftLogWorker: created new log segment /home/runner/work/ozone/ozone/hadoop-ozone/integration-test/target/test-dir/MiniOzoneClusterImpl-1398513c-1ad7-449a-9b84-f90cd6748766/datanode-2/data/ratis/cef43674-5582-4cc7-aa9e-c5b75029dacf/current/log_inprogress_0
2023-09-28 13:00:11,327 [5aa6a13f-c826-4197-9c03-9c8133ccbb57@group-7ACC87B812B4-FollowerState] INFO  impl.FollowerState (FollowerState.java:run(143)) - 5aa6a13f-c826-4197-9c03-9c8133ccbb57@group-7ACC87B812B4-FollowerState: change to CANDIDATE, lastRpcElapsedTime:5124477472ns, electionTimeout:5124ms
2023-09-28 13:00:11,327 [5aa6a13f-c826-4197-9c03-9c8133ccbb57@group-7ACC87B812B4-FollowerState] INFO  impl.RoleInfo (RoleInfo.java:shutdownFollowerState(110)) - 5aa6a13f-c826-4197-9c03-9c8133ccbb57: shutdown 5aa6a13f-c826-4197-9c03-9c8133ccbb57@group-7ACC87B812B4-FollowerState
2023-09-28 13:00:11,327 [5aa6a13f-c826-4197-9c03-9c8133ccbb57@group-7ACC87B812B4-FollowerState] INFO  server.RaftServer$Division (RaftServerImpl.java:setRole(329)) - 5aa6a13f-c826-4197-9c03-9c8133ccbb57@group-7ACC87B812B4: changes role from  FOLLOWER to CANDIDATE at term 0 for changeToCandidate
2023-09-28 13:00:11,327 [5aa6a13f-c826-4197-9c03-9c8133ccbb57@group-7ACC87B812B4-FollowerState] INFO  server.RaftServerConfigKeys (ConfUtils.java:logGet(46)) - raft.server.leaderelection.pre-vote = true (default)
2023-09-28 13:00:11,327 [5aa6a13f-c826-4197-9c03-9c8133ccbb57@group-7ACC87B812B4-FollowerState] INFO  impl.RoleInfo (RoleInfo.java:updateAndGet(139)) - 5aa6a13f-c826-4197-9c03-9c8133ccbb57: start 5aa6a13f-c826-4197-9c03-9c8133ccbb57@group-7ACC87B812B4-LeaderElection34
2023-09-28 13:00:11,330 [5aa6a13f-c826-4197-9c03-9c8133ccbb57@group-7ACC87B812B4-LeaderElection34] INFO  impl.LeaderElection (LeaderElection.java:askForVotes(321)) - 5aa6a13f-c826-4197-9c03-9c8133ccbb57@group-7ACC87B812B4-LeaderElection34 PRE_VOTE round 0: submit vote requests at term 0 for -1: peers:[5aa6a13f-c826-4197-9c03-9c8133ccbb57|rpc:10.1.0.34:15200|admin:10.1.0.34:15199|client:10.1.0.34:15198|dataStream:10.1.0.34:15201|priority:1|startupRole:FOLLOWER]|listeners:[], old=null
2023-09-28 13:00:11,330 [5aa6a13f-c826-4197-9c03-9c8133ccbb57@group-7ACC87B812B4-LeaderElection34] INFO  impl.LeaderElection (LeaderElection.java:askForVotes(323)) - 5aa6a13f-c826-4197-9c03-9c8133ccbb57@group-7ACC87B812B4-LeaderElection34 PRE_VOTE round 0: result PASSED (term=0)
2023-09-28 13:00:11,332 [5aa6a13f-c826-4197-9c03-9c8133ccbb57@group-7ACC87B812B4-LeaderElection34] INFO  impl.LeaderElection (LeaderElection.java:askForVotes(321)) - 5aa6a13f-c826-4197-9c03-9c8133ccbb57@group-7ACC87B812B4-LeaderElection34 ELECTION round 0: submit vote requests at term 1 for -1: peers:[5aa6a13f-c826-4197-9c03-9c8133ccbb57|rpc:10.1.0.34:15200|admin:10.1.0.34:15199|client:10.1.0.34:15198|dataStream:10.1.0.34:15201|priority:1|startupRole:FOLLOWER]|listeners:[], old=null
2023-09-28 13:00:11,332 [5aa6a13f-c826-4197-9c03-9c8133ccbb57@group-7ACC87B812B4-LeaderElection34] INFO  impl.LeaderElection (LeaderElection.java:askForVotes(323)) - 5aa6a13f-c826-4197-9c03-9c8133ccbb57@group-7ACC87B812B4-LeaderElection34 ELECTION round 0: result PASSED (term=1)
2023-09-28 13:00:11,332 [5aa6a13f-c826-4197-9c03-9c8133ccbb57@group-7ACC87B812B4-LeaderElection34] INFO  impl.RoleInfo (RoleInfo.java:shutdownLeaderElection(130)) - 5aa6a13f-c826-4197-9c03-9c8133ccbb57: shutdown 5aa6a13f-c826-4197-9c03-9c8133ccbb57@group-7ACC87B812B4-LeaderElection34
2023-09-28 13:00:11,332 [5aa6a13f-c826-4197-9c03-9c8133ccbb57@group-7ACC87B812B4-LeaderElection34] INFO  server.RaftServer$Division (RaftServerImpl.java:setRole(329)) - 5aa6a13f-c826-4197-9c03-9c8133ccbb57@group-7ACC87B812B4: changes role from CANDIDATE to LEADER at term 1 for changeToLeader
2023-09-28 13:00:11,332 [5aa6a13f-c826-4197-9c03-9c8133ccbb57@group-7ACC87B812B4-LeaderElection34] INFO  ratis.XceiverServerRatis (XceiverServerRatis.java:handleLeaderChangedNotification(902)) - Leader change notification received for group: group-7ACC87B812B4 with new leaderId: 5aa6a13f-c826-4197-9c03-9c8133ccbb57
2023-09-28 13:00:11,332 [5aa6a13f-c826-4197-9c03-9c8133ccbb57@group-7ACC87B812B4-LeaderElection34] INFO  server.RaftServer$Division (ServerState.java:setLeader(317)) - 5aa6a13f-c826-4197-9c03-9c8133ccbb57@group-7ACC87B812B4: change Leader from null to 5aa6a13f-c826-4197-9c03-9c8133ccbb57 at term 1 for becomeLeader, leader elected after 5143ms
2023-09-28 13:00:11,332 [5aa6a13f-c826-4197-9c03-9c8133ccbb57@group-7ACC87B812B4-LeaderElection34] INFO  server.RaftServerConfigKeys (ConfUtils.java:logGet(46)) - raft.server.staging.catchup.gap = 1000 (default)
2023-09-28 13:00:11,335 [5aa6a13f-c826-4197-9c03-9c8133ccbb57@group-7ACC87B812B4-LeaderElection34] INFO  server.RaftServerConfigKeys (ConfUtils.java:logGet(46)) - raft.server.write.element-limit = 1024 (custom)
2023-09-28 13:00:11,335 [5aa6a13f-c826-4197-9c03-9c8133ccbb57@group-7ACC87B812B4-LeaderElection34] INFO  server.RaftServerConfigKeys (ConfUtils.java:logGet(46)) - raft.server.write.byte-limit = 1024 M (=1073741824) (custom)
2023-09-28 13:00:11,335 [5aa6a13f-c826-4197-9c03-9c8133ccbb57@group-7ACC87B812B4-LeaderElection34] INFO  server.RaftServerConfigKeys (ConfUtils.java:logGet(46)) - raft.server.watch.timeout = 180s (custom)
2023-09-28 13:00:11,335 [5aa6a13f-c826-4197-9c03-9c8133ccbb57@group-7ACC87B812B4-LeaderElection34] INFO  server.RaftServerConfigKeys (ConfUtils.java:logGet(46)) - raft.server.watch.timeout.denomination = 1s (default)
2023-09-28 13:00:11,335 [5aa6a13f-c826-4197-9c03-9c8133ccbb57@group-7ACC87B812B4-LeaderElection34] INFO  server.RaftServerConfigKeys (ConfUtils.java:logGet(46)) - raft.server.watch.element-limit = 65536 (default)
2023-09-28 13:00:11,335 [5aa6a13f-c826-4197-9c03-9c8133ccbb57@group-7ACC87B812B4-LeaderElection34] INFO  server.RaftServerConfigKeys (ConfUtils.java:logGet(46)) - raft.server.write.element-limit = 1024 (custom)
2023-09-28 13:00:11,335 [5aa6a13f-c826-4197-9c03-9c8133ccbb57@group-7ACC87B812B4-LeaderElection34] INFO  server.RaftServerConfigKeys (ConfUtils.java:logGet(46)) - raft.server.write.follower.gap.ratio.max = -1.0 (default)
2023-09-28 13:00:11,335 [5aa6a13f-c826-4197-9c03-9c8133ccbb57@group-7ACC87B812B4-LeaderElection34] INFO  impl.RoleInfo (RoleInfo.java:updateAndGet(139)) - 5aa6a13f-c826-4197-9c03-9c8133ccbb57: start 5aa6a13f-c826-4197-9c03-9c8133ccbb57@group-7ACC87B812B4-LeaderStateImpl
2023-09-28 13:00:11,336 [5aa6a13f-c826-4197-9c03-9c8133ccbb57@group-7ACC87B812B4-LeaderElection34] INFO  segmented.SegmentedRaftLogWorker (SegmentedRaftLogWorker.java:startLogSegment(447)) - 5aa6a13f-c826-4197-9c03-9c8133ccbb57@group-7ACC87B812B4-SegmentedRaftLogWorker: Starting segment from index:0
2023-09-28 13:00:11,336 [5aa6a13f-c826-4197-9c03-9c8133ccbb57@group-7ACC87B812B4-LeaderElection34] INFO  server.RaftServer$Division (ServerState.java:setRaftConf(434)) - 5aa6a13f-c826-4197-9c03-9c8133ccbb57@group-7ACC87B812B4: set configuration 0: peers:[5aa6a13f-c826-4197-9c03-9c8133ccbb57|rpc:10.1.0.34:15200|admin:10.1.0.34:15199|client:10.1.0.34:15198|dataStream:10.1.0.34:15201|priority:1|startupRole:FOLLOWER]|listeners:[], old=null
2023-09-28 13:00:11,347 [5aa6a13f-c826-4197-9c03-9c8133ccbb57@group-7ACC87B812B4-SegmentedRaftLogWorker] INFO  segmented.SegmentedRaftLogWorker (SegmentedRaftLogWorker.java:execute(651)) - 5aa6a13f-c826-4197-9c03-9c8133ccbb57@group-7ACC87B812B4-SegmentedRaftLogWorker: created new log segment /home/runner/work/ozone/ozone/hadoop-ozone/integration-test/target/test-dir/MiniOzoneClusterImpl-1398513c-1ad7-449a-9b84-f90cd6748766/datanode-3/data/ratis/0459c6d0-1f27-43b1-95de-7acc87b812b4/current/log_inprogress_0
2023-09-28 13:00:11,686 [924326bc-ac30-411c-a350-30e2822afeed@group-D91864A4BD58-FollowerState] INFO  impl.FollowerState (FollowerState.java:run(143)) - 924326bc-ac30-411c-a350-30e2822afeed@group-D91864A4BD58-FollowerState: change to CANDIDATE, lastRpcElapsedTime:5162626389ns, electionTimeout:5162ms
2023-09-28 13:00:11,687 [924326bc-ac30-411c-a350-30e2822afeed@group-D91864A4BD58-FollowerState] INFO  impl.RoleInfo (RoleInfo.java:shutdownFollowerState(110)) - 924326bc-ac30-411c-a350-30e2822afeed: shutdown 924326bc-ac30-411c-a350-30e2822afeed@group-D91864A4BD58-FollowerState
2023-09-28 13:00:11,687 [924326bc-ac30-411c-a350-30e2822afeed@group-D91864A4BD58-FollowerState] INFO  server.RaftServer$Division (RaftServerImpl.java:setRole(329)) - 924326bc-ac30-411c-a350-30e2822afeed@group-D91864A4BD58: changes role from  FOLLOWER to CANDIDATE at term 0 for changeToCandidate
2023-09-28 13:00:11,687 [924326bc-ac30-411c-a350-30e2822afeed@group-D91864A4BD58-FollowerState] INFO  server.RaftServerConfigKeys (ConfUtils.java:logGet(46)) - raft.server.leaderelection.pre-vote = true (default)
2023-09-28 13:00:11,687 [924326bc-ac30-411c-a350-30e2822afeed@group-D91864A4BD58-FollowerState] INFO  impl.RoleInfo (RoleInfo.java:updateAndGet(139)) - 924326bc-ac30-411c-a350-30e2822afeed: start 924326bc-ac30-411c-a350-30e2822afeed@group-D91864A4BD58-LeaderElection35
2023-09-28 13:00:11,691 [924326bc-ac30-411c-a350-30e2822afeed@group-D91864A4BD58-LeaderElection35] INFO  impl.LeaderElection (LeaderElection.java:askForVotes(321)) - 924326bc-ac30-411c-a350-30e2822afeed@group-D91864A4BD58-LeaderElection35 PRE_VOTE round 0: submit vote requests at term 0 for -1: peers:[924326bc-ac30-411c-a350-30e2822afeed|rpc:10.1.0.34:15209|admin:10.1.0.34:15208|client:10.1.0.34:15207|dataStream:10.1.0.34:15210|priority:1|startupRole:FOLLOWER]|listeners:[], old=null
2023-09-28 13:00:11,691 [924326bc-ac30-411c-a350-30e2822afeed@group-D91864A4BD58-LeaderElection35] INFO  impl.LeaderElection (LeaderElection.java:askForVotes(323)) - 924326bc-ac30-411c-a350-30e2822afeed@group-D91864A4BD58-LeaderElection35 PRE_VOTE round 0: result PASSED (term=0)
2023-09-28 13:00:11,693 [924326bc-ac30-411c-a350-30e2822afeed@group-D91864A4BD58-LeaderElection35] INFO  impl.LeaderElection (LeaderElection.java:askForVotes(321)) - 924326bc-ac30-411c-a350-30e2822afeed@group-D91864A4BD58-LeaderElection35 ELECTION round 0: submit vote requests at term 1 for -1: peers:[924326bc-ac30-411c-a350-30e2822afeed|rpc:10.1.0.34:15209|admin:10.1.0.34:15208|client:10.1.0.34:15207|dataStream:10.1.0.34:15210|priority:1|startupRole:FOLLOWER]|listeners:[], old=null
2023-09-28 13:00:11,693 [924326bc-ac30-411c-a350-30e2822afeed@group-D91864A4BD58-LeaderElection35] INFO  impl.LeaderElection (LeaderElection.java:askForVotes(323)) - 924326bc-ac30-411c-a350-30e2822afeed@group-D91864A4BD58-LeaderElection35 ELECTION round 0: result PASSED (term=1)
2023-09-28 13:00:11,693 [924326bc-ac30-411c-a350-30e2822afeed@group-D91864A4BD58-LeaderElection35] INFO  impl.RoleInfo (RoleInfo.java:shutdownLeaderElection(130)) - 924326bc-ac30-411c-a350-30e2822afeed: shutdown 924326bc-ac30-411c-a350-30e2822afeed@group-D91864A4BD58-LeaderElection35
2023-09-28 13:00:11,693 [924326bc-ac30-411c-a350-30e2822afeed@group-D91864A4BD58-LeaderElection35] INFO  server.RaftServer$Division (RaftServerImpl.java:setRole(329)) - 924326bc-ac30-411c-a350-30e2822afeed@group-D91864A4BD58: changes role from CANDIDATE to LEADER at term 1 for changeToLeader
2023-09-28 13:00:11,693 [924326bc-ac30-411c-a350-30e2822afeed@group-D91864A4BD58-LeaderElection35] INFO  ratis.XceiverServerRatis (XceiverServerRatis.java:handleLeaderChangedNotification(902)) - Leader change notification received for group: group-D91864A4BD58 with new leaderId: 924326bc-ac30-411c-a350-30e2822afeed
2023-09-28 13:00:11,693 [924326bc-ac30-411c-a350-30e2822afeed@group-D91864A4BD58-LeaderElection35] INFO  server.RaftServer$Division (ServerState.java:setLeader(317)) - 924326bc-ac30-411c-a350-30e2822afeed@group-D91864A4BD58: change Leader from null to 924326bc-ac30-411c-a350-30e2822afeed at term 1 for becomeLeader, leader elected after 5187ms
2023-09-28 13:00:11,693 [924326bc-ac30-411c-a350-30e2822afeed@group-D91864A4BD58-LeaderElection35] INFO  server.RaftServerConfigKeys (ConfUtils.java:logGet(46)) - raft.server.staging.catchup.gap = 1000 (default)
2023-09-28 13:00:11,694 [924326bc-ac30-411c-a350-30e2822afeed@group-D91864A4BD58-LeaderElection35] INFO  server.RaftServerConfigKeys (ConfUtils.java:logGet(46)) - raft.server.write.element-limit = 1024 (custom)
2023-09-28 13:00:11,695 [924326bc-ac30-411c-a350-30e2822afeed@group-D91864A4BD58-LeaderElection35] INFO  server.RaftServerConfigKeys (ConfUtils.java:logGet(46)) - raft.server.write.byte-limit = 1024 M (=1073741824) (custom)
2023-09-28 13:00:11,695 [924326bc-ac30-411c-a350-30e2822afeed@group-D91864A4BD58-LeaderElection35] INFO  server.RaftServerConfigKeys (ConfUtils.java:logGet(46)) - raft.server.watch.timeout = 180s (custom)
2023-09-28 13:00:11,695 [924326bc-ac30-411c-a350-30e2822afeed@group-D91864A4BD58-LeaderElection35] INFO  server.RaftServerConfigKeys (ConfUtils.java:logGet(46)) - raft.server.watch.timeout.denomination = 1s (default)
2023-09-28 13:00:11,695 [924326bc-ac30-411c-a350-30e2822afeed@group-D91864A4BD58-LeaderElection35] INFO  server.RaftServerConfigKeys (ConfUtils.java:logGet(46)) - raft.server.watch.element-limit = 65536 (default)
2023-09-28 13:00:11,695 [924326bc-ac30-411c-a350-30e2822afeed@group-D91864A4BD58-LeaderElection35] INFO  server.RaftServerConfigKeys (ConfUtils.java:logGet(46)) - raft.server.write.element-limit = 1024 (custom)
2023-09-28 13:00:11,695 [924326bc-ac30-411c-a350-30e2822afeed@group-D91864A4BD58-LeaderElection35] INFO  server.RaftServerConfigKeys (ConfUtils.java:logGet(46)) - raft.server.write.follower.gap.ratio.max = -1.0 (default)
2023-09-28 13:00:11,695 [924326bc-ac30-411c-a350-30e2822afeed@group-D91864A4BD58-LeaderElection35] INFO  impl.RoleInfo (RoleInfo.java:updateAndGet(139)) - 924326bc-ac30-411c-a350-30e2822afeed: start 924326bc-ac30-411c-a350-30e2822afeed@group-D91864A4BD58-LeaderStateImpl
2023-09-28 13:00:11,695 [924326bc-ac30-411c-a350-30e2822afeed@group-D91864A4BD58-LeaderElection35] INFO  segmented.SegmentedRaftLogWorker (SegmentedRaftLogWorker.java:startLogSegment(447)) - 924326bc-ac30-411c-a350-30e2822afeed@group-D91864A4BD58-SegmentedRaftLogWorker: Starting segment from index:0
2023-09-28 13:00:11,696 [924326bc-ac30-411c-a350-30e2822afeed@group-D91864A4BD58-LeaderElection35] INFO  server.RaftServer$Division (ServerState.java:setRaftConf(434)) - 924326bc-ac30-411c-a350-30e2822afeed@group-D91864A4BD58: set configuration 0: peers:[924326bc-ac30-411c-a350-30e2822afeed|rpc:10.1.0.34:15209|admin:10.1.0.34:15208|client:10.1.0.34:15207|dataStream:10.1.0.34:15210|priority:1|startupRole:FOLLOWER]|listeners:[], old=null
2023-09-28 13:00:11,698 [924326bc-ac30-411c-a350-30e2822afeed@group-D91864A4BD58-SegmentedRaftLogWorker] INFO  segmented.SegmentedRaftLogWorker (SegmentedRaftLogWorker.java:execute(651)) - 924326bc-ac30-411c-a350-30e2822afeed@group-D91864A4BD58-SegmentedRaftLogWorker: created new log segment /home/runner/work/ozone/ozone/hadoop-ozone/integration-test/target/test-dir/MiniOzoneClusterImpl-1398513c-1ad7-449a-9b84-f90cd6748766/datanode-4/data/ratis/29e8e473-5741-4f3f-a88b-d91864a4bd58/current/log_inprogress_0
2023-09-28 13:00:23,057 [IPC Server handler 0 on default port 15160] WARN  node.SCMNodeManager (SCMNodeManager.java:getNodesByAddress(1373)) - Cannot find node for address 127.0.0.1
13:00:23.066 [IPC Server handler 12 on default port 15163] ERROR OMAudit - user=runner | ip=127.0.0.1 | op=READ_KEY {volume=volume08867, bucket=bucket18921, key=file_notexist, dataSize=0, replicationConfig=null} | ret=FAILURE
org.apache.hadoop.ozone.om.exceptions.OMException: Key:file_notexist not found
	at org.apache.hadoop.ozone.om.KeyManagerImpl.readKeyInfo(KeyManagerImpl.java:428) ~[ozone-manager-1.4.0-SNAPSHOT.jar:?]
	at org.apache.hadoop.ozone.om.KeyManagerImpl.lambda$9(KeyManagerImpl.java:1952) ~[ozone-manager-1.4.0-SNAPSHOT.jar:?]
	at org.apache.hadoop.util.MetricUtil.captureLatencyNs(MetricUtil.java:39) ~[hdds-common-1.4.0-SNAPSHOT.jar:?]
	at org.apache.hadoop.ozone.om.KeyManagerImpl.getKeyInfo(KeyManagerImpl.java:1950) ~[ozone-manager-1.4.0-SNAPSHOT.jar:?]
	at org.apache.hadoop.ozone.om.OmMetadataReader.getKeyInfo(OmMetadataReader.java:189) ~[ozone-manager-1.4.0-SNAPSHOT.jar:?]
	at org.apache.hadoop.ozone.om.OzoneManager.getKeyInfo(OzoneManager.java:2833) ~[ozone-manager-1.4.0-SNAPSHOT.jar:?]
	at org.apache.hadoop.ozone.protocolPB.OzoneManagerRequestHandler.getKeyInfo(OzoneManagerRequestHandler.java:594) ~[ozone-manager-1.4.0-SNAPSHOT.jar:?]
	at org.apache.hadoop.ozone.protocolPB.OzoneManagerRequestHandler.handleReadRequest(OzoneManagerRequestHandler.java:313) ~[ozone-manager-1.4.0-SNAPSHOT.jar:?]
	at org.apache.hadoop.ozone.protocolPB.OzoneManagerProtocolServerSideTranslatorPB.submitRequestDirectlyToOM(OzoneManagerProtocolServerSideTranslatorPB.java:274) ~[ozone-manager-1.4.0-SNAPSHOT.jar:?]
	at org.apache.hadoop.ozone.protocolPB.OzoneManagerProtocolServerSideTranslatorPB.processRequest(OzoneManagerProtocolServerSideTranslatorPB.java:175) ~[ozone-manager-1.4.0-SNAPSHOT.jar:?]
	at org.apache.hadoop.hdds.server.OzoneProtocolMessageDispatcher.processRequest(OzoneProtocolMessageDispatcher.java:87) [hdds-server-framework-1.4.0-SNAPSHOT.jar:?]
	at org.apache.hadoop.ozone.protocolPB.OzoneManagerProtocolServerSideTranslatorPB.submitRequest(OzoneManagerProtocolServerSideTranslatorPB.java:148) [ozone-manager-1.4.0-SNAPSHOT.jar:?]
	at org.apache.hadoop.ozone.protocol.proto.OzoneManagerProtocolProtos$OzoneManagerService$2.callBlockingMethod(OzoneManagerProtocolProtos.java) [ozone-interface-client-1.4.0-SNAPSHOT.jar:?]
	at org.apache.hadoop.ipc.ProtobufRpcEngine$Server.processCall(ProtobufRpcEngine.java:484) [hadoop-common-3.3.6.jar:?]
	at org.apache.hadoop.ipc.ProtobufRpcEngine2$Server$ProtoBufRpcInvoker.call(ProtobufRpcEngine2.java:595) [hadoop-common-3.3.6.jar:?]
	at org.apache.hadoop.ipc.ProtobufRpcEngine2$Server$ProtoBufRpcInvoker.call(ProtobufRpcEngine2.java:573) [hadoop-common-3.3.6.jar:?]
	at org.apache.hadoop.ipc.RPC$Server.call(RPC.java:1227) [hadoop-common-3.3.6.jar:?]
	at org.apache.hadoop.ipc.Server$RpcCall.run(Server.java:1094) [hadoop-common-3.3.6.jar:?]
	at org.apache.hadoop.ipc.Server$RpcCall.run(Server.java:1017) [hadoop-common-3.3.6.jar:?]
	at java.security.AccessController.doPrivileged(Native Method) ~[?:1.8.0_382]
	at javax.security.auth.Subject.doAs(Subject.java:422) [?:1.8.0_382]
	at org.apache.hadoop.security.UserGroupInformation.doAs(UserGroupInformation.java:1899) [hadoop-common-3.3.6.jar:?]
	at org.apache.hadoop.ipc.Server$Handler.run(Server.java:3048) [hadoop-common-3.3.6.jar:?]
]]></system-out>
  </testcase>
  <testcase name="testRenameFile" classname="TestOzoneFileSystem" time="0.181">
    <system-out><![CDATA[12:56:00.661 [IPC Server handler 8 on default port 15004] ERROR OMAudit - user=runner | ip=127.0.0.1 | op=GET_FILE_STATUS {volume=volume53983, bucket=bucket27347, key=root/file1, dataSize=0, replicationConfig=null} | ret=FAILURE
org.apache.hadoop.ozone.om.exceptions.OMException: Unable to get file status: volume: volume53983 bucket: bucket27347 key: root/file1
	at org.apache.hadoop.ozone.om.KeyManagerImpl.getOzoneFileStatus(KeyManagerImpl.java:1198) ~[ozone-manager-1.4.0-SNAPSHOT.jar:?]
	at org.apache.hadoop.ozone.om.KeyManagerImpl.getFileStatus(KeyManagerImpl.java:1116) ~[ozone-manager-1.4.0-SNAPSHOT.jar:?]
	at org.apache.hadoop.ozone.om.OmMetadataReader.getFileStatus(OmMetadataReader.java:266) ~[ozone-manager-1.4.0-SNAPSHOT.jar:?]
	at org.apache.hadoop.ozone.om.OzoneManager.getFileStatus(OzoneManager.java:3552) ~[ozone-manager-1.4.0-SNAPSHOT.jar:?]
	at org.apache.hadoop.ozone.protocolPB.OzoneManagerRequestHandler.getOzoneFileStatus(OzoneManagerRequestHandler.java:998) ~[ozone-manager-1.4.0-SNAPSHOT.jar:?]
	at org.apache.hadoop.ozone.protocolPB.OzoneManagerRequestHandler.handleReadRequest(OzoneManagerRequestHandler.java:259) ~[ozone-manager-1.4.0-SNAPSHOT.jar:?]
	at org.apache.hadoop.ozone.protocolPB.OzoneManagerProtocolServerSideTranslatorPB.submitReadRequestToOM(OzoneManagerProtocolServerSideTranslatorPB.java:225) ~[ozone-manager-1.4.0-SNAPSHOT.jar:?]
	at org.apache.hadoop.ozone.protocolPB.OzoneManagerProtocolServerSideTranslatorPB.processRequest(OzoneManagerProtocolServerSideTranslatorPB.java:179) ~[ozone-manager-1.4.0-SNAPSHOT.jar:?]
	at org.apache.hadoop.hdds.server.OzoneProtocolMessageDispatcher.processRequest(OzoneProtocolMessageDispatcher.java:87) [hdds-server-framework-1.4.0-SNAPSHOT.jar:?]
	at org.apache.hadoop.ozone.protocolPB.OzoneManagerProtocolServerSideTranslatorPB.submitRequest(OzoneManagerProtocolServerSideTranslatorPB.java:148) [ozone-manager-1.4.0-SNAPSHOT.jar:?]
	at org.apache.hadoop.ozone.protocol.proto.OzoneManagerProtocolProtos$OzoneManagerService$2.callBlockingMethod(OzoneManagerProtocolProtos.java) [ozone-interface-client-1.4.0-SNAPSHOT.jar:?]
	at org.apache.hadoop.ipc.ProtobufRpcEngine$Server.processCall(ProtobufRpcEngine.java:484) [hadoop-common-3.3.6.jar:?]
	at org.apache.hadoop.ipc.ProtobufRpcEngine2$Server$ProtoBufRpcInvoker.call(ProtobufRpcEngine2.java:595) [hadoop-common-3.3.6.jar:?]
	at org.apache.hadoop.ipc.ProtobufRpcEngine2$Server$ProtoBufRpcInvoker.call(ProtobufRpcEngine2.java:573) [hadoop-common-3.3.6.jar:?]
	at org.apache.hadoop.ipc.RPC$Server.call(RPC.java:1227) [hadoop-common-3.3.6.jar:?]
	at org.apache.hadoop.ipc.Server$RpcCall.run(Server.java:1094) [hadoop-common-3.3.6.jar:?]
	at org.apache.hadoop.ipc.Server$RpcCall.run(Server.java:1017) [hadoop-common-3.3.6.jar:?]
	at java.security.AccessController.doPrivileged(Native Method) ~[?:1.8.0_382]
	at javax.security.auth.Subject.doAs(Subject.java:422) [?:1.8.0_382]
	at org.apache.hadoop.security.UserGroupInformation.doAs(UserGroupInformation.java:1899) [hadoop-common-3.3.6.jar:?]
	at org.apache.hadoop.ipc.Server$Handler.run(Server.java:3048) [hadoop-common-3.3.6.jar:?]
]]></system-out>
  </testcase>
  <testcase name="testRenameFile" classname="TestOzoneFileSystem" time="0.039">
    <system-out><![CDATA[12:57:34.649 [IPC Server handler 12 on default port 15057] ERROR OMAudit - user=runner | ip=127.0.0.1 | op=GET_FILE_STATUS {volume=volume37469, bucket=bucket23551, key=root/file1, dataSize=0, replicationConfig=null} | ret=FAILURE
org.apache.hadoop.ozone.om.exceptions.OMException: Unable to get file status: volume: volume37469 bucket: bucket23551 key: root/file1
	at org.apache.hadoop.ozone.om.KeyManagerImpl.getOzoneFileStatus(KeyManagerImpl.java:1198) ~[ozone-manager-1.4.0-SNAPSHOT.jar:?]
	at org.apache.hadoop.ozone.om.KeyManagerImpl.getFileStatus(KeyManagerImpl.java:1116) ~[ozone-manager-1.4.0-SNAPSHOT.jar:?]
	at org.apache.hadoop.ozone.om.OmMetadataReader.getFileStatus(OmMetadataReader.java:266) ~[ozone-manager-1.4.0-SNAPSHOT.jar:?]
	at org.apache.hadoop.ozone.om.OzoneManager.getFileStatus(OzoneManager.java:3552) ~[ozone-manager-1.4.0-SNAPSHOT.jar:?]
	at org.apache.hadoop.ozone.protocolPB.OzoneManagerRequestHandler.getOzoneFileStatus(OzoneManagerRequestHandler.java:998) ~[ozone-manager-1.4.0-SNAPSHOT.jar:?]
	at org.apache.hadoop.ozone.protocolPB.OzoneManagerRequestHandler.handleReadRequest(OzoneManagerRequestHandler.java:259) ~[ozone-manager-1.4.0-SNAPSHOT.jar:?]
	at org.apache.hadoop.ozone.protocolPB.OzoneManagerProtocolServerSideTranslatorPB.submitRequestDirectlyToOM(OzoneManagerProtocolServerSideTranslatorPB.java:274) ~[ozone-manager-1.4.0-SNAPSHOT.jar:?]
	at org.apache.hadoop.ozone.protocolPB.OzoneManagerProtocolServerSideTranslatorPB.processRequest(OzoneManagerProtocolServerSideTranslatorPB.java:175) ~[ozone-manager-1.4.0-SNAPSHOT.jar:?]
	at org.apache.hadoop.hdds.server.OzoneProtocolMessageDispatcher.processRequest(OzoneProtocolMessageDispatcher.java:87) [hdds-server-framework-1.4.0-SNAPSHOT.jar:?]
	at org.apache.hadoop.ozone.protocolPB.OzoneManagerProtocolServerSideTranslatorPB.submitRequest(OzoneManagerProtocolServerSideTranslatorPB.java:148) [ozone-manager-1.4.0-SNAPSHOT.jar:?]
	at org.apache.hadoop.ozone.protocol.proto.OzoneManagerProtocolProtos$OzoneManagerService$2.callBlockingMethod(OzoneManagerProtocolProtos.java) [ozone-interface-client-1.4.0-SNAPSHOT.jar:?]
	at org.apache.hadoop.ipc.ProtobufRpcEngine$Server.processCall(ProtobufRpcEngine.java:484) [hadoop-common-3.3.6.jar:?]
	at org.apache.hadoop.ipc.ProtobufRpcEngine2$Server$ProtoBufRpcInvoker.call(ProtobufRpcEngine2.java:595) [hadoop-common-3.3.6.jar:?]
	at org.apache.hadoop.ipc.ProtobufRpcEngine2$Server$ProtoBufRpcInvoker.call(ProtobufRpcEngine2.java:573) [hadoop-common-3.3.6.jar:?]
	at org.apache.hadoop.ipc.RPC$Server.call(RPC.java:1227) [hadoop-common-3.3.6.jar:?]
	at org.apache.hadoop.ipc.Server$RpcCall.run(Server.java:1094) [hadoop-common-3.3.6.jar:?]
	at org.apache.hadoop.ipc.Server$RpcCall.run(Server.java:1017) [hadoop-common-3.3.6.jar:?]
	at java.security.AccessController.doPrivileged(Native Method) ~[?:1.8.0_382]
	at javax.security.auth.Subject.doAs(Subject.java:422) [?:1.8.0_382]
	at org.apache.hadoop.security.UserGroupInformation.doAs(UserGroupInformation.java:1899) [hadoop-common-3.3.6.jar:?]
	at org.apache.hadoop.ipc.Server$Handler.run(Server.java:3048) [hadoop-common-3.3.6.jar:?]
]]></system-out>
  </testcase>
  <testcase name="testRenameFile" classname="TestOzoneFileSystem" time="0.036">
    <system-out><![CDATA[12:58:49.346 [IPC Server handler 12 on default port 15110] ERROR OMAudit - user=runner | ip=127.0.0.1 | op=GET_FILE_STATUS {volume=volume13657, bucket=bucket40110, key=root/file1, dataSize=0, replicationConfig=null} | ret=FAILURE
org.apache.hadoop.ozone.om.exceptions.OMException: Unable to get file status: volume: volume13657 bucket: bucket40110 key: root/file1
	at org.apache.hadoop.ozone.om.KeyManagerImpl.getOzoneFileStatus(KeyManagerImpl.java:1198) ~[ozone-manager-1.4.0-SNAPSHOT.jar:?]
	at org.apache.hadoop.ozone.om.KeyManagerImpl.getFileStatus(KeyManagerImpl.java:1116) ~[ozone-manager-1.4.0-SNAPSHOT.jar:?]
	at org.apache.hadoop.ozone.om.OmMetadataReader.getFileStatus(OmMetadataReader.java:266) ~[ozone-manager-1.4.0-SNAPSHOT.jar:?]
	at org.apache.hadoop.ozone.om.OzoneManager.getFileStatus(OzoneManager.java:3552) ~[ozone-manager-1.4.0-SNAPSHOT.jar:?]
	at org.apache.hadoop.ozone.protocolPB.OzoneManagerRequestHandler.getOzoneFileStatus(OzoneManagerRequestHandler.java:998) ~[ozone-manager-1.4.0-SNAPSHOT.jar:?]
	at org.apache.hadoop.ozone.protocolPB.OzoneManagerRequestHandler.handleReadRequest(OzoneManagerRequestHandler.java:259) ~[ozone-manager-1.4.0-SNAPSHOT.jar:?]
	at org.apache.hadoop.ozone.protocolPB.OzoneManagerProtocolServerSideTranslatorPB.submitReadRequestToOM(OzoneManagerProtocolServerSideTranslatorPB.java:225) ~[ozone-manager-1.4.0-SNAPSHOT.jar:?]
	at org.apache.hadoop.ozone.protocolPB.OzoneManagerProtocolServerSideTranslatorPB.processRequest(OzoneManagerProtocolServerSideTranslatorPB.java:179) ~[ozone-manager-1.4.0-SNAPSHOT.jar:?]
	at org.apache.hadoop.hdds.server.OzoneProtocolMessageDispatcher.processRequest(OzoneProtocolMessageDispatcher.java:87) [hdds-server-framework-1.4.0-SNAPSHOT.jar:?]
	at org.apache.hadoop.ozone.protocolPB.OzoneManagerProtocolServerSideTranslatorPB.submitRequest(OzoneManagerProtocolServerSideTranslatorPB.java:148) [ozone-manager-1.4.0-SNAPSHOT.jar:?]
	at org.apache.hadoop.ozone.protocol.proto.OzoneManagerProtocolProtos$OzoneManagerService$2.callBlockingMethod(OzoneManagerProtocolProtos.java) [ozone-interface-client-1.4.0-SNAPSHOT.jar:?]
	at org.apache.hadoop.ipc.ProtobufRpcEngine$Server.processCall(ProtobufRpcEngine.java:484) [hadoop-common-3.3.6.jar:?]
	at org.apache.hadoop.ipc.ProtobufRpcEngine2$Server$ProtoBufRpcInvoker.call(ProtobufRpcEngine2.java:595) [hadoop-common-3.3.6.jar:?]
	at org.apache.hadoop.ipc.ProtobufRpcEngine2$Server$ProtoBufRpcInvoker.call(ProtobufRpcEngine2.java:573) [hadoop-common-3.3.6.jar:?]
	at org.apache.hadoop.ipc.RPC$Server.call(RPC.java:1227) [hadoop-common-3.3.6.jar:?]
	at org.apache.hadoop.ipc.Server$RpcCall.run(Server.java:1094) [hadoop-common-3.3.6.jar:?]
	at org.apache.hadoop.ipc.Server$RpcCall.run(Server.java:1017) [hadoop-common-3.3.6.jar:?]
	at java.security.AccessController.doPrivileged(Native Method) ~[?:1.8.0_382]
	at javax.security.auth.Subject.doAs(Subject.java:422) [?:1.8.0_382]
	at org.apache.hadoop.security.UserGroupInformation.doAs(UserGroupInformation.java:1899) [hadoop-common-3.3.6.jar:?]
	at org.apache.hadoop.ipc.Server$Handler.run(Server.java:3048) [hadoop-common-3.3.6.jar:?]
]]></system-out>
  </testcase>
  <testcase name="testRenameFile" classname="TestOzoneFileSystem" time="0.032">
    <system-out><![CDATA[13:00:23.085 [IPC Server handler 19 on default port 15163] ERROR OMAudit - user=runner | ip=127.0.0.1 | op=GET_FILE_STATUS {volume=volume08867, bucket=bucket18921, key=root/file1, dataSize=0, replicationConfig=null} | ret=FAILURE
org.apache.hadoop.ozone.om.exceptions.OMException: Unable to get file status: volume: volume08867 bucket: bucket18921 key: root/file1
	at org.apache.hadoop.ozone.om.KeyManagerImpl.getOzoneFileStatus(KeyManagerImpl.java:1198) ~[ozone-manager-1.4.0-SNAPSHOT.jar:?]
	at org.apache.hadoop.ozone.om.KeyManagerImpl.getFileStatus(KeyManagerImpl.java:1116) ~[ozone-manager-1.4.0-SNAPSHOT.jar:?]
	at org.apache.hadoop.ozone.om.OmMetadataReader.getFileStatus(OmMetadataReader.java:266) ~[ozone-manager-1.4.0-SNAPSHOT.jar:?]
	at org.apache.hadoop.ozone.om.OzoneManager.getFileStatus(OzoneManager.java:3552) ~[ozone-manager-1.4.0-SNAPSHOT.jar:?]
	at org.apache.hadoop.ozone.protocolPB.OzoneManagerRequestHandler.getOzoneFileStatus(OzoneManagerRequestHandler.java:998) ~[ozone-manager-1.4.0-SNAPSHOT.jar:?]
	at org.apache.hadoop.ozone.protocolPB.OzoneManagerRequestHandler.handleReadRequest(OzoneManagerRequestHandler.java:259) ~[ozone-manager-1.4.0-SNAPSHOT.jar:?]
	at org.apache.hadoop.ozone.protocolPB.OzoneManagerProtocolServerSideTranslatorPB.submitRequestDirectlyToOM(OzoneManagerProtocolServerSideTranslatorPB.java:274) ~[ozone-manager-1.4.0-SNAPSHOT.jar:?]
	at org.apache.hadoop.ozone.protocolPB.OzoneManagerProtocolServerSideTranslatorPB.processRequest(OzoneManagerProtocolServerSideTranslatorPB.java:175) ~[ozone-manager-1.4.0-SNAPSHOT.jar:?]
	at org.apache.hadoop.hdds.server.OzoneProtocolMessageDispatcher.processRequest(OzoneProtocolMessageDispatcher.java:87) [hdds-server-framework-1.4.0-SNAPSHOT.jar:?]
	at org.apache.hadoop.ozone.protocolPB.OzoneManagerProtocolServerSideTranslatorPB.submitRequest(OzoneManagerProtocolServerSideTranslatorPB.java:148) [ozone-manager-1.4.0-SNAPSHOT.jar:?]
	at org.apache.hadoop.ozone.protocol.proto.OzoneManagerProtocolProtos$OzoneManagerService$2.callBlockingMethod(OzoneManagerProtocolProtos.java) [ozone-interface-client-1.4.0-SNAPSHOT.jar:?]
	at org.apache.hadoop.ipc.ProtobufRpcEngine$Server.processCall(ProtobufRpcEngine.java:484) [hadoop-common-3.3.6.jar:?]
	at org.apache.hadoop.ipc.ProtobufRpcEngine2$Server$ProtoBufRpcInvoker.call(ProtobufRpcEngine2.java:595) [hadoop-common-3.3.6.jar:?]
	at org.apache.hadoop.ipc.ProtobufRpcEngine2$Server$ProtoBufRpcInvoker.call(ProtobufRpcEngine2.java:573) [hadoop-common-3.3.6.jar:?]
	at org.apache.hadoop.ipc.RPC$Server.call(RPC.java:1227) [hadoop-common-3.3.6.jar:?]
	at org.apache.hadoop.ipc.Server$RpcCall.run(Server.java:1094) [hadoop-common-3.3.6.jar:?]
	at org.apache.hadoop.ipc.Server$RpcCall.run(Server.java:1017) [hadoop-common-3.3.6.jar:?]
	at java.security.AccessController.doPrivileged(Native Method) ~[?:1.8.0_382]
	at javax.security.auth.Subject.doAs(Subject.java:422) [?:1.8.0_382]
	at org.apache.hadoop.security.UserGroupInformation.doAs(UserGroupInformation.java:1899) [hadoop-common-3.3.6.jar:?]
	at org.apache.hadoop.ipc.Server$Handler.run(Server.java:3048) [hadoop-common-3.3.6.jar:?]
]]></system-out>
  </testcase>
  <testcase name="testRenameDir" classname="TestOzoneFileSystem" time="0.066">
    <system-out><![CDATA[2023-09-28 12:56:00,793 [Time-limited test] INFO  ozone.TestOzoneFileSystem (TestOzoneFileSystem.java:testRenameDir(1438)) - Created dir o3fs://bucket27347.volume53983/root_dir/dir1/sub_dir1
2023-09-28 12:56:00,793 [Time-limited test] INFO  ozone.TestOzoneFileSystem (TestOzoneFileSystem.java:testRenameDir(1439)) - Will move o3fs://bucket27347.volume53983/root_dir/dir1 to o3fs://bucket27347.volume53983/root_dir/dir1.renamed
12:56:00.798 [IPC Server handler 15 on default port 15004] ERROR OMAudit - user=runner | ip=127.0.0.1 | op=GET_FILE_STATUS {volume=volume53983, bucket=bucket27347, key=root_dir/dir1.renamed, dataSize=0, replicationConfig=null} | ret=FAILURE
org.apache.hadoop.ozone.om.exceptions.OMException: Unable to get file status: volume: volume53983 bucket: bucket27347 key: root_dir/dir1.renamed
	at org.apache.hadoop.ozone.om.KeyManagerImpl.getOzoneFileStatus(KeyManagerImpl.java:1198) ~[ozone-manager-1.4.0-SNAPSHOT.jar:?]
	at org.apache.hadoop.ozone.om.KeyManagerImpl.getFileStatus(KeyManagerImpl.java:1116) ~[ozone-manager-1.4.0-SNAPSHOT.jar:?]
	at org.apache.hadoop.ozone.om.OmMetadataReader.getFileStatus(OmMetadataReader.java:266) ~[ozone-manager-1.4.0-SNAPSHOT.jar:?]
	at org.apache.hadoop.ozone.om.OzoneManager.getFileStatus(OzoneManager.java:3552) ~[ozone-manager-1.4.0-SNAPSHOT.jar:?]
	at org.apache.hadoop.ozone.protocolPB.OzoneManagerRequestHandler.getOzoneFileStatus(OzoneManagerRequestHandler.java:998) ~[ozone-manager-1.4.0-SNAPSHOT.jar:?]
	at org.apache.hadoop.ozone.protocolPB.OzoneManagerRequestHandler.handleReadRequest(OzoneManagerRequestHandler.java:259) ~[ozone-manager-1.4.0-SNAPSHOT.jar:?]
	at org.apache.hadoop.ozone.protocolPB.OzoneManagerProtocolServerSideTranslatorPB.submitReadRequestToOM(OzoneManagerProtocolServerSideTranslatorPB.java:225) ~[ozone-manager-1.4.0-SNAPSHOT.jar:?]
	at org.apache.hadoop.ozone.protocolPB.OzoneManagerProtocolServerSideTranslatorPB.processRequest(OzoneManagerProtocolServerSideTranslatorPB.java:179) ~[ozone-manager-1.4.0-SNAPSHOT.jar:?]
	at org.apache.hadoop.hdds.server.OzoneProtocolMessageDispatcher.processRequest(OzoneProtocolMessageDispatcher.java:87) [hdds-server-framework-1.4.0-SNAPSHOT.jar:?]
	at org.apache.hadoop.ozone.protocolPB.OzoneManagerProtocolServerSideTranslatorPB.submitRequest(OzoneManagerProtocolServerSideTranslatorPB.java:148) [ozone-manager-1.4.0-SNAPSHOT.jar:?]
	at org.apache.hadoop.ozone.protocol.proto.OzoneManagerProtocolProtos$OzoneManagerService$2.callBlockingMethod(OzoneManagerProtocolProtos.java) [ozone-interface-client-1.4.0-SNAPSHOT.jar:?]
	at org.apache.hadoop.ipc.ProtobufRpcEngine$Server.processCall(ProtobufRpcEngine.java:484) [hadoop-common-3.3.6.jar:?]
	at org.apache.hadoop.ipc.ProtobufRpcEngine2$Server$ProtoBufRpcInvoker.call(ProtobufRpcEngine2.java:595) [hadoop-common-3.3.6.jar:?]
	at org.apache.hadoop.ipc.ProtobufRpcEngine2$Server$ProtoBufRpcInvoker.call(ProtobufRpcEngine2.java:573) [hadoop-common-3.3.6.jar:?]
	at org.apache.hadoop.ipc.RPC$Server.call(RPC.java:1227) [hadoop-common-3.3.6.jar:?]
	at org.apache.hadoop.ipc.Server$RpcCall.run(Server.java:1094) [hadoop-common-3.3.6.jar:?]
	at org.apache.hadoop.ipc.Server$RpcCall.run(Server.java:1017) [hadoop-common-3.3.6.jar:?]
	at java.security.AccessController.doPrivileged(Native Method) ~[?:1.8.0_382]
	at javax.security.auth.Subject.doAs(Subject.java:422) [?:1.8.0_382]
	at org.apache.hadoop.security.UserGroupInformation.doAs(UserGroupInformation.java:1899) [hadoop-common-3.3.6.jar:?]
	at org.apache.hadoop.ipc.Server$Handler.run(Server.java:3048) [hadoop-common-3.3.6.jar:?]
]]></system-out>
  </testcase>
  <testcase name="testRenameDir" classname="TestOzoneFileSystem" time="0.026">
    <system-out><![CDATA[2023-09-28 12:57:34,682 [Time-limited test] INFO  ozone.TestOzoneFileSystem (TestOzoneFileSystem.java:testRenameDir(1438)) - Created dir o3fs://bucket23551.volume37469/root_dir/dir1/sub_dir1
2023-09-28 12:57:34,682 [Time-limited test] INFO  ozone.TestOzoneFileSystem (TestOzoneFileSystem.java:testRenameDir(1439)) - Will move o3fs://bucket23551.volume37469/root_dir/dir1 to o3fs://bucket23551.volume37469/root_dir/dir1.renamed
12:57:34.684 [IPC Server handler 17 on default port 15057] ERROR OMAudit - user=runner | ip=127.0.0.1 | op=GET_FILE_STATUS {volume=volume37469, bucket=bucket23551, key=root_dir/dir1.renamed, dataSize=0, replicationConfig=null} | ret=FAILURE
org.apache.hadoop.ozone.om.exceptions.OMException: Unable to get file status: volume: volume37469 bucket: bucket23551 key: root_dir/dir1.renamed
	at org.apache.hadoop.ozone.om.KeyManagerImpl.getOzoneFileStatus(KeyManagerImpl.java:1198) ~[ozone-manager-1.4.0-SNAPSHOT.jar:?]
	at org.apache.hadoop.ozone.om.KeyManagerImpl.getFileStatus(KeyManagerImpl.java:1116) ~[ozone-manager-1.4.0-SNAPSHOT.jar:?]
	at org.apache.hadoop.ozone.om.OmMetadataReader.getFileStatus(OmMetadataReader.java:266) ~[ozone-manager-1.4.0-SNAPSHOT.jar:?]
	at org.apache.hadoop.ozone.om.OzoneManager.getFileStatus(OzoneManager.java:3552) ~[ozone-manager-1.4.0-SNAPSHOT.jar:?]
	at org.apache.hadoop.ozone.protocolPB.OzoneManagerRequestHandler.getOzoneFileStatus(OzoneManagerRequestHandler.java:998) ~[ozone-manager-1.4.0-SNAPSHOT.jar:?]
	at org.apache.hadoop.ozone.protocolPB.OzoneManagerRequestHandler.handleReadRequest(OzoneManagerRequestHandler.java:259) ~[ozone-manager-1.4.0-SNAPSHOT.jar:?]
	at org.apache.hadoop.ozone.protocolPB.OzoneManagerProtocolServerSideTranslatorPB.submitRequestDirectlyToOM(OzoneManagerProtocolServerSideTranslatorPB.java:274) ~[ozone-manager-1.4.0-SNAPSHOT.jar:?]
	at org.apache.hadoop.ozone.protocolPB.OzoneManagerProtocolServerSideTranslatorPB.processRequest(OzoneManagerProtocolServerSideTranslatorPB.java:175) ~[ozone-manager-1.4.0-SNAPSHOT.jar:?]
	at org.apache.hadoop.hdds.server.OzoneProtocolMessageDispatcher.processRequest(OzoneProtocolMessageDispatcher.java:87) [hdds-server-framework-1.4.0-SNAPSHOT.jar:?]
	at org.apache.hadoop.ozone.protocolPB.OzoneManagerProtocolServerSideTranslatorPB.submitRequest(OzoneManagerProtocolServerSideTranslatorPB.java:148) [ozone-manager-1.4.0-SNAPSHOT.jar:?]
	at org.apache.hadoop.ozone.protocol.proto.OzoneManagerProtocolProtos$OzoneManagerService$2.callBlockingMethod(OzoneManagerProtocolProtos.java) [ozone-interface-client-1.4.0-SNAPSHOT.jar:?]
	at org.apache.hadoop.ipc.ProtobufRpcEngine$Server.processCall(ProtobufRpcEngine.java:484) [hadoop-common-3.3.6.jar:?]
	at org.apache.hadoop.ipc.ProtobufRpcEngine2$Server$ProtoBufRpcInvoker.call(ProtobufRpcEngine2.java:595) [hadoop-common-3.3.6.jar:?]
	at org.apache.hadoop.ipc.ProtobufRpcEngine2$Server$ProtoBufRpcInvoker.call(ProtobufRpcEngine2.java:573) [hadoop-common-3.3.6.jar:?]
	at org.apache.hadoop.ipc.RPC$Server.call(RPC.java:1227) [hadoop-common-3.3.6.jar:?]
	at org.apache.hadoop.ipc.Server$RpcCall.run(Server.java:1094) [hadoop-common-3.3.6.jar:?]
	at org.apache.hadoop.ipc.Server$RpcCall.run(Server.java:1017) [hadoop-common-3.3.6.jar:?]
	at java.security.AccessController.doPrivileged(Native Method) ~[?:1.8.0_382]
	at javax.security.auth.Subject.doAs(Subject.java:422) [?:1.8.0_382]
	at org.apache.hadoop.security.UserGroupInformation.doAs(UserGroupInformation.java:1899) [hadoop-common-3.3.6.jar:?]
	at org.apache.hadoop.ipc.Server$Handler.run(Server.java:3048) [hadoop-common-3.3.6.jar:?]
]]></system-out>
  </testcase>
  <testcase name="testRenameDir" classname="TestOzoneFileSystem" time="0.023">
    <system-out><![CDATA[2023-09-28 12:58:49,377 [Time-limited test] INFO  ozone.TestOzoneFileSystem (TestOzoneFileSystem.java:testRenameDir(1438)) - Created dir o3fs://bucket40110.volume13657/root_dir/dir1/sub_dir1
2023-09-28 12:58:49,377 [Time-limited test] INFO  ozone.TestOzoneFileSystem (TestOzoneFileSystem.java:testRenameDir(1439)) - Will move o3fs://bucket40110.volume13657/root_dir/dir1 to o3fs://bucket40110.volume13657/root_dir/dir1.renamed
12:58:49.378 [IPC Server handler 18 on default port 15110] ERROR OMAudit - user=runner | ip=127.0.0.1 | op=GET_FILE_STATUS {volume=volume13657, bucket=bucket40110, key=root_dir/dir1.renamed, dataSize=0, replicationConfig=null} | ret=FAILURE
org.apache.hadoop.ozone.om.exceptions.OMException: Unable to get file status: volume: volume13657 bucket: bucket40110 key: root_dir/dir1.renamed
	at org.apache.hadoop.ozone.om.KeyManagerImpl.getOzoneFileStatus(KeyManagerImpl.java:1198) ~[ozone-manager-1.4.0-SNAPSHOT.jar:?]
	at org.apache.hadoop.ozone.om.KeyManagerImpl.getFileStatus(KeyManagerImpl.java:1116) ~[ozone-manager-1.4.0-SNAPSHOT.jar:?]
	at org.apache.hadoop.ozone.om.OmMetadataReader.getFileStatus(OmMetadataReader.java:266) ~[ozone-manager-1.4.0-SNAPSHOT.jar:?]
	at org.apache.hadoop.ozone.om.OzoneManager.getFileStatus(OzoneManager.java:3552) ~[ozone-manager-1.4.0-SNAPSHOT.jar:?]
	at org.apache.hadoop.ozone.protocolPB.OzoneManagerRequestHandler.getOzoneFileStatus(OzoneManagerRequestHandler.java:998) ~[ozone-manager-1.4.0-SNAPSHOT.jar:?]
	at org.apache.hadoop.ozone.protocolPB.OzoneManagerRequestHandler.handleReadRequest(OzoneManagerRequestHandler.java:259) ~[ozone-manager-1.4.0-SNAPSHOT.jar:?]
	at org.apache.hadoop.ozone.protocolPB.OzoneManagerProtocolServerSideTranslatorPB.submitReadRequestToOM(OzoneManagerProtocolServerSideTranslatorPB.java:225) ~[ozone-manager-1.4.0-SNAPSHOT.jar:?]
	at org.apache.hadoop.ozone.protocolPB.OzoneManagerProtocolServerSideTranslatorPB.processRequest(OzoneManagerProtocolServerSideTranslatorPB.java:179) ~[ozone-manager-1.4.0-SNAPSHOT.jar:?]
	at org.apache.hadoop.hdds.server.OzoneProtocolMessageDispatcher.processRequest(OzoneProtocolMessageDispatcher.java:87) [hdds-server-framework-1.4.0-SNAPSHOT.jar:?]
	at org.apache.hadoop.ozone.protocolPB.OzoneManagerProtocolServerSideTranslatorPB.submitRequest(OzoneManagerProtocolServerSideTranslatorPB.java:148) [ozone-manager-1.4.0-SNAPSHOT.jar:?]
	at org.apache.hadoop.ozone.protocol.proto.OzoneManagerProtocolProtos$OzoneManagerService$2.callBlockingMethod(OzoneManagerProtocolProtos.java) [ozone-interface-client-1.4.0-SNAPSHOT.jar:?]
	at org.apache.hadoop.ipc.ProtobufRpcEngine$Server.processCall(ProtobufRpcEngine.java:484) [hadoop-common-3.3.6.jar:?]
	at org.apache.hadoop.ipc.ProtobufRpcEngine2$Server$ProtoBufRpcInvoker.call(ProtobufRpcEngine2.java:595) [hadoop-common-3.3.6.jar:?]
	at org.apache.hadoop.ipc.ProtobufRpcEngine2$Server$ProtoBufRpcInvoker.call(ProtobufRpcEngine2.java:573) [hadoop-common-3.3.6.jar:?]
	at org.apache.hadoop.ipc.RPC$Server.call(RPC.java:1227) [hadoop-common-3.3.6.jar:?]
	at org.apache.hadoop.ipc.Server$RpcCall.run(Server.java:1094) [hadoop-common-3.3.6.jar:?]
	at org.apache.hadoop.ipc.Server$RpcCall.run(Server.java:1017) [hadoop-common-3.3.6.jar:?]
	at java.security.AccessController.doPrivileged(Native Method) ~[?:1.8.0_382]
	at javax.security.auth.Subject.doAs(Subject.java:422) [?:1.8.0_382]
	at org.apache.hadoop.security.UserGroupInformation.doAs(UserGroupInformation.java:1899) [hadoop-common-3.3.6.jar:?]
	at org.apache.hadoop.ipc.Server$Handler.run(Server.java:3048) [hadoop-common-3.3.6.jar:?]
]]></system-out>
  </testcase>
  <testcase name="testRenameDir" classname="TestOzoneFileSystem" time="0.016">
    <system-out><![CDATA[2023-09-28 13:00:23,106 [Time-limited test] INFO  ozone.TestOzoneFileSystem (TestOzoneFileSystem.java:testRenameDir(1438)) - Created dir o3fs://bucket18921.volume08867/root_dir/dir1/sub_dir1
2023-09-28 13:00:23,106 [Time-limited test] INFO  ozone.TestOzoneFileSystem (TestOzoneFileSystem.java:testRenameDir(1439)) - Will move o3fs://bucket18921.volume08867/root_dir/dir1 to o3fs://bucket18921.volume08867/root_dir/dir1.renamed
13:00:23.108 [IPC Server handler 4 on default port 15163] ERROR OMAudit - user=runner | ip=127.0.0.1 | op=GET_FILE_STATUS {volume=volume08867, bucket=bucket18921, key=root_dir/dir1.renamed, dataSize=0, replicationConfig=null} | ret=FAILURE
org.apache.hadoop.ozone.om.exceptions.OMException: Unable to get file status: volume: volume08867 bucket: bucket18921 key: root_dir/dir1.renamed
	at org.apache.hadoop.ozone.om.KeyManagerImpl.getOzoneFileStatus(KeyManagerImpl.java:1198) ~[ozone-manager-1.4.0-SNAPSHOT.jar:?]
	at org.apache.hadoop.ozone.om.KeyManagerImpl.getFileStatus(KeyManagerImpl.java:1116) ~[ozone-manager-1.4.0-SNAPSHOT.jar:?]
	at org.apache.hadoop.ozone.om.OmMetadataReader.getFileStatus(OmMetadataReader.java:266) ~[ozone-manager-1.4.0-SNAPSHOT.jar:?]
	at org.apache.hadoop.ozone.om.OzoneManager.getFileStatus(OzoneManager.java:3552) ~[ozone-manager-1.4.0-SNAPSHOT.jar:?]
	at org.apache.hadoop.ozone.protocolPB.OzoneManagerRequestHandler.getOzoneFileStatus(OzoneManagerRequestHandler.java:998) ~[ozone-manager-1.4.0-SNAPSHOT.jar:?]
	at org.apache.hadoop.ozone.protocolPB.OzoneManagerRequestHandler.handleReadRequest(OzoneManagerRequestHandler.java:259) ~[ozone-manager-1.4.0-SNAPSHOT.jar:?]
	at org.apache.hadoop.ozone.protocolPB.OzoneManagerProtocolServerSideTranslatorPB.submitRequestDirectlyToOM(OzoneManagerProtocolServerSideTranslatorPB.java:274) ~[ozone-manager-1.4.0-SNAPSHOT.jar:?]
	at org.apache.hadoop.ozone.protocolPB.OzoneManagerProtocolServerSideTranslatorPB.processRequest(OzoneManagerProtocolServerSideTranslatorPB.java:175) ~[ozone-manager-1.4.0-SNAPSHOT.jar:?]
	at org.apache.hadoop.hdds.server.OzoneProtocolMessageDispatcher.processRequest(OzoneProtocolMessageDispatcher.java:87) [hdds-server-framework-1.4.0-SNAPSHOT.jar:?]
	at org.apache.hadoop.ozone.protocolPB.OzoneManagerProtocolServerSideTranslatorPB.submitRequest(OzoneManagerProtocolServerSideTranslatorPB.java:148) [ozone-manager-1.4.0-SNAPSHOT.jar:?]
	at org.apache.hadoop.ozone.protocol.proto.OzoneManagerProtocolProtos$OzoneManagerService$2.callBlockingMethod(OzoneManagerProtocolProtos.java) [ozone-interface-client-1.4.0-SNAPSHOT.jar:?]
	at org.apache.hadoop.ipc.ProtobufRpcEngine$Server.processCall(ProtobufRpcEngine.java:484) [hadoop-common-3.3.6.jar:?]
	at org.apache.hadoop.ipc.ProtobufRpcEngine2$Server$ProtoBufRpcInvoker.call(ProtobufRpcEngine2.java:595) [hadoop-common-3.3.6.jar:?]
	at org.apache.hadoop.ipc.ProtobufRpcEngine2$Server$ProtoBufRpcInvoker.call(ProtobufRpcEngine2.java:573) [hadoop-common-3.3.6.jar:?]
	at org.apache.hadoop.ipc.RPC$Server.call(RPC.java:1227) [hadoop-common-3.3.6.jar:?]
	at org.apache.hadoop.ipc.Server$RpcCall.run(Server.java:1094) [hadoop-common-3.3.6.jar:?]
	at org.apache.hadoop.ipc.Server$RpcCall.run(Server.java:1017) [hadoop-common-3.3.6.jar:?]
	at java.security.AccessController.doPrivileged(Native Method) ~[?:1.8.0_382]
	at javax.security.auth.Subject.doAs(Subject.java:422) [?:1.8.0_382]
	at org.apache.hadoop.security.UserGroupInformation.doAs(UserGroupInformation.java:1899) [hadoop-common-3.3.6.jar:?]
	at org.apache.hadoop.ipc.Server$Handler.run(Server.java:3048) [hadoop-common-3.3.6.jar:?]
]]></system-out>
  </testcase>
  <testcase name="testListStatusIteratorOnSubDirs" classname="TestOzoneFileSystem" time="0.087"/>
  <testcase name="testListStatusIteratorOnSubDirs" classname="TestOzoneFileSystem" time="0.028"/>
  <testcase name="testListStatusIteratorOnSubDirs" classname="TestOzoneFileSystem" time="0.027"/>
  <testcase name="testListStatusIteratorOnSubDirs" classname="TestOzoneFileSystem" time="0.027"/>
  <testcase name="testAllocateMoreThanOneBlock" classname="TestOzoneFileSystem" time="0.58">
    <system-out><![CDATA[2023-09-28 12:56:01,496 [IPC Server handler 14 on default port 15001] WARN  node.SCMNodeManager (SCMNodeManager.java:getNodesByAddress(1373)) - Cannot find node for address 127.0.0.1
]]></system-out>
  </testcase>
  <testcase name="testAllocateMoreThanOneBlock" classname="TestOzoneFileSystem" time="0.466">
    <system-out><![CDATA[2023-09-28 12:57:34,738 [0f9fbc80-e5a1-4c69-bc7e-bbf3cec1ed51@group-51F809C613ED-FollowerState] INFO  impl.FollowerState (FollowerState.java:run(143)) - 0f9fbc80-e5a1-4c69-bc7e-bbf3cec1ed51@group-51F809C613ED-FollowerState: change to CANDIDATE, lastRpcElapsedTime:5126047347ns, electionTimeout:5124ms
2023-09-28 12:57:34,738 [0f9fbc80-e5a1-4c69-bc7e-bbf3cec1ed51@group-51F809C613ED-FollowerState] INFO  impl.RoleInfo (RoleInfo.java:shutdownFollowerState(110)) - 0f9fbc80-e5a1-4c69-bc7e-bbf3cec1ed51: shutdown 0f9fbc80-e5a1-4c69-bc7e-bbf3cec1ed51@group-51F809C613ED-FollowerState
2023-09-28 12:57:34,738 [0f9fbc80-e5a1-4c69-bc7e-bbf3cec1ed51@group-51F809C613ED-FollowerState] INFO  server.RaftServer$Division (RaftServerImpl.java:setRole(329)) - 0f9fbc80-e5a1-4c69-bc7e-bbf3cec1ed51@group-51F809C613ED: changes role from  FOLLOWER to CANDIDATE at term 0 for changeToCandidate
2023-09-28 12:57:34,738 [0f9fbc80-e5a1-4c69-bc7e-bbf3cec1ed51@group-51F809C613ED-FollowerState] INFO  server.RaftServerConfigKeys (ConfUtils.java:logGet(46)) - raft.server.leaderelection.pre-vote = true (default)
2023-09-28 12:57:34,738 [0f9fbc80-e5a1-4c69-bc7e-bbf3cec1ed51@group-51F809C613ED-FollowerState] INFO  impl.RoleInfo (RoleInfo.java:updateAndGet(139)) - 0f9fbc80-e5a1-4c69-bc7e-bbf3cec1ed51: start 0f9fbc80-e5a1-4c69-bc7e-bbf3cec1ed51@group-51F809C613ED-LeaderElection15
2023-09-28 12:57:34,741 [0f9fbc80-e5a1-4c69-bc7e-bbf3cec1ed51@group-51F809C613ED-LeaderElection15] INFO  impl.LeaderElection (LeaderElection.java:askForVotes(321)) - 0f9fbc80-e5a1-4c69-bc7e-bbf3cec1ed51@group-51F809C613ED-LeaderElection15 PRE_VOTE round 0: submit vote requests at term 0 for -1: peers:[0f9fbc80-e5a1-4c69-bc7e-bbf3cec1ed51|rpc:10.1.0.34:15085|admin:10.1.0.34:15084|client:10.1.0.34:15083|dataStream:10.1.0.34:15086|priority:1|startupRole:FOLLOWER]|listeners:[], old=null
2023-09-28 12:57:34,741 [0f9fbc80-e5a1-4c69-bc7e-bbf3cec1ed51@group-51F809C613ED-LeaderElection15] INFO  impl.LeaderElection (LeaderElection.java:askForVotes(323)) - 0f9fbc80-e5a1-4c69-bc7e-bbf3cec1ed51@group-51F809C613ED-LeaderElection15 PRE_VOTE round 0: result PASSED (term=0)
2023-09-28 12:57:34,743 [0f9fbc80-e5a1-4c69-bc7e-bbf3cec1ed51@group-51F809C613ED-LeaderElection15] INFO  impl.LeaderElection (LeaderElection.java:askForVotes(321)) - 0f9fbc80-e5a1-4c69-bc7e-bbf3cec1ed51@group-51F809C613ED-LeaderElection15 ELECTION round 0: submit vote requests at term 1 for -1: peers:[0f9fbc80-e5a1-4c69-bc7e-bbf3cec1ed51|rpc:10.1.0.34:15085|admin:10.1.0.34:15084|client:10.1.0.34:15083|dataStream:10.1.0.34:15086|priority:1|startupRole:FOLLOWER]|listeners:[], old=null
2023-09-28 12:57:34,744 [0f9fbc80-e5a1-4c69-bc7e-bbf3cec1ed51@group-51F809C613ED-LeaderElection15] INFO  impl.LeaderElection (LeaderElection.java:askForVotes(323)) - 0f9fbc80-e5a1-4c69-bc7e-bbf3cec1ed51@group-51F809C613ED-LeaderElection15 ELECTION round 0: result PASSED (term=1)
2023-09-28 12:57:34,744 [0f9fbc80-e5a1-4c69-bc7e-bbf3cec1ed51@group-51F809C613ED-LeaderElection15] INFO  impl.RoleInfo (RoleInfo.java:shutdownLeaderElection(130)) - 0f9fbc80-e5a1-4c69-bc7e-bbf3cec1ed51: shutdown 0f9fbc80-e5a1-4c69-bc7e-bbf3cec1ed51@group-51F809C613ED-LeaderElection15
2023-09-28 12:57:34,744 [0f9fbc80-e5a1-4c69-bc7e-bbf3cec1ed51@group-51F809C613ED-LeaderElection15] INFO  server.RaftServer$Division (RaftServerImpl.java:setRole(329)) - 0f9fbc80-e5a1-4c69-bc7e-bbf3cec1ed51@group-51F809C613ED: changes role from CANDIDATE to LEADER at term 1 for changeToLeader
2023-09-28 12:57:34,744 [0f9fbc80-e5a1-4c69-bc7e-bbf3cec1ed51@group-51F809C613ED-LeaderElection15] INFO  ratis.XceiverServerRatis (XceiverServerRatis.java:handleLeaderChangedNotification(902)) - Leader change notification received for group: group-51F809C613ED with new leaderId: 0f9fbc80-e5a1-4c69-bc7e-bbf3cec1ed51
2023-09-28 12:57:34,744 [0f9fbc80-e5a1-4c69-bc7e-bbf3cec1ed51@group-51F809C613ED-LeaderElection15] INFO  server.RaftServer$Division (ServerState.java:setLeader(317)) - 0f9fbc80-e5a1-4c69-bc7e-bbf3cec1ed51@group-51F809C613ED: change Leader from null to 0f9fbc80-e5a1-4c69-bc7e-bbf3cec1ed51 at term 1 for becomeLeader, leader elected after 5153ms
2023-09-28 12:57:34,744 [0f9fbc80-e5a1-4c69-bc7e-bbf3cec1ed51@group-51F809C613ED-LeaderElection15] INFO  server.RaftServerConfigKeys (ConfUtils.java:logGet(46)) - raft.server.staging.catchup.gap = 1000 (default)
2023-09-28 12:57:34,748 [0f9fbc80-e5a1-4c69-bc7e-bbf3cec1ed51@group-51F809C613ED-LeaderElection15] INFO  server.RaftServerConfigKeys (ConfUtils.java:logGet(46)) - raft.server.write.element-limit = 1024 (custom)
2023-09-28 12:57:34,748 [0f9fbc80-e5a1-4c69-bc7e-bbf3cec1ed51@group-51F809C613ED-LeaderElection15] INFO  server.RaftServerConfigKeys (ConfUtils.java:logGet(46)) - raft.server.write.byte-limit = 1024 M (=1073741824) (custom)
2023-09-28 12:57:34,748 [0f9fbc80-e5a1-4c69-bc7e-bbf3cec1ed51@group-51F809C613ED-LeaderElection15] INFO  server.RaftServerConfigKeys (ConfUtils.java:logGet(46)) - raft.server.watch.timeout = 180s (custom)
2023-09-28 12:57:34,748 [0f9fbc80-e5a1-4c69-bc7e-bbf3cec1ed51@group-51F809C613ED-LeaderElection15] INFO  server.RaftServerConfigKeys (ConfUtils.java:logGet(46)) - raft.server.watch.timeout.denomination = 1s (default)
2023-09-28 12:57:34,748 [0f9fbc80-e5a1-4c69-bc7e-bbf3cec1ed51@group-51F809C613ED-LeaderElection15] INFO  server.RaftServerConfigKeys (ConfUtils.java:logGet(46)) - raft.server.watch.element-limit = 65536 (default)
2023-09-28 12:57:34,748 [0f9fbc80-e5a1-4c69-bc7e-bbf3cec1ed51@group-51F809C613ED-LeaderElection15] INFO  server.RaftServerConfigKeys (ConfUtils.java:logGet(46)) - raft.server.write.element-limit = 1024 (custom)
2023-09-28 12:57:34,748 [0f9fbc80-e5a1-4c69-bc7e-bbf3cec1ed51@group-51F809C613ED-LeaderElection15] INFO  server.RaftServerConfigKeys (ConfUtils.java:logGet(46)) - raft.server.write.follower.gap.ratio.max = -1.0 (default)
2023-09-28 12:57:34,748 [0f9fbc80-e5a1-4c69-bc7e-bbf3cec1ed51@group-51F809C613ED-LeaderElection15] INFO  impl.RoleInfo (RoleInfo.java:updateAndGet(139)) - 0f9fbc80-e5a1-4c69-bc7e-bbf3cec1ed51: start 0f9fbc80-e5a1-4c69-bc7e-bbf3cec1ed51@group-51F809C613ED-LeaderStateImpl
2023-09-28 12:57:34,751 [0f9fbc80-e5a1-4c69-bc7e-bbf3cec1ed51@group-51F809C613ED-LeaderElection15] INFO  segmented.SegmentedRaftLogWorker (SegmentedRaftLogWorker.java:startLogSegment(447)) - 0f9fbc80-e5a1-4c69-bc7e-bbf3cec1ed51@group-51F809C613ED-SegmentedRaftLogWorker: Starting segment from index:0
2023-09-28 12:57:34,752 [0f9fbc80-e5a1-4c69-bc7e-bbf3cec1ed51@group-51F809C613ED-SegmentedRaftLogWorker] INFO  segmented.SegmentedRaftLogWorker (SegmentedRaftLogWorker.java:execute(651)) - 0f9fbc80-e5a1-4c69-bc7e-bbf3cec1ed51@group-51F809C613ED-SegmentedRaftLogWorker: created new log segment /home/runner/work/ozone/ozone/hadoop-ozone/integration-test/target/test-dir/MiniOzoneClusterImpl-e5738b5b-ff1d-4187-9339-882699725c5e/datanode-2/data/ratis/a8a81b86-618d-4082-af7f-51f809c613ed/current/log_inprogress_0
2023-09-28 12:57:34,756 [0f9fbc80-e5a1-4c69-bc7e-bbf3cec1ed51@group-51F809C613ED-LeaderElection15] INFO  server.RaftServer$Division (ServerState.java:setRaftConf(434)) - 0f9fbc80-e5a1-4c69-bc7e-bbf3cec1ed51@group-51F809C613ED: set configuration 0: peers:[0f9fbc80-e5a1-4c69-bc7e-bbf3cec1ed51|rpc:10.1.0.34:15085|admin:10.1.0.34:15084|client:10.1.0.34:15083|dataStream:10.1.0.34:15086|priority:1|startupRole:FOLLOWER]|listeners:[], old=null
2023-09-28 12:57:35,023 [3367f98c-98b8-4b1e-994c-c2057e541421@group-2D8E62EDE98C-FollowerState] INFO  impl.FollowerState (FollowerState.java:run(143)) - 3367f98c-98b8-4b1e-994c-c2057e541421@group-2D8E62EDE98C-FollowerState: change to CANDIDATE, lastRpcElapsedTime:5094667794ns, electionTimeout:5094ms
2023-09-28 12:57:35,024 [3367f98c-98b8-4b1e-994c-c2057e541421@group-2D8E62EDE98C-FollowerState] INFO  impl.RoleInfo (RoleInfo.java:shutdownFollowerState(110)) - 3367f98c-98b8-4b1e-994c-c2057e541421: shutdown 3367f98c-98b8-4b1e-994c-c2057e541421@group-2D8E62EDE98C-FollowerState
2023-09-28 12:57:35,024 [3367f98c-98b8-4b1e-994c-c2057e541421@group-2D8E62EDE98C-FollowerState] INFO  server.RaftServer$Division (RaftServerImpl.java:setRole(329)) - 3367f98c-98b8-4b1e-994c-c2057e541421@group-2D8E62EDE98C: changes role from  FOLLOWER to CANDIDATE at term 0 for changeToCandidate
2023-09-28 12:57:35,026 [3367f98c-98b8-4b1e-994c-c2057e541421@group-2D8E62EDE98C-FollowerState] INFO  server.RaftServerConfigKeys (ConfUtils.java:logGet(46)) - raft.server.leaderelection.pre-vote = true (default)
2023-09-28 12:57:35,026 [3367f98c-98b8-4b1e-994c-c2057e541421@group-2D8E62EDE98C-FollowerState] INFO  impl.RoleInfo (RoleInfo.java:updateAndGet(139)) - 3367f98c-98b8-4b1e-994c-c2057e541421: start 3367f98c-98b8-4b1e-994c-c2057e541421@group-2D8E62EDE98C-LeaderElection16
2023-09-28 12:57:35,041 [3367f98c-98b8-4b1e-994c-c2057e541421@group-2D8E62EDE98C-LeaderElection16] INFO  impl.LeaderElection (LeaderElection.java:askForVotes(321)) - 3367f98c-98b8-4b1e-994c-c2057e541421@group-2D8E62EDE98C-LeaderElection16 PRE_VOTE round 0: submit vote requests at term 0 for -1: peers:[3367f98c-98b8-4b1e-994c-c2057e541421|rpc:10.1.0.34:15094|admin:10.1.0.34:15093|client:10.1.0.34:15092|dataStream:10.1.0.34:15095|priority:1|startupRole:FOLLOWER]|listeners:[], old=null
2023-09-28 12:57:35,041 [3367f98c-98b8-4b1e-994c-c2057e541421@group-2D8E62EDE98C-LeaderElection16] INFO  impl.LeaderElection (LeaderElection.java:askForVotes(323)) - 3367f98c-98b8-4b1e-994c-c2057e541421@group-2D8E62EDE98C-LeaderElection16 PRE_VOTE round 0: result PASSED (term=0)
2023-09-28 12:57:35,043 [3367f98c-98b8-4b1e-994c-c2057e541421@group-2D8E62EDE98C-LeaderElection16] INFO  impl.LeaderElection (LeaderElection.java:askForVotes(321)) - 3367f98c-98b8-4b1e-994c-c2057e541421@group-2D8E62EDE98C-LeaderElection16 ELECTION round 0: submit vote requests at term 1 for -1: peers:[3367f98c-98b8-4b1e-994c-c2057e541421|rpc:10.1.0.34:15094|admin:10.1.0.34:15093|client:10.1.0.34:15092|dataStream:10.1.0.34:15095|priority:1|startupRole:FOLLOWER]|listeners:[], old=null
2023-09-28 12:57:35,043 [3367f98c-98b8-4b1e-994c-c2057e541421@group-2D8E62EDE98C-LeaderElection16] INFO  impl.LeaderElection (LeaderElection.java:askForVotes(323)) - 3367f98c-98b8-4b1e-994c-c2057e541421@group-2D8E62EDE98C-LeaderElection16 ELECTION round 0: result PASSED (term=1)
2023-09-28 12:57:35,043 [3367f98c-98b8-4b1e-994c-c2057e541421@group-2D8E62EDE98C-LeaderElection16] INFO  impl.RoleInfo (RoleInfo.java:shutdownLeaderElection(130)) - 3367f98c-98b8-4b1e-994c-c2057e541421: shutdown 3367f98c-98b8-4b1e-994c-c2057e541421@group-2D8E62EDE98C-LeaderElection16
2023-09-28 12:57:35,043 [3367f98c-98b8-4b1e-994c-c2057e541421@group-2D8E62EDE98C-LeaderElection16] INFO  server.RaftServer$Division (RaftServerImpl.java:setRole(329)) - 3367f98c-98b8-4b1e-994c-c2057e541421@group-2D8E62EDE98C: changes role from CANDIDATE to LEADER at term 1 for changeToLeader
2023-09-28 12:57:35,043 [3367f98c-98b8-4b1e-994c-c2057e541421@group-2D8E62EDE98C-LeaderElection16] INFO  ratis.XceiverServerRatis (XceiverServerRatis.java:handleLeaderChangedNotification(902)) - Leader change notification received for group: group-2D8E62EDE98C with new leaderId: 3367f98c-98b8-4b1e-994c-c2057e541421
2023-09-28 12:57:35,043 [3367f98c-98b8-4b1e-994c-c2057e541421@group-2D8E62EDE98C-LeaderElection16] INFO  server.RaftServer$Division (ServerState.java:setLeader(317)) - 3367f98c-98b8-4b1e-994c-c2057e541421@group-2D8E62EDE98C: change Leader from null to 3367f98c-98b8-4b1e-994c-c2057e541421 at term 1 for becomeLeader, leader elected after 5130ms
2023-09-28 12:57:35,043 [3367f98c-98b8-4b1e-994c-c2057e541421@group-2D8E62EDE98C-LeaderElection16] INFO  server.RaftServerConfigKeys (ConfUtils.java:logGet(46)) - raft.server.staging.catchup.gap = 1000 (default)
2023-09-28 12:57:35,043 [3367f98c-98b8-4b1e-994c-c2057e541421@group-2D8E62EDE98C-LeaderElection16] INFO  server.RaftServerConfigKeys (ConfUtils.java:logGet(46)) - raft.server.write.element-limit = 1024 (custom)
2023-09-28 12:57:35,043 [3367f98c-98b8-4b1e-994c-c2057e541421@group-2D8E62EDE98C-LeaderElection16] INFO  server.RaftServerConfigKeys (ConfUtils.java:logGet(46)) - raft.server.write.byte-limit = 1024 M (=1073741824) (custom)
2023-09-28 12:57:35,044 [3367f98c-98b8-4b1e-994c-c2057e541421@group-2D8E62EDE98C-LeaderElection16] INFO  server.RaftServerConfigKeys (ConfUtils.java:logGet(46)) - raft.server.watch.timeout = 180s (custom)
2023-09-28 12:57:35,044 [3367f98c-98b8-4b1e-994c-c2057e541421@group-2D8E62EDE98C-LeaderElection16] INFO  server.RaftServerConfigKeys (ConfUtils.java:logGet(46)) - raft.server.watch.timeout.denomination = 1s (default)
2023-09-28 12:57:35,044 [3367f98c-98b8-4b1e-994c-c2057e541421@group-2D8E62EDE98C-LeaderElection16] INFO  server.RaftServerConfigKeys (ConfUtils.java:logGet(46)) - raft.server.watch.element-limit = 65536 (default)
2023-09-28 12:57:35,044 [3367f98c-98b8-4b1e-994c-c2057e541421@group-2D8E62EDE98C-LeaderElection16] INFO  server.RaftServerConfigKeys (ConfUtils.java:logGet(46)) - raft.server.write.element-limit = 1024 (custom)
2023-09-28 12:57:35,044 [3367f98c-98b8-4b1e-994c-c2057e541421@group-2D8E62EDE98C-LeaderElection16] INFO  server.RaftServerConfigKeys (ConfUtils.java:logGet(46)) - raft.server.write.follower.gap.ratio.max = -1.0 (default)
2023-09-28 12:57:35,044 [3367f98c-98b8-4b1e-994c-c2057e541421@group-2D8E62EDE98C-LeaderElection16] INFO  impl.RoleInfo (RoleInfo.java:updateAndGet(139)) - 3367f98c-98b8-4b1e-994c-c2057e541421: start 3367f98c-98b8-4b1e-994c-c2057e541421@group-2D8E62EDE98C-LeaderStateImpl
2023-09-28 12:57:35,044 [3367f98c-98b8-4b1e-994c-c2057e541421@group-2D8E62EDE98C-LeaderElection16] INFO  segmented.SegmentedRaftLogWorker (SegmentedRaftLogWorker.java:startLogSegment(447)) - 3367f98c-98b8-4b1e-994c-c2057e541421@group-2D8E62EDE98C-SegmentedRaftLogWorker: Starting segment from index:0
2023-09-28 12:57:35,050 [3367f98c-98b8-4b1e-994c-c2057e541421@group-2D8E62EDE98C-LeaderElection16] INFO  server.RaftServer$Division (ServerState.java:setRaftConf(434)) - 3367f98c-98b8-4b1e-994c-c2057e541421@group-2D8E62EDE98C: set configuration 0: peers:[3367f98c-98b8-4b1e-994c-c2057e541421|rpc:10.1.0.34:15094|admin:10.1.0.34:15093|client:10.1.0.34:15092|dataStream:10.1.0.34:15095|priority:1|startupRole:FOLLOWER]|listeners:[], old=null
2023-09-28 12:57:35,051 [3367f98c-98b8-4b1e-994c-c2057e541421@group-2D8E62EDE98C-SegmentedRaftLogWorker] INFO  segmented.SegmentedRaftLogWorker (SegmentedRaftLogWorker.java:execute(651)) - 3367f98c-98b8-4b1e-994c-c2057e541421@group-2D8E62EDE98C-SegmentedRaftLogWorker: created new log segment /home/runner/work/ozone/ozone/hadoop-ozone/integration-test/target/test-dir/MiniOzoneClusterImpl-e5738b5b-ff1d-4187-9339-882699725c5e/datanode-3/data/ratis/fafaf605-d5d1-4545-9978-2d8e62ede98c/current/log_inprogress_0
2023-09-28 12:57:35,184 [IPC Server handler 9 on default port 15054] WARN  node.SCMNodeManager (SCMNodeManager.java:getNodesByAddress(1373)) - Cannot find node for address 127.0.0.1
]]></system-out>
  </testcase>
  <testcase name="testAllocateMoreThanOneBlock" classname="TestOzoneFileSystem" time="0.342">
    <system-out><![CDATA[2023-09-28 12:58:49,557 [5e08d1c9-8c08-4060-98f0-ffeffb182171@group-14816746C428-FollowerState] INFO  impl.FollowerState (FollowerState.java:run(143)) - 5e08d1c9-8c08-4060-98f0-ffeffb182171@group-14816746C428-FollowerState: change to CANDIDATE, lastRpcElapsedTime:5199012730ns, electionTimeout:5196ms
2023-09-28 12:58:49,557 [5e08d1c9-8c08-4060-98f0-ffeffb182171@group-14816746C428-FollowerState] INFO  impl.RoleInfo (RoleInfo.java:shutdownFollowerState(110)) - 5e08d1c9-8c08-4060-98f0-ffeffb182171: shutdown 5e08d1c9-8c08-4060-98f0-ffeffb182171@group-14816746C428-FollowerState
2023-09-28 12:58:49,557 [5e08d1c9-8c08-4060-98f0-ffeffb182171@group-14816746C428-FollowerState] INFO  server.RaftServer$Division (RaftServerImpl.java:setRole(329)) - 5e08d1c9-8c08-4060-98f0-ffeffb182171@group-14816746C428: changes role from  FOLLOWER to CANDIDATE at term 0 for changeToCandidate
2023-09-28 12:58:49,557 [5e08d1c9-8c08-4060-98f0-ffeffb182171@group-14816746C428-FollowerState] INFO  server.RaftServerConfigKeys (ConfUtils.java:logGet(46)) - raft.server.leaderelection.pre-vote = true (default)
2023-09-28 12:58:49,557 [5e08d1c9-8c08-4060-98f0-ffeffb182171@group-14816746C428-FollowerState] INFO  impl.RoleInfo (RoleInfo.java:updateAndGet(139)) - 5e08d1c9-8c08-4060-98f0-ffeffb182171: start 5e08d1c9-8c08-4060-98f0-ffeffb182171@group-14816746C428-LeaderElection24
2023-09-28 12:58:49,565 [5e08d1c9-8c08-4060-98f0-ffeffb182171@group-14816746C428-LeaderElection24] INFO  impl.LeaderElection (LeaderElection.java:askForVotes(321)) - 5e08d1c9-8c08-4060-98f0-ffeffb182171@group-14816746C428-LeaderElection24 PRE_VOTE round 0: submit vote requests at term 0 for -1: peers:[5e08d1c9-8c08-4060-98f0-ffeffb182171|rpc:10.1.0.34:15138|admin:10.1.0.34:15137|client:10.1.0.34:15136|dataStream:10.1.0.34:15139|priority:1|startupRole:FOLLOWER]|listeners:[], old=null
2023-09-28 12:58:49,565 [5e08d1c9-8c08-4060-98f0-ffeffb182171@group-14816746C428-LeaderElection24] INFO  impl.LeaderElection (LeaderElection.java:askForVotes(323)) - 5e08d1c9-8c08-4060-98f0-ffeffb182171@group-14816746C428-LeaderElection24 PRE_VOTE round 0: result PASSED (term=0)
2023-09-28 12:58:49,569 [5e08d1c9-8c08-4060-98f0-ffeffb182171@group-14816746C428-LeaderElection24] INFO  impl.LeaderElection (LeaderElection.java:askForVotes(321)) - 5e08d1c9-8c08-4060-98f0-ffeffb182171@group-14816746C428-LeaderElection24 ELECTION round 0: submit vote requests at term 1 for -1: peers:[5e08d1c9-8c08-4060-98f0-ffeffb182171|rpc:10.1.0.34:15138|admin:10.1.0.34:15137|client:10.1.0.34:15136|dataStream:10.1.0.34:15139|priority:1|startupRole:FOLLOWER]|listeners:[], old=null
2023-09-28 12:58:49,569 [5e08d1c9-8c08-4060-98f0-ffeffb182171@group-14816746C428-LeaderElection24] INFO  impl.LeaderElection (LeaderElection.java:askForVotes(323)) - 5e08d1c9-8c08-4060-98f0-ffeffb182171@group-14816746C428-LeaderElection24 ELECTION round 0: result PASSED (term=1)
2023-09-28 12:58:49,569 [5e08d1c9-8c08-4060-98f0-ffeffb182171@group-14816746C428-LeaderElection24] INFO  impl.RoleInfo (RoleInfo.java:shutdownLeaderElection(130)) - 5e08d1c9-8c08-4060-98f0-ffeffb182171: shutdown 5e08d1c9-8c08-4060-98f0-ffeffb182171@group-14816746C428-LeaderElection24
2023-09-28 12:58:49,569 [5e08d1c9-8c08-4060-98f0-ffeffb182171@group-14816746C428-LeaderElection24] INFO  server.RaftServer$Division (RaftServerImpl.java:setRole(329)) - 5e08d1c9-8c08-4060-98f0-ffeffb182171@group-14816746C428: changes role from CANDIDATE to LEADER at term 1 for changeToLeader
2023-09-28 12:58:49,569 [5e08d1c9-8c08-4060-98f0-ffeffb182171@group-14816746C428-LeaderElection24] INFO  ratis.XceiverServerRatis (XceiverServerRatis.java:handleLeaderChangedNotification(902)) - Leader change notification received for group: group-14816746C428 with new leaderId: 5e08d1c9-8c08-4060-98f0-ffeffb182171
2023-09-28 12:58:49,570 [5e08d1c9-8c08-4060-98f0-ffeffb182171@group-14816746C428-LeaderElection24] INFO  server.RaftServer$Division (ServerState.java:setLeader(317)) - 5e08d1c9-8c08-4060-98f0-ffeffb182171@group-14816746C428: change Leader from null to 5e08d1c9-8c08-4060-98f0-ffeffb182171 at term 1 for becomeLeader, leader elected after 5225ms
2023-09-28 12:58:49,570 [5e08d1c9-8c08-4060-98f0-ffeffb182171@group-14816746C428-LeaderElection24] INFO  server.RaftServerConfigKeys (ConfUtils.java:logGet(46)) - raft.server.staging.catchup.gap = 1000 (default)
2023-09-28 12:58:49,570 [5e08d1c9-8c08-4060-98f0-ffeffb182171@group-14816746C428-LeaderElection24] INFO  server.RaftServerConfigKeys (ConfUtils.java:logGet(46)) - raft.server.write.element-limit = 1024 (custom)
2023-09-28 12:58:49,570 [5e08d1c9-8c08-4060-98f0-ffeffb182171@group-14816746C428-LeaderElection24] INFO  server.RaftServerConfigKeys (ConfUtils.java:logGet(46)) - raft.server.write.byte-limit = 1024 M (=1073741824) (custom)
2023-09-28 12:58:49,593 [5e08d1c9-8c08-4060-98f0-ffeffb182171@group-14816746C428-LeaderElection24] INFO  server.RaftServerConfigKeys (ConfUtils.java:logGet(46)) - raft.server.watch.timeout = 180s (custom)
2023-09-28 12:58:49,593 [5e08d1c9-8c08-4060-98f0-ffeffb182171@group-14816746C428-LeaderElection24] INFO  server.RaftServerConfigKeys (ConfUtils.java:logGet(46)) - raft.server.watch.timeout.denomination = 1s (default)
2023-09-28 12:58:49,593 [5e08d1c9-8c08-4060-98f0-ffeffb182171@group-14816746C428-LeaderElection24] INFO  server.RaftServerConfigKeys (ConfUtils.java:logGet(46)) - raft.server.watch.element-limit = 65536 (default)
2023-09-28 12:58:49,593 [5e08d1c9-8c08-4060-98f0-ffeffb182171@group-14816746C428-LeaderElection24] INFO  server.RaftServerConfigKeys (ConfUtils.java:logGet(46)) - raft.server.write.element-limit = 1024 (custom)
2023-09-28 12:58:49,593 [5e08d1c9-8c08-4060-98f0-ffeffb182171@group-14816746C428-LeaderElection24] INFO  server.RaftServerConfigKeys (ConfUtils.java:logGet(46)) - raft.server.write.follower.gap.ratio.max = -1.0 (default)
2023-09-28 12:58:49,593 [5e08d1c9-8c08-4060-98f0-ffeffb182171@group-14816746C428-LeaderElection24] INFO  impl.RoleInfo (RoleInfo.java:updateAndGet(139)) - 5e08d1c9-8c08-4060-98f0-ffeffb182171: start 5e08d1c9-8c08-4060-98f0-ffeffb182171@group-14816746C428-LeaderStateImpl
2023-09-28 12:58:49,593 [5e08d1c9-8c08-4060-98f0-ffeffb182171@group-14816746C428-LeaderElection24] INFO  segmented.SegmentedRaftLogWorker (SegmentedRaftLogWorker.java:startLogSegment(447)) - 5e08d1c9-8c08-4060-98f0-ffeffb182171@group-14816746C428-SegmentedRaftLogWorker: Starting segment from index:0
2023-09-28 12:58:49,602 [5e08d1c9-8c08-4060-98f0-ffeffb182171@group-14816746C428-SegmentedRaftLogWorker] INFO  segmented.SegmentedRaftLogWorker (SegmentedRaftLogWorker.java:execute(651)) - 5e08d1c9-8c08-4060-98f0-ffeffb182171@group-14816746C428-SegmentedRaftLogWorker: created new log segment /home/runner/work/ozone/ozone/hadoop-ozone/integration-test/target/test-dir/MiniOzoneClusterImpl-1f8fe502-6e97-4a32-9c6f-93491b2fe8ad/datanode-2/data/ratis/c677a82f-a99a-43fa-a7d3-14816746c428/current/log_inprogress_0
2023-09-28 12:58:49,629 [5e08d1c9-8c08-4060-98f0-ffeffb182171@group-14816746C428-LeaderElection24] INFO  server.RaftServer$Division (ServerState.java:setRaftConf(434)) - 5e08d1c9-8c08-4060-98f0-ffeffb182171@group-14816746C428: set configuration 0: peers:[5e08d1c9-8c08-4060-98f0-ffeffb182171|rpc:10.1.0.34:15138|admin:10.1.0.34:15137|client:10.1.0.34:15136|dataStream:10.1.0.34:15139|priority:1|startupRole:FOLLOWER]|listeners:[], old=null
2023-09-28 12:58:49,754 [IPC Server handler 18 on default port 15107] WARN  node.SCMNodeManager (SCMNodeManager.java:getNodesByAddress(1373)) - Cannot find node for address 127.0.0.1
]]></system-out>
  </testcase>
  <testcase name="testAllocateMoreThanOneBlock" classname="TestOzoneFileSystem" time="0.358">
    <system-out><![CDATA[2023-09-28 13:00:23,499 [IPC Server handler 12 on default port 15160] WARN  node.SCMNodeManager (SCMNodeManager.java:getNodesByAddress(1373)) - Cannot find node for address 127.0.0.1
]]></system-out>
  </testcase>
  <testcase name="testRenameToExistingDir" classname="TestOzoneFileSystem" time="0.071">
    <system-out><![CDATA[12:56:01.545 [IPC Server handler 14 on default port 15004] ERROR OMAudit - user=runner | ip=127.0.0.1 | op=LIST_STATUS {volume=volume53983, bucket=bucket27347, key=b/a, dataSize=0, replicationConfig=null} | ret=FAILURE
org.apache.hadoop.ozone.om.exceptions.OMException: Unable to get file status: volume: volume53983 bucket: bucket27347 key: b/a
	at org.apache.hadoop.ozone.om.KeyManagerImpl.getOzoneFileStatus(KeyManagerImpl.java:1198) ~[ozone-manager-1.4.0-SNAPSHOT.jar:?]
	at org.apache.hadoop.ozone.om.KeyManagerImpl.getFileStatus(KeyManagerImpl.java:1116) ~[ozone-manager-1.4.0-SNAPSHOT.jar:?]
	at org.apache.hadoop.ozone.om.KeyManagerImpl.listStatus(KeyManagerImpl.java:1521) ~[ozone-manager-1.4.0-SNAPSHOT.jar:?]
	at org.apache.hadoop.ozone.om.OmMetadataReader.listStatus(OmMetadataReader.java:239) ~[ozone-manager-1.4.0-SNAPSHOT.jar:?]
	at org.apache.hadoop.ozone.om.OzoneManager.listStatus(OzoneManager.java:3582) ~[ozone-manager-1.4.0-SNAPSHOT.jar:?]
	at org.apache.hadoop.ozone.protocolPB.OzoneManagerRequestHandler.listStatus(OzoneManagerRequestHandler.java:1170) ~[ozone-manager-1.4.0-SNAPSHOT.jar:?]
	at org.apache.hadoop.ozone.protocolPB.OzoneManagerRequestHandler.handleReadRequest(OzoneManagerRequestHandler.java:270) ~[ozone-manager-1.4.0-SNAPSHOT.jar:?]
	at org.apache.hadoop.ozone.protocolPB.OzoneManagerProtocolServerSideTranslatorPB.submitReadRequestToOM(OzoneManagerProtocolServerSideTranslatorPB.java:225) ~[ozone-manager-1.4.0-SNAPSHOT.jar:?]
	at org.apache.hadoop.ozone.protocolPB.OzoneManagerProtocolServerSideTranslatorPB.processRequest(OzoneManagerProtocolServerSideTranslatorPB.java:179) ~[ozone-manager-1.4.0-SNAPSHOT.jar:?]
	at org.apache.hadoop.hdds.server.OzoneProtocolMessageDispatcher.processRequest(OzoneProtocolMessageDispatcher.java:87) [hdds-server-framework-1.4.0-SNAPSHOT.jar:?]
	at org.apache.hadoop.ozone.protocolPB.OzoneManagerProtocolServerSideTranslatorPB.submitRequest(OzoneManagerProtocolServerSideTranslatorPB.java:148) [ozone-manager-1.4.0-SNAPSHOT.jar:?]
	at org.apache.hadoop.ozone.protocol.proto.OzoneManagerProtocolProtos$OzoneManagerService$2.callBlockingMethod(OzoneManagerProtocolProtos.java) [ozone-interface-client-1.4.0-SNAPSHOT.jar:?]
	at org.apache.hadoop.ipc.ProtobufRpcEngine$Server.processCall(ProtobufRpcEngine.java:484) [hadoop-common-3.3.6.jar:?]
	at org.apache.hadoop.ipc.ProtobufRpcEngine2$Server$ProtoBufRpcInvoker.call(ProtobufRpcEngine2.java:595) [hadoop-common-3.3.6.jar:?]
	at org.apache.hadoop.ipc.ProtobufRpcEngine2$Server$ProtoBufRpcInvoker.call(ProtobufRpcEngine2.java:573) [hadoop-common-3.3.6.jar:?]
	at org.apache.hadoop.ipc.RPC$Server.call(RPC.java:1227) [hadoop-common-3.3.6.jar:?]
	at org.apache.hadoop.ipc.Server$RpcCall.run(Server.java:1094) [hadoop-common-3.3.6.jar:?]
	at org.apache.hadoop.ipc.Server$RpcCall.run(Server.java:1017) [hadoop-common-3.3.6.jar:?]
	at java.security.AccessController.doPrivileged(Native Method) ~[?:1.8.0_382]
	at javax.security.auth.Subject.doAs(Subject.java:422) [?:1.8.0_382]
	at org.apache.hadoop.security.UserGroupInformation.doAs(UserGroupInformation.java:1899) [hadoop-common-3.3.6.jar:?]
	at org.apache.hadoop.ipc.Server$Handler.run(Server.java:3048) [hadoop-common-3.3.6.jar:?]
]]></system-out>
  </testcase>
  <testcase name="testRenameToExistingDir" classname="TestOzoneFileSystem" time="0.025">
    <system-out><![CDATA[12:57:35.206 [IPC Server handler 6 on default port 15057] ERROR OMAudit - user=runner | ip=127.0.0.1 | op=LIST_STATUS {volume=volume37469, bucket=bucket23551, key=b/a, dataSize=0, replicationConfig=null} | ret=FAILURE
org.apache.hadoop.ozone.om.exceptions.OMException: Unable to get file status: volume: volume37469 bucket: bucket23551 key: b/a
	at org.apache.hadoop.ozone.om.KeyManagerImpl.getOzoneFileStatus(KeyManagerImpl.java:1198) ~[ozone-manager-1.4.0-SNAPSHOT.jar:?]
	at org.apache.hadoop.ozone.om.KeyManagerImpl.getFileStatus(KeyManagerImpl.java:1116) ~[ozone-manager-1.4.0-SNAPSHOT.jar:?]
	at org.apache.hadoop.ozone.om.KeyManagerImpl.listStatus(KeyManagerImpl.java:1521) ~[ozone-manager-1.4.0-SNAPSHOT.jar:?]
	at org.apache.hadoop.ozone.om.OmMetadataReader.listStatus(OmMetadataReader.java:239) ~[ozone-manager-1.4.0-SNAPSHOT.jar:?]
	at org.apache.hadoop.ozone.om.OzoneManager.listStatus(OzoneManager.java:3582) ~[ozone-manager-1.4.0-SNAPSHOT.jar:?]
	at org.apache.hadoop.ozone.protocolPB.OzoneManagerRequestHandler.listStatus(OzoneManagerRequestHandler.java:1170) ~[ozone-manager-1.4.0-SNAPSHOT.jar:?]
	at org.apache.hadoop.ozone.protocolPB.OzoneManagerRequestHandler.handleReadRequest(OzoneManagerRequestHandler.java:270) ~[ozone-manager-1.4.0-SNAPSHOT.jar:?]
	at org.apache.hadoop.ozone.protocolPB.OzoneManagerProtocolServerSideTranslatorPB.submitRequestDirectlyToOM(OzoneManagerProtocolServerSideTranslatorPB.java:274) ~[ozone-manager-1.4.0-SNAPSHOT.jar:?]
	at org.apache.hadoop.ozone.protocolPB.OzoneManagerProtocolServerSideTranslatorPB.processRequest(OzoneManagerProtocolServerSideTranslatorPB.java:175) ~[ozone-manager-1.4.0-SNAPSHOT.jar:?]
	at org.apache.hadoop.hdds.server.OzoneProtocolMessageDispatcher.processRequest(OzoneProtocolMessageDispatcher.java:87) [hdds-server-framework-1.4.0-SNAPSHOT.jar:?]
	at org.apache.hadoop.ozone.protocolPB.OzoneManagerProtocolServerSideTranslatorPB.submitRequest(OzoneManagerProtocolServerSideTranslatorPB.java:148) [ozone-manager-1.4.0-SNAPSHOT.jar:?]
	at org.apache.hadoop.ozone.protocol.proto.OzoneManagerProtocolProtos$OzoneManagerService$2.callBlockingMethod(OzoneManagerProtocolProtos.java) [ozone-interface-client-1.4.0-SNAPSHOT.jar:?]
	at org.apache.hadoop.ipc.ProtobufRpcEngine$Server.processCall(ProtobufRpcEngine.java:484) [hadoop-common-3.3.6.jar:?]
	at org.apache.hadoop.ipc.ProtobufRpcEngine2$Server$ProtoBufRpcInvoker.call(ProtobufRpcEngine2.java:595) [hadoop-common-3.3.6.jar:?]
	at org.apache.hadoop.ipc.ProtobufRpcEngine2$Server$ProtoBufRpcInvoker.call(ProtobufRpcEngine2.java:573) [hadoop-common-3.3.6.jar:?]
	at org.apache.hadoop.ipc.RPC$Server.call(RPC.java:1227) [hadoop-common-3.3.6.jar:?]
	at org.apache.hadoop.ipc.Server$RpcCall.run(Server.java:1094) [hadoop-common-3.3.6.jar:?]
	at org.apache.hadoop.ipc.Server$RpcCall.run(Server.java:1017) [hadoop-common-3.3.6.jar:?]
	at java.security.AccessController.doPrivileged(Native Method) ~[?:1.8.0_382]
	at javax.security.auth.Subject.doAs(Subject.java:422) [?:1.8.0_382]
	at org.apache.hadoop.security.UserGroupInformation.doAs(UserGroupInformation.java:1899) [hadoop-common-3.3.6.jar:?]
	at org.apache.hadoop.ipc.Server$Handler.run(Server.java:3048) [hadoop-common-3.3.6.jar:?]
]]></system-out>
  </testcase>
  <testcase name="testRenameToExistingDir" classname="TestOzoneFileSystem" time="0.022">
    <system-out><![CDATA[12:58:49.770 [IPC Server handler 7 on default port 15110] ERROR OMAudit - user=runner | ip=127.0.0.1 | op=LIST_STATUS {volume=volume13657, bucket=bucket40110, key=b/a, dataSize=0, replicationConfig=null} | ret=FAILURE
org.apache.hadoop.ozone.om.exceptions.OMException: Unable to get file status: volume: volume13657 bucket: bucket40110 key: b/a
	at org.apache.hadoop.ozone.om.KeyManagerImpl.getOzoneFileStatus(KeyManagerImpl.java:1198) ~[ozone-manager-1.4.0-SNAPSHOT.jar:?]
	at org.apache.hadoop.ozone.om.KeyManagerImpl.getFileStatus(KeyManagerImpl.java:1116) ~[ozone-manager-1.4.0-SNAPSHOT.jar:?]
	at org.apache.hadoop.ozone.om.KeyManagerImpl.listStatus(KeyManagerImpl.java:1521) ~[ozone-manager-1.4.0-SNAPSHOT.jar:?]
	at org.apache.hadoop.ozone.om.OmMetadataReader.listStatus(OmMetadataReader.java:239) ~[ozone-manager-1.4.0-SNAPSHOT.jar:?]
	at org.apache.hadoop.ozone.om.OzoneManager.listStatus(OzoneManager.java:3582) ~[ozone-manager-1.4.0-SNAPSHOT.jar:?]
	at org.apache.hadoop.ozone.protocolPB.OzoneManagerRequestHandler.listStatus(OzoneManagerRequestHandler.java:1170) ~[ozone-manager-1.4.0-SNAPSHOT.jar:?]
	at org.apache.hadoop.ozone.protocolPB.OzoneManagerRequestHandler.handleReadRequest(OzoneManagerRequestHandler.java:270) ~[ozone-manager-1.4.0-SNAPSHOT.jar:?]
	at org.apache.hadoop.ozone.protocolPB.OzoneManagerProtocolServerSideTranslatorPB.submitReadRequestToOM(OzoneManagerProtocolServerSideTranslatorPB.java:225) ~[ozone-manager-1.4.0-SNAPSHOT.jar:?]
	at org.apache.hadoop.ozone.protocolPB.OzoneManagerProtocolServerSideTranslatorPB.processRequest(OzoneManagerProtocolServerSideTranslatorPB.java:179) ~[ozone-manager-1.4.0-SNAPSHOT.jar:?]
	at org.apache.hadoop.hdds.server.OzoneProtocolMessageDispatcher.processRequest(OzoneProtocolMessageDispatcher.java:87) [hdds-server-framework-1.4.0-SNAPSHOT.jar:?]
	at org.apache.hadoop.ozone.protocolPB.OzoneManagerProtocolServerSideTranslatorPB.submitRequest(OzoneManagerProtocolServerSideTranslatorPB.java:148) [ozone-manager-1.4.0-SNAPSHOT.jar:?]
	at org.apache.hadoop.ozone.protocol.proto.OzoneManagerProtocolProtos$OzoneManagerService$2.callBlockingMethod(OzoneManagerProtocolProtos.java) [ozone-interface-client-1.4.0-SNAPSHOT.jar:?]
	at org.apache.hadoop.ipc.ProtobufRpcEngine$Server.processCall(ProtobufRpcEngine.java:484) [hadoop-common-3.3.6.jar:?]
	at org.apache.hadoop.ipc.ProtobufRpcEngine2$Server$ProtoBufRpcInvoker.call(ProtobufRpcEngine2.java:595) [hadoop-common-3.3.6.jar:?]
	at org.apache.hadoop.ipc.ProtobufRpcEngine2$Server$ProtoBufRpcInvoker.call(ProtobufRpcEngine2.java:573) [hadoop-common-3.3.6.jar:?]
	at org.apache.hadoop.ipc.RPC$Server.call(RPC.java:1227) [hadoop-common-3.3.6.jar:?]
	at org.apache.hadoop.ipc.Server$RpcCall.run(Server.java:1094) [hadoop-common-3.3.6.jar:?]
	at org.apache.hadoop.ipc.Server$RpcCall.run(Server.java:1017) [hadoop-common-3.3.6.jar:?]
	at java.security.AccessController.doPrivileged(Native Method) ~[?:1.8.0_382]
	at javax.security.auth.Subject.doAs(Subject.java:422) [?:1.8.0_382]
	at org.apache.hadoop.security.UserGroupInformation.doAs(UserGroupInformation.java:1899) [hadoop-common-3.3.6.jar:?]
	at org.apache.hadoop.ipc.Server$Handler.run(Server.java:3048) [hadoop-common-3.3.6.jar:?]
]]></system-out>
  </testcase>
  <testcase name="testRenameToExistingDir" classname="TestOzoneFileSystem" time="0.02">
    <system-out><![CDATA[13:00:23.515 [IPC Server handler 16 on default port 15163] ERROR OMAudit - user=runner | ip=127.0.0.1 | op=LIST_STATUS {volume=volume08867, bucket=bucket18921, key=b/a, dataSize=0, replicationConfig=null} | ret=FAILURE
org.apache.hadoop.ozone.om.exceptions.OMException: Unable to get file status: volume: volume08867 bucket: bucket18921 key: b/a
	at org.apache.hadoop.ozone.om.KeyManagerImpl.getOzoneFileStatus(KeyManagerImpl.java:1198) ~[ozone-manager-1.4.0-SNAPSHOT.jar:?]
	at org.apache.hadoop.ozone.om.KeyManagerImpl.getFileStatus(KeyManagerImpl.java:1116) ~[ozone-manager-1.4.0-SNAPSHOT.jar:?]
	at org.apache.hadoop.ozone.om.KeyManagerImpl.listStatus(KeyManagerImpl.java:1521) ~[ozone-manager-1.4.0-SNAPSHOT.jar:?]
	at org.apache.hadoop.ozone.om.OmMetadataReader.listStatus(OmMetadataReader.java:239) ~[ozone-manager-1.4.0-SNAPSHOT.jar:?]
	at org.apache.hadoop.ozone.om.OzoneManager.listStatus(OzoneManager.java:3582) ~[ozone-manager-1.4.0-SNAPSHOT.jar:?]
	at org.apache.hadoop.ozone.protocolPB.OzoneManagerRequestHandler.listStatus(OzoneManagerRequestHandler.java:1170) ~[ozone-manager-1.4.0-SNAPSHOT.jar:?]
	at org.apache.hadoop.ozone.protocolPB.OzoneManagerRequestHandler.handleReadRequest(OzoneManagerRequestHandler.java:270) ~[ozone-manager-1.4.0-SNAPSHOT.jar:?]
	at org.apache.hadoop.ozone.protocolPB.OzoneManagerProtocolServerSideTranslatorPB.submitRequestDirectlyToOM(OzoneManagerProtocolServerSideTranslatorPB.java:274) ~[ozone-manager-1.4.0-SNAPSHOT.jar:?]
	at org.apache.hadoop.ozone.protocolPB.OzoneManagerProtocolServerSideTranslatorPB.processRequest(OzoneManagerProtocolServerSideTranslatorPB.java:175) ~[ozone-manager-1.4.0-SNAPSHOT.jar:?]
	at org.apache.hadoop.hdds.server.OzoneProtocolMessageDispatcher.processRequest(OzoneProtocolMessageDispatcher.java:87) [hdds-server-framework-1.4.0-SNAPSHOT.jar:?]
	at org.apache.hadoop.ozone.protocolPB.OzoneManagerProtocolServerSideTranslatorPB.submitRequest(OzoneManagerProtocolServerSideTranslatorPB.java:148) [ozone-manager-1.4.0-SNAPSHOT.jar:?]
	at org.apache.hadoop.ozone.protocol.proto.OzoneManagerProtocolProtos$OzoneManagerService$2.callBlockingMethod(OzoneManagerProtocolProtos.java) [ozone-interface-client-1.4.0-SNAPSHOT.jar:?]
	at org.apache.hadoop.ipc.ProtobufRpcEngine$Server.processCall(ProtobufRpcEngine.java:484) [hadoop-common-3.3.6.jar:?]
	at org.apache.hadoop.ipc.ProtobufRpcEngine2$Server$ProtoBufRpcInvoker.call(ProtobufRpcEngine2.java:595) [hadoop-common-3.3.6.jar:?]
	at org.apache.hadoop.ipc.ProtobufRpcEngine2$Server$ProtoBufRpcInvoker.call(ProtobufRpcEngine2.java:573) [hadoop-common-3.3.6.jar:?]
	at org.apache.hadoop.ipc.RPC$Server.call(RPC.java:1227) [hadoop-common-3.3.6.jar:?]
	at org.apache.hadoop.ipc.Server$RpcCall.run(Server.java:1094) [hadoop-common-3.3.6.jar:?]
	at org.apache.hadoop.ipc.Server$RpcCall.run(Server.java:1017) [hadoop-common-3.3.6.jar:?]
	at java.security.AccessController.doPrivileged(Native Method) ~[?:1.8.0_382]
	at javax.security.auth.Subject.doAs(Subject.java:422) [?:1.8.0_382]
	at org.apache.hadoop.security.UserGroupInformation.doAs(UserGroupInformation.java:1899) [hadoop-common-3.3.6.jar:?]
	at org.apache.hadoop.ipc.Server$Handler.run(Server.java:3048) [hadoop-common-3.3.6.jar:?]
]]></system-out>
  </testcase>
  <testcase name="testRenameDirToItsOwnSubDir" classname="TestOzoneFileSystem" time="0.034">
    <system-out><![CDATA[2023-09-28 12:56:01,602 [Time-limited test] INFO  ozone.TestOzoneFileSystem (TestOzoneFileSystem.java:testRenameDirToItsOwnSubDir(1177)) - Created dir1 o3fs://bucket27347.volume53983/root/dir1/sub_dir1
2023-09-28 12:56:01,602 [Time-limited test] INFO  ozone.TestOzoneFileSystem (TestOzoneFileSystem.java:testRenameDirToItsOwnSubDir(1180)) - Rename op-> source:o3fs://bucket27347.volume53983/root to destin:o3fs://bucket27347.volume53983/root/dir1/sub_dir1
]]></system-out>
  </testcase>
  <testcase name="testRenameDirToItsOwnSubDir" classname="TestOzoneFileSystem" time="0.016">
    <system-out><![CDATA[2023-09-28 12:57:35,229 [Time-limited test] INFO  ozone.TestOzoneFileSystem (TestOzoneFileSystem.java:testRenameDirToItsOwnSubDir(1177)) - Created dir1 o3fs://bucket23551.volume37469/root/dir1/sub_dir1
2023-09-28 12:57:35,229 [Time-limited test] INFO  ozone.TestOzoneFileSystem (TestOzoneFileSystem.java:testRenameDirToItsOwnSubDir(1180)) - Rename op-> source:o3fs://bucket23551.volume37469/root to destin:o3fs://bucket23551.volume37469/root/dir1/sub_dir1
]]></system-out>
  </testcase>
  <testcase name="testRenameDirToItsOwnSubDir" classname="TestOzoneFileSystem" time="0.013">
    <system-out><![CDATA[2023-09-28 12:58:49,791 [Time-limited test] INFO  ozone.TestOzoneFileSystem (TestOzoneFileSystem.java:testRenameDirToItsOwnSubDir(1177)) - Created dir1 o3fs://bucket40110.volume13657/root/dir1/sub_dir1
2023-09-28 12:58:49,791 [Time-limited test] INFO  ozone.TestOzoneFileSystem (TestOzoneFileSystem.java:testRenameDirToItsOwnSubDir(1180)) - Rename op-> source:o3fs://bucket40110.volume13657/root to destin:o3fs://bucket40110.volume13657/root/dir1/sub_dir1
]]></system-out>
  </testcase>
  <testcase name="testRenameDirToItsOwnSubDir" classname="TestOzoneFileSystem" time="0.007">
    <system-out><![CDATA[2023-09-28 13:00:23,528 [Time-limited test] INFO  ozone.TestOzoneFileSystem (TestOzoneFileSystem.java:testRenameDirToItsOwnSubDir(1177)) - Created dir1 o3fs://bucket18921.volume08867/root/dir1/sub_dir1
2023-09-28 13:00:23,529 [Time-limited test] INFO  ozone.TestOzoneFileSystem (TestOzoneFileSystem.java:testRenameDirToItsOwnSubDir(1180)) - Rename op-> source:o3fs://bucket18921.volume08867/root to destin:o3fs://bucket18921.volume08867/root/dir1/sub_dir1
]]></system-out>
  </testcase>
  <testcase name="testGetDirectoryModificationTime" classname="TestOzoneFileSystem" time="0.172"/>
  <testcase name="testGetDirectoryModificationTime" classname="TestOzoneFileSystem" time="0.129"/>
  <testcase name="testGetDirectoryModificationTime" classname="TestOzoneFileSystem" time="0.13"/>
  <testcase name="testGetDirectoryModificationTime" classname="TestOzoneFileSystem" time="0.123"/>
  <testcase name="testOzoneFsServiceLoader" classname="TestOzoneFileSystem" time="0.007"/>
  <testcase name="testOzoneFsServiceLoader" classname="TestOzoneFileSystem" time="0.002"/>
  <testcase name="testOzoneFsServiceLoader" classname="TestOzoneFileSystem" time="0.01"/>
  <testcase name="testOzoneFsServiceLoader" classname="TestOzoneFileSystem" time="0.004"/>
  <testcase name="testTrash" classname="TestOzoneFileSystem" time="4.351">
    <system-out><![CDATA[12:56:01.828 [IPC Server handler 2 on default port 15004] ERROR OMAudit - user=runner | ip=127.0.0.1 | op=GET_FILE_STATUS {volume=volume53983, bucket=bucket27347, key=.Trash/runner, dataSize=0, replicationConfig=null} | ret=FAILURE
org.apache.hadoop.ozone.om.exceptions.OMException: Unable to get file status: volume: volume53983 bucket: bucket27347 key: .Trash/runner
	at org.apache.hadoop.ozone.om.KeyManagerImpl.getOzoneFileStatus(KeyManagerImpl.java:1198) ~[ozone-manager-1.4.0-SNAPSHOT.jar:?]
	at org.apache.hadoop.ozone.om.KeyManagerImpl.getFileStatus(KeyManagerImpl.java:1116) ~[ozone-manager-1.4.0-SNAPSHOT.jar:?]
	at org.apache.hadoop.ozone.om.OmMetadataReader.getFileStatus(OmMetadataReader.java:266) ~[ozone-manager-1.4.0-SNAPSHOT.jar:?]
	at org.apache.hadoop.ozone.om.OzoneManager.getFileStatus(OzoneManager.java:3552) ~[ozone-manager-1.4.0-SNAPSHOT.jar:?]
	at org.apache.hadoop.ozone.protocolPB.OzoneManagerRequestHandler.getOzoneFileStatus(OzoneManagerRequestHandler.java:998) ~[ozone-manager-1.4.0-SNAPSHOT.jar:?]
	at org.apache.hadoop.ozone.protocolPB.OzoneManagerRequestHandler.handleReadRequest(OzoneManagerRequestHandler.java:259) ~[ozone-manager-1.4.0-SNAPSHOT.jar:?]
	at org.apache.hadoop.ozone.protocolPB.OzoneManagerProtocolServerSideTranslatorPB.submitReadRequestToOM(OzoneManagerProtocolServerSideTranslatorPB.java:225) ~[ozone-manager-1.4.0-SNAPSHOT.jar:?]
	at org.apache.hadoop.ozone.protocolPB.OzoneManagerProtocolServerSideTranslatorPB.processRequest(OzoneManagerProtocolServerSideTranslatorPB.java:179) ~[ozone-manager-1.4.0-SNAPSHOT.jar:?]
	at org.apache.hadoop.hdds.server.OzoneProtocolMessageDispatcher.processRequest(OzoneProtocolMessageDispatcher.java:87) [hdds-server-framework-1.4.0-SNAPSHOT.jar:?]
	at org.apache.hadoop.ozone.protocolPB.OzoneManagerProtocolServerSideTranslatorPB.submitRequest(OzoneManagerProtocolServerSideTranslatorPB.java:148) [ozone-manager-1.4.0-SNAPSHOT.jar:?]
	at org.apache.hadoop.ozone.protocol.proto.OzoneManagerProtocolProtos$OzoneManagerService$2.callBlockingMethod(OzoneManagerProtocolProtos.java) [ozone-interface-client-1.4.0-SNAPSHOT.jar:?]
	at org.apache.hadoop.ipc.ProtobufRpcEngine$Server.processCall(ProtobufRpcEngine.java:484) [hadoop-common-3.3.6.jar:?]
	at org.apache.hadoop.ipc.ProtobufRpcEngine2$Server$ProtoBufRpcInvoker.call(ProtobufRpcEngine2.java:595) [hadoop-common-3.3.6.jar:?]
	at org.apache.hadoop.ipc.ProtobufRpcEngine2$Server$ProtoBufRpcInvoker.call(ProtobufRpcEngine2.java:573) [hadoop-common-3.3.6.jar:?]
	at org.apache.hadoop.ipc.RPC$Server.call(RPC.java:1227) [hadoop-common-3.3.6.jar:?]
	at org.apache.hadoop.ipc.Server$RpcCall.run(Server.java:1094) [hadoop-common-3.3.6.jar:?]
	at org.apache.hadoop.ipc.Server$RpcCall.run(Server.java:1017) [hadoop-common-3.3.6.jar:?]
	at java.security.AccessController.doPrivileged(Native Method) ~[?:1.8.0_382]
	at javax.security.auth.Subject.doAs(Subject.java:422) [?:1.8.0_382]
	at org.apache.hadoop.security.UserGroupInformation.doAs(UserGroupInformation.java:1899) [hadoop-common-3.3.6.jar:?]
	at org.apache.hadoop.ipc.Server$Handler.run(Server.java:3048) [hadoop-common-3.3.6.jar:?]
12:56:01.840 [IPC Server handler 15 on default port 15004] ERROR OMAudit - user=runner | ip=127.0.0.1 | op=GET_FILE_STATUS {volume=volume53983, bucket=bucket27347, key=.Trash/runner/Current/testKey2, dataSize=0, replicationConfig=null} | ret=FAILURE
org.apache.hadoop.ozone.om.exceptions.OMException: Unable to get file status: volume: volume53983 bucket: bucket27347 key: .Trash/runner/Current/testKey2
	at org.apache.hadoop.ozone.om.KeyManagerImpl.getOzoneFileStatus(KeyManagerImpl.java:1198) ~[ozone-manager-1.4.0-SNAPSHOT.jar:?]
	at org.apache.hadoop.ozone.om.KeyManagerImpl.getFileStatus(KeyManagerImpl.java:1116) ~[ozone-manager-1.4.0-SNAPSHOT.jar:?]
	at org.apache.hadoop.ozone.om.OmMetadataReader.getFileStatus(OmMetadataReader.java:266) ~[ozone-manager-1.4.0-SNAPSHOT.jar:?]
	at org.apache.hadoop.ozone.om.OzoneManager.getFileStatus(OzoneManager.java:3552) ~[ozone-manager-1.4.0-SNAPSHOT.jar:?]
	at org.apache.hadoop.ozone.protocolPB.OzoneManagerRequestHandler.getOzoneFileStatus(OzoneManagerRequestHandler.java:998) ~[ozone-manager-1.4.0-SNAPSHOT.jar:?]
	at org.apache.hadoop.ozone.protocolPB.OzoneManagerRequestHandler.handleReadRequest(OzoneManagerRequestHandler.java:259) ~[ozone-manager-1.4.0-SNAPSHOT.jar:?]
	at org.apache.hadoop.ozone.protocolPB.OzoneManagerProtocolServerSideTranslatorPB.submitReadRequestToOM(OzoneManagerProtocolServerSideTranslatorPB.java:225) ~[ozone-manager-1.4.0-SNAPSHOT.jar:?]
	at org.apache.hadoop.ozone.protocolPB.OzoneManagerProtocolServerSideTranslatorPB.processRequest(OzoneManagerProtocolServerSideTranslatorPB.java:179) ~[ozone-manager-1.4.0-SNAPSHOT.jar:?]
	at org.apache.hadoop.hdds.server.OzoneProtocolMessageDispatcher.processRequest(OzoneProtocolMessageDispatcher.java:87) [hdds-server-framework-1.4.0-SNAPSHOT.jar:?]
	at org.apache.hadoop.ozone.protocolPB.OzoneManagerProtocolServerSideTranslatorPB.submitRequest(OzoneManagerProtocolServerSideTranslatorPB.java:148) [ozone-manager-1.4.0-SNAPSHOT.jar:?]
	at org.apache.hadoop.ozone.protocol.proto.OzoneManagerProtocolProtos$OzoneManagerService$2.callBlockingMethod(OzoneManagerProtocolProtos.java) [ozone-interface-client-1.4.0-SNAPSHOT.jar:?]
	at org.apache.hadoop.ipc.ProtobufRpcEngine$Server.processCall(ProtobufRpcEngine.java:484) [hadoop-common-3.3.6.jar:?]
	at org.apache.hadoop.ipc.ProtobufRpcEngine2$Server$ProtoBufRpcInvoker.call(ProtobufRpcEngine2.java:595) [hadoop-common-3.3.6.jar:?]
	at org.apache.hadoop.ipc.ProtobufRpcEngine2$Server$ProtoBufRpcInvoker.call(ProtobufRpcEngine2.java:573) [hadoop-common-3.3.6.jar:?]
	at org.apache.hadoop.ipc.RPC$Server.call(RPC.java:1227) [hadoop-common-3.3.6.jar:?]
	at org.apache.hadoop.ipc.Server$RpcCall.run(Server.java:1094) [hadoop-common-3.3.6.jar:?]
	at org.apache.hadoop.ipc.Server$RpcCall.run(Server.java:1017) [hadoop-common-3.3.6.jar:?]
	at java.security.AccessController.doPrivileged(Native Method) ~[?:1.8.0_382]
	at javax.security.auth.Subject.doAs(Subject.java:422) [?:1.8.0_382]
	at org.apache.hadoop.security.UserGroupInformation.doAs(UserGroupInformation.java:1899) [hadoop-common-3.3.6.jar:?]
	at org.apache.hadoop.ipc.Server$Handler.run(Server.java:3048) [hadoop-common-3.3.6.jar:?]
12:56:01.844 [IPC Server handler 5 on default port 15004] ERROR OMAudit - user=runner | ip=127.0.0.1 | op=GET_FILE_STATUS {volume=volume53983, bucket=bucket27347, key=.Trash/runner/Current/testKey2, dataSize=0, replicationConfig=null} | ret=FAILURE
org.apache.hadoop.ozone.om.exceptions.OMException: Unable to get file status: volume: volume53983 bucket: bucket27347 key: .Trash/runner/Current/testKey2
	at org.apache.hadoop.ozone.om.KeyManagerImpl.getOzoneFileStatus(KeyManagerImpl.java:1198) ~[ozone-manager-1.4.0-SNAPSHOT.jar:?]
	at org.apache.hadoop.ozone.om.KeyManagerImpl.getFileStatus(KeyManagerImpl.java:1116) ~[ozone-manager-1.4.0-SNAPSHOT.jar:?]
	at org.apache.hadoop.ozone.om.OmMetadataReader.getFileStatus(OmMetadataReader.java:266) ~[ozone-manager-1.4.0-SNAPSHOT.jar:?]
	at org.apache.hadoop.ozone.om.OzoneManager.getFileStatus(OzoneManager.java:3552) ~[ozone-manager-1.4.0-SNAPSHOT.jar:?]
	at org.apache.hadoop.ozone.protocolPB.OzoneManagerRequestHandler.getOzoneFileStatus(OzoneManagerRequestHandler.java:998) ~[ozone-manager-1.4.0-SNAPSHOT.jar:?]
	at org.apache.hadoop.ozone.protocolPB.OzoneManagerRequestHandler.handleReadRequest(OzoneManagerRequestHandler.java:259) ~[ozone-manager-1.4.0-SNAPSHOT.jar:?]
	at org.apache.hadoop.ozone.protocolPB.OzoneManagerProtocolServerSideTranslatorPB.submitReadRequestToOM(OzoneManagerProtocolServerSideTranslatorPB.java:225) ~[ozone-manager-1.4.0-SNAPSHOT.jar:?]
	at org.apache.hadoop.ozone.protocolPB.OzoneManagerProtocolServerSideTranslatorPB.processRequest(OzoneManagerProtocolServerSideTranslatorPB.java:179) ~[ozone-manager-1.4.0-SNAPSHOT.jar:?]
	at org.apache.hadoop.hdds.server.OzoneProtocolMessageDispatcher.processRequest(OzoneProtocolMessageDispatcher.java:87) [hdds-server-framework-1.4.0-SNAPSHOT.jar:?]
	at org.apache.hadoop.ozone.protocolPB.OzoneManagerProtocolServerSideTranslatorPB.submitRequest(OzoneManagerProtocolServerSideTranslatorPB.java:148) [ozone-manager-1.4.0-SNAPSHOT.jar:?]
	at org.apache.hadoop.ozone.protocol.proto.OzoneManagerProtocolProtos$OzoneManagerService$2.callBlockingMethod(OzoneManagerProtocolProtos.java) [ozone-interface-client-1.4.0-SNAPSHOT.jar:?]
	at org.apache.hadoop.ipc.ProtobufRpcEngine$Server.processCall(ProtobufRpcEngine.java:484) [hadoop-common-3.3.6.jar:?]
	at org.apache.hadoop.ipc.ProtobufRpcEngine2$Server$ProtoBufRpcInvoker.call(ProtobufRpcEngine2.java:595) [hadoop-common-3.3.6.jar:?]
	at org.apache.hadoop.ipc.ProtobufRpcEngine2$Server$ProtoBufRpcInvoker.call(ProtobufRpcEngine2.java:573) [hadoop-common-3.3.6.jar:?]
	at org.apache.hadoop.ipc.RPC$Server.call(RPC.java:1227) [hadoop-common-3.3.6.jar:?]
	at org.apache.hadoop.ipc.Server$RpcCall.run(Server.java:1094) [hadoop-common-3.3.6.jar:?]
	at org.apache.hadoop.ipc.Server$RpcCall.run(Server.java:1017) [hadoop-common-3.3.6.jar:?]
	at java.security.AccessController.doPrivileged(Native Method) ~[?:1.8.0_382]
	at javax.security.auth.Subject.doAs(Subject.java:422) [?:1.8.0_382]
	at org.apache.hadoop.security.UserGroupInformation.doAs(UserGroupInformation.java:1899) [hadoop-common-3.3.6.jar:?]
	at org.apache.hadoop.ipc.Server$Handler.run(Server.java:3048) [hadoop-common-3.3.6.jar:?]
2023-09-28 12:56:01,857 [Time-limited test] INFO  om.TrashPolicyOzone (TrashPolicyOzone.java:moveToTrash(213)) - Moved: '/testKey2' to trash at: o3fs://bucket27347.volume53983/.Trash/runner/Current/testKey2
12:56:03.107 [IPC Server handler 11 on default port 15004] ERROR OMAudit - user=runner | ip=127.0.0.1 | op=GET_FILE_STATUS {volume=volume53983, bucket=bucket27347, key=.Trash/runner/Current/testKey2, dataSize=0, replicationConfig=null} | ret=FAILURE
org.apache.hadoop.ozone.om.exceptions.OMException: Unable to get file status: volume: volume53983 bucket: bucket27347 key: .Trash/runner/Current/testKey2
	at org.apache.hadoop.ozone.om.KeyManagerImpl.getOzoneFileStatus(KeyManagerImpl.java:1198) ~[ozone-manager-1.4.0-SNAPSHOT.jar:?]
	at org.apache.hadoop.ozone.om.KeyManagerImpl.getFileStatus(KeyManagerImpl.java:1116) ~[ozone-manager-1.4.0-SNAPSHOT.jar:?]
	at org.apache.hadoop.ozone.om.OmMetadataReader.getFileStatus(OmMetadataReader.java:266) ~[ozone-manager-1.4.0-SNAPSHOT.jar:?]
	at org.apache.hadoop.ozone.om.OzoneManager.getFileStatus(OzoneManager.java:3552) ~[ozone-manager-1.4.0-SNAPSHOT.jar:?]
	at org.apache.hadoop.ozone.protocolPB.OzoneManagerRequestHandler.getOzoneFileStatus(OzoneManagerRequestHandler.java:998) ~[ozone-manager-1.4.0-SNAPSHOT.jar:?]
	at org.apache.hadoop.ozone.protocolPB.OzoneManagerRequestHandler.handleReadRequest(OzoneManagerRequestHandler.java:259) ~[ozone-manager-1.4.0-SNAPSHOT.jar:?]
	at org.apache.hadoop.ozone.protocolPB.OzoneManagerProtocolServerSideTranslatorPB.submitReadRequestToOM(OzoneManagerProtocolServerSideTranslatorPB.java:225) ~[ozone-manager-1.4.0-SNAPSHOT.jar:?]
	at org.apache.hadoop.ozone.protocolPB.OzoneManagerProtocolServerSideTranslatorPB.processRequest(OzoneManagerProtocolServerSideTranslatorPB.java:179) ~[ozone-manager-1.4.0-SNAPSHOT.jar:?]
	at org.apache.hadoop.hdds.server.OzoneProtocolMessageDispatcher.processRequest(OzoneProtocolMessageDispatcher.java:87) [hdds-server-framework-1.4.0-SNAPSHOT.jar:?]
	at org.apache.hadoop.ozone.protocolPB.OzoneManagerProtocolServerSideTranslatorPB.submitRequest(OzoneManagerProtocolServerSideTranslatorPB.java:148) [ozone-manager-1.4.0-SNAPSHOT.jar:?]
	at org.apache.hadoop.ozone.protocol.proto.OzoneManagerProtocolProtos$OzoneManagerService$2.callBlockingMethod(OzoneManagerProtocolProtos.java) [ozone-interface-client-1.4.0-SNAPSHOT.jar:?]
	at org.apache.hadoop.ipc.ProtobufRpcEngine$Server.processCall(ProtobufRpcEngine.java:484) [hadoop-common-3.3.6.jar:?]
	at org.apache.hadoop.ipc.ProtobufRpcEngine2$Server$ProtoBufRpcInvoker.call(ProtobufRpcEngine2.java:595) [hadoop-common-3.3.6.jar:?]
	at org.apache.hadoop.ipc.ProtobufRpcEngine2$Server$ProtoBufRpcInvoker.call(ProtobufRpcEngine2.java:573) [hadoop-common-3.3.6.jar:?]
	at org.apache.hadoop.ipc.RPC$Server.call(RPC.java:1227) [hadoop-common-3.3.6.jar:?]
	at org.apache.hadoop.ipc.Server$RpcCall.run(Server.java:1094) [hadoop-common-3.3.6.jar:?]
	at org.apache.hadoop.ipc.Server$RpcCall.run(Server.java:1017) [hadoop-common-3.3.6.jar:?]
	at java.security.AccessController.doPrivileged(Native Method) ~[?:1.8.0_382]
	at javax.security.auth.Subject.doAs(Subject.java:422) [?:1.8.0_382]
	at org.apache.hadoop.security.UserGroupInformation.doAs(UserGroupInformation.java:1899) [hadoop-common-3.3.6.jar:?]
	at org.apache.hadoop.ipc.Server$Handler.run(Server.java:3048) [hadoop-common-3.3.6.jar:?]
]]></system-out>
  </testcase>
  <testcase name="testTrash" classname="TestOzoneFileSystem" time="3.761">
    <system-out><![CDATA[2023-09-28 12:57:35,374 [f243e081-7f32-4351-9ea9-befbe250a72f@group-0F567A3A2A55-FollowerState] INFO  impl.FollowerState (FollowerState.java:run(143)) - f243e081-7f32-4351-9ea9-befbe250a72f@group-0F567A3A2A55-FollowerState: change to CANDIDATE, lastRpcElapsedTime:5092777317ns, electionTimeout:5090ms
2023-09-28 12:57:35,374 [f243e081-7f32-4351-9ea9-befbe250a72f@group-0F567A3A2A55-FollowerState] INFO  impl.RoleInfo (RoleInfo.java:shutdownFollowerState(110)) - f243e081-7f32-4351-9ea9-befbe250a72f: shutdown f243e081-7f32-4351-9ea9-befbe250a72f@group-0F567A3A2A55-FollowerState
2023-09-28 12:57:35,374 [f243e081-7f32-4351-9ea9-befbe250a72f@group-0F567A3A2A55-FollowerState] INFO  server.RaftServer$Division (RaftServerImpl.java:setRole(329)) - f243e081-7f32-4351-9ea9-befbe250a72f@group-0F567A3A2A55: changes role from  FOLLOWER to CANDIDATE at term 0 for changeToCandidate
2023-09-28 12:57:35,374 [f243e081-7f32-4351-9ea9-befbe250a72f@group-0F567A3A2A55-FollowerState] INFO  server.RaftServerConfigKeys (ConfUtils.java:logGet(46)) - raft.server.leaderelection.pre-vote = true (default)
2023-09-28 12:57:35,374 [f243e081-7f32-4351-9ea9-befbe250a72f@group-0F567A3A2A55-FollowerState] INFO  impl.RoleInfo (RoleInfo.java:updateAndGet(139)) - f243e081-7f32-4351-9ea9-befbe250a72f: start f243e081-7f32-4351-9ea9-befbe250a72f@group-0F567A3A2A55-LeaderElection17
2023-09-28 12:57:35,384 [f243e081-7f32-4351-9ea9-befbe250a72f@group-0F567A3A2A55-LeaderElection17] INFO  impl.LeaderElection (LeaderElection.java:askForVotes(321)) - f243e081-7f32-4351-9ea9-befbe250a72f@group-0F567A3A2A55-LeaderElection17 PRE_VOTE round 0: submit vote requests at term 0 for -1: peers:[f243e081-7f32-4351-9ea9-befbe250a72f|rpc:10.1.0.34:15103|admin:10.1.0.34:15102|client:10.1.0.34:15101|dataStream:10.1.0.34:15104|priority:1|startupRole:FOLLOWER]|listeners:[], old=null
2023-09-28 12:57:35,384 [f243e081-7f32-4351-9ea9-befbe250a72f@group-0F567A3A2A55-LeaderElection17] INFO  impl.LeaderElection (LeaderElection.java:askForVotes(323)) - f243e081-7f32-4351-9ea9-befbe250a72f@group-0F567A3A2A55-LeaderElection17 PRE_VOTE round 0: result PASSED (term=0)
12:57:35.383 [IPC Server handler 15 on default port 15057] ERROR OMAudit - user=runner | ip=127.0.0.1 | op=GET_FILE_STATUS {volume=volume37469, bucket=bucket23551, key=.Trash/runner, dataSize=0, replicationConfig=null} | ret=FAILURE
org.apache.hadoop.ozone.om.exceptions.OMException: Unable to get file status: volume: volume37469 bucket: bucket23551 key: .Trash/runner
	at org.apache.hadoop.ozone.om.KeyManagerImpl.getOzoneFileStatus(KeyManagerImpl.java:1198) ~[ozone-manager-1.4.0-SNAPSHOT.jar:?]
	at org.apache.hadoop.ozone.om.KeyManagerImpl.getFileStatus(KeyManagerImpl.java:1116) ~[ozone-manager-1.4.0-SNAPSHOT.jar:?]
	at org.apache.hadoop.ozone.om.OmMetadataReader.getFileStatus(OmMetadataReader.java:266) ~[ozone-manager-1.4.0-SNAPSHOT.jar:?]
	at org.apache.hadoop.ozone.om.OzoneManager.getFileStatus(OzoneManager.java:3552) ~[ozone-manager-1.4.0-SNAPSHOT.jar:?]
	at org.apache.hadoop.ozone.protocolPB.OzoneManagerRequestHandler.getOzoneFileStatus(OzoneManagerRequestHandler.java:998) ~[ozone-manager-1.4.0-SNAPSHOT.jar:?]
	at org.apache.hadoop.ozone.protocolPB.OzoneManagerRequestHandler.handleReadRequest(OzoneManagerRequestHandler.java:259) ~[ozone-manager-1.4.0-SNAPSHOT.jar:?]
	at org.apache.hadoop.ozone.protocolPB.OzoneManagerProtocolServerSideTranslatorPB.submitRequestDirectlyToOM(OzoneManagerProtocolServerSideTranslatorPB.java:274) ~[ozone-manager-1.4.0-SNAPSHOT.jar:?]
	at org.apache.hadoop.ozone.protocolPB.OzoneManagerProtocolServerSideTranslatorPB.processRequest(OzoneManagerProtocolServerSideTranslatorPB.java:175) ~[ozone-manager-1.4.0-SNAPSHOT.jar:?]
	at org.apache.hadoop.hdds.server.OzoneProtocolMessageDispatcher.processRequest(OzoneProtocolMessageDispatcher.java:87) [hdds-server-framework-1.4.0-SNAPSHOT.jar:?]
	at org.apache.hadoop.ozone.protocolPB.OzoneManagerProtocolServerSideTranslatorPB.submitRequest(OzoneManagerProtocolServerSideTranslatorPB.java:148) [ozone-manager-1.4.0-SNAPSHOT.jar:?]
	at org.apache.hadoop.ozone.protocol.proto.OzoneManagerProtocolProtos$OzoneManagerService$2.callBlockingMethod(OzoneManagerProtocolProtos.java) [ozone-interface-client-1.4.0-SNAPSHOT.jar:?]
	at org.apache.hadoop.ipc.ProtobufRpcEngine$Server.processCall(ProtobufRpcEngine.java:484) [hadoop-common-3.3.6.jar:?]
	at org.apache.hadoop.ipc.ProtobufRpcEngine2$Server$ProtoBufRpcInvoker.call(ProtobufRpcEngine2.java:595) [hadoop-common-3.3.6.jar:?]
	at org.apache.hadoop.ipc.ProtobufRpcEngine2$Server$ProtoBufRpcInvoker.call(ProtobufRpcEngine2.java:573) [hadoop-common-3.3.6.jar:?]
	at org.apache.hadoop.ipc.RPC$Server.call(RPC.java:1227) [hadoop-common-3.3.6.jar:?]
	at org.apache.hadoop.ipc.Server$RpcCall.run(Server.java:1094) [hadoop-common-3.3.6.jar:?]
	at org.apache.hadoop.ipc.Server$RpcCall.run(Server.java:1017) [hadoop-common-3.3.6.jar:?]
	at java.security.AccessController.doPrivileged(Native Method) ~[?:1.8.0_382]
	at javax.security.auth.Subject.doAs(Subject.java:422) [?:1.8.0_382]
	at org.apache.hadoop.security.UserGroupInformation.doAs(UserGroupInformation.java:1899) [hadoop-common-3.3.6.jar:?]
	at org.apache.hadoop.ipc.Server$Handler.run(Server.java:3048) [hadoop-common-3.3.6.jar:?]
2023-09-28 12:57:35,386 [f243e081-7f32-4351-9ea9-befbe250a72f@group-0F567A3A2A55-LeaderElection17] INFO  impl.LeaderElection (LeaderElection.java:askForVotes(321)) - f243e081-7f32-4351-9ea9-befbe250a72f@group-0F567A3A2A55-LeaderElection17 ELECTION round 0: submit vote requests at term 1 for -1: peers:[f243e081-7f32-4351-9ea9-befbe250a72f|rpc:10.1.0.34:15103|admin:10.1.0.34:15102|client:10.1.0.34:15101|dataStream:10.1.0.34:15104|priority:1|startupRole:FOLLOWER]|listeners:[], old=null
2023-09-28 12:57:35,386 [f243e081-7f32-4351-9ea9-befbe250a72f@group-0F567A3A2A55-LeaderElection17] INFO  impl.LeaderElection (LeaderElection.java:askForVotes(323)) - f243e081-7f32-4351-9ea9-befbe250a72f@group-0F567A3A2A55-LeaderElection17 ELECTION round 0: result PASSED (term=1)
2023-09-28 12:57:35,386 [f243e081-7f32-4351-9ea9-befbe250a72f@group-0F567A3A2A55-LeaderElection17] INFO  impl.RoleInfo (RoleInfo.java:shutdownLeaderElection(130)) - f243e081-7f32-4351-9ea9-befbe250a72f: shutdown f243e081-7f32-4351-9ea9-befbe250a72f@group-0F567A3A2A55-LeaderElection17
2023-09-28 12:57:35,386 [f243e081-7f32-4351-9ea9-befbe250a72f@group-0F567A3A2A55-LeaderElection17] INFO  server.RaftServer$Division (RaftServerImpl.java:setRole(329)) - f243e081-7f32-4351-9ea9-befbe250a72f@group-0F567A3A2A55: changes role from CANDIDATE to LEADER at term 1 for changeToLeader
2023-09-28 12:57:35,386 [f243e081-7f32-4351-9ea9-befbe250a72f@group-0F567A3A2A55-LeaderElection17] INFO  ratis.XceiverServerRatis (XceiverServerRatis.java:handleLeaderChangedNotification(902)) - Leader change notification received for group: group-0F567A3A2A55 with new leaderId: f243e081-7f32-4351-9ea9-befbe250a72f
2023-09-28 12:57:35,386 [f243e081-7f32-4351-9ea9-befbe250a72f@group-0F567A3A2A55-LeaderElection17] INFO  server.RaftServer$Division (ServerState.java:setLeader(317)) - f243e081-7f32-4351-9ea9-befbe250a72f@group-0F567A3A2A55: change Leader from null to f243e081-7f32-4351-9ea9-befbe250a72f at term 1 for becomeLeader, leader elected after 5128ms
2023-09-28 12:57:35,386 [f243e081-7f32-4351-9ea9-befbe250a72f@group-0F567A3A2A55-LeaderElection17] INFO  server.RaftServerConfigKeys (ConfUtils.java:logGet(46)) - raft.server.staging.catchup.gap = 1000 (default)
2023-09-28 12:57:35,386 [f243e081-7f32-4351-9ea9-befbe250a72f@group-0F567A3A2A55-LeaderElection17] INFO  server.RaftServerConfigKeys (ConfUtils.java:logGet(46)) - raft.server.write.element-limit = 1024 (custom)
2023-09-28 12:57:35,386 [f243e081-7f32-4351-9ea9-befbe250a72f@group-0F567A3A2A55-LeaderElection17] INFO  server.RaftServerConfigKeys (ConfUtils.java:logGet(46)) - raft.server.write.byte-limit = 1024 M (=1073741824) (custom)
2023-09-28 12:57:35,387 [f243e081-7f32-4351-9ea9-befbe250a72f@group-0F567A3A2A55-LeaderElection17] INFO  server.RaftServerConfigKeys (ConfUtils.java:logGet(46)) - raft.server.watch.timeout = 180s (custom)
2023-09-28 12:57:35,387 [f243e081-7f32-4351-9ea9-befbe250a72f@group-0F567A3A2A55-LeaderElection17] INFO  server.RaftServerConfigKeys (ConfUtils.java:logGet(46)) - raft.server.watch.timeout.denomination = 1s (default)
2023-09-28 12:57:35,387 [f243e081-7f32-4351-9ea9-befbe250a72f@group-0F567A3A2A55-LeaderElection17] INFO  server.RaftServerConfigKeys (ConfUtils.java:logGet(46)) - raft.server.watch.element-limit = 65536 (default)
2023-09-28 12:57:35,387 [f243e081-7f32-4351-9ea9-befbe250a72f@group-0F567A3A2A55-LeaderElection17] INFO  server.RaftServerConfigKeys (ConfUtils.java:logGet(46)) - raft.server.write.element-limit = 1024 (custom)
2023-09-28 12:57:35,387 [f243e081-7f32-4351-9ea9-befbe250a72f@group-0F567A3A2A55-LeaderElection17] INFO  server.RaftServerConfigKeys (ConfUtils.java:logGet(46)) - raft.server.write.follower.gap.ratio.max = -1.0 (default)
2023-09-28 12:57:35,387 [f243e081-7f32-4351-9ea9-befbe250a72f@group-0F567A3A2A55-LeaderElection17] INFO  impl.RoleInfo (RoleInfo.java:updateAndGet(139)) - f243e081-7f32-4351-9ea9-befbe250a72f: start f243e081-7f32-4351-9ea9-befbe250a72f@group-0F567A3A2A55-LeaderStateImpl
2023-09-28 12:57:35,387 [f243e081-7f32-4351-9ea9-befbe250a72f@group-0F567A3A2A55-LeaderElection17] INFO  segmented.SegmentedRaftLogWorker (SegmentedRaftLogWorker.java:startLogSegment(447)) - f243e081-7f32-4351-9ea9-befbe250a72f@group-0F567A3A2A55-SegmentedRaftLogWorker: Starting segment from index:0
2023-09-28 12:57:35,389 [f243e081-7f32-4351-9ea9-befbe250a72f@group-0F567A3A2A55-SegmentedRaftLogWorker] INFO  segmented.SegmentedRaftLogWorker (SegmentedRaftLogWorker.java:execute(651)) - f243e081-7f32-4351-9ea9-befbe250a72f@group-0F567A3A2A55-SegmentedRaftLogWorker: created new log segment /home/runner/work/ozone/ozone/hadoop-ozone/integration-test/target/test-dir/MiniOzoneClusterImpl-e5738b5b-ff1d-4187-9339-882699725c5e/datanode-4/data/ratis/0db309bd-0566-442c-ac7a-0f567a3a2a55/current/log_inprogress_0
12:57:35.389 [IPC Server handler 17 on default port 15057] ERROR OMAudit - user=runner | ip=127.0.0.1 | op=GET_FILE_STATUS {volume=volume37469, bucket=bucket23551, key=.Trash/runner/Current/testKey2, dataSize=0, replicationConfig=null} | ret=FAILURE
org.apache.hadoop.ozone.om.exceptions.OMException: Unable to get file status: volume: volume37469 bucket: bucket23551 key: .Trash/runner/Current/testKey2
	at org.apache.hadoop.ozone.om.KeyManagerImpl.getOzoneFileStatus(KeyManagerImpl.java:1198) ~[ozone-manager-1.4.0-SNAPSHOT.jar:?]
	at org.apache.hadoop.ozone.om.KeyManagerImpl.getFileStatus(KeyManagerImpl.java:1116) ~[ozone-manager-1.4.0-SNAPSHOT.jar:?]
	at org.apache.hadoop.ozone.om.OmMetadataReader.getFileStatus(OmMetadataReader.java:266) ~[ozone-manager-1.4.0-SNAPSHOT.jar:?]
	at org.apache.hadoop.ozone.om.OzoneManager.getFileStatus(OzoneManager.java:3552) ~[ozone-manager-1.4.0-SNAPSHOT.jar:?]
	at org.apache.hadoop.ozone.protocolPB.OzoneManagerRequestHandler.getOzoneFileStatus(OzoneManagerRequestHandler.java:998) ~[ozone-manager-1.4.0-SNAPSHOT.jar:?]
	at org.apache.hadoop.ozone.protocolPB.OzoneManagerRequestHandler.handleReadRequest(OzoneManagerRequestHandler.java:259) ~[ozone-manager-1.4.0-SNAPSHOT.jar:?]
	at org.apache.hadoop.ozone.protocolPB.OzoneManagerProtocolServerSideTranslatorPB.submitRequestDirectlyToOM(OzoneManagerProtocolServerSideTranslatorPB.java:274) ~[ozone-manager-1.4.0-SNAPSHOT.jar:?]
	at org.apache.hadoop.ozone.protocolPB.OzoneManagerProtocolServerSideTranslatorPB.processRequest(OzoneManagerProtocolServerSideTranslatorPB.java:175) ~[ozone-manager-1.4.0-SNAPSHOT.jar:?]
	at org.apache.hadoop.hdds.server.OzoneProtocolMessageDispatcher.processRequest(OzoneProtocolMessageDispatcher.java:87) [hdds-server-framework-1.4.0-SNAPSHOT.jar:?]
	at org.apache.hadoop.ozone.protocolPB.OzoneManagerProtocolServerSideTranslatorPB.submitRequest(OzoneManagerProtocolServerSideTranslatorPB.java:148) [ozone-manager-1.4.0-SNAPSHOT.jar:?]
	at org.apache.hadoop.ozone.protocol.proto.OzoneManagerProtocolProtos$OzoneManagerService$2.callBlockingMethod(OzoneManagerProtocolProtos.java) [ozone-interface-client-1.4.0-SNAPSHOT.jar:?]
	at org.apache.hadoop.ipc.ProtobufRpcEngine$Server.processCall(ProtobufRpcEngine.java:484) [hadoop-common-3.3.6.jar:?]
	at org.apache.hadoop.ipc.ProtobufRpcEngine2$Server$ProtoBufRpcInvoker.call(ProtobufRpcEngine2.java:595) [hadoop-common-3.3.6.jar:?]
	at org.apache.hadoop.ipc.ProtobufRpcEngine2$Server$ProtoBufRpcInvoker.call(ProtobufRpcEngine2.java:573) [hadoop-common-3.3.6.jar:?]
	at org.apache.hadoop.ipc.RPC$Server.call(RPC.java:1227) [hadoop-common-3.3.6.jar:?]
	at org.apache.hadoop.ipc.Server$RpcCall.run(Server.java:1094) [hadoop-common-3.3.6.jar:?]
	at org.apache.hadoop.ipc.Server$RpcCall.run(Server.java:1017) [hadoop-common-3.3.6.jar:?]
	at java.security.AccessController.doPrivileged(Native Method) ~[?:1.8.0_382]
	at javax.security.auth.Subject.doAs(Subject.java:422) [?:1.8.0_382]
	at org.apache.hadoop.security.UserGroupInformation.doAs(UserGroupInformation.java:1899) [hadoop-common-3.3.6.jar:?]
	at org.apache.hadoop.ipc.Server$Handler.run(Server.java:3048) [hadoop-common-3.3.6.jar:?]
12:57:35.392 [IPC Server handler 0 on default port 15057] ERROR OMAudit - user=runner | ip=127.0.0.1 | op=GET_FILE_STATUS {volume=volume37469, bucket=bucket23551, key=.Trash/runner/Current/testKey2, dataSize=0, replicationConfig=null} | ret=FAILURE
org.apache.hadoop.ozone.om.exceptions.OMException: Unable to get file status: volume: volume37469 bucket: bucket23551 key: .Trash/runner/Current/testKey2
	at org.apache.hadoop.ozone.om.KeyManagerImpl.getOzoneFileStatus(KeyManagerImpl.java:1198) ~[ozone-manager-1.4.0-SNAPSHOT.jar:?]
	at org.apache.hadoop.ozone.om.KeyManagerImpl.getFileStatus(KeyManagerImpl.java:1116) ~[ozone-manager-1.4.0-SNAPSHOT.jar:?]
	at org.apache.hadoop.ozone.om.OmMetadataReader.getFileStatus(OmMetadataReader.java:266) ~[ozone-manager-1.4.0-SNAPSHOT.jar:?]
	at org.apache.hadoop.ozone.om.OzoneManager.getFileStatus(OzoneManager.java:3552) ~[ozone-manager-1.4.0-SNAPSHOT.jar:?]
	at org.apache.hadoop.ozone.protocolPB.OzoneManagerRequestHandler.getOzoneFileStatus(OzoneManagerRequestHandler.java:998) ~[ozone-manager-1.4.0-SNAPSHOT.jar:?]
	at org.apache.hadoop.ozone.protocolPB.OzoneManagerRequestHandler.handleReadRequest(OzoneManagerRequestHandler.java:259) ~[ozone-manager-1.4.0-SNAPSHOT.jar:?]
	at org.apache.hadoop.ozone.protocolPB.OzoneManagerProtocolServerSideTranslatorPB.submitRequestDirectlyToOM(OzoneManagerProtocolServerSideTranslatorPB.java:274) ~[ozone-manager-1.4.0-SNAPSHOT.jar:?]
	at org.apache.hadoop.ozone.protocolPB.OzoneManagerProtocolServerSideTranslatorPB.processRequest(OzoneManagerProtocolServerSideTranslatorPB.java:175) ~[ozone-manager-1.4.0-SNAPSHOT.jar:?]
	at org.apache.hadoop.hdds.server.OzoneProtocolMessageDispatcher.processRequest(OzoneProtocolMessageDispatcher.java:87) [hdds-server-framework-1.4.0-SNAPSHOT.jar:?]
	at org.apache.hadoop.ozone.protocolPB.OzoneManagerProtocolServerSideTranslatorPB.submitRequest(OzoneManagerProtocolServerSideTranslatorPB.java:148) [ozone-manager-1.4.0-SNAPSHOT.jar:?]
	at org.apache.hadoop.ozone.protocol.proto.OzoneManagerProtocolProtos$OzoneManagerService$2.callBlockingMethod(OzoneManagerProtocolProtos.java) [ozone-interface-client-1.4.0-SNAPSHOT.jar:?]
	at org.apache.hadoop.ipc.ProtobufRpcEngine$Server.processCall(ProtobufRpcEngine.java:484) [hadoop-common-3.3.6.jar:?]
	at org.apache.hadoop.ipc.ProtobufRpcEngine2$Server$ProtoBufRpcInvoker.call(ProtobufRpcEngine2.java:595) [hadoop-common-3.3.6.jar:?]
	at org.apache.hadoop.ipc.ProtobufRpcEngine2$Server$ProtoBufRpcInvoker.call(ProtobufRpcEngine2.java:573) [hadoop-common-3.3.6.jar:?]
	at org.apache.hadoop.ipc.RPC$Server.call(RPC.java:1227) [hadoop-common-3.3.6.jar:?]
	at org.apache.hadoop.ipc.Server$RpcCall.run(Server.java:1094) [hadoop-common-3.3.6.jar:?]
	at org.apache.hadoop.ipc.Server$RpcCall.run(Server.java:1017) [hadoop-common-3.3.6.jar:?]
	at java.security.AccessController.doPrivileged(Native Method) ~[?:1.8.0_382]
	at javax.security.auth.Subject.doAs(Subject.java:422) [?:1.8.0_382]
	at org.apache.hadoop.security.UserGroupInformation.doAs(UserGroupInformation.java:1899) [hadoop-common-3.3.6.jar:?]
	at org.apache.hadoop.ipc.Server$Handler.run(Server.java:3048) [hadoop-common-3.3.6.jar:?]
2023-09-28 12:57:35,397 [Time-limited test] INFO  om.TrashPolicyOzone (TrashPolicyOzone.java:moveToTrash(213)) - Moved: '/testKey2' to trash at: o3fs://bucket23551.volume37469/.Trash/runner/Current/testKey2
2023-09-28 12:57:35,403 [f243e081-7f32-4351-9ea9-befbe250a72f@group-0F567A3A2A55-LeaderElection17] INFO  server.RaftServer$Division (ServerState.java:setRaftConf(434)) - f243e081-7f32-4351-9ea9-befbe250a72f@group-0F567A3A2A55: set configuration 0: peers:[f243e081-7f32-4351-9ea9-befbe250a72f|rpc:10.1.0.34:15103|admin:10.1.0.34:15102|client:10.1.0.34:15101|dataStream:10.1.0.34:15104|priority:1|startupRole:FOLLOWER]|listeners:[], old=null
12:57:36.110 [IPC Server handler 13 on default port 15057] ERROR OMAudit - user=runner | ip=127.0.0.1 | op=GET_FILE_STATUS {volume=volume37469, bucket=bucket23551, key=.Trash/runner/Current/testKey2, dataSize=0, replicationConfig=null} | ret=FAILURE
org.apache.hadoop.ozone.om.exceptions.OMException: Unable to get file status: volume: volume37469 bucket: bucket23551 key: .Trash/runner/Current/testKey2
	at org.apache.hadoop.ozone.om.KeyManagerImpl.getOzoneFileStatus(KeyManagerImpl.java:1198) ~[ozone-manager-1.4.0-SNAPSHOT.jar:?]
	at org.apache.hadoop.ozone.om.KeyManagerImpl.getFileStatus(KeyManagerImpl.java:1116) ~[ozone-manager-1.4.0-SNAPSHOT.jar:?]
	at org.apache.hadoop.ozone.om.OmMetadataReader.getFileStatus(OmMetadataReader.java:266) ~[ozone-manager-1.4.0-SNAPSHOT.jar:?]
	at org.apache.hadoop.ozone.om.OzoneManager.getFileStatus(OzoneManager.java:3552) ~[ozone-manager-1.4.0-SNAPSHOT.jar:?]
	at org.apache.hadoop.ozone.protocolPB.OzoneManagerRequestHandler.getOzoneFileStatus(OzoneManagerRequestHandler.java:998) ~[ozone-manager-1.4.0-SNAPSHOT.jar:?]
	at org.apache.hadoop.ozone.protocolPB.OzoneManagerRequestHandler.handleReadRequest(OzoneManagerRequestHandler.java:259) ~[ozone-manager-1.4.0-SNAPSHOT.jar:?]
	at org.apache.hadoop.ozone.protocolPB.OzoneManagerProtocolServerSideTranslatorPB.submitRequestDirectlyToOM(OzoneManagerProtocolServerSideTranslatorPB.java:274) ~[ozone-manager-1.4.0-SNAPSHOT.jar:?]
	at org.apache.hadoop.ozone.protocolPB.OzoneManagerProtocolServerSideTranslatorPB.processRequest(OzoneManagerProtocolServerSideTranslatorPB.java:175) ~[ozone-manager-1.4.0-SNAPSHOT.jar:?]
	at org.apache.hadoop.hdds.server.OzoneProtocolMessageDispatcher.processRequest(OzoneProtocolMessageDispatcher.java:87) [hdds-server-framework-1.4.0-SNAPSHOT.jar:?]
	at org.apache.hadoop.ozone.protocolPB.OzoneManagerProtocolServerSideTranslatorPB.submitRequest(OzoneManagerProtocolServerSideTranslatorPB.java:148) [ozone-manager-1.4.0-SNAPSHOT.jar:?]
	at org.apache.hadoop.ozone.protocol.proto.OzoneManagerProtocolProtos$OzoneManagerService$2.callBlockingMethod(OzoneManagerProtocolProtos.java) [ozone-interface-client-1.4.0-SNAPSHOT.jar:?]
	at org.apache.hadoop.ipc.ProtobufRpcEngine$Server.processCall(ProtobufRpcEngine.java:484) [hadoop-common-3.3.6.jar:?]
	at org.apache.hadoop.ipc.ProtobufRpcEngine2$Server$ProtoBufRpcInvoker.call(ProtobufRpcEngine2.java:595) [hadoop-common-3.3.6.jar:?]
	at org.apache.hadoop.ipc.ProtobufRpcEngine2$Server$ProtoBufRpcInvoker.call(ProtobufRpcEngine2.java:573) [hadoop-common-3.3.6.jar:?]
	at org.apache.hadoop.ipc.RPC$Server.call(RPC.java:1227) [hadoop-common-3.3.6.jar:?]
	at org.apache.hadoop.ipc.Server$RpcCall.run(Server.java:1094) [hadoop-common-3.3.6.jar:?]
	at org.apache.hadoop.ipc.Server$RpcCall.run(Server.java:1017) [hadoop-common-3.3.6.jar:?]
	at java.security.AccessController.doPrivileged(Native Method) ~[?:1.8.0_382]
	at javax.security.auth.Subject.doAs(Subject.java:422) [?:1.8.0_382]
	at org.apache.hadoop.security.UserGroupInformation.doAs(UserGroupInformation.java:1899) [hadoop-common-3.3.6.jar:?]
	at org.apache.hadoop.ipc.Server$Handler.run(Server.java:3048) [hadoop-common-3.3.6.jar:?]
]]></system-out>
  </testcase>
  <testcase name="testTrash" classname="TestOzoneFileSystem" time="4.176">
    <system-out><![CDATA[12:58:49.954 [IPC Server handler 15 on default port 15110] ERROR OMAudit - user=runner | ip=127.0.0.1 | op=GET_FILE_STATUS {volume=volume13657, bucket=bucket40110, key=.Trash/runner, dataSize=0, replicationConfig=null} | ret=FAILURE
org.apache.hadoop.ozone.om.exceptions.OMException: Unable to get file status: volume: volume13657 bucket: bucket40110 key: .Trash/runner
	at org.apache.hadoop.ozone.om.KeyManagerImpl.getOzoneFileStatus(KeyManagerImpl.java:1198) ~[ozone-manager-1.4.0-SNAPSHOT.jar:?]
	at org.apache.hadoop.ozone.om.KeyManagerImpl.getFileStatus(KeyManagerImpl.java:1116) ~[ozone-manager-1.4.0-SNAPSHOT.jar:?]
	at org.apache.hadoop.ozone.om.OmMetadataReader.getFileStatus(OmMetadataReader.java:266) ~[ozone-manager-1.4.0-SNAPSHOT.jar:?]
	at org.apache.hadoop.ozone.om.OzoneManager.getFileStatus(OzoneManager.java:3552) ~[ozone-manager-1.4.0-SNAPSHOT.jar:?]
	at org.apache.hadoop.ozone.protocolPB.OzoneManagerRequestHandler.getOzoneFileStatus(OzoneManagerRequestHandler.java:998) ~[ozone-manager-1.4.0-SNAPSHOT.jar:?]
	at org.apache.hadoop.ozone.protocolPB.OzoneManagerRequestHandler.handleReadRequest(OzoneManagerRequestHandler.java:259) ~[ozone-manager-1.4.0-SNAPSHOT.jar:?]
	at org.apache.hadoop.ozone.protocolPB.OzoneManagerProtocolServerSideTranslatorPB.submitReadRequestToOM(OzoneManagerProtocolServerSideTranslatorPB.java:225) ~[ozone-manager-1.4.0-SNAPSHOT.jar:?]
	at org.apache.hadoop.ozone.protocolPB.OzoneManagerProtocolServerSideTranslatorPB.processRequest(OzoneManagerProtocolServerSideTranslatorPB.java:179) ~[ozone-manager-1.4.0-SNAPSHOT.jar:?]
	at org.apache.hadoop.hdds.server.OzoneProtocolMessageDispatcher.processRequest(OzoneProtocolMessageDispatcher.java:87) [hdds-server-framework-1.4.0-SNAPSHOT.jar:?]
	at org.apache.hadoop.ozone.protocolPB.OzoneManagerProtocolServerSideTranslatorPB.submitRequest(OzoneManagerProtocolServerSideTranslatorPB.java:148) [ozone-manager-1.4.0-SNAPSHOT.jar:?]
	at org.apache.hadoop.ozone.protocol.proto.OzoneManagerProtocolProtos$OzoneManagerService$2.callBlockingMethod(OzoneManagerProtocolProtos.java) [ozone-interface-client-1.4.0-SNAPSHOT.jar:?]
	at org.apache.hadoop.ipc.ProtobufRpcEngine$Server.processCall(ProtobufRpcEngine.java:484) [hadoop-common-3.3.6.jar:?]
	at org.apache.hadoop.ipc.ProtobufRpcEngine2$Server$ProtoBufRpcInvoker.call(ProtobufRpcEngine2.java:595) [hadoop-common-3.3.6.jar:?]
	at org.apache.hadoop.ipc.ProtobufRpcEngine2$Server$ProtoBufRpcInvoker.call(ProtobufRpcEngine2.java:573) [hadoop-common-3.3.6.jar:?]
	at org.apache.hadoop.ipc.RPC$Server.call(RPC.java:1227) [hadoop-common-3.3.6.jar:?]
	at org.apache.hadoop.ipc.Server$RpcCall.run(Server.java:1094) [hadoop-common-3.3.6.jar:?]
	at org.apache.hadoop.ipc.Server$RpcCall.run(Server.java:1017) [hadoop-common-3.3.6.jar:?]
	at java.security.AccessController.doPrivileged(Native Method) ~[?:1.8.0_382]
	at javax.security.auth.Subject.doAs(Subject.java:422) [?:1.8.0_382]
	at org.apache.hadoop.security.UserGroupInformation.doAs(UserGroupInformation.java:1899) [hadoop-common-3.3.6.jar:?]
	at org.apache.hadoop.ipc.Server$Handler.run(Server.java:3048) [hadoop-common-3.3.6.jar:?]
12:58:49.958 [IPC Server handler 18 on default port 15110] ERROR OMAudit - user=runner | ip=127.0.0.1 | op=GET_FILE_STATUS {volume=volume13657, bucket=bucket40110, key=.Trash/runner/Current/testKey2, dataSize=0, replicationConfig=null} | ret=FAILURE
org.apache.hadoop.ozone.om.exceptions.OMException: Unable to get file status: volume: volume13657 bucket: bucket40110 key: .Trash/runner/Current/testKey2
	at org.apache.hadoop.ozone.om.KeyManagerImpl.getOzoneFileStatus(KeyManagerImpl.java:1198) ~[ozone-manager-1.4.0-SNAPSHOT.jar:?]
	at org.apache.hadoop.ozone.om.KeyManagerImpl.getFileStatus(KeyManagerImpl.java:1116) ~[ozone-manager-1.4.0-SNAPSHOT.jar:?]
	at org.apache.hadoop.ozone.om.OmMetadataReader.getFileStatus(OmMetadataReader.java:266) ~[ozone-manager-1.4.0-SNAPSHOT.jar:?]
	at org.apache.hadoop.ozone.om.OzoneManager.getFileStatus(OzoneManager.java:3552) ~[ozone-manager-1.4.0-SNAPSHOT.jar:?]
	at org.apache.hadoop.ozone.protocolPB.OzoneManagerRequestHandler.getOzoneFileStatus(OzoneManagerRequestHandler.java:998) ~[ozone-manager-1.4.0-SNAPSHOT.jar:?]
	at org.apache.hadoop.ozone.protocolPB.OzoneManagerRequestHandler.handleReadRequest(OzoneManagerRequestHandler.java:259) ~[ozone-manager-1.4.0-SNAPSHOT.jar:?]
	at org.apache.hadoop.ozone.protocolPB.OzoneManagerProtocolServerSideTranslatorPB.submitReadRequestToOM(OzoneManagerProtocolServerSideTranslatorPB.java:225) ~[ozone-manager-1.4.0-SNAPSHOT.jar:?]
	at org.apache.hadoop.ozone.protocolPB.OzoneManagerProtocolServerSideTranslatorPB.processRequest(OzoneManagerProtocolServerSideTranslatorPB.java:179) ~[ozone-manager-1.4.0-SNAPSHOT.jar:?]
	at org.apache.hadoop.hdds.server.OzoneProtocolMessageDispatcher.processRequest(OzoneProtocolMessageDispatcher.java:87) [hdds-server-framework-1.4.0-SNAPSHOT.jar:?]
	at org.apache.hadoop.ozone.protocolPB.OzoneManagerProtocolServerSideTranslatorPB.submitRequest(OzoneManagerProtocolServerSideTranslatorPB.java:148) [ozone-manager-1.4.0-SNAPSHOT.jar:?]
	at org.apache.hadoop.ozone.protocol.proto.OzoneManagerProtocolProtos$OzoneManagerService$2.callBlockingMethod(OzoneManagerProtocolProtos.java) [ozone-interface-client-1.4.0-SNAPSHOT.jar:?]
	at org.apache.hadoop.ipc.ProtobufRpcEngine$Server.processCall(ProtobufRpcEngine.java:484) [hadoop-common-3.3.6.jar:?]
	at org.apache.hadoop.ipc.ProtobufRpcEngine2$Server$ProtoBufRpcInvoker.call(ProtobufRpcEngine2.java:595) [hadoop-common-3.3.6.jar:?]
	at org.apache.hadoop.ipc.ProtobufRpcEngine2$Server$ProtoBufRpcInvoker.call(ProtobufRpcEngine2.java:573) [hadoop-common-3.3.6.jar:?]
	at org.apache.hadoop.ipc.RPC$Server.call(RPC.java:1227) [hadoop-common-3.3.6.jar:?]
	at org.apache.hadoop.ipc.Server$RpcCall.run(Server.java:1094) [hadoop-common-3.3.6.jar:?]
	at org.apache.hadoop.ipc.Server$RpcCall.run(Server.java:1017) [hadoop-common-3.3.6.jar:?]
	at java.security.AccessController.doPrivileged(Native Method) ~[?:1.8.0_382]
	at javax.security.auth.Subject.doAs(Subject.java:422) [?:1.8.0_382]
	at org.apache.hadoop.security.UserGroupInformation.doAs(UserGroupInformation.java:1899) [hadoop-common-3.3.6.jar:?]
	at org.apache.hadoop.ipc.Server$Handler.run(Server.java:3048) [hadoop-common-3.3.6.jar:?]
12:58:49.960 [IPC Server handler 0 on default port 15110] ERROR OMAudit - user=runner | ip=127.0.0.1 | op=GET_FILE_STATUS {volume=volume13657, bucket=bucket40110, key=.Trash/runner/Current/testKey2, dataSize=0, replicationConfig=null} | ret=FAILURE
org.apache.hadoop.ozone.om.exceptions.OMException: Unable to get file status: volume: volume13657 bucket: bucket40110 key: .Trash/runner/Current/testKey2
	at org.apache.hadoop.ozone.om.KeyManagerImpl.getOzoneFileStatus(KeyManagerImpl.java:1198) ~[ozone-manager-1.4.0-SNAPSHOT.jar:?]
	at org.apache.hadoop.ozone.om.KeyManagerImpl.getFileStatus(KeyManagerImpl.java:1116) ~[ozone-manager-1.4.0-SNAPSHOT.jar:?]
	at org.apache.hadoop.ozone.om.OmMetadataReader.getFileStatus(OmMetadataReader.java:266) ~[ozone-manager-1.4.0-SNAPSHOT.jar:?]
	at org.apache.hadoop.ozone.om.OzoneManager.getFileStatus(OzoneManager.java:3552) ~[ozone-manager-1.4.0-SNAPSHOT.jar:?]
	at org.apache.hadoop.ozone.protocolPB.OzoneManagerRequestHandler.getOzoneFileStatus(OzoneManagerRequestHandler.java:998) ~[ozone-manager-1.4.0-SNAPSHOT.jar:?]
	at org.apache.hadoop.ozone.protocolPB.OzoneManagerRequestHandler.handleReadRequest(OzoneManagerRequestHandler.java:259) ~[ozone-manager-1.4.0-SNAPSHOT.jar:?]
	at org.apache.hadoop.ozone.protocolPB.OzoneManagerProtocolServerSideTranslatorPB.submitReadRequestToOM(OzoneManagerProtocolServerSideTranslatorPB.java:225) ~[ozone-manager-1.4.0-SNAPSHOT.jar:?]
	at org.apache.hadoop.ozone.protocolPB.OzoneManagerProtocolServerSideTranslatorPB.processRequest(OzoneManagerProtocolServerSideTranslatorPB.java:179) ~[ozone-manager-1.4.0-SNAPSHOT.jar:?]
	at org.apache.hadoop.hdds.server.OzoneProtocolMessageDispatcher.processRequest(OzoneProtocolMessageDispatcher.java:87) [hdds-server-framework-1.4.0-SNAPSHOT.jar:?]
	at org.apache.hadoop.ozone.protocolPB.OzoneManagerProtocolServerSideTranslatorPB.submitRequest(OzoneManagerProtocolServerSideTranslatorPB.java:148) [ozone-manager-1.4.0-SNAPSHOT.jar:?]
	at org.apache.hadoop.ozone.protocol.proto.OzoneManagerProtocolProtos$OzoneManagerService$2.callBlockingMethod(OzoneManagerProtocolProtos.java) [ozone-interface-client-1.4.0-SNAPSHOT.jar:?]
	at org.apache.hadoop.ipc.ProtobufRpcEngine$Server.processCall(ProtobufRpcEngine.java:484) [hadoop-common-3.3.6.jar:?]
	at org.apache.hadoop.ipc.ProtobufRpcEngine2$Server$ProtoBufRpcInvoker.call(ProtobufRpcEngine2.java:595) [hadoop-common-3.3.6.jar:?]
	at org.apache.hadoop.ipc.ProtobufRpcEngine2$Server$ProtoBufRpcInvoker.call(ProtobufRpcEngine2.java:573) [hadoop-common-3.3.6.jar:?]
	at org.apache.hadoop.ipc.RPC$Server.call(RPC.java:1227) [hadoop-common-3.3.6.jar:?]
	at org.apache.hadoop.ipc.Server$RpcCall.run(Server.java:1094) [hadoop-common-3.3.6.jar:?]
	at org.apache.hadoop.ipc.Server$RpcCall.run(Server.java:1017) [hadoop-common-3.3.6.jar:?]
	at java.security.AccessController.doPrivileged(Native Method) ~[?:1.8.0_382]
	at javax.security.auth.Subject.doAs(Subject.java:422) [?:1.8.0_382]
	at org.apache.hadoop.security.UserGroupInformation.doAs(UserGroupInformation.java:1899) [hadoop-common-3.3.6.jar:?]
	at org.apache.hadoop.ipc.Server$Handler.run(Server.java:3048) [hadoop-common-3.3.6.jar:?]
2023-09-28 12:58:49,961 [9cdffd11-02fa-4df2-99c7-28ecdc892c61@group-B8AE767B9B63-FollowerState] INFO  impl.FollowerState (FollowerState.java:run(143)) - 9cdffd11-02fa-4df2-99c7-28ecdc892c61@group-B8AE767B9B63-FollowerState: change to CANDIDATE, lastRpcElapsedTime:5139727220ns, electionTimeout:5130ms
2023-09-28 12:58:49,961 [9cdffd11-02fa-4df2-99c7-28ecdc892c61@group-B8AE767B9B63-FollowerState] INFO  impl.RoleInfo (RoleInfo.java:shutdownFollowerState(110)) - 9cdffd11-02fa-4df2-99c7-28ecdc892c61: shutdown 9cdffd11-02fa-4df2-99c7-28ecdc892c61@group-B8AE767B9B63-FollowerState
2023-09-28 12:58:49,961 [9cdffd11-02fa-4df2-99c7-28ecdc892c61@group-B8AE767B9B63-FollowerState] INFO  server.RaftServer$Division (RaftServerImpl.java:setRole(329)) - 9cdffd11-02fa-4df2-99c7-28ecdc892c61@group-B8AE767B9B63: changes role from  FOLLOWER to CANDIDATE at term 0 for changeToCandidate
2023-09-28 12:58:49,961 [9cdffd11-02fa-4df2-99c7-28ecdc892c61@group-B8AE767B9B63-FollowerState] INFO  server.RaftServerConfigKeys (ConfUtils.java:logGet(46)) - raft.server.leaderelection.pre-vote = true (default)
2023-09-28 12:58:49,961 [9cdffd11-02fa-4df2-99c7-28ecdc892c61@group-B8AE767B9B63-FollowerState] INFO  impl.RoleInfo (RoleInfo.java:updateAndGet(139)) - 9cdffd11-02fa-4df2-99c7-28ecdc892c61: start 9cdffd11-02fa-4df2-99c7-28ecdc892c61@group-B8AE767B9B63-LeaderElection25
2023-09-28 12:58:49,967 [9cdffd11-02fa-4df2-99c7-28ecdc892c61@group-B8AE767B9B63-LeaderElection25] INFO  impl.LeaderElection (LeaderElection.java:askForVotes(321)) - 9cdffd11-02fa-4df2-99c7-28ecdc892c61@group-B8AE767B9B63-LeaderElection25 PRE_VOTE round 0: submit vote requests at term 0 for -1: peers:[9cdffd11-02fa-4df2-99c7-28ecdc892c61|rpc:10.1.0.34:15147|admin:10.1.0.34:15146|client:10.1.0.34:15145|dataStream:10.1.0.34:15148|priority:1|startupRole:FOLLOWER]|listeners:[], old=null
2023-09-28 12:58:49,968 [9cdffd11-02fa-4df2-99c7-28ecdc892c61@group-B8AE767B9B63-LeaderElection25] INFO  impl.LeaderElection (LeaderElection.java:askForVotes(323)) - 9cdffd11-02fa-4df2-99c7-28ecdc892c61@group-B8AE767B9B63-LeaderElection25 PRE_VOTE round 0: result PASSED (term=0)
2023-09-28 12:58:49,969 [9cdffd11-02fa-4df2-99c7-28ecdc892c61@group-B8AE767B9B63-LeaderElection25] INFO  impl.LeaderElection (LeaderElection.java:askForVotes(321)) - 9cdffd11-02fa-4df2-99c7-28ecdc892c61@group-B8AE767B9B63-LeaderElection25 ELECTION round 0: submit vote requests at term 1 for -1: peers:[9cdffd11-02fa-4df2-99c7-28ecdc892c61|rpc:10.1.0.34:15147|admin:10.1.0.34:15146|client:10.1.0.34:15145|dataStream:10.1.0.34:15148|priority:1|startupRole:FOLLOWER]|listeners:[], old=null
2023-09-28 12:58:49,969 [9cdffd11-02fa-4df2-99c7-28ecdc892c61@group-B8AE767B9B63-LeaderElection25] INFO  impl.LeaderElection (LeaderElection.java:askForVotes(323)) - 9cdffd11-02fa-4df2-99c7-28ecdc892c61@group-B8AE767B9B63-LeaderElection25 ELECTION round 0: result PASSED (term=1)
2023-09-28 12:58:49,969 [9cdffd11-02fa-4df2-99c7-28ecdc892c61@group-B8AE767B9B63-LeaderElection25] INFO  impl.RoleInfo (RoleInfo.java:shutdownLeaderElection(130)) - 9cdffd11-02fa-4df2-99c7-28ecdc892c61: shutdown 9cdffd11-02fa-4df2-99c7-28ecdc892c61@group-B8AE767B9B63-LeaderElection25
2023-09-28 12:58:49,969 [9cdffd11-02fa-4df2-99c7-28ecdc892c61@group-B8AE767B9B63-LeaderElection25] INFO  server.RaftServer$Division (RaftServerImpl.java:setRole(329)) - 9cdffd11-02fa-4df2-99c7-28ecdc892c61@group-B8AE767B9B63: changes role from CANDIDATE to LEADER at term 1 for changeToLeader
2023-09-28 12:58:49,970 [9cdffd11-02fa-4df2-99c7-28ecdc892c61@group-B8AE767B9B63-LeaderElection25] INFO  ratis.XceiverServerRatis (XceiverServerRatis.java:handleLeaderChangedNotification(902)) - Leader change notification received for group: group-B8AE767B9B63 with new leaderId: 9cdffd11-02fa-4df2-99c7-28ecdc892c61
2023-09-28 12:58:49,971 [9cdffd11-02fa-4df2-99c7-28ecdc892c61@group-B8AE767B9B63-LeaderElection25] INFO  server.RaftServer$Division (ServerState.java:setLeader(317)) - 9cdffd11-02fa-4df2-99c7-28ecdc892c61@group-B8AE767B9B63: change Leader from null to 9cdffd11-02fa-4df2-99c7-28ecdc892c61 at term 1 for becomeLeader, leader elected after 5249ms
2023-09-28 12:58:49,971 [9cdffd11-02fa-4df2-99c7-28ecdc892c61@group-B8AE767B9B63-LeaderElection25] INFO  server.RaftServerConfigKeys (ConfUtils.java:logGet(46)) - raft.server.staging.catchup.gap = 1000 (default)
2023-09-28 12:58:49,971 [9cdffd11-02fa-4df2-99c7-28ecdc892c61@group-B8AE767B9B63-LeaderElection25] INFO  server.RaftServerConfigKeys (ConfUtils.java:logGet(46)) - raft.server.write.element-limit = 1024 (custom)
2023-09-28 12:58:49,971 [9cdffd11-02fa-4df2-99c7-28ecdc892c61@group-B8AE767B9B63-LeaderElection25] INFO  server.RaftServerConfigKeys (ConfUtils.java:logGet(46)) - raft.server.write.byte-limit = 1024 M (=1073741824) (custom)
2023-09-28 12:58:49,971 [Time-limited test] INFO  om.TrashPolicyOzone (TrashPolicyOzone.java:moveToTrash(213)) - Moved: '/testKey2' to trash at: o3fs://bucket40110.volume13657/.Trash/runner/Current/testKey2
2023-09-28 12:58:49,972 [9cdffd11-02fa-4df2-99c7-28ecdc892c61@group-B8AE767B9B63-LeaderElection25] INFO  server.RaftServerConfigKeys (ConfUtils.java:logGet(46)) - raft.server.watch.timeout = 180s (custom)
2023-09-28 12:58:49,972 [9cdffd11-02fa-4df2-99c7-28ecdc892c61@group-B8AE767B9B63-LeaderElection25] INFO  server.RaftServerConfigKeys (ConfUtils.java:logGet(46)) - raft.server.watch.timeout.denomination = 1s (default)
2023-09-28 12:58:49,972 [9cdffd11-02fa-4df2-99c7-28ecdc892c61@group-B8AE767B9B63-LeaderElection25] INFO  server.RaftServerConfigKeys (ConfUtils.java:logGet(46)) - raft.server.watch.element-limit = 65536 (default)
2023-09-28 12:58:49,972 [9cdffd11-02fa-4df2-99c7-28ecdc892c61@group-B8AE767B9B63-LeaderElection25] INFO  server.RaftServerConfigKeys (ConfUtils.java:logGet(46)) - raft.server.write.element-limit = 1024 (custom)
2023-09-28 12:58:49,972 [9cdffd11-02fa-4df2-99c7-28ecdc892c61@group-B8AE767B9B63-LeaderElection25] INFO  server.RaftServerConfigKeys (ConfUtils.java:logGet(46)) - raft.server.write.follower.gap.ratio.max = -1.0 (default)
2023-09-28 12:58:49,972 [9cdffd11-02fa-4df2-99c7-28ecdc892c61@group-B8AE767B9B63-LeaderElection25] INFO  impl.RoleInfo (RoleInfo.java:updateAndGet(139)) - 9cdffd11-02fa-4df2-99c7-28ecdc892c61: start 9cdffd11-02fa-4df2-99c7-28ecdc892c61@group-B8AE767B9B63-LeaderStateImpl
2023-09-28 12:58:49,972 [9cdffd11-02fa-4df2-99c7-28ecdc892c61@group-B8AE767B9B63-LeaderElection25] INFO  segmented.SegmentedRaftLogWorker (SegmentedRaftLogWorker.java:startLogSegment(447)) - 9cdffd11-02fa-4df2-99c7-28ecdc892c61@group-B8AE767B9B63-SegmentedRaftLogWorker: Starting segment from index:0
2023-09-28 12:58:49,978 [9cdffd11-02fa-4df2-99c7-28ecdc892c61@group-B8AE767B9B63-LeaderElection25] INFO  server.RaftServer$Division (ServerState.java:setRaftConf(434)) - 9cdffd11-02fa-4df2-99c7-28ecdc892c61@group-B8AE767B9B63: set configuration 0: peers:[9cdffd11-02fa-4df2-99c7-28ecdc892c61|rpc:10.1.0.34:15147|admin:10.1.0.34:15146|client:10.1.0.34:15145|dataStream:10.1.0.34:15148|priority:1|startupRole:FOLLOWER]|listeners:[], old=null
2023-09-28 12:58:49,980 [9cdffd11-02fa-4df2-99c7-28ecdc892c61@group-B8AE767B9B63-SegmentedRaftLogWorker] INFO  segmented.SegmentedRaftLogWorker (SegmentedRaftLogWorker.java:execute(651)) - 9cdffd11-02fa-4df2-99c7-28ecdc892c61@group-B8AE767B9B63-SegmentedRaftLogWorker: created new log segment /home/runner/work/ozone/ozone/hadoop-ozone/integration-test/target/test-dir/MiniOzoneClusterImpl-1f8fe502-6e97-4a32-9c6f-93491b2fe8ad/datanode-3/data/ratis/848c83b0-109d-414a-a5f4-b8ae767b9b63/current/log_inprogress_0
2023-09-28 12:58:50,182 [d40e6bcf-02e4-4e73-834b-c61e0c8d110b@group-365D51D10B90-FollowerState] INFO  impl.FollowerState (FollowerState.java:run(143)) - d40e6bcf-02e4-4e73-834b-c61e0c8d110b@group-365D51D10B90-FollowerState: change to CANDIDATE, lastRpcElapsedTime:5092395211ns, electionTimeout:5088ms
2023-09-28 12:58:50,182 [d40e6bcf-02e4-4e73-834b-c61e0c8d110b@group-365D51D10B90-FollowerState] INFO  impl.RoleInfo (RoleInfo.java:shutdownFollowerState(110)) - d40e6bcf-02e4-4e73-834b-c61e0c8d110b: shutdown d40e6bcf-02e4-4e73-834b-c61e0c8d110b@group-365D51D10B90-FollowerState
2023-09-28 12:58:50,182 [d40e6bcf-02e4-4e73-834b-c61e0c8d110b@group-365D51D10B90-FollowerState] INFO  server.RaftServer$Division (RaftServerImpl.java:setRole(329)) - d40e6bcf-02e4-4e73-834b-c61e0c8d110b@group-365D51D10B90: changes role from  FOLLOWER to CANDIDATE at term 0 for changeToCandidate
2023-09-28 12:58:50,182 [d40e6bcf-02e4-4e73-834b-c61e0c8d110b@group-365D51D10B90-FollowerState] INFO  server.RaftServerConfigKeys (ConfUtils.java:logGet(46)) - raft.server.leaderelection.pre-vote = true (default)
2023-09-28 12:58:50,182 [d40e6bcf-02e4-4e73-834b-c61e0c8d110b@group-365D51D10B90-FollowerState] INFO  impl.RoleInfo (RoleInfo.java:updateAndGet(139)) - d40e6bcf-02e4-4e73-834b-c61e0c8d110b: start d40e6bcf-02e4-4e73-834b-c61e0c8d110b@group-365D51D10B90-LeaderElection26
2023-09-28 12:58:50,187 [d40e6bcf-02e4-4e73-834b-c61e0c8d110b@group-365D51D10B90-LeaderElection26] INFO  impl.LeaderElection (LeaderElection.java:askForVotes(321)) - d40e6bcf-02e4-4e73-834b-c61e0c8d110b@group-365D51D10B90-LeaderElection26 PRE_VOTE round 0: submit vote requests at term 0 for -1: peers:[d40e6bcf-02e4-4e73-834b-c61e0c8d110b|rpc:10.1.0.34:15156|admin:10.1.0.34:15155|client:10.1.0.34:15154|dataStream:10.1.0.34:15157|priority:1|startupRole:FOLLOWER]|listeners:[], old=null
2023-09-28 12:58:50,187 [d40e6bcf-02e4-4e73-834b-c61e0c8d110b@group-365D51D10B90-LeaderElection26] INFO  impl.LeaderElection (LeaderElection.java:askForVotes(323)) - d40e6bcf-02e4-4e73-834b-c61e0c8d110b@group-365D51D10B90-LeaderElection26 PRE_VOTE round 0: result PASSED (term=0)
2023-09-28 12:58:50,189 [d40e6bcf-02e4-4e73-834b-c61e0c8d110b@group-365D51D10B90-LeaderElection26] INFO  impl.LeaderElection (LeaderElection.java:askForVotes(321)) - d40e6bcf-02e4-4e73-834b-c61e0c8d110b@group-365D51D10B90-LeaderElection26 ELECTION round 0: submit vote requests at term 1 for -1: peers:[d40e6bcf-02e4-4e73-834b-c61e0c8d110b|rpc:10.1.0.34:15156|admin:10.1.0.34:15155|client:10.1.0.34:15154|dataStream:10.1.0.34:15157|priority:1|startupRole:FOLLOWER]|listeners:[], old=null
2023-09-28 12:58:50,189 [d40e6bcf-02e4-4e73-834b-c61e0c8d110b@group-365D51D10B90-LeaderElection26] INFO  impl.LeaderElection (LeaderElection.java:askForVotes(323)) - d40e6bcf-02e4-4e73-834b-c61e0c8d110b@group-365D51D10B90-LeaderElection26 ELECTION round 0: result PASSED (term=1)
2023-09-28 12:58:50,189 [d40e6bcf-02e4-4e73-834b-c61e0c8d110b@group-365D51D10B90-LeaderElection26] INFO  impl.RoleInfo (RoleInfo.java:shutdownLeaderElection(130)) - d40e6bcf-02e4-4e73-834b-c61e0c8d110b: shutdown d40e6bcf-02e4-4e73-834b-c61e0c8d110b@group-365D51D10B90-LeaderElection26
2023-09-28 12:58:50,189 [d40e6bcf-02e4-4e73-834b-c61e0c8d110b@group-365D51D10B90-LeaderElection26] INFO  server.RaftServer$Division (RaftServerImpl.java:setRole(329)) - d40e6bcf-02e4-4e73-834b-c61e0c8d110b@group-365D51D10B90: changes role from CANDIDATE to LEADER at term 1 for changeToLeader
2023-09-28 12:58:50,189 [d40e6bcf-02e4-4e73-834b-c61e0c8d110b@group-365D51D10B90-LeaderElection26] INFO  ratis.XceiverServerRatis (XceiverServerRatis.java:handleLeaderChangedNotification(902)) - Leader change notification received for group: group-365D51D10B90 with new leaderId: d40e6bcf-02e4-4e73-834b-c61e0c8d110b
2023-09-28 12:58:50,189 [d40e6bcf-02e4-4e73-834b-c61e0c8d110b@group-365D51D10B90-LeaderElection26] INFO  server.RaftServer$Division (ServerState.java:setLeader(317)) - d40e6bcf-02e4-4e73-834b-c61e0c8d110b@group-365D51D10B90: change Leader from null to d40e6bcf-02e4-4e73-834b-c61e0c8d110b at term 1 for becomeLeader, leader elected after 5118ms
2023-09-28 12:58:50,190 [d40e6bcf-02e4-4e73-834b-c61e0c8d110b@group-365D51D10B90-LeaderElection26] INFO  server.RaftServerConfigKeys (ConfUtils.java:logGet(46)) - raft.server.staging.catchup.gap = 1000 (default)
2023-09-28 12:58:50,190 [d40e6bcf-02e4-4e73-834b-c61e0c8d110b@group-365D51D10B90-LeaderElection26] INFO  server.RaftServerConfigKeys (ConfUtils.java:logGet(46)) - raft.server.write.element-limit = 1024 (custom)
2023-09-28 12:58:50,190 [d40e6bcf-02e4-4e73-834b-c61e0c8d110b@group-365D51D10B90-LeaderElection26] INFO  server.RaftServerConfigKeys (ConfUtils.java:logGet(46)) - raft.server.write.byte-limit = 1024 M (=1073741824) (custom)
2023-09-28 12:58:50,190 [d40e6bcf-02e4-4e73-834b-c61e0c8d110b@group-365D51D10B90-LeaderElection26] INFO  server.RaftServerConfigKeys (ConfUtils.java:logGet(46)) - raft.server.watch.timeout = 180s (custom)
2023-09-28 12:58:50,191 [d40e6bcf-02e4-4e73-834b-c61e0c8d110b@group-365D51D10B90-LeaderElection26] INFO  server.RaftServerConfigKeys (ConfUtils.java:logGet(46)) - raft.server.watch.timeout.denomination = 1s (default)
2023-09-28 12:58:50,191 [d40e6bcf-02e4-4e73-834b-c61e0c8d110b@group-365D51D10B90-LeaderElection26] INFO  server.RaftServerConfigKeys (ConfUtils.java:logGet(46)) - raft.server.watch.element-limit = 65536 (default)
2023-09-28 12:58:50,191 [d40e6bcf-02e4-4e73-834b-c61e0c8d110b@group-365D51D10B90-LeaderElection26] INFO  server.RaftServerConfigKeys (ConfUtils.java:logGet(46)) - raft.server.write.element-limit = 1024 (custom)
2023-09-28 12:58:50,191 [d40e6bcf-02e4-4e73-834b-c61e0c8d110b@group-365D51D10B90-LeaderElection26] INFO  server.RaftServerConfigKeys (ConfUtils.java:logGet(46)) - raft.server.write.follower.gap.ratio.max = -1.0 (default)
2023-09-28 12:58:50,191 [d40e6bcf-02e4-4e73-834b-c61e0c8d110b@group-365D51D10B90-LeaderElection26] INFO  impl.RoleInfo (RoleInfo.java:updateAndGet(139)) - d40e6bcf-02e4-4e73-834b-c61e0c8d110b: start d40e6bcf-02e4-4e73-834b-c61e0c8d110b@group-365D51D10B90-LeaderStateImpl
2023-09-28 12:58:50,191 [d40e6bcf-02e4-4e73-834b-c61e0c8d110b@group-365D51D10B90-LeaderElection26] INFO  segmented.SegmentedRaftLogWorker (SegmentedRaftLogWorker.java:startLogSegment(447)) - d40e6bcf-02e4-4e73-834b-c61e0c8d110b@group-365D51D10B90-SegmentedRaftLogWorker: Starting segment from index:0
2023-09-28 12:58:50,194 [d40e6bcf-02e4-4e73-834b-c61e0c8d110b@group-365D51D10B90-SegmentedRaftLogWorker] INFO  segmented.SegmentedRaftLogWorker (SegmentedRaftLogWorker.java:execute(651)) - d40e6bcf-02e4-4e73-834b-c61e0c8d110b@group-365D51D10B90-SegmentedRaftLogWorker: created new log segment /home/runner/work/ozone/ozone/hadoop-ozone/integration-test/target/test-dir/MiniOzoneClusterImpl-1f8fe502-6e97-4a32-9c6f-93491b2fe8ad/datanode-4/data/ratis/a3fedb5b-c0f7-4557-93bb-365d51d10b90/current/log_inprogress_0
2023-09-28 12:58:50,195 [d40e6bcf-02e4-4e73-834b-c61e0c8d110b@group-365D51D10B90-LeaderElection26] INFO  server.RaftServer$Division (ServerState.java:setRaftConf(434)) - d40e6bcf-02e4-4e73-834b-c61e0c8d110b@group-365D51D10B90: set configuration 0: peers:[d40e6bcf-02e4-4e73-834b-c61e0c8d110b|rpc:10.1.0.34:15156|admin:10.1.0.34:15155|client:10.1.0.34:15154|dataStream:10.1.0.34:15157|priority:1|startupRole:FOLLOWER]|listeners:[], old=null
12:58:51.098 [IPC Server handler 9 on default port 15110] ERROR OMAudit - user=runner | ip=127.0.0.1 | op=GET_FILE_STATUS {volume=volume13657, bucket=bucket40110, key=.Trash/runner/Current/testKey2, dataSize=0, replicationConfig=null} | ret=FAILURE
org.apache.hadoop.ozone.om.exceptions.OMException: Unable to get file status: volume: volume13657 bucket: bucket40110 key: .Trash/runner/Current/testKey2
	at org.apache.hadoop.ozone.om.KeyManagerImpl.getOzoneFileStatus(KeyManagerImpl.java:1198) ~[ozone-manager-1.4.0-SNAPSHOT.jar:?]
	at org.apache.hadoop.ozone.om.KeyManagerImpl.getFileStatus(KeyManagerImpl.java:1116) ~[ozone-manager-1.4.0-SNAPSHOT.jar:?]
	at org.apache.hadoop.ozone.om.OmMetadataReader.getFileStatus(OmMetadataReader.java:266) ~[ozone-manager-1.4.0-SNAPSHOT.jar:?]
	at org.apache.hadoop.ozone.om.OzoneManager.getFileStatus(OzoneManager.java:3552) ~[ozone-manager-1.4.0-SNAPSHOT.jar:?]
	at org.apache.hadoop.ozone.protocolPB.OzoneManagerRequestHandler.getOzoneFileStatus(OzoneManagerRequestHandler.java:998) ~[ozone-manager-1.4.0-SNAPSHOT.jar:?]
	at org.apache.hadoop.ozone.protocolPB.OzoneManagerRequestHandler.handleReadRequest(OzoneManagerRequestHandler.java:259) ~[ozone-manager-1.4.0-SNAPSHOT.jar:?]
	at org.apache.hadoop.ozone.protocolPB.OzoneManagerProtocolServerSideTranslatorPB.submitReadRequestToOM(OzoneManagerProtocolServerSideTranslatorPB.java:225) ~[ozone-manager-1.4.0-SNAPSHOT.jar:?]
	at org.apache.hadoop.ozone.protocolPB.OzoneManagerProtocolServerSideTranslatorPB.processRequest(OzoneManagerProtocolServerSideTranslatorPB.java:179) ~[ozone-manager-1.4.0-SNAPSHOT.jar:?]
	at org.apache.hadoop.hdds.server.OzoneProtocolMessageDispatcher.processRequest(OzoneProtocolMessageDispatcher.java:87) [hdds-server-framework-1.4.0-SNAPSHOT.jar:?]
	at org.apache.hadoop.ozone.protocolPB.OzoneManagerProtocolServerSideTranslatorPB.submitRequest(OzoneManagerProtocolServerSideTranslatorPB.java:148) [ozone-manager-1.4.0-SNAPSHOT.jar:?]
	at org.apache.hadoop.ozone.protocol.proto.OzoneManagerProtocolProtos$OzoneManagerService$2.callBlockingMethod(OzoneManagerProtocolProtos.java) [ozone-interface-client-1.4.0-SNAPSHOT.jar:?]
	at org.apache.hadoop.ipc.ProtobufRpcEngine$Server.processCall(ProtobufRpcEngine.java:484) [hadoop-common-3.3.6.jar:?]
	at org.apache.hadoop.ipc.ProtobufRpcEngine2$Server$ProtoBufRpcInvoker.call(ProtobufRpcEngine2.java:595) [hadoop-common-3.3.6.jar:?]
	at org.apache.hadoop.ipc.ProtobufRpcEngine2$Server$ProtoBufRpcInvoker.call(ProtobufRpcEngine2.java:573) [hadoop-common-3.3.6.jar:?]
	at org.apache.hadoop.ipc.RPC$Server.call(RPC.java:1227) [hadoop-common-3.3.6.jar:?]
	at org.apache.hadoop.ipc.Server$RpcCall.run(Server.java:1094) [hadoop-common-3.3.6.jar:?]
	at org.apache.hadoop.ipc.Server$RpcCall.run(Server.java:1017) [hadoop-common-3.3.6.jar:?]
	at java.security.AccessController.doPrivileged(Native Method) ~[?:1.8.0_382]
	at javax.security.auth.Subject.doAs(Subject.java:422) [?:1.8.0_382]
	at org.apache.hadoop.security.UserGroupInformation.doAs(UserGroupInformation.java:1899) [hadoop-common-3.3.6.jar:?]
	at org.apache.hadoop.ipc.Server$Handler.run(Server.java:3048) [hadoop-common-3.3.6.jar:?]
]]></system-out>
  </testcase>
  <testcase name="testTrash" classname="TestOzoneFileSystem" time="3.437">
    <system-out><![CDATA[13:00:23.668 [IPC Server handler 7 on default port 15163] ERROR OMAudit - user=runner | ip=127.0.0.1 | op=GET_FILE_STATUS {volume=volume08867, bucket=bucket18921, key=.Trash/runner, dataSize=0, replicationConfig=null} | ret=FAILURE
org.apache.hadoop.ozone.om.exceptions.OMException: Unable to get file status: volume: volume08867 bucket: bucket18921 key: .Trash/runner
	at org.apache.hadoop.ozone.om.KeyManagerImpl.getOzoneFileStatus(KeyManagerImpl.java:1198) ~[ozone-manager-1.4.0-SNAPSHOT.jar:?]
	at org.apache.hadoop.ozone.om.KeyManagerImpl.getFileStatus(KeyManagerImpl.java:1116) ~[ozone-manager-1.4.0-SNAPSHOT.jar:?]
	at org.apache.hadoop.ozone.om.OmMetadataReader.getFileStatus(OmMetadataReader.java:266) ~[ozone-manager-1.4.0-SNAPSHOT.jar:?]
	at org.apache.hadoop.ozone.om.OzoneManager.getFileStatus(OzoneManager.java:3552) ~[ozone-manager-1.4.0-SNAPSHOT.jar:?]
	at org.apache.hadoop.ozone.protocolPB.OzoneManagerRequestHandler.getOzoneFileStatus(OzoneManagerRequestHandler.java:998) ~[ozone-manager-1.4.0-SNAPSHOT.jar:?]
	at org.apache.hadoop.ozone.protocolPB.OzoneManagerRequestHandler.handleReadRequest(OzoneManagerRequestHandler.java:259) ~[ozone-manager-1.4.0-SNAPSHOT.jar:?]
	at org.apache.hadoop.ozone.protocolPB.OzoneManagerProtocolServerSideTranslatorPB.submitRequestDirectlyToOM(OzoneManagerProtocolServerSideTranslatorPB.java:274) ~[ozone-manager-1.4.0-SNAPSHOT.jar:?]
	at org.apache.hadoop.ozone.protocolPB.OzoneManagerProtocolServerSideTranslatorPB.processRequest(OzoneManagerProtocolServerSideTranslatorPB.java:175) ~[ozone-manager-1.4.0-SNAPSHOT.jar:?]
	at org.apache.hadoop.hdds.server.OzoneProtocolMessageDispatcher.processRequest(OzoneProtocolMessageDispatcher.java:87) [hdds-server-framework-1.4.0-SNAPSHOT.jar:?]
	at org.apache.hadoop.ozone.protocolPB.OzoneManagerProtocolServerSideTranslatorPB.submitRequest(OzoneManagerProtocolServerSideTranslatorPB.java:148) [ozone-manager-1.4.0-SNAPSHOT.jar:?]
	at org.apache.hadoop.ozone.protocol.proto.OzoneManagerProtocolProtos$OzoneManagerService$2.callBlockingMethod(OzoneManagerProtocolProtos.java) [ozone-interface-client-1.4.0-SNAPSHOT.jar:?]
	at org.apache.hadoop.ipc.ProtobufRpcEngine$Server.processCall(ProtobufRpcEngine.java:484) [hadoop-common-3.3.6.jar:?]
	at org.apache.hadoop.ipc.ProtobufRpcEngine2$Server$ProtoBufRpcInvoker.call(ProtobufRpcEngine2.java:595) [hadoop-common-3.3.6.jar:?]
	at org.apache.hadoop.ipc.ProtobufRpcEngine2$Server$ProtoBufRpcInvoker.call(ProtobufRpcEngine2.java:573) [hadoop-common-3.3.6.jar:?]
	at org.apache.hadoop.ipc.RPC$Server.call(RPC.java:1227) [hadoop-common-3.3.6.jar:?]
	at org.apache.hadoop.ipc.Server$RpcCall.run(Server.java:1094) [hadoop-common-3.3.6.jar:?]
	at org.apache.hadoop.ipc.Server$RpcCall.run(Server.java:1017) [hadoop-common-3.3.6.jar:?]
	at java.security.AccessController.doPrivileged(Native Method) ~[?:1.8.0_382]
	at javax.security.auth.Subject.doAs(Subject.java:422) [?:1.8.0_382]
	at org.apache.hadoop.security.UserGroupInformation.doAs(UserGroupInformation.java:1899) [hadoop-common-3.3.6.jar:?]
	at org.apache.hadoop.ipc.Server$Handler.run(Server.java:3048) [hadoop-common-3.3.6.jar:?]
13:00:23.672 [IPC Server handler 4 on default port 15163] ERROR OMAudit - user=runner | ip=127.0.0.1 | op=GET_FILE_STATUS {volume=volume08867, bucket=bucket18921, key=.Trash/runner/Current/testKey2, dataSize=0, replicationConfig=null} | ret=FAILURE
org.apache.hadoop.ozone.om.exceptions.OMException: Unable to get file status: volume: volume08867 bucket: bucket18921 key: .Trash/runner/Current/testKey2
	at org.apache.hadoop.ozone.om.KeyManagerImpl.getOzoneFileStatus(KeyManagerImpl.java:1198) ~[ozone-manager-1.4.0-SNAPSHOT.jar:?]
	at org.apache.hadoop.ozone.om.KeyManagerImpl.getFileStatus(KeyManagerImpl.java:1116) ~[ozone-manager-1.4.0-SNAPSHOT.jar:?]
	at org.apache.hadoop.ozone.om.OmMetadataReader.getFileStatus(OmMetadataReader.java:266) ~[ozone-manager-1.4.0-SNAPSHOT.jar:?]
	at org.apache.hadoop.ozone.om.OzoneManager.getFileStatus(OzoneManager.java:3552) ~[ozone-manager-1.4.0-SNAPSHOT.jar:?]
	at org.apache.hadoop.ozone.protocolPB.OzoneManagerRequestHandler.getOzoneFileStatus(OzoneManagerRequestHandler.java:998) ~[ozone-manager-1.4.0-SNAPSHOT.jar:?]
	at org.apache.hadoop.ozone.protocolPB.OzoneManagerRequestHandler.handleReadRequest(OzoneManagerRequestHandler.java:259) ~[ozone-manager-1.4.0-SNAPSHOT.jar:?]
	at org.apache.hadoop.ozone.protocolPB.OzoneManagerProtocolServerSideTranslatorPB.submitRequestDirectlyToOM(OzoneManagerProtocolServerSideTranslatorPB.java:274) ~[ozone-manager-1.4.0-SNAPSHOT.jar:?]
	at org.apache.hadoop.ozone.protocolPB.OzoneManagerProtocolServerSideTranslatorPB.processRequest(OzoneManagerProtocolServerSideTranslatorPB.java:175) ~[ozone-manager-1.4.0-SNAPSHOT.jar:?]
	at org.apache.hadoop.hdds.server.OzoneProtocolMessageDispatcher.processRequest(OzoneProtocolMessageDispatcher.java:87) [hdds-server-framework-1.4.0-SNAPSHOT.jar:?]
	at org.apache.hadoop.ozone.protocolPB.OzoneManagerProtocolServerSideTranslatorPB.submitRequest(OzoneManagerProtocolServerSideTranslatorPB.java:148) [ozone-manager-1.4.0-SNAPSHOT.jar:?]
	at org.apache.hadoop.ozone.protocol.proto.OzoneManagerProtocolProtos$OzoneManagerService$2.callBlockingMethod(OzoneManagerProtocolProtos.java) [ozone-interface-client-1.4.0-SNAPSHOT.jar:?]
	at org.apache.hadoop.ipc.ProtobufRpcEngine$Server.processCall(ProtobufRpcEngine.java:484) [hadoop-common-3.3.6.jar:?]
	at org.apache.hadoop.ipc.ProtobufRpcEngine2$Server$ProtoBufRpcInvoker.call(ProtobufRpcEngine2.java:595) [hadoop-common-3.3.6.jar:?]
	at org.apache.hadoop.ipc.ProtobufRpcEngine2$Server$ProtoBufRpcInvoker.call(ProtobufRpcEngine2.java:573) [hadoop-common-3.3.6.jar:?]
	at org.apache.hadoop.ipc.RPC$Server.call(RPC.java:1227) [hadoop-common-3.3.6.jar:?]
	at org.apache.hadoop.ipc.Server$RpcCall.run(Server.java:1094) [hadoop-common-3.3.6.jar:?]
	at org.apache.hadoop.ipc.Server$RpcCall.run(Server.java:1017) [hadoop-common-3.3.6.jar:?]
	at java.security.AccessController.doPrivileged(Native Method) ~[?:1.8.0_382]
	at javax.security.auth.Subject.doAs(Subject.java:422) [?:1.8.0_382]
	at org.apache.hadoop.security.UserGroupInformation.doAs(UserGroupInformation.java:1899) [hadoop-common-3.3.6.jar:?]
	at org.apache.hadoop.ipc.Server$Handler.run(Server.java:3048) [hadoop-common-3.3.6.jar:?]
13:00:23.673 [IPC Server handler 8 on default port 15163] ERROR OMAudit - user=runner | ip=127.0.0.1 | op=GET_FILE_STATUS {volume=volume08867, bucket=bucket18921, key=.Trash/runner/Current/testKey2, dataSize=0, replicationConfig=null} | ret=FAILURE
org.apache.hadoop.ozone.om.exceptions.OMException: Unable to get file status: volume: volume08867 bucket: bucket18921 key: .Trash/runner/Current/testKey2
	at org.apache.hadoop.ozone.om.KeyManagerImpl.getOzoneFileStatus(KeyManagerImpl.java:1198) ~[ozone-manager-1.4.0-SNAPSHOT.jar:?]
	at org.apache.hadoop.ozone.om.KeyManagerImpl.getFileStatus(KeyManagerImpl.java:1116) ~[ozone-manager-1.4.0-SNAPSHOT.jar:?]
	at org.apache.hadoop.ozone.om.OmMetadataReader.getFileStatus(OmMetadataReader.java:266) ~[ozone-manager-1.4.0-SNAPSHOT.jar:?]
	at org.apache.hadoop.ozone.om.OzoneManager.getFileStatus(OzoneManager.java:3552) ~[ozone-manager-1.4.0-SNAPSHOT.jar:?]
	at org.apache.hadoop.ozone.protocolPB.OzoneManagerRequestHandler.getOzoneFileStatus(OzoneManagerRequestHandler.java:998) ~[ozone-manager-1.4.0-SNAPSHOT.jar:?]
	at org.apache.hadoop.ozone.protocolPB.OzoneManagerRequestHandler.handleReadRequest(OzoneManagerRequestHandler.java:259) ~[ozone-manager-1.4.0-SNAPSHOT.jar:?]
	at org.apache.hadoop.ozone.protocolPB.OzoneManagerProtocolServerSideTranslatorPB.submitRequestDirectlyToOM(OzoneManagerProtocolServerSideTranslatorPB.java:274) ~[ozone-manager-1.4.0-SNAPSHOT.jar:?]
	at org.apache.hadoop.ozone.protocolPB.OzoneManagerProtocolServerSideTranslatorPB.processRequest(OzoneManagerProtocolServerSideTranslatorPB.java:175) ~[ozone-manager-1.4.0-SNAPSHOT.jar:?]
	at org.apache.hadoop.hdds.server.OzoneProtocolMessageDispatcher.processRequest(OzoneProtocolMessageDispatcher.java:87) [hdds-server-framework-1.4.0-SNAPSHOT.jar:?]
	at org.apache.hadoop.ozone.protocolPB.OzoneManagerProtocolServerSideTranslatorPB.submitRequest(OzoneManagerProtocolServerSideTranslatorPB.java:148) [ozone-manager-1.4.0-SNAPSHOT.jar:?]
	at org.apache.hadoop.ozone.protocol.proto.OzoneManagerProtocolProtos$OzoneManagerService$2.callBlockingMethod(OzoneManagerProtocolProtos.java) [ozone-interface-client-1.4.0-SNAPSHOT.jar:?]
	at org.apache.hadoop.ipc.ProtobufRpcEngine$Server.processCall(ProtobufRpcEngine.java:484) [hadoop-common-3.3.6.jar:?]
	at org.apache.hadoop.ipc.ProtobufRpcEngine2$Server$ProtoBufRpcInvoker.call(ProtobufRpcEngine2.java:595) [hadoop-common-3.3.6.jar:?]
	at org.apache.hadoop.ipc.ProtobufRpcEngine2$Server$ProtoBufRpcInvoker.call(ProtobufRpcEngine2.java:573) [hadoop-common-3.3.6.jar:?]
	at org.apache.hadoop.ipc.RPC$Server.call(RPC.java:1227) [hadoop-common-3.3.6.jar:?]
	at org.apache.hadoop.ipc.Server$RpcCall.run(Server.java:1094) [hadoop-common-3.3.6.jar:?]
	at org.apache.hadoop.ipc.Server$RpcCall.run(Server.java:1017) [hadoop-common-3.3.6.jar:?]
	at java.security.AccessController.doPrivileged(Native Method) ~[?:1.8.0_382]
	at javax.security.auth.Subject.doAs(Subject.java:422) [?:1.8.0_382]
	at org.apache.hadoop.security.UserGroupInformation.doAs(UserGroupInformation.java:1899) [hadoop-common-3.3.6.jar:?]
	at org.apache.hadoop.ipc.Server$Handler.run(Server.java:3048) [hadoop-common-3.3.6.jar:?]
2023-09-28 13:00:23,677 [Time-limited test] INFO  om.TrashPolicyOzone (TrashPolicyOzone.java:moveToTrash(213)) - Moved: '/testKey2' to trash at: o3fs://bucket18921.volume08867/.Trash/runner/Current/testKey2
13:00:24.083 [IPC Server handler 1 on default port 15163] ERROR OMAudit - user=runner | ip=127.0.0.1 | op=GET_FILE_STATUS {volume=volume08867, bucket=bucket18921, key=.Trash/runner/Current/testKey2, dataSize=0, replicationConfig=null} | ret=FAILURE
org.apache.hadoop.ozone.om.exceptions.OMException: Unable to get file status: volume: volume08867 bucket: bucket18921 key: .Trash/runner/Current/testKey2
	at org.apache.hadoop.ozone.om.KeyManagerImpl.getOzoneFileStatus(KeyManagerImpl.java:1198) ~[ozone-manager-1.4.0-SNAPSHOT.jar:?]
	at org.apache.hadoop.ozone.om.KeyManagerImpl.getFileStatus(KeyManagerImpl.java:1116) ~[ozone-manager-1.4.0-SNAPSHOT.jar:?]
	at org.apache.hadoop.ozone.om.OmMetadataReader.getFileStatus(OmMetadataReader.java:266) ~[ozone-manager-1.4.0-SNAPSHOT.jar:?]
	at org.apache.hadoop.ozone.om.OzoneManager.getFileStatus(OzoneManager.java:3552) ~[ozone-manager-1.4.0-SNAPSHOT.jar:?]
	at org.apache.hadoop.ozone.protocolPB.OzoneManagerRequestHandler.getOzoneFileStatus(OzoneManagerRequestHandler.java:998) ~[ozone-manager-1.4.0-SNAPSHOT.jar:?]
	at org.apache.hadoop.ozone.protocolPB.OzoneManagerRequestHandler.handleReadRequest(OzoneManagerRequestHandler.java:259) ~[ozone-manager-1.4.0-SNAPSHOT.jar:?]
	at org.apache.hadoop.ozone.protocolPB.OzoneManagerProtocolServerSideTranslatorPB.submitRequestDirectlyToOM(OzoneManagerProtocolServerSideTranslatorPB.java:274) ~[ozone-manager-1.4.0-SNAPSHOT.jar:?]
	at org.apache.hadoop.ozone.protocolPB.OzoneManagerProtocolServerSideTranslatorPB.processRequest(OzoneManagerProtocolServerSideTranslatorPB.java:175) ~[ozone-manager-1.4.0-SNAPSHOT.jar:?]
	at org.apache.hadoop.hdds.server.OzoneProtocolMessageDispatcher.processRequest(OzoneProtocolMessageDispatcher.java:87) [hdds-server-framework-1.4.0-SNAPSHOT.jar:?]
	at org.apache.hadoop.ozone.protocolPB.OzoneManagerProtocolServerSideTranslatorPB.submitRequest(OzoneManagerProtocolServerSideTranslatorPB.java:148) [ozone-manager-1.4.0-SNAPSHOT.jar:?]
	at org.apache.hadoop.ozone.protocol.proto.OzoneManagerProtocolProtos$OzoneManagerService$2.callBlockingMethod(OzoneManagerProtocolProtos.java) [ozone-interface-client-1.4.0-SNAPSHOT.jar:?]
	at org.apache.hadoop.ipc.ProtobufRpcEngine$Server.processCall(ProtobufRpcEngine.java:484) [hadoop-common-3.3.6.jar:?]
	at org.apache.hadoop.ipc.ProtobufRpcEngine2$Server$ProtoBufRpcInvoker.call(ProtobufRpcEngine2.java:595) [hadoop-common-3.3.6.jar:?]
	at org.apache.hadoop.ipc.ProtobufRpcEngine2$Server$ProtoBufRpcInvoker.call(ProtobufRpcEngine2.java:573) [hadoop-common-3.3.6.jar:?]
	at org.apache.hadoop.ipc.RPC$Server.call(RPC.java:1227) [hadoop-common-3.3.6.jar:?]
	at org.apache.hadoop.ipc.Server$RpcCall.run(Server.java:1094) [hadoop-common-3.3.6.jar:?]
	at org.apache.hadoop.ipc.Server$RpcCall.run(Server.java:1017) [hadoop-common-3.3.6.jar:?]
	at java.security.AccessController.doPrivileged(Native Method) ~[?:1.8.0_382]
	at javax.security.auth.Subject.doAs(Subject.java:422) [?:1.8.0_382]
	at org.apache.hadoop.security.UserGroupInformation.doAs(UserGroupInformation.java:1899) [hadoop-common-3.3.6.jar:?]
	at org.apache.hadoop.ipc.Server$Handler.run(Server.java:3048) [hadoop-common-3.3.6.jar:?]
]]></system-out>
  </testcase>
  <testcase name="testRenameDestinationParentDoesntExist" classname="TestOzoneFileSystem" time="0.058">
    <system-out><![CDATA[12:56:06.170 [IPC Server handler 18 on default port 15004] ERROR OMAudit - user=runner | ip=127.0.0.1 | op=GET_FILE_STATUS {volume=volume53983, bucket=bucket27347, key=root_dir/b/c, dataSize=0, replicationConfig=null} | ret=FAILURE
org.apache.hadoop.ozone.om.exceptions.OMException: Unable to get file status: volume: volume53983 bucket: bucket27347 key: root_dir/b/c
	at org.apache.hadoop.ozone.om.KeyManagerImpl.getOzoneFileStatus(KeyManagerImpl.java:1198) ~[ozone-manager-1.4.0-SNAPSHOT.jar:?]
	at org.apache.hadoop.ozone.om.KeyManagerImpl.getFileStatus(KeyManagerImpl.java:1116) ~[ozone-manager-1.4.0-SNAPSHOT.jar:?]
	at org.apache.hadoop.ozone.om.OmMetadataReader.getFileStatus(OmMetadataReader.java:266) ~[ozone-manager-1.4.0-SNAPSHOT.jar:?]
	at org.apache.hadoop.ozone.om.OzoneManager.getFileStatus(OzoneManager.java:3552) ~[ozone-manager-1.4.0-SNAPSHOT.jar:?]
	at org.apache.hadoop.ozone.protocolPB.OzoneManagerRequestHandler.getOzoneFileStatus(OzoneManagerRequestHandler.java:998) ~[ozone-manager-1.4.0-SNAPSHOT.jar:?]
	at org.apache.hadoop.ozone.protocolPB.OzoneManagerRequestHandler.handleReadRequest(OzoneManagerRequestHandler.java:259) ~[ozone-manager-1.4.0-SNAPSHOT.jar:?]
	at org.apache.hadoop.ozone.protocolPB.OzoneManagerProtocolServerSideTranslatorPB.submitReadRequestToOM(OzoneManagerProtocolServerSideTranslatorPB.java:225) ~[ozone-manager-1.4.0-SNAPSHOT.jar:?]
	at org.apache.hadoop.ozone.protocolPB.OzoneManagerProtocolServerSideTranslatorPB.processRequest(OzoneManagerProtocolServerSideTranslatorPB.java:179) ~[ozone-manager-1.4.0-SNAPSHOT.jar:?]
	at org.apache.hadoop.hdds.server.OzoneProtocolMessageDispatcher.processRequest(OzoneProtocolMessageDispatcher.java:87) [hdds-server-framework-1.4.0-SNAPSHOT.jar:?]
	at org.apache.hadoop.ozone.protocolPB.OzoneManagerProtocolServerSideTranslatorPB.submitRequest(OzoneManagerProtocolServerSideTranslatorPB.java:148) [ozone-manager-1.4.0-SNAPSHOT.jar:?]
	at org.apache.hadoop.ozone.protocol.proto.OzoneManagerProtocolProtos$OzoneManagerService$2.callBlockingMethod(OzoneManagerProtocolProtos.java) [ozone-interface-client-1.4.0-SNAPSHOT.jar:?]
	at org.apache.hadoop.ipc.ProtobufRpcEngine$Server.processCall(ProtobufRpcEngine.java:484) [hadoop-common-3.3.6.jar:?]
	at org.apache.hadoop.ipc.ProtobufRpcEngine2$Server$ProtoBufRpcInvoker.call(ProtobufRpcEngine2.java:595) [hadoop-common-3.3.6.jar:?]
	at org.apache.hadoop.ipc.ProtobufRpcEngine2$Server$ProtoBufRpcInvoker.call(ProtobufRpcEngine2.java:573) [hadoop-common-3.3.6.jar:?]
	at org.apache.hadoop.ipc.RPC$Server.call(RPC.java:1227) [hadoop-common-3.3.6.jar:?]
	at org.apache.hadoop.ipc.Server$RpcCall.run(Server.java:1094) [hadoop-common-3.3.6.jar:?]
	at org.apache.hadoop.ipc.Server$RpcCall.run(Server.java:1017) [hadoop-common-3.3.6.jar:?]
	at java.security.AccessController.doPrivileged(Native Method) ~[?:1.8.0_382]
	at javax.security.auth.Subject.doAs(Subject.java:422) [?:1.8.0_382]
	at org.apache.hadoop.security.UserGroupInformation.doAs(UserGroupInformation.java:1899) [hadoop-common-3.3.6.jar:?]
	at org.apache.hadoop.ipc.Server$Handler.run(Server.java:3048) [hadoop-common-3.3.6.jar:?]
12:56:06.172 [IPC Server handler 0 on default port 15004] ERROR OMAudit - user=runner | ip=127.0.0.1 | op=GET_FILE_STATUS {volume=volume53983, bucket=bucket27347, key=root_dir/b, dataSize=0, replicationConfig=null} | ret=FAILURE
org.apache.hadoop.ozone.om.exceptions.OMException: Unable to get file status: volume: volume53983 bucket: bucket27347 key: root_dir/b
	at org.apache.hadoop.ozone.om.KeyManagerImpl.getOzoneFileStatus(KeyManagerImpl.java:1198) ~[ozone-manager-1.4.0-SNAPSHOT.jar:?]
	at org.apache.hadoop.ozone.om.KeyManagerImpl.getFileStatus(KeyManagerImpl.java:1116) ~[ozone-manager-1.4.0-SNAPSHOT.jar:?]
	at org.apache.hadoop.ozone.om.OmMetadataReader.getFileStatus(OmMetadataReader.java:266) ~[ozone-manager-1.4.0-SNAPSHOT.jar:?]
	at org.apache.hadoop.ozone.om.OzoneManager.getFileStatus(OzoneManager.java:3552) ~[ozone-manager-1.4.0-SNAPSHOT.jar:?]
	at org.apache.hadoop.ozone.protocolPB.OzoneManagerRequestHandler.getOzoneFileStatus(OzoneManagerRequestHandler.java:998) ~[ozone-manager-1.4.0-SNAPSHOT.jar:?]
	at org.apache.hadoop.ozone.protocolPB.OzoneManagerRequestHandler.handleReadRequest(OzoneManagerRequestHandler.java:259) ~[ozone-manager-1.4.0-SNAPSHOT.jar:?]
	at org.apache.hadoop.ozone.protocolPB.OzoneManagerProtocolServerSideTranslatorPB.submitReadRequestToOM(OzoneManagerProtocolServerSideTranslatorPB.java:225) ~[ozone-manager-1.4.0-SNAPSHOT.jar:?]
	at org.apache.hadoop.ozone.protocolPB.OzoneManagerProtocolServerSideTranslatorPB.processRequest(OzoneManagerProtocolServerSideTranslatorPB.java:179) ~[ozone-manager-1.4.0-SNAPSHOT.jar:?]
	at org.apache.hadoop.hdds.server.OzoneProtocolMessageDispatcher.processRequest(OzoneProtocolMessageDispatcher.java:87) [hdds-server-framework-1.4.0-SNAPSHOT.jar:?]
	at org.apache.hadoop.ozone.protocolPB.OzoneManagerProtocolServerSideTranslatorPB.submitRequest(OzoneManagerProtocolServerSideTranslatorPB.java:148) [ozone-manager-1.4.0-SNAPSHOT.jar:?]
	at org.apache.hadoop.ozone.protocol.proto.OzoneManagerProtocolProtos$OzoneManagerService$2.callBlockingMethod(OzoneManagerProtocolProtos.java) [ozone-interface-client-1.4.0-SNAPSHOT.jar:?]
	at org.apache.hadoop.ipc.ProtobufRpcEngine$Server.processCall(ProtobufRpcEngine.java:484) [hadoop-common-3.3.6.jar:?]
	at org.apache.hadoop.ipc.ProtobufRpcEngine2$Server$ProtoBufRpcInvoker.call(ProtobufRpcEngine2.java:595) [hadoop-common-3.3.6.jar:?]
	at org.apache.hadoop.ipc.ProtobufRpcEngine2$Server$ProtoBufRpcInvoker.call(ProtobufRpcEngine2.java:573) [hadoop-common-3.3.6.jar:?]
	at org.apache.hadoop.ipc.RPC$Server.call(RPC.java:1227) [hadoop-common-3.3.6.jar:?]
	at org.apache.hadoop.ipc.Server$RpcCall.run(Server.java:1094) [hadoop-common-3.3.6.jar:?]
	at org.apache.hadoop.ipc.Server$RpcCall.run(Server.java:1017) [hadoop-common-3.3.6.jar:?]
	at java.security.AccessController.doPrivileged(Native Method) ~[?:1.8.0_382]
	at javax.security.auth.Subject.doAs(Subject.java:422) [?:1.8.0_382]
	at org.apache.hadoop.security.UserGroupInformation.doAs(UserGroupInformation.java:1899) [hadoop-common-3.3.6.jar:?]
	at org.apache.hadoop.ipc.Server$Handler.run(Server.java:3048) [hadoop-common-3.3.6.jar:?]
12:56:06.191 [IPC Server handler 11 on default port 15004] ERROR OMAudit - user=runner | ip=127.0.0.1 | op=GET_FILE_STATUS {volume=volume53983, bucket=bucket27347, key=root_dir/file1/c, dataSize=0, replicationConfig=null} | ret=FAILURE
org.apache.hadoop.ozone.om.exceptions.OMException: Unable to get file status: volume: volume53983 bucket: bucket27347 key: root_dir/file1/c
	at org.apache.hadoop.ozone.om.KeyManagerImpl.getOzoneFileStatus(KeyManagerImpl.java:1198) ~[ozone-manager-1.4.0-SNAPSHOT.jar:?]
	at org.apache.hadoop.ozone.om.KeyManagerImpl.getFileStatus(KeyManagerImpl.java:1116) ~[ozone-manager-1.4.0-SNAPSHOT.jar:?]
	at org.apache.hadoop.ozone.om.OmMetadataReader.getFileStatus(OmMetadataReader.java:266) ~[ozone-manager-1.4.0-SNAPSHOT.jar:?]
	at org.apache.hadoop.ozone.om.OzoneManager.getFileStatus(OzoneManager.java:3552) ~[ozone-manager-1.4.0-SNAPSHOT.jar:?]
	at org.apache.hadoop.ozone.protocolPB.OzoneManagerRequestHandler.getOzoneFileStatus(OzoneManagerRequestHandler.java:998) ~[ozone-manager-1.4.0-SNAPSHOT.jar:?]
	at org.apache.hadoop.ozone.protocolPB.OzoneManagerRequestHandler.handleReadRequest(OzoneManagerRequestHandler.java:259) ~[ozone-manager-1.4.0-SNAPSHOT.jar:?]
	at org.apache.hadoop.ozone.protocolPB.OzoneManagerProtocolServerSideTranslatorPB.submitReadRequestToOM(OzoneManagerProtocolServerSideTranslatorPB.java:225) ~[ozone-manager-1.4.0-SNAPSHOT.jar:?]
	at org.apache.hadoop.ozone.protocolPB.OzoneManagerProtocolServerSideTranslatorPB.processRequest(OzoneManagerProtocolServerSideTranslatorPB.java:179) ~[ozone-manager-1.4.0-SNAPSHOT.jar:?]
	at org.apache.hadoop.hdds.server.OzoneProtocolMessageDispatcher.processRequest(OzoneProtocolMessageDispatcher.java:87) [hdds-server-framework-1.4.0-SNAPSHOT.jar:?]
	at org.apache.hadoop.ozone.protocolPB.OzoneManagerProtocolServerSideTranslatorPB.submitRequest(OzoneManagerProtocolServerSideTranslatorPB.java:148) [ozone-manager-1.4.0-SNAPSHOT.jar:?]
	at org.apache.hadoop.ozone.protocol.proto.OzoneManagerProtocolProtos$OzoneManagerService$2.callBlockingMethod(OzoneManagerProtocolProtos.java) [ozone-interface-client-1.4.0-SNAPSHOT.jar:?]
	at org.apache.hadoop.ipc.ProtobufRpcEngine$Server.processCall(ProtobufRpcEngine.java:484) [hadoop-common-3.3.6.jar:?]
	at org.apache.hadoop.ipc.ProtobufRpcEngine2$Server$ProtoBufRpcInvoker.call(ProtobufRpcEngine2.java:595) [hadoop-common-3.3.6.jar:?]
	at org.apache.hadoop.ipc.ProtobufRpcEngine2$Server$ProtoBufRpcInvoker.call(ProtobufRpcEngine2.java:573) [hadoop-common-3.3.6.jar:?]
	at org.apache.hadoop.ipc.RPC$Server.call(RPC.java:1227) [hadoop-common-3.3.6.jar:?]
	at org.apache.hadoop.ipc.Server$RpcCall.run(Server.java:1094) [hadoop-common-3.3.6.jar:?]
	at org.apache.hadoop.ipc.Server$RpcCall.run(Server.java:1017) [hadoop-common-3.3.6.jar:?]
	at java.security.AccessController.doPrivileged(Native Method) ~[?:1.8.0_382]
	at javax.security.auth.Subject.doAs(Subject.java:422) [?:1.8.0_382]
	at org.apache.hadoop.security.UserGroupInformation.doAs(UserGroupInformation.java:1899) [hadoop-common-3.3.6.jar:?]
	at org.apache.hadoop.ipc.Server$Handler.run(Server.java:3048) [hadoop-common-3.3.6.jar:?]
]]></system-out>
  </testcase>
  <testcase name="testRenameDestinationParentDoesntExist" classname="TestOzoneFileSystem" time="0.023">
    <system-out><![CDATA[12:57:39.135 [IPC Server handler 10 on default port 15057] ERROR OMAudit - user=runner | ip=127.0.0.1 | op=GET_FILE_STATUS {volume=volume37469, bucket=bucket23551, key=root_dir/b/c, dataSize=0, replicationConfig=null} | ret=FAILURE
org.apache.hadoop.ozone.om.exceptions.OMException: Unable to get file status: volume: volume37469 bucket: bucket23551 key: root_dir/b/c
	at org.apache.hadoop.ozone.om.KeyManagerImpl.getOzoneFileStatus(KeyManagerImpl.java:1198) ~[ozone-manager-1.4.0-SNAPSHOT.jar:?]
	at org.apache.hadoop.ozone.om.KeyManagerImpl.getFileStatus(KeyManagerImpl.java:1116) ~[ozone-manager-1.4.0-SNAPSHOT.jar:?]
	at org.apache.hadoop.ozone.om.OmMetadataReader.getFileStatus(OmMetadataReader.java:266) ~[ozone-manager-1.4.0-SNAPSHOT.jar:?]
	at org.apache.hadoop.ozone.om.OzoneManager.getFileStatus(OzoneManager.java:3552) ~[ozone-manager-1.4.0-SNAPSHOT.jar:?]
	at org.apache.hadoop.ozone.protocolPB.OzoneManagerRequestHandler.getOzoneFileStatus(OzoneManagerRequestHandler.java:998) ~[ozone-manager-1.4.0-SNAPSHOT.jar:?]
	at org.apache.hadoop.ozone.protocolPB.OzoneManagerRequestHandler.handleReadRequest(OzoneManagerRequestHandler.java:259) ~[ozone-manager-1.4.0-SNAPSHOT.jar:?]
	at org.apache.hadoop.ozone.protocolPB.OzoneManagerProtocolServerSideTranslatorPB.submitRequestDirectlyToOM(OzoneManagerProtocolServerSideTranslatorPB.java:274) ~[ozone-manager-1.4.0-SNAPSHOT.jar:?]
	at org.apache.hadoop.ozone.protocolPB.OzoneManagerProtocolServerSideTranslatorPB.processRequest(OzoneManagerProtocolServerSideTranslatorPB.java:175) ~[ozone-manager-1.4.0-SNAPSHOT.jar:?]
	at org.apache.hadoop.hdds.server.OzoneProtocolMessageDispatcher.processRequest(OzoneProtocolMessageDispatcher.java:87) [hdds-server-framework-1.4.0-SNAPSHOT.jar:?]
	at org.apache.hadoop.ozone.protocolPB.OzoneManagerProtocolServerSideTranslatorPB.submitRequest(OzoneManagerProtocolServerSideTranslatorPB.java:148) [ozone-manager-1.4.0-SNAPSHOT.jar:?]
	at org.apache.hadoop.ozone.protocol.proto.OzoneManagerProtocolProtos$OzoneManagerService$2.callBlockingMethod(OzoneManagerProtocolProtos.java) [ozone-interface-client-1.4.0-SNAPSHOT.jar:?]
	at org.apache.hadoop.ipc.ProtobufRpcEngine$Server.processCall(ProtobufRpcEngine.java:484) [hadoop-common-3.3.6.jar:?]
	at org.apache.hadoop.ipc.ProtobufRpcEngine2$Server$ProtoBufRpcInvoker.call(ProtobufRpcEngine2.java:595) [hadoop-common-3.3.6.jar:?]
	at org.apache.hadoop.ipc.ProtobufRpcEngine2$Server$ProtoBufRpcInvoker.call(ProtobufRpcEngine2.java:573) [hadoop-common-3.3.6.jar:?]
	at org.apache.hadoop.ipc.RPC$Server.call(RPC.java:1227) [hadoop-common-3.3.6.jar:?]
	at org.apache.hadoop.ipc.Server$RpcCall.run(Server.java:1094) [hadoop-common-3.3.6.jar:?]
	at org.apache.hadoop.ipc.Server$RpcCall.run(Server.java:1017) [hadoop-common-3.3.6.jar:?]
	at java.security.AccessController.doPrivileged(Native Method) ~[?:1.8.0_382]
	at javax.security.auth.Subject.doAs(Subject.java:422) [?:1.8.0_382]
	at org.apache.hadoop.security.UserGroupInformation.doAs(UserGroupInformation.java:1899) [hadoop-common-3.3.6.jar:?]
	at org.apache.hadoop.ipc.Server$Handler.run(Server.java:3048) [hadoop-common-3.3.6.jar:?]
12:57:39.137 [IPC Server handler 9 on default port 15057] ERROR OMAudit - user=runner | ip=127.0.0.1 | op=GET_FILE_STATUS {volume=volume37469, bucket=bucket23551, key=root_dir/b, dataSize=0, replicationConfig=null} | ret=FAILURE
org.apache.hadoop.ozone.om.exceptions.OMException: Unable to get file status: volume: volume37469 bucket: bucket23551 key: root_dir/b
	at org.apache.hadoop.ozone.om.KeyManagerImpl.getOzoneFileStatus(KeyManagerImpl.java:1198) ~[ozone-manager-1.4.0-SNAPSHOT.jar:?]
	at org.apache.hadoop.ozone.om.KeyManagerImpl.getFileStatus(KeyManagerImpl.java:1116) ~[ozone-manager-1.4.0-SNAPSHOT.jar:?]
	at org.apache.hadoop.ozone.om.OmMetadataReader.getFileStatus(OmMetadataReader.java:266) ~[ozone-manager-1.4.0-SNAPSHOT.jar:?]
	at org.apache.hadoop.ozone.om.OzoneManager.getFileStatus(OzoneManager.java:3552) ~[ozone-manager-1.4.0-SNAPSHOT.jar:?]
	at org.apache.hadoop.ozone.protocolPB.OzoneManagerRequestHandler.getOzoneFileStatus(OzoneManagerRequestHandler.java:998) ~[ozone-manager-1.4.0-SNAPSHOT.jar:?]
	at org.apache.hadoop.ozone.protocolPB.OzoneManagerRequestHandler.handleReadRequest(OzoneManagerRequestHandler.java:259) ~[ozone-manager-1.4.0-SNAPSHOT.jar:?]
	at org.apache.hadoop.ozone.protocolPB.OzoneManagerProtocolServerSideTranslatorPB.submitRequestDirectlyToOM(OzoneManagerProtocolServerSideTranslatorPB.java:274) ~[ozone-manager-1.4.0-SNAPSHOT.jar:?]
	at org.apache.hadoop.ozone.protocolPB.OzoneManagerProtocolServerSideTranslatorPB.processRequest(OzoneManagerProtocolServerSideTranslatorPB.java:175) ~[ozone-manager-1.4.0-SNAPSHOT.jar:?]
	at org.apache.hadoop.hdds.server.OzoneProtocolMessageDispatcher.processRequest(OzoneProtocolMessageDispatcher.java:87) [hdds-server-framework-1.4.0-SNAPSHOT.jar:?]
	at org.apache.hadoop.ozone.protocolPB.OzoneManagerProtocolServerSideTranslatorPB.submitRequest(OzoneManagerProtocolServerSideTranslatorPB.java:148) [ozone-manager-1.4.0-SNAPSHOT.jar:?]
	at org.apache.hadoop.ozone.protocol.proto.OzoneManagerProtocolProtos$OzoneManagerService$2.callBlockingMethod(OzoneManagerProtocolProtos.java) [ozone-interface-client-1.4.0-SNAPSHOT.jar:?]
	at org.apache.hadoop.ipc.ProtobufRpcEngine$Server.processCall(ProtobufRpcEngine.java:484) [hadoop-common-3.3.6.jar:?]
	at org.apache.hadoop.ipc.ProtobufRpcEngine2$Server$ProtoBufRpcInvoker.call(ProtobufRpcEngine2.java:595) [hadoop-common-3.3.6.jar:?]
	at org.apache.hadoop.ipc.ProtobufRpcEngine2$Server$ProtoBufRpcInvoker.call(ProtobufRpcEngine2.java:573) [hadoop-common-3.3.6.jar:?]
	at org.apache.hadoop.ipc.RPC$Server.call(RPC.java:1227) [hadoop-common-3.3.6.jar:?]
	at org.apache.hadoop.ipc.Server$RpcCall.run(Server.java:1094) [hadoop-common-3.3.6.jar:?]
	at org.apache.hadoop.ipc.Server$RpcCall.run(Server.java:1017) [hadoop-common-3.3.6.jar:?]
	at java.security.AccessController.doPrivileged(Native Method) ~[?:1.8.0_382]
	at javax.security.auth.Subject.doAs(Subject.java:422) [?:1.8.0_382]
	at org.apache.hadoop.security.UserGroupInformation.doAs(UserGroupInformation.java:1899) [hadoop-common-3.3.6.jar:?]
	at org.apache.hadoop.ipc.Server$Handler.run(Server.java:3048) [hadoop-common-3.3.6.jar:?]
12:57:39.146 [IPC Server handler 13 on default port 15057] ERROR OMAudit - user=runner | ip=127.0.0.1 | op=GET_FILE_STATUS {volume=volume37469, bucket=bucket23551, key=root_dir/file1/c, dataSize=0, replicationConfig=null} | ret=FAILURE
org.apache.hadoop.ozone.om.exceptions.OMException: Unable to get file status: volume: volume37469 bucket: bucket23551 key: root_dir/file1/c
	at org.apache.hadoop.ozone.om.KeyManagerImpl.getOzoneFileStatus(KeyManagerImpl.java:1198) ~[ozone-manager-1.4.0-SNAPSHOT.jar:?]
	at org.apache.hadoop.ozone.om.KeyManagerImpl.getFileStatus(KeyManagerImpl.java:1116) ~[ozone-manager-1.4.0-SNAPSHOT.jar:?]
	at org.apache.hadoop.ozone.om.OmMetadataReader.getFileStatus(OmMetadataReader.java:266) ~[ozone-manager-1.4.0-SNAPSHOT.jar:?]
	at org.apache.hadoop.ozone.om.OzoneManager.getFileStatus(OzoneManager.java:3552) ~[ozone-manager-1.4.0-SNAPSHOT.jar:?]
	at org.apache.hadoop.ozone.protocolPB.OzoneManagerRequestHandler.getOzoneFileStatus(OzoneManagerRequestHandler.java:998) ~[ozone-manager-1.4.0-SNAPSHOT.jar:?]
	at org.apache.hadoop.ozone.protocolPB.OzoneManagerRequestHandler.handleReadRequest(OzoneManagerRequestHandler.java:259) ~[ozone-manager-1.4.0-SNAPSHOT.jar:?]
	at org.apache.hadoop.ozone.protocolPB.OzoneManagerProtocolServerSideTranslatorPB.submitRequestDirectlyToOM(OzoneManagerProtocolServerSideTranslatorPB.java:274) ~[ozone-manager-1.4.0-SNAPSHOT.jar:?]
	at org.apache.hadoop.ozone.protocolPB.OzoneManagerProtocolServerSideTranslatorPB.processRequest(OzoneManagerProtocolServerSideTranslatorPB.java:175) ~[ozone-manager-1.4.0-SNAPSHOT.jar:?]
	at org.apache.hadoop.hdds.server.OzoneProtocolMessageDispatcher.processRequest(OzoneProtocolMessageDispatcher.java:87) [hdds-server-framework-1.4.0-SNAPSHOT.jar:?]
	at org.apache.hadoop.ozone.protocolPB.OzoneManagerProtocolServerSideTranslatorPB.submitRequest(OzoneManagerProtocolServerSideTranslatorPB.java:148) [ozone-manager-1.4.0-SNAPSHOT.jar:?]
	at org.apache.hadoop.ozone.protocol.proto.OzoneManagerProtocolProtos$OzoneManagerService$2.callBlockingMethod(OzoneManagerProtocolProtos.java) [ozone-interface-client-1.4.0-SNAPSHOT.jar:?]
	at org.apache.hadoop.ipc.ProtobufRpcEngine$Server.processCall(ProtobufRpcEngine.java:484) [hadoop-common-3.3.6.jar:?]
	at org.apache.hadoop.ipc.ProtobufRpcEngine2$Server$ProtoBufRpcInvoker.call(ProtobufRpcEngine2.java:595) [hadoop-common-3.3.6.jar:?]
	at org.apache.hadoop.ipc.ProtobufRpcEngine2$Server$ProtoBufRpcInvoker.call(ProtobufRpcEngine2.java:573) [hadoop-common-3.3.6.jar:?]
	at org.apache.hadoop.ipc.RPC$Server.call(RPC.java:1227) [hadoop-common-3.3.6.jar:?]
	at org.apache.hadoop.ipc.Server$RpcCall.run(Server.java:1094) [hadoop-common-3.3.6.jar:?]
	at org.apache.hadoop.ipc.Server$RpcCall.run(Server.java:1017) [hadoop-common-3.3.6.jar:?]
	at java.security.AccessController.doPrivileged(Native Method) ~[?:1.8.0_382]
	at javax.security.auth.Subject.doAs(Subject.java:422) [?:1.8.0_382]
	at org.apache.hadoop.security.UserGroupInformation.doAs(UserGroupInformation.java:1899) [hadoop-common-3.3.6.jar:?]
	at org.apache.hadoop.ipc.Server$Handler.run(Server.java:3048) [hadoop-common-3.3.6.jar:?]
]]></system-out>
  </testcase>
  <testcase name="testRenameDestinationParentDoesntExist" classname="TestOzoneFileSystem" time="0.025">
    <system-out><![CDATA[12:58:54.121 [IPC Server handler 4 on default port 15110] ERROR OMAudit - user=runner | ip=127.0.0.1 | op=GET_FILE_STATUS {volume=volume13657, bucket=bucket40110, key=root_dir/b/c, dataSize=0, replicationConfig=null} | ret=FAILURE
org.apache.hadoop.ozone.om.exceptions.OMException: Unable to get file status: volume: volume13657 bucket: bucket40110 key: root_dir/b/c
	at org.apache.hadoop.ozone.om.KeyManagerImpl.getOzoneFileStatus(KeyManagerImpl.java:1198) ~[ozone-manager-1.4.0-SNAPSHOT.jar:?]
	at org.apache.hadoop.ozone.om.KeyManagerImpl.getFileStatus(KeyManagerImpl.java:1116) ~[ozone-manager-1.4.0-SNAPSHOT.jar:?]
	at org.apache.hadoop.ozone.om.OmMetadataReader.getFileStatus(OmMetadataReader.java:266) ~[ozone-manager-1.4.0-SNAPSHOT.jar:?]
	at org.apache.hadoop.ozone.om.OzoneManager.getFileStatus(OzoneManager.java:3552) ~[ozone-manager-1.4.0-SNAPSHOT.jar:?]
	at org.apache.hadoop.ozone.protocolPB.OzoneManagerRequestHandler.getOzoneFileStatus(OzoneManagerRequestHandler.java:998) ~[ozone-manager-1.4.0-SNAPSHOT.jar:?]
	at org.apache.hadoop.ozone.protocolPB.OzoneManagerRequestHandler.handleReadRequest(OzoneManagerRequestHandler.java:259) ~[ozone-manager-1.4.0-SNAPSHOT.jar:?]
	at org.apache.hadoop.ozone.protocolPB.OzoneManagerProtocolServerSideTranslatorPB.submitReadRequestToOM(OzoneManagerProtocolServerSideTranslatorPB.java:225) ~[ozone-manager-1.4.0-SNAPSHOT.jar:?]
	at org.apache.hadoop.ozone.protocolPB.OzoneManagerProtocolServerSideTranslatorPB.processRequest(OzoneManagerProtocolServerSideTranslatorPB.java:179) ~[ozone-manager-1.4.0-SNAPSHOT.jar:?]
	at org.apache.hadoop.hdds.server.OzoneProtocolMessageDispatcher.processRequest(OzoneProtocolMessageDispatcher.java:87) [hdds-server-framework-1.4.0-SNAPSHOT.jar:?]
	at org.apache.hadoop.ozone.protocolPB.OzoneManagerProtocolServerSideTranslatorPB.submitRequest(OzoneManagerProtocolServerSideTranslatorPB.java:148) [ozone-manager-1.4.0-SNAPSHOT.jar:?]
	at org.apache.hadoop.ozone.protocol.proto.OzoneManagerProtocolProtos$OzoneManagerService$2.callBlockingMethod(OzoneManagerProtocolProtos.java) [ozone-interface-client-1.4.0-SNAPSHOT.jar:?]
	at org.apache.hadoop.ipc.ProtobufRpcEngine$Server.processCall(ProtobufRpcEngine.java:484) [hadoop-common-3.3.6.jar:?]
	at org.apache.hadoop.ipc.ProtobufRpcEngine2$Server$ProtoBufRpcInvoker.call(ProtobufRpcEngine2.java:595) [hadoop-common-3.3.6.jar:?]
	at org.apache.hadoop.ipc.ProtobufRpcEngine2$Server$ProtoBufRpcInvoker.call(ProtobufRpcEngine2.java:573) [hadoop-common-3.3.6.jar:?]
	at org.apache.hadoop.ipc.RPC$Server.call(RPC.java:1227) [hadoop-common-3.3.6.jar:?]
	at org.apache.hadoop.ipc.Server$RpcCall.run(Server.java:1094) [hadoop-common-3.3.6.jar:?]
	at org.apache.hadoop.ipc.Server$RpcCall.run(Server.java:1017) [hadoop-common-3.3.6.jar:?]
	at java.security.AccessController.doPrivileged(Native Method) ~[?:1.8.0_382]
	at javax.security.auth.Subject.doAs(Subject.java:422) [?:1.8.0_382]
	at org.apache.hadoop.security.UserGroupInformation.doAs(UserGroupInformation.java:1899) [hadoop-common-3.3.6.jar:?]
	at org.apache.hadoop.ipc.Server$Handler.run(Server.java:3048) [hadoop-common-3.3.6.jar:?]
12:58:54.123 [IPC Server handler 5 on default port 15110] ERROR OMAudit - user=runner | ip=127.0.0.1 | op=GET_FILE_STATUS {volume=volume13657, bucket=bucket40110, key=root_dir/b, dataSize=0, replicationConfig=null} | ret=FAILURE
org.apache.hadoop.ozone.om.exceptions.OMException: Unable to get file status: volume: volume13657 bucket: bucket40110 key: root_dir/b
	at org.apache.hadoop.ozone.om.KeyManagerImpl.getOzoneFileStatus(KeyManagerImpl.java:1198) ~[ozone-manager-1.4.0-SNAPSHOT.jar:?]
	at org.apache.hadoop.ozone.om.KeyManagerImpl.getFileStatus(KeyManagerImpl.java:1116) ~[ozone-manager-1.4.0-SNAPSHOT.jar:?]
	at org.apache.hadoop.ozone.om.OmMetadataReader.getFileStatus(OmMetadataReader.java:266) ~[ozone-manager-1.4.0-SNAPSHOT.jar:?]
	at org.apache.hadoop.ozone.om.OzoneManager.getFileStatus(OzoneManager.java:3552) ~[ozone-manager-1.4.0-SNAPSHOT.jar:?]
	at org.apache.hadoop.ozone.protocolPB.OzoneManagerRequestHandler.getOzoneFileStatus(OzoneManagerRequestHandler.java:998) ~[ozone-manager-1.4.0-SNAPSHOT.jar:?]
	at org.apache.hadoop.ozone.protocolPB.OzoneManagerRequestHandler.handleReadRequest(OzoneManagerRequestHandler.java:259) ~[ozone-manager-1.4.0-SNAPSHOT.jar:?]
	at org.apache.hadoop.ozone.protocolPB.OzoneManagerProtocolServerSideTranslatorPB.submitReadRequestToOM(OzoneManagerProtocolServerSideTranslatorPB.java:225) ~[ozone-manager-1.4.0-SNAPSHOT.jar:?]
	at org.apache.hadoop.ozone.protocolPB.OzoneManagerProtocolServerSideTranslatorPB.processRequest(OzoneManagerProtocolServerSideTranslatorPB.java:179) ~[ozone-manager-1.4.0-SNAPSHOT.jar:?]
	at org.apache.hadoop.hdds.server.OzoneProtocolMessageDispatcher.processRequest(OzoneProtocolMessageDispatcher.java:87) [hdds-server-framework-1.4.0-SNAPSHOT.jar:?]
	at org.apache.hadoop.ozone.protocolPB.OzoneManagerProtocolServerSideTranslatorPB.submitRequest(OzoneManagerProtocolServerSideTranslatorPB.java:148) [ozone-manager-1.4.0-SNAPSHOT.jar:?]
	at org.apache.hadoop.ozone.protocol.proto.OzoneManagerProtocolProtos$OzoneManagerService$2.callBlockingMethod(OzoneManagerProtocolProtos.java) [ozone-interface-client-1.4.0-SNAPSHOT.jar:?]
	at org.apache.hadoop.ipc.ProtobufRpcEngine$Server.processCall(ProtobufRpcEngine.java:484) [hadoop-common-3.3.6.jar:?]
	at org.apache.hadoop.ipc.ProtobufRpcEngine2$Server$ProtoBufRpcInvoker.call(ProtobufRpcEngine2.java:595) [hadoop-common-3.3.6.jar:?]
	at org.apache.hadoop.ipc.ProtobufRpcEngine2$Server$ProtoBufRpcInvoker.call(ProtobufRpcEngine2.java:573) [hadoop-common-3.3.6.jar:?]
	at org.apache.hadoop.ipc.RPC$Server.call(RPC.java:1227) [hadoop-common-3.3.6.jar:?]
	at org.apache.hadoop.ipc.Server$RpcCall.run(Server.java:1094) [hadoop-common-3.3.6.jar:?]
	at org.apache.hadoop.ipc.Server$RpcCall.run(Server.java:1017) [hadoop-common-3.3.6.jar:?]
	at java.security.AccessController.doPrivileged(Native Method) ~[?:1.8.0_382]
	at javax.security.auth.Subject.doAs(Subject.java:422) [?:1.8.0_382]
	at org.apache.hadoop.security.UserGroupInformation.doAs(UserGroupInformation.java:1899) [hadoop-common-3.3.6.jar:?]
	at org.apache.hadoop.ipc.Server$Handler.run(Server.java:3048) [hadoop-common-3.3.6.jar:?]
12:58:54.132 [IPC Server handler 9 on default port 15110] ERROR OMAudit - user=runner | ip=127.0.0.1 | op=GET_FILE_STATUS {volume=volume13657, bucket=bucket40110, key=root_dir/file1/c, dataSize=0, replicationConfig=null} | ret=FAILURE
org.apache.hadoop.ozone.om.exceptions.OMException: Unable to get file status: volume: volume13657 bucket: bucket40110 key: root_dir/file1/c
	at org.apache.hadoop.ozone.om.KeyManagerImpl.getOzoneFileStatus(KeyManagerImpl.java:1198) ~[ozone-manager-1.4.0-SNAPSHOT.jar:?]
	at org.apache.hadoop.ozone.om.KeyManagerImpl.getFileStatus(KeyManagerImpl.java:1116) ~[ozone-manager-1.4.0-SNAPSHOT.jar:?]
	at org.apache.hadoop.ozone.om.OmMetadataReader.getFileStatus(OmMetadataReader.java:266) ~[ozone-manager-1.4.0-SNAPSHOT.jar:?]
	at org.apache.hadoop.ozone.om.OzoneManager.getFileStatus(OzoneManager.java:3552) ~[ozone-manager-1.4.0-SNAPSHOT.jar:?]
	at org.apache.hadoop.ozone.protocolPB.OzoneManagerRequestHandler.getOzoneFileStatus(OzoneManagerRequestHandler.java:998) ~[ozone-manager-1.4.0-SNAPSHOT.jar:?]
	at org.apache.hadoop.ozone.protocolPB.OzoneManagerRequestHandler.handleReadRequest(OzoneManagerRequestHandler.java:259) ~[ozone-manager-1.4.0-SNAPSHOT.jar:?]
	at org.apache.hadoop.ozone.protocolPB.OzoneManagerProtocolServerSideTranslatorPB.submitReadRequestToOM(OzoneManagerProtocolServerSideTranslatorPB.java:225) ~[ozone-manager-1.4.0-SNAPSHOT.jar:?]
	at org.apache.hadoop.ozone.protocolPB.OzoneManagerProtocolServerSideTranslatorPB.processRequest(OzoneManagerProtocolServerSideTranslatorPB.java:179) ~[ozone-manager-1.4.0-SNAPSHOT.jar:?]
	at org.apache.hadoop.hdds.server.OzoneProtocolMessageDispatcher.processRequest(OzoneProtocolMessageDispatcher.java:87) [hdds-server-framework-1.4.0-SNAPSHOT.jar:?]
	at org.apache.hadoop.ozone.protocolPB.OzoneManagerProtocolServerSideTranslatorPB.submitRequest(OzoneManagerProtocolServerSideTranslatorPB.java:148) [ozone-manager-1.4.0-SNAPSHOT.jar:?]
	at org.apache.hadoop.ozone.protocol.proto.OzoneManagerProtocolProtos$OzoneManagerService$2.callBlockingMethod(OzoneManagerProtocolProtos.java) [ozone-interface-client-1.4.0-SNAPSHOT.jar:?]
	at org.apache.hadoop.ipc.ProtobufRpcEngine$Server.processCall(ProtobufRpcEngine.java:484) [hadoop-common-3.3.6.jar:?]
	at org.apache.hadoop.ipc.ProtobufRpcEngine2$Server$ProtoBufRpcInvoker.call(ProtobufRpcEngine2.java:595) [hadoop-common-3.3.6.jar:?]
	at org.apache.hadoop.ipc.ProtobufRpcEngine2$Server$ProtoBufRpcInvoker.call(ProtobufRpcEngine2.java:573) [hadoop-common-3.3.6.jar:?]
	at org.apache.hadoop.ipc.RPC$Server.call(RPC.java:1227) [hadoop-common-3.3.6.jar:?]
	at org.apache.hadoop.ipc.Server$RpcCall.run(Server.java:1094) [hadoop-common-3.3.6.jar:?]
	at org.apache.hadoop.ipc.Server$RpcCall.run(Server.java:1017) [hadoop-common-3.3.6.jar:?]
	at java.security.AccessController.doPrivileged(Native Method) ~[?:1.8.0_382]
	at javax.security.auth.Subject.doAs(Subject.java:422) [?:1.8.0_382]
	at org.apache.hadoop.security.UserGroupInformation.doAs(UserGroupInformation.java:1899) [hadoop-common-3.3.6.jar:?]
	at org.apache.hadoop.ipc.Server$Handler.run(Server.java:3048) [hadoop-common-3.3.6.jar:?]
]]></system-out>
  </testcase>
  <testcase name="testRenameDestinationParentDoesntExist" classname="TestOzoneFileSystem" time="0.018">
    <system-out><![CDATA[13:00:27.103 [IPC Server handler 15 on default port 15163] ERROR OMAudit - user=runner | ip=127.0.0.1 | op=GET_FILE_STATUS {volume=volume08867, bucket=bucket18921, key=root_dir/b/c, dataSize=0, replicationConfig=null} | ret=FAILURE
org.apache.hadoop.ozone.om.exceptions.OMException: Unable to get file status: volume: volume08867 bucket: bucket18921 key: root_dir/b/c
	at org.apache.hadoop.ozone.om.KeyManagerImpl.getOzoneFileStatus(KeyManagerImpl.java:1198) ~[ozone-manager-1.4.0-SNAPSHOT.jar:?]
	at org.apache.hadoop.ozone.om.KeyManagerImpl.getFileStatus(KeyManagerImpl.java:1116) ~[ozone-manager-1.4.0-SNAPSHOT.jar:?]
	at org.apache.hadoop.ozone.om.OmMetadataReader.getFileStatus(OmMetadataReader.java:266) ~[ozone-manager-1.4.0-SNAPSHOT.jar:?]
	at org.apache.hadoop.ozone.om.OzoneManager.getFileStatus(OzoneManager.java:3552) ~[ozone-manager-1.4.0-SNAPSHOT.jar:?]
	at org.apache.hadoop.ozone.protocolPB.OzoneManagerRequestHandler.getOzoneFileStatus(OzoneManagerRequestHandler.java:998) ~[ozone-manager-1.4.0-SNAPSHOT.jar:?]
	at org.apache.hadoop.ozone.protocolPB.OzoneManagerRequestHandler.handleReadRequest(OzoneManagerRequestHandler.java:259) ~[ozone-manager-1.4.0-SNAPSHOT.jar:?]
	at org.apache.hadoop.ozone.protocolPB.OzoneManagerProtocolServerSideTranslatorPB.submitRequestDirectlyToOM(OzoneManagerProtocolServerSideTranslatorPB.java:274) ~[ozone-manager-1.4.0-SNAPSHOT.jar:?]
	at org.apache.hadoop.ozone.protocolPB.OzoneManagerProtocolServerSideTranslatorPB.processRequest(OzoneManagerProtocolServerSideTranslatorPB.java:175) ~[ozone-manager-1.4.0-SNAPSHOT.jar:?]
	at org.apache.hadoop.hdds.server.OzoneProtocolMessageDispatcher.processRequest(OzoneProtocolMessageDispatcher.java:87) [hdds-server-framework-1.4.0-SNAPSHOT.jar:?]
	at org.apache.hadoop.ozone.protocolPB.OzoneManagerProtocolServerSideTranslatorPB.submitRequest(OzoneManagerProtocolServerSideTranslatorPB.java:148) [ozone-manager-1.4.0-SNAPSHOT.jar:?]
	at org.apache.hadoop.ozone.protocol.proto.OzoneManagerProtocolProtos$OzoneManagerService$2.callBlockingMethod(OzoneManagerProtocolProtos.java) [ozone-interface-client-1.4.0-SNAPSHOT.jar:?]
	at org.apache.hadoop.ipc.ProtobufRpcEngine$Server.processCall(ProtobufRpcEngine.java:484) [hadoop-common-3.3.6.jar:?]
	at org.apache.hadoop.ipc.ProtobufRpcEngine2$Server$ProtoBufRpcInvoker.call(ProtobufRpcEngine2.java:595) [hadoop-common-3.3.6.jar:?]
	at org.apache.hadoop.ipc.ProtobufRpcEngine2$Server$ProtoBufRpcInvoker.call(ProtobufRpcEngine2.java:573) [hadoop-common-3.3.6.jar:?]
	at org.apache.hadoop.ipc.RPC$Server.call(RPC.java:1227) [hadoop-common-3.3.6.jar:?]
	at org.apache.hadoop.ipc.Server$RpcCall.run(Server.java:1094) [hadoop-common-3.3.6.jar:?]
	at org.apache.hadoop.ipc.Server$RpcCall.run(Server.java:1017) [hadoop-common-3.3.6.jar:?]
	at java.security.AccessController.doPrivileged(Native Method) ~[?:1.8.0_382]
	at javax.security.auth.Subject.doAs(Subject.java:422) [?:1.8.0_382]
	at org.apache.hadoop.security.UserGroupInformation.doAs(UserGroupInformation.java:1899) [hadoop-common-3.3.6.jar:?]
	at org.apache.hadoop.ipc.Server$Handler.run(Server.java:3048) [hadoop-common-3.3.6.jar:?]
13:00:27.105 [IPC Server handler 16 on default port 15163] ERROR OMAudit - user=runner | ip=127.0.0.1 | op=GET_FILE_STATUS {volume=volume08867, bucket=bucket18921, key=root_dir/b, dataSize=0, replicationConfig=null} | ret=FAILURE
org.apache.hadoop.ozone.om.exceptions.OMException: Unable to get file status: volume: volume08867 bucket: bucket18921 key: root_dir/b
	at org.apache.hadoop.ozone.om.KeyManagerImpl.getOzoneFileStatus(KeyManagerImpl.java:1198) ~[ozone-manager-1.4.0-SNAPSHOT.jar:?]
	at org.apache.hadoop.ozone.om.KeyManagerImpl.getFileStatus(KeyManagerImpl.java:1116) ~[ozone-manager-1.4.0-SNAPSHOT.jar:?]
	at org.apache.hadoop.ozone.om.OmMetadataReader.getFileStatus(OmMetadataReader.java:266) ~[ozone-manager-1.4.0-SNAPSHOT.jar:?]
	at org.apache.hadoop.ozone.om.OzoneManager.getFileStatus(OzoneManager.java:3552) ~[ozone-manager-1.4.0-SNAPSHOT.jar:?]
	at org.apache.hadoop.ozone.protocolPB.OzoneManagerRequestHandler.getOzoneFileStatus(OzoneManagerRequestHandler.java:998) ~[ozone-manager-1.4.0-SNAPSHOT.jar:?]
	at org.apache.hadoop.ozone.protocolPB.OzoneManagerRequestHandler.handleReadRequest(OzoneManagerRequestHandler.java:259) ~[ozone-manager-1.4.0-SNAPSHOT.jar:?]
	at org.apache.hadoop.ozone.protocolPB.OzoneManagerProtocolServerSideTranslatorPB.submitRequestDirectlyToOM(OzoneManagerProtocolServerSideTranslatorPB.java:274) ~[ozone-manager-1.4.0-SNAPSHOT.jar:?]
	at org.apache.hadoop.ozone.protocolPB.OzoneManagerProtocolServerSideTranslatorPB.processRequest(OzoneManagerProtocolServerSideTranslatorPB.java:175) ~[ozone-manager-1.4.0-SNAPSHOT.jar:?]
	at org.apache.hadoop.hdds.server.OzoneProtocolMessageDispatcher.processRequest(OzoneProtocolMessageDispatcher.java:87) [hdds-server-framework-1.4.0-SNAPSHOT.jar:?]
	at org.apache.hadoop.ozone.protocolPB.OzoneManagerProtocolServerSideTranslatorPB.submitRequest(OzoneManagerProtocolServerSideTranslatorPB.java:148) [ozone-manager-1.4.0-SNAPSHOT.jar:?]
	at org.apache.hadoop.ozone.protocol.proto.OzoneManagerProtocolProtos$OzoneManagerService$2.callBlockingMethod(OzoneManagerProtocolProtos.java) [ozone-interface-client-1.4.0-SNAPSHOT.jar:?]
	at org.apache.hadoop.ipc.ProtobufRpcEngine$Server.processCall(ProtobufRpcEngine.java:484) [hadoop-common-3.3.6.jar:?]
	at org.apache.hadoop.ipc.ProtobufRpcEngine2$Server$ProtoBufRpcInvoker.call(ProtobufRpcEngine2.java:595) [hadoop-common-3.3.6.jar:?]
	at org.apache.hadoop.ipc.ProtobufRpcEngine2$Server$ProtoBufRpcInvoker.call(ProtobufRpcEngine2.java:573) [hadoop-common-3.3.6.jar:?]
	at org.apache.hadoop.ipc.RPC$Server.call(RPC.java:1227) [hadoop-common-3.3.6.jar:?]
	at org.apache.hadoop.ipc.Server$RpcCall.run(Server.java:1094) [hadoop-common-3.3.6.jar:?]
	at org.apache.hadoop.ipc.Server$RpcCall.run(Server.java:1017) [hadoop-common-3.3.6.jar:?]
	at java.security.AccessController.doPrivileged(Native Method) ~[?:1.8.0_382]
	at javax.security.auth.Subject.doAs(Subject.java:422) [?:1.8.0_382]
	at org.apache.hadoop.security.UserGroupInformation.doAs(UserGroupInformation.java:1899) [hadoop-common-3.3.6.jar:?]
	at org.apache.hadoop.ipc.Server$Handler.run(Server.java:3048) [hadoop-common-3.3.6.jar:?]
13:00:27.112 [IPC Server handler 1 on default port 15163] ERROR OMAudit - user=runner | ip=127.0.0.1 | op=GET_FILE_STATUS {volume=volume08867, bucket=bucket18921, key=root_dir/file1/c, dataSize=0, replicationConfig=null} | ret=FAILURE
org.apache.hadoop.ozone.om.exceptions.OMException: Unable to get file status: volume: volume08867 bucket: bucket18921 key: root_dir/file1/c
	at org.apache.hadoop.ozone.om.KeyManagerImpl.getOzoneFileStatus(KeyManagerImpl.java:1198) ~[ozone-manager-1.4.0-SNAPSHOT.jar:?]
	at org.apache.hadoop.ozone.om.KeyManagerImpl.getFileStatus(KeyManagerImpl.java:1116) ~[ozone-manager-1.4.0-SNAPSHOT.jar:?]
	at org.apache.hadoop.ozone.om.OmMetadataReader.getFileStatus(OmMetadataReader.java:266) ~[ozone-manager-1.4.0-SNAPSHOT.jar:?]
	at org.apache.hadoop.ozone.om.OzoneManager.getFileStatus(OzoneManager.java:3552) ~[ozone-manager-1.4.0-SNAPSHOT.jar:?]
	at org.apache.hadoop.ozone.protocolPB.OzoneManagerRequestHandler.getOzoneFileStatus(OzoneManagerRequestHandler.java:998) ~[ozone-manager-1.4.0-SNAPSHOT.jar:?]
	at org.apache.hadoop.ozone.protocolPB.OzoneManagerRequestHandler.handleReadRequest(OzoneManagerRequestHandler.java:259) ~[ozone-manager-1.4.0-SNAPSHOT.jar:?]
	at org.apache.hadoop.ozone.protocolPB.OzoneManagerProtocolServerSideTranslatorPB.submitRequestDirectlyToOM(OzoneManagerProtocolServerSideTranslatorPB.java:274) ~[ozone-manager-1.4.0-SNAPSHOT.jar:?]
	at org.apache.hadoop.ozone.protocolPB.OzoneManagerProtocolServerSideTranslatorPB.processRequest(OzoneManagerProtocolServerSideTranslatorPB.java:175) ~[ozone-manager-1.4.0-SNAPSHOT.jar:?]
	at org.apache.hadoop.hdds.server.OzoneProtocolMessageDispatcher.processRequest(OzoneProtocolMessageDispatcher.java:87) [hdds-server-framework-1.4.0-SNAPSHOT.jar:?]
	at org.apache.hadoop.ozone.protocolPB.OzoneManagerProtocolServerSideTranslatorPB.submitRequest(OzoneManagerProtocolServerSideTranslatorPB.java:148) [ozone-manager-1.4.0-SNAPSHOT.jar:?]
	at org.apache.hadoop.ozone.protocol.proto.OzoneManagerProtocolProtos$OzoneManagerService$2.callBlockingMethod(OzoneManagerProtocolProtos.java) [ozone-interface-client-1.4.0-SNAPSHOT.jar:?]
	at org.apache.hadoop.ipc.ProtobufRpcEngine$Server.processCall(ProtobufRpcEngine.java:484) [hadoop-common-3.3.6.jar:?]
	at org.apache.hadoop.ipc.ProtobufRpcEngine2$Server$ProtoBufRpcInvoker.call(ProtobufRpcEngine2.java:595) [hadoop-common-3.3.6.jar:?]
	at org.apache.hadoop.ipc.ProtobufRpcEngine2$Server$ProtoBufRpcInvoker.call(ProtobufRpcEngine2.java:573) [hadoop-common-3.3.6.jar:?]
	at org.apache.hadoop.ipc.RPC$Server.call(RPC.java:1227) [hadoop-common-3.3.6.jar:?]
	at org.apache.hadoop.ipc.Server$RpcCall.run(Server.java:1094) [hadoop-common-3.3.6.jar:?]
	at org.apache.hadoop.ipc.Server$RpcCall.run(Server.java:1017) [hadoop-common-3.3.6.jar:?]
	at java.security.AccessController.doPrivileged(Native Method) ~[?:1.8.0_382]
	at javax.security.auth.Subject.doAs(Subject.java:422) [?:1.8.0_382]
	at org.apache.hadoop.security.UserGroupInformation.doAs(UserGroupInformation.java:1899) [hadoop-common-3.3.6.jar:?]
	at org.apache.hadoop.ipc.Server$Handler.run(Server.java:3048) [hadoop-common-3.3.6.jar:?]
]]></system-out>
  </testcase>
  <testcase name="testCreateWithInvalidPaths" classname="TestOzoneFileSystem" time="0.008"/>
  <testcase name="testCreateWithInvalidPaths" classname="TestOzoneFileSystem" time="0.005"/>
  <testcase name="testCreateWithInvalidPaths" classname="TestOzoneFileSystem" time="0.013"/>
  <testcase name="testCreateWithInvalidPaths" classname="TestOzoneFileSystem" time="0.003"/>
  <testcase name="testListStatusOnRoot" classname="TestOzoneFileSystem" time="0.056"/>
  <testcase name="testListStatusOnRoot" classname="TestOzoneFileSystem" time="0.023"/>
  <testcase name="testListStatusOnRoot" classname="TestOzoneFileSystem" time="0.019"/>
  <testcase name="testListStatusOnRoot" classname="TestOzoneFileSystem" time="0.015"/>
  <testcase name="testRenameWithNonExistentSource" classname="TestOzoneFileSystem" time="0.028">
    <system-out><![CDATA[2023-09-28 12:56:06,286 [Time-limited test] INFO  ozone.TestOzoneFileSystem (TestOzoneFileSystem.java:testRenameWithNonExistentSource(1159)) - Created destin dir: o3fs://bucket27347.volume53983/root/dir2
2023-09-28 12:56:06,286 [Time-limited test] INFO  ozone.TestOzoneFileSystem (TestOzoneFileSystem.java:testRenameWithNonExistentSource(1161)) - Rename op-> source:o3fs://bucket27347.volume53983/root/dir1 to destin:o3fs://bucket27347.volume53983/root/dir2}
12:56:06.287 [IPC Server handler 19 on default port 15004] ERROR OMAudit - user=runner | ip=127.0.0.1 | op=GET_FILE_STATUS {volume=volume53983, bucket=bucket27347, key=root/dir1, dataSize=0, replicationConfig=null} | ret=FAILURE
org.apache.hadoop.ozone.om.exceptions.OMException: Unable to get file status: volume: volume53983 bucket: bucket27347 key: root/dir1
	at org.apache.hadoop.ozone.om.KeyManagerImpl.getOzoneFileStatus(KeyManagerImpl.java:1198) ~[ozone-manager-1.4.0-SNAPSHOT.jar:?]
	at org.apache.hadoop.ozone.om.KeyManagerImpl.getFileStatus(KeyManagerImpl.java:1116) ~[ozone-manager-1.4.0-SNAPSHOT.jar:?]
	at org.apache.hadoop.ozone.om.OmMetadataReader.getFileStatus(OmMetadataReader.java:266) ~[ozone-manager-1.4.0-SNAPSHOT.jar:?]
	at org.apache.hadoop.ozone.om.OzoneManager.getFileStatus(OzoneManager.java:3552) ~[ozone-manager-1.4.0-SNAPSHOT.jar:?]
	at org.apache.hadoop.ozone.protocolPB.OzoneManagerRequestHandler.getOzoneFileStatus(OzoneManagerRequestHandler.java:998) ~[ozone-manager-1.4.0-SNAPSHOT.jar:?]
	at org.apache.hadoop.ozone.protocolPB.OzoneManagerRequestHandler.handleReadRequest(OzoneManagerRequestHandler.java:259) ~[ozone-manager-1.4.0-SNAPSHOT.jar:?]
	at org.apache.hadoop.ozone.protocolPB.OzoneManagerProtocolServerSideTranslatorPB.submitReadRequestToOM(OzoneManagerProtocolServerSideTranslatorPB.java:225) ~[ozone-manager-1.4.0-SNAPSHOT.jar:?]
	at org.apache.hadoop.ozone.protocolPB.OzoneManagerProtocolServerSideTranslatorPB.processRequest(OzoneManagerProtocolServerSideTranslatorPB.java:179) ~[ozone-manager-1.4.0-SNAPSHOT.jar:?]
	at org.apache.hadoop.hdds.server.OzoneProtocolMessageDispatcher.processRequest(OzoneProtocolMessageDispatcher.java:87) [hdds-server-framework-1.4.0-SNAPSHOT.jar:?]
	at org.apache.hadoop.ozone.protocolPB.OzoneManagerProtocolServerSideTranslatorPB.submitRequest(OzoneManagerProtocolServerSideTranslatorPB.java:148) [ozone-manager-1.4.0-SNAPSHOT.jar:?]
	at org.apache.hadoop.ozone.protocol.proto.OzoneManagerProtocolProtos$OzoneManagerService$2.callBlockingMethod(OzoneManagerProtocolProtos.java) [ozone-interface-client-1.4.0-SNAPSHOT.jar:?]
	at org.apache.hadoop.ipc.ProtobufRpcEngine$Server.processCall(ProtobufRpcEngine.java:484) [hadoop-common-3.3.6.jar:?]
	at org.apache.hadoop.ipc.ProtobufRpcEngine2$Server$ProtoBufRpcInvoker.call(ProtobufRpcEngine2.java:595) [hadoop-common-3.3.6.jar:?]
	at org.apache.hadoop.ipc.ProtobufRpcEngine2$Server$ProtoBufRpcInvoker.call(ProtobufRpcEngine2.java:573) [hadoop-common-3.3.6.jar:?]
	at org.apache.hadoop.ipc.RPC$Server.call(RPC.java:1227) [hadoop-common-3.3.6.jar:?]
	at org.apache.hadoop.ipc.Server$RpcCall.run(Server.java:1094) [hadoop-common-3.3.6.jar:?]
	at org.apache.hadoop.ipc.Server$RpcCall.run(Server.java:1017) [hadoop-common-3.3.6.jar:?]
	at java.security.AccessController.doPrivileged(Native Method) ~[?:1.8.0_382]
	at javax.security.auth.Subject.doAs(Subject.java:422) [?:1.8.0_382]
	at org.apache.hadoop.security.UserGroupInformation.doAs(UserGroupInformation.java:1899) [hadoop-common-3.3.6.jar:?]
	at org.apache.hadoop.ipc.Server$Handler.run(Server.java:3048) [hadoop-common-3.3.6.jar:?]
]]></system-out>
  </testcase>
  <testcase name="testRenameWithNonExistentSource" classname="TestOzoneFileSystem" time="0.011">
    <system-out><![CDATA[2023-09-28 12:57:39,186 [Time-limited test] INFO  ozone.TestOzoneFileSystem (TestOzoneFileSystem.java:testRenameWithNonExistentSource(1159)) - Created destin dir: o3fs://bucket23551.volume37469/root/dir2
2023-09-28 12:57:39,186 [Time-limited test] INFO  ozone.TestOzoneFileSystem (TestOzoneFileSystem.java:testRenameWithNonExistentSource(1161)) - Rename op-> source:o3fs://bucket23551.volume37469/root/dir1 to destin:o3fs://bucket23551.volume37469/root/dir2}
12:57:39.187 [IPC Server handler 1 on default port 15057] ERROR OMAudit - user=runner | ip=127.0.0.1 | op=GET_FILE_STATUS {volume=volume37469, bucket=bucket23551, key=root/dir1, dataSize=0, replicationConfig=null} | ret=FAILURE
org.apache.hadoop.ozone.om.exceptions.OMException: Unable to get file status: volume: volume37469 bucket: bucket23551 key: root/dir1
	at org.apache.hadoop.ozone.om.KeyManagerImpl.getOzoneFileStatus(KeyManagerImpl.java:1198) ~[ozone-manager-1.4.0-SNAPSHOT.jar:?]
	at org.apache.hadoop.ozone.om.KeyManagerImpl.getFileStatus(KeyManagerImpl.java:1116) ~[ozone-manager-1.4.0-SNAPSHOT.jar:?]
	at org.apache.hadoop.ozone.om.OmMetadataReader.getFileStatus(OmMetadataReader.java:266) ~[ozone-manager-1.4.0-SNAPSHOT.jar:?]
	at org.apache.hadoop.ozone.om.OzoneManager.getFileStatus(OzoneManager.java:3552) ~[ozone-manager-1.4.0-SNAPSHOT.jar:?]
	at org.apache.hadoop.ozone.protocolPB.OzoneManagerRequestHandler.getOzoneFileStatus(OzoneManagerRequestHandler.java:998) ~[ozone-manager-1.4.0-SNAPSHOT.jar:?]
	at org.apache.hadoop.ozone.protocolPB.OzoneManagerRequestHandler.handleReadRequest(OzoneManagerRequestHandler.java:259) ~[ozone-manager-1.4.0-SNAPSHOT.jar:?]
	at org.apache.hadoop.ozone.protocolPB.OzoneManagerProtocolServerSideTranslatorPB.submitRequestDirectlyToOM(OzoneManagerProtocolServerSideTranslatorPB.java:274) ~[ozone-manager-1.4.0-SNAPSHOT.jar:?]
	at org.apache.hadoop.ozone.protocolPB.OzoneManagerProtocolServerSideTranslatorPB.processRequest(OzoneManagerProtocolServerSideTranslatorPB.java:175) ~[ozone-manager-1.4.0-SNAPSHOT.jar:?]
	at org.apache.hadoop.hdds.server.OzoneProtocolMessageDispatcher.processRequest(OzoneProtocolMessageDispatcher.java:87) [hdds-server-framework-1.4.0-SNAPSHOT.jar:?]
	at org.apache.hadoop.ozone.protocolPB.OzoneManagerProtocolServerSideTranslatorPB.submitRequest(OzoneManagerProtocolServerSideTranslatorPB.java:148) [ozone-manager-1.4.0-SNAPSHOT.jar:?]
	at org.apache.hadoop.ozone.protocol.proto.OzoneManagerProtocolProtos$OzoneManagerService$2.callBlockingMethod(OzoneManagerProtocolProtos.java) [ozone-interface-client-1.4.0-SNAPSHOT.jar:?]
	at org.apache.hadoop.ipc.ProtobufRpcEngine$Server.processCall(ProtobufRpcEngine.java:484) [hadoop-common-3.3.6.jar:?]
	at org.apache.hadoop.ipc.ProtobufRpcEngine2$Server$ProtoBufRpcInvoker.call(ProtobufRpcEngine2.java:595) [hadoop-common-3.3.6.jar:?]
	at org.apache.hadoop.ipc.ProtobufRpcEngine2$Server$ProtoBufRpcInvoker.call(ProtobufRpcEngine2.java:573) [hadoop-common-3.3.6.jar:?]
	at org.apache.hadoop.ipc.RPC$Server.call(RPC.java:1227) [hadoop-common-3.3.6.jar:?]
	at org.apache.hadoop.ipc.Server$RpcCall.run(Server.java:1094) [hadoop-common-3.3.6.jar:?]
	at org.apache.hadoop.ipc.Server$RpcCall.run(Server.java:1017) [hadoop-common-3.3.6.jar:?]
	at java.security.AccessController.doPrivileged(Native Method) ~[?:1.8.0_382]
	at javax.security.auth.Subject.doAs(Subject.java:422) [?:1.8.0_382]
	at org.apache.hadoop.security.UserGroupInformation.doAs(UserGroupInformation.java:1899) [hadoop-common-3.3.6.jar:?]
	at org.apache.hadoop.ipc.Server$Handler.run(Server.java:3048) [hadoop-common-3.3.6.jar:?]
]]></system-out>
  </testcase>
  <testcase name="testRenameWithNonExistentSource" classname="TestOzoneFileSystem" time="0.01">
    <system-out><![CDATA[2023-09-28 12:58:54,175 [Time-limited test] INFO  ozone.TestOzoneFileSystem (TestOzoneFileSystem.java:testRenameWithNonExistentSource(1159)) - Created destin dir: o3fs://bucket40110.volume13657/root/dir2
2023-09-28 12:58:54,175 [Time-limited test] INFO  ozone.TestOzoneFileSystem (TestOzoneFileSystem.java:testRenameWithNonExistentSource(1161)) - Rename op-> source:o3fs://bucket40110.volume13657/root/dir1 to destin:o3fs://bucket40110.volume13657/root/dir2}
12:58:54.176 [IPC Server handler 16 on default port 15110] ERROR OMAudit - user=runner | ip=127.0.0.1 | op=GET_FILE_STATUS {volume=volume13657, bucket=bucket40110, key=root/dir1, dataSize=0, replicationConfig=null} | ret=FAILURE
org.apache.hadoop.ozone.om.exceptions.OMException: Unable to get file status: volume: volume13657 bucket: bucket40110 key: root/dir1
	at org.apache.hadoop.ozone.om.KeyManagerImpl.getOzoneFileStatus(KeyManagerImpl.java:1198) ~[ozone-manager-1.4.0-SNAPSHOT.jar:?]
	at org.apache.hadoop.ozone.om.KeyManagerImpl.getFileStatus(KeyManagerImpl.java:1116) ~[ozone-manager-1.4.0-SNAPSHOT.jar:?]
	at org.apache.hadoop.ozone.om.OmMetadataReader.getFileStatus(OmMetadataReader.java:266) ~[ozone-manager-1.4.0-SNAPSHOT.jar:?]
	at org.apache.hadoop.ozone.om.OzoneManager.getFileStatus(OzoneManager.java:3552) ~[ozone-manager-1.4.0-SNAPSHOT.jar:?]
	at org.apache.hadoop.ozone.protocolPB.OzoneManagerRequestHandler.getOzoneFileStatus(OzoneManagerRequestHandler.java:998) ~[ozone-manager-1.4.0-SNAPSHOT.jar:?]
	at org.apache.hadoop.ozone.protocolPB.OzoneManagerRequestHandler.handleReadRequest(OzoneManagerRequestHandler.java:259) ~[ozone-manager-1.4.0-SNAPSHOT.jar:?]
	at org.apache.hadoop.ozone.protocolPB.OzoneManagerProtocolServerSideTranslatorPB.submitReadRequestToOM(OzoneManagerProtocolServerSideTranslatorPB.java:225) ~[ozone-manager-1.4.0-SNAPSHOT.jar:?]
	at org.apache.hadoop.ozone.protocolPB.OzoneManagerProtocolServerSideTranslatorPB.processRequest(OzoneManagerProtocolServerSideTranslatorPB.java:179) ~[ozone-manager-1.4.0-SNAPSHOT.jar:?]
	at org.apache.hadoop.hdds.server.OzoneProtocolMessageDispatcher.processRequest(OzoneProtocolMessageDispatcher.java:87) [hdds-server-framework-1.4.0-SNAPSHOT.jar:?]
	at org.apache.hadoop.ozone.protocolPB.OzoneManagerProtocolServerSideTranslatorPB.submitRequest(OzoneManagerProtocolServerSideTranslatorPB.java:148) [ozone-manager-1.4.0-SNAPSHOT.jar:?]
	at org.apache.hadoop.ozone.protocol.proto.OzoneManagerProtocolProtos$OzoneManagerService$2.callBlockingMethod(OzoneManagerProtocolProtos.java) [ozone-interface-client-1.4.0-SNAPSHOT.jar:?]
	at org.apache.hadoop.ipc.ProtobufRpcEngine$Server.processCall(ProtobufRpcEngine.java:484) [hadoop-common-3.3.6.jar:?]
	at org.apache.hadoop.ipc.ProtobufRpcEngine2$Server$ProtoBufRpcInvoker.call(ProtobufRpcEngine2.java:595) [hadoop-common-3.3.6.jar:?]
	at org.apache.hadoop.ipc.ProtobufRpcEngine2$Server$ProtoBufRpcInvoker.call(ProtobufRpcEngine2.java:573) [hadoop-common-3.3.6.jar:?]
	at org.apache.hadoop.ipc.RPC$Server.call(RPC.java:1227) [hadoop-common-3.3.6.jar:?]
	at org.apache.hadoop.ipc.Server$RpcCall.run(Server.java:1094) [hadoop-common-3.3.6.jar:?]
	at org.apache.hadoop.ipc.Server$RpcCall.run(Server.java:1017) [hadoop-common-3.3.6.jar:?]
	at java.security.AccessController.doPrivileged(Native Method) ~[?:1.8.0_382]
	at javax.security.auth.Subject.doAs(Subject.java:422) [?:1.8.0_382]
	at org.apache.hadoop.security.UserGroupInformation.doAs(UserGroupInformation.java:1899) [hadoop-common-3.3.6.jar:?]
	at org.apache.hadoop.ipc.Server$Handler.run(Server.java:3048) [hadoop-common-3.3.6.jar:?]
]]></system-out>
  </testcase>
  <testcase name="testRenameWithNonExistentSource" classname="TestOzoneFileSystem" time="0.013">
    <system-out><![CDATA[2023-09-28 13:00:27,142 [Time-limited test] INFO  ozone.TestOzoneFileSystem (TestOzoneFileSystem.java:testRenameWithNonExistentSource(1159)) - Created destin dir: o3fs://bucket18921.volume08867/root/dir2
2023-09-28 13:00:27,143 [Time-limited test] INFO  ozone.TestOzoneFileSystem (TestOzoneFileSystem.java:testRenameWithNonExistentSource(1161)) - Rename op-> source:o3fs://bucket18921.volume08867/root/dir1 to destin:o3fs://bucket18921.volume08867/root/dir2}
13:00:27.144 [IPC Server handler 4 on default port 15163] ERROR OMAudit - user=runner | ip=127.0.0.1 | op=GET_FILE_STATUS {volume=volume08867, bucket=bucket18921, key=root/dir1, dataSize=0, replicationConfig=null} | ret=FAILURE
org.apache.hadoop.ozone.om.exceptions.OMException: Unable to get file status: volume: volume08867 bucket: bucket18921 key: root/dir1
	at org.apache.hadoop.ozone.om.KeyManagerImpl.getOzoneFileStatus(KeyManagerImpl.java:1198) ~[ozone-manager-1.4.0-SNAPSHOT.jar:?]
	at org.apache.hadoop.ozone.om.KeyManagerImpl.getFileStatus(KeyManagerImpl.java:1116) ~[ozone-manager-1.4.0-SNAPSHOT.jar:?]
	at org.apache.hadoop.ozone.om.OmMetadataReader.getFileStatus(OmMetadataReader.java:266) ~[ozone-manager-1.4.0-SNAPSHOT.jar:?]
	at org.apache.hadoop.ozone.om.OzoneManager.getFileStatus(OzoneManager.java:3552) ~[ozone-manager-1.4.0-SNAPSHOT.jar:?]
	at org.apache.hadoop.ozone.protocolPB.OzoneManagerRequestHandler.getOzoneFileStatus(OzoneManagerRequestHandler.java:998) ~[ozone-manager-1.4.0-SNAPSHOT.jar:?]
	at org.apache.hadoop.ozone.protocolPB.OzoneManagerRequestHandler.handleReadRequest(OzoneManagerRequestHandler.java:259) ~[ozone-manager-1.4.0-SNAPSHOT.jar:?]
	at org.apache.hadoop.ozone.protocolPB.OzoneManagerProtocolServerSideTranslatorPB.submitRequestDirectlyToOM(OzoneManagerProtocolServerSideTranslatorPB.java:274) ~[ozone-manager-1.4.0-SNAPSHOT.jar:?]
	at org.apache.hadoop.ozone.protocolPB.OzoneManagerProtocolServerSideTranslatorPB.processRequest(OzoneManagerProtocolServerSideTranslatorPB.java:175) ~[ozone-manager-1.4.0-SNAPSHOT.jar:?]
	at org.apache.hadoop.hdds.server.OzoneProtocolMessageDispatcher.processRequest(OzoneProtocolMessageDispatcher.java:87) [hdds-server-framework-1.4.0-SNAPSHOT.jar:?]
	at org.apache.hadoop.ozone.protocolPB.OzoneManagerProtocolServerSideTranslatorPB.submitRequest(OzoneManagerProtocolServerSideTranslatorPB.java:148) [ozone-manager-1.4.0-SNAPSHOT.jar:?]
	at org.apache.hadoop.ozone.protocol.proto.OzoneManagerProtocolProtos$OzoneManagerService$2.callBlockingMethod(OzoneManagerProtocolProtos.java) [ozone-interface-client-1.4.0-SNAPSHOT.jar:?]
	at org.apache.hadoop.ipc.ProtobufRpcEngine$Server.processCall(ProtobufRpcEngine.java:484) [hadoop-common-3.3.6.jar:?]
	at org.apache.hadoop.ipc.ProtobufRpcEngine2$Server$ProtoBufRpcInvoker.call(ProtobufRpcEngine2.java:595) [hadoop-common-3.3.6.jar:?]
	at org.apache.hadoop.ipc.ProtobufRpcEngine2$Server$ProtoBufRpcInvoker.call(ProtobufRpcEngine2.java:573) [hadoop-common-3.3.6.jar:?]
	at org.apache.hadoop.ipc.RPC$Server.call(RPC.java:1227) [hadoop-common-3.3.6.jar:?]
	at org.apache.hadoop.ipc.Server$RpcCall.run(Server.java:1094) [hadoop-common-3.3.6.jar:?]
	at org.apache.hadoop.ipc.Server$RpcCall.run(Server.java:1017) [hadoop-common-3.3.6.jar:?]
	at java.security.AccessController.doPrivileged(Native Method) ~[?:1.8.0_382]
	at javax.security.auth.Subject.doAs(Subject.java:422) [?:1.8.0_382]
	at org.apache.hadoop.security.UserGroupInformation.doAs(UserGroupInformation.java:1899) [hadoop-common-3.3.6.jar:?]
	at org.apache.hadoop.ipc.Server$Handler.run(Server.java:3048) [hadoop-common-3.3.6.jar:?]
]]></system-out>
  </testcase>
  <testcase name="testRenameToParentDir" classname="TestOzoneFileSystem" time="0.082">
    <system-out><![CDATA[12:56:06.333 [IPC Server handler 11 on default port 15004] ERROR OMAudit - user=runner | ip=127.0.0.1 | op=LIST_STATUS {volume=volume53983, bucket=bucket27347, key=root_dir/dir2, dataSize=0, replicationConfig=null} | ret=FAILURE
org.apache.hadoop.ozone.om.exceptions.OMException: Unable to get file status: volume: volume53983 bucket: bucket27347 key: root_dir/dir2
	at org.apache.hadoop.ozone.om.KeyManagerImpl.getOzoneFileStatus(KeyManagerImpl.java:1198) ~[ozone-manager-1.4.0-SNAPSHOT.jar:?]
	at org.apache.hadoop.ozone.om.KeyManagerImpl.getFileStatus(KeyManagerImpl.java:1116) ~[ozone-manager-1.4.0-SNAPSHOT.jar:?]
	at org.apache.hadoop.ozone.om.KeyManagerImpl.listStatus(KeyManagerImpl.java:1521) ~[ozone-manager-1.4.0-SNAPSHOT.jar:?]
	at org.apache.hadoop.ozone.om.OmMetadataReader.listStatus(OmMetadataReader.java:239) ~[ozone-manager-1.4.0-SNAPSHOT.jar:?]
	at org.apache.hadoop.ozone.om.OzoneManager.listStatus(OzoneManager.java:3582) ~[ozone-manager-1.4.0-SNAPSHOT.jar:?]
	at org.apache.hadoop.ozone.protocolPB.OzoneManagerRequestHandler.listStatus(OzoneManagerRequestHandler.java:1170) ~[ozone-manager-1.4.0-SNAPSHOT.jar:?]
	at org.apache.hadoop.ozone.protocolPB.OzoneManagerRequestHandler.handleReadRequest(OzoneManagerRequestHandler.java:270) ~[ozone-manager-1.4.0-SNAPSHOT.jar:?]
	at org.apache.hadoop.ozone.protocolPB.OzoneManagerProtocolServerSideTranslatorPB.submitReadRequestToOM(OzoneManagerProtocolServerSideTranslatorPB.java:225) ~[ozone-manager-1.4.0-SNAPSHOT.jar:?]
	at org.apache.hadoop.ozone.protocolPB.OzoneManagerProtocolServerSideTranslatorPB.processRequest(OzoneManagerProtocolServerSideTranslatorPB.java:179) ~[ozone-manager-1.4.0-SNAPSHOT.jar:?]
	at org.apache.hadoop.hdds.server.OzoneProtocolMessageDispatcher.processRequest(OzoneProtocolMessageDispatcher.java:87) [hdds-server-framework-1.4.0-SNAPSHOT.jar:?]
	at org.apache.hadoop.ozone.protocolPB.OzoneManagerProtocolServerSideTranslatorPB.submitRequest(OzoneManagerProtocolServerSideTranslatorPB.java:148) [ozone-manager-1.4.0-SNAPSHOT.jar:?]
	at org.apache.hadoop.ozone.protocol.proto.OzoneManagerProtocolProtos$OzoneManagerService$2.callBlockingMethod(OzoneManagerProtocolProtos.java) [ozone-interface-client-1.4.0-SNAPSHOT.jar:?]
	at org.apache.hadoop.ipc.ProtobufRpcEngine$Server.processCall(ProtobufRpcEngine.java:484) [hadoop-common-3.3.6.jar:?]
	at org.apache.hadoop.ipc.ProtobufRpcEngine2$Server$ProtoBufRpcInvoker.call(ProtobufRpcEngine2.java:595) [hadoop-common-3.3.6.jar:?]
	at org.apache.hadoop.ipc.ProtobufRpcEngine2$Server$ProtoBufRpcInvoker.call(ProtobufRpcEngine2.java:573) [hadoop-common-3.3.6.jar:?]
	at org.apache.hadoop.ipc.RPC$Server.call(RPC.java:1227) [hadoop-common-3.3.6.jar:?]
	at org.apache.hadoop.ipc.Server$RpcCall.run(Server.java:1094) [hadoop-common-3.3.6.jar:?]
	at org.apache.hadoop.ipc.Server$RpcCall.run(Server.java:1017) [hadoop-common-3.3.6.jar:?]
	at java.security.AccessController.doPrivileged(Native Method) ~[?:1.8.0_382]
	at javax.security.auth.Subject.doAs(Subject.java:422) [?:1.8.0_382]
	at org.apache.hadoop.security.UserGroupInformation.doAs(UserGroupInformation.java:1899) [hadoop-common-3.3.6.jar:?]
	at org.apache.hadoop.ipc.Server$Handler.run(Server.java:3048) [hadoop-common-3.3.6.jar:?]
12:56:06.356 [IPC Server handler 7 on default port 15004] ERROR OMAudit - user=runner | ip=127.0.0.1 | op=LIST_STATUS {volume=volume53983, bucket=bucket27347, key=root_dir/file2, dataSize=0, replicationConfig=null} | ret=FAILURE
org.apache.hadoop.ozone.om.exceptions.OMException: Unable to get file status: volume: volume53983 bucket: bucket27347 key: root_dir/file2
	at org.apache.hadoop.ozone.om.KeyManagerImpl.getOzoneFileStatus(KeyManagerImpl.java:1198) ~[ozone-manager-1.4.0-SNAPSHOT.jar:?]
	at org.apache.hadoop.ozone.om.KeyManagerImpl.getFileStatus(KeyManagerImpl.java:1116) ~[ozone-manager-1.4.0-SNAPSHOT.jar:?]
	at org.apache.hadoop.ozone.om.KeyManagerImpl.listStatus(KeyManagerImpl.java:1521) ~[ozone-manager-1.4.0-SNAPSHOT.jar:?]
	at org.apache.hadoop.ozone.om.OmMetadataReader.listStatus(OmMetadataReader.java:239) ~[ozone-manager-1.4.0-SNAPSHOT.jar:?]
	at org.apache.hadoop.ozone.om.OzoneManager.listStatus(OzoneManager.java:3582) ~[ozone-manager-1.4.0-SNAPSHOT.jar:?]
	at org.apache.hadoop.ozone.protocolPB.OzoneManagerRequestHandler.listStatus(OzoneManagerRequestHandler.java:1170) ~[ozone-manager-1.4.0-SNAPSHOT.jar:?]
	at org.apache.hadoop.ozone.protocolPB.OzoneManagerRequestHandler.handleReadRequest(OzoneManagerRequestHandler.java:270) ~[ozone-manager-1.4.0-SNAPSHOT.jar:?]
	at org.apache.hadoop.ozone.protocolPB.OzoneManagerProtocolServerSideTranslatorPB.submitReadRequestToOM(OzoneManagerProtocolServerSideTranslatorPB.java:225) ~[ozone-manager-1.4.0-SNAPSHOT.jar:?]
	at org.apache.hadoop.ozone.protocolPB.OzoneManagerProtocolServerSideTranslatorPB.processRequest(OzoneManagerProtocolServerSideTranslatorPB.java:179) ~[ozone-manager-1.4.0-SNAPSHOT.jar:?]
	at org.apache.hadoop.hdds.server.OzoneProtocolMessageDispatcher.processRequest(OzoneProtocolMessageDispatcher.java:87) [hdds-server-framework-1.4.0-SNAPSHOT.jar:?]
	at org.apache.hadoop.ozone.protocolPB.OzoneManagerProtocolServerSideTranslatorPB.submitRequest(OzoneManagerProtocolServerSideTranslatorPB.java:148) [ozone-manager-1.4.0-SNAPSHOT.jar:?]
	at org.apache.hadoop.ozone.protocol.proto.OzoneManagerProtocolProtos$OzoneManagerService$2.callBlockingMethod(OzoneManagerProtocolProtos.java) [ozone-interface-client-1.4.0-SNAPSHOT.jar:?]
	at org.apache.hadoop.ipc.ProtobufRpcEngine$Server.processCall(ProtobufRpcEngine.java:484) [hadoop-common-3.3.6.jar:?]
	at org.apache.hadoop.ipc.ProtobufRpcEngine2$Server$ProtoBufRpcInvoker.call(ProtobufRpcEngine2.java:595) [hadoop-common-3.3.6.jar:?]
	at org.apache.hadoop.ipc.ProtobufRpcEngine2$Server$ProtoBufRpcInvoker.call(ProtobufRpcEngine2.java:573) [hadoop-common-3.3.6.jar:?]
	at org.apache.hadoop.ipc.RPC$Server.call(RPC.java:1227) [hadoop-common-3.3.6.jar:?]
	at org.apache.hadoop.ipc.Server$RpcCall.run(Server.java:1094) [hadoop-common-3.3.6.jar:?]
	at org.apache.hadoop.ipc.Server$RpcCall.run(Server.java:1017) [hadoop-common-3.3.6.jar:?]
	at java.security.AccessController.doPrivileged(Native Method) ~[?:1.8.0_382]
	at javax.security.auth.Subject.doAs(Subject.java:422) [?:1.8.0_382]
	at org.apache.hadoop.security.UserGroupInformation.doAs(UserGroupInformation.java:1899) [hadoop-common-3.3.6.jar:?]
	at org.apache.hadoop.ipc.Server$Handler.run(Server.java:3048) [hadoop-common-3.3.6.jar:?]
]]></system-out>
  </testcase>
  <testcase name="testRenameToParentDir" classname="TestOzoneFileSystem" time="0.038">
    <system-out><![CDATA[12:57:39.211 [IPC Server handler 13 on default port 15057] ERROR OMAudit - user=runner | ip=127.0.0.1 | op=LIST_STATUS {volume=volume37469, bucket=bucket23551, key=root_dir/dir2, dataSize=0, replicationConfig=null} | ret=FAILURE
org.apache.hadoop.ozone.om.exceptions.OMException: Unable to get file status: volume: volume37469 bucket: bucket23551 key: root_dir/dir2
	at org.apache.hadoop.ozone.om.KeyManagerImpl.getOzoneFileStatus(KeyManagerImpl.java:1198) ~[ozone-manager-1.4.0-SNAPSHOT.jar:?]
	at org.apache.hadoop.ozone.om.KeyManagerImpl.getFileStatus(KeyManagerImpl.java:1116) ~[ozone-manager-1.4.0-SNAPSHOT.jar:?]
	at org.apache.hadoop.ozone.om.KeyManagerImpl.listStatus(KeyManagerImpl.java:1521) ~[ozone-manager-1.4.0-SNAPSHOT.jar:?]
	at org.apache.hadoop.ozone.om.OmMetadataReader.listStatus(OmMetadataReader.java:239) ~[ozone-manager-1.4.0-SNAPSHOT.jar:?]
	at org.apache.hadoop.ozone.om.OzoneManager.listStatus(OzoneManager.java:3582) ~[ozone-manager-1.4.0-SNAPSHOT.jar:?]
	at org.apache.hadoop.ozone.protocolPB.OzoneManagerRequestHandler.listStatus(OzoneManagerRequestHandler.java:1170) ~[ozone-manager-1.4.0-SNAPSHOT.jar:?]
	at org.apache.hadoop.ozone.protocolPB.OzoneManagerRequestHandler.handleReadRequest(OzoneManagerRequestHandler.java:270) ~[ozone-manager-1.4.0-SNAPSHOT.jar:?]
	at org.apache.hadoop.ozone.protocolPB.OzoneManagerProtocolServerSideTranslatorPB.submitRequestDirectlyToOM(OzoneManagerProtocolServerSideTranslatorPB.java:274) ~[ozone-manager-1.4.0-SNAPSHOT.jar:?]
	at org.apache.hadoop.ozone.protocolPB.OzoneManagerProtocolServerSideTranslatorPB.processRequest(OzoneManagerProtocolServerSideTranslatorPB.java:175) ~[ozone-manager-1.4.0-SNAPSHOT.jar:?]
	at org.apache.hadoop.hdds.server.OzoneProtocolMessageDispatcher.processRequest(OzoneProtocolMessageDispatcher.java:87) [hdds-server-framework-1.4.0-SNAPSHOT.jar:?]
	at org.apache.hadoop.ozone.protocolPB.OzoneManagerProtocolServerSideTranslatorPB.submitRequest(OzoneManagerProtocolServerSideTranslatorPB.java:148) [ozone-manager-1.4.0-SNAPSHOT.jar:?]
	at org.apache.hadoop.ozone.protocol.proto.OzoneManagerProtocolProtos$OzoneManagerService$2.callBlockingMethod(OzoneManagerProtocolProtos.java) [ozone-interface-client-1.4.0-SNAPSHOT.jar:?]
	at org.apache.hadoop.ipc.ProtobufRpcEngine$Server.processCall(ProtobufRpcEngine.java:484) [hadoop-common-3.3.6.jar:?]
	at org.apache.hadoop.ipc.ProtobufRpcEngine2$Server$ProtoBufRpcInvoker.call(ProtobufRpcEngine2.java:595) [hadoop-common-3.3.6.jar:?]
	at org.apache.hadoop.ipc.ProtobufRpcEngine2$Server$ProtoBufRpcInvoker.call(ProtobufRpcEngine2.java:573) [hadoop-common-3.3.6.jar:?]
	at org.apache.hadoop.ipc.RPC$Server.call(RPC.java:1227) [hadoop-common-3.3.6.jar:?]
	at org.apache.hadoop.ipc.Server$RpcCall.run(Server.java:1094) [hadoop-common-3.3.6.jar:?]
	at org.apache.hadoop.ipc.Server$RpcCall.run(Server.java:1017) [hadoop-common-3.3.6.jar:?]
	at java.security.AccessController.doPrivileged(Native Method) ~[?:1.8.0_382]
	at javax.security.auth.Subject.doAs(Subject.java:422) [?:1.8.0_382]
	at org.apache.hadoop.security.UserGroupInformation.doAs(UserGroupInformation.java:1899) [hadoop-common-3.3.6.jar:?]
	at org.apache.hadoop.ipc.Server$Handler.run(Server.java:3048) [hadoop-common-3.3.6.jar:?]
12:57:39.221 [IPC Server handler 4 on default port 15057] ERROR OMAudit - user=runner | ip=127.0.0.1 | op=LIST_STATUS {volume=volume37469, bucket=bucket23551, key=root_dir/file2, dataSize=0, replicationConfig=null} | ret=FAILURE
org.apache.hadoop.ozone.om.exceptions.OMException: Unable to get file status: volume: volume37469 bucket: bucket23551 key: root_dir/file2
	at org.apache.hadoop.ozone.om.KeyManagerImpl.getOzoneFileStatus(KeyManagerImpl.java:1198) ~[ozone-manager-1.4.0-SNAPSHOT.jar:?]
	at org.apache.hadoop.ozone.om.KeyManagerImpl.getFileStatus(KeyManagerImpl.java:1116) ~[ozone-manager-1.4.0-SNAPSHOT.jar:?]
	at org.apache.hadoop.ozone.om.KeyManagerImpl.listStatus(KeyManagerImpl.java:1521) ~[ozone-manager-1.4.0-SNAPSHOT.jar:?]
	at org.apache.hadoop.ozone.om.OmMetadataReader.listStatus(OmMetadataReader.java:239) ~[ozone-manager-1.4.0-SNAPSHOT.jar:?]
	at org.apache.hadoop.ozone.om.OzoneManager.listStatus(OzoneManager.java:3582) ~[ozone-manager-1.4.0-SNAPSHOT.jar:?]
	at org.apache.hadoop.ozone.protocolPB.OzoneManagerRequestHandler.listStatus(OzoneManagerRequestHandler.java:1170) ~[ozone-manager-1.4.0-SNAPSHOT.jar:?]
	at org.apache.hadoop.ozone.protocolPB.OzoneManagerRequestHandler.handleReadRequest(OzoneManagerRequestHandler.java:270) ~[ozone-manager-1.4.0-SNAPSHOT.jar:?]
	at org.apache.hadoop.ozone.protocolPB.OzoneManagerProtocolServerSideTranslatorPB.submitRequestDirectlyToOM(OzoneManagerProtocolServerSideTranslatorPB.java:274) ~[ozone-manager-1.4.0-SNAPSHOT.jar:?]
	at org.apache.hadoop.ozone.protocolPB.OzoneManagerProtocolServerSideTranslatorPB.processRequest(OzoneManagerProtocolServerSideTranslatorPB.java:175) ~[ozone-manager-1.4.0-SNAPSHOT.jar:?]
	at org.apache.hadoop.hdds.server.OzoneProtocolMessageDispatcher.processRequest(OzoneProtocolMessageDispatcher.java:87) [hdds-server-framework-1.4.0-SNAPSHOT.jar:?]
	at org.apache.hadoop.ozone.protocolPB.OzoneManagerProtocolServerSideTranslatorPB.submitRequest(OzoneManagerProtocolServerSideTranslatorPB.java:148) [ozone-manager-1.4.0-SNAPSHOT.jar:?]
	at org.apache.hadoop.ozone.protocol.proto.OzoneManagerProtocolProtos$OzoneManagerService$2.callBlockingMethod(OzoneManagerProtocolProtos.java) [ozone-interface-client-1.4.0-SNAPSHOT.jar:?]
	at org.apache.hadoop.ipc.ProtobufRpcEngine$Server.processCall(ProtobufRpcEngine.java:484) [hadoop-common-3.3.6.jar:?]
	at org.apache.hadoop.ipc.ProtobufRpcEngine2$Server$ProtoBufRpcInvoker.call(ProtobufRpcEngine2.java:595) [hadoop-common-3.3.6.jar:?]
	at org.apache.hadoop.ipc.ProtobufRpcEngine2$Server$ProtoBufRpcInvoker.call(ProtobufRpcEngine2.java:573) [hadoop-common-3.3.6.jar:?]
	at org.apache.hadoop.ipc.RPC$Server.call(RPC.java:1227) [hadoop-common-3.3.6.jar:?]
	at org.apache.hadoop.ipc.Server$RpcCall.run(Server.java:1094) [hadoop-common-3.3.6.jar:?]
	at org.apache.hadoop.ipc.Server$RpcCall.run(Server.java:1017) [hadoop-common-3.3.6.jar:?]
	at java.security.AccessController.doPrivileged(Native Method) ~[?:1.8.0_382]
	at javax.security.auth.Subject.doAs(Subject.java:422) [?:1.8.0_382]
	at org.apache.hadoop.security.UserGroupInformation.doAs(UserGroupInformation.java:1899) [hadoop-common-3.3.6.jar:?]
	at org.apache.hadoop.ipc.Server$Handler.run(Server.java:3048) [hadoop-common-3.3.6.jar:?]
]]></system-out>
  </testcase>
  <testcase name="testRenameToParentDir" classname="TestOzoneFileSystem" time="0.043">
    <system-out><![CDATA[12:58:54.197 [IPC Server handler 9 on default port 15110] ERROR OMAudit - user=runner | ip=127.0.0.1 | op=LIST_STATUS {volume=volume13657, bucket=bucket40110, key=root_dir/dir2, dataSize=0, replicationConfig=null} | ret=FAILURE
org.apache.hadoop.ozone.om.exceptions.OMException: Unable to get file status: volume: volume13657 bucket: bucket40110 key: root_dir/dir2
	at org.apache.hadoop.ozone.om.KeyManagerImpl.getOzoneFileStatus(KeyManagerImpl.java:1198) ~[ozone-manager-1.4.0-SNAPSHOT.jar:?]
	at org.apache.hadoop.ozone.om.KeyManagerImpl.getFileStatus(KeyManagerImpl.java:1116) ~[ozone-manager-1.4.0-SNAPSHOT.jar:?]
	at org.apache.hadoop.ozone.om.KeyManagerImpl.listStatus(KeyManagerImpl.java:1521) ~[ozone-manager-1.4.0-SNAPSHOT.jar:?]
	at org.apache.hadoop.ozone.om.OmMetadataReader.listStatus(OmMetadataReader.java:239) ~[ozone-manager-1.4.0-SNAPSHOT.jar:?]
	at org.apache.hadoop.ozone.om.OzoneManager.listStatus(OzoneManager.java:3582) ~[ozone-manager-1.4.0-SNAPSHOT.jar:?]
	at org.apache.hadoop.ozone.protocolPB.OzoneManagerRequestHandler.listStatus(OzoneManagerRequestHandler.java:1170) ~[ozone-manager-1.4.0-SNAPSHOT.jar:?]
	at org.apache.hadoop.ozone.protocolPB.OzoneManagerRequestHandler.handleReadRequest(OzoneManagerRequestHandler.java:270) ~[ozone-manager-1.4.0-SNAPSHOT.jar:?]
	at org.apache.hadoop.ozone.protocolPB.OzoneManagerProtocolServerSideTranslatorPB.submitReadRequestToOM(OzoneManagerProtocolServerSideTranslatorPB.java:225) ~[ozone-manager-1.4.0-SNAPSHOT.jar:?]
	at org.apache.hadoop.ozone.protocolPB.OzoneManagerProtocolServerSideTranslatorPB.processRequest(OzoneManagerProtocolServerSideTranslatorPB.java:179) ~[ozone-manager-1.4.0-SNAPSHOT.jar:?]
	at org.apache.hadoop.hdds.server.OzoneProtocolMessageDispatcher.processRequest(OzoneProtocolMessageDispatcher.java:87) [hdds-server-framework-1.4.0-SNAPSHOT.jar:?]
	at org.apache.hadoop.ozone.protocolPB.OzoneManagerProtocolServerSideTranslatorPB.submitRequest(OzoneManagerProtocolServerSideTranslatorPB.java:148) [ozone-manager-1.4.0-SNAPSHOT.jar:?]
	at org.apache.hadoop.ozone.protocol.proto.OzoneManagerProtocolProtos$OzoneManagerService$2.callBlockingMethod(OzoneManagerProtocolProtos.java) [ozone-interface-client-1.4.0-SNAPSHOT.jar:?]
	at org.apache.hadoop.ipc.ProtobufRpcEngine$Server.processCall(ProtobufRpcEngine.java:484) [hadoop-common-3.3.6.jar:?]
	at org.apache.hadoop.ipc.ProtobufRpcEngine2$Server$ProtoBufRpcInvoker.call(ProtobufRpcEngine2.java:595) [hadoop-common-3.3.6.jar:?]
	at org.apache.hadoop.ipc.ProtobufRpcEngine2$Server$ProtoBufRpcInvoker.call(ProtobufRpcEngine2.java:573) [hadoop-common-3.3.6.jar:?]
	at org.apache.hadoop.ipc.RPC$Server.call(RPC.java:1227) [hadoop-common-3.3.6.jar:?]
	at org.apache.hadoop.ipc.Server$RpcCall.run(Server.java:1094) [hadoop-common-3.3.6.jar:?]
	at org.apache.hadoop.ipc.Server$RpcCall.run(Server.java:1017) [hadoop-common-3.3.6.jar:?]
	at java.security.AccessController.doPrivileged(Native Method) ~[?:1.8.0_382]
	at javax.security.auth.Subject.doAs(Subject.java:422) [?:1.8.0_382]
	at org.apache.hadoop.security.UserGroupInformation.doAs(UserGroupInformation.java:1899) [hadoop-common-3.3.6.jar:?]
	at org.apache.hadoop.ipc.Server$Handler.run(Server.java:3048) [hadoop-common-3.3.6.jar:?]
12:58:54.207 [IPC Server handler 18 on default port 15110] ERROR OMAudit - user=runner | ip=127.0.0.1 | op=LIST_STATUS {volume=volume13657, bucket=bucket40110, key=root_dir/file2, dataSize=0, replicationConfig=null} | ret=FAILURE
org.apache.hadoop.ozone.om.exceptions.OMException: Unable to get file status: volume: volume13657 bucket: bucket40110 key: root_dir/file2
	at org.apache.hadoop.ozone.om.KeyManagerImpl.getOzoneFileStatus(KeyManagerImpl.java:1198) ~[ozone-manager-1.4.0-SNAPSHOT.jar:?]
	at org.apache.hadoop.ozone.om.KeyManagerImpl.getFileStatus(KeyManagerImpl.java:1116) ~[ozone-manager-1.4.0-SNAPSHOT.jar:?]
	at org.apache.hadoop.ozone.om.KeyManagerImpl.listStatus(KeyManagerImpl.java:1521) ~[ozone-manager-1.4.0-SNAPSHOT.jar:?]
	at org.apache.hadoop.ozone.om.OmMetadataReader.listStatus(OmMetadataReader.java:239) ~[ozone-manager-1.4.0-SNAPSHOT.jar:?]
	at org.apache.hadoop.ozone.om.OzoneManager.listStatus(OzoneManager.java:3582) ~[ozone-manager-1.4.0-SNAPSHOT.jar:?]
	at org.apache.hadoop.ozone.protocolPB.OzoneManagerRequestHandler.listStatus(OzoneManagerRequestHandler.java:1170) ~[ozone-manager-1.4.0-SNAPSHOT.jar:?]
	at org.apache.hadoop.ozone.protocolPB.OzoneManagerRequestHandler.handleReadRequest(OzoneManagerRequestHandler.java:270) ~[ozone-manager-1.4.0-SNAPSHOT.jar:?]
	at org.apache.hadoop.ozone.protocolPB.OzoneManagerProtocolServerSideTranslatorPB.submitReadRequestToOM(OzoneManagerProtocolServerSideTranslatorPB.java:225) ~[ozone-manager-1.4.0-SNAPSHOT.jar:?]
	at org.apache.hadoop.ozone.protocolPB.OzoneManagerProtocolServerSideTranslatorPB.processRequest(OzoneManagerProtocolServerSideTranslatorPB.java:179) ~[ozone-manager-1.4.0-SNAPSHOT.jar:?]
	at org.apache.hadoop.hdds.server.OzoneProtocolMessageDispatcher.processRequest(OzoneProtocolMessageDispatcher.java:87) [hdds-server-framework-1.4.0-SNAPSHOT.jar:?]
	at org.apache.hadoop.ozone.protocolPB.OzoneManagerProtocolServerSideTranslatorPB.submitRequest(OzoneManagerProtocolServerSideTranslatorPB.java:148) [ozone-manager-1.4.0-SNAPSHOT.jar:?]
	at org.apache.hadoop.ozone.protocol.proto.OzoneManagerProtocolProtos$OzoneManagerService$2.callBlockingMethod(OzoneManagerProtocolProtos.java) [ozone-interface-client-1.4.0-SNAPSHOT.jar:?]
	at org.apache.hadoop.ipc.ProtobufRpcEngine$Server.processCall(ProtobufRpcEngine.java:484) [hadoop-common-3.3.6.jar:?]
	at org.apache.hadoop.ipc.ProtobufRpcEngine2$Server$ProtoBufRpcInvoker.call(ProtobufRpcEngine2.java:595) [hadoop-common-3.3.6.jar:?]
	at org.apache.hadoop.ipc.ProtobufRpcEngine2$Server$ProtoBufRpcInvoker.call(ProtobufRpcEngine2.java:573) [hadoop-common-3.3.6.jar:?]
	at org.apache.hadoop.ipc.RPC$Server.call(RPC.java:1227) [hadoop-common-3.3.6.jar:?]
	at org.apache.hadoop.ipc.Server$RpcCall.run(Server.java:1094) [hadoop-common-3.3.6.jar:?]
	at org.apache.hadoop.ipc.Server$RpcCall.run(Server.java:1017) [hadoop-common-3.3.6.jar:?]
	at java.security.AccessController.doPrivileged(Native Method) ~[?:1.8.0_382]
	at javax.security.auth.Subject.doAs(Subject.java:422) [?:1.8.0_382]
	at org.apache.hadoop.security.UserGroupInformation.doAs(UserGroupInformation.java:1899) [hadoop-common-3.3.6.jar:?]
	at org.apache.hadoop.ipc.Server$Handler.run(Server.java:3048) [hadoop-common-3.3.6.jar:?]
]]></system-out>
  </testcase>
  <testcase name="testRenameToParentDir" classname="TestOzoneFileSystem" time="0.024">
    <system-out><![CDATA[13:00:27.158 [IPC Server handler 1 on default port 15163] ERROR OMAudit - user=runner | ip=127.0.0.1 | op=LIST_STATUS {volume=volume08867, bucket=bucket18921, key=root_dir/dir2, dataSize=0, replicationConfig=null} | ret=FAILURE
org.apache.hadoop.ozone.om.exceptions.OMException: Unable to get file status: volume: volume08867 bucket: bucket18921 key: root_dir/dir2
	at org.apache.hadoop.ozone.om.KeyManagerImpl.getOzoneFileStatus(KeyManagerImpl.java:1198) ~[ozone-manager-1.4.0-SNAPSHOT.jar:?]
	at org.apache.hadoop.ozone.om.KeyManagerImpl.getFileStatus(KeyManagerImpl.java:1116) ~[ozone-manager-1.4.0-SNAPSHOT.jar:?]
	at org.apache.hadoop.ozone.om.KeyManagerImpl.listStatus(KeyManagerImpl.java:1521) ~[ozone-manager-1.4.0-SNAPSHOT.jar:?]
	at org.apache.hadoop.ozone.om.OmMetadataReader.listStatus(OmMetadataReader.java:239) ~[ozone-manager-1.4.0-SNAPSHOT.jar:?]
	at org.apache.hadoop.ozone.om.OzoneManager.listStatus(OzoneManager.java:3582) ~[ozone-manager-1.4.0-SNAPSHOT.jar:?]
	at org.apache.hadoop.ozone.protocolPB.OzoneManagerRequestHandler.listStatus(OzoneManagerRequestHandler.java:1170) ~[ozone-manager-1.4.0-SNAPSHOT.jar:?]
	at org.apache.hadoop.ozone.protocolPB.OzoneManagerRequestHandler.handleReadRequest(OzoneManagerRequestHandler.java:270) ~[ozone-manager-1.4.0-SNAPSHOT.jar:?]
	at org.apache.hadoop.ozone.protocolPB.OzoneManagerProtocolServerSideTranslatorPB.submitRequestDirectlyToOM(OzoneManagerProtocolServerSideTranslatorPB.java:274) ~[ozone-manager-1.4.0-SNAPSHOT.jar:?]
	at org.apache.hadoop.ozone.protocolPB.OzoneManagerProtocolServerSideTranslatorPB.processRequest(OzoneManagerProtocolServerSideTranslatorPB.java:175) ~[ozone-manager-1.4.0-SNAPSHOT.jar:?]
	at org.apache.hadoop.hdds.server.OzoneProtocolMessageDispatcher.processRequest(OzoneProtocolMessageDispatcher.java:87) [hdds-server-framework-1.4.0-SNAPSHOT.jar:?]
	at org.apache.hadoop.ozone.protocolPB.OzoneManagerProtocolServerSideTranslatorPB.submitRequest(OzoneManagerProtocolServerSideTranslatorPB.java:148) [ozone-manager-1.4.0-SNAPSHOT.jar:?]
	at org.apache.hadoop.ozone.protocol.proto.OzoneManagerProtocolProtos$OzoneManagerService$2.callBlockingMethod(OzoneManagerProtocolProtos.java) [ozone-interface-client-1.4.0-SNAPSHOT.jar:?]
	at org.apache.hadoop.ipc.ProtobufRpcEngine$Server.processCall(ProtobufRpcEngine.java:484) [hadoop-common-3.3.6.jar:?]
	at org.apache.hadoop.ipc.ProtobufRpcEngine2$Server$ProtoBufRpcInvoker.call(ProtobufRpcEngine2.java:595) [hadoop-common-3.3.6.jar:?]
	at org.apache.hadoop.ipc.ProtobufRpcEngine2$Server$ProtoBufRpcInvoker.call(ProtobufRpcEngine2.java:573) [hadoop-common-3.3.6.jar:?]
	at org.apache.hadoop.ipc.RPC$Server.call(RPC.java:1227) [hadoop-common-3.3.6.jar:?]
	at org.apache.hadoop.ipc.Server$RpcCall.run(Server.java:1094) [hadoop-common-3.3.6.jar:?]
	at org.apache.hadoop.ipc.Server$RpcCall.run(Server.java:1017) [hadoop-common-3.3.6.jar:?]
	at java.security.AccessController.doPrivileged(Native Method) ~[?:1.8.0_382]
	at javax.security.auth.Subject.doAs(Subject.java:422) [?:1.8.0_382]
	at org.apache.hadoop.security.UserGroupInformation.doAs(UserGroupInformation.java:1899) [hadoop-common-3.3.6.jar:?]
	at org.apache.hadoop.ipc.Server$Handler.run(Server.java:3048) [hadoop-common-3.3.6.jar:?]
13:00:27.165 [IPC Server handler 8 on default port 15163] ERROR OMAudit - user=runner | ip=127.0.0.1 | op=LIST_STATUS {volume=volume08867, bucket=bucket18921, key=root_dir/file2, dataSize=0, replicationConfig=null} | ret=FAILURE
org.apache.hadoop.ozone.om.exceptions.OMException: Unable to get file status: volume: volume08867 bucket: bucket18921 key: root_dir/file2
	at org.apache.hadoop.ozone.om.KeyManagerImpl.getOzoneFileStatus(KeyManagerImpl.java:1198) ~[ozone-manager-1.4.0-SNAPSHOT.jar:?]
	at org.apache.hadoop.ozone.om.KeyManagerImpl.getFileStatus(KeyManagerImpl.java:1116) ~[ozone-manager-1.4.0-SNAPSHOT.jar:?]
	at org.apache.hadoop.ozone.om.KeyManagerImpl.listStatus(KeyManagerImpl.java:1521) ~[ozone-manager-1.4.0-SNAPSHOT.jar:?]
	at org.apache.hadoop.ozone.om.OmMetadataReader.listStatus(OmMetadataReader.java:239) ~[ozone-manager-1.4.0-SNAPSHOT.jar:?]
	at org.apache.hadoop.ozone.om.OzoneManager.listStatus(OzoneManager.java:3582) ~[ozone-manager-1.4.0-SNAPSHOT.jar:?]
	at org.apache.hadoop.ozone.protocolPB.OzoneManagerRequestHandler.listStatus(OzoneManagerRequestHandler.java:1170) ~[ozone-manager-1.4.0-SNAPSHOT.jar:?]
	at org.apache.hadoop.ozone.protocolPB.OzoneManagerRequestHandler.handleReadRequest(OzoneManagerRequestHandler.java:270) ~[ozone-manager-1.4.0-SNAPSHOT.jar:?]
	at org.apache.hadoop.ozone.protocolPB.OzoneManagerProtocolServerSideTranslatorPB.submitRequestDirectlyToOM(OzoneManagerProtocolServerSideTranslatorPB.java:274) ~[ozone-manager-1.4.0-SNAPSHOT.jar:?]
	at org.apache.hadoop.ozone.protocolPB.OzoneManagerProtocolServerSideTranslatorPB.processRequest(OzoneManagerProtocolServerSideTranslatorPB.java:175) ~[ozone-manager-1.4.0-SNAPSHOT.jar:?]
	at org.apache.hadoop.hdds.server.OzoneProtocolMessageDispatcher.processRequest(OzoneProtocolMessageDispatcher.java:87) [hdds-server-framework-1.4.0-SNAPSHOT.jar:?]
	at org.apache.hadoop.ozone.protocolPB.OzoneManagerProtocolServerSideTranslatorPB.submitRequest(OzoneManagerProtocolServerSideTranslatorPB.java:148) [ozone-manager-1.4.0-SNAPSHOT.jar:?]
	at org.apache.hadoop.ozone.protocol.proto.OzoneManagerProtocolProtos$OzoneManagerService$2.callBlockingMethod(OzoneManagerProtocolProtos.java) [ozone-interface-client-1.4.0-SNAPSHOT.jar:?]
	at org.apache.hadoop.ipc.ProtobufRpcEngine$Server.processCall(ProtobufRpcEngine.java:484) [hadoop-common-3.3.6.jar:?]
	at org.apache.hadoop.ipc.ProtobufRpcEngine2$Server$ProtoBufRpcInvoker.call(ProtobufRpcEngine2.java:595) [hadoop-common-3.3.6.jar:?]
	at org.apache.hadoop.ipc.ProtobufRpcEngine2$Server$ProtoBufRpcInvoker.call(ProtobufRpcEngine2.java:573) [hadoop-common-3.3.6.jar:?]
	at org.apache.hadoop.ipc.RPC$Server.call(RPC.java:1227) [hadoop-common-3.3.6.jar:?]
	at org.apache.hadoop.ipc.Server$RpcCall.run(Server.java:1094) [hadoop-common-3.3.6.jar:?]
	at org.apache.hadoop.ipc.Server$RpcCall.run(Server.java:1017) [hadoop-common-3.3.6.jar:?]
	at java.security.AccessController.doPrivileged(Native Method) ~[?:1.8.0_382]
	at javax.security.auth.Subject.doAs(Subject.java:422) [?:1.8.0_382]
	at org.apache.hadoop.security.UserGroupInformation.doAs(UserGroupInformation.java:1899) [hadoop-common-3.3.6.jar:?]
	at org.apache.hadoop.ipc.Server$Handler.run(Server.java:3048) [hadoop-common-3.3.6.jar:?]
]]></system-out>
  </testcase>
  <testcase name="testListStatusOnSubDirs" classname="TestOzoneFileSystem" time="0.079"/>
  <testcase name="testListStatusOnSubDirs" classname="TestOzoneFileSystem" time="0.027"/>
  <testcase name="testListStatusOnSubDirs" classname="TestOzoneFileSystem" time="0.023"/>
  <testcase name="testListStatusOnSubDirs" classname="TestOzoneFileSystem" time="0.019"/>
  <testcase name="testListStatus" classname="TestOzoneFileSystem" time="0.095"/>
  <testcase name="testListStatus" classname="TestOzoneFileSystem" time="0.039"/>
  <testcase name="testListStatus" classname="TestOzoneFileSystem" time="0.042"/>
  <testcase name="testListStatus" classname="TestOzoneFileSystem" time="0.029"/>
  <testcase name="testRecursiveDelete" classname="TestOzoneFileSystem" time="0.446">
    <system-out><![CDATA[12:56:06.760 [IPC Server handler 3 on default port 15004] ERROR OMAudit - user=runner | ip=127.0.0.1 | op=GET_FILE_STATUS {volume=volume53983, bucket=bucket27347, key=gdir1, dataSize=0, replicationConfig=null} | ret=FAILURE
org.apache.hadoop.ozone.om.exceptions.OMException: Unable to get file status: volume: volume53983 bucket: bucket27347 key: gdir1
	at org.apache.hadoop.ozone.om.KeyManagerImpl.getOzoneFileStatus(KeyManagerImpl.java:1198) ~[ozone-manager-1.4.0-SNAPSHOT.jar:?]
	at org.apache.hadoop.ozone.om.KeyManagerImpl.getFileStatus(KeyManagerImpl.java:1116) ~[ozone-manager-1.4.0-SNAPSHOT.jar:?]
	at org.apache.hadoop.ozone.om.OmMetadataReader.getFileStatus(OmMetadataReader.java:266) ~[ozone-manager-1.4.0-SNAPSHOT.jar:?]
	at org.apache.hadoop.ozone.om.OzoneManager.getFileStatus(OzoneManager.java:3552) ~[ozone-manager-1.4.0-SNAPSHOT.jar:?]
	at org.apache.hadoop.ozone.protocolPB.OzoneManagerRequestHandler.getOzoneFileStatus(OzoneManagerRequestHandler.java:998) ~[ozone-manager-1.4.0-SNAPSHOT.jar:?]
	at org.apache.hadoop.ozone.protocolPB.OzoneManagerRequestHandler.handleReadRequest(OzoneManagerRequestHandler.java:259) ~[ozone-manager-1.4.0-SNAPSHOT.jar:?]
	at org.apache.hadoop.ozone.protocolPB.OzoneManagerProtocolServerSideTranslatorPB.submitReadRequestToOM(OzoneManagerProtocolServerSideTranslatorPB.java:225) ~[ozone-manager-1.4.0-SNAPSHOT.jar:?]
	at org.apache.hadoop.ozone.protocolPB.OzoneManagerProtocolServerSideTranslatorPB.processRequest(OzoneManagerProtocolServerSideTranslatorPB.java:179) ~[ozone-manager-1.4.0-SNAPSHOT.jar:?]
	at org.apache.hadoop.hdds.server.OzoneProtocolMessageDispatcher.processRequest(OzoneProtocolMessageDispatcher.java:87) [hdds-server-framework-1.4.0-SNAPSHOT.jar:?]
	at org.apache.hadoop.ozone.protocolPB.OzoneManagerProtocolServerSideTranslatorPB.submitRequest(OzoneManagerProtocolServerSideTranslatorPB.java:148) [ozone-manager-1.4.0-SNAPSHOT.jar:?]
	at org.apache.hadoop.ozone.protocol.proto.OzoneManagerProtocolProtos$OzoneManagerService$2.callBlockingMethod(OzoneManagerProtocolProtos.java) [ozone-interface-client-1.4.0-SNAPSHOT.jar:?]
	at org.apache.hadoop.ipc.ProtobufRpcEngine$Server.processCall(ProtobufRpcEngine.java:484) [hadoop-common-3.3.6.jar:?]
	at org.apache.hadoop.ipc.ProtobufRpcEngine2$Server$ProtoBufRpcInvoker.call(ProtobufRpcEngine2.java:595) [hadoop-common-3.3.6.jar:?]
	at org.apache.hadoop.ipc.ProtobufRpcEngine2$Server$ProtoBufRpcInvoker.call(ProtobufRpcEngine2.java:573) [hadoop-common-3.3.6.jar:?]
	at org.apache.hadoop.ipc.RPC$Server.call(RPC.java:1227) [hadoop-common-3.3.6.jar:?]
	at org.apache.hadoop.ipc.Server$RpcCall.run(Server.java:1094) [hadoop-common-3.3.6.jar:?]
	at org.apache.hadoop.ipc.Server$RpcCall.run(Server.java:1017) [hadoop-common-3.3.6.jar:?]
	at java.security.AccessController.doPrivileged(Native Method) ~[?:1.8.0_382]
	at javax.security.auth.Subject.doAs(Subject.java:422) [?:1.8.0_382]
	at org.apache.hadoop.security.UserGroupInformation.doAs(UserGroupInformation.java:1899) [hadoop-common-3.3.6.jar:?]
	at org.apache.hadoop.ipc.Server$Handler.run(Server.java:3048) [hadoop-common-3.3.6.jar:?]
12:56:06.762 [IPC Server handler 13 on default port 15004] ERROR OMAudit - user=runner | ip=127.0.0.1 | op=GET_FILE_STATUS {volume=volume53983, bucket=bucket27347, key=gdir1/dir1, dataSize=0, replicationConfig=null} | ret=FAILURE
org.apache.hadoop.ozone.om.exceptions.OMException: Unable to get file status: volume: volume53983 bucket: bucket27347 key: gdir1/dir1
	at org.apache.hadoop.ozone.om.KeyManagerImpl.getOzoneFileStatus(KeyManagerImpl.java:1198) ~[ozone-manager-1.4.0-SNAPSHOT.jar:?]
	at org.apache.hadoop.ozone.om.KeyManagerImpl.getFileStatus(KeyManagerImpl.java:1116) ~[ozone-manager-1.4.0-SNAPSHOT.jar:?]
	at org.apache.hadoop.ozone.om.OmMetadataReader.getFileStatus(OmMetadataReader.java:266) ~[ozone-manager-1.4.0-SNAPSHOT.jar:?]
	at org.apache.hadoop.ozone.om.OzoneManager.getFileStatus(OzoneManager.java:3552) ~[ozone-manager-1.4.0-SNAPSHOT.jar:?]
	at org.apache.hadoop.ozone.protocolPB.OzoneManagerRequestHandler.getOzoneFileStatus(OzoneManagerRequestHandler.java:998) ~[ozone-manager-1.4.0-SNAPSHOT.jar:?]
	at org.apache.hadoop.ozone.protocolPB.OzoneManagerRequestHandler.handleReadRequest(OzoneManagerRequestHandler.java:259) ~[ozone-manager-1.4.0-SNAPSHOT.jar:?]
	at org.apache.hadoop.ozone.protocolPB.OzoneManagerProtocolServerSideTranslatorPB.submitReadRequestToOM(OzoneManagerProtocolServerSideTranslatorPB.java:225) ~[ozone-manager-1.4.0-SNAPSHOT.jar:?]
	at org.apache.hadoop.ozone.protocolPB.OzoneManagerProtocolServerSideTranslatorPB.processRequest(OzoneManagerProtocolServerSideTranslatorPB.java:179) ~[ozone-manager-1.4.0-SNAPSHOT.jar:?]
	at org.apache.hadoop.hdds.server.OzoneProtocolMessageDispatcher.processRequest(OzoneProtocolMessageDispatcher.java:87) [hdds-server-framework-1.4.0-SNAPSHOT.jar:?]
	at org.apache.hadoop.ozone.protocolPB.OzoneManagerProtocolServerSideTranslatorPB.submitRequest(OzoneManagerProtocolServerSideTranslatorPB.java:148) [ozone-manager-1.4.0-SNAPSHOT.jar:?]
	at org.apache.hadoop.ozone.protocol.proto.OzoneManagerProtocolProtos$OzoneManagerService$2.callBlockingMethod(OzoneManagerProtocolProtos.java) [ozone-interface-client-1.4.0-SNAPSHOT.jar:?]
	at org.apache.hadoop.ipc.ProtobufRpcEngine$Server.processCall(ProtobufRpcEngine.java:484) [hadoop-common-3.3.6.jar:?]
	at org.apache.hadoop.ipc.ProtobufRpcEngine2$Server$ProtoBufRpcInvoker.call(ProtobufRpcEngine2.java:595) [hadoop-common-3.3.6.jar:?]
	at org.apache.hadoop.ipc.ProtobufRpcEngine2$Server$ProtoBufRpcInvoker.call(ProtobufRpcEngine2.java:573) [hadoop-common-3.3.6.jar:?]
	at org.apache.hadoop.ipc.RPC$Server.call(RPC.java:1227) [hadoop-common-3.3.6.jar:?]
	at org.apache.hadoop.ipc.Server$RpcCall.run(Server.java:1094) [hadoop-common-3.3.6.jar:?]
	at org.apache.hadoop.ipc.Server$RpcCall.run(Server.java:1017) [hadoop-common-3.3.6.jar:?]
	at java.security.AccessController.doPrivileged(Native Method) ~[?:1.8.0_382]
	at javax.security.auth.Subject.doAs(Subject.java:422) [?:1.8.0_382]
	at org.apache.hadoop.security.UserGroupInformation.doAs(UserGroupInformation.java:1899) [hadoop-common-3.3.6.jar:?]
	at org.apache.hadoop.ipc.Server$Handler.run(Server.java:3048) [hadoop-common-3.3.6.jar:?]
12:56:06.764 [IPC Server handler 11 on default port 15004] ERROR OMAudit - user=runner | ip=127.0.0.1 | op=GET_FILE_STATUS {volume=volume53983, bucket=bucket27347, key=gdir1/dir1/child, dataSize=0, replicationConfig=null} | ret=FAILURE
org.apache.hadoop.ozone.om.exceptions.OMException: Unable to get file status: volume: volume53983 bucket: bucket27347 key: gdir1/dir1/child
	at org.apache.hadoop.ozone.om.KeyManagerImpl.getOzoneFileStatus(KeyManagerImpl.java:1198) ~[ozone-manager-1.4.0-SNAPSHOT.jar:?]
	at org.apache.hadoop.ozone.om.KeyManagerImpl.getFileStatus(KeyManagerImpl.java:1116) ~[ozone-manager-1.4.0-SNAPSHOT.jar:?]
	at org.apache.hadoop.ozone.om.OmMetadataReader.getFileStatus(OmMetadataReader.java:266) ~[ozone-manager-1.4.0-SNAPSHOT.jar:?]
	at org.apache.hadoop.ozone.om.OzoneManager.getFileStatus(OzoneManager.java:3552) ~[ozone-manager-1.4.0-SNAPSHOT.jar:?]
	at org.apache.hadoop.ozone.protocolPB.OzoneManagerRequestHandler.getOzoneFileStatus(OzoneManagerRequestHandler.java:998) ~[ozone-manager-1.4.0-SNAPSHOT.jar:?]
	at org.apache.hadoop.ozone.protocolPB.OzoneManagerRequestHandler.handleReadRequest(OzoneManagerRequestHandler.java:259) ~[ozone-manager-1.4.0-SNAPSHOT.jar:?]
	at org.apache.hadoop.ozone.protocolPB.OzoneManagerProtocolServerSideTranslatorPB.submitReadRequestToOM(OzoneManagerProtocolServerSideTranslatorPB.java:225) ~[ozone-manager-1.4.0-SNAPSHOT.jar:?]
	at org.apache.hadoop.ozone.protocolPB.OzoneManagerProtocolServerSideTranslatorPB.processRequest(OzoneManagerProtocolServerSideTranslatorPB.java:179) ~[ozone-manager-1.4.0-SNAPSHOT.jar:?]
	at org.apache.hadoop.hdds.server.OzoneProtocolMessageDispatcher.processRequest(OzoneProtocolMessageDispatcher.java:87) [hdds-server-framework-1.4.0-SNAPSHOT.jar:?]
	at org.apache.hadoop.ozone.protocolPB.OzoneManagerProtocolServerSideTranslatorPB.submitRequest(OzoneManagerProtocolServerSideTranslatorPB.java:148) [ozone-manager-1.4.0-SNAPSHOT.jar:?]
	at org.apache.hadoop.ozone.protocol.proto.OzoneManagerProtocolProtos$OzoneManagerService$2.callBlockingMethod(OzoneManagerProtocolProtos.java) [ozone-interface-client-1.4.0-SNAPSHOT.jar:?]
	at org.apache.hadoop.ipc.ProtobufRpcEngine$Server.processCall(ProtobufRpcEngine.java:484) [hadoop-common-3.3.6.jar:?]
	at org.apache.hadoop.ipc.ProtobufRpcEngine2$Server$ProtoBufRpcInvoker.call(ProtobufRpcEngine2.java:595) [hadoop-common-3.3.6.jar:?]
	at org.apache.hadoop.ipc.ProtobufRpcEngine2$Server$ProtoBufRpcInvoker.call(ProtobufRpcEngine2.java:573) [hadoop-common-3.3.6.jar:?]
	at org.apache.hadoop.ipc.RPC$Server.call(RPC.java:1227) [hadoop-common-3.3.6.jar:?]
	at org.apache.hadoop.ipc.Server$RpcCall.run(Server.java:1094) [hadoop-common-3.3.6.jar:?]
	at org.apache.hadoop.ipc.Server$RpcCall.run(Server.java:1017) [hadoop-common-3.3.6.jar:?]
	at java.security.AccessController.doPrivileged(Native Method) ~[?:1.8.0_382]
	at javax.security.auth.Subject.doAs(Subject.java:422) [?:1.8.0_382]
	at org.apache.hadoop.security.UserGroupInformation.doAs(UserGroupInformation.java:1899) [hadoop-common-3.3.6.jar:?]
	at org.apache.hadoop.ipc.Server$Handler.run(Server.java:3048) [hadoop-common-3.3.6.jar:?]
12:56:06.767 [IPC Server handler 9 on default port 15004] ERROR OMAudit - user=runner | ip=127.0.0.1 | op=GET_FILE_STATUS {volume=volume53983, bucket=bucket27347, key=gdir1/dir2, dataSize=0, replicationConfig=null} | ret=FAILURE
org.apache.hadoop.ozone.om.exceptions.OMException: Unable to get file status: volume: volume53983 bucket: bucket27347 key: gdir1/dir2
	at org.apache.hadoop.ozone.om.KeyManagerImpl.getOzoneFileStatus(KeyManagerImpl.java:1198) ~[ozone-manager-1.4.0-SNAPSHOT.jar:?]
	at org.apache.hadoop.ozone.om.KeyManagerImpl.getFileStatus(KeyManagerImpl.java:1116) ~[ozone-manager-1.4.0-SNAPSHOT.jar:?]
	at org.apache.hadoop.ozone.om.OmMetadataReader.getFileStatus(OmMetadataReader.java:266) ~[ozone-manager-1.4.0-SNAPSHOT.jar:?]
	at org.apache.hadoop.ozone.om.OzoneManager.getFileStatus(OzoneManager.java:3552) ~[ozone-manager-1.4.0-SNAPSHOT.jar:?]
	at org.apache.hadoop.ozone.protocolPB.OzoneManagerRequestHandler.getOzoneFileStatus(OzoneManagerRequestHandler.java:998) ~[ozone-manager-1.4.0-SNAPSHOT.jar:?]
	at org.apache.hadoop.ozone.protocolPB.OzoneManagerRequestHandler.handleReadRequest(OzoneManagerRequestHandler.java:259) ~[ozone-manager-1.4.0-SNAPSHOT.jar:?]
	at org.apache.hadoop.ozone.protocolPB.OzoneManagerProtocolServerSideTranslatorPB.submitReadRequestToOM(OzoneManagerProtocolServerSideTranslatorPB.java:225) ~[ozone-manager-1.4.0-SNAPSHOT.jar:?]
	at org.apache.hadoop.ozone.protocolPB.OzoneManagerProtocolServerSideTranslatorPB.processRequest(OzoneManagerProtocolServerSideTranslatorPB.java:179) ~[ozone-manager-1.4.0-SNAPSHOT.jar:?]
	at org.apache.hadoop.hdds.server.OzoneProtocolMessageDispatcher.processRequest(OzoneProtocolMessageDispatcher.java:87) [hdds-server-framework-1.4.0-SNAPSHOT.jar:?]
	at org.apache.hadoop.ozone.protocolPB.OzoneManagerProtocolServerSideTranslatorPB.submitRequest(OzoneManagerProtocolServerSideTranslatorPB.java:148) [ozone-manager-1.4.0-SNAPSHOT.jar:?]
	at org.apache.hadoop.ozone.protocol.proto.OzoneManagerProtocolProtos$OzoneManagerService$2.callBlockingMethod(OzoneManagerProtocolProtos.java) [ozone-interface-client-1.4.0-SNAPSHOT.jar:?]
	at org.apache.hadoop.ipc.ProtobufRpcEngine$Server.processCall(ProtobufRpcEngine.java:484) [hadoop-common-3.3.6.jar:?]
	at org.apache.hadoop.ipc.ProtobufRpcEngine2$Server$ProtoBufRpcInvoker.call(ProtobufRpcEngine2.java:595) [hadoop-common-3.3.6.jar:?]
	at org.apache.hadoop.ipc.ProtobufRpcEngine2$Server$ProtoBufRpcInvoker.call(ProtobufRpcEngine2.java:573) [hadoop-common-3.3.6.jar:?]
	at org.apache.hadoop.ipc.RPC$Server.call(RPC.java:1227) [hadoop-common-3.3.6.jar:?]
	at org.apache.hadoop.ipc.Server$RpcCall.run(Server.java:1094) [hadoop-common-3.3.6.jar:?]
	at org.apache.hadoop.ipc.Server$RpcCall.run(Server.java:1017) [hadoop-common-3.3.6.jar:?]
	at java.security.AccessController.doPrivileged(Native Method) ~[?:1.8.0_382]
	at javax.security.auth.Subject.doAs(Subject.java:422) [?:1.8.0_382]
	at org.apache.hadoop.security.UserGroupInformation.doAs(UserGroupInformation.java:1899) [hadoop-common-3.3.6.jar:?]
	at org.apache.hadoop.ipc.Server$Handler.run(Server.java:3048) [hadoop-common-3.3.6.jar:?]
12:56:06.769 [IPC Server handler 8 on default port 15004] ERROR OMAudit - user=runner | ip=127.0.0.1 | op=GET_FILE_STATUS {volume=volume53983, bucket=bucket27347, key=gdir1/dir2/child, dataSize=0, replicationConfig=null} | ret=FAILURE
org.apache.hadoop.ozone.om.exceptions.OMException: Unable to get file status: volume: volume53983 bucket: bucket27347 key: gdir1/dir2/child
	at org.apache.hadoop.ozone.om.KeyManagerImpl.getOzoneFileStatus(KeyManagerImpl.java:1198) ~[ozone-manager-1.4.0-SNAPSHOT.jar:?]
	at org.apache.hadoop.ozone.om.KeyManagerImpl.getFileStatus(KeyManagerImpl.java:1116) ~[ozone-manager-1.4.0-SNAPSHOT.jar:?]
	at org.apache.hadoop.ozone.om.OmMetadataReader.getFileStatus(OmMetadataReader.java:266) ~[ozone-manager-1.4.0-SNAPSHOT.jar:?]
	at org.apache.hadoop.ozone.om.OzoneManager.getFileStatus(OzoneManager.java:3552) ~[ozone-manager-1.4.0-SNAPSHOT.jar:?]
	at org.apache.hadoop.ozone.protocolPB.OzoneManagerRequestHandler.getOzoneFileStatus(OzoneManagerRequestHandler.java:998) ~[ozone-manager-1.4.0-SNAPSHOT.jar:?]
	at org.apache.hadoop.ozone.protocolPB.OzoneManagerRequestHandler.handleReadRequest(OzoneManagerRequestHandler.java:259) ~[ozone-manager-1.4.0-SNAPSHOT.jar:?]
	at org.apache.hadoop.ozone.protocolPB.OzoneManagerProtocolServerSideTranslatorPB.submitReadRequestToOM(OzoneManagerProtocolServerSideTranslatorPB.java:225) ~[ozone-manager-1.4.0-SNAPSHOT.jar:?]
	at org.apache.hadoop.ozone.protocolPB.OzoneManagerProtocolServerSideTranslatorPB.processRequest(OzoneManagerProtocolServerSideTranslatorPB.java:179) ~[ozone-manager-1.4.0-SNAPSHOT.jar:?]
	at org.apache.hadoop.hdds.server.OzoneProtocolMessageDispatcher.processRequest(OzoneProtocolMessageDispatcher.java:87) [hdds-server-framework-1.4.0-SNAPSHOT.jar:?]
	at org.apache.hadoop.ozone.protocolPB.OzoneManagerProtocolServerSideTranslatorPB.submitRequest(OzoneManagerProtocolServerSideTranslatorPB.java:148) [ozone-manager-1.4.0-SNAPSHOT.jar:?]
	at org.apache.hadoop.ozone.protocol.proto.OzoneManagerProtocolProtos$OzoneManagerService$2.callBlockingMethod(OzoneManagerProtocolProtos.java) [ozone-interface-client-1.4.0-SNAPSHOT.jar:?]
	at org.apache.hadoop.ipc.ProtobufRpcEngine$Server.processCall(ProtobufRpcEngine.java:484) [hadoop-common-3.3.6.jar:?]
	at org.apache.hadoop.ipc.ProtobufRpcEngine2$Server$ProtoBufRpcInvoker.call(ProtobufRpcEngine2.java:595) [hadoop-common-3.3.6.jar:?]
	at org.apache.hadoop.ipc.ProtobufRpcEngine2$Server$ProtoBufRpcInvoker.call(ProtobufRpcEngine2.java:573) [hadoop-common-3.3.6.jar:?]
	at org.apache.hadoop.ipc.RPC$Server.call(RPC.java:1227) [hadoop-common-3.3.6.jar:?]
	at org.apache.hadoop.ipc.Server$RpcCall.run(Server.java:1094) [hadoop-common-3.3.6.jar:?]
	at org.apache.hadoop.ipc.Server$RpcCall.run(Server.java:1017) [hadoop-common-3.3.6.jar:?]
	at java.security.AccessController.doPrivileged(Native Method) ~[?:1.8.0_382]
	at javax.security.auth.Subject.doAs(Subject.java:422) [?:1.8.0_382]
	at org.apache.hadoop.security.UserGroupInformation.doAs(UserGroupInformation.java:1899) [hadoop-common-3.3.6.jar:?]
	at org.apache.hadoop.ipc.Server$Handler.run(Server.java:3048) [hadoop-common-3.3.6.jar:?]
12:56:06.771 [IPC Server handler 6 on default port 15004] ERROR OMAudit - user=runner | ip=127.0.0.1 | op=GET_FILE_STATUS {volume=volume53983, bucket=bucket27347, key=gdir1/dir3, dataSize=0, replicationConfig=null} | ret=FAILURE
org.apache.hadoop.ozone.om.exceptions.OMException: Unable to get file status: volume: volume53983 bucket: bucket27347 key: gdir1/dir3
	at org.apache.hadoop.ozone.om.KeyManagerImpl.getOzoneFileStatus(KeyManagerImpl.java:1198) ~[ozone-manager-1.4.0-SNAPSHOT.jar:?]
	at org.apache.hadoop.ozone.om.KeyManagerImpl.getFileStatus(KeyManagerImpl.java:1116) ~[ozone-manager-1.4.0-SNAPSHOT.jar:?]
	at org.apache.hadoop.ozone.om.OmMetadataReader.getFileStatus(OmMetadataReader.java:266) ~[ozone-manager-1.4.0-SNAPSHOT.jar:?]
	at org.apache.hadoop.ozone.om.OzoneManager.getFileStatus(OzoneManager.java:3552) ~[ozone-manager-1.4.0-SNAPSHOT.jar:?]
	at org.apache.hadoop.ozone.protocolPB.OzoneManagerRequestHandler.getOzoneFileStatus(OzoneManagerRequestHandler.java:998) ~[ozone-manager-1.4.0-SNAPSHOT.jar:?]
	at org.apache.hadoop.ozone.protocolPB.OzoneManagerRequestHandler.handleReadRequest(OzoneManagerRequestHandler.java:259) ~[ozone-manager-1.4.0-SNAPSHOT.jar:?]
	at org.apache.hadoop.ozone.protocolPB.OzoneManagerProtocolServerSideTranslatorPB.submitReadRequestToOM(OzoneManagerProtocolServerSideTranslatorPB.java:225) ~[ozone-manager-1.4.0-SNAPSHOT.jar:?]
	at org.apache.hadoop.ozone.protocolPB.OzoneManagerProtocolServerSideTranslatorPB.processRequest(OzoneManagerProtocolServerSideTranslatorPB.java:179) ~[ozone-manager-1.4.0-SNAPSHOT.jar:?]
	at org.apache.hadoop.hdds.server.OzoneProtocolMessageDispatcher.processRequest(OzoneProtocolMessageDispatcher.java:87) [hdds-server-framework-1.4.0-SNAPSHOT.jar:?]
	at org.apache.hadoop.ozone.protocolPB.OzoneManagerProtocolServerSideTranslatorPB.submitRequest(OzoneManagerProtocolServerSideTranslatorPB.java:148) [ozone-manager-1.4.0-SNAPSHOT.jar:?]
	at org.apache.hadoop.ozone.protocol.proto.OzoneManagerProtocolProtos$OzoneManagerService$2.callBlockingMethod(OzoneManagerProtocolProtos.java) [ozone-interface-client-1.4.0-SNAPSHOT.jar:?]
	at org.apache.hadoop.ipc.ProtobufRpcEngine$Server.processCall(ProtobufRpcEngine.java:484) [hadoop-common-3.3.6.jar:?]
	at org.apache.hadoop.ipc.ProtobufRpcEngine2$Server$ProtoBufRpcInvoker.call(ProtobufRpcEngine2.java:595) [hadoop-common-3.3.6.jar:?]
	at org.apache.hadoop.ipc.ProtobufRpcEngine2$Server$ProtoBufRpcInvoker.call(ProtobufRpcEngine2.java:573) [hadoop-common-3.3.6.jar:?]
	at org.apache.hadoop.ipc.RPC$Server.call(RPC.java:1227) [hadoop-common-3.3.6.jar:?]
	at org.apache.hadoop.ipc.Server$RpcCall.run(Server.java:1094) [hadoop-common-3.3.6.jar:?]
	at org.apache.hadoop.ipc.Server$RpcCall.run(Server.java:1017) [hadoop-common-3.3.6.jar:?]
	at java.security.AccessController.doPrivileged(Native Method) ~[?:1.8.0_382]
	at javax.security.auth.Subject.doAs(Subject.java:422) [?:1.8.0_382]
	at org.apache.hadoop.security.UserGroupInformation.doAs(UserGroupInformation.java:1899) [hadoop-common-3.3.6.jar:?]
	at org.apache.hadoop.ipc.Server$Handler.run(Server.java:3048) [hadoop-common-3.3.6.jar:?]
12:56:06.773 [IPC Server handler 17 on default port 15004] ERROR OMAudit - user=runner | ip=127.0.0.1 | op=GET_FILE_STATUS {volume=volume53983, bucket=bucket27347, key=gdir1/dir3/child, dataSize=0, replicationConfig=null} | ret=FAILURE
org.apache.hadoop.ozone.om.exceptions.OMException: Unable to get file status: volume: volume53983 bucket: bucket27347 key: gdir1/dir3/child
	at org.apache.hadoop.ozone.om.KeyManagerImpl.getOzoneFileStatus(KeyManagerImpl.java:1198) ~[ozone-manager-1.4.0-SNAPSHOT.jar:?]
	at org.apache.hadoop.ozone.om.KeyManagerImpl.getFileStatus(KeyManagerImpl.java:1116) ~[ozone-manager-1.4.0-SNAPSHOT.jar:?]
	at org.apache.hadoop.ozone.om.OmMetadataReader.getFileStatus(OmMetadataReader.java:266) ~[ozone-manager-1.4.0-SNAPSHOT.jar:?]
	at org.apache.hadoop.ozone.om.OzoneManager.getFileStatus(OzoneManager.java:3552) ~[ozone-manager-1.4.0-SNAPSHOT.jar:?]
	at org.apache.hadoop.ozone.protocolPB.OzoneManagerRequestHandler.getOzoneFileStatus(OzoneManagerRequestHandler.java:998) ~[ozone-manager-1.4.0-SNAPSHOT.jar:?]
	at org.apache.hadoop.ozone.protocolPB.OzoneManagerRequestHandler.handleReadRequest(OzoneManagerRequestHandler.java:259) ~[ozone-manager-1.4.0-SNAPSHOT.jar:?]
	at org.apache.hadoop.ozone.protocolPB.OzoneManagerProtocolServerSideTranslatorPB.submitReadRequestToOM(OzoneManagerProtocolServerSideTranslatorPB.java:225) ~[ozone-manager-1.4.0-SNAPSHOT.jar:?]
	at org.apache.hadoop.ozone.protocolPB.OzoneManagerProtocolServerSideTranslatorPB.processRequest(OzoneManagerProtocolServerSideTranslatorPB.java:179) ~[ozone-manager-1.4.0-SNAPSHOT.jar:?]
	at org.apache.hadoop.hdds.server.OzoneProtocolMessageDispatcher.processRequest(OzoneProtocolMessageDispatcher.java:87) [hdds-server-framework-1.4.0-SNAPSHOT.jar:?]
	at org.apache.hadoop.ozone.protocolPB.OzoneManagerProtocolServerSideTranslatorPB.submitRequest(OzoneManagerProtocolServerSideTranslatorPB.java:148) [ozone-manager-1.4.0-SNAPSHOT.jar:?]
	at org.apache.hadoop.ozone.protocol.proto.OzoneManagerProtocolProtos$OzoneManagerService$2.callBlockingMethod(OzoneManagerProtocolProtos.java) [ozone-interface-client-1.4.0-SNAPSHOT.jar:?]
	at org.apache.hadoop.ipc.ProtobufRpcEngine$Server.processCall(ProtobufRpcEngine.java:484) [hadoop-common-3.3.6.jar:?]
	at org.apache.hadoop.ipc.ProtobufRpcEngine2$Server$ProtoBufRpcInvoker.call(ProtobufRpcEngine2.java:595) [hadoop-common-3.3.6.jar:?]
	at org.apache.hadoop.ipc.ProtobufRpcEngine2$Server$ProtoBufRpcInvoker.call(ProtobufRpcEngine2.java:573) [hadoop-common-3.3.6.jar:?]
	at org.apache.hadoop.ipc.RPC$Server.call(RPC.java:1227) [hadoop-common-3.3.6.jar:?]
	at org.apache.hadoop.ipc.Server$RpcCall.run(Server.java:1094) [hadoop-common-3.3.6.jar:?]
	at org.apache.hadoop.ipc.Server$RpcCall.run(Server.java:1017) [hadoop-common-3.3.6.jar:?]
	at java.security.AccessController.doPrivileged(Native Method) ~[?:1.8.0_382]
	at javax.security.auth.Subject.doAs(Subject.java:422) [?:1.8.0_382]
	at org.apache.hadoop.security.UserGroupInformation.doAs(UserGroupInformation.java:1899) [hadoop-common-3.3.6.jar:?]
	at org.apache.hadoop.ipc.Server$Handler.run(Server.java:3048) [hadoop-common-3.3.6.jar:?]
12:56:06.774 [IPC Server handler 2 on default port 15004] ERROR OMAudit - user=runner | ip=127.0.0.1 | op=GET_FILE_STATUS {volume=volume53983, bucket=bucket27347, key=gdir1/dir4, dataSize=0, replicationConfig=null} | ret=FAILURE
org.apache.hadoop.ozone.om.exceptions.OMException: Unable to get file status: volume: volume53983 bucket: bucket27347 key: gdir1/dir4
	at org.apache.hadoop.ozone.om.KeyManagerImpl.getOzoneFileStatus(KeyManagerImpl.java:1198) ~[ozone-manager-1.4.0-SNAPSHOT.jar:?]
	at org.apache.hadoop.ozone.om.KeyManagerImpl.getFileStatus(KeyManagerImpl.java:1116) ~[ozone-manager-1.4.0-SNAPSHOT.jar:?]
	at org.apache.hadoop.ozone.om.OmMetadataReader.getFileStatus(OmMetadataReader.java:266) ~[ozone-manager-1.4.0-SNAPSHOT.jar:?]
	at org.apache.hadoop.ozone.om.OzoneManager.getFileStatus(OzoneManager.java:3552) ~[ozone-manager-1.4.0-SNAPSHOT.jar:?]
	at org.apache.hadoop.ozone.protocolPB.OzoneManagerRequestHandler.getOzoneFileStatus(OzoneManagerRequestHandler.java:998) ~[ozone-manager-1.4.0-SNAPSHOT.jar:?]
	at org.apache.hadoop.ozone.protocolPB.OzoneManagerRequestHandler.handleReadRequest(OzoneManagerRequestHandler.java:259) ~[ozone-manager-1.4.0-SNAPSHOT.jar:?]
	at org.apache.hadoop.ozone.protocolPB.OzoneManagerProtocolServerSideTranslatorPB.submitReadRequestToOM(OzoneManagerProtocolServerSideTranslatorPB.java:225) ~[ozone-manager-1.4.0-SNAPSHOT.jar:?]
	at org.apache.hadoop.ozone.protocolPB.OzoneManagerProtocolServerSideTranslatorPB.processRequest(OzoneManagerProtocolServerSideTranslatorPB.java:179) ~[ozone-manager-1.4.0-SNAPSHOT.jar:?]
	at org.apache.hadoop.hdds.server.OzoneProtocolMessageDispatcher.processRequest(OzoneProtocolMessageDispatcher.java:87) [hdds-server-framework-1.4.0-SNAPSHOT.jar:?]
	at org.apache.hadoop.ozone.protocolPB.OzoneManagerProtocolServerSideTranslatorPB.submitRequest(OzoneManagerProtocolServerSideTranslatorPB.java:148) [ozone-manager-1.4.0-SNAPSHOT.jar:?]
	at org.apache.hadoop.ozone.protocol.proto.OzoneManagerProtocolProtos$OzoneManagerService$2.callBlockingMethod(OzoneManagerProtocolProtos.java) [ozone-interface-client-1.4.0-SNAPSHOT.jar:?]
	at org.apache.hadoop.ipc.ProtobufRpcEngine$Server.processCall(ProtobufRpcEngine.java:484) [hadoop-common-3.3.6.jar:?]
	at org.apache.hadoop.ipc.ProtobufRpcEngine2$Server$ProtoBufRpcInvoker.call(ProtobufRpcEngine2.java:595) [hadoop-common-3.3.6.jar:?]
	at org.apache.hadoop.ipc.ProtobufRpcEngine2$Server$ProtoBufRpcInvoker.call(ProtobufRpcEngine2.java:573) [hadoop-common-3.3.6.jar:?]
	at org.apache.hadoop.ipc.RPC$Server.call(RPC.java:1227) [hadoop-common-3.3.6.jar:?]
	at org.apache.hadoop.ipc.Server$RpcCall.run(Server.java:1094) [hadoop-common-3.3.6.jar:?]
	at org.apache.hadoop.ipc.Server$RpcCall.run(Server.java:1017) [hadoop-common-3.3.6.jar:?]
	at java.security.AccessController.doPrivileged(Native Method) ~[?:1.8.0_382]
	at javax.security.auth.Subject.doAs(Subject.java:422) [?:1.8.0_382]
	at org.apache.hadoop.security.UserGroupInformation.doAs(UserGroupInformation.java:1899) [hadoop-common-3.3.6.jar:?]
	at org.apache.hadoop.ipc.Server$Handler.run(Server.java:3048) [hadoop-common-3.3.6.jar:?]
12:56:06.776 [IPC Server handler 1 on default port 15004] ERROR OMAudit - user=runner | ip=127.0.0.1 | op=GET_FILE_STATUS {volume=volume53983, bucket=bucket27347, key=gdir1/dir4/child, dataSize=0, replicationConfig=null} | ret=FAILURE
org.apache.hadoop.ozone.om.exceptions.OMException: Unable to get file status: volume: volume53983 bucket: bucket27347 key: gdir1/dir4/child
	at org.apache.hadoop.ozone.om.KeyManagerImpl.getOzoneFileStatus(KeyManagerImpl.java:1198) ~[ozone-manager-1.4.0-SNAPSHOT.jar:?]
	at org.apache.hadoop.ozone.om.KeyManagerImpl.getFileStatus(KeyManagerImpl.java:1116) ~[ozone-manager-1.4.0-SNAPSHOT.jar:?]
	at org.apache.hadoop.ozone.om.OmMetadataReader.getFileStatus(OmMetadataReader.java:266) ~[ozone-manager-1.4.0-SNAPSHOT.jar:?]
	at org.apache.hadoop.ozone.om.OzoneManager.getFileStatus(OzoneManager.java:3552) ~[ozone-manager-1.4.0-SNAPSHOT.jar:?]
	at org.apache.hadoop.ozone.protocolPB.OzoneManagerRequestHandler.getOzoneFileStatus(OzoneManagerRequestHandler.java:998) ~[ozone-manager-1.4.0-SNAPSHOT.jar:?]
	at org.apache.hadoop.ozone.protocolPB.OzoneManagerRequestHandler.handleReadRequest(OzoneManagerRequestHandler.java:259) ~[ozone-manager-1.4.0-SNAPSHOT.jar:?]
	at org.apache.hadoop.ozone.protocolPB.OzoneManagerProtocolServerSideTranslatorPB.submitReadRequestToOM(OzoneManagerProtocolServerSideTranslatorPB.java:225) ~[ozone-manager-1.4.0-SNAPSHOT.jar:?]
	at org.apache.hadoop.ozone.protocolPB.OzoneManagerProtocolServerSideTranslatorPB.processRequest(OzoneManagerProtocolServerSideTranslatorPB.java:179) ~[ozone-manager-1.4.0-SNAPSHOT.jar:?]
	at org.apache.hadoop.hdds.server.OzoneProtocolMessageDispatcher.processRequest(OzoneProtocolMessageDispatcher.java:87) [hdds-server-framework-1.4.0-SNAPSHOT.jar:?]
	at org.apache.hadoop.ozone.protocolPB.OzoneManagerProtocolServerSideTranslatorPB.submitRequest(OzoneManagerProtocolServerSideTranslatorPB.java:148) [ozone-manager-1.4.0-SNAPSHOT.jar:?]
	at org.apache.hadoop.ozone.protocol.proto.OzoneManagerProtocolProtos$OzoneManagerService$2.callBlockingMethod(OzoneManagerProtocolProtos.java) [ozone-interface-client-1.4.0-SNAPSHOT.jar:?]
	at org.apache.hadoop.ipc.ProtobufRpcEngine$Server.processCall(ProtobufRpcEngine.java:484) [hadoop-common-3.3.6.jar:?]
	at org.apache.hadoop.ipc.ProtobufRpcEngine2$Server$ProtoBufRpcInvoker.call(ProtobufRpcEngine2.java:595) [hadoop-common-3.3.6.jar:?]
	at org.apache.hadoop.ipc.ProtobufRpcEngine2$Server$ProtoBufRpcInvoker.call(ProtobufRpcEngine2.java:573) [hadoop-common-3.3.6.jar:?]
	at org.apache.hadoop.ipc.RPC$Server.call(RPC.java:1227) [hadoop-common-3.3.6.jar:?]
	at org.apache.hadoop.ipc.Server$RpcCall.run(Server.java:1094) [hadoop-common-3.3.6.jar:?]
	at org.apache.hadoop.ipc.Server$RpcCall.run(Server.java:1017) [hadoop-common-3.3.6.jar:?]
	at java.security.AccessController.doPrivileged(Native Method) ~[?:1.8.0_382]
	at javax.security.auth.Subject.doAs(Subject.java:422) [?:1.8.0_382]
	at org.apache.hadoop.security.UserGroupInformation.doAs(UserGroupInformation.java:1899) [hadoop-common-3.3.6.jar:?]
	at org.apache.hadoop.ipc.Server$Handler.run(Server.java:3048) [hadoop-common-3.3.6.jar:?]
12:56:06.779 [IPC Server handler 19 on default port 15004] ERROR OMAudit - user=runner | ip=127.0.0.1 | op=GET_FILE_STATUS {volume=volume53983, bucket=bucket27347, key=gdir1/dir5, dataSize=0, replicationConfig=null} | ret=FAILURE
org.apache.hadoop.ozone.om.exceptions.OMException: Unable to get file status: volume: volume53983 bucket: bucket27347 key: gdir1/dir5
	at org.apache.hadoop.ozone.om.KeyManagerImpl.getOzoneFileStatus(KeyManagerImpl.java:1198) ~[ozone-manager-1.4.0-SNAPSHOT.jar:?]
	at org.apache.hadoop.ozone.om.KeyManagerImpl.getFileStatus(KeyManagerImpl.java:1116) ~[ozone-manager-1.4.0-SNAPSHOT.jar:?]
	at org.apache.hadoop.ozone.om.OmMetadataReader.getFileStatus(OmMetadataReader.java:266) ~[ozone-manager-1.4.0-SNAPSHOT.jar:?]
	at org.apache.hadoop.ozone.om.OzoneManager.getFileStatus(OzoneManager.java:3552) ~[ozone-manager-1.4.0-SNAPSHOT.jar:?]
	at org.apache.hadoop.ozone.protocolPB.OzoneManagerRequestHandler.getOzoneFileStatus(OzoneManagerRequestHandler.java:998) ~[ozone-manager-1.4.0-SNAPSHOT.jar:?]
	at org.apache.hadoop.ozone.protocolPB.OzoneManagerRequestHandler.handleReadRequest(OzoneManagerRequestHandler.java:259) ~[ozone-manager-1.4.0-SNAPSHOT.jar:?]
	at org.apache.hadoop.ozone.protocolPB.OzoneManagerProtocolServerSideTranslatorPB.submitReadRequestToOM(OzoneManagerProtocolServerSideTranslatorPB.java:225) ~[ozone-manager-1.4.0-SNAPSHOT.jar:?]
	at org.apache.hadoop.ozone.protocolPB.OzoneManagerProtocolServerSideTranslatorPB.processRequest(OzoneManagerProtocolServerSideTranslatorPB.java:179) ~[ozone-manager-1.4.0-SNAPSHOT.jar:?]
	at org.apache.hadoop.hdds.server.OzoneProtocolMessageDispatcher.processRequest(OzoneProtocolMessageDispatcher.java:87) [hdds-server-framework-1.4.0-SNAPSHOT.jar:?]
	at org.apache.hadoop.ozone.protocolPB.OzoneManagerProtocolServerSideTranslatorPB.submitRequest(OzoneManagerProtocolServerSideTranslatorPB.java:148) [ozone-manager-1.4.0-SNAPSHOT.jar:?]
	at org.apache.hadoop.ozone.protocol.proto.OzoneManagerProtocolProtos$OzoneManagerService$2.callBlockingMethod(OzoneManagerProtocolProtos.java) [ozone-interface-client-1.4.0-SNAPSHOT.jar:?]
	at org.apache.hadoop.ipc.ProtobufRpcEngine$Server.processCall(ProtobufRpcEngine.java:484) [hadoop-common-3.3.6.jar:?]
	at org.apache.hadoop.ipc.ProtobufRpcEngine2$Server$ProtoBufRpcInvoker.call(ProtobufRpcEngine2.java:595) [hadoop-common-3.3.6.jar:?]
	at org.apache.hadoop.ipc.ProtobufRpcEngine2$Server$ProtoBufRpcInvoker.call(ProtobufRpcEngine2.java:573) [hadoop-common-3.3.6.jar:?]
	at org.apache.hadoop.ipc.RPC$Server.call(RPC.java:1227) [hadoop-common-3.3.6.jar:?]
	at org.apache.hadoop.ipc.Server$RpcCall.run(Server.java:1094) [hadoop-common-3.3.6.jar:?]
	at org.apache.hadoop.ipc.Server$RpcCall.run(Server.java:1017) [hadoop-common-3.3.6.jar:?]
	at java.security.AccessController.doPrivileged(Native Method) ~[?:1.8.0_382]
	at javax.security.auth.Subject.doAs(Subject.java:422) [?:1.8.0_382]
	at org.apache.hadoop.security.UserGroupInformation.doAs(UserGroupInformation.java:1899) [hadoop-common-3.3.6.jar:?]
	at org.apache.hadoop.ipc.Server$Handler.run(Server.java:3048) [hadoop-common-3.3.6.jar:?]
12:56:06.781 [IPC Server handler 15 on default port 15004] ERROR OMAudit - user=runner | ip=127.0.0.1 | op=GET_FILE_STATUS {volume=volume53983, bucket=bucket27347, key=gdir1/dir5/child, dataSize=0, replicationConfig=null} | ret=FAILURE
org.apache.hadoop.ozone.om.exceptions.OMException: Unable to get file status: volume: volume53983 bucket: bucket27347 key: gdir1/dir5/child
	at org.apache.hadoop.ozone.om.KeyManagerImpl.getOzoneFileStatus(KeyManagerImpl.java:1198) ~[ozone-manager-1.4.0-SNAPSHOT.jar:?]
	at org.apache.hadoop.ozone.om.KeyManagerImpl.getFileStatus(KeyManagerImpl.java:1116) ~[ozone-manager-1.4.0-SNAPSHOT.jar:?]
	at org.apache.hadoop.ozone.om.OmMetadataReader.getFileStatus(OmMetadataReader.java:266) ~[ozone-manager-1.4.0-SNAPSHOT.jar:?]
	at org.apache.hadoop.ozone.om.OzoneManager.getFileStatus(OzoneManager.java:3552) ~[ozone-manager-1.4.0-SNAPSHOT.jar:?]
	at org.apache.hadoop.ozone.protocolPB.OzoneManagerRequestHandler.getOzoneFileStatus(OzoneManagerRequestHandler.java:998) ~[ozone-manager-1.4.0-SNAPSHOT.jar:?]
	at org.apache.hadoop.ozone.protocolPB.OzoneManagerRequestHandler.handleReadRequest(OzoneManagerRequestHandler.java:259) ~[ozone-manager-1.4.0-SNAPSHOT.jar:?]
	at org.apache.hadoop.ozone.protocolPB.OzoneManagerProtocolServerSideTranslatorPB.submitReadRequestToOM(OzoneManagerProtocolServerSideTranslatorPB.java:225) ~[ozone-manager-1.4.0-SNAPSHOT.jar:?]
	at org.apache.hadoop.ozone.protocolPB.OzoneManagerProtocolServerSideTranslatorPB.processRequest(OzoneManagerProtocolServerSideTranslatorPB.java:179) ~[ozone-manager-1.4.0-SNAPSHOT.jar:?]
	at org.apache.hadoop.hdds.server.OzoneProtocolMessageDispatcher.processRequest(OzoneProtocolMessageDispatcher.java:87) [hdds-server-framework-1.4.0-SNAPSHOT.jar:?]
	at org.apache.hadoop.ozone.protocolPB.OzoneManagerProtocolServerSideTranslatorPB.submitRequest(OzoneManagerProtocolServerSideTranslatorPB.java:148) [ozone-manager-1.4.0-SNAPSHOT.jar:?]
	at org.apache.hadoop.ozone.protocol.proto.OzoneManagerProtocolProtos$OzoneManagerService$2.callBlockingMethod(OzoneManagerProtocolProtos.java) [ozone-interface-client-1.4.0-SNAPSHOT.jar:?]
	at org.apache.hadoop.ipc.ProtobufRpcEngine$Server.processCall(ProtobufRpcEngine.java:484) [hadoop-common-3.3.6.jar:?]
	at org.apache.hadoop.ipc.ProtobufRpcEngine2$Server$ProtoBufRpcInvoker.call(ProtobufRpcEngine2.java:595) [hadoop-common-3.3.6.jar:?]
	at org.apache.hadoop.ipc.ProtobufRpcEngine2$Server$ProtoBufRpcInvoker.call(ProtobufRpcEngine2.java:573) [hadoop-common-3.3.6.jar:?]
	at org.apache.hadoop.ipc.RPC$Server.call(RPC.java:1227) [hadoop-common-3.3.6.jar:?]
	at org.apache.hadoop.ipc.Server$RpcCall.run(Server.java:1094) [hadoop-common-3.3.6.jar:?]
	at org.apache.hadoop.ipc.Server$RpcCall.run(Server.java:1017) [hadoop-common-3.3.6.jar:?]
	at java.security.AccessController.doPrivileged(Native Method) ~[?:1.8.0_382]
	at javax.security.auth.Subject.doAs(Subject.java:422) [?:1.8.0_382]
	at org.apache.hadoop.security.UserGroupInformation.doAs(UserGroupInformation.java:1899) [hadoop-common-3.3.6.jar:?]
	at org.apache.hadoop.ipc.Server$Handler.run(Server.java:3048) [hadoop-common-3.3.6.jar:?]
12:56:06.783 [IPC Server handler 7 on default port 15004] ERROR OMAudit - user=runner | ip=127.0.0.1 | op=GET_FILE_STATUS {volume=volume53983, bucket=bucket27347, key=gdir1/dir6, dataSize=0, replicationConfig=null} | ret=FAILURE
org.apache.hadoop.ozone.om.exceptions.OMException: Unable to get file status: volume: volume53983 bucket: bucket27347 key: gdir1/dir6
	at org.apache.hadoop.ozone.om.KeyManagerImpl.getOzoneFileStatus(KeyManagerImpl.java:1198) ~[ozone-manager-1.4.0-SNAPSHOT.jar:?]
	at org.apache.hadoop.ozone.om.KeyManagerImpl.getFileStatus(KeyManagerImpl.java:1116) ~[ozone-manager-1.4.0-SNAPSHOT.jar:?]
	at org.apache.hadoop.ozone.om.OmMetadataReader.getFileStatus(OmMetadataReader.java:266) ~[ozone-manager-1.4.0-SNAPSHOT.jar:?]
	at org.apache.hadoop.ozone.om.OzoneManager.getFileStatus(OzoneManager.java:3552) ~[ozone-manager-1.4.0-SNAPSHOT.jar:?]
	at org.apache.hadoop.ozone.protocolPB.OzoneManagerRequestHandler.getOzoneFileStatus(OzoneManagerRequestHandler.java:998) ~[ozone-manager-1.4.0-SNAPSHOT.jar:?]
	at org.apache.hadoop.ozone.protocolPB.OzoneManagerRequestHandler.handleReadRequest(OzoneManagerRequestHandler.java:259) ~[ozone-manager-1.4.0-SNAPSHOT.jar:?]
	at org.apache.hadoop.ozone.protocolPB.OzoneManagerProtocolServerSideTranslatorPB.submitReadRequestToOM(OzoneManagerProtocolServerSideTranslatorPB.java:225) ~[ozone-manager-1.4.0-SNAPSHOT.jar:?]
	at org.apache.hadoop.ozone.protocolPB.OzoneManagerProtocolServerSideTranslatorPB.processRequest(OzoneManagerProtocolServerSideTranslatorPB.java:179) ~[ozone-manager-1.4.0-SNAPSHOT.jar:?]
	at org.apache.hadoop.hdds.server.OzoneProtocolMessageDispatcher.processRequest(OzoneProtocolMessageDispatcher.java:87) [hdds-server-framework-1.4.0-SNAPSHOT.jar:?]
	at org.apache.hadoop.ozone.protocolPB.OzoneManagerProtocolServerSideTranslatorPB.submitRequest(OzoneManagerProtocolServerSideTranslatorPB.java:148) [ozone-manager-1.4.0-SNAPSHOT.jar:?]
	at org.apache.hadoop.ozone.protocol.proto.OzoneManagerProtocolProtos$OzoneManagerService$2.callBlockingMethod(OzoneManagerProtocolProtos.java) [ozone-interface-client-1.4.0-SNAPSHOT.jar:?]
	at org.apache.hadoop.ipc.ProtobufRpcEngine$Server.processCall(ProtobufRpcEngine.java:484) [hadoop-common-3.3.6.jar:?]
	at org.apache.hadoop.ipc.ProtobufRpcEngine2$Server$ProtoBufRpcInvoker.call(ProtobufRpcEngine2.java:595) [hadoop-common-3.3.6.jar:?]
	at org.apache.hadoop.ipc.ProtobufRpcEngine2$Server$ProtoBufRpcInvoker.call(ProtobufRpcEngine2.java:573) [hadoop-common-3.3.6.jar:?]
	at org.apache.hadoop.ipc.RPC$Server.call(RPC.java:1227) [hadoop-common-3.3.6.jar:?]
	at org.apache.hadoop.ipc.Server$RpcCall.run(Server.java:1094) [hadoop-common-3.3.6.jar:?]
	at org.apache.hadoop.ipc.Server$RpcCall.run(Server.java:1017) [hadoop-common-3.3.6.jar:?]
	at java.security.AccessController.doPrivileged(Native Method) ~[?:1.8.0_382]
	at javax.security.auth.Subject.doAs(Subject.java:422) [?:1.8.0_382]
	at org.apache.hadoop.security.UserGroupInformation.doAs(UserGroupInformation.java:1899) [hadoop-common-3.3.6.jar:?]
	at org.apache.hadoop.ipc.Server$Handler.run(Server.java:3048) [hadoop-common-3.3.6.jar:?]
12:56:06.785 [IPC Server handler 5 on default port 15004] ERROR OMAudit - user=runner | ip=127.0.0.1 | op=GET_FILE_STATUS {volume=volume53983, bucket=bucket27347, key=gdir1/dir6/child, dataSize=0, replicationConfig=null} | ret=FAILURE
org.apache.hadoop.ozone.om.exceptions.OMException: Unable to get file status: volume: volume53983 bucket: bucket27347 key: gdir1/dir6/child
	at org.apache.hadoop.ozone.om.KeyManagerImpl.getOzoneFileStatus(KeyManagerImpl.java:1198) ~[ozone-manager-1.4.0-SNAPSHOT.jar:?]
	at org.apache.hadoop.ozone.om.KeyManagerImpl.getFileStatus(KeyManagerImpl.java:1116) ~[ozone-manager-1.4.0-SNAPSHOT.jar:?]
	at org.apache.hadoop.ozone.om.OmMetadataReader.getFileStatus(OmMetadataReader.java:266) ~[ozone-manager-1.4.0-SNAPSHOT.jar:?]
	at org.apache.hadoop.ozone.om.OzoneManager.getFileStatus(OzoneManager.java:3552) ~[ozone-manager-1.4.0-SNAPSHOT.jar:?]
	at org.apache.hadoop.ozone.protocolPB.OzoneManagerRequestHandler.getOzoneFileStatus(OzoneManagerRequestHandler.java:998) ~[ozone-manager-1.4.0-SNAPSHOT.jar:?]
	at org.apache.hadoop.ozone.protocolPB.OzoneManagerRequestHandler.handleReadRequest(OzoneManagerRequestHandler.java:259) ~[ozone-manager-1.4.0-SNAPSHOT.jar:?]
	at org.apache.hadoop.ozone.protocolPB.OzoneManagerProtocolServerSideTranslatorPB.submitReadRequestToOM(OzoneManagerProtocolServerSideTranslatorPB.java:225) ~[ozone-manager-1.4.0-SNAPSHOT.jar:?]
	at org.apache.hadoop.ozone.protocolPB.OzoneManagerProtocolServerSideTranslatorPB.processRequest(OzoneManagerProtocolServerSideTranslatorPB.java:179) ~[ozone-manager-1.4.0-SNAPSHOT.jar:?]
	at org.apache.hadoop.hdds.server.OzoneProtocolMessageDispatcher.processRequest(OzoneProtocolMessageDispatcher.java:87) [hdds-server-framework-1.4.0-SNAPSHOT.jar:?]
	at org.apache.hadoop.ozone.protocolPB.OzoneManagerProtocolServerSideTranslatorPB.submitRequest(OzoneManagerProtocolServerSideTranslatorPB.java:148) [ozone-manager-1.4.0-SNAPSHOT.jar:?]
	at org.apache.hadoop.ozone.protocol.proto.OzoneManagerProtocolProtos$OzoneManagerService$2.callBlockingMethod(OzoneManagerProtocolProtos.java) [ozone-interface-client-1.4.0-SNAPSHOT.jar:?]
	at org.apache.hadoop.ipc.ProtobufRpcEngine$Server.processCall(ProtobufRpcEngine.java:484) [hadoop-common-3.3.6.jar:?]
	at org.apache.hadoop.ipc.ProtobufRpcEngine2$Server$ProtoBufRpcInvoker.call(ProtobufRpcEngine2.java:595) [hadoop-common-3.3.6.jar:?]
	at org.apache.hadoop.ipc.ProtobufRpcEngine2$Server$ProtoBufRpcInvoker.call(ProtobufRpcEngine2.java:573) [hadoop-common-3.3.6.jar:?]
	at org.apache.hadoop.ipc.RPC$Server.call(RPC.java:1227) [hadoop-common-3.3.6.jar:?]
	at org.apache.hadoop.ipc.Server$RpcCall.run(Server.java:1094) [hadoop-common-3.3.6.jar:?]
	at org.apache.hadoop.ipc.Server$RpcCall.run(Server.java:1017) [hadoop-common-3.3.6.jar:?]
	at java.security.AccessController.doPrivileged(Native Method) ~[?:1.8.0_382]
	at javax.security.auth.Subject.doAs(Subject.java:422) [?:1.8.0_382]
	at org.apache.hadoop.security.UserGroupInformation.doAs(UserGroupInformation.java:1899) [hadoop-common-3.3.6.jar:?]
	at org.apache.hadoop.ipc.Server$Handler.run(Server.java:3048) [hadoop-common-3.3.6.jar:?]
12:56:06.787 [IPC Server handler 12 on default port 15004] ERROR OMAudit - user=runner | ip=127.0.0.1 | op=GET_FILE_STATUS {volume=volume53983, bucket=bucket27347, key=gdir1/dir7, dataSize=0, replicationConfig=null} | ret=FAILURE
org.apache.hadoop.ozone.om.exceptions.OMException: Unable to get file status: volume: volume53983 bucket: bucket27347 key: gdir1/dir7
	at org.apache.hadoop.ozone.om.KeyManagerImpl.getOzoneFileStatus(KeyManagerImpl.java:1198) ~[ozone-manager-1.4.0-SNAPSHOT.jar:?]
	at org.apache.hadoop.ozone.om.KeyManagerImpl.getFileStatus(KeyManagerImpl.java:1116) ~[ozone-manager-1.4.0-SNAPSHOT.jar:?]
	at org.apache.hadoop.ozone.om.OmMetadataReader.getFileStatus(OmMetadataReader.java:266) ~[ozone-manager-1.4.0-SNAPSHOT.jar:?]
	at org.apache.hadoop.ozone.om.OzoneManager.getFileStatus(OzoneManager.java:3552) ~[ozone-manager-1.4.0-SNAPSHOT.jar:?]
	at org.apache.hadoop.ozone.protocolPB.OzoneManagerRequestHandler.getOzoneFileStatus(OzoneManagerRequestHandler.java:998) ~[ozone-manager-1.4.0-SNAPSHOT.jar:?]
	at org.apache.hadoop.ozone.protocolPB.OzoneManagerRequestHandler.handleReadRequest(OzoneManagerRequestHandler.java:259) ~[ozone-manager-1.4.0-SNAPSHOT.jar:?]
	at org.apache.hadoop.ozone.protocolPB.OzoneManagerProtocolServerSideTranslatorPB.submitReadRequestToOM(OzoneManagerProtocolServerSideTranslatorPB.java:225) ~[ozone-manager-1.4.0-SNAPSHOT.jar:?]
	at org.apache.hadoop.ozone.protocolPB.OzoneManagerProtocolServerSideTranslatorPB.processRequest(OzoneManagerProtocolServerSideTranslatorPB.java:179) ~[ozone-manager-1.4.0-SNAPSHOT.jar:?]
	at org.apache.hadoop.hdds.server.OzoneProtocolMessageDispatcher.processRequest(OzoneProtocolMessageDispatcher.java:87) [hdds-server-framework-1.4.0-SNAPSHOT.jar:?]
	at org.apache.hadoop.ozone.protocolPB.OzoneManagerProtocolServerSideTranslatorPB.submitRequest(OzoneManagerProtocolServerSideTranslatorPB.java:148) [ozone-manager-1.4.0-SNAPSHOT.jar:?]
	at org.apache.hadoop.ozone.protocol.proto.OzoneManagerProtocolProtos$OzoneManagerService$2.callBlockingMethod(OzoneManagerProtocolProtos.java) [ozone-interface-client-1.4.0-SNAPSHOT.jar:?]
	at org.apache.hadoop.ipc.ProtobufRpcEngine$Server.processCall(ProtobufRpcEngine.java:484) [hadoop-common-3.3.6.jar:?]
	at org.apache.hadoop.ipc.ProtobufRpcEngine2$Server$ProtoBufRpcInvoker.call(ProtobufRpcEngine2.java:595) [hadoop-common-3.3.6.jar:?]
	at org.apache.hadoop.ipc.ProtobufRpcEngine2$Server$ProtoBufRpcInvoker.call(ProtobufRpcEngine2.java:573) [hadoop-common-3.3.6.jar:?]
	at org.apache.hadoop.ipc.RPC$Server.call(RPC.java:1227) [hadoop-common-3.3.6.jar:?]
	at org.apache.hadoop.ipc.Server$RpcCall.run(Server.java:1094) [hadoop-common-3.3.6.jar:?]
	at org.apache.hadoop.ipc.Server$RpcCall.run(Server.java:1017) [hadoop-common-3.3.6.jar:?]
	at java.security.AccessController.doPrivileged(Native Method) ~[?:1.8.0_382]
	at javax.security.auth.Subject.doAs(Subject.java:422) [?:1.8.0_382]
	at org.apache.hadoop.security.UserGroupInformation.doAs(UserGroupInformation.java:1899) [hadoop-common-3.3.6.jar:?]
	at org.apache.hadoop.ipc.Server$Handler.run(Server.java:3048) [hadoop-common-3.3.6.jar:?]
12:56:06.789 [IPC Server handler 10 on default port 15004] ERROR OMAudit - user=runner | ip=127.0.0.1 | op=GET_FILE_STATUS {volume=volume53983, bucket=bucket27347, key=gdir1/dir7/child, dataSize=0, replicationConfig=null} | ret=FAILURE
org.apache.hadoop.ozone.om.exceptions.OMException: Unable to get file status: volume: volume53983 bucket: bucket27347 key: gdir1/dir7/child
	at org.apache.hadoop.ozone.om.KeyManagerImpl.getOzoneFileStatus(KeyManagerImpl.java:1198) ~[ozone-manager-1.4.0-SNAPSHOT.jar:?]
	at org.apache.hadoop.ozone.om.KeyManagerImpl.getFileStatus(KeyManagerImpl.java:1116) ~[ozone-manager-1.4.0-SNAPSHOT.jar:?]
	at org.apache.hadoop.ozone.om.OmMetadataReader.getFileStatus(OmMetadataReader.java:266) ~[ozone-manager-1.4.0-SNAPSHOT.jar:?]
	at org.apache.hadoop.ozone.om.OzoneManager.getFileStatus(OzoneManager.java:3552) ~[ozone-manager-1.4.0-SNAPSHOT.jar:?]
	at org.apache.hadoop.ozone.protocolPB.OzoneManagerRequestHandler.getOzoneFileStatus(OzoneManagerRequestHandler.java:998) ~[ozone-manager-1.4.0-SNAPSHOT.jar:?]
	at org.apache.hadoop.ozone.protocolPB.OzoneManagerRequestHandler.handleReadRequest(OzoneManagerRequestHandler.java:259) ~[ozone-manager-1.4.0-SNAPSHOT.jar:?]
	at org.apache.hadoop.ozone.protocolPB.OzoneManagerProtocolServerSideTranslatorPB.submitReadRequestToOM(OzoneManagerProtocolServerSideTranslatorPB.java:225) ~[ozone-manager-1.4.0-SNAPSHOT.jar:?]
	at org.apache.hadoop.ozone.protocolPB.OzoneManagerProtocolServerSideTranslatorPB.processRequest(OzoneManagerProtocolServerSideTranslatorPB.java:179) ~[ozone-manager-1.4.0-SNAPSHOT.jar:?]
	at org.apache.hadoop.hdds.server.OzoneProtocolMessageDispatcher.processRequest(OzoneProtocolMessageDispatcher.java:87) [hdds-server-framework-1.4.0-SNAPSHOT.jar:?]
	at org.apache.hadoop.ozone.protocolPB.OzoneManagerProtocolServerSideTranslatorPB.submitRequest(OzoneManagerProtocolServerSideTranslatorPB.java:148) [ozone-manager-1.4.0-SNAPSHOT.jar:?]
	at org.apache.hadoop.ozone.protocol.proto.OzoneManagerProtocolProtos$OzoneManagerService$2.callBlockingMethod(OzoneManagerProtocolProtos.java) [ozone-interface-client-1.4.0-SNAPSHOT.jar:?]
	at org.apache.hadoop.ipc.ProtobufRpcEngine$Server.processCall(ProtobufRpcEngine.java:484) [hadoop-common-3.3.6.jar:?]
	at org.apache.hadoop.ipc.ProtobufRpcEngine2$Server$ProtoBufRpcInvoker.call(ProtobufRpcEngine2.java:595) [hadoop-common-3.3.6.jar:?]
	at org.apache.hadoop.ipc.ProtobufRpcEngine2$Server$ProtoBufRpcInvoker.call(ProtobufRpcEngine2.java:573) [hadoop-common-3.3.6.jar:?]
	at org.apache.hadoop.ipc.RPC$Server.call(RPC.java:1227) [hadoop-common-3.3.6.jar:?]
	at org.apache.hadoop.ipc.Server$RpcCall.run(Server.java:1094) [hadoop-common-3.3.6.jar:?]
	at org.apache.hadoop.ipc.Server$RpcCall.run(Server.java:1017) [hadoop-common-3.3.6.jar:?]
	at java.security.AccessController.doPrivileged(Native Method) ~[?:1.8.0_382]
	at javax.security.auth.Subject.doAs(Subject.java:422) [?:1.8.0_382]
	at org.apache.hadoop.security.UserGroupInformation.doAs(UserGroupInformation.java:1899) [hadoop-common-3.3.6.jar:?]
	at org.apache.hadoop.ipc.Server$Handler.run(Server.java:3048) [hadoop-common-3.3.6.jar:?]
12:56:06.791 [IPC Server handler 16 on default port 15004] ERROR OMAudit - user=runner | ip=127.0.0.1 | op=GET_FILE_STATUS {volume=volume53983, bucket=bucket27347, key=gdir1/dir8, dataSize=0, replicationConfig=null} | ret=FAILURE
org.apache.hadoop.ozone.om.exceptions.OMException: Unable to get file status: volume: volume53983 bucket: bucket27347 key: gdir1/dir8
	at org.apache.hadoop.ozone.om.KeyManagerImpl.getOzoneFileStatus(KeyManagerImpl.java:1198) ~[ozone-manager-1.4.0-SNAPSHOT.jar:?]
	at org.apache.hadoop.ozone.om.KeyManagerImpl.getFileStatus(KeyManagerImpl.java:1116) ~[ozone-manager-1.4.0-SNAPSHOT.jar:?]
	at org.apache.hadoop.ozone.om.OmMetadataReader.getFileStatus(OmMetadataReader.java:266) ~[ozone-manager-1.4.0-SNAPSHOT.jar:?]
	at org.apache.hadoop.ozone.om.OzoneManager.getFileStatus(OzoneManager.java:3552) ~[ozone-manager-1.4.0-SNAPSHOT.jar:?]
	at org.apache.hadoop.ozone.protocolPB.OzoneManagerRequestHandler.getOzoneFileStatus(OzoneManagerRequestHandler.java:998) ~[ozone-manager-1.4.0-SNAPSHOT.jar:?]
	at org.apache.hadoop.ozone.protocolPB.OzoneManagerRequestHandler.handleReadRequest(OzoneManagerRequestHandler.java:259) ~[ozone-manager-1.4.0-SNAPSHOT.jar:?]
	at org.apache.hadoop.ozone.protocolPB.OzoneManagerProtocolServerSideTranslatorPB.submitReadRequestToOM(OzoneManagerProtocolServerSideTranslatorPB.java:225) ~[ozone-manager-1.4.0-SNAPSHOT.jar:?]
	at org.apache.hadoop.ozone.protocolPB.OzoneManagerProtocolServerSideTranslatorPB.processRequest(OzoneManagerProtocolServerSideTranslatorPB.java:179) ~[ozone-manager-1.4.0-SNAPSHOT.jar:?]
	at org.apache.hadoop.hdds.server.OzoneProtocolMessageDispatcher.processRequest(OzoneProtocolMessageDispatcher.java:87) [hdds-server-framework-1.4.0-SNAPSHOT.jar:?]
	at org.apache.hadoop.ozone.protocolPB.OzoneManagerProtocolServerSideTranslatorPB.submitRequest(OzoneManagerProtocolServerSideTranslatorPB.java:148) [ozone-manager-1.4.0-SNAPSHOT.jar:?]
	at org.apache.hadoop.ozone.protocol.proto.OzoneManagerProtocolProtos$OzoneManagerService$2.callBlockingMethod(OzoneManagerProtocolProtos.java) [ozone-interface-client-1.4.0-SNAPSHOT.jar:?]
	at org.apache.hadoop.ipc.ProtobufRpcEngine$Server.processCall(ProtobufRpcEngine.java:484) [hadoop-common-3.3.6.jar:?]
	at org.apache.hadoop.ipc.ProtobufRpcEngine2$Server$ProtoBufRpcInvoker.call(ProtobufRpcEngine2.java:595) [hadoop-common-3.3.6.jar:?]
	at org.apache.hadoop.ipc.ProtobufRpcEngine2$Server$ProtoBufRpcInvoker.call(ProtobufRpcEngine2.java:573) [hadoop-common-3.3.6.jar:?]
	at org.apache.hadoop.ipc.RPC$Server.call(RPC.java:1227) [hadoop-common-3.3.6.jar:?]
	at org.apache.hadoop.ipc.Server$RpcCall.run(Server.java:1094) [hadoop-common-3.3.6.jar:?]
	at org.apache.hadoop.ipc.Server$RpcCall.run(Server.java:1017) [hadoop-common-3.3.6.jar:?]
	at java.security.AccessController.doPrivileged(Native Method) ~[?:1.8.0_382]
	at javax.security.auth.Subject.doAs(Subject.java:422) [?:1.8.0_382]
	at org.apache.hadoop.security.UserGroupInformation.doAs(UserGroupInformation.java:1899) [hadoop-common-3.3.6.jar:?]
	at org.apache.hadoop.ipc.Server$Handler.run(Server.java:3048) [hadoop-common-3.3.6.jar:?]
12:56:06.794 [IPC Server handler 4 on default port 15004] ERROR OMAudit - user=runner | ip=127.0.0.1 | op=GET_FILE_STATUS {volume=volume53983, bucket=bucket27347, key=gdir1/dir8/child, dataSize=0, replicationConfig=null} | ret=FAILURE
org.apache.hadoop.ozone.om.exceptions.OMException: Unable to get file status: volume: volume53983 bucket: bucket27347 key: gdir1/dir8/child
	at org.apache.hadoop.ozone.om.KeyManagerImpl.getOzoneFileStatus(KeyManagerImpl.java:1198) ~[ozone-manager-1.4.0-SNAPSHOT.jar:?]
	at org.apache.hadoop.ozone.om.KeyManagerImpl.getFileStatus(KeyManagerImpl.java:1116) ~[ozone-manager-1.4.0-SNAPSHOT.jar:?]
	at org.apache.hadoop.ozone.om.OmMetadataReader.getFileStatus(OmMetadataReader.java:266) ~[ozone-manager-1.4.0-SNAPSHOT.jar:?]
	at org.apache.hadoop.ozone.om.OzoneManager.getFileStatus(OzoneManager.java:3552) ~[ozone-manager-1.4.0-SNAPSHOT.jar:?]
	at org.apache.hadoop.ozone.protocolPB.OzoneManagerRequestHandler.getOzoneFileStatus(OzoneManagerRequestHandler.java:998) ~[ozone-manager-1.4.0-SNAPSHOT.jar:?]
	at org.apache.hadoop.ozone.protocolPB.OzoneManagerRequestHandler.handleReadRequest(OzoneManagerRequestHandler.java:259) ~[ozone-manager-1.4.0-SNAPSHOT.jar:?]
	at org.apache.hadoop.ozone.protocolPB.OzoneManagerProtocolServerSideTranslatorPB.submitReadRequestToOM(OzoneManagerProtocolServerSideTranslatorPB.java:225) ~[ozone-manager-1.4.0-SNAPSHOT.jar:?]
	at org.apache.hadoop.ozone.protocolPB.OzoneManagerProtocolServerSideTranslatorPB.processRequest(OzoneManagerProtocolServerSideTranslatorPB.java:179) ~[ozone-manager-1.4.0-SNAPSHOT.jar:?]
	at org.apache.hadoop.hdds.server.OzoneProtocolMessageDispatcher.processRequest(OzoneProtocolMessageDispatcher.java:87) [hdds-server-framework-1.4.0-SNAPSHOT.jar:?]
	at org.apache.hadoop.ozone.protocolPB.OzoneManagerProtocolServerSideTranslatorPB.submitRequest(OzoneManagerProtocolServerSideTranslatorPB.java:148) [ozone-manager-1.4.0-SNAPSHOT.jar:?]
	at org.apache.hadoop.ozone.protocol.proto.OzoneManagerProtocolProtos$OzoneManagerService$2.callBlockingMethod(OzoneManagerProtocolProtos.java) [ozone-interface-client-1.4.0-SNAPSHOT.jar:?]
	at org.apache.hadoop.ipc.ProtobufRpcEngine$Server.processCall(ProtobufRpcEngine.java:484) [hadoop-common-3.3.6.jar:?]
	at org.apache.hadoop.ipc.ProtobufRpcEngine2$Server$ProtoBufRpcInvoker.call(ProtobufRpcEngine2.java:595) [hadoop-common-3.3.6.jar:?]
	at org.apache.hadoop.ipc.ProtobufRpcEngine2$Server$ProtoBufRpcInvoker.call(ProtobufRpcEngine2.java:573) [hadoop-common-3.3.6.jar:?]
	at org.apache.hadoop.ipc.RPC$Server.call(RPC.java:1227) [hadoop-common-3.3.6.jar:?]
	at org.apache.hadoop.ipc.Server$RpcCall.run(Server.java:1094) [hadoop-common-3.3.6.jar:?]
	at org.apache.hadoop.ipc.Server$RpcCall.run(Server.java:1017) [hadoop-common-3.3.6.jar:?]
	at java.security.AccessController.doPrivileged(Native Method) ~[?:1.8.0_382]
	at javax.security.auth.Subject.doAs(Subject.java:422) [?:1.8.0_382]
	at org.apache.hadoop.security.UserGroupInformation.doAs(UserGroupInformation.java:1899) [hadoop-common-3.3.6.jar:?]
	at org.apache.hadoop.ipc.Server$Handler.run(Server.java:3048) [hadoop-common-3.3.6.jar:?]
12:56:06.797 [IPC Server handler 18 on default port 15004] ERROR OMAudit - user=runner | ip=127.0.0.1 | op=GET_FILE_STATUS {volume=volume53983, bucket=bucket27347, key=gdir1/dir9, dataSize=0, replicationConfig=null} | ret=FAILURE
org.apache.hadoop.ozone.om.exceptions.OMException: Unable to get file status: volume: volume53983 bucket: bucket27347 key: gdir1/dir9
	at org.apache.hadoop.ozone.om.KeyManagerImpl.getOzoneFileStatus(KeyManagerImpl.java:1198) ~[ozone-manager-1.4.0-SNAPSHOT.jar:?]
	at org.apache.hadoop.ozone.om.KeyManagerImpl.getFileStatus(KeyManagerImpl.java:1116) ~[ozone-manager-1.4.0-SNAPSHOT.jar:?]
	at org.apache.hadoop.ozone.om.OmMetadataReader.getFileStatus(OmMetadataReader.java:266) ~[ozone-manager-1.4.0-SNAPSHOT.jar:?]
	at org.apache.hadoop.ozone.om.OzoneManager.getFileStatus(OzoneManager.java:3552) ~[ozone-manager-1.4.0-SNAPSHOT.jar:?]
	at org.apache.hadoop.ozone.protocolPB.OzoneManagerRequestHandler.getOzoneFileStatus(OzoneManagerRequestHandler.java:998) ~[ozone-manager-1.4.0-SNAPSHOT.jar:?]
	at org.apache.hadoop.ozone.protocolPB.OzoneManagerRequestHandler.handleReadRequest(OzoneManagerRequestHandler.java:259) ~[ozone-manager-1.4.0-SNAPSHOT.jar:?]
	at org.apache.hadoop.ozone.protocolPB.OzoneManagerProtocolServerSideTranslatorPB.submitReadRequestToOM(OzoneManagerProtocolServerSideTranslatorPB.java:225) ~[ozone-manager-1.4.0-SNAPSHOT.jar:?]
	at org.apache.hadoop.ozone.protocolPB.OzoneManagerProtocolServerSideTranslatorPB.processRequest(OzoneManagerProtocolServerSideTranslatorPB.java:179) ~[ozone-manager-1.4.0-SNAPSHOT.jar:?]
	at org.apache.hadoop.hdds.server.OzoneProtocolMessageDispatcher.processRequest(OzoneProtocolMessageDispatcher.java:87) [hdds-server-framework-1.4.0-SNAPSHOT.jar:?]
	at org.apache.hadoop.ozone.protocolPB.OzoneManagerProtocolServerSideTranslatorPB.submitRequest(OzoneManagerProtocolServerSideTranslatorPB.java:148) [ozone-manager-1.4.0-SNAPSHOT.jar:?]
	at org.apache.hadoop.ozone.protocol.proto.OzoneManagerProtocolProtos$OzoneManagerService$2.callBlockingMethod(OzoneManagerProtocolProtos.java) [ozone-interface-client-1.4.0-SNAPSHOT.jar:?]
	at org.apache.hadoop.ipc.ProtobufRpcEngine$Server.processCall(ProtobufRpcEngine.java:484) [hadoop-common-3.3.6.jar:?]
	at org.apache.hadoop.ipc.ProtobufRpcEngine2$Server$ProtoBufRpcInvoker.call(ProtobufRpcEngine2.java:595) [hadoop-common-3.3.6.jar:?]
	at org.apache.hadoop.ipc.ProtobufRpcEngine2$Server$ProtoBufRpcInvoker.call(ProtobufRpcEngine2.java:573) [hadoop-common-3.3.6.jar:?]
	at org.apache.hadoop.ipc.RPC$Server.call(RPC.java:1227) [hadoop-common-3.3.6.jar:?]
	at org.apache.hadoop.ipc.Server$RpcCall.run(Server.java:1094) [hadoop-common-3.3.6.jar:?]
	at org.apache.hadoop.ipc.Server$RpcCall.run(Server.java:1017) [hadoop-common-3.3.6.jar:?]
	at java.security.AccessController.doPrivileged(Native Method) ~[?:1.8.0_382]
	at javax.security.auth.Subject.doAs(Subject.java:422) [?:1.8.0_382]
	at org.apache.hadoop.security.UserGroupInformation.doAs(UserGroupInformation.java:1899) [hadoop-common-3.3.6.jar:?]
	at org.apache.hadoop.ipc.Server$Handler.run(Server.java:3048) [hadoop-common-3.3.6.jar:?]
12:56:06.798 [IPC Server handler 0 on default port 15004] ERROR OMAudit - user=runner | ip=127.0.0.1 | op=GET_FILE_STATUS {volume=volume53983, bucket=bucket27347, key=gdir1/dir9/child, dataSize=0, replicationConfig=null} | ret=FAILURE
org.apache.hadoop.ozone.om.exceptions.OMException: Unable to get file status: volume: volume53983 bucket: bucket27347 key: gdir1/dir9/child
	at org.apache.hadoop.ozone.om.KeyManagerImpl.getOzoneFileStatus(KeyManagerImpl.java:1198) ~[ozone-manager-1.4.0-SNAPSHOT.jar:?]
	at org.apache.hadoop.ozone.om.KeyManagerImpl.getFileStatus(KeyManagerImpl.java:1116) ~[ozone-manager-1.4.0-SNAPSHOT.jar:?]
	at org.apache.hadoop.ozone.om.OmMetadataReader.getFileStatus(OmMetadataReader.java:266) ~[ozone-manager-1.4.0-SNAPSHOT.jar:?]
	at org.apache.hadoop.ozone.om.OzoneManager.getFileStatus(OzoneManager.java:3552) ~[ozone-manager-1.4.0-SNAPSHOT.jar:?]
	at org.apache.hadoop.ozone.protocolPB.OzoneManagerRequestHandler.getOzoneFileStatus(OzoneManagerRequestHandler.java:998) ~[ozone-manager-1.4.0-SNAPSHOT.jar:?]
	at org.apache.hadoop.ozone.protocolPB.OzoneManagerRequestHandler.handleReadRequest(OzoneManagerRequestHandler.java:259) ~[ozone-manager-1.4.0-SNAPSHOT.jar:?]
	at org.apache.hadoop.ozone.protocolPB.OzoneManagerProtocolServerSideTranslatorPB.submitReadRequestToOM(OzoneManagerProtocolServerSideTranslatorPB.java:225) ~[ozone-manager-1.4.0-SNAPSHOT.jar:?]
	at org.apache.hadoop.ozone.protocolPB.OzoneManagerProtocolServerSideTranslatorPB.processRequest(OzoneManagerProtocolServerSideTranslatorPB.java:179) ~[ozone-manager-1.4.0-SNAPSHOT.jar:?]
	at org.apache.hadoop.hdds.server.OzoneProtocolMessageDispatcher.processRequest(OzoneProtocolMessageDispatcher.java:87) [hdds-server-framework-1.4.0-SNAPSHOT.jar:?]
	at org.apache.hadoop.ozone.protocolPB.OzoneManagerProtocolServerSideTranslatorPB.submitRequest(OzoneManagerProtocolServerSideTranslatorPB.java:148) [ozone-manager-1.4.0-SNAPSHOT.jar:?]
	at org.apache.hadoop.ozone.protocol.proto.OzoneManagerProtocolProtos$OzoneManagerService$2.callBlockingMethod(OzoneManagerProtocolProtos.java) [ozone-interface-client-1.4.0-SNAPSHOT.jar:?]
	at org.apache.hadoop.ipc.ProtobufRpcEngine$Server.processCall(ProtobufRpcEngine.java:484) [hadoop-common-3.3.6.jar:?]
	at org.apache.hadoop.ipc.ProtobufRpcEngine2$Server$ProtoBufRpcInvoker.call(ProtobufRpcEngine2.java:595) [hadoop-common-3.3.6.jar:?]
	at org.apache.hadoop.ipc.ProtobufRpcEngine2$Server$ProtoBufRpcInvoker.call(ProtobufRpcEngine2.java:573) [hadoop-common-3.3.6.jar:?]
	at org.apache.hadoop.ipc.RPC$Server.call(RPC.java:1227) [hadoop-common-3.3.6.jar:?]
	at org.apache.hadoop.ipc.Server$RpcCall.run(Server.java:1094) [hadoop-common-3.3.6.jar:?]
	at org.apache.hadoop.ipc.Server$RpcCall.run(Server.java:1017) [hadoop-common-3.3.6.jar:?]
	at java.security.AccessController.doPrivileged(Native Method) ~[?:1.8.0_382]
	at javax.security.auth.Subject.doAs(Subject.java:422) [?:1.8.0_382]
	at org.apache.hadoop.security.UserGroupInformation.doAs(UserGroupInformation.java:1899) [hadoop-common-3.3.6.jar:?]
	at org.apache.hadoop.ipc.Server$Handler.run(Server.java:3048) [hadoop-common-3.3.6.jar:?]
12:56:06.802 [IPC Server handler 14 on default port 15004] ERROR OMAudit - user=runner | ip=127.0.0.1 | op=GET_FILE_STATUS {volume=volume53983, bucket=bucket27347, key=gdir1/dir10, dataSize=0, replicationConfig=null} | ret=FAILURE
org.apache.hadoop.ozone.om.exceptions.OMException: Unable to get file status: volume: volume53983 bucket: bucket27347 key: gdir1/dir10
	at org.apache.hadoop.ozone.om.KeyManagerImpl.getOzoneFileStatus(KeyManagerImpl.java:1198) ~[ozone-manager-1.4.0-SNAPSHOT.jar:?]
	at org.apache.hadoop.ozone.om.KeyManagerImpl.getFileStatus(KeyManagerImpl.java:1116) ~[ozone-manager-1.4.0-SNAPSHOT.jar:?]
	at org.apache.hadoop.ozone.om.OmMetadataReader.getFileStatus(OmMetadataReader.java:266) ~[ozone-manager-1.4.0-SNAPSHOT.jar:?]
	at org.apache.hadoop.ozone.om.OzoneManager.getFileStatus(OzoneManager.java:3552) ~[ozone-manager-1.4.0-SNAPSHOT.jar:?]
	at org.apache.hadoop.ozone.protocolPB.OzoneManagerRequestHandler.getOzoneFileStatus(OzoneManagerRequestHandler.java:998) ~[ozone-manager-1.4.0-SNAPSHOT.jar:?]
	at org.apache.hadoop.ozone.protocolPB.OzoneManagerRequestHandler.handleReadRequest(OzoneManagerRequestHandler.java:259) ~[ozone-manager-1.4.0-SNAPSHOT.jar:?]
	at org.apache.hadoop.ozone.protocolPB.OzoneManagerProtocolServerSideTranslatorPB.submitReadRequestToOM(OzoneManagerProtocolServerSideTranslatorPB.java:225) ~[ozone-manager-1.4.0-SNAPSHOT.jar:?]
	at org.apache.hadoop.ozone.protocolPB.OzoneManagerProtocolServerSideTranslatorPB.processRequest(OzoneManagerProtocolServerSideTranslatorPB.java:179) ~[ozone-manager-1.4.0-SNAPSHOT.jar:?]
	at org.apache.hadoop.hdds.server.OzoneProtocolMessageDispatcher.processRequest(OzoneProtocolMessageDispatcher.java:87) [hdds-server-framework-1.4.0-SNAPSHOT.jar:?]
	at org.apache.hadoop.ozone.protocolPB.OzoneManagerProtocolServerSideTranslatorPB.submitRequest(OzoneManagerProtocolServerSideTranslatorPB.java:148) [ozone-manager-1.4.0-SNAPSHOT.jar:?]
	at org.apache.hadoop.ozone.protocol.proto.OzoneManagerProtocolProtos$OzoneManagerService$2.callBlockingMethod(OzoneManagerProtocolProtos.java) [ozone-interface-client-1.4.0-SNAPSHOT.jar:?]
	at org.apache.hadoop.ipc.ProtobufRpcEngine$Server.processCall(ProtobufRpcEngine.java:484) [hadoop-common-3.3.6.jar:?]
	at org.apache.hadoop.ipc.ProtobufRpcEngine2$Server$ProtoBufRpcInvoker.call(ProtobufRpcEngine2.java:595) [hadoop-common-3.3.6.jar:?]
	at org.apache.hadoop.ipc.ProtobufRpcEngine2$Server$ProtoBufRpcInvoker.call(ProtobufRpcEngine2.java:573) [hadoop-common-3.3.6.jar:?]
	at org.apache.hadoop.ipc.RPC$Server.call(RPC.java:1227) [hadoop-common-3.3.6.jar:?]
	at org.apache.hadoop.ipc.Server$RpcCall.run(Server.java:1094) [hadoop-common-3.3.6.jar:?]
	at org.apache.hadoop.ipc.Server$RpcCall.run(Server.java:1017) [hadoop-common-3.3.6.jar:?]
	at java.security.AccessController.doPrivileged(Native Method) ~[?:1.8.0_382]
	at javax.security.auth.Subject.doAs(Subject.java:422) [?:1.8.0_382]
	at org.apache.hadoop.security.UserGroupInformation.doAs(UserGroupInformation.java:1899) [hadoop-common-3.3.6.jar:?]
	at org.apache.hadoop.ipc.Server$Handler.run(Server.java:3048) [hadoop-common-3.3.6.jar:?]
12:56:06.804 [IPC Server handler 3 on default port 15004] ERROR OMAudit - user=runner | ip=127.0.0.1 | op=GET_FILE_STATUS {volume=volume53983, bucket=bucket27347, key=gdir1/dir10/child, dataSize=0, replicationConfig=null} | ret=FAILURE
org.apache.hadoop.ozone.om.exceptions.OMException: Unable to get file status: volume: volume53983 bucket: bucket27347 key: gdir1/dir10/child
	at org.apache.hadoop.ozone.om.KeyManagerImpl.getOzoneFileStatus(KeyManagerImpl.java:1198) ~[ozone-manager-1.4.0-SNAPSHOT.jar:?]
	at org.apache.hadoop.ozone.om.KeyManagerImpl.getFileStatus(KeyManagerImpl.java:1116) ~[ozone-manager-1.4.0-SNAPSHOT.jar:?]
	at org.apache.hadoop.ozone.om.OmMetadataReader.getFileStatus(OmMetadataReader.java:266) ~[ozone-manager-1.4.0-SNAPSHOT.jar:?]
	at org.apache.hadoop.ozone.om.OzoneManager.getFileStatus(OzoneManager.java:3552) ~[ozone-manager-1.4.0-SNAPSHOT.jar:?]
	at org.apache.hadoop.ozone.protocolPB.OzoneManagerRequestHandler.getOzoneFileStatus(OzoneManagerRequestHandler.java:998) ~[ozone-manager-1.4.0-SNAPSHOT.jar:?]
	at org.apache.hadoop.ozone.protocolPB.OzoneManagerRequestHandler.handleReadRequest(OzoneManagerRequestHandler.java:259) ~[ozone-manager-1.4.0-SNAPSHOT.jar:?]
	at org.apache.hadoop.ozone.protocolPB.OzoneManagerProtocolServerSideTranslatorPB.submitReadRequestToOM(OzoneManagerProtocolServerSideTranslatorPB.java:225) ~[ozone-manager-1.4.0-SNAPSHOT.jar:?]
	at org.apache.hadoop.ozone.protocolPB.OzoneManagerProtocolServerSideTranslatorPB.processRequest(OzoneManagerProtocolServerSideTranslatorPB.java:179) ~[ozone-manager-1.4.0-SNAPSHOT.jar:?]
	at org.apache.hadoop.hdds.server.OzoneProtocolMessageDispatcher.processRequest(OzoneProtocolMessageDispatcher.java:87) [hdds-server-framework-1.4.0-SNAPSHOT.jar:?]
	at org.apache.hadoop.ozone.protocolPB.OzoneManagerProtocolServerSideTranslatorPB.submitRequest(OzoneManagerProtocolServerSideTranslatorPB.java:148) [ozone-manager-1.4.0-SNAPSHOT.jar:?]
	at org.apache.hadoop.ozone.protocol.proto.OzoneManagerProtocolProtos$OzoneManagerService$2.callBlockingMethod(OzoneManagerProtocolProtos.java) [ozone-interface-client-1.4.0-SNAPSHOT.jar:?]
	at org.apache.hadoop.ipc.ProtobufRpcEngine$Server.processCall(ProtobufRpcEngine.java:484) [hadoop-common-3.3.6.jar:?]
	at org.apache.hadoop.ipc.ProtobufRpcEngine2$Server$ProtoBufRpcInvoker.call(ProtobufRpcEngine2.java:595) [hadoop-common-3.3.6.jar:?]
	at org.apache.hadoop.ipc.ProtobufRpcEngine2$Server$ProtoBufRpcInvoker.call(ProtobufRpcEngine2.java:573) [hadoop-common-3.3.6.jar:?]
	at org.apache.hadoop.ipc.RPC$Server.call(RPC.java:1227) [hadoop-common-3.3.6.jar:?]
	at org.apache.hadoop.ipc.Server$RpcCall.run(Server.java:1094) [hadoop-common-3.3.6.jar:?]
	at org.apache.hadoop.ipc.Server$RpcCall.run(Server.java:1017) [hadoop-common-3.3.6.jar:?]
	at java.security.AccessController.doPrivileged(Native Method) ~[?:1.8.0_382]
	at javax.security.auth.Subject.doAs(Subject.java:422) [?:1.8.0_382]
	at org.apache.hadoop.security.UserGroupInformation.doAs(UserGroupInformation.java:1899) [hadoop-common-3.3.6.jar:?]
	at org.apache.hadoop.ipc.Server$Handler.run(Server.java:3048) [hadoop-common-3.3.6.jar:?]
12:56:06.982 [IPC Server handler 10 on default port 15004] ERROR OMAudit - user=runner | ip=127.0.0.1 | op=GET_FILE_STATUS {volume=volume53983, bucket=bucket27347, key=level0, dataSize=0, replicationConfig=null} | ret=FAILURE
org.apache.hadoop.ozone.om.exceptions.OMException: Unable to get file status: volume: volume53983 bucket: bucket27347 key: level0
	at org.apache.hadoop.ozone.om.KeyManagerImpl.getOzoneFileStatus(KeyManagerImpl.java:1198) ~[ozone-manager-1.4.0-SNAPSHOT.jar:?]
	at org.apache.hadoop.ozone.om.KeyManagerImpl.getFileStatus(KeyManagerImpl.java:1116) ~[ozone-manager-1.4.0-SNAPSHOT.jar:?]
	at org.apache.hadoop.ozone.om.OmMetadataReader.getFileStatus(OmMetadataReader.java:266) ~[ozone-manager-1.4.0-SNAPSHOT.jar:?]
	at org.apache.hadoop.ozone.om.OzoneManager.getFileStatus(OzoneManager.java:3552) ~[ozone-manager-1.4.0-SNAPSHOT.jar:?]
	at org.apache.hadoop.ozone.protocolPB.OzoneManagerRequestHandler.getOzoneFileStatus(OzoneManagerRequestHandler.java:998) ~[ozone-manager-1.4.0-SNAPSHOT.jar:?]
	at org.apache.hadoop.ozone.protocolPB.OzoneManagerRequestHandler.handleReadRequest(OzoneManagerRequestHandler.java:259) ~[ozone-manager-1.4.0-SNAPSHOT.jar:?]
	at org.apache.hadoop.ozone.protocolPB.OzoneManagerProtocolServerSideTranslatorPB.submitReadRequestToOM(OzoneManagerProtocolServerSideTranslatorPB.java:225) ~[ozone-manager-1.4.0-SNAPSHOT.jar:?]
	at org.apache.hadoop.ozone.protocolPB.OzoneManagerProtocolServerSideTranslatorPB.processRequest(OzoneManagerProtocolServerSideTranslatorPB.java:179) ~[ozone-manager-1.4.0-SNAPSHOT.jar:?]
	at org.apache.hadoop.hdds.server.OzoneProtocolMessageDispatcher.processRequest(OzoneProtocolMessageDispatcher.java:87) [hdds-server-framework-1.4.0-SNAPSHOT.jar:?]
	at org.apache.hadoop.ozone.protocolPB.OzoneManagerProtocolServerSideTranslatorPB.submitRequest(OzoneManagerProtocolServerSideTranslatorPB.java:148) [ozone-manager-1.4.0-SNAPSHOT.jar:?]
	at org.apache.hadoop.ozone.protocol.proto.OzoneManagerProtocolProtos$OzoneManagerService$2.callBlockingMethod(OzoneManagerProtocolProtos.java) [ozone-interface-client-1.4.0-SNAPSHOT.jar:?]
	at org.apache.hadoop.ipc.ProtobufRpcEngine$Server.processCall(ProtobufRpcEngine.java:484) [hadoop-common-3.3.6.jar:?]
	at org.apache.hadoop.ipc.ProtobufRpcEngine2$Server$ProtoBufRpcInvoker.call(ProtobufRpcEngine2.java:595) [hadoop-common-3.3.6.jar:?]
	at org.apache.hadoop.ipc.ProtobufRpcEngine2$Server$ProtoBufRpcInvoker.call(ProtobufRpcEngine2.java:573) [hadoop-common-3.3.6.jar:?]
	at org.apache.hadoop.ipc.RPC$Server.call(RPC.java:1227) [hadoop-common-3.3.6.jar:?]
	at org.apache.hadoop.ipc.Server$RpcCall.run(Server.java:1094) [hadoop-common-3.3.6.jar:?]
	at org.apache.hadoop.ipc.Server$RpcCall.run(Server.java:1017) [hadoop-common-3.3.6.jar:?]
	at java.security.AccessController.doPrivileged(Native Method) ~[?:1.8.0_382]
	at javax.security.auth.Subject.doAs(Subject.java:422) [?:1.8.0_382]
	at org.apache.hadoop.security.UserGroupInformation.doAs(UserGroupInformation.java:1899) [hadoop-common-3.3.6.jar:?]
	at org.apache.hadoop.ipc.Server$Handler.run(Server.java:3048) [hadoop-common-3.3.6.jar:?]
12:56:06.984 [IPC Server handler 16 on default port 15004] ERROR OMAudit - user=runner | ip=127.0.0.1 | op=GET_FILE_STATUS {volume=volume53983, bucket=bucket27347, key=level0/level1, dataSize=0, replicationConfig=null} | ret=FAILURE
org.apache.hadoop.ozone.om.exceptions.OMException: Unable to get file status: volume: volume53983 bucket: bucket27347 key: level0/level1
	at org.apache.hadoop.ozone.om.KeyManagerImpl.getOzoneFileStatus(KeyManagerImpl.java:1198) ~[ozone-manager-1.4.0-SNAPSHOT.jar:?]
	at org.apache.hadoop.ozone.om.KeyManagerImpl.getFileStatus(KeyManagerImpl.java:1116) ~[ozone-manager-1.4.0-SNAPSHOT.jar:?]
	at org.apache.hadoop.ozone.om.OmMetadataReader.getFileStatus(OmMetadataReader.java:266) ~[ozone-manager-1.4.0-SNAPSHOT.jar:?]
	at org.apache.hadoop.ozone.om.OzoneManager.getFileStatus(OzoneManager.java:3552) ~[ozone-manager-1.4.0-SNAPSHOT.jar:?]
	at org.apache.hadoop.ozone.protocolPB.OzoneManagerRequestHandler.getOzoneFileStatus(OzoneManagerRequestHandler.java:998) ~[ozone-manager-1.4.0-SNAPSHOT.jar:?]
	at org.apache.hadoop.ozone.protocolPB.OzoneManagerRequestHandler.handleReadRequest(OzoneManagerRequestHandler.java:259) ~[ozone-manager-1.4.0-SNAPSHOT.jar:?]
	at org.apache.hadoop.ozone.protocolPB.OzoneManagerProtocolServerSideTranslatorPB.submitReadRequestToOM(OzoneManagerProtocolServerSideTranslatorPB.java:225) ~[ozone-manager-1.4.0-SNAPSHOT.jar:?]
	at org.apache.hadoop.ozone.protocolPB.OzoneManagerProtocolServerSideTranslatorPB.processRequest(OzoneManagerProtocolServerSideTranslatorPB.java:179) ~[ozone-manager-1.4.0-SNAPSHOT.jar:?]
	at org.apache.hadoop.hdds.server.OzoneProtocolMessageDispatcher.processRequest(OzoneProtocolMessageDispatcher.java:87) [hdds-server-framework-1.4.0-SNAPSHOT.jar:?]
	at org.apache.hadoop.ozone.protocolPB.OzoneManagerProtocolServerSideTranslatorPB.submitRequest(OzoneManagerProtocolServerSideTranslatorPB.java:148) [ozone-manager-1.4.0-SNAPSHOT.jar:?]
	at org.apache.hadoop.ozone.protocol.proto.OzoneManagerProtocolProtos$OzoneManagerService$2.callBlockingMethod(OzoneManagerProtocolProtos.java) [ozone-interface-client-1.4.0-SNAPSHOT.jar:?]
	at org.apache.hadoop.ipc.ProtobufRpcEngine$Server.processCall(ProtobufRpcEngine.java:484) [hadoop-common-3.3.6.jar:?]
	at org.apache.hadoop.ipc.ProtobufRpcEngine2$Server$ProtoBufRpcInvoker.call(ProtobufRpcEngine2.java:595) [hadoop-common-3.3.6.jar:?]
	at org.apache.hadoop.ipc.ProtobufRpcEngine2$Server$ProtoBufRpcInvoker.call(ProtobufRpcEngine2.java:573) [hadoop-common-3.3.6.jar:?]
	at org.apache.hadoop.ipc.RPC$Server.call(RPC.java:1227) [hadoop-common-3.3.6.jar:?]
	at org.apache.hadoop.ipc.Server$RpcCall.run(Server.java:1094) [hadoop-common-3.3.6.jar:?]
	at org.apache.hadoop.ipc.Server$RpcCall.run(Server.java:1017) [hadoop-common-3.3.6.jar:?]
	at java.security.AccessController.doPrivileged(Native Method) ~[?:1.8.0_382]
	at javax.security.auth.Subject.doAs(Subject.java:422) [?:1.8.0_382]
	at org.apache.hadoop.security.UserGroupInformation.doAs(UserGroupInformation.java:1899) [hadoop-common-3.3.6.jar:?]
	at org.apache.hadoop.ipc.Server$Handler.run(Server.java:3048) [hadoop-common-3.3.6.jar:?]
12:56:06.986 [IPC Server handler 4 on default port 15004] ERROR OMAudit - user=runner | ip=127.0.0.1 | op=GET_FILE_STATUS {volume=volume53983, bucket=bucket27347, key=level0/level1/level1, dataSize=0, replicationConfig=null} | ret=FAILURE
org.apache.hadoop.ozone.om.exceptions.OMException: Unable to get file status: volume: volume53983 bucket: bucket27347 key: level0/level1/level1
	at org.apache.hadoop.ozone.om.KeyManagerImpl.getOzoneFileStatus(KeyManagerImpl.java:1198) ~[ozone-manager-1.4.0-SNAPSHOT.jar:?]
	at org.apache.hadoop.ozone.om.KeyManagerImpl.getFileStatus(KeyManagerImpl.java:1116) ~[ozone-manager-1.4.0-SNAPSHOT.jar:?]
	at org.apache.hadoop.ozone.om.OmMetadataReader.getFileStatus(OmMetadataReader.java:266) ~[ozone-manager-1.4.0-SNAPSHOT.jar:?]
	at org.apache.hadoop.ozone.om.OzoneManager.getFileStatus(OzoneManager.java:3552) ~[ozone-manager-1.4.0-SNAPSHOT.jar:?]
	at org.apache.hadoop.ozone.protocolPB.OzoneManagerRequestHandler.getOzoneFileStatus(OzoneManagerRequestHandler.java:998) ~[ozone-manager-1.4.0-SNAPSHOT.jar:?]
	at org.apache.hadoop.ozone.protocolPB.OzoneManagerRequestHandler.handleReadRequest(OzoneManagerRequestHandler.java:259) ~[ozone-manager-1.4.0-SNAPSHOT.jar:?]
	at org.apache.hadoop.ozone.protocolPB.OzoneManagerProtocolServerSideTranslatorPB.submitReadRequestToOM(OzoneManagerProtocolServerSideTranslatorPB.java:225) ~[ozone-manager-1.4.0-SNAPSHOT.jar:?]
	at org.apache.hadoop.ozone.protocolPB.OzoneManagerProtocolServerSideTranslatorPB.processRequest(OzoneManagerProtocolServerSideTranslatorPB.java:179) ~[ozone-manager-1.4.0-SNAPSHOT.jar:?]
	at org.apache.hadoop.hdds.server.OzoneProtocolMessageDispatcher.processRequest(OzoneProtocolMessageDispatcher.java:87) [hdds-server-framework-1.4.0-SNAPSHOT.jar:?]
	at org.apache.hadoop.ozone.protocolPB.OzoneManagerProtocolServerSideTranslatorPB.submitRequest(OzoneManagerProtocolServerSideTranslatorPB.java:148) [ozone-manager-1.4.0-SNAPSHOT.jar:?]
	at org.apache.hadoop.ozone.protocol.proto.OzoneManagerProtocolProtos$OzoneManagerService$2.callBlockingMethod(OzoneManagerProtocolProtos.java) [ozone-interface-client-1.4.0-SNAPSHOT.jar:?]
	at org.apache.hadoop.ipc.ProtobufRpcEngine$Server.processCall(ProtobufRpcEngine.java:484) [hadoop-common-3.3.6.jar:?]
	at org.apache.hadoop.ipc.ProtobufRpcEngine2$Server$ProtoBufRpcInvoker.call(ProtobufRpcEngine2.java:595) [hadoop-common-3.3.6.jar:?]
	at org.apache.hadoop.ipc.ProtobufRpcEngine2$Server$ProtoBufRpcInvoker.call(ProtobufRpcEngine2.java:573) [hadoop-common-3.3.6.jar:?]
	at org.apache.hadoop.ipc.RPC$Server.call(RPC.java:1227) [hadoop-common-3.3.6.jar:?]
	at org.apache.hadoop.ipc.Server$RpcCall.run(Server.java:1094) [hadoop-common-3.3.6.jar:?]
	at org.apache.hadoop.ipc.Server$RpcCall.run(Server.java:1017) [hadoop-common-3.3.6.jar:?]
	at java.security.AccessController.doPrivileged(Native Method) ~[?:1.8.0_382]
	at javax.security.auth.Subject.doAs(Subject.java:422) [?:1.8.0_382]
	at org.apache.hadoop.security.UserGroupInformation.doAs(UserGroupInformation.java:1899) [hadoop-common-3.3.6.jar:?]
	at org.apache.hadoop.ipc.Server$Handler.run(Server.java:3048) [hadoop-common-3.3.6.jar:?]
12:56:06.988 [IPC Server handler 18 on default port 15004] ERROR OMAudit - user=runner | ip=127.0.0.1 | op=GET_FILE_STATUS {volume=volume53983, bucket=bucket27347, key=level0/level1/file1, dataSize=0, replicationConfig=null} | ret=FAILURE
org.apache.hadoop.ozone.om.exceptions.OMException: Unable to get file status: volume: volume53983 bucket: bucket27347 key: level0/level1/file1
	at org.apache.hadoop.ozone.om.KeyManagerImpl.getOzoneFileStatus(KeyManagerImpl.java:1198) ~[ozone-manager-1.4.0-SNAPSHOT.jar:?]
	at org.apache.hadoop.ozone.om.KeyManagerImpl.getFileStatus(KeyManagerImpl.java:1116) ~[ozone-manager-1.4.0-SNAPSHOT.jar:?]
	at org.apache.hadoop.ozone.om.OmMetadataReader.getFileStatus(OmMetadataReader.java:266) ~[ozone-manager-1.4.0-SNAPSHOT.jar:?]
	at org.apache.hadoop.ozone.om.OzoneManager.getFileStatus(OzoneManager.java:3552) ~[ozone-manager-1.4.0-SNAPSHOT.jar:?]
	at org.apache.hadoop.ozone.protocolPB.OzoneManagerRequestHandler.getOzoneFileStatus(OzoneManagerRequestHandler.java:998) ~[ozone-manager-1.4.0-SNAPSHOT.jar:?]
	at org.apache.hadoop.ozone.protocolPB.OzoneManagerRequestHandler.handleReadRequest(OzoneManagerRequestHandler.java:259) ~[ozone-manager-1.4.0-SNAPSHOT.jar:?]
	at org.apache.hadoop.ozone.protocolPB.OzoneManagerProtocolServerSideTranslatorPB.submitReadRequestToOM(OzoneManagerProtocolServerSideTranslatorPB.java:225) ~[ozone-manager-1.4.0-SNAPSHOT.jar:?]
	at org.apache.hadoop.ozone.protocolPB.OzoneManagerProtocolServerSideTranslatorPB.processRequest(OzoneManagerProtocolServerSideTranslatorPB.java:179) ~[ozone-manager-1.4.0-SNAPSHOT.jar:?]
	at org.apache.hadoop.hdds.server.OzoneProtocolMessageDispatcher.processRequest(OzoneProtocolMessageDispatcher.java:87) [hdds-server-framework-1.4.0-SNAPSHOT.jar:?]
	at org.apache.hadoop.ozone.protocolPB.OzoneManagerProtocolServerSideTranslatorPB.submitRequest(OzoneManagerProtocolServerSideTranslatorPB.java:148) [ozone-manager-1.4.0-SNAPSHOT.jar:?]
	at org.apache.hadoop.ozone.protocol.proto.OzoneManagerProtocolProtos$OzoneManagerService$2.callBlockingMethod(OzoneManagerProtocolProtos.java) [ozone-interface-client-1.4.0-SNAPSHOT.jar:?]
	at org.apache.hadoop.ipc.ProtobufRpcEngine$Server.processCall(ProtobufRpcEngine.java:484) [hadoop-common-3.3.6.jar:?]
	at org.apache.hadoop.ipc.ProtobufRpcEngine2$Server$ProtoBufRpcInvoker.call(ProtobufRpcEngine2.java:595) [hadoop-common-3.3.6.jar:?]
	at org.apache.hadoop.ipc.ProtobufRpcEngine2$Server$ProtoBufRpcInvoker.call(ProtobufRpcEngine2.java:573) [hadoop-common-3.3.6.jar:?]
	at org.apache.hadoop.ipc.RPC$Server.call(RPC.java:1227) [hadoop-common-3.3.6.jar:?]
	at org.apache.hadoop.ipc.Server$RpcCall.run(Server.java:1094) [hadoop-common-3.3.6.jar:?]
	at org.apache.hadoop.ipc.Server$RpcCall.run(Server.java:1017) [hadoop-common-3.3.6.jar:?]
	at java.security.AccessController.doPrivileged(Native Method) ~[?:1.8.0_382]
	at javax.security.auth.Subject.doAs(Subject.java:422) [?:1.8.0_382]
	at org.apache.hadoop.security.UserGroupInformation.doAs(UserGroupInformation.java:1899) [hadoop-common-3.3.6.jar:?]
	at org.apache.hadoop.ipc.Server$Handler.run(Server.java:3048) [hadoop-common-3.3.6.jar:?]
12:56:06.990 [IPC Server handler 0 on default port 15004] ERROR OMAudit - user=runner | ip=127.0.0.1 | op=GET_FILE_STATUS {volume=volume53983, bucket=bucket27347, key=level0/level1/level1/file1, dataSize=0, replicationConfig=null} | ret=FAILURE
org.apache.hadoop.ozone.om.exceptions.OMException: Unable to get file status: volume: volume53983 bucket: bucket27347 key: level0/level1/level1/file1
	at org.apache.hadoop.ozone.om.KeyManagerImpl.getOzoneFileStatus(KeyManagerImpl.java:1198) ~[ozone-manager-1.4.0-SNAPSHOT.jar:?]
	at org.apache.hadoop.ozone.om.KeyManagerImpl.getFileStatus(KeyManagerImpl.java:1116) ~[ozone-manager-1.4.0-SNAPSHOT.jar:?]
	at org.apache.hadoop.ozone.om.OmMetadataReader.getFileStatus(OmMetadataReader.java:266) ~[ozone-manager-1.4.0-SNAPSHOT.jar:?]
	at org.apache.hadoop.ozone.om.OzoneManager.getFileStatus(OzoneManager.java:3552) ~[ozone-manager-1.4.0-SNAPSHOT.jar:?]
	at org.apache.hadoop.ozone.protocolPB.OzoneManagerRequestHandler.getOzoneFileStatus(OzoneManagerRequestHandler.java:998) ~[ozone-manager-1.4.0-SNAPSHOT.jar:?]
	at org.apache.hadoop.ozone.protocolPB.OzoneManagerRequestHandler.handleReadRequest(OzoneManagerRequestHandler.java:259) ~[ozone-manager-1.4.0-SNAPSHOT.jar:?]
	at org.apache.hadoop.ozone.protocolPB.OzoneManagerProtocolServerSideTranslatorPB.submitReadRequestToOM(OzoneManagerProtocolServerSideTranslatorPB.java:225) ~[ozone-manager-1.4.0-SNAPSHOT.jar:?]
	at org.apache.hadoop.ozone.protocolPB.OzoneManagerProtocolServerSideTranslatorPB.processRequest(OzoneManagerProtocolServerSideTranslatorPB.java:179) ~[ozone-manager-1.4.0-SNAPSHOT.jar:?]
	at org.apache.hadoop.hdds.server.OzoneProtocolMessageDispatcher.processRequest(OzoneProtocolMessageDispatcher.java:87) [hdds-server-framework-1.4.0-SNAPSHOT.jar:?]
	at org.apache.hadoop.ozone.protocolPB.OzoneManagerProtocolServerSideTranslatorPB.submitRequest(OzoneManagerProtocolServerSideTranslatorPB.java:148) [ozone-manager-1.4.0-SNAPSHOT.jar:?]
	at org.apache.hadoop.ozone.protocol.proto.OzoneManagerProtocolProtos$OzoneManagerService$2.callBlockingMethod(OzoneManagerProtocolProtos.java) [ozone-interface-client-1.4.0-SNAPSHOT.jar:?]
	at org.apache.hadoop.ipc.ProtobufRpcEngine$Server.processCall(ProtobufRpcEngine.java:484) [hadoop-common-3.3.6.jar:?]
	at org.apache.hadoop.ipc.ProtobufRpcEngine2$Server$ProtoBufRpcInvoker.call(ProtobufRpcEngine2.java:595) [hadoop-common-3.3.6.jar:?]
	at org.apache.hadoop.ipc.ProtobufRpcEngine2$Server$ProtoBufRpcInvoker.call(ProtobufRpcEngine2.java:573) [hadoop-common-3.3.6.jar:?]
	at org.apache.hadoop.ipc.RPC$Server.call(RPC.java:1227) [hadoop-common-3.3.6.jar:?]
	at org.apache.hadoop.ipc.Server$RpcCall.run(Server.java:1094) [hadoop-common-3.3.6.jar:?]
	at org.apache.hadoop.ipc.Server$RpcCall.run(Server.java:1017) [hadoop-common-3.3.6.jar:?]
	at java.security.AccessController.doPrivileged(Native Method) ~[?:1.8.0_382]
	at javax.security.auth.Subject.doAs(Subject.java:422) [?:1.8.0_382]
	at org.apache.hadoop.security.UserGroupInformation.doAs(UserGroupInformation.java:1899) [hadoop-common-3.3.6.jar:?]
	at org.apache.hadoop.ipc.Server$Handler.run(Server.java:3048) [hadoop-common-3.3.6.jar:?]
12:56:06.991 [IPC Server handler 14 on default port 15004] ERROR OMAudit - user=runner | ip=127.0.0.1 | op=GET_FILE_STATUS {volume=volume53983, bucket=bucket27347, key=level0/level2, dataSize=0, replicationConfig=null} | ret=FAILURE
org.apache.hadoop.ozone.om.exceptions.OMException: Unable to get file status: volume: volume53983 bucket: bucket27347 key: level0/level2
	at org.apache.hadoop.ozone.om.KeyManagerImpl.getOzoneFileStatus(KeyManagerImpl.java:1198) ~[ozone-manager-1.4.0-SNAPSHOT.jar:?]
	at org.apache.hadoop.ozone.om.KeyManagerImpl.getFileStatus(KeyManagerImpl.java:1116) ~[ozone-manager-1.4.0-SNAPSHOT.jar:?]
	at org.apache.hadoop.ozone.om.OmMetadataReader.getFileStatus(OmMetadataReader.java:266) ~[ozone-manager-1.4.0-SNAPSHOT.jar:?]
	at org.apache.hadoop.ozone.om.OzoneManager.getFileStatus(OzoneManager.java:3552) ~[ozone-manager-1.4.0-SNAPSHOT.jar:?]
	at org.apache.hadoop.ozone.protocolPB.OzoneManagerRequestHandler.getOzoneFileStatus(OzoneManagerRequestHandler.java:998) ~[ozone-manager-1.4.0-SNAPSHOT.jar:?]
	at org.apache.hadoop.ozone.protocolPB.OzoneManagerRequestHandler.handleReadRequest(OzoneManagerRequestHandler.java:259) ~[ozone-manager-1.4.0-SNAPSHOT.jar:?]
	at org.apache.hadoop.ozone.protocolPB.OzoneManagerProtocolServerSideTranslatorPB.submitReadRequestToOM(OzoneManagerProtocolServerSideTranslatorPB.java:225) ~[ozone-manager-1.4.0-SNAPSHOT.jar:?]
	at org.apache.hadoop.ozone.protocolPB.OzoneManagerProtocolServerSideTranslatorPB.processRequest(OzoneManagerProtocolServerSideTranslatorPB.java:179) ~[ozone-manager-1.4.0-SNAPSHOT.jar:?]
	at org.apache.hadoop.hdds.server.OzoneProtocolMessageDispatcher.processRequest(OzoneProtocolMessageDispatcher.java:87) [hdds-server-framework-1.4.0-SNAPSHOT.jar:?]
	at org.apache.hadoop.ozone.protocolPB.OzoneManagerProtocolServerSideTranslatorPB.submitRequest(OzoneManagerProtocolServerSideTranslatorPB.java:148) [ozone-manager-1.4.0-SNAPSHOT.jar:?]
	at org.apache.hadoop.ozone.protocol.proto.OzoneManagerProtocolProtos$OzoneManagerService$2.callBlockingMethod(OzoneManagerProtocolProtos.java) [ozone-interface-client-1.4.0-SNAPSHOT.jar:?]
	at org.apache.hadoop.ipc.ProtobufRpcEngine$Server.processCall(ProtobufRpcEngine.java:484) [hadoop-common-3.3.6.jar:?]
	at org.apache.hadoop.ipc.ProtobufRpcEngine2$Server$ProtoBufRpcInvoker.call(ProtobufRpcEngine2.java:595) [hadoop-common-3.3.6.jar:?]
	at org.apache.hadoop.ipc.ProtobufRpcEngine2$Server$ProtoBufRpcInvoker.call(ProtobufRpcEngine2.java:573) [hadoop-common-3.3.6.jar:?]
	at org.apache.hadoop.ipc.RPC$Server.call(RPC.java:1227) [hadoop-common-3.3.6.jar:?]
	at org.apache.hadoop.ipc.Server$RpcCall.run(Server.java:1094) [hadoop-common-3.3.6.jar:?]
	at org.apache.hadoop.ipc.Server$RpcCall.run(Server.java:1017) [hadoop-common-3.3.6.jar:?]
	at java.security.AccessController.doPrivileged(Native Method) ~[?:1.8.0_382]
	at javax.security.auth.Subject.doAs(Subject.java:422) [?:1.8.0_382]
	at org.apache.hadoop.security.UserGroupInformation.doAs(UserGroupInformation.java:1899) [hadoop-common-3.3.6.jar:?]
	at org.apache.hadoop.ipc.Server$Handler.run(Server.java:3048) [hadoop-common-3.3.6.jar:?]
12:56:06.993 [IPC Server handler 3 on default port 15004] ERROR OMAudit - user=runner | ip=127.0.0.1 | op=GET_FILE_STATUS {volume=volume53983, bucket=bucket27347, key=level0/level2/level2, dataSize=0, replicationConfig=null} | ret=FAILURE
org.apache.hadoop.ozone.om.exceptions.OMException: Unable to get file status: volume: volume53983 bucket: bucket27347 key: level0/level2/level2
	at org.apache.hadoop.ozone.om.KeyManagerImpl.getOzoneFileStatus(KeyManagerImpl.java:1198) ~[ozone-manager-1.4.0-SNAPSHOT.jar:?]
	at org.apache.hadoop.ozone.om.KeyManagerImpl.getFileStatus(KeyManagerImpl.java:1116) ~[ozone-manager-1.4.0-SNAPSHOT.jar:?]
	at org.apache.hadoop.ozone.om.OmMetadataReader.getFileStatus(OmMetadataReader.java:266) ~[ozone-manager-1.4.0-SNAPSHOT.jar:?]
	at org.apache.hadoop.ozone.om.OzoneManager.getFileStatus(OzoneManager.java:3552) ~[ozone-manager-1.4.0-SNAPSHOT.jar:?]
	at org.apache.hadoop.ozone.protocolPB.OzoneManagerRequestHandler.getOzoneFileStatus(OzoneManagerRequestHandler.java:998) ~[ozone-manager-1.4.0-SNAPSHOT.jar:?]
	at org.apache.hadoop.ozone.protocolPB.OzoneManagerRequestHandler.handleReadRequest(OzoneManagerRequestHandler.java:259) ~[ozone-manager-1.4.0-SNAPSHOT.jar:?]
	at org.apache.hadoop.ozone.protocolPB.OzoneManagerProtocolServerSideTranslatorPB.submitReadRequestToOM(OzoneManagerProtocolServerSideTranslatorPB.java:225) ~[ozone-manager-1.4.0-SNAPSHOT.jar:?]
	at org.apache.hadoop.ozone.protocolPB.OzoneManagerProtocolServerSideTranslatorPB.processRequest(OzoneManagerProtocolServerSideTranslatorPB.java:179) ~[ozone-manager-1.4.0-SNAPSHOT.jar:?]
	at org.apache.hadoop.hdds.server.OzoneProtocolMessageDispatcher.processRequest(OzoneProtocolMessageDispatcher.java:87) [hdds-server-framework-1.4.0-SNAPSHOT.jar:?]
	at org.apache.hadoop.ozone.protocolPB.OzoneManagerProtocolServerSideTranslatorPB.submitRequest(OzoneManagerProtocolServerSideTranslatorPB.java:148) [ozone-manager-1.4.0-SNAPSHOT.jar:?]
	at org.apache.hadoop.ozone.protocol.proto.OzoneManagerProtocolProtos$OzoneManagerService$2.callBlockingMethod(OzoneManagerProtocolProtos.java) [ozone-interface-client-1.4.0-SNAPSHOT.jar:?]
	at org.apache.hadoop.ipc.ProtobufRpcEngine$Server.processCall(ProtobufRpcEngine.java:484) [hadoop-common-3.3.6.jar:?]
	at org.apache.hadoop.ipc.ProtobufRpcEngine2$Server$ProtoBufRpcInvoker.call(ProtobufRpcEngine2.java:595) [hadoop-common-3.3.6.jar:?]
	at org.apache.hadoop.ipc.ProtobufRpcEngine2$Server$ProtoBufRpcInvoker.call(ProtobufRpcEngine2.java:573) [hadoop-common-3.3.6.jar:?]
	at org.apache.hadoop.ipc.RPC$Server.call(RPC.java:1227) [hadoop-common-3.3.6.jar:?]
	at org.apache.hadoop.ipc.Server$RpcCall.run(Server.java:1094) [hadoop-common-3.3.6.jar:?]
	at org.apache.hadoop.ipc.Server$RpcCall.run(Server.java:1017) [hadoop-common-3.3.6.jar:?]
	at java.security.AccessController.doPrivileged(Native Method) ~[?:1.8.0_382]
	at javax.security.auth.Subject.doAs(Subject.java:422) [?:1.8.0_382]
	at org.apache.hadoop.security.UserGroupInformation.doAs(UserGroupInformation.java:1899) [hadoop-common-3.3.6.jar:?]
	at org.apache.hadoop.ipc.Server$Handler.run(Server.java:3048) [hadoop-common-3.3.6.jar:?]
12:56:06.995 [IPC Server handler 13 on default port 15004] ERROR OMAudit - user=runner | ip=127.0.0.1 | op=GET_FILE_STATUS {volume=volume53983, bucket=bucket27347, key=level0/level2/file1, dataSize=0, replicationConfig=null} | ret=FAILURE
org.apache.hadoop.ozone.om.exceptions.OMException: Unable to get file status: volume: volume53983 bucket: bucket27347 key: level0/level2/file1
	at org.apache.hadoop.ozone.om.KeyManagerImpl.getOzoneFileStatus(KeyManagerImpl.java:1198) ~[ozone-manager-1.4.0-SNAPSHOT.jar:?]
	at org.apache.hadoop.ozone.om.KeyManagerImpl.getFileStatus(KeyManagerImpl.java:1116) ~[ozone-manager-1.4.0-SNAPSHOT.jar:?]
	at org.apache.hadoop.ozone.om.OmMetadataReader.getFileStatus(OmMetadataReader.java:266) ~[ozone-manager-1.4.0-SNAPSHOT.jar:?]
	at org.apache.hadoop.ozone.om.OzoneManager.getFileStatus(OzoneManager.java:3552) ~[ozone-manager-1.4.0-SNAPSHOT.jar:?]
	at org.apache.hadoop.ozone.protocolPB.OzoneManagerRequestHandler.getOzoneFileStatus(OzoneManagerRequestHandler.java:998) ~[ozone-manager-1.4.0-SNAPSHOT.jar:?]
	at org.apache.hadoop.ozone.protocolPB.OzoneManagerRequestHandler.handleReadRequest(OzoneManagerRequestHandler.java:259) ~[ozone-manager-1.4.0-SNAPSHOT.jar:?]
	at org.apache.hadoop.ozone.protocolPB.OzoneManagerProtocolServerSideTranslatorPB.submitReadRequestToOM(OzoneManagerProtocolServerSideTranslatorPB.java:225) ~[ozone-manager-1.4.0-SNAPSHOT.jar:?]
	at org.apache.hadoop.ozone.protocolPB.OzoneManagerProtocolServerSideTranslatorPB.processRequest(OzoneManagerProtocolServerSideTranslatorPB.java:179) ~[ozone-manager-1.4.0-SNAPSHOT.jar:?]
	at org.apache.hadoop.hdds.server.OzoneProtocolMessageDispatcher.processRequest(OzoneProtocolMessageDispatcher.java:87) [hdds-server-framework-1.4.0-SNAPSHOT.jar:?]
	at org.apache.hadoop.ozone.protocolPB.OzoneManagerProtocolServerSideTranslatorPB.submitRequest(OzoneManagerProtocolServerSideTranslatorPB.java:148) [ozone-manager-1.4.0-SNAPSHOT.jar:?]
	at org.apache.hadoop.ozone.protocol.proto.OzoneManagerProtocolProtos$OzoneManagerService$2.callBlockingMethod(OzoneManagerProtocolProtos.java) [ozone-interface-client-1.4.0-SNAPSHOT.jar:?]
	at org.apache.hadoop.ipc.ProtobufRpcEngine$Server.processCall(ProtobufRpcEngine.java:484) [hadoop-common-3.3.6.jar:?]
	at org.apache.hadoop.ipc.ProtobufRpcEngine2$Server$ProtoBufRpcInvoker.call(ProtobufRpcEngine2.java:595) [hadoop-common-3.3.6.jar:?]
	at org.apache.hadoop.ipc.ProtobufRpcEngine2$Server$ProtoBufRpcInvoker.call(ProtobufRpcEngine2.java:573) [hadoop-common-3.3.6.jar:?]
	at org.apache.hadoop.ipc.RPC$Server.call(RPC.java:1227) [hadoop-common-3.3.6.jar:?]
	at org.apache.hadoop.ipc.Server$RpcCall.run(Server.java:1094) [hadoop-common-3.3.6.jar:?]
	at org.apache.hadoop.ipc.Server$RpcCall.run(Server.java:1017) [hadoop-common-3.3.6.jar:?]
	at java.security.AccessController.doPrivileged(Native Method) ~[?:1.8.0_382]
	at javax.security.auth.Subject.doAs(Subject.java:422) [?:1.8.0_382]
	at org.apache.hadoop.security.UserGroupInformation.doAs(UserGroupInformation.java:1899) [hadoop-common-3.3.6.jar:?]
	at org.apache.hadoop.ipc.Server$Handler.run(Server.java:3048) [hadoop-common-3.3.6.jar:?]
12:56:06.996 [IPC Server handler 11 on default port 15004] ERROR OMAudit - user=runner | ip=127.0.0.1 | op=GET_FILE_STATUS {volume=volume53983, bucket=bucket27347, key=level0/level2/level2/file1, dataSize=0, replicationConfig=null} | ret=FAILURE
org.apache.hadoop.ozone.om.exceptions.OMException: Unable to get file status: volume: volume53983 bucket: bucket27347 key: level0/level2/level2/file1
	at org.apache.hadoop.ozone.om.KeyManagerImpl.getOzoneFileStatus(KeyManagerImpl.java:1198) ~[ozone-manager-1.4.0-SNAPSHOT.jar:?]
	at org.apache.hadoop.ozone.om.KeyManagerImpl.getFileStatus(KeyManagerImpl.java:1116) ~[ozone-manager-1.4.0-SNAPSHOT.jar:?]
	at org.apache.hadoop.ozone.om.OmMetadataReader.getFileStatus(OmMetadataReader.java:266) ~[ozone-manager-1.4.0-SNAPSHOT.jar:?]
	at org.apache.hadoop.ozone.om.OzoneManager.getFileStatus(OzoneManager.java:3552) ~[ozone-manager-1.4.0-SNAPSHOT.jar:?]
	at org.apache.hadoop.ozone.protocolPB.OzoneManagerRequestHandler.getOzoneFileStatus(OzoneManagerRequestHandler.java:998) ~[ozone-manager-1.4.0-SNAPSHOT.jar:?]
	at org.apache.hadoop.ozone.protocolPB.OzoneManagerRequestHandler.handleReadRequest(OzoneManagerRequestHandler.java:259) ~[ozone-manager-1.4.0-SNAPSHOT.jar:?]
	at org.apache.hadoop.ozone.protocolPB.OzoneManagerProtocolServerSideTranslatorPB.submitReadRequestToOM(OzoneManagerProtocolServerSideTranslatorPB.java:225) ~[ozone-manager-1.4.0-SNAPSHOT.jar:?]
	at org.apache.hadoop.ozone.protocolPB.OzoneManagerProtocolServerSideTranslatorPB.processRequest(OzoneManagerProtocolServerSideTranslatorPB.java:179) ~[ozone-manager-1.4.0-SNAPSHOT.jar:?]
	at org.apache.hadoop.hdds.server.OzoneProtocolMessageDispatcher.processRequest(OzoneProtocolMessageDispatcher.java:87) [hdds-server-framework-1.4.0-SNAPSHOT.jar:?]
	at org.apache.hadoop.ozone.protocolPB.OzoneManagerProtocolServerSideTranslatorPB.submitRequest(OzoneManagerProtocolServerSideTranslatorPB.java:148) [ozone-manager-1.4.0-SNAPSHOT.jar:?]
	at org.apache.hadoop.ozone.protocol.proto.OzoneManagerProtocolProtos$OzoneManagerService$2.callBlockingMethod(OzoneManagerProtocolProtos.java) [ozone-interface-client-1.4.0-SNAPSHOT.jar:?]
	at org.apache.hadoop.ipc.ProtobufRpcEngine$Server.processCall(ProtobufRpcEngine.java:484) [hadoop-common-3.3.6.jar:?]
	at org.apache.hadoop.ipc.ProtobufRpcEngine2$Server$ProtoBufRpcInvoker.call(ProtobufRpcEngine2.java:595) [hadoop-common-3.3.6.jar:?]
	at org.apache.hadoop.ipc.ProtobufRpcEngine2$Server$ProtoBufRpcInvoker.call(ProtobufRpcEngine2.java:573) [hadoop-common-3.3.6.jar:?]
	at org.apache.hadoop.ipc.RPC$Server.call(RPC.java:1227) [hadoop-common-3.3.6.jar:?]
	at org.apache.hadoop.ipc.Server$RpcCall.run(Server.java:1094) [hadoop-common-3.3.6.jar:?]
	at org.apache.hadoop.ipc.Server$RpcCall.run(Server.java:1017) [hadoop-common-3.3.6.jar:?]
	at java.security.AccessController.doPrivileged(Native Method) ~[?:1.8.0_382]
	at javax.security.auth.Subject.doAs(Subject.java:422) [?:1.8.0_382]
	at org.apache.hadoop.security.UserGroupInformation.doAs(UserGroupInformation.java:1899) [hadoop-common-3.3.6.jar:?]
	at org.apache.hadoop.ipc.Server$Handler.run(Server.java:3048) [hadoop-common-3.3.6.jar:?]
12:56:06.998 [IPC Server handler 9 on default port 15004] ERROR OMAudit - user=runner | ip=127.0.0.1 | op=GET_FILE_STATUS {volume=volume53983, bucket=bucket27347, key=level0/level3, dataSize=0, replicationConfig=null} | ret=FAILURE
org.apache.hadoop.ozone.om.exceptions.OMException: Unable to get file status: volume: volume53983 bucket: bucket27347 key: level0/level3
	at org.apache.hadoop.ozone.om.KeyManagerImpl.getOzoneFileStatus(KeyManagerImpl.java:1198) ~[ozone-manager-1.4.0-SNAPSHOT.jar:?]
	at org.apache.hadoop.ozone.om.KeyManagerImpl.getFileStatus(KeyManagerImpl.java:1116) ~[ozone-manager-1.4.0-SNAPSHOT.jar:?]
	at org.apache.hadoop.ozone.om.OmMetadataReader.getFileStatus(OmMetadataReader.java:266) ~[ozone-manager-1.4.0-SNAPSHOT.jar:?]
	at org.apache.hadoop.ozone.om.OzoneManager.getFileStatus(OzoneManager.java:3552) ~[ozone-manager-1.4.0-SNAPSHOT.jar:?]
	at org.apache.hadoop.ozone.protocolPB.OzoneManagerRequestHandler.getOzoneFileStatus(OzoneManagerRequestHandler.java:998) ~[ozone-manager-1.4.0-SNAPSHOT.jar:?]
	at org.apache.hadoop.ozone.protocolPB.OzoneManagerRequestHandler.handleReadRequest(OzoneManagerRequestHandler.java:259) ~[ozone-manager-1.4.0-SNAPSHOT.jar:?]
	at org.apache.hadoop.ozone.protocolPB.OzoneManagerProtocolServerSideTranslatorPB.submitReadRequestToOM(OzoneManagerProtocolServerSideTranslatorPB.java:225) ~[ozone-manager-1.4.0-SNAPSHOT.jar:?]
	at org.apache.hadoop.ozone.protocolPB.OzoneManagerProtocolServerSideTranslatorPB.processRequest(OzoneManagerProtocolServerSideTranslatorPB.java:179) ~[ozone-manager-1.4.0-SNAPSHOT.jar:?]
	at org.apache.hadoop.hdds.server.OzoneProtocolMessageDispatcher.processRequest(OzoneProtocolMessageDispatcher.java:87) [hdds-server-framework-1.4.0-SNAPSHOT.jar:?]
	at org.apache.hadoop.ozone.protocolPB.OzoneManagerProtocolServerSideTranslatorPB.submitRequest(OzoneManagerProtocolServerSideTranslatorPB.java:148) [ozone-manager-1.4.0-SNAPSHOT.jar:?]
	at org.apache.hadoop.ozone.protocol.proto.OzoneManagerProtocolProtos$OzoneManagerService$2.callBlockingMethod(OzoneManagerProtocolProtos.java) [ozone-interface-client-1.4.0-SNAPSHOT.jar:?]
	at org.apache.hadoop.ipc.ProtobufRpcEngine$Server.processCall(ProtobufRpcEngine.java:484) [hadoop-common-3.3.6.jar:?]
	at org.apache.hadoop.ipc.ProtobufRpcEngine2$Server$ProtoBufRpcInvoker.call(ProtobufRpcEngine2.java:595) [hadoop-common-3.3.6.jar:?]
	at org.apache.hadoop.ipc.ProtobufRpcEngine2$Server$ProtoBufRpcInvoker.call(ProtobufRpcEngine2.java:573) [hadoop-common-3.3.6.jar:?]
	at org.apache.hadoop.ipc.RPC$Server.call(RPC.java:1227) [hadoop-common-3.3.6.jar:?]
	at org.apache.hadoop.ipc.Server$RpcCall.run(Server.java:1094) [hadoop-common-3.3.6.jar:?]
	at org.apache.hadoop.ipc.Server$RpcCall.run(Server.java:1017) [hadoop-common-3.3.6.jar:?]
	at java.security.AccessController.doPrivileged(Native Method) ~[?:1.8.0_382]
	at javax.security.auth.Subject.doAs(Subject.java:422) [?:1.8.0_382]
	at org.apache.hadoop.security.UserGroupInformation.doAs(UserGroupInformation.java:1899) [hadoop-common-3.3.6.jar:?]
	at org.apache.hadoop.ipc.Server$Handler.run(Server.java:3048) [hadoop-common-3.3.6.jar:?]
12:56:07.002 [IPC Server handler 8 on default port 15004] ERROR OMAudit - user=runner | ip=127.0.0.1 | op=GET_FILE_STATUS {volume=volume53983, bucket=bucket27347, key=level0/level3/level3, dataSize=0, replicationConfig=null} | ret=FAILURE
org.apache.hadoop.ozone.om.exceptions.OMException: Unable to get file status: volume: volume53983 bucket: bucket27347 key: level0/level3/level3
	at org.apache.hadoop.ozone.om.KeyManagerImpl.getOzoneFileStatus(KeyManagerImpl.java:1198) ~[ozone-manager-1.4.0-SNAPSHOT.jar:?]
	at org.apache.hadoop.ozone.om.KeyManagerImpl.getFileStatus(KeyManagerImpl.java:1116) ~[ozone-manager-1.4.0-SNAPSHOT.jar:?]
	at org.apache.hadoop.ozone.om.OmMetadataReader.getFileStatus(OmMetadataReader.java:266) ~[ozone-manager-1.4.0-SNAPSHOT.jar:?]
	at org.apache.hadoop.ozone.om.OzoneManager.getFileStatus(OzoneManager.java:3552) ~[ozone-manager-1.4.0-SNAPSHOT.jar:?]
	at org.apache.hadoop.ozone.protocolPB.OzoneManagerRequestHandler.getOzoneFileStatus(OzoneManagerRequestHandler.java:998) ~[ozone-manager-1.4.0-SNAPSHOT.jar:?]
	at org.apache.hadoop.ozone.protocolPB.OzoneManagerRequestHandler.handleReadRequest(OzoneManagerRequestHandler.java:259) ~[ozone-manager-1.4.0-SNAPSHOT.jar:?]
	at org.apache.hadoop.ozone.protocolPB.OzoneManagerProtocolServerSideTranslatorPB.submitReadRequestToOM(OzoneManagerProtocolServerSideTranslatorPB.java:225) ~[ozone-manager-1.4.0-SNAPSHOT.jar:?]
	at org.apache.hadoop.ozone.protocolPB.OzoneManagerProtocolServerSideTranslatorPB.processRequest(OzoneManagerProtocolServerSideTranslatorPB.java:179) ~[ozone-manager-1.4.0-SNAPSHOT.jar:?]
	at org.apache.hadoop.hdds.server.OzoneProtocolMessageDispatcher.processRequest(OzoneProtocolMessageDispatcher.java:87) [hdds-server-framework-1.4.0-SNAPSHOT.jar:?]
	at org.apache.hadoop.ozone.protocolPB.OzoneManagerProtocolServerSideTranslatorPB.submitRequest(OzoneManagerProtocolServerSideTranslatorPB.java:148) [ozone-manager-1.4.0-SNAPSHOT.jar:?]
	at org.apache.hadoop.ozone.protocol.proto.OzoneManagerProtocolProtos$OzoneManagerService$2.callBlockingMethod(OzoneManagerProtocolProtos.java) [ozone-interface-client-1.4.0-SNAPSHOT.jar:?]
	at org.apache.hadoop.ipc.ProtobufRpcEngine$Server.processCall(ProtobufRpcEngine.java:484) [hadoop-common-3.3.6.jar:?]
	at org.apache.hadoop.ipc.ProtobufRpcEngine2$Server$ProtoBufRpcInvoker.call(ProtobufRpcEngine2.java:595) [hadoop-common-3.3.6.jar:?]
	at org.apache.hadoop.ipc.ProtobufRpcEngine2$Server$ProtoBufRpcInvoker.call(ProtobufRpcEngine2.java:573) [hadoop-common-3.3.6.jar:?]
	at org.apache.hadoop.ipc.RPC$Server.call(RPC.java:1227) [hadoop-common-3.3.6.jar:?]
	at org.apache.hadoop.ipc.Server$RpcCall.run(Server.java:1094) [hadoop-common-3.3.6.jar:?]
	at org.apache.hadoop.ipc.Server$RpcCall.run(Server.java:1017) [hadoop-common-3.3.6.jar:?]
	at java.security.AccessController.doPrivileged(Native Method) ~[?:1.8.0_382]
	at javax.security.auth.Subject.doAs(Subject.java:422) [?:1.8.0_382]
	at org.apache.hadoop.security.UserGroupInformation.doAs(UserGroupInformation.java:1899) [hadoop-common-3.3.6.jar:?]
	at org.apache.hadoop.ipc.Server$Handler.run(Server.java:3048) [hadoop-common-3.3.6.jar:?]
12:56:07.003 [IPC Server handler 6 on default port 15004] ERROR OMAudit - user=runner | ip=127.0.0.1 | op=GET_FILE_STATUS {volume=volume53983, bucket=bucket27347, key=level0/level3/file1, dataSize=0, replicationConfig=null} | ret=FAILURE
org.apache.hadoop.ozone.om.exceptions.OMException: Unable to get file status: volume: volume53983 bucket: bucket27347 key: level0/level3/file1
	at org.apache.hadoop.ozone.om.KeyManagerImpl.getOzoneFileStatus(KeyManagerImpl.java:1198) ~[ozone-manager-1.4.0-SNAPSHOT.jar:?]
	at org.apache.hadoop.ozone.om.KeyManagerImpl.getFileStatus(KeyManagerImpl.java:1116) ~[ozone-manager-1.4.0-SNAPSHOT.jar:?]
	at org.apache.hadoop.ozone.om.OmMetadataReader.getFileStatus(OmMetadataReader.java:266) ~[ozone-manager-1.4.0-SNAPSHOT.jar:?]
	at org.apache.hadoop.ozone.om.OzoneManager.getFileStatus(OzoneManager.java:3552) ~[ozone-manager-1.4.0-SNAPSHOT.jar:?]
	at org.apache.hadoop.ozone.protocolPB.OzoneManagerRequestHandler.getOzoneFileStatus(OzoneManagerRequestHandler.java:998) ~[ozone-manager-1.4.0-SNAPSHOT.jar:?]
	at org.apache.hadoop.ozone.protocolPB.OzoneManagerRequestHandler.handleReadRequest(OzoneManagerRequestHandler.java:259) ~[ozone-manager-1.4.0-SNAPSHOT.jar:?]
	at org.apache.hadoop.ozone.protocolPB.OzoneManagerProtocolServerSideTranslatorPB.submitReadRequestToOM(OzoneManagerProtocolServerSideTranslatorPB.java:225) ~[ozone-manager-1.4.0-SNAPSHOT.jar:?]
	at org.apache.hadoop.ozone.protocolPB.OzoneManagerProtocolServerSideTranslatorPB.processRequest(OzoneManagerProtocolServerSideTranslatorPB.java:179) ~[ozone-manager-1.4.0-SNAPSHOT.jar:?]
	at org.apache.hadoop.hdds.server.OzoneProtocolMessageDispatcher.processRequest(OzoneProtocolMessageDispatcher.java:87) [hdds-server-framework-1.4.0-SNAPSHOT.jar:?]
	at org.apache.hadoop.ozone.protocolPB.OzoneManagerProtocolServerSideTranslatorPB.submitRequest(OzoneManagerProtocolServerSideTranslatorPB.java:148) [ozone-manager-1.4.0-SNAPSHOT.jar:?]
	at org.apache.hadoop.ozone.protocol.proto.OzoneManagerProtocolProtos$OzoneManagerService$2.callBlockingMethod(OzoneManagerProtocolProtos.java) [ozone-interface-client-1.4.0-SNAPSHOT.jar:?]
	at org.apache.hadoop.ipc.ProtobufRpcEngine$Server.processCall(ProtobufRpcEngine.java:484) [hadoop-common-3.3.6.jar:?]
	at org.apache.hadoop.ipc.ProtobufRpcEngine2$Server$ProtoBufRpcInvoker.call(ProtobufRpcEngine2.java:595) [hadoop-common-3.3.6.jar:?]
	at org.apache.hadoop.ipc.ProtobufRpcEngine2$Server$ProtoBufRpcInvoker.call(ProtobufRpcEngine2.java:573) [hadoop-common-3.3.6.jar:?]
	at org.apache.hadoop.ipc.RPC$Server.call(RPC.java:1227) [hadoop-common-3.3.6.jar:?]
	at org.apache.hadoop.ipc.Server$RpcCall.run(Server.java:1094) [hadoop-common-3.3.6.jar:?]
	at org.apache.hadoop.ipc.Server$RpcCall.run(Server.java:1017) [hadoop-common-3.3.6.jar:?]
	at java.security.AccessController.doPrivileged(Native Method) ~[?:1.8.0_382]
	at javax.security.auth.Subject.doAs(Subject.java:422) [?:1.8.0_382]
	at org.apache.hadoop.security.UserGroupInformation.doAs(UserGroupInformation.java:1899) [hadoop-common-3.3.6.jar:?]
	at org.apache.hadoop.ipc.Server$Handler.run(Server.java:3048) [hadoop-common-3.3.6.jar:?]
12:56:07.005 [IPC Server handler 17 on default port 15004] ERROR OMAudit - user=runner | ip=127.0.0.1 | op=GET_FILE_STATUS {volume=volume53983, bucket=bucket27347, key=level0/level3/level3/file1, dataSize=0, replicationConfig=null} | ret=FAILURE
org.apache.hadoop.ozone.om.exceptions.OMException: Unable to get file status: volume: volume53983 bucket: bucket27347 key: level0/level3/level3/file1
	at org.apache.hadoop.ozone.om.KeyManagerImpl.getOzoneFileStatus(KeyManagerImpl.java:1198) ~[ozone-manager-1.4.0-SNAPSHOT.jar:?]
	at org.apache.hadoop.ozone.om.KeyManagerImpl.getFileStatus(KeyManagerImpl.java:1116) ~[ozone-manager-1.4.0-SNAPSHOT.jar:?]
	at org.apache.hadoop.ozone.om.OmMetadataReader.getFileStatus(OmMetadataReader.java:266) ~[ozone-manager-1.4.0-SNAPSHOT.jar:?]
	at org.apache.hadoop.ozone.om.OzoneManager.getFileStatus(OzoneManager.java:3552) ~[ozone-manager-1.4.0-SNAPSHOT.jar:?]
	at org.apache.hadoop.ozone.protocolPB.OzoneManagerRequestHandler.getOzoneFileStatus(OzoneManagerRequestHandler.java:998) ~[ozone-manager-1.4.0-SNAPSHOT.jar:?]
	at org.apache.hadoop.ozone.protocolPB.OzoneManagerRequestHandler.handleReadRequest(OzoneManagerRequestHandler.java:259) ~[ozone-manager-1.4.0-SNAPSHOT.jar:?]
	at org.apache.hadoop.ozone.protocolPB.OzoneManagerProtocolServerSideTranslatorPB.submitReadRequestToOM(OzoneManagerProtocolServerSideTranslatorPB.java:225) ~[ozone-manager-1.4.0-SNAPSHOT.jar:?]
	at org.apache.hadoop.ozone.protocolPB.OzoneManagerProtocolServerSideTranslatorPB.processRequest(OzoneManagerProtocolServerSideTranslatorPB.java:179) ~[ozone-manager-1.4.0-SNAPSHOT.jar:?]
	at org.apache.hadoop.hdds.server.OzoneProtocolMessageDispatcher.processRequest(OzoneProtocolMessageDispatcher.java:87) [hdds-server-framework-1.4.0-SNAPSHOT.jar:?]
	at org.apache.hadoop.ozone.protocolPB.OzoneManagerProtocolServerSideTranslatorPB.submitRequest(OzoneManagerProtocolServerSideTranslatorPB.java:148) [ozone-manager-1.4.0-SNAPSHOT.jar:?]
	at org.apache.hadoop.ozone.protocol.proto.OzoneManagerProtocolProtos$OzoneManagerService$2.callBlockingMethod(OzoneManagerProtocolProtos.java) [ozone-interface-client-1.4.0-SNAPSHOT.jar:?]
	at org.apache.hadoop.ipc.ProtobufRpcEngine$Server.processCall(ProtobufRpcEngine.java:484) [hadoop-common-3.3.6.jar:?]
	at org.apache.hadoop.ipc.ProtobufRpcEngine2$Server$ProtoBufRpcInvoker.call(ProtobufRpcEngine2.java:595) [hadoop-common-3.3.6.jar:?]
	at org.apache.hadoop.ipc.ProtobufRpcEngine2$Server$ProtoBufRpcInvoker.call(ProtobufRpcEngine2.java:573) [hadoop-common-3.3.6.jar:?]
	at org.apache.hadoop.ipc.RPC$Server.call(RPC.java:1227) [hadoop-common-3.3.6.jar:?]
	at org.apache.hadoop.ipc.Server$RpcCall.run(Server.java:1094) [hadoop-common-3.3.6.jar:?]
	at org.apache.hadoop.ipc.Server$RpcCall.run(Server.java:1017) [hadoop-common-3.3.6.jar:?]
	at java.security.AccessController.doPrivileged(Native Method) ~[?:1.8.0_382]
	at javax.security.auth.Subject.doAs(Subject.java:422) [?:1.8.0_382]
	at org.apache.hadoop.security.UserGroupInformation.doAs(UserGroupInformation.java:1899) [hadoop-common-3.3.6.jar:?]
	at org.apache.hadoop.ipc.Server$Handler.run(Server.java:3048) [hadoop-common-3.3.6.jar:?]
]]></system-out>
  </testcase>
  <testcase name="testRecursiveDelete" classname="TestOzoneFileSystem" time="0.209">
    <system-out><![CDATA[12:57:39.378 [IPC Server handler 12 on default port 15057] ERROR OMAudit - user=runner | ip=127.0.0.1 | op=GET_FILE_STATUS {volume=volume37469, bucket=bucket23551, key=gdir1, dataSize=0, replicationConfig=null} | ret=FAILURE
org.apache.hadoop.ozone.om.exceptions.OMException: Unable to get file status: volume: volume37469 bucket: bucket23551 key: gdir1
	at org.apache.hadoop.ozone.om.KeyManagerImpl.getOzoneFileStatus(KeyManagerImpl.java:1198) ~[ozone-manager-1.4.0-SNAPSHOT.jar:?]
	at org.apache.hadoop.ozone.om.KeyManagerImpl.getFileStatus(KeyManagerImpl.java:1116) ~[ozone-manager-1.4.0-SNAPSHOT.jar:?]
	at org.apache.hadoop.ozone.om.OmMetadataReader.getFileStatus(OmMetadataReader.java:266) ~[ozone-manager-1.4.0-SNAPSHOT.jar:?]
	at org.apache.hadoop.ozone.om.OzoneManager.getFileStatus(OzoneManager.java:3552) ~[ozone-manager-1.4.0-SNAPSHOT.jar:?]
	at org.apache.hadoop.ozone.protocolPB.OzoneManagerRequestHandler.getOzoneFileStatus(OzoneManagerRequestHandler.java:998) ~[ozone-manager-1.4.0-SNAPSHOT.jar:?]
	at org.apache.hadoop.ozone.protocolPB.OzoneManagerRequestHandler.handleReadRequest(OzoneManagerRequestHandler.java:259) ~[ozone-manager-1.4.0-SNAPSHOT.jar:?]
	at org.apache.hadoop.ozone.protocolPB.OzoneManagerProtocolServerSideTranslatorPB.submitRequestDirectlyToOM(OzoneManagerProtocolServerSideTranslatorPB.java:274) ~[ozone-manager-1.4.0-SNAPSHOT.jar:?]
	at org.apache.hadoop.ozone.protocolPB.OzoneManagerProtocolServerSideTranslatorPB.processRequest(OzoneManagerProtocolServerSideTranslatorPB.java:175) ~[ozone-manager-1.4.0-SNAPSHOT.jar:?]
	at org.apache.hadoop.hdds.server.OzoneProtocolMessageDispatcher.processRequest(OzoneProtocolMessageDispatcher.java:87) [hdds-server-framework-1.4.0-SNAPSHOT.jar:?]
	at org.apache.hadoop.ozone.protocolPB.OzoneManagerProtocolServerSideTranslatorPB.submitRequest(OzoneManagerProtocolServerSideTranslatorPB.java:148) [ozone-manager-1.4.0-SNAPSHOT.jar:?]
	at org.apache.hadoop.ozone.protocol.proto.OzoneManagerProtocolProtos$OzoneManagerService$2.callBlockingMethod(OzoneManagerProtocolProtos.java) [ozone-interface-client-1.4.0-SNAPSHOT.jar:?]
	at org.apache.hadoop.ipc.ProtobufRpcEngine$Server.processCall(ProtobufRpcEngine.java:484) [hadoop-common-3.3.6.jar:?]
	at org.apache.hadoop.ipc.ProtobufRpcEngine2$Server$ProtoBufRpcInvoker.call(ProtobufRpcEngine2.java:595) [hadoop-common-3.3.6.jar:?]
	at org.apache.hadoop.ipc.ProtobufRpcEngine2$Server$ProtoBufRpcInvoker.call(ProtobufRpcEngine2.java:573) [hadoop-common-3.3.6.jar:?]
	at org.apache.hadoop.ipc.RPC$Server.call(RPC.java:1227) [hadoop-common-3.3.6.jar:?]
	at org.apache.hadoop.ipc.Server$RpcCall.run(Server.java:1094) [hadoop-common-3.3.6.jar:?]
	at org.apache.hadoop.ipc.Server$RpcCall.run(Server.java:1017) [hadoop-common-3.3.6.jar:?]
	at java.security.AccessController.doPrivileged(Native Method) ~[?:1.8.0_382]
	at javax.security.auth.Subject.doAs(Subject.java:422) [?:1.8.0_382]
	at org.apache.hadoop.security.UserGroupInformation.doAs(UserGroupInformation.java:1899) [hadoop-common-3.3.6.jar:?]
	at org.apache.hadoop.ipc.Server$Handler.run(Server.java:3048) [hadoop-common-3.3.6.jar:?]
12:57:39.379 [IPC Server handler 14 on default port 15057] ERROR OMAudit - user=runner | ip=127.0.0.1 | op=GET_FILE_STATUS {volume=volume37469, bucket=bucket23551, key=gdir1/dir1, dataSize=0, replicationConfig=null} | ret=FAILURE
org.apache.hadoop.ozone.om.exceptions.OMException: Unable to get file status: volume: volume37469 bucket: bucket23551 key: gdir1/dir1
	at org.apache.hadoop.ozone.om.KeyManagerImpl.getOzoneFileStatus(KeyManagerImpl.java:1198) ~[ozone-manager-1.4.0-SNAPSHOT.jar:?]
	at org.apache.hadoop.ozone.om.KeyManagerImpl.getFileStatus(KeyManagerImpl.java:1116) ~[ozone-manager-1.4.0-SNAPSHOT.jar:?]
	at org.apache.hadoop.ozone.om.OmMetadataReader.getFileStatus(OmMetadataReader.java:266) ~[ozone-manager-1.4.0-SNAPSHOT.jar:?]
	at org.apache.hadoop.ozone.om.OzoneManager.getFileStatus(OzoneManager.java:3552) ~[ozone-manager-1.4.0-SNAPSHOT.jar:?]
	at org.apache.hadoop.ozone.protocolPB.OzoneManagerRequestHandler.getOzoneFileStatus(OzoneManagerRequestHandler.java:998) ~[ozone-manager-1.4.0-SNAPSHOT.jar:?]
	at org.apache.hadoop.ozone.protocolPB.OzoneManagerRequestHandler.handleReadRequest(OzoneManagerRequestHandler.java:259) ~[ozone-manager-1.4.0-SNAPSHOT.jar:?]
	at org.apache.hadoop.ozone.protocolPB.OzoneManagerProtocolServerSideTranslatorPB.submitRequestDirectlyToOM(OzoneManagerProtocolServerSideTranslatorPB.java:274) ~[ozone-manager-1.4.0-SNAPSHOT.jar:?]
	at org.apache.hadoop.ozone.protocolPB.OzoneManagerProtocolServerSideTranslatorPB.processRequest(OzoneManagerProtocolServerSideTranslatorPB.java:175) ~[ozone-manager-1.4.0-SNAPSHOT.jar:?]
	at org.apache.hadoop.hdds.server.OzoneProtocolMessageDispatcher.processRequest(OzoneProtocolMessageDispatcher.java:87) [hdds-server-framework-1.4.0-SNAPSHOT.jar:?]
	at org.apache.hadoop.ozone.protocolPB.OzoneManagerProtocolServerSideTranslatorPB.submitRequest(OzoneManagerProtocolServerSideTranslatorPB.java:148) [ozone-manager-1.4.0-SNAPSHOT.jar:?]
	at org.apache.hadoop.ozone.protocol.proto.OzoneManagerProtocolProtos$OzoneManagerService$2.callBlockingMethod(OzoneManagerProtocolProtos.java) [ozone-interface-client-1.4.0-SNAPSHOT.jar:?]
	at org.apache.hadoop.ipc.ProtobufRpcEngine$Server.processCall(ProtobufRpcEngine.java:484) [hadoop-common-3.3.6.jar:?]
	at org.apache.hadoop.ipc.ProtobufRpcEngine2$Server$ProtoBufRpcInvoker.call(ProtobufRpcEngine2.java:595) [hadoop-common-3.3.6.jar:?]
	at org.apache.hadoop.ipc.ProtobufRpcEngine2$Server$ProtoBufRpcInvoker.call(ProtobufRpcEngine2.java:573) [hadoop-common-3.3.6.jar:?]
	at org.apache.hadoop.ipc.RPC$Server.call(RPC.java:1227) [hadoop-common-3.3.6.jar:?]
	at org.apache.hadoop.ipc.Server$RpcCall.run(Server.java:1094) [hadoop-common-3.3.6.jar:?]
	at org.apache.hadoop.ipc.Server$RpcCall.run(Server.java:1017) [hadoop-common-3.3.6.jar:?]
	at java.security.AccessController.doPrivileged(Native Method) ~[?:1.8.0_382]
	at javax.security.auth.Subject.doAs(Subject.java:422) [?:1.8.0_382]
	at org.apache.hadoop.security.UserGroupInformation.doAs(UserGroupInformation.java:1899) [hadoop-common-3.3.6.jar:?]
	at org.apache.hadoop.ipc.Server$Handler.run(Server.java:3048) [hadoop-common-3.3.6.jar:?]
12:57:39.380 [IPC Server handler 13 on default port 15057] ERROR OMAudit - user=runner | ip=127.0.0.1 | op=GET_FILE_STATUS {volume=volume37469, bucket=bucket23551, key=gdir1/dir1/child, dataSize=0, replicationConfig=null} | ret=FAILURE
org.apache.hadoop.ozone.om.exceptions.OMException: Unable to get file status: volume: volume37469 bucket: bucket23551 key: gdir1/dir1/child
	at org.apache.hadoop.ozone.om.KeyManagerImpl.getOzoneFileStatus(KeyManagerImpl.java:1198) ~[ozone-manager-1.4.0-SNAPSHOT.jar:?]
	at org.apache.hadoop.ozone.om.KeyManagerImpl.getFileStatus(KeyManagerImpl.java:1116) ~[ozone-manager-1.4.0-SNAPSHOT.jar:?]
	at org.apache.hadoop.ozone.om.OmMetadataReader.getFileStatus(OmMetadataReader.java:266) ~[ozone-manager-1.4.0-SNAPSHOT.jar:?]
	at org.apache.hadoop.ozone.om.OzoneManager.getFileStatus(OzoneManager.java:3552) ~[ozone-manager-1.4.0-SNAPSHOT.jar:?]
	at org.apache.hadoop.ozone.protocolPB.OzoneManagerRequestHandler.getOzoneFileStatus(OzoneManagerRequestHandler.java:998) ~[ozone-manager-1.4.0-SNAPSHOT.jar:?]
	at org.apache.hadoop.ozone.protocolPB.OzoneManagerRequestHandler.handleReadRequest(OzoneManagerRequestHandler.java:259) ~[ozone-manager-1.4.0-SNAPSHOT.jar:?]
	at org.apache.hadoop.ozone.protocolPB.OzoneManagerProtocolServerSideTranslatorPB.submitRequestDirectlyToOM(OzoneManagerProtocolServerSideTranslatorPB.java:274) ~[ozone-manager-1.4.0-SNAPSHOT.jar:?]
	at org.apache.hadoop.ozone.protocolPB.OzoneManagerProtocolServerSideTranslatorPB.processRequest(OzoneManagerProtocolServerSideTranslatorPB.java:175) ~[ozone-manager-1.4.0-SNAPSHOT.jar:?]
	at org.apache.hadoop.hdds.server.OzoneProtocolMessageDispatcher.processRequest(OzoneProtocolMessageDispatcher.java:87) [hdds-server-framework-1.4.0-SNAPSHOT.jar:?]
	at org.apache.hadoop.ozone.protocolPB.OzoneManagerProtocolServerSideTranslatorPB.submitRequest(OzoneManagerProtocolServerSideTranslatorPB.java:148) [ozone-manager-1.4.0-SNAPSHOT.jar:?]
	at org.apache.hadoop.ozone.protocol.proto.OzoneManagerProtocolProtos$OzoneManagerService$2.callBlockingMethod(OzoneManagerProtocolProtos.java) [ozone-interface-client-1.4.0-SNAPSHOT.jar:?]
	at org.apache.hadoop.ipc.ProtobufRpcEngine$Server.processCall(ProtobufRpcEngine.java:484) [hadoop-common-3.3.6.jar:?]
	at org.apache.hadoop.ipc.ProtobufRpcEngine2$Server$ProtoBufRpcInvoker.call(ProtobufRpcEngine2.java:595) [hadoop-common-3.3.6.jar:?]
	at org.apache.hadoop.ipc.ProtobufRpcEngine2$Server$ProtoBufRpcInvoker.call(ProtobufRpcEngine2.java:573) [hadoop-common-3.3.6.jar:?]
	at org.apache.hadoop.ipc.RPC$Server.call(RPC.java:1227) [hadoop-common-3.3.6.jar:?]
	at org.apache.hadoop.ipc.Server$RpcCall.run(Server.java:1094) [hadoop-common-3.3.6.jar:?]
	at org.apache.hadoop.ipc.Server$RpcCall.run(Server.java:1017) [hadoop-common-3.3.6.jar:?]
	at java.security.AccessController.doPrivileged(Native Method) ~[?:1.8.0_382]
	at javax.security.auth.Subject.doAs(Subject.java:422) [?:1.8.0_382]
	at org.apache.hadoop.security.UserGroupInformation.doAs(UserGroupInformation.java:1899) [hadoop-common-3.3.6.jar:?]
	at org.apache.hadoop.ipc.Server$Handler.run(Server.java:3048) [hadoop-common-3.3.6.jar:?]
12:57:39.381 [IPC Server handler 15 on default port 15057] ERROR OMAudit - user=runner | ip=127.0.0.1 | op=GET_FILE_STATUS {volume=volume37469, bucket=bucket23551, key=gdir1/dir2, dataSize=0, replicationConfig=null} | ret=FAILURE
org.apache.hadoop.ozone.om.exceptions.OMException: Unable to get file status: volume: volume37469 bucket: bucket23551 key: gdir1/dir2
	at org.apache.hadoop.ozone.om.KeyManagerImpl.getOzoneFileStatus(KeyManagerImpl.java:1198) ~[ozone-manager-1.4.0-SNAPSHOT.jar:?]
	at org.apache.hadoop.ozone.om.KeyManagerImpl.getFileStatus(KeyManagerImpl.java:1116) ~[ozone-manager-1.4.0-SNAPSHOT.jar:?]
	at org.apache.hadoop.ozone.om.OmMetadataReader.getFileStatus(OmMetadataReader.java:266) ~[ozone-manager-1.4.0-SNAPSHOT.jar:?]
	at org.apache.hadoop.ozone.om.OzoneManager.getFileStatus(OzoneManager.java:3552) ~[ozone-manager-1.4.0-SNAPSHOT.jar:?]
	at org.apache.hadoop.ozone.protocolPB.OzoneManagerRequestHandler.getOzoneFileStatus(OzoneManagerRequestHandler.java:998) ~[ozone-manager-1.4.0-SNAPSHOT.jar:?]
	at org.apache.hadoop.ozone.protocolPB.OzoneManagerRequestHandler.handleReadRequest(OzoneManagerRequestHandler.java:259) ~[ozone-manager-1.4.0-SNAPSHOT.jar:?]
	at org.apache.hadoop.ozone.protocolPB.OzoneManagerProtocolServerSideTranslatorPB.submitRequestDirectlyToOM(OzoneManagerProtocolServerSideTranslatorPB.java:274) ~[ozone-manager-1.4.0-SNAPSHOT.jar:?]
	at org.apache.hadoop.ozone.protocolPB.OzoneManagerProtocolServerSideTranslatorPB.processRequest(OzoneManagerProtocolServerSideTranslatorPB.java:175) ~[ozone-manager-1.4.0-SNAPSHOT.jar:?]
	at org.apache.hadoop.hdds.server.OzoneProtocolMessageDispatcher.processRequest(OzoneProtocolMessageDispatcher.java:87) [hdds-server-framework-1.4.0-SNAPSHOT.jar:?]
	at org.apache.hadoop.ozone.protocolPB.OzoneManagerProtocolServerSideTranslatorPB.submitRequest(OzoneManagerProtocolServerSideTranslatorPB.java:148) [ozone-manager-1.4.0-SNAPSHOT.jar:?]
	at org.apache.hadoop.ozone.protocol.proto.OzoneManagerProtocolProtos$OzoneManagerService$2.callBlockingMethod(OzoneManagerProtocolProtos.java) [ozone-interface-client-1.4.0-SNAPSHOT.jar:?]
	at org.apache.hadoop.ipc.ProtobufRpcEngine$Server.processCall(ProtobufRpcEngine.java:484) [hadoop-common-3.3.6.jar:?]
	at org.apache.hadoop.ipc.ProtobufRpcEngine2$Server$ProtoBufRpcInvoker.call(ProtobufRpcEngine2.java:595) [hadoop-common-3.3.6.jar:?]
	at org.apache.hadoop.ipc.ProtobufRpcEngine2$Server$ProtoBufRpcInvoker.call(ProtobufRpcEngine2.java:573) [hadoop-common-3.3.6.jar:?]
	at org.apache.hadoop.ipc.RPC$Server.call(RPC.java:1227) [hadoop-common-3.3.6.jar:?]
	at org.apache.hadoop.ipc.Server$RpcCall.run(Server.java:1094) [hadoop-common-3.3.6.jar:?]
	at org.apache.hadoop.ipc.Server$RpcCall.run(Server.java:1017) [hadoop-common-3.3.6.jar:?]
	at java.security.AccessController.doPrivileged(Native Method) ~[?:1.8.0_382]
	at javax.security.auth.Subject.doAs(Subject.java:422) [?:1.8.0_382]
	at org.apache.hadoop.security.UserGroupInformation.doAs(UserGroupInformation.java:1899) [hadoop-common-3.3.6.jar:?]
	at org.apache.hadoop.ipc.Server$Handler.run(Server.java:3048) [hadoop-common-3.3.6.jar:?]
12:57:39.383 [IPC Server handler 16 on default port 15057] ERROR OMAudit - user=runner | ip=127.0.0.1 | op=GET_FILE_STATUS {volume=volume37469, bucket=bucket23551, key=gdir1/dir2/child, dataSize=0, replicationConfig=null} | ret=FAILURE
org.apache.hadoop.ozone.om.exceptions.OMException: Unable to get file status: volume: volume37469 bucket: bucket23551 key: gdir1/dir2/child
	at org.apache.hadoop.ozone.om.KeyManagerImpl.getOzoneFileStatus(KeyManagerImpl.java:1198) ~[ozone-manager-1.4.0-SNAPSHOT.jar:?]
	at org.apache.hadoop.ozone.om.KeyManagerImpl.getFileStatus(KeyManagerImpl.java:1116) ~[ozone-manager-1.4.0-SNAPSHOT.jar:?]
	at org.apache.hadoop.ozone.om.OmMetadataReader.getFileStatus(OmMetadataReader.java:266) ~[ozone-manager-1.4.0-SNAPSHOT.jar:?]
	at org.apache.hadoop.ozone.om.OzoneManager.getFileStatus(OzoneManager.java:3552) ~[ozone-manager-1.4.0-SNAPSHOT.jar:?]
	at org.apache.hadoop.ozone.protocolPB.OzoneManagerRequestHandler.getOzoneFileStatus(OzoneManagerRequestHandler.java:998) ~[ozone-manager-1.4.0-SNAPSHOT.jar:?]
	at org.apache.hadoop.ozone.protocolPB.OzoneManagerRequestHandler.handleReadRequest(OzoneManagerRequestHandler.java:259) ~[ozone-manager-1.4.0-SNAPSHOT.jar:?]
	at org.apache.hadoop.ozone.protocolPB.OzoneManagerProtocolServerSideTranslatorPB.submitRequestDirectlyToOM(OzoneManagerProtocolServerSideTranslatorPB.java:274) ~[ozone-manager-1.4.0-SNAPSHOT.jar:?]
	at org.apache.hadoop.ozone.protocolPB.OzoneManagerProtocolServerSideTranslatorPB.processRequest(OzoneManagerProtocolServerSideTranslatorPB.java:175) ~[ozone-manager-1.4.0-SNAPSHOT.jar:?]
	at org.apache.hadoop.hdds.server.OzoneProtocolMessageDispatcher.processRequest(OzoneProtocolMessageDispatcher.java:87) [hdds-server-framework-1.4.0-SNAPSHOT.jar:?]
	at org.apache.hadoop.ozone.protocolPB.OzoneManagerProtocolServerSideTranslatorPB.submitRequest(OzoneManagerProtocolServerSideTranslatorPB.java:148) [ozone-manager-1.4.0-SNAPSHOT.jar:?]
	at org.apache.hadoop.ozone.protocol.proto.OzoneManagerProtocolProtos$OzoneManagerService$2.callBlockingMethod(OzoneManagerProtocolProtos.java) [ozone-interface-client-1.4.0-SNAPSHOT.jar:?]
	at org.apache.hadoop.ipc.ProtobufRpcEngine$Server.processCall(ProtobufRpcEngine.java:484) [hadoop-common-3.3.6.jar:?]
	at org.apache.hadoop.ipc.ProtobufRpcEngine2$Server$ProtoBufRpcInvoker.call(ProtobufRpcEngine2.java:595) [hadoop-common-3.3.6.jar:?]
	at org.apache.hadoop.ipc.ProtobufRpcEngine2$Server$ProtoBufRpcInvoker.call(ProtobufRpcEngine2.java:573) [hadoop-common-3.3.6.jar:?]
	at org.apache.hadoop.ipc.RPC$Server.call(RPC.java:1227) [hadoop-common-3.3.6.jar:?]
	at org.apache.hadoop.ipc.Server$RpcCall.run(Server.java:1094) [hadoop-common-3.3.6.jar:?]
	at org.apache.hadoop.ipc.Server$RpcCall.run(Server.java:1017) [hadoop-common-3.3.6.jar:?]
	at java.security.AccessController.doPrivileged(Native Method) ~[?:1.8.0_382]
	at javax.security.auth.Subject.doAs(Subject.java:422) [?:1.8.0_382]
	at org.apache.hadoop.security.UserGroupInformation.doAs(UserGroupInformation.java:1899) [hadoop-common-3.3.6.jar:?]
	at org.apache.hadoop.ipc.Server$Handler.run(Server.java:3048) [hadoop-common-3.3.6.jar:?]
12:57:39.384 [IPC Server handler 18 on default port 15057] ERROR OMAudit - user=runner | ip=127.0.0.1 | op=GET_FILE_STATUS {volume=volume37469, bucket=bucket23551, key=gdir1/dir3, dataSize=0, replicationConfig=null} | ret=FAILURE
org.apache.hadoop.ozone.om.exceptions.OMException: Unable to get file status: volume: volume37469 bucket: bucket23551 key: gdir1/dir3
	at org.apache.hadoop.ozone.om.KeyManagerImpl.getOzoneFileStatus(KeyManagerImpl.java:1198) ~[ozone-manager-1.4.0-SNAPSHOT.jar:?]
	at org.apache.hadoop.ozone.om.KeyManagerImpl.getFileStatus(KeyManagerImpl.java:1116) ~[ozone-manager-1.4.0-SNAPSHOT.jar:?]
	at org.apache.hadoop.ozone.om.OmMetadataReader.getFileStatus(OmMetadataReader.java:266) ~[ozone-manager-1.4.0-SNAPSHOT.jar:?]
	at org.apache.hadoop.ozone.om.OzoneManager.getFileStatus(OzoneManager.java:3552) ~[ozone-manager-1.4.0-SNAPSHOT.jar:?]
	at org.apache.hadoop.ozone.protocolPB.OzoneManagerRequestHandler.getOzoneFileStatus(OzoneManagerRequestHandler.java:998) ~[ozone-manager-1.4.0-SNAPSHOT.jar:?]
	at org.apache.hadoop.ozone.protocolPB.OzoneManagerRequestHandler.handleReadRequest(OzoneManagerRequestHandler.java:259) ~[ozone-manager-1.4.0-SNAPSHOT.jar:?]
	at org.apache.hadoop.ozone.protocolPB.OzoneManagerProtocolServerSideTranslatorPB.submitRequestDirectlyToOM(OzoneManagerProtocolServerSideTranslatorPB.java:274) ~[ozone-manager-1.4.0-SNAPSHOT.jar:?]
	at org.apache.hadoop.ozone.protocolPB.OzoneManagerProtocolServerSideTranslatorPB.processRequest(OzoneManagerProtocolServerSideTranslatorPB.java:175) ~[ozone-manager-1.4.0-SNAPSHOT.jar:?]
	at org.apache.hadoop.hdds.server.OzoneProtocolMessageDispatcher.processRequest(OzoneProtocolMessageDispatcher.java:87) [hdds-server-framework-1.4.0-SNAPSHOT.jar:?]
	at org.apache.hadoop.ozone.protocolPB.OzoneManagerProtocolServerSideTranslatorPB.submitRequest(OzoneManagerProtocolServerSideTranslatorPB.java:148) [ozone-manager-1.4.0-SNAPSHOT.jar:?]
	at org.apache.hadoop.ozone.protocol.proto.OzoneManagerProtocolProtos$OzoneManagerService$2.callBlockingMethod(OzoneManagerProtocolProtos.java) [ozone-interface-client-1.4.0-SNAPSHOT.jar:?]
	at org.apache.hadoop.ipc.ProtobufRpcEngine$Server.processCall(ProtobufRpcEngine.java:484) [hadoop-common-3.3.6.jar:?]
	at org.apache.hadoop.ipc.ProtobufRpcEngine2$Server$ProtoBufRpcInvoker.call(ProtobufRpcEngine2.java:595) [hadoop-common-3.3.6.jar:?]
	at org.apache.hadoop.ipc.ProtobufRpcEngine2$Server$ProtoBufRpcInvoker.call(ProtobufRpcEngine2.java:573) [hadoop-common-3.3.6.jar:?]
	at org.apache.hadoop.ipc.RPC$Server.call(RPC.java:1227) [hadoop-common-3.3.6.jar:?]
	at org.apache.hadoop.ipc.Server$RpcCall.run(Server.java:1094) [hadoop-common-3.3.6.jar:?]
	at org.apache.hadoop.ipc.Server$RpcCall.run(Server.java:1017) [hadoop-common-3.3.6.jar:?]
	at java.security.AccessController.doPrivileged(Native Method) ~[?:1.8.0_382]
	at javax.security.auth.Subject.doAs(Subject.java:422) [?:1.8.0_382]
	at org.apache.hadoop.security.UserGroupInformation.doAs(UserGroupInformation.java:1899) [hadoop-common-3.3.6.jar:?]
	at org.apache.hadoop.ipc.Server$Handler.run(Server.java:3048) [hadoop-common-3.3.6.jar:?]
12:57:39.385 [IPC Server handler 17 on default port 15057] ERROR OMAudit - user=runner | ip=127.0.0.1 | op=GET_FILE_STATUS {volume=volume37469, bucket=bucket23551, key=gdir1/dir3/child, dataSize=0, replicationConfig=null} | ret=FAILURE
org.apache.hadoop.ozone.om.exceptions.OMException: Unable to get file status: volume: volume37469 bucket: bucket23551 key: gdir1/dir3/child
	at org.apache.hadoop.ozone.om.KeyManagerImpl.getOzoneFileStatus(KeyManagerImpl.java:1198) ~[ozone-manager-1.4.0-SNAPSHOT.jar:?]
	at org.apache.hadoop.ozone.om.KeyManagerImpl.getFileStatus(KeyManagerImpl.java:1116) ~[ozone-manager-1.4.0-SNAPSHOT.jar:?]
	at org.apache.hadoop.ozone.om.OmMetadataReader.getFileStatus(OmMetadataReader.java:266) ~[ozone-manager-1.4.0-SNAPSHOT.jar:?]
	at org.apache.hadoop.ozone.om.OzoneManager.getFileStatus(OzoneManager.java:3552) ~[ozone-manager-1.4.0-SNAPSHOT.jar:?]
	at org.apache.hadoop.ozone.protocolPB.OzoneManagerRequestHandler.getOzoneFileStatus(OzoneManagerRequestHandler.java:998) ~[ozone-manager-1.4.0-SNAPSHOT.jar:?]
	at org.apache.hadoop.ozone.protocolPB.OzoneManagerRequestHandler.handleReadRequest(OzoneManagerRequestHandler.java:259) ~[ozone-manager-1.4.0-SNAPSHOT.jar:?]
	at org.apache.hadoop.ozone.protocolPB.OzoneManagerProtocolServerSideTranslatorPB.submitRequestDirectlyToOM(OzoneManagerProtocolServerSideTranslatorPB.java:274) ~[ozone-manager-1.4.0-SNAPSHOT.jar:?]
	at org.apache.hadoop.ozone.protocolPB.OzoneManagerProtocolServerSideTranslatorPB.processRequest(OzoneManagerProtocolServerSideTranslatorPB.java:175) ~[ozone-manager-1.4.0-SNAPSHOT.jar:?]
	at org.apache.hadoop.hdds.server.OzoneProtocolMessageDispatcher.processRequest(OzoneProtocolMessageDispatcher.java:87) [hdds-server-framework-1.4.0-SNAPSHOT.jar:?]
	at org.apache.hadoop.ozone.protocolPB.OzoneManagerProtocolServerSideTranslatorPB.submitRequest(OzoneManagerProtocolServerSideTranslatorPB.java:148) [ozone-manager-1.4.0-SNAPSHOT.jar:?]
	at org.apache.hadoop.ozone.protocol.proto.OzoneManagerProtocolProtos$OzoneManagerService$2.callBlockingMethod(OzoneManagerProtocolProtos.java) [ozone-interface-client-1.4.0-SNAPSHOT.jar:?]
	at org.apache.hadoop.ipc.ProtobufRpcEngine$Server.processCall(ProtobufRpcEngine.java:484) [hadoop-common-3.3.6.jar:?]
	at org.apache.hadoop.ipc.ProtobufRpcEngine2$Server$ProtoBufRpcInvoker.call(ProtobufRpcEngine2.java:595) [hadoop-common-3.3.6.jar:?]
	at org.apache.hadoop.ipc.ProtobufRpcEngine2$Server$ProtoBufRpcInvoker.call(ProtobufRpcEngine2.java:573) [hadoop-common-3.3.6.jar:?]
	at org.apache.hadoop.ipc.RPC$Server.call(RPC.java:1227) [hadoop-common-3.3.6.jar:?]
	at org.apache.hadoop.ipc.Server$RpcCall.run(Server.java:1094) [hadoop-common-3.3.6.jar:?]
	at org.apache.hadoop.ipc.Server$RpcCall.run(Server.java:1017) [hadoop-common-3.3.6.jar:?]
	at java.security.AccessController.doPrivileged(Native Method) ~[?:1.8.0_382]
	at javax.security.auth.Subject.doAs(Subject.java:422) [?:1.8.0_382]
	at org.apache.hadoop.security.UserGroupInformation.doAs(UserGroupInformation.java:1899) [hadoop-common-3.3.6.jar:?]
	at org.apache.hadoop.ipc.Server$Handler.run(Server.java:3048) [hadoop-common-3.3.6.jar:?]
12:57:39.386 [IPC Server handler 19 on default port 15057] ERROR OMAudit - user=runner | ip=127.0.0.1 | op=GET_FILE_STATUS {volume=volume37469, bucket=bucket23551, key=gdir1/dir4, dataSize=0, replicationConfig=null} | ret=FAILURE
org.apache.hadoop.ozone.om.exceptions.OMException: Unable to get file status: volume: volume37469 bucket: bucket23551 key: gdir1/dir4
	at org.apache.hadoop.ozone.om.KeyManagerImpl.getOzoneFileStatus(KeyManagerImpl.java:1198) ~[ozone-manager-1.4.0-SNAPSHOT.jar:?]
	at org.apache.hadoop.ozone.om.KeyManagerImpl.getFileStatus(KeyManagerImpl.java:1116) ~[ozone-manager-1.4.0-SNAPSHOT.jar:?]
	at org.apache.hadoop.ozone.om.OmMetadataReader.getFileStatus(OmMetadataReader.java:266) ~[ozone-manager-1.4.0-SNAPSHOT.jar:?]
	at org.apache.hadoop.ozone.om.OzoneManager.getFileStatus(OzoneManager.java:3552) ~[ozone-manager-1.4.0-SNAPSHOT.jar:?]
	at org.apache.hadoop.ozone.protocolPB.OzoneManagerRequestHandler.getOzoneFileStatus(OzoneManagerRequestHandler.java:998) ~[ozone-manager-1.4.0-SNAPSHOT.jar:?]
	at org.apache.hadoop.ozone.protocolPB.OzoneManagerRequestHandler.handleReadRequest(OzoneManagerRequestHandler.java:259) ~[ozone-manager-1.4.0-SNAPSHOT.jar:?]
	at org.apache.hadoop.ozone.protocolPB.OzoneManagerProtocolServerSideTranslatorPB.submitRequestDirectlyToOM(OzoneManagerProtocolServerSideTranslatorPB.java:274) ~[ozone-manager-1.4.0-SNAPSHOT.jar:?]
	at org.apache.hadoop.ozone.protocolPB.OzoneManagerProtocolServerSideTranslatorPB.processRequest(OzoneManagerProtocolServerSideTranslatorPB.java:175) ~[ozone-manager-1.4.0-SNAPSHOT.jar:?]
	at org.apache.hadoop.hdds.server.OzoneProtocolMessageDispatcher.processRequest(OzoneProtocolMessageDispatcher.java:87) [hdds-server-framework-1.4.0-SNAPSHOT.jar:?]
	at org.apache.hadoop.ozone.protocolPB.OzoneManagerProtocolServerSideTranslatorPB.submitRequest(OzoneManagerProtocolServerSideTranslatorPB.java:148) [ozone-manager-1.4.0-SNAPSHOT.jar:?]
	at org.apache.hadoop.ozone.protocol.proto.OzoneManagerProtocolProtos$OzoneManagerService$2.callBlockingMethod(OzoneManagerProtocolProtos.java) [ozone-interface-client-1.4.0-SNAPSHOT.jar:?]
	at org.apache.hadoop.ipc.ProtobufRpcEngine$Server.processCall(ProtobufRpcEngine.java:484) [hadoop-common-3.3.6.jar:?]
	at org.apache.hadoop.ipc.ProtobufRpcEngine2$Server$ProtoBufRpcInvoker.call(ProtobufRpcEngine2.java:595) [hadoop-common-3.3.6.jar:?]
	at org.apache.hadoop.ipc.ProtobufRpcEngine2$Server$ProtoBufRpcInvoker.call(ProtobufRpcEngine2.java:573) [hadoop-common-3.3.6.jar:?]
	at org.apache.hadoop.ipc.RPC$Server.call(RPC.java:1227) [hadoop-common-3.3.6.jar:?]
	at org.apache.hadoop.ipc.Server$RpcCall.run(Server.java:1094) [hadoop-common-3.3.6.jar:?]
	at org.apache.hadoop.ipc.Server$RpcCall.run(Server.java:1017) [hadoop-common-3.3.6.jar:?]
	at java.security.AccessController.doPrivileged(Native Method) ~[?:1.8.0_382]
	at javax.security.auth.Subject.doAs(Subject.java:422) [?:1.8.0_382]
	at org.apache.hadoop.security.UserGroupInformation.doAs(UserGroupInformation.java:1899) [hadoop-common-3.3.6.jar:?]
	at org.apache.hadoop.ipc.Server$Handler.run(Server.java:3048) [hadoop-common-3.3.6.jar:?]
12:57:39.387 [IPC Server handler 0 on default port 15057] ERROR OMAudit - user=runner | ip=127.0.0.1 | op=GET_FILE_STATUS {volume=volume37469, bucket=bucket23551, key=gdir1/dir4/child, dataSize=0, replicationConfig=null} | ret=FAILURE
org.apache.hadoop.ozone.om.exceptions.OMException: Unable to get file status: volume: volume37469 bucket: bucket23551 key: gdir1/dir4/child
	at org.apache.hadoop.ozone.om.KeyManagerImpl.getOzoneFileStatus(KeyManagerImpl.java:1198) ~[ozone-manager-1.4.0-SNAPSHOT.jar:?]
	at org.apache.hadoop.ozone.om.KeyManagerImpl.getFileStatus(KeyManagerImpl.java:1116) ~[ozone-manager-1.4.0-SNAPSHOT.jar:?]
	at org.apache.hadoop.ozone.om.OmMetadataReader.getFileStatus(OmMetadataReader.java:266) ~[ozone-manager-1.4.0-SNAPSHOT.jar:?]
	at org.apache.hadoop.ozone.om.OzoneManager.getFileStatus(OzoneManager.java:3552) ~[ozone-manager-1.4.0-SNAPSHOT.jar:?]
	at org.apache.hadoop.ozone.protocolPB.OzoneManagerRequestHandler.getOzoneFileStatus(OzoneManagerRequestHandler.java:998) ~[ozone-manager-1.4.0-SNAPSHOT.jar:?]
	at org.apache.hadoop.ozone.protocolPB.OzoneManagerRequestHandler.handleReadRequest(OzoneManagerRequestHandler.java:259) ~[ozone-manager-1.4.0-SNAPSHOT.jar:?]
	at org.apache.hadoop.ozone.protocolPB.OzoneManagerProtocolServerSideTranslatorPB.submitRequestDirectlyToOM(OzoneManagerProtocolServerSideTranslatorPB.java:274) ~[ozone-manager-1.4.0-SNAPSHOT.jar:?]
	at org.apache.hadoop.ozone.protocolPB.OzoneManagerProtocolServerSideTranslatorPB.processRequest(OzoneManagerProtocolServerSideTranslatorPB.java:175) ~[ozone-manager-1.4.0-SNAPSHOT.jar:?]
	at org.apache.hadoop.hdds.server.OzoneProtocolMessageDispatcher.processRequest(OzoneProtocolMessageDispatcher.java:87) [hdds-server-framework-1.4.0-SNAPSHOT.jar:?]
	at org.apache.hadoop.ozone.protocolPB.OzoneManagerProtocolServerSideTranslatorPB.submitRequest(OzoneManagerProtocolServerSideTranslatorPB.java:148) [ozone-manager-1.4.0-SNAPSHOT.jar:?]
	at org.apache.hadoop.ozone.protocol.proto.OzoneManagerProtocolProtos$OzoneManagerService$2.callBlockingMethod(OzoneManagerProtocolProtos.java) [ozone-interface-client-1.4.0-SNAPSHOT.jar:?]
	at org.apache.hadoop.ipc.ProtobufRpcEngine$Server.processCall(ProtobufRpcEngine.java:484) [hadoop-common-3.3.6.jar:?]
	at org.apache.hadoop.ipc.ProtobufRpcEngine2$Server$ProtoBufRpcInvoker.call(ProtobufRpcEngine2.java:595) [hadoop-common-3.3.6.jar:?]
	at org.apache.hadoop.ipc.ProtobufRpcEngine2$Server$ProtoBufRpcInvoker.call(ProtobufRpcEngine2.java:573) [hadoop-common-3.3.6.jar:?]
	at org.apache.hadoop.ipc.RPC$Server.call(RPC.java:1227) [hadoop-common-3.3.6.jar:?]
	at org.apache.hadoop.ipc.Server$RpcCall.run(Server.java:1094) [hadoop-common-3.3.6.jar:?]
	at org.apache.hadoop.ipc.Server$RpcCall.run(Server.java:1017) [hadoop-common-3.3.6.jar:?]
	at java.security.AccessController.doPrivileged(Native Method) ~[?:1.8.0_382]
	at javax.security.auth.Subject.doAs(Subject.java:422) [?:1.8.0_382]
	at org.apache.hadoop.security.UserGroupInformation.doAs(UserGroupInformation.java:1899) [hadoop-common-3.3.6.jar:?]
	at org.apache.hadoop.ipc.Server$Handler.run(Server.java:3048) [hadoop-common-3.3.6.jar:?]
12:57:39.389 [IPC Server handler 1 on default port 15057] ERROR OMAudit - user=runner | ip=127.0.0.1 | op=GET_FILE_STATUS {volume=volume37469, bucket=bucket23551, key=gdir1/dir5, dataSize=0, replicationConfig=null} | ret=FAILURE
org.apache.hadoop.ozone.om.exceptions.OMException: Unable to get file status: volume: volume37469 bucket: bucket23551 key: gdir1/dir5
	at org.apache.hadoop.ozone.om.KeyManagerImpl.getOzoneFileStatus(KeyManagerImpl.java:1198) ~[ozone-manager-1.4.0-SNAPSHOT.jar:?]
	at org.apache.hadoop.ozone.om.KeyManagerImpl.getFileStatus(KeyManagerImpl.java:1116) ~[ozone-manager-1.4.0-SNAPSHOT.jar:?]
	at org.apache.hadoop.ozone.om.OmMetadataReader.getFileStatus(OmMetadataReader.java:266) ~[ozone-manager-1.4.0-SNAPSHOT.jar:?]
	at org.apache.hadoop.ozone.om.OzoneManager.getFileStatus(OzoneManager.java:3552) ~[ozone-manager-1.4.0-SNAPSHOT.jar:?]
	at org.apache.hadoop.ozone.protocolPB.OzoneManagerRequestHandler.getOzoneFileStatus(OzoneManagerRequestHandler.java:998) ~[ozone-manager-1.4.0-SNAPSHOT.jar:?]
	at org.apache.hadoop.ozone.protocolPB.OzoneManagerRequestHandler.handleReadRequest(OzoneManagerRequestHandler.java:259) ~[ozone-manager-1.4.0-SNAPSHOT.jar:?]
	at org.apache.hadoop.ozone.protocolPB.OzoneManagerProtocolServerSideTranslatorPB.submitRequestDirectlyToOM(OzoneManagerProtocolServerSideTranslatorPB.java:274) ~[ozone-manager-1.4.0-SNAPSHOT.jar:?]
	at org.apache.hadoop.ozone.protocolPB.OzoneManagerProtocolServerSideTranslatorPB.processRequest(OzoneManagerProtocolServerSideTranslatorPB.java:175) ~[ozone-manager-1.4.0-SNAPSHOT.jar:?]
	at org.apache.hadoop.hdds.server.OzoneProtocolMessageDispatcher.processRequest(OzoneProtocolMessageDispatcher.java:87) [hdds-server-framework-1.4.0-SNAPSHOT.jar:?]
	at org.apache.hadoop.ozone.protocolPB.OzoneManagerProtocolServerSideTranslatorPB.submitRequest(OzoneManagerProtocolServerSideTranslatorPB.java:148) [ozone-manager-1.4.0-SNAPSHOT.jar:?]
	at org.apache.hadoop.ozone.protocol.proto.OzoneManagerProtocolProtos$OzoneManagerService$2.callBlockingMethod(OzoneManagerProtocolProtos.java) [ozone-interface-client-1.4.0-SNAPSHOT.jar:?]
	at org.apache.hadoop.ipc.ProtobufRpcEngine$Server.processCall(ProtobufRpcEngine.java:484) [hadoop-common-3.3.6.jar:?]
	at org.apache.hadoop.ipc.ProtobufRpcEngine2$Server$ProtoBufRpcInvoker.call(ProtobufRpcEngine2.java:595) [hadoop-common-3.3.6.jar:?]
	at org.apache.hadoop.ipc.ProtobufRpcEngine2$Server$ProtoBufRpcInvoker.call(ProtobufRpcEngine2.java:573) [hadoop-common-3.3.6.jar:?]
	at org.apache.hadoop.ipc.RPC$Server.call(RPC.java:1227) [hadoop-common-3.3.6.jar:?]
	at org.apache.hadoop.ipc.Server$RpcCall.run(Server.java:1094) [hadoop-common-3.3.6.jar:?]
	at org.apache.hadoop.ipc.Server$RpcCall.run(Server.java:1017) [hadoop-common-3.3.6.jar:?]
	at java.security.AccessController.doPrivileged(Native Method) ~[?:1.8.0_382]
	at javax.security.auth.Subject.doAs(Subject.java:422) [?:1.8.0_382]
	at org.apache.hadoop.security.UserGroupInformation.doAs(UserGroupInformation.java:1899) [hadoop-common-3.3.6.jar:?]
	at org.apache.hadoop.ipc.Server$Handler.run(Server.java:3048) [hadoop-common-3.3.6.jar:?]
12:57:39.390 [IPC Server handler 2 on default port 15057] ERROR OMAudit - user=runner | ip=127.0.0.1 | op=GET_FILE_STATUS {volume=volume37469, bucket=bucket23551, key=gdir1/dir5/child, dataSize=0, replicationConfig=null} | ret=FAILURE
org.apache.hadoop.ozone.om.exceptions.OMException: Unable to get file status: volume: volume37469 bucket: bucket23551 key: gdir1/dir5/child
	at org.apache.hadoop.ozone.om.KeyManagerImpl.getOzoneFileStatus(KeyManagerImpl.java:1198) ~[ozone-manager-1.4.0-SNAPSHOT.jar:?]
	at org.apache.hadoop.ozone.om.KeyManagerImpl.getFileStatus(KeyManagerImpl.java:1116) ~[ozone-manager-1.4.0-SNAPSHOT.jar:?]
	at org.apache.hadoop.ozone.om.OmMetadataReader.getFileStatus(OmMetadataReader.java:266) ~[ozone-manager-1.4.0-SNAPSHOT.jar:?]
	at org.apache.hadoop.ozone.om.OzoneManager.getFileStatus(OzoneManager.java:3552) ~[ozone-manager-1.4.0-SNAPSHOT.jar:?]
	at org.apache.hadoop.ozone.protocolPB.OzoneManagerRequestHandler.getOzoneFileStatus(OzoneManagerRequestHandler.java:998) ~[ozone-manager-1.4.0-SNAPSHOT.jar:?]
	at org.apache.hadoop.ozone.protocolPB.OzoneManagerRequestHandler.handleReadRequest(OzoneManagerRequestHandler.java:259) ~[ozone-manager-1.4.0-SNAPSHOT.jar:?]
	at org.apache.hadoop.ozone.protocolPB.OzoneManagerProtocolServerSideTranslatorPB.submitRequestDirectlyToOM(OzoneManagerProtocolServerSideTranslatorPB.java:274) ~[ozone-manager-1.4.0-SNAPSHOT.jar:?]
	at org.apache.hadoop.ozone.protocolPB.OzoneManagerProtocolServerSideTranslatorPB.processRequest(OzoneManagerProtocolServerSideTranslatorPB.java:175) ~[ozone-manager-1.4.0-SNAPSHOT.jar:?]
	at org.apache.hadoop.hdds.server.OzoneProtocolMessageDispatcher.processRequest(OzoneProtocolMessageDispatcher.java:87) [hdds-server-framework-1.4.0-SNAPSHOT.jar:?]
	at org.apache.hadoop.ozone.protocolPB.OzoneManagerProtocolServerSideTranslatorPB.submitRequest(OzoneManagerProtocolServerSideTranslatorPB.java:148) [ozone-manager-1.4.0-SNAPSHOT.jar:?]
	at org.apache.hadoop.ozone.protocol.proto.OzoneManagerProtocolProtos$OzoneManagerService$2.callBlockingMethod(OzoneManagerProtocolProtos.java) [ozone-interface-client-1.4.0-SNAPSHOT.jar:?]
	at org.apache.hadoop.ipc.ProtobufRpcEngine$Server.processCall(ProtobufRpcEngine.java:484) [hadoop-common-3.3.6.jar:?]
	at org.apache.hadoop.ipc.ProtobufRpcEngine2$Server$ProtoBufRpcInvoker.call(ProtobufRpcEngine2.java:595) [hadoop-common-3.3.6.jar:?]
	at org.apache.hadoop.ipc.ProtobufRpcEngine2$Server$ProtoBufRpcInvoker.call(ProtobufRpcEngine2.java:573) [hadoop-common-3.3.6.jar:?]
	at org.apache.hadoop.ipc.RPC$Server.call(RPC.java:1227) [hadoop-common-3.3.6.jar:?]
	at org.apache.hadoop.ipc.Server$RpcCall.run(Server.java:1094) [hadoop-common-3.3.6.jar:?]
	at org.apache.hadoop.ipc.Server$RpcCall.run(Server.java:1017) [hadoop-common-3.3.6.jar:?]
	at java.security.AccessController.doPrivileged(Native Method) ~[?:1.8.0_382]
	at javax.security.auth.Subject.doAs(Subject.java:422) [?:1.8.0_382]
	at org.apache.hadoop.security.UserGroupInformation.doAs(UserGroupInformation.java:1899) [hadoop-common-3.3.6.jar:?]
	at org.apache.hadoop.ipc.Server$Handler.run(Server.java:3048) [hadoop-common-3.3.6.jar:?]
12:57:39.392 [IPC Server handler 4 on default port 15057] ERROR OMAudit - user=runner | ip=127.0.0.1 | op=GET_FILE_STATUS {volume=volume37469, bucket=bucket23551, key=gdir1/dir6, dataSize=0, replicationConfig=null} | ret=FAILURE
org.apache.hadoop.ozone.om.exceptions.OMException: Unable to get file status: volume: volume37469 bucket: bucket23551 key: gdir1/dir6
	at org.apache.hadoop.ozone.om.KeyManagerImpl.getOzoneFileStatus(KeyManagerImpl.java:1198) ~[ozone-manager-1.4.0-SNAPSHOT.jar:?]
	at org.apache.hadoop.ozone.om.KeyManagerImpl.getFileStatus(KeyManagerImpl.java:1116) ~[ozone-manager-1.4.0-SNAPSHOT.jar:?]
	at org.apache.hadoop.ozone.om.OmMetadataReader.getFileStatus(OmMetadataReader.java:266) ~[ozone-manager-1.4.0-SNAPSHOT.jar:?]
	at org.apache.hadoop.ozone.om.OzoneManager.getFileStatus(OzoneManager.java:3552) ~[ozone-manager-1.4.0-SNAPSHOT.jar:?]
	at org.apache.hadoop.ozone.protocolPB.OzoneManagerRequestHandler.getOzoneFileStatus(OzoneManagerRequestHandler.java:998) ~[ozone-manager-1.4.0-SNAPSHOT.jar:?]
	at org.apache.hadoop.ozone.protocolPB.OzoneManagerRequestHandler.handleReadRequest(OzoneManagerRequestHandler.java:259) ~[ozone-manager-1.4.0-SNAPSHOT.jar:?]
	at org.apache.hadoop.ozone.protocolPB.OzoneManagerProtocolServerSideTranslatorPB.submitRequestDirectlyToOM(OzoneManagerProtocolServerSideTranslatorPB.java:274) ~[ozone-manager-1.4.0-SNAPSHOT.jar:?]
	at org.apache.hadoop.ozone.protocolPB.OzoneManagerProtocolServerSideTranslatorPB.processRequest(OzoneManagerProtocolServerSideTranslatorPB.java:175) ~[ozone-manager-1.4.0-SNAPSHOT.jar:?]
	at org.apache.hadoop.hdds.server.OzoneProtocolMessageDispatcher.processRequest(OzoneProtocolMessageDispatcher.java:87) [hdds-server-framework-1.4.0-SNAPSHOT.jar:?]
	at org.apache.hadoop.ozone.protocolPB.OzoneManagerProtocolServerSideTranslatorPB.submitRequest(OzoneManagerProtocolServerSideTranslatorPB.java:148) [ozone-manager-1.4.0-SNAPSHOT.jar:?]
	at org.apache.hadoop.ozone.protocol.proto.OzoneManagerProtocolProtos$OzoneManagerService$2.callBlockingMethod(OzoneManagerProtocolProtos.java) [ozone-interface-client-1.4.0-SNAPSHOT.jar:?]
	at org.apache.hadoop.ipc.ProtobufRpcEngine$Server.processCall(ProtobufRpcEngine.java:484) [hadoop-common-3.3.6.jar:?]
	at org.apache.hadoop.ipc.ProtobufRpcEngine2$Server$ProtoBufRpcInvoker.call(ProtobufRpcEngine2.java:595) [hadoop-common-3.3.6.jar:?]
	at org.apache.hadoop.ipc.ProtobufRpcEngine2$Server$ProtoBufRpcInvoker.call(ProtobufRpcEngine2.java:573) [hadoop-common-3.3.6.jar:?]
	at org.apache.hadoop.ipc.RPC$Server.call(RPC.java:1227) [hadoop-common-3.3.6.jar:?]
	at org.apache.hadoop.ipc.Server$RpcCall.run(Server.java:1094) [hadoop-common-3.3.6.jar:?]
	at org.apache.hadoop.ipc.Server$RpcCall.run(Server.java:1017) [hadoop-common-3.3.6.jar:?]
	at java.security.AccessController.doPrivileged(Native Method) ~[?:1.8.0_382]
	at javax.security.auth.Subject.doAs(Subject.java:422) [?:1.8.0_382]
	at org.apache.hadoop.security.UserGroupInformation.doAs(UserGroupInformation.java:1899) [hadoop-common-3.3.6.jar:?]
	at org.apache.hadoop.ipc.Server$Handler.run(Server.java:3048) [hadoop-common-3.3.6.jar:?]
12:57:39.395 [IPC Server handler 3 on default port 15057] ERROR OMAudit - user=runner | ip=127.0.0.1 | op=GET_FILE_STATUS {volume=volume37469, bucket=bucket23551, key=gdir1/dir6/child, dataSize=0, replicationConfig=null} | ret=FAILURE
org.apache.hadoop.ozone.om.exceptions.OMException: Unable to get file status: volume: volume37469 bucket: bucket23551 key: gdir1/dir6/child
	at org.apache.hadoop.ozone.om.KeyManagerImpl.getOzoneFileStatus(KeyManagerImpl.java:1198) ~[ozone-manager-1.4.0-SNAPSHOT.jar:?]
	at org.apache.hadoop.ozone.om.KeyManagerImpl.getFileStatus(KeyManagerImpl.java:1116) ~[ozone-manager-1.4.0-SNAPSHOT.jar:?]
	at org.apache.hadoop.ozone.om.OmMetadataReader.getFileStatus(OmMetadataReader.java:266) ~[ozone-manager-1.4.0-SNAPSHOT.jar:?]
	at org.apache.hadoop.ozone.om.OzoneManager.getFileStatus(OzoneManager.java:3552) ~[ozone-manager-1.4.0-SNAPSHOT.jar:?]
	at org.apache.hadoop.ozone.protocolPB.OzoneManagerRequestHandler.getOzoneFileStatus(OzoneManagerRequestHandler.java:998) ~[ozone-manager-1.4.0-SNAPSHOT.jar:?]
	at org.apache.hadoop.ozone.protocolPB.OzoneManagerRequestHandler.handleReadRequest(OzoneManagerRequestHandler.java:259) ~[ozone-manager-1.4.0-SNAPSHOT.jar:?]
	at org.apache.hadoop.ozone.protocolPB.OzoneManagerProtocolServerSideTranslatorPB.submitRequestDirectlyToOM(OzoneManagerProtocolServerSideTranslatorPB.java:274) ~[ozone-manager-1.4.0-SNAPSHOT.jar:?]
	at org.apache.hadoop.ozone.protocolPB.OzoneManagerProtocolServerSideTranslatorPB.processRequest(OzoneManagerProtocolServerSideTranslatorPB.java:175) ~[ozone-manager-1.4.0-SNAPSHOT.jar:?]
	at org.apache.hadoop.hdds.server.OzoneProtocolMessageDispatcher.processRequest(OzoneProtocolMessageDispatcher.java:87) [hdds-server-framework-1.4.0-SNAPSHOT.jar:?]
	at org.apache.hadoop.ozone.protocolPB.OzoneManagerProtocolServerSideTranslatorPB.submitRequest(OzoneManagerProtocolServerSideTranslatorPB.java:148) [ozone-manager-1.4.0-SNAPSHOT.jar:?]
	at org.apache.hadoop.ozone.protocol.proto.OzoneManagerProtocolProtos$OzoneManagerService$2.callBlockingMethod(OzoneManagerProtocolProtos.java) [ozone-interface-client-1.4.0-SNAPSHOT.jar:?]
	at org.apache.hadoop.ipc.ProtobufRpcEngine$Server.processCall(ProtobufRpcEngine.java:484) [hadoop-common-3.3.6.jar:?]
	at org.apache.hadoop.ipc.ProtobufRpcEngine2$Server$ProtoBufRpcInvoker.call(ProtobufRpcEngine2.java:595) [hadoop-common-3.3.6.jar:?]
	at org.apache.hadoop.ipc.ProtobufRpcEngine2$Server$ProtoBufRpcInvoker.call(ProtobufRpcEngine2.java:573) [hadoop-common-3.3.6.jar:?]
	at org.apache.hadoop.ipc.RPC$Server.call(RPC.java:1227) [hadoop-common-3.3.6.jar:?]
	at org.apache.hadoop.ipc.Server$RpcCall.run(Server.java:1094) [hadoop-common-3.3.6.jar:?]
	at org.apache.hadoop.ipc.Server$RpcCall.run(Server.java:1017) [hadoop-common-3.3.6.jar:?]
	at java.security.AccessController.doPrivileged(Native Method) ~[?:1.8.0_382]
	at javax.security.auth.Subject.doAs(Subject.java:422) [?:1.8.0_382]
	at org.apache.hadoop.security.UserGroupInformation.doAs(UserGroupInformation.java:1899) [hadoop-common-3.3.6.jar:?]
	at org.apache.hadoop.ipc.Server$Handler.run(Server.java:3048) [hadoop-common-3.3.6.jar:?]
12:57:39.397 [IPC Server handler 5 on default port 15057] ERROR OMAudit - user=runner | ip=127.0.0.1 | op=GET_FILE_STATUS {volume=volume37469, bucket=bucket23551, key=gdir1/dir7, dataSize=0, replicationConfig=null} | ret=FAILURE
org.apache.hadoop.ozone.om.exceptions.OMException: Unable to get file status: volume: volume37469 bucket: bucket23551 key: gdir1/dir7
	at org.apache.hadoop.ozone.om.KeyManagerImpl.getOzoneFileStatus(KeyManagerImpl.java:1198) ~[ozone-manager-1.4.0-SNAPSHOT.jar:?]
	at org.apache.hadoop.ozone.om.KeyManagerImpl.getFileStatus(KeyManagerImpl.java:1116) ~[ozone-manager-1.4.0-SNAPSHOT.jar:?]
	at org.apache.hadoop.ozone.om.OmMetadataReader.getFileStatus(OmMetadataReader.java:266) ~[ozone-manager-1.4.0-SNAPSHOT.jar:?]
	at org.apache.hadoop.ozone.om.OzoneManager.getFileStatus(OzoneManager.java:3552) ~[ozone-manager-1.4.0-SNAPSHOT.jar:?]
	at org.apache.hadoop.ozone.protocolPB.OzoneManagerRequestHandler.getOzoneFileStatus(OzoneManagerRequestHandler.java:998) ~[ozone-manager-1.4.0-SNAPSHOT.jar:?]
	at org.apache.hadoop.ozone.protocolPB.OzoneManagerRequestHandler.handleReadRequest(OzoneManagerRequestHandler.java:259) ~[ozone-manager-1.4.0-SNAPSHOT.jar:?]
	at org.apache.hadoop.ozone.protocolPB.OzoneManagerProtocolServerSideTranslatorPB.submitRequestDirectlyToOM(OzoneManagerProtocolServerSideTranslatorPB.java:274) ~[ozone-manager-1.4.0-SNAPSHOT.jar:?]
	at org.apache.hadoop.ozone.protocolPB.OzoneManagerProtocolServerSideTranslatorPB.processRequest(OzoneManagerProtocolServerSideTranslatorPB.java:175) ~[ozone-manager-1.4.0-SNAPSHOT.jar:?]
	at org.apache.hadoop.hdds.server.OzoneProtocolMessageDispatcher.processRequest(OzoneProtocolMessageDispatcher.java:87) [hdds-server-framework-1.4.0-SNAPSHOT.jar:?]
	at org.apache.hadoop.ozone.protocolPB.OzoneManagerProtocolServerSideTranslatorPB.submitRequest(OzoneManagerProtocolServerSideTranslatorPB.java:148) [ozone-manager-1.4.0-SNAPSHOT.jar:?]
	at org.apache.hadoop.ozone.protocol.proto.OzoneManagerProtocolProtos$OzoneManagerService$2.callBlockingMethod(OzoneManagerProtocolProtos.java) [ozone-interface-client-1.4.0-SNAPSHOT.jar:?]
	at org.apache.hadoop.ipc.ProtobufRpcEngine$Server.processCall(ProtobufRpcEngine.java:484) [hadoop-common-3.3.6.jar:?]
	at org.apache.hadoop.ipc.ProtobufRpcEngine2$Server$ProtoBufRpcInvoker.call(ProtobufRpcEngine2.java:595) [hadoop-common-3.3.6.jar:?]
	at org.apache.hadoop.ipc.ProtobufRpcEngine2$Server$ProtoBufRpcInvoker.call(ProtobufRpcEngine2.java:573) [hadoop-common-3.3.6.jar:?]
	at org.apache.hadoop.ipc.RPC$Server.call(RPC.java:1227) [hadoop-common-3.3.6.jar:?]
	at org.apache.hadoop.ipc.Server$RpcCall.run(Server.java:1094) [hadoop-common-3.3.6.jar:?]
	at org.apache.hadoop.ipc.Server$RpcCall.run(Server.java:1017) [hadoop-common-3.3.6.jar:?]
	at java.security.AccessController.doPrivileged(Native Method) ~[?:1.8.0_382]
	at javax.security.auth.Subject.doAs(Subject.java:422) [?:1.8.0_382]
	at org.apache.hadoop.security.UserGroupInformation.doAs(UserGroupInformation.java:1899) [hadoop-common-3.3.6.jar:?]
	at org.apache.hadoop.ipc.Server$Handler.run(Server.java:3048) [hadoop-common-3.3.6.jar:?]
12:57:39.398 [IPC Server handler 7 on default port 15057] ERROR OMAudit - user=runner | ip=127.0.0.1 | op=GET_FILE_STATUS {volume=volume37469, bucket=bucket23551, key=gdir1/dir7/child, dataSize=0, replicationConfig=null} | ret=FAILURE
org.apache.hadoop.ozone.om.exceptions.OMException: Unable to get file status: volume: volume37469 bucket: bucket23551 key: gdir1/dir7/child
	at org.apache.hadoop.ozone.om.KeyManagerImpl.getOzoneFileStatus(KeyManagerImpl.java:1198) ~[ozone-manager-1.4.0-SNAPSHOT.jar:?]
	at org.apache.hadoop.ozone.om.KeyManagerImpl.getFileStatus(KeyManagerImpl.java:1116) ~[ozone-manager-1.4.0-SNAPSHOT.jar:?]
	at org.apache.hadoop.ozone.om.OmMetadataReader.getFileStatus(OmMetadataReader.java:266) ~[ozone-manager-1.4.0-SNAPSHOT.jar:?]
	at org.apache.hadoop.ozone.om.OzoneManager.getFileStatus(OzoneManager.java:3552) ~[ozone-manager-1.4.0-SNAPSHOT.jar:?]
	at org.apache.hadoop.ozone.protocolPB.OzoneManagerRequestHandler.getOzoneFileStatus(OzoneManagerRequestHandler.java:998) ~[ozone-manager-1.4.0-SNAPSHOT.jar:?]
	at org.apache.hadoop.ozone.protocolPB.OzoneManagerRequestHandler.handleReadRequest(OzoneManagerRequestHandler.java:259) ~[ozone-manager-1.4.0-SNAPSHOT.jar:?]
	at org.apache.hadoop.ozone.protocolPB.OzoneManagerProtocolServerSideTranslatorPB.submitRequestDirectlyToOM(OzoneManagerProtocolServerSideTranslatorPB.java:274) ~[ozone-manager-1.4.0-SNAPSHOT.jar:?]
	at org.apache.hadoop.ozone.protocolPB.OzoneManagerProtocolServerSideTranslatorPB.processRequest(OzoneManagerProtocolServerSideTranslatorPB.java:175) ~[ozone-manager-1.4.0-SNAPSHOT.jar:?]
	at org.apache.hadoop.hdds.server.OzoneProtocolMessageDispatcher.processRequest(OzoneProtocolMessageDispatcher.java:87) [hdds-server-framework-1.4.0-SNAPSHOT.jar:?]
	at org.apache.hadoop.ozone.protocolPB.OzoneManagerProtocolServerSideTranslatorPB.submitRequest(OzoneManagerProtocolServerSideTranslatorPB.java:148) [ozone-manager-1.4.0-SNAPSHOT.jar:?]
	at org.apache.hadoop.ozone.protocol.proto.OzoneManagerProtocolProtos$OzoneManagerService$2.callBlockingMethod(OzoneManagerProtocolProtos.java) [ozone-interface-client-1.4.0-SNAPSHOT.jar:?]
	at org.apache.hadoop.ipc.ProtobufRpcEngine$Server.processCall(ProtobufRpcEngine.java:484) [hadoop-common-3.3.6.jar:?]
	at org.apache.hadoop.ipc.ProtobufRpcEngine2$Server$ProtoBufRpcInvoker.call(ProtobufRpcEngine2.java:595) [hadoop-common-3.3.6.jar:?]
	at org.apache.hadoop.ipc.ProtobufRpcEngine2$Server$ProtoBufRpcInvoker.call(ProtobufRpcEngine2.java:573) [hadoop-common-3.3.6.jar:?]
	at org.apache.hadoop.ipc.RPC$Server.call(RPC.java:1227) [hadoop-common-3.3.6.jar:?]
	at org.apache.hadoop.ipc.Server$RpcCall.run(Server.java:1094) [hadoop-common-3.3.6.jar:?]
	at org.apache.hadoop.ipc.Server$RpcCall.run(Server.java:1017) [hadoop-common-3.3.6.jar:?]
	at java.security.AccessController.doPrivileged(Native Method) ~[?:1.8.0_382]
	at javax.security.auth.Subject.doAs(Subject.java:422) [?:1.8.0_382]
	at org.apache.hadoop.security.UserGroupInformation.doAs(UserGroupInformation.java:1899) [hadoop-common-3.3.6.jar:?]
	at org.apache.hadoop.ipc.Server$Handler.run(Server.java:3048) [hadoop-common-3.3.6.jar:?]
12:57:39.399 [IPC Server handler 6 on default port 15057] ERROR OMAudit - user=runner | ip=127.0.0.1 | op=GET_FILE_STATUS {volume=volume37469, bucket=bucket23551, key=gdir1/dir8, dataSize=0, replicationConfig=null} | ret=FAILURE
org.apache.hadoop.ozone.om.exceptions.OMException: Unable to get file status: volume: volume37469 bucket: bucket23551 key: gdir1/dir8
	at org.apache.hadoop.ozone.om.KeyManagerImpl.getOzoneFileStatus(KeyManagerImpl.java:1198) ~[ozone-manager-1.4.0-SNAPSHOT.jar:?]
	at org.apache.hadoop.ozone.om.KeyManagerImpl.getFileStatus(KeyManagerImpl.java:1116) ~[ozone-manager-1.4.0-SNAPSHOT.jar:?]
	at org.apache.hadoop.ozone.om.OmMetadataReader.getFileStatus(OmMetadataReader.java:266) ~[ozone-manager-1.4.0-SNAPSHOT.jar:?]
	at org.apache.hadoop.ozone.om.OzoneManager.getFileStatus(OzoneManager.java:3552) ~[ozone-manager-1.4.0-SNAPSHOT.jar:?]
	at org.apache.hadoop.ozone.protocolPB.OzoneManagerRequestHandler.getOzoneFileStatus(OzoneManagerRequestHandler.java:998) ~[ozone-manager-1.4.0-SNAPSHOT.jar:?]
	at org.apache.hadoop.ozone.protocolPB.OzoneManagerRequestHandler.handleReadRequest(OzoneManagerRequestHandler.java:259) ~[ozone-manager-1.4.0-SNAPSHOT.jar:?]
	at org.apache.hadoop.ozone.protocolPB.OzoneManagerProtocolServerSideTranslatorPB.submitRequestDirectlyToOM(OzoneManagerProtocolServerSideTranslatorPB.java:274) ~[ozone-manager-1.4.0-SNAPSHOT.jar:?]
	at org.apache.hadoop.ozone.protocolPB.OzoneManagerProtocolServerSideTranslatorPB.processRequest(OzoneManagerProtocolServerSideTranslatorPB.java:175) ~[ozone-manager-1.4.0-SNAPSHOT.jar:?]
	at org.apache.hadoop.hdds.server.OzoneProtocolMessageDispatcher.processRequest(OzoneProtocolMessageDispatcher.java:87) [hdds-server-framework-1.4.0-SNAPSHOT.jar:?]
	at org.apache.hadoop.ozone.protocolPB.OzoneManagerProtocolServerSideTranslatorPB.submitRequest(OzoneManagerProtocolServerSideTranslatorPB.java:148) [ozone-manager-1.4.0-SNAPSHOT.jar:?]
	at org.apache.hadoop.ozone.protocol.proto.OzoneManagerProtocolProtos$OzoneManagerService$2.callBlockingMethod(OzoneManagerProtocolProtos.java) [ozone-interface-client-1.4.0-SNAPSHOT.jar:?]
	at org.apache.hadoop.ipc.ProtobufRpcEngine$Server.processCall(ProtobufRpcEngine.java:484) [hadoop-common-3.3.6.jar:?]
	at org.apache.hadoop.ipc.ProtobufRpcEngine2$Server$ProtoBufRpcInvoker.call(ProtobufRpcEngine2.java:595) [hadoop-common-3.3.6.jar:?]
	at org.apache.hadoop.ipc.ProtobufRpcEngine2$Server$ProtoBufRpcInvoker.call(ProtobufRpcEngine2.java:573) [hadoop-common-3.3.6.jar:?]
	at org.apache.hadoop.ipc.RPC$Server.call(RPC.java:1227) [hadoop-common-3.3.6.jar:?]
	at org.apache.hadoop.ipc.Server$RpcCall.run(Server.java:1094) [hadoop-common-3.3.6.jar:?]
	at org.apache.hadoop.ipc.Server$RpcCall.run(Server.java:1017) [hadoop-common-3.3.6.jar:?]
	at java.security.AccessController.doPrivileged(Native Method) ~[?:1.8.0_382]
	at javax.security.auth.Subject.doAs(Subject.java:422) [?:1.8.0_382]
	at org.apache.hadoop.security.UserGroupInformation.doAs(UserGroupInformation.java:1899) [hadoop-common-3.3.6.jar:?]
	at org.apache.hadoop.ipc.Server$Handler.run(Server.java:3048) [hadoop-common-3.3.6.jar:?]
12:57:39.405 [IPC Server handler 8 on default port 15057] ERROR OMAudit - user=runner | ip=127.0.0.1 | op=GET_FILE_STATUS {volume=volume37469, bucket=bucket23551, key=gdir1/dir8/child, dataSize=0, replicationConfig=null} | ret=FAILURE
org.apache.hadoop.ozone.om.exceptions.OMException: Unable to get file status: volume: volume37469 bucket: bucket23551 key: gdir1/dir8/child
	at org.apache.hadoop.ozone.om.KeyManagerImpl.getOzoneFileStatus(KeyManagerImpl.java:1198) ~[ozone-manager-1.4.0-SNAPSHOT.jar:?]
	at org.apache.hadoop.ozone.om.KeyManagerImpl.getFileStatus(KeyManagerImpl.java:1116) ~[ozone-manager-1.4.0-SNAPSHOT.jar:?]
	at org.apache.hadoop.ozone.om.OmMetadataReader.getFileStatus(OmMetadataReader.java:266) ~[ozone-manager-1.4.0-SNAPSHOT.jar:?]
	at org.apache.hadoop.ozone.om.OzoneManager.getFileStatus(OzoneManager.java:3552) ~[ozone-manager-1.4.0-SNAPSHOT.jar:?]
	at org.apache.hadoop.ozone.protocolPB.OzoneManagerRequestHandler.getOzoneFileStatus(OzoneManagerRequestHandler.java:998) ~[ozone-manager-1.4.0-SNAPSHOT.jar:?]
	at org.apache.hadoop.ozone.protocolPB.OzoneManagerRequestHandler.handleReadRequest(OzoneManagerRequestHandler.java:259) ~[ozone-manager-1.4.0-SNAPSHOT.jar:?]
	at org.apache.hadoop.ozone.protocolPB.OzoneManagerProtocolServerSideTranslatorPB.submitRequestDirectlyToOM(OzoneManagerProtocolServerSideTranslatorPB.java:274) ~[ozone-manager-1.4.0-SNAPSHOT.jar:?]
	at org.apache.hadoop.ozone.protocolPB.OzoneManagerProtocolServerSideTranslatorPB.processRequest(OzoneManagerProtocolServerSideTranslatorPB.java:175) ~[ozone-manager-1.4.0-SNAPSHOT.jar:?]
	at org.apache.hadoop.hdds.server.OzoneProtocolMessageDispatcher.processRequest(OzoneProtocolMessageDispatcher.java:87) [hdds-server-framework-1.4.0-SNAPSHOT.jar:?]
	at org.apache.hadoop.ozone.protocolPB.OzoneManagerProtocolServerSideTranslatorPB.submitRequest(OzoneManagerProtocolServerSideTranslatorPB.java:148) [ozone-manager-1.4.0-SNAPSHOT.jar:?]
	at org.apache.hadoop.ozone.protocol.proto.OzoneManagerProtocolProtos$OzoneManagerService$2.callBlockingMethod(OzoneManagerProtocolProtos.java) [ozone-interface-client-1.4.0-SNAPSHOT.jar:?]
	at org.apache.hadoop.ipc.ProtobufRpcEngine$Server.processCall(ProtobufRpcEngine.java:484) [hadoop-common-3.3.6.jar:?]
	at org.apache.hadoop.ipc.ProtobufRpcEngine2$Server$ProtoBufRpcInvoker.call(ProtobufRpcEngine2.java:595) [hadoop-common-3.3.6.jar:?]
	at org.apache.hadoop.ipc.ProtobufRpcEngine2$Server$ProtoBufRpcInvoker.call(ProtobufRpcEngine2.java:573) [hadoop-common-3.3.6.jar:?]
	at org.apache.hadoop.ipc.RPC$Server.call(RPC.java:1227) [hadoop-common-3.3.6.jar:?]
	at org.apache.hadoop.ipc.Server$RpcCall.run(Server.java:1094) [hadoop-common-3.3.6.jar:?]
	at org.apache.hadoop.ipc.Server$RpcCall.run(Server.java:1017) [hadoop-common-3.3.6.jar:?]
	at java.security.AccessController.doPrivileged(Native Method) ~[?:1.8.0_382]
	at javax.security.auth.Subject.doAs(Subject.java:422) [?:1.8.0_382]
	at org.apache.hadoop.security.UserGroupInformation.doAs(UserGroupInformation.java:1899) [hadoop-common-3.3.6.jar:?]
	at org.apache.hadoop.ipc.Server$Handler.run(Server.java:3048) [hadoop-common-3.3.6.jar:?]
12:57:39.408 [IPC Server handler 10 on default port 15057] ERROR OMAudit - user=runner | ip=127.0.0.1 | op=GET_FILE_STATUS {volume=volume37469, bucket=bucket23551, key=gdir1/dir9, dataSize=0, replicationConfig=null} | ret=FAILURE
org.apache.hadoop.ozone.om.exceptions.OMException: Unable to get file status: volume: volume37469 bucket: bucket23551 key: gdir1/dir9
	at org.apache.hadoop.ozone.om.KeyManagerImpl.getOzoneFileStatus(KeyManagerImpl.java:1198) ~[ozone-manager-1.4.0-SNAPSHOT.jar:?]
	at org.apache.hadoop.ozone.om.KeyManagerImpl.getFileStatus(KeyManagerImpl.java:1116) ~[ozone-manager-1.4.0-SNAPSHOT.jar:?]
	at org.apache.hadoop.ozone.om.OmMetadataReader.getFileStatus(OmMetadataReader.java:266) ~[ozone-manager-1.4.0-SNAPSHOT.jar:?]
	at org.apache.hadoop.ozone.om.OzoneManager.getFileStatus(OzoneManager.java:3552) ~[ozone-manager-1.4.0-SNAPSHOT.jar:?]
	at org.apache.hadoop.ozone.protocolPB.OzoneManagerRequestHandler.getOzoneFileStatus(OzoneManagerRequestHandler.java:998) ~[ozone-manager-1.4.0-SNAPSHOT.jar:?]
	at org.apache.hadoop.ozone.protocolPB.OzoneManagerRequestHandler.handleReadRequest(OzoneManagerRequestHandler.java:259) ~[ozone-manager-1.4.0-SNAPSHOT.jar:?]
	at org.apache.hadoop.ozone.protocolPB.OzoneManagerProtocolServerSideTranslatorPB.submitRequestDirectlyToOM(OzoneManagerProtocolServerSideTranslatorPB.java:274) ~[ozone-manager-1.4.0-SNAPSHOT.jar:?]
	at org.apache.hadoop.ozone.protocolPB.OzoneManagerProtocolServerSideTranslatorPB.processRequest(OzoneManagerProtocolServerSideTranslatorPB.java:175) ~[ozone-manager-1.4.0-SNAPSHOT.jar:?]
	at org.apache.hadoop.hdds.server.OzoneProtocolMessageDispatcher.processRequest(OzoneProtocolMessageDispatcher.java:87) [hdds-server-framework-1.4.0-SNAPSHOT.jar:?]
	at org.apache.hadoop.ozone.protocolPB.OzoneManagerProtocolServerSideTranslatorPB.submitRequest(OzoneManagerProtocolServerSideTranslatorPB.java:148) [ozone-manager-1.4.0-SNAPSHOT.jar:?]
	at org.apache.hadoop.ozone.protocol.proto.OzoneManagerProtocolProtos$OzoneManagerService$2.callBlockingMethod(OzoneManagerProtocolProtos.java) [ozone-interface-client-1.4.0-SNAPSHOT.jar:?]
	at org.apache.hadoop.ipc.ProtobufRpcEngine$Server.processCall(ProtobufRpcEngine.java:484) [hadoop-common-3.3.6.jar:?]
	at org.apache.hadoop.ipc.ProtobufRpcEngine2$Server$ProtoBufRpcInvoker.call(ProtobufRpcEngine2.java:595) [hadoop-common-3.3.6.jar:?]
	at org.apache.hadoop.ipc.ProtobufRpcEngine2$Server$ProtoBufRpcInvoker.call(ProtobufRpcEngine2.java:573) [hadoop-common-3.3.6.jar:?]
	at org.apache.hadoop.ipc.RPC$Server.call(RPC.java:1227) [hadoop-common-3.3.6.jar:?]
	at org.apache.hadoop.ipc.Server$RpcCall.run(Server.java:1094) [hadoop-common-3.3.6.jar:?]
	at org.apache.hadoop.ipc.Server$RpcCall.run(Server.java:1017) [hadoop-common-3.3.6.jar:?]
	at java.security.AccessController.doPrivileged(Native Method) ~[?:1.8.0_382]
	at javax.security.auth.Subject.doAs(Subject.java:422) [?:1.8.0_382]
	at org.apache.hadoop.security.UserGroupInformation.doAs(UserGroupInformation.java:1899) [hadoop-common-3.3.6.jar:?]
	at org.apache.hadoop.ipc.Server$Handler.run(Server.java:3048) [hadoop-common-3.3.6.jar:?]
12:57:39.410 [IPC Server handler 9 on default port 15057] ERROR OMAudit - user=runner | ip=127.0.0.1 | op=GET_FILE_STATUS {volume=volume37469, bucket=bucket23551, key=gdir1/dir9/child, dataSize=0, replicationConfig=null} | ret=FAILURE
org.apache.hadoop.ozone.om.exceptions.OMException: Unable to get file status: volume: volume37469 bucket: bucket23551 key: gdir1/dir9/child
	at org.apache.hadoop.ozone.om.KeyManagerImpl.getOzoneFileStatus(KeyManagerImpl.java:1198) ~[ozone-manager-1.4.0-SNAPSHOT.jar:?]
	at org.apache.hadoop.ozone.om.KeyManagerImpl.getFileStatus(KeyManagerImpl.java:1116) ~[ozone-manager-1.4.0-SNAPSHOT.jar:?]
	at org.apache.hadoop.ozone.om.OmMetadataReader.getFileStatus(OmMetadataReader.java:266) ~[ozone-manager-1.4.0-SNAPSHOT.jar:?]
	at org.apache.hadoop.ozone.om.OzoneManager.getFileStatus(OzoneManager.java:3552) ~[ozone-manager-1.4.0-SNAPSHOT.jar:?]
	at org.apache.hadoop.ozone.protocolPB.OzoneManagerRequestHandler.getOzoneFileStatus(OzoneManagerRequestHandler.java:998) ~[ozone-manager-1.4.0-SNAPSHOT.jar:?]
	at org.apache.hadoop.ozone.protocolPB.OzoneManagerRequestHandler.handleReadRequest(OzoneManagerRequestHandler.java:259) ~[ozone-manager-1.4.0-SNAPSHOT.jar:?]
	at org.apache.hadoop.ozone.protocolPB.OzoneManagerProtocolServerSideTranslatorPB.submitRequestDirectlyToOM(OzoneManagerProtocolServerSideTranslatorPB.java:274) ~[ozone-manager-1.4.0-SNAPSHOT.jar:?]
	at org.apache.hadoop.ozone.protocolPB.OzoneManagerProtocolServerSideTranslatorPB.processRequest(OzoneManagerProtocolServerSideTranslatorPB.java:175) ~[ozone-manager-1.4.0-SNAPSHOT.jar:?]
	at org.apache.hadoop.hdds.server.OzoneProtocolMessageDispatcher.processRequest(OzoneProtocolMessageDispatcher.java:87) [hdds-server-framework-1.4.0-SNAPSHOT.jar:?]
	at org.apache.hadoop.ozone.protocolPB.OzoneManagerProtocolServerSideTranslatorPB.submitRequest(OzoneManagerProtocolServerSideTranslatorPB.java:148) [ozone-manager-1.4.0-SNAPSHOT.jar:?]
	at org.apache.hadoop.ozone.protocol.proto.OzoneManagerProtocolProtos$OzoneManagerService$2.callBlockingMethod(OzoneManagerProtocolProtos.java) [ozone-interface-client-1.4.0-SNAPSHOT.jar:?]
	at org.apache.hadoop.ipc.ProtobufRpcEngine$Server.processCall(ProtobufRpcEngine.java:484) [hadoop-common-3.3.6.jar:?]
	at org.apache.hadoop.ipc.ProtobufRpcEngine2$Server$ProtoBufRpcInvoker.call(ProtobufRpcEngine2.java:595) [hadoop-common-3.3.6.jar:?]
	at org.apache.hadoop.ipc.ProtobufRpcEngine2$Server$ProtoBufRpcInvoker.call(ProtobufRpcEngine2.java:573) [hadoop-common-3.3.6.jar:?]
	at org.apache.hadoop.ipc.RPC$Server.call(RPC.java:1227) [hadoop-common-3.3.6.jar:?]
	at org.apache.hadoop.ipc.Server$RpcCall.run(Server.java:1094) [hadoop-common-3.3.6.jar:?]
	at org.apache.hadoop.ipc.Server$RpcCall.run(Server.java:1017) [hadoop-common-3.3.6.jar:?]
	at java.security.AccessController.doPrivileged(Native Method) ~[?:1.8.0_382]
	at javax.security.auth.Subject.doAs(Subject.java:422) [?:1.8.0_382]
	at org.apache.hadoop.security.UserGroupInformation.doAs(UserGroupInformation.java:1899) [hadoop-common-3.3.6.jar:?]
	at org.apache.hadoop.ipc.Server$Handler.run(Server.java:3048) [hadoop-common-3.3.6.jar:?]
12:57:39.411 [IPC Server handler 11 on default port 15057] ERROR OMAudit - user=runner | ip=127.0.0.1 | op=GET_FILE_STATUS {volume=volume37469, bucket=bucket23551, key=gdir1/dir10, dataSize=0, replicationConfig=null} | ret=FAILURE
org.apache.hadoop.ozone.om.exceptions.OMException: Unable to get file status: volume: volume37469 bucket: bucket23551 key: gdir1/dir10
	at org.apache.hadoop.ozone.om.KeyManagerImpl.getOzoneFileStatus(KeyManagerImpl.java:1198) ~[ozone-manager-1.4.0-SNAPSHOT.jar:?]
	at org.apache.hadoop.ozone.om.KeyManagerImpl.getFileStatus(KeyManagerImpl.java:1116) ~[ozone-manager-1.4.0-SNAPSHOT.jar:?]
	at org.apache.hadoop.ozone.om.OmMetadataReader.getFileStatus(OmMetadataReader.java:266) ~[ozone-manager-1.4.0-SNAPSHOT.jar:?]
	at org.apache.hadoop.ozone.om.OzoneManager.getFileStatus(OzoneManager.java:3552) ~[ozone-manager-1.4.0-SNAPSHOT.jar:?]
	at org.apache.hadoop.ozone.protocolPB.OzoneManagerRequestHandler.getOzoneFileStatus(OzoneManagerRequestHandler.java:998) ~[ozone-manager-1.4.0-SNAPSHOT.jar:?]
	at org.apache.hadoop.ozone.protocolPB.OzoneManagerRequestHandler.handleReadRequest(OzoneManagerRequestHandler.java:259) ~[ozone-manager-1.4.0-SNAPSHOT.jar:?]
	at org.apache.hadoop.ozone.protocolPB.OzoneManagerProtocolServerSideTranslatorPB.submitRequestDirectlyToOM(OzoneManagerProtocolServerSideTranslatorPB.java:274) ~[ozone-manager-1.4.0-SNAPSHOT.jar:?]
	at org.apache.hadoop.ozone.protocolPB.OzoneManagerProtocolServerSideTranslatorPB.processRequest(OzoneManagerProtocolServerSideTranslatorPB.java:175) ~[ozone-manager-1.4.0-SNAPSHOT.jar:?]
	at org.apache.hadoop.hdds.server.OzoneProtocolMessageDispatcher.processRequest(OzoneProtocolMessageDispatcher.java:87) [hdds-server-framework-1.4.0-SNAPSHOT.jar:?]
	at org.apache.hadoop.ozone.protocolPB.OzoneManagerProtocolServerSideTranslatorPB.submitRequest(OzoneManagerProtocolServerSideTranslatorPB.java:148) [ozone-manager-1.4.0-SNAPSHOT.jar:?]
	at org.apache.hadoop.ozone.protocol.proto.OzoneManagerProtocolProtos$OzoneManagerService$2.callBlockingMethod(OzoneManagerProtocolProtos.java) [ozone-interface-client-1.4.0-SNAPSHOT.jar:?]
	at org.apache.hadoop.ipc.ProtobufRpcEngine$Server.processCall(ProtobufRpcEngine.java:484) [hadoop-common-3.3.6.jar:?]
	at org.apache.hadoop.ipc.ProtobufRpcEngine2$Server$ProtoBufRpcInvoker.call(ProtobufRpcEngine2.java:595) [hadoop-common-3.3.6.jar:?]
	at org.apache.hadoop.ipc.ProtobufRpcEngine2$Server$ProtoBufRpcInvoker.call(ProtobufRpcEngine2.java:573) [hadoop-common-3.3.6.jar:?]
	at org.apache.hadoop.ipc.RPC$Server.call(RPC.java:1227) [hadoop-common-3.3.6.jar:?]
	at org.apache.hadoop.ipc.Server$RpcCall.run(Server.java:1094) [hadoop-common-3.3.6.jar:?]
	at org.apache.hadoop.ipc.Server$RpcCall.run(Server.java:1017) [hadoop-common-3.3.6.jar:?]
	at java.security.AccessController.doPrivileged(Native Method) ~[?:1.8.0_382]
	at javax.security.auth.Subject.doAs(Subject.java:422) [?:1.8.0_382]
	at org.apache.hadoop.security.UserGroupInformation.doAs(UserGroupInformation.java:1899) [hadoop-common-3.3.6.jar:?]
	at org.apache.hadoop.ipc.Server$Handler.run(Server.java:3048) [hadoop-common-3.3.6.jar:?]
12:57:39.412 [IPC Server handler 12 on default port 15057] ERROR OMAudit - user=runner | ip=127.0.0.1 | op=GET_FILE_STATUS {volume=volume37469, bucket=bucket23551, key=gdir1/dir10/child, dataSize=0, replicationConfig=null} | ret=FAILURE
org.apache.hadoop.ozone.om.exceptions.OMException: Unable to get file status: volume: volume37469 bucket: bucket23551 key: gdir1/dir10/child
	at org.apache.hadoop.ozone.om.KeyManagerImpl.getOzoneFileStatus(KeyManagerImpl.java:1198) ~[ozone-manager-1.4.0-SNAPSHOT.jar:?]
	at org.apache.hadoop.ozone.om.KeyManagerImpl.getFileStatus(KeyManagerImpl.java:1116) ~[ozone-manager-1.4.0-SNAPSHOT.jar:?]
	at org.apache.hadoop.ozone.om.OmMetadataReader.getFileStatus(OmMetadataReader.java:266) ~[ozone-manager-1.4.0-SNAPSHOT.jar:?]
	at org.apache.hadoop.ozone.om.OzoneManager.getFileStatus(OzoneManager.java:3552) ~[ozone-manager-1.4.0-SNAPSHOT.jar:?]
	at org.apache.hadoop.ozone.protocolPB.OzoneManagerRequestHandler.getOzoneFileStatus(OzoneManagerRequestHandler.java:998) ~[ozone-manager-1.4.0-SNAPSHOT.jar:?]
	at org.apache.hadoop.ozone.protocolPB.OzoneManagerRequestHandler.handleReadRequest(OzoneManagerRequestHandler.java:259) ~[ozone-manager-1.4.0-SNAPSHOT.jar:?]
	at org.apache.hadoop.ozone.protocolPB.OzoneManagerProtocolServerSideTranslatorPB.submitRequestDirectlyToOM(OzoneManagerProtocolServerSideTranslatorPB.java:274) ~[ozone-manager-1.4.0-SNAPSHOT.jar:?]
	at org.apache.hadoop.ozone.protocolPB.OzoneManagerProtocolServerSideTranslatorPB.processRequest(OzoneManagerProtocolServerSideTranslatorPB.java:175) ~[ozone-manager-1.4.0-SNAPSHOT.jar:?]
	at org.apache.hadoop.hdds.server.OzoneProtocolMessageDispatcher.processRequest(OzoneProtocolMessageDispatcher.java:87) [hdds-server-framework-1.4.0-SNAPSHOT.jar:?]
	at org.apache.hadoop.ozone.protocolPB.OzoneManagerProtocolServerSideTranslatorPB.submitRequest(OzoneManagerProtocolServerSideTranslatorPB.java:148) [ozone-manager-1.4.0-SNAPSHOT.jar:?]
	at org.apache.hadoop.ozone.protocol.proto.OzoneManagerProtocolProtos$OzoneManagerService$2.callBlockingMethod(OzoneManagerProtocolProtos.java) [ozone-interface-client-1.4.0-SNAPSHOT.jar:?]
	at org.apache.hadoop.ipc.ProtobufRpcEngine$Server.processCall(ProtobufRpcEngine.java:484) [hadoop-common-3.3.6.jar:?]
	at org.apache.hadoop.ipc.ProtobufRpcEngine2$Server$ProtoBufRpcInvoker.call(ProtobufRpcEngine2.java:595) [hadoop-common-3.3.6.jar:?]
	at org.apache.hadoop.ipc.ProtobufRpcEngine2$Server$ProtoBufRpcInvoker.call(ProtobufRpcEngine2.java:573) [hadoop-common-3.3.6.jar:?]
	at org.apache.hadoop.ipc.RPC$Server.call(RPC.java:1227) [hadoop-common-3.3.6.jar:?]
	at org.apache.hadoop.ipc.Server$RpcCall.run(Server.java:1094) [hadoop-common-3.3.6.jar:?]
	at org.apache.hadoop.ipc.Server$RpcCall.run(Server.java:1017) [hadoop-common-3.3.6.jar:?]
	at java.security.AccessController.doPrivileged(Native Method) ~[?:1.8.0_382]
	at javax.security.auth.Subject.doAs(Subject.java:422) [?:1.8.0_382]
	at org.apache.hadoop.security.UserGroupInformation.doAs(UserGroupInformation.java:1899) [hadoop-common-3.3.6.jar:?]
	at org.apache.hadoop.ipc.Server$Handler.run(Server.java:3048) [hadoop-common-3.3.6.jar:?]
12:57:39.486 [IPC Server handler 7 on default port 15057] ERROR OMAudit - user=runner | ip=127.0.0.1 | op=GET_FILE_STATUS {volume=volume37469, bucket=bucket23551, key=level0, dataSize=0, replicationConfig=null} | ret=FAILURE
org.apache.hadoop.ozone.om.exceptions.OMException: Unable to get file status: volume: volume37469 bucket: bucket23551 key: level0
	at org.apache.hadoop.ozone.om.KeyManagerImpl.getOzoneFileStatus(KeyManagerImpl.java:1198) ~[ozone-manager-1.4.0-SNAPSHOT.jar:?]
	at org.apache.hadoop.ozone.om.KeyManagerImpl.getFileStatus(KeyManagerImpl.java:1116) ~[ozone-manager-1.4.0-SNAPSHOT.jar:?]
	at org.apache.hadoop.ozone.om.OmMetadataReader.getFileStatus(OmMetadataReader.java:266) ~[ozone-manager-1.4.0-SNAPSHOT.jar:?]
	at org.apache.hadoop.ozone.om.OzoneManager.getFileStatus(OzoneManager.java:3552) ~[ozone-manager-1.4.0-SNAPSHOT.jar:?]
	at org.apache.hadoop.ozone.protocolPB.OzoneManagerRequestHandler.getOzoneFileStatus(OzoneManagerRequestHandler.java:998) ~[ozone-manager-1.4.0-SNAPSHOT.jar:?]
	at org.apache.hadoop.ozone.protocolPB.OzoneManagerRequestHandler.handleReadRequest(OzoneManagerRequestHandler.java:259) ~[ozone-manager-1.4.0-SNAPSHOT.jar:?]
	at org.apache.hadoop.ozone.protocolPB.OzoneManagerProtocolServerSideTranslatorPB.submitRequestDirectlyToOM(OzoneManagerProtocolServerSideTranslatorPB.java:274) ~[ozone-manager-1.4.0-SNAPSHOT.jar:?]
	at org.apache.hadoop.ozone.protocolPB.OzoneManagerProtocolServerSideTranslatorPB.processRequest(OzoneManagerProtocolServerSideTranslatorPB.java:175) ~[ozone-manager-1.4.0-SNAPSHOT.jar:?]
	at org.apache.hadoop.hdds.server.OzoneProtocolMessageDispatcher.processRequest(OzoneProtocolMessageDispatcher.java:87) [hdds-server-framework-1.4.0-SNAPSHOT.jar:?]
	at org.apache.hadoop.ozone.protocolPB.OzoneManagerProtocolServerSideTranslatorPB.submitRequest(OzoneManagerProtocolServerSideTranslatorPB.java:148) [ozone-manager-1.4.0-SNAPSHOT.jar:?]
	at org.apache.hadoop.ozone.protocol.proto.OzoneManagerProtocolProtos$OzoneManagerService$2.callBlockingMethod(OzoneManagerProtocolProtos.java) [ozone-interface-client-1.4.0-SNAPSHOT.jar:?]
	at org.apache.hadoop.ipc.ProtobufRpcEngine$Server.processCall(ProtobufRpcEngine.java:484) [hadoop-common-3.3.6.jar:?]
	at org.apache.hadoop.ipc.ProtobufRpcEngine2$Server$ProtoBufRpcInvoker.call(ProtobufRpcEngine2.java:595) [hadoop-common-3.3.6.jar:?]
	at org.apache.hadoop.ipc.ProtobufRpcEngine2$Server$ProtoBufRpcInvoker.call(ProtobufRpcEngine2.java:573) [hadoop-common-3.3.6.jar:?]
	at org.apache.hadoop.ipc.RPC$Server.call(RPC.java:1227) [hadoop-common-3.3.6.jar:?]
	at org.apache.hadoop.ipc.Server$RpcCall.run(Server.java:1094) [hadoop-common-3.3.6.jar:?]
	at org.apache.hadoop.ipc.Server$RpcCall.run(Server.java:1017) [hadoop-common-3.3.6.jar:?]
	at java.security.AccessController.doPrivileged(Native Method) ~[?:1.8.0_382]
	at javax.security.auth.Subject.doAs(Subject.java:422) [?:1.8.0_382]
	at org.apache.hadoop.security.UserGroupInformation.doAs(UserGroupInformation.java:1899) [hadoop-common-3.3.6.jar:?]
	at org.apache.hadoop.ipc.Server$Handler.run(Server.java:3048) [hadoop-common-3.3.6.jar:?]
12:57:39.487 [IPC Server handler 6 on default port 15057] ERROR OMAudit - user=runner | ip=127.0.0.1 | op=GET_FILE_STATUS {volume=volume37469, bucket=bucket23551, key=level0/level1, dataSize=0, replicationConfig=null} | ret=FAILURE
org.apache.hadoop.ozone.om.exceptions.OMException: Unable to get file status: volume: volume37469 bucket: bucket23551 key: level0/level1
	at org.apache.hadoop.ozone.om.KeyManagerImpl.getOzoneFileStatus(KeyManagerImpl.java:1198) ~[ozone-manager-1.4.0-SNAPSHOT.jar:?]
	at org.apache.hadoop.ozone.om.KeyManagerImpl.getFileStatus(KeyManagerImpl.java:1116) ~[ozone-manager-1.4.0-SNAPSHOT.jar:?]
	at org.apache.hadoop.ozone.om.OmMetadataReader.getFileStatus(OmMetadataReader.java:266) ~[ozone-manager-1.4.0-SNAPSHOT.jar:?]
	at org.apache.hadoop.ozone.om.OzoneManager.getFileStatus(OzoneManager.java:3552) ~[ozone-manager-1.4.0-SNAPSHOT.jar:?]
	at org.apache.hadoop.ozone.protocolPB.OzoneManagerRequestHandler.getOzoneFileStatus(OzoneManagerRequestHandler.java:998) ~[ozone-manager-1.4.0-SNAPSHOT.jar:?]
	at org.apache.hadoop.ozone.protocolPB.OzoneManagerRequestHandler.handleReadRequest(OzoneManagerRequestHandler.java:259) ~[ozone-manager-1.4.0-SNAPSHOT.jar:?]
	at org.apache.hadoop.ozone.protocolPB.OzoneManagerProtocolServerSideTranslatorPB.submitRequestDirectlyToOM(OzoneManagerProtocolServerSideTranslatorPB.java:274) ~[ozone-manager-1.4.0-SNAPSHOT.jar:?]
	at org.apache.hadoop.ozone.protocolPB.OzoneManagerProtocolServerSideTranslatorPB.processRequest(OzoneManagerProtocolServerSideTranslatorPB.java:175) ~[ozone-manager-1.4.0-SNAPSHOT.jar:?]
	at org.apache.hadoop.hdds.server.OzoneProtocolMessageDispatcher.processRequest(OzoneProtocolMessageDispatcher.java:87) [hdds-server-framework-1.4.0-SNAPSHOT.jar:?]
	at org.apache.hadoop.ozone.protocolPB.OzoneManagerProtocolServerSideTranslatorPB.submitRequest(OzoneManagerProtocolServerSideTranslatorPB.java:148) [ozone-manager-1.4.0-SNAPSHOT.jar:?]
	at org.apache.hadoop.ozone.protocol.proto.OzoneManagerProtocolProtos$OzoneManagerService$2.callBlockingMethod(OzoneManagerProtocolProtos.java) [ozone-interface-client-1.4.0-SNAPSHOT.jar:?]
	at org.apache.hadoop.ipc.ProtobufRpcEngine$Server.processCall(ProtobufRpcEngine.java:484) [hadoop-common-3.3.6.jar:?]
	at org.apache.hadoop.ipc.ProtobufRpcEngine2$Server$ProtoBufRpcInvoker.call(ProtobufRpcEngine2.java:595) [hadoop-common-3.3.6.jar:?]
	at org.apache.hadoop.ipc.ProtobufRpcEngine2$Server$ProtoBufRpcInvoker.call(ProtobufRpcEngine2.java:573) [hadoop-common-3.3.6.jar:?]
	at org.apache.hadoop.ipc.RPC$Server.call(RPC.java:1227) [hadoop-common-3.3.6.jar:?]
	at org.apache.hadoop.ipc.Server$RpcCall.run(Server.java:1094) [hadoop-common-3.3.6.jar:?]
	at org.apache.hadoop.ipc.Server$RpcCall.run(Server.java:1017) [hadoop-common-3.3.6.jar:?]
	at java.security.AccessController.doPrivileged(Native Method) ~[?:1.8.0_382]
	at javax.security.auth.Subject.doAs(Subject.java:422) [?:1.8.0_382]
	at org.apache.hadoop.security.UserGroupInformation.doAs(UserGroupInformation.java:1899) [hadoop-common-3.3.6.jar:?]
	at org.apache.hadoop.ipc.Server$Handler.run(Server.java:3048) [hadoop-common-3.3.6.jar:?]
12:57:39.488 [IPC Server handler 8 on default port 15057] ERROR OMAudit - user=runner | ip=127.0.0.1 | op=GET_FILE_STATUS {volume=volume37469, bucket=bucket23551, key=level0/level1/level1, dataSize=0, replicationConfig=null} | ret=FAILURE
org.apache.hadoop.ozone.om.exceptions.OMException: Unable to get file status: volume: volume37469 bucket: bucket23551 key: level0/level1/level1
	at org.apache.hadoop.ozone.om.KeyManagerImpl.getOzoneFileStatus(KeyManagerImpl.java:1198) ~[ozone-manager-1.4.0-SNAPSHOT.jar:?]
	at org.apache.hadoop.ozone.om.KeyManagerImpl.getFileStatus(KeyManagerImpl.java:1116) ~[ozone-manager-1.4.0-SNAPSHOT.jar:?]
	at org.apache.hadoop.ozone.om.OmMetadataReader.getFileStatus(OmMetadataReader.java:266) ~[ozone-manager-1.4.0-SNAPSHOT.jar:?]
	at org.apache.hadoop.ozone.om.OzoneManager.getFileStatus(OzoneManager.java:3552) ~[ozone-manager-1.4.0-SNAPSHOT.jar:?]
	at org.apache.hadoop.ozone.protocolPB.OzoneManagerRequestHandler.getOzoneFileStatus(OzoneManagerRequestHandler.java:998) ~[ozone-manager-1.4.0-SNAPSHOT.jar:?]
	at org.apache.hadoop.ozone.protocolPB.OzoneManagerRequestHandler.handleReadRequest(OzoneManagerRequestHandler.java:259) ~[ozone-manager-1.4.0-SNAPSHOT.jar:?]
	at org.apache.hadoop.ozone.protocolPB.OzoneManagerProtocolServerSideTranslatorPB.submitRequestDirectlyToOM(OzoneManagerProtocolServerSideTranslatorPB.java:274) ~[ozone-manager-1.4.0-SNAPSHOT.jar:?]
	at org.apache.hadoop.ozone.protocolPB.OzoneManagerProtocolServerSideTranslatorPB.processRequest(OzoneManagerProtocolServerSideTranslatorPB.java:175) ~[ozone-manager-1.4.0-SNAPSHOT.jar:?]
	at org.apache.hadoop.hdds.server.OzoneProtocolMessageDispatcher.processRequest(OzoneProtocolMessageDispatcher.java:87) [hdds-server-framework-1.4.0-SNAPSHOT.jar:?]
	at org.apache.hadoop.ozone.protocolPB.OzoneManagerProtocolServerSideTranslatorPB.submitRequest(OzoneManagerProtocolServerSideTranslatorPB.java:148) [ozone-manager-1.4.0-SNAPSHOT.jar:?]
	at org.apache.hadoop.ozone.protocol.proto.OzoneManagerProtocolProtos$OzoneManagerService$2.callBlockingMethod(OzoneManagerProtocolProtos.java) [ozone-interface-client-1.4.0-SNAPSHOT.jar:?]
	at org.apache.hadoop.ipc.ProtobufRpcEngine$Server.processCall(ProtobufRpcEngine.java:484) [hadoop-common-3.3.6.jar:?]
	at org.apache.hadoop.ipc.ProtobufRpcEngine2$Server$ProtoBufRpcInvoker.call(ProtobufRpcEngine2.java:595) [hadoop-common-3.3.6.jar:?]
	at org.apache.hadoop.ipc.ProtobufRpcEngine2$Server$ProtoBufRpcInvoker.call(ProtobufRpcEngine2.java:573) [hadoop-common-3.3.6.jar:?]
	at org.apache.hadoop.ipc.RPC$Server.call(RPC.java:1227) [hadoop-common-3.3.6.jar:?]
	at org.apache.hadoop.ipc.Server$RpcCall.run(Server.java:1094) [hadoop-common-3.3.6.jar:?]
	at org.apache.hadoop.ipc.Server$RpcCall.run(Server.java:1017) [hadoop-common-3.3.6.jar:?]
	at java.security.AccessController.doPrivileged(Native Method) ~[?:1.8.0_382]
	at javax.security.auth.Subject.doAs(Subject.java:422) [?:1.8.0_382]
	at org.apache.hadoop.security.UserGroupInformation.doAs(UserGroupInformation.java:1899) [hadoop-common-3.3.6.jar:?]
	at org.apache.hadoop.ipc.Server$Handler.run(Server.java:3048) [hadoop-common-3.3.6.jar:?]
12:57:39.490 [IPC Server handler 10 on default port 15057] ERROR OMAudit - user=runner | ip=127.0.0.1 | op=GET_FILE_STATUS {volume=volume37469, bucket=bucket23551, key=level0/level1/file1, dataSize=0, replicationConfig=null} | ret=FAILURE
org.apache.hadoop.ozone.om.exceptions.OMException: Unable to get file status: volume: volume37469 bucket: bucket23551 key: level0/level1/file1
	at org.apache.hadoop.ozone.om.KeyManagerImpl.getOzoneFileStatus(KeyManagerImpl.java:1198) ~[ozone-manager-1.4.0-SNAPSHOT.jar:?]
	at org.apache.hadoop.ozone.om.KeyManagerImpl.getFileStatus(KeyManagerImpl.java:1116) ~[ozone-manager-1.4.0-SNAPSHOT.jar:?]
	at org.apache.hadoop.ozone.om.OmMetadataReader.getFileStatus(OmMetadataReader.java:266) ~[ozone-manager-1.4.0-SNAPSHOT.jar:?]
	at org.apache.hadoop.ozone.om.OzoneManager.getFileStatus(OzoneManager.java:3552) ~[ozone-manager-1.4.0-SNAPSHOT.jar:?]
	at org.apache.hadoop.ozone.protocolPB.OzoneManagerRequestHandler.getOzoneFileStatus(OzoneManagerRequestHandler.java:998) ~[ozone-manager-1.4.0-SNAPSHOT.jar:?]
	at org.apache.hadoop.ozone.protocolPB.OzoneManagerRequestHandler.handleReadRequest(OzoneManagerRequestHandler.java:259) ~[ozone-manager-1.4.0-SNAPSHOT.jar:?]
	at org.apache.hadoop.ozone.protocolPB.OzoneManagerProtocolServerSideTranslatorPB.submitRequestDirectlyToOM(OzoneManagerProtocolServerSideTranslatorPB.java:274) ~[ozone-manager-1.4.0-SNAPSHOT.jar:?]
	at org.apache.hadoop.ozone.protocolPB.OzoneManagerProtocolServerSideTranslatorPB.processRequest(OzoneManagerProtocolServerSideTranslatorPB.java:175) ~[ozone-manager-1.4.0-SNAPSHOT.jar:?]
	at org.apache.hadoop.hdds.server.OzoneProtocolMessageDispatcher.processRequest(OzoneProtocolMessageDispatcher.java:87) [hdds-server-framework-1.4.0-SNAPSHOT.jar:?]
	at org.apache.hadoop.ozone.protocolPB.OzoneManagerProtocolServerSideTranslatorPB.submitRequest(OzoneManagerProtocolServerSideTranslatorPB.java:148) [ozone-manager-1.4.0-SNAPSHOT.jar:?]
	at org.apache.hadoop.ozone.protocol.proto.OzoneManagerProtocolProtos$OzoneManagerService$2.callBlockingMethod(OzoneManagerProtocolProtos.java) [ozone-interface-client-1.4.0-SNAPSHOT.jar:?]
	at org.apache.hadoop.ipc.ProtobufRpcEngine$Server.processCall(ProtobufRpcEngine.java:484) [hadoop-common-3.3.6.jar:?]
	at org.apache.hadoop.ipc.ProtobufRpcEngine2$Server$ProtoBufRpcInvoker.call(ProtobufRpcEngine2.java:595) [hadoop-common-3.3.6.jar:?]
	at org.apache.hadoop.ipc.ProtobufRpcEngine2$Server$ProtoBufRpcInvoker.call(ProtobufRpcEngine2.java:573) [hadoop-common-3.3.6.jar:?]
	at org.apache.hadoop.ipc.RPC$Server.call(RPC.java:1227) [hadoop-common-3.3.6.jar:?]
	at org.apache.hadoop.ipc.Server$RpcCall.run(Server.java:1094) [hadoop-common-3.3.6.jar:?]
	at org.apache.hadoop.ipc.Server$RpcCall.run(Server.java:1017) [hadoop-common-3.3.6.jar:?]
	at java.security.AccessController.doPrivileged(Native Method) ~[?:1.8.0_382]
	at javax.security.auth.Subject.doAs(Subject.java:422) [?:1.8.0_382]
	at org.apache.hadoop.security.UserGroupInformation.doAs(UserGroupInformation.java:1899) [hadoop-common-3.3.6.jar:?]
	at org.apache.hadoop.ipc.Server$Handler.run(Server.java:3048) [hadoop-common-3.3.6.jar:?]
12:57:39.491 [IPC Server handler 9 on default port 15057] ERROR OMAudit - user=runner | ip=127.0.0.1 | op=GET_FILE_STATUS {volume=volume37469, bucket=bucket23551, key=level0/level1/level1/file1, dataSize=0, replicationConfig=null} | ret=FAILURE
org.apache.hadoop.ozone.om.exceptions.OMException: Unable to get file status: volume: volume37469 bucket: bucket23551 key: level0/level1/level1/file1
	at org.apache.hadoop.ozone.om.KeyManagerImpl.getOzoneFileStatus(KeyManagerImpl.java:1198) ~[ozone-manager-1.4.0-SNAPSHOT.jar:?]
	at org.apache.hadoop.ozone.om.KeyManagerImpl.getFileStatus(KeyManagerImpl.java:1116) ~[ozone-manager-1.4.0-SNAPSHOT.jar:?]
	at org.apache.hadoop.ozone.om.OmMetadataReader.getFileStatus(OmMetadataReader.java:266) ~[ozone-manager-1.4.0-SNAPSHOT.jar:?]
	at org.apache.hadoop.ozone.om.OzoneManager.getFileStatus(OzoneManager.java:3552) ~[ozone-manager-1.4.0-SNAPSHOT.jar:?]
	at org.apache.hadoop.ozone.protocolPB.OzoneManagerRequestHandler.getOzoneFileStatus(OzoneManagerRequestHandler.java:998) ~[ozone-manager-1.4.0-SNAPSHOT.jar:?]
	at org.apache.hadoop.ozone.protocolPB.OzoneManagerRequestHandler.handleReadRequest(OzoneManagerRequestHandler.java:259) ~[ozone-manager-1.4.0-SNAPSHOT.jar:?]
	at org.apache.hadoop.ozone.protocolPB.OzoneManagerProtocolServerSideTranslatorPB.submitRequestDirectlyToOM(OzoneManagerProtocolServerSideTranslatorPB.java:274) ~[ozone-manager-1.4.0-SNAPSHOT.jar:?]
	at org.apache.hadoop.ozone.protocolPB.OzoneManagerProtocolServerSideTranslatorPB.processRequest(OzoneManagerProtocolServerSideTranslatorPB.java:175) ~[ozone-manager-1.4.0-SNAPSHOT.jar:?]
	at org.apache.hadoop.hdds.server.OzoneProtocolMessageDispatcher.processRequest(OzoneProtocolMessageDispatcher.java:87) [hdds-server-framework-1.4.0-SNAPSHOT.jar:?]
	at org.apache.hadoop.ozone.protocolPB.OzoneManagerProtocolServerSideTranslatorPB.submitRequest(OzoneManagerProtocolServerSideTranslatorPB.java:148) [ozone-manager-1.4.0-SNAPSHOT.jar:?]
	at org.apache.hadoop.ozone.protocol.proto.OzoneManagerProtocolProtos$OzoneManagerService$2.callBlockingMethod(OzoneManagerProtocolProtos.java) [ozone-interface-client-1.4.0-SNAPSHOT.jar:?]
	at org.apache.hadoop.ipc.ProtobufRpcEngine$Server.processCall(ProtobufRpcEngine.java:484) [hadoop-common-3.3.6.jar:?]
	at org.apache.hadoop.ipc.ProtobufRpcEngine2$Server$ProtoBufRpcInvoker.call(ProtobufRpcEngine2.java:595) [hadoop-common-3.3.6.jar:?]
	at org.apache.hadoop.ipc.ProtobufRpcEngine2$Server$ProtoBufRpcInvoker.call(ProtobufRpcEngine2.java:573) [hadoop-common-3.3.6.jar:?]
	at org.apache.hadoop.ipc.RPC$Server.call(RPC.java:1227) [hadoop-common-3.3.6.jar:?]
	at org.apache.hadoop.ipc.Server$RpcCall.run(Server.java:1094) [hadoop-common-3.3.6.jar:?]
	at org.apache.hadoop.ipc.Server$RpcCall.run(Server.java:1017) [hadoop-common-3.3.6.jar:?]
	at java.security.AccessController.doPrivileged(Native Method) ~[?:1.8.0_382]
	at javax.security.auth.Subject.doAs(Subject.java:422) [?:1.8.0_382]
	at org.apache.hadoop.security.UserGroupInformation.doAs(UserGroupInformation.java:1899) [hadoop-common-3.3.6.jar:?]
	at org.apache.hadoop.ipc.Server$Handler.run(Server.java:3048) [hadoop-common-3.3.6.jar:?]
12:57:39.494 [IPC Server handler 11 on default port 15057] ERROR OMAudit - user=runner | ip=127.0.0.1 | op=GET_FILE_STATUS {volume=volume37469, bucket=bucket23551, key=level0/level2, dataSize=0, replicationConfig=null} | ret=FAILURE
org.apache.hadoop.ozone.om.exceptions.OMException: Unable to get file status: volume: volume37469 bucket: bucket23551 key: level0/level2
	at org.apache.hadoop.ozone.om.KeyManagerImpl.getOzoneFileStatus(KeyManagerImpl.java:1198) ~[ozone-manager-1.4.0-SNAPSHOT.jar:?]
	at org.apache.hadoop.ozone.om.KeyManagerImpl.getFileStatus(KeyManagerImpl.java:1116) ~[ozone-manager-1.4.0-SNAPSHOT.jar:?]
	at org.apache.hadoop.ozone.om.OmMetadataReader.getFileStatus(OmMetadataReader.java:266) ~[ozone-manager-1.4.0-SNAPSHOT.jar:?]
	at org.apache.hadoop.ozone.om.OzoneManager.getFileStatus(OzoneManager.java:3552) ~[ozone-manager-1.4.0-SNAPSHOT.jar:?]
	at org.apache.hadoop.ozone.protocolPB.OzoneManagerRequestHandler.getOzoneFileStatus(OzoneManagerRequestHandler.java:998) ~[ozone-manager-1.4.0-SNAPSHOT.jar:?]
	at org.apache.hadoop.ozone.protocolPB.OzoneManagerRequestHandler.handleReadRequest(OzoneManagerRequestHandler.java:259) ~[ozone-manager-1.4.0-SNAPSHOT.jar:?]
	at org.apache.hadoop.ozone.protocolPB.OzoneManagerProtocolServerSideTranslatorPB.submitRequestDirectlyToOM(OzoneManagerProtocolServerSideTranslatorPB.java:274) ~[ozone-manager-1.4.0-SNAPSHOT.jar:?]
	at org.apache.hadoop.ozone.protocolPB.OzoneManagerProtocolServerSideTranslatorPB.processRequest(OzoneManagerProtocolServerSideTranslatorPB.java:175) ~[ozone-manager-1.4.0-SNAPSHOT.jar:?]
	at org.apache.hadoop.hdds.server.OzoneProtocolMessageDispatcher.processRequest(OzoneProtocolMessageDispatcher.java:87) [hdds-server-framework-1.4.0-SNAPSHOT.jar:?]
	at org.apache.hadoop.ozone.protocolPB.OzoneManagerProtocolServerSideTranslatorPB.submitRequest(OzoneManagerProtocolServerSideTranslatorPB.java:148) [ozone-manager-1.4.0-SNAPSHOT.jar:?]
	at org.apache.hadoop.ozone.protocol.proto.OzoneManagerProtocolProtos$OzoneManagerService$2.callBlockingMethod(OzoneManagerProtocolProtos.java) [ozone-interface-client-1.4.0-SNAPSHOT.jar:?]
	at org.apache.hadoop.ipc.ProtobufRpcEngine$Server.processCall(ProtobufRpcEngine.java:484) [hadoop-common-3.3.6.jar:?]
	at org.apache.hadoop.ipc.ProtobufRpcEngine2$Server$ProtoBufRpcInvoker.call(ProtobufRpcEngine2.java:595) [hadoop-common-3.3.6.jar:?]
	at org.apache.hadoop.ipc.ProtobufRpcEngine2$Server$ProtoBufRpcInvoker.call(ProtobufRpcEngine2.java:573) [hadoop-common-3.3.6.jar:?]
	at org.apache.hadoop.ipc.RPC$Server.call(RPC.java:1227) [hadoop-common-3.3.6.jar:?]
	at org.apache.hadoop.ipc.Server$RpcCall.run(Server.java:1094) [hadoop-common-3.3.6.jar:?]
	at org.apache.hadoop.ipc.Server$RpcCall.run(Server.java:1017) [hadoop-common-3.3.6.jar:?]
	at java.security.AccessController.doPrivileged(Native Method) ~[?:1.8.0_382]
	at javax.security.auth.Subject.doAs(Subject.java:422) [?:1.8.0_382]
	at org.apache.hadoop.security.UserGroupInformation.doAs(UserGroupInformation.java:1899) [hadoop-common-3.3.6.jar:?]
	at org.apache.hadoop.ipc.Server$Handler.run(Server.java:3048) [hadoop-common-3.3.6.jar:?]
12:57:39.495 [IPC Server handler 12 on default port 15057] ERROR OMAudit - user=runner | ip=127.0.0.1 | op=GET_FILE_STATUS {volume=volume37469, bucket=bucket23551, key=level0/level2/level2, dataSize=0, replicationConfig=null} | ret=FAILURE
org.apache.hadoop.ozone.om.exceptions.OMException: Unable to get file status: volume: volume37469 bucket: bucket23551 key: level0/level2/level2
	at org.apache.hadoop.ozone.om.KeyManagerImpl.getOzoneFileStatus(KeyManagerImpl.java:1198) ~[ozone-manager-1.4.0-SNAPSHOT.jar:?]
	at org.apache.hadoop.ozone.om.KeyManagerImpl.getFileStatus(KeyManagerImpl.java:1116) ~[ozone-manager-1.4.0-SNAPSHOT.jar:?]
	at org.apache.hadoop.ozone.om.OmMetadataReader.getFileStatus(OmMetadataReader.java:266) ~[ozone-manager-1.4.0-SNAPSHOT.jar:?]
	at org.apache.hadoop.ozone.om.OzoneManager.getFileStatus(OzoneManager.java:3552) ~[ozone-manager-1.4.0-SNAPSHOT.jar:?]
	at org.apache.hadoop.ozone.protocolPB.OzoneManagerRequestHandler.getOzoneFileStatus(OzoneManagerRequestHandler.java:998) ~[ozone-manager-1.4.0-SNAPSHOT.jar:?]
	at org.apache.hadoop.ozone.protocolPB.OzoneManagerRequestHandler.handleReadRequest(OzoneManagerRequestHandler.java:259) ~[ozone-manager-1.4.0-SNAPSHOT.jar:?]
	at org.apache.hadoop.ozone.protocolPB.OzoneManagerProtocolServerSideTranslatorPB.submitRequestDirectlyToOM(OzoneManagerProtocolServerSideTranslatorPB.java:274) ~[ozone-manager-1.4.0-SNAPSHOT.jar:?]
	at org.apache.hadoop.ozone.protocolPB.OzoneManagerProtocolServerSideTranslatorPB.processRequest(OzoneManagerProtocolServerSideTranslatorPB.java:175) ~[ozone-manager-1.4.0-SNAPSHOT.jar:?]
	at org.apache.hadoop.hdds.server.OzoneProtocolMessageDispatcher.processRequest(OzoneProtocolMessageDispatcher.java:87) [hdds-server-framework-1.4.0-SNAPSHOT.jar:?]
	at org.apache.hadoop.ozone.protocolPB.OzoneManagerProtocolServerSideTranslatorPB.submitRequest(OzoneManagerProtocolServerSideTranslatorPB.java:148) [ozone-manager-1.4.0-SNAPSHOT.jar:?]
	at org.apache.hadoop.ozone.protocol.proto.OzoneManagerProtocolProtos$OzoneManagerService$2.callBlockingMethod(OzoneManagerProtocolProtos.java) [ozone-interface-client-1.4.0-SNAPSHOT.jar:?]
	at org.apache.hadoop.ipc.ProtobufRpcEngine$Server.processCall(ProtobufRpcEngine.java:484) [hadoop-common-3.3.6.jar:?]
	at org.apache.hadoop.ipc.ProtobufRpcEngine2$Server$ProtoBufRpcInvoker.call(ProtobufRpcEngine2.java:595) [hadoop-common-3.3.6.jar:?]
	at org.apache.hadoop.ipc.ProtobufRpcEngine2$Server$ProtoBufRpcInvoker.call(ProtobufRpcEngine2.java:573) [hadoop-common-3.3.6.jar:?]
	at org.apache.hadoop.ipc.RPC$Server.call(RPC.java:1227) [hadoop-common-3.3.6.jar:?]
	at org.apache.hadoop.ipc.Server$RpcCall.run(Server.java:1094) [hadoop-common-3.3.6.jar:?]
	at org.apache.hadoop.ipc.Server$RpcCall.run(Server.java:1017) [hadoop-common-3.3.6.jar:?]
	at java.security.AccessController.doPrivileged(Native Method) ~[?:1.8.0_382]
	at javax.security.auth.Subject.doAs(Subject.java:422) [?:1.8.0_382]
	at org.apache.hadoop.security.UserGroupInformation.doAs(UserGroupInformation.java:1899) [hadoop-common-3.3.6.jar:?]
	at org.apache.hadoop.ipc.Server$Handler.run(Server.java:3048) [hadoop-common-3.3.6.jar:?]
12:57:39.496 [IPC Server handler 14 on default port 15057] ERROR OMAudit - user=runner | ip=127.0.0.1 | op=GET_FILE_STATUS {volume=volume37469, bucket=bucket23551, key=level0/level2/file1, dataSize=0, replicationConfig=null} | ret=FAILURE
org.apache.hadoop.ozone.om.exceptions.OMException: Unable to get file status: volume: volume37469 bucket: bucket23551 key: level0/level2/file1
	at org.apache.hadoop.ozone.om.KeyManagerImpl.getOzoneFileStatus(KeyManagerImpl.java:1198) ~[ozone-manager-1.4.0-SNAPSHOT.jar:?]
	at org.apache.hadoop.ozone.om.KeyManagerImpl.getFileStatus(KeyManagerImpl.java:1116) ~[ozone-manager-1.4.0-SNAPSHOT.jar:?]
	at org.apache.hadoop.ozone.om.OmMetadataReader.getFileStatus(OmMetadataReader.java:266) ~[ozone-manager-1.4.0-SNAPSHOT.jar:?]
	at org.apache.hadoop.ozone.om.OzoneManager.getFileStatus(OzoneManager.java:3552) ~[ozone-manager-1.4.0-SNAPSHOT.jar:?]
	at org.apache.hadoop.ozone.protocolPB.OzoneManagerRequestHandler.getOzoneFileStatus(OzoneManagerRequestHandler.java:998) ~[ozone-manager-1.4.0-SNAPSHOT.jar:?]
	at org.apache.hadoop.ozone.protocolPB.OzoneManagerRequestHandler.handleReadRequest(OzoneManagerRequestHandler.java:259) ~[ozone-manager-1.4.0-SNAPSHOT.jar:?]
	at org.apache.hadoop.ozone.protocolPB.OzoneManagerProtocolServerSideTranslatorPB.submitRequestDirectlyToOM(OzoneManagerProtocolServerSideTranslatorPB.java:274) ~[ozone-manager-1.4.0-SNAPSHOT.jar:?]
	at org.apache.hadoop.ozone.protocolPB.OzoneManagerProtocolServerSideTranslatorPB.processRequest(OzoneManagerProtocolServerSideTranslatorPB.java:175) ~[ozone-manager-1.4.0-SNAPSHOT.jar:?]
	at org.apache.hadoop.hdds.server.OzoneProtocolMessageDispatcher.processRequest(OzoneProtocolMessageDispatcher.java:87) [hdds-server-framework-1.4.0-SNAPSHOT.jar:?]
	at org.apache.hadoop.ozone.protocolPB.OzoneManagerProtocolServerSideTranslatorPB.submitRequest(OzoneManagerProtocolServerSideTranslatorPB.java:148) [ozone-manager-1.4.0-SNAPSHOT.jar:?]
	at org.apache.hadoop.ozone.protocol.proto.OzoneManagerProtocolProtos$OzoneManagerService$2.callBlockingMethod(OzoneManagerProtocolProtos.java) [ozone-interface-client-1.4.0-SNAPSHOT.jar:?]
	at org.apache.hadoop.ipc.ProtobufRpcEngine$Server.processCall(ProtobufRpcEngine.java:484) [hadoop-common-3.3.6.jar:?]
	at org.apache.hadoop.ipc.ProtobufRpcEngine2$Server$ProtoBufRpcInvoker.call(ProtobufRpcEngine2.java:595) [hadoop-common-3.3.6.jar:?]
	at org.apache.hadoop.ipc.ProtobufRpcEngine2$Server$ProtoBufRpcInvoker.call(ProtobufRpcEngine2.java:573) [hadoop-common-3.3.6.jar:?]
	at org.apache.hadoop.ipc.RPC$Server.call(RPC.java:1227) [hadoop-common-3.3.6.jar:?]
	at org.apache.hadoop.ipc.Server$RpcCall.run(Server.java:1094) [hadoop-common-3.3.6.jar:?]
	at org.apache.hadoop.ipc.Server$RpcCall.run(Server.java:1017) [hadoop-common-3.3.6.jar:?]
	at java.security.AccessController.doPrivileged(Native Method) ~[?:1.8.0_382]
	at javax.security.auth.Subject.doAs(Subject.java:422) [?:1.8.0_382]
	at org.apache.hadoop.security.UserGroupInformation.doAs(UserGroupInformation.java:1899) [hadoop-common-3.3.6.jar:?]
	at org.apache.hadoop.ipc.Server$Handler.run(Server.java:3048) [hadoop-common-3.3.6.jar:?]
12:57:39.497 [IPC Server handler 13 on default port 15057] ERROR OMAudit - user=runner | ip=127.0.0.1 | op=GET_FILE_STATUS {volume=volume37469, bucket=bucket23551, key=level0/level2/level2/file1, dataSize=0, replicationConfig=null} | ret=FAILURE
org.apache.hadoop.ozone.om.exceptions.OMException: Unable to get file status: volume: volume37469 bucket: bucket23551 key: level0/level2/level2/file1
	at org.apache.hadoop.ozone.om.KeyManagerImpl.getOzoneFileStatus(KeyManagerImpl.java:1198) ~[ozone-manager-1.4.0-SNAPSHOT.jar:?]
	at org.apache.hadoop.ozone.om.KeyManagerImpl.getFileStatus(KeyManagerImpl.java:1116) ~[ozone-manager-1.4.0-SNAPSHOT.jar:?]
	at org.apache.hadoop.ozone.om.OmMetadataReader.getFileStatus(OmMetadataReader.java:266) ~[ozone-manager-1.4.0-SNAPSHOT.jar:?]
	at org.apache.hadoop.ozone.om.OzoneManager.getFileStatus(OzoneManager.java:3552) ~[ozone-manager-1.4.0-SNAPSHOT.jar:?]
	at org.apache.hadoop.ozone.protocolPB.OzoneManagerRequestHandler.getOzoneFileStatus(OzoneManagerRequestHandler.java:998) ~[ozone-manager-1.4.0-SNAPSHOT.jar:?]
	at org.apache.hadoop.ozone.protocolPB.OzoneManagerRequestHandler.handleReadRequest(OzoneManagerRequestHandler.java:259) ~[ozone-manager-1.4.0-SNAPSHOT.jar:?]
	at org.apache.hadoop.ozone.protocolPB.OzoneManagerProtocolServerSideTranslatorPB.submitRequestDirectlyToOM(OzoneManagerProtocolServerSideTranslatorPB.java:274) ~[ozone-manager-1.4.0-SNAPSHOT.jar:?]
	at org.apache.hadoop.ozone.protocolPB.OzoneManagerProtocolServerSideTranslatorPB.processRequest(OzoneManagerProtocolServerSideTranslatorPB.java:175) ~[ozone-manager-1.4.0-SNAPSHOT.jar:?]
	at org.apache.hadoop.hdds.server.OzoneProtocolMessageDispatcher.processRequest(OzoneProtocolMessageDispatcher.java:87) [hdds-server-framework-1.4.0-SNAPSHOT.jar:?]
	at org.apache.hadoop.ozone.protocolPB.OzoneManagerProtocolServerSideTranslatorPB.submitRequest(OzoneManagerProtocolServerSideTranslatorPB.java:148) [ozone-manager-1.4.0-SNAPSHOT.jar:?]
	at org.apache.hadoop.ozone.protocol.proto.OzoneManagerProtocolProtos$OzoneManagerService$2.callBlockingMethod(OzoneManagerProtocolProtos.java) [ozone-interface-client-1.4.0-SNAPSHOT.jar:?]
	at org.apache.hadoop.ipc.ProtobufRpcEngine$Server.processCall(ProtobufRpcEngine.java:484) [hadoop-common-3.3.6.jar:?]
	at org.apache.hadoop.ipc.ProtobufRpcEngine2$Server$ProtoBufRpcInvoker.call(ProtobufRpcEngine2.java:595) [hadoop-common-3.3.6.jar:?]
	at org.apache.hadoop.ipc.ProtobufRpcEngine2$Server$ProtoBufRpcInvoker.call(ProtobufRpcEngine2.java:573) [hadoop-common-3.3.6.jar:?]
	at org.apache.hadoop.ipc.RPC$Server.call(RPC.java:1227) [hadoop-common-3.3.6.jar:?]
	at org.apache.hadoop.ipc.Server$RpcCall.run(Server.java:1094) [hadoop-common-3.3.6.jar:?]
	at org.apache.hadoop.ipc.Server$RpcCall.run(Server.java:1017) [hadoop-common-3.3.6.jar:?]
	at java.security.AccessController.doPrivileged(Native Method) ~[?:1.8.0_382]
	at javax.security.auth.Subject.doAs(Subject.java:422) [?:1.8.0_382]
	at org.apache.hadoop.security.UserGroupInformation.doAs(UserGroupInformation.java:1899) [hadoop-common-3.3.6.jar:?]
	at org.apache.hadoop.ipc.Server$Handler.run(Server.java:3048) [hadoop-common-3.3.6.jar:?]
12:57:39.498 [IPC Server handler 15 on default port 15057] ERROR OMAudit - user=runner | ip=127.0.0.1 | op=GET_FILE_STATUS {volume=volume37469, bucket=bucket23551, key=level0/level3, dataSize=0, replicationConfig=null} | ret=FAILURE
org.apache.hadoop.ozone.om.exceptions.OMException: Unable to get file status: volume: volume37469 bucket: bucket23551 key: level0/level3
	at org.apache.hadoop.ozone.om.KeyManagerImpl.getOzoneFileStatus(KeyManagerImpl.java:1198) ~[ozone-manager-1.4.0-SNAPSHOT.jar:?]
	at org.apache.hadoop.ozone.om.KeyManagerImpl.getFileStatus(KeyManagerImpl.java:1116) ~[ozone-manager-1.4.0-SNAPSHOT.jar:?]
	at org.apache.hadoop.ozone.om.OmMetadataReader.getFileStatus(OmMetadataReader.java:266) ~[ozone-manager-1.4.0-SNAPSHOT.jar:?]
	at org.apache.hadoop.ozone.om.OzoneManager.getFileStatus(OzoneManager.java:3552) ~[ozone-manager-1.4.0-SNAPSHOT.jar:?]
	at org.apache.hadoop.ozone.protocolPB.OzoneManagerRequestHandler.getOzoneFileStatus(OzoneManagerRequestHandler.java:998) ~[ozone-manager-1.4.0-SNAPSHOT.jar:?]
	at org.apache.hadoop.ozone.protocolPB.OzoneManagerRequestHandler.handleReadRequest(OzoneManagerRequestHandler.java:259) ~[ozone-manager-1.4.0-SNAPSHOT.jar:?]
	at org.apache.hadoop.ozone.protocolPB.OzoneManagerProtocolServerSideTranslatorPB.submitRequestDirectlyToOM(OzoneManagerProtocolServerSideTranslatorPB.java:274) ~[ozone-manager-1.4.0-SNAPSHOT.jar:?]
	at org.apache.hadoop.ozone.protocolPB.OzoneManagerProtocolServerSideTranslatorPB.processRequest(OzoneManagerProtocolServerSideTranslatorPB.java:175) ~[ozone-manager-1.4.0-SNAPSHOT.jar:?]
	at org.apache.hadoop.hdds.server.OzoneProtocolMessageDispatcher.processRequest(OzoneProtocolMessageDispatcher.java:87) [hdds-server-framework-1.4.0-SNAPSHOT.jar:?]
	at org.apache.hadoop.ozone.protocolPB.OzoneManagerProtocolServerSideTranslatorPB.submitRequest(OzoneManagerProtocolServerSideTranslatorPB.java:148) [ozone-manager-1.4.0-SNAPSHOT.jar:?]
	at org.apache.hadoop.ozone.protocol.proto.OzoneManagerProtocolProtos$OzoneManagerService$2.callBlockingMethod(OzoneManagerProtocolProtos.java) [ozone-interface-client-1.4.0-SNAPSHOT.jar:?]
	at org.apache.hadoop.ipc.ProtobufRpcEngine$Server.processCall(ProtobufRpcEngine.java:484) [hadoop-common-3.3.6.jar:?]
	at org.apache.hadoop.ipc.ProtobufRpcEngine2$Server$ProtoBufRpcInvoker.call(ProtobufRpcEngine2.java:595) [hadoop-common-3.3.6.jar:?]
	at org.apache.hadoop.ipc.ProtobufRpcEngine2$Server$ProtoBufRpcInvoker.call(ProtobufRpcEngine2.java:573) [hadoop-common-3.3.6.jar:?]
	at org.apache.hadoop.ipc.RPC$Server.call(RPC.java:1227) [hadoop-common-3.3.6.jar:?]
	at org.apache.hadoop.ipc.Server$RpcCall.run(Server.java:1094) [hadoop-common-3.3.6.jar:?]
	at org.apache.hadoop.ipc.Server$RpcCall.run(Server.java:1017) [hadoop-common-3.3.6.jar:?]
	at java.security.AccessController.doPrivileged(Native Method) ~[?:1.8.0_382]
	at javax.security.auth.Subject.doAs(Subject.java:422) [?:1.8.0_382]
	at org.apache.hadoop.security.UserGroupInformation.doAs(UserGroupInformation.java:1899) [hadoop-common-3.3.6.jar:?]
	at org.apache.hadoop.ipc.Server$Handler.run(Server.java:3048) [hadoop-common-3.3.6.jar:?]
12:57:39.502 [IPC Server handler 16 on default port 15057] ERROR OMAudit - user=runner | ip=127.0.0.1 | op=GET_FILE_STATUS {volume=volume37469, bucket=bucket23551, key=level0/level3/level3, dataSize=0, replicationConfig=null} | ret=FAILURE
org.apache.hadoop.ozone.om.exceptions.OMException: Unable to get file status: volume: volume37469 bucket: bucket23551 key: level0/level3/level3
	at org.apache.hadoop.ozone.om.KeyManagerImpl.getOzoneFileStatus(KeyManagerImpl.java:1198) ~[ozone-manager-1.4.0-SNAPSHOT.jar:?]
	at org.apache.hadoop.ozone.om.KeyManagerImpl.getFileStatus(KeyManagerImpl.java:1116) ~[ozone-manager-1.4.0-SNAPSHOT.jar:?]
	at org.apache.hadoop.ozone.om.OmMetadataReader.getFileStatus(OmMetadataReader.java:266) ~[ozone-manager-1.4.0-SNAPSHOT.jar:?]
	at org.apache.hadoop.ozone.om.OzoneManager.getFileStatus(OzoneManager.java:3552) ~[ozone-manager-1.4.0-SNAPSHOT.jar:?]
	at org.apache.hadoop.ozone.protocolPB.OzoneManagerRequestHandler.getOzoneFileStatus(OzoneManagerRequestHandler.java:998) ~[ozone-manager-1.4.0-SNAPSHOT.jar:?]
	at org.apache.hadoop.ozone.protocolPB.OzoneManagerRequestHandler.handleReadRequest(OzoneManagerRequestHandler.java:259) ~[ozone-manager-1.4.0-SNAPSHOT.jar:?]
	at org.apache.hadoop.ozone.protocolPB.OzoneManagerProtocolServerSideTranslatorPB.submitRequestDirectlyToOM(OzoneManagerProtocolServerSideTranslatorPB.java:274) ~[ozone-manager-1.4.0-SNAPSHOT.jar:?]
	at org.apache.hadoop.ozone.protocolPB.OzoneManagerProtocolServerSideTranslatorPB.processRequest(OzoneManagerProtocolServerSideTranslatorPB.java:175) ~[ozone-manager-1.4.0-SNAPSHOT.jar:?]
	at org.apache.hadoop.hdds.server.OzoneProtocolMessageDispatcher.processRequest(OzoneProtocolMessageDispatcher.java:87) [hdds-server-framework-1.4.0-SNAPSHOT.jar:?]
	at org.apache.hadoop.ozone.protocolPB.OzoneManagerProtocolServerSideTranslatorPB.submitRequest(OzoneManagerProtocolServerSideTranslatorPB.java:148) [ozone-manager-1.4.0-SNAPSHOT.jar:?]
	at org.apache.hadoop.ozone.protocol.proto.OzoneManagerProtocolProtos$OzoneManagerService$2.callBlockingMethod(OzoneManagerProtocolProtos.java) [ozone-interface-client-1.4.0-SNAPSHOT.jar:?]
	at org.apache.hadoop.ipc.ProtobufRpcEngine$Server.processCall(ProtobufRpcEngine.java:484) [hadoop-common-3.3.6.jar:?]
	at org.apache.hadoop.ipc.ProtobufRpcEngine2$Server$ProtoBufRpcInvoker.call(ProtobufRpcEngine2.java:595) [hadoop-common-3.3.6.jar:?]
	at org.apache.hadoop.ipc.ProtobufRpcEngine2$Server$ProtoBufRpcInvoker.call(ProtobufRpcEngine2.java:573) [hadoop-common-3.3.6.jar:?]
	at org.apache.hadoop.ipc.RPC$Server.call(RPC.java:1227) [hadoop-common-3.3.6.jar:?]
	at org.apache.hadoop.ipc.Server$RpcCall.run(Server.java:1094) [hadoop-common-3.3.6.jar:?]
	at org.apache.hadoop.ipc.Server$RpcCall.run(Server.java:1017) [hadoop-common-3.3.6.jar:?]
	at java.security.AccessController.doPrivileged(Native Method) ~[?:1.8.0_382]
	at javax.security.auth.Subject.doAs(Subject.java:422) [?:1.8.0_382]
	at org.apache.hadoop.security.UserGroupInformation.doAs(UserGroupInformation.java:1899) [hadoop-common-3.3.6.jar:?]
	at org.apache.hadoop.ipc.Server$Handler.run(Server.java:3048) [hadoop-common-3.3.6.jar:?]
12:57:39.503 [IPC Server handler 18 on default port 15057] ERROR OMAudit - user=runner | ip=127.0.0.1 | op=GET_FILE_STATUS {volume=volume37469, bucket=bucket23551, key=level0/level3/file1, dataSize=0, replicationConfig=null} | ret=FAILURE
org.apache.hadoop.ozone.om.exceptions.OMException: Unable to get file status: volume: volume37469 bucket: bucket23551 key: level0/level3/file1
	at org.apache.hadoop.ozone.om.KeyManagerImpl.getOzoneFileStatus(KeyManagerImpl.java:1198) ~[ozone-manager-1.4.0-SNAPSHOT.jar:?]
	at org.apache.hadoop.ozone.om.KeyManagerImpl.getFileStatus(KeyManagerImpl.java:1116) ~[ozone-manager-1.4.0-SNAPSHOT.jar:?]
	at org.apache.hadoop.ozone.om.OmMetadataReader.getFileStatus(OmMetadataReader.java:266) ~[ozone-manager-1.4.0-SNAPSHOT.jar:?]
	at org.apache.hadoop.ozone.om.OzoneManager.getFileStatus(OzoneManager.java:3552) ~[ozone-manager-1.4.0-SNAPSHOT.jar:?]
	at org.apache.hadoop.ozone.protocolPB.OzoneManagerRequestHandler.getOzoneFileStatus(OzoneManagerRequestHandler.java:998) ~[ozone-manager-1.4.0-SNAPSHOT.jar:?]
	at org.apache.hadoop.ozone.protocolPB.OzoneManagerRequestHandler.handleReadRequest(OzoneManagerRequestHandler.java:259) ~[ozone-manager-1.4.0-SNAPSHOT.jar:?]
	at org.apache.hadoop.ozone.protocolPB.OzoneManagerProtocolServerSideTranslatorPB.submitRequestDirectlyToOM(OzoneManagerProtocolServerSideTranslatorPB.java:274) ~[ozone-manager-1.4.0-SNAPSHOT.jar:?]
	at org.apache.hadoop.ozone.protocolPB.OzoneManagerProtocolServerSideTranslatorPB.processRequest(OzoneManagerProtocolServerSideTranslatorPB.java:175) ~[ozone-manager-1.4.0-SNAPSHOT.jar:?]
	at org.apache.hadoop.hdds.server.OzoneProtocolMessageDispatcher.processRequest(OzoneProtocolMessageDispatcher.java:87) [hdds-server-framework-1.4.0-SNAPSHOT.jar:?]
	at org.apache.hadoop.ozone.protocolPB.OzoneManagerProtocolServerSideTranslatorPB.submitRequest(OzoneManagerProtocolServerSideTranslatorPB.java:148) [ozone-manager-1.4.0-SNAPSHOT.jar:?]
	at org.apache.hadoop.ozone.protocol.proto.OzoneManagerProtocolProtos$OzoneManagerService$2.callBlockingMethod(OzoneManagerProtocolProtos.java) [ozone-interface-client-1.4.0-SNAPSHOT.jar:?]
	at org.apache.hadoop.ipc.ProtobufRpcEngine$Server.processCall(ProtobufRpcEngine.java:484) [hadoop-common-3.3.6.jar:?]
	at org.apache.hadoop.ipc.ProtobufRpcEngine2$Server$ProtoBufRpcInvoker.call(ProtobufRpcEngine2.java:595) [hadoop-common-3.3.6.jar:?]
	at org.apache.hadoop.ipc.ProtobufRpcEngine2$Server$ProtoBufRpcInvoker.call(ProtobufRpcEngine2.java:573) [hadoop-common-3.3.6.jar:?]
	at org.apache.hadoop.ipc.RPC$Server.call(RPC.java:1227) [hadoop-common-3.3.6.jar:?]
	at org.apache.hadoop.ipc.Server$RpcCall.run(Server.java:1094) [hadoop-common-3.3.6.jar:?]
	at org.apache.hadoop.ipc.Server$RpcCall.run(Server.java:1017) [hadoop-common-3.3.6.jar:?]
	at java.security.AccessController.doPrivileged(Native Method) ~[?:1.8.0_382]
	at javax.security.auth.Subject.doAs(Subject.java:422) [?:1.8.0_382]
	at org.apache.hadoop.security.UserGroupInformation.doAs(UserGroupInformation.java:1899) [hadoop-common-3.3.6.jar:?]
	at org.apache.hadoop.ipc.Server$Handler.run(Server.java:3048) [hadoop-common-3.3.6.jar:?]
12:57:39.504 [IPC Server handler 17 on default port 15057] ERROR OMAudit - user=runner | ip=127.0.0.1 | op=GET_FILE_STATUS {volume=volume37469, bucket=bucket23551, key=level0/level3/level3/file1, dataSize=0, replicationConfig=null} | ret=FAILURE
org.apache.hadoop.ozone.om.exceptions.OMException: Unable to get file status: volume: volume37469 bucket: bucket23551 key: level0/level3/level3/file1
	at org.apache.hadoop.ozone.om.KeyManagerImpl.getOzoneFileStatus(KeyManagerImpl.java:1198) ~[ozone-manager-1.4.0-SNAPSHOT.jar:?]
	at org.apache.hadoop.ozone.om.KeyManagerImpl.getFileStatus(KeyManagerImpl.java:1116) ~[ozone-manager-1.4.0-SNAPSHOT.jar:?]
	at org.apache.hadoop.ozone.om.OmMetadataReader.getFileStatus(OmMetadataReader.java:266) ~[ozone-manager-1.4.0-SNAPSHOT.jar:?]
	at org.apache.hadoop.ozone.om.OzoneManager.getFileStatus(OzoneManager.java:3552) ~[ozone-manager-1.4.0-SNAPSHOT.jar:?]
	at org.apache.hadoop.ozone.protocolPB.OzoneManagerRequestHandler.getOzoneFileStatus(OzoneManagerRequestHandler.java:998) ~[ozone-manager-1.4.0-SNAPSHOT.jar:?]
	at org.apache.hadoop.ozone.protocolPB.OzoneManagerRequestHandler.handleReadRequest(OzoneManagerRequestHandler.java:259) ~[ozone-manager-1.4.0-SNAPSHOT.jar:?]
	at org.apache.hadoop.ozone.protocolPB.OzoneManagerProtocolServerSideTranslatorPB.submitRequestDirectlyToOM(OzoneManagerProtocolServerSideTranslatorPB.java:274) ~[ozone-manager-1.4.0-SNAPSHOT.jar:?]
	at org.apache.hadoop.ozone.protocolPB.OzoneManagerProtocolServerSideTranslatorPB.processRequest(OzoneManagerProtocolServerSideTranslatorPB.java:175) ~[ozone-manager-1.4.0-SNAPSHOT.jar:?]
	at org.apache.hadoop.hdds.server.OzoneProtocolMessageDispatcher.processRequest(OzoneProtocolMessageDispatcher.java:87) [hdds-server-framework-1.4.0-SNAPSHOT.jar:?]
	at org.apache.hadoop.ozone.protocolPB.OzoneManagerProtocolServerSideTranslatorPB.submitRequest(OzoneManagerProtocolServerSideTranslatorPB.java:148) [ozone-manager-1.4.0-SNAPSHOT.jar:?]
	at org.apache.hadoop.ozone.protocol.proto.OzoneManagerProtocolProtos$OzoneManagerService$2.callBlockingMethod(OzoneManagerProtocolProtos.java) [ozone-interface-client-1.4.0-SNAPSHOT.jar:?]
	at org.apache.hadoop.ipc.ProtobufRpcEngine$Server.processCall(ProtobufRpcEngine.java:484) [hadoop-common-3.3.6.jar:?]
	at org.apache.hadoop.ipc.ProtobufRpcEngine2$Server$ProtoBufRpcInvoker.call(ProtobufRpcEngine2.java:595) [hadoop-common-3.3.6.jar:?]
	at org.apache.hadoop.ipc.ProtobufRpcEngine2$Server$ProtoBufRpcInvoker.call(ProtobufRpcEngine2.java:573) [hadoop-common-3.3.6.jar:?]
	at org.apache.hadoop.ipc.RPC$Server.call(RPC.java:1227) [hadoop-common-3.3.6.jar:?]
	at org.apache.hadoop.ipc.Server$RpcCall.run(Server.java:1094) [hadoop-common-3.3.6.jar:?]
	at org.apache.hadoop.ipc.Server$RpcCall.run(Server.java:1017) [hadoop-common-3.3.6.jar:?]
	at java.security.AccessController.doPrivileged(Native Method) ~[?:1.8.0_382]
	at javax.security.auth.Subject.doAs(Subject.java:422) [?:1.8.0_382]
	at org.apache.hadoop.security.UserGroupInformation.doAs(UserGroupInformation.java:1899) [hadoop-common-3.3.6.jar:?]
	at org.apache.hadoop.ipc.Server$Handler.run(Server.java:3048) [hadoop-common-3.3.6.jar:?]
]]></system-out>
  </testcase>
  <testcase name="testRecursiveDelete" classname="TestOzoneFileSystem" time="0.225">
    <system-out><![CDATA[12:58:54.392 [IPC Server handler 7 on default port 15110] ERROR OMAudit - user=runner | ip=127.0.0.1 | op=GET_FILE_STATUS {volume=volume13657, bucket=bucket40110, key=gdir1, dataSize=0, replicationConfig=null} | ret=FAILURE
org.apache.hadoop.ozone.om.exceptions.OMException: Unable to get file status: volume: volume13657 bucket: bucket40110 key: gdir1
	at org.apache.hadoop.ozone.om.KeyManagerImpl.getOzoneFileStatus(KeyManagerImpl.java:1198) ~[ozone-manager-1.4.0-SNAPSHOT.jar:?]
	at org.apache.hadoop.ozone.om.KeyManagerImpl.getFileStatus(KeyManagerImpl.java:1116) ~[ozone-manager-1.4.0-SNAPSHOT.jar:?]
	at org.apache.hadoop.ozone.om.OmMetadataReader.getFileStatus(OmMetadataReader.java:266) ~[ozone-manager-1.4.0-SNAPSHOT.jar:?]
	at org.apache.hadoop.ozone.om.OzoneManager.getFileStatus(OzoneManager.java:3552) ~[ozone-manager-1.4.0-SNAPSHOT.jar:?]
	at org.apache.hadoop.ozone.protocolPB.OzoneManagerRequestHandler.getOzoneFileStatus(OzoneManagerRequestHandler.java:998) ~[ozone-manager-1.4.0-SNAPSHOT.jar:?]
	at org.apache.hadoop.ozone.protocolPB.OzoneManagerRequestHandler.handleReadRequest(OzoneManagerRequestHandler.java:259) ~[ozone-manager-1.4.0-SNAPSHOT.jar:?]
	at org.apache.hadoop.ozone.protocolPB.OzoneManagerProtocolServerSideTranslatorPB.submitReadRequestToOM(OzoneManagerProtocolServerSideTranslatorPB.java:225) ~[ozone-manager-1.4.0-SNAPSHOT.jar:?]
	at org.apache.hadoop.ozone.protocolPB.OzoneManagerProtocolServerSideTranslatorPB.processRequest(OzoneManagerProtocolServerSideTranslatorPB.java:179) ~[ozone-manager-1.4.0-SNAPSHOT.jar:?]
	at org.apache.hadoop.hdds.server.OzoneProtocolMessageDispatcher.processRequest(OzoneProtocolMessageDispatcher.java:87) [hdds-server-framework-1.4.0-SNAPSHOT.jar:?]
	at org.apache.hadoop.ozone.protocolPB.OzoneManagerProtocolServerSideTranslatorPB.submitRequest(OzoneManagerProtocolServerSideTranslatorPB.java:148) [ozone-manager-1.4.0-SNAPSHOT.jar:?]
	at org.apache.hadoop.ozone.protocol.proto.OzoneManagerProtocolProtos$OzoneManagerService$2.callBlockingMethod(OzoneManagerProtocolProtos.java) [ozone-interface-client-1.4.0-SNAPSHOT.jar:?]
	at org.apache.hadoop.ipc.ProtobufRpcEngine$Server.processCall(ProtobufRpcEngine.java:484) [hadoop-common-3.3.6.jar:?]
	at org.apache.hadoop.ipc.ProtobufRpcEngine2$Server$ProtoBufRpcInvoker.call(ProtobufRpcEngine2.java:595) [hadoop-common-3.3.6.jar:?]
	at org.apache.hadoop.ipc.ProtobufRpcEngine2$Server$ProtoBufRpcInvoker.call(ProtobufRpcEngine2.java:573) [hadoop-common-3.3.6.jar:?]
	at org.apache.hadoop.ipc.RPC$Server.call(RPC.java:1227) [hadoop-common-3.3.6.jar:?]
	at org.apache.hadoop.ipc.Server$RpcCall.run(Server.java:1094) [hadoop-common-3.3.6.jar:?]
	at org.apache.hadoop.ipc.Server$RpcCall.run(Server.java:1017) [hadoop-common-3.3.6.jar:?]
	at java.security.AccessController.doPrivileged(Native Method) ~[?:1.8.0_382]
	at javax.security.auth.Subject.doAs(Subject.java:422) [?:1.8.0_382]
	at org.apache.hadoop.security.UserGroupInformation.doAs(UserGroupInformation.java:1899) [hadoop-common-3.3.6.jar:?]
	at org.apache.hadoop.ipc.Server$Handler.run(Server.java:3048) [hadoop-common-3.3.6.jar:?]
12:58:54.393 [IPC Server handler 8 on default port 15110] ERROR OMAudit - user=runner | ip=127.0.0.1 | op=GET_FILE_STATUS {volume=volume13657, bucket=bucket40110, key=gdir1/dir1, dataSize=0, replicationConfig=null} | ret=FAILURE
org.apache.hadoop.ozone.om.exceptions.OMException: Unable to get file status: volume: volume13657 bucket: bucket40110 key: gdir1/dir1
	at org.apache.hadoop.ozone.om.KeyManagerImpl.getOzoneFileStatus(KeyManagerImpl.java:1198) ~[ozone-manager-1.4.0-SNAPSHOT.jar:?]
	at org.apache.hadoop.ozone.om.KeyManagerImpl.getFileStatus(KeyManagerImpl.java:1116) ~[ozone-manager-1.4.0-SNAPSHOT.jar:?]
	at org.apache.hadoop.ozone.om.OmMetadataReader.getFileStatus(OmMetadataReader.java:266) ~[ozone-manager-1.4.0-SNAPSHOT.jar:?]
	at org.apache.hadoop.ozone.om.OzoneManager.getFileStatus(OzoneManager.java:3552) ~[ozone-manager-1.4.0-SNAPSHOT.jar:?]
	at org.apache.hadoop.ozone.protocolPB.OzoneManagerRequestHandler.getOzoneFileStatus(OzoneManagerRequestHandler.java:998) ~[ozone-manager-1.4.0-SNAPSHOT.jar:?]
	at org.apache.hadoop.ozone.protocolPB.OzoneManagerRequestHandler.handleReadRequest(OzoneManagerRequestHandler.java:259) ~[ozone-manager-1.4.0-SNAPSHOT.jar:?]
	at org.apache.hadoop.ozone.protocolPB.OzoneManagerProtocolServerSideTranslatorPB.submitReadRequestToOM(OzoneManagerProtocolServerSideTranslatorPB.java:225) ~[ozone-manager-1.4.0-SNAPSHOT.jar:?]
	at org.apache.hadoop.ozone.protocolPB.OzoneManagerProtocolServerSideTranslatorPB.processRequest(OzoneManagerProtocolServerSideTranslatorPB.java:179) ~[ozone-manager-1.4.0-SNAPSHOT.jar:?]
	at org.apache.hadoop.hdds.server.OzoneProtocolMessageDispatcher.processRequest(OzoneProtocolMessageDispatcher.java:87) [hdds-server-framework-1.4.0-SNAPSHOT.jar:?]
	at org.apache.hadoop.ozone.protocolPB.OzoneManagerProtocolServerSideTranslatorPB.submitRequest(OzoneManagerProtocolServerSideTranslatorPB.java:148) [ozone-manager-1.4.0-SNAPSHOT.jar:?]
	at org.apache.hadoop.ozone.protocol.proto.OzoneManagerProtocolProtos$OzoneManagerService$2.callBlockingMethod(OzoneManagerProtocolProtos.java) [ozone-interface-client-1.4.0-SNAPSHOT.jar:?]
	at org.apache.hadoop.ipc.ProtobufRpcEngine$Server.processCall(ProtobufRpcEngine.java:484) [hadoop-common-3.3.6.jar:?]
	at org.apache.hadoop.ipc.ProtobufRpcEngine2$Server$ProtoBufRpcInvoker.call(ProtobufRpcEngine2.java:595) [hadoop-common-3.3.6.jar:?]
	at org.apache.hadoop.ipc.ProtobufRpcEngine2$Server$ProtoBufRpcInvoker.call(ProtobufRpcEngine2.java:573) [hadoop-common-3.3.6.jar:?]
	at org.apache.hadoop.ipc.RPC$Server.call(RPC.java:1227) [hadoop-common-3.3.6.jar:?]
	at org.apache.hadoop.ipc.Server$RpcCall.run(Server.java:1094) [hadoop-common-3.3.6.jar:?]
	at org.apache.hadoop.ipc.Server$RpcCall.run(Server.java:1017) [hadoop-common-3.3.6.jar:?]
	at java.security.AccessController.doPrivileged(Native Method) ~[?:1.8.0_382]
	at javax.security.auth.Subject.doAs(Subject.java:422) [?:1.8.0_382]
	at org.apache.hadoop.security.UserGroupInformation.doAs(UserGroupInformation.java:1899) [hadoop-common-3.3.6.jar:?]
	at org.apache.hadoop.ipc.Server$Handler.run(Server.java:3048) [hadoop-common-3.3.6.jar:?]
12:58:54.394 [IPC Server handler 9 on default port 15110] ERROR OMAudit - user=runner | ip=127.0.0.1 | op=GET_FILE_STATUS {volume=volume13657, bucket=bucket40110, key=gdir1/dir1/child, dataSize=0, replicationConfig=null} | ret=FAILURE
org.apache.hadoop.ozone.om.exceptions.OMException: Unable to get file status: volume: volume13657 bucket: bucket40110 key: gdir1/dir1/child
	at org.apache.hadoop.ozone.om.KeyManagerImpl.getOzoneFileStatus(KeyManagerImpl.java:1198) ~[ozone-manager-1.4.0-SNAPSHOT.jar:?]
	at org.apache.hadoop.ozone.om.KeyManagerImpl.getFileStatus(KeyManagerImpl.java:1116) ~[ozone-manager-1.4.0-SNAPSHOT.jar:?]
	at org.apache.hadoop.ozone.om.OmMetadataReader.getFileStatus(OmMetadataReader.java:266) ~[ozone-manager-1.4.0-SNAPSHOT.jar:?]
	at org.apache.hadoop.ozone.om.OzoneManager.getFileStatus(OzoneManager.java:3552) ~[ozone-manager-1.4.0-SNAPSHOT.jar:?]
	at org.apache.hadoop.ozone.protocolPB.OzoneManagerRequestHandler.getOzoneFileStatus(OzoneManagerRequestHandler.java:998) ~[ozone-manager-1.4.0-SNAPSHOT.jar:?]
	at org.apache.hadoop.ozone.protocolPB.OzoneManagerRequestHandler.handleReadRequest(OzoneManagerRequestHandler.java:259) ~[ozone-manager-1.4.0-SNAPSHOT.jar:?]
	at org.apache.hadoop.ozone.protocolPB.OzoneManagerProtocolServerSideTranslatorPB.submitReadRequestToOM(OzoneManagerProtocolServerSideTranslatorPB.java:225) ~[ozone-manager-1.4.0-SNAPSHOT.jar:?]
	at org.apache.hadoop.ozone.protocolPB.OzoneManagerProtocolServerSideTranslatorPB.processRequest(OzoneManagerProtocolServerSideTranslatorPB.java:179) ~[ozone-manager-1.4.0-SNAPSHOT.jar:?]
	at org.apache.hadoop.hdds.server.OzoneProtocolMessageDispatcher.processRequest(OzoneProtocolMessageDispatcher.java:87) [hdds-server-framework-1.4.0-SNAPSHOT.jar:?]
	at org.apache.hadoop.ozone.protocolPB.OzoneManagerProtocolServerSideTranslatorPB.submitRequest(OzoneManagerProtocolServerSideTranslatorPB.java:148) [ozone-manager-1.4.0-SNAPSHOT.jar:?]
	at org.apache.hadoop.ozone.protocol.proto.OzoneManagerProtocolProtos$OzoneManagerService$2.callBlockingMethod(OzoneManagerProtocolProtos.java) [ozone-interface-client-1.4.0-SNAPSHOT.jar:?]
	at org.apache.hadoop.ipc.ProtobufRpcEngine$Server.processCall(ProtobufRpcEngine.java:484) [hadoop-common-3.3.6.jar:?]
	at org.apache.hadoop.ipc.ProtobufRpcEngine2$Server$ProtoBufRpcInvoker.call(ProtobufRpcEngine2.java:595) [hadoop-common-3.3.6.jar:?]
	at org.apache.hadoop.ipc.ProtobufRpcEngine2$Server$ProtoBufRpcInvoker.call(ProtobufRpcEngine2.java:573) [hadoop-common-3.3.6.jar:?]
	at org.apache.hadoop.ipc.RPC$Server.call(RPC.java:1227) [hadoop-common-3.3.6.jar:?]
	at org.apache.hadoop.ipc.Server$RpcCall.run(Server.java:1094) [hadoop-common-3.3.6.jar:?]
	at org.apache.hadoop.ipc.Server$RpcCall.run(Server.java:1017) [hadoop-common-3.3.6.jar:?]
	at java.security.AccessController.doPrivileged(Native Method) ~[?:1.8.0_382]
	at javax.security.auth.Subject.doAs(Subject.java:422) [?:1.8.0_382]
	at org.apache.hadoop.security.UserGroupInformation.doAs(UserGroupInformation.java:1899) [hadoop-common-3.3.6.jar:?]
	at org.apache.hadoop.ipc.Server$Handler.run(Server.java:3048) [hadoop-common-3.3.6.jar:?]
12:58:54.395 [IPC Server handler 10 on default port 15110] ERROR OMAudit - user=runner | ip=127.0.0.1 | op=GET_FILE_STATUS {volume=volume13657, bucket=bucket40110, key=gdir1/dir2, dataSize=0, replicationConfig=null} | ret=FAILURE
org.apache.hadoop.ozone.om.exceptions.OMException: Unable to get file status: volume: volume13657 bucket: bucket40110 key: gdir1/dir2
	at org.apache.hadoop.ozone.om.KeyManagerImpl.getOzoneFileStatus(KeyManagerImpl.java:1198) ~[ozone-manager-1.4.0-SNAPSHOT.jar:?]
	at org.apache.hadoop.ozone.om.KeyManagerImpl.getFileStatus(KeyManagerImpl.java:1116) ~[ozone-manager-1.4.0-SNAPSHOT.jar:?]
	at org.apache.hadoop.ozone.om.OmMetadataReader.getFileStatus(OmMetadataReader.java:266) ~[ozone-manager-1.4.0-SNAPSHOT.jar:?]
	at org.apache.hadoop.ozone.om.OzoneManager.getFileStatus(OzoneManager.java:3552) ~[ozone-manager-1.4.0-SNAPSHOT.jar:?]
	at org.apache.hadoop.ozone.protocolPB.OzoneManagerRequestHandler.getOzoneFileStatus(OzoneManagerRequestHandler.java:998) ~[ozone-manager-1.4.0-SNAPSHOT.jar:?]
	at org.apache.hadoop.ozone.protocolPB.OzoneManagerRequestHandler.handleReadRequest(OzoneManagerRequestHandler.java:259) ~[ozone-manager-1.4.0-SNAPSHOT.jar:?]
	at org.apache.hadoop.ozone.protocolPB.OzoneManagerProtocolServerSideTranslatorPB.submitReadRequestToOM(OzoneManagerProtocolServerSideTranslatorPB.java:225) ~[ozone-manager-1.4.0-SNAPSHOT.jar:?]
	at org.apache.hadoop.ozone.protocolPB.OzoneManagerProtocolServerSideTranslatorPB.processRequest(OzoneManagerProtocolServerSideTranslatorPB.java:179) ~[ozone-manager-1.4.0-SNAPSHOT.jar:?]
	at org.apache.hadoop.hdds.server.OzoneProtocolMessageDispatcher.processRequest(OzoneProtocolMessageDispatcher.java:87) [hdds-server-framework-1.4.0-SNAPSHOT.jar:?]
	at org.apache.hadoop.ozone.protocolPB.OzoneManagerProtocolServerSideTranslatorPB.submitRequest(OzoneManagerProtocolServerSideTranslatorPB.java:148) [ozone-manager-1.4.0-SNAPSHOT.jar:?]
	at org.apache.hadoop.ozone.protocol.proto.OzoneManagerProtocolProtos$OzoneManagerService$2.callBlockingMethod(OzoneManagerProtocolProtos.java) [ozone-interface-client-1.4.0-SNAPSHOT.jar:?]
	at org.apache.hadoop.ipc.ProtobufRpcEngine$Server.processCall(ProtobufRpcEngine.java:484) [hadoop-common-3.3.6.jar:?]
	at org.apache.hadoop.ipc.ProtobufRpcEngine2$Server$ProtoBufRpcInvoker.call(ProtobufRpcEngine2.java:595) [hadoop-common-3.3.6.jar:?]
	at org.apache.hadoop.ipc.ProtobufRpcEngine2$Server$ProtoBufRpcInvoker.call(ProtobufRpcEngine2.java:573) [hadoop-common-3.3.6.jar:?]
	at org.apache.hadoop.ipc.RPC$Server.call(RPC.java:1227) [hadoop-common-3.3.6.jar:?]
	at org.apache.hadoop.ipc.Server$RpcCall.run(Server.java:1094) [hadoop-common-3.3.6.jar:?]
	at org.apache.hadoop.ipc.Server$RpcCall.run(Server.java:1017) [hadoop-common-3.3.6.jar:?]
	at java.security.AccessController.doPrivileged(Native Method) ~[?:1.8.0_382]
	at javax.security.auth.Subject.doAs(Subject.java:422) [?:1.8.0_382]
	at org.apache.hadoop.security.UserGroupInformation.doAs(UserGroupInformation.java:1899) [hadoop-common-3.3.6.jar:?]
	at org.apache.hadoop.ipc.Server$Handler.run(Server.java:3048) [hadoop-common-3.3.6.jar:?]
12:58:54.396 [IPC Server handler 11 on default port 15110] ERROR OMAudit - user=runner | ip=127.0.0.1 | op=GET_FILE_STATUS {volume=volume13657, bucket=bucket40110, key=gdir1/dir2/child, dataSize=0, replicationConfig=null} | ret=FAILURE
org.apache.hadoop.ozone.om.exceptions.OMException: Unable to get file status: volume: volume13657 bucket: bucket40110 key: gdir1/dir2/child
	at org.apache.hadoop.ozone.om.KeyManagerImpl.getOzoneFileStatus(KeyManagerImpl.java:1198) ~[ozone-manager-1.4.0-SNAPSHOT.jar:?]
	at org.apache.hadoop.ozone.om.KeyManagerImpl.getFileStatus(KeyManagerImpl.java:1116) ~[ozone-manager-1.4.0-SNAPSHOT.jar:?]
	at org.apache.hadoop.ozone.om.OmMetadataReader.getFileStatus(OmMetadataReader.java:266) ~[ozone-manager-1.4.0-SNAPSHOT.jar:?]
	at org.apache.hadoop.ozone.om.OzoneManager.getFileStatus(OzoneManager.java:3552) ~[ozone-manager-1.4.0-SNAPSHOT.jar:?]
	at org.apache.hadoop.ozone.protocolPB.OzoneManagerRequestHandler.getOzoneFileStatus(OzoneManagerRequestHandler.java:998) ~[ozone-manager-1.4.0-SNAPSHOT.jar:?]
	at org.apache.hadoop.ozone.protocolPB.OzoneManagerRequestHandler.handleReadRequest(OzoneManagerRequestHandler.java:259) ~[ozone-manager-1.4.0-SNAPSHOT.jar:?]
	at org.apache.hadoop.ozone.protocolPB.OzoneManagerProtocolServerSideTranslatorPB.submitReadRequestToOM(OzoneManagerProtocolServerSideTranslatorPB.java:225) ~[ozone-manager-1.4.0-SNAPSHOT.jar:?]
	at org.apache.hadoop.ozone.protocolPB.OzoneManagerProtocolServerSideTranslatorPB.processRequest(OzoneManagerProtocolServerSideTranslatorPB.java:179) ~[ozone-manager-1.4.0-SNAPSHOT.jar:?]
	at org.apache.hadoop.hdds.server.OzoneProtocolMessageDispatcher.processRequest(OzoneProtocolMessageDispatcher.java:87) [hdds-server-framework-1.4.0-SNAPSHOT.jar:?]
	at org.apache.hadoop.ozone.protocolPB.OzoneManagerProtocolServerSideTranslatorPB.submitRequest(OzoneManagerProtocolServerSideTranslatorPB.java:148) [ozone-manager-1.4.0-SNAPSHOT.jar:?]
	at org.apache.hadoop.ozone.protocol.proto.OzoneManagerProtocolProtos$OzoneManagerService$2.callBlockingMethod(OzoneManagerProtocolProtos.java) [ozone-interface-client-1.4.0-SNAPSHOT.jar:?]
	at org.apache.hadoop.ipc.ProtobufRpcEngine$Server.processCall(ProtobufRpcEngine.java:484) [hadoop-common-3.3.6.jar:?]
	at org.apache.hadoop.ipc.ProtobufRpcEngine2$Server$ProtoBufRpcInvoker.call(ProtobufRpcEngine2.java:595) [hadoop-common-3.3.6.jar:?]
	at org.apache.hadoop.ipc.ProtobufRpcEngine2$Server$ProtoBufRpcInvoker.call(ProtobufRpcEngine2.java:573) [hadoop-common-3.3.6.jar:?]
	at org.apache.hadoop.ipc.RPC$Server.call(RPC.java:1227) [hadoop-common-3.3.6.jar:?]
	at org.apache.hadoop.ipc.Server$RpcCall.run(Server.java:1094) [hadoop-common-3.3.6.jar:?]
	at org.apache.hadoop.ipc.Server$RpcCall.run(Server.java:1017) [hadoop-common-3.3.6.jar:?]
	at java.security.AccessController.doPrivileged(Native Method) ~[?:1.8.0_382]
	at javax.security.auth.Subject.doAs(Subject.java:422) [?:1.8.0_382]
	at org.apache.hadoop.security.UserGroupInformation.doAs(UserGroupInformation.java:1899) [hadoop-common-3.3.6.jar:?]
	at org.apache.hadoop.ipc.Server$Handler.run(Server.java:3048) [hadoop-common-3.3.6.jar:?]
12:58:54.397 [IPC Server handler 12 on default port 15110] ERROR OMAudit - user=runner | ip=127.0.0.1 | op=GET_FILE_STATUS {volume=volume13657, bucket=bucket40110, key=gdir1/dir3, dataSize=0, replicationConfig=null} | ret=FAILURE
org.apache.hadoop.ozone.om.exceptions.OMException: Unable to get file status: volume: volume13657 bucket: bucket40110 key: gdir1/dir3
	at org.apache.hadoop.ozone.om.KeyManagerImpl.getOzoneFileStatus(KeyManagerImpl.java:1198) ~[ozone-manager-1.4.0-SNAPSHOT.jar:?]
	at org.apache.hadoop.ozone.om.KeyManagerImpl.getFileStatus(KeyManagerImpl.java:1116) ~[ozone-manager-1.4.0-SNAPSHOT.jar:?]
	at org.apache.hadoop.ozone.om.OmMetadataReader.getFileStatus(OmMetadataReader.java:266) ~[ozone-manager-1.4.0-SNAPSHOT.jar:?]
	at org.apache.hadoop.ozone.om.OzoneManager.getFileStatus(OzoneManager.java:3552) ~[ozone-manager-1.4.0-SNAPSHOT.jar:?]
	at org.apache.hadoop.ozone.protocolPB.OzoneManagerRequestHandler.getOzoneFileStatus(OzoneManagerRequestHandler.java:998) ~[ozone-manager-1.4.0-SNAPSHOT.jar:?]
	at org.apache.hadoop.ozone.protocolPB.OzoneManagerRequestHandler.handleReadRequest(OzoneManagerRequestHandler.java:259) ~[ozone-manager-1.4.0-SNAPSHOT.jar:?]
	at org.apache.hadoop.ozone.protocolPB.OzoneManagerProtocolServerSideTranslatorPB.submitReadRequestToOM(OzoneManagerProtocolServerSideTranslatorPB.java:225) ~[ozone-manager-1.4.0-SNAPSHOT.jar:?]
	at org.apache.hadoop.ozone.protocolPB.OzoneManagerProtocolServerSideTranslatorPB.processRequest(OzoneManagerProtocolServerSideTranslatorPB.java:179) ~[ozone-manager-1.4.0-SNAPSHOT.jar:?]
	at org.apache.hadoop.hdds.server.OzoneProtocolMessageDispatcher.processRequest(OzoneProtocolMessageDispatcher.java:87) [hdds-server-framework-1.4.0-SNAPSHOT.jar:?]
	at org.apache.hadoop.ozone.protocolPB.OzoneManagerProtocolServerSideTranslatorPB.submitRequest(OzoneManagerProtocolServerSideTranslatorPB.java:148) [ozone-manager-1.4.0-SNAPSHOT.jar:?]
	at org.apache.hadoop.ozone.protocol.proto.OzoneManagerProtocolProtos$OzoneManagerService$2.callBlockingMethod(OzoneManagerProtocolProtos.java) [ozone-interface-client-1.4.0-SNAPSHOT.jar:?]
	at org.apache.hadoop.ipc.ProtobufRpcEngine$Server.processCall(ProtobufRpcEngine.java:484) [hadoop-common-3.3.6.jar:?]
	at org.apache.hadoop.ipc.ProtobufRpcEngine2$Server$ProtoBufRpcInvoker.call(ProtobufRpcEngine2.java:595) [hadoop-common-3.3.6.jar:?]
	at org.apache.hadoop.ipc.ProtobufRpcEngine2$Server$ProtoBufRpcInvoker.call(ProtobufRpcEngine2.java:573) [hadoop-common-3.3.6.jar:?]
	at org.apache.hadoop.ipc.RPC$Server.call(RPC.java:1227) [hadoop-common-3.3.6.jar:?]
	at org.apache.hadoop.ipc.Server$RpcCall.run(Server.java:1094) [hadoop-common-3.3.6.jar:?]
	at org.apache.hadoop.ipc.Server$RpcCall.run(Server.java:1017) [hadoop-common-3.3.6.jar:?]
	at java.security.AccessController.doPrivileged(Native Method) ~[?:1.8.0_382]
	at javax.security.auth.Subject.doAs(Subject.java:422) [?:1.8.0_382]
	at org.apache.hadoop.security.UserGroupInformation.doAs(UserGroupInformation.java:1899) [hadoop-common-3.3.6.jar:?]
	at org.apache.hadoop.ipc.Server$Handler.run(Server.java:3048) [hadoop-common-3.3.6.jar:?]
12:58:54.398 [IPC Server handler 13 on default port 15110] ERROR OMAudit - user=runner | ip=127.0.0.1 | op=GET_FILE_STATUS {volume=volume13657, bucket=bucket40110, key=gdir1/dir3/child, dataSize=0, replicationConfig=null} | ret=FAILURE
org.apache.hadoop.ozone.om.exceptions.OMException: Unable to get file status: volume: volume13657 bucket: bucket40110 key: gdir1/dir3/child
	at org.apache.hadoop.ozone.om.KeyManagerImpl.getOzoneFileStatus(KeyManagerImpl.java:1198) ~[ozone-manager-1.4.0-SNAPSHOT.jar:?]
	at org.apache.hadoop.ozone.om.KeyManagerImpl.getFileStatus(KeyManagerImpl.java:1116) ~[ozone-manager-1.4.0-SNAPSHOT.jar:?]
	at org.apache.hadoop.ozone.om.OmMetadataReader.getFileStatus(OmMetadataReader.java:266) ~[ozone-manager-1.4.0-SNAPSHOT.jar:?]
	at org.apache.hadoop.ozone.om.OzoneManager.getFileStatus(OzoneManager.java:3552) ~[ozone-manager-1.4.0-SNAPSHOT.jar:?]
	at org.apache.hadoop.ozone.protocolPB.OzoneManagerRequestHandler.getOzoneFileStatus(OzoneManagerRequestHandler.java:998) ~[ozone-manager-1.4.0-SNAPSHOT.jar:?]
	at org.apache.hadoop.ozone.protocolPB.OzoneManagerRequestHandler.handleReadRequest(OzoneManagerRequestHandler.java:259) ~[ozone-manager-1.4.0-SNAPSHOT.jar:?]
	at org.apache.hadoop.ozone.protocolPB.OzoneManagerProtocolServerSideTranslatorPB.submitReadRequestToOM(OzoneManagerProtocolServerSideTranslatorPB.java:225) ~[ozone-manager-1.4.0-SNAPSHOT.jar:?]
	at org.apache.hadoop.ozone.protocolPB.OzoneManagerProtocolServerSideTranslatorPB.processRequest(OzoneManagerProtocolServerSideTranslatorPB.java:179) ~[ozone-manager-1.4.0-SNAPSHOT.jar:?]
	at org.apache.hadoop.hdds.server.OzoneProtocolMessageDispatcher.processRequest(OzoneProtocolMessageDispatcher.java:87) [hdds-server-framework-1.4.0-SNAPSHOT.jar:?]
	at org.apache.hadoop.ozone.protocolPB.OzoneManagerProtocolServerSideTranslatorPB.submitRequest(OzoneManagerProtocolServerSideTranslatorPB.java:148) [ozone-manager-1.4.0-SNAPSHOT.jar:?]
	at org.apache.hadoop.ozone.protocol.proto.OzoneManagerProtocolProtos$OzoneManagerService$2.callBlockingMethod(OzoneManagerProtocolProtos.java) [ozone-interface-client-1.4.0-SNAPSHOT.jar:?]
	at org.apache.hadoop.ipc.ProtobufRpcEngine$Server.processCall(ProtobufRpcEngine.java:484) [hadoop-common-3.3.6.jar:?]
	at org.apache.hadoop.ipc.ProtobufRpcEngine2$Server$ProtoBufRpcInvoker.call(ProtobufRpcEngine2.java:595) [hadoop-common-3.3.6.jar:?]
	at org.apache.hadoop.ipc.ProtobufRpcEngine2$Server$ProtoBufRpcInvoker.call(ProtobufRpcEngine2.java:573) [hadoop-common-3.3.6.jar:?]
	at org.apache.hadoop.ipc.RPC$Server.call(RPC.java:1227) [hadoop-common-3.3.6.jar:?]
	at org.apache.hadoop.ipc.Server$RpcCall.run(Server.java:1094) [hadoop-common-3.3.6.jar:?]
	at org.apache.hadoop.ipc.Server$RpcCall.run(Server.java:1017) [hadoop-common-3.3.6.jar:?]
	at java.security.AccessController.doPrivileged(Native Method) ~[?:1.8.0_382]
	at javax.security.auth.Subject.doAs(Subject.java:422) [?:1.8.0_382]
	at org.apache.hadoop.security.UserGroupInformation.doAs(UserGroupInformation.java:1899) [hadoop-common-3.3.6.jar:?]
	at org.apache.hadoop.ipc.Server$Handler.run(Server.java:3048) [hadoop-common-3.3.6.jar:?]
12:58:54.399 [IPC Server handler 14 on default port 15110] ERROR OMAudit - user=runner | ip=127.0.0.1 | op=GET_FILE_STATUS {volume=volume13657, bucket=bucket40110, key=gdir1/dir4, dataSize=0, replicationConfig=null} | ret=FAILURE
org.apache.hadoop.ozone.om.exceptions.OMException: Unable to get file status: volume: volume13657 bucket: bucket40110 key: gdir1/dir4
	at org.apache.hadoop.ozone.om.KeyManagerImpl.getOzoneFileStatus(KeyManagerImpl.java:1198) ~[ozone-manager-1.4.0-SNAPSHOT.jar:?]
	at org.apache.hadoop.ozone.om.KeyManagerImpl.getFileStatus(KeyManagerImpl.java:1116) ~[ozone-manager-1.4.0-SNAPSHOT.jar:?]
	at org.apache.hadoop.ozone.om.OmMetadataReader.getFileStatus(OmMetadataReader.java:266) ~[ozone-manager-1.4.0-SNAPSHOT.jar:?]
	at org.apache.hadoop.ozone.om.OzoneManager.getFileStatus(OzoneManager.java:3552) ~[ozone-manager-1.4.0-SNAPSHOT.jar:?]
	at org.apache.hadoop.ozone.protocolPB.OzoneManagerRequestHandler.getOzoneFileStatus(OzoneManagerRequestHandler.java:998) ~[ozone-manager-1.4.0-SNAPSHOT.jar:?]
	at org.apache.hadoop.ozone.protocolPB.OzoneManagerRequestHandler.handleReadRequest(OzoneManagerRequestHandler.java:259) ~[ozone-manager-1.4.0-SNAPSHOT.jar:?]
	at org.apache.hadoop.ozone.protocolPB.OzoneManagerProtocolServerSideTranslatorPB.submitReadRequestToOM(OzoneManagerProtocolServerSideTranslatorPB.java:225) ~[ozone-manager-1.4.0-SNAPSHOT.jar:?]
	at org.apache.hadoop.ozone.protocolPB.OzoneManagerProtocolServerSideTranslatorPB.processRequest(OzoneManagerProtocolServerSideTranslatorPB.java:179) ~[ozone-manager-1.4.0-SNAPSHOT.jar:?]
	at org.apache.hadoop.hdds.server.OzoneProtocolMessageDispatcher.processRequest(OzoneProtocolMessageDispatcher.java:87) [hdds-server-framework-1.4.0-SNAPSHOT.jar:?]
	at org.apache.hadoop.ozone.protocolPB.OzoneManagerProtocolServerSideTranslatorPB.submitRequest(OzoneManagerProtocolServerSideTranslatorPB.java:148) [ozone-manager-1.4.0-SNAPSHOT.jar:?]
	at org.apache.hadoop.ozone.protocol.proto.OzoneManagerProtocolProtos$OzoneManagerService$2.callBlockingMethod(OzoneManagerProtocolProtos.java) [ozone-interface-client-1.4.0-SNAPSHOT.jar:?]
	at org.apache.hadoop.ipc.ProtobufRpcEngine$Server.processCall(ProtobufRpcEngine.java:484) [hadoop-common-3.3.6.jar:?]
	at org.apache.hadoop.ipc.ProtobufRpcEngine2$Server$ProtoBufRpcInvoker.call(ProtobufRpcEngine2.java:595) [hadoop-common-3.3.6.jar:?]
	at org.apache.hadoop.ipc.ProtobufRpcEngine2$Server$ProtoBufRpcInvoker.call(ProtobufRpcEngine2.java:573) [hadoop-common-3.3.6.jar:?]
	at org.apache.hadoop.ipc.RPC$Server.call(RPC.java:1227) [hadoop-common-3.3.6.jar:?]
	at org.apache.hadoop.ipc.Server$RpcCall.run(Server.java:1094) [hadoop-common-3.3.6.jar:?]
	at org.apache.hadoop.ipc.Server$RpcCall.run(Server.java:1017) [hadoop-common-3.3.6.jar:?]
	at java.security.AccessController.doPrivileged(Native Method) ~[?:1.8.0_382]
	at javax.security.auth.Subject.doAs(Subject.java:422) [?:1.8.0_382]
	at org.apache.hadoop.security.UserGroupInformation.doAs(UserGroupInformation.java:1899) [hadoop-common-3.3.6.jar:?]
	at org.apache.hadoop.ipc.Server$Handler.run(Server.java:3048) [hadoop-common-3.3.6.jar:?]
12:58:54.400 [IPC Server handler 15 on default port 15110] ERROR OMAudit - user=runner | ip=127.0.0.1 | op=GET_FILE_STATUS {volume=volume13657, bucket=bucket40110, key=gdir1/dir4/child, dataSize=0, replicationConfig=null} | ret=FAILURE
org.apache.hadoop.ozone.om.exceptions.OMException: Unable to get file status: volume: volume13657 bucket: bucket40110 key: gdir1/dir4/child
	at org.apache.hadoop.ozone.om.KeyManagerImpl.getOzoneFileStatus(KeyManagerImpl.java:1198) ~[ozone-manager-1.4.0-SNAPSHOT.jar:?]
	at org.apache.hadoop.ozone.om.KeyManagerImpl.getFileStatus(KeyManagerImpl.java:1116) ~[ozone-manager-1.4.0-SNAPSHOT.jar:?]
	at org.apache.hadoop.ozone.om.OmMetadataReader.getFileStatus(OmMetadataReader.java:266) ~[ozone-manager-1.4.0-SNAPSHOT.jar:?]
	at org.apache.hadoop.ozone.om.OzoneManager.getFileStatus(OzoneManager.java:3552) ~[ozone-manager-1.4.0-SNAPSHOT.jar:?]
	at org.apache.hadoop.ozone.protocolPB.OzoneManagerRequestHandler.getOzoneFileStatus(OzoneManagerRequestHandler.java:998) ~[ozone-manager-1.4.0-SNAPSHOT.jar:?]
	at org.apache.hadoop.ozone.protocolPB.OzoneManagerRequestHandler.handleReadRequest(OzoneManagerRequestHandler.java:259) ~[ozone-manager-1.4.0-SNAPSHOT.jar:?]
	at org.apache.hadoop.ozone.protocolPB.OzoneManagerProtocolServerSideTranslatorPB.submitReadRequestToOM(OzoneManagerProtocolServerSideTranslatorPB.java:225) ~[ozone-manager-1.4.0-SNAPSHOT.jar:?]
	at org.apache.hadoop.ozone.protocolPB.OzoneManagerProtocolServerSideTranslatorPB.processRequest(OzoneManagerProtocolServerSideTranslatorPB.java:179) ~[ozone-manager-1.4.0-SNAPSHOT.jar:?]
	at org.apache.hadoop.hdds.server.OzoneProtocolMessageDispatcher.processRequest(OzoneProtocolMessageDispatcher.java:87) [hdds-server-framework-1.4.0-SNAPSHOT.jar:?]
	at org.apache.hadoop.ozone.protocolPB.OzoneManagerProtocolServerSideTranslatorPB.submitRequest(OzoneManagerProtocolServerSideTranslatorPB.java:148) [ozone-manager-1.4.0-SNAPSHOT.jar:?]
	at org.apache.hadoop.ozone.protocol.proto.OzoneManagerProtocolProtos$OzoneManagerService$2.callBlockingMethod(OzoneManagerProtocolProtos.java) [ozone-interface-client-1.4.0-SNAPSHOT.jar:?]
	at org.apache.hadoop.ipc.ProtobufRpcEngine$Server.processCall(ProtobufRpcEngine.java:484) [hadoop-common-3.3.6.jar:?]
	at org.apache.hadoop.ipc.ProtobufRpcEngine2$Server$ProtoBufRpcInvoker.call(ProtobufRpcEngine2.java:595) [hadoop-common-3.3.6.jar:?]
	at org.apache.hadoop.ipc.ProtobufRpcEngine2$Server$ProtoBufRpcInvoker.call(ProtobufRpcEngine2.java:573) [hadoop-common-3.3.6.jar:?]
	at org.apache.hadoop.ipc.RPC$Server.call(RPC.java:1227) [hadoop-common-3.3.6.jar:?]
	at org.apache.hadoop.ipc.Server$RpcCall.run(Server.java:1094) [hadoop-common-3.3.6.jar:?]
	at org.apache.hadoop.ipc.Server$RpcCall.run(Server.java:1017) [hadoop-common-3.3.6.jar:?]
	at java.security.AccessController.doPrivileged(Native Method) ~[?:1.8.0_382]
	at javax.security.auth.Subject.doAs(Subject.java:422) [?:1.8.0_382]
	at org.apache.hadoop.security.UserGroupInformation.doAs(UserGroupInformation.java:1899) [hadoop-common-3.3.6.jar:?]
	at org.apache.hadoop.ipc.Server$Handler.run(Server.java:3048) [hadoop-common-3.3.6.jar:?]
12:58:54.402 [IPC Server handler 16 on default port 15110] ERROR OMAudit - user=runner | ip=127.0.0.1 | op=GET_FILE_STATUS {volume=volume13657, bucket=bucket40110, key=gdir1/dir5, dataSize=0, replicationConfig=null} | ret=FAILURE
org.apache.hadoop.ozone.om.exceptions.OMException: Unable to get file status: volume: volume13657 bucket: bucket40110 key: gdir1/dir5
	at org.apache.hadoop.ozone.om.KeyManagerImpl.getOzoneFileStatus(KeyManagerImpl.java:1198) ~[ozone-manager-1.4.0-SNAPSHOT.jar:?]
	at org.apache.hadoop.ozone.om.KeyManagerImpl.getFileStatus(KeyManagerImpl.java:1116) ~[ozone-manager-1.4.0-SNAPSHOT.jar:?]
	at org.apache.hadoop.ozone.om.OmMetadataReader.getFileStatus(OmMetadataReader.java:266) ~[ozone-manager-1.4.0-SNAPSHOT.jar:?]
	at org.apache.hadoop.ozone.om.OzoneManager.getFileStatus(OzoneManager.java:3552) ~[ozone-manager-1.4.0-SNAPSHOT.jar:?]
	at org.apache.hadoop.ozone.protocolPB.OzoneManagerRequestHandler.getOzoneFileStatus(OzoneManagerRequestHandler.java:998) ~[ozone-manager-1.4.0-SNAPSHOT.jar:?]
	at org.apache.hadoop.ozone.protocolPB.OzoneManagerRequestHandler.handleReadRequest(OzoneManagerRequestHandler.java:259) ~[ozone-manager-1.4.0-SNAPSHOT.jar:?]
	at org.apache.hadoop.ozone.protocolPB.OzoneManagerProtocolServerSideTranslatorPB.submitReadRequestToOM(OzoneManagerProtocolServerSideTranslatorPB.java:225) ~[ozone-manager-1.4.0-SNAPSHOT.jar:?]
	at org.apache.hadoop.ozone.protocolPB.OzoneManagerProtocolServerSideTranslatorPB.processRequest(OzoneManagerProtocolServerSideTranslatorPB.java:179) ~[ozone-manager-1.4.0-SNAPSHOT.jar:?]
	at org.apache.hadoop.hdds.server.OzoneProtocolMessageDispatcher.processRequest(OzoneProtocolMessageDispatcher.java:87) [hdds-server-framework-1.4.0-SNAPSHOT.jar:?]
	at org.apache.hadoop.ozone.protocolPB.OzoneManagerProtocolServerSideTranslatorPB.submitRequest(OzoneManagerProtocolServerSideTranslatorPB.java:148) [ozone-manager-1.4.0-SNAPSHOT.jar:?]
	at org.apache.hadoop.ozone.protocol.proto.OzoneManagerProtocolProtos$OzoneManagerService$2.callBlockingMethod(OzoneManagerProtocolProtos.java) [ozone-interface-client-1.4.0-SNAPSHOT.jar:?]
	at org.apache.hadoop.ipc.ProtobufRpcEngine$Server.processCall(ProtobufRpcEngine.java:484) [hadoop-common-3.3.6.jar:?]
	at org.apache.hadoop.ipc.ProtobufRpcEngine2$Server$ProtoBufRpcInvoker.call(ProtobufRpcEngine2.java:595) [hadoop-common-3.3.6.jar:?]
	at org.apache.hadoop.ipc.ProtobufRpcEngine2$Server$ProtoBufRpcInvoker.call(ProtobufRpcEngine2.java:573) [hadoop-common-3.3.6.jar:?]
	at org.apache.hadoop.ipc.RPC$Server.call(RPC.java:1227) [hadoop-common-3.3.6.jar:?]
	at org.apache.hadoop.ipc.Server$RpcCall.run(Server.java:1094) [hadoop-common-3.3.6.jar:?]
	at org.apache.hadoop.ipc.Server$RpcCall.run(Server.java:1017) [hadoop-common-3.3.6.jar:?]
	at java.security.AccessController.doPrivileged(Native Method) ~[?:1.8.0_382]
	at javax.security.auth.Subject.doAs(Subject.java:422) [?:1.8.0_382]
	at org.apache.hadoop.security.UserGroupInformation.doAs(UserGroupInformation.java:1899) [hadoop-common-3.3.6.jar:?]
	at org.apache.hadoop.ipc.Server$Handler.run(Server.java:3048) [hadoop-common-3.3.6.jar:?]
12:58:54.402 [IPC Server handler 19 on default port 15110] ERROR OMAudit - user=runner | ip=127.0.0.1 | op=GET_FILE_STATUS {volume=volume13657, bucket=bucket40110, key=gdir1/dir5/child, dataSize=0, replicationConfig=null} | ret=FAILURE
org.apache.hadoop.ozone.om.exceptions.OMException: Unable to get file status: volume: volume13657 bucket: bucket40110 key: gdir1/dir5/child
	at org.apache.hadoop.ozone.om.KeyManagerImpl.getOzoneFileStatus(KeyManagerImpl.java:1198) ~[ozone-manager-1.4.0-SNAPSHOT.jar:?]
	at org.apache.hadoop.ozone.om.KeyManagerImpl.getFileStatus(KeyManagerImpl.java:1116) ~[ozone-manager-1.4.0-SNAPSHOT.jar:?]
	at org.apache.hadoop.ozone.om.OmMetadataReader.getFileStatus(OmMetadataReader.java:266) ~[ozone-manager-1.4.0-SNAPSHOT.jar:?]
	at org.apache.hadoop.ozone.om.OzoneManager.getFileStatus(OzoneManager.java:3552) ~[ozone-manager-1.4.0-SNAPSHOT.jar:?]
	at org.apache.hadoop.ozone.protocolPB.OzoneManagerRequestHandler.getOzoneFileStatus(OzoneManagerRequestHandler.java:998) ~[ozone-manager-1.4.0-SNAPSHOT.jar:?]
	at org.apache.hadoop.ozone.protocolPB.OzoneManagerRequestHandler.handleReadRequest(OzoneManagerRequestHandler.java:259) ~[ozone-manager-1.4.0-SNAPSHOT.jar:?]
	at org.apache.hadoop.ozone.protocolPB.OzoneManagerProtocolServerSideTranslatorPB.submitReadRequestToOM(OzoneManagerProtocolServerSideTranslatorPB.java:225) ~[ozone-manager-1.4.0-SNAPSHOT.jar:?]
	at org.apache.hadoop.ozone.protocolPB.OzoneManagerProtocolServerSideTranslatorPB.processRequest(OzoneManagerProtocolServerSideTranslatorPB.java:179) ~[ozone-manager-1.4.0-SNAPSHOT.jar:?]
	at org.apache.hadoop.hdds.server.OzoneProtocolMessageDispatcher.processRequest(OzoneProtocolMessageDispatcher.java:87) [hdds-server-framework-1.4.0-SNAPSHOT.jar:?]
	at org.apache.hadoop.ozone.protocolPB.OzoneManagerProtocolServerSideTranslatorPB.submitRequest(OzoneManagerProtocolServerSideTranslatorPB.java:148) [ozone-manager-1.4.0-SNAPSHOT.jar:?]
	at org.apache.hadoop.ozone.protocol.proto.OzoneManagerProtocolProtos$OzoneManagerService$2.callBlockingMethod(OzoneManagerProtocolProtos.java) [ozone-interface-client-1.4.0-SNAPSHOT.jar:?]
	at org.apache.hadoop.ipc.ProtobufRpcEngine$Server.processCall(ProtobufRpcEngine.java:484) [hadoop-common-3.3.6.jar:?]
	at org.apache.hadoop.ipc.ProtobufRpcEngine2$Server$ProtoBufRpcInvoker.call(ProtobufRpcEngine2.java:595) [hadoop-common-3.3.6.jar:?]
	at org.apache.hadoop.ipc.ProtobufRpcEngine2$Server$ProtoBufRpcInvoker.call(ProtobufRpcEngine2.java:573) [hadoop-common-3.3.6.jar:?]
	at org.apache.hadoop.ipc.RPC$Server.call(RPC.java:1227) [hadoop-common-3.3.6.jar:?]
	at org.apache.hadoop.ipc.Server$RpcCall.run(Server.java:1094) [hadoop-common-3.3.6.jar:?]
	at org.apache.hadoop.ipc.Server$RpcCall.run(Server.java:1017) [hadoop-common-3.3.6.jar:?]
	at java.security.AccessController.doPrivileged(Native Method) ~[?:1.8.0_382]
	at javax.security.auth.Subject.doAs(Subject.java:422) [?:1.8.0_382]
	at org.apache.hadoop.security.UserGroupInformation.doAs(UserGroupInformation.java:1899) [hadoop-common-3.3.6.jar:?]
	at org.apache.hadoop.ipc.Server$Handler.run(Server.java:3048) [hadoop-common-3.3.6.jar:?]
12:58:54.405 [IPC Server handler 18 on default port 15110] ERROR OMAudit - user=runner | ip=127.0.0.1 | op=GET_FILE_STATUS {volume=volume13657, bucket=bucket40110, key=gdir1/dir6, dataSize=0, replicationConfig=null} | ret=FAILURE
org.apache.hadoop.ozone.om.exceptions.OMException: Unable to get file status: volume: volume13657 bucket: bucket40110 key: gdir1/dir6
	at org.apache.hadoop.ozone.om.KeyManagerImpl.getOzoneFileStatus(KeyManagerImpl.java:1198) ~[ozone-manager-1.4.0-SNAPSHOT.jar:?]
	at org.apache.hadoop.ozone.om.KeyManagerImpl.getFileStatus(KeyManagerImpl.java:1116) ~[ozone-manager-1.4.0-SNAPSHOT.jar:?]
	at org.apache.hadoop.ozone.om.OmMetadataReader.getFileStatus(OmMetadataReader.java:266) ~[ozone-manager-1.4.0-SNAPSHOT.jar:?]
	at org.apache.hadoop.ozone.om.OzoneManager.getFileStatus(OzoneManager.java:3552) ~[ozone-manager-1.4.0-SNAPSHOT.jar:?]
	at org.apache.hadoop.ozone.protocolPB.OzoneManagerRequestHandler.getOzoneFileStatus(OzoneManagerRequestHandler.java:998) ~[ozone-manager-1.4.0-SNAPSHOT.jar:?]
	at org.apache.hadoop.ozone.protocolPB.OzoneManagerRequestHandler.handleReadRequest(OzoneManagerRequestHandler.java:259) ~[ozone-manager-1.4.0-SNAPSHOT.jar:?]
	at org.apache.hadoop.ozone.protocolPB.OzoneManagerProtocolServerSideTranslatorPB.submitReadRequestToOM(OzoneManagerProtocolServerSideTranslatorPB.java:225) ~[ozone-manager-1.4.0-SNAPSHOT.jar:?]
	at org.apache.hadoop.ozone.protocolPB.OzoneManagerProtocolServerSideTranslatorPB.processRequest(OzoneManagerProtocolServerSideTranslatorPB.java:179) ~[ozone-manager-1.4.0-SNAPSHOT.jar:?]
	at org.apache.hadoop.hdds.server.OzoneProtocolMessageDispatcher.processRequest(OzoneProtocolMessageDispatcher.java:87) [hdds-server-framework-1.4.0-SNAPSHOT.jar:?]
	at org.apache.hadoop.ozone.protocolPB.OzoneManagerProtocolServerSideTranslatorPB.submitRequest(OzoneManagerProtocolServerSideTranslatorPB.java:148) [ozone-manager-1.4.0-SNAPSHOT.jar:?]
	at org.apache.hadoop.ozone.protocol.proto.OzoneManagerProtocolProtos$OzoneManagerService$2.callBlockingMethod(OzoneManagerProtocolProtos.java) [ozone-interface-client-1.4.0-SNAPSHOT.jar:?]
	at org.apache.hadoop.ipc.ProtobufRpcEngine$Server.processCall(ProtobufRpcEngine.java:484) [hadoop-common-3.3.6.jar:?]
	at org.apache.hadoop.ipc.ProtobufRpcEngine2$Server$ProtoBufRpcInvoker.call(ProtobufRpcEngine2.java:595) [hadoop-common-3.3.6.jar:?]
	at org.apache.hadoop.ipc.ProtobufRpcEngine2$Server$ProtoBufRpcInvoker.call(ProtobufRpcEngine2.java:573) [hadoop-common-3.3.6.jar:?]
	at org.apache.hadoop.ipc.RPC$Server.call(RPC.java:1227) [hadoop-common-3.3.6.jar:?]
	at org.apache.hadoop.ipc.Server$RpcCall.run(Server.java:1094) [hadoop-common-3.3.6.jar:?]
	at org.apache.hadoop.ipc.Server$RpcCall.run(Server.java:1017) [hadoop-common-3.3.6.jar:?]
	at java.security.AccessController.doPrivileged(Native Method) ~[?:1.8.0_382]
	at javax.security.auth.Subject.doAs(Subject.java:422) [?:1.8.0_382]
	at org.apache.hadoop.security.UserGroupInformation.doAs(UserGroupInformation.java:1899) [hadoop-common-3.3.6.jar:?]
	at org.apache.hadoop.ipc.Server$Handler.run(Server.java:3048) [hadoop-common-3.3.6.jar:?]
12:58:54.406 [IPC Server handler 17 on default port 15110] ERROR OMAudit - user=runner | ip=127.0.0.1 | op=GET_FILE_STATUS {volume=volume13657, bucket=bucket40110, key=gdir1/dir6/child, dataSize=0, replicationConfig=null} | ret=FAILURE
org.apache.hadoop.ozone.om.exceptions.OMException: Unable to get file status: volume: volume13657 bucket: bucket40110 key: gdir1/dir6/child
	at org.apache.hadoop.ozone.om.KeyManagerImpl.getOzoneFileStatus(KeyManagerImpl.java:1198) ~[ozone-manager-1.4.0-SNAPSHOT.jar:?]
	at org.apache.hadoop.ozone.om.KeyManagerImpl.getFileStatus(KeyManagerImpl.java:1116) ~[ozone-manager-1.4.0-SNAPSHOT.jar:?]
	at org.apache.hadoop.ozone.om.OmMetadataReader.getFileStatus(OmMetadataReader.java:266) ~[ozone-manager-1.4.0-SNAPSHOT.jar:?]
	at org.apache.hadoop.ozone.om.OzoneManager.getFileStatus(OzoneManager.java:3552) ~[ozone-manager-1.4.0-SNAPSHOT.jar:?]
	at org.apache.hadoop.ozone.protocolPB.OzoneManagerRequestHandler.getOzoneFileStatus(OzoneManagerRequestHandler.java:998) ~[ozone-manager-1.4.0-SNAPSHOT.jar:?]
	at org.apache.hadoop.ozone.protocolPB.OzoneManagerRequestHandler.handleReadRequest(OzoneManagerRequestHandler.java:259) ~[ozone-manager-1.4.0-SNAPSHOT.jar:?]
	at org.apache.hadoop.ozone.protocolPB.OzoneManagerProtocolServerSideTranslatorPB.submitReadRequestToOM(OzoneManagerProtocolServerSideTranslatorPB.java:225) ~[ozone-manager-1.4.0-SNAPSHOT.jar:?]
	at org.apache.hadoop.ozone.protocolPB.OzoneManagerProtocolServerSideTranslatorPB.processRequest(OzoneManagerProtocolServerSideTranslatorPB.java:179) ~[ozone-manager-1.4.0-SNAPSHOT.jar:?]
	at org.apache.hadoop.hdds.server.OzoneProtocolMessageDispatcher.processRequest(OzoneProtocolMessageDispatcher.java:87) [hdds-server-framework-1.4.0-SNAPSHOT.jar:?]
	at org.apache.hadoop.ozone.protocolPB.OzoneManagerProtocolServerSideTranslatorPB.submitRequest(OzoneManagerProtocolServerSideTranslatorPB.java:148) [ozone-manager-1.4.0-SNAPSHOT.jar:?]
	at org.apache.hadoop.ozone.protocol.proto.OzoneManagerProtocolProtos$OzoneManagerService$2.callBlockingMethod(OzoneManagerProtocolProtos.java) [ozone-interface-client-1.4.0-SNAPSHOT.jar:?]
	at org.apache.hadoop.ipc.ProtobufRpcEngine$Server.processCall(ProtobufRpcEngine.java:484) [hadoop-common-3.3.6.jar:?]
	at org.apache.hadoop.ipc.ProtobufRpcEngine2$Server$ProtoBufRpcInvoker.call(ProtobufRpcEngine2.java:595) [hadoop-common-3.3.6.jar:?]
	at org.apache.hadoop.ipc.ProtobufRpcEngine2$Server$ProtoBufRpcInvoker.call(ProtobufRpcEngine2.java:573) [hadoop-common-3.3.6.jar:?]
	at org.apache.hadoop.ipc.RPC$Server.call(RPC.java:1227) [hadoop-common-3.3.6.jar:?]
	at org.apache.hadoop.ipc.Server$RpcCall.run(Server.java:1094) [hadoop-common-3.3.6.jar:?]
	at org.apache.hadoop.ipc.Server$RpcCall.run(Server.java:1017) [hadoop-common-3.3.6.jar:?]
	at java.security.AccessController.doPrivileged(Native Method) ~[?:1.8.0_382]
	at javax.security.auth.Subject.doAs(Subject.java:422) [?:1.8.0_382]
	at org.apache.hadoop.security.UserGroupInformation.doAs(UserGroupInformation.java:1899) [hadoop-common-3.3.6.jar:?]
	at org.apache.hadoop.ipc.Server$Handler.run(Server.java:3048) [hadoop-common-3.3.6.jar:?]
12:58:54.407 [IPC Server handler 0 on default port 15110] ERROR OMAudit - user=runner | ip=127.0.0.1 | op=GET_FILE_STATUS {volume=volume13657, bucket=bucket40110, key=gdir1/dir7, dataSize=0, replicationConfig=null} | ret=FAILURE
org.apache.hadoop.ozone.om.exceptions.OMException: Unable to get file status: volume: volume13657 bucket: bucket40110 key: gdir1/dir7
	at org.apache.hadoop.ozone.om.KeyManagerImpl.getOzoneFileStatus(KeyManagerImpl.java:1198) ~[ozone-manager-1.4.0-SNAPSHOT.jar:?]
	at org.apache.hadoop.ozone.om.KeyManagerImpl.getFileStatus(KeyManagerImpl.java:1116) ~[ozone-manager-1.4.0-SNAPSHOT.jar:?]
	at org.apache.hadoop.ozone.om.OmMetadataReader.getFileStatus(OmMetadataReader.java:266) ~[ozone-manager-1.4.0-SNAPSHOT.jar:?]
	at org.apache.hadoop.ozone.om.OzoneManager.getFileStatus(OzoneManager.java:3552) ~[ozone-manager-1.4.0-SNAPSHOT.jar:?]
	at org.apache.hadoop.ozone.protocolPB.OzoneManagerRequestHandler.getOzoneFileStatus(OzoneManagerRequestHandler.java:998) ~[ozone-manager-1.4.0-SNAPSHOT.jar:?]
	at org.apache.hadoop.ozone.protocolPB.OzoneManagerRequestHandler.handleReadRequest(OzoneManagerRequestHandler.java:259) ~[ozone-manager-1.4.0-SNAPSHOT.jar:?]
	at org.apache.hadoop.ozone.protocolPB.OzoneManagerProtocolServerSideTranslatorPB.submitReadRequestToOM(OzoneManagerProtocolServerSideTranslatorPB.java:225) ~[ozone-manager-1.4.0-SNAPSHOT.jar:?]
	at org.apache.hadoop.ozone.protocolPB.OzoneManagerProtocolServerSideTranslatorPB.processRequest(OzoneManagerProtocolServerSideTranslatorPB.java:179) ~[ozone-manager-1.4.0-SNAPSHOT.jar:?]
	at org.apache.hadoop.hdds.server.OzoneProtocolMessageDispatcher.processRequest(OzoneProtocolMessageDispatcher.java:87) [hdds-server-framework-1.4.0-SNAPSHOT.jar:?]
	at org.apache.hadoop.ozone.protocolPB.OzoneManagerProtocolServerSideTranslatorPB.submitRequest(OzoneManagerProtocolServerSideTranslatorPB.java:148) [ozone-manager-1.4.0-SNAPSHOT.jar:?]
	at org.apache.hadoop.ozone.protocol.proto.OzoneManagerProtocolProtos$OzoneManagerService$2.callBlockingMethod(OzoneManagerProtocolProtos.java) [ozone-interface-client-1.4.0-SNAPSHOT.jar:?]
	at org.apache.hadoop.ipc.ProtobufRpcEngine$Server.processCall(ProtobufRpcEngine.java:484) [hadoop-common-3.3.6.jar:?]
	at org.apache.hadoop.ipc.ProtobufRpcEngine2$Server$ProtoBufRpcInvoker.call(ProtobufRpcEngine2.java:595) [hadoop-common-3.3.6.jar:?]
	at org.apache.hadoop.ipc.ProtobufRpcEngine2$Server$ProtoBufRpcInvoker.call(ProtobufRpcEngine2.java:573) [hadoop-common-3.3.6.jar:?]
	at org.apache.hadoop.ipc.RPC$Server.call(RPC.java:1227) [hadoop-common-3.3.6.jar:?]
	at org.apache.hadoop.ipc.Server$RpcCall.run(Server.java:1094) [hadoop-common-3.3.6.jar:?]
	at org.apache.hadoop.ipc.Server$RpcCall.run(Server.java:1017) [hadoop-common-3.3.6.jar:?]
	at java.security.AccessController.doPrivileged(Native Method) ~[?:1.8.0_382]
	at javax.security.auth.Subject.doAs(Subject.java:422) [?:1.8.0_382]
	at org.apache.hadoop.security.UserGroupInformation.doAs(UserGroupInformation.java:1899) [hadoop-common-3.3.6.jar:?]
	at org.apache.hadoop.ipc.Server$Handler.run(Server.java:3048) [hadoop-common-3.3.6.jar:?]
12:58:54.408 [IPC Server handler 1 on default port 15110] ERROR OMAudit - user=runner | ip=127.0.0.1 | op=GET_FILE_STATUS {volume=volume13657, bucket=bucket40110, key=gdir1/dir7/child, dataSize=0, replicationConfig=null} | ret=FAILURE
org.apache.hadoop.ozone.om.exceptions.OMException: Unable to get file status: volume: volume13657 bucket: bucket40110 key: gdir1/dir7/child
	at org.apache.hadoop.ozone.om.KeyManagerImpl.getOzoneFileStatus(KeyManagerImpl.java:1198) ~[ozone-manager-1.4.0-SNAPSHOT.jar:?]
	at org.apache.hadoop.ozone.om.KeyManagerImpl.getFileStatus(KeyManagerImpl.java:1116) ~[ozone-manager-1.4.0-SNAPSHOT.jar:?]
	at org.apache.hadoop.ozone.om.OmMetadataReader.getFileStatus(OmMetadataReader.java:266) ~[ozone-manager-1.4.0-SNAPSHOT.jar:?]
	at org.apache.hadoop.ozone.om.OzoneManager.getFileStatus(OzoneManager.java:3552) ~[ozone-manager-1.4.0-SNAPSHOT.jar:?]
	at org.apache.hadoop.ozone.protocolPB.OzoneManagerRequestHandler.getOzoneFileStatus(OzoneManagerRequestHandler.java:998) ~[ozone-manager-1.4.0-SNAPSHOT.jar:?]
	at org.apache.hadoop.ozone.protocolPB.OzoneManagerRequestHandler.handleReadRequest(OzoneManagerRequestHandler.java:259) ~[ozone-manager-1.4.0-SNAPSHOT.jar:?]
	at org.apache.hadoop.ozone.protocolPB.OzoneManagerProtocolServerSideTranslatorPB.submitReadRequestToOM(OzoneManagerProtocolServerSideTranslatorPB.java:225) ~[ozone-manager-1.4.0-SNAPSHOT.jar:?]
	at org.apache.hadoop.ozone.protocolPB.OzoneManagerProtocolServerSideTranslatorPB.processRequest(OzoneManagerProtocolServerSideTranslatorPB.java:179) ~[ozone-manager-1.4.0-SNAPSHOT.jar:?]
	at org.apache.hadoop.hdds.server.OzoneProtocolMessageDispatcher.processRequest(OzoneProtocolMessageDispatcher.java:87) [hdds-server-framework-1.4.0-SNAPSHOT.jar:?]
	at org.apache.hadoop.ozone.protocolPB.OzoneManagerProtocolServerSideTranslatorPB.submitRequest(OzoneManagerProtocolServerSideTranslatorPB.java:148) [ozone-manager-1.4.0-SNAPSHOT.jar:?]
	at org.apache.hadoop.ozone.protocol.proto.OzoneManagerProtocolProtos$OzoneManagerService$2.callBlockingMethod(OzoneManagerProtocolProtos.java) [ozone-interface-client-1.4.0-SNAPSHOT.jar:?]
	at org.apache.hadoop.ipc.ProtobufRpcEngine$Server.processCall(ProtobufRpcEngine.java:484) [hadoop-common-3.3.6.jar:?]
	at org.apache.hadoop.ipc.ProtobufRpcEngine2$Server$ProtoBufRpcInvoker.call(ProtobufRpcEngine2.java:595) [hadoop-common-3.3.6.jar:?]
	at org.apache.hadoop.ipc.ProtobufRpcEngine2$Server$ProtoBufRpcInvoker.call(ProtobufRpcEngine2.java:573) [hadoop-common-3.3.6.jar:?]
	at org.apache.hadoop.ipc.RPC$Server.call(RPC.java:1227) [hadoop-common-3.3.6.jar:?]
	at org.apache.hadoop.ipc.Server$RpcCall.run(Server.java:1094) [hadoop-common-3.3.6.jar:?]
	at org.apache.hadoop.ipc.Server$RpcCall.run(Server.java:1017) [hadoop-common-3.3.6.jar:?]
	at java.security.AccessController.doPrivileged(Native Method) ~[?:1.8.0_382]
	at javax.security.auth.Subject.doAs(Subject.java:422) [?:1.8.0_382]
	at org.apache.hadoop.security.UserGroupInformation.doAs(UserGroupInformation.java:1899) [hadoop-common-3.3.6.jar:?]
	at org.apache.hadoop.ipc.Server$Handler.run(Server.java:3048) [hadoop-common-3.3.6.jar:?]
12:58:54.409 [IPC Server handler 2 on default port 15110] ERROR OMAudit - user=runner | ip=127.0.0.1 | op=GET_FILE_STATUS {volume=volume13657, bucket=bucket40110, key=gdir1/dir8, dataSize=0, replicationConfig=null} | ret=FAILURE
org.apache.hadoop.ozone.om.exceptions.OMException: Unable to get file status: volume: volume13657 bucket: bucket40110 key: gdir1/dir8
	at org.apache.hadoop.ozone.om.KeyManagerImpl.getOzoneFileStatus(KeyManagerImpl.java:1198) ~[ozone-manager-1.4.0-SNAPSHOT.jar:?]
	at org.apache.hadoop.ozone.om.KeyManagerImpl.getFileStatus(KeyManagerImpl.java:1116) ~[ozone-manager-1.4.0-SNAPSHOT.jar:?]
	at org.apache.hadoop.ozone.om.OmMetadataReader.getFileStatus(OmMetadataReader.java:266) ~[ozone-manager-1.4.0-SNAPSHOT.jar:?]
	at org.apache.hadoop.ozone.om.OzoneManager.getFileStatus(OzoneManager.java:3552) ~[ozone-manager-1.4.0-SNAPSHOT.jar:?]
	at org.apache.hadoop.ozone.protocolPB.OzoneManagerRequestHandler.getOzoneFileStatus(OzoneManagerRequestHandler.java:998) ~[ozone-manager-1.4.0-SNAPSHOT.jar:?]
	at org.apache.hadoop.ozone.protocolPB.OzoneManagerRequestHandler.handleReadRequest(OzoneManagerRequestHandler.java:259) ~[ozone-manager-1.4.0-SNAPSHOT.jar:?]
	at org.apache.hadoop.ozone.protocolPB.OzoneManagerProtocolServerSideTranslatorPB.submitReadRequestToOM(OzoneManagerProtocolServerSideTranslatorPB.java:225) ~[ozone-manager-1.4.0-SNAPSHOT.jar:?]
	at org.apache.hadoop.ozone.protocolPB.OzoneManagerProtocolServerSideTranslatorPB.processRequest(OzoneManagerProtocolServerSideTranslatorPB.java:179) ~[ozone-manager-1.4.0-SNAPSHOT.jar:?]
	at org.apache.hadoop.hdds.server.OzoneProtocolMessageDispatcher.processRequest(OzoneProtocolMessageDispatcher.java:87) [hdds-server-framework-1.4.0-SNAPSHOT.jar:?]
	at org.apache.hadoop.ozone.protocolPB.OzoneManagerProtocolServerSideTranslatorPB.submitRequest(OzoneManagerProtocolServerSideTranslatorPB.java:148) [ozone-manager-1.4.0-SNAPSHOT.jar:?]
	at org.apache.hadoop.ozone.protocol.proto.OzoneManagerProtocolProtos$OzoneManagerService$2.callBlockingMethod(OzoneManagerProtocolProtos.java) [ozone-interface-client-1.4.0-SNAPSHOT.jar:?]
	at org.apache.hadoop.ipc.ProtobufRpcEngine$Server.processCall(ProtobufRpcEngine.java:484) [hadoop-common-3.3.6.jar:?]
	at org.apache.hadoop.ipc.ProtobufRpcEngine2$Server$ProtoBufRpcInvoker.call(ProtobufRpcEngine2.java:595) [hadoop-common-3.3.6.jar:?]
	at org.apache.hadoop.ipc.ProtobufRpcEngine2$Server$ProtoBufRpcInvoker.call(ProtobufRpcEngine2.java:573) [hadoop-common-3.3.6.jar:?]
	at org.apache.hadoop.ipc.RPC$Server.call(RPC.java:1227) [hadoop-common-3.3.6.jar:?]
	at org.apache.hadoop.ipc.Server$RpcCall.run(Server.java:1094) [hadoop-common-3.3.6.jar:?]
	at org.apache.hadoop.ipc.Server$RpcCall.run(Server.java:1017) [hadoop-common-3.3.6.jar:?]
	at java.security.AccessController.doPrivileged(Native Method) ~[?:1.8.0_382]
	at javax.security.auth.Subject.doAs(Subject.java:422) [?:1.8.0_382]
	at org.apache.hadoop.security.UserGroupInformation.doAs(UserGroupInformation.java:1899) [hadoop-common-3.3.6.jar:?]
	at org.apache.hadoop.ipc.Server$Handler.run(Server.java:3048) [hadoop-common-3.3.6.jar:?]
12:58:54.413 [IPC Server handler 3 on default port 15110] ERROR OMAudit - user=runner | ip=127.0.0.1 | op=GET_FILE_STATUS {volume=volume13657, bucket=bucket40110, key=gdir1/dir8/child, dataSize=0, replicationConfig=null} | ret=FAILURE
org.apache.hadoop.ozone.om.exceptions.OMException: Unable to get file status: volume: volume13657 bucket: bucket40110 key: gdir1/dir8/child
	at org.apache.hadoop.ozone.om.KeyManagerImpl.getOzoneFileStatus(KeyManagerImpl.java:1198) ~[ozone-manager-1.4.0-SNAPSHOT.jar:?]
	at org.apache.hadoop.ozone.om.KeyManagerImpl.getFileStatus(KeyManagerImpl.java:1116) ~[ozone-manager-1.4.0-SNAPSHOT.jar:?]
	at org.apache.hadoop.ozone.om.OmMetadataReader.getFileStatus(OmMetadataReader.java:266) ~[ozone-manager-1.4.0-SNAPSHOT.jar:?]
	at org.apache.hadoop.ozone.om.OzoneManager.getFileStatus(OzoneManager.java:3552) ~[ozone-manager-1.4.0-SNAPSHOT.jar:?]
	at org.apache.hadoop.ozone.protocolPB.OzoneManagerRequestHandler.getOzoneFileStatus(OzoneManagerRequestHandler.java:998) ~[ozone-manager-1.4.0-SNAPSHOT.jar:?]
	at org.apache.hadoop.ozone.protocolPB.OzoneManagerRequestHandler.handleReadRequest(OzoneManagerRequestHandler.java:259) ~[ozone-manager-1.4.0-SNAPSHOT.jar:?]
	at org.apache.hadoop.ozone.protocolPB.OzoneManagerProtocolServerSideTranslatorPB.submitReadRequestToOM(OzoneManagerProtocolServerSideTranslatorPB.java:225) ~[ozone-manager-1.4.0-SNAPSHOT.jar:?]
	at org.apache.hadoop.ozone.protocolPB.OzoneManagerProtocolServerSideTranslatorPB.processRequest(OzoneManagerProtocolServerSideTranslatorPB.java:179) ~[ozone-manager-1.4.0-SNAPSHOT.jar:?]
	at org.apache.hadoop.hdds.server.OzoneProtocolMessageDispatcher.processRequest(OzoneProtocolMessageDispatcher.java:87) [hdds-server-framework-1.4.0-SNAPSHOT.jar:?]
	at org.apache.hadoop.ozone.protocolPB.OzoneManagerProtocolServerSideTranslatorPB.submitRequest(OzoneManagerProtocolServerSideTranslatorPB.java:148) [ozone-manager-1.4.0-SNAPSHOT.jar:?]
	at org.apache.hadoop.ozone.protocol.proto.OzoneManagerProtocolProtos$OzoneManagerService$2.callBlockingMethod(OzoneManagerProtocolProtos.java) [ozone-interface-client-1.4.0-SNAPSHOT.jar:?]
	at org.apache.hadoop.ipc.ProtobufRpcEngine$Server.processCall(ProtobufRpcEngine.java:484) [hadoop-common-3.3.6.jar:?]
	at org.apache.hadoop.ipc.ProtobufRpcEngine2$Server$ProtoBufRpcInvoker.call(ProtobufRpcEngine2.java:595) [hadoop-common-3.3.6.jar:?]
	at org.apache.hadoop.ipc.ProtobufRpcEngine2$Server$ProtoBufRpcInvoker.call(ProtobufRpcEngine2.java:573) [hadoop-common-3.3.6.jar:?]
	at org.apache.hadoop.ipc.RPC$Server.call(RPC.java:1227) [hadoop-common-3.3.6.jar:?]
	at org.apache.hadoop.ipc.Server$RpcCall.run(Server.java:1094) [hadoop-common-3.3.6.jar:?]
	at org.apache.hadoop.ipc.Server$RpcCall.run(Server.java:1017) [hadoop-common-3.3.6.jar:?]
	at java.security.AccessController.doPrivileged(Native Method) ~[?:1.8.0_382]
	at javax.security.auth.Subject.doAs(Subject.java:422) [?:1.8.0_382]
	at org.apache.hadoop.security.UserGroupInformation.doAs(UserGroupInformation.java:1899) [hadoop-common-3.3.6.jar:?]
	at org.apache.hadoop.ipc.Server$Handler.run(Server.java:3048) [hadoop-common-3.3.6.jar:?]
12:58:54.414 [IPC Server handler 4 on default port 15110] ERROR OMAudit - user=runner | ip=127.0.0.1 | op=GET_FILE_STATUS {volume=volume13657, bucket=bucket40110, key=gdir1/dir9, dataSize=0, replicationConfig=null} | ret=FAILURE
org.apache.hadoop.ozone.om.exceptions.OMException: Unable to get file status: volume: volume13657 bucket: bucket40110 key: gdir1/dir9
	at org.apache.hadoop.ozone.om.KeyManagerImpl.getOzoneFileStatus(KeyManagerImpl.java:1198) ~[ozone-manager-1.4.0-SNAPSHOT.jar:?]
	at org.apache.hadoop.ozone.om.KeyManagerImpl.getFileStatus(KeyManagerImpl.java:1116) ~[ozone-manager-1.4.0-SNAPSHOT.jar:?]
	at org.apache.hadoop.ozone.om.OmMetadataReader.getFileStatus(OmMetadataReader.java:266) ~[ozone-manager-1.4.0-SNAPSHOT.jar:?]
	at org.apache.hadoop.ozone.om.OzoneManager.getFileStatus(OzoneManager.java:3552) ~[ozone-manager-1.4.0-SNAPSHOT.jar:?]
	at org.apache.hadoop.ozone.protocolPB.OzoneManagerRequestHandler.getOzoneFileStatus(OzoneManagerRequestHandler.java:998) ~[ozone-manager-1.4.0-SNAPSHOT.jar:?]
	at org.apache.hadoop.ozone.protocolPB.OzoneManagerRequestHandler.handleReadRequest(OzoneManagerRequestHandler.java:259) ~[ozone-manager-1.4.0-SNAPSHOT.jar:?]
	at org.apache.hadoop.ozone.protocolPB.OzoneManagerProtocolServerSideTranslatorPB.submitReadRequestToOM(OzoneManagerProtocolServerSideTranslatorPB.java:225) ~[ozone-manager-1.4.0-SNAPSHOT.jar:?]
	at org.apache.hadoop.ozone.protocolPB.OzoneManagerProtocolServerSideTranslatorPB.processRequest(OzoneManagerProtocolServerSideTranslatorPB.java:179) ~[ozone-manager-1.4.0-SNAPSHOT.jar:?]
	at org.apache.hadoop.hdds.server.OzoneProtocolMessageDispatcher.processRequest(OzoneProtocolMessageDispatcher.java:87) [hdds-server-framework-1.4.0-SNAPSHOT.jar:?]
	at org.apache.hadoop.ozone.protocolPB.OzoneManagerProtocolServerSideTranslatorPB.submitRequest(OzoneManagerProtocolServerSideTranslatorPB.java:148) [ozone-manager-1.4.0-SNAPSHOT.jar:?]
	at org.apache.hadoop.ozone.protocol.proto.OzoneManagerProtocolProtos$OzoneManagerService$2.callBlockingMethod(OzoneManagerProtocolProtos.java) [ozone-interface-client-1.4.0-SNAPSHOT.jar:?]
	at org.apache.hadoop.ipc.ProtobufRpcEngine$Server.processCall(ProtobufRpcEngine.java:484) [hadoop-common-3.3.6.jar:?]
	at org.apache.hadoop.ipc.ProtobufRpcEngine2$Server$ProtoBufRpcInvoker.call(ProtobufRpcEngine2.java:595) [hadoop-common-3.3.6.jar:?]
	at org.apache.hadoop.ipc.ProtobufRpcEngine2$Server$ProtoBufRpcInvoker.call(ProtobufRpcEngine2.java:573) [hadoop-common-3.3.6.jar:?]
	at org.apache.hadoop.ipc.RPC$Server.call(RPC.java:1227) [hadoop-common-3.3.6.jar:?]
	at org.apache.hadoop.ipc.Server$RpcCall.run(Server.java:1094) [hadoop-common-3.3.6.jar:?]
	at org.apache.hadoop.ipc.Server$RpcCall.run(Server.java:1017) [hadoop-common-3.3.6.jar:?]
	at java.security.AccessController.doPrivileged(Native Method) ~[?:1.8.0_382]
	at javax.security.auth.Subject.doAs(Subject.java:422) [?:1.8.0_382]
	at org.apache.hadoop.security.UserGroupInformation.doAs(UserGroupInformation.java:1899) [hadoop-common-3.3.6.jar:?]
	at org.apache.hadoop.ipc.Server$Handler.run(Server.java:3048) [hadoop-common-3.3.6.jar:?]
12:58:54.415 [IPC Server handler 5 on default port 15110] ERROR OMAudit - user=runner | ip=127.0.0.1 | op=GET_FILE_STATUS {volume=volume13657, bucket=bucket40110, key=gdir1/dir9/child, dataSize=0, replicationConfig=null} | ret=FAILURE
org.apache.hadoop.ozone.om.exceptions.OMException: Unable to get file status: volume: volume13657 bucket: bucket40110 key: gdir1/dir9/child
	at org.apache.hadoop.ozone.om.KeyManagerImpl.getOzoneFileStatus(KeyManagerImpl.java:1198) ~[ozone-manager-1.4.0-SNAPSHOT.jar:?]
	at org.apache.hadoop.ozone.om.KeyManagerImpl.getFileStatus(KeyManagerImpl.java:1116) ~[ozone-manager-1.4.0-SNAPSHOT.jar:?]
	at org.apache.hadoop.ozone.om.OmMetadataReader.getFileStatus(OmMetadataReader.java:266) ~[ozone-manager-1.4.0-SNAPSHOT.jar:?]
	at org.apache.hadoop.ozone.om.OzoneManager.getFileStatus(OzoneManager.java:3552) ~[ozone-manager-1.4.0-SNAPSHOT.jar:?]
	at org.apache.hadoop.ozone.protocolPB.OzoneManagerRequestHandler.getOzoneFileStatus(OzoneManagerRequestHandler.java:998) ~[ozone-manager-1.4.0-SNAPSHOT.jar:?]
	at org.apache.hadoop.ozone.protocolPB.OzoneManagerRequestHandler.handleReadRequest(OzoneManagerRequestHandler.java:259) ~[ozone-manager-1.4.0-SNAPSHOT.jar:?]
	at org.apache.hadoop.ozone.protocolPB.OzoneManagerProtocolServerSideTranslatorPB.submitReadRequestToOM(OzoneManagerProtocolServerSideTranslatorPB.java:225) ~[ozone-manager-1.4.0-SNAPSHOT.jar:?]
	at org.apache.hadoop.ozone.protocolPB.OzoneManagerProtocolServerSideTranslatorPB.processRequest(OzoneManagerProtocolServerSideTranslatorPB.java:179) ~[ozone-manager-1.4.0-SNAPSHOT.jar:?]
	at org.apache.hadoop.hdds.server.OzoneProtocolMessageDispatcher.processRequest(OzoneProtocolMessageDispatcher.java:87) [hdds-server-framework-1.4.0-SNAPSHOT.jar:?]
	at org.apache.hadoop.ozone.protocolPB.OzoneManagerProtocolServerSideTranslatorPB.submitRequest(OzoneManagerProtocolServerSideTranslatorPB.java:148) [ozone-manager-1.4.0-SNAPSHOT.jar:?]
	at org.apache.hadoop.ozone.protocol.proto.OzoneManagerProtocolProtos$OzoneManagerService$2.callBlockingMethod(OzoneManagerProtocolProtos.java) [ozone-interface-client-1.4.0-SNAPSHOT.jar:?]
	at org.apache.hadoop.ipc.ProtobufRpcEngine$Server.processCall(ProtobufRpcEngine.java:484) [hadoop-common-3.3.6.jar:?]
	at org.apache.hadoop.ipc.ProtobufRpcEngine2$Server$ProtoBufRpcInvoker.call(ProtobufRpcEngine2.java:595) [hadoop-common-3.3.6.jar:?]
	at org.apache.hadoop.ipc.ProtobufRpcEngine2$Server$ProtoBufRpcInvoker.call(ProtobufRpcEngine2.java:573) [hadoop-common-3.3.6.jar:?]
	at org.apache.hadoop.ipc.RPC$Server.call(RPC.java:1227) [hadoop-common-3.3.6.jar:?]
	at org.apache.hadoop.ipc.Server$RpcCall.run(Server.java:1094) [hadoop-common-3.3.6.jar:?]
	at org.apache.hadoop.ipc.Server$RpcCall.run(Server.java:1017) [hadoop-common-3.3.6.jar:?]
	at java.security.AccessController.doPrivileged(Native Method) ~[?:1.8.0_382]
	at javax.security.auth.Subject.doAs(Subject.java:422) [?:1.8.0_382]
	at org.apache.hadoop.security.UserGroupInformation.doAs(UserGroupInformation.java:1899) [hadoop-common-3.3.6.jar:?]
	at org.apache.hadoop.ipc.Server$Handler.run(Server.java:3048) [hadoop-common-3.3.6.jar:?]
12:58:54.416 [IPC Server handler 6 on default port 15110] ERROR OMAudit - user=runner | ip=127.0.0.1 | op=GET_FILE_STATUS {volume=volume13657, bucket=bucket40110, key=gdir1/dir10, dataSize=0, replicationConfig=null} | ret=FAILURE
org.apache.hadoop.ozone.om.exceptions.OMException: Unable to get file status: volume: volume13657 bucket: bucket40110 key: gdir1/dir10
	at org.apache.hadoop.ozone.om.KeyManagerImpl.getOzoneFileStatus(KeyManagerImpl.java:1198) ~[ozone-manager-1.4.0-SNAPSHOT.jar:?]
	at org.apache.hadoop.ozone.om.KeyManagerImpl.getFileStatus(KeyManagerImpl.java:1116) ~[ozone-manager-1.4.0-SNAPSHOT.jar:?]
	at org.apache.hadoop.ozone.om.OmMetadataReader.getFileStatus(OmMetadataReader.java:266) ~[ozone-manager-1.4.0-SNAPSHOT.jar:?]
	at org.apache.hadoop.ozone.om.OzoneManager.getFileStatus(OzoneManager.java:3552) ~[ozone-manager-1.4.0-SNAPSHOT.jar:?]
	at org.apache.hadoop.ozone.protocolPB.OzoneManagerRequestHandler.getOzoneFileStatus(OzoneManagerRequestHandler.java:998) ~[ozone-manager-1.4.0-SNAPSHOT.jar:?]
	at org.apache.hadoop.ozone.protocolPB.OzoneManagerRequestHandler.handleReadRequest(OzoneManagerRequestHandler.java:259) ~[ozone-manager-1.4.0-SNAPSHOT.jar:?]
	at org.apache.hadoop.ozone.protocolPB.OzoneManagerProtocolServerSideTranslatorPB.submitReadRequestToOM(OzoneManagerProtocolServerSideTranslatorPB.java:225) ~[ozone-manager-1.4.0-SNAPSHOT.jar:?]
	at org.apache.hadoop.ozone.protocolPB.OzoneManagerProtocolServerSideTranslatorPB.processRequest(OzoneManagerProtocolServerSideTranslatorPB.java:179) ~[ozone-manager-1.4.0-SNAPSHOT.jar:?]
	at org.apache.hadoop.hdds.server.OzoneProtocolMessageDispatcher.processRequest(OzoneProtocolMessageDispatcher.java:87) [hdds-server-framework-1.4.0-SNAPSHOT.jar:?]
	at org.apache.hadoop.ozone.protocolPB.OzoneManagerProtocolServerSideTranslatorPB.submitRequest(OzoneManagerProtocolServerSideTranslatorPB.java:148) [ozone-manager-1.4.0-SNAPSHOT.jar:?]
	at org.apache.hadoop.ozone.protocol.proto.OzoneManagerProtocolProtos$OzoneManagerService$2.callBlockingMethod(OzoneManagerProtocolProtos.java) [ozone-interface-client-1.4.0-SNAPSHOT.jar:?]
	at org.apache.hadoop.ipc.ProtobufRpcEngine$Server.processCall(ProtobufRpcEngine.java:484) [hadoop-common-3.3.6.jar:?]
	at org.apache.hadoop.ipc.ProtobufRpcEngine2$Server$ProtoBufRpcInvoker.call(ProtobufRpcEngine2.java:595) [hadoop-common-3.3.6.jar:?]
	at org.apache.hadoop.ipc.ProtobufRpcEngine2$Server$ProtoBufRpcInvoker.call(ProtobufRpcEngine2.java:573) [hadoop-common-3.3.6.jar:?]
	at org.apache.hadoop.ipc.RPC$Server.call(RPC.java:1227) [hadoop-common-3.3.6.jar:?]
	at org.apache.hadoop.ipc.Server$RpcCall.run(Server.java:1094) [hadoop-common-3.3.6.jar:?]
	at org.apache.hadoop.ipc.Server$RpcCall.run(Server.java:1017) [hadoop-common-3.3.6.jar:?]
	at java.security.AccessController.doPrivileged(Native Method) ~[?:1.8.0_382]
	at javax.security.auth.Subject.doAs(Subject.java:422) [?:1.8.0_382]
	at org.apache.hadoop.security.UserGroupInformation.doAs(UserGroupInformation.java:1899) [hadoop-common-3.3.6.jar:?]
	at org.apache.hadoop.ipc.Server$Handler.run(Server.java:3048) [hadoop-common-3.3.6.jar:?]
12:58:54.417 [IPC Server handler 7 on default port 15110] ERROR OMAudit - user=runner | ip=127.0.0.1 | op=GET_FILE_STATUS {volume=volume13657, bucket=bucket40110, key=gdir1/dir10/child, dataSize=0, replicationConfig=null} | ret=FAILURE
org.apache.hadoop.ozone.om.exceptions.OMException: Unable to get file status: volume: volume13657 bucket: bucket40110 key: gdir1/dir10/child
	at org.apache.hadoop.ozone.om.KeyManagerImpl.getOzoneFileStatus(KeyManagerImpl.java:1198) ~[ozone-manager-1.4.0-SNAPSHOT.jar:?]
	at org.apache.hadoop.ozone.om.KeyManagerImpl.getFileStatus(KeyManagerImpl.java:1116) ~[ozone-manager-1.4.0-SNAPSHOT.jar:?]
	at org.apache.hadoop.ozone.om.OmMetadataReader.getFileStatus(OmMetadataReader.java:266) ~[ozone-manager-1.4.0-SNAPSHOT.jar:?]
	at org.apache.hadoop.ozone.om.OzoneManager.getFileStatus(OzoneManager.java:3552) ~[ozone-manager-1.4.0-SNAPSHOT.jar:?]
	at org.apache.hadoop.ozone.protocolPB.OzoneManagerRequestHandler.getOzoneFileStatus(OzoneManagerRequestHandler.java:998) ~[ozone-manager-1.4.0-SNAPSHOT.jar:?]
	at org.apache.hadoop.ozone.protocolPB.OzoneManagerRequestHandler.handleReadRequest(OzoneManagerRequestHandler.java:259) ~[ozone-manager-1.4.0-SNAPSHOT.jar:?]
	at org.apache.hadoop.ozone.protocolPB.OzoneManagerProtocolServerSideTranslatorPB.submitReadRequestToOM(OzoneManagerProtocolServerSideTranslatorPB.java:225) ~[ozone-manager-1.4.0-SNAPSHOT.jar:?]
	at org.apache.hadoop.ozone.protocolPB.OzoneManagerProtocolServerSideTranslatorPB.processRequest(OzoneManagerProtocolServerSideTranslatorPB.java:179) ~[ozone-manager-1.4.0-SNAPSHOT.jar:?]
	at org.apache.hadoop.hdds.server.OzoneProtocolMessageDispatcher.processRequest(OzoneProtocolMessageDispatcher.java:87) [hdds-server-framework-1.4.0-SNAPSHOT.jar:?]
	at org.apache.hadoop.ozone.protocolPB.OzoneManagerProtocolServerSideTranslatorPB.submitRequest(OzoneManagerProtocolServerSideTranslatorPB.java:148) [ozone-manager-1.4.0-SNAPSHOT.jar:?]
	at org.apache.hadoop.ozone.protocol.proto.OzoneManagerProtocolProtos$OzoneManagerService$2.callBlockingMethod(OzoneManagerProtocolProtos.java) [ozone-interface-client-1.4.0-SNAPSHOT.jar:?]
	at org.apache.hadoop.ipc.ProtobufRpcEngine$Server.processCall(ProtobufRpcEngine.java:484) [hadoop-common-3.3.6.jar:?]
	at org.apache.hadoop.ipc.ProtobufRpcEngine2$Server$ProtoBufRpcInvoker.call(ProtobufRpcEngine2.java:595) [hadoop-common-3.3.6.jar:?]
	at org.apache.hadoop.ipc.ProtobufRpcEngine2$Server$ProtoBufRpcInvoker.call(ProtobufRpcEngine2.java:573) [hadoop-common-3.3.6.jar:?]
	at org.apache.hadoop.ipc.RPC$Server.call(RPC.java:1227) [hadoop-common-3.3.6.jar:?]
	at org.apache.hadoop.ipc.Server$RpcCall.run(Server.java:1094) [hadoop-common-3.3.6.jar:?]
	at org.apache.hadoop.ipc.Server$RpcCall.run(Server.java:1017) [hadoop-common-3.3.6.jar:?]
	at java.security.AccessController.doPrivileged(Native Method) ~[?:1.8.0_382]
	at javax.security.auth.Subject.doAs(Subject.java:422) [?:1.8.0_382]
	at org.apache.hadoop.security.UserGroupInformation.doAs(UserGroupInformation.java:1899) [hadoop-common-3.3.6.jar:?]
	at org.apache.hadoop.ipc.Server$Handler.run(Server.java:3048) [hadoop-common-3.3.6.jar:?]
12:58:54.496 [IPC Server handler 1 on default port 15110] ERROR OMAudit - user=runner | ip=127.0.0.1 | op=GET_FILE_STATUS {volume=volume13657, bucket=bucket40110, key=level0, dataSize=0, replicationConfig=null} | ret=FAILURE
org.apache.hadoop.ozone.om.exceptions.OMException: Unable to get file status: volume: volume13657 bucket: bucket40110 key: level0
	at org.apache.hadoop.ozone.om.KeyManagerImpl.getOzoneFileStatus(KeyManagerImpl.java:1198) ~[ozone-manager-1.4.0-SNAPSHOT.jar:?]
	at org.apache.hadoop.ozone.om.KeyManagerImpl.getFileStatus(KeyManagerImpl.java:1116) ~[ozone-manager-1.4.0-SNAPSHOT.jar:?]
	at org.apache.hadoop.ozone.om.OmMetadataReader.getFileStatus(OmMetadataReader.java:266) ~[ozone-manager-1.4.0-SNAPSHOT.jar:?]
	at org.apache.hadoop.ozone.om.OzoneManager.getFileStatus(OzoneManager.java:3552) ~[ozone-manager-1.4.0-SNAPSHOT.jar:?]
	at org.apache.hadoop.ozone.protocolPB.OzoneManagerRequestHandler.getOzoneFileStatus(OzoneManagerRequestHandler.java:998) ~[ozone-manager-1.4.0-SNAPSHOT.jar:?]
	at org.apache.hadoop.ozone.protocolPB.OzoneManagerRequestHandler.handleReadRequest(OzoneManagerRequestHandler.java:259) ~[ozone-manager-1.4.0-SNAPSHOT.jar:?]
	at org.apache.hadoop.ozone.protocolPB.OzoneManagerProtocolServerSideTranslatorPB.submitReadRequestToOM(OzoneManagerProtocolServerSideTranslatorPB.java:225) ~[ozone-manager-1.4.0-SNAPSHOT.jar:?]
	at org.apache.hadoop.ozone.protocolPB.OzoneManagerProtocolServerSideTranslatorPB.processRequest(OzoneManagerProtocolServerSideTranslatorPB.java:179) ~[ozone-manager-1.4.0-SNAPSHOT.jar:?]
	at org.apache.hadoop.hdds.server.OzoneProtocolMessageDispatcher.processRequest(OzoneProtocolMessageDispatcher.java:87) [hdds-server-framework-1.4.0-SNAPSHOT.jar:?]
	at org.apache.hadoop.ozone.protocolPB.OzoneManagerProtocolServerSideTranslatorPB.submitRequest(OzoneManagerProtocolServerSideTranslatorPB.java:148) [ozone-manager-1.4.0-SNAPSHOT.jar:?]
	at org.apache.hadoop.ozone.protocol.proto.OzoneManagerProtocolProtos$OzoneManagerService$2.callBlockingMethod(OzoneManagerProtocolProtos.java) [ozone-interface-client-1.4.0-SNAPSHOT.jar:?]
	at org.apache.hadoop.ipc.ProtobufRpcEngine$Server.processCall(ProtobufRpcEngine.java:484) [hadoop-common-3.3.6.jar:?]
	at org.apache.hadoop.ipc.ProtobufRpcEngine2$Server$ProtoBufRpcInvoker.call(ProtobufRpcEngine2.java:595) [hadoop-common-3.3.6.jar:?]
	at org.apache.hadoop.ipc.ProtobufRpcEngine2$Server$ProtoBufRpcInvoker.call(ProtobufRpcEngine2.java:573) [hadoop-common-3.3.6.jar:?]
	at org.apache.hadoop.ipc.RPC$Server.call(RPC.java:1227) [hadoop-common-3.3.6.jar:?]
	at org.apache.hadoop.ipc.Server$RpcCall.run(Server.java:1094) [hadoop-common-3.3.6.jar:?]
	at org.apache.hadoop.ipc.Server$RpcCall.run(Server.java:1017) [hadoop-common-3.3.6.jar:?]
	at java.security.AccessController.doPrivileged(Native Method) ~[?:1.8.0_382]
	at javax.security.auth.Subject.doAs(Subject.java:422) [?:1.8.0_382]
	at org.apache.hadoop.security.UserGroupInformation.doAs(UserGroupInformation.java:1899) [hadoop-common-3.3.6.jar:?]
	at org.apache.hadoop.ipc.Server$Handler.run(Server.java:3048) [hadoop-common-3.3.6.jar:?]
12:58:54.497 [IPC Server handler 2 on default port 15110] ERROR OMAudit - user=runner | ip=127.0.0.1 | op=GET_FILE_STATUS {volume=volume13657, bucket=bucket40110, key=level0/level1, dataSize=0, replicationConfig=null} | ret=FAILURE
org.apache.hadoop.ozone.om.exceptions.OMException: Unable to get file status: volume: volume13657 bucket: bucket40110 key: level0/level1
	at org.apache.hadoop.ozone.om.KeyManagerImpl.getOzoneFileStatus(KeyManagerImpl.java:1198) ~[ozone-manager-1.4.0-SNAPSHOT.jar:?]
	at org.apache.hadoop.ozone.om.KeyManagerImpl.getFileStatus(KeyManagerImpl.java:1116) ~[ozone-manager-1.4.0-SNAPSHOT.jar:?]
	at org.apache.hadoop.ozone.om.OmMetadataReader.getFileStatus(OmMetadataReader.java:266) ~[ozone-manager-1.4.0-SNAPSHOT.jar:?]
	at org.apache.hadoop.ozone.om.OzoneManager.getFileStatus(OzoneManager.java:3552) ~[ozone-manager-1.4.0-SNAPSHOT.jar:?]
	at org.apache.hadoop.ozone.protocolPB.OzoneManagerRequestHandler.getOzoneFileStatus(OzoneManagerRequestHandler.java:998) ~[ozone-manager-1.4.0-SNAPSHOT.jar:?]
	at org.apache.hadoop.ozone.protocolPB.OzoneManagerRequestHandler.handleReadRequest(OzoneManagerRequestHandler.java:259) ~[ozone-manager-1.4.0-SNAPSHOT.jar:?]
	at org.apache.hadoop.ozone.protocolPB.OzoneManagerProtocolServerSideTranslatorPB.submitReadRequestToOM(OzoneManagerProtocolServerSideTranslatorPB.java:225) ~[ozone-manager-1.4.0-SNAPSHOT.jar:?]
	at org.apache.hadoop.ozone.protocolPB.OzoneManagerProtocolServerSideTranslatorPB.processRequest(OzoneManagerProtocolServerSideTranslatorPB.java:179) ~[ozone-manager-1.4.0-SNAPSHOT.jar:?]
	at org.apache.hadoop.hdds.server.OzoneProtocolMessageDispatcher.processRequest(OzoneProtocolMessageDispatcher.java:87) [hdds-server-framework-1.4.0-SNAPSHOT.jar:?]
	at org.apache.hadoop.ozone.protocolPB.OzoneManagerProtocolServerSideTranslatorPB.submitRequest(OzoneManagerProtocolServerSideTranslatorPB.java:148) [ozone-manager-1.4.0-SNAPSHOT.jar:?]
	at org.apache.hadoop.ozone.protocol.proto.OzoneManagerProtocolProtos$OzoneManagerService$2.callBlockingMethod(OzoneManagerProtocolProtos.java) [ozone-interface-client-1.4.0-SNAPSHOT.jar:?]
	at org.apache.hadoop.ipc.ProtobufRpcEngine$Server.processCall(ProtobufRpcEngine.java:484) [hadoop-common-3.3.6.jar:?]
	at org.apache.hadoop.ipc.ProtobufRpcEngine2$Server$ProtoBufRpcInvoker.call(ProtobufRpcEngine2.java:595) [hadoop-common-3.3.6.jar:?]
	at org.apache.hadoop.ipc.ProtobufRpcEngine2$Server$ProtoBufRpcInvoker.call(ProtobufRpcEngine2.java:573) [hadoop-common-3.3.6.jar:?]
	at org.apache.hadoop.ipc.RPC$Server.call(RPC.java:1227) [hadoop-common-3.3.6.jar:?]
	at org.apache.hadoop.ipc.Server$RpcCall.run(Server.java:1094) [hadoop-common-3.3.6.jar:?]
	at org.apache.hadoop.ipc.Server$RpcCall.run(Server.java:1017) [hadoop-common-3.3.6.jar:?]
	at java.security.AccessController.doPrivileged(Native Method) ~[?:1.8.0_382]
	at javax.security.auth.Subject.doAs(Subject.java:422) [?:1.8.0_382]
	at org.apache.hadoop.security.UserGroupInformation.doAs(UserGroupInformation.java:1899) [hadoop-common-3.3.6.jar:?]
	at org.apache.hadoop.ipc.Server$Handler.run(Server.java:3048) [hadoop-common-3.3.6.jar:?]
12:58:54.498 [IPC Server handler 3 on default port 15110] ERROR OMAudit - user=runner | ip=127.0.0.1 | op=GET_FILE_STATUS {volume=volume13657, bucket=bucket40110, key=level0/level1/level1, dataSize=0, replicationConfig=null} | ret=FAILURE
org.apache.hadoop.ozone.om.exceptions.OMException: Unable to get file status: volume: volume13657 bucket: bucket40110 key: level0/level1/level1
	at org.apache.hadoop.ozone.om.KeyManagerImpl.getOzoneFileStatus(KeyManagerImpl.java:1198) ~[ozone-manager-1.4.0-SNAPSHOT.jar:?]
	at org.apache.hadoop.ozone.om.KeyManagerImpl.getFileStatus(KeyManagerImpl.java:1116) ~[ozone-manager-1.4.0-SNAPSHOT.jar:?]
	at org.apache.hadoop.ozone.om.OmMetadataReader.getFileStatus(OmMetadataReader.java:266) ~[ozone-manager-1.4.0-SNAPSHOT.jar:?]
	at org.apache.hadoop.ozone.om.OzoneManager.getFileStatus(OzoneManager.java:3552) ~[ozone-manager-1.4.0-SNAPSHOT.jar:?]
	at org.apache.hadoop.ozone.protocolPB.OzoneManagerRequestHandler.getOzoneFileStatus(OzoneManagerRequestHandler.java:998) ~[ozone-manager-1.4.0-SNAPSHOT.jar:?]
	at org.apache.hadoop.ozone.protocolPB.OzoneManagerRequestHandler.handleReadRequest(OzoneManagerRequestHandler.java:259) ~[ozone-manager-1.4.0-SNAPSHOT.jar:?]
	at org.apache.hadoop.ozone.protocolPB.OzoneManagerProtocolServerSideTranslatorPB.submitReadRequestToOM(OzoneManagerProtocolServerSideTranslatorPB.java:225) ~[ozone-manager-1.4.0-SNAPSHOT.jar:?]
	at org.apache.hadoop.ozone.protocolPB.OzoneManagerProtocolServerSideTranslatorPB.processRequest(OzoneManagerProtocolServerSideTranslatorPB.java:179) ~[ozone-manager-1.4.0-SNAPSHOT.jar:?]
	at org.apache.hadoop.hdds.server.OzoneProtocolMessageDispatcher.processRequest(OzoneProtocolMessageDispatcher.java:87) [hdds-server-framework-1.4.0-SNAPSHOT.jar:?]
	at org.apache.hadoop.ozone.protocolPB.OzoneManagerProtocolServerSideTranslatorPB.submitRequest(OzoneManagerProtocolServerSideTranslatorPB.java:148) [ozone-manager-1.4.0-SNAPSHOT.jar:?]
	at org.apache.hadoop.ozone.protocol.proto.OzoneManagerProtocolProtos$OzoneManagerService$2.callBlockingMethod(OzoneManagerProtocolProtos.java) [ozone-interface-client-1.4.0-SNAPSHOT.jar:?]
	at org.apache.hadoop.ipc.ProtobufRpcEngine$Server.processCall(ProtobufRpcEngine.java:484) [hadoop-common-3.3.6.jar:?]
	at org.apache.hadoop.ipc.ProtobufRpcEngine2$Server$ProtoBufRpcInvoker.call(ProtobufRpcEngine2.java:595) [hadoop-common-3.3.6.jar:?]
	at org.apache.hadoop.ipc.ProtobufRpcEngine2$Server$ProtoBufRpcInvoker.call(ProtobufRpcEngine2.java:573) [hadoop-common-3.3.6.jar:?]
	at org.apache.hadoop.ipc.RPC$Server.call(RPC.java:1227) [hadoop-common-3.3.6.jar:?]
	at org.apache.hadoop.ipc.Server$RpcCall.run(Server.java:1094) [hadoop-common-3.3.6.jar:?]
	at org.apache.hadoop.ipc.Server$RpcCall.run(Server.java:1017) [hadoop-common-3.3.6.jar:?]
	at java.security.AccessController.doPrivileged(Native Method) ~[?:1.8.0_382]
	at javax.security.auth.Subject.doAs(Subject.java:422) [?:1.8.0_382]
	at org.apache.hadoop.security.UserGroupInformation.doAs(UserGroupInformation.java:1899) [hadoop-common-3.3.6.jar:?]
	at org.apache.hadoop.ipc.Server$Handler.run(Server.java:3048) [hadoop-common-3.3.6.jar:?]
12:58:54.499 [IPC Server handler 4 on default port 15110] ERROR OMAudit - user=runner | ip=127.0.0.1 | op=GET_FILE_STATUS {volume=volume13657, bucket=bucket40110, key=level0/level1/file1, dataSize=0, replicationConfig=null} | ret=FAILURE
org.apache.hadoop.ozone.om.exceptions.OMException: Unable to get file status: volume: volume13657 bucket: bucket40110 key: level0/level1/file1
	at org.apache.hadoop.ozone.om.KeyManagerImpl.getOzoneFileStatus(KeyManagerImpl.java:1198) ~[ozone-manager-1.4.0-SNAPSHOT.jar:?]
	at org.apache.hadoop.ozone.om.KeyManagerImpl.getFileStatus(KeyManagerImpl.java:1116) ~[ozone-manager-1.4.0-SNAPSHOT.jar:?]
	at org.apache.hadoop.ozone.om.OmMetadataReader.getFileStatus(OmMetadataReader.java:266) ~[ozone-manager-1.4.0-SNAPSHOT.jar:?]
	at org.apache.hadoop.ozone.om.OzoneManager.getFileStatus(OzoneManager.java:3552) ~[ozone-manager-1.4.0-SNAPSHOT.jar:?]
	at org.apache.hadoop.ozone.protocolPB.OzoneManagerRequestHandler.getOzoneFileStatus(OzoneManagerRequestHandler.java:998) ~[ozone-manager-1.4.0-SNAPSHOT.jar:?]
	at org.apache.hadoop.ozone.protocolPB.OzoneManagerRequestHandler.handleReadRequest(OzoneManagerRequestHandler.java:259) ~[ozone-manager-1.4.0-SNAPSHOT.jar:?]
	at org.apache.hadoop.ozone.protocolPB.OzoneManagerProtocolServerSideTranslatorPB.submitReadRequestToOM(OzoneManagerProtocolServerSideTranslatorPB.java:225) ~[ozone-manager-1.4.0-SNAPSHOT.jar:?]
	at org.apache.hadoop.ozone.protocolPB.OzoneManagerProtocolServerSideTranslatorPB.processRequest(OzoneManagerProtocolServerSideTranslatorPB.java:179) ~[ozone-manager-1.4.0-SNAPSHOT.jar:?]
	at org.apache.hadoop.hdds.server.OzoneProtocolMessageDispatcher.processRequest(OzoneProtocolMessageDispatcher.java:87) [hdds-server-framework-1.4.0-SNAPSHOT.jar:?]
	at org.apache.hadoop.ozone.protocolPB.OzoneManagerProtocolServerSideTranslatorPB.submitRequest(OzoneManagerProtocolServerSideTranslatorPB.java:148) [ozone-manager-1.4.0-SNAPSHOT.jar:?]
	at org.apache.hadoop.ozone.protocol.proto.OzoneManagerProtocolProtos$OzoneManagerService$2.callBlockingMethod(OzoneManagerProtocolProtos.java) [ozone-interface-client-1.4.0-SNAPSHOT.jar:?]
	at org.apache.hadoop.ipc.ProtobufRpcEngine$Server.processCall(ProtobufRpcEngine.java:484) [hadoop-common-3.3.6.jar:?]
	at org.apache.hadoop.ipc.ProtobufRpcEngine2$Server$ProtoBufRpcInvoker.call(ProtobufRpcEngine2.java:595) [hadoop-common-3.3.6.jar:?]
	at org.apache.hadoop.ipc.ProtobufRpcEngine2$Server$ProtoBufRpcInvoker.call(ProtobufRpcEngine2.java:573) [hadoop-common-3.3.6.jar:?]
	at org.apache.hadoop.ipc.RPC$Server.call(RPC.java:1227) [hadoop-common-3.3.6.jar:?]
	at org.apache.hadoop.ipc.Server$RpcCall.run(Server.java:1094) [hadoop-common-3.3.6.jar:?]
	at org.apache.hadoop.ipc.Server$RpcCall.run(Server.java:1017) [hadoop-common-3.3.6.jar:?]
	at java.security.AccessController.doPrivileged(Native Method) ~[?:1.8.0_382]
	at javax.security.auth.Subject.doAs(Subject.java:422) [?:1.8.0_382]
	at org.apache.hadoop.security.UserGroupInformation.doAs(UserGroupInformation.java:1899) [hadoop-common-3.3.6.jar:?]
	at org.apache.hadoop.ipc.Server$Handler.run(Server.java:3048) [hadoop-common-3.3.6.jar:?]
12:58:54.500 [IPC Server handler 5 on default port 15110] ERROR OMAudit - user=runner | ip=127.0.0.1 | op=GET_FILE_STATUS {volume=volume13657, bucket=bucket40110, key=level0/level1/level1/file1, dataSize=0, replicationConfig=null} | ret=FAILURE
org.apache.hadoop.ozone.om.exceptions.OMException: Unable to get file status: volume: volume13657 bucket: bucket40110 key: level0/level1/level1/file1
	at org.apache.hadoop.ozone.om.KeyManagerImpl.getOzoneFileStatus(KeyManagerImpl.java:1198) ~[ozone-manager-1.4.0-SNAPSHOT.jar:?]
	at org.apache.hadoop.ozone.om.KeyManagerImpl.getFileStatus(KeyManagerImpl.java:1116) ~[ozone-manager-1.4.0-SNAPSHOT.jar:?]
	at org.apache.hadoop.ozone.om.OmMetadataReader.getFileStatus(OmMetadataReader.java:266) ~[ozone-manager-1.4.0-SNAPSHOT.jar:?]
	at org.apache.hadoop.ozone.om.OzoneManager.getFileStatus(OzoneManager.java:3552) ~[ozone-manager-1.4.0-SNAPSHOT.jar:?]
	at org.apache.hadoop.ozone.protocolPB.OzoneManagerRequestHandler.getOzoneFileStatus(OzoneManagerRequestHandler.java:998) ~[ozone-manager-1.4.0-SNAPSHOT.jar:?]
	at org.apache.hadoop.ozone.protocolPB.OzoneManagerRequestHandler.handleReadRequest(OzoneManagerRequestHandler.java:259) ~[ozone-manager-1.4.0-SNAPSHOT.jar:?]
	at org.apache.hadoop.ozone.protocolPB.OzoneManagerProtocolServerSideTranslatorPB.submitReadRequestToOM(OzoneManagerProtocolServerSideTranslatorPB.java:225) ~[ozone-manager-1.4.0-SNAPSHOT.jar:?]
	at org.apache.hadoop.ozone.protocolPB.OzoneManagerProtocolServerSideTranslatorPB.processRequest(OzoneManagerProtocolServerSideTranslatorPB.java:179) ~[ozone-manager-1.4.0-SNAPSHOT.jar:?]
	at org.apache.hadoop.hdds.server.OzoneProtocolMessageDispatcher.processRequest(OzoneProtocolMessageDispatcher.java:87) [hdds-server-framework-1.4.0-SNAPSHOT.jar:?]
	at org.apache.hadoop.ozone.protocolPB.OzoneManagerProtocolServerSideTranslatorPB.submitRequest(OzoneManagerProtocolServerSideTranslatorPB.java:148) [ozone-manager-1.4.0-SNAPSHOT.jar:?]
	at org.apache.hadoop.ozone.protocol.proto.OzoneManagerProtocolProtos$OzoneManagerService$2.callBlockingMethod(OzoneManagerProtocolProtos.java) [ozone-interface-client-1.4.0-SNAPSHOT.jar:?]
	at org.apache.hadoop.ipc.ProtobufRpcEngine$Server.processCall(ProtobufRpcEngine.java:484) [hadoop-common-3.3.6.jar:?]
	at org.apache.hadoop.ipc.ProtobufRpcEngine2$Server$ProtoBufRpcInvoker.call(ProtobufRpcEngine2.java:595) [hadoop-common-3.3.6.jar:?]
	at org.apache.hadoop.ipc.ProtobufRpcEngine2$Server$ProtoBufRpcInvoker.call(ProtobufRpcEngine2.java:573) [hadoop-common-3.3.6.jar:?]
	at org.apache.hadoop.ipc.RPC$Server.call(RPC.java:1227) [hadoop-common-3.3.6.jar:?]
	at org.apache.hadoop.ipc.Server$RpcCall.run(Server.java:1094) [hadoop-common-3.3.6.jar:?]
	at org.apache.hadoop.ipc.Server$RpcCall.run(Server.java:1017) [hadoop-common-3.3.6.jar:?]
	at java.security.AccessController.doPrivileged(Native Method) ~[?:1.8.0_382]
	at javax.security.auth.Subject.doAs(Subject.java:422) [?:1.8.0_382]
	at org.apache.hadoop.security.UserGroupInformation.doAs(UserGroupInformation.java:1899) [hadoop-common-3.3.6.jar:?]
	at org.apache.hadoop.ipc.Server$Handler.run(Server.java:3048) [hadoop-common-3.3.6.jar:?]
12:58:54.502 [IPC Server handler 6 on default port 15110] ERROR OMAudit - user=runner | ip=127.0.0.1 | op=GET_FILE_STATUS {volume=volume13657, bucket=bucket40110, key=level0/level2, dataSize=0, replicationConfig=null} | ret=FAILURE
org.apache.hadoop.ozone.om.exceptions.OMException: Unable to get file status: volume: volume13657 bucket: bucket40110 key: level0/level2
	at org.apache.hadoop.ozone.om.KeyManagerImpl.getOzoneFileStatus(KeyManagerImpl.java:1198) ~[ozone-manager-1.4.0-SNAPSHOT.jar:?]
	at org.apache.hadoop.ozone.om.KeyManagerImpl.getFileStatus(KeyManagerImpl.java:1116) ~[ozone-manager-1.4.0-SNAPSHOT.jar:?]
	at org.apache.hadoop.ozone.om.OmMetadataReader.getFileStatus(OmMetadataReader.java:266) ~[ozone-manager-1.4.0-SNAPSHOT.jar:?]
	at org.apache.hadoop.ozone.om.OzoneManager.getFileStatus(OzoneManager.java:3552) ~[ozone-manager-1.4.0-SNAPSHOT.jar:?]
	at org.apache.hadoop.ozone.protocolPB.OzoneManagerRequestHandler.getOzoneFileStatus(OzoneManagerRequestHandler.java:998) ~[ozone-manager-1.4.0-SNAPSHOT.jar:?]
	at org.apache.hadoop.ozone.protocolPB.OzoneManagerRequestHandler.handleReadRequest(OzoneManagerRequestHandler.java:259) ~[ozone-manager-1.4.0-SNAPSHOT.jar:?]
	at org.apache.hadoop.ozone.protocolPB.OzoneManagerProtocolServerSideTranslatorPB.submitReadRequestToOM(OzoneManagerProtocolServerSideTranslatorPB.java:225) ~[ozone-manager-1.4.0-SNAPSHOT.jar:?]
	at org.apache.hadoop.ozone.protocolPB.OzoneManagerProtocolServerSideTranslatorPB.processRequest(OzoneManagerProtocolServerSideTranslatorPB.java:179) ~[ozone-manager-1.4.0-SNAPSHOT.jar:?]
	at org.apache.hadoop.hdds.server.OzoneProtocolMessageDispatcher.processRequest(OzoneProtocolMessageDispatcher.java:87) [hdds-server-framework-1.4.0-SNAPSHOT.jar:?]
	at org.apache.hadoop.ozone.protocolPB.OzoneManagerProtocolServerSideTranslatorPB.submitRequest(OzoneManagerProtocolServerSideTranslatorPB.java:148) [ozone-manager-1.4.0-SNAPSHOT.jar:?]
	at org.apache.hadoop.ozone.protocol.proto.OzoneManagerProtocolProtos$OzoneManagerService$2.callBlockingMethod(OzoneManagerProtocolProtos.java) [ozone-interface-client-1.4.0-SNAPSHOT.jar:?]
	at org.apache.hadoop.ipc.ProtobufRpcEngine$Server.processCall(ProtobufRpcEngine.java:484) [hadoop-common-3.3.6.jar:?]
	at org.apache.hadoop.ipc.ProtobufRpcEngine2$Server$ProtoBufRpcInvoker.call(ProtobufRpcEngine2.java:595) [hadoop-common-3.3.6.jar:?]
	at org.apache.hadoop.ipc.ProtobufRpcEngine2$Server$ProtoBufRpcInvoker.call(ProtobufRpcEngine2.java:573) [hadoop-common-3.3.6.jar:?]
	at org.apache.hadoop.ipc.RPC$Server.call(RPC.java:1227) [hadoop-common-3.3.6.jar:?]
	at org.apache.hadoop.ipc.Server$RpcCall.run(Server.java:1094) [hadoop-common-3.3.6.jar:?]
	at org.apache.hadoop.ipc.Server$RpcCall.run(Server.java:1017) [hadoop-common-3.3.6.jar:?]
	at java.security.AccessController.doPrivileged(Native Method) ~[?:1.8.0_382]
	at javax.security.auth.Subject.doAs(Subject.java:422) [?:1.8.0_382]
	at org.apache.hadoop.security.UserGroupInformation.doAs(UserGroupInformation.java:1899) [hadoop-common-3.3.6.jar:?]
	at org.apache.hadoop.ipc.Server$Handler.run(Server.java:3048) [hadoop-common-3.3.6.jar:?]
12:58:54.503 [IPC Server handler 7 on default port 15110] ERROR OMAudit - user=runner | ip=127.0.0.1 | op=GET_FILE_STATUS {volume=volume13657, bucket=bucket40110, key=level0/level2/level2, dataSize=0, replicationConfig=null} | ret=FAILURE
org.apache.hadoop.ozone.om.exceptions.OMException: Unable to get file status: volume: volume13657 bucket: bucket40110 key: level0/level2/level2
	at org.apache.hadoop.ozone.om.KeyManagerImpl.getOzoneFileStatus(KeyManagerImpl.java:1198) ~[ozone-manager-1.4.0-SNAPSHOT.jar:?]
	at org.apache.hadoop.ozone.om.KeyManagerImpl.getFileStatus(KeyManagerImpl.java:1116) ~[ozone-manager-1.4.0-SNAPSHOT.jar:?]
	at org.apache.hadoop.ozone.om.OmMetadataReader.getFileStatus(OmMetadataReader.java:266) ~[ozone-manager-1.4.0-SNAPSHOT.jar:?]
	at org.apache.hadoop.ozone.om.OzoneManager.getFileStatus(OzoneManager.java:3552) ~[ozone-manager-1.4.0-SNAPSHOT.jar:?]
	at org.apache.hadoop.ozone.protocolPB.OzoneManagerRequestHandler.getOzoneFileStatus(OzoneManagerRequestHandler.java:998) ~[ozone-manager-1.4.0-SNAPSHOT.jar:?]
	at org.apache.hadoop.ozone.protocolPB.OzoneManagerRequestHandler.handleReadRequest(OzoneManagerRequestHandler.java:259) ~[ozone-manager-1.4.0-SNAPSHOT.jar:?]
	at org.apache.hadoop.ozone.protocolPB.OzoneManagerProtocolServerSideTranslatorPB.submitReadRequestToOM(OzoneManagerProtocolServerSideTranslatorPB.java:225) ~[ozone-manager-1.4.0-SNAPSHOT.jar:?]
	at org.apache.hadoop.ozone.protocolPB.OzoneManagerProtocolServerSideTranslatorPB.processRequest(OzoneManagerProtocolServerSideTranslatorPB.java:179) ~[ozone-manager-1.4.0-SNAPSHOT.jar:?]
	at org.apache.hadoop.hdds.server.OzoneProtocolMessageDispatcher.processRequest(OzoneProtocolMessageDispatcher.java:87) [hdds-server-framework-1.4.0-SNAPSHOT.jar:?]
	at org.apache.hadoop.ozone.protocolPB.OzoneManagerProtocolServerSideTranslatorPB.submitRequest(OzoneManagerProtocolServerSideTranslatorPB.java:148) [ozone-manager-1.4.0-SNAPSHOT.jar:?]
	at org.apache.hadoop.ozone.protocol.proto.OzoneManagerProtocolProtos$OzoneManagerService$2.callBlockingMethod(OzoneManagerProtocolProtos.java) [ozone-interface-client-1.4.0-SNAPSHOT.jar:?]
	at org.apache.hadoop.ipc.ProtobufRpcEngine$Server.processCall(ProtobufRpcEngine.java:484) [hadoop-common-3.3.6.jar:?]
	at org.apache.hadoop.ipc.ProtobufRpcEngine2$Server$ProtoBufRpcInvoker.call(ProtobufRpcEngine2.java:595) [hadoop-common-3.3.6.jar:?]
	at org.apache.hadoop.ipc.ProtobufRpcEngine2$Server$ProtoBufRpcInvoker.call(ProtobufRpcEngine2.java:573) [hadoop-common-3.3.6.jar:?]
	at org.apache.hadoop.ipc.RPC$Server.call(RPC.java:1227) [hadoop-common-3.3.6.jar:?]
	at org.apache.hadoop.ipc.Server$RpcCall.run(Server.java:1094) [hadoop-common-3.3.6.jar:?]
	at org.apache.hadoop.ipc.Server$RpcCall.run(Server.java:1017) [hadoop-common-3.3.6.jar:?]
	at java.security.AccessController.doPrivileged(Native Method) ~[?:1.8.0_382]
	at javax.security.auth.Subject.doAs(Subject.java:422) [?:1.8.0_382]
	at org.apache.hadoop.security.UserGroupInformation.doAs(UserGroupInformation.java:1899) [hadoop-common-3.3.6.jar:?]
	at org.apache.hadoop.ipc.Server$Handler.run(Server.java:3048) [hadoop-common-3.3.6.jar:?]
12:58:54.504 [IPC Server handler 8 on default port 15110] ERROR OMAudit - user=runner | ip=127.0.0.1 | op=GET_FILE_STATUS {volume=volume13657, bucket=bucket40110, key=level0/level2/file1, dataSize=0, replicationConfig=null} | ret=FAILURE
org.apache.hadoop.ozone.om.exceptions.OMException: Unable to get file status: volume: volume13657 bucket: bucket40110 key: level0/level2/file1
	at org.apache.hadoop.ozone.om.KeyManagerImpl.getOzoneFileStatus(KeyManagerImpl.java:1198) ~[ozone-manager-1.4.0-SNAPSHOT.jar:?]
	at org.apache.hadoop.ozone.om.KeyManagerImpl.getFileStatus(KeyManagerImpl.java:1116) ~[ozone-manager-1.4.0-SNAPSHOT.jar:?]
	at org.apache.hadoop.ozone.om.OmMetadataReader.getFileStatus(OmMetadataReader.java:266) ~[ozone-manager-1.4.0-SNAPSHOT.jar:?]
	at org.apache.hadoop.ozone.om.OzoneManager.getFileStatus(OzoneManager.java:3552) ~[ozone-manager-1.4.0-SNAPSHOT.jar:?]
	at org.apache.hadoop.ozone.protocolPB.OzoneManagerRequestHandler.getOzoneFileStatus(OzoneManagerRequestHandler.java:998) ~[ozone-manager-1.4.0-SNAPSHOT.jar:?]
	at org.apache.hadoop.ozone.protocolPB.OzoneManagerRequestHandler.handleReadRequest(OzoneManagerRequestHandler.java:259) ~[ozone-manager-1.4.0-SNAPSHOT.jar:?]
	at org.apache.hadoop.ozone.protocolPB.OzoneManagerProtocolServerSideTranslatorPB.submitReadRequestToOM(OzoneManagerProtocolServerSideTranslatorPB.java:225) ~[ozone-manager-1.4.0-SNAPSHOT.jar:?]
	at org.apache.hadoop.ozone.protocolPB.OzoneManagerProtocolServerSideTranslatorPB.processRequest(OzoneManagerProtocolServerSideTranslatorPB.java:179) ~[ozone-manager-1.4.0-SNAPSHOT.jar:?]
	at org.apache.hadoop.hdds.server.OzoneProtocolMessageDispatcher.processRequest(OzoneProtocolMessageDispatcher.java:87) [hdds-server-framework-1.4.0-SNAPSHOT.jar:?]
	at org.apache.hadoop.ozone.protocolPB.OzoneManagerProtocolServerSideTranslatorPB.submitRequest(OzoneManagerProtocolServerSideTranslatorPB.java:148) [ozone-manager-1.4.0-SNAPSHOT.jar:?]
	at org.apache.hadoop.ozone.protocol.proto.OzoneManagerProtocolProtos$OzoneManagerService$2.callBlockingMethod(OzoneManagerProtocolProtos.java) [ozone-interface-client-1.4.0-SNAPSHOT.jar:?]
	at org.apache.hadoop.ipc.ProtobufRpcEngine$Server.processCall(ProtobufRpcEngine.java:484) [hadoop-common-3.3.6.jar:?]
	at org.apache.hadoop.ipc.ProtobufRpcEngine2$Server$ProtoBufRpcInvoker.call(ProtobufRpcEngine2.java:595) [hadoop-common-3.3.6.jar:?]
	at org.apache.hadoop.ipc.ProtobufRpcEngine2$Server$ProtoBufRpcInvoker.call(ProtobufRpcEngine2.java:573) [hadoop-common-3.3.6.jar:?]
	at org.apache.hadoop.ipc.RPC$Server.call(RPC.java:1227) [hadoop-common-3.3.6.jar:?]
	at org.apache.hadoop.ipc.Server$RpcCall.run(Server.java:1094) [hadoop-common-3.3.6.jar:?]
	at org.apache.hadoop.ipc.Server$RpcCall.run(Server.java:1017) [hadoop-common-3.3.6.jar:?]
	at java.security.AccessController.doPrivileged(Native Method) ~[?:1.8.0_382]
	at javax.security.auth.Subject.doAs(Subject.java:422) [?:1.8.0_382]
	at org.apache.hadoop.security.UserGroupInformation.doAs(UserGroupInformation.java:1899) [hadoop-common-3.3.6.jar:?]
	at org.apache.hadoop.ipc.Server$Handler.run(Server.java:3048) [hadoop-common-3.3.6.jar:?]
12:58:54.505 [IPC Server handler 9 on default port 15110] ERROR OMAudit - user=runner | ip=127.0.0.1 | op=GET_FILE_STATUS {volume=volume13657, bucket=bucket40110, key=level0/level2/level2/file1, dataSize=0, replicationConfig=null} | ret=FAILURE
org.apache.hadoop.ozone.om.exceptions.OMException: Unable to get file status: volume: volume13657 bucket: bucket40110 key: level0/level2/level2/file1
	at org.apache.hadoop.ozone.om.KeyManagerImpl.getOzoneFileStatus(KeyManagerImpl.java:1198) ~[ozone-manager-1.4.0-SNAPSHOT.jar:?]
	at org.apache.hadoop.ozone.om.KeyManagerImpl.getFileStatus(KeyManagerImpl.java:1116) ~[ozone-manager-1.4.0-SNAPSHOT.jar:?]
	at org.apache.hadoop.ozone.om.OmMetadataReader.getFileStatus(OmMetadataReader.java:266) ~[ozone-manager-1.4.0-SNAPSHOT.jar:?]
	at org.apache.hadoop.ozone.om.OzoneManager.getFileStatus(OzoneManager.java:3552) ~[ozone-manager-1.4.0-SNAPSHOT.jar:?]
	at org.apache.hadoop.ozone.protocolPB.OzoneManagerRequestHandler.getOzoneFileStatus(OzoneManagerRequestHandler.java:998) ~[ozone-manager-1.4.0-SNAPSHOT.jar:?]
	at org.apache.hadoop.ozone.protocolPB.OzoneManagerRequestHandler.handleReadRequest(OzoneManagerRequestHandler.java:259) ~[ozone-manager-1.4.0-SNAPSHOT.jar:?]
	at org.apache.hadoop.ozone.protocolPB.OzoneManagerProtocolServerSideTranslatorPB.submitReadRequestToOM(OzoneManagerProtocolServerSideTranslatorPB.java:225) ~[ozone-manager-1.4.0-SNAPSHOT.jar:?]
	at org.apache.hadoop.ozone.protocolPB.OzoneManagerProtocolServerSideTranslatorPB.processRequest(OzoneManagerProtocolServerSideTranslatorPB.java:179) ~[ozone-manager-1.4.0-SNAPSHOT.jar:?]
	at org.apache.hadoop.hdds.server.OzoneProtocolMessageDispatcher.processRequest(OzoneProtocolMessageDispatcher.java:87) [hdds-server-framework-1.4.0-SNAPSHOT.jar:?]
	at org.apache.hadoop.ozone.protocolPB.OzoneManagerProtocolServerSideTranslatorPB.submitRequest(OzoneManagerProtocolServerSideTranslatorPB.java:148) [ozone-manager-1.4.0-SNAPSHOT.jar:?]
	at org.apache.hadoop.ozone.protocol.proto.OzoneManagerProtocolProtos$OzoneManagerService$2.callBlockingMethod(OzoneManagerProtocolProtos.java) [ozone-interface-client-1.4.0-SNAPSHOT.jar:?]
	at org.apache.hadoop.ipc.ProtobufRpcEngine$Server.processCall(ProtobufRpcEngine.java:484) [hadoop-common-3.3.6.jar:?]
	at org.apache.hadoop.ipc.ProtobufRpcEngine2$Server$ProtoBufRpcInvoker.call(ProtobufRpcEngine2.java:595) [hadoop-common-3.3.6.jar:?]
	at org.apache.hadoop.ipc.ProtobufRpcEngine2$Server$ProtoBufRpcInvoker.call(ProtobufRpcEngine2.java:573) [hadoop-common-3.3.6.jar:?]
	at org.apache.hadoop.ipc.RPC$Server.call(RPC.java:1227) [hadoop-common-3.3.6.jar:?]
	at org.apache.hadoop.ipc.Server$RpcCall.run(Server.java:1094) [hadoop-common-3.3.6.jar:?]
	at org.apache.hadoop.ipc.Server$RpcCall.run(Server.java:1017) [hadoop-common-3.3.6.jar:?]
	at java.security.AccessController.doPrivileged(Native Method) ~[?:1.8.0_382]
	at javax.security.auth.Subject.doAs(Subject.java:422) [?:1.8.0_382]
	at org.apache.hadoop.security.UserGroupInformation.doAs(UserGroupInformation.java:1899) [hadoop-common-3.3.6.jar:?]
	at org.apache.hadoop.ipc.Server$Handler.run(Server.java:3048) [hadoop-common-3.3.6.jar:?]
12:58:54.506 [IPC Server handler 10 on default port 15110] ERROR OMAudit - user=runner | ip=127.0.0.1 | op=GET_FILE_STATUS {volume=volume13657, bucket=bucket40110, key=level0/level3, dataSize=0, replicationConfig=null} | ret=FAILURE
org.apache.hadoop.ozone.om.exceptions.OMException: Unable to get file status: volume: volume13657 bucket: bucket40110 key: level0/level3
	at org.apache.hadoop.ozone.om.KeyManagerImpl.getOzoneFileStatus(KeyManagerImpl.java:1198) ~[ozone-manager-1.4.0-SNAPSHOT.jar:?]
	at org.apache.hadoop.ozone.om.KeyManagerImpl.getFileStatus(KeyManagerImpl.java:1116) ~[ozone-manager-1.4.0-SNAPSHOT.jar:?]
	at org.apache.hadoop.ozone.om.OmMetadataReader.getFileStatus(OmMetadataReader.java:266) ~[ozone-manager-1.4.0-SNAPSHOT.jar:?]
	at org.apache.hadoop.ozone.om.OzoneManager.getFileStatus(OzoneManager.java:3552) ~[ozone-manager-1.4.0-SNAPSHOT.jar:?]
	at org.apache.hadoop.ozone.protocolPB.OzoneManagerRequestHandler.getOzoneFileStatus(OzoneManagerRequestHandler.java:998) ~[ozone-manager-1.4.0-SNAPSHOT.jar:?]
	at org.apache.hadoop.ozone.protocolPB.OzoneManagerRequestHandler.handleReadRequest(OzoneManagerRequestHandler.java:259) ~[ozone-manager-1.4.0-SNAPSHOT.jar:?]
	at org.apache.hadoop.ozone.protocolPB.OzoneManagerProtocolServerSideTranslatorPB.submitReadRequestToOM(OzoneManagerProtocolServerSideTranslatorPB.java:225) ~[ozone-manager-1.4.0-SNAPSHOT.jar:?]
	at org.apache.hadoop.ozone.protocolPB.OzoneManagerProtocolServerSideTranslatorPB.processRequest(OzoneManagerProtocolServerSideTranslatorPB.java:179) ~[ozone-manager-1.4.0-SNAPSHOT.jar:?]
	at org.apache.hadoop.hdds.server.OzoneProtocolMessageDispatcher.processRequest(OzoneProtocolMessageDispatcher.java:87) [hdds-server-framework-1.4.0-SNAPSHOT.jar:?]
	at org.apache.hadoop.ozone.protocolPB.OzoneManagerProtocolServerSideTranslatorPB.submitRequest(OzoneManagerProtocolServerSideTranslatorPB.java:148) [ozone-manager-1.4.0-SNAPSHOT.jar:?]
	at org.apache.hadoop.ozone.protocol.proto.OzoneManagerProtocolProtos$OzoneManagerService$2.callBlockingMethod(OzoneManagerProtocolProtos.java) [ozone-interface-client-1.4.0-SNAPSHOT.jar:?]
	at org.apache.hadoop.ipc.ProtobufRpcEngine$Server.processCall(ProtobufRpcEngine.java:484) [hadoop-common-3.3.6.jar:?]
	at org.apache.hadoop.ipc.ProtobufRpcEngine2$Server$ProtoBufRpcInvoker.call(ProtobufRpcEngine2.java:595) [hadoop-common-3.3.6.jar:?]
	at org.apache.hadoop.ipc.ProtobufRpcEngine2$Server$ProtoBufRpcInvoker.call(ProtobufRpcEngine2.java:573) [hadoop-common-3.3.6.jar:?]
	at org.apache.hadoop.ipc.RPC$Server.call(RPC.java:1227) [hadoop-common-3.3.6.jar:?]
	at org.apache.hadoop.ipc.Server$RpcCall.run(Server.java:1094) [hadoop-common-3.3.6.jar:?]
	at org.apache.hadoop.ipc.Server$RpcCall.run(Server.java:1017) [hadoop-common-3.3.6.jar:?]
	at java.security.AccessController.doPrivileged(Native Method) ~[?:1.8.0_382]
	at javax.security.auth.Subject.doAs(Subject.java:422) [?:1.8.0_382]
	at org.apache.hadoop.security.UserGroupInformation.doAs(UserGroupInformation.java:1899) [hadoop-common-3.3.6.jar:?]
	at org.apache.hadoop.ipc.Server$Handler.run(Server.java:3048) [hadoop-common-3.3.6.jar:?]
12:58:54.509 [IPC Server handler 11 on default port 15110] ERROR OMAudit - user=runner | ip=127.0.0.1 | op=GET_FILE_STATUS {volume=volume13657, bucket=bucket40110, key=level0/level3/level3, dataSize=0, replicationConfig=null} | ret=FAILURE
org.apache.hadoop.ozone.om.exceptions.OMException: Unable to get file status: volume: volume13657 bucket: bucket40110 key: level0/level3/level3
	at org.apache.hadoop.ozone.om.KeyManagerImpl.getOzoneFileStatus(KeyManagerImpl.java:1198) ~[ozone-manager-1.4.0-SNAPSHOT.jar:?]
	at org.apache.hadoop.ozone.om.KeyManagerImpl.getFileStatus(KeyManagerImpl.java:1116) ~[ozone-manager-1.4.0-SNAPSHOT.jar:?]
	at org.apache.hadoop.ozone.om.OmMetadataReader.getFileStatus(OmMetadataReader.java:266) ~[ozone-manager-1.4.0-SNAPSHOT.jar:?]
	at org.apache.hadoop.ozone.om.OzoneManager.getFileStatus(OzoneManager.java:3552) ~[ozone-manager-1.4.0-SNAPSHOT.jar:?]
	at org.apache.hadoop.ozone.protocolPB.OzoneManagerRequestHandler.getOzoneFileStatus(OzoneManagerRequestHandler.java:998) ~[ozone-manager-1.4.0-SNAPSHOT.jar:?]
	at org.apache.hadoop.ozone.protocolPB.OzoneManagerRequestHandler.handleReadRequest(OzoneManagerRequestHandler.java:259) ~[ozone-manager-1.4.0-SNAPSHOT.jar:?]
	at org.apache.hadoop.ozone.protocolPB.OzoneManagerProtocolServerSideTranslatorPB.submitReadRequestToOM(OzoneManagerProtocolServerSideTranslatorPB.java:225) ~[ozone-manager-1.4.0-SNAPSHOT.jar:?]
	at org.apache.hadoop.ozone.protocolPB.OzoneManagerProtocolServerSideTranslatorPB.processRequest(OzoneManagerProtocolServerSideTranslatorPB.java:179) ~[ozone-manager-1.4.0-SNAPSHOT.jar:?]
	at org.apache.hadoop.hdds.server.OzoneProtocolMessageDispatcher.processRequest(OzoneProtocolMessageDispatcher.java:87) [hdds-server-framework-1.4.0-SNAPSHOT.jar:?]
	at org.apache.hadoop.ozone.protocolPB.OzoneManagerProtocolServerSideTranslatorPB.submitRequest(OzoneManagerProtocolServerSideTranslatorPB.java:148) [ozone-manager-1.4.0-SNAPSHOT.jar:?]
	at org.apache.hadoop.ozone.protocol.proto.OzoneManagerProtocolProtos$OzoneManagerService$2.callBlockingMethod(OzoneManagerProtocolProtos.java) [ozone-interface-client-1.4.0-SNAPSHOT.jar:?]
	at org.apache.hadoop.ipc.ProtobufRpcEngine$Server.processCall(ProtobufRpcEngine.java:484) [hadoop-common-3.3.6.jar:?]
	at org.apache.hadoop.ipc.ProtobufRpcEngine2$Server$ProtoBufRpcInvoker.call(ProtobufRpcEngine2.java:595) [hadoop-common-3.3.6.jar:?]
	at org.apache.hadoop.ipc.ProtobufRpcEngine2$Server$ProtoBufRpcInvoker.call(ProtobufRpcEngine2.java:573) [hadoop-common-3.3.6.jar:?]
	at org.apache.hadoop.ipc.RPC$Server.call(RPC.java:1227) [hadoop-common-3.3.6.jar:?]
	at org.apache.hadoop.ipc.Server$RpcCall.run(Server.java:1094) [hadoop-common-3.3.6.jar:?]
	at org.apache.hadoop.ipc.Server$RpcCall.run(Server.java:1017) [hadoop-common-3.3.6.jar:?]
	at java.security.AccessController.doPrivileged(Native Method) ~[?:1.8.0_382]
	at javax.security.auth.Subject.doAs(Subject.java:422) [?:1.8.0_382]
	at org.apache.hadoop.security.UserGroupInformation.doAs(UserGroupInformation.java:1899) [hadoop-common-3.3.6.jar:?]
	at org.apache.hadoop.ipc.Server$Handler.run(Server.java:3048) [hadoop-common-3.3.6.jar:?]
12:58:54.513 [IPC Server handler 12 on default port 15110] ERROR OMAudit - user=runner | ip=127.0.0.1 | op=GET_FILE_STATUS {volume=volume13657, bucket=bucket40110, key=level0/level3/file1, dataSize=0, replicationConfig=null} | ret=FAILURE
org.apache.hadoop.ozone.om.exceptions.OMException: Unable to get file status: volume: volume13657 bucket: bucket40110 key: level0/level3/file1
	at org.apache.hadoop.ozone.om.KeyManagerImpl.getOzoneFileStatus(KeyManagerImpl.java:1198) ~[ozone-manager-1.4.0-SNAPSHOT.jar:?]
	at org.apache.hadoop.ozone.om.KeyManagerImpl.getFileStatus(KeyManagerImpl.java:1116) ~[ozone-manager-1.4.0-SNAPSHOT.jar:?]
	at org.apache.hadoop.ozone.om.OmMetadataReader.getFileStatus(OmMetadataReader.java:266) ~[ozone-manager-1.4.0-SNAPSHOT.jar:?]
	at org.apache.hadoop.ozone.om.OzoneManager.getFileStatus(OzoneManager.java:3552) ~[ozone-manager-1.4.0-SNAPSHOT.jar:?]
	at org.apache.hadoop.ozone.protocolPB.OzoneManagerRequestHandler.getOzoneFileStatus(OzoneManagerRequestHandler.java:998) ~[ozone-manager-1.4.0-SNAPSHOT.jar:?]
	at org.apache.hadoop.ozone.protocolPB.OzoneManagerRequestHandler.handleReadRequest(OzoneManagerRequestHandler.java:259) ~[ozone-manager-1.4.0-SNAPSHOT.jar:?]
	at org.apache.hadoop.ozone.protocolPB.OzoneManagerProtocolServerSideTranslatorPB.submitReadRequestToOM(OzoneManagerProtocolServerSideTranslatorPB.java:225) ~[ozone-manager-1.4.0-SNAPSHOT.jar:?]
	at org.apache.hadoop.ozone.protocolPB.OzoneManagerProtocolServerSideTranslatorPB.processRequest(OzoneManagerProtocolServerSideTranslatorPB.java:179) ~[ozone-manager-1.4.0-SNAPSHOT.jar:?]
	at org.apache.hadoop.hdds.server.OzoneProtocolMessageDispatcher.processRequest(OzoneProtocolMessageDispatcher.java:87) [hdds-server-framework-1.4.0-SNAPSHOT.jar:?]
	at org.apache.hadoop.ozone.protocolPB.OzoneManagerProtocolServerSideTranslatorPB.submitRequest(OzoneManagerProtocolServerSideTranslatorPB.java:148) [ozone-manager-1.4.0-SNAPSHOT.jar:?]
	at org.apache.hadoop.ozone.protocol.proto.OzoneManagerProtocolProtos$OzoneManagerService$2.callBlockingMethod(OzoneManagerProtocolProtos.java) [ozone-interface-client-1.4.0-SNAPSHOT.jar:?]
	at org.apache.hadoop.ipc.ProtobufRpcEngine$Server.processCall(ProtobufRpcEngine.java:484) [hadoop-common-3.3.6.jar:?]
	at org.apache.hadoop.ipc.ProtobufRpcEngine2$Server$ProtoBufRpcInvoker.call(ProtobufRpcEngine2.java:595) [hadoop-common-3.3.6.jar:?]
	at org.apache.hadoop.ipc.ProtobufRpcEngine2$Server$ProtoBufRpcInvoker.call(ProtobufRpcEngine2.java:573) [hadoop-common-3.3.6.jar:?]
	at org.apache.hadoop.ipc.RPC$Server.call(RPC.java:1227) [hadoop-common-3.3.6.jar:?]
	at org.apache.hadoop.ipc.Server$RpcCall.run(Server.java:1094) [hadoop-common-3.3.6.jar:?]
	at org.apache.hadoop.ipc.Server$RpcCall.run(Server.java:1017) [hadoop-common-3.3.6.jar:?]
	at java.security.AccessController.doPrivileged(Native Method) ~[?:1.8.0_382]
	at javax.security.auth.Subject.doAs(Subject.java:422) [?:1.8.0_382]
	at org.apache.hadoop.security.UserGroupInformation.doAs(UserGroupInformation.java:1899) [hadoop-common-3.3.6.jar:?]
	at org.apache.hadoop.ipc.Server$Handler.run(Server.java:3048) [hadoop-common-3.3.6.jar:?]
12:58:54.514 [IPC Server handler 13 on default port 15110] ERROR OMAudit - user=runner | ip=127.0.0.1 | op=GET_FILE_STATUS {volume=volume13657, bucket=bucket40110, key=level0/level3/level3/file1, dataSize=0, replicationConfig=null} | ret=FAILURE
org.apache.hadoop.ozone.om.exceptions.OMException: Unable to get file status: volume: volume13657 bucket: bucket40110 key: level0/level3/level3/file1
	at org.apache.hadoop.ozone.om.KeyManagerImpl.getOzoneFileStatus(KeyManagerImpl.java:1198) ~[ozone-manager-1.4.0-SNAPSHOT.jar:?]
	at org.apache.hadoop.ozone.om.KeyManagerImpl.getFileStatus(KeyManagerImpl.java:1116) ~[ozone-manager-1.4.0-SNAPSHOT.jar:?]
	at org.apache.hadoop.ozone.om.OmMetadataReader.getFileStatus(OmMetadataReader.java:266) ~[ozone-manager-1.4.0-SNAPSHOT.jar:?]
	at org.apache.hadoop.ozone.om.OzoneManager.getFileStatus(OzoneManager.java:3552) ~[ozone-manager-1.4.0-SNAPSHOT.jar:?]
	at org.apache.hadoop.ozone.protocolPB.OzoneManagerRequestHandler.getOzoneFileStatus(OzoneManagerRequestHandler.java:998) ~[ozone-manager-1.4.0-SNAPSHOT.jar:?]
	at org.apache.hadoop.ozone.protocolPB.OzoneManagerRequestHandler.handleReadRequest(OzoneManagerRequestHandler.java:259) ~[ozone-manager-1.4.0-SNAPSHOT.jar:?]
	at org.apache.hadoop.ozone.protocolPB.OzoneManagerProtocolServerSideTranslatorPB.submitReadRequestToOM(OzoneManagerProtocolServerSideTranslatorPB.java:225) ~[ozone-manager-1.4.0-SNAPSHOT.jar:?]
	at org.apache.hadoop.ozone.protocolPB.OzoneManagerProtocolServerSideTranslatorPB.processRequest(OzoneManagerProtocolServerSideTranslatorPB.java:179) ~[ozone-manager-1.4.0-SNAPSHOT.jar:?]
	at org.apache.hadoop.hdds.server.OzoneProtocolMessageDispatcher.processRequest(OzoneProtocolMessageDispatcher.java:87) [hdds-server-framework-1.4.0-SNAPSHOT.jar:?]
	at org.apache.hadoop.ozone.protocolPB.OzoneManagerProtocolServerSideTranslatorPB.submitRequest(OzoneManagerProtocolServerSideTranslatorPB.java:148) [ozone-manager-1.4.0-SNAPSHOT.jar:?]
	at org.apache.hadoop.ozone.protocol.proto.OzoneManagerProtocolProtos$OzoneManagerService$2.callBlockingMethod(OzoneManagerProtocolProtos.java) [ozone-interface-client-1.4.0-SNAPSHOT.jar:?]
	at org.apache.hadoop.ipc.ProtobufRpcEngine$Server.processCall(ProtobufRpcEngine.java:484) [hadoop-common-3.3.6.jar:?]
	at org.apache.hadoop.ipc.ProtobufRpcEngine2$Server$ProtoBufRpcInvoker.call(ProtobufRpcEngine2.java:595) [hadoop-common-3.3.6.jar:?]
	at org.apache.hadoop.ipc.ProtobufRpcEngine2$Server$ProtoBufRpcInvoker.call(ProtobufRpcEngine2.java:573) [hadoop-common-3.3.6.jar:?]
	at org.apache.hadoop.ipc.RPC$Server.call(RPC.java:1227) [hadoop-common-3.3.6.jar:?]
	at org.apache.hadoop.ipc.Server$RpcCall.run(Server.java:1094) [hadoop-common-3.3.6.jar:?]
	at org.apache.hadoop.ipc.Server$RpcCall.run(Server.java:1017) [hadoop-common-3.3.6.jar:?]
	at java.security.AccessController.doPrivileged(Native Method) ~[?:1.8.0_382]
	at javax.security.auth.Subject.doAs(Subject.java:422) [?:1.8.0_382]
	at org.apache.hadoop.security.UserGroupInformation.doAs(UserGroupInformation.java:1899) [hadoop-common-3.3.6.jar:?]
	at org.apache.hadoop.ipc.Server$Handler.run(Server.java:3048) [hadoop-common-3.3.6.jar:?]
]]></system-out>
  </testcase>
  <testcase name="testRecursiveDelete" classname="TestOzoneFileSystem" time="0.162">
    <system-out><![CDATA[13:00:27.297 [IPC Server handler 17 on default port 15163] ERROR OMAudit - user=runner | ip=127.0.0.1 | op=GET_FILE_STATUS {volume=volume08867, bucket=bucket18921, key=gdir1, dataSize=0, replicationConfig=null} | ret=FAILURE
org.apache.hadoop.ozone.om.exceptions.OMException: Unable to get file status: volume: volume08867 bucket: bucket18921 key: gdir1
	at org.apache.hadoop.ozone.om.KeyManagerImpl.getOzoneFileStatus(KeyManagerImpl.java:1198) ~[ozone-manager-1.4.0-SNAPSHOT.jar:?]
	at org.apache.hadoop.ozone.om.KeyManagerImpl.getFileStatus(KeyManagerImpl.java:1116) ~[ozone-manager-1.4.0-SNAPSHOT.jar:?]
	at org.apache.hadoop.ozone.om.OmMetadataReader.getFileStatus(OmMetadataReader.java:266) ~[ozone-manager-1.4.0-SNAPSHOT.jar:?]
	at org.apache.hadoop.ozone.om.OzoneManager.getFileStatus(OzoneManager.java:3552) ~[ozone-manager-1.4.0-SNAPSHOT.jar:?]
	at org.apache.hadoop.ozone.protocolPB.OzoneManagerRequestHandler.getOzoneFileStatus(OzoneManagerRequestHandler.java:998) ~[ozone-manager-1.4.0-SNAPSHOT.jar:?]
	at org.apache.hadoop.ozone.protocolPB.OzoneManagerRequestHandler.handleReadRequest(OzoneManagerRequestHandler.java:259) ~[ozone-manager-1.4.0-SNAPSHOT.jar:?]
	at org.apache.hadoop.ozone.protocolPB.OzoneManagerProtocolServerSideTranslatorPB.submitRequestDirectlyToOM(OzoneManagerProtocolServerSideTranslatorPB.java:274) ~[ozone-manager-1.4.0-SNAPSHOT.jar:?]
	at org.apache.hadoop.ozone.protocolPB.OzoneManagerProtocolServerSideTranslatorPB.processRequest(OzoneManagerProtocolServerSideTranslatorPB.java:175) ~[ozone-manager-1.4.0-SNAPSHOT.jar:?]
	at org.apache.hadoop.hdds.server.OzoneProtocolMessageDispatcher.processRequest(OzoneProtocolMessageDispatcher.java:87) [hdds-server-framework-1.4.0-SNAPSHOT.jar:?]
	at org.apache.hadoop.ozone.protocolPB.OzoneManagerProtocolServerSideTranslatorPB.submitRequest(OzoneManagerProtocolServerSideTranslatorPB.java:148) [ozone-manager-1.4.0-SNAPSHOT.jar:?]
	at org.apache.hadoop.ozone.protocol.proto.OzoneManagerProtocolProtos$OzoneManagerService$2.callBlockingMethod(OzoneManagerProtocolProtos.java) [ozone-interface-client-1.4.0-SNAPSHOT.jar:?]
	at org.apache.hadoop.ipc.ProtobufRpcEngine$Server.processCall(ProtobufRpcEngine.java:484) [hadoop-common-3.3.6.jar:?]
	at org.apache.hadoop.ipc.ProtobufRpcEngine2$Server$ProtoBufRpcInvoker.call(ProtobufRpcEngine2.java:595) [hadoop-common-3.3.6.jar:?]
	at org.apache.hadoop.ipc.ProtobufRpcEngine2$Server$ProtoBufRpcInvoker.call(ProtobufRpcEngine2.java:573) [hadoop-common-3.3.6.jar:?]
	at org.apache.hadoop.ipc.RPC$Server.call(RPC.java:1227) [hadoop-common-3.3.6.jar:?]
	at org.apache.hadoop.ipc.Server$RpcCall.run(Server.java:1094) [hadoop-common-3.3.6.jar:?]
	at org.apache.hadoop.ipc.Server$RpcCall.run(Server.java:1017) [hadoop-common-3.3.6.jar:?]
	at java.security.AccessController.doPrivileged(Native Method) ~[?:1.8.0_382]
	at javax.security.auth.Subject.doAs(Subject.java:422) [?:1.8.0_382]
	at org.apache.hadoop.security.UserGroupInformation.doAs(UserGroupInformation.java:1899) [hadoop-common-3.3.6.jar:?]
	at org.apache.hadoop.ipc.Server$Handler.run(Server.java:3048) [hadoop-common-3.3.6.jar:?]
13:00:27.298 [IPC Server handler 0 on default port 15163] ERROR OMAudit - user=runner | ip=127.0.0.1 | op=GET_FILE_STATUS {volume=volume08867, bucket=bucket18921, key=gdir1/dir1, dataSize=0, replicationConfig=null} | ret=FAILURE
org.apache.hadoop.ozone.om.exceptions.OMException: Unable to get file status: volume: volume08867 bucket: bucket18921 key: gdir1/dir1
	at org.apache.hadoop.ozone.om.KeyManagerImpl.getOzoneFileStatus(KeyManagerImpl.java:1198) ~[ozone-manager-1.4.0-SNAPSHOT.jar:?]
	at org.apache.hadoop.ozone.om.KeyManagerImpl.getFileStatus(KeyManagerImpl.java:1116) ~[ozone-manager-1.4.0-SNAPSHOT.jar:?]
	at org.apache.hadoop.ozone.om.OmMetadataReader.getFileStatus(OmMetadataReader.java:266) ~[ozone-manager-1.4.0-SNAPSHOT.jar:?]
	at org.apache.hadoop.ozone.om.OzoneManager.getFileStatus(OzoneManager.java:3552) ~[ozone-manager-1.4.0-SNAPSHOT.jar:?]
	at org.apache.hadoop.ozone.protocolPB.OzoneManagerRequestHandler.getOzoneFileStatus(OzoneManagerRequestHandler.java:998) ~[ozone-manager-1.4.0-SNAPSHOT.jar:?]
	at org.apache.hadoop.ozone.protocolPB.OzoneManagerRequestHandler.handleReadRequest(OzoneManagerRequestHandler.java:259) ~[ozone-manager-1.4.0-SNAPSHOT.jar:?]
	at org.apache.hadoop.ozone.protocolPB.OzoneManagerProtocolServerSideTranslatorPB.submitRequestDirectlyToOM(OzoneManagerProtocolServerSideTranslatorPB.java:274) ~[ozone-manager-1.4.0-SNAPSHOT.jar:?]
	at org.apache.hadoop.ozone.protocolPB.OzoneManagerProtocolServerSideTranslatorPB.processRequest(OzoneManagerProtocolServerSideTranslatorPB.java:175) ~[ozone-manager-1.4.0-SNAPSHOT.jar:?]
	at org.apache.hadoop.hdds.server.OzoneProtocolMessageDispatcher.processRequest(OzoneProtocolMessageDispatcher.java:87) [hdds-server-framework-1.4.0-SNAPSHOT.jar:?]
	at org.apache.hadoop.ozone.protocolPB.OzoneManagerProtocolServerSideTranslatorPB.submitRequest(OzoneManagerProtocolServerSideTranslatorPB.java:148) [ozone-manager-1.4.0-SNAPSHOT.jar:?]
	at org.apache.hadoop.ozone.protocol.proto.OzoneManagerProtocolProtos$OzoneManagerService$2.callBlockingMethod(OzoneManagerProtocolProtos.java) [ozone-interface-client-1.4.0-SNAPSHOT.jar:?]
	at org.apache.hadoop.ipc.ProtobufRpcEngine$Server.processCall(ProtobufRpcEngine.java:484) [hadoop-common-3.3.6.jar:?]
	at org.apache.hadoop.ipc.ProtobufRpcEngine2$Server$ProtoBufRpcInvoker.call(ProtobufRpcEngine2.java:595) [hadoop-common-3.3.6.jar:?]
	at org.apache.hadoop.ipc.ProtobufRpcEngine2$Server$ProtoBufRpcInvoker.call(ProtobufRpcEngine2.java:573) [hadoop-common-3.3.6.jar:?]
	at org.apache.hadoop.ipc.RPC$Server.call(RPC.java:1227) [hadoop-common-3.3.6.jar:?]
	at org.apache.hadoop.ipc.Server$RpcCall.run(Server.java:1094) [hadoop-common-3.3.6.jar:?]
	at org.apache.hadoop.ipc.Server$RpcCall.run(Server.java:1017) [hadoop-common-3.3.6.jar:?]
	at java.security.AccessController.doPrivileged(Native Method) ~[?:1.8.0_382]
	at javax.security.auth.Subject.doAs(Subject.java:422) [?:1.8.0_382]
	at org.apache.hadoop.security.UserGroupInformation.doAs(UserGroupInformation.java:1899) [hadoop-common-3.3.6.jar:?]
	at org.apache.hadoop.ipc.Server$Handler.run(Server.java:3048) [hadoop-common-3.3.6.jar:?]
13:00:27.299 [IPC Server handler 1 on default port 15163] ERROR OMAudit - user=runner | ip=127.0.0.1 | op=GET_FILE_STATUS {volume=volume08867, bucket=bucket18921, key=gdir1/dir1/child, dataSize=0, replicationConfig=null} | ret=FAILURE
org.apache.hadoop.ozone.om.exceptions.OMException: Unable to get file status: volume: volume08867 bucket: bucket18921 key: gdir1/dir1/child
	at org.apache.hadoop.ozone.om.KeyManagerImpl.getOzoneFileStatus(KeyManagerImpl.java:1198) ~[ozone-manager-1.4.0-SNAPSHOT.jar:?]
	at org.apache.hadoop.ozone.om.KeyManagerImpl.getFileStatus(KeyManagerImpl.java:1116) ~[ozone-manager-1.4.0-SNAPSHOT.jar:?]
	at org.apache.hadoop.ozone.om.OmMetadataReader.getFileStatus(OmMetadataReader.java:266) ~[ozone-manager-1.4.0-SNAPSHOT.jar:?]
	at org.apache.hadoop.ozone.om.OzoneManager.getFileStatus(OzoneManager.java:3552) ~[ozone-manager-1.4.0-SNAPSHOT.jar:?]
	at org.apache.hadoop.ozone.protocolPB.OzoneManagerRequestHandler.getOzoneFileStatus(OzoneManagerRequestHandler.java:998) ~[ozone-manager-1.4.0-SNAPSHOT.jar:?]
	at org.apache.hadoop.ozone.protocolPB.OzoneManagerRequestHandler.handleReadRequest(OzoneManagerRequestHandler.java:259) ~[ozone-manager-1.4.0-SNAPSHOT.jar:?]
	at org.apache.hadoop.ozone.protocolPB.OzoneManagerProtocolServerSideTranslatorPB.submitRequestDirectlyToOM(OzoneManagerProtocolServerSideTranslatorPB.java:274) ~[ozone-manager-1.4.0-SNAPSHOT.jar:?]
	at org.apache.hadoop.ozone.protocolPB.OzoneManagerProtocolServerSideTranslatorPB.processRequest(OzoneManagerProtocolServerSideTranslatorPB.java:175) ~[ozone-manager-1.4.0-SNAPSHOT.jar:?]
	at org.apache.hadoop.hdds.server.OzoneProtocolMessageDispatcher.processRequest(OzoneProtocolMessageDispatcher.java:87) [hdds-server-framework-1.4.0-SNAPSHOT.jar:?]
	at org.apache.hadoop.ozone.protocolPB.OzoneManagerProtocolServerSideTranslatorPB.submitRequest(OzoneManagerProtocolServerSideTranslatorPB.java:148) [ozone-manager-1.4.0-SNAPSHOT.jar:?]
	at org.apache.hadoop.ozone.protocol.proto.OzoneManagerProtocolProtos$OzoneManagerService$2.callBlockingMethod(OzoneManagerProtocolProtos.java) [ozone-interface-client-1.4.0-SNAPSHOT.jar:?]
	at org.apache.hadoop.ipc.ProtobufRpcEngine$Server.processCall(ProtobufRpcEngine.java:484) [hadoop-common-3.3.6.jar:?]
	at org.apache.hadoop.ipc.ProtobufRpcEngine2$Server$ProtoBufRpcInvoker.call(ProtobufRpcEngine2.java:595) [hadoop-common-3.3.6.jar:?]
	at org.apache.hadoop.ipc.ProtobufRpcEngine2$Server$ProtoBufRpcInvoker.call(ProtobufRpcEngine2.java:573) [hadoop-common-3.3.6.jar:?]
	at org.apache.hadoop.ipc.RPC$Server.call(RPC.java:1227) [hadoop-common-3.3.6.jar:?]
	at org.apache.hadoop.ipc.Server$RpcCall.run(Server.java:1094) [hadoop-common-3.3.6.jar:?]
	at org.apache.hadoop.ipc.Server$RpcCall.run(Server.java:1017) [hadoop-common-3.3.6.jar:?]
	at java.security.AccessController.doPrivileged(Native Method) ~[?:1.8.0_382]
	at javax.security.auth.Subject.doAs(Subject.java:422) [?:1.8.0_382]
	at org.apache.hadoop.security.UserGroupInformation.doAs(UserGroupInformation.java:1899) [hadoop-common-3.3.6.jar:?]
	at org.apache.hadoop.ipc.Server$Handler.run(Server.java:3048) [hadoop-common-3.3.6.jar:?]
13:00:27.300 [IPC Server handler 19 on default port 15163] ERROR OMAudit - user=runner | ip=127.0.0.1 | op=GET_FILE_STATUS {volume=volume08867, bucket=bucket18921, key=gdir1/dir2, dataSize=0, replicationConfig=null} | ret=FAILURE
org.apache.hadoop.ozone.om.exceptions.OMException: Unable to get file status: volume: volume08867 bucket: bucket18921 key: gdir1/dir2
	at org.apache.hadoop.ozone.om.KeyManagerImpl.getOzoneFileStatus(KeyManagerImpl.java:1198) ~[ozone-manager-1.4.0-SNAPSHOT.jar:?]
	at org.apache.hadoop.ozone.om.KeyManagerImpl.getFileStatus(KeyManagerImpl.java:1116) ~[ozone-manager-1.4.0-SNAPSHOT.jar:?]
	at org.apache.hadoop.ozone.om.OmMetadataReader.getFileStatus(OmMetadataReader.java:266) ~[ozone-manager-1.4.0-SNAPSHOT.jar:?]
	at org.apache.hadoop.ozone.om.OzoneManager.getFileStatus(OzoneManager.java:3552) ~[ozone-manager-1.4.0-SNAPSHOT.jar:?]
	at org.apache.hadoop.ozone.protocolPB.OzoneManagerRequestHandler.getOzoneFileStatus(OzoneManagerRequestHandler.java:998) ~[ozone-manager-1.4.0-SNAPSHOT.jar:?]
	at org.apache.hadoop.ozone.protocolPB.OzoneManagerRequestHandler.handleReadRequest(OzoneManagerRequestHandler.java:259) ~[ozone-manager-1.4.0-SNAPSHOT.jar:?]
	at org.apache.hadoop.ozone.protocolPB.OzoneManagerProtocolServerSideTranslatorPB.submitRequestDirectlyToOM(OzoneManagerProtocolServerSideTranslatorPB.java:274) ~[ozone-manager-1.4.0-SNAPSHOT.jar:?]
	at org.apache.hadoop.ozone.protocolPB.OzoneManagerProtocolServerSideTranslatorPB.processRequest(OzoneManagerProtocolServerSideTranslatorPB.java:175) ~[ozone-manager-1.4.0-SNAPSHOT.jar:?]
	at org.apache.hadoop.hdds.server.OzoneProtocolMessageDispatcher.processRequest(OzoneProtocolMessageDispatcher.java:87) [hdds-server-framework-1.4.0-SNAPSHOT.jar:?]
	at org.apache.hadoop.ozone.protocolPB.OzoneManagerProtocolServerSideTranslatorPB.submitRequest(OzoneManagerProtocolServerSideTranslatorPB.java:148) [ozone-manager-1.4.0-SNAPSHOT.jar:?]
	at org.apache.hadoop.ozone.protocol.proto.OzoneManagerProtocolProtos$OzoneManagerService$2.callBlockingMethod(OzoneManagerProtocolProtos.java) [ozone-interface-client-1.4.0-SNAPSHOT.jar:?]
	at org.apache.hadoop.ipc.ProtobufRpcEngine$Server.processCall(ProtobufRpcEngine.java:484) [hadoop-common-3.3.6.jar:?]
	at org.apache.hadoop.ipc.ProtobufRpcEngine2$Server$ProtoBufRpcInvoker.call(ProtobufRpcEngine2.java:595) [hadoop-common-3.3.6.jar:?]
	at org.apache.hadoop.ipc.ProtobufRpcEngine2$Server$ProtoBufRpcInvoker.call(ProtobufRpcEngine2.java:573) [hadoop-common-3.3.6.jar:?]
	at org.apache.hadoop.ipc.RPC$Server.call(RPC.java:1227) [hadoop-common-3.3.6.jar:?]
	at org.apache.hadoop.ipc.Server$RpcCall.run(Server.java:1094) [hadoop-common-3.3.6.jar:?]
	at org.apache.hadoop.ipc.Server$RpcCall.run(Server.java:1017) [hadoop-common-3.3.6.jar:?]
	at java.security.AccessController.doPrivileged(Native Method) ~[?:1.8.0_382]
	at javax.security.auth.Subject.doAs(Subject.java:422) [?:1.8.0_382]
	at org.apache.hadoop.security.UserGroupInformation.doAs(UserGroupInformation.java:1899) [hadoop-common-3.3.6.jar:?]
	at org.apache.hadoop.ipc.Server$Handler.run(Server.java:3048) [hadoop-common-3.3.6.jar:?]
13:00:27.301 [IPC Server handler 5 on default port 15163] ERROR OMAudit - user=runner | ip=127.0.0.1 | op=GET_FILE_STATUS {volume=volume08867, bucket=bucket18921, key=gdir1/dir2/child, dataSize=0, replicationConfig=null} | ret=FAILURE
org.apache.hadoop.ozone.om.exceptions.OMException: Unable to get file status: volume: volume08867 bucket: bucket18921 key: gdir1/dir2/child
	at org.apache.hadoop.ozone.om.KeyManagerImpl.getOzoneFileStatus(KeyManagerImpl.java:1198) ~[ozone-manager-1.4.0-SNAPSHOT.jar:?]
	at org.apache.hadoop.ozone.om.KeyManagerImpl.getFileStatus(KeyManagerImpl.java:1116) ~[ozone-manager-1.4.0-SNAPSHOT.jar:?]
	at org.apache.hadoop.ozone.om.OmMetadataReader.getFileStatus(OmMetadataReader.java:266) ~[ozone-manager-1.4.0-SNAPSHOT.jar:?]
	at org.apache.hadoop.ozone.om.OzoneManager.getFileStatus(OzoneManager.java:3552) ~[ozone-manager-1.4.0-SNAPSHOT.jar:?]
	at org.apache.hadoop.ozone.protocolPB.OzoneManagerRequestHandler.getOzoneFileStatus(OzoneManagerRequestHandler.java:998) ~[ozone-manager-1.4.0-SNAPSHOT.jar:?]
	at org.apache.hadoop.ozone.protocolPB.OzoneManagerRequestHandler.handleReadRequest(OzoneManagerRequestHandler.java:259) ~[ozone-manager-1.4.0-SNAPSHOT.jar:?]
	at org.apache.hadoop.ozone.protocolPB.OzoneManagerProtocolServerSideTranslatorPB.submitRequestDirectlyToOM(OzoneManagerProtocolServerSideTranslatorPB.java:274) ~[ozone-manager-1.4.0-SNAPSHOT.jar:?]
	at org.apache.hadoop.ozone.protocolPB.OzoneManagerProtocolServerSideTranslatorPB.processRequest(OzoneManagerProtocolServerSideTranslatorPB.java:175) ~[ozone-manager-1.4.0-SNAPSHOT.jar:?]
	at org.apache.hadoop.hdds.server.OzoneProtocolMessageDispatcher.processRequest(OzoneProtocolMessageDispatcher.java:87) [hdds-server-framework-1.4.0-SNAPSHOT.jar:?]
	at org.apache.hadoop.ozone.protocolPB.OzoneManagerProtocolServerSideTranslatorPB.submitRequest(OzoneManagerProtocolServerSideTranslatorPB.java:148) [ozone-manager-1.4.0-SNAPSHOT.jar:?]
	at org.apache.hadoop.ozone.protocol.proto.OzoneManagerProtocolProtos$OzoneManagerService$2.callBlockingMethod(OzoneManagerProtocolProtos.java) [ozone-interface-client-1.4.0-SNAPSHOT.jar:?]
	at org.apache.hadoop.ipc.ProtobufRpcEngine$Server.processCall(ProtobufRpcEngine.java:484) [hadoop-common-3.3.6.jar:?]
	at org.apache.hadoop.ipc.ProtobufRpcEngine2$Server$ProtoBufRpcInvoker.call(ProtobufRpcEngine2.java:595) [hadoop-common-3.3.6.jar:?]
	at org.apache.hadoop.ipc.ProtobufRpcEngine2$Server$ProtoBufRpcInvoker.call(ProtobufRpcEngine2.java:573) [hadoop-common-3.3.6.jar:?]
	at org.apache.hadoop.ipc.RPC$Server.call(RPC.java:1227) [hadoop-common-3.3.6.jar:?]
	at org.apache.hadoop.ipc.Server$RpcCall.run(Server.java:1094) [hadoop-common-3.3.6.jar:?]
	at org.apache.hadoop.ipc.Server$RpcCall.run(Server.java:1017) [hadoop-common-3.3.6.jar:?]
	at java.security.AccessController.doPrivileged(Native Method) ~[?:1.8.0_382]
	at javax.security.auth.Subject.doAs(Subject.java:422) [?:1.8.0_382]
	at org.apache.hadoop.security.UserGroupInformation.doAs(UserGroupInformation.java:1899) [hadoop-common-3.3.6.jar:?]
	at org.apache.hadoop.ipc.Server$Handler.run(Server.java:3048) [hadoop-common-3.3.6.jar:?]
13:00:27.302 [IPC Server handler 3 on default port 15163] ERROR OMAudit - user=runner | ip=127.0.0.1 | op=GET_FILE_STATUS {volume=volume08867, bucket=bucket18921, key=gdir1/dir3, dataSize=0, replicationConfig=null} | ret=FAILURE
org.apache.hadoop.ozone.om.exceptions.OMException: Unable to get file status: volume: volume08867 bucket: bucket18921 key: gdir1/dir3
	at org.apache.hadoop.ozone.om.KeyManagerImpl.getOzoneFileStatus(KeyManagerImpl.java:1198) ~[ozone-manager-1.4.0-SNAPSHOT.jar:?]
	at org.apache.hadoop.ozone.om.KeyManagerImpl.getFileStatus(KeyManagerImpl.java:1116) ~[ozone-manager-1.4.0-SNAPSHOT.jar:?]
	at org.apache.hadoop.ozone.om.OmMetadataReader.getFileStatus(OmMetadataReader.java:266) ~[ozone-manager-1.4.0-SNAPSHOT.jar:?]
	at org.apache.hadoop.ozone.om.OzoneManager.getFileStatus(OzoneManager.java:3552) ~[ozone-manager-1.4.0-SNAPSHOT.jar:?]
	at org.apache.hadoop.ozone.protocolPB.OzoneManagerRequestHandler.getOzoneFileStatus(OzoneManagerRequestHandler.java:998) ~[ozone-manager-1.4.0-SNAPSHOT.jar:?]
	at org.apache.hadoop.ozone.protocolPB.OzoneManagerRequestHandler.handleReadRequest(OzoneManagerRequestHandler.java:259) ~[ozone-manager-1.4.0-SNAPSHOT.jar:?]
	at org.apache.hadoop.ozone.protocolPB.OzoneManagerProtocolServerSideTranslatorPB.submitRequestDirectlyToOM(OzoneManagerProtocolServerSideTranslatorPB.java:274) ~[ozone-manager-1.4.0-SNAPSHOT.jar:?]
	at org.apache.hadoop.ozone.protocolPB.OzoneManagerProtocolServerSideTranslatorPB.processRequest(OzoneManagerProtocolServerSideTranslatorPB.java:175) ~[ozone-manager-1.4.0-SNAPSHOT.jar:?]
	at org.apache.hadoop.hdds.server.OzoneProtocolMessageDispatcher.processRequest(OzoneProtocolMessageDispatcher.java:87) [hdds-server-framework-1.4.0-SNAPSHOT.jar:?]
	at org.apache.hadoop.ozone.protocolPB.OzoneManagerProtocolServerSideTranslatorPB.submitRequest(OzoneManagerProtocolServerSideTranslatorPB.java:148) [ozone-manager-1.4.0-SNAPSHOT.jar:?]
	at org.apache.hadoop.ozone.protocol.proto.OzoneManagerProtocolProtos$OzoneManagerService$2.callBlockingMethod(OzoneManagerProtocolProtos.java) [ozone-interface-client-1.4.0-SNAPSHOT.jar:?]
	at org.apache.hadoop.ipc.ProtobufRpcEngine$Server.processCall(ProtobufRpcEngine.java:484) [hadoop-common-3.3.6.jar:?]
	at org.apache.hadoop.ipc.ProtobufRpcEngine2$Server$ProtoBufRpcInvoker.call(ProtobufRpcEngine2.java:595) [hadoop-common-3.3.6.jar:?]
	at org.apache.hadoop.ipc.ProtobufRpcEngine2$Server$ProtoBufRpcInvoker.call(ProtobufRpcEngine2.java:573) [hadoop-common-3.3.6.jar:?]
	at org.apache.hadoop.ipc.RPC$Server.call(RPC.java:1227) [hadoop-common-3.3.6.jar:?]
	at org.apache.hadoop.ipc.Server$RpcCall.run(Server.java:1094) [hadoop-common-3.3.6.jar:?]
	at org.apache.hadoop.ipc.Server$RpcCall.run(Server.java:1017) [hadoop-common-3.3.6.jar:?]
	at java.security.AccessController.doPrivileged(Native Method) ~[?:1.8.0_382]
	at javax.security.auth.Subject.doAs(Subject.java:422) [?:1.8.0_382]
	at org.apache.hadoop.security.UserGroupInformation.doAs(UserGroupInformation.java:1899) [hadoop-common-3.3.6.jar:?]
	at org.apache.hadoop.ipc.Server$Handler.run(Server.java:3048) [hadoop-common-3.3.6.jar:?]
13:00:27.303 [IPC Server handler 7 on default port 15163] ERROR OMAudit - user=runner | ip=127.0.0.1 | op=GET_FILE_STATUS {volume=volume08867, bucket=bucket18921, key=gdir1/dir3/child, dataSize=0, replicationConfig=null} | ret=FAILURE
org.apache.hadoop.ozone.om.exceptions.OMException: Unable to get file status: volume: volume08867 bucket: bucket18921 key: gdir1/dir3/child
	at org.apache.hadoop.ozone.om.KeyManagerImpl.getOzoneFileStatus(KeyManagerImpl.java:1198) ~[ozone-manager-1.4.0-SNAPSHOT.jar:?]
	at org.apache.hadoop.ozone.om.KeyManagerImpl.getFileStatus(KeyManagerImpl.java:1116) ~[ozone-manager-1.4.0-SNAPSHOT.jar:?]
	at org.apache.hadoop.ozone.om.OmMetadataReader.getFileStatus(OmMetadataReader.java:266) ~[ozone-manager-1.4.0-SNAPSHOT.jar:?]
	at org.apache.hadoop.ozone.om.OzoneManager.getFileStatus(OzoneManager.java:3552) ~[ozone-manager-1.4.0-SNAPSHOT.jar:?]
	at org.apache.hadoop.ozone.protocolPB.OzoneManagerRequestHandler.getOzoneFileStatus(OzoneManagerRequestHandler.java:998) ~[ozone-manager-1.4.0-SNAPSHOT.jar:?]
	at org.apache.hadoop.ozone.protocolPB.OzoneManagerRequestHandler.handleReadRequest(OzoneManagerRequestHandler.java:259) ~[ozone-manager-1.4.0-SNAPSHOT.jar:?]
	at org.apache.hadoop.ozone.protocolPB.OzoneManagerProtocolServerSideTranslatorPB.submitRequestDirectlyToOM(OzoneManagerProtocolServerSideTranslatorPB.java:274) ~[ozone-manager-1.4.0-SNAPSHOT.jar:?]
	at org.apache.hadoop.ozone.protocolPB.OzoneManagerProtocolServerSideTranslatorPB.processRequest(OzoneManagerProtocolServerSideTranslatorPB.java:175) ~[ozone-manager-1.4.0-SNAPSHOT.jar:?]
	at org.apache.hadoop.hdds.server.OzoneProtocolMessageDispatcher.processRequest(OzoneProtocolMessageDispatcher.java:87) [hdds-server-framework-1.4.0-SNAPSHOT.jar:?]
	at org.apache.hadoop.ozone.protocolPB.OzoneManagerProtocolServerSideTranslatorPB.submitRequest(OzoneManagerProtocolServerSideTranslatorPB.java:148) [ozone-manager-1.4.0-SNAPSHOT.jar:?]
	at org.apache.hadoop.ozone.protocol.proto.OzoneManagerProtocolProtos$OzoneManagerService$2.callBlockingMethod(OzoneManagerProtocolProtos.java) [ozone-interface-client-1.4.0-SNAPSHOT.jar:?]
	at org.apache.hadoop.ipc.ProtobufRpcEngine$Server.processCall(ProtobufRpcEngine.java:484) [hadoop-common-3.3.6.jar:?]
	at org.apache.hadoop.ipc.ProtobufRpcEngine2$Server$ProtoBufRpcInvoker.call(ProtobufRpcEngine2.java:595) [hadoop-common-3.3.6.jar:?]
	at org.apache.hadoop.ipc.ProtobufRpcEngine2$Server$ProtoBufRpcInvoker.call(ProtobufRpcEngine2.java:573) [hadoop-common-3.3.6.jar:?]
	at org.apache.hadoop.ipc.RPC$Server.call(RPC.java:1227) [hadoop-common-3.3.6.jar:?]
	at org.apache.hadoop.ipc.Server$RpcCall.run(Server.java:1094) [hadoop-common-3.3.6.jar:?]
	at org.apache.hadoop.ipc.Server$RpcCall.run(Server.java:1017) [hadoop-common-3.3.6.jar:?]
	at java.security.AccessController.doPrivileged(Native Method) ~[?:1.8.0_382]
	at javax.security.auth.Subject.doAs(Subject.java:422) [?:1.8.0_382]
	at org.apache.hadoop.security.UserGroupInformation.doAs(UserGroupInformation.java:1899) [hadoop-common-3.3.6.jar:?]
	at org.apache.hadoop.ipc.Server$Handler.run(Server.java:3048) [hadoop-common-3.3.6.jar:?]
13:00:27.304 [IPC Server handler 6 on default port 15163] ERROR OMAudit - user=runner | ip=127.0.0.1 | op=GET_FILE_STATUS {volume=volume08867, bucket=bucket18921, key=gdir1/dir4, dataSize=0, replicationConfig=null} | ret=FAILURE
org.apache.hadoop.ozone.om.exceptions.OMException: Unable to get file status: volume: volume08867 bucket: bucket18921 key: gdir1/dir4
	at org.apache.hadoop.ozone.om.KeyManagerImpl.getOzoneFileStatus(KeyManagerImpl.java:1198) ~[ozone-manager-1.4.0-SNAPSHOT.jar:?]
	at org.apache.hadoop.ozone.om.KeyManagerImpl.getFileStatus(KeyManagerImpl.java:1116) ~[ozone-manager-1.4.0-SNAPSHOT.jar:?]
	at org.apache.hadoop.ozone.om.OmMetadataReader.getFileStatus(OmMetadataReader.java:266) ~[ozone-manager-1.4.0-SNAPSHOT.jar:?]
	at org.apache.hadoop.ozone.om.OzoneManager.getFileStatus(OzoneManager.java:3552) ~[ozone-manager-1.4.0-SNAPSHOT.jar:?]
	at org.apache.hadoop.ozone.protocolPB.OzoneManagerRequestHandler.getOzoneFileStatus(OzoneManagerRequestHandler.java:998) ~[ozone-manager-1.4.0-SNAPSHOT.jar:?]
	at org.apache.hadoop.ozone.protocolPB.OzoneManagerRequestHandler.handleReadRequest(OzoneManagerRequestHandler.java:259) ~[ozone-manager-1.4.0-SNAPSHOT.jar:?]
	at org.apache.hadoop.ozone.protocolPB.OzoneManagerProtocolServerSideTranslatorPB.submitRequestDirectlyToOM(OzoneManagerProtocolServerSideTranslatorPB.java:274) ~[ozone-manager-1.4.0-SNAPSHOT.jar:?]
	at org.apache.hadoop.ozone.protocolPB.OzoneManagerProtocolServerSideTranslatorPB.processRequest(OzoneManagerProtocolServerSideTranslatorPB.java:175) ~[ozone-manager-1.4.0-SNAPSHOT.jar:?]
	at org.apache.hadoop.hdds.server.OzoneProtocolMessageDispatcher.processRequest(OzoneProtocolMessageDispatcher.java:87) [hdds-server-framework-1.4.0-SNAPSHOT.jar:?]
	at org.apache.hadoop.ozone.protocolPB.OzoneManagerProtocolServerSideTranslatorPB.submitRequest(OzoneManagerProtocolServerSideTranslatorPB.java:148) [ozone-manager-1.4.0-SNAPSHOT.jar:?]
	at org.apache.hadoop.ozone.protocol.proto.OzoneManagerProtocolProtos$OzoneManagerService$2.callBlockingMethod(OzoneManagerProtocolProtos.java) [ozone-interface-client-1.4.0-SNAPSHOT.jar:?]
	at org.apache.hadoop.ipc.ProtobufRpcEngine$Server.processCall(ProtobufRpcEngine.java:484) [hadoop-common-3.3.6.jar:?]
	at org.apache.hadoop.ipc.ProtobufRpcEngine2$Server$ProtoBufRpcInvoker.call(ProtobufRpcEngine2.java:595) [hadoop-common-3.3.6.jar:?]
	at org.apache.hadoop.ipc.ProtobufRpcEngine2$Server$ProtoBufRpcInvoker.call(ProtobufRpcEngine2.java:573) [hadoop-common-3.3.6.jar:?]
	at org.apache.hadoop.ipc.RPC$Server.call(RPC.java:1227) [hadoop-common-3.3.6.jar:?]
	at org.apache.hadoop.ipc.Server$RpcCall.run(Server.java:1094) [hadoop-common-3.3.6.jar:?]
	at org.apache.hadoop.ipc.Server$RpcCall.run(Server.java:1017) [hadoop-common-3.3.6.jar:?]
	at java.security.AccessController.doPrivileged(Native Method) ~[?:1.8.0_382]
	at javax.security.auth.Subject.doAs(Subject.java:422) [?:1.8.0_382]
	at org.apache.hadoop.security.UserGroupInformation.doAs(UserGroupInformation.java:1899) [hadoop-common-3.3.6.jar:?]
	at org.apache.hadoop.ipc.Server$Handler.run(Server.java:3048) [hadoop-common-3.3.6.jar:?]
13:00:27.305 [IPC Server handler 11 on default port 15163] ERROR OMAudit - user=runner | ip=127.0.0.1 | op=GET_FILE_STATUS {volume=volume08867, bucket=bucket18921, key=gdir1/dir4/child, dataSize=0, replicationConfig=null} | ret=FAILURE
org.apache.hadoop.ozone.om.exceptions.OMException: Unable to get file status: volume: volume08867 bucket: bucket18921 key: gdir1/dir4/child
	at org.apache.hadoop.ozone.om.KeyManagerImpl.getOzoneFileStatus(KeyManagerImpl.java:1198) ~[ozone-manager-1.4.0-SNAPSHOT.jar:?]
	at org.apache.hadoop.ozone.om.KeyManagerImpl.getFileStatus(KeyManagerImpl.java:1116) ~[ozone-manager-1.4.0-SNAPSHOT.jar:?]
	at org.apache.hadoop.ozone.om.OmMetadataReader.getFileStatus(OmMetadataReader.java:266) ~[ozone-manager-1.4.0-SNAPSHOT.jar:?]
	at org.apache.hadoop.ozone.om.OzoneManager.getFileStatus(OzoneManager.java:3552) ~[ozone-manager-1.4.0-SNAPSHOT.jar:?]
	at org.apache.hadoop.ozone.protocolPB.OzoneManagerRequestHandler.getOzoneFileStatus(OzoneManagerRequestHandler.java:998) ~[ozone-manager-1.4.0-SNAPSHOT.jar:?]
	at org.apache.hadoop.ozone.protocolPB.OzoneManagerRequestHandler.handleReadRequest(OzoneManagerRequestHandler.java:259) ~[ozone-manager-1.4.0-SNAPSHOT.jar:?]
	at org.apache.hadoop.ozone.protocolPB.OzoneManagerProtocolServerSideTranslatorPB.submitRequestDirectlyToOM(OzoneManagerProtocolServerSideTranslatorPB.java:274) ~[ozone-manager-1.4.0-SNAPSHOT.jar:?]
	at org.apache.hadoop.ozone.protocolPB.OzoneManagerProtocolServerSideTranslatorPB.processRequest(OzoneManagerProtocolServerSideTranslatorPB.java:175) ~[ozone-manager-1.4.0-SNAPSHOT.jar:?]
	at org.apache.hadoop.hdds.server.OzoneProtocolMessageDispatcher.processRequest(OzoneProtocolMessageDispatcher.java:87) [hdds-server-framework-1.4.0-SNAPSHOT.jar:?]
	at org.apache.hadoop.ozone.protocolPB.OzoneManagerProtocolServerSideTranslatorPB.submitRequest(OzoneManagerProtocolServerSideTranslatorPB.java:148) [ozone-manager-1.4.0-SNAPSHOT.jar:?]
	at org.apache.hadoop.ozone.protocol.proto.OzoneManagerProtocolProtos$OzoneManagerService$2.callBlockingMethod(OzoneManagerProtocolProtos.java) [ozone-interface-client-1.4.0-SNAPSHOT.jar:?]
	at org.apache.hadoop.ipc.ProtobufRpcEngine$Server.processCall(ProtobufRpcEngine.java:484) [hadoop-common-3.3.6.jar:?]
	at org.apache.hadoop.ipc.ProtobufRpcEngine2$Server$ProtoBufRpcInvoker.call(ProtobufRpcEngine2.java:595) [hadoop-common-3.3.6.jar:?]
	at org.apache.hadoop.ipc.ProtobufRpcEngine2$Server$ProtoBufRpcInvoker.call(ProtobufRpcEngine2.java:573) [hadoop-common-3.3.6.jar:?]
	at org.apache.hadoop.ipc.RPC$Server.call(RPC.java:1227) [hadoop-common-3.3.6.jar:?]
	at org.apache.hadoop.ipc.Server$RpcCall.run(Server.java:1094) [hadoop-common-3.3.6.jar:?]
	at org.apache.hadoop.ipc.Server$RpcCall.run(Server.java:1017) [hadoop-common-3.3.6.jar:?]
	at java.security.AccessController.doPrivileged(Native Method) ~[?:1.8.0_382]
	at javax.security.auth.Subject.doAs(Subject.java:422) [?:1.8.0_382]
	at org.apache.hadoop.security.UserGroupInformation.doAs(UserGroupInformation.java:1899) [hadoop-common-3.3.6.jar:?]
	at org.apache.hadoop.ipc.Server$Handler.run(Server.java:3048) [hadoop-common-3.3.6.jar:?]
13:00:27.306 [IPC Server handler 4 on default port 15163] ERROR OMAudit - user=runner | ip=127.0.0.1 | op=GET_FILE_STATUS {volume=volume08867, bucket=bucket18921, key=gdir1/dir5, dataSize=0, replicationConfig=null} | ret=FAILURE
org.apache.hadoop.ozone.om.exceptions.OMException: Unable to get file status: volume: volume08867 bucket: bucket18921 key: gdir1/dir5
	at org.apache.hadoop.ozone.om.KeyManagerImpl.getOzoneFileStatus(KeyManagerImpl.java:1198) ~[ozone-manager-1.4.0-SNAPSHOT.jar:?]
	at org.apache.hadoop.ozone.om.KeyManagerImpl.getFileStatus(KeyManagerImpl.java:1116) ~[ozone-manager-1.4.0-SNAPSHOT.jar:?]
	at org.apache.hadoop.ozone.om.OmMetadataReader.getFileStatus(OmMetadataReader.java:266) ~[ozone-manager-1.4.0-SNAPSHOT.jar:?]
	at org.apache.hadoop.ozone.om.OzoneManager.getFileStatus(OzoneManager.java:3552) ~[ozone-manager-1.4.0-SNAPSHOT.jar:?]
	at org.apache.hadoop.ozone.protocolPB.OzoneManagerRequestHandler.getOzoneFileStatus(OzoneManagerRequestHandler.java:998) ~[ozone-manager-1.4.0-SNAPSHOT.jar:?]
	at org.apache.hadoop.ozone.protocolPB.OzoneManagerRequestHandler.handleReadRequest(OzoneManagerRequestHandler.java:259) ~[ozone-manager-1.4.0-SNAPSHOT.jar:?]
	at org.apache.hadoop.ozone.protocolPB.OzoneManagerProtocolServerSideTranslatorPB.submitRequestDirectlyToOM(OzoneManagerProtocolServerSideTranslatorPB.java:274) ~[ozone-manager-1.4.0-SNAPSHOT.jar:?]
	at org.apache.hadoop.ozone.protocolPB.OzoneManagerProtocolServerSideTranslatorPB.processRequest(OzoneManagerProtocolServerSideTranslatorPB.java:175) ~[ozone-manager-1.4.0-SNAPSHOT.jar:?]
	at org.apache.hadoop.hdds.server.OzoneProtocolMessageDispatcher.processRequest(OzoneProtocolMessageDispatcher.java:87) [hdds-server-framework-1.4.0-SNAPSHOT.jar:?]
	at org.apache.hadoop.ozone.protocolPB.OzoneManagerProtocolServerSideTranslatorPB.submitRequest(OzoneManagerProtocolServerSideTranslatorPB.java:148) [ozone-manager-1.4.0-SNAPSHOT.jar:?]
	at org.apache.hadoop.ozone.protocol.proto.OzoneManagerProtocolProtos$OzoneManagerService$2.callBlockingMethod(OzoneManagerProtocolProtos.java) [ozone-interface-client-1.4.0-SNAPSHOT.jar:?]
	at org.apache.hadoop.ipc.ProtobufRpcEngine$Server.processCall(ProtobufRpcEngine.java:484) [hadoop-common-3.3.6.jar:?]
	at org.apache.hadoop.ipc.ProtobufRpcEngine2$Server$ProtoBufRpcInvoker.call(ProtobufRpcEngine2.java:595) [hadoop-common-3.3.6.jar:?]
	at org.apache.hadoop.ipc.ProtobufRpcEngine2$Server$ProtoBufRpcInvoker.call(ProtobufRpcEngine2.java:573) [hadoop-common-3.3.6.jar:?]
	at org.apache.hadoop.ipc.RPC$Server.call(RPC.java:1227) [hadoop-common-3.3.6.jar:?]
	at org.apache.hadoop.ipc.Server$RpcCall.run(Server.java:1094) [hadoop-common-3.3.6.jar:?]
	at org.apache.hadoop.ipc.Server$RpcCall.run(Server.java:1017) [hadoop-common-3.3.6.jar:?]
	at java.security.AccessController.doPrivileged(Native Method) ~[?:1.8.0_382]
	at javax.security.auth.Subject.doAs(Subject.java:422) [?:1.8.0_382]
	at org.apache.hadoop.security.UserGroupInformation.doAs(UserGroupInformation.java:1899) [hadoop-common-3.3.6.jar:?]
	at org.apache.hadoop.ipc.Server$Handler.run(Server.java:3048) [hadoop-common-3.3.6.jar:?]
13:00:27.307 [IPC Server handler 2 on default port 15163] ERROR OMAudit - user=runner | ip=127.0.0.1 | op=GET_FILE_STATUS {volume=volume08867, bucket=bucket18921, key=gdir1/dir5/child, dataSize=0, replicationConfig=null} | ret=FAILURE
org.apache.hadoop.ozone.om.exceptions.OMException: Unable to get file status: volume: volume08867 bucket: bucket18921 key: gdir1/dir5/child
	at org.apache.hadoop.ozone.om.KeyManagerImpl.getOzoneFileStatus(KeyManagerImpl.java:1198) ~[ozone-manager-1.4.0-SNAPSHOT.jar:?]
	at org.apache.hadoop.ozone.om.KeyManagerImpl.getFileStatus(KeyManagerImpl.java:1116) ~[ozone-manager-1.4.0-SNAPSHOT.jar:?]
	at org.apache.hadoop.ozone.om.OmMetadataReader.getFileStatus(OmMetadataReader.java:266) ~[ozone-manager-1.4.0-SNAPSHOT.jar:?]
	at org.apache.hadoop.ozone.om.OzoneManager.getFileStatus(OzoneManager.java:3552) ~[ozone-manager-1.4.0-SNAPSHOT.jar:?]
	at org.apache.hadoop.ozone.protocolPB.OzoneManagerRequestHandler.getOzoneFileStatus(OzoneManagerRequestHandler.java:998) ~[ozone-manager-1.4.0-SNAPSHOT.jar:?]
	at org.apache.hadoop.ozone.protocolPB.OzoneManagerRequestHandler.handleReadRequest(OzoneManagerRequestHandler.java:259) ~[ozone-manager-1.4.0-SNAPSHOT.jar:?]
	at org.apache.hadoop.ozone.protocolPB.OzoneManagerProtocolServerSideTranslatorPB.submitRequestDirectlyToOM(OzoneManagerProtocolServerSideTranslatorPB.java:274) ~[ozone-manager-1.4.0-SNAPSHOT.jar:?]
	at org.apache.hadoop.ozone.protocolPB.OzoneManagerProtocolServerSideTranslatorPB.processRequest(OzoneManagerProtocolServerSideTranslatorPB.java:175) ~[ozone-manager-1.4.0-SNAPSHOT.jar:?]
	at org.apache.hadoop.hdds.server.OzoneProtocolMessageDispatcher.processRequest(OzoneProtocolMessageDispatcher.java:87) [hdds-server-framework-1.4.0-SNAPSHOT.jar:?]
	at org.apache.hadoop.ozone.protocolPB.OzoneManagerProtocolServerSideTranslatorPB.submitRequest(OzoneManagerProtocolServerSideTranslatorPB.java:148) [ozone-manager-1.4.0-SNAPSHOT.jar:?]
	at org.apache.hadoop.ozone.protocol.proto.OzoneManagerProtocolProtos$OzoneManagerService$2.callBlockingMethod(OzoneManagerProtocolProtos.java) [ozone-interface-client-1.4.0-SNAPSHOT.jar:?]
	at org.apache.hadoop.ipc.ProtobufRpcEngine$Server.processCall(ProtobufRpcEngine.java:484) [hadoop-common-3.3.6.jar:?]
	at org.apache.hadoop.ipc.ProtobufRpcEngine2$Server$ProtoBufRpcInvoker.call(ProtobufRpcEngine2.java:595) [hadoop-common-3.3.6.jar:?]
	at org.apache.hadoop.ipc.ProtobufRpcEngine2$Server$ProtoBufRpcInvoker.call(ProtobufRpcEngine2.java:573) [hadoop-common-3.3.6.jar:?]
	at org.apache.hadoop.ipc.RPC$Server.call(RPC.java:1227) [hadoop-common-3.3.6.jar:?]
	at org.apache.hadoop.ipc.Server$RpcCall.run(Server.java:1094) [hadoop-common-3.3.6.jar:?]
	at org.apache.hadoop.ipc.Server$RpcCall.run(Server.java:1017) [hadoop-common-3.3.6.jar:?]
	at java.security.AccessController.doPrivileged(Native Method) ~[?:1.8.0_382]
	at javax.security.auth.Subject.doAs(Subject.java:422) [?:1.8.0_382]
	at org.apache.hadoop.security.UserGroupInformation.doAs(UserGroupInformation.java:1899) [hadoop-common-3.3.6.jar:?]
	at org.apache.hadoop.ipc.Server$Handler.run(Server.java:3048) [hadoop-common-3.3.6.jar:?]
13:00:27.308 [IPC Server handler 8 on default port 15163] ERROR OMAudit - user=runner | ip=127.0.0.1 | op=GET_FILE_STATUS {volume=volume08867, bucket=bucket18921, key=gdir1/dir6, dataSize=0, replicationConfig=null} | ret=FAILURE
org.apache.hadoop.ozone.om.exceptions.OMException: Unable to get file status: volume: volume08867 bucket: bucket18921 key: gdir1/dir6
	at org.apache.hadoop.ozone.om.KeyManagerImpl.getOzoneFileStatus(KeyManagerImpl.java:1198) ~[ozone-manager-1.4.0-SNAPSHOT.jar:?]
	at org.apache.hadoop.ozone.om.KeyManagerImpl.getFileStatus(KeyManagerImpl.java:1116) ~[ozone-manager-1.4.0-SNAPSHOT.jar:?]
	at org.apache.hadoop.ozone.om.OmMetadataReader.getFileStatus(OmMetadataReader.java:266) ~[ozone-manager-1.4.0-SNAPSHOT.jar:?]
	at org.apache.hadoop.ozone.om.OzoneManager.getFileStatus(OzoneManager.java:3552) ~[ozone-manager-1.4.0-SNAPSHOT.jar:?]
	at org.apache.hadoop.ozone.protocolPB.OzoneManagerRequestHandler.getOzoneFileStatus(OzoneManagerRequestHandler.java:998) ~[ozone-manager-1.4.0-SNAPSHOT.jar:?]
	at org.apache.hadoop.ozone.protocolPB.OzoneManagerRequestHandler.handleReadRequest(OzoneManagerRequestHandler.java:259) ~[ozone-manager-1.4.0-SNAPSHOT.jar:?]
	at org.apache.hadoop.ozone.protocolPB.OzoneManagerProtocolServerSideTranslatorPB.submitRequestDirectlyToOM(OzoneManagerProtocolServerSideTranslatorPB.java:274) ~[ozone-manager-1.4.0-SNAPSHOT.jar:?]
	at org.apache.hadoop.ozone.protocolPB.OzoneManagerProtocolServerSideTranslatorPB.processRequest(OzoneManagerProtocolServerSideTranslatorPB.java:175) ~[ozone-manager-1.4.0-SNAPSHOT.jar:?]
	at org.apache.hadoop.hdds.server.OzoneProtocolMessageDispatcher.processRequest(OzoneProtocolMessageDispatcher.java:87) [hdds-server-framework-1.4.0-SNAPSHOT.jar:?]
	at org.apache.hadoop.ozone.protocolPB.OzoneManagerProtocolServerSideTranslatorPB.submitRequest(OzoneManagerProtocolServerSideTranslatorPB.java:148) [ozone-manager-1.4.0-SNAPSHOT.jar:?]
	at org.apache.hadoop.ozone.protocol.proto.OzoneManagerProtocolProtos$OzoneManagerService$2.callBlockingMethod(OzoneManagerProtocolProtos.java) [ozone-interface-client-1.4.0-SNAPSHOT.jar:?]
	at org.apache.hadoop.ipc.ProtobufRpcEngine$Server.processCall(ProtobufRpcEngine.java:484) [hadoop-common-3.3.6.jar:?]
	at org.apache.hadoop.ipc.ProtobufRpcEngine2$Server$ProtoBufRpcInvoker.call(ProtobufRpcEngine2.java:595) [hadoop-common-3.3.6.jar:?]
	at org.apache.hadoop.ipc.ProtobufRpcEngine2$Server$ProtoBufRpcInvoker.call(ProtobufRpcEngine2.java:573) [hadoop-common-3.3.6.jar:?]
	at org.apache.hadoop.ipc.RPC$Server.call(RPC.java:1227) [hadoop-common-3.3.6.jar:?]
	at org.apache.hadoop.ipc.Server$RpcCall.run(Server.java:1094) [hadoop-common-3.3.6.jar:?]
	at org.apache.hadoop.ipc.Server$RpcCall.run(Server.java:1017) [hadoop-common-3.3.6.jar:?]
	at java.security.AccessController.doPrivileged(Native Method) ~[?:1.8.0_382]
	at javax.security.auth.Subject.doAs(Subject.java:422) [?:1.8.0_382]
	at org.apache.hadoop.security.UserGroupInformation.doAs(UserGroupInformation.java:1899) [hadoop-common-3.3.6.jar:?]
	at org.apache.hadoop.ipc.Server$Handler.run(Server.java:3048) [hadoop-common-3.3.6.jar:?]
13:00:27.309 [IPC Server handler 10 on default port 15163] ERROR OMAudit - user=runner | ip=127.0.0.1 | op=GET_FILE_STATUS {volume=volume08867, bucket=bucket18921, key=gdir1/dir6/child, dataSize=0, replicationConfig=null} | ret=FAILURE
org.apache.hadoop.ozone.om.exceptions.OMException: Unable to get file status: volume: volume08867 bucket: bucket18921 key: gdir1/dir6/child
	at org.apache.hadoop.ozone.om.KeyManagerImpl.getOzoneFileStatus(KeyManagerImpl.java:1198) ~[ozone-manager-1.4.0-SNAPSHOT.jar:?]
	at org.apache.hadoop.ozone.om.KeyManagerImpl.getFileStatus(KeyManagerImpl.java:1116) ~[ozone-manager-1.4.0-SNAPSHOT.jar:?]
	at org.apache.hadoop.ozone.om.OmMetadataReader.getFileStatus(OmMetadataReader.java:266) ~[ozone-manager-1.4.0-SNAPSHOT.jar:?]
	at org.apache.hadoop.ozone.om.OzoneManager.getFileStatus(OzoneManager.java:3552) ~[ozone-manager-1.4.0-SNAPSHOT.jar:?]
	at org.apache.hadoop.ozone.protocolPB.OzoneManagerRequestHandler.getOzoneFileStatus(OzoneManagerRequestHandler.java:998) ~[ozone-manager-1.4.0-SNAPSHOT.jar:?]
	at org.apache.hadoop.ozone.protocolPB.OzoneManagerRequestHandler.handleReadRequest(OzoneManagerRequestHandler.java:259) ~[ozone-manager-1.4.0-SNAPSHOT.jar:?]
	at org.apache.hadoop.ozone.protocolPB.OzoneManagerProtocolServerSideTranslatorPB.submitRequestDirectlyToOM(OzoneManagerProtocolServerSideTranslatorPB.java:274) ~[ozone-manager-1.4.0-SNAPSHOT.jar:?]
	at org.apache.hadoop.ozone.protocolPB.OzoneManagerProtocolServerSideTranslatorPB.processRequest(OzoneManagerProtocolServerSideTranslatorPB.java:175) ~[ozone-manager-1.4.0-SNAPSHOT.jar:?]
	at org.apache.hadoop.hdds.server.OzoneProtocolMessageDispatcher.processRequest(OzoneProtocolMessageDispatcher.java:87) [hdds-server-framework-1.4.0-SNAPSHOT.jar:?]
	at org.apache.hadoop.ozone.protocolPB.OzoneManagerProtocolServerSideTranslatorPB.submitRequest(OzoneManagerProtocolServerSideTranslatorPB.java:148) [ozone-manager-1.4.0-SNAPSHOT.jar:?]
	at org.apache.hadoop.ozone.protocol.proto.OzoneManagerProtocolProtos$OzoneManagerService$2.callBlockingMethod(OzoneManagerProtocolProtos.java) [ozone-interface-client-1.4.0-SNAPSHOT.jar:?]
	at org.apache.hadoop.ipc.ProtobufRpcEngine$Server.processCall(ProtobufRpcEngine.java:484) [hadoop-common-3.3.6.jar:?]
	at org.apache.hadoop.ipc.ProtobufRpcEngine2$Server$ProtoBufRpcInvoker.call(ProtobufRpcEngine2.java:595) [hadoop-common-3.3.6.jar:?]
	at org.apache.hadoop.ipc.ProtobufRpcEngine2$Server$ProtoBufRpcInvoker.call(ProtobufRpcEngine2.java:573) [hadoop-common-3.3.6.jar:?]
	at org.apache.hadoop.ipc.RPC$Server.call(RPC.java:1227) [hadoop-common-3.3.6.jar:?]
	at org.apache.hadoop.ipc.Server$RpcCall.run(Server.java:1094) [hadoop-common-3.3.6.jar:?]
	at org.apache.hadoop.ipc.Server$RpcCall.run(Server.java:1017) [hadoop-common-3.3.6.jar:?]
	at java.security.AccessController.doPrivileged(Native Method) ~[?:1.8.0_382]
	at javax.security.auth.Subject.doAs(Subject.java:422) [?:1.8.0_382]
	at org.apache.hadoop.security.UserGroupInformation.doAs(UserGroupInformation.java:1899) [hadoop-common-3.3.6.jar:?]
	at org.apache.hadoop.ipc.Server$Handler.run(Server.java:3048) [hadoop-common-3.3.6.jar:?]
13:00:27.310 [IPC Server handler 9 on default port 15163] ERROR OMAudit - user=runner | ip=127.0.0.1 | op=GET_FILE_STATUS {volume=volume08867, bucket=bucket18921, key=gdir1/dir7, dataSize=0, replicationConfig=null} | ret=FAILURE
org.apache.hadoop.ozone.om.exceptions.OMException: Unable to get file status: volume: volume08867 bucket: bucket18921 key: gdir1/dir7
	at org.apache.hadoop.ozone.om.KeyManagerImpl.getOzoneFileStatus(KeyManagerImpl.java:1198) ~[ozone-manager-1.4.0-SNAPSHOT.jar:?]
	at org.apache.hadoop.ozone.om.KeyManagerImpl.getFileStatus(KeyManagerImpl.java:1116) ~[ozone-manager-1.4.0-SNAPSHOT.jar:?]
	at org.apache.hadoop.ozone.om.OmMetadataReader.getFileStatus(OmMetadataReader.java:266) ~[ozone-manager-1.4.0-SNAPSHOT.jar:?]
	at org.apache.hadoop.ozone.om.OzoneManager.getFileStatus(OzoneManager.java:3552) ~[ozone-manager-1.4.0-SNAPSHOT.jar:?]
	at org.apache.hadoop.ozone.protocolPB.OzoneManagerRequestHandler.getOzoneFileStatus(OzoneManagerRequestHandler.java:998) ~[ozone-manager-1.4.0-SNAPSHOT.jar:?]
	at org.apache.hadoop.ozone.protocolPB.OzoneManagerRequestHandler.handleReadRequest(OzoneManagerRequestHandler.java:259) ~[ozone-manager-1.4.0-SNAPSHOT.jar:?]
	at org.apache.hadoop.ozone.protocolPB.OzoneManagerProtocolServerSideTranslatorPB.submitRequestDirectlyToOM(OzoneManagerProtocolServerSideTranslatorPB.java:274) ~[ozone-manager-1.4.0-SNAPSHOT.jar:?]
	at org.apache.hadoop.ozone.protocolPB.OzoneManagerProtocolServerSideTranslatorPB.processRequest(OzoneManagerProtocolServerSideTranslatorPB.java:175) ~[ozone-manager-1.4.0-SNAPSHOT.jar:?]
	at org.apache.hadoop.hdds.server.OzoneProtocolMessageDispatcher.processRequest(OzoneProtocolMessageDispatcher.java:87) [hdds-server-framework-1.4.0-SNAPSHOT.jar:?]
	at org.apache.hadoop.ozone.protocolPB.OzoneManagerProtocolServerSideTranslatorPB.submitRequest(OzoneManagerProtocolServerSideTranslatorPB.java:148) [ozone-manager-1.4.0-SNAPSHOT.jar:?]
	at org.apache.hadoop.ozone.protocol.proto.OzoneManagerProtocolProtos$OzoneManagerService$2.callBlockingMethod(OzoneManagerProtocolProtos.java) [ozone-interface-client-1.4.0-SNAPSHOT.jar:?]
	at org.apache.hadoop.ipc.ProtobufRpcEngine$Server.processCall(ProtobufRpcEngine.java:484) [hadoop-common-3.3.6.jar:?]
	at org.apache.hadoop.ipc.ProtobufRpcEngine2$Server$ProtoBufRpcInvoker.call(ProtobufRpcEngine2.java:595) [hadoop-common-3.3.6.jar:?]
	at org.apache.hadoop.ipc.ProtobufRpcEngine2$Server$ProtoBufRpcInvoker.call(ProtobufRpcEngine2.java:573) [hadoop-common-3.3.6.jar:?]
	at org.apache.hadoop.ipc.RPC$Server.call(RPC.java:1227) [hadoop-common-3.3.6.jar:?]
	at org.apache.hadoop.ipc.Server$RpcCall.run(Server.java:1094) [hadoop-common-3.3.6.jar:?]
	at org.apache.hadoop.ipc.Server$RpcCall.run(Server.java:1017) [hadoop-common-3.3.6.jar:?]
	at java.security.AccessController.doPrivileged(Native Method) ~[?:1.8.0_382]
	at javax.security.auth.Subject.doAs(Subject.java:422) [?:1.8.0_382]
	at org.apache.hadoop.security.UserGroupInformation.doAs(UserGroupInformation.java:1899) [hadoop-common-3.3.6.jar:?]
	at org.apache.hadoop.ipc.Server$Handler.run(Server.java:3048) [hadoop-common-3.3.6.jar:?]
13:00:27.310 [IPC Server handler 12 on default port 15163] ERROR OMAudit - user=runner | ip=127.0.0.1 | op=GET_FILE_STATUS {volume=volume08867, bucket=bucket18921, key=gdir1/dir7/child, dataSize=0, replicationConfig=null} | ret=FAILURE
org.apache.hadoop.ozone.om.exceptions.OMException: Unable to get file status: volume: volume08867 bucket: bucket18921 key: gdir1/dir7/child
	at org.apache.hadoop.ozone.om.KeyManagerImpl.getOzoneFileStatus(KeyManagerImpl.java:1198) ~[ozone-manager-1.4.0-SNAPSHOT.jar:?]
	at org.apache.hadoop.ozone.om.KeyManagerImpl.getFileStatus(KeyManagerImpl.java:1116) ~[ozone-manager-1.4.0-SNAPSHOT.jar:?]
	at org.apache.hadoop.ozone.om.OmMetadataReader.getFileStatus(OmMetadataReader.java:266) ~[ozone-manager-1.4.0-SNAPSHOT.jar:?]
	at org.apache.hadoop.ozone.om.OzoneManager.getFileStatus(OzoneManager.java:3552) ~[ozone-manager-1.4.0-SNAPSHOT.jar:?]
	at org.apache.hadoop.ozone.protocolPB.OzoneManagerRequestHandler.getOzoneFileStatus(OzoneManagerRequestHandler.java:998) ~[ozone-manager-1.4.0-SNAPSHOT.jar:?]
	at org.apache.hadoop.ozone.protocolPB.OzoneManagerRequestHandler.handleReadRequest(OzoneManagerRequestHandler.java:259) ~[ozone-manager-1.4.0-SNAPSHOT.jar:?]
	at org.apache.hadoop.ozone.protocolPB.OzoneManagerProtocolServerSideTranslatorPB.submitRequestDirectlyToOM(OzoneManagerProtocolServerSideTranslatorPB.java:274) ~[ozone-manager-1.4.0-SNAPSHOT.jar:?]
	at org.apache.hadoop.ozone.protocolPB.OzoneManagerProtocolServerSideTranslatorPB.processRequest(OzoneManagerProtocolServerSideTranslatorPB.java:175) ~[ozone-manager-1.4.0-SNAPSHOT.jar:?]
	at org.apache.hadoop.hdds.server.OzoneProtocolMessageDispatcher.processRequest(OzoneProtocolMessageDispatcher.java:87) [hdds-server-framework-1.4.0-SNAPSHOT.jar:?]
	at org.apache.hadoop.ozone.protocolPB.OzoneManagerProtocolServerSideTranslatorPB.submitRequest(OzoneManagerProtocolServerSideTranslatorPB.java:148) [ozone-manager-1.4.0-SNAPSHOT.jar:?]
	at org.apache.hadoop.ozone.protocol.proto.OzoneManagerProtocolProtos$OzoneManagerService$2.callBlockingMethod(OzoneManagerProtocolProtos.java) [ozone-interface-client-1.4.0-SNAPSHOT.jar:?]
	at org.apache.hadoop.ipc.ProtobufRpcEngine$Server.processCall(ProtobufRpcEngine.java:484) [hadoop-common-3.3.6.jar:?]
	at org.apache.hadoop.ipc.ProtobufRpcEngine2$Server$ProtoBufRpcInvoker.call(ProtobufRpcEngine2.java:595) [hadoop-common-3.3.6.jar:?]
	at org.apache.hadoop.ipc.ProtobufRpcEngine2$Server$ProtoBufRpcInvoker.call(ProtobufRpcEngine2.java:573) [hadoop-common-3.3.6.jar:?]
	at org.apache.hadoop.ipc.RPC$Server.call(RPC.java:1227) [hadoop-common-3.3.6.jar:?]
	at org.apache.hadoop.ipc.Server$RpcCall.run(Server.java:1094) [hadoop-common-3.3.6.jar:?]
	at org.apache.hadoop.ipc.Server$RpcCall.run(Server.java:1017) [hadoop-common-3.3.6.jar:?]
	at java.security.AccessController.doPrivileged(Native Method) ~[?:1.8.0_382]
	at javax.security.auth.Subject.doAs(Subject.java:422) [?:1.8.0_382]
	at org.apache.hadoop.security.UserGroupInformation.doAs(UserGroupInformation.java:1899) [hadoop-common-3.3.6.jar:?]
	at org.apache.hadoop.ipc.Server$Handler.run(Server.java:3048) [hadoop-common-3.3.6.jar:?]
13:00:27.311 [IPC Server handler 13 on default port 15163] ERROR OMAudit - user=runner | ip=127.0.0.1 | op=GET_FILE_STATUS {volume=volume08867, bucket=bucket18921, key=gdir1/dir8, dataSize=0, replicationConfig=null} | ret=FAILURE
org.apache.hadoop.ozone.om.exceptions.OMException: Unable to get file status: volume: volume08867 bucket: bucket18921 key: gdir1/dir8
	at org.apache.hadoop.ozone.om.KeyManagerImpl.getOzoneFileStatus(KeyManagerImpl.java:1198) ~[ozone-manager-1.4.0-SNAPSHOT.jar:?]
	at org.apache.hadoop.ozone.om.KeyManagerImpl.getFileStatus(KeyManagerImpl.java:1116) ~[ozone-manager-1.4.0-SNAPSHOT.jar:?]
	at org.apache.hadoop.ozone.om.OmMetadataReader.getFileStatus(OmMetadataReader.java:266) ~[ozone-manager-1.4.0-SNAPSHOT.jar:?]
	at org.apache.hadoop.ozone.om.OzoneManager.getFileStatus(OzoneManager.java:3552) ~[ozone-manager-1.4.0-SNAPSHOT.jar:?]
	at org.apache.hadoop.ozone.protocolPB.OzoneManagerRequestHandler.getOzoneFileStatus(OzoneManagerRequestHandler.java:998) ~[ozone-manager-1.4.0-SNAPSHOT.jar:?]
	at org.apache.hadoop.ozone.protocolPB.OzoneManagerRequestHandler.handleReadRequest(OzoneManagerRequestHandler.java:259) ~[ozone-manager-1.4.0-SNAPSHOT.jar:?]
	at org.apache.hadoop.ozone.protocolPB.OzoneManagerProtocolServerSideTranslatorPB.submitRequestDirectlyToOM(OzoneManagerProtocolServerSideTranslatorPB.java:274) ~[ozone-manager-1.4.0-SNAPSHOT.jar:?]
	at org.apache.hadoop.ozone.protocolPB.OzoneManagerProtocolServerSideTranslatorPB.processRequest(OzoneManagerProtocolServerSideTranslatorPB.java:175) ~[ozone-manager-1.4.0-SNAPSHOT.jar:?]
	at org.apache.hadoop.hdds.server.OzoneProtocolMessageDispatcher.processRequest(OzoneProtocolMessageDispatcher.java:87) [hdds-server-framework-1.4.0-SNAPSHOT.jar:?]
	at org.apache.hadoop.ozone.protocolPB.OzoneManagerProtocolServerSideTranslatorPB.submitRequest(OzoneManagerProtocolServerSideTranslatorPB.java:148) [ozone-manager-1.4.0-SNAPSHOT.jar:?]
	at org.apache.hadoop.ozone.protocol.proto.OzoneManagerProtocolProtos$OzoneManagerService$2.callBlockingMethod(OzoneManagerProtocolProtos.java) [ozone-interface-client-1.4.0-SNAPSHOT.jar:?]
	at org.apache.hadoop.ipc.ProtobufRpcEngine$Server.processCall(ProtobufRpcEngine.java:484) [hadoop-common-3.3.6.jar:?]
	at org.apache.hadoop.ipc.ProtobufRpcEngine2$Server$ProtoBufRpcInvoker.call(ProtobufRpcEngine2.java:595) [hadoop-common-3.3.6.jar:?]
	at org.apache.hadoop.ipc.ProtobufRpcEngine2$Server$ProtoBufRpcInvoker.call(ProtobufRpcEngine2.java:573) [hadoop-common-3.3.6.jar:?]
	at org.apache.hadoop.ipc.RPC$Server.call(RPC.java:1227) [hadoop-common-3.3.6.jar:?]
	at org.apache.hadoop.ipc.Server$RpcCall.run(Server.java:1094) [hadoop-common-3.3.6.jar:?]
	at org.apache.hadoop.ipc.Server$RpcCall.run(Server.java:1017) [hadoop-common-3.3.6.jar:?]
	at java.security.AccessController.doPrivileged(Native Method) ~[?:1.8.0_382]
	at javax.security.auth.Subject.doAs(Subject.java:422) [?:1.8.0_382]
	at org.apache.hadoop.security.UserGroupInformation.doAs(UserGroupInformation.java:1899) [hadoop-common-3.3.6.jar:?]
	at org.apache.hadoop.ipc.Server$Handler.run(Server.java:3048) [hadoop-common-3.3.6.jar:?]
13:00:27.314 [IPC Server handler 14 on default port 15163] ERROR OMAudit - user=runner | ip=127.0.0.1 | op=GET_FILE_STATUS {volume=volume08867, bucket=bucket18921, key=gdir1/dir8/child, dataSize=0, replicationConfig=null} | ret=FAILURE
org.apache.hadoop.ozone.om.exceptions.OMException: Unable to get file status: volume: volume08867 bucket: bucket18921 key: gdir1/dir8/child
	at org.apache.hadoop.ozone.om.KeyManagerImpl.getOzoneFileStatus(KeyManagerImpl.java:1198) ~[ozone-manager-1.4.0-SNAPSHOT.jar:?]
	at org.apache.hadoop.ozone.om.KeyManagerImpl.getFileStatus(KeyManagerImpl.java:1116) ~[ozone-manager-1.4.0-SNAPSHOT.jar:?]
	at org.apache.hadoop.ozone.om.OmMetadataReader.getFileStatus(OmMetadataReader.java:266) ~[ozone-manager-1.4.0-SNAPSHOT.jar:?]
	at org.apache.hadoop.ozone.om.OzoneManager.getFileStatus(OzoneManager.java:3552) ~[ozone-manager-1.4.0-SNAPSHOT.jar:?]
	at org.apache.hadoop.ozone.protocolPB.OzoneManagerRequestHandler.getOzoneFileStatus(OzoneManagerRequestHandler.java:998) ~[ozone-manager-1.4.0-SNAPSHOT.jar:?]
	at org.apache.hadoop.ozone.protocolPB.OzoneManagerRequestHandler.handleReadRequest(OzoneManagerRequestHandler.java:259) ~[ozone-manager-1.4.0-SNAPSHOT.jar:?]
	at org.apache.hadoop.ozone.protocolPB.OzoneManagerProtocolServerSideTranslatorPB.submitRequestDirectlyToOM(OzoneManagerProtocolServerSideTranslatorPB.java:274) ~[ozone-manager-1.4.0-SNAPSHOT.jar:?]
	at org.apache.hadoop.ozone.protocolPB.OzoneManagerProtocolServerSideTranslatorPB.processRequest(OzoneManagerProtocolServerSideTranslatorPB.java:175) ~[ozone-manager-1.4.0-SNAPSHOT.jar:?]
	at org.apache.hadoop.hdds.server.OzoneProtocolMessageDispatcher.processRequest(OzoneProtocolMessageDispatcher.java:87) [hdds-server-framework-1.4.0-SNAPSHOT.jar:?]
	at org.apache.hadoop.ozone.protocolPB.OzoneManagerProtocolServerSideTranslatorPB.submitRequest(OzoneManagerProtocolServerSideTranslatorPB.java:148) [ozone-manager-1.4.0-SNAPSHOT.jar:?]
	at org.apache.hadoop.ozone.protocol.proto.OzoneManagerProtocolProtos$OzoneManagerService$2.callBlockingMethod(OzoneManagerProtocolProtos.java) [ozone-interface-client-1.4.0-SNAPSHOT.jar:?]
	at org.apache.hadoop.ipc.ProtobufRpcEngine$Server.processCall(ProtobufRpcEngine.java:484) [hadoop-common-3.3.6.jar:?]
	at org.apache.hadoop.ipc.ProtobufRpcEngine2$Server$ProtoBufRpcInvoker.call(ProtobufRpcEngine2.java:595) [hadoop-common-3.3.6.jar:?]
	at org.apache.hadoop.ipc.ProtobufRpcEngine2$Server$ProtoBufRpcInvoker.call(ProtobufRpcEngine2.java:573) [hadoop-common-3.3.6.jar:?]
	at org.apache.hadoop.ipc.RPC$Server.call(RPC.java:1227) [hadoop-common-3.3.6.jar:?]
	at org.apache.hadoop.ipc.Server$RpcCall.run(Server.java:1094) [hadoop-common-3.3.6.jar:?]
	at org.apache.hadoop.ipc.Server$RpcCall.run(Server.java:1017) [hadoop-common-3.3.6.jar:?]
	at java.security.AccessController.doPrivileged(Native Method) ~[?:1.8.0_382]
	at javax.security.auth.Subject.doAs(Subject.java:422) [?:1.8.0_382]
	at org.apache.hadoop.security.UserGroupInformation.doAs(UserGroupInformation.java:1899) [hadoop-common-3.3.6.jar:?]
	at org.apache.hadoop.ipc.Server$Handler.run(Server.java:3048) [hadoop-common-3.3.6.jar:?]
13:00:27.315 [IPC Server handler 15 on default port 15163] ERROR OMAudit - user=runner | ip=127.0.0.1 | op=GET_FILE_STATUS {volume=volume08867, bucket=bucket18921, key=gdir1/dir9, dataSize=0, replicationConfig=null} | ret=FAILURE
org.apache.hadoop.ozone.om.exceptions.OMException: Unable to get file status: volume: volume08867 bucket: bucket18921 key: gdir1/dir9
	at org.apache.hadoop.ozone.om.KeyManagerImpl.getOzoneFileStatus(KeyManagerImpl.java:1198) ~[ozone-manager-1.4.0-SNAPSHOT.jar:?]
	at org.apache.hadoop.ozone.om.KeyManagerImpl.getFileStatus(KeyManagerImpl.java:1116) ~[ozone-manager-1.4.0-SNAPSHOT.jar:?]
	at org.apache.hadoop.ozone.om.OmMetadataReader.getFileStatus(OmMetadataReader.java:266) ~[ozone-manager-1.4.0-SNAPSHOT.jar:?]
	at org.apache.hadoop.ozone.om.OzoneManager.getFileStatus(OzoneManager.java:3552) ~[ozone-manager-1.4.0-SNAPSHOT.jar:?]
	at org.apache.hadoop.ozone.protocolPB.OzoneManagerRequestHandler.getOzoneFileStatus(OzoneManagerRequestHandler.java:998) ~[ozone-manager-1.4.0-SNAPSHOT.jar:?]
	at org.apache.hadoop.ozone.protocolPB.OzoneManagerRequestHandler.handleReadRequest(OzoneManagerRequestHandler.java:259) ~[ozone-manager-1.4.0-SNAPSHOT.jar:?]
	at org.apache.hadoop.ozone.protocolPB.OzoneManagerProtocolServerSideTranslatorPB.submitRequestDirectlyToOM(OzoneManagerProtocolServerSideTranslatorPB.java:274) ~[ozone-manager-1.4.0-SNAPSHOT.jar:?]
	at org.apache.hadoop.ozone.protocolPB.OzoneManagerProtocolServerSideTranslatorPB.processRequest(OzoneManagerProtocolServerSideTranslatorPB.java:175) ~[ozone-manager-1.4.0-SNAPSHOT.jar:?]
	at org.apache.hadoop.hdds.server.OzoneProtocolMessageDispatcher.processRequest(OzoneProtocolMessageDispatcher.java:87) [hdds-server-framework-1.4.0-SNAPSHOT.jar:?]
	at org.apache.hadoop.ozone.protocolPB.OzoneManagerProtocolServerSideTranslatorPB.submitRequest(OzoneManagerProtocolServerSideTranslatorPB.java:148) [ozone-manager-1.4.0-SNAPSHOT.jar:?]
	at org.apache.hadoop.ozone.protocol.proto.OzoneManagerProtocolProtos$OzoneManagerService$2.callBlockingMethod(OzoneManagerProtocolProtos.java) [ozone-interface-client-1.4.0-SNAPSHOT.jar:?]
	at org.apache.hadoop.ipc.ProtobufRpcEngine$Server.processCall(ProtobufRpcEngine.java:484) [hadoop-common-3.3.6.jar:?]
	at org.apache.hadoop.ipc.ProtobufRpcEngine2$Server$ProtoBufRpcInvoker.call(ProtobufRpcEngine2.java:595) [hadoop-common-3.3.6.jar:?]
	at org.apache.hadoop.ipc.ProtobufRpcEngine2$Server$ProtoBufRpcInvoker.call(ProtobufRpcEngine2.java:573) [hadoop-common-3.3.6.jar:?]
	at org.apache.hadoop.ipc.RPC$Server.call(RPC.java:1227) [hadoop-common-3.3.6.jar:?]
	at org.apache.hadoop.ipc.Server$RpcCall.run(Server.java:1094) [hadoop-common-3.3.6.jar:?]
	at org.apache.hadoop.ipc.Server$RpcCall.run(Server.java:1017) [hadoop-common-3.3.6.jar:?]
	at java.security.AccessController.doPrivileged(Native Method) ~[?:1.8.0_382]
	at javax.security.auth.Subject.doAs(Subject.java:422) [?:1.8.0_382]
	at org.apache.hadoop.security.UserGroupInformation.doAs(UserGroupInformation.java:1899) [hadoop-common-3.3.6.jar:?]
	at org.apache.hadoop.ipc.Server$Handler.run(Server.java:3048) [hadoop-common-3.3.6.jar:?]
13:00:27.316 [IPC Server handler 16 on default port 15163] ERROR OMAudit - user=runner | ip=127.0.0.1 | op=GET_FILE_STATUS {volume=volume08867, bucket=bucket18921, key=gdir1/dir9/child, dataSize=0, replicationConfig=null} | ret=FAILURE
org.apache.hadoop.ozone.om.exceptions.OMException: Unable to get file status: volume: volume08867 bucket: bucket18921 key: gdir1/dir9/child
	at org.apache.hadoop.ozone.om.KeyManagerImpl.getOzoneFileStatus(KeyManagerImpl.java:1198) ~[ozone-manager-1.4.0-SNAPSHOT.jar:?]
	at org.apache.hadoop.ozone.om.KeyManagerImpl.getFileStatus(KeyManagerImpl.java:1116) ~[ozone-manager-1.4.0-SNAPSHOT.jar:?]
	at org.apache.hadoop.ozone.om.OmMetadataReader.getFileStatus(OmMetadataReader.java:266) ~[ozone-manager-1.4.0-SNAPSHOT.jar:?]
	at org.apache.hadoop.ozone.om.OzoneManager.getFileStatus(OzoneManager.java:3552) ~[ozone-manager-1.4.0-SNAPSHOT.jar:?]
	at org.apache.hadoop.ozone.protocolPB.OzoneManagerRequestHandler.getOzoneFileStatus(OzoneManagerRequestHandler.java:998) ~[ozone-manager-1.4.0-SNAPSHOT.jar:?]
	at org.apache.hadoop.ozone.protocolPB.OzoneManagerRequestHandler.handleReadRequest(OzoneManagerRequestHandler.java:259) ~[ozone-manager-1.4.0-SNAPSHOT.jar:?]
	at org.apache.hadoop.ozone.protocolPB.OzoneManagerProtocolServerSideTranslatorPB.submitRequestDirectlyToOM(OzoneManagerProtocolServerSideTranslatorPB.java:274) ~[ozone-manager-1.4.0-SNAPSHOT.jar:?]
	at org.apache.hadoop.ozone.protocolPB.OzoneManagerProtocolServerSideTranslatorPB.processRequest(OzoneManagerProtocolServerSideTranslatorPB.java:175) ~[ozone-manager-1.4.0-SNAPSHOT.jar:?]
	at org.apache.hadoop.hdds.server.OzoneProtocolMessageDispatcher.processRequest(OzoneProtocolMessageDispatcher.java:87) [hdds-server-framework-1.4.0-SNAPSHOT.jar:?]
	at org.apache.hadoop.ozone.protocolPB.OzoneManagerProtocolServerSideTranslatorPB.submitRequest(OzoneManagerProtocolServerSideTranslatorPB.java:148) [ozone-manager-1.4.0-SNAPSHOT.jar:?]
	at org.apache.hadoop.ozone.protocol.proto.OzoneManagerProtocolProtos$OzoneManagerService$2.callBlockingMethod(OzoneManagerProtocolProtos.java) [ozone-interface-client-1.4.0-SNAPSHOT.jar:?]
	at org.apache.hadoop.ipc.ProtobufRpcEngine$Server.processCall(ProtobufRpcEngine.java:484) [hadoop-common-3.3.6.jar:?]
	at org.apache.hadoop.ipc.ProtobufRpcEngine2$Server$ProtoBufRpcInvoker.call(ProtobufRpcEngine2.java:595) [hadoop-common-3.3.6.jar:?]
	at org.apache.hadoop.ipc.ProtobufRpcEngine2$Server$ProtoBufRpcInvoker.call(ProtobufRpcEngine2.java:573) [hadoop-common-3.3.6.jar:?]
	at org.apache.hadoop.ipc.RPC$Server.call(RPC.java:1227) [hadoop-common-3.3.6.jar:?]
	at org.apache.hadoop.ipc.Server$RpcCall.run(Server.java:1094) [hadoop-common-3.3.6.jar:?]
	at org.apache.hadoop.ipc.Server$RpcCall.run(Server.java:1017) [hadoop-common-3.3.6.jar:?]
	at java.security.AccessController.doPrivileged(Native Method) ~[?:1.8.0_382]
	at javax.security.auth.Subject.doAs(Subject.java:422) [?:1.8.0_382]
	at org.apache.hadoop.security.UserGroupInformation.doAs(UserGroupInformation.java:1899) [hadoop-common-3.3.6.jar:?]
	at org.apache.hadoop.ipc.Server$Handler.run(Server.java:3048) [hadoop-common-3.3.6.jar:?]
13:00:27.317 [IPC Server handler 18 on default port 15163] ERROR OMAudit - user=runner | ip=127.0.0.1 | op=GET_FILE_STATUS {volume=volume08867, bucket=bucket18921, key=gdir1/dir10, dataSize=0, replicationConfig=null} | ret=FAILURE
org.apache.hadoop.ozone.om.exceptions.OMException: Unable to get file status: volume: volume08867 bucket: bucket18921 key: gdir1/dir10
	at org.apache.hadoop.ozone.om.KeyManagerImpl.getOzoneFileStatus(KeyManagerImpl.java:1198) ~[ozone-manager-1.4.0-SNAPSHOT.jar:?]
	at org.apache.hadoop.ozone.om.KeyManagerImpl.getFileStatus(KeyManagerImpl.java:1116) ~[ozone-manager-1.4.0-SNAPSHOT.jar:?]
	at org.apache.hadoop.ozone.om.OmMetadataReader.getFileStatus(OmMetadataReader.java:266) ~[ozone-manager-1.4.0-SNAPSHOT.jar:?]
	at org.apache.hadoop.ozone.om.OzoneManager.getFileStatus(OzoneManager.java:3552) ~[ozone-manager-1.4.0-SNAPSHOT.jar:?]
	at org.apache.hadoop.ozone.protocolPB.OzoneManagerRequestHandler.getOzoneFileStatus(OzoneManagerRequestHandler.java:998) ~[ozone-manager-1.4.0-SNAPSHOT.jar:?]
	at org.apache.hadoop.ozone.protocolPB.OzoneManagerRequestHandler.handleReadRequest(OzoneManagerRequestHandler.java:259) ~[ozone-manager-1.4.0-SNAPSHOT.jar:?]
	at org.apache.hadoop.ozone.protocolPB.OzoneManagerProtocolServerSideTranslatorPB.submitRequestDirectlyToOM(OzoneManagerProtocolServerSideTranslatorPB.java:274) ~[ozone-manager-1.4.0-SNAPSHOT.jar:?]
	at org.apache.hadoop.ozone.protocolPB.OzoneManagerProtocolServerSideTranslatorPB.processRequest(OzoneManagerProtocolServerSideTranslatorPB.java:175) ~[ozone-manager-1.4.0-SNAPSHOT.jar:?]
	at org.apache.hadoop.hdds.server.OzoneProtocolMessageDispatcher.processRequest(OzoneProtocolMessageDispatcher.java:87) [hdds-server-framework-1.4.0-SNAPSHOT.jar:?]
	at org.apache.hadoop.ozone.protocolPB.OzoneManagerProtocolServerSideTranslatorPB.submitRequest(OzoneManagerProtocolServerSideTranslatorPB.java:148) [ozone-manager-1.4.0-SNAPSHOT.jar:?]
	at org.apache.hadoop.ozone.protocol.proto.OzoneManagerProtocolProtos$OzoneManagerService$2.callBlockingMethod(OzoneManagerProtocolProtos.java) [ozone-interface-client-1.4.0-SNAPSHOT.jar:?]
	at org.apache.hadoop.ipc.ProtobufRpcEngine$Server.processCall(ProtobufRpcEngine.java:484) [hadoop-common-3.3.6.jar:?]
	at org.apache.hadoop.ipc.ProtobufRpcEngine2$Server$ProtoBufRpcInvoker.call(ProtobufRpcEngine2.java:595) [hadoop-common-3.3.6.jar:?]
	at org.apache.hadoop.ipc.ProtobufRpcEngine2$Server$ProtoBufRpcInvoker.call(ProtobufRpcEngine2.java:573) [hadoop-common-3.3.6.jar:?]
	at org.apache.hadoop.ipc.RPC$Server.call(RPC.java:1227) [hadoop-common-3.3.6.jar:?]
	at org.apache.hadoop.ipc.Server$RpcCall.run(Server.java:1094) [hadoop-common-3.3.6.jar:?]
	at org.apache.hadoop.ipc.Server$RpcCall.run(Server.java:1017) [hadoop-common-3.3.6.jar:?]
	at java.security.AccessController.doPrivileged(Native Method) ~[?:1.8.0_382]
	at javax.security.auth.Subject.doAs(Subject.java:422) [?:1.8.0_382]
	at org.apache.hadoop.security.UserGroupInformation.doAs(UserGroupInformation.java:1899) [hadoop-common-3.3.6.jar:?]
	at org.apache.hadoop.ipc.Server$Handler.run(Server.java:3048) [hadoop-common-3.3.6.jar:?]
13:00:27.317 [IPC Server handler 17 on default port 15163] ERROR OMAudit - user=runner | ip=127.0.0.1 | op=GET_FILE_STATUS {volume=volume08867, bucket=bucket18921, key=gdir1/dir10/child, dataSize=0, replicationConfig=null} | ret=FAILURE
org.apache.hadoop.ozone.om.exceptions.OMException: Unable to get file status: volume: volume08867 bucket: bucket18921 key: gdir1/dir10/child
	at org.apache.hadoop.ozone.om.KeyManagerImpl.getOzoneFileStatus(KeyManagerImpl.java:1198) ~[ozone-manager-1.4.0-SNAPSHOT.jar:?]
	at org.apache.hadoop.ozone.om.KeyManagerImpl.getFileStatus(KeyManagerImpl.java:1116) ~[ozone-manager-1.4.0-SNAPSHOT.jar:?]
	at org.apache.hadoop.ozone.om.OmMetadataReader.getFileStatus(OmMetadataReader.java:266) ~[ozone-manager-1.4.0-SNAPSHOT.jar:?]
	at org.apache.hadoop.ozone.om.OzoneManager.getFileStatus(OzoneManager.java:3552) ~[ozone-manager-1.4.0-SNAPSHOT.jar:?]
	at org.apache.hadoop.ozone.protocolPB.OzoneManagerRequestHandler.getOzoneFileStatus(OzoneManagerRequestHandler.java:998) ~[ozone-manager-1.4.0-SNAPSHOT.jar:?]
	at org.apache.hadoop.ozone.protocolPB.OzoneManagerRequestHandler.handleReadRequest(OzoneManagerRequestHandler.java:259) ~[ozone-manager-1.4.0-SNAPSHOT.jar:?]
	at org.apache.hadoop.ozone.protocolPB.OzoneManagerProtocolServerSideTranslatorPB.submitRequestDirectlyToOM(OzoneManagerProtocolServerSideTranslatorPB.java:274) ~[ozone-manager-1.4.0-SNAPSHOT.jar:?]
	at org.apache.hadoop.ozone.protocolPB.OzoneManagerProtocolServerSideTranslatorPB.processRequest(OzoneManagerProtocolServerSideTranslatorPB.java:175) ~[ozone-manager-1.4.0-SNAPSHOT.jar:?]
	at org.apache.hadoop.hdds.server.OzoneProtocolMessageDispatcher.processRequest(OzoneProtocolMessageDispatcher.java:87) [hdds-server-framework-1.4.0-SNAPSHOT.jar:?]
	at org.apache.hadoop.ozone.protocolPB.OzoneManagerProtocolServerSideTranslatorPB.submitRequest(OzoneManagerProtocolServerSideTranslatorPB.java:148) [ozone-manager-1.4.0-SNAPSHOT.jar:?]
	at org.apache.hadoop.ozone.protocol.proto.OzoneManagerProtocolProtos$OzoneManagerService$2.callBlockingMethod(OzoneManagerProtocolProtos.java) [ozone-interface-client-1.4.0-SNAPSHOT.jar:?]
	at org.apache.hadoop.ipc.ProtobufRpcEngine$Server.processCall(ProtobufRpcEngine.java:484) [hadoop-common-3.3.6.jar:?]
	at org.apache.hadoop.ipc.ProtobufRpcEngine2$Server$ProtoBufRpcInvoker.call(ProtobufRpcEngine2.java:595) [hadoop-common-3.3.6.jar:?]
	at org.apache.hadoop.ipc.ProtobufRpcEngine2$Server$ProtoBufRpcInvoker.call(ProtobufRpcEngine2.java:573) [hadoop-common-3.3.6.jar:?]
	at org.apache.hadoop.ipc.RPC$Server.call(RPC.java:1227) [hadoop-common-3.3.6.jar:?]
	at org.apache.hadoop.ipc.Server$RpcCall.run(Server.java:1094) [hadoop-common-3.3.6.jar:?]
	at org.apache.hadoop.ipc.Server$RpcCall.run(Server.java:1017) [hadoop-common-3.3.6.jar:?]
	at java.security.AccessController.doPrivileged(Native Method) ~[?:1.8.0_382]
	at javax.security.auth.Subject.doAs(Subject.java:422) [?:1.8.0_382]
	at org.apache.hadoop.security.UserGroupInformation.doAs(UserGroupInformation.java:1899) [hadoop-common-3.3.6.jar:?]
	at org.apache.hadoop.ipc.Server$Handler.run(Server.java:3048) [hadoop-common-3.3.6.jar:?]
13:00:27.371 [IPC Server handler 12 on default port 15163] ERROR OMAudit - user=runner | ip=127.0.0.1 | op=GET_FILE_STATUS {volume=volume08867, bucket=bucket18921, key=level0, dataSize=0, replicationConfig=null} | ret=FAILURE
org.apache.hadoop.ozone.om.exceptions.OMException: Unable to get file status: volume: volume08867 bucket: bucket18921 key: level0
	at org.apache.hadoop.ozone.om.KeyManagerImpl.getOzoneFileStatus(KeyManagerImpl.java:1198) ~[ozone-manager-1.4.0-SNAPSHOT.jar:?]
	at org.apache.hadoop.ozone.om.KeyManagerImpl.getFileStatus(KeyManagerImpl.java:1116) ~[ozone-manager-1.4.0-SNAPSHOT.jar:?]
	at org.apache.hadoop.ozone.om.OmMetadataReader.getFileStatus(OmMetadataReader.java:266) ~[ozone-manager-1.4.0-SNAPSHOT.jar:?]
	at org.apache.hadoop.ozone.om.OzoneManager.getFileStatus(OzoneManager.java:3552) ~[ozone-manager-1.4.0-SNAPSHOT.jar:?]
	at org.apache.hadoop.ozone.protocolPB.OzoneManagerRequestHandler.getOzoneFileStatus(OzoneManagerRequestHandler.java:998) ~[ozone-manager-1.4.0-SNAPSHOT.jar:?]
	at org.apache.hadoop.ozone.protocolPB.OzoneManagerRequestHandler.handleReadRequest(OzoneManagerRequestHandler.java:259) ~[ozone-manager-1.4.0-SNAPSHOT.jar:?]
	at org.apache.hadoop.ozone.protocolPB.OzoneManagerProtocolServerSideTranslatorPB.submitRequestDirectlyToOM(OzoneManagerProtocolServerSideTranslatorPB.java:274) ~[ozone-manager-1.4.0-SNAPSHOT.jar:?]
	at org.apache.hadoop.ozone.protocolPB.OzoneManagerProtocolServerSideTranslatorPB.processRequest(OzoneManagerProtocolServerSideTranslatorPB.java:175) ~[ozone-manager-1.4.0-SNAPSHOT.jar:?]
	at org.apache.hadoop.hdds.server.OzoneProtocolMessageDispatcher.processRequest(OzoneProtocolMessageDispatcher.java:87) [hdds-server-framework-1.4.0-SNAPSHOT.jar:?]
	at org.apache.hadoop.ozone.protocolPB.OzoneManagerProtocolServerSideTranslatorPB.submitRequest(OzoneManagerProtocolServerSideTranslatorPB.java:148) [ozone-manager-1.4.0-SNAPSHOT.jar:?]
	at org.apache.hadoop.ozone.protocol.proto.OzoneManagerProtocolProtos$OzoneManagerService$2.callBlockingMethod(OzoneManagerProtocolProtos.java) [ozone-interface-client-1.4.0-SNAPSHOT.jar:?]
	at org.apache.hadoop.ipc.ProtobufRpcEngine$Server.processCall(ProtobufRpcEngine.java:484) [hadoop-common-3.3.6.jar:?]
	at org.apache.hadoop.ipc.ProtobufRpcEngine2$Server$ProtoBufRpcInvoker.call(ProtobufRpcEngine2.java:595) [hadoop-common-3.3.6.jar:?]
	at org.apache.hadoop.ipc.ProtobufRpcEngine2$Server$ProtoBufRpcInvoker.call(ProtobufRpcEngine2.java:573) [hadoop-common-3.3.6.jar:?]
	at org.apache.hadoop.ipc.RPC$Server.call(RPC.java:1227) [hadoop-common-3.3.6.jar:?]
	at org.apache.hadoop.ipc.Server$RpcCall.run(Server.java:1094) [hadoop-common-3.3.6.jar:?]
	at org.apache.hadoop.ipc.Server$RpcCall.run(Server.java:1017) [hadoop-common-3.3.6.jar:?]
	at java.security.AccessController.doPrivileged(Native Method) ~[?:1.8.0_382]
	at javax.security.auth.Subject.doAs(Subject.java:422) [?:1.8.0_382]
	at org.apache.hadoop.security.UserGroupInformation.doAs(UserGroupInformation.java:1899) [hadoop-common-3.3.6.jar:?]
	at org.apache.hadoop.ipc.Server$Handler.run(Server.java:3048) [hadoop-common-3.3.6.jar:?]
13:00:27.372 [IPC Server handler 13 on default port 15163] ERROR OMAudit - user=runner | ip=127.0.0.1 | op=GET_FILE_STATUS {volume=volume08867, bucket=bucket18921, key=level0/level1, dataSize=0, replicationConfig=null} | ret=FAILURE
org.apache.hadoop.ozone.om.exceptions.OMException: Unable to get file status: volume: volume08867 bucket: bucket18921 key: level0/level1
	at org.apache.hadoop.ozone.om.KeyManagerImpl.getOzoneFileStatus(KeyManagerImpl.java:1198) ~[ozone-manager-1.4.0-SNAPSHOT.jar:?]
	at org.apache.hadoop.ozone.om.KeyManagerImpl.getFileStatus(KeyManagerImpl.java:1116) ~[ozone-manager-1.4.0-SNAPSHOT.jar:?]
	at org.apache.hadoop.ozone.om.OmMetadataReader.getFileStatus(OmMetadataReader.java:266) ~[ozone-manager-1.4.0-SNAPSHOT.jar:?]
	at org.apache.hadoop.ozone.om.OzoneManager.getFileStatus(OzoneManager.java:3552) ~[ozone-manager-1.4.0-SNAPSHOT.jar:?]
	at org.apache.hadoop.ozone.protocolPB.OzoneManagerRequestHandler.getOzoneFileStatus(OzoneManagerRequestHandler.java:998) ~[ozone-manager-1.4.0-SNAPSHOT.jar:?]
	at org.apache.hadoop.ozone.protocolPB.OzoneManagerRequestHandler.handleReadRequest(OzoneManagerRequestHandler.java:259) ~[ozone-manager-1.4.0-SNAPSHOT.jar:?]
	at org.apache.hadoop.ozone.protocolPB.OzoneManagerProtocolServerSideTranslatorPB.submitRequestDirectlyToOM(OzoneManagerProtocolServerSideTranslatorPB.java:274) ~[ozone-manager-1.4.0-SNAPSHOT.jar:?]
	at org.apache.hadoop.ozone.protocolPB.OzoneManagerProtocolServerSideTranslatorPB.processRequest(OzoneManagerProtocolServerSideTranslatorPB.java:175) ~[ozone-manager-1.4.0-SNAPSHOT.jar:?]
	at org.apache.hadoop.hdds.server.OzoneProtocolMessageDispatcher.processRequest(OzoneProtocolMessageDispatcher.java:87) [hdds-server-framework-1.4.0-SNAPSHOT.jar:?]
	at org.apache.hadoop.ozone.protocolPB.OzoneManagerProtocolServerSideTranslatorPB.submitRequest(OzoneManagerProtocolServerSideTranslatorPB.java:148) [ozone-manager-1.4.0-SNAPSHOT.jar:?]
	at org.apache.hadoop.ozone.protocol.proto.OzoneManagerProtocolProtos$OzoneManagerService$2.callBlockingMethod(OzoneManagerProtocolProtos.java) [ozone-interface-client-1.4.0-SNAPSHOT.jar:?]
	at org.apache.hadoop.ipc.ProtobufRpcEngine$Server.processCall(ProtobufRpcEngine.java:484) [hadoop-common-3.3.6.jar:?]
	at org.apache.hadoop.ipc.ProtobufRpcEngine2$Server$ProtoBufRpcInvoker.call(ProtobufRpcEngine2.java:595) [hadoop-common-3.3.6.jar:?]
	at org.apache.hadoop.ipc.ProtobufRpcEngine2$Server$ProtoBufRpcInvoker.call(ProtobufRpcEngine2.java:573) [hadoop-common-3.3.6.jar:?]
	at org.apache.hadoop.ipc.RPC$Server.call(RPC.java:1227) [hadoop-common-3.3.6.jar:?]
	at org.apache.hadoop.ipc.Server$RpcCall.run(Server.java:1094) [hadoop-common-3.3.6.jar:?]
	at org.apache.hadoop.ipc.Server$RpcCall.run(Server.java:1017) [hadoop-common-3.3.6.jar:?]
	at java.security.AccessController.doPrivileged(Native Method) ~[?:1.8.0_382]
	at javax.security.auth.Subject.doAs(Subject.java:422) [?:1.8.0_382]
	at org.apache.hadoop.security.UserGroupInformation.doAs(UserGroupInformation.java:1899) [hadoop-common-3.3.6.jar:?]
	at org.apache.hadoop.ipc.Server$Handler.run(Server.java:3048) [hadoop-common-3.3.6.jar:?]
13:00:27.373 [IPC Server handler 14 on default port 15163] ERROR OMAudit - user=runner | ip=127.0.0.1 | op=GET_FILE_STATUS {volume=volume08867, bucket=bucket18921, key=level0/level1/level1, dataSize=0, replicationConfig=null} | ret=FAILURE
org.apache.hadoop.ozone.om.exceptions.OMException: Unable to get file status: volume: volume08867 bucket: bucket18921 key: level0/level1/level1
	at org.apache.hadoop.ozone.om.KeyManagerImpl.getOzoneFileStatus(KeyManagerImpl.java:1198) ~[ozone-manager-1.4.0-SNAPSHOT.jar:?]
	at org.apache.hadoop.ozone.om.KeyManagerImpl.getFileStatus(KeyManagerImpl.java:1116) ~[ozone-manager-1.4.0-SNAPSHOT.jar:?]
	at org.apache.hadoop.ozone.om.OmMetadataReader.getFileStatus(OmMetadataReader.java:266) ~[ozone-manager-1.4.0-SNAPSHOT.jar:?]
	at org.apache.hadoop.ozone.om.OzoneManager.getFileStatus(OzoneManager.java:3552) ~[ozone-manager-1.4.0-SNAPSHOT.jar:?]
	at org.apache.hadoop.ozone.protocolPB.OzoneManagerRequestHandler.getOzoneFileStatus(OzoneManagerRequestHandler.java:998) ~[ozone-manager-1.4.0-SNAPSHOT.jar:?]
	at org.apache.hadoop.ozone.protocolPB.OzoneManagerRequestHandler.handleReadRequest(OzoneManagerRequestHandler.java:259) ~[ozone-manager-1.4.0-SNAPSHOT.jar:?]
	at org.apache.hadoop.ozone.protocolPB.OzoneManagerProtocolServerSideTranslatorPB.submitRequestDirectlyToOM(OzoneManagerProtocolServerSideTranslatorPB.java:274) ~[ozone-manager-1.4.0-SNAPSHOT.jar:?]
	at org.apache.hadoop.ozone.protocolPB.OzoneManagerProtocolServerSideTranslatorPB.processRequest(OzoneManagerProtocolServerSideTranslatorPB.java:175) ~[ozone-manager-1.4.0-SNAPSHOT.jar:?]
	at org.apache.hadoop.hdds.server.OzoneProtocolMessageDispatcher.processRequest(OzoneProtocolMessageDispatcher.java:87) [hdds-server-framework-1.4.0-SNAPSHOT.jar:?]
	at org.apache.hadoop.ozone.protocolPB.OzoneManagerProtocolServerSideTranslatorPB.submitRequest(OzoneManagerProtocolServerSideTranslatorPB.java:148) [ozone-manager-1.4.0-SNAPSHOT.jar:?]
	at org.apache.hadoop.ozone.protocol.proto.OzoneManagerProtocolProtos$OzoneManagerService$2.callBlockingMethod(OzoneManagerProtocolProtos.java) [ozone-interface-client-1.4.0-SNAPSHOT.jar:?]
	at org.apache.hadoop.ipc.ProtobufRpcEngine$Server.processCall(ProtobufRpcEngine.java:484) [hadoop-common-3.3.6.jar:?]
	at org.apache.hadoop.ipc.ProtobufRpcEngine2$Server$ProtoBufRpcInvoker.call(ProtobufRpcEngine2.java:595) [hadoop-common-3.3.6.jar:?]
	at org.apache.hadoop.ipc.ProtobufRpcEngine2$Server$ProtoBufRpcInvoker.call(ProtobufRpcEngine2.java:573) [hadoop-common-3.3.6.jar:?]
	at org.apache.hadoop.ipc.RPC$Server.call(RPC.java:1227) [hadoop-common-3.3.6.jar:?]
	at org.apache.hadoop.ipc.Server$RpcCall.run(Server.java:1094) [hadoop-common-3.3.6.jar:?]
	at org.apache.hadoop.ipc.Server$RpcCall.run(Server.java:1017) [hadoop-common-3.3.6.jar:?]
	at java.security.AccessController.doPrivileged(Native Method) ~[?:1.8.0_382]
	at javax.security.auth.Subject.doAs(Subject.java:422) [?:1.8.0_382]
	at org.apache.hadoop.security.UserGroupInformation.doAs(UserGroupInformation.java:1899) [hadoop-common-3.3.6.jar:?]
	at org.apache.hadoop.ipc.Server$Handler.run(Server.java:3048) [hadoop-common-3.3.6.jar:?]
13:00:27.374 [IPC Server handler 15 on default port 15163] ERROR OMAudit - user=runner | ip=127.0.0.1 | op=GET_FILE_STATUS {volume=volume08867, bucket=bucket18921, key=level0/level1/file1, dataSize=0, replicationConfig=null} | ret=FAILURE
org.apache.hadoop.ozone.om.exceptions.OMException: Unable to get file status: volume: volume08867 bucket: bucket18921 key: level0/level1/file1
	at org.apache.hadoop.ozone.om.KeyManagerImpl.getOzoneFileStatus(KeyManagerImpl.java:1198) ~[ozone-manager-1.4.0-SNAPSHOT.jar:?]
	at org.apache.hadoop.ozone.om.KeyManagerImpl.getFileStatus(KeyManagerImpl.java:1116) ~[ozone-manager-1.4.0-SNAPSHOT.jar:?]
	at org.apache.hadoop.ozone.om.OmMetadataReader.getFileStatus(OmMetadataReader.java:266) ~[ozone-manager-1.4.0-SNAPSHOT.jar:?]
	at org.apache.hadoop.ozone.om.OzoneManager.getFileStatus(OzoneManager.java:3552) ~[ozone-manager-1.4.0-SNAPSHOT.jar:?]
	at org.apache.hadoop.ozone.protocolPB.OzoneManagerRequestHandler.getOzoneFileStatus(OzoneManagerRequestHandler.java:998) ~[ozone-manager-1.4.0-SNAPSHOT.jar:?]
	at org.apache.hadoop.ozone.protocolPB.OzoneManagerRequestHandler.handleReadRequest(OzoneManagerRequestHandler.java:259) ~[ozone-manager-1.4.0-SNAPSHOT.jar:?]
	at org.apache.hadoop.ozone.protocolPB.OzoneManagerProtocolServerSideTranslatorPB.submitRequestDirectlyToOM(OzoneManagerProtocolServerSideTranslatorPB.java:274) ~[ozone-manager-1.4.0-SNAPSHOT.jar:?]
	at org.apache.hadoop.ozone.protocolPB.OzoneManagerProtocolServerSideTranslatorPB.processRequest(OzoneManagerProtocolServerSideTranslatorPB.java:175) ~[ozone-manager-1.4.0-SNAPSHOT.jar:?]
	at org.apache.hadoop.hdds.server.OzoneProtocolMessageDispatcher.processRequest(OzoneProtocolMessageDispatcher.java:87) [hdds-server-framework-1.4.0-SNAPSHOT.jar:?]
	at org.apache.hadoop.ozone.protocolPB.OzoneManagerProtocolServerSideTranslatorPB.submitRequest(OzoneManagerProtocolServerSideTranslatorPB.java:148) [ozone-manager-1.4.0-SNAPSHOT.jar:?]
	at org.apache.hadoop.ozone.protocol.proto.OzoneManagerProtocolProtos$OzoneManagerService$2.callBlockingMethod(OzoneManagerProtocolProtos.java) [ozone-interface-client-1.4.0-SNAPSHOT.jar:?]
	at org.apache.hadoop.ipc.ProtobufRpcEngine$Server.processCall(ProtobufRpcEngine.java:484) [hadoop-common-3.3.6.jar:?]
	at org.apache.hadoop.ipc.ProtobufRpcEngine2$Server$ProtoBufRpcInvoker.call(ProtobufRpcEngine2.java:595) [hadoop-common-3.3.6.jar:?]
	at org.apache.hadoop.ipc.ProtobufRpcEngine2$Server$ProtoBufRpcInvoker.call(ProtobufRpcEngine2.java:573) [hadoop-common-3.3.6.jar:?]
	at org.apache.hadoop.ipc.RPC$Server.call(RPC.java:1227) [hadoop-common-3.3.6.jar:?]
	at org.apache.hadoop.ipc.Server$RpcCall.run(Server.java:1094) [hadoop-common-3.3.6.jar:?]
	at org.apache.hadoop.ipc.Server$RpcCall.run(Server.java:1017) [hadoop-common-3.3.6.jar:?]
	at java.security.AccessController.doPrivileged(Native Method) ~[?:1.8.0_382]
	at javax.security.auth.Subject.doAs(Subject.java:422) [?:1.8.0_382]
	at org.apache.hadoop.security.UserGroupInformation.doAs(UserGroupInformation.java:1899) [hadoop-common-3.3.6.jar:?]
	at org.apache.hadoop.ipc.Server$Handler.run(Server.java:3048) [hadoop-common-3.3.6.jar:?]
13:00:27.375 [IPC Server handler 16 on default port 15163] ERROR OMAudit - user=runner | ip=127.0.0.1 | op=GET_FILE_STATUS {volume=volume08867, bucket=bucket18921, key=level0/level1/level1/file1, dataSize=0, replicationConfig=null} | ret=FAILURE
org.apache.hadoop.ozone.om.exceptions.OMException: Unable to get file status: volume: volume08867 bucket: bucket18921 key: level0/level1/level1/file1
	at org.apache.hadoop.ozone.om.KeyManagerImpl.getOzoneFileStatus(KeyManagerImpl.java:1198) ~[ozone-manager-1.4.0-SNAPSHOT.jar:?]
	at org.apache.hadoop.ozone.om.KeyManagerImpl.getFileStatus(KeyManagerImpl.java:1116) ~[ozone-manager-1.4.0-SNAPSHOT.jar:?]
	at org.apache.hadoop.ozone.om.OmMetadataReader.getFileStatus(OmMetadataReader.java:266) ~[ozone-manager-1.4.0-SNAPSHOT.jar:?]
	at org.apache.hadoop.ozone.om.OzoneManager.getFileStatus(OzoneManager.java:3552) ~[ozone-manager-1.4.0-SNAPSHOT.jar:?]
	at org.apache.hadoop.ozone.protocolPB.OzoneManagerRequestHandler.getOzoneFileStatus(OzoneManagerRequestHandler.java:998) ~[ozone-manager-1.4.0-SNAPSHOT.jar:?]
	at org.apache.hadoop.ozone.protocolPB.OzoneManagerRequestHandler.handleReadRequest(OzoneManagerRequestHandler.java:259) ~[ozone-manager-1.4.0-SNAPSHOT.jar:?]
	at org.apache.hadoop.ozone.protocolPB.OzoneManagerProtocolServerSideTranslatorPB.submitRequestDirectlyToOM(OzoneManagerProtocolServerSideTranslatorPB.java:274) ~[ozone-manager-1.4.0-SNAPSHOT.jar:?]
	at org.apache.hadoop.ozone.protocolPB.OzoneManagerProtocolServerSideTranslatorPB.processRequest(OzoneManagerProtocolServerSideTranslatorPB.java:175) ~[ozone-manager-1.4.0-SNAPSHOT.jar:?]
	at org.apache.hadoop.hdds.server.OzoneProtocolMessageDispatcher.processRequest(OzoneProtocolMessageDispatcher.java:87) [hdds-server-framework-1.4.0-SNAPSHOT.jar:?]
	at org.apache.hadoop.ozone.protocolPB.OzoneManagerProtocolServerSideTranslatorPB.submitRequest(OzoneManagerProtocolServerSideTranslatorPB.java:148) [ozone-manager-1.4.0-SNAPSHOT.jar:?]
	at org.apache.hadoop.ozone.protocol.proto.OzoneManagerProtocolProtos$OzoneManagerService$2.callBlockingMethod(OzoneManagerProtocolProtos.java) [ozone-interface-client-1.4.0-SNAPSHOT.jar:?]
	at org.apache.hadoop.ipc.ProtobufRpcEngine$Server.processCall(ProtobufRpcEngine.java:484) [hadoop-common-3.3.6.jar:?]
	at org.apache.hadoop.ipc.ProtobufRpcEngine2$Server$ProtoBufRpcInvoker.call(ProtobufRpcEngine2.java:595) [hadoop-common-3.3.6.jar:?]
	at org.apache.hadoop.ipc.ProtobufRpcEngine2$Server$ProtoBufRpcInvoker.call(ProtobufRpcEngine2.java:573) [hadoop-common-3.3.6.jar:?]
	at org.apache.hadoop.ipc.RPC$Server.call(RPC.java:1227) [hadoop-common-3.3.6.jar:?]
	at org.apache.hadoop.ipc.Server$RpcCall.run(Server.java:1094) [hadoop-common-3.3.6.jar:?]
	at org.apache.hadoop.ipc.Server$RpcCall.run(Server.java:1017) [hadoop-common-3.3.6.jar:?]
	at java.security.AccessController.doPrivileged(Native Method) ~[?:1.8.0_382]
	at javax.security.auth.Subject.doAs(Subject.java:422) [?:1.8.0_382]
	at org.apache.hadoop.security.UserGroupInformation.doAs(UserGroupInformation.java:1899) [hadoop-common-3.3.6.jar:?]
	at org.apache.hadoop.ipc.Server$Handler.run(Server.java:3048) [hadoop-common-3.3.6.jar:?]
13:00:27.376 [IPC Server handler 18 on default port 15163] ERROR OMAudit - user=runner | ip=127.0.0.1 | op=GET_FILE_STATUS {volume=volume08867, bucket=bucket18921, key=level0/level2, dataSize=0, replicationConfig=null} | ret=FAILURE
org.apache.hadoop.ozone.om.exceptions.OMException: Unable to get file status: volume: volume08867 bucket: bucket18921 key: level0/level2
	at org.apache.hadoop.ozone.om.KeyManagerImpl.getOzoneFileStatus(KeyManagerImpl.java:1198) ~[ozone-manager-1.4.0-SNAPSHOT.jar:?]
	at org.apache.hadoop.ozone.om.KeyManagerImpl.getFileStatus(KeyManagerImpl.java:1116) ~[ozone-manager-1.4.0-SNAPSHOT.jar:?]
	at org.apache.hadoop.ozone.om.OmMetadataReader.getFileStatus(OmMetadataReader.java:266) ~[ozone-manager-1.4.0-SNAPSHOT.jar:?]
	at org.apache.hadoop.ozone.om.OzoneManager.getFileStatus(OzoneManager.java:3552) ~[ozone-manager-1.4.0-SNAPSHOT.jar:?]
	at org.apache.hadoop.ozone.protocolPB.OzoneManagerRequestHandler.getOzoneFileStatus(OzoneManagerRequestHandler.java:998) ~[ozone-manager-1.4.0-SNAPSHOT.jar:?]
	at org.apache.hadoop.ozone.protocolPB.OzoneManagerRequestHandler.handleReadRequest(OzoneManagerRequestHandler.java:259) ~[ozone-manager-1.4.0-SNAPSHOT.jar:?]
	at org.apache.hadoop.ozone.protocolPB.OzoneManagerProtocolServerSideTranslatorPB.submitRequestDirectlyToOM(OzoneManagerProtocolServerSideTranslatorPB.java:274) ~[ozone-manager-1.4.0-SNAPSHOT.jar:?]
	at org.apache.hadoop.ozone.protocolPB.OzoneManagerProtocolServerSideTranslatorPB.processRequest(OzoneManagerProtocolServerSideTranslatorPB.java:175) ~[ozone-manager-1.4.0-SNAPSHOT.jar:?]
	at org.apache.hadoop.hdds.server.OzoneProtocolMessageDispatcher.processRequest(OzoneProtocolMessageDispatcher.java:87) [hdds-server-framework-1.4.0-SNAPSHOT.jar:?]
	at org.apache.hadoop.ozone.protocolPB.OzoneManagerProtocolServerSideTranslatorPB.submitRequest(OzoneManagerProtocolServerSideTranslatorPB.java:148) [ozone-manager-1.4.0-SNAPSHOT.jar:?]
	at org.apache.hadoop.ozone.protocol.proto.OzoneManagerProtocolProtos$OzoneManagerService$2.callBlockingMethod(OzoneManagerProtocolProtos.java) [ozone-interface-client-1.4.0-SNAPSHOT.jar:?]
	at org.apache.hadoop.ipc.ProtobufRpcEngine$Server.processCall(ProtobufRpcEngine.java:484) [hadoop-common-3.3.6.jar:?]
	at org.apache.hadoop.ipc.ProtobufRpcEngine2$Server$ProtoBufRpcInvoker.call(ProtobufRpcEngine2.java:595) [hadoop-common-3.3.6.jar:?]
	at org.apache.hadoop.ipc.ProtobufRpcEngine2$Server$ProtoBufRpcInvoker.call(ProtobufRpcEngine2.java:573) [hadoop-common-3.3.6.jar:?]
	at org.apache.hadoop.ipc.RPC$Server.call(RPC.java:1227) [hadoop-common-3.3.6.jar:?]
	at org.apache.hadoop.ipc.Server$RpcCall.run(Server.java:1094) [hadoop-common-3.3.6.jar:?]
	at org.apache.hadoop.ipc.Server$RpcCall.run(Server.java:1017) [hadoop-common-3.3.6.jar:?]
	at java.security.AccessController.doPrivileged(Native Method) ~[?:1.8.0_382]
	at javax.security.auth.Subject.doAs(Subject.java:422) [?:1.8.0_382]
	at org.apache.hadoop.security.UserGroupInformation.doAs(UserGroupInformation.java:1899) [hadoop-common-3.3.6.jar:?]
	at org.apache.hadoop.ipc.Server$Handler.run(Server.java:3048) [hadoop-common-3.3.6.jar:?]
13:00:27.377 [IPC Server handler 17 on default port 15163] ERROR OMAudit - user=runner | ip=127.0.0.1 | op=GET_FILE_STATUS {volume=volume08867, bucket=bucket18921, key=level0/level2/level2, dataSize=0, replicationConfig=null} | ret=FAILURE
org.apache.hadoop.ozone.om.exceptions.OMException: Unable to get file status: volume: volume08867 bucket: bucket18921 key: level0/level2/level2
	at org.apache.hadoop.ozone.om.KeyManagerImpl.getOzoneFileStatus(KeyManagerImpl.java:1198) ~[ozone-manager-1.4.0-SNAPSHOT.jar:?]
	at org.apache.hadoop.ozone.om.KeyManagerImpl.getFileStatus(KeyManagerImpl.java:1116) ~[ozone-manager-1.4.0-SNAPSHOT.jar:?]
	at org.apache.hadoop.ozone.om.OmMetadataReader.getFileStatus(OmMetadataReader.java:266) ~[ozone-manager-1.4.0-SNAPSHOT.jar:?]
	at org.apache.hadoop.ozone.om.OzoneManager.getFileStatus(OzoneManager.java:3552) ~[ozone-manager-1.4.0-SNAPSHOT.jar:?]
	at org.apache.hadoop.ozone.protocolPB.OzoneManagerRequestHandler.getOzoneFileStatus(OzoneManagerRequestHandler.java:998) ~[ozone-manager-1.4.0-SNAPSHOT.jar:?]
	at org.apache.hadoop.ozone.protocolPB.OzoneManagerRequestHandler.handleReadRequest(OzoneManagerRequestHandler.java:259) ~[ozone-manager-1.4.0-SNAPSHOT.jar:?]
	at org.apache.hadoop.ozone.protocolPB.OzoneManagerProtocolServerSideTranslatorPB.submitRequestDirectlyToOM(OzoneManagerProtocolServerSideTranslatorPB.java:274) ~[ozone-manager-1.4.0-SNAPSHOT.jar:?]
	at org.apache.hadoop.ozone.protocolPB.OzoneManagerProtocolServerSideTranslatorPB.processRequest(OzoneManagerProtocolServerSideTranslatorPB.java:175) ~[ozone-manager-1.4.0-SNAPSHOT.jar:?]
	at org.apache.hadoop.hdds.server.OzoneProtocolMessageDispatcher.processRequest(OzoneProtocolMessageDispatcher.java:87) [hdds-server-framework-1.4.0-SNAPSHOT.jar:?]
	at org.apache.hadoop.ozone.protocolPB.OzoneManagerProtocolServerSideTranslatorPB.submitRequest(OzoneManagerProtocolServerSideTranslatorPB.java:148) [ozone-manager-1.4.0-SNAPSHOT.jar:?]
	at org.apache.hadoop.ozone.protocol.proto.OzoneManagerProtocolProtos$OzoneManagerService$2.callBlockingMethod(OzoneManagerProtocolProtos.java) [ozone-interface-client-1.4.0-SNAPSHOT.jar:?]
	at org.apache.hadoop.ipc.ProtobufRpcEngine$Server.processCall(ProtobufRpcEngine.java:484) [hadoop-common-3.3.6.jar:?]
	at org.apache.hadoop.ipc.ProtobufRpcEngine2$Server$ProtoBufRpcInvoker.call(ProtobufRpcEngine2.java:595) [hadoop-common-3.3.6.jar:?]
	at org.apache.hadoop.ipc.ProtobufRpcEngine2$Server$ProtoBufRpcInvoker.call(ProtobufRpcEngine2.java:573) [hadoop-common-3.3.6.jar:?]
	at org.apache.hadoop.ipc.RPC$Server.call(RPC.java:1227) [hadoop-common-3.3.6.jar:?]
	at org.apache.hadoop.ipc.Server$RpcCall.run(Server.java:1094) [hadoop-common-3.3.6.jar:?]
	at org.apache.hadoop.ipc.Server$RpcCall.run(Server.java:1017) [hadoop-common-3.3.6.jar:?]
	at java.security.AccessController.doPrivileged(Native Method) ~[?:1.8.0_382]
	at javax.security.auth.Subject.doAs(Subject.java:422) [?:1.8.0_382]
	at org.apache.hadoop.security.UserGroupInformation.doAs(UserGroupInformation.java:1899) [hadoop-common-3.3.6.jar:?]
	at org.apache.hadoop.ipc.Server$Handler.run(Server.java:3048) [hadoop-common-3.3.6.jar:?]
13:00:27.378 [IPC Server handler 0 on default port 15163] ERROR OMAudit - user=runner | ip=127.0.0.1 | op=GET_FILE_STATUS {volume=volume08867, bucket=bucket18921, key=level0/level2/file1, dataSize=0, replicationConfig=null} | ret=FAILURE
org.apache.hadoop.ozone.om.exceptions.OMException: Unable to get file status: volume: volume08867 bucket: bucket18921 key: level0/level2/file1
	at org.apache.hadoop.ozone.om.KeyManagerImpl.getOzoneFileStatus(KeyManagerImpl.java:1198) ~[ozone-manager-1.4.0-SNAPSHOT.jar:?]
	at org.apache.hadoop.ozone.om.KeyManagerImpl.getFileStatus(KeyManagerImpl.java:1116) ~[ozone-manager-1.4.0-SNAPSHOT.jar:?]
	at org.apache.hadoop.ozone.om.OmMetadataReader.getFileStatus(OmMetadataReader.java:266) ~[ozone-manager-1.4.0-SNAPSHOT.jar:?]
	at org.apache.hadoop.ozone.om.OzoneManager.getFileStatus(OzoneManager.java:3552) ~[ozone-manager-1.4.0-SNAPSHOT.jar:?]
	at org.apache.hadoop.ozone.protocolPB.OzoneManagerRequestHandler.getOzoneFileStatus(OzoneManagerRequestHandler.java:998) ~[ozone-manager-1.4.0-SNAPSHOT.jar:?]
	at org.apache.hadoop.ozone.protocolPB.OzoneManagerRequestHandler.handleReadRequest(OzoneManagerRequestHandler.java:259) ~[ozone-manager-1.4.0-SNAPSHOT.jar:?]
	at org.apache.hadoop.ozone.protocolPB.OzoneManagerProtocolServerSideTranslatorPB.submitRequestDirectlyToOM(OzoneManagerProtocolServerSideTranslatorPB.java:274) ~[ozone-manager-1.4.0-SNAPSHOT.jar:?]
	at org.apache.hadoop.ozone.protocolPB.OzoneManagerProtocolServerSideTranslatorPB.processRequest(OzoneManagerProtocolServerSideTranslatorPB.java:175) ~[ozone-manager-1.4.0-SNAPSHOT.jar:?]
	at org.apache.hadoop.hdds.server.OzoneProtocolMessageDispatcher.processRequest(OzoneProtocolMessageDispatcher.java:87) [hdds-server-framework-1.4.0-SNAPSHOT.jar:?]
	at org.apache.hadoop.ozone.protocolPB.OzoneManagerProtocolServerSideTranslatorPB.submitRequest(OzoneManagerProtocolServerSideTranslatorPB.java:148) [ozone-manager-1.4.0-SNAPSHOT.jar:?]
	at org.apache.hadoop.ozone.protocol.proto.OzoneManagerProtocolProtos$OzoneManagerService$2.callBlockingMethod(OzoneManagerProtocolProtos.java) [ozone-interface-client-1.4.0-SNAPSHOT.jar:?]
	at org.apache.hadoop.ipc.ProtobufRpcEngine$Server.processCall(ProtobufRpcEngine.java:484) [hadoop-common-3.3.6.jar:?]
	at org.apache.hadoop.ipc.ProtobufRpcEngine2$Server$ProtoBufRpcInvoker.call(ProtobufRpcEngine2.java:595) [hadoop-common-3.3.6.jar:?]
	at org.apache.hadoop.ipc.ProtobufRpcEngine2$Server$ProtoBufRpcInvoker.call(ProtobufRpcEngine2.java:573) [hadoop-common-3.3.6.jar:?]
	at org.apache.hadoop.ipc.RPC$Server.call(RPC.java:1227) [hadoop-common-3.3.6.jar:?]
	at org.apache.hadoop.ipc.Server$RpcCall.run(Server.java:1094) [hadoop-common-3.3.6.jar:?]
	at org.apache.hadoop.ipc.Server$RpcCall.run(Server.java:1017) [hadoop-common-3.3.6.jar:?]
	at java.security.AccessController.doPrivileged(Native Method) ~[?:1.8.0_382]
	at javax.security.auth.Subject.doAs(Subject.java:422) [?:1.8.0_382]
	at org.apache.hadoop.security.UserGroupInformation.doAs(UserGroupInformation.java:1899) [hadoop-common-3.3.6.jar:?]
	at org.apache.hadoop.ipc.Server$Handler.run(Server.java:3048) [hadoop-common-3.3.6.jar:?]
13:00:27.379 [IPC Server handler 1 on default port 15163] ERROR OMAudit - user=runner | ip=127.0.0.1 | op=GET_FILE_STATUS {volume=volume08867, bucket=bucket18921, key=level0/level2/level2/file1, dataSize=0, replicationConfig=null} | ret=FAILURE
org.apache.hadoop.ozone.om.exceptions.OMException: Unable to get file status: volume: volume08867 bucket: bucket18921 key: level0/level2/level2/file1
	at org.apache.hadoop.ozone.om.KeyManagerImpl.getOzoneFileStatus(KeyManagerImpl.java:1198) ~[ozone-manager-1.4.0-SNAPSHOT.jar:?]
	at org.apache.hadoop.ozone.om.KeyManagerImpl.getFileStatus(KeyManagerImpl.java:1116) ~[ozone-manager-1.4.0-SNAPSHOT.jar:?]
	at org.apache.hadoop.ozone.om.OmMetadataReader.getFileStatus(OmMetadataReader.java:266) ~[ozone-manager-1.4.0-SNAPSHOT.jar:?]
	at org.apache.hadoop.ozone.om.OzoneManager.getFileStatus(OzoneManager.java:3552) ~[ozone-manager-1.4.0-SNAPSHOT.jar:?]
	at org.apache.hadoop.ozone.protocolPB.OzoneManagerRequestHandler.getOzoneFileStatus(OzoneManagerRequestHandler.java:998) ~[ozone-manager-1.4.0-SNAPSHOT.jar:?]
	at org.apache.hadoop.ozone.protocolPB.OzoneManagerRequestHandler.handleReadRequest(OzoneManagerRequestHandler.java:259) ~[ozone-manager-1.4.0-SNAPSHOT.jar:?]
	at org.apache.hadoop.ozone.protocolPB.OzoneManagerProtocolServerSideTranslatorPB.submitRequestDirectlyToOM(OzoneManagerProtocolServerSideTranslatorPB.java:274) ~[ozone-manager-1.4.0-SNAPSHOT.jar:?]
	at org.apache.hadoop.ozone.protocolPB.OzoneManagerProtocolServerSideTranslatorPB.processRequest(OzoneManagerProtocolServerSideTranslatorPB.java:175) ~[ozone-manager-1.4.0-SNAPSHOT.jar:?]
	at org.apache.hadoop.hdds.server.OzoneProtocolMessageDispatcher.processRequest(OzoneProtocolMessageDispatcher.java:87) [hdds-server-framework-1.4.0-SNAPSHOT.jar:?]
	at org.apache.hadoop.ozone.protocolPB.OzoneManagerProtocolServerSideTranslatorPB.submitRequest(OzoneManagerProtocolServerSideTranslatorPB.java:148) [ozone-manager-1.4.0-SNAPSHOT.jar:?]
	at org.apache.hadoop.ozone.protocol.proto.OzoneManagerProtocolProtos$OzoneManagerService$2.callBlockingMethod(OzoneManagerProtocolProtos.java) [ozone-interface-client-1.4.0-SNAPSHOT.jar:?]
	at org.apache.hadoop.ipc.ProtobufRpcEngine$Server.processCall(ProtobufRpcEngine.java:484) [hadoop-common-3.3.6.jar:?]
	at org.apache.hadoop.ipc.ProtobufRpcEngine2$Server$ProtoBufRpcInvoker.call(ProtobufRpcEngine2.java:595) [hadoop-common-3.3.6.jar:?]
	at org.apache.hadoop.ipc.ProtobufRpcEngine2$Server$ProtoBufRpcInvoker.call(ProtobufRpcEngine2.java:573) [hadoop-common-3.3.6.jar:?]
	at org.apache.hadoop.ipc.RPC$Server.call(RPC.java:1227) [hadoop-common-3.3.6.jar:?]
	at org.apache.hadoop.ipc.Server$RpcCall.run(Server.java:1094) [hadoop-common-3.3.6.jar:?]
	at org.apache.hadoop.ipc.Server$RpcCall.run(Server.java:1017) [hadoop-common-3.3.6.jar:?]
	at java.security.AccessController.doPrivileged(Native Method) ~[?:1.8.0_382]
	at javax.security.auth.Subject.doAs(Subject.java:422) [?:1.8.0_382]
	at org.apache.hadoop.security.UserGroupInformation.doAs(UserGroupInformation.java:1899) [hadoop-common-3.3.6.jar:?]
	at org.apache.hadoop.ipc.Server$Handler.run(Server.java:3048) [hadoop-common-3.3.6.jar:?]
13:00:27.380 [IPC Server handler 19 on default port 15163] ERROR OMAudit - user=runner | ip=127.0.0.1 | op=GET_FILE_STATUS {volume=volume08867, bucket=bucket18921, key=level0/level3, dataSize=0, replicationConfig=null} | ret=FAILURE
org.apache.hadoop.ozone.om.exceptions.OMException: Unable to get file status: volume: volume08867 bucket: bucket18921 key: level0/level3
	at org.apache.hadoop.ozone.om.KeyManagerImpl.getOzoneFileStatus(KeyManagerImpl.java:1198) ~[ozone-manager-1.4.0-SNAPSHOT.jar:?]
	at org.apache.hadoop.ozone.om.KeyManagerImpl.getFileStatus(KeyManagerImpl.java:1116) ~[ozone-manager-1.4.0-SNAPSHOT.jar:?]
	at org.apache.hadoop.ozone.om.OmMetadataReader.getFileStatus(OmMetadataReader.java:266) ~[ozone-manager-1.4.0-SNAPSHOT.jar:?]
	at org.apache.hadoop.ozone.om.OzoneManager.getFileStatus(OzoneManager.java:3552) ~[ozone-manager-1.4.0-SNAPSHOT.jar:?]
	at org.apache.hadoop.ozone.protocolPB.OzoneManagerRequestHandler.getOzoneFileStatus(OzoneManagerRequestHandler.java:998) ~[ozone-manager-1.4.0-SNAPSHOT.jar:?]
	at org.apache.hadoop.ozone.protocolPB.OzoneManagerRequestHandler.handleReadRequest(OzoneManagerRequestHandler.java:259) ~[ozone-manager-1.4.0-SNAPSHOT.jar:?]
	at org.apache.hadoop.ozone.protocolPB.OzoneManagerProtocolServerSideTranslatorPB.submitRequestDirectlyToOM(OzoneManagerProtocolServerSideTranslatorPB.java:274) ~[ozone-manager-1.4.0-SNAPSHOT.jar:?]
	at org.apache.hadoop.ozone.protocolPB.OzoneManagerProtocolServerSideTranslatorPB.processRequest(OzoneManagerProtocolServerSideTranslatorPB.java:175) ~[ozone-manager-1.4.0-SNAPSHOT.jar:?]
	at org.apache.hadoop.hdds.server.OzoneProtocolMessageDispatcher.processRequest(OzoneProtocolMessageDispatcher.java:87) [hdds-server-framework-1.4.0-SNAPSHOT.jar:?]
	at org.apache.hadoop.ozone.protocolPB.OzoneManagerProtocolServerSideTranslatorPB.submitRequest(OzoneManagerProtocolServerSideTranslatorPB.java:148) [ozone-manager-1.4.0-SNAPSHOT.jar:?]
	at org.apache.hadoop.ozone.protocol.proto.OzoneManagerProtocolProtos$OzoneManagerService$2.callBlockingMethod(OzoneManagerProtocolProtos.java) [ozone-interface-client-1.4.0-SNAPSHOT.jar:?]
	at org.apache.hadoop.ipc.ProtobufRpcEngine$Server.processCall(ProtobufRpcEngine.java:484) [hadoop-common-3.3.6.jar:?]
	at org.apache.hadoop.ipc.ProtobufRpcEngine2$Server$ProtoBufRpcInvoker.call(ProtobufRpcEngine2.java:595) [hadoop-common-3.3.6.jar:?]
	at org.apache.hadoop.ipc.ProtobufRpcEngine2$Server$ProtoBufRpcInvoker.call(ProtobufRpcEngine2.java:573) [hadoop-common-3.3.6.jar:?]
	at org.apache.hadoop.ipc.RPC$Server.call(RPC.java:1227) [hadoop-common-3.3.6.jar:?]
	at org.apache.hadoop.ipc.Server$RpcCall.run(Server.java:1094) [hadoop-common-3.3.6.jar:?]
	at org.apache.hadoop.ipc.Server$RpcCall.run(Server.java:1017) [hadoop-common-3.3.6.jar:?]
	at java.security.AccessController.doPrivileged(Native Method) ~[?:1.8.0_382]
	at javax.security.auth.Subject.doAs(Subject.java:422) [?:1.8.0_382]
	at org.apache.hadoop.security.UserGroupInformation.doAs(UserGroupInformation.java:1899) [hadoop-common-3.3.6.jar:?]
	at org.apache.hadoop.ipc.Server$Handler.run(Server.java:3048) [hadoop-common-3.3.6.jar:?]
13:00:27.383 [IPC Server handler 5 on default port 15163] ERROR OMAudit - user=runner | ip=127.0.0.1 | op=GET_FILE_STATUS {volume=volume08867, bucket=bucket18921, key=level0/level3/level3, dataSize=0, replicationConfig=null} | ret=FAILURE
org.apache.hadoop.ozone.om.exceptions.OMException: Unable to get file status: volume: volume08867 bucket: bucket18921 key: level0/level3/level3
	at org.apache.hadoop.ozone.om.KeyManagerImpl.getOzoneFileStatus(KeyManagerImpl.java:1198) ~[ozone-manager-1.4.0-SNAPSHOT.jar:?]
	at org.apache.hadoop.ozone.om.KeyManagerImpl.getFileStatus(KeyManagerImpl.java:1116) ~[ozone-manager-1.4.0-SNAPSHOT.jar:?]
	at org.apache.hadoop.ozone.om.OmMetadataReader.getFileStatus(OmMetadataReader.java:266) ~[ozone-manager-1.4.0-SNAPSHOT.jar:?]
	at org.apache.hadoop.ozone.om.OzoneManager.getFileStatus(OzoneManager.java:3552) ~[ozone-manager-1.4.0-SNAPSHOT.jar:?]
	at org.apache.hadoop.ozone.protocolPB.OzoneManagerRequestHandler.getOzoneFileStatus(OzoneManagerRequestHandler.java:998) ~[ozone-manager-1.4.0-SNAPSHOT.jar:?]
	at org.apache.hadoop.ozone.protocolPB.OzoneManagerRequestHandler.handleReadRequest(OzoneManagerRequestHandler.java:259) ~[ozone-manager-1.4.0-SNAPSHOT.jar:?]
	at org.apache.hadoop.ozone.protocolPB.OzoneManagerProtocolServerSideTranslatorPB.submitRequestDirectlyToOM(OzoneManagerProtocolServerSideTranslatorPB.java:274) ~[ozone-manager-1.4.0-SNAPSHOT.jar:?]
	at org.apache.hadoop.ozone.protocolPB.OzoneManagerProtocolServerSideTranslatorPB.processRequest(OzoneManagerProtocolServerSideTranslatorPB.java:175) ~[ozone-manager-1.4.0-SNAPSHOT.jar:?]
	at org.apache.hadoop.hdds.server.OzoneProtocolMessageDispatcher.processRequest(OzoneProtocolMessageDispatcher.java:87) [hdds-server-framework-1.4.0-SNAPSHOT.jar:?]
	at org.apache.hadoop.ozone.protocolPB.OzoneManagerProtocolServerSideTranslatorPB.submitRequest(OzoneManagerProtocolServerSideTranslatorPB.java:148) [ozone-manager-1.4.0-SNAPSHOT.jar:?]
	at org.apache.hadoop.ozone.protocol.proto.OzoneManagerProtocolProtos$OzoneManagerService$2.callBlockingMethod(OzoneManagerProtocolProtos.java) [ozone-interface-client-1.4.0-SNAPSHOT.jar:?]
	at org.apache.hadoop.ipc.ProtobufRpcEngine$Server.processCall(ProtobufRpcEngine.java:484) [hadoop-common-3.3.6.jar:?]
	at org.apache.hadoop.ipc.ProtobufRpcEngine2$Server$ProtoBufRpcInvoker.call(ProtobufRpcEngine2.java:595) [hadoop-common-3.3.6.jar:?]
	at org.apache.hadoop.ipc.ProtobufRpcEngine2$Server$ProtoBufRpcInvoker.call(ProtobufRpcEngine2.java:573) [hadoop-common-3.3.6.jar:?]
	at org.apache.hadoop.ipc.RPC$Server.call(RPC.java:1227) [hadoop-common-3.3.6.jar:?]
	at org.apache.hadoop.ipc.Server$RpcCall.run(Server.java:1094) [hadoop-common-3.3.6.jar:?]
	at org.apache.hadoop.ipc.Server$RpcCall.run(Server.java:1017) [hadoop-common-3.3.6.jar:?]
	at java.security.AccessController.doPrivileged(Native Method) ~[?:1.8.0_382]
	at javax.security.auth.Subject.doAs(Subject.java:422) [?:1.8.0_382]
	at org.apache.hadoop.security.UserGroupInformation.doAs(UserGroupInformation.java:1899) [hadoop-common-3.3.6.jar:?]
	at org.apache.hadoop.ipc.Server$Handler.run(Server.java:3048) [hadoop-common-3.3.6.jar:?]
13:00:27.384 [IPC Server handler 3 on default port 15163] ERROR OMAudit - user=runner | ip=127.0.0.1 | op=GET_FILE_STATUS {volume=volume08867, bucket=bucket18921, key=level0/level3/file1, dataSize=0, replicationConfig=null} | ret=FAILURE
org.apache.hadoop.ozone.om.exceptions.OMException: Unable to get file status: volume: volume08867 bucket: bucket18921 key: level0/level3/file1
	at org.apache.hadoop.ozone.om.KeyManagerImpl.getOzoneFileStatus(KeyManagerImpl.java:1198) ~[ozone-manager-1.4.0-SNAPSHOT.jar:?]
	at org.apache.hadoop.ozone.om.KeyManagerImpl.getFileStatus(KeyManagerImpl.java:1116) ~[ozone-manager-1.4.0-SNAPSHOT.jar:?]
	at org.apache.hadoop.ozone.om.OmMetadataReader.getFileStatus(OmMetadataReader.java:266) ~[ozone-manager-1.4.0-SNAPSHOT.jar:?]
	at org.apache.hadoop.ozone.om.OzoneManager.getFileStatus(OzoneManager.java:3552) ~[ozone-manager-1.4.0-SNAPSHOT.jar:?]
	at org.apache.hadoop.ozone.protocolPB.OzoneManagerRequestHandler.getOzoneFileStatus(OzoneManagerRequestHandler.java:998) ~[ozone-manager-1.4.0-SNAPSHOT.jar:?]
	at org.apache.hadoop.ozone.protocolPB.OzoneManagerRequestHandler.handleReadRequest(OzoneManagerRequestHandler.java:259) ~[ozone-manager-1.4.0-SNAPSHOT.jar:?]
	at org.apache.hadoop.ozone.protocolPB.OzoneManagerProtocolServerSideTranslatorPB.submitRequestDirectlyToOM(OzoneManagerProtocolServerSideTranslatorPB.java:274) ~[ozone-manager-1.4.0-SNAPSHOT.jar:?]
	at org.apache.hadoop.ozone.protocolPB.OzoneManagerProtocolServerSideTranslatorPB.processRequest(OzoneManagerProtocolServerSideTranslatorPB.java:175) ~[ozone-manager-1.4.0-SNAPSHOT.jar:?]
	at org.apache.hadoop.hdds.server.OzoneProtocolMessageDispatcher.processRequest(OzoneProtocolMessageDispatcher.java:87) [hdds-server-framework-1.4.0-SNAPSHOT.jar:?]
	at org.apache.hadoop.ozone.protocolPB.OzoneManagerProtocolServerSideTranslatorPB.submitRequest(OzoneManagerProtocolServerSideTranslatorPB.java:148) [ozone-manager-1.4.0-SNAPSHOT.jar:?]
	at org.apache.hadoop.ozone.protocol.proto.OzoneManagerProtocolProtos$OzoneManagerService$2.callBlockingMethod(OzoneManagerProtocolProtos.java) [ozone-interface-client-1.4.0-SNAPSHOT.jar:?]
	at org.apache.hadoop.ipc.ProtobufRpcEngine$Server.processCall(ProtobufRpcEngine.java:484) [hadoop-common-3.3.6.jar:?]
	at org.apache.hadoop.ipc.ProtobufRpcEngine2$Server$ProtoBufRpcInvoker.call(ProtobufRpcEngine2.java:595) [hadoop-common-3.3.6.jar:?]
	at org.apache.hadoop.ipc.ProtobufRpcEngine2$Server$ProtoBufRpcInvoker.call(ProtobufRpcEngine2.java:573) [hadoop-common-3.3.6.jar:?]
	at org.apache.hadoop.ipc.RPC$Server.call(RPC.java:1227) [hadoop-common-3.3.6.jar:?]
	at org.apache.hadoop.ipc.Server$RpcCall.run(Server.java:1094) [hadoop-common-3.3.6.jar:?]
	at org.apache.hadoop.ipc.Server$RpcCall.run(Server.java:1017) [hadoop-common-3.3.6.jar:?]
	at java.security.AccessController.doPrivileged(Native Method) ~[?:1.8.0_382]
	at javax.security.auth.Subject.doAs(Subject.java:422) [?:1.8.0_382]
	at org.apache.hadoop.security.UserGroupInformation.doAs(UserGroupInformation.java:1899) [hadoop-common-3.3.6.jar:?]
	at org.apache.hadoop.ipc.Server$Handler.run(Server.java:3048) [hadoop-common-3.3.6.jar:?]
13:00:27.385 [IPC Server handler 7 on default port 15163] ERROR OMAudit - user=runner | ip=127.0.0.1 | op=GET_FILE_STATUS {volume=volume08867, bucket=bucket18921, key=level0/level3/level3/file1, dataSize=0, replicationConfig=null} | ret=FAILURE
org.apache.hadoop.ozone.om.exceptions.OMException: Unable to get file status: volume: volume08867 bucket: bucket18921 key: level0/level3/level3/file1
	at org.apache.hadoop.ozone.om.KeyManagerImpl.getOzoneFileStatus(KeyManagerImpl.java:1198) ~[ozone-manager-1.4.0-SNAPSHOT.jar:?]
	at org.apache.hadoop.ozone.om.KeyManagerImpl.getFileStatus(KeyManagerImpl.java:1116) ~[ozone-manager-1.4.0-SNAPSHOT.jar:?]
	at org.apache.hadoop.ozone.om.OmMetadataReader.getFileStatus(OmMetadataReader.java:266) ~[ozone-manager-1.4.0-SNAPSHOT.jar:?]
	at org.apache.hadoop.ozone.om.OzoneManager.getFileStatus(OzoneManager.java:3552) ~[ozone-manager-1.4.0-SNAPSHOT.jar:?]
	at org.apache.hadoop.ozone.protocolPB.OzoneManagerRequestHandler.getOzoneFileStatus(OzoneManagerRequestHandler.java:998) ~[ozone-manager-1.4.0-SNAPSHOT.jar:?]
	at org.apache.hadoop.ozone.protocolPB.OzoneManagerRequestHandler.handleReadRequest(OzoneManagerRequestHandler.java:259) ~[ozone-manager-1.4.0-SNAPSHOT.jar:?]
	at org.apache.hadoop.ozone.protocolPB.OzoneManagerProtocolServerSideTranslatorPB.submitRequestDirectlyToOM(OzoneManagerProtocolServerSideTranslatorPB.java:274) ~[ozone-manager-1.4.0-SNAPSHOT.jar:?]
	at org.apache.hadoop.ozone.protocolPB.OzoneManagerProtocolServerSideTranslatorPB.processRequest(OzoneManagerProtocolServerSideTranslatorPB.java:175) ~[ozone-manager-1.4.0-SNAPSHOT.jar:?]
	at org.apache.hadoop.hdds.server.OzoneProtocolMessageDispatcher.processRequest(OzoneProtocolMessageDispatcher.java:87) [hdds-server-framework-1.4.0-SNAPSHOT.jar:?]
	at org.apache.hadoop.ozone.protocolPB.OzoneManagerProtocolServerSideTranslatorPB.submitRequest(OzoneManagerProtocolServerSideTranslatorPB.java:148) [ozone-manager-1.4.0-SNAPSHOT.jar:?]
	at org.apache.hadoop.ozone.protocol.proto.OzoneManagerProtocolProtos$OzoneManagerService$2.callBlockingMethod(OzoneManagerProtocolProtos.java) [ozone-interface-client-1.4.0-SNAPSHOT.jar:?]
	at org.apache.hadoop.ipc.ProtobufRpcEngine$Server.processCall(ProtobufRpcEngine.java:484) [hadoop-common-3.3.6.jar:?]
	at org.apache.hadoop.ipc.ProtobufRpcEngine2$Server$ProtoBufRpcInvoker.call(ProtobufRpcEngine2.java:595) [hadoop-common-3.3.6.jar:?]
	at org.apache.hadoop.ipc.ProtobufRpcEngine2$Server$ProtoBufRpcInvoker.call(ProtobufRpcEngine2.java:573) [hadoop-common-3.3.6.jar:?]
	at org.apache.hadoop.ipc.RPC$Server.call(RPC.java:1227) [hadoop-common-3.3.6.jar:?]
	at org.apache.hadoop.ipc.Server$RpcCall.run(Server.java:1094) [hadoop-common-3.3.6.jar:?]
	at org.apache.hadoop.ipc.Server$RpcCall.run(Server.java:1017) [hadoop-common-3.3.6.jar:?]
	at java.security.AccessController.doPrivileged(Native Method) ~[?:1.8.0_382]
	at javax.security.auth.Subject.doAs(Subject.java:422) [?:1.8.0_382]
	at org.apache.hadoop.security.UserGroupInformation.doAs(UserGroupInformation.java:1899) [hadoop-common-3.3.6.jar:?]
	at org.apache.hadoop.ipc.Server$Handler.run(Server.java:3048) [hadoop-common-3.3.6.jar:?]
]]></system-out>
  </testcase>
  <testcase name="testGetTrashRoots" classname="TestOzoneFileSystem" time="0.079">
    <system-out><![CDATA[12:56:07.011 [IPC Server handler 19 on default port 15004] ERROR OMAudit - user=runner | ip=127.0.0.1 | op=GET_FILE_STATUS {volume=volume53983, bucket=bucket27347, key=.Trash/runner, dataSize=0, replicationConfig=null} | ret=FAILURE
org.apache.hadoop.ozone.om.exceptions.OMException: Unable to get file status: volume: volume53983 bucket: bucket27347 key: .Trash/runner
	at org.apache.hadoop.ozone.om.KeyManagerImpl.getOzoneFileStatus(KeyManagerImpl.java:1198) ~[ozone-manager-1.4.0-SNAPSHOT.jar:?]
	at org.apache.hadoop.ozone.om.KeyManagerImpl.getFileStatus(KeyManagerImpl.java:1116) ~[ozone-manager-1.4.0-SNAPSHOT.jar:?]
	at org.apache.hadoop.ozone.om.OmMetadataReader.getFileStatus(OmMetadataReader.java:266) ~[ozone-manager-1.4.0-SNAPSHOT.jar:?]
	at org.apache.hadoop.ozone.om.OzoneManager.getFileStatus(OzoneManager.java:3552) ~[ozone-manager-1.4.0-SNAPSHOT.jar:?]
	at org.apache.hadoop.ozone.protocolPB.OzoneManagerRequestHandler.getOzoneFileStatus(OzoneManagerRequestHandler.java:998) ~[ozone-manager-1.4.0-SNAPSHOT.jar:?]
	at org.apache.hadoop.ozone.protocolPB.OzoneManagerRequestHandler.handleReadRequest(OzoneManagerRequestHandler.java:259) ~[ozone-manager-1.4.0-SNAPSHOT.jar:?]
	at org.apache.hadoop.ozone.protocolPB.OzoneManagerProtocolServerSideTranslatorPB.submitReadRequestToOM(OzoneManagerProtocolServerSideTranslatorPB.java:225) ~[ozone-manager-1.4.0-SNAPSHOT.jar:?]
	at org.apache.hadoop.ozone.protocolPB.OzoneManagerProtocolServerSideTranslatorPB.processRequest(OzoneManagerProtocolServerSideTranslatorPB.java:179) ~[ozone-manager-1.4.0-SNAPSHOT.jar:?]
	at org.apache.hadoop.hdds.server.OzoneProtocolMessageDispatcher.processRequest(OzoneProtocolMessageDispatcher.java:87) [hdds-server-framework-1.4.0-SNAPSHOT.jar:?]
	at org.apache.hadoop.ozone.protocolPB.OzoneManagerProtocolServerSideTranslatorPB.submitRequest(OzoneManagerProtocolServerSideTranslatorPB.java:148) [ozone-manager-1.4.0-SNAPSHOT.jar:?]
	at org.apache.hadoop.ozone.protocol.proto.OzoneManagerProtocolProtos$OzoneManagerService$2.callBlockingMethod(OzoneManagerProtocolProtos.java) [ozone-interface-client-1.4.0-SNAPSHOT.jar:?]
	at org.apache.hadoop.ipc.ProtobufRpcEngine$Server.processCall(ProtobufRpcEngine.java:484) [hadoop-common-3.3.6.jar:?]
	at org.apache.hadoop.ipc.ProtobufRpcEngine2$Server$ProtoBufRpcInvoker.call(ProtobufRpcEngine2.java:595) [hadoop-common-3.3.6.jar:?]
	at org.apache.hadoop.ipc.ProtobufRpcEngine2$Server$ProtoBufRpcInvoker.call(ProtobufRpcEngine2.java:573) [hadoop-common-3.3.6.jar:?]
	at org.apache.hadoop.ipc.RPC$Server.call(RPC.java:1227) [hadoop-common-3.3.6.jar:?]
	at org.apache.hadoop.ipc.Server$RpcCall.run(Server.java:1094) [hadoop-common-3.3.6.jar:?]
	at org.apache.hadoop.ipc.Server$RpcCall.run(Server.java:1017) [hadoop-common-3.3.6.jar:?]
	at java.security.AccessController.doPrivileged(Native Method) ~[?:1.8.0_382]
	at javax.security.auth.Subject.doAs(Subject.java:422) [?:1.8.0_382]
	at org.apache.hadoop.security.UserGroupInformation.doAs(UserGroupInformation.java:1899) [hadoop-common-3.3.6.jar:?]
	at org.apache.hadoop.ipc.Server$Handler.run(Server.java:3048) [hadoop-common-3.3.6.jar:?]
]]></system-out>
  </testcase>
  <testcase name="testGetTrashRoots" classname="TestOzoneFileSystem" time="0.036">
    <system-out><![CDATA[12:57:39.512 [IPC Server handler 1 on default port 15057] ERROR OMAudit - user=runner | ip=127.0.0.1 | op=GET_FILE_STATUS {volume=volume37469, bucket=bucket23551, key=.Trash/runner, dataSize=0, replicationConfig=null} | ret=FAILURE
org.apache.hadoop.ozone.om.exceptions.OMException: Unable to get file status: volume: volume37469 bucket: bucket23551 key: .Trash/runner
	at org.apache.hadoop.ozone.om.KeyManagerImpl.getOzoneFileStatus(KeyManagerImpl.java:1198) ~[ozone-manager-1.4.0-SNAPSHOT.jar:?]
	at org.apache.hadoop.ozone.om.KeyManagerImpl.getFileStatus(KeyManagerImpl.java:1116) ~[ozone-manager-1.4.0-SNAPSHOT.jar:?]
	at org.apache.hadoop.ozone.om.OmMetadataReader.getFileStatus(OmMetadataReader.java:266) ~[ozone-manager-1.4.0-SNAPSHOT.jar:?]
	at org.apache.hadoop.ozone.om.OzoneManager.getFileStatus(OzoneManager.java:3552) ~[ozone-manager-1.4.0-SNAPSHOT.jar:?]
	at org.apache.hadoop.ozone.protocolPB.OzoneManagerRequestHandler.getOzoneFileStatus(OzoneManagerRequestHandler.java:998) ~[ozone-manager-1.4.0-SNAPSHOT.jar:?]
	at org.apache.hadoop.ozone.protocolPB.OzoneManagerRequestHandler.handleReadRequest(OzoneManagerRequestHandler.java:259) ~[ozone-manager-1.4.0-SNAPSHOT.jar:?]
	at org.apache.hadoop.ozone.protocolPB.OzoneManagerProtocolServerSideTranslatorPB.submitRequestDirectlyToOM(OzoneManagerProtocolServerSideTranslatorPB.java:274) ~[ozone-manager-1.4.0-SNAPSHOT.jar:?]
	at org.apache.hadoop.ozone.protocolPB.OzoneManagerProtocolServerSideTranslatorPB.processRequest(OzoneManagerProtocolServerSideTranslatorPB.java:175) ~[ozone-manager-1.4.0-SNAPSHOT.jar:?]
	at org.apache.hadoop.hdds.server.OzoneProtocolMessageDispatcher.processRequest(OzoneProtocolMessageDispatcher.java:87) [hdds-server-framework-1.4.0-SNAPSHOT.jar:?]
	at org.apache.hadoop.ozone.protocolPB.OzoneManagerProtocolServerSideTranslatorPB.submitRequest(OzoneManagerProtocolServerSideTranslatorPB.java:148) [ozone-manager-1.4.0-SNAPSHOT.jar:?]
	at org.apache.hadoop.ozone.protocol.proto.OzoneManagerProtocolProtos$OzoneManagerService$2.callBlockingMethod(OzoneManagerProtocolProtos.java) [ozone-interface-client-1.4.0-SNAPSHOT.jar:?]
	at org.apache.hadoop.ipc.ProtobufRpcEngine$Server.processCall(ProtobufRpcEngine.java:484) [hadoop-common-3.3.6.jar:?]
	at org.apache.hadoop.ipc.ProtobufRpcEngine2$Server$ProtoBufRpcInvoker.call(ProtobufRpcEngine2.java:595) [hadoop-common-3.3.6.jar:?]
	at org.apache.hadoop.ipc.ProtobufRpcEngine2$Server$ProtoBufRpcInvoker.call(ProtobufRpcEngine2.java:573) [hadoop-common-3.3.6.jar:?]
	at org.apache.hadoop.ipc.RPC$Server.call(RPC.java:1227) [hadoop-common-3.3.6.jar:?]
	at org.apache.hadoop.ipc.Server$RpcCall.run(Server.java:1094) [hadoop-common-3.3.6.jar:?]
	at org.apache.hadoop.ipc.Server$RpcCall.run(Server.java:1017) [hadoop-common-3.3.6.jar:?]
	at java.security.AccessController.doPrivileged(Native Method) ~[?:1.8.0_382]
	at javax.security.auth.Subject.doAs(Subject.java:422) [?:1.8.0_382]
	at org.apache.hadoop.security.UserGroupInformation.doAs(UserGroupInformation.java:1899) [hadoop-common-3.3.6.jar:?]
	at org.apache.hadoop.ipc.Server$Handler.run(Server.java:3048) [hadoop-common-3.3.6.jar:?]
]]></system-out>
  </testcase>
  <testcase name="testGetTrashRoots" classname="TestOzoneFileSystem" time="0.043">
    <system-out><![CDATA[12:58:54.523 [IPC Server handler 16 on default port 15110] ERROR OMAudit - user=runner | ip=127.0.0.1 | op=GET_FILE_STATUS {volume=volume13657, bucket=bucket40110, key=.Trash/runner, dataSize=0, replicationConfig=null} | ret=FAILURE
org.apache.hadoop.ozone.om.exceptions.OMException: Unable to get file status: volume: volume13657 bucket: bucket40110 key: .Trash/runner
	at org.apache.hadoop.ozone.om.KeyManagerImpl.getOzoneFileStatus(KeyManagerImpl.java:1198) ~[ozone-manager-1.4.0-SNAPSHOT.jar:?]
	at org.apache.hadoop.ozone.om.KeyManagerImpl.getFileStatus(KeyManagerImpl.java:1116) ~[ozone-manager-1.4.0-SNAPSHOT.jar:?]
	at org.apache.hadoop.ozone.om.OmMetadataReader.getFileStatus(OmMetadataReader.java:266) ~[ozone-manager-1.4.0-SNAPSHOT.jar:?]
	at org.apache.hadoop.ozone.om.OzoneManager.getFileStatus(OzoneManager.java:3552) ~[ozone-manager-1.4.0-SNAPSHOT.jar:?]
	at org.apache.hadoop.ozone.protocolPB.OzoneManagerRequestHandler.getOzoneFileStatus(OzoneManagerRequestHandler.java:998) ~[ozone-manager-1.4.0-SNAPSHOT.jar:?]
	at org.apache.hadoop.ozone.protocolPB.OzoneManagerRequestHandler.handleReadRequest(OzoneManagerRequestHandler.java:259) ~[ozone-manager-1.4.0-SNAPSHOT.jar:?]
	at org.apache.hadoop.ozone.protocolPB.OzoneManagerProtocolServerSideTranslatorPB.submitReadRequestToOM(OzoneManagerProtocolServerSideTranslatorPB.java:225) ~[ozone-manager-1.4.0-SNAPSHOT.jar:?]
	at org.apache.hadoop.ozone.protocolPB.OzoneManagerProtocolServerSideTranslatorPB.processRequest(OzoneManagerProtocolServerSideTranslatorPB.java:179) ~[ozone-manager-1.4.0-SNAPSHOT.jar:?]
	at org.apache.hadoop.hdds.server.OzoneProtocolMessageDispatcher.processRequest(OzoneProtocolMessageDispatcher.java:87) [hdds-server-framework-1.4.0-SNAPSHOT.jar:?]
	at org.apache.hadoop.ozone.protocolPB.OzoneManagerProtocolServerSideTranslatorPB.submitRequest(OzoneManagerProtocolServerSideTranslatorPB.java:148) [ozone-manager-1.4.0-SNAPSHOT.jar:?]
	at org.apache.hadoop.ozone.protocol.proto.OzoneManagerProtocolProtos$OzoneManagerService$2.callBlockingMethod(OzoneManagerProtocolProtos.java) [ozone-interface-client-1.4.0-SNAPSHOT.jar:?]
	at org.apache.hadoop.ipc.ProtobufRpcEngine$Server.processCall(ProtobufRpcEngine.java:484) [hadoop-common-3.3.6.jar:?]
	at org.apache.hadoop.ipc.ProtobufRpcEngine2$Server$ProtoBufRpcInvoker.call(ProtobufRpcEngine2.java:595) [hadoop-common-3.3.6.jar:?]
	at org.apache.hadoop.ipc.ProtobufRpcEngine2$Server$ProtoBufRpcInvoker.call(ProtobufRpcEngine2.java:573) [hadoop-common-3.3.6.jar:?]
	at org.apache.hadoop.ipc.RPC$Server.call(RPC.java:1227) [hadoop-common-3.3.6.jar:?]
	at org.apache.hadoop.ipc.Server$RpcCall.run(Server.java:1094) [hadoop-common-3.3.6.jar:?]
	at org.apache.hadoop.ipc.Server$RpcCall.run(Server.java:1017) [hadoop-common-3.3.6.jar:?]
	at java.security.AccessController.doPrivileged(Native Method) ~[?:1.8.0_382]
	at javax.security.auth.Subject.doAs(Subject.java:422) [?:1.8.0_382]
	at org.apache.hadoop.security.UserGroupInformation.doAs(UserGroupInformation.java:1899) [hadoop-common-3.3.6.jar:?]
	at org.apache.hadoop.ipc.Server$Handler.run(Server.java:3048) [hadoop-common-3.3.6.jar:?]
]]></system-out>
  </testcase>
  <testcase name="testGetTrashRoots" classname="TestOzoneFileSystem" time="0.031">
    <system-out><![CDATA[13:00:27.388 [IPC Server handler 4 on default port 15163] ERROR OMAudit - user=runner | ip=127.0.0.1 | op=GET_FILE_STATUS {volume=volume08867, bucket=bucket18921, key=.Trash/runner, dataSize=0, replicationConfig=null} | ret=FAILURE
org.apache.hadoop.ozone.om.exceptions.OMException: Unable to get file status: volume: volume08867 bucket: bucket18921 key: .Trash/runner
	at org.apache.hadoop.ozone.om.KeyManagerImpl.getOzoneFileStatus(KeyManagerImpl.java:1198) ~[ozone-manager-1.4.0-SNAPSHOT.jar:?]
	at org.apache.hadoop.ozone.om.KeyManagerImpl.getFileStatus(KeyManagerImpl.java:1116) ~[ozone-manager-1.4.0-SNAPSHOT.jar:?]
	at org.apache.hadoop.ozone.om.OmMetadataReader.getFileStatus(OmMetadataReader.java:266) ~[ozone-manager-1.4.0-SNAPSHOT.jar:?]
	at org.apache.hadoop.ozone.om.OzoneManager.getFileStatus(OzoneManager.java:3552) ~[ozone-manager-1.4.0-SNAPSHOT.jar:?]
	at org.apache.hadoop.ozone.protocolPB.OzoneManagerRequestHandler.getOzoneFileStatus(OzoneManagerRequestHandler.java:998) ~[ozone-manager-1.4.0-SNAPSHOT.jar:?]
	at org.apache.hadoop.ozone.protocolPB.OzoneManagerRequestHandler.handleReadRequest(OzoneManagerRequestHandler.java:259) ~[ozone-manager-1.4.0-SNAPSHOT.jar:?]
	at org.apache.hadoop.ozone.protocolPB.OzoneManagerProtocolServerSideTranslatorPB.submitRequestDirectlyToOM(OzoneManagerProtocolServerSideTranslatorPB.java:274) ~[ozone-manager-1.4.0-SNAPSHOT.jar:?]
	at org.apache.hadoop.ozone.protocolPB.OzoneManagerProtocolServerSideTranslatorPB.processRequest(OzoneManagerProtocolServerSideTranslatorPB.java:175) ~[ozone-manager-1.4.0-SNAPSHOT.jar:?]
	at org.apache.hadoop.hdds.server.OzoneProtocolMessageDispatcher.processRequest(OzoneProtocolMessageDispatcher.java:87) [hdds-server-framework-1.4.0-SNAPSHOT.jar:?]
	at org.apache.hadoop.ozone.protocolPB.OzoneManagerProtocolServerSideTranslatorPB.submitRequest(OzoneManagerProtocolServerSideTranslatorPB.java:148) [ozone-manager-1.4.0-SNAPSHOT.jar:?]
	at org.apache.hadoop.ozone.protocol.proto.OzoneManagerProtocolProtos$OzoneManagerService$2.callBlockingMethod(OzoneManagerProtocolProtos.java) [ozone-interface-client-1.4.0-SNAPSHOT.jar:?]
	at org.apache.hadoop.ipc.ProtobufRpcEngine$Server.processCall(ProtobufRpcEngine.java:484) [hadoop-common-3.3.6.jar:?]
	at org.apache.hadoop.ipc.ProtobufRpcEngine2$Server$ProtoBufRpcInvoker.call(ProtobufRpcEngine2.java:595) [hadoop-common-3.3.6.jar:?]
	at org.apache.hadoop.ipc.ProtobufRpcEngine2$Server$ProtoBufRpcInvoker.call(ProtobufRpcEngine2.java:573) [hadoop-common-3.3.6.jar:?]
	at org.apache.hadoop.ipc.RPC$Server.call(RPC.java:1227) [hadoop-common-3.3.6.jar:?]
	at org.apache.hadoop.ipc.Server$RpcCall.run(Server.java:1094) [hadoop-common-3.3.6.jar:?]
	at org.apache.hadoop.ipc.Server$RpcCall.run(Server.java:1017) [hadoop-common-3.3.6.jar:?]
	at java.security.AccessController.doPrivileged(Native Method) ~[?:1.8.0_382]
	at javax.security.auth.Subject.doAs(Subject.java:422) [?:1.8.0_382]
	at org.apache.hadoop.security.UserGroupInformation.doAs(UserGroupInformation.java:1899) [hadoop-common-3.3.6.jar:?]
	at org.apache.hadoop.ipc.Server$Handler.run(Server.java:3048) [hadoop-common-3.3.6.jar:?]
]]></system-out>
  </testcase>
  <testcase name="testCreateDoesNotAddParentDirKeys" classname="TestOzoneFileSystem" time="0.048">
    <system-out><![CDATA[12:56:07.115 [IPC Server handler 11 on default port 15004] ERROR OMAudit - user=runner | ip=127.0.0.1 | op=READ_KEY {volume=volume53983, bucket=bucket27347, key=testCreateDoesNotAddParentDirKeys/parent/, dataSize=0, replicationConfig=null} | ret=FAILURE
org.apache.hadoop.ozone.om.exceptions.OMException: Key:testCreateDoesNotAddParentDirKeys/parent not found
	at org.apache.hadoop.ozone.om.KeyManagerImpl.readKeyInfo(KeyManagerImpl.java:428) ~[ozone-manager-1.4.0-SNAPSHOT.jar:?]
	at org.apache.hadoop.ozone.om.KeyManagerImpl.lambda$9(KeyManagerImpl.java:1952) ~[ozone-manager-1.4.0-SNAPSHOT.jar:?]
	at org.apache.hadoop.util.MetricUtil.captureLatencyNs(MetricUtil.java:39) ~[hdds-common-1.4.0-SNAPSHOT.jar:?]
	at org.apache.hadoop.ozone.om.KeyManagerImpl.getKeyInfo(KeyManagerImpl.java:1950) ~[ozone-manager-1.4.0-SNAPSHOT.jar:?]
	at org.apache.hadoop.ozone.om.OmMetadataReader.getKeyInfo(OmMetadataReader.java:189) ~[ozone-manager-1.4.0-SNAPSHOT.jar:?]
	at org.apache.hadoop.ozone.om.OzoneManager.getKeyInfo(OzoneManager.java:2833) ~[ozone-manager-1.4.0-SNAPSHOT.jar:?]
	at org.apache.hadoop.ozone.protocolPB.OzoneManagerRequestHandler.getKeyInfo(OzoneManagerRequestHandler.java:594) ~[ozone-manager-1.4.0-SNAPSHOT.jar:?]
	at org.apache.hadoop.ozone.protocolPB.OzoneManagerRequestHandler.handleReadRequest(OzoneManagerRequestHandler.java:313) ~[ozone-manager-1.4.0-SNAPSHOT.jar:?]
	at org.apache.hadoop.ozone.protocolPB.OzoneManagerProtocolServerSideTranslatorPB.submitReadRequestToOM(OzoneManagerProtocolServerSideTranslatorPB.java:225) ~[ozone-manager-1.4.0-SNAPSHOT.jar:?]
	at org.apache.hadoop.ozone.protocolPB.OzoneManagerProtocolServerSideTranslatorPB.processRequest(OzoneManagerProtocolServerSideTranslatorPB.java:179) ~[ozone-manager-1.4.0-SNAPSHOT.jar:?]
	at org.apache.hadoop.hdds.server.OzoneProtocolMessageDispatcher.processRequest(OzoneProtocolMessageDispatcher.java:87) [hdds-server-framework-1.4.0-SNAPSHOT.jar:?]
	at org.apache.hadoop.ozone.protocolPB.OzoneManagerProtocolServerSideTranslatorPB.submitRequest(OzoneManagerProtocolServerSideTranslatorPB.java:148) [ozone-manager-1.4.0-SNAPSHOT.jar:?]
	at org.apache.hadoop.ozone.protocol.proto.OzoneManagerProtocolProtos$OzoneManagerService$2.callBlockingMethod(OzoneManagerProtocolProtos.java) [ozone-interface-client-1.4.0-SNAPSHOT.jar:?]
	at org.apache.hadoop.ipc.ProtobufRpcEngine$Server.processCall(ProtobufRpcEngine.java:484) [hadoop-common-3.3.6.jar:?]
	at org.apache.hadoop.ipc.ProtobufRpcEngine2$Server$ProtoBufRpcInvoker.call(ProtobufRpcEngine2.java:595) [hadoop-common-3.3.6.jar:?]
	at org.apache.hadoop.ipc.ProtobufRpcEngine2$Server$ProtoBufRpcInvoker.call(ProtobufRpcEngine2.java:573) [hadoop-common-3.3.6.jar:?]
	at org.apache.hadoop.ipc.RPC$Server.call(RPC.java:1227) [hadoop-common-3.3.6.jar:?]
	at org.apache.hadoop.ipc.Server$RpcCall.run(Server.java:1094) [hadoop-common-3.3.6.jar:?]
	at org.apache.hadoop.ipc.Server$RpcCall.run(Server.java:1017) [hadoop-common-3.3.6.jar:?]
	at java.security.AccessController.doPrivileged(Native Method) ~[?:1.8.0_382]
	at javax.security.auth.Subject.doAs(Subject.java:422) [?:1.8.0_382]
	at org.apache.hadoop.security.UserGroupInformation.doAs(UserGroupInformation.java:1899) [hadoop-common-3.3.6.jar:?]
	at org.apache.hadoop.ipc.Server$Handler.run(Server.java:3048) [hadoop-common-3.3.6.jar:?]
]]></system-out>
  </testcase>
  <testcase name="testCreateDoesNotAddParentDirKeys" classname="TestOzoneFileSystem" time="0.021">
    <system-out><![CDATA[12:57:39.555 [IPC Server handler 13 on default port 15057] ERROR OMAudit - user=runner | ip=127.0.0.1 | op=READ_KEY {volume=volume37469, bucket=bucket23551, key=testCreateDoesNotAddParentDirKeys/parent/, dataSize=0, replicationConfig=null} | ret=FAILURE
org.apache.hadoop.ozone.om.exceptions.OMException: Key:testCreateDoesNotAddParentDirKeys/parent not found
	at org.apache.hadoop.ozone.om.KeyManagerImpl.readKeyInfo(KeyManagerImpl.java:428) ~[ozone-manager-1.4.0-SNAPSHOT.jar:?]
	at org.apache.hadoop.ozone.om.KeyManagerImpl.lambda$9(KeyManagerImpl.java:1952) ~[ozone-manager-1.4.0-SNAPSHOT.jar:?]
	at org.apache.hadoop.util.MetricUtil.captureLatencyNs(MetricUtil.java:39) ~[hdds-common-1.4.0-SNAPSHOT.jar:?]
	at org.apache.hadoop.ozone.om.KeyManagerImpl.getKeyInfo(KeyManagerImpl.java:1950) ~[ozone-manager-1.4.0-SNAPSHOT.jar:?]
	at org.apache.hadoop.ozone.om.OmMetadataReader.getKeyInfo(OmMetadataReader.java:189) ~[ozone-manager-1.4.0-SNAPSHOT.jar:?]
	at org.apache.hadoop.ozone.om.OzoneManager.getKeyInfo(OzoneManager.java:2833) ~[ozone-manager-1.4.0-SNAPSHOT.jar:?]
	at org.apache.hadoop.ozone.protocolPB.OzoneManagerRequestHandler.getKeyInfo(OzoneManagerRequestHandler.java:594) ~[ozone-manager-1.4.0-SNAPSHOT.jar:?]
	at org.apache.hadoop.ozone.protocolPB.OzoneManagerRequestHandler.handleReadRequest(OzoneManagerRequestHandler.java:313) ~[ozone-manager-1.4.0-SNAPSHOT.jar:?]
	at org.apache.hadoop.ozone.protocolPB.OzoneManagerProtocolServerSideTranslatorPB.submitRequestDirectlyToOM(OzoneManagerProtocolServerSideTranslatorPB.java:274) ~[ozone-manager-1.4.0-SNAPSHOT.jar:?]
	at org.apache.hadoop.ozone.protocolPB.OzoneManagerProtocolServerSideTranslatorPB.processRequest(OzoneManagerProtocolServerSideTranslatorPB.java:175) ~[ozone-manager-1.4.0-SNAPSHOT.jar:?]
	at org.apache.hadoop.hdds.server.OzoneProtocolMessageDispatcher.processRequest(OzoneProtocolMessageDispatcher.java:87) [hdds-server-framework-1.4.0-SNAPSHOT.jar:?]
	at org.apache.hadoop.ozone.protocolPB.OzoneManagerProtocolServerSideTranslatorPB.submitRequest(OzoneManagerProtocolServerSideTranslatorPB.java:148) [ozone-manager-1.4.0-SNAPSHOT.jar:?]
	at org.apache.hadoop.ozone.protocol.proto.OzoneManagerProtocolProtos$OzoneManagerService$2.callBlockingMethod(OzoneManagerProtocolProtos.java) [ozone-interface-client-1.4.0-SNAPSHOT.jar:?]
	at org.apache.hadoop.ipc.ProtobufRpcEngine$Server.processCall(ProtobufRpcEngine.java:484) [hadoop-common-3.3.6.jar:?]
	at org.apache.hadoop.ipc.ProtobufRpcEngine2$Server$ProtoBufRpcInvoker.call(ProtobufRpcEngine2.java:595) [hadoop-common-3.3.6.jar:?]
	at org.apache.hadoop.ipc.ProtobufRpcEngine2$Server$ProtoBufRpcInvoker.call(ProtobufRpcEngine2.java:573) [hadoop-common-3.3.6.jar:?]
	at org.apache.hadoop.ipc.RPC$Server.call(RPC.java:1227) [hadoop-common-3.3.6.jar:?]
	at org.apache.hadoop.ipc.Server$RpcCall.run(Server.java:1094) [hadoop-common-3.3.6.jar:?]
	at org.apache.hadoop.ipc.Server$RpcCall.run(Server.java:1017) [hadoop-common-3.3.6.jar:?]
	at java.security.AccessController.doPrivileged(Native Method) ~[?:1.8.0_382]
	at javax.security.auth.Subject.doAs(Subject.java:422) [?:1.8.0_382]
	at org.apache.hadoop.security.UserGroupInformation.doAs(UserGroupInformation.java:1899) [hadoop-common-3.3.6.jar:?]
	at org.apache.hadoop.ipc.Server$Handler.run(Server.java:3048) [hadoop-common-3.3.6.jar:?]
]]></system-out>
  </testcase>
  <testcase name="testCreateDoesNotAddParentDirKeys" classname="TestOzoneFileSystem" time="0.052"/>
  <testcase name="testCreateDoesNotAddParentDirKeys" classname="TestOzoneFileSystem" time="0.029"/>
  <testcase name="testDeleteRootWithTrash" classname="TestOzoneFileSystem" time="0.012"/>
  <testcase name="testDeleteRootWithTrash" classname="TestOzoneFileSystem" time="0.005"/>
  <testcase name="testDeleteRootWithTrash" classname="TestOzoneFileSystem" time="0.008"/>
  <testcase name="testDeleteRootWithTrash" classname="TestOzoneFileSystem" time="0.004"/>
  <testcase name="testDeleteCreatesFakeParentDir" classname="TestOzoneFileSystem" time="0.046">
    <system-out><![CDATA[12:56:07.171 [IPC Server handler 14 on default port 15004] ERROR OMAudit - user=runner | ip=127.0.0.1 | op=READ_KEY {volume=volume53983, bucket=bucket27347, key=testDeleteCreatesFakeParentDir/parent/, dataSize=0, replicationConfig=null} | ret=FAILURE
org.apache.hadoop.ozone.om.exceptions.OMException: Key:testDeleteCreatesFakeParentDir/parent not found
	at org.apache.hadoop.ozone.om.KeyManagerImpl.readKeyInfo(KeyManagerImpl.java:428) ~[ozone-manager-1.4.0-SNAPSHOT.jar:?]
	at org.apache.hadoop.ozone.om.KeyManagerImpl.lambda$9(KeyManagerImpl.java:1952) ~[ozone-manager-1.4.0-SNAPSHOT.jar:?]
	at org.apache.hadoop.util.MetricUtil.captureLatencyNs(MetricUtil.java:39) ~[hdds-common-1.4.0-SNAPSHOT.jar:?]
	at org.apache.hadoop.ozone.om.KeyManagerImpl.getKeyInfo(KeyManagerImpl.java:1950) ~[ozone-manager-1.4.0-SNAPSHOT.jar:?]
	at org.apache.hadoop.ozone.om.OmMetadataReader.getKeyInfo(OmMetadataReader.java:189) ~[ozone-manager-1.4.0-SNAPSHOT.jar:?]
	at org.apache.hadoop.ozone.om.OzoneManager.getKeyInfo(OzoneManager.java:2833) ~[ozone-manager-1.4.0-SNAPSHOT.jar:?]
	at org.apache.hadoop.ozone.protocolPB.OzoneManagerRequestHandler.getKeyInfo(OzoneManagerRequestHandler.java:594) ~[ozone-manager-1.4.0-SNAPSHOT.jar:?]
	at org.apache.hadoop.ozone.protocolPB.OzoneManagerRequestHandler.handleReadRequest(OzoneManagerRequestHandler.java:313) ~[ozone-manager-1.4.0-SNAPSHOT.jar:?]
	at org.apache.hadoop.ozone.protocolPB.OzoneManagerProtocolServerSideTranslatorPB.submitReadRequestToOM(OzoneManagerProtocolServerSideTranslatorPB.java:225) ~[ozone-manager-1.4.0-SNAPSHOT.jar:?]
	at org.apache.hadoop.ozone.protocolPB.OzoneManagerProtocolServerSideTranslatorPB.processRequest(OzoneManagerProtocolServerSideTranslatorPB.java:179) ~[ozone-manager-1.4.0-SNAPSHOT.jar:?]
	at org.apache.hadoop.hdds.server.OzoneProtocolMessageDispatcher.processRequest(OzoneProtocolMessageDispatcher.java:87) [hdds-server-framework-1.4.0-SNAPSHOT.jar:?]
	at org.apache.hadoop.ozone.protocolPB.OzoneManagerProtocolServerSideTranslatorPB.submitRequest(OzoneManagerProtocolServerSideTranslatorPB.java:148) [ozone-manager-1.4.0-SNAPSHOT.jar:?]
	at org.apache.hadoop.ozone.protocol.proto.OzoneManagerProtocolProtos$OzoneManagerService$2.callBlockingMethod(OzoneManagerProtocolProtos.java) [ozone-interface-client-1.4.0-SNAPSHOT.jar:?]
	at org.apache.hadoop.ipc.ProtobufRpcEngine$Server.processCall(ProtobufRpcEngine.java:484) [hadoop-common-3.3.6.jar:?]
	at org.apache.hadoop.ipc.ProtobufRpcEngine2$Server$ProtoBufRpcInvoker.call(ProtobufRpcEngine2.java:595) [hadoop-common-3.3.6.jar:?]
	at org.apache.hadoop.ipc.ProtobufRpcEngine2$Server$ProtoBufRpcInvoker.call(ProtobufRpcEngine2.java:573) [hadoop-common-3.3.6.jar:?]
	at org.apache.hadoop.ipc.RPC$Server.call(RPC.java:1227) [hadoop-common-3.3.6.jar:?]
	at org.apache.hadoop.ipc.Server$RpcCall.run(Server.java:1094) [hadoop-common-3.3.6.jar:?]
	at org.apache.hadoop.ipc.Server$RpcCall.run(Server.java:1017) [hadoop-common-3.3.6.jar:?]
	at java.security.AccessController.doPrivileged(Native Method) ~[?:1.8.0_382]
	at javax.security.auth.Subject.doAs(Subject.java:422) [?:1.8.0_382]
	at org.apache.hadoop.security.UserGroupInformation.doAs(UserGroupInformation.java:1899) [hadoop-common-3.3.6.jar:?]
	at org.apache.hadoop.ipc.Server$Handler.run(Server.java:3048) [hadoop-common-3.3.6.jar:?]
]]></system-out>
  </testcase>
  <testcase name="testDeleteCreatesFakeParentDir" classname="TestOzoneFileSystem" time="0.027">
    <system-out><![CDATA[12:57:39.584 [IPC Server handler 11 on default port 15057] ERROR OMAudit - user=runner | ip=127.0.0.1 | op=READ_KEY {volume=volume37469, bucket=bucket23551, key=testDeleteCreatesFakeParentDir/parent/, dataSize=0, replicationConfig=null} | ret=FAILURE
org.apache.hadoop.ozone.om.exceptions.OMException: Key:testDeleteCreatesFakeParentDir/parent not found
	at org.apache.hadoop.ozone.om.KeyManagerImpl.readKeyInfo(KeyManagerImpl.java:428) ~[ozone-manager-1.4.0-SNAPSHOT.jar:?]
	at org.apache.hadoop.ozone.om.KeyManagerImpl.lambda$9(KeyManagerImpl.java:1952) ~[ozone-manager-1.4.0-SNAPSHOT.jar:?]
	at org.apache.hadoop.util.MetricUtil.captureLatencyNs(MetricUtil.java:39) ~[hdds-common-1.4.0-SNAPSHOT.jar:?]
	at org.apache.hadoop.ozone.om.KeyManagerImpl.getKeyInfo(KeyManagerImpl.java:1950) ~[ozone-manager-1.4.0-SNAPSHOT.jar:?]
	at org.apache.hadoop.ozone.om.OmMetadataReader.getKeyInfo(OmMetadataReader.java:189) ~[ozone-manager-1.4.0-SNAPSHOT.jar:?]
	at org.apache.hadoop.ozone.om.OzoneManager.getKeyInfo(OzoneManager.java:2833) ~[ozone-manager-1.4.0-SNAPSHOT.jar:?]
	at org.apache.hadoop.ozone.protocolPB.OzoneManagerRequestHandler.getKeyInfo(OzoneManagerRequestHandler.java:594) ~[ozone-manager-1.4.0-SNAPSHOT.jar:?]
	at org.apache.hadoop.ozone.protocolPB.OzoneManagerRequestHandler.handleReadRequest(OzoneManagerRequestHandler.java:313) ~[ozone-manager-1.4.0-SNAPSHOT.jar:?]
	at org.apache.hadoop.ozone.protocolPB.OzoneManagerProtocolServerSideTranslatorPB.submitRequestDirectlyToOM(OzoneManagerProtocolServerSideTranslatorPB.java:274) ~[ozone-manager-1.4.0-SNAPSHOT.jar:?]
	at org.apache.hadoop.ozone.protocolPB.OzoneManagerProtocolServerSideTranslatorPB.processRequest(OzoneManagerProtocolServerSideTranslatorPB.java:175) ~[ozone-manager-1.4.0-SNAPSHOT.jar:?]
	at org.apache.hadoop.hdds.server.OzoneProtocolMessageDispatcher.processRequest(OzoneProtocolMessageDispatcher.java:87) [hdds-server-framework-1.4.0-SNAPSHOT.jar:?]
	at org.apache.hadoop.ozone.protocolPB.OzoneManagerProtocolServerSideTranslatorPB.submitRequest(OzoneManagerProtocolServerSideTranslatorPB.java:148) [ozone-manager-1.4.0-SNAPSHOT.jar:?]
	at org.apache.hadoop.ozone.protocol.proto.OzoneManagerProtocolProtos$OzoneManagerService$2.callBlockingMethod(OzoneManagerProtocolProtos.java) [ozone-interface-client-1.4.0-SNAPSHOT.jar:?]
	at org.apache.hadoop.ipc.ProtobufRpcEngine$Server.processCall(ProtobufRpcEngine.java:484) [hadoop-common-3.3.6.jar:?]
	at org.apache.hadoop.ipc.ProtobufRpcEngine2$Server$ProtoBufRpcInvoker.call(ProtobufRpcEngine2.java:595) [hadoop-common-3.3.6.jar:?]
	at org.apache.hadoop.ipc.ProtobufRpcEngine2$Server$ProtoBufRpcInvoker.call(ProtobufRpcEngine2.java:573) [hadoop-common-3.3.6.jar:?]
	at org.apache.hadoop.ipc.RPC$Server.call(RPC.java:1227) [hadoop-common-3.3.6.jar:?]
	at org.apache.hadoop.ipc.Server$RpcCall.run(Server.java:1094) [hadoop-common-3.3.6.jar:?]
	at org.apache.hadoop.ipc.Server$RpcCall.run(Server.java:1017) [hadoop-common-3.3.6.jar:?]
	at java.security.AccessController.doPrivileged(Native Method) ~[?:1.8.0_382]
	at javax.security.auth.Subject.doAs(Subject.java:422) [?:1.8.0_382]
	at org.apache.hadoop.security.UserGroupInformation.doAs(UserGroupInformation.java:1899) [hadoop-common-3.3.6.jar:?]
	at org.apache.hadoop.ipc.Server$Handler.run(Server.java:3048) [hadoop-common-3.3.6.jar:?]
]]></system-out>
  </testcase>
  <testcase name="testDeleteCreatesFakeParentDir" classname="TestOzoneFileSystem" time="0.021"/>
  <testcase name="testDeleteCreatesFakeParentDir" classname="TestOzoneFileSystem" time="0.015"/>
  <testcase name="testListStatusOnKeyNameContainDelimiter" classname="TestOzoneFileSystem" time="0.051"/>
  <testcase name="testListStatusOnKeyNameContainDelimiter" classname="TestOzoneFileSystem" time="0.021"/>
  <testcase name="testListStatusOnKeyNameContainDelimiter" classname="TestOzoneFileSystem" time="0.023">
    <failure type="java.lang.AssertionError"><![CDATA[java.lang.AssertionError: expected:<1> but was:<0>
	at org.junit.Assert.fail(Assert.java:89)
	at org.junit.Assert.failNotEquals(Assert.java:835)
	at org.junit.Assert.assertEquals(Assert.java:647)
	at org.junit.Assert.assertEquals(Assert.java:633)
	at org.apache.hadoop.fs.ozone.TestOzoneFileSystem.testListStatusOnKeyNameContainDelimiter(TestOzoneFileSystem.java:778)
	at sun.reflect.NativeMethodAccessorImpl.invoke0(Native Method)
	at sun.reflect.NativeMethodAccessorImpl.invoke(NativeMethodAccessorImpl.java:62)
	at sun.reflect.DelegatingMethodAccessorImpl.invoke(DelegatingMethodAccessorImpl.java:43)
	at java.lang.reflect.Method.invoke(Method.java:498)
	at org.junit.runners.model.FrameworkMethod$1.runReflectiveCall(FrameworkMethod.java:59)
	at org.junit.internal.runners.model.ReflectiveCallable.run(ReflectiveCallable.java:12)
	at org.junit.runners.model.FrameworkMethod.invokeExplosively(FrameworkMethod.java:56)
	at org.junit.internal.runners.statements.InvokeMethod.evaluate(InvokeMethod.java:17)
	at org.junit.internal.runners.statements.RunAfters.evaluate(RunAfters.java:27)
	at org.junit.internal.runners.statements.FailOnTimeout$CallableStatement.call(FailOnTimeout.java:288)
	at org.junit.internal.runners.statements.FailOnTimeout$CallableStatement.call(FailOnTimeout.java:282)
	at java.util.concurrent.FutureTask.run(FutureTask.java:266)
	at java.lang.Thread.run(Thread.java:750)
]]></failure>
  </testcase>
  <testcase name="testListStatusOnKeyNameContainDelimiter" classname="TestOzoneFileSystem" time="0.016"/>
  <testcase name="testNonExplicitlyCreatedPathExistsAfterItsLeafsWereRemoved" classname="TestOzoneFileSystem" time="0.063">
    <system-out><![CDATA[12:56:07.267 [IPC Server handler 2 on default port 15004] ERROR OMAudit - user=runner | ip=127.0.0.1 | op=GET_FILE_STATUS {volume=volume53983, bucket=bucket27347, key=target/leaf, dataSize=0, replicationConfig=null} | ret=FAILURE
org.apache.hadoop.ozone.om.exceptions.OMException: Unable to get file status: volume: volume53983 bucket: bucket27347 key: target/leaf
	at org.apache.hadoop.ozone.om.KeyManagerImpl.getOzoneFileStatus(KeyManagerImpl.java:1198) ~[ozone-manager-1.4.0-SNAPSHOT.jar:?]
	at org.apache.hadoop.ozone.om.KeyManagerImpl.getFileStatus(KeyManagerImpl.java:1116) ~[ozone-manager-1.4.0-SNAPSHOT.jar:?]
	at org.apache.hadoop.ozone.om.OmMetadataReader.getFileStatus(OmMetadataReader.java:266) ~[ozone-manager-1.4.0-SNAPSHOT.jar:?]
	at org.apache.hadoop.ozone.om.OzoneManager.getFileStatus(OzoneManager.java:3552) ~[ozone-manager-1.4.0-SNAPSHOT.jar:?]
	at org.apache.hadoop.ozone.protocolPB.OzoneManagerRequestHandler.getOzoneFileStatus(OzoneManagerRequestHandler.java:998) ~[ozone-manager-1.4.0-SNAPSHOT.jar:?]
	at org.apache.hadoop.ozone.protocolPB.OzoneManagerRequestHandler.handleReadRequest(OzoneManagerRequestHandler.java:259) ~[ozone-manager-1.4.0-SNAPSHOT.jar:?]
	at org.apache.hadoop.ozone.protocolPB.OzoneManagerProtocolServerSideTranslatorPB.submitReadRequestToOM(OzoneManagerProtocolServerSideTranslatorPB.java:225) ~[ozone-manager-1.4.0-SNAPSHOT.jar:?]
	at org.apache.hadoop.ozone.protocolPB.OzoneManagerProtocolServerSideTranslatorPB.processRequest(OzoneManagerProtocolServerSideTranslatorPB.java:179) ~[ozone-manager-1.4.0-SNAPSHOT.jar:?]
	at org.apache.hadoop.hdds.server.OzoneProtocolMessageDispatcher.processRequest(OzoneProtocolMessageDispatcher.java:87) [hdds-server-framework-1.4.0-SNAPSHOT.jar:?]
	at org.apache.hadoop.ozone.protocolPB.OzoneManagerProtocolServerSideTranslatorPB.submitRequest(OzoneManagerProtocolServerSideTranslatorPB.java:148) [ozone-manager-1.4.0-SNAPSHOT.jar:?]
	at org.apache.hadoop.ozone.protocol.proto.OzoneManagerProtocolProtos$OzoneManagerService$2.callBlockingMethod(OzoneManagerProtocolProtos.java) [ozone-interface-client-1.4.0-SNAPSHOT.jar:?]
	at org.apache.hadoop.ipc.ProtobufRpcEngine$Server.processCall(ProtobufRpcEngine.java:484) [hadoop-common-3.3.6.jar:?]
	at org.apache.hadoop.ipc.ProtobufRpcEngine2$Server$ProtoBufRpcInvoker.call(ProtobufRpcEngine2.java:595) [hadoop-common-3.3.6.jar:?]
	at org.apache.hadoop.ipc.ProtobufRpcEngine2$Server$ProtoBufRpcInvoker.call(ProtobufRpcEngine2.java:573) [hadoop-common-3.3.6.jar:?]
	at org.apache.hadoop.ipc.RPC$Server.call(RPC.java:1227) [hadoop-common-3.3.6.jar:?]
	at org.apache.hadoop.ipc.Server$RpcCall.run(Server.java:1094) [hadoop-common-3.3.6.jar:?]
	at org.apache.hadoop.ipc.Server$RpcCall.run(Server.java:1017) [hadoop-common-3.3.6.jar:?]
	at java.security.AccessController.doPrivileged(Native Method) ~[?:1.8.0_382]
	at javax.security.auth.Subject.doAs(Subject.java:422) [?:1.8.0_382]
	at org.apache.hadoop.security.UserGroupInformation.doAs(UserGroupInformation.java:1899) [hadoop-common-3.3.6.jar:?]
	at org.apache.hadoop.ipc.Server$Handler.run(Server.java:3048) [hadoop-common-3.3.6.jar:?]
]]></system-out>
  </testcase>
  <testcase name="testNonExplicitlyCreatedPathExistsAfterItsLeafsWereRemoved" classname="TestOzoneFileSystem" time="0.028">
    <system-out><![CDATA[12:57:39.626 [IPC Server handler 19 on default port 15057] ERROR OMAudit - user=runner | ip=127.0.0.1 | op=GET_FILE_STATUS {volume=volume37469, bucket=bucket23551, key=target/leaf, dataSize=0, replicationConfig=null} | ret=FAILURE
org.apache.hadoop.ozone.om.exceptions.OMException: Unable to get file status: volume: volume37469 bucket: bucket23551 key: target/leaf
	at org.apache.hadoop.ozone.om.KeyManagerImpl.getOzoneFileStatus(KeyManagerImpl.java:1198) ~[ozone-manager-1.4.0-SNAPSHOT.jar:?]
	at org.apache.hadoop.ozone.om.KeyManagerImpl.getFileStatus(KeyManagerImpl.java:1116) ~[ozone-manager-1.4.0-SNAPSHOT.jar:?]
	at org.apache.hadoop.ozone.om.OmMetadataReader.getFileStatus(OmMetadataReader.java:266) ~[ozone-manager-1.4.0-SNAPSHOT.jar:?]
	at org.apache.hadoop.ozone.om.OzoneManager.getFileStatus(OzoneManager.java:3552) ~[ozone-manager-1.4.0-SNAPSHOT.jar:?]
	at org.apache.hadoop.ozone.protocolPB.OzoneManagerRequestHandler.getOzoneFileStatus(OzoneManagerRequestHandler.java:998) ~[ozone-manager-1.4.0-SNAPSHOT.jar:?]
	at org.apache.hadoop.ozone.protocolPB.OzoneManagerRequestHandler.handleReadRequest(OzoneManagerRequestHandler.java:259) ~[ozone-manager-1.4.0-SNAPSHOT.jar:?]
	at org.apache.hadoop.ozone.protocolPB.OzoneManagerProtocolServerSideTranslatorPB.submitRequestDirectlyToOM(OzoneManagerProtocolServerSideTranslatorPB.java:274) ~[ozone-manager-1.4.0-SNAPSHOT.jar:?]
	at org.apache.hadoop.ozone.protocolPB.OzoneManagerProtocolServerSideTranslatorPB.processRequest(OzoneManagerProtocolServerSideTranslatorPB.java:175) ~[ozone-manager-1.4.0-SNAPSHOT.jar:?]
	at org.apache.hadoop.hdds.server.OzoneProtocolMessageDispatcher.processRequest(OzoneProtocolMessageDispatcher.java:87) [hdds-server-framework-1.4.0-SNAPSHOT.jar:?]
	at org.apache.hadoop.ozone.protocolPB.OzoneManagerProtocolServerSideTranslatorPB.submitRequest(OzoneManagerProtocolServerSideTranslatorPB.java:148) [ozone-manager-1.4.0-SNAPSHOT.jar:?]
	at org.apache.hadoop.ozone.protocol.proto.OzoneManagerProtocolProtos$OzoneManagerService$2.callBlockingMethod(OzoneManagerProtocolProtos.java) [ozone-interface-client-1.4.0-SNAPSHOT.jar:?]
	at org.apache.hadoop.ipc.ProtobufRpcEngine$Server.processCall(ProtobufRpcEngine.java:484) [hadoop-common-3.3.6.jar:?]
	at org.apache.hadoop.ipc.ProtobufRpcEngine2$Server$ProtoBufRpcInvoker.call(ProtobufRpcEngine2.java:595) [hadoop-common-3.3.6.jar:?]
	at org.apache.hadoop.ipc.ProtobufRpcEngine2$Server$ProtoBufRpcInvoker.call(ProtobufRpcEngine2.java:573) [hadoop-common-3.3.6.jar:?]
	at org.apache.hadoop.ipc.RPC$Server.call(RPC.java:1227) [hadoop-common-3.3.6.jar:?]
	at org.apache.hadoop.ipc.Server$RpcCall.run(Server.java:1094) [hadoop-common-3.3.6.jar:?]
	at org.apache.hadoop.ipc.Server$RpcCall.run(Server.java:1017) [hadoop-common-3.3.6.jar:?]
	at java.security.AccessController.doPrivileged(Native Method) ~[?:1.8.0_382]
	at javax.security.auth.Subject.doAs(Subject.java:422) [?:1.8.0_382]
	at org.apache.hadoop.security.UserGroupInformation.doAs(UserGroupInformation.java:1899) [hadoop-common-3.3.6.jar:?]
	at org.apache.hadoop.ipc.Server$Handler.run(Server.java:3048) [hadoop-common-3.3.6.jar:?]
]]></system-out>
  </testcase>
  <testcase name="testNonExplicitlyCreatedPathExistsAfterItsLeafsWereRemoved" classname="TestOzoneFileSystem" time="0.029">
    <system-out><![CDATA[12:58:54.686 [IPC Server handler 12 on default port 15110] ERROR OMAudit - user=runner | ip=127.0.0.1 | op=GET_FILE_STATUS {volume=volume13657, bucket=bucket40110, key=target/leaf, dataSize=0, replicationConfig=null} | ret=FAILURE
org.apache.hadoop.ozone.om.exceptions.OMException: Unable to get file status: volume: volume13657 bucket: bucket40110 key: target/leaf
	at org.apache.hadoop.ozone.om.KeyManagerImpl.getOzoneFileStatus(KeyManagerImpl.java:1198) ~[ozone-manager-1.4.0-SNAPSHOT.jar:?]
	at org.apache.hadoop.ozone.om.KeyManagerImpl.getFileStatus(KeyManagerImpl.java:1116) ~[ozone-manager-1.4.0-SNAPSHOT.jar:?]
	at org.apache.hadoop.ozone.om.OmMetadataReader.getFileStatus(OmMetadataReader.java:266) ~[ozone-manager-1.4.0-SNAPSHOT.jar:?]
	at org.apache.hadoop.ozone.om.OzoneManager.getFileStatus(OzoneManager.java:3552) ~[ozone-manager-1.4.0-SNAPSHOT.jar:?]
	at org.apache.hadoop.ozone.protocolPB.OzoneManagerRequestHandler.getOzoneFileStatus(OzoneManagerRequestHandler.java:998) ~[ozone-manager-1.4.0-SNAPSHOT.jar:?]
	at org.apache.hadoop.ozone.protocolPB.OzoneManagerRequestHandler.handleReadRequest(OzoneManagerRequestHandler.java:259) ~[ozone-manager-1.4.0-SNAPSHOT.jar:?]
	at org.apache.hadoop.ozone.protocolPB.OzoneManagerProtocolServerSideTranslatorPB.submitReadRequestToOM(OzoneManagerProtocolServerSideTranslatorPB.java:225) ~[ozone-manager-1.4.0-SNAPSHOT.jar:?]
	at org.apache.hadoop.ozone.protocolPB.OzoneManagerProtocolServerSideTranslatorPB.processRequest(OzoneManagerProtocolServerSideTranslatorPB.java:179) ~[ozone-manager-1.4.0-SNAPSHOT.jar:?]
	at org.apache.hadoop.hdds.server.OzoneProtocolMessageDispatcher.processRequest(OzoneProtocolMessageDispatcher.java:87) [hdds-server-framework-1.4.0-SNAPSHOT.jar:?]
	at org.apache.hadoop.ozone.protocolPB.OzoneManagerProtocolServerSideTranslatorPB.submitRequest(OzoneManagerProtocolServerSideTranslatorPB.java:148) [ozone-manager-1.4.0-SNAPSHOT.jar:?]
	at org.apache.hadoop.ozone.protocol.proto.OzoneManagerProtocolProtos$OzoneManagerService$2.callBlockingMethod(OzoneManagerProtocolProtos.java) [ozone-interface-client-1.4.0-SNAPSHOT.jar:?]
	at org.apache.hadoop.ipc.ProtobufRpcEngine$Server.processCall(ProtobufRpcEngine.java:484) [hadoop-common-3.3.6.jar:?]
	at org.apache.hadoop.ipc.ProtobufRpcEngine2$Server$ProtoBufRpcInvoker.call(ProtobufRpcEngine2.java:595) [hadoop-common-3.3.6.jar:?]
	at org.apache.hadoop.ipc.ProtobufRpcEngine2$Server$ProtoBufRpcInvoker.call(ProtobufRpcEngine2.java:573) [hadoop-common-3.3.6.jar:?]
	at org.apache.hadoop.ipc.RPC$Server.call(RPC.java:1227) [hadoop-common-3.3.6.jar:?]
	at org.apache.hadoop.ipc.Server$RpcCall.run(Server.java:1094) [hadoop-common-3.3.6.jar:?]
	at org.apache.hadoop.ipc.Server$RpcCall.run(Server.java:1017) [hadoop-common-3.3.6.jar:?]
	at java.security.AccessController.doPrivileged(Native Method) ~[?:1.8.0_382]
	at javax.security.auth.Subject.doAs(Subject.java:422) [?:1.8.0_382]
	at org.apache.hadoop.security.UserGroupInformation.doAs(UserGroupInformation.java:1899) [hadoop-common-3.3.6.jar:?]
	at org.apache.hadoop.ipc.Server$Handler.run(Server.java:3048) [hadoop-common-3.3.6.jar:?]
]]></system-out>
  </testcase>
  <testcase name="testNonExplicitlyCreatedPathExistsAfterItsLeafsWereRemoved" classname="TestOzoneFileSystem" time="0.02">
    <system-out><![CDATA[13:00:27.489 [IPC Server handler 6 on default port 15163] ERROR OMAudit - user=runner | ip=127.0.0.1 | op=GET_FILE_STATUS {volume=volume08867, bucket=bucket18921, key=target/leaf, dataSize=0, replicationConfig=null} | ret=FAILURE
org.apache.hadoop.ozone.om.exceptions.OMException: Unable to get file status: volume: volume08867 bucket: bucket18921 key: target/leaf
	at org.apache.hadoop.ozone.om.KeyManagerImpl.getOzoneFileStatus(KeyManagerImpl.java:1198) ~[ozone-manager-1.4.0-SNAPSHOT.jar:?]
	at org.apache.hadoop.ozone.om.KeyManagerImpl.getFileStatus(KeyManagerImpl.java:1116) ~[ozone-manager-1.4.0-SNAPSHOT.jar:?]
	at org.apache.hadoop.ozone.om.OmMetadataReader.getFileStatus(OmMetadataReader.java:266) ~[ozone-manager-1.4.0-SNAPSHOT.jar:?]
	at org.apache.hadoop.ozone.om.OzoneManager.getFileStatus(OzoneManager.java:3552) ~[ozone-manager-1.4.0-SNAPSHOT.jar:?]
	at org.apache.hadoop.ozone.protocolPB.OzoneManagerRequestHandler.getOzoneFileStatus(OzoneManagerRequestHandler.java:998) ~[ozone-manager-1.4.0-SNAPSHOT.jar:?]
	at org.apache.hadoop.ozone.protocolPB.OzoneManagerRequestHandler.handleReadRequest(OzoneManagerRequestHandler.java:259) ~[ozone-manager-1.4.0-SNAPSHOT.jar:?]
	at org.apache.hadoop.ozone.protocolPB.OzoneManagerProtocolServerSideTranslatorPB.submitRequestDirectlyToOM(OzoneManagerProtocolServerSideTranslatorPB.java:274) ~[ozone-manager-1.4.0-SNAPSHOT.jar:?]
	at org.apache.hadoop.ozone.protocolPB.OzoneManagerProtocolServerSideTranslatorPB.processRequest(OzoneManagerProtocolServerSideTranslatorPB.java:175) ~[ozone-manager-1.4.0-SNAPSHOT.jar:?]
	at org.apache.hadoop.hdds.server.OzoneProtocolMessageDispatcher.processRequest(OzoneProtocolMessageDispatcher.java:87) [hdds-server-framework-1.4.0-SNAPSHOT.jar:?]
	at org.apache.hadoop.ozone.protocolPB.OzoneManagerProtocolServerSideTranslatorPB.submitRequest(OzoneManagerProtocolServerSideTranslatorPB.java:148) [ozone-manager-1.4.0-SNAPSHOT.jar:?]
	at org.apache.hadoop.ozone.protocol.proto.OzoneManagerProtocolProtos$OzoneManagerService$2.callBlockingMethod(OzoneManagerProtocolProtos.java) [ozone-interface-client-1.4.0-SNAPSHOT.jar:?]
	at org.apache.hadoop.ipc.ProtobufRpcEngine$Server.processCall(ProtobufRpcEngine.java:484) [hadoop-common-3.3.6.jar:?]
	at org.apache.hadoop.ipc.ProtobufRpcEngine2$Server$ProtoBufRpcInvoker.call(ProtobufRpcEngine2.java:595) [hadoop-common-3.3.6.jar:?]
	at org.apache.hadoop.ipc.ProtobufRpcEngine2$Server$ProtoBufRpcInvoker.call(ProtobufRpcEngine2.java:573) [hadoop-common-3.3.6.jar:?]
	at org.apache.hadoop.ipc.RPC$Server.call(RPC.java:1227) [hadoop-common-3.3.6.jar:?]
	at org.apache.hadoop.ipc.Server$RpcCall.run(Server.java:1094) [hadoop-common-3.3.6.jar:?]
	at org.apache.hadoop.ipc.Server$RpcCall.run(Server.java:1017) [hadoop-common-3.3.6.jar:?]
	at java.security.AccessController.doPrivileged(Native Method) ~[?:1.8.0_382]
	at javax.security.auth.Subject.doAs(Subject.java:422) [?:1.8.0_382]
	at org.apache.hadoop.security.UserGroupInformation.doAs(UserGroupInformation.java:1899) [hadoop-common-3.3.6.jar:?]
	at org.apache.hadoop.ipc.Server$Handler.run(Server.java:3048) [hadoop-common-3.3.6.jar:?]
]]></system-out>
  </testcase>
  <testcase name="testCreateFileShouldCheckExistenceOfDirWithSameName" classname="TestOzoneFileSystem" time="0.078">
    <system-out><![CDATA[12:56:07.337 [OM StateMachine ApplyTransaction Thread - 0] ERROR OMAudit - user=runner | ip=127.0.0.1 | op=CREATE_FILE {volume=volume53983, bucket=bucket27347, key=d1/d2/d3/d4/key2, dataSize=4194304, replicationType=RATIS, replicationFactor=THREE} | ret=FAILURE
org.apache.hadoop.ozone.om.exceptions.OMException: Can not write to directory: d1/d2/d3/d4/key2
	at org.apache.hadoop.ozone.om.request.file.OMFileCreateRequest.checkDirectoryResult(OMFileCreateRequest.java:363) ~[ozone-manager-1.4.0-SNAPSHOT.jar:?]
	at org.apache.hadoop.ozone.om.request.file.OMFileCreateRequest.validateAndUpdateCache(OMFileCreateRequest.java:237) ~[ozone-manager-1.4.0-SNAPSHOT.jar:?]
	at org.apache.hadoop.ozone.protocolPB.OzoneManagerRequestHandler.handleWriteRequest(OzoneManagerRequestHandler.java:382) ~[ozone-manager-1.4.0-SNAPSHOT.jar:?]
	at org.apache.hadoop.ozone.om.ratis.OzoneManagerStateMachine.runCommand(OzoneManagerStateMachine.java:568) ~[ozone-manager-1.4.0-SNAPSHOT.jar:?]
	at org.apache.hadoop.ozone.om.ratis.OzoneManagerStateMachine.lambda$1(OzoneManagerStateMachine.java:359) ~[ozone-manager-1.4.0-SNAPSHOT.jar:?]
	at java.util.concurrent.CompletableFuture$AsyncSupply.run(CompletableFuture.java:1604) [?:1.8.0_382]
	at java.util.concurrent.ThreadPoolExecutor.runWorker(ThreadPoolExecutor.java:1149) [?:1.8.0_382]
	at java.util.concurrent.ThreadPoolExecutor$Worker.run(ThreadPoolExecutor.java:624) [?:1.8.0_382]
	at java.lang.Thread.run(Thread.java:750) [?:1.8.0_382]
2023-09-28 12:56:07,337 [OM StateMachine ApplyTransaction Thread - 0] ERROR file.OMFileCreateRequest (OMFileCreateRequest.java:validateAndUpdateCache(336)) - File create failed. Volume:volume53983, Bucket:bucket27347, Keyd1/d2/d3/d4/key2.
NOT_A_FILE org.apache.hadoop.ozone.om.exceptions.OMException: Can not write to directory: d1/d2/d3/d4/key2
	at org.apache.hadoop.ozone.om.request.file.OMFileCreateRequest.checkDirectoryResult(OMFileCreateRequest.java:363)
	at org.apache.hadoop.ozone.om.request.file.OMFileCreateRequest.validateAndUpdateCache(OMFileCreateRequest.java:237)
	at org.apache.hadoop.ozone.protocolPB.OzoneManagerRequestHandler.handleWriteRequest(OzoneManagerRequestHandler.java:382)
	at org.apache.hadoop.ozone.om.ratis.OzoneManagerStateMachine.runCommand(OzoneManagerStateMachine.java:568)
	at org.apache.hadoop.ozone.om.ratis.OzoneManagerStateMachine.lambda$1(OzoneManagerStateMachine.java:359)
	at java.util.concurrent.CompletableFuture$AsyncSupply.run(CompletableFuture.java:1604)
	at java.util.concurrent.ThreadPoolExecutor.runWorker(ThreadPoolExecutor.java:1149)
	at java.util.concurrent.ThreadPoolExecutor$Worker.run(ThreadPoolExecutor.java:624)
	at java.lang.Thread.run(Thread.java:750)
12:56:07.356 [OM StateMachine ApplyTransaction Thread - 0] ERROR OMAudit - user=runner | ip=127.0.0.1 | op=CREATE_DIRECTORY {volume=volume53983, bucket=bucket27347, key=d1/d2/d3/d4/key3, dataSize=0, replicationType=NONE, replicationFactor=ZERO} | ret=FAILURE
org.apache.hadoop.ozone.om.exceptions.OMException: Unable to create directory: d1/d2/d3/d4/key3 in volume/bucket: volume53983/bucket27347
	at org.apache.hadoop.ozone.om.request.file.OMDirectoryCreateRequest.validateAndUpdateCache(OMDirectoryCreateRequest.java:194) ~[ozone-manager-1.4.0-SNAPSHOT.jar:?]
	at org.apache.hadoop.ozone.protocolPB.OzoneManagerRequestHandler.handleWriteRequest(OzoneManagerRequestHandler.java:382) ~[ozone-manager-1.4.0-SNAPSHOT.jar:?]
	at org.apache.hadoop.ozone.om.ratis.OzoneManagerStateMachine.runCommand(OzoneManagerStateMachine.java:568) ~[ozone-manager-1.4.0-SNAPSHOT.jar:?]
	at org.apache.hadoop.ozone.om.ratis.OzoneManagerStateMachine.lambda$1(OzoneManagerStateMachine.java:359) ~[ozone-manager-1.4.0-SNAPSHOT.jar:?]
	at java.util.concurrent.CompletableFuture$AsyncSupply.run(CompletableFuture.java:1604) [?:1.8.0_382]
	at java.util.concurrent.ThreadPoolExecutor.runWorker(ThreadPoolExecutor.java:1149) [?:1.8.0_382]
	at java.util.concurrent.ThreadPoolExecutor$Worker.run(ThreadPoolExecutor.java:624) [?:1.8.0_382]
	at java.lang.Thread.run(Thread.java:750) [?:1.8.0_382]
2023-09-28 12:56:07,356 [OM StateMachine ApplyTransaction Thread - 0] ERROR file.OMDirectoryCreateRequest (OMDirectoryCreateRequest.java:logResult(334)) - Directory creation failed. Volume:volume53983, Bucket:bucket27347, Keyd1/d2/d3/d4/key3. Exception:{}
FILE_ALREADY_EXISTS org.apache.hadoop.ozone.om.exceptions.OMException: Unable to create directory: d1/d2/d3/d4/key3 in volume/bucket: volume53983/bucket27347
	at org.apache.hadoop.ozone.om.request.file.OMDirectoryCreateRequest.validateAndUpdateCache(OMDirectoryCreateRequest.java:194)
	at org.apache.hadoop.ozone.protocolPB.OzoneManagerRequestHandler.handleWriteRequest(OzoneManagerRequestHandler.java:382)
	at org.apache.hadoop.ozone.om.ratis.OzoneManagerStateMachine.runCommand(OzoneManagerStateMachine.java:568)
	at org.apache.hadoop.ozone.om.ratis.OzoneManagerStateMachine.lambda$1(OzoneManagerStateMachine.java:359)
	at java.util.concurrent.CompletableFuture$AsyncSupply.run(CompletableFuture.java:1604)
	at java.util.concurrent.ThreadPoolExecutor.runWorker(ThreadPoolExecutor.java:1149)
	at java.util.concurrent.ThreadPoolExecutor$Worker.run(ThreadPoolExecutor.java:624)
	at java.lang.Thread.run(Thread.java:750)
12:56:07.362 [OM StateMachine ApplyTransaction Thread - 0] ERROR OMAudit - user=runner | ip=127.0.0.1 | op=CREATE_FILE {volume=volume53983, bucket=bucket27347, key=d1/d2/d3, dataSize=4194304, replicationType=RATIS, replicationFactor=THREE} | ret=FAILURE
org.apache.hadoop.ozone.om.exceptions.OMException: Can not write to directory: d1/d2/d3
	at org.apache.hadoop.ozone.om.request.file.OMFileCreateRequest.checkDirectoryResult(OMFileCreateRequest.java:363) ~[ozone-manager-1.4.0-SNAPSHOT.jar:?]
	at org.apache.hadoop.ozone.om.request.file.OMFileCreateRequest.validateAndUpdateCache(OMFileCreateRequest.java:237) ~[ozone-manager-1.4.0-SNAPSHOT.jar:?]
	at org.apache.hadoop.ozone.protocolPB.OzoneManagerRequestHandler.handleWriteRequest(OzoneManagerRequestHandler.java:382) ~[ozone-manager-1.4.0-SNAPSHOT.jar:?]
	at org.apache.hadoop.ozone.om.ratis.OzoneManagerStateMachine.runCommand(OzoneManagerStateMachine.java:568) ~[ozone-manager-1.4.0-SNAPSHOT.jar:?]
	at org.apache.hadoop.ozone.om.ratis.OzoneManagerStateMachine.lambda$1(OzoneManagerStateMachine.java:359) ~[ozone-manager-1.4.0-SNAPSHOT.jar:?]
	at java.util.concurrent.CompletableFuture$AsyncSupply.run(CompletableFuture.java:1604) [?:1.8.0_382]
	at java.util.concurrent.ThreadPoolExecutor.runWorker(ThreadPoolExecutor.java:1149) [?:1.8.0_382]
	at java.util.concurrent.ThreadPoolExecutor$Worker.run(ThreadPoolExecutor.java:624) [?:1.8.0_382]
	at java.lang.Thread.run(Thread.java:750) [?:1.8.0_382]
2023-09-28 12:56:07,362 [OM StateMachine ApplyTransaction Thread - 0] ERROR file.OMFileCreateRequest (OMFileCreateRequest.java:validateAndUpdateCache(336)) - File create failed. Volume:volume53983, Bucket:bucket27347, Keyd1/d2/d3.
NOT_A_FILE org.apache.hadoop.ozone.om.exceptions.OMException: Can not write to directory: d1/d2/d3
	at org.apache.hadoop.ozone.om.request.file.OMFileCreateRequest.checkDirectoryResult(OMFileCreateRequest.java:363)
	at org.apache.hadoop.ozone.om.request.file.OMFileCreateRequest.validateAndUpdateCache(OMFileCreateRequest.java:237)
	at org.apache.hadoop.ozone.protocolPB.OzoneManagerRequestHandler.handleWriteRequest(OzoneManagerRequestHandler.java:382)
	at org.apache.hadoop.ozone.om.ratis.OzoneManagerStateMachine.runCommand(OzoneManagerStateMachine.java:568)
	at org.apache.hadoop.ozone.om.ratis.OzoneManagerStateMachine.lambda$1(OzoneManagerStateMachine.java:359)
	at java.util.concurrent.CompletableFuture$AsyncSupply.run(CompletableFuture.java:1604)
	at java.util.concurrent.ThreadPoolExecutor.runWorker(ThreadPoolExecutor.java:1149)
	at java.util.concurrent.ThreadPoolExecutor$Worker.run(ThreadPoolExecutor.java:624)
	at java.lang.Thread.run(Thread.java:750)
12:56:07.366 [IPC Server handler 18 on default port 15004] ERROR OMAudit - user=runner | ip=127.0.0.1 | op=GET_FILE_STATUS {volume=volume53983, bucket=bucket27347, key=d1/d2/d3/d4/key3/invalid, dataSize=0, replicationConfig=null} | ret=FAILURE
org.apache.hadoop.ozone.om.exceptions.OMException: Unable to get file status: volume: volume53983 bucket: bucket27347 key: d1/d2/d3/d4/key3/invalid
	at org.apache.hadoop.ozone.om.KeyManagerImpl.getOzoneFileStatus(KeyManagerImpl.java:1198) ~[ozone-manager-1.4.0-SNAPSHOT.jar:?]
	at org.apache.hadoop.ozone.om.KeyManagerImpl.getFileStatus(KeyManagerImpl.java:1116) ~[ozone-manager-1.4.0-SNAPSHOT.jar:?]
	at org.apache.hadoop.ozone.om.OmMetadataReader.getFileStatus(OmMetadataReader.java:266) ~[ozone-manager-1.4.0-SNAPSHOT.jar:?]
	at org.apache.hadoop.ozone.om.OzoneManager.getFileStatus(OzoneManager.java:3552) ~[ozone-manager-1.4.0-SNAPSHOT.jar:?]
	at org.apache.hadoop.ozone.protocolPB.OzoneManagerRequestHandler.getOzoneFileStatus(OzoneManagerRequestHandler.java:998) ~[ozone-manager-1.4.0-SNAPSHOT.jar:?]
	at org.apache.hadoop.ozone.protocolPB.OzoneManagerRequestHandler.handleReadRequest(OzoneManagerRequestHandler.java:259) ~[ozone-manager-1.4.0-SNAPSHOT.jar:?]
	at org.apache.hadoop.ozone.protocolPB.OzoneManagerProtocolServerSideTranslatorPB.submitReadRequestToOM(OzoneManagerProtocolServerSideTranslatorPB.java:225) ~[ozone-manager-1.4.0-SNAPSHOT.jar:?]
	at org.apache.hadoop.ozone.protocolPB.OzoneManagerProtocolServerSideTranslatorPB.processRequest(OzoneManagerProtocolServerSideTranslatorPB.java:179) ~[ozone-manager-1.4.0-SNAPSHOT.jar:?]
	at org.apache.hadoop.hdds.server.OzoneProtocolMessageDispatcher.processRequest(OzoneProtocolMessageDispatcher.java:87) [hdds-server-framework-1.4.0-SNAPSHOT.jar:?]
	at org.apache.hadoop.ozone.protocolPB.OzoneManagerProtocolServerSideTranslatorPB.submitRequest(OzoneManagerProtocolServerSideTranslatorPB.java:148) [ozone-manager-1.4.0-SNAPSHOT.jar:?]
	at org.apache.hadoop.ozone.protocol.proto.OzoneManagerProtocolProtos$OzoneManagerService$2.callBlockingMethod(OzoneManagerProtocolProtos.java) [ozone-interface-client-1.4.0-SNAPSHOT.jar:?]
	at org.apache.hadoop.ipc.ProtobufRpcEngine$Server.processCall(ProtobufRpcEngine.java:484) [hadoop-common-3.3.6.jar:?]
	at org.apache.hadoop.ipc.ProtobufRpcEngine2$Server$ProtoBufRpcInvoker.call(ProtobufRpcEngine2.java:595) [hadoop-common-3.3.6.jar:?]
	at org.apache.hadoop.ipc.ProtobufRpcEngine2$Server$ProtoBufRpcInvoker.call(ProtobufRpcEngine2.java:573) [hadoop-common-3.3.6.jar:?]
	at org.apache.hadoop.ipc.RPC$Server.call(RPC.java:1227) [hadoop-common-3.3.6.jar:?]
	at org.apache.hadoop.ipc.Server$RpcCall.run(Server.java:1094) [hadoop-common-3.3.6.jar:?]
	at org.apache.hadoop.ipc.Server$RpcCall.run(Server.java:1017) [hadoop-common-3.3.6.jar:?]
	at java.security.AccessController.doPrivileged(Native Method) ~[?:1.8.0_382]
	at javax.security.auth.Subject.doAs(Subject.java:422) [?:1.8.0_382]
	at org.apache.hadoop.security.UserGroupInformation.doAs(UserGroupInformation.java:1899) [hadoop-common-3.3.6.jar:?]
	at org.apache.hadoop.ipc.Server$Handler.run(Server.java:3048) [hadoop-common-3.3.6.jar:?]
12:56:07.368 [IPC Server handler 0 on default port 15004] ERROR OMAudit - user=runner | ip=127.0.0.1 | op=GET_FILE_STATUS {volume=volume53983, bucket=bucket27347, key=d1/d2/d3/d4/invalidkey, dataSize=0, replicationConfig=null} | ret=FAILURE
org.apache.hadoop.ozone.om.exceptions.OMException: Unable to get file status: volume: volume53983 bucket: bucket27347 key: d1/d2/d3/d4/invalidkey
	at org.apache.hadoop.ozone.om.KeyManagerImpl.getOzoneFileStatus(KeyManagerImpl.java:1198) ~[ozone-manager-1.4.0-SNAPSHOT.jar:?]
	at org.apache.hadoop.ozone.om.KeyManagerImpl.getFileStatus(KeyManagerImpl.java:1116) ~[ozone-manager-1.4.0-SNAPSHOT.jar:?]
	at org.apache.hadoop.ozone.om.OmMetadataReader.getFileStatus(OmMetadataReader.java:266) ~[ozone-manager-1.4.0-SNAPSHOT.jar:?]
	at org.apache.hadoop.ozone.om.OzoneManager.getFileStatus(OzoneManager.java:3552) ~[ozone-manager-1.4.0-SNAPSHOT.jar:?]
	at org.apache.hadoop.ozone.protocolPB.OzoneManagerRequestHandler.getOzoneFileStatus(OzoneManagerRequestHandler.java:998) ~[ozone-manager-1.4.0-SNAPSHOT.jar:?]
	at org.apache.hadoop.ozone.protocolPB.OzoneManagerRequestHandler.handleReadRequest(OzoneManagerRequestHandler.java:259) ~[ozone-manager-1.4.0-SNAPSHOT.jar:?]
	at org.apache.hadoop.ozone.protocolPB.OzoneManagerProtocolServerSideTranslatorPB.submitReadRequestToOM(OzoneManagerProtocolServerSideTranslatorPB.java:225) ~[ozone-manager-1.4.0-SNAPSHOT.jar:?]
	at org.apache.hadoop.ozone.protocolPB.OzoneManagerProtocolServerSideTranslatorPB.processRequest(OzoneManagerProtocolServerSideTranslatorPB.java:179) ~[ozone-manager-1.4.0-SNAPSHOT.jar:?]
	at org.apache.hadoop.hdds.server.OzoneProtocolMessageDispatcher.processRequest(OzoneProtocolMessageDispatcher.java:87) [hdds-server-framework-1.4.0-SNAPSHOT.jar:?]
	at org.apache.hadoop.ozone.protocolPB.OzoneManagerProtocolServerSideTranslatorPB.submitRequest(OzoneManagerProtocolServerSideTranslatorPB.java:148) [ozone-manager-1.4.0-SNAPSHOT.jar:?]
	at org.apache.hadoop.ozone.protocol.proto.OzoneManagerProtocolProtos$OzoneManagerService$2.callBlockingMethod(OzoneManagerProtocolProtos.java) [ozone-interface-client-1.4.0-SNAPSHOT.jar:?]
	at org.apache.hadoop.ipc.ProtobufRpcEngine$Server.processCall(ProtobufRpcEngine.java:484) [hadoop-common-3.3.6.jar:?]
	at org.apache.hadoop.ipc.ProtobufRpcEngine2$Server$ProtoBufRpcInvoker.call(ProtobufRpcEngine2.java:595) [hadoop-common-3.3.6.jar:?]
	at org.apache.hadoop.ipc.ProtobufRpcEngine2$Server$ProtoBufRpcInvoker.call(ProtobufRpcEngine2.java:573) [hadoop-common-3.3.6.jar:?]
	at org.apache.hadoop.ipc.RPC$Server.call(RPC.java:1227) [hadoop-common-3.3.6.jar:?]
	at org.apache.hadoop.ipc.Server$RpcCall.run(Server.java:1094) [hadoop-common-3.3.6.jar:?]
	at org.apache.hadoop.ipc.Server$RpcCall.run(Server.java:1017) [hadoop-common-3.3.6.jar:?]
	at java.security.AccessController.doPrivileged(Native Method) ~[?:1.8.0_382]
	at javax.security.auth.Subject.doAs(Subject.java:422) [?:1.8.0_382]
	at org.apache.hadoop.security.UserGroupInformation.doAs(UserGroupInformation.java:1899) [hadoop-common-3.3.6.jar:?]
	at org.apache.hadoop.ipc.Server$Handler.run(Server.java:3048) [hadoop-common-3.3.6.jar:?]
]]></system-out>
  </testcase>
  <testcase name="testCreateFileShouldCheckExistenceOfDirWithSameName" classname="TestOzoneFileSystem" time="0.036">
    <system-out><![CDATA[12:57:39.658 [IPC Server handler 4 on default port 15057] ERROR OMAudit - user=runner | ip=127.0.0.1 | op=CREATE_FILE {volume=volume37469, bucket=bucket23551, key=d1/d2/d3/d4/key2, dataSize=4194304, replicationType=RATIS, replicationFactor=THREE} | ret=FAILURE
org.apache.hadoop.ozone.om.exceptions.OMException: Can not write to directory: d1/d2/d3/d4/key2
	at org.apache.hadoop.ozone.om.request.file.OMFileCreateRequest.checkDirectoryResult(OMFileCreateRequest.java:363) ~[ozone-manager-1.4.0-SNAPSHOT.jar:?]
	at org.apache.hadoop.ozone.om.request.file.OMFileCreateRequest.validateAndUpdateCache(OMFileCreateRequest.java:237) ~[ozone-manager-1.4.0-SNAPSHOT.jar:?]
	at org.apache.hadoop.ozone.protocolPB.OzoneManagerRequestHandler.handleWriteRequest(OzoneManagerRequestHandler.java:382) ~[ozone-manager-1.4.0-SNAPSHOT.jar:?]
	at org.apache.hadoop.ozone.protocolPB.OzoneManagerProtocolServerSideTranslatorPB.submitRequestDirectlyToOM(OzoneManagerProtocolServerSideTranslatorPB.java:280) ~[ozone-manager-1.4.0-SNAPSHOT.jar:?]
	at org.apache.hadoop.ozone.protocolPB.OzoneManagerProtocolServerSideTranslatorPB.processRequest(OzoneManagerProtocolServerSideTranslatorPB.java:175) ~[ozone-manager-1.4.0-SNAPSHOT.jar:?]
	at org.apache.hadoop.hdds.server.OzoneProtocolMessageDispatcher.processRequest(OzoneProtocolMessageDispatcher.java:87) [hdds-server-framework-1.4.0-SNAPSHOT.jar:?]
	at org.apache.hadoop.ozone.protocolPB.OzoneManagerProtocolServerSideTranslatorPB.submitRequest(OzoneManagerProtocolServerSideTranslatorPB.java:148) [ozone-manager-1.4.0-SNAPSHOT.jar:?]
	at org.apache.hadoop.ozone.protocol.proto.OzoneManagerProtocolProtos$OzoneManagerService$2.callBlockingMethod(OzoneManagerProtocolProtos.java) [ozone-interface-client-1.4.0-SNAPSHOT.jar:?]
	at org.apache.hadoop.ipc.ProtobufRpcEngine$Server.processCall(ProtobufRpcEngine.java:484) [hadoop-common-3.3.6.jar:?]
	at org.apache.hadoop.ipc.ProtobufRpcEngine2$Server$ProtoBufRpcInvoker.call(ProtobufRpcEngine2.java:595) [hadoop-common-3.3.6.jar:?]
	at org.apache.hadoop.ipc.ProtobufRpcEngine2$Server$ProtoBufRpcInvoker.call(ProtobufRpcEngine2.java:573) [hadoop-common-3.3.6.jar:?]
	at org.apache.hadoop.ipc.RPC$Server.call(RPC.java:1227) [hadoop-common-3.3.6.jar:?]
	at org.apache.hadoop.ipc.Server$RpcCall.run(Server.java:1094) [hadoop-common-3.3.6.jar:?]
	at org.apache.hadoop.ipc.Server$RpcCall.run(Server.java:1017) [hadoop-common-3.3.6.jar:?]
	at java.security.AccessController.doPrivileged(Native Method) ~[?:1.8.0_382]
	at javax.security.auth.Subject.doAs(Subject.java:422) [?:1.8.0_382]
	at org.apache.hadoop.security.UserGroupInformation.doAs(UserGroupInformation.java:1899) [hadoop-common-3.3.6.jar:?]
	at org.apache.hadoop.ipc.Server$Handler.run(Server.java:3048) [hadoop-common-3.3.6.jar:?]
2023-09-28 12:57:39,659 [IPC Server handler 4 on default port 15057] ERROR file.OMFileCreateRequest (OMFileCreateRequest.java:validateAndUpdateCache(336)) - File create failed. Volume:volume37469, Bucket:bucket23551, Keyd1/d2/d3/d4/key2.
NOT_A_FILE org.apache.hadoop.ozone.om.exceptions.OMException: Can not write to directory: d1/d2/d3/d4/key2
	at org.apache.hadoop.ozone.om.request.file.OMFileCreateRequest.checkDirectoryResult(OMFileCreateRequest.java:363)
	at org.apache.hadoop.ozone.om.request.file.OMFileCreateRequest.validateAndUpdateCache(OMFileCreateRequest.java:237)
	at org.apache.hadoop.ozone.protocolPB.OzoneManagerRequestHandler.handleWriteRequest(OzoneManagerRequestHandler.java:382)
	at org.apache.hadoop.ozone.protocolPB.OzoneManagerProtocolServerSideTranslatorPB.submitRequestDirectlyToOM(OzoneManagerProtocolServerSideTranslatorPB.java:280)
	at org.apache.hadoop.ozone.protocolPB.OzoneManagerProtocolServerSideTranslatorPB.processRequest(OzoneManagerProtocolServerSideTranslatorPB.java:175)
	at org.apache.hadoop.hdds.server.OzoneProtocolMessageDispatcher.processRequest(OzoneProtocolMessageDispatcher.java:87)
	at org.apache.hadoop.ozone.protocolPB.OzoneManagerProtocolServerSideTranslatorPB.submitRequest(OzoneManagerProtocolServerSideTranslatorPB.java:148)
	at org.apache.hadoop.ozone.protocol.proto.OzoneManagerProtocolProtos$OzoneManagerService$2.callBlockingMethod(OzoneManagerProtocolProtos.java)
	at org.apache.hadoop.ipc.ProtobufRpcEngine$Server.processCall(ProtobufRpcEngine.java:484)
	at org.apache.hadoop.ipc.ProtobufRpcEngine2$Server$ProtoBufRpcInvoker.call(ProtobufRpcEngine2.java:595)
	at org.apache.hadoop.ipc.ProtobufRpcEngine2$Server$ProtoBufRpcInvoker.call(ProtobufRpcEngine2.java:573)
	at org.apache.hadoop.ipc.RPC$Server.call(RPC.java:1227)
	at org.apache.hadoop.ipc.Server$RpcCall.run(Server.java:1094)
	at org.apache.hadoop.ipc.Server$RpcCall.run(Server.java:1017)
	at java.security.AccessController.doPrivileged(Native Method)
	at javax.security.auth.Subject.doAs(Subject.java:422)
	at org.apache.hadoop.security.UserGroupInformation.doAs(UserGroupInformation.java:1899)
	at org.apache.hadoop.ipc.Server$Handler.run(Server.java:3048)
12:57:39.665 [IPC Server handler 7 on default port 15057] ERROR OMAudit - user=runner | ip=127.0.0.1 | op=CREATE_DIRECTORY {volume=volume37469, bucket=bucket23551, key=d1/d2/d3/d4/key3, dataSize=0, replicationType=NONE, replicationFactor=ZERO} | ret=FAILURE
org.apache.hadoop.ozone.om.exceptions.OMException: Unable to create directory: d1/d2/d3/d4/key3 in volume/bucket: volume37469/bucket23551
	at org.apache.hadoop.ozone.om.request.file.OMDirectoryCreateRequest.validateAndUpdateCache(OMDirectoryCreateRequest.java:194) ~[ozone-manager-1.4.0-SNAPSHOT.jar:?]
	at org.apache.hadoop.ozone.protocolPB.OzoneManagerRequestHandler.handleWriteRequest(OzoneManagerRequestHandler.java:382) ~[ozone-manager-1.4.0-SNAPSHOT.jar:?]
	at org.apache.hadoop.ozone.protocolPB.OzoneManagerProtocolServerSideTranslatorPB.submitRequestDirectlyToOM(OzoneManagerProtocolServerSideTranslatorPB.java:280) ~[ozone-manager-1.4.0-SNAPSHOT.jar:?]
	at org.apache.hadoop.ozone.protocolPB.OzoneManagerProtocolServerSideTranslatorPB.processRequest(OzoneManagerProtocolServerSideTranslatorPB.java:175) ~[ozone-manager-1.4.0-SNAPSHOT.jar:?]
	at org.apache.hadoop.hdds.server.OzoneProtocolMessageDispatcher.processRequest(OzoneProtocolMessageDispatcher.java:87) [hdds-server-framework-1.4.0-SNAPSHOT.jar:?]
	at org.apache.hadoop.ozone.protocolPB.OzoneManagerProtocolServerSideTranslatorPB.submitRequest(OzoneManagerProtocolServerSideTranslatorPB.java:148) [ozone-manager-1.4.0-SNAPSHOT.jar:?]
	at org.apache.hadoop.ozone.protocol.proto.OzoneManagerProtocolProtos$OzoneManagerService$2.callBlockingMethod(OzoneManagerProtocolProtos.java) [ozone-interface-client-1.4.0-SNAPSHOT.jar:?]
	at org.apache.hadoop.ipc.ProtobufRpcEngine$Server.processCall(ProtobufRpcEngine.java:484) [hadoop-common-3.3.6.jar:?]
	at org.apache.hadoop.ipc.ProtobufRpcEngine2$Server$ProtoBufRpcInvoker.call(ProtobufRpcEngine2.java:595) [hadoop-common-3.3.6.jar:?]
	at org.apache.hadoop.ipc.ProtobufRpcEngine2$Server$ProtoBufRpcInvoker.call(ProtobufRpcEngine2.java:573) [hadoop-common-3.3.6.jar:?]
	at org.apache.hadoop.ipc.RPC$Server.call(RPC.java:1227) [hadoop-common-3.3.6.jar:?]
	at org.apache.hadoop.ipc.Server$RpcCall.run(Server.java:1094) [hadoop-common-3.3.6.jar:?]
	at org.apache.hadoop.ipc.Server$RpcCall.run(Server.java:1017) [hadoop-common-3.3.6.jar:?]
	at java.security.AccessController.doPrivileged(Native Method) ~[?:1.8.0_382]
	at javax.security.auth.Subject.doAs(Subject.java:422) [?:1.8.0_382]
	at org.apache.hadoop.security.UserGroupInformation.doAs(UserGroupInformation.java:1899) [hadoop-common-3.3.6.jar:?]
	at org.apache.hadoop.ipc.Server$Handler.run(Server.java:3048) [hadoop-common-3.3.6.jar:?]
2023-09-28 12:57:39,666 [IPC Server handler 7 on default port 15057] ERROR file.OMDirectoryCreateRequest (OMDirectoryCreateRequest.java:logResult(334)) - Directory creation failed. Volume:volume37469, Bucket:bucket23551, Keyd1/d2/d3/d4/key3. Exception:{}
FILE_ALREADY_EXISTS org.apache.hadoop.ozone.om.exceptions.OMException: Unable to create directory: d1/d2/d3/d4/key3 in volume/bucket: volume37469/bucket23551
	at org.apache.hadoop.ozone.om.request.file.OMDirectoryCreateRequest.validateAndUpdateCache(OMDirectoryCreateRequest.java:194)
	at org.apache.hadoop.ozone.protocolPB.OzoneManagerRequestHandler.handleWriteRequest(OzoneManagerRequestHandler.java:382)
	at org.apache.hadoop.ozone.protocolPB.OzoneManagerProtocolServerSideTranslatorPB.submitRequestDirectlyToOM(OzoneManagerProtocolServerSideTranslatorPB.java:280)
	at org.apache.hadoop.ozone.protocolPB.OzoneManagerProtocolServerSideTranslatorPB.processRequest(OzoneManagerProtocolServerSideTranslatorPB.java:175)
	at org.apache.hadoop.hdds.server.OzoneProtocolMessageDispatcher.processRequest(OzoneProtocolMessageDispatcher.java:87)
	at org.apache.hadoop.ozone.protocolPB.OzoneManagerProtocolServerSideTranslatorPB.submitRequest(OzoneManagerProtocolServerSideTranslatorPB.java:148)
	at org.apache.hadoop.ozone.protocol.proto.OzoneManagerProtocolProtos$OzoneManagerService$2.callBlockingMethod(OzoneManagerProtocolProtos.java)
	at org.apache.hadoop.ipc.ProtobufRpcEngine$Server.processCall(ProtobufRpcEngine.java:484)
	at org.apache.hadoop.ipc.ProtobufRpcEngine2$Server$ProtoBufRpcInvoker.call(ProtobufRpcEngine2.java:595)
	at org.apache.hadoop.ipc.ProtobufRpcEngine2$Server$ProtoBufRpcInvoker.call(ProtobufRpcEngine2.java:573)
	at org.apache.hadoop.ipc.RPC$Server.call(RPC.java:1227)
	at org.apache.hadoop.ipc.Server$RpcCall.run(Server.java:1094)
	at org.apache.hadoop.ipc.Server$RpcCall.run(Server.java:1017)
	at java.security.AccessController.doPrivileged(Native Method)
	at javax.security.auth.Subject.doAs(Subject.java:422)
	at org.apache.hadoop.security.UserGroupInformation.doAs(UserGroupInformation.java:1899)
	at org.apache.hadoop.ipc.Server$Handler.run(Server.java:3048)
12:57:39.668 [IPC Server handler 6 on default port 15057] ERROR OMAudit - user=runner | ip=127.0.0.1 | op=CREATE_FILE {volume=volume37469, bucket=bucket23551, key=d1/d2/d3, dataSize=4194304, replicationType=RATIS, replicationFactor=THREE} | ret=FAILURE
org.apache.hadoop.ozone.om.exceptions.OMException: Can not write to directory: d1/d2/d3
	at org.apache.hadoop.ozone.om.request.file.OMFileCreateRequest.checkDirectoryResult(OMFileCreateRequest.java:363) ~[ozone-manager-1.4.0-SNAPSHOT.jar:?]
	at org.apache.hadoop.ozone.om.request.file.OMFileCreateRequest.validateAndUpdateCache(OMFileCreateRequest.java:237) ~[ozone-manager-1.4.0-SNAPSHOT.jar:?]
	at org.apache.hadoop.ozone.protocolPB.OzoneManagerRequestHandler.handleWriteRequest(OzoneManagerRequestHandler.java:382) ~[ozone-manager-1.4.0-SNAPSHOT.jar:?]
	at org.apache.hadoop.ozone.protocolPB.OzoneManagerProtocolServerSideTranslatorPB.submitRequestDirectlyToOM(OzoneManagerProtocolServerSideTranslatorPB.java:280) ~[ozone-manager-1.4.0-SNAPSHOT.jar:?]
	at org.apache.hadoop.ozone.protocolPB.OzoneManagerProtocolServerSideTranslatorPB.processRequest(OzoneManagerProtocolServerSideTranslatorPB.java:175) ~[ozone-manager-1.4.0-SNAPSHOT.jar:?]
	at org.apache.hadoop.hdds.server.OzoneProtocolMessageDispatcher.processRequest(OzoneProtocolMessageDispatcher.java:87) [hdds-server-framework-1.4.0-SNAPSHOT.jar:?]
	at org.apache.hadoop.ozone.protocolPB.OzoneManagerProtocolServerSideTranslatorPB.submitRequest(OzoneManagerProtocolServerSideTranslatorPB.java:148) [ozone-manager-1.4.0-SNAPSHOT.jar:?]
	at org.apache.hadoop.ozone.protocol.proto.OzoneManagerProtocolProtos$OzoneManagerService$2.callBlockingMethod(OzoneManagerProtocolProtos.java) [ozone-interface-client-1.4.0-SNAPSHOT.jar:?]
	at org.apache.hadoop.ipc.ProtobufRpcEngine$Server.processCall(ProtobufRpcEngine.java:484) [hadoop-common-3.3.6.jar:?]
	at org.apache.hadoop.ipc.ProtobufRpcEngine2$Server$ProtoBufRpcInvoker.call(ProtobufRpcEngine2.java:595) [hadoop-common-3.3.6.jar:?]
	at org.apache.hadoop.ipc.ProtobufRpcEngine2$Server$ProtoBufRpcInvoker.call(ProtobufRpcEngine2.java:573) [hadoop-common-3.3.6.jar:?]
	at org.apache.hadoop.ipc.RPC$Server.call(RPC.java:1227) [hadoop-common-3.3.6.jar:?]
	at org.apache.hadoop.ipc.Server$RpcCall.run(Server.java:1094) [hadoop-common-3.3.6.jar:?]
	at org.apache.hadoop.ipc.Server$RpcCall.run(Server.java:1017) [hadoop-common-3.3.6.jar:?]
	at java.security.AccessController.doPrivileged(Native Method) ~[?:1.8.0_382]
	at javax.security.auth.Subject.doAs(Subject.java:422) [?:1.8.0_382]
	at org.apache.hadoop.security.UserGroupInformation.doAs(UserGroupInformation.java:1899) [hadoop-common-3.3.6.jar:?]
	at org.apache.hadoop.ipc.Server$Handler.run(Server.java:3048) [hadoop-common-3.3.6.jar:?]
2023-09-28 12:57:39,668 [IPC Server handler 6 on default port 15057] ERROR file.OMFileCreateRequest (OMFileCreateRequest.java:validateAndUpdateCache(336)) - File create failed. Volume:volume37469, Bucket:bucket23551, Keyd1/d2/d3.
NOT_A_FILE org.apache.hadoop.ozone.om.exceptions.OMException: Can not write to directory: d1/d2/d3
	at org.apache.hadoop.ozone.om.request.file.OMFileCreateRequest.checkDirectoryResult(OMFileCreateRequest.java:363)
	at org.apache.hadoop.ozone.om.request.file.OMFileCreateRequest.validateAndUpdateCache(OMFileCreateRequest.java:237)
	at org.apache.hadoop.ozone.protocolPB.OzoneManagerRequestHandler.handleWriteRequest(OzoneManagerRequestHandler.java:382)
	at org.apache.hadoop.ozone.protocolPB.OzoneManagerProtocolServerSideTranslatorPB.submitRequestDirectlyToOM(OzoneManagerProtocolServerSideTranslatorPB.java:280)
	at org.apache.hadoop.ozone.protocolPB.OzoneManagerProtocolServerSideTranslatorPB.processRequest(OzoneManagerProtocolServerSideTranslatorPB.java:175)
	at org.apache.hadoop.hdds.server.OzoneProtocolMessageDispatcher.processRequest(OzoneProtocolMessageDispatcher.java:87)
	at org.apache.hadoop.ozone.protocolPB.OzoneManagerProtocolServerSideTranslatorPB.submitRequest(OzoneManagerProtocolServerSideTranslatorPB.java:148)
	at org.apache.hadoop.ozone.protocol.proto.OzoneManagerProtocolProtos$OzoneManagerService$2.callBlockingMethod(OzoneManagerProtocolProtos.java)
	at org.apache.hadoop.ipc.ProtobufRpcEngine$Server.processCall(ProtobufRpcEngine.java:484)
	at org.apache.hadoop.ipc.ProtobufRpcEngine2$Server$ProtoBufRpcInvoker.call(ProtobufRpcEngine2.java:595)
	at org.apache.hadoop.ipc.ProtobufRpcEngine2$Server$ProtoBufRpcInvoker.call(ProtobufRpcEngine2.java:573)
	at org.apache.hadoop.ipc.RPC$Server.call(RPC.java:1227)
	at org.apache.hadoop.ipc.Server$RpcCall.run(Server.java:1094)
	at org.apache.hadoop.ipc.Server$RpcCall.run(Server.java:1017)
	at java.security.AccessController.doPrivileged(Native Method)
	at javax.security.auth.Subject.doAs(Subject.java:422)
	at org.apache.hadoop.security.UserGroupInformation.doAs(UserGroupInformation.java:1899)
	at org.apache.hadoop.ipc.Server$Handler.run(Server.java:3048)
12:57:39.672 [IPC Server handler 10 on default port 15057] ERROR OMAudit - user=runner | ip=127.0.0.1 | op=GET_FILE_STATUS {volume=volume37469, bucket=bucket23551, key=d1/d2/d3/d4/key3/invalid, dataSize=0, replicationConfig=null} | ret=FAILURE
org.apache.hadoop.ozone.om.exceptions.OMException: Unable to get file status: volume: volume37469 bucket: bucket23551 key: d1/d2/d3/d4/key3/invalid
	at org.apache.hadoop.ozone.om.KeyManagerImpl.getOzoneFileStatus(KeyManagerImpl.java:1198) ~[ozone-manager-1.4.0-SNAPSHOT.jar:?]
	at org.apache.hadoop.ozone.om.KeyManagerImpl.getFileStatus(KeyManagerImpl.java:1116) ~[ozone-manager-1.4.0-SNAPSHOT.jar:?]
	at org.apache.hadoop.ozone.om.OmMetadataReader.getFileStatus(OmMetadataReader.java:266) ~[ozone-manager-1.4.0-SNAPSHOT.jar:?]
	at org.apache.hadoop.ozone.om.OzoneManager.getFileStatus(OzoneManager.java:3552) ~[ozone-manager-1.4.0-SNAPSHOT.jar:?]
	at org.apache.hadoop.ozone.protocolPB.OzoneManagerRequestHandler.getOzoneFileStatus(OzoneManagerRequestHandler.java:998) ~[ozone-manager-1.4.0-SNAPSHOT.jar:?]
	at org.apache.hadoop.ozone.protocolPB.OzoneManagerRequestHandler.handleReadRequest(OzoneManagerRequestHandler.java:259) ~[ozone-manager-1.4.0-SNAPSHOT.jar:?]
	at org.apache.hadoop.ozone.protocolPB.OzoneManagerProtocolServerSideTranslatorPB.submitRequestDirectlyToOM(OzoneManagerProtocolServerSideTranslatorPB.java:274) ~[ozone-manager-1.4.0-SNAPSHOT.jar:?]
	at org.apache.hadoop.ozone.protocolPB.OzoneManagerProtocolServerSideTranslatorPB.processRequest(OzoneManagerProtocolServerSideTranslatorPB.java:175) ~[ozone-manager-1.4.0-SNAPSHOT.jar:?]
	at org.apache.hadoop.hdds.server.OzoneProtocolMessageDispatcher.processRequest(OzoneProtocolMessageDispatcher.java:87) [hdds-server-framework-1.4.0-SNAPSHOT.jar:?]
	at org.apache.hadoop.ozone.protocolPB.OzoneManagerProtocolServerSideTranslatorPB.submitRequest(OzoneManagerProtocolServerSideTranslatorPB.java:148) [ozone-manager-1.4.0-SNAPSHOT.jar:?]
	at org.apache.hadoop.ozone.protocol.proto.OzoneManagerProtocolProtos$OzoneManagerService$2.callBlockingMethod(OzoneManagerProtocolProtos.java) [ozone-interface-client-1.4.0-SNAPSHOT.jar:?]
	at org.apache.hadoop.ipc.ProtobufRpcEngine$Server.processCall(ProtobufRpcEngine.java:484) [hadoop-common-3.3.6.jar:?]
	at org.apache.hadoop.ipc.ProtobufRpcEngine2$Server$ProtoBufRpcInvoker.call(ProtobufRpcEngine2.java:595) [hadoop-common-3.3.6.jar:?]
	at org.apache.hadoop.ipc.ProtobufRpcEngine2$Server$ProtoBufRpcInvoker.call(ProtobufRpcEngine2.java:573) [hadoop-common-3.3.6.jar:?]
	at org.apache.hadoop.ipc.RPC$Server.call(RPC.java:1227) [hadoop-common-3.3.6.jar:?]
	at org.apache.hadoop.ipc.Server$RpcCall.run(Server.java:1094) [hadoop-common-3.3.6.jar:?]
	at org.apache.hadoop.ipc.Server$RpcCall.run(Server.java:1017) [hadoop-common-3.3.6.jar:?]
	at java.security.AccessController.doPrivileged(Native Method) ~[?:1.8.0_382]
	at javax.security.auth.Subject.doAs(Subject.java:422) [?:1.8.0_382]
	at org.apache.hadoop.security.UserGroupInformation.doAs(UserGroupInformation.java:1899) [hadoop-common-3.3.6.jar:?]
	at org.apache.hadoop.ipc.Server$Handler.run(Server.java:3048) [hadoop-common-3.3.6.jar:?]
12:57:39.673 [IPC Server handler 9 on default port 15057] ERROR OMAudit - user=runner | ip=127.0.0.1 | op=GET_FILE_STATUS {volume=volume37469, bucket=bucket23551, key=d1/d2/d3/d4/invalidkey, dataSize=0, replicationConfig=null} | ret=FAILURE
org.apache.hadoop.ozone.om.exceptions.OMException: Unable to get file status: volume: volume37469 bucket: bucket23551 key: d1/d2/d3/d4/invalidkey
	at org.apache.hadoop.ozone.om.KeyManagerImpl.getOzoneFileStatus(KeyManagerImpl.java:1198) ~[ozone-manager-1.4.0-SNAPSHOT.jar:?]
	at org.apache.hadoop.ozone.om.KeyManagerImpl.getFileStatus(KeyManagerImpl.java:1116) ~[ozone-manager-1.4.0-SNAPSHOT.jar:?]
	at org.apache.hadoop.ozone.om.OmMetadataReader.getFileStatus(OmMetadataReader.java:266) ~[ozone-manager-1.4.0-SNAPSHOT.jar:?]
	at org.apache.hadoop.ozone.om.OzoneManager.getFileStatus(OzoneManager.java:3552) ~[ozone-manager-1.4.0-SNAPSHOT.jar:?]
	at org.apache.hadoop.ozone.protocolPB.OzoneManagerRequestHandler.getOzoneFileStatus(OzoneManagerRequestHandler.java:998) ~[ozone-manager-1.4.0-SNAPSHOT.jar:?]
	at org.apache.hadoop.ozone.protocolPB.OzoneManagerRequestHandler.handleReadRequest(OzoneManagerRequestHandler.java:259) ~[ozone-manager-1.4.0-SNAPSHOT.jar:?]
	at org.apache.hadoop.ozone.protocolPB.OzoneManagerProtocolServerSideTranslatorPB.submitRequestDirectlyToOM(OzoneManagerProtocolServerSideTranslatorPB.java:274) ~[ozone-manager-1.4.0-SNAPSHOT.jar:?]
	at org.apache.hadoop.ozone.protocolPB.OzoneManagerProtocolServerSideTranslatorPB.processRequest(OzoneManagerProtocolServerSideTranslatorPB.java:175) ~[ozone-manager-1.4.0-SNAPSHOT.jar:?]
	at org.apache.hadoop.hdds.server.OzoneProtocolMessageDispatcher.processRequest(OzoneProtocolMessageDispatcher.java:87) [hdds-server-framework-1.4.0-SNAPSHOT.jar:?]
	at org.apache.hadoop.ozone.protocolPB.OzoneManagerProtocolServerSideTranslatorPB.submitRequest(OzoneManagerProtocolServerSideTranslatorPB.java:148) [ozone-manager-1.4.0-SNAPSHOT.jar:?]
	at org.apache.hadoop.ozone.protocol.proto.OzoneManagerProtocolProtos$OzoneManagerService$2.callBlockingMethod(OzoneManagerProtocolProtos.java) [ozone-interface-client-1.4.0-SNAPSHOT.jar:?]
	at org.apache.hadoop.ipc.ProtobufRpcEngine$Server.processCall(ProtobufRpcEngine.java:484) [hadoop-common-3.3.6.jar:?]
	at org.apache.hadoop.ipc.ProtobufRpcEngine2$Server$ProtoBufRpcInvoker.call(ProtobufRpcEngine2.java:595) [hadoop-common-3.3.6.jar:?]
	at org.apache.hadoop.ipc.ProtobufRpcEngine2$Server$ProtoBufRpcInvoker.call(ProtobufRpcEngine2.java:573) [hadoop-common-3.3.6.jar:?]
	at org.apache.hadoop.ipc.RPC$Server.call(RPC.java:1227) [hadoop-common-3.3.6.jar:?]
	at org.apache.hadoop.ipc.Server$RpcCall.run(Server.java:1094) [hadoop-common-3.3.6.jar:?]
	at org.apache.hadoop.ipc.Server$RpcCall.run(Server.java:1017) [hadoop-common-3.3.6.jar:?]
	at java.security.AccessController.doPrivileged(Native Method) ~[?:1.8.0_382]
	at javax.security.auth.Subject.doAs(Subject.java:422) [?:1.8.0_382]
	at org.apache.hadoop.security.UserGroupInformation.doAs(UserGroupInformation.java:1899) [hadoop-common-3.3.6.jar:?]
	at org.apache.hadoop.ipc.Server$Handler.run(Server.java:3048) [hadoop-common-3.3.6.jar:?]
]]></system-out>
  </testcase>
  <testcase name="testCreateFileShouldCheckExistenceOfDirWithSameName" classname="TestOzoneFileSystem" time="0.047">
    <system-out><![CDATA[12:58:54.718 [OM StateMachine ApplyTransaction Thread - 0] ERROR OMAudit - user=runner | ip=127.0.0.1 | op=CREATE_FILE {volume=volume13657, bucket=bucket40110, key=d1/d2/d3/d4/key2, dataSize=4194304, replicationType=RATIS, replicationFactor=THREE} | ret=FAILURE
org.apache.hadoop.ozone.om.exceptions.OMException: Can not write to directory: d1/d2/d3/d4/key2
	at org.apache.hadoop.ozone.om.request.file.OMFileCreateRequest.checkDirectoryResult(OMFileCreateRequest.java:363) ~[ozone-manager-1.4.0-SNAPSHOT.jar:?]
	at org.apache.hadoop.ozone.om.request.file.OMFileCreateRequest.validateAndUpdateCache(OMFileCreateRequest.java:237) ~[ozone-manager-1.4.0-SNAPSHOT.jar:?]
	at org.apache.hadoop.ozone.protocolPB.OzoneManagerRequestHandler.handleWriteRequest(OzoneManagerRequestHandler.java:382) ~[ozone-manager-1.4.0-SNAPSHOT.jar:?]
	at org.apache.hadoop.ozone.om.ratis.OzoneManagerStateMachine.runCommand(OzoneManagerStateMachine.java:568) ~[ozone-manager-1.4.0-SNAPSHOT.jar:?]
	at org.apache.hadoop.ozone.om.ratis.OzoneManagerStateMachine.lambda$1(OzoneManagerStateMachine.java:359) ~[ozone-manager-1.4.0-SNAPSHOT.jar:?]
	at java.util.concurrent.CompletableFuture$AsyncSupply.run(CompletableFuture.java:1604) [?:1.8.0_382]
	at java.util.concurrent.ThreadPoolExecutor.runWorker(ThreadPoolExecutor.java:1149) [?:1.8.0_382]
	at java.util.concurrent.ThreadPoolExecutor$Worker.run(ThreadPoolExecutor.java:624) [?:1.8.0_382]
	at java.lang.Thread.run(Thread.java:750) [?:1.8.0_382]
2023-09-28 12:58:54,719 [OM StateMachine ApplyTransaction Thread - 0] ERROR file.OMFileCreateRequest (OMFileCreateRequest.java:validateAndUpdateCache(336)) - File create failed. Volume:volume13657, Bucket:bucket40110, Keyd1/d2/d3/d4/key2.
NOT_A_FILE org.apache.hadoop.ozone.om.exceptions.OMException: Can not write to directory: d1/d2/d3/d4/key2
	at org.apache.hadoop.ozone.om.request.file.OMFileCreateRequest.checkDirectoryResult(OMFileCreateRequest.java:363)
	at org.apache.hadoop.ozone.om.request.file.OMFileCreateRequest.validateAndUpdateCache(OMFileCreateRequest.java:237)
	at org.apache.hadoop.ozone.protocolPB.OzoneManagerRequestHandler.handleWriteRequest(OzoneManagerRequestHandler.java:382)
	at org.apache.hadoop.ozone.om.ratis.OzoneManagerStateMachine.runCommand(OzoneManagerStateMachine.java:568)
	at org.apache.hadoop.ozone.om.ratis.OzoneManagerStateMachine.lambda$1(OzoneManagerStateMachine.java:359)
	at java.util.concurrent.CompletableFuture$AsyncSupply.run(CompletableFuture.java:1604)
	at java.util.concurrent.ThreadPoolExecutor.runWorker(ThreadPoolExecutor.java:1149)
	at java.util.concurrent.ThreadPoolExecutor$Worker.run(ThreadPoolExecutor.java:624)
	at java.lang.Thread.run(Thread.java:750)
12:58:54.728 [OM StateMachine ApplyTransaction Thread - 0] ERROR OMAudit - user=runner | ip=127.0.0.1 | op=CREATE_DIRECTORY {volume=volume13657, bucket=bucket40110, key=d1/d2/d3/d4/key3, dataSize=0, replicationType=NONE, replicationFactor=ZERO} | ret=FAILURE
org.apache.hadoop.ozone.om.exceptions.OMException: Unable to create directory: d1/d2/d3/d4/key3 in volume/bucket: volume13657/bucket40110
	at org.apache.hadoop.ozone.om.request.file.OMDirectoryCreateRequest.validateAndUpdateCache(OMDirectoryCreateRequest.java:194) ~[ozone-manager-1.4.0-SNAPSHOT.jar:?]
	at org.apache.hadoop.ozone.protocolPB.OzoneManagerRequestHandler.handleWriteRequest(OzoneManagerRequestHandler.java:382) ~[ozone-manager-1.4.0-SNAPSHOT.jar:?]
	at org.apache.hadoop.ozone.om.ratis.OzoneManagerStateMachine.runCommand(OzoneManagerStateMachine.java:568) ~[ozone-manager-1.4.0-SNAPSHOT.jar:?]
	at org.apache.hadoop.ozone.om.ratis.OzoneManagerStateMachine.lambda$1(OzoneManagerStateMachine.java:359) ~[ozone-manager-1.4.0-SNAPSHOT.jar:?]
	at java.util.concurrent.CompletableFuture$AsyncSupply.run(CompletableFuture.java:1604) [?:1.8.0_382]
	at java.util.concurrent.ThreadPoolExecutor.runWorker(ThreadPoolExecutor.java:1149) [?:1.8.0_382]
	at java.util.concurrent.ThreadPoolExecutor$Worker.run(ThreadPoolExecutor.java:624) [?:1.8.0_382]
	at java.lang.Thread.run(Thread.java:750) [?:1.8.0_382]
2023-09-28 12:58:54,728 [OM StateMachine ApplyTransaction Thread - 0] ERROR file.OMDirectoryCreateRequest (OMDirectoryCreateRequest.java:logResult(334)) - Directory creation failed. Volume:volume13657, Bucket:bucket40110, Keyd1/d2/d3/d4/key3. Exception:{}
FILE_ALREADY_EXISTS org.apache.hadoop.ozone.om.exceptions.OMException: Unable to create directory: d1/d2/d3/d4/key3 in volume/bucket: volume13657/bucket40110
	at org.apache.hadoop.ozone.om.request.file.OMDirectoryCreateRequest.validateAndUpdateCache(OMDirectoryCreateRequest.java:194)
	at org.apache.hadoop.ozone.protocolPB.OzoneManagerRequestHandler.handleWriteRequest(OzoneManagerRequestHandler.java:382)
	at org.apache.hadoop.ozone.om.ratis.OzoneManagerStateMachine.runCommand(OzoneManagerStateMachine.java:568)
	at org.apache.hadoop.ozone.om.ratis.OzoneManagerStateMachine.lambda$1(OzoneManagerStateMachine.java:359)
	at java.util.concurrent.CompletableFuture$AsyncSupply.run(CompletableFuture.java:1604)
	at java.util.concurrent.ThreadPoolExecutor.runWorker(ThreadPoolExecutor.java:1149)
	at java.util.concurrent.ThreadPoolExecutor$Worker.run(ThreadPoolExecutor.java:624)
	at java.lang.Thread.run(Thread.java:750)
12:58:54.733 [OM StateMachine ApplyTransaction Thread - 0] ERROR OMAudit - user=runner | ip=127.0.0.1 | op=CREATE_FILE {volume=volume13657, bucket=bucket40110, key=d1/d2/d3, dataSize=4194304, replicationType=RATIS, replicationFactor=THREE} | ret=FAILURE
org.apache.hadoop.ozone.om.exceptions.OMException: Can not write to directory: d1/d2/d3
	at org.apache.hadoop.ozone.om.request.file.OMFileCreateRequest.checkDirectoryResult(OMFileCreateRequest.java:363) ~[ozone-manager-1.4.0-SNAPSHOT.jar:?]
	at org.apache.hadoop.ozone.om.request.file.OMFileCreateRequest.validateAndUpdateCache(OMFileCreateRequest.java:237) ~[ozone-manager-1.4.0-SNAPSHOT.jar:?]
	at org.apache.hadoop.ozone.protocolPB.OzoneManagerRequestHandler.handleWriteRequest(OzoneManagerRequestHandler.java:382) ~[ozone-manager-1.4.0-SNAPSHOT.jar:?]
	at org.apache.hadoop.ozone.om.ratis.OzoneManagerStateMachine.runCommand(OzoneManagerStateMachine.java:568) ~[ozone-manager-1.4.0-SNAPSHOT.jar:?]
	at org.apache.hadoop.ozone.om.ratis.OzoneManagerStateMachine.lambda$1(OzoneManagerStateMachine.java:359) ~[ozone-manager-1.4.0-SNAPSHOT.jar:?]
	at java.util.concurrent.CompletableFuture$AsyncSupply.run(CompletableFuture.java:1604) [?:1.8.0_382]
	at java.util.concurrent.ThreadPoolExecutor.runWorker(ThreadPoolExecutor.java:1149) [?:1.8.0_382]
	at java.util.concurrent.ThreadPoolExecutor$Worker.run(ThreadPoolExecutor.java:624) [?:1.8.0_382]
	at java.lang.Thread.run(Thread.java:750) [?:1.8.0_382]
2023-09-28 12:58:54,734 [OM StateMachine ApplyTransaction Thread - 0] ERROR file.OMFileCreateRequest (OMFileCreateRequest.java:validateAndUpdateCache(336)) - File create failed. Volume:volume13657, Bucket:bucket40110, Keyd1/d2/d3.
NOT_A_FILE org.apache.hadoop.ozone.om.exceptions.OMException: Can not write to directory: d1/d2/d3
	at org.apache.hadoop.ozone.om.request.file.OMFileCreateRequest.checkDirectoryResult(OMFileCreateRequest.java:363)
	at org.apache.hadoop.ozone.om.request.file.OMFileCreateRequest.validateAndUpdateCache(OMFileCreateRequest.java:237)
	at org.apache.hadoop.ozone.protocolPB.OzoneManagerRequestHandler.handleWriteRequest(OzoneManagerRequestHandler.java:382)
	at org.apache.hadoop.ozone.om.ratis.OzoneManagerStateMachine.runCommand(OzoneManagerStateMachine.java:568)
	at org.apache.hadoop.ozone.om.ratis.OzoneManagerStateMachine.lambda$1(OzoneManagerStateMachine.java:359)
	at java.util.concurrent.CompletableFuture$AsyncSupply.run(CompletableFuture.java:1604)
	at java.util.concurrent.ThreadPoolExecutor.runWorker(ThreadPoolExecutor.java:1149)
	at java.util.concurrent.ThreadPoolExecutor$Worker.run(ThreadPoolExecutor.java:624)
	at java.lang.Thread.run(Thread.java:750)
12:58:54.735 [IPC Server handler 2 on default port 15110] ERROR OMAudit - user=runner | ip=127.0.0.1 | op=GET_FILE_STATUS {volume=volume13657, bucket=bucket40110, key=d1/d2/d3/d4/key3/invalid, dataSize=0, replicationConfig=null} | ret=FAILURE
org.apache.hadoop.ozone.om.exceptions.OMException: Unable to get file status: volume: volume13657 bucket: bucket40110 key: d1/d2/d3/d4/key3/invalid
	at org.apache.hadoop.ozone.om.KeyManagerImpl.getOzoneFileStatus(KeyManagerImpl.java:1198) ~[ozone-manager-1.4.0-SNAPSHOT.jar:?]
	at org.apache.hadoop.ozone.om.KeyManagerImpl.getFileStatus(KeyManagerImpl.java:1116) ~[ozone-manager-1.4.0-SNAPSHOT.jar:?]
	at org.apache.hadoop.ozone.om.OmMetadataReader.getFileStatus(OmMetadataReader.java:266) ~[ozone-manager-1.4.0-SNAPSHOT.jar:?]
	at org.apache.hadoop.ozone.om.OzoneManager.getFileStatus(OzoneManager.java:3552) ~[ozone-manager-1.4.0-SNAPSHOT.jar:?]
	at org.apache.hadoop.ozone.protocolPB.OzoneManagerRequestHandler.getOzoneFileStatus(OzoneManagerRequestHandler.java:998) ~[ozone-manager-1.4.0-SNAPSHOT.jar:?]
	at org.apache.hadoop.ozone.protocolPB.OzoneManagerRequestHandler.handleReadRequest(OzoneManagerRequestHandler.java:259) ~[ozone-manager-1.4.0-SNAPSHOT.jar:?]
	at org.apache.hadoop.ozone.protocolPB.OzoneManagerProtocolServerSideTranslatorPB.submitReadRequestToOM(OzoneManagerProtocolServerSideTranslatorPB.java:225) ~[ozone-manager-1.4.0-SNAPSHOT.jar:?]
	at org.apache.hadoop.ozone.protocolPB.OzoneManagerProtocolServerSideTranslatorPB.processRequest(OzoneManagerProtocolServerSideTranslatorPB.java:179) ~[ozone-manager-1.4.0-SNAPSHOT.jar:?]
	at org.apache.hadoop.hdds.server.OzoneProtocolMessageDispatcher.processRequest(OzoneProtocolMessageDispatcher.java:87) [hdds-server-framework-1.4.0-SNAPSHOT.jar:?]
	at org.apache.hadoop.ozone.protocolPB.OzoneManagerProtocolServerSideTranslatorPB.submitRequest(OzoneManagerProtocolServerSideTranslatorPB.java:148) [ozone-manager-1.4.0-SNAPSHOT.jar:?]
	at org.apache.hadoop.ozone.protocol.proto.OzoneManagerProtocolProtos$OzoneManagerService$2.callBlockingMethod(OzoneManagerProtocolProtos.java) [ozone-interface-client-1.4.0-SNAPSHOT.jar:?]
	at org.apache.hadoop.ipc.ProtobufRpcEngine$Server.processCall(ProtobufRpcEngine.java:484) [hadoop-common-3.3.6.jar:?]
	at org.apache.hadoop.ipc.ProtobufRpcEngine2$Server$ProtoBufRpcInvoker.call(ProtobufRpcEngine2.java:595) [hadoop-common-3.3.6.jar:?]
	at org.apache.hadoop.ipc.ProtobufRpcEngine2$Server$ProtoBufRpcInvoker.call(ProtobufRpcEngine2.java:573) [hadoop-common-3.3.6.jar:?]
	at org.apache.hadoop.ipc.RPC$Server.call(RPC.java:1227) [hadoop-common-3.3.6.jar:?]
	at org.apache.hadoop.ipc.Server$RpcCall.run(Server.java:1094) [hadoop-common-3.3.6.jar:?]
	at org.apache.hadoop.ipc.Server$RpcCall.run(Server.java:1017) [hadoop-common-3.3.6.jar:?]
	at java.security.AccessController.doPrivileged(Native Method) ~[?:1.8.0_382]
	at javax.security.auth.Subject.doAs(Subject.java:422) [?:1.8.0_382]
	at org.apache.hadoop.security.UserGroupInformation.doAs(UserGroupInformation.java:1899) [hadoop-common-3.3.6.jar:?]
	at org.apache.hadoop.ipc.Server$Handler.run(Server.java:3048) [hadoop-common-3.3.6.jar:?]
12:58:54.739 [IPC Server handler 3 on default port 15110] ERROR OMAudit - user=runner | ip=127.0.0.1 | op=GET_FILE_STATUS {volume=volume13657, bucket=bucket40110, key=d1/d2/d3/d4/invalidkey, dataSize=0, replicationConfig=null} | ret=FAILURE
org.apache.hadoop.ozone.om.exceptions.OMException: Unable to get file status: volume: volume13657 bucket: bucket40110 key: d1/d2/d3/d4/invalidkey
	at org.apache.hadoop.ozone.om.KeyManagerImpl.getOzoneFileStatus(KeyManagerImpl.java:1198) ~[ozone-manager-1.4.0-SNAPSHOT.jar:?]
	at org.apache.hadoop.ozone.om.KeyManagerImpl.getFileStatus(KeyManagerImpl.java:1116) ~[ozone-manager-1.4.0-SNAPSHOT.jar:?]
	at org.apache.hadoop.ozone.om.OmMetadataReader.getFileStatus(OmMetadataReader.java:266) ~[ozone-manager-1.4.0-SNAPSHOT.jar:?]
	at org.apache.hadoop.ozone.om.OzoneManager.getFileStatus(OzoneManager.java:3552) ~[ozone-manager-1.4.0-SNAPSHOT.jar:?]
	at org.apache.hadoop.ozone.protocolPB.OzoneManagerRequestHandler.getOzoneFileStatus(OzoneManagerRequestHandler.java:998) ~[ozone-manager-1.4.0-SNAPSHOT.jar:?]
	at org.apache.hadoop.ozone.protocolPB.OzoneManagerRequestHandler.handleReadRequest(OzoneManagerRequestHandler.java:259) ~[ozone-manager-1.4.0-SNAPSHOT.jar:?]
	at org.apache.hadoop.ozone.protocolPB.OzoneManagerProtocolServerSideTranslatorPB.submitReadRequestToOM(OzoneManagerProtocolServerSideTranslatorPB.java:225) ~[ozone-manager-1.4.0-SNAPSHOT.jar:?]
	at org.apache.hadoop.ozone.protocolPB.OzoneManagerProtocolServerSideTranslatorPB.processRequest(OzoneManagerProtocolServerSideTranslatorPB.java:179) ~[ozone-manager-1.4.0-SNAPSHOT.jar:?]
	at org.apache.hadoop.hdds.server.OzoneProtocolMessageDispatcher.processRequest(OzoneProtocolMessageDispatcher.java:87) [hdds-server-framework-1.4.0-SNAPSHOT.jar:?]
	at org.apache.hadoop.ozone.protocolPB.OzoneManagerProtocolServerSideTranslatorPB.submitRequest(OzoneManagerProtocolServerSideTranslatorPB.java:148) [ozone-manager-1.4.0-SNAPSHOT.jar:?]
	at org.apache.hadoop.ozone.protocol.proto.OzoneManagerProtocolProtos$OzoneManagerService$2.callBlockingMethod(OzoneManagerProtocolProtos.java) [ozone-interface-client-1.4.0-SNAPSHOT.jar:?]
	at org.apache.hadoop.ipc.ProtobufRpcEngine$Server.processCall(ProtobufRpcEngine.java:484) [hadoop-common-3.3.6.jar:?]
	at org.apache.hadoop.ipc.ProtobufRpcEngine2$Server$ProtoBufRpcInvoker.call(ProtobufRpcEngine2.java:595) [hadoop-common-3.3.6.jar:?]
	at org.apache.hadoop.ipc.ProtobufRpcEngine2$Server$ProtoBufRpcInvoker.call(ProtobufRpcEngine2.java:573) [hadoop-common-3.3.6.jar:?]
	at org.apache.hadoop.ipc.RPC$Server.call(RPC.java:1227) [hadoop-common-3.3.6.jar:?]
	at org.apache.hadoop.ipc.Server$RpcCall.run(Server.java:1094) [hadoop-common-3.3.6.jar:?]
	at org.apache.hadoop.ipc.Server$RpcCall.run(Server.java:1017) [hadoop-common-3.3.6.jar:?]
	at java.security.AccessController.doPrivileged(Native Method) ~[?:1.8.0_382]
	at javax.security.auth.Subject.doAs(Subject.java:422) [?:1.8.0_382]
	at org.apache.hadoop.security.UserGroupInformation.doAs(UserGroupInformation.java:1899) [hadoop-common-3.3.6.jar:?]
	at org.apache.hadoop.ipc.Server$Handler.run(Server.java:3048) [hadoop-common-3.3.6.jar:?]
]]></system-out>
  </testcase>
  <testcase name="testCreateFileShouldCheckExistenceOfDirWithSameName" classname="TestOzoneFileSystem" time="0.036">
    <system-out><![CDATA[13:00:27.514 [IPC Server handler 8 on default port 15163] ERROR OMAudit - user=runner | ip=127.0.0.1 | op=CREATE_FILE {volume=volume08867, bucket=bucket18921, key=d1/d2/d3/d4/key2, dataSize=4194304, replicationType=RATIS, replicationFactor=THREE} | ret=FAILURE
org.apache.hadoop.ozone.om.exceptions.OMException: Can not write to directory: d1/d2/d3/d4/key2
	at org.apache.hadoop.ozone.om.request.file.OMFileCreateRequest.checkDirectoryResult(OMFileCreateRequest.java:363) ~[ozone-manager-1.4.0-SNAPSHOT.jar:?]
	at org.apache.hadoop.ozone.om.request.file.OMFileCreateRequest.validateAndUpdateCache(OMFileCreateRequest.java:237) ~[ozone-manager-1.4.0-SNAPSHOT.jar:?]
	at org.apache.hadoop.ozone.protocolPB.OzoneManagerRequestHandler.handleWriteRequest(OzoneManagerRequestHandler.java:382) ~[ozone-manager-1.4.0-SNAPSHOT.jar:?]
	at org.apache.hadoop.ozone.protocolPB.OzoneManagerProtocolServerSideTranslatorPB.submitRequestDirectlyToOM(OzoneManagerProtocolServerSideTranslatorPB.java:280) ~[ozone-manager-1.4.0-SNAPSHOT.jar:?]
	at org.apache.hadoop.ozone.protocolPB.OzoneManagerProtocolServerSideTranslatorPB.processRequest(OzoneManagerProtocolServerSideTranslatorPB.java:175) ~[ozone-manager-1.4.0-SNAPSHOT.jar:?]
	at org.apache.hadoop.hdds.server.OzoneProtocolMessageDispatcher.processRequest(OzoneProtocolMessageDispatcher.java:87) [hdds-server-framework-1.4.0-SNAPSHOT.jar:?]
	at org.apache.hadoop.ozone.protocolPB.OzoneManagerProtocolServerSideTranslatorPB.submitRequest(OzoneManagerProtocolServerSideTranslatorPB.java:148) [ozone-manager-1.4.0-SNAPSHOT.jar:?]
	at org.apache.hadoop.ozone.protocol.proto.OzoneManagerProtocolProtos$OzoneManagerService$2.callBlockingMethod(OzoneManagerProtocolProtos.java) [ozone-interface-client-1.4.0-SNAPSHOT.jar:?]
	at org.apache.hadoop.ipc.ProtobufRpcEngine$Server.processCall(ProtobufRpcEngine.java:484) [hadoop-common-3.3.6.jar:?]
	at org.apache.hadoop.ipc.ProtobufRpcEngine2$Server$ProtoBufRpcInvoker.call(ProtobufRpcEngine2.java:595) [hadoop-common-3.3.6.jar:?]
	at org.apache.hadoop.ipc.ProtobufRpcEngine2$Server$ProtoBufRpcInvoker.call(ProtobufRpcEngine2.java:573) [hadoop-common-3.3.6.jar:?]
	at org.apache.hadoop.ipc.RPC$Server.call(RPC.java:1227) [hadoop-common-3.3.6.jar:?]
	at org.apache.hadoop.ipc.Server$RpcCall.run(Server.java:1094) [hadoop-common-3.3.6.jar:?]
	at org.apache.hadoop.ipc.Server$RpcCall.run(Server.java:1017) [hadoop-common-3.3.6.jar:?]
	at java.security.AccessController.doPrivileged(Native Method) ~[?:1.8.0_382]
	at javax.security.auth.Subject.doAs(Subject.java:422) [?:1.8.0_382]
	at org.apache.hadoop.security.UserGroupInformation.doAs(UserGroupInformation.java:1899) [hadoop-common-3.3.6.jar:?]
	at org.apache.hadoop.ipc.Server$Handler.run(Server.java:3048) [hadoop-common-3.3.6.jar:?]
2023-09-28 13:00:27,515 [IPC Server handler 8 on default port 15163] ERROR file.OMFileCreateRequest (OMFileCreateRequest.java:validateAndUpdateCache(336)) - File create failed. Volume:volume08867, Bucket:bucket18921, Keyd1/d2/d3/d4/key2.
NOT_A_FILE org.apache.hadoop.ozone.om.exceptions.OMException: Can not write to directory: d1/d2/d3/d4/key2
	at org.apache.hadoop.ozone.om.request.file.OMFileCreateRequest.checkDirectoryResult(OMFileCreateRequest.java:363)
	at org.apache.hadoop.ozone.om.request.file.OMFileCreateRequest.validateAndUpdateCache(OMFileCreateRequest.java:237)
	at org.apache.hadoop.ozone.protocolPB.OzoneManagerRequestHandler.handleWriteRequest(OzoneManagerRequestHandler.java:382)
	at org.apache.hadoop.ozone.protocolPB.OzoneManagerProtocolServerSideTranslatorPB.submitRequestDirectlyToOM(OzoneManagerProtocolServerSideTranslatorPB.java:280)
	at org.apache.hadoop.ozone.protocolPB.OzoneManagerProtocolServerSideTranslatorPB.processRequest(OzoneManagerProtocolServerSideTranslatorPB.java:175)
	at org.apache.hadoop.hdds.server.OzoneProtocolMessageDispatcher.processRequest(OzoneProtocolMessageDispatcher.java:87)
	at org.apache.hadoop.ozone.protocolPB.OzoneManagerProtocolServerSideTranslatorPB.submitRequest(OzoneManagerProtocolServerSideTranslatorPB.java:148)
	at org.apache.hadoop.ozone.protocol.proto.OzoneManagerProtocolProtos$OzoneManagerService$2.callBlockingMethod(OzoneManagerProtocolProtos.java)
	at org.apache.hadoop.ipc.ProtobufRpcEngine$Server.processCall(ProtobufRpcEngine.java:484)
	at org.apache.hadoop.ipc.ProtobufRpcEngine2$Server$ProtoBufRpcInvoker.call(ProtobufRpcEngine2.java:595)
	at org.apache.hadoop.ipc.ProtobufRpcEngine2$Server$ProtoBufRpcInvoker.call(ProtobufRpcEngine2.java:573)
	at org.apache.hadoop.ipc.RPC$Server.call(RPC.java:1227)
	at org.apache.hadoop.ipc.Server$RpcCall.run(Server.java:1094)
	at org.apache.hadoop.ipc.Server$RpcCall.run(Server.java:1017)
	at java.security.AccessController.doPrivileged(Native Method)
	at javax.security.auth.Subject.doAs(Subject.java:422)
	at org.apache.hadoop.security.UserGroupInformation.doAs(UserGroupInformation.java:1899)
	at org.apache.hadoop.ipc.Server$Handler.run(Server.java:3048)
13:00:27.523 [IPC Server handler 12 on default port 15163] ERROR OMAudit - user=runner | ip=127.0.0.1 | op=CREATE_DIRECTORY {volume=volume08867, bucket=bucket18921, key=d1/d2/d3/d4/key3, dataSize=0, replicationType=NONE, replicationFactor=ZERO} | ret=FAILURE
org.apache.hadoop.ozone.om.exceptions.OMException: Unable to create directory: d1/d2/d3/d4/key3 in volume/bucket: volume08867/bucket18921
	at org.apache.hadoop.ozone.om.request.file.OMDirectoryCreateRequest.validateAndUpdateCache(OMDirectoryCreateRequest.java:194) ~[ozone-manager-1.4.0-SNAPSHOT.jar:?]
	at org.apache.hadoop.ozone.protocolPB.OzoneManagerRequestHandler.handleWriteRequest(OzoneManagerRequestHandler.java:382) ~[ozone-manager-1.4.0-SNAPSHOT.jar:?]
	at org.apache.hadoop.ozone.protocolPB.OzoneManagerProtocolServerSideTranslatorPB.submitRequestDirectlyToOM(OzoneManagerProtocolServerSideTranslatorPB.java:280) ~[ozone-manager-1.4.0-SNAPSHOT.jar:?]
	at org.apache.hadoop.ozone.protocolPB.OzoneManagerProtocolServerSideTranslatorPB.processRequest(OzoneManagerProtocolServerSideTranslatorPB.java:175) ~[ozone-manager-1.4.0-SNAPSHOT.jar:?]
	at org.apache.hadoop.hdds.server.OzoneProtocolMessageDispatcher.processRequest(OzoneProtocolMessageDispatcher.java:87) [hdds-server-framework-1.4.0-SNAPSHOT.jar:?]
	at org.apache.hadoop.ozone.protocolPB.OzoneManagerProtocolServerSideTranslatorPB.submitRequest(OzoneManagerProtocolServerSideTranslatorPB.java:148) [ozone-manager-1.4.0-SNAPSHOT.jar:?]
	at org.apache.hadoop.ozone.protocol.proto.OzoneManagerProtocolProtos$OzoneManagerService$2.callBlockingMethod(OzoneManagerProtocolProtos.java) [ozone-interface-client-1.4.0-SNAPSHOT.jar:?]
	at org.apache.hadoop.ipc.ProtobufRpcEngine$Server.processCall(ProtobufRpcEngine.java:484) [hadoop-common-3.3.6.jar:?]
	at org.apache.hadoop.ipc.ProtobufRpcEngine2$Server$ProtoBufRpcInvoker.call(ProtobufRpcEngine2.java:595) [hadoop-common-3.3.6.jar:?]
	at org.apache.hadoop.ipc.ProtobufRpcEngine2$Server$ProtoBufRpcInvoker.call(ProtobufRpcEngine2.java:573) [hadoop-common-3.3.6.jar:?]
	at org.apache.hadoop.ipc.RPC$Server.call(RPC.java:1227) [hadoop-common-3.3.6.jar:?]
	at org.apache.hadoop.ipc.Server$RpcCall.run(Server.java:1094) [hadoop-common-3.3.6.jar:?]
	at org.apache.hadoop.ipc.Server$RpcCall.run(Server.java:1017) [hadoop-common-3.3.6.jar:?]
	at java.security.AccessController.doPrivileged(Native Method) ~[?:1.8.0_382]
	at javax.security.auth.Subject.doAs(Subject.java:422) [?:1.8.0_382]
	at org.apache.hadoop.security.UserGroupInformation.doAs(UserGroupInformation.java:1899) [hadoop-common-3.3.6.jar:?]
	at org.apache.hadoop.ipc.Server$Handler.run(Server.java:3048) [hadoop-common-3.3.6.jar:?]
2023-09-28 13:00:27,523 [IPC Server handler 12 on default port 15163] ERROR file.OMDirectoryCreateRequest (OMDirectoryCreateRequest.java:logResult(334)) - Directory creation failed. Volume:volume08867, Bucket:bucket18921, Keyd1/d2/d3/d4/key3. Exception:{}
FILE_ALREADY_EXISTS org.apache.hadoop.ozone.om.exceptions.OMException: Unable to create directory: d1/d2/d3/d4/key3 in volume/bucket: volume08867/bucket18921
	at org.apache.hadoop.ozone.om.request.file.OMDirectoryCreateRequest.validateAndUpdateCache(OMDirectoryCreateRequest.java:194)
	at org.apache.hadoop.ozone.protocolPB.OzoneManagerRequestHandler.handleWriteRequest(OzoneManagerRequestHandler.java:382)
	at org.apache.hadoop.ozone.protocolPB.OzoneManagerProtocolServerSideTranslatorPB.submitRequestDirectlyToOM(OzoneManagerProtocolServerSideTranslatorPB.java:280)
	at org.apache.hadoop.ozone.protocolPB.OzoneManagerProtocolServerSideTranslatorPB.processRequest(OzoneManagerProtocolServerSideTranslatorPB.java:175)
	at org.apache.hadoop.hdds.server.OzoneProtocolMessageDispatcher.processRequest(OzoneProtocolMessageDispatcher.java:87)
	at org.apache.hadoop.ozone.protocolPB.OzoneManagerProtocolServerSideTranslatorPB.submitRequest(OzoneManagerProtocolServerSideTranslatorPB.java:148)
	at org.apache.hadoop.ozone.protocol.proto.OzoneManagerProtocolProtos$OzoneManagerService$2.callBlockingMethod(OzoneManagerProtocolProtos.java)
	at org.apache.hadoop.ipc.ProtobufRpcEngine$Server.processCall(ProtobufRpcEngine.java:484)
	at org.apache.hadoop.ipc.ProtobufRpcEngine2$Server$ProtoBufRpcInvoker.call(ProtobufRpcEngine2.java:595)
	at org.apache.hadoop.ipc.ProtobufRpcEngine2$Server$ProtoBufRpcInvoker.call(ProtobufRpcEngine2.java:573)
	at org.apache.hadoop.ipc.RPC$Server.call(RPC.java:1227)
	at org.apache.hadoop.ipc.Server$RpcCall.run(Server.java:1094)
	at org.apache.hadoop.ipc.Server$RpcCall.run(Server.java:1017)
	at java.security.AccessController.doPrivileged(Native Method)
	at javax.security.auth.Subject.doAs(Subject.java:422)
	at org.apache.hadoop.security.UserGroupInformation.doAs(UserGroupInformation.java:1899)
	at org.apache.hadoop.ipc.Server$Handler.run(Server.java:3048)
13:00:27.526 [IPC Server handler 13 on default port 15163] ERROR OMAudit - user=runner | ip=127.0.0.1 | op=CREATE_FILE {volume=volume08867, bucket=bucket18921, key=d1/d2/d3, dataSize=4194304, replicationType=RATIS, replicationFactor=THREE} | ret=FAILURE
org.apache.hadoop.ozone.om.exceptions.OMException: Can not write to directory: d1/d2/d3
	at org.apache.hadoop.ozone.om.request.file.OMFileCreateRequest.checkDirectoryResult(OMFileCreateRequest.java:363) ~[ozone-manager-1.4.0-SNAPSHOT.jar:?]
	at org.apache.hadoop.ozone.om.request.file.OMFileCreateRequest.validateAndUpdateCache(OMFileCreateRequest.java:237) ~[ozone-manager-1.4.0-SNAPSHOT.jar:?]
	at org.apache.hadoop.ozone.protocolPB.OzoneManagerRequestHandler.handleWriteRequest(OzoneManagerRequestHandler.java:382) ~[ozone-manager-1.4.0-SNAPSHOT.jar:?]
	at org.apache.hadoop.ozone.protocolPB.OzoneManagerProtocolServerSideTranslatorPB.submitRequestDirectlyToOM(OzoneManagerProtocolServerSideTranslatorPB.java:280) ~[ozone-manager-1.4.0-SNAPSHOT.jar:?]
	at org.apache.hadoop.ozone.protocolPB.OzoneManagerProtocolServerSideTranslatorPB.processRequest(OzoneManagerProtocolServerSideTranslatorPB.java:175) ~[ozone-manager-1.4.0-SNAPSHOT.jar:?]
	at org.apache.hadoop.hdds.server.OzoneProtocolMessageDispatcher.processRequest(OzoneProtocolMessageDispatcher.java:87) [hdds-server-framework-1.4.0-SNAPSHOT.jar:?]
	at org.apache.hadoop.ozone.protocolPB.OzoneManagerProtocolServerSideTranslatorPB.submitRequest(OzoneManagerProtocolServerSideTranslatorPB.java:148) [ozone-manager-1.4.0-SNAPSHOT.jar:?]
	at org.apache.hadoop.ozone.protocol.proto.OzoneManagerProtocolProtos$OzoneManagerService$2.callBlockingMethod(OzoneManagerProtocolProtos.java) [ozone-interface-client-1.4.0-SNAPSHOT.jar:?]
	at org.apache.hadoop.ipc.ProtobufRpcEngine$Server.processCall(ProtobufRpcEngine.java:484) [hadoop-common-3.3.6.jar:?]
	at org.apache.hadoop.ipc.ProtobufRpcEngine2$Server$ProtoBufRpcInvoker.call(ProtobufRpcEngine2.java:595) [hadoop-common-3.3.6.jar:?]
	at org.apache.hadoop.ipc.ProtobufRpcEngine2$Server$ProtoBufRpcInvoker.call(ProtobufRpcEngine2.java:573) [hadoop-common-3.3.6.jar:?]
	at org.apache.hadoop.ipc.RPC$Server.call(RPC.java:1227) [hadoop-common-3.3.6.jar:?]
	at org.apache.hadoop.ipc.Server$RpcCall.run(Server.java:1094) [hadoop-common-3.3.6.jar:?]
	at org.apache.hadoop.ipc.Server$RpcCall.run(Server.java:1017) [hadoop-common-3.3.6.jar:?]
	at java.security.AccessController.doPrivileged(Native Method) ~[?:1.8.0_382]
	at javax.security.auth.Subject.doAs(Subject.java:422) [?:1.8.0_382]
	at org.apache.hadoop.security.UserGroupInformation.doAs(UserGroupInformation.java:1899) [hadoop-common-3.3.6.jar:?]
	at org.apache.hadoop.ipc.Server$Handler.run(Server.java:3048) [hadoop-common-3.3.6.jar:?]
2023-09-28 13:00:27,526 [IPC Server handler 13 on default port 15163] ERROR file.OMFileCreateRequest (OMFileCreateRequest.java:validateAndUpdateCache(336)) - File create failed. Volume:volume08867, Bucket:bucket18921, Keyd1/d2/d3.
NOT_A_FILE org.apache.hadoop.ozone.om.exceptions.OMException: Can not write to directory: d1/d2/d3
	at org.apache.hadoop.ozone.om.request.file.OMFileCreateRequest.checkDirectoryResult(OMFileCreateRequest.java:363)
	at org.apache.hadoop.ozone.om.request.file.OMFileCreateRequest.validateAndUpdateCache(OMFileCreateRequest.java:237)
	at org.apache.hadoop.ozone.protocolPB.OzoneManagerRequestHandler.handleWriteRequest(OzoneManagerRequestHandler.java:382)
	at org.apache.hadoop.ozone.protocolPB.OzoneManagerProtocolServerSideTranslatorPB.submitRequestDirectlyToOM(OzoneManagerProtocolServerSideTranslatorPB.java:280)
	at org.apache.hadoop.ozone.protocolPB.OzoneManagerProtocolServerSideTranslatorPB.processRequest(OzoneManagerProtocolServerSideTranslatorPB.java:175)
	at org.apache.hadoop.hdds.server.OzoneProtocolMessageDispatcher.processRequest(OzoneProtocolMessageDispatcher.java:87)
	at org.apache.hadoop.ozone.protocolPB.OzoneManagerProtocolServerSideTranslatorPB.submitRequest(OzoneManagerProtocolServerSideTranslatorPB.java:148)
	at org.apache.hadoop.ozone.protocol.proto.OzoneManagerProtocolProtos$OzoneManagerService$2.callBlockingMethod(OzoneManagerProtocolProtos.java)
	at org.apache.hadoop.ipc.ProtobufRpcEngine$Server.processCall(ProtobufRpcEngine.java:484)
	at org.apache.hadoop.ipc.ProtobufRpcEngine2$Server$ProtoBufRpcInvoker.call(ProtobufRpcEngine2.java:595)
	at org.apache.hadoop.ipc.ProtobufRpcEngine2$Server$ProtoBufRpcInvoker.call(ProtobufRpcEngine2.java:573)
	at org.apache.hadoop.ipc.RPC$Server.call(RPC.java:1227)
	at org.apache.hadoop.ipc.Server$RpcCall.run(Server.java:1094)
	at org.apache.hadoop.ipc.Server$RpcCall.run(Server.java:1017)
	at java.security.AccessController.doPrivileged(Native Method)
	at javax.security.auth.Subject.doAs(Subject.java:422)
	at org.apache.hadoop.security.UserGroupInformation.doAs(UserGroupInformation.java:1899)
	at org.apache.hadoop.ipc.Server$Handler.run(Server.java:3048)
13:00:27.531 [IPC Server handler 15 on default port 15163] ERROR OMAudit - user=runner | ip=127.0.0.1 | op=GET_FILE_STATUS {volume=volume08867, bucket=bucket18921, key=d1/d2/d3/d4/key3/invalid, dataSize=0, replicationConfig=null} | ret=FAILURE
org.apache.hadoop.ozone.om.exceptions.OMException: Unable to get file status: volume: volume08867 bucket: bucket18921 key: d1/d2/d3/d4/key3/invalid
	at org.apache.hadoop.ozone.om.KeyManagerImpl.getOzoneFileStatus(KeyManagerImpl.java:1198) ~[ozone-manager-1.4.0-SNAPSHOT.jar:?]
	at org.apache.hadoop.ozone.om.KeyManagerImpl.getFileStatus(KeyManagerImpl.java:1116) ~[ozone-manager-1.4.0-SNAPSHOT.jar:?]
	at org.apache.hadoop.ozone.om.OmMetadataReader.getFileStatus(OmMetadataReader.java:266) ~[ozone-manager-1.4.0-SNAPSHOT.jar:?]
	at org.apache.hadoop.ozone.om.OzoneManager.getFileStatus(OzoneManager.java:3552) ~[ozone-manager-1.4.0-SNAPSHOT.jar:?]
	at org.apache.hadoop.ozone.protocolPB.OzoneManagerRequestHandler.getOzoneFileStatus(OzoneManagerRequestHandler.java:998) ~[ozone-manager-1.4.0-SNAPSHOT.jar:?]
	at org.apache.hadoop.ozone.protocolPB.OzoneManagerRequestHandler.handleReadRequest(OzoneManagerRequestHandler.java:259) ~[ozone-manager-1.4.0-SNAPSHOT.jar:?]
	at org.apache.hadoop.ozone.protocolPB.OzoneManagerProtocolServerSideTranslatorPB.submitRequestDirectlyToOM(OzoneManagerProtocolServerSideTranslatorPB.java:274) ~[ozone-manager-1.4.0-SNAPSHOT.jar:?]
	at org.apache.hadoop.ozone.protocolPB.OzoneManagerProtocolServerSideTranslatorPB.processRequest(OzoneManagerProtocolServerSideTranslatorPB.java:175) ~[ozone-manager-1.4.0-SNAPSHOT.jar:?]
	at org.apache.hadoop.hdds.server.OzoneProtocolMessageDispatcher.processRequest(OzoneProtocolMessageDispatcher.java:87) [hdds-server-framework-1.4.0-SNAPSHOT.jar:?]
	at org.apache.hadoop.ozone.protocolPB.OzoneManagerProtocolServerSideTranslatorPB.submitRequest(OzoneManagerProtocolServerSideTranslatorPB.java:148) [ozone-manager-1.4.0-SNAPSHOT.jar:?]
	at org.apache.hadoop.ozone.protocol.proto.OzoneManagerProtocolProtos$OzoneManagerService$2.callBlockingMethod(OzoneManagerProtocolProtos.java) [ozone-interface-client-1.4.0-SNAPSHOT.jar:?]
	at org.apache.hadoop.ipc.ProtobufRpcEngine$Server.processCall(ProtobufRpcEngine.java:484) [hadoop-common-3.3.6.jar:?]
	at org.apache.hadoop.ipc.ProtobufRpcEngine2$Server$ProtoBufRpcInvoker.call(ProtobufRpcEngine2.java:595) [hadoop-common-3.3.6.jar:?]
	at org.apache.hadoop.ipc.ProtobufRpcEngine2$Server$ProtoBufRpcInvoker.call(ProtobufRpcEngine2.java:573) [hadoop-common-3.3.6.jar:?]
	at org.apache.hadoop.ipc.RPC$Server.call(RPC.java:1227) [hadoop-common-3.3.6.jar:?]
	at org.apache.hadoop.ipc.Server$RpcCall.run(Server.java:1094) [hadoop-common-3.3.6.jar:?]
	at org.apache.hadoop.ipc.Server$RpcCall.run(Server.java:1017) [hadoop-common-3.3.6.jar:?]
	at java.security.AccessController.doPrivileged(Native Method) ~[?:1.8.0_382]
	at javax.security.auth.Subject.doAs(Subject.java:422) [?:1.8.0_382]
	at org.apache.hadoop.security.UserGroupInformation.doAs(UserGroupInformation.java:1899) [hadoop-common-3.3.6.jar:?]
	at org.apache.hadoop.ipc.Server$Handler.run(Server.java:3048) [hadoop-common-3.3.6.jar:?]
13:00:27.532 [IPC Server handler 16 on default port 15163] ERROR OMAudit - user=runner | ip=127.0.0.1 | op=GET_FILE_STATUS {volume=volume08867, bucket=bucket18921, key=d1/d2/d3/d4/invalidkey, dataSize=0, replicationConfig=null} | ret=FAILURE
org.apache.hadoop.ozone.om.exceptions.OMException: Unable to get file status: volume: volume08867 bucket: bucket18921 key: d1/d2/d3/d4/invalidkey
	at org.apache.hadoop.ozone.om.KeyManagerImpl.getOzoneFileStatus(KeyManagerImpl.java:1198) ~[ozone-manager-1.4.0-SNAPSHOT.jar:?]
	at org.apache.hadoop.ozone.om.KeyManagerImpl.getFileStatus(KeyManagerImpl.java:1116) ~[ozone-manager-1.4.0-SNAPSHOT.jar:?]
	at org.apache.hadoop.ozone.om.OmMetadataReader.getFileStatus(OmMetadataReader.java:266) ~[ozone-manager-1.4.0-SNAPSHOT.jar:?]
	at org.apache.hadoop.ozone.om.OzoneManager.getFileStatus(OzoneManager.java:3552) ~[ozone-manager-1.4.0-SNAPSHOT.jar:?]
	at org.apache.hadoop.ozone.protocolPB.OzoneManagerRequestHandler.getOzoneFileStatus(OzoneManagerRequestHandler.java:998) ~[ozone-manager-1.4.0-SNAPSHOT.jar:?]
	at org.apache.hadoop.ozone.protocolPB.OzoneManagerRequestHandler.handleReadRequest(OzoneManagerRequestHandler.java:259) ~[ozone-manager-1.4.0-SNAPSHOT.jar:?]
	at org.apache.hadoop.ozone.protocolPB.OzoneManagerProtocolServerSideTranslatorPB.submitRequestDirectlyToOM(OzoneManagerProtocolServerSideTranslatorPB.java:274) ~[ozone-manager-1.4.0-SNAPSHOT.jar:?]
	at org.apache.hadoop.ozone.protocolPB.OzoneManagerProtocolServerSideTranslatorPB.processRequest(OzoneManagerProtocolServerSideTranslatorPB.java:175) ~[ozone-manager-1.4.0-SNAPSHOT.jar:?]
	at org.apache.hadoop.hdds.server.OzoneProtocolMessageDispatcher.processRequest(OzoneProtocolMessageDispatcher.java:87) [hdds-server-framework-1.4.0-SNAPSHOT.jar:?]
	at org.apache.hadoop.ozone.protocolPB.OzoneManagerProtocolServerSideTranslatorPB.submitRequest(OzoneManagerProtocolServerSideTranslatorPB.java:148) [ozone-manager-1.4.0-SNAPSHOT.jar:?]
	at org.apache.hadoop.ozone.protocol.proto.OzoneManagerProtocolProtos$OzoneManagerService$2.callBlockingMethod(OzoneManagerProtocolProtos.java) [ozone-interface-client-1.4.0-SNAPSHOT.jar:?]
	at org.apache.hadoop.ipc.ProtobufRpcEngine$Server.processCall(ProtobufRpcEngine.java:484) [hadoop-common-3.3.6.jar:?]
	at org.apache.hadoop.ipc.ProtobufRpcEngine2$Server$ProtoBufRpcInvoker.call(ProtobufRpcEngine2.java:595) [hadoop-common-3.3.6.jar:?]
	at org.apache.hadoop.ipc.ProtobufRpcEngine2$Server$ProtoBufRpcInvoker.call(ProtobufRpcEngine2.java:573) [hadoop-common-3.3.6.jar:?]
	at org.apache.hadoop.ipc.RPC$Server.call(RPC.java:1227) [hadoop-common-3.3.6.jar:?]
	at org.apache.hadoop.ipc.Server$RpcCall.run(Server.java:1094) [hadoop-common-3.3.6.jar:?]
	at org.apache.hadoop.ipc.Server$RpcCall.run(Server.java:1017) [hadoop-common-3.3.6.jar:?]
	at java.security.AccessController.doPrivileged(Native Method) ~[?:1.8.0_382]
	at javax.security.auth.Subject.doAs(Subject.java:422) [?:1.8.0_382]
	at org.apache.hadoop.security.UserGroupInformation.doAs(UserGroupInformation.java:1899) [hadoop-common-3.3.6.jar:?]
	at org.apache.hadoop.ipc.Server$Handler.run(Server.java:3048) [hadoop-common-3.3.6.jar:?]
]]></system-out>
  </testcase>
  <testcase name="testRenameContainDelimiterFile" classname="TestOzoneFileSystem" time="0.051">
    <system-out><![CDATA[12:56:07.404 [IPC Server handler 15 on default port 15004] ERROR OMAudit - user=runner | ip=127.0.0.1 | op=GET_FILE_STATUS {volume=volume53983, bucket=bucket27347, key=dir1/dir2/key2, dataSize=0, replicationConfig=null} | ret=FAILURE
org.apache.hadoop.ozone.om.exceptions.OMException: Unable to get file status: volume: volume53983 bucket: bucket27347 key: dir1/dir2/key2
	at org.apache.hadoop.ozone.om.KeyManagerImpl.getOzoneFileStatus(KeyManagerImpl.java:1198) ~[ozone-manager-1.4.0-SNAPSHOT.jar:?]
	at org.apache.hadoop.ozone.om.KeyManagerImpl.getFileStatus(KeyManagerImpl.java:1116) ~[ozone-manager-1.4.0-SNAPSHOT.jar:?]
	at org.apache.hadoop.ozone.om.OmMetadataReader.getFileStatus(OmMetadataReader.java:266) ~[ozone-manager-1.4.0-SNAPSHOT.jar:?]
	at org.apache.hadoop.ozone.om.OzoneManager.getFileStatus(OzoneManager.java:3552) ~[ozone-manager-1.4.0-SNAPSHOT.jar:?]
	at org.apache.hadoop.ozone.protocolPB.OzoneManagerRequestHandler.getOzoneFileStatus(OzoneManagerRequestHandler.java:998) ~[ozone-manager-1.4.0-SNAPSHOT.jar:?]
	at org.apache.hadoop.ozone.protocolPB.OzoneManagerRequestHandler.handleReadRequest(OzoneManagerRequestHandler.java:259) ~[ozone-manager-1.4.0-SNAPSHOT.jar:?]
	at org.apache.hadoop.ozone.protocolPB.OzoneManagerProtocolServerSideTranslatorPB.submitReadRequestToOM(OzoneManagerProtocolServerSideTranslatorPB.java:225) ~[ozone-manager-1.4.0-SNAPSHOT.jar:?]
	at org.apache.hadoop.ozone.protocolPB.OzoneManagerProtocolServerSideTranslatorPB.processRequest(OzoneManagerProtocolServerSideTranslatorPB.java:179) ~[ozone-manager-1.4.0-SNAPSHOT.jar:?]
	at org.apache.hadoop.hdds.server.OzoneProtocolMessageDispatcher.processRequest(OzoneProtocolMessageDispatcher.java:87) [hdds-server-framework-1.4.0-SNAPSHOT.jar:?]
	at org.apache.hadoop.ozone.protocolPB.OzoneManagerProtocolServerSideTranslatorPB.submitRequest(OzoneManagerProtocolServerSideTranslatorPB.java:148) [ozone-manager-1.4.0-SNAPSHOT.jar:?]
	at org.apache.hadoop.ozone.protocol.proto.OzoneManagerProtocolProtos$OzoneManagerService$2.callBlockingMethod(OzoneManagerProtocolProtos.java) [ozone-interface-client-1.4.0-SNAPSHOT.jar:?]
	at org.apache.hadoop.ipc.ProtobufRpcEngine$Server.processCall(ProtobufRpcEngine.java:484) [hadoop-common-3.3.6.jar:?]
	at org.apache.hadoop.ipc.ProtobufRpcEngine2$Server$ProtoBufRpcInvoker.call(ProtobufRpcEngine2.java:595) [hadoop-common-3.3.6.jar:?]
	at org.apache.hadoop.ipc.ProtobufRpcEngine2$Server$ProtoBufRpcInvoker.call(ProtobufRpcEngine2.java:573) [hadoop-common-3.3.6.jar:?]
	at org.apache.hadoop.ipc.RPC$Server.call(RPC.java:1227) [hadoop-common-3.3.6.jar:?]
	at org.apache.hadoop.ipc.Server$RpcCall.run(Server.java:1094) [hadoop-common-3.3.6.jar:?]
	at org.apache.hadoop.ipc.Server$RpcCall.run(Server.java:1017) [hadoop-common-3.3.6.jar:?]
	at java.security.AccessController.doPrivileged(Native Method) ~[?:1.8.0_382]
	at javax.security.auth.Subject.doAs(Subject.java:422) [?:1.8.0_382]
	at org.apache.hadoop.security.UserGroupInformation.doAs(UserGroupInformation.java:1899) [hadoop-common-3.3.6.jar:?]
	at org.apache.hadoop.ipc.Server$Handler.run(Server.java:3048) [hadoop-common-3.3.6.jar:?]
12:56:07.418 [IPC Server handler 4 on default port 15004] ERROR OMAudit - user=runner | ip=127.0.0.1 | op=GET_FILE_STATUS {volume=volume53983, bucket=bucket27347, key=dir1/dir2/key1, dataSize=0, replicationConfig=null} | ret=FAILURE
org.apache.hadoop.ozone.om.exceptions.OMException: Unable to get file status: volume: volume53983 bucket: bucket27347 key: dir1/dir2/key1
	at org.apache.hadoop.ozone.om.KeyManagerImpl.getOzoneFileStatus(KeyManagerImpl.java:1198) ~[ozone-manager-1.4.0-SNAPSHOT.jar:?]
	at org.apache.hadoop.ozone.om.KeyManagerImpl.getFileStatus(KeyManagerImpl.java:1116) ~[ozone-manager-1.4.0-SNAPSHOT.jar:?]
	at org.apache.hadoop.ozone.om.OmMetadataReader.getFileStatus(OmMetadataReader.java:266) ~[ozone-manager-1.4.0-SNAPSHOT.jar:?]
	at org.apache.hadoop.ozone.om.OzoneManager.getFileStatus(OzoneManager.java:3552) ~[ozone-manager-1.4.0-SNAPSHOT.jar:?]
	at org.apache.hadoop.ozone.protocolPB.OzoneManagerRequestHandler.getOzoneFileStatus(OzoneManagerRequestHandler.java:998) ~[ozone-manager-1.4.0-SNAPSHOT.jar:?]
	at org.apache.hadoop.ozone.protocolPB.OzoneManagerRequestHandler.handleReadRequest(OzoneManagerRequestHandler.java:259) ~[ozone-manager-1.4.0-SNAPSHOT.jar:?]
	at org.apache.hadoop.ozone.protocolPB.OzoneManagerProtocolServerSideTranslatorPB.submitReadRequestToOM(OzoneManagerProtocolServerSideTranslatorPB.java:225) ~[ozone-manager-1.4.0-SNAPSHOT.jar:?]
	at org.apache.hadoop.ozone.protocolPB.OzoneManagerProtocolServerSideTranslatorPB.processRequest(OzoneManagerProtocolServerSideTranslatorPB.java:179) ~[ozone-manager-1.4.0-SNAPSHOT.jar:?]
	at org.apache.hadoop.hdds.server.OzoneProtocolMessageDispatcher.processRequest(OzoneProtocolMessageDispatcher.java:87) [hdds-server-framework-1.4.0-SNAPSHOT.jar:?]
	at org.apache.hadoop.ozone.protocolPB.OzoneManagerProtocolServerSideTranslatorPB.submitRequest(OzoneManagerProtocolServerSideTranslatorPB.java:148) [ozone-manager-1.4.0-SNAPSHOT.jar:?]
	at org.apache.hadoop.ozone.protocol.proto.OzoneManagerProtocolProtos$OzoneManagerService$2.callBlockingMethod(OzoneManagerProtocolProtos.java) [ozone-interface-client-1.4.0-SNAPSHOT.jar:?]
	at org.apache.hadoop.ipc.ProtobufRpcEngine$Server.processCall(ProtobufRpcEngine.java:484) [hadoop-common-3.3.6.jar:?]
	at org.apache.hadoop.ipc.ProtobufRpcEngine2$Server$ProtoBufRpcInvoker.call(ProtobufRpcEngine2.java:595) [hadoop-common-3.3.6.jar:?]
	at org.apache.hadoop.ipc.ProtobufRpcEngine2$Server$ProtoBufRpcInvoker.call(ProtobufRpcEngine2.java:573) [hadoop-common-3.3.6.jar:?]
	at org.apache.hadoop.ipc.RPC$Server.call(RPC.java:1227) [hadoop-common-3.3.6.jar:?]
	at org.apache.hadoop.ipc.Server$RpcCall.run(Server.java:1094) [hadoop-common-3.3.6.jar:?]
	at org.apache.hadoop.ipc.Server$RpcCall.run(Server.java:1017) [hadoop-common-3.3.6.jar:?]
	at java.security.AccessController.doPrivileged(Native Method) ~[?:1.8.0_382]
	at javax.security.auth.Subject.doAs(Subject.java:422) [?:1.8.0_382]
	at org.apache.hadoop.security.UserGroupInformation.doAs(UserGroupInformation.java:1899) [hadoop-common-3.3.6.jar:?]
	at org.apache.hadoop.ipc.Server$Handler.run(Server.java:3048) [hadoop-common-3.3.6.jar:?]
12:56:07.421 [IPC Server handler 0 on default port 15004] ERROR OMAudit - user=runner | ip=127.0.0.1 | op=GET_FILE_STATUS {volume=volume53983, bucket=bucket27347, key=user/runner/dir1, dataSize=0, replicationConfig=null} | ret=FAILURE
org.apache.hadoop.ozone.om.exceptions.OMException: Unable to get file status: volume: volume53983 bucket: bucket27347 key: user/runner/dir1
	at org.apache.hadoop.ozone.om.KeyManagerImpl.getOzoneFileStatus(KeyManagerImpl.java:1198) ~[ozone-manager-1.4.0-SNAPSHOT.jar:?]
	at org.apache.hadoop.ozone.om.KeyManagerImpl.getFileStatus(KeyManagerImpl.java:1116) ~[ozone-manager-1.4.0-SNAPSHOT.jar:?]
	at org.apache.hadoop.ozone.om.OmMetadataReader.getFileStatus(OmMetadataReader.java:266) ~[ozone-manager-1.4.0-SNAPSHOT.jar:?]
	at org.apache.hadoop.ozone.om.OzoneManager.getFileStatus(OzoneManager.java:3552) ~[ozone-manager-1.4.0-SNAPSHOT.jar:?]
	at org.apache.hadoop.ozone.protocolPB.OzoneManagerRequestHandler.getOzoneFileStatus(OzoneManagerRequestHandler.java:998) ~[ozone-manager-1.4.0-SNAPSHOT.jar:?]
	at org.apache.hadoop.ozone.protocolPB.OzoneManagerRequestHandler.handleReadRequest(OzoneManagerRequestHandler.java:259) ~[ozone-manager-1.4.0-SNAPSHOT.jar:?]
	at org.apache.hadoop.ozone.protocolPB.OzoneManagerProtocolServerSideTranslatorPB.submitReadRequestToOM(OzoneManagerProtocolServerSideTranslatorPB.java:225) ~[ozone-manager-1.4.0-SNAPSHOT.jar:?]
	at org.apache.hadoop.ozone.protocolPB.OzoneManagerProtocolServerSideTranslatorPB.processRequest(OzoneManagerProtocolServerSideTranslatorPB.java:179) ~[ozone-manager-1.4.0-SNAPSHOT.jar:?]
	at org.apache.hadoop.hdds.server.OzoneProtocolMessageDispatcher.processRequest(OzoneProtocolMessageDispatcher.java:87) [hdds-server-framework-1.4.0-SNAPSHOT.jar:?]
	at org.apache.hadoop.ozone.protocolPB.OzoneManagerProtocolServerSideTranslatorPB.submitRequest(OzoneManagerProtocolServerSideTranslatorPB.java:148) [ozone-manager-1.4.0-SNAPSHOT.jar:?]
	at org.apache.hadoop.ozone.protocol.proto.OzoneManagerProtocolProtos$OzoneManagerService$2.callBlockingMethod(OzoneManagerProtocolProtos.java) [ozone-interface-client-1.4.0-SNAPSHOT.jar:?]
	at org.apache.hadoop.ipc.ProtobufRpcEngine$Server.processCall(ProtobufRpcEngine.java:484) [hadoop-common-3.3.6.jar:?]
	at org.apache.hadoop.ipc.ProtobufRpcEngine2$Server$ProtoBufRpcInvoker.call(ProtobufRpcEngine2.java:595) [hadoop-common-3.3.6.jar:?]
	at org.apache.hadoop.ipc.ProtobufRpcEngine2$Server$ProtoBufRpcInvoker.call(ProtobufRpcEngine2.java:573) [hadoop-common-3.3.6.jar:?]
	at org.apache.hadoop.ipc.RPC$Server.call(RPC.java:1227) [hadoop-common-3.3.6.jar:?]
	at org.apache.hadoop.ipc.Server$RpcCall.run(Server.java:1094) [hadoop-common-3.3.6.jar:?]
	at org.apache.hadoop.ipc.Server$RpcCall.run(Server.java:1017) [hadoop-common-3.3.6.jar:?]
	at java.security.AccessController.doPrivileged(Native Method) ~[?:1.8.0_382]
	at javax.security.auth.Subject.doAs(Subject.java:422) [?:1.8.0_382]
	at org.apache.hadoop.security.UserGroupInformation.doAs(UserGroupInformation.java:1899) [hadoop-common-3.3.6.jar:?]
	at org.apache.hadoop.ipc.Server$Handler.run(Server.java:3048) [hadoop-common-3.3.6.jar:?]
12:56:07.422 [IPC Server handler 14 on default port 15004] ERROR OMAudit - user=runner | ip=127.0.0.1 | op=GET_FILE_STATUS {volume=volume53983, bucket=bucket27347, key=user/runner/dir1/dir2, dataSize=0, replicationConfig=null} | ret=FAILURE
org.apache.hadoop.ozone.om.exceptions.OMException: Unable to get file status: volume: volume53983 bucket: bucket27347 key: user/runner/dir1/dir2
	at org.apache.hadoop.ozone.om.KeyManagerImpl.getOzoneFileStatus(KeyManagerImpl.java:1198) ~[ozone-manager-1.4.0-SNAPSHOT.jar:?]
	at org.apache.hadoop.ozone.om.KeyManagerImpl.getFileStatus(KeyManagerImpl.java:1116) ~[ozone-manager-1.4.0-SNAPSHOT.jar:?]
	at org.apache.hadoop.ozone.om.OmMetadataReader.getFileStatus(OmMetadataReader.java:266) ~[ozone-manager-1.4.0-SNAPSHOT.jar:?]
	at org.apache.hadoop.ozone.om.OzoneManager.getFileStatus(OzoneManager.java:3552) ~[ozone-manager-1.4.0-SNAPSHOT.jar:?]
	at org.apache.hadoop.ozone.protocolPB.OzoneManagerRequestHandler.getOzoneFileStatus(OzoneManagerRequestHandler.java:998) ~[ozone-manager-1.4.0-SNAPSHOT.jar:?]
	at org.apache.hadoop.ozone.protocolPB.OzoneManagerRequestHandler.handleReadRequest(OzoneManagerRequestHandler.java:259) ~[ozone-manager-1.4.0-SNAPSHOT.jar:?]
	at org.apache.hadoop.ozone.protocolPB.OzoneManagerProtocolServerSideTranslatorPB.submitReadRequestToOM(OzoneManagerProtocolServerSideTranslatorPB.java:225) ~[ozone-manager-1.4.0-SNAPSHOT.jar:?]
	at org.apache.hadoop.ozone.protocolPB.OzoneManagerProtocolServerSideTranslatorPB.processRequest(OzoneManagerProtocolServerSideTranslatorPB.java:179) ~[ozone-manager-1.4.0-SNAPSHOT.jar:?]
	at org.apache.hadoop.hdds.server.OzoneProtocolMessageDispatcher.processRequest(OzoneProtocolMessageDispatcher.java:87) [hdds-server-framework-1.4.0-SNAPSHOT.jar:?]
	at org.apache.hadoop.ozone.protocolPB.OzoneManagerProtocolServerSideTranslatorPB.submitRequest(OzoneManagerProtocolServerSideTranslatorPB.java:148) [ozone-manager-1.4.0-SNAPSHOT.jar:?]
	at org.apache.hadoop.ozone.protocol.proto.OzoneManagerProtocolProtos$OzoneManagerService$2.callBlockingMethod(OzoneManagerProtocolProtos.java) [ozone-interface-client-1.4.0-SNAPSHOT.jar:?]
	at org.apache.hadoop.ipc.ProtobufRpcEngine$Server.processCall(ProtobufRpcEngine.java:484) [hadoop-common-3.3.6.jar:?]
	at org.apache.hadoop.ipc.ProtobufRpcEngine2$Server$ProtoBufRpcInvoker.call(ProtobufRpcEngine2.java:595) [hadoop-common-3.3.6.jar:?]
	at org.apache.hadoop.ipc.ProtobufRpcEngine2$Server$ProtoBufRpcInvoker.call(ProtobufRpcEngine2.java:573) [hadoop-common-3.3.6.jar:?]
	at org.apache.hadoop.ipc.RPC$Server.call(RPC.java:1227) [hadoop-common-3.3.6.jar:?]
	at org.apache.hadoop.ipc.Server$RpcCall.run(Server.java:1094) [hadoop-common-3.3.6.jar:?]
	at org.apache.hadoop.ipc.Server$RpcCall.run(Server.java:1017) [hadoop-common-3.3.6.jar:?]
	at java.security.AccessController.doPrivileged(Native Method) ~[?:1.8.0_382]
	at javax.security.auth.Subject.doAs(Subject.java:422) [?:1.8.0_382]
	at org.apache.hadoop.security.UserGroupInformation.doAs(UserGroupInformation.java:1899) [hadoop-common-3.3.6.jar:?]
	at org.apache.hadoop.ipc.Server$Handler.run(Server.java:3048) [hadoop-common-3.3.6.jar:?]
]]></system-out>
  </testcase>
  <testcase name="testRenameContainDelimiterFile" classname="TestOzoneFileSystem" time="0.026">
    <system-out><![CDATA[12:57:39.693 [IPC Server handler 2 on default port 15057] ERROR OMAudit - user=runner | ip=127.0.0.1 | op=GET_FILE_STATUS {volume=volume37469, bucket=bucket23551, key=dir1/dir2/key2, dataSize=0, replicationConfig=null} | ret=FAILURE
org.apache.hadoop.ozone.om.exceptions.OMException: Unable to get file status: volume: volume37469 bucket: bucket23551 key: dir1/dir2/key2
	at org.apache.hadoop.ozone.om.KeyManagerImpl.getOzoneFileStatus(KeyManagerImpl.java:1198) ~[ozone-manager-1.4.0-SNAPSHOT.jar:?]
	at org.apache.hadoop.ozone.om.KeyManagerImpl.getFileStatus(KeyManagerImpl.java:1116) ~[ozone-manager-1.4.0-SNAPSHOT.jar:?]
	at org.apache.hadoop.ozone.om.OmMetadataReader.getFileStatus(OmMetadataReader.java:266) ~[ozone-manager-1.4.0-SNAPSHOT.jar:?]
	at org.apache.hadoop.ozone.om.OzoneManager.getFileStatus(OzoneManager.java:3552) ~[ozone-manager-1.4.0-SNAPSHOT.jar:?]
	at org.apache.hadoop.ozone.protocolPB.OzoneManagerRequestHandler.getOzoneFileStatus(OzoneManagerRequestHandler.java:998) ~[ozone-manager-1.4.0-SNAPSHOT.jar:?]
	at org.apache.hadoop.ozone.protocolPB.OzoneManagerRequestHandler.handleReadRequest(OzoneManagerRequestHandler.java:259) ~[ozone-manager-1.4.0-SNAPSHOT.jar:?]
	at org.apache.hadoop.ozone.protocolPB.OzoneManagerProtocolServerSideTranslatorPB.submitRequestDirectlyToOM(OzoneManagerProtocolServerSideTranslatorPB.java:274) ~[ozone-manager-1.4.0-SNAPSHOT.jar:?]
	at org.apache.hadoop.ozone.protocolPB.OzoneManagerProtocolServerSideTranslatorPB.processRequest(OzoneManagerProtocolServerSideTranslatorPB.java:175) ~[ozone-manager-1.4.0-SNAPSHOT.jar:?]
	at org.apache.hadoop.hdds.server.OzoneProtocolMessageDispatcher.processRequest(OzoneProtocolMessageDispatcher.java:87) [hdds-server-framework-1.4.0-SNAPSHOT.jar:?]
	at org.apache.hadoop.ozone.protocolPB.OzoneManagerProtocolServerSideTranslatorPB.submitRequest(OzoneManagerProtocolServerSideTranslatorPB.java:148) [ozone-manager-1.4.0-SNAPSHOT.jar:?]
	at org.apache.hadoop.ozone.protocol.proto.OzoneManagerProtocolProtos$OzoneManagerService$2.callBlockingMethod(OzoneManagerProtocolProtos.java) [ozone-interface-client-1.4.0-SNAPSHOT.jar:?]
	at org.apache.hadoop.ipc.ProtobufRpcEngine$Server.processCall(ProtobufRpcEngine.java:484) [hadoop-common-3.3.6.jar:?]
	at org.apache.hadoop.ipc.ProtobufRpcEngine2$Server$ProtoBufRpcInvoker.call(ProtobufRpcEngine2.java:595) [hadoop-common-3.3.6.jar:?]
	at org.apache.hadoop.ipc.ProtobufRpcEngine2$Server$ProtoBufRpcInvoker.call(ProtobufRpcEngine2.java:573) [hadoop-common-3.3.6.jar:?]
	at org.apache.hadoop.ipc.RPC$Server.call(RPC.java:1227) [hadoop-common-3.3.6.jar:?]
	at org.apache.hadoop.ipc.Server$RpcCall.run(Server.java:1094) [hadoop-common-3.3.6.jar:?]
	at org.apache.hadoop.ipc.Server$RpcCall.run(Server.java:1017) [hadoop-common-3.3.6.jar:?]
	at java.security.AccessController.doPrivileged(Native Method) ~[?:1.8.0_382]
	at javax.security.auth.Subject.doAs(Subject.java:422) [?:1.8.0_382]
	at org.apache.hadoop.security.UserGroupInformation.doAs(UserGroupInformation.java:1899) [hadoop-common-3.3.6.jar:?]
	at org.apache.hadoop.ipc.Server$Handler.run(Server.java:3048) [hadoop-common-3.3.6.jar:?]
12:57:39.698 [IPC Server handler 8 on default port 15057] ERROR OMAudit - user=runner | ip=127.0.0.1 | op=GET_FILE_STATUS {volume=volume37469, bucket=bucket23551, key=dir1/dir2/key1, dataSize=0, replicationConfig=null} | ret=FAILURE
org.apache.hadoop.ozone.om.exceptions.OMException: Unable to get file status: volume: volume37469 bucket: bucket23551 key: dir1/dir2/key1
	at org.apache.hadoop.ozone.om.KeyManagerImpl.getOzoneFileStatus(KeyManagerImpl.java:1198) ~[ozone-manager-1.4.0-SNAPSHOT.jar:?]
	at org.apache.hadoop.ozone.om.KeyManagerImpl.getFileStatus(KeyManagerImpl.java:1116) ~[ozone-manager-1.4.0-SNAPSHOT.jar:?]
	at org.apache.hadoop.ozone.om.OmMetadataReader.getFileStatus(OmMetadataReader.java:266) ~[ozone-manager-1.4.0-SNAPSHOT.jar:?]
	at org.apache.hadoop.ozone.om.OzoneManager.getFileStatus(OzoneManager.java:3552) ~[ozone-manager-1.4.0-SNAPSHOT.jar:?]
	at org.apache.hadoop.ozone.protocolPB.OzoneManagerRequestHandler.getOzoneFileStatus(OzoneManagerRequestHandler.java:998) ~[ozone-manager-1.4.0-SNAPSHOT.jar:?]
	at org.apache.hadoop.ozone.protocolPB.OzoneManagerRequestHandler.handleReadRequest(OzoneManagerRequestHandler.java:259) ~[ozone-manager-1.4.0-SNAPSHOT.jar:?]
	at org.apache.hadoop.ozone.protocolPB.OzoneManagerProtocolServerSideTranslatorPB.submitRequestDirectlyToOM(OzoneManagerProtocolServerSideTranslatorPB.java:274) ~[ozone-manager-1.4.0-SNAPSHOT.jar:?]
	at org.apache.hadoop.ozone.protocolPB.OzoneManagerProtocolServerSideTranslatorPB.processRequest(OzoneManagerProtocolServerSideTranslatorPB.java:175) ~[ozone-manager-1.4.0-SNAPSHOT.jar:?]
	at org.apache.hadoop.hdds.server.OzoneProtocolMessageDispatcher.processRequest(OzoneProtocolMessageDispatcher.java:87) [hdds-server-framework-1.4.0-SNAPSHOT.jar:?]
	at org.apache.hadoop.ozone.protocolPB.OzoneManagerProtocolServerSideTranslatorPB.submitRequest(OzoneManagerProtocolServerSideTranslatorPB.java:148) [ozone-manager-1.4.0-SNAPSHOT.jar:?]
	at org.apache.hadoop.ozone.protocol.proto.OzoneManagerProtocolProtos$OzoneManagerService$2.callBlockingMethod(OzoneManagerProtocolProtos.java) [ozone-interface-client-1.4.0-SNAPSHOT.jar:?]
	at org.apache.hadoop.ipc.ProtobufRpcEngine$Server.processCall(ProtobufRpcEngine.java:484) [hadoop-common-3.3.6.jar:?]
	at org.apache.hadoop.ipc.ProtobufRpcEngine2$Server$ProtoBufRpcInvoker.call(ProtobufRpcEngine2.java:595) [hadoop-common-3.3.6.jar:?]
	at org.apache.hadoop.ipc.ProtobufRpcEngine2$Server$ProtoBufRpcInvoker.call(ProtobufRpcEngine2.java:573) [hadoop-common-3.3.6.jar:?]
	at org.apache.hadoop.ipc.RPC$Server.call(RPC.java:1227) [hadoop-common-3.3.6.jar:?]
	at org.apache.hadoop.ipc.Server$RpcCall.run(Server.java:1094) [hadoop-common-3.3.6.jar:?]
	at org.apache.hadoop.ipc.Server$RpcCall.run(Server.java:1017) [hadoop-common-3.3.6.jar:?]
	at java.security.AccessController.doPrivileged(Native Method) ~[?:1.8.0_382]
	at javax.security.auth.Subject.doAs(Subject.java:422) [?:1.8.0_382]
	at org.apache.hadoop.security.UserGroupInformation.doAs(UserGroupInformation.java:1899) [hadoop-common-3.3.6.jar:?]
	at org.apache.hadoop.ipc.Server$Handler.run(Server.java:3048) [hadoop-common-3.3.6.jar:?]
12:57:39.700 [IPC Server handler 9 on default port 15057] ERROR OMAudit - user=runner | ip=127.0.0.1 | op=GET_FILE_STATUS {volume=volume37469, bucket=bucket23551, key=user/runner/dir1, dataSize=0, replicationConfig=null} | ret=FAILURE
org.apache.hadoop.ozone.om.exceptions.OMException: Unable to get file status: volume: volume37469 bucket: bucket23551 key: user/runner/dir1
	at org.apache.hadoop.ozone.om.KeyManagerImpl.getOzoneFileStatus(KeyManagerImpl.java:1198) ~[ozone-manager-1.4.0-SNAPSHOT.jar:?]
	at org.apache.hadoop.ozone.om.KeyManagerImpl.getFileStatus(KeyManagerImpl.java:1116) ~[ozone-manager-1.4.0-SNAPSHOT.jar:?]
	at org.apache.hadoop.ozone.om.OmMetadataReader.getFileStatus(OmMetadataReader.java:266) ~[ozone-manager-1.4.0-SNAPSHOT.jar:?]
	at org.apache.hadoop.ozone.om.OzoneManager.getFileStatus(OzoneManager.java:3552) ~[ozone-manager-1.4.0-SNAPSHOT.jar:?]
	at org.apache.hadoop.ozone.protocolPB.OzoneManagerRequestHandler.getOzoneFileStatus(OzoneManagerRequestHandler.java:998) ~[ozone-manager-1.4.0-SNAPSHOT.jar:?]
	at org.apache.hadoop.ozone.protocolPB.OzoneManagerRequestHandler.handleReadRequest(OzoneManagerRequestHandler.java:259) ~[ozone-manager-1.4.0-SNAPSHOT.jar:?]
	at org.apache.hadoop.ozone.protocolPB.OzoneManagerProtocolServerSideTranslatorPB.submitRequestDirectlyToOM(OzoneManagerProtocolServerSideTranslatorPB.java:274) ~[ozone-manager-1.4.0-SNAPSHOT.jar:?]
	at org.apache.hadoop.ozone.protocolPB.OzoneManagerProtocolServerSideTranslatorPB.processRequest(OzoneManagerProtocolServerSideTranslatorPB.java:175) ~[ozone-manager-1.4.0-SNAPSHOT.jar:?]
	at org.apache.hadoop.hdds.server.OzoneProtocolMessageDispatcher.processRequest(OzoneProtocolMessageDispatcher.java:87) [hdds-server-framework-1.4.0-SNAPSHOT.jar:?]
	at org.apache.hadoop.ozone.protocolPB.OzoneManagerProtocolServerSideTranslatorPB.submitRequest(OzoneManagerProtocolServerSideTranslatorPB.java:148) [ozone-manager-1.4.0-SNAPSHOT.jar:?]
	at org.apache.hadoop.ozone.protocol.proto.OzoneManagerProtocolProtos$OzoneManagerService$2.callBlockingMethod(OzoneManagerProtocolProtos.java) [ozone-interface-client-1.4.0-SNAPSHOT.jar:?]
	at org.apache.hadoop.ipc.ProtobufRpcEngine$Server.processCall(ProtobufRpcEngine.java:484) [hadoop-common-3.3.6.jar:?]
	at org.apache.hadoop.ipc.ProtobufRpcEngine2$Server$ProtoBufRpcInvoker.call(ProtobufRpcEngine2.java:595) [hadoop-common-3.3.6.jar:?]
	at org.apache.hadoop.ipc.ProtobufRpcEngine2$Server$ProtoBufRpcInvoker.call(ProtobufRpcEngine2.java:573) [hadoop-common-3.3.6.jar:?]
	at org.apache.hadoop.ipc.RPC$Server.call(RPC.java:1227) [hadoop-common-3.3.6.jar:?]
	at org.apache.hadoop.ipc.Server$RpcCall.run(Server.java:1094) [hadoop-common-3.3.6.jar:?]
	at org.apache.hadoop.ipc.Server$RpcCall.run(Server.java:1017) [hadoop-common-3.3.6.jar:?]
	at java.security.AccessController.doPrivileged(Native Method) ~[?:1.8.0_382]
	at javax.security.auth.Subject.doAs(Subject.java:422) [?:1.8.0_382]
	at org.apache.hadoop.security.UserGroupInformation.doAs(UserGroupInformation.java:1899) [hadoop-common-3.3.6.jar:?]
	at org.apache.hadoop.ipc.Server$Handler.run(Server.java:3048) [hadoop-common-3.3.6.jar:?]
12:57:39.701 [IPC Server handler 11 on default port 15057] ERROR OMAudit - user=runner | ip=127.0.0.1 | op=GET_FILE_STATUS {volume=volume37469, bucket=bucket23551, key=user/runner/dir1/dir2, dataSize=0, replicationConfig=null} | ret=FAILURE
org.apache.hadoop.ozone.om.exceptions.OMException: Unable to get file status: volume: volume37469 bucket: bucket23551 key: user/runner/dir1/dir2
	at org.apache.hadoop.ozone.om.KeyManagerImpl.getOzoneFileStatus(KeyManagerImpl.java:1198) ~[ozone-manager-1.4.0-SNAPSHOT.jar:?]
	at org.apache.hadoop.ozone.om.KeyManagerImpl.getFileStatus(KeyManagerImpl.java:1116) ~[ozone-manager-1.4.0-SNAPSHOT.jar:?]
	at org.apache.hadoop.ozone.om.OmMetadataReader.getFileStatus(OmMetadataReader.java:266) ~[ozone-manager-1.4.0-SNAPSHOT.jar:?]
	at org.apache.hadoop.ozone.om.OzoneManager.getFileStatus(OzoneManager.java:3552) ~[ozone-manager-1.4.0-SNAPSHOT.jar:?]
	at org.apache.hadoop.ozone.protocolPB.OzoneManagerRequestHandler.getOzoneFileStatus(OzoneManagerRequestHandler.java:998) ~[ozone-manager-1.4.0-SNAPSHOT.jar:?]
	at org.apache.hadoop.ozone.protocolPB.OzoneManagerRequestHandler.handleReadRequest(OzoneManagerRequestHandler.java:259) ~[ozone-manager-1.4.0-SNAPSHOT.jar:?]
	at org.apache.hadoop.ozone.protocolPB.OzoneManagerProtocolServerSideTranslatorPB.submitRequestDirectlyToOM(OzoneManagerProtocolServerSideTranslatorPB.java:274) ~[ozone-manager-1.4.0-SNAPSHOT.jar:?]
	at org.apache.hadoop.ozone.protocolPB.OzoneManagerProtocolServerSideTranslatorPB.processRequest(OzoneManagerProtocolServerSideTranslatorPB.java:175) ~[ozone-manager-1.4.0-SNAPSHOT.jar:?]
	at org.apache.hadoop.hdds.server.OzoneProtocolMessageDispatcher.processRequest(OzoneProtocolMessageDispatcher.java:87) [hdds-server-framework-1.4.0-SNAPSHOT.jar:?]
	at org.apache.hadoop.ozone.protocolPB.OzoneManagerProtocolServerSideTranslatorPB.submitRequest(OzoneManagerProtocolServerSideTranslatorPB.java:148) [ozone-manager-1.4.0-SNAPSHOT.jar:?]
	at org.apache.hadoop.ozone.protocol.proto.OzoneManagerProtocolProtos$OzoneManagerService$2.callBlockingMethod(OzoneManagerProtocolProtos.java) [ozone-interface-client-1.4.0-SNAPSHOT.jar:?]
	at org.apache.hadoop.ipc.ProtobufRpcEngine$Server.processCall(ProtobufRpcEngine.java:484) [hadoop-common-3.3.6.jar:?]
	at org.apache.hadoop.ipc.ProtobufRpcEngine2$Server$ProtoBufRpcInvoker.call(ProtobufRpcEngine2.java:595) [hadoop-common-3.3.6.jar:?]
	at org.apache.hadoop.ipc.ProtobufRpcEngine2$Server$ProtoBufRpcInvoker.call(ProtobufRpcEngine2.java:573) [hadoop-common-3.3.6.jar:?]
	at org.apache.hadoop.ipc.RPC$Server.call(RPC.java:1227) [hadoop-common-3.3.6.jar:?]
	at org.apache.hadoop.ipc.Server$RpcCall.run(Server.java:1094) [hadoop-common-3.3.6.jar:?]
	at org.apache.hadoop.ipc.Server$RpcCall.run(Server.java:1017) [hadoop-common-3.3.6.jar:?]
	at java.security.AccessController.doPrivileged(Native Method) ~[?:1.8.0_382]
	at javax.security.auth.Subject.doAs(Subject.java:422) [?:1.8.0_382]
	at org.apache.hadoop.security.UserGroupInformation.doAs(UserGroupInformation.java:1899) [hadoop-common-3.3.6.jar:?]
	at org.apache.hadoop.ipc.Server$Handler.run(Server.java:3048) [hadoop-common-3.3.6.jar:?]
]]></system-out>
  </testcase>
  <testcase name="testRenameContainDelimiterFile" classname="TestOzoneFileSystem" time="0.029">
    <system-out><![CDATA[12:58:54.763 [IPC Server handler 15 on default port 15110] ERROR OMAudit - user=runner | ip=127.0.0.1 | op=GET_FILE_STATUS {volume=volume13657, bucket=bucket40110, key=dir1/dir2/key2, dataSize=0, replicationConfig=null} | ret=FAILURE
org.apache.hadoop.ozone.om.exceptions.OMException: Unable to get file status: volume: volume13657 bucket: bucket40110 key: dir1/dir2/key2
	at org.apache.hadoop.ozone.om.KeyManagerImpl.getOzoneFileStatus(KeyManagerImpl.java:1198) ~[ozone-manager-1.4.0-SNAPSHOT.jar:?]
	at org.apache.hadoop.ozone.om.KeyManagerImpl.getFileStatus(KeyManagerImpl.java:1116) ~[ozone-manager-1.4.0-SNAPSHOT.jar:?]
	at org.apache.hadoop.ozone.om.OmMetadataReader.getFileStatus(OmMetadataReader.java:266) ~[ozone-manager-1.4.0-SNAPSHOT.jar:?]
	at org.apache.hadoop.ozone.om.OzoneManager.getFileStatus(OzoneManager.java:3552) ~[ozone-manager-1.4.0-SNAPSHOT.jar:?]
	at org.apache.hadoop.ozone.protocolPB.OzoneManagerRequestHandler.getOzoneFileStatus(OzoneManagerRequestHandler.java:998) ~[ozone-manager-1.4.0-SNAPSHOT.jar:?]
	at org.apache.hadoop.ozone.protocolPB.OzoneManagerRequestHandler.handleReadRequest(OzoneManagerRequestHandler.java:259) ~[ozone-manager-1.4.0-SNAPSHOT.jar:?]
	at org.apache.hadoop.ozone.protocolPB.OzoneManagerProtocolServerSideTranslatorPB.submitReadRequestToOM(OzoneManagerProtocolServerSideTranslatorPB.java:225) ~[ozone-manager-1.4.0-SNAPSHOT.jar:?]
	at org.apache.hadoop.ozone.protocolPB.OzoneManagerProtocolServerSideTranslatorPB.processRequest(OzoneManagerProtocolServerSideTranslatorPB.java:179) ~[ozone-manager-1.4.0-SNAPSHOT.jar:?]
	at org.apache.hadoop.hdds.server.OzoneProtocolMessageDispatcher.processRequest(OzoneProtocolMessageDispatcher.java:87) [hdds-server-framework-1.4.0-SNAPSHOT.jar:?]
	at org.apache.hadoop.ozone.protocolPB.OzoneManagerProtocolServerSideTranslatorPB.submitRequest(OzoneManagerProtocolServerSideTranslatorPB.java:148) [ozone-manager-1.4.0-SNAPSHOT.jar:?]
	at org.apache.hadoop.ozone.protocol.proto.OzoneManagerProtocolProtos$OzoneManagerService$2.callBlockingMethod(OzoneManagerProtocolProtos.java) [ozone-interface-client-1.4.0-SNAPSHOT.jar:?]
	at org.apache.hadoop.ipc.ProtobufRpcEngine$Server.processCall(ProtobufRpcEngine.java:484) [hadoop-common-3.3.6.jar:?]
	at org.apache.hadoop.ipc.ProtobufRpcEngine2$Server$ProtoBufRpcInvoker.call(ProtobufRpcEngine2.java:595) [hadoop-common-3.3.6.jar:?]
	at org.apache.hadoop.ipc.ProtobufRpcEngine2$Server$ProtoBufRpcInvoker.call(ProtobufRpcEngine2.java:573) [hadoop-common-3.3.6.jar:?]
	at org.apache.hadoop.ipc.RPC$Server.call(RPC.java:1227) [hadoop-common-3.3.6.jar:?]
	at org.apache.hadoop.ipc.Server$RpcCall.run(Server.java:1094) [hadoop-common-3.3.6.jar:?]
	at org.apache.hadoop.ipc.Server$RpcCall.run(Server.java:1017) [hadoop-common-3.3.6.jar:?]
	at java.security.AccessController.doPrivileged(Native Method) ~[?:1.8.0_382]
	at javax.security.auth.Subject.doAs(Subject.java:422) [?:1.8.0_382]
	at org.apache.hadoop.security.UserGroupInformation.doAs(UserGroupInformation.java:1899) [hadoop-common-3.3.6.jar:?]
	at org.apache.hadoop.ipc.Server$Handler.run(Server.java:3048) [hadoop-common-3.3.6.jar:?]
12:58:54.770 [IPC Server handler 1 on default port 15110] ERROR OMAudit - user=runner | ip=127.0.0.1 | op=GET_FILE_STATUS {volume=volume13657, bucket=bucket40110, key=dir1/dir2/key1, dataSize=0, replicationConfig=null} | ret=FAILURE
org.apache.hadoop.ozone.om.exceptions.OMException: Unable to get file status: volume: volume13657 bucket: bucket40110 key: dir1/dir2/key1
	at org.apache.hadoop.ozone.om.KeyManagerImpl.getOzoneFileStatus(KeyManagerImpl.java:1198) ~[ozone-manager-1.4.0-SNAPSHOT.jar:?]
	at org.apache.hadoop.ozone.om.KeyManagerImpl.getFileStatus(KeyManagerImpl.java:1116) ~[ozone-manager-1.4.0-SNAPSHOT.jar:?]
	at org.apache.hadoop.ozone.om.OmMetadataReader.getFileStatus(OmMetadataReader.java:266) ~[ozone-manager-1.4.0-SNAPSHOT.jar:?]
	at org.apache.hadoop.ozone.om.OzoneManager.getFileStatus(OzoneManager.java:3552) ~[ozone-manager-1.4.0-SNAPSHOT.jar:?]
	at org.apache.hadoop.ozone.protocolPB.OzoneManagerRequestHandler.getOzoneFileStatus(OzoneManagerRequestHandler.java:998) ~[ozone-manager-1.4.0-SNAPSHOT.jar:?]
	at org.apache.hadoop.ozone.protocolPB.OzoneManagerRequestHandler.handleReadRequest(OzoneManagerRequestHandler.java:259) ~[ozone-manager-1.4.0-SNAPSHOT.jar:?]
	at org.apache.hadoop.ozone.protocolPB.OzoneManagerProtocolServerSideTranslatorPB.submitReadRequestToOM(OzoneManagerProtocolServerSideTranslatorPB.java:225) ~[ozone-manager-1.4.0-SNAPSHOT.jar:?]
	at org.apache.hadoop.ozone.protocolPB.OzoneManagerProtocolServerSideTranslatorPB.processRequest(OzoneManagerProtocolServerSideTranslatorPB.java:179) ~[ozone-manager-1.4.0-SNAPSHOT.jar:?]
	at org.apache.hadoop.hdds.server.OzoneProtocolMessageDispatcher.processRequest(OzoneProtocolMessageDispatcher.java:87) [hdds-server-framework-1.4.0-SNAPSHOT.jar:?]
	at org.apache.hadoop.ozone.protocolPB.OzoneManagerProtocolServerSideTranslatorPB.submitRequest(OzoneManagerProtocolServerSideTranslatorPB.java:148) [ozone-manager-1.4.0-SNAPSHOT.jar:?]
	at org.apache.hadoop.ozone.protocol.proto.OzoneManagerProtocolProtos$OzoneManagerService$2.callBlockingMethod(OzoneManagerProtocolProtos.java) [ozone-interface-client-1.4.0-SNAPSHOT.jar:?]
	at org.apache.hadoop.ipc.ProtobufRpcEngine$Server.processCall(ProtobufRpcEngine.java:484) [hadoop-common-3.3.6.jar:?]
	at org.apache.hadoop.ipc.ProtobufRpcEngine2$Server$ProtoBufRpcInvoker.call(ProtobufRpcEngine2.java:595) [hadoop-common-3.3.6.jar:?]
	at org.apache.hadoop.ipc.ProtobufRpcEngine2$Server$ProtoBufRpcInvoker.call(ProtobufRpcEngine2.java:573) [hadoop-common-3.3.6.jar:?]
	at org.apache.hadoop.ipc.RPC$Server.call(RPC.java:1227) [hadoop-common-3.3.6.jar:?]
	at org.apache.hadoop.ipc.Server$RpcCall.run(Server.java:1094) [hadoop-common-3.3.6.jar:?]
	at org.apache.hadoop.ipc.Server$RpcCall.run(Server.java:1017) [hadoop-common-3.3.6.jar:?]
	at java.security.AccessController.doPrivileged(Native Method) ~[?:1.8.0_382]
	at javax.security.auth.Subject.doAs(Subject.java:422) [?:1.8.0_382]
	at org.apache.hadoop.security.UserGroupInformation.doAs(UserGroupInformation.java:1899) [hadoop-common-3.3.6.jar:?]
	at org.apache.hadoop.ipc.Server$Handler.run(Server.java:3048) [hadoop-common-3.3.6.jar:?]
12:58:54.772 [IPC Server handler 3 on default port 15110] ERROR OMAudit - user=runner | ip=127.0.0.1 | op=GET_FILE_STATUS {volume=volume13657, bucket=bucket40110, key=user/runner/dir1, dataSize=0, replicationConfig=null} | ret=FAILURE
org.apache.hadoop.ozone.om.exceptions.OMException: Unable to get file status: volume: volume13657 bucket: bucket40110 key: user/runner/dir1
	at org.apache.hadoop.ozone.om.KeyManagerImpl.getOzoneFileStatus(KeyManagerImpl.java:1198) ~[ozone-manager-1.4.0-SNAPSHOT.jar:?]
	at org.apache.hadoop.ozone.om.KeyManagerImpl.getFileStatus(KeyManagerImpl.java:1116) ~[ozone-manager-1.4.0-SNAPSHOT.jar:?]
	at org.apache.hadoop.ozone.om.OmMetadataReader.getFileStatus(OmMetadataReader.java:266) ~[ozone-manager-1.4.0-SNAPSHOT.jar:?]
	at org.apache.hadoop.ozone.om.OzoneManager.getFileStatus(OzoneManager.java:3552) ~[ozone-manager-1.4.0-SNAPSHOT.jar:?]
	at org.apache.hadoop.ozone.protocolPB.OzoneManagerRequestHandler.getOzoneFileStatus(OzoneManagerRequestHandler.java:998) ~[ozone-manager-1.4.0-SNAPSHOT.jar:?]
	at org.apache.hadoop.ozone.protocolPB.OzoneManagerRequestHandler.handleReadRequest(OzoneManagerRequestHandler.java:259) ~[ozone-manager-1.4.0-SNAPSHOT.jar:?]
	at org.apache.hadoop.ozone.protocolPB.OzoneManagerProtocolServerSideTranslatorPB.submitReadRequestToOM(OzoneManagerProtocolServerSideTranslatorPB.java:225) ~[ozone-manager-1.4.0-SNAPSHOT.jar:?]
	at org.apache.hadoop.ozone.protocolPB.OzoneManagerProtocolServerSideTranslatorPB.processRequest(OzoneManagerProtocolServerSideTranslatorPB.java:179) ~[ozone-manager-1.4.0-SNAPSHOT.jar:?]
	at org.apache.hadoop.hdds.server.OzoneProtocolMessageDispatcher.processRequest(OzoneProtocolMessageDispatcher.java:87) [hdds-server-framework-1.4.0-SNAPSHOT.jar:?]
	at org.apache.hadoop.ozone.protocolPB.OzoneManagerProtocolServerSideTranslatorPB.submitRequest(OzoneManagerProtocolServerSideTranslatorPB.java:148) [ozone-manager-1.4.0-SNAPSHOT.jar:?]
	at org.apache.hadoop.ozone.protocol.proto.OzoneManagerProtocolProtos$OzoneManagerService$2.callBlockingMethod(OzoneManagerProtocolProtos.java) [ozone-interface-client-1.4.0-SNAPSHOT.jar:?]
	at org.apache.hadoop.ipc.ProtobufRpcEngine$Server.processCall(ProtobufRpcEngine.java:484) [hadoop-common-3.3.6.jar:?]
	at org.apache.hadoop.ipc.ProtobufRpcEngine2$Server$ProtoBufRpcInvoker.call(ProtobufRpcEngine2.java:595) [hadoop-common-3.3.6.jar:?]
	at org.apache.hadoop.ipc.ProtobufRpcEngine2$Server$ProtoBufRpcInvoker.call(ProtobufRpcEngine2.java:573) [hadoop-common-3.3.6.jar:?]
	at org.apache.hadoop.ipc.RPC$Server.call(RPC.java:1227) [hadoop-common-3.3.6.jar:?]
	at org.apache.hadoop.ipc.Server$RpcCall.run(Server.java:1094) [hadoop-common-3.3.6.jar:?]
	at org.apache.hadoop.ipc.Server$RpcCall.run(Server.java:1017) [hadoop-common-3.3.6.jar:?]
	at java.security.AccessController.doPrivileged(Native Method) ~[?:1.8.0_382]
	at javax.security.auth.Subject.doAs(Subject.java:422) [?:1.8.0_382]
	at org.apache.hadoop.security.UserGroupInformation.doAs(UserGroupInformation.java:1899) [hadoop-common-3.3.6.jar:?]
	at org.apache.hadoop.ipc.Server$Handler.run(Server.java:3048) [hadoop-common-3.3.6.jar:?]
12:58:54.773 [IPC Server handler 4 on default port 15110] ERROR OMAudit - user=runner | ip=127.0.0.1 | op=GET_FILE_STATUS {volume=volume13657, bucket=bucket40110, key=user/runner/dir1/dir2, dataSize=0, replicationConfig=null} | ret=FAILURE
org.apache.hadoop.ozone.om.exceptions.OMException: Unable to get file status: volume: volume13657 bucket: bucket40110 key: user/runner/dir1/dir2
	at org.apache.hadoop.ozone.om.KeyManagerImpl.getOzoneFileStatus(KeyManagerImpl.java:1198) ~[ozone-manager-1.4.0-SNAPSHOT.jar:?]
	at org.apache.hadoop.ozone.om.KeyManagerImpl.getFileStatus(KeyManagerImpl.java:1116) ~[ozone-manager-1.4.0-SNAPSHOT.jar:?]
	at org.apache.hadoop.ozone.om.OmMetadataReader.getFileStatus(OmMetadataReader.java:266) ~[ozone-manager-1.4.0-SNAPSHOT.jar:?]
	at org.apache.hadoop.ozone.om.OzoneManager.getFileStatus(OzoneManager.java:3552) ~[ozone-manager-1.4.0-SNAPSHOT.jar:?]
	at org.apache.hadoop.ozone.protocolPB.OzoneManagerRequestHandler.getOzoneFileStatus(OzoneManagerRequestHandler.java:998) ~[ozone-manager-1.4.0-SNAPSHOT.jar:?]
	at org.apache.hadoop.ozone.protocolPB.OzoneManagerRequestHandler.handleReadRequest(OzoneManagerRequestHandler.java:259) ~[ozone-manager-1.4.0-SNAPSHOT.jar:?]
	at org.apache.hadoop.ozone.protocolPB.OzoneManagerProtocolServerSideTranslatorPB.submitReadRequestToOM(OzoneManagerProtocolServerSideTranslatorPB.java:225) ~[ozone-manager-1.4.0-SNAPSHOT.jar:?]
	at org.apache.hadoop.ozone.protocolPB.OzoneManagerProtocolServerSideTranslatorPB.processRequest(OzoneManagerProtocolServerSideTranslatorPB.java:179) ~[ozone-manager-1.4.0-SNAPSHOT.jar:?]
	at org.apache.hadoop.hdds.server.OzoneProtocolMessageDispatcher.processRequest(OzoneProtocolMessageDispatcher.java:87) [hdds-server-framework-1.4.0-SNAPSHOT.jar:?]
	at org.apache.hadoop.ozone.protocolPB.OzoneManagerProtocolServerSideTranslatorPB.submitRequest(OzoneManagerProtocolServerSideTranslatorPB.java:148) [ozone-manager-1.4.0-SNAPSHOT.jar:?]
	at org.apache.hadoop.ozone.protocol.proto.OzoneManagerProtocolProtos$OzoneManagerService$2.callBlockingMethod(OzoneManagerProtocolProtos.java) [ozone-interface-client-1.4.0-SNAPSHOT.jar:?]
	at org.apache.hadoop.ipc.ProtobufRpcEngine$Server.processCall(ProtobufRpcEngine.java:484) [hadoop-common-3.3.6.jar:?]
	at org.apache.hadoop.ipc.ProtobufRpcEngine2$Server$ProtoBufRpcInvoker.call(ProtobufRpcEngine2.java:595) [hadoop-common-3.3.6.jar:?]
	at org.apache.hadoop.ipc.ProtobufRpcEngine2$Server$ProtoBufRpcInvoker.call(ProtobufRpcEngine2.java:573) [hadoop-common-3.3.6.jar:?]
	at org.apache.hadoop.ipc.RPC$Server.call(RPC.java:1227) [hadoop-common-3.3.6.jar:?]
	at org.apache.hadoop.ipc.Server$RpcCall.run(Server.java:1094) [hadoop-common-3.3.6.jar:?]
	at org.apache.hadoop.ipc.Server$RpcCall.run(Server.java:1017) [hadoop-common-3.3.6.jar:?]
	at java.security.AccessController.doPrivileged(Native Method) ~[?:1.8.0_382]
	at javax.security.auth.Subject.doAs(Subject.java:422) [?:1.8.0_382]
	at org.apache.hadoop.security.UserGroupInformation.doAs(UserGroupInformation.java:1899) [hadoop-common-3.3.6.jar:?]
	at org.apache.hadoop.ipc.Server$Handler.run(Server.java:3048) [hadoop-common-3.3.6.jar:?]
]]></system-out>
  </testcase>
  <testcase name="testRenameContainDelimiterFile" classname="TestOzoneFileSystem" time="0.03">
    <system-out><![CDATA[13:00:27.552 [IPC Server handler 2 on default port 15163] ERROR OMAudit - user=runner | ip=127.0.0.1 | op=GET_FILE_STATUS {volume=volume08867, bucket=bucket18921, key=dir1/dir2/key2, dataSize=0, replicationConfig=null} | ret=FAILURE
org.apache.hadoop.ozone.om.exceptions.OMException: Unable to get file status: volume: volume08867 bucket: bucket18921 key: dir1/dir2/key2
	at org.apache.hadoop.ozone.om.KeyManagerImpl.getOzoneFileStatus(KeyManagerImpl.java:1198) ~[ozone-manager-1.4.0-SNAPSHOT.jar:?]
	at org.apache.hadoop.ozone.om.KeyManagerImpl.getFileStatus(KeyManagerImpl.java:1116) ~[ozone-manager-1.4.0-SNAPSHOT.jar:?]
	at org.apache.hadoop.ozone.om.OmMetadataReader.getFileStatus(OmMetadataReader.java:266) ~[ozone-manager-1.4.0-SNAPSHOT.jar:?]
	at org.apache.hadoop.ozone.om.OzoneManager.getFileStatus(OzoneManager.java:3552) ~[ozone-manager-1.4.0-SNAPSHOT.jar:?]
	at org.apache.hadoop.ozone.protocolPB.OzoneManagerRequestHandler.getOzoneFileStatus(OzoneManagerRequestHandler.java:998) ~[ozone-manager-1.4.0-SNAPSHOT.jar:?]
	at org.apache.hadoop.ozone.protocolPB.OzoneManagerRequestHandler.handleReadRequest(OzoneManagerRequestHandler.java:259) ~[ozone-manager-1.4.0-SNAPSHOT.jar:?]
	at org.apache.hadoop.ozone.protocolPB.OzoneManagerProtocolServerSideTranslatorPB.submitRequestDirectlyToOM(OzoneManagerProtocolServerSideTranslatorPB.java:274) ~[ozone-manager-1.4.0-SNAPSHOT.jar:?]
	at org.apache.hadoop.ozone.protocolPB.OzoneManagerProtocolServerSideTranslatorPB.processRequest(OzoneManagerProtocolServerSideTranslatorPB.java:175) ~[ozone-manager-1.4.0-SNAPSHOT.jar:?]
	at org.apache.hadoop.hdds.server.OzoneProtocolMessageDispatcher.processRequest(OzoneProtocolMessageDispatcher.java:87) [hdds-server-framework-1.4.0-SNAPSHOT.jar:?]
	at org.apache.hadoop.ozone.protocolPB.OzoneManagerProtocolServerSideTranslatorPB.submitRequest(OzoneManagerProtocolServerSideTranslatorPB.java:148) [ozone-manager-1.4.0-SNAPSHOT.jar:?]
	at org.apache.hadoop.ozone.protocol.proto.OzoneManagerProtocolProtos$OzoneManagerService$2.callBlockingMethod(OzoneManagerProtocolProtos.java) [ozone-interface-client-1.4.0-SNAPSHOT.jar:?]
	at org.apache.hadoop.ipc.ProtobufRpcEngine$Server.processCall(ProtobufRpcEngine.java:484) [hadoop-common-3.3.6.jar:?]
	at org.apache.hadoop.ipc.ProtobufRpcEngine2$Server$ProtoBufRpcInvoker.call(ProtobufRpcEngine2.java:595) [hadoop-common-3.3.6.jar:?]
	at org.apache.hadoop.ipc.ProtobufRpcEngine2$Server$ProtoBufRpcInvoker.call(ProtobufRpcEngine2.java:573) [hadoop-common-3.3.6.jar:?]
	at org.apache.hadoop.ipc.RPC$Server.call(RPC.java:1227) [hadoop-common-3.3.6.jar:?]
	at org.apache.hadoop.ipc.Server$RpcCall.run(Server.java:1094) [hadoop-common-3.3.6.jar:?]
	at org.apache.hadoop.ipc.Server$RpcCall.run(Server.java:1017) [hadoop-common-3.3.6.jar:?]
	at java.security.AccessController.doPrivileged(Native Method) ~[?:1.8.0_382]
	at javax.security.auth.Subject.doAs(Subject.java:422) [?:1.8.0_382]
	at org.apache.hadoop.security.UserGroupInformation.doAs(UserGroupInformation.java:1899) [hadoop-common-3.3.6.jar:?]
	at org.apache.hadoop.ipc.Server$Handler.run(Server.java:3048) [hadoop-common-3.3.6.jar:?]
13:00:27.560 [IPC Server handler 14 on default port 15163] ERROR OMAudit - user=runner | ip=127.0.0.1 | op=GET_FILE_STATUS {volume=volume08867, bucket=bucket18921, key=dir1/dir2/key1, dataSize=0, replicationConfig=null} | ret=FAILURE
org.apache.hadoop.ozone.om.exceptions.OMException: Unable to get file status: volume: volume08867 bucket: bucket18921 key: dir1/dir2/key1
	at org.apache.hadoop.ozone.om.KeyManagerImpl.getOzoneFileStatus(KeyManagerImpl.java:1198) ~[ozone-manager-1.4.0-SNAPSHOT.jar:?]
	at org.apache.hadoop.ozone.om.KeyManagerImpl.getFileStatus(KeyManagerImpl.java:1116) ~[ozone-manager-1.4.0-SNAPSHOT.jar:?]
	at org.apache.hadoop.ozone.om.OmMetadataReader.getFileStatus(OmMetadataReader.java:266) ~[ozone-manager-1.4.0-SNAPSHOT.jar:?]
	at org.apache.hadoop.ozone.om.OzoneManager.getFileStatus(OzoneManager.java:3552) ~[ozone-manager-1.4.0-SNAPSHOT.jar:?]
	at org.apache.hadoop.ozone.protocolPB.OzoneManagerRequestHandler.getOzoneFileStatus(OzoneManagerRequestHandler.java:998) ~[ozone-manager-1.4.0-SNAPSHOT.jar:?]
	at org.apache.hadoop.ozone.protocolPB.OzoneManagerRequestHandler.handleReadRequest(OzoneManagerRequestHandler.java:259) ~[ozone-manager-1.4.0-SNAPSHOT.jar:?]
	at org.apache.hadoop.ozone.protocolPB.OzoneManagerProtocolServerSideTranslatorPB.submitRequestDirectlyToOM(OzoneManagerProtocolServerSideTranslatorPB.java:274) ~[ozone-manager-1.4.0-SNAPSHOT.jar:?]
	at org.apache.hadoop.ozone.protocolPB.OzoneManagerProtocolServerSideTranslatorPB.processRequest(OzoneManagerProtocolServerSideTranslatorPB.java:175) ~[ozone-manager-1.4.0-SNAPSHOT.jar:?]
	at org.apache.hadoop.hdds.server.OzoneProtocolMessageDispatcher.processRequest(OzoneProtocolMessageDispatcher.java:87) [hdds-server-framework-1.4.0-SNAPSHOT.jar:?]
	at org.apache.hadoop.ozone.protocolPB.OzoneManagerProtocolServerSideTranslatorPB.submitRequest(OzoneManagerProtocolServerSideTranslatorPB.java:148) [ozone-manager-1.4.0-SNAPSHOT.jar:?]
	at org.apache.hadoop.ozone.protocol.proto.OzoneManagerProtocolProtos$OzoneManagerService$2.callBlockingMethod(OzoneManagerProtocolProtos.java) [ozone-interface-client-1.4.0-SNAPSHOT.jar:?]
	at org.apache.hadoop.ipc.ProtobufRpcEngine$Server.processCall(ProtobufRpcEngine.java:484) [hadoop-common-3.3.6.jar:?]
	at org.apache.hadoop.ipc.ProtobufRpcEngine2$Server$ProtoBufRpcInvoker.call(ProtobufRpcEngine2.java:595) [hadoop-common-3.3.6.jar:?]
	at org.apache.hadoop.ipc.ProtobufRpcEngine2$Server$ProtoBufRpcInvoker.call(ProtobufRpcEngine2.java:573) [hadoop-common-3.3.6.jar:?]
	at org.apache.hadoop.ipc.RPC$Server.call(RPC.java:1227) [hadoop-common-3.3.6.jar:?]
	at org.apache.hadoop.ipc.Server$RpcCall.run(Server.java:1094) [hadoop-common-3.3.6.jar:?]
	at org.apache.hadoop.ipc.Server$RpcCall.run(Server.java:1017) [hadoop-common-3.3.6.jar:?]
	at java.security.AccessController.doPrivileged(Native Method) ~[?:1.8.0_382]
	at javax.security.auth.Subject.doAs(Subject.java:422) [?:1.8.0_382]
	at org.apache.hadoop.security.UserGroupInformation.doAs(UserGroupInformation.java:1899) [hadoop-common-3.3.6.jar:?]
	at org.apache.hadoop.ipc.Server$Handler.run(Server.java:3048) [hadoop-common-3.3.6.jar:?]
13:00:27.561 [IPC Server handler 16 on default port 15163] ERROR OMAudit - user=runner | ip=127.0.0.1 | op=GET_FILE_STATUS {volume=volume08867, bucket=bucket18921, key=user/runner/dir1, dataSize=0, replicationConfig=null} | ret=FAILURE
org.apache.hadoop.ozone.om.exceptions.OMException: Unable to get file status: volume: volume08867 bucket: bucket18921 key: user/runner/dir1
	at org.apache.hadoop.ozone.om.KeyManagerImpl.getOzoneFileStatus(KeyManagerImpl.java:1198) ~[ozone-manager-1.4.0-SNAPSHOT.jar:?]
	at org.apache.hadoop.ozone.om.KeyManagerImpl.getFileStatus(KeyManagerImpl.java:1116) ~[ozone-manager-1.4.0-SNAPSHOT.jar:?]
	at org.apache.hadoop.ozone.om.OmMetadataReader.getFileStatus(OmMetadataReader.java:266) ~[ozone-manager-1.4.0-SNAPSHOT.jar:?]
	at org.apache.hadoop.ozone.om.OzoneManager.getFileStatus(OzoneManager.java:3552) ~[ozone-manager-1.4.0-SNAPSHOT.jar:?]
	at org.apache.hadoop.ozone.protocolPB.OzoneManagerRequestHandler.getOzoneFileStatus(OzoneManagerRequestHandler.java:998) ~[ozone-manager-1.4.0-SNAPSHOT.jar:?]
	at org.apache.hadoop.ozone.protocolPB.OzoneManagerRequestHandler.handleReadRequest(OzoneManagerRequestHandler.java:259) ~[ozone-manager-1.4.0-SNAPSHOT.jar:?]
	at org.apache.hadoop.ozone.protocolPB.OzoneManagerProtocolServerSideTranslatorPB.submitRequestDirectlyToOM(OzoneManagerProtocolServerSideTranslatorPB.java:274) ~[ozone-manager-1.4.0-SNAPSHOT.jar:?]
	at org.apache.hadoop.ozone.protocolPB.OzoneManagerProtocolServerSideTranslatorPB.processRequest(OzoneManagerProtocolServerSideTranslatorPB.java:175) ~[ozone-manager-1.4.0-SNAPSHOT.jar:?]
	at org.apache.hadoop.hdds.server.OzoneProtocolMessageDispatcher.processRequest(OzoneProtocolMessageDispatcher.java:87) [hdds-server-framework-1.4.0-SNAPSHOT.jar:?]
	at org.apache.hadoop.ozone.protocolPB.OzoneManagerProtocolServerSideTranslatorPB.submitRequest(OzoneManagerProtocolServerSideTranslatorPB.java:148) [ozone-manager-1.4.0-SNAPSHOT.jar:?]
	at org.apache.hadoop.ozone.protocol.proto.OzoneManagerProtocolProtos$OzoneManagerService$2.callBlockingMethod(OzoneManagerProtocolProtos.java) [ozone-interface-client-1.4.0-SNAPSHOT.jar:?]
	at org.apache.hadoop.ipc.ProtobufRpcEngine$Server.processCall(ProtobufRpcEngine.java:484) [hadoop-common-3.3.6.jar:?]
	at org.apache.hadoop.ipc.ProtobufRpcEngine2$Server$ProtoBufRpcInvoker.call(ProtobufRpcEngine2.java:595) [hadoop-common-3.3.6.jar:?]
	at org.apache.hadoop.ipc.ProtobufRpcEngine2$Server$ProtoBufRpcInvoker.call(ProtobufRpcEngine2.java:573) [hadoop-common-3.3.6.jar:?]
	at org.apache.hadoop.ipc.RPC$Server.call(RPC.java:1227) [hadoop-common-3.3.6.jar:?]
	at org.apache.hadoop.ipc.Server$RpcCall.run(Server.java:1094) [hadoop-common-3.3.6.jar:?]
	at org.apache.hadoop.ipc.Server$RpcCall.run(Server.java:1017) [hadoop-common-3.3.6.jar:?]
	at java.security.AccessController.doPrivileged(Native Method) ~[?:1.8.0_382]
	at javax.security.auth.Subject.doAs(Subject.java:422) [?:1.8.0_382]
	at org.apache.hadoop.security.UserGroupInformation.doAs(UserGroupInformation.java:1899) [hadoop-common-3.3.6.jar:?]
	at org.apache.hadoop.ipc.Server$Handler.run(Server.java:3048) [hadoop-common-3.3.6.jar:?]
13:00:27.562 [IPC Server handler 18 on default port 15163] ERROR OMAudit - user=runner | ip=127.0.0.1 | op=GET_FILE_STATUS {volume=volume08867, bucket=bucket18921, key=user/runner/dir1/dir2, dataSize=0, replicationConfig=null} | ret=FAILURE
org.apache.hadoop.ozone.om.exceptions.OMException: Unable to get file status: volume: volume08867 bucket: bucket18921 key: user/runner/dir1/dir2
	at org.apache.hadoop.ozone.om.KeyManagerImpl.getOzoneFileStatus(KeyManagerImpl.java:1198) ~[ozone-manager-1.4.0-SNAPSHOT.jar:?]
	at org.apache.hadoop.ozone.om.KeyManagerImpl.getFileStatus(KeyManagerImpl.java:1116) ~[ozone-manager-1.4.0-SNAPSHOT.jar:?]
	at org.apache.hadoop.ozone.om.OmMetadataReader.getFileStatus(OmMetadataReader.java:266) ~[ozone-manager-1.4.0-SNAPSHOT.jar:?]
	at org.apache.hadoop.ozone.om.OzoneManager.getFileStatus(OzoneManager.java:3552) ~[ozone-manager-1.4.0-SNAPSHOT.jar:?]
	at org.apache.hadoop.ozone.protocolPB.OzoneManagerRequestHandler.getOzoneFileStatus(OzoneManagerRequestHandler.java:998) ~[ozone-manager-1.4.0-SNAPSHOT.jar:?]
	at org.apache.hadoop.ozone.protocolPB.OzoneManagerRequestHandler.handleReadRequest(OzoneManagerRequestHandler.java:259) ~[ozone-manager-1.4.0-SNAPSHOT.jar:?]
	at org.apache.hadoop.ozone.protocolPB.OzoneManagerProtocolServerSideTranslatorPB.submitRequestDirectlyToOM(OzoneManagerProtocolServerSideTranslatorPB.java:274) ~[ozone-manager-1.4.0-SNAPSHOT.jar:?]
	at org.apache.hadoop.ozone.protocolPB.OzoneManagerProtocolServerSideTranslatorPB.processRequest(OzoneManagerProtocolServerSideTranslatorPB.java:175) ~[ozone-manager-1.4.0-SNAPSHOT.jar:?]
	at org.apache.hadoop.hdds.server.OzoneProtocolMessageDispatcher.processRequest(OzoneProtocolMessageDispatcher.java:87) [hdds-server-framework-1.4.0-SNAPSHOT.jar:?]
	at org.apache.hadoop.ozone.protocolPB.OzoneManagerProtocolServerSideTranslatorPB.submitRequest(OzoneManagerProtocolServerSideTranslatorPB.java:148) [ozone-manager-1.4.0-SNAPSHOT.jar:?]
	at org.apache.hadoop.ozone.protocol.proto.OzoneManagerProtocolProtos$OzoneManagerService$2.callBlockingMethod(OzoneManagerProtocolProtos.java) [ozone-interface-client-1.4.0-SNAPSHOT.jar:?]
	at org.apache.hadoop.ipc.ProtobufRpcEngine$Server.processCall(ProtobufRpcEngine.java:484) [hadoop-common-3.3.6.jar:?]
	at org.apache.hadoop.ipc.ProtobufRpcEngine2$Server$ProtoBufRpcInvoker.call(ProtobufRpcEngine2.java:595) [hadoop-common-3.3.6.jar:?]
	at org.apache.hadoop.ipc.ProtobufRpcEngine2$Server$ProtoBufRpcInvoker.call(ProtobufRpcEngine2.java:573) [hadoop-common-3.3.6.jar:?]
	at org.apache.hadoop.ipc.RPC$Server.call(RPC.java:1227) [hadoop-common-3.3.6.jar:?]
	at org.apache.hadoop.ipc.Server$RpcCall.run(Server.java:1094) [hadoop-common-3.3.6.jar:?]
	at org.apache.hadoop.ipc.Server$RpcCall.run(Server.java:1017) [hadoop-common-3.3.6.jar:?]
	at java.security.AccessController.doPrivileged(Native Method) ~[?:1.8.0_382]
	at javax.security.auth.Subject.doAs(Subject.java:422) [?:1.8.0_382]
	at org.apache.hadoop.security.UserGroupInformation.doAs(UserGroupInformation.java:1899) [hadoop-common-3.3.6.jar:?]
	at org.apache.hadoop.ipc.Server$Handler.run(Server.java:3048) [hadoop-common-3.3.6.jar:?]
]]></system-out>
  </testcase>
  <testcase name="testMakeDirsWithAnFakeDirectory" classname="TestOzoneFileSystem" time="0.051">
    <system-out><![CDATA[12:56:07.456 [IPC Server handler 19 on default port 15004] ERROR OMAudit - user=runner | ip=127.0.0.1 | op=GET_FILE_STATUS {volume=volume53983, bucket=bucket27347, key=user/runner/dir1/dir2, dataSize=0, replicationConfig=null} | ret=FAILURE
org.apache.hadoop.ozone.om.exceptions.OMException: Unable to get file status: volume: volume53983 bucket: bucket27347 key: user/runner/dir1/dir2
	at org.apache.hadoop.ozone.om.KeyManagerImpl.getOzoneFileStatus(KeyManagerImpl.java:1198) ~[ozone-manager-1.4.0-SNAPSHOT.jar:?]
	at org.apache.hadoop.ozone.om.KeyManagerImpl.getFileStatus(KeyManagerImpl.java:1116) ~[ozone-manager-1.4.0-SNAPSHOT.jar:?]
	at org.apache.hadoop.ozone.om.OmMetadataReader.getFileStatus(OmMetadataReader.java:266) ~[ozone-manager-1.4.0-SNAPSHOT.jar:?]
	at org.apache.hadoop.ozone.om.OzoneManager.getFileStatus(OzoneManager.java:3552) ~[ozone-manager-1.4.0-SNAPSHOT.jar:?]
	at org.apache.hadoop.ozone.protocolPB.OzoneManagerRequestHandler.getOzoneFileStatus(OzoneManagerRequestHandler.java:998) ~[ozone-manager-1.4.0-SNAPSHOT.jar:?]
	at org.apache.hadoop.ozone.protocolPB.OzoneManagerRequestHandler.handleReadRequest(OzoneManagerRequestHandler.java:259) ~[ozone-manager-1.4.0-SNAPSHOT.jar:?]
	at org.apache.hadoop.ozone.protocolPB.OzoneManagerProtocolServerSideTranslatorPB.submitReadRequestToOM(OzoneManagerProtocolServerSideTranslatorPB.java:225) ~[ozone-manager-1.4.0-SNAPSHOT.jar:?]
	at org.apache.hadoop.ozone.protocolPB.OzoneManagerProtocolServerSideTranslatorPB.processRequest(OzoneManagerProtocolServerSideTranslatorPB.java:179) ~[ozone-manager-1.4.0-SNAPSHOT.jar:?]
	at org.apache.hadoop.hdds.server.OzoneProtocolMessageDispatcher.processRequest(OzoneProtocolMessageDispatcher.java:87) [hdds-server-framework-1.4.0-SNAPSHOT.jar:?]
	at org.apache.hadoop.ozone.protocolPB.OzoneManagerProtocolServerSideTranslatorPB.submitRequest(OzoneManagerProtocolServerSideTranslatorPB.java:148) [ozone-manager-1.4.0-SNAPSHOT.jar:?]
	at org.apache.hadoop.ozone.protocol.proto.OzoneManagerProtocolProtos$OzoneManagerService$2.callBlockingMethod(OzoneManagerProtocolProtos.java) [ozone-interface-client-1.4.0-SNAPSHOT.jar:?]
	at org.apache.hadoop.ipc.ProtobufRpcEngine$Server.processCall(ProtobufRpcEngine.java:484) [hadoop-common-3.3.6.jar:?]
	at org.apache.hadoop.ipc.ProtobufRpcEngine2$Server$ProtoBufRpcInvoker.call(ProtobufRpcEngine2.java:595) [hadoop-common-3.3.6.jar:?]
	at org.apache.hadoop.ipc.ProtobufRpcEngine2$Server$ProtoBufRpcInvoker.call(ProtobufRpcEngine2.java:573) [hadoop-common-3.3.6.jar:?]
	at org.apache.hadoop.ipc.RPC$Server.call(RPC.java:1227) [hadoop-common-3.3.6.jar:?]
	at org.apache.hadoop.ipc.Server$RpcCall.run(Server.java:1094) [hadoop-common-3.3.6.jar:?]
	at org.apache.hadoop.ipc.Server$RpcCall.run(Server.java:1017) [hadoop-common-3.3.6.jar:?]
	at java.security.AccessController.doPrivileged(Native Method) ~[?:1.8.0_382]
	at javax.security.auth.Subject.doAs(Subject.java:422) [?:1.8.0_382]
	at org.apache.hadoop.security.UserGroupInformation.doAs(UserGroupInformation.java:1899) [hadoop-common-3.3.6.jar:?]
	at org.apache.hadoop.ipc.Server$Handler.run(Server.java:3048) [hadoop-common-3.3.6.jar:?]
]]></system-out>
  </testcase>
  <testcase name="testMakeDirsWithAnFakeDirectory" classname="TestOzoneFileSystem" time="0.028">
    <system-out><![CDATA[12:57:39.717 [IPC Server handler 1 on default port 15057] ERROR OMAudit - user=runner | ip=127.0.0.1 | op=GET_FILE_STATUS {volume=volume37469, bucket=bucket23551, key=user/runner/dir1/dir2, dataSize=0, replicationConfig=null} | ret=FAILURE
org.apache.hadoop.ozone.om.exceptions.OMException: Unable to get file status: volume: volume37469 bucket: bucket23551 key: user/runner/dir1/dir2
	at org.apache.hadoop.ozone.om.KeyManagerImpl.getOzoneFileStatus(KeyManagerImpl.java:1198) ~[ozone-manager-1.4.0-SNAPSHOT.jar:?]
	at org.apache.hadoop.ozone.om.KeyManagerImpl.getFileStatus(KeyManagerImpl.java:1116) ~[ozone-manager-1.4.0-SNAPSHOT.jar:?]
	at org.apache.hadoop.ozone.om.OmMetadataReader.getFileStatus(OmMetadataReader.java:266) ~[ozone-manager-1.4.0-SNAPSHOT.jar:?]
	at org.apache.hadoop.ozone.om.OzoneManager.getFileStatus(OzoneManager.java:3552) ~[ozone-manager-1.4.0-SNAPSHOT.jar:?]
	at org.apache.hadoop.ozone.protocolPB.OzoneManagerRequestHandler.getOzoneFileStatus(OzoneManagerRequestHandler.java:998) ~[ozone-manager-1.4.0-SNAPSHOT.jar:?]
	at org.apache.hadoop.ozone.protocolPB.OzoneManagerRequestHandler.handleReadRequest(OzoneManagerRequestHandler.java:259) ~[ozone-manager-1.4.0-SNAPSHOT.jar:?]
	at org.apache.hadoop.ozone.protocolPB.OzoneManagerProtocolServerSideTranslatorPB.submitRequestDirectlyToOM(OzoneManagerProtocolServerSideTranslatorPB.java:274) ~[ozone-manager-1.4.0-SNAPSHOT.jar:?]
	at org.apache.hadoop.ozone.protocolPB.OzoneManagerProtocolServerSideTranslatorPB.processRequest(OzoneManagerProtocolServerSideTranslatorPB.java:175) ~[ozone-manager-1.4.0-SNAPSHOT.jar:?]
	at org.apache.hadoop.hdds.server.OzoneProtocolMessageDispatcher.processRequest(OzoneProtocolMessageDispatcher.java:87) [hdds-server-framework-1.4.0-SNAPSHOT.jar:?]
	at org.apache.hadoop.ozone.protocolPB.OzoneManagerProtocolServerSideTranslatorPB.submitRequest(OzoneManagerProtocolServerSideTranslatorPB.java:148) [ozone-manager-1.4.0-SNAPSHOT.jar:?]
	at org.apache.hadoop.ozone.protocol.proto.OzoneManagerProtocolProtos$OzoneManagerService$2.callBlockingMethod(OzoneManagerProtocolProtos.java) [ozone-interface-client-1.4.0-SNAPSHOT.jar:?]
	at org.apache.hadoop.ipc.ProtobufRpcEngine$Server.processCall(ProtobufRpcEngine.java:484) [hadoop-common-3.3.6.jar:?]
	at org.apache.hadoop.ipc.ProtobufRpcEngine2$Server$ProtoBufRpcInvoker.call(ProtobufRpcEngine2.java:595) [hadoop-common-3.3.6.jar:?]
	at org.apache.hadoop.ipc.ProtobufRpcEngine2$Server$ProtoBufRpcInvoker.call(ProtobufRpcEngine2.java:573) [hadoop-common-3.3.6.jar:?]
	at org.apache.hadoop.ipc.RPC$Server.call(RPC.java:1227) [hadoop-common-3.3.6.jar:?]
	at org.apache.hadoop.ipc.Server$RpcCall.run(Server.java:1094) [hadoop-common-3.3.6.jar:?]
	at org.apache.hadoop.ipc.Server$RpcCall.run(Server.java:1017) [hadoop-common-3.3.6.jar:?]
	at java.security.AccessController.doPrivileged(Native Method) ~[?:1.8.0_382]
	at javax.security.auth.Subject.doAs(Subject.java:422) [?:1.8.0_382]
	at org.apache.hadoop.security.UserGroupInformation.doAs(UserGroupInformation.java:1899) [hadoop-common-3.3.6.jar:?]
	at org.apache.hadoop.ipc.Server$Handler.run(Server.java:3048) [hadoop-common-3.3.6.jar:?]
]]></system-out>
  </testcase>
  <testcase name="testMakeDirsWithAnFakeDirectory" classname="TestOzoneFileSystem" time="0.028">
    <system-out><![CDATA[12:58:54.793 [IPC Server handler 14 on default port 15110] ERROR OMAudit - user=runner | ip=127.0.0.1 | op=GET_FILE_STATUS {volume=volume13657, bucket=bucket40110, key=user/runner/dir1/dir2, dataSize=0, replicationConfig=null} | ret=FAILURE
org.apache.hadoop.ozone.om.exceptions.OMException: Unable to get file status: volume: volume13657 bucket: bucket40110 key: user/runner/dir1/dir2
	at org.apache.hadoop.ozone.om.KeyManagerImpl.getOzoneFileStatus(KeyManagerImpl.java:1198) ~[ozone-manager-1.4.0-SNAPSHOT.jar:?]
	at org.apache.hadoop.ozone.om.KeyManagerImpl.getFileStatus(KeyManagerImpl.java:1116) ~[ozone-manager-1.4.0-SNAPSHOT.jar:?]
	at org.apache.hadoop.ozone.om.OmMetadataReader.getFileStatus(OmMetadataReader.java:266) ~[ozone-manager-1.4.0-SNAPSHOT.jar:?]
	at org.apache.hadoop.ozone.om.OzoneManager.getFileStatus(OzoneManager.java:3552) ~[ozone-manager-1.4.0-SNAPSHOT.jar:?]
	at org.apache.hadoop.ozone.protocolPB.OzoneManagerRequestHandler.getOzoneFileStatus(OzoneManagerRequestHandler.java:998) ~[ozone-manager-1.4.0-SNAPSHOT.jar:?]
	at org.apache.hadoop.ozone.protocolPB.OzoneManagerRequestHandler.handleReadRequest(OzoneManagerRequestHandler.java:259) ~[ozone-manager-1.4.0-SNAPSHOT.jar:?]
	at org.apache.hadoop.ozone.protocolPB.OzoneManagerProtocolServerSideTranslatorPB.submitReadRequestToOM(OzoneManagerProtocolServerSideTranslatorPB.java:225) ~[ozone-manager-1.4.0-SNAPSHOT.jar:?]
	at org.apache.hadoop.ozone.protocolPB.OzoneManagerProtocolServerSideTranslatorPB.processRequest(OzoneManagerProtocolServerSideTranslatorPB.java:179) ~[ozone-manager-1.4.0-SNAPSHOT.jar:?]
	at org.apache.hadoop.hdds.server.OzoneProtocolMessageDispatcher.processRequest(OzoneProtocolMessageDispatcher.java:87) [hdds-server-framework-1.4.0-SNAPSHOT.jar:?]
	at org.apache.hadoop.ozone.protocolPB.OzoneManagerProtocolServerSideTranslatorPB.submitRequest(OzoneManagerProtocolServerSideTranslatorPB.java:148) [ozone-manager-1.4.0-SNAPSHOT.jar:?]
	at org.apache.hadoop.ozone.protocol.proto.OzoneManagerProtocolProtos$OzoneManagerService$2.callBlockingMethod(OzoneManagerProtocolProtos.java) [ozone-interface-client-1.4.0-SNAPSHOT.jar:?]
	at org.apache.hadoop.ipc.ProtobufRpcEngine$Server.processCall(ProtobufRpcEngine.java:484) [hadoop-common-3.3.6.jar:?]
	at org.apache.hadoop.ipc.ProtobufRpcEngine2$Server$ProtoBufRpcInvoker.call(ProtobufRpcEngine2.java:595) [hadoop-common-3.3.6.jar:?]
	at org.apache.hadoop.ipc.ProtobufRpcEngine2$Server$ProtoBufRpcInvoker.call(ProtobufRpcEngine2.java:573) [hadoop-common-3.3.6.jar:?]
	at org.apache.hadoop.ipc.RPC$Server.call(RPC.java:1227) [hadoop-common-3.3.6.jar:?]
	at org.apache.hadoop.ipc.Server$RpcCall.run(Server.java:1094) [hadoop-common-3.3.6.jar:?]
	at org.apache.hadoop.ipc.Server$RpcCall.run(Server.java:1017) [hadoop-common-3.3.6.jar:?]
	at java.security.AccessController.doPrivileged(Native Method) ~[?:1.8.0_382]
	at javax.security.auth.Subject.doAs(Subject.java:422) [?:1.8.0_382]
	at org.apache.hadoop.security.UserGroupInformation.doAs(UserGroupInformation.java:1899) [hadoop-common-3.3.6.jar:?]
	at org.apache.hadoop.ipc.Server$Handler.run(Server.java:3048) [hadoop-common-3.3.6.jar:?]
]]></system-out>
  </testcase>
  <testcase name="testMakeDirsWithAnFakeDirectory" classname="TestOzoneFileSystem" time="0.021">
    <system-out><![CDATA[13:00:27.579 [IPC Server handler 4 on default port 15163] ERROR OMAudit - user=runner | ip=127.0.0.1 | op=GET_FILE_STATUS {volume=volume08867, bucket=bucket18921, key=user/runner/dir1/dir2, dataSize=0, replicationConfig=null} | ret=FAILURE
org.apache.hadoop.ozone.om.exceptions.OMException: Unable to get file status: volume: volume08867 bucket: bucket18921 key: user/runner/dir1/dir2
	at org.apache.hadoop.ozone.om.KeyManagerImpl.getOzoneFileStatus(KeyManagerImpl.java:1198) ~[ozone-manager-1.4.0-SNAPSHOT.jar:?]
	at org.apache.hadoop.ozone.om.KeyManagerImpl.getFileStatus(KeyManagerImpl.java:1116) ~[ozone-manager-1.4.0-SNAPSHOT.jar:?]
	at org.apache.hadoop.ozone.om.OmMetadataReader.getFileStatus(OmMetadataReader.java:266) ~[ozone-manager-1.4.0-SNAPSHOT.jar:?]
	at org.apache.hadoop.ozone.om.OzoneManager.getFileStatus(OzoneManager.java:3552) ~[ozone-manager-1.4.0-SNAPSHOT.jar:?]
	at org.apache.hadoop.ozone.protocolPB.OzoneManagerRequestHandler.getOzoneFileStatus(OzoneManagerRequestHandler.java:998) ~[ozone-manager-1.4.0-SNAPSHOT.jar:?]
	at org.apache.hadoop.ozone.protocolPB.OzoneManagerRequestHandler.handleReadRequest(OzoneManagerRequestHandler.java:259) ~[ozone-manager-1.4.0-SNAPSHOT.jar:?]
	at org.apache.hadoop.ozone.protocolPB.OzoneManagerProtocolServerSideTranslatorPB.submitRequestDirectlyToOM(OzoneManagerProtocolServerSideTranslatorPB.java:274) ~[ozone-manager-1.4.0-SNAPSHOT.jar:?]
	at org.apache.hadoop.ozone.protocolPB.OzoneManagerProtocolServerSideTranslatorPB.processRequest(OzoneManagerProtocolServerSideTranslatorPB.java:175) ~[ozone-manager-1.4.0-SNAPSHOT.jar:?]
	at org.apache.hadoop.hdds.server.OzoneProtocolMessageDispatcher.processRequest(OzoneProtocolMessageDispatcher.java:87) [hdds-server-framework-1.4.0-SNAPSHOT.jar:?]
	at org.apache.hadoop.ozone.protocolPB.OzoneManagerProtocolServerSideTranslatorPB.submitRequest(OzoneManagerProtocolServerSideTranslatorPB.java:148) [ozone-manager-1.4.0-SNAPSHOT.jar:?]
	at org.apache.hadoop.ozone.protocol.proto.OzoneManagerProtocolProtos$OzoneManagerService$2.callBlockingMethod(OzoneManagerProtocolProtos.java) [ozone-interface-client-1.4.0-SNAPSHOT.jar:?]
	at org.apache.hadoop.ipc.ProtobufRpcEngine$Server.processCall(ProtobufRpcEngine.java:484) [hadoop-common-3.3.6.jar:?]
	at org.apache.hadoop.ipc.ProtobufRpcEngine2$Server$ProtoBufRpcInvoker.call(ProtobufRpcEngine2.java:595) [hadoop-common-3.3.6.jar:?]
	at org.apache.hadoop.ipc.ProtobufRpcEngine2$Server$ProtoBufRpcInvoker.call(ProtobufRpcEngine2.java:573) [hadoop-common-3.3.6.jar:?]
	at org.apache.hadoop.ipc.RPC$Server.call(RPC.java:1227) [hadoop-common-3.3.6.jar:?]
	at org.apache.hadoop.ipc.Server$RpcCall.run(Server.java:1094) [hadoop-common-3.3.6.jar:?]
	at org.apache.hadoop.ipc.Server$RpcCall.run(Server.java:1017) [hadoop-common-3.3.6.jar:?]
	at java.security.AccessController.doPrivileged(Native Method) ~[?:1.8.0_382]
	at javax.security.auth.Subject.doAs(Subject.java:422) [?:1.8.0_382]
	at org.apache.hadoop.security.UserGroupInformation.doAs(UserGroupInformation.java:1899) [hadoop-common-3.3.6.jar:?]
	at org.apache.hadoop.ipc.Server$Handler.run(Server.java:3048) [hadoop-common-3.3.6.jar:?]
]]></system-out>
  </testcase>
  <testcase name="testFileDelete" classname="TestOzoneFileSystem" time="0.271">
    <system-out><![CDATA[12:56:07.730 [IPC Server handler 1 on default port 15004] ERROR OMAudit - user=runner | ip=127.0.0.1 | op=GET_FILE_STATUS {volume=volume53983, bucket=bucket27347, key=testBatchDelete, dataSize=0, replicationConfig=null} | ret=FAILURE
org.apache.hadoop.ozone.om.exceptions.OMException: Unable to get file status: volume: volume53983 bucket: bucket27347 key: testBatchDelete
	at org.apache.hadoop.ozone.om.KeyManagerImpl.getOzoneFileStatus(KeyManagerImpl.java:1198) ~[ozone-manager-1.4.0-SNAPSHOT.jar:?]
	at org.apache.hadoop.ozone.om.KeyManagerImpl.getFileStatus(KeyManagerImpl.java:1116) ~[ozone-manager-1.4.0-SNAPSHOT.jar:?]
	at org.apache.hadoop.ozone.om.OmMetadataReader.getFileStatus(OmMetadataReader.java:266) ~[ozone-manager-1.4.0-SNAPSHOT.jar:?]
	at org.apache.hadoop.ozone.om.OzoneManager.getFileStatus(OzoneManager.java:3552) ~[ozone-manager-1.4.0-SNAPSHOT.jar:?]
	at org.apache.hadoop.ozone.protocolPB.OzoneManagerRequestHandler.getOzoneFileStatus(OzoneManagerRequestHandler.java:998) ~[ozone-manager-1.4.0-SNAPSHOT.jar:?]
	at org.apache.hadoop.ozone.protocolPB.OzoneManagerRequestHandler.handleReadRequest(OzoneManagerRequestHandler.java:259) ~[ozone-manager-1.4.0-SNAPSHOT.jar:?]
	at org.apache.hadoop.ozone.protocolPB.OzoneManagerProtocolServerSideTranslatorPB.submitReadRequestToOM(OzoneManagerProtocolServerSideTranslatorPB.java:225) ~[ozone-manager-1.4.0-SNAPSHOT.jar:?]
	at org.apache.hadoop.ozone.protocolPB.OzoneManagerProtocolServerSideTranslatorPB.processRequest(OzoneManagerProtocolServerSideTranslatorPB.java:179) ~[ozone-manager-1.4.0-SNAPSHOT.jar:?]
	at org.apache.hadoop.hdds.server.OzoneProtocolMessageDispatcher.processRequest(OzoneProtocolMessageDispatcher.java:87) [hdds-server-framework-1.4.0-SNAPSHOT.jar:?]
	at org.apache.hadoop.ozone.protocolPB.OzoneManagerProtocolServerSideTranslatorPB.submitRequest(OzoneManagerProtocolServerSideTranslatorPB.java:148) [ozone-manager-1.4.0-SNAPSHOT.jar:?]
	at org.apache.hadoop.ozone.protocol.proto.OzoneManagerProtocolProtos$OzoneManagerService$2.callBlockingMethod(OzoneManagerProtocolProtos.java) [ozone-interface-client-1.4.0-SNAPSHOT.jar:?]
	at org.apache.hadoop.ipc.ProtobufRpcEngine$Server.processCall(ProtobufRpcEngine.java:484) [hadoop-common-3.3.6.jar:?]
	at org.apache.hadoop.ipc.ProtobufRpcEngine2$Server$ProtoBufRpcInvoker.call(ProtobufRpcEngine2.java:595) [hadoop-common-3.3.6.jar:?]
	at org.apache.hadoop.ipc.ProtobufRpcEngine2$Server$ProtoBufRpcInvoker.call(ProtobufRpcEngine2.java:573) [hadoop-common-3.3.6.jar:?]
	at org.apache.hadoop.ipc.RPC$Server.call(RPC.java:1227) [hadoop-common-3.3.6.jar:?]
	at org.apache.hadoop.ipc.Server$RpcCall.run(Server.java:1094) [hadoop-common-3.3.6.jar:?]
	at org.apache.hadoop.ipc.Server$RpcCall.run(Server.java:1017) [hadoop-common-3.3.6.jar:?]
	at java.security.AccessController.doPrivileged(Native Method) ~[?:1.8.0_382]
	at javax.security.auth.Subject.doAs(Subject.java:422) [?:1.8.0_382]
	at org.apache.hadoop.security.UserGroupInformation.doAs(UserGroupInformation.java:1899) [hadoop-common-3.3.6.jar:?]
	at org.apache.hadoop.ipc.Server$Handler.run(Server.java:3048) [hadoop-common-3.3.6.jar:?]
12:56:07.732 [IPC Server handler 19 on default port 15004] ERROR OMAudit - user=runner | ip=127.0.0.1 | op=GET_FILE_STATUS {volume=volume53983, bucket=bucket27347, key=testBatchDelete/parent/child0, dataSize=0, replicationConfig=null} | ret=FAILURE
org.apache.hadoop.ozone.om.exceptions.OMException: Unable to get file status: volume: volume53983 bucket: bucket27347 key: testBatchDelete/parent/child0
	at org.apache.hadoop.ozone.om.KeyManagerImpl.getOzoneFileStatus(KeyManagerImpl.java:1198) ~[ozone-manager-1.4.0-SNAPSHOT.jar:?]
	at org.apache.hadoop.ozone.om.KeyManagerImpl.getFileStatus(KeyManagerImpl.java:1116) ~[ozone-manager-1.4.0-SNAPSHOT.jar:?]
	at org.apache.hadoop.ozone.om.OmMetadataReader.getFileStatus(OmMetadataReader.java:266) ~[ozone-manager-1.4.0-SNAPSHOT.jar:?]
	at org.apache.hadoop.ozone.om.OzoneManager.getFileStatus(OzoneManager.java:3552) ~[ozone-manager-1.4.0-SNAPSHOT.jar:?]
	at org.apache.hadoop.ozone.protocolPB.OzoneManagerRequestHandler.getOzoneFileStatus(OzoneManagerRequestHandler.java:998) ~[ozone-manager-1.4.0-SNAPSHOT.jar:?]
	at org.apache.hadoop.ozone.protocolPB.OzoneManagerRequestHandler.handleReadRequest(OzoneManagerRequestHandler.java:259) ~[ozone-manager-1.4.0-SNAPSHOT.jar:?]
	at org.apache.hadoop.ozone.protocolPB.OzoneManagerProtocolServerSideTranslatorPB.submitReadRequestToOM(OzoneManagerProtocolServerSideTranslatorPB.java:225) ~[ozone-manager-1.4.0-SNAPSHOT.jar:?]
	at org.apache.hadoop.ozone.protocolPB.OzoneManagerProtocolServerSideTranslatorPB.processRequest(OzoneManagerProtocolServerSideTranslatorPB.java:179) ~[ozone-manager-1.4.0-SNAPSHOT.jar:?]
	at org.apache.hadoop.hdds.server.OzoneProtocolMessageDispatcher.processRequest(OzoneProtocolMessageDispatcher.java:87) [hdds-server-framework-1.4.0-SNAPSHOT.jar:?]
	at org.apache.hadoop.ozone.protocolPB.OzoneManagerProtocolServerSideTranslatorPB.submitRequest(OzoneManagerProtocolServerSideTranslatorPB.java:148) [ozone-manager-1.4.0-SNAPSHOT.jar:?]
	at org.apache.hadoop.ozone.protocol.proto.OzoneManagerProtocolProtos$OzoneManagerService$2.callBlockingMethod(OzoneManagerProtocolProtos.java) [ozone-interface-client-1.4.0-SNAPSHOT.jar:?]
	at org.apache.hadoop.ipc.ProtobufRpcEngine$Server.processCall(ProtobufRpcEngine.java:484) [hadoop-common-3.3.6.jar:?]
	at org.apache.hadoop.ipc.ProtobufRpcEngine2$Server$ProtoBufRpcInvoker.call(ProtobufRpcEngine2.java:595) [hadoop-common-3.3.6.jar:?]
	at org.apache.hadoop.ipc.ProtobufRpcEngine2$Server$ProtoBufRpcInvoker.call(ProtobufRpcEngine2.java:573) [hadoop-common-3.3.6.jar:?]
	at org.apache.hadoop.ipc.RPC$Server.call(RPC.java:1227) [hadoop-common-3.3.6.jar:?]
	at org.apache.hadoop.ipc.Server$RpcCall.run(Server.java:1094) [hadoop-common-3.3.6.jar:?]
	at org.apache.hadoop.ipc.Server$RpcCall.run(Server.java:1017) [hadoop-common-3.3.6.jar:?]
	at java.security.AccessController.doPrivileged(Native Method) ~[?:1.8.0_382]
	at javax.security.auth.Subject.doAs(Subject.java:422) [?:1.8.0_382]
	at org.apache.hadoop.security.UserGroupInformation.doAs(UserGroupInformation.java:1899) [hadoop-common-3.3.6.jar:?]
	at org.apache.hadoop.ipc.Server$Handler.run(Server.java:3048) [hadoop-common-3.3.6.jar:?]
12:56:07.733 [IPC Server handler 15 on default port 15004] ERROR OMAudit - user=runner | ip=127.0.0.1 | op=GET_FILE_STATUS {volume=volume53983, bucket=bucket27347, key=testBatchDelete/parent/childFolder/child0, dataSize=0, replicationConfig=null} | ret=FAILURE
org.apache.hadoop.ozone.om.exceptions.OMException: Unable to get file status: volume: volume53983 bucket: bucket27347 key: testBatchDelete/parent/childFolder/child0
	at org.apache.hadoop.ozone.om.KeyManagerImpl.getOzoneFileStatus(KeyManagerImpl.java:1198) ~[ozone-manager-1.4.0-SNAPSHOT.jar:?]
	at org.apache.hadoop.ozone.om.KeyManagerImpl.getFileStatus(KeyManagerImpl.java:1116) ~[ozone-manager-1.4.0-SNAPSHOT.jar:?]
	at org.apache.hadoop.ozone.om.OmMetadataReader.getFileStatus(OmMetadataReader.java:266) ~[ozone-manager-1.4.0-SNAPSHOT.jar:?]
	at org.apache.hadoop.ozone.om.OzoneManager.getFileStatus(OzoneManager.java:3552) ~[ozone-manager-1.4.0-SNAPSHOT.jar:?]
	at org.apache.hadoop.ozone.protocolPB.OzoneManagerRequestHandler.getOzoneFileStatus(OzoneManagerRequestHandler.java:998) ~[ozone-manager-1.4.0-SNAPSHOT.jar:?]
	at org.apache.hadoop.ozone.protocolPB.OzoneManagerRequestHandler.handleReadRequest(OzoneManagerRequestHandler.java:259) ~[ozone-manager-1.4.0-SNAPSHOT.jar:?]
	at org.apache.hadoop.ozone.protocolPB.OzoneManagerProtocolServerSideTranslatorPB.submitReadRequestToOM(OzoneManagerProtocolServerSideTranslatorPB.java:225) ~[ozone-manager-1.4.0-SNAPSHOT.jar:?]
	at org.apache.hadoop.ozone.protocolPB.OzoneManagerProtocolServerSideTranslatorPB.processRequest(OzoneManagerProtocolServerSideTranslatorPB.java:179) ~[ozone-manager-1.4.0-SNAPSHOT.jar:?]
	at org.apache.hadoop.hdds.server.OzoneProtocolMessageDispatcher.processRequest(OzoneProtocolMessageDispatcher.java:87) [hdds-server-framework-1.4.0-SNAPSHOT.jar:?]
	at org.apache.hadoop.ozone.protocolPB.OzoneManagerProtocolServerSideTranslatorPB.submitRequest(OzoneManagerProtocolServerSideTranslatorPB.java:148) [ozone-manager-1.4.0-SNAPSHOT.jar:?]
	at org.apache.hadoop.ozone.protocol.proto.OzoneManagerProtocolProtos$OzoneManagerService$2.callBlockingMethod(OzoneManagerProtocolProtos.java) [ozone-interface-client-1.4.0-SNAPSHOT.jar:?]
	at org.apache.hadoop.ipc.ProtobufRpcEngine$Server.processCall(ProtobufRpcEngine.java:484) [hadoop-common-3.3.6.jar:?]
	at org.apache.hadoop.ipc.ProtobufRpcEngine2$Server$ProtoBufRpcInvoker.call(ProtobufRpcEngine2.java:595) [hadoop-common-3.3.6.jar:?]
	at org.apache.hadoop.ipc.ProtobufRpcEngine2$Server$ProtoBufRpcInvoker.call(ProtobufRpcEngine2.java:573) [hadoop-common-3.3.6.jar:?]
	at org.apache.hadoop.ipc.RPC$Server.call(RPC.java:1227) [hadoop-common-3.3.6.jar:?]
	at org.apache.hadoop.ipc.Server$RpcCall.run(Server.java:1094) [hadoop-common-3.3.6.jar:?]
	at org.apache.hadoop.ipc.Server$RpcCall.run(Server.java:1017) [hadoop-common-3.3.6.jar:?]
	at java.security.AccessController.doPrivileged(Native Method) ~[?:1.8.0_382]
	at javax.security.auth.Subject.doAs(Subject.java:422) [?:1.8.0_382]
	at org.apache.hadoop.security.UserGroupInformation.doAs(UserGroupInformation.java:1899) [hadoop-common-3.3.6.jar:?]
	at org.apache.hadoop.ipc.Server$Handler.run(Server.java:3048) [hadoop-common-3.3.6.jar:?]
12:56:07.735 [IPC Server handler 7 on default port 15004] ERROR OMAudit - user=runner | ip=127.0.0.1 | op=GET_FILE_STATUS {volume=volume53983, bucket=bucket27347, key=testBatchDelete/parent/child1, dataSize=0, replicationConfig=null} | ret=FAILURE
org.apache.hadoop.ozone.om.exceptions.OMException: Unable to get file status: volume: volume53983 bucket: bucket27347 key: testBatchDelete/parent/child1
	at org.apache.hadoop.ozone.om.KeyManagerImpl.getOzoneFileStatus(KeyManagerImpl.java:1198) ~[ozone-manager-1.4.0-SNAPSHOT.jar:?]
	at org.apache.hadoop.ozone.om.KeyManagerImpl.getFileStatus(KeyManagerImpl.java:1116) ~[ozone-manager-1.4.0-SNAPSHOT.jar:?]
	at org.apache.hadoop.ozone.om.OmMetadataReader.getFileStatus(OmMetadataReader.java:266) ~[ozone-manager-1.4.0-SNAPSHOT.jar:?]
	at org.apache.hadoop.ozone.om.OzoneManager.getFileStatus(OzoneManager.java:3552) ~[ozone-manager-1.4.0-SNAPSHOT.jar:?]
	at org.apache.hadoop.ozone.protocolPB.OzoneManagerRequestHandler.getOzoneFileStatus(OzoneManagerRequestHandler.java:998) ~[ozone-manager-1.4.0-SNAPSHOT.jar:?]
	at org.apache.hadoop.ozone.protocolPB.OzoneManagerRequestHandler.handleReadRequest(OzoneManagerRequestHandler.java:259) ~[ozone-manager-1.4.0-SNAPSHOT.jar:?]
	at org.apache.hadoop.ozone.protocolPB.OzoneManagerProtocolServerSideTranslatorPB.submitReadRequestToOM(OzoneManagerProtocolServerSideTranslatorPB.java:225) ~[ozone-manager-1.4.0-SNAPSHOT.jar:?]
	at org.apache.hadoop.ozone.protocolPB.OzoneManagerProtocolServerSideTranslatorPB.processRequest(OzoneManagerProtocolServerSideTranslatorPB.java:179) ~[ozone-manager-1.4.0-SNAPSHOT.jar:?]
	at org.apache.hadoop.hdds.server.OzoneProtocolMessageDispatcher.processRequest(OzoneProtocolMessageDispatcher.java:87) [hdds-server-framework-1.4.0-SNAPSHOT.jar:?]
	at org.apache.hadoop.ozone.protocolPB.OzoneManagerProtocolServerSideTranslatorPB.submitRequest(OzoneManagerProtocolServerSideTranslatorPB.java:148) [ozone-manager-1.4.0-SNAPSHOT.jar:?]
	at org.apache.hadoop.ozone.protocol.proto.OzoneManagerProtocolProtos$OzoneManagerService$2.callBlockingMethod(OzoneManagerProtocolProtos.java) [ozone-interface-client-1.4.0-SNAPSHOT.jar:?]
	at org.apache.hadoop.ipc.ProtobufRpcEngine$Server.processCall(ProtobufRpcEngine.java:484) [hadoop-common-3.3.6.jar:?]
	at org.apache.hadoop.ipc.ProtobufRpcEngine2$Server$ProtoBufRpcInvoker.call(ProtobufRpcEngine2.java:595) [hadoop-common-3.3.6.jar:?]
	at org.apache.hadoop.ipc.ProtobufRpcEngine2$Server$ProtoBufRpcInvoker.call(ProtobufRpcEngine2.java:573) [hadoop-common-3.3.6.jar:?]
	at org.apache.hadoop.ipc.RPC$Server.call(RPC.java:1227) [hadoop-common-3.3.6.jar:?]
	at org.apache.hadoop.ipc.Server$RpcCall.run(Server.java:1094) [hadoop-common-3.3.6.jar:?]
	at org.apache.hadoop.ipc.Server$RpcCall.run(Server.java:1017) [hadoop-common-3.3.6.jar:?]
	at java.security.AccessController.doPrivileged(Native Method) ~[?:1.8.0_382]
	at javax.security.auth.Subject.doAs(Subject.java:422) [?:1.8.0_382]
	at org.apache.hadoop.security.UserGroupInformation.doAs(UserGroupInformation.java:1899) [hadoop-common-3.3.6.jar:?]
	at org.apache.hadoop.ipc.Server$Handler.run(Server.java:3048) [hadoop-common-3.3.6.jar:?]
12:56:07.737 [IPC Server handler 5 on default port 15004] ERROR OMAudit - user=runner | ip=127.0.0.1 | op=GET_FILE_STATUS {volume=volume53983, bucket=bucket27347, key=testBatchDelete/parent/childFolder/child1, dataSize=0, replicationConfig=null} | ret=FAILURE
org.apache.hadoop.ozone.om.exceptions.OMException: Unable to get file status: volume: volume53983 bucket: bucket27347 key: testBatchDelete/parent/childFolder/child1
	at org.apache.hadoop.ozone.om.KeyManagerImpl.getOzoneFileStatus(KeyManagerImpl.java:1198) ~[ozone-manager-1.4.0-SNAPSHOT.jar:?]
	at org.apache.hadoop.ozone.om.KeyManagerImpl.getFileStatus(KeyManagerImpl.java:1116) ~[ozone-manager-1.4.0-SNAPSHOT.jar:?]
	at org.apache.hadoop.ozone.om.OmMetadataReader.getFileStatus(OmMetadataReader.java:266) ~[ozone-manager-1.4.0-SNAPSHOT.jar:?]
	at org.apache.hadoop.ozone.om.OzoneManager.getFileStatus(OzoneManager.java:3552) ~[ozone-manager-1.4.0-SNAPSHOT.jar:?]
	at org.apache.hadoop.ozone.protocolPB.OzoneManagerRequestHandler.getOzoneFileStatus(OzoneManagerRequestHandler.java:998) ~[ozone-manager-1.4.0-SNAPSHOT.jar:?]
	at org.apache.hadoop.ozone.protocolPB.OzoneManagerRequestHandler.handleReadRequest(OzoneManagerRequestHandler.java:259) ~[ozone-manager-1.4.0-SNAPSHOT.jar:?]
	at org.apache.hadoop.ozone.protocolPB.OzoneManagerProtocolServerSideTranslatorPB.submitReadRequestToOM(OzoneManagerProtocolServerSideTranslatorPB.java:225) ~[ozone-manager-1.4.0-SNAPSHOT.jar:?]
	at org.apache.hadoop.ozone.protocolPB.OzoneManagerProtocolServerSideTranslatorPB.processRequest(OzoneManagerProtocolServerSideTranslatorPB.java:179) ~[ozone-manager-1.4.0-SNAPSHOT.jar:?]
	at org.apache.hadoop.hdds.server.OzoneProtocolMessageDispatcher.processRequest(OzoneProtocolMessageDispatcher.java:87) [hdds-server-framework-1.4.0-SNAPSHOT.jar:?]
	at org.apache.hadoop.ozone.protocolPB.OzoneManagerProtocolServerSideTranslatorPB.submitRequest(OzoneManagerProtocolServerSideTranslatorPB.java:148) [ozone-manager-1.4.0-SNAPSHOT.jar:?]
	at org.apache.hadoop.ozone.protocol.proto.OzoneManagerProtocolProtos$OzoneManagerService$2.callBlockingMethod(OzoneManagerProtocolProtos.java) [ozone-interface-client-1.4.0-SNAPSHOT.jar:?]
	at org.apache.hadoop.ipc.ProtobufRpcEngine$Server.processCall(ProtobufRpcEngine.java:484) [hadoop-common-3.3.6.jar:?]
	at org.apache.hadoop.ipc.ProtobufRpcEngine2$Server$ProtoBufRpcInvoker.call(ProtobufRpcEngine2.java:595) [hadoop-common-3.3.6.jar:?]
	at org.apache.hadoop.ipc.ProtobufRpcEngine2$Server$ProtoBufRpcInvoker.call(ProtobufRpcEngine2.java:573) [hadoop-common-3.3.6.jar:?]
	at org.apache.hadoop.ipc.RPC$Server.call(RPC.java:1227) [hadoop-common-3.3.6.jar:?]
	at org.apache.hadoop.ipc.Server$RpcCall.run(Server.java:1094) [hadoop-common-3.3.6.jar:?]
	at org.apache.hadoop.ipc.Server$RpcCall.run(Server.java:1017) [hadoop-common-3.3.6.jar:?]
	at java.security.AccessController.doPrivileged(Native Method) ~[?:1.8.0_382]
	at javax.security.auth.Subject.doAs(Subject.java:422) [?:1.8.0_382]
	at org.apache.hadoop.security.UserGroupInformation.doAs(UserGroupInformation.java:1899) [hadoop-common-3.3.6.jar:?]
	at org.apache.hadoop.ipc.Server$Handler.run(Server.java:3048) [hadoop-common-3.3.6.jar:?]
12:56:07.739 [IPC Server handler 12 on default port 15004] ERROR OMAudit - user=runner | ip=127.0.0.1 | op=GET_FILE_STATUS {volume=volume53983, bucket=bucket27347, key=testBatchDelete/parent/child2, dataSize=0, replicationConfig=null} | ret=FAILURE
org.apache.hadoop.ozone.om.exceptions.OMException: Unable to get file status: volume: volume53983 bucket: bucket27347 key: testBatchDelete/parent/child2
	at org.apache.hadoop.ozone.om.KeyManagerImpl.getOzoneFileStatus(KeyManagerImpl.java:1198) ~[ozone-manager-1.4.0-SNAPSHOT.jar:?]
	at org.apache.hadoop.ozone.om.KeyManagerImpl.getFileStatus(KeyManagerImpl.java:1116) ~[ozone-manager-1.4.0-SNAPSHOT.jar:?]
	at org.apache.hadoop.ozone.om.OmMetadataReader.getFileStatus(OmMetadataReader.java:266) ~[ozone-manager-1.4.0-SNAPSHOT.jar:?]
	at org.apache.hadoop.ozone.om.OzoneManager.getFileStatus(OzoneManager.java:3552) ~[ozone-manager-1.4.0-SNAPSHOT.jar:?]
	at org.apache.hadoop.ozone.protocolPB.OzoneManagerRequestHandler.getOzoneFileStatus(OzoneManagerRequestHandler.java:998) ~[ozone-manager-1.4.0-SNAPSHOT.jar:?]
	at org.apache.hadoop.ozone.protocolPB.OzoneManagerRequestHandler.handleReadRequest(OzoneManagerRequestHandler.java:259) ~[ozone-manager-1.4.0-SNAPSHOT.jar:?]
	at org.apache.hadoop.ozone.protocolPB.OzoneManagerProtocolServerSideTranslatorPB.submitReadRequestToOM(OzoneManagerProtocolServerSideTranslatorPB.java:225) ~[ozone-manager-1.4.0-SNAPSHOT.jar:?]
	at org.apache.hadoop.ozone.protocolPB.OzoneManagerProtocolServerSideTranslatorPB.processRequest(OzoneManagerProtocolServerSideTranslatorPB.java:179) ~[ozone-manager-1.4.0-SNAPSHOT.jar:?]
	at org.apache.hadoop.hdds.server.OzoneProtocolMessageDispatcher.processRequest(OzoneProtocolMessageDispatcher.java:87) [hdds-server-framework-1.4.0-SNAPSHOT.jar:?]
	at org.apache.hadoop.ozone.protocolPB.OzoneManagerProtocolServerSideTranslatorPB.submitRequest(OzoneManagerProtocolServerSideTranslatorPB.java:148) [ozone-manager-1.4.0-SNAPSHOT.jar:?]
	at org.apache.hadoop.ozone.protocol.proto.OzoneManagerProtocolProtos$OzoneManagerService$2.callBlockingMethod(OzoneManagerProtocolProtos.java) [ozone-interface-client-1.4.0-SNAPSHOT.jar:?]
	at org.apache.hadoop.ipc.ProtobufRpcEngine$Server.processCall(ProtobufRpcEngine.java:484) [hadoop-common-3.3.6.jar:?]
	at org.apache.hadoop.ipc.ProtobufRpcEngine2$Server$ProtoBufRpcInvoker.call(ProtobufRpcEngine2.java:595) [hadoop-common-3.3.6.jar:?]
	at org.apache.hadoop.ipc.ProtobufRpcEngine2$Server$ProtoBufRpcInvoker.call(ProtobufRpcEngine2.java:573) [hadoop-common-3.3.6.jar:?]
	at org.apache.hadoop.ipc.RPC$Server.call(RPC.java:1227) [hadoop-common-3.3.6.jar:?]
	at org.apache.hadoop.ipc.Server$RpcCall.run(Server.java:1094) [hadoop-common-3.3.6.jar:?]
	at org.apache.hadoop.ipc.Server$RpcCall.run(Server.java:1017) [hadoop-common-3.3.6.jar:?]
	at java.security.AccessController.doPrivileged(Native Method) ~[?:1.8.0_382]
	at javax.security.auth.Subject.doAs(Subject.java:422) [?:1.8.0_382]
	at org.apache.hadoop.security.UserGroupInformation.doAs(UserGroupInformation.java:1899) [hadoop-common-3.3.6.jar:?]
	at org.apache.hadoop.ipc.Server$Handler.run(Server.java:3048) [hadoop-common-3.3.6.jar:?]
12:56:07.741 [IPC Server handler 10 on default port 15004] ERROR OMAudit - user=runner | ip=127.0.0.1 | op=GET_FILE_STATUS {volume=volume53983, bucket=bucket27347, key=testBatchDelete/parent/childFolder/child2, dataSize=0, replicationConfig=null} | ret=FAILURE
org.apache.hadoop.ozone.om.exceptions.OMException: Unable to get file status: volume: volume53983 bucket: bucket27347 key: testBatchDelete/parent/childFolder/child2
	at org.apache.hadoop.ozone.om.KeyManagerImpl.getOzoneFileStatus(KeyManagerImpl.java:1198) ~[ozone-manager-1.4.0-SNAPSHOT.jar:?]
	at org.apache.hadoop.ozone.om.KeyManagerImpl.getFileStatus(KeyManagerImpl.java:1116) ~[ozone-manager-1.4.0-SNAPSHOT.jar:?]
	at org.apache.hadoop.ozone.om.OmMetadataReader.getFileStatus(OmMetadataReader.java:266) ~[ozone-manager-1.4.0-SNAPSHOT.jar:?]
	at org.apache.hadoop.ozone.om.OzoneManager.getFileStatus(OzoneManager.java:3552) ~[ozone-manager-1.4.0-SNAPSHOT.jar:?]
	at org.apache.hadoop.ozone.protocolPB.OzoneManagerRequestHandler.getOzoneFileStatus(OzoneManagerRequestHandler.java:998) ~[ozone-manager-1.4.0-SNAPSHOT.jar:?]
	at org.apache.hadoop.ozone.protocolPB.OzoneManagerRequestHandler.handleReadRequest(OzoneManagerRequestHandler.java:259) ~[ozone-manager-1.4.0-SNAPSHOT.jar:?]
	at org.apache.hadoop.ozone.protocolPB.OzoneManagerProtocolServerSideTranslatorPB.submitReadRequestToOM(OzoneManagerProtocolServerSideTranslatorPB.java:225) ~[ozone-manager-1.4.0-SNAPSHOT.jar:?]
	at org.apache.hadoop.ozone.protocolPB.OzoneManagerProtocolServerSideTranslatorPB.processRequest(OzoneManagerProtocolServerSideTranslatorPB.java:179) ~[ozone-manager-1.4.0-SNAPSHOT.jar:?]
	at org.apache.hadoop.hdds.server.OzoneProtocolMessageDispatcher.processRequest(OzoneProtocolMessageDispatcher.java:87) [hdds-server-framework-1.4.0-SNAPSHOT.jar:?]
	at org.apache.hadoop.ozone.protocolPB.OzoneManagerProtocolServerSideTranslatorPB.submitRequest(OzoneManagerProtocolServerSideTranslatorPB.java:148) [ozone-manager-1.4.0-SNAPSHOT.jar:?]
	at org.apache.hadoop.ozone.protocol.proto.OzoneManagerProtocolProtos$OzoneManagerService$2.callBlockingMethod(OzoneManagerProtocolProtos.java) [ozone-interface-client-1.4.0-SNAPSHOT.jar:?]
	at org.apache.hadoop.ipc.ProtobufRpcEngine$Server.processCall(ProtobufRpcEngine.java:484) [hadoop-common-3.3.6.jar:?]
	at org.apache.hadoop.ipc.ProtobufRpcEngine2$Server$ProtoBufRpcInvoker.call(ProtobufRpcEngine2.java:595) [hadoop-common-3.3.6.jar:?]
	at org.apache.hadoop.ipc.ProtobufRpcEngine2$Server$ProtoBufRpcInvoker.call(ProtobufRpcEngine2.java:573) [hadoop-common-3.3.6.jar:?]
	at org.apache.hadoop.ipc.RPC$Server.call(RPC.java:1227) [hadoop-common-3.3.6.jar:?]
	at org.apache.hadoop.ipc.Server$RpcCall.run(Server.java:1094) [hadoop-common-3.3.6.jar:?]
	at org.apache.hadoop.ipc.Server$RpcCall.run(Server.java:1017) [hadoop-common-3.3.6.jar:?]
	at java.security.AccessController.doPrivileged(Native Method) ~[?:1.8.0_382]
	at javax.security.auth.Subject.doAs(Subject.java:422) [?:1.8.0_382]
	at org.apache.hadoop.security.UserGroupInformation.doAs(UserGroupInformation.java:1899) [hadoop-common-3.3.6.jar:?]
	at org.apache.hadoop.ipc.Server$Handler.run(Server.java:3048) [hadoop-common-3.3.6.jar:?]
12:56:07.742 [IPC Server handler 16 on default port 15004] ERROR OMAudit - user=runner | ip=127.0.0.1 | op=GET_FILE_STATUS {volume=volume53983, bucket=bucket27347, key=testBatchDelete/parent/child3, dataSize=0, replicationConfig=null} | ret=FAILURE
org.apache.hadoop.ozone.om.exceptions.OMException: Unable to get file status: volume: volume53983 bucket: bucket27347 key: testBatchDelete/parent/child3
	at org.apache.hadoop.ozone.om.KeyManagerImpl.getOzoneFileStatus(KeyManagerImpl.java:1198) ~[ozone-manager-1.4.0-SNAPSHOT.jar:?]
	at org.apache.hadoop.ozone.om.KeyManagerImpl.getFileStatus(KeyManagerImpl.java:1116) ~[ozone-manager-1.4.0-SNAPSHOT.jar:?]
	at org.apache.hadoop.ozone.om.OmMetadataReader.getFileStatus(OmMetadataReader.java:266) ~[ozone-manager-1.4.0-SNAPSHOT.jar:?]
	at org.apache.hadoop.ozone.om.OzoneManager.getFileStatus(OzoneManager.java:3552) ~[ozone-manager-1.4.0-SNAPSHOT.jar:?]
	at org.apache.hadoop.ozone.protocolPB.OzoneManagerRequestHandler.getOzoneFileStatus(OzoneManagerRequestHandler.java:998) ~[ozone-manager-1.4.0-SNAPSHOT.jar:?]
	at org.apache.hadoop.ozone.protocolPB.OzoneManagerRequestHandler.handleReadRequest(OzoneManagerRequestHandler.java:259) ~[ozone-manager-1.4.0-SNAPSHOT.jar:?]
	at org.apache.hadoop.ozone.protocolPB.OzoneManagerProtocolServerSideTranslatorPB.submitReadRequestToOM(OzoneManagerProtocolServerSideTranslatorPB.java:225) ~[ozone-manager-1.4.0-SNAPSHOT.jar:?]
	at org.apache.hadoop.ozone.protocolPB.OzoneManagerProtocolServerSideTranslatorPB.processRequest(OzoneManagerProtocolServerSideTranslatorPB.java:179) ~[ozone-manager-1.4.0-SNAPSHOT.jar:?]
	at org.apache.hadoop.hdds.server.OzoneProtocolMessageDispatcher.processRequest(OzoneProtocolMessageDispatcher.java:87) [hdds-server-framework-1.4.0-SNAPSHOT.jar:?]
	at org.apache.hadoop.ozone.protocolPB.OzoneManagerProtocolServerSideTranslatorPB.submitRequest(OzoneManagerProtocolServerSideTranslatorPB.java:148) [ozone-manager-1.4.0-SNAPSHOT.jar:?]
	at org.apache.hadoop.ozone.protocol.proto.OzoneManagerProtocolProtos$OzoneManagerService$2.callBlockingMethod(OzoneManagerProtocolProtos.java) [ozone-interface-client-1.4.0-SNAPSHOT.jar:?]
	at org.apache.hadoop.ipc.ProtobufRpcEngine$Server.processCall(ProtobufRpcEngine.java:484) [hadoop-common-3.3.6.jar:?]
	at org.apache.hadoop.ipc.ProtobufRpcEngine2$Server$ProtoBufRpcInvoker.call(ProtobufRpcEngine2.java:595) [hadoop-common-3.3.6.jar:?]
	at org.apache.hadoop.ipc.ProtobufRpcEngine2$Server$ProtoBufRpcInvoker.call(ProtobufRpcEngine2.java:573) [hadoop-common-3.3.6.jar:?]
	at org.apache.hadoop.ipc.RPC$Server.call(RPC.java:1227) [hadoop-common-3.3.6.jar:?]
	at org.apache.hadoop.ipc.Server$RpcCall.run(Server.java:1094) [hadoop-common-3.3.6.jar:?]
	at org.apache.hadoop.ipc.Server$RpcCall.run(Server.java:1017) [hadoop-common-3.3.6.jar:?]
	at java.security.AccessController.doPrivileged(Native Method) ~[?:1.8.0_382]
	at javax.security.auth.Subject.doAs(Subject.java:422) [?:1.8.0_382]
	at org.apache.hadoop.security.UserGroupInformation.doAs(UserGroupInformation.java:1899) [hadoop-common-3.3.6.jar:?]
	at org.apache.hadoop.ipc.Server$Handler.run(Server.java:3048) [hadoop-common-3.3.6.jar:?]
12:56:07.744 [IPC Server handler 4 on default port 15004] ERROR OMAudit - user=runner | ip=127.0.0.1 | op=GET_FILE_STATUS {volume=volume53983, bucket=bucket27347, key=testBatchDelete/parent/childFolder/child3, dataSize=0, replicationConfig=null} | ret=FAILURE
org.apache.hadoop.ozone.om.exceptions.OMException: Unable to get file status: volume: volume53983 bucket: bucket27347 key: testBatchDelete/parent/childFolder/child3
	at org.apache.hadoop.ozone.om.KeyManagerImpl.getOzoneFileStatus(KeyManagerImpl.java:1198) ~[ozone-manager-1.4.0-SNAPSHOT.jar:?]
	at org.apache.hadoop.ozone.om.KeyManagerImpl.getFileStatus(KeyManagerImpl.java:1116) ~[ozone-manager-1.4.0-SNAPSHOT.jar:?]
	at org.apache.hadoop.ozone.om.OmMetadataReader.getFileStatus(OmMetadataReader.java:266) ~[ozone-manager-1.4.0-SNAPSHOT.jar:?]
	at org.apache.hadoop.ozone.om.OzoneManager.getFileStatus(OzoneManager.java:3552) ~[ozone-manager-1.4.0-SNAPSHOT.jar:?]
	at org.apache.hadoop.ozone.protocolPB.OzoneManagerRequestHandler.getOzoneFileStatus(OzoneManagerRequestHandler.java:998) ~[ozone-manager-1.4.0-SNAPSHOT.jar:?]
	at org.apache.hadoop.ozone.protocolPB.OzoneManagerRequestHandler.handleReadRequest(OzoneManagerRequestHandler.java:259) ~[ozone-manager-1.4.0-SNAPSHOT.jar:?]
	at org.apache.hadoop.ozone.protocolPB.OzoneManagerProtocolServerSideTranslatorPB.submitReadRequestToOM(OzoneManagerProtocolServerSideTranslatorPB.java:225) ~[ozone-manager-1.4.0-SNAPSHOT.jar:?]
	at org.apache.hadoop.ozone.protocolPB.OzoneManagerProtocolServerSideTranslatorPB.processRequest(OzoneManagerProtocolServerSideTranslatorPB.java:179) ~[ozone-manager-1.4.0-SNAPSHOT.jar:?]
	at org.apache.hadoop.hdds.server.OzoneProtocolMessageDispatcher.processRequest(OzoneProtocolMessageDispatcher.java:87) [hdds-server-framework-1.4.0-SNAPSHOT.jar:?]
	at org.apache.hadoop.ozone.protocolPB.OzoneManagerProtocolServerSideTranslatorPB.submitRequest(OzoneManagerProtocolServerSideTranslatorPB.java:148) [ozone-manager-1.4.0-SNAPSHOT.jar:?]
	at org.apache.hadoop.ozone.protocol.proto.OzoneManagerProtocolProtos$OzoneManagerService$2.callBlockingMethod(OzoneManagerProtocolProtos.java) [ozone-interface-client-1.4.0-SNAPSHOT.jar:?]
	at org.apache.hadoop.ipc.ProtobufRpcEngine$Server.processCall(ProtobufRpcEngine.java:484) [hadoop-common-3.3.6.jar:?]
	at org.apache.hadoop.ipc.ProtobufRpcEngine2$Server$ProtoBufRpcInvoker.call(ProtobufRpcEngine2.java:595) [hadoop-common-3.3.6.jar:?]
	at org.apache.hadoop.ipc.ProtobufRpcEngine2$Server$ProtoBufRpcInvoker.call(ProtobufRpcEngine2.java:573) [hadoop-common-3.3.6.jar:?]
	at org.apache.hadoop.ipc.RPC$Server.call(RPC.java:1227) [hadoop-common-3.3.6.jar:?]
	at org.apache.hadoop.ipc.Server$RpcCall.run(Server.java:1094) [hadoop-common-3.3.6.jar:?]
	at org.apache.hadoop.ipc.Server$RpcCall.run(Server.java:1017) [hadoop-common-3.3.6.jar:?]
	at java.security.AccessController.doPrivileged(Native Method) ~[?:1.8.0_382]
	at javax.security.auth.Subject.doAs(Subject.java:422) [?:1.8.0_382]
	at org.apache.hadoop.security.UserGroupInformation.doAs(UserGroupInformation.java:1899) [hadoop-common-3.3.6.jar:?]
	at org.apache.hadoop.ipc.Server$Handler.run(Server.java:3048) [hadoop-common-3.3.6.jar:?]
12:56:07.745 [IPC Server handler 18 on default port 15004] ERROR OMAudit - user=runner | ip=127.0.0.1 | op=GET_FILE_STATUS {volume=volume53983, bucket=bucket27347, key=testBatchDelete/parent/child4, dataSize=0, replicationConfig=null} | ret=FAILURE
org.apache.hadoop.ozone.om.exceptions.OMException: Unable to get file status: volume: volume53983 bucket: bucket27347 key: testBatchDelete/parent/child4
	at org.apache.hadoop.ozone.om.KeyManagerImpl.getOzoneFileStatus(KeyManagerImpl.java:1198) ~[ozone-manager-1.4.0-SNAPSHOT.jar:?]
	at org.apache.hadoop.ozone.om.KeyManagerImpl.getFileStatus(KeyManagerImpl.java:1116) ~[ozone-manager-1.4.0-SNAPSHOT.jar:?]
	at org.apache.hadoop.ozone.om.OmMetadataReader.getFileStatus(OmMetadataReader.java:266) ~[ozone-manager-1.4.0-SNAPSHOT.jar:?]
	at org.apache.hadoop.ozone.om.OzoneManager.getFileStatus(OzoneManager.java:3552) ~[ozone-manager-1.4.0-SNAPSHOT.jar:?]
	at org.apache.hadoop.ozone.protocolPB.OzoneManagerRequestHandler.getOzoneFileStatus(OzoneManagerRequestHandler.java:998) ~[ozone-manager-1.4.0-SNAPSHOT.jar:?]
	at org.apache.hadoop.ozone.protocolPB.OzoneManagerRequestHandler.handleReadRequest(OzoneManagerRequestHandler.java:259) ~[ozone-manager-1.4.0-SNAPSHOT.jar:?]
	at org.apache.hadoop.ozone.protocolPB.OzoneManagerProtocolServerSideTranslatorPB.submitReadRequestToOM(OzoneManagerProtocolServerSideTranslatorPB.java:225) ~[ozone-manager-1.4.0-SNAPSHOT.jar:?]
	at org.apache.hadoop.ozone.protocolPB.OzoneManagerProtocolServerSideTranslatorPB.processRequest(OzoneManagerProtocolServerSideTranslatorPB.java:179) ~[ozone-manager-1.4.0-SNAPSHOT.jar:?]
	at org.apache.hadoop.hdds.server.OzoneProtocolMessageDispatcher.processRequest(OzoneProtocolMessageDispatcher.java:87) [hdds-server-framework-1.4.0-SNAPSHOT.jar:?]
	at org.apache.hadoop.ozone.protocolPB.OzoneManagerProtocolServerSideTranslatorPB.submitRequest(OzoneManagerProtocolServerSideTranslatorPB.java:148) [ozone-manager-1.4.0-SNAPSHOT.jar:?]
	at org.apache.hadoop.ozone.protocol.proto.OzoneManagerProtocolProtos$OzoneManagerService$2.callBlockingMethod(OzoneManagerProtocolProtos.java) [ozone-interface-client-1.4.0-SNAPSHOT.jar:?]
	at org.apache.hadoop.ipc.ProtobufRpcEngine$Server.processCall(ProtobufRpcEngine.java:484) [hadoop-common-3.3.6.jar:?]
	at org.apache.hadoop.ipc.ProtobufRpcEngine2$Server$ProtoBufRpcInvoker.call(ProtobufRpcEngine2.java:595) [hadoop-common-3.3.6.jar:?]
	at org.apache.hadoop.ipc.ProtobufRpcEngine2$Server$ProtoBufRpcInvoker.call(ProtobufRpcEngine2.java:573) [hadoop-common-3.3.6.jar:?]
	at org.apache.hadoop.ipc.RPC$Server.call(RPC.java:1227) [hadoop-common-3.3.6.jar:?]
	at org.apache.hadoop.ipc.Server$RpcCall.run(Server.java:1094) [hadoop-common-3.3.6.jar:?]
	at org.apache.hadoop.ipc.Server$RpcCall.run(Server.java:1017) [hadoop-common-3.3.6.jar:?]
	at java.security.AccessController.doPrivileged(Native Method) ~[?:1.8.0_382]
	at javax.security.auth.Subject.doAs(Subject.java:422) [?:1.8.0_382]
	at org.apache.hadoop.security.UserGroupInformation.doAs(UserGroupInformation.java:1899) [hadoop-common-3.3.6.jar:?]
	at org.apache.hadoop.ipc.Server$Handler.run(Server.java:3048) [hadoop-common-3.3.6.jar:?]
12:56:07.747 [IPC Server handler 0 on default port 15004] ERROR OMAudit - user=runner | ip=127.0.0.1 | op=GET_FILE_STATUS {volume=volume53983, bucket=bucket27347, key=testBatchDelete/parent/childFolder/child4, dataSize=0, replicationConfig=null} | ret=FAILURE
org.apache.hadoop.ozone.om.exceptions.OMException: Unable to get file status: volume: volume53983 bucket: bucket27347 key: testBatchDelete/parent/childFolder/child4
	at org.apache.hadoop.ozone.om.KeyManagerImpl.getOzoneFileStatus(KeyManagerImpl.java:1198) ~[ozone-manager-1.4.0-SNAPSHOT.jar:?]
	at org.apache.hadoop.ozone.om.KeyManagerImpl.getFileStatus(KeyManagerImpl.java:1116) ~[ozone-manager-1.4.0-SNAPSHOT.jar:?]
	at org.apache.hadoop.ozone.om.OmMetadataReader.getFileStatus(OmMetadataReader.java:266) ~[ozone-manager-1.4.0-SNAPSHOT.jar:?]
	at org.apache.hadoop.ozone.om.OzoneManager.getFileStatus(OzoneManager.java:3552) ~[ozone-manager-1.4.0-SNAPSHOT.jar:?]
	at org.apache.hadoop.ozone.protocolPB.OzoneManagerRequestHandler.getOzoneFileStatus(OzoneManagerRequestHandler.java:998) ~[ozone-manager-1.4.0-SNAPSHOT.jar:?]
	at org.apache.hadoop.ozone.protocolPB.OzoneManagerRequestHandler.handleReadRequest(OzoneManagerRequestHandler.java:259) ~[ozone-manager-1.4.0-SNAPSHOT.jar:?]
	at org.apache.hadoop.ozone.protocolPB.OzoneManagerProtocolServerSideTranslatorPB.submitReadRequestToOM(OzoneManagerProtocolServerSideTranslatorPB.java:225) ~[ozone-manager-1.4.0-SNAPSHOT.jar:?]
	at org.apache.hadoop.ozone.protocolPB.OzoneManagerProtocolServerSideTranslatorPB.processRequest(OzoneManagerProtocolServerSideTranslatorPB.java:179) ~[ozone-manager-1.4.0-SNAPSHOT.jar:?]
	at org.apache.hadoop.hdds.server.OzoneProtocolMessageDispatcher.processRequest(OzoneProtocolMessageDispatcher.java:87) [hdds-server-framework-1.4.0-SNAPSHOT.jar:?]
	at org.apache.hadoop.ozone.protocolPB.OzoneManagerProtocolServerSideTranslatorPB.submitRequest(OzoneManagerProtocolServerSideTranslatorPB.java:148) [ozone-manager-1.4.0-SNAPSHOT.jar:?]
	at org.apache.hadoop.ozone.protocol.proto.OzoneManagerProtocolProtos$OzoneManagerService$2.callBlockingMethod(OzoneManagerProtocolProtos.java) [ozone-interface-client-1.4.0-SNAPSHOT.jar:?]
	at org.apache.hadoop.ipc.ProtobufRpcEngine$Server.processCall(ProtobufRpcEngine.java:484) [hadoop-common-3.3.6.jar:?]
	at org.apache.hadoop.ipc.ProtobufRpcEngine2$Server$ProtoBufRpcInvoker.call(ProtobufRpcEngine2.java:595) [hadoop-common-3.3.6.jar:?]
	at org.apache.hadoop.ipc.ProtobufRpcEngine2$Server$ProtoBufRpcInvoker.call(ProtobufRpcEngine2.java:573) [hadoop-common-3.3.6.jar:?]
	at org.apache.hadoop.ipc.RPC$Server.call(RPC.java:1227) [hadoop-common-3.3.6.jar:?]
	at org.apache.hadoop.ipc.Server$RpcCall.run(Server.java:1094) [hadoop-common-3.3.6.jar:?]
	at org.apache.hadoop.ipc.Server$RpcCall.run(Server.java:1017) [hadoop-common-3.3.6.jar:?]
	at java.security.AccessController.doPrivileged(Native Method) ~[?:1.8.0_382]
	at javax.security.auth.Subject.doAs(Subject.java:422) [?:1.8.0_382]
	at org.apache.hadoop.security.UserGroupInformation.doAs(UserGroupInformation.java:1899) [hadoop-common-3.3.6.jar:?]
	at org.apache.hadoop.ipc.Server$Handler.run(Server.java:3048) [hadoop-common-3.3.6.jar:?]
12:56:07.749 [IPC Server handler 14 on default port 15004] ERROR OMAudit - user=runner | ip=127.0.0.1 | op=GET_FILE_STATUS {volume=volume53983, bucket=bucket27347, key=testBatchDelete/parent/child5, dataSize=0, replicationConfig=null} | ret=FAILURE
org.apache.hadoop.ozone.om.exceptions.OMException: Unable to get file status: volume: volume53983 bucket: bucket27347 key: testBatchDelete/parent/child5
	at org.apache.hadoop.ozone.om.KeyManagerImpl.getOzoneFileStatus(KeyManagerImpl.java:1198) ~[ozone-manager-1.4.0-SNAPSHOT.jar:?]
	at org.apache.hadoop.ozone.om.KeyManagerImpl.getFileStatus(KeyManagerImpl.java:1116) ~[ozone-manager-1.4.0-SNAPSHOT.jar:?]
	at org.apache.hadoop.ozone.om.OmMetadataReader.getFileStatus(OmMetadataReader.java:266) ~[ozone-manager-1.4.0-SNAPSHOT.jar:?]
	at org.apache.hadoop.ozone.om.OzoneManager.getFileStatus(OzoneManager.java:3552) ~[ozone-manager-1.4.0-SNAPSHOT.jar:?]
	at org.apache.hadoop.ozone.protocolPB.OzoneManagerRequestHandler.getOzoneFileStatus(OzoneManagerRequestHandler.java:998) ~[ozone-manager-1.4.0-SNAPSHOT.jar:?]
	at org.apache.hadoop.ozone.protocolPB.OzoneManagerRequestHandler.handleReadRequest(OzoneManagerRequestHandler.java:259) ~[ozone-manager-1.4.0-SNAPSHOT.jar:?]
	at org.apache.hadoop.ozone.protocolPB.OzoneManagerProtocolServerSideTranslatorPB.submitReadRequestToOM(OzoneManagerProtocolServerSideTranslatorPB.java:225) ~[ozone-manager-1.4.0-SNAPSHOT.jar:?]
	at org.apache.hadoop.ozone.protocolPB.OzoneManagerProtocolServerSideTranslatorPB.processRequest(OzoneManagerProtocolServerSideTranslatorPB.java:179) ~[ozone-manager-1.4.0-SNAPSHOT.jar:?]
	at org.apache.hadoop.hdds.server.OzoneProtocolMessageDispatcher.processRequest(OzoneProtocolMessageDispatcher.java:87) [hdds-server-framework-1.4.0-SNAPSHOT.jar:?]
	at org.apache.hadoop.ozone.protocolPB.OzoneManagerProtocolServerSideTranslatorPB.submitRequest(OzoneManagerProtocolServerSideTranslatorPB.java:148) [ozone-manager-1.4.0-SNAPSHOT.jar:?]
	at org.apache.hadoop.ozone.protocol.proto.OzoneManagerProtocolProtos$OzoneManagerService$2.callBlockingMethod(OzoneManagerProtocolProtos.java) [ozone-interface-client-1.4.0-SNAPSHOT.jar:?]
	at org.apache.hadoop.ipc.ProtobufRpcEngine$Server.processCall(ProtobufRpcEngine.java:484) [hadoop-common-3.3.6.jar:?]
	at org.apache.hadoop.ipc.ProtobufRpcEngine2$Server$ProtoBufRpcInvoker.call(ProtobufRpcEngine2.java:595) [hadoop-common-3.3.6.jar:?]
	at org.apache.hadoop.ipc.ProtobufRpcEngine2$Server$ProtoBufRpcInvoker.call(ProtobufRpcEngine2.java:573) [hadoop-common-3.3.6.jar:?]
	at org.apache.hadoop.ipc.RPC$Server.call(RPC.java:1227) [hadoop-common-3.3.6.jar:?]
	at org.apache.hadoop.ipc.Server$RpcCall.run(Server.java:1094) [hadoop-common-3.3.6.jar:?]
	at org.apache.hadoop.ipc.Server$RpcCall.run(Server.java:1017) [hadoop-common-3.3.6.jar:?]
	at java.security.AccessController.doPrivileged(Native Method) ~[?:1.8.0_382]
	at javax.security.auth.Subject.doAs(Subject.java:422) [?:1.8.0_382]
	at org.apache.hadoop.security.UserGroupInformation.doAs(UserGroupInformation.java:1899) [hadoop-common-3.3.6.jar:?]
	at org.apache.hadoop.ipc.Server$Handler.run(Server.java:3048) [hadoop-common-3.3.6.jar:?]
12:56:07.750 [IPC Server handler 3 on default port 15004] ERROR OMAudit - user=runner | ip=127.0.0.1 | op=GET_FILE_STATUS {volume=volume53983, bucket=bucket27347, key=testBatchDelete/parent/childFolder/child5, dataSize=0, replicationConfig=null} | ret=FAILURE
org.apache.hadoop.ozone.om.exceptions.OMException: Unable to get file status: volume: volume53983 bucket: bucket27347 key: testBatchDelete/parent/childFolder/child5
	at org.apache.hadoop.ozone.om.KeyManagerImpl.getOzoneFileStatus(KeyManagerImpl.java:1198) ~[ozone-manager-1.4.0-SNAPSHOT.jar:?]
	at org.apache.hadoop.ozone.om.KeyManagerImpl.getFileStatus(KeyManagerImpl.java:1116) ~[ozone-manager-1.4.0-SNAPSHOT.jar:?]
	at org.apache.hadoop.ozone.om.OmMetadataReader.getFileStatus(OmMetadataReader.java:266) ~[ozone-manager-1.4.0-SNAPSHOT.jar:?]
	at org.apache.hadoop.ozone.om.OzoneManager.getFileStatus(OzoneManager.java:3552) ~[ozone-manager-1.4.0-SNAPSHOT.jar:?]
	at org.apache.hadoop.ozone.protocolPB.OzoneManagerRequestHandler.getOzoneFileStatus(OzoneManagerRequestHandler.java:998) ~[ozone-manager-1.4.0-SNAPSHOT.jar:?]
	at org.apache.hadoop.ozone.protocolPB.OzoneManagerRequestHandler.handleReadRequest(OzoneManagerRequestHandler.java:259) ~[ozone-manager-1.4.0-SNAPSHOT.jar:?]
	at org.apache.hadoop.ozone.protocolPB.OzoneManagerProtocolServerSideTranslatorPB.submitReadRequestToOM(OzoneManagerProtocolServerSideTranslatorPB.java:225) ~[ozone-manager-1.4.0-SNAPSHOT.jar:?]
	at org.apache.hadoop.ozone.protocolPB.OzoneManagerProtocolServerSideTranslatorPB.processRequest(OzoneManagerProtocolServerSideTranslatorPB.java:179) ~[ozone-manager-1.4.0-SNAPSHOT.jar:?]
	at org.apache.hadoop.hdds.server.OzoneProtocolMessageDispatcher.processRequest(OzoneProtocolMessageDispatcher.java:87) [hdds-server-framework-1.4.0-SNAPSHOT.jar:?]
	at org.apache.hadoop.ozone.protocolPB.OzoneManagerProtocolServerSideTranslatorPB.submitRequest(OzoneManagerProtocolServerSideTranslatorPB.java:148) [ozone-manager-1.4.0-SNAPSHOT.jar:?]
	at org.apache.hadoop.ozone.protocol.proto.OzoneManagerProtocolProtos$OzoneManagerService$2.callBlockingMethod(OzoneManagerProtocolProtos.java) [ozone-interface-client-1.4.0-SNAPSHOT.jar:?]
	at org.apache.hadoop.ipc.ProtobufRpcEngine$Server.processCall(ProtobufRpcEngine.java:484) [hadoop-common-3.3.6.jar:?]
	at org.apache.hadoop.ipc.ProtobufRpcEngine2$Server$ProtoBufRpcInvoker.call(ProtobufRpcEngine2.java:595) [hadoop-common-3.3.6.jar:?]
	at org.apache.hadoop.ipc.ProtobufRpcEngine2$Server$ProtoBufRpcInvoker.call(ProtobufRpcEngine2.java:573) [hadoop-common-3.3.6.jar:?]
	at org.apache.hadoop.ipc.RPC$Server.call(RPC.java:1227) [hadoop-common-3.3.6.jar:?]
	at org.apache.hadoop.ipc.Server$RpcCall.run(Server.java:1094) [hadoop-common-3.3.6.jar:?]
	at org.apache.hadoop.ipc.Server$RpcCall.run(Server.java:1017) [hadoop-common-3.3.6.jar:?]
	at java.security.AccessController.doPrivileged(Native Method) ~[?:1.8.0_382]
	at javax.security.auth.Subject.doAs(Subject.java:422) [?:1.8.0_382]
	at org.apache.hadoop.security.UserGroupInformation.doAs(UserGroupInformation.java:1899) [hadoop-common-3.3.6.jar:?]
	at org.apache.hadoop.ipc.Server$Handler.run(Server.java:3048) [hadoop-common-3.3.6.jar:?]
12:56:07.752 [IPC Server handler 13 on default port 15004] ERROR OMAudit - user=runner | ip=127.0.0.1 | op=GET_FILE_STATUS {volume=volume53983, bucket=bucket27347, key=testBatchDelete/parent/child6, dataSize=0, replicationConfig=null} | ret=FAILURE
org.apache.hadoop.ozone.om.exceptions.OMException: Unable to get file status: volume: volume53983 bucket: bucket27347 key: testBatchDelete/parent/child6
	at org.apache.hadoop.ozone.om.KeyManagerImpl.getOzoneFileStatus(KeyManagerImpl.java:1198) ~[ozone-manager-1.4.0-SNAPSHOT.jar:?]
	at org.apache.hadoop.ozone.om.KeyManagerImpl.getFileStatus(KeyManagerImpl.java:1116) ~[ozone-manager-1.4.0-SNAPSHOT.jar:?]
	at org.apache.hadoop.ozone.om.OmMetadataReader.getFileStatus(OmMetadataReader.java:266) ~[ozone-manager-1.4.0-SNAPSHOT.jar:?]
	at org.apache.hadoop.ozone.om.OzoneManager.getFileStatus(OzoneManager.java:3552) ~[ozone-manager-1.4.0-SNAPSHOT.jar:?]
	at org.apache.hadoop.ozone.protocolPB.OzoneManagerRequestHandler.getOzoneFileStatus(OzoneManagerRequestHandler.java:998) ~[ozone-manager-1.4.0-SNAPSHOT.jar:?]
	at org.apache.hadoop.ozone.protocolPB.OzoneManagerRequestHandler.handleReadRequest(OzoneManagerRequestHandler.java:259) ~[ozone-manager-1.4.0-SNAPSHOT.jar:?]
	at org.apache.hadoop.ozone.protocolPB.OzoneManagerProtocolServerSideTranslatorPB.submitReadRequestToOM(OzoneManagerProtocolServerSideTranslatorPB.java:225) ~[ozone-manager-1.4.0-SNAPSHOT.jar:?]
	at org.apache.hadoop.ozone.protocolPB.OzoneManagerProtocolServerSideTranslatorPB.processRequest(OzoneManagerProtocolServerSideTranslatorPB.java:179) ~[ozone-manager-1.4.0-SNAPSHOT.jar:?]
	at org.apache.hadoop.hdds.server.OzoneProtocolMessageDispatcher.processRequest(OzoneProtocolMessageDispatcher.java:87) [hdds-server-framework-1.4.0-SNAPSHOT.jar:?]
	at org.apache.hadoop.ozone.protocolPB.OzoneManagerProtocolServerSideTranslatorPB.submitRequest(OzoneManagerProtocolServerSideTranslatorPB.java:148) [ozone-manager-1.4.0-SNAPSHOT.jar:?]
	at org.apache.hadoop.ozone.protocol.proto.OzoneManagerProtocolProtos$OzoneManagerService$2.callBlockingMethod(OzoneManagerProtocolProtos.java) [ozone-interface-client-1.4.0-SNAPSHOT.jar:?]
	at org.apache.hadoop.ipc.ProtobufRpcEngine$Server.processCall(ProtobufRpcEngine.java:484) [hadoop-common-3.3.6.jar:?]
	at org.apache.hadoop.ipc.ProtobufRpcEngine2$Server$ProtoBufRpcInvoker.call(ProtobufRpcEngine2.java:595) [hadoop-common-3.3.6.jar:?]
	at org.apache.hadoop.ipc.ProtobufRpcEngine2$Server$ProtoBufRpcInvoker.call(ProtobufRpcEngine2.java:573) [hadoop-common-3.3.6.jar:?]
	at org.apache.hadoop.ipc.RPC$Server.call(RPC.java:1227) [hadoop-common-3.3.6.jar:?]
	at org.apache.hadoop.ipc.Server$RpcCall.run(Server.java:1094) [hadoop-common-3.3.6.jar:?]
	at org.apache.hadoop.ipc.Server$RpcCall.run(Server.java:1017) [hadoop-common-3.3.6.jar:?]
	at java.security.AccessController.doPrivileged(Native Method) ~[?:1.8.0_382]
	at javax.security.auth.Subject.doAs(Subject.java:422) [?:1.8.0_382]
	at org.apache.hadoop.security.UserGroupInformation.doAs(UserGroupInformation.java:1899) [hadoop-common-3.3.6.jar:?]
	at org.apache.hadoop.ipc.Server$Handler.run(Server.java:3048) [hadoop-common-3.3.6.jar:?]
12:56:07.753 [IPC Server handler 11 on default port 15004] ERROR OMAudit - user=runner | ip=127.0.0.1 | op=GET_FILE_STATUS {volume=volume53983, bucket=bucket27347, key=testBatchDelete/parent/childFolder/child6, dataSize=0, replicationConfig=null} | ret=FAILURE
org.apache.hadoop.ozone.om.exceptions.OMException: Unable to get file status: volume: volume53983 bucket: bucket27347 key: testBatchDelete/parent/childFolder/child6
	at org.apache.hadoop.ozone.om.KeyManagerImpl.getOzoneFileStatus(KeyManagerImpl.java:1198) ~[ozone-manager-1.4.0-SNAPSHOT.jar:?]
	at org.apache.hadoop.ozone.om.KeyManagerImpl.getFileStatus(KeyManagerImpl.java:1116) ~[ozone-manager-1.4.0-SNAPSHOT.jar:?]
	at org.apache.hadoop.ozone.om.OmMetadataReader.getFileStatus(OmMetadataReader.java:266) ~[ozone-manager-1.4.0-SNAPSHOT.jar:?]
	at org.apache.hadoop.ozone.om.OzoneManager.getFileStatus(OzoneManager.java:3552) ~[ozone-manager-1.4.0-SNAPSHOT.jar:?]
	at org.apache.hadoop.ozone.protocolPB.OzoneManagerRequestHandler.getOzoneFileStatus(OzoneManagerRequestHandler.java:998) ~[ozone-manager-1.4.0-SNAPSHOT.jar:?]
	at org.apache.hadoop.ozone.protocolPB.OzoneManagerRequestHandler.handleReadRequest(OzoneManagerRequestHandler.java:259) ~[ozone-manager-1.4.0-SNAPSHOT.jar:?]
	at org.apache.hadoop.ozone.protocolPB.OzoneManagerProtocolServerSideTranslatorPB.submitReadRequestToOM(OzoneManagerProtocolServerSideTranslatorPB.java:225) ~[ozone-manager-1.4.0-SNAPSHOT.jar:?]
	at org.apache.hadoop.ozone.protocolPB.OzoneManagerProtocolServerSideTranslatorPB.processRequest(OzoneManagerProtocolServerSideTranslatorPB.java:179) ~[ozone-manager-1.4.0-SNAPSHOT.jar:?]
	at org.apache.hadoop.hdds.server.OzoneProtocolMessageDispatcher.processRequest(OzoneProtocolMessageDispatcher.java:87) [hdds-server-framework-1.4.0-SNAPSHOT.jar:?]
	at org.apache.hadoop.ozone.protocolPB.OzoneManagerProtocolServerSideTranslatorPB.submitRequest(OzoneManagerProtocolServerSideTranslatorPB.java:148) [ozone-manager-1.4.0-SNAPSHOT.jar:?]
	at org.apache.hadoop.ozone.protocol.proto.OzoneManagerProtocolProtos$OzoneManagerService$2.callBlockingMethod(OzoneManagerProtocolProtos.java) [ozone-interface-client-1.4.0-SNAPSHOT.jar:?]
	at org.apache.hadoop.ipc.ProtobufRpcEngine$Server.processCall(ProtobufRpcEngine.java:484) [hadoop-common-3.3.6.jar:?]
	at org.apache.hadoop.ipc.ProtobufRpcEngine2$Server$ProtoBufRpcInvoker.call(ProtobufRpcEngine2.java:595) [hadoop-common-3.3.6.jar:?]
	at org.apache.hadoop.ipc.ProtobufRpcEngine2$Server$ProtoBufRpcInvoker.call(ProtobufRpcEngine2.java:573) [hadoop-common-3.3.6.jar:?]
	at org.apache.hadoop.ipc.RPC$Server.call(RPC.java:1227) [hadoop-common-3.3.6.jar:?]
	at org.apache.hadoop.ipc.Server$RpcCall.run(Server.java:1094) [hadoop-common-3.3.6.jar:?]
	at org.apache.hadoop.ipc.Server$RpcCall.run(Server.java:1017) [hadoop-common-3.3.6.jar:?]
	at java.security.AccessController.doPrivileged(Native Method) ~[?:1.8.0_382]
	at javax.security.auth.Subject.doAs(Subject.java:422) [?:1.8.0_382]
	at org.apache.hadoop.security.UserGroupInformation.doAs(UserGroupInformation.java:1899) [hadoop-common-3.3.6.jar:?]
	at org.apache.hadoop.ipc.Server$Handler.run(Server.java:3048) [hadoop-common-3.3.6.jar:?]
12:56:07.755 [IPC Server handler 9 on default port 15004] ERROR OMAudit - user=runner | ip=127.0.0.1 | op=GET_FILE_STATUS {volume=volume53983, bucket=bucket27347, key=testBatchDelete/parent/child7, dataSize=0, replicationConfig=null} | ret=FAILURE
org.apache.hadoop.ozone.om.exceptions.OMException: Unable to get file status: volume: volume53983 bucket: bucket27347 key: testBatchDelete/parent/child7
	at org.apache.hadoop.ozone.om.KeyManagerImpl.getOzoneFileStatus(KeyManagerImpl.java:1198) ~[ozone-manager-1.4.0-SNAPSHOT.jar:?]
	at org.apache.hadoop.ozone.om.KeyManagerImpl.getFileStatus(KeyManagerImpl.java:1116) ~[ozone-manager-1.4.0-SNAPSHOT.jar:?]
	at org.apache.hadoop.ozone.om.OmMetadataReader.getFileStatus(OmMetadataReader.java:266) ~[ozone-manager-1.4.0-SNAPSHOT.jar:?]
	at org.apache.hadoop.ozone.om.OzoneManager.getFileStatus(OzoneManager.java:3552) ~[ozone-manager-1.4.0-SNAPSHOT.jar:?]
	at org.apache.hadoop.ozone.protocolPB.OzoneManagerRequestHandler.getOzoneFileStatus(OzoneManagerRequestHandler.java:998) ~[ozone-manager-1.4.0-SNAPSHOT.jar:?]
	at org.apache.hadoop.ozone.protocolPB.OzoneManagerRequestHandler.handleReadRequest(OzoneManagerRequestHandler.java:259) ~[ozone-manager-1.4.0-SNAPSHOT.jar:?]
	at org.apache.hadoop.ozone.protocolPB.OzoneManagerProtocolServerSideTranslatorPB.submitReadRequestToOM(OzoneManagerProtocolServerSideTranslatorPB.java:225) ~[ozone-manager-1.4.0-SNAPSHOT.jar:?]
	at org.apache.hadoop.ozone.protocolPB.OzoneManagerProtocolServerSideTranslatorPB.processRequest(OzoneManagerProtocolServerSideTranslatorPB.java:179) ~[ozone-manager-1.4.0-SNAPSHOT.jar:?]
	at org.apache.hadoop.hdds.server.OzoneProtocolMessageDispatcher.processRequest(OzoneProtocolMessageDispatcher.java:87) [hdds-server-framework-1.4.0-SNAPSHOT.jar:?]
	at org.apache.hadoop.ozone.protocolPB.OzoneManagerProtocolServerSideTranslatorPB.submitRequest(OzoneManagerProtocolServerSideTranslatorPB.java:148) [ozone-manager-1.4.0-SNAPSHOT.jar:?]
	at org.apache.hadoop.ozone.protocol.proto.OzoneManagerProtocolProtos$OzoneManagerService$2.callBlockingMethod(OzoneManagerProtocolProtos.java) [ozone-interface-client-1.4.0-SNAPSHOT.jar:?]
	at org.apache.hadoop.ipc.ProtobufRpcEngine$Server.processCall(ProtobufRpcEngine.java:484) [hadoop-common-3.3.6.jar:?]
	at org.apache.hadoop.ipc.ProtobufRpcEngine2$Server$ProtoBufRpcInvoker.call(ProtobufRpcEngine2.java:595) [hadoop-common-3.3.6.jar:?]
	at org.apache.hadoop.ipc.ProtobufRpcEngine2$Server$ProtoBufRpcInvoker.call(ProtobufRpcEngine2.java:573) [hadoop-common-3.3.6.jar:?]
	at org.apache.hadoop.ipc.RPC$Server.call(RPC.java:1227) [hadoop-common-3.3.6.jar:?]
	at org.apache.hadoop.ipc.Server$RpcCall.run(Server.java:1094) [hadoop-common-3.3.6.jar:?]
	at org.apache.hadoop.ipc.Server$RpcCall.run(Server.java:1017) [hadoop-common-3.3.6.jar:?]
	at java.security.AccessController.doPrivileged(Native Method) ~[?:1.8.0_382]
	at javax.security.auth.Subject.doAs(Subject.java:422) [?:1.8.0_382]
	at org.apache.hadoop.security.UserGroupInformation.doAs(UserGroupInformation.java:1899) [hadoop-common-3.3.6.jar:?]
	at org.apache.hadoop.ipc.Server$Handler.run(Server.java:3048) [hadoop-common-3.3.6.jar:?]
12:56:07.757 [IPC Server handler 8 on default port 15004] ERROR OMAudit - user=runner | ip=127.0.0.1 | op=GET_FILE_STATUS {volume=volume53983, bucket=bucket27347, key=testBatchDelete/parent/childFolder/child7, dataSize=0, replicationConfig=null} | ret=FAILURE
org.apache.hadoop.ozone.om.exceptions.OMException: Unable to get file status: volume: volume53983 bucket: bucket27347 key: testBatchDelete/parent/childFolder/child7
	at org.apache.hadoop.ozone.om.KeyManagerImpl.getOzoneFileStatus(KeyManagerImpl.java:1198) ~[ozone-manager-1.4.0-SNAPSHOT.jar:?]
	at org.apache.hadoop.ozone.om.KeyManagerImpl.getFileStatus(KeyManagerImpl.java:1116) ~[ozone-manager-1.4.0-SNAPSHOT.jar:?]
	at org.apache.hadoop.ozone.om.OmMetadataReader.getFileStatus(OmMetadataReader.java:266) ~[ozone-manager-1.4.0-SNAPSHOT.jar:?]
	at org.apache.hadoop.ozone.om.OzoneManager.getFileStatus(OzoneManager.java:3552) ~[ozone-manager-1.4.0-SNAPSHOT.jar:?]
	at org.apache.hadoop.ozone.protocolPB.OzoneManagerRequestHandler.getOzoneFileStatus(OzoneManagerRequestHandler.java:998) ~[ozone-manager-1.4.0-SNAPSHOT.jar:?]
	at org.apache.hadoop.ozone.protocolPB.OzoneManagerRequestHandler.handleReadRequest(OzoneManagerRequestHandler.java:259) ~[ozone-manager-1.4.0-SNAPSHOT.jar:?]
	at org.apache.hadoop.ozone.protocolPB.OzoneManagerProtocolServerSideTranslatorPB.submitReadRequestToOM(OzoneManagerProtocolServerSideTranslatorPB.java:225) ~[ozone-manager-1.4.0-SNAPSHOT.jar:?]
	at org.apache.hadoop.ozone.protocolPB.OzoneManagerProtocolServerSideTranslatorPB.processRequest(OzoneManagerProtocolServerSideTranslatorPB.java:179) ~[ozone-manager-1.4.0-SNAPSHOT.jar:?]
	at org.apache.hadoop.hdds.server.OzoneProtocolMessageDispatcher.processRequest(OzoneProtocolMessageDispatcher.java:87) [hdds-server-framework-1.4.0-SNAPSHOT.jar:?]
	at org.apache.hadoop.ozone.protocolPB.OzoneManagerProtocolServerSideTranslatorPB.submitRequest(OzoneManagerProtocolServerSideTranslatorPB.java:148) [ozone-manager-1.4.0-SNAPSHOT.jar:?]
	at org.apache.hadoop.ozone.protocol.proto.OzoneManagerProtocolProtos$OzoneManagerService$2.callBlockingMethod(OzoneManagerProtocolProtos.java) [ozone-interface-client-1.4.0-SNAPSHOT.jar:?]
	at org.apache.hadoop.ipc.ProtobufRpcEngine$Server.processCall(ProtobufRpcEngine.java:484) [hadoop-common-3.3.6.jar:?]
	at org.apache.hadoop.ipc.ProtobufRpcEngine2$Server$ProtoBufRpcInvoker.call(ProtobufRpcEngine2.java:595) [hadoop-common-3.3.6.jar:?]
	at org.apache.hadoop.ipc.ProtobufRpcEngine2$Server$ProtoBufRpcInvoker.call(ProtobufRpcEngine2.java:573) [hadoop-common-3.3.6.jar:?]
	at org.apache.hadoop.ipc.RPC$Server.call(RPC.java:1227) [hadoop-common-3.3.6.jar:?]
	at org.apache.hadoop.ipc.Server$RpcCall.run(Server.java:1094) [hadoop-common-3.3.6.jar:?]
	at org.apache.hadoop.ipc.Server$RpcCall.run(Server.java:1017) [hadoop-common-3.3.6.jar:?]
	at java.security.AccessController.doPrivileged(Native Method) ~[?:1.8.0_382]
	at javax.security.auth.Subject.doAs(Subject.java:422) [?:1.8.0_382]
	at org.apache.hadoop.security.UserGroupInformation.doAs(UserGroupInformation.java:1899) [hadoop-common-3.3.6.jar:?]
	at org.apache.hadoop.ipc.Server$Handler.run(Server.java:3048) [hadoop-common-3.3.6.jar:?]
12:56:07.759 [IPC Server handler 6 on default port 15004] ERROR OMAudit - user=runner | ip=127.0.0.1 | op=GET_FILE_STATUS {volume=volume53983, bucket=bucket27347, key=testBatchDelete/parent, dataSize=0, replicationConfig=null} | ret=FAILURE
org.apache.hadoop.ozone.om.exceptions.OMException: Unable to get file status: volume: volume53983 bucket: bucket27347 key: testBatchDelete/parent
	at org.apache.hadoop.ozone.om.KeyManagerImpl.getOzoneFileStatus(KeyManagerImpl.java:1198) ~[ozone-manager-1.4.0-SNAPSHOT.jar:?]
	at org.apache.hadoop.ozone.om.KeyManagerImpl.getFileStatus(KeyManagerImpl.java:1116) ~[ozone-manager-1.4.0-SNAPSHOT.jar:?]
	at org.apache.hadoop.ozone.om.OmMetadataReader.getFileStatus(OmMetadataReader.java:266) ~[ozone-manager-1.4.0-SNAPSHOT.jar:?]
	at org.apache.hadoop.ozone.om.OzoneManager.getFileStatus(OzoneManager.java:3552) ~[ozone-manager-1.4.0-SNAPSHOT.jar:?]
	at org.apache.hadoop.ozone.protocolPB.OzoneManagerRequestHandler.getOzoneFileStatus(OzoneManagerRequestHandler.java:998) ~[ozone-manager-1.4.0-SNAPSHOT.jar:?]
	at org.apache.hadoop.ozone.protocolPB.OzoneManagerRequestHandler.handleReadRequest(OzoneManagerRequestHandler.java:259) ~[ozone-manager-1.4.0-SNAPSHOT.jar:?]
	at org.apache.hadoop.ozone.protocolPB.OzoneManagerProtocolServerSideTranslatorPB.submitReadRequestToOM(OzoneManagerProtocolServerSideTranslatorPB.java:225) ~[ozone-manager-1.4.0-SNAPSHOT.jar:?]
	at org.apache.hadoop.ozone.protocolPB.OzoneManagerProtocolServerSideTranslatorPB.processRequest(OzoneManagerProtocolServerSideTranslatorPB.java:179) ~[ozone-manager-1.4.0-SNAPSHOT.jar:?]
	at org.apache.hadoop.hdds.server.OzoneProtocolMessageDispatcher.processRequest(OzoneProtocolMessageDispatcher.java:87) [hdds-server-framework-1.4.0-SNAPSHOT.jar:?]
	at org.apache.hadoop.ozone.protocolPB.OzoneManagerProtocolServerSideTranslatorPB.submitRequest(OzoneManagerProtocolServerSideTranslatorPB.java:148) [ozone-manager-1.4.0-SNAPSHOT.jar:?]
	at org.apache.hadoop.ozone.protocol.proto.OzoneManagerProtocolProtos$OzoneManagerService$2.callBlockingMethod(OzoneManagerProtocolProtos.java) [ozone-interface-client-1.4.0-SNAPSHOT.jar:?]
	at org.apache.hadoop.ipc.ProtobufRpcEngine$Server.processCall(ProtobufRpcEngine.java:484) [hadoop-common-3.3.6.jar:?]
	at org.apache.hadoop.ipc.ProtobufRpcEngine2$Server$ProtoBufRpcInvoker.call(ProtobufRpcEngine2.java:595) [hadoop-common-3.3.6.jar:?]
	at org.apache.hadoop.ipc.ProtobufRpcEngine2$Server$ProtoBufRpcInvoker.call(ProtobufRpcEngine2.java:573) [hadoop-common-3.3.6.jar:?]
	at org.apache.hadoop.ipc.RPC$Server.call(RPC.java:1227) [hadoop-common-3.3.6.jar:?]
	at org.apache.hadoop.ipc.Server$RpcCall.run(Server.java:1094) [hadoop-common-3.3.6.jar:?]
	at org.apache.hadoop.ipc.Server$RpcCall.run(Server.java:1017) [hadoop-common-3.3.6.jar:?]
	at java.security.AccessController.doPrivileged(Native Method) ~[?:1.8.0_382]
	at javax.security.auth.Subject.doAs(Subject.java:422) [?:1.8.0_382]
	at org.apache.hadoop.security.UserGroupInformation.doAs(UserGroupInformation.java:1899) [hadoop-common-3.3.6.jar:?]
	at org.apache.hadoop.ipc.Server$Handler.run(Server.java:3048) [hadoop-common-3.3.6.jar:?]
2023-09-28 12:56:07,759 [Time-limited test] WARN  ozone.BasicOzoneFileSystem (BasicOzoneFileSystem.java:delete(607)) - delete: Path does not exist: /testBatchDelete/parent
]]></system-out>
  </testcase>
  <testcase name="testFileDelete" classname="TestOzoneFileSystem" time="0.123">
    <system-out><![CDATA[12:57:39.835 [IPC Server handler 0 on default port 15057] ERROR OMAudit - user=runner | ip=127.0.0.1 | op=GET_FILE_STATUS {volume=volume37469, bucket=bucket23551, key=testBatchDelete, dataSize=0, replicationConfig=null} | ret=FAILURE
org.apache.hadoop.ozone.om.exceptions.OMException: Unable to get file status: volume: volume37469 bucket: bucket23551 key: testBatchDelete
	at org.apache.hadoop.ozone.om.KeyManagerImpl.getOzoneFileStatus(KeyManagerImpl.java:1198) ~[ozone-manager-1.4.0-SNAPSHOT.jar:?]
	at org.apache.hadoop.ozone.om.KeyManagerImpl.getFileStatus(KeyManagerImpl.java:1116) ~[ozone-manager-1.4.0-SNAPSHOT.jar:?]
	at org.apache.hadoop.ozone.om.OmMetadataReader.getFileStatus(OmMetadataReader.java:266) ~[ozone-manager-1.4.0-SNAPSHOT.jar:?]
	at org.apache.hadoop.ozone.om.OzoneManager.getFileStatus(OzoneManager.java:3552) ~[ozone-manager-1.4.0-SNAPSHOT.jar:?]
	at org.apache.hadoop.ozone.protocolPB.OzoneManagerRequestHandler.getOzoneFileStatus(OzoneManagerRequestHandler.java:998) ~[ozone-manager-1.4.0-SNAPSHOT.jar:?]
	at org.apache.hadoop.ozone.protocolPB.OzoneManagerRequestHandler.handleReadRequest(OzoneManagerRequestHandler.java:259) ~[ozone-manager-1.4.0-SNAPSHOT.jar:?]
	at org.apache.hadoop.ozone.protocolPB.OzoneManagerProtocolServerSideTranslatorPB.submitRequestDirectlyToOM(OzoneManagerProtocolServerSideTranslatorPB.java:274) ~[ozone-manager-1.4.0-SNAPSHOT.jar:?]
	at org.apache.hadoop.ozone.protocolPB.OzoneManagerProtocolServerSideTranslatorPB.processRequest(OzoneManagerProtocolServerSideTranslatorPB.java:175) ~[ozone-manager-1.4.0-SNAPSHOT.jar:?]
	at org.apache.hadoop.hdds.server.OzoneProtocolMessageDispatcher.processRequest(OzoneProtocolMessageDispatcher.java:87) [hdds-server-framework-1.4.0-SNAPSHOT.jar:?]
	at org.apache.hadoop.ozone.protocolPB.OzoneManagerProtocolServerSideTranslatorPB.submitRequest(OzoneManagerProtocolServerSideTranslatorPB.java:148) [ozone-manager-1.4.0-SNAPSHOT.jar:?]
	at org.apache.hadoop.ozone.protocol.proto.OzoneManagerProtocolProtos$OzoneManagerService$2.callBlockingMethod(OzoneManagerProtocolProtos.java) [ozone-interface-client-1.4.0-SNAPSHOT.jar:?]
	at org.apache.hadoop.ipc.ProtobufRpcEngine$Server.processCall(ProtobufRpcEngine.java:484) [hadoop-common-3.3.6.jar:?]
	at org.apache.hadoop.ipc.ProtobufRpcEngine2$Server$ProtoBufRpcInvoker.call(ProtobufRpcEngine2.java:595) [hadoop-common-3.3.6.jar:?]
	at org.apache.hadoop.ipc.ProtobufRpcEngine2$Server$ProtoBufRpcInvoker.call(ProtobufRpcEngine2.java:573) [hadoop-common-3.3.6.jar:?]
	at org.apache.hadoop.ipc.RPC$Server.call(RPC.java:1227) [hadoop-common-3.3.6.jar:?]
	at org.apache.hadoop.ipc.Server$RpcCall.run(Server.java:1094) [hadoop-common-3.3.6.jar:?]
	at org.apache.hadoop.ipc.Server$RpcCall.run(Server.java:1017) [hadoop-common-3.3.6.jar:?]
	at java.security.AccessController.doPrivileged(Native Method) ~[?:1.8.0_382]
	at javax.security.auth.Subject.doAs(Subject.java:422) [?:1.8.0_382]
	at org.apache.hadoop.security.UserGroupInformation.doAs(UserGroupInformation.java:1899) [hadoop-common-3.3.6.jar:?]
	at org.apache.hadoop.ipc.Server$Handler.run(Server.java:3048) [hadoop-common-3.3.6.jar:?]
12:57:39.837 [IPC Server handler 1 on default port 15057] ERROR OMAudit - user=runner | ip=127.0.0.1 | op=GET_FILE_STATUS {volume=volume37469, bucket=bucket23551, key=testBatchDelete/parent/child0, dataSize=0, replicationConfig=null} | ret=FAILURE
org.apache.hadoop.ozone.om.exceptions.OMException: Unable to get file status: volume: volume37469 bucket: bucket23551 key: testBatchDelete/parent/child0
	at org.apache.hadoop.ozone.om.KeyManagerImpl.getOzoneFileStatus(KeyManagerImpl.java:1198) ~[ozone-manager-1.4.0-SNAPSHOT.jar:?]
	at org.apache.hadoop.ozone.om.KeyManagerImpl.getFileStatus(KeyManagerImpl.java:1116) ~[ozone-manager-1.4.0-SNAPSHOT.jar:?]
	at org.apache.hadoop.ozone.om.OmMetadataReader.getFileStatus(OmMetadataReader.java:266) ~[ozone-manager-1.4.0-SNAPSHOT.jar:?]
	at org.apache.hadoop.ozone.om.OzoneManager.getFileStatus(OzoneManager.java:3552) ~[ozone-manager-1.4.0-SNAPSHOT.jar:?]
	at org.apache.hadoop.ozone.protocolPB.OzoneManagerRequestHandler.getOzoneFileStatus(OzoneManagerRequestHandler.java:998) ~[ozone-manager-1.4.0-SNAPSHOT.jar:?]
	at org.apache.hadoop.ozone.protocolPB.OzoneManagerRequestHandler.handleReadRequest(OzoneManagerRequestHandler.java:259) ~[ozone-manager-1.4.0-SNAPSHOT.jar:?]
	at org.apache.hadoop.ozone.protocolPB.OzoneManagerProtocolServerSideTranslatorPB.submitRequestDirectlyToOM(OzoneManagerProtocolServerSideTranslatorPB.java:274) ~[ozone-manager-1.4.0-SNAPSHOT.jar:?]
	at org.apache.hadoop.ozone.protocolPB.OzoneManagerProtocolServerSideTranslatorPB.processRequest(OzoneManagerProtocolServerSideTranslatorPB.java:175) ~[ozone-manager-1.4.0-SNAPSHOT.jar:?]
	at org.apache.hadoop.hdds.server.OzoneProtocolMessageDispatcher.processRequest(OzoneProtocolMessageDispatcher.java:87) [hdds-server-framework-1.4.0-SNAPSHOT.jar:?]
	at org.apache.hadoop.ozone.protocolPB.OzoneManagerProtocolServerSideTranslatorPB.submitRequest(OzoneManagerProtocolServerSideTranslatorPB.java:148) [ozone-manager-1.4.0-SNAPSHOT.jar:?]
	at org.apache.hadoop.ozone.protocol.proto.OzoneManagerProtocolProtos$OzoneManagerService$2.callBlockingMethod(OzoneManagerProtocolProtos.java) [ozone-interface-client-1.4.0-SNAPSHOT.jar:?]
	at org.apache.hadoop.ipc.ProtobufRpcEngine$Server.processCall(ProtobufRpcEngine.java:484) [hadoop-common-3.3.6.jar:?]
	at org.apache.hadoop.ipc.ProtobufRpcEngine2$Server$ProtoBufRpcInvoker.call(ProtobufRpcEngine2.java:595) [hadoop-common-3.3.6.jar:?]
	at org.apache.hadoop.ipc.ProtobufRpcEngine2$Server$ProtoBufRpcInvoker.call(ProtobufRpcEngine2.java:573) [hadoop-common-3.3.6.jar:?]
	at org.apache.hadoop.ipc.RPC$Server.call(RPC.java:1227) [hadoop-common-3.3.6.jar:?]
	at org.apache.hadoop.ipc.Server$RpcCall.run(Server.java:1094) [hadoop-common-3.3.6.jar:?]
	at org.apache.hadoop.ipc.Server$RpcCall.run(Server.java:1017) [hadoop-common-3.3.6.jar:?]
	at java.security.AccessController.doPrivileged(Native Method) ~[?:1.8.0_382]
	at javax.security.auth.Subject.doAs(Subject.java:422) [?:1.8.0_382]
	at org.apache.hadoop.security.UserGroupInformation.doAs(UserGroupInformation.java:1899) [hadoop-common-3.3.6.jar:?]
	at org.apache.hadoop.ipc.Server$Handler.run(Server.java:3048) [hadoop-common-3.3.6.jar:?]
12:57:39.838 [IPC Server handler 2 on default port 15057] ERROR OMAudit - user=runner | ip=127.0.0.1 | op=GET_FILE_STATUS {volume=volume37469, bucket=bucket23551, key=testBatchDelete/parent/childFolder/child0, dataSize=0, replicationConfig=null} | ret=FAILURE
org.apache.hadoop.ozone.om.exceptions.OMException: Unable to get file status: volume: volume37469 bucket: bucket23551 key: testBatchDelete/parent/childFolder/child0
	at org.apache.hadoop.ozone.om.KeyManagerImpl.getOzoneFileStatus(KeyManagerImpl.java:1198) ~[ozone-manager-1.4.0-SNAPSHOT.jar:?]
	at org.apache.hadoop.ozone.om.KeyManagerImpl.getFileStatus(KeyManagerImpl.java:1116) ~[ozone-manager-1.4.0-SNAPSHOT.jar:?]
	at org.apache.hadoop.ozone.om.OmMetadataReader.getFileStatus(OmMetadataReader.java:266) ~[ozone-manager-1.4.0-SNAPSHOT.jar:?]
	at org.apache.hadoop.ozone.om.OzoneManager.getFileStatus(OzoneManager.java:3552) ~[ozone-manager-1.4.0-SNAPSHOT.jar:?]
	at org.apache.hadoop.ozone.protocolPB.OzoneManagerRequestHandler.getOzoneFileStatus(OzoneManagerRequestHandler.java:998) ~[ozone-manager-1.4.0-SNAPSHOT.jar:?]
	at org.apache.hadoop.ozone.protocolPB.OzoneManagerRequestHandler.handleReadRequest(OzoneManagerRequestHandler.java:259) ~[ozone-manager-1.4.0-SNAPSHOT.jar:?]
	at org.apache.hadoop.ozone.protocolPB.OzoneManagerProtocolServerSideTranslatorPB.submitRequestDirectlyToOM(OzoneManagerProtocolServerSideTranslatorPB.java:274) ~[ozone-manager-1.4.0-SNAPSHOT.jar:?]
	at org.apache.hadoop.ozone.protocolPB.OzoneManagerProtocolServerSideTranslatorPB.processRequest(OzoneManagerProtocolServerSideTranslatorPB.java:175) ~[ozone-manager-1.4.0-SNAPSHOT.jar:?]
	at org.apache.hadoop.hdds.server.OzoneProtocolMessageDispatcher.processRequest(OzoneProtocolMessageDispatcher.java:87) [hdds-server-framework-1.4.0-SNAPSHOT.jar:?]
	at org.apache.hadoop.ozone.protocolPB.OzoneManagerProtocolServerSideTranslatorPB.submitRequest(OzoneManagerProtocolServerSideTranslatorPB.java:148) [ozone-manager-1.4.0-SNAPSHOT.jar:?]
	at org.apache.hadoop.ozone.protocol.proto.OzoneManagerProtocolProtos$OzoneManagerService$2.callBlockingMethod(OzoneManagerProtocolProtos.java) [ozone-interface-client-1.4.0-SNAPSHOT.jar:?]
	at org.apache.hadoop.ipc.ProtobufRpcEngine$Server.processCall(ProtobufRpcEngine.java:484) [hadoop-common-3.3.6.jar:?]
	at org.apache.hadoop.ipc.ProtobufRpcEngine2$Server$ProtoBufRpcInvoker.call(ProtobufRpcEngine2.java:595) [hadoop-common-3.3.6.jar:?]
	at org.apache.hadoop.ipc.ProtobufRpcEngine2$Server$ProtoBufRpcInvoker.call(ProtobufRpcEngine2.java:573) [hadoop-common-3.3.6.jar:?]
	at org.apache.hadoop.ipc.RPC$Server.call(RPC.java:1227) [hadoop-common-3.3.6.jar:?]
	at org.apache.hadoop.ipc.Server$RpcCall.run(Server.java:1094) [hadoop-common-3.3.6.jar:?]
	at org.apache.hadoop.ipc.Server$RpcCall.run(Server.java:1017) [hadoop-common-3.3.6.jar:?]
	at java.security.AccessController.doPrivileged(Native Method) ~[?:1.8.0_382]
	at javax.security.auth.Subject.doAs(Subject.java:422) [?:1.8.0_382]
	at org.apache.hadoop.security.UserGroupInformation.doAs(UserGroupInformation.java:1899) [hadoop-common-3.3.6.jar:?]
	at org.apache.hadoop.ipc.Server$Handler.run(Server.java:3048) [hadoop-common-3.3.6.jar:?]
12:57:39.839 [IPC Server handler 4 on default port 15057] ERROR OMAudit - user=runner | ip=127.0.0.1 | op=GET_FILE_STATUS {volume=volume37469, bucket=bucket23551, key=testBatchDelete/parent/child1, dataSize=0, replicationConfig=null} | ret=FAILURE
org.apache.hadoop.ozone.om.exceptions.OMException: Unable to get file status: volume: volume37469 bucket: bucket23551 key: testBatchDelete/parent/child1
	at org.apache.hadoop.ozone.om.KeyManagerImpl.getOzoneFileStatus(KeyManagerImpl.java:1198) ~[ozone-manager-1.4.0-SNAPSHOT.jar:?]
	at org.apache.hadoop.ozone.om.KeyManagerImpl.getFileStatus(KeyManagerImpl.java:1116) ~[ozone-manager-1.4.0-SNAPSHOT.jar:?]
	at org.apache.hadoop.ozone.om.OmMetadataReader.getFileStatus(OmMetadataReader.java:266) ~[ozone-manager-1.4.0-SNAPSHOT.jar:?]
	at org.apache.hadoop.ozone.om.OzoneManager.getFileStatus(OzoneManager.java:3552) ~[ozone-manager-1.4.0-SNAPSHOT.jar:?]
	at org.apache.hadoop.ozone.protocolPB.OzoneManagerRequestHandler.getOzoneFileStatus(OzoneManagerRequestHandler.java:998) ~[ozone-manager-1.4.0-SNAPSHOT.jar:?]
	at org.apache.hadoop.ozone.protocolPB.OzoneManagerRequestHandler.handleReadRequest(OzoneManagerRequestHandler.java:259) ~[ozone-manager-1.4.0-SNAPSHOT.jar:?]
	at org.apache.hadoop.ozone.protocolPB.OzoneManagerProtocolServerSideTranslatorPB.submitRequestDirectlyToOM(OzoneManagerProtocolServerSideTranslatorPB.java:274) ~[ozone-manager-1.4.0-SNAPSHOT.jar:?]
	at org.apache.hadoop.ozone.protocolPB.OzoneManagerProtocolServerSideTranslatorPB.processRequest(OzoneManagerProtocolServerSideTranslatorPB.java:175) ~[ozone-manager-1.4.0-SNAPSHOT.jar:?]
	at org.apache.hadoop.hdds.server.OzoneProtocolMessageDispatcher.processRequest(OzoneProtocolMessageDispatcher.java:87) [hdds-server-framework-1.4.0-SNAPSHOT.jar:?]
	at org.apache.hadoop.ozone.protocolPB.OzoneManagerProtocolServerSideTranslatorPB.submitRequest(OzoneManagerProtocolServerSideTranslatorPB.java:148) [ozone-manager-1.4.0-SNAPSHOT.jar:?]
	at org.apache.hadoop.ozone.protocol.proto.OzoneManagerProtocolProtos$OzoneManagerService$2.callBlockingMethod(OzoneManagerProtocolProtos.java) [ozone-interface-client-1.4.0-SNAPSHOT.jar:?]
	at org.apache.hadoop.ipc.ProtobufRpcEngine$Server.processCall(ProtobufRpcEngine.java:484) [hadoop-common-3.3.6.jar:?]
	at org.apache.hadoop.ipc.ProtobufRpcEngine2$Server$ProtoBufRpcInvoker.call(ProtobufRpcEngine2.java:595) [hadoop-common-3.3.6.jar:?]
	at org.apache.hadoop.ipc.ProtobufRpcEngine2$Server$ProtoBufRpcInvoker.call(ProtobufRpcEngine2.java:573) [hadoop-common-3.3.6.jar:?]
	at org.apache.hadoop.ipc.RPC$Server.call(RPC.java:1227) [hadoop-common-3.3.6.jar:?]
	at org.apache.hadoop.ipc.Server$RpcCall.run(Server.java:1094) [hadoop-common-3.3.6.jar:?]
	at org.apache.hadoop.ipc.Server$RpcCall.run(Server.java:1017) [hadoop-common-3.3.6.jar:?]
	at java.security.AccessController.doPrivileged(Native Method) ~[?:1.8.0_382]
	at javax.security.auth.Subject.doAs(Subject.java:422) [?:1.8.0_382]
	at org.apache.hadoop.security.UserGroupInformation.doAs(UserGroupInformation.java:1899) [hadoop-common-3.3.6.jar:?]
	at org.apache.hadoop.ipc.Server$Handler.run(Server.java:3048) [hadoop-common-3.3.6.jar:?]
12:57:39.840 [IPC Server handler 3 on default port 15057] ERROR OMAudit - user=runner | ip=127.0.0.1 | op=GET_FILE_STATUS {volume=volume37469, bucket=bucket23551, key=testBatchDelete/parent/childFolder/child1, dataSize=0, replicationConfig=null} | ret=FAILURE
org.apache.hadoop.ozone.om.exceptions.OMException: Unable to get file status: volume: volume37469 bucket: bucket23551 key: testBatchDelete/parent/childFolder/child1
	at org.apache.hadoop.ozone.om.KeyManagerImpl.getOzoneFileStatus(KeyManagerImpl.java:1198) ~[ozone-manager-1.4.0-SNAPSHOT.jar:?]
	at org.apache.hadoop.ozone.om.KeyManagerImpl.getFileStatus(KeyManagerImpl.java:1116) ~[ozone-manager-1.4.0-SNAPSHOT.jar:?]
	at org.apache.hadoop.ozone.om.OmMetadataReader.getFileStatus(OmMetadataReader.java:266) ~[ozone-manager-1.4.0-SNAPSHOT.jar:?]
	at org.apache.hadoop.ozone.om.OzoneManager.getFileStatus(OzoneManager.java:3552) ~[ozone-manager-1.4.0-SNAPSHOT.jar:?]
	at org.apache.hadoop.ozone.protocolPB.OzoneManagerRequestHandler.getOzoneFileStatus(OzoneManagerRequestHandler.java:998) ~[ozone-manager-1.4.0-SNAPSHOT.jar:?]
	at org.apache.hadoop.ozone.protocolPB.OzoneManagerRequestHandler.handleReadRequest(OzoneManagerRequestHandler.java:259) ~[ozone-manager-1.4.0-SNAPSHOT.jar:?]
	at org.apache.hadoop.ozone.protocolPB.OzoneManagerProtocolServerSideTranslatorPB.submitRequestDirectlyToOM(OzoneManagerProtocolServerSideTranslatorPB.java:274) ~[ozone-manager-1.4.0-SNAPSHOT.jar:?]
	at org.apache.hadoop.ozone.protocolPB.OzoneManagerProtocolServerSideTranslatorPB.processRequest(OzoneManagerProtocolServerSideTranslatorPB.java:175) ~[ozone-manager-1.4.0-SNAPSHOT.jar:?]
	at org.apache.hadoop.hdds.server.OzoneProtocolMessageDispatcher.processRequest(OzoneProtocolMessageDispatcher.java:87) [hdds-server-framework-1.4.0-SNAPSHOT.jar:?]
	at org.apache.hadoop.ozone.protocolPB.OzoneManagerProtocolServerSideTranslatorPB.submitRequest(OzoneManagerProtocolServerSideTranslatorPB.java:148) [ozone-manager-1.4.0-SNAPSHOT.jar:?]
	at org.apache.hadoop.ozone.protocol.proto.OzoneManagerProtocolProtos$OzoneManagerService$2.callBlockingMethod(OzoneManagerProtocolProtos.java) [ozone-interface-client-1.4.0-SNAPSHOT.jar:?]
	at org.apache.hadoop.ipc.ProtobufRpcEngine$Server.processCall(ProtobufRpcEngine.java:484) [hadoop-common-3.3.6.jar:?]
	at org.apache.hadoop.ipc.ProtobufRpcEngine2$Server$ProtoBufRpcInvoker.call(ProtobufRpcEngine2.java:595) [hadoop-common-3.3.6.jar:?]
	at org.apache.hadoop.ipc.ProtobufRpcEngine2$Server$ProtoBufRpcInvoker.call(ProtobufRpcEngine2.java:573) [hadoop-common-3.3.6.jar:?]
	at org.apache.hadoop.ipc.RPC$Server.call(RPC.java:1227) [hadoop-common-3.3.6.jar:?]
	at org.apache.hadoop.ipc.Server$RpcCall.run(Server.java:1094) [hadoop-common-3.3.6.jar:?]
	at org.apache.hadoop.ipc.Server$RpcCall.run(Server.java:1017) [hadoop-common-3.3.6.jar:?]
	at java.security.AccessController.doPrivileged(Native Method) ~[?:1.8.0_382]
	at javax.security.auth.Subject.doAs(Subject.java:422) [?:1.8.0_382]
	at org.apache.hadoop.security.UserGroupInformation.doAs(UserGroupInformation.java:1899) [hadoop-common-3.3.6.jar:?]
	at org.apache.hadoop.ipc.Server$Handler.run(Server.java:3048) [hadoop-common-3.3.6.jar:?]
12:57:39.841 [IPC Server handler 5 on default port 15057] ERROR OMAudit - user=runner | ip=127.0.0.1 | op=GET_FILE_STATUS {volume=volume37469, bucket=bucket23551, key=testBatchDelete/parent/child2, dataSize=0, replicationConfig=null} | ret=FAILURE
org.apache.hadoop.ozone.om.exceptions.OMException: Unable to get file status: volume: volume37469 bucket: bucket23551 key: testBatchDelete/parent/child2
	at org.apache.hadoop.ozone.om.KeyManagerImpl.getOzoneFileStatus(KeyManagerImpl.java:1198) ~[ozone-manager-1.4.0-SNAPSHOT.jar:?]
	at org.apache.hadoop.ozone.om.KeyManagerImpl.getFileStatus(KeyManagerImpl.java:1116) ~[ozone-manager-1.4.0-SNAPSHOT.jar:?]
	at org.apache.hadoop.ozone.om.OmMetadataReader.getFileStatus(OmMetadataReader.java:266) ~[ozone-manager-1.4.0-SNAPSHOT.jar:?]
	at org.apache.hadoop.ozone.om.OzoneManager.getFileStatus(OzoneManager.java:3552) ~[ozone-manager-1.4.0-SNAPSHOT.jar:?]
	at org.apache.hadoop.ozone.protocolPB.OzoneManagerRequestHandler.getOzoneFileStatus(OzoneManagerRequestHandler.java:998) ~[ozone-manager-1.4.0-SNAPSHOT.jar:?]
	at org.apache.hadoop.ozone.protocolPB.OzoneManagerRequestHandler.handleReadRequest(OzoneManagerRequestHandler.java:259) ~[ozone-manager-1.4.0-SNAPSHOT.jar:?]
	at org.apache.hadoop.ozone.protocolPB.OzoneManagerProtocolServerSideTranslatorPB.submitRequestDirectlyToOM(OzoneManagerProtocolServerSideTranslatorPB.java:274) ~[ozone-manager-1.4.0-SNAPSHOT.jar:?]
	at org.apache.hadoop.ozone.protocolPB.OzoneManagerProtocolServerSideTranslatorPB.processRequest(OzoneManagerProtocolServerSideTranslatorPB.java:175) ~[ozone-manager-1.4.0-SNAPSHOT.jar:?]
	at org.apache.hadoop.hdds.server.OzoneProtocolMessageDispatcher.processRequest(OzoneProtocolMessageDispatcher.java:87) [hdds-server-framework-1.4.0-SNAPSHOT.jar:?]
	at org.apache.hadoop.ozone.protocolPB.OzoneManagerProtocolServerSideTranslatorPB.submitRequest(OzoneManagerProtocolServerSideTranslatorPB.java:148) [ozone-manager-1.4.0-SNAPSHOT.jar:?]
	at org.apache.hadoop.ozone.protocol.proto.OzoneManagerProtocolProtos$OzoneManagerService$2.callBlockingMethod(OzoneManagerProtocolProtos.java) [ozone-interface-client-1.4.0-SNAPSHOT.jar:?]
	at org.apache.hadoop.ipc.ProtobufRpcEngine$Server.processCall(ProtobufRpcEngine.java:484) [hadoop-common-3.3.6.jar:?]
	at org.apache.hadoop.ipc.ProtobufRpcEngine2$Server$ProtoBufRpcInvoker.call(ProtobufRpcEngine2.java:595) [hadoop-common-3.3.6.jar:?]
	at org.apache.hadoop.ipc.ProtobufRpcEngine2$Server$ProtoBufRpcInvoker.call(ProtobufRpcEngine2.java:573) [hadoop-common-3.3.6.jar:?]
	at org.apache.hadoop.ipc.RPC$Server.call(RPC.java:1227) [hadoop-common-3.3.6.jar:?]
	at org.apache.hadoop.ipc.Server$RpcCall.run(Server.java:1094) [hadoop-common-3.3.6.jar:?]
	at org.apache.hadoop.ipc.Server$RpcCall.run(Server.java:1017) [hadoop-common-3.3.6.jar:?]
	at java.security.AccessController.doPrivileged(Native Method) ~[?:1.8.0_382]
	at javax.security.auth.Subject.doAs(Subject.java:422) [?:1.8.0_382]
	at org.apache.hadoop.security.UserGroupInformation.doAs(UserGroupInformation.java:1899) [hadoop-common-3.3.6.jar:?]
	at org.apache.hadoop.ipc.Server$Handler.run(Server.java:3048) [hadoop-common-3.3.6.jar:?]
12:57:39.842 [IPC Server handler 7 on default port 15057] ERROR OMAudit - user=runner | ip=127.0.0.1 | op=GET_FILE_STATUS {volume=volume37469, bucket=bucket23551, key=testBatchDelete/parent/childFolder/child2, dataSize=0, replicationConfig=null} | ret=FAILURE
org.apache.hadoop.ozone.om.exceptions.OMException: Unable to get file status: volume: volume37469 bucket: bucket23551 key: testBatchDelete/parent/childFolder/child2
	at org.apache.hadoop.ozone.om.KeyManagerImpl.getOzoneFileStatus(KeyManagerImpl.java:1198) ~[ozone-manager-1.4.0-SNAPSHOT.jar:?]
	at org.apache.hadoop.ozone.om.KeyManagerImpl.getFileStatus(KeyManagerImpl.java:1116) ~[ozone-manager-1.4.0-SNAPSHOT.jar:?]
	at org.apache.hadoop.ozone.om.OmMetadataReader.getFileStatus(OmMetadataReader.java:266) ~[ozone-manager-1.4.0-SNAPSHOT.jar:?]
	at org.apache.hadoop.ozone.om.OzoneManager.getFileStatus(OzoneManager.java:3552) ~[ozone-manager-1.4.0-SNAPSHOT.jar:?]
	at org.apache.hadoop.ozone.protocolPB.OzoneManagerRequestHandler.getOzoneFileStatus(OzoneManagerRequestHandler.java:998) ~[ozone-manager-1.4.0-SNAPSHOT.jar:?]
	at org.apache.hadoop.ozone.protocolPB.OzoneManagerRequestHandler.handleReadRequest(OzoneManagerRequestHandler.java:259) ~[ozone-manager-1.4.0-SNAPSHOT.jar:?]
	at org.apache.hadoop.ozone.protocolPB.OzoneManagerProtocolServerSideTranslatorPB.submitRequestDirectlyToOM(OzoneManagerProtocolServerSideTranslatorPB.java:274) ~[ozone-manager-1.4.0-SNAPSHOT.jar:?]
	at org.apache.hadoop.ozone.protocolPB.OzoneManagerProtocolServerSideTranslatorPB.processRequest(OzoneManagerProtocolServerSideTranslatorPB.java:175) ~[ozone-manager-1.4.0-SNAPSHOT.jar:?]
	at org.apache.hadoop.hdds.server.OzoneProtocolMessageDispatcher.processRequest(OzoneProtocolMessageDispatcher.java:87) [hdds-server-framework-1.4.0-SNAPSHOT.jar:?]
	at org.apache.hadoop.ozone.protocolPB.OzoneManagerProtocolServerSideTranslatorPB.submitRequest(OzoneManagerProtocolServerSideTranslatorPB.java:148) [ozone-manager-1.4.0-SNAPSHOT.jar:?]
	at org.apache.hadoop.ozone.protocol.proto.OzoneManagerProtocolProtos$OzoneManagerService$2.callBlockingMethod(OzoneManagerProtocolProtos.java) [ozone-interface-client-1.4.0-SNAPSHOT.jar:?]
	at org.apache.hadoop.ipc.ProtobufRpcEngine$Server.processCall(ProtobufRpcEngine.java:484) [hadoop-common-3.3.6.jar:?]
	at org.apache.hadoop.ipc.ProtobufRpcEngine2$Server$ProtoBufRpcInvoker.call(ProtobufRpcEngine2.java:595) [hadoop-common-3.3.6.jar:?]
	at org.apache.hadoop.ipc.ProtobufRpcEngine2$Server$ProtoBufRpcInvoker.call(ProtobufRpcEngine2.java:573) [hadoop-common-3.3.6.jar:?]
	at org.apache.hadoop.ipc.RPC$Server.call(RPC.java:1227) [hadoop-common-3.3.6.jar:?]
	at org.apache.hadoop.ipc.Server$RpcCall.run(Server.java:1094) [hadoop-common-3.3.6.jar:?]
	at org.apache.hadoop.ipc.Server$RpcCall.run(Server.java:1017) [hadoop-common-3.3.6.jar:?]
	at java.security.AccessController.doPrivileged(Native Method) ~[?:1.8.0_382]
	at javax.security.auth.Subject.doAs(Subject.java:422) [?:1.8.0_382]
	at org.apache.hadoop.security.UserGroupInformation.doAs(UserGroupInformation.java:1899) [hadoop-common-3.3.6.jar:?]
	at org.apache.hadoop.ipc.Server$Handler.run(Server.java:3048) [hadoop-common-3.3.6.jar:?]
12:57:39.843 [IPC Server handler 6 on default port 15057] ERROR OMAudit - user=runner | ip=127.0.0.1 | op=GET_FILE_STATUS {volume=volume37469, bucket=bucket23551, key=testBatchDelete/parent/child3, dataSize=0, replicationConfig=null} | ret=FAILURE
org.apache.hadoop.ozone.om.exceptions.OMException: Unable to get file status: volume: volume37469 bucket: bucket23551 key: testBatchDelete/parent/child3
	at org.apache.hadoop.ozone.om.KeyManagerImpl.getOzoneFileStatus(KeyManagerImpl.java:1198) ~[ozone-manager-1.4.0-SNAPSHOT.jar:?]
	at org.apache.hadoop.ozone.om.KeyManagerImpl.getFileStatus(KeyManagerImpl.java:1116) ~[ozone-manager-1.4.0-SNAPSHOT.jar:?]
	at org.apache.hadoop.ozone.om.OmMetadataReader.getFileStatus(OmMetadataReader.java:266) ~[ozone-manager-1.4.0-SNAPSHOT.jar:?]
	at org.apache.hadoop.ozone.om.OzoneManager.getFileStatus(OzoneManager.java:3552) ~[ozone-manager-1.4.0-SNAPSHOT.jar:?]
	at org.apache.hadoop.ozone.protocolPB.OzoneManagerRequestHandler.getOzoneFileStatus(OzoneManagerRequestHandler.java:998) ~[ozone-manager-1.4.0-SNAPSHOT.jar:?]
	at org.apache.hadoop.ozone.protocolPB.OzoneManagerRequestHandler.handleReadRequest(OzoneManagerRequestHandler.java:259) ~[ozone-manager-1.4.0-SNAPSHOT.jar:?]
	at org.apache.hadoop.ozone.protocolPB.OzoneManagerProtocolServerSideTranslatorPB.submitRequestDirectlyToOM(OzoneManagerProtocolServerSideTranslatorPB.java:274) ~[ozone-manager-1.4.0-SNAPSHOT.jar:?]
	at org.apache.hadoop.ozone.protocolPB.OzoneManagerProtocolServerSideTranslatorPB.processRequest(OzoneManagerProtocolServerSideTranslatorPB.java:175) ~[ozone-manager-1.4.0-SNAPSHOT.jar:?]
	at org.apache.hadoop.hdds.server.OzoneProtocolMessageDispatcher.processRequest(OzoneProtocolMessageDispatcher.java:87) [hdds-server-framework-1.4.0-SNAPSHOT.jar:?]
	at org.apache.hadoop.ozone.protocolPB.OzoneManagerProtocolServerSideTranslatorPB.submitRequest(OzoneManagerProtocolServerSideTranslatorPB.java:148) [ozone-manager-1.4.0-SNAPSHOT.jar:?]
	at org.apache.hadoop.ozone.protocol.proto.OzoneManagerProtocolProtos$OzoneManagerService$2.callBlockingMethod(OzoneManagerProtocolProtos.java) [ozone-interface-client-1.4.0-SNAPSHOT.jar:?]
	at org.apache.hadoop.ipc.ProtobufRpcEngine$Server.processCall(ProtobufRpcEngine.java:484) [hadoop-common-3.3.6.jar:?]
	at org.apache.hadoop.ipc.ProtobufRpcEngine2$Server$ProtoBufRpcInvoker.call(ProtobufRpcEngine2.java:595) [hadoop-common-3.3.6.jar:?]
	at org.apache.hadoop.ipc.ProtobufRpcEngine2$Server$ProtoBufRpcInvoker.call(ProtobufRpcEngine2.java:573) [hadoop-common-3.3.6.jar:?]
	at org.apache.hadoop.ipc.RPC$Server.call(RPC.java:1227) [hadoop-common-3.3.6.jar:?]
	at org.apache.hadoop.ipc.Server$RpcCall.run(Server.java:1094) [hadoop-common-3.3.6.jar:?]
	at org.apache.hadoop.ipc.Server$RpcCall.run(Server.java:1017) [hadoop-common-3.3.6.jar:?]
	at java.security.AccessController.doPrivileged(Native Method) ~[?:1.8.0_382]
	at javax.security.auth.Subject.doAs(Subject.java:422) [?:1.8.0_382]
	at org.apache.hadoop.security.UserGroupInformation.doAs(UserGroupInformation.java:1899) [hadoop-common-3.3.6.jar:?]
	at org.apache.hadoop.ipc.Server$Handler.run(Server.java:3048) [hadoop-common-3.3.6.jar:?]
12:57:39.844 [IPC Server handler 8 on default port 15057] ERROR OMAudit - user=runner | ip=127.0.0.1 | op=GET_FILE_STATUS {volume=volume37469, bucket=bucket23551, key=testBatchDelete/parent/childFolder/child3, dataSize=0, replicationConfig=null} | ret=FAILURE
org.apache.hadoop.ozone.om.exceptions.OMException: Unable to get file status: volume: volume37469 bucket: bucket23551 key: testBatchDelete/parent/childFolder/child3
	at org.apache.hadoop.ozone.om.KeyManagerImpl.getOzoneFileStatus(KeyManagerImpl.java:1198) ~[ozone-manager-1.4.0-SNAPSHOT.jar:?]
	at org.apache.hadoop.ozone.om.KeyManagerImpl.getFileStatus(KeyManagerImpl.java:1116) ~[ozone-manager-1.4.0-SNAPSHOT.jar:?]
	at org.apache.hadoop.ozone.om.OmMetadataReader.getFileStatus(OmMetadataReader.java:266) ~[ozone-manager-1.4.0-SNAPSHOT.jar:?]
	at org.apache.hadoop.ozone.om.OzoneManager.getFileStatus(OzoneManager.java:3552) ~[ozone-manager-1.4.0-SNAPSHOT.jar:?]
	at org.apache.hadoop.ozone.protocolPB.OzoneManagerRequestHandler.getOzoneFileStatus(OzoneManagerRequestHandler.java:998) ~[ozone-manager-1.4.0-SNAPSHOT.jar:?]
	at org.apache.hadoop.ozone.protocolPB.OzoneManagerRequestHandler.handleReadRequest(OzoneManagerRequestHandler.java:259) ~[ozone-manager-1.4.0-SNAPSHOT.jar:?]
	at org.apache.hadoop.ozone.protocolPB.OzoneManagerProtocolServerSideTranslatorPB.submitRequestDirectlyToOM(OzoneManagerProtocolServerSideTranslatorPB.java:274) ~[ozone-manager-1.4.0-SNAPSHOT.jar:?]
	at org.apache.hadoop.ozone.protocolPB.OzoneManagerProtocolServerSideTranslatorPB.processRequest(OzoneManagerProtocolServerSideTranslatorPB.java:175) ~[ozone-manager-1.4.0-SNAPSHOT.jar:?]
	at org.apache.hadoop.hdds.server.OzoneProtocolMessageDispatcher.processRequest(OzoneProtocolMessageDispatcher.java:87) [hdds-server-framework-1.4.0-SNAPSHOT.jar:?]
	at org.apache.hadoop.ozone.protocolPB.OzoneManagerProtocolServerSideTranslatorPB.submitRequest(OzoneManagerProtocolServerSideTranslatorPB.java:148) [ozone-manager-1.4.0-SNAPSHOT.jar:?]
	at org.apache.hadoop.ozone.protocol.proto.OzoneManagerProtocolProtos$OzoneManagerService$2.callBlockingMethod(OzoneManagerProtocolProtos.java) [ozone-interface-client-1.4.0-SNAPSHOT.jar:?]
	at org.apache.hadoop.ipc.ProtobufRpcEngine$Server.processCall(ProtobufRpcEngine.java:484) [hadoop-common-3.3.6.jar:?]
	at org.apache.hadoop.ipc.ProtobufRpcEngine2$Server$ProtoBufRpcInvoker.call(ProtobufRpcEngine2.java:595) [hadoop-common-3.3.6.jar:?]
	at org.apache.hadoop.ipc.ProtobufRpcEngine2$Server$ProtoBufRpcInvoker.call(ProtobufRpcEngine2.java:573) [hadoop-common-3.3.6.jar:?]
	at org.apache.hadoop.ipc.RPC$Server.call(RPC.java:1227) [hadoop-common-3.3.6.jar:?]
	at org.apache.hadoop.ipc.Server$RpcCall.run(Server.java:1094) [hadoop-common-3.3.6.jar:?]
	at org.apache.hadoop.ipc.Server$RpcCall.run(Server.java:1017) [hadoop-common-3.3.6.jar:?]
	at java.security.AccessController.doPrivileged(Native Method) ~[?:1.8.0_382]
	at javax.security.auth.Subject.doAs(Subject.java:422) [?:1.8.0_382]
	at org.apache.hadoop.security.UserGroupInformation.doAs(UserGroupInformation.java:1899) [hadoop-common-3.3.6.jar:?]
	at org.apache.hadoop.ipc.Server$Handler.run(Server.java:3048) [hadoop-common-3.3.6.jar:?]
12:57:39.846 [IPC Server handler 10 on default port 15057] ERROR OMAudit - user=runner | ip=127.0.0.1 | op=GET_FILE_STATUS {volume=volume37469, bucket=bucket23551, key=testBatchDelete/parent/child4, dataSize=0, replicationConfig=null} | ret=FAILURE
org.apache.hadoop.ozone.om.exceptions.OMException: Unable to get file status: volume: volume37469 bucket: bucket23551 key: testBatchDelete/parent/child4
	at org.apache.hadoop.ozone.om.KeyManagerImpl.getOzoneFileStatus(KeyManagerImpl.java:1198) ~[ozone-manager-1.4.0-SNAPSHOT.jar:?]
	at org.apache.hadoop.ozone.om.KeyManagerImpl.getFileStatus(KeyManagerImpl.java:1116) ~[ozone-manager-1.4.0-SNAPSHOT.jar:?]
	at org.apache.hadoop.ozone.om.OmMetadataReader.getFileStatus(OmMetadataReader.java:266) ~[ozone-manager-1.4.0-SNAPSHOT.jar:?]
	at org.apache.hadoop.ozone.om.OzoneManager.getFileStatus(OzoneManager.java:3552) ~[ozone-manager-1.4.0-SNAPSHOT.jar:?]
	at org.apache.hadoop.ozone.protocolPB.OzoneManagerRequestHandler.getOzoneFileStatus(OzoneManagerRequestHandler.java:998) ~[ozone-manager-1.4.0-SNAPSHOT.jar:?]
	at org.apache.hadoop.ozone.protocolPB.OzoneManagerRequestHandler.handleReadRequest(OzoneManagerRequestHandler.java:259) ~[ozone-manager-1.4.0-SNAPSHOT.jar:?]
	at org.apache.hadoop.ozone.protocolPB.OzoneManagerProtocolServerSideTranslatorPB.submitRequestDirectlyToOM(OzoneManagerProtocolServerSideTranslatorPB.java:274) ~[ozone-manager-1.4.0-SNAPSHOT.jar:?]
	at org.apache.hadoop.ozone.protocolPB.OzoneManagerProtocolServerSideTranslatorPB.processRequest(OzoneManagerProtocolServerSideTranslatorPB.java:175) ~[ozone-manager-1.4.0-SNAPSHOT.jar:?]
	at org.apache.hadoop.hdds.server.OzoneProtocolMessageDispatcher.processRequest(OzoneProtocolMessageDispatcher.java:87) [hdds-server-framework-1.4.0-SNAPSHOT.jar:?]
	at org.apache.hadoop.ozone.protocolPB.OzoneManagerProtocolServerSideTranslatorPB.submitRequest(OzoneManagerProtocolServerSideTranslatorPB.java:148) [ozone-manager-1.4.0-SNAPSHOT.jar:?]
	at org.apache.hadoop.ozone.protocol.proto.OzoneManagerProtocolProtos$OzoneManagerService$2.callBlockingMethod(OzoneManagerProtocolProtos.java) [ozone-interface-client-1.4.0-SNAPSHOT.jar:?]
	at org.apache.hadoop.ipc.ProtobufRpcEngine$Server.processCall(ProtobufRpcEngine.java:484) [hadoop-common-3.3.6.jar:?]
	at org.apache.hadoop.ipc.ProtobufRpcEngine2$Server$ProtoBufRpcInvoker.call(ProtobufRpcEngine2.java:595) [hadoop-common-3.3.6.jar:?]
	at org.apache.hadoop.ipc.ProtobufRpcEngine2$Server$ProtoBufRpcInvoker.call(ProtobufRpcEngine2.java:573) [hadoop-common-3.3.6.jar:?]
	at org.apache.hadoop.ipc.RPC$Server.call(RPC.java:1227) [hadoop-common-3.3.6.jar:?]
	at org.apache.hadoop.ipc.Server$RpcCall.run(Server.java:1094) [hadoop-common-3.3.6.jar:?]
	at org.apache.hadoop.ipc.Server$RpcCall.run(Server.java:1017) [hadoop-common-3.3.6.jar:?]
	at java.security.AccessController.doPrivileged(Native Method) ~[?:1.8.0_382]
	at javax.security.auth.Subject.doAs(Subject.java:422) [?:1.8.0_382]
	at org.apache.hadoop.security.UserGroupInformation.doAs(UserGroupInformation.java:1899) [hadoop-common-3.3.6.jar:?]
	at org.apache.hadoop.ipc.Server$Handler.run(Server.java:3048) [hadoop-common-3.3.6.jar:?]
12:57:39.847 [IPC Server handler 9 on default port 15057] ERROR OMAudit - user=runner | ip=127.0.0.1 | op=GET_FILE_STATUS {volume=volume37469, bucket=bucket23551, key=testBatchDelete/parent/childFolder/child4, dataSize=0, replicationConfig=null} | ret=FAILURE
org.apache.hadoop.ozone.om.exceptions.OMException: Unable to get file status: volume: volume37469 bucket: bucket23551 key: testBatchDelete/parent/childFolder/child4
	at org.apache.hadoop.ozone.om.KeyManagerImpl.getOzoneFileStatus(KeyManagerImpl.java:1198) ~[ozone-manager-1.4.0-SNAPSHOT.jar:?]
	at org.apache.hadoop.ozone.om.KeyManagerImpl.getFileStatus(KeyManagerImpl.java:1116) ~[ozone-manager-1.4.0-SNAPSHOT.jar:?]
	at org.apache.hadoop.ozone.om.OmMetadataReader.getFileStatus(OmMetadataReader.java:266) ~[ozone-manager-1.4.0-SNAPSHOT.jar:?]
	at org.apache.hadoop.ozone.om.OzoneManager.getFileStatus(OzoneManager.java:3552) ~[ozone-manager-1.4.0-SNAPSHOT.jar:?]
	at org.apache.hadoop.ozone.protocolPB.OzoneManagerRequestHandler.getOzoneFileStatus(OzoneManagerRequestHandler.java:998) ~[ozone-manager-1.4.0-SNAPSHOT.jar:?]
	at org.apache.hadoop.ozone.protocolPB.OzoneManagerRequestHandler.handleReadRequest(OzoneManagerRequestHandler.java:259) ~[ozone-manager-1.4.0-SNAPSHOT.jar:?]
	at org.apache.hadoop.ozone.protocolPB.OzoneManagerProtocolServerSideTranslatorPB.submitRequestDirectlyToOM(OzoneManagerProtocolServerSideTranslatorPB.java:274) ~[ozone-manager-1.4.0-SNAPSHOT.jar:?]
	at org.apache.hadoop.ozone.protocolPB.OzoneManagerProtocolServerSideTranslatorPB.processRequest(OzoneManagerProtocolServerSideTranslatorPB.java:175) ~[ozone-manager-1.4.0-SNAPSHOT.jar:?]
	at org.apache.hadoop.hdds.server.OzoneProtocolMessageDispatcher.processRequest(OzoneProtocolMessageDispatcher.java:87) [hdds-server-framework-1.4.0-SNAPSHOT.jar:?]
	at org.apache.hadoop.ozone.protocolPB.OzoneManagerProtocolServerSideTranslatorPB.submitRequest(OzoneManagerProtocolServerSideTranslatorPB.java:148) [ozone-manager-1.4.0-SNAPSHOT.jar:?]
	at org.apache.hadoop.ozone.protocol.proto.OzoneManagerProtocolProtos$OzoneManagerService$2.callBlockingMethod(OzoneManagerProtocolProtos.java) [ozone-interface-client-1.4.0-SNAPSHOT.jar:?]
	at org.apache.hadoop.ipc.ProtobufRpcEngine$Server.processCall(ProtobufRpcEngine.java:484) [hadoop-common-3.3.6.jar:?]
	at org.apache.hadoop.ipc.ProtobufRpcEngine2$Server$ProtoBufRpcInvoker.call(ProtobufRpcEngine2.java:595) [hadoop-common-3.3.6.jar:?]
	at org.apache.hadoop.ipc.ProtobufRpcEngine2$Server$ProtoBufRpcInvoker.call(ProtobufRpcEngine2.java:573) [hadoop-common-3.3.6.jar:?]
	at org.apache.hadoop.ipc.RPC$Server.call(RPC.java:1227) [hadoop-common-3.3.6.jar:?]
	at org.apache.hadoop.ipc.Server$RpcCall.run(Server.java:1094) [hadoop-common-3.3.6.jar:?]
	at org.apache.hadoop.ipc.Server$RpcCall.run(Server.java:1017) [hadoop-common-3.3.6.jar:?]
	at java.security.AccessController.doPrivileged(Native Method) ~[?:1.8.0_382]
	at javax.security.auth.Subject.doAs(Subject.java:422) [?:1.8.0_382]
	at org.apache.hadoop.security.UserGroupInformation.doAs(UserGroupInformation.java:1899) [hadoop-common-3.3.6.jar:?]
	at org.apache.hadoop.ipc.Server$Handler.run(Server.java:3048) [hadoop-common-3.3.6.jar:?]
12:57:39.849 [IPC Server handler 11 on default port 15057] ERROR OMAudit - user=runner | ip=127.0.0.1 | op=GET_FILE_STATUS {volume=volume37469, bucket=bucket23551, key=testBatchDelete/parent/child5, dataSize=0, replicationConfig=null} | ret=FAILURE
org.apache.hadoop.ozone.om.exceptions.OMException: Unable to get file status: volume: volume37469 bucket: bucket23551 key: testBatchDelete/parent/child5
	at org.apache.hadoop.ozone.om.KeyManagerImpl.getOzoneFileStatus(KeyManagerImpl.java:1198) ~[ozone-manager-1.4.0-SNAPSHOT.jar:?]
	at org.apache.hadoop.ozone.om.KeyManagerImpl.getFileStatus(KeyManagerImpl.java:1116) ~[ozone-manager-1.4.0-SNAPSHOT.jar:?]
	at org.apache.hadoop.ozone.om.OmMetadataReader.getFileStatus(OmMetadataReader.java:266) ~[ozone-manager-1.4.0-SNAPSHOT.jar:?]
	at org.apache.hadoop.ozone.om.OzoneManager.getFileStatus(OzoneManager.java:3552) ~[ozone-manager-1.4.0-SNAPSHOT.jar:?]
	at org.apache.hadoop.ozone.protocolPB.OzoneManagerRequestHandler.getOzoneFileStatus(OzoneManagerRequestHandler.java:998) ~[ozone-manager-1.4.0-SNAPSHOT.jar:?]
	at org.apache.hadoop.ozone.protocolPB.OzoneManagerRequestHandler.handleReadRequest(OzoneManagerRequestHandler.java:259) ~[ozone-manager-1.4.0-SNAPSHOT.jar:?]
	at org.apache.hadoop.ozone.protocolPB.OzoneManagerProtocolServerSideTranslatorPB.submitRequestDirectlyToOM(OzoneManagerProtocolServerSideTranslatorPB.java:274) ~[ozone-manager-1.4.0-SNAPSHOT.jar:?]
	at org.apache.hadoop.ozone.protocolPB.OzoneManagerProtocolServerSideTranslatorPB.processRequest(OzoneManagerProtocolServerSideTranslatorPB.java:175) ~[ozone-manager-1.4.0-SNAPSHOT.jar:?]
	at org.apache.hadoop.hdds.server.OzoneProtocolMessageDispatcher.processRequest(OzoneProtocolMessageDispatcher.java:87) [hdds-server-framework-1.4.0-SNAPSHOT.jar:?]
	at org.apache.hadoop.ozone.protocolPB.OzoneManagerProtocolServerSideTranslatorPB.submitRequest(OzoneManagerProtocolServerSideTranslatorPB.java:148) [ozone-manager-1.4.0-SNAPSHOT.jar:?]
	at org.apache.hadoop.ozone.protocol.proto.OzoneManagerProtocolProtos$OzoneManagerService$2.callBlockingMethod(OzoneManagerProtocolProtos.java) [ozone-interface-client-1.4.0-SNAPSHOT.jar:?]
	at org.apache.hadoop.ipc.ProtobufRpcEngine$Server.processCall(ProtobufRpcEngine.java:484) [hadoop-common-3.3.6.jar:?]
	at org.apache.hadoop.ipc.ProtobufRpcEngine2$Server$ProtoBufRpcInvoker.call(ProtobufRpcEngine2.java:595) [hadoop-common-3.3.6.jar:?]
	at org.apache.hadoop.ipc.ProtobufRpcEngine2$Server$ProtoBufRpcInvoker.call(ProtobufRpcEngine2.java:573) [hadoop-common-3.3.6.jar:?]
	at org.apache.hadoop.ipc.RPC$Server.call(RPC.java:1227) [hadoop-common-3.3.6.jar:?]
	at org.apache.hadoop.ipc.Server$RpcCall.run(Server.java:1094) [hadoop-common-3.3.6.jar:?]
	at org.apache.hadoop.ipc.Server$RpcCall.run(Server.java:1017) [hadoop-common-3.3.6.jar:?]
	at java.security.AccessController.doPrivileged(Native Method) ~[?:1.8.0_382]
	at javax.security.auth.Subject.doAs(Subject.java:422) [?:1.8.0_382]
	at org.apache.hadoop.security.UserGroupInformation.doAs(UserGroupInformation.java:1899) [hadoop-common-3.3.6.jar:?]
	at org.apache.hadoop.ipc.Server$Handler.run(Server.java:3048) [hadoop-common-3.3.6.jar:?]
12:57:39.850 [IPC Server handler 12 on default port 15057] ERROR OMAudit - user=runner | ip=127.0.0.1 | op=GET_FILE_STATUS {volume=volume37469, bucket=bucket23551, key=testBatchDelete/parent/childFolder/child5, dataSize=0, replicationConfig=null} | ret=FAILURE
org.apache.hadoop.ozone.om.exceptions.OMException: Unable to get file status: volume: volume37469 bucket: bucket23551 key: testBatchDelete/parent/childFolder/child5
	at org.apache.hadoop.ozone.om.KeyManagerImpl.getOzoneFileStatus(KeyManagerImpl.java:1198) ~[ozone-manager-1.4.0-SNAPSHOT.jar:?]
	at org.apache.hadoop.ozone.om.KeyManagerImpl.getFileStatus(KeyManagerImpl.java:1116) ~[ozone-manager-1.4.0-SNAPSHOT.jar:?]
	at org.apache.hadoop.ozone.om.OmMetadataReader.getFileStatus(OmMetadataReader.java:266) ~[ozone-manager-1.4.0-SNAPSHOT.jar:?]
	at org.apache.hadoop.ozone.om.OzoneManager.getFileStatus(OzoneManager.java:3552) ~[ozone-manager-1.4.0-SNAPSHOT.jar:?]
	at org.apache.hadoop.ozone.protocolPB.OzoneManagerRequestHandler.getOzoneFileStatus(OzoneManagerRequestHandler.java:998) ~[ozone-manager-1.4.0-SNAPSHOT.jar:?]
	at org.apache.hadoop.ozone.protocolPB.OzoneManagerRequestHandler.handleReadRequest(OzoneManagerRequestHandler.java:259) ~[ozone-manager-1.4.0-SNAPSHOT.jar:?]
	at org.apache.hadoop.ozone.protocolPB.OzoneManagerProtocolServerSideTranslatorPB.submitRequestDirectlyToOM(OzoneManagerProtocolServerSideTranslatorPB.java:274) ~[ozone-manager-1.4.0-SNAPSHOT.jar:?]
	at org.apache.hadoop.ozone.protocolPB.OzoneManagerProtocolServerSideTranslatorPB.processRequest(OzoneManagerProtocolServerSideTranslatorPB.java:175) ~[ozone-manager-1.4.0-SNAPSHOT.jar:?]
	at org.apache.hadoop.hdds.server.OzoneProtocolMessageDispatcher.processRequest(OzoneProtocolMessageDispatcher.java:87) [hdds-server-framework-1.4.0-SNAPSHOT.jar:?]
	at org.apache.hadoop.ozone.protocolPB.OzoneManagerProtocolServerSideTranslatorPB.submitRequest(OzoneManagerProtocolServerSideTranslatorPB.java:148) [ozone-manager-1.4.0-SNAPSHOT.jar:?]
	at org.apache.hadoop.ozone.protocol.proto.OzoneManagerProtocolProtos$OzoneManagerService$2.callBlockingMethod(OzoneManagerProtocolProtos.java) [ozone-interface-client-1.4.0-SNAPSHOT.jar:?]
	at org.apache.hadoop.ipc.ProtobufRpcEngine$Server.processCall(ProtobufRpcEngine.java:484) [hadoop-common-3.3.6.jar:?]
	at org.apache.hadoop.ipc.ProtobufRpcEngine2$Server$ProtoBufRpcInvoker.call(ProtobufRpcEngine2.java:595) [hadoop-common-3.3.6.jar:?]
	at org.apache.hadoop.ipc.ProtobufRpcEngine2$Server$ProtoBufRpcInvoker.call(ProtobufRpcEngine2.java:573) [hadoop-common-3.3.6.jar:?]
	at org.apache.hadoop.ipc.RPC$Server.call(RPC.java:1227) [hadoop-common-3.3.6.jar:?]
	at org.apache.hadoop.ipc.Server$RpcCall.run(Server.java:1094) [hadoop-common-3.3.6.jar:?]
	at org.apache.hadoop.ipc.Server$RpcCall.run(Server.java:1017) [hadoop-common-3.3.6.jar:?]
	at java.security.AccessController.doPrivileged(Native Method) ~[?:1.8.0_382]
	at javax.security.auth.Subject.doAs(Subject.java:422) [?:1.8.0_382]
	at org.apache.hadoop.security.UserGroupInformation.doAs(UserGroupInformation.java:1899) [hadoop-common-3.3.6.jar:?]
	at org.apache.hadoop.ipc.Server$Handler.run(Server.java:3048) [hadoop-common-3.3.6.jar:?]
12:57:39.851 [IPC Server handler 14 on default port 15057] ERROR OMAudit - user=runner | ip=127.0.0.1 | op=GET_FILE_STATUS {volume=volume37469, bucket=bucket23551, key=testBatchDelete/parent/child6, dataSize=0, replicationConfig=null} | ret=FAILURE
org.apache.hadoop.ozone.om.exceptions.OMException: Unable to get file status: volume: volume37469 bucket: bucket23551 key: testBatchDelete/parent/child6
	at org.apache.hadoop.ozone.om.KeyManagerImpl.getOzoneFileStatus(KeyManagerImpl.java:1198) ~[ozone-manager-1.4.0-SNAPSHOT.jar:?]
	at org.apache.hadoop.ozone.om.KeyManagerImpl.getFileStatus(KeyManagerImpl.java:1116) ~[ozone-manager-1.4.0-SNAPSHOT.jar:?]
	at org.apache.hadoop.ozone.om.OmMetadataReader.getFileStatus(OmMetadataReader.java:266) ~[ozone-manager-1.4.0-SNAPSHOT.jar:?]
	at org.apache.hadoop.ozone.om.OzoneManager.getFileStatus(OzoneManager.java:3552) ~[ozone-manager-1.4.0-SNAPSHOT.jar:?]
	at org.apache.hadoop.ozone.protocolPB.OzoneManagerRequestHandler.getOzoneFileStatus(OzoneManagerRequestHandler.java:998) ~[ozone-manager-1.4.0-SNAPSHOT.jar:?]
	at org.apache.hadoop.ozone.protocolPB.OzoneManagerRequestHandler.handleReadRequest(OzoneManagerRequestHandler.java:259) ~[ozone-manager-1.4.0-SNAPSHOT.jar:?]
	at org.apache.hadoop.ozone.protocolPB.OzoneManagerProtocolServerSideTranslatorPB.submitRequestDirectlyToOM(OzoneManagerProtocolServerSideTranslatorPB.java:274) ~[ozone-manager-1.4.0-SNAPSHOT.jar:?]
	at org.apache.hadoop.ozone.protocolPB.OzoneManagerProtocolServerSideTranslatorPB.processRequest(OzoneManagerProtocolServerSideTranslatorPB.java:175) ~[ozone-manager-1.4.0-SNAPSHOT.jar:?]
	at org.apache.hadoop.hdds.server.OzoneProtocolMessageDispatcher.processRequest(OzoneProtocolMessageDispatcher.java:87) [hdds-server-framework-1.4.0-SNAPSHOT.jar:?]
	at org.apache.hadoop.ozone.protocolPB.OzoneManagerProtocolServerSideTranslatorPB.submitRequest(OzoneManagerProtocolServerSideTranslatorPB.java:148) [ozone-manager-1.4.0-SNAPSHOT.jar:?]
	at org.apache.hadoop.ozone.protocol.proto.OzoneManagerProtocolProtos$OzoneManagerService$2.callBlockingMethod(OzoneManagerProtocolProtos.java) [ozone-interface-client-1.4.0-SNAPSHOT.jar:?]
	at org.apache.hadoop.ipc.ProtobufRpcEngine$Server.processCall(ProtobufRpcEngine.java:484) [hadoop-common-3.3.6.jar:?]
	at org.apache.hadoop.ipc.ProtobufRpcEngine2$Server$ProtoBufRpcInvoker.call(ProtobufRpcEngine2.java:595) [hadoop-common-3.3.6.jar:?]
	at org.apache.hadoop.ipc.ProtobufRpcEngine2$Server$ProtoBufRpcInvoker.call(ProtobufRpcEngine2.java:573) [hadoop-common-3.3.6.jar:?]
	at org.apache.hadoop.ipc.RPC$Server.call(RPC.java:1227) [hadoop-common-3.3.6.jar:?]
	at org.apache.hadoop.ipc.Server$RpcCall.run(Server.java:1094) [hadoop-common-3.3.6.jar:?]
	at org.apache.hadoop.ipc.Server$RpcCall.run(Server.java:1017) [hadoop-common-3.3.6.jar:?]
	at java.security.AccessController.doPrivileged(Native Method) ~[?:1.8.0_382]
	at javax.security.auth.Subject.doAs(Subject.java:422) [?:1.8.0_382]
	at org.apache.hadoop.security.UserGroupInformation.doAs(UserGroupInformation.java:1899) [hadoop-common-3.3.6.jar:?]
	at org.apache.hadoop.ipc.Server$Handler.run(Server.java:3048) [hadoop-common-3.3.6.jar:?]
12:57:39.852 [IPC Server handler 13 on default port 15057] ERROR OMAudit - user=runner | ip=127.0.0.1 | op=GET_FILE_STATUS {volume=volume37469, bucket=bucket23551, key=testBatchDelete/parent/childFolder/child6, dataSize=0, replicationConfig=null} | ret=FAILURE
org.apache.hadoop.ozone.om.exceptions.OMException: Unable to get file status: volume: volume37469 bucket: bucket23551 key: testBatchDelete/parent/childFolder/child6
	at org.apache.hadoop.ozone.om.KeyManagerImpl.getOzoneFileStatus(KeyManagerImpl.java:1198) ~[ozone-manager-1.4.0-SNAPSHOT.jar:?]
	at org.apache.hadoop.ozone.om.KeyManagerImpl.getFileStatus(KeyManagerImpl.java:1116) ~[ozone-manager-1.4.0-SNAPSHOT.jar:?]
	at org.apache.hadoop.ozone.om.OmMetadataReader.getFileStatus(OmMetadataReader.java:266) ~[ozone-manager-1.4.0-SNAPSHOT.jar:?]
	at org.apache.hadoop.ozone.om.OzoneManager.getFileStatus(OzoneManager.java:3552) ~[ozone-manager-1.4.0-SNAPSHOT.jar:?]
	at org.apache.hadoop.ozone.protocolPB.OzoneManagerRequestHandler.getOzoneFileStatus(OzoneManagerRequestHandler.java:998) ~[ozone-manager-1.4.0-SNAPSHOT.jar:?]
	at org.apache.hadoop.ozone.protocolPB.OzoneManagerRequestHandler.handleReadRequest(OzoneManagerRequestHandler.java:259) ~[ozone-manager-1.4.0-SNAPSHOT.jar:?]
	at org.apache.hadoop.ozone.protocolPB.OzoneManagerProtocolServerSideTranslatorPB.submitRequestDirectlyToOM(OzoneManagerProtocolServerSideTranslatorPB.java:274) ~[ozone-manager-1.4.0-SNAPSHOT.jar:?]
	at org.apache.hadoop.ozone.protocolPB.OzoneManagerProtocolServerSideTranslatorPB.processRequest(OzoneManagerProtocolServerSideTranslatorPB.java:175) ~[ozone-manager-1.4.0-SNAPSHOT.jar:?]
	at org.apache.hadoop.hdds.server.OzoneProtocolMessageDispatcher.processRequest(OzoneProtocolMessageDispatcher.java:87) [hdds-server-framework-1.4.0-SNAPSHOT.jar:?]
	at org.apache.hadoop.ozone.protocolPB.OzoneManagerProtocolServerSideTranslatorPB.submitRequest(OzoneManagerProtocolServerSideTranslatorPB.java:148) [ozone-manager-1.4.0-SNAPSHOT.jar:?]
	at org.apache.hadoop.ozone.protocol.proto.OzoneManagerProtocolProtos$OzoneManagerService$2.callBlockingMethod(OzoneManagerProtocolProtos.java) [ozone-interface-client-1.4.0-SNAPSHOT.jar:?]
	at org.apache.hadoop.ipc.ProtobufRpcEngine$Server.processCall(ProtobufRpcEngine.java:484) [hadoop-common-3.3.6.jar:?]
	at org.apache.hadoop.ipc.ProtobufRpcEngine2$Server$ProtoBufRpcInvoker.call(ProtobufRpcEngine2.java:595) [hadoop-common-3.3.6.jar:?]
	at org.apache.hadoop.ipc.ProtobufRpcEngine2$Server$ProtoBufRpcInvoker.call(ProtobufRpcEngine2.java:573) [hadoop-common-3.3.6.jar:?]
	at org.apache.hadoop.ipc.RPC$Server.call(RPC.java:1227) [hadoop-common-3.3.6.jar:?]
	at org.apache.hadoop.ipc.Server$RpcCall.run(Server.java:1094) [hadoop-common-3.3.6.jar:?]
	at org.apache.hadoop.ipc.Server$RpcCall.run(Server.java:1017) [hadoop-common-3.3.6.jar:?]
	at java.security.AccessController.doPrivileged(Native Method) ~[?:1.8.0_382]
	at javax.security.auth.Subject.doAs(Subject.java:422) [?:1.8.0_382]
	at org.apache.hadoop.security.UserGroupInformation.doAs(UserGroupInformation.java:1899) [hadoop-common-3.3.6.jar:?]
	at org.apache.hadoop.ipc.Server$Handler.run(Server.java:3048) [hadoop-common-3.3.6.jar:?]
12:57:39.853 [IPC Server handler 15 on default port 15057] ERROR OMAudit - user=runner | ip=127.0.0.1 | op=GET_FILE_STATUS {volume=volume37469, bucket=bucket23551, key=testBatchDelete/parent/child7, dataSize=0, replicationConfig=null} | ret=FAILURE
org.apache.hadoop.ozone.om.exceptions.OMException: Unable to get file status: volume: volume37469 bucket: bucket23551 key: testBatchDelete/parent/child7
	at org.apache.hadoop.ozone.om.KeyManagerImpl.getOzoneFileStatus(KeyManagerImpl.java:1198) ~[ozone-manager-1.4.0-SNAPSHOT.jar:?]
	at org.apache.hadoop.ozone.om.KeyManagerImpl.getFileStatus(KeyManagerImpl.java:1116) ~[ozone-manager-1.4.0-SNAPSHOT.jar:?]
	at org.apache.hadoop.ozone.om.OmMetadataReader.getFileStatus(OmMetadataReader.java:266) ~[ozone-manager-1.4.0-SNAPSHOT.jar:?]
	at org.apache.hadoop.ozone.om.OzoneManager.getFileStatus(OzoneManager.java:3552) ~[ozone-manager-1.4.0-SNAPSHOT.jar:?]
	at org.apache.hadoop.ozone.protocolPB.OzoneManagerRequestHandler.getOzoneFileStatus(OzoneManagerRequestHandler.java:998) ~[ozone-manager-1.4.0-SNAPSHOT.jar:?]
	at org.apache.hadoop.ozone.protocolPB.OzoneManagerRequestHandler.handleReadRequest(OzoneManagerRequestHandler.java:259) ~[ozone-manager-1.4.0-SNAPSHOT.jar:?]
	at org.apache.hadoop.ozone.protocolPB.OzoneManagerProtocolServerSideTranslatorPB.submitRequestDirectlyToOM(OzoneManagerProtocolServerSideTranslatorPB.java:274) ~[ozone-manager-1.4.0-SNAPSHOT.jar:?]
	at org.apache.hadoop.ozone.protocolPB.OzoneManagerProtocolServerSideTranslatorPB.processRequest(OzoneManagerProtocolServerSideTranslatorPB.java:175) ~[ozone-manager-1.4.0-SNAPSHOT.jar:?]
	at org.apache.hadoop.hdds.server.OzoneProtocolMessageDispatcher.processRequest(OzoneProtocolMessageDispatcher.java:87) [hdds-server-framework-1.4.0-SNAPSHOT.jar:?]
	at org.apache.hadoop.ozone.protocolPB.OzoneManagerProtocolServerSideTranslatorPB.submitRequest(OzoneManagerProtocolServerSideTranslatorPB.java:148) [ozone-manager-1.4.0-SNAPSHOT.jar:?]
	at org.apache.hadoop.ozone.protocol.proto.OzoneManagerProtocolProtos$OzoneManagerService$2.callBlockingMethod(OzoneManagerProtocolProtos.java) [ozone-interface-client-1.4.0-SNAPSHOT.jar:?]
	at org.apache.hadoop.ipc.ProtobufRpcEngine$Server.processCall(ProtobufRpcEngine.java:484) [hadoop-common-3.3.6.jar:?]
	at org.apache.hadoop.ipc.ProtobufRpcEngine2$Server$ProtoBufRpcInvoker.call(ProtobufRpcEngine2.java:595) [hadoop-common-3.3.6.jar:?]
	at org.apache.hadoop.ipc.ProtobufRpcEngine2$Server$ProtoBufRpcInvoker.call(ProtobufRpcEngine2.java:573) [hadoop-common-3.3.6.jar:?]
	at org.apache.hadoop.ipc.RPC$Server.call(RPC.java:1227) [hadoop-common-3.3.6.jar:?]
	at org.apache.hadoop.ipc.Server$RpcCall.run(Server.java:1094) [hadoop-common-3.3.6.jar:?]
	at org.apache.hadoop.ipc.Server$RpcCall.run(Server.java:1017) [hadoop-common-3.3.6.jar:?]
	at java.security.AccessController.doPrivileged(Native Method) ~[?:1.8.0_382]
	at javax.security.auth.Subject.doAs(Subject.java:422) [?:1.8.0_382]
	at org.apache.hadoop.security.UserGroupInformation.doAs(UserGroupInformation.java:1899) [hadoop-common-3.3.6.jar:?]
	at org.apache.hadoop.ipc.Server$Handler.run(Server.java:3048) [hadoop-common-3.3.6.jar:?]
12:57:39.856 [IPC Server handler 16 on default port 15057] ERROR OMAudit - user=runner | ip=127.0.0.1 | op=GET_FILE_STATUS {volume=volume37469, bucket=bucket23551, key=testBatchDelete/parent/childFolder/child7, dataSize=0, replicationConfig=null} | ret=FAILURE
org.apache.hadoop.ozone.om.exceptions.OMException: Unable to get file status: volume: volume37469 bucket: bucket23551 key: testBatchDelete/parent/childFolder/child7
	at org.apache.hadoop.ozone.om.KeyManagerImpl.getOzoneFileStatus(KeyManagerImpl.java:1198) ~[ozone-manager-1.4.0-SNAPSHOT.jar:?]
	at org.apache.hadoop.ozone.om.KeyManagerImpl.getFileStatus(KeyManagerImpl.java:1116) ~[ozone-manager-1.4.0-SNAPSHOT.jar:?]
	at org.apache.hadoop.ozone.om.OmMetadataReader.getFileStatus(OmMetadataReader.java:266) ~[ozone-manager-1.4.0-SNAPSHOT.jar:?]
	at org.apache.hadoop.ozone.om.OzoneManager.getFileStatus(OzoneManager.java:3552) ~[ozone-manager-1.4.0-SNAPSHOT.jar:?]
	at org.apache.hadoop.ozone.protocolPB.OzoneManagerRequestHandler.getOzoneFileStatus(OzoneManagerRequestHandler.java:998) ~[ozone-manager-1.4.0-SNAPSHOT.jar:?]
	at org.apache.hadoop.ozone.protocolPB.OzoneManagerRequestHandler.handleReadRequest(OzoneManagerRequestHandler.java:259) ~[ozone-manager-1.4.0-SNAPSHOT.jar:?]
	at org.apache.hadoop.ozone.protocolPB.OzoneManagerProtocolServerSideTranslatorPB.submitRequestDirectlyToOM(OzoneManagerProtocolServerSideTranslatorPB.java:274) ~[ozone-manager-1.4.0-SNAPSHOT.jar:?]
	at org.apache.hadoop.ozone.protocolPB.OzoneManagerProtocolServerSideTranslatorPB.processRequest(OzoneManagerProtocolServerSideTranslatorPB.java:175) ~[ozone-manager-1.4.0-SNAPSHOT.jar:?]
	at org.apache.hadoop.hdds.server.OzoneProtocolMessageDispatcher.processRequest(OzoneProtocolMessageDispatcher.java:87) [hdds-server-framework-1.4.0-SNAPSHOT.jar:?]
	at org.apache.hadoop.ozone.protocolPB.OzoneManagerProtocolServerSideTranslatorPB.submitRequest(OzoneManagerProtocolServerSideTranslatorPB.java:148) [ozone-manager-1.4.0-SNAPSHOT.jar:?]
	at org.apache.hadoop.ozone.protocol.proto.OzoneManagerProtocolProtos$OzoneManagerService$2.callBlockingMethod(OzoneManagerProtocolProtos.java) [ozone-interface-client-1.4.0-SNAPSHOT.jar:?]
	at org.apache.hadoop.ipc.ProtobufRpcEngine$Server.processCall(ProtobufRpcEngine.java:484) [hadoop-common-3.3.6.jar:?]
	at org.apache.hadoop.ipc.ProtobufRpcEngine2$Server$ProtoBufRpcInvoker.call(ProtobufRpcEngine2.java:595) [hadoop-common-3.3.6.jar:?]
	at org.apache.hadoop.ipc.ProtobufRpcEngine2$Server$ProtoBufRpcInvoker.call(ProtobufRpcEngine2.java:573) [hadoop-common-3.3.6.jar:?]
	at org.apache.hadoop.ipc.RPC$Server.call(RPC.java:1227) [hadoop-common-3.3.6.jar:?]
	at org.apache.hadoop.ipc.Server$RpcCall.run(Server.java:1094) [hadoop-common-3.3.6.jar:?]
	at org.apache.hadoop.ipc.Server$RpcCall.run(Server.java:1017) [hadoop-common-3.3.6.jar:?]
	at java.security.AccessController.doPrivileged(Native Method) ~[?:1.8.0_382]
	at javax.security.auth.Subject.doAs(Subject.java:422) [?:1.8.0_382]
	at org.apache.hadoop.security.UserGroupInformation.doAs(UserGroupInformation.java:1899) [hadoop-common-3.3.6.jar:?]
	at org.apache.hadoop.ipc.Server$Handler.run(Server.java:3048) [hadoop-common-3.3.6.jar:?]
12:57:39.857 [IPC Server handler 18 on default port 15057] ERROR OMAudit - user=runner | ip=127.0.0.1 | op=GET_FILE_STATUS {volume=volume37469, bucket=bucket23551, key=testBatchDelete/parent, dataSize=0, replicationConfig=null} | ret=FAILURE
org.apache.hadoop.ozone.om.exceptions.OMException: Unable to get file status: volume: volume37469 bucket: bucket23551 key: testBatchDelete/parent
	at org.apache.hadoop.ozone.om.KeyManagerImpl.getOzoneFileStatus(KeyManagerImpl.java:1198) ~[ozone-manager-1.4.0-SNAPSHOT.jar:?]
	at org.apache.hadoop.ozone.om.KeyManagerImpl.getFileStatus(KeyManagerImpl.java:1116) ~[ozone-manager-1.4.0-SNAPSHOT.jar:?]
	at org.apache.hadoop.ozone.om.OmMetadataReader.getFileStatus(OmMetadataReader.java:266) ~[ozone-manager-1.4.0-SNAPSHOT.jar:?]
	at org.apache.hadoop.ozone.om.OzoneManager.getFileStatus(OzoneManager.java:3552) ~[ozone-manager-1.4.0-SNAPSHOT.jar:?]
	at org.apache.hadoop.ozone.protocolPB.OzoneManagerRequestHandler.getOzoneFileStatus(OzoneManagerRequestHandler.java:998) ~[ozone-manager-1.4.0-SNAPSHOT.jar:?]
	at org.apache.hadoop.ozone.protocolPB.OzoneManagerRequestHandler.handleReadRequest(OzoneManagerRequestHandler.java:259) ~[ozone-manager-1.4.0-SNAPSHOT.jar:?]
	at org.apache.hadoop.ozone.protocolPB.OzoneManagerProtocolServerSideTranslatorPB.submitRequestDirectlyToOM(OzoneManagerProtocolServerSideTranslatorPB.java:274) ~[ozone-manager-1.4.0-SNAPSHOT.jar:?]
	at org.apache.hadoop.ozone.protocolPB.OzoneManagerProtocolServerSideTranslatorPB.processRequest(OzoneManagerProtocolServerSideTranslatorPB.java:175) ~[ozone-manager-1.4.0-SNAPSHOT.jar:?]
	at org.apache.hadoop.hdds.server.OzoneProtocolMessageDispatcher.processRequest(OzoneProtocolMessageDispatcher.java:87) [hdds-server-framework-1.4.0-SNAPSHOT.jar:?]
	at org.apache.hadoop.ozone.protocolPB.OzoneManagerProtocolServerSideTranslatorPB.submitRequest(OzoneManagerProtocolServerSideTranslatorPB.java:148) [ozone-manager-1.4.0-SNAPSHOT.jar:?]
	at org.apache.hadoop.ozone.protocol.proto.OzoneManagerProtocolProtos$OzoneManagerService$2.callBlockingMethod(OzoneManagerProtocolProtos.java) [ozone-interface-client-1.4.0-SNAPSHOT.jar:?]
	at org.apache.hadoop.ipc.ProtobufRpcEngine$Server.processCall(ProtobufRpcEngine.java:484) [hadoop-common-3.3.6.jar:?]
	at org.apache.hadoop.ipc.ProtobufRpcEngine2$Server$ProtoBufRpcInvoker.call(ProtobufRpcEngine2.java:595) [hadoop-common-3.3.6.jar:?]
	at org.apache.hadoop.ipc.ProtobufRpcEngine2$Server$ProtoBufRpcInvoker.call(ProtobufRpcEngine2.java:573) [hadoop-common-3.3.6.jar:?]
	at org.apache.hadoop.ipc.RPC$Server.call(RPC.java:1227) [hadoop-common-3.3.6.jar:?]
	at org.apache.hadoop.ipc.Server$RpcCall.run(Server.java:1094) [hadoop-common-3.3.6.jar:?]
	at org.apache.hadoop.ipc.Server$RpcCall.run(Server.java:1017) [hadoop-common-3.3.6.jar:?]
	at java.security.AccessController.doPrivileged(Native Method) ~[?:1.8.0_382]
	at javax.security.auth.Subject.doAs(Subject.java:422) [?:1.8.0_382]
	at org.apache.hadoop.security.UserGroupInformation.doAs(UserGroupInformation.java:1899) [hadoop-common-3.3.6.jar:?]
	at org.apache.hadoop.ipc.Server$Handler.run(Server.java:3048) [hadoop-common-3.3.6.jar:?]
2023-09-28 12:57:39,857 [Time-limited test] WARN  ozone.BasicOzoneFileSystem (BasicOzoneFileSystem.java:delete(607)) - delete: Path does not exist: /testBatchDelete/parent
]]></system-out>
  </testcase>
  <testcase name="testFileDelete" classname="TestOzoneFileSystem" time="0.124">
    <system-out><![CDATA[12:58:54.911 [IPC Server handler 13 on default port 15110] ERROR OMAudit - user=runner | ip=127.0.0.1 | op=GET_FILE_STATUS {volume=volume13657, bucket=bucket40110, key=testBatchDelete, dataSize=0, replicationConfig=null} | ret=FAILURE
org.apache.hadoop.ozone.om.exceptions.OMException: Unable to get file status: volume: volume13657 bucket: bucket40110 key: testBatchDelete
	at org.apache.hadoop.ozone.om.KeyManagerImpl.getOzoneFileStatus(KeyManagerImpl.java:1198) ~[ozone-manager-1.4.0-SNAPSHOT.jar:?]
	at org.apache.hadoop.ozone.om.KeyManagerImpl.getFileStatus(KeyManagerImpl.java:1116) ~[ozone-manager-1.4.0-SNAPSHOT.jar:?]
	at org.apache.hadoop.ozone.om.OmMetadataReader.getFileStatus(OmMetadataReader.java:266) ~[ozone-manager-1.4.0-SNAPSHOT.jar:?]
	at org.apache.hadoop.ozone.om.OzoneManager.getFileStatus(OzoneManager.java:3552) ~[ozone-manager-1.4.0-SNAPSHOT.jar:?]
	at org.apache.hadoop.ozone.protocolPB.OzoneManagerRequestHandler.getOzoneFileStatus(OzoneManagerRequestHandler.java:998) ~[ozone-manager-1.4.0-SNAPSHOT.jar:?]
	at org.apache.hadoop.ozone.protocolPB.OzoneManagerRequestHandler.handleReadRequest(OzoneManagerRequestHandler.java:259) ~[ozone-manager-1.4.0-SNAPSHOT.jar:?]
	at org.apache.hadoop.ozone.protocolPB.OzoneManagerProtocolServerSideTranslatorPB.submitReadRequestToOM(OzoneManagerProtocolServerSideTranslatorPB.java:225) ~[ozone-manager-1.4.0-SNAPSHOT.jar:?]
	at org.apache.hadoop.ozone.protocolPB.OzoneManagerProtocolServerSideTranslatorPB.processRequest(OzoneManagerProtocolServerSideTranslatorPB.java:179) ~[ozone-manager-1.4.0-SNAPSHOT.jar:?]
	at org.apache.hadoop.hdds.server.OzoneProtocolMessageDispatcher.processRequest(OzoneProtocolMessageDispatcher.java:87) [hdds-server-framework-1.4.0-SNAPSHOT.jar:?]
	at org.apache.hadoop.ozone.protocolPB.OzoneManagerProtocolServerSideTranslatorPB.submitRequest(OzoneManagerProtocolServerSideTranslatorPB.java:148) [ozone-manager-1.4.0-SNAPSHOT.jar:?]
	at org.apache.hadoop.ozone.protocol.proto.OzoneManagerProtocolProtos$OzoneManagerService$2.callBlockingMethod(OzoneManagerProtocolProtos.java) [ozone-interface-client-1.4.0-SNAPSHOT.jar:?]
	at org.apache.hadoop.ipc.ProtobufRpcEngine$Server.processCall(ProtobufRpcEngine.java:484) [hadoop-common-3.3.6.jar:?]
	at org.apache.hadoop.ipc.ProtobufRpcEngine2$Server$ProtoBufRpcInvoker.call(ProtobufRpcEngine2.java:595) [hadoop-common-3.3.6.jar:?]
	at org.apache.hadoop.ipc.ProtobufRpcEngine2$Server$ProtoBufRpcInvoker.call(ProtobufRpcEngine2.java:573) [hadoop-common-3.3.6.jar:?]
	at org.apache.hadoop.ipc.RPC$Server.call(RPC.java:1227) [hadoop-common-3.3.6.jar:?]
	at org.apache.hadoop.ipc.Server$RpcCall.run(Server.java:1094) [hadoop-common-3.3.6.jar:?]
	at org.apache.hadoop.ipc.Server$RpcCall.run(Server.java:1017) [hadoop-common-3.3.6.jar:?]
	at java.security.AccessController.doPrivileged(Native Method) ~[?:1.8.0_382]
	at javax.security.auth.Subject.doAs(Subject.java:422) [?:1.8.0_382]
	at org.apache.hadoop.security.UserGroupInformation.doAs(UserGroupInformation.java:1899) [hadoop-common-3.3.6.jar:?]
	at org.apache.hadoop.ipc.Server$Handler.run(Server.java:3048) [hadoop-common-3.3.6.jar:?]
12:58:54.912 [IPC Server handler 14 on default port 15110] ERROR OMAudit - user=runner | ip=127.0.0.1 | op=GET_FILE_STATUS {volume=volume13657, bucket=bucket40110, key=testBatchDelete/parent/child0, dataSize=0, replicationConfig=null} | ret=FAILURE
org.apache.hadoop.ozone.om.exceptions.OMException: Unable to get file status: volume: volume13657 bucket: bucket40110 key: testBatchDelete/parent/child0
	at org.apache.hadoop.ozone.om.KeyManagerImpl.getOzoneFileStatus(KeyManagerImpl.java:1198) ~[ozone-manager-1.4.0-SNAPSHOT.jar:?]
	at org.apache.hadoop.ozone.om.KeyManagerImpl.getFileStatus(KeyManagerImpl.java:1116) ~[ozone-manager-1.4.0-SNAPSHOT.jar:?]
	at org.apache.hadoop.ozone.om.OmMetadataReader.getFileStatus(OmMetadataReader.java:266) ~[ozone-manager-1.4.0-SNAPSHOT.jar:?]
	at org.apache.hadoop.ozone.om.OzoneManager.getFileStatus(OzoneManager.java:3552) ~[ozone-manager-1.4.0-SNAPSHOT.jar:?]
	at org.apache.hadoop.ozone.protocolPB.OzoneManagerRequestHandler.getOzoneFileStatus(OzoneManagerRequestHandler.java:998) ~[ozone-manager-1.4.0-SNAPSHOT.jar:?]
	at org.apache.hadoop.ozone.protocolPB.OzoneManagerRequestHandler.handleReadRequest(OzoneManagerRequestHandler.java:259) ~[ozone-manager-1.4.0-SNAPSHOT.jar:?]
	at org.apache.hadoop.ozone.protocolPB.OzoneManagerProtocolServerSideTranslatorPB.submitReadRequestToOM(OzoneManagerProtocolServerSideTranslatorPB.java:225) ~[ozone-manager-1.4.0-SNAPSHOT.jar:?]
	at org.apache.hadoop.ozone.protocolPB.OzoneManagerProtocolServerSideTranslatorPB.processRequest(OzoneManagerProtocolServerSideTranslatorPB.java:179) ~[ozone-manager-1.4.0-SNAPSHOT.jar:?]
	at org.apache.hadoop.hdds.server.OzoneProtocolMessageDispatcher.processRequest(OzoneProtocolMessageDispatcher.java:87) [hdds-server-framework-1.4.0-SNAPSHOT.jar:?]
	at org.apache.hadoop.ozone.protocolPB.OzoneManagerProtocolServerSideTranslatorPB.submitRequest(OzoneManagerProtocolServerSideTranslatorPB.java:148) [ozone-manager-1.4.0-SNAPSHOT.jar:?]
	at org.apache.hadoop.ozone.protocol.proto.OzoneManagerProtocolProtos$OzoneManagerService$2.callBlockingMethod(OzoneManagerProtocolProtos.java) [ozone-interface-client-1.4.0-SNAPSHOT.jar:?]
	at org.apache.hadoop.ipc.ProtobufRpcEngine$Server.processCall(ProtobufRpcEngine.java:484) [hadoop-common-3.3.6.jar:?]
	at org.apache.hadoop.ipc.ProtobufRpcEngine2$Server$ProtoBufRpcInvoker.call(ProtobufRpcEngine2.java:595) [hadoop-common-3.3.6.jar:?]
	at org.apache.hadoop.ipc.ProtobufRpcEngine2$Server$ProtoBufRpcInvoker.call(ProtobufRpcEngine2.java:573) [hadoop-common-3.3.6.jar:?]
	at org.apache.hadoop.ipc.RPC$Server.call(RPC.java:1227) [hadoop-common-3.3.6.jar:?]
	at org.apache.hadoop.ipc.Server$RpcCall.run(Server.java:1094) [hadoop-common-3.3.6.jar:?]
	at org.apache.hadoop.ipc.Server$RpcCall.run(Server.java:1017) [hadoop-common-3.3.6.jar:?]
	at java.security.AccessController.doPrivileged(Native Method) ~[?:1.8.0_382]
	at javax.security.auth.Subject.doAs(Subject.java:422) [?:1.8.0_382]
	at org.apache.hadoop.security.UserGroupInformation.doAs(UserGroupInformation.java:1899) [hadoop-common-3.3.6.jar:?]
	at org.apache.hadoop.ipc.Server$Handler.run(Server.java:3048) [hadoop-common-3.3.6.jar:?]
12:58:54.913 [IPC Server handler 15 on default port 15110] ERROR OMAudit - user=runner | ip=127.0.0.1 | op=GET_FILE_STATUS {volume=volume13657, bucket=bucket40110, key=testBatchDelete/parent/childFolder/child0, dataSize=0, replicationConfig=null} | ret=FAILURE
org.apache.hadoop.ozone.om.exceptions.OMException: Unable to get file status: volume: volume13657 bucket: bucket40110 key: testBatchDelete/parent/childFolder/child0
	at org.apache.hadoop.ozone.om.KeyManagerImpl.getOzoneFileStatus(KeyManagerImpl.java:1198) ~[ozone-manager-1.4.0-SNAPSHOT.jar:?]
	at org.apache.hadoop.ozone.om.KeyManagerImpl.getFileStatus(KeyManagerImpl.java:1116) ~[ozone-manager-1.4.0-SNAPSHOT.jar:?]
	at org.apache.hadoop.ozone.om.OmMetadataReader.getFileStatus(OmMetadataReader.java:266) ~[ozone-manager-1.4.0-SNAPSHOT.jar:?]
	at org.apache.hadoop.ozone.om.OzoneManager.getFileStatus(OzoneManager.java:3552) ~[ozone-manager-1.4.0-SNAPSHOT.jar:?]
	at org.apache.hadoop.ozone.protocolPB.OzoneManagerRequestHandler.getOzoneFileStatus(OzoneManagerRequestHandler.java:998) ~[ozone-manager-1.4.0-SNAPSHOT.jar:?]
	at org.apache.hadoop.ozone.protocolPB.OzoneManagerRequestHandler.handleReadRequest(OzoneManagerRequestHandler.java:259) ~[ozone-manager-1.4.0-SNAPSHOT.jar:?]
	at org.apache.hadoop.ozone.protocolPB.OzoneManagerProtocolServerSideTranslatorPB.submitReadRequestToOM(OzoneManagerProtocolServerSideTranslatorPB.java:225) ~[ozone-manager-1.4.0-SNAPSHOT.jar:?]
	at org.apache.hadoop.ozone.protocolPB.OzoneManagerProtocolServerSideTranslatorPB.processRequest(OzoneManagerProtocolServerSideTranslatorPB.java:179) ~[ozone-manager-1.4.0-SNAPSHOT.jar:?]
	at org.apache.hadoop.hdds.server.OzoneProtocolMessageDispatcher.processRequest(OzoneProtocolMessageDispatcher.java:87) [hdds-server-framework-1.4.0-SNAPSHOT.jar:?]
	at org.apache.hadoop.ozone.protocolPB.OzoneManagerProtocolServerSideTranslatorPB.submitRequest(OzoneManagerProtocolServerSideTranslatorPB.java:148) [ozone-manager-1.4.0-SNAPSHOT.jar:?]
	at org.apache.hadoop.ozone.protocol.proto.OzoneManagerProtocolProtos$OzoneManagerService$2.callBlockingMethod(OzoneManagerProtocolProtos.java) [ozone-interface-client-1.4.0-SNAPSHOT.jar:?]
	at org.apache.hadoop.ipc.ProtobufRpcEngine$Server.processCall(ProtobufRpcEngine.java:484) [hadoop-common-3.3.6.jar:?]
	at org.apache.hadoop.ipc.ProtobufRpcEngine2$Server$ProtoBufRpcInvoker.call(ProtobufRpcEngine2.java:595) [hadoop-common-3.3.6.jar:?]
	at org.apache.hadoop.ipc.ProtobufRpcEngine2$Server$ProtoBufRpcInvoker.call(ProtobufRpcEngine2.java:573) [hadoop-common-3.3.6.jar:?]
	at org.apache.hadoop.ipc.RPC$Server.call(RPC.java:1227) [hadoop-common-3.3.6.jar:?]
	at org.apache.hadoop.ipc.Server$RpcCall.run(Server.java:1094) [hadoop-common-3.3.6.jar:?]
	at org.apache.hadoop.ipc.Server$RpcCall.run(Server.java:1017) [hadoop-common-3.3.6.jar:?]
	at java.security.AccessController.doPrivileged(Native Method) ~[?:1.8.0_382]
	at javax.security.auth.Subject.doAs(Subject.java:422) [?:1.8.0_382]
	at org.apache.hadoop.security.UserGroupInformation.doAs(UserGroupInformation.java:1899) [hadoop-common-3.3.6.jar:?]
	at org.apache.hadoop.ipc.Server$Handler.run(Server.java:3048) [hadoop-common-3.3.6.jar:?]
12:58:54.914 [IPC Server handler 16 on default port 15110] ERROR OMAudit - user=runner | ip=127.0.0.1 | op=GET_FILE_STATUS {volume=volume13657, bucket=bucket40110, key=testBatchDelete/parent/child1, dataSize=0, replicationConfig=null} | ret=FAILURE
org.apache.hadoop.ozone.om.exceptions.OMException: Unable to get file status: volume: volume13657 bucket: bucket40110 key: testBatchDelete/parent/child1
	at org.apache.hadoop.ozone.om.KeyManagerImpl.getOzoneFileStatus(KeyManagerImpl.java:1198) ~[ozone-manager-1.4.0-SNAPSHOT.jar:?]
	at org.apache.hadoop.ozone.om.KeyManagerImpl.getFileStatus(KeyManagerImpl.java:1116) ~[ozone-manager-1.4.0-SNAPSHOT.jar:?]
	at org.apache.hadoop.ozone.om.OmMetadataReader.getFileStatus(OmMetadataReader.java:266) ~[ozone-manager-1.4.0-SNAPSHOT.jar:?]
	at org.apache.hadoop.ozone.om.OzoneManager.getFileStatus(OzoneManager.java:3552) ~[ozone-manager-1.4.0-SNAPSHOT.jar:?]
	at org.apache.hadoop.ozone.protocolPB.OzoneManagerRequestHandler.getOzoneFileStatus(OzoneManagerRequestHandler.java:998) ~[ozone-manager-1.4.0-SNAPSHOT.jar:?]
	at org.apache.hadoop.ozone.protocolPB.OzoneManagerRequestHandler.handleReadRequest(OzoneManagerRequestHandler.java:259) ~[ozone-manager-1.4.0-SNAPSHOT.jar:?]
	at org.apache.hadoop.ozone.protocolPB.OzoneManagerProtocolServerSideTranslatorPB.submitReadRequestToOM(OzoneManagerProtocolServerSideTranslatorPB.java:225) ~[ozone-manager-1.4.0-SNAPSHOT.jar:?]
	at org.apache.hadoop.ozone.protocolPB.OzoneManagerProtocolServerSideTranslatorPB.processRequest(OzoneManagerProtocolServerSideTranslatorPB.java:179) ~[ozone-manager-1.4.0-SNAPSHOT.jar:?]
	at org.apache.hadoop.hdds.server.OzoneProtocolMessageDispatcher.processRequest(OzoneProtocolMessageDispatcher.java:87) [hdds-server-framework-1.4.0-SNAPSHOT.jar:?]
	at org.apache.hadoop.ozone.protocolPB.OzoneManagerProtocolServerSideTranslatorPB.submitRequest(OzoneManagerProtocolServerSideTranslatorPB.java:148) [ozone-manager-1.4.0-SNAPSHOT.jar:?]
	at org.apache.hadoop.ozone.protocol.proto.OzoneManagerProtocolProtos$OzoneManagerService$2.callBlockingMethod(OzoneManagerProtocolProtos.java) [ozone-interface-client-1.4.0-SNAPSHOT.jar:?]
	at org.apache.hadoop.ipc.ProtobufRpcEngine$Server.processCall(ProtobufRpcEngine.java:484) [hadoop-common-3.3.6.jar:?]
	at org.apache.hadoop.ipc.ProtobufRpcEngine2$Server$ProtoBufRpcInvoker.call(ProtobufRpcEngine2.java:595) [hadoop-common-3.3.6.jar:?]
	at org.apache.hadoop.ipc.ProtobufRpcEngine2$Server$ProtoBufRpcInvoker.call(ProtobufRpcEngine2.java:573) [hadoop-common-3.3.6.jar:?]
	at org.apache.hadoop.ipc.RPC$Server.call(RPC.java:1227) [hadoop-common-3.3.6.jar:?]
	at org.apache.hadoop.ipc.Server$RpcCall.run(Server.java:1094) [hadoop-common-3.3.6.jar:?]
	at org.apache.hadoop.ipc.Server$RpcCall.run(Server.java:1017) [hadoop-common-3.3.6.jar:?]
	at java.security.AccessController.doPrivileged(Native Method) ~[?:1.8.0_382]
	at javax.security.auth.Subject.doAs(Subject.java:422) [?:1.8.0_382]
	at org.apache.hadoop.security.UserGroupInformation.doAs(UserGroupInformation.java:1899) [hadoop-common-3.3.6.jar:?]
	at org.apache.hadoop.ipc.Server$Handler.run(Server.java:3048) [hadoop-common-3.3.6.jar:?]
12:58:54.915 [IPC Server handler 19 on default port 15110] ERROR OMAudit - user=runner | ip=127.0.0.1 | op=GET_FILE_STATUS {volume=volume13657, bucket=bucket40110, key=testBatchDelete/parent/childFolder/child1, dataSize=0, replicationConfig=null} | ret=FAILURE
org.apache.hadoop.ozone.om.exceptions.OMException: Unable to get file status: volume: volume13657 bucket: bucket40110 key: testBatchDelete/parent/childFolder/child1
	at org.apache.hadoop.ozone.om.KeyManagerImpl.getOzoneFileStatus(KeyManagerImpl.java:1198) ~[ozone-manager-1.4.0-SNAPSHOT.jar:?]
	at org.apache.hadoop.ozone.om.KeyManagerImpl.getFileStatus(KeyManagerImpl.java:1116) ~[ozone-manager-1.4.0-SNAPSHOT.jar:?]
	at org.apache.hadoop.ozone.om.OmMetadataReader.getFileStatus(OmMetadataReader.java:266) ~[ozone-manager-1.4.0-SNAPSHOT.jar:?]
	at org.apache.hadoop.ozone.om.OzoneManager.getFileStatus(OzoneManager.java:3552) ~[ozone-manager-1.4.0-SNAPSHOT.jar:?]
	at org.apache.hadoop.ozone.protocolPB.OzoneManagerRequestHandler.getOzoneFileStatus(OzoneManagerRequestHandler.java:998) ~[ozone-manager-1.4.0-SNAPSHOT.jar:?]
	at org.apache.hadoop.ozone.protocolPB.OzoneManagerRequestHandler.handleReadRequest(OzoneManagerRequestHandler.java:259) ~[ozone-manager-1.4.0-SNAPSHOT.jar:?]
	at org.apache.hadoop.ozone.protocolPB.OzoneManagerProtocolServerSideTranslatorPB.submitReadRequestToOM(OzoneManagerProtocolServerSideTranslatorPB.java:225) ~[ozone-manager-1.4.0-SNAPSHOT.jar:?]
	at org.apache.hadoop.ozone.protocolPB.OzoneManagerProtocolServerSideTranslatorPB.processRequest(OzoneManagerProtocolServerSideTranslatorPB.java:179) ~[ozone-manager-1.4.0-SNAPSHOT.jar:?]
	at org.apache.hadoop.hdds.server.OzoneProtocolMessageDispatcher.processRequest(OzoneProtocolMessageDispatcher.java:87) [hdds-server-framework-1.4.0-SNAPSHOT.jar:?]
	at org.apache.hadoop.ozone.protocolPB.OzoneManagerProtocolServerSideTranslatorPB.submitRequest(OzoneManagerProtocolServerSideTranslatorPB.java:148) [ozone-manager-1.4.0-SNAPSHOT.jar:?]
	at org.apache.hadoop.ozone.protocol.proto.OzoneManagerProtocolProtos$OzoneManagerService$2.callBlockingMethod(OzoneManagerProtocolProtos.java) [ozone-interface-client-1.4.0-SNAPSHOT.jar:?]
	at org.apache.hadoop.ipc.ProtobufRpcEngine$Server.processCall(ProtobufRpcEngine.java:484) [hadoop-common-3.3.6.jar:?]
	at org.apache.hadoop.ipc.ProtobufRpcEngine2$Server$ProtoBufRpcInvoker.call(ProtobufRpcEngine2.java:595) [hadoop-common-3.3.6.jar:?]
	at org.apache.hadoop.ipc.ProtobufRpcEngine2$Server$ProtoBufRpcInvoker.call(ProtobufRpcEngine2.java:573) [hadoop-common-3.3.6.jar:?]
	at org.apache.hadoop.ipc.RPC$Server.call(RPC.java:1227) [hadoop-common-3.3.6.jar:?]
	at org.apache.hadoop.ipc.Server$RpcCall.run(Server.java:1094) [hadoop-common-3.3.6.jar:?]
	at org.apache.hadoop.ipc.Server$RpcCall.run(Server.java:1017) [hadoop-common-3.3.6.jar:?]
	at java.security.AccessController.doPrivileged(Native Method) ~[?:1.8.0_382]
	at javax.security.auth.Subject.doAs(Subject.java:422) [?:1.8.0_382]
	at org.apache.hadoop.security.UserGroupInformation.doAs(UserGroupInformation.java:1899) [hadoop-common-3.3.6.jar:?]
	at org.apache.hadoop.ipc.Server$Handler.run(Server.java:3048) [hadoop-common-3.3.6.jar:?]
12:58:54.916 [IPC Server handler 18 on default port 15110] ERROR OMAudit - user=runner | ip=127.0.0.1 | op=GET_FILE_STATUS {volume=volume13657, bucket=bucket40110, key=testBatchDelete/parent/child2, dataSize=0, replicationConfig=null} | ret=FAILURE
org.apache.hadoop.ozone.om.exceptions.OMException: Unable to get file status: volume: volume13657 bucket: bucket40110 key: testBatchDelete/parent/child2
	at org.apache.hadoop.ozone.om.KeyManagerImpl.getOzoneFileStatus(KeyManagerImpl.java:1198) ~[ozone-manager-1.4.0-SNAPSHOT.jar:?]
	at org.apache.hadoop.ozone.om.KeyManagerImpl.getFileStatus(KeyManagerImpl.java:1116) ~[ozone-manager-1.4.0-SNAPSHOT.jar:?]
	at org.apache.hadoop.ozone.om.OmMetadataReader.getFileStatus(OmMetadataReader.java:266) ~[ozone-manager-1.4.0-SNAPSHOT.jar:?]
	at org.apache.hadoop.ozone.om.OzoneManager.getFileStatus(OzoneManager.java:3552) ~[ozone-manager-1.4.0-SNAPSHOT.jar:?]
	at org.apache.hadoop.ozone.protocolPB.OzoneManagerRequestHandler.getOzoneFileStatus(OzoneManagerRequestHandler.java:998) ~[ozone-manager-1.4.0-SNAPSHOT.jar:?]
	at org.apache.hadoop.ozone.protocolPB.OzoneManagerRequestHandler.handleReadRequest(OzoneManagerRequestHandler.java:259) ~[ozone-manager-1.4.0-SNAPSHOT.jar:?]
	at org.apache.hadoop.ozone.protocolPB.OzoneManagerProtocolServerSideTranslatorPB.submitReadRequestToOM(OzoneManagerProtocolServerSideTranslatorPB.java:225) ~[ozone-manager-1.4.0-SNAPSHOT.jar:?]
	at org.apache.hadoop.ozone.protocolPB.OzoneManagerProtocolServerSideTranslatorPB.processRequest(OzoneManagerProtocolServerSideTranslatorPB.java:179) ~[ozone-manager-1.4.0-SNAPSHOT.jar:?]
	at org.apache.hadoop.hdds.server.OzoneProtocolMessageDispatcher.processRequest(OzoneProtocolMessageDispatcher.java:87) [hdds-server-framework-1.4.0-SNAPSHOT.jar:?]
	at org.apache.hadoop.ozone.protocolPB.OzoneManagerProtocolServerSideTranslatorPB.submitRequest(OzoneManagerProtocolServerSideTranslatorPB.java:148) [ozone-manager-1.4.0-SNAPSHOT.jar:?]
	at org.apache.hadoop.ozone.protocol.proto.OzoneManagerProtocolProtos$OzoneManagerService$2.callBlockingMethod(OzoneManagerProtocolProtos.java) [ozone-interface-client-1.4.0-SNAPSHOT.jar:?]
	at org.apache.hadoop.ipc.ProtobufRpcEngine$Server.processCall(ProtobufRpcEngine.java:484) [hadoop-common-3.3.6.jar:?]
	at org.apache.hadoop.ipc.ProtobufRpcEngine2$Server$ProtoBufRpcInvoker.call(ProtobufRpcEngine2.java:595) [hadoop-common-3.3.6.jar:?]
	at org.apache.hadoop.ipc.ProtobufRpcEngine2$Server$ProtoBufRpcInvoker.call(ProtobufRpcEngine2.java:573) [hadoop-common-3.3.6.jar:?]
	at org.apache.hadoop.ipc.RPC$Server.call(RPC.java:1227) [hadoop-common-3.3.6.jar:?]
	at org.apache.hadoop.ipc.Server$RpcCall.run(Server.java:1094) [hadoop-common-3.3.6.jar:?]
	at org.apache.hadoop.ipc.Server$RpcCall.run(Server.java:1017) [hadoop-common-3.3.6.jar:?]
	at java.security.AccessController.doPrivileged(Native Method) ~[?:1.8.0_382]
	at javax.security.auth.Subject.doAs(Subject.java:422) [?:1.8.0_382]
	at org.apache.hadoop.security.UserGroupInformation.doAs(UserGroupInformation.java:1899) [hadoop-common-3.3.6.jar:?]
	at org.apache.hadoop.ipc.Server$Handler.run(Server.java:3048) [hadoop-common-3.3.6.jar:?]
12:58:54.917 [IPC Server handler 17 on default port 15110] ERROR OMAudit - user=runner | ip=127.0.0.1 | op=GET_FILE_STATUS {volume=volume13657, bucket=bucket40110, key=testBatchDelete/parent/childFolder/child2, dataSize=0, replicationConfig=null} | ret=FAILURE
org.apache.hadoop.ozone.om.exceptions.OMException: Unable to get file status: volume: volume13657 bucket: bucket40110 key: testBatchDelete/parent/childFolder/child2
	at org.apache.hadoop.ozone.om.KeyManagerImpl.getOzoneFileStatus(KeyManagerImpl.java:1198) ~[ozone-manager-1.4.0-SNAPSHOT.jar:?]
	at org.apache.hadoop.ozone.om.KeyManagerImpl.getFileStatus(KeyManagerImpl.java:1116) ~[ozone-manager-1.4.0-SNAPSHOT.jar:?]
	at org.apache.hadoop.ozone.om.OmMetadataReader.getFileStatus(OmMetadataReader.java:266) ~[ozone-manager-1.4.0-SNAPSHOT.jar:?]
	at org.apache.hadoop.ozone.om.OzoneManager.getFileStatus(OzoneManager.java:3552) ~[ozone-manager-1.4.0-SNAPSHOT.jar:?]
	at org.apache.hadoop.ozone.protocolPB.OzoneManagerRequestHandler.getOzoneFileStatus(OzoneManagerRequestHandler.java:998) ~[ozone-manager-1.4.0-SNAPSHOT.jar:?]
	at org.apache.hadoop.ozone.protocolPB.OzoneManagerRequestHandler.handleReadRequest(OzoneManagerRequestHandler.java:259) ~[ozone-manager-1.4.0-SNAPSHOT.jar:?]
	at org.apache.hadoop.ozone.protocolPB.OzoneManagerProtocolServerSideTranslatorPB.submitReadRequestToOM(OzoneManagerProtocolServerSideTranslatorPB.java:225) ~[ozone-manager-1.4.0-SNAPSHOT.jar:?]
	at org.apache.hadoop.ozone.protocolPB.OzoneManagerProtocolServerSideTranslatorPB.processRequest(OzoneManagerProtocolServerSideTranslatorPB.java:179) ~[ozone-manager-1.4.0-SNAPSHOT.jar:?]
	at org.apache.hadoop.hdds.server.OzoneProtocolMessageDispatcher.processRequest(OzoneProtocolMessageDispatcher.java:87) [hdds-server-framework-1.4.0-SNAPSHOT.jar:?]
	at org.apache.hadoop.ozone.protocolPB.OzoneManagerProtocolServerSideTranslatorPB.submitRequest(OzoneManagerProtocolServerSideTranslatorPB.java:148) [ozone-manager-1.4.0-SNAPSHOT.jar:?]
	at org.apache.hadoop.ozone.protocol.proto.OzoneManagerProtocolProtos$OzoneManagerService$2.callBlockingMethod(OzoneManagerProtocolProtos.java) [ozone-interface-client-1.4.0-SNAPSHOT.jar:?]
	at org.apache.hadoop.ipc.ProtobufRpcEngine$Server.processCall(ProtobufRpcEngine.java:484) [hadoop-common-3.3.6.jar:?]
	at org.apache.hadoop.ipc.ProtobufRpcEngine2$Server$ProtoBufRpcInvoker.call(ProtobufRpcEngine2.java:595) [hadoop-common-3.3.6.jar:?]
	at org.apache.hadoop.ipc.ProtobufRpcEngine2$Server$ProtoBufRpcInvoker.call(ProtobufRpcEngine2.java:573) [hadoop-common-3.3.6.jar:?]
	at org.apache.hadoop.ipc.RPC$Server.call(RPC.java:1227) [hadoop-common-3.3.6.jar:?]
	at org.apache.hadoop.ipc.Server$RpcCall.run(Server.java:1094) [hadoop-common-3.3.6.jar:?]
	at org.apache.hadoop.ipc.Server$RpcCall.run(Server.java:1017) [hadoop-common-3.3.6.jar:?]
	at java.security.AccessController.doPrivileged(Native Method) ~[?:1.8.0_382]
	at javax.security.auth.Subject.doAs(Subject.java:422) [?:1.8.0_382]
	at org.apache.hadoop.security.UserGroupInformation.doAs(UserGroupInformation.java:1899) [hadoop-common-3.3.6.jar:?]
	at org.apache.hadoop.ipc.Server$Handler.run(Server.java:3048) [hadoop-common-3.3.6.jar:?]
12:58:54.917 [IPC Server handler 0 on default port 15110] ERROR OMAudit - user=runner | ip=127.0.0.1 | op=GET_FILE_STATUS {volume=volume13657, bucket=bucket40110, key=testBatchDelete/parent/child3, dataSize=0, replicationConfig=null} | ret=FAILURE
org.apache.hadoop.ozone.om.exceptions.OMException: Unable to get file status: volume: volume13657 bucket: bucket40110 key: testBatchDelete/parent/child3
	at org.apache.hadoop.ozone.om.KeyManagerImpl.getOzoneFileStatus(KeyManagerImpl.java:1198) ~[ozone-manager-1.4.0-SNAPSHOT.jar:?]
	at org.apache.hadoop.ozone.om.KeyManagerImpl.getFileStatus(KeyManagerImpl.java:1116) ~[ozone-manager-1.4.0-SNAPSHOT.jar:?]
	at org.apache.hadoop.ozone.om.OmMetadataReader.getFileStatus(OmMetadataReader.java:266) ~[ozone-manager-1.4.0-SNAPSHOT.jar:?]
	at org.apache.hadoop.ozone.om.OzoneManager.getFileStatus(OzoneManager.java:3552) ~[ozone-manager-1.4.0-SNAPSHOT.jar:?]
	at org.apache.hadoop.ozone.protocolPB.OzoneManagerRequestHandler.getOzoneFileStatus(OzoneManagerRequestHandler.java:998) ~[ozone-manager-1.4.0-SNAPSHOT.jar:?]
	at org.apache.hadoop.ozone.protocolPB.OzoneManagerRequestHandler.handleReadRequest(OzoneManagerRequestHandler.java:259) ~[ozone-manager-1.4.0-SNAPSHOT.jar:?]
	at org.apache.hadoop.ozone.protocolPB.OzoneManagerProtocolServerSideTranslatorPB.submitReadRequestToOM(OzoneManagerProtocolServerSideTranslatorPB.java:225) ~[ozone-manager-1.4.0-SNAPSHOT.jar:?]
	at org.apache.hadoop.ozone.protocolPB.OzoneManagerProtocolServerSideTranslatorPB.processRequest(OzoneManagerProtocolServerSideTranslatorPB.java:179) ~[ozone-manager-1.4.0-SNAPSHOT.jar:?]
	at org.apache.hadoop.hdds.server.OzoneProtocolMessageDispatcher.processRequest(OzoneProtocolMessageDispatcher.java:87) [hdds-server-framework-1.4.0-SNAPSHOT.jar:?]
	at org.apache.hadoop.ozone.protocolPB.OzoneManagerProtocolServerSideTranslatorPB.submitRequest(OzoneManagerProtocolServerSideTranslatorPB.java:148) [ozone-manager-1.4.0-SNAPSHOT.jar:?]
	at org.apache.hadoop.ozone.protocol.proto.OzoneManagerProtocolProtos$OzoneManagerService$2.callBlockingMethod(OzoneManagerProtocolProtos.java) [ozone-interface-client-1.4.0-SNAPSHOT.jar:?]
	at org.apache.hadoop.ipc.ProtobufRpcEngine$Server.processCall(ProtobufRpcEngine.java:484) [hadoop-common-3.3.6.jar:?]
	at org.apache.hadoop.ipc.ProtobufRpcEngine2$Server$ProtoBufRpcInvoker.call(ProtobufRpcEngine2.java:595) [hadoop-common-3.3.6.jar:?]
	at org.apache.hadoop.ipc.ProtobufRpcEngine2$Server$ProtoBufRpcInvoker.call(ProtobufRpcEngine2.java:573) [hadoop-common-3.3.6.jar:?]
	at org.apache.hadoop.ipc.RPC$Server.call(RPC.java:1227) [hadoop-common-3.3.6.jar:?]
	at org.apache.hadoop.ipc.Server$RpcCall.run(Server.java:1094) [hadoop-common-3.3.6.jar:?]
	at org.apache.hadoop.ipc.Server$RpcCall.run(Server.java:1017) [hadoop-common-3.3.6.jar:?]
	at java.security.AccessController.doPrivileged(Native Method) ~[?:1.8.0_382]
	at javax.security.auth.Subject.doAs(Subject.java:422) [?:1.8.0_382]
	at org.apache.hadoop.security.UserGroupInformation.doAs(UserGroupInformation.java:1899) [hadoop-common-3.3.6.jar:?]
	at org.apache.hadoop.ipc.Server$Handler.run(Server.java:3048) [hadoop-common-3.3.6.jar:?]
12:58:54.918 [IPC Server handler 1 on default port 15110] ERROR OMAudit - user=runner | ip=127.0.0.1 | op=GET_FILE_STATUS {volume=volume13657, bucket=bucket40110, key=testBatchDelete/parent/childFolder/child3, dataSize=0, replicationConfig=null} | ret=FAILURE
org.apache.hadoop.ozone.om.exceptions.OMException: Unable to get file status: volume: volume13657 bucket: bucket40110 key: testBatchDelete/parent/childFolder/child3
	at org.apache.hadoop.ozone.om.KeyManagerImpl.getOzoneFileStatus(KeyManagerImpl.java:1198) ~[ozone-manager-1.4.0-SNAPSHOT.jar:?]
	at org.apache.hadoop.ozone.om.KeyManagerImpl.getFileStatus(KeyManagerImpl.java:1116) ~[ozone-manager-1.4.0-SNAPSHOT.jar:?]
	at org.apache.hadoop.ozone.om.OmMetadataReader.getFileStatus(OmMetadataReader.java:266) ~[ozone-manager-1.4.0-SNAPSHOT.jar:?]
	at org.apache.hadoop.ozone.om.OzoneManager.getFileStatus(OzoneManager.java:3552) ~[ozone-manager-1.4.0-SNAPSHOT.jar:?]
	at org.apache.hadoop.ozone.protocolPB.OzoneManagerRequestHandler.getOzoneFileStatus(OzoneManagerRequestHandler.java:998) ~[ozone-manager-1.4.0-SNAPSHOT.jar:?]
	at org.apache.hadoop.ozone.protocolPB.OzoneManagerRequestHandler.handleReadRequest(OzoneManagerRequestHandler.java:259) ~[ozone-manager-1.4.0-SNAPSHOT.jar:?]
	at org.apache.hadoop.ozone.protocolPB.OzoneManagerProtocolServerSideTranslatorPB.submitReadRequestToOM(OzoneManagerProtocolServerSideTranslatorPB.java:225) ~[ozone-manager-1.4.0-SNAPSHOT.jar:?]
	at org.apache.hadoop.ozone.protocolPB.OzoneManagerProtocolServerSideTranslatorPB.processRequest(OzoneManagerProtocolServerSideTranslatorPB.java:179) ~[ozone-manager-1.4.0-SNAPSHOT.jar:?]
	at org.apache.hadoop.hdds.server.OzoneProtocolMessageDispatcher.processRequest(OzoneProtocolMessageDispatcher.java:87) [hdds-server-framework-1.4.0-SNAPSHOT.jar:?]
	at org.apache.hadoop.ozone.protocolPB.OzoneManagerProtocolServerSideTranslatorPB.submitRequest(OzoneManagerProtocolServerSideTranslatorPB.java:148) [ozone-manager-1.4.0-SNAPSHOT.jar:?]
	at org.apache.hadoop.ozone.protocol.proto.OzoneManagerProtocolProtos$OzoneManagerService$2.callBlockingMethod(OzoneManagerProtocolProtos.java) [ozone-interface-client-1.4.0-SNAPSHOT.jar:?]
	at org.apache.hadoop.ipc.ProtobufRpcEngine$Server.processCall(ProtobufRpcEngine.java:484) [hadoop-common-3.3.6.jar:?]
	at org.apache.hadoop.ipc.ProtobufRpcEngine2$Server$ProtoBufRpcInvoker.call(ProtobufRpcEngine2.java:595) [hadoop-common-3.3.6.jar:?]
	at org.apache.hadoop.ipc.ProtobufRpcEngine2$Server$ProtoBufRpcInvoker.call(ProtobufRpcEngine2.java:573) [hadoop-common-3.3.6.jar:?]
	at org.apache.hadoop.ipc.RPC$Server.call(RPC.java:1227) [hadoop-common-3.3.6.jar:?]
	at org.apache.hadoop.ipc.Server$RpcCall.run(Server.java:1094) [hadoop-common-3.3.6.jar:?]
	at org.apache.hadoop.ipc.Server$RpcCall.run(Server.java:1017) [hadoop-common-3.3.6.jar:?]
	at java.security.AccessController.doPrivileged(Native Method) ~[?:1.8.0_382]
	at javax.security.auth.Subject.doAs(Subject.java:422) [?:1.8.0_382]
	at org.apache.hadoop.security.UserGroupInformation.doAs(UserGroupInformation.java:1899) [hadoop-common-3.3.6.jar:?]
	at org.apache.hadoop.ipc.Server$Handler.run(Server.java:3048) [hadoop-common-3.3.6.jar:?]
12:58:54.919 [IPC Server handler 2 on default port 15110] ERROR OMAudit - user=runner | ip=127.0.0.1 | op=GET_FILE_STATUS {volume=volume13657, bucket=bucket40110, key=testBatchDelete/parent/child4, dataSize=0, replicationConfig=null} | ret=FAILURE
org.apache.hadoop.ozone.om.exceptions.OMException: Unable to get file status: volume: volume13657 bucket: bucket40110 key: testBatchDelete/parent/child4
	at org.apache.hadoop.ozone.om.KeyManagerImpl.getOzoneFileStatus(KeyManagerImpl.java:1198) ~[ozone-manager-1.4.0-SNAPSHOT.jar:?]
	at org.apache.hadoop.ozone.om.KeyManagerImpl.getFileStatus(KeyManagerImpl.java:1116) ~[ozone-manager-1.4.0-SNAPSHOT.jar:?]
	at org.apache.hadoop.ozone.om.OmMetadataReader.getFileStatus(OmMetadataReader.java:266) ~[ozone-manager-1.4.0-SNAPSHOT.jar:?]
	at org.apache.hadoop.ozone.om.OzoneManager.getFileStatus(OzoneManager.java:3552) ~[ozone-manager-1.4.0-SNAPSHOT.jar:?]
	at org.apache.hadoop.ozone.protocolPB.OzoneManagerRequestHandler.getOzoneFileStatus(OzoneManagerRequestHandler.java:998) ~[ozone-manager-1.4.0-SNAPSHOT.jar:?]
	at org.apache.hadoop.ozone.protocolPB.OzoneManagerRequestHandler.handleReadRequest(OzoneManagerRequestHandler.java:259) ~[ozone-manager-1.4.0-SNAPSHOT.jar:?]
	at org.apache.hadoop.ozone.protocolPB.OzoneManagerProtocolServerSideTranslatorPB.submitReadRequestToOM(OzoneManagerProtocolServerSideTranslatorPB.java:225) ~[ozone-manager-1.4.0-SNAPSHOT.jar:?]
	at org.apache.hadoop.ozone.protocolPB.OzoneManagerProtocolServerSideTranslatorPB.processRequest(OzoneManagerProtocolServerSideTranslatorPB.java:179) ~[ozone-manager-1.4.0-SNAPSHOT.jar:?]
	at org.apache.hadoop.hdds.server.OzoneProtocolMessageDispatcher.processRequest(OzoneProtocolMessageDispatcher.java:87) [hdds-server-framework-1.4.0-SNAPSHOT.jar:?]
	at org.apache.hadoop.ozone.protocolPB.OzoneManagerProtocolServerSideTranslatorPB.submitRequest(OzoneManagerProtocolServerSideTranslatorPB.java:148) [ozone-manager-1.4.0-SNAPSHOT.jar:?]
	at org.apache.hadoop.ozone.protocol.proto.OzoneManagerProtocolProtos$OzoneManagerService$2.callBlockingMethod(OzoneManagerProtocolProtos.java) [ozone-interface-client-1.4.0-SNAPSHOT.jar:?]
	at org.apache.hadoop.ipc.ProtobufRpcEngine$Server.processCall(ProtobufRpcEngine.java:484) [hadoop-common-3.3.6.jar:?]
	at org.apache.hadoop.ipc.ProtobufRpcEngine2$Server$ProtoBufRpcInvoker.call(ProtobufRpcEngine2.java:595) [hadoop-common-3.3.6.jar:?]
	at org.apache.hadoop.ipc.ProtobufRpcEngine2$Server$ProtoBufRpcInvoker.call(ProtobufRpcEngine2.java:573) [hadoop-common-3.3.6.jar:?]
	at org.apache.hadoop.ipc.RPC$Server.call(RPC.java:1227) [hadoop-common-3.3.6.jar:?]
	at org.apache.hadoop.ipc.Server$RpcCall.run(Server.java:1094) [hadoop-common-3.3.6.jar:?]
	at org.apache.hadoop.ipc.Server$RpcCall.run(Server.java:1017) [hadoop-common-3.3.6.jar:?]
	at java.security.AccessController.doPrivileged(Native Method) ~[?:1.8.0_382]
	at javax.security.auth.Subject.doAs(Subject.java:422) [?:1.8.0_382]
	at org.apache.hadoop.security.UserGroupInformation.doAs(UserGroupInformation.java:1899) [hadoop-common-3.3.6.jar:?]
	at org.apache.hadoop.ipc.Server$Handler.run(Server.java:3048) [hadoop-common-3.3.6.jar:?]
12:58:54.920 [IPC Server handler 3 on default port 15110] ERROR OMAudit - user=runner | ip=127.0.0.1 | op=GET_FILE_STATUS {volume=volume13657, bucket=bucket40110, key=testBatchDelete/parent/childFolder/child4, dataSize=0, replicationConfig=null} | ret=FAILURE
org.apache.hadoop.ozone.om.exceptions.OMException: Unable to get file status: volume: volume13657 bucket: bucket40110 key: testBatchDelete/parent/childFolder/child4
	at org.apache.hadoop.ozone.om.KeyManagerImpl.getOzoneFileStatus(KeyManagerImpl.java:1198) ~[ozone-manager-1.4.0-SNAPSHOT.jar:?]
	at org.apache.hadoop.ozone.om.KeyManagerImpl.getFileStatus(KeyManagerImpl.java:1116) ~[ozone-manager-1.4.0-SNAPSHOT.jar:?]
	at org.apache.hadoop.ozone.om.OmMetadataReader.getFileStatus(OmMetadataReader.java:266) ~[ozone-manager-1.4.0-SNAPSHOT.jar:?]
	at org.apache.hadoop.ozone.om.OzoneManager.getFileStatus(OzoneManager.java:3552) ~[ozone-manager-1.4.0-SNAPSHOT.jar:?]
	at org.apache.hadoop.ozone.protocolPB.OzoneManagerRequestHandler.getOzoneFileStatus(OzoneManagerRequestHandler.java:998) ~[ozone-manager-1.4.0-SNAPSHOT.jar:?]
	at org.apache.hadoop.ozone.protocolPB.OzoneManagerRequestHandler.handleReadRequest(OzoneManagerRequestHandler.java:259) ~[ozone-manager-1.4.0-SNAPSHOT.jar:?]
	at org.apache.hadoop.ozone.protocolPB.OzoneManagerProtocolServerSideTranslatorPB.submitReadRequestToOM(OzoneManagerProtocolServerSideTranslatorPB.java:225) ~[ozone-manager-1.4.0-SNAPSHOT.jar:?]
	at org.apache.hadoop.ozone.protocolPB.OzoneManagerProtocolServerSideTranslatorPB.processRequest(OzoneManagerProtocolServerSideTranslatorPB.java:179) ~[ozone-manager-1.4.0-SNAPSHOT.jar:?]
	at org.apache.hadoop.hdds.server.OzoneProtocolMessageDispatcher.processRequest(OzoneProtocolMessageDispatcher.java:87) [hdds-server-framework-1.4.0-SNAPSHOT.jar:?]
	at org.apache.hadoop.ozone.protocolPB.OzoneManagerProtocolServerSideTranslatorPB.submitRequest(OzoneManagerProtocolServerSideTranslatorPB.java:148) [ozone-manager-1.4.0-SNAPSHOT.jar:?]
	at org.apache.hadoop.ozone.protocol.proto.OzoneManagerProtocolProtos$OzoneManagerService$2.callBlockingMethod(OzoneManagerProtocolProtos.java) [ozone-interface-client-1.4.0-SNAPSHOT.jar:?]
	at org.apache.hadoop.ipc.ProtobufRpcEngine$Server.processCall(ProtobufRpcEngine.java:484) [hadoop-common-3.3.6.jar:?]
	at org.apache.hadoop.ipc.ProtobufRpcEngine2$Server$ProtoBufRpcInvoker.call(ProtobufRpcEngine2.java:595) [hadoop-common-3.3.6.jar:?]
	at org.apache.hadoop.ipc.ProtobufRpcEngine2$Server$ProtoBufRpcInvoker.call(ProtobufRpcEngine2.java:573) [hadoop-common-3.3.6.jar:?]
	at org.apache.hadoop.ipc.RPC$Server.call(RPC.java:1227) [hadoop-common-3.3.6.jar:?]
	at org.apache.hadoop.ipc.Server$RpcCall.run(Server.java:1094) [hadoop-common-3.3.6.jar:?]
	at org.apache.hadoop.ipc.Server$RpcCall.run(Server.java:1017) [hadoop-common-3.3.6.jar:?]
	at java.security.AccessController.doPrivileged(Native Method) ~[?:1.8.0_382]
	at javax.security.auth.Subject.doAs(Subject.java:422) [?:1.8.0_382]
	at org.apache.hadoop.security.UserGroupInformation.doAs(UserGroupInformation.java:1899) [hadoop-common-3.3.6.jar:?]
	at org.apache.hadoop.ipc.Server$Handler.run(Server.java:3048) [hadoop-common-3.3.6.jar:?]
12:58:54.921 [IPC Server handler 4 on default port 15110] ERROR OMAudit - user=runner | ip=127.0.0.1 | op=GET_FILE_STATUS {volume=volume13657, bucket=bucket40110, key=testBatchDelete/parent/child5, dataSize=0, replicationConfig=null} | ret=FAILURE
org.apache.hadoop.ozone.om.exceptions.OMException: Unable to get file status: volume: volume13657 bucket: bucket40110 key: testBatchDelete/parent/child5
	at org.apache.hadoop.ozone.om.KeyManagerImpl.getOzoneFileStatus(KeyManagerImpl.java:1198) ~[ozone-manager-1.4.0-SNAPSHOT.jar:?]
	at org.apache.hadoop.ozone.om.KeyManagerImpl.getFileStatus(KeyManagerImpl.java:1116) ~[ozone-manager-1.4.0-SNAPSHOT.jar:?]
	at org.apache.hadoop.ozone.om.OmMetadataReader.getFileStatus(OmMetadataReader.java:266) ~[ozone-manager-1.4.0-SNAPSHOT.jar:?]
	at org.apache.hadoop.ozone.om.OzoneManager.getFileStatus(OzoneManager.java:3552) ~[ozone-manager-1.4.0-SNAPSHOT.jar:?]
	at org.apache.hadoop.ozone.protocolPB.OzoneManagerRequestHandler.getOzoneFileStatus(OzoneManagerRequestHandler.java:998) ~[ozone-manager-1.4.0-SNAPSHOT.jar:?]
	at org.apache.hadoop.ozone.protocolPB.OzoneManagerRequestHandler.handleReadRequest(OzoneManagerRequestHandler.java:259) ~[ozone-manager-1.4.0-SNAPSHOT.jar:?]
	at org.apache.hadoop.ozone.protocolPB.OzoneManagerProtocolServerSideTranslatorPB.submitReadRequestToOM(OzoneManagerProtocolServerSideTranslatorPB.java:225) ~[ozone-manager-1.4.0-SNAPSHOT.jar:?]
	at org.apache.hadoop.ozone.protocolPB.OzoneManagerProtocolServerSideTranslatorPB.processRequest(OzoneManagerProtocolServerSideTranslatorPB.java:179) ~[ozone-manager-1.4.0-SNAPSHOT.jar:?]
	at org.apache.hadoop.hdds.server.OzoneProtocolMessageDispatcher.processRequest(OzoneProtocolMessageDispatcher.java:87) [hdds-server-framework-1.4.0-SNAPSHOT.jar:?]
	at org.apache.hadoop.ozone.protocolPB.OzoneManagerProtocolServerSideTranslatorPB.submitRequest(OzoneManagerProtocolServerSideTranslatorPB.java:148) [ozone-manager-1.4.0-SNAPSHOT.jar:?]
	at org.apache.hadoop.ozone.protocol.proto.OzoneManagerProtocolProtos$OzoneManagerService$2.callBlockingMethod(OzoneManagerProtocolProtos.java) [ozone-interface-client-1.4.0-SNAPSHOT.jar:?]
	at org.apache.hadoop.ipc.ProtobufRpcEngine$Server.processCall(ProtobufRpcEngine.java:484) [hadoop-common-3.3.6.jar:?]
	at org.apache.hadoop.ipc.ProtobufRpcEngine2$Server$ProtoBufRpcInvoker.call(ProtobufRpcEngine2.java:595) [hadoop-common-3.3.6.jar:?]
	at org.apache.hadoop.ipc.ProtobufRpcEngine2$Server$ProtoBufRpcInvoker.call(ProtobufRpcEngine2.java:573) [hadoop-common-3.3.6.jar:?]
	at org.apache.hadoop.ipc.RPC$Server.call(RPC.java:1227) [hadoop-common-3.3.6.jar:?]
	at org.apache.hadoop.ipc.Server$RpcCall.run(Server.java:1094) [hadoop-common-3.3.6.jar:?]
	at org.apache.hadoop.ipc.Server$RpcCall.run(Server.java:1017) [hadoop-common-3.3.6.jar:?]
	at java.security.AccessController.doPrivileged(Native Method) ~[?:1.8.0_382]
	at javax.security.auth.Subject.doAs(Subject.java:422) [?:1.8.0_382]
	at org.apache.hadoop.security.UserGroupInformation.doAs(UserGroupInformation.java:1899) [hadoop-common-3.3.6.jar:?]
	at org.apache.hadoop.ipc.Server$Handler.run(Server.java:3048) [hadoop-common-3.3.6.jar:?]
12:58:54.922 [IPC Server handler 5 on default port 15110] ERROR OMAudit - user=runner | ip=127.0.0.1 | op=GET_FILE_STATUS {volume=volume13657, bucket=bucket40110, key=testBatchDelete/parent/childFolder/child5, dataSize=0, replicationConfig=null} | ret=FAILURE
org.apache.hadoop.ozone.om.exceptions.OMException: Unable to get file status: volume: volume13657 bucket: bucket40110 key: testBatchDelete/parent/childFolder/child5
	at org.apache.hadoop.ozone.om.KeyManagerImpl.getOzoneFileStatus(KeyManagerImpl.java:1198) ~[ozone-manager-1.4.0-SNAPSHOT.jar:?]
	at org.apache.hadoop.ozone.om.KeyManagerImpl.getFileStatus(KeyManagerImpl.java:1116) ~[ozone-manager-1.4.0-SNAPSHOT.jar:?]
	at org.apache.hadoop.ozone.om.OmMetadataReader.getFileStatus(OmMetadataReader.java:266) ~[ozone-manager-1.4.0-SNAPSHOT.jar:?]
	at org.apache.hadoop.ozone.om.OzoneManager.getFileStatus(OzoneManager.java:3552) ~[ozone-manager-1.4.0-SNAPSHOT.jar:?]
	at org.apache.hadoop.ozone.protocolPB.OzoneManagerRequestHandler.getOzoneFileStatus(OzoneManagerRequestHandler.java:998) ~[ozone-manager-1.4.0-SNAPSHOT.jar:?]
	at org.apache.hadoop.ozone.protocolPB.OzoneManagerRequestHandler.handleReadRequest(OzoneManagerRequestHandler.java:259) ~[ozone-manager-1.4.0-SNAPSHOT.jar:?]
	at org.apache.hadoop.ozone.protocolPB.OzoneManagerProtocolServerSideTranslatorPB.submitReadRequestToOM(OzoneManagerProtocolServerSideTranslatorPB.java:225) ~[ozone-manager-1.4.0-SNAPSHOT.jar:?]
	at org.apache.hadoop.ozone.protocolPB.OzoneManagerProtocolServerSideTranslatorPB.processRequest(OzoneManagerProtocolServerSideTranslatorPB.java:179) ~[ozone-manager-1.4.0-SNAPSHOT.jar:?]
	at org.apache.hadoop.hdds.server.OzoneProtocolMessageDispatcher.processRequest(OzoneProtocolMessageDispatcher.java:87) [hdds-server-framework-1.4.0-SNAPSHOT.jar:?]
	at org.apache.hadoop.ozone.protocolPB.OzoneManagerProtocolServerSideTranslatorPB.submitRequest(OzoneManagerProtocolServerSideTranslatorPB.java:148) [ozone-manager-1.4.0-SNAPSHOT.jar:?]
	at org.apache.hadoop.ozone.protocol.proto.OzoneManagerProtocolProtos$OzoneManagerService$2.callBlockingMethod(OzoneManagerProtocolProtos.java) [ozone-interface-client-1.4.0-SNAPSHOT.jar:?]
	at org.apache.hadoop.ipc.ProtobufRpcEngine$Server.processCall(ProtobufRpcEngine.java:484) [hadoop-common-3.3.6.jar:?]
	at org.apache.hadoop.ipc.ProtobufRpcEngine2$Server$ProtoBufRpcInvoker.call(ProtobufRpcEngine2.java:595) [hadoop-common-3.3.6.jar:?]
	at org.apache.hadoop.ipc.ProtobufRpcEngine2$Server$ProtoBufRpcInvoker.call(ProtobufRpcEngine2.java:573) [hadoop-common-3.3.6.jar:?]
	at org.apache.hadoop.ipc.RPC$Server.call(RPC.java:1227) [hadoop-common-3.3.6.jar:?]
	at org.apache.hadoop.ipc.Server$RpcCall.run(Server.java:1094) [hadoop-common-3.3.6.jar:?]
	at org.apache.hadoop.ipc.Server$RpcCall.run(Server.java:1017) [hadoop-common-3.3.6.jar:?]
	at java.security.AccessController.doPrivileged(Native Method) ~[?:1.8.0_382]
	at javax.security.auth.Subject.doAs(Subject.java:422) [?:1.8.0_382]
	at org.apache.hadoop.security.UserGroupInformation.doAs(UserGroupInformation.java:1899) [hadoop-common-3.3.6.jar:?]
	at org.apache.hadoop.ipc.Server$Handler.run(Server.java:3048) [hadoop-common-3.3.6.jar:?]
12:58:54.923 [IPC Server handler 6 on default port 15110] ERROR OMAudit - user=runner | ip=127.0.0.1 | op=GET_FILE_STATUS {volume=volume13657, bucket=bucket40110, key=testBatchDelete/parent/child6, dataSize=0, replicationConfig=null} | ret=FAILURE
org.apache.hadoop.ozone.om.exceptions.OMException: Unable to get file status: volume: volume13657 bucket: bucket40110 key: testBatchDelete/parent/child6
	at org.apache.hadoop.ozone.om.KeyManagerImpl.getOzoneFileStatus(KeyManagerImpl.java:1198) ~[ozone-manager-1.4.0-SNAPSHOT.jar:?]
	at org.apache.hadoop.ozone.om.KeyManagerImpl.getFileStatus(KeyManagerImpl.java:1116) ~[ozone-manager-1.4.0-SNAPSHOT.jar:?]
	at org.apache.hadoop.ozone.om.OmMetadataReader.getFileStatus(OmMetadataReader.java:266) ~[ozone-manager-1.4.0-SNAPSHOT.jar:?]
	at org.apache.hadoop.ozone.om.OzoneManager.getFileStatus(OzoneManager.java:3552) ~[ozone-manager-1.4.0-SNAPSHOT.jar:?]
	at org.apache.hadoop.ozone.protocolPB.OzoneManagerRequestHandler.getOzoneFileStatus(OzoneManagerRequestHandler.java:998) ~[ozone-manager-1.4.0-SNAPSHOT.jar:?]
	at org.apache.hadoop.ozone.protocolPB.OzoneManagerRequestHandler.handleReadRequest(OzoneManagerRequestHandler.java:259) ~[ozone-manager-1.4.0-SNAPSHOT.jar:?]
	at org.apache.hadoop.ozone.protocolPB.OzoneManagerProtocolServerSideTranslatorPB.submitReadRequestToOM(OzoneManagerProtocolServerSideTranslatorPB.java:225) ~[ozone-manager-1.4.0-SNAPSHOT.jar:?]
	at org.apache.hadoop.ozone.protocolPB.OzoneManagerProtocolServerSideTranslatorPB.processRequest(OzoneManagerProtocolServerSideTranslatorPB.java:179) ~[ozone-manager-1.4.0-SNAPSHOT.jar:?]
	at org.apache.hadoop.hdds.server.OzoneProtocolMessageDispatcher.processRequest(OzoneProtocolMessageDispatcher.java:87) [hdds-server-framework-1.4.0-SNAPSHOT.jar:?]
	at org.apache.hadoop.ozone.protocolPB.OzoneManagerProtocolServerSideTranslatorPB.submitRequest(OzoneManagerProtocolServerSideTranslatorPB.java:148) [ozone-manager-1.4.0-SNAPSHOT.jar:?]
	at org.apache.hadoop.ozone.protocol.proto.OzoneManagerProtocolProtos$OzoneManagerService$2.callBlockingMethod(OzoneManagerProtocolProtos.java) [ozone-interface-client-1.4.0-SNAPSHOT.jar:?]
	at org.apache.hadoop.ipc.ProtobufRpcEngine$Server.processCall(ProtobufRpcEngine.java:484) [hadoop-common-3.3.6.jar:?]
	at org.apache.hadoop.ipc.ProtobufRpcEngine2$Server$ProtoBufRpcInvoker.call(ProtobufRpcEngine2.java:595) [hadoop-common-3.3.6.jar:?]
	at org.apache.hadoop.ipc.ProtobufRpcEngine2$Server$ProtoBufRpcInvoker.call(ProtobufRpcEngine2.java:573) [hadoop-common-3.3.6.jar:?]
	at org.apache.hadoop.ipc.RPC$Server.call(RPC.java:1227) [hadoop-common-3.3.6.jar:?]
	at org.apache.hadoop.ipc.Server$RpcCall.run(Server.java:1094) [hadoop-common-3.3.6.jar:?]
	at org.apache.hadoop.ipc.Server$RpcCall.run(Server.java:1017) [hadoop-common-3.3.6.jar:?]
	at java.security.AccessController.doPrivileged(Native Method) ~[?:1.8.0_382]
	at javax.security.auth.Subject.doAs(Subject.java:422) [?:1.8.0_382]
	at org.apache.hadoop.security.UserGroupInformation.doAs(UserGroupInformation.java:1899) [hadoop-common-3.3.6.jar:?]
	at org.apache.hadoop.ipc.Server$Handler.run(Server.java:3048) [hadoop-common-3.3.6.jar:?]
12:58:54.924 [IPC Server handler 7 on default port 15110] ERROR OMAudit - user=runner | ip=127.0.0.1 | op=GET_FILE_STATUS {volume=volume13657, bucket=bucket40110, key=testBatchDelete/parent/childFolder/child6, dataSize=0, replicationConfig=null} | ret=FAILURE
org.apache.hadoop.ozone.om.exceptions.OMException: Unable to get file status: volume: volume13657 bucket: bucket40110 key: testBatchDelete/parent/childFolder/child6
	at org.apache.hadoop.ozone.om.KeyManagerImpl.getOzoneFileStatus(KeyManagerImpl.java:1198) ~[ozone-manager-1.4.0-SNAPSHOT.jar:?]
	at org.apache.hadoop.ozone.om.KeyManagerImpl.getFileStatus(KeyManagerImpl.java:1116) ~[ozone-manager-1.4.0-SNAPSHOT.jar:?]
	at org.apache.hadoop.ozone.om.OmMetadataReader.getFileStatus(OmMetadataReader.java:266) ~[ozone-manager-1.4.0-SNAPSHOT.jar:?]
	at org.apache.hadoop.ozone.om.OzoneManager.getFileStatus(OzoneManager.java:3552) ~[ozone-manager-1.4.0-SNAPSHOT.jar:?]
	at org.apache.hadoop.ozone.protocolPB.OzoneManagerRequestHandler.getOzoneFileStatus(OzoneManagerRequestHandler.java:998) ~[ozone-manager-1.4.0-SNAPSHOT.jar:?]
	at org.apache.hadoop.ozone.protocolPB.OzoneManagerRequestHandler.handleReadRequest(OzoneManagerRequestHandler.java:259) ~[ozone-manager-1.4.0-SNAPSHOT.jar:?]
	at org.apache.hadoop.ozone.protocolPB.OzoneManagerProtocolServerSideTranslatorPB.submitReadRequestToOM(OzoneManagerProtocolServerSideTranslatorPB.java:225) ~[ozone-manager-1.4.0-SNAPSHOT.jar:?]
	at org.apache.hadoop.ozone.protocolPB.OzoneManagerProtocolServerSideTranslatorPB.processRequest(OzoneManagerProtocolServerSideTranslatorPB.java:179) ~[ozone-manager-1.4.0-SNAPSHOT.jar:?]
	at org.apache.hadoop.hdds.server.OzoneProtocolMessageDispatcher.processRequest(OzoneProtocolMessageDispatcher.java:87) [hdds-server-framework-1.4.0-SNAPSHOT.jar:?]
	at org.apache.hadoop.ozone.protocolPB.OzoneManagerProtocolServerSideTranslatorPB.submitRequest(OzoneManagerProtocolServerSideTranslatorPB.java:148) [ozone-manager-1.4.0-SNAPSHOT.jar:?]
	at org.apache.hadoop.ozone.protocol.proto.OzoneManagerProtocolProtos$OzoneManagerService$2.callBlockingMethod(OzoneManagerProtocolProtos.java) [ozone-interface-client-1.4.0-SNAPSHOT.jar:?]
	at org.apache.hadoop.ipc.ProtobufRpcEngine$Server.processCall(ProtobufRpcEngine.java:484) [hadoop-common-3.3.6.jar:?]
	at org.apache.hadoop.ipc.ProtobufRpcEngine2$Server$ProtoBufRpcInvoker.call(ProtobufRpcEngine2.java:595) [hadoop-common-3.3.6.jar:?]
	at org.apache.hadoop.ipc.ProtobufRpcEngine2$Server$ProtoBufRpcInvoker.call(ProtobufRpcEngine2.java:573) [hadoop-common-3.3.6.jar:?]
	at org.apache.hadoop.ipc.RPC$Server.call(RPC.java:1227) [hadoop-common-3.3.6.jar:?]
	at org.apache.hadoop.ipc.Server$RpcCall.run(Server.java:1094) [hadoop-common-3.3.6.jar:?]
	at org.apache.hadoop.ipc.Server$RpcCall.run(Server.java:1017) [hadoop-common-3.3.6.jar:?]
	at java.security.AccessController.doPrivileged(Native Method) ~[?:1.8.0_382]
	at javax.security.auth.Subject.doAs(Subject.java:422) [?:1.8.0_382]
	at org.apache.hadoop.security.UserGroupInformation.doAs(UserGroupInformation.java:1899) [hadoop-common-3.3.6.jar:?]
	at org.apache.hadoop.ipc.Server$Handler.run(Server.java:3048) [hadoop-common-3.3.6.jar:?]
12:58:54.925 [IPC Server handler 8 on default port 15110] ERROR OMAudit - user=runner | ip=127.0.0.1 | op=GET_FILE_STATUS {volume=volume13657, bucket=bucket40110, key=testBatchDelete/parent/child7, dataSize=0, replicationConfig=null} | ret=FAILURE
org.apache.hadoop.ozone.om.exceptions.OMException: Unable to get file status: volume: volume13657 bucket: bucket40110 key: testBatchDelete/parent/child7
	at org.apache.hadoop.ozone.om.KeyManagerImpl.getOzoneFileStatus(KeyManagerImpl.java:1198) ~[ozone-manager-1.4.0-SNAPSHOT.jar:?]
	at org.apache.hadoop.ozone.om.KeyManagerImpl.getFileStatus(KeyManagerImpl.java:1116) ~[ozone-manager-1.4.0-SNAPSHOT.jar:?]
	at org.apache.hadoop.ozone.om.OmMetadataReader.getFileStatus(OmMetadataReader.java:266) ~[ozone-manager-1.4.0-SNAPSHOT.jar:?]
	at org.apache.hadoop.ozone.om.OzoneManager.getFileStatus(OzoneManager.java:3552) ~[ozone-manager-1.4.0-SNAPSHOT.jar:?]
	at org.apache.hadoop.ozone.protocolPB.OzoneManagerRequestHandler.getOzoneFileStatus(OzoneManagerRequestHandler.java:998) ~[ozone-manager-1.4.0-SNAPSHOT.jar:?]
	at org.apache.hadoop.ozone.protocolPB.OzoneManagerRequestHandler.handleReadRequest(OzoneManagerRequestHandler.java:259) ~[ozone-manager-1.4.0-SNAPSHOT.jar:?]
	at org.apache.hadoop.ozone.protocolPB.OzoneManagerProtocolServerSideTranslatorPB.submitReadRequestToOM(OzoneManagerProtocolServerSideTranslatorPB.java:225) ~[ozone-manager-1.4.0-SNAPSHOT.jar:?]
	at org.apache.hadoop.ozone.protocolPB.OzoneManagerProtocolServerSideTranslatorPB.processRequest(OzoneManagerProtocolServerSideTranslatorPB.java:179) ~[ozone-manager-1.4.0-SNAPSHOT.jar:?]
	at org.apache.hadoop.hdds.server.OzoneProtocolMessageDispatcher.processRequest(OzoneProtocolMessageDispatcher.java:87) [hdds-server-framework-1.4.0-SNAPSHOT.jar:?]
	at org.apache.hadoop.ozone.protocolPB.OzoneManagerProtocolServerSideTranslatorPB.submitRequest(OzoneManagerProtocolServerSideTranslatorPB.java:148) [ozone-manager-1.4.0-SNAPSHOT.jar:?]
	at org.apache.hadoop.ozone.protocol.proto.OzoneManagerProtocolProtos$OzoneManagerService$2.callBlockingMethod(OzoneManagerProtocolProtos.java) [ozone-interface-client-1.4.0-SNAPSHOT.jar:?]
	at org.apache.hadoop.ipc.ProtobufRpcEngine$Server.processCall(ProtobufRpcEngine.java:484) [hadoop-common-3.3.6.jar:?]
	at org.apache.hadoop.ipc.ProtobufRpcEngine2$Server$ProtoBufRpcInvoker.call(ProtobufRpcEngine2.java:595) [hadoop-common-3.3.6.jar:?]
	at org.apache.hadoop.ipc.ProtobufRpcEngine2$Server$ProtoBufRpcInvoker.call(ProtobufRpcEngine2.java:573) [hadoop-common-3.3.6.jar:?]
	at org.apache.hadoop.ipc.RPC$Server.call(RPC.java:1227) [hadoop-common-3.3.6.jar:?]
	at org.apache.hadoop.ipc.Server$RpcCall.run(Server.java:1094) [hadoop-common-3.3.6.jar:?]
	at org.apache.hadoop.ipc.Server$RpcCall.run(Server.java:1017) [hadoop-common-3.3.6.jar:?]
	at java.security.AccessController.doPrivileged(Native Method) ~[?:1.8.0_382]
	at javax.security.auth.Subject.doAs(Subject.java:422) [?:1.8.0_382]
	at org.apache.hadoop.security.UserGroupInformation.doAs(UserGroupInformation.java:1899) [hadoop-common-3.3.6.jar:?]
	at org.apache.hadoop.ipc.Server$Handler.run(Server.java:3048) [hadoop-common-3.3.6.jar:?]
12:58:54.928 [IPC Server handler 9 on default port 15110] ERROR OMAudit - user=runner | ip=127.0.0.1 | op=GET_FILE_STATUS {volume=volume13657, bucket=bucket40110, key=testBatchDelete/parent/childFolder/child7, dataSize=0, replicationConfig=null} | ret=FAILURE
org.apache.hadoop.ozone.om.exceptions.OMException: Unable to get file status: volume: volume13657 bucket: bucket40110 key: testBatchDelete/parent/childFolder/child7
	at org.apache.hadoop.ozone.om.KeyManagerImpl.getOzoneFileStatus(KeyManagerImpl.java:1198) ~[ozone-manager-1.4.0-SNAPSHOT.jar:?]
	at org.apache.hadoop.ozone.om.KeyManagerImpl.getFileStatus(KeyManagerImpl.java:1116) ~[ozone-manager-1.4.0-SNAPSHOT.jar:?]
	at org.apache.hadoop.ozone.om.OmMetadataReader.getFileStatus(OmMetadataReader.java:266) ~[ozone-manager-1.4.0-SNAPSHOT.jar:?]
	at org.apache.hadoop.ozone.om.OzoneManager.getFileStatus(OzoneManager.java:3552) ~[ozone-manager-1.4.0-SNAPSHOT.jar:?]
	at org.apache.hadoop.ozone.protocolPB.OzoneManagerRequestHandler.getOzoneFileStatus(OzoneManagerRequestHandler.java:998) ~[ozone-manager-1.4.0-SNAPSHOT.jar:?]
	at org.apache.hadoop.ozone.protocolPB.OzoneManagerRequestHandler.handleReadRequest(OzoneManagerRequestHandler.java:259) ~[ozone-manager-1.4.0-SNAPSHOT.jar:?]
	at org.apache.hadoop.ozone.protocolPB.OzoneManagerProtocolServerSideTranslatorPB.submitReadRequestToOM(OzoneManagerProtocolServerSideTranslatorPB.java:225) ~[ozone-manager-1.4.0-SNAPSHOT.jar:?]
	at org.apache.hadoop.ozone.protocolPB.OzoneManagerProtocolServerSideTranslatorPB.processRequest(OzoneManagerProtocolServerSideTranslatorPB.java:179) ~[ozone-manager-1.4.0-SNAPSHOT.jar:?]
	at org.apache.hadoop.hdds.server.OzoneProtocolMessageDispatcher.processRequest(OzoneProtocolMessageDispatcher.java:87) [hdds-server-framework-1.4.0-SNAPSHOT.jar:?]
	at org.apache.hadoop.ozone.protocolPB.OzoneManagerProtocolServerSideTranslatorPB.submitRequest(OzoneManagerProtocolServerSideTranslatorPB.java:148) [ozone-manager-1.4.0-SNAPSHOT.jar:?]
	at org.apache.hadoop.ozone.protocol.proto.OzoneManagerProtocolProtos$OzoneManagerService$2.callBlockingMethod(OzoneManagerProtocolProtos.java) [ozone-interface-client-1.4.0-SNAPSHOT.jar:?]
	at org.apache.hadoop.ipc.ProtobufRpcEngine$Server.processCall(ProtobufRpcEngine.java:484) [hadoop-common-3.3.6.jar:?]
	at org.apache.hadoop.ipc.ProtobufRpcEngine2$Server$ProtoBufRpcInvoker.call(ProtobufRpcEngine2.java:595) [hadoop-common-3.3.6.jar:?]
	at org.apache.hadoop.ipc.ProtobufRpcEngine2$Server$ProtoBufRpcInvoker.call(ProtobufRpcEngine2.java:573) [hadoop-common-3.3.6.jar:?]
	at org.apache.hadoop.ipc.RPC$Server.call(RPC.java:1227) [hadoop-common-3.3.6.jar:?]
	at org.apache.hadoop.ipc.Server$RpcCall.run(Server.java:1094) [hadoop-common-3.3.6.jar:?]
	at org.apache.hadoop.ipc.Server$RpcCall.run(Server.java:1017) [hadoop-common-3.3.6.jar:?]
	at java.security.AccessController.doPrivileged(Native Method) ~[?:1.8.0_382]
	at javax.security.auth.Subject.doAs(Subject.java:422) [?:1.8.0_382]
	at org.apache.hadoop.security.UserGroupInformation.doAs(UserGroupInformation.java:1899) [hadoop-common-3.3.6.jar:?]
	at org.apache.hadoop.ipc.Server$Handler.run(Server.java:3048) [hadoop-common-3.3.6.jar:?]
12:58:54.929 [IPC Server handler 10 on default port 15110] ERROR OMAudit - user=runner | ip=127.0.0.1 | op=GET_FILE_STATUS {volume=volume13657, bucket=bucket40110, key=testBatchDelete/parent, dataSize=0, replicationConfig=null} | ret=FAILURE
org.apache.hadoop.ozone.om.exceptions.OMException: Unable to get file status: volume: volume13657 bucket: bucket40110 key: testBatchDelete/parent
	at org.apache.hadoop.ozone.om.KeyManagerImpl.getOzoneFileStatus(KeyManagerImpl.java:1198) ~[ozone-manager-1.4.0-SNAPSHOT.jar:?]
	at org.apache.hadoop.ozone.om.KeyManagerImpl.getFileStatus(KeyManagerImpl.java:1116) ~[ozone-manager-1.4.0-SNAPSHOT.jar:?]
	at org.apache.hadoop.ozone.om.OmMetadataReader.getFileStatus(OmMetadataReader.java:266) ~[ozone-manager-1.4.0-SNAPSHOT.jar:?]
	at org.apache.hadoop.ozone.om.OzoneManager.getFileStatus(OzoneManager.java:3552) ~[ozone-manager-1.4.0-SNAPSHOT.jar:?]
	at org.apache.hadoop.ozone.protocolPB.OzoneManagerRequestHandler.getOzoneFileStatus(OzoneManagerRequestHandler.java:998) ~[ozone-manager-1.4.0-SNAPSHOT.jar:?]
	at org.apache.hadoop.ozone.protocolPB.OzoneManagerRequestHandler.handleReadRequest(OzoneManagerRequestHandler.java:259) ~[ozone-manager-1.4.0-SNAPSHOT.jar:?]
	at org.apache.hadoop.ozone.protocolPB.OzoneManagerProtocolServerSideTranslatorPB.submitReadRequestToOM(OzoneManagerProtocolServerSideTranslatorPB.java:225) ~[ozone-manager-1.4.0-SNAPSHOT.jar:?]
	at org.apache.hadoop.ozone.protocolPB.OzoneManagerProtocolServerSideTranslatorPB.processRequest(OzoneManagerProtocolServerSideTranslatorPB.java:179) ~[ozone-manager-1.4.0-SNAPSHOT.jar:?]
	at org.apache.hadoop.hdds.server.OzoneProtocolMessageDispatcher.processRequest(OzoneProtocolMessageDispatcher.java:87) [hdds-server-framework-1.4.0-SNAPSHOT.jar:?]
	at org.apache.hadoop.ozone.protocolPB.OzoneManagerProtocolServerSideTranslatorPB.submitRequest(OzoneManagerProtocolServerSideTranslatorPB.java:148) [ozone-manager-1.4.0-SNAPSHOT.jar:?]
	at org.apache.hadoop.ozone.protocol.proto.OzoneManagerProtocolProtos$OzoneManagerService$2.callBlockingMethod(OzoneManagerProtocolProtos.java) [ozone-interface-client-1.4.0-SNAPSHOT.jar:?]
	at org.apache.hadoop.ipc.ProtobufRpcEngine$Server.processCall(ProtobufRpcEngine.java:484) [hadoop-common-3.3.6.jar:?]
	at org.apache.hadoop.ipc.ProtobufRpcEngine2$Server$ProtoBufRpcInvoker.call(ProtobufRpcEngine2.java:595) [hadoop-common-3.3.6.jar:?]
	at org.apache.hadoop.ipc.ProtobufRpcEngine2$Server$ProtoBufRpcInvoker.call(ProtobufRpcEngine2.java:573) [hadoop-common-3.3.6.jar:?]
	at org.apache.hadoop.ipc.RPC$Server.call(RPC.java:1227) [hadoop-common-3.3.6.jar:?]
	at org.apache.hadoop.ipc.Server$RpcCall.run(Server.java:1094) [hadoop-common-3.3.6.jar:?]
	at org.apache.hadoop.ipc.Server$RpcCall.run(Server.java:1017) [hadoop-common-3.3.6.jar:?]
	at java.security.AccessController.doPrivileged(Native Method) ~[?:1.8.0_382]
	at javax.security.auth.Subject.doAs(Subject.java:422) [?:1.8.0_382]
	at org.apache.hadoop.security.UserGroupInformation.doAs(UserGroupInformation.java:1899) [hadoop-common-3.3.6.jar:?]
	at org.apache.hadoop.ipc.Server$Handler.run(Server.java:3048) [hadoop-common-3.3.6.jar:?]
2023-09-28 12:58:54,929 [Time-limited test] WARN  ozone.BasicOzoneFileSystem (BasicOzoneFileSystem.java:delete(607)) - delete: Path does not exist: /testBatchDelete/parent
]]></system-out>
  </testcase>
  <testcase name="testFileDelete" classname="TestOzoneFileSystem" time="0.115">
    <system-out><![CDATA[13:00:27.678 [IPC Server handler 11 on default port 15163] ERROR OMAudit - user=runner | ip=127.0.0.1 | op=GET_FILE_STATUS {volume=volume08867, bucket=bucket18921, key=testBatchDelete, dataSize=0, replicationConfig=null} | ret=FAILURE
org.apache.hadoop.ozone.om.exceptions.OMException: Unable to get file status: volume: volume08867 bucket: bucket18921 key: testBatchDelete
	at org.apache.hadoop.ozone.om.KeyManagerImpl.getOzoneFileStatus(KeyManagerImpl.java:1198) ~[ozone-manager-1.4.0-SNAPSHOT.jar:?]
	at org.apache.hadoop.ozone.om.KeyManagerImpl.getFileStatus(KeyManagerImpl.java:1116) ~[ozone-manager-1.4.0-SNAPSHOT.jar:?]
	at org.apache.hadoop.ozone.om.OmMetadataReader.getFileStatus(OmMetadataReader.java:266) ~[ozone-manager-1.4.0-SNAPSHOT.jar:?]
	at org.apache.hadoop.ozone.om.OzoneManager.getFileStatus(OzoneManager.java:3552) ~[ozone-manager-1.4.0-SNAPSHOT.jar:?]
	at org.apache.hadoop.ozone.protocolPB.OzoneManagerRequestHandler.getOzoneFileStatus(OzoneManagerRequestHandler.java:998) ~[ozone-manager-1.4.0-SNAPSHOT.jar:?]
	at org.apache.hadoop.ozone.protocolPB.OzoneManagerRequestHandler.handleReadRequest(OzoneManagerRequestHandler.java:259) ~[ozone-manager-1.4.0-SNAPSHOT.jar:?]
	at org.apache.hadoop.ozone.protocolPB.OzoneManagerProtocolServerSideTranslatorPB.submitRequestDirectlyToOM(OzoneManagerProtocolServerSideTranslatorPB.java:274) ~[ozone-manager-1.4.0-SNAPSHOT.jar:?]
	at org.apache.hadoop.ozone.protocolPB.OzoneManagerProtocolServerSideTranslatorPB.processRequest(OzoneManagerProtocolServerSideTranslatorPB.java:175) ~[ozone-manager-1.4.0-SNAPSHOT.jar:?]
	at org.apache.hadoop.hdds.server.OzoneProtocolMessageDispatcher.processRequest(OzoneProtocolMessageDispatcher.java:87) [hdds-server-framework-1.4.0-SNAPSHOT.jar:?]
	at org.apache.hadoop.ozone.protocolPB.OzoneManagerProtocolServerSideTranslatorPB.submitRequest(OzoneManagerProtocolServerSideTranslatorPB.java:148) [ozone-manager-1.4.0-SNAPSHOT.jar:?]
	at org.apache.hadoop.ozone.protocol.proto.OzoneManagerProtocolProtos$OzoneManagerService$2.callBlockingMethod(OzoneManagerProtocolProtos.java) [ozone-interface-client-1.4.0-SNAPSHOT.jar:?]
	at org.apache.hadoop.ipc.ProtobufRpcEngine$Server.processCall(ProtobufRpcEngine.java:484) [hadoop-common-3.3.6.jar:?]
	at org.apache.hadoop.ipc.ProtobufRpcEngine2$Server$ProtoBufRpcInvoker.call(ProtobufRpcEngine2.java:595) [hadoop-common-3.3.6.jar:?]
	at org.apache.hadoop.ipc.ProtobufRpcEngine2$Server$ProtoBufRpcInvoker.call(ProtobufRpcEngine2.java:573) [hadoop-common-3.3.6.jar:?]
	at org.apache.hadoop.ipc.RPC$Server.call(RPC.java:1227) [hadoop-common-3.3.6.jar:?]
	at org.apache.hadoop.ipc.Server$RpcCall.run(Server.java:1094) [hadoop-common-3.3.6.jar:?]
	at org.apache.hadoop.ipc.Server$RpcCall.run(Server.java:1017) [hadoop-common-3.3.6.jar:?]
	at java.security.AccessController.doPrivileged(Native Method) ~[?:1.8.0_382]
	at javax.security.auth.Subject.doAs(Subject.java:422) [?:1.8.0_382]
	at org.apache.hadoop.security.UserGroupInformation.doAs(UserGroupInformation.java:1899) [hadoop-common-3.3.6.jar:?]
	at org.apache.hadoop.ipc.Server$Handler.run(Server.java:3048) [hadoop-common-3.3.6.jar:?]
13:00:27.679 [IPC Server handler 4 on default port 15163] ERROR OMAudit - user=runner | ip=127.0.0.1 | op=GET_FILE_STATUS {volume=volume08867, bucket=bucket18921, key=testBatchDelete/parent/child0, dataSize=0, replicationConfig=null} | ret=FAILURE
org.apache.hadoop.ozone.om.exceptions.OMException: Unable to get file status: volume: volume08867 bucket: bucket18921 key: testBatchDelete/parent/child0
	at org.apache.hadoop.ozone.om.KeyManagerImpl.getOzoneFileStatus(KeyManagerImpl.java:1198) ~[ozone-manager-1.4.0-SNAPSHOT.jar:?]
	at org.apache.hadoop.ozone.om.KeyManagerImpl.getFileStatus(KeyManagerImpl.java:1116) ~[ozone-manager-1.4.0-SNAPSHOT.jar:?]
	at org.apache.hadoop.ozone.om.OmMetadataReader.getFileStatus(OmMetadataReader.java:266) ~[ozone-manager-1.4.0-SNAPSHOT.jar:?]
	at org.apache.hadoop.ozone.om.OzoneManager.getFileStatus(OzoneManager.java:3552) ~[ozone-manager-1.4.0-SNAPSHOT.jar:?]
	at org.apache.hadoop.ozone.protocolPB.OzoneManagerRequestHandler.getOzoneFileStatus(OzoneManagerRequestHandler.java:998) ~[ozone-manager-1.4.0-SNAPSHOT.jar:?]
	at org.apache.hadoop.ozone.protocolPB.OzoneManagerRequestHandler.handleReadRequest(OzoneManagerRequestHandler.java:259) ~[ozone-manager-1.4.0-SNAPSHOT.jar:?]
	at org.apache.hadoop.ozone.protocolPB.OzoneManagerProtocolServerSideTranslatorPB.submitRequestDirectlyToOM(OzoneManagerProtocolServerSideTranslatorPB.java:274) ~[ozone-manager-1.4.0-SNAPSHOT.jar:?]
	at org.apache.hadoop.ozone.protocolPB.OzoneManagerProtocolServerSideTranslatorPB.processRequest(OzoneManagerProtocolServerSideTranslatorPB.java:175) ~[ozone-manager-1.4.0-SNAPSHOT.jar:?]
	at org.apache.hadoop.hdds.server.OzoneProtocolMessageDispatcher.processRequest(OzoneProtocolMessageDispatcher.java:87) [hdds-server-framework-1.4.0-SNAPSHOT.jar:?]
	at org.apache.hadoop.ozone.protocolPB.OzoneManagerProtocolServerSideTranslatorPB.submitRequest(OzoneManagerProtocolServerSideTranslatorPB.java:148) [ozone-manager-1.4.0-SNAPSHOT.jar:?]
	at org.apache.hadoop.ozone.protocol.proto.OzoneManagerProtocolProtos$OzoneManagerService$2.callBlockingMethod(OzoneManagerProtocolProtos.java) [ozone-interface-client-1.4.0-SNAPSHOT.jar:?]
	at org.apache.hadoop.ipc.ProtobufRpcEngine$Server.processCall(ProtobufRpcEngine.java:484) [hadoop-common-3.3.6.jar:?]
	at org.apache.hadoop.ipc.ProtobufRpcEngine2$Server$ProtoBufRpcInvoker.call(ProtobufRpcEngine2.java:595) [hadoop-common-3.3.6.jar:?]
	at org.apache.hadoop.ipc.ProtobufRpcEngine2$Server$ProtoBufRpcInvoker.call(ProtobufRpcEngine2.java:573) [hadoop-common-3.3.6.jar:?]
	at org.apache.hadoop.ipc.RPC$Server.call(RPC.java:1227) [hadoop-common-3.3.6.jar:?]
	at org.apache.hadoop.ipc.Server$RpcCall.run(Server.java:1094) [hadoop-common-3.3.6.jar:?]
	at org.apache.hadoop.ipc.Server$RpcCall.run(Server.java:1017) [hadoop-common-3.3.6.jar:?]
	at java.security.AccessController.doPrivileged(Native Method) ~[?:1.8.0_382]
	at javax.security.auth.Subject.doAs(Subject.java:422) [?:1.8.0_382]
	at org.apache.hadoop.security.UserGroupInformation.doAs(UserGroupInformation.java:1899) [hadoop-common-3.3.6.jar:?]
	at org.apache.hadoop.ipc.Server$Handler.run(Server.java:3048) [hadoop-common-3.3.6.jar:?]
13:00:27.680 [IPC Server handler 2 on default port 15163] ERROR OMAudit - user=runner | ip=127.0.0.1 | op=GET_FILE_STATUS {volume=volume08867, bucket=bucket18921, key=testBatchDelete/parent/childFolder/child0, dataSize=0, replicationConfig=null} | ret=FAILURE
org.apache.hadoop.ozone.om.exceptions.OMException: Unable to get file status: volume: volume08867 bucket: bucket18921 key: testBatchDelete/parent/childFolder/child0
	at org.apache.hadoop.ozone.om.KeyManagerImpl.getOzoneFileStatus(KeyManagerImpl.java:1198) ~[ozone-manager-1.4.0-SNAPSHOT.jar:?]
	at org.apache.hadoop.ozone.om.KeyManagerImpl.getFileStatus(KeyManagerImpl.java:1116) ~[ozone-manager-1.4.0-SNAPSHOT.jar:?]
	at org.apache.hadoop.ozone.om.OmMetadataReader.getFileStatus(OmMetadataReader.java:266) ~[ozone-manager-1.4.0-SNAPSHOT.jar:?]
	at org.apache.hadoop.ozone.om.OzoneManager.getFileStatus(OzoneManager.java:3552) ~[ozone-manager-1.4.0-SNAPSHOT.jar:?]
	at org.apache.hadoop.ozone.protocolPB.OzoneManagerRequestHandler.getOzoneFileStatus(OzoneManagerRequestHandler.java:998) ~[ozone-manager-1.4.0-SNAPSHOT.jar:?]
	at org.apache.hadoop.ozone.protocolPB.OzoneManagerRequestHandler.handleReadRequest(OzoneManagerRequestHandler.java:259) ~[ozone-manager-1.4.0-SNAPSHOT.jar:?]
	at org.apache.hadoop.ozone.protocolPB.OzoneManagerProtocolServerSideTranslatorPB.submitRequestDirectlyToOM(OzoneManagerProtocolServerSideTranslatorPB.java:274) ~[ozone-manager-1.4.0-SNAPSHOT.jar:?]
	at org.apache.hadoop.ozone.protocolPB.OzoneManagerProtocolServerSideTranslatorPB.processRequest(OzoneManagerProtocolServerSideTranslatorPB.java:175) ~[ozone-manager-1.4.0-SNAPSHOT.jar:?]
	at org.apache.hadoop.hdds.server.OzoneProtocolMessageDispatcher.processRequest(OzoneProtocolMessageDispatcher.java:87) [hdds-server-framework-1.4.0-SNAPSHOT.jar:?]
	at org.apache.hadoop.ozone.protocolPB.OzoneManagerProtocolServerSideTranslatorPB.submitRequest(OzoneManagerProtocolServerSideTranslatorPB.java:148) [ozone-manager-1.4.0-SNAPSHOT.jar:?]
	at org.apache.hadoop.ozone.protocol.proto.OzoneManagerProtocolProtos$OzoneManagerService$2.callBlockingMethod(OzoneManagerProtocolProtos.java) [ozone-interface-client-1.4.0-SNAPSHOT.jar:?]
	at org.apache.hadoop.ipc.ProtobufRpcEngine$Server.processCall(ProtobufRpcEngine.java:484) [hadoop-common-3.3.6.jar:?]
	at org.apache.hadoop.ipc.ProtobufRpcEngine2$Server$ProtoBufRpcInvoker.call(ProtobufRpcEngine2.java:595) [hadoop-common-3.3.6.jar:?]
	at org.apache.hadoop.ipc.ProtobufRpcEngine2$Server$ProtoBufRpcInvoker.call(ProtobufRpcEngine2.java:573) [hadoop-common-3.3.6.jar:?]
	at org.apache.hadoop.ipc.RPC$Server.call(RPC.java:1227) [hadoop-common-3.3.6.jar:?]
	at org.apache.hadoop.ipc.Server$RpcCall.run(Server.java:1094) [hadoop-common-3.3.6.jar:?]
	at org.apache.hadoop.ipc.Server$RpcCall.run(Server.java:1017) [hadoop-common-3.3.6.jar:?]
	at java.security.AccessController.doPrivileged(Native Method) ~[?:1.8.0_382]
	at javax.security.auth.Subject.doAs(Subject.java:422) [?:1.8.0_382]
	at org.apache.hadoop.security.UserGroupInformation.doAs(UserGroupInformation.java:1899) [hadoop-common-3.3.6.jar:?]
	at org.apache.hadoop.ipc.Server$Handler.run(Server.java:3048) [hadoop-common-3.3.6.jar:?]
13:00:27.681 [IPC Server handler 8 on default port 15163] ERROR OMAudit - user=runner | ip=127.0.0.1 | op=GET_FILE_STATUS {volume=volume08867, bucket=bucket18921, key=testBatchDelete/parent/child1, dataSize=0, replicationConfig=null} | ret=FAILURE
org.apache.hadoop.ozone.om.exceptions.OMException: Unable to get file status: volume: volume08867 bucket: bucket18921 key: testBatchDelete/parent/child1
	at org.apache.hadoop.ozone.om.KeyManagerImpl.getOzoneFileStatus(KeyManagerImpl.java:1198) ~[ozone-manager-1.4.0-SNAPSHOT.jar:?]
	at org.apache.hadoop.ozone.om.KeyManagerImpl.getFileStatus(KeyManagerImpl.java:1116) ~[ozone-manager-1.4.0-SNAPSHOT.jar:?]
	at org.apache.hadoop.ozone.om.OmMetadataReader.getFileStatus(OmMetadataReader.java:266) ~[ozone-manager-1.4.0-SNAPSHOT.jar:?]
	at org.apache.hadoop.ozone.om.OzoneManager.getFileStatus(OzoneManager.java:3552) ~[ozone-manager-1.4.0-SNAPSHOT.jar:?]
	at org.apache.hadoop.ozone.protocolPB.OzoneManagerRequestHandler.getOzoneFileStatus(OzoneManagerRequestHandler.java:998) ~[ozone-manager-1.4.0-SNAPSHOT.jar:?]
	at org.apache.hadoop.ozone.protocolPB.OzoneManagerRequestHandler.handleReadRequest(OzoneManagerRequestHandler.java:259) ~[ozone-manager-1.4.0-SNAPSHOT.jar:?]
	at org.apache.hadoop.ozone.protocolPB.OzoneManagerProtocolServerSideTranslatorPB.submitRequestDirectlyToOM(OzoneManagerProtocolServerSideTranslatorPB.java:274) ~[ozone-manager-1.4.0-SNAPSHOT.jar:?]
	at org.apache.hadoop.ozone.protocolPB.OzoneManagerProtocolServerSideTranslatorPB.processRequest(OzoneManagerProtocolServerSideTranslatorPB.java:175) ~[ozone-manager-1.4.0-SNAPSHOT.jar:?]
	at org.apache.hadoop.hdds.server.OzoneProtocolMessageDispatcher.processRequest(OzoneProtocolMessageDispatcher.java:87) [hdds-server-framework-1.4.0-SNAPSHOT.jar:?]
	at org.apache.hadoop.ozone.protocolPB.OzoneManagerProtocolServerSideTranslatorPB.submitRequest(OzoneManagerProtocolServerSideTranslatorPB.java:148) [ozone-manager-1.4.0-SNAPSHOT.jar:?]
	at org.apache.hadoop.ozone.protocol.proto.OzoneManagerProtocolProtos$OzoneManagerService$2.callBlockingMethod(OzoneManagerProtocolProtos.java) [ozone-interface-client-1.4.0-SNAPSHOT.jar:?]
	at org.apache.hadoop.ipc.ProtobufRpcEngine$Server.processCall(ProtobufRpcEngine.java:484) [hadoop-common-3.3.6.jar:?]
	at org.apache.hadoop.ipc.ProtobufRpcEngine2$Server$ProtoBufRpcInvoker.call(ProtobufRpcEngine2.java:595) [hadoop-common-3.3.6.jar:?]
	at org.apache.hadoop.ipc.ProtobufRpcEngine2$Server$ProtoBufRpcInvoker.call(ProtobufRpcEngine2.java:573) [hadoop-common-3.3.6.jar:?]
	at org.apache.hadoop.ipc.RPC$Server.call(RPC.java:1227) [hadoop-common-3.3.6.jar:?]
	at org.apache.hadoop.ipc.Server$RpcCall.run(Server.java:1094) [hadoop-common-3.3.6.jar:?]
	at org.apache.hadoop.ipc.Server$RpcCall.run(Server.java:1017) [hadoop-common-3.3.6.jar:?]
	at java.security.AccessController.doPrivileged(Native Method) ~[?:1.8.0_382]
	at javax.security.auth.Subject.doAs(Subject.java:422) [?:1.8.0_382]
	at org.apache.hadoop.security.UserGroupInformation.doAs(UserGroupInformation.java:1899) [hadoop-common-3.3.6.jar:?]
	at org.apache.hadoop.ipc.Server$Handler.run(Server.java:3048) [hadoop-common-3.3.6.jar:?]
13:00:27.682 [IPC Server handler 10 on default port 15163] ERROR OMAudit - user=runner | ip=127.0.0.1 | op=GET_FILE_STATUS {volume=volume08867, bucket=bucket18921, key=testBatchDelete/parent/childFolder/child1, dataSize=0, replicationConfig=null} | ret=FAILURE
org.apache.hadoop.ozone.om.exceptions.OMException: Unable to get file status: volume: volume08867 bucket: bucket18921 key: testBatchDelete/parent/childFolder/child1
	at org.apache.hadoop.ozone.om.KeyManagerImpl.getOzoneFileStatus(KeyManagerImpl.java:1198) ~[ozone-manager-1.4.0-SNAPSHOT.jar:?]
	at org.apache.hadoop.ozone.om.KeyManagerImpl.getFileStatus(KeyManagerImpl.java:1116) ~[ozone-manager-1.4.0-SNAPSHOT.jar:?]
	at org.apache.hadoop.ozone.om.OmMetadataReader.getFileStatus(OmMetadataReader.java:266) ~[ozone-manager-1.4.0-SNAPSHOT.jar:?]
	at org.apache.hadoop.ozone.om.OzoneManager.getFileStatus(OzoneManager.java:3552) ~[ozone-manager-1.4.0-SNAPSHOT.jar:?]
	at org.apache.hadoop.ozone.protocolPB.OzoneManagerRequestHandler.getOzoneFileStatus(OzoneManagerRequestHandler.java:998) ~[ozone-manager-1.4.0-SNAPSHOT.jar:?]
	at org.apache.hadoop.ozone.protocolPB.OzoneManagerRequestHandler.handleReadRequest(OzoneManagerRequestHandler.java:259) ~[ozone-manager-1.4.0-SNAPSHOT.jar:?]
	at org.apache.hadoop.ozone.protocolPB.OzoneManagerProtocolServerSideTranslatorPB.submitRequestDirectlyToOM(OzoneManagerProtocolServerSideTranslatorPB.java:274) ~[ozone-manager-1.4.0-SNAPSHOT.jar:?]
	at org.apache.hadoop.ozone.protocolPB.OzoneManagerProtocolServerSideTranslatorPB.processRequest(OzoneManagerProtocolServerSideTranslatorPB.java:175) ~[ozone-manager-1.4.0-SNAPSHOT.jar:?]
	at org.apache.hadoop.hdds.server.OzoneProtocolMessageDispatcher.processRequest(OzoneProtocolMessageDispatcher.java:87) [hdds-server-framework-1.4.0-SNAPSHOT.jar:?]
	at org.apache.hadoop.ozone.protocolPB.OzoneManagerProtocolServerSideTranslatorPB.submitRequest(OzoneManagerProtocolServerSideTranslatorPB.java:148) [ozone-manager-1.4.0-SNAPSHOT.jar:?]
	at org.apache.hadoop.ozone.protocol.proto.OzoneManagerProtocolProtos$OzoneManagerService$2.callBlockingMethod(OzoneManagerProtocolProtos.java) [ozone-interface-client-1.4.0-SNAPSHOT.jar:?]
	at org.apache.hadoop.ipc.ProtobufRpcEngine$Server.processCall(ProtobufRpcEngine.java:484) [hadoop-common-3.3.6.jar:?]
	at org.apache.hadoop.ipc.ProtobufRpcEngine2$Server$ProtoBufRpcInvoker.call(ProtobufRpcEngine2.java:595) [hadoop-common-3.3.6.jar:?]
	at org.apache.hadoop.ipc.ProtobufRpcEngine2$Server$ProtoBufRpcInvoker.call(ProtobufRpcEngine2.java:573) [hadoop-common-3.3.6.jar:?]
	at org.apache.hadoop.ipc.RPC$Server.call(RPC.java:1227) [hadoop-common-3.3.6.jar:?]
	at org.apache.hadoop.ipc.Server$RpcCall.run(Server.java:1094) [hadoop-common-3.3.6.jar:?]
	at org.apache.hadoop.ipc.Server$RpcCall.run(Server.java:1017) [hadoop-common-3.3.6.jar:?]
	at java.security.AccessController.doPrivileged(Native Method) ~[?:1.8.0_382]
	at javax.security.auth.Subject.doAs(Subject.java:422) [?:1.8.0_382]
	at org.apache.hadoop.security.UserGroupInformation.doAs(UserGroupInformation.java:1899) [hadoop-common-3.3.6.jar:?]
	at org.apache.hadoop.ipc.Server$Handler.run(Server.java:3048) [hadoop-common-3.3.6.jar:?]
13:00:27.683 [IPC Server handler 9 on default port 15163] ERROR OMAudit - user=runner | ip=127.0.0.1 | op=GET_FILE_STATUS {volume=volume08867, bucket=bucket18921, key=testBatchDelete/parent/child2, dataSize=0, replicationConfig=null} | ret=FAILURE
org.apache.hadoop.ozone.om.exceptions.OMException: Unable to get file status: volume: volume08867 bucket: bucket18921 key: testBatchDelete/parent/child2
	at org.apache.hadoop.ozone.om.KeyManagerImpl.getOzoneFileStatus(KeyManagerImpl.java:1198) ~[ozone-manager-1.4.0-SNAPSHOT.jar:?]
	at org.apache.hadoop.ozone.om.KeyManagerImpl.getFileStatus(KeyManagerImpl.java:1116) ~[ozone-manager-1.4.0-SNAPSHOT.jar:?]
	at org.apache.hadoop.ozone.om.OmMetadataReader.getFileStatus(OmMetadataReader.java:266) ~[ozone-manager-1.4.0-SNAPSHOT.jar:?]
	at org.apache.hadoop.ozone.om.OzoneManager.getFileStatus(OzoneManager.java:3552) ~[ozone-manager-1.4.0-SNAPSHOT.jar:?]
	at org.apache.hadoop.ozone.protocolPB.OzoneManagerRequestHandler.getOzoneFileStatus(OzoneManagerRequestHandler.java:998) ~[ozone-manager-1.4.0-SNAPSHOT.jar:?]
	at org.apache.hadoop.ozone.protocolPB.OzoneManagerRequestHandler.handleReadRequest(OzoneManagerRequestHandler.java:259) ~[ozone-manager-1.4.0-SNAPSHOT.jar:?]
	at org.apache.hadoop.ozone.protocolPB.OzoneManagerProtocolServerSideTranslatorPB.submitRequestDirectlyToOM(OzoneManagerProtocolServerSideTranslatorPB.java:274) ~[ozone-manager-1.4.0-SNAPSHOT.jar:?]
	at org.apache.hadoop.ozone.protocolPB.OzoneManagerProtocolServerSideTranslatorPB.processRequest(OzoneManagerProtocolServerSideTranslatorPB.java:175) ~[ozone-manager-1.4.0-SNAPSHOT.jar:?]
	at org.apache.hadoop.hdds.server.OzoneProtocolMessageDispatcher.processRequest(OzoneProtocolMessageDispatcher.java:87) [hdds-server-framework-1.4.0-SNAPSHOT.jar:?]
	at org.apache.hadoop.ozone.protocolPB.OzoneManagerProtocolServerSideTranslatorPB.submitRequest(OzoneManagerProtocolServerSideTranslatorPB.java:148) [ozone-manager-1.4.0-SNAPSHOT.jar:?]
	at org.apache.hadoop.ozone.protocol.proto.OzoneManagerProtocolProtos$OzoneManagerService$2.callBlockingMethod(OzoneManagerProtocolProtos.java) [ozone-interface-client-1.4.0-SNAPSHOT.jar:?]
	at org.apache.hadoop.ipc.ProtobufRpcEngine$Server.processCall(ProtobufRpcEngine.java:484) [hadoop-common-3.3.6.jar:?]
	at org.apache.hadoop.ipc.ProtobufRpcEngine2$Server$ProtoBufRpcInvoker.call(ProtobufRpcEngine2.java:595) [hadoop-common-3.3.6.jar:?]
	at org.apache.hadoop.ipc.ProtobufRpcEngine2$Server$ProtoBufRpcInvoker.call(ProtobufRpcEngine2.java:573) [hadoop-common-3.3.6.jar:?]
	at org.apache.hadoop.ipc.RPC$Server.call(RPC.java:1227) [hadoop-common-3.3.6.jar:?]
	at org.apache.hadoop.ipc.Server$RpcCall.run(Server.java:1094) [hadoop-common-3.3.6.jar:?]
	at org.apache.hadoop.ipc.Server$RpcCall.run(Server.java:1017) [hadoop-common-3.3.6.jar:?]
	at java.security.AccessController.doPrivileged(Native Method) ~[?:1.8.0_382]
	at javax.security.auth.Subject.doAs(Subject.java:422) [?:1.8.0_382]
	at org.apache.hadoop.security.UserGroupInformation.doAs(UserGroupInformation.java:1899) [hadoop-common-3.3.6.jar:?]
	at org.apache.hadoop.ipc.Server$Handler.run(Server.java:3048) [hadoop-common-3.3.6.jar:?]
13:00:27.684 [IPC Server handler 12 on default port 15163] ERROR OMAudit - user=runner | ip=127.0.0.1 | op=GET_FILE_STATUS {volume=volume08867, bucket=bucket18921, key=testBatchDelete/parent/childFolder/child2, dataSize=0, replicationConfig=null} | ret=FAILURE
org.apache.hadoop.ozone.om.exceptions.OMException: Unable to get file status: volume: volume08867 bucket: bucket18921 key: testBatchDelete/parent/childFolder/child2
	at org.apache.hadoop.ozone.om.KeyManagerImpl.getOzoneFileStatus(KeyManagerImpl.java:1198) ~[ozone-manager-1.4.0-SNAPSHOT.jar:?]
	at org.apache.hadoop.ozone.om.KeyManagerImpl.getFileStatus(KeyManagerImpl.java:1116) ~[ozone-manager-1.4.0-SNAPSHOT.jar:?]
	at org.apache.hadoop.ozone.om.OmMetadataReader.getFileStatus(OmMetadataReader.java:266) ~[ozone-manager-1.4.0-SNAPSHOT.jar:?]
	at org.apache.hadoop.ozone.om.OzoneManager.getFileStatus(OzoneManager.java:3552) ~[ozone-manager-1.4.0-SNAPSHOT.jar:?]
	at org.apache.hadoop.ozone.protocolPB.OzoneManagerRequestHandler.getOzoneFileStatus(OzoneManagerRequestHandler.java:998) ~[ozone-manager-1.4.0-SNAPSHOT.jar:?]
	at org.apache.hadoop.ozone.protocolPB.OzoneManagerRequestHandler.handleReadRequest(OzoneManagerRequestHandler.java:259) ~[ozone-manager-1.4.0-SNAPSHOT.jar:?]
	at org.apache.hadoop.ozone.protocolPB.OzoneManagerProtocolServerSideTranslatorPB.submitRequestDirectlyToOM(OzoneManagerProtocolServerSideTranslatorPB.java:274) ~[ozone-manager-1.4.0-SNAPSHOT.jar:?]
	at org.apache.hadoop.ozone.protocolPB.OzoneManagerProtocolServerSideTranslatorPB.processRequest(OzoneManagerProtocolServerSideTranslatorPB.java:175) ~[ozone-manager-1.4.0-SNAPSHOT.jar:?]
	at org.apache.hadoop.hdds.server.OzoneProtocolMessageDispatcher.processRequest(OzoneProtocolMessageDispatcher.java:87) [hdds-server-framework-1.4.0-SNAPSHOT.jar:?]
	at org.apache.hadoop.ozone.protocolPB.OzoneManagerProtocolServerSideTranslatorPB.submitRequest(OzoneManagerProtocolServerSideTranslatorPB.java:148) [ozone-manager-1.4.0-SNAPSHOT.jar:?]
	at org.apache.hadoop.ozone.protocol.proto.OzoneManagerProtocolProtos$OzoneManagerService$2.callBlockingMethod(OzoneManagerProtocolProtos.java) [ozone-interface-client-1.4.0-SNAPSHOT.jar:?]
	at org.apache.hadoop.ipc.ProtobufRpcEngine$Server.processCall(ProtobufRpcEngine.java:484) [hadoop-common-3.3.6.jar:?]
	at org.apache.hadoop.ipc.ProtobufRpcEngine2$Server$ProtoBufRpcInvoker.call(ProtobufRpcEngine2.java:595) [hadoop-common-3.3.6.jar:?]
	at org.apache.hadoop.ipc.ProtobufRpcEngine2$Server$ProtoBufRpcInvoker.call(ProtobufRpcEngine2.java:573) [hadoop-common-3.3.6.jar:?]
	at org.apache.hadoop.ipc.RPC$Server.call(RPC.java:1227) [hadoop-common-3.3.6.jar:?]
	at org.apache.hadoop.ipc.Server$RpcCall.run(Server.java:1094) [hadoop-common-3.3.6.jar:?]
	at org.apache.hadoop.ipc.Server$RpcCall.run(Server.java:1017) [hadoop-common-3.3.6.jar:?]
	at java.security.AccessController.doPrivileged(Native Method) ~[?:1.8.0_382]
	at javax.security.auth.Subject.doAs(Subject.java:422) [?:1.8.0_382]
	at org.apache.hadoop.security.UserGroupInformation.doAs(UserGroupInformation.java:1899) [hadoop-common-3.3.6.jar:?]
	at org.apache.hadoop.ipc.Server$Handler.run(Server.java:3048) [hadoop-common-3.3.6.jar:?]
13:00:27.685 [IPC Server handler 13 on default port 15163] ERROR OMAudit - user=runner | ip=127.0.0.1 | op=GET_FILE_STATUS {volume=volume08867, bucket=bucket18921, key=testBatchDelete/parent/child3, dataSize=0, replicationConfig=null} | ret=FAILURE
org.apache.hadoop.ozone.om.exceptions.OMException: Unable to get file status: volume: volume08867 bucket: bucket18921 key: testBatchDelete/parent/child3
	at org.apache.hadoop.ozone.om.KeyManagerImpl.getOzoneFileStatus(KeyManagerImpl.java:1198) ~[ozone-manager-1.4.0-SNAPSHOT.jar:?]
	at org.apache.hadoop.ozone.om.KeyManagerImpl.getFileStatus(KeyManagerImpl.java:1116) ~[ozone-manager-1.4.0-SNAPSHOT.jar:?]
	at org.apache.hadoop.ozone.om.OmMetadataReader.getFileStatus(OmMetadataReader.java:266) ~[ozone-manager-1.4.0-SNAPSHOT.jar:?]
	at org.apache.hadoop.ozone.om.OzoneManager.getFileStatus(OzoneManager.java:3552) ~[ozone-manager-1.4.0-SNAPSHOT.jar:?]
	at org.apache.hadoop.ozone.protocolPB.OzoneManagerRequestHandler.getOzoneFileStatus(OzoneManagerRequestHandler.java:998) ~[ozone-manager-1.4.0-SNAPSHOT.jar:?]
	at org.apache.hadoop.ozone.protocolPB.OzoneManagerRequestHandler.handleReadRequest(OzoneManagerRequestHandler.java:259) ~[ozone-manager-1.4.0-SNAPSHOT.jar:?]
	at org.apache.hadoop.ozone.protocolPB.OzoneManagerProtocolServerSideTranslatorPB.submitRequestDirectlyToOM(OzoneManagerProtocolServerSideTranslatorPB.java:274) ~[ozone-manager-1.4.0-SNAPSHOT.jar:?]
	at org.apache.hadoop.ozone.protocolPB.OzoneManagerProtocolServerSideTranslatorPB.processRequest(OzoneManagerProtocolServerSideTranslatorPB.java:175) ~[ozone-manager-1.4.0-SNAPSHOT.jar:?]
	at org.apache.hadoop.hdds.server.OzoneProtocolMessageDispatcher.processRequest(OzoneProtocolMessageDispatcher.java:87) [hdds-server-framework-1.4.0-SNAPSHOT.jar:?]
	at org.apache.hadoop.ozone.protocolPB.OzoneManagerProtocolServerSideTranslatorPB.submitRequest(OzoneManagerProtocolServerSideTranslatorPB.java:148) [ozone-manager-1.4.0-SNAPSHOT.jar:?]
	at org.apache.hadoop.ozone.protocol.proto.OzoneManagerProtocolProtos$OzoneManagerService$2.callBlockingMethod(OzoneManagerProtocolProtos.java) [ozone-interface-client-1.4.0-SNAPSHOT.jar:?]
	at org.apache.hadoop.ipc.ProtobufRpcEngine$Server.processCall(ProtobufRpcEngine.java:484) [hadoop-common-3.3.6.jar:?]
	at org.apache.hadoop.ipc.ProtobufRpcEngine2$Server$ProtoBufRpcInvoker.call(ProtobufRpcEngine2.java:595) [hadoop-common-3.3.6.jar:?]
	at org.apache.hadoop.ipc.ProtobufRpcEngine2$Server$ProtoBufRpcInvoker.call(ProtobufRpcEngine2.java:573) [hadoop-common-3.3.6.jar:?]
	at org.apache.hadoop.ipc.RPC$Server.call(RPC.java:1227) [hadoop-common-3.3.6.jar:?]
	at org.apache.hadoop.ipc.Server$RpcCall.run(Server.java:1094) [hadoop-common-3.3.6.jar:?]
	at org.apache.hadoop.ipc.Server$RpcCall.run(Server.java:1017) [hadoop-common-3.3.6.jar:?]
	at java.security.AccessController.doPrivileged(Native Method) ~[?:1.8.0_382]
	at javax.security.auth.Subject.doAs(Subject.java:422) [?:1.8.0_382]
	at org.apache.hadoop.security.UserGroupInformation.doAs(UserGroupInformation.java:1899) [hadoop-common-3.3.6.jar:?]
	at org.apache.hadoop.ipc.Server$Handler.run(Server.java:3048) [hadoop-common-3.3.6.jar:?]
13:00:27.686 [IPC Server handler 14 on default port 15163] ERROR OMAudit - user=runner | ip=127.0.0.1 | op=GET_FILE_STATUS {volume=volume08867, bucket=bucket18921, key=testBatchDelete/parent/childFolder/child3, dataSize=0, replicationConfig=null} | ret=FAILURE
org.apache.hadoop.ozone.om.exceptions.OMException: Unable to get file status: volume: volume08867 bucket: bucket18921 key: testBatchDelete/parent/childFolder/child3
	at org.apache.hadoop.ozone.om.KeyManagerImpl.getOzoneFileStatus(KeyManagerImpl.java:1198) ~[ozone-manager-1.4.0-SNAPSHOT.jar:?]
	at org.apache.hadoop.ozone.om.KeyManagerImpl.getFileStatus(KeyManagerImpl.java:1116) ~[ozone-manager-1.4.0-SNAPSHOT.jar:?]
	at org.apache.hadoop.ozone.om.OmMetadataReader.getFileStatus(OmMetadataReader.java:266) ~[ozone-manager-1.4.0-SNAPSHOT.jar:?]
	at org.apache.hadoop.ozone.om.OzoneManager.getFileStatus(OzoneManager.java:3552) ~[ozone-manager-1.4.0-SNAPSHOT.jar:?]
	at org.apache.hadoop.ozone.protocolPB.OzoneManagerRequestHandler.getOzoneFileStatus(OzoneManagerRequestHandler.java:998) ~[ozone-manager-1.4.0-SNAPSHOT.jar:?]
	at org.apache.hadoop.ozone.protocolPB.OzoneManagerRequestHandler.handleReadRequest(OzoneManagerRequestHandler.java:259) ~[ozone-manager-1.4.0-SNAPSHOT.jar:?]
	at org.apache.hadoop.ozone.protocolPB.OzoneManagerProtocolServerSideTranslatorPB.submitRequestDirectlyToOM(OzoneManagerProtocolServerSideTranslatorPB.java:274) ~[ozone-manager-1.4.0-SNAPSHOT.jar:?]
	at org.apache.hadoop.ozone.protocolPB.OzoneManagerProtocolServerSideTranslatorPB.processRequest(OzoneManagerProtocolServerSideTranslatorPB.java:175) ~[ozone-manager-1.4.0-SNAPSHOT.jar:?]
	at org.apache.hadoop.hdds.server.OzoneProtocolMessageDispatcher.processRequest(OzoneProtocolMessageDispatcher.java:87) [hdds-server-framework-1.4.0-SNAPSHOT.jar:?]
	at org.apache.hadoop.ozone.protocolPB.OzoneManagerProtocolServerSideTranslatorPB.submitRequest(OzoneManagerProtocolServerSideTranslatorPB.java:148) [ozone-manager-1.4.0-SNAPSHOT.jar:?]
	at org.apache.hadoop.ozone.protocol.proto.OzoneManagerProtocolProtos$OzoneManagerService$2.callBlockingMethod(OzoneManagerProtocolProtos.java) [ozone-interface-client-1.4.0-SNAPSHOT.jar:?]
	at org.apache.hadoop.ipc.ProtobufRpcEngine$Server.processCall(ProtobufRpcEngine.java:484) [hadoop-common-3.3.6.jar:?]
	at org.apache.hadoop.ipc.ProtobufRpcEngine2$Server$ProtoBufRpcInvoker.call(ProtobufRpcEngine2.java:595) [hadoop-common-3.3.6.jar:?]
	at org.apache.hadoop.ipc.ProtobufRpcEngine2$Server$ProtoBufRpcInvoker.call(ProtobufRpcEngine2.java:573) [hadoop-common-3.3.6.jar:?]
	at org.apache.hadoop.ipc.RPC$Server.call(RPC.java:1227) [hadoop-common-3.3.6.jar:?]
	at org.apache.hadoop.ipc.Server$RpcCall.run(Server.java:1094) [hadoop-common-3.3.6.jar:?]
	at org.apache.hadoop.ipc.Server$RpcCall.run(Server.java:1017) [hadoop-common-3.3.6.jar:?]
	at java.security.AccessController.doPrivileged(Native Method) ~[?:1.8.0_382]
	at javax.security.auth.Subject.doAs(Subject.java:422) [?:1.8.0_382]
	at org.apache.hadoop.security.UserGroupInformation.doAs(UserGroupInformation.java:1899) [hadoop-common-3.3.6.jar:?]
	at org.apache.hadoop.ipc.Server$Handler.run(Server.java:3048) [hadoop-common-3.3.6.jar:?]
13:00:27.688 [IPC Server handler 15 on default port 15163] ERROR OMAudit - user=runner | ip=127.0.0.1 | op=GET_FILE_STATUS {volume=volume08867, bucket=bucket18921, key=testBatchDelete/parent/child4, dataSize=0, replicationConfig=null} | ret=FAILURE
org.apache.hadoop.ozone.om.exceptions.OMException: Unable to get file status: volume: volume08867 bucket: bucket18921 key: testBatchDelete/parent/child4
	at org.apache.hadoop.ozone.om.KeyManagerImpl.getOzoneFileStatus(KeyManagerImpl.java:1198) ~[ozone-manager-1.4.0-SNAPSHOT.jar:?]
	at org.apache.hadoop.ozone.om.KeyManagerImpl.getFileStatus(KeyManagerImpl.java:1116) ~[ozone-manager-1.4.0-SNAPSHOT.jar:?]
	at org.apache.hadoop.ozone.om.OmMetadataReader.getFileStatus(OmMetadataReader.java:266) ~[ozone-manager-1.4.0-SNAPSHOT.jar:?]
	at org.apache.hadoop.ozone.om.OzoneManager.getFileStatus(OzoneManager.java:3552) ~[ozone-manager-1.4.0-SNAPSHOT.jar:?]
	at org.apache.hadoop.ozone.protocolPB.OzoneManagerRequestHandler.getOzoneFileStatus(OzoneManagerRequestHandler.java:998) ~[ozone-manager-1.4.0-SNAPSHOT.jar:?]
	at org.apache.hadoop.ozone.protocolPB.OzoneManagerRequestHandler.handleReadRequest(OzoneManagerRequestHandler.java:259) ~[ozone-manager-1.4.0-SNAPSHOT.jar:?]
	at org.apache.hadoop.ozone.protocolPB.OzoneManagerProtocolServerSideTranslatorPB.submitRequestDirectlyToOM(OzoneManagerProtocolServerSideTranslatorPB.java:274) ~[ozone-manager-1.4.0-SNAPSHOT.jar:?]
	at org.apache.hadoop.ozone.protocolPB.OzoneManagerProtocolServerSideTranslatorPB.processRequest(OzoneManagerProtocolServerSideTranslatorPB.java:175) ~[ozone-manager-1.4.0-SNAPSHOT.jar:?]
	at org.apache.hadoop.hdds.server.OzoneProtocolMessageDispatcher.processRequest(OzoneProtocolMessageDispatcher.java:87) [hdds-server-framework-1.4.0-SNAPSHOT.jar:?]
	at org.apache.hadoop.ozone.protocolPB.OzoneManagerProtocolServerSideTranslatorPB.submitRequest(OzoneManagerProtocolServerSideTranslatorPB.java:148) [ozone-manager-1.4.0-SNAPSHOT.jar:?]
	at org.apache.hadoop.ozone.protocol.proto.OzoneManagerProtocolProtos$OzoneManagerService$2.callBlockingMethod(OzoneManagerProtocolProtos.java) [ozone-interface-client-1.4.0-SNAPSHOT.jar:?]
	at org.apache.hadoop.ipc.ProtobufRpcEngine$Server.processCall(ProtobufRpcEngine.java:484) [hadoop-common-3.3.6.jar:?]
	at org.apache.hadoop.ipc.ProtobufRpcEngine2$Server$ProtoBufRpcInvoker.call(ProtobufRpcEngine2.java:595) [hadoop-common-3.3.6.jar:?]
	at org.apache.hadoop.ipc.ProtobufRpcEngine2$Server$ProtoBufRpcInvoker.call(ProtobufRpcEngine2.java:573) [hadoop-common-3.3.6.jar:?]
	at org.apache.hadoop.ipc.RPC$Server.call(RPC.java:1227) [hadoop-common-3.3.6.jar:?]
	at org.apache.hadoop.ipc.Server$RpcCall.run(Server.java:1094) [hadoop-common-3.3.6.jar:?]
	at org.apache.hadoop.ipc.Server$RpcCall.run(Server.java:1017) [hadoop-common-3.3.6.jar:?]
	at java.security.AccessController.doPrivileged(Native Method) ~[?:1.8.0_382]
	at javax.security.auth.Subject.doAs(Subject.java:422) [?:1.8.0_382]
	at org.apache.hadoop.security.UserGroupInformation.doAs(UserGroupInformation.java:1899) [hadoop-common-3.3.6.jar:?]
	at org.apache.hadoop.ipc.Server$Handler.run(Server.java:3048) [hadoop-common-3.3.6.jar:?]
13:00:27.689 [IPC Server handler 16 on default port 15163] ERROR OMAudit - user=runner | ip=127.0.0.1 | op=GET_FILE_STATUS {volume=volume08867, bucket=bucket18921, key=testBatchDelete/parent/childFolder/child4, dataSize=0, replicationConfig=null} | ret=FAILURE
org.apache.hadoop.ozone.om.exceptions.OMException: Unable to get file status: volume: volume08867 bucket: bucket18921 key: testBatchDelete/parent/childFolder/child4
	at org.apache.hadoop.ozone.om.KeyManagerImpl.getOzoneFileStatus(KeyManagerImpl.java:1198) ~[ozone-manager-1.4.0-SNAPSHOT.jar:?]
	at org.apache.hadoop.ozone.om.KeyManagerImpl.getFileStatus(KeyManagerImpl.java:1116) ~[ozone-manager-1.4.0-SNAPSHOT.jar:?]
	at org.apache.hadoop.ozone.om.OmMetadataReader.getFileStatus(OmMetadataReader.java:266) ~[ozone-manager-1.4.0-SNAPSHOT.jar:?]
	at org.apache.hadoop.ozone.om.OzoneManager.getFileStatus(OzoneManager.java:3552) ~[ozone-manager-1.4.0-SNAPSHOT.jar:?]
	at org.apache.hadoop.ozone.protocolPB.OzoneManagerRequestHandler.getOzoneFileStatus(OzoneManagerRequestHandler.java:998) ~[ozone-manager-1.4.0-SNAPSHOT.jar:?]
	at org.apache.hadoop.ozone.protocolPB.OzoneManagerRequestHandler.handleReadRequest(OzoneManagerRequestHandler.java:259) ~[ozone-manager-1.4.0-SNAPSHOT.jar:?]
	at org.apache.hadoop.ozone.protocolPB.OzoneManagerProtocolServerSideTranslatorPB.submitRequestDirectlyToOM(OzoneManagerProtocolServerSideTranslatorPB.java:274) ~[ozone-manager-1.4.0-SNAPSHOT.jar:?]
	at org.apache.hadoop.ozone.protocolPB.OzoneManagerProtocolServerSideTranslatorPB.processRequest(OzoneManagerProtocolServerSideTranslatorPB.java:175) ~[ozone-manager-1.4.0-SNAPSHOT.jar:?]
	at org.apache.hadoop.hdds.server.OzoneProtocolMessageDispatcher.processRequest(OzoneProtocolMessageDispatcher.java:87) [hdds-server-framework-1.4.0-SNAPSHOT.jar:?]
	at org.apache.hadoop.ozone.protocolPB.OzoneManagerProtocolServerSideTranslatorPB.submitRequest(OzoneManagerProtocolServerSideTranslatorPB.java:148) [ozone-manager-1.4.0-SNAPSHOT.jar:?]
	at org.apache.hadoop.ozone.protocol.proto.OzoneManagerProtocolProtos$OzoneManagerService$2.callBlockingMethod(OzoneManagerProtocolProtos.java) [ozone-interface-client-1.4.0-SNAPSHOT.jar:?]
	at org.apache.hadoop.ipc.ProtobufRpcEngine$Server.processCall(ProtobufRpcEngine.java:484) [hadoop-common-3.3.6.jar:?]
	at org.apache.hadoop.ipc.ProtobufRpcEngine2$Server$ProtoBufRpcInvoker.call(ProtobufRpcEngine2.java:595) [hadoop-common-3.3.6.jar:?]
	at org.apache.hadoop.ipc.ProtobufRpcEngine2$Server$ProtoBufRpcInvoker.call(ProtobufRpcEngine2.java:573) [hadoop-common-3.3.6.jar:?]
	at org.apache.hadoop.ipc.RPC$Server.call(RPC.java:1227) [hadoop-common-3.3.6.jar:?]
	at org.apache.hadoop.ipc.Server$RpcCall.run(Server.java:1094) [hadoop-common-3.3.6.jar:?]
	at org.apache.hadoop.ipc.Server$RpcCall.run(Server.java:1017) [hadoop-common-3.3.6.jar:?]
	at java.security.AccessController.doPrivileged(Native Method) ~[?:1.8.0_382]
	at javax.security.auth.Subject.doAs(Subject.java:422) [?:1.8.0_382]
	at org.apache.hadoop.security.UserGroupInformation.doAs(UserGroupInformation.java:1899) [hadoop-common-3.3.6.jar:?]
	at org.apache.hadoop.ipc.Server$Handler.run(Server.java:3048) [hadoop-common-3.3.6.jar:?]
13:00:27.690 [IPC Server handler 18 on default port 15163] ERROR OMAudit - user=runner | ip=127.0.0.1 | op=GET_FILE_STATUS {volume=volume08867, bucket=bucket18921, key=testBatchDelete/parent/child5, dataSize=0, replicationConfig=null} | ret=FAILURE
org.apache.hadoop.ozone.om.exceptions.OMException: Unable to get file status: volume: volume08867 bucket: bucket18921 key: testBatchDelete/parent/child5
	at org.apache.hadoop.ozone.om.KeyManagerImpl.getOzoneFileStatus(KeyManagerImpl.java:1198) ~[ozone-manager-1.4.0-SNAPSHOT.jar:?]
	at org.apache.hadoop.ozone.om.KeyManagerImpl.getFileStatus(KeyManagerImpl.java:1116) ~[ozone-manager-1.4.0-SNAPSHOT.jar:?]
	at org.apache.hadoop.ozone.om.OmMetadataReader.getFileStatus(OmMetadataReader.java:266) ~[ozone-manager-1.4.0-SNAPSHOT.jar:?]
	at org.apache.hadoop.ozone.om.OzoneManager.getFileStatus(OzoneManager.java:3552) ~[ozone-manager-1.4.0-SNAPSHOT.jar:?]
	at org.apache.hadoop.ozone.protocolPB.OzoneManagerRequestHandler.getOzoneFileStatus(OzoneManagerRequestHandler.java:998) ~[ozone-manager-1.4.0-SNAPSHOT.jar:?]
	at org.apache.hadoop.ozone.protocolPB.OzoneManagerRequestHandler.handleReadRequest(OzoneManagerRequestHandler.java:259) ~[ozone-manager-1.4.0-SNAPSHOT.jar:?]
	at org.apache.hadoop.ozone.protocolPB.OzoneManagerProtocolServerSideTranslatorPB.submitRequestDirectlyToOM(OzoneManagerProtocolServerSideTranslatorPB.java:274) ~[ozone-manager-1.4.0-SNAPSHOT.jar:?]
	at org.apache.hadoop.ozone.protocolPB.OzoneManagerProtocolServerSideTranslatorPB.processRequest(OzoneManagerProtocolServerSideTranslatorPB.java:175) ~[ozone-manager-1.4.0-SNAPSHOT.jar:?]
	at org.apache.hadoop.hdds.server.OzoneProtocolMessageDispatcher.processRequest(OzoneProtocolMessageDispatcher.java:87) [hdds-server-framework-1.4.0-SNAPSHOT.jar:?]
	at org.apache.hadoop.ozone.protocolPB.OzoneManagerProtocolServerSideTranslatorPB.submitRequest(OzoneManagerProtocolServerSideTranslatorPB.java:148) [ozone-manager-1.4.0-SNAPSHOT.jar:?]
	at org.apache.hadoop.ozone.protocol.proto.OzoneManagerProtocolProtos$OzoneManagerService$2.callBlockingMethod(OzoneManagerProtocolProtos.java) [ozone-interface-client-1.4.0-SNAPSHOT.jar:?]
	at org.apache.hadoop.ipc.ProtobufRpcEngine$Server.processCall(ProtobufRpcEngine.java:484) [hadoop-common-3.3.6.jar:?]
	at org.apache.hadoop.ipc.ProtobufRpcEngine2$Server$ProtoBufRpcInvoker.call(ProtobufRpcEngine2.java:595) [hadoop-common-3.3.6.jar:?]
	at org.apache.hadoop.ipc.ProtobufRpcEngine2$Server$ProtoBufRpcInvoker.call(ProtobufRpcEngine2.java:573) [hadoop-common-3.3.6.jar:?]
	at org.apache.hadoop.ipc.RPC$Server.call(RPC.java:1227) [hadoop-common-3.3.6.jar:?]
	at org.apache.hadoop.ipc.Server$RpcCall.run(Server.java:1094) [hadoop-common-3.3.6.jar:?]
	at org.apache.hadoop.ipc.Server$RpcCall.run(Server.java:1017) [hadoop-common-3.3.6.jar:?]
	at java.security.AccessController.doPrivileged(Native Method) ~[?:1.8.0_382]
	at javax.security.auth.Subject.doAs(Subject.java:422) [?:1.8.0_382]
	at org.apache.hadoop.security.UserGroupInformation.doAs(UserGroupInformation.java:1899) [hadoop-common-3.3.6.jar:?]
	at org.apache.hadoop.ipc.Server$Handler.run(Server.java:3048) [hadoop-common-3.3.6.jar:?]
13:00:27.691 [IPC Server handler 17 on default port 15163] ERROR OMAudit - user=runner | ip=127.0.0.1 | op=GET_FILE_STATUS {volume=volume08867, bucket=bucket18921, key=testBatchDelete/parent/childFolder/child5, dataSize=0, replicationConfig=null} | ret=FAILURE
org.apache.hadoop.ozone.om.exceptions.OMException: Unable to get file status: volume: volume08867 bucket: bucket18921 key: testBatchDelete/parent/childFolder/child5
	at org.apache.hadoop.ozone.om.KeyManagerImpl.getOzoneFileStatus(KeyManagerImpl.java:1198) ~[ozone-manager-1.4.0-SNAPSHOT.jar:?]
	at org.apache.hadoop.ozone.om.KeyManagerImpl.getFileStatus(KeyManagerImpl.java:1116) ~[ozone-manager-1.4.0-SNAPSHOT.jar:?]
	at org.apache.hadoop.ozone.om.OmMetadataReader.getFileStatus(OmMetadataReader.java:266) ~[ozone-manager-1.4.0-SNAPSHOT.jar:?]
	at org.apache.hadoop.ozone.om.OzoneManager.getFileStatus(OzoneManager.java:3552) ~[ozone-manager-1.4.0-SNAPSHOT.jar:?]
	at org.apache.hadoop.ozone.protocolPB.OzoneManagerRequestHandler.getOzoneFileStatus(OzoneManagerRequestHandler.java:998) ~[ozone-manager-1.4.0-SNAPSHOT.jar:?]
	at org.apache.hadoop.ozone.protocolPB.OzoneManagerRequestHandler.handleReadRequest(OzoneManagerRequestHandler.java:259) ~[ozone-manager-1.4.0-SNAPSHOT.jar:?]
	at org.apache.hadoop.ozone.protocolPB.OzoneManagerProtocolServerSideTranslatorPB.submitRequestDirectlyToOM(OzoneManagerProtocolServerSideTranslatorPB.java:274) ~[ozone-manager-1.4.0-SNAPSHOT.jar:?]
	at org.apache.hadoop.ozone.protocolPB.OzoneManagerProtocolServerSideTranslatorPB.processRequest(OzoneManagerProtocolServerSideTranslatorPB.java:175) ~[ozone-manager-1.4.0-SNAPSHOT.jar:?]
	at org.apache.hadoop.hdds.server.OzoneProtocolMessageDispatcher.processRequest(OzoneProtocolMessageDispatcher.java:87) [hdds-server-framework-1.4.0-SNAPSHOT.jar:?]
	at org.apache.hadoop.ozone.protocolPB.OzoneManagerProtocolServerSideTranslatorPB.submitRequest(OzoneManagerProtocolServerSideTranslatorPB.java:148) [ozone-manager-1.4.0-SNAPSHOT.jar:?]
	at org.apache.hadoop.ozone.protocol.proto.OzoneManagerProtocolProtos$OzoneManagerService$2.callBlockingMethod(OzoneManagerProtocolProtos.java) [ozone-interface-client-1.4.0-SNAPSHOT.jar:?]
	at org.apache.hadoop.ipc.ProtobufRpcEngine$Server.processCall(ProtobufRpcEngine.java:484) [hadoop-common-3.3.6.jar:?]
	at org.apache.hadoop.ipc.ProtobufRpcEngine2$Server$ProtoBufRpcInvoker.call(ProtobufRpcEngine2.java:595) [hadoop-common-3.3.6.jar:?]
	at org.apache.hadoop.ipc.ProtobufRpcEngine2$Server$ProtoBufRpcInvoker.call(ProtobufRpcEngine2.java:573) [hadoop-common-3.3.6.jar:?]
	at org.apache.hadoop.ipc.RPC$Server.call(RPC.java:1227) [hadoop-common-3.3.6.jar:?]
	at org.apache.hadoop.ipc.Server$RpcCall.run(Server.java:1094) [hadoop-common-3.3.6.jar:?]
	at org.apache.hadoop.ipc.Server$RpcCall.run(Server.java:1017) [hadoop-common-3.3.6.jar:?]
	at java.security.AccessController.doPrivileged(Native Method) ~[?:1.8.0_382]
	at javax.security.auth.Subject.doAs(Subject.java:422) [?:1.8.0_382]
	at org.apache.hadoop.security.UserGroupInformation.doAs(UserGroupInformation.java:1899) [hadoop-common-3.3.6.jar:?]
	at org.apache.hadoop.ipc.Server$Handler.run(Server.java:3048) [hadoop-common-3.3.6.jar:?]
13:00:27.692 [IPC Server handler 0 on default port 15163] ERROR OMAudit - user=runner | ip=127.0.0.1 | op=GET_FILE_STATUS {volume=volume08867, bucket=bucket18921, key=testBatchDelete/parent/child6, dataSize=0, replicationConfig=null} | ret=FAILURE
org.apache.hadoop.ozone.om.exceptions.OMException: Unable to get file status: volume: volume08867 bucket: bucket18921 key: testBatchDelete/parent/child6
	at org.apache.hadoop.ozone.om.KeyManagerImpl.getOzoneFileStatus(KeyManagerImpl.java:1198) ~[ozone-manager-1.4.0-SNAPSHOT.jar:?]
	at org.apache.hadoop.ozone.om.KeyManagerImpl.getFileStatus(KeyManagerImpl.java:1116) ~[ozone-manager-1.4.0-SNAPSHOT.jar:?]
	at org.apache.hadoop.ozone.om.OmMetadataReader.getFileStatus(OmMetadataReader.java:266) ~[ozone-manager-1.4.0-SNAPSHOT.jar:?]
	at org.apache.hadoop.ozone.om.OzoneManager.getFileStatus(OzoneManager.java:3552) ~[ozone-manager-1.4.0-SNAPSHOT.jar:?]
	at org.apache.hadoop.ozone.protocolPB.OzoneManagerRequestHandler.getOzoneFileStatus(OzoneManagerRequestHandler.java:998) ~[ozone-manager-1.4.0-SNAPSHOT.jar:?]
	at org.apache.hadoop.ozone.protocolPB.OzoneManagerRequestHandler.handleReadRequest(OzoneManagerRequestHandler.java:259) ~[ozone-manager-1.4.0-SNAPSHOT.jar:?]
	at org.apache.hadoop.ozone.protocolPB.OzoneManagerProtocolServerSideTranslatorPB.submitRequestDirectlyToOM(OzoneManagerProtocolServerSideTranslatorPB.java:274) ~[ozone-manager-1.4.0-SNAPSHOT.jar:?]
	at org.apache.hadoop.ozone.protocolPB.OzoneManagerProtocolServerSideTranslatorPB.processRequest(OzoneManagerProtocolServerSideTranslatorPB.java:175) ~[ozone-manager-1.4.0-SNAPSHOT.jar:?]
	at org.apache.hadoop.hdds.server.OzoneProtocolMessageDispatcher.processRequest(OzoneProtocolMessageDispatcher.java:87) [hdds-server-framework-1.4.0-SNAPSHOT.jar:?]
	at org.apache.hadoop.ozone.protocolPB.OzoneManagerProtocolServerSideTranslatorPB.submitRequest(OzoneManagerProtocolServerSideTranslatorPB.java:148) [ozone-manager-1.4.0-SNAPSHOT.jar:?]
	at org.apache.hadoop.ozone.protocol.proto.OzoneManagerProtocolProtos$OzoneManagerService$2.callBlockingMethod(OzoneManagerProtocolProtos.java) [ozone-interface-client-1.4.0-SNAPSHOT.jar:?]
	at org.apache.hadoop.ipc.ProtobufRpcEngine$Server.processCall(ProtobufRpcEngine.java:484) [hadoop-common-3.3.6.jar:?]
	at org.apache.hadoop.ipc.ProtobufRpcEngine2$Server$ProtoBufRpcInvoker.call(ProtobufRpcEngine2.java:595) [hadoop-common-3.3.6.jar:?]
	at org.apache.hadoop.ipc.ProtobufRpcEngine2$Server$ProtoBufRpcInvoker.call(ProtobufRpcEngine2.java:573) [hadoop-common-3.3.6.jar:?]
	at org.apache.hadoop.ipc.RPC$Server.call(RPC.java:1227) [hadoop-common-3.3.6.jar:?]
	at org.apache.hadoop.ipc.Server$RpcCall.run(Server.java:1094) [hadoop-common-3.3.6.jar:?]
	at org.apache.hadoop.ipc.Server$RpcCall.run(Server.java:1017) [hadoop-common-3.3.6.jar:?]
	at java.security.AccessController.doPrivileged(Native Method) ~[?:1.8.0_382]
	at javax.security.auth.Subject.doAs(Subject.java:422) [?:1.8.0_382]
	at org.apache.hadoop.security.UserGroupInformation.doAs(UserGroupInformation.java:1899) [hadoop-common-3.3.6.jar:?]
	at org.apache.hadoop.ipc.Server$Handler.run(Server.java:3048) [hadoop-common-3.3.6.jar:?]
13:00:27.693 [IPC Server handler 1 on default port 15163] ERROR OMAudit - user=runner | ip=127.0.0.1 | op=GET_FILE_STATUS {volume=volume08867, bucket=bucket18921, key=testBatchDelete/parent/childFolder/child6, dataSize=0, replicationConfig=null} | ret=FAILURE
org.apache.hadoop.ozone.om.exceptions.OMException: Unable to get file status: volume: volume08867 bucket: bucket18921 key: testBatchDelete/parent/childFolder/child6
	at org.apache.hadoop.ozone.om.KeyManagerImpl.getOzoneFileStatus(KeyManagerImpl.java:1198) ~[ozone-manager-1.4.0-SNAPSHOT.jar:?]
	at org.apache.hadoop.ozone.om.KeyManagerImpl.getFileStatus(KeyManagerImpl.java:1116) ~[ozone-manager-1.4.0-SNAPSHOT.jar:?]
	at org.apache.hadoop.ozone.om.OmMetadataReader.getFileStatus(OmMetadataReader.java:266) ~[ozone-manager-1.4.0-SNAPSHOT.jar:?]
	at org.apache.hadoop.ozone.om.OzoneManager.getFileStatus(OzoneManager.java:3552) ~[ozone-manager-1.4.0-SNAPSHOT.jar:?]
	at org.apache.hadoop.ozone.protocolPB.OzoneManagerRequestHandler.getOzoneFileStatus(OzoneManagerRequestHandler.java:998) ~[ozone-manager-1.4.0-SNAPSHOT.jar:?]
	at org.apache.hadoop.ozone.protocolPB.OzoneManagerRequestHandler.handleReadRequest(OzoneManagerRequestHandler.java:259) ~[ozone-manager-1.4.0-SNAPSHOT.jar:?]
	at org.apache.hadoop.ozone.protocolPB.OzoneManagerProtocolServerSideTranslatorPB.submitRequestDirectlyToOM(OzoneManagerProtocolServerSideTranslatorPB.java:274) ~[ozone-manager-1.4.0-SNAPSHOT.jar:?]
	at org.apache.hadoop.ozone.protocolPB.OzoneManagerProtocolServerSideTranslatorPB.processRequest(OzoneManagerProtocolServerSideTranslatorPB.java:175) ~[ozone-manager-1.4.0-SNAPSHOT.jar:?]
	at org.apache.hadoop.hdds.server.OzoneProtocolMessageDispatcher.processRequest(OzoneProtocolMessageDispatcher.java:87) [hdds-server-framework-1.4.0-SNAPSHOT.jar:?]
	at org.apache.hadoop.ozone.protocolPB.OzoneManagerProtocolServerSideTranslatorPB.submitRequest(OzoneManagerProtocolServerSideTranslatorPB.java:148) [ozone-manager-1.4.0-SNAPSHOT.jar:?]
	at org.apache.hadoop.ozone.protocol.proto.OzoneManagerProtocolProtos$OzoneManagerService$2.callBlockingMethod(OzoneManagerProtocolProtos.java) [ozone-interface-client-1.4.0-SNAPSHOT.jar:?]
	at org.apache.hadoop.ipc.ProtobufRpcEngine$Server.processCall(ProtobufRpcEngine.java:484) [hadoop-common-3.3.6.jar:?]
	at org.apache.hadoop.ipc.ProtobufRpcEngine2$Server$ProtoBufRpcInvoker.call(ProtobufRpcEngine2.java:595) [hadoop-common-3.3.6.jar:?]
	at org.apache.hadoop.ipc.ProtobufRpcEngine2$Server$ProtoBufRpcInvoker.call(ProtobufRpcEngine2.java:573) [hadoop-common-3.3.6.jar:?]
	at org.apache.hadoop.ipc.RPC$Server.call(RPC.java:1227) [hadoop-common-3.3.6.jar:?]
	at org.apache.hadoop.ipc.Server$RpcCall.run(Server.java:1094) [hadoop-common-3.3.6.jar:?]
	at org.apache.hadoop.ipc.Server$RpcCall.run(Server.java:1017) [hadoop-common-3.3.6.jar:?]
	at java.security.AccessController.doPrivileged(Native Method) ~[?:1.8.0_382]
	at javax.security.auth.Subject.doAs(Subject.java:422) [?:1.8.0_382]
	at org.apache.hadoop.security.UserGroupInformation.doAs(UserGroupInformation.java:1899) [hadoop-common-3.3.6.jar:?]
	at org.apache.hadoop.ipc.Server$Handler.run(Server.java:3048) [hadoop-common-3.3.6.jar:?]
13:00:27.694 [IPC Server handler 19 on default port 15163] ERROR OMAudit - user=runner | ip=127.0.0.1 | op=GET_FILE_STATUS {volume=volume08867, bucket=bucket18921, key=testBatchDelete/parent/child7, dataSize=0, replicationConfig=null} | ret=FAILURE
org.apache.hadoop.ozone.om.exceptions.OMException: Unable to get file status: volume: volume08867 bucket: bucket18921 key: testBatchDelete/parent/child7
	at org.apache.hadoop.ozone.om.KeyManagerImpl.getOzoneFileStatus(KeyManagerImpl.java:1198) ~[ozone-manager-1.4.0-SNAPSHOT.jar:?]
	at org.apache.hadoop.ozone.om.KeyManagerImpl.getFileStatus(KeyManagerImpl.java:1116) ~[ozone-manager-1.4.0-SNAPSHOT.jar:?]
	at org.apache.hadoop.ozone.om.OmMetadataReader.getFileStatus(OmMetadataReader.java:266) ~[ozone-manager-1.4.0-SNAPSHOT.jar:?]
	at org.apache.hadoop.ozone.om.OzoneManager.getFileStatus(OzoneManager.java:3552) ~[ozone-manager-1.4.0-SNAPSHOT.jar:?]
	at org.apache.hadoop.ozone.protocolPB.OzoneManagerRequestHandler.getOzoneFileStatus(OzoneManagerRequestHandler.java:998) ~[ozone-manager-1.4.0-SNAPSHOT.jar:?]
	at org.apache.hadoop.ozone.protocolPB.OzoneManagerRequestHandler.handleReadRequest(OzoneManagerRequestHandler.java:259) ~[ozone-manager-1.4.0-SNAPSHOT.jar:?]
	at org.apache.hadoop.ozone.protocolPB.OzoneManagerProtocolServerSideTranslatorPB.submitRequestDirectlyToOM(OzoneManagerProtocolServerSideTranslatorPB.java:274) ~[ozone-manager-1.4.0-SNAPSHOT.jar:?]
	at org.apache.hadoop.ozone.protocolPB.OzoneManagerProtocolServerSideTranslatorPB.processRequest(OzoneManagerProtocolServerSideTranslatorPB.java:175) ~[ozone-manager-1.4.0-SNAPSHOT.jar:?]
	at org.apache.hadoop.hdds.server.OzoneProtocolMessageDispatcher.processRequest(OzoneProtocolMessageDispatcher.java:87) [hdds-server-framework-1.4.0-SNAPSHOT.jar:?]
	at org.apache.hadoop.ozone.protocolPB.OzoneManagerProtocolServerSideTranslatorPB.submitRequest(OzoneManagerProtocolServerSideTranslatorPB.java:148) [ozone-manager-1.4.0-SNAPSHOT.jar:?]
	at org.apache.hadoop.ozone.protocol.proto.OzoneManagerProtocolProtos$OzoneManagerService$2.callBlockingMethod(OzoneManagerProtocolProtos.java) [ozone-interface-client-1.4.0-SNAPSHOT.jar:?]
	at org.apache.hadoop.ipc.ProtobufRpcEngine$Server.processCall(ProtobufRpcEngine.java:484) [hadoop-common-3.3.6.jar:?]
	at org.apache.hadoop.ipc.ProtobufRpcEngine2$Server$ProtoBufRpcInvoker.call(ProtobufRpcEngine2.java:595) [hadoop-common-3.3.6.jar:?]
	at org.apache.hadoop.ipc.ProtobufRpcEngine2$Server$ProtoBufRpcInvoker.call(ProtobufRpcEngine2.java:573) [hadoop-common-3.3.6.jar:?]
	at org.apache.hadoop.ipc.RPC$Server.call(RPC.java:1227) [hadoop-common-3.3.6.jar:?]
	at org.apache.hadoop.ipc.Server$RpcCall.run(Server.java:1094) [hadoop-common-3.3.6.jar:?]
	at org.apache.hadoop.ipc.Server$RpcCall.run(Server.java:1017) [hadoop-common-3.3.6.jar:?]
	at java.security.AccessController.doPrivileged(Native Method) ~[?:1.8.0_382]
	at javax.security.auth.Subject.doAs(Subject.java:422) [?:1.8.0_382]
	at org.apache.hadoop.security.UserGroupInformation.doAs(UserGroupInformation.java:1899) [hadoop-common-3.3.6.jar:?]
	at org.apache.hadoop.ipc.Server$Handler.run(Server.java:3048) [hadoop-common-3.3.6.jar:?]
13:00:27.700 [IPC Server handler 5 on default port 15163] ERROR OMAudit - user=runner | ip=127.0.0.1 | op=GET_FILE_STATUS {volume=volume08867, bucket=bucket18921, key=testBatchDelete/parent/childFolder/child7, dataSize=0, replicationConfig=null} | ret=FAILURE
org.apache.hadoop.ozone.om.exceptions.OMException: Unable to get file status: volume: volume08867 bucket: bucket18921 key: testBatchDelete/parent/childFolder/child7
	at org.apache.hadoop.ozone.om.KeyManagerImpl.getOzoneFileStatus(KeyManagerImpl.java:1198) ~[ozone-manager-1.4.0-SNAPSHOT.jar:?]
	at org.apache.hadoop.ozone.om.KeyManagerImpl.getFileStatus(KeyManagerImpl.java:1116) ~[ozone-manager-1.4.0-SNAPSHOT.jar:?]
	at org.apache.hadoop.ozone.om.OmMetadataReader.getFileStatus(OmMetadataReader.java:266) ~[ozone-manager-1.4.0-SNAPSHOT.jar:?]
	at org.apache.hadoop.ozone.om.OzoneManager.getFileStatus(OzoneManager.java:3552) ~[ozone-manager-1.4.0-SNAPSHOT.jar:?]
	at org.apache.hadoop.ozone.protocolPB.OzoneManagerRequestHandler.getOzoneFileStatus(OzoneManagerRequestHandler.java:998) ~[ozone-manager-1.4.0-SNAPSHOT.jar:?]
	at org.apache.hadoop.ozone.protocolPB.OzoneManagerRequestHandler.handleReadRequest(OzoneManagerRequestHandler.java:259) ~[ozone-manager-1.4.0-SNAPSHOT.jar:?]
	at org.apache.hadoop.ozone.protocolPB.OzoneManagerProtocolServerSideTranslatorPB.submitRequestDirectlyToOM(OzoneManagerProtocolServerSideTranslatorPB.java:274) ~[ozone-manager-1.4.0-SNAPSHOT.jar:?]
	at org.apache.hadoop.ozone.protocolPB.OzoneManagerProtocolServerSideTranslatorPB.processRequest(OzoneManagerProtocolServerSideTranslatorPB.java:175) ~[ozone-manager-1.4.0-SNAPSHOT.jar:?]
	at org.apache.hadoop.hdds.server.OzoneProtocolMessageDispatcher.processRequest(OzoneProtocolMessageDispatcher.java:87) [hdds-server-framework-1.4.0-SNAPSHOT.jar:?]
	at org.apache.hadoop.ozone.protocolPB.OzoneManagerProtocolServerSideTranslatorPB.submitRequest(OzoneManagerProtocolServerSideTranslatorPB.java:148) [ozone-manager-1.4.0-SNAPSHOT.jar:?]
	at org.apache.hadoop.ozone.protocol.proto.OzoneManagerProtocolProtos$OzoneManagerService$2.callBlockingMethod(OzoneManagerProtocolProtos.java) [ozone-interface-client-1.4.0-SNAPSHOT.jar:?]
	at org.apache.hadoop.ipc.ProtobufRpcEngine$Server.processCall(ProtobufRpcEngine.java:484) [hadoop-common-3.3.6.jar:?]
	at org.apache.hadoop.ipc.ProtobufRpcEngine2$Server$ProtoBufRpcInvoker.call(ProtobufRpcEngine2.java:595) [hadoop-common-3.3.6.jar:?]
	at org.apache.hadoop.ipc.ProtobufRpcEngine2$Server$ProtoBufRpcInvoker.call(ProtobufRpcEngine2.java:573) [hadoop-common-3.3.6.jar:?]
	at org.apache.hadoop.ipc.RPC$Server.call(RPC.java:1227) [hadoop-common-3.3.6.jar:?]
	at org.apache.hadoop.ipc.Server$RpcCall.run(Server.java:1094) [hadoop-common-3.3.6.jar:?]
	at org.apache.hadoop.ipc.Server$RpcCall.run(Server.java:1017) [hadoop-common-3.3.6.jar:?]
	at java.security.AccessController.doPrivileged(Native Method) ~[?:1.8.0_382]
	at javax.security.auth.Subject.doAs(Subject.java:422) [?:1.8.0_382]
	at org.apache.hadoop.security.UserGroupInformation.doAs(UserGroupInformation.java:1899) [hadoop-common-3.3.6.jar:?]
	at org.apache.hadoop.ipc.Server$Handler.run(Server.java:3048) [hadoop-common-3.3.6.jar:?]
13:00:27.703 [IPC Server handler 3 on default port 15163] ERROR OMAudit - user=runner | ip=127.0.0.1 | op=GET_FILE_STATUS {volume=volume08867, bucket=bucket18921, key=testBatchDelete/parent, dataSize=0, replicationConfig=null} | ret=FAILURE
org.apache.hadoop.ozone.om.exceptions.OMException: Unable to get file status: volume: volume08867 bucket: bucket18921 key: testBatchDelete/parent
	at org.apache.hadoop.ozone.om.KeyManagerImpl.getOzoneFileStatus(KeyManagerImpl.java:1198) ~[ozone-manager-1.4.0-SNAPSHOT.jar:?]
	at org.apache.hadoop.ozone.om.KeyManagerImpl.getFileStatus(KeyManagerImpl.java:1116) ~[ozone-manager-1.4.0-SNAPSHOT.jar:?]
	at org.apache.hadoop.ozone.om.OmMetadataReader.getFileStatus(OmMetadataReader.java:266) ~[ozone-manager-1.4.0-SNAPSHOT.jar:?]
	at org.apache.hadoop.ozone.om.OzoneManager.getFileStatus(OzoneManager.java:3552) ~[ozone-manager-1.4.0-SNAPSHOT.jar:?]
	at org.apache.hadoop.ozone.protocolPB.OzoneManagerRequestHandler.getOzoneFileStatus(OzoneManagerRequestHandler.java:998) ~[ozone-manager-1.4.0-SNAPSHOT.jar:?]
	at org.apache.hadoop.ozone.protocolPB.OzoneManagerRequestHandler.handleReadRequest(OzoneManagerRequestHandler.java:259) ~[ozone-manager-1.4.0-SNAPSHOT.jar:?]
	at org.apache.hadoop.ozone.protocolPB.OzoneManagerProtocolServerSideTranslatorPB.submitRequestDirectlyToOM(OzoneManagerProtocolServerSideTranslatorPB.java:274) ~[ozone-manager-1.4.0-SNAPSHOT.jar:?]
	at org.apache.hadoop.ozone.protocolPB.OzoneManagerProtocolServerSideTranslatorPB.processRequest(OzoneManagerProtocolServerSideTranslatorPB.java:175) ~[ozone-manager-1.4.0-SNAPSHOT.jar:?]
	at org.apache.hadoop.hdds.server.OzoneProtocolMessageDispatcher.processRequest(OzoneProtocolMessageDispatcher.java:87) [hdds-server-framework-1.4.0-SNAPSHOT.jar:?]
	at org.apache.hadoop.ozone.protocolPB.OzoneManagerProtocolServerSideTranslatorPB.submitRequest(OzoneManagerProtocolServerSideTranslatorPB.java:148) [ozone-manager-1.4.0-SNAPSHOT.jar:?]
	at org.apache.hadoop.ozone.protocol.proto.OzoneManagerProtocolProtos$OzoneManagerService$2.callBlockingMethod(OzoneManagerProtocolProtos.java) [ozone-interface-client-1.4.0-SNAPSHOT.jar:?]
	at org.apache.hadoop.ipc.ProtobufRpcEngine$Server.processCall(ProtobufRpcEngine.java:484) [hadoop-common-3.3.6.jar:?]
	at org.apache.hadoop.ipc.ProtobufRpcEngine2$Server$ProtoBufRpcInvoker.call(ProtobufRpcEngine2.java:595) [hadoop-common-3.3.6.jar:?]
	at org.apache.hadoop.ipc.ProtobufRpcEngine2$Server$ProtoBufRpcInvoker.call(ProtobufRpcEngine2.java:573) [hadoop-common-3.3.6.jar:?]
	at org.apache.hadoop.ipc.RPC$Server.call(RPC.java:1227) [hadoop-common-3.3.6.jar:?]
	at org.apache.hadoop.ipc.Server$RpcCall.run(Server.java:1094) [hadoop-common-3.3.6.jar:?]
	at org.apache.hadoop.ipc.Server$RpcCall.run(Server.java:1017) [hadoop-common-3.3.6.jar:?]
	at java.security.AccessController.doPrivileged(Native Method) ~[?:1.8.0_382]
	at javax.security.auth.Subject.doAs(Subject.java:422) [?:1.8.0_382]
	at org.apache.hadoop.security.UserGroupInformation.doAs(UserGroupInformation.java:1899) [hadoop-common-3.3.6.jar:?]
	at org.apache.hadoop.ipc.Server$Handler.run(Server.java:3048) [hadoop-common-3.3.6.jar:?]
2023-09-28 13:00:27,703 [Time-limited test] WARN  ozone.BasicOzoneFileSystem (BasicOzoneFileSystem.java:delete(607)) - delete: Path does not exist: /testBatchDelete/parent
]]></system-out>
  </testcase>
  <testcase name="testListStatusIteratorOnPageSize" classname="TestOzoneFileSystem" time="52.265">
    <system-out><![CDATA[2023-09-28 12:56:27,839 [JvmPauseMonitor2] WARN  util.JvmPauseMonitor (JvmPauseMonitor.java:detectPause(124)) - JvmPauseMonitor-034573be-2326-4784-8299-dcb44cb21fac: Detected pause in JVM or host machine approximately 0.106s with 0.099s GC time.
GC pool 'PS Scavenge' had collection(s): count=1 time=99ms
2023-09-28 12:56:27,840 [JvmPauseMonitor3] WARN  util.JvmPauseMonitor (JvmPauseMonitor.java:detectPause(124)) - JvmPauseMonitor-2942950e-5b72-4e60-8fd7-505c1475c682: Detected pause in JVM or host machine approximately 0.107s with 0.099s GC time.
GC pool 'PS Scavenge' had collection(s): count=1 time=99ms
2023-09-28 12:56:43,607 [IPC Server handler 6 on default port 15001] INFO  ha.SequenceIdGenerator (SequenceIdGenerator.java:getNextId(140)) - Allocate a batch for delTxnId, change lastId from 0 to 1000.
2023-09-28 12:56:46,944 [BlockDeletingService#0] INFO  interfaces.ContainerDeletionChoosingPolicyTemplate (ContainerDeletionChoosingPolicyTemplate.java:chooseContainerForBlockDeletion(85)) - Chosen 0/5000 blocks from 0 candidate containers.
2023-09-28 12:56:47,294 [BlockDeletingService#0] INFO  interfaces.ContainerDeletionChoosingPolicyTemplate (ContainerDeletionChoosingPolicyTemplate.java:chooseContainerForBlockDeletion(85)) - Chosen 0/5000 blocks from 0 candidate containers.
2023-09-28 12:56:47,684 [BlockDeletingService#0] INFO  interfaces.ContainerDeletionChoosingPolicyTemplate (ContainerDeletionChoosingPolicyTemplate.java:chooseContainerForBlockDeletion(85)) - Chosen 0/5000 blocks from 0 candidate containers.
2023-09-28 12:56:48,016 [BlockDeletingService#0] INFO  interfaces.ContainerDeletionChoosingPolicyTemplate (ContainerDeletionChoosingPolicyTemplate.java:chooseContainerForBlockDeletion(85)) - Chosen 0/5000 blocks from 0 candidate containers.
2023-09-28 12:56:48,390 [BlockDeletingService#0] INFO  interfaces.ContainerDeletionChoosingPolicyTemplate (ContainerDeletionChoosingPolicyTemplate.java:chooseContainerForBlockDeletion(85)) - Chosen 0/5000 blocks from 0 candidate containers.
]]></system-out>
  </testcase>
  <testcase name="testListStatusIteratorOnPageSize" classname="TestOzoneFileSystem" time="39.418">
    <system-out><![CDATA[2023-09-28 12:57:45,492 [JvmPauseMonitor13] WARN  util.JvmPauseMonitor (JvmPauseMonitor.java:detectPause(124)) - JvmPauseMonitor-f243e081-7f32-4351-9ea9-befbe250a72f: Detected pause in JVM or host machine approximately 0.171s with 0.285s GC time.
GC pool 'PS Scavenge' had collection(s): count=1 time=285ms
2023-09-28 12:57:45,493 [JvmPauseMonitor10] WARN  util.JvmPauseMonitor (JvmPauseMonitor.java:detectPause(124)) - JvmPauseMonitor-7cfd9c5f-6b01-4921-8aee-b720897a5c16: Detected pause in JVM or host machine approximately 0.187s with 0.285s GC time.
GC pool 'PS Scavenge' had collection(s): count=1 time=285ms
2023-09-28 12:57:52,135 [JvmPauseMonitor9] WARN  util.JvmPauseMonitor (JvmPauseMonitor.java:detectPause(124)) - JvmPauseMonitor-6aca8935-1d6c-4d3a-a292-fe52e1537be9: Detected pause in JVM or host machine approximately 0.133s with 0.173s GC time.
GC pool 'PS Scavenge' had collection(s): count=1 time=173ms
2023-09-28 12:57:52,136 [JvmPauseMonitor10] WARN  util.JvmPauseMonitor (JvmPauseMonitor.java:detectPause(124)) - JvmPauseMonitor-7cfd9c5f-6b01-4921-8aee-b720897a5c16: Detected pause in JVM or host machine approximately 0.142s with 0.173s GC time.
GC pool 'PS Scavenge' had collection(s): count=1 time=173ms
2023-09-28 12:57:52,136 [JvmPauseMonitor13] WARN  util.JvmPauseMonitor (JvmPauseMonitor.java:detectPause(124)) - JvmPauseMonitor-f243e081-7f32-4351-9ea9-befbe250a72f: Detected pause in JVM or host machine approximately 0.142s with 0.173s GC time.
GC pool 'PS Scavenge' had collection(s): count=1 time=173ms
2023-09-28 12:57:52,136 [JvmPauseMonitor7] WARN  util.JvmPauseMonitor (JvmPauseMonitor.java:detectPause(124)) - JvmPauseMonitor-4c2b6e9d-3a37-41fe-aaa6-d681f7001aed: Detected pause in JVM or host machine approximately 0.144s with 0.173s GC time.
GC pool 'PS Scavenge' had collection(s): count=1 time=173ms
2023-09-28 12:57:52,136 [JvmPauseMonitor12] WARN  util.JvmPauseMonitor (JvmPauseMonitor.java:detectPause(124)) - JvmPauseMonitor-3367f98c-98b8-4b1e-994c-c2057e541421: Detected pause in JVM or host machine approximately 0.145s with 0.173s GC time.
GC pool 'PS Scavenge' had collection(s): count=1 time=173ms
]]></system-out>
  </testcase>
  <testcase name="testListStatusIteratorOnPageSize" classname="TestOzoneFileSystem" time="44.079">
    <system-out><![CDATA[2023-09-28 12:59:05,286 [JvmPauseMonitor15] WARN  util.JvmPauseMonitor (JvmPauseMonitor.java:detectPause(124)) - JvmPauseMonitor-om1: Detected pause in JVM or host machine approximately 0.102s with 0.143s GC time.
GC pool 'PS Scavenge' had collection(s): count=1 time=143ms
2023-09-28 12:59:05,286 [JvmPauseMonitor20] WARN  util.JvmPauseMonitor (JvmPauseMonitor.java:detectPause(124)) - JvmPauseMonitor-d40e6bcf-02e4-4e73-834b-c61e0c8d110b: Detected pause in JVM or host machine approximately 0.131s with 0.143s GC time.
GC pool 'PS Scavenge' had collection(s): count=1 time=143ms
2023-09-28 12:59:05,287 [JvmPauseMonitor17] WARN  util.JvmPauseMonitor (JvmPauseMonitor.java:detectPause(124)) - JvmPauseMonitor-e56a0381-809f-4844-8654-a0ae17700968: Detected pause in JVM or host machine approximately 0.137s with 0.143s GC time.
GC pool 'PS Scavenge' had collection(s): count=1 time=143ms
2023-09-28 12:59:05,287 [JvmPauseMonitor14] WARN  util.JvmPauseMonitor (JvmPauseMonitor.java:detectPause(124)) - JvmPauseMonitor-7ec9f688-0de0-4bf4-993c-84aa5ba96258: Detected pause in JVM or host machine approximately 0.138s with 0.143s GC time.
GC pool 'PS Scavenge' had collection(s): count=1 time=143ms
2023-09-28 12:59:14,038 [JvmPauseMonitor18] WARN  util.JvmPauseMonitor (JvmPauseMonitor.java:detectPause(124)) - JvmPauseMonitor-5e08d1c9-8c08-4060-98f0-ffeffb182171: Detected pause in JVM or host machine approximately 0.129s with 0.144s GC time.
GC pool 'PS Scavenge' had collection(s): count=1 time=144ms
2023-09-28 12:59:30,431 [7a34fa35-5459-4f99-8201-9b20cfcc4ca7@group-445644D19F4A-FollowerState] WARN  impl.FollowerState (FollowerState.java:run(130)) - Unexpected long sleep: sleep 5192ms but took extra 384593496ns (> threshold = 300ms)
2023-09-28 12:59:30,435 [JvmPauseMonitor19] WARN  util.JvmPauseMonitor (JvmPauseMonitor.java:detectPause(124)) - JvmPauseMonitor-9cdffd11-02fa-4df2-99c7-28ecdc892c61: Detected pause in JVM or host machine approximately 0.570s with 0.908s GC time.
GC pool 'PS MarkSweep' had collection(s): count=1 time=773ms
GC pool 'PS Scavenge' had collection(s): count=1 time=135ms
2023-09-28 12:59:30,436 [JvmPauseMonitor20] WARN  util.JvmPauseMonitor (JvmPauseMonitor.java:detectPause(124)) - JvmPauseMonitor-d40e6bcf-02e4-4e73-834b-c61e0c8d110b: Detected pause in JVM or host machine approximately 0.574s with 0.908s GC time.
GC pool 'PS MarkSweep' had collection(s): count=1 time=773ms
GC pool 'PS Scavenge' had collection(s): count=1 time=135ms
2023-09-28 12:59:30,436 [JvmPauseMonitor15] WARN  util.JvmPauseMonitor (JvmPauseMonitor.java:detectPause(124)) - JvmPauseMonitor-om1: Detected pause in JVM or host machine approximately 0.575s with 0.908s GC time.
GC pool 'PS MarkSweep' had collection(s): count=1 time=773ms
GC pool 'PS Scavenge' had collection(s): count=1 time=135ms
2023-09-28 12:59:30,436 [JvmPauseMonitor17] WARN  util.JvmPauseMonitor (JvmPauseMonitor.java:detectPause(124)) - JvmPauseMonitor-e56a0381-809f-4844-8654-a0ae17700968: Detected pause in JVM or host machine approximately 0.570s with 0.908s GC time.
GC pool 'PS MarkSweep' had collection(s): count=1 time=773ms
GC pool 'PS Scavenge' had collection(s): count=1 time=135ms
2023-09-28 12:59:30,436 [JvmPauseMonitor14] WARN  util.JvmPauseMonitor (JvmPauseMonitor.java:detectPause(124)) - JvmPauseMonitor-7ec9f688-0de0-4bf4-993c-84aa5ba96258: Detected pause in JVM or host machine approximately 0.575s with 0.908s GC time.
GC pool 'PS MarkSweep' had collection(s): count=1 time=773ms
GC pool 'PS Scavenge' had collection(s): count=1 time=135ms
2023-09-28 12:59:30,436 [JvmPauseMonitor16] WARN  util.JvmPauseMonitor (JvmPauseMonitor.java:detectPause(124)) - JvmPauseMonitor-7a34fa35-5459-4f99-8201-9b20cfcc4ca7: Detected pause in JVM or host machine approximately 0.575s with 0.908s GC time.
GC pool 'PS MarkSweep' had collection(s): count=1 time=773ms
GC pool 'PS Scavenge' had collection(s): count=1 time=135ms
2023-09-28 12:59:30,439 [5e08d1c9-8c08-4060-98f0-ffeffb182171@group-445644D19F4A-FollowerState] WARN  impl.FollowerState (FollowerState.java:run(130)) - Unexpected long sleep: sleep 5078ms but took extra 644268962ns (> threshold = 300ms)
2023-09-28 12:59:30,439 [5e08d1c9-8c08-4060-98f0-ffeffb182171@group-5AF4A90909DD-FollowerState] WARN  impl.FollowerState (FollowerState.java:run(130)) - Unexpected long sleep: sleep 5009ms but took extra 704799514ns (> threshold = 300ms)
2023-09-28 12:59:30,439 [JvmPauseMonitor18] WARN  util.JvmPauseMonitor (JvmPauseMonitor.java:detectPause(124)) - JvmPauseMonitor-5e08d1c9-8c08-4060-98f0-ffeffb182171: Detected pause in JVM or host machine approximately 0.754s with 0.908s GC time.
GC pool 'PS MarkSweep' had collection(s): count=1 time=773ms
GC pool 'PS Scavenge' had collection(s): count=1 time=135ms
2023-09-28 12:59:30,439 [e56a0381-809f-4844-8654-a0ae17700968@group-5AF4A90909DD-FollowerState] WARN  impl.FollowerState (FollowerState.java:run(130)) - Unexpected long sleep: sleep 5106ms but took extra 876276677ns (> threshold = 300ms)
2023-09-28 12:59:36,202 [IPC Server handler 10 on default port 15107] INFO  ha.SequenceIdGenerator (SequenceIdGenerator.java:getNextId(140)) - Allocate a batch for delTxnId, change lastId from 0 to 1000.
2023-09-28 12:59:38,729 [BlockDeletingService#0] INFO  interfaces.ContainerDeletionChoosingPolicyTemplate (ContainerDeletionChoosingPolicyTemplate.java:chooseContainerForBlockDeletion(85)) - Chosen 0/5000 blocks from 0 candidate containers.
]]></system-out>
  </testcase>
  <testcase name="testListStatusIteratorOnPageSize" classname="TestOzoneFileSystem" time="37.032">
    <system-out><![CDATA[2023-09-28 13:00:32,430 [JvmPauseMonitor23] WARN  util.JvmPauseMonitor (JvmPauseMonitor.java:detectPause(124)) - JvmPauseMonitor-1544e7f7-fd3f-4574-a78e-ef52e31146de: Detected pause in JVM or host machine approximately 0.106s with 0.102s GC time.
GC pool 'PS Scavenge' had collection(s): count=1 time=102ms
2023-09-28 13:00:57,884 [IPC Server handler 17 on default port 15160] INFO  ha.SequenceIdGenerator (SequenceIdGenerator.java:getNextId(140)) - Allocate a batch for delTxnId, change lastId from 0 to 1000.
2023-09-28 13:01:00,316 [BlockDeletingService#0] INFO  interfaces.ContainerDeletionChoosingPolicyTemplate (ContainerDeletionChoosingPolicyTemplate.java:chooseContainerForBlockDeletion(85)) - Chosen 0/5000 blocks from 0 candidate containers.
2023-09-28 13:01:00,614 [BlockDeletingService#0] INFO  interfaces.ContainerDeletionChoosingPolicyTemplate (ContainerDeletionChoosingPolicyTemplate.java:chooseContainerForBlockDeletion(85)) - Chosen 0/5000 blocks from 0 candidate containers.
2023-09-28 13:01:00,958 [BlockDeletingService#0] INFO  interfaces.ContainerDeletionChoosingPolicyTemplate (ContainerDeletionChoosingPolicyTemplate.java:chooseContainerForBlockDeletion(85)) - Chosen 0/5000 blocks from 0 candidate containers.
2023-09-28 13:01:01,250 [BlockDeletingService#0] INFO  interfaces.ContainerDeletionChoosingPolicyTemplate (ContainerDeletionChoosingPolicyTemplate.java:chooseContainerForBlockDeletion(85)) - Chosen 0/5000 blocks from 0 candidate containers.
2023-09-28 13:01:01,558 [BlockDeletingService#0] INFO  interfaces.ContainerDeletionChoosingPolicyTemplate (ContainerDeletionChoosingPolicyTemplate.java:chooseContainerForBlockDeletion(85)) - Chosen 0/5000 blocks from 0 candidate containers.
]]></system-out>
  </testcase>
  <testcase name="testListStatusWithIntermediateDir" classname="TestOzoneFileSystem" time="0.073">
    <system-out><![CDATA[2023-09-28 12:57:00,070 [OM StateMachine ApplyTransaction Thread - 0] WARN  helpers.QuotaUtil (QuotaUtil.java:getReplicatedSize(63)) - Unknown replication type 'STAND_ALONE'. Returning original data size.
2023-09-28 12:57:00,076 [Time-limited test] WARN  helpers.QuotaUtil (QuotaUtil.java:getReplicatedSize(63)) - Unknown replication type 'STAND_ALONE'. Returning original data size.
2023-09-28 12:57:00,086 [Time-limited test] WARN  helpers.QuotaUtil (QuotaUtil.java:getReplicatedSize(63)) - Unknown replication type 'STAND_ALONE'. Returning original data size.
2023-09-28 12:57:00,087 [Time-limited test] WARN  helpers.QuotaUtil (QuotaUtil.java:getReplicatedSize(63)) - Unknown replication type 'STAND_ALONE'. Returning original data size.
2023-09-28 12:57:00,088 [Time-limited test] WARN  helpers.QuotaUtil (QuotaUtil.java:getReplicatedSize(63)) - Unknown replication type 'STAND_ALONE'. Returning original data size.
]]></system-out>
  </testcase>
  <testcase name="testListStatusWithIntermediateDir" classname="TestOzoneFileSystem" time="0.055">
    <system-out><![CDATA[2023-09-28 12:58:19,305 [IPC Server handler 0 on default port 15057] WARN  helpers.QuotaUtil (QuotaUtil.java:getReplicatedSize(63)) - Unknown replication type 'STAND_ALONE'. Returning original data size.
2023-09-28 12:58:19,312 [Time-limited test] WARN  helpers.QuotaUtil (QuotaUtil.java:getReplicatedSize(63)) - Unknown replication type 'STAND_ALONE'. Returning original data size.
2023-09-28 12:58:19,319 [Time-limited test] WARN  helpers.QuotaUtil (QuotaUtil.java:getReplicatedSize(63)) - Unknown replication type 'STAND_ALONE'. Returning original data size.
2023-09-28 12:58:19,320 [Time-limited test] WARN  helpers.QuotaUtil (QuotaUtil.java:getReplicatedSize(63)) - Unknown replication type 'STAND_ALONE'. Returning original data size.
2023-09-28 12:58:19,321 [Time-limited test] WARN  helpers.QuotaUtil (QuotaUtil.java:getReplicatedSize(63)) - Unknown replication type 'STAND_ALONE'. Returning original data size.
]]></system-out>
  </testcase>
  <testcase name="testListStatusWithIntermediateDir" classname="TestOzoneFileSystem" time="0.049">
    <system-out><![CDATA[2023-09-28 12:59:39,031 [OM StateMachine ApplyTransaction Thread - 0] WARN  helpers.QuotaUtil (QuotaUtil.java:getReplicatedSize(63)) - Unknown replication type 'STAND_ALONE'. Returning original data size.
2023-09-28 12:59:39,040 [Time-limited test] WARN  helpers.QuotaUtil (QuotaUtil.java:getReplicatedSize(63)) - Unknown replication type 'STAND_ALONE'. Returning original data size.
2023-09-28 12:59:39,046 [Time-limited test] WARN  helpers.QuotaUtil (QuotaUtil.java:getReplicatedSize(63)) - Unknown replication type 'STAND_ALONE'. Returning original data size.
]]></system-out>
  </testcase>
  <testcase name="testListStatusWithIntermediateDir" classname="TestOzoneFileSystem" time="0.038">
    <system-out><![CDATA[2023-09-28 13:01:04,751 [IPC Server handler 6 on default port 15163] WARN  helpers.QuotaUtil (QuotaUtil.java:getReplicatedSize(63)) - Unknown replication type 'STAND_ALONE'. Returning original data size.
2023-09-28 13:01:04,759 [Time-limited test] WARN  helpers.QuotaUtil (QuotaUtil.java:getReplicatedSize(63)) - Unknown replication type 'STAND_ALONE'. Returning original data size.
2023-09-28 13:01:04,764 [Time-limited test] WARN  helpers.QuotaUtil (QuotaUtil.java:getReplicatedSize(63)) - Unknown replication type 'STAND_ALONE'. Returning original data size.
]]></system-out>
  </testcase>
  <testcase name="testRenameSourceAndDestinAreSame" classname="TestOzoneFileSystem" time="0.037"/>
  <testcase name="testRenameSourceAndDestinAreSame" classname="TestOzoneFileSystem" time="0.045"/>
  <testcase name="testRenameSourceAndDestinAreSame" classname="TestOzoneFileSystem" time="0.03">
    <system-out><![CDATA[2023-09-28 12:59:39,062 [BlockDeletingService#0] INFO  interfaces.ContainerDeletionChoosingPolicyTemplate (ContainerDeletionChoosingPolicyTemplate.java:chooseContainerForBlockDeletion(85)) - Chosen 0/5000 blocks from 0 candidate containers.
]]></system-out>
  </testcase>
  <testcase name="testRenameSourceAndDestinAreSame" classname="TestOzoneFileSystem" time="0.026"/>
  <testcase name="testListStatusIteratorWithDir" classname="TestOzoneFileSystem" time="0.087"/>
  <testcase name="testListStatusIteratorWithDir" classname="TestOzoneFileSystem" time="0.064"/>
  <testcase name="testListStatusIteratorWithDir" classname="TestOzoneFileSystem" time="0.065"/>
  <testcase name="testListStatusIteratorWithDir" classname="TestOzoneFileSystem" time="0.063"/>
  <testcase name="testListStatusOnLargeDirectory" classname="TestOzoneFileSystem" time="9.499"/>
  <testcase name="testListStatusOnLargeDirectory" classname="TestOzoneFileSystem" time="7.717">
    <system-out><![CDATA[2023-09-28 12:58:21,504 [IPC Server handler 2 on default port 15054] INFO  ha.SequenceIdGenerator (SequenceIdGenerator.java:getNextId(140)) - Allocate a batch for delTxnId, change lastId from 0 to 1000.
2023-09-28 12:58:23,995 [BlockDeletingService#0] INFO  interfaces.ContainerDeletionChoosingPolicyTemplate (ContainerDeletionChoosingPolicyTemplate.java:chooseContainerForBlockDeletion(85)) - Chosen 0/5000 blocks from 0 candidate containers.
2023-09-28 12:58:24,300 [BlockDeletingService#0] INFO  interfaces.ContainerDeletionChoosingPolicyTemplate (ContainerDeletionChoosingPolicyTemplate.java:chooseContainerForBlockDeletion(85)) - Chosen 0/5000 blocks from 0 candidate containers.
2023-09-28 12:58:24,652 [BlockDeletingService#0] INFO  interfaces.ContainerDeletionChoosingPolicyTemplate (ContainerDeletionChoosingPolicyTemplate.java:chooseContainerForBlockDeletion(85)) - Chosen 0/5000 blocks from 0 candidate containers.
2023-09-28 12:58:24,985 [BlockDeletingService#0] INFO  interfaces.ContainerDeletionChoosingPolicyTemplate (ContainerDeletionChoosingPolicyTemplate.java:chooseContainerForBlockDeletion(85)) - Chosen 0/5000 blocks from 0 candidate containers.
2023-09-28 12:58:25,319 [BlockDeletingService#0] INFO  interfaces.ContainerDeletionChoosingPolicyTemplate (ContainerDeletionChoosingPolicyTemplate.java:chooseContainerForBlockDeletion(85)) - Chosen 0/5000 blocks from 0 candidate containers.
]]></system-out>
  </testcase>
  <testcase name="testListStatusOnLargeDirectory" classname="TestOzoneFileSystem" time="8.606">
    <system-out><![CDATA[2023-09-28 12:59:39,401 [BlockDeletingService#0] INFO  interfaces.ContainerDeletionChoosingPolicyTemplate (ContainerDeletionChoosingPolicyTemplate.java:chooseContainerForBlockDeletion(85)) - Chosen 0/5000 blocks from 0 candidate containers.
2023-09-28 12:59:39,779 [BlockDeletingService#0] INFO  interfaces.ContainerDeletionChoosingPolicyTemplate (ContainerDeletionChoosingPolicyTemplate.java:chooseContainerForBlockDeletion(85)) - Chosen 0/5000 blocks from 0 candidate containers.
2023-09-28 12:59:40,143 [BlockDeletingService#0] INFO  interfaces.ContainerDeletionChoosingPolicyTemplate (ContainerDeletionChoosingPolicyTemplate.java:chooseContainerForBlockDeletion(85)) - Chosen 0/5000 blocks from 0 candidate containers.
]]></system-out>
  </testcase>
  <testcase name="testListStatusOnLargeDirectory" classname="TestOzoneFileSystem" time="7.43"/>
  <testcase name="testFileSystemDeclaresCapability" classname="TestOzoneFileSystem" time="0.017"/>
  <testcase name="testFileSystemDeclaresCapability" classname="TestOzoneFileSystem" time="0.012"/>
  <testcase name="testFileSystemDeclaresCapability" classname="TestOzoneFileSystem" time="0.012"/>
  <testcase name="testFileSystemDeclaresCapability" classname="TestOzoneFileSystem" time="0.012"/>
  <testcase name="testCreateKeyShouldUseRefreshedBucketReplicationConfig" classname="TestOzoneFileSystem" time="0.383">
    <system-out><![CDATA[2023-09-28 12:57:09,758 [Time-limited test] INFO  rpc.RpcClient (RpcClient.java:createVolume(462)) - Creating Volume: volume19571, with user39168 as owner and space quota set to -1 bytes, counts quota set to -1
2023-09-28 12:57:09,762 [OM StateMachine ApplyTransaction Thread - 0] INFO  volume.OMVolumeCreateRequest (OMVolumeCreateRequest.java:validateAndUpdateCache(196)) - created volume:volume19571 for user:user39168
2023-09-28 12:57:09,765 [Time-limited test] INFO  rpc.RpcClient (RpcClient.java:createBucket(689)) - Creating Bucket: volume19571/bucket24239, with bucket layout LEGACY, runner as owner, Versioning false, Storage Type set to DISK and Encryption set to false, Replication Type set to server-side default replication type, Namespace Quota set to -1, Space Quota set to -1 
2023-09-28 12:57:09,767 [OM StateMachine ApplyTransaction Thread - 0] INFO  bucket.OMBucketCreateRequest (OMBucketCreateRequest.java:validateAndUpdateCache(270)) - created bucket: bucket24239 of layout LEGACY in volume: volume19571
2023-09-28 12:57:09,833 [IPC Server handler 5 on default port 15001] INFO  algorithms.SCMContainerPlacementRackScatter (SCMContainerPlacementRackScatter.java:chooseDatanodesInternal(370)) - Chosen nodes: [3b419e23-3cc6-45b0-b9b5-04f9349798d3(fv-az163-431.ksqkok1cighebdh5ckq0wc3qdf.dx.internal.cloudapp.net/10.1.0.34), fca1e5c8-2bd7-4c44-b23c-b8bd0cf2342b(fv-az163-431.ksqkok1cighebdh5ckq0wc3qdf.dx.internal.cloudapp.net/10.1.0.34), 034573be-2326-4784-8299-dcb44cb21fac(fv-az163-431.ksqkok1cighebdh5ckq0wc3qdf.dx.internal.cloudapp.net/10.1.0.34), b52fde56-f3e5-42d4-9b16-acace5358b39(fv-az163-431.ksqkok1cighebdh5ckq0wc3qdf.dx.internal.cloudapp.net/10.1.0.34), 2942950e-5b72-4e60-8fd7-505c1475c682(fv-az163-431.ksqkok1cighebdh5ckq0wc3qdf.dx.internal.cloudapp.net/10.1.0.34)]. isPolicySatisfied: true.
2023-09-28 12:57:09,835 [IPC Server handler 5 on default port 15001] INFO  pipeline.WritableECContainerProvider (WritableECContainerProvider.java:allocateContainer(211)) - Created and opened new pipeline Pipeline[ Id: bdc22fcf-7024-45d2-8fd2-8f87c2ccbb81, Nodes: 3b419e23-3cc6-45b0-b9b5-04f9349798d3(fv-az163-431.ksqkok1cighebdh5ckq0wc3qdf.dx.internal.cloudapp.net/10.1.0.34)fca1e5c8-2bd7-4c44-b23c-b8bd0cf2342b(fv-az163-431.ksqkok1cighebdh5ckq0wc3qdf.dx.internal.cloudapp.net/10.1.0.34)034573be-2326-4784-8299-dcb44cb21fac(fv-az163-431.ksqkok1cighebdh5ckq0wc3qdf.dx.internal.cloudapp.net/10.1.0.34)b52fde56-f3e5-42d4-9b16-acace5358b39(fv-az163-431.ksqkok1cighebdh5ckq0wc3qdf.dx.internal.cloudapp.net/10.1.0.34)2942950e-5b72-4e60-8fd7-505c1475c682(fv-az163-431.ksqkok1cighebdh5ckq0wc3qdf.dx.internal.cloudapp.net/10.1.0.34), ReplicationConfig: EC{rs-3-2-1024k}, State:ALLOCATED, leaderId:, CreationTimestamp2023-09-28T12:57:09.833Z[Etc/UTC]]
2023-09-28 12:57:09,897 [Time-limited test] WARN  erasurecode.ErasureCodeNative (ErasureCodeNative.java:<clinit>(55)) - ISA-L support is not available in your platform... using builtin-java codec where applicable
2023-09-28 12:57:10,060 [IPC Server handler 9 on default port 15001] INFO  algorithms.SCMContainerPlacementRackScatter (SCMContainerPlacementRackScatter.java:chooseDatanodesInternal(370)) - Chosen nodes: [b52fde56-f3e5-42d4-9b16-acace5358b39(fv-az163-431.ksqkok1cighebdh5ckq0wc3qdf.dx.internal.cloudapp.net/10.1.0.34), 2942950e-5b72-4e60-8fd7-505c1475c682(fv-az163-431.ksqkok1cighebdh5ckq0wc3qdf.dx.internal.cloudapp.net/10.1.0.34), 3b419e23-3cc6-45b0-b9b5-04f9349798d3(fv-az163-431.ksqkok1cighebdh5ckq0wc3qdf.dx.internal.cloudapp.net/10.1.0.34), fca1e5c8-2bd7-4c44-b23c-b8bd0cf2342b(fv-az163-431.ksqkok1cighebdh5ckq0wc3qdf.dx.internal.cloudapp.net/10.1.0.34), 034573be-2326-4784-8299-dcb44cb21fac(fv-az163-431.ksqkok1cighebdh5ckq0wc3qdf.dx.internal.cloudapp.net/10.1.0.34)]. isPolicySatisfied: true.
2023-09-28 12:57:10,063 [IPC Server handler 9 on default port 15001] INFO  pipeline.WritableECContainerProvider (WritableECContainerProvider.java:allocateContainer(211)) - Created and opened new pipeline Pipeline[ Id: b105177a-ae98-4adb-9eb9-12a9834484c2, Nodes: b52fde56-f3e5-42d4-9b16-acace5358b39(fv-az163-431.ksqkok1cighebdh5ckq0wc3qdf.dx.internal.cloudapp.net/10.1.0.34)2942950e-5b72-4e60-8fd7-505c1475c682(fv-az163-431.ksqkok1cighebdh5ckq0wc3qdf.dx.internal.cloudapp.net/10.1.0.34)3b419e23-3cc6-45b0-b9b5-04f9349798d3(fv-az163-431.ksqkok1cighebdh5ckq0wc3qdf.dx.internal.cloudapp.net/10.1.0.34)fca1e5c8-2bd7-4c44-b23c-b8bd0cf2342b(fv-az163-431.ksqkok1cighebdh5ckq0wc3qdf.dx.internal.cloudapp.net/10.1.0.34)034573be-2326-4784-8299-dcb44cb21fac(fv-az163-431.ksqkok1cighebdh5ckq0wc3qdf.dx.internal.cloudapp.net/10.1.0.34), ReplicationConfig: EC{rs-3-2-1024k}, State:ALLOCATED, leaderId:, CreationTimestamp2023-09-28T12:57:10.060Z[Etc/UTC]]
]]></system-out>
  </testcase>
  <testcase name="testCreateKeyShouldUseRefreshedBucketReplicationConfig" classname="TestOzoneFileSystem" time="0.157">
    <system-out><![CDATA[2023-09-28 12:58:27,200 [Time-limited test] INFO  rpc.RpcClient (RpcClient.java:createVolume(462)) - Creating Volume: volume18813, with user48679 as owner and space quota set to -1 bytes, counts quota set to -1
2023-09-28 12:58:27,201 [IPC Server handler 5 on default port 15057] INFO  volume.OMVolumeCreateRequest (OMVolumeCreateRequest.java:validateAndUpdateCache(196)) - created volume:volume18813 for user:user48679
2023-09-28 12:58:27,203 [Time-limited test] INFO  rpc.RpcClient (RpcClient.java:createBucket(689)) - Creating Bucket: volume18813/bucket07544, with bucket layout LEGACY, runner as owner, Versioning false, Storage Type set to DISK and Encryption set to false, Replication Type set to server-side default replication type, Namespace Quota set to -1, Space Quota set to -1 
2023-09-28 12:58:27,204 [IPC Server handler 6 on default port 15057] INFO  bucket.OMBucketCreateRequest (OMBucketCreateRequest.java:validateAndUpdateCache(270)) - created bucket: bucket07544 of layout LEGACY in volume: volume18813
2023-09-28 12:58:27,246 [IPC Server handler 2 on default port 15054] INFO  algorithms.SCMContainerPlacementRackScatter (SCMContainerPlacementRackScatter.java:chooseDatanodesInternal(370)) - Chosen nodes: [6aca8935-1d6c-4d3a-a292-fe52e1537be9(fv-az163-431.ksqkok1cighebdh5ckq0wc3qdf.dx.internal.cloudapp.net/10.1.0.34), 0f9fbc80-e5a1-4c69-bc7e-bbf3cec1ed51(fv-az163-431.ksqkok1cighebdh5ckq0wc3qdf.dx.internal.cloudapp.net/10.1.0.34), 3367f98c-98b8-4b1e-994c-c2057e541421(fv-az163-431.ksqkok1cighebdh5ckq0wc3qdf.dx.internal.cloudapp.net/10.1.0.34), f243e081-7f32-4351-9ea9-befbe250a72f(fv-az163-431.ksqkok1cighebdh5ckq0wc3qdf.dx.internal.cloudapp.net/10.1.0.34), 7cfd9c5f-6b01-4921-8aee-b720897a5c16(fv-az163-431.ksqkok1cighebdh5ckq0wc3qdf.dx.internal.cloudapp.net/10.1.0.34)]. isPolicySatisfied: true.
2023-09-28 12:58:27,248 [IPC Server handler 2 on default port 15054] INFO  pipeline.WritableECContainerProvider (WritableECContainerProvider.java:allocateContainer(211)) - Created and opened new pipeline Pipeline[ Id: 145b4fe4-56f6-40b9-badb-35a070790dd9, Nodes: 6aca8935-1d6c-4d3a-a292-fe52e1537be9(fv-az163-431.ksqkok1cighebdh5ckq0wc3qdf.dx.internal.cloudapp.net/10.1.0.34)0f9fbc80-e5a1-4c69-bc7e-bbf3cec1ed51(fv-az163-431.ksqkok1cighebdh5ckq0wc3qdf.dx.internal.cloudapp.net/10.1.0.34)3367f98c-98b8-4b1e-994c-c2057e541421(fv-az163-431.ksqkok1cighebdh5ckq0wc3qdf.dx.internal.cloudapp.net/10.1.0.34)f243e081-7f32-4351-9ea9-befbe250a72f(fv-az163-431.ksqkok1cighebdh5ckq0wc3qdf.dx.internal.cloudapp.net/10.1.0.34)7cfd9c5f-6b01-4921-8aee-b720897a5c16(fv-az163-431.ksqkok1cighebdh5ckq0wc3qdf.dx.internal.cloudapp.net/10.1.0.34), ReplicationConfig: EC{rs-3-2-1024k}, State:ALLOCATED, leaderId:, CreationTimestamp2023-09-28T12:58:27.247Z[Etc/UTC]]
2023-09-28 12:58:27,282 [IPC Server handler 12 on default port 15054] INFO  algorithms.SCMContainerPlacementRackScatter (SCMContainerPlacementRackScatter.java:chooseDatanodesInternal(370)) - Chosen nodes: [6aca8935-1d6c-4d3a-a292-fe52e1537be9(fv-az163-431.ksqkok1cighebdh5ckq0wc3qdf.dx.internal.cloudapp.net/10.1.0.34), 7cfd9c5f-6b01-4921-8aee-b720897a5c16(fv-az163-431.ksqkok1cighebdh5ckq0wc3qdf.dx.internal.cloudapp.net/10.1.0.34), 0f9fbc80-e5a1-4c69-bc7e-bbf3cec1ed51(fv-az163-431.ksqkok1cighebdh5ckq0wc3qdf.dx.internal.cloudapp.net/10.1.0.34), 3367f98c-98b8-4b1e-994c-c2057e541421(fv-az163-431.ksqkok1cighebdh5ckq0wc3qdf.dx.internal.cloudapp.net/10.1.0.34), f243e081-7f32-4351-9ea9-befbe250a72f(fv-az163-431.ksqkok1cighebdh5ckq0wc3qdf.dx.internal.cloudapp.net/10.1.0.34)]. isPolicySatisfied: true.
2023-09-28 12:58:27,284 [IPC Server handler 12 on default port 15054] INFO  pipeline.WritableECContainerProvider (WritableECContainerProvider.java:allocateContainer(211)) - Created and opened new pipeline Pipeline[ Id: dfd7a5aa-297c-4f86-89e9-3780ac4e57bf, Nodes: 6aca8935-1d6c-4d3a-a292-fe52e1537be9(fv-az163-431.ksqkok1cighebdh5ckq0wc3qdf.dx.internal.cloudapp.net/10.1.0.34)7cfd9c5f-6b01-4921-8aee-b720897a5c16(fv-az163-431.ksqkok1cighebdh5ckq0wc3qdf.dx.internal.cloudapp.net/10.1.0.34)0f9fbc80-e5a1-4c69-bc7e-bbf3cec1ed51(fv-az163-431.ksqkok1cighebdh5ckq0wc3qdf.dx.internal.cloudapp.net/10.1.0.34)3367f98c-98b8-4b1e-994c-c2057e541421(fv-az163-431.ksqkok1cighebdh5ckq0wc3qdf.dx.internal.cloudapp.net/10.1.0.34)f243e081-7f32-4351-9ea9-befbe250a72f(fv-az163-431.ksqkok1cighebdh5ckq0wc3qdf.dx.internal.cloudapp.net/10.1.0.34), ReplicationConfig: EC{rs-3-2-1024k}, State:ALLOCATED, leaderId:, CreationTimestamp2023-09-28T12:58:27.282Z[Etc/UTC]]
]]></system-out>
  </testcase>
  <testcase name="testCreateKeyShouldUseRefreshedBucketReplicationConfig" classname="TestOzoneFileSystem" time="0.145">
    <system-out><![CDATA[2023-09-28 12:59:47,798 [Time-limited test] INFO  rpc.RpcClient (RpcClient.java:createVolume(462)) - Creating Volume: volume50969, with user98023 as owner and space quota set to -1 bytes, counts quota set to -1
2023-09-28 12:59:47,800 [OM StateMachine ApplyTransaction Thread - 0] INFO  volume.OMVolumeCreateRequest (OMVolumeCreateRequest.java:validateAndUpdateCache(196)) - created volume:volume50969 for user:user98023
2023-09-28 12:59:47,802 [Time-limited test] INFO  rpc.RpcClient (RpcClient.java:createBucket(689)) - Creating Bucket: volume50969/bucket16681, with bucket layout LEGACY, runner as owner, Versioning false, Storage Type set to DISK and Encryption set to false, Replication Type set to server-side default replication type, Namespace Quota set to -1, Space Quota set to -1 
2023-09-28 12:59:47,803 [OM StateMachine ApplyTransaction Thread - 0] INFO  bucket.OMBucketCreateRequest (OMBucketCreateRequest.java:validateAndUpdateCache(270)) - created bucket: bucket16681 of layout LEGACY in volume: volume50969
2023-09-28 12:59:47,832 [IPC Server handler 11 on default port 15107] INFO  algorithms.SCMContainerPlacementRackScatter (SCMContainerPlacementRackScatter.java:chooseDatanodesInternal(370)) - Chosen nodes: [d40e6bcf-02e4-4e73-834b-c61e0c8d110b(fv-az163-431.ksqkok1cighebdh5ckq0wc3qdf.dx.internal.cloudapp.net/10.1.0.34), 7a34fa35-5459-4f99-8201-9b20cfcc4ca7(fv-az163-431.ksqkok1cighebdh5ckq0wc3qdf.dx.internal.cloudapp.net/10.1.0.34), 9cdffd11-02fa-4df2-99c7-28ecdc892c61(fv-az163-431.ksqkok1cighebdh5ckq0wc3qdf.dx.internal.cloudapp.net/10.1.0.34), 5e08d1c9-8c08-4060-98f0-ffeffb182171(fv-az163-431.ksqkok1cighebdh5ckq0wc3qdf.dx.internal.cloudapp.net/10.1.0.34), e56a0381-809f-4844-8654-a0ae17700968(fv-az163-431.ksqkok1cighebdh5ckq0wc3qdf.dx.internal.cloudapp.net/10.1.0.34)]. isPolicySatisfied: true.
2023-09-28 12:59:47,834 [IPC Server handler 11 on default port 15107] INFO  pipeline.WritableECContainerProvider (WritableECContainerProvider.java:allocateContainer(211)) - Created and opened new pipeline Pipeline[ Id: 60341fbd-d1dd-46f4-add7-c2af16f6ee9c, Nodes: d40e6bcf-02e4-4e73-834b-c61e0c8d110b(fv-az163-431.ksqkok1cighebdh5ckq0wc3qdf.dx.internal.cloudapp.net/10.1.0.34)7a34fa35-5459-4f99-8201-9b20cfcc4ca7(fv-az163-431.ksqkok1cighebdh5ckq0wc3qdf.dx.internal.cloudapp.net/10.1.0.34)9cdffd11-02fa-4df2-99c7-28ecdc892c61(fv-az163-431.ksqkok1cighebdh5ckq0wc3qdf.dx.internal.cloudapp.net/10.1.0.34)5e08d1c9-8c08-4060-98f0-ffeffb182171(fv-az163-431.ksqkok1cighebdh5ckq0wc3qdf.dx.internal.cloudapp.net/10.1.0.34)e56a0381-809f-4844-8654-a0ae17700968(fv-az163-431.ksqkok1cighebdh5ckq0wc3qdf.dx.internal.cloudapp.net/10.1.0.34), ReplicationConfig: EC{rs-3-2-1024k}, State:ALLOCATED, leaderId:, CreationTimestamp2023-09-28T12:59:47.832Z[Etc/UTC]]
2023-09-28 12:59:47,870 [IPC Server handler 8 on default port 15107] INFO  algorithms.SCMContainerPlacementRackScatter (SCMContainerPlacementRackScatter.java:chooseDatanodesInternal(370)) - Chosen nodes: [d40e6bcf-02e4-4e73-834b-c61e0c8d110b(fv-az163-431.ksqkok1cighebdh5ckq0wc3qdf.dx.internal.cloudapp.net/10.1.0.34), e56a0381-809f-4844-8654-a0ae17700968(fv-az163-431.ksqkok1cighebdh5ckq0wc3qdf.dx.internal.cloudapp.net/10.1.0.34), 9cdffd11-02fa-4df2-99c7-28ecdc892c61(fv-az163-431.ksqkok1cighebdh5ckq0wc3qdf.dx.internal.cloudapp.net/10.1.0.34), 5e08d1c9-8c08-4060-98f0-ffeffb182171(fv-az163-431.ksqkok1cighebdh5ckq0wc3qdf.dx.internal.cloudapp.net/10.1.0.34), 7a34fa35-5459-4f99-8201-9b20cfcc4ca7(fv-az163-431.ksqkok1cighebdh5ckq0wc3qdf.dx.internal.cloudapp.net/10.1.0.34)]. isPolicySatisfied: true.
2023-09-28 12:59:47,871 [IPC Server handler 8 on default port 15107] INFO  pipeline.WritableECContainerProvider (WritableECContainerProvider.java:allocateContainer(211)) - Created and opened new pipeline Pipeline[ Id: ee989071-871d-47cc-ad89-974c34fd1469, Nodes: d40e6bcf-02e4-4e73-834b-c61e0c8d110b(fv-az163-431.ksqkok1cighebdh5ckq0wc3qdf.dx.internal.cloudapp.net/10.1.0.34)e56a0381-809f-4844-8654-a0ae17700968(fv-az163-431.ksqkok1cighebdh5ckq0wc3qdf.dx.internal.cloudapp.net/10.1.0.34)9cdffd11-02fa-4df2-99c7-28ecdc892c61(fv-az163-431.ksqkok1cighebdh5ckq0wc3qdf.dx.internal.cloudapp.net/10.1.0.34)5e08d1c9-8c08-4060-98f0-ffeffb182171(fv-az163-431.ksqkok1cighebdh5ckq0wc3qdf.dx.internal.cloudapp.net/10.1.0.34)7a34fa35-5459-4f99-8201-9b20cfcc4ca7(fv-az163-431.ksqkok1cighebdh5ckq0wc3qdf.dx.internal.cloudapp.net/10.1.0.34), ReplicationConfig: EC{rs-3-2-1024k}, State:ALLOCATED, leaderId:, CreationTimestamp2023-09-28T12:59:47.870Z[Etc/UTC]]
]]></system-out>
  </testcase>
  <testcase name="testCreateKeyShouldUseRefreshedBucketReplicationConfig" classname="TestOzoneFileSystem" time="0.145">
    <system-out><![CDATA[2023-09-28 13:01:12,328 [Time-limited test] INFO  rpc.RpcClient (RpcClient.java:createVolume(462)) - Creating Volume: volume10311, with user16755 as owner and space quota set to -1 bytes, counts quota set to -1
2023-09-28 13:01:12,330 [IPC Server handler 4 on default port 15163] INFO  volume.OMVolumeCreateRequest (OMVolumeCreateRequest.java:validateAndUpdateCache(196)) - created volume:volume10311 for user:user16755
2023-09-28 13:01:12,331 [Time-limited test] INFO  rpc.RpcClient (RpcClient.java:createBucket(689)) - Creating Bucket: volume10311/bucket92237, with bucket layout LEGACY, runner as owner, Versioning false, Storage Type set to DISK and Encryption set to false, Replication Type set to server-side default replication type, Namespace Quota set to -1, Space Quota set to -1 
2023-09-28 13:01:12,331 [IPC Server handler 8 on default port 15163] INFO  bucket.OMBucketCreateRequest (OMBucketCreateRequest.java:validateAndUpdateCache(270)) - created bucket: bucket92237 of layout LEGACY in volume: volume10311
2023-09-28 13:01:12,376 [IPC Server handler 0 on default port 15160] INFO  algorithms.SCMContainerPlacementRackScatter (SCMContainerPlacementRackScatter.java:chooseDatanodesInternal(370)) - Chosen nodes: [2e0a77eb-074a-4a54-81ef-c7479b7c14e1(fv-az163-431.ksqkok1cighebdh5ckq0wc3qdf.dx.internal.cloudapp.net/10.1.0.34), 1f3e3681-2cc0-4f79-8587-08300d65d237(fv-az163-431.ksqkok1cighebdh5ckq0wc3qdf.dx.internal.cloudapp.net/10.1.0.34), 1544e7f7-fd3f-4574-a78e-ef52e31146de(fv-az163-431.ksqkok1cighebdh5ckq0wc3qdf.dx.internal.cloudapp.net/10.1.0.34), 5aa6a13f-c826-4197-9c03-9c8133ccbb57(fv-az163-431.ksqkok1cighebdh5ckq0wc3qdf.dx.internal.cloudapp.net/10.1.0.34), 924326bc-ac30-411c-a350-30e2822afeed(fv-az163-431.ksqkok1cighebdh5ckq0wc3qdf.dx.internal.cloudapp.net/10.1.0.34)]. isPolicySatisfied: true.
2023-09-28 13:01:12,377 [IPC Server handler 0 on default port 15160] INFO  pipeline.WritableECContainerProvider (WritableECContainerProvider.java:allocateContainer(211)) - Created and opened new pipeline Pipeline[ Id: 7e263238-c9a2-4392-add7-516164167797, Nodes: 2e0a77eb-074a-4a54-81ef-c7479b7c14e1(fv-az163-431.ksqkok1cighebdh5ckq0wc3qdf.dx.internal.cloudapp.net/10.1.0.34)1f3e3681-2cc0-4f79-8587-08300d65d237(fv-az163-431.ksqkok1cighebdh5ckq0wc3qdf.dx.internal.cloudapp.net/10.1.0.34)1544e7f7-fd3f-4574-a78e-ef52e31146de(fv-az163-431.ksqkok1cighebdh5ckq0wc3qdf.dx.internal.cloudapp.net/10.1.0.34)5aa6a13f-c826-4197-9c03-9c8133ccbb57(fv-az163-431.ksqkok1cighebdh5ckq0wc3qdf.dx.internal.cloudapp.net/10.1.0.34)924326bc-ac30-411c-a350-30e2822afeed(fv-az163-431.ksqkok1cighebdh5ckq0wc3qdf.dx.internal.cloudapp.net/10.1.0.34), ReplicationConfig: EC{rs-3-2-1024k}, State:ALLOCATED, leaderId:, CreationTimestamp2023-09-28T13:01:12.376Z[Etc/UTC]]
2023-09-28 13:01:12,408 [IPC Server handler 4 on default port 15160] INFO  algorithms.SCMContainerPlacementRackScatter (SCMContainerPlacementRackScatter.java:chooseDatanodesInternal(370)) - Chosen nodes: [1544e7f7-fd3f-4574-a78e-ef52e31146de(fv-az163-431.ksqkok1cighebdh5ckq0wc3qdf.dx.internal.cloudapp.net/10.1.0.34), 1f3e3681-2cc0-4f79-8587-08300d65d237(fv-az163-431.ksqkok1cighebdh5ckq0wc3qdf.dx.internal.cloudapp.net/10.1.0.34), 924326bc-ac30-411c-a350-30e2822afeed(fv-az163-431.ksqkok1cighebdh5ckq0wc3qdf.dx.internal.cloudapp.net/10.1.0.34), 2e0a77eb-074a-4a54-81ef-c7479b7c14e1(fv-az163-431.ksqkok1cighebdh5ckq0wc3qdf.dx.internal.cloudapp.net/10.1.0.34), 5aa6a13f-c826-4197-9c03-9c8133ccbb57(fv-az163-431.ksqkok1cighebdh5ckq0wc3qdf.dx.internal.cloudapp.net/10.1.0.34)]. isPolicySatisfied: true.
2023-09-28 13:01:12,409 [IPC Server handler 4 on default port 15160] INFO  pipeline.WritableECContainerProvider (WritableECContainerProvider.java:allocateContainer(211)) - Created and opened new pipeline Pipeline[ Id: 4c7e438c-dd44-4a3f-85c9-cb57db169966, Nodes: 1544e7f7-fd3f-4574-a78e-ef52e31146de(fv-az163-431.ksqkok1cighebdh5ckq0wc3qdf.dx.internal.cloudapp.net/10.1.0.34)1f3e3681-2cc0-4f79-8587-08300d65d237(fv-az163-431.ksqkok1cighebdh5ckq0wc3qdf.dx.internal.cloudapp.net/10.1.0.34)924326bc-ac30-411c-a350-30e2822afeed(fv-az163-431.ksqkok1cighebdh5ckq0wc3qdf.dx.internal.cloudapp.net/10.1.0.34)2e0a77eb-074a-4a54-81ef-c7479b7c14e1(fv-az163-431.ksqkok1cighebdh5ckq0wc3qdf.dx.internal.cloudapp.net/10.1.0.34)5aa6a13f-c826-4197-9c03-9c8133ccbb57(fv-az163-431.ksqkok1cighebdh5ckq0wc3qdf.dx.internal.cloudapp.net/10.1.0.34), ReplicationConfig: EC{rs-3-2-1024k}, State:ALLOCATED, leaderId:, CreationTimestamp2023-09-28T13:01:12.408Z[Etc/UTC]]
]]></system-out>
  </testcase>
  <testcase name="testListStatusIteratorOnRoot" classname="TestOzoneFileSystem" time="0.052"/>
  <testcase name="testListStatusIteratorOnRoot" classname="TestOzoneFileSystem" time="0.032"/>
  <testcase name="testListStatusIteratorOnRoot" classname="TestOzoneFileSystem" time="0.049"/>
  <testcase name="testListStatusIteratorOnRoot" classname="TestOzoneFileSystem" time="0.042"/>
  <testcase name="testRenameDirToFile" classname="TestOzoneFileSystem" time="0.048">
    <system-out><![CDATA[2023-09-28 12:57:10,200 [Time-limited test] WARN  ozone.BasicOzoneFileSystem (BasicOzoneFileSystem.java:rename(471)) - Failed to rename o3fs://bucket27347.volume53983/a/b/c to o3fs://bucket27347.volume53983/root/file1, file already exists!
]]></system-out>
  </testcase>
  <testcase name="testRenameDirToFile" classname="TestOzoneFileSystem" time="0.032">
    <system-out><![CDATA[2023-09-28 12:58:27,373 [Time-limited test] WARN  ozone.BasicOzoneFileSystem (BasicOzoneFileSystem.java:rename(471)) - Failed to rename o3fs://bucket23551.volume37469/a/b/c to o3fs://bucket23551.volume37469/root/file1, file already exists!
]]></system-out>
  </testcase>
  <testcase name="testRenameDirToFile" classname="TestOzoneFileSystem" time="0.039">
    <system-out><![CDATA[2023-09-28 12:59:47,978 [Time-limited test] WARN  ozone.BasicOzoneFileSystem (BasicOzoneFileSystem.java:rename(471)) - Failed to rename o3fs://bucket40110.volume13657/a/b/c to o3fs://bucket40110.volume13657/root/file1, file already exists!
]]></system-out>
  </testcase>
  <testcase name="testRenameDirToFile" classname="TestOzoneFileSystem" time="0.036">
    <system-out><![CDATA[2023-09-28 13:01:12,507 [Time-limited test] WARN  ozone.BasicOzoneFileSystem (BasicOzoneFileSystem.java:rename(471)) - Failed to rename o3fs://bucket18921.volume08867/a/b/c to o3fs://bucket18921.volume08867/root/file1, file already exists!
]]></system-out>
  </testcase>
  <testcase name="testRenameToNewSubDirShouldNotExist" classname="TestOzoneFileSystem" time="0.075">
    <system-out><![CDATA[2023-09-28 12:57:10,251 [Time-limited test] WARN  ozone.BasicOzoneFileSystem (BasicOzoneFileSystem.java:rename(465)) - Failed to rename o3fs://bucket27347.volume53983/a to o3fs://bucket27347.volume53983/b/a, file already exists or not empty!
2023-09-28 12:57:10,274 [Time-limited test] WARN  ozone.BasicOzoneFileSystem (BasicOzoneFileSystem.java:rename(465)) - Failed to rename o3fs://bucket27347.volume53983/file1 to o3fs://bucket27347.volume53983/a/file1, file already exists or not empty!
]]></system-out>
  </testcase>
  <testcase name="testRenameToNewSubDirShouldNotExist" classname="TestOzoneFileSystem" time="0.047">
    <system-out><![CDATA[2023-09-28 12:58:27,404 [Time-limited test] WARN  ozone.BasicOzoneFileSystem (BasicOzoneFileSystem.java:rename(465)) - Failed to rename o3fs://bucket23551.volume37469/a to o3fs://bucket23551.volume37469/b/a, file already exists or not empty!
2023-09-28 12:58:27,420 [Time-limited test] WARN  ozone.BasicOzoneFileSystem (BasicOzoneFileSystem.java:rename(465)) - Failed to rename o3fs://bucket23551.volume37469/file1 to o3fs://bucket23551.volume37469/a/file1, file already exists or not empty!
]]></system-out>
  </testcase>
  <testcase name="testRenameToNewSubDirShouldNotExist" classname="TestOzoneFileSystem" time="0.053">
    <system-out><![CDATA[2023-09-28 12:59:48,018 [Time-limited test] WARN  ozone.BasicOzoneFileSystem (BasicOzoneFileSystem.java:rename(465)) - Failed to rename o3fs://bucket40110.volume13657/a to o3fs://bucket40110.volume13657/b/a, file already exists or not empty!
2023-09-28 12:59:48,033 [Time-limited test] WARN  ozone.BasicOzoneFileSystem (BasicOzoneFileSystem.java:rename(465)) - Failed to rename o3fs://bucket40110.volume13657/file1 to o3fs://bucket40110.volume13657/a/file1, file already exists or not empty!
]]></system-out>
  </testcase>
  <testcase name="testRenameToNewSubDirShouldNotExist" classname="TestOzoneFileSystem" time="0.053">
    <system-out><![CDATA[2023-09-28 13:01:12,543 [Time-limited test] WARN  ozone.BasicOzoneFileSystem (BasicOzoneFileSystem.java:rename(465)) - Failed to rename o3fs://bucket18921.volume08867/a to o3fs://bucket18921.volume08867/b/a, file already exists or not empty!
2023-09-28 13:01:12,559 [Time-limited test] WARN  ozone.BasicOzoneFileSystem (BasicOzoneFileSystem.java:rename(465)) - Failed to rename o3fs://bucket18921.volume08867/file1 to o3fs://bucket18921.volume08867/a/file1, file already exists or not empty!
]]></system-out>
  </testcase>
  <testcase name="testListStatusOnLargeDirectoryForACLCheck" classname="TestOzoneFileSystem" time="4.395">
    <system-out><![CDATA[2023-09-28 12:57:14,561 [om1-client-thread1] INFO  segmented.SegmentedRaftLogWorker (SegmentedRaftLogWorker.java:rollLogSegment(452)) - om1@group-C5BA1605619E-SegmentedRaftLogWorker: Rolling segment log-0_36872 to index:36872
2023-09-28 12:57:14,563 [om1@group-C5BA1605619E-SegmentedRaftLogWorker] INFO  segmented.SegmentedRaftLogWorker (SegmentedRaftLogWorker.java:execute(608)) - om1@group-C5BA1605619E-SegmentedRaftLogWorker: Rolled log segment from /home/runner/work/ozone/ozone/hadoop-ozone/integration-test/target/test-dir/MiniOzoneClusterImpl-82bdab22-5801-416e-a4bc-b8f6b9675fef/ozone-meta/ratis/bf265839-605b-3f16-9796-c5ba1605619e/current/log_inprogress_0 to /home/runner/work/ozone/ozone/hadoop-ozone/integration-test/target/test-dir/MiniOzoneClusterImpl-82bdab22-5801-416e-a4bc-b8f6b9675fef/ozone-meta/ratis/bf265839-605b-3f16-9796-c5ba1605619e/current/log_0-36872
2023-09-28 12:57:14,578 [om1@group-C5BA1605619E-SegmentedRaftLogWorker] INFO  segmented.SegmentedRaftLogWorker (SegmentedRaftLogWorker.java:execute(651)) - om1@group-C5BA1605619E-SegmentedRaftLogWorker: created new log segment /home/runner/work/ozone/ozone/hadoop-ozone/integration-test/target/test-dir/MiniOzoneClusterImpl-82bdab22-5801-416e-a4bc-b8f6b9675fef/ozone-meta/ratis/bf265839-605b-3f16-9796-c5ba1605619e/current/log_inprogress_36873
]]></system-out>
  </testcase>
  <testcase name="testListStatusOnLargeDirectoryForACLCheck" classname="TestOzoneFileSystem" time="3.263"/>
  <testcase name="testListStatusOnLargeDirectoryForACLCheck" classname="TestOzoneFileSystem" time="3.619">
    <system-out><![CDATA[2023-09-28 12:59:51,569 [om1-client-thread1] INFO  segmented.SegmentedRaftLogWorker (SegmentedRaftLogWorker.java:rollLogSegment(452)) - om1@group-C5BA1605619E-SegmentedRaftLogWorker: Rolling segment log-0_36846 to index:36846
2023-09-28 12:59:51,569 [om1@group-C5BA1605619E-SegmentedRaftLogWorker] INFO  segmented.SegmentedRaftLogWorker (SegmentedRaftLogWorker.java:execute(608)) - om1@group-C5BA1605619E-SegmentedRaftLogWorker: Rolled log segment from /home/runner/work/ozone/ozone/hadoop-ozone/integration-test/target/test-dir/MiniOzoneClusterImpl-1f8fe502-6e97-4a32-9c6f-93491b2fe8ad/ozone-meta/ratis/bf265839-605b-3f16-9796-c5ba1605619e/current/log_inprogress_0 to /home/runner/work/ozone/ozone/hadoop-ozone/integration-test/target/test-dir/MiniOzoneClusterImpl-1f8fe502-6e97-4a32-9c6f-93491b2fe8ad/ozone-meta/ratis/bf265839-605b-3f16-9796-c5ba1605619e/current/log_0-36846
2023-09-28 12:59:51,585 [om1@group-C5BA1605619E-SegmentedRaftLogWorker] INFO  segmented.SegmentedRaftLogWorker (SegmentedRaftLogWorker.java:execute(651)) - om1@group-C5BA1605619E-SegmentedRaftLogWorker: created new log segment /home/runner/work/ozone/ozone/hadoop-ozone/integration-test/target/test-dir/MiniOzoneClusterImpl-1f8fe502-6e97-4a32-9c6f-93491b2fe8ad/ozone-meta/ratis/bf265839-605b-3f16-9796-c5ba1605619e/current/log_inprogress_36847
]]></system-out>
  </testcase>
  <testcase name="testListStatusOnLargeDirectoryForACLCheck" classname="TestOzoneFileSystem" time="3.535"/>
  <testcase name="testRenameFileToDir" classname="TestOzoneFileSystem" time="0.059">
    <system-out><![CDATA[12:57:14.716 [IPC Server handler 15 on default port 15004] ERROR OMAudit - user=runner | ip=127.0.0.1 | op=LIST_STATUS {volume=volume53983, bucket=bucket27347, key=a/b/c/file1, dataSize=0, replicationConfig=null} | ret=FAILURE
org.apache.hadoop.ozone.om.exceptions.OMException: Unable to get file status: volume: volume53983 bucket: bucket27347 key: a/b/c/file1
	at org.apache.hadoop.ozone.om.KeyManagerImpl.getOzoneFileStatus(KeyManagerImpl.java:1198) ~[ozone-manager-1.4.0-SNAPSHOT.jar:?]
	at org.apache.hadoop.ozone.om.KeyManagerImpl.getFileStatus(KeyManagerImpl.java:1116) ~[ozone-manager-1.4.0-SNAPSHOT.jar:?]
	at org.apache.hadoop.ozone.om.KeyManagerImpl.listStatus(KeyManagerImpl.java:1521) ~[ozone-manager-1.4.0-SNAPSHOT.jar:?]
	at org.apache.hadoop.ozone.om.OmMetadataReader.listStatus(OmMetadataReader.java:239) ~[ozone-manager-1.4.0-SNAPSHOT.jar:?]
	at org.apache.hadoop.ozone.om.OzoneManager.listStatus(OzoneManager.java:3582) ~[ozone-manager-1.4.0-SNAPSHOT.jar:?]
	at org.apache.hadoop.ozone.protocolPB.OzoneManagerRequestHandler.listStatus(OzoneManagerRequestHandler.java:1170) ~[ozone-manager-1.4.0-SNAPSHOT.jar:?]
	at org.apache.hadoop.ozone.protocolPB.OzoneManagerRequestHandler.handleReadRequest(OzoneManagerRequestHandler.java:270) ~[ozone-manager-1.4.0-SNAPSHOT.jar:?]
	at org.apache.hadoop.ozone.protocolPB.OzoneManagerProtocolServerSideTranslatorPB.submitReadRequestToOM(OzoneManagerProtocolServerSideTranslatorPB.java:225) ~[ozone-manager-1.4.0-SNAPSHOT.jar:?]
	at org.apache.hadoop.ozone.protocolPB.OzoneManagerProtocolServerSideTranslatorPB.processRequest(OzoneManagerProtocolServerSideTranslatorPB.java:179) ~[ozone-manager-1.4.0-SNAPSHOT.jar:?]
	at org.apache.hadoop.hdds.server.OzoneProtocolMessageDispatcher.processRequest(OzoneProtocolMessageDispatcher.java:87) [hdds-server-framework-1.4.0-SNAPSHOT.jar:?]
	at org.apache.hadoop.ozone.protocolPB.OzoneManagerProtocolServerSideTranslatorPB.submitRequest(OzoneManagerProtocolServerSideTranslatorPB.java:148) [ozone-manager-1.4.0-SNAPSHOT.jar:?]
	at org.apache.hadoop.ozone.protocol.proto.OzoneManagerProtocolProtos$OzoneManagerService$2.callBlockingMethod(OzoneManagerProtocolProtos.java) [ozone-interface-client-1.4.0-SNAPSHOT.jar:?]
	at org.apache.hadoop.ipc.ProtobufRpcEngine$Server.processCall(ProtobufRpcEngine.java:484) [hadoop-common-3.3.6.jar:?]
	at org.apache.hadoop.ipc.ProtobufRpcEngine2$Server$ProtoBufRpcInvoker.call(ProtobufRpcEngine2.java:595) [hadoop-common-3.3.6.jar:?]
	at org.apache.hadoop.ipc.ProtobufRpcEngine2$Server$ProtoBufRpcInvoker.call(ProtobufRpcEngine2.java:573) [hadoop-common-3.3.6.jar:?]
	at org.apache.hadoop.ipc.RPC$Server.call(RPC.java:1227) [hadoop-common-3.3.6.jar:?]
	at org.apache.hadoop.ipc.Server$RpcCall.run(Server.java:1094) [hadoop-common-3.3.6.jar:?]
	at org.apache.hadoop.ipc.Server$RpcCall.run(Server.java:1017) [hadoop-common-3.3.6.jar:?]
	at java.security.AccessController.doPrivileged(Native Method) ~[?:1.8.0_382]
	at javax.security.auth.Subject.doAs(Subject.java:422) [?:1.8.0_382]
	at org.apache.hadoop.security.UserGroupInformation.doAs(UserGroupInformation.java:1899) [hadoop-common-3.3.6.jar:?]
	at org.apache.hadoop.ipc.Server$Handler.run(Server.java:3048) [hadoop-common-3.3.6.jar:?]
]]></system-out>
  </testcase>
  <testcase name="testRenameFileToDir" classname="TestOzoneFileSystem" time="0.052">
    <system-out><![CDATA[12:58:30.717 [IPC Server handler 11 on default port 15057] ERROR OMAudit - user=runner | ip=127.0.0.1 | op=LIST_STATUS {volume=volume37469, bucket=bucket23551, key=a/b/c/file1, dataSize=0, replicationConfig=null} | ret=FAILURE
org.apache.hadoop.ozone.om.exceptions.OMException: Unable to get file status: volume: volume37469 bucket: bucket23551 key: a/b/c/file1
	at org.apache.hadoop.ozone.om.KeyManagerImpl.getOzoneFileStatus(KeyManagerImpl.java:1198) ~[ozone-manager-1.4.0-SNAPSHOT.jar:?]
	at org.apache.hadoop.ozone.om.KeyManagerImpl.getFileStatus(KeyManagerImpl.java:1116) ~[ozone-manager-1.4.0-SNAPSHOT.jar:?]
	at org.apache.hadoop.ozone.om.KeyManagerImpl.listStatus(KeyManagerImpl.java:1521) ~[ozone-manager-1.4.0-SNAPSHOT.jar:?]
	at org.apache.hadoop.ozone.om.OmMetadataReader.listStatus(OmMetadataReader.java:239) ~[ozone-manager-1.4.0-SNAPSHOT.jar:?]
	at org.apache.hadoop.ozone.om.OzoneManager.listStatus(OzoneManager.java:3582) ~[ozone-manager-1.4.0-SNAPSHOT.jar:?]
	at org.apache.hadoop.ozone.protocolPB.OzoneManagerRequestHandler.listStatus(OzoneManagerRequestHandler.java:1170) ~[ozone-manager-1.4.0-SNAPSHOT.jar:?]
	at org.apache.hadoop.ozone.protocolPB.OzoneManagerRequestHandler.handleReadRequest(OzoneManagerRequestHandler.java:270) ~[ozone-manager-1.4.0-SNAPSHOT.jar:?]
	at org.apache.hadoop.ozone.protocolPB.OzoneManagerProtocolServerSideTranslatorPB.submitRequestDirectlyToOM(OzoneManagerProtocolServerSideTranslatorPB.java:274) ~[ozone-manager-1.4.0-SNAPSHOT.jar:?]
	at org.apache.hadoop.ozone.protocolPB.OzoneManagerProtocolServerSideTranslatorPB.processRequest(OzoneManagerProtocolServerSideTranslatorPB.java:175) ~[ozone-manager-1.4.0-SNAPSHOT.jar:?]
	at org.apache.hadoop.hdds.server.OzoneProtocolMessageDispatcher.processRequest(OzoneProtocolMessageDispatcher.java:87) [hdds-server-framework-1.4.0-SNAPSHOT.jar:?]
	at org.apache.hadoop.ozone.protocolPB.OzoneManagerProtocolServerSideTranslatorPB.submitRequest(OzoneManagerProtocolServerSideTranslatorPB.java:148) [ozone-manager-1.4.0-SNAPSHOT.jar:?]
	at org.apache.hadoop.ozone.protocol.proto.OzoneManagerProtocolProtos$OzoneManagerService$2.callBlockingMethod(OzoneManagerProtocolProtos.java) [ozone-interface-client-1.4.0-SNAPSHOT.jar:?]
	at org.apache.hadoop.ipc.ProtobufRpcEngine$Server.processCall(ProtobufRpcEngine.java:484) [hadoop-common-3.3.6.jar:?]
	at org.apache.hadoop.ipc.ProtobufRpcEngine2$Server$ProtoBufRpcInvoker.call(ProtobufRpcEngine2.java:595) [hadoop-common-3.3.6.jar:?]
	at org.apache.hadoop.ipc.ProtobufRpcEngine2$Server$ProtoBufRpcInvoker.call(ProtobufRpcEngine2.java:573) [hadoop-common-3.3.6.jar:?]
	at org.apache.hadoop.ipc.RPC$Server.call(RPC.java:1227) [hadoop-common-3.3.6.jar:?]
	at org.apache.hadoop.ipc.Server$RpcCall.run(Server.java:1094) [hadoop-common-3.3.6.jar:?]
	at org.apache.hadoop.ipc.Server$RpcCall.run(Server.java:1017) [hadoop-common-3.3.6.jar:?]
	at java.security.AccessController.doPrivileged(Native Method) ~[?:1.8.0_382]
	at javax.security.auth.Subject.doAs(Subject.java:422) [?:1.8.0_382]
	at org.apache.hadoop.security.UserGroupInformation.doAs(UserGroupInformation.java:1899) [hadoop-common-3.3.6.jar:?]
	at org.apache.hadoop.ipc.Server$Handler.run(Server.java:3048) [hadoop-common-3.3.6.jar:?]
]]></system-out>
  </testcase>
  <testcase name="testRenameFileToDir" classname="TestOzoneFileSystem" time="0.051">
    <system-out><![CDATA[12:59:51.691 [IPC Server handler 0 on default port 15110] ERROR OMAudit - user=runner | ip=127.0.0.1 | op=LIST_STATUS {volume=volume13657, bucket=bucket40110, key=a/b/c/file1, dataSize=0, replicationConfig=null} | ret=FAILURE
org.apache.hadoop.ozone.om.exceptions.OMException: Unable to get file status: volume: volume13657 bucket: bucket40110 key: a/b/c/file1
	at org.apache.hadoop.ozone.om.KeyManagerImpl.getOzoneFileStatus(KeyManagerImpl.java:1198) ~[ozone-manager-1.4.0-SNAPSHOT.jar:?]
	at org.apache.hadoop.ozone.om.KeyManagerImpl.getFileStatus(KeyManagerImpl.java:1116) ~[ozone-manager-1.4.0-SNAPSHOT.jar:?]
	at org.apache.hadoop.ozone.om.KeyManagerImpl.listStatus(KeyManagerImpl.java:1521) ~[ozone-manager-1.4.0-SNAPSHOT.jar:?]
	at org.apache.hadoop.ozone.om.OmMetadataReader.listStatus(OmMetadataReader.java:239) ~[ozone-manager-1.4.0-SNAPSHOT.jar:?]
	at org.apache.hadoop.ozone.om.OzoneManager.listStatus(OzoneManager.java:3582) ~[ozone-manager-1.4.0-SNAPSHOT.jar:?]
	at org.apache.hadoop.ozone.protocolPB.OzoneManagerRequestHandler.listStatus(OzoneManagerRequestHandler.java:1170) ~[ozone-manager-1.4.0-SNAPSHOT.jar:?]
	at org.apache.hadoop.ozone.protocolPB.OzoneManagerRequestHandler.handleReadRequest(OzoneManagerRequestHandler.java:270) ~[ozone-manager-1.4.0-SNAPSHOT.jar:?]
	at org.apache.hadoop.ozone.protocolPB.OzoneManagerProtocolServerSideTranslatorPB.submitReadRequestToOM(OzoneManagerProtocolServerSideTranslatorPB.java:225) ~[ozone-manager-1.4.0-SNAPSHOT.jar:?]
	at org.apache.hadoop.ozone.protocolPB.OzoneManagerProtocolServerSideTranslatorPB.processRequest(OzoneManagerProtocolServerSideTranslatorPB.java:179) ~[ozone-manager-1.4.0-SNAPSHOT.jar:?]
	at org.apache.hadoop.hdds.server.OzoneProtocolMessageDispatcher.processRequest(OzoneProtocolMessageDispatcher.java:87) [hdds-server-framework-1.4.0-SNAPSHOT.jar:?]
	at org.apache.hadoop.ozone.protocolPB.OzoneManagerProtocolServerSideTranslatorPB.submitRequest(OzoneManagerProtocolServerSideTranslatorPB.java:148) [ozone-manager-1.4.0-SNAPSHOT.jar:?]
	at org.apache.hadoop.ozone.protocol.proto.OzoneManagerProtocolProtos$OzoneManagerService$2.callBlockingMethod(OzoneManagerProtocolProtos.java) [ozone-interface-client-1.4.0-SNAPSHOT.jar:?]
	at org.apache.hadoop.ipc.ProtobufRpcEngine$Server.processCall(ProtobufRpcEngine.java:484) [hadoop-common-3.3.6.jar:?]
	at org.apache.hadoop.ipc.ProtobufRpcEngine2$Server$ProtoBufRpcInvoker.call(ProtobufRpcEngine2.java:595) [hadoop-common-3.3.6.jar:?]
	at org.apache.hadoop.ipc.ProtobufRpcEngine2$Server$ProtoBufRpcInvoker.call(ProtobufRpcEngine2.java:573) [hadoop-common-3.3.6.jar:?]
	at org.apache.hadoop.ipc.RPC$Server.call(RPC.java:1227) [hadoop-common-3.3.6.jar:?]
	at org.apache.hadoop.ipc.Server$RpcCall.run(Server.java:1094) [hadoop-common-3.3.6.jar:?]
	at org.apache.hadoop.ipc.Server$RpcCall.run(Server.java:1017) [hadoop-common-3.3.6.jar:?]
	at java.security.AccessController.doPrivileged(Native Method) ~[?:1.8.0_382]
	at javax.security.auth.Subject.doAs(Subject.java:422) [?:1.8.0_382]
	at org.apache.hadoop.security.UserGroupInformation.doAs(UserGroupInformation.java:1899) [hadoop-common-3.3.6.jar:?]
	at org.apache.hadoop.ipc.Server$Handler.run(Server.java:3048) [hadoop-common-3.3.6.jar:?]
]]></system-out>
  </testcase>
  <testcase name="testRenameFileToDir" classname="TestOzoneFileSystem" time="0.06">
    <system-out><![CDATA[13:01:16.132 [IPC Server handler 14 on default port 15163] ERROR OMAudit - user=runner | ip=127.0.0.1 | op=LIST_STATUS {volume=volume08867, bucket=bucket18921, key=a/b/c/file1, dataSize=0, replicationConfig=null} | ret=FAILURE
org.apache.hadoop.ozone.om.exceptions.OMException: Unable to get file status: volume: volume08867 bucket: bucket18921 key: a/b/c/file1
	at org.apache.hadoop.ozone.om.KeyManagerImpl.getOzoneFileStatus(KeyManagerImpl.java:1198) ~[ozone-manager-1.4.0-SNAPSHOT.jar:?]
	at org.apache.hadoop.ozone.om.KeyManagerImpl.getFileStatus(KeyManagerImpl.java:1116) ~[ozone-manager-1.4.0-SNAPSHOT.jar:?]
	at org.apache.hadoop.ozone.om.KeyManagerImpl.listStatus(KeyManagerImpl.java:1521) ~[ozone-manager-1.4.0-SNAPSHOT.jar:?]
	at org.apache.hadoop.ozone.om.OmMetadataReader.listStatus(OmMetadataReader.java:239) ~[ozone-manager-1.4.0-SNAPSHOT.jar:?]
	at org.apache.hadoop.ozone.om.OzoneManager.listStatus(OzoneManager.java:3582) ~[ozone-manager-1.4.0-SNAPSHOT.jar:?]
	at org.apache.hadoop.ozone.protocolPB.OzoneManagerRequestHandler.listStatus(OzoneManagerRequestHandler.java:1170) ~[ozone-manager-1.4.0-SNAPSHOT.jar:?]
	at org.apache.hadoop.ozone.protocolPB.OzoneManagerRequestHandler.handleReadRequest(OzoneManagerRequestHandler.java:270) ~[ozone-manager-1.4.0-SNAPSHOT.jar:?]
	at org.apache.hadoop.ozone.protocolPB.OzoneManagerProtocolServerSideTranslatorPB.submitRequestDirectlyToOM(OzoneManagerProtocolServerSideTranslatorPB.java:274) ~[ozone-manager-1.4.0-SNAPSHOT.jar:?]
	at org.apache.hadoop.ozone.protocolPB.OzoneManagerProtocolServerSideTranslatorPB.processRequest(OzoneManagerProtocolServerSideTranslatorPB.java:175) ~[ozone-manager-1.4.0-SNAPSHOT.jar:?]
	at org.apache.hadoop.hdds.server.OzoneProtocolMessageDispatcher.processRequest(OzoneProtocolMessageDispatcher.java:87) [hdds-server-framework-1.4.0-SNAPSHOT.jar:?]
	at org.apache.hadoop.ozone.protocolPB.OzoneManagerProtocolServerSideTranslatorPB.submitRequest(OzoneManagerProtocolServerSideTranslatorPB.java:148) [ozone-manager-1.4.0-SNAPSHOT.jar:?]
	at org.apache.hadoop.ozone.protocol.proto.OzoneManagerProtocolProtos$OzoneManagerService$2.callBlockingMethod(OzoneManagerProtocolProtos.java) [ozone-interface-client-1.4.0-SNAPSHOT.jar:?]
	at org.apache.hadoop.ipc.ProtobufRpcEngine$Server.processCall(ProtobufRpcEngine.java:484) [hadoop-common-3.3.6.jar:?]
	at org.apache.hadoop.ipc.ProtobufRpcEngine2$Server$ProtoBufRpcInvoker.call(ProtobufRpcEngine2.java:595) [hadoop-common-3.3.6.jar:?]
	at org.apache.hadoop.ipc.ProtobufRpcEngine2$Server$ProtoBufRpcInvoker.call(ProtobufRpcEngine2.java:573) [hadoop-common-3.3.6.jar:?]
	at org.apache.hadoop.ipc.RPC$Server.call(RPC.java:1227) [hadoop-common-3.3.6.jar:?]
	at org.apache.hadoop.ipc.Server$RpcCall.run(Server.java:1094) [hadoop-common-3.3.6.jar:?]
	at org.apache.hadoop.ipc.Server$RpcCall.run(Server.java:1017) [hadoop-common-3.3.6.jar:?]
	at java.security.AccessController.doPrivileged(Native Method) ~[?:1.8.0_382]
	at javax.security.auth.Subject.doAs(Subject.java:422) [?:1.8.0_382]
	at org.apache.hadoop.security.UserGroupInformation.doAs(UserGroupInformation.java:1899) [hadoop-common-3.3.6.jar:?]
	at org.apache.hadoop.ipc.Server$Handler.run(Server.java:3048) [hadoop-common-3.3.6.jar:?]
]]></system-out>
  </testcase>
  <testcase name="testListStatusWithIntermediateDirWithECEnabled" classname="TestOzoneFileSystem" time="0.041">
    <system-out><![CDATA[2023-09-28 12:57:14,760 [IPC Server handler 6 on default port 15001] INFO  algorithms.SCMContainerPlacementRackScatter (SCMContainerPlacementRackScatter.java:chooseDatanodesInternal(370)) - Chosen nodes: [b52fde56-f3e5-42d4-9b16-acace5358b39(fv-az163-431.ksqkok1cighebdh5ckq0wc3qdf.dx.internal.cloudapp.net/10.1.0.34), 3b419e23-3cc6-45b0-b9b5-04f9349798d3(fv-az163-431.ksqkok1cighebdh5ckq0wc3qdf.dx.internal.cloudapp.net/10.1.0.34), 2942950e-5b72-4e60-8fd7-505c1475c682(fv-az163-431.ksqkok1cighebdh5ckq0wc3qdf.dx.internal.cloudapp.net/10.1.0.34), 034573be-2326-4784-8299-dcb44cb21fac(fv-az163-431.ksqkok1cighebdh5ckq0wc3qdf.dx.internal.cloudapp.net/10.1.0.34), fca1e5c8-2bd7-4c44-b23c-b8bd0cf2342b(fv-az163-431.ksqkok1cighebdh5ckq0wc3qdf.dx.internal.cloudapp.net/10.1.0.34)]. isPolicySatisfied: true.
2023-09-28 12:57:14,762 [IPC Server handler 6 on default port 15001] INFO  pipeline.WritableECContainerProvider (WritableECContainerProvider.java:allocateContainer(211)) - Created and opened new pipeline Pipeline[ Id: bb34666a-3b19-491d-9f3d-a40936e7cfc0, Nodes: b52fde56-f3e5-42d4-9b16-acace5358b39(fv-az163-431.ksqkok1cighebdh5ckq0wc3qdf.dx.internal.cloudapp.net/10.1.0.34)3b419e23-3cc6-45b0-b9b5-04f9349798d3(fv-az163-431.ksqkok1cighebdh5ckq0wc3qdf.dx.internal.cloudapp.net/10.1.0.34)2942950e-5b72-4e60-8fd7-505c1475c682(fv-az163-431.ksqkok1cighebdh5ckq0wc3qdf.dx.internal.cloudapp.net/10.1.0.34)034573be-2326-4784-8299-dcb44cb21fac(fv-az163-431.ksqkok1cighebdh5ckq0wc3qdf.dx.internal.cloudapp.net/10.1.0.34)fca1e5c8-2bd7-4c44-b23c-b8bd0cf2342b(fv-az163-431.ksqkok1cighebdh5ckq0wc3qdf.dx.internal.cloudapp.net/10.1.0.34), ReplicationConfig: EC{rs-3-2-1024k}, State:ALLOCATED, leaderId:, CreationTimestamp2023-09-28T12:57:14.760Z[Etc/UTC]]
]]></system-out>
  </testcase>
  <testcase name="testListStatusWithIntermediateDirWithECEnabled" classname="TestOzoneFileSystem" time="0.04">
    <system-out><![CDATA[2023-09-28 12:58:30,760 [IPC Server handler 3 on default port 15054] INFO  algorithms.SCMContainerPlacementRackScatter (SCMContainerPlacementRackScatter.java:chooseDatanodesInternal(370)) - Chosen nodes: [6aca8935-1d6c-4d3a-a292-fe52e1537be9(fv-az163-431.ksqkok1cighebdh5ckq0wc3qdf.dx.internal.cloudapp.net/10.1.0.34), 7cfd9c5f-6b01-4921-8aee-b720897a5c16(fv-az163-431.ksqkok1cighebdh5ckq0wc3qdf.dx.internal.cloudapp.net/10.1.0.34), 0f9fbc80-e5a1-4c69-bc7e-bbf3cec1ed51(fv-az163-431.ksqkok1cighebdh5ckq0wc3qdf.dx.internal.cloudapp.net/10.1.0.34), f243e081-7f32-4351-9ea9-befbe250a72f(fv-az163-431.ksqkok1cighebdh5ckq0wc3qdf.dx.internal.cloudapp.net/10.1.0.34), 3367f98c-98b8-4b1e-994c-c2057e541421(fv-az163-431.ksqkok1cighebdh5ckq0wc3qdf.dx.internal.cloudapp.net/10.1.0.34)]. isPolicySatisfied: true.
2023-09-28 12:58:30,763 [IPC Server handler 3 on default port 15054] INFO  pipeline.WritableECContainerProvider (WritableECContainerProvider.java:allocateContainer(211)) - Created and opened new pipeline Pipeline[ Id: 10464e1a-c6cb-486a-a4c1-5527b818a0c4, Nodes: 6aca8935-1d6c-4d3a-a292-fe52e1537be9(fv-az163-431.ksqkok1cighebdh5ckq0wc3qdf.dx.internal.cloudapp.net/10.1.0.34)7cfd9c5f-6b01-4921-8aee-b720897a5c16(fv-az163-431.ksqkok1cighebdh5ckq0wc3qdf.dx.internal.cloudapp.net/10.1.0.34)0f9fbc80-e5a1-4c69-bc7e-bbf3cec1ed51(fv-az163-431.ksqkok1cighebdh5ckq0wc3qdf.dx.internal.cloudapp.net/10.1.0.34)f243e081-7f32-4351-9ea9-befbe250a72f(fv-az163-431.ksqkok1cighebdh5ckq0wc3qdf.dx.internal.cloudapp.net/10.1.0.34)3367f98c-98b8-4b1e-994c-c2057e541421(fv-az163-431.ksqkok1cighebdh5ckq0wc3qdf.dx.internal.cloudapp.net/10.1.0.34), ReplicationConfig: EC{rs-3-2-1024k}, State:ALLOCATED, leaderId:, CreationTimestamp2023-09-28T12:58:30.760Z[Etc/UTC]]
]]></system-out>
  </testcase>
  <testcase name="testListStatusWithIntermediateDirWithECEnabled" classname="TestOzoneFileSystem" time="0.035">
    <system-out><![CDATA[2023-09-28 12:59:51,732 [IPC Server handler 6 on default port 15107] INFO  algorithms.SCMContainerPlacementRackScatter (SCMContainerPlacementRackScatter.java:chooseDatanodesInternal(370)) - Chosen nodes: [d40e6bcf-02e4-4e73-834b-c61e0c8d110b(fv-az163-431.ksqkok1cighebdh5ckq0wc3qdf.dx.internal.cloudapp.net/10.1.0.34), 5e08d1c9-8c08-4060-98f0-ffeffb182171(fv-az163-431.ksqkok1cighebdh5ckq0wc3qdf.dx.internal.cloudapp.net/10.1.0.34), 7a34fa35-5459-4f99-8201-9b20cfcc4ca7(fv-az163-431.ksqkok1cighebdh5ckq0wc3qdf.dx.internal.cloudapp.net/10.1.0.34), e56a0381-809f-4844-8654-a0ae17700968(fv-az163-431.ksqkok1cighebdh5ckq0wc3qdf.dx.internal.cloudapp.net/10.1.0.34), 9cdffd11-02fa-4df2-99c7-28ecdc892c61(fv-az163-431.ksqkok1cighebdh5ckq0wc3qdf.dx.internal.cloudapp.net/10.1.0.34)]. isPolicySatisfied: true.
2023-09-28 12:59:51,733 [IPC Server handler 6 on default port 15107] INFO  pipeline.WritableECContainerProvider (WritableECContainerProvider.java:allocateContainer(211)) - Created and opened new pipeline Pipeline[ Id: b079af5a-cf66-4918-9dd5-fdfbf2dcd7a1, Nodes: d40e6bcf-02e4-4e73-834b-c61e0c8d110b(fv-az163-431.ksqkok1cighebdh5ckq0wc3qdf.dx.internal.cloudapp.net/10.1.0.34)5e08d1c9-8c08-4060-98f0-ffeffb182171(fv-az163-431.ksqkok1cighebdh5ckq0wc3qdf.dx.internal.cloudapp.net/10.1.0.34)7a34fa35-5459-4f99-8201-9b20cfcc4ca7(fv-az163-431.ksqkok1cighebdh5ckq0wc3qdf.dx.internal.cloudapp.net/10.1.0.34)e56a0381-809f-4844-8654-a0ae17700968(fv-az163-431.ksqkok1cighebdh5ckq0wc3qdf.dx.internal.cloudapp.net/10.1.0.34)9cdffd11-02fa-4df2-99c7-28ecdc892c61(fv-az163-431.ksqkok1cighebdh5ckq0wc3qdf.dx.internal.cloudapp.net/10.1.0.34), ReplicationConfig: EC{rs-3-2-1024k}, State:ALLOCATED, leaderId:, CreationTimestamp2023-09-28T12:59:51.732Z[Etc/UTC]]
]]></system-out>
  </testcase>
  <testcase name="testListStatusWithIntermediateDirWithECEnabled" classname="TestOzoneFileSystem" time="0.04">
    <system-out><![CDATA[2023-09-28 13:01:16,186 [IPC Server handler 5 on default port 15160] INFO  algorithms.SCMContainerPlacementRackScatter (SCMContainerPlacementRackScatter.java:chooseDatanodesInternal(370)) - Chosen nodes: [5aa6a13f-c826-4197-9c03-9c8133ccbb57(fv-az163-431.ksqkok1cighebdh5ckq0wc3qdf.dx.internal.cloudapp.net/10.1.0.34), 2e0a77eb-074a-4a54-81ef-c7479b7c14e1(fv-az163-431.ksqkok1cighebdh5ckq0wc3qdf.dx.internal.cloudapp.net/10.1.0.34), 1f3e3681-2cc0-4f79-8587-08300d65d237(fv-az163-431.ksqkok1cighebdh5ckq0wc3qdf.dx.internal.cloudapp.net/10.1.0.34), 924326bc-ac30-411c-a350-30e2822afeed(fv-az163-431.ksqkok1cighebdh5ckq0wc3qdf.dx.internal.cloudapp.net/10.1.0.34), 1544e7f7-fd3f-4574-a78e-ef52e31146de(fv-az163-431.ksqkok1cighebdh5ckq0wc3qdf.dx.internal.cloudapp.net/10.1.0.34)]. isPolicySatisfied: true.
2023-09-28 13:01:16,187 [IPC Server handler 5 on default port 15160] INFO  pipeline.WritableECContainerProvider (WritableECContainerProvider.java:allocateContainer(211)) - Created and opened new pipeline Pipeline[ Id: 60d6fc3a-2ec8-47fb-8cd8-9a3004c1c1ff, Nodes: 5aa6a13f-c826-4197-9c03-9c8133ccbb57(fv-az163-431.ksqkok1cighebdh5ckq0wc3qdf.dx.internal.cloudapp.net/10.1.0.34)2e0a77eb-074a-4a54-81ef-c7479b7c14e1(fv-az163-431.ksqkok1cighebdh5ckq0wc3qdf.dx.internal.cloudapp.net/10.1.0.34)1f3e3681-2cc0-4f79-8587-08300d65d237(fv-az163-431.ksqkok1cighebdh5ckq0wc3qdf.dx.internal.cloudapp.net/10.1.0.34)924326bc-ac30-411c-a350-30e2822afeed(fv-az163-431.ksqkok1cighebdh5ckq0wc3qdf.dx.internal.cloudapp.net/10.1.0.34)1544e7f7-fd3f-4574-a78e-ef52e31146de(fv-az163-431.ksqkok1cighebdh5ckq0wc3qdf.dx.internal.cloudapp.net/10.1.0.34), ReplicationConfig: EC{rs-3-2-1024k}, State:ALLOCATED, leaderId:, CreationTimestamp2023-09-28T13:01:16.186Z[Etc/UTC]]
]]></system-out>
  </testcase>
  <testcase name="testMakeDirsWithAnExistingDirectoryPath" classname="TestOzoneFileSystem" time="0.03"/>
  <testcase name="testMakeDirsWithAnExistingDirectoryPath" classname="TestOzoneFileSystem" time="0.028"/>
  <testcase name="testMakeDirsWithAnExistingDirectoryPath" classname="TestOzoneFileSystem" time="0.03"/>
  <testcase name="testMakeDirsWithAnExistingDirectoryPath" classname="TestOzoneFileSystem" time="0.03"/>
  <testcase name="testSetTimes" classname="TestOzoneFileSystem" time="0.17"/>
  <testcase name="testSetTimes" classname="TestOzoneFileSystem" time="0.131"/>
  <testcase name="testSetTimes" classname="TestOzoneFileSystem" time="0.128"/>
  <testcase name="testSetTimes" classname="TestOzoneFileSystem" time="0.161"/>
</testsuite>