<?xml version="1.0" encoding="UTF-8"?>
<testsuite xmlns:xsi="http://www.w3.org/2001/XMLSchema-instance" xsi:noNamespaceSchemaLocation="https://maven.apache.org/surefire/maven-surefire-plugin/xsd/surefire-test-report-3.0.xsd" version="3.0" name="org.apache.hadoop.ozone.container.common.TestBlockDeletingService" time="24.079" tests="56" errors="1" skipped="12" failures="0">
  <properties>
    <property name="awt.toolkit" value="sun.awt.X11.XToolkit"/>
    <property name="file.encoding.pkg" value="sun.io"/>
    <property name="java.specification.version" value="1.8"/>
    <property name="sun.cpu.isalist" value=""/>
    <property name="sun.jnu.encoding" value="UTF-8"/>
    <property name="java.class.path" value="/home/runner/work/ozone/ozone/hadoop-hdds/container-service/target/test-classes:/home/runner/work/ozone/ozone/hadoop-hdds/container-service/target/classes:/home/runner/work/ozone/ozone/hadoop-hdds/common/target/classes:/home/runner/work/ozone/ozone/hadoop-hdds/hadoop-dependency-client/target/classes:/home/runner/.m2/repository/org/apache/hadoop/hadoop-annotations/3.3.6/hadoop-annotations-3.3.6.jar:/usr/lib/jvm/temurin-8-jdk-amd64/jre/../lib/tools.jar:/home/runner/.m2/repository/org/apache/hadoop/hadoop-common/3.3.6/hadoop-common-3.3.6.jar:/home/runner/.m2/repository/org/apache/hadoop/thirdparty/hadoop-shaded-guava/1.1.1/hadoop-shaded-guava-1.1.1.jar:/home/runner/.m2/repository/org/apache/httpcomponents/httpclient/4.5.13/httpclient-4.5.13.jar:/home/runner/.m2/repository/org/apache/httpcomponents/httpcore/4.4.13/httpcore-4.4.13.jar:/home/runner/.m2/repository/jakarta/activation/jakarta.activation-api/1.2.2/jakarta.activation-api-1.2.2.jar:/home/runner/.m2/repository/com/google/re2j/re2j/1.1/re2j-1.1.jar:/home/runner/.m2/repository/org/apache/hadoop/hadoop-auth/3.3.6/hadoop-auth-3.3.6.jar:/home/runner/.m2/repository/org/apache/kerby/kerb-core/1.0.1/kerb-core-1.0.1.jar:/home/runner/.m2/repository/org/apache/kerby/kerby-pkix/1.0.1/kerby-pkix-1.0.1.jar:/home/runner/.m2/repository/org/apache/kerby/kerby-asn1/1.0.1/kerby-asn1-1.0.1.jar:/home/runner/.m2/repository/org/apache/kerby/kerby-util/1.0.1/kerby-util-1.0.1.jar:/home/runner/.m2/repository/org/codehaus/woodstox/stax2-api/4.2.1/stax2-api-4.2.1.jar:/home/runner/.m2/repository/com/fasterxml/woodstox/woodstox-core/5.4.0/woodstox-core-5.4.0.jar:/home/runner/.m2/repository/org/xerial/snappy/snappy-java/1.1.8.2/snappy-java-1.1.8.2.jar:/home/runner/.m2/repository/org/apache/hadoop/hadoop-hdfs/3.3.6/hadoop-hdfs-3.3.6.jar:/home/runner/.m2/repository/info/picocli/picocli/4.6.1/picocli-4.6.1.jar:/home/runner/.m2/repository/com/google/protobuf/protobuf-java/2.5.0/protobuf-java-2.5.0.jar:/home/runner/.m2/repository/com/google/guava/guava/32.0.0-jre/guava-32.0.0-jre.jar:/home/runner/.m2/repository/com/google/guava/failureaccess/1.0.1/failureaccess-1.0.1.jar:/home/runner/.m2/repository/com/google/guava/listenablefuture/9999.0-empty-to-avoid-conflict-with-guava/listenablefuture-9999.0-empty-to-avoid-conflict-with-guava.jar:/home/runner/.m2/repository/org/checkerframework/checker-qual/3.33.0/checker-qual-3.33.0.jar:/home/runner/.m2/repository/com/google/errorprone/error_prone_annotations/2.2.0/error_prone_annotations-2.2.0.jar:/home/runner/.m2/repository/com/google/j2objc/j2objc-annotations/2.8/j2objc-annotations-2.8.jar:/home/runner/.m2/repository/org/apache/commons/commons-lang3/3.7/commons-lang3-3.7.jar:/home/runner/.m2/repository/commons-io/commons-io/2.11.0/commons-io-2.11.0.jar:/home/runner/.m2/repository/com/fasterxml/jackson/core/jackson-annotations/2.13.4/jackson-annotations-2.13.4.jar:/home/runner/.m2/repository/com/fasterxml/jackson/datatype/jackson-datatype-jsr310/2.13.4/jackson-datatype-jsr310-2.13.4.jar:/home/runner/.m2/repository/com/fasterxml/jackson/core/jackson-core/2.13.4/jackson-core-2.13.4.jar:/home/runner/.m2/repository/com/fasterxml/jackson/core/jackson-databind/2.13.4.2/jackson-databind-2.13.4.2.jar:/home/runner/work/ozone/ozone/hadoop-hdds/annotations/target/classes:/home/runner/work/ozone/ozone/hadoop-hdds/config/target/classes:/home/runner/.m2/repository/javax/annotation/javax.annotation-api/1.2/javax.annotation-api-1.2.jar:/home/runner/.m2/repository/org/apache/ratis/ratis-server/2.5.1/ratis-server-2.5.1.jar:/home/runner/.m2/repository/org/apache/ratis/ratis-thirdparty-misc/1.0.4/ratis-thirdparty-misc-1.0.4.jar:/home/runner/.m2/repository/org/apache/ratis/ratis-proto/2.5.1/ratis-proto-2.5.1.jar:/home/runner/.m2/repository/org/apache/ratis/ratis-common/2.5.1/ratis-common-2.5.1.jar:/home/runner/.m2/repository/org/apache/ratis/ratis-client/2.5.1/ratis-client-2.5.1.jar:/home/runner/.m2/repository/org/apache/ratis/ratis-server-api/2.5.1/ratis-server-api-2.5.1.jar:/home/runner/.m2/repository/org/apache/ratis/ratis-metrics/2.5.1/ratis-metrics-2.5.1.jar:/home/runner/.m2/repository/org/apache/ratis/ratis-netty/2.5.1/ratis-netty-2.5.1.jar:/home/runner/.m2/repository/org/apache/ratis/ratis-grpc/2.5.1/ratis-grpc-2.5.1.jar:/home/runner/.m2/repository/org/apache/logging/log4j/log4j-api/2.17.1/log4j-api-2.17.1.jar:/home/runner/.m2/repository/org/apache/commons/commons-pool2/2.6.0/commons-pool2-2.6.0.jar:/home/runner/.m2/repository/org/bouncycastle/bcpkix-jdk15on/1.67/bcpkix-jdk15on-1.67.jar:/home/runner/.m2/repository/org/bouncycastle/bcprov-jdk15on/1.67/bcprov-jdk15on-1.67.jar:/home/runner/.m2/repository/commons-validator/commons-validator/1.6/commons-validator-1.6.jar:/home/runner/.m2/repository/commons-beanutils/commons-beanutils/1.9.4/commons-beanutils-1.9.4.jar:/home/runner/.m2/repository/commons-digester/commons-digester/1.8.1/commons-digester-1.8.1.jar:/home/runner/.m2/repository/commons-collections/commons-collections/3.2.2/commons-collections-3.2.2.jar:/home/runner/.m2/repository/io/jaegertracing/jaeger-client/1.6.0/jaeger-client-1.6.0.jar:/home/runner/.m2/repository/io/jaegertracing/jaeger-thrift/1.6.0/jaeger-thrift-1.6.0.jar:/home/runner/.m2/repository/org/apache/thrift/libthrift/0.14.1/libthrift-0.14.1.jar:/home/runner/.m2/repository/io/jaegertracing/jaeger-core/1.6.0/jaeger-core-1.6.0.jar:/home/runner/.m2/repository/com/google/code/gson/gson/2.9.0/gson-2.9.0.jar:/home/runner/.m2/repository/io/jaegertracing/jaeger-tracerresolver/1.6.0/jaeger-tracerresolver-1.6.0.jar:/home/runner/.m2/repository/io/opentracing/contrib/opentracing-tracerresolver/0.1.8/opentracing-tracerresolver-0.1.8.jar:/home/runner/.m2/repository/org/jetbrains/kotlin/kotlin-stdlib/1.6.21/kotlin-stdlib-1.6.21.jar:/home/runner/.m2/repository/org/jetbrains/kotlin/kotlin-stdlib-common/1.6.21/kotlin-stdlib-common-1.6.21.jar:/home/runner/.m2/repository/org/jetbrains/annotations/13.0/annotations-13.0.jar:/home/runner/.m2/repository/io/opentracing/opentracing-util/0.33.0/opentracing-util-0.33.0.jar:/home/runner/.m2/repository/io/opentracing/opentracing-api/0.33.0/opentracing-api-0.33.0.jar:/home/runner/.m2/repository/io/opentracing/opentracing-noop/0.33.0/opentracing-noop-0.33.0.jar:/home/runner/.m2/repository/org/reflections/reflections/0.9.11/reflections-0.9.11.jar:/home/runner/.m2/repository/org/javassist/javassist/3.21.0-GA/javassist-3.21.0-GA.jar:/home/runner/work/ozone/ozone/hadoop-hdds/interface-client/target/classes:/home/runner/.m2/repository/org/apache/hadoop/thirdparty/hadoop-shaded-protobuf_3_7/1.1.1/hadoop-shaded-protobuf_3_7-1.1.1.jar:/home/runner/work/ozone/ozone/hadoop-hdds/interface-admin/target/classes:/home/runner/.m2/repository/io/grpc/grpc-api/1.51.1/grpc-api-1.51.1.jar:/home/runner/.m2/repository/io/grpc/grpc-context/1.51.1/grpc-context-1.51.1.jar:/home/runner/work/ozone/ozone/hadoop-hdds/test-utils/target/classes:/home/runner/.m2/repository/commons-logging/commons-logging/1.2/commons-logging-1.2.jar:/home/runner/.m2/repository/org/junit/jupiter/junit-jupiter-api/5.8.2/junit-jupiter-api-5.8.2.jar:/home/runner/.m2/repository/org/opentest4j/opentest4j/1.2.0/opentest4j-1.2.0.jar:/home/runner/.m2/repository/org/junit/platform/junit-platform-commons/1.8.2/junit-platform-commons-1.8.2.jar:/home/runner/.m2/repository/ch/qos/reload4j/reload4j/1.2.22/reload4j-1.2.22.jar:/home/runner/.m2/repository/org/slf4j/slf4j-api/1.7.36/slf4j-api-1.7.36.jar:/home/runner/.m2/repository/org/apache/commons/commons-compress/1.21/commons-compress-1.21.jar:/home/runner/.m2/repository/com/github/luben/zstd-jni/1.5.2-5/zstd-jni-1.5.2-5.jar:/home/runner/work/ozone/ozone/hadoop-hdds/common/target/test-classes:/home/runner/work/ozone/ozone/hadoop-hdds/framework/target/classes:/home/runner/work/ozone/ozone/hadoop-hdds/interface-server/target/classes:/home/runner/work/ozone/ozone/hadoop-hdds/managed-rocksdb/target/classes:/home/runner/.m2/repository/org/rocksdb/rocksdbjni/7.7.3/rocksdbjni-7.7.3.jar:/home/runner/work/ozone/ozone/hadoop-hdds/hadoop-dependency-server/target/classes:/home/runner/.m2/repository/commons-cli/commons-cli/1.2/commons-cli-1.2.jar:/home/runner/.m2/repository/org/apache/commons/commons-configuration2/2.1.1/commons-configuration2-2.1.1.jar:/home/runner/.m2/repository/commons-fileupload/commons-fileupload/1.5/commons-fileupload-1.5.jar:/home/runner/.m2/repository/org/apache/logging/log4j/log4j-core/2.17.1/log4j-core-2.17.1.jar:/home/runner/.m2/repository/com/lmax/disruptor/3.4.2/disruptor-3.4.2.jar:/home/runner/.m2/repository/org/eclipse/jetty/jetty-util/9.4.51.v20230217/jetty-util-9.4.51.v20230217.jar:/home/runner/.m2/repository/org/eclipse/jetty/jetty-server/9.4.51.v20230217/jetty-server-9.4.51.v20230217.jar:/home/runner/.m2/repository/javax/servlet/javax.servlet-api/3.1.0/javax.servlet-api-3.1.0.jar:/home/runner/.m2/repository/org/eclipse/jetty/jetty-http/9.4.51.v20230217/jetty-http-9.4.51.v20230217.jar:/home/runner/.m2/repository/org/eclipse/jetty/jetty-io/9.4.51.v20230217/jetty-io-9.4.51.v20230217.jar:/home/runner/.m2/repository/org/eclipse/jetty/jetty-servlet/9.4.51.v20230217/jetty-servlet-9.4.51.v20230217.jar:/home/runner/.m2/repository/org/eclipse/jetty/jetty-security/9.4.51.v20230217/jetty-security-9.4.51.v20230217.jar:/home/runner/.m2/repository/org/eclipse/jetty/jetty-util-ajax/9.4.51.v20230217/jetty-util-ajax-9.4.51.v20230217.jar:/home/runner/.m2/repository/org/eclipse/jetty/jetty-webapp/9.4.51.v20230217/jetty-webapp-9.4.51.v20230217.jar:/home/runner/.m2/repository/org/eclipse/jetty/jetty-xml/9.4.51.v20230217/jetty-xml-9.4.51.v20230217.jar:/home/runner/.m2/repository/io/prometheus/simpleclient_dropwizard/0.7.0/simpleclient_dropwizard-0.7.0.jar:/home/runner/.m2/repository/io/prometheus/simpleclient/0.7.0/simpleclient-0.7.0.jar:/home/runner/.m2/repository/io/prometheus/simpleclient_common/0.7.0/simpleclient_common-0.7.0.jar:/home/runner/.m2/repository/org/apache/hadoop/hadoop-hdfs-client/3.3.6/hadoop-hdfs-client-3.3.6.jar:/home/runner/.m2/repository/com/squareup/okhttp3/okhttp/4.9.3/okhttp-4.9.3.jar:/home/runner/.m2/repository/com/squareup/okio/okio/3.4.0/okio-3.4.0.jar:/home/runner/.m2/repository/com/squareup/okio/okio-jvm/3.4.0/okio-jvm-3.4.0.jar:/home/runner/.m2/repository/org/jetbrains/kotlin/kotlin-stdlib-jdk8/1.8.0/kotlin-stdlib-jdk8-1.8.0.jar:/home/runner/.m2/repository/org/jetbrains/kotlin/kotlin-stdlib-jdk7/1.8.0/kotlin-stdlib-jdk7-1.8.0.jar:/home/runner/work/ozone/ozone/hadoop-hdds/rocksdb-checkpoint-differ/target/classes:/home/runner/work/ozone/ozone/hadoop-hdds/rocks-native/target/classes:/home/runner/.m2/repository/org/jgrapht/jgrapht-core/1.0.1/jgrapht-core-1.0.1.jar:/home/runner/.m2/repository/org/jgrapht/jgrapht-ext/1.0.1/jgrapht-ext-1.0.1.jar:/home/runner/.m2/repository/org/tinyjee/jgraphx/jgraphx/2.0.0.1/jgraphx-2.0.0.1.jar:/home/runner/.m2/repository/jgraph/jgraph/5.13.0.0/jgraph-5.13.0.0.jar:/home/runner/.m2/repository/org/antlr/antlr4-runtime/4.5.3/antlr4-runtime-4.5.3.jar:/home/runner/.m2/repository/org/awaitility/awaitility/4.2.0/awaitility-4.2.0.jar:/home/runner/.m2/repository/org/hamcrest/hamcrest/2.1/hamcrest-2.1.jar:/home/runner/work/ozone/ozone/hadoop-hdds/client/target/classes:/home/runner/work/ozone/ozone/hadoop-hdds/erasurecode/target/classes:/home/runner/.m2/repository/commons-codec/commons-codec/1.15/commons-codec-1.15.jar:/home/runner/.m2/repository/io/dropwizard/metrics/metrics-core/3.2.4/metrics-core-3.2.4.jar:/home/runner/.m2/repository/org/mockito/mockito-core/3.5.9/mockito-core-3.5.9.jar:/home/runner/.m2/repository/net/bytebuddy/byte-buddy/1.10.13/byte-buddy-1.10.13.jar:/home/runner/.m2/repository/net/bytebuddy/byte-buddy-agent/1.10.13/byte-buddy-agent-1.10.13.jar:/home/runner/.m2/repository/org/objenesis/objenesis/1.0/objenesis-1.0.jar:/home/runner/.m2/repository/org/yaml/snakeyaml/2.0/snakeyaml-2.0.jar:/home/runner/work/ozone/ozone/hadoop-hdds/docs/target/classes:/home/runner/.m2/repository/com/github/spotbugs/spotbugs-annotations/3.1.12/spotbugs-annotations-3.1.12.jar:/home/runner/.m2/repository/com/google/code/findbugs/jsr305/3.0.0/jsr305-3.0.0.jar:/home/runner/.m2/repository/org/powermock/powermock-module-junit4/2.0.4/powermock-module-junit4-2.0.4.jar:/home/runner/.m2/repository/org/powermock/powermock-module-junit4-common/2.0.4/powermock-module-junit4-common-2.0.4.jar:/home/runner/.m2/repository/org/powermock/powermock-reflect/2.0.4/powermock-reflect-2.0.4.jar:/home/runner/.m2/repository/org/powermock/powermock-core/2.0.4/powermock-core-2.0.4.jar:/home/runner/.m2/repository/org/hamcrest/hamcrest-core/1.3/hamcrest-core-1.3.jar:/home/runner/.m2/repository/org/powermock/powermock-api-mockito2/2.0.4/powermock-api-mockito2-2.0.4.jar:/home/runner/.m2/repository/org/powermock/powermock-api-support/2.0.4/powermock-api-support-2.0.4.jar:/home/runner/work/ozone/ozone/hadoop-hdds/hadoop-dependency-test/target/classes:/home/runner/.m2/repository/org/apache/hadoop/hadoop-common/3.3.6/hadoop-common-3.3.6-tests.jar:/home/runner/.m2/repository/org/apache/hadoop/hadoop-hdfs/3.3.6/hadoop-hdfs-3.3.6-tests.jar:/home/runner/.m2/repository/org/assertj/assertj-core/3.12.2/assertj-core-3.12.2.jar:/home/runner/.m2/repository/org/slf4j/slf4j-reload4j/1.7.36/slf4j-reload4j-1.7.36.jar:/home/runner/.m2/repository/javax/xml/bind/jaxb-api/2.3.0/jaxb-api-2.3.0.jar:/home/runner/.m2/repository/org/glassfish/jaxb/jaxb-runtime/2.3.0.1/jaxb-runtime-2.3.0.1.jar:/home/runner/.m2/repository/org/glassfish/jaxb/jaxb-core/2.3.0.1/jaxb-core-2.3.0.1.jar:/home/runner/.m2/repository/org/glassfish/jaxb/txw2/2.3.0.1/txw2-2.3.0.1.jar:/home/runner/.m2/repository/com/sun/istack/istack-commons-runtime/3.0.5/istack-commons-runtime-3.0.5.jar:/home/runner/.m2/repository/org/jvnet/staxex/stax-ex/1.7.8/stax-ex-1.7.8.jar:/home/runner/.m2/repository/com/sun/xml/fastinfoset/FastInfoset/1.2.13/FastInfoset-1.2.13.jar:/home/runner/.m2/repository/io/netty/netty-transport/4.1.94.Final/netty-transport-4.1.94.Final.jar:/home/runner/.m2/repository/io/netty/netty-common/4.1.94.Final/netty-common-4.1.94.Final.jar:/home/runner/.m2/repository/io/netty/netty-buffer/4.1.94.Final/netty-buffer-4.1.94.Final.jar:/home/runner/.m2/repository/io/netty/netty-resolver/4.1.94.Final/netty-resolver-4.1.94.Final.jar:/home/runner/.m2/repository/io/netty/netty-codec/4.1.94.Final/netty-codec-4.1.94.Final.jar:/home/runner/.m2/repository/io/netty/netty-handler/4.1.94.Final/netty-handler-4.1.94.Final.jar:/home/runner/.m2/repository/io/netty/netty-transport-native-unix-common/4.1.94.Final/netty-transport-native-unix-common-4.1.94.Final.jar:/home/runner/.m2/repository/org/apache/commons/commons-text/1.10.0/commons-text-1.10.0.jar:/home/runner/.m2/repository/org/mockito/mockito-junit-jupiter/3.5.9/mockito-junit-jupiter-3.5.9.jar:/home/runner/.m2/repository/org/junit/jupiter/junit-jupiter-params/5.8.2/junit-jupiter-params-5.8.2.jar:/home/runner/.m2/repository/org/apiguardian/apiguardian-api/1.1.2/apiguardian-api-1.1.2.jar:/home/runner/.m2/repository/junit/junit/4.13.1/junit-4.13.1.jar:"/>
    <property name="java.vm.vendor" value="Temurin"/>
    <property name="sun.arch.data.model" value="64"/>
    <property name="test.build.dir" value="/home/runner/work/ozone/ozone/hadoop-hdds/container-service/target/test-dir"/>
    <property name="test.cache.data" value=""/>
    <property name="java.vendor.url" value="https://adoptium.net/"/>
    <property name="user.timezone" value="Etc/UTC"/>
    <property name="java.vm.specification.version" value="1.8"/>
    <property name="os.name" value="Linux"/>
    <property name="test.build.data" value="/home/runner/work/ozone/ozone/hadoop-hdds/container-service/target/test-dir"/>
    <property name="sun.java.launcher" value="SUN_STANDARD"/>
    <property name="sun.boot.library.path" value="/usr/lib/jvm/temurin-8-jdk-amd64/jre/lib/amd64"/>
    <property name="sun.java.command" value="/home/runner/work/ozone/ozone/hadoop-hdds/container-service/target/surefire/surefirebooter7075216666310341934.jar /home/runner/work/ozone/ozone/hadoop-hdds/container-service/target/surefire 2023-07-21T17-48-48_713-jvmRun1 surefire8140123353414483874tmp surefire_1472065797474489342233tmp"/>
    <property name="native.lib.tmp.dir" value="/tmp"/>
    <property name="surefire.test.class.path" value="/home/runner/work/ozone/ozone/hadoop-hdds/container-service/target/test-classes:/home/runner/work/ozone/ozone/hadoop-hdds/container-service/target/classes:/home/runner/work/ozone/ozone/hadoop-hdds/common/target/classes:/home/runner/work/ozone/ozone/hadoop-hdds/hadoop-dependency-client/target/classes:/home/runner/.m2/repository/org/apache/hadoop/hadoop-annotations/3.3.6/hadoop-annotations-3.3.6.jar:/usr/lib/jvm/temurin-8-jdk-amd64/jre/../lib/tools.jar:/home/runner/.m2/repository/org/apache/hadoop/hadoop-common/3.3.6/hadoop-common-3.3.6.jar:/home/runner/.m2/repository/org/apache/hadoop/thirdparty/hadoop-shaded-guava/1.1.1/hadoop-shaded-guava-1.1.1.jar:/home/runner/.m2/repository/org/apache/httpcomponents/httpclient/4.5.13/httpclient-4.5.13.jar:/home/runner/.m2/repository/org/apache/httpcomponents/httpcore/4.4.13/httpcore-4.4.13.jar:/home/runner/.m2/repository/jakarta/activation/jakarta.activation-api/1.2.2/jakarta.activation-api-1.2.2.jar:/home/runner/.m2/repository/com/google/re2j/re2j/1.1/re2j-1.1.jar:/home/runner/.m2/repository/org/apache/hadoop/hadoop-auth/3.3.6/hadoop-auth-3.3.6.jar:/home/runner/.m2/repository/org/apache/kerby/kerb-core/1.0.1/kerb-core-1.0.1.jar:/home/runner/.m2/repository/org/apache/kerby/kerby-pkix/1.0.1/kerby-pkix-1.0.1.jar:/home/runner/.m2/repository/org/apache/kerby/kerby-asn1/1.0.1/kerby-asn1-1.0.1.jar:/home/runner/.m2/repository/org/apache/kerby/kerby-util/1.0.1/kerby-util-1.0.1.jar:/home/runner/.m2/repository/org/codehaus/woodstox/stax2-api/4.2.1/stax2-api-4.2.1.jar:/home/runner/.m2/repository/com/fasterxml/woodstox/woodstox-core/5.4.0/woodstox-core-5.4.0.jar:/home/runner/.m2/repository/org/xerial/snappy/snappy-java/1.1.8.2/snappy-java-1.1.8.2.jar:/home/runner/.m2/repository/org/apache/hadoop/hadoop-hdfs/3.3.6/hadoop-hdfs-3.3.6.jar:/home/runner/.m2/repository/info/picocli/picocli/4.6.1/picocli-4.6.1.jar:/home/runner/.m2/repository/com/google/protobuf/protobuf-java/2.5.0/protobuf-java-2.5.0.jar:/home/runner/.m2/repository/com/google/guava/guava/32.0.0-jre/guava-32.0.0-jre.jar:/home/runner/.m2/repository/com/google/guava/failureaccess/1.0.1/failureaccess-1.0.1.jar:/home/runner/.m2/repository/com/google/guava/listenablefuture/9999.0-empty-to-avoid-conflict-with-guava/listenablefuture-9999.0-empty-to-avoid-conflict-with-guava.jar:/home/runner/.m2/repository/org/checkerframework/checker-qual/3.33.0/checker-qual-3.33.0.jar:/home/runner/.m2/repository/com/google/errorprone/error_prone_annotations/2.2.0/error_prone_annotations-2.2.0.jar:/home/runner/.m2/repository/com/google/j2objc/j2objc-annotations/2.8/j2objc-annotations-2.8.jar:/home/runner/.m2/repository/org/apache/commons/commons-lang3/3.7/commons-lang3-3.7.jar:/home/runner/.m2/repository/commons-io/commons-io/2.11.0/commons-io-2.11.0.jar:/home/runner/.m2/repository/com/fasterxml/jackson/core/jackson-annotations/2.13.4/jackson-annotations-2.13.4.jar:/home/runner/.m2/repository/com/fasterxml/jackson/datatype/jackson-datatype-jsr310/2.13.4/jackson-datatype-jsr310-2.13.4.jar:/home/runner/.m2/repository/com/fasterxml/jackson/core/jackson-core/2.13.4/jackson-core-2.13.4.jar:/home/runner/.m2/repository/com/fasterxml/jackson/core/jackson-databind/2.13.4.2/jackson-databind-2.13.4.2.jar:/home/runner/work/ozone/ozone/hadoop-hdds/annotations/target/classes:/home/runner/work/ozone/ozone/hadoop-hdds/config/target/classes:/home/runner/.m2/repository/javax/annotation/javax.annotation-api/1.2/javax.annotation-api-1.2.jar:/home/runner/.m2/repository/org/apache/ratis/ratis-server/2.5.1/ratis-server-2.5.1.jar:/home/runner/.m2/repository/org/apache/ratis/ratis-thirdparty-misc/1.0.4/ratis-thirdparty-misc-1.0.4.jar:/home/runner/.m2/repository/org/apache/ratis/ratis-proto/2.5.1/ratis-proto-2.5.1.jar:/home/runner/.m2/repository/org/apache/ratis/ratis-common/2.5.1/ratis-common-2.5.1.jar:/home/runner/.m2/repository/org/apache/ratis/ratis-client/2.5.1/ratis-client-2.5.1.jar:/home/runner/.m2/repository/org/apache/ratis/ratis-server-api/2.5.1/ratis-server-api-2.5.1.jar:/home/runner/.m2/repository/org/apache/ratis/ratis-metrics/2.5.1/ratis-metrics-2.5.1.jar:/home/runner/.m2/repository/org/apache/ratis/ratis-netty/2.5.1/ratis-netty-2.5.1.jar:/home/runner/.m2/repository/org/apache/ratis/ratis-grpc/2.5.1/ratis-grpc-2.5.1.jar:/home/runner/.m2/repository/org/apache/logging/log4j/log4j-api/2.17.1/log4j-api-2.17.1.jar:/home/runner/.m2/repository/org/apache/commons/commons-pool2/2.6.0/commons-pool2-2.6.0.jar:/home/runner/.m2/repository/org/bouncycastle/bcpkix-jdk15on/1.67/bcpkix-jdk15on-1.67.jar:/home/runner/.m2/repository/org/bouncycastle/bcprov-jdk15on/1.67/bcprov-jdk15on-1.67.jar:/home/runner/.m2/repository/commons-validator/commons-validator/1.6/commons-validator-1.6.jar:/home/runner/.m2/repository/commons-beanutils/commons-beanutils/1.9.4/commons-beanutils-1.9.4.jar:/home/runner/.m2/repository/commons-digester/commons-digester/1.8.1/commons-digester-1.8.1.jar:/home/runner/.m2/repository/commons-collections/commons-collections/3.2.2/commons-collections-3.2.2.jar:/home/runner/.m2/repository/io/jaegertracing/jaeger-client/1.6.0/jaeger-client-1.6.0.jar:/home/runner/.m2/repository/io/jaegertracing/jaeger-thrift/1.6.0/jaeger-thrift-1.6.0.jar:/home/runner/.m2/repository/org/apache/thrift/libthrift/0.14.1/libthrift-0.14.1.jar:/home/runner/.m2/repository/io/jaegertracing/jaeger-core/1.6.0/jaeger-core-1.6.0.jar:/home/runner/.m2/repository/com/google/code/gson/gson/2.9.0/gson-2.9.0.jar:/home/runner/.m2/repository/io/jaegertracing/jaeger-tracerresolver/1.6.0/jaeger-tracerresolver-1.6.0.jar:/home/runner/.m2/repository/io/opentracing/contrib/opentracing-tracerresolver/0.1.8/opentracing-tracerresolver-0.1.8.jar:/home/runner/.m2/repository/org/jetbrains/kotlin/kotlin-stdlib/1.6.21/kotlin-stdlib-1.6.21.jar:/home/runner/.m2/repository/org/jetbrains/kotlin/kotlin-stdlib-common/1.6.21/kotlin-stdlib-common-1.6.21.jar:/home/runner/.m2/repository/org/jetbrains/annotations/13.0/annotations-13.0.jar:/home/runner/.m2/repository/io/opentracing/opentracing-util/0.33.0/opentracing-util-0.33.0.jar:/home/runner/.m2/repository/io/opentracing/opentracing-api/0.33.0/opentracing-api-0.33.0.jar:/home/runner/.m2/repository/io/opentracing/opentracing-noop/0.33.0/opentracing-noop-0.33.0.jar:/home/runner/.m2/repository/org/reflections/reflections/0.9.11/reflections-0.9.11.jar:/home/runner/.m2/repository/org/javassist/javassist/3.21.0-GA/javassist-3.21.0-GA.jar:/home/runner/work/ozone/ozone/hadoop-hdds/interface-client/target/classes:/home/runner/.m2/repository/org/apache/hadoop/thirdparty/hadoop-shaded-protobuf_3_7/1.1.1/hadoop-shaded-protobuf_3_7-1.1.1.jar:/home/runner/work/ozone/ozone/hadoop-hdds/interface-admin/target/classes:/home/runner/.m2/repository/io/grpc/grpc-api/1.51.1/grpc-api-1.51.1.jar:/home/runner/.m2/repository/io/grpc/grpc-context/1.51.1/grpc-context-1.51.1.jar:/home/runner/work/ozone/ozone/hadoop-hdds/test-utils/target/classes:/home/runner/.m2/repository/commons-logging/commons-logging/1.2/commons-logging-1.2.jar:/home/runner/.m2/repository/org/junit/jupiter/junit-jupiter-api/5.8.2/junit-jupiter-api-5.8.2.jar:/home/runner/.m2/repository/org/opentest4j/opentest4j/1.2.0/opentest4j-1.2.0.jar:/home/runner/.m2/repository/org/junit/platform/junit-platform-commons/1.8.2/junit-platform-commons-1.8.2.jar:/home/runner/.m2/repository/ch/qos/reload4j/reload4j/1.2.22/reload4j-1.2.22.jar:/home/runner/.m2/repository/org/slf4j/slf4j-api/1.7.36/slf4j-api-1.7.36.jar:/home/runner/.m2/repository/org/apache/commons/commons-compress/1.21/commons-compress-1.21.jar:/home/runner/.m2/repository/com/github/luben/zstd-jni/1.5.2-5/zstd-jni-1.5.2-5.jar:/home/runner/work/ozone/ozone/hadoop-hdds/common/target/test-classes:/home/runner/work/ozone/ozone/hadoop-hdds/framework/target/classes:/home/runner/work/ozone/ozone/hadoop-hdds/interface-server/target/classes:/home/runner/work/ozone/ozone/hadoop-hdds/managed-rocksdb/target/classes:/home/runner/.m2/repository/org/rocksdb/rocksdbjni/7.7.3/rocksdbjni-7.7.3.jar:/home/runner/work/ozone/ozone/hadoop-hdds/hadoop-dependency-server/target/classes:/home/runner/.m2/repository/commons-cli/commons-cli/1.2/commons-cli-1.2.jar:/home/runner/.m2/repository/org/apache/commons/commons-configuration2/2.1.1/commons-configuration2-2.1.1.jar:/home/runner/.m2/repository/commons-fileupload/commons-fileupload/1.5/commons-fileupload-1.5.jar:/home/runner/.m2/repository/org/apache/logging/log4j/log4j-core/2.17.1/log4j-core-2.17.1.jar:/home/runner/.m2/repository/com/lmax/disruptor/3.4.2/disruptor-3.4.2.jar:/home/runner/.m2/repository/org/eclipse/jetty/jetty-util/9.4.51.v20230217/jetty-util-9.4.51.v20230217.jar:/home/runner/.m2/repository/org/eclipse/jetty/jetty-server/9.4.51.v20230217/jetty-server-9.4.51.v20230217.jar:/home/runner/.m2/repository/javax/servlet/javax.servlet-api/3.1.0/javax.servlet-api-3.1.0.jar:/home/runner/.m2/repository/org/eclipse/jetty/jetty-http/9.4.51.v20230217/jetty-http-9.4.51.v20230217.jar:/home/runner/.m2/repository/org/eclipse/jetty/jetty-io/9.4.51.v20230217/jetty-io-9.4.51.v20230217.jar:/home/runner/.m2/repository/org/eclipse/jetty/jetty-servlet/9.4.51.v20230217/jetty-servlet-9.4.51.v20230217.jar:/home/runner/.m2/repository/org/eclipse/jetty/jetty-security/9.4.51.v20230217/jetty-security-9.4.51.v20230217.jar:/home/runner/.m2/repository/org/eclipse/jetty/jetty-util-ajax/9.4.51.v20230217/jetty-util-ajax-9.4.51.v20230217.jar:/home/runner/.m2/repository/org/eclipse/jetty/jetty-webapp/9.4.51.v20230217/jetty-webapp-9.4.51.v20230217.jar:/home/runner/.m2/repository/org/eclipse/jetty/jetty-xml/9.4.51.v20230217/jetty-xml-9.4.51.v20230217.jar:/home/runner/.m2/repository/io/prometheus/simpleclient_dropwizard/0.7.0/simpleclient_dropwizard-0.7.0.jar:/home/runner/.m2/repository/io/prometheus/simpleclient/0.7.0/simpleclient-0.7.0.jar:/home/runner/.m2/repository/io/prometheus/simpleclient_common/0.7.0/simpleclient_common-0.7.0.jar:/home/runner/.m2/repository/org/apache/hadoop/hadoop-hdfs-client/3.3.6/hadoop-hdfs-client-3.3.6.jar:/home/runner/.m2/repository/com/squareup/okhttp3/okhttp/4.9.3/okhttp-4.9.3.jar:/home/runner/.m2/repository/com/squareup/okio/okio/3.4.0/okio-3.4.0.jar:/home/runner/.m2/repository/com/squareup/okio/okio-jvm/3.4.0/okio-jvm-3.4.0.jar:/home/runner/.m2/repository/org/jetbrains/kotlin/kotlin-stdlib-jdk8/1.8.0/kotlin-stdlib-jdk8-1.8.0.jar:/home/runner/.m2/repository/org/jetbrains/kotlin/kotlin-stdlib-jdk7/1.8.0/kotlin-stdlib-jdk7-1.8.0.jar:/home/runner/work/ozone/ozone/hadoop-hdds/rocksdb-checkpoint-differ/target/classes:/home/runner/work/ozone/ozone/hadoop-hdds/rocks-native/target/classes:/home/runner/.m2/repository/org/jgrapht/jgrapht-core/1.0.1/jgrapht-core-1.0.1.jar:/home/runner/.m2/repository/org/jgrapht/jgrapht-ext/1.0.1/jgrapht-ext-1.0.1.jar:/home/runner/.m2/repository/org/tinyjee/jgraphx/jgraphx/2.0.0.1/jgraphx-2.0.0.1.jar:/home/runner/.m2/repository/jgraph/jgraph/5.13.0.0/jgraph-5.13.0.0.jar:/home/runner/.m2/repository/org/antlr/antlr4-runtime/4.5.3/antlr4-runtime-4.5.3.jar:/home/runner/.m2/repository/org/awaitility/awaitility/4.2.0/awaitility-4.2.0.jar:/home/runner/.m2/repository/org/hamcrest/hamcrest/2.1/hamcrest-2.1.jar:/home/runner/work/ozone/ozone/hadoop-hdds/client/target/classes:/home/runner/work/ozone/ozone/hadoop-hdds/erasurecode/target/classes:/home/runner/.m2/repository/commons-codec/commons-codec/1.15/commons-codec-1.15.jar:/home/runner/.m2/repository/io/dropwizard/metrics/metrics-core/3.2.4/metrics-core-3.2.4.jar:/home/runner/.m2/repository/org/mockito/mockito-core/3.5.9/mockito-core-3.5.9.jar:/home/runner/.m2/repository/net/bytebuddy/byte-buddy/1.10.13/byte-buddy-1.10.13.jar:/home/runner/.m2/repository/net/bytebuddy/byte-buddy-agent/1.10.13/byte-buddy-agent-1.10.13.jar:/home/runner/.m2/repository/org/objenesis/objenesis/1.0/objenesis-1.0.jar:/home/runner/.m2/repository/org/yaml/snakeyaml/2.0/snakeyaml-2.0.jar:/home/runner/work/ozone/ozone/hadoop-hdds/docs/target/classes:/home/runner/.m2/repository/com/github/spotbugs/spotbugs-annotations/3.1.12/spotbugs-annotations-3.1.12.jar:/home/runner/.m2/repository/com/google/code/findbugs/jsr305/3.0.0/jsr305-3.0.0.jar:/home/runner/.m2/repository/org/powermock/powermock-module-junit4/2.0.4/powermock-module-junit4-2.0.4.jar:/home/runner/.m2/repository/org/powermock/powermock-module-junit4-common/2.0.4/powermock-module-junit4-common-2.0.4.jar:/home/runner/.m2/repository/org/powermock/powermock-reflect/2.0.4/powermock-reflect-2.0.4.jar:/home/runner/.m2/repository/org/powermock/powermock-core/2.0.4/powermock-core-2.0.4.jar:/home/runner/.m2/repository/org/hamcrest/hamcrest-core/1.3/hamcrest-core-1.3.jar:/home/runner/.m2/repository/org/powermock/powermock-api-mockito2/2.0.4/powermock-api-mockito2-2.0.4.jar:/home/runner/.m2/repository/org/powermock/powermock-api-support/2.0.4/powermock-api-support-2.0.4.jar:/home/runner/work/ozone/ozone/hadoop-hdds/hadoop-dependency-test/target/classes:/home/runner/.m2/repository/org/apache/hadoop/hadoop-common/3.3.6/hadoop-common-3.3.6-tests.jar:/home/runner/.m2/repository/org/apache/hadoop/hadoop-hdfs/3.3.6/hadoop-hdfs-3.3.6-tests.jar:/home/runner/.m2/repository/org/assertj/assertj-core/3.12.2/assertj-core-3.12.2.jar:/home/runner/.m2/repository/org/slf4j/slf4j-reload4j/1.7.36/slf4j-reload4j-1.7.36.jar:/home/runner/.m2/repository/javax/xml/bind/jaxb-api/2.3.0/jaxb-api-2.3.0.jar:/home/runner/.m2/repository/org/glassfish/jaxb/jaxb-runtime/2.3.0.1/jaxb-runtime-2.3.0.1.jar:/home/runner/.m2/repository/org/glassfish/jaxb/jaxb-core/2.3.0.1/jaxb-core-2.3.0.1.jar:/home/runner/.m2/repository/org/glassfish/jaxb/txw2/2.3.0.1/txw2-2.3.0.1.jar:/home/runner/.m2/repository/com/sun/istack/istack-commons-runtime/3.0.5/istack-commons-runtime-3.0.5.jar:/home/runner/.m2/repository/org/jvnet/staxex/stax-ex/1.7.8/stax-ex-1.7.8.jar:/home/runner/.m2/repository/com/sun/xml/fastinfoset/FastInfoset/1.2.13/FastInfoset-1.2.13.jar:/home/runner/.m2/repository/io/netty/netty-transport/4.1.94.Final/netty-transport-4.1.94.Final.jar:/home/runner/.m2/repository/io/netty/netty-common/4.1.94.Final/netty-common-4.1.94.Final.jar:/home/runner/.m2/repository/io/netty/netty-buffer/4.1.94.Final/netty-buffer-4.1.94.Final.jar:/home/runner/.m2/repository/io/netty/netty-resolver/4.1.94.Final/netty-resolver-4.1.94.Final.jar:/home/runner/.m2/repository/io/netty/netty-codec/4.1.94.Final/netty-codec-4.1.94.Final.jar:/home/runner/.m2/repository/io/netty/netty-handler/4.1.94.Final/netty-handler-4.1.94.Final.jar:/home/runner/.m2/repository/io/netty/netty-transport-native-unix-common/4.1.94.Final/netty-transport-native-unix-common-4.1.94.Final.jar:/home/runner/.m2/repository/org/apache/commons/commons-text/1.10.0/commons-text-1.10.0.jar:/home/runner/.m2/repository/org/mockito/mockito-junit-jupiter/3.5.9/mockito-junit-jupiter-3.5.9.jar:/home/runner/.m2/repository/org/junit/jupiter/junit-jupiter-params/5.8.2/junit-jupiter-params-5.8.2.jar:/home/runner/.m2/repository/org/apiguardian/apiguardian-api/1.1.2/apiguardian-api-1.1.2.jar:/home/runner/.m2/repository/junit/junit/4.13.1/junit-4.13.1.jar:"/>
    <property name="sun.cpu.endian" value="little"/>
    <property name="user.home" value="/home/runner"/>
    <property name="user.language" value="en"/>
    <property name="java.specification.vendor" value="Oracle Corporation"/>
    <property name="java.home" value="/usr/lib/jvm/temurin-8-jdk-amd64/jre"/>
    <property name="java.security.krb5.conf" value="/home/runner/work/ozone/ozone/hadoop-hdds/container-service/target/test-classes/krb5.conf"/>
    <property name="basedir" value="/home/runner/work/ozone/ozone/hadoop-hdds/container-service"/>
    <property name="file.separator" value="/"/>
    <property name="line.separator" value="&#10;"/>
    <property name="java.vm.specification.vendor" value="Oracle Corporation"/>
    <property name="java.specification.name" value="Java Platform API Specification"/>
    <property name="java.awt.graphicsenv" value="sun.awt.X11GraphicsEnvironment"/>
    <property name="skip.installnpx" value="true"/>
    <property name="surefire.real.class.path" value="/home/runner/work/ozone/ozone/hadoop-hdds/container-service/target/surefire/surefirebooter7075216666310341934.jar:/home/runner/.m2/repository/org/jacoco/org.jacoco.agent/0.8.5/org.jacoco.agent-0.8.5-runtime.jar"/>
    <property name="hadoop.log.dir" value="/home/runner/work/ozone/ozone/hadoop-hdds/container-service/target/log"/>
    <property name="sun.boot.class.path" value="/usr/lib/jvm/temurin-8-jdk-amd64/jre/lib/resources.jar:/usr/lib/jvm/temurin-8-jdk-amd64/jre/lib/rt.jar:/usr/lib/jvm/temurin-8-jdk-amd64/jre/lib/sunrsasign.jar:/usr/lib/jvm/temurin-8-jdk-amd64/jre/lib/jsse.jar:/usr/lib/jvm/temurin-8-jdk-amd64/jre/lib/jce.jar:/usr/lib/jvm/temurin-8-jdk-amd64/jre/lib/charsets.jar:/usr/lib/jvm/temurin-8-jdk-amd64/jre/lib/jfr.jar:/usr/lib/jvm/temurin-8-jdk-amd64/jre/classes"/>
    <property name="sun.management.compiler" value="HotSpot 64-Bit Tiered Compilers"/>
    <property name="skip.npx" value="true"/>
    <property name="java.runtime.version" value="1.8.0_372-b07"/>
    <property name="java.net.preferIPv4Stack" value="true"/>
    <property name="user.name" value="runner"/>
    <property name="path.separator" value=":"/>
    <property name="java.security.egd" value="file:///dev/urandom"/>
    <property name="os.version" value="5.15.0-1041-azure"/>
    <property name="java.endorsed.dirs" value="/usr/lib/jvm/temurin-8-jdk-amd64/jre/lib/endorsed"/>
    <property name="java.runtime.name" value="OpenJDK Runtime Environment"/>
    <property name="file.encoding" value="UTF-8"/>
    <property name="java.vm.name" value="OpenJDK 64-Bit Server VM"/>
    <property name="test.build.webapps" value=""/>
    <property name="localRepository" value="/home/runner/.m2/repository"/>
    <property name="java.vendor.url.bug" value="https://github.com/adoptium/adoptium-support/issues"/>
    <property name="java.io.tmpdir" value="/tmp"/>
    <property name="require.test.libhadoop" value=""/>
    <property name="java.version" value="1.8.0_372"/>
    <property name="user.dir" value="/home/runner/work/ozone/ozone/hadoop-hdds/container-service"/>
    <property name="os.arch" value="amd64"/>
    <property name="java.vm.specification.name" value="Java Virtual Machine Specification"/>
    <property name="test.build.classes" value="/home/runner/work/ozone/ozone/hadoop-hdds/container-service/target/test-classes"/>
    <property name="java.awt.printerjob" value="sun.print.PSPrinterJob"/>
    <property name="sun.os.patch.level" value="unknown"/>
    <property name="excludedGroups" value="native"/>
    <property name="hadoop.tmp.dir" value="/home/runner/work/ozone/ozone/hadoop-hdds/container-service/target/tmp"/>
    <property name="java.library.path" value="/usr/java/packages/lib/amd64:/usr/lib64:/lib64:/lib:/usr/lib"/>
    <property name="java.vm.info" value="mixed mode"/>
    <property name="java.vendor" value="Temurin"/>
    <property name="java.vm.version" value="25.372-b07"/>
    <property name="java.specification.maintenance.version" value="4"/>
    <property name="java.ext.dirs" value="/usr/lib/jvm/temurin-8-jdk-amd64/jre/lib/ext:/usr/java/packages/lib/ext"/>
    <property name="sun.io.unicode.encoding" value="UnicodeLittle"/>
    <property name="java.class.version" value="52.0"/>
  </properties>
  <testcase name="testContainerThrottle" classname="TestBlockDeletingService" time="0">
    <skipped/>
  </testcase>
  <testcase name="testContainerThrottle" classname="TestBlockDeletingService" time="0">
    <skipped/>
  </testcase>
  <testcase name="testContainerThrottle" classname="TestBlockDeletingService" time="0">
    <skipped/>
  </testcase>
  <testcase name="testContainerThrottle" classname="TestBlockDeletingService" time="0">
    <skipped/>
  </testcase>
  <testcase name="testContainerThrottle" classname="TestBlockDeletingService" time="0">
    <skipped/>
  </testcase>
  <testcase name="testContainerThrottle" classname="TestBlockDeletingService" time="0">
    <skipped/>
  </testcase>
  <testcase name="testContainerThrottle" classname="TestBlockDeletingService" time="0">
    <skipped/>
  </testcase>
  <testcase name="testContainerThrottle" classname="TestBlockDeletingService" time="0">
    <skipped/>
  </testcase>
  <testcase name="testWithUnrecordedBlocks" classname="TestBlockDeletingService" time="0">
    <skipped type="org.junit.AssumptionViolatedException"><![CDATA[org.junit.AssumptionViolatedException: got: <true>, expected: is <false>
	at org.junit.Assume.assumeThat(Assume.java:106)
	at org.junit.Assume.assumeFalse(Assume.java:57)
	at org.apache.hadoop.ozone.container.common.TestBlockDeletingService.testWithUnrecordedBlocks(TestBlockDeletingService.java:671)
	at sun.reflect.NativeMethodAccessorImpl.invoke0(Native Method)
	at sun.reflect.NativeMethodAccessorImpl.invoke(NativeMethodAccessorImpl.java:62)
	at sun.reflect.DelegatingMethodAccessorImpl.invoke(DelegatingMethodAccessorImpl.java:43)
	at java.lang.reflect.Method.invoke(Method.java:498)
	at org.junit.runners.model.FrameworkMethod$1.runReflectiveCall(FrameworkMethod.java:59)
	at org.junit.internal.runners.model.ReflectiveCallable.run(ReflectiveCallable.java:12)
	at org.junit.runners.model.FrameworkMethod.invokeExplosively(FrameworkMethod.java:56)
	at org.junit.internal.runners.statements.InvokeMethod.evaluate(InvokeMethod.java:17)
	at org.junit.internal.runners.statements.RunBefores.evaluate(RunBefores.java:26)
	at org.junit.internal.runners.statements.RunAfters.evaluate(RunAfters.java:27)
	at org.junit.runners.ParentRunner$3.evaluate(ParentRunner.java:306)
	at org.junit.runners.BlockJUnit4ClassRunner$1.evaluate(BlockJUnit4ClassRunner.java:100)
	at org.junit.runners.ParentRunner.runLeaf(ParentRunner.java:366)
	at org.junit.runners.BlockJUnit4ClassRunner.runChild(BlockJUnit4ClassRunner.java:103)
	at org.junit.runners.BlockJUnit4ClassRunner.runChild(BlockJUnit4ClassRunner.java:63)
	at org.junit.runners.ParentRunner$4.run(ParentRunner.java:331)
	at org.junit.runners.ParentRunner$1.schedule(ParentRunner.java:79)
	at org.junit.runners.ParentRunner.runChildren(ParentRunner.java:329)
	at org.junit.runners.ParentRunner.access$100(ParentRunner.java:66)
	at org.junit.runners.ParentRunner$2.evaluate(ParentRunner.java:293)
	at org.junit.runners.ParentRunner.run(ParentRunner.java:413)
	at org.junit.runners.Suite.runChild(Suite.java:128)
	at org.junit.runners.Suite.runChild(Suite.java:27)
	at org.junit.runners.ParentRunner$4.run(ParentRunner.java:331)
	at org.junit.runners.ParentRunner$1.schedule(ParentRunner.java:79)
	at org.junit.runners.ParentRunner.runChildren(ParentRunner.java:329)
	at org.junit.runners.ParentRunner.access$100(ParentRunner.java:66)
	at org.junit.runners.ParentRunner$2.evaluate(ParentRunner.java:293)
	at org.junit.runners.ParentRunner$3.evaluate(ParentRunner.java:306)
	at org.junit.runners.ParentRunner.run(ParentRunner.java:413)
	at org.junit.runner.JUnitCore.run(JUnitCore.java:137)
	at org.junit.runner.JUnitCore.run(JUnitCore.java:115)
	at org.junit.vintage.engine.execution.RunnerExecutor.execute(RunnerExecutor.java:42)
	at org.junit.vintage.engine.VintageTestEngine.executeAllChildren(VintageTestEngine.java:80)
	at org.junit.vintage.engine.VintageTestEngine.execute(VintageTestEngine.java:72)
	at org.junit.platform.launcher.core.EngineExecutionOrchestrator.execute(EngineExecutionOrchestrator.java:107)
	at org.junit.platform.launcher.core.EngineExecutionOrchestrator.execute(EngineExecutionOrchestrator.java:88)
	at org.junit.platform.launcher.core.EngineExecutionOrchestrator.lambda$execute$0(EngineExecutionOrchestrator.java:54)
	at org.junit.platform.launcher.core.EngineExecutionOrchestrator.withInterceptedStreams(EngineExecutionOrchestrator.java:67)
	at org.junit.platform.launcher.core.EngineExecutionOrchestrator.execute(EngineExecutionOrchestrator.java:52)
	at org.junit.platform.launcher.core.DefaultLauncher.execute(DefaultLauncher.java:114)
	at org.junit.platform.launcher.core.DefaultLauncher.execute(DefaultLauncher.java:86)
	at org.junit.platform.launcher.core.DefaultLauncherSession$DelegatingLauncher.execute(DefaultLauncherSession.java:86)
	at org.junit.platform.launcher.core.SessionPerRequestLauncher.execute(SessionPerRequestLauncher.java:53)
	at org.apache.maven.surefire.junitplatform.JUnitPlatformProvider.execute(JUnitPlatformProvider.java:188)
	at org.apache.maven.surefire.junitplatform.JUnitPlatformProvider.invokeAllTests(JUnitPlatformProvider.java:154)
	at org.apache.maven.surefire.junitplatform.JUnitPlatformProvider.invoke(JUnitPlatformProvider.java:124)
	at org.apache.maven.surefire.booter.ForkedBooter.runSuitesInProcess(ForkedBooter.java:428)
	at org.apache.maven.surefire.booter.ForkedBooter.execute(ForkedBooter.java:162)
	at org.apache.maven.surefire.booter.ForkedBooter.run(ForkedBooter.java:562)
	at org.apache.maven.surefire.booter.ForkedBooter.main(ForkedBooter.java:548)
]]></skipped>
    <system-out><![CDATA[2023-07-21 17:59:54,264 [main] INFO  volume.HddsVolume (HddsVolume.java:<init>(126)) - Creating HddsVolume: /home/runner/work/ozone/ozone/hadoop-hdds/container-service/target/test-dir/TestBlockDeletingService/hdds of storage type : DISK capacity : 9223372036854775807
2023-07-21 17:59:54,281 [main] INFO  volume.MutableVolumeSet (MutableVolumeSet.java:initializeVolumeSet(175)) - Added Volume : /home/runner/work/ozone/ozone/hadoop-hdds/container-service/target/test-dir/TestBlockDeletingService/hdds to VolumeSet
]]></system-out>
  </testcase>
  <testcase name="testWithUnrecordedBlocks" classname="TestBlockDeletingService" time="0">
    <skipped type="org.junit.AssumptionViolatedException"><![CDATA[org.junit.AssumptionViolatedException: got: <true>, expected: is <false>
	at org.junit.Assume.assumeThat(Assume.java:106)
	at org.junit.Assume.assumeFalse(Assume.java:57)
	at org.apache.hadoop.ozone.container.common.TestBlockDeletingService.testWithUnrecordedBlocks(TestBlockDeletingService.java:671)
	at sun.reflect.NativeMethodAccessorImpl.invoke0(Native Method)
	at sun.reflect.NativeMethodAccessorImpl.invoke(NativeMethodAccessorImpl.java:62)
	at sun.reflect.DelegatingMethodAccessorImpl.invoke(DelegatingMethodAccessorImpl.java:43)
	at java.lang.reflect.Method.invoke(Method.java:498)
	at org.junit.runners.model.FrameworkMethod$1.runReflectiveCall(FrameworkMethod.java:59)
	at org.junit.internal.runners.model.ReflectiveCallable.run(ReflectiveCallable.java:12)
	at org.junit.runners.model.FrameworkMethod.invokeExplosively(FrameworkMethod.java:56)
	at org.junit.internal.runners.statements.InvokeMethod.evaluate(InvokeMethod.java:17)
	at org.junit.internal.runners.statements.RunBefores.evaluate(RunBefores.java:26)
	at org.junit.internal.runners.statements.RunAfters.evaluate(RunAfters.java:27)
	at org.junit.runners.ParentRunner$3.evaluate(ParentRunner.java:306)
	at org.junit.runners.BlockJUnit4ClassRunner$1.evaluate(BlockJUnit4ClassRunner.java:100)
	at org.junit.runners.ParentRunner.runLeaf(ParentRunner.java:366)
	at org.junit.runners.BlockJUnit4ClassRunner.runChild(BlockJUnit4ClassRunner.java:103)
	at org.junit.runners.BlockJUnit4ClassRunner.runChild(BlockJUnit4ClassRunner.java:63)
	at org.junit.runners.ParentRunner$4.run(ParentRunner.java:331)
	at org.junit.runners.ParentRunner$1.schedule(ParentRunner.java:79)
	at org.junit.runners.ParentRunner.runChildren(ParentRunner.java:329)
	at org.junit.runners.ParentRunner.access$100(ParentRunner.java:66)
	at org.junit.runners.ParentRunner$2.evaluate(ParentRunner.java:293)
	at org.junit.runners.ParentRunner.run(ParentRunner.java:413)
	at org.junit.runners.Suite.runChild(Suite.java:128)
	at org.junit.runners.Suite.runChild(Suite.java:27)
	at org.junit.runners.ParentRunner$4.run(ParentRunner.java:331)
	at org.junit.runners.ParentRunner$1.schedule(ParentRunner.java:79)
	at org.junit.runners.ParentRunner.runChildren(ParentRunner.java:329)
	at org.junit.runners.ParentRunner.access$100(ParentRunner.java:66)
	at org.junit.runners.ParentRunner$2.evaluate(ParentRunner.java:293)
	at org.junit.runners.ParentRunner$3.evaluate(ParentRunner.java:306)
	at org.junit.runners.ParentRunner.run(ParentRunner.java:413)
	at org.junit.runner.JUnitCore.run(JUnitCore.java:137)
	at org.junit.runner.JUnitCore.run(JUnitCore.java:115)
	at org.junit.vintage.engine.execution.RunnerExecutor.execute(RunnerExecutor.java:42)
	at org.junit.vintage.engine.VintageTestEngine.executeAllChildren(VintageTestEngine.java:80)
	at org.junit.vintage.engine.VintageTestEngine.execute(VintageTestEngine.java:72)
	at org.junit.platform.launcher.core.EngineExecutionOrchestrator.execute(EngineExecutionOrchestrator.java:107)
	at org.junit.platform.launcher.core.EngineExecutionOrchestrator.execute(EngineExecutionOrchestrator.java:88)
	at org.junit.platform.launcher.core.EngineExecutionOrchestrator.lambda$execute$0(EngineExecutionOrchestrator.java:54)
	at org.junit.platform.launcher.core.EngineExecutionOrchestrator.withInterceptedStreams(EngineExecutionOrchestrator.java:67)
	at org.junit.platform.launcher.core.EngineExecutionOrchestrator.execute(EngineExecutionOrchestrator.java:52)
	at org.junit.platform.launcher.core.DefaultLauncher.execute(DefaultLauncher.java:114)
	at org.junit.platform.launcher.core.DefaultLauncher.execute(DefaultLauncher.java:86)
	at org.junit.platform.launcher.core.DefaultLauncherSession$DelegatingLauncher.execute(DefaultLauncherSession.java:86)
	at org.junit.platform.launcher.core.SessionPerRequestLauncher.execute(SessionPerRequestLauncher.java:53)
	at org.apache.maven.surefire.junitplatform.JUnitPlatformProvider.execute(JUnitPlatformProvider.java:188)
	at org.apache.maven.surefire.junitplatform.JUnitPlatformProvider.invokeAllTests(JUnitPlatformProvider.java:154)
	at org.apache.maven.surefire.junitplatform.JUnitPlatformProvider.invoke(JUnitPlatformProvider.java:124)
	at org.apache.maven.surefire.booter.ForkedBooter.runSuitesInProcess(ForkedBooter.java:428)
	at org.apache.maven.surefire.booter.ForkedBooter.execute(ForkedBooter.java:162)
	at org.apache.maven.surefire.booter.ForkedBooter.run(ForkedBooter.java:562)
	at org.apache.maven.surefire.booter.ForkedBooter.main(ForkedBooter.java:548)
]]></skipped>
    <system-out><![CDATA[2023-07-21 17:59:59,914 [main] INFO  volume.HddsVolume (HddsVolume.java:<init>(126)) - Creating HddsVolume: /home/runner/work/ozone/ozone/hadoop-hdds/container-service/target/test-dir/TestBlockDeletingService/hdds of storage type : DISK capacity : 9223372036854775807
2023-07-21 17:59:59,917 [main] INFO  volume.MutableVolumeSet (MutableVolumeSet.java:initializeVolumeSet(175)) - Added Volume : /home/runner/work/ozone/ozone/hadoop-hdds/container-service/target/test-dir/TestBlockDeletingService/hdds to VolumeSet
]]></system-out>
  </testcase>
  <testcase name="testWithUnrecordedBlocks" classname="TestBlockDeletingService" time="0.864">
    <system-out><![CDATA[2023-07-21 18:00:02,138 [main] INFO  volume.HddsVolume (HddsVolume.java:<init>(126)) - Creating HddsVolume: /home/runner/work/ozone/ozone/hadoop-hdds/container-service/target/test-dir/TestBlockDeletingService/hdds of storage type : DISK capacity : 9223372036854775807
2023-07-21 18:00:02,140 [main] INFO  volume.MutableVolumeSet (MutableVolumeSet.java:initializeVolumeSet(175)) - Added Volume : /home/runner/work/ozone/ozone/hadoop-hdds/container-service/target/test-dir/TestBlockDeletingService/hdds to VolumeSet
2023-07-21 18:00:02,464 [BlockDeletingService#0] INFO  interfaces.ContainerDeletionChoosingPolicyTemplate (ContainerDeletionChoosingPolicyTemplate.java:chooseContainerForBlockDeletion(83)) - Chosen 2/0 blocks from 2 candidate containers.
2023-07-21 18:00:02,467 [BlockDeletingService#0] INFO  impl.FilePerChunkStrategy (FilePerChunkStrategy.java:deleteChunk(322)) - Deleted chunk file /home/runner/work/ozone/ozone/hadoop-hdds/container-service/target/test-dir/TestBlockDeletingService/hdds/29caf7f6-951c-4d39-8c62-0065c9ac64db/current/containerDir0/110753375990055174/chunks/110753375992938759_chunk_0_block_0 (size 100) for chunk ChunkInfo{chunkName='110753375992938759_chunk_0_block_0, offset=0, len=100}
2023-07-21 18:00:02,468 [BlockDeletingService#0] INFO  impl.FilePerChunkStrategy (FilePerChunkStrategy.java:deleteChunk(322)) - Deleted chunk file /home/runner/work/ozone/ozone/hadoop-hdds/container-service/target/test-dir/TestBlockDeletingService/hdds/29caf7f6-951c-4d39-8c62-0065c9ac64db/current/containerDir0/110753375990055174/chunks/110753375993856264_chunk_0_block_1 (size 100) for chunk ChunkInfo{chunkName='110753375993856264_chunk_0_block_1, offset=0, len=100}
2023-07-21 18:00:02,470 [BlockDeletingService#0] WARN  utils.BackgroundService (BackgroundService.java:lambda$run$0(130)) - BlockDeletingService Background task execution took 5554973ns > 0ns(timeout)
2023-07-21 18:00:02,503 [BlockDeletingService#3] INFO  interfaces.ContainerDeletionChoosingPolicyTemplate (ContainerDeletionChoosingPolicyTemplate.java:chooseContainerForBlockDeletion(83)) - Chosen 0/3 blocks from 0 candidate containers.
2023-07-21 18:00:02,564 [BlockDeletingService#1] INFO  interfaces.ContainerDeletionChoosingPolicyTemplate (ContainerDeletionChoosingPolicyTemplate.java:chooseContainerForBlockDeletion(83)) - Chosen 2/0 blocks from 2 candidate containers.
2023-07-21 18:00:02,566 [BlockDeletingService#0] INFO  impl.FilePerChunkStrategy (FilePerChunkStrategy.java:deleteChunk(322)) - Deleted chunk file /home/runner/work/ozone/ozone/hadoop-hdds/container-service/target/test-dir/TestBlockDeletingService/hdds/29caf7f6-951c-4d39-8c62-0065c9ac64db/current/containerDir0/110753375990055174/chunks/110753375993987337_chunk_0_block_2 (size 100) for chunk ChunkInfo{chunkName='110753375993987337_chunk_0_block_2, offset=0, len=100}
2023-07-21 18:00:02,570 [BlockDeletingService#0] WARN  keyvalue.KeyValueHandler (KeyValueHandler.java:deleteUnreferenced(1228)) - Missing delete block(Container = 110753375990055174, Block = 912045462459
2023-07-21 18:00:02,570 [BlockDeletingService#0] WARN  keyvalue.KeyValueHandler (KeyValueHandler.java:deleteUnreferenced(1228)) - Missing delete block(Container = 110753375990055174, Block = 912045544761
2023-07-21 18:00:02,570 [BlockDeletingService#0] INFO  keyvalue.KeyValueHandler (KeyValueHandler.java:deleteUnreferenced(1238)) - Deleted unreferenced chunk/block 912045547762_chunk_0 in container 110753375990055174
2023-07-21 18:00:02,570 [BlockDeletingService#0] INFO  keyvalue.KeyValueHandler (KeyValueHandler.java:deleteUnreferenced(1238)) - Deleted unreferenced chunk/block 912045549263_chunk_0 in container 110753375990055174
2023-07-21 18:00:02,571 [BlockDeletingService#0] WARN  utils.BackgroundService (BackgroundService.java:lambda$run$0(130)) - BlockDeletingService Background task execution took 6733089ns > 0ns(timeout)
2023-07-21 18:00:02,663 [BlockDeletingService#2] INFO  interfaces.ContainerDeletionChoosingPolicyTemplate (ContainerDeletionChoosingPolicyTemplate.java:chooseContainerForBlockDeletion(83)) - Chosen 2/0 blocks from 1 candidate containers.
2023-07-21 18:00:02,666 [BlockDeletingService#1] INFO  impl.FilePerChunkStrategy (FilePerChunkStrategy.java:deleteChunk(322)) - Deleted chunk file /home/runner/work/ozone/ozone/hadoop-hdds/container-service/target/test-dir/TestBlockDeletingService/hdds/29caf7f6-951c-4d39-8c62-0065c9ac64db/current/containerDir128/110753375997722890/chunks/110753376000213259_chunk_0_block_0 (size 100) for chunk ChunkInfo{chunkName='110753376000213259_chunk_0_block_0, offset=0, len=100}
2023-07-21 18:00:02,667 [BlockDeletingService#1] INFO  impl.FilePerChunkStrategy (FilePerChunkStrategy.java:deleteChunk(322)) - Deleted chunk file /home/runner/work/ozone/ozone/hadoop-hdds/container-service/target/test-dir/TestBlockDeletingService/hdds/29caf7f6-951c-4d39-8c62-0065c9ac64db/current/containerDir128/110753375997722890/chunks/110753376000278796_chunk_0_block_1 (size 100) for chunk ChunkInfo{chunkName='110753376000278796_chunk_0_block_1, offset=0, len=100}
2023-07-21 18:00:02,668 [BlockDeletingService#1] WARN  utils.BackgroundService (BackgroundService.java:lambda$run$0(130)) - BlockDeletingService Background task execution took 3855951ns > 0ns(timeout)
2023-07-21 18:00:02,764 [BlockDeletingService#3] INFO  interfaces.ContainerDeletionChoosingPolicyTemplate (ContainerDeletionChoosingPolicyTemplate.java:chooseContainerForBlockDeletion(83)) - Chosen 1/1 blocks from 1 candidate containers.
2023-07-21 18:00:02,765 [BlockDeletingService#0] INFO  impl.FilePerChunkStrategy (FilePerChunkStrategy.java:deleteChunk(322)) - Deleted chunk file /home/runner/work/ozone/ozone/hadoop-hdds/container-service/target/test-dir/TestBlockDeletingService/hdds/29caf7f6-951c-4d39-8c62-0065c9ac64db/current/containerDir128/110753375997722890/chunks/110753376000344333_chunk_0_block_2 (size 100) for chunk ChunkInfo{chunkName='110753376000344333_chunk_0_block_2, offset=0, len=100}
2023-07-21 18:00:02,766 [BlockDeletingService#0] WARN  utils.BackgroundService (BackgroundService.java:lambda$run$0(130)) - BlockDeletingService Background task execution took 1916526ns > 0ns(timeout)
2023-07-21 18:00:02,864 [BlockDeletingService#4] INFO  interfaces.ContainerDeletionChoosingPolicyTemplate (ContainerDeletionChoosingPolicyTemplate.java:chooseContainerForBlockDeletion(83)) - Chosen 0/2 blocks from 0 candidate containers.
2023-07-21 18:00:02,964 [main] INFO  utils.BackgroundService (BackgroundService.java:shutdown(141)) - Shutting down service BlockDeletingService
]]></system-out>
  </testcase>
  <testcase name="testWithUnrecordedBlocks" classname="TestBlockDeletingService" time="0.797">
    <system-out><![CDATA[2023-07-21 18:00:05,168 [main] INFO  volume.HddsVolume (HddsVolume.java:<init>(126)) - Creating HddsVolume: /home/runner/work/ozone/ozone/hadoop-hdds/container-service/target/test-dir/TestBlockDeletingService/hdds of storage type : DISK capacity : 9223372036854775807
2023-07-21 18:00:05,170 [main] INFO  volume.MutableVolumeSet (MutableVolumeSet.java:initializeVolumeSet(175)) - Added Volume : /home/runner/work/ozone/ozone/hadoop-hdds/container-service/target/test-dir/TestBlockDeletingService/hdds to VolumeSet
2023-07-21 18:00:05,207 [main] INFO  utils.DatanodeStoreCache (DatanodeStoreCache.java:addDB(66)) - Added db /home/runner/work/ozone/ozone/hadoop-hdds/container-service/target/test-dir/TestBlockDeletingService/hdds/ba37812d-0950-4824-b74c-04ec9a85520b/DS-6ca6b72f-9ccf-4f69-a1e3-e3ced497dd67/container.db to cache
2023-07-21 18:00:05,208 [main] INFO  volume.HddsVolume (HddsVolume.java:createDbStore(422)) - SchemaV3 db is created and loaded at /home/runner/work/ozone/ozone/hadoop-hdds/container-service/target/test-dir/TestBlockDeletingService/hdds/ba37812d-0950-4824-b74c-04ec9a85520b/DS-6ca6b72f-9ccf-4f69-a1e3-e3ced497dd67/container.db for volume DS-6ca6b72f-9ccf-4f69-a1e3-e3ced497dd67
2023-07-21 18:00:05,447 [BlockDeletingService#0] INFO  interfaces.ContainerDeletionChoosingPolicyTemplate (ContainerDeletionChoosingPolicyTemplate.java:chooseContainerForBlockDeletion(83)) - Chosen 2/0 blocks from 2 candidate containers.
2023-07-21 18:00:05,449 [BlockDeletingService#0] INFO  impl.FilePerChunkStrategy (FilePerChunkStrategy.java:deleteChunk(322)) - Deleted chunk file /home/runner/work/ozone/ozone/hadoop-hdds/container-service/target/test-dir/TestBlockDeletingService/hdds/ba37812d-0950-4824-b74c-04ec9a85520b/current/containerDir128/110753376191185302/chunks/110753376191447447_chunk_0_block_0 (size 100) for chunk ChunkInfo{chunkName='110753376191447447_chunk_0_block_0, offset=0, len=100}
2023-07-21 18:00:05,450 [BlockDeletingService#0] INFO  keyvalue.KeyValueHandler (KeyValueHandler.java:deleteUnreferenced(1238)) - Deleted unreferenced chunk/block 915026784596_chunk_0 in container 110753376191185302
2023-07-21 18:00:05,450 [BlockDeletingService#0] WARN  keyvalue.KeyValueHandler (KeyValueHandler.java:deleteUnreferenced(1228)) - Missing delete block(Container = 110753376191185302, Block = 915026798197
2023-07-21 18:00:05,450 [BlockDeletingService#0] INFO  keyvalue.KeyValueHandler (KeyValueHandler.java:deleteUnreferenced(1238)) - Deleted unreferenced chunk/block 915026800198_chunk_0 in container 110753376191185302
2023-07-21 18:00:05,450 [BlockDeletingService#0] WARN  keyvalue.KeyValueHandler (KeyValueHandler.java:deleteUnreferenced(1228)) - Missing delete block(Container = 110753376191185302, Block = 915026801599
2023-07-21 18:00:05,451 [BlockDeletingService#0] WARN  utils.BackgroundService (BackgroundService.java:lambda$run$0(130)) - BlockDeletingService Background task execution took 3600548ns > 0ns(timeout)
2023-07-21 18:00:05,506 [BlockDeletingService#1] INFO  interfaces.ContainerDeletionChoosingPolicyTemplate (ContainerDeletionChoosingPolicyTemplate.java:chooseContainerForBlockDeletion(83)) - Chosen 0/3 blocks from 0 candidate containers.
2023-07-21 18:00:05,547 [BlockDeletingService#1] INFO  interfaces.ContainerDeletionChoosingPolicyTemplate (ContainerDeletionChoosingPolicyTemplate.java:chooseContainerForBlockDeletion(83)) - Chosen 2/0 blocks from 2 candidate containers.
2023-07-21 18:00:05,548 [BlockDeletingService#0] INFO  impl.FilePerChunkStrategy (FilePerChunkStrategy.java:deleteChunk(322)) - Deleted chunk file /home/runner/work/ozone/ozone/hadoop-hdds/container-service/target/test-dir/TestBlockDeletingService/hdds/ba37812d-0950-4824-b74c-04ec9a85520b/current/containerDir0/110753376195051930/chunks/110753376195248539_chunk_0_block_0 (size 100) for chunk ChunkInfo{chunkName='110753376195248539_chunk_0_block_0, offset=0, len=100}
2023-07-21 18:00:05,549 [BlockDeletingService#0] INFO  impl.FilePerChunkStrategy (FilePerChunkStrategy.java:deleteChunk(322)) - Deleted chunk file /home/runner/work/ozone/ozone/hadoop-hdds/container-service/target/test-dir/TestBlockDeletingService/hdds/ba37812d-0950-4824-b74c-04ec9a85520b/current/containerDir0/110753376195051930/chunks/110753376195379612_chunk_0_block_1 (size 100) for chunk ChunkInfo{chunkName='110753376195379612_chunk_0_block_1, offset=0, len=100}
2023-07-21 18:00:05,550 [BlockDeletingService#0] WARN  utils.BackgroundService (BackgroundService.java:lambda$run$0(130)) - BlockDeletingService Background task execution took 2900238ns > 0ns(timeout)
2023-07-21 18:00:05,646 [BlockDeletingService#2] INFO  interfaces.ContainerDeletionChoosingPolicyTemplate (ContainerDeletionChoosingPolicyTemplate.java:chooseContainerForBlockDeletion(83)) - Chosen 2/0 blocks from 2 candidate containers.
2023-07-21 18:00:05,648 [BlockDeletingService#0] INFO  impl.FilePerChunkStrategy (FilePerChunkStrategy.java:deleteChunk(322)) - Deleted chunk file /home/runner/work/ozone/ozone/hadoop-hdds/container-service/target/test-dir/TestBlockDeletingService/hdds/ba37812d-0950-4824-b74c-04ec9a85520b/current/containerDir128/110753376191185302/chunks/110753376191578520_chunk_0_block_1 (size 100) for chunk ChunkInfo{chunkName='110753376191578520_chunk_0_block_1, offset=0, len=100}
2023-07-21 18:00:05,648 [BlockDeletingService#0] INFO  impl.FilePerChunkStrategy (FilePerChunkStrategy.java:deleteChunk(322)) - Deleted chunk file /home/runner/work/ozone/ozone/hadoop-hdds/container-service/target/test-dir/TestBlockDeletingService/hdds/ba37812d-0950-4824-b74c-04ec9a85520b/current/containerDir128/110753376191185302/chunks/110753376191644057_chunk_0_block_2 (size 100) for chunk ChunkInfo{chunkName='110753376191644057_chunk_0_block_2, offset=0, len=100}
2023-07-21 18:00:05,649 [BlockDeletingService#0] WARN  utils.BackgroundService (BackgroundService.java:lambda$run$0(130)) - BlockDeletingService Background task execution took 2563234ns > 0ns(timeout)
2023-07-21 18:00:05,745 [BlockDeletingService#1] INFO  interfaces.ContainerDeletionChoosingPolicyTemplate (ContainerDeletionChoosingPolicyTemplate.java:chooseContainerForBlockDeletion(83)) - Chosen 1/1 blocks from 1 candidate containers.
2023-07-21 18:00:05,748 [BlockDeletingService#3] INFO  impl.FilePerChunkStrategy (FilePerChunkStrategy.java:deleteChunk(322)) - Deleted chunk file /home/runner/work/ozone/ozone/hadoop-hdds/container-service/target/test-dir/TestBlockDeletingService/hdds/ba37812d-0950-4824-b74c-04ec9a85520b/current/containerDir0/110753376195051930/chunks/110753376195510685_chunk_0_block_2 (size 100) for chunk ChunkInfo{chunkName='110753376195510685_chunk_0_block_2, offset=0, len=100}
2023-07-21 18:00:05,749 [BlockDeletingService#3] WARN  utils.BackgroundService (BackgroundService.java:lambda$run$0(130)) - BlockDeletingService Background task execution took 2813637ns > 0ns(timeout)
2023-07-21 18:00:05,857 [BlockDeletingService#4] INFO  interfaces.ContainerDeletionChoosingPolicyTemplate (ContainerDeletionChoosingPolicyTemplate.java:chooseContainerForBlockDeletion(83)) - Chosen 0/2 blocks from 0 candidate containers.
2023-07-21 18:00:05,946 [main] INFO  utils.BackgroundService (BackgroundService.java:shutdown(141)) - Shutting down service BlockDeletingService
]]></system-out>
  </testcase>
  <testcase name="testWithUnrecordedBlocks" classname="TestBlockDeletingService" time="0">
    <skipped type="org.junit.AssumptionViolatedException"><![CDATA[org.junit.AssumptionViolatedException: got: <true>, expected: is <false>
	at org.junit.Assume.assumeThat(Assume.java:106)
	at org.junit.Assume.assumeFalse(Assume.java:57)
	at org.apache.hadoop.ozone.container.common.TestBlockDeletingService.testWithUnrecordedBlocks(TestBlockDeletingService.java:671)
	at sun.reflect.NativeMethodAccessorImpl.invoke0(Native Method)
	at sun.reflect.NativeMethodAccessorImpl.invoke(NativeMethodAccessorImpl.java:62)
	at sun.reflect.DelegatingMethodAccessorImpl.invoke(DelegatingMethodAccessorImpl.java:43)
	at java.lang.reflect.Method.invoke(Method.java:498)
	at org.junit.runners.model.FrameworkMethod$1.runReflectiveCall(FrameworkMethod.java:59)
	at org.junit.internal.runners.model.ReflectiveCallable.run(ReflectiveCallable.java:12)
	at org.junit.runners.model.FrameworkMethod.invokeExplosively(FrameworkMethod.java:56)
	at org.junit.internal.runners.statements.InvokeMethod.evaluate(InvokeMethod.java:17)
	at org.junit.internal.runners.statements.RunBefores.evaluate(RunBefores.java:26)
	at org.junit.internal.runners.statements.RunAfters.evaluate(RunAfters.java:27)
	at org.junit.runners.ParentRunner$3.evaluate(ParentRunner.java:306)
	at org.junit.runners.BlockJUnit4ClassRunner$1.evaluate(BlockJUnit4ClassRunner.java:100)
	at org.junit.runners.ParentRunner.runLeaf(ParentRunner.java:366)
	at org.junit.runners.BlockJUnit4ClassRunner.runChild(BlockJUnit4ClassRunner.java:103)
	at org.junit.runners.BlockJUnit4ClassRunner.runChild(BlockJUnit4ClassRunner.java:63)
	at org.junit.runners.ParentRunner$4.run(ParentRunner.java:331)
	at org.junit.runners.ParentRunner$1.schedule(ParentRunner.java:79)
	at org.junit.runners.ParentRunner.runChildren(ParentRunner.java:329)
	at org.junit.runners.ParentRunner.access$100(ParentRunner.java:66)
	at org.junit.runners.ParentRunner$2.evaluate(ParentRunner.java:293)
	at org.junit.runners.ParentRunner.run(ParentRunner.java:413)
	at org.junit.runners.Suite.runChild(Suite.java:128)
	at org.junit.runners.Suite.runChild(Suite.java:27)
	at org.junit.runners.ParentRunner$4.run(ParentRunner.java:331)
	at org.junit.runners.ParentRunner$1.schedule(ParentRunner.java:79)
	at org.junit.runners.ParentRunner.runChildren(ParentRunner.java:329)
	at org.junit.runners.ParentRunner.access$100(ParentRunner.java:66)
	at org.junit.runners.ParentRunner$2.evaluate(ParentRunner.java:293)
	at org.junit.runners.ParentRunner$3.evaluate(ParentRunner.java:306)
	at org.junit.runners.ParentRunner.run(ParentRunner.java:413)
	at org.junit.runner.JUnitCore.run(JUnitCore.java:137)
	at org.junit.runner.JUnitCore.run(JUnitCore.java:115)
	at org.junit.vintage.engine.execution.RunnerExecutor.execute(RunnerExecutor.java:42)
	at org.junit.vintage.engine.VintageTestEngine.executeAllChildren(VintageTestEngine.java:80)
	at org.junit.vintage.engine.VintageTestEngine.execute(VintageTestEngine.java:72)
	at org.junit.platform.launcher.core.EngineExecutionOrchestrator.execute(EngineExecutionOrchestrator.java:107)
	at org.junit.platform.launcher.core.EngineExecutionOrchestrator.execute(EngineExecutionOrchestrator.java:88)
	at org.junit.platform.launcher.core.EngineExecutionOrchestrator.lambda$execute$0(EngineExecutionOrchestrator.java:54)
	at org.junit.platform.launcher.core.EngineExecutionOrchestrator.withInterceptedStreams(EngineExecutionOrchestrator.java:67)
	at org.junit.platform.launcher.core.EngineExecutionOrchestrator.execute(EngineExecutionOrchestrator.java:52)
	at org.junit.platform.launcher.core.DefaultLauncher.execute(DefaultLauncher.java:114)
	at org.junit.platform.launcher.core.DefaultLauncher.execute(DefaultLauncher.java:86)
	at org.junit.platform.launcher.core.DefaultLauncherSession$DelegatingLauncher.execute(DefaultLauncherSession.java:86)
	at org.junit.platform.launcher.core.SessionPerRequestLauncher.execute(SessionPerRequestLauncher.java:53)
	at org.apache.maven.surefire.junitplatform.JUnitPlatformProvider.execute(JUnitPlatformProvider.java:188)
	at org.apache.maven.surefire.junitplatform.JUnitPlatformProvider.invokeAllTests(JUnitPlatformProvider.java:154)
	at org.apache.maven.surefire.junitplatform.JUnitPlatformProvider.invoke(JUnitPlatformProvider.java:124)
	at org.apache.maven.surefire.booter.ForkedBooter.runSuitesInProcess(ForkedBooter.java:428)
	at org.apache.maven.surefire.booter.ForkedBooter.execute(ForkedBooter.java:162)
	at org.apache.maven.surefire.booter.ForkedBooter.run(ForkedBooter.java:562)
	at org.apache.maven.surefire.booter.ForkedBooter.main(ForkedBooter.java:548)
]]></skipped>
    <system-out><![CDATA[2023-07-21 18:00:08,071 [main] INFO  volume.HddsVolume (HddsVolume.java:<init>(126)) - Creating HddsVolume: /home/runner/work/ozone/ozone/hadoop-hdds/container-service/target/test-dir/TestBlockDeletingService/hdds of storage type : DISK capacity : 9223372036854775807
2023-07-21 18:00:08,072 [main] INFO  volume.MutableVolumeSet (MutableVolumeSet.java:initializeVolumeSet(175)) - Added Volume : /home/runner/work/ozone/ozone/hadoop-hdds/container-service/target/test-dir/TestBlockDeletingService/hdds to VolumeSet
]]></system-out>
  </testcase>
  <testcase name="testWithUnrecordedBlocks" classname="TestBlockDeletingService" time="0">
    <skipped type="org.junit.AssumptionViolatedException"><![CDATA[org.junit.AssumptionViolatedException: got: <true>, expected: is <false>
	at org.junit.Assume.assumeThat(Assume.java:106)
	at org.junit.Assume.assumeFalse(Assume.java:57)
	at org.apache.hadoop.ozone.container.common.TestBlockDeletingService.testWithUnrecordedBlocks(TestBlockDeletingService.java:671)
	at sun.reflect.NativeMethodAccessorImpl.invoke0(Native Method)
	at sun.reflect.NativeMethodAccessorImpl.invoke(NativeMethodAccessorImpl.java:62)
	at sun.reflect.DelegatingMethodAccessorImpl.invoke(DelegatingMethodAccessorImpl.java:43)
	at java.lang.reflect.Method.invoke(Method.java:498)
	at org.junit.runners.model.FrameworkMethod$1.runReflectiveCall(FrameworkMethod.java:59)
	at org.junit.internal.runners.model.ReflectiveCallable.run(ReflectiveCallable.java:12)
	at org.junit.runners.model.FrameworkMethod.invokeExplosively(FrameworkMethod.java:56)
	at org.junit.internal.runners.statements.InvokeMethod.evaluate(InvokeMethod.java:17)
	at org.junit.internal.runners.statements.RunBefores.evaluate(RunBefores.java:26)
	at org.junit.internal.runners.statements.RunAfters.evaluate(RunAfters.java:27)
	at org.junit.runners.ParentRunner$3.evaluate(ParentRunner.java:306)
	at org.junit.runners.BlockJUnit4ClassRunner$1.evaluate(BlockJUnit4ClassRunner.java:100)
	at org.junit.runners.ParentRunner.runLeaf(ParentRunner.java:366)
	at org.junit.runners.BlockJUnit4ClassRunner.runChild(BlockJUnit4ClassRunner.java:103)
	at org.junit.runners.BlockJUnit4ClassRunner.runChild(BlockJUnit4ClassRunner.java:63)
	at org.junit.runners.ParentRunner$4.run(ParentRunner.java:331)
	at org.junit.runners.ParentRunner$1.schedule(ParentRunner.java:79)
	at org.junit.runners.ParentRunner.runChildren(ParentRunner.java:329)
	at org.junit.runners.ParentRunner.access$100(ParentRunner.java:66)
	at org.junit.runners.ParentRunner$2.evaluate(ParentRunner.java:293)
	at org.junit.runners.ParentRunner.run(ParentRunner.java:413)
	at org.junit.runners.Suite.runChild(Suite.java:128)
	at org.junit.runners.Suite.runChild(Suite.java:27)
	at org.junit.runners.ParentRunner$4.run(ParentRunner.java:331)
	at org.junit.runners.ParentRunner$1.schedule(ParentRunner.java:79)
	at org.junit.runners.ParentRunner.runChildren(ParentRunner.java:329)
	at org.junit.runners.ParentRunner.access$100(ParentRunner.java:66)
	at org.junit.runners.ParentRunner$2.evaluate(ParentRunner.java:293)
	at org.junit.runners.ParentRunner$3.evaluate(ParentRunner.java:306)
	at org.junit.runners.ParentRunner.run(ParentRunner.java:413)
	at org.junit.runner.JUnitCore.run(JUnitCore.java:137)
	at org.junit.runner.JUnitCore.run(JUnitCore.java:115)
	at org.junit.vintage.engine.execution.RunnerExecutor.execute(RunnerExecutor.java:42)
	at org.junit.vintage.engine.VintageTestEngine.executeAllChildren(VintageTestEngine.java:80)
	at org.junit.vintage.engine.VintageTestEngine.execute(VintageTestEngine.java:72)
	at org.junit.platform.launcher.core.EngineExecutionOrchestrator.execute(EngineExecutionOrchestrator.java:107)
	at org.junit.platform.launcher.core.EngineExecutionOrchestrator.execute(EngineExecutionOrchestrator.java:88)
	at org.junit.platform.launcher.core.EngineExecutionOrchestrator.lambda$execute$0(EngineExecutionOrchestrator.java:54)
	at org.junit.platform.launcher.core.EngineExecutionOrchestrator.withInterceptedStreams(EngineExecutionOrchestrator.java:67)
	at org.junit.platform.launcher.core.EngineExecutionOrchestrator.execute(EngineExecutionOrchestrator.java:52)
	at org.junit.platform.launcher.core.DefaultLauncher.execute(DefaultLauncher.java:114)
	at org.junit.platform.launcher.core.DefaultLauncher.execute(DefaultLauncher.java:86)
	at org.junit.platform.launcher.core.DefaultLauncherSession$DelegatingLauncher.execute(DefaultLauncherSession.java:86)
	at org.junit.platform.launcher.core.SessionPerRequestLauncher.execute(SessionPerRequestLauncher.java:53)
	at org.apache.maven.surefire.junitplatform.JUnitPlatformProvider.execute(JUnitPlatformProvider.java:188)
	at org.apache.maven.surefire.junitplatform.JUnitPlatformProvider.invokeAllTests(JUnitPlatformProvider.java:154)
	at org.apache.maven.surefire.junitplatform.JUnitPlatformProvider.invoke(JUnitPlatformProvider.java:124)
	at org.apache.maven.surefire.booter.ForkedBooter.runSuitesInProcess(ForkedBooter.java:428)
	at org.apache.maven.surefire.booter.ForkedBooter.execute(ForkedBooter.java:162)
	at org.apache.maven.surefire.booter.ForkedBooter.run(ForkedBooter.java:562)
	at org.apache.maven.surefire.booter.ForkedBooter.main(ForkedBooter.java:548)
]]></skipped>
    <system-out><![CDATA[2023-07-21 18:00:10,161 [main] INFO  volume.HddsVolume (HddsVolume.java:<init>(126)) - Creating HddsVolume: /home/runner/work/ozone/ozone/hadoop-hdds/container-service/target/test-dir/TestBlockDeletingService/hdds of storage type : DISK capacity : 9223372036854775807
2023-07-21 18:00:10,162 [main] INFO  volume.MutableVolumeSet (MutableVolumeSet.java:initializeVolumeSet(175)) - Added Volume : /home/runner/work/ozone/ozone/hadoop-hdds/container-service/target/test-dir/TestBlockDeletingService/hdds to VolumeSet
]]></system-out>
  </testcase>
  <testcase name="testWithUnrecordedBlocks" classname="TestBlockDeletingService" time="0.805">
    <system-out><![CDATA[2023-07-21 18:00:12,206 [main] INFO  volume.HddsVolume (HddsVolume.java:<init>(126)) - Creating HddsVolume: /home/runner/work/ozone/ozone/hadoop-hdds/container-service/target/test-dir/TestBlockDeletingService/hdds of storage type : DISK capacity : 9223372036854775807
2023-07-21 18:00:12,208 [main] INFO  volume.MutableVolumeSet (MutableVolumeSet.java:initializeVolumeSet(175)) - Added Volume : /home/runner/work/ozone/ozone/hadoop-hdds/container-service/target/test-dir/TestBlockDeletingService/hdds to VolumeSet
2023-07-21 18:00:12,496 [BlockDeletingService#0] INFO  interfaces.ContainerDeletionChoosingPolicyTemplate (ContainerDeletionChoosingPolicyTemplate.java:chooseContainerForBlockDeletion(83)) - Chosen 2/0 blocks from 2 candidate containers.
2023-07-21 18:00:12,497 [BlockDeletingService#0] INFO  impl.FilePerBlockStrategy (FilePerBlockStrategy.java:deleteChunk(254)) - Deleted block file: /home/runner/work/ozone/ozone/hadoop-hdds/container-service/target/test-dir/TestBlockDeletingService/hdds/c15b25fb-3d92-4888-b74b-90fb0a2d9d38/current/containerDir1/110753376649741104/chunks/110753376652297009.block
2023-07-21 18:00:12,499 [BlockDeletingService#0] INFO  impl.FilePerBlockStrategy (FilePerBlockStrategy.java:deleteChunk(254)) - Deleted block file: /home/runner/work/ozone/ozone/hadoop-hdds/container-service/target/test-dir/TestBlockDeletingService/hdds/c15b25fb-3d92-4888-b74b-90fb0a2d9d38/current/containerDir1/110753376649741104/chunks/110753376652428082.block
2023-07-21 18:00:12,499 [BlockDeletingService#0] WARN  utils.BackgroundService (BackgroundService.java:lambda$run$0(130)) - BlockDeletingService Background task execution took 3129240ns > 0ns(timeout)
2023-07-21 18:00:12,510 [BlockDeletingService#1] INFO  interfaces.ContainerDeletionChoosingPolicyTemplate (ContainerDeletionChoosingPolicyTemplate.java:chooseContainerForBlockDeletion(83)) - Chosen 0/3 blocks from 0 candidate containers.
2023-07-21 18:00:12,595 [BlockDeletingService#1] INFO  interfaces.ContainerDeletionChoosingPolicyTemplate (ContainerDeletionChoosingPolicyTemplate.java:chooseContainerForBlockDeletion(83)) - Chosen 2/0 blocks from 2 candidate containers.
2023-07-21 18:00:12,596 [BlockDeletingService#0] INFO  impl.FilePerBlockStrategy (FilePerBlockStrategy.java:deleteChunk(254)) - Deleted block file: /home/runner/work/ozone/ozone/hadoop-hdds/container-service/target/test-dir/TestBlockDeletingService/hdds/c15b25fb-3d92-4888-b74b-90fb0a2d9d38/current/containerDir1/110753376649741104/chunks/110753376652559155.block
2023-07-21 18:00:12,596 [BlockDeletingService#0] INFO  keyvalue.KeyValueHandler (KeyValueHandler.java:deleteUnreferenced(1238)) - Deleted unreferenced chunk/block 922081636339.block in container 110753376649741104
2023-07-21 18:00:12,596 [BlockDeletingService#0] INFO  keyvalue.KeyValueHandler (KeyValueHandler.java:deleteUnreferenced(1238)) - Deleted unreferenced chunk/block 922081656541.block in container 110753376649741104
2023-07-21 18:00:12,596 [BlockDeletingService#0] WARN  keyvalue.KeyValueHandler (KeyValueHandler.java:deleteUnreferenced(1228)) - Missing delete block(Container = 110753376649741104, Block = 922081658442
2023-07-21 18:00:12,596 [BlockDeletingService#0] WARN  keyvalue.KeyValueHandler (KeyValueHandler.java:deleteUnreferenced(1228)) - Missing delete block(Container = 110753376649741104, Block = 922081659543
2023-07-21 18:00:12,597 [BlockDeletingService#0] WARN  utils.BackgroundService (BackgroundService.java:lambda$run$0(130)) - BlockDeletingService Background task execution took 2020226ns > 0ns(timeout)
2023-07-21 18:00:12,696 [BlockDeletingService#4] INFO  interfaces.ContainerDeletionChoosingPolicyTemplate (ContainerDeletionChoosingPolicyTemplate.java:chooseContainerForBlockDeletion(83)) - Chosen 2/0 blocks from 1 candidate containers.
2023-07-21 18:00:12,698 [BlockDeletingService#4] INFO  impl.FilePerBlockStrategy (FilePerBlockStrategy.java:deleteChunk(254)) - Deleted block file: /home/runner/work/ozone/ozone/hadoop-hdds/container-service/target/test-dir/TestBlockDeletingService/hdds/c15b25fb-3d92-4888-b74b-90fb0a2d9d38/current/containerDir1/110753376655901492/chunks/110753376658195253.block
2023-07-21 18:00:12,698 [BlockDeletingService#4] INFO  impl.FilePerBlockStrategy (FilePerBlockStrategy.java:deleteChunk(254)) - Deleted block file: /home/runner/work/ozone/ozone/hadoop-hdds/container-service/target/test-dir/TestBlockDeletingService/hdds/c15b25fb-3d92-4888-b74b-90fb0a2d9d38/current/containerDir1/110753376655901492/chunks/110753376658260790.block
2023-07-21 18:00:12,699 [BlockDeletingService#4] WARN  utils.BackgroundService (BackgroundService.java:lambda$run$0(130)) - BlockDeletingService Background task execution took 1926924ns > 0ns(timeout)
2023-07-21 18:00:12,795 [BlockDeletingService#3] INFO  interfaces.ContainerDeletionChoosingPolicyTemplate (ContainerDeletionChoosingPolicyTemplate.java:chooseContainerForBlockDeletion(83)) - Chosen 1/1 blocks from 1 candidate containers.
2023-07-21 18:00:12,796 [BlockDeletingService#0] INFO  impl.FilePerBlockStrategy (FilePerBlockStrategy.java:deleteChunk(254)) - Deleted block file: /home/runner/work/ozone/ozone/hadoop-hdds/container-service/target/test-dir/TestBlockDeletingService/hdds/c15b25fb-3d92-4888-b74b-90fb0a2d9d38/current/containerDir1/110753376655901492/chunks/110753376658326327.block
2023-07-21 18:00:12,797 [BlockDeletingService#0] WARN  utils.BackgroundService (BackgroundService.java:lambda$run$0(130)) - BlockDeletingService Background task execution took 1250616ns > 0ns(timeout)
2023-07-21 18:00:12,895 [BlockDeletingService#4] INFO  interfaces.ContainerDeletionChoosingPolicyTemplate (ContainerDeletionChoosingPolicyTemplate.java:chooseContainerForBlockDeletion(83)) - Chosen 0/2 blocks from 0 candidate containers.
2023-07-21 18:00:12,995 [main] INFO  utils.BackgroundService (BackgroundService.java:shutdown(141)) - Shutting down service BlockDeletingService
]]></system-out>
  </testcase>
  <testcase name="testWithUnrecordedBlocks" classname="TestBlockDeletingService" time="0.77">
    <system-out><![CDATA[2023-07-21 18:00:15,283 [main] INFO  volume.HddsVolume (HddsVolume.java:<init>(126)) - Creating HddsVolume: /home/runner/work/ozone/ozone/hadoop-hdds/container-service/target/test-dir/TestBlockDeletingService/hdds of storage type : DISK capacity : 9223372036854775807
2023-07-21 18:00:15,284 [main] INFO  volume.MutableVolumeSet (MutableVolumeSet.java:initializeVolumeSet(175)) - Added Volume : /home/runner/work/ozone/ozone/hadoop-hdds/container-service/target/test-dir/TestBlockDeletingService/hdds to VolumeSet
2023-07-21 18:00:15,314 [main] INFO  utils.DatanodeStoreCache (DatanodeStoreCache.java:addDB(66)) - Added db /home/runner/work/ozone/ozone/hadoop-hdds/container-service/target/test-dir/TestBlockDeletingService/hdds/16797511-96f2-4f59-94eb-5cc952aa1bba/DS-11ff511d-f127-49d8-b75e-7642ae10c24d/container.db to cache
2023-07-21 18:00:15,314 [main] INFO  volume.HddsVolume (HddsVolume.java:createDbStore(422)) - SchemaV3 db is created and loaded at /home/runner/work/ozone/ozone/hadoop-hdds/container-service/target/test-dir/TestBlockDeletingService/hdds/16797511-96f2-4f59-94eb-5cc952aa1bba/DS-11ff511d-f127-49d8-b75e-7642ae10c24d/container.db for volume DS-11ff511d-f127-49d8-b75e-7642ae10c24d
2023-07-21 18:00:15,513 [BlockDeletingService#1] INFO  interfaces.ContainerDeletionChoosingPolicyTemplate (ContainerDeletionChoosingPolicyTemplate.java:chooseContainerForBlockDeletion(83)) - Chosen 0/3 blocks from 0 candidate containers.
2023-07-21 18:00:15,536 [BlockDeletingService#0] INFO  interfaces.ContainerDeletionChoosingPolicyTemplate (ContainerDeletionChoosingPolicyTemplate.java:chooseContainerForBlockDeletion(83)) - Chosen 2/0 blocks from 2 candidate containers.
2023-07-21 18:00:15,537 [BlockDeletingService#0] INFO  impl.FilePerBlockStrategy (FilePerBlockStrategy.java:deleteChunk(254)) - Deleted block file: /home/runner/work/ozone/ozone/hadoop-hdds/container-service/target/test-dir/TestBlockDeletingService/hdds/16797511-96f2-4f59-94eb-5cc952aa1bba/current/containerDir129/110753376853361600/chunks/110753376853558209.block
2023-07-21 18:00:15,537 [BlockDeletingService#0] INFO  keyvalue.KeyValueHandler (KeyValueHandler.java:deleteUnreferenced(1238)) - Deleted unreferenced chunk/block 925122816182.block in container 110753376853361600
2023-07-21 18:00:15,537 [BlockDeletingService#0] INFO  keyvalue.KeyValueHandler (KeyValueHandler.java:deleteUnreferenced(1238)) - Deleted unreferenced chunk/block 925122828183.block in container 110753376853361600
2023-07-21 18:00:15,537 [BlockDeletingService#0] WARN  keyvalue.KeyValueHandler (KeyValueHandler.java:deleteUnreferenced(1228)) - Missing delete block(Container = 110753376853361600, Block = 925122829884
2023-07-21 18:00:15,537 [BlockDeletingService#0] WARN  keyvalue.KeyValueHandler (KeyValueHandler.java:deleteUnreferenced(1228)) - Missing delete block(Container = 110753376853361600, Block = 925122830985
2023-07-21 18:00:15,538 [BlockDeletingService#0] WARN  utils.BackgroundService (BackgroundService.java:lambda$run$0(130)) - BlockDeletingService Background task execution took 1848824ns > 0ns(timeout)
2023-07-21 18:00:15,636 [BlockDeletingService#1] INFO  interfaces.ContainerDeletionChoosingPolicyTemplate (ContainerDeletionChoosingPolicyTemplate.java:chooseContainerForBlockDeletion(83)) - Chosen 2/0 blocks from 2 candidate containers.
2023-07-21 18:00:15,637 [BlockDeletingService#0] INFO  impl.FilePerBlockStrategy (FilePerBlockStrategy.java:deleteChunk(254)) - Deleted block file: /home/runner/work/ozone/ozone/hadoop-hdds/container-service/target/test-dir/TestBlockDeletingService/hdds/16797511-96f2-4f59-94eb-5cc952aa1bba/current/containerDir129/110753376857162692/chunks/110753376857293765.block
2023-07-21 18:00:15,638 [BlockDeletingService#0] INFO  impl.FilePerBlockStrategy (FilePerBlockStrategy.java:deleteChunk(254)) - Deleted block file: /home/runner/work/ozone/ozone/hadoop-hdds/container-service/target/test-dir/TestBlockDeletingService/hdds/16797511-96f2-4f59-94eb-5cc952aa1bba/current/containerDir129/110753376857162692/chunks/110753376857359302.block
2023-07-21 18:00:15,638 [BlockDeletingService#0] WARN  utils.BackgroundService (BackgroundService.java:lambda$run$0(130)) - BlockDeletingService Background task execution took 1729422ns > 0ns(timeout)
2023-07-21 18:00:15,736 [BlockDeletingService#2] INFO  interfaces.ContainerDeletionChoosingPolicyTemplate (ContainerDeletionChoosingPolicyTemplate.java:chooseContainerForBlockDeletion(83)) - Chosen 2/0 blocks from 2 candidate containers.
2023-07-21 18:00:15,737 [BlockDeletingService#1] INFO  impl.FilePerBlockStrategy (FilePerBlockStrategy.java:deleteChunk(254)) - Deleted block file: /home/runner/work/ozone/ozone/hadoop-hdds/container-service/target/test-dir/TestBlockDeletingService/hdds/16797511-96f2-4f59-94eb-5cc952aa1bba/current/containerDir129/110753376853361600/chunks/110753376853689282.block
2023-07-21 18:00:15,737 [BlockDeletingService#1] INFO  impl.FilePerBlockStrategy (FilePerBlockStrategy.java:deleteChunk(254)) - Deleted block file: /home/runner/work/ozone/ozone/hadoop-hdds/container-service/target/test-dir/TestBlockDeletingService/hdds/16797511-96f2-4f59-94eb-5cc952aa1bba/current/containerDir129/110753376853361600/chunks/110753376853754819.block
2023-07-21 18:00:15,738 [BlockDeletingService#1] WARN  utils.BackgroundService (BackgroundService.java:lambda$run$0(130)) - BlockDeletingService Background task execution took 1739823ns > 0ns(timeout)
2023-07-21 18:00:15,836 [BlockDeletingService#3] INFO  interfaces.ContainerDeletionChoosingPolicyTemplate (ContainerDeletionChoosingPolicyTemplate.java:chooseContainerForBlockDeletion(83)) - Chosen 1/1 blocks from 1 candidate containers.
2023-07-21 18:00:15,837 [BlockDeletingService#0] INFO  impl.FilePerBlockStrategy (FilePerBlockStrategy.java:deleteChunk(254)) - Deleted block file: /home/runner/work/ozone/ozone/hadoop-hdds/container-service/target/test-dir/TestBlockDeletingService/hdds/16797511-96f2-4f59-94eb-5cc952aa1bba/current/containerDir129/110753376857162692/chunks/110753376857424839.block
2023-07-21 18:00:15,838 [BlockDeletingService#0] WARN  utils.BackgroundService (BackgroundService.java:lambda$run$0(130)) - BlockDeletingService Background task execution took 1278817ns > 0ns(timeout)
2023-07-21 18:00:15,936 [BlockDeletingService#4] INFO  interfaces.ContainerDeletionChoosingPolicyTemplate (ContainerDeletionChoosingPolicyTemplate.java:chooseContainerForBlockDeletion(83)) - Chosen 0/2 blocks from 0 candidate containers.
2023-07-21 18:00:16,036 [main] INFO  utils.BackgroundService (BackgroundService.java:shutdown(141)) - Shutting down service BlockDeletingService
]]></system-out>
  </testcase>
  <testcase name="testShutdownService" classname="TestBlockDeletingService" time="2.747">
    <system-out><![CDATA[2023-07-21 17:59:54,444 [main] INFO  volume.HddsVolume (HddsVolume.java:<init>(126)) - Creating HddsVolume: /home/runner/work/ozone/ozone/hadoop-hdds/container-service/target/test-dir/TestBlockDeletingService/hdds of storage type : DISK capacity : 9223372036854775807
2023-07-21 17:59:54,446 [main] INFO  volume.MutableVolumeSet (MutableVolumeSet.java:initializeVolumeSet(175)) - Added Volume : /home/runner/work/ozone/ozone/hadoop-hdds/container-service/target/test-dir/TestBlockDeletingService/hdds to VolumeSet
2023-07-21 17:59:55,049 [main] WARN  util.NativeCodeLoader (NativeCodeLoader.java:<clinit>(60)) - Unable to load native-hadoop library for your platform... using builtin-java classes where applicable
2023-07-21 17:59:56,979 [BlockDeletingService#0] INFO  interfaces.ContainerDeletionChoosingPolicyTemplate (ContainerDeletionChoosingPolicyTemplate.java:chooseContainerForBlockDeletion(83)) - Chosen 100/4900 blocks from 1 candidate containers.
2023-07-21 17:59:57,034 [BlockDeletingService#0] INFO  impl.FilePerChunkStrategy (FilePerChunkStrategy.java:deleteChunk(322)) - Deleted chunk file /home/runner/work/ozone/ozone/hadoop-hdds/container-service/target/test-dir/TestBlockDeletingService/hdds/a3c22ecb-0de5-4562-b367-bb56fb3fee39/current/containerDir128/110753375490342912/chunks/110753375521996801_chunk_0_block_0 (size 100) for chunk ChunkInfo{chunkName='110753375521996801_chunk_0_block_0, offset=0, len=100}
2023-07-21 17:59:57,039 [BlockDeletingService#0] INFO  impl.FilePerChunkStrategy (FilePerChunkStrategy.java:deleteChunk(322)) - Deleted chunk file /home/runner/work/ozone/ozone/hadoop-hdds/container-service/target/test-dir/TestBlockDeletingService/hdds/a3c22ecb-0de5-4562-b367-bb56fb3fee39/current/containerDir128/110753375490342912/chunks/110753375528288258_chunk_0_block_1 (size 100) for chunk ChunkInfo{chunkName='110753375528288258_chunk_0_block_1, offset=0, len=100}
2023-07-21 17:59:57,041 [BlockDeletingService#0] INFO  impl.FilePerChunkStrategy (FilePerChunkStrategy.java:deleteChunk(322)) - Deleted chunk file /home/runner/work/ozone/ozone/hadoop-hdds/container-service/target/test-dir/TestBlockDeletingService/hdds/a3c22ecb-0de5-4562-b367-bb56fb3fee39/current/containerDir128/110753375490342912/chunks/110753375528419331_chunk_0_block_2 (size 100) for chunk ChunkInfo{chunkName='110753375528419331_chunk_0_block_2, offset=0, len=100}
2023-07-21 17:59:57,042 [BlockDeletingService#0] INFO  impl.FilePerChunkStrategy (FilePerChunkStrategy.java:deleteChunk(322)) - Deleted chunk file /home/runner/work/ozone/ozone/hadoop-hdds/container-service/target/test-dir/TestBlockDeletingService/hdds/a3c22ecb-0de5-4562-b367-bb56fb3fee39/current/containerDir128/110753375490342912/chunks/110753375528550404_chunk_0_block_3 (size 100) for chunk ChunkInfo{chunkName='110753375528550404_chunk_0_block_3, offset=0, len=100}
2023-07-21 17:59:57,044 [BlockDeletingService#0] INFO  impl.FilePerChunkStrategy (FilePerChunkStrategy.java:deleteChunk(322)) - Deleted chunk file /home/runner/work/ozone/ozone/hadoop-hdds/container-service/target/test-dir/TestBlockDeletingService/hdds/a3c22ecb-0de5-4562-b367-bb56fb3fee39/current/containerDir128/110753375490342912/chunks/110753375528681477_chunk_0_block_4 (size 100) for chunk ChunkInfo{chunkName='110753375528681477_chunk_0_block_4, offset=0, len=100}
2023-07-21 17:59:57,045 [BlockDeletingService#0] INFO  impl.FilePerChunkStrategy (FilePerChunkStrategy.java:deleteChunk(322)) - Deleted chunk file /home/runner/work/ozone/ozone/hadoop-hdds/container-service/target/test-dir/TestBlockDeletingService/hdds/a3c22ecb-0de5-4562-b367-bb56fb3fee39/current/containerDir128/110753375490342912/chunks/110753375528812550_chunk_0_block_5 (size 100) for chunk ChunkInfo{chunkName='110753375528812550_chunk_0_block_5, offset=0, len=100}
2023-07-21 17:59:57,046 [BlockDeletingService#0] INFO  impl.FilePerChunkStrategy (FilePerChunkStrategy.java:deleteChunk(322)) - Deleted chunk file /home/runner/work/ozone/ozone/hadoop-hdds/container-service/target/test-dir/TestBlockDeletingService/hdds/a3c22ecb-0de5-4562-b367-bb56fb3fee39/current/containerDir128/110753375490342912/chunks/110753375528878087_chunk_0_block_6 (size 100) for chunk ChunkInfo{chunkName='110753375528878087_chunk_0_block_6, offset=0, len=100}
2023-07-21 17:59:57,050 [BlockDeletingService#0] INFO  impl.FilePerChunkStrategy (FilePerChunkStrategy.java:deleteChunk(322)) - Deleted chunk file /home/runner/work/ozone/ozone/hadoop-hdds/container-service/target/test-dir/TestBlockDeletingService/hdds/a3c22ecb-0de5-4562-b367-bb56fb3fee39/current/containerDir128/110753375490342912/chunks/110753375529009160_chunk_0_block_7 (size 100) for chunk ChunkInfo{chunkName='110753375529009160_chunk_0_block_7, offset=0, len=100}
2023-07-21 17:59:57,050 [BlockDeletingService#0] INFO  impl.FilePerChunkStrategy (FilePerChunkStrategy.java:deleteChunk(322)) - Deleted chunk file /home/runner/work/ozone/ozone/hadoop-hdds/container-service/target/test-dir/TestBlockDeletingService/hdds/a3c22ecb-0de5-4562-b367-bb56fb3fee39/current/containerDir128/110753375490342912/chunks/110753375529140233_chunk_0_block_8 (size 100) for chunk ChunkInfo{chunkName='110753375529140233_chunk_0_block_8, offset=0, len=100}
2023-07-21 17:59:57,051 [BlockDeletingService#0] INFO  impl.FilePerChunkStrategy (FilePerChunkStrategy.java:deleteChunk(322)) - Deleted chunk file /home/runner/work/ozone/ozone/hadoop-hdds/container-service/target/test-dir/TestBlockDeletingService/hdds/a3c22ecb-0de5-4562-b367-bb56fb3fee39/current/containerDir128/110753375490342912/chunks/110753375529271306_chunk_0_block_9 (size 100) for chunk ChunkInfo{chunkName='110753375529271306_chunk_0_block_9, offset=0, len=100}
2023-07-21 17:59:57,051 [BlockDeletingService#0] INFO  impl.FilePerChunkStrategy (FilePerChunkStrategy.java:deleteChunk(322)) - Deleted chunk file /home/runner/work/ozone/ozone/hadoop-hdds/container-service/target/test-dir/TestBlockDeletingService/hdds/a3c22ecb-0de5-4562-b367-bb56fb3fee39/current/containerDir128/110753375490342912/chunks/110753375529467915_chunk_0_block_10 (size 100) for chunk ChunkInfo{chunkName='110753375529467915_chunk_0_block_10, offset=0, len=100}
2023-07-21 17:59:57,052 [BlockDeletingService#0] INFO  impl.FilePerChunkStrategy (FilePerChunkStrategy.java:deleteChunk(322)) - Deleted chunk file /home/runner/work/ozone/ozone/hadoop-hdds/container-service/target/test-dir/TestBlockDeletingService/hdds/a3c22ecb-0de5-4562-b367-bb56fb3fee39/current/containerDir128/110753375490342912/chunks/110753375529598988_chunk_0_block_11 (size 100) for chunk ChunkInfo{chunkName='110753375529598988_chunk_0_block_11, offset=0, len=100}
2023-07-21 17:59:57,052 [BlockDeletingService#0] INFO  impl.FilePerChunkStrategy (FilePerChunkStrategy.java:deleteChunk(322)) - Deleted chunk file /home/runner/work/ozone/ozone/hadoop-hdds/container-service/target/test-dir/TestBlockDeletingService/hdds/a3c22ecb-0de5-4562-b367-bb56fb3fee39/current/containerDir128/110753375490342912/chunks/110753375529926669_chunk_0_block_12 (size 100) for chunk ChunkInfo{chunkName='110753375529926669_chunk_0_block_12, offset=0, len=100}
2023-07-21 17:59:57,053 [BlockDeletingService#0] INFO  impl.FilePerChunkStrategy (FilePerChunkStrategy.java:deleteChunk(322)) - Deleted chunk file /home/runner/work/ozone/ozone/hadoop-hdds/container-service/target/test-dir/TestBlockDeletingService/hdds/a3c22ecb-0de5-4562-b367-bb56fb3fee39/current/containerDir128/110753375490342912/chunks/110753375530057742_chunk_0_block_13 (size 100) for chunk ChunkInfo{chunkName='110753375530057742_chunk_0_block_13, offset=0, len=100}
2023-07-21 17:59:57,053 [BlockDeletingService#0] INFO  impl.FilePerChunkStrategy (FilePerChunkStrategy.java:deleteChunk(322)) - Deleted chunk file /home/runner/work/ozone/ozone/hadoop-hdds/container-service/target/test-dir/TestBlockDeletingService/hdds/a3c22ecb-0de5-4562-b367-bb56fb3fee39/current/containerDir128/110753375490342912/chunks/110753375530123279_chunk_0_block_14 (size 100) for chunk ChunkInfo{chunkName='110753375530123279_chunk_0_block_14, offset=0, len=100}
2023-07-21 17:59:57,054 [BlockDeletingService#0] INFO  impl.FilePerChunkStrategy (FilePerChunkStrategy.java:deleteChunk(322)) - Deleted chunk file /home/runner/work/ozone/ozone/hadoop-hdds/container-service/target/test-dir/TestBlockDeletingService/hdds/a3c22ecb-0de5-4562-b367-bb56fb3fee39/current/containerDir128/110753375490342912/chunks/110753375530450960_chunk_0_block_15 (size 100) for chunk ChunkInfo{chunkName='110753375530450960_chunk_0_block_15, offset=0, len=100}
2023-07-21 17:59:57,054 [BlockDeletingService#0] INFO  impl.FilePerChunkStrategy (FilePerChunkStrategy.java:deleteChunk(322)) - Deleted chunk file /home/runner/work/ozone/ozone/hadoop-hdds/container-service/target/test-dir/TestBlockDeletingService/hdds/a3c22ecb-0de5-4562-b367-bb56fb3fee39/current/containerDir128/110753375490342912/chunks/110753375530582033_chunk_0_block_16 (size 100) for chunk ChunkInfo{chunkName='110753375530582033_chunk_0_block_16, offset=0, len=100}
2023-07-21 17:59:57,054 [BlockDeletingService#0] INFO  impl.FilePerChunkStrategy (FilePerChunkStrategy.java:deleteChunk(322)) - Deleted chunk file /home/runner/work/ozone/ozone/hadoop-hdds/container-service/target/test-dir/TestBlockDeletingService/hdds/a3c22ecb-0de5-4562-b367-bb56fb3fee39/current/containerDir128/110753375490342912/chunks/110753375530647570_chunk_0_block_17 (size 100) for chunk ChunkInfo{chunkName='110753375530647570_chunk_0_block_17, offset=0, len=100}
2023-07-21 17:59:57,055 [BlockDeletingService#0] INFO  impl.FilePerChunkStrategy (FilePerChunkStrategy.java:deleteChunk(322)) - Deleted chunk file /home/runner/work/ozone/ozone/hadoop-hdds/container-service/target/test-dir/TestBlockDeletingService/hdds/a3c22ecb-0de5-4562-b367-bb56fb3fee39/current/containerDir128/110753375490342912/chunks/110753375530778643_chunk_0_block_18 (size 100) for chunk ChunkInfo{chunkName='110753375530778643_chunk_0_block_18, offset=0, len=100}
2023-07-21 17:59:57,055 [main] INFO  utils.BackgroundService (BackgroundService.java:shutdown(141)) - Shutting down service BlockDeletingService
2023-07-21 17:59:57,055 [BlockDeletingService#0] INFO  impl.FilePerChunkStrategy (FilePerChunkStrategy.java:deleteChunk(322)) - Deleted chunk file /home/runner/work/ozone/ozone/hadoop-hdds/container-service/target/test-dir/TestBlockDeletingService/hdds/a3c22ecb-0de5-4562-b367-bb56fb3fee39/current/containerDir128/110753375490342912/chunks/110753375531106324_chunk_0_block_19 (size 100) for chunk ChunkInfo{chunkName='110753375531106324_chunk_0_block_19, offset=0, len=100}
2023-07-21 17:59:57,056 [BlockDeletingService#0] INFO  impl.FilePerChunkStrategy (FilePerChunkStrategy.java:deleteChunk(322)) - Deleted chunk file /home/runner/work/ozone/ozone/hadoop-hdds/container-service/target/test-dir/TestBlockDeletingService/hdds/a3c22ecb-0de5-4562-b367-bb56fb3fee39/current/containerDir128/110753375490342912/chunks/110753375531434005_chunk_0_block_20 (size 100) for chunk ChunkInfo{chunkName='110753375531434005_chunk_0_block_20, offset=0, len=100}
2023-07-21 17:59:57,057 [BlockDeletingService#0] INFO  impl.FilePerChunkStrategy (FilePerChunkStrategy.java:deleteChunk(322)) - Deleted chunk file /home/runner/work/ozone/ozone/hadoop-hdds/container-service/target/test-dir/TestBlockDeletingService/hdds/a3c22ecb-0de5-4562-b367-bb56fb3fee39/current/containerDir128/110753375490342912/chunks/110753375531499542_chunk_0_block_21 (size 100) for chunk ChunkInfo{chunkName='110753375531499542_chunk_0_block_21, offset=0, len=100}
2023-07-21 17:59:57,057 [BlockDeletingService#0] INFO  impl.FilePerChunkStrategy (FilePerChunkStrategy.java:deleteChunk(322)) - Deleted chunk file /home/runner/work/ozone/ozone/hadoop-hdds/container-service/target/test-dir/TestBlockDeletingService/hdds/a3c22ecb-0de5-4562-b367-bb56fb3fee39/current/containerDir128/110753375490342912/chunks/110753375531630615_chunk_0_block_22 (size 100) for chunk ChunkInfo{chunkName='110753375531630615_chunk_0_block_22, offset=0, len=100}
2023-07-21 17:59:57,058 [BlockDeletingService#0] INFO  impl.FilePerChunkStrategy (FilePerChunkStrategy.java:deleteChunk(322)) - Deleted chunk file /home/runner/work/ozone/ozone/hadoop-hdds/container-service/target/test-dir/TestBlockDeletingService/hdds/a3c22ecb-0de5-4562-b367-bb56fb3fee39/current/containerDir128/110753375490342912/chunks/110753375531892760_chunk_0_block_23 (size 100) for chunk ChunkInfo{chunkName='110753375531892760_chunk_0_block_23, offset=0, len=100}
2023-07-21 17:59:57,059 [BlockDeletingService#0] INFO  impl.FilePerChunkStrategy (FilePerChunkStrategy.java:deleteChunk(322)) - Deleted chunk file /home/runner/work/ozone/ozone/hadoop-hdds/container-service/target/test-dir/TestBlockDeletingService/hdds/a3c22ecb-0de5-4562-b367-bb56fb3fee39/current/containerDir128/110753375490342912/chunks/110753375532023833_chunk_0_block_24 (size 100) for chunk ChunkInfo{chunkName='110753375532023833_chunk_0_block_24, offset=0, len=100}
2023-07-21 17:59:57,059 [BlockDeletingService#0] INFO  impl.FilePerChunkStrategy (FilePerChunkStrategy.java:deleteChunk(322)) - Deleted chunk file /home/runner/work/ozone/ozone/hadoop-hdds/container-service/target/test-dir/TestBlockDeletingService/hdds/a3c22ecb-0de5-4562-b367-bb56fb3fee39/current/containerDir128/110753375490342912/chunks/110753375532220442_chunk_0_block_25 (size 100) for chunk ChunkInfo{chunkName='110753375532220442_chunk_0_block_25, offset=0, len=100}
2023-07-21 17:59:57,060 [BlockDeletingService#0] INFO  impl.FilePerChunkStrategy (FilePerChunkStrategy.java:deleteChunk(322)) - Deleted chunk file /home/runner/work/ozone/ozone/hadoop-hdds/container-service/target/test-dir/TestBlockDeletingService/hdds/a3c22ecb-0de5-4562-b367-bb56fb3fee39/current/containerDir128/110753375490342912/chunks/110753375532351515_chunk_0_block_26 (size 100) for chunk ChunkInfo{chunkName='110753375532351515_chunk_0_block_26, offset=0, len=100}
2023-07-21 17:59:57,060 [BlockDeletingService#0] INFO  impl.FilePerChunkStrategy (FilePerChunkStrategy.java:deleteChunk(322)) - Deleted chunk file /home/runner/work/ozone/ozone/hadoop-hdds/container-service/target/test-dir/TestBlockDeletingService/hdds/a3c22ecb-0de5-4562-b367-bb56fb3fee39/current/containerDir128/110753375490342912/chunks/110753375532482588_chunk_0_block_27 (size 100) for chunk ChunkInfo{chunkName='110753375532482588_chunk_0_block_27, offset=0, len=100}
2023-07-21 17:59:57,061 [BlockDeletingService#0] INFO  impl.FilePerChunkStrategy (FilePerChunkStrategy.java:deleteChunk(322)) - Deleted chunk file /home/runner/work/ozone/ozone/hadoop-hdds/container-service/target/test-dir/TestBlockDeletingService/hdds/a3c22ecb-0de5-4562-b367-bb56fb3fee39/current/containerDir128/110753375490342912/chunks/110753375532679197_chunk_0_block_28 (size 100) for chunk ChunkInfo{chunkName='110753375532679197_chunk_0_block_28, offset=0, len=100}
2023-07-21 17:59:57,061 [BlockDeletingService#0] INFO  impl.FilePerChunkStrategy (FilePerChunkStrategy.java:deleteChunk(322)) - Deleted chunk file /home/runner/work/ozone/ozone/hadoop-hdds/container-service/target/test-dir/TestBlockDeletingService/hdds/a3c22ecb-0de5-4562-b367-bb56fb3fee39/current/containerDir128/110753375490342912/chunks/110753375532875806_chunk_0_block_29 (size 100) for chunk ChunkInfo{chunkName='110753375532875806_chunk_0_block_29, offset=0, len=100}
2023-07-21 17:59:57,062 [BlockDeletingService#0] INFO  impl.FilePerChunkStrategy (FilePerChunkStrategy.java:deleteChunk(322)) - Deleted chunk file /home/runner/work/ozone/ozone/hadoop-hdds/container-service/target/test-dir/TestBlockDeletingService/hdds/a3c22ecb-0de5-4562-b367-bb56fb3fee39/current/containerDir128/110753375490342912/chunks/110753375533006879_chunk_0_block_30 (size 100) for chunk ChunkInfo{chunkName='110753375533006879_chunk_0_block_30, offset=0, len=100}
2023-07-21 17:59:57,062 [BlockDeletingService#0] INFO  impl.FilePerChunkStrategy (FilePerChunkStrategy.java:deleteChunk(322)) - Deleted chunk file /home/runner/work/ozone/ozone/hadoop-hdds/container-service/target/test-dir/TestBlockDeletingService/hdds/a3c22ecb-0de5-4562-b367-bb56fb3fee39/current/containerDir128/110753375490342912/chunks/110753375533137952_chunk_0_block_31 (size 100) for chunk ChunkInfo{chunkName='110753375533137952_chunk_0_block_31, offset=0, len=100}
2023-07-21 17:59:57,063 [BlockDeletingService#0] INFO  impl.FilePerChunkStrategy (FilePerChunkStrategy.java:deleteChunk(322)) - Deleted chunk file /home/runner/work/ozone/ozone/hadoop-hdds/container-service/target/test-dir/TestBlockDeletingService/hdds/a3c22ecb-0de5-4562-b367-bb56fb3fee39/current/containerDir128/110753375490342912/chunks/110753375533334561_chunk_0_block_32 (size 100) for chunk ChunkInfo{chunkName='110753375533334561_chunk_0_block_32, offset=0, len=100}
2023-07-21 17:59:57,063 [BlockDeletingService#0] INFO  impl.FilePerChunkStrategy (FilePerChunkStrategy.java:deleteChunk(322)) - Deleted chunk file /home/runner/work/ozone/ozone/hadoop-hdds/container-service/target/test-dir/TestBlockDeletingService/hdds/a3c22ecb-0de5-4562-b367-bb56fb3fee39/current/containerDir128/110753375490342912/chunks/110753375533400098_chunk_0_block_33 (size 100) for chunk ChunkInfo{chunkName='110753375533400098_chunk_0_block_33, offset=0, len=100}
2023-07-21 17:59:57,064 [BlockDeletingService#0] INFO  impl.FilePerChunkStrategy (FilePerChunkStrategy.java:deleteChunk(322)) - Deleted chunk file /home/runner/work/ozone/ozone/hadoop-hdds/container-service/target/test-dir/TestBlockDeletingService/hdds/a3c22ecb-0de5-4562-b367-bb56fb3fee39/current/containerDir128/110753375490342912/chunks/110753375533531171_chunk_0_block_34 (size 100) for chunk ChunkInfo{chunkName='110753375533531171_chunk_0_block_34, offset=0, len=100}
2023-07-21 17:59:57,064 [BlockDeletingService#0] INFO  impl.FilePerChunkStrategy (FilePerChunkStrategy.java:deleteChunk(322)) - Deleted chunk file /home/runner/work/ozone/ozone/hadoop-hdds/container-service/target/test-dir/TestBlockDeletingService/hdds/a3c22ecb-0de5-4562-b367-bb56fb3fee39/current/containerDir128/110753375490342912/chunks/110753375533793316_chunk_0_block_35 (size 100) for chunk ChunkInfo{chunkName='110753375533793316_chunk_0_block_35, offset=0, len=100}
2023-07-21 17:59:57,064 [BlockDeletingService#0] INFO  impl.FilePerChunkStrategy (FilePerChunkStrategy.java:deleteChunk(322)) - Deleted chunk file /home/runner/work/ozone/ozone/hadoop-hdds/container-service/target/test-dir/TestBlockDeletingService/hdds/a3c22ecb-0de5-4562-b367-bb56fb3fee39/current/containerDir128/110753375490342912/chunks/110753375533924389_chunk_0_block_36 (size 100) for chunk ChunkInfo{chunkName='110753375533924389_chunk_0_block_36, offset=0, len=100}
2023-07-21 17:59:57,065 [BlockDeletingService#0] INFO  impl.FilePerChunkStrategy (FilePerChunkStrategy.java:deleteChunk(322)) - Deleted chunk file /home/runner/work/ozone/ozone/hadoop-hdds/container-service/target/test-dir/TestBlockDeletingService/hdds/a3c22ecb-0de5-4562-b367-bb56fb3fee39/current/containerDir128/110753375490342912/chunks/110753375534055462_chunk_0_block_37 (size 100) for chunk ChunkInfo{chunkName='110753375534055462_chunk_0_block_37, offset=0, len=100}
2023-07-21 17:59:57,065 [BlockDeletingService#0] INFO  impl.FilePerChunkStrategy (FilePerChunkStrategy.java:deleteChunk(322)) - Deleted chunk file /home/runner/work/ozone/ozone/hadoop-hdds/container-service/target/test-dir/TestBlockDeletingService/hdds/a3c22ecb-0de5-4562-b367-bb56fb3fee39/current/containerDir128/110753375490342912/chunks/110753375534186535_chunk_0_block_38 (size 100) for chunk ChunkInfo{chunkName='110753375534186535_chunk_0_block_38, offset=0, len=100}
2023-07-21 17:59:57,066 [BlockDeletingService#0] INFO  impl.FilePerChunkStrategy (FilePerChunkStrategy.java:deleteChunk(322)) - Deleted chunk file /home/runner/work/ozone/ozone/hadoop-hdds/container-service/target/test-dir/TestBlockDeletingService/hdds/a3c22ecb-0de5-4562-b367-bb56fb3fee39/current/containerDir128/110753375490342912/chunks/110753375534317608_chunk_0_block_39 (size 100) for chunk ChunkInfo{chunkName='110753375534317608_chunk_0_block_39, offset=0, len=100}
2023-07-21 17:59:57,066 [BlockDeletingService#0] INFO  impl.FilePerChunkStrategy (FilePerChunkStrategy.java:deleteChunk(322)) - Deleted chunk file /home/runner/work/ozone/ozone/hadoop-hdds/container-service/target/test-dir/TestBlockDeletingService/hdds/a3c22ecb-0de5-4562-b367-bb56fb3fee39/current/containerDir128/110753375490342912/chunks/110753375534383145_chunk_0_block_40 (size 100) for chunk ChunkInfo{chunkName='110753375534383145_chunk_0_block_40, offset=0, len=100}
2023-07-21 17:59:57,066 [BlockDeletingService#0] INFO  impl.FilePerChunkStrategy (FilePerChunkStrategy.java:deleteChunk(322)) - Deleted chunk file /home/runner/work/ozone/ozone/hadoop-hdds/container-service/target/test-dir/TestBlockDeletingService/hdds/a3c22ecb-0de5-4562-b367-bb56fb3fee39/current/containerDir128/110753375490342912/chunks/110753375534514218_chunk_0_block_41 (size 100) for chunk ChunkInfo{chunkName='110753375534514218_chunk_0_block_41, offset=0, len=100}
2023-07-21 17:59:57,067 [BlockDeletingService#0] INFO  impl.FilePerChunkStrategy (FilePerChunkStrategy.java:deleteChunk(322)) - Deleted chunk file /home/runner/work/ozone/ozone/hadoop-hdds/container-service/target/test-dir/TestBlockDeletingService/hdds/a3c22ecb-0de5-4562-b367-bb56fb3fee39/current/containerDir128/110753375490342912/chunks/110753375534710827_chunk_0_block_42 (size 100) for chunk ChunkInfo{chunkName='110753375534710827_chunk_0_block_42, offset=0, len=100}
2023-07-21 17:59:57,067 [BlockDeletingService#0] INFO  impl.FilePerChunkStrategy (FilePerChunkStrategy.java:deleteChunk(322)) - Deleted chunk file /home/runner/work/ozone/ozone/hadoop-hdds/container-service/target/test-dir/TestBlockDeletingService/hdds/a3c22ecb-0de5-4562-b367-bb56fb3fee39/current/containerDir128/110753375490342912/chunks/110753375534841900_chunk_0_block_43 (size 100) for chunk ChunkInfo{chunkName='110753375534841900_chunk_0_block_43, offset=0, len=100}
2023-07-21 17:59:57,068 [BlockDeletingService#0] INFO  impl.FilePerChunkStrategy (FilePerChunkStrategy.java:deleteChunk(322)) - Deleted chunk file /home/runner/work/ozone/ozone/hadoop-hdds/container-service/target/test-dir/TestBlockDeletingService/hdds/a3c22ecb-0de5-4562-b367-bb56fb3fee39/current/containerDir128/110753375490342912/chunks/110753375534972973_chunk_0_block_44 (size 100) for chunk ChunkInfo{chunkName='110753375534972973_chunk_0_block_44, offset=0, len=100}
2023-07-21 17:59:57,068 [BlockDeletingService#0] INFO  impl.FilePerChunkStrategy (FilePerChunkStrategy.java:deleteChunk(322)) - Deleted chunk file /home/runner/work/ozone/ozone/hadoop-hdds/container-service/target/test-dir/TestBlockDeletingService/hdds/a3c22ecb-0de5-4562-b367-bb56fb3fee39/current/containerDir128/110753375490342912/chunks/110753375535104046_chunk_0_block_45 (size 100) for chunk ChunkInfo{chunkName='110753375535104046_chunk_0_block_45, offset=0, len=100}
2023-07-21 17:59:57,068 [BlockDeletingService#0] INFO  impl.FilePerChunkStrategy (FilePerChunkStrategy.java:deleteChunk(322)) - Deleted chunk file /home/runner/work/ozone/ozone/hadoop-hdds/container-service/target/test-dir/TestBlockDeletingService/hdds/a3c22ecb-0de5-4562-b367-bb56fb3fee39/current/containerDir128/110753375490342912/chunks/110753375535300655_chunk_0_block_46 (size 100) for chunk ChunkInfo{chunkName='110753375535300655_chunk_0_block_46, offset=0, len=100}
2023-07-21 17:59:57,069 [BlockDeletingService#0] INFO  impl.FilePerChunkStrategy (FilePerChunkStrategy.java:deleteChunk(322)) - Deleted chunk file /home/runner/work/ozone/ozone/hadoop-hdds/container-service/target/test-dir/TestBlockDeletingService/hdds/a3c22ecb-0de5-4562-b367-bb56fb3fee39/current/containerDir128/110753375490342912/chunks/110753375535366192_chunk_0_block_47 (size 100) for chunk ChunkInfo{chunkName='110753375535366192_chunk_0_block_47, offset=0, len=100}
2023-07-21 17:59:57,069 [BlockDeletingService#0] INFO  impl.FilePerChunkStrategy (FilePerChunkStrategy.java:deleteChunk(322)) - Deleted chunk file /home/runner/work/ozone/ozone/hadoop-hdds/container-service/target/test-dir/TestBlockDeletingService/hdds/a3c22ecb-0de5-4562-b367-bb56fb3fee39/current/containerDir128/110753375490342912/chunks/110753375535497265_chunk_0_block_48 (size 100) for chunk ChunkInfo{chunkName='110753375535497265_chunk_0_block_48, offset=0, len=100}
2023-07-21 17:59:57,070 [BlockDeletingService#0] INFO  impl.FilePerChunkStrategy (FilePerChunkStrategy.java:deleteChunk(322)) - Deleted chunk file /home/runner/work/ozone/ozone/hadoop-hdds/container-service/target/test-dir/TestBlockDeletingService/hdds/a3c22ecb-0de5-4562-b367-bb56fb3fee39/current/containerDir128/110753375490342912/chunks/110753375535562802_chunk_0_block_49 (size 100) for chunk ChunkInfo{chunkName='110753375535562802_chunk_0_block_49, offset=0, len=100}
2023-07-21 17:59:57,070 [BlockDeletingService#0] INFO  impl.FilePerChunkStrategy (FilePerChunkStrategy.java:deleteChunk(322)) - Deleted chunk file /home/runner/work/ozone/ozone/hadoop-hdds/container-service/target/test-dir/TestBlockDeletingService/hdds/a3c22ecb-0de5-4562-b367-bb56fb3fee39/current/containerDir128/110753375490342912/chunks/110753375535759411_chunk_0_block_50 (size 100) for chunk ChunkInfo{chunkName='110753375535759411_chunk_0_block_50, offset=0, len=100}
2023-07-21 17:59:57,070 [BlockDeletingService#0] INFO  impl.FilePerChunkStrategy (FilePerChunkStrategy.java:deleteChunk(322)) - Deleted chunk file /home/runner/work/ozone/ozone/hadoop-hdds/container-service/target/test-dir/TestBlockDeletingService/hdds/a3c22ecb-0de5-4562-b367-bb56fb3fee39/current/containerDir128/110753375490342912/chunks/110753375535956020_chunk_0_block_51 (size 100) for chunk ChunkInfo{chunkName='110753375535956020_chunk_0_block_51, offset=0, len=100}
2023-07-21 17:59:57,071 [BlockDeletingService#0] INFO  impl.FilePerChunkStrategy (FilePerChunkStrategy.java:deleteChunk(322)) - Deleted chunk file /home/runner/work/ozone/ozone/hadoop-hdds/container-service/target/test-dir/TestBlockDeletingService/hdds/a3c22ecb-0de5-4562-b367-bb56fb3fee39/current/containerDir128/110753375490342912/chunks/110753375536087093_chunk_0_block_52 (size 100) for chunk ChunkInfo{chunkName='110753375536087093_chunk_0_block_52, offset=0, len=100}
2023-07-21 17:59:57,071 [BlockDeletingService#0] INFO  impl.FilePerChunkStrategy (FilePerChunkStrategy.java:deleteChunk(322)) - Deleted chunk file /home/runner/work/ozone/ozone/hadoop-hdds/container-service/target/test-dir/TestBlockDeletingService/hdds/a3c22ecb-0de5-4562-b367-bb56fb3fee39/current/containerDir128/110753375490342912/chunks/110753375536218166_chunk_0_block_53 (size 100) for chunk ChunkInfo{chunkName='110753375536218166_chunk_0_block_53, offset=0, len=100}
2023-07-21 17:59:57,072 [BlockDeletingService#0] INFO  impl.FilePerChunkStrategy (FilePerChunkStrategy.java:deleteChunk(322)) - Deleted chunk file /home/runner/work/ozone/ozone/hadoop-hdds/container-service/target/test-dir/TestBlockDeletingService/hdds/a3c22ecb-0de5-4562-b367-bb56fb3fee39/current/containerDir128/110753375490342912/chunks/110753375536283703_chunk_0_block_54 (size 100) for chunk ChunkInfo{chunkName='110753375536283703_chunk_0_block_54, offset=0, len=100}
2023-07-21 17:59:57,072 [BlockDeletingService#0] INFO  impl.FilePerChunkStrategy (FilePerChunkStrategy.java:deleteChunk(322)) - Deleted chunk file /home/runner/work/ozone/ozone/hadoop-hdds/container-service/target/test-dir/TestBlockDeletingService/hdds/a3c22ecb-0de5-4562-b367-bb56fb3fee39/current/containerDir128/110753375490342912/chunks/110753375536414776_chunk_0_block_55 (size 100) for chunk ChunkInfo{chunkName='110753375536414776_chunk_0_block_55, offset=0, len=100}
2023-07-21 17:59:57,072 [BlockDeletingService#0] INFO  impl.FilePerChunkStrategy (FilePerChunkStrategy.java:deleteChunk(322)) - Deleted chunk file /home/runner/work/ozone/ozone/hadoop-hdds/container-service/target/test-dir/TestBlockDeletingService/hdds/a3c22ecb-0de5-4562-b367-bb56fb3fee39/current/containerDir128/110753375490342912/chunks/110753375536480313_chunk_0_block_56 (size 100) for chunk ChunkInfo{chunkName='110753375536480313_chunk_0_block_56, offset=0, len=100}
2023-07-21 17:59:57,073 [BlockDeletingService#0] INFO  impl.FilePerChunkStrategy (FilePerChunkStrategy.java:deleteChunk(322)) - Deleted chunk file /home/runner/work/ozone/ozone/hadoop-hdds/container-service/target/test-dir/TestBlockDeletingService/hdds/a3c22ecb-0de5-4562-b367-bb56fb3fee39/current/containerDir128/110753375490342912/chunks/110753375536611386_chunk_0_block_57 (size 100) for chunk ChunkInfo{chunkName='110753375536611386_chunk_0_block_57, offset=0, len=100}
2023-07-21 17:59:57,073 [BlockDeletingService#0] INFO  impl.FilePerChunkStrategy (FilePerChunkStrategy.java:deleteChunk(322)) - Deleted chunk file /home/runner/work/ozone/ozone/hadoop-hdds/container-service/target/test-dir/TestBlockDeletingService/hdds/a3c22ecb-0de5-4562-b367-bb56fb3fee39/current/containerDir128/110753375490342912/chunks/110753375536676923_chunk_0_block_58 (size 100) for chunk ChunkInfo{chunkName='110753375536676923_chunk_0_block_58, offset=0, len=100}
2023-07-21 17:59:57,074 [BlockDeletingService#0] INFO  impl.FilePerChunkStrategy (FilePerChunkStrategy.java:deleteChunk(322)) - Deleted chunk file /home/runner/work/ozone/ozone/hadoop-hdds/container-service/target/test-dir/TestBlockDeletingService/hdds/a3c22ecb-0de5-4562-b367-bb56fb3fee39/current/containerDir128/110753375490342912/chunks/110753375536742460_chunk_0_block_59 (size 100) for chunk ChunkInfo{chunkName='110753375536742460_chunk_0_block_59, offset=0, len=100}
2023-07-21 17:59:57,074 [BlockDeletingService#0] INFO  impl.FilePerChunkStrategy (FilePerChunkStrategy.java:deleteChunk(322)) - Deleted chunk file /home/runner/work/ozone/ozone/hadoop-hdds/container-service/target/test-dir/TestBlockDeletingService/hdds/a3c22ecb-0de5-4562-b367-bb56fb3fee39/current/containerDir128/110753375490342912/chunks/110753375536873533_chunk_0_block_60 (size 100) for chunk ChunkInfo{chunkName='110753375536873533_chunk_0_block_60, offset=0, len=100}
2023-07-21 17:59:57,074 [BlockDeletingService#0] INFO  impl.FilePerChunkStrategy (FilePerChunkStrategy.java:deleteChunk(322)) - Deleted chunk file /home/runner/work/ozone/ozone/hadoop-hdds/container-service/target/test-dir/TestBlockDeletingService/hdds/a3c22ecb-0de5-4562-b367-bb56fb3fee39/current/containerDir128/110753375490342912/chunks/110753375537004606_chunk_0_block_61 (size 100) for chunk ChunkInfo{chunkName='110753375537004606_chunk_0_block_61, offset=0, len=100}
2023-07-21 17:59:57,075 [BlockDeletingService#0] INFO  impl.FilePerChunkStrategy (FilePerChunkStrategy.java:deleteChunk(322)) - Deleted chunk file /home/runner/work/ozone/ozone/hadoop-hdds/container-service/target/test-dir/TestBlockDeletingService/hdds/a3c22ecb-0de5-4562-b367-bb56fb3fee39/current/containerDir128/110753375490342912/chunks/110753375537332287_chunk_0_block_62 (size 100) for chunk ChunkInfo{chunkName='110753375537332287_chunk_0_block_62, offset=0, len=100}
2023-07-21 17:59:57,075 [BlockDeletingService#0] INFO  impl.FilePerChunkStrategy (FilePerChunkStrategy.java:deleteChunk(322)) - Deleted chunk file /home/runner/work/ozone/ozone/hadoop-hdds/container-service/target/test-dir/TestBlockDeletingService/hdds/a3c22ecb-0de5-4562-b367-bb56fb3fee39/current/containerDir128/110753375490342912/chunks/110753375537528896_chunk_0_block_63 (size 100) for chunk ChunkInfo{chunkName='110753375537528896_chunk_0_block_63, offset=0, len=100}
2023-07-21 17:59:57,075 [BlockDeletingService#0] INFO  impl.FilePerChunkStrategy (FilePerChunkStrategy.java:deleteChunk(322)) - Deleted chunk file /home/runner/work/ozone/ozone/hadoop-hdds/container-service/target/test-dir/TestBlockDeletingService/hdds/a3c22ecb-0de5-4562-b367-bb56fb3fee39/current/containerDir128/110753375490342912/chunks/110753375537856577_chunk_0_block_64 (size 100) for chunk ChunkInfo{chunkName='110753375537856577_chunk_0_block_64, offset=0, len=100}
2023-07-21 17:59:57,076 [BlockDeletingService#0] INFO  impl.FilePerChunkStrategy (FilePerChunkStrategy.java:deleteChunk(322)) - Deleted chunk file /home/runner/work/ozone/ozone/hadoop-hdds/container-service/target/test-dir/TestBlockDeletingService/hdds/a3c22ecb-0de5-4562-b367-bb56fb3fee39/current/containerDir128/110753375490342912/chunks/110753375537987650_chunk_0_block_65 (size 100) for chunk ChunkInfo{chunkName='110753375537987650_chunk_0_block_65, offset=0, len=100}
2023-07-21 17:59:57,076 [BlockDeletingService#0] INFO  impl.FilePerChunkStrategy (FilePerChunkStrategy.java:deleteChunk(322)) - Deleted chunk file /home/runner/work/ozone/ozone/hadoop-hdds/container-service/target/test-dir/TestBlockDeletingService/hdds/a3c22ecb-0de5-4562-b367-bb56fb3fee39/current/containerDir128/110753375490342912/chunks/110753375538053187_chunk_0_block_66 (size 100) for chunk ChunkInfo{chunkName='110753375538053187_chunk_0_block_66, offset=0, len=100}
2023-07-21 17:59:57,077 [BlockDeletingService#0] INFO  impl.FilePerChunkStrategy (FilePerChunkStrategy.java:deleteChunk(322)) - Deleted chunk file /home/runner/work/ozone/ozone/hadoop-hdds/container-service/target/test-dir/TestBlockDeletingService/hdds/a3c22ecb-0de5-4562-b367-bb56fb3fee39/current/containerDir128/110753375490342912/chunks/110753375538184260_chunk_0_block_67 (size 100) for chunk ChunkInfo{chunkName='110753375538184260_chunk_0_block_67, offset=0, len=100}
2023-07-21 17:59:57,077 [BlockDeletingService#0] INFO  impl.FilePerChunkStrategy (FilePerChunkStrategy.java:deleteChunk(322)) - Deleted chunk file /home/runner/work/ozone/ozone/hadoop-hdds/container-service/target/test-dir/TestBlockDeletingService/hdds/a3c22ecb-0de5-4562-b367-bb56fb3fee39/current/containerDir128/110753375490342912/chunks/110753375538249797_chunk_0_block_68 (size 100) for chunk ChunkInfo{chunkName='110753375538249797_chunk_0_block_68, offset=0, len=100}
2023-07-21 17:59:57,077 [BlockDeletingService#0] INFO  impl.FilePerChunkStrategy (FilePerChunkStrategy.java:deleteChunk(322)) - Deleted chunk file /home/runner/work/ozone/ozone/hadoop-hdds/container-service/target/test-dir/TestBlockDeletingService/hdds/a3c22ecb-0de5-4562-b367-bb56fb3fee39/current/containerDir128/110753375490342912/chunks/110753375538380870_chunk_0_block_69 (size 100) for chunk ChunkInfo{chunkName='110753375538380870_chunk_0_block_69, offset=0, len=100}
2023-07-21 17:59:57,078 [BlockDeletingService#0] INFO  impl.FilePerChunkStrategy (FilePerChunkStrategy.java:deleteChunk(322)) - Deleted chunk file /home/runner/work/ozone/ozone/hadoop-hdds/container-service/target/test-dir/TestBlockDeletingService/hdds/a3c22ecb-0de5-4562-b367-bb56fb3fee39/current/containerDir128/110753375490342912/chunks/110753375538446407_chunk_0_block_70 (size 100) for chunk ChunkInfo{chunkName='110753375538446407_chunk_0_block_70, offset=0, len=100}
2023-07-21 17:59:57,081 [BlockDeletingService#0] INFO  impl.FilePerChunkStrategy (FilePerChunkStrategy.java:deleteChunk(322)) - Deleted chunk file /home/runner/work/ozone/ozone/hadoop-hdds/container-service/target/test-dir/TestBlockDeletingService/hdds/a3c22ecb-0de5-4562-b367-bb56fb3fee39/current/containerDir128/110753375490342912/chunks/110753375538577480_chunk_0_block_71 (size 100) for chunk ChunkInfo{chunkName='110753375538577480_chunk_0_block_71, offset=0, len=100}
2023-07-21 17:59:57,082 [BlockDeletingService#0] INFO  impl.FilePerChunkStrategy (FilePerChunkStrategy.java:deleteChunk(322)) - Deleted chunk file /home/runner/work/ozone/ozone/hadoop-hdds/container-service/target/test-dir/TestBlockDeletingService/hdds/a3c22ecb-0de5-4562-b367-bb56fb3fee39/current/containerDir128/110753375490342912/chunks/110753375538774089_chunk_0_block_72 (size 100) for chunk ChunkInfo{chunkName='110753375538774089_chunk_0_block_72, offset=0, len=100}
2023-07-21 17:59:57,082 [BlockDeletingService#0] INFO  impl.FilePerChunkStrategy (FilePerChunkStrategy.java:deleteChunk(322)) - Deleted chunk file /home/runner/work/ozone/ozone/hadoop-hdds/container-service/target/test-dir/TestBlockDeletingService/hdds/a3c22ecb-0de5-4562-b367-bb56fb3fee39/current/containerDir128/110753375490342912/chunks/110753375538839626_chunk_0_block_73 (size 100) for chunk ChunkInfo{chunkName='110753375538839626_chunk_0_block_73, offset=0, len=100}
2023-07-21 17:59:57,082 [BlockDeletingService#0] INFO  impl.FilePerChunkStrategy (FilePerChunkStrategy.java:deleteChunk(322)) - Deleted chunk file /home/runner/work/ozone/ozone/hadoop-hdds/container-service/target/test-dir/TestBlockDeletingService/hdds/a3c22ecb-0de5-4562-b367-bb56fb3fee39/current/containerDir128/110753375490342912/chunks/110753375538905163_chunk_0_block_74 (size 100) for chunk ChunkInfo{chunkName='110753375538905163_chunk_0_block_74, offset=0, len=100}
2023-07-21 17:59:57,083 [BlockDeletingService#0] INFO  impl.FilePerChunkStrategy (FilePerChunkStrategy.java:deleteChunk(322)) - Deleted chunk file /home/runner/work/ozone/ozone/hadoop-hdds/container-service/target/test-dir/TestBlockDeletingService/hdds/a3c22ecb-0de5-4562-b367-bb56fb3fee39/current/containerDir128/110753375490342912/chunks/110753375538970700_chunk_0_block_75 (size 100) for chunk ChunkInfo{chunkName='110753375538970700_chunk_0_block_75, offset=0, len=100}
2023-07-21 17:59:57,083 [BlockDeletingService#0] INFO  impl.FilePerChunkStrategy (FilePerChunkStrategy.java:deleteChunk(322)) - Deleted chunk file /home/runner/work/ozone/ozone/hadoop-hdds/container-service/target/test-dir/TestBlockDeletingService/hdds/a3c22ecb-0de5-4562-b367-bb56fb3fee39/current/containerDir128/110753375490342912/chunks/110753375539101773_chunk_0_block_76 (size 100) for chunk ChunkInfo{chunkName='110753375539101773_chunk_0_block_76, offset=0, len=100}
2023-07-21 17:59:57,084 [BlockDeletingService#0] INFO  impl.FilePerChunkStrategy (FilePerChunkStrategy.java:deleteChunk(322)) - Deleted chunk file /home/runner/work/ozone/ozone/hadoop-hdds/container-service/target/test-dir/TestBlockDeletingService/hdds/a3c22ecb-0de5-4562-b367-bb56fb3fee39/current/containerDir128/110753375490342912/chunks/110753375539167310_chunk_0_block_77 (size 100) for chunk ChunkInfo{chunkName='110753375539167310_chunk_0_block_77, offset=0, len=100}
2023-07-21 17:59:57,084 [BlockDeletingService#0] INFO  impl.FilePerChunkStrategy (FilePerChunkStrategy.java:deleteChunk(322)) - Deleted chunk file /home/runner/work/ozone/ozone/hadoop-hdds/container-service/target/test-dir/TestBlockDeletingService/hdds/a3c22ecb-0de5-4562-b367-bb56fb3fee39/current/containerDir128/110753375490342912/chunks/110753375539298383_chunk_0_block_78 (size 100) for chunk ChunkInfo{chunkName='110753375539298383_chunk_0_block_78, offset=0, len=100}
2023-07-21 17:59:57,084 [BlockDeletingService#0] INFO  impl.FilePerChunkStrategy (FilePerChunkStrategy.java:deleteChunk(322)) - Deleted chunk file /home/runner/work/ozone/ozone/hadoop-hdds/container-service/target/test-dir/TestBlockDeletingService/hdds/a3c22ecb-0de5-4562-b367-bb56fb3fee39/current/containerDir128/110753375490342912/chunks/110753375539363920_chunk_0_block_79 (size 100) for chunk ChunkInfo{chunkName='110753375539363920_chunk_0_block_79, offset=0, len=100}
2023-07-21 17:59:57,085 [BlockDeletingService#0] INFO  impl.FilePerChunkStrategy (FilePerChunkStrategy.java:deleteChunk(322)) - Deleted chunk file /home/runner/work/ozone/ozone/hadoop-hdds/container-service/target/test-dir/TestBlockDeletingService/hdds/a3c22ecb-0de5-4562-b367-bb56fb3fee39/current/containerDir128/110753375490342912/chunks/110753375539494993_chunk_0_block_80 (size 100) for chunk ChunkInfo{chunkName='110753375539494993_chunk_0_block_80, offset=0, len=100}
2023-07-21 17:59:57,087 [BlockDeletingService#0] INFO  impl.FilePerChunkStrategy (FilePerChunkStrategy.java:deleteChunk(322)) - Deleted chunk file /home/runner/work/ozone/ozone/hadoop-hdds/container-service/target/test-dir/TestBlockDeletingService/hdds/a3c22ecb-0de5-4562-b367-bb56fb3fee39/current/containerDir128/110753375490342912/chunks/110753375539560530_chunk_0_block_81 (size 100) for chunk ChunkInfo{chunkName='110753375539560530_chunk_0_block_81, offset=0, len=100}
2023-07-21 17:59:57,088 [BlockDeletingService#0] INFO  impl.FilePerChunkStrategy (FilePerChunkStrategy.java:deleteChunk(322)) - Deleted chunk file /home/runner/work/ozone/ozone/hadoop-hdds/container-service/target/test-dir/TestBlockDeletingService/hdds/a3c22ecb-0de5-4562-b367-bb56fb3fee39/current/containerDir128/110753375490342912/chunks/110753375539626067_chunk_0_block_82 (size 100) for chunk ChunkInfo{chunkName='110753375539626067_chunk_0_block_82, offset=0, len=100}
2023-07-21 17:59:57,088 [BlockDeletingService#0] INFO  impl.FilePerChunkStrategy (FilePerChunkStrategy.java:deleteChunk(322)) - Deleted chunk file /home/runner/work/ozone/ozone/hadoop-hdds/container-service/target/test-dir/TestBlockDeletingService/hdds/a3c22ecb-0de5-4562-b367-bb56fb3fee39/current/containerDir128/110753375490342912/chunks/110753375539822676_chunk_0_block_83 (size 100) for chunk ChunkInfo{chunkName='110753375539822676_chunk_0_block_83, offset=0, len=100}
2023-07-21 17:59:57,088 [BlockDeletingService#0] INFO  impl.FilePerChunkStrategy (FilePerChunkStrategy.java:deleteChunk(322)) - Deleted chunk file /home/runner/work/ozone/ozone/hadoop-hdds/container-service/target/test-dir/TestBlockDeletingService/hdds/a3c22ecb-0de5-4562-b367-bb56fb3fee39/current/containerDir128/110753375490342912/chunks/110753375540150357_chunk_0_block_84 (size 100) for chunk ChunkInfo{chunkName='110753375540150357_chunk_0_block_84, offset=0, len=100}
2023-07-21 17:59:57,089 [BlockDeletingService#0] INFO  impl.FilePerChunkStrategy (FilePerChunkStrategy.java:deleteChunk(322)) - Deleted chunk file /home/runner/work/ozone/ozone/hadoop-hdds/container-service/target/test-dir/TestBlockDeletingService/hdds/a3c22ecb-0de5-4562-b367-bb56fb3fee39/current/containerDir128/110753375490342912/chunks/110753375540215894_chunk_0_block_85 (size 100) for chunk ChunkInfo{chunkName='110753375540215894_chunk_0_block_85, offset=0, len=100}
2023-07-21 17:59:57,089 [BlockDeletingService#0] INFO  impl.FilePerChunkStrategy (FilePerChunkStrategy.java:deleteChunk(322)) - Deleted chunk file /home/runner/work/ozone/ozone/hadoop-hdds/container-service/target/test-dir/TestBlockDeletingService/hdds/a3c22ecb-0de5-4562-b367-bb56fb3fee39/current/containerDir128/110753375490342912/chunks/110753375540478039_chunk_0_block_86 (size 100) for chunk ChunkInfo{chunkName='110753375540478039_chunk_0_block_86, offset=0, len=100}
2023-07-21 17:59:57,090 [BlockDeletingService#0] INFO  impl.FilePerChunkStrategy (FilePerChunkStrategy.java:deleteChunk(322)) - Deleted chunk file /home/runner/work/ozone/ozone/hadoop-hdds/container-service/target/test-dir/TestBlockDeletingService/hdds/a3c22ecb-0de5-4562-b367-bb56fb3fee39/current/containerDir128/110753375490342912/chunks/110753375540543576_chunk_0_block_87 (size 100) for chunk ChunkInfo{chunkName='110753375540543576_chunk_0_block_87, offset=0, len=100}
2023-07-21 17:59:57,090 [BlockDeletingService#0] INFO  impl.FilePerChunkStrategy (FilePerChunkStrategy.java:deleteChunk(322)) - Deleted chunk file /home/runner/work/ozone/ozone/hadoop-hdds/container-service/target/test-dir/TestBlockDeletingService/hdds/a3c22ecb-0de5-4562-b367-bb56fb3fee39/current/containerDir128/110753375490342912/chunks/110753375540609113_chunk_0_block_88 (size 100) for chunk ChunkInfo{chunkName='110753375540609113_chunk_0_block_88, offset=0, len=100}
2023-07-21 17:59:57,090 [BlockDeletingService#0] INFO  impl.FilePerChunkStrategy (FilePerChunkStrategy.java:deleteChunk(322)) - Deleted chunk file /home/runner/work/ozone/ozone/hadoop-hdds/container-service/target/test-dir/TestBlockDeletingService/hdds/a3c22ecb-0de5-4562-b367-bb56fb3fee39/current/containerDir128/110753375490342912/chunks/110753375540740186_chunk_0_block_89 (size 100) for chunk ChunkInfo{chunkName='110753375540740186_chunk_0_block_89, offset=0, len=100}
2023-07-21 17:59:57,091 [BlockDeletingService#0] INFO  impl.FilePerChunkStrategy (FilePerChunkStrategy.java:deleteChunk(322)) - Deleted chunk file /home/runner/work/ozone/ozone/hadoop-hdds/container-service/target/test-dir/TestBlockDeletingService/hdds/a3c22ecb-0de5-4562-b367-bb56fb3fee39/current/containerDir128/110753375490342912/chunks/110753375541002331_chunk_0_block_90 (size 100) for chunk ChunkInfo{chunkName='110753375541002331_chunk_0_block_90, offset=0, len=100}
2023-07-21 17:59:57,091 [BlockDeletingService#0] INFO  impl.FilePerChunkStrategy (FilePerChunkStrategy.java:deleteChunk(322)) - Deleted chunk file /home/runner/work/ozone/ozone/hadoop-hdds/container-service/target/test-dir/TestBlockDeletingService/hdds/a3c22ecb-0de5-4562-b367-bb56fb3fee39/current/containerDir128/110753375490342912/chunks/110753375541067868_chunk_0_block_91 (size 100) for chunk ChunkInfo{chunkName='110753375541067868_chunk_0_block_91, offset=0, len=100}
2023-07-21 17:59:57,091 [BlockDeletingService#0] INFO  impl.FilePerChunkStrategy (FilePerChunkStrategy.java:deleteChunk(322)) - Deleted chunk file /home/runner/work/ozone/ozone/hadoop-hdds/container-service/target/test-dir/TestBlockDeletingService/hdds/a3c22ecb-0de5-4562-b367-bb56fb3fee39/current/containerDir128/110753375490342912/chunks/110753375541264477_chunk_0_block_92 (size 100) for chunk ChunkInfo{chunkName='110753375541264477_chunk_0_block_92, offset=0, len=100}
2023-07-21 17:59:57,092 [BlockDeletingService#0] INFO  impl.FilePerChunkStrategy (FilePerChunkStrategy.java:deleteChunk(322)) - Deleted chunk file /home/runner/work/ozone/ozone/hadoop-hdds/container-service/target/test-dir/TestBlockDeletingService/hdds/a3c22ecb-0de5-4562-b367-bb56fb3fee39/current/containerDir128/110753375490342912/chunks/110753375541330014_chunk_0_block_93 (size 100) for chunk ChunkInfo{chunkName='110753375541330014_chunk_0_block_93, offset=0, len=100}
2023-07-21 17:59:57,092 [BlockDeletingService#0] INFO  impl.FilePerChunkStrategy (FilePerChunkStrategy.java:deleteChunk(322)) - Deleted chunk file /home/runner/work/ozone/ozone/hadoop-hdds/container-service/target/test-dir/TestBlockDeletingService/hdds/a3c22ecb-0de5-4562-b367-bb56fb3fee39/current/containerDir128/110753375490342912/chunks/110753375541395551_chunk_0_block_94 (size 100) for chunk ChunkInfo{chunkName='110753375541395551_chunk_0_block_94, offset=0, len=100}
2023-07-21 17:59:57,093 [BlockDeletingService#0] INFO  impl.FilePerChunkStrategy (FilePerChunkStrategy.java:deleteChunk(322)) - Deleted chunk file /home/runner/work/ozone/ozone/hadoop-hdds/container-service/target/test-dir/TestBlockDeletingService/hdds/a3c22ecb-0de5-4562-b367-bb56fb3fee39/current/containerDir128/110753375490342912/chunks/110753375541461088_chunk_0_block_95 (size 100) for chunk ChunkInfo{chunkName='110753375541461088_chunk_0_block_95, offset=0, len=100}
2023-07-21 17:59:57,098 [BlockDeletingService#0] INFO  impl.FilePerChunkStrategy (FilePerChunkStrategy.java:deleteChunk(322)) - Deleted chunk file /home/runner/work/ozone/ozone/hadoop-hdds/container-service/target/test-dir/TestBlockDeletingService/hdds/a3c22ecb-0de5-4562-b367-bb56fb3fee39/current/containerDir128/110753375490342912/chunks/110753375541723233_chunk_0_block_96 (size 100) for chunk ChunkInfo{chunkName='110753375541723233_chunk_0_block_96, offset=0, len=100}
2023-07-21 17:59:57,100 [BlockDeletingService#0] INFO  impl.FilePerChunkStrategy (FilePerChunkStrategy.java:deleteChunk(322)) - Deleted chunk file /home/runner/work/ozone/ozone/hadoop-hdds/container-service/target/test-dir/TestBlockDeletingService/hdds/a3c22ecb-0de5-4562-b367-bb56fb3fee39/current/containerDir128/110753375490342912/chunks/110753375541854306_chunk_0_block_97 (size 100) for chunk ChunkInfo{chunkName='110753375541854306_chunk_0_block_97, offset=0, len=100}
2023-07-21 17:59:57,100 [BlockDeletingService#0] INFO  impl.FilePerChunkStrategy (FilePerChunkStrategy.java:deleteChunk(322)) - Deleted chunk file /home/runner/work/ozone/ozone/hadoop-hdds/container-service/target/test-dir/TestBlockDeletingService/hdds/a3c22ecb-0de5-4562-b367-bb56fb3fee39/current/containerDir128/110753375490342912/chunks/110753375541919843_chunk_0_block_98 (size 100) for chunk ChunkInfo{chunkName='110753375541919843_chunk_0_block_98, offset=0, len=100}
2023-07-21 17:59:57,100 [BlockDeletingService#0] INFO  impl.FilePerChunkStrategy (FilePerChunkStrategy.java:deleteChunk(322)) - Deleted chunk file /home/runner/work/ozone/ozone/hadoop-hdds/container-service/target/test-dir/TestBlockDeletingService/hdds/a3c22ecb-0de5-4562-b367-bb56fb3fee39/current/containerDir128/110753375490342912/chunks/110753375542050916_chunk_0_block_99 (size 100) for chunk ChunkInfo{chunkName='110753375542050916_chunk_0_block_99, offset=0, len=100}
2023-07-21 17:59:57,156 [BlockDeletingService#0] WARN  utils.BackgroundService (BackgroundService.java:lambda$run$0(130)) - BlockDeletingService Background task execution took 165750053ns > 0ns(timeout)
]]></system-out>
  </testcase>
  <testcase name="testShutdownService" classname="TestBlockDeletingService" time="0.552">
    <system-out><![CDATA[2023-07-21 17:59:59,933 [main] INFO  volume.HddsVolume (HddsVolume.java:<init>(126)) - Creating HddsVolume: /home/runner/work/ozone/ozone/hadoop-hdds/container-service/target/test-dir/TestBlockDeletingService/hdds of storage type : DISK capacity : 9223372036854775807
2023-07-21 17:59:59,934 [main] INFO  volume.MutableVolumeSet (MutableVolumeSet.java:initializeVolumeSet(175)) - Added Volume : /home/runner/work/ozone/ozone/hadoop-hdds/container-service/target/test-dir/TestBlockDeletingService/hdds to VolumeSet
2023-07-21 18:00:00,269 [BlockDeletingService#0] INFO  interfaces.ContainerDeletionChoosingPolicyTemplate (ContainerDeletionChoosingPolicyTemplate.java:chooseContainerForBlockDeletion(83)) - Chosen 100/4900 blocks from 1 candidate containers.
2023-07-21 18:00:00,276 [BlockDeletingService#0] INFO  impl.FilePerChunkStrategy (FilePerChunkStrategy.java:deleteChunk(322)) - Deleted chunk file /home/runner/work/ozone/ozone/hadoop-hdds/container-service/target/test-dir/TestBlockDeletingService/hdds/2a6b1f4f-8189-45b0-a087-04906653a56b/current/containerDir0/110753375845220481/chunks/110753375848300674_chunk_0_block_0 (size 100) for chunk ChunkInfo{chunkName='110753375848300674_chunk_0_block_0, offset=0, len=100}
2023-07-21 18:00:00,276 [BlockDeletingService#0] INFO  impl.FilePerChunkStrategy (FilePerChunkStrategy.java:deleteChunk(322)) - Deleted chunk file /home/runner/work/ozone/ozone/hadoop-hdds/container-service/target/test-dir/TestBlockDeletingService/hdds/2a6b1f4f-8189-45b0-a087-04906653a56b/current/containerDir0/110753375845220481/chunks/110753375848366211_chunk_0_block_1 (size 100) for chunk ChunkInfo{chunkName='110753375848366211_chunk_0_block_1, offset=0, len=100}
2023-07-21 18:00:00,277 [BlockDeletingService#0] INFO  impl.FilePerChunkStrategy (FilePerChunkStrategy.java:deleteChunk(322)) - Deleted chunk file /home/runner/work/ozone/ozone/hadoop-hdds/container-service/target/test-dir/TestBlockDeletingService/hdds/2a6b1f4f-8189-45b0-a087-04906653a56b/current/containerDir0/110753375845220481/chunks/110753375848562820_chunk_0_block_2 (size 100) for chunk ChunkInfo{chunkName='110753375848562820_chunk_0_block_2, offset=0, len=100}
2023-07-21 18:00:00,277 [BlockDeletingService#0] INFO  impl.FilePerChunkStrategy (FilePerChunkStrategy.java:deleteChunk(322)) - Deleted chunk file /home/runner/work/ozone/ozone/hadoop-hdds/container-service/target/test-dir/TestBlockDeletingService/hdds/2a6b1f4f-8189-45b0-a087-04906653a56b/current/containerDir0/110753375845220481/chunks/110753375848628357_chunk_0_block_3 (size 100) for chunk ChunkInfo{chunkName='110753375848628357_chunk_0_block_3, offset=0, len=100}
2023-07-21 18:00:00,277 [BlockDeletingService#0] INFO  impl.FilePerChunkStrategy (FilePerChunkStrategy.java:deleteChunk(322)) - Deleted chunk file /home/runner/work/ozone/ozone/hadoop-hdds/container-service/target/test-dir/TestBlockDeletingService/hdds/2a6b1f4f-8189-45b0-a087-04906653a56b/current/containerDir0/110753375845220481/chunks/110753375848693894_chunk_0_block_4 (size 100) for chunk ChunkInfo{chunkName='110753375848693894_chunk_0_block_4, offset=0, len=100}
2023-07-21 18:00:00,278 [BlockDeletingService#0] INFO  impl.FilePerChunkStrategy (FilePerChunkStrategy.java:deleteChunk(322)) - Deleted chunk file /home/runner/work/ozone/ozone/hadoop-hdds/container-service/target/test-dir/TestBlockDeletingService/hdds/2a6b1f4f-8189-45b0-a087-04906653a56b/current/containerDir0/110753375845220481/chunks/110753375848824967_chunk_0_block_5 (size 100) for chunk ChunkInfo{chunkName='110753375848824967_chunk_0_block_5, offset=0, len=100}
2023-07-21 18:00:00,278 [BlockDeletingService#0] INFO  impl.FilePerChunkStrategy (FilePerChunkStrategy.java:deleteChunk(322)) - Deleted chunk file /home/runner/work/ozone/ozone/hadoop-hdds/container-service/target/test-dir/TestBlockDeletingService/hdds/2a6b1f4f-8189-45b0-a087-04906653a56b/current/containerDir0/110753375845220481/chunks/110753375848890504_chunk_0_block_6 (size 100) for chunk ChunkInfo{chunkName='110753375848890504_chunk_0_block_6, offset=0, len=100}
2023-07-21 18:00:00,278 [BlockDeletingService#0] INFO  impl.FilePerChunkStrategy (FilePerChunkStrategy.java:deleteChunk(322)) - Deleted chunk file /home/runner/work/ozone/ozone/hadoop-hdds/container-service/target/test-dir/TestBlockDeletingService/hdds/2a6b1f4f-8189-45b0-a087-04906653a56b/current/containerDir0/110753375845220481/chunks/110753375848956041_chunk_0_block_7 (size 100) for chunk ChunkInfo{chunkName='110753375848956041_chunk_0_block_7, offset=0, len=100}
2023-07-21 18:00:00,279 [BlockDeletingService#0] INFO  impl.FilePerChunkStrategy (FilePerChunkStrategy.java:deleteChunk(322)) - Deleted chunk file /home/runner/work/ozone/ozone/hadoop-hdds/container-service/target/test-dir/TestBlockDeletingService/hdds/2a6b1f4f-8189-45b0-a087-04906653a56b/current/containerDir0/110753375845220481/chunks/110753375849021578_chunk_0_block_8 (size 100) for chunk ChunkInfo{chunkName='110753375849021578_chunk_0_block_8, offset=0, len=100}
2023-07-21 18:00:00,279 [BlockDeletingService#0] INFO  impl.FilePerChunkStrategy (FilePerChunkStrategy.java:deleteChunk(322)) - Deleted chunk file /home/runner/work/ozone/ozone/hadoop-hdds/container-service/target/test-dir/TestBlockDeletingService/hdds/2a6b1f4f-8189-45b0-a087-04906653a56b/current/containerDir0/110753375845220481/chunks/110753375849152651_chunk_0_block_9 (size 100) for chunk ChunkInfo{chunkName='110753375849152651_chunk_0_block_9, offset=0, len=100}
2023-07-21 18:00:00,279 [BlockDeletingService#0] INFO  impl.FilePerChunkStrategy (FilePerChunkStrategy.java:deleteChunk(322)) - Deleted chunk file /home/runner/work/ozone/ozone/hadoop-hdds/container-service/target/test-dir/TestBlockDeletingService/hdds/2a6b1f4f-8189-45b0-a087-04906653a56b/current/containerDir0/110753375845220481/chunks/110753375849218188_chunk_0_block_10 (size 100) for chunk ChunkInfo{chunkName='110753375849218188_chunk_0_block_10, offset=0, len=100}
2023-07-21 18:00:00,280 [BlockDeletingService#0] INFO  impl.FilePerChunkStrategy (FilePerChunkStrategy.java:deleteChunk(322)) - Deleted chunk file /home/runner/work/ozone/ozone/hadoop-hdds/container-service/target/test-dir/TestBlockDeletingService/hdds/2a6b1f4f-8189-45b0-a087-04906653a56b/current/containerDir0/110753375845220481/chunks/110753375849545869_chunk_0_block_11 (size 100) for chunk ChunkInfo{chunkName='110753375849545869_chunk_0_block_11, offset=0, len=100}
2023-07-21 18:00:00,280 [BlockDeletingService#0] INFO  impl.FilePerChunkStrategy (FilePerChunkStrategy.java:deleteChunk(322)) - Deleted chunk file /home/runner/work/ozone/ozone/hadoop-hdds/container-service/target/test-dir/TestBlockDeletingService/hdds/2a6b1f4f-8189-45b0-a087-04906653a56b/current/containerDir0/110753375845220481/chunks/110753375849676942_chunk_0_block_12 (size 100) for chunk ChunkInfo{chunkName='110753375849676942_chunk_0_block_12, offset=0, len=100}
2023-07-21 18:00:00,280 [BlockDeletingService#0] INFO  impl.FilePerChunkStrategy (FilePerChunkStrategy.java:deleteChunk(322)) - Deleted chunk file /home/runner/work/ozone/ozone/hadoop-hdds/container-service/target/test-dir/TestBlockDeletingService/hdds/2a6b1f4f-8189-45b0-a087-04906653a56b/current/containerDir0/110753375845220481/chunks/110753375849742479_chunk_0_block_13 (size 100) for chunk ChunkInfo{chunkName='110753375849742479_chunk_0_block_13, offset=0, len=100}
2023-07-21 18:00:00,281 [BlockDeletingService#0] INFO  impl.FilePerChunkStrategy (FilePerChunkStrategy.java:deleteChunk(322)) - Deleted chunk file /home/runner/work/ozone/ozone/hadoop-hdds/container-service/target/test-dir/TestBlockDeletingService/hdds/2a6b1f4f-8189-45b0-a087-04906653a56b/current/containerDir0/110753375845220481/chunks/110753375849939088_chunk_0_block_14 (size 100) for chunk ChunkInfo{chunkName='110753375849939088_chunk_0_block_14, offset=0, len=100}
2023-07-21 18:00:00,281 [BlockDeletingService#0] INFO  impl.FilePerChunkStrategy (FilePerChunkStrategy.java:deleteChunk(322)) - Deleted chunk file /home/runner/work/ozone/ozone/hadoop-hdds/container-service/target/test-dir/TestBlockDeletingService/hdds/2a6b1f4f-8189-45b0-a087-04906653a56b/current/containerDir0/110753375845220481/chunks/110753375850004625_chunk_0_block_15 (size 100) for chunk ChunkInfo{chunkName='110753375850004625_chunk_0_block_15, offset=0, len=100}
2023-07-21 18:00:00,281 [BlockDeletingService#0] INFO  impl.FilePerChunkStrategy (FilePerChunkStrategy.java:deleteChunk(322)) - Deleted chunk file /home/runner/work/ozone/ozone/hadoop-hdds/container-service/target/test-dir/TestBlockDeletingService/hdds/2a6b1f4f-8189-45b0-a087-04906653a56b/current/containerDir0/110753375845220481/chunks/110753375850070162_chunk_0_block_16 (size 100) for chunk ChunkInfo{chunkName='110753375850070162_chunk_0_block_16, offset=0, len=100}
2023-07-21 18:00:00,282 [BlockDeletingService#0] INFO  impl.FilePerChunkStrategy (FilePerChunkStrategy.java:deleteChunk(322)) - Deleted chunk file /home/runner/work/ozone/ozone/hadoop-hdds/container-service/target/test-dir/TestBlockDeletingService/hdds/2a6b1f4f-8189-45b0-a087-04906653a56b/current/containerDir0/110753375845220481/chunks/110753375850201235_chunk_0_block_17 (size 100) for chunk ChunkInfo{chunkName='110753375850201235_chunk_0_block_17, offset=0, len=100}
2023-07-21 18:00:00,282 [BlockDeletingService#0] INFO  impl.FilePerChunkStrategy (FilePerChunkStrategy.java:deleteChunk(322)) - Deleted chunk file /home/runner/work/ozone/ozone/hadoop-hdds/container-service/target/test-dir/TestBlockDeletingService/hdds/2a6b1f4f-8189-45b0-a087-04906653a56b/current/containerDir0/110753375845220481/chunks/110753375850266772_chunk_0_block_18 (size 100) for chunk ChunkInfo{chunkName='110753375850266772_chunk_0_block_18, offset=0, len=100}
2023-07-21 18:00:00,282 [BlockDeletingService#0] INFO  impl.FilePerChunkStrategy (FilePerChunkStrategy.java:deleteChunk(322)) - Deleted chunk file /home/runner/work/ozone/ozone/hadoop-hdds/container-service/target/test-dir/TestBlockDeletingService/hdds/2a6b1f4f-8189-45b0-a087-04906653a56b/current/containerDir0/110753375845220481/chunks/110753375850397845_chunk_0_block_19 (size 100) for chunk ChunkInfo{chunkName='110753375850397845_chunk_0_block_19, offset=0, len=100}
2023-07-21 18:00:00,282 [BlockDeletingService#0] INFO  impl.FilePerChunkStrategy (FilePerChunkStrategy.java:deleteChunk(322)) - Deleted chunk file /home/runner/work/ozone/ozone/hadoop-hdds/container-service/target/test-dir/TestBlockDeletingService/hdds/2a6b1f4f-8189-45b0-a087-04906653a56b/current/containerDir0/110753375845220481/chunks/110753375850463382_chunk_0_block_20 (size 100) for chunk ChunkInfo{chunkName='110753375850463382_chunk_0_block_20, offset=0, len=100}
2023-07-21 18:00:00,283 [BlockDeletingService#0] INFO  impl.FilePerChunkStrategy (FilePerChunkStrategy.java:deleteChunk(322)) - Deleted chunk file /home/runner/work/ozone/ozone/hadoop-hdds/container-service/target/test-dir/TestBlockDeletingService/hdds/2a6b1f4f-8189-45b0-a087-04906653a56b/current/containerDir0/110753375845220481/chunks/110753375850528919_chunk_0_block_21 (size 100) for chunk ChunkInfo{chunkName='110753375850528919_chunk_0_block_21, offset=0, len=100}
2023-07-21 18:00:00,283 [BlockDeletingService#0] INFO  impl.FilePerChunkStrategy (FilePerChunkStrategy.java:deleteChunk(322)) - Deleted chunk file /home/runner/work/ozone/ozone/hadoop-hdds/container-service/target/test-dir/TestBlockDeletingService/hdds/2a6b1f4f-8189-45b0-a087-04906653a56b/current/containerDir0/110753375845220481/chunks/110753375850659992_chunk_0_block_22 (size 100) for chunk ChunkInfo{chunkName='110753375850659992_chunk_0_block_22, offset=0, len=100}
2023-07-21 18:00:00,283 [BlockDeletingService#0] INFO  impl.FilePerChunkStrategy (FilePerChunkStrategy.java:deleteChunk(322)) - Deleted chunk file /home/runner/work/ozone/ozone/hadoop-hdds/container-service/target/test-dir/TestBlockDeletingService/hdds/2a6b1f4f-8189-45b0-a087-04906653a56b/current/containerDir0/110753375845220481/chunks/110753375850725529_chunk_0_block_23 (size 100) for chunk ChunkInfo{chunkName='110753375850725529_chunk_0_block_23, offset=0, len=100}
2023-07-21 18:00:00,284 [BlockDeletingService#0] INFO  impl.FilePerChunkStrategy (FilePerChunkStrategy.java:deleteChunk(322)) - Deleted chunk file /home/runner/work/ozone/ozone/hadoop-hdds/container-service/target/test-dir/TestBlockDeletingService/hdds/2a6b1f4f-8189-45b0-a087-04906653a56b/current/containerDir0/110753375845220481/chunks/110753375850856602_chunk_0_block_24 (size 100) for chunk ChunkInfo{chunkName='110753375850856602_chunk_0_block_24, offset=0, len=100}
2023-07-21 18:00:00,284 [BlockDeletingService#0] INFO  impl.FilePerChunkStrategy (FilePerChunkStrategy.java:deleteChunk(322)) - Deleted chunk file /home/runner/work/ozone/ozone/hadoop-hdds/container-service/target/test-dir/TestBlockDeletingService/hdds/2a6b1f4f-8189-45b0-a087-04906653a56b/current/containerDir0/110753375845220481/chunks/110753375850922139_chunk_0_block_25 (size 100) for chunk ChunkInfo{chunkName='110753375850922139_chunk_0_block_25, offset=0, len=100}
2023-07-21 18:00:00,284 [BlockDeletingService#0] INFO  impl.FilePerChunkStrategy (FilePerChunkStrategy.java:deleteChunk(322)) - Deleted chunk file /home/runner/work/ozone/ozone/hadoop-hdds/container-service/target/test-dir/TestBlockDeletingService/hdds/2a6b1f4f-8189-45b0-a087-04906653a56b/current/containerDir0/110753375845220481/chunks/110753375850987676_chunk_0_block_26 (size 100) for chunk ChunkInfo{chunkName='110753375850987676_chunk_0_block_26, offset=0, len=100}
2023-07-21 18:00:00,284 [BlockDeletingService#0] INFO  impl.FilePerChunkStrategy (FilePerChunkStrategy.java:deleteChunk(322)) - Deleted chunk file /home/runner/work/ozone/ozone/hadoop-hdds/container-service/target/test-dir/TestBlockDeletingService/hdds/2a6b1f4f-8189-45b0-a087-04906653a56b/current/containerDir0/110753375845220481/chunks/110753375851118749_chunk_0_block_27 (size 100) for chunk ChunkInfo{chunkName='110753375851118749_chunk_0_block_27, offset=0, len=100}
2023-07-21 18:00:00,285 [BlockDeletingService#0] INFO  impl.FilePerChunkStrategy (FilePerChunkStrategy.java:deleteChunk(322)) - Deleted chunk file /home/runner/work/ozone/ozone/hadoop-hdds/container-service/target/test-dir/TestBlockDeletingService/hdds/2a6b1f4f-8189-45b0-a087-04906653a56b/current/containerDir0/110753375845220481/chunks/110753375851184286_chunk_0_block_28 (size 100) for chunk ChunkInfo{chunkName='110753375851184286_chunk_0_block_28, offset=0, len=100}
2023-07-21 18:00:00,285 [BlockDeletingService#0] INFO  impl.FilePerChunkStrategy (FilePerChunkStrategy.java:deleteChunk(322)) - Deleted chunk file /home/runner/work/ozone/ozone/hadoop-hdds/container-service/target/test-dir/TestBlockDeletingService/hdds/2a6b1f4f-8189-45b0-a087-04906653a56b/current/containerDir0/110753375845220481/chunks/110753375851249823_chunk_0_block_29 (size 100) for chunk ChunkInfo{chunkName='110753375851249823_chunk_0_block_29, offset=0, len=100}
2023-07-21 18:00:00,285 [BlockDeletingService#0] INFO  impl.FilePerChunkStrategy (FilePerChunkStrategy.java:deleteChunk(322)) - Deleted chunk file /home/runner/work/ozone/ozone/hadoop-hdds/container-service/target/test-dir/TestBlockDeletingService/hdds/2a6b1f4f-8189-45b0-a087-04906653a56b/current/containerDir0/110753375845220481/chunks/110753375851315360_chunk_0_block_30 (size 100) for chunk ChunkInfo{chunkName='110753375851315360_chunk_0_block_30, offset=0, len=100}
2023-07-21 18:00:00,286 [BlockDeletingService#0] INFO  impl.FilePerChunkStrategy (FilePerChunkStrategy.java:deleteChunk(322)) - Deleted chunk file /home/runner/work/ozone/ozone/hadoop-hdds/container-service/target/test-dir/TestBlockDeletingService/hdds/2a6b1f4f-8189-45b0-a087-04906653a56b/current/containerDir0/110753375845220481/chunks/110753375851446433_chunk_0_block_31 (size 100) for chunk ChunkInfo{chunkName='110753375851446433_chunk_0_block_31, offset=0, len=100}
2023-07-21 18:00:00,286 [BlockDeletingService#0] INFO  impl.FilePerChunkStrategy (FilePerChunkStrategy.java:deleteChunk(322)) - Deleted chunk file /home/runner/work/ozone/ozone/hadoop-hdds/container-service/target/test-dir/TestBlockDeletingService/hdds/2a6b1f4f-8189-45b0-a087-04906653a56b/current/containerDir0/110753375845220481/chunks/110753375851511970_chunk_0_block_32 (size 100) for chunk ChunkInfo{chunkName='110753375851511970_chunk_0_block_32, offset=0, len=100}
2023-07-21 18:00:00,286 [BlockDeletingService#0] INFO  impl.FilePerChunkStrategy (FilePerChunkStrategy.java:deleteChunk(322)) - Deleted chunk file /home/runner/work/ozone/ozone/hadoop-hdds/container-service/target/test-dir/TestBlockDeletingService/hdds/2a6b1f4f-8189-45b0-a087-04906653a56b/current/containerDir0/110753375845220481/chunks/110753375851577507_chunk_0_block_33 (size 100) for chunk ChunkInfo{chunkName='110753375851577507_chunk_0_block_33, offset=0, len=100}
2023-07-21 18:00:00,287 [BlockDeletingService#0] INFO  impl.FilePerChunkStrategy (FilePerChunkStrategy.java:deleteChunk(322)) - Deleted chunk file /home/runner/work/ozone/ozone/hadoop-hdds/container-service/target/test-dir/TestBlockDeletingService/hdds/2a6b1f4f-8189-45b0-a087-04906653a56b/current/containerDir0/110753375845220481/chunks/110753375851708580_chunk_0_block_34 (size 100) for chunk ChunkInfo{chunkName='110753375851708580_chunk_0_block_34, offset=0, len=100}
2023-07-21 18:00:00,287 [BlockDeletingService#0] INFO  impl.FilePerChunkStrategy (FilePerChunkStrategy.java:deleteChunk(322)) - Deleted chunk file /home/runner/work/ozone/ozone/hadoop-hdds/container-service/target/test-dir/TestBlockDeletingService/hdds/2a6b1f4f-8189-45b0-a087-04906653a56b/current/containerDir0/110753375845220481/chunks/110753375851774117_chunk_0_block_35 (size 100) for chunk ChunkInfo{chunkName='110753375851774117_chunk_0_block_35, offset=0, len=100}
2023-07-21 18:00:00,287 [BlockDeletingService#0] INFO  impl.FilePerChunkStrategy (FilePerChunkStrategy.java:deleteChunk(322)) - Deleted chunk file /home/runner/work/ozone/ozone/hadoop-hdds/container-service/target/test-dir/TestBlockDeletingService/hdds/2a6b1f4f-8189-45b0-a087-04906653a56b/current/containerDir0/110753375845220481/chunks/110753375851839654_chunk_0_block_36 (size 100) for chunk ChunkInfo{chunkName='110753375851839654_chunk_0_block_36, offset=0, len=100}
2023-07-21 18:00:00,287 [BlockDeletingService#0] INFO  impl.FilePerChunkStrategy (FilePerChunkStrategy.java:deleteChunk(322)) - Deleted chunk file /home/runner/work/ozone/ozone/hadoop-hdds/container-service/target/test-dir/TestBlockDeletingService/hdds/2a6b1f4f-8189-45b0-a087-04906653a56b/current/containerDir0/110753375845220481/chunks/110753375851970727_chunk_0_block_37 (size 100) for chunk ChunkInfo{chunkName='110753375851970727_chunk_0_block_37, offset=0, len=100}
2023-07-21 18:00:00,288 [BlockDeletingService#0] INFO  impl.FilePerChunkStrategy (FilePerChunkStrategy.java:deleteChunk(322)) - Deleted chunk file /home/runner/work/ozone/ozone/hadoop-hdds/container-service/target/test-dir/TestBlockDeletingService/hdds/2a6b1f4f-8189-45b0-a087-04906653a56b/current/containerDir0/110753375845220481/chunks/110753375852036264_chunk_0_block_38 (size 100) for chunk ChunkInfo{chunkName='110753375852036264_chunk_0_block_38, offset=0, len=100}
2023-07-21 18:00:00,288 [BlockDeletingService#0] INFO  impl.FilePerChunkStrategy (FilePerChunkStrategy.java:deleteChunk(322)) - Deleted chunk file /home/runner/work/ozone/ozone/hadoop-hdds/container-service/target/test-dir/TestBlockDeletingService/hdds/2a6b1f4f-8189-45b0-a087-04906653a56b/current/containerDir0/110753375845220481/chunks/110753375852101801_chunk_0_block_39 (size 100) for chunk ChunkInfo{chunkName='110753375852101801_chunk_0_block_39, offset=0, len=100}
2023-07-21 18:00:00,288 [BlockDeletingService#0] INFO  impl.FilePerChunkStrategy (FilePerChunkStrategy.java:deleteChunk(322)) - Deleted chunk file /home/runner/work/ozone/ozone/hadoop-hdds/container-service/target/test-dir/TestBlockDeletingService/hdds/2a6b1f4f-8189-45b0-a087-04906653a56b/current/containerDir0/110753375845220481/chunks/110753375852167338_chunk_0_block_40 (size 100) for chunk ChunkInfo{chunkName='110753375852167338_chunk_0_block_40, offset=0, len=100}
2023-07-21 18:00:00,288 [BlockDeletingService#0] INFO  impl.FilePerChunkStrategy (FilePerChunkStrategy.java:deleteChunk(322)) - Deleted chunk file /home/runner/work/ozone/ozone/hadoop-hdds/container-service/target/test-dir/TestBlockDeletingService/hdds/2a6b1f4f-8189-45b0-a087-04906653a56b/current/containerDir0/110753375845220481/chunks/110753375852298411_chunk_0_block_41 (size 100) for chunk ChunkInfo{chunkName='110753375852298411_chunk_0_block_41, offset=0, len=100}
2023-07-21 18:00:00,289 [BlockDeletingService#0] INFO  impl.FilePerChunkStrategy (FilePerChunkStrategy.java:deleteChunk(322)) - Deleted chunk file /home/runner/work/ozone/ozone/hadoop-hdds/container-service/target/test-dir/TestBlockDeletingService/hdds/2a6b1f4f-8189-45b0-a087-04906653a56b/current/containerDir0/110753375845220481/chunks/110753375852429484_chunk_0_block_42 (size 100) for chunk ChunkInfo{chunkName='110753375852429484_chunk_0_block_42, offset=0, len=100}
2023-07-21 18:00:00,289 [BlockDeletingService#0] INFO  impl.FilePerChunkStrategy (FilePerChunkStrategy.java:deleteChunk(322)) - Deleted chunk file /home/runner/work/ozone/ozone/hadoop-hdds/container-service/target/test-dir/TestBlockDeletingService/hdds/2a6b1f4f-8189-45b0-a087-04906653a56b/current/containerDir0/110753375845220481/chunks/110753375852560557_chunk_0_block_43 (size 100) for chunk ChunkInfo{chunkName='110753375852560557_chunk_0_block_43, offset=0, len=100}
2023-07-21 18:00:00,289 [BlockDeletingService#0] INFO  impl.FilePerChunkStrategy (FilePerChunkStrategy.java:deleteChunk(322)) - Deleted chunk file /home/runner/work/ozone/ozone/hadoop-hdds/container-service/target/test-dir/TestBlockDeletingService/hdds/2a6b1f4f-8189-45b0-a087-04906653a56b/current/containerDir0/110753375845220481/chunks/110753375852626094_chunk_0_block_44 (size 100) for chunk ChunkInfo{chunkName='110753375852626094_chunk_0_block_44, offset=0, len=100}
2023-07-21 18:00:00,289 [BlockDeletingService#0] INFO  impl.FilePerChunkStrategy (FilePerChunkStrategy.java:deleteChunk(322)) - Deleted chunk file /home/runner/work/ozone/ozone/hadoop-hdds/container-service/target/test-dir/TestBlockDeletingService/hdds/2a6b1f4f-8189-45b0-a087-04906653a56b/current/containerDir0/110753375845220481/chunks/110753375852691631_chunk_0_block_45 (size 100) for chunk ChunkInfo{chunkName='110753375852691631_chunk_0_block_45, offset=0, len=100}
2023-07-21 18:00:00,290 [BlockDeletingService#0] INFO  impl.FilePerChunkStrategy (FilePerChunkStrategy.java:deleteChunk(322)) - Deleted chunk file /home/runner/work/ozone/ozone/hadoop-hdds/container-service/target/test-dir/TestBlockDeletingService/hdds/2a6b1f4f-8189-45b0-a087-04906653a56b/current/containerDir0/110753375845220481/chunks/110753375852757168_chunk_0_block_46 (size 100) for chunk ChunkInfo{chunkName='110753375852757168_chunk_0_block_46, offset=0, len=100}
2023-07-21 18:00:00,290 [BlockDeletingService#0] INFO  impl.FilePerChunkStrategy (FilePerChunkStrategy.java:deleteChunk(322)) - Deleted chunk file /home/runner/work/ozone/ozone/hadoop-hdds/container-service/target/test-dir/TestBlockDeletingService/hdds/2a6b1f4f-8189-45b0-a087-04906653a56b/current/containerDir0/110753375845220481/chunks/110753375852888241_chunk_0_block_47 (size 100) for chunk ChunkInfo{chunkName='110753375852888241_chunk_0_block_47, offset=0, len=100}
2023-07-21 18:00:00,290 [BlockDeletingService#0] INFO  impl.FilePerChunkStrategy (FilePerChunkStrategy.java:deleteChunk(322)) - Deleted chunk file /home/runner/work/ozone/ozone/hadoop-hdds/container-service/target/test-dir/TestBlockDeletingService/hdds/2a6b1f4f-8189-45b0-a087-04906653a56b/current/containerDir0/110753375845220481/chunks/110753375852953778_chunk_0_block_48 (size 100) for chunk ChunkInfo{chunkName='110753375852953778_chunk_0_block_48, offset=0, len=100}
2023-07-21 18:00:00,291 [BlockDeletingService#0] INFO  impl.FilePerChunkStrategy (FilePerChunkStrategy.java:deleteChunk(322)) - Deleted chunk file /home/runner/work/ozone/ozone/hadoop-hdds/container-service/target/test-dir/TestBlockDeletingService/hdds/2a6b1f4f-8189-45b0-a087-04906653a56b/current/containerDir0/110753375845220481/chunks/110753375853019315_chunk_0_block_49 (size 100) for chunk ChunkInfo{chunkName='110753375853019315_chunk_0_block_49, offset=0, len=100}
2023-07-21 18:00:00,291 [BlockDeletingService#0] INFO  impl.FilePerChunkStrategy (FilePerChunkStrategy.java:deleteChunk(322)) - Deleted chunk file /home/runner/work/ozone/ozone/hadoop-hdds/container-service/target/test-dir/TestBlockDeletingService/hdds/2a6b1f4f-8189-45b0-a087-04906653a56b/current/containerDir0/110753375845220481/chunks/110753375853084852_chunk_0_block_50 (size 100) for chunk ChunkInfo{chunkName='110753375853084852_chunk_0_block_50, offset=0, len=100}
2023-07-21 18:00:00,291 [BlockDeletingService#0] INFO  impl.FilePerChunkStrategy (FilePerChunkStrategy.java:deleteChunk(322)) - Deleted chunk file /home/runner/work/ozone/ozone/hadoop-hdds/container-service/target/test-dir/TestBlockDeletingService/hdds/2a6b1f4f-8189-45b0-a087-04906653a56b/current/containerDir0/110753375845220481/chunks/110753375853150389_chunk_0_block_51 (size 100) for chunk ChunkInfo{chunkName='110753375853150389_chunk_0_block_51, offset=0, len=100}
2023-07-21 18:00:00,292 [BlockDeletingService#0] INFO  impl.FilePerChunkStrategy (FilePerChunkStrategy.java:deleteChunk(322)) - Deleted chunk file /home/runner/work/ozone/ozone/hadoop-hdds/container-service/target/test-dir/TestBlockDeletingService/hdds/2a6b1f4f-8189-45b0-a087-04906653a56b/current/containerDir0/110753375845220481/chunks/110753375853215926_chunk_0_block_52 (size 100) for chunk ChunkInfo{chunkName='110753375853215926_chunk_0_block_52, offset=0, len=100}
2023-07-21 18:00:00,292 [BlockDeletingService#0] INFO  impl.FilePerChunkStrategy (FilePerChunkStrategy.java:deleteChunk(322)) - Deleted chunk file /home/runner/work/ozone/ozone/hadoop-hdds/container-service/target/test-dir/TestBlockDeletingService/hdds/2a6b1f4f-8189-45b0-a087-04906653a56b/current/containerDir0/110753375845220481/chunks/110753375853281463_chunk_0_block_53 (size 100) for chunk ChunkInfo{chunkName='110753375853281463_chunk_0_block_53, offset=0, len=100}
2023-07-21 18:00:00,292 [BlockDeletingService#0] INFO  impl.FilePerChunkStrategy (FilePerChunkStrategy.java:deleteChunk(322)) - Deleted chunk file /home/runner/work/ozone/ozone/hadoop-hdds/container-service/target/test-dir/TestBlockDeletingService/hdds/2a6b1f4f-8189-45b0-a087-04906653a56b/current/containerDir0/110753375845220481/chunks/110753375853347000_chunk_0_block_54 (size 100) for chunk ChunkInfo{chunkName='110753375853347000_chunk_0_block_54, offset=0, len=100}
2023-07-21 18:00:00,292 [BlockDeletingService#0] INFO  impl.FilePerChunkStrategy (FilePerChunkStrategy.java:deleteChunk(322)) - Deleted chunk file /home/runner/work/ozone/ozone/hadoop-hdds/container-service/target/test-dir/TestBlockDeletingService/hdds/2a6b1f4f-8189-45b0-a087-04906653a56b/current/containerDir0/110753375845220481/chunks/110753375853478073_chunk_0_block_55 (size 100) for chunk ChunkInfo{chunkName='110753375853478073_chunk_0_block_55, offset=0, len=100}
2023-07-21 18:00:00,293 [BlockDeletingService#0] INFO  impl.FilePerChunkStrategy (FilePerChunkStrategy.java:deleteChunk(322)) - Deleted chunk file /home/runner/work/ozone/ozone/hadoop-hdds/container-service/target/test-dir/TestBlockDeletingService/hdds/2a6b1f4f-8189-45b0-a087-04906653a56b/current/containerDir0/110753375845220481/chunks/110753375853543610_chunk_0_block_56 (size 100) for chunk ChunkInfo{chunkName='110753375853543610_chunk_0_block_56, offset=0, len=100}
2023-07-21 18:00:00,293 [BlockDeletingService#0] INFO  impl.FilePerChunkStrategy (FilePerChunkStrategy.java:deleteChunk(322)) - Deleted chunk file /home/runner/work/ozone/ozone/hadoop-hdds/container-service/target/test-dir/TestBlockDeletingService/hdds/2a6b1f4f-8189-45b0-a087-04906653a56b/current/containerDir0/110753375845220481/chunks/110753375853609147_chunk_0_block_57 (size 100) for chunk ChunkInfo{chunkName='110753375853609147_chunk_0_block_57, offset=0, len=100}
2023-07-21 18:00:00,293 [BlockDeletingService#0] INFO  impl.FilePerChunkStrategy (FilePerChunkStrategy.java:deleteChunk(322)) - Deleted chunk file /home/runner/work/ozone/ozone/hadoop-hdds/container-service/target/test-dir/TestBlockDeletingService/hdds/2a6b1f4f-8189-45b0-a087-04906653a56b/current/containerDir0/110753375845220481/chunks/110753375853674684_chunk_0_block_58 (size 100) for chunk ChunkInfo{chunkName='110753375853674684_chunk_0_block_58, offset=0, len=100}
2023-07-21 18:00:00,293 [BlockDeletingService#0] INFO  impl.FilePerChunkStrategy (FilePerChunkStrategy.java:deleteChunk(322)) - Deleted chunk file /home/runner/work/ozone/ozone/hadoop-hdds/container-service/target/test-dir/TestBlockDeletingService/hdds/2a6b1f4f-8189-45b0-a087-04906653a56b/current/containerDir0/110753375845220481/chunks/110753375853740221_chunk_0_block_59 (size 100) for chunk ChunkInfo{chunkName='110753375853740221_chunk_0_block_59, offset=0, len=100}
2023-07-21 18:00:00,294 [BlockDeletingService#0] INFO  impl.FilePerChunkStrategy (FilePerChunkStrategy.java:deleteChunk(322)) - Deleted chunk file /home/runner/work/ozone/ozone/hadoop-hdds/container-service/target/test-dir/TestBlockDeletingService/hdds/2a6b1f4f-8189-45b0-a087-04906653a56b/current/containerDir0/110753375845220481/chunks/110753375853805758_chunk_0_block_60 (size 100) for chunk ChunkInfo{chunkName='110753375853805758_chunk_0_block_60, offset=0, len=100}
2023-07-21 18:00:00,294 [BlockDeletingService#0] INFO  impl.FilePerChunkStrategy (FilePerChunkStrategy.java:deleteChunk(322)) - Deleted chunk file /home/runner/work/ozone/ozone/hadoop-hdds/container-service/target/test-dir/TestBlockDeletingService/hdds/2a6b1f4f-8189-45b0-a087-04906653a56b/current/containerDir0/110753375845220481/chunks/110753375853871295_chunk_0_block_61 (size 100) for chunk ChunkInfo{chunkName='110753375853871295_chunk_0_block_61, offset=0, len=100}
2023-07-21 18:00:00,294 [BlockDeletingService#0] INFO  impl.FilePerChunkStrategy (FilePerChunkStrategy.java:deleteChunk(322)) - Deleted chunk file /home/runner/work/ozone/ozone/hadoop-hdds/container-service/target/test-dir/TestBlockDeletingService/hdds/2a6b1f4f-8189-45b0-a087-04906653a56b/current/containerDir0/110753375845220481/chunks/110753375853936832_chunk_0_block_62 (size 100) for chunk ChunkInfo{chunkName='110753375853936832_chunk_0_block_62, offset=0, len=100}
2023-07-21 18:00:00,294 [BlockDeletingService#0] INFO  impl.FilePerChunkStrategy (FilePerChunkStrategy.java:deleteChunk(322)) - Deleted chunk file /home/runner/work/ozone/ozone/hadoop-hdds/container-service/target/test-dir/TestBlockDeletingService/hdds/2a6b1f4f-8189-45b0-a087-04906653a56b/current/containerDir0/110753375845220481/chunks/110753375854002369_chunk_0_block_63 (size 100) for chunk ChunkInfo{chunkName='110753375854002369_chunk_0_block_63, offset=0, len=100}
2023-07-21 18:00:00,295 [BlockDeletingService#0] INFO  impl.FilePerChunkStrategy (FilePerChunkStrategy.java:deleteChunk(322)) - Deleted chunk file /home/runner/work/ozone/ozone/hadoop-hdds/container-service/target/test-dir/TestBlockDeletingService/hdds/2a6b1f4f-8189-45b0-a087-04906653a56b/current/containerDir0/110753375845220481/chunks/110753375854198978_chunk_0_block_64 (size 100) for chunk ChunkInfo{chunkName='110753375854198978_chunk_0_block_64, offset=0, len=100}
2023-07-21 18:00:00,295 [BlockDeletingService#0] INFO  impl.FilePerChunkStrategy (FilePerChunkStrategy.java:deleteChunk(322)) - Deleted chunk file /home/runner/work/ozone/ozone/hadoop-hdds/container-service/target/test-dir/TestBlockDeletingService/hdds/2a6b1f4f-8189-45b0-a087-04906653a56b/current/containerDir0/110753375845220481/chunks/110753375854264515_chunk_0_block_65 (size 100) for chunk ChunkInfo{chunkName='110753375854264515_chunk_0_block_65, offset=0, len=100}
2023-07-21 18:00:00,295 [BlockDeletingService#0] INFO  impl.FilePerChunkStrategy (FilePerChunkStrategy.java:deleteChunk(322)) - Deleted chunk file /home/runner/work/ozone/ozone/hadoop-hdds/container-service/target/test-dir/TestBlockDeletingService/hdds/2a6b1f4f-8189-45b0-a087-04906653a56b/current/containerDir0/110753375845220481/chunks/110753375854395588_chunk_0_block_66 (size 100) for chunk ChunkInfo{chunkName='110753375854395588_chunk_0_block_66, offset=0, len=100}
2023-07-21 18:00:00,295 [BlockDeletingService#0] INFO  impl.FilePerChunkStrategy (FilePerChunkStrategy.java:deleteChunk(322)) - Deleted chunk file /home/runner/work/ozone/ozone/hadoop-hdds/container-service/target/test-dir/TestBlockDeletingService/hdds/2a6b1f4f-8189-45b0-a087-04906653a56b/current/containerDir0/110753375845220481/chunks/110753375854461125_chunk_0_block_67 (size 100) for chunk ChunkInfo{chunkName='110753375854461125_chunk_0_block_67, offset=0, len=100}
2023-07-21 18:00:00,295 [BlockDeletingService#0] INFO  impl.FilePerChunkStrategy (FilePerChunkStrategy.java:deleteChunk(322)) - Deleted chunk file /home/runner/work/ozone/ozone/hadoop-hdds/container-service/target/test-dir/TestBlockDeletingService/hdds/2a6b1f4f-8189-45b0-a087-04906653a56b/current/containerDir0/110753375845220481/chunks/110753375854526662_chunk_0_block_68 (size 100) for chunk ChunkInfo{chunkName='110753375854526662_chunk_0_block_68, offset=0, len=100}
2023-07-21 18:00:00,296 [BlockDeletingService#0] INFO  impl.FilePerChunkStrategy (FilePerChunkStrategy.java:deleteChunk(322)) - Deleted chunk file /home/runner/work/ozone/ozone/hadoop-hdds/container-service/target/test-dir/TestBlockDeletingService/hdds/2a6b1f4f-8189-45b0-a087-04906653a56b/current/containerDir0/110753375845220481/chunks/110753375854592199_chunk_0_block_69 (size 100) for chunk ChunkInfo{chunkName='110753375854592199_chunk_0_block_69, offset=0, len=100}
2023-07-21 18:00:00,296 [BlockDeletingService#0] INFO  impl.FilePerChunkStrategy (FilePerChunkStrategy.java:deleteChunk(322)) - Deleted chunk file /home/runner/work/ozone/ozone/hadoop-hdds/container-service/target/test-dir/TestBlockDeletingService/hdds/2a6b1f4f-8189-45b0-a087-04906653a56b/current/containerDir0/110753375845220481/chunks/110753375854657736_chunk_0_block_70 (size 100) for chunk ChunkInfo{chunkName='110753375854657736_chunk_0_block_70, offset=0, len=100}
2023-07-21 18:00:00,296 [BlockDeletingService#0] INFO  impl.FilePerChunkStrategy (FilePerChunkStrategy.java:deleteChunk(322)) - Deleted chunk file /home/runner/work/ozone/ozone/hadoop-hdds/container-service/target/test-dir/TestBlockDeletingService/hdds/2a6b1f4f-8189-45b0-a087-04906653a56b/current/containerDir0/110753375845220481/chunks/110753375854788809_chunk_0_block_71 (size 100) for chunk ChunkInfo{chunkName='110753375854788809_chunk_0_block_71, offset=0, len=100}
2023-07-21 18:00:00,297 [BlockDeletingService#0] INFO  impl.FilePerChunkStrategy (FilePerChunkStrategy.java:deleteChunk(322)) - Deleted chunk file /home/runner/work/ozone/ozone/hadoop-hdds/container-service/target/test-dir/TestBlockDeletingService/hdds/2a6b1f4f-8189-45b0-a087-04906653a56b/current/containerDir0/110753375845220481/chunks/110753375854854346_chunk_0_block_72 (size 100) for chunk ChunkInfo{chunkName='110753375854854346_chunk_0_block_72, offset=0, len=100}
2023-07-21 18:00:00,297 [BlockDeletingService#0] INFO  impl.FilePerChunkStrategy (FilePerChunkStrategy.java:deleteChunk(322)) - Deleted chunk file /home/runner/work/ozone/ozone/hadoop-hdds/container-service/target/test-dir/TestBlockDeletingService/hdds/2a6b1f4f-8189-45b0-a087-04906653a56b/current/containerDir0/110753375845220481/chunks/110753375854919883_chunk_0_block_73 (size 100) for chunk ChunkInfo{chunkName='110753375854919883_chunk_0_block_73, offset=0, len=100}
2023-07-21 18:00:00,297 [BlockDeletingService#0] INFO  impl.FilePerChunkStrategy (FilePerChunkStrategy.java:deleteChunk(322)) - Deleted chunk file /home/runner/work/ozone/ozone/hadoop-hdds/container-service/target/test-dir/TestBlockDeletingService/hdds/2a6b1f4f-8189-45b0-a087-04906653a56b/current/containerDir0/110753375845220481/chunks/110753375855050956_chunk_0_block_74 (size 100) for chunk ChunkInfo{chunkName='110753375855050956_chunk_0_block_74, offset=0, len=100}
2023-07-21 18:00:00,297 [BlockDeletingService#0] INFO  impl.FilePerChunkStrategy (FilePerChunkStrategy.java:deleteChunk(322)) - Deleted chunk file /home/runner/work/ozone/ozone/hadoop-hdds/container-service/target/test-dir/TestBlockDeletingService/hdds/2a6b1f4f-8189-45b0-a087-04906653a56b/current/containerDir0/110753375845220481/chunks/110753375855116493_chunk_0_block_75 (size 100) for chunk ChunkInfo{chunkName='110753375855116493_chunk_0_block_75, offset=0, len=100}
2023-07-21 18:00:00,298 [BlockDeletingService#0] INFO  impl.FilePerChunkStrategy (FilePerChunkStrategy.java:deleteChunk(322)) - Deleted chunk file /home/runner/work/ozone/ozone/hadoop-hdds/container-service/target/test-dir/TestBlockDeletingService/hdds/2a6b1f4f-8189-45b0-a087-04906653a56b/current/containerDir0/110753375845220481/chunks/110753375855182030_chunk_0_block_76 (size 100) for chunk ChunkInfo{chunkName='110753375855182030_chunk_0_block_76, offset=0, len=100}
2023-07-21 18:00:00,298 [BlockDeletingService#0] INFO  impl.FilePerChunkStrategy (FilePerChunkStrategy.java:deleteChunk(322)) - Deleted chunk file /home/runner/work/ozone/ozone/hadoop-hdds/container-service/target/test-dir/TestBlockDeletingService/hdds/2a6b1f4f-8189-45b0-a087-04906653a56b/current/containerDir0/110753375845220481/chunks/110753375855247567_chunk_0_block_77 (size 100) for chunk ChunkInfo{chunkName='110753375855247567_chunk_0_block_77, offset=0, len=100}
2023-07-21 18:00:00,298 [BlockDeletingService#0] INFO  impl.FilePerChunkStrategy (FilePerChunkStrategy.java:deleteChunk(322)) - Deleted chunk file /home/runner/work/ozone/ozone/hadoop-hdds/container-service/target/test-dir/TestBlockDeletingService/hdds/2a6b1f4f-8189-45b0-a087-04906653a56b/current/containerDir0/110753375845220481/chunks/110753375855313104_chunk_0_block_78 (size 100) for chunk ChunkInfo{chunkName='110753375855313104_chunk_0_block_78, offset=0, len=100}
2023-07-21 18:00:00,299 [BlockDeletingService#0] INFO  impl.FilePerChunkStrategy (FilePerChunkStrategy.java:deleteChunk(322)) - Deleted chunk file /home/runner/work/ozone/ozone/hadoop-hdds/container-service/target/test-dir/TestBlockDeletingService/hdds/2a6b1f4f-8189-45b0-a087-04906653a56b/current/containerDir0/110753375845220481/chunks/110753375855444177_chunk_0_block_79 (size 100) for chunk ChunkInfo{chunkName='110753375855444177_chunk_0_block_79, offset=0, len=100}
2023-07-21 18:00:00,299 [BlockDeletingService#0] INFO  impl.FilePerChunkStrategy (FilePerChunkStrategy.java:deleteChunk(322)) - Deleted chunk file /home/runner/work/ozone/ozone/hadoop-hdds/container-service/target/test-dir/TestBlockDeletingService/hdds/2a6b1f4f-8189-45b0-a087-04906653a56b/current/containerDir0/110753375845220481/chunks/110753375855509714_chunk_0_block_80 (size 100) for chunk ChunkInfo{chunkName='110753375855509714_chunk_0_block_80, offset=0, len=100}
2023-07-21 18:00:00,299 [BlockDeletingService#0] INFO  impl.FilePerChunkStrategy (FilePerChunkStrategy.java:deleteChunk(322)) - Deleted chunk file /home/runner/work/ozone/ozone/hadoop-hdds/container-service/target/test-dir/TestBlockDeletingService/hdds/2a6b1f4f-8189-45b0-a087-04906653a56b/current/containerDir0/110753375845220481/chunks/110753375855575251_chunk_0_block_81 (size 100) for chunk ChunkInfo{chunkName='110753375855575251_chunk_0_block_81, offset=0, len=100}
2023-07-21 18:00:00,299 [BlockDeletingService#0] INFO  impl.FilePerChunkStrategy (FilePerChunkStrategy.java:deleteChunk(322)) - Deleted chunk file /home/runner/work/ozone/ozone/hadoop-hdds/container-service/target/test-dir/TestBlockDeletingService/hdds/2a6b1f4f-8189-45b0-a087-04906653a56b/current/containerDir0/110753375845220481/chunks/110753375855640788_chunk_0_block_82 (size 100) for chunk ChunkInfo{chunkName='110753375855640788_chunk_0_block_82, offset=0, len=100}
2023-07-21 18:00:00,300 [BlockDeletingService#0] INFO  impl.FilePerChunkStrategy (FilePerChunkStrategy.java:deleteChunk(322)) - Deleted chunk file /home/runner/work/ozone/ozone/hadoop-hdds/container-service/target/test-dir/TestBlockDeletingService/hdds/2a6b1f4f-8189-45b0-a087-04906653a56b/current/containerDir0/110753375845220481/chunks/110753375855640789_chunk_0_block_83 (size 100) for chunk ChunkInfo{chunkName='110753375855640789_chunk_0_block_83, offset=0, len=100}
2023-07-21 18:00:00,300 [BlockDeletingService#0] INFO  impl.FilePerChunkStrategy (FilePerChunkStrategy.java:deleteChunk(322)) - Deleted chunk file /home/runner/work/ozone/ozone/hadoop-hdds/container-service/target/test-dir/TestBlockDeletingService/hdds/2a6b1f4f-8189-45b0-a087-04906653a56b/current/containerDir0/110753375845220481/chunks/110753375855706326_chunk_0_block_84 (size 100) for chunk ChunkInfo{chunkName='110753375855706326_chunk_0_block_84, offset=0, len=100}
2023-07-21 18:00:00,300 [BlockDeletingService#0] INFO  impl.FilePerChunkStrategy (FilePerChunkStrategy.java:deleteChunk(322)) - Deleted chunk file /home/runner/work/ozone/ozone/hadoop-hdds/container-service/target/test-dir/TestBlockDeletingService/hdds/2a6b1f4f-8189-45b0-a087-04906653a56b/current/containerDir0/110753375845220481/chunks/110753375855837399_chunk_0_block_85 (size 100) for chunk ChunkInfo{chunkName='110753375855837399_chunk_0_block_85, offset=0, len=100}
2023-07-21 18:00:00,300 [BlockDeletingService#0] INFO  impl.FilePerChunkStrategy (FilePerChunkStrategy.java:deleteChunk(322)) - Deleted chunk file /home/runner/work/ozone/ozone/hadoop-hdds/container-service/target/test-dir/TestBlockDeletingService/hdds/2a6b1f4f-8189-45b0-a087-04906653a56b/current/containerDir0/110753375845220481/chunks/110753375856099544_chunk_0_block_86 (size 100) for chunk ChunkInfo{chunkName='110753375856099544_chunk_0_block_86, offset=0, len=100}
2023-07-21 18:00:00,301 [BlockDeletingService#0] INFO  impl.FilePerChunkStrategy (FilePerChunkStrategy.java:deleteChunk(322)) - Deleted chunk file /home/runner/work/ozone/ozone/hadoop-hdds/container-service/target/test-dir/TestBlockDeletingService/hdds/2a6b1f4f-8189-45b0-a087-04906653a56b/current/containerDir0/110753375845220481/chunks/110753375856230617_chunk_0_block_87 (size 100) for chunk ChunkInfo{chunkName='110753375856230617_chunk_0_block_87, offset=0, len=100}
2023-07-21 18:00:00,301 [BlockDeletingService#0] INFO  impl.FilePerChunkStrategy (FilePerChunkStrategy.java:deleteChunk(322)) - Deleted chunk file /home/runner/work/ozone/ozone/hadoop-hdds/container-service/target/test-dir/TestBlockDeletingService/hdds/2a6b1f4f-8189-45b0-a087-04906653a56b/current/containerDir0/110753375845220481/chunks/110753375856296154_chunk_0_block_88 (size 100) for chunk ChunkInfo{chunkName='110753375856296154_chunk_0_block_88, offset=0, len=100}
2023-07-21 18:00:00,301 [BlockDeletingService#0] INFO  impl.FilePerChunkStrategy (FilePerChunkStrategy.java:deleteChunk(322)) - Deleted chunk file /home/runner/work/ozone/ozone/hadoop-hdds/container-service/target/test-dir/TestBlockDeletingService/hdds/2a6b1f4f-8189-45b0-a087-04906653a56b/current/containerDir0/110753375845220481/chunks/110753375856361691_chunk_0_block_89 (size 100) for chunk ChunkInfo{chunkName='110753375856361691_chunk_0_block_89, offset=0, len=100}
2023-07-21 18:00:00,302 [BlockDeletingService#0] INFO  impl.FilePerChunkStrategy (FilePerChunkStrategy.java:deleteChunk(322)) - Deleted chunk file /home/runner/work/ozone/ozone/hadoop-hdds/container-service/target/test-dir/TestBlockDeletingService/hdds/2a6b1f4f-8189-45b0-a087-04906653a56b/current/containerDir0/110753375845220481/chunks/110753375856427228_chunk_0_block_90 (size 100) for chunk ChunkInfo{chunkName='110753375856427228_chunk_0_block_90, offset=0, len=100}
2023-07-21 18:00:00,302 [BlockDeletingService#0] INFO  impl.FilePerChunkStrategy (FilePerChunkStrategy.java:deleteChunk(322)) - Deleted chunk file /home/runner/work/ozone/ozone/hadoop-hdds/container-service/target/test-dir/TestBlockDeletingService/hdds/2a6b1f4f-8189-45b0-a087-04906653a56b/current/containerDir0/110753375845220481/chunks/110753375856492765_chunk_0_block_91 (size 100) for chunk ChunkInfo{chunkName='110753375856492765_chunk_0_block_91, offset=0, len=100}
2023-07-21 18:00:00,302 [BlockDeletingService#0] INFO  impl.FilePerChunkStrategy (FilePerChunkStrategy.java:deleteChunk(322)) - Deleted chunk file /home/runner/work/ozone/ozone/hadoop-hdds/container-service/target/test-dir/TestBlockDeletingService/hdds/2a6b1f4f-8189-45b0-a087-04906653a56b/current/containerDir0/110753375845220481/chunks/110753375856558302_chunk_0_block_92 (size 100) for chunk ChunkInfo{chunkName='110753375856558302_chunk_0_block_92, offset=0, len=100}
2023-07-21 18:00:00,302 [BlockDeletingService#0] INFO  impl.FilePerChunkStrategy (FilePerChunkStrategy.java:deleteChunk(322)) - Deleted chunk file /home/runner/work/ozone/ozone/hadoop-hdds/container-service/target/test-dir/TestBlockDeletingService/hdds/2a6b1f4f-8189-45b0-a087-04906653a56b/current/containerDir0/110753375845220481/chunks/110753375856623839_chunk_0_block_93 (size 100) for chunk ChunkInfo{chunkName='110753375856623839_chunk_0_block_93, offset=0, len=100}
2023-07-21 18:00:00,305 [BlockDeletingService#0] INFO  impl.FilePerChunkStrategy (FilePerChunkStrategy.java:deleteChunk(322)) - Deleted chunk file /home/runner/work/ozone/ozone/hadoop-hdds/container-service/target/test-dir/TestBlockDeletingService/hdds/2a6b1f4f-8189-45b0-a087-04906653a56b/current/containerDir0/110753375845220481/chunks/110753375856689376_chunk_0_block_94 (size 100) for chunk ChunkInfo{chunkName='110753375856689376_chunk_0_block_94, offset=0, len=100}
2023-07-21 18:00:00,305 [BlockDeletingService#0] INFO  impl.FilePerChunkStrategy (FilePerChunkStrategy.java:deleteChunk(322)) - Deleted chunk file /home/runner/work/ozone/ozone/hadoop-hdds/container-service/target/test-dir/TestBlockDeletingService/hdds/2a6b1f4f-8189-45b0-a087-04906653a56b/current/containerDir0/110753375845220481/chunks/110753375856754913_chunk_0_block_95 (size 100) for chunk ChunkInfo{chunkName='110753375856754913_chunk_0_block_95, offset=0, len=100}
2023-07-21 18:00:00,305 [BlockDeletingService#0] INFO  impl.FilePerChunkStrategy (FilePerChunkStrategy.java:deleteChunk(322)) - Deleted chunk file /home/runner/work/ozone/ozone/hadoop-hdds/container-service/target/test-dir/TestBlockDeletingService/hdds/2a6b1f4f-8189-45b0-a087-04906653a56b/current/containerDir0/110753375845220481/chunks/110753375856885986_chunk_0_block_96 (size 100) for chunk ChunkInfo{chunkName='110753375856885986_chunk_0_block_96, offset=0, len=100}
2023-07-21 18:00:00,305 [BlockDeletingService#0] INFO  impl.FilePerChunkStrategy (FilePerChunkStrategy.java:deleteChunk(322)) - Deleted chunk file /home/runner/work/ozone/ozone/hadoop-hdds/container-service/target/test-dir/TestBlockDeletingService/hdds/2a6b1f4f-8189-45b0-a087-04906653a56b/current/containerDir0/110753375845220481/chunks/110753375856951523_chunk_0_block_97 (size 100) for chunk ChunkInfo{chunkName='110753375856951523_chunk_0_block_97, offset=0, len=100}
2023-07-21 18:00:00,306 [BlockDeletingService#0] INFO  impl.FilePerChunkStrategy (FilePerChunkStrategy.java:deleteChunk(322)) - Deleted chunk file /home/runner/work/ozone/ozone/hadoop-hdds/container-service/target/test-dir/TestBlockDeletingService/hdds/2a6b1f4f-8189-45b0-a087-04906653a56b/current/containerDir0/110753375845220481/chunks/110753375857017060_chunk_0_block_98 (size 100) for chunk ChunkInfo{chunkName='110753375857017060_chunk_0_block_98, offset=0, len=100}
2023-07-21 18:00:00,306 [BlockDeletingService#0] INFO  impl.FilePerChunkStrategy (FilePerChunkStrategy.java:deleteChunk(322)) - Deleted chunk file /home/runner/work/ozone/ozone/hadoop-hdds/container-service/target/test-dir/TestBlockDeletingService/hdds/2a6b1f4f-8189-45b0-a087-04906653a56b/current/containerDir0/110753375845220481/chunks/110753375857082597_chunk_0_block_99 (size 100) for chunk ChunkInfo{chunkName='110753375857082597_chunk_0_block_99, offset=0, len=100}
2023-07-21 18:00:00,311 [BlockDeletingService#0] WARN  utils.BackgroundService (BackgroundService.java:lambda$run$0(130)) - BlockDeletingService Background task execution took 41274446ns > 0ns(timeout)
2023-07-21 18:00:00,367 [main] INFO  utils.BackgroundService (BackgroundService.java:shutdown(141)) - Shutting down service BlockDeletingService
]]></system-out>
  </testcase>
  <testcase name="testShutdownService" classname="TestBlockDeletingService" time="0.471">
    <system-out><![CDATA[2023-07-21 18:00:02,991 [main] INFO  volume.HddsVolume (HddsVolume.java:<init>(126)) - Creating HddsVolume: /home/runner/work/ozone/ozone/hadoop-hdds/container-service/target/test-dir/TestBlockDeletingService/hdds of storage type : DISK capacity : 9223372036854775807
2023-07-21 18:00:02,993 [main] INFO  volume.MutableVolumeSet (MutableVolumeSet.java:initializeVolumeSet(175)) - Added Volume : /home/runner/work/ozone/ozone/hadoop-hdds/container-service/target/test-dir/TestBlockDeletingService/hdds to VolumeSet
2023-07-21 18:00:03,340 [BlockDeletingService#0] INFO  interfaces.ContainerDeletionChoosingPolicyTemplate (ContainerDeletionChoosingPolicyTemplate.java:chooseContainerForBlockDeletion(83)) - Chosen 100/4900 blocks from 1 candidate containers.
2023-07-21 18:00:03,349 [BlockDeletingService#0] INFO  impl.FilePerChunkStrategy (FilePerChunkStrategy.java:deleteChunk(322)) - Deleted chunk file /home/runner/work/ozone/ozone/hadoop-hdds/container-service/target/test-dir/TestBlockDeletingService/hdds/f1e9ef15-4d92-45a9-9473-505d9007cccc/current/containerDir0/110753376045760782/chunks/110753376048054543_chunk_0_block_0 (size 100) for chunk ChunkInfo{chunkName='110753376048054543_chunk_0_block_0, offset=0, len=100}
2023-07-21 18:00:03,349 [BlockDeletingService#0] INFO  impl.FilePerChunkStrategy (FilePerChunkStrategy.java:deleteChunk(322)) - Deleted chunk file /home/runner/work/ozone/ozone/hadoop-hdds/container-service/target/test-dir/TestBlockDeletingService/hdds/f1e9ef15-4d92-45a9-9473-505d9007cccc/current/containerDir0/110753376045760782/chunks/110753376048251152_chunk_0_block_1 (size 100) for chunk ChunkInfo{chunkName='110753376048251152_chunk_0_block_1, offset=0, len=100}
2023-07-21 18:00:03,349 [BlockDeletingService#0] INFO  impl.FilePerChunkStrategy (FilePerChunkStrategy.java:deleteChunk(322)) - Deleted chunk file /home/runner/work/ozone/ozone/hadoop-hdds/container-service/target/test-dir/TestBlockDeletingService/hdds/f1e9ef15-4d92-45a9-9473-505d9007cccc/current/containerDir0/110753376045760782/chunks/110753376048382225_chunk_0_block_2 (size 100) for chunk ChunkInfo{chunkName='110753376048382225_chunk_0_block_2, offset=0, len=100}
2023-07-21 18:00:03,350 [BlockDeletingService#0] INFO  impl.FilePerChunkStrategy (FilePerChunkStrategy.java:deleteChunk(322)) - Deleted chunk file /home/runner/work/ozone/ozone/hadoop-hdds/container-service/target/test-dir/TestBlockDeletingService/hdds/f1e9ef15-4d92-45a9-9473-505d9007cccc/current/containerDir0/110753376045760782/chunks/110753376048578834_chunk_0_block_3 (size 100) for chunk ChunkInfo{chunkName='110753376048578834_chunk_0_block_3, offset=0, len=100}
2023-07-21 18:00:03,350 [BlockDeletingService#0] INFO  impl.FilePerChunkStrategy (FilePerChunkStrategy.java:deleteChunk(322)) - Deleted chunk file /home/runner/work/ozone/ozone/hadoop-hdds/container-service/target/test-dir/TestBlockDeletingService/hdds/f1e9ef15-4d92-45a9-9473-505d9007cccc/current/containerDir0/110753376045760782/chunks/110753376049103123_chunk_0_block_4 (size 100) for chunk ChunkInfo{chunkName='110753376049103123_chunk_0_block_4, offset=0, len=100}
2023-07-21 18:00:03,350 [BlockDeletingService#0] INFO  impl.FilePerChunkStrategy (FilePerChunkStrategy.java:deleteChunk(322)) - Deleted chunk file /home/runner/work/ozone/ozone/hadoop-hdds/container-service/target/test-dir/TestBlockDeletingService/hdds/f1e9ef15-4d92-45a9-9473-505d9007cccc/current/containerDir0/110753376045760782/chunks/110753376049234196_chunk_0_block_5 (size 100) for chunk ChunkInfo{chunkName='110753376049234196_chunk_0_block_5, offset=0, len=100}
2023-07-21 18:00:03,351 [BlockDeletingService#0] INFO  impl.FilePerChunkStrategy (FilePerChunkStrategy.java:deleteChunk(322)) - Deleted chunk file /home/runner/work/ozone/ozone/hadoop-hdds/container-service/target/test-dir/TestBlockDeletingService/hdds/f1e9ef15-4d92-45a9-9473-505d9007cccc/current/containerDir0/110753376045760782/chunks/110753376049299733_chunk_0_block_6 (size 100) for chunk ChunkInfo{chunkName='110753376049299733_chunk_0_block_6, offset=0, len=100}
2023-07-21 18:00:03,351 [BlockDeletingService#0] INFO  impl.FilePerChunkStrategy (FilePerChunkStrategy.java:deleteChunk(322)) - Deleted chunk file /home/runner/work/ozone/ozone/hadoop-hdds/container-service/target/test-dir/TestBlockDeletingService/hdds/f1e9ef15-4d92-45a9-9473-505d9007cccc/current/containerDir0/110753376045760782/chunks/110753376049627414_chunk_0_block_7 (size 100) for chunk ChunkInfo{chunkName='110753376049627414_chunk_0_block_7, offset=0, len=100}
2023-07-21 18:00:03,351 [BlockDeletingService#0] INFO  impl.FilePerChunkStrategy (FilePerChunkStrategy.java:deleteChunk(322)) - Deleted chunk file /home/runner/work/ozone/ozone/hadoop-hdds/container-service/target/test-dir/TestBlockDeletingService/hdds/f1e9ef15-4d92-45a9-9473-505d9007cccc/current/containerDir0/110753376045760782/chunks/110753376049758487_chunk_0_block_8 (size 100) for chunk ChunkInfo{chunkName='110753376049758487_chunk_0_block_8, offset=0, len=100}
2023-07-21 18:00:03,352 [BlockDeletingService#0] INFO  impl.FilePerChunkStrategy (FilePerChunkStrategy.java:deleteChunk(322)) - Deleted chunk file /home/runner/work/ozone/ozone/hadoop-hdds/container-service/target/test-dir/TestBlockDeletingService/hdds/f1e9ef15-4d92-45a9-9473-505d9007cccc/current/containerDir0/110753376045760782/chunks/110753376049824024_chunk_0_block_9 (size 100) for chunk ChunkInfo{chunkName='110753376049824024_chunk_0_block_9, offset=0, len=100}
2023-07-21 18:00:03,352 [BlockDeletingService#0] INFO  impl.FilePerChunkStrategy (FilePerChunkStrategy.java:deleteChunk(322)) - Deleted chunk file /home/runner/work/ozone/ozone/hadoop-hdds/container-service/target/test-dir/TestBlockDeletingService/hdds/f1e9ef15-4d92-45a9-9473-505d9007cccc/current/containerDir0/110753376045760782/chunks/110753376049889561_chunk_0_block_10 (size 100) for chunk ChunkInfo{chunkName='110753376049889561_chunk_0_block_10, offset=0, len=100}
2023-07-21 18:00:03,354 [BlockDeletingService#0] INFO  impl.FilePerChunkStrategy (FilePerChunkStrategy.java:deleteChunk(322)) - Deleted chunk file /home/runner/work/ozone/ozone/hadoop-hdds/container-service/target/test-dir/TestBlockDeletingService/hdds/f1e9ef15-4d92-45a9-9473-505d9007cccc/current/containerDir0/110753376045760782/chunks/110753376050020634_chunk_0_block_11 (size 100) for chunk ChunkInfo{chunkName='110753376050020634_chunk_0_block_11, offset=0, len=100}
2023-07-21 18:00:03,354 [BlockDeletingService#0] INFO  impl.FilePerChunkStrategy (FilePerChunkStrategy.java:deleteChunk(322)) - Deleted chunk file /home/runner/work/ozone/ozone/hadoop-hdds/container-service/target/test-dir/TestBlockDeletingService/hdds/f1e9ef15-4d92-45a9-9473-505d9007cccc/current/containerDir0/110753376045760782/chunks/110753376050086171_chunk_0_block_12 (size 100) for chunk ChunkInfo{chunkName='110753376050086171_chunk_0_block_12, offset=0, len=100}
2023-07-21 18:00:03,354 [BlockDeletingService#0] INFO  impl.FilePerChunkStrategy (FilePerChunkStrategy.java:deleteChunk(322)) - Deleted chunk file /home/runner/work/ozone/ozone/hadoop-hdds/container-service/target/test-dir/TestBlockDeletingService/hdds/f1e9ef15-4d92-45a9-9473-505d9007cccc/current/containerDir0/110753376045760782/chunks/110753376050217244_chunk_0_block_13 (size 100) for chunk ChunkInfo{chunkName='110753376050217244_chunk_0_block_13, offset=0, len=100}
2023-07-21 18:00:03,355 [BlockDeletingService#0] INFO  impl.FilePerChunkStrategy (FilePerChunkStrategy.java:deleteChunk(322)) - Deleted chunk file /home/runner/work/ozone/ozone/hadoop-hdds/container-service/target/test-dir/TestBlockDeletingService/hdds/f1e9ef15-4d92-45a9-9473-505d9007cccc/current/containerDir0/110753376045760782/chunks/110753376050282781_chunk_0_block_14 (size 100) for chunk ChunkInfo{chunkName='110753376050282781_chunk_0_block_14, offset=0, len=100}
2023-07-21 18:00:03,355 [BlockDeletingService#0] INFO  impl.FilePerChunkStrategy (FilePerChunkStrategy.java:deleteChunk(322)) - Deleted chunk file /home/runner/work/ozone/ozone/hadoop-hdds/container-service/target/test-dir/TestBlockDeletingService/hdds/f1e9ef15-4d92-45a9-9473-505d9007cccc/current/containerDir0/110753376045760782/chunks/110753376050348318_chunk_0_block_15 (size 100) for chunk ChunkInfo{chunkName='110753376050348318_chunk_0_block_15, offset=0, len=100}
2023-07-21 18:00:03,355 [BlockDeletingService#0] INFO  impl.FilePerChunkStrategy (FilePerChunkStrategy.java:deleteChunk(322)) - Deleted chunk file /home/runner/work/ozone/ozone/hadoop-hdds/container-service/target/test-dir/TestBlockDeletingService/hdds/f1e9ef15-4d92-45a9-9473-505d9007cccc/current/containerDir0/110753376045760782/chunks/110753376050479391_chunk_0_block_16 (size 100) for chunk ChunkInfo{chunkName='110753376050479391_chunk_0_block_16, offset=0, len=100}
2023-07-21 18:00:03,356 [BlockDeletingService#0] INFO  impl.FilePerChunkStrategy (FilePerChunkStrategy.java:deleteChunk(322)) - Deleted chunk file /home/runner/work/ozone/ozone/hadoop-hdds/container-service/target/test-dir/TestBlockDeletingService/hdds/f1e9ef15-4d92-45a9-9473-505d9007cccc/current/containerDir0/110753376045760782/chunks/110753376050544928_chunk_0_block_17 (size 100) for chunk ChunkInfo{chunkName='110753376050544928_chunk_0_block_17, offset=0, len=100}
2023-07-21 18:00:03,356 [BlockDeletingService#0] INFO  impl.FilePerChunkStrategy (FilePerChunkStrategy.java:deleteChunk(322)) - Deleted chunk file /home/runner/work/ozone/ozone/hadoop-hdds/container-service/target/test-dir/TestBlockDeletingService/hdds/f1e9ef15-4d92-45a9-9473-505d9007cccc/current/containerDir0/110753376045760782/chunks/110753376050610465_chunk_0_block_18 (size 100) for chunk ChunkInfo{chunkName='110753376050610465_chunk_0_block_18, offset=0, len=100}
2023-07-21 18:00:03,356 [BlockDeletingService#0] INFO  impl.FilePerChunkStrategy (FilePerChunkStrategy.java:deleteChunk(322)) - Deleted chunk file /home/runner/work/ozone/ozone/hadoop-hdds/container-service/target/test-dir/TestBlockDeletingService/hdds/f1e9ef15-4d92-45a9-9473-505d9007cccc/current/containerDir0/110753376045760782/chunks/110753376050741538_chunk_0_block_19 (size 100) for chunk ChunkInfo{chunkName='110753376050741538_chunk_0_block_19, offset=0, len=100}
2023-07-21 18:00:03,357 [BlockDeletingService#0] INFO  impl.FilePerChunkStrategy (FilePerChunkStrategy.java:deleteChunk(322)) - Deleted chunk file /home/runner/work/ozone/ozone/hadoop-hdds/container-service/target/test-dir/TestBlockDeletingService/hdds/f1e9ef15-4d92-45a9-9473-505d9007cccc/current/containerDir0/110753376045760782/chunks/110753376050872611_chunk_0_block_20 (size 100) for chunk ChunkInfo{chunkName='110753376050872611_chunk_0_block_20, offset=0, len=100}
2023-07-21 18:00:03,357 [BlockDeletingService#0] INFO  impl.FilePerChunkStrategy (FilePerChunkStrategy.java:deleteChunk(322)) - Deleted chunk file /home/runner/work/ozone/ozone/hadoop-hdds/container-service/target/test-dir/TestBlockDeletingService/hdds/f1e9ef15-4d92-45a9-9473-505d9007cccc/current/containerDir0/110753376045760782/chunks/110753376050938148_chunk_0_block_21 (size 100) for chunk ChunkInfo{chunkName='110753376050938148_chunk_0_block_21, offset=0, len=100}
2023-07-21 18:00:03,357 [BlockDeletingService#0] INFO  impl.FilePerChunkStrategy (FilePerChunkStrategy.java:deleteChunk(322)) - Deleted chunk file /home/runner/work/ozone/ozone/hadoop-hdds/container-service/target/test-dir/TestBlockDeletingService/hdds/f1e9ef15-4d92-45a9-9473-505d9007cccc/current/containerDir0/110753376045760782/chunks/110753376051134757_chunk_0_block_22 (size 100) for chunk ChunkInfo{chunkName='110753376051134757_chunk_0_block_22, offset=0, len=100}
2023-07-21 18:00:03,358 [BlockDeletingService#0] INFO  impl.FilePerChunkStrategy (FilePerChunkStrategy.java:deleteChunk(322)) - Deleted chunk file /home/runner/work/ozone/ozone/hadoop-hdds/container-service/target/test-dir/TestBlockDeletingService/hdds/f1e9ef15-4d92-45a9-9473-505d9007cccc/current/containerDir0/110753376045760782/chunks/110753376051331366_chunk_0_block_23 (size 100) for chunk ChunkInfo{chunkName='110753376051331366_chunk_0_block_23, offset=0, len=100}
2023-07-21 18:00:03,359 [BlockDeletingService#0] INFO  impl.FilePerChunkStrategy (FilePerChunkStrategy.java:deleteChunk(322)) - Deleted chunk file /home/runner/work/ozone/ozone/hadoop-hdds/container-service/target/test-dir/TestBlockDeletingService/hdds/f1e9ef15-4d92-45a9-9473-505d9007cccc/current/containerDir0/110753376045760782/chunks/110753376051462439_chunk_0_block_24 (size 100) for chunk ChunkInfo{chunkName='110753376051462439_chunk_0_block_24, offset=0, len=100}
2023-07-21 18:00:03,359 [BlockDeletingService#0] INFO  impl.FilePerChunkStrategy (FilePerChunkStrategy.java:deleteChunk(322)) - Deleted chunk file /home/runner/work/ozone/ozone/hadoop-hdds/container-service/target/test-dir/TestBlockDeletingService/hdds/f1e9ef15-4d92-45a9-9473-505d9007cccc/current/containerDir0/110753376045760782/chunks/110753376051527976_chunk_0_block_25 (size 100) for chunk ChunkInfo{chunkName='110753376051527976_chunk_0_block_25, offset=0, len=100}
2023-07-21 18:00:03,360 [BlockDeletingService#0] INFO  impl.FilePerChunkStrategy (FilePerChunkStrategy.java:deleteChunk(322)) - Deleted chunk file /home/runner/work/ozone/ozone/hadoop-hdds/container-service/target/test-dir/TestBlockDeletingService/hdds/f1e9ef15-4d92-45a9-9473-505d9007cccc/current/containerDir0/110753376045760782/chunks/110753376051593513_chunk_0_block_26 (size 100) for chunk ChunkInfo{chunkName='110753376051593513_chunk_0_block_26, offset=0, len=100}
2023-07-21 18:00:03,360 [BlockDeletingService#0] INFO  impl.FilePerChunkStrategy (FilePerChunkStrategy.java:deleteChunk(322)) - Deleted chunk file /home/runner/work/ozone/ozone/hadoop-hdds/container-service/target/test-dir/TestBlockDeletingService/hdds/f1e9ef15-4d92-45a9-9473-505d9007cccc/current/containerDir0/110753376045760782/chunks/110753376051659050_chunk_0_block_27 (size 100) for chunk ChunkInfo{chunkName='110753376051659050_chunk_0_block_27, offset=0, len=100}
2023-07-21 18:00:03,360 [BlockDeletingService#0] INFO  impl.FilePerChunkStrategy (FilePerChunkStrategy.java:deleteChunk(322)) - Deleted chunk file /home/runner/work/ozone/ozone/hadoop-hdds/container-service/target/test-dir/TestBlockDeletingService/hdds/f1e9ef15-4d92-45a9-9473-505d9007cccc/current/containerDir0/110753376045760782/chunks/110753376051724587_chunk_0_block_28 (size 100) for chunk ChunkInfo{chunkName='110753376051724587_chunk_0_block_28, offset=0, len=100}
2023-07-21 18:00:03,361 [BlockDeletingService#0] INFO  impl.FilePerChunkStrategy (FilePerChunkStrategy.java:deleteChunk(322)) - Deleted chunk file /home/runner/work/ozone/ozone/hadoop-hdds/container-service/target/test-dir/TestBlockDeletingService/hdds/f1e9ef15-4d92-45a9-9473-505d9007cccc/current/containerDir0/110753376045760782/chunks/110753376051921196_chunk_0_block_29 (size 100) for chunk ChunkInfo{chunkName='110753376051921196_chunk_0_block_29, offset=0, len=100}
2023-07-21 18:00:03,361 [BlockDeletingService#0] INFO  impl.FilePerChunkStrategy (FilePerChunkStrategy.java:deleteChunk(322)) - Deleted chunk file /home/runner/work/ozone/ozone/hadoop-hdds/container-service/target/test-dir/TestBlockDeletingService/hdds/f1e9ef15-4d92-45a9-9473-505d9007cccc/current/containerDir0/110753376045760782/chunks/110753376051986733_chunk_0_block_30 (size 100) for chunk ChunkInfo{chunkName='110753376051986733_chunk_0_block_30, offset=0, len=100}
2023-07-21 18:00:03,361 [BlockDeletingService#0] INFO  impl.FilePerChunkStrategy (FilePerChunkStrategy.java:deleteChunk(322)) - Deleted chunk file /home/runner/work/ozone/ozone/hadoop-hdds/container-service/target/test-dir/TestBlockDeletingService/hdds/f1e9ef15-4d92-45a9-9473-505d9007cccc/current/containerDir0/110753376045760782/chunks/110753376052117806_chunk_0_block_31 (size 100) for chunk ChunkInfo{chunkName='110753376052117806_chunk_0_block_31, offset=0, len=100}
2023-07-21 18:00:03,362 [BlockDeletingService#0] INFO  impl.FilePerChunkStrategy (FilePerChunkStrategy.java:deleteChunk(322)) - Deleted chunk file /home/runner/work/ozone/ozone/hadoop-hdds/container-service/target/test-dir/TestBlockDeletingService/hdds/f1e9ef15-4d92-45a9-9473-505d9007cccc/current/containerDir0/110753376045760782/chunks/110753376052183343_chunk_0_block_32 (size 100) for chunk ChunkInfo{chunkName='110753376052183343_chunk_0_block_32, offset=0, len=100}
2023-07-21 18:00:03,362 [BlockDeletingService#0] INFO  impl.FilePerChunkStrategy (FilePerChunkStrategy.java:deleteChunk(322)) - Deleted chunk file /home/runner/work/ozone/ozone/hadoop-hdds/container-service/target/test-dir/TestBlockDeletingService/hdds/f1e9ef15-4d92-45a9-9473-505d9007cccc/current/containerDir0/110753376045760782/chunks/110753376052248880_chunk_0_block_33 (size 100) for chunk ChunkInfo{chunkName='110753376052248880_chunk_0_block_33, offset=0, len=100}
2023-07-21 18:00:03,362 [BlockDeletingService#0] INFO  impl.FilePerChunkStrategy (FilePerChunkStrategy.java:deleteChunk(322)) - Deleted chunk file /home/runner/work/ozone/ozone/hadoop-hdds/container-service/target/test-dir/TestBlockDeletingService/hdds/f1e9ef15-4d92-45a9-9473-505d9007cccc/current/containerDir0/110753376045760782/chunks/110753376052314417_chunk_0_block_34 (size 100) for chunk ChunkInfo{chunkName='110753376052314417_chunk_0_block_34, offset=0, len=100}
2023-07-21 18:00:03,363 [BlockDeletingService#0] INFO  impl.FilePerChunkStrategy (FilePerChunkStrategy.java:deleteChunk(322)) - Deleted chunk file /home/runner/work/ozone/ozone/hadoop-hdds/container-service/target/test-dir/TestBlockDeletingService/hdds/f1e9ef15-4d92-45a9-9473-505d9007cccc/current/containerDir0/110753376045760782/chunks/110753376052445490_chunk_0_block_35 (size 100) for chunk ChunkInfo{chunkName='110753376052445490_chunk_0_block_35, offset=0, len=100}
2023-07-21 18:00:03,363 [BlockDeletingService#0] INFO  impl.FilePerChunkStrategy (FilePerChunkStrategy.java:deleteChunk(322)) - Deleted chunk file /home/runner/work/ozone/ozone/hadoop-hdds/container-service/target/test-dir/TestBlockDeletingService/hdds/f1e9ef15-4d92-45a9-9473-505d9007cccc/current/containerDir0/110753376045760782/chunks/110753376052511027_chunk_0_block_36 (size 100) for chunk ChunkInfo{chunkName='110753376052511027_chunk_0_block_36, offset=0, len=100}
2023-07-21 18:00:03,363 [BlockDeletingService#0] INFO  impl.FilePerChunkStrategy (FilePerChunkStrategy.java:deleteChunk(322)) - Deleted chunk file /home/runner/work/ozone/ozone/hadoop-hdds/container-service/target/test-dir/TestBlockDeletingService/hdds/f1e9ef15-4d92-45a9-9473-505d9007cccc/current/containerDir0/110753376045760782/chunks/110753376052642100_chunk_0_block_37 (size 100) for chunk ChunkInfo{chunkName='110753376052642100_chunk_0_block_37, offset=0, len=100}
2023-07-21 18:00:03,364 [BlockDeletingService#0] INFO  impl.FilePerChunkStrategy (FilePerChunkStrategy.java:deleteChunk(322)) - Deleted chunk file /home/runner/work/ozone/ozone/hadoop-hdds/container-service/target/test-dir/TestBlockDeletingService/hdds/f1e9ef15-4d92-45a9-9473-505d9007cccc/current/containerDir0/110753376045760782/chunks/110753376052773173_chunk_0_block_38 (size 100) for chunk ChunkInfo{chunkName='110753376052773173_chunk_0_block_38, offset=0, len=100}
2023-07-21 18:00:03,364 [BlockDeletingService#0] INFO  impl.FilePerChunkStrategy (FilePerChunkStrategy.java:deleteChunk(322)) - Deleted chunk file /home/runner/work/ozone/ozone/hadoop-hdds/container-service/target/test-dir/TestBlockDeletingService/hdds/f1e9ef15-4d92-45a9-9473-505d9007cccc/current/containerDir0/110753376045760782/chunks/110753376052904246_chunk_0_block_39 (size 100) for chunk ChunkInfo{chunkName='110753376052904246_chunk_0_block_39, offset=0, len=100}
2023-07-21 18:00:03,364 [BlockDeletingService#0] INFO  impl.FilePerChunkStrategy (FilePerChunkStrategy.java:deleteChunk(322)) - Deleted chunk file /home/runner/work/ozone/ozone/hadoop-hdds/container-service/target/test-dir/TestBlockDeletingService/hdds/f1e9ef15-4d92-45a9-9473-505d9007cccc/current/containerDir0/110753376045760782/chunks/110753376052969783_chunk_0_block_40 (size 100) for chunk ChunkInfo{chunkName='110753376052969783_chunk_0_block_40, offset=0, len=100}
2023-07-21 18:00:03,365 [BlockDeletingService#0] INFO  impl.FilePerChunkStrategy (FilePerChunkStrategy.java:deleteChunk(322)) - Deleted chunk file /home/runner/work/ozone/ozone/hadoop-hdds/container-service/target/test-dir/TestBlockDeletingService/hdds/f1e9ef15-4d92-45a9-9473-505d9007cccc/current/containerDir0/110753376045760782/chunks/110753376053035320_chunk_0_block_41 (size 100) for chunk ChunkInfo{chunkName='110753376053035320_chunk_0_block_41, offset=0, len=100}
2023-07-21 18:00:03,365 [BlockDeletingService#0] INFO  impl.FilePerChunkStrategy (FilePerChunkStrategy.java:deleteChunk(322)) - Deleted chunk file /home/runner/work/ozone/ozone/hadoop-hdds/container-service/target/test-dir/TestBlockDeletingService/hdds/f1e9ef15-4d92-45a9-9473-505d9007cccc/current/containerDir0/110753376045760782/chunks/110753376053100857_chunk_0_block_42 (size 100) for chunk ChunkInfo{chunkName='110753376053100857_chunk_0_block_42, offset=0, len=100}
2023-07-21 18:00:03,365 [BlockDeletingService#0] INFO  impl.FilePerChunkStrategy (FilePerChunkStrategy.java:deleteChunk(322)) - Deleted chunk file /home/runner/work/ozone/ozone/hadoop-hdds/container-service/target/test-dir/TestBlockDeletingService/hdds/f1e9ef15-4d92-45a9-9473-505d9007cccc/current/containerDir0/110753376045760782/chunks/110753376053231930_chunk_0_block_43 (size 100) for chunk ChunkInfo{chunkName='110753376053231930_chunk_0_block_43, offset=0, len=100}
2023-07-21 18:00:03,366 [BlockDeletingService#0] INFO  impl.FilePerChunkStrategy (FilePerChunkStrategy.java:deleteChunk(322)) - Deleted chunk file /home/runner/work/ozone/ozone/hadoop-hdds/container-service/target/test-dir/TestBlockDeletingService/hdds/f1e9ef15-4d92-45a9-9473-505d9007cccc/current/containerDir0/110753376045760782/chunks/110753376053297467_chunk_0_block_44 (size 100) for chunk ChunkInfo{chunkName='110753376053297467_chunk_0_block_44, offset=0, len=100}
2023-07-21 18:00:03,366 [BlockDeletingService#0] INFO  impl.FilePerChunkStrategy (FilePerChunkStrategy.java:deleteChunk(322)) - Deleted chunk file /home/runner/work/ozone/ozone/hadoop-hdds/container-service/target/test-dir/TestBlockDeletingService/hdds/f1e9ef15-4d92-45a9-9473-505d9007cccc/current/containerDir0/110753376045760782/chunks/110753376053363004_chunk_0_block_45 (size 100) for chunk ChunkInfo{chunkName='110753376053363004_chunk_0_block_45, offset=0, len=100}
2023-07-21 18:00:03,366 [BlockDeletingService#0] INFO  impl.FilePerChunkStrategy (FilePerChunkStrategy.java:deleteChunk(322)) - Deleted chunk file /home/runner/work/ozone/ozone/hadoop-hdds/container-service/target/test-dir/TestBlockDeletingService/hdds/f1e9ef15-4d92-45a9-9473-505d9007cccc/current/containerDir0/110753376045760782/chunks/110753376053494077_chunk_0_block_46 (size 100) for chunk ChunkInfo{chunkName='110753376053494077_chunk_0_block_46, offset=0, len=100}
2023-07-21 18:00:03,366 [BlockDeletingService#0] INFO  impl.FilePerChunkStrategy (FilePerChunkStrategy.java:deleteChunk(322)) - Deleted chunk file /home/runner/work/ozone/ozone/hadoop-hdds/container-service/target/test-dir/TestBlockDeletingService/hdds/f1e9ef15-4d92-45a9-9473-505d9007cccc/current/containerDir0/110753376045760782/chunks/110753376053756222_chunk_0_block_47 (size 100) for chunk ChunkInfo{chunkName='110753376053756222_chunk_0_block_47, offset=0, len=100}
2023-07-21 18:00:03,367 [BlockDeletingService#0] INFO  impl.FilePerChunkStrategy (FilePerChunkStrategy.java:deleteChunk(322)) - Deleted chunk file /home/runner/work/ozone/ozone/hadoop-hdds/container-service/target/test-dir/TestBlockDeletingService/hdds/f1e9ef15-4d92-45a9-9473-505d9007cccc/current/containerDir0/110753376045760782/chunks/110753376053821759_chunk_0_block_48 (size 100) for chunk ChunkInfo{chunkName='110753376053821759_chunk_0_block_48, offset=0, len=100}
2023-07-21 18:00:03,367 [BlockDeletingService#0] INFO  impl.FilePerChunkStrategy (FilePerChunkStrategy.java:deleteChunk(322)) - Deleted chunk file /home/runner/work/ozone/ozone/hadoop-hdds/container-service/target/test-dir/TestBlockDeletingService/hdds/f1e9ef15-4d92-45a9-9473-505d9007cccc/current/containerDir0/110753376045760782/chunks/110753376053887296_chunk_0_block_49 (size 100) for chunk ChunkInfo{chunkName='110753376053887296_chunk_0_block_49, offset=0, len=100}
2023-07-21 18:00:03,367 [BlockDeletingService#0] INFO  impl.FilePerChunkStrategy (FilePerChunkStrategy.java:deleteChunk(322)) - Deleted chunk file /home/runner/work/ozone/ozone/hadoop-hdds/container-service/target/test-dir/TestBlockDeletingService/hdds/f1e9ef15-4d92-45a9-9473-505d9007cccc/current/containerDir0/110753376045760782/chunks/110753376053952833_chunk_0_block_50 (size 100) for chunk ChunkInfo{chunkName='110753376053952833_chunk_0_block_50, offset=0, len=100}
2023-07-21 18:00:03,368 [BlockDeletingService#0] INFO  impl.FilePerChunkStrategy (FilePerChunkStrategy.java:deleteChunk(322)) - Deleted chunk file /home/runner/work/ozone/ozone/hadoop-hdds/container-service/target/test-dir/TestBlockDeletingService/hdds/f1e9ef15-4d92-45a9-9473-505d9007cccc/current/containerDir0/110753376045760782/chunks/110753376054083906_chunk_0_block_51 (size 100) for chunk ChunkInfo{chunkName='110753376054083906_chunk_0_block_51, offset=0, len=100}
2023-07-21 18:00:03,368 [BlockDeletingService#0] INFO  impl.FilePerChunkStrategy (FilePerChunkStrategy.java:deleteChunk(322)) - Deleted chunk file /home/runner/work/ozone/ozone/hadoop-hdds/container-service/target/test-dir/TestBlockDeletingService/hdds/f1e9ef15-4d92-45a9-9473-505d9007cccc/current/containerDir0/110753376045760782/chunks/110753376054149443_chunk_0_block_52 (size 100) for chunk ChunkInfo{chunkName='110753376054149443_chunk_0_block_52, offset=0, len=100}
2023-07-21 18:00:03,368 [BlockDeletingService#0] INFO  impl.FilePerChunkStrategy (FilePerChunkStrategy.java:deleteChunk(322)) - Deleted chunk file /home/runner/work/ozone/ozone/hadoop-hdds/container-service/target/test-dir/TestBlockDeletingService/hdds/f1e9ef15-4d92-45a9-9473-505d9007cccc/current/containerDir0/110753376045760782/chunks/110753376054214980_chunk_0_block_53 (size 100) for chunk ChunkInfo{chunkName='110753376054214980_chunk_0_block_53, offset=0, len=100}
2023-07-21 18:00:03,369 [BlockDeletingService#0] INFO  impl.FilePerChunkStrategy (FilePerChunkStrategy.java:deleteChunk(322)) - Deleted chunk file /home/runner/work/ozone/ozone/hadoop-hdds/container-service/target/test-dir/TestBlockDeletingService/hdds/f1e9ef15-4d92-45a9-9473-505d9007cccc/current/containerDir0/110753376045760782/chunks/110753376054280517_chunk_0_block_54 (size 100) for chunk ChunkInfo{chunkName='110753376054280517_chunk_0_block_54, offset=0, len=100}
2023-07-21 18:00:03,369 [BlockDeletingService#0] INFO  impl.FilePerChunkStrategy (FilePerChunkStrategy.java:deleteChunk(322)) - Deleted chunk file /home/runner/work/ozone/ozone/hadoop-hdds/container-service/target/test-dir/TestBlockDeletingService/hdds/f1e9ef15-4d92-45a9-9473-505d9007cccc/current/containerDir0/110753376045760782/chunks/110753376054411590_chunk_0_block_55 (size 100) for chunk ChunkInfo{chunkName='110753376054411590_chunk_0_block_55, offset=0, len=100}
2023-07-21 18:00:03,369 [BlockDeletingService#0] INFO  impl.FilePerChunkStrategy (FilePerChunkStrategy.java:deleteChunk(322)) - Deleted chunk file /home/runner/work/ozone/ozone/hadoop-hdds/container-service/target/test-dir/TestBlockDeletingService/hdds/f1e9ef15-4d92-45a9-9473-505d9007cccc/current/containerDir0/110753376045760782/chunks/110753376054477127_chunk_0_block_56 (size 100) for chunk ChunkInfo{chunkName='110753376054477127_chunk_0_block_56, offset=0, len=100}
2023-07-21 18:00:03,369 [BlockDeletingService#0] INFO  impl.FilePerChunkStrategy (FilePerChunkStrategy.java:deleteChunk(322)) - Deleted chunk file /home/runner/work/ozone/ozone/hadoop-hdds/container-service/target/test-dir/TestBlockDeletingService/hdds/f1e9ef15-4d92-45a9-9473-505d9007cccc/current/containerDir0/110753376045760782/chunks/110753376054542664_chunk_0_block_57 (size 100) for chunk ChunkInfo{chunkName='110753376054542664_chunk_0_block_57, offset=0, len=100}
2023-07-21 18:00:03,370 [BlockDeletingService#0] INFO  impl.FilePerChunkStrategy (FilePerChunkStrategy.java:deleteChunk(322)) - Deleted chunk file /home/runner/work/ozone/ozone/hadoop-hdds/container-service/target/test-dir/TestBlockDeletingService/hdds/f1e9ef15-4d92-45a9-9473-505d9007cccc/current/containerDir0/110753376045760782/chunks/110753376054608201_chunk_0_block_58 (size 100) for chunk ChunkInfo{chunkName='110753376054608201_chunk_0_block_58, offset=0, len=100}
2023-07-21 18:00:03,370 [BlockDeletingService#0] INFO  impl.FilePerChunkStrategy (FilePerChunkStrategy.java:deleteChunk(322)) - Deleted chunk file /home/runner/work/ozone/ozone/hadoop-hdds/container-service/target/test-dir/TestBlockDeletingService/hdds/f1e9ef15-4d92-45a9-9473-505d9007cccc/current/containerDir0/110753376045760782/chunks/110753376054673738_chunk_0_block_59 (size 100) for chunk ChunkInfo{chunkName='110753376054673738_chunk_0_block_59, offset=0, len=100}
2023-07-21 18:00:03,370 [BlockDeletingService#0] INFO  impl.FilePerChunkStrategy (FilePerChunkStrategy.java:deleteChunk(322)) - Deleted chunk file /home/runner/work/ozone/ozone/hadoop-hdds/container-service/target/test-dir/TestBlockDeletingService/hdds/f1e9ef15-4d92-45a9-9473-505d9007cccc/current/containerDir0/110753376045760782/chunks/110753376054804811_chunk_0_block_60 (size 100) for chunk ChunkInfo{chunkName='110753376054804811_chunk_0_block_60, offset=0, len=100}
2023-07-21 18:00:03,371 [BlockDeletingService#0] INFO  impl.FilePerChunkStrategy (FilePerChunkStrategy.java:deleteChunk(322)) - Deleted chunk file /home/runner/work/ozone/ozone/hadoop-hdds/container-service/target/test-dir/TestBlockDeletingService/hdds/f1e9ef15-4d92-45a9-9473-505d9007cccc/current/containerDir0/110753376045760782/chunks/110753376054870348_chunk_0_block_61 (size 100) for chunk ChunkInfo{chunkName='110753376054870348_chunk_0_block_61, offset=0, len=100}
2023-07-21 18:00:03,371 [BlockDeletingService#0] INFO  impl.FilePerChunkStrategy (FilePerChunkStrategy.java:deleteChunk(322)) - Deleted chunk file /home/runner/work/ozone/ozone/hadoop-hdds/container-service/target/test-dir/TestBlockDeletingService/hdds/f1e9ef15-4d92-45a9-9473-505d9007cccc/current/containerDir0/110753376045760782/chunks/110753376054935885_chunk_0_block_62 (size 100) for chunk ChunkInfo{chunkName='110753376054935885_chunk_0_block_62, offset=0, len=100}
2023-07-21 18:00:03,371 [BlockDeletingService#0] INFO  impl.FilePerChunkStrategy (FilePerChunkStrategy.java:deleteChunk(322)) - Deleted chunk file /home/runner/work/ozone/ozone/hadoop-hdds/container-service/target/test-dir/TestBlockDeletingService/hdds/f1e9ef15-4d92-45a9-9473-505d9007cccc/current/containerDir0/110753376045760782/chunks/110753376055001422_chunk_0_block_63 (size 100) for chunk ChunkInfo{chunkName='110753376055001422_chunk_0_block_63, offset=0, len=100}
2023-07-21 18:00:03,371 [BlockDeletingService#0] INFO  impl.FilePerChunkStrategy (FilePerChunkStrategy.java:deleteChunk(322)) - Deleted chunk file /home/runner/work/ozone/ozone/hadoop-hdds/container-service/target/test-dir/TestBlockDeletingService/hdds/f1e9ef15-4d92-45a9-9473-505d9007cccc/current/containerDir0/110753376045760782/chunks/110753376055066959_chunk_0_block_64 (size 100) for chunk ChunkInfo{chunkName='110753376055066959_chunk_0_block_64, offset=0, len=100}
2023-07-21 18:00:03,372 [BlockDeletingService#0] INFO  impl.FilePerChunkStrategy (FilePerChunkStrategy.java:deleteChunk(322)) - Deleted chunk file /home/runner/work/ozone/ozone/hadoop-hdds/container-service/target/test-dir/TestBlockDeletingService/hdds/f1e9ef15-4d92-45a9-9473-505d9007cccc/current/containerDir0/110753376045760782/chunks/110753376055132496_chunk_0_block_65 (size 100) for chunk ChunkInfo{chunkName='110753376055132496_chunk_0_block_65, offset=0, len=100}
2023-07-21 18:00:03,372 [BlockDeletingService#0] INFO  impl.FilePerChunkStrategy (FilePerChunkStrategy.java:deleteChunk(322)) - Deleted chunk file /home/runner/work/ozone/ozone/hadoop-hdds/container-service/target/test-dir/TestBlockDeletingService/hdds/f1e9ef15-4d92-45a9-9473-505d9007cccc/current/containerDir0/110753376045760782/chunks/110753376055263569_chunk_0_block_66 (size 100) for chunk ChunkInfo{chunkName='110753376055263569_chunk_0_block_66, offset=0, len=100}
2023-07-21 18:00:03,372 [BlockDeletingService#0] INFO  impl.FilePerChunkStrategy (FilePerChunkStrategy.java:deleteChunk(322)) - Deleted chunk file /home/runner/work/ozone/ozone/hadoop-hdds/container-service/target/test-dir/TestBlockDeletingService/hdds/f1e9ef15-4d92-45a9-9473-505d9007cccc/current/containerDir0/110753376045760782/chunks/110753376055329106_chunk_0_block_67 (size 100) for chunk ChunkInfo{chunkName='110753376055329106_chunk_0_block_67, offset=0, len=100}
2023-07-21 18:00:03,372 [BlockDeletingService#0] INFO  impl.FilePerChunkStrategy (FilePerChunkStrategy.java:deleteChunk(322)) - Deleted chunk file /home/runner/work/ozone/ozone/hadoop-hdds/container-service/target/test-dir/TestBlockDeletingService/hdds/f1e9ef15-4d92-45a9-9473-505d9007cccc/current/containerDir0/110753376045760782/chunks/110753376055394643_chunk_0_block_68 (size 100) for chunk ChunkInfo{chunkName='110753376055394643_chunk_0_block_68, offset=0, len=100}
2023-07-21 18:00:03,373 [BlockDeletingService#0] INFO  impl.FilePerChunkStrategy (FilePerChunkStrategy.java:deleteChunk(322)) - Deleted chunk file /home/runner/work/ozone/ozone/hadoop-hdds/container-service/target/test-dir/TestBlockDeletingService/hdds/f1e9ef15-4d92-45a9-9473-505d9007cccc/current/containerDir0/110753376045760782/chunks/110753376055460180_chunk_0_block_69 (size 100) for chunk ChunkInfo{chunkName='110753376055460180_chunk_0_block_69, offset=0, len=100}
2023-07-21 18:00:03,373 [BlockDeletingService#0] INFO  impl.FilePerChunkStrategy (FilePerChunkStrategy.java:deleteChunk(322)) - Deleted chunk file /home/runner/work/ozone/ozone/hadoop-hdds/container-service/target/test-dir/TestBlockDeletingService/hdds/f1e9ef15-4d92-45a9-9473-505d9007cccc/current/containerDir0/110753376045760782/chunks/110753376055525717_chunk_0_block_70 (size 100) for chunk ChunkInfo{chunkName='110753376055525717_chunk_0_block_70, offset=0, len=100}
2023-07-21 18:00:03,373 [BlockDeletingService#0] INFO  impl.FilePerChunkStrategy (FilePerChunkStrategy.java:deleteChunk(322)) - Deleted chunk file /home/runner/work/ozone/ozone/hadoop-hdds/container-service/target/test-dir/TestBlockDeletingService/hdds/f1e9ef15-4d92-45a9-9473-505d9007cccc/current/containerDir0/110753376045760782/chunks/110753376055591254_chunk_0_block_71 (size 100) for chunk ChunkInfo{chunkName='110753376055591254_chunk_0_block_71, offset=0, len=100}
2023-07-21 18:00:03,374 [BlockDeletingService#0] INFO  impl.FilePerChunkStrategy (FilePerChunkStrategy.java:deleteChunk(322)) - Deleted chunk file /home/runner/work/ozone/ozone/hadoop-hdds/container-service/target/test-dir/TestBlockDeletingService/hdds/f1e9ef15-4d92-45a9-9473-505d9007cccc/current/containerDir0/110753376045760782/chunks/110753376055722327_chunk_0_block_72 (size 100) for chunk ChunkInfo{chunkName='110753376055722327_chunk_0_block_72, offset=0, len=100}
2023-07-21 18:00:03,374 [BlockDeletingService#0] INFO  impl.FilePerChunkStrategy (FilePerChunkStrategy.java:deleteChunk(322)) - Deleted chunk file /home/runner/work/ozone/ozone/hadoop-hdds/container-service/target/test-dir/TestBlockDeletingService/hdds/f1e9ef15-4d92-45a9-9473-505d9007cccc/current/containerDir0/110753376045760782/chunks/110753376055787864_chunk_0_block_73 (size 100) for chunk ChunkInfo{chunkName='110753376055787864_chunk_0_block_73, offset=0, len=100}
2023-07-21 18:00:03,374 [BlockDeletingService#0] INFO  impl.FilePerChunkStrategy (FilePerChunkStrategy.java:deleteChunk(322)) - Deleted chunk file /home/runner/work/ozone/ozone/hadoop-hdds/container-service/target/test-dir/TestBlockDeletingService/hdds/f1e9ef15-4d92-45a9-9473-505d9007cccc/current/containerDir0/110753376045760782/chunks/110753376055918937_chunk_0_block_74 (size 100) for chunk ChunkInfo{chunkName='110753376055918937_chunk_0_block_74, offset=0, len=100}
2023-07-21 18:00:03,374 [BlockDeletingService#0] INFO  impl.FilePerChunkStrategy (FilePerChunkStrategy.java:deleteChunk(322)) - Deleted chunk file /home/runner/work/ozone/ozone/hadoop-hdds/container-service/target/test-dir/TestBlockDeletingService/hdds/f1e9ef15-4d92-45a9-9473-505d9007cccc/current/containerDir0/110753376045760782/chunks/110753376056050010_chunk_0_block_75 (size 100) for chunk ChunkInfo{chunkName='110753376056050010_chunk_0_block_75, offset=0, len=100}
2023-07-21 18:00:03,375 [BlockDeletingService#0] INFO  impl.FilePerChunkStrategy (FilePerChunkStrategy.java:deleteChunk(322)) - Deleted chunk file /home/runner/work/ozone/ozone/hadoop-hdds/container-service/target/test-dir/TestBlockDeletingService/hdds/f1e9ef15-4d92-45a9-9473-505d9007cccc/current/containerDir0/110753376045760782/chunks/110753376056115547_chunk_0_block_76 (size 100) for chunk ChunkInfo{chunkName='110753376056115547_chunk_0_block_76, offset=0, len=100}
2023-07-21 18:00:03,375 [BlockDeletingService#0] INFO  impl.FilePerChunkStrategy (FilePerChunkStrategy.java:deleteChunk(322)) - Deleted chunk file /home/runner/work/ozone/ozone/hadoop-hdds/container-service/target/test-dir/TestBlockDeletingService/hdds/f1e9ef15-4d92-45a9-9473-505d9007cccc/current/containerDir0/110753376045760782/chunks/110753376056181084_chunk_0_block_77 (size 100) for chunk ChunkInfo{chunkName='110753376056181084_chunk_0_block_77, offset=0, len=100}
2023-07-21 18:00:03,375 [BlockDeletingService#0] INFO  impl.FilePerChunkStrategy (FilePerChunkStrategy.java:deleteChunk(322)) - Deleted chunk file /home/runner/work/ozone/ozone/hadoop-hdds/container-service/target/test-dir/TestBlockDeletingService/hdds/f1e9ef15-4d92-45a9-9473-505d9007cccc/current/containerDir0/110753376045760782/chunks/110753376056377693_chunk_0_block_78 (size 100) for chunk ChunkInfo{chunkName='110753376056377693_chunk_0_block_78, offset=0, len=100}
2023-07-21 18:00:03,375 [BlockDeletingService#0] INFO  impl.FilePerChunkStrategy (FilePerChunkStrategy.java:deleteChunk(322)) - Deleted chunk file /home/runner/work/ozone/ozone/hadoop-hdds/container-service/target/test-dir/TestBlockDeletingService/hdds/f1e9ef15-4d92-45a9-9473-505d9007cccc/current/containerDir0/110753376045760782/chunks/110753376056443230_chunk_0_block_79 (size 100) for chunk ChunkInfo{chunkName='110753376056443230_chunk_0_block_79, offset=0, len=100}
2023-07-21 18:00:03,376 [BlockDeletingService#0] INFO  impl.FilePerChunkStrategy (FilePerChunkStrategy.java:deleteChunk(322)) - Deleted chunk file /home/runner/work/ozone/ozone/hadoop-hdds/container-service/target/test-dir/TestBlockDeletingService/hdds/f1e9ef15-4d92-45a9-9473-505d9007cccc/current/containerDir0/110753376045760782/chunks/110753376056574303_chunk_0_block_80 (size 100) for chunk ChunkInfo{chunkName='110753376056574303_chunk_0_block_80, offset=0, len=100}
2023-07-21 18:00:03,376 [BlockDeletingService#0] INFO  impl.FilePerChunkStrategy (FilePerChunkStrategy.java:deleteChunk(322)) - Deleted chunk file /home/runner/work/ozone/ozone/hadoop-hdds/container-service/target/test-dir/TestBlockDeletingService/hdds/f1e9ef15-4d92-45a9-9473-505d9007cccc/current/containerDir0/110753376045760782/chunks/110753376056639840_chunk_0_block_81 (size 100) for chunk ChunkInfo{chunkName='110753376056639840_chunk_0_block_81, offset=0, len=100}
2023-07-21 18:00:03,376 [BlockDeletingService#0] INFO  impl.FilePerChunkStrategy (FilePerChunkStrategy.java:deleteChunk(322)) - Deleted chunk file /home/runner/work/ozone/ozone/hadoop-hdds/container-service/target/test-dir/TestBlockDeletingService/hdds/f1e9ef15-4d92-45a9-9473-505d9007cccc/current/containerDir0/110753376045760782/chunks/110753376056770913_chunk_0_block_82 (size 100) for chunk ChunkInfo{chunkName='110753376056770913_chunk_0_block_82, offset=0, len=100}
2023-07-21 18:00:03,376 [BlockDeletingService#0] INFO  impl.FilePerChunkStrategy (FilePerChunkStrategy.java:deleteChunk(322)) - Deleted chunk file /home/runner/work/ozone/ozone/hadoop-hdds/container-service/target/test-dir/TestBlockDeletingService/hdds/f1e9ef15-4d92-45a9-9473-505d9007cccc/current/containerDir0/110753376045760782/chunks/110753376056836450_chunk_0_block_83 (size 100) for chunk ChunkInfo{chunkName='110753376056836450_chunk_0_block_83, offset=0, len=100}
2023-07-21 18:00:03,377 [BlockDeletingService#0] INFO  impl.FilePerChunkStrategy (FilePerChunkStrategy.java:deleteChunk(322)) - Deleted chunk file /home/runner/work/ozone/ozone/hadoop-hdds/container-service/target/test-dir/TestBlockDeletingService/hdds/f1e9ef15-4d92-45a9-9473-505d9007cccc/current/containerDir0/110753376045760782/chunks/110753376056901987_chunk_0_block_84 (size 100) for chunk ChunkInfo{chunkName='110753376056901987_chunk_0_block_84, offset=0, len=100}
2023-07-21 18:00:03,377 [BlockDeletingService#0] INFO  impl.FilePerChunkStrategy (FilePerChunkStrategy.java:deleteChunk(322)) - Deleted chunk file /home/runner/work/ozone/ozone/hadoop-hdds/container-service/target/test-dir/TestBlockDeletingService/hdds/f1e9ef15-4d92-45a9-9473-505d9007cccc/current/containerDir0/110753376045760782/chunks/110753376057033060_chunk_0_block_85 (size 100) for chunk ChunkInfo{chunkName='110753376057033060_chunk_0_block_85, offset=0, len=100}
2023-07-21 18:00:03,377 [BlockDeletingService#0] INFO  impl.FilePerChunkStrategy (FilePerChunkStrategy.java:deleteChunk(322)) - Deleted chunk file /home/runner/work/ozone/ozone/hadoop-hdds/container-service/target/test-dir/TestBlockDeletingService/hdds/f1e9ef15-4d92-45a9-9473-505d9007cccc/current/containerDir0/110753376045760782/chunks/110753376057098597_chunk_0_block_86 (size 100) for chunk ChunkInfo{chunkName='110753376057098597_chunk_0_block_86, offset=0, len=100}
2023-07-21 18:00:03,377 [BlockDeletingService#0] INFO  impl.FilePerChunkStrategy (FilePerChunkStrategy.java:deleteChunk(322)) - Deleted chunk file /home/runner/work/ozone/ozone/hadoop-hdds/container-service/target/test-dir/TestBlockDeletingService/hdds/f1e9ef15-4d92-45a9-9473-505d9007cccc/current/containerDir0/110753376045760782/chunks/110753376057164134_chunk_0_block_87 (size 100) for chunk ChunkInfo{chunkName='110753376057164134_chunk_0_block_87, offset=0, len=100}
2023-07-21 18:00:03,378 [BlockDeletingService#0] INFO  impl.FilePerChunkStrategy (FilePerChunkStrategy.java:deleteChunk(322)) - Deleted chunk file /home/runner/work/ozone/ozone/hadoop-hdds/container-service/target/test-dir/TestBlockDeletingService/hdds/f1e9ef15-4d92-45a9-9473-505d9007cccc/current/containerDir0/110753376045760782/chunks/110753376057295207_chunk_0_block_88 (size 100) for chunk ChunkInfo{chunkName='110753376057295207_chunk_0_block_88, offset=0, len=100}
2023-07-21 18:00:03,378 [BlockDeletingService#0] INFO  impl.FilePerChunkStrategy (FilePerChunkStrategy.java:deleteChunk(322)) - Deleted chunk file /home/runner/work/ozone/ozone/hadoop-hdds/container-service/target/test-dir/TestBlockDeletingService/hdds/f1e9ef15-4d92-45a9-9473-505d9007cccc/current/containerDir0/110753376045760782/chunks/110753376057360744_chunk_0_block_89 (size 100) for chunk ChunkInfo{chunkName='110753376057360744_chunk_0_block_89, offset=0, len=100}
2023-07-21 18:00:03,378 [BlockDeletingService#0] INFO  impl.FilePerChunkStrategy (FilePerChunkStrategy.java:deleteChunk(322)) - Deleted chunk file /home/runner/work/ozone/ozone/hadoop-hdds/container-service/target/test-dir/TestBlockDeletingService/hdds/f1e9ef15-4d92-45a9-9473-505d9007cccc/current/containerDir0/110753376045760782/chunks/110753376057426281_chunk_0_block_90 (size 100) for chunk ChunkInfo{chunkName='110753376057426281_chunk_0_block_90, offset=0, len=100}
2023-07-21 18:00:03,378 [BlockDeletingService#0] INFO  impl.FilePerChunkStrategy (FilePerChunkStrategy.java:deleteChunk(322)) - Deleted chunk file /home/runner/work/ozone/ozone/hadoop-hdds/container-service/target/test-dir/TestBlockDeletingService/hdds/f1e9ef15-4d92-45a9-9473-505d9007cccc/current/containerDir0/110753376045760782/chunks/110753376057491818_chunk_0_block_91 (size 100) for chunk ChunkInfo{chunkName='110753376057491818_chunk_0_block_91, offset=0, len=100}
2023-07-21 18:00:03,379 [BlockDeletingService#0] INFO  impl.FilePerChunkStrategy (FilePerChunkStrategy.java:deleteChunk(322)) - Deleted chunk file /home/runner/work/ozone/ozone/hadoop-hdds/container-service/target/test-dir/TestBlockDeletingService/hdds/f1e9ef15-4d92-45a9-9473-505d9007cccc/current/containerDir0/110753376045760782/chunks/110753376057622891_chunk_0_block_92 (size 100) for chunk ChunkInfo{chunkName='110753376057622891_chunk_0_block_92, offset=0, len=100}
2023-07-21 18:00:03,379 [BlockDeletingService#0] INFO  impl.FilePerChunkStrategy (FilePerChunkStrategy.java:deleteChunk(322)) - Deleted chunk file /home/runner/work/ozone/ozone/hadoop-hdds/container-service/target/test-dir/TestBlockDeletingService/hdds/f1e9ef15-4d92-45a9-9473-505d9007cccc/current/containerDir0/110753376045760782/chunks/110753376057753964_chunk_0_block_93 (size 100) for chunk ChunkInfo{chunkName='110753376057753964_chunk_0_block_93, offset=0, len=100}
2023-07-21 18:00:03,379 [BlockDeletingService#0] INFO  impl.FilePerChunkStrategy (FilePerChunkStrategy.java:deleteChunk(322)) - Deleted chunk file /home/runner/work/ozone/ozone/hadoop-hdds/container-service/target/test-dir/TestBlockDeletingService/hdds/f1e9ef15-4d92-45a9-9473-505d9007cccc/current/containerDir0/110753376045760782/chunks/110753376057819501_chunk_0_block_94 (size 100) for chunk ChunkInfo{chunkName='110753376057819501_chunk_0_block_94, offset=0, len=100}
2023-07-21 18:00:03,380 [BlockDeletingService#0] INFO  impl.FilePerChunkStrategy (FilePerChunkStrategy.java:deleteChunk(322)) - Deleted chunk file /home/runner/work/ozone/ozone/hadoop-hdds/container-service/target/test-dir/TestBlockDeletingService/hdds/f1e9ef15-4d92-45a9-9473-505d9007cccc/current/containerDir0/110753376045760782/chunks/110753376057885038_chunk_0_block_95 (size 100) for chunk ChunkInfo{chunkName='110753376057885038_chunk_0_block_95, offset=0, len=100}
2023-07-21 18:00:03,380 [BlockDeletingService#0] INFO  impl.FilePerChunkStrategy (FilePerChunkStrategy.java:deleteChunk(322)) - Deleted chunk file /home/runner/work/ozone/ozone/hadoop-hdds/container-service/target/test-dir/TestBlockDeletingService/hdds/f1e9ef15-4d92-45a9-9473-505d9007cccc/current/containerDir0/110753376045760782/chunks/110753376058016111_chunk_0_block_96 (size 100) for chunk ChunkInfo{chunkName='110753376058016111_chunk_0_block_96, offset=0, len=100}
2023-07-21 18:00:03,380 [BlockDeletingService#0] INFO  impl.FilePerChunkStrategy (FilePerChunkStrategy.java:deleteChunk(322)) - Deleted chunk file /home/runner/work/ozone/ozone/hadoop-hdds/container-service/target/test-dir/TestBlockDeletingService/hdds/f1e9ef15-4d92-45a9-9473-505d9007cccc/current/containerDir0/110753376045760782/chunks/110753376058081648_chunk_0_block_97 (size 100) for chunk ChunkInfo{chunkName='110753376058081648_chunk_0_block_97, offset=0, len=100}
2023-07-21 18:00:03,380 [BlockDeletingService#0] INFO  impl.FilePerChunkStrategy (FilePerChunkStrategy.java:deleteChunk(322)) - Deleted chunk file /home/runner/work/ozone/ozone/hadoop-hdds/container-service/target/test-dir/TestBlockDeletingService/hdds/f1e9ef15-4d92-45a9-9473-505d9007cccc/current/containerDir0/110753376045760782/chunks/110753376058147185_chunk_0_block_98 (size 100) for chunk ChunkInfo{chunkName='110753376058147185_chunk_0_block_98, offset=0, len=100}
2023-07-21 18:00:03,381 [BlockDeletingService#0] INFO  impl.FilePerChunkStrategy (FilePerChunkStrategy.java:deleteChunk(322)) - Deleted chunk file /home/runner/work/ozone/ozone/hadoop-hdds/container-service/target/test-dir/TestBlockDeletingService/hdds/f1e9ef15-4d92-45a9-9473-505d9007cccc/current/containerDir0/110753376045760782/chunks/110753376058278258_chunk_0_block_99 (size 100) for chunk ChunkInfo{chunkName='110753376058278258_chunk_0_block_99, offset=0, len=100}
2023-07-21 18:00:03,383 [BlockDeletingService#0] WARN  utils.BackgroundService (BackgroundService.java:lambda$run$0(130)) - BlockDeletingService Background task execution took 42494862ns > 0ns(timeout)
2023-07-21 18:00:03,438 [main] INFO  utils.BackgroundService (BackgroundService.java:shutdown(141)) - Shutting down service BlockDeletingService
]]></system-out>
  </testcase>
  <testcase name="testShutdownService" classname="TestBlockDeletingService" time="0.562">
    <system-out><![CDATA[2023-07-21 18:00:05,970 [main] INFO  volume.HddsVolume (HddsVolume.java:<init>(126)) - Creating HddsVolume: /home/runner/work/ozone/ozone/hadoop-hdds/container-service/target/test-dir/TestBlockDeletingService/hdds of storage type : DISK capacity : 9223372036854775807
2023-07-21 18:00:05,971 [main] INFO  volume.MutableVolumeSet (MutableVolumeSet.java:initializeVolumeSet(175)) - Added Volume : /home/runner/work/ozone/ozone/hadoop-hdds/container-service/target/test-dir/TestBlockDeletingService/hdds to VolumeSet
2023-07-21 18:00:06,017 [main] INFO  utils.DatanodeStoreCache (DatanodeStoreCache.java:addDB(66)) - Added db /home/runner/work/ozone/ozone/hadoop-hdds/container-service/target/test-dir/TestBlockDeletingService/hdds/20ee5c40-9f20-4395-b0c1-9b4d1c43e8a4/DS-d0673a11-51d4-4056-968a-3fca0847d330/container.db to cache
2023-07-21 18:00:06,017 [main] INFO  volume.HddsVolume (HddsVolume.java:createDbStore(422)) - SchemaV3 db is created and loaded at /home/runner/work/ozone/ozone/hadoop-hdds/container-service/target/test-dir/TestBlockDeletingService/hdds/20ee5c40-9f20-4395-b0c1-9b4d1c43e8a4/DS-d0673a11-51d4-4056-968a-3fca0847d330/container.db for volume DS-d0673a11-51d4-4056-968a-3fca0847d330
2023-07-21 18:00:06,313 [BlockDeletingService#0] INFO  interfaces.ContainerDeletionChoosingPolicyTemplate (ContainerDeletionChoosingPolicyTemplate.java:chooseContainerForBlockDeletion(83)) - Chosen 100/4900 blocks from 1 candidate containers.
2023-07-21 18:00:06,318 [BlockDeletingService#0] INFO  impl.FilePerChunkStrategy (FilePerChunkStrategy.java:deleteChunk(322)) - Deleted chunk file /home/runner/work/ozone/ozone/hadoop-hdds/container-service/target/test-dir/TestBlockDeletingService/hdds/20ee5c40-9f20-4395-b0c1-9b4d1c43e8a4/current/containerDir128/110753376244007326/chunks/110753376244203935_chunk_0_block_0 (size 100) for chunk ChunkInfo{chunkName='110753376244203935_chunk_0_block_0, offset=0, len=100}
2023-07-21 18:00:06,318 [BlockDeletingService#0] INFO  impl.FilePerChunkStrategy (FilePerChunkStrategy.java:deleteChunk(322)) - Deleted chunk file /home/runner/work/ozone/ozone/hadoop-hdds/container-service/target/test-dir/TestBlockDeletingService/hdds/20ee5c40-9f20-4395-b0c1-9b4d1c43e8a4/current/containerDir128/110753376244007326/chunks/110753376245121448_chunk_0_block_9 (size 100) for chunk ChunkInfo{chunkName='110753376245121448_chunk_0_block_9, offset=0, len=100}
2023-07-21 18:00:06,319 [BlockDeletingService#0] INFO  impl.FilePerChunkStrategy (FilePerChunkStrategy.java:deleteChunk(322)) - Deleted chunk file /home/runner/work/ozone/ozone/hadoop-hdds/container-service/target/test-dir/TestBlockDeletingService/hdds/20ee5c40-9f20-4395-b0c1-9b4d1c43e8a4/current/containerDir128/110753376244007326/chunks/110753376253182466_chunk_0_block_99 (size 100) for chunk ChunkInfo{chunkName='110753376253182466_chunk_0_block_99, offset=0, len=100}
2023-07-21 18:00:06,319 [BlockDeletingService#0] INFO  impl.FilePerChunkStrategy (FilePerChunkStrategy.java:deleteChunk(322)) - Deleted chunk file /home/runner/work/ozone/ozone/hadoop-hdds/container-service/target/test-dir/TestBlockDeletingService/hdds/20ee5c40-9f20-4395-b0c1-9b4d1c43e8a4/current/containerDir128/110753376244007326/chunks/110753376245186985_chunk_0_block_10 (size 100) for chunk ChunkInfo{chunkName='110753376245186985_chunk_0_block_10, offset=0, len=100}
2023-07-21 18:00:06,319 [BlockDeletingService#0] INFO  impl.FilePerChunkStrategy (FilePerChunkStrategy.java:deleteChunk(322)) - Deleted chunk file /home/runner/work/ozone/ozone/hadoop-hdds/container-service/target/test-dir/TestBlockDeletingService/hdds/20ee5c40-9f20-4395-b0c1-9b4d1c43e8a4/current/containerDir128/110753376244007326/chunks/110753376245252522_chunk_0_block_11 (size 100) for chunk ChunkInfo{chunkName='110753376245252522_chunk_0_block_11, offset=0, len=100}
2023-07-21 18:00:06,319 [BlockDeletingService#0] INFO  impl.FilePerChunkStrategy (FilePerChunkStrategy.java:deleteChunk(322)) - Deleted chunk file /home/runner/work/ozone/ozone/hadoop-hdds/container-service/target/test-dir/TestBlockDeletingService/hdds/20ee5c40-9f20-4395-b0c1-9b4d1c43e8a4/current/containerDir128/110753376244007326/chunks/110753376245318059_chunk_0_block_12 (size 100) for chunk ChunkInfo{chunkName='110753376245318059_chunk_0_block_12, offset=0, len=100}
2023-07-21 18:00:06,320 [BlockDeletingService#0] INFO  impl.FilePerChunkStrategy (FilePerChunkStrategy.java:deleteChunk(322)) - Deleted chunk file /home/runner/work/ozone/ozone/hadoop-hdds/container-service/target/test-dir/TestBlockDeletingService/hdds/20ee5c40-9f20-4395-b0c1-9b4d1c43e8a4/current/containerDir128/110753376244007326/chunks/110753376245383596_chunk_0_block_13 (size 100) for chunk ChunkInfo{chunkName='110753376245383596_chunk_0_block_13, offset=0, len=100}
2023-07-21 18:00:06,320 [BlockDeletingService#0] INFO  impl.FilePerChunkStrategy (FilePerChunkStrategy.java:deleteChunk(322)) - Deleted chunk file /home/runner/work/ozone/ozone/hadoop-hdds/container-service/target/test-dir/TestBlockDeletingService/hdds/20ee5c40-9f20-4395-b0c1-9b4d1c43e8a4/current/containerDir128/110753376244007326/chunks/110753376245580205_chunk_0_block_14 (size 100) for chunk ChunkInfo{chunkName='110753376245580205_chunk_0_block_14, offset=0, len=100}
2023-07-21 18:00:06,320 [BlockDeletingService#0] INFO  impl.FilePerChunkStrategy (FilePerChunkStrategy.java:deleteChunk(322)) - Deleted chunk file /home/runner/work/ozone/ozone/hadoop-hdds/container-service/target/test-dir/TestBlockDeletingService/hdds/20ee5c40-9f20-4395-b0c1-9b4d1c43e8a4/current/containerDir128/110753376244007326/chunks/110753376245645742_chunk_0_block_15 (size 100) for chunk ChunkInfo{chunkName='110753376245645742_chunk_0_block_15, offset=0, len=100}
2023-07-21 18:00:06,320 [BlockDeletingService#0] INFO  impl.FilePerChunkStrategy (FilePerChunkStrategy.java:deleteChunk(322)) - Deleted chunk file /home/runner/work/ozone/ozone/hadoop-hdds/container-service/target/test-dir/TestBlockDeletingService/hdds/20ee5c40-9f20-4395-b0c1-9b4d1c43e8a4/current/containerDir128/110753376244007326/chunks/110753376245711279_chunk_0_block_16 (size 100) for chunk ChunkInfo{chunkName='110753376245711279_chunk_0_block_16, offset=0, len=100}
2023-07-21 18:00:06,321 [BlockDeletingService#0] INFO  impl.FilePerChunkStrategy (FilePerChunkStrategy.java:deleteChunk(322)) - Deleted chunk file /home/runner/work/ozone/ozone/hadoop-hdds/container-service/target/test-dir/TestBlockDeletingService/hdds/20ee5c40-9f20-4395-b0c1-9b4d1c43e8a4/current/containerDir128/110753376244007326/chunks/110753376245842352_chunk_0_block_17 (size 100) for chunk ChunkInfo{chunkName='110753376245842352_chunk_0_block_17, offset=0, len=100}
2023-07-21 18:00:06,321 [BlockDeletingService#0] INFO  impl.FilePerChunkStrategy (FilePerChunkStrategy.java:deleteChunk(322)) - Deleted chunk file /home/runner/work/ozone/ozone/hadoop-hdds/container-service/target/test-dir/TestBlockDeletingService/hdds/20ee5c40-9f20-4395-b0c1-9b4d1c43e8a4/current/containerDir128/110753376244007326/chunks/110753376245973425_chunk_0_block_18 (size 100) for chunk ChunkInfo{chunkName='110753376245973425_chunk_0_block_18, offset=0, len=100}
2023-07-21 18:00:06,321 [BlockDeletingService#0] INFO  impl.FilePerChunkStrategy (FilePerChunkStrategy.java:deleteChunk(322)) - Deleted chunk file /home/runner/work/ozone/ozone/hadoop-hdds/container-service/target/test-dir/TestBlockDeletingService/hdds/20ee5c40-9f20-4395-b0c1-9b4d1c43e8a4/current/containerDir128/110753376244007326/chunks/110753376244335008_chunk_0_block_1 (size 100) for chunk ChunkInfo{chunkName='110753376244335008_chunk_0_block_1, offset=0, len=100}
2023-07-21 18:00:06,321 [BlockDeletingService#0] INFO  impl.FilePerChunkStrategy (FilePerChunkStrategy.java:deleteChunk(322)) - Deleted chunk file /home/runner/work/ozone/ozone/hadoop-hdds/container-service/target/test-dir/TestBlockDeletingService/hdds/20ee5c40-9f20-4395-b0c1-9b4d1c43e8a4/current/containerDir128/110753376244007326/chunks/110753376246170034_chunk_0_block_19 (size 100) for chunk ChunkInfo{chunkName='110753376246170034_chunk_0_block_19, offset=0, len=100}
2023-07-21 18:00:06,322 [BlockDeletingService#0] INFO  impl.FilePerChunkStrategy (FilePerChunkStrategy.java:deleteChunk(322)) - Deleted chunk file /home/runner/work/ozone/ozone/hadoop-hdds/container-service/target/test-dir/TestBlockDeletingService/hdds/20ee5c40-9f20-4395-b0c1-9b4d1c43e8a4/current/containerDir128/110753376244007326/chunks/110753376246301107_chunk_0_block_20 (size 100) for chunk ChunkInfo{chunkName='110753376246301107_chunk_0_block_20, offset=0, len=100}
2023-07-21 18:00:06,322 [BlockDeletingService#0] INFO  impl.FilePerChunkStrategy (FilePerChunkStrategy.java:deleteChunk(322)) - Deleted chunk file /home/runner/work/ozone/ozone/hadoop-hdds/container-service/target/test-dir/TestBlockDeletingService/hdds/20ee5c40-9f20-4395-b0c1-9b4d1c43e8a4/current/containerDir128/110753376244007326/chunks/110753376246366644_chunk_0_block_21 (size 100) for chunk ChunkInfo{chunkName='110753376246366644_chunk_0_block_21, offset=0, len=100}
2023-07-21 18:00:06,322 [BlockDeletingService#0] INFO  impl.FilePerChunkStrategy (FilePerChunkStrategy.java:deleteChunk(322)) - Deleted chunk file /home/runner/work/ozone/ozone/hadoop-hdds/container-service/target/test-dir/TestBlockDeletingService/hdds/20ee5c40-9f20-4395-b0c1-9b4d1c43e8a4/current/containerDir128/110753376244007326/chunks/110753376246432181_chunk_0_block_22 (size 100) for chunk ChunkInfo{chunkName='110753376246432181_chunk_0_block_22, offset=0, len=100}
2023-07-21 18:00:06,322 [BlockDeletingService#0] INFO  impl.FilePerChunkStrategy (FilePerChunkStrategy.java:deleteChunk(322)) - Deleted chunk file /home/runner/work/ozone/ozone/hadoop-hdds/container-service/target/test-dir/TestBlockDeletingService/hdds/20ee5c40-9f20-4395-b0c1-9b4d1c43e8a4/current/containerDir128/110753376244007326/chunks/110753376246497718_chunk_0_block_23 (size 100) for chunk ChunkInfo{chunkName='110753376246497718_chunk_0_block_23, offset=0, len=100}
2023-07-21 18:00:06,323 [BlockDeletingService#0] INFO  impl.FilePerChunkStrategy (FilePerChunkStrategy.java:deleteChunk(322)) - Deleted chunk file /home/runner/work/ozone/ozone/hadoop-hdds/container-service/target/test-dir/TestBlockDeletingService/hdds/20ee5c40-9f20-4395-b0c1-9b4d1c43e8a4/current/containerDir128/110753376244007326/chunks/110753376246563255_chunk_0_block_24 (size 100) for chunk ChunkInfo{chunkName='110753376246563255_chunk_0_block_24, offset=0, len=100}
2023-07-21 18:00:06,323 [BlockDeletingService#0] INFO  impl.FilePerChunkStrategy (FilePerChunkStrategy.java:deleteChunk(322)) - Deleted chunk file /home/runner/work/ozone/ozone/hadoop-hdds/container-service/target/test-dir/TestBlockDeletingService/hdds/20ee5c40-9f20-4395-b0c1-9b4d1c43e8a4/current/containerDir128/110753376244007326/chunks/110753376246628792_chunk_0_block_25 (size 100) for chunk ChunkInfo{chunkName='110753376246628792_chunk_0_block_25, offset=0, len=100}
2023-07-21 18:00:06,323 [BlockDeletingService#0] INFO  impl.FilePerChunkStrategy (FilePerChunkStrategy.java:deleteChunk(322)) - Deleted chunk file /home/runner/work/ozone/ozone/hadoop-hdds/container-service/target/test-dir/TestBlockDeletingService/hdds/20ee5c40-9f20-4395-b0c1-9b4d1c43e8a4/current/containerDir128/110753376244007326/chunks/110753376246694329_chunk_0_block_26 (size 100) for chunk ChunkInfo{chunkName='110753376246694329_chunk_0_block_26, offset=0, len=100}
2023-07-21 18:00:06,323 [BlockDeletingService#0] INFO  impl.FilePerChunkStrategy (FilePerChunkStrategy.java:deleteChunk(322)) - Deleted chunk file /home/runner/work/ozone/ozone/hadoop-hdds/container-service/target/test-dir/TestBlockDeletingService/hdds/20ee5c40-9f20-4395-b0c1-9b4d1c43e8a4/current/containerDir128/110753376244007326/chunks/110753376246759866_chunk_0_block_27 (size 100) for chunk ChunkInfo{chunkName='110753376246759866_chunk_0_block_27, offset=0, len=100}
2023-07-21 18:00:06,324 [BlockDeletingService#0] INFO  impl.FilePerChunkStrategy (FilePerChunkStrategy.java:deleteChunk(322)) - Deleted chunk file /home/runner/work/ozone/ozone/hadoop-hdds/container-service/target/test-dir/TestBlockDeletingService/hdds/20ee5c40-9f20-4395-b0c1-9b4d1c43e8a4/current/containerDir128/110753376244007326/chunks/110753376246825403_chunk_0_block_28 (size 100) for chunk ChunkInfo{chunkName='110753376246825403_chunk_0_block_28, offset=0, len=100}
2023-07-21 18:00:06,324 [BlockDeletingService#0] INFO  impl.FilePerChunkStrategy (FilePerChunkStrategy.java:deleteChunk(322)) - Deleted chunk file /home/runner/work/ozone/ozone/hadoop-hdds/container-service/target/test-dir/TestBlockDeletingService/hdds/20ee5c40-9f20-4395-b0c1-9b4d1c43e8a4/current/containerDir128/110753376244007326/chunks/110753376244466081_chunk_0_block_2 (size 100) for chunk ChunkInfo{chunkName='110753376244466081_chunk_0_block_2, offset=0, len=100}
2023-07-21 18:00:06,324 [BlockDeletingService#0] INFO  impl.FilePerChunkStrategy (FilePerChunkStrategy.java:deleteChunk(322)) - Deleted chunk file /home/runner/work/ozone/ozone/hadoop-hdds/container-service/target/test-dir/TestBlockDeletingService/hdds/20ee5c40-9f20-4395-b0c1-9b4d1c43e8a4/current/containerDir128/110753376244007326/chunks/110753376246956476_chunk_0_block_29 (size 100) for chunk ChunkInfo{chunkName='110753376246956476_chunk_0_block_29, offset=0, len=100}
2023-07-21 18:00:06,324 [BlockDeletingService#0] INFO  impl.FilePerChunkStrategy (FilePerChunkStrategy.java:deleteChunk(322)) - Deleted chunk file /home/runner/work/ozone/ozone/hadoop-hdds/container-service/target/test-dir/TestBlockDeletingService/hdds/20ee5c40-9f20-4395-b0c1-9b4d1c43e8a4/current/containerDir128/110753376244007326/chunks/110753376247022013_chunk_0_block_30 (size 100) for chunk ChunkInfo{chunkName='110753376247022013_chunk_0_block_30, offset=0, len=100}
2023-07-21 18:00:06,325 [BlockDeletingService#0] INFO  impl.FilePerChunkStrategy (FilePerChunkStrategy.java:deleteChunk(322)) - Deleted chunk file /home/runner/work/ozone/ozone/hadoop-hdds/container-service/target/test-dir/TestBlockDeletingService/hdds/20ee5c40-9f20-4395-b0c1-9b4d1c43e8a4/current/containerDir128/110753376244007326/chunks/110753376247087550_chunk_0_block_31 (size 100) for chunk ChunkInfo{chunkName='110753376247087550_chunk_0_block_31, offset=0, len=100}
2023-07-21 18:00:06,325 [BlockDeletingService#0] INFO  impl.FilePerChunkStrategy (FilePerChunkStrategy.java:deleteChunk(322)) - Deleted chunk file /home/runner/work/ozone/ozone/hadoop-hdds/container-service/target/test-dir/TestBlockDeletingService/hdds/20ee5c40-9f20-4395-b0c1-9b4d1c43e8a4/current/containerDir128/110753376244007326/chunks/110753376247218623_chunk_0_block_32 (size 100) for chunk ChunkInfo{chunkName='110753376247218623_chunk_0_block_32, offset=0, len=100}
2023-07-21 18:00:06,325 [BlockDeletingService#0] INFO  impl.FilePerChunkStrategy (FilePerChunkStrategy.java:deleteChunk(322)) - Deleted chunk file /home/runner/work/ozone/ozone/hadoop-hdds/container-service/target/test-dir/TestBlockDeletingService/hdds/20ee5c40-9f20-4395-b0c1-9b4d1c43e8a4/current/containerDir128/110753376244007326/chunks/110753376247284160_chunk_0_block_33 (size 100) for chunk ChunkInfo{chunkName='110753376247284160_chunk_0_block_33, offset=0, len=100}
2023-07-21 18:00:06,325 [BlockDeletingService#0] INFO  impl.FilePerChunkStrategy (FilePerChunkStrategy.java:deleteChunk(322)) - Deleted chunk file /home/runner/work/ozone/ozone/hadoop-hdds/container-service/target/test-dir/TestBlockDeletingService/hdds/20ee5c40-9f20-4395-b0c1-9b4d1c43e8a4/current/containerDir128/110753376244007326/chunks/110753376247349697_chunk_0_block_34 (size 100) for chunk ChunkInfo{chunkName='110753376247349697_chunk_0_block_34, offset=0, len=100}
2023-07-21 18:00:06,326 [BlockDeletingService#0] INFO  impl.FilePerChunkStrategy (FilePerChunkStrategy.java:deleteChunk(322)) - Deleted chunk file /home/runner/work/ozone/ozone/hadoop-hdds/container-service/target/test-dir/TestBlockDeletingService/hdds/20ee5c40-9f20-4395-b0c1-9b4d1c43e8a4/current/containerDir128/110753376244007326/chunks/110753376247415234_chunk_0_block_35 (size 100) for chunk ChunkInfo{chunkName='110753376247415234_chunk_0_block_35, offset=0, len=100}
2023-07-21 18:00:06,326 [BlockDeletingService#0] INFO  impl.FilePerChunkStrategy (FilePerChunkStrategy.java:deleteChunk(322)) - Deleted chunk file /home/runner/work/ozone/ozone/hadoop-hdds/container-service/target/test-dir/TestBlockDeletingService/hdds/20ee5c40-9f20-4395-b0c1-9b4d1c43e8a4/current/containerDir128/110753376244007326/chunks/110753376247480771_chunk_0_block_36 (size 100) for chunk ChunkInfo{chunkName='110753376247480771_chunk_0_block_36, offset=0, len=100}
2023-07-21 18:00:06,326 [BlockDeletingService#0] INFO  impl.FilePerChunkStrategy (FilePerChunkStrategy.java:deleteChunk(322)) - Deleted chunk file /home/runner/work/ozone/ozone/hadoop-hdds/container-service/target/test-dir/TestBlockDeletingService/hdds/20ee5c40-9f20-4395-b0c1-9b4d1c43e8a4/current/containerDir128/110753376244007326/chunks/110753376247611844_chunk_0_block_37 (size 100) for chunk ChunkInfo{chunkName='110753376247611844_chunk_0_block_37, offset=0, len=100}
2023-07-21 18:00:06,326 [BlockDeletingService#0] INFO  impl.FilePerChunkStrategy (FilePerChunkStrategy.java:deleteChunk(322)) - Deleted chunk file /home/runner/work/ozone/ozone/hadoop-hdds/container-service/target/test-dir/TestBlockDeletingService/hdds/20ee5c40-9f20-4395-b0c1-9b4d1c43e8a4/current/containerDir128/110753376244007326/chunks/110753376247742917_chunk_0_block_38 (size 100) for chunk ChunkInfo{chunkName='110753376247742917_chunk_0_block_38, offset=0, len=100}
2023-07-21 18:00:06,327 [BlockDeletingService#0] INFO  impl.FilePerChunkStrategy (FilePerChunkStrategy.java:deleteChunk(322)) - Deleted chunk file /home/runner/work/ozone/ozone/hadoop-hdds/container-service/target/test-dir/TestBlockDeletingService/hdds/20ee5c40-9f20-4395-b0c1-9b4d1c43e8a4/current/containerDir128/110753376244007326/chunks/110753376244597154_chunk_0_block_3 (size 100) for chunk ChunkInfo{chunkName='110753376244597154_chunk_0_block_3, offset=0, len=100}
2023-07-21 18:00:06,327 [BlockDeletingService#0] INFO  impl.FilePerChunkStrategy (FilePerChunkStrategy.java:deleteChunk(322)) - Deleted chunk file /home/runner/work/ozone/ozone/hadoop-hdds/container-service/target/test-dir/TestBlockDeletingService/hdds/20ee5c40-9f20-4395-b0c1-9b4d1c43e8a4/current/containerDir128/110753376244007326/chunks/110753376247808454_chunk_0_block_39 (size 100) for chunk ChunkInfo{chunkName='110753376247808454_chunk_0_block_39, offset=0, len=100}
2023-07-21 18:00:06,327 [BlockDeletingService#0] INFO  impl.FilePerChunkStrategy (FilePerChunkStrategy.java:deleteChunk(322)) - Deleted chunk file /home/runner/work/ozone/ozone/hadoop-hdds/container-service/target/test-dir/TestBlockDeletingService/hdds/20ee5c40-9f20-4395-b0c1-9b4d1c43e8a4/current/containerDir128/110753376244007326/chunks/110753376247873991_chunk_0_block_40 (size 100) for chunk ChunkInfo{chunkName='110753376247873991_chunk_0_block_40, offset=0, len=100}
2023-07-21 18:00:06,327 [BlockDeletingService#0] INFO  impl.FilePerChunkStrategy (FilePerChunkStrategy.java:deleteChunk(322)) - Deleted chunk file /home/runner/work/ozone/ozone/hadoop-hdds/container-service/target/test-dir/TestBlockDeletingService/hdds/20ee5c40-9f20-4395-b0c1-9b4d1c43e8a4/current/containerDir128/110753376244007326/chunks/110753376247939528_chunk_0_block_41 (size 100) for chunk ChunkInfo{chunkName='110753376247939528_chunk_0_block_41, offset=0, len=100}
2023-07-21 18:00:06,328 [BlockDeletingService#0] INFO  impl.FilePerChunkStrategy (FilePerChunkStrategy.java:deleteChunk(322)) - Deleted chunk file /home/runner/work/ozone/ozone/hadoop-hdds/container-service/target/test-dir/TestBlockDeletingService/hdds/20ee5c40-9f20-4395-b0c1-9b4d1c43e8a4/current/containerDir128/110753376244007326/chunks/110753376248070601_chunk_0_block_42 (size 100) for chunk ChunkInfo{chunkName='110753376248070601_chunk_0_block_42, offset=0, len=100}
2023-07-21 18:00:06,328 [BlockDeletingService#0] INFO  impl.FilePerChunkStrategy (FilePerChunkStrategy.java:deleteChunk(322)) - Deleted chunk file /home/runner/work/ozone/ozone/hadoop-hdds/container-service/target/test-dir/TestBlockDeletingService/hdds/20ee5c40-9f20-4395-b0c1-9b4d1c43e8a4/current/containerDir128/110753376244007326/chunks/110753376248136138_chunk_0_block_43 (size 100) for chunk ChunkInfo{chunkName='110753376248136138_chunk_0_block_43, offset=0, len=100}
2023-07-21 18:00:06,328 [BlockDeletingService#0] INFO  impl.FilePerChunkStrategy (FilePerChunkStrategy.java:deleteChunk(322)) - Deleted chunk file /home/runner/work/ozone/ozone/hadoop-hdds/container-service/target/test-dir/TestBlockDeletingService/hdds/20ee5c40-9f20-4395-b0c1-9b4d1c43e8a4/current/containerDir128/110753376244007326/chunks/110753376248267211_chunk_0_block_44 (size 100) for chunk ChunkInfo{chunkName='110753376248267211_chunk_0_block_44, offset=0, len=100}
2023-07-21 18:00:06,328 [BlockDeletingService#0] INFO  impl.FilePerChunkStrategy (FilePerChunkStrategy.java:deleteChunk(322)) - Deleted chunk file /home/runner/work/ozone/ozone/hadoop-hdds/container-service/target/test-dir/TestBlockDeletingService/hdds/20ee5c40-9f20-4395-b0c1-9b4d1c43e8a4/current/containerDir128/110753376244007326/chunks/110753376248332748_chunk_0_block_45 (size 100) for chunk ChunkInfo{chunkName='110753376248332748_chunk_0_block_45, offset=0, len=100}
2023-07-21 18:00:06,328 [BlockDeletingService#0] INFO  impl.FilePerChunkStrategy (FilePerChunkStrategy.java:deleteChunk(322)) - Deleted chunk file /home/runner/work/ozone/ozone/hadoop-hdds/container-service/target/test-dir/TestBlockDeletingService/hdds/20ee5c40-9f20-4395-b0c1-9b4d1c43e8a4/current/containerDir128/110753376244007326/chunks/110753376248398285_chunk_0_block_46 (size 100) for chunk ChunkInfo{chunkName='110753376248398285_chunk_0_block_46, offset=0, len=100}
2023-07-21 18:00:06,329 [BlockDeletingService#0] INFO  impl.FilePerChunkStrategy (FilePerChunkStrategy.java:deleteChunk(322)) - Deleted chunk file /home/runner/work/ozone/ozone/hadoop-hdds/container-service/target/test-dir/TestBlockDeletingService/hdds/20ee5c40-9f20-4395-b0c1-9b4d1c43e8a4/current/containerDir128/110753376244007326/chunks/110753376248463822_chunk_0_block_47 (size 100) for chunk ChunkInfo{chunkName='110753376248463822_chunk_0_block_47, offset=0, len=100}
2023-07-21 18:00:06,329 [BlockDeletingService#0] INFO  impl.FilePerChunkStrategy (FilePerChunkStrategy.java:deleteChunk(322)) - Deleted chunk file /home/runner/work/ozone/ozone/hadoop-hdds/container-service/target/test-dir/TestBlockDeletingService/hdds/20ee5c40-9f20-4395-b0c1-9b4d1c43e8a4/current/containerDir128/110753376244007326/chunks/110753376248594895_chunk_0_block_48 (size 100) for chunk ChunkInfo{chunkName='110753376248594895_chunk_0_block_48, offset=0, len=100}
2023-07-21 18:00:06,329 [BlockDeletingService#0] INFO  impl.FilePerChunkStrategy (FilePerChunkStrategy.java:deleteChunk(322)) - Deleted chunk file /home/runner/work/ozone/ozone/hadoop-hdds/container-service/target/test-dir/TestBlockDeletingService/hdds/20ee5c40-9f20-4395-b0c1-9b4d1c43e8a4/current/containerDir128/110753376244007326/chunks/110753376244728227_chunk_0_block_4 (size 100) for chunk ChunkInfo{chunkName='110753376244728227_chunk_0_block_4, offset=0, len=100}
2023-07-21 18:00:06,329 [BlockDeletingService#0] INFO  impl.FilePerChunkStrategy (FilePerChunkStrategy.java:deleteChunk(322)) - Deleted chunk file /home/runner/work/ozone/ozone/hadoop-hdds/container-service/target/test-dir/TestBlockDeletingService/hdds/20ee5c40-9f20-4395-b0c1-9b4d1c43e8a4/current/containerDir128/110753376244007326/chunks/110753376248725968_chunk_0_block_49 (size 100) for chunk ChunkInfo{chunkName='110753376248725968_chunk_0_block_49, offset=0, len=100}
2023-07-21 18:00:06,330 [BlockDeletingService#0] INFO  impl.FilePerChunkStrategy (FilePerChunkStrategy.java:deleteChunk(322)) - Deleted chunk file /home/runner/work/ozone/ozone/hadoop-hdds/container-service/target/test-dir/TestBlockDeletingService/hdds/20ee5c40-9f20-4395-b0c1-9b4d1c43e8a4/current/containerDir128/110753376244007326/chunks/110753376248791505_chunk_0_block_50 (size 100) for chunk ChunkInfo{chunkName='110753376248791505_chunk_0_block_50, offset=0, len=100}
2023-07-21 18:00:06,330 [BlockDeletingService#0] INFO  impl.FilePerChunkStrategy (FilePerChunkStrategy.java:deleteChunk(322)) - Deleted chunk file /home/runner/work/ozone/ozone/hadoop-hdds/container-service/target/test-dir/TestBlockDeletingService/hdds/20ee5c40-9f20-4395-b0c1-9b4d1c43e8a4/current/containerDir128/110753376244007326/chunks/110753376248922578_chunk_0_block_51 (size 100) for chunk ChunkInfo{chunkName='110753376248922578_chunk_0_block_51, offset=0, len=100}
2023-07-21 18:00:06,330 [BlockDeletingService#0] INFO  impl.FilePerChunkStrategy (FilePerChunkStrategy.java:deleteChunk(322)) - Deleted chunk file /home/runner/work/ozone/ozone/hadoop-hdds/container-service/target/test-dir/TestBlockDeletingService/hdds/20ee5c40-9f20-4395-b0c1-9b4d1c43e8a4/current/containerDir128/110753376244007326/chunks/110753376248988115_chunk_0_block_52 (size 100) for chunk ChunkInfo{chunkName='110753376248988115_chunk_0_block_52, offset=0, len=100}
2023-07-21 18:00:06,330 [BlockDeletingService#0] INFO  impl.FilePerChunkStrategy (FilePerChunkStrategy.java:deleteChunk(322)) - Deleted chunk file /home/runner/work/ozone/ozone/hadoop-hdds/container-service/target/test-dir/TestBlockDeletingService/hdds/20ee5c40-9f20-4395-b0c1-9b4d1c43e8a4/current/containerDir128/110753376244007326/chunks/110753376249053652_chunk_0_block_53 (size 100) for chunk ChunkInfo{chunkName='110753376249053652_chunk_0_block_53, offset=0, len=100}
2023-07-21 18:00:06,331 [BlockDeletingService#0] INFO  impl.FilePerChunkStrategy (FilePerChunkStrategy.java:deleteChunk(322)) - Deleted chunk file /home/runner/work/ozone/ozone/hadoop-hdds/container-service/target/test-dir/TestBlockDeletingService/hdds/20ee5c40-9f20-4395-b0c1-9b4d1c43e8a4/current/containerDir128/110753376244007326/chunks/110753376249184725_chunk_0_block_54 (size 100) for chunk ChunkInfo{chunkName='110753376249184725_chunk_0_block_54, offset=0, len=100}
2023-07-21 18:00:06,331 [BlockDeletingService#0] INFO  impl.FilePerChunkStrategy (FilePerChunkStrategy.java:deleteChunk(322)) - Deleted chunk file /home/runner/work/ozone/ozone/hadoop-hdds/container-service/target/test-dir/TestBlockDeletingService/hdds/20ee5c40-9f20-4395-b0c1-9b4d1c43e8a4/current/containerDir128/110753376244007326/chunks/110753376249250262_chunk_0_block_55 (size 100) for chunk ChunkInfo{chunkName='110753376249250262_chunk_0_block_55, offset=0, len=100}
2023-07-21 18:00:06,331 [BlockDeletingService#0] INFO  impl.FilePerChunkStrategy (FilePerChunkStrategy.java:deleteChunk(322)) - Deleted chunk file /home/runner/work/ozone/ozone/hadoop-hdds/container-service/target/test-dir/TestBlockDeletingService/hdds/20ee5c40-9f20-4395-b0c1-9b4d1c43e8a4/current/containerDir128/110753376244007326/chunks/110753376249381335_chunk_0_block_56 (size 100) for chunk ChunkInfo{chunkName='110753376249381335_chunk_0_block_56, offset=0, len=100}
2023-07-21 18:00:06,331 [BlockDeletingService#0] INFO  impl.FilePerChunkStrategy (FilePerChunkStrategy.java:deleteChunk(322)) - Deleted chunk file /home/runner/work/ozone/ozone/hadoop-hdds/container-service/target/test-dir/TestBlockDeletingService/hdds/20ee5c40-9f20-4395-b0c1-9b4d1c43e8a4/current/containerDir128/110753376244007326/chunks/110753376249446872_chunk_0_block_57 (size 100) for chunk ChunkInfo{chunkName='110753376249446872_chunk_0_block_57, offset=0, len=100}
2023-07-21 18:00:06,332 [BlockDeletingService#0] INFO  impl.FilePerChunkStrategy (FilePerChunkStrategy.java:deleteChunk(322)) - Deleted chunk file /home/runner/work/ozone/ozone/hadoop-hdds/container-service/target/test-dir/TestBlockDeletingService/hdds/20ee5c40-9f20-4395-b0c1-9b4d1c43e8a4/current/containerDir128/110753376244007326/chunks/110753376249512409_chunk_0_block_58 (size 100) for chunk ChunkInfo{chunkName='110753376249512409_chunk_0_block_58, offset=0, len=100}
2023-07-21 18:00:06,332 [BlockDeletingService#0] INFO  impl.FilePerChunkStrategy (FilePerChunkStrategy.java:deleteChunk(322)) - Deleted chunk file /home/runner/work/ozone/ozone/hadoop-hdds/container-service/target/test-dir/TestBlockDeletingService/hdds/20ee5c40-9f20-4395-b0c1-9b4d1c43e8a4/current/containerDir128/110753376244007326/chunks/110753376244793764_chunk_0_block_5 (size 100) for chunk ChunkInfo{chunkName='110753376244793764_chunk_0_block_5, offset=0, len=100}
2023-07-21 18:00:06,332 [BlockDeletingService#0] INFO  impl.FilePerChunkStrategy (FilePerChunkStrategy.java:deleteChunk(322)) - Deleted chunk file /home/runner/work/ozone/ozone/hadoop-hdds/container-service/target/test-dir/TestBlockDeletingService/hdds/20ee5c40-9f20-4395-b0c1-9b4d1c43e8a4/current/containerDir128/110753376244007326/chunks/110753376249577946_chunk_0_block_59 (size 100) for chunk ChunkInfo{chunkName='110753376249577946_chunk_0_block_59, offset=0, len=100}
2023-07-21 18:00:06,332 [BlockDeletingService#0] INFO  impl.FilePerChunkStrategy (FilePerChunkStrategy.java:deleteChunk(322)) - Deleted chunk file /home/runner/work/ozone/ozone/hadoop-hdds/container-service/target/test-dir/TestBlockDeletingService/hdds/20ee5c40-9f20-4395-b0c1-9b4d1c43e8a4/current/containerDir128/110753376244007326/chunks/110753376249709019_chunk_0_block_60 (size 100) for chunk ChunkInfo{chunkName='110753376249709019_chunk_0_block_60, offset=0, len=100}
2023-07-21 18:00:06,333 [BlockDeletingService#0] INFO  impl.FilePerChunkStrategy (FilePerChunkStrategy.java:deleteChunk(322)) - Deleted chunk file /home/runner/work/ozone/ozone/hadoop-hdds/container-service/target/test-dir/TestBlockDeletingService/hdds/20ee5c40-9f20-4395-b0c1-9b4d1c43e8a4/current/containerDir128/110753376244007326/chunks/110753376249774556_chunk_0_block_61 (size 100) for chunk ChunkInfo{chunkName='110753376249774556_chunk_0_block_61, offset=0, len=100}
2023-07-21 18:00:06,333 [BlockDeletingService#0] INFO  impl.FilePerChunkStrategy (FilePerChunkStrategy.java:deleteChunk(322)) - Deleted chunk file /home/runner/work/ozone/ozone/hadoop-hdds/container-service/target/test-dir/TestBlockDeletingService/hdds/20ee5c40-9f20-4395-b0c1-9b4d1c43e8a4/current/containerDir128/110753376244007326/chunks/110753376249840093_chunk_0_block_62 (size 100) for chunk ChunkInfo{chunkName='110753376249840093_chunk_0_block_62, offset=0, len=100}
2023-07-21 18:00:06,333 [BlockDeletingService#0] INFO  impl.FilePerChunkStrategy (FilePerChunkStrategy.java:deleteChunk(322)) - Deleted chunk file /home/runner/work/ozone/ozone/hadoop-hdds/container-service/target/test-dir/TestBlockDeletingService/hdds/20ee5c40-9f20-4395-b0c1-9b4d1c43e8a4/current/containerDir128/110753376244007326/chunks/110753376249905630_chunk_0_block_63 (size 100) for chunk ChunkInfo{chunkName='110753376249905630_chunk_0_block_63, offset=0, len=100}
2023-07-21 18:00:06,333 [BlockDeletingService#0] INFO  impl.FilePerChunkStrategy (FilePerChunkStrategy.java:deleteChunk(322)) - Deleted chunk file /home/runner/work/ozone/ozone/hadoop-hdds/container-service/target/test-dir/TestBlockDeletingService/hdds/20ee5c40-9f20-4395-b0c1-9b4d1c43e8a4/current/containerDir128/110753376244007326/chunks/110753376250036703_chunk_0_block_64 (size 100) for chunk ChunkInfo{chunkName='110753376250036703_chunk_0_block_64, offset=0, len=100}
2023-07-21 18:00:06,334 [BlockDeletingService#0] INFO  impl.FilePerChunkStrategy (FilePerChunkStrategy.java:deleteChunk(322)) - Deleted chunk file /home/runner/work/ozone/ozone/hadoop-hdds/container-service/target/test-dir/TestBlockDeletingService/hdds/20ee5c40-9f20-4395-b0c1-9b4d1c43e8a4/current/containerDir128/110753376244007326/chunks/110753376250102240_chunk_0_block_65 (size 100) for chunk ChunkInfo{chunkName='110753376250102240_chunk_0_block_65, offset=0, len=100}
2023-07-21 18:00:06,334 [BlockDeletingService#0] INFO  impl.FilePerChunkStrategy (FilePerChunkStrategy.java:deleteChunk(322)) - Deleted chunk file /home/runner/work/ozone/ozone/hadoop-hdds/container-service/target/test-dir/TestBlockDeletingService/hdds/20ee5c40-9f20-4395-b0c1-9b4d1c43e8a4/current/containerDir128/110753376244007326/chunks/110753376250167777_chunk_0_block_66 (size 100) for chunk ChunkInfo{chunkName='110753376250167777_chunk_0_block_66, offset=0, len=100}
2023-07-21 18:00:06,334 [BlockDeletingService#0] INFO  impl.FilePerChunkStrategy (FilePerChunkStrategy.java:deleteChunk(322)) - Deleted chunk file /home/runner/work/ozone/ozone/hadoop-hdds/container-service/target/test-dir/TestBlockDeletingService/hdds/20ee5c40-9f20-4395-b0c1-9b4d1c43e8a4/current/containerDir128/110753376244007326/chunks/110753376250298850_chunk_0_block_67 (size 100) for chunk ChunkInfo{chunkName='110753376250298850_chunk_0_block_67, offset=0, len=100}
2023-07-21 18:00:06,334 [BlockDeletingService#0] INFO  impl.FilePerChunkStrategy (FilePerChunkStrategy.java:deleteChunk(322)) - Deleted chunk file /home/runner/work/ozone/ozone/hadoop-hdds/container-service/target/test-dir/TestBlockDeletingService/hdds/20ee5c40-9f20-4395-b0c1-9b4d1c43e8a4/current/containerDir128/110753376244007326/chunks/110753376250364387_chunk_0_block_68 (size 100) for chunk ChunkInfo{chunkName='110753376250364387_chunk_0_block_68, offset=0, len=100}
2023-07-21 18:00:06,334 [BlockDeletingService#0] INFO  impl.FilePerChunkStrategy (FilePerChunkStrategy.java:deleteChunk(322)) - Deleted chunk file /home/runner/work/ozone/ozone/hadoop-hdds/container-service/target/test-dir/TestBlockDeletingService/hdds/20ee5c40-9f20-4395-b0c1-9b4d1c43e8a4/current/containerDir128/110753376244007326/chunks/110753376244859301_chunk_0_block_6 (size 100) for chunk ChunkInfo{chunkName='110753376244859301_chunk_0_block_6, offset=0, len=100}
2023-07-21 18:00:06,335 [BlockDeletingService#0] INFO  impl.FilePerChunkStrategy (FilePerChunkStrategy.java:deleteChunk(322)) - Deleted chunk file /home/runner/work/ozone/ozone/hadoop-hdds/container-service/target/test-dir/TestBlockDeletingService/hdds/20ee5c40-9f20-4395-b0c1-9b4d1c43e8a4/current/containerDir128/110753376244007326/chunks/110753376250495460_chunk_0_block_69 (size 100) for chunk ChunkInfo{chunkName='110753376250495460_chunk_0_block_69, offset=0, len=100}
2023-07-21 18:00:06,335 [BlockDeletingService#0] INFO  impl.FilePerChunkStrategy (FilePerChunkStrategy.java:deleteChunk(322)) - Deleted chunk file /home/runner/work/ozone/ozone/hadoop-hdds/container-service/target/test-dir/TestBlockDeletingService/hdds/20ee5c40-9f20-4395-b0c1-9b4d1c43e8a4/current/containerDir128/110753376244007326/chunks/110753376250560997_chunk_0_block_70 (size 100) for chunk ChunkInfo{chunkName='110753376250560997_chunk_0_block_70, offset=0, len=100}
2023-07-21 18:00:06,335 [BlockDeletingService#0] INFO  impl.FilePerChunkStrategy (FilePerChunkStrategy.java:deleteChunk(322)) - Deleted chunk file /home/runner/work/ozone/ozone/hadoop-hdds/container-service/target/test-dir/TestBlockDeletingService/hdds/20ee5c40-9f20-4395-b0c1-9b4d1c43e8a4/current/containerDir128/110753376244007326/chunks/110753376250626534_chunk_0_block_71 (size 100) for chunk ChunkInfo{chunkName='110753376250626534_chunk_0_block_71, offset=0, len=100}
2023-07-21 18:00:06,336 [BlockDeletingService#0] INFO  impl.FilePerChunkStrategy (FilePerChunkStrategy.java:deleteChunk(322)) - Deleted chunk file /home/runner/work/ozone/ozone/hadoop-hdds/container-service/target/test-dir/TestBlockDeletingService/hdds/20ee5c40-9f20-4395-b0c1-9b4d1c43e8a4/current/containerDir128/110753376244007326/chunks/110753376250757607_chunk_0_block_72 (size 100) for chunk ChunkInfo{chunkName='110753376250757607_chunk_0_block_72, offset=0, len=100}
2023-07-21 18:00:06,336 [BlockDeletingService#0] INFO  impl.FilePerChunkStrategy (FilePerChunkStrategy.java:deleteChunk(322)) - Deleted chunk file /home/runner/work/ozone/ozone/hadoop-hdds/container-service/target/test-dir/TestBlockDeletingService/hdds/20ee5c40-9f20-4395-b0c1-9b4d1c43e8a4/current/containerDir128/110753376244007326/chunks/110753376250823144_chunk_0_block_73 (size 100) for chunk ChunkInfo{chunkName='110753376250823144_chunk_0_block_73, offset=0, len=100}
2023-07-21 18:00:06,336 [BlockDeletingService#0] INFO  impl.FilePerChunkStrategy (FilePerChunkStrategy.java:deleteChunk(322)) - Deleted chunk file /home/runner/work/ozone/ozone/hadoop-hdds/container-service/target/test-dir/TestBlockDeletingService/hdds/20ee5c40-9f20-4395-b0c1-9b4d1c43e8a4/current/containerDir128/110753376244007326/chunks/110753376250888681_chunk_0_block_74 (size 100) for chunk ChunkInfo{chunkName='110753376250888681_chunk_0_block_74, offset=0, len=100}
2023-07-21 18:00:06,336 [BlockDeletingService#0] INFO  impl.FilePerChunkStrategy (FilePerChunkStrategy.java:deleteChunk(322)) - Deleted chunk file /home/runner/work/ozone/ozone/hadoop-hdds/container-service/target/test-dir/TestBlockDeletingService/hdds/20ee5c40-9f20-4395-b0c1-9b4d1c43e8a4/current/containerDir128/110753376244007326/chunks/110753376250954218_chunk_0_block_75 (size 100) for chunk ChunkInfo{chunkName='110753376250954218_chunk_0_block_75, offset=0, len=100}
2023-07-21 18:00:06,337 [BlockDeletingService#0] INFO  impl.FilePerChunkStrategy (FilePerChunkStrategy.java:deleteChunk(322)) - Deleted chunk file /home/runner/work/ozone/ozone/hadoop-hdds/container-service/target/test-dir/TestBlockDeletingService/hdds/20ee5c40-9f20-4395-b0c1-9b4d1c43e8a4/current/containerDir128/110753376244007326/chunks/110753376251085291_chunk_0_block_76 (size 100) for chunk ChunkInfo{chunkName='110753376251085291_chunk_0_block_76, offset=0, len=100}
2023-07-21 18:00:06,337 [BlockDeletingService#0] INFO  impl.FilePerChunkStrategy (FilePerChunkStrategy.java:deleteChunk(322)) - Deleted chunk file /home/runner/work/ozone/ozone/hadoop-hdds/container-service/target/test-dir/TestBlockDeletingService/hdds/20ee5c40-9f20-4395-b0c1-9b4d1c43e8a4/current/containerDir128/110753376244007326/chunks/110753376251150828_chunk_0_block_77 (size 100) for chunk ChunkInfo{chunkName='110753376251150828_chunk_0_block_77, offset=0, len=100}
2023-07-21 18:00:06,337 [BlockDeletingService#0] INFO  impl.FilePerChunkStrategy (FilePerChunkStrategy.java:deleteChunk(322)) - Deleted chunk file /home/runner/work/ozone/ozone/hadoop-hdds/container-service/target/test-dir/TestBlockDeletingService/hdds/20ee5c40-9f20-4395-b0c1-9b4d1c43e8a4/current/containerDir128/110753376244007326/chunks/110753376251216365_chunk_0_block_78 (size 100) for chunk ChunkInfo{chunkName='110753376251216365_chunk_0_block_78, offset=0, len=100}
2023-07-21 18:00:06,337 [BlockDeletingService#0] INFO  impl.FilePerChunkStrategy (FilePerChunkStrategy.java:deleteChunk(322)) - Deleted chunk file /home/runner/work/ozone/ozone/hadoop-hdds/container-service/target/test-dir/TestBlockDeletingService/hdds/20ee5c40-9f20-4395-b0c1-9b4d1c43e8a4/current/containerDir128/110753376244007326/chunks/110753376244924838_chunk_0_block_7 (size 100) for chunk ChunkInfo{chunkName='110753376244924838_chunk_0_block_7, offset=0, len=100}
2023-07-21 18:00:06,338 [BlockDeletingService#0] INFO  impl.FilePerChunkStrategy (FilePerChunkStrategy.java:deleteChunk(322)) - Deleted chunk file /home/runner/work/ozone/ozone/hadoop-hdds/container-service/target/test-dir/TestBlockDeletingService/hdds/20ee5c40-9f20-4395-b0c1-9b4d1c43e8a4/current/containerDir128/110753376244007326/chunks/110753376251347438_chunk_0_block_79 (size 100) for chunk ChunkInfo{chunkName='110753376251347438_chunk_0_block_79, offset=0, len=100}
2023-07-21 18:00:06,338 [BlockDeletingService#0] INFO  impl.FilePerChunkStrategy (FilePerChunkStrategy.java:deleteChunk(322)) - Deleted chunk file /home/runner/work/ozone/ozone/hadoop-hdds/container-service/target/test-dir/TestBlockDeletingService/hdds/20ee5c40-9f20-4395-b0c1-9b4d1c43e8a4/current/containerDir128/110753376244007326/chunks/110753376251412975_chunk_0_block_80 (size 100) for chunk ChunkInfo{chunkName='110753376251412975_chunk_0_block_80, offset=0, len=100}
2023-07-21 18:00:06,338 [BlockDeletingService#0] INFO  impl.FilePerChunkStrategy (FilePerChunkStrategy.java:deleteChunk(322)) - Deleted chunk file /home/runner/work/ozone/ozone/hadoop-hdds/container-service/target/test-dir/TestBlockDeletingService/hdds/20ee5c40-9f20-4395-b0c1-9b4d1c43e8a4/current/containerDir128/110753376244007326/chunks/110753376251478512_chunk_0_block_81 (size 100) for chunk ChunkInfo{chunkName='110753376251478512_chunk_0_block_81, offset=0, len=100}
2023-07-21 18:00:06,338 [BlockDeletingService#0] INFO  impl.FilePerChunkStrategy (FilePerChunkStrategy.java:deleteChunk(322)) - Deleted chunk file /home/runner/work/ozone/ozone/hadoop-hdds/container-service/target/test-dir/TestBlockDeletingService/hdds/20ee5c40-9f20-4395-b0c1-9b4d1c43e8a4/current/containerDir128/110753376244007326/chunks/110753376251544049_chunk_0_block_82 (size 100) for chunk ChunkInfo{chunkName='110753376251544049_chunk_0_block_82, offset=0, len=100}
2023-07-21 18:00:06,338 [BlockDeletingService#0] INFO  impl.FilePerChunkStrategy (FilePerChunkStrategy.java:deleteChunk(322)) - Deleted chunk file /home/runner/work/ozone/ozone/hadoop-hdds/container-service/target/test-dir/TestBlockDeletingService/hdds/20ee5c40-9f20-4395-b0c1-9b4d1c43e8a4/current/containerDir128/110753376244007326/chunks/110753376251609586_chunk_0_block_83 (size 100) for chunk ChunkInfo{chunkName='110753376251609586_chunk_0_block_83, offset=0, len=100}
2023-07-21 18:00:06,339 [BlockDeletingService#0] INFO  impl.FilePerChunkStrategy (FilePerChunkStrategy.java:deleteChunk(322)) - Deleted chunk file /home/runner/work/ozone/ozone/hadoop-hdds/container-service/target/test-dir/TestBlockDeletingService/hdds/20ee5c40-9f20-4395-b0c1-9b4d1c43e8a4/current/containerDir128/110753376244007326/chunks/110753376251740659_chunk_0_block_84 (size 100) for chunk ChunkInfo{chunkName='110753376251740659_chunk_0_block_84, offset=0, len=100}
2023-07-21 18:00:06,339 [BlockDeletingService#0] INFO  impl.FilePerChunkStrategy (FilePerChunkStrategy.java:deleteChunk(322)) - Deleted chunk file /home/runner/work/ozone/ozone/hadoop-hdds/container-service/target/test-dir/TestBlockDeletingService/hdds/20ee5c40-9f20-4395-b0c1-9b4d1c43e8a4/current/containerDir128/110753376244007326/chunks/110753376251806196_chunk_0_block_85 (size 100) for chunk ChunkInfo{chunkName='110753376251806196_chunk_0_block_85, offset=0, len=100}
2023-07-21 18:00:06,339 [BlockDeletingService#0] INFO  impl.FilePerChunkStrategy (FilePerChunkStrategy.java:deleteChunk(322)) - Deleted chunk file /home/runner/work/ozone/ozone/hadoop-hdds/container-service/target/test-dir/TestBlockDeletingService/hdds/20ee5c40-9f20-4395-b0c1-9b4d1c43e8a4/current/containerDir128/110753376244007326/chunks/110753376251937269_chunk_0_block_86 (size 100) for chunk ChunkInfo{chunkName='110753376251937269_chunk_0_block_86, offset=0, len=100}
2023-07-21 18:00:06,339 [BlockDeletingService#0] INFO  impl.FilePerChunkStrategy (FilePerChunkStrategy.java:deleteChunk(322)) - Deleted chunk file /home/runner/work/ozone/ozone/hadoop-hdds/container-service/target/test-dir/TestBlockDeletingService/hdds/20ee5c40-9f20-4395-b0c1-9b4d1c43e8a4/current/containerDir128/110753376244007326/chunks/110753376252002806_chunk_0_block_87 (size 100) for chunk ChunkInfo{chunkName='110753376252002806_chunk_0_block_87, offset=0, len=100}
2023-07-21 18:00:06,340 [BlockDeletingService#0] INFO  impl.FilePerChunkStrategy (FilePerChunkStrategy.java:deleteChunk(322)) - Deleted chunk file /home/runner/work/ozone/ozone/hadoop-hdds/container-service/target/test-dir/TestBlockDeletingService/hdds/20ee5c40-9f20-4395-b0c1-9b4d1c43e8a4/current/containerDir128/110753376244007326/chunks/110753376252068343_chunk_0_block_88 (size 100) for chunk ChunkInfo{chunkName='110753376252068343_chunk_0_block_88, offset=0, len=100}
2023-07-21 18:00:06,340 [BlockDeletingService#0] INFO  impl.FilePerChunkStrategy (FilePerChunkStrategy.java:deleteChunk(322)) - Deleted chunk file /home/runner/work/ozone/ozone/hadoop-hdds/container-service/target/test-dir/TestBlockDeletingService/hdds/20ee5c40-9f20-4395-b0c1-9b4d1c43e8a4/current/containerDir128/110753376244007326/chunks/110753376244990375_chunk_0_block_8 (size 100) for chunk ChunkInfo{chunkName='110753376244990375_chunk_0_block_8, offset=0, len=100}
2023-07-21 18:00:06,340 [BlockDeletingService#0] INFO  impl.FilePerChunkStrategy (FilePerChunkStrategy.java:deleteChunk(322)) - Deleted chunk file /home/runner/work/ozone/ozone/hadoop-hdds/container-service/target/test-dir/TestBlockDeletingService/hdds/20ee5c40-9f20-4395-b0c1-9b4d1c43e8a4/current/containerDir128/110753376244007326/chunks/110753376252133880_chunk_0_block_89 (size 100) for chunk ChunkInfo{chunkName='110753376252133880_chunk_0_block_89, offset=0, len=100}
2023-07-21 18:00:06,340 [BlockDeletingService#0] INFO  impl.FilePerChunkStrategy (FilePerChunkStrategy.java:deleteChunk(322)) - Deleted chunk file /home/runner/work/ozone/ozone/hadoop-hdds/container-service/target/test-dir/TestBlockDeletingService/hdds/20ee5c40-9f20-4395-b0c1-9b4d1c43e8a4/current/containerDir128/110753376244007326/chunks/110753376252199417_chunk_0_block_90 (size 100) for chunk ChunkInfo{chunkName='110753376252199417_chunk_0_block_90, offset=0, len=100}
2023-07-21 18:00:06,341 [BlockDeletingService#0] INFO  impl.FilePerChunkStrategy (FilePerChunkStrategy.java:deleteChunk(322)) - Deleted chunk file /home/runner/work/ozone/ozone/hadoop-hdds/container-service/target/test-dir/TestBlockDeletingService/hdds/20ee5c40-9f20-4395-b0c1-9b4d1c43e8a4/current/containerDir128/110753376244007326/chunks/110753376252330490_chunk_0_block_91 (size 100) for chunk ChunkInfo{chunkName='110753376252330490_chunk_0_block_91, offset=0, len=100}
2023-07-21 18:00:06,343 [BlockDeletingService#0] INFO  impl.FilePerChunkStrategy (FilePerChunkStrategy.java:deleteChunk(322)) - Deleted chunk file /home/runner/work/ozone/ozone/hadoop-hdds/container-service/target/test-dir/TestBlockDeletingService/hdds/20ee5c40-9f20-4395-b0c1-9b4d1c43e8a4/current/containerDir128/110753376244007326/chunks/110753376252396027_chunk_0_block_92 (size 100) for chunk ChunkInfo{chunkName='110753376252396027_chunk_0_block_92, offset=0, len=100}
2023-07-21 18:00:06,343 [BlockDeletingService#0] INFO  impl.FilePerChunkStrategy (FilePerChunkStrategy.java:deleteChunk(322)) - Deleted chunk file /home/runner/work/ozone/ozone/hadoop-hdds/container-service/target/test-dir/TestBlockDeletingService/hdds/20ee5c40-9f20-4395-b0c1-9b4d1c43e8a4/current/containerDir128/110753376244007326/chunks/110753376252461564_chunk_0_block_93 (size 100) for chunk ChunkInfo{chunkName='110753376252461564_chunk_0_block_93, offset=0, len=100}
2023-07-21 18:00:06,344 [BlockDeletingService#0] INFO  impl.FilePerChunkStrategy (FilePerChunkStrategy.java:deleteChunk(322)) - Deleted chunk file /home/runner/work/ozone/ozone/hadoop-hdds/container-service/target/test-dir/TestBlockDeletingService/hdds/20ee5c40-9f20-4395-b0c1-9b4d1c43e8a4/current/containerDir128/110753376244007326/chunks/110753376252527101_chunk_0_block_94 (size 100) for chunk ChunkInfo{chunkName='110753376252527101_chunk_0_block_94, offset=0, len=100}
2023-07-21 18:00:06,344 [BlockDeletingService#0] INFO  impl.FilePerChunkStrategy (FilePerChunkStrategy.java:deleteChunk(322)) - Deleted chunk file /home/runner/work/ozone/ozone/hadoop-hdds/container-service/target/test-dir/TestBlockDeletingService/hdds/20ee5c40-9f20-4395-b0c1-9b4d1c43e8a4/current/containerDir128/110753376244007326/chunks/110753376252658174_chunk_0_block_95 (size 100) for chunk ChunkInfo{chunkName='110753376252658174_chunk_0_block_95, offset=0, len=100}
2023-07-21 18:00:06,344 [BlockDeletingService#0] INFO  impl.FilePerChunkStrategy (FilePerChunkStrategy.java:deleteChunk(322)) - Deleted chunk file /home/runner/work/ozone/ozone/hadoop-hdds/container-service/target/test-dir/TestBlockDeletingService/hdds/20ee5c40-9f20-4395-b0c1-9b4d1c43e8a4/current/containerDir128/110753376244007326/chunks/110753376252723711_chunk_0_block_96 (size 100) for chunk ChunkInfo{chunkName='110753376252723711_chunk_0_block_96, offset=0, len=100}
2023-07-21 18:00:06,344 [BlockDeletingService#0] INFO  impl.FilePerChunkStrategy (FilePerChunkStrategy.java:deleteChunk(322)) - Deleted chunk file /home/runner/work/ozone/ozone/hadoop-hdds/container-service/target/test-dir/TestBlockDeletingService/hdds/20ee5c40-9f20-4395-b0c1-9b4d1c43e8a4/current/containerDir128/110753376244007326/chunks/110753376252920320_chunk_0_block_97 (size 100) for chunk ChunkInfo{chunkName='110753376252920320_chunk_0_block_97, offset=0, len=100}
2023-07-21 18:00:06,345 [BlockDeletingService#0] INFO  impl.FilePerChunkStrategy (FilePerChunkStrategy.java:deleteChunk(322)) - Deleted chunk file /home/runner/work/ozone/ozone/hadoop-hdds/container-service/target/test-dir/TestBlockDeletingService/hdds/20ee5c40-9f20-4395-b0c1-9b4d1c43e8a4/current/containerDir128/110753376244007326/chunks/110753376253051393_chunk_0_block_98 (size 100) for chunk ChunkInfo{chunkName='110753376253051393_chunk_0_block_98, offset=0, len=100}
2023-07-21 18:00:06,347 [BlockDeletingService#0] WARN  utils.BackgroundService (BackgroundService.java:lambda$run$0(130)) - BlockDeletingService Background task execution took 33780047ns > 0ns(timeout)
2023-07-21 18:00:06,411 [main] INFO  utils.BackgroundService (BackgroundService.java:shutdown(141)) - Shutting down service BlockDeletingService
2023-07-21 18:00:06,507 [BlockDeletingService#1] INFO  interfaces.ContainerDeletionChoosingPolicyTemplate (ContainerDeletionChoosingPolicyTemplate.java:chooseContainerForBlockDeletion(83)) - Chosen 0/3 blocks from 0 candidate containers.
]]></system-out>
  </testcase>
  <testcase name="testShutdownService" classname="TestBlockDeletingService" time="0.532">
    <system-out><![CDATA[2023-07-21 18:00:08,087 [main] INFO  volume.HddsVolume (HddsVolume.java:<init>(126)) - Creating HddsVolume: /home/runner/work/ozone/ozone/hadoop-hdds/container-service/target/test-dir/TestBlockDeletingService/hdds of storage type : DISK capacity : 9223372036854775807
2023-07-21 18:00:08,088 [main] INFO  volume.MutableVolumeSet (MutableVolumeSet.java:initializeVolumeSet(175)) - Added Volume : /home/runner/work/ozone/ozone/hadoop-hdds/container-service/target/test-dir/TestBlockDeletingService/hdds to VolumeSet
2023-07-21 18:00:08,405 [BlockDeletingService#0] INFO  interfaces.ContainerDeletionChoosingPolicyTemplate (ContainerDeletionChoosingPolicyTemplate.java:chooseContainerForBlockDeletion(83)) - Chosen 100/4900 blocks from 1 candidate containers.
2023-07-21 18:00:08,407 [BlockDeletingService#0] INFO  impl.FilePerBlockStrategy (FilePerBlockStrategy.java:deleteChunk(254)) - Deleted block file: /home/runner/work/ozone/ozone/hadoop-hdds/container-service/target/test-dir/TestBlockDeletingService/hdds/c0455c23-7d1c-4092-a6ee-0302963a2458/current/containerDir129/110753376379798054/chunks/110753376381960743.block
2023-07-21 18:00:08,408 [BlockDeletingService#0] INFO  impl.FilePerBlockStrategy (FilePerBlockStrategy.java:deleteChunk(254)) - Deleted block file: /home/runner/work/ozone/ozone/hadoop-hdds/container-service/target/test-dir/TestBlockDeletingService/hdds/c0455c23-7d1c-4092-a6ee-0302963a2458/current/containerDir129/110753376379798054/chunks/110753376382747176.block
2023-07-21 18:00:08,408 [BlockDeletingService#0] INFO  impl.FilePerBlockStrategy (FilePerBlockStrategy.java:deleteChunk(254)) - Deleted block file: /home/runner/work/ozone/ozone/hadoop-hdds/container-service/target/test-dir/TestBlockDeletingService/hdds/c0455c23-7d1c-4092-a6ee-0302963a2458/current/containerDir129/110753376379798054/chunks/110753376382812713.block
2023-07-21 18:00:08,408 [BlockDeletingService#0] INFO  impl.FilePerBlockStrategy (FilePerBlockStrategy.java:deleteChunk(254)) - Deleted block file: /home/runner/work/ozone/ozone/hadoop-hdds/container-service/target/test-dir/TestBlockDeletingService/hdds/c0455c23-7d1c-4092-a6ee-0302963a2458/current/containerDir129/110753376379798054/chunks/110753376382878250.block
2023-07-21 18:00:08,408 [BlockDeletingService#0] INFO  impl.FilePerBlockStrategy (FilePerBlockStrategy.java:deleteChunk(254)) - Deleted block file: /home/runner/work/ozone/ozone/hadoop-hdds/container-service/target/test-dir/TestBlockDeletingService/hdds/c0455c23-7d1c-4092-a6ee-0302963a2458/current/containerDir129/110753376379798054/chunks/110753376382943787.block
2023-07-21 18:00:08,408 [BlockDeletingService#0] INFO  impl.FilePerBlockStrategy (FilePerBlockStrategy.java:deleteChunk(254)) - Deleted block file: /home/runner/work/ozone/ozone/hadoop-hdds/container-service/target/test-dir/TestBlockDeletingService/hdds/c0455c23-7d1c-4092-a6ee-0302963a2458/current/containerDir129/110753376379798054/chunks/110753376383009324.block
2023-07-21 18:00:08,408 [BlockDeletingService#0] INFO  impl.FilePerBlockStrategy (FilePerBlockStrategy.java:deleteChunk(254)) - Deleted block file: /home/runner/work/ozone/ozone/hadoop-hdds/container-service/target/test-dir/TestBlockDeletingService/hdds/c0455c23-7d1c-4092-a6ee-0302963a2458/current/containerDir129/110753376379798054/chunks/110753376383074861.block
2023-07-21 18:00:08,408 [BlockDeletingService#0] INFO  impl.FilePerBlockStrategy (FilePerBlockStrategy.java:deleteChunk(254)) - Deleted block file: /home/runner/work/ozone/ozone/hadoop-hdds/container-service/target/test-dir/TestBlockDeletingService/hdds/c0455c23-7d1c-4092-a6ee-0302963a2458/current/containerDir129/110753376379798054/chunks/110753376383140398.block
2023-07-21 18:00:08,409 [BlockDeletingService#0] INFO  impl.FilePerBlockStrategy (FilePerBlockStrategy.java:deleteChunk(254)) - Deleted block file: /home/runner/work/ozone/ozone/hadoop-hdds/container-service/target/test-dir/TestBlockDeletingService/hdds/c0455c23-7d1c-4092-a6ee-0302963a2458/current/containerDir129/110753376379798054/chunks/110753376383271471.block
2023-07-21 18:00:08,409 [BlockDeletingService#0] INFO  impl.FilePerBlockStrategy (FilePerBlockStrategy.java:deleteChunk(254)) - Deleted block file: /home/runner/work/ozone/ozone/hadoop-hdds/container-service/target/test-dir/TestBlockDeletingService/hdds/c0455c23-7d1c-4092-a6ee-0302963a2458/current/containerDir129/110753376379798054/chunks/110753376383337008.block
2023-07-21 18:00:08,409 [BlockDeletingService#0] INFO  impl.FilePerBlockStrategy (FilePerBlockStrategy.java:deleteChunk(254)) - Deleted block file: /home/runner/work/ozone/ozone/hadoop-hdds/container-service/target/test-dir/TestBlockDeletingService/hdds/c0455c23-7d1c-4092-a6ee-0302963a2458/current/containerDir129/110753376379798054/chunks/110753376383402545.block
2023-07-21 18:00:08,409 [BlockDeletingService#0] INFO  impl.FilePerBlockStrategy (FilePerBlockStrategy.java:deleteChunk(254)) - Deleted block file: /home/runner/work/ozone/ozone/hadoop-hdds/container-service/target/test-dir/TestBlockDeletingService/hdds/c0455c23-7d1c-4092-a6ee-0302963a2458/current/containerDir129/110753376379798054/chunks/110753376383402546.block
2023-07-21 18:00:08,409 [BlockDeletingService#0] INFO  impl.FilePerBlockStrategy (FilePerBlockStrategy.java:deleteChunk(254)) - Deleted block file: /home/runner/work/ozone/ozone/hadoop-hdds/container-service/target/test-dir/TestBlockDeletingService/hdds/c0455c23-7d1c-4092-a6ee-0302963a2458/current/containerDir129/110753376379798054/chunks/110753376383468083.block
2023-07-21 18:00:08,409 [BlockDeletingService#0] INFO  impl.FilePerBlockStrategy (FilePerBlockStrategy.java:deleteChunk(254)) - Deleted block file: /home/runner/work/ozone/ozone/hadoop-hdds/container-service/target/test-dir/TestBlockDeletingService/hdds/c0455c23-7d1c-4092-a6ee-0302963a2458/current/containerDir129/110753376379798054/chunks/110753376383533620.block
2023-07-21 18:00:08,409 [BlockDeletingService#0] INFO  impl.FilePerBlockStrategy (FilePerBlockStrategy.java:deleteChunk(254)) - Deleted block file: /home/runner/work/ozone/ozone/hadoop-hdds/container-service/target/test-dir/TestBlockDeletingService/hdds/c0455c23-7d1c-4092-a6ee-0302963a2458/current/containerDir129/110753376379798054/chunks/110753376383599157.block
2023-07-21 18:00:08,410 [BlockDeletingService#0] INFO  impl.FilePerBlockStrategy (FilePerBlockStrategy.java:deleteChunk(254)) - Deleted block file: /home/runner/work/ozone/ozone/hadoop-hdds/container-service/target/test-dir/TestBlockDeletingService/hdds/c0455c23-7d1c-4092-a6ee-0302963a2458/current/containerDir129/110753376379798054/chunks/110753376383664694.block
2023-07-21 18:00:08,410 [BlockDeletingService#0] INFO  impl.FilePerBlockStrategy (FilePerBlockStrategy.java:deleteChunk(254)) - Deleted block file: /home/runner/work/ozone/ozone/hadoop-hdds/container-service/target/test-dir/TestBlockDeletingService/hdds/c0455c23-7d1c-4092-a6ee-0302963a2458/current/containerDir129/110753376379798054/chunks/110753376383730231.block
2023-07-21 18:00:08,410 [BlockDeletingService#0] INFO  impl.FilePerBlockStrategy (FilePerBlockStrategy.java:deleteChunk(254)) - Deleted block file: /home/runner/work/ozone/ozone/hadoop-hdds/container-service/target/test-dir/TestBlockDeletingService/hdds/c0455c23-7d1c-4092-a6ee-0302963a2458/current/containerDir129/110753376379798054/chunks/110753376383795768.block
2023-07-21 18:00:08,410 [BlockDeletingService#0] INFO  impl.FilePerBlockStrategy (FilePerBlockStrategy.java:deleteChunk(254)) - Deleted block file: /home/runner/work/ozone/ozone/hadoop-hdds/container-service/target/test-dir/TestBlockDeletingService/hdds/c0455c23-7d1c-4092-a6ee-0302963a2458/current/containerDir129/110753376379798054/chunks/110753376383861305.block
2023-07-21 18:00:08,410 [BlockDeletingService#0] INFO  impl.FilePerBlockStrategy (FilePerBlockStrategy.java:deleteChunk(254)) - Deleted block file: /home/runner/work/ozone/ozone/hadoop-hdds/container-service/target/test-dir/TestBlockDeletingService/hdds/c0455c23-7d1c-4092-a6ee-0302963a2458/current/containerDir129/110753376379798054/chunks/110753376383926842.block
2023-07-21 18:00:08,410 [BlockDeletingService#0] INFO  impl.FilePerBlockStrategy (FilePerBlockStrategy.java:deleteChunk(254)) - Deleted block file: /home/runner/work/ozone/ozone/hadoop-hdds/container-service/target/test-dir/TestBlockDeletingService/hdds/c0455c23-7d1c-4092-a6ee-0302963a2458/current/containerDir129/110753376379798054/chunks/110753376383992379.block
2023-07-21 18:00:08,410 [BlockDeletingService#0] INFO  impl.FilePerBlockStrategy (FilePerBlockStrategy.java:deleteChunk(254)) - Deleted block file: /home/runner/work/ozone/ozone/hadoop-hdds/container-service/target/test-dir/TestBlockDeletingService/hdds/c0455c23-7d1c-4092-a6ee-0302963a2458/current/containerDir129/110753376379798054/chunks/110753376384057916.block
2023-07-21 18:00:08,411 [BlockDeletingService#0] INFO  impl.FilePerBlockStrategy (FilePerBlockStrategy.java:deleteChunk(254)) - Deleted block file: /home/runner/work/ozone/ozone/hadoop-hdds/container-service/target/test-dir/TestBlockDeletingService/hdds/c0455c23-7d1c-4092-a6ee-0302963a2458/current/containerDir129/110753376379798054/chunks/110753376384123453.block
2023-07-21 18:00:08,411 [BlockDeletingService#0] INFO  impl.FilePerBlockStrategy (FilePerBlockStrategy.java:deleteChunk(254)) - Deleted block file: /home/runner/work/ozone/ozone/hadoop-hdds/container-service/target/test-dir/TestBlockDeletingService/hdds/c0455c23-7d1c-4092-a6ee-0302963a2458/current/containerDir129/110753376379798054/chunks/110753376384123454.block
2023-07-21 18:00:08,411 [BlockDeletingService#0] INFO  impl.FilePerBlockStrategy (FilePerBlockStrategy.java:deleteChunk(254)) - Deleted block file: /home/runner/work/ozone/ozone/hadoop-hdds/container-service/target/test-dir/TestBlockDeletingService/hdds/c0455c23-7d1c-4092-a6ee-0302963a2458/current/containerDir129/110753376379798054/chunks/110753376384188991.block
2023-07-21 18:00:08,411 [BlockDeletingService#0] INFO  impl.FilePerBlockStrategy (FilePerBlockStrategy.java:deleteChunk(254)) - Deleted block file: /home/runner/work/ozone/ozone/hadoop-hdds/container-service/target/test-dir/TestBlockDeletingService/hdds/c0455c23-7d1c-4092-a6ee-0302963a2458/current/containerDir129/110753376379798054/chunks/110753376384254528.block
2023-07-21 18:00:08,411 [BlockDeletingService#0] INFO  impl.FilePerBlockStrategy (FilePerBlockStrategy.java:deleteChunk(254)) - Deleted block file: /home/runner/work/ozone/ozone/hadoop-hdds/container-service/target/test-dir/TestBlockDeletingService/hdds/c0455c23-7d1c-4092-a6ee-0302963a2458/current/containerDir129/110753376379798054/chunks/110753376384320065.block
2023-07-21 18:00:08,411 [BlockDeletingService#0] INFO  impl.FilePerBlockStrategy (FilePerBlockStrategy.java:deleteChunk(254)) - Deleted block file: /home/runner/work/ozone/ozone/hadoop-hdds/container-service/target/test-dir/TestBlockDeletingService/hdds/c0455c23-7d1c-4092-a6ee-0302963a2458/current/containerDir129/110753376379798054/chunks/110753376384385602.block
2023-07-21 18:00:08,411 [BlockDeletingService#0] INFO  impl.FilePerBlockStrategy (FilePerBlockStrategy.java:deleteChunk(254)) - Deleted block file: /home/runner/work/ozone/ozone/hadoop-hdds/container-service/target/test-dir/TestBlockDeletingService/hdds/c0455c23-7d1c-4092-a6ee-0302963a2458/current/containerDir129/110753376379798054/chunks/110753376384451139.block
2023-07-21 18:00:08,412 [BlockDeletingService#0] INFO  impl.FilePerBlockStrategy (FilePerBlockStrategy.java:deleteChunk(254)) - Deleted block file: /home/runner/work/ozone/ozone/hadoop-hdds/container-service/target/test-dir/TestBlockDeletingService/hdds/c0455c23-7d1c-4092-a6ee-0302963a2458/current/containerDir129/110753376379798054/chunks/110753376384516676.block
2023-07-21 18:00:08,412 [BlockDeletingService#0] INFO  impl.FilePerBlockStrategy (FilePerBlockStrategy.java:deleteChunk(254)) - Deleted block file: /home/runner/work/ozone/ozone/hadoop-hdds/container-service/target/test-dir/TestBlockDeletingService/hdds/c0455c23-7d1c-4092-a6ee-0302963a2458/current/containerDir129/110753376379798054/chunks/110753376384516677.block
2023-07-21 18:00:08,412 [BlockDeletingService#0] INFO  impl.FilePerBlockStrategy (FilePerBlockStrategy.java:deleteChunk(254)) - Deleted block file: /home/runner/work/ozone/ozone/hadoop-hdds/container-service/target/test-dir/TestBlockDeletingService/hdds/c0455c23-7d1c-4092-a6ee-0302963a2458/current/containerDir129/110753376379798054/chunks/110753376384647750.block
2023-07-21 18:00:08,412 [BlockDeletingService#0] INFO  impl.FilePerBlockStrategy (FilePerBlockStrategy.java:deleteChunk(254)) - Deleted block file: /home/runner/work/ozone/ozone/hadoop-hdds/container-service/target/test-dir/TestBlockDeletingService/hdds/c0455c23-7d1c-4092-a6ee-0302963a2458/current/containerDir129/110753376379798054/chunks/110753376384647751.block
2023-07-21 18:00:08,412 [BlockDeletingService#0] INFO  impl.FilePerBlockStrategy (FilePerBlockStrategy.java:deleteChunk(254)) - Deleted block file: /home/runner/work/ozone/ozone/hadoop-hdds/container-service/target/test-dir/TestBlockDeletingService/hdds/c0455c23-7d1c-4092-a6ee-0302963a2458/current/containerDir129/110753376379798054/chunks/110753376384713288.block
2023-07-21 18:00:08,412 [BlockDeletingService#0] INFO  impl.FilePerBlockStrategy (FilePerBlockStrategy.java:deleteChunk(254)) - Deleted block file: /home/runner/work/ozone/ozone/hadoop-hdds/container-service/target/test-dir/TestBlockDeletingService/hdds/c0455c23-7d1c-4092-a6ee-0302963a2458/current/containerDir129/110753376379798054/chunks/110753376384778825.block
2023-07-21 18:00:08,412 [BlockDeletingService#0] INFO  impl.FilePerBlockStrategy (FilePerBlockStrategy.java:deleteChunk(254)) - Deleted block file: /home/runner/work/ozone/ozone/hadoop-hdds/container-service/target/test-dir/TestBlockDeletingService/hdds/c0455c23-7d1c-4092-a6ee-0302963a2458/current/containerDir129/110753376379798054/chunks/110753376384844362.block
2023-07-21 18:00:08,412 [BlockDeletingService#0] INFO  impl.FilePerBlockStrategy (FilePerBlockStrategy.java:deleteChunk(254)) - Deleted block file: /home/runner/work/ozone/ozone/hadoop-hdds/container-service/target/test-dir/TestBlockDeletingService/hdds/c0455c23-7d1c-4092-a6ee-0302963a2458/current/containerDir129/110753376379798054/chunks/110753376384909899.block
2023-07-21 18:00:08,412 [BlockDeletingService#0] INFO  impl.FilePerBlockStrategy (FilePerBlockStrategy.java:deleteChunk(254)) - Deleted block file: /home/runner/work/ozone/ozone/hadoop-hdds/container-service/target/test-dir/TestBlockDeletingService/hdds/c0455c23-7d1c-4092-a6ee-0302963a2458/current/containerDir129/110753376379798054/chunks/110753376384975436.block
2023-07-21 18:00:08,413 [BlockDeletingService#0] INFO  impl.FilePerBlockStrategy (FilePerBlockStrategy.java:deleteChunk(254)) - Deleted block file: /home/runner/work/ozone/ozone/hadoop-hdds/container-service/target/test-dir/TestBlockDeletingService/hdds/c0455c23-7d1c-4092-a6ee-0302963a2458/current/containerDir129/110753376379798054/chunks/110753376385040973.block
2023-07-21 18:00:08,413 [BlockDeletingService#0] INFO  impl.FilePerBlockStrategy (FilePerBlockStrategy.java:deleteChunk(254)) - Deleted block file: /home/runner/work/ozone/ozone/hadoop-hdds/container-service/target/test-dir/TestBlockDeletingService/hdds/c0455c23-7d1c-4092-a6ee-0302963a2458/current/containerDir129/110753376379798054/chunks/110753376385106510.block
2023-07-21 18:00:08,413 [BlockDeletingService#0] INFO  impl.FilePerBlockStrategy (FilePerBlockStrategy.java:deleteChunk(254)) - Deleted block file: /home/runner/work/ozone/ozone/hadoop-hdds/container-service/target/test-dir/TestBlockDeletingService/hdds/c0455c23-7d1c-4092-a6ee-0302963a2458/current/containerDir129/110753376379798054/chunks/110753376385237583.block
2023-07-21 18:00:08,413 [BlockDeletingService#0] INFO  impl.FilePerBlockStrategy (FilePerBlockStrategy.java:deleteChunk(254)) - Deleted block file: /home/runner/work/ozone/ozone/hadoop-hdds/container-service/target/test-dir/TestBlockDeletingService/hdds/c0455c23-7d1c-4092-a6ee-0302963a2458/current/containerDir129/110753376379798054/chunks/110753376385303120.block
2023-07-21 18:00:08,413 [BlockDeletingService#0] INFO  impl.FilePerBlockStrategy (FilePerBlockStrategy.java:deleteChunk(254)) - Deleted block file: /home/runner/work/ozone/ozone/hadoop-hdds/container-service/target/test-dir/TestBlockDeletingService/hdds/c0455c23-7d1c-4092-a6ee-0302963a2458/current/containerDir129/110753376379798054/chunks/110753376385368657.block
2023-07-21 18:00:08,413 [BlockDeletingService#0] INFO  impl.FilePerBlockStrategy (FilePerBlockStrategy.java:deleteChunk(254)) - Deleted block file: /home/runner/work/ozone/ozone/hadoop-hdds/container-service/target/test-dir/TestBlockDeletingService/hdds/c0455c23-7d1c-4092-a6ee-0302963a2458/current/containerDir129/110753376379798054/chunks/110753376385434194.block
2023-07-21 18:00:08,413 [BlockDeletingService#0] INFO  impl.FilePerBlockStrategy (FilePerBlockStrategy.java:deleteChunk(254)) - Deleted block file: /home/runner/work/ozone/ozone/hadoop-hdds/container-service/target/test-dir/TestBlockDeletingService/hdds/c0455c23-7d1c-4092-a6ee-0302963a2458/current/containerDir129/110753376379798054/chunks/110753376385499731.block
2023-07-21 18:00:08,414 [BlockDeletingService#0] INFO  impl.FilePerBlockStrategy (FilePerBlockStrategy.java:deleteChunk(254)) - Deleted block file: /home/runner/work/ozone/ozone/hadoop-hdds/container-service/target/test-dir/TestBlockDeletingService/hdds/c0455c23-7d1c-4092-a6ee-0302963a2458/current/containerDir129/110753376379798054/chunks/110753376385565268.block
2023-07-21 18:00:08,414 [BlockDeletingService#0] INFO  impl.FilePerBlockStrategy (FilePerBlockStrategy.java:deleteChunk(254)) - Deleted block file: /home/runner/work/ozone/ozone/hadoop-hdds/container-service/target/test-dir/TestBlockDeletingService/hdds/c0455c23-7d1c-4092-a6ee-0302963a2458/current/containerDir129/110753376379798054/chunks/110753376385630805.block
2023-07-21 18:00:08,414 [BlockDeletingService#0] INFO  impl.FilePerBlockStrategy (FilePerBlockStrategy.java:deleteChunk(254)) - Deleted block file: /home/runner/work/ozone/ozone/hadoop-hdds/container-service/target/test-dir/TestBlockDeletingService/hdds/c0455c23-7d1c-4092-a6ee-0302963a2458/current/containerDir129/110753376379798054/chunks/110753376385696342.block
2023-07-21 18:00:08,414 [BlockDeletingService#0] INFO  impl.FilePerBlockStrategy (FilePerBlockStrategy.java:deleteChunk(254)) - Deleted block file: /home/runner/work/ozone/ozone/hadoop-hdds/container-service/target/test-dir/TestBlockDeletingService/hdds/c0455c23-7d1c-4092-a6ee-0302963a2458/current/containerDir129/110753376379798054/chunks/110753376385761879.block
2023-07-21 18:00:08,414 [BlockDeletingService#0] INFO  impl.FilePerBlockStrategy (FilePerBlockStrategy.java:deleteChunk(254)) - Deleted block file: /home/runner/work/ozone/ozone/hadoop-hdds/container-service/target/test-dir/TestBlockDeletingService/hdds/c0455c23-7d1c-4092-a6ee-0302963a2458/current/containerDir129/110753376379798054/chunks/110753376385827416.block
2023-07-21 18:00:08,414 [BlockDeletingService#0] INFO  impl.FilePerBlockStrategy (FilePerBlockStrategy.java:deleteChunk(254)) - Deleted block file: /home/runner/work/ozone/ozone/hadoop-hdds/container-service/target/test-dir/TestBlockDeletingService/hdds/c0455c23-7d1c-4092-a6ee-0302963a2458/current/containerDir129/110753376379798054/chunks/110753376385892953.block
2023-07-21 18:00:08,414 [BlockDeletingService#0] INFO  impl.FilePerBlockStrategy (FilePerBlockStrategy.java:deleteChunk(254)) - Deleted block file: /home/runner/work/ozone/ozone/hadoop-hdds/container-service/target/test-dir/TestBlockDeletingService/hdds/c0455c23-7d1c-4092-a6ee-0302963a2458/current/containerDir129/110753376379798054/chunks/110753376385958490.block
2023-07-21 18:00:08,414 [BlockDeletingService#0] INFO  impl.FilePerBlockStrategy (FilePerBlockStrategy.java:deleteChunk(254)) - Deleted block file: /home/runner/work/ozone/ozone/hadoop-hdds/container-service/target/test-dir/TestBlockDeletingService/hdds/c0455c23-7d1c-4092-a6ee-0302963a2458/current/containerDir129/110753376379798054/chunks/110753376386024027.block
2023-07-21 18:00:08,415 [BlockDeletingService#0] INFO  impl.FilePerBlockStrategy (FilePerBlockStrategy.java:deleteChunk(254)) - Deleted block file: /home/runner/work/ozone/ozone/hadoop-hdds/container-service/target/test-dir/TestBlockDeletingService/hdds/c0455c23-7d1c-4092-a6ee-0302963a2458/current/containerDir129/110753376379798054/chunks/110753376386155100.block
2023-07-21 18:00:08,415 [BlockDeletingService#0] INFO  impl.FilePerBlockStrategy (FilePerBlockStrategy.java:deleteChunk(254)) - Deleted block file: /home/runner/work/ozone/ozone/hadoop-hdds/container-service/target/test-dir/TestBlockDeletingService/hdds/c0455c23-7d1c-4092-a6ee-0302963a2458/current/containerDir129/110753376379798054/chunks/110753376386220637.block
2023-07-21 18:00:08,415 [BlockDeletingService#0] INFO  impl.FilePerBlockStrategy (FilePerBlockStrategy.java:deleteChunk(254)) - Deleted block file: /home/runner/work/ozone/ozone/hadoop-hdds/container-service/target/test-dir/TestBlockDeletingService/hdds/c0455c23-7d1c-4092-a6ee-0302963a2458/current/containerDir129/110753376379798054/chunks/110753376386286174.block
2023-07-21 18:00:08,415 [BlockDeletingService#0] INFO  impl.FilePerBlockStrategy (FilePerBlockStrategy.java:deleteChunk(254)) - Deleted block file: /home/runner/work/ozone/ozone/hadoop-hdds/container-service/target/test-dir/TestBlockDeletingService/hdds/c0455c23-7d1c-4092-a6ee-0302963a2458/current/containerDir129/110753376379798054/chunks/110753376386351711.block
2023-07-21 18:00:08,415 [BlockDeletingService#0] INFO  impl.FilePerBlockStrategy (FilePerBlockStrategy.java:deleteChunk(254)) - Deleted block file: /home/runner/work/ozone/ozone/hadoop-hdds/container-service/target/test-dir/TestBlockDeletingService/hdds/c0455c23-7d1c-4092-a6ee-0302963a2458/current/containerDir129/110753376379798054/chunks/110753376386417248.block
2023-07-21 18:00:08,415 [BlockDeletingService#0] INFO  impl.FilePerBlockStrategy (FilePerBlockStrategy.java:deleteChunk(254)) - Deleted block file: /home/runner/work/ozone/ozone/hadoop-hdds/container-service/target/test-dir/TestBlockDeletingService/hdds/c0455c23-7d1c-4092-a6ee-0302963a2458/current/containerDir129/110753376379798054/chunks/110753376386482785.block
2023-07-21 18:00:08,415 [BlockDeletingService#0] INFO  impl.FilePerBlockStrategy (FilePerBlockStrategy.java:deleteChunk(254)) - Deleted block file: /home/runner/work/ozone/ozone/hadoop-hdds/container-service/target/test-dir/TestBlockDeletingService/hdds/c0455c23-7d1c-4092-a6ee-0302963a2458/current/containerDir129/110753376379798054/chunks/110753376386548322.block
2023-07-21 18:00:08,416 [BlockDeletingService#0] INFO  impl.FilePerBlockStrategy (FilePerBlockStrategy.java:deleteChunk(254)) - Deleted block file: /home/runner/work/ozone/ozone/hadoop-hdds/container-service/target/test-dir/TestBlockDeletingService/hdds/c0455c23-7d1c-4092-a6ee-0302963a2458/current/containerDir129/110753376379798054/chunks/110753376386613859.block
2023-07-21 18:00:08,416 [BlockDeletingService#0] INFO  impl.FilePerBlockStrategy (FilePerBlockStrategy.java:deleteChunk(254)) - Deleted block file: /home/runner/work/ozone/ozone/hadoop-hdds/container-service/target/test-dir/TestBlockDeletingService/hdds/c0455c23-7d1c-4092-a6ee-0302963a2458/current/containerDir129/110753376379798054/chunks/110753376386679396.block
2023-07-21 18:00:08,416 [BlockDeletingService#0] INFO  impl.FilePerBlockStrategy (FilePerBlockStrategy.java:deleteChunk(254)) - Deleted block file: /home/runner/work/ozone/ozone/hadoop-hdds/container-service/target/test-dir/TestBlockDeletingService/hdds/c0455c23-7d1c-4092-a6ee-0302963a2458/current/containerDir129/110753376379798054/chunks/110753376386744933.block
2023-07-21 18:00:08,416 [BlockDeletingService#0] INFO  impl.FilePerBlockStrategy (FilePerBlockStrategy.java:deleteChunk(254)) - Deleted block file: /home/runner/work/ozone/ozone/hadoop-hdds/container-service/target/test-dir/TestBlockDeletingService/hdds/c0455c23-7d1c-4092-a6ee-0302963a2458/current/containerDir129/110753376379798054/chunks/110753376386876006.block
2023-07-21 18:00:08,416 [BlockDeletingService#0] INFO  impl.FilePerBlockStrategy (FilePerBlockStrategy.java:deleteChunk(254)) - Deleted block file: /home/runner/work/ozone/ozone/hadoop-hdds/container-service/target/test-dir/TestBlockDeletingService/hdds/c0455c23-7d1c-4092-a6ee-0302963a2458/current/containerDir129/110753376379798054/chunks/110753376386876007.block
2023-07-21 18:00:08,416 [BlockDeletingService#0] INFO  impl.FilePerBlockStrategy (FilePerBlockStrategy.java:deleteChunk(254)) - Deleted block file: /home/runner/work/ozone/ozone/hadoop-hdds/container-service/target/test-dir/TestBlockDeletingService/hdds/c0455c23-7d1c-4092-a6ee-0302963a2458/current/containerDir129/110753376379798054/chunks/110753376386941544.block
2023-07-21 18:00:08,416 [BlockDeletingService#0] INFO  impl.FilePerBlockStrategy (FilePerBlockStrategy.java:deleteChunk(254)) - Deleted block file: /home/runner/work/ozone/ozone/hadoop-hdds/container-service/target/test-dir/TestBlockDeletingService/hdds/c0455c23-7d1c-4092-a6ee-0302963a2458/current/containerDir129/110753376379798054/chunks/110753376387007081.block
2023-07-21 18:00:08,416 [BlockDeletingService#0] INFO  impl.FilePerBlockStrategy (FilePerBlockStrategy.java:deleteChunk(254)) - Deleted block file: /home/runner/work/ozone/ozone/hadoop-hdds/container-service/target/test-dir/TestBlockDeletingService/hdds/c0455c23-7d1c-4092-a6ee-0302963a2458/current/containerDir129/110753376379798054/chunks/110753376387072618.block
2023-07-21 18:00:08,417 [BlockDeletingService#0] INFO  impl.FilePerBlockStrategy (FilePerBlockStrategy.java:deleteChunk(254)) - Deleted block file: /home/runner/work/ozone/ozone/hadoop-hdds/container-service/target/test-dir/TestBlockDeletingService/hdds/c0455c23-7d1c-4092-a6ee-0302963a2458/current/containerDir129/110753376379798054/chunks/110753376387138155.block
2023-07-21 18:00:08,417 [BlockDeletingService#0] INFO  impl.FilePerBlockStrategy (FilePerBlockStrategy.java:deleteChunk(254)) - Deleted block file: /home/runner/work/ozone/ozone/hadoop-hdds/container-service/target/test-dir/TestBlockDeletingService/hdds/c0455c23-7d1c-4092-a6ee-0302963a2458/current/containerDir129/110753376379798054/chunks/110753376387203692.block
2023-07-21 18:00:08,417 [BlockDeletingService#0] INFO  impl.FilePerBlockStrategy (FilePerBlockStrategy.java:deleteChunk(254)) - Deleted block file: /home/runner/work/ozone/ozone/hadoop-hdds/container-service/target/test-dir/TestBlockDeletingService/hdds/c0455c23-7d1c-4092-a6ee-0302963a2458/current/containerDir129/110753376379798054/chunks/110753376387269229.block
2023-07-21 18:00:08,417 [BlockDeletingService#0] INFO  impl.FilePerBlockStrategy (FilePerBlockStrategy.java:deleteChunk(254)) - Deleted block file: /home/runner/work/ozone/ozone/hadoop-hdds/container-service/target/test-dir/TestBlockDeletingService/hdds/c0455c23-7d1c-4092-a6ee-0302963a2458/current/containerDir129/110753376379798054/chunks/110753376388448878.block
2023-07-21 18:00:08,417 [BlockDeletingService#0] INFO  impl.FilePerBlockStrategy (FilePerBlockStrategy.java:deleteChunk(254)) - Deleted block file: /home/runner/work/ozone/ozone/hadoop-hdds/container-service/target/test-dir/TestBlockDeletingService/hdds/c0455c23-7d1c-4092-a6ee-0302963a2458/current/containerDir129/110753376379798054/chunks/110753376388514415.block
2023-07-21 18:00:08,417 [BlockDeletingService#0] INFO  impl.FilePerBlockStrategy (FilePerBlockStrategy.java:deleteChunk(254)) - Deleted block file: /home/runner/work/ozone/ozone/hadoop-hdds/container-service/target/test-dir/TestBlockDeletingService/hdds/c0455c23-7d1c-4092-a6ee-0302963a2458/current/containerDir129/110753376379798054/chunks/110753376388579952.block
2023-07-21 18:00:08,417 [BlockDeletingService#0] INFO  impl.FilePerBlockStrategy (FilePerBlockStrategy.java:deleteChunk(254)) - Deleted block file: /home/runner/work/ozone/ozone/hadoop-hdds/container-service/target/test-dir/TestBlockDeletingService/hdds/c0455c23-7d1c-4092-a6ee-0302963a2458/current/containerDir129/110753376379798054/chunks/110753376388645489.block
2023-07-21 18:00:08,417 [BlockDeletingService#0] INFO  impl.FilePerBlockStrategy (FilePerBlockStrategy.java:deleteChunk(254)) - Deleted block file: /home/runner/work/ozone/ozone/hadoop-hdds/container-service/target/test-dir/TestBlockDeletingService/hdds/c0455c23-7d1c-4092-a6ee-0302963a2458/current/containerDir129/110753376379798054/chunks/110753376388711026.block
2023-07-21 18:00:08,418 [BlockDeletingService#0] INFO  impl.FilePerBlockStrategy (FilePerBlockStrategy.java:deleteChunk(254)) - Deleted block file: /home/runner/work/ozone/ozone/hadoop-hdds/container-service/target/test-dir/TestBlockDeletingService/hdds/c0455c23-7d1c-4092-a6ee-0302963a2458/current/containerDir129/110753376379798054/chunks/110753376388776563.block
2023-07-21 18:00:08,418 [BlockDeletingService#0] INFO  impl.FilePerBlockStrategy (FilePerBlockStrategy.java:deleteChunk(254)) - Deleted block file: /home/runner/work/ozone/ozone/hadoop-hdds/container-service/target/test-dir/TestBlockDeletingService/hdds/c0455c23-7d1c-4092-a6ee-0302963a2458/current/containerDir129/110753376379798054/chunks/110753376388907636.block
2023-07-21 18:00:08,418 [BlockDeletingService#0] INFO  impl.FilePerBlockStrategy (FilePerBlockStrategy.java:deleteChunk(254)) - Deleted block file: /home/runner/work/ozone/ozone/hadoop-hdds/container-service/target/test-dir/TestBlockDeletingService/hdds/c0455c23-7d1c-4092-a6ee-0302963a2458/current/containerDir129/110753376379798054/chunks/110753376389038709.block
2023-07-21 18:00:08,418 [BlockDeletingService#0] INFO  impl.FilePerBlockStrategy (FilePerBlockStrategy.java:deleteChunk(254)) - Deleted block file: /home/runner/work/ozone/ozone/hadoop-hdds/container-service/target/test-dir/TestBlockDeletingService/hdds/c0455c23-7d1c-4092-a6ee-0302963a2458/current/containerDir129/110753376379798054/chunks/110753376389104246.block
2023-07-21 18:00:08,418 [BlockDeletingService#0] INFO  impl.FilePerBlockStrategy (FilePerBlockStrategy.java:deleteChunk(254)) - Deleted block file: /home/runner/work/ozone/ozone/hadoop-hdds/container-service/target/test-dir/TestBlockDeletingService/hdds/c0455c23-7d1c-4092-a6ee-0302963a2458/current/containerDir129/110753376379798054/chunks/110753376389169783.block
2023-07-21 18:00:08,418 [BlockDeletingService#0] INFO  impl.FilePerBlockStrategy (FilePerBlockStrategy.java:deleteChunk(254)) - Deleted block file: /home/runner/work/ozone/ozone/hadoop-hdds/container-service/target/test-dir/TestBlockDeletingService/hdds/c0455c23-7d1c-4092-a6ee-0302963a2458/current/containerDir129/110753376379798054/chunks/110753376389235320.block
2023-07-21 18:00:08,418 [BlockDeletingService#0] INFO  impl.FilePerBlockStrategy (FilePerBlockStrategy.java:deleteChunk(254)) - Deleted block file: /home/runner/work/ozone/ozone/hadoop-hdds/container-service/target/test-dir/TestBlockDeletingService/hdds/c0455c23-7d1c-4092-a6ee-0302963a2458/current/containerDir129/110753376379798054/chunks/110753376389300857.block
2023-07-21 18:00:08,418 [BlockDeletingService#0] INFO  impl.FilePerBlockStrategy (FilePerBlockStrategy.java:deleteChunk(254)) - Deleted block file: /home/runner/work/ozone/ozone/hadoop-hdds/container-service/target/test-dir/TestBlockDeletingService/hdds/c0455c23-7d1c-4092-a6ee-0302963a2458/current/containerDir129/110753376379798054/chunks/110753376389366394.block
2023-07-21 18:00:08,418 [BlockDeletingService#0] INFO  impl.FilePerBlockStrategy (FilePerBlockStrategy.java:deleteChunk(254)) - Deleted block file: /home/runner/work/ozone/ozone/hadoop-hdds/container-service/target/test-dir/TestBlockDeletingService/hdds/c0455c23-7d1c-4092-a6ee-0302963a2458/current/containerDir129/110753376379798054/chunks/110753376389431931.block
2023-07-21 18:00:08,419 [BlockDeletingService#0] INFO  impl.FilePerBlockStrategy (FilePerBlockStrategy.java:deleteChunk(254)) - Deleted block file: /home/runner/work/ozone/ozone/hadoop-hdds/container-service/target/test-dir/TestBlockDeletingService/hdds/c0455c23-7d1c-4092-a6ee-0302963a2458/current/containerDir129/110753376379798054/chunks/110753376389497468.block
2023-07-21 18:00:08,419 [BlockDeletingService#0] INFO  impl.FilePerBlockStrategy (FilePerBlockStrategy.java:deleteChunk(254)) - Deleted block file: /home/runner/work/ozone/ozone/hadoop-hdds/container-service/target/test-dir/TestBlockDeletingService/hdds/c0455c23-7d1c-4092-a6ee-0302963a2458/current/containerDir129/110753376379798054/chunks/110753376389563005.block
2023-07-21 18:00:08,419 [BlockDeletingService#0] INFO  impl.FilePerBlockStrategy (FilePerBlockStrategy.java:deleteChunk(254)) - Deleted block file: /home/runner/work/ozone/ozone/hadoop-hdds/container-service/target/test-dir/TestBlockDeletingService/hdds/c0455c23-7d1c-4092-a6ee-0302963a2458/current/containerDir129/110753376379798054/chunks/110753376389563006.block
2023-07-21 18:00:08,419 [BlockDeletingService#0] INFO  impl.FilePerBlockStrategy (FilePerBlockStrategy.java:deleteChunk(254)) - Deleted block file: /home/runner/work/ozone/ozone/hadoop-hdds/container-service/target/test-dir/TestBlockDeletingService/hdds/c0455c23-7d1c-4092-a6ee-0302963a2458/current/containerDir129/110753376379798054/chunks/110753376389628543.block
2023-07-21 18:00:08,419 [BlockDeletingService#0] INFO  impl.FilePerBlockStrategy (FilePerBlockStrategy.java:deleteChunk(254)) - Deleted block file: /home/runner/work/ozone/ozone/hadoop-hdds/container-service/target/test-dir/TestBlockDeletingService/hdds/c0455c23-7d1c-4092-a6ee-0302963a2458/current/containerDir129/110753376379798054/chunks/110753376389694080.block
2023-07-21 18:00:08,419 [BlockDeletingService#0] INFO  impl.FilePerBlockStrategy (FilePerBlockStrategy.java:deleteChunk(254)) - Deleted block file: /home/runner/work/ozone/ozone/hadoop-hdds/container-service/target/test-dir/TestBlockDeletingService/hdds/c0455c23-7d1c-4092-a6ee-0302963a2458/current/containerDir129/110753376379798054/chunks/110753376389825153.block
2023-07-21 18:00:08,419 [BlockDeletingService#0] INFO  impl.FilePerBlockStrategy (FilePerBlockStrategy.java:deleteChunk(254)) - Deleted block file: /home/runner/work/ozone/ozone/hadoop-hdds/container-service/target/test-dir/TestBlockDeletingService/hdds/c0455c23-7d1c-4092-a6ee-0302963a2458/current/containerDir129/110753376379798054/chunks/110753376389825154.block
2023-07-21 18:00:08,419 [BlockDeletingService#0] INFO  impl.FilePerBlockStrategy (FilePerBlockStrategy.java:deleteChunk(254)) - Deleted block file: /home/runner/work/ozone/ozone/hadoop-hdds/container-service/target/test-dir/TestBlockDeletingService/hdds/c0455c23-7d1c-4092-a6ee-0302963a2458/current/containerDir129/110753376379798054/chunks/110753376389890691.block
2023-07-21 18:00:08,419 [BlockDeletingService#0] INFO  impl.FilePerBlockStrategy (FilePerBlockStrategy.java:deleteChunk(254)) - Deleted block file: /home/runner/work/ozone/ozone/hadoop-hdds/container-service/target/test-dir/TestBlockDeletingService/hdds/c0455c23-7d1c-4092-a6ee-0302963a2458/current/containerDir129/110753376379798054/chunks/110753376389956228.block
2023-07-21 18:00:08,419 [BlockDeletingService#0] INFO  impl.FilePerBlockStrategy (FilePerBlockStrategy.java:deleteChunk(254)) - Deleted block file: /home/runner/work/ozone/ozone/hadoop-hdds/container-service/target/test-dir/TestBlockDeletingService/hdds/c0455c23-7d1c-4092-a6ee-0302963a2458/current/containerDir129/110753376379798054/chunks/110753376390021765.block
2023-07-21 18:00:08,420 [BlockDeletingService#0] INFO  impl.FilePerBlockStrategy (FilePerBlockStrategy.java:deleteChunk(254)) - Deleted block file: /home/runner/work/ozone/ozone/hadoop-hdds/container-service/target/test-dir/TestBlockDeletingService/hdds/c0455c23-7d1c-4092-a6ee-0302963a2458/current/containerDir129/110753376379798054/chunks/110753376390087302.block
2023-07-21 18:00:08,420 [BlockDeletingService#0] INFO  impl.FilePerBlockStrategy (FilePerBlockStrategy.java:deleteChunk(254)) - Deleted block file: /home/runner/work/ozone/ozone/hadoop-hdds/container-service/target/test-dir/TestBlockDeletingService/hdds/c0455c23-7d1c-4092-a6ee-0302963a2458/current/containerDir129/110753376379798054/chunks/110753376390152839.block
2023-07-21 18:00:08,420 [BlockDeletingService#0] INFO  impl.FilePerBlockStrategy (FilePerBlockStrategy.java:deleteChunk(254)) - Deleted block file: /home/runner/work/ozone/ozone/hadoop-hdds/container-service/target/test-dir/TestBlockDeletingService/hdds/c0455c23-7d1c-4092-a6ee-0302963a2458/current/containerDir129/110753376379798054/chunks/110753376390218376.block
2023-07-21 18:00:08,420 [BlockDeletingService#0] INFO  impl.FilePerBlockStrategy (FilePerBlockStrategy.java:deleteChunk(254)) - Deleted block file: /home/runner/work/ozone/ozone/hadoop-hdds/container-service/target/test-dir/TestBlockDeletingService/hdds/c0455c23-7d1c-4092-a6ee-0302963a2458/current/containerDir129/110753376379798054/chunks/110753376390283913.block
2023-07-21 18:00:08,420 [BlockDeletingService#0] INFO  impl.FilePerBlockStrategy (FilePerBlockStrategy.java:deleteChunk(254)) - Deleted block file: /home/runner/work/ozone/ozone/hadoop-hdds/container-service/target/test-dir/TestBlockDeletingService/hdds/c0455c23-7d1c-4092-a6ee-0302963a2458/current/containerDir129/110753376379798054/chunks/110753376390349450.block
2023-07-21 18:00:08,421 [BlockDeletingService#0] WARN  utils.BackgroundService (BackgroundService.java:lambda$run$0(130)) - BlockDeletingService Background task execution took 16022105ns > 0ns(timeout)
2023-07-21 18:00:08,503 [main] INFO  utils.BackgroundService (BackgroundService.java:shutdown(141)) - Shutting down service BlockDeletingService
2023-07-21 18:00:08,508 [BlockDeletingService#1] INFO  interfaces.ContainerDeletionChoosingPolicyTemplate (ContainerDeletionChoosingPolicyTemplate.java:chooseContainerForBlockDeletion(83)) - Chosen 0/3 blocks from 0 candidate containers.
]]></system-out>
  </testcase>
  <testcase name="testShutdownService" classname="TestBlockDeletingService" time="0.505">
    <system-out><![CDATA[2023-07-21 18:00:10,176 [main] INFO  volume.HddsVolume (HddsVolume.java:<init>(126)) - Creating HddsVolume: /home/runner/work/ozone/ozone/hadoop-hdds/container-service/target/test-dir/TestBlockDeletingService/hdds of storage type : DISK capacity : 9223372036854775807
2023-07-21 18:00:10,178 [main] INFO  volume.MutableVolumeSet (MutableVolumeSet.java:initializeVolumeSet(175)) - Added Volume : /home/runner/work/ozone/ozone/hadoop-hdds/container-service/target/test-dir/TestBlockDeletingService/hdds to VolumeSet
2023-07-21 18:00:10,468 [BlockDeletingService#0] INFO  interfaces.ContainerDeletionChoosingPolicyTemplate (ContainerDeletionChoosingPolicyTemplate.java:chooseContainerForBlockDeletion(83)) - Chosen 100/4900 blocks from 1 candidate containers.
2023-07-21 18:00:10,478 [BlockDeletingService#0] INFO  impl.FilePerBlockStrategy (FilePerBlockStrategy.java:deleteChunk(254)) - Deleted block file: /home/runner/work/ozone/ozone/hadoop-hdds/container-service/target/test-dir/TestBlockDeletingService/hdds/a1a32eec-25b5-4084-af8a-2822a22a445c/current/containerDir1/110753376516702891/chunks/110753376519127724.block
2023-07-21 18:00:10,478 [BlockDeletingService#0] INFO  impl.FilePerBlockStrategy (FilePerBlockStrategy.java:deleteChunk(254)) - Deleted block file: /home/runner/work/ozone/ozone/hadoop-hdds/container-service/target/test-dir/TestBlockDeletingService/hdds/a1a32eec-25b5-4084-af8a-2822a22a445c/current/containerDir1/110753376516702891/chunks/110753376519193261.block
2023-07-21 18:00:10,478 [BlockDeletingService#0] INFO  impl.FilePerBlockStrategy (FilePerBlockStrategy.java:deleteChunk(254)) - Deleted block file: /home/runner/work/ozone/ozone/hadoop-hdds/container-service/target/test-dir/TestBlockDeletingService/hdds/a1a32eec-25b5-4084-af8a-2822a22a445c/current/containerDir1/110753376516702891/chunks/110753376519258798.block
2023-07-21 18:00:10,478 [BlockDeletingService#0] INFO  impl.FilePerBlockStrategy (FilePerBlockStrategy.java:deleteChunk(254)) - Deleted block file: /home/runner/work/ozone/ozone/hadoop-hdds/container-service/target/test-dir/TestBlockDeletingService/hdds/a1a32eec-25b5-4084-af8a-2822a22a445c/current/containerDir1/110753376516702891/chunks/110753376519324335.block
2023-07-21 18:00:10,478 [BlockDeletingService#0] INFO  impl.FilePerBlockStrategy (FilePerBlockStrategy.java:deleteChunk(254)) - Deleted block file: /home/runner/work/ozone/ozone/hadoop-hdds/container-service/target/test-dir/TestBlockDeletingService/hdds/a1a32eec-25b5-4084-af8a-2822a22a445c/current/containerDir1/110753376516702891/chunks/110753376519389872.block
2023-07-21 18:00:10,478 [BlockDeletingService#0] INFO  impl.FilePerBlockStrategy (FilePerBlockStrategy.java:deleteChunk(254)) - Deleted block file: /home/runner/work/ozone/ozone/hadoop-hdds/container-service/target/test-dir/TestBlockDeletingService/hdds/a1a32eec-25b5-4084-af8a-2822a22a445c/current/containerDir1/110753376516702891/chunks/110753376519389873.block
2023-07-21 18:00:10,478 [BlockDeletingService#0] INFO  impl.FilePerBlockStrategy (FilePerBlockStrategy.java:deleteChunk(254)) - Deleted block file: /home/runner/work/ozone/ozone/hadoop-hdds/container-service/target/test-dir/TestBlockDeletingService/hdds/a1a32eec-25b5-4084-af8a-2822a22a445c/current/containerDir1/110753376516702891/chunks/110753376519455410.block
2023-07-21 18:00:10,478 [BlockDeletingService#0] INFO  impl.FilePerBlockStrategy (FilePerBlockStrategy.java:deleteChunk(254)) - Deleted block file: /home/runner/work/ozone/ozone/hadoop-hdds/container-service/target/test-dir/TestBlockDeletingService/hdds/a1a32eec-25b5-4084-af8a-2822a22a445c/current/containerDir1/110753376516702891/chunks/110753376519520947.block
2023-07-21 18:00:10,478 [BlockDeletingService#0] INFO  impl.FilePerBlockStrategy (FilePerBlockStrategy.java:deleteChunk(254)) - Deleted block file: /home/runner/work/ozone/ozone/hadoop-hdds/container-service/target/test-dir/TestBlockDeletingService/hdds/a1a32eec-25b5-4084-af8a-2822a22a445c/current/containerDir1/110753376516702891/chunks/110753376519586484.block
2023-07-21 18:00:10,479 [BlockDeletingService#0] INFO  impl.FilePerBlockStrategy (FilePerBlockStrategy.java:deleteChunk(254)) - Deleted block file: /home/runner/work/ozone/ozone/hadoop-hdds/container-service/target/test-dir/TestBlockDeletingService/hdds/a1a32eec-25b5-4084-af8a-2822a22a445c/current/containerDir1/110753376516702891/chunks/110753376519652021.block
2023-07-21 18:00:10,479 [BlockDeletingService#0] INFO  impl.FilePerBlockStrategy (FilePerBlockStrategy.java:deleteChunk(254)) - Deleted block file: /home/runner/work/ozone/ozone/hadoop-hdds/container-service/target/test-dir/TestBlockDeletingService/hdds/a1a32eec-25b5-4084-af8a-2822a22a445c/current/containerDir1/110753376516702891/chunks/110753376519652022.block
2023-07-21 18:00:10,479 [BlockDeletingService#0] INFO  impl.FilePerBlockStrategy (FilePerBlockStrategy.java:deleteChunk(254)) - Deleted block file: /home/runner/work/ozone/ozone/hadoop-hdds/container-service/target/test-dir/TestBlockDeletingService/hdds/a1a32eec-25b5-4084-af8a-2822a22a445c/current/containerDir1/110753376516702891/chunks/110753376519717559.block
2023-07-21 18:00:10,479 [BlockDeletingService#0] INFO  impl.FilePerBlockStrategy (FilePerBlockStrategy.java:deleteChunk(254)) - Deleted block file: /home/runner/work/ozone/ozone/hadoop-hdds/container-service/target/test-dir/TestBlockDeletingService/hdds/a1a32eec-25b5-4084-af8a-2822a22a445c/current/containerDir1/110753376516702891/chunks/110753376519783096.block
2023-07-21 18:00:10,479 [BlockDeletingService#0] INFO  impl.FilePerBlockStrategy (FilePerBlockStrategy.java:deleteChunk(254)) - Deleted block file: /home/runner/work/ozone/ozone/hadoop-hdds/container-service/target/test-dir/TestBlockDeletingService/hdds/a1a32eec-25b5-4084-af8a-2822a22a445c/current/containerDir1/110753376516702891/chunks/110753376519848633.block
2023-07-21 18:00:10,479 [BlockDeletingService#0] INFO  impl.FilePerBlockStrategy (FilePerBlockStrategy.java:deleteChunk(254)) - Deleted block file: /home/runner/work/ozone/ozone/hadoop-hdds/container-service/target/test-dir/TestBlockDeletingService/hdds/a1a32eec-25b5-4084-af8a-2822a22a445c/current/containerDir1/110753376516702891/chunks/110753376519914170.block
2023-07-21 18:00:10,479 [BlockDeletingService#0] INFO  impl.FilePerBlockStrategy (FilePerBlockStrategy.java:deleteChunk(254)) - Deleted block file: /home/runner/work/ozone/ozone/hadoop-hdds/container-service/target/test-dir/TestBlockDeletingService/hdds/a1a32eec-25b5-4084-af8a-2822a22a445c/current/containerDir1/110753376516702891/chunks/110753376519979707.block
2023-07-21 18:00:10,479 [BlockDeletingService#0] INFO  impl.FilePerBlockStrategy (FilePerBlockStrategy.java:deleteChunk(254)) - Deleted block file: /home/runner/work/ozone/ozone/hadoop-hdds/container-service/target/test-dir/TestBlockDeletingService/hdds/a1a32eec-25b5-4084-af8a-2822a22a445c/current/containerDir1/110753376516702891/chunks/110753376520045244.block
2023-07-21 18:00:10,479 [BlockDeletingService#0] INFO  impl.FilePerBlockStrategy (FilePerBlockStrategy.java:deleteChunk(254)) - Deleted block file: /home/runner/work/ozone/ozone/hadoop-hdds/container-service/target/test-dir/TestBlockDeletingService/hdds/a1a32eec-25b5-4084-af8a-2822a22a445c/current/containerDir1/110753376516702891/chunks/110753376520110781.block
2023-07-21 18:00:10,480 [BlockDeletingService#0] INFO  impl.FilePerBlockStrategy (FilePerBlockStrategy.java:deleteChunk(254)) - Deleted block file: /home/runner/work/ozone/ozone/hadoop-hdds/container-service/target/test-dir/TestBlockDeletingService/hdds/a1a32eec-25b5-4084-af8a-2822a22a445c/current/containerDir1/110753376516702891/chunks/110753376520110782.block
2023-07-21 18:00:10,480 [BlockDeletingService#0] INFO  impl.FilePerBlockStrategy (FilePerBlockStrategy.java:deleteChunk(254)) - Deleted block file: /home/runner/work/ozone/ozone/hadoop-hdds/container-service/target/test-dir/TestBlockDeletingService/hdds/a1a32eec-25b5-4084-af8a-2822a22a445c/current/containerDir1/110753376516702891/chunks/110753376520176319.block
2023-07-21 18:00:10,480 [BlockDeletingService#0] INFO  impl.FilePerBlockStrategy (FilePerBlockStrategy.java:deleteChunk(254)) - Deleted block file: /home/runner/work/ozone/ozone/hadoop-hdds/container-service/target/test-dir/TestBlockDeletingService/hdds/a1a32eec-25b5-4084-af8a-2822a22a445c/current/containerDir1/110753376516702891/chunks/110753376520241856.block
2023-07-21 18:00:10,480 [BlockDeletingService#0] INFO  impl.FilePerBlockStrategy (FilePerBlockStrategy.java:deleteChunk(254)) - Deleted block file: /home/runner/work/ozone/ozone/hadoop-hdds/container-service/target/test-dir/TestBlockDeletingService/hdds/a1a32eec-25b5-4084-af8a-2822a22a445c/current/containerDir1/110753376516702891/chunks/110753376520438465.block
2023-07-21 18:00:10,480 [BlockDeletingService#0] INFO  impl.FilePerBlockStrategy (FilePerBlockStrategy.java:deleteChunk(254)) - Deleted block file: /home/runner/work/ozone/ozone/hadoop-hdds/container-service/target/test-dir/TestBlockDeletingService/hdds/a1a32eec-25b5-4084-af8a-2822a22a445c/current/containerDir1/110753376516702891/chunks/110753376520438466.block
2023-07-21 18:00:10,480 [BlockDeletingService#0] INFO  impl.FilePerBlockStrategy (FilePerBlockStrategy.java:deleteChunk(254)) - Deleted block file: /home/runner/work/ozone/ozone/hadoop-hdds/container-service/target/test-dir/TestBlockDeletingService/hdds/a1a32eec-25b5-4084-af8a-2822a22a445c/current/containerDir1/110753376516702891/chunks/110753376520504003.block
2023-07-21 18:00:10,480 [BlockDeletingService#0] INFO  impl.FilePerBlockStrategy (FilePerBlockStrategy.java:deleteChunk(254)) - Deleted block file: /home/runner/work/ozone/ozone/hadoop-hdds/container-service/target/test-dir/TestBlockDeletingService/hdds/a1a32eec-25b5-4084-af8a-2822a22a445c/current/containerDir1/110753376516702891/chunks/110753376520569540.block
2023-07-21 18:00:10,480 [BlockDeletingService#0] INFO  impl.FilePerBlockStrategy (FilePerBlockStrategy.java:deleteChunk(254)) - Deleted block file: /home/runner/work/ozone/ozone/hadoop-hdds/container-service/target/test-dir/TestBlockDeletingService/hdds/a1a32eec-25b5-4084-af8a-2822a22a445c/current/containerDir1/110753376516702891/chunks/110753376520569541.block
2023-07-21 18:00:10,480 [BlockDeletingService#0] INFO  impl.FilePerBlockStrategy (FilePerBlockStrategy.java:deleteChunk(254)) - Deleted block file: /home/runner/work/ozone/ozone/hadoop-hdds/container-service/target/test-dir/TestBlockDeletingService/hdds/a1a32eec-25b5-4084-af8a-2822a22a445c/current/containerDir1/110753376516702891/chunks/110753376520635078.block
2023-07-21 18:00:10,480 [BlockDeletingService#0] INFO  impl.FilePerBlockStrategy (FilePerBlockStrategy.java:deleteChunk(254)) - Deleted block file: /home/runner/work/ozone/ozone/hadoop-hdds/container-service/target/test-dir/TestBlockDeletingService/hdds/a1a32eec-25b5-4084-af8a-2822a22a445c/current/containerDir1/110753376516702891/chunks/110753376520700615.block
2023-07-21 18:00:10,481 [BlockDeletingService#0] INFO  impl.FilePerBlockStrategy (FilePerBlockStrategy.java:deleteChunk(254)) - Deleted block file: /home/runner/work/ozone/ozone/hadoop-hdds/container-service/target/test-dir/TestBlockDeletingService/hdds/a1a32eec-25b5-4084-af8a-2822a22a445c/current/containerDir1/110753376516702891/chunks/110753376520766152.block
2023-07-21 18:00:10,481 [BlockDeletingService#0] INFO  impl.FilePerBlockStrategy (FilePerBlockStrategy.java:deleteChunk(254)) - Deleted block file: /home/runner/work/ozone/ozone/hadoop-hdds/container-service/target/test-dir/TestBlockDeletingService/hdds/a1a32eec-25b5-4084-af8a-2822a22a445c/current/containerDir1/110753376516702891/chunks/110753376520831689.block
2023-07-21 18:00:10,481 [BlockDeletingService#0] INFO  impl.FilePerBlockStrategy (FilePerBlockStrategy.java:deleteChunk(254)) - Deleted block file: /home/runner/work/ozone/ozone/hadoop-hdds/container-service/target/test-dir/TestBlockDeletingService/hdds/a1a32eec-25b5-4084-af8a-2822a22a445c/current/containerDir1/110753376516702891/chunks/110753376520897226.block
2023-07-21 18:00:10,481 [BlockDeletingService#0] INFO  impl.FilePerBlockStrategy (FilePerBlockStrategy.java:deleteChunk(254)) - Deleted block file: /home/runner/work/ozone/ozone/hadoop-hdds/container-service/target/test-dir/TestBlockDeletingService/hdds/a1a32eec-25b5-4084-af8a-2822a22a445c/current/containerDir1/110753376516702891/chunks/110753376520962763.block
2023-07-21 18:00:10,481 [BlockDeletingService#0] INFO  impl.FilePerBlockStrategy (FilePerBlockStrategy.java:deleteChunk(254)) - Deleted block file: /home/runner/work/ozone/ozone/hadoop-hdds/container-service/target/test-dir/TestBlockDeletingService/hdds/a1a32eec-25b5-4084-af8a-2822a22a445c/current/containerDir1/110753376516702891/chunks/110753376521028300.block
2023-07-21 18:00:10,481 [BlockDeletingService#0] INFO  impl.FilePerBlockStrategy (FilePerBlockStrategy.java:deleteChunk(254)) - Deleted block file: /home/runner/work/ozone/ozone/hadoop-hdds/container-service/target/test-dir/TestBlockDeletingService/hdds/a1a32eec-25b5-4084-af8a-2822a22a445c/current/containerDir1/110753376516702891/chunks/110753376521093837.block
2023-07-21 18:00:10,481 [BlockDeletingService#0] INFO  impl.FilePerBlockStrategy (FilePerBlockStrategy.java:deleteChunk(254)) - Deleted block file: /home/runner/work/ozone/ozone/hadoop-hdds/container-service/target/test-dir/TestBlockDeletingService/hdds/a1a32eec-25b5-4084-af8a-2822a22a445c/current/containerDir1/110753376516702891/chunks/110753376521159374.block
2023-07-21 18:00:10,481 [BlockDeletingService#0] INFO  impl.FilePerBlockStrategy (FilePerBlockStrategy.java:deleteChunk(254)) - Deleted block file: /home/runner/work/ozone/ozone/hadoop-hdds/container-service/target/test-dir/TestBlockDeletingService/hdds/a1a32eec-25b5-4084-af8a-2822a22a445c/current/containerDir1/110753376516702891/chunks/110753376521224911.block
2023-07-21 18:00:10,481 [BlockDeletingService#0] INFO  impl.FilePerBlockStrategy (FilePerBlockStrategy.java:deleteChunk(254)) - Deleted block file: /home/runner/work/ozone/ozone/hadoop-hdds/container-service/target/test-dir/TestBlockDeletingService/hdds/a1a32eec-25b5-4084-af8a-2822a22a445c/current/containerDir1/110753376516702891/chunks/110753376521290448.block
2023-07-21 18:00:10,482 [BlockDeletingService#0] INFO  impl.FilePerBlockStrategy (FilePerBlockStrategy.java:deleteChunk(254)) - Deleted block file: /home/runner/work/ozone/ozone/hadoop-hdds/container-service/target/test-dir/TestBlockDeletingService/hdds/a1a32eec-25b5-4084-af8a-2822a22a445c/current/containerDir1/110753376516702891/chunks/110753376521355985.block
2023-07-21 18:00:10,482 [BlockDeletingService#0] INFO  impl.FilePerBlockStrategy (FilePerBlockStrategy.java:deleteChunk(254)) - Deleted block file: /home/runner/work/ozone/ozone/hadoop-hdds/container-service/target/test-dir/TestBlockDeletingService/hdds/a1a32eec-25b5-4084-af8a-2822a22a445c/current/containerDir1/110753376516702891/chunks/110753376521355986.block
2023-07-21 18:00:10,482 [BlockDeletingService#0] INFO  impl.FilePerBlockStrategy (FilePerBlockStrategy.java:deleteChunk(254)) - Deleted block file: /home/runner/work/ozone/ozone/hadoop-hdds/container-service/target/test-dir/TestBlockDeletingService/hdds/a1a32eec-25b5-4084-af8a-2822a22a445c/current/containerDir1/110753376516702891/chunks/110753376521421523.block
2023-07-21 18:00:10,482 [BlockDeletingService#0] INFO  impl.FilePerBlockStrategy (FilePerBlockStrategy.java:deleteChunk(254)) - Deleted block file: /home/runner/work/ozone/ozone/hadoop-hdds/container-service/target/test-dir/TestBlockDeletingService/hdds/a1a32eec-25b5-4084-af8a-2822a22a445c/current/containerDir1/110753376516702891/chunks/110753376521487060.block
2023-07-21 18:00:10,482 [BlockDeletingService#0] INFO  impl.FilePerBlockStrategy (FilePerBlockStrategy.java:deleteChunk(254)) - Deleted block file: /home/runner/work/ozone/ozone/hadoop-hdds/container-service/target/test-dir/TestBlockDeletingService/hdds/a1a32eec-25b5-4084-af8a-2822a22a445c/current/containerDir1/110753376516702891/chunks/110753376521618133.block
2023-07-21 18:00:10,482 [BlockDeletingService#0] INFO  impl.FilePerBlockStrategy (FilePerBlockStrategy.java:deleteChunk(254)) - Deleted block file: /home/runner/work/ozone/ozone/hadoop-hdds/container-service/target/test-dir/TestBlockDeletingService/hdds/a1a32eec-25b5-4084-af8a-2822a22a445c/current/containerDir1/110753376516702891/chunks/110753376521683670.block
2023-07-21 18:00:10,482 [BlockDeletingService#0] INFO  impl.FilePerBlockStrategy (FilePerBlockStrategy.java:deleteChunk(254)) - Deleted block file: /home/runner/work/ozone/ozone/hadoop-hdds/container-service/target/test-dir/TestBlockDeletingService/hdds/a1a32eec-25b5-4084-af8a-2822a22a445c/current/containerDir1/110753376516702891/chunks/110753376521683671.block
2023-07-21 18:00:10,482 [BlockDeletingService#0] INFO  impl.FilePerBlockStrategy (FilePerBlockStrategy.java:deleteChunk(254)) - Deleted block file: /home/runner/work/ozone/ozone/hadoop-hdds/container-service/target/test-dir/TestBlockDeletingService/hdds/a1a32eec-25b5-4084-af8a-2822a22a445c/current/containerDir1/110753376516702891/chunks/110753376521749208.block
2023-07-21 18:00:10,482 [BlockDeletingService#0] INFO  impl.FilePerBlockStrategy (FilePerBlockStrategy.java:deleteChunk(254)) - Deleted block file: /home/runner/work/ozone/ozone/hadoop-hdds/container-service/target/test-dir/TestBlockDeletingService/hdds/a1a32eec-25b5-4084-af8a-2822a22a445c/current/containerDir1/110753376516702891/chunks/110753376521814745.block
2023-07-21 18:00:10,482 [BlockDeletingService#0] INFO  impl.FilePerBlockStrategy (FilePerBlockStrategy.java:deleteChunk(254)) - Deleted block file: /home/runner/work/ozone/ozone/hadoop-hdds/container-service/target/test-dir/TestBlockDeletingService/hdds/a1a32eec-25b5-4084-af8a-2822a22a445c/current/containerDir1/110753376516702891/chunks/110753376521880282.block
2023-07-21 18:00:10,482 [BlockDeletingService#0] INFO  impl.FilePerBlockStrategy (FilePerBlockStrategy.java:deleteChunk(254)) - Deleted block file: /home/runner/work/ozone/ozone/hadoop-hdds/container-service/target/test-dir/TestBlockDeletingService/hdds/a1a32eec-25b5-4084-af8a-2822a22a445c/current/containerDir1/110753376516702891/chunks/110753376522011355.block
2023-07-21 18:00:10,482 [BlockDeletingService#0] INFO  impl.FilePerBlockStrategy (FilePerBlockStrategy.java:deleteChunk(254)) - Deleted block file: /home/runner/work/ozone/ozone/hadoop-hdds/container-service/target/test-dir/TestBlockDeletingService/hdds/a1a32eec-25b5-4084-af8a-2822a22a445c/current/containerDir1/110753376516702891/chunks/110753376522011356.block
2023-07-21 18:00:10,483 [BlockDeletingService#0] INFO  impl.FilePerBlockStrategy (FilePerBlockStrategy.java:deleteChunk(254)) - Deleted block file: /home/runner/work/ozone/ozone/hadoop-hdds/container-service/target/test-dir/TestBlockDeletingService/hdds/a1a32eec-25b5-4084-af8a-2822a22a445c/current/containerDir1/110753376516702891/chunks/110753376522142429.block
2023-07-21 18:00:10,483 [BlockDeletingService#0] INFO  impl.FilePerBlockStrategy (FilePerBlockStrategy.java:deleteChunk(254)) - Deleted block file: /home/runner/work/ozone/ozone/hadoop-hdds/container-service/target/test-dir/TestBlockDeletingService/hdds/a1a32eec-25b5-4084-af8a-2822a22a445c/current/containerDir1/110753376516702891/chunks/110753376522207966.block
2023-07-21 18:00:10,483 [BlockDeletingService#0] INFO  impl.FilePerBlockStrategy (FilePerBlockStrategy.java:deleteChunk(254)) - Deleted block file: /home/runner/work/ozone/ozone/hadoop-hdds/container-service/target/test-dir/TestBlockDeletingService/hdds/a1a32eec-25b5-4084-af8a-2822a22a445c/current/containerDir1/110753376516702891/chunks/110753376522339039.block
2023-07-21 18:00:10,483 [BlockDeletingService#0] INFO  impl.FilePerBlockStrategy (FilePerBlockStrategy.java:deleteChunk(254)) - Deleted block file: /home/runner/work/ozone/ozone/hadoop-hdds/container-service/target/test-dir/TestBlockDeletingService/hdds/a1a32eec-25b5-4084-af8a-2822a22a445c/current/containerDir1/110753376516702891/chunks/110753376522404576.block
2023-07-21 18:00:10,483 [BlockDeletingService#0] INFO  impl.FilePerBlockStrategy (FilePerBlockStrategy.java:deleteChunk(254)) - Deleted block file: /home/runner/work/ozone/ozone/hadoop-hdds/container-service/target/test-dir/TestBlockDeletingService/hdds/a1a32eec-25b5-4084-af8a-2822a22a445c/current/containerDir1/110753376516702891/chunks/110753376522470113.block
2023-07-21 18:00:10,483 [BlockDeletingService#0] INFO  impl.FilePerBlockStrategy (FilePerBlockStrategy.java:deleteChunk(254)) - Deleted block file: /home/runner/work/ozone/ozone/hadoop-hdds/container-service/target/test-dir/TestBlockDeletingService/hdds/a1a32eec-25b5-4084-af8a-2822a22a445c/current/containerDir1/110753376516702891/chunks/110753376522470114.block
2023-07-21 18:00:10,483 [BlockDeletingService#0] INFO  impl.FilePerBlockStrategy (FilePerBlockStrategy.java:deleteChunk(254)) - Deleted block file: /home/runner/work/ozone/ozone/hadoop-hdds/container-service/target/test-dir/TestBlockDeletingService/hdds/a1a32eec-25b5-4084-af8a-2822a22a445c/current/containerDir1/110753376516702891/chunks/110753376522535651.block
2023-07-21 18:00:10,483 [BlockDeletingService#0] INFO  impl.FilePerBlockStrategy (FilePerBlockStrategy.java:deleteChunk(254)) - Deleted block file: /home/runner/work/ozone/ozone/hadoop-hdds/container-service/target/test-dir/TestBlockDeletingService/hdds/a1a32eec-25b5-4084-af8a-2822a22a445c/current/containerDir1/110753376516702891/chunks/110753376522601188.block
2023-07-21 18:00:10,483 [BlockDeletingService#0] INFO  impl.FilePerBlockStrategy (FilePerBlockStrategy.java:deleteChunk(254)) - Deleted block file: /home/runner/work/ozone/ozone/hadoop-hdds/container-service/target/test-dir/TestBlockDeletingService/hdds/a1a32eec-25b5-4084-af8a-2822a22a445c/current/containerDir1/110753376516702891/chunks/110753376522666725.block
2023-07-21 18:00:10,483 [BlockDeletingService#0] INFO  impl.FilePerBlockStrategy (FilePerBlockStrategy.java:deleteChunk(254)) - Deleted block file: /home/runner/work/ozone/ozone/hadoop-hdds/container-service/target/test-dir/TestBlockDeletingService/hdds/a1a32eec-25b5-4084-af8a-2822a22a445c/current/containerDir1/110753376516702891/chunks/110753376522666726.block
2023-07-21 18:00:10,484 [BlockDeletingService#0] INFO  impl.FilePerBlockStrategy (FilePerBlockStrategy.java:deleteChunk(254)) - Deleted block file: /home/runner/work/ozone/ozone/hadoop-hdds/container-service/target/test-dir/TestBlockDeletingService/hdds/a1a32eec-25b5-4084-af8a-2822a22a445c/current/containerDir1/110753376516702891/chunks/110753376522732263.block
2023-07-21 18:00:10,484 [BlockDeletingService#0] INFO  impl.FilePerBlockStrategy (FilePerBlockStrategy.java:deleteChunk(254)) - Deleted block file: /home/runner/work/ozone/ozone/hadoop-hdds/container-service/target/test-dir/TestBlockDeletingService/hdds/a1a32eec-25b5-4084-af8a-2822a22a445c/current/containerDir1/110753376516702891/chunks/110753376522797800.block
2023-07-21 18:00:10,484 [BlockDeletingService#0] INFO  impl.FilePerBlockStrategy (FilePerBlockStrategy.java:deleteChunk(254)) - Deleted block file: /home/runner/work/ozone/ozone/hadoop-hdds/container-service/target/test-dir/TestBlockDeletingService/hdds/a1a32eec-25b5-4084-af8a-2822a22a445c/current/containerDir1/110753376516702891/chunks/110753376522863337.block
2023-07-21 18:00:10,484 [BlockDeletingService#0] INFO  impl.FilePerBlockStrategy (FilePerBlockStrategy.java:deleteChunk(254)) - Deleted block file: /home/runner/work/ozone/ozone/hadoop-hdds/container-service/target/test-dir/TestBlockDeletingService/hdds/a1a32eec-25b5-4084-af8a-2822a22a445c/current/containerDir1/110753376516702891/chunks/110753376522928874.block
2023-07-21 18:00:10,484 [BlockDeletingService#0] INFO  impl.FilePerBlockStrategy (FilePerBlockStrategy.java:deleteChunk(254)) - Deleted block file: /home/runner/work/ozone/ozone/hadoop-hdds/container-service/target/test-dir/TestBlockDeletingService/hdds/a1a32eec-25b5-4084-af8a-2822a22a445c/current/containerDir1/110753376516702891/chunks/110753376522994411.block
2023-07-21 18:00:10,484 [BlockDeletingService#0] INFO  impl.FilePerBlockStrategy (FilePerBlockStrategy.java:deleteChunk(254)) - Deleted block file: /home/runner/work/ozone/ozone/hadoop-hdds/container-service/target/test-dir/TestBlockDeletingService/hdds/a1a32eec-25b5-4084-af8a-2822a22a445c/current/containerDir1/110753376516702891/chunks/110753376523059948.block
2023-07-21 18:00:10,484 [BlockDeletingService#0] INFO  impl.FilePerBlockStrategy (FilePerBlockStrategy.java:deleteChunk(254)) - Deleted block file: /home/runner/work/ozone/ozone/hadoop-hdds/container-service/target/test-dir/TestBlockDeletingService/hdds/a1a32eec-25b5-4084-af8a-2822a22a445c/current/containerDir1/110753376516702891/chunks/110753376523125485.block
2023-07-21 18:00:10,484 [BlockDeletingService#0] INFO  impl.FilePerBlockStrategy (FilePerBlockStrategy.java:deleteChunk(254)) - Deleted block file: /home/runner/work/ozone/ozone/hadoop-hdds/container-service/target/test-dir/TestBlockDeletingService/hdds/a1a32eec-25b5-4084-af8a-2822a22a445c/current/containerDir1/110753376516702891/chunks/110753376523191022.block
2023-07-21 18:00:10,484 [BlockDeletingService#0] INFO  impl.FilePerBlockStrategy (FilePerBlockStrategy.java:deleteChunk(254)) - Deleted block file: /home/runner/work/ozone/ozone/hadoop-hdds/container-service/target/test-dir/TestBlockDeletingService/hdds/a1a32eec-25b5-4084-af8a-2822a22a445c/current/containerDir1/110753376516702891/chunks/110753376523256559.block
2023-07-21 18:00:10,484 [BlockDeletingService#0] INFO  impl.FilePerBlockStrategy (FilePerBlockStrategy.java:deleteChunk(254)) - Deleted block file: /home/runner/work/ozone/ozone/hadoop-hdds/container-service/target/test-dir/TestBlockDeletingService/hdds/a1a32eec-25b5-4084-af8a-2822a22a445c/current/containerDir1/110753376516702891/chunks/110753376523387632.block
2023-07-21 18:00:10,484 [BlockDeletingService#0] INFO  impl.FilePerBlockStrategy (FilePerBlockStrategy.java:deleteChunk(254)) - Deleted block file: /home/runner/work/ozone/ozone/hadoop-hdds/container-service/target/test-dir/TestBlockDeletingService/hdds/a1a32eec-25b5-4084-af8a-2822a22a445c/current/containerDir1/110753376516702891/chunks/110753376523453169.block
2023-07-21 18:00:10,485 [BlockDeletingService#0] INFO  impl.FilePerBlockStrategy (FilePerBlockStrategy.java:deleteChunk(254)) - Deleted block file: /home/runner/work/ozone/ozone/hadoop-hdds/container-service/target/test-dir/TestBlockDeletingService/hdds/a1a32eec-25b5-4084-af8a-2822a22a445c/current/containerDir1/110753376516702891/chunks/110753376523518706.block
2023-07-21 18:00:10,485 [BlockDeletingService#0] INFO  impl.FilePerBlockStrategy (FilePerBlockStrategy.java:deleteChunk(254)) - Deleted block file: /home/runner/work/ozone/ozone/hadoop-hdds/container-service/target/test-dir/TestBlockDeletingService/hdds/a1a32eec-25b5-4084-af8a-2822a22a445c/current/containerDir1/110753376516702891/chunks/110753376523649779.block
2023-07-21 18:00:10,485 [BlockDeletingService#0] INFO  impl.FilePerBlockStrategy (FilePerBlockStrategy.java:deleteChunk(254)) - Deleted block file: /home/runner/work/ozone/ozone/hadoop-hdds/container-service/target/test-dir/TestBlockDeletingService/hdds/a1a32eec-25b5-4084-af8a-2822a22a445c/current/containerDir1/110753376516702891/chunks/110753376523715316.block
2023-07-21 18:00:10,485 [BlockDeletingService#0] INFO  impl.FilePerBlockStrategy (FilePerBlockStrategy.java:deleteChunk(254)) - Deleted block file: /home/runner/work/ozone/ozone/hadoop-hdds/container-service/target/test-dir/TestBlockDeletingService/hdds/a1a32eec-25b5-4084-af8a-2822a22a445c/current/containerDir1/110753376516702891/chunks/110753376523780853.block
2023-07-21 18:00:10,485 [BlockDeletingService#0] INFO  impl.FilePerBlockStrategy (FilePerBlockStrategy.java:deleteChunk(254)) - Deleted block file: /home/runner/work/ozone/ozone/hadoop-hdds/container-service/target/test-dir/TestBlockDeletingService/hdds/a1a32eec-25b5-4084-af8a-2822a22a445c/current/containerDir1/110753376516702891/chunks/110753376523846390.block
2023-07-21 18:00:10,485 [BlockDeletingService#0] INFO  impl.FilePerBlockStrategy (FilePerBlockStrategy.java:deleteChunk(254)) - Deleted block file: /home/runner/work/ozone/ozone/hadoop-hdds/container-service/target/test-dir/TestBlockDeletingService/hdds/a1a32eec-25b5-4084-af8a-2822a22a445c/current/containerDir1/110753376516702891/chunks/110753376523911927.block
2023-07-21 18:00:10,485 [BlockDeletingService#0] INFO  impl.FilePerBlockStrategy (FilePerBlockStrategy.java:deleteChunk(254)) - Deleted block file: /home/runner/work/ozone/ozone/hadoop-hdds/container-service/target/test-dir/TestBlockDeletingService/hdds/a1a32eec-25b5-4084-af8a-2822a22a445c/current/containerDir1/110753376516702891/chunks/110753376523977464.block
2023-07-21 18:00:10,485 [BlockDeletingService#0] INFO  impl.FilePerBlockStrategy (FilePerBlockStrategy.java:deleteChunk(254)) - Deleted block file: /home/runner/work/ozone/ozone/hadoop-hdds/container-service/target/test-dir/TestBlockDeletingService/hdds/a1a32eec-25b5-4084-af8a-2822a22a445c/current/containerDir1/110753376516702891/chunks/110753376524043001.block
2023-07-21 18:00:10,485 [BlockDeletingService#0] INFO  impl.FilePerBlockStrategy (FilePerBlockStrategy.java:deleteChunk(254)) - Deleted block file: /home/runner/work/ozone/ozone/hadoop-hdds/container-service/target/test-dir/TestBlockDeletingService/hdds/a1a32eec-25b5-4084-af8a-2822a22a445c/current/containerDir1/110753376516702891/chunks/110753376524108538.block
2023-07-21 18:00:10,485 [BlockDeletingService#0] INFO  impl.FilePerBlockStrategy (FilePerBlockStrategy.java:deleteChunk(254)) - Deleted block file: /home/runner/work/ozone/ozone/hadoop-hdds/container-service/target/test-dir/TestBlockDeletingService/hdds/a1a32eec-25b5-4084-af8a-2822a22a445c/current/containerDir1/110753376516702891/chunks/110753376524174075.block
2023-07-21 18:00:10,486 [BlockDeletingService#0] INFO  impl.FilePerBlockStrategy (FilePerBlockStrategy.java:deleteChunk(254)) - Deleted block file: /home/runner/work/ozone/ozone/hadoop-hdds/container-service/target/test-dir/TestBlockDeletingService/hdds/a1a32eec-25b5-4084-af8a-2822a22a445c/current/containerDir1/110753376516702891/chunks/110753376524239612.block
2023-07-21 18:00:10,486 [BlockDeletingService#0] INFO  impl.FilePerBlockStrategy (FilePerBlockStrategy.java:deleteChunk(254)) - Deleted block file: /home/runner/work/ozone/ozone/hadoop-hdds/container-service/target/test-dir/TestBlockDeletingService/hdds/a1a32eec-25b5-4084-af8a-2822a22a445c/current/containerDir1/110753376516702891/chunks/110753376524305149.block
2023-07-21 18:00:10,486 [BlockDeletingService#0] INFO  impl.FilePerBlockStrategy (FilePerBlockStrategy.java:deleteChunk(254)) - Deleted block file: /home/runner/work/ozone/ozone/hadoop-hdds/container-service/target/test-dir/TestBlockDeletingService/hdds/a1a32eec-25b5-4084-af8a-2822a22a445c/current/containerDir1/110753376516702891/chunks/110753376524370686.block
2023-07-21 18:00:10,486 [BlockDeletingService#0] INFO  impl.FilePerBlockStrategy (FilePerBlockStrategy.java:deleteChunk(254)) - Deleted block file: /home/runner/work/ozone/ozone/hadoop-hdds/container-service/target/test-dir/TestBlockDeletingService/hdds/a1a32eec-25b5-4084-af8a-2822a22a445c/current/containerDir1/110753376516702891/chunks/110753376524436223.block
2023-07-21 18:00:10,486 [BlockDeletingService#0] INFO  impl.FilePerBlockStrategy (FilePerBlockStrategy.java:deleteChunk(254)) - Deleted block file: /home/runner/work/ozone/ozone/hadoop-hdds/container-service/target/test-dir/TestBlockDeletingService/hdds/a1a32eec-25b5-4084-af8a-2822a22a445c/current/containerDir1/110753376516702891/chunks/110753376524501760.block
2023-07-21 18:00:10,486 [BlockDeletingService#0] INFO  impl.FilePerBlockStrategy (FilePerBlockStrategy.java:deleteChunk(254)) - Deleted block file: /home/runner/work/ozone/ozone/hadoop-hdds/container-service/target/test-dir/TestBlockDeletingService/hdds/a1a32eec-25b5-4084-af8a-2822a22a445c/current/containerDir1/110753376516702891/chunks/110753376524567297.block
2023-07-21 18:00:10,486 [BlockDeletingService#0] INFO  impl.FilePerBlockStrategy (FilePerBlockStrategy.java:deleteChunk(254)) - Deleted block file: /home/runner/work/ozone/ozone/hadoop-hdds/container-service/target/test-dir/TestBlockDeletingService/hdds/a1a32eec-25b5-4084-af8a-2822a22a445c/current/containerDir1/110753376516702891/chunks/110753376524632834.block
2023-07-21 18:00:10,486 [BlockDeletingService#0] INFO  impl.FilePerBlockStrategy (FilePerBlockStrategy.java:deleteChunk(254)) - Deleted block file: /home/runner/work/ozone/ozone/hadoop-hdds/container-service/target/test-dir/TestBlockDeletingService/hdds/a1a32eec-25b5-4084-af8a-2822a22a445c/current/containerDir1/110753376516702891/chunks/110753376524763907.block
2023-07-21 18:00:10,486 [BlockDeletingService#0] INFO  impl.FilePerBlockStrategy (FilePerBlockStrategy.java:deleteChunk(254)) - Deleted block file: /home/runner/work/ozone/ozone/hadoop-hdds/container-service/target/test-dir/TestBlockDeletingService/hdds/a1a32eec-25b5-4084-af8a-2822a22a445c/current/containerDir1/110753376516702891/chunks/110753376524829444.block
2023-07-21 18:00:10,486 [BlockDeletingService#0] INFO  impl.FilePerBlockStrategy (FilePerBlockStrategy.java:deleteChunk(254)) - Deleted block file: /home/runner/work/ozone/ozone/hadoop-hdds/container-service/target/test-dir/TestBlockDeletingService/hdds/a1a32eec-25b5-4084-af8a-2822a22a445c/current/containerDir1/110753376516702891/chunks/110753376524894981.block
2023-07-21 18:00:10,487 [BlockDeletingService#0] INFO  impl.FilePerBlockStrategy (FilePerBlockStrategy.java:deleteChunk(254)) - Deleted block file: /home/runner/work/ozone/ozone/hadoop-hdds/container-service/target/test-dir/TestBlockDeletingService/hdds/a1a32eec-25b5-4084-af8a-2822a22a445c/current/containerDir1/110753376516702891/chunks/110753376524960518.block
2023-07-21 18:00:10,487 [BlockDeletingService#0] INFO  impl.FilePerBlockStrategy (FilePerBlockStrategy.java:deleteChunk(254)) - Deleted block file: /home/runner/work/ozone/ozone/hadoop-hdds/container-service/target/test-dir/TestBlockDeletingService/hdds/a1a32eec-25b5-4084-af8a-2822a22a445c/current/containerDir1/110753376516702891/chunks/110753376525026055.block
2023-07-21 18:00:10,487 [BlockDeletingService#0] INFO  impl.FilePerBlockStrategy (FilePerBlockStrategy.java:deleteChunk(254)) - Deleted block file: /home/runner/work/ozone/ozone/hadoop-hdds/container-service/target/test-dir/TestBlockDeletingService/hdds/a1a32eec-25b5-4084-af8a-2822a22a445c/current/containerDir1/110753376516702891/chunks/110753376525091592.block
2023-07-21 18:00:10,487 [BlockDeletingService#0] INFO  impl.FilePerBlockStrategy (FilePerBlockStrategy.java:deleteChunk(254)) - Deleted block file: /home/runner/work/ozone/ozone/hadoop-hdds/container-service/target/test-dir/TestBlockDeletingService/hdds/a1a32eec-25b5-4084-af8a-2822a22a445c/current/containerDir1/110753376516702891/chunks/110753376525157129.block
2023-07-21 18:00:10,487 [BlockDeletingService#0] INFO  impl.FilePerBlockStrategy (FilePerBlockStrategy.java:deleteChunk(254)) - Deleted block file: /home/runner/work/ozone/ozone/hadoop-hdds/container-service/target/test-dir/TestBlockDeletingService/hdds/a1a32eec-25b5-4084-af8a-2822a22a445c/current/containerDir1/110753376516702891/chunks/110753376525222666.block
2023-07-21 18:00:10,487 [BlockDeletingService#0] INFO  impl.FilePerBlockStrategy (FilePerBlockStrategy.java:deleteChunk(254)) - Deleted block file: /home/runner/work/ozone/ozone/hadoop-hdds/container-service/target/test-dir/TestBlockDeletingService/hdds/a1a32eec-25b5-4084-af8a-2822a22a445c/current/containerDir1/110753376516702891/chunks/110753376525288203.block
2023-07-21 18:00:10,487 [BlockDeletingService#0] INFO  impl.FilePerBlockStrategy (FilePerBlockStrategy.java:deleteChunk(254)) - Deleted block file: /home/runner/work/ozone/ozone/hadoop-hdds/container-service/target/test-dir/TestBlockDeletingService/hdds/a1a32eec-25b5-4084-af8a-2822a22a445c/current/containerDir1/110753376516702891/chunks/110753376525353740.block
2023-07-21 18:00:10,487 [BlockDeletingService#0] INFO  impl.FilePerBlockStrategy (FilePerBlockStrategy.java:deleteChunk(254)) - Deleted block file: /home/runner/work/ozone/ozone/hadoop-hdds/container-service/target/test-dir/TestBlockDeletingService/hdds/a1a32eec-25b5-4084-af8a-2822a22a445c/current/containerDir1/110753376516702891/chunks/110753376525419277.block
2023-07-21 18:00:10,487 [BlockDeletingService#0] INFO  impl.FilePerBlockStrategy (FilePerBlockStrategy.java:deleteChunk(254)) - Deleted block file: /home/runner/work/ozone/ozone/hadoop-hdds/container-service/target/test-dir/TestBlockDeletingService/hdds/a1a32eec-25b5-4084-af8a-2822a22a445c/current/containerDir1/110753376516702891/chunks/110753376525484814.block
2023-07-21 18:00:10,487 [BlockDeletingService#0] INFO  impl.FilePerBlockStrategy (FilePerBlockStrategy.java:deleteChunk(254)) - Deleted block file: /home/runner/work/ozone/ozone/hadoop-hdds/container-service/target/test-dir/TestBlockDeletingService/hdds/a1a32eec-25b5-4084-af8a-2822a22a445c/current/containerDir1/110753376516702891/chunks/110753376525550351.block
2023-07-21 18:00:10,489 [BlockDeletingService#0] WARN  utils.BackgroundService (BackgroundService.java:lambda$run$0(130)) - BlockDeletingService Background task execution took 20451561ns > 0ns(timeout)
2023-07-21 18:00:10,509 [BlockDeletingService#1] INFO  interfaces.ContainerDeletionChoosingPolicyTemplate (ContainerDeletionChoosingPolicyTemplate.java:chooseContainerForBlockDeletion(83)) - Chosen 0/3 blocks from 0 candidate containers.
2023-07-21 18:00:10,566 [main] INFO  utils.BackgroundService (BackgroundService.java:shutdown(141)) - Shutting down service BlockDeletingService
]]></system-out>
  </testcase>
  <testcase name="testShutdownService" classname="TestBlockDeletingService" time="0.54">
    <system-out><![CDATA[2023-07-21 18:00:13,013 [main] INFO  volume.HddsVolume (HddsVolume.java:<init>(126)) - Creating HddsVolume: /home/runner/work/ozone/ozone/hadoop-hdds/container-service/target/test-dir/TestBlockDeletingService/hdds of storage type : DISK capacity : 9223372036854775807
2023-07-21 18:00:13,015 [main] INFO  volume.MutableVolumeSet (MutableVolumeSet.java:initializeVolumeSet(175)) - Added Volume : /home/runner/work/ozone/ozone/hadoop-hdds/container-service/target/test-dir/TestBlockDeletingService/hdds to VolumeSet
2023-07-21 18:00:13,338 [BlockDeletingService#0] INFO  interfaces.ContainerDeletionChoosingPolicyTemplate (ContainerDeletionChoosingPolicyTemplate.java:chooseContainerForBlockDeletion(83)) - Chosen 100/4900 blocks from 1 candidate containers.
2023-07-21 18:00:13,343 [BlockDeletingService#0] INFO  impl.FilePerBlockStrategy (FilePerBlockStrategy.java:deleteChunk(254)) - Deleted block file: /home/runner/work/ozone/ozone/hadoop-hdds/container-service/target/test-dir/TestBlockDeletingService/hdds/39512c0c-aa35-442d-9a83-1c58144f1de3/current/containerDir129/110753376703021880/chunks/110753376705381177.block
2023-07-21 18:00:13,343 [BlockDeletingService#0] INFO  impl.FilePerBlockStrategy (FilePerBlockStrategy.java:deleteChunk(254)) - Deleted block file: /home/runner/work/ozone/ozone/hadoop-hdds/container-service/target/test-dir/TestBlockDeletingService/hdds/39512c0c-aa35-442d-9a83-1c58144f1de3/current/containerDir129/110753376703021880/chunks/110753376705446714.block
2023-07-21 18:00:13,344 [BlockDeletingService#0] INFO  impl.FilePerBlockStrategy (FilePerBlockStrategy.java:deleteChunk(254)) - Deleted block file: /home/runner/work/ozone/ozone/hadoop-hdds/container-service/target/test-dir/TestBlockDeletingService/hdds/39512c0c-aa35-442d-9a83-1c58144f1de3/current/containerDir129/110753376703021880/chunks/110753376705577787.block
2023-07-21 18:00:13,344 [BlockDeletingService#0] INFO  impl.FilePerBlockStrategy (FilePerBlockStrategy.java:deleteChunk(254)) - Deleted block file: /home/runner/work/ozone/ozone/hadoop-hdds/container-service/target/test-dir/TestBlockDeletingService/hdds/39512c0c-aa35-442d-9a83-1c58144f1de3/current/containerDir129/110753376703021880/chunks/110753376705643324.block
2023-07-21 18:00:13,344 [BlockDeletingService#0] INFO  impl.FilePerBlockStrategy (FilePerBlockStrategy.java:deleteChunk(254)) - Deleted block file: /home/runner/work/ozone/ozone/hadoop-hdds/container-service/target/test-dir/TestBlockDeletingService/hdds/39512c0c-aa35-442d-9a83-1c58144f1de3/current/containerDir129/110753376703021880/chunks/110753376705708861.block
2023-07-21 18:00:13,344 [BlockDeletingService#0] INFO  impl.FilePerBlockStrategy (FilePerBlockStrategy.java:deleteChunk(254)) - Deleted block file: /home/runner/work/ozone/ozone/hadoop-hdds/container-service/target/test-dir/TestBlockDeletingService/hdds/39512c0c-aa35-442d-9a83-1c58144f1de3/current/containerDir129/110753376703021880/chunks/110753376705774398.block
2023-07-21 18:00:13,344 [BlockDeletingService#0] INFO  impl.FilePerBlockStrategy (FilePerBlockStrategy.java:deleteChunk(254)) - Deleted block file: /home/runner/work/ozone/ozone/hadoop-hdds/container-service/target/test-dir/TestBlockDeletingService/hdds/39512c0c-aa35-442d-9a83-1c58144f1de3/current/containerDir129/110753376703021880/chunks/110753376705774399.block
2023-07-21 18:00:13,344 [BlockDeletingService#0] INFO  impl.FilePerBlockStrategy (FilePerBlockStrategy.java:deleteChunk(254)) - Deleted block file: /home/runner/work/ozone/ozone/hadoop-hdds/container-service/target/test-dir/TestBlockDeletingService/hdds/39512c0c-aa35-442d-9a83-1c58144f1de3/current/containerDir129/110753376703021880/chunks/110753376705839936.block
2023-07-21 18:00:13,344 [BlockDeletingService#0] INFO  impl.FilePerBlockStrategy (FilePerBlockStrategy.java:deleteChunk(254)) - Deleted block file: /home/runner/work/ozone/ozone/hadoop-hdds/container-service/target/test-dir/TestBlockDeletingService/hdds/39512c0c-aa35-442d-9a83-1c58144f1de3/current/containerDir129/110753376703021880/chunks/110753376705905473.block
2023-07-21 18:00:13,345 [BlockDeletingService#0] INFO  impl.FilePerBlockStrategy (FilePerBlockStrategy.java:deleteChunk(254)) - Deleted block file: /home/runner/work/ozone/ozone/hadoop-hdds/container-service/target/test-dir/TestBlockDeletingService/hdds/39512c0c-aa35-442d-9a83-1c58144f1de3/current/containerDir129/110753376703021880/chunks/110753376705971010.block
2023-07-21 18:00:13,345 [BlockDeletingService#0] INFO  impl.FilePerBlockStrategy (FilePerBlockStrategy.java:deleteChunk(254)) - Deleted block file: /home/runner/work/ozone/ozone/hadoop-hdds/container-service/target/test-dir/TestBlockDeletingService/hdds/39512c0c-aa35-442d-9a83-1c58144f1de3/current/containerDir129/110753376703021880/chunks/110753376706036547.block
2023-07-21 18:00:13,345 [BlockDeletingService#0] INFO  impl.FilePerBlockStrategy (FilePerBlockStrategy.java:deleteChunk(254)) - Deleted block file: /home/runner/work/ozone/ozone/hadoop-hdds/container-service/target/test-dir/TestBlockDeletingService/hdds/39512c0c-aa35-442d-9a83-1c58144f1de3/current/containerDir129/110753376703021880/chunks/110753376706102084.block
2023-07-21 18:00:13,345 [BlockDeletingService#0] INFO  impl.FilePerBlockStrategy (FilePerBlockStrategy.java:deleteChunk(254)) - Deleted block file: /home/runner/work/ozone/ozone/hadoop-hdds/container-service/target/test-dir/TestBlockDeletingService/hdds/39512c0c-aa35-442d-9a83-1c58144f1de3/current/containerDir129/110753376703021880/chunks/110753376706167621.block
2023-07-21 18:00:13,345 [BlockDeletingService#0] INFO  impl.FilePerBlockStrategy (FilePerBlockStrategy.java:deleteChunk(254)) - Deleted block file: /home/runner/work/ozone/ozone/hadoop-hdds/container-service/target/test-dir/TestBlockDeletingService/hdds/39512c0c-aa35-442d-9a83-1c58144f1de3/current/containerDir129/110753376703021880/chunks/110753376706233158.block
2023-07-21 18:00:13,345 [BlockDeletingService#0] INFO  impl.FilePerBlockStrategy (FilePerBlockStrategy.java:deleteChunk(254)) - Deleted block file: /home/runner/work/ozone/ozone/hadoop-hdds/container-service/target/test-dir/TestBlockDeletingService/hdds/39512c0c-aa35-442d-9a83-1c58144f1de3/current/containerDir129/110753376703021880/chunks/110753376706298695.block
2023-07-21 18:00:13,346 [BlockDeletingService#0] INFO  impl.FilePerBlockStrategy (FilePerBlockStrategy.java:deleteChunk(254)) - Deleted block file: /home/runner/work/ozone/ozone/hadoop-hdds/container-service/target/test-dir/TestBlockDeletingService/hdds/39512c0c-aa35-442d-9a83-1c58144f1de3/current/containerDir129/110753376703021880/chunks/110753376706364232.block
2023-07-21 18:00:13,346 [BlockDeletingService#0] INFO  impl.FilePerBlockStrategy (FilePerBlockStrategy.java:deleteChunk(254)) - Deleted block file: /home/runner/work/ozone/ozone/hadoop-hdds/container-service/target/test-dir/TestBlockDeletingService/hdds/39512c0c-aa35-442d-9a83-1c58144f1de3/current/containerDir129/110753376703021880/chunks/110753376706429769.block
2023-07-21 18:00:13,346 [BlockDeletingService#0] INFO  impl.FilePerBlockStrategy (FilePerBlockStrategy.java:deleteChunk(254)) - Deleted block file: /home/runner/work/ozone/ozone/hadoop-hdds/container-service/target/test-dir/TestBlockDeletingService/hdds/39512c0c-aa35-442d-9a83-1c58144f1de3/current/containerDir129/110753376703021880/chunks/110753376706495306.block
2023-07-21 18:00:13,346 [BlockDeletingService#0] INFO  impl.FilePerBlockStrategy (FilePerBlockStrategy.java:deleteChunk(254)) - Deleted block file: /home/runner/work/ozone/ozone/hadoop-hdds/container-service/target/test-dir/TestBlockDeletingService/hdds/39512c0c-aa35-442d-9a83-1c58144f1de3/current/containerDir129/110753376703021880/chunks/110753376706560843.block
2023-07-21 18:00:13,346 [BlockDeletingService#0] INFO  impl.FilePerBlockStrategy (FilePerBlockStrategy.java:deleteChunk(254)) - Deleted block file: /home/runner/work/ozone/ozone/hadoop-hdds/container-service/target/test-dir/TestBlockDeletingService/hdds/39512c0c-aa35-442d-9a83-1c58144f1de3/current/containerDir129/110753376703021880/chunks/110753376706626380.block
2023-07-21 18:00:13,346 [BlockDeletingService#0] INFO  impl.FilePerBlockStrategy (FilePerBlockStrategy.java:deleteChunk(254)) - Deleted block file: /home/runner/work/ozone/ozone/hadoop-hdds/container-service/target/test-dir/TestBlockDeletingService/hdds/39512c0c-aa35-442d-9a83-1c58144f1de3/current/containerDir129/110753376703021880/chunks/110753376706691917.block
2023-07-21 18:00:13,346 [BlockDeletingService#0] INFO  impl.FilePerBlockStrategy (FilePerBlockStrategy.java:deleteChunk(254)) - Deleted block file: /home/runner/work/ozone/ozone/hadoop-hdds/container-service/target/test-dir/TestBlockDeletingService/hdds/39512c0c-aa35-442d-9a83-1c58144f1de3/current/containerDir129/110753376703021880/chunks/110753376706757454.block
2023-07-21 18:00:13,347 [BlockDeletingService#0] INFO  impl.FilePerBlockStrategy (FilePerBlockStrategy.java:deleteChunk(254)) - Deleted block file: /home/runner/work/ozone/ozone/hadoop-hdds/container-service/target/test-dir/TestBlockDeletingService/hdds/39512c0c-aa35-442d-9a83-1c58144f1de3/current/containerDir129/110753376703021880/chunks/110753376706822991.block
2023-07-21 18:00:13,347 [BlockDeletingService#0] INFO  impl.FilePerBlockStrategy (FilePerBlockStrategy.java:deleteChunk(254)) - Deleted block file: /home/runner/work/ozone/ozone/hadoop-hdds/container-service/target/test-dir/TestBlockDeletingService/hdds/39512c0c-aa35-442d-9a83-1c58144f1de3/current/containerDir129/110753376703021880/chunks/110753376706888528.block
2023-07-21 18:00:13,347 [BlockDeletingService#0] INFO  impl.FilePerBlockStrategy (FilePerBlockStrategy.java:deleteChunk(254)) - Deleted block file: /home/runner/work/ozone/ozone/hadoop-hdds/container-service/target/test-dir/TestBlockDeletingService/hdds/39512c0c-aa35-442d-9a83-1c58144f1de3/current/containerDir129/110753376703021880/chunks/110753376706954065.block
2023-07-21 18:00:13,347 [BlockDeletingService#0] INFO  impl.FilePerBlockStrategy (FilePerBlockStrategy.java:deleteChunk(254)) - Deleted block file: /home/runner/work/ozone/ozone/hadoop-hdds/container-service/target/test-dir/TestBlockDeletingService/hdds/39512c0c-aa35-442d-9a83-1c58144f1de3/current/containerDir129/110753376703021880/chunks/110753376706954066.block
2023-07-21 18:00:13,347 [BlockDeletingService#0] INFO  impl.FilePerBlockStrategy (FilePerBlockStrategy.java:deleteChunk(254)) - Deleted block file: /home/runner/work/ozone/ozone/hadoop-hdds/container-service/target/test-dir/TestBlockDeletingService/hdds/39512c0c-aa35-442d-9a83-1c58144f1de3/current/containerDir129/110753376703021880/chunks/110753376707019603.block
2023-07-21 18:00:13,347 [BlockDeletingService#0] INFO  impl.FilePerBlockStrategy (FilePerBlockStrategy.java:deleteChunk(254)) - Deleted block file: /home/runner/work/ozone/ozone/hadoop-hdds/container-service/target/test-dir/TestBlockDeletingService/hdds/39512c0c-aa35-442d-9a83-1c58144f1de3/current/containerDir129/110753376703021880/chunks/110753376707085140.block
2023-07-21 18:00:13,348 [BlockDeletingService#0] INFO  impl.FilePerBlockStrategy (FilePerBlockStrategy.java:deleteChunk(254)) - Deleted block file: /home/runner/work/ozone/ozone/hadoop-hdds/container-service/target/test-dir/TestBlockDeletingService/hdds/39512c0c-aa35-442d-9a83-1c58144f1de3/current/containerDir129/110753376703021880/chunks/110753376707150677.block
2023-07-21 18:00:13,348 [BlockDeletingService#0] INFO  impl.FilePerBlockStrategy (FilePerBlockStrategy.java:deleteChunk(254)) - Deleted block file: /home/runner/work/ozone/ozone/hadoop-hdds/container-service/target/test-dir/TestBlockDeletingService/hdds/39512c0c-aa35-442d-9a83-1c58144f1de3/current/containerDir129/110753376703021880/chunks/110753376707216214.block
2023-07-21 18:00:13,348 [BlockDeletingService#0] INFO  impl.FilePerBlockStrategy (FilePerBlockStrategy.java:deleteChunk(254)) - Deleted block file: /home/runner/work/ozone/ozone/hadoop-hdds/container-service/target/test-dir/TestBlockDeletingService/hdds/39512c0c-aa35-442d-9a83-1c58144f1de3/current/containerDir129/110753376703021880/chunks/110753376707281751.block
2023-07-21 18:00:13,348 [BlockDeletingService#0] INFO  impl.FilePerBlockStrategy (FilePerBlockStrategy.java:deleteChunk(254)) - Deleted block file: /home/runner/work/ozone/ozone/hadoop-hdds/container-service/target/test-dir/TestBlockDeletingService/hdds/39512c0c-aa35-442d-9a83-1c58144f1de3/current/containerDir129/110753376703021880/chunks/110753376707347288.block
2023-07-21 18:00:13,348 [BlockDeletingService#0] INFO  impl.FilePerBlockStrategy (FilePerBlockStrategy.java:deleteChunk(254)) - Deleted block file: /home/runner/work/ozone/ozone/hadoop-hdds/container-service/target/test-dir/TestBlockDeletingService/hdds/39512c0c-aa35-442d-9a83-1c58144f1de3/current/containerDir129/110753376703021880/chunks/110753376707478361.block
2023-07-21 18:00:13,348 [BlockDeletingService#0] INFO  impl.FilePerBlockStrategy (FilePerBlockStrategy.java:deleteChunk(254)) - Deleted block file: /home/runner/work/ozone/ozone/hadoop-hdds/container-service/target/test-dir/TestBlockDeletingService/hdds/39512c0c-aa35-442d-9a83-1c58144f1de3/current/containerDir129/110753376703021880/chunks/110753376707543898.block
2023-07-21 18:00:13,349 [BlockDeletingService#0] INFO  impl.FilePerBlockStrategy (FilePerBlockStrategy.java:deleteChunk(254)) - Deleted block file: /home/runner/work/ozone/ozone/hadoop-hdds/container-service/target/test-dir/TestBlockDeletingService/hdds/39512c0c-aa35-442d-9a83-1c58144f1de3/current/containerDir129/110753376703021880/chunks/110753376707609435.block
2023-07-21 18:00:13,349 [BlockDeletingService#0] INFO  impl.FilePerBlockStrategy (FilePerBlockStrategy.java:deleteChunk(254)) - Deleted block file: /home/runner/work/ozone/ozone/hadoop-hdds/container-service/target/test-dir/TestBlockDeletingService/hdds/39512c0c-aa35-442d-9a83-1c58144f1de3/current/containerDir129/110753376703021880/chunks/110753376707674972.block
2023-07-21 18:00:13,349 [BlockDeletingService#0] INFO  impl.FilePerBlockStrategy (FilePerBlockStrategy.java:deleteChunk(254)) - Deleted block file: /home/runner/work/ozone/ozone/hadoop-hdds/container-service/target/test-dir/TestBlockDeletingService/hdds/39512c0c-aa35-442d-9a83-1c58144f1de3/current/containerDir129/110753376703021880/chunks/110753376707740509.block
2023-07-21 18:00:13,349 [BlockDeletingService#0] INFO  impl.FilePerBlockStrategy (FilePerBlockStrategy.java:deleteChunk(254)) - Deleted block file: /home/runner/work/ozone/ozone/hadoop-hdds/container-service/target/test-dir/TestBlockDeletingService/hdds/39512c0c-aa35-442d-9a83-1c58144f1de3/current/containerDir129/110753376703021880/chunks/110753376707806046.block
2023-07-21 18:00:13,349 [BlockDeletingService#0] INFO  impl.FilePerBlockStrategy (FilePerBlockStrategy.java:deleteChunk(254)) - Deleted block file: /home/runner/work/ozone/ozone/hadoop-hdds/container-service/target/test-dir/TestBlockDeletingService/hdds/39512c0c-aa35-442d-9a83-1c58144f1de3/current/containerDir129/110753376703021880/chunks/110753376707871583.block
2023-07-21 18:00:13,349 [BlockDeletingService#0] INFO  impl.FilePerBlockStrategy (FilePerBlockStrategy.java:deleteChunk(254)) - Deleted block file: /home/runner/work/ozone/ozone/hadoop-hdds/container-service/target/test-dir/TestBlockDeletingService/hdds/39512c0c-aa35-442d-9a83-1c58144f1de3/current/containerDir129/110753376703021880/chunks/110753376708199264.block
2023-07-21 18:00:13,350 [BlockDeletingService#0] INFO  impl.FilePerBlockStrategy (FilePerBlockStrategy.java:deleteChunk(254)) - Deleted block file: /home/runner/work/ozone/ozone/hadoop-hdds/container-service/target/test-dir/TestBlockDeletingService/hdds/39512c0c-aa35-442d-9a83-1c58144f1de3/current/containerDir129/110753376703021880/chunks/110753376708330337.block
2023-07-21 18:00:13,350 [BlockDeletingService#0] INFO  impl.FilePerBlockStrategy (FilePerBlockStrategy.java:deleteChunk(254)) - Deleted block file: /home/runner/work/ozone/ozone/hadoop-hdds/container-service/target/test-dir/TestBlockDeletingService/hdds/39512c0c-aa35-442d-9a83-1c58144f1de3/current/containerDir129/110753376703021880/chunks/110753376708461410.block
2023-07-21 18:00:13,350 [BlockDeletingService#0] INFO  impl.FilePerBlockStrategy (FilePerBlockStrategy.java:deleteChunk(254)) - Deleted block file: /home/runner/work/ozone/ozone/hadoop-hdds/container-service/target/test-dir/TestBlockDeletingService/hdds/39512c0c-aa35-442d-9a83-1c58144f1de3/current/containerDir129/110753376703021880/chunks/110753376708526947.block
2023-07-21 18:00:13,350 [BlockDeletingService#0] INFO  impl.FilePerBlockStrategy (FilePerBlockStrategy.java:deleteChunk(254)) - Deleted block file: /home/runner/work/ozone/ozone/hadoop-hdds/container-service/target/test-dir/TestBlockDeletingService/hdds/39512c0c-aa35-442d-9a83-1c58144f1de3/current/containerDir129/110753376703021880/chunks/110753376708592484.block
2023-07-21 18:00:13,350 [BlockDeletingService#0] INFO  impl.FilePerBlockStrategy (FilePerBlockStrategy.java:deleteChunk(254)) - Deleted block file: /home/runner/work/ozone/ozone/hadoop-hdds/container-service/target/test-dir/TestBlockDeletingService/hdds/39512c0c-aa35-442d-9a83-1c58144f1de3/current/containerDir129/110753376703021880/chunks/110753376708658021.block
2023-07-21 18:00:13,350 [BlockDeletingService#0] INFO  impl.FilePerBlockStrategy (FilePerBlockStrategy.java:deleteChunk(254)) - Deleted block file: /home/runner/work/ozone/ozone/hadoop-hdds/container-service/target/test-dir/TestBlockDeletingService/hdds/39512c0c-aa35-442d-9a83-1c58144f1de3/current/containerDir129/110753376703021880/chunks/110753376708723558.block
2023-07-21 18:00:13,350 [BlockDeletingService#0] INFO  impl.FilePerBlockStrategy (FilePerBlockStrategy.java:deleteChunk(254)) - Deleted block file: /home/runner/work/ozone/ozone/hadoop-hdds/container-service/target/test-dir/TestBlockDeletingService/hdds/39512c0c-aa35-442d-9a83-1c58144f1de3/current/containerDir129/110753376703021880/chunks/110753376708789095.block
2023-07-21 18:00:13,351 [BlockDeletingService#0] INFO  impl.FilePerBlockStrategy (FilePerBlockStrategy.java:deleteChunk(254)) - Deleted block file: /home/runner/work/ozone/ozone/hadoop-hdds/container-service/target/test-dir/TestBlockDeletingService/hdds/39512c0c-aa35-442d-9a83-1c58144f1de3/current/containerDir129/110753376703021880/chunks/110753376708854632.block
2023-07-21 18:00:13,351 [BlockDeletingService#0] INFO  impl.FilePerBlockStrategy (FilePerBlockStrategy.java:deleteChunk(254)) - Deleted block file: /home/runner/work/ozone/ozone/hadoop-hdds/container-service/target/test-dir/TestBlockDeletingService/hdds/39512c0c-aa35-442d-9a83-1c58144f1de3/current/containerDir129/110753376703021880/chunks/110753376708920169.block
2023-07-21 18:00:13,351 [BlockDeletingService#0] INFO  impl.FilePerBlockStrategy (FilePerBlockStrategy.java:deleteChunk(254)) - Deleted block file: /home/runner/work/ozone/ozone/hadoop-hdds/container-service/target/test-dir/TestBlockDeletingService/hdds/39512c0c-aa35-442d-9a83-1c58144f1de3/current/containerDir129/110753376703021880/chunks/110753376708985706.block
2023-07-21 18:00:13,351 [BlockDeletingService#0] INFO  impl.FilePerBlockStrategy (FilePerBlockStrategy.java:deleteChunk(254)) - Deleted block file: /home/runner/work/ozone/ozone/hadoop-hdds/container-service/target/test-dir/TestBlockDeletingService/hdds/39512c0c-aa35-442d-9a83-1c58144f1de3/current/containerDir129/110753376703021880/chunks/110753376709116779.block
2023-07-21 18:00:13,351 [BlockDeletingService#0] INFO  impl.FilePerBlockStrategy (FilePerBlockStrategy.java:deleteChunk(254)) - Deleted block file: /home/runner/work/ozone/ozone/hadoop-hdds/container-service/target/test-dir/TestBlockDeletingService/hdds/39512c0c-aa35-442d-9a83-1c58144f1de3/current/containerDir129/110753376703021880/chunks/110753376709182316.block
2023-07-21 18:00:13,351 [BlockDeletingService#0] INFO  impl.FilePerBlockStrategy (FilePerBlockStrategy.java:deleteChunk(254)) - Deleted block file: /home/runner/work/ozone/ozone/hadoop-hdds/container-service/target/test-dir/TestBlockDeletingService/hdds/39512c0c-aa35-442d-9a83-1c58144f1de3/current/containerDir129/110753376703021880/chunks/110753376709247853.block
2023-07-21 18:00:13,351 [BlockDeletingService#0] INFO  impl.FilePerBlockStrategy (FilePerBlockStrategy.java:deleteChunk(254)) - Deleted block file: /home/runner/work/ozone/ozone/hadoop-hdds/container-service/target/test-dir/TestBlockDeletingService/hdds/39512c0c-aa35-442d-9a83-1c58144f1de3/current/containerDir129/110753376703021880/chunks/110753376709313390.block
2023-07-21 18:00:13,352 [BlockDeletingService#0] INFO  impl.FilePerBlockStrategy (FilePerBlockStrategy.java:deleteChunk(254)) - Deleted block file: /home/runner/work/ozone/ozone/hadoop-hdds/container-service/target/test-dir/TestBlockDeletingService/hdds/39512c0c-aa35-442d-9a83-1c58144f1de3/current/containerDir129/110753376703021880/chunks/110753376709313391.block
2023-07-21 18:00:13,352 [BlockDeletingService#0] INFO  impl.FilePerBlockStrategy (FilePerBlockStrategy.java:deleteChunk(254)) - Deleted block file: /home/runner/work/ozone/ozone/hadoop-hdds/container-service/target/test-dir/TestBlockDeletingService/hdds/39512c0c-aa35-442d-9a83-1c58144f1de3/current/containerDir129/110753376703021880/chunks/110753376709378928.block
2023-07-21 18:00:13,352 [BlockDeletingService#0] INFO  impl.FilePerBlockStrategy (FilePerBlockStrategy.java:deleteChunk(254)) - Deleted block file: /home/runner/work/ozone/ozone/hadoop-hdds/container-service/target/test-dir/TestBlockDeletingService/hdds/39512c0c-aa35-442d-9a83-1c58144f1de3/current/containerDir129/110753376703021880/chunks/110753376709444465.block
2023-07-21 18:00:13,352 [BlockDeletingService#0] INFO  impl.FilePerBlockStrategy (FilePerBlockStrategy.java:deleteChunk(254)) - Deleted block file: /home/runner/work/ozone/ozone/hadoop-hdds/container-service/target/test-dir/TestBlockDeletingService/hdds/39512c0c-aa35-442d-9a83-1c58144f1de3/current/containerDir129/110753376703021880/chunks/110753376709510002.block
2023-07-21 18:00:13,352 [BlockDeletingService#0] INFO  impl.FilePerBlockStrategy (FilePerBlockStrategy.java:deleteChunk(254)) - Deleted block file: /home/runner/work/ozone/ozone/hadoop-hdds/container-service/target/test-dir/TestBlockDeletingService/hdds/39512c0c-aa35-442d-9a83-1c58144f1de3/current/containerDir129/110753376703021880/chunks/110753376709575539.block
2023-07-21 18:00:13,352 [BlockDeletingService#0] INFO  impl.FilePerBlockStrategy (FilePerBlockStrategy.java:deleteChunk(254)) - Deleted block file: /home/runner/work/ozone/ozone/hadoop-hdds/container-service/target/test-dir/TestBlockDeletingService/hdds/39512c0c-aa35-442d-9a83-1c58144f1de3/current/containerDir129/110753376703021880/chunks/110753376709641076.block
2023-07-21 18:00:13,353 [BlockDeletingService#0] INFO  impl.FilePerBlockStrategy (FilePerBlockStrategy.java:deleteChunk(254)) - Deleted block file: /home/runner/work/ozone/ozone/hadoop-hdds/container-service/target/test-dir/TestBlockDeletingService/hdds/39512c0c-aa35-442d-9a83-1c58144f1de3/current/containerDir129/110753376703021880/chunks/110753376709706613.block
2023-07-21 18:00:13,353 [BlockDeletingService#0] INFO  impl.FilePerBlockStrategy (FilePerBlockStrategy.java:deleteChunk(254)) - Deleted block file: /home/runner/work/ozone/ozone/hadoop-hdds/container-service/target/test-dir/TestBlockDeletingService/hdds/39512c0c-aa35-442d-9a83-1c58144f1de3/current/containerDir129/110753376703021880/chunks/110753376709772150.block
2023-07-21 18:00:13,353 [BlockDeletingService#0] INFO  impl.FilePerBlockStrategy (FilePerBlockStrategy.java:deleteChunk(254)) - Deleted block file: /home/runner/work/ozone/ozone/hadoop-hdds/container-service/target/test-dir/TestBlockDeletingService/hdds/39512c0c-aa35-442d-9a83-1c58144f1de3/current/containerDir129/110753376703021880/chunks/110753376709837687.block
2023-07-21 18:00:13,353 [BlockDeletingService#0] INFO  impl.FilePerBlockStrategy (FilePerBlockStrategy.java:deleteChunk(254)) - Deleted block file: /home/runner/work/ozone/ozone/hadoop-hdds/container-service/target/test-dir/TestBlockDeletingService/hdds/39512c0c-aa35-442d-9a83-1c58144f1de3/current/containerDir129/110753376703021880/chunks/110753376709903224.block
2023-07-21 18:00:13,353 [BlockDeletingService#0] INFO  impl.FilePerBlockStrategy (FilePerBlockStrategy.java:deleteChunk(254)) - Deleted block file: /home/runner/work/ozone/ozone/hadoop-hdds/container-service/target/test-dir/TestBlockDeletingService/hdds/39512c0c-aa35-442d-9a83-1c58144f1de3/current/containerDir129/110753376703021880/chunks/110753376709968761.block
2023-07-21 18:00:13,353 [BlockDeletingService#0] INFO  impl.FilePerBlockStrategy (FilePerBlockStrategy.java:deleteChunk(254)) - Deleted block file: /home/runner/work/ozone/ozone/hadoop-hdds/container-service/target/test-dir/TestBlockDeletingService/hdds/39512c0c-aa35-442d-9a83-1c58144f1de3/current/containerDir129/110753376703021880/chunks/110753376710034298.block
2023-07-21 18:00:13,353 [BlockDeletingService#0] INFO  impl.FilePerBlockStrategy (FilePerBlockStrategy.java:deleteChunk(254)) - Deleted block file: /home/runner/work/ozone/ozone/hadoop-hdds/container-service/target/test-dir/TestBlockDeletingService/hdds/39512c0c-aa35-442d-9a83-1c58144f1de3/current/containerDir129/110753376703021880/chunks/110753376710165371.block
2023-07-21 18:00:13,354 [BlockDeletingService#0] INFO  impl.FilePerBlockStrategy (FilePerBlockStrategy.java:deleteChunk(254)) - Deleted block file: /home/runner/work/ozone/ozone/hadoop-hdds/container-service/target/test-dir/TestBlockDeletingService/hdds/39512c0c-aa35-442d-9a83-1c58144f1de3/current/containerDir129/110753376703021880/chunks/110753376710165372.block
2023-07-21 18:00:13,354 [BlockDeletingService#0] INFO  impl.FilePerBlockStrategy (FilePerBlockStrategy.java:deleteChunk(254)) - Deleted block file: /home/runner/work/ozone/ozone/hadoop-hdds/container-service/target/test-dir/TestBlockDeletingService/hdds/39512c0c-aa35-442d-9a83-1c58144f1de3/current/containerDir129/110753376703021880/chunks/110753376710230909.block
2023-07-21 18:00:13,354 [BlockDeletingService#0] INFO  impl.FilePerBlockStrategy (FilePerBlockStrategy.java:deleteChunk(254)) - Deleted block file: /home/runner/work/ozone/ozone/hadoop-hdds/container-service/target/test-dir/TestBlockDeletingService/hdds/39512c0c-aa35-442d-9a83-1c58144f1de3/current/containerDir129/110753376703021880/chunks/110753376710624126.block
2023-07-21 18:00:13,354 [BlockDeletingService#0] INFO  impl.FilePerBlockStrategy (FilePerBlockStrategy.java:deleteChunk(254)) - Deleted block file: /home/runner/work/ozone/ozone/hadoop-hdds/container-service/target/test-dir/TestBlockDeletingService/hdds/39512c0c-aa35-442d-9a83-1c58144f1de3/current/containerDir129/110753376703021880/chunks/110753376710689663.block
2023-07-21 18:00:13,354 [BlockDeletingService#0] INFO  impl.FilePerBlockStrategy (FilePerBlockStrategy.java:deleteChunk(254)) - Deleted block file: /home/runner/work/ozone/ozone/hadoop-hdds/container-service/target/test-dir/TestBlockDeletingService/hdds/39512c0c-aa35-442d-9a83-1c58144f1de3/current/containerDir129/110753376703021880/chunks/110753376710886272.block
2023-07-21 18:00:13,354 [BlockDeletingService#0] INFO  impl.FilePerBlockStrategy (FilePerBlockStrategy.java:deleteChunk(254)) - Deleted block file: /home/runner/work/ozone/ozone/hadoop-hdds/container-service/target/test-dir/TestBlockDeletingService/hdds/39512c0c-aa35-442d-9a83-1c58144f1de3/current/containerDir129/110753376703021880/chunks/110753376710951809.block
2023-07-21 18:00:13,355 [BlockDeletingService#0] INFO  impl.FilePerBlockStrategy (FilePerBlockStrategy.java:deleteChunk(254)) - Deleted block file: /home/runner/work/ozone/ozone/hadoop-hdds/container-service/target/test-dir/TestBlockDeletingService/hdds/39512c0c-aa35-442d-9a83-1c58144f1de3/current/containerDir129/110753376703021880/chunks/110753376711869314.block
2023-07-21 18:00:13,355 [BlockDeletingService#0] INFO  impl.FilePerBlockStrategy (FilePerBlockStrategy.java:deleteChunk(254)) - Deleted block file: /home/runner/work/ozone/ozone/hadoop-hdds/container-service/target/test-dir/TestBlockDeletingService/hdds/39512c0c-aa35-442d-9a83-1c58144f1de3/current/containerDir129/110753376703021880/chunks/110753376711934851.block
2023-07-21 18:00:13,355 [BlockDeletingService#0] INFO  impl.FilePerBlockStrategy (FilePerBlockStrategy.java:deleteChunk(254)) - Deleted block file: /home/runner/work/ozone/ozone/hadoop-hdds/container-service/target/test-dir/TestBlockDeletingService/hdds/39512c0c-aa35-442d-9a83-1c58144f1de3/current/containerDir129/110753376703021880/chunks/110753376712000388.block
2023-07-21 18:00:13,355 [BlockDeletingService#0] INFO  impl.FilePerBlockStrategy (FilePerBlockStrategy.java:deleteChunk(254)) - Deleted block file: /home/runner/work/ozone/ozone/hadoop-hdds/container-service/target/test-dir/TestBlockDeletingService/hdds/39512c0c-aa35-442d-9a83-1c58144f1de3/current/containerDir129/110753376703021880/chunks/110753376712065925.block
2023-07-21 18:00:13,355 [BlockDeletingService#0] INFO  impl.FilePerBlockStrategy (FilePerBlockStrategy.java:deleteChunk(254)) - Deleted block file: /home/runner/work/ozone/ozone/hadoop-hdds/container-service/target/test-dir/TestBlockDeletingService/hdds/39512c0c-aa35-442d-9a83-1c58144f1de3/current/containerDir129/110753376703021880/chunks/110753376712131462.block
2023-07-21 18:00:13,355 [BlockDeletingService#0] INFO  impl.FilePerBlockStrategy (FilePerBlockStrategy.java:deleteChunk(254)) - Deleted block file: /home/runner/work/ozone/ozone/hadoop-hdds/container-service/target/test-dir/TestBlockDeletingService/hdds/39512c0c-aa35-442d-9a83-1c58144f1de3/current/containerDir129/110753376703021880/chunks/110753376712196999.block
2023-07-21 18:00:13,355 [BlockDeletingService#0] INFO  impl.FilePerBlockStrategy (FilePerBlockStrategy.java:deleteChunk(254)) - Deleted block file: /home/runner/work/ozone/ozone/hadoop-hdds/container-service/target/test-dir/TestBlockDeletingService/hdds/39512c0c-aa35-442d-9a83-1c58144f1de3/current/containerDir129/110753376703021880/chunks/110753376712328072.block
2023-07-21 18:00:13,356 [BlockDeletingService#0] INFO  impl.FilePerBlockStrategy (FilePerBlockStrategy.java:deleteChunk(254)) - Deleted block file: /home/runner/work/ozone/ozone/hadoop-hdds/container-service/target/test-dir/TestBlockDeletingService/hdds/39512c0c-aa35-442d-9a83-1c58144f1de3/current/containerDir129/110753376703021880/chunks/110753376712393609.block
2023-07-21 18:00:13,356 [BlockDeletingService#0] INFO  impl.FilePerBlockStrategy (FilePerBlockStrategy.java:deleteChunk(254)) - Deleted block file: /home/runner/work/ozone/ozone/hadoop-hdds/container-service/target/test-dir/TestBlockDeletingService/hdds/39512c0c-aa35-442d-9a83-1c58144f1de3/current/containerDir129/110753376703021880/chunks/110753376712459146.block
2023-07-21 18:00:13,356 [BlockDeletingService#0] INFO  impl.FilePerBlockStrategy (FilePerBlockStrategy.java:deleteChunk(254)) - Deleted block file: /home/runner/work/ozone/ozone/hadoop-hdds/container-service/target/test-dir/TestBlockDeletingService/hdds/39512c0c-aa35-442d-9a83-1c58144f1de3/current/containerDir129/110753376703021880/chunks/110753376712524683.block
2023-07-21 18:00:13,356 [BlockDeletingService#0] INFO  impl.FilePerBlockStrategy (FilePerBlockStrategy.java:deleteChunk(254)) - Deleted block file: /home/runner/work/ozone/ozone/hadoop-hdds/container-service/target/test-dir/TestBlockDeletingService/hdds/39512c0c-aa35-442d-9a83-1c58144f1de3/current/containerDir129/110753376703021880/chunks/110753376712590220.block
2023-07-21 18:00:13,356 [BlockDeletingService#0] INFO  impl.FilePerBlockStrategy (FilePerBlockStrategy.java:deleteChunk(254)) - Deleted block file: /home/runner/work/ozone/ozone/hadoop-hdds/container-service/target/test-dir/TestBlockDeletingService/hdds/39512c0c-aa35-442d-9a83-1c58144f1de3/current/containerDir129/110753376703021880/chunks/110753376712655757.block
2023-07-21 18:00:13,356 [BlockDeletingService#0] INFO  impl.FilePerBlockStrategy (FilePerBlockStrategy.java:deleteChunk(254)) - Deleted block file: /home/runner/work/ozone/ozone/hadoop-hdds/container-service/target/test-dir/TestBlockDeletingService/hdds/39512c0c-aa35-442d-9a83-1c58144f1de3/current/containerDir129/110753376703021880/chunks/110753376712786830.block
2023-07-21 18:00:13,356 [BlockDeletingService#0] INFO  impl.FilePerBlockStrategy (FilePerBlockStrategy.java:deleteChunk(254)) - Deleted block file: /home/runner/work/ozone/ozone/hadoop-hdds/container-service/target/test-dir/TestBlockDeletingService/hdds/39512c0c-aa35-442d-9a83-1c58144f1de3/current/containerDir129/110753376703021880/chunks/110753376712852367.block
2023-07-21 18:00:13,357 [BlockDeletingService#0] INFO  impl.FilePerBlockStrategy (FilePerBlockStrategy.java:deleteChunk(254)) - Deleted block file: /home/runner/work/ozone/ozone/hadoop-hdds/container-service/target/test-dir/TestBlockDeletingService/hdds/39512c0c-aa35-442d-9a83-1c58144f1de3/current/containerDir129/110753376703021880/chunks/110753376712917904.block
2023-07-21 18:00:13,357 [BlockDeletingService#0] INFO  impl.FilePerBlockStrategy (FilePerBlockStrategy.java:deleteChunk(254)) - Deleted block file: /home/runner/work/ozone/ozone/hadoop-hdds/container-service/target/test-dir/TestBlockDeletingService/hdds/39512c0c-aa35-442d-9a83-1c58144f1de3/current/containerDir129/110753376703021880/chunks/110753376712983441.block
2023-07-21 18:00:13,357 [BlockDeletingService#0] INFO  impl.FilePerBlockStrategy (FilePerBlockStrategy.java:deleteChunk(254)) - Deleted block file: /home/runner/work/ozone/ozone/hadoop-hdds/container-service/target/test-dir/TestBlockDeletingService/hdds/39512c0c-aa35-442d-9a83-1c58144f1de3/current/containerDir129/110753376703021880/chunks/110753376713048978.block
2023-07-21 18:00:13,357 [BlockDeletingService#0] INFO  impl.FilePerBlockStrategy (FilePerBlockStrategy.java:deleteChunk(254)) - Deleted block file: /home/runner/work/ozone/ozone/hadoop-hdds/container-service/target/test-dir/TestBlockDeletingService/hdds/39512c0c-aa35-442d-9a83-1c58144f1de3/current/containerDir129/110753376703021880/chunks/110753376713114515.block
2023-07-21 18:00:13,357 [BlockDeletingService#0] INFO  impl.FilePerBlockStrategy (FilePerBlockStrategy.java:deleteChunk(254)) - Deleted block file: /home/runner/work/ozone/ozone/hadoop-hdds/container-service/target/test-dir/TestBlockDeletingService/hdds/39512c0c-aa35-442d-9a83-1c58144f1de3/current/containerDir129/110753376703021880/chunks/110753376713180052.block
2023-07-21 18:00:13,357 [BlockDeletingService#0] INFO  impl.FilePerBlockStrategy (FilePerBlockStrategy.java:deleteChunk(254)) - Deleted block file: /home/runner/work/ozone/ozone/hadoop-hdds/container-service/target/test-dir/TestBlockDeletingService/hdds/39512c0c-aa35-442d-9a83-1c58144f1de3/current/containerDir129/110753376703021880/chunks/110753376713245589.block
2023-07-21 18:00:13,358 [BlockDeletingService#0] INFO  impl.FilePerBlockStrategy (FilePerBlockStrategy.java:deleteChunk(254)) - Deleted block file: /home/runner/work/ozone/ozone/hadoop-hdds/container-service/target/test-dir/TestBlockDeletingService/hdds/39512c0c-aa35-442d-9a83-1c58144f1de3/current/containerDir129/110753376703021880/chunks/110753376713311126.block
2023-07-21 18:00:13,358 [BlockDeletingService#0] INFO  impl.FilePerBlockStrategy (FilePerBlockStrategy.java:deleteChunk(254)) - Deleted block file: /home/runner/work/ozone/ozone/hadoop-hdds/container-service/target/test-dir/TestBlockDeletingService/hdds/39512c0c-aa35-442d-9a83-1c58144f1de3/current/containerDir129/110753376703021880/chunks/110753376713376663.block
2023-07-21 18:00:13,358 [BlockDeletingService#0] INFO  impl.FilePerBlockStrategy (FilePerBlockStrategy.java:deleteChunk(254)) - Deleted block file: /home/runner/work/ozone/ozone/hadoop-hdds/container-service/target/test-dir/TestBlockDeletingService/hdds/39512c0c-aa35-442d-9a83-1c58144f1de3/current/containerDir129/110753376703021880/chunks/110753376713442200.block
2023-07-21 18:00:13,358 [BlockDeletingService#0] INFO  impl.FilePerBlockStrategy (FilePerBlockStrategy.java:deleteChunk(254)) - Deleted block file: /home/runner/work/ozone/ozone/hadoop-hdds/container-service/target/test-dir/TestBlockDeletingService/hdds/39512c0c-aa35-442d-9a83-1c58144f1de3/current/containerDir129/110753376703021880/chunks/110753376713507737.block
2023-07-21 18:00:13,358 [BlockDeletingService#0] INFO  impl.FilePerBlockStrategy (FilePerBlockStrategy.java:deleteChunk(254)) - Deleted block file: /home/runner/work/ozone/ozone/hadoop-hdds/container-service/target/test-dir/TestBlockDeletingService/hdds/39512c0c-aa35-442d-9a83-1c58144f1de3/current/containerDir129/110753376703021880/chunks/110753376713573274.block
2023-07-21 18:00:13,358 [BlockDeletingService#0] INFO  impl.FilePerBlockStrategy (FilePerBlockStrategy.java:deleteChunk(254)) - Deleted block file: /home/runner/work/ozone/ozone/hadoop-hdds/container-service/target/test-dir/TestBlockDeletingService/hdds/39512c0c-aa35-442d-9a83-1c58144f1de3/current/containerDir129/110753376703021880/chunks/110753376713638811.block
2023-07-21 18:00:13,358 [BlockDeletingService#0] INFO  impl.FilePerBlockStrategy (FilePerBlockStrategy.java:deleteChunk(254)) - Deleted block file: /home/runner/work/ozone/ozone/hadoop-hdds/container-service/target/test-dir/TestBlockDeletingService/hdds/39512c0c-aa35-442d-9a83-1c58144f1de3/current/containerDir129/110753376703021880/chunks/110753376713704348.block
2023-07-21 18:00:13,360 [BlockDeletingService#0] WARN  utils.BackgroundService (BackgroundService.java:lambda$run$0(130)) - BlockDeletingService Background task execution took 20896467ns > 0ns(timeout)
2023-07-21 18:00:13,437 [main] INFO  utils.BackgroundService (BackgroundService.java:shutdown(141)) - Shutting down service BlockDeletingService
2023-07-21 18:00:13,511 [BlockDeletingService#1] INFO  interfaces.ContainerDeletionChoosingPolicyTemplate (ContainerDeletionChoosingPolicyTemplate.java:chooseContainerForBlockDeletion(83)) - Chosen 0/3 blocks from 0 candidate containers.
]]></system-out>
  </testcase>
  <testcase name="testShutdownService" classname="TestBlockDeletingService" time="0.431">
    <system-out><![CDATA[2023-07-21 18:00:16,053 [main] INFO  volume.HddsVolume (HddsVolume.java:<init>(126)) - Creating HddsVolume: /home/runner/work/ozone/ozone/hadoop-hdds/container-service/target/test-dir/TestBlockDeletingService/hdds of storage type : DISK capacity : 9223372036854775807
2023-07-21 18:00:16,056 [main] INFO  volume.MutableVolumeSet (MutableVolumeSet.java:initializeVolumeSet(175)) - Added Volume : /home/runner/work/ozone/ozone/hadoop-hdds/container-service/target/test-dir/TestBlockDeletingService/hdds to VolumeSet
2023-07-21 18:00:16,110 [main] INFO  utils.DatanodeStoreCache (DatanodeStoreCache.java:addDB(66)) - Added db /home/runner/work/ozone/ozone/hadoop-hdds/container-service/target/test-dir/TestBlockDeletingService/hdds/381cd814-2bee-4bee-aecd-228477e58765/DS-f0121b57-000d-43c9-bbc4-c9d45fd1e640/container.db to cache
2023-07-21 18:00:16,110 [main] INFO  volume.HddsVolume (HddsVolume.java:createDbStore(422)) - SchemaV3 db is created and loaded at /home/runner/work/ozone/ozone/hadoop-hdds/container-service/target/test-dir/TestBlockDeletingService/hdds/381cd814-2bee-4bee-aecd-228477e58765/DS-f0121b57-000d-43c9-bbc4-c9d45fd1e640/container.db for volume DS-f0121b57-000d-43c9-bbc4-c9d45fd1e640
2023-07-21 18:00:16,370 [BlockDeletingService#0] INFO  interfaces.ContainerDeletionChoosingPolicyTemplate (ContainerDeletionChoosingPolicyTemplate.java:chooseContainerForBlockDeletion(83)) - Chosen 100/4900 blocks from 1 candidate containers.
2023-07-21 18:00:16,374 [BlockDeletingService#0] INFO  impl.FilePerBlockStrategy (FilePerBlockStrategy.java:deleteChunk(254)) - Deleted block file: /home/runner/work/ozone/ozone/hadoop-hdds/container-service/target/test-dir/TestBlockDeletingService/hdds/381cd814-2bee-4bee-aecd-228477e58765/current/containerDir129/110753376905397192/chunks/110753376905659337.block
2023-07-21 18:00:16,374 [BlockDeletingService#0] INFO  impl.FilePerBlockStrategy (FilePerBlockStrategy.java:deleteChunk(254)) - Deleted block file: /home/runner/work/ozone/ozone/hadoop-hdds/container-service/target/test-dir/TestBlockDeletingService/hdds/381cd814-2bee-4bee-aecd-228477e58765/current/containerDir129/110753376905397192/chunks/110753376906380242.block
2023-07-21 18:00:16,374 [BlockDeletingService#0] INFO  impl.FilePerBlockStrategy (FilePerBlockStrategy.java:deleteChunk(254)) - Deleted block file: /home/runner/work/ozone/ozone/hadoop-hdds/container-service/target/test-dir/TestBlockDeletingService/hdds/381cd814-2bee-4bee-aecd-228477e58765/current/containerDir129/110753376905397192/chunks/110753376912344108.block
2023-07-21 18:00:16,374 [BlockDeletingService#0] INFO  impl.FilePerBlockStrategy (FilePerBlockStrategy.java:deleteChunk(254)) - Deleted block file: /home/runner/work/ozone/ozone/hadoop-hdds/container-service/target/test-dir/TestBlockDeletingService/hdds/381cd814-2bee-4bee-aecd-228477e58765/current/containerDir129/110753376905397192/chunks/110753376906445779.block
2023-07-21 18:00:16,375 [BlockDeletingService#0] INFO  impl.FilePerBlockStrategy (FilePerBlockStrategy.java:deleteChunk(254)) - Deleted block file: /home/runner/work/ozone/ozone/hadoop-hdds/container-service/target/test-dir/TestBlockDeletingService/hdds/381cd814-2bee-4bee-aecd-228477e58765/current/containerDir129/110753376905397192/chunks/110753376906511316.block
2023-07-21 18:00:16,375 [BlockDeletingService#0] INFO  impl.FilePerBlockStrategy (FilePerBlockStrategy.java:deleteChunk(254)) - Deleted block file: /home/runner/work/ozone/ozone/hadoop-hdds/container-service/target/test-dir/TestBlockDeletingService/hdds/381cd814-2bee-4bee-aecd-228477e58765/current/containerDir129/110753376905397192/chunks/110753376906576853.block
2023-07-21 18:00:16,375 [BlockDeletingService#0] INFO  impl.FilePerBlockStrategy (FilePerBlockStrategy.java:deleteChunk(254)) - Deleted block file: /home/runner/work/ozone/ozone/hadoop-hdds/container-service/target/test-dir/TestBlockDeletingService/hdds/381cd814-2bee-4bee-aecd-228477e58765/current/containerDir129/110753376905397192/chunks/110753376906642390.block
2023-07-21 18:00:16,375 [BlockDeletingService#0] INFO  impl.FilePerBlockStrategy (FilePerBlockStrategy.java:deleteChunk(254)) - Deleted block file: /home/runner/work/ozone/ozone/hadoop-hdds/container-service/target/test-dir/TestBlockDeletingService/hdds/381cd814-2bee-4bee-aecd-228477e58765/current/containerDir129/110753376905397192/chunks/110753376906707927.block
2023-07-21 18:00:16,375 [BlockDeletingService#0] INFO  impl.FilePerBlockStrategy (FilePerBlockStrategy.java:deleteChunk(254)) - Deleted block file: /home/runner/work/ozone/ozone/hadoop-hdds/container-service/target/test-dir/TestBlockDeletingService/hdds/381cd814-2bee-4bee-aecd-228477e58765/current/containerDir129/110753376905397192/chunks/110753376906839000.block
2023-07-21 18:00:16,375 [BlockDeletingService#0] INFO  impl.FilePerBlockStrategy (FilePerBlockStrategy.java:deleteChunk(254)) - Deleted block file: /home/runner/work/ozone/ozone/hadoop-hdds/container-service/target/test-dir/TestBlockDeletingService/hdds/381cd814-2bee-4bee-aecd-228477e58765/current/containerDir129/110753376905397192/chunks/110753376906970073.block
2023-07-21 18:00:16,375 [BlockDeletingService#0] INFO  impl.FilePerBlockStrategy (FilePerBlockStrategy.java:deleteChunk(254)) - Deleted block file: /home/runner/work/ozone/ozone/hadoop-hdds/container-service/target/test-dir/TestBlockDeletingService/hdds/381cd814-2bee-4bee-aecd-228477e58765/current/containerDir129/110753376905397192/chunks/110753376907035610.block
2023-07-21 18:00:16,376 [BlockDeletingService#0] INFO  impl.FilePerBlockStrategy (FilePerBlockStrategy.java:deleteChunk(254)) - Deleted block file: /home/runner/work/ozone/ozone/hadoop-hdds/container-service/target/test-dir/TestBlockDeletingService/hdds/381cd814-2bee-4bee-aecd-228477e58765/current/containerDir129/110753376905397192/chunks/110753376907101147.block
2023-07-21 18:00:16,376 [BlockDeletingService#0] INFO  impl.FilePerBlockStrategy (FilePerBlockStrategy.java:deleteChunk(254)) - Deleted block file: /home/runner/work/ozone/ozone/hadoop-hdds/container-service/target/test-dir/TestBlockDeletingService/hdds/381cd814-2bee-4bee-aecd-228477e58765/current/containerDir129/110753376905397192/chunks/110753376905724874.block
2023-07-21 18:00:16,376 [BlockDeletingService#0] INFO  impl.FilePerBlockStrategy (FilePerBlockStrategy.java:deleteChunk(254)) - Deleted block file: /home/runner/work/ozone/ozone/hadoop-hdds/container-service/target/test-dir/TestBlockDeletingService/hdds/381cd814-2bee-4bee-aecd-228477e58765/current/containerDir129/110753376905397192/chunks/110753376907166684.block
2023-07-21 18:00:16,376 [BlockDeletingService#0] INFO  impl.FilePerBlockStrategy (FilePerBlockStrategy.java:deleteChunk(254)) - Deleted block file: /home/runner/work/ozone/ozone/hadoop-hdds/container-service/target/test-dir/TestBlockDeletingService/hdds/381cd814-2bee-4bee-aecd-228477e58765/current/containerDir129/110753376905397192/chunks/110753376907232221.block
2023-07-21 18:00:16,376 [BlockDeletingService#0] INFO  impl.FilePerBlockStrategy (FilePerBlockStrategy.java:deleteChunk(254)) - Deleted block file: /home/runner/work/ozone/ozone/hadoop-hdds/container-service/target/test-dir/TestBlockDeletingService/hdds/381cd814-2bee-4bee-aecd-228477e58765/current/containerDir129/110753376905397192/chunks/110753376907297758.block
2023-07-21 18:00:16,376 [BlockDeletingService#0] INFO  impl.FilePerBlockStrategy (FilePerBlockStrategy.java:deleteChunk(254)) - Deleted block file: /home/runner/work/ozone/ozone/hadoop-hdds/container-service/target/test-dir/TestBlockDeletingService/hdds/381cd814-2bee-4bee-aecd-228477e58765/current/containerDir129/110753376905397192/chunks/110753376907363295.block
2023-07-21 18:00:16,376 [BlockDeletingService#0] INFO  impl.FilePerBlockStrategy (FilePerBlockStrategy.java:deleteChunk(254)) - Deleted block file: /home/runner/work/ozone/ozone/hadoop-hdds/container-service/target/test-dir/TestBlockDeletingService/hdds/381cd814-2bee-4bee-aecd-228477e58765/current/containerDir129/110753376905397192/chunks/110753376907428832.block
2023-07-21 18:00:16,376 [BlockDeletingService#0] INFO  impl.FilePerBlockStrategy (FilePerBlockStrategy.java:deleteChunk(254)) - Deleted block file: /home/runner/work/ozone/ozone/hadoop-hdds/container-service/target/test-dir/TestBlockDeletingService/hdds/381cd814-2bee-4bee-aecd-228477e58765/current/containerDir129/110753376905397192/chunks/110753376907494369.block
2023-07-21 18:00:16,377 [BlockDeletingService#0] INFO  impl.FilePerBlockStrategy (FilePerBlockStrategy.java:deleteChunk(254)) - Deleted block file: /home/runner/work/ozone/ozone/hadoop-hdds/container-service/target/test-dir/TestBlockDeletingService/hdds/381cd814-2bee-4bee-aecd-228477e58765/current/containerDir129/110753376905397192/chunks/110753376907559906.block
2023-07-21 18:00:16,377 [BlockDeletingService#0] INFO  impl.FilePerBlockStrategy (FilePerBlockStrategy.java:deleteChunk(254)) - Deleted block file: /home/runner/work/ozone/ozone/hadoop-hdds/container-service/target/test-dir/TestBlockDeletingService/hdds/381cd814-2bee-4bee-aecd-228477e58765/current/containerDir129/110753376905397192/chunks/110753376907625443.block
2023-07-21 18:00:16,377 [BlockDeletingService#0] INFO  impl.FilePerBlockStrategy (FilePerBlockStrategy.java:deleteChunk(254)) - Deleted block file: /home/runner/work/ozone/ozone/hadoop-hdds/container-service/target/test-dir/TestBlockDeletingService/hdds/381cd814-2bee-4bee-aecd-228477e58765/current/containerDir129/110753376905397192/chunks/110753376907690980.block
2023-07-21 18:00:16,377 [BlockDeletingService#0] INFO  impl.FilePerBlockStrategy (FilePerBlockStrategy.java:deleteChunk(254)) - Deleted block file: /home/runner/work/ozone/ozone/hadoop-hdds/container-service/target/test-dir/TestBlockDeletingService/hdds/381cd814-2bee-4bee-aecd-228477e58765/current/containerDir129/110753376905397192/chunks/110753376907756517.block
2023-07-21 18:00:16,377 [BlockDeletingService#0] INFO  impl.FilePerBlockStrategy (FilePerBlockStrategy.java:deleteChunk(254)) - Deleted block file: /home/runner/work/ozone/ozone/hadoop-hdds/container-service/target/test-dir/TestBlockDeletingService/hdds/381cd814-2bee-4bee-aecd-228477e58765/current/containerDir129/110753376905397192/chunks/110753376905790411.block
2023-07-21 18:00:16,377 [BlockDeletingService#0] INFO  impl.FilePerBlockStrategy (FilePerBlockStrategy.java:deleteChunk(254)) - Deleted block file: /home/runner/work/ozone/ozone/hadoop-hdds/container-service/target/test-dir/TestBlockDeletingService/hdds/381cd814-2bee-4bee-aecd-228477e58765/current/containerDir129/110753376905397192/chunks/110753376907887590.block
2023-07-21 18:00:16,378 [BlockDeletingService#0] INFO  impl.FilePerBlockStrategy (FilePerBlockStrategy.java:deleteChunk(254)) - Deleted block file: /home/runner/work/ozone/ozone/hadoop-hdds/container-service/target/test-dir/TestBlockDeletingService/hdds/381cd814-2bee-4bee-aecd-228477e58765/current/containerDir129/110753376905397192/chunks/110753376907953127.block
2023-07-21 18:00:16,378 [BlockDeletingService#0] INFO  impl.FilePerBlockStrategy (FilePerBlockStrategy.java:deleteChunk(254)) - Deleted block file: /home/runner/work/ozone/ozone/hadoop-hdds/container-service/target/test-dir/TestBlockDeletingService/hdds/381cd814-2bee-4bee-aecd-228477e58765/current/containerDir129/110753376905397192/chunks/110753376908018664.block
2023-07-21 18:00:16,378 [BlockDeletingService#0] INFO  impl.FilePerBlockStrategy (FilePerBlockStrategy.java:deleteChunk(254)) - Deleted block file: /home/runner/work/ozone/ozone/hadoop-hdds/container-service/target/test-dir/TestBlockDeletingService/hdds/381cd814-2bee-4bee-aecd-228477e58765/current/containerDir129/110753376905397192/chunks/110753376908084201.block
2023-07-21 18:00:16,378 [BlockDeletingService#0] INFO  impl.FilePerBlockStrategy (FilePerBlockStrategy.java:deleteChunk(254)) - Deleted block file: /home/runner/work/ozone/ozone/hadoop-hdds/container-service/target/test-dir/TestBlockDeletingService/hdds/381cd814-2bee-4bee-aecd-228477e58765/current/containerDir129/110753376905397192/chunks/110753376908149738.block
2023-07-21 18:00:16,378 [BlockDeletingService#0] INFO  impl.FilePerBlockStrategy (FilePerBlockStrategy.java:deleteChunk(254)) - Deleted block file: /home/runner/work/ozone/ozone/hadoop-hdds/container-service/target/test-dir/TestBlockDeletingService/hdds/381cd814-2bee-4bee-aecd-228477e58765/current/containerDir129/110753376905397192/chunks/110753376908149739.block
2023-07-21 18:00:16,378 [BlockDeletingService#0] INFO  impl.FilePerBlockStrategy (FilePerBlockStrategy.java:deleteChunk(254)) - Deleted block file: /home/runner/work/ozone/ozone/hadoop-hdds/container-service/target/test-dir/TestBlockDeletingService/hdds/381cd814-2bee-4bee-aecd-228477e58765/current/containerDir129/110753376905397192/chunks/110753376908215276.block
2023-07-21 18:00:16,378 [BlockDeletingService#0] INFO  impl.FilePerBlockStrategy (FilePerBlockStrategy.java:deleteChunk(254)) - Deleted block file: /home/runner/work/ozone/ozone/hadoop-hdds/container-service/target/test-dir/TestBlockDeletingService/hdds/381cd814-2bee-4bee-aecd-228477e58765/current/containerDir129/110753376905397192/chunks/110753376908280813.block
2023-07-21 18:00:16,379 [BlockDeletingService#0] INFO  impl.FilePerBlockStrategy (FilePerBlockStrategy.java:deleteChunk(254)) - Deleted block file: /home/runner/work/ozone/ozone/hadoop-hdds/container-service/target/test-dir/TestBlockDeletingService/hdds/381cd814-2bee-4bee-aecd-228477e58765/current/containerDir129/110753376905397192/chunks/110753376908346350.block
2023-07-21 18:00:16,379 [BlockDeletingService#0] INFO  impl.FilePerBlockStrategy (FilePerBlockStrategy.java:deleteChunk(254)) - Deleted block file: /home/runner/work/ozone/ozone/hadoop-hdds/container-service/target/test-dir/TestBlockDeletingService/hdds/381cd814-2bee-4bee-aecd-228477e58765/current/containerDir129/110753376905397192/chunks/110753376908411887.block
2023-07-21 18:00:16,379 [BlockDeletingService#0] INFO  impl.FilePerBlockStrategy (FilePerBlockStrategy.java:deleteChunk(254)) - Deleted block file: /home/runner/work/ozone/ozone/hadoop-hdds/container-service/target/test-dir/TestBlockDeletingService/hdds/381cd814-2bee-4bee-aecd-228477e58765/current/containerDir129/110753376905397192/chunks/110753376905855948.block
2023-07-21 18:00:16,379 [BlockDeletingService#0] INFO  impl.FilePerBlockStrategy (FilePerBlockStrategy.java:deleteChunk(254)) - Deleted block file: /home/runner/work/ozone/ozone/hadoop-hdds/container-service/target/test-dir/TestBlockDeletingService/hdds/381cd814-2bee-4bee-aecd-228477e58765/current/containerDir129/110753376905397192/chunks/110753376908411888.block
2023-07-21 18:00:16,379 [BlockDeletingService#0] INFO  impl.FilePerBlockStrategy (FilePerBlockStrategy.java:deleteChunk(254)) - Deleted block file: /home/runner/work/ozone/ozone/hadoop-hdds/container-service/target/test-dir/TestBlockDeletingService/hdds/381cd814-2bee-4bee-aecd-228477e58765/current/containerDir129/110753376905397192/chunks/110753376908477425.block
2023-07-21 18:00:16,379 [BlockDeletingService#0] INFO  impl.FilePerBlockStrategy (FilePerBlockStrategy.java:deleteChunk(254)) - Deleted block file: /home/runner/work/ozone/ozone/hadoop-hdds/container-service/target/test-dir/TestBlockDeletingService/hdds/381cd814-2bee-4bee-aecd-228477e58765/current/containerDir129/110753376905397192/chunks/110753376908674034.block
2023-07-21 18:00:16,379 [BlockDeletingService#0] INFO  impl.FilePerBlockStrategy (FilePerBlockStrategy.java:deleteChunk(254)) - Deleted block file: /home/runner/work/ozone/ozone/hadoop-hdds/container-service/target/test-dir/TestBlockDeletingService/hdds/381cd814-2bee-4bee-aecd-228477e58765/current/containerDir129/110753376905397192/chunks/110753376908674035.block
2023-07-21 18:00:16,379 [BlockDeletingService#0] INFO  impl.FilePerBlockStrategy (FilePerBlockStrategy.java:deleteChunk(254)) - Deleted block file: /home/runner/work/ozone/ozone/hadoop-hdds/container-service/target/test-dir/TestBlockDeletingService/hdds/381cd814-2bee-4bee-aecd-228477e58765/current/containerDir129/110753376905397192/chunks/110753376908739572.block
2023-07-21 18:00:16,380 [BlockDeletingService#0] INFO  impl.FilePerBlockStrategy (FilePerBlockStrategy.java:deleteChunk(254)) - Deleted block file: /home/runner/work/ozone/ozone/hadoop-hdds/container-service/target/test-dir/TestBlockDeletingService/hdds/381cd814-2bee-4bee-aecd-228477e58765/current/containerDir129/110753376905397192/chunks/110753376908805109.block
2023-07-21 18:00:16,380 [BlockDeletingService#0] INFO  impl.FilePerBlockStrategy (FilePerBlockStrategy.java:deleteChunk(254)) - Deleted block file: /home/runner/work/ozone/ozone/hadoop-hdds/container-service/target/test-dir/TestBlockDeletingService/hdds/381cd814-2bee-4bee-aecd-228477e58765/current/containerDir129/110753376905397192/chunks/110753376908870646.block
2023-07-21 18:00:16,380 [BlockDeletingService#0] INFO  impl.FilePerBlockStrategy (FilePerBlockStrategy.java:deleteChunk(254)) - Deleted block file: /home/runner/work/ozone/ozone/hadoop-hdds/container-service/target/test-dir/TestBlockDeletingService/hdds/381cd814-2bee-4bee-aecd-228477e58765/current/containerDir129/110753376905397192/chunks/110753376908936183.block
2023-07-21 18:00:16,380 [BlockDeletingService#0] INFO  impl.FilePerBlockStrategy (FilePerBlockStrategy.java:deleteChunk(254)) - Deleted block file: /home/runner/work/ozone/ozone/hadoop-hdds/container-service/target/test-dir/TestBlockDeletingService/hdds/381cd814-2bee-4bee-aecd-228477e58765/current/containerDir129/110753376905397192/chunks/110753376909001720.block
2023-07-21 18:00:16,380 [BlockDeletingService#0] INFO  impl.FilePerBlockStrategy (FilePerBlockStrategy.java:deleteChunk(254)) - Deleted block file: /home/runner/work/ozone/ozone/hadoop-hdds/container-service/target/test-dir/TestBlockDeletingService/hdds/381cd814-2bee-4bee-aecd-228477e58765/current/containerDir129/110753376905397192/chunks/110753376909067257.block
2023-07-21 18:00:16,380 [BlockDeletingService#0] INFO  impl.FilePerBlockStrategy (FilePerBlockStrategy.java:deleteChunk(254)) - Deleted block file: /home/runner/work/ozone/ozone/hadoop-hdds/container-service/target/test-dir/TestBlockDeletingService/hdds/381cd814-2bee-4bee-aecd-228477e58765/current/containerDir129/110753376905397192/chunks/110753376905921485.block
2023-07-21 18:00:16,380 [BlockDeletingService#0] INFO  impl.FilePerBlockStrategy (FilePerBlockStrategy.java:deleteChunk(254)) - Deleted block file: /home/runner/work/ozone/ozone/hadoop-hdds/container-service/target/test-dir/TestBlockDeletingService/hdds/381cd814-2bee-4bee-aecd-228477e58765/current/containerDir129/110753376905397192/chunks/110753376909132794.block
2023-07-21 18:00:16,381 [BlockDeletingService#0] INFO  impl.FilePerBlockStrategy (FilePerBlockStrategy.java:deleteChunk(254)) - Deleted block file: /home/runner/work/ozone/ozone/hadoop-hdds/container-service/target/test-dir/TestBlockDeletingService/hdds/381cd814-2bee-4bee-aecd-228477e58765/current/containerDir129/110753376905397192/chunks/110753376909132795.block
2023-07-21 18:00:16,381 [BlockDeletingService#0] INFO  impl.FilePerBlockStrategy (FilePerBlockStrategy.java:deleteChunk(254)) - Deleted block file: /home/runner/work/ozone/ozone/hadoop-hdds/container-service/target/test-dir/TestBlockDeletingService/hdds/381cd814-2bee-4bee-aecd-228477e58765/current/containerDir129/110753376905397192/chunks/110753376909198332.block
2023-07-21 18:00:16,382 [BlockDeletingService#0] INFO  impl.FilePerBlockStrategy (FilePerBlockStrategy.java:deleteChunk(254)) - Deleted block file: /home/runner/work/ozone/ozone/hadoop-hdds/container-service/target/test-dir/TestBlockDeletingService/hdds/381cd814-2bee-4bee-aecd-228477e58765/current/containerDir129/110753376905397192/chunks/110753376909263869.block
2023-07-21 18:00:16,382 [BlockDeletingService#0] INFO  impl.FilePerBlockStrategy (FilePerBlockStrategy.java:deleteChunk(254)) - Deleted block file: /home/runner/work/ozone/ozone/hadoop-hdds/container-service/target/test-dir/TestBlockDeletingService/hdds/381cd814-2bee-4bee-aecd-228477e58765/current/containerDir129/110753376905397192/chunks/110753376909329406.block
2023-07-21 18:00:16,383 [BlockDeletingService#0] INFO  impl.FilePerBlockStrategy (FilePerBlockStrategy.java:deleteChunk(254)) - Deleted block file: /home/runner/work/ozone/ozone/hadoop-hdds/container-service/target/test-dir/TestBlockDeletingService/hdds/381cd814-2bee-4bee-aecd-228477e58765/current/containerDir129/110753376905397192/chunks/110753376909394943.block
2023-07-21 18:00:16,383 [BlockDeletingService#0] INFO  impl.FilePerBlockStrategy (FilePerBlockStrategy.java:deleteChunk(254)) - Deleted block file: /home/runner/work/ozone/ozone/hadoop-hdds/container-service/target/test-dir/TestBlockDeletingService/hdds/381cd814-2bee-4bee-aecd-228477e58765/current/containerDir129/110753376905397192/chunks/110753376909460480.block
2023-07-21 18:00:16,383 [BlockDeletingService#0] INFO  impl.FilePerBlockStrategy (FilePerBlockStrategy.java:deleteChunk(254)) - Deleted block file: /home/runner/work/ozone/ozone/hadoop-hdds/container-service/target/test-dir/TestBlockDeletingService/hdds/381cd814-2bee-4bee-aecd-228477e58765/current/containerDir129/110753376905397192/chunks/110753376909526017.block
2023-07-21 18:00:16,383 [BlockDeletingService#0] INFO  impl.FilePerBlockStrategy (FilePerBlockStrategy.java:deleteChunk(254)) - Deleted block file: /home/runner/work/ozone/ozone/hadoop-hdds/container-service/target/test-dir/TestBlockDeletingService/hdds/381cd814-2bee-4bee-aecd-228477e58765/current/containerDir129/110753376905397192/chunks/110753376909591554.block
2023-07-21 18:00:16,383 [BlockDeletingService#0] INFO  impl.FilePerBlockStrategy (FilePerBlockStrategy.java:deleteChunk(254)) - Deleted block file: /home/runner/work/ozone/ozone/hadoop-hdds/container-service/target/test-dir/TestBlockDeletingService/hdds/381cd814-2bee-4bee-aecd-228477e58765/current/containerDir129/110753376905397192/chunks/110753376909657091.block
2023-07-21 18:00:16,383 [BlockDeletingService#0] INFO  impl.FilePerBlockStrategy (FilePerBlockStrategy.java:deleteChunk(254)) - Deleted block file: /home/runner/work/ozone/ozone/hadoop-hdds/container-service/target/test-dir/TestBlockDeletingService/hdds/381cd814-2bee-4bee-aecd-228477e58765/current/containerDir129/110753376905397192/chunks/110753376905987022.block
2023-07-21 18:00:16,384 [BlockDeletingService#0] INFO  impl.FilePerBlockStrategy (FilePerBlockStrategy.java:deleteChunk(254)) - Deleted block file: /home/runner/work/ozone/ozone/hadoop-hdds/container-service/target/test-dir/TestBlockDeletingService/hdds/381cd814-2bee-4bee-aecd-228477e58765/current/containerDir129/110753376905397192/chunks/110753376909722628.block
2023-07-21 18:00:16,384 [BlockDeletingService#0] INFO  impl.FilePerBlockStrategy (FilePerBlockStrategy.java:deleteChunk(254)) - Deleted block file: /home/runner/work/ozone/ozone/hadoop-hdds/container-service/target/test-dir/TestBlockDeletingService/hdds/381cd814-2bee-4bee-aecd-228477e58765/current/containerDir129/110753376905397192/chunks/110753376909722629.block
2023-07-21 18:00:16,384 [BlockDeletingService#0] INFO  impl.FilePerBlockStrategy (FilePerBlockStrategy.java:deleteChunk(254)) - Deleted block file: /home/runner/work/ozone/ozone/hadoop-hdds/container-service/target/test-dir/TestBlockDeletingService/hdds/381cd814-2bee-4bee-aecd-228477e58765/current/containerDir129/110753376905397192/chunks/110753376909788166.block
2023-07-21 18:00:16,384 [BlockDeletingService#0] INFO  impl.FilePerBlockStrategy (FilePerBlockStrategy.java:deleteChunk(254)) - Deleted block file: /home/runner/work/ozone/ozone/hadoop-hdds/container-service/target/test-dir/TestBlockDeletingService/hdds/381cd814-2bee-4bee-aecd-228477e58765/current/containerDir129/110753376905397192/chunks/110753376909919239.block
2023-07-21 18:00:16,384 [BlockDeletingService#0] INFO  impl.FilePerBlockStrategy (FilePerBlockStrategy.java:deleteChunk(254)) - Deleted block file: /home/runner/work/ozone/ozone/hadoop-hdds/container-service/target/test-dir/TestBlockDeletingService/hdds/381cd814-2bee-4bee-aecd-228477e58765/current/containerDir129/110753376905397192/chunks/110753376909919240.block
2023-07-21 18:00:16,385 [BlockDeletingService#0] INFO  impl.FilePerBlockStrategy (FilePerBlockStrategy.java:deleteChunk(254)) - Deleted block file: /home/runner/work/ozone/ozone/hadoop-hdds/container-service/target/test-dir/TestBlockDeletingService/hdds/381cd814-2bee-4bee-aecd-228477e58765/current/containerDir129/110753376905397192/chunks/110753376909984777.block
2023-07-21 18:00:16,385 [BlockDeletingService#0] INFO  impl.FilePerBlockStrategy (FilePerBlockStrategy.java:deleteChunk(254)) - Deleted block file: /home/runner/work/ozone/ozone/hadoop-hdds/container-service/target/test-dir/TestBlockDeletingService/hdds/381cd814-2bee-4bee-aecd-228477e58765/current/containerDir129/110753376905397192/chunks/110753376910050314.block
2023-07-21 18:00:16,385 [BlockDeletingService#0] INFO  impl.FilePerBlockStrategy (FilePerBlockStrategy.java:deleteChunk(254)) - Deleted block file: /home/runner/work/ozone/ozone/hadoop-hdds/container-service/target/test-dir/TestBlockDeletingService/hdds/381cd814-2bee-4bee-aecd-228477e58765/current/containerDir129/110753376905397192/chunks/110753376910115851.block
2023-07-21 18:00:16,390 [BlockDeletingService#0] INFO  impl.FilePerBlockStrategy (FilePerBlockStrategy.java:deleteChunk(254)) - Deleted block file: /home/runner/work/ozone/ozone/hadoop-hdds/container-service/target/test-dir/TestBlockDeletingService/hdds/381cd814-2bee-4bee-aecd-228477e58765/current/containerDir129/110753376905397192/chunks/110753376910181388.block
2023-07-21 18:00:16,396 [BlockDeletingService#0] INFO  impl.FilePerBlockStrategy (FilePerBlockStrategy.java:deleteChunk(254)) - Deleted block file: /home/runner/work/ozone/ozone/hadoop-hdds/container-service/target/test-dir/TestBlockDeletingService/hdds/381cd814-2bee-4bee-aecd-228477e58765/current/containerDir129/110753376905397192/chunks/110753376910246925.block
2023-07-21 18:00:16,397 [BlockDeletingService#0] INFO  impl.FilePerBlockStrategy (FilePerBlockStrategy.java:deleteChunk(254)) - Deleted block file: /home/runner/work/ozone/ozone/hadoop-hdds/container-service/target/test-dir/TestBlockDeletingService/hdds/381cd814-2bee-4bee-aecd-228477e58765/current/containerDir129/110753376905397192/chunks/110753376906052559.block
2023-07-21 18:00:16,397 [BlockDeletingService#0] INFO  impl.FilePerBlockStrategy (FilePerBlockStrategy.java:deleteChunk(254)) - Deleted block file: /home/runner/work/ozone/ozone/hadoop-hdds/container-service/target/test-dir/TestBlockDeletingService/hdds/381cd814-2bee-4bee-aecd-228477e58765/current/containerDir129/110753376905397192/chunks/110753376910312462.block
2023-07-21 18:00:16,397 [BlockDeletingService#0] INFO  impl.FilePerBlockStrategy (FilePerBlockStrategy.java:deleteChunk(254)) - Deleted block file: /home/runner/work/ozone/ozone/hadoop-hdds/container-service/target/test-dir/TestBlockDeletingService/hdds/381cd814-2bee-4bee-aecd-228477e58765/current/containerDir129/110753376905397192/chunks/110753376910377999.block
2023-07-21 18:00:16,397 [BlockDeletingService#0] INFO  impl.FilePerBlockStrategy (FilePerBlockStrategy.java:deleteChunk(254)) - Deleted block file: /home/runner/work/ozone/ozone/hadoop-hdds/container-service/target/test-dir/TestBlockDeletingService/hdds/381cd814-2bee-4bee-aecd-228477e58765/current/containerDir129/110753376905397192/chunks/110753376910443536.block
2023-07-21 18:00:16,397 [BlockDeletingService#0] INFO  impl.FilePerBlockStrategy (FilePerBlockStrategy.java:deleteChunk(254)) - Deleted block file: /home/runner/work/ozone/ozone/hadoop-hdds/container-service/target/test-dir/TestBlockDeletingService/hdds/381cd814-2bee-4bee-aecd-228477e58765/current/containerDir129/110753376905397192/chunks/110753376910443537.block
2023-07-21 18:00:16,398 [BlockDeletingService#0] INFO  impl.FilePerBlockStrategy (FilePerBlockStrategy.java:deleteChunk(254)) - Deleted block file: /home/runner/work/ozone/ozone/hadoop-hdds/container-service/target/test-dir/TestBlockDeletingService/hdds/381cd814-2bee-4bee-aecd-228477e58765/current/containerDir129/110753376905397192/chunks/110753376910509074.block
2023-07-21 18:00:16,398 [BlockDeletingService#0] INFO  impl.FilePerBlockStrategy (FilePerBlockStrategy.java:deleteChunk(254)) - Deleted block file: /home/runner/work/ozone/ozone/hadoop-hdds/container-service/target/test-dir/TestBlockDeletingService/hdds/381cd814-2bee-4bee-aecd-228477e58765/current/containerDir129/110753376905397192/chunks/110753376910574611.block
2023-07-21 18:00:16,398 [BlockDeletingService#0] INFO  impl.FilePerBlockStrategy (FilePerBlockStrategy.java:deleteChunk(254)) - Deleted block file: /home/runner/work/ozone/ozone/hadoop-hdds/container-service/target/test-dir/TestBlockDeletingService/hdds/381cd814-2bee-4bee-aecd-228477e58765/current/containerDir129/110753376905397192/chunks/110753376910640148.block
2023-07-21 18:00:16,398 [BlockDeletingService#0] INFO  impl.FilePerBlockStrategy (FilePerBlockStrategy.java:deleteChunk(254)) - Deleted block file: /home/runner/work/ozone/ozone/hadoop-hdds/container-service/target/test-dir/TestBlockDeletingService/hdds/381cd814-2bee-4bee-aecd-228477e58765/current/containerDir129/110753376905397192/chunks/110753376910705685.block
2023-07-21 18:00:16,398 [BlockDeletingService#0] INFO  impl.FilePerBlockStrategy (FilePerBlockStrategy.java:deleteChunk(254)) - Deleted block file: /home/runner/work/ozone/ozone/hadoop-hdds/container-service/target/test-dir/TestBlockDeletingService/hdds/381cd814-2bee-4bee-aecd-228477e58765/current/containerDir129/110753376905397192/chunks/110753376910771222.block
2023-07-21 18:00:16,398 [BlockDeletingService#0] INFO  impl.FilePerBlockStrategy (FilePerBlockStrategy.java:deleteChunk(254)) - Deleted block file: /home/runner/work/ozone/ozone/hadoop-hdds/container-service/target/test-dir/TestBlockDeletingService/hdds/381cd814-2bee-4bee-aecd-228477e58765/current/containerDir129/110753376905397192/chunks/110753376910836759.block
2023-07-21 18:00:16,398 [BlockDeletingService#0] INFO  impl.FilePerBlockStrategy (FilePerBlockStrategy.java:deleteChunk(254)) - Deleted block file: /home/runner/work/ozone/ozone/hadoop-hdds/container-service/target/test-dir/TestBlockDeletingService/hdds/381cd814-2bee-4bee-aecd-228477e58765/current/containerDir129/110753376905397192/chunks/110753376906118096.block
2023-07-21 18:00:16,398 [BlockDeletingService#0] INFO  impl.FilePerBlockStrategy (FilePerBlockStrategy.java:deleteChunk(254)) - Deleted block file: /home/runner/work/ozone/ozone/hadoop-hdds/container-service/target/test-dir/TestBlockDeletingService/hdds/381cd814-2bee-4bee-aecd-228477e58765/current/containerDir129/110753376905397192/chunks/110753376910902296.block
2023-07-21 18:00:16,399 [BlockDeletingService#0] INFO  impl.FilePerBlockStrategy (FilePerBlockStrategy.java:deleteChunk(254)) - Deleted block file: /home/runner/work/ozone/ozone/hadoop-hdds/container-service/target/test-dir/TestBlockDeletingService/hdds/381cd814-2bee-4bee-aecd-228477e58765/current/containerDir129/110753376905397192/chunks/110753376910967833.block
2023-07-21 18:00:16,399 [BlockDeletingService#0] INFO  impl.FilePerBlockStrategy (FilePerBlockStrategy.java:deleteChunk(254)) - Deleted block file: /home/runner/work/ozone/ozone/hadoop-hdds/container-service/target/test-dir/TestBlockDeletingService/hdds/381cd814-2bee-4bee-aecd-228477e58765/current/containerDir129/110753376905397192/chunks/110753376911033370.block
2023-07-21 18:00:16,399 [BlockDeletingService#0] INFO  impl.FilePerBlockStrategy (FilePerBlockStrategy.java:deleteChunk(254)) - Deleted block file: /home/runner/work/ozone/ozone/hadoop-hdds/container-service/target/test-dir/TestBlockDeletingService/hdds/381cd814-2bee-4bee-aecd-228477e58765/current/containerDir129/110753376905397192/chunks/110753376911098907.block
2023-07-21 18:00:16,399 [BlockDeletingService#0] INFO  impl.FilePerBlockStrategy (FilePerBlockStrategy.java:deleteChunk(254)) - Deleted block file: /home/runner/work/ozone/ozone/hadoop-hdds/container-service/target/test-dir/TestBlockDeletingService/hdds/381cd814-2bee-4bee-aecd-228477e58765/current/containerDir129/110753376905397192/chunks/110753376911164444.block
2023-07-21 18:00:16,399 [BlockDeletingService#0] INFO  impl.FilePerBlockStrategy (FilePerBlockStrategy.java:deleteChunk(254)) - Deleted block file: /home/runner/work/ozone/ozone/hadoop-hdds/container-service/target/test-dir/TestBlockDeletingService/hdds/381cd814-2bee-4bee-aecd-228477e58765/current/containerDir129/110753376905397192/chunks/110753376911229981.block
2023-07-21 18:00:16,399 [BlockDeletingService#0] INFO  impl.FilePerBlockStrategy (FilePerBlockStrategy.java:deleteChunk(254)) - Deleted block file: /home/runner/work/ozone/ozone/hadoop-hdds/container-service/target/test-dir/TestBlockDeletingService/hdds/381cd814-2bee-4bee-aecd-228477e58765/current/containerDir129/110753376905397192/chunks/110753376911361054.block
2023-07-21 18:00:16,399 [BlockDeletingService#0] INFO  impl.FilePerBlockStrategy (FilePerBlockStrategy.java:deleteChunk(254)) - Deleted block file: /home/runner/work/ozone/ozone/hadoop-hdds/container-service/target/test-dir/TestBlockDeletingService/hdds/381cd814-2bee-4bee-aecd-228477e58765/current/containerDir129/110753376905397192/chunks/110753376911426591.block
2023-07-21 18:00:16,399 [BlockDeletingService#0] INFO  impl.FilePerBlockStrategy (FilePerBlockStrategy.java:deleteChunk(254)) - Deleted block file: /home/runner/work/ozone/ozone/hadoop-hdds/container-service/target/test-dir/TestBlockDeletingService/hdds/381cd814-2bee-4bee-aecd-228477e58765/current/containerDir129/110753376905397192/chunks/110753376911492128.block
2023-07-21 18:00:16,400 [BlockDeletingService#0] INFO  impl.FilePerBlockStrategy (FilePerBlockStrategy.java:deleteChunk(254)) - Deleted block file: /home/runner/work/ozone/ozone/hadoop-hdds/container-service/target/test-dir/TestBlockDeletingService/hdds/381cd814-2bee-4bee-aecd-228477e58765/current/containerDir129/110753376905397192/chunks/110753376911557665.block
2023-07-21 18:00:16,400 [BlockDeletingService#0] INFO  impl.FilePerBlockStrategy (FilePerBlockStrategy.java:deleteChunk(254)) - Deleted block file: /home/runner/work/ozone/ozone/hadoop-hdds/container-service/target/test-dir/TestBlockDeletingService/hdds/381cd814-2bee-4bee-aecd-228477e58765/current/containerDir129/110753376905397192/chunks/110753376906249169.block
2023-07-21 18:00:16,400 [BlockDeletingService#0] INFO  impl.FilePerBlockStrategy (FilePerBlockStrategy.java:deleteChunk(254)) - Deleted block file: /home/runner/work/ozone/ozone/hadoop-hdds/container-service/target/test-dir/TestBlockDeletingService/hdds/381cd814-2bee-4bee-aecd-228477e58765/current/containerDir129/110753376905397192/chunks/110753376911623202.block
2023-07-21 18:00:16,400 [BlockDeletingService#0] INFO  impl.FilePerBlockStrategy (FilePerBlockStrategy.java:deleteChunk(254)) - Deleted block file: /home/runner/work/ozone/ozone/hadoop-hdds/container-service/target/test-dir/TestBlockDeletingService/hdds/381cd814-2bee-4bee-aecd-228477e58765/current/containerDir129/110753376905397192/chunks/110753376911688739.block
2023-07-21 18:00:16,400 [BlockDeletingService#0] INFO  impl.FilePerBlockStrategy (FilePerBlockStrategy.java:deleteChunk(254)) - Deleted block file: /home/runner/work/ozone/ozone/hadoop-hdds/container-service/target/test-dir/TestBlockDeletingService/hdds/381cd814-2bee-4bee-aecd-228477e58765/current/containerDir129/110753376905397192/chunks/110753376911688740.block
2023-07-21 18:00:16,400 [BlockDeletingService#0] INFO  impl.FilePerBlockStrategy (FilePerBlockStrategy.java:deleteChunk(254)) - Deleted block file: /home/runner/work/ozone/ozone/hadoop-hdds/container-service/target/test-dir/TestBlockDeletingService/hdds/381cd814-2bee-4bee-aecd-228477e58765/current/containerDir129/110753376905397192/chunks/110753376911754277.block
2023-07-21 18:00:16,400 [BlockDeletingService#0] INFO  impl.FilePerBlockStrategy (FilePerBlockStrategy.java:deleteChunk(254)) - Deleted block file: /home/runner/work/ozone/ozone/hadoop-hdds/container-service/target/test-dir/TestBlockDeletingService/hdds/381cd814-2bee-4bee-aecd-228477e58765/current/containerDir129/110753376905397192/chunks/110753376911885350.block
2023-07-21 18:00:16,401 [BlockDeletingService#0] INFO  impl.FilePerBlockStrategy (FilePerBlockStrategy.java:deleteChunk(254)) - Deleted block file: /home/runner/work/ozone/ozone/hadoop-hdds/container-service/target/test-dir/TestBlockDeletingService/hdds/381cd814-2bee-4bee-aecd-228477e58765/current/containerDir129/110753376905397192/chunks/110753376911950887.block
2023-07-21 18:00:16,401 [BlockDeletingService#0] INFO  impl.FilePerBlockStrategy (FilePerBlockStrategy.java:deleteChunk(254)) - Deleted block file: /home/runner/work/ozone/ozone/hadoop-hdds/container-service/target/test-dir/TestBlockDeletingService/hdds/381cd814-2bee-4bee-aecd-228477e58765/current/containerDir129/110753376905397192/chunks/110753376912016424.block
2023-07-21 18:00:16,401 [BlockDeletingService#0] INFO  impl.FilePerBlockStrategy (FilePerBlockStrategy.java:deleteChunk(254)) - Deleted block file: /home/runner/work/ozone/ozone/hadoop-hdds/container-service/target/test-dir/TestBlockDeletingService/hdds/381cd814-2bee-4bee-aecd-228477e58765/current/containerDir129/110753376905397192/chunks/110753376912147497.block
2023-07-21 18:00:16,402 [BlockDeletingService#0] INFO  impl.FilePerBlockStrategy (FilePerBlockStrategy.java:deleteChunk(254)) - Deleted block file: /home/runner/work/ozone/ozone/hadoop-hdds/container-service/target/test-dir/TestBlockDeletingService/hdds/381cd814-2bee-4bee-aecd-228477e58765/current/containerDir129/110753376905397192/chunks/110753376912213034.block
2023-07-21 18:00:16,402 [BlockDeletingService#0] INFO  impl.FilePerBlockStrategy (FilePerBlockStrategy.java:deleteChunk(254)) - Deleted block file: /home/runner/work/ozone/ozone/hadoop-hdds/container-service/target/test-dir/TestBlockDeletingService/hdds/381cd814-2bee-4bee-aecd-228477e58765/current/containerDir129/110753376905397192/chunks/110753376912278571.block
2023-07-21 18:00:16,404 [BlockDeletingService#0] WARN  utils.BackgroundService (BackgroundService.java:lambda$run$0(130)) - BlockDeletingService Background task execution took 33848921ns > 0ns(timeout)
2023-07-21 18:00:16,468 [main] INFO  utils.BackgroundService (BackgroundService.java:shutdown(141)) - Shutting down service BlockDeletingService
]]></system-out>
  </testcase>
  <testcase name="testBlockDeletionTimeout" classname="TestBlockDeletingService" time="1.349">
    <error type="java.util.concurrent.TimeoutException"><![CDATA[java.util.concurrent.TimeoutException: 
Timed out waiting for condition. Thread diagnostics:
Timestamp: 2023-07-21 05:59:58,516

"main"  prio=5 tid=1 runnable
java.lang.Thread.State: RUNNABLE
        at java.lang.Thread.dumpThreads(Native Method)
        at java.lang.Thread.getAllStackTraces(Thread.java:1615)
        at org.apache.ozone.test.TimedOutTestsListener.buildThreadDump(TimedOutTestsListener.java:93)
        at org.apache.ozone.test.TimedOutTestsListener.buildThreadDiagnosticString(TimedOutTestsListener.java:79)
        at org.apache.ozone.test.GenericTestUtils.waitFor(GenericTestUtils.java:229)
        at org.apache.hadoop.ozone.container.common.TestBlockDeletingService.testBlockDeletionTimeout(TestBlockDeletingService.java:835)
        at sun.reflect.NativeMethodAccessorImpl.invoke0(Native Method)
        at sun.reflect.NativeMethodAccessorImpl.invoke(NativeMethodAccessorImpl.java:62)
        at sun.reflect.DelegatingMethodAccessorImpl.invoke(DelegatingMethodAccessorImpl.java:43)
        at java.lang.reflect.Method.invoke(Method.java:498)
        at org.junit.runners.model.FrameworkMethod$1.runReflectiveCall(FrameworkMethod.java:59)
        at org.junit.internal.runners.model.ReflectiveCallable.run(ReflectiveCallable.java:12)
        at org.junit.runners.model.FrameworkMethod.invokeExplosively(FrameworkMethod.java:56)
        at org.junit.internal.runners.statements.InvokeMethod.evaluate(InvokeMethod.java:17)
        at org.junit.internal.runners.statements.RunBefores.evaluate(RunBefores.java:26)
        at org.junit.internal.runners.statements.RunAfters.evaluate(RunAfters.java:27)
        at org.junit.runners.ParentRunner$3.evaluate(ParentRunner.java:306)
        at org.junit.runners.BlockJUnit4ClassRunner$1.evaluate(BlockJUnit4ClassRunner.java:100)
        at org.junit.runners.ParentRunner.runLeaf(ParentRunner.java:366)
        at org.junit.runners.BlockJUnit4ClassRunner.runChild(BlockJUnit4ClassRunner.java:103)
        at org.junit.runners.BlockJUnit4ClassRunner.runChild(BlockJUnit4ClassRunner.java:63)
        at org.junit.runners.ParentRunner$4.run(ParentRunner.java:331)
        at org.junit.runners.ParentRunner$1.schedule(ParentRunner.java:79)
        at org.junit.runners.ParentRunner.runChildren(ParentRunner.java:329)
        at org.junit.runners.ParentRunner.access$100(ParentRunner.java:66)
        at org.junit.runners.ParentRunner$2.evaluate(ParentRunner.java:293)
        at org.junit.runners.ParentRunner.run(ParentRunner.java:413)
        at org.junit.runners.Suite.runChild(Suite.java:128)
        at org.junit.runners.Suite.runChild(Suite.java:27)
        at org.junit.runners.ParentRunner$4.run(ParentRunner.java:331)
        at org.junit.runners.ParentRunner$1.schedule(ParentRunner.java:79)
        at org.junit.runners.ParentRunner.runChildren(ParentRunner.java:329)
        at org.junit.runners.ParentRunner.access$100(ParentRunner.java:66)
        at org.junit.runners.ParentRunner$2.evaluate(ParentRunner.java:293)
        at org.junit.runners.ParentRunner$3.evaluate(ParentRunner.java:306)
        at org.junit.runners.ParentRunner.run(ParentRunner.java:413)
        at org.junit.runner.JUnitCore.run(JUnitCore.java:137)
        at org.junit.runner.JUnitCore.run(JUnitCore.java:115)
        at org.junit.vintage.engine.execution.RunnerExecutor.execute(RunnerExecutor.java:42)
        at org.junit.vintage.engine.VintageTestEngine.executeAllChildren(VintageTestEngine.java:80)
        at org.junit.vintage.engine.VintageTestEngine.execute(VintageTestEngine.java:72)
        at org.junit.platform.launcher.core.EngineExecutionOrchestrator.execute(EngineExecutionOrchestrator.java:107)
        at org.junit.platform.launcher.core.EngineExecutionOrchestrator.execute(EngineExecutionOrchestrator.java:88)
        at org.junit.platform.launcher.core.EngineExecutionOrchestrator.lambda$execute$0(EngineExecutionOrchestrator.java:54)
        at org.junit.platform.launcher.core.EngineExecutionOrchestrator$$Lambda$189/1990385139.accept(Unknown Source)
        at org.junit.platform.launcher.core.EngineExecutionOrchestrator.withInterceptedStreams(EngineExecutionOrchestrator.java:67)
        at org.junit.platform.launcher.core.EngineExecutionOrchestrator.execute(EngineExecutionOrchestrator.java:52)
        at org.junit.platform.launcher.core.DefaultLauncher.execute(DefaultLauncher.java:114)
        at org.junit.platform.launcher.core.DefaultLauncher.execute(DefaultLauncher.java:86)
        at org.junit.platform.launcher.core.DefaultLauncherSession$DelegatingLauncher.execute(DefaultLauncherSession.java:86)
        at org.junit.platform.launcher.core.SessionPerRequestLauncher.execute(SessionPerRequestLauncher.java:53)
        at org.apache.maven.surefire.junitplatform.JUnitPlatformProvider.execute(JUnitPlatformProvider.java:188)
        at org.apache.maven.surefire.junitplatform.JUnitPlatformProvider.invokeAllTests(JUnitPlatformProvider.java:154)
        at org.apache.maven.surefire.junitplatform.JUnitPlatformProvider.invoke(JUnitPlatformProvider.java:124)
        at org.apache.maven.surefire.booter.ForkedBooter.runSuitesInProcess(ForkedBooter.java:428)
        at org.apache.maven.surefire.booter.ForkedBooter.execute(ForkedBooter.java:162)
        at org.apache.maven.surefire.booter.ForkedBooter.run(ForkedBooter.java:562)
        at org.apache.maven.surefire.booter.ForkedBooter.main(ForkedBooter.java:548)
"BlockDeletingService#3" daemon prio=5 tid=21 in Object.wait()
java.lang.Thread.State: WAITING (on object monitor)
        at sun.misc.Unsafe.park(Native Method)
        at java.util.concurrent.locks.LockSupport.park(LockSupport.java:175)
        at java.util.concurrent.locks.AbstractQueuedSynchronizer$ConditionObject.await(AbstractQueuedSynchronizer.java:2039)
        at java.util.concurrent.ScheduledThreadPoolExecutor$DelayedWorkQueue.take(ScheduledThreadPoolExecutor.java:1088)
        at java.util.concurrent.ScheduledThreadPoolExecutor$DelayedWorkQueue.take(ScheduledThreadPoolExecutor.java:809)
        at java.util.concurrent.ThreadPoolExecutor.getTask(ThreadPoolExecutor.java:1074)
        at java.util.concurrent.ThreadPoolExecutor.runWorker(ThreadPoolExecutor.java:1134)
        at java.util.concurrent.ThreadPoolExecutor$Worker.run(ThreadPoolExecutor.java:624)
        at java.lang.Thread.run(Thread.java:750)
"BlockDeletingService#2" daemon prio=5 tid=20 timed_waiting
java.lang.Thread.State: TIMED_WAITING
        at sun.misc.Unsafe.park(Native Method)
        at java.util.concurrent.locks.LockSupport.parkNanos(LockSupport.java:215)
        at java.util.concurrent.locks.AbstractQueuedSynchronizer$ConditionObject.awaitNanos(AbstractQueuedSynchronizer.java:2078)
        at java.util.concurrent.ScheduledThreadPoolExecutor$DelayedWorkQueue.take(ScheduledThreadPoolExecutor.java:1093)
        at java.util.concurrent.ScheduledThreadPoolExecutor$DelayedWorkQueue.take(ScheduledThreadPoolExecutor.java:809)
        at java.util.concurrent.ThreadPoolExecutor.getTask(ThreadPoolExecutor.java:1074)
        at java.util.concurrent.ThreadPoolExecutor.runWorker(ThreadPoolExecutor.java:1134)
        at java.util.concurrent.ThreadPoolExecutor$Worker.run(ThreadPoolExecutor.java:624)
        at java.lang.Thread.run(Thread.java:750)
"BlockDeletingService#0" daemon prio=5 tid=18 in Object.wait()
java.lang.Thread.State: WAITING (on object monitor)
        at sun.misc.Unsafe.park(Native Method)
        at java.util.concurrent.locks.LockSupport.park(LockSupport.java:175)
        at java.util.concurrent.locks.AbstractQueuedSynchronizer$ConditionObject.await(AbstractQueuedSynchronizer.java:2039)
        at java.util.concurrent.ScheduledThreadPoolExecutor$DelayedWorkQueue.take(ScheduledThreadPoolExecutor.java:1088)
        at java.util.concurrent.ScheduledThreadPoolExecutor$DelayedWorkQueue.take(ScheduledThreadPoolExecutor.java:809)
        at java.util.concurrent.ThreadPoolExecutor.getTask(ThreadPoolExecutor.java:1074)
        at java.util.concurrent.ThreadPoolExecutor.runWorker(ThreadPoolExecutor.java:1134)
        at java.util.concurrent.ThreadPoolExecutor$Worker.run(ThreadPoolExecutor.java:624)
        at java.lang.Thread.run(Thread.java:750)
"Signal Dispatcher" daemon prio=9 tid=4 runnable
java.lang.Thread.State: RUNNABLE
"BlockDeletingService#1" daemon prio=5 tid=19 in Object.wait()
java.lang.Thread.State: WAITING (on object monitor)
        at sun.misc.Unsafe.park(Native Method)
        at java.util.concurrent.locks.LockSupport.park(LockSupport.java:175)
        at java.util.concurrent.locks.AbstractQueuedSynchronizer$ConditionObject.await(AbstractQueuedSynchronizer.java:2039)
        at java.util.concurrent.ScheduledThreadPoolExecutor$DelayedWorkQueue.take(ScheduledThreadPoolExecutor.java:1088)
        at java.util.concurrent.ScheduledThreadPoolExecutor$DelayedWorkQueue.take(ScheduledThreadPoolExecutor.java:809)
        at java.util.concurrent.ThreadPoolExecutor.getTask(ThreadPoolExecutor.java:1074)
        at java.util.concurrent.ThreadPoolExecutor.runWorker(ThreadPoolExecutor.java:1134)
        at java.util.concurrent.ThreadPoolExecutor$Worker.run(ThreadPoolExecutor.java:624)
        at java.lang.Thread.run(Thread.java:750)
"surefire-forkedjvm-command-thread" daemon prio=5 tid=10 runnable
java.lang.Thread.State: RUNNABLE
        at java.io.FileInputStream.readBytes(Native Method)
        at java.io.FileInputStream.read(FileInputStream.java:255)
        at java.io.BufferedInputStream.read1(BufferedInputStream.java:284)
        at java.io.BufferedInputStream.read(BufferedInputStream.java:345)
        at java.io.BufferedInputStream.fill(BufferedInputStream.java:246)
        at java.io.BufferedInputStream.read1(BufferedInputStream.java:286)
        at java.io.BufferedInputStream.read(BufferedInputStream.java:345)
        at org.apache.maven.surefire.api.util.internal.Channels$3.readImpl(Channels.java:214)
        at org.apache.maven.surefire.api.util.internal.AbstractNoninterruptibleReadableChannel.read(AbstractNoninterruptibleReadableChannel.java:54)
        at org.apache.maven.surefire.booter.spi.LegacyMasterProcessChannelDecoder.decode(LegacyMasterProcessChannelDecoder.java:80)
        at org.apache.maven.surefire.booter.CommandReader$CommandRunnable.run(CommandReader.java:343)
        at java.lang.Thread.run(Thread.java:750)
"Reference Handler" daemon prio=10 tid=2 in Object.wait()
java.lang.Thread.State: WAITING (on object monitor)
        at java.lang.Object.wait(Native Method)
        at java.lang.Object.wait(Object.java:502)
        at java.lang.ref.Reference.tryHandlePending(Reference.java:191)
        at java.lang.ref.Reference$ReferenceHandler.run(Reference.java:153)
"Attach Listener" daemon prio=9 tid=14 runnable
java.lang.Thread.State: RUNNABLE
"Finalizer" daemon prio=8 tid=3 in Object.wait()
java.lang.Thread.State: WAITING (on object monitor)
        at java.lang.Object.wait(Native Method)
        at java.lang.ref.ReferenceQueue.remove(ReferenceQueue.java:144)
        at java.lang.ref.ReferenceQueue.remove(ReferenceQueue.java:165)
        at java.lang.ref.Finalizer$FinalizerThread.run(Finalizer.java:188)
"process reaper" daemon prio=10 tid=12 timed_waiting
java.lang.Thread.State: TIMED_WAITING
        at sun.misc.Unsafe.park(Native Method)
        at java.util.concurrent.locks.LockSupport.parkNanos(LockSupport.java:215)
        at java.util.concurrent.SynchronousQueue$TransferStack.awaitFulfill(SynchronousQueue.java:460)
        at java.util.concurrent.SynchronousQueue$TransferStack.transfer(SynchronousQueue.java:362)
        at java.util.concurrent.SynchronousQueue.poll(SynchronousQueue.java:941)
        at java.util.concurrent.ThreadPoolExecutor.getTask(ThreadPoolExecutor.java:1073)
        at java.util.concurrent.ThreadPoolExecutor.runWorker(ThreadPoolExecutor.java:1134)
        at java.util.concurrent.ThreadPoolExecutor$Worker.run(ThreadPoolExecutor.java:624)
        at java.lang.Thread.run(Thread.java:750)


	at org.apache.ozone.test.GenericTestUtils.waitFor(GenericTestUtils.java:229)
	at org.apache.hadoop.ozone.container.common.TestBlockDeletingService.testBlockDeletionTimeout(TestBlockDeletingService.java:835)
	at sun.reflect.NativeMethodAccessorImpl.invoke0(Native Method)
	at sun.reflect.NativeMethodAccessorImpl.invoke(NativeMethodAccessorImpl.java:62)
	at sun.reflect.DelegatingMethodAccessorImpl.invoke(DelegatingMethodAccessorImpl.java:43)
	at java.lang.reflect.Method.invoke(Method.java:498)
	at org.junit.runners.model.FrameworkMethod$1.runReflectiveCall(FrameworkMethod.java:59)
	at org.junit.internal.runners.model.ReflectiveCallable.run(ReflectiveCallable.java:12)
	at org.junit.runners.model.FrameworkMethod.invokeExplosively(FrameworkMethod.java:56)
	at org.junit.internal.runners.statements.InvokeMethod.evaluate(InvokeMethod.java:17)
	at org.junit.internal.runners.statements.RunBefores.evaluate(RunBefores.java:26)
	at org.junit.internal.runners.statements.RunAfters.evaluate(RunAfters.java:27)
	at org.junit.runners.ParentRunner$3.evaluate(ParentRunner.java:306)
	at org.junit.runners.BlockJUnit4ClassRunner$1.evaluate(BlockJUnit4ClassRunner.java:100)
	at org.junit.runners.ParentRunner.runLeaf(ParentRunner.java:366)
	at org.junit.runners.BlockJUnit4ClassRunner.runChild(BlockJUnit4ClassRunner.java:103)
	at org.junit.runners.BlockJUnit4ClassRunner.runChild(BlockJUnit4ClassRunner.java:63)
	at org.junit.runners.ParentRunner$4.run(ParentRunner.java:331)
	at org.junit.runners.ParentRunner$1.schedule(ParentRunner.java:79)
	at org.junit.runners.ParentRunner.runChildren(ParentRunner.java:329)
	at org.junit.runners.ParentRunner.access$100(ParentRunner.java:66)
	at org.junit.runners.ParentRunner$2.evaluate(ParentRunner.java:293)
	at org.junit.runners.ParentRunner.run(ParentRunner.java:413)
	at org.junit.runners.Suite.runChild(Suite.java:128)
	at org.junit.runners.Suite.runChild(Suite.java:27)
	at org.junit.runners.ParentRunner$4.run(ParentRunner.java:331)
	at org.junit.runners.ParentRunner$1.schedule(ParentRunner.java:79)
	at org.junit.runners.ParentRunner.runChildren(ParentRunner.java:329)
	at org.junit.runners.ParentRunner.access$100(ParentRunner.java:66)
	at org.junit.runners.ParentRunner$2.evaluate(ParentRunner.java:293)
	at org.junit.runners.ParentRunner$3.evaluate(ParentRunner.java:306)
	at org.junit.runners.ParentRunner.run(ParentRunner.java:413)
	at org.junit.runner.JUnitCore.run(JUnitCore.java:137)
	at org.junit.runner.JUnitCore.run(JUnitCore.java:115)
	at org.junit.vintage.engine.execution.RunnerExecutor.execute(RunnerExecutor.java:42)
	at org.junit.vintage.engine.VintageTestEngine.executeAllChildren(VintageTestEngine.java:80)
	at org.junit.vintage.engine.VintageTestEngine.execute(VintageTestEngine.java:72)
	at org.junit.platform.launcher.core.EngineExecutionOrchestrator.execute(EngineExecutionOrchestrator.java:107)
	at org.junit.platform.launcher.core.EngineExecutionOrchestrator.execute(EngineExecutionOrchestrator.java:88)
	at org.junit.platform.launcher.core.EngineExecutionOrchestrator.lambda$execute$0(EngineExecutionOrchestrator.java:54)
	at org.junit.platform.launcher.core.EngineExecutionOrchestrator.withInterceptedStreams(EngineExecutionOrchestrator.java:67)
	at org.junit.platform.launcher.core.EngineExecutionOrchestrator.execute(EngineExecutionOrchestrator.java:52)
	at org.junit.platform.launcher.core.DefaultLauncher.execute(DefaultLauncher.java:114)
	at org.junit.platform.launcher.core.DefaultLauncher.execute(DefaultLauncher.java:86)
	at org.junit.platform.launcher.core.DefaultLauncherSession$DelegatingLauncher.execute(DefaultLauncherSession.java:86)
	at org.junit.platform.launcher.core.SessionPerRequestLauncher.execute(SessionPerRequestLauncher.java:53)
	at org.apache.maven.surefire.junitplatform.JUnitPlatformProvider.execute(JUnitPlatformProvider.java:188)
	at org.apache.maven.surefire.junitplatform.JUnitPlatformProvider.invokeAllTests(JUnitPlatformProvider.java:154)
	at org.apache.maven.surefire.junitplatform.JUnitPlatformProvider.invoke(JUnitPlatformProvider.java:124)
	at org.apache.maven.surefire.booter.ForkedBooter.runSuitesInProcess(ForkedBooter.java:428)
	at org.apache.maven.surefire.booter.ForkedBooter.execute(ForkedBooter.java:162)
	at org.apache.maven.surefire.booter.ForkedBooter.run(ForkedBooter.java:562)
	at org.apache.maven.surefire.booter.ForkedBooter.main(ForkedBooter.java:548)
]]></error>
    <system-out><![CDATA[2023-07-21 17:59:57,262 [main] INFO  volume.HddsVolume (HddsVolume.java:<init>(126)) - Creating HddsVolume: /home/runner/work/ozone/ozone/hadoop-hdds/container-service/target/test-dir/TestBlockDeletingService/hdds of storage type : DISK capacity : 9223372036854775807
2023-07-21 17:59:57,268 [main] INFO  volume.MutableVolumeSet (MutableVolumeSet.java:initializeVolumeSet(175)) - Added Volume : /home/runner/work/ozone/ozone/hadoop-hdds/container-service/target/test-dir/TestBlockDeletingService/hdds to VolumeSet
2023-07-21 17:59:57,498 [BlockDeletingService#0] INFO  interfaces.ContainerDeletionChoosingPolicyTemplate (ContainerDeletionChoosingPolicyTemplate.java:chooseContainerForBlockDeletion(83)) - Chosen 3/0 blocks from 1 candidate containers.
2023-07-21 17:59:57,505 [BlockDeletingService#1] INFO  impl.FilePerChunkStrategy (FilePerChunkStrategy.java:deleteChunk(322)) - Deleted chunk file /home/runner/work/ozone/ozone/hadoop-hdds/container-service/target/test-dir/TestBlockDeletingService/hdds/c1771d1e-6ab5-40be-a305-293d1760f7c8/current/containerDir0/110753375676661861/chunks/110753375680921702_chunk_0_block_0 (size 100) for chunk ChunkInfo{chunkName='110753375680921702_chunk_0_block_0, offset=0, len=100}
2023-07-21 17:59:57,505 [BlockDeletingService#1] INFO  impl.FilePerChunkStrategy (FilePerChunkStrategy.java:deleteChunk(322)) - Deleted chunk file /home/runner/work/ozone/ozone/hadoop-hdds/container-service/target/test-dir/TestBlockDeletingService/hdds/c1771d1e-6ab5-40be-a305-293d1760f7c8/current/containerDir0/110753375676661861/chunks/110753375681118311_chunk_0_block_1 (size 100) for chunk ChunkInfo{chunkName='110753375681118311_chunk_0_block_1, offset=0, len=100}
2023-07-21 17:59:57,506 [BlockDeletingService#1] INFO  impl.FilePerChunkStrategy (FilePerChunkStrategy.java:deleteChunk(322)) - Deleted chunk file /home/runner/work/ozone/ozone/hadoop-hdds/container-service/target/test-dir/TestBlockDeletingService/hdds/c1771d1e-6ab5-40be-a305-293d1760f7c8/current/containerDir0/110753375676661861/chunks/110753375681314920_chunk_0_block_2 (size 100) for chunk ChunkInfo{chunkName='110753375681314920_chunk_0_block_2, offset=0, len=100}
2023-07-21 17:59:57,508 [BlockDeletingService#1] WARN  utils.BackgroundService (BackgroundService.java:lambda$run$0(130)) - BlockDeletingService Background task execution took 9283726ns > 1ns(timeout)
2023-07-21 17:59:58,499 [BlockDeletingService#0] INFO  interfaces.ContainerDeletionChoosingPolicyTemplate (ContainerDeletionChoosingPolicyTemplate.java:chooseContainerForBlockDeletion(83)) - Chosen 0/3 blocks from 0 candidate containers.
]]></system-out>
  </testcase>
  <testcase name="testBlockDeletionTimeout" classname="TestBlockDeletingService" time="0.334">
    <system-out><![CDATA[2023-07-21 18:00:00,486 [main] INFO  volume.HddsVolume (HddsVolume.java:<init>(126)) - Creating HddsVolume: /home/runner/work/ozone/ozone/hadoop-hdds/container-service/target/test-dir/TestBlockDeletingService/hdds of storage type : DISK capacity : 9223372036854775807
2023-07-21 18:00:00,490 [main] INFO  volume.MutableVolumeSet (MutableVolumeSet.java:initializeVolumeSet(175)) - Added Volume : /home/runner/work/ozone/ozone/hadoop-hdds/container-service/target/test-dir/TestBlockDeletingService/hdds to VolumeSet
2023-07-21 18:00:00,502 [BlockDeletingService#1] INFO  interfaces.ContainerDeletionChoosingPolicyTemplate (ContainerDeletionChoosingPolicyTemplate.java:chooseContainerForBlockDeletion(83)) - Chosen 0/3 blocks from 0 candidate containers.
2023-07-21 18:00:00,601 [BlockDeletingService#0] INFO  interfaces.ContainerDeletionChoosingPolicyTemplate (ContainerDeletionChoosingPolicyTemplate.java:chooseContainerForBlockDeletion(83)) - Chosen 3/0 blocks from 1 candidate containers.
2023-07-21 18:00:00,604 [BlockDeletingService#1] INFO  impl.FilePerChunkStrategy (FilePerChunkStrategy.java:deleteChunk(322)) - Deleted chunk file /home/runner/work/ozone/ozone/hadoop-hdds/container-service/target/test-dir/TestBlockDeletingService/hdds/f0522d90-de9c-4ad5-8558-32898f48ad98/current/containerDir128/110753375881986278/chunks/110753375884869863_chunk_0_block_0 (size 100) for chunk ChunkInfo{chunkName='110753375884869863_chunk_0_block_0, offset=0, len=100}
2023-07-21 18:00:00,604 [BlockDeletingService#1] INFO  impl.FilePerChunkStrategy (FilePerChunkStrategy.java:deleteChunk(322)) - Deleted chunk file /home/runner/work/ozone/ozone/hadoop-hdds/container-service/target/test-dir/TestBlockDeletingService/hdds/f0522d90-de9c-4ad5-8558-32898f48ad98/current/containerDir128/110753375881986278/chunks/110753375885066472_chunk_0_block_1 (size 100) for chunk ChunkInfo{chunkName='110753375885066472_chunk_0_block_1, offset=0, len=100}
2023-07-21 18:00:00,604 [BlockDeletingService#1] INFO  impl.FilePerChunkStrategy (FilePerChunkStrategy.java:deleteChunk(322)) - Deleted chunk file /home/runner/work/ozone/ozone/hadoop-hdds/container-service/target/test-dir/TestBlockDeletingService/hdds/f0522d90-de9c-4ad5-8558-32898f48ad98/current/containerDir128/110753375881986278/chunks/110753375885132009_chunk_0_block_2 (size 100) for chunk ChunkInfo{chunkName='110753375885132009_chunk_0_block_2, offset=0, len=100}
2023-07-21 18:00:00,605 [BlockDeletingService#1] WARN  utils.BackgroundService (BackgroundService.java:lambda$run$0(130)) - BlockDeletingService Background task execution took 3347944ns > 1ns(timeout)
2023-07-21 18:00:00,700 [main] INFO  utils.BackgroundService (BackgroundService.java:shutdown(141)) - Shutting down service BlockDeletingService
2023-07-21 18:00:00,800 [main] INFO  utils.BackgroundService (BackgroundService.java:shutdown(141)) - Shutting down service BlockDeletingService
]]></system-out>
  </testcase>
  <testcase name="testBlockDeletionTimeout" classname="TestBlockDeletingService" time="0.318">
    <system-out><![CDATA[2023-07-21 18:00:03,457 [main] INFO  volume.HddsVolume (HddsVolume.java:<init>(126)) - Creating HddsVolume: /home/runner/work/ozone/ozone/hadoop-hdds/container-service/target/test-dir/TestBlockDeletingService/hdds of storage type : DISK capacity : 9223372036854775807
2023-07-21 18:00:03,460 [main] INFO  volume.MutableVolumeSet (MutableVolumeSet.java:initializeVolumeSet(175)) - Added Volume : /home/runner/work/ozone/ozone/hadoop-hdds/container-service/target/test-dir/TestBlockDeletingService/hdds to VolumeSet
2023-07-21 18:00:03,504 [BlockDeletingService#2] INFO  interfaces.ContainerDeletionChoosingPolicyTemplate (ContainerDeletionChoosingPolicyTemplate.java:chooseContainerForBlockDeletion(83)) - Chosen 0/3 blocks from 0 candidate containers.
2023-07-21 18:00:03,554 [BlockDeletingService#0] INFO  interfaces.ContainerDeletionChoosingPolicyTemplate (ContainerDeletionChoosingPolicyTemplate.java:chooseContainerForBlockDeletion(83)) - Chosen 3/0 blocks from 1 candidate containers.
2023-07-21 18:00:03,561 [BlockDeletingService#1] INFO  impl.FilePerChunkStrategy (FilePerChunkStrategy.java:deleteChunk(322)) - Deleted chunk file /home/runner/work/ozone/ozone/hadoop-hdds/container-service/target/test-dir/TestBlockDeletingService/hdds/85093d65-8393-4085-b34b-e9437fa6d73b/current/containerDir0/110753376076431731/chunks/110753376078725492_chunk_0_block_0 (size 100) for chunk ChunkInfo{chunkName='110753376078725492_chunk_0_block_0, offset=0, len=100}
2023-07-21 18:00:03,562 [BlockDeletingService#1] INFO  impl.FilePerChunkStrategy (FilePerChunkStrategy.java:deleteChunk(322)) - Deleted chunk file /home/runner/work/ozone/ozone/hadoop-hdds/container-service/target/test-dir/TestBlockDeletingService/hdds/85093d65-8393-4085-b34b-e9437fa6d73b/current/containerDir0/110753376076431731/chunks/110753376078856565_chunk_0_block_1 (size 100) for chunk ChunkInfo{chunkName='110753376078856565_chunk_0_block_1, offset=0, len=100}
2023-07-21 18:00:03,562 [BlockDeletingService#1] INFO  impl.FilePerChunkStrategy (FilePerChunkStrategy.java:deleteChunk(322)) - Deleted chunk file /home/runner/work/ozone/ozone/hadoop-hdds/container-service/target/test-dir/TestBlockDeletingService/hdds/85093d65-8393-4085-b34b-e9437fa6d73b/current/containerDir0/110753376076431731/chunks/110753376078987638_chunk_0_block_2 (size 100) for chunk ChunkInfo{chunkName='110753376078987638_chunk_0_block_2, offset=0, len=100}
2023-07-21 18:00:03,564 [BlockDeletingService#1] WARN  utils.BackgroundService (BackgroundService.java:lambda$run$0(130)) - BlockDeletingService Background task execution took 8926918ns > 1ns(timeout)
2023-07-21 18:00:03,653 [main] INFO  utils.BackgroundService (BackgroundService.java:shutdown(141)) - Shutting down service BlockDeletingService
2023-07-21 18:00:03,753 [main] INFO  utils.BackgroundService (BackgroundService.java:shutdown(141)) - Shutting down service BlockDeletingService
2023-07-21 18:00:03,754 [BlockDeletingService#0] INFO  interfaces.ContainerDeletionChoosingPolicyTemplate (ContainerDeletionChoosingPolicyTemplate.java:chooseContainerForBlockDeletion(83)) - Chosen 3/0 blocks from 1 candidate containers.
]]></system-out>
  </testcase>
  <testcase name="testBlockDeletionTimeout" classname="TestBlockDeletingService" time="0.286">
    <system-out><![CDATA[2023-07-21 18:00:06,529 [main] INFO  volume.HddsVolume (HddsVolume.java:<init>(126)) - Creating HddsVolume: /home/runner/work/ozone/ozone/hadoop-hdds/container-service/target/test-dir/TestBlockDeletingService/hdds of storage type : DISK capacity : 9223372036854775807
2023-07-21 18:00:06,532 [main] INFO  volume.MutableVolumeSet (MutableVolumeSet.java:initializeVolumeSet(175)) - Added Volume : /home/runner/work/ozone/ozone/hadoop-hdds/container-service/target/test-dir/TestBlockDeletingService/hdds to VolumeSet
2023-07-21 18:00:06,571 [main] INFO  utils.DatanodeStoreCache (DatanodeStoreCache.java:addDB(66)) - Added db /home/runner/work/ozone/ozone/hadoop-hdds/container-service/target/test-dir/TestBlockDeletingService/hdds/5d8d63bf-7fe9-40c1-b686-5da8c1e877b3/DS-649576b8-6f5b-4591-af16-cc947666553d/container.db to cache
2023-07-21 18:00:06,571 [main] INFO  volume.HddsVolume (HddsVolume.java:createDbStore(422)) - SchemaV3 db is created and loaded at /home/runner/work/ozone/ozone/hadoop-hdds/container-service/target/test-dir/TestBlockDeletingService/hdds/5d8d63bf-7fe9-40c1-b686-5da8c1e877b3/DS-649576b8-6f5b-4591-af16-cc947666553d/container.db for volume DS-649576b8-6f5b-4591-af16-cc947666553d
2023-07-21 18:00:06,636 [BlockDeletingService#0] INFO  interfaces.ContainerDeletionChoosingPolicyTemplate (ContainerDeletionChoosingPolicyTemplate.java:chooseContainerForBlockDeletion(83)) - Chosen 3/0 blocks from 1 candidate containers.
2023-07-21 18:00:06,638 [BlockDeletingService#1] INFO  impl.FilePerChunkStrategy (FilePerChunkStrategy.java:deleteChunk(322)) - Deleted chunk file /home/runner/work/ozone/ozone/hadoop-hdds/container-service/target/test-dir/TestBlockDeletingService/hdds/5d8d63bf-7fe9-40c1-b686-5da8c1e877b3/current/containerDir129/110753376280314371/chunks/110753376280642052_chunk_0_block_0 (size 100) for chunk ChunkInfo{chunkName='110753376280642052_chunk_0_block_0, offset=0, len=100}
2023-07-21 18:00:06,638 [BlockDeletingService#1] INFO  impl.FilePerChunkStrategy (FilePerChunkStrategy.java:deleteChunk(322)) - Deleted chunk file /home/runner/work/ozone/ozone/hadoop-hdds/container-service/target/test-dir/TestBlockDeletingService/hdds/5d8d63bf-7fe9-40c1-b686-5da8c1e877b3/current/containerDir129/110753376280314371/chunks/110753376280838661_chunk_0_block_1 (size 100) for chunk ChunkInfo{chunkName='110753376280838661_chunk_0_block_1, offset=0, len=100}
2023-07-21 18:00:06,639 [BlockDeletingService#1] INFO  impl.FilePerChunkStrategy (FilePerChunkStrategy.java:deleteChunk(322)) - Deleted chunk file /home/runner/work/ozone/ozone/hadoop-hdds/container-service/target/test-dir/TestBlockDeletingService/hdds/5d8d63bf-7fe9-40c1-b686-5da8c1e877b3/current/containerDir129/110753376280314371/chunks/110753376280904198_chunk_0_block_2 (size 100) for chunk ChunkInfo{chunkName='110753376280904198_chunk_0_block_2, offset=0, len=100}
2023-07-21 18:00:06,639 [BlockDeletingService#1] WARN  utils.BackgroundService (BackgroundService.java:lambda$run$0(130)) - BlockDeletingService Background task execution took 2551934ns > 1ns(timeout)
2023-07-21 18:00:06,734 [main] INFO  utils.BackgroundService (BackgroundService.java:shutdown(141)) - Shutting down service BlockDeletingService
2023-07-21 18:00:06,798 [main] INFO  utils.BackgroundService (BackgroundService.java:shutdown(141)) - Shutting down service BlockDeletingService
]]></system-out>
  </testcase>
  <testcase name="testBlockDeletionTimeout" classname="TestBlockDeletingService" time="0.325">
    <system-out><![CDATA[2023-07-21 18:00:08,623 [main] INFO  volume.HddsVolume (HddsVolume.java:<init>(126)) - Creating HddsVolume: /home/runner/work/ozone/ozone/hadoop-hdds/container-service/target/test-dir/TestBlockDeletingService/hdds of storage type : DISK capacity : 9223372036854775807
2023-07-21 18:00:08,625 [main] INFO  volume.MutableVolumeSet (MutableVolumeSet.java:initializeVolumeSet(175)) - Added Volume : /home/runner/work/ozone/ozone/hadoop-hdds/container-service/target/test-dir/TestBlockDeletingService/hdds to VolumeSet
2023-07-21 18:00:08,737 [BlockDeletingService#0] INFO  interfaces.ContainerDeletionChoosingPolicyTemplate (ContainerDeletionChoosingPolicyTemplate.java:chooseContainerForBlockDeletion(83)) - Chosen 3/0 blocks from 1 candidate containers.
2023-07-21 18:00:08,739 [BlockDeletingService#1] INFO  impl.FilePerBlockStrategy (FilePerBlockStrategy.java:deleteChunk(254)) - Deleted block file: /home/runner/work/ozone/ozone/hadoop-hdds/container-service/target/test-dir/TestBlockDeletingService/hdds/6335bccc-3002-482b-b782-1ef30e7575cc/current/containerDir1/110753376414859915/chunks/110753376418071180.block
2023-07-21 18:00:08,739 [BlockDeletingService#1] INFO  impl.FilePerBlockStrategy (FilePerBlockStrategy.java:deleteChunk(254)) - Deleted block file: /home/runner/work/ozone/ozone/hadoop-hdds/container-service/target/test-dir/TestBlockDeletingService/hdds/6335bccc-3002-482b-b782-1ef30e7575cc/current/containerDir1/110753376414859915/chunks/110753376418136717.block
2023-07-21 18:00:08,739 [BlockDeletingService#1] INFO  impl.FilePerBlockStrategy (FilePerBlockStrategy.java:deleteChunk(254)) - Deleted block file: /home/runner/work/ozone/ozone/hadoop-hdds/container-service/target/test-dir/TestBlockDeletingService/hdds/6335bccc-3002-482b-b782-1ef30e7575cc/current/containerDir1/110753376414859915/chunks/110753376418202254.block
2023-07-21 18:00:08,740 [BlockDeletingService#1] WARN  utils.BackgroundService (BackgroundService.java:lambda$run$0(130)) - BlockDeletingService Background task execution took 1974625ns > 1ns(timeout)
2023-07-21 18:00:08,836 [main] INFO  utils.BackgroundService (BackgroundService.java:shutdown(141)) - Shutting down service BlockDeletingService
2023-07-21 18:00:08,930 [main] INFO  utils.BackgroundService (BackgroundService.java:shutdown(141)) - Shutting down service BlockDeletingService
]]></system-out>
  </testcase>
  <testcase name="testBlockDeletionTimeout" classname="TestBlockDeletingService" time="0.312">
    <system-out><![CDATA[2023-07-21 18:00:10,684 [main] INFO  volume.HddsVolume (HddsVolume.java:<init>(126)) - Creating HddsVolume: /home/runner/work/ozone/ozone/hadoop-hdds/container-service/target/test-dir/TestBlockDeletingService/hdds of storage type : DISK capacity : 9223372036854775807
2023-07-21 18:00:10,686 [main] INFO  volume.MutableVolumeSet (MutableVolumeSet.java:initializeVolumeSet(175)) - Added Volume : /home/runner/work/ozone/ozone/hadoop-hdds/container-service/target/test-dir/TestBlockDeletingService/hdds to VolumeSet
2023-07-21 18:00:10,782 [BlockDeletingService#0] INFO  interfaces.ContainerDeletionChoosingPolicyTemplate (ContainerDeletionChoosingPolicyTemplate.java:chooseContainerForBlockDeletion(83)) - Chosen 3/0 blocks from 1 candidate containers.
2023-07-21 18:00:10,783 [BlockDeletingService#0] INFO  impl.FilePerBlockStrategy (FilePerBlockStrategy.java:deleteChunk(254)) - Deleted block file: /home/runner/work/ozone/ozone/hadoop-hdds/container-service/target/test-dir/TestBlockDeletingService/hdds/2f8076b2-cb82-43fd-945d-9968cee28189/current/containerDir1/110753376549995280/chunks/110753376552682257.block
2023-07-21 18:00:10,783 [BlockDeletingService#0] INFO  impl.FilePerBlockStrategy (FilePerBlockStrategy.java:deleteChunk(254)) - Deleted block file: /home/runner/work/ozone/ozone/hadoop-hdds/container-service/target/test-dir/TestBlockDeletingService/hdds/2f8076b2-cb82-43fd-945d-9968cee28189/current/containerDir1/110753376549995280/chunks/110753376552682258.block
2023-07-21 18:00:10,783 [BlockDeletingService#0] INFO  impl.FilePerBlockStrategy (FilePerBlockStrategy.java:deleteChunk(254)) - Deleted block file: /home/runner/work/ozone/ozone/hadoop-hdds/container-service/target/test-dir/TestBlockDeletingService/hdds/2f8076b2-cb82-43fd-945d-9968cee28189/current/containerDir1/110753376549995280/chunks/110753376552747795.block
2023-07-21 18:00:10,784 [BlockDeletingService#0] WARN  utils.BackgroundService (BackgroundService.java:lambda$run$0(130)) - BlockDeletingService Background task execution took 1380818ns > 1ns(timeout)
2023-07-21 18:00:10,881 [main] INFO  utils.BackgroundService (BackgroundService.java:shutdown(141)) - Shutting down service BlockDeletingService
2023-07-21 18:00:10,977 [main] INFO  utils.BackgroundService (BackgroundService.java:shutdown(141)) - Shutting down service BlockDeletingService
2023-07-21 18:00:10,979 [BlockDeletingService#0] INFO  interfaces.ContainerDeletionChoosingPolicyTemplate (ContainerDeletionChoosingPolicyTemplate.java:chooseContainerForBlockDeletion(83)) - Chosen 3/0 blocks from 1 candidate containers.
]]></system-out>
  </testcase>
  <testcase name="testBlockDeletionTimeout" classname="TestBlockDeletingService" time="0.309">
    <system-out><![CDATA[2023-07-21 18:00:13,556 [main] INFO  volume.HddsVolume (HddsVolume.java:<init>(126)) - Creating HddsVolume: /home/runner/work/ozone/ozone/hadoop-hdds/container-service/target/test-dir/TestBlockDeletingService/hdds of storage type : DISK capacity : 9223372036854775807
2023-07-21 18:00:13,558 [main] INFO  volume.MutableVolumeSet (MutableVolumeSet.java:initializeVolumeSet(175)) - Added Volume : /home/runner/work/ozone/ozone/hadoop-hdds/container-service/target/test-dir/TestBlockDeletingService/hdds to VolumeSet
2023-07-21 18:00:13,654 [BlockDeletingService#0] INFO  interfaces.ContainerDeletionChoosingPolicyTemplate (ContainerDeletionChoosingPolicyTemplate.java:chooseContainerForBlockDeletion(83)) - Chosen 3/0 blocks from 1 candidate containers.
2023-07-21 18:00:13,656 [BlockDeletingService#1] INFO  impl.FilePerBlockStrategy (FilePerBlockStrategy.java:deleteChunk(254)) - Deleted block file: /home/runner/work/ozone/ozone/hadoop-hdds/container-service/target/test-dir/TestBlockDeletingService/hdds/a25a0934-c1f3-436e-8aa5-8806e76a0246/current/containerDir1/110753376738345885/chunks/110753376740770718.block
2023-07-21 18:00:13,656 [BlockDeletingService#1] INFO  impl.FilePerBlockStrategy (FilePerBlockStrategy.java:deleteChunk(254)) - Deleted block file: /home/runner/work/ozone/ozone/hadoop-hdds/container-service/target/test-dir/TestBlockDeletingService/hdds/a25a0934-c1f3-436e-8aa5-8806e76a0246/current/containerDir1/110753376738345885/chunks/110753376740901791.block
2023-07-21 18:00:13,656 [BlockDeletingService#1] INFO  impl.FilePerBlockStrategy (FilePerBlockStrategy.java:deleteChunk(254)) - Deleted block file: /home/runner/work/ozone/ozone/hadoop-hdds/container-service/target/test-dir/TestBlockDeletingService/hdds/a25a0934-c1f3-436e-8aa5-8806e76a0246/current/containerDir1/110753376738345885/chunks/110753376740967328.block
2023-07-21 18:00:13,656 [BlockDeletingService#1] WARN  utils.BackgroundService (BackgroundService.java:lambda$run$0(130)) - BlockDeletingService Background task execution took 1797923ns > 1ns(timeout)
2023-07-21 18:00:13,753 [main] INFO  utils.BackgroundService (BackgroundService.java:shutdown(141)) - Shutting down service BlockDeletingService
2023-07-21 18:00:13,848 [main] INFO  utils.BackgroundService (BackgroundService.java:shutdown(141)) - Shutting down service BlockDeletingService
2023-07-21 18:00:13,849 [BlockDeletingService#0] INFO  interfaces.ContainerDeletionChoosingPolicyTemplate (ContainerDeletionChoosingPolicyTemplate.java:chooseContainerForBlockDeletion(83)) - Chosen 3/0 blocks from 1 candidate containers.
]]></system-out>
  </testcase>
  <testcase name="testBlockDeletionTimeout" classname="TestBlockDeletingService" time="0.273">
    <system-out><![CDATA[2023-07-21 18:00:16,486 [main] INFO  volume.HddsVolume (HddsVolume.java:<init>(126)) - Creating HddsVolume: /home/runner/work/ozone/ozone/hadoop-hdds/container-service/target/test-dir/TestBlockDeletingService/hdds of storage type : DISK capacity : 9223372036854775807
2023-07-21 18:00:16,488 [main] INFO  volume.MutableVolumeSet (MutableVolumeSet.java:initializeVolumeSet(175)) - Added Volume : /home/runner/work/ozone/ozone/hadoop-hdds/container-service/target/test-dir/TestBlockDeletingService/hdds to VolumeSet
2023-07-21 18:00:16,513 [BlockDeletingService#1] INFO  interfaces.ContainerDeletionChoosingPolicyTemplate (ContainerDeletionChoosingPolicyTemplate.java:chooseContainerForBlockDeletion(83)) - Chosen 0/3 blocks from 0 candidate containers.
2023-07-21 18:00:16,522 [main] INFO  utils.DatanodeStoreCache (DatanodeStoreCache.java:addDB(66)) - Added db /home/runner/work/ozone/ozone/hadoop-hdds/container-service/target/test-dir/TestBlockDeletingService/hdds/d8d195be-b332-4d90-825a-f0e2287fe5fd/DS-85d65e96-bfe6-4aec-9ef1-6833151d15cb/container.db to cache
2023-07-21 18:00:16,522 [main] INFO  volume.HddsVolume (HddsVolume.java:createDbStore(422)) - SchemaV3 db is created and loaded at /home/runner/work/ozone/ozone/hadoop-hdds/container-service/target/test-dir/TestBlockDeletingService/hdds/d8d195be-b332-4d90-825a-f0e2287fe5fd/DS-85d65e96-bfe6-4aec-9ef1-6833151d15cb/container.db for volume DS-85d65e96-bfe6-4aec-9ef1-6833151d15cb
2023-07-21 18:00:16,583 [BlockDeletingService#0] INFO  interfaces.ContainerDeletionChoosingPolicyTemplate (ContainerDeletionChoosingPolicyTemplate.java:chooseContainerForBlockDeletion(83)) - Chosen 3/0 blocks from 1 candidate containers.
2023-07-21 18:00:16,584 [BlockDeletingService#1] INFO  impl.FilePerBlockStrategy (FilePerBlockStrategy.java:deleteChunk(254)) - Deleted block file: /home/runner/work/ozone/ozone/hadoop-hdds/container-service/target/test-dir/TestBlockDeletingService/hdds/d8d195be-b332-4d90-825a-f0e2287fe5fd/current/containerDir2/110753376932463661/chunks/110753376932725806.block
2023-07-21 18:00:16,584 [BlockDeletingService#1] INFO  impl.FilePerBlockStrategy (FilePerBlockStrategy.java:deleteChunk(254)) - Deleted block file: /home/runner/work/ozone/ozone/hadoop-hdds/container-service/target/test-dir/TestBlockDeletingService/hdds/d8d195be-b332-4d90-825a-f0e2287fe5fd/current/containerDir2/110753376932463661/chunks/110753376932791343.block
2023-07-21 18:00:16,584 [BlockDeletingService#1] INFO  impl.FilePerBlockStrategy (FilePerBlockStrategy.java:deleteChunk(254)) - Deleted block file: /home/runner/work/ozone/ozone/hadoop-hdds/container-service/target/test-dir/TestBlockDeletingService/hdds/d8d195be-b332-4d90-825a-f0e2287fe5fd/current/containerDir2/110753376932463661/chunks/110753376932922416.block
2023-07-21 18:00:16,585 [BlockDeletingService#1] WARN  utils.BackgroundService (BackgroundService.java:lambda$run$0(130)) - BlockDeletingService Background task execution took 1705421ns > 1ns(timeout)
2023-07-21 18:00:16,682 [main] INFO  utils.BackgroundService (BackgroundService.java:shutdown(141)) - Shutting down service BlockDeletingService
2023-07-21 18:00:16,744 [main] INFO  utils.BackgroundService (BackgroundService.java:shutdown(141)) - Shutting down service BlockDeletingService
]]></system-out>
  </testcase>
  <testcase name="testBlockDeletion" classname="TestBlockDeletingService" time="0.46">
    <system-out><![CDATA[2023-07-21 17:59:58,552 [main] INFO  volume.HddsVolume (HddsVolume.java:<init>(126)) - Creating HddsVolume: /home/runner/work/ozone/ozone/hadoop-hdds/container-service/target/test-dir/TestBlockDeletingService/hdds of storage type : DISK capacity : 9223372036854775807
2023-07-21 17:59:58,554 [main] INFO  volume.MutableVolumeSet (MutableVolumeSet.java:initializeVolumeSet(175)) - Added Volume : /home/runner/work/ozone/ozone/hadoop-hdds/container-service/target/test-dir/TestBlockDeletingService/hdds to VolumeSet
2023-07-21 17:59:58,790 [BlockDeletingService#0] INFO  interfaces.ContainerDeletionChoosingPolicyTemplate (ContainerDeletionChoosingPolicyTemplate.java:chooseContainerForBlockDeletion(83)) - Chosen 2/0 blocks from 1 candidate containers.
2023-07-21 17:59:58,794 [BlockDeletingService#0] INFO  impl.FilePerChunkStrategy (FilePerChunkStrategy.java:deleteChunk(322)) - Deleted chunk file /home/runner/work/ozone/ozone/hadoop-hdds/container-service/target/test-dir/TestBlockDeletingService/hdds/b4d33b31-e2fc-4ca7-bfed-12d36c5b1394/current/containerDir0/110753375755042921/chunks/110753375757926506_chunk_0_block_0 (size 100) for chunk ChunkInfo{chunkName='110753375757926506_chunk_0_block_0, offset=0, len=100}
2023-07-21 17:59:58,795 [BlockDeletingService#0] INFO  impl.FilePerChunkStrategy (FilePerChunkStrategy.java:deleteChunk(322)) - Deleted chunk file /home/runner/work/ozone/ozone/hadoop-hdds/container-service/target/test-dir/TestBlockDeletingService/hdds/b4d33b31-e2fc-4ca7-bfed-12d36c5b1394/current/containerDir0/110753375755042921/chunks/110753375757992043_chunk_0_block_1 (size 100) for chunk ChunkInfo{chunkName='110753375757992043_chunk_0_block_1, offset=0, len=100}
2023-07-21 17:59:58,803 [BlockDeletingService#0] WARN  utils.BackgroundService (BackgroundService.java:lambda$run$0(130)) - BlockDeletingService Background task execution took 9785033ns > 0ns(timeout)
2023-07-21 17:59:58,894 [BlockDeletingService#1] INFO  interfaces.ContainerDeletionChoosingPolicyTemplate (ContainerDeletionChoosingPolicyTemplate.java:chooseContainerForBlockDeletion(83)) - Chosen 1/1 blocks from 1 candidate containers.
2023-07-21 17:59:58,896 [BlockDeletingService#0] INFO  impl.FilePerChunkStrategy (FilePerChunkStrategy.java:deleteChunk(322)) - Deleted chunk file /home/runner/work/ozone/ozone/hadoop-hdds/container-service/target/test-dir/TestBlockDeletingService/hdds/b4d33b31-e2fc-4ca7-bfed-12d36c5b1394/current/containerDir0/110753375755042921/chunks/110753375758254188_chunk_0_block_2 (size 100) for chunk ChunkInfo{chunkName='110753375758254188_chunk_0_block_2, offset=0, len=100}
2023-07-21 17:59:58,897 [BlockDeletingService#0] WARN  utils.BackgroundService (BackgroundService.java:lambda$run$0(130)) - BlockDeletingService Background task execution took 2029728ns > 0ns(timeout)
2023-07-21 17:59:58,988 [main] INFO  utils.BackgroundService (BackgroundService.java:shutdown(141)) - Shutting down service BlockDeletingService
]]></system-out>
  </testcase>
  <testcase name="testBlockDeletion" classname="TestBlockDeletingService" time="0.426">
    <system-out><![CDATA[2023-07-21 18:00:00,821 [main] INFO  volume.HddsVolume (HddsVolume.java:<init>(126)) - Creating HddsVolume: /home/runner/work/ozone/ozone/hadoop-hdds/container-service/target/test-dir/TestBlockDeletingService/hdds of storage type : DISK capacity : 9223372036854775807
2023-07-21 18:00:00,822 [main] INFO  volume.MutableVolumeSet (MutableVolumeSet.java:initializeVolumeSet(175)) - Added Volume : /home/runner/work/ozone/ozone/hadoop-hdds/container-service/target/test-dir/TestBlockDeletingService/hdds to VolumeSet
2023-07-21 18:00:01,024 [BlockDeletingService#0] INFO  interfaces.ContainerDeletionChoosingPolicyTemplate (ContainerDeletionChoosingPolicyTemplate.java:chooseContainerForBlockDeletion(83)) - Chosen 2/0 blocks from 1 candidate containers.
2023-07-21 18:00:01,026 [BlockDeletingService#0] INFO  impl.FilePerChunkStrategy (FilePerChunkStrategy.java:deleteChunk(322)) - Deleted chunk file /home/runner/work/ozone/ozone/hadoop-hdds/container-service/target/test-dir/TestBlockDeletingService/hdds/596db14d-4661-47ee-97b0-c952d1eeca24/current/containerDir128/110753375903482094/chunks/110753375905841391_chunk_0_block_0 (size 100) for chunk ChunkInfo{chunkName='110753375905841391_chunk_0_block_0, offset=0, len=100}
2023-07-21 18:00:01,027 [BlockDeletingService#0] INFO  impl.FilePerChunkStrategy (FilePerChunkStrategy.java:deleteChunk(322)) - Deleted chunk file /home/runner/work/ozone/ozone/hadoop-hdds/container-service/target/test-dir/TestBlockDeletingService/hdds/596db14d-4661-47ee-97b0-c952d1eeca24/current/containerDir128/110753375903482094/chunks/110753375906103536_chunk_0_block_1 (size 100) for chunk ChunkInfo{chunkName='110753375906103536_chunk_0_block_1, offset=0, len=100}
2023-07-21 18:00:01,028 [BlockDeletingService#0] WARN  utils.BackgroundService (BackgroundService.java:lambda$run$0(130)) - BlockDeletingService Background task execution took 3380345ns > 0ns(timeout)
2023-07-21 18:00:01,125 [BlockDeletingService#1] INFO  interfaces.ContainerDeletionChoosingPolicyTemplate (ContainerDeletionChoosingPolicyTemplate.java:chooseContainerForBlockDeletion(83)) - Chosen 1/1 blocks from 1 candidate containers.
2023-07-21 18:00:01,127 [BlockDeletingService#0] INFO  impl.FilePerChunkStrategy (FilePerChunkStrategy.java:deleteChunk(322)) - Deleted chunk file /home/runner/work/ozone/ozone/hadoop-hdds/container-service/target/test-dir/TestBlockDeletingService/hdds/596db14d-4661-47ee-97b0-c952d1eeca24/current/containerDir128/110753375903482094/chunks/110753375906169073_chunk_0_block_2 (size 100) for chunk ChunkInfo{chunkName='110753375906169073_chunk_0_block_2, offset=0, len=100}
2023-07-21 18:00:01,127 [BlockDeletingService#0] WARN  utils.BackgroundService (BackgroundService.java:lambda$run$0(130)) - BlockDeletingService Background task execution took 1580120ns > 0ns(timeout)
2023-07-21 18:00:01,223 [main] INFO  utils.BackgroundService (BackgroundService.java:shutdown(141)) - Shutting down service BlockDeletingService
]]></system-out>
  </testcase>
  <testcase name="testBlockDeletion" classname="TestBlockDeletingService" time="0.414">
    <system-out><![CDATA[2023-07-21 18:00:03,775 [main] INFO  volume.HddsVolume (HddsVolume.java:<init>(126)) - Creating HddsVolume: /home/runner/work/ozone/ozone/hadoop-hdds/container-service/target/test-dir/TestBlockDeletingService/hdds of storage type : DISK capacity : 9223372036854775807
2023-07-21 18:00:03,777 [main] INFO  volume.MutableVolumeSet (MutableVolumeSet.java:initializeVolumeSet(175)) - Added Volume : /home/runner/work/ozone/ozone/hadoop-hdds/container-service/target/test-dir/TestBlockDeletingService/hdds to VolumeSet
2023-07-21 18:00:03,972 [BlockDeletingService#0] INFO  interfaces.ContainerDeletionChoosingPolicyTemplate (ContainerDeletionChoosingPolicyTemplate.java:chooseContainerForBlockDeletion(83)) - Chosen 2/0 blocks from 1 candidate containers.
2023-07-21 18:00:03,978 [BlockDeletingService#0] INFO  impl.FilePerChunkStrategy (FilePerChunkStrategy.java:deleteChunk(322)) - Deleted chunk file /home/runner/work/ozone/ozone/hadoop-hdds/container-service/target/test-dir/TestBlockDeletingService/hdds/daa8dc16-a208-4354-b6a1-dd333c5252aa/current/containerDir128/110753376097206651/chunks/110753376099500412_chunk_0_block_0 (size 100) for chunk ChunkInfo{chunkName='110753376099500412_chunk_0_block_0, offset=0, len=100}
2023-07-21 18:00:03,978 [BlockDeletingService#0] INFO  impl.FilePerChunkStrategy (FilePerChunkStrategy.java:deleteChunk(322)) - Deleted chunk file /home/runner/work/ozone/ozone/hadoop-hdds/container-service/target/test-dir/TestBlockDeletingService/hdds/daa8dc16-a208-4354-b6a1-dd333c5252aa/current/containerDir128/110753376097206651/chunks/110753376099631485_chunk_0_block_1 (size 100) for chunk ChunkInfo{chunkName='110753376099631485_chunk_0_block_1, offset=0, len=100}
2023-07-21 18:00:03,979 [BlockDeletingService#0] WARN  utils.BackgroundService (BackgroundService.java:lambda$run$0(130)) - BlockDeletingService Background task execution took 6403685ns > 0ns(timeout)
2023-07-21 18:00:04,072 [BlockDeletingService#1] INFO  interfaces.ContainerDeletionChoosingPolicyTemplate (ContainerDeletionChoosingPolicyTemplate.java:chooseContainerForBlockDeletion(83)) - Chosen 1/1 blocks from 1 candidate containers.
2023-07-21 18:00:04,074 [BlockDeletingService#0] INFO  impl.FilePerChunkStrategy (FilePerChunkStrategy.java:deleteChunk(322)) - Deleted chunk file /home/runner/work/ozone/ozone/hadoop-hdds/container-service/target/test-dir/TestBlockDeletingService/hdds/daa8dc16-a208-4354-b6a1-dd333c5252aa/current/containerDir128/110753376097206651/chunks/110753376099762558_chunk_0_block_2 (size 100) for chunk ChunkInfo{chunkName='110753376099762558_chunk_0_block_2, offset=0, len=100}
2023-07-21 18:00:04,074 [BlockDeletingService#0] WARN  utils.BackgroundService (BackgroundService.java:lambda$run$0(130)) - BlockDeletingService Background task execution took 1765023ns > 0ns(timeout)
2023-07-21 18:00:04,171 [main] INFO  utils.BackgroundService (BackgroundService.java:shutdown(141)) - Shutting down service BlockDeletingService
]]></system-out>
  </testcase>
  <testcase name="testBlockDeletion" classname="TestBlockDeletingService" time="0.423">
    <system-out><![CDATA[2023-07-21 18:00:06,816 [main] INFO  volume.HddsVolume (HddsVolume.java:<init>(126)) - Creating HddsVolume: /home/runner/work/ozone/ozone/hadoop-hdds/container-service/target/test-dir/TestBlockDeletingService/hdds of storage type : DISK capacity : 9223372036854775807
2023-07-21 18:00:06,817 [main] INFO  volume.MutableVolumeSet (MutableVolumeSet.java:initializeVolumeSet(175)) - Added Volume : /home/runner/work/ozone/ozone/hadoop-hdds/container-service/target/test-dir/TestBlockDeletingService/hdds to VolumeSet
2023-07-21 18:00:06,851 [main] INFO  utils.DatanodeStoreCache (DatanodeStoreCache.java:addDB(66)) - Added db /home/runner/work/ozone/ozone/hadoop-hdds/container-service/target/test-dir/TestBlockDeletingService/hdds/bd408b98-1ae2-498a-973f-492c384e1e32/DS-158103d2-70d8-47c9-951f-2b61ada30cb7/container.db to cache
2023-07-21 18:00:06,851 [main] INFO  volume.HddsVolume (HddsVolume.java:createDbStore(422)) - SchemaV3 db is created and loaded at /home/runner/work/ozone/ozone/hadoop-hdds/container-service/target/test-dir/TestBlockDeletingService/hdds/bd408b98-1ae2-498a-973f-492c384e1e32/DS-158103d2-70d8-47c9-951f-2b61ada30cb7/container.db for volume DS-158103d2-70d8-47c9-951f-2b61ada30cb7
2023-07-21 18:00:07,019 [BlockDeletingService#0] INFO  interfaces.ContainerDeletionChoosingPolicyTemplate (ContainerDeletionChoosingPolicyTemplate.java:chooseContainerForBlockDeletion(83)) - Chosen 2/0 blocks from 1 candidate containers.
2023-07-21 18:00:07,021 [BlockDeletingService#0] INFO  impl.FilePerChunkStrategy (FilePerChunkStrategy.java:deleteChunk(322)) - Deleted chunk file /home/runner/work/ozone/ozone/hadoop-hdds/container-service/target/test-dir/TestBlockDeletingService/hdds/bd408b98-1ae2-498a-973f-492c384e1e32/current/containerDir1/110753376298729995/chunks/110753376298992140_chunk_0_block_0 (size 100) for chunk ChunkInfo{chunkName='110753376298992140_chunk_0_block_0, offset=0, len=100}
2023-07-21 18:00:07,021 [BlockDeletingService#0] INFO  impl.FilePerChunkStrategy (FilePerChunkStrategy.java:deleteChunk(322)) - Deleted chunk file /home/runner/work/ozone/ozone/hadoop-hdds/container-service/target/test-dir/TestBlockDeletingService/hdds/bd408b98-1ae2-498a-973f-492c384e1e32/current/containerDir1/110753376298729995/chunks/110753376299057677_chunk_0_block_1 (size 100) for chunk ChunkInfo{chunkName='110753376299057677_chunk_0_block_1, offset=0, len=100}
2023-07-21 18:00:07,022 [BlockDeletingService#0] WARN  utils.BackgroundService (BackgroundService.java:lambda$run$0(130)) - BlockDeletingService Background task execution took 2014227ns > 0ns(timeout)
2023-07-21 18:00:07,119 [BlockDeletingService#0] INFO  interfaces.ContainerDeletionChoosingPolicyTemplate (ContainerDeletionChoosingPolicyTemplate.java:chooseContainerForBlockDeletion(83)) - Chosen 1/1 blocks from 1 candidate containers.
2023-07-21 18:00:07,122 [BlockDeletingService#1] INFO  impl.FilePerChunkStrategy (FilePerChunkStrategy.java:deleteChunk(322)) - Deleted chunk file /home/runner/work/ozone/ozone/hadoop-hdds/container-service/target/test-dir/TestBlockDeletingService/hdds/bd408b98-1ae2-498a-973f-492c384e1e32/current/containerDir1/110753376298729995/chunks/110753376299123214_chunk_0_block_2 (size 100) for chunk ChunkInfo{chunkName='110753376299123214_chunk_0_block_2, offset=0, len=100}
2023-07-21 18:00:07,122 [BlockDeletingService#1] WARN  utils.BackgroundService (BackgroundService.java:lambda$run$0(130)) - BlockDeletingService Background task execution took 2873338ns > 0ns(timeout)
2023-07-21 18:00:07,222 [main] INFO  utils.BackgroundService (BackgroundService.java:shutdown(141)) - Shutting down service BlockDeletingService
]]></system-out>
  </testcase>
  <testcase name="testBlockDeletion" classname="TestBlockDeletingService" time="0.414">
    <system-out><![CDATA[2023-07-21 18:00:08,948 [main] INFO  volume.HddsVolume (HddsVolume.java:<init>(126)) - Creating HddsVolume: /home/runner/work/ozone/ozone/hadoop-hdds/container-service/target/test-dir/TestBlockDeletingService/hdds of storage type : DISK capacity : 9223372036854775807
2023-07-21 18:00:08,950 [main] INFO  volume.MutableVolumeSet (MutableVolumeSet.java:initializeVolumeSet(175)) - Added Volume : /home/runner/work/ozone/ozone/hadoop-hdds/container-service/target/test-dir/TestBlockDeletingService/hdds to VolumeSet
2023-07-21 18:00:09,147 [BlockDeletingService#0] INFO  interfaces.ContainerDeletionChoosingPolicyTemplate (ContainerDeletionChoosingPolicyTemplate.java:chooseContainerForBlockDeletion(83)) - Chosen 2/0 blocks from 1 candidate containers.
2023-07-21 18:00:09,148 [BlockDeletingService#0] INFO  impl.FilePerBlockStrategy (FilePerBlockStrategy.java:deleteChunk(254)) - Deleted block file: /home/runner/work/ozone/ozone/hadoop-hdds/container-service/target/test-dir/TestBlockDeletingService/hdds/f513ffcb-e754-4e1e-b883-b04cb0399c4e/current/containerDir129/110753376436290195/chunks/110753376438780564.block
2023-07-21 18:00:09,149 [BlockDeletingService#0] INFO  impl.FilePerBlockStrategy (FilePerBlockStrategy.java:deleteChunk(254)) - Deleted block file: /home/runner/work/ozone/ozone/hadoop-hdds/container-service/target/test-dir/TestBlockDeletingService/hdds/f513ffcb-e754-4e1e-b883-b04cb0399c4e/current/containerDir129/110753376436290195/chunks/110753376438846101.block
2023-07-21 18:00:09,149 [BlockDeletingService#0] WARN  utils.BackgroundService (BackgroundService.java:lambda$run$0(130)) - BlockDeletingService Background task execution took 1519820ns > 0ns(timeout)
2023-07-21 18:00:09,247 [BlockDeletingService#1] INFO  interfaces.ContainerDeletionChoosingPolicyTemplate (ContainerDeletionChoosingPolicyTemplate.java:chooseContainerForBlockDeletion(83)) - Chosen 1/1 blocks from 1 candidate containers.
2023-07-21 18:00:09,248 [BlockDeletingService#0] INFO  impl.FilePerBlockStrategy (FilePerBlockStrategy.java:deleteChunk(254)) - Deleted block file: /home/runner/work/ozone/ozone/hadoop-hdds/container-service/target/test-dir/TestBlockDeletingService/hdds/f513ffcb-e754-4e1e-b883-b04cb0399c4e/current/containerDir129/110753376436290195/chunks/110753376438977174.block
2023-07-21 18:00:09,249 [BlockDeletingService#0] WARN  utils.BackgroundService (BackgroundService.java:lambda$run$0(130)) - BlockDeletingService Background task execution took 1263916ns > 0ns(timeout)
2023-07-21 18:00:09,346 [main] INFO  utils.BackgroundService (BackgroundService.java:shutdown(141)) - Shutting down service BlockDeletingService
]]></system-out>
  </testcase>
  <testcase name="testBlockDeletion" classname="TestBlockDeletingService" time="0.41">
    <system-out><![CDATA[2023-07-21 18:00:10,995 [main] INFO  volume.HddsVolume (HddsVolume.java:<init>(126)) - Creating HddsVolume: /home/runner/work/ozone/ozone/hadoop-hdds/container-service/target/test-dir/TestBlockDeletingService/hdds of storage type : DISK capacity : 9223372036854775807
2023-07-21 18:00:10,997 [main] INFO  volume.MutableVolumeSet (MutableVolumeSet.java:initializeVolumeSet(175)) - Added Volume : /home/runner/work/ozone/ozone/hadoop-hdds/container-service/target/test-dir/TestBlockDeletingService/hdds to VolumeSet
2023-07-21 18:00:11,192 [BlockDeletingService#0] INFO  interfaces.ContainerDeletionChoosingPolicyTemplate (ContainerDeletionChoosingPolicyTemplate.java:chooseContainerForBlockDeletion(83)) - Chosen 2/0 blocks from 1 candidate containers.
2023-07-21 18:00:11,193 [BlockDeletingService#0] INFO  impl.FilePerBlockStrategy (FilePerBlockStrategy.java:deleteChunk(254)) - Deleted block file: /home/runner/work/ozone/ozone/hadoop-hdds/container-service/target/test-dir/TestBlockDeletingService/hdds/6acb3322-e5e6-4e26-8f60-6646350c487d/current/containerDir1/110753376570311448/chunks/110753376572670745.block
2023-07-21 18:00:11,193 [BlockDeletingService#0] INFO  impl.FilePerBlockStrategy (FilePerBlockStrategy.java:deleteChunk(254)) - Deleted block file: /home/runner/work/ozone/ozone/hadoop-hdds/container-service/target/test-dir/TestBlockDeletingService/hdds/6acb3322-e5e6-4e26-8f60-6646350c487d/current/containerDir1/110753376570311448/chunks/110753376572801818.block
2023-07-21 18:00:11,194 [BlockDeletingService#0] WARN  utils.BackgroundService (BackgroundService.java:lambda$run$0(130)) - BlockDeletingService Background task execution took 1499519ns > 0ns(timeout)
2023-07-21 18:00:11,292 [BlockDeletingService#1] INFO  interfaces.ContainerDeletionChoosingPolicyTemplate (ContainerDeletionChoosingPolicyTemplate.java:chooseContainerForBlockDeletion(83)) - Chosen 1/1 blocks from 1 candidate containers.
2023-07-21 18:00:11,293 [BlockDeletingService#0] INFO  impl.FilePerBlockStrategy (FilePerBlockStrategy.java:deleteChunk(254)) - Deleted block file: /home/runner/work/ozone/ozone/hadoop-hdds/container-service/target/test-dir/TestBlockDeletingService/hdds/6acb3322-e5e6-4e26-8f60-6646350c487d/current/containerDir1/110753376570311448/chunks/110753376572867355.block
2023-07-21 18:00:11,293 [BlockDeletingService#0] WARN  utils.BackgroundService (BackgroundService.java:lambda$run$0(130)) - BlockDeletingService Background task execution took 1236915ns > 0ns(timeout)
2023-07-21 18:00:11,391 [main] INFO  utils.BackgroundService (BackgroundService.java:shutdown(141)) - Shutting down service BlockDeletingService
]]></system-out>
  </testcase>
  <testcase name="testBlockDeletion" classname="TestBlockDeletingService" time="0.435">
    <system-out><![CDATA[2023-07-21 18:00:13,866 [main] INFO  volume.HddsVolume (HddsVolume.java:<init>(126)) - Creating HddsVolume: /home/runner/work/ozone/ozone/hadoop-hdds/container-service/target/test-dir/TestBlockDeletingService/hdds of storage type : DISK capacity : 9223372036854775807
2023-07-21 18:00:13,868 [main] INFO  volume.MutableVolumeSet (MutableVolumeSet.java:initializeVolumeSet(175)) - Added Volume : /home/runner/work/ozone/ozone/hadoop-hdds/container-service/target/test-dir/TestBlockDeletingService/hdds to VolumeSet
2023-07-21 18:00:14,085 [BlockDeletingService#0] INFO  interfaces.ContainerDeletionChoosingPolicyTemplate (ContainerDeletionChoosingPolicyTemplate.java:chooseContainerForBlockDeletion(83)) - Chosen 2/0 blocks from 1 candidate containers.
2023-07-21 18:00:14,086 [BlockDeletingService#0] INFO  impl.FilePerBlockStrategy (FilePerBlockStrategy.java:deleteChunk(254)) - Deleted block file: /home/runner/work/ozone/ozone/hadoop-hdds/container-service/target/test-dir/TestBlockDeletingService/hdds/62813b90-f6ae-47db-9deb-58eef546f0f7/current/containerDir1/110753376759448485/chunks/110753376762135462.block
2023-07-21 18:00:14,086 [BlockDeletingService#0] INFO  impl.FilePerBlockStrategy (FilePerBlockStrategy.java:deleteChunk(254)) - Deleted block file: /home/runner/work/ozone/ozone/hadoop-hdds/container-service/target/test-dir/TestBlockDeletingService/hdds/62813b90-f6ae-47db-9deb-58eef546f0f7/current/containerDir1/110753376759448485/chunks/110753376762266535.block
2023-07-21 18:00:14,087 [BlockDeletingService#0] WARN  utils.BackgroundService (BackgroundService.java:lambda$run$0(130)) - BlockDeletingService Background task execution took 1282817ns > 0ns(timeout)
2023-07-21 18:00:14,185 [BlockDeletingService#1] INFO  interfaces.ContainerDeletionChoosingPolicyTemplate (ContainerDeletionChoosingPolicyTemplate.java:chooseContainerForBlockDeletion(83)) - Chosen 1/1 blocks from 1 candidate containers.
2023-07-21 18:00:14,186 [BlockDeletingService#0] INFO  impl.FilePerBlockStrategy (FilePerBlockStrategy.java:deleteChunk(254)) - Deleted block file: /home/runner/work/ozone/ozone/hadoop-hdds/container-service/target/test-dir/TestBlockDeletingService/hdds/62813b90-f6ae-47db-9deb-58eef546f0f7/current/containerDir1/110753376759448485/chunks/110753376762397608.block
2023-07-21 18:00:14,187 [BlockDeletingService#0] WARN  utils.BackgroundService (BackgroundService.java:lambda$run$0(130)) - BlockDeletingService Background task execution took 1158415ns > 0ns(timeout)
2023-07-21 18:00:14,285 [main] INFO  utils.BackgroundService (BackgroundService.java:shutdown(141)) - Shutting down service BlockDeletingService
]]></system-out>
  </testcase>
  <testcase name="testBlockDeletion" classname="TestBlockDeletingService" time="0.413">
    <system-out><![CDATA[2023-07-21 18:00:16,759 [main] INFO  volume.HddsVolume (HddsVolume.java:<init>(126)) - Creating HddsVolume: /home/runner/work/ozone/ozone/hadoop-hdds/container-service/target/test-dir/TestBlockDeletingService/hdds of storage type : DISK capacity : 9223372036854775807
2023-07-21 18:00:16,761 [main] INFO  volume.MutableVolumeSet (MutableVolumeSet.java:initializeVolumeSet(175)) - Added Volume : /home/runner/work/ozone/ozone/hadoop-hdds/container-service/target/test-dir/TestBlockDeletingService/hdds to VolumeSet
2023-07-21 18:00:16,795 [main] INFO  utils.DatanodeStoreCache (DatanodeStoreCache.java:addDB(66)) - Added db /home/runner/work/ozone/ozone/hadoop-hdds/container-service/target/test-dir/TestBlockDeletingService/hdds/6003438e-61f6-4cd5-9e73-2f5e570b87ee/DS-3015b46a-6a67-4615-a056-001781524d2c/container.db to cache
2023-07-21 18:00:16,795 [main] INFO  volume.HddsVolume (HddsVolume.java:createDbStore(422)) - SchemaV3 db is created and loaded at /home/runner/work/ozone/ozone/hadoop-hdds/container-service/target/test-dir/TestBlockDeletingService/hdds/6003438e-61f6-4cd5-9e73-2f5e570b87ee/DS-3015b46a-6a67-4615-a056-001781524d2c/container.db for volume DS-3015b46a-6a67-4615-a056-001781524d2c
2023-07-21 18:00:16,956 [BlockDeletingService#0] INFO  interfaces.ContainerDeletionChoosingPolicyTemplate (ContainerDeletionChoosingPolicyTemplate.java:chooseContainerForBlockDeletion(83)) - Chosen 2/0 blocks from 1 candidate containers.
2023-07-21 18:00:16,957 [BlockDeletingService#0] INFO  impl.FilePerBlockStrategy (FilePerBlockStrategy.java:deleteChunk(254)) - Deleted block file: /home/runner/work/ozone/ozone/hadoop-hdds/container-service/target/test-dir/TestBlockDeletingService/hdds/6003438e-61f6-4cd5-9e73-2f5e570b87ee/current/containerDir2/110753376950289461/chunks/110753376950486070.block
2023-07-21 18:00:16,958 [BlockDeletingService#0] INFO  impl.FilePerBlockStrategy (FilePerBlockStrategy.java:deleteChunk(254)) - Deleted block file: /home/runner/work/ozone/ozone/hadoop-hdds/container-service/target/test-dir/TestBlockDeletingService/hdds/6003438e-61f6-4cd5-9e73-2f5e570b87ee/current/containerDir2/110753376950289461/chunks/110753376950617143.block
2023-07-21 18:00:16,958 [BlockDeletingService#0] WARN  utils.BackgroundService (BackgroundService.java:lambda$run$0(130)) - BlockDeletingService Background task execution took 1203315ns > 0ns(timeout)
2023-07-21 18:00:17,058 [BlockDeletingService#1] INFO  interfaces.ContainerDeletionChoosingPolicyTemplate (ContainerDeletionChoosingPolicyTemplate.java:chooseContainerForBlockDeletion(83)) - Chosen 1/1 blocks from 1 candidate containers.
2023-07-21 18:00:17,059 [BlockDeletingService#0] INFO  impl.FilePerBlockStrategy (FilePerBlockStrategy.java:deleteChunk(254)) - Deleted block file: /home/runner/work/ozone/ozone/hadoop-hdds/container-service/target/test-dir/TestBlockDeletingService/hdds/6003438e-61f6-4cd5-9e73-2f5e570b87ee/current/containerDir2/110753376950289461/chunks/110753376950682680.block
2023-07-21 18:00:17,060 [BlockDeletingService#0] WARN  utils.BackgroundService (BackgroundService.java:lambda$run$0(130)) - BlockDeletingService Background task execution took 1373717ns > 0ns(timeout)
2023-07-21 18:00:17,156 [main] INFO  utils.BackgroundService (BackgroundService.java:shutdown(141)) - Shutting down service BlockDeletingService
]]></system-out>
  </testcase>
  <testcase name="testBlockThrottle" classname="TestBlockDeletingService" time="0.879">
    <system-out><![CDATA[2023-07-21 17:59:59,012 [main] INFO  volume.HddsVolume (HddsVolume.java:<init>(126)) - Creating HddsVolume: /home/runner/work/ozone/ozone/hadoop-hdds/container-service/target/test-dir/TestBlockDeletingService/hdds of storage type : DISK capacity : 9223372036854775807
2023-07-21 17:59:59,018 [main] INFO  volume.MutableVolumeSet (MutableVolumeSet.java:initializeVolumeSet(175)) - Added Volume : /home/runner/work/ozone/ozone/hadoop-hdds/container-service/target/test-dir/TestBlockDeletingService/hdds to VolumeSet
2023-07-21 17:59:59,501 [BlockDeletingService#2] INFO  interfaces.ContainerDeletionChoosingPolicyTemplate (ContainerDeletionChoosingPolicyTemplate.java:chooseContainerForBlockDeletion(83)) - Chosen 0/3 blocks from 0 candidate containers.
2023-07-21 17:59:59,655 [BlockDeletingService#0] INFO  interfaces.ContainerDeletionChoosingPolicyTemplate (ContainerDeletionChoosingPolicyTemplate.java:chooseContainerForBlockDeletion(83)) - Chosen 10/0 blocks from 5 candidate containers.
2023-07-21 17:59:59,666 [BlockDeletingService#1] INFO  impl.FilePerChunkStrategy (FilePerChunkStrategy.java:deleteChunk(322)) - Deleted chunk file /home/runner/work/ozone/ozone/hadoop-hdds/container-service/target/test-dir/TestBlockDeletingService/hdds/a1cc835d-c19b-4eef-99b1-c895384c953f/current/containerDir0/110753375806161017/chunks/110753375809372282_chunk_0_block_0 (size 100) for chunk ChunkInfo{chunkName='110753375809372282_chunk_0_block_0, offset=0, len=100}
2023-07-21 17:59:59,666 [BlockDeletingService#1] INFO  impl.FilePerChunkStrategy (FilePerChunkStrategy.java:deleteChunk(322)) - Deleted chunk file /home/runner/work/ozone/ozone/hadoop-hdds/container-service/target/test-dir/TestBlockDeletingService/hdds/a1cc835d-c19b-4eef-99b1-c895384c953f/current/containerDir0/110753375806161017/chunks/110753375809568891_chunk_0_block_1 (size 100) for chunk ChunkInfo{chunkName='110753375809568891_chunk_0_block_1, offset=0, len=100}
2023-07-21 17:59:59,667 [BlockDeletingService#1] INFO  impl.FilePerChunkStrategy (FilePerChunkStrategy.java:deleteChunk(322)) - Deleted chunk file /home/runner/work/ozone/ozone/hadoop-hdds/container-service/target/test-dir/TestBlockDeletingService/hdds/a1cc835d-c19b-4eef-99b1-c895384c953f/current/containerDir0/110753375806161017/chunks/110753375809699964_chunk_0_block_2 (size 100) for chunk ChunkInfo{chunkName='110753375809699964_chunk_0_block_2, offset=0, len=100}
2023-07-21 17:59:59,669 [BlockDeletingService#0] INFO  impl.FilePerChunkStrategy (FilePerChunkStrategy.java:deleteChunk(322)) - Deleted chunk file /home/runner/work/ozone/ozone/hadoop-hdds/container-service/target/test-dir/TestBlockDeletingService/hdds/a1cc835d-c19b-4eef-99b1-c895384c953f/current/containerDir0/110753375786106989/chunks/110753375788728430_chunk_0_block_0 (size 100) for chunk ChunkInfo{chunkName='110753375788728430_chunk_0_block_0, offset=0, len=100}
2023-07-21 17:59:59,670 [BlockDeletingService#0] INFO  impl.FilePerChunkStrategy (FilePerChunkStrategy.java:deleteChunk(322)) - Deleted chunk file /home/runner/work/ozone/ozone/hadoop-hdds/container-service/target/test-dir/TestBlockDeletingService/hdds/a1cc835d-c19b-4eef-99b1-c895384c953f/current/containerDir0/110753375786106989/chunks/110753375789056111_chunk_0_block_1 (size 100) for chunk ChunkInfo{chunkName='110753375789056111_chunk_0_block_1, offset=0, len=100}
2023-07-21 17:59:59,670 [BlockDeletingService#0] INFO  impl.FilePerChunkStrategy (FilePerChunkStrategy.java:deleteChunk(322)) - Deleted chunk file /home/runner/work/ozone/ozone/hadoop-hdds/container-service/target/test-dir/TestBlockDeletingService/hdds/a1cc835d-c19b-4eef-99b1-c895384c953f/current/containerDir0/110753375786106989/chunks/110753375789252720_chunk_0_block_2 (size 100) for chunk ChunkInfo{chunkName='110753375789252720_chunk_0_block_2, offset=0, len=100}
2023-07-21 17:59:59,670 [BlockDeletingService#2] INFO  impl.FilePerChunkStrategy (FilePerChunkStrategy.java:deleteChunk(322)) - Deleted chunk file /home/runner/work/ozone/ozone/hadoop-hdds/container-service/target/test-dir/TestBlockDeletingService/hdds/a1cc835d-c19b-4eef-99b1-c895384c953f/current/containerDir0/110753375800000629/chunks/110753375802687606_chunk_0_block_0 (size 100) for chunk ChunkInfo{chunkName='110753375802687606_chunk_0_block_0, offset=0, len=100}
2023-07-21 17:59:59,671 [BlockDeletingService#2] WARN  utils.BackgroundService (BackgroundService.java:lambda$run$0(130)) - BlockDeletingService Background task execution took 14738800ns > 0ns(timeout)
2023-07-21 17:59:59,672 [BlockDeletingService#0] WARN  utils.BackgroundService (BackgroundService.java:lambda$run$0(130)) - BlockDeletingService Background task execution took 9907234ns > 0ns(timeout)
2023-07-21 17:59:59,673 [BlockDeletingService#1] WARN  utils.BackgroundService (BackgroundService.java:lambda$run$0(130)) - BlockDeletingService Background task execution took 16848429ns > 0ns(timeout)
2023-07-21 17:59:59,673 [BlockDeletingService#3] INFO  impl.FilePerChunkStrategy (FilePerChunkStrategy.java:deleteChunk(322)) - Deleted chunk file /home/runner/work/ozone/ozone/hadoop-hdds/container-service/target/test-dir/TestBlockDeletingService/hdds/a1cc835d-c19b-4eef-99b1-c895384c953f/current/containerDir0/110753375813107837/chunks/110753375815991422_chunk_0_block_0 (size 100) for chunk ChunkInfo{chunkName='110753375815991422_chunk_0_block_0, offset=0, len=100}
2023-07-21 17:59:59,674 [BlockDeletingService#3] INFO  impl.FilePerChunkStrategy (FilePerChunkStrategy.java:deleteChunk(322)) - Deleted chunk file /home/runner/work/ozone/ozone/hadoop-hdds/container-service/target/test-dir/TestBlockDeletingService/hdds/a1cc835d-c19b-4eef-99b1-c895384c953f/current/containerDir0/110753375813107837/chunks/110753375816122495_chunk_0_block_1 (size 100) for chunk ChunkInfo{chunkName='110753375816122495_chunk_0_block_1, offset=0, len=100}
2023-07-21 17:59:59,674 [BlockDeletingService#3] INFO  impl.FilePerChunkStrategy (FilePerChunkStrategy.java:deleteChunk(322)) - Deleted chunk file /home/runner/work/ozone/ozone/hadoop-hdds/container-service/target/test-dir/TestBlockDeletingService/hdds/a1cc835d-c19b-4eef-99b1-c895384c953f/current/containerDir0/110753375813107837/chunks/110753375816253568_chunk_0_block_2 (size 100) for chunk ChunkInfo{chunkName='110753375816253568_chunk_0_block_2, offset=0, len=100}
2023-07-21 17:59:59,675 [BlockDeletingService#3] WARN  utils.BackgroundService (BackgroundService.java:lambda$run$0(130)) - BlockDeletingService Background task execution took 12775474ns > 0ns(timeout)
2023-07-21 17:59:59,765 [BlockDeletingService#2] INFO  interfaces.ContainerDeletionChoosingPolicyTemplate (ContainerDeletionChoosingPolicyTemplate.java:chooseContainerForBlockDeletion(83)) - Chosen 5/5 blocks from 2 candidate containers.
2023-07-21 17:59:59,768 [BlockDeletingService#4] INFO  impl.FilePerChunkStrategy (FilePerChunkStrategy.java:deleteChunk(322)) - Deleted chunk file /home/runner/work/ozone/ozone/hadoop-hdds/container-service/target/test-dir/TestBlockDeletingService/hdds/a1cc835d-c19b-4eef-99b1-c895384c953f/current/containerDir0/110753375800000629/chunks/110753375802818679_chunk_0_block_1 (size 100) for chunk ChunkInfo{chunkName='110753375802818679_chunk_0_block_1, offset=0, len=100}
2023-07-21 17:59:59,768 [BlockDeletingService#4] INFO  impl.FilePerChunkStrategy (FilePerChunkStrategy.java:deleteChunk(322)) - Deleted chunk file /home/runner/work/ozone/ozone/hadoop-hdds/container-service/target/test-dir/TestBlockDeletingService/hdds/a1cc835d-c19b-4eef-99b1-c895384c953f/current/containerDir0/110753375800000629/chunks/110753375802884216_chunk_0_block_2 (size 100) for chunk ChunkInfo{chunkName='110753375802884216_chunk_0_block_2, offset=0, len=100}
2023-07-21 17:59:59,768 [BlockDeletingService#0] INFO  impl.FilePerChunkStrategy (FilePerChunkStrategy.java:deleteChunk(322)) - Deleted chunk file /home/runner/work/ozone/ozone/hadoop-hdds/container-service/target/test-dir/TestBlockDeletingService/hdds/a1cc835d-c19b-4eef-99b1-c895384c953f/current/containerDir0/110753375792660593/chunks/110753375795282034_chunk_0_block_0 (size 100) for chunk ChunkInfo{chunkName='110753375795282034_chunk_0_block_0, offset=0, len=100}
2023-07-21 17:59:59,769 [BlockDeletingService#0] INFO  impl.FilePerChunkStrategy (FilePerChunkStrategy.java:deleteChunk(322)) - Deleted chunk file /home/runner/work/ozone/ozone/hadoop-hdds/container-service/target/test-dir/TestBlockDeletingService/hdds/a1cc835d-c19b-4eef-99b1-c895384c953f/current/containerDir0/110753375792660593/chunks/110753375795675251_chunk_0_block_1 (size 100) for chunk ChunkInfo{chunkName='110753375795675251_chunk_0_block_1, offset=0, len=100}
2023-07-21 17:59:59,769 [BlockDeletingService#0] INFO  impl.FilePerChunkStrategy (FilePerChunkStrategy.java:deleteChunk(322)) - Deleted chunk file /home/runner/work/ozone/ozone/hadoop-hdds/container-service/target/test-dir/TestBlockDeletingService/hdds/a1cc835d-c19b-4eef-99b1-c895384c953f/current/containerDir0/110753375792660593/chunks/110753375795806324_chunk_0_block_2 (size 100) for chunk ChunkInfo{chunkName='110753375795806324_chunk_0_block_2, offset=0, len=100}
2023-07-21 17:59:59,770 [BlockDeletingService#0] WARN  utils.BackgroundService (BackgroundService.java:lambda$run$0(130)) - BlockDeletingService Background task execution took 4686764ns > 0ns(timeout)
2023-07-21 17:59:59,771 [BlockDeletingService#4] WARN  utils.BackgroundService (BackgroundService.java:lambda$run$0(130)) - BlockDeletingService Background task execution took 4458161ns > 0ns(timeout)
2023-07-21 17:59:59,858 [Time-limited test] INFO  utils.BackgroundService (BackgroundService.java:shutdown(141)) - Shutting down service BlockDeletingService
]]></system-out>
  </testcase>
  <testcase name="testBlockThrottle" classname="TestBlockDeletingService" time="0.831">
    <system-out><![CDATA[2023-07-21 18:00:01,249 [main] INFO  volume.HddsVolume (HddsVolume.java:<init>(126)) - Creating HddsVolume: /home/runner/work/ozone/ozone/hadoop-hdds/container-service/target/test-dir/TestBlockDeletingService/hdds of storage type : DISK capacity : 9223372036854775807
2023-07-21 18:00:01,251 [main] INFO  volume.MutableVolumeSet (MutableVolumeSet.java:initializeVolumeSet(175)) - Added Volume : /home/runner/work/ozone/ozone/hadoop-hdds/container-service/target/test-dir/TestBlockDeletingService/hdds to VolumeSet
2023-07-21 18:00:01,502 [BlockDeletingService#0] INFO  interfaces.ContainerDeletionChoosingPolicyTemplate (ContainerDeletionChoosingPolicyTemplate.java:chooseContainerForBlockDeletion(83)) - Chosen 0/3 blocks from 0 candidate containers.
2023-07-21 18:00:01,844 [BlockDeletingService#0] INFO  interfaces.ContainerDeletionChoosingPolicyTemplate (ContainerDeletionChoosingPolicyTemplate.java:chooseContainerForBlockDeletion(83)) - Chosen 10/0 blocks from 5 candidate containers.
2023-07-21 18:00:01,853 [BlockDeletingService#1] INFO  impl.FilePerChunkStrategy (FilePerChunkStrategy.java:deleteChunk(322)) - Deleted chunk file /home/runner/work/ozone/ozone/hadoop-hdds/container-service/target/test-dir/TestBlockDeletingService/hdds/8953d212-c7f4-47b4-a1c4-f4d1016aec18/current/containerDir128/110753375952109822/chunks/110753375954338047_chunk_0_block_0 (size 100) for chunk ChunkInfo{chunkName='110753375954338047_chunk_0_block_0, offset=0, len=100}
2023-07-21 18:00:01,853 [BlockDeletingService#0] INFO  impl.FilePerChunkStrategy (FilePerChunkStrategy.java:deleteChunk(322)) - Deleted chunk file /home/runner/work/ozone/ozone/hadoop-hdds/container-service/target/test-dir/TestBlockDeletingService/hdds/8953d212-c7f4-47b4-a1c4-f4d1016aec18/current/containerDir128/110753375957876994/chunks/110753375960170755_chunk_0_block_0 (size 100) for chunk ChunkInfo{chunkName='110753375960170755_chunk_0_block_0, offset=0, len=100}
2023-07-21 18:00:01,854 [BlockDeletingService#1] INFO  impl.FilePerChunkStrategy (FilePerChunkStrategy.java:deleteChunk(322)) - Deleted chunk file /home/runner/work/ozone/ozone/hadoop-hdds/container-service/target/test-dir/TestBlockDeletingService/hdds/8953d212-c7f4-47b4-a1c4-f4d1016aec18/current/containerDir128/110753375952109822/chunks/110753375954469120_chunk_0_block_1 (size 100) for chunk ChunkInfo{chunkName='110753375954469120_chunk_0_block_1, offset=0, len=100}
2023-07-21 18:00:01,854 [BlockDeletingService#0] INFO  impl.FilePerChunkStrategy (FilePerChunkStrategy.java:deleteChunk(322)) - Deleted chunk file /home/runner/work/ozone/ozone/hadoop-hdds/container-service/target/test-dir/TestBlockDeletingService/hdds/8953d212-c7f4-47b4-a1c4-f4d1016aec18/current/containerDir128/110753375957876994/chunks/110753375960236292_chunk_0_block_1 (size 100) for chunk ChunkInfo{chunkName='110753375960236292_chunk_0_block_1, offset=0, len=100}
2023-07-21 18:00:01,854 [BlockDeletingService#1] INFO  impl.FilePerChunkStrategy (FilePerChunkStrategy.java:deleteChunk(322)) - Deleted chunk file /home/runner/work/ozone/ozone/hadoop-hdds/container-service/target/test-dir/TestBlockDeletingService/hdds/8953d212-c7f4-47b4-a1c4-f4d1016aec18/current/containerDir128/110753375952109822/chunks/110753375954534657_chunk_0_block_2 (size 100) for chunk ChunkInfo{chunkName='110753375954534657_chunk_0_block_2, offset=0, len=100}
2023-07-21 18:00:01,854 [BlockDeletingService#0] INFO  impl.FilePerChunkStrategy (FilePerChunkStrategy.java:deleteChunk(322)) - Deleted chunk file /home/runner/work/ozone/ozone/hadoop-hdds/container-service/target/test-dir/TestBlockDeletingService/hdds/8953d212-c7f4-47b4-a1c4-f4d1016aec18/current/containerDir128/110753375957876994/chunks/110753375960301829_chunk_0_block_2 (size 100) for chunk ChunkInfo{chunkName='110753375960301829_chunk_0_block_2, offset=0, len=100}
2023-07-21 18:00:01,853 [BlockDeletingService#2] INFO  impl.FilePerChunkStrategy (FilePerChunkStrategy.java:deleteChunk(322)) - Deleted chunk file /home/runner/work/ozone/ozone/hadoop-hdds/container-service/target/test-dir/TestBlockDeletingService/hdds/8953d212-c7f4-47b4-a1c4-f4d1016aec18/current/containerDir128/110753375945949434/chunks/110753375948636411_chunk_0_block_0 (size 100) for chunk ChunkInfo{chunkName='110753375948636411_chunk_0_block_0, offset=0, len=100}
2023-07-21 18:00:01,857 [BlockDeletingService#0] WARN  utils.BackgroundService (BackgroundService.java:lambda$run$0(130)) - BlockDeletingService Background task execution took 11292749ns > 0ns(timeout)
2023-07-21 18:00:01,857 [BlockDeletingService#1] WARN  utils.BackgroundService (BackgroundService.java:lambda$run$0(130)) - BlockDeletingService Background task execution took 12108960ns > 0ns(timeout)
2023-07-21 18:00:01,857 [BlockDeletingService#2] WARN  utils.BackgroundService (BackgroundService.java:lambda$run$0(130)) - BlockDeletingService Background task execution took 12380564ns > 0ns(timeout)
2023-07-21 18:00:01,858 [BlockDeletingService#3] INFO  impl.FilePerChunkStrategy (FilePerChunkStrategy.java:deleteChunk(322)) - Deleted chunk file /home/runner/work/ozone/ozone/hadoop-hdds/container-service/target/test-dir/TestBlockDeletingService/hdds/8953d212-c7f4-47b4-a1c4-f4d1016aec18/current/containerDir0/110753375939854582/chunks/110753375942476023_chunk_0_block_0 (size 100) for chunk ChunkInfo{chunkName='110753375942476023_chunk_0_block_0, offset=0, len=100}
2023-07-21 18:00:01,858 [BlockDeletingService#3] INFO  impl.FilePerChunkStrategy (FilePerChunkStrategy.java:deleteChunk(322)) - Deleted chunk file /home/runner/work/ozone/ozone/hadoop-hdds/container-service/target/test-dir/TestBlockDeletingService/hdds/8953d212-c7f4-47b4-a1c4-f4d1016aec18/current/containerDir0/110753375939854582/chunks/110753375942541560_chunk_0_block_1 (size 100) for chunk ChunkInfo{chunkName='110753375942541560_chunk_0_block_1, offset=0, len=100}
2023-07-21 18:00:01,859 [BlockDeletingService#3] INFO  impl.FilePerChunkStrategy (FilePerChunkStrategy.java:deleteChunk(322)) - Deleted chunk file /home/runner/work/ozone/ozone/hadoop-hdds/container-service/target/test-dir/TestBlockDeletingService/hdds/8953d212-c7f4-47b4-a1c4-f4d1016aec18/current/containerDir0/110753375939854582/chunks/110753375942607097_chunk_0_block_2 (size 100) for chunk ChunkInfo{chunkName='110753375942607097_chunk_0_block_2, offset=0, len=100}
2023-07-21 18:00:01,859 [BlockDeletingService#3] WARN  utils.BackgroundService (BackgroundService.java:lambda$run$0(130)) - BlockDeletingService Background task execution took 13641081ns > 0ns(timeout)
2023-07-21 18:00:01,945 [BlockDeletingService#4] INFO  interfaces.ContainerDeletionChoosingPolicyTemplate (ContainerDeletionChoosingPolicyTemplate.java:chooseContainerForBlockDeletion(83)) - Chosen 5/5 blocks from 2 candidate containers.
2023-07-21 18:00:01,949 [BlockDeletingService#0] INFO  impl.FilePerChunkStrategy (FilePerChunkStrategy.java:deleteChunk(322)) - Deleted chunk file /home/runner/work/ozone/ozone/hadoop-hdds/container-service/target/test-dir/TestBlockDeletingService/hdds/8953d212-c7f4-47b4-a1c4-f4d1016aec18/current/containerDir128/110753375932842226/chunks/110753375935332595_chunk_0_block_0 (size 100) for chunk ChunkInfo{chunkName='110753375935332595_chunk_0_block_0, offset=0, len=100}
2023-07-21 18:00:01,949 [BlockDeletingService#2] INFO  impl.FilePerChunkStrategy (FilePerChunkStrategy.java:deleteChunk(322)) - Deleted chunk file /home/runner/work/ozone/ozone/hadoop-hdds/container-service/target/test-dir/TestBlockDeletingService/hdds/8953d212-c7f4-47b4-a1c4-f4d1016aec18/current/containerDir128/110753375945949434/chunks/110753375948767484_chunk_0_block_1 (size 100) for chunk ChunkInfo{chunkName='110753375948767484_chunk_0_block_1, offset=0, len=100}
2023-07-21 18:00:01,950 [BlockDeletingService#0] INFO  impl.FilePerChunkStrategy (FilePerChunkStrategy.java:deleteChunk(322)) - Deleted chunk file /home/runner/work/ozone/ozone/hadoop-hdds/container-service/target/test-dir/TestBlockDeletingService/hdds/8953d212-c7f4-47b4-a1c4-f4d1016aec18/current/containerDir128/110753375932842226/chunks/110753375935856884_chunk_0_block_1 (size 100) for chunk ChunkInfo{chunkName='110753375935856884_chunk_0_block_1, offset=0, len=100}
2023-07-21 18:00:01,950 [BlockDeletingService#2] INFO  impl.FilePerChunkStrategy (FilePerChunkStrategy.java:deleteChunk(322)) - Deleted chunk file /home/runner/work/ozone/ozone/hadoop-hdds/container-service/target/test-dir/TestBlockDeletingService/hdds/8953d212-c7f4-47b4-a1c4-f4d1016aec18/current/containerDir128/110753375945949434/chunks/110753375948833021_chunk_0_block_2 (size 100) for chunk ChunkInfo{chunkName='110753375948833021_chunk_0_block_2, offset=0, len=100}
2023-07-21 18:00:01,950 [BlockDeletingService#0] INFO  impl.FilePerChunkStrategy (FilePerChunkStrategy.java:deleteChunk(322)) - Deleted chunk file /home/runner/work/ozone/ozone/hadoop-hdds/container-service/target/test-dir/TestBlockDeletingService/hdds/8953d212-c7f4-47b4-a1c4-f4d1016aec18/current/containerDir128/110753375932842226/chunks/110753375936119029_chunk_0_block_2 (size 100) for chunk ChunkInfo{chunkName='110753375936119029_chunk_0_block_2, offset=0, len=100}
2023-07-21 18:00:01,950 [BlockDeletingService#2] WARN  utils.BackgroundService (BackgroundService.java:lambda$run$0(130)) - BlockDeletingService Background task execution took 4758763ns > 0ns(timeout)
2023-07-21 18:00:01,950 [BlockDeletingService#0] WARN  utils.BackgroundService (BackgroundService.java:lambda$run$0(130)) - BlockDeletingService Background task execution took 5009766ns > 0ns(timeout)
2023-07-21 18:00:02,042 [Time-limited test] INFO  utils.BackgroundService (BackgroundService.java:shutdown(141)) - Shutting down service BlockDeletingService
]]></system-out>
  </testcase>
  <testcase name="testBlockThrottle" classname="TestBlockDeletingService" time="0.776">
    <system-out><![CDATA[2023-07-21 18:00:04,190 [main] INFO  volume.HddsVolume (HddsVolume.java:<init>(126)) - Creating HddsVolume: /home/runner/work/ozone/ozone/hadoop-hdds/container-service/target/test-dir/TestBlockDeletingService/hdds of storage type : DISK capacity : 9223372036854775807
2023-07-21 18:00:04,192 [main] INFO  volume.MutableVolumeSet (MutableVolumeSet.java:initializeVolumeSet(175)) - Added Volume : /home/runner/work/ozone/ozone/hadoop-hdds/container-service/target/test-dir/TestBlockDeletingService/hdds to VolumeSet
2023-07-21 18:00:04,505 [BlockDeletingService#4] INFO  interfaces.ContainerDeletionChoosingPolicyTemplate (ContainerDeletionChoosingPolicyTemplate.java:chooseContainerForBlockDeletion(83)) - Chosen 0/3 blocks from 0 candidate containers.
2023-07-21 18:00:04,743 [BlockDeletingService#0] INFO  interfaces.ContainerDeletionChoosingPolicyTemplate (ContainerDeletionChoosingPolicyTemplate.java:chooseContainerForBlockDeletion(83)) - Chosen 10/0 blocks from 5 candidate containers.
2023-07-21 18:00:04,747 [BlockDeletingService#1] INFO  impl.FilePerChunkStrategy (FilePerChunkStrategy.java:deleteChunk(322)) - Deleted chunk file /home/runner/work/ozone/ozone/hadoop-hdds/container-service/target/test-dir/TestBlockDeletingService/hdds/428bbfa0-09b3-4181-ab68-c4a25e88e8f2/current/containerDir128/110753376136266119/chunks/110753376138559880_chunk_0_block_0 (size 100) for chunk ChunkInfo{chunkName='110753376138559880_chunk_0_block_0, offset=0, len=100}
2023-07-21 18:00:04,748 [BlockDeletingService#1] INFO  impl.FilePerChunkStrategy (FilePerChunkStrategy.java:deleteChunk(322)) - Deleted chunk file /home/runner/work/ozone/ozone/hadoop-hdds/container-service/target/test-dir/TestBlockDeletingService/hdds/428bbfa0-09b3-4181-ab68-c4a25e88e8f2/current/containerDir128/110753376136266119/chunks/110753376138690953_chunk_0_block_1 (size 100) for chunk ChunkInfo{chunkName='110753376138690953_chunk_0_block_1, offset=0, len=100}
2023-07-21 18:00:04,748 [BlockDeletingService#1] INFO  impl.FilePerChunkStrategy (FilePerChunkStrategy.java:deleteChunk(322)) - Deleted chunk file /home/runner/work/ozone/ozone/hadoop-hdds/container-service/target/test-dir/TestBlockDeletingService/hdds/428bbfa0-09b3-4181-ab68-c4a25e88e8f2/current/containerDir128/110753376136266119/chunks/110753376138756490_chunk_0_block_2 (size 100) for chunk ChunkInfo{chunkName='110753376138756490_chunk_0_block_2, offset=0, len=100}
2023-07-21 18:00:04,749 [BlockDeletingService#1] WARN  utils.BackgroundService (BackgroundService.java:lambda$run$0(130)) - BlockDeletingService Background task execution took 4921565ns > 0ns(timeout)
2023-07-21 18:00:04,750 [BlockDeletingService#0] INFO  impl.FilePerChunkStrategy (FilePerChunkStrategy.java:deleteChunk(322)) - Deleted chunk file /home/runner/work/ozone/ozone/hadoop-hdds/container-service/target/test-dir/TestBlockDeletingService/hdds/428bbfa0-09b3-4181-ab68-c4a25e88e8f2/current/containerDir0/110753376141967755/chunks/110753376144195980_chunk_0_block_0 (size 100) for chunk ChunkInfo{chunkName='110753376144195980_chunk_0_block_0, offset=0, len=100}
2023-07-21 18:00:04,751 [BlockDeletingService#0] INFO  impl.FilePerChunkStrategy (FilePerChunkStrategy.java:deleteChunk(322)) - Deleted chunk file /home/runner/work/ozone/ozone/hadoop-hdds/container-service/target/test-dir/TestBlockDeletingService/hdds/428bbfa0-09b3-4181-ab68-c4a25e88e8f2/current/containerDir0/110753376141967755/chunks/110753376144327053_chunk_0_block_1 (size 100) for chunk ChunkInfo{chunkName='110753376144327053_chunk_0_block_1, offset=0, len=100}
2023-07-21 18:00:04,751 [BlockDeletingService#0] INFO  impl.FilePerChunkStrategy (FilePerChunkStrategy.java:deleteChunk(322)) - Deleted chunk file /home/runner/work/ozone/ozone/hadoop-hdds/container-service/target/test-dir/TestBlockDeletingService/hdds/428bbfa0-09b3-4181-ab68-c4a25e88e8f2/current/containerDir0/110753376141967755/chunks/110753376144392590_chunk_0_block_2 (size 100) for chunk ChunkInfo{chunkName='110753376144392590_chunk_0_block_2, offset=0, len=100}
2023-07-21 18:00:04,751 [BlockDeletingService#0] WARN  utils.BackgroundService (BackgroundService.java:lambda$run$0(130)) - BlockDeletingService Background task execution took 5477372ns > 0ns(timeout)
2023-07-21 18:00:04,752 [BlockDeletingService#3] INFO  impl.FilePerChunkStrategy (FilePerChunkStrategy.java:deleteChunk(322)) - Deleted chunk file /home/runner/work/ozone/ozone/hadoop-hdds/container-service/target/test-dir/TestBlockDeletingService/hdds/428bbfa0-09b3-4181-ab68-c4a25e88e8f2/current/containerDir0/110753376130302339/chunks/110753376132792708_chunk_0_block_0 (size 100) for chunk ChunkInfo{chunkName='110753376132792708_chunk_0_block_0, offset=0, len=100}
2023-07-21 18:00:04,757 [BlockDeletingService#3] WARN  utils.BackgroundService (BackgroundService.java:lambda$run$0(130)) - BlockDeletingService Background task execution took 12164160ns > 0ns(timeout)
2023-07-21 18:00:04,757 [BlockDeletingService#2] INFO  impl.FilePerChunkStrategy (FilePerChunkStrategy.java:deleteChunk(322)) - Deleted chunk file /home/runner/work/ozone/ozone/hadoop-hdds/container-service/target/test-dir/TestBlockDeletingService/hdds/428bbfa0-09b3-4181-ab68-c4a25e88e8f2/current/containerDir128/110753376147669391/chunks/110753376150094224_chunk_0_block_0 (size 100) for chunk ChunkInfo{chunkName='110753376150094224_chunk_0_block_0, offset=0, len=100}
2023-07-21 18:00:04,758 [BlockDeletingService#2] INFO  impl.FilePerChunkStrategy (FilePerChunkStrategy.java:deleteChunk(322)) - Deleted chunk file /home/runner/work/ozone/ozone/hadoop-hdds/container-service/target/test-dir/TestBlockDeletingService/hdds/428bbfa0-09b3-4181-ab68-c4a25e88e8f2/current/containerDir128/110753376147669391/chunks/110753376150225297_chunk_0_block_1 (size 100) for chunk ChunkInfo{chunkName='110753376150225297_chunk_0_block_1, offset=0, len=100}
2023-07-21 18:00:04,758 [BlockDeletingService#2] INFO  impl.FilePerChunkStrategy (FilePerChunkStrategy.java:deleteChunk(322)) - Deleted chunk file /home/runner/work/ozone/ozone/hadoop-hdds/container-service/target/test-dir/TestBlockDeletingService/hdds/428bbfa0-09b3-4181-ab68-c4a25e88e8f2/current/containerDir128/110753376147669391/chunks/110753376150356370_chunk_0_block_2 (size 100) for chunk ChunkInfo{chunkName='110753376150356370_chunk_0_block_2, offset=0, len=100}
2023-07-21 18:00:04,758 [BlockDeletingService#2] WARN  utils.BackgroundService (BackgroundService.java:lambda$run$0(130)) - BlockDeletingService Background task execution took 13473478ns > 0ns(timeout)
2023-07-21 18:00:04,845 [BlockDeletingService#4] INFO  interfaces.ContainerDeletionChoosingPolicyTemplate (ContainerDeletionChoosingPolicyTemplate.java:chooseContainerForBlockDeletion(83)) - Chosen 5/5 blocks from 2 candidate containers.
2023-07-21 18:00:04,851 [BlockDeletingService#0] INFO  impl.FilePerChunkStrategy (FilePerChunkStrategy.java:deleteChunk(322)) - Deleted chunk file /home/runner/work/ozone/ozone/hadoop-hdds/container-service/target/test-dir/TestBlockDeletingService/hdds/428bbfa0-09b3-4181-ab68-c4a25e88e8f2/current/containerDir0/110753376130302339/chunks/110753376132923781_chunk_0_block_1 (size 100) for chunk ChunkInfo{chunkName='110753376132923781_chunk_0_block_1, offset=0, len=100}
2023-07-21 18:00:04,851 [BlockDeletingService#1] INFO  impl.FilePerChunkStrategy (FilePerChunkStrategy.java:deleteChunk(322)) - Deleted chunk file /home/runner/work/ozone/ozone/hadoop-hdds/container-service/target/test-dir/TestBlockDeletingService/hdds/428bbfa0-09b3-4181-ab68-c4a25e88e8f2/current/containerDir128/110753376124469631/chunks/110753376126828928_chunk_0_block_0 (size 100) for chunk ChunkInfo{chunkName='110753376126828928_chunk_0_block_0, offset=0, len=100}
2023-07-21 18:00:04,852 [BlockDeletingService#0] INFO  impl.FilePerChunkStrategy (FilePerChunkStrategy.java:deleteChunk(322)) - Deleted chunk file /home/runner/work/ozone/ozone/hadoop-hdds/container-service/target/test-dir/TestBlockDeletingService/hdds/428bbfa0-09b3-4181-ab68-c4a25e88e8f2/current/containerDir0/110753376130302339/chunks/110753376132989318_chunk_0_block_2 (size 100) for chunk ChunkInfo{chunkName='110753376132989318_chunk_0_block_2, offset=0, len=100}
2023-07-21 18:00:04,852 [BlockDeletingService#1] INFO  impl.FilePerChunkStrategy (FilePerChunkStrategy.java:deleteChunk(322)) - Deleted chunk file /home/runner/work/ozone/ozone/hadoop-hdds/container-service/target/test-dir/TestBlockDeletingService/hdds/428bbfa0-09b3-4181-ab68-c4a25e88e8f2/current/containerDir128/110753376124469631/chunks/110753376126960001_chunk_0_block_1 (size 100) for chunk ChunkInfo{chunkName='110753376126960001_chunk_0_block_1, offset=0, len=100}
2023-07-21 18:00:04,852 [BlockDeletingService#1] INFO  impl.FilePerChunkStrategy (FilePerChunkStrategy.java:deleteChunk(322)) - Deleted chunk file /home/runner/work/ozone/ozone/hadoop-hdds/container-service/target/test-dir/TestBlockDeletingService/hdds/428bbfa0-09b3-4181-ab68-c4a25e88e8f2/current/containerDir128/110753376124469631/chunks/110753376127025538_chunk_0_block_2 (size 100) for chunk ChunkInfo{chunkName='110753376127025538_chunk_0_block_2, offset=0, len=100}
2023-07-21 18:00:04,852 [BlockDeletingService#0] WARN  utils.BackgroundService (BackgroundService.java:lambda$run$0(130)) - BlockDeletingService Background task execution took 6387584ns > 0ns(timeout)
2023-07-21 18:00:04,853 [BlockDeletingService#1] WARN  utils.BackgroundService (BackgroundService.java:lambda$run$0(130)) - BlockDeletingService Background task execution took 7327397ns > 0ns(timeout)
2023-07-21 18:00:04,942 [Time-limited test] INFO  utils.BackgroundService (BackgroundService.java:shutdown(141)) - Shutting down service BlockDeletingService
]]></system-out>
  </testcase>
  <testcase name="testBlockThrottle" classname="TestBlockDeletingService" time="0.657">
    <system-out><![CDATA[2023-07-21 18:00:07,240 [main] INFO  volume.HddsVolume (HddsVolume.java:<init>(126)) - Creating HddsVolume: /home/runner/work/ozone/ozone/hadoop-hdds/container-service/target/test-dir/TestBlockDeletingService/hdds of storage type : DISK capacity : 9223372036854775807
2023-07-21 18:00:07,242 [main] INFO  volume.MutableVolumeSet (MutableVolumeSet.java:initializeVolumeSet(175)) - Added Volume : /home/runner/work/ozone/ozone/hadoop-hdds/container-service/target/test-dir/TestBlockDeletingService/hdds to VolumeSet
2023-07-21 18:00:07,279 [main] INFO  utils.DatanodeStoreCache (DatanodeStoreCache.java:addDB(66)) - Added db /home/runner/work/ozone/ozone/hadoop-hdds/container-service/target/test-dir/TestBlockDeletingService/hdds/e7f917fa-9249-42d4-a3ba-f233f352e7dd/DS-fdc23b0e-8cc7-4ae8-bb01-c6586365438d/container.db to cache
2023-07-21 18:00:07,279 [main] INFO  volume.HddsVolume (HddsVolume.java:createDbStore(422)) - SchemaV3 db is created and loaded at /home/runner/work/ozone/ozone/hadoop-hdds/container-service/target/test-dir/TestBlockDeletingService/hdds/e7f917fa-9249-42d4-a3ba-f233f352e7dd/DS-fdc23b0e-8cc7-4ae8-bb01-c6586365438d/container.db for volume DS-fdc23b0e-8cc7-4ae8-bb01-c6586365438d
2023-07-21 18:00:07,508 [BlockDeletingService#1] INFO  interfaces.ContainerDeletionChoosingPolicyTemplate (ContainerDeletionChoosingPolicyTemplate.java:chooseContainerForBlockDeletion(83)) - Chosen 0/3 blocks from 0 candidate containers.
2023-07-21 18:00:07,679 [BlockDeletingService#0] INFO  interfaces.ContainerDeletionChoosingPolicyTemplate (ContainerDeletionChoosingPolicyTemplate.java:chooseContainerForBlockDeletion(83)) - Chosen 10/0 blocks from 5 candidate containers.
2023-07-21 18:00:07,684 [BlockDeletingService#1] INFO  impl.FilePerChunkStrategy (FilePerChunkStrategy.java:deleteChunk(322)) - Deleted chunk file /home/runner/work/ozone/ozone/hadoop-hdds/container-service/target/test-dir/TestBlockDeletingService/hdds/e7f917fa-9249-42d4-a3ba-f233f352e7dd/current/containerDir1/110753376341983775/chunks/110753376342311456_chunk_0_block_0 (size 100) for chunk ChunkInfo{chunkName='110753376342311456_chunk_0_block_0, offset=0, len=100}
2023-07-21 18:00:07,685 [BlockDeletingService#1] INFO  impl.FilePerChunkStrategy (FilePerChunkStrategy.java:deleteChunk(322)) - Deleted chunk file /home/runner/work/ozone/ozone/hadoop-hdds/container-service/target/test-dir/TestBlockDeletingService/hdds/e7f917fa-9249-42d4-a3ba-f233f352e7dd/current/containerDir1/110753376341983775/chunks/110753376342442529_chunk_0_block_1 (size 100) for chunk ChunkInfo{chunkName='110753376342442529_chunk_0_block_1, offset=0, len=100}
2023-07-21 18:00:07,685 [BlockDeletingService#1] INFO  impl.FilePerChunkStrategy (FilePerChunkStrategy.java:deleteChunk(322)) - Deleted chunk file /home/runner/work/ozone/ozone/hadoop-hdds/container-service/target/test-dir/TestBlockDeletingService/hdds/e7f917fa-9249-42d4-a3ba-f233f352e7dd/current/containerDir1/110753376341983775/chunks/110753376342508066_chunk_0_block_2 (size 100) for chunk ChunkInfo{chunkName='110753376342508066_chunk_0_block_2, offset=0, len=100}
2023-07-21 18:00:07,686 [BlockDeletingService#1] WARN  utils.BackgroundService (BackgroundService.java:lambda$run$0(130)) - BlockDeletingService Background task execution took 4509959ns > 0ns(timeout)
2023-07-21 18:00:07,687 [BlockDeletingService#1] INFO  impl.FilePerChunkStrategy (FilePerChunkStrategy.java:deleteChunk(322)) - Deleted chunk file /home/runner/work/ozone/ozone/hadoop-hdds/container-service/target/test-dir/TestBlockDeletingService/hdds/e7f917fa-9249-42d4-a3ba-f233f352e7dd/current/containerDir129/110753376338248219/chunks/110753376338444828_chunk_0_block_0 (size 100) for chunk ChunkInfo{chunkName='110753376338444828_chunk_0_block_0, offset=0, len=100}
2023-07-21 18:00:07,691 [BlockDeletingService#1] INFO  impl.FilePerChunkStrategy (FilePerChunkStrategy.java:deleteChunk(322)) - Deleted chunk file /home/runner/work/ozone/ozone/hadoop-hdds/container-service/target/test-dir/TestBlockDeletingService/hdds/e7f917fa-9249-42d4-a3ba-f233f352e7dd/current/containerDir129/110753376338248219/chunks/110753376338575901_chunk_0_block_1 (size 100) for chunk ChunkInfo{chunkName='110753376338575901_chunk_0_block_1, offset=0, len=100}
2023-07-21 18:00:07,692 [BlockDeletingService#1] INFO  impl.FilePerChunkStrategy (FilePerChunkStrategy.java:deleteChunk(322)) - Deleted chunk file /home/runner/work/ozone/ozone/hadoop-hdds/container-service/target/test-dir/TestBlockDeletingService/hdds/e7f917fa-9249-42d4-a3ba-f233f352e7dd/current/containerDir129/110753376338248219/chunks/110753376338641438_chunk_0_block_2 (size 100) for chunk ChunkInfo{chunkName='110753376338641438_chunk_0_block_2, offset=0, len=100}
2023-07-21 18:00:07,692 [BlockDeletingService#3] INFO  impl.FilePerChunkStrategy (FilePerChunkStrategy.java:deleteChunk(322)) - Deleted chunk file /home/runner/work/ozone/ozone/hadoop-hdds/container-service/target/test-dir/TestBlockDeletingService/hdds/e7f917fa-9249-42d4-a3ba-f233f352e7dd/current/containerDir129/110753376330646035/chunks/110753376330908180_chunk_0_block_0 (size 100) for chunk ChunkInfo{chunkName='110753376330908180_chunk_0_block_0, offset=0, len=100}
2023-07-21 18:00:07,692 [BlockDeletingService#1] WARN  utils.BackgroundService (BackgroundService.java:lambda$run$0(130)) - BlockDeletingService Background task execution took 6104681ns > 0ns(timeout)
2023-07-21 18:00:07,692 [BlockDeletingService#3] INFO  impl.FilePerChunkStrategy (FilePerChunkStrategy.java:deleteChunk(322)) - Deleted chunk file /home/runner/work/ozone/ozone/hadoop-hdds/container-service/target/test-dir/TestBlockDeletingService/hdds/e7f917fa-9249-42d4-a3ba-f233f352e7dd/current/containerDir129/110753376330646035/chunks/110753376331039253_chunk_0_block_1 (size 100) for chunk ChunkInfo{chunkName='110753376331039253_chunk_0_block_1, offset=0, len=100}
2023-07-21 18:00:07,693 [BlockDeletingService#2] INFO  impl.FilePerChunkStrategy (FilePerChunkStrategy.java:deleteChunk(322)) - Deleted chunk file /home/runner/work/ozone/ozone/hadoop-hdds/container-service/target/test-dir/TestBlockDeletingService/hdds/e7f917fa-9249-42d4-a3ba-f233f352e7dd/current/containerDir1/110753376334512663/chunks/110753376334709272_chunk_0_block_0 (size 100) for chunk ChunkInfo{chunkName='110753376334709272_chunk_0_block_0, offset=0, len=100}
2023-07-21 18:00:07,693 [BlockDeletingService#3] INFO  impl.FilePerChunkStrategy (FilePerChunkStrategy.java:deleteChunk(322)) - Deleted chunk file /home/runner/work/ozone/ozone/hadoop-hdds/container-service/target/test-dir/TestBlockDeletingService/hdds/e7f917fa-9249-42d4-a3ba-f233f352e7dd/current/containerDir129/110753376330646035/chunks/110753376331170326_chunk_0_block_2 (size 100) for chunk ChunkInfo{chunkName='110753376331170326_chunk_0_block_2, offset=0, len=100}
2023-07-21 18:00:07,693 [BlockDeletingService#2] WARN  utils.BackgroundService (BackgroundService.java:lambda$run$0(130)) - BlockDeletingService Background task execution took 11361750ns > 0ns(timeout)
2023-07-21 18:00:07,694 [BlockDeletingService#3] WARN  utils.BackgroundService (BackgroundService.java:lambda$run$0(130)) - BlockDeletingService Background task execution took 9368624ns > 0ns(timeout)
2023-07-21 18:00:07,778 [BlockDeletingService#0] INFO  interfaces.ContainerDeletionChoosingPolicyTemplate (ContainerDeletionChoosingPolicyTemplate.java:chooseContainerForBlockDeletion(83)) - Chosen 5/5 blocks from 2 candidate containers.
2023-07-21 18:00:07,780 [BlockDeletingService#4] INFO  impl.FilePerChunkStrategy (FilePerChunkStrategy.java:deleteChunk(322)) - Deleted chunk file /home/runner/work/ozone/ozone/hadoop-hdds/container-service/target/test-dir/TestBlockDeletingService/hdds/e7f917fa-9249-42d4-a3ba-f233f352e7dd/current/containerDir129/110753376326844943/chunks/110753376327041552_chunk_0_block_0 (size 100) for chunk ChunkInfo{chunkName='110753376327041552_chunk_0_block_0, offset=0, len=100}
2023-07-21 18:00:07,780 [BlockDeletingService#4] INFO  impl.FilePerChunkStrategy (FilePerChunkStrategy.java:deleteChunk(322)) - Deleted chunk file /home/runner/work/ozone/ozone/hadoop-hdds/container-service/target/test-dir/TestBlockDeletingService/hdds/e7f917fa-9249-42d4-a3ba-f233f352e7dd/current/containerDir129/110753376326844943/chunks/110753376327172625_chunk_0_block_1 (size 100) for chunk ChunkInfo{chunkName='110753376327172625_chunk_0_block_1, offset=0, len=100}
2023-07-21 18:00:07,780 [BlockDeletingService#4] INFO  impl.FilePerChunkStrategy (FilePerChunkStrategy.java:deleteChunk(322)) - Deleted chunk file /home/runner/work/ozone/ozone/hadoop-hdds/container-service/target/test-dir/TestBlockDeletingService/hdds/e7f917fa-9249-42d4-a3ba-f233f352e7dd/current/containerDir129/110753376326844943/chunks/110753376327303698_chunk_0_block_2 (size 100) for chunk ChunkInfo{chunkName='110753376327303698_chunk_0_block_2, offset=0, len=100}
2023-07-21 18:00:07,781 [BlockDeletingService#4] WARN  utils.BackgroundService (BackgroundService.java:lambda$run$0(130)) - BlockDeletingService Background task execution took 2810737ns > 0ns(timeout)
2023-07-21 18:00:07,783 [BlockDeletingService#6] INFO  impl.FilePerChunkStrategy (FilePerChunkStrategy.java:deleteChunk(322)) - Deleted chunk file /home/runner/work/ozone/ozone/hadoop-hdds/container-service/target/test-dir/TestBlockDeletingService/hdds/e7f917fa-9249-42d4-a3ba-f233f352e7dd/current/containerDir1/110753376334512663/chunks/110753376334840345_chunk_0_block_1 (size 100) for chunk ChunkInfo{chunkName='110753376334840345_chunk_0_block_1, offset=0, len=100}
2023-07-21 18:00:07,783 [BlockDeletingService#6] INFO  impl.FilePerChunkStrategy (FilePerChunkStrategy.java:deleteChunk(322)) - Deleted chunk file /home/runner/work/ozone/ozone/hadoop-hdds/container-service/target/test-dir/TestBlockDeletingService/hdds/e7f917fa-9249-42d4-a3ba-f233f352e7dd/current/containerDir1/110753376334512663/chunks/110753376334905882_chunk_0_block_2 (size 100) for chunk ChunkInfo{chunkName='110753376334905882_chunk_0_block_2, offset=0, len=100}
2023-07-21 18:00:07,783 [BlockDeletingService#6] WARN  utils.BackgroundService (BackgroundService.java:lambda$run$0(130)) - BlockDeletingService Background task execution took 2940839ns > 0ns(timeout)
2023-07-21 18:00:07,877 [Time-limited test] INFO  utils.BackgroundService (BackgroundService.java:shutdown(141)) - Shutting down service BlockDeletingService
]]></system-out>
  </testcase>
  <testcase name="testBlockThrottle" classname="TestBlockDeletingService" time="0.783">
    <system-out><![CDATA[2023-07-21 18:00:09,363 [main] INFO  volume.HddsVolume (HddsVolume.java:<init>(126)) - Creating HddsVolume: /home/runner/work/ozone/ozone/hadoop-hdds/container-service/target/test-dir/TestBlockDeletingService/hdds of storage type : DISK capacity : 9223372036854775807
2023-07-21 18:00:09,365 [main] INFO  volume.MutableVolumeSet (MutableVolumeSet.java:initializeVolumeSet(175)) - Added Volume : /home/runner/work/ozone/ozone/hadoop-hdds/container-service/target/test-dir/TestBlockDeletingService/hdds to VolumeSet
2023-07-21 18:00:09,509 [BlockDeletingService#1] INFO  interfaces.ContainerDeletionChoosingPolicyTemplate (ContainerDeletionChoosingPolicyTemplate.java:chooseContainerForBlockDeletion(83)) - Chosen 0/3 blocks from 0 candidate containers.
2023-07-21 18:00:09,924 [BlockDeletingService#0] INFO  interfaces.ContainerDeletionChoosingPolicyTemplate (ContainerDeletionChoosingPolicyTemplate.java:chooseContainerForBlockDeletion(83)) - Chosen 10/0 blocks from 5 candidate containers.
2023-07-21 18:00:09,926 [BlockDeletingService#1] INFO  impl.FilePerBlockStrategy (FilePerBlockStrategy.java:deleteChunk(254)) - Deleted block file: /home/runner/work/ozone/ozone/hadoop-hdds/container-service/target/test-dir/TestBlockDeletingService/hdds/1998ef3b-181d-4d5b-928d-211c57853e3a/current/containerDir129/110753376487408295/chunks/110753376489702056.block
2023-07-21 18:00:09,926 [BlockDeletingService#1] INFO  impl.FilePerBlockStrategy (FilePerBlockStrategy.java:deleteChunk(254)) - Deleted block file: /home/runner/work/ozone/ozone/hadoop-hdds/container-service/target/test-dir/TestBlockDeletingService/hdds/1998ef3b-181d-4d5b-928d-211c57853e3a/current/containerDir129/110753376487408295/chunks/110753376489833129.block
2023-07-21 18:00:09,926 [BlockDeletingService#1] INFO  impl.FilePerBlockStrategy (FilePerBlockStrategy.java:deleteChunk(254)) - Deleted block file: /home/runner/work/ozone/ozone/hadoop-hdds/container-service/target/test-dir/TestBlockDeletingService/hdds/1998ef3b-181d-4d5b-928d-211c57853e3a/current/containerDir129/110753376487408295/chunks/110753376489898666.block
2023-07-21 18:00:09,927 [BlockDeletingService#1] WARN  utils.BackgroundService (BackgroundService.java:lambda$run$0(130)) - BlockDeletingService Background task execution took 2745935ns > 0ns(timeout)
2023-07-21 18:00:09,930 [BlockDeletingService#1] INFO  impl.FilePerBlockStrategy (FilePerBlockStrategy.java:deleteChunk(254)) - Deleted block file: /home/runner/work/ozone/ozone/hadoop-hdds/container-service/target/test-dir/TestBlockDeletingService/hdds/1998ef3b-181d-4d5b-928d-211c57853e3a/current/containerDir129/110753376481510051/chunks/110753376484065956.block
2023-07-21 18:00:09,930 [BlockDeletingService#1] WARN  utils.BackgroundService (BackgroundService.java:lambda$run$0(130)) - BlockDeletingService Background task execution took 2822936ns > 0ns(timeout)
2023-07-21 18:00:09,934 [BlockDeletingService#0] INFO  impl.FilePerBlockStrategy (FilePerBlockStrategy.java:deleteChunk(254)) - Deleted block file: /home/runner/work/ozone/ozone/hadoop-hdds/container-service/target/test-dir/TestBlockDeletingService/hdds/1998ef3b-181d-4d5b-928d-211c57853e3a/current/containerDir1/110753376464405143/chunks/110753376466633368.block
2023-07-21 18:00:09,934 [BlockDeletingService#0] INFO  impl.FilePerBlockStrategy (FilePerBlockStrategy.java:deleteChunk(254)) - Deleted block file: /home/runner/work/ozone/ozone/hadoop-hdds/container-service/target/test-dir/TestBlockDeletingService/hdds/1998ef3b-181d-4d5b-928d-211c57853e3a/current/containerDir1/110753376464405143/chunks/110753376466698905.block
2023-07-21 18:00:09,935 [BlockDeletingService#0] INFO  impl.FilePerBlockStrategy (FilePerBlockStrategy.java:deleteChunk(254)) - Deleted block file: /home/runner/work/ozone/ozone/hadoop-hdds/container-service/target/test-dir/TestBlockDeletingService/hdds/1998ef3b-181d-4d5b-928d-211c57853e3a/current/containerDir1/110753376464405143/chunks/110753376466764442.block
2023-07-21 18:00:09,935 [BlockDeletingService#0] WARN  utils.BackgroundService (BackgroundService.java:lambda$run$0(130)) - BlockDeletingService Background task execution took 6826388ns > 0ns(timeout)
2023-07-21 18:00:09,935 [BlockDeletingService#3] INFO  impl.FilePerBlockStrategy (FilePerBlockStrategy.java:deleteChunk(254)) - Deleted block file: /home/runner/work/ozone/ozone/hadoop-hdds/container-service/target/test-dir/TestBlockDeletingService/hdds/1998ef3b-181d-4d5b-928d-211c57853e3a/current/containerDir1/110753376470041243/chunks/110753376472335004.block
2023-07-21 18:00:09,936 [BlockDeletingService#3] INFO  impl.FilePerBlockStrategy (FilePerBlockStrategy.java:deleteChunk(254)) - Deleted block file: /home/runner/work/ozone/ozone/hadoop-hdds/container-service/target/test-dir/TestBlockDeletingService/hdds/1998ef3b-181d-4d5b-928d-211c57853e3a/current/containerDir1/110753376470041243/chunks/110753376472400541.block
2023-07-21 18:00:09,936 [BlockDeletingService#3] INFO  impl.FilePerBlockStrategy (FilePerBlockStrategy.java:deleteChunk(254)) - Deleted block file: /home/runner/work/ozone/ozone/hadoop-hdds/container-service/target/test-dir/TestBlockDeletingService/hdds/1998ef3b-181d-4d5b-928d-211c57853e3a/current/containerDir1/110753376470041243/chunks/110753376472466078.block
2023-07-21 18:00:09,936 [BlockDeletingService#3] WARN  utils.BackgroundService (BackgroundService.java:lambda$run$0(130)) - BlockDeletingService Background task execution took 8526008ns > 0ns(timeout)
2023-07-21 18:00:10,023 [BlockDeletingService#2] INFO  interfaces.ContainerDeletionChoosingPolicyTemplate (ContainerDeletionChoosingPolicyTemplate.java:chooseContainerForBlockDeletion(83)) - Chosen 5/5 blocks from 2 candidate containers.
2023-07-21 18:00:10,025 [BlockDeletingService#1] INFO  impl.FilePerBlockStrategy (FilePerBlockStrategy.java:deleteChunk(254)) - Deleted block file: /home/runner/work/ozone/ozone/hadoop-hdds/container-service/target/test-dir/TestBlockDeletingService/hdds/1998ef3b-181d-4d5b-928d-211c57853e3a/current/containerDir129/110753376481510051/chunks/110753376484131493.block
2023-07-21 18:00:10,029 [BlockDeletingService#1] INFO  impl.FilePerBlockStrategy (FilePerBlockStrategy.java:deleteChunk(254)) - Deleted block file: /home/runner/work/ozone/ozone/hadoop-hdds/container-service/target/test-dir/TestBlockDeletingService/hdds/1998ef3b-181d-4d5b-928d-211c57853e3a/current/containerDir129/110753376481510051/chunks/110753376484197030.block
2023-07-21 18:00:10,029 [BlockDeletingService#4] INFO  impl.FilePerBlockStrategy (FilePerBlockStrategy.java:deleteChunk(254)) - Deleted block file: /home/runner/work/ozone/ozone/hadoop-hdds/container-service/target/test-dir/TestBlockDeletingService/hdds/1998ef3b-181d-4d5b-928d-211c57853e3a/current/containerDir129/110753376475742879/chunks/110753376478167712.block
2023-07-21 18:00:10,030 [BlockDeletingService#4] INFO  impl.FilePerBlockStrategy (FilePerBlockStrategy.java:deleteChunk(254)) - Deleted block file: /home/runner/work/ozone/ozone/hadoop-hdds/container-service/target/test-dir/TestBlockDeletingService/hdds/1998ef3b-181d-4d5b-928d-211c57853e3a/current/containerDir129/110753376475742879/chunks/110753376478233249.block
2023-07-21 18:00:10,030 [BlockDeletingService#4] INFO  impl.FilePerBlockStrategy (BackgroundService.java:lambda$run$0(130)) - BlockDeletingService Background task execution took 5690072ns > 0ns(timeout)
FilePerBlockStrategy.java:deleteChunk(254)) - Deleted block file: /home/runner/work/ozone/ozone/hadoop-hdds/container-service/target/test-dir/TestBlockDeletingService/hdds/1998ef3b-181d-4d5b-928d-211c57853e3a/current/containerDir129/110753376475742879/chunks/110753376478298786.block
2023-07-21 18:00:10,030 [BlockDeletingService#1] WARN  utils.BackgroundService (BackgroundService.java:lambda$run$0(130)) - BlockDeletingService Background task execution took 5690072ns > 0ns(timeout)
2023-07-21 18:00:10,030 [BlockDeletingService#4] WARN  utils.BackgroundService (BackgroundService.java:lambda$run$0(130)) - BlockDeletingService Background task execution took 6347481ns > 0ns(timeout)
2023-07-21 18:00:10,122 [Time-limited test] INFO  utils.BackgroundService (BackgroundService.java:shutdown(141)) - Shutting down service BlockDeletingService
]]></system-out>
  </testcase>
  <testcase name="testBlockThrottle" classname="TestBlockDeletingService" time="0.782">
    <system-out><![CDATA[2023-07-21 18:00:11,406 [main] INFO  volume.HddsVolume (HddsVolume.java:<init>(126)) - Creating HddsVolume: /home/runner/work/ozone/ozone/hadoop-hdds/container-service/target/test-dir/TestBlockDeletingService/hdds of storage type : DISK capacity : 9223372036854775807
2023-07-21 18:00:11,409 [main] INFO  volume.MutableVolumeSet (MutableVolumeSet.java:initializeVolumeSet(175)) - Added Volume : /home/runner/work/ozone/ozone/hadoop-hdds/container-service/target/test-dir/TestBlockDeletingService/hdds to VolumeSet
2023-07-21 18:00:11,510 [BlockDeletingService#1] INFO  interfaces.ContainerDeletionChoosingPolicyTemplate (ContainerDeletionChoosingPolicyTemplate.java:chooseContainerForBlockDeletion(83)) - Chosen 0/3 blocks from 0 candidate containers.
2023-07-21 18:00:11,962 [BlockDeletingService#0] INFO  interfaces.ContainerDeletionChoosingPolicyTemplate (ContainerDeletionChoosingPolicyTemplate.java:chooseContainerForBlockDeletion(83)) - Chosen 10/0 blocks from 5 candidate containers.
2023-07-21 18:00:11,965 [BlockDeletingService#2] INFO  impl.FilePerBlockStrategy (FilePerBlockStrategy.java:deleteChunk(254)) - Deleted block file: /home/runner/work/ozone/ozone/hadoop-hdds/container-service/target/test-dir/TestBlockDeletingService/hdds/608c2340-45d8-43b6-9936-06a8287eddf2/current/containerDir1/110753376597443356/chunks/110753376599933725.block
2023-07-21 18:00:11,966 [BlockDeletingService#2] WARN  utils.BackgroundService (BackgroundService.java:lambda$run$0(130)) - BlockDeletingService Background task execution took 3196541ns > 0ns(timeout)
2023-07-21 18:00:11,967 [BlockDeletingService#2] INFO  impl.FilePerBlockStrategy (FilePerBlockStrategy.java:deleteChunk(254)) - Deleted block file: /home/runner/work/ozone/ozone/hadoop-hdds/container-service/target/test-dir/TestBlockDeletingService/hdds/608c2340-45d8-43b6-9936-06a8287eddf2/current/containerDir129/110753376620970796/chunks/110753376623330093.block
2023-07-21 18:00:11,967 [BlockDeletingService#2] INFO  impl.FilePerBlockStrategy (FilePerBlockStrategy.java:deleteChunk(254)) - Deleted block file: /home/runner/work/ozone/ozone/hadoop-hdds/container-service/target/test-dir/TestBlockDeletingService/hdds/608c2340-45d8-43b6-9936-06a8287eddf2/current/containerDir129/110753376620970796/chunks/110753376623395630.block
2023-07-21 18:00:11,967 [BlockDeletingService#2] INFO  impl.FilePerBlockStrategy (FilePerBlockStrategy.java:deleteChunk(254)) - Deleted block file: /home/runner/work/ozone/ozone/hadoop-hdds/container-service/target/test-dir/TestBlockDeletingService/hdds/608c2340-45d8-43b6-9936-06a8287eddf2/current/containerDir129/110753376620970796/chunks/110753376623461167.block
2023-07-21 18:00:11,968 [BlockDeletingService#2] WARN  utils.BackgroundService (BackgroundService.java:lambda$run$0(130)) - BlockDeletingService Background task execution took 1677021ns > 0ns(timeout)
2023-07-21 18:00:11,968 [BlockDeletingService#1] INFO  impl.FilePerBlockStrategy (FilePerBlockStrategy.java:deleteChunk(254)) - Deleted block file: /home/runner/work/ozone/ozone/hadoop-hdds/container-service/target/test-dir/TestBlockDeletingService/hdds/608c2340-45d8-43b6-9936-06a8287eddf2/current/containerDir129/110753376603538208/chunks/110753376606094113.block
2023-07-21 18:00:11,968 [BlockDeletingService#1] INFO  impl.FilePerBlockStrategy (FilePerBlockStrategy.java:deleteChunk(254)) - Deleted block file: /home/runner/work/ozone/ozone/hadoop-hdds/container-service/target/test-dir/TestBlockDeletingService/hdds/608c2340-45d8-43b6-9936-06a8287eddf2/current/containerDir129/110753376603538208/chunks/110753376606159650.block
2023-07-21 18:00:11,968 [BlockDeletingService#1] INFO  impl.FilePerBlockStrategy (FilePerBlockStrategy.java:deleteChunk(254)) - Deleted block file: /home/runner/work/ozone/ozone/hadoop-hdds/container-service/target/test-dir/TestBlockDeletingService/hdds/608c2340-45d8-43b6-9936-06a8287eddf2/current/containerDir129/110753376603538208/chunks/110753376606290723.block
2023-07-21 18:00:11,968 [BlockDeletingService#3] INFO  impl.FilePerBlockStrategy (FilePerBlockStrategy.java:deleteChunk(254)) - Deleted block file: /home/runner/work/ozone/ozone/hadoop-hdds/container-service/target/test-dir/TestBlockDeletingService/hdds/608c2340-45d8-43b6-9936-06a8287eddf2/current/containerDir1/110753376609501988/chunks/110753376611861285.block
2023-07-21 18:00:11,969 [BlockDeletingService#3] INFO  impl.FilePerBlockStrategy (FilePerBlockStrategy.java:deleteChunk(254)) - Deleted block file: /home/runner/work/ozone/ozone/hadoop-hdds/container-service/target/test-dir/TestBlockDeletingService/hdds/608c2340-45d8-43b6-9936-06a8287eddf2/current/containerDir1/110753376609501988/chunks/110753376611926822.block
2023-07-21 18:00:11,969 [BlockDeletingService#3] INFO  impl.FilePerBlockStrategy (FilePerBlockStrategy.java:deleteChunk(254)) - Deleted block file: /home/runner/work/ozone/ozone/hadoop-hdds/container-service/target/test-dir/TestBlockDeletingService/hdds/608c2340-45d8-43b6-9936-06a8287eddf2/current/containerDir1/110753376609501988/chunks/110753376611992359.block
2023-07-21 18:00:11,969 [BlockDeletingService#1] WARN  utils.BackgroundService (BackgroundService.java:lambda$run$0(130)) - BlockDeletingService Background task execution took 5749974ns > 0ns(timeout)
2023-07-21 18:00:11,969 [BlockDeletingService#3] WARN  utils.BackgroundService (BackgroundService.java:lambda$run$0(130)) - BlockDeletingService Background task execution took 5385769ns > 0ns(timeout)
2023-07-21 18:00:12,062 [BlockDeletingService#4] INFO  interfaces.ContainerDeletionChoosingPolicyTemplate (ContainerDeletionChoosingPolicyTemplate.java:chooseContainerForBlockDeletion(83)) - Chosen 5/5 blocks from 2 candidate containers.
2023-07-21 18:00:12,064 [BlockDeletingService#6] INFO  impl.FilePerBlockStrategy (FilePerBlockStrategy.java:deleteChunk(254)) - Deleted block file: /home/runner/work/ozone/ozone/hadoop-hdds/container-service/target/test-dir/TestBlockDeletingService/hdds/608c2340-45d8-43b6-9936-06a8287eddf2/current/containerDir1/110753376615269160/chunks/110753376617431849.block
2023-07-21 18:00:12,064 [BlockDeletingService#6] INFO  impl.FilePerBlockStrategy (FilePerBlockStrategy.java:deleteChunk(254)) - Deleted block file: /home/runner/work/ozone/ozone/hadoop-hdds/container-service/target/test-dir/TestBlockDeletingService/hdds/608c2340-45d8-43b6-9936-06a8287eddf2/current/containerDir1/110753376615269160/chunks/110753376617562922.block
2023-07-21 18:00:12,064 [BlockDeletingService#6] INFO  impl.FilePerBlockStrategy (FilePerBlockStrategy.java:deleteChunk(254)) - Deleted block file: /home/runner/work/ozone/ozone/hadoop-hdds/container-service/target/test-dir/TestBlockDeletingService/hdds/608c2340-45d8-43b6-9936-06a8287eddf2/current/containerDir1/110753376615269160/chunks/110753376617628459.block
2023-07-21 18:00:12,065 [BlockDeletingService#0] INFO  impl.FilePerBlockStrategy (BackgroundService.java:lambda$run$0(130)) - BlockDeletingService Background task execution took 1983825ns > 0ns(timeout)
FilePerBlockStrategy.java:deleteChunk(254)) - Deleted block file: /home/runner/work/ozone/ozone/hadoop-hdds/container-service/target/test-dir/TestBlockDeletingService/hdds/608c2340-45d8-43b6-9936-06a8287eddf2/current/containerDir1/110753376597443356/chunks/110753376599999262.block
2023-07-21 18:00:12,065 [BlockDeletingService#0] INFO  impl.FilePerBlockStrategy (FilePerBlockStrategy.java:deleteChunk(254)) - Deleted block file: /home/runner/work/ozone/ozone/hadoop-hdds/container-service/target/test-dir/TestBlockDeletingService/hdds/608c2340-45d8-43b6-9936-06a8287eddf2/current/containerDir1/110753376597443356/chunks/110753376600130335.block
2023-07-21 18:00:12,065 [BlockDeletingService#0] WARN  utils.BackgroundService (BackgroundService.java:lambda$run$0(130)) - BlockDeletingService Background task execution took 1126315ns > 0ns(timeout)
2023-07-21 18:00:12,065 [BlockDeletingService#6] WARN  utils.BackgroundService (BackgroundService.java:lambda$run$0(130)) - BlockDeletingService Background task execution took 1983825ns > 0ns(timeout)
2023-07-21 18:00:12,161 [Time-limited test] INFO  utils.BackgroundService (BackgroundService.java:shutdown(141)) - Shutting down service BlockDeletingService
]]></system-out>
  </testcase>
  <testcase name="testBlockThrottle" classname="TestBlockDeletingService" time="0.778">
    <system-out><![CDATA[2023-07-21 18:00:14,302 [main] INFO  volume.HddsVolume (HddsVolume.java:<init>(126)) - Creating HddsVolume: /home/runner/work/ozone/ozone/hadoop-hdds/container-service/target/test-dir/TestBlockDeletingService/hdds of storage type : DISK capacity : 9223372036854775807
2023-07-21 18:00:14,304 [main] INFO  volume.MutableVolumeSet (MutableVolumeSet.java:initializeVolumeSet(175)) - Added Volume : /home/runner/work/ozone/ozone/hadoop-hdds/container-service/target/test-dir/TestBlockDeletingService/hdds to VolumeSet
2023-07-21 18:00:14,512 [BlockDeletingService#1] INFO  interfaces.ContainerDeletionChoosingPolicyTemplate (ContainerDeletionChoosingPolicyTemplate.java:chooseContainerForBlockDeletion(83)) - Chosen 0/3 blocks from 0 candidate containers.
2023-07-21 18:00:14,857 [BlockDeletingService#0] INFO  interfaces.ContainerDeletionChoosingPolicyTemplate (ContainerDeletionChoosingPolicyTemplate.java:chooseContainerForBlockDeletion(83)) - Chosen 10/0 blocks from 5 candidate containers.
2023-07-21 18:00:14,859 [BlockDeletingService#1] INFO  impl.FilePerBlockStrategy (FilePerBlockStrategy.java:deleteChunk(254)) - Deleted block file: /home/runner/work/ozone/ozone/hadoop-hdds/container-service/target/test-dir/TestBlockDeletingService/hdds/49e7714a-1dcf-42f4-a20d-e75214d81112/current/containerDir129/110753376810894265/chunks/110753376813056954.block
2023-07-21 18:00:14,859 [BlockDeletingService#2] INFO  impl.FilePerBlockStrategy (FilePerBlockStrategy.java:deleteChunk(254)) - Deleted block file: /home/runner/work/ozone/ozone/hadoop-hdds/container-service/target/test-dir/TestBlockDeletingService/hdds/49e7714a-1dcf-42f4-a20d-e75214d81112/current/containerDir1/110753376787235753/chunks/110753376789660586.block
2023-07-21 18:00:14,860 [BlockDeletingService#0] INFO  impl.FilePerBlockStrategy (FilePerBlockStrategy.java:deleteChunk(254)) - Deleted block file: /home/runner/work/ozone/ozone/hadoop-hdds/container-service/target/test-dir/TestBlockDeletingService/hdds/49e7714a-1dcf-42f4-a20d-e75214d81112/current/containerDir1/110753376793133997/chunks/110753376795558830.block
2023-07-21 18:00:14,859 [BlockDeletingService#1] INFO  impl.FilePerBlockStrategy (FilePerBlockStrategy.java:deleteChunk(254)) - Deleted block file: /home/runner/work/ozone/ozone/hadoop-hdds/container-service/target/test-dir/TestBlockDeletingService/hdds/49e7714a-1dcf-42f4-a20d-e75214d81112/current/containerDir129/110753376810894265/chunks/110753376813188027.block
2023-07-21 18:00:14,860 [BlockDeletingService#0] INFO  impl.FilePerBlockStrategy (FilePerBlockStrategy.java:deleteChunk(254)) - Deleted block file: /home/runner/work/ozone/ozone/hadoop-hdds/container-service/target/test-dir/TestBlockDeletingService/hdds/49e7714a-1dcf-42f4-a20d-e75214d81112/current/containerDir1/110753376793133997/chunks/110753376795689903.block
2023-07-21 18:00:14,860 [BlockDeletingService#1] INFO  impl.FilePerBlockStrategy (FilePerBlockStrategy.java:deleteChunk(254)) - Deleted block file: /home/runner/work/ozone/ozone/hadoop-hdds/container-service/target/test-dir/TestBlockDeletingService/hdds/49e7714a-1dcf-42f4-a20d-e75214d81112/current/containerDir129/110753376810894265/chunks/110753376813253564.block
2023-07-21 18:00:14,860 [BlockDeletingService#0] INFO  impl.FilePerBlockStrategy (FilePerBlockStrategy.java:deleteChunk(254)) - Deleted block file: /home/runner/work/ozone/ozone/hadoop-hdds/container-service/target/test-dir/TestBlockDeletingService/hdds/49e7714a-1dcf-42f4-a20d-e75214d81112/current/containerDir1/110753376793133997/chunks/110753376795820976.block
2023-07-21 18:00:14,861 [BlockDeletingService#1] WARN  utils.BackgroundService (BackgroundService.java:lambda$run$0(130)) - BlockDeletingService Background task execution took 2957638ns > 0ns(timeout)
2023-07-21 18:00:14,861 [BlockDeletingService#0] WARN  utils.BackgroundService (BackgroundService.java:lambda$run$0(130)) - BlockDeletingService Background task execution took 1512520ns > 0ns(timeout)
2023-07-21 18:00:14,861 [BlockDeletingService#2] WARN  utils.BackgroundService (BackgroundService.java:lambda$run$0(130)) - BlockDeletingService Background task execution took 3339342ns > 0ns(timeout)
2023-07-21 18:00:14,865 [BlockDeletingService#3] INFO  impl.FilePerBlockStrategy (FilePerBlockStrategy.java:deleteChunk(254)) - Deleted block file: /home/runner/work/ozone/ozone/hadoop-hdds/container-service/target/test-dir/TestBlockDeletingService/hdds/49e7714a-1dcf-42f4-a20d-e75214d81112/current/containerDir1/110753376805061557/chunks/110753376807289782.block
2023-07-21 18:00:14,865 [BlockDeletingService#3] INFO  impl.FilePerBlockStrategy (FilePerBlockStrategy.java:deleteChunk(254)) - Deleted block file: /home/runner/work/ozone/ozone/hadoop-hdds/container-service/target/test-dir/TestBlockDeletingService/hdds/49e7714a-1dcf-42f4-a20d-e75214d81112/current/containerDir1/110753376805061557/chunks/110753376807420855.block
2023-07-21 18:00:14,866 [BlockDeletingService#3] INFO  impl.FilePerBlockStrategy (FilePerBlockStrategy.java:deleteChunk(254)) - Deleted block file: /home/runner/work/ozone/ozone/hadoop-hdds/container-service/target/test-dir/TestBlockDeletingService/hdds/49e7714a-1dcf-42f4-a20d-e75214d81112/current/containerDir1/110753376805061557/chunks/110753376807486392.block
2023-07-21 18:00:14,866 [BlockDeletingService#3] WARN  utils.BackgroundService (BackgroundService.java:lambda$run$0(130)) - BlockDeletingService Background task execution took 6616584ns > 0ns(timeout)
2023-07-21 18:00:14,957 [BlockDeletingService#1] INFO  interfaces.ContainerDeletionChoosingPolicyTemplate (ContainerDeletionChoosingPolicyTemplate.java:chooseContainerForBlockDeletion(83)) - Chosen 5/5 blocks from 2 candidate containers.
2023-07-21 18:00:14,958 [BlockDeletingService#0] INFO  impl.FilePerBlockStrategy (FilePerBlockStrategy.java:deleteChunk(254)) - Deleted block file: /home/runner/work/ozone/ozone/hadoop-hdds/container-service/target/test-dir/TestBlockDeletingService/hdds/49e7714a-1dcf-42f4-a20d-e75214d81112/current/containerDir1/110753376787235753/chunks/110753376789726123.block
2023-07-21 18:00:14,958 [BlockDeletingService#4] INFO  impl.FilePerBlockStrategy (FilePerBlockStrategy.java:deleteChunk(254)) - Deleted block file: /home/runner/work/ozone/ozone/hadoop-hdds/container-service/target/test-dir/TestBlockDeletingService/hdds/49e7714a-1dcf-42f4-a20d-e75214d81112/current/containerDir129/110753376799228849/chunks/110753376801457074.block
2023-07-21 18:00:14,959 [BlockDeletingService#4] INFO  impl.FilePerBlockStrategy (FilePerBlockStrategy.java:deleteChunk(254)) - Deleted block file: /home/runner/work/ozone/ozone/hadoop-hdds/container-service/target/test-dir/TestBlockDeletingService/hdds/49e7714a-1dcf-42f4-a20d-e75214d81112/current/containerDir129/110753376799228849/chunks/110753376801522611.block
2023-07-21 18:00:14,959 [BlockDeletingService#4] INFO  impl.FilePerBlockStrategy (FilePerBlockStrategy.java:deleteChunk(254)) - Deleted block file: /home/runner/work/ozone/ozone/hadoop-hdds/container-service/target/test-dir/TestBlockDeletingService/hdds/49e7714a-1dcf-42f4-a20d-e75214d81112/current/containerDir129/110753376799228849/chunks/110753376801588148.block
2023-07-21 18:00:14,959 [BlockDeletingService#4] WARN  utils.BackgroundService (BackgroundService.java:lambda$run$0(130)) - BlockDeletingService Background task execution took 2295229ns > 0ns(timeout)
2023-07-21 18:00:14,958 [BlockDeletingService#0] INFO  impl.FilePerBlockStrategy (FilePerBlockStrategy.java:deleteChunk(254)) - Deleted block file: /home/runner/work/ozone/ozone/hadoop-hdds/container-service/target/test-dir/TestBlockDeletingService/hdds/49e7714a-1dcf-42f4-a20d-e75214d81112/current/containerDir1/110753376787235753/chunks/110753376789791660.block
2023-07-21 18:00:14,960 [BlockDeletingService#0] WARN  utils.BackgroundService (BackgroundService.java:lambda$run$0(130)) - BlockDeletingService Background task execution took 2446931ns > 0ns(timeout)
2023-07-21 18:00:15,056 [Time-limited test] INFO  utils.BackgroundService (BackgroundService.java:shutdown(141)) - Shutting down service BlockDeletingService
]]></system-out>
  </testcase>
  <testcase name="testBlockThrottle" classname="TestBlockDeletingService" time="0.657">
    <system-out><![CDATA[2023-07-21 18:00:17,172 [main] INFO  volume.HddsVolume (HddsVolume.java:<init>(126)) - Creating HddsVolume: /home/runner/work/ozone/ozone/hadoop-hdds/container-service/target/test-dir/TestBlockDeletingService/hdds of storage type : DISK capacity : 9223372036854775807
2023-07-21 18:00:17,174 [main] INFO  volume.MutableVolumeSet (MutableVolumeSet.java:initializeVolumeSet(175)) - Added Volume : /home/runner/work/ozone/ozone/hadoop-hdds/container-service/target/test-dir/TestBlockDeletingService/hdds to VolumeSet
2023-07-21 18:00:17,208 [main] INFO  utils.DatanodeStoreCache (DatanodeStoreCache.java:addDB(66)) - Added db /home/runner/work/ozone/ozone/hadoop-hdds/container-service/target/test-dir/TestBlockDeletingService/hdds/728212bd-7c20-4a83-b819-2c32682fafeb/DS-e81ea91e-a4d8-41d9-8270-53d1200929a0/container.db to cache
2023-07-21 18:00:17,208 [main] INFO  volume.HddsVolume (HddsVolume.java:createDbStore(422)) - SchemaV3 db is created and loaded at /home/runner/work/ozone/ozone/hadoop-hdds/container-service/target/test-dir/TestBlockDeletingService/hdds/728212bd-7c20-4a83-b819-2c32682fafeb/DS-e81ea91e-a4d8-41d9-8270-53d1200929a0/container.db for volume DS-e81ea91e-a4d8-41d9-8270-53d1200929a0
2023-07-21 18:00:17,514 [BlockDeletingService#1] INFO  interfaces.ContainerDeletionChoosingPolicyTemplate (ContainerDeletionChoosingPolicyTemplate.java:chooseContainerForBlockDeletion(83)) - Chosen 0/3 blocks from 0 candidate containers.
2023-07-21 18:00:17,613 [BlockDeletingService#0] INFO  interfaces.ContainerDeletionChoosingPolicyTemplate (ContainerDeletionChoosingPolicyTemplate.java:chooseContainerForBlockDeletion(83)) - Chosen 10/0 blocks from 5 candidate containers.
2023-07-21 18:00:17,615 [BlockDeletingService#0] INFO  impl.FilePerBlockStrategy (FilePerBlockStrategy.java:deleteChunk(254)) - Deleted block file: /home/runner/work/ozone/ozone/hadoop-hdds/container-service/target/test-dir/TestBlockDeletingService/hdds/728212bd-7c20-4a83-b819-2c32682fafeb/current/containerDir130/110753376977617977/chunks/110753376977814586.block
2023-07-21 18:00:17,616 [BlockDeletingService#0] INFO  impl.FilePerBlockStrategy (FilePerBlockStrategy.java:deleteChunk(254)) - Deleted block file: /home/runner/work/ozone/ozone/hadoop-hdds/container-service/target/test-dir/TestBlockDeletingService/hdds/728212bd-7c20-4a83-b819-2c32682fafeb/current/containerDir130/110753376977617977/chunks/110753376977945659.block
2023-07-21 18:00:17,616 [BlockDeletingService#0] INFO  impl.FilePerBlockStrategy (FilePerBlockStrategy.java:deleteChunk(254)) - Deleted block file: /home/runner/work/ozone/ozone/hadoop-hdds/container-service/target/test-dir/TestBlockDeletingService/hdds/728212bd-7c20-4a83-b819-2c32682fafeb/current/containerDir130/110753376977617977/chunks/110753376978076732.block
2023-07-21 18:00:17,616 [BlockDeletingService#2] INFO  impl.FilePerBlockStrategy (FilePerBlockStrategy.java:deleteChunk(254)) - Deleted block file: /home/runner/work/ozone/ozone/hadoop-hdds/container-service/target/test-dir/TestBlockDeletingService/hdds/728212bd-7c20-4a83-b819-2c32682fafeb/current/containerDir2/110753376988955717/chunks/110753376989152326.block
2023-07-21 18:00:17,616 [BlockDeletingService#0] WARN  utils.BackgroundService (BackgroundService.java:lambda$run$0(130)) - BlockDeletingService Background task execution took 1682421ns > 0ns(timeout)
2023-07-21 18:00:17,616 [BlockDeletingService#2] WARN  utils.BackgroundService (BackgroundService.java:lambda$run$0(130)) - BlockDeletingService Background task execution took 2516631ns > 0ns(timeout)
2023-07-21 18:00:17,617 [BlockDeletingService#3] INFO  impl.FilePerBlockStrategy (FilePerBlockStrategy.java:deleteChunk(254)) - Deleted block file: /home/runner/work/ozone/ozone/hadoop-hdds/container-service/target/test-dir/TestBlockDeletingService/hdds/728212bd-7c20-4a83-b819-2c32682fafeb/current/containerDir130/110753376985220161/chunks/110753376985416770.block
2023-07-21 18:00:17,618 [BlockDeletingService#3] INFO  impl.FilePerBlockStrategy (FilePerBlockStrategy.java:deleteChunk(254)) - Deleted block file: /home/runner/work/ozone/ozone/hadoop-hdds/container-service/target/test-dir/TestBlockDeletingService/hdds/728212bd-7c20-4a83-b819-2c32682fafeb/current/containerDir130/110753376985220161/chunks/110753376985482307.block
2023-07-21 18:00:17,619 [BlockDeletingService#3] INFO  impl.FilePerBlockStrategy (FilePerBlockStrategy.java:deleteChunk(254)) - Deleted block file: /home/runner/work/ozone/ozone/hadoop-hdds/container-service/target/test-dir/TestBlockDeletingService/hdds/728212bd-7c20-4a83-b819-2c32682fafeb/current/containerDir130/110753376985220161/chunks/110753376985547844.block
2023-07-21 18:00:17,619 [BlockDeletingService#3] WARN  utils.BackgroundService (BackgroundService.java:lambda$run$0(130)) - BlockDeletingService Background task execution took 4974262ns > 0ns(timeout)
2023-07-21 18:00:17,619 [BlockDeletingService#1] INFO  impl.FilePerBlockStrategy (FilePerBlockStrategy.java:deleteChunk(254)) - Deleted block file: /home/runner/work/ozone/ozone/hadoop-hdds/container-service/target/test-dir/TestBlockDeletingService/hdds/728212bd-7c20-4a83-b819-2c32682fafeb/current/containerDir2/110753376993281097/chunks/110753376993543242.block
2023-07-21 18:00:17,620 [BlockDeletingService#1] INFO  impl.FilePerBlockStrategy (FilePerBlockStrategy.java:deleteChunk(254)) - Deleted block file: /home/runner/work/ozone/ozone/hadoop-hdds/container-service/target/test-dir/TestBlockDeletingService/hdds/728212bd-7c20-4a83-b819-2c32682fafeb/current/containerDir2/110753376993281097/chunks/110753376993674315.block
2023-07-21 18:00:17,620 [BlockDeletingService#1] INFO  impl.FilePerBlockStrategy (FilePerBlockStrategy.java:deleteChunk(254)) - Deleted block file: /home/runner/work/ozone/ozone/hadoop-hdds/container-service/target/test-dir/TestBlockDeletingService/hdds/728212bd-7c20-4a83-b819-2c32682fafeb/current/containerDir2/110753376993281097/chunks/110753376993739852.block
2023-07-21 18:00:17,620 [BlockDeletingService#1] WARN  utils.BackgroundService (BackgroundService.java:lambda$run$0(130)) - BlockDeletingService Background task execution took 6538982ns > 0ns(timeout)
2023-07-21 18:00:17,712 [BlockDeletingService#0] INFO  interfaces.ContainerDeletionChoosingPolicyTemplate (ContainerDeletionChoosingPolicyTemplate.java:chooseContainerForBlockDeletion(83)) - Chosen 5/5 blocks from 2 candidate containers.
2023-07-21 18:00:17,713 [BlockDeletingService#3] INFO  impl.FilePerBlockStrategy (FilePerBlockStrategy.java:deleteChunk(254)) - Deleted block file: /home/runner/work/ozone/ozone/hadoop-hdds/container-service/target/test-dir/TestBlockDeletingService/hdds/728212bd-7c20-4a83-b819-2c32682fafeb/current/containerDir2/110753376988955717/chunks/110753376989217863.block
2023-07-21 18:00:17,713 [BlockDeletingService#3] INFO  impl.FilePerBlockStrategy (FilePerBlockStrategy.java:deleteChunk(254)) - Deleted block file: /home/runner/work/ozone/ozone/hadoop-hdds/container-service/target/test-dir/TestBlockDeletingService/hdds/728212bd-7c20-4a83-b819-2c32682fafeb/current/containerDir2/110753376988955717/chunks/110753376989283400.block
2023-07-21 18:00:17,713 [BlockDeletingService#2] INFO  impl.FilePerBlockStrategy (FilePerBlockStrategy.java:deleteChunk(254)) - Deleted block file: /home/runner/work/ozone/ozone/hadoop-hdds/container-service/target/test-dir/TestBlockDeletingService/hdds/728212bd-7c20-4a83-b819-2c32682fafeb/current/containerDir130/110753376981419069/chunks/110753376981615678.block
2023-07-21 18:00:17,715 [BlockDeletingService#2] INFO  impl.FilePerBlockStrategy (FilePerBlockStrategy.java:deleteChunk(254)) - Deleted block file: /home/runner/work/ozone/ozone/hadoop-hdds/container-service/target/test-dir/TestBlockDeletingService/hdds/728212bd-7c20-4a83-b819-2c32682fafeb/current/containerDir130/110753376981419069/chunks/110753376981681215.block
2023-07-21 18:00:17,716 [BlockDeletingService#2] INFO  impl.FilePerBlockStrategy (FilePerBlockStrategy.java:deleteChunk(254)) - Deleted block file: /home/runner/work/ozone/ozone/hadoop-hdds/container-service/target/test-dir/TestBlockDeletingService/hdds/728212bd-7c20-4a83-b819-2c32682fafeb/current/containerDir130/110753376981419069/chunks/110753376981812288.block
2023-07-21 18:00:17,716 [BlockDeletingService#2] WARN  utils.BackgroundService (BackgroundService.java:lambda$run$0(130)) - BlockDeletingService Background task execution took 4037850ns > 0ns(timeout)
2023-07-21 18:00:17,717 [BlockDeletingService#3] WARN  utils.BackgroundService (BackgroundService.java:lambda$run$0(130)) - BlockDeletingService Background task execution took 4227753ns > 0ns(timeout)
2023-07-21 18:00:17,812 [Time-limited test] INFO  utils.BackgroundService (BackgroundService.java:shutdown(141)) - Shutting down service BlockDeletingService
]]></system-out>
  </testcase>
  <testcase name="testPendingDeleteBlockReset" classname="TestBlockDeletingService" time="0.022">
    <system-out><![CDATA[2023-07-21 17:59:59,888 [main] INFO  volume.HddsVolume (HddsVolume.java:<init>(126)) - Creating HddsVolume: /home/runner/work/ozone/ozone/hadoop-hdds/container-service/target/test-dir/TestBlockDeletingService/hdds of storage type : DISK capacity : 9223372036854775807
2023-07-21 17:59:59,895 [main] INFO  volume.MutableVolumeSet (MutableVolumeSet.java:initializeVolumeSet(175)) - Added Volume : /home/runner/work/ozone/ozone/hadoop-hdds/container-service/target/test-dir/TestBlockDeletingService/hdds to VolumeSet
]]></system-out>
  </testcase>
  <testcase name="testPendingDeleteBlockReset" classname="TestBlockDeletingService" time="0.034">
    <system-out><![CDATA[2023-07-21 18:00:02,090 [main] INFO  volume.HddsVolume (HddsVolume.java:<init>(126)) - Creating HddsVolume: /home/runner/work/ozone/ozone/hadoop-hdds/container-service/target/test-dir/TestBlockDeletingService/hdds of storage type : DISK capacity : 9223372036854775807
2023-07-21 18:00:02,100 [main] INFO  volume.MutableVolumeSet (MutableVolumeSet.java:initializeVolumeSet(175)) - Added Volume : /home/runner/work/ozone/ozone/hadoop-hdds/container-service/target/test-dir/TestBlockDeletingService/hdds to VolumeSet
]]></system-out>
  </testcase>
  <testcase name="testPendingDeleteBlockReset" classname="TestBlockDeletingService" time="0.202">
    <system-out><![CDATA[2023-07-21 18:00:04,967 [main] INFO  volume.HddsVolume (HddsVolume.java:<init>(126)) - Creating HddsVolume: /home/runner/work/ozone/ozone/hadoop-hdds/container-service/target/test-dir/TestBlockDeletingService/hdds of storage type : DISK capacity : 9223372036854775807
2023-07-21 18:00:04,969 [main] INFO  volume.MutableVolumeSet (MutableVolumeSet.java:initializeVolumeSet(175)) - Added Volume : /home/runner/work/ozone/ozone/hadoop-hdds/container-service/target/test-dir/TestBlockDeletingService/hdds to VolumeSet
2023-07-21 18:00:05,148 [main] INFO  interfaces.ContainerDeletionChoosingPolicyTemplate (ContainerDeletionChoosingPolicyTemplate.java:chooseContainerForBlockDeletion(83)) - Chosen 2/0 blocks from 2 candidate containers.
2023-07-21 18:00:05,148 [main] INFO  background.BlockDeletingService (BlockDeletingService.java:deleteViaTransactionStore(498)) - No transaction found in container 110753376175391123 with pending delete block count 2
2023-07-21 18:00:05,149 [main] INFO  interfaces.ContainerDeletionChoosingPolicyTemplate (ContainerDeletionChoosingPolicyTemplate.java:chooseContainerForBlockDeletion(83)) - Chosen 1/1 blocks from 1 candidate containers.
2023-07-21 18:00:05,150 [main] INFO  impl.FilePerChunkStrategy (FilePerChunkStrategy.java:deleteChunk(322)) - Deleted chunk file /home/runner/work/ozone/ozone/hadoop-hdds/container-service/target/test-dir/TestBlockDeletingService/hdds/1efc0239-4e43-4614-97e5-4887f31183e0/current/containerDir128/110753376181092756/chunks/110753376183452053_chunk_0_block_0 (size 100) for chunk ChunkInfo{chunkName='110753376183452053_chunk_0_block_0, offset=0, len=100}
]]></system-out>
  </testcase>
  <testcase name="testPendingDeleteBlockReset" classname="TestBlockDeletingService" time="0.173">
    <system-out><![CDATA[2023-07-21 18:00:07,898 [main] INFO  volume.HddsVolume (HddsVolume.java:<init>(126)) - Creating HddsVolume: /home/runner/work/ozone/ozone/hadoop-hdds/container-service/target/test-dir/TestBlockDeletingService/hdds of storage type : DISK capacity : 9223372036854775807
2023-07-21 18:00:07,900 [main] INFO  volume.MutableVolumeSet (MutableVolumeSet.java:initializeVolumeSet(175)) - Added Volume : /home/runner/work/ozone/ozone/hadoop-hdds/container-service/target/test-dir/TestBlockDeletingService/hdds to VolumeSet
2023-07-21 18:00:07,939 [main] INFO  utils.DatanodeStoreCache (DatanodeStoreCache.java:addDB(66)) - Added db /home/runner/work/ozone/ozone/hadoop-hdds/container-service/target/test-dir/TestBlockDeletingService/hdds/8c95c479-ef5f-4e0a-ab0c-aa8a477973d5/DS-79f3965a-30da-457e-9135-3c33ba1a94d5/container.db to cache
2023-07-21 18:00:07,939 [main] INFO  volume.HddsVolume (HddsVolume.java:createDbStore(422)) - SchemaV3 db is created and loaded at /home/runner/work/ozone/ozone/hadoop-hdds/container-service/target/test-dir/TestBlockDeletingService/hdds/8c95c479-ef5f-4e0a-ab0c-aa8a477973d5/DS-79f3965a-30da-457e-9135-3c33ba1a94d5/container.db for volume DS-79f3965a-30da-457e-9135-3c33ba1a94d5
2023-07-21 18:00:08,052 [main] INFO  interfaces.ContainerDeletionChoosingPolicyTemplate (ContainerDeletionChoosingPolicyTemplate.java:chooseContainerForBlockDeletion(83)) - Chosen 2/0 blocks from 2 candidate containers.
2023-07-21 18:00:08,053 [main] INFO  background.BlockDeletingService (BlockDeletingService.java:deleteViaTransactionStore(498)) - No transaction found in container 110753376369967651 with pending delete block count 2
2023-07-21 18:00:08,053 [main] INFO  interfaces.ContainerDeletionChoosingPolicyTemplate (ContainerDeletionChoosingPolicyTemplate.java:chooseContainerForBlockDeletion(83)) - Chosen 1/1 blocks from 1 candidate containers.
2023-07-21 18:00:08,054 [main] INFO  impl.FilePerChunkStrategy (FilePerChunkStrategy.java:deleteChunk(322)) - Deleted chunk file /home/runner/work/ozone/ozone/hadoop-hdds/container-service/target/test-dir/TestBlockDeletingService/hdds/8c95c479-ef5f-4e0a-ab0c-aa8a477973d5/current/containerDir129/110753376373637668/chunks/110753376373834277_chunk_0_block_0 (size 100) for chunk ChunkInfo{chunkName='110753376373834277_chunk_0_block_0, offset=0, len=100}
]]></system-out>
  </testcase>
  <testcase name="testPendingDeleteBlockReset" classname="TestBlockDeletingService" time="0.015">
    <system-out><![CDATA[2023-07-21 18:00:10,145 [main] INFO  volume.HddsVolume (HddsVolume.java:<init>(126)) - Creating HddsVolume: /home/runner/work/ozone/ozone/hadoop-hdds/container-service/target/test-dir/TestBlockDeletingService/hdds of storage type : DISK capacity : 9223372036854775807
2023-07-21 18:00:10,147 [main] INFO  volume.MutableVolumeSet (MutableVolumeSet.java:initializeVolumeSet(175)) - Added Volume : /home/runner/work/ozone/ozone/hadoop-hdds/container-service/target/test-dir/TestBlockDeletingService/hdds to VolumeSet
]]></system-out>
  </testcase>
  <testcase name="testPendingDeleteBlockReset" classname="TestBlockDeletingService" time="0.016">
    <system-out><![CDATA[2023-07-21 18:00:12,190 [main] INFO  volume.HddsVolume (HddsVolume.java:<init>(126)) - Creating HddsVolume: /home/runner/work/ozone/ozone/hadoop-hdds/container-service/target/test-dir/TestBlockDeletingService/hdds of storage type : DISK capacity : 9223372036854775807
2023-07-21 18:00:12,192 [main] INFO  volume.MutableVolumeSet (MutableVolumeSet.java:initializeVolumeSet(175)) - Added Volume : /home/runner/work/ozone/ozone/hadoop-hdds/container-service/target/test-dir/TestBlockDeletingService/hdds to VolumeSet
]]></system-out>
  </testcase>
  <testcase name="testPendingDeleteBlockReset" classname="TestBlockDeletingService" time="0.198">
    <system-out><![CDATA[2023-07-21 18:00:15,081 [main] INFO  volume.HddsVolume (HddsVolume.java:<init>(126)) - Creating HddsVolume: /home/runner/work/ozone/ozone/hadoop-hdds/container-service/target/test-dir/TestBlockDeletingService/hdds of storage type : DISK capacity : 9223372036854775807
2023-07-21 18:00:15,083 [main] INFO  volume.MutableVolumeSet (MutableVolumeSet.java:initializeVolumeSet(175)) - Added Volume : /home/runner/work/ozone/ozone/hadoop-hdds/container-service/target/test-dir/TestBlockDeletingService/hdds to VolumeSet
2023-07-21 18:00:15,259 [main] INFO  interfaces.ContainerDeletionChoosingPolicyTemplate (ContainerDeletionChoosingPolicyTemplate.java:chooseContainerForBlockDeletion(83)) - Chosen 2/0 blocks from 2 candidate containers.
2023-07-21 18:00:15,259 [main] INFO  background.BlockDeletingService (BlockDeletingService.java:deleteViaTransactionStore(498)) - No transaction found in container 110753376838288317 with pending delete block count 2
2023-07-21 18:00:15,260 [main] INFO  interfaces.ContainerDeletionChoosingPolicyTemplate (ContainerDeletionChoosingPolicyTemplate.java:chooseContainerForBlockDeletion(83)) - Chosen 1/1 blocks from 1 candidate containers.
2023-07-21 18:00:15,260 [main] INFO  impl.FilePerBlockStrategy (FilePerBlockStrategy.java:deleteChunk(254)) - Deleted block file: /home/runner/work/ozone/ozone/hadoop-hdds/container-service/target/test-dir/TestBlockDeletingService/hdds/599d7a2b-10b6-45be-9962-9aba80eff5b6/current/containerDir1/110753376844121022/chunks/110753376846218175.block
]]></system-out>
  </testcase>
  <testcase name="testPendingDeleteBlockReset" classname="TestBlockDeletingService" time="0.181">
    <system-out><![CDATA[2023-07-21 18:00:17,831 [main] INFO  volume.HddsVolume (HddsVolume.java:<init>(126)) - Creating HddsVolume: /home/runner/work/ozone/ozone/hadoop-hdds/container-service/target/test-dir/TestBlockDeletingService/hdds of storage type : DISK capacity : 9223372036854775807
2023-07-21 18:00:17,833 [main] INFO  volume.MutableVolumeSet (MutableVolumeSet.java:initializeVolumeSet(175)) - Added Volume : /home/runner/work/ozone/ozone/hadoop-hdds/container-service/target/test-dir/TestBlockDeletingService/hdds to VolumeSet
2023-07-21 18:00:17,872 [main] INFO  utils.DatanodeStoreCache (DatanodeStoreCache.java:addDB(66)) - Added db /home/runner/work/ozone/ozone/hadoop-hdds/container-service/target/test-dir/TestBlockDeletingService/hdds/8cb56719-2dfd-4de6-80e4-bda535eb588e/DS-916c09c9-1144-4061-9587-22844981c8a2/container.db to cache
2023-07-21 18:00:17,873 [main] INFO  volume.HddsVolume (HddsVolume.java:createDbStore(422)) - SchemaV3 db is created and loaded at /home/runner/work/ozone/ozone/hadoop-hdds/container-service/target/test-dir/TestBlockDeletingService/hdds/8cb56719-2dfd-4de6-80e4-bda535eb588e/DS-916c09c9-1144-4061-9587-22844981c8a2/container.db for volume DS-916c09c9-1144-4061-9587-22844981c8a2
2023-07-21 18:00:17,993 [main] INFO  interfaces.ContainerDeletionChoosingPolicyTemplate (ContainerDeletionChoosingPolicyTemplate.java:chooseContainerForBlockDeletion(83)) - Chosen 2/0 blocks from 2 candidate containers.
2023-07-21 18:00:17,993 [main] INFO  background.BlockDeletingService (BlockDeletingService.java:deleteViaTransactionStore(498)) - No transaction found in container 110753377021002829 with pending delete block count 2
2023-07-21 18:00:17,994 [main] INFO  interfaces.ContainerDeletionChoosingPolicyTemplate (ContainerDeletionChoosingPolicyTemplate.java:chooseContainerForBlockDeletion(83)) - Chosen 1/1 blocks from 1 candidate containers.
2023-07-21 18:00:17,994 [main] INFO  impl.FilePerBlockStrategy (FilePerBlockStrategy.java:deleteChunk(254)) - Deleted block file: /home/runner/work/ozone/ozone/hadoop-hdds/container-service/target/test-dir/TestBlockDeletingService/hdds/8cb56719-2dfd-4de6-80e4-bda535eb588e/current/containerDir130/110753377025197134/chunks/110753377025393743.block
]]></system-out>
  </testcase>
</testsuite>