<?xml version="1.0" encoding="UTF-8"?>
<testsuite xmlns:xsi="http://www.w3.org/2001/XMLSchema-instance" xsi:noNamespaceSchemaLocation="https://maven.apache.org/surefire/maven-surefire-plugin/xsd/surefire-test-report-3.0.xsd" version="3.0" name="org.apache.hadoop.hdds.scm.storage.TestCommitWatcher" time="359.517" tests="2" errors="1" skipped="0" failures="0">
  <properties>
    <property name="java.specification.version" value="17"/>
    <property name="sun.jnu.encoding" value="UTF-8"/>
    <property name="gradle.enterprise.listener.surefire.forkId" value="1"/>
    <property name="java.class.path" value="/home/runner/work/ozone/ozone/hadoop-ozone/integration-test/target/test-classes:/home/runner/work/ozone/ozone/hadoop-ozone/integration-test/target/classes:/home/runner/work/ozone/ozone/hadoop-ozone/common/target/classes:/home/runner/.m2/repository/io/grpc/grpc-netty/1.58.0/grpc-netty-1.58.0.jar:/home/runner/.m2/repository/io/grpc/grpc-core/1.58.0/grpc-core-1.58.0.jar:/home/runner/.m2/repository/com/google/android/annotations/4.1.1.4/annotations-4.1.1.4.jar:/home/runner/.m2/repository/org/codehaus/mojo/animal-sniffer-annotations/1.23/animal-sniffer-annotations-1.23.jar:/home/runner/.m2/repository/io/grpc/grpc-context/1.58.0/grpc-context-1.58.0.jar:/home/runner/.m2/repository/io/grpc/grpc-util/1.58.0/grpc-util-1.58.0.jar:/home/runner/.m2/repository/com/google/errorprone/error_prone_annotations/2.2.0/error_prone_annotations-2.2.0.jar:/home/runner/.m2/repository/io/perfmark/perfmark-api/0.26.0/perfmark-api-0.26.0.jar:/home/runner/.m2/repository/io/netty/netty-codec-http2/4.1.109.Final/netty-codec-http2-4.1.109.Final.jar:/home/runner/.m2/repository/io/netty/netty-common/4.1.109.Final/netty-common-4.1.109.Final.jar:/home/runner/.m2/repository/io/netty/netty-buffer/4.1.109.Final/netty-buffer-4.1.109.Final.jar:/home/runner/.m2/repository/io/netty/netty-codec-http/4.1.109.Final/netty-codec-http-4.1.109.Final.jar:/home/runner/.m2/repository/io/netty/netty-handler-proxy/4.1.109.Final/netty-handler-proxy-4.1.109.Final.jar:/home/runner/.m2/repository/io/netty/netty-codec-socks/4.1.109.Final/netty-codec-socks-4.1.109.Final.jar:/home/runner/.m2/repository/io/netty/netty-tcnative-boringssl-static/2.0.65.Final/netty-tcnative-boringssl-static-2.0.65.Final.jar:/home/runner/.m2/repository/io/netty/netty-tcnative-classes/2.0.65.Final/netty-tcnative-classes-2.0.65.Final.jar:/home/runner/.m2/repository/io/netty/netty-tcnative-boringssl-static/2.0.65.Final/netty-tcnative-boringssl-static-2.0.65.Final-linux-x86_64.jar:/home/runner/.m2/repository/io/netty/netty-tcnative-boringssl-static/2.0.65.Final/netty-tcnative-boringssl-static-2.0.65.Final-linux-aarch_64.jar:/home/runner/.m2/repository/io/netty/netty-tcnative-boringssl-static/2.0.65.Final/netty-tcnative-boringssl-static-2.0.65.Final-osx-x86_64.jar:/home/runner/.m2/repository/io/netty/netty-tcnative-boringssl-static/2.0.65.Final/netty-tcnative-boringssl-static-2.0.65.Final-osx-aarch_64.jar:/home/runner/.m2/repository/io/netty/netty-tcnative-boringssl-static/2.0.65.Final/netty-tcnative-boringssl-static-2.0.65.Final-windows-x86_64.jar:/home/runner/.m2/repository/org/apache/commons/commons-compress/1.26.0/commons-compress-1.26.0.jar:/home/runner/work/ozone/ozone/hadoop-hdds/common/target/classes:/home/runner/work/ozone/ozone/hadoop-hdds/client/target/classes:/home/runner/work/ozone/ozone/hadoop-ozone/interface-client/target/classes:/home/runner/.m2/repository/org/apache/hadoop/hadoop-hdfs-client/3.3.6/hadoop-hdfs-client-3.3.6.jar:/home/runner/.m2/repository/com/squareup/okhttp3/okhttp/4.12.0/okhttp-4.12.0.jar:/home/runner/.m2/repository/com/squareup/okio/okio/3.6.0/okio-3.6.0.jar:/home/runner/.m2/repository/com/squareup/okio/okio-jvm/3.6.0/okio-jvm-3.6.0.jar:/home/runner/.m2/repository/org/jetbrains/kotlin/kotlin-stdlib-jdk8/1.9.22/kotlin-stdlib-jdk8-1.9.22.jar:/home/runner/.m2/repository/org/jetbrains/kotlin/kotlin-stdlib-jdk7/1.9.22/kotlin-stdlib-jdk7-1.9.22.jar:/home/runner/.m2/repository/org/jetbrains/kotlin/kotlin-stdlib-common/1.9.22/kotlin-stdlib-common-1.9.22.jar:/home/runner/work/ozone/ozone/hadoop-hdds/test-utils/target/classes:/home/runner/.m2/repository/org/assertj/assertj-core/3.12.2/assertj-core-3.12.2.jar:/home/runner/.m2/repository/com/google/guava/guava/32.1.3-jre/guava-32.1.3-jre.jar:/home/runner/.m2/repository/com/google/guava/failureaccess/1.0.1/failureaccess-1.0.1.jar:/home/runner/.m2/repository/com/google/guava/listenablefuture/9999.0-empty-to-avoid-conflict-with-guava/listenablefuture-9999.0-empty-to-avoid-conflict-with-guava.jar:/home/runner/.m2/repository/org/checkerframework/checker-qual/3.37.0/checker-qual-3.37.0.jar:/home/runner/.m2/repository/com/google/j2objc/j2objc-annotations/2.8/j2objc-annotations-2.8.jar:/home/runner/.m2/repository/commons-io/commons-io/2.16.1/commons-io-2.16.1.jar:/home/runner/.m2/repository/commons-logging/commons-logging/1.2/commons-logging-1.2.jar:/home/runner/.m2/repository/org/junit/jupiter/junit-jupiter-api/5.10.2/junit-jupiter-api-5.10.2.jar:/home/runner/.m2/repository/org/opentest4j/opentest4j/1.3.0/opentest4j-1.3.0.jar:/home/runner/.m2/repository/org/junit/platform/junit-platform-commons/1.10.2/junit-platform-commons-1.10.2.jar:/home/runner/.m2/repository/ch/qos/reload4j/reload4j/1.2.25/reload4j-1.2.25.jar:/home/runner/.m2/repository/jakarta/annotation/jakarta.annotation-api/2.1.1/jakarta.annotation-api-2.1.1.jar:/home/runner/.m2/repository/org/slf4j/slf4j-api/2.0.12/slf4j-api-2.0.12.jar:/home/runner/.m2/repository/org/apache/logging/log4j/log4j-api/2.17.1/log4j-api-2.17.1.jar:/home/runner/work/ozone/ozone/hadoop-hdds/server-scm/target/classes:/home/runner/.m2/repository/com/google/protobuf/protobuf-java/2.5.0/protobuf-java-2.5.0.jar:/home/runner/work/ozone/ozone/hadoop-hdds/container-service/target/classes:/home/runner/work/ozone/ozone/hadoop-hdds/hadoop-dependency-server/target/classes:/home/runner/.m2/repository/com/nimbusds/nimbus-jose-jwt/9.37.2/nimbus-jose-jwt-9.37.2.jar:/home/runner/.m2/repository/com/github/stephenc/jcip/jcip-annotations/1.0-1/jcip-annotations-1.0-1.jar:/home/runner/.m2/repository/org/apache/hadoop/hadoop-hdfs/3.3.6/hadoop-hdfs-3.3.6.jar:/home/runner/.m2/repository/commons-daemon/commons-daemon/1.3.4/commons-daemon-1.3.4.jar:/home/runner/.m2/repository/org/apache/kerby/kerb-core/1.0.1/kerb-core-1.0.1.jar:/home/runner/.m2/repository/org/apache/kerby/kerby-pkix/1.0.1/kerby-pkix-1.0.1.jar:/home/runner/.m2/repository/org/apache/kerby/kerby-asn1/1.0.1/kerby-asn1-1.0.1.jar:/home/runner/.m2/repository/org/apache/kerby/kerby-util/1.0.1/kerby-util-1.0.1.jar:/home/runner/.m2/repository/org/apache/kerby/kerb-util/1.0.1/kerb-util-1.0.1.jar:/home/runner/.m2/repository/org/apache/kerby/kerby-config/1.0.1/kerby-config-1.0.1.jar:/home/runner/.m2/repository/org/apache/kerby/kerb-crypto/1.0.1/kerb-crypto-1.0.1.jar:/home/runner/.m2/repository/org/xerial/snappy/snappy-java/1.1.10.5/snappy-java-1.1.10.5.jar:/home/runner/work/ozone/ozone/hadoop-hdds/framework/target/classes:/home/runner/.m2/repository/org/bouncycastle/bcprov-jdk18on/1.78.1/bcprov-jdk18on-1.78.1.jar:/home/runner/.m2/repository/io/dropwizard/metrics/metrics-core/3.2.4/metrics-core-3.2.4.jar:/home/runner/.m2/repository/org/apache/commons/commons-text/1.11.0/commons-text-1.11.0.jar:/home/runner/work/ozone/ozone/hadoop-hdds/framework/target/test-classes:/home/runner/work/ozone/ozone/hadoop-hdds/interface-server/target/classes:/home/runner/work/ozone/ozone/hadoop-hdds/interface-admin/target/classes:/home/runner/work/ozone/ozone/hadoop-hdds/managed-rocksdb/target/classes:/home/runner/.m2/repository/org/rocksdb/rocksdbjni/7.7.3/rocksdbjni-7.7.3.jar:/home/runner/.m2/repository/org/slf4j/slf4j-reload4j/2.0.12/slf4j-reload4j-2.0.12.jar:/home/runner/.m2/repository/org/apache/commons/commons-configuration2/2.10.1/commons-configuration2-2.10.1.jar:/home/runner/.m2/repository/commons-fileupload/commons-fileupload/1.5/commons-fileupload-1.5.jar:/home/runner/.m2/repository/org/apache/logging/log4j/log4j-core/2.17.1/log4j-core-2.17.1.jar:/home/runner/.m2/repository/com/lmax/disruptor/3.4.4/disruptor-3.4.4.jar:/home/runner/.m2/repository/org/eclipse/jetty/jetty-util/9.4.54.v20240208/jetty-util-9.4.54.v20240208.jar:/home/runner/.m2/repository/org/eclipse/jetty/jetty-server/9.4.54.v20240208/jetty-server-9.4.54.v20240208.jar:/home/runner/.m2/repository/org/eclipse/jetty/jetty-http/9.4.54.v20240208/jetty-http-9.4.54.v20240208.jar:/home/runner/.m2/repository/org/eclipse/jetty/jetty-io/9.4.54.v20240208/jetty-io-9.4.54.v20240208.jar:/home/runner/.m2/repository/org/eclipse/jetty/jetty-servlet/9.4.54.v20240208/jetty-servlet-9.4.54.v20240208.jar:/home/runner/.m2/repository/org/eclipse/jetty/jetty-security/9.4.54.v20240208/jetty-security-9.4.54.v20240208.jar:/home/runner/.m2/repository/org/eclipse/jetty/jetty-util-ajax/9.4.54.v20240208/jetty-util-ajax-9.4.54.v20240208.jar:/home/runner/.m2/repository/org/eclipse/jetty/jetty-webapp/9.4.54.v20240208/jetty-webapp-9.4.54.v20240208.jar:/home/runner/.m2/repository/org/eclipse/jetty/jetty-xml/9.4.54.v20240208/jetty-xml-9.4.54.v20240208.jar:/home/runner/.m2/repository/org/apache/ratis/ratis-server/3.0.1/ratis-server-3.0.1.jar:/home/runner/.m2/repository/org/apache/ratis/ratis-thirdparty-misc/1.0.5/ratis-thirdparty-misc-1.0.5.jar:/home/runner/.m2/repository/org/apache/ratis/ratis-proto/3.0.1/ratis-proto-3.0.1.jar:/home/runner/.m2/repository/org/apache/ratis/ratis-common/3.0.1/ratis-common-3.0.1.jar:/home/runner/.m2/repository/org/apache/ratis/ratis-client/3.0.1/ratis-client-3.0.1.jar:/home/runner/.m2/repository/org/apache/ratis/ratis-server-api/3.0.1/ratis-server-api-3.0.1.jar:/home/runner/.m2/repository/org/apache/ratis/ratis-metrics-api/3.0.1/ratis-metrics-api-3.0.1.jar:/home/runner/.m2/repository/org/apache/ratis/ratis-metrics-dropwizard3/3.0.1/ratis-metrics-dropwizard3-3.0.1.jar:/home/runner/.m2/repository/io/prometheus/simpleclient_dropwizard/0.16.0/simpleclient_dropwizard-0.16.0.jar:/home/runner/.m2/repository/io/prometheus/simpleclient/0.16.0/simpleclient-0.16.0.jar:/home/runner/.m2/repository/io/prometheus/simpleclient_common/0.16.0/simpleclient_common-0.16.0.jar:/home/runner/.m2/repository/com/fasterxml/jackson/datatype/jackson-datatype-jsr310/2.16.1/jackson-datatype-jsr310-2.16.1.jar:/home/runner/.m2/repository/com/fasterxml/jackson/core/jackson-core/2.16.1/jackson-core-2.16.1.jar:/home/runner/work/ozone/ozone/hadoop-hdds/rocksdb-checkpoint-differ/target/classes:/home/runner/.m2/repository/org/jgrapht/jgrapht-core/1.4.0/jgrapht-core-1.4.0.jar:/home/runner/.m2/repository/org/jheaps/jheaps/0.11/jheaps-0.11.jar:/home/runner/.m2/repository/org/jgrapht/jgrapht-ext/1.4.0/jgrapht-ext-1.4.0.jar:/home/runner/.m2/repository/com/github/vlsi/mxgraph/jgraphx/3.9.8.1/jgraphx-3.9.8.1.jar:/home/runner/work/ozone/ozone/hadoop-ozone/ozone-manager/target/classes:/home/runner/.m2/repository/org/aspectj/aspectjrt/1.9.7/aspectjrt-1.9.7.jar:/home/runner/.m2/repository/org/aspectj/aspectjweaver/1.9.7/aspectjweaver-1.9.7.jar:/home/runner/work/ozone/ozone/hadoop-hdds/interface-client/target/classes:/home/runner/.m2/repository/org/apache/hadoop/thirdparty/hadoop-shaded-protobuf_3_7/1.1.1/hadoop-shaded-protobuf_3_7-1.1.1.jar:/home/runner/work/ozone/ozone/hadoop-ozone/interface-storage/target/classes:/home/runner/.m2/repository/org/reflections/reflections/0.10.2/reflections-0.10.2.jar:/home/runner/.m2/repository/com/sun/jersey/jersey-client/1.19.4/jersey-client-1.19.4.jar:/home/runner/.m2/repository/org/codehaus/jackson/jackson-core-asl/1.9.13/jackson-core-asl-1.9.13.jar:/home/runner/.m2/repository/org/codehaus/jackson/jackson-mapper-asl/1.9.13/jackson-mapper-asl-1.9.13.jar:/home/runner/.m2/repository/org/codehaus/jackson/jackson-jaxrs/1.9.13/jackson-jaxrs-1.9.13.jar:/home/runner/.m2/repository/org/apache/ranger/ranger-intg/2.3.0/ranger-intg-2.3.0.jar:/home/runner/.m2/repository/org/apache/ranger/ranger-plugins-common/2.3.0/ranger-plugins-common-2.3.0.jar:/home/runner/.m2/repository/commons-lang/commons-lang/2.6/commons-lang-2.6.jar:/home/runner/.m2/repository/org/apache/ranger/ranger-plugins-cred/2.3.0/ranger-plugins-cred-2.3.0.jar:/home/runner/.m2/repository/org/apache/ranger/ranger-plugins-audit/2.3.0/ranger-plugins-audit-2.3.0.jar:/home/runner/.m2/repository/org/eclipse/jetty/jetty-client/9.4.54.v20240208/jetty-client-9.4.54.v20240208.jar:/home/runner/.m2/repository/org/apache/httpcomponents/httpmime/4.5.6/httpmime-4.5.6.jar:/home/runner/.m2/repository/org/apache/httpcomponents/httpcore-nio/4.4.16/httpcore-nio-4.4.16.jar:/home/runner/.m2/repository/org/apache/httpcomponents/httpasyncclient/4.1.3/httpasyncclient-4.1.3.jar:/home/runner/.m2/repository/com/carrotsearch/hppc/0.8.0/hppc-0.8.0.jar:/home/runner/.m2/repository/org/apache/orc/orc-core/1.5.8/orc-core-1.5.8.jar:/home/runner/.m2/repository/net/java/dev/jna/jna/5.2.0/jna-5.2.0.jar:/home/runner/.m2/repository/net/java/dev/jna/jna-platform/5.2.0/jna-platform-5.2.0.jar:/home/runner/.m2/repository/com/kstruct/gethostname4j/0.0.2/gethostname4j-0.0.2.jar:/home/runner/.m2/repository/org/apache/ranger/ranger-plugin-classloader/2.3.0/ranger-plugin-classloader-2.3.0.jar:/home/runner/work/ozone/ozone/hadoop-hdds/rocks-native/target/classes:/home/runner/.m2/repository/org/apache/hadoop/hadoop-minikdc/3.3.6/hadoop-minikdc-3.3.6.jar:/home/runner/.m2/repository/org/apache/kerby/kerb-simplekdc/1.0.1/kerb-simplekdc-1.0.1.jar:/home/runner/.m2/repository/org/apache/kerby/kerb-client/1.0.1/kerb-client-1.0.1.jar:/home/runner/.m2/repository/org/apache/kerby/kerb-common/1.0.1/kerb-common-1.0.1.jar:/home/runner/.m2/repository/org/apache/kerby/token-provider/1.0.1/token-provider-1.0.1.jar:/home/runner/.m2/repository/org/apache/kerby/kerb-admin/1.0.1/kerb-admin-1.0.1.jar:/home/runner/.m2/repository/org/apache/kerby/kerb-server/1.0.1/kerb-server-1.0.1.jar:/home/runner/.m2/repository/org/apache/kerby/kerb-identity/1.0.1/kerb-identity-1.0.1.jar:/home/runner/.m2/repository/org/apache/kerby/kerby-xdr/1.0.1/kerby-xdr-1.0.1.jar:/home/runner/.m2/repository/junit/junit/4.13.2/junit-4.13.2.jar:/home/runner/.m2/repository/org/hamcrest/hamcrest-core/1.3/hamcrest-core-1.3.jar:/home/runner/work/ozone/ozone/hadoop-ozone/s3gateway/target/classes:/home/runner/.m2/repository/org/javassist/javassist/3.30.2-GA/javassist-3.30.2-GA.jar:/home/runner/.m2/repository/org/jboss/weld/servlet/weld-servlet-shaded/3.1.9.Final/weld-servlet-shaded-3.1.9.Final.jar:/home/runner/.m2/repository/org/glassfish/jersey/containers/jersey-container-servlet-core/2.42/jersey-container-servlet-core-2.42.jar:/home/runner/.m2/repository/org/glassfish/hk2/external/jakarta.inject/2.6.1/jakarta.inject-2.6.1.jar:/home/runner/.m2/repository/org/glassfish/jersey/core/jersey-common/2.42/jersey-common-2.42.jar:/home/runner/.m2/repository/jakarta/ws/rs/jakarta.ws.rs-api/2.1.6/jakarta.ws.rs-api-2.1.6.jar:/home/runner/.m2/repository/org/glassfish/jersey/ext/cdi/jersey-cdi1x/2.42/jersey-cdi1x-2.42.jar:/home/runner/.m2/repository/org/glassfish/jersey/inject/jersey-hk2/2.42/jersey-hk2-2.42.jar:/home/runner/.m2/repository/org/glassfish/hk2/hk2-locator/2.6.1/hk2-locator-2.6.1.jar:/home/runner/.m2/repository/org/glassfish/jersey/media/jersey-media-jaxb/2.42/jersey-media-jaxb-2.42.jar:/home/runner/.m2/repository/org/glassfish/hk2/osgi-resource-locator/1.0.3/osgi-resource-locator-1.0.3.jar:/home/runner/.m2/repository/org/glassfish/hk2/hk2-api/2.6.1/hk2-api-2.6.1.jar:/home/runner/.m2/repository/org/glassfish/hk2/hk2-utils/2.6.1/hk2-utils-2.6.1.jar:/home/runner/.m2/repository/org/glassfish/hk2/external/aopalliance-repackaged/2.6.1/aopalliance-repackaged-2.6.1.jar:/home/runner/.m2/repository/com/fasterxml/jackson/dataformat/jackson-dataformat-xml/2.16.1/jackson-dataformat-xml-2.16.1.jar:/home/runner/.m2/repository/org/codehaus/woodstox/stax2-api/4.2.2/stax2-api-4.2.2.jar:/home/runner/.m2/repository/com/fasterxml/woodstox/woodstox-core/5.4.0/woodstox-core-5.4.0.jar:/home/runner/.m2/repository/com/fasterxml/jackson/module/jackson-module-jaxb-annotations/2.16.1/jackson-module-jaxb-annotations-2.16.1.jar:/home/runner/.m2/repository/javax/enterprise/cdi-api/2.0/cdi-api-2.0.jar:/home/runner/.m2/repository/javax/el/javax.el-api/3.0.0/javax.el-api-3.0.0.jar:/home/runner/.m2/repository/javax/interceptor/javax.interceptor-api/1.2/javax.interceptor-api-1.2.jar:/home/runner/.m2/repository/javax/inject/javax.inject/1/javax.inject-1.jar:/home/runner/.m2/repository/jakarta/xml/bind/jakarta.xml.bind-api/2.3.3/jakarta.xml.bind-api-2.3.3.jar:/home/runner/.m2/repository/org/glassfish/jaxb/jaxb-runtime/2.3.9/jaxb-runtime-2.3.9.jar:/home/runner/.m2/repository/org/glassfish/jaxb/txw2/2.3.9/txw2-2.3.9.jar:/home/runner/.m2/repository/com/sun/istack/istack-commons-runtime/3.0.12/istack-commons-runtime-3.0.12.jar:/home/runner/.m2/repository/com/sun/activation/jakarta.activation/1.2.2/jakarta.activation-1.2.2.jar:/home/runner/.m2/repository/jakarta/activation/jakarta.activation-api/1.2.2/jakarta.activation-api-1.2.2.jar:/home/runner/.m2/repository/io/grpc/grpc-protobuf/1.58.0/grpc-protobuf-1.58.0.jar:/home/runner/.m2/repository/com/google/api/grpc/proto-google-common-protos/2.22.0/proto-google-common-protos-2.22.0.jar:/home/runner/.m2/repository/io/grpc/grpc-protobuf-lite/1.58.0/grpc-protobuf-lite-1.58.0.jar:/home/runner/.m2/repository/io/grpc/grpc-stub/1.58.0/grpc-stub-1.58.0.jar:/home/runner/.m2/repository/io/netty/netty-transport/4.1.109.Final/netty-transport-4.1.109.Final.jar:/home/runner/.m2/repository/io/netty/netty-resolver/4.1.109.Final/netty-resolver-4.1.109.Final.jar:/home/runner/work/ozone/ozone/hadoop-ozone/csi/target/classes:/home/runner/.m2/repository/com/google/protobuf/protobuf-java-util/3.19.6/protobuf-java-util-3.19.6.jar:/home/runner/.m2/repository/com/google/code/gson/gson/2.10.1/gson-2.10.1.jar:/home/runner/work/ozone/ozone/hadoop-hdds/config/target/classes:/home/runner/.m2/repository/io/netty/netty-transport-native-epoll/4.1.109.Final/netty-transport-native-epoll-4.1.109.Final-linux-x86_64.jar:/home/runner/.m2/repository/io/netty/netty-transport-classes-epoll/4.1.109.Final/netty-transport-classes-epoll-4.1.109.Final.jar:/home/runner/.m2/repository/io/netty/netty-transport-native-unix-common/4.1.109.Final/netty-transport-native-unix-common-4.1.109.Final.jar:/home/runner/work/ozone/ozone/hadoop-ozone/recon/target/classes:/home/runner/work/ozone/ozone/hadoop-ozone/recon-codegen/target/classes:/home/runner/.m2/repository/com/google/inject/guice/6.0.0/guice-6.0.0.jar:/home/runner/.m2/repository/jakarta/inject/jakarta.inject-api/2.0.1/jakarta.inject-api-2.0.1.jar:/home/runner/.m2/repository/aopalliance/aopalliance/1.0/aopalliance-1.0.jar:/home/runner/.m2/repository/com/google/inject/extensions/guice-assistedinject/6.0.0/guice-assistedinject-6.0.0.jar:/home/runner/.m2/repository/com/google/inject/extensions/guice-servlet/6.0.0/guice-servlet-6.0.0.jar:/home/runner/.m2/repository/org/glassfish/jersey/containers/jersey-container-servlet/2.42/jersey-container-servlet-2.42.jar:/home/runner/.m2/repository/org/glassfish/hk2/guice-bridge/2.6.1/guice-bridge-2.6.1.jar:/home/runner/.m2/repository/org/glassfish/jersey/core/jersey-server/2.42/jersey-server-2.42.jar:/home/runner/.m2/repository/org/glassfish/jersey/core/jersey-client/2.42/jersey-client-2.42.jar:/home/runner/.m2/repository/jakarta/validation/jakarta.validation-api/2.0.2/jakarta.validation-api-2.0.2.jar:/home/runner/.m2/repository/org/glassfish/jersey/media/jersey-media-json-jackson/2.42/jersey-media-json-jackson-2.42.jar:/home/runner/.m2/repository/org/glassfish/jersey/ext/jersey-entity-filtering/2.42/jersey-entity-filtering-2.42.jar:/home/runner/.m2/repository/org/jooq/jooq/3.11.10/jooq-3.11.10.jar:/home/runner/.m2/repository/org/jooq/jooq-meta/3.11.10/jooq-meta-3.11.10.jar:/home/runner/.m2/repository/org/jooq/jooq-codegen/3.11.10/jooq-codegen-3.11.10.jar:/home/runner/.m2/repository/com/jolbox/bonecp/0.8.0.RELEASE/bonecp-0.8.0.RELEASE.jar:/home/runner/.m2/repository/org/apache/derby/derby/10.14.2.0/derby-10.14.2.0.jar:/home/runner/.m2/repository/org/xerial/sqlite-jdbc/3.44.1.0/sqlite-jdbc-3.44.1.0.jar:/home/runner/.m2/repository/org/springframework/spring-jdbc/5.3.34/spring-jdbc-5.3.34.jar:/home/runner/.m2/repository/org/springframework/spring-beans/5.3.34/spring-beans-5.3.34.jar:/home/runner/.m2/repository/org/springframework/spring-core/5.3.34/spring-core-5.3.34.jar:/home/runner/.m2/repository/org/springframework/spring-tx/5.3.34/spring-tx-5.3.34.jar:/home/runner/work/ozone/ozone/hadoop-ozone/client/target/classes:/home/runner/work/ozone/ozone/hadoop-hdds/erasurecode/target/classes:/home/runner/work/ozone/ozone/hadoop-ozone/ozonefs/target/classes:/home/runner/work/ozone/ozone/hadoop-ozone/ozonefs-common/target/classes:/home/runner/work/ozone/ozone/hadoop-ozone/tools/target/classes:/home/runner/.m2/repository/com/amazonaws/aws-java-sdk-core/1.12.661/aws-java-sdk-core-1.12.661.jar:/home/runner/.m2/repository/org/apache/httpcomponents/httpclient/4.5.14/httpclient-4.5.14.jar:/home/runner/.m2/repository/org/apache/httpcomponents/httpcore/4.4.16/httpcore-4.4.16.jar:/home/runner/.m2/repository/com/fasterxml/jackson/dataformat/jackson-dataformat-cbor/2.16.1/jackson-dataformat-cbor-2.16.1.jar:/home/runner/.m2/repository/joda-time/joda-time/2.12.7/joda-time-2.12.7.jar:/home/runner/.m2/repository/com/amazonaws/aws-java-sdk-s3/1.12.661/aws-java-sdk-s3-1.12.661.jar:/home/runner/.m2/repository/com/amazonaws/aws-java-sdk-kms/1.12.661/aws-java-sdk-kms-1.12.661.jar:/home/runner/.m2/repository/com/amazonaws/jmespath-java/1.12.661/jmespath-java-1.12.661.jar:/home/runner/.m2/repository/org/kohsuke/metainf-services/metainf-services/1.11/metainf-services-1.11.jar:/home/runner/work/ozone/ozone/hadoop-hdds/tools/target/classes:/home/runner/.m2/repository/org/apache/ratis/ratis-tools/3.0.1/ratis-tools-3.0.1.jar:/home/runner/.m2/repository/commons-cli/commons-cli/1.6.0/commons-cli-1.6.0.jar:/home/runner/.m2/repository/org/apache/commons/commons-lang3/3.14.0/commons-lang3-3.14.0.jar:/home/runner/work/ozone/ozone/hadoop-ozone/ozone-manager/target/test-classes:/home/runner/work/ozone/ozone/hadoop-hdds/common/target/test-classes:/home/runner/work/ozone/ozone/hadoop-hdds/hadoop-dependency-client/target/classes:/home/runner/.m2/repository/info/picocli/picocli/4.7.5/picocli-4.7.5.jar:/home/runner/.m2/repository/com/fasterxml/jackson/core/jackson-annotations/2.16.1/jackson-annotations-2.16.1.jar:/home/runner/work/ozone/ozone/hadoop-hdds/annotations/target/classes:/home/runner/.m2/repository/javax/annotation/javax.annotation-api/1.3.2/javax.annotation-api-1.3.2.jar:/home/runner/.m2/repository/org/apache/ratis/ratis-netty/3.0.1/ratis-netty-3.0.1.jar:/home/runner/.m2/repository/org/apache/ratis/ratis-grpc/3.0.1/ratis-grpc-3.0.1.jar:/home/runner/.m2/repository/org/bouncycastle/bcpkix-jdk18on/1.78.1/bcpkix-jdk18on-1.78.1.jar:/home/runner/.m2/repository/org/bouncycastle/bcutil-jdk18on/1.78.1/bcutil-jdk18on-1.78.1.jar:/home/runner/.m2/repository/commons-validator/commons-validator/1.6/commons-validator-1.6.jar:/home/runner/.m2/repository/commons-beanutils/commons-beanutils/1.9.4/commons-beanutils-1.9.4.jar:/home/runner/.m2/repository/commons-digester/commons-digester/1.8.1/commons-digester-1.8.1.jar:/home/runner/.m2/repository/commons-collections/commons-collections/3.2.2/commons-collections-3.2.2.jar:/home/runner/.m2/repository/io/jaegertracing/jaeger-client/1.8.1/jaeger-client-1.8.1.jar:/home/runner/.m2/repository/io/jaegertracing/jaeger-thrift/1.8.1/jaeger-thrift-1.8.1.jar:/home/runner/.m2/repository/org/apache/thrift/libthrift/0.15.0/libthrift-0.15.0.jar:/home/runner/.m2/repository/io/jaegertracing/jaeger-core/1.8.1/jaeger-core-1.8.1.jar:/home/runner/.m2/repository/io/jaegertracing/jaeger-tracerresolver/1.8.1/jaeger-tracerresolver-1.8.1.jar:/home/runner/.m2/repository/io/opentracing/contrib/opentracing-tracerresolver/0.1.8/opentracing-tracerresolver-0.1.8.jar:/home/runner/.m2/repository/org/jetbrains/kotlin/kotlin-stdlib/1.9.22/kotlin-stdlib-1.9.22.jar:/home/runner/.m2/repository/org/jetbrains/annotations/13.0/annotations-13.0.jar:/home/runner/.m2/repository/io/opentracing/opentracing-util/0.33.0/opentracing-util-0.33.0.jar:/home/runner/.m2/repository/io/opentracing/opentracing-api/0.33.0/opentracing-api-0.33.0.jar:/home/runner/.m2/repository/io/opentracing/opentracing-noop/0.33.0/opentracing-noop-0.33.0.jar:/home/runner/.m2/repository/org/yaml/snakeyaml/2.0/snakeyaml-2.0.jar:/home/runner/.m2/repository/io/grpc/grpc-api/1.58.0/grpc-api-1.58.0.jar:/home/runner/.m2/repository/org/junit/platform/junit-platform-launcher/1.10.2/junit-platform-launcher-1.10.2.jar:/home/runner/.m2/repository/org/junit/platform/junit-platform-engine/1.10.2/junit-platform-engine-1.10.2.jar:/home/runner/.m2/repository/org/apiguardian/apiguardian-api/1.1.2/apiguardian-api-1.1.2.jar:/home/runner/.m2/repository/org/apache/hadoop/hadoop-kms/3.3.6/hadoop-kms-3.3.6.jar:/home/runner/.m2/repository/org/apache/hadoop/hadoop-auth/3.3.6/hadoop-auth-3.3.6.jar:/home/runner/.m2/repository/org/apache/zookeeper/zookeeper/3.8.4/zookeeper-3.8.4.jar:/home/runner/.m2/repository/org/apache/zookeeper/zookeeper-jute/3.8.4/zookeeper-jute-3.8.4.jar:/home/runner/.m2/repository/org/apache/yetus/audience-annotations/0.12.0/audience-annotations-0.12.0.jar:/home/runner/.m2/repository/org/apache/curator/curator-framework/4.2.0/curator-framework-4.2.0.jar:/home/runner/.m2/repository/org/apache/hadoop/thirdparty/hadoop-shaded-guava/1.2.0/hadoop-shaded-guava-1.2.0.jar:/home/runner/.m2/repository/com/sun/jersey/jersey-core/1.19.4/jersey-core-1.19.4.jar:/home/runner/.m2/repository/javax/ws/rs/jsr311-api/1.1.1/jsr311-api-1.1.1.jar:/home/runner/.m2/repository/com/sun/jersey/jersey-server/1.19.4/jersey-server-1.19.4.jar:/home/runner/.m2/repository/javax/servlet/javax.servlet-api/3.1.0/javax.servlet-api-3.1.0.jar:/home/runner/.m2/repository/org/apache/hadoop/hadoop-common/3.3.6/hadoop-common-3.3.6.jar:/home/runner/.m2/repository/org/apache/commons/commons-math3/3.6.1/commons-math3-3.6.1.jar:/home/runner/.m2/repository/commons-net/commons-net/3.10.0/commons-net-3.10.0.jar:/home/runner/.m2/repository/com/sun/jersey/jersey-servlet/1.19.4/jersey-servlet-1.19.4.jar:/home/runner/.m2/repository/com/github/pjfanning/jersey-json/1.20/jersey-json-1.20.jar:/home/runner/.m2/repository/org/codehaus/jettison/jettison/1.1/jettison-1.1.jar:/home/runner/.m2/repository/com/sun/xml/bind/jaxb-impl/2.2.3-1/jaxb-impl-2.2.3-1.jar:/home/runner/.m2/repository/com/google/re2j/re2j/1.7/re2j-1.7.jar:/home/runner/.m2/repository/com/jcraft/jsch/0.1.55/jsch-0.1.55.jar:/home/runner/.m2/repository/org/apache/curator/curator-client/4.2.0/curator-client-4.2.0.jar:/home/runner/.m2/repository/org/apache/curator/curator-recipes/5.2.0/curator-recipes-5.2.0.jar:/home/runner/.m2/repository/com/google/code/findbugs/jsr305/3.0.2/jsr305-3.0.2.jar:/home/runner/.m2/repository/dnsjava/dnsjava/2.1.9/dnsjava-2.1.9.jar:/home/runner/.m2/repository/com/fasterxml/jackson/core/jackson-databind/2.16.1/jackson-databind-2.16.1.jar:/home/runner/.m2/repository/org/apache/hadoop/hadoop-kms/3.3.6/hadoop-kms-3.3.6-tests.jar:/home/runner/work/ozone/ozone/hadoop-hdds/server-scm/target/test-classes:/home/runner/work/ozone/ozone/hadoop-hdds/container-service/target/test-classes:/home/runner/.m2/repository/com/github/luben/zstd-jni/1.5.6-2/zstd-jni-1.5.6-2.jar:/home/runner/.m2/repository/commons-codec/commons-codec/1.15/commons-codec-1.15.jar:/home/runner/.m2/repository/io/netty/netty-codec/4.1.109.Final/netty-codec-4.1.109.Final.jar:/home/runner/.m2/repository/io/netty/netty-handler/4.1.109.Final/netty-handler-4.1.109.Final.jar:/home/runner/work/ozone/ozone/hadoop-hdds/hadoop-dependency-test/target/classes:/home/runner/.m2/repository/org/apache/hadoop/hadoop-common/3.3.6/hadoop-common-3.3.6-tests.jar:/home/runner/.m2/repository/org/apache/hadoop/hadoop-hdfs/3.3.6/hadoop-hdfs-3.3.6-tests.jar:/home/runner/.m2/repository/org/junit/jupiter/junit-jupiter-engine/5.10.2/junit-jupiter-engine-5.10.2.jar:/home/runner/.m2/repository/org/junit/jupiter/junit-jupiter-params/5.10.2/junit-jupiter-params-5.10.2.jar:/home/runner/.m2/repository/org/mockito/mockito-core/4.11.0/mockito-core-4.11.0.jar:/home/runner/.m2/repository/net/bytebuddy/byte-buddy/1.12.19/byte-buddy-1.12.19.jar:/home/runner/.m2/repository/net/bytebuddy/byte-buddy-agent/1.12.19/byte-buddy-agent-1.12.19.jar:/home/runner/.m2/repository/org/objenesis/objenesis/3.3/objenesis-3.3.jar:/home/runner/.m2/repository/org/mockito/mockito-inline/4.11.0/mockito-inline-4.11.0.jar:/home/runner/.m2/repository/org/mockito/mockito-junit-jupiter/4.11.0/mockito-junit-jupiter-4.11.0.jar:/home/runner/.m2/repository/org/apache/hadoop/hadoop-distcp/3.3.6/hadoop-distcp-3.3.6.jar:/home/runner/.m2/repository/org/apache/hadoop/hadoop-mapreduce-client-jobclient/3.3.6/hadoop-mapreduce-client-jobclient-3.3.6.jar:/home/runner/.m2/repository/org/apache/hadoop/hadoop-mapreduce-client-common/3.3.6/hadoop-mapreduce-client-common-3.3.6.jar:/home/runner/.m2/repository/org/apache/hadoop/hadoop-yarn-common/3.3.6/hadoop-yarn-common-3.3.6.jar:/home/runner/.m2/repository/org/apache/hadoop/hadoop-yarn-api/3.3.6/hadoop-yarn-api-3.3.6.jar:/home/runner/.m2/repository/javax/xml/bind/jaxb-api/2.2.11/jaxb-api-2.2.11.jar:/home/runner/.m2/repository/com/sun/jersey/contribs/jersey-guice/1.19.4/jersey-guice-1.19.4.jar:/home/runner/.m2/repository/com/fasterxml/jackson/jaxrs/jackson-jaxrs-json-provider/2.16.1/jackson-jaxrs-json-provider-2.16.1.jar:/home/runner/.m2/repository/com/fasterxml/jackson/jaxrs/jackson-jaxrs-base/2.16.1/jackson-jaxrs-base-2.16.1.jar:/home/runner/.m2/repository/org/apache/hadoop/hadoop-yarn-client/3.3.6/hadoop-yarn-client-3.3.6.jar:/home/runner/.m2/repository/org/eclipse/jetty/websocket/websocket-client/9.4.51.v20230217/websocket-client-9.4.51.v20230217.jar:/home/runner/.m2/repository/org/eclipse/jetty/websocket/websocket-common/9.4.51.v20230217/websocket-common-9.4.51.v20230217.jar:/home/runner/.m2/repository/org/eclipse/jetty/websocket/websocket-api/9.4.51.v20230217/websocket-api-9.4.51.v20230217.jar:/home/runner/.m2/repository/org/jline/jline/3.9.0/jline-3.9.0.jar:/home/runner/.m2/repository/org/apache/hadoop/hadoop-mapreduce-client-core/3.3.6/hadoop-mapreduce-client-core-3.3.6.jar:/home/runner/.m2/repository/org/apache/avro/avro/1.7.7/avro-1.7.7.jar:/home/runner/.m2/repository/com/thoughtworks/paranamer/paranamer/2.3/paranamer-2.3.jar:/home/runner/.m2/repository/org/apache/hadoop/hadoop-annotations/3.3.6/hadoop-annotations-3.3.6.jar:/home/runner/.m2/repository/io/netty/netty/3.10.6.Final/netty-3.10.6.Final.jar:/home/runner/.m2/repository/org/apache/hadoop/hadoop-distcp/3.3.6/hadoop-distcp-3.3.6-tests.jar:/home/runner/.m2/repository/org/hamcrest/hamcrest/2.2/hamcrest-2.2.jar:/home/runner/.m2/repository/org/slf4j/jul-to-slf4j/2.0.12/jul-to-slf4j-2.0.12.jar:/home/runner/work/ozone/ozone/hadoop-ozone/integration-test/target/gradle-enterprise/test-listeners.jar:"/>
    <property name="java.vm.vendor" value="Eclipse Adoptium"/>
    <property name="sun.arch.data.model" value="64"/>
    <property name="test.build.dir" value="/home/runner/work/ozone/ozone/hadoop-ozone/integration-test/target/test-dir"/>
    <property name="test.cache.data" value=""/>
    <property name="java.vendor.url" value="https://adoptium.net/"/>
    <property name="user.timezone" value="Etc/UTC"/>
    <property name="maven-surefire-plugin.argLineAccessArgs" value=" --add-opens java.management/com.sun.jmx.mbeanserver=ALL-UNNAMED --add-exports java.management/com.sun.jmx.mbeanserver=ALL-UNNAMED --add-opens java.base/java.nio=ALL-UNNAMED --add-opens java.base/java.lang=ALL-UNNAMED --add-opens java.base/java.lang.reflect=ALL-UNNAMED"/>
    <property name="os.name" value="Linux"/>
    <property name="java.vm.specification.version" value="17"/>
    <property name="test.build.data" value="/home/runner/work/ozone/ozone/hadoop-ozone/integration-test/target/test-dir"/>
    <property name="sun.java.launcher" value="SUN_STANDARD"/>
    <property name="sun.boot.library.path" value="/usr/lib/jvm/temurin-17-jdk-amd64/lib"/>
    <property name="sun.java.command" value="/home/runner/work/ozone/ozone/hadoop-ozone/integration-test/target/surefire/surefirebooter10021038812596289698.jar /home/runner/work/ozone/ozone/hadoop-ozone/integration-test/target/surefire 2024-05-09T06-11-26_345-jvmRun1 surefire14368584062018061498tmp surefire_910284091594890775171tmp"/>
    <property name="jdk.debug" value="release"/>
    <property name="native.lib.tmp.dir" value="/tmp"/>
    <property name="surefire.test.class.path" value="/home/runner/work/ozone/ozone/hadoop-ozone/integration-test/target/test-classes:/home/runner/work/ozone/ozone/hadoop-ozone/integration-test/target/classes:/home/runner/work/ozone/ozone/hadoop-ozone/common/target/classes:/home/runner/.m2/repository/io/grpc/grpc-netty/1.58.0/grpc-netty-1.58.0.jar:/home/runner/.m2/repository/io/grpc/grpc-core/1.58.0/grpc-core-1.58.0.jar:/home/runner/.m2/repository/com/google/android/annotations/4.1.1.4/annotations-4.1.1.4.jar:/home/runner/.m2/repository/org/codehaus/mojo/animal-sniffer-annotations/1.23/animal-sniffer-annotations-1.23.jar:/home/runner/.m2/repository/io/grpc/grpc-context/1.58.0/grpc-context-1.58.0.jar:/home/runner/.m2/repository/io/grpc/grpc-util/1.58.0/grpc-util-1.58.0.jar:/home/runner/.m2/repository/com/google/errorprone/error_prone_annotations/2.2.0/error_prone_annotations-2.2.0.jar:/home/runner/.m2/repository/io/perfmark/perfmark-api/0.26.0/perfmark-api-0.26.0.jar:/home/runner/.m2/repository/io/netty/netty-codec-http2/4.1.109.Final/netty-codec-http2-4.1.109.Final.jar:/home/runner/.m2/repository/io/netty/netty-common/4.1.109.Final/netty-common-4.1.109.Final.jar:/home/runner/.m2/repository/io/netty/netty-buffer/4.1.109.Final/netty-buffer-4.1.109.Final.jar:/home/runner/.m2/repository/io/netty/netty-codec-http/4.1.109.Final/netty-codec-http-4.1.109.Final.jar:/home/runner/.m2/repository/io/netty/netty-handler-proxy/4.1.109.Final/netty-handler-proxy-4.1.109.Final.jar:/home/runner/.m2/repository/io/netty/netty-codec-socks/4.1.109.Final/netty-codec-socks-4.1.109.Final.jar:/home/runner/.m2/repository/io/netty/netty-tcnative-boringssl-static/2.0.65.Final/netty-tcnative-boringssl-static-2.0.65.Final.jar:/home/runner/.m2/repository/io/netty/netty-tcnative-classes/2.0.65.Final/netty-tcnative-classes-2.0.65.Final.jar:/home/runner/.m2/repository/io/netty/netty-tcnative-boringssl-static/2.0.65.Final/netty-tcnative-boringssl-static-2.0.65.Final-linux-x86_64.jar:/home/runner/.m2/repository/io/netty/netty-tcnative-boringssl-static/2.0.65.Final/netty-tcnative-boringssl-static-2.0.65.Final-linux-aarch_64.jar:/home/runner/.m2/repository/io/netty/netty-tcnative-boringssl-static/2.0.65.Final/netty-tcnative-boringssl-static-2.0.65.Final-osx-x86_64.jar:/home/runner/.m2/repository/io/netty/netty-tcnative-boringssl-static/2.0.65.Final/netty-tcnative-boringssl-static-2.0.65.Final-osx-aarch_64.jar:/home/runner/.m2/repository/io/netty/netty-tcnative-boringssl-static/2.0.65.Final/netty-tcnative-boringssl-static-2.0.65.Final-windows-x86_64.jar:/home/runner/.m2/repository/org/apache/commons/commons-compress/1.26.0/commons-compress-1.26.0.jar:/home/runner/work/ozone/ozone/hadoop-hdds/common/target/classes:/home/runner/work/ozone/ozone/hadoop-hdds/client/target/classes:/home/runner/work/ozone/ozone/hadoop-ozone/interface-client/target/classes:/home/runner/.m2/repository/org/apache/hadoop/hadoop-hdfs-client/3.3.6/hadoop-hdfs-client-3.3.6.jar:/home/runner/.m2/repository/com/squareup/okhttp3/okhttp/4.12.0/okhttp-4.12.0.jar:/home/runner/.m2/repository/com/squareup/okio/okio/3.6.0/okio-3.6.0.jar:/home/runner/.m2/repository/com/squareup/okio/okio-jvm/3.6.0/okio-jvm-3.6.0.jar:/home/runner/.m2/repository/org/jetbrains/kotlin/kotlin-stdlib-jdk8/1.9.22/kotlin-stdlib-jdk8-1.9.22.jar:/home/runner/.m2/repository/org/jetbrains/kotlin/kotlin-stdlib-jdk7/1.9.22/kotlin-stdlib-jdk7-1.9.22.jar:/home/runner/.m2/repository/org/jetbrains/kotlin/kotlin-stdlib-common/1.9.22/kotlin-stdlib-common-1.9.22.jar:/home/runner/work/ozone/ozone/hadoop-hdds/test-utils/target/classes:/home/runner/.m2/repository/org/assertj/assertj-core/3.12.2/assertj-core-3.12.2.jar:/home/runner/.m2/repository/com/google/guava/guava/32.1.3-jre/guava-32.1.3-jre.jar:/home/runner/.m2/repository/com/google/guava/failureaccess/1.0.1/failureaccess-1.0.1.jar:/home/runner/.m2/repository/com/google/guava/listenablefuture/9999.0-empty-to-avoid-conflict-with-guava/listenablefuture-9999.0-empty-to-avoid-conflict-with-guava.jar:/home/runner/.m2/repository/org/checkerframework/checker-qual/3.37.0/checker-qual-3.37.0.jar:/home/runner/.m2/repository/com/google/j2objc/j2objc-annotations/2.8/j2objc-annotations-2.8.jar:/home/runner/.m2/repository/commons-io/commons-io/2.16.1/commons-io-2.16.1.jar:/home/runner/.m2/repository/commons-logging/commons-logging/1.2/commons-logging-1.2.jar:/home/runner/.m2/repository/org/junit/jupiter/junit-jupiter-api/5.10.2/junit-jupiter-api-5.10.2.jar:/home/runner/.m2/repository/org/opentest4j/opentest4j/1.3.0/opentest4j-1.3.0.jar:/home/runner/.m2/repository/org/junit/platform/junit-platform-commons/1.10.2/junit-platform-commons-1.10.2.jar:/home/runner/.m2/repository/ch/qos/reload4j/reload4j/1.2.25/reload4j-1.2.25.jar:/home/runner/.m2/repository/jakarta/annotation/jakarta.annotation-api/2.1.1/jakarta.annotation-api-2.1.1.jar:/home/runner/.m2/repository/org/slf4j/slf4j-api/2.0.12/slf4j-api-2.0.12.jar:/home/runner/.m2/repository/org/apache/logging/log4j/log4j-api/2.17.1/log4j-api-2.17.1.jar:/home/runner/work/ozone/ozone/hadoop-hdds/server-scm/target/classes:/home/runner/.m2/repository/com/google/protobuf/protobuf-java/2.5.0/protobuf-java-2.5.0.jar:/home/runner/work/ozone/ozone/hadoop-hdds/container-service/target/classes:/home/runner/work/ozone/ozone/hadoop-hdds/hadoop-dependency-server/target/classes:/home/runner/.m2/repository/com/nimbusds/nimbus-jose-jwt/9.37.2/nimbus-jose-jwt-9.37.2.jar:/home/runner/.m2/repository/com/github/stephenc/jcip/jcip-annotations/1.0-1/jcip-annotations-1.0-1.jar:/home/runner/.m2/repository/org/apache/hadoop/hadoop-hdfs/3.3.6/hadoop-hdfs-3.3.6.jar:/home/runner/.m2/repository/commons-daemon/commons-daemon/1.3.4/commons-daemon-1.3.4.jar:/home/runner/.m2/repository/org/apache/kerby/kerb-core/1.0.1/kerb-core-1.0.1.jar:/home/runner/.m2/repository/org/apache/kerby/kerby-pkix/1.0.1/kerby-pkix-1.0.1.jar:/home/runner/.m2/repository/org/apache/kerby/kerby-asn1/1.0.1/kerby-asn1-1.0.1.jar:/home/runner/.m2/repository/org/apache/kerby/kerby-util/1.0.1/kerby-util-1.0.1.jar:/home/runner/.m2/repository/org/apache/kerby/kerb-util/1.0.1/kerb-util-1.0.1.jar:/home/runner/.m2/repository/org/apache/kerby/kerby-config/1.0.1/kerby-config-1.0.1.jar:/home/runner/.m2/repository/org/apache/kerby/kerb-crypto/1.0.1/kerb-crypto-1.0.1.jar:/home/runner/.m2/repository/org/xerial/snappy/snappy-java/1.1.10.5/snappy-java-1.1.10.5.jar:/home/runner/work/ozone/ozone/hadoop-hdds/framework/target/classes:/home/runner/.m2/repository/org/bouncycastle/bcprov-jdk18on/1.78.1/bcprov-jdk18on-1.78.1.jar:/home/runner/.m2/repository/io/dropwizard/metrics/metrics-core/3.2.4/metrics-core-3.2.4.jar:/home/runner/.m2/repository/org/apache/commons/commons-text/1.11.0/commons-text-1.11.0.jar:/home/runner/work/ozone/ozone/hadoop-hdds/framework/target/test-classes:/home/runner/work/ozone/ozone/hadoop-hdds/interface-server/target/classes:/home/runner/work/ozone/ozone/hadoop-hdds/interface-admin/target/classes:/home/runner/work/ozone/ozone/hadoop-hdds/managed-rocksdb/target/classes:/home/runner/.m2/repository/org/rocksdb/rocksdbjni/7.7.3/rocksdbjni-7.7.3.jar:/home/runner/.m2/repository/org/slf4j/slf4j-reload4j/2.0.12/slf4j-reload4j-2.0.12.jar:/home/runner/.m2/repository/org/apache/commons/commons-configuration2/2.10.1/commons-configuration2-2.10.1.jar:/home/runner/.m2/repository/commons-fileupload/commons-fileupload/1.5/commons-fileupload-1.5.jar:/home/runner/.m2/repository/org/apache/logging/log4j/log4j-core/2.17.1/log4j-core-2.17.1.jar:/home/runner/.m2/repository/com/lmax/disruptor/3.4.4/disruptor-3.4.4.jar:/home/runner/.m2/repository/org/eclipse/jetty/jetty-util/9.4.54.v20240208/jetty-util-9.4.54.v20240208.jar:/home/runner/.m2/repository/org/eclipse/jetty/jetty-server/9.4.54.v20240208/jetty-server-9.4.54.v20240208.jar:/home/runner/.m2/repository/org/eclipse/jetty/jetty-http/9.4.54.v20240208/jetty-http-9.4.54.v20240208.jar:/home/runner/.m2/repository/org/eclipse/jetty/jetty-io/9.4.54.v20240208/jetty-io-9.4.54.v20240208.jar:/home/runner/.m2/repository/org/eclipse/jetty/jetty-servlet/9.4.54.v20240208/jetty-servlet-9.4.54.v20240208.jar:/home/runner/.m2/repository/org/eclipse/jetty/jetty-security/9.4.54.v20240208/jetty-security-9.4.54.v20240208.jar:/home/runner/.m2/repository/org/eclipse/jetty/jetty-util-ajax/9.4.54.v20240208/jetty-util-ajax-9.4.54.v20240208.jar:/home/runner/.m2/repository/org/eclipse/jetty/jetty-webapp/9.4.54.v20240208/jetty-webapp-9.4.54.v20240208.jar:/home/runner/.m2/repository/org/eclipse/jetty/jetty-xml/9.4.54.v20240208/jetty-xml-9.4.54.v20240208.jar:/home/runner/.m2/repository/org/apache/ratis/ratis-server/3.0.1/ratis-server-3.0.1.jar:/home/runner/.m2/repository/org/apache/ratis/ratis-thirdparty-misc/1.0.5/ratis-thirdparty-misc-1.0.5.jar:/home/runner/.m2/repository/org/apache/ratis/ratis-proto/3.0.1/ratis-proto-3.0.1.jar:/home/runner/.m2/repository/org/apache/ratis/ratis-common/3.0.1/ratis-common-3.0.1.jar:/home/runner/.m2/repository/org/apache/ratis/ratis-client/3.0.1/ratis-client-3.0.1.jar:/home/runner/.m2/repository/org/apache/ratis/ratis-server-api/3.0.1/ratis-server-api-3.0.1.jar:/home/runner/.m2/repository/org/apache/ratis/ratis-metrics-api/3.0.1/ratis-metrics-api-3.0.1.jar:/home/runner/.m2/repository/org/apache/ratis/ratis-metrics-dropwizard3/3.0.1/ratis-metrics-dropwizard3-3.0.1.jar:/home/runner/.m2/repository/io/prometheus/simpleclient_dropwizard/0.16.0/simpleclient_dropwizard-0.16.0.jar:/home/runner/.m2/repository/io/prometheus/simpleclient/0.16.0/simpleclient-0.16.0.jar:/home/runner/.m2/repository/io/prometheus/simpleclient_common/0.16.0/simpleclient_common-0.16.0.jar:/home/runner/.m2/repository/com/fasterxml/jackson/datatype/jackson-datatype-jsr310/2.16.1/jackson-datatype-jsr310-2.16.1.jar:/home/runner/.m2/repository/com/fasterxml/jackson/core/jackson-core/2.16.1/jackson-core-2.16.1.jar:/home/runner/work/ozone/ozone/hadoop-hdds/rocksdb-checkpoint-differ/target/classes:/home/runner/.m2/repository/org/jgrapht/jgrapht-core/1.4.0/jgrapht-core-1.4.0.jar:/home/runner/.m2/repository/org/jheaps/jheaps/0.11/jheaps-0.11.jar:/home/runner/.m2/repository/org/jgrapht/jgrapht-ext/1.4.0/jgrapht-ext-1.4.0.jar:/home/runner/.m2/repository/com/github/vlsi/mxgraph/jgraphx/3.9.8.1/jgraphx-3.9.8.1.jar:/home/runner/work/ozone/ozone/hadoop-ozone/ozone-manager/target/classes:/home/runner/.m2/repository/org/aspectj/aspectjrt/1.9.7/aspectjrt-1.9.7.jar:/home/runner/.m2/repository/org/aspectj/aspectjweaver/1.9.7/aspectjweaver-1.9.7.jar:/home/runner/work/ozone/ozone/hadoop-hdds/interface-client/target/classes:/home/runner/.m2/repository/org/apache/hadoop/thirdparty/hadoop-shaded-protobuf_3_7/1.1.1/hadoop-shaded-protobuf_3_7-1.1.1.jar:/home/runner/work/ozone/ozone/hadoop-ozone/interface-storage/target/classes:/home/runner/.m2/repository/org/reflections/reflections/0.10.2/reflections-0.10.2.jar:/home/runner/.m2/repository/com/sun/jersey/jersey-client/1.19.4/jersey-client-1.19.4.jar:/home/runner/.m2/repository/org/codehaus/jackson/jackson-core-asl/1.9.13/jackson-core-asl-1.9.13.jar:/home/runner/.m2/repository/org/codehaus/jackson/jackson-mapper-asl/1.9.13/jackson-mapper-asl-1.9.13.jar:/home/runner/.m2/repository/org/codehaus/jackson/jackson-jaxrs/1.9.13/jackson-jaxrs-1.9.13.jar:/home/runner/.m2/repository/org/apache/ranger/ranger-intg/2.3.0/ranger-intg-2.3.0.jar:/home/runner/.m2/repository/org/apache/ranger/ranger-plugins-common/2.3.0/ranger-plugins-common-2.3.0.jar:/home/runner/.m2/repository/commons-lang/commons-lang/2.6/commons-lang-2.6.jar:/home/runner/.m2/repository/org/apache/ranger/ranger-plugins-cred/2.3.0/ranger-plugins-cred-2.3.0.jar:/home/runner/.m2/repository/org/apache/ranger/ranger-plugins-audit/2.3.0/ranger-plugins-audit-2.3.0.jar:/home/runner/.m2/repository/org/eclipse/jetty/jetty-client/9.4.54.v20240208/jetty-client-9.4.54.v20240208.jar:/home/runner/.m2/repository/org/apache/httpcomponents/httpmime/4.5.6/httpmime-4.5.6.jar:/home/runner/.m2/repository/org/apache/httpcomponents/httpcore-nio/4.4.16/httpcore-nio-4.4.16.jar:/home/runner/.m2/repository/org/apache/httpcomponents/httpasyncclient/4.1.3/httpasyncclient-4.1.3.jar:/home/runner/.m2/repository/com/carrotsearch/hppc/0.8.0/hppc-0.8.0.jar:/home/runner/.m2/repository/org/apache/orc/orc-core/1.5.8/orc-core-1.5.8.jar:/home/runner/.m2/repository/net/java/dev/jna/jna/5.2.0/jna-5.2.0.jar:/home/runner/.m2/repository/net/java/dev/jna/jna-platform/5.2.0/jna-platform-5.2.0.jar:/home/runner/.m2/repository/com/kstruct/gethostname4j/0.0.2/gethostname4j-0.0.2.jar:/home/runner/.m2/repository/org/apache/ranger/ranger-plugin-classloader/2.3.0/ranger-plugin-classloader-2.3.0.jar:/home/runner/work/ozone/ozone/hadoop-hdds/rocks-native/target/classes:/home/runner/.m2/repository/org/apache/hadoop/hadoop-minikdc/3.3.6/hadoop-minikdc-3.3.6.jar:/home/runner/.m2/repository/org/apache/kerby/kerb-simplekdc/1.0.1/kerb-simplekdc-1.0.1.jar:/home/runner/.m2/repository/org/apache/kerby/kerb-client/1.0.1/kerb-client-1.0.1.jar:/home/runner/.m2/repository/org/apache/kerby/kerb-common/1.0.1/kerb-common-1.0.1.jar:/home/runner/.m2/repository/org/apache/kerby/token-provider/1.0.1/token-provider-1.0.1.jar:/home/runner/.m2/repository/org/apache/kerby/kerb-admin/1.0.1/kerb-admin-1.0.1.jar:/home/runner/.m2/repository/org/apache/kerby/kerb-server/1.0.1/kerb-server-1.0.1.jar:/home/runner/.m2/repository/org/apache/kerby/kerb-identity/1.0.1/kerb-identity-1.0.1.jar:/home/runner/.m2/repository/org/apache/kerby/kerby-xdr/1.0.1/kerby-xdr-1.0.1.jar:/home/runner/.m2/repository/junit/junit/4.13.2/junit-4.13.2.jar:/home/runner/.m2/repository/org/hamcrest/hamcrest-core/1.3/hamcrest-core-1.3.jar:/home/runner/work/ozone/ozone/hadoop-ozone/s3gateway/target/classes:/home/runner/.m2/repository/org/javassist/javassist/3.30.2-GA/javassist-3.30.2-GA.jar:/home/runner/.m2/repository/org/jboss/weld/servlet/weld-servlet-shaded/3.1.9.Final/weld-servlet-shaded-3.1.9.Final.jar:/home/runner/.m2/repository/org/glassfish/jersey/containers/jersey-container-servlet-core/2.42/jersey-container-servlet-core-2.42.jar:/home/runner/.m2/repository/org/glassfish/hk2/external/jakarta.inject/2.6.1/jakarta.inject-2.6.1.jar:/home/runner/.m2/repository/org/glassfish/jersey/core/jersey-common/2.42/jersey-common-2.42.jar:/home/runner/.m2/repository/jakarta/ws/rs/jakarta.ws.rs-api/2.1.6/jakarta.ws.rs-api-2.1.6.jar:/home/runner/.m2/repository/org/glassfish/jersey/ext/cdi/jersey-cdi1x/2.42/jersey-cdi1x-2.42.jar:/home/runner/.m2/repository/org/glassfish/jersey/inject/jersey-hk2/2.42/jersey-hk2-2.42.jar:/home/runner/.m2/repository/org/glassfish/hk2/hk2-locator/2.6.1/hk2-locator-2.6.1.jar:/home/runner/.m2/repository/org/glassfish/jersey/media/jersey-media-jaxb/2.42/jersey-media-jaxb-2.42.jar:/home/runner/.m2/repository/org/glassfish/hk2/osgi-resource-locator/1.0.3/osgi-resource-locator-1.0.3.jar:/home/runner/.m2/repository/org/glassfish/hk2/hk2-api/2.6.1/hk2-api-2.6.1.jar:/home/runner/.m2/repository/org/glassfish/hk2/hk2-utils/2.6.1/hk2-utils-2.6.1.jar:/home/runner/.m2/repository/org/glassfish/hk2/external/aopalliance-repackaged/2.6.1/aopalliance-repackaged-2.6.1.jar:/home/runner/.m2/repository/com/fasterxml/jackson/dataformat/jackson-dataformat-xml/2.16.1/jackson-dataformat-xml-2.16.1.jar:/home/runner/.m2/repository/org/codehaus/woodstox/stax2-api/4.2.2/stax2-api-4.2.2.jar:/home/runner/.m2/repository/com/fasterxml/woodstox/woodstox-core/5.4.0/woodstox-core-5.4.0.jar:/home/runner/.m2/repository/com/fasterxml/jackson/module/jackson-module-jaxb-annotations/2.16.1/jackson-module-jaxb-annotations-2.16.1.jar:/home/runner/.m2/repository/javax/enterprise/cdi-api/2.0/cdi-api-2.0.jar:/home/runner/.m2/repository/javax/el/javax.el-api/3.0.0/javax.el-api-3.0.0.jar:/home/runner/.m2/repository/javax/interceptor/javax.interceptor-api/1.2/javax.interceptor-api-1.2.jar:/home/runner/.m2/repository/javax/inject/javax.inject/1/javax.inject-1.jar:/home/runner/.m2/repository/jakarta/xml/bind/jakarta.xml.bind-api/2.3.3/jakarta.xml.bind-api-2.3.3.jar:/home/runner/.m2/repository/org/glassfish/jaxb/jaxb-runtime/2.3.9/jaxb-runtime-2.3.9.jar:/home/runner/.m2/repository/org/glassfish/jaxb/txw2/2.3.9/txw2-2.3.9.jar:/home/runner/.m2/repository/com/sun/istack/istack-commons-runtime/3.0.12/istack-commons-runtime-3.0.12.jar:/home/runner/.m2/repository/com/sun/activation/jakarta.activation/1.2.2/jakarta.activation-1.2.2.jar:/home/runner/.m2/repository/jakarta/activation/jakarta.activation-api/1.2.2/jakarta.activation-api-1.2.2.jar:/home/runner/.m2/repository/io/grpc/grpc-protobuf/1.58.0/grpc-protobuf-1.58.0.jar:/home/runner/.m2/repository/com/google/api/grpc/proto-google-common-protos/2.22.0/proto-google-common-protos-2.22.0.jar:/home/runner/.m2/repository/io/grpc/grpc-protobuf-lite/1.58.0/grpc-protobuf-lite-1.58.0.jar:/home/runner/.m2/repository/io/grpc/grpc-stub/1.58.0/grpc-stub-1.58.0.jar:/home/runner/.m2/repository/io/netty/netty-transport/4.1.109.Final/netty-transport-4.1.109.Final.jar:/home/runner/.m2/repository/io/netty/netty-resolver/4.1.109.Final/netty-resolver-4.1.109.Final.jar:/home/runner/work/ozone/ozone/hadoop-ozone/csi/target/classes:/home/runner/.m2/repository/com/google/protobuf/protobuf-java-util/3.19.6/protobuf-java-util-3.19.6.jar:/home/runner/.m2/repository/com/google/code/gson/gson/2.10.1/gson-2.10.1.jar:/home/runner/work/ozone/ozone/hadoop-hdds/config/target/classes:/home/runner/.m2/repository/io/netty/netty-transport-native-epoll/4.1.109.Final/netty-transport-native-epoll-4.1.109.Final-linux-x86_64.jar:/home/runner/.m2/repository/io/netty/netty-transport-classes-epoll/4.1.109.Final/netty-transport-classes-epoll-4.1.109.Final.jar:/home/runner/.m2/repository/io/netty/netty-transport-native-unix-common/4.1.109.Final/netty-transport-native-unix-common-4.1.109.Final.jar:/home/runner/work/ozone/ozone/hadoop-ozone/recon/target/classes:/home/runner/work/ozone/ozone/hadoop-ozone/recon-codegen/target/classes:/home/runner/.m2/repository/com/google/inject/guice/6.0.0/guice-6.0.0.jar:/home/runner/.m2/repository/jakarta/inject/jakarta.inject-api/2.0.1/jakarta.inject-api-2.0.1.jar:/home/runner/.m2/repository/aopalliance/aopalliance/1.0/aopalliance-1.0.jar:/home/runner/.m2/repository/com/google/inject/extensions/guice-assistedinject/6.0.0/guice-assistedinject-6.0.0.jar:/home/runner/.m2/repository/com/google/inject/extensions/guice-servlet/6.0.0/guice-servlet-6.0.0.jar:/home/runner/.m2/repository/org/glassfish/jersey/containers/jersey-container-servlet/2.42/jersey-container-servlet-2.42.jar:/home/runner/.m2/repository/org/glassfish/hk2/guice-bridge/2.6.1/guice-bridge-2.6.1.jar:/home/runner/.m2/repository/org/glassfish/jersey/core/jersey-server/2.42/jersey-server-2.42.jar:/home/runner/.m2/repository/org/glassfish/jersey/core/jersey-client/2.42/jersey-client-2.42.jar:/home/runner/.m2/repository/jakarta/validation/jakarta.validation-api/2.0.2/jakarta.validation-api-2.0.2.jar:/home/runner/.m2/repository/org/glassfish/jersey/media/jersey-media-json-jackson/2.42/jersey-media-json-jackson-2.42.jar:/home/runner/.m2/repository/org/glassfish/jersey/ext/jersey-entity-filtering/2.42/jersey-entity-filtering-2.42.jar:/home/runner/.m2/repository/org/jooq/jooq/3.11.10/jooq-3.11.10.jar:/home/runner/.m2/repository/org/jooq/jooq-meta/3.11.10/jooq-meta-3.11.10.jar:/home/runner/.m2/repository/org/jooq/jooq-codegen/3.11.10/jooq-codegen-3.11.10.jar:/home/runner/.m2/repository/com/jolbox/bonecp/0.8.0.RELEASE/bonecp-0.8.0.RELEASE.jar:/home/runner/.m2/repository/org/apache/derby/derby/10.14.2.0/derby-10.14.2.0.jar:/home/runner/.m2/repository/org/xerial/sqlite-jdbc/3.44.1.0/sqlite-jdbc-3.44.1.0.jar:/home/runner/.m2/repository/org/springframework/spring-jdbc/5.3.34/spring-jdbc-5.3.34.jar:/home/runner/.m2/repository/org/springframework/spring-beans/5.3.34/spring-beans-5.3.34.jar:/home/runner/.m2/repository/org/springframework/spring-core/5.3.34/spring-core-5.3.34.jar:/home/runner/.m2/repository/org/springframework/spring-tx/5.3.34/spring-tx-5.3.34.jar:/home/runner/work/ozone/ozone/hadoop-ozone/client/target/classes:/home/runner/work/ozone/ozone/hadoop-hdds/erasurecode/target/classes:/home/runner/work/ozone/ozone/hadoop-ozone/ozonefs/target/classes:/home/runner/work/ozone/ozone/hadoop-ozone/ozonefs-common/target/classes:/home/runner/work/ozone/ozone/hadoop-ozone/tools/target/classes:/home/runner/.m2/repository/com/amazonaws/aws-java-sdk-core/1.12.661/aws-java-sdk-core-1.12.661.jar:/home/runner/.m2/repository/org/apache/httpcomponents/httpclient/4.5.14/httpclient-4.5.14.jar:/home/runner/.m2/repository/org/apache/httpcomponents/httpcore/4.4.16/httpcore-4.4.16.jar:/home/runner/.m2/repository/com/fasterxml/jackson/dataformat/jackson-dataformat-cbor/2.16.1/jackson-dataformat-cbor-2.16.1.jar:/home/runner/.m2/repository/joda-time/joda-time/2.12.7/joda-time-2.12.7.jar:/home/runner/.m2/repository/com/amazonaws/aws-java-sdk-s3/1.12.661/aws-java-sdk-s3-1.12.661.jar:/home/runner/.m2/repository/com/amazonaws/aws-java-sdk-kms/1.12.661/aws-java-sdk-kms-1.12.661.jar:/home/runner/.m2/repository/com/amazonaws/jmespath-java/1.12.661/jmespath-java-1.12.661.jar:/home/runner/.m2/repository/org/kohsuke/metainf-services/metainf-services/1.11/metainf-services-1.11.jar:/home/runner/work/ozone/ozone/hadoop-hdds/tools/target/classes:/home/runner/.m2/repository/org/apache/ratis/ratis-tools/3.0.1/ratis-tools-3.0.1.jar:/home/runner/.m2/repository/commons-cli/commons-cli/1.6.0/commons-cli-1.6.0.jar:/home/runner/.m2/repository/org/apache/commons/commons-lang3/3.14.0/commons-lang3-3.14.0.jar:/home/runner/work/ozone/ozone/hadoop-ozone/ozone-manager/target/test-classes:/home/runner/work/ozone/ozone/hadoop-hdds/common/target/test-classes:/home/runner/work/ozone/ozone/hadoop-hdds/hadoop-dependency-client/target/classes:/home/runner/.m2/repository/info/picocli/picocli/4.7.5/picocli-4.7.5.jar:/home/runner/.m2/repository/com/fasterxml/jackson/core/jackson-annotations/2.16.1/jackson-annotations-2.16.1.jar:/home/runner/work/ozone/ozone/hadoop-hdds/annotations/target/classes:/home/runner/.m2/repository/javax/annotation/javax.annotation-api/1.3.2/javax.annotation-api-1.3.2.jar:/home/runner/.m2/repository/org/apache/ratis/ratis-netty/3.0.1/ratis-netty-3.0.1.jar:/home/runner/.m2/repository/org/apache/ratis/ratis-grpc/3.0.1/ratis-grpc-3.0.1.jar:/home/runner/.m2/repository/org/bouncycastle/bcpkix-jdk18on/1.78.1/bcpkix-jdk18on-1.78.1.jar:/home/runner/.m2/repository/org/bouncycastle/bcutil-jdk18on/1.78.1/bcutil-jdk18on-1.78.1.jar:/home/runner/.m2/repository/commons-validator/commons-validator/1.6/commons-validator-1.6.jar:/home/runner/.m2/repository/commons-beanutils/commons-beanutils/1.9.4/commons-beanutils-1.9.4.jar:/home/runner/.m2/repository/commons-digester/commons-digester/1.8.1/commons-digester-1.8.1.jar:/home/runner/.m2/repository/commons-collections/commons-collections/3.2.2/commons-collections-3.2.2.jar:/home/runner/.m2/repository/io/jaegertracing/jaeger-client/1.8.1/jaeger-client-1.8.1.jar:/home/runner/.m2/repository/io/jaegertracing/jaeger-thrift/1.8.1/jaeger-thrift-1.8.1.jar:/home/runner/.m2/repository/org/apache/thrift/libthrift/0.15.0/libthrift-0.15.0.jar:/home/runner/.m2/repository/io/jaegertracing/jaeger-core/1.8.1/jaeger-core-1.8.1.jar:/home/runner/.m2/repository/io/jaegertracing/jaeger-tracerresolver/1.8.1/jaeger-tracerresolver-1.8.1.jar:/home/runner/.m2/repository/io/opentracing/contrib/opentracing-tracerresolver/0.1.8/opentracing-tracerresolver-0.1.8.jar:/home/runner/.m2/repository/org/jetbrains/kotlin/kotlin-stdlib/1.9.22/kotlin-stdlib-1.9.22.jar:/home/runner/.m2/repository/org/jetbrains/annotations/13.0/annotations-13.0.jar:/home/runner/.m2/repository/io/opentracing/opentracing-util/0.33.0/opentracing-util-0.33.0.jar:/home/runner/.m2/repository/io/opentracing/opentracing-api/0.33.0/opentracing-api-0.33.0.jar:/home/runner/.m2/repository/io/opentracing/opentracing-noop/0.33.0/opentracing-noop-0.33.0.jar:/home/runner/.m2/repository/org/yaml/snakeyaml/2.0/snakeyaml-2.0.jar:/home/runner/.m2/repository/io/grpc/grpc-api/1.58.0/grpc-api-1.58.0.jar:/home/runner/.m2/repository/org/junit/platform/junit-platform-launcher/1.10.2/junit-platform-launcher-1.10.2.jar:/home/runner/.m2/repository/org/junit/platform/junit-platform-engine/1.10.2/junit-platform-engine-1.10.2.jar:/home/runner/.m2/repository/org/apiguardian/apiguardian-api/1.1.2/apiguardian-api-1.1.2.jar:/home/runner/.m2/repository/org/apache/hadoop/hadoop-kms/3.3.6/hadoop-kms-3.3.6.jar:/home/runner/.m2/repository/org/apache/hadoop/hadoop-auth/3.3.6/hadoop-auth-3.3.6.jar:/home/runner/.m2/repository/org/apache/zookeeper/zookeeper/3.8.4/zookeeper-3.8.4.jar:/home/runner/.m2/repository/org/apache/zookeeper/zookeeper-jute/3.8.4/zookeeper-jute-3.8.4.jar:/home/runner/.m2/repository/org/apache/yetus/audience-annotations/0.12.0/audience-annotations-0.12.0.jar:/home/runner/.m2/repository/org/apache/curator/curator-framework/4.2.0/curator-framework-4.2.0.jar:/home/runner/.m2/repository/org/apache/hadoop/thirdparty/hadoop-shaded-guava/1.2.0/hadoop-shaded-guava-1.2.0.jar:/home/runner/.m2/repository/com/sun/jersey/jersey-core/1.19.4/jersey-core-1.19.4.jar:/home/runner/.m2/repository/javax/ws/rs/jsr311-api/1.1.1/jsr311-api-1.1.1.jar:/home/runner/.m2/repository/com/sun/jersey/jersey-server/1.19.4/jersey-server-1.19.4.jar:/home/runner/.m2/repository/javax/servlet/javax.servlet-api/3.1.0/javax.servlet-api-3.1.0.jar:/home/runner/.m2/repository/org/apache/hadoop/hadoop-common/3.3.6/hadoop-common-3.3.6.jar:/home/runner/.m2/repository/org/apache/commons/commons-math3/3.6.1/commons-math3-3.6.1.jar:/home/runner/.m2/repository/commons-net/commons-net/3.10.0/commons-net-3.10.0.jar:/home/runner/.m2/repository/com/sun/jersey/jersey-servlet/1.19.4/jersey-servlet-1.19.4.jar:/home/runner/.m2/repository/com/github/pjfanning/jersey-json/1.20/jersey-json-1.20.jar:/home/runner/.m2/repository/org/codehaus/jettison/jettison/1.1/jettison-1.1.jar:/home/runner/.m2/repository/com/sun/xml/bind/jaxb-impl/2.2.3-1/jaxb-impl-2.2.3-1.jar:/home/runner/.m2/repository/com/google/re2j/re2j/1.7/re2j-1.7.jar:/home/runner/.m2/repository/com/jcraft/jsch/0.1.55/jsch-0.1.55.jar:/home/runner/.m2/repository/org/apache/curator/curator-client/4.2.0/curator-client-4.2.0.jar:/home/runner/.m2/repository/org/apache/curator/curator-recipes/5.2.0/curator-recipes-5.2.0.jar:/home/runner/.m2/repository/com/google/code/findbugs/jsr305/3.0.2/jsr305-3.0.2.jar:/home/runner/.m2/repository/dnsjava/dnsjava/2.1.9/dnsjava-2.1.9.jar:/home/runner/.m2/repository/com/fasterxml/jackson/core/jackson-databind/2.16.1/jackson-databind-2.16.1.jar:/home/runner/.m2/repository/org/apache/hadoop/hadoop-kms/3.3.6/hadoop-kms-3.3.6-tests.jar:/home/runner/work/ozone/ozone/hadoop-hdds/server-scm/target/test-classes:/home/runner/work/ozone/ozone/hadoop-hdds/container-service/target/test-classes:/home/runner/.m2/repository/com/github/luben/zstd-jni/1.5.6-2/zstd-jni-1.5.6-2.jar:/home/runner/.m2/repository/commons-codec/commons-codec/1.15/commons-codec-1.15.jar:/home/runner/.m2/repository/io/netty/netty-codec/4.1.109.Final/netty-codec-4.1.109.Final.jar:/home/runner/.m2/repository/io/netty/netty-handler/4.1.109.Final/netty-handler-4.1.109.Final.jar:/home/runner/work/ozone/ozone/hadoop-hdds/hadoop-dependency-test/target/classes:/home/runner/.m2/repository/org/apache/hadoop/hadoop-common/3.3.6/hadoop-common-3.3.6-tests.jar:/home/runner/.m2/repository/org/apache/hadoop/hadoop-hdfs/3.3.6/hadoop-hdfs-3.3.6-tests.jar:/home/runner/.m2/repository/org/junit/jupiter/junit-jupiter-engine/5.10.2/junit-jupiter-engine-5.10.2.jar:/home/runner/.m2/repository/org/junit/jupiter/junit-jupiter-params/5.10.2/junit-jupiter-params-5.10.2.jar:/home/runner/.m2/repository/org/mockito/mockito-core/4.11.0/mockito-core-4.11.0.jar:/home/runner/.m2/repository/net/bytebuddy/byte-buddy/1.12.19/byte-buddy-1.12.19.jar:/home/runner/.m2/repository/net/bytebuddy/byte-buddy-agent/1.12.19/byte-buddy-agent-1.12.19.jar:/home/runner/.m2/repository/org/objenesis/objenesis/3.3/objenesis-3.3.jar:/home/runner/.m2/repository/org/mockito/mockito-inline/4.11.0/mockito-inline-4.11.0.jar:/home/runner/.m2/repository/org/mockito/mockito-junit-jupiter/4.11.0/mockito-junit-jupiter-4.11.0.jar:/home/runner/.m2/repository/org/apache/hadoop/hadoop-distcp/3.3.6/hadoop-distcp-3.3.6.jar:/home/runner/.m2/repository/org/apache/hadoop/hadoop-mapreduce-client-jobclient/3.3.6/hadoop-mapreduce-client-jobclient-3.3.6.jar:/home/runner/.m2/repository/org/apache/hadoop/hadoop-mapreduce-client-common/3.3.6/hadoop-mapreduce-client-common-3.3.6.jar:/home/runner/.m2/repository/org/apache/hadoop/hadoop-yarn-common/3.3.6/hadoop-yarn-common-3.3.6.jar:/home/runner/.m2/repository/org/apache/hadoop/hadoop-yarn-api/3.3.6/hadoop-yarn-api-3.3.6.jar:/home/runner/.m2/repository/javax/xml/bind/jaxb-api/2.2.11/jaxb-api-2.2.11.jar:/home/runner/.m2/repository/com/sun/jersey/contribs/jersey-guice/1.19.4/jersey-guice-1.19.4.jar:/home/runner/.m2/repository/com/fasterxml/jackson/jaxrs/jackson-jaxrs-json-provider/2.16.1/jackson-jaxrs-json-provider-2.16.1.jar:/home/runner/.m2/repository/com/fasterxml/jackson/jaxrs/jackson-jaxrs-base/2.16.1/jackson-jaxrs-base-2.16.1.jar:/home/runner/.m2/repository/org/apache/hadoop/hadoop-yarn-client/3.3.6/hadoop-yarn-client-3.3.6.jar:/home/runner/.m2/repository/org/eclipse/jetty/websocket/websocket-client/9.4.51.v20230217/websocket-client-9.4.51.v20230217.jar:/home/runner/.m2/repository/org/eclipse/jetty/websocket/websocket-common/9.4.51.v20230217/websocket-common-9.4.51.v20230217.jar:/home/runner/.m2/repository/org/eclipse/jetty/websocket/websocket-api/9.4.51.v20230217/websocket-api-9.4.51.v20230217.jar:/home/runner/.m2/repository/org/jline/jline/3.9.0/jline-3.9.0.jar:/home/runner/.m2/repository/org/apache/hadoop/hadoop-mapreduce-client-core/3.3.6/hadoop-mapreduce-client-core-3.3.6.jar:/home/runner/.m2/repository/org/apache/avro/avro/1.7.7/avro-1.7.7.jar:/home/runner/.m2/repository/com/thoughtworks/paranamer/paranamer/2.3/paranamer-2.3.jar:/home/runner/.m2/repository/org/apache/hadoop/hadoop-annotations/3.3.6/hadoop-annotations-3.3.6.jar:/home/runner/.m2/repository/io/netty/netty/3.10.6.Final/netty-3.10.6.Final.jar:/home/runner/.m2/repository/org/apache/hadoop/hadoop-distcp/3.3.6/hadoop-distcp-3.3.6-tests.jar:/home/runner/.m2/repository/org/hamcrest/hamcrest/2.2/hamcrest-2.2.jar:/home/runner/.m2/repository/org/slf4j/jul-to-slf4j/2.0.12/jul-to-slf4j-2.0.12.jar:/home/runner/work/ozone/ozone/hadoop-ozone/integration-test/target/gradle-enterprise/test-listeners.jar:"/>
    <property name="sun.cpu.endian" value="little"/>
    <property name="user.home" value="/home/runner"/>
    <property name="user.language" value="en"/>
    <property name="java.specification.vendor" value="Oracle Corporation"/>
    <property name="java.version.date" value="2024-01-16"/>
    <property name="java.home" value="/usr/lib/jvm/temurin-17-jdk-amd64"/>
    <property name="java.security.krb5.conf" value="/home/runner/work/ozone/ozone/hadoop-ozone/integration-test/target/test-classes/krb5.conf"/>
    <property name="file.separator" value="/"/>
    <property name="basedir" value="/home/runner/work/ozone/ozone/hadoop-ozone/integration-test"/>
    <property name="java.vm.compressedOopsMode" value="Zero based"/>
    <property name="line.separator" value="&#10;"/>
    <property name="java.vm.specification.vendor" value="Oracle Corporation"/>
    <property name="java.specification.name" value="Java Platform API Specification"/>
    <property name="skip.installnpx" value="true"/>
    <property name="surefire.real.class.path" value="/home/runner/work/ozone/ozone/hadoop-ozone/integration-test/target/surefire/surefirebooter10021038812596289698.jar"/>
    <property name="hadoop.log.dir" value="/home/runner/work/ozone/ozone/hadoop-ozone/integration-test/target/log"/>
    <property name="sun.management.compiler" value="HotSpot 64-Bit Tiered Compilers"/>
    <property name="java.runtime.version" value="17.0.10+7"/>
    <property name="skip.npx" value="true"/>
    <property name="user.name" value="runner"/>
    <property name="java.net.preferIPv4Stack" value="true"/>
    <property name="path.separator" value=":"/>
    <property name="java.security.egd" value="file:///dev/urandom"/>
    <property name="os.version" value="5.15.0-1061-azure"/>
    <property name="java.runtime.name" value="OpenJDK Runtime Environment"/>
    <property name="com.gradle.maven.scan.extension.test.listener.junitplatform.NestedExecutionSafeDelegatingTestExecutionListener" value="4f67eb2a"/>
    <property name="file.encoding" value="UTF-8"/>
    <property name="java.vm.name" value="OpenJDK 64-Bit Server VM"/>
    <property name="java.vendor.version" value="Temurin-17.0.10+7"/>
    <property name="test.build.webapps" value=""/>
    <property name="gradle.enterprise.listener.port" value="37261"/>
    <property name="localRepository" value="/home/runner/.m2/repository"/>
    <property name="java.vendor.url.bug" value="https://github.com/adoptium/adoptium-support/issues"/>
    <property name="jetty.git.hash" value="cef3fbd6d736a21e7d541a5db490381d95a2047d"/>
    <property name="java.io.tmpdir" value="/tmp"/>
    <property name="require.test.libhadoop" value=""/>
    <property name="java.version" value="17.0.10"/>
    <property name="user.dir" value="/home/runner/work/ozone/ozone/hadoop-ozone/integration-test"/>
    <property name="os.arch" value="amd64"/>
    <property name="java.vm.specification.name" value="Java Virtual Machine Specification"/>
    <property name="test.build.classes" value="/home/runner/work/ozone/ozone/hadoop-ozone/integration-test/target/test-classes"/>
    <property name="org.apache.ratis.thirdparty.io.netty.allocator.useCacheForAllThreads" value="false"/>
    <property name="native.encoding" value="UTF-8"/>
    <property name="hadoop.tmp.dir" value="/home/runner/work/ozone/ozone/hadoop-ozone/integration-test/target/tmp"/>
    <property name="java.library.path" value="/usr/java/packages/lib:/usr/lib64:/lib64:/lib:/usr/lib"/>
    <property name="java.vm.info" value="mixed mode, sharing"/>
    <property name="java.vendor" value="Eclipse Adoptium"/>
    <property name="java.vm.version" value="17.0.10+7"/>
    <property name="sun.io.unicode.encoding" value="UnicodeLittle"/>
    <property name="java.class.version" value="61.0"/>
  </properties>
  <testcase name="testReleaseBuffers" classname="org.apache.hadoop.hdds.scm.storage.TestCommitWatcher" time="29.207"/>
  <testcase name="testReleaseBuffersOnException" classname="org.apache.hadoop.hdds.scm.storage.TestCommitWatcher" time="330.156">
    <error type="java.util.concurrent.TimeoutException"><![CDATA[java.util.concurrent.TimeoutException: testReleaseBuffersOnException() timed out after 300 seconds
	at java.base/java.util.ArrayList.forEach(ArrayList.java:1511)
	at java.base/java.util.ArrayList.forEach(ArrayList.java:1511)
]]></error>
    <system-out><![CDATA[2024-05-09 06:25:06,678 [main] WARN  server.ServerUtils (ServerUtils.java:getScmDbDir(143)) - ozone.scm.db.dirs is not configured. We recommend adding this setting. Falling back to ozone.metadata.dirs instead.
2024-05-09 06:25:06,682 [main] WARN  server.ServerUtils (ServerUtils.java:getScmDbDir(143)) - ozone.scm.db.dirs is not configured. We recommend adding this setting. Falling back to ozone.metadata.dirs instead.
2024-05-09 06:25:06,682 [main] INFO  ha.SCMHANodeDetails (SCMHANodeDetails.java:loadSCMHAConfig(207)) - ServiceID for StorageContainerManager is null
2024-05-09 06:25:06,682 [main] INFO  ha.SCMHANodeDetails (SCMHANodeDetails.java:loadSCMHAConfig(212)) - ozone.scm.default.service.id is not defined, falling back to ozone.scm.service.ids to find serviceID for StorageContainerManager if it is HA enabled cluster
2024-05-09 06:25:06,683 [main] WARN  utils.HAUtils (HAUtils.java:getMetaDir(339)) - ozone.scm.db.dirs is not configured. We recommend adding this setting. Falling back to ozone.metadata.dirs instead.
2024-05-09 06:25:06,683 [main] WARN  db.DBStoreBuilder (DBStoreBuilder.java:applyDBDefinition(171)) - ozone.scm.db.dirs is not configured. We recommend adding this setting. Falling back to ozone.metadata.dirs instead.
2024-05-09 06:25:06,766 [main] INFO  net.NodeSchemaLoader (NodeSchemaLoader.java:loadSchemaFromFile(129)) - Loading schema from [file:/home/runner/work/ozone/ozone/hadoop-hdds/common/target/classes/network-topology-default.xml]
2024-05-09 06:25:06,766 [main] INFO  net.NodeSchemaLoader (NodeSchemaLoader.java:loadSchema(176)) - Loading network topology layer schema file
2024-05-09 06:25:06,769 [main] INFO  upgrade.AbstractLayoutVersionManager (AbstractLayoutVersionManager.java:init(83)) - Initializing Layout version manager with metadata layout = HADOOP_PRC_PORTS_IN_DATANODEDETAILS (version = 7), software layout = HADOOP_PRC_PORTS_IN_DATANODEDETAILS (version = 7)
2024-05-09 06:25:06,771 [main] INFO  ha.SequenceIdGenerator (SequenceIdGenerator.java:upgradeToSequenceId(370)) - upgrade localId to 113750153625600000
2024-05-09 06:25:06,772 [main] INFO  ha.SequenceIdGenerator (SequenceIdGenerator.java:upgradeToSequenceId(380)) - upgrade delTxnId to 0
2024-05-09 06:25:06,773 [main] INFO  ha.SequenceIdGenerator (SequenceIdGenerator.java:upgradeToSequenceId(397)) - upgrade containerId to 0
2024-05-09 06:25:06,774 [main] INFO  ha.SequenceIdGenerator (SequenceIdGenerator.java:upgradeToCertificateSequenceId(444)) - upgrade CertificateId to 2
2024-05-09 06:25:06,774 [main] INFO  ha.SequenceIdGenerator (SequenceIdGenerator.java:<init>(241)) - Init the HA SequenceIdGenerator.
2024-05-09 06:25:06,775 [main] WARN  server.ServerUtils (ServerUtils.java:sanitizeUserArgs(73)) - ozone.scm.dead.node.interval value = 600000 is smaller than min = 2000000 based on the key value of ozone.scm.stale.node.interval, reset to the min value 2000000.
2024-05-09 06:25:06,775 [main] INFO  node.SCMNodeManager (SCMNodeManager.java:<init>(177)) - Entering startup safe mode.
2024-05-09 06:25:06,775 [main] INFO  algorithms.ContainerPlacementPolicyFactory (ContainerPlacementPolicyFactory.java:getPolicyInternal(86)) - Create container placement policy of type org.apache.hadoop.hdds.scm.container.placement.algorithms.SCMContainerPlacementRackAware
2024-05-09 06:25:06,776 [main] INFO  algorithms.ContainerPlacementPolicyFactory (ContainerPlacementPolicyFactory.java:getPolicyInternal(86)) - Create container placement policy of type org.apache.hadoop.hdds.scm.container.placement.algorithms.SCMContainerPlacementRackScatter
2024-05-09 06:25:06,776 [main] INFO  pipeline.PipelineStateManagerImpl (PipelineStateManagerImpl.java:initialize(78)) - No pipeline exists in current db
2024-05-09 06:25:06,776 [main] INFO  algorithms.LeaderChoosePolicyFactory (LeaderChoosePolicyFactory.java:getPolicy(57)) - Create leader choose policy of type org.apache.hadoop.hdds.scm.pipeline.leader.choose.algorithms.MinLeaderCountChoosePolicy
2024-05-09 06:25:06,776 [main] INFO  algorithms.ContainerPlacementPolicyFactory (ContainerPlacementPolicyFactory.java:getPolicyInternal(86)) - Create container placement policy of type org.apache.hadoop.hdds.scm.container.placement.algorithms.SCMContainerPlacementRackScatter
2024-05-09 06:25:06,776 [main] INFO  ha.SCMServiceManager (SCMServiceManager.java:register(42)) - Registering service BackgroundPipelineCreator.
2024-05-09 06:25:06,777 [main] INFO  pipeline.BackgroundPipelineCreator (BackgroundPipelineCreator.java:start(127)) - Starting RatisPipelineUtilsThread.
2024-05-09 06:25:06,778 [main] INFO  BackgroundPipelineScrubber (BackgroundSCMService.java:start(65)) - Starting BackgroundPipelineScrubber Service.
2024-05-09 06:25:06,780 [main] INFO  ha.SCMServiceManager (SCMServiceManager.java:register(42)) - Registering service BackgroundPipelineScrubber.
2024-05-09 06:25:06,780 [main] INFO  ExpiredContainerReplicaOpScrubber (BackgroundSCMService.java:start(65)) - Starting ExpiredContainerReplicaOpScrubber Service.
2024-05-09 06:25:06,780 [main] INFO  ha.SCMServiceManager (SCMServiceManager.java:register(42)) - Registering service ExpiredContainerReplicaOpScrubber.
2024-05-09 06:25:06,781 [main] INFO  algorithms.PipelineChoosePolicyFactory (PipelineChoosePolicyFactory.java:createPipelineChoosePolicyFromClass(80)) - Create pipeline choose policy of type org.apache.hadoop.hdds.scm.pipeline.choose.algorithms.RandomPipelineChoosePolicy
2024-05-09 06:25:06,781 [main] INFO  algorithms.PipelineChoosePolicyFactory (PipelineChoosePolicyFactory.java:createPipelineChoosePolicyFromClass(80)) - Create pipeline choose policy of type org.apache.hadoop.hdds.scm.pipeline.choose.algorithms.RandomPipelineChoosePolicy
2024-05-09 06:25:06,782 [main] INFO  ha.SCMServiceManager (SCMServiceManager.java:register(42)) - Registering service SCMBlockDeletingService.
2024-05-09 06:25:06,783 [main] INFO  replication.ReplicationManager (ReplicationManager.java:start(296)) - Starting Replication Monitor Thread.
2024-05-09 06:25:06,786 [ReplicationMonitor] INFO  replication.ReplicationManager (ReplicationManager.java:processAll(373)) - Replication Manager is not ready to run until 3000ms after safemode exit
2024-05-09 06:25:06,786 [main] INFO  ha.SCMServiceManager (SCMServiceManager.java:register(42)) - Registering service ReplicationManager.
2024-05-09 06:25:06,787 [main] INFO  safemode.ContainerSafeModeRule (ContainerSafeModeRule.java:<init>(91)) - containers with one replica threshold count 0
2024-05-09 06:25:06,787 [main] INFO  safemode.HealthyPipelineSafeModeRule (HealthyPipelineSafeModeRule.java:initializeRule(176)) - Total pipeline count is 0, healthy pipeline threshold count is 1
2024-05-09 06:25:06,787 [main] INFO  safemode.OneReplicaPipelineSafeModeRule (OneReplicaPipelineSafeModeRule.java:initializeRule(193)) - Total pipeline count is 0, pipeline's with at least one datanode reported threshold count is 0
2024-05-09 06:25:06,788 [main] INFO  server.StorageContainerManager (StorageContainerManager.java:<init>(440)) - SCM start with adminUsers: [runner]
2024-05-09 06:25:06,788 [main] INFO  ipc.CallQueueManager (CallQueueManager.java:<init>(90)) - Using callQueue: class java.util.concurrent.LinkedBlockingQueue, queueCapacity: 10000, scheduler: class org.apache.hadoop.ipc.DefaultRpcScheduler, ipcBackoff: false.
2024-05-09 06:25:06,789 [main] INFO  ipc.Server (Server.java:<init>(1287)) - Listener at 0.0.0.0:15055
2024-05-09 06:25:06,790 [Socket Reader #1 for port 15055] INFO  ipc.Server (Server.java:run(1323)) - Starting Socket Reader #1 for port 15055
2024-05-09 06:25:06,795 [main] INFO  ipc.CallQueueManager (CallQueueManager.java:<init>(90)) - Using callQueue: class java.util.concurrent.LinkedBlockingQueue, queueCapacity: 10000, scheduler: class org.apache.hadoop.ipc.DefaultRpcScheduler, ipcBackoff: false.
2024-05-09 06:25:06,795 [main] INFO  ipc.Server (Server.java:<init>(1287)) - Listener at 0.0.0.0:15054
2024-05-09 06:25:06,796 [Socket Reader #1 for port 15054] INFO  ipc.Server (Server.java:run(1323)) - Starting Socket Reader #1 for port 15054
2024-05-09 06:25:06,797 [main] INFO  ipc.CallQueueManager (CallQueueManager.java:<init>(90)) - Using callQueue: class java.util.concurrent.LinkedBlockingQueue, queueCapacity: 10000, scheduler: class org.apache.hadoop.ipc.DefaultRpcScheduler, ipcBackoff: false.
2024-05-09 06:25:06,797 [main] INFO  ipc.Server (Server.java:<init>(1287)) - Listener at 0.0.0.0:15053
2024-05-09 06:25:06,797 [Socket Reader #1 for port 15053] INFO  ipc.Server (Server.java:run(1323)) - Starting Socket Reader #1 for port 15053
2024-05-09 06:25:06,801 [main] INFO  ha.SCMServiceManager (SCMServiceManager.java:register(42)) - Registering service ContainerBalancer.
2024-05-09 06:25:06,801 [main] INFO  ha.SCMContext (SCMContext.java:updateSafeModeStatus(225)) - Update SafeModeStatus from SafeModeStatus{safeModeStatus=true, preCheckPassed=false} to SafeModeStatus{safeModeStatus=true, preCheckPassed=false}.
2024-05-09 06:25:06,802 [main] INFO  server.StorageContainerManager (StorageContainerManager.java:start(1545)) - StorageContainerLocationProtocol RPC server is listening at /0.0.0.0:15053
2024-05-09 06:25:06,803 [main] WARN  impl.MetricsConfig (MetricsConfig.java:loadFirst(136)) - Cannot locate configuration: tried hadoop-metrics2-storagecontainermanager.properties,hadoop-metrics2.properties
2024-05-09 06:25:06,804 [main] INFO  impl.MetricsSystemImpl (MetricsSystemImpl.java:startTimer(378)) - Scheduled Metric snapshot period at 10 second(s).
2024-05-09 06:25:06,804 [main] INFO  impl.MetricsSystemImpl (MetricsSystemImpl.java:start(191)) - StorageContainerManager metrics system started
2024-05-09 06:25:06,808 [main] INFO  impl.MetricsSinkAdapter (MetricsSinkAdapter.java:start(204)) - Sink prometheus started
2024-05-09 06:25:06,808 [main] INFO  impl.MetricsSystemImpl (MetricsSystemImpl.java:registerSink(305)) - Registered sink prometheus
2024-05-09 06:25:06,827 [main] INFO  server.SCMClientProtocolServer (SCMClientProtocolServer.java:start(204)) - RPC server for Client  is listening at /0.0.0.0:15053
2024-05-09 06:25:06,827 [IPC Server Responder] INFO  ipc.Server (Server.java:run(1562)) - IPC Server Responder: starting
2024-05-09 06:25:06,827 [IPC Server listener on 15053] INFO  ipc.Server (Server.java:run(1402)) - IPC Server listener on 15053: starting
2024-05-09 06:25:06,843 [main] INFO  server.StorageContainerManager (StorageContainerManager.java:start(1558)) - ScmBlockLocationProtocol RPC server is listening at /0.0.0.0:15054
2024-05-09 06:25:06,843 [main] INFO  server.SCMBlockProtocolServer (SCMBlockProtocolServer.java:start(162)) - RPC server for Block Protocol is listening at /0.0.0.0:15054
2024-05-09 06:25:06,844 [IPC Server Responder] INFO  ipc.Server (Server.java:run(1562)) - IPC Server Responder: starting
2024-05-09 06:25:06,844 [IPC Server listener on 15054] INFO  ipc.Server (Server.java:run(1402)) - IPC Server listener on 15054: starting
2024-05-09 06:25:06,865 [main] INFO  server.SCMDatanodeProtocolServer (SCMDatanodeProtocolServer.java:start(194)) - ScmDatanodeProtocol RPC server for DataNodes is listening at /0.0.0.0:15055
2024-05-09 06:25:06,866 [IPC Server Responder] INFO  ipc.Server (Server.java:run(1562)) - IPC Server Responder: starting
2024-05-09 06:25:06,866 [IPC Server listener on 15055] INFO  ipc.Server (Server.java:run(1402)) - IPC Server listener on 15055: starting
2024-05-09 06:25:06,872 [JvmPauseMonitor7] INFO  util.JvmPauseMonitor (JvmPauseMonitor.java:run(146)) - JvmPauseMonitor-e11feffd-e3f8-44d2-ab53-bce3ab0c2692: Started
2024-05-09 06:25:06,873 [main] INFO  http.BaseHttpServer (BaseHttpServer.java:newHttpServer2BuilderForOzone(223)) - Starting Web-server for scm at: http://0.0.0.0:15056
2024-05-09 06:25:06,873 [main] INFO  http.BaseHttpServer (BaseHttpServer.java:<init>(110)) - Hadoop Security Enabled: false Ozone Security Enabled: false Ozone HTTP Security Enabled: false 
2024-05-09 06:25:06,875 [main] WARN  server.AuthenticationFilter (AuthenticationFilter.java:constructSecretProvider(240)) - Unable to initialize FileSignerSecretProvider, falling back to use random secrets. Reason: Could not read signature secret file: /home/runner/hadoop-http-auth-signature-secret
2024-05-09 06:25:06,875 [main] INFO  http.HttpRequestLog (HttpRequestLog.java:getRequestLog(86)) - Http request log for http.requests.scm is not defined
2024-05-09 06:25:06,877 [main] INFO  http.HttpServer2 (HttpServer2.java:addGlobalFilter(1036)) - Added global filter 'safety' (class=org.apache.hadoop.hdds.server.http.HttpServer2$QuotingInputFilter)
2024-05-09 06:25:06,877 [main] INFO  http.HttpServer2 (HttpServer2.java:addFilter(1012)) - Added filter static_user_filter (class=org.apache.hadoop.http.lib.StaticUserWebFilter$StaticUserFilter) to context scm
2024-05-09 06:25:06,877 [main] INFO  http.HttpServer2 (HttpServer2.java:addFilter(1020)) - Added filter static_user_filter (class=org.apache.hadoop.http.lib.StaticUserWebFilter$StaticUserFilter) to context static
2024-05-09 06:25:06,877 [main] INFO  http.HttpServer2 (HttpServer2.java:addFilter(1020)) - Added filter static_user_filter (class=org.apache.hadoop.http.lib.StaticUserWebFilter$StaticUserFilter) to context logs
2024-05-09 06:25:06,878 [main] INFO  http.BaseHttpServer (BaseHttpServer.java:<init>(189)) - HTTP server of scm uses base directory /home/runner/work/ozone/ozone/hadoop-ozone/integration-test/target/test-dir/MiniOzoneClusterImpl-48ce40b1-13f8-460b-b529-5aa00ab75c3e/ozone-meta/webserver
2024-05-09 06:25:06,878 [main] INFO  http.HttpServer2 (HttpServer2.java:bindListener(1236)) - Jetty bound to port 15056
2024-05-09 06:25:06,879 [main] INFO  server.Server (Server.java:doStart(375)) - jetty-9.4.54.v20240208; built: 2024-02-08T19:42:39.027Z; git: cef3fbd6d736a21e7d541a5db490381d95a2047d; jvm 17.0.10+7
2024-05-09 06:25:06,880 [main] INFO  server.session (DefaultSessionIdManager.java:doStart(334)) - DefaultSessionIdManager workerName=node0
2024-05-09 06:25:06,880 [main] INFO  server.session (DefaultSessionIdManager.java:doStart(339)) - No SessionScavenger set, using defaults
2024-05-09 06:25:06,880 [main] INFO  server.session (HouseKeeper.java:startScavenging(132)) - node0 Scavenging every 660000ms
2024-05-09 06:25:06,880 [main] INFO  handler.ContextHandler (ContextHandler.java:doStart(921)) - Started o.e.j.s.ServletContextHandler@18ae3583{logs,/logs,file:///home/runner/work/ozone/ozone/hadoop-ozone/integration-test/target/log,AVAILABLE}
2024-05-09 06:25:06,881 [main] INFO  handler.ContextHandler (ContextHandler.java:doStart(921)) - Started o.e.j.s.ServletContextHandler@1a2d79bf{static,/static,file:///home/runner/work/ozone/ozone/hadoop-ozone/integration-test/target/test-classes/webapps/static,AVAILABLE}
2024-05-09 06:25:06,887 [main] INFO  handler.ContextHandler (ContextHandler.java:doStart(921)) - Started o.e.j.w.WebAppContext@1b06c3f8{scm,/,file:///home/runner/work/ozone/ozone/hadoop-ozone/integration-test/target/test-classes/webapps/scm/,AVAILABLE}{file:/home/runner/work/ozone/ozone/hadoop-ozone/integration-test/target/test-classes/webapps/scm}
2024-05-09 06:25:06,888 [main] INFO  server.AbstractConnector (AbstractConnector.java:doStart(333)) - Started ServerConnector@6d61cfe4{HTTP/1.1, (http/1.1)}{0.0.0.0:15056}
2024-05-09 06:25:06,888 [main] INFO  server.Server (Server.java:doStart(415)) - Started @30444ms
2024-05-09 06:25:06,888 [main] WARN  impl.MetricsSystemImpl (MetricsSystemImpl.java:register(279)) - Sink prometheus already exists!
2024-05-09 06:25:06,889 [main] INFO  http.BaseHttpServer (BaseHttpServer.java:updateConnectorAddress(354)) - HTTP server of scm listening at http://0.0.0.0:15056
2024-05-09 06:25:06,889 [main] WARN  server.ServerUtils (ServerUtils.java:getDBPath(299)) - ozone.om.db.dirs is not configured. We recommend adding this setting. Falling back to ozone.metadata.dirs instead.
2024-05-09 06:25:06,890 [main] INFO  ha.OMHANodeDetails (OMHANodeDetails.java:loadOMHAConfig(115)) - ozone.om.internal.service.id is not defined, falling back to ozone.om.service.ids to find serviceID for OzoneManager if it is HA enabled cluster
2024-05-09 06:25:06,891 [main] INFO  ha.OMHANodeDetails (OMHANodeDetails.java:loadOMHAConfig(226)) - Configuration does not have ozone.om.address set. Falling back to the default OM address /127.0.0.1:15057
2024-05-09 06:25:06,891 [main] INFO  ha.OMHANodeDetails (OMHANodeDetails.java:getOMNodeDetailsForNonHA(254)) - OM Service ID is not set. Setting it to the default ID: omServiceIdDefault
2024-05-09 06:25:06,891 [main] INFO  ha.OMHANodeDetails (OMHANodeDetails.java:getOMNodeDetailsForNonHA(261)) - OM Node ID is not set. Setting it to the default ID: om1
2024-05-09 06:25:06,891 [main] WARN  server.ServerUtils (ServerUtils.java:getDBPath(299)) - ozone.om.db.dirs is not configured. We recommend adding this setting. Falling back to ozone.metadata.dirs instead.
2024-05-09 06:25:06,892 [main] INFO  upgrade.AbstractLayoutVersionManager (AbstractLayoutVersionManager.java:init(83)) - Initializing Layout version manager with metadata layout = QUOTA (version = 6), software layout = QUOTA (version = 6)
2024-05-09 06:25:06,933 [main] INFO  reflections.Reflections (Reflections.java:scan(219)) - Reflections took 40 ms to scan 2 urls, producing 188 keys and 545 values
2024-05-09 06:25:06,934 [main] INFO  upgrade.OMLayoutVersionManager (OMLayoutVersionManager.java:lambda$0(113)) - Skipping Upgrade Action QuotaRepairUpgradeAction since it has been finalized.
2024-05-09 06:25:06,934 [main] INFO  upgrade.OMLayoutVersionManager (OMLayoutVersionManager.java:lambda$0(113)) - Skipping Upgrade Action MockOmUpgradeAction since it has been finalized.
2024-05-09 06:25:06,935 [main] WARN  server.ServerUtils (ServerUtils.java:getDBPath(299)) - ozone.om.db.dirs is not configured. We recommend adding this setting. Falling back to ozone.metadata.dirs instead.
2024-05-09 06:25:06,936 [main] INFO  proxy.SCMBlockLocationFailoverProxyProvider (SCMBlockLocationFailoverProxyProvider.java:<init>(115)) - Created block location fail-over proxy with 1 nodes: [nodeId=scmNodeId,nodeAddress=/0.0.0.0:15054]
2024-05-09 06:25:06,938 [main] INFO  proxy.SCMBlockLocationFailoverProxyProvider (SCMBlockLocationFailoverProxyProvider.java:<init>(115)) - Created block location fail-over proxy with 1 nodes: [nodeId=scmNodeId,nodeAddress=/0.0.0.0:15054]
2024-05-09 06:25:06,943 [main] INFO  om.OzoneManager (OzoneManager.java:<init>(677)) - OM start with adminUsers: [runner]
2024-05-09 06:25:06,945 [main] WARN  server.ServerUtils (ServerUtils.java:getDBPath(299)) - ozone.om.db.dirs is not configured. We recommend adding this setting. Falling back to ozone.metadata.dirs instead.
2024-05-09 06:25:06,945 [main] INFO  helpers.OmKeyInfo (OmKeyInfo.java:getCodec(72)) - OmKeyInfo.getCodec ignorePipeline = true
2024-05-09 06:25:07,162 [main] INFO  om.OzoneManager (OzoneManager.java:instantiateServices(811)) - S3 Multi-Tenancy is disabled
2024-05-09 06:25:07,163 [main] INFO  om.OmSnapshotManager (OmSnapshotManager.java:<init>(179)) - Ozone filesystem snapshot feature is enabled.
2024-05-09 06:25:07,164 [main] WARN  server.ServerUtils (ServerUtils.java:getDBPath(299)) - ozone.om.snapshot.diff.db.dir is not configured. We recommend adding this setting. Falling back to ozone.metadata.dirs instead.
2024-05-09 06:25:07,194 [main] INFO  utils.NativeLibraryLoader (NativeLibraryLoader.java:loadLibrary(111)) - Loading Library: ozone_rocksdb_tools
2024-05-09 06:25:07,195 [main] ERROR snapshot.SnapshotDiffManager (SnapshotDiffManager.java:initNativeLibraryForEfficientDiff(287)) - Native Library for raw sst file reading loading failed.
org.apache.hadoop.hdds.utils.NativeLibraryNotLoadedException: Unable to load library ozone_rocksdb_tools from both java.library.path & resource file libozone_rocksdb_tools.so from jar.
	at org.apache.hadoop.hdds.utils.db.managed.ManagedRawSSTFileReader.loadLibrary(ManagedRawSSTFileReader.java:40)
	at org.apache.hadoop.ozone.om.snapshot.SnapshotDiffManager.initNativeLibraryForEfficientDiff(SnapshotDiffManager.java:285)
	at org.apache.hadoop.ozone.om.snapshot.SnapshotDiffManager.<init>(SnapshotDiffManager.java:259)
	at org.apache.hadoop.ozone.om.OmSnapshotManager.<init>(OmSnapshotManager.java:286)
	at org.apache.hadoop.ozone.om.OzoneManager.instantiateServices(OzoneManager.java:863)
	at org.apache.hadoop.ozone.om.OzoneManager.<init>(OzoneManager.java:687)
	at org.apache.hadoop.ozone.om.OzoneManager.createOm(OzoneManager.java:774)
	at org.apache.hadoop.ozone.MiniOzoneClusterImpl$Builder.createOM(MiniOzoneClusterImpl.java:689)
	at org.apache.hadoop.ozone.MiniOzoneClusterImpl$Builder.createAndStartSingleOM(MiniOzoneClusterImpl.java:673)
	at org.apache.hadoop.ozone.MiniOzoneClusterImpl$Builder.build(MiniOzoneClusterImpl.java:535)
	at org.apache.hadoop.hdds.scm.storage.TestCommitWatcher.init(TestCommitWatcher.java:147)
	at java.base/jdk.internal.reflect.NativeMethodAccessorImpl.invoke0(Native Method)
	at java.base/jdk.internal.reflect.NativeMethodAccessorImpl.invoke(NativeMethodAccessorImpl.java:77)
	at java.base/jdk.internal.reflect.DelegatingMethodAccessorImpl.invoke(DelegatingMethodAccessorImpl.java:43)
	at java.base/java.lang.reflect.Method.invoke(Method.java:568)
	at org.junit.platform.commons.util.ReflectionUtils.invokeMethod(ReflectionUtils.java:728)
	at org.junit.jupiter.engine.execution.MethodInvocation.proceed(MethodInvocation.java:60)
	at org.junit.jupiter.engine.execution.InvocationInterceptorChain$ValidatingInvocation.proceed(InvocationInterceptorChain.java:131)
	at org.junit.jupiter.engine.extension.TimeoutExtension.intercept(TimeoutExtension.java:156)
	at org.junit.jupiter.engine.extension.TimeoutExtension.interceptLifecycleMethod(TimeoutExtension.java:128)
	at org.junit.jupiter.engine.extension.TimeoutExtension.interceptBeforeEachMethod(TimeoutExtension.java:78)
	at org.junit.jupiter.engine.execution.InterceptingExecutableInvoker$ReflectiveInterceptorCall.lambda$ofVoidMethod$0(InterceptingExecutableInvoker.java:103)
	at org.junit.jupiter.engine.execution.InterceptingExecutableInvoker.lambda$invoke$0(InterceptingExecutableInvoker.java:93)
	at org.junit.jupiter.engine.execution.InvocationInterceptorChain$InterceptedInvocation.proceed(InvocationInterceptorChain.java:106)
	at org.junit.jupiter.engine.execution.InvocationInterceptorChain.proceed(InvocationInterceptorChain.java:64)
	at org.junit.jupiter.engine.execution.InvocationInterceptorChain.chainAndInvoke(InvocationInterceptorChain.java:45)
	at org.junit.jupiter.engine.execution.InvocationInterceptorChain.invoke(InvocationInterceptorChain.java:37)
	at org.junit.jupiter.engine.execution.InterceptingExecutableInvoker.invoke(InterceptingExecutableInvoker.java:92)
	at org.junit.jupiter.engine.execution.InterceptingExecutableInvoker.invoke(InterceptingExecutableInvoker.java:86)
	at org.junit.jupiter.engine.descriptor.ClassBasedTestDescriptor.invokeMethodInExtensionContext(ClassBasedTestDescriptor.java:521)
	at org.junit.jupiter.engine.descriptor.ClassBasedTestDescriptor.lambda$synthesizeBeforeEachMethodAdapter$23(ClassBasedTestDescriptor.java:506)
	at org.junit.jupiter.engine.descriptor.TestMethodTestDescriptor.lambda$invokeBeforeEachMethods$3(TestMethodTestDescriptor.java:175)
	at org.junit.jupiter.engine.descriptor.TestMethodTestDescriptor.lambda$invokeBeforeMethodsOrCallbacksUntilExceptionOccurs$6(TestMethodTestDescriptor.java:203)
	at org.junit.platform.engine.support.hierarchical.ThrowableCollector.execute(ThrowableCollector.java:73)
	at org.junit.jupiter.engine.descriptor.TestMethodTestDescriptor.invokeBeforeMethodsOrCallbacksUntilExceptionOccurs(TestMethodTestDescriptor.java:203)
	at org.junit.jupiter.engine.descriptor.TestMethodTestDescriptor.invokeBeforeEachMethods(TestMethodTestDescriptor.java:172)
	at org.junit.jupiter.engine.descriptor.TestMethodTestDescriptor.execute(TestMethodTestDescriptor.java:135)
	at org.junit.jupiter.engine.descriptor.TestMethodTestDescriptor.execute(TestMethodTestDescriptor.java:69)
	at org.junit.platform.engine.support.hierarchical.NodeTestTask.lambda$executeRecursively$6(NodeTestTask.java:151)
	at org.junit.platform.engine.support.hierarchical.ThrowableCollector.execute(ThrowableCollector.java:73)
	at org.junit.platform.engine.support.hierarchical.NodeTestTask.lambda$executeRecursively$8(NodeTestTask.java:141)
	at org.junit.platform.engine.support.hierarchical.Node.around(Node.java:137)
	at org.junit.platform.engine.support.hierarchical.NodeTestTask.lambda$executeRecursively$9(NodeTestTask.java:139)
	at org.junit.platform.engine.support.hierarchical.ThrowableCollector.execute(ThrowableCollector.java:73)
	at org.junit.platform.engine.support.hierarchical.NodeTestTask.executeRecursively(NodeTestTask.java:138)
	at org.junit.platform.engine.support.hierarchical.NodeTestTask.execute(NodeTestTask.java:95)
	at java.base/java.util.ArrayList.forEach(ArrayList.java:1511)
	at org.junit.platform.engine.support.hierarchical.SameThreadHierarchicalTestExecutorService.invokeAll(SameThreadHierarchicalTestExecutorService.java:41)
	at org.junit.platform.engine.support.hierarchical.NodeTestTask.lambda$executeRecursively$6(NodeTestTask.java:155)
	at org.junit.platform.engine.support.hierarchical.ThrowableCollector.execute(ThrowableCollector.java:73)
	at org.junit.platform.engine.support.hierarchical.NodeTestTask.lambda$executeRecursively$8(NodeTestTask.java:141)
	at org.junit.platform.engine.support.hierarchical.Node.around(Node.java:137)
	at org.junit.platform.engine.support.hierarchical.NodeTestTask.lambda$executeRecursively$9(NodeTestTask.java:139)
	at org.junit.platform.engine.support.hierarchical.ThrowableCollector.execute(ThrowableCollector.java:73)
	at org.junit.platform.engine.support.hierarchical.NodeTestTask.executeRecursively(NodeTestTask.java:138)
	at org.junit.platform.engine.support.hierarchical.NodeTestTask.execute(NodeTestTask.java:95)
	at java.base/java.util.ArrayList.forEach(ArrayList.java:1511)
	at org.junit.platform.engine.support.hierarchical.SameThreadHierarchicalTestExecutorService.invokeAll(SameThreadHierarchicalTestExecutorService.java:41)
	at org.junit.platform.engine.support.hierarchical.NodeTestTask.lambda$executeRecursively$6(NodeTestTask.java:155)
	at org.junit.platform.engine.support.hierarchical.ThrowableCollector.execute(ThrowableCollector.java:73)
	at org.junit.platform.engine.support.hierarchical.NodeTestTask.lambda$executeRecursively$8(NodeTestTask.java:141)
	at org.junit.platform.engine.support.hierarchical.Node.around(Node.java:137)
	at org.junit.platform.engine.support.hierarchical.NodeTestTask.lambda$executeRecursively$9(NodeTestTask.java:139)
	at org.junit.platform.engine.support.hierarchical.ThrowableCollector.execute(ThrowableCollector.java:73)
	at org.junit.platform.engine.support.hierarchical.NodeTestTask.executeRecursively(NodeTestTask.java:138)
	at org.junit.platform.engine.support.hierarchical.NodeTestTask.execute(NodeTestTask.java:95)
	at org.junit.platform.engine.support.hierarchical.SameThreadHierarchicalTestExecutorService.submit(SameThreadHierarchicalTestExecutorService.java:35)
	at org.junit.platform.engine.support.hierarchical.HierarchicalTestExecutor.execute(HierarchicalTestExecutor.java:57)
	at org.junit.platform.engine.support.hierarchical.HierarchicalTestEngine.execute(HierarchicalTestEngine.java:54)
	at org.junit.platform.launcher.core.EngineExecutionOrchestrator.execute(EngineExecutionOrchestrator.java:198)
	at org.junit.platform.launcher.core.EngineExecutionOrchestrator.execute(EngineExecutionOrchestrator.java:169)
	at org.junit.platform.launcher.core.EngineExecutionOrchestrator.execute(EngineExecutionOrchestrator.java:93)
	at org.junit.platform.launcher.core.EngineExecutionOrchestrator.lambda$execute$0(EngineExecutionOrchestrator.java:58)
	at org.junit.platform.launcher.core.EngineExecutionOrchestrator.withInterceptedStreams(EngineExecutionOrchestrator.java:141)
	at org.junit.platform.launcher.core.EngineExecutionOrchestrator.execute(EngineExecutionOrchestrator.java:57)
	at org.junit.platform.launcher.core.DefaultLauncher.execute(DefaultLauncher.java:103)
	at org.junit.platform.launcher.core.DefaultLauncher.execute(DefaultLauncher.java:85)
	at org.junit.platform.launcher.core.DelegatingLauncher.execute(DelegatingLauncher.java:47)
	at org.junit.platform.launcher.core.SessionPerRequestLauncher.execute(SessionPerRequestLauncher.java:63)
	at org.apache.maven.surefire.junitplatform.JUnitPlatformProvider.invokeAllTests(JUnitPlatformProvider.java:154)
	at org.apache.maven.surefire.junitplatform.JUnitPlatformProvider.invoke(JUnitPlatformProvider.java:123)
	at org.apache.maven.surefire.booter.ForkedBooter.runSuitesInProcess(ForkedBooter.java:377)
	at org.apache.maven.surefire.booter.ForkedBooter.execute(ForkedBooter.java:138)
	at org.apache.maven.surefire.booter.ForkedBooter.run(ForkedBooter.java:465)
	at org.apache.maven.surefire.booter.ForkedBooter.main(ForkedBooter.java:451)
2024-05-09 06:25:07,199 [main] INFO  om.OzoneManager (OzoneManager.java:addS3GVolumeToDB(4463)) - Created Volume s3v With Owner runner required for S3Gateway operations.
2024-05-09 06:25:07,199 [main] WARN  server.ServerUtils (ServerUtils.java:getDefaultRatisDirectory(311)) - Storage directory for Ratis is not configured. It is a good idea to map this to an SSD disk. Falling back to ozone.metadata.dirs
2024-05-09 06:25:07,199 [main] WARN  utils.OzoneManagerRatisUtils (OzoneManagerRatisUtils.java:getOMRatisSnapshotDirectory(476)) - ozone.om.ratis.snapshot.dir is not configured. Falling back to ozone.metadata.dirs config
2024-05-09 06:25:07,199 [main] WARN  server.ServerUtils (ServerUtils.java:getDefaultRatisDirectory(311)) - Storage directory for Ratis is not configured. It is a good idea to map this to an SSD disk. Falling back to ozone.metadata.dirs
2024-05-09 06:25:07,201 [main] INFO  ratis.OzoneManagerRatisServer (OzoneManagerRatisServer.java:<init>(167)) - Instantiating OM Ratis server with groupID: omServiceIdDefault and peers: localhost:15060
2024-05-09 06:25:07,201 [main] INFO  ratis.OzoneManagerStateMachine (OzoneManagerStateMachine.java:loadSnapshotInfoFromDB(589)) - TransactionInfo not found in OM DB.
2024-05-09 06:25:07,202 [main] INFO  server.RaftServer (ConfUtils.java:logGet(46)) - raft.rpc.type = GRPC (default)
2024-05-09 06:25:07,203 [main] INFO  grpc.GrpcConfigKeys (ConfUtils.java:logFallback(53)) - raft.grpc.admin.host = null (fallback to raft.grpc.server.host)
2024-05-09 06:25:07,203 [main] INFO  grpc.GrpcConfigKeys (ConfUtils.java:logFallback(53)) - raft.grpc.admin.port = 15060 (fallback to raft.grpc.server.port)
2024-05-09 06:25:07,203 [main] INFO  grpc.GrpcConfigKeys (ConfUtils.java:logFallback(53)) - raft.grpc.client.host = null (fallback to raft.grpc.server.host)
2024-05-09 06:25:07,203 [main] INFO  grpc.GrpcConfigKeys (ConfUtils.java:logFallback(53)) - raft.grpc.client.port = 15060 (fallback to raft.grpc.server.port)
2024-05-09 06:25:07,203 [main] INFO  grpc.GrpcConfigKeys (ConfUtils.java:logGet(46)) - raft.grpc.server.host = null (default)
2024-05-09 06:25:07,203 [main] INFO  grpc.GrpcConfigKeys (ConfUtils.java:logGet(46)) - raft.grpc.server.port = 15060 (custom)
2024-05-09 06:25:07,203 [main] INFO  server.GrpcService (ConfUtils.java:logGet(46)) - raft.grpc.message.size.max = 4194304 (custom)
2024-05-09 06:25:07,204 [main] INFO  server.RaftServerConfigKeys (ConfUtils.java:logGet(46)) - raft.server.log.appender.buffer.byte-limit = 4194304 (custom)
2024-05-09 06:25:07,204 [main] INFO  server.GrpcService (ConfUtils.java:logGet(46)) - raft.grpc.flow.control.window = 1MB (=1048576) (default)
2024-05-09 06:25:07,204 [main] INFO  server.RaftServerConfigKeys (ConfUtils.java:logGet(46)) - raft.server.rpc.request.timeout = 3000ms (default)
2024-05-09 06:25:07,204 [main] INFO  grpc.GrpcConfigKeys (ConfUtils.java:logGet(46)) - raft.grpc.server.heartbeat.channel = true (default)
2024-05-09 06:25:07,204 [main] INFO  grpc.GrpcConfigKeys (ConfUtils.java:logGet(46)) - raft.grpc.server.async.request.thread.pool.cached = true (default)
2024-05-09 06:25:07,204 [main] INFO  grpc.GrpcConfigKeys (ConfUtils.java:logGet(46)) - raft.grpc.server.async.request.thread.pool.size = 32 (default)
2024-05-09 06:25:07,207 [main] INFO  impl.DataStreamServerImpl (ConfUtils.java:logGet(46)) - raft.datastream.type = DISABLED (default)
2024-05-09 06:25:07,207 [main] INFO  server.RaftServerConfigKeys (ConfUtils.java:logGet(46)) - raft.server.sleep.deviation.threshold = 300ms (default)
2024-05-09 06:25:07,207 [main] INFO  server.RaftServerConfigKeys (ConfUtils.java:logGet(46)) - raft.server.close.threshold = 60s (default)
2024-05-09 06:25:07,207 [main] INFO  server.RaftServerConfigKeys (ConfUtils.java:logGet(46)) - raft.server.leaderelection.leader.step-down.wait-time = 10s (default)
2024-05-09 06:25:07,208 [main] INFO  server.RaftServerConfigKeys (ConfUtils.java:logGet(46)) - raft.server.storage.dir = [/home/runner/work/ozone/ozone/hadoop-ozone/integration-test/target/test-dir/MiniOzoneClusterImpl-48ce40b1-13f8-460b-b529-5aa00ab75c3e/ozone-meta/ratis] (custom)
2024-05-09 06:25:07,208 [main] INFO  server.RaftServerConfigKeys (ConfUtils.java:logGet(46)) - raft.server.threadpool.proxy.cached = true (default)
2024-05-09 06:25:07,208 [main] INFO  server.RaftServerConfigKeys (ConfUtils.java:logGet(46)) - raft.server.threadpool.proxy.size = 0 (default)
2024-05-09 06:25:07,211 [main] INFO  server.RaftServer (RaftServerProxy.java:addNew(100)) - om1: addNew group-C5BA1605619E:[om1|localhost:15060] returns group-C5BA1605619E:java.util.concurrent.CompletableFuture@60a4f677[Not completed]
2024-05-09 06:25:07,211 [main] INFO  om.OzoneManager (OzoneManager.java:initializeRatisServer(2168)) - OzoneManager Ratis server initialized at port 15060
2024-05-09 06:25:07,211 [main] INFO  om.OzoneManager (OzoneManager.java:getRpcServer(1227)) - Creating RPC Server
2024-05-09 06:25:07,211 [om1-groupManagement] INFO  server.RaftServer$Division (RaftServerImpl.java:<init>(256)) - om1: new RaftServerImpl for group-C5BA1605619E:[om1|localhost:15060] with OzoneManagerStateMachine:uninitialized
2024-05-09 06:25:07,212 [om1-groupManagement] INFO  server.RaftServerConfigKeys (ConfUtils.java:logGet(46)) - raft.server.rpc.timeout.min = 1s (custom)
2024-05-09 06:25:07,212 [om1-groupManagement] INFO  server.RaftServerConfigKeys (ConfUtils.java:logGet(46)) - raft.server.rpc.timeout.max = 1200ms (custom)
2024-05-09 06:25:07,212 [om1-groupManagement] INFO  server.RaftServerConfigKeys (ConfUtils.java:logGet(46)) - raft.server.rpc.sleep.time = 25ms (default)
2024-05-09 06:25:07,213 [om1-groupManagement] INFO  server.RaftServerConfigKeys (ConfUtils.java:logGet(46)) - raft.server.rpc.slowness.timeout = 120s (custom)
2024-05-09 06:25:07,213 [om1-groupManagement] INFO  server.RaftServerConfigKeys (ConfUtils.java:logGet(46)) - raft.server.leaderelection.leader.step-down.wait-time = 10s (default)
2024-05-09 06:25:07,213 [om1-groupManagement] INFO  server.RaftServerConfigKeys (ConfUtils.java:logGet(46)) - raft.server.leaderelection.member.majority-add = false (default)
2024-05-09 06:25:07,213 [om1-groupManagement] INFO  server.RaftServerConfigKeys (ConfUtils.java:logGet(46)) - raft.server.sleep.deviation.threshold = 300ms (default)
2024-05-09 06:25:07,214 [om1-groupManagement] INFO  server.RaftServer$Division (ServerState.java:<init>(113)) - om1@group-C5BA1605619E: ConfigurationManager, init=-1: peers:[om1|localhost:15060]|listeners:[], old=null, confs=<EMPTY_MAP>
2024-05-09 06:25:07,214 [om1-groupManagement] INFO  server.RaftServerConfigKeys (ConfUtils.java:logGet(46)) - raft.server.notification.no-leader.timeout = 120s (custom)
2024-05-09 06:25:07,214 [om1-groupManagement] INFO  server.RaftServerConfigKeys (ConfUtils.java:logGet(46)) - raft.server.read.timeout = 10s (default)
2024-05-09 06:25:07,215 [om1-groupManagement] INFO  server.RaftServerConfigKeys (ConfUtils.java:logGet(46)) - raft.server.retrycache.expirytime = 300s (custom)
2024-05-09 06:25:07,215 [om1-groupManagement] INFO  server.RaftServerConfigKeys (ConfUtils.java:logGet(46)) - raft.server.retrycache.statistics.expirytime = 100ms (default)
2024-05-09 06:25:07,215 [om1-groupManagement] INFO  server.RaftServerConfigKeys (ConfUtils.java:logGet(46)) - raft.server.read.option = DEFAULT (default)
2024-05-09 06:25:07,216 [om1-groupManagement] INFO  server.RaftServerConfigKeys (ConfUtils.java:logGet(46)) - raft.server.read.read-after-write-consistent.write-index-cache.expiry-time = 60s (default)
2024-05-09 06:25:07,217 [om1-groupManagement] INFO  server.RaftServerConfigKeys (ConfUtils.java:logGet(46)) - raft.server.rpc.request.timeout = 3000ms (default)
2024-05-09 06:25:07,217 [om1-groupManagement] INFO  server.RaftServerConfigKeys (ConfUtils.java:logGet(46)) - raft.server.log.appender.install.snapshot.enabled = false (custom)
2024-05-09 06:25:07,218 [om1-groupManagement] INFO  server.RaftServerConfigKeys (ConfUtils.java:logGet(46)) - raft.server.threadpool.server.cached = true (default)
2024-05-09 06:25:07,218 [om1-groupManagement] INFO  server.RaftServerConfigKeys (ConfUtils.java:logGet(46)) - raft.server.threadpool.server.size = 0 (default)
2024-05-09 06:25:07,218 [om1-groupManagement] INFO  server.RaftServerConfigKeys (ConfUtils.java:logGet(46)) - raft.server.threadpool.client.cached = true (default)
2024-05-09 06:25:07,219 [om1-groupManagement] INFO  server.RaftServerConfigKeys (ConfUtils.java:logGet(46)) - raft.server.threadpool.client.size = 0 (default)
2024-05-09 06:25:07,624 [main] INFO  reflections.Reflections (Reflections.java:scan(219)) - Reflections took 412 ms to scan 20 urls, producing 58 keys and 6591 values
2024-05-09 06:25:07,626 [main] INFO  ipc.CallQueueManager (CallQueueManager.java:<init>(90)) - Using callQueue: class java.util.concurrent.LinkedBlockingQueue, queueCapacity: 2000, scheduler: class org.apache.hadoop.ipc.DefaultRpcScheduler, ipcBackoff: false.
2024-05-09 06:25:07,627 [main] INFO  ipc.Server (Server.java:<init>(1287)) - Listener at 127.0.0.1:15057
2024-05-09 06:25:07,630 [Socket Reader #1 for port 15057] INFO  ipc.Server (Server.java:run(1323)) - Starting Socket Reader #1 for port 15057
2024-05-09 06:25:07,649 [main] INFO  impl.MetricsSystemImpl (MetricsSystemImpl.java:init(158)) - OzoneManager metrics system started (again)
2024-05-09 06:25:07,661 [main] INFO  om.OzoneManager (OzoneManager.java:start(1649)) - OzoneManager RPC server is listening at localhost/127.0.0.1:15057
2024-05-09 06:25:07,662 [main] INFO  ratis.OzoneManagerRatisServer (OzoneManagerRatisServer.java:start(588)) - Starting OzoneManagerRatisServer om1 at port 15060
2024-05-09 06:25:07,663 [om1-impl-thread1] INFO  server.RaftServerConfigKeys (ConfUtils.java:logGet(46)) - raft.server.storage.free-space.min = 0MB (=0) (default)
2024-05-09 06:25:07,663 [om1-impl-thread1] INFO  server.RaftServerConfigKeys (ConfUtils.java:logGet(46)) - raft.server.log.corruption.policy = EXCEPTION (default)
2024-05-09 06:25:07,663 [om1-impl-thread1] INFO  server.RaftServerConfigKeys (ConfUtils.java:logGet(46)) - raft.server.storage.dir = [/home/runner/work/ozone/ozone/hadoop-ozone/integration-test/target/test-dir/MiniOzoneClusterImpl-48ce40b1-13f8-460b-b529-5aa00ab75c3e/ozone-meta/ratis] (custom)
2024-05-09 06:25:07,663 [om1-impl-thread1] INFO  storage.RaftStorageDirectory (RaftStorageDirectoryImpl.java:analyzeStorage(138)) - The storage directory /home/runner/work/ozone/ozone/hadoop-ozone/integration-test/target/test-dir/MiniOzoneClusterImpl-48ce40b1-13f8-460b-b529-5aa00ab75c3e/ozone-meta/ratis/bf265839-605b-3f16-9796-c5ba1605619e does not exist. Creating ...
2024-05-09 06:25:07,664 [om1-impl-thread1] INFO  storage.RaftStorageDirectory (RaftStorageDirectoryImpl.java:tryLock(228)) - Lock on /home/runner/work/ozone/ozone/hadoop-ozone/integration-test/target/test-dir/MiniOzoneClusterImpl-48ce40b1-13f8-460b-b529-5aa00ab75c3e/ozone-meta/ratis/bf265839-605b-3f16-9796-c5ba1605619e/in_use.lock acquired by nodename 52187@fv-az737-206
2024-05-09 06:25:07,665 [om1-impl-thread1] INFO  storage.RaftStorage (RaftStorageImpl.java:format(99)) - Storage directory /home/runner/work/ozone/ozone/hadoop-ozone/integration-test/target/test-dir/MiniOzoneClusterImpl-48ce40b1-13f8-460b-b529-5aa00ab75c3e/ozone-meta/ratis/bf265839-605b-3f16-9796-c5ba1605619e has been successfully formatted.
2024-05-09 06:25:07,666 [om1-impl-thread1] WARN  util.FileUtils (LogUtils.java:supplyAndLog(63)) - Failed to Files.newInputStream /home/runner/work/ozone/ozone/hadoop-ozone/integration-test/target/test-dir/MiniOzoneClusterImpl-48ce40b1-13f8-460b-b529-5aa00ab75c3e/ozone-meta/ratis/bf265839-605b-3f16-9796-c5ba1605619e/current/raft-meta.conf with options []: java.nio.file.NoSuchFileException: /home/runner/work/ozone/ozone/hadoop-ozone/integration-test/target/test-dir/MiniOzoneClusterImpl-48ce40b1-13f8-460b-b529-5aa00ab75c3e/ozone-meta/ratis/bf265839-605b-3f16-9796-c5ba1605619e/current/raft-meta.conf
2024-05-09 06:25:07,666 [om1-impl-thread1] INFO  server.RaftServerConfigKeys (ConfUtils.java:logGet(46)) - raft.server.log.use.memory = false (default)
2024-05-09 06:25:07,666 [om1-impl-thread1] INFO  server.RaftServerConfigKeys (ConfUtils.java:logGet(46)) - raft.server.log.purge.gap = 1000000 (custom)
2024-05-09 06:25:07,666 [om1-impl-thread1] INFO  server.RaftServerConfigKeys (ConfUtils.java:logGet(46)) - raft.server.log.appender.buffer.byte-limit = 4194304 (custom)
2024-05-09 06:25:07,666 [om1-impl-thread1] INFO  server.RaftServerConfigKeys (ConfUtils.java:logGet(46)) - raft.server.log.statemachine.data.read.timeout = 1000ms (default)
2024-05-09 06:25:07,666 [om1-impl-thread1] INFO  server.RaftServerConfigKeys (ConfUtils.java:logGet(46)) - raft.server.log.purge.preservation.log.num = 0 (default)
2024-05-09 06:25:07,667 [om1-impl-thread1] INFO  server.RaftServerConfigKeys (ConfUtils.java:logGet(46)) - raft.server.log.segment.size.max = 4194304 (custom)
2024-05-09 06:25:07,667 [om1-impl-thread1] INFO  server.RaftServerConfigKeys (ConfUtils.java:logGet(46)) - raft.server.log.segment.cache.num.max = 2 (custom)
2024-05-09 06:25:07,667 [om1-impl-thread1] INFO  server.RaftServerConfigKeys (ConfUtils.java:logGet(46)) - raft.server.log.segment.cache.size.max = 200MB (=209715200) (default)
2024-05-09 06:25:07,667 [om1-impl-thread1] INFO  server.RaftServerConfigKeys (ConfUtils.java:logGet(46)) - raft.server.log.appender.buffer.byte-limit = 4194304 (custom)
2024-05-09 06:25:07,667 [om1-impl-thread1] INFO  util.AwaitToRun (AwaitToRun.java:start(81)) - Thread[om1@group-C5BA1605619E-cacheEviction-AwaitToRun,5,main] started
2024-05-09 06:25:07,667 [om1-impl-thread1] INFO  segmented.SegmentedRaftLogWorker (SegmentedRaftLogWorker.java:<init>(182)) - new om1@group-C5BA1605619E-SegmentedRaftLogWorker for RaftStorageImpl:Storage Directory /home/runner/work/ozone/ozone/hadoop-ozone/integration-test/target/test-dir/MiniOzoneClusterImpl-48ce40b1-13f8-460b-b529-5aa00ab75c3e/ozone-meta/ratis/bf265839-605b-3f16-9796-c5ba1605619e
2024-05-09 06:25:07,668 [om1-impl-thread1] INFO  server.RaftServerConfigKeys (ConfUtils.java:logGet(46)) - raft.server.log.queue.byte-limit = 64MB (=67108864) (default)
2024-05-09 06:25:07,668 [om1-impl-thread1] INFO  server.RaftServerConfigKeys (ConfUtils.java:logGet(46)) - raft.server.log.queue.element-limit = 4096 (default)
2024-05-09 06:25:07,668 [om1-impl-thread1] INFO  server.RaftServerConfigKeys (ConfUtils.java:logGet(46)) - raft.server.log.segment.size.max = 4194304 (custom)
2024-05-09 06:25:07,668 [om1-impl-thread1] INFO  server.RaftServerConfigKeys (ConfUtils.java:logGet(46)) - raft.server.log.preallocated.size = 4194304 (custom)
2024-05-09 06:25:07,668 [om1-impl-thread1] INFO  server.RaftServerConfigKeys (ConfUtils.java:logGet(46)) - raft.server.log.force.sync.num = 128 (default)
2024-05-09 06:25:07,668 [om1-impl-thread1] INFO  server.RaftServerConfigKeys (ConfUtils.java:logGet(46)) - raft.server.log.statemachine.data.sync = true (default)
2024-05-09 06:25:07,668 [om1-impl-thread1] INFO  server.RaftServerConfigKeys (ConfUtils.java:logGet(46)) - raft.server.log.statemachine.data.sync.timeout = 10s (default)
2024-05-09 06:25:07,668 [om1-impl-thread1] INFO  server.RaftServerConfigKeys (ConfUtils.java:logGet(46)) - raft.server.log.statemachine.data.sync.timeout.retry = -1 (default)
2024-05-09 06:25:07,668 [om1-impl-thread1] INFO  server.RaftServerConfigKeys (ConfUtils.java:logGet(46)) - raft.server.log.write.buffer.size = 4194312 (custom)
2024-05-09 06:25:07,669 [om1-impl-thread1] INFO  server.RaftServerConfigKeys (ConfUtils.java:logGet(46)) - raft.server.log.appender.buffer.byte-limit = 4194304 (custom)
2024-05-09 06:25:07,669 [om1-impl-thread1] INFO  server.RaftServerConfigKeys (ConfUtils.java:logGet(46)) - raft.server.log.unsafe-flush.enabled = false (default)
2024-05-09 06:25:07,669 [om1-impl-thread1] INFO  server.RaftServerConfigKeys (ConfUtils.java:logGet(46)) - raft.server.log.async-flush.enabled = false (default)
2024-05-09 06:25:07,669 [om1-impl-thread1] INFO  server.RaftServerConfigKeys (ConfUtils.java:logGet(46)) - raft.server.log.statemachine.data.caching.enabled = false (default)
2024-05-09 06:25:07,669 [om1-impl-thread1] INFO  segmented.SegmentedRaftLogWorker (SegmentedRaftLogWorker.java:lambda$new$0(134)) - om1@group-C5BA1605619E-SegmentedRaftLogWorker: flushIndex: setUnconditionally 0 -> -1
2024-05-09 06:25:07,670 [om1-impl-thread1] INFO  segmented.SegmentedRaftLogWorker (SegmentedRaftLogWorker.java:lambda$new$0(134)) - om1@group-C5BA1605619E-SegmentedRaftLogWorker: safeCacheEvictIndex: setUnconditionally 0 -> -1
2024-05-09 06:25:07,670 [om1-impl-thread1] INFO  server.RaftServer$Division (RaftServerImpl.java:start(396)) - om1@group-C5BA1605619E: start as a follower, conf=-1: peers:[om1|localhost:15060]|listeners:[], old=null
2024-05-09 06:25:07,670 [om1-impl-thread1] INFO  server.RaftServer$Division (RaftServerImpl.java:setRole(383)) - om1@group-C5BA1605619E: changes role from      null to FOLLOWER at term 0 for startAsFollower
2024-05-09 06:25:07,670 [om1-impl-thread1] INFO  impl.RoleInfo (RoleInfo.java:updateAndGet(139)) - om1: start om1@group-C5BA1605619E-FollowerState
2024-05-09 06:25:07,671 [om1-impl-thread1] INFO  util.JmxRegister (JmxRegister.java:tryRegister(44)) - Successfully registered JMX Bean with object name Ratis:service=RaftServer,group=group-C5BA1605619E,id=om1
2024-05-09 06:25:07,671 [om1-impl-thread1] INFO  server.RaftServerConfigKeys (ConfUtils.java:logGet(46)) - raft.server.snapshot.trigger-when-stop.enabled = true (default)
2024-05-09 06:25:07,671 [om1-impl-thread1] INFO  server.RaftServerConfigKeys (ConfUtils.java:logGet(46)) - raft.server.snapshot.auto.trigger.enabled = true (custom)
2024-05-09 06:25:07,671 [om1-impl-thread1] INFO  server.RaftServerConfigKeys (ConfUtils.java:logGet(46)) - raft.server.snapshot.auto.trigger.threshold = 400000 (default)
2024-05-09 06:25:07,671 [om1-impl-thread1] INFO  server.RaftServerConfigKeys (ConfUtils.java:logGet(46)) - raft.server.snapshot.retention.file.num = -1 (default)
2024-05-09 06:25:07,671 [om1-impl-thread1] INFO  server.RaftServerConfigKeys (ConfUtils.java:logGet(46)) - raft.server.log.purge.upto.snapshot.index = true (custom)
2024-05-09 06:25:07,673 [main] INFO  server.RaftServer (RaftServerProxy.java:startImpl(406)) - om1: start RPC server
2024-05-09 06:25:07,673 [om1@group-C5BA1605619E-FollowerState] INFO  server.RaftServerConfigKeys (ConfUtils.java:logFallback(53)) - raft.server.rpc.first-election.timeout.min = 1s (fallback to raft.server.rpc.timeout.min)
2024-05-09 06:25:07,673 [om1@group-C5BA1605619E-FollowerState] INFO  server.RaftServerConfigKeys (ConfUtils.java:logFallback(53)) - raft.server.rpc.first-election.timeout.max = 1200ms (fallback to raft.server.rpc.timeout.max)
2024-05-09 06:25:07,675 [main] INFO  server.GrpcService (GrpcService.java:startImpl(302)) - om1: GrpcService started, listening on 15060
2024-05-09 06:25:07,675 [main] INFO  om.OzoneManager (OzoneManager.java:start(1665)) - Version File has different layout version (6) than OM DB (null). That is expected if this OM has never been finalized to a newer layout version.
2024-05-09 06:25:07,677 [JvmPauseMonitor8] INFO  util.JvmPauseMonitor (JvmPauseMonitor.java:run(146)) - JvmPauseMonitor-om1: Started
2024-05-09 06:25:07,680 [main] INFO  client.ScmTopologyClient (ScmTopologyClient.java:start(72)) - Initial network topology fetched from SCM: /.
2024-05-09 06:25:07,680 [main] INFO  net.NodeSchemaLoader (NodeSchemaLoader.java:loadSchemaFromFile(129)) - Loading schema from [file:/home/runner/work/ozone/ozone/hadoop-hdds/common/target/classes/network-topology-default.xml]
2024-05-09 06:25:07,680 [main] INFO  net.NodeSchemaLoader (NodeSchemaLoader.java:loadSchema(176)) - Loading network topology layer schema file
2024-05-09 06:25:07,688 [main] INFO  http.BaseHttpServer (BaseHttpServer.java:newHttpServer2BuilderForOzone(223)) - Starting Web-server for ozoneManager at: http://0.0.0.0:15058
2024-05-09 06:25:07,688 [main] INFO  http.BaseHttpServer (BaseHttpServer.java:<init>(110)) - Hadoop Security Enabled: false Ozone Security Enabled: false Ozone HTTP Security Enabled: false 
2024-05-09 06:25:07,690 [main] WARN  server.AuthenticationFilter (AuthenticationFilter.java:constructSecretProvider(240)) - Unable to initialize FileSignerSecretProvider, falling back to use random secrets. Reason: Could not read signature secret file: /home/runner/hadoop-http-auth-signature-secret
2024-05-09 06:25:07,690 [main] INFO  http.HttpRequestLog (HttpRequestLog.java:getRequestLog(86)) - Http request log for http.requests.ozoneManager is not defined
2024-05-09 06:25:07,692 [main] INFO  http.HttpServer2 (HttpServer2.java:addGlobalFilter(1036)) - Added global filter 'safety' (class=org.apache.hadoop.hdds.server.http.HttpServer2$QuotingInputFilter)
2024-05-09 06:25:07,692 [main] INFO  http.HttpServer2 (HttpServer2.java:addFilter(1012)) - Added filter static_user_filter (class=org.apache.hadoop.http.lib.StaticUserWebFilter$StaticUserFilter) to context ozoneManager
2024-05-09 06:25:07,693 [main] INFO  http.HttpServer2 (HttpServer2.java:addFilter(1020)) - Added filter static_user_filter (class=org.apache.hadoop.http.lib.StaticUserWebFilter$StaticUserFilter) to context logs
2024-05-09 06:25:07,693 [main] INFO  http.HttpServer2 (HttpServer2.java:addFilter(1020)) - Added filter static_user_filter (class=org.apache.hadoop.http.lib.StaticUserWebFilter$StaticUserFilter) to context static
2024-05-09 06:25:07,693 [main] INFO  http.BaseHttpServer (BaseHttpServer.java:<init>(189)) - HTTP server of ozoneManager uses base directory /home/runner/work/ozone/ozone/hadoop-ozone/integration-test/target/test-dir/MiniOzoneClusterImpl-48ce40b1-13f8-460b-b529-5aa00ab75c3e/ozone-meta/webserver
2024-05-09 06:25:07,694 [main] INFO  http.HttpServer2 (HttpServer2.java:bindListener(1236)) - Jetty bound to port 15058
2024-05-09 06:25:07,694 [main] INFO  server.Server (Server.java:doStart(375)) - jetty-9.4.54.v20240208; built: 2024-02-08T19:42:39.027Z; git: cef3fbd6d736a21e7d541a5db490381d95a2047d; jvm 17.0.10+7
2024-05-09 06:25:07,696 [main] INFO  server.session (DefaultSessionIdManager.java:doStart(334)) - DefaultSessionIdManager workerName=node0
2024-05-09 06:25:07,696 [main] INFO  server.session (DefaultSessionIdManager.java:doStart(339)) - No SessionScavenger set, using defaults
2024-05-09 06:25:07,696 [main] INFO  server.session (HouseKeeper.java:startScavenging(132)) - node0 Scavenging every 660000ms
2024-05-09 06:25:07,697 [main] INFO  handler.ContextHandler (ContextHandler.java:doStart(921)) - Started o.e.j.s.ServletContextHandler@64f0271e{logs,/logs,file:///home/runner/work/ozone/ozone/hadoop-ozone/integration-test/target/log,AVAILABLE}
2024-05-09 06:25:07,697 [main] INFO  handler.ContextHandler (ContextHandler.java:doStart(921)) - Started o.e.j.s.ServletContextHandler@7746ae18{static,/static,file:///home/runner/work/ozone/ozone/hadoop-ozone/integration-test/target/test-classes/webapps/static,AVAILABLE}
2024-05-09 06:25:07,701 [main] INFO  handler.ContextHandler (ContextHandler.java:doStart(921)) - Started o.e.j.w.WebAppContext@67fc98fe{ozoneManager,/,file:///home/runner/work/ozone/ozone/hadoop-ozone/integration-test/target/test-classes/webapps/ozoneManager/,AVAILABLE}{file:/home/runner/work/ozone/ozone/hadoop-ozone/integration-test/target/test-classes/webapps/ozoneManager}
2024-05-09 06:25:07,703 [main] INFO  server.AbstractConnector (AbstractConnector.java:doStart(333)) - Started ServerConnector@2f930be7{HTTP/1.1, (http/1.1)}{0.0.0.0:15058}
2024-05-09 06:25:07,703 [main] INFO  server.Server (Server.java:doStart(415)) - Started @31260ms
2024-05-09 06:25:07,704 [main] WARN  impl.MetricsSystemImpl (MetricsSystemImpl.java:register(279)) - Sink prometheus already exists!
2024-05-09 06:25:07,704 [main] INFO  http.BaseHttpServer (BaseHttpServer.java:updateConnectorAddress(354)) - HTTP server of ozoneManager listening at http://0.0.0.0:15058
2024-05-09 06:25:07,704 [IPC Server Responder] INFO  ipc.Server (Server.java:run(1562)) - IPC Server Responder: starting
2024-05-09 06:25:07,704 [IPC Server listener on 15057] INFO  ipc.Server (Server.java:run(1402)) - IPC Server listener on 15057: starting
2024-05-09 06:25:07,708 [main] INFO  om.OzoneManager (OzoneManager.java:startTrashEmptier(2121)) - Trash Interval set to 0. Files deleted won't move to trash
2024-05-09 06:25:07,727 [main] WARN  dropwizard3.Dm3MetricRegistriesImpl (Dm3MetricRegistriesImpl.java:addReporterRegistration(113)) - New reporters are added after registries were created. Some metrics will be missing from the reporter. Please add reporter before adding any new registry.
2024-05-09 06:25:07,727 [main] WARN  dropwizard3.Dm3MetricRegistriesImpl (Dm3MetricRegistriesImpl.java:addReporterRegistration(113)) - New reporters are added after registries were created. Some metrics will be missing from the reporter. Please add reporter before adding any new registry.
2024-05-09 06:25:07,727 [main] INFO  impl.MetricsSystemImpl (MetricsSystemImpl.java:init(158)) - HddsDatanode metrics system started (again)
2024-05-09 06:25:07,741 [main] INFO  ozone.HddsDatanodeService (HddsDatanodeService.java:start(240)) - HddsDatanodeService host:fv-az737-206 ip:10.1.0.4
2024-05-09 06:25:07,757 [main] INFO  upgrade.AbstractLayoutVersionManager (AbstractLayoutVersionManager.java:init(83)) - Initializing Layout version manager with metadata layout = HADOOP_PRC_PORTS_IN_DATANODEDETAILS (version = 7), software layout = HADOOP_PRC_PORTS_IN_DATANODEDETAILS (version = 7)
2024-05-09 06:25:07,757 [main] INFO  statemachine.DatanodeStateMachine (DatanodeStateMachine.java:getEndPointTaskThreadPoolSize(299)) - Datanode State Machine Task Thread Pool size 2
2024-05-09 06:25:07,759 [main] INFO  volume.HddsVolume (HddsVolume.java:<init>(126)) - Creating HddsVolume: /home/runner/work/ozone/ozone/hadoop-ozone/integration-test/target/test-dir/MiniOzoneClusterImpl-48ce40b1-13f8-460b-b529-5aa00ab75c3e/ozone-meta/datanode-1/data-0/hdds of storage type : DISK capacity : 9222449699674390527
2024-05-09 06:25:07,760 [main] INFO  volume.MutableVolumeSet (MutableVolumeSet.java:initializeVolumeSet(173)) - Added Volume : /home/runner/work/ozone/ozone/hadoop-ozone/integration-test/target/test-dir/MiniOzoneClusterImpl-48ce40b1-13f8-460b-b529-5aa00ab75c3e/ozone-meta/datanode-1/data-0/hdds to VolumeSet
2024-05-09 06:25:07,760 [main] INFO  volume.MutableVolumeSet (MutableVolumeSet.java:initializeVolumeSet(173)) - Added Volume : /home/runner/work/ozone/ozone/hadoop-ozone/integration-test/target/test-dir/MiniOzoneClusterImpl-48ce40b1-13f8-460b-b529-5aa00ab75c3e/ozone-meta/datanode-1/ratis to VolumeSet
2024-05-09 06:25:07,761 [main] INFO  ozoneimpl.OzoneContainer (HddsVolumeUtil.java:loadAllHddsVolumeDbStore(103)) - Load 1 volumes DbStore cost: 0ms
2024-05-09 06:25:07,768 [main] INFO  server.RaftServer (ConfUtils.java:logGet(46)) - raft.rpc.type = GRPC (default)
2024-05-09 06:25:07,768 [main] INFO  grpc.GrpcConfigKeys (ConfUtils.java:logFallback(53)) - raft.grpc.admin.host = null (fallback to raft.grpc.server.host)
2024-05-09 06:25:07,768 [main] INFO  grpc.GrpcConfigKeys (ConfUtils.java:logGet(46)) - raft.grpc.admin.port = 15066 (custom)
2024-05-09 06:25:07,769 [main] INFO  grpc.GrpcConfigKeys (ConfUtils.java:logFallback(53)) - raft.grpc.client.host = null (fallback to raft.grpc.server.host)
2024-05-09 06:25:07,769 [main] INFO  grpc.GrpcConfigKeys (ConfUtils.java:logGet(46)) - raft.grpc.client.port = 15065 (custom)
2024-05-09 06:25:07,769 [main] INFO  grpc.GrpcConfigKeys (ConfUtils.java:logGet(46)) - raft.grpc.server.host = null (default)
2024-05-09 06:25:07,769 [main] INFO  grpc.GrpcConfigKeys (ConfUtils.java:logGet(46)) - raft.grpc.server.port = 15067 (custom)
2024-05-09 06:25:07,769 [main] INFO  server.GrpcService (ConfUtils.java:logGet(46)) - raft.grpc.message.size.max = 32MB (=33554432) (custom)
2024-05-09 06:25:07,769 [main] INFO  server.RaftServerConfigKeys (ConfUtils.java:logGet(46)) - raft.server.log.appender.buffer.byte-limit = 8388608 (custom)
2024-05-09 06:25:07,769 [main] INFO  server.GrpcService (ConfUtils.java:logGet(46)) - raft.grpc.flow.control.window = 5MB (=5242880) (custom)
2024-05-09 06:25:07,769 [main] INFO  server.RaftServerConfigKeys (ConfUtils.java:logGet(46)) - raft.server.rpc.request.timeout = 3000ms (default)
2024-05-09 06:25:07,769 [main] INFO  grpc.GrpcConfigKeys (ConfUtils.java:logGet(46)) - raft.grpc.server.heartbeat.channel = true (default)
2024-05-09 06:25:07,769 [main] INFO  grpc.GrpcConfigKeys (ConfUtils.java:logGet(46)) - raft.grpc.server.async.request.thread.pool.cached = true (default)
2024-05-09 06:25:07,769 [main] INFO  grpc.GrpcConfigKeys (ConfUtils.java:logGet(46)) - raft.grpc.server.async.request.thread.pool.size = 32 (default)
2024-05-09 06:25:07,771 [main] INFO  impl.DataStreamServerImpl (ConfUtils.java:logGet(46)) - raft.datastream.type = NETTY (custom)
2024-05-09 06:25:07,772 [main] INFO  server.RaftServerConfigKeys (ConfUtils.java:logGet(46)) - raft.server.data-stream.async.request.thread.pool.cached = false (default)
2024-05-09 06:25:07,772 [main] INFO  server.RaftServerConfigKeys (ConfUtils.java:logGet(46)) - raft.server.data-stream.async.request.thread.pool.size = 20 (custom)
2024-05-09 06:25:07,772 [main] INFO  server.RaftServerConfigKeys (ConfUtils.java:logGet(46)) - raft.server.data-stream.async.write.thread.pool.size = 16 (default)
2024-05-09 06:25:07,772 [main] INFO  netty.NettyConfigKeys$DataStream (ConfUtils.java:logGet(46)) - raft.netty.dataStream.server.channel.inactive.grace-period = 10min (default)
2024-05-09 06:25:07,772 [main] INFO  server.RaftServerConfigKeys (ConfUtils.java:logGet(46)) - raft.server.data-stream.client.pool.size = 10 (default)
2024-05-09 06:25:07,772 [main] INFO  netty.NettyConfigKeys$DataStream (ConfUtils.java:logGet(46)) - raft.netty.dataStream.server.use-epoll = true (default)
2024-05-09 06:25:07,772 [main] INFO  netty.NettyConfigKeys$DataStream (ConfUtils.java:logGet(46)) - raft.netty.dataStream.server.boss-group.size = 0 (default)
2024-05-09 06:25:07,772 [main] INFO  netty.NettyUtils (NettyUtils.java:newEventLoopGroup(69)) - Create EpollEventLoopGroup for 0b714aca-fc82-484b-9944-7b2ffbc45fbf-NettyServerStreamRpc-bossGroup; Thread size is 0.
2024-05-09 06:25:07,773 [main] INFO  netty.NettyConfigKeys$DataStream (ConfUtils.java:logGet(46)) - raft.netty.dataStream.server.worker-group.size = 0 (default)
2024-05-09 06:25:07,773 [main] INFO  netty.NettyUtils (NettyUtils.java:newEventLoopGroup(69)) - Create EpollEventLoopGroup for 0b714aca-fc82-484b-9944-7b2ffbc45fbf-NettyServerStreamRpc-workerGroup; Thread size is 0.
2024-05-09 06:25:07,774 [main] INFO  netty.NettyConfigKeys$DataStream (ConfUtils.java:logGet(46)) - raft.netty.dataStream.server.tls.conf = null (default)
2024-05-09 06:25:07,774 [main] INFO  netty.NettyConfigKeys$DataStream (ConfUtils.java:logGet(46)) - raft.netty.dataStream.host = null (default)
2024-05-09 06:25:07,774 [main] INFO  netty.NettyConfigKeys$DataStream (ConfUtils.java:logGet(46)) - raft.netty.dataStream.port = 15068 (custom)
2024-05-09 06:25:07,775 [main] INFO  server.RaftServerConfigKeys (ConfUtils.java:logGet(46)) - raft.server.sleep.deviation.threshold = 300ms (default)
2024-05-09 06:25:07,775 [main] INFO  server.RaftServerConfigKeys (ConfUtils.java:logGet(46)) - raft.server.close.threshold = 60s (default)
2024-05-09 06:25:07,775 [main] INFO  server.RaftServerConfigKeys (ConfUtils.java:logGet(46)) - raft.server.leaderelection.leader.step-down.wait-time = 10s (default)
2024-05-09 06:25:07,775 [0b714aca-fc82-484b-9944-7b2ffbc45fbf-NettyServerStreamRpc-bossGroup--thread1] INFO  logging.LoggingHandler (AbstractInternalLogger.java:log(148)) - [id: 0x31c9a128] REGISTERED
2024-05-09 06:25:07,775 [main] INFO  server.RaftServerConfigKeys (ConfUtils.java:logGet(46)) - raft.server.storage.dir = [/home/runner/work/ozone/ozone/hadoop-ozone/integration-test/target/test-dir/MiniOzoneClusterImpl-48ce40b1-13f8-460b-b529-5aa00ab75c3e/ozone-meta/datanode-1/ratis] (custom)
2024-05-09 06:25:07,775 [main] INFO  server.RaftServerConfigKeys (ConfUtils.java:logGet(46)) - raft.server.threadpool.proxy.cached = true (default)
2024-05-09 06:25:07,775 [main] INFO  server.RaftServerConfigKeys (ConfUtils.java:logGet(46)) - raft.server.threadpool.proxy.size = 0 (default)
2024-05-09 06:25:07,775 [0b714aca-fc82-484b-9944-7b2ffbc45fbf-NettyServerStreamRpc-bossGroup--thread1] INFO  logging.LoggingHandler (AbstractInternalLogger.java:log(148)) - [id: 0x31c9a128] BIND: 0.0.0.0/0.0.0.0:15068
2024-05-09 06:25:07,776 [0b714aca-fc82-484b-9944-7b2ffbc45fbf-NettyServerStreamRpc-bossGroup--thread1] INFO  logging.LoggingHandler (AbstractInternalLogger.java:log(148)) - [id: 0x31c9a128, L:/0.0.0.0:15068] ACTIVE
2024-05-09 06:25:07,777 [0b714aca-fc82-484b-9944-7b2ffbc45fbf-impl-thread1] INFO  server.RaftServer (RaftServerProxy.java:initGroupDir(264)) - 0b714aca-fc82-484b-9944-7b2ffbc45fbf: found a subdirectory /home/runner/work/ozone/ozone/hadoop-ozone/integration-test/target/test-dir/MiniOzoneClusterImpl-48ce40b1-13f8-460b-b529-5aa00ab75c3e/ozone-meta/datanode-1/ratis/tmp
2024-05-09 06:25:07,777 [0b714aca-fc82-484b-9944-7b2ffbc45fbf-impl-thread1] INFO  server.RaftServer (RaftServerProxy.java:initGroupDir(269)) - 0b714aca-fc82-484b-9944-7b2ffbc45fbf: The directory /home/runner/work/ozone/ozone/hadoop-ozone/integration-test/target/test-dir/MiniOzoneClusterImpl-48ce40b1-13f8-460b-b529-5aa00ab75c3e/ozone-meta/datanode-1/ratis/tmp is not a group directory; ignoring it. 
2024-05-09 06:25:07,777 [main] INFO  replication.ReplicationServer (ReplicationServer.java:<init>(86)) - Initializing replication server with thread count = 10 queue length = 4096
2024-05-09 06:25:07,778 [main] INFO  server.XceiverServerGrpc (XceiverServerGrpc.java:<init>(141)) - GrpcServer channel type EpollServerSocketChannel
2024-05-09 06:25:07,780 [main] INFO  replication.ReplicationSupervisor (ReplicationSupervisor.java:build(157)) - Initializing replication supervisor with thread count = 10
2024-05-09 06:25:07,780 [main] INFO  replication.ReplicationSupervisor (ReplicationSupervisor.java:nodeStateUpdated(312)) - Node state updated to IN_SERVICE, scaling executor pool size to 10
2024-05-09 06:25:07,782 [main] INFO  http.BaseHttpServer (BaseHttpServer.java:newHttpServer2BuilderForOzone(223)) - Starting Web-server for hddsDatanode at: http://0.0.0.0:15062
2024-05-09 06:25:07,783 [main] INFO  http.BaseHttpServer (BaseHttpServer.java:<init>(110)) - Hadoop Security Enabled: false Ozone Security Enabled: false Ozone HTTP Security Enabled: false 
2024-05-09 06:25:07,784 [main] WARN  server.AuthenticationFilter (AuthenticationFilter.java:constructSecretProvider(240)) - Unable to initialize FileSignerSecretProvider, falling back to use random secrets. Reason: Could not read signature secret file: /home/runner/hadoop-http-auth-signature-secret
2024-05-09 06:25:07,786 [main] INFO  http.HttpRequestLog (HttpRequestLog.java:getRequestLog(86)) - Http request log for http.requests.hddsDatanode is not defined
2024-05-09 06:25:07,788 [main] INFO  http.HttpServer2 (HttpServer2.java:addGlobalFilter(1036)) - Added global filter 'safety' (class=org.apache.hadoop.hdds.server.http.HttpServer2$QuotingInputFilter)
2024-05-09 06:25:07,788 [main] INFO  http.HttpServer2 (HttpServer2.java:addFilter(1012)) - Added filter static_user_filter (class=org.apache.hadoop.http.lib.StaticUserWebFilter$StaticUserFilter) to context hddsDatanode
2024-05-09 06:25:07,789 [main] INFO  http.HttpServer2 (HttpServer2.java:addFilter(1020)) - Added filter static_user_filter (class=org.apache.hadoop.http.lib.StaticUserWebFilter$StaticUserFilter) to context static
2024-05-09 06:25:07,789 [main] INFO  http.HttpServer2 (HttpServer2.java:addFilter(1020)) - Added filter static_user_filter (class=org.apache.hadoop.http.lib.StaticUserWebFilter$StaticUserFilter) to context logs
2024-05-09 06:25:07,789 [main] INFO  http.BaseHttpServer (BaseHttpServer.java:<init>(189)) - HTTP server of hddsDatanode uses base directory /home/runner/work/ozone/ozone/hadoop-ozone/integration-test/target/test-dir/MiniOzoneClusterImpl-48ce40b1-13f8-460b-b529-5aa00ab75c3e/ozone-meta/datanode-1/meta/webserver
2024-05-09 06:25:07,790 [main] INFO  http.HttpServer2 (HttpServer2.java:bindListener(1236)) - Jetty bound to port 15062
2024-05-09 06:25:07,790 [main] INFO  server.Server (Server.java:doStart(375)) - jetty-9.4.54.v20240208; built: 2024-02-08T19:42:39.027Z; git: cef3fbd6d736a21e7d541a5db490381d95a2047d; jvm 17.0.10+7
2024-05-09 06:25:07,791 [main] INFO  server.session (DefaultSessionIdManager.java:doStart(334)) - DefaultSessionIdManager workerName=node0
2024-05-09 06:25:07,791 [main] INFO  server.session (DefaultSessionIdManager.java:doStart(339)) - No SessionScavenger set, using defaults
2024-05-09 06:25:07,791 [main] INFO  server.session (HouseKeeper.java:startScavenging(132)) - node0 Scavenging every 600000ms
2024-05-09 06:25:07,792 [main] INFO  handler.ContextHandler (ContextHandler.java:doStart(921)) - Started o.e.j.s.ServletContextHandler@1546a589{logs,/logs,file:///home/runner/work/ozone/ozone/hadoop-ozone/integration-test/target/log,AVAILABLE}
2024-05-09 06:25:07,792 [main] INFO  handler.ContextHandler (ContextHandler.java:doStart(921)) - Started o.e.j.s.ServletContextHandler@6d0937e{static,/static,file:///home/runner/work/ozone/ozone/hadoop-hdds/container-service/target/classes/webapps/static,AVAILABLE}
2024-05-09 06:25:07,796 [main] INFO  handler.ContextHandler (ContextHandler.java:doStart(921)) - Started o.e.j.w.WebAppContext@3d2bb013{hddsDatanode,/,file:///home/runner/work/ozone/ozone/hadoop-hdds/container-service/target/classes/webapps/hddsDatanode/,AVAILABLE}{file:/home/runner/work/ozone/ozone/hadoop-hdds/container-service/target/classes/webapps/hddsDatanode}
2024-05-09 06:25:07,796 [main] INFO  server.AbstractConnector (AbstractConnector.java:doStart(333)) - Started ServerConnector@39e67fbc{HTTP/1.1, (http/1.1)}{0.0.0.0:15062}
2024-05-09 06:25:07,796 [main] INFO  server.Server (Server.java:doStart(415)) - Started @31353ms
2024-05-09 06:25:07,796 [main] WARN  impl.MetricsSystemImpl (MetricsSystemImpl.java:register(279)) - Sink prometheus already exists!
2024-05-09 06:25:07,797 [main] INFO  http.BaseHttpServer (BaseHttpServer.java:updateConnectorAddress(354)) - HTTP server of hddsDatanode listening at http://0.0.0.0:15062
2024-05-09 06:25:07,797 [main] INFO  ipc.CallQueueManager (CallQueueManager.java:<init>(90)) - Using callQueue: class java.util.concurrent.LinkedBlockingQueue, queueCapacity: 100, scheduler: class org.apache.hadoop.ipc.DefaultRpcScheduler, ipcBackoff: false.
2024-05-09 06:25:07,797 [main] INFO  ipc.Server (Server.java:<init>(1287)) - Listener at 0.0.0.0:15063
2024-05-09 06:25:07,798 [Socket Reader #1 for port 15063] INFO  ipc.Server (Server.java:run(1323)) - Starting Socket Reader #1 for port 15063
2024-05-09 06:25:07,799 [main] INFO  ozone.HddsDatanodeService (HddsDatanodeService.java:start(327)) - Datanode start with admins: [runner]
2024-05-09 06:25:07,799 [main] INFO  ozone.HddsDatanodeClientProtocolServer (HddsDatanodeClientProtocolServer.java:start(77)) - RPC server for Client /0.0.0.0:15063
2024-05-09 06:25:07,800 [IPC Server Responder] INFO  ipc.Server (Server.java:run(1562)) - IPC Server Responder: starting
2024-05-09 06:25:07,800 [IPC Server listener on 15063] INFO  ipc.Server (Server.java:run(1402)) - IPC Server listener on 15063: starting
2024-05-09 06:25:07,800 [0b714aca-fc82-484b-9944-7b2ffbc45fbf-DatanodeStateMachineDaemonThread] INFO  statemachine.DatanodeStateMachine (DatanodeStateMachine.java:lambda$startDaemon$1(555)) - Ozone container server started.
2024-05-09 06:25:07,800 [main] WARN  dropwizard3.Dm3MetricRegistriesImpl (Dm3MetricRegistriesImpl.java:addReporterRegistration(113)) - New reporters are added after registries were created. Some metrics will be missing from the reporter. Please add reporter before adding any new registry.
2024-05-09 06:25:07,801 [main] WARN  dropwizard3.Dm3MetricRegistriesImpl (Dm3MetricRegistriesImpl.java:addReporterRegistration(113)) - New reporters are added after registries were created. Some metrics will be missing from the reporter. Please add reporter before adding any new registry.
2024-05-09 06:25:07,801 [main] INFO  impl.MetricsSystemImpl (MetricsSystemImpl.java:init(158)) - HddsDatanode metrics system started (again)
2024-05-09 06:25:07,804 [0b714aca-fc82-484b-9944-7b2ffbc45fbf-DatanodeStateMachineTaskThread-0] INFO  datanode.InitDatanodeState (InitDatanodeState.java:persistContainerDatanodeDetails(139)) - DatanodeDetails is persisted to /home/runner/work/ozone/ozone/hadoop-ozone/integration-test/target/test-dir/MiniOzoneClusterImpl-48ce40b1-13f8-460b-b529-5aa00ab75c3e/ozone-meta/datanode-1/meta/datanode.id
2024-05-09 06:25:07,811 [main] INFO  ozone.HddsDatanodeService (HddsDatanodeService.java:start(240)) - HddsDatanodeService host:fv-az737-206 ip:10.1.0.4
2024-05-09 06:25:07,827 [main] INFO  upgrade.AbstractLayoutVersionManager (AbstractLayoutVersionManager.java:init(83)) - Initializing Layout version manager with metadata layout = HADOOP_PRC_PORTS_IN_DATANODEDETAILS (version = 7), software layout = HADOOP_PRC_PORTS_IN_DATANODEDETAILS (version = 7)
2024-05-09 06:25:07,828 [main] INFO  statemachine.DatanodeStateMachine (DatanodeStateMachine.java:getEndPointTaskThreadPoolSize(299)) - Datanode State Machine Task Thread Pool size 2
2024-05-09 06:25:07,829 [main] INFO  volume.HddsVolume (HddsVolume.java:<init>(126)) - Creating HddsVolume: /home/runner/work/ozone/ozone/hadoop-ozone/integration-test/target/test-dir/MiniOzoneClusterImpl-48ce40b1-13f8-460b-b529-5aa00ab75c3e/ozone-meta/datanode-2/data-0/hdds of storage type : DISK capacity : 9222449699674390527
2024-05-09 06:25:07,829 [main] INFO  volume.MutableVolumeSet (MutableVolumeSet.java:initializeVolumeSet(173)) - Added Volume : /home/runner/work/ozone/ozone/hadoop-ozone/integration-test/target/test-dir/MiniOzoneClusterImpl-48ce40b1-13f8-460b-b529-5aa00ab75c3e/ozone-meta/datanode-2/data-0/hdds to VolumeSet
2024-05-09 06:25:07,831 [main] INFO  volume.MutableVolumeSet (MutableVolumeSet.java:initializeVolumeSet(173)) - Added Volume : /home/runner/work/ozone/ozone/hadoop-ozone/integration-test/target/test-dir/MiniOzoneClusterImpl-48ce40b1-13f8-460b-b529-5aa00ab75c3e/ozone-meta/datanode-2/ratis to VolumeSet
2024-05-09 06:25:07,832 [main] INFO  ozoneimpl.OzoneContainer (HddsVolumeUtil.java:loadAllHddsVolumeDbStore(103)) - Load 1 volumes DbStore cost: 0ms
2024-05-09 06:25:07,834 [main] INFO  server.RaftServer (ConfUtils.java:logGet(46)) - raft.rpc.type = GRPC (default)
2024-05-09 06:25:07,834 [main] INFO  grpc.GrpcConfigKeys (ConfUtils.java:logFallback(53)) - raft.grpc.admin.host = null (fallback to raft.grpc.server.host)
2024-05-09 06:25:07,835 [main] INFO  grpc.GrpcConfigKeys (ConfUtils.java:logGet(46)) - raft.grpc.admin.port = 15075 (custom)
2024-05-09 06:25:07,835 [main] INFO  grpc.GrpcConfigKeys (ConfUtils.java:logFallback(53)) - raft.grpc.client.host = null (fallback to raft.grpc.server.host)
2024-05-09 06:25:07,835 [main] INFO  grpc.GrpcConfigKeys (ConfUtils.java:logGet(46)) - raft.grpc.client.port = 15074 (custom)
2024-05-09 06:25:07,835 [main] INFO  grpc.GrpcConfigKeys (ConfUtils.java:logGet(46)) - raft.grpc.server.host = null (default)
2024-05-09 06:25:07,835 [main] INFO  grpc.GrpcConfigKeys (ConfUtils.java:logGet(46)) - raft.grpc.server.port = 15076 (custom)
2024-05-09 06:25:07,835 [main] INFO  server.GrpcService (ConfUtils.java:logGet(46)) - raft.grpc.message.size.max = 32MB (=33554432) (custom)
2024-05-09 06:25:07,835 [main] INFO  server.RaftServerConfigKeys (ConfUtils.java:logGet(46)) - raft.server.log.appender.buffer.byte-limit = 8388608 (custom)
2024-05-09 06:25:07,835 [main] INFO  server.GrpcService (ConfUtils.java:logGet(46)) - raft.grpc.flow.control.window = 5MB (=5242880) (custom)
2024-05-09 06:25:07,836 [main] INFO  server.RaftServerConfigKeys (ConfUtils.java:logGet(46)) - raft.server.rpc.request.timeout = 3000ms (default)
2024-05-09 06:25:07,836 [main] INFO  grpc.GrpcConfigKeys (ConfUtils.java:logGet(46)) - raft.grpc.server.heartbeat.channel = true (default)
2024-05-09 06:25:07,836 [main] INFO  grpc.GrpcConfigKeys (ConfUtils.java:logGet(46)) - raft.grpc.server.async.request.thread.pool.cached = true (default)
2024-05-09 06:25:07,836 [main] INFO  grpc.GrpcConfigKeys (ConfUtils.java:logGet(46)) - raft.grpc.server.async.request.thread.pool.size = 32 (default)
2024-05-09 06:25:07,838 [main] INFO  impl.DataStreamServerImpl (ConfUtils.java:logGet(46)) - raft.datastream.type = NETTY (custom)
2024-05-09 06:25:07,838 [main] INFO  server.RaftServerConfigKeys (ConfUtils.java:logGet(46)) - raft.server.data-stream.async.request.thread.pool.cached = false (default)
2024-05-09 06:25:07,838 [main] INFO  server.RaftServerConfigKeys (ConfUtils.java:logGet(46)) - raft.server.data-stream.async.request.thread.pool.size = 20 (custom)
2024-05-09 06:25:07,838 [main] INFO  server.RaftServerConfigKeys (ConfUtils.java:logGet(46)) - raft.server.data-stream.async.write.thread.pool.size = 16 (default)
2024-05-09 06:25:07,838 [main] INFO  netty.NettyConfigKeys$DataStream (ConfUtils.java:logGet(46)) - raft.netty.dataStream.server.channel.inactive.grace-period = 10min (default)
2024-05-09 06:25:07,839 [main] INFO  server.RaftServerConfigKeys (ConfUtils.java:logGet(46)) - raft.server.data-stream.client.pool.size = 10 (default)
2024-05-09 06:25:07,839 [main] INFO  netty.NettyConfigKeys$DataStream (ConfUtils.java:logGet(46)) - raft.netty.dataStream.server.use-epoll = true (default)
2024-05-09 06:25:07,839 [main] INFO  netty.NettyConfigKeys$DataStream (ConfUtils.java:logGet(46)) - raft.netty.dataStream.server.boss-group.size = 0 (default)
2024-05-09 06:25:07,839 [main] INFO  netty.NettyUtils (NettyUtils.java:newEventLoopGroup(69)) - Create EpollEventLoopGroup for 5b847746-75e9-42bf-94b1-858a537db9cd-NettyServerStreamRpc-bossGroup; Thread size is 0.
2024-05-09 06:25:07,839 [main] INFO  netty.NettyConfigKeys$DataStream (ConfUtils.java:logGet(46)) - raft.netty.dataStream.server.worker-group.size = 0 (default)
2024-05-09 06:25:07,839 [main] INFO  netty.NettyUtils (NettyUtils.java:newEventLoopGroup(69)) - Create EpollEventLoopGroup for 5b847746-75e9-42bf-94b1-858a537db9cd-NettyServerStreamRpc-workerGroup; Thread size is 0.
2024-05-09 06:25:07,840 [main] INFO  netty.NettyConfigKeys$DataStream (ConfUtils.java:logGet(46)) - raft.netty.dataStream.server.tls.conf = null (default)
2024-05-09 06:25:07,840 [main] INFO  netty.NettyConfigKeys$DataStream (ConfUtils.java:logGet(46)) - raft.netty.dataStream.host = null (default)
2024-05-09 06:25:07,840 [main] INFO  netty.NettyConfigKeys$DataStream (ConfUtils.java:logGet(46)) - raft.netty.dataStream.port = 15077 (custom)
2024-05-09 06:25:07,842 [main] INFO  server.RaftServerConfigKeys (ConfUtils.java:logGet(46)) - raft.server.sleep.deviation.threshold = 300ms (default)
2024-05-09 06:25:07,843 [main] INFO  server.RaftServerConfigKeys (ConfUtils.java:logGet(46)) - raft.server.close.threshold = 60s (default)
2024-05-09 06:25:07,843 [main] INFO  server.RaftServerConfigKeys (ConfUtils.java:logGet(46)) - raft.server.leaderelection.leader.step-down.wait-time = 10s (default)
2024-05-09 06:25:07,843 [main] INFO  server.RaftServerConfigKeys (ConfUtils.java:logGet(46)) - raft.server.storage.dir = [/home/runner/work/ozone/ozone/hadoop-ozone/integration-test/target/test-dir/MiniOzoneClusterImpl-48ce40b1-13f8-460b-b529-5aa00ab75c3e/ozone-meta/datanode-2/ratis] (custom)
2024-05-09 06:25:07,843 [main] INFO  server.RaftServerConfigKeys (ConfUtils.java:logGet(46)) - raft.server.threadpool.proxy.cached = true (default)
2024-05-09 06:25:07,843 [main] INFO  server.RaftServerConfigKeys (ConfUtils.java:logGet(46)) - raft.server.threadpool.proxy.size = 0 (default)
2024-05-09 06:25:07,843 [5b847746-75e9-42bf-94b1-858a537db9cd-NettyServerStreamRpc-bossGroup--thread1] INFO  logging.LoggingHandler (AbstractInternalLogger.java:log(148)) - [id: 0x12982729] REGISTERED
2024-05-09 06:25:07,844 [5b847746-75e9-42bf-94b1-858a537db9cd-NettyServerStreamRpc-bossGroup--thread1] INFO  logging.LoggingHandler (AbstractInternalLogger.java:log(148)) - [id: 0x12982729] BIND: 0.0.0.0/0.0.0.0:15077
2024-05-09 06:25:07,844 [5b847746-75e9-42bf-94b1-858a537db9cd-NettyServerStreamRpc-bossGroup--thread1] INFO  logging.LoggingHandler (AbstractInternalLogger.java:log(148)) - [id: 0x12982729, L:/0.0.0.0:15077] ACTIVE
2024-05-09 06:25:07,846 [5b847746-75e9-42bf-94b1-858a537db9cd-impl-thread1] INFO  server.RaftServer (RaftServerProxy.java:initGroupDir(264)) - 5b847746-75e9-42bf-94b1-858a537db9cd: found a subdirectory /home/runner/work/ozone/ozone/hadoop-ozone/integration-test/target/test-dir/MiniOzoneClusterImpl-48ce40b1-13f8-460b-b529-5aa00ab75c3e/ozone-meta/datanode-2/ratis/tmp
2024-05-09 06:25:07,846 [5b847746-75e9-42bf-94b1-858a537db9cd-impl-thread1] INFO  server.RaftServer (RaftServerProxy.java:initGroupDir(269)) - 5b847746-75e9-42bf-94b1-858a537db9cd: The directory /home/runner/work/ozone/ozone/hadoop-ozone/integration-test/target/test-dir/MiniOzoneClusterImpl-48ce40b1-13f8-460b-b529-5aa00ab75c3e/ozone-meta/datanode-2/ratis/tmp is not a group directory; ignoring it. 
2024-05-09 06:25:07,846 [main] INFO  replication.ReplicationServer (ReplicationServer.java:<init>(86)) - Initializing replication server with thread count = 10 queue length = 4096
2024-05-09 06:25:07,847 [main] INFO  server.XceiverServerGrpc (XceiverServerGrpc.java:<init>(141)) - GrpcServer channel type EpollServerSocketChannel
2024-05-09 06:25:07,849 [main] INFO  replication.ReplicationSupervisor (ReplicationSupervisor.java:build(157)) - Initializing replication supervisor with thread count = 10
2024-05-09 06:25:07,849 [main] INFO  replication.ReplicationSupervisor (ReplicationSupervisor.java:nodeStateUpdated(312)) - Node state updated to IN_SERVICE, scaling executor pool size to 10
2024-05-09 06:25:07,851 [main] INFO  http.BaseHttpServer (BaseHttpServer.java:newHttpServer2BuilderForOzone(223)) - Starting Web-server for hddsDatanode at: http://0.0.0.0:15071
2024-05-09 06:25:07,851 [main] INFO  http.BaseHttpServer (BaseHttpServer.java:<init>(110)) - Hadoop Security Enabled: false Ozone Security Enabled: false Ozone HTTP Security Enabled: false 
2024-05-09 06:25:07,852 [main] WARN  server.AuthenticationFilter (AuthenticationFilter.java:constructSecretProvider(240)) - Unable to initialize FileSignerSecretProvider, falling back to use random secrets. Reason: Could not read signature secret file: /home/runner/hadoop-http-auth-signature-secret
2024-05-09 06:25:07,853 [main] INFO  http.HttpRequestLog (HttpRequestLog.java:getRequestLog(86)) - Http request log for http.requests.hddsDatanode is not defined
2024-05-09 06:25:07,854 [main] INFO  http.HttpServer2 (HttpServer2.java:addGlobalFilter(1036)) - Added global filter 'safety' (class=org.apache.hadoop.hdds.server.http.HttpServer2$QuotingInputFilter)
2024-05-09 06:25:07,855 [main] INFO  http.HttpServer2 (HttpServer2.java:addFilter(1012)) - Added filter static_user_filter (class=org.apache.hadoop.http.lib.StaticUserWebFilter$StaticUserFilter) to context hddsDatanode
2024-05-09 06:25:07,855 [main] INFO  http.HttpServer2 (HttpServer2.java:addFilter(1020)) - Added filter static_user_filter (class=org.apache.hadoop.http.lib.StaticUserWebFilter$StaticUserFilter) to context static
2024-05-09 06:25:07,855 [main] INFO  http.HttpServer2 (HttpServer2.java:addFilter(1020)) - Added filter static_user_filter (class=org.apache.hadoop.http.lib.StaticUserWebFilter$StaticUserFilter) to context logs
2024-05-09 06:25:07,856 [main] INFO  http.BaseHttpServer (BaseHttpServer.java:<init>(189)) - HTTP server of hddsDatanode uses base directory /home/runner/work/ozone/ozone/hadoop-ozone/integration-test/target/test-dir/MiniOzoneClusterImpl-48ce40b1-13f8-460b-b529-5aa00ab75c3e/ozone-meta/datanode-2/meta/webserver
2024-05-09 06:25:07,856 [main] INFO  http.HttpServer2 (HttpServer2.java:bindListener(1236)) - Jetty bound to port 15071
2024-05-09 06:25:07,856 [main] INFO  server.Server (Server.java:doStart(375)) - jetty-9.4.54.v20240208; built: 2024-02-08T19:42:39.027Z; git: cef3fbd6d736a21e7d541a5db490381d95a2047d; jvm 17.0.10+7
2024-05-09 06:25:07,857 [main] INFO  server.session (DefaultSessionIdManager.java:doStart(334)) - DefaultSessionIdManager workerName=node0
2024-05-09 06:25:07,857 [main] INFO  server.session (DefaultSessionIdManager.java:doStart(339)) - No SessionScavenger set, using defaults
2024-05-09 06:25:07,858 [main] INFO  server.session (HouseKeeper.java:startScavenging(132)) - node0 Scavenging every 660000ms
2024-05-09 06:25:07,858 [main] INFO  handler.ContextHandler (ContextHandler.java:doStart(921)) - Started o.e.j.s.ServletContextHandler@56e2f315{logs,/logs,file:///home/runner/work/ozone/ozone/hadoop-ozone/integration-test/target/log,AVAILABLE}
2024-05-09 06:25:07,859 [main] INFO  handler.ContextHandler (ContextHandler.java:doStart(921)) - Started o.e.j.s.ServletContextHandler@29e10870{static,/static,file:///home/runner/work/ozone/ozone/hadoop-hdds/container-service/target/classes/webapps/static,AVAILABLE}
2024-05-09 06:25:07,862 [main] INFO  handler.ContextHandler (ContextHandler.java:doStart(921)) - Started o.e.j.w.WebAppContext@7fdd4b67{hddsDatanode,/,file:///home/runner/work/ozone/ozone/hadoop-hdds/container-service/target/classes/webapps/hddsDatanode/,AVAILABLE}{file:/home/runner/work/ozone/ozone/hadoop-hdds/container-service/target/classes/webapps/hddsDatanode}
2024-05-09 06:25:07,863 [main] INFO  server.AbstractConnector (AbstractConnector.java:doStart(333)) - Started ServerConnector@33a9f5b0{HTTP/1.1, (http/1.1)}{0.0.0.0:15071}
2024-05-09 06:25:07,863 [main] INFO  server.Server (Server.java:doStart(415)) - Started @31419ms
2024-05-09 06:25:07,863 [main] WARN  impl.MetricsSystemImpl (MetricsSystemImpl.java:register(279)) - Sink prometheus already exists!
2024-05-09 06:25:07,864 [main] INFO  http.BaseHttpServer (BaseHttpServer.java:updateConnectorAddress(354)) - HTTP server of hddsDatanode listening at http://0.0.0.0:15071
2024-05-09 06:25:07,864 [main] INFO  ipc.CallQueueManager (CallQueueManager.java:<init>(90)) - Using callQueue: class java.util.concurrent.LinkedBlockingQueue, queueCapacity: 100, scheduler: class org.apache.hadoop.ipc.DefaultRpcScheduler, ipcBackoff: false.
2024-05-09 06:25:07,864 [main] INFO  ipc.Server (Server.java:<init>(1287)) - Listener at 0.0.0.0:15072
2024-05-09 06:25:07,864 [Socket Reader #1 for port 15072] INFO  ipc.Server (Server.java:run(1323)) - Starting Socket Reader #1 for port 15072
2024-05-09 06:25:07,866 [main] INFO  ozone.HddsDatanodeService (HddsDatanodeService.java:start(327)) - Datanode start with admins: [runner]
2024-05-09 06:25:07,866 [main] INFO  ozone.HddsDatanodeClientProtocolServer (HddsDatanodeClientProtocolServer.java:start(77)) - RPC server for Client /0.0.0.0:15072
2024-05-09 06:25:07,866 [IPC Server Responder] INFO  ipc.Server (Server.java:run(1562)) - IPC Server Responder: starting
2024-05-09 06:25:07,866 [IPC Server listener on 15072] INFO  ipc.Server (Server.java:run(1402)) - IPC Server listener on 15072: starting
2024-05-09 06:25:07,867 [5b847746-75e9-42bf-94b1-858a537db9cd-DatanodeStateMachineDaemonThread] INFO  statemachine.DatanodeStateMachine (DatanodeStateMachine.java:lambda$startDaemon$1(555)) - Ozone container server started.
2024-05-09 06:25:07,867 [main] WARN  dropwizard3.Dm3MetricRegistriesImpl (Dm3MetricRegistriesImpl.java:addReporterRegistration(113)) - New reporters are added after registries were created. Some metrics will be missing from the reporter. Please add reporter before adding any new registry.
2024-05-09 06:25:07,867 [main] WARN  dropwizard3.Dm3MetricRegistriesImpl (Dm3MetricRegistriesImpl.java:addReporterRegistration(113)) - New reporters are added after registries were created. Some metrics will be missing from the reporter. Please add reporter before adding any new registry.
2024-05-09 06:25:07,867 [main] INFO  impl.MetricsSystemImpl (MetricsSystemImpl.java:init(158)) - HddsDatanode metrics system started (again)
2024-05-09 06:25:07,874 [5b847746-75e9-42bf-94b1-858a537db9cd-DatanodeStateMachineTaskThread-0] INFO  datanode.InitDatanodeState (InitDatanodeState.java:persistContainerDatanodeDetails(139)) - DatanodeDetails is persisted to /home/runner/work/ozone/ozone/hadoop-ozone/integration-test/target/test-dir/MiniOzoneClusterImpl-48ce40b1-13f8-460b-b529-5aa00ab75c3e/ozone-meta/datanode-2/meta/datanode.id
2024-05-09 06:25:07,880 [main] INFO  ozone.HddsDatanodeService (HddsDatanodeService.java:start(240)) - HddsDatanodeService host:fv-az737-206 ip:10.1.0.4
2024-05-09 06:25:07,900 [main] INFO  upgrade.AbstractLayoutVersionManager (AbstractLayoutVersionManager.java:init(83)) - Initializing Layout version manager with metadata layout = HADOOP_PRC_PORTS_IN_DATANODEDETAILS (version = 7), software layout = HADOOP_PRC_PORTS_IN_DATANODEDETAILS (version = 7)
2024-05-09 06:25:07,900 [main] INFO  statemachine.DatanodeStateMachine (DatanodeStateMachine.java:getEndPointTaskThreadPoolSize(299)) - Datanode State Machine Task Thread Pool size 2
2024-05-09 06:25:07,902 [main] INFO  volume.HddsVolume (HddsVolume.java:<init>(126)) - Creating HddsVolume: /home/runner/work/ozone/ozone/hadoop-ozone/integration-test/target/test-dir/MiniOzoneClusterImpl-48ce40b1-13f8-460b-b529-5aa00ab75c3e/ozone-meta/datanode-3/data-0/hdds of storage type : DISK capacity : 9222449699674390527
2024-05-09 06:25:07,902 [main] INFO  volume.MutableVolumeSet (MutableVolumeSet.java:initializeVolumeSet(173)) - Added Volume : /home/runner/work/ozone/ozone/hadoop-ozone/integration-test/target/test-dir/MiniOzoneClusterImpl-48ce40b1-13f8-460b-b529-5aa00ab75c3e/ozone-meta/datanode-3/data-0/hdds to VolumeSet
2024-05-09 06:25:07,903 [main] INFO  volume.MutableVolumeSet (MutableVolumeSet.java:initializeVolumeSet(173)) - Added Volume : /home/runner/work/ozone/ozone/hadoop-ozone/integration-test/target/test-dir/MiniOzoneClusterImpl-48ce40b1-13f8-460b-b529-5aa00ab75c3e/ozone-meta/datanode-3/ratis to VolumeSet
2024-05-09 06:25:07,904 [main] INFO  ozoneimpl.OzoneContainer (HddsVolumeUtil.java:loadAllHddsVolumeDbStore(103)) - Load 1 volumes DbStore cost: 0ms
2024-05-09 06:25:07,906 [main] INFO  server.RaftServer (ConfUtils.java:logGet(46)) - raft.rpc.type = GRPC (default)
2024-05-09 06:25:07,906 [main] INFO  grpc.GrpcConfigKeys (ConfUtils.java:logFallback(53)) - raft.grpc.admin.host = null (fallback to raft.grpc.server.host)
2024-05-09 06:25:07,906 [main] INFO  grpc.GrpcConfigKeys (ConfUtils.java:logGet(46)) - raft.grpc.admin.port = 15084 (custom)
2024-05-09 06:25:07,906 [main] INFO  grpc.GrpcConfigKeys (ConfUtils.java:logFallback(53)) - raft.grpc.client.host = null (fallback to raft.grpc.server.host)
2024-05-09 06:25:07,906 [main] INFO  grpc.GrpcConfigKeys (ConfUtils.java:logGet(46)) - raft.grpc.client.port = 15083 (custom)
2024-05-09 06:25:07,907 [main] INFO  grpc.GrpcConfigKeys (ConfUtils.java:logGet(46)) - raft.grpc.server.host = null (default)
2024-05-09 06:25:07,907 [main] INFO  grpc.GrpcConfigKeys (ConfUtils.java:logGet(46)) - raft.grpc.server.port = 15085 (custom)
2024-05-09 06:25:07,907 [main] INFO  server.GrpcService (ConfUtils.java:logGet(46)) - raft.grpc.message.size.max = 32MB (=33554432) (custom)
2024-05-09 06:25:07,907 [main] INFO  server.RaftServerConfigKeys (ConfUtils.java:logGet(46)) - raft.server.log.appender.buffer.byte-limit = 8388608 (custom)
2024-05-09 06:25:07,907 [main] INFO  server.GrpcService (ConfUtils.java:logGet(46)) - raft.grpc.flow.control.window = 5MB (=5242880) (custom)
2024-05-09 06:25:07,907 [main] INFO  server.RaftServerConfigKeys (ConfUtils.java:logGet(46)) - raft.server.rpc.request.timeout = 3000ms (default)
2024-05-09 06:25:07,907 [main] INFO  grpc.GrpcConfigKeys (ConfUtils.java:logGet(46)) - raft.grpc.server.heartbeat.channel = true (default)
2024-05-09 06:25:07,907 [main] INFO  grpc.GrpcConfigKeys (ConfUtils.java:logGet(46)) - raft.grpc.server.async.request.thread.pool.cached = true (default)
2024-05-09 06:25:07,908 [main] INFO  grpc.GrpcConfigKeys (ConfUtils.java:logGet(46)) - raft.grpc.server.async.request.thread.pool.size = 32 (default)
2024-05-09 06:25:07,909 [main] INFO  impl.DataStreamServerImpl (ConfUtils.java:logGet(46)) - raft.datastream.type = NETTY (custom)
2024-05-09 06:25:07,909 [main] INFO  server.RaftServerConfigKeys (ConfUtils.java:logGet(46)) - raft.server.data-stream.async.request.thread.pool.cached = false (default)
2024-05-09 06:25:07,910 [main] INFO  server.RaftServerConfigKeys (ConfUtils.java:logGet(46)) - raft.server.data-stream.async.request.thread.pool.size = 20 (custom)
2024-05-09 06:25:07,910 [main] INFO  server.RaftServerConfigKeys (ConfUtils.java:logGet(46)) - raft.server.data-stream.async.write.thread.pool.size = 16 (default)
2024-05-09 06:25:07,910 [main] INFO  netty.NettyConfigKeys$DataStream (ConfUtils.java:logGet(46)) - raft.netty.dataStream.server.channel.inactive.grace-period = 10min (default)
2024-05-09 06:25:07,910 [main] INFO  server.RaftServerConfigKeys (ConfUtils.java:logGet(46)) - raft.server.data-stream.client.pool.size = 10 (default)
2024-05-09 06:25:07,910 [main] INFO  netty.NettyConfigKeys$DataStream (ConfUtils.java:logGet(46)) - raft.netty.dataStream.server.use-epoll = true (default)
2024-05-09 06:25:07,910 [main] INFO  netty.NettyConfigKeys$DataStream (ConfUtils.java:logGet(46)) - raft.netty.dataStream.server.boss-group.size = 0 (default)
2024-05-09 06:25:07,910 [main] INFO  netty.NettyUtils (NettyUtils.java:newEventLoopGroup(69)) - Create EpollEventLoopGroup for 528b4752-3c7b-4991-99e9-89ee621f29a5-NettyServerStreamRpc-bossGroup; Thread size is 0.
2024-05-09 06:25:07,911 [main] INFO  netty.NettyConfigKeys$DataStream (ConfUtils.java:logGet(46)) - raft.netty.dataStream.server.worker-group.size = 0 (default)
2024-05-09 06:25:07,911 [main] INFO  netty.NettyUtils (NettyUtils.java:newEventLoopGroup(69)) - Create EpollEventLoopGroup for 528b4752-3c7b-4991-99e9-89ee621f29a5-NettyServerStreamRpc-workerGroup; Thread size is 0.
2024-05-09 06:25:07,911 [main] INFO  netty.NettyConfigKeys$DataStream (ConfUtils.java:logGet(46)) - raft.netty.dataStream.server.tls.conf = null (default)
2024-05-09 06:25:07,911 [main] INFO  netty.NettyConfigKeys$DataStream (ConfUtils.java:logGet(46)) - raft.netty.dataStream.host = null (default)
2024-05-09 06:25:07,911 [main] INFO  netty.NettyConfigKeys$DataStream (ConfUtils.java:logGet(46)) - raft.netty.dataStream.port = 15086 (custom)
2024-05-09 06:25:07,912 [main] INFO  server.RaftServerConfigKeys (ConfUtils.java:logGet(46)) - raft.server.sleep.deviation.threshold = 300ms (default)
2024-05-09 06:25:07,912 [main] INFO  server.RaftServerConfigKeys (ConfUtils.java:logGet(46)) - raft.server.close.threshold = 60s (default)
2024-05-09 06:25:07,912 [main] INFO  server.RaftServerConfigKeys (ConfUtils.java:logGet(46)) - raft.server.leaderelection.leader.step-down.wait-time = 10s (default)
2024-05-09 06:25:07,912 [528b4752-3c7b-4991-99e9-89ee621f29a5-NettyServerStreamRpc-bossGroup--thread1] INFO  logging.LoggingHandler (AbstractInternalLogger.java:log(148)) - [id: 0xb5a12756] REGISTERED
2024-05-09 06:25:07,912 [main] INFO  server.RaftServerConfigKeys (ConfUtils.java:logGet(46)) - raft.server.storage.dir = [/home/runner/work/ozone/ozone/hadoop-ozone/integration-test/target/test-dir/MiniOzoneClusterImpl-48ce40b1-13f8-460b-b529-5aa00ab75c3e/ozone-meta/datanode-3/ratis] (custom)
2024-05-09 06:25:07,912 [528b4752-3c7b-4991-99e9-89ee621f29a5-NettyServerStreamRpc-bossGroup--thread1] INFO  logging.LoggingHandler (AbstractInternalLogger.java:log(148)) - [id: 0xb5a12756] BIND: 0.0.0.0/0.0.0.0:15086
2024-05-09 06:25:07,915 [528b4752-3c7b-4991-99e9-89ee621f29a5-NettyServerStreamRpc-bossGroup--thread1] INFO  logging.LoggingHandler (AbstractInternalLogger.java:log(148)) - [id: 0xb5a12756, L:/0.0.0.0:15086] ACTIVE
2024-05-09 06:25:07,915 [main] INFO  server.RaftServerConfigKeys (ConfUtils.java:logGet(46)) - raft.server.threadpool.proxy.cached = true (default)
2024-05-09 06:25:07,916 [main] INFO  server.RaftServerConfigKeys (ConfUtils.java:logGet(46)) - raft.server.threadpool.proxy.size = 0 (default)
2024-05-09 06:25:07,916 [528b4752-3c7b-4991-99e9-89ee621f29a5-impl-thread1] INFO  server.RaftServer (RaftServerProxy.java:initGroupDir(264)) - 528b4752-3c7b-4991-99e9-89ee621f29a5: found a subdirectory /home/runner/work/ozone/ozone/hadoop-ozone/integration-test/target/test-dir/MiniOzoneClusterImpl-48ce40b1-13f8-460b-b529-5aa00ab75c3e/ozone-meta/datanode-3/ratis/tmp
2024-05-09 06:25:07,917 [528b4752-3c7b-4991-99e9-89ee621f29a5-impl-thread1] INFO  server.RaftServer (RaftServerProxy.java:initGroupDir(269)) - 528b4752-3c7b-4991-99e9-89ee621f29a5: The directory /home/runner/work/ozone/ozone/hadoop-ozone/integration-test/target/test-dir/MiniOzoneClusterImpl-48ce40b1-13f8-460b-b529-5aa00ab75c3e/ozone-meta/datanode-3/ratis/tmp is not a group directory; ignoring it. 
2024-05-09 06:25:07,917 [main] INFO  replication.ReplicationServer (ReplicationServer.java:<init>(86)) - Initializing replication server with thread count = 10 queue length = 4096
2024-05-09 06:25:07,919 [main] INFO  server.XceiverServerGrpc (XceiverServerGrpc.java:<init>(141)) - GrpcServer channel type EpollServerSocketChannel
2024-05-09 06:25:07,921 [main] INFO  replication.ReplicationSupervisor (ReplicationSupervisor.java:build(157)) - Initializing replication supervisor with thread count = 10
2024-05-09 06:25:07,921 [main] INFO  replication.ReplicationSupervisor (ReplicationSupervisor.java:nodeStateUpdated(312)) - Node state updated to IN_SERVICE, scaling executor pool size to 10
2024-05-09 06:25:07,927 [main] INFO  http.BaseHttpServer (BaseHttpServer.java:newHttpServer2BuilderForOzone(223)) - Starting Web-server for hddsDatanode at: http://0.0.0.0:15080
2024-05-09 06:25:07,928 [main] INFO  http.BaseHttpServer (BaseHttpServer.java:<init>(110)) - Hadoop Security Enabled: false Ozone Security Enabled: false Ozone HTTP Security Enabled: false 
2024-05-09 06:25:07,929 [main] WARN  server.AuthenticationFilter (AuthenticationFilter.java:constructSecretProvider(240)) - Unable to initialize FileSignerSecretProvider, falling back to use random secrets. Reason: Could not read signature secret file: /home/runner/hadoop-http-auth-signature-secret
2024-05-09 06:25:07,930 [main] INFO  http.HttpRequestLog (HttpRequestLog.java:getRequestLog(86)) - Http request log for http.requests.hddsDatanode is not defined
2024-05-09 06:25:07,932 [main] INFO  http.HttpServer2 (HttpServer2.java:addGlobalFilter(1036)) - Added global filter 'safety' (class=org.apache.hadoop.hdds.server.http.HttpServer2$QuotingInputFilter)
2024-05-09 06:25:07,933 [main] INFO  http.HttpServer2 (HttpServer2.java:addFilter(1012)) - Added filter static_user_filter (class=org.apache.hadoop.http.lib.StaticUserWebFilter$StaticUserFilter) to context hddsDatanode
2024-05-09 06:25:07,933 [main] INFO  http.HttpServer2 (HttpServer2.java:addFilter(1020)) - Added filter static_user_filter (class=org.apache.hadoop.http.lib.StaticUserWebFilter$StaticUserFilter) to context logs
2024-05-09 06:25:07,934 [main] INFO  http.HttpServer2 (HttpServer2.java:addFilter(1020)) - Added filter static_user_filter (class=org.apache.hadoop.http.lib.StaticUserWebFilter$StaticUserFilter) to context static
2024-05-09 06:25:07,935 [main] INFO  http.BaseHttpServer (BaseHttpServer.java:<init>(189)) - HTTP server of hddsDatanode uses base directory /home/runner/work/ozone/ozone/hadoop-ozone/integration-test/target/test-dir/MiniOzoneClusterImpl-48ce40b1-13f8-460b-b529-5aa00ab75c3e/ozone-meta/datanode-3/meta/webserver
2024-05-09 06:25:07,935 [main] INFO  http.HttpServer2 (HttpServer2.java:bindListener(1236)) - Jetty bound to port 15080
2024-05-09 06:25:07,936 [main] INFO  server.Server (Server.java:doStart(375)) - jetty-9.4.54.v20240208; built: 2024-02-08T19:42:39.027Z; git: cef3fbd6d736a21e7d541a5db490381d95a2047d; jvm 17.0.10+7
2024-05-09 06:25:07,938 [main] INFO  server.session (DefaultSessionIdManager.java:doStart(334)) - DefaultSessionIdManager workerName=node0
2024-05-09 06:25:07,939 [main] INFO  server.session (DefaultSessionIdManager.java:doStart(339)) - No SessionScavenger set, using defaults
2024-05-09 06:25:07,939 [main] INFO  server.session (HouseKeeper.java:startScavenging(132)) - node0 Scavenging every 600000ms
2024-05-09 06:25:07,939 [main] INFO  handler.ContextHandler (ContextHandler.java:doStart(921)) - Started o.e.j.s.ServletContextHandler@5a83be9{logs,/logs,file:///home/runner/work/ozone/ozone/hadoop-ozone/integration-test/target/log,AVAILABLE}
2024-05-09 06:25:07,940 [main] INFO  handler.ContextHandler (ContextHandler.java:doStart(921)) - Started o.e.j.s.ServletContextHandler@50e7ee70{static,/static,file:///home/runner/work/ozone/ozone/hadoop-hdds/container-service/target/classes/webapps/static,AVAILABLE}
2024-05-09 06:25:07,944 [main] INFO  handler.ContextHandler (ContextHandler.java:doStart(921)) - Started o.e.j.w.WebAppContext@14aa12c5{hddsDatanode,/,file:///home/runner/work/ozone/ozone/hadoop-hdds/container-service/target/classes/webapps/hddsDatanode/,AVAILABLE}{file:/home/runner/work/ozone/ozone/hadoop-hdds/container-service/target/classes/webapps/hddsDatanode}
2024-05-09 06:25:07,944 [main] INFO  server.AbstractConnector (AbstractConnector.java:doStart(333)) - Started ServerConnector@4d6cdebb{HTTP/1.1, (http/1.1)}{0.0.0.0:15080}
2024-05-09 06:25:07,944 [main] INFO  server.Server (Server.java:doStart(415)) - Started @31501ms
2024-05-09 06:25:07,945 [main] WARN  impl.MetricsSystemImpl (MetricsSystemImpl.java:register(279)) - Sink prometheus already exists!
2024-05-09 06:25:07,945 [main] INFO  http.BaseHttpServer (BaseHttpServer.java:updateConnectorAddress(354)) - HTTP server of hddsDatanode listening at http://0.0.0.0:15080
2024-05-09 06:25:07,946 [main] INFO  ipc.CallQueueManager (CallQueueManager.java:<init>(90)) - Using callQueue: class java.util.concurrent.LinkedBlockingQueue, queueCapacity: 100, scheduler: class org.apache.hadoop.ipc.DefaultRpcScheduler, ipcBackoff: false.
2024-05-09 06:25:07,947 [main] INFO  ipc.Server (Server.java:<init>(1287)) - Listener at 0.0.0.0:15081
2024-05-09 06:25:07,947 [Socket Reader #1 for port 15081] INFO  ipc.Server (Server.java:run(1323)) - Starting Socket Reader #1 for port 15081
2024-05-09 06:25:07,949 [main] INFO  ozone.HddsDatanodeService (HddsDatanodeService.java:start(327)) - Datanode start with admins: [runner]
2024-05-09 06:25:07,949 [main] INFO  ozone.HddsDatanodeClientProtocolServer (HddsDatanodeClientProtocolServer.java:start(77)) - RPC server for Client /0.0.0.0:15081
2024-05-09 06:25:07,950 [IPC Server Responder] INFO  ipc.Server (Server.java:run(1562)) - IPC Server Responder: starting
2024-05-09 06:25:07,950 [IPC Server listener on 15081] INFO  ipc.Server (Server.java:run(1402)) - IPC Server listener on 15081: starting
2024-05-09 06:25:07,954 [528b4752-3c7b-4991-99e9-89ee621f29a5-DatanodeStateMachineDaemonThread] INFO  statemachine.DatanodeStateMachine (DatanodeStateMachine.java:lambda$startDaemon$1(555)) - Ozone container server started.
2024-05-09 06:25:07,955 [main] WARN  dropwizard3.Dm3MetricRegistriesImpl (Dm3MetricRegistriesImpl.java:addReporterRegistration(113)) - New reporters are added after registries were created. Some metrics will be missing from the reporter. Please add reporter before adding any new registry.
2024-05-09 06:25:07,955 [main] WARN  dropwizard3.Dm3MetricRegistriesImpl (Dm3MetricRegistriesImpl.java:addReporterRegistration(113)) - New reporters are added after registries were created. Some metrics will be missing from the reporter. Please add reporter before adding any new registry.
2024-05-09 06:25:07,956 [main] INFO  impl.MetricsSystemImpl (MetricsSystemImpl.java:init(158)) - HddsDatanode metrics system started (again)
2024-05-09 06:25:07,968 [528b4752-3c7b-4991-99e9-89ee621f29a5-DatanodeStateMachineTaskThread-0] INFO  datanode.InitDatanodeState (InitDatanodeState.java:persistContainerDatanodeDetails(139)) - DatanodeDetails is persisted to /home/runner/work/ozone/ozone/hadoop-ozone/integration-test/target/test-dir/MiniOzoneClusterImpl-48ce40b1-13f8-460b-b529-5aa00ab75c3e/ozone-meta/datanode-3/meta/datanode.id
2024-05-09 06:25:07,969 [main] INFO  ozone.HddsDatanodeService (HddsDatanodeService.java:start(240)) - HddsDatanodeService host:fv-az737-206 ip:10.1.0.4
2024-05-09 06:25:07,986 [main] INFO  upgrade.AbstractLayoutVersionManager (AbstractLayoutVersionManager.java:init(83)) - Initializing Layout version manager with metadata layout = HADOOP_PRC_PORTS_IN_DATANODEDETAILS (version = 7), software layout = HADOOP_PRC_PORTS_IN_DATANODEDETAILS (version = 7)
2024-05-09 06:25:07,987 [main] INFO  statemachine.DatanodeStateMachine (DatanodeStateMachine.java:getEndPointTaskThreadPoolSize(299)) - Datanode State Machine Task Thread Pool size 2
2024-05-09 06:25:07,988 [main] INFO  volume.HddsVolume (HddsVolume.java:<init>(126)) - Creating HddsVolume: /home/runner/work/ozone/ozone/hadoop-ozone/integration-test/target/test-dir/MiniOzoneClusterImpl-48ce40b1-13f8-460b-b529-5aa00ab75c3e/ozone-meta/datanode-4/data-0/hdds of storage type : DISK capacity : 9222449699674390527
2024-05-09 06:25:07,988 [main] INFO  volume.MutableVolumeSet (MutableVolumeSet.java:initializeVolumeSet(173)) - Added Volume : /home/runner/work/ozone/ozone/hadoop-ozone/integration-test/target/test-dir/MiniOzoneClusterImpl-48ce40b1-13f8-460b-b529-5aa00ab75c3e/ozone-meta/datanode-4/data-0/hdds to VolumeSet
2024-05-09 06:25:07,989 [main] INFO  volume.MutableVolumeSet (MutableVolumeSet.java:initializeVolumeSet(173)) - Added Volume : /home/runner/work/ozone/ozone/hadoop-ozone/integration-test/target/test-dir/MiniOzoneClusterImpl-48ce40b1-13f8-460b-b529-5aa00ab75c3e/ozone-meta/datanode-4/ratis to VolumeSet
2024-05-09 06:25:07,989 [main] INFO  ozoneimpl.OzoneContainer (HddsVolumeUtil.java:loadAllHddsVolumeDbStore(103)) - Load 1 volumes DbStore cost: 0ms
2024-05-09 06:25:07,993 [main] INFO  server.RaftServer (ConfUtils.java:logGet(46)) - raft.rpc.type = GRPC (default)
2024-05-09 06:25:07,993 [main] INFO  grpc.GrpcConfigKeys (ConfUtils.java:logFallback(53)) - raft.grpc.admin.host = null (fallback to raft.grpc.server.host)
2024-05-09 06:25:07,993 [main] INFO  grpc.GrpcConfigKeys (ConfUtils.java:logGet(46)) - raft.grpc.admin.port = 15093 (custom)
2024-05-09 06:25:07,993 [main] INFO  grpc.GrpcConfigKeys (ConfUtils.java:logFallback(53)) - raft.grpc.client.host = null (fallback to raft.grpc.server.host)
2024-05-09 06:25:07,993 [main] INFO  grpc.GrpcConfigKeys (ConfUtils.java:logGet(46)) - raft.grpc.client.port = 15092 (custom)
2024-05-09 06:25:07,994 [main] INFO  grpc.GrpcConfigKeys (ConfUtils.java:logGet(46)) - raft.grpc.server.host = null (default)
2024-05-09 06:25:07,994 [main] INFO  grpc.GrpcConfigKeys (ConfUtils.java:logGet(46)) - raft.grpc.server.port = 15094 (custom)
2024-05-09 06:25:07,994 [main] INFO  server.GrpcService (ConfUtils.java:logGet(46)) - raft.grpc.message.size.max = 32MB (=33554432) (custom)
2024-05-09 06:25:07,994 [main] INFO  server.RaftServerConfigKeys (ConfUtils.java:logGet(46)) - raft.server.log.appender.buffer.byte-limit = 8388608 (custom)
2024-05-09 06:25:07,994 [main] INFO  server.GrpcService (ConfUtils.java:logGet(46)) - raft.grpc.flow.control.window = 5MB (=5242880) (custom)
2024-05-09 06:25:07,994 [main] INFO  server.RaftServerConfigKeys (ConfUtils.java:logGet(46)) - raft.server.rpc.request.timeout = 3000ms (default)
2024-05-09 06:25:07,999 [main] INFO  grpc.GrpcConfigKeys (ConfUtils.java:logGet(46)) - raft.grpc.server.heartbeat.channel = true (default)
2024-05-09 06:25:07,999 [main] INFO  grpc.GrpcConfigKeys (ConfUtils.java:logGet(46)) - raft.grpc.server.async.request.thread.pool.cached = true (default)
2024-05-09 06:25:07,999 [main] INFO  grpc.GrpcConfigKeys (ConfUtils.java:logGet(46)) - raft.grpc.server.async.request.thread.pool.size = 32 (default)
2024-05-09 06:25:08,001 [main] INFO  impl.DataStreamServerImpl (ConfUtils.java:logGet(46)) - raft.datastream.type = NETTY (custom)
2024-05-09 06:25:08,001 [main] INFO  server.RaftServerConfigKeys (ConfUtils.java:logGet(46)) - raft.server.data-stream.async.request.thread.pool.cached = false (default)
2024-05-09 06:25:08,001 [main] INFO  server.RaftServerConfigKeys (ConfUtils.java:logGet(46)) - raft.server.data-stream.async.request.thread.pool.size = 20 (custom)
2024-05-09 06:25:08,001 [main] INFO  server.RaftServerConfigKeys (ConfUtils.java:logGet(46)) - raft.server.data-stream.async.write.thread.pool.size = 16 (default)
2024-05-09 06:25:08,002 [main] INFO  netty.NettyConfigKeys$DataStream (ConfUtils.java:logGet(46)) - raft.netty.dataStream.server.channel.inactive.grace-period = 10min (default)
2024-05-09 06:25:08,002 [main] INFO  server.RaftServerConfigKeys (ConfUtils.java:logGet(46)) - raft.server.data-stream.client.pool.size = 10 (default)
2024-05-09 06:25:08,002 [main] INFO  netty.NettyConfigKeys$DataStream (ConfUtils.java:logGet(46)) - raft.netty.dataStream.server.use-epoll = true (default)
2024-05-09 06:25:08,002 [main] INFO  netty.NettyConfigKeys$DataStream (ConfUtils.java:logGet(46)) - raft.netty.dataStream.server.boss-group.size = 0 (default)
2024-05-09 06:25:08,002 [main] INFO  netty.NettyUtils (NettyUtils.java:newEventLoopGroup(69)) - Create EpollEventLoopGroup for c367b86c-aa24-47f1-8357-097651e72609-NettyServerStreamRpc-bossGroup; Thread size is 0.
2024-05-09 06:25:08,003 [main] INFO  netty.NettyConfigKeys$DataStream (ConfUtils.java:logGet(46)) - raft.netty.dataStream.server.worker-group.size = 0 (default)
2024-05-09 06:25:08,003 [main] INFO  netty.NettyUtils (NettyUtils.java:newEventLoopGroup(69)) - Create EpollEventLoopGroup for c367b86c-aa24-47f1-8357-097651e72609-NettyServerStreamRpc-workerGroup; Thread size is 0.
2024-05-09 06:25:08,003 [main] INFO  netty.NettyConfigKeys$DataStream (ConfUtils.java:logGet(46)) - raft.netty.dataStream.server.tls.conf = null (default)
2024-05-09 06:25:08,003 [main] INFO  netty.NettyConfigKeys$DataStream (ConfUtils.java:logGet(46)) - raft.netty.dataStream.host = null (default)
2024-05-09 06:25:08,003 [main] INFO  netty.NettyConfigKeys$DataStream (ConfUtils.java:logGet(46)) - raft.netty.dataStream.port = 15095 (custom)
2024-05-09 06:25:08,004 [main] INFO  server.RaftServerConfigKeys (ConfUtils.java:logGet(46)) - raft.server.sleep.deviation.threshold = 300ms (default)
2024-05-09 06:25:08,004 [main] INFO  server.RaftServerConfigKeys (ConfUtils.java:logGet(46)) - raft.server.close.threshold = 60s (default)
2024-05-09 06:25:08,004 [main] INFO  server.RaftServerConfigKeys (ConfUtils.java:logGet(46)) - raft.server.leaderelection.leader.step-down.wait-time = 10s (default)
2024-05-09 06:25:08,004 [main] INFO  server.RaftServerConfigKeys (ConfUtils.java:logGet(46)) - raft.server.storage.dir = [/home/runner/work/ozone/ozone/hadoop-ozone/integration-test/target/test-dir/MiniOzoneClusterImpl-48ce40b1-13f8-460b-b529-5aa00ab75c3e/ozone-meta/datanode-4/ratis] (custom)
2024-05-09 06:25:08,004 [main] INFO  server.RaftServerConfigKeys (ConfUtils.java:logGet(46)) - raft.server.threadpool.proxy.cached = true (default)
2024-05-09 06:25:08,004 [main] INFO  server.RaftServerConfigKeys (ConfUtils.java:logGet(46)) - raft.server.threadpool.proxy.size = 0 (default)
2024-05-09 06:25:08,004 [c367b86c-aa24-47f1-8357-097651e72609-NettyServerStreamRpc-bossGroup--thread1] INFO  logging.LoggingHandler (AbstractInternalLogger.java:log(148)) - [id: 0xb7a6a64d] REGISTERED
2024-05-09 06:25:08,005 [c367b86c-aa24-47f1-8357-097651e72609-NettyServerStreamRpc-bossGroup--thread1] INFO  logging.LoggingHandler (AbstractInternalLogger.java:log(148)) - [id: 0xb7a6a64d] BIND: 0.0.0.0/0.0.0.0:15095
2024-05-09 06:25:08,005 [c367b86c-aa24-47f1-8357-097651e72609-NettyServerStreamRpc-bossGroup--thread1] INFO  logging.LoggingHandler (AbstractInternalLogger.java:log(148)) - [id: 0xb7a6a64d, L:/0.0.0.0:15095] ACTIVE
2024-05-09 06:25:08,005 [c367b86c-aa24-47f1-8357-097651e72609-impl-thread1] INFO  server.RaftServer (RaftServerProxy.java:initGroupDir(264)) - c367b86c-aa24-47f1-8357-097651e72609: found a subdirectory /home/runner/work/ozone/ozone/hadoop-ozone/integration-test/target/test-dir/MiniOzoneClusterImpl-48ce40b1-13f8-460b-b529-5aa00ab75c3e/ozone-meta/datanode-4/ratis/tmp
2024-05-09 06:25:08,005 [c367b86c-aa24-47f1-8357-097651e72609-impl-thread1] INFO  server.RaftServer (RaftServerProxy.java:initGroupDir(269)) - c367b86c-aa24-47f1-8357-097651e72609: The directory /home/runner/work/ozone/ozone/hadoop-ozone/integration-test/target/test-dir/MiniOzoneClusterImpl-48ce40b1-13f8-460b-b529-5aa00ab75c3e/ozone-meta/datanode-4/ratis/tmp is not a group directory; ignoring it. 
2024-05-09 06:25:08,005 [main] INFO  replication.ReplicationServer (ReplicationServer.java:<init>(86)) - Initializing replication server with thread count = 10 queue length = 4096
2024-05-09 06:25:08,006 [main] INFO  server.XceiverServerGrpc (XceiverServerGrpc.java:<init>(141)) - GrpcServer channel type EpollServerSocketChannel
2024-05-09 06:25:08,008 [main] INFO  replication.ReplicationSupervisor (ReplicationSupervisor.java:build(157)) - Initializing replication supervisor with thread count = 10
2024-05-09 06:25:08,008 [main] INFO  replication.ReplicationSupervisor (ReplicationSupervisor.java:nodeStateUpdated(312)) - Node state updated to IN_SERVICE, scaling executor pool size to 10
2024-05-09 06:25:08,010 [main] INFO  http.BaseHttpServer (BaseHttpServer.java:newHttpServer2BuilderForOzone(223)) - Starting Web-server for hddsDatanode at: http://0.0.0.0:15089
2024-05-09 06:25:08,010 [main] INFO  http.BaseHttpServer (BaseHttpServer.java:<init>(110)) - Hadoop Security Enabled: false Ozone Security Enabled: false Ozone HTTP Security Enabled: false 
2024-05-09 06:25:08,011 [main] WARN  server.AuthenticationFilter (AuthenticationFilter.java:constructSecretProvider(240)) - Unable to initialize FileSignerSecretProvider, falling back to use random secrets. Reason: Could not read signature secret file: /home/runner/hadoop-http-auth-signature-secret
2024-05-09 06:25:08,012 [main] INFO  http.HttpRequestLog (HttpRequestLog.java:getRequestLog(86)) - Http request log for http.requests.hddsDatanode is not defined
2024-05-09 06:25:08,013 [main] INFO  http.HttpServer2 (HttpServer2.java:addGlobalFilter(1036)) - Added global filter 'safety' (class=org.apache.hadoop.hdds.server.http.HttpServer2$QuotingInputFilter)
2024-05-09 06:25:08,013 [main] INFO  http.HttpServer2 (HttpServer2.java:addFilter(1012)) - Added filter static_user_filter (class=org.apache.hadoop.http.lib.StaticUserWebFilter$StaticUserFilter) to context hddsDatanode
2024-05-09 06:25:08,014 [main] INFO  http.HttpServer2 (HttpServer2.java:addFilter(1020)) - Added filter static_user_filter (class=org.apache.hadoop.http.lib.StaticUserWebFilter$StaticUserFilter) to context logs
2024-05-09 06:25:08,014 [main] INFO  http.HttpServer2 (HttpServer2.java:addFilter(1020)) - Added filter static_user_filter (class=org.apache.hadoop.http.lib.StaticUserWebFilter$StaticUserFilter) to context static
2024-05-09 06:25:08,014 [main] INFO  http.BaseHttpServer (BaseHttpServer.java:<init>(189)) - HTTP server of hddsDatanode uses base directory /home/runner/work/ozone/ozone/hadoop-ozone/integration-test/target/test-dir/MiniOzoneClusterImpl-48ce40b1-13f8-460b-b529-5aa00ab75c3e/ozone-meta/datanode-4/meta/webserver
2024-05-09 06:25:08,014 [main] INFO  http.HttpServer2 (HttpServer2.java:bindListener(1236)) - Jetty bound to port 15089
2024-05-09 06:25:08,015 [main] INFO  server.Server (Server.java:doStart(375)) - jetty-9.4.54.v20240208; built: 2024-02-08T19:42:39.027Z; git: cef3fbd6d736a21e7d541a5db490381d95a2047d; jvm 17.0.10+7
2024-05-09 06:25:08,016 [main] INFO  server.session (DefaultSessionIdManager.java:doStart(334)) - DefaultSessionIdManager workerName=node0
2024-05-09 06:25:08,016 [main] INFO  server.session (DefaultSessionIdManager.java:doStart(339)) - No SessionScavenger set, using defaults
2024-05-09 06:25:08,016 [main] INFO  server.session (HouseKeeper.java:startScavenging(132)) - node0 Scavenging every 660000ms
2024-05-09 06:25:08,016 [main] INFO  handler.ContextHandler (ContextHandler.java:doStart(921)) - Started o.e.j.s.ServletContextHandler@6fd364a3{logs,/logs,file:///home/runner/work/ozone/ozone/hadoop-ozone/integration-test/target/log,AVAILABLE}
2024-05-09 06:25:08,017 [main] INFO  handler.ContextHandler (ContextHandler.java:doStart(921)) - Started o.e.j.s.ServletContextHandler@7262e23e{static,/static,file:///home/runner/work/ozone/ozone/hadoop-hdds/container-service/target/classes/webapps/static,AVAILABLE}
2024-05-09 06:25:08,020 [main] INFO  handler.ContextHandler (ContextHandler.java:doStart(921)) - Started o.e.j.w.WebAppContext@6456fcc4{hddsDatanode,/,file:///home/runner/work/ozone/ozone/hadoop-hdds/container-service/target/classes/webapps/hddsDatanode/,AVAILABLE}{file:/home/runner/work/ozone/ozone/hadoop-hdds/container-service/target/classes/webapps/hddsDatanode}
2024-05-09 06:25:08,021 [main] INFO  server.AbstractConnector (AbstractConnector.java:doStart(333)) - Started ServerConnector@560def6c{HTTP/1.1, (http/1.1)}{0.0.0.0:15089}
2024-05-09 06:25:08,021 [main] INFO  server.Server (Server.java:doStart(415)) - Started @31577ms
2024-05-09 06:25:08,021 [main] WARN  impl.MetricsSystemImpl (MetricsSystemImpl.java:register(279)) - Sink prometheus already exists!
2024-05-09 06:25:08,021 [main] INFO  http.BaseHttpServer (BaseHttpServer.java:updateConnectorAddress(354)) - HTTP server of hddsDatanode listening at http://0.0.0.0:15089
2024-05-09 06:25:08,021 [main] INFO  ipc.CallQueueManager (CallQueueManager.java:<init>(90)) - Using callQueue: class java.util.concurrent.LinkedBlockingQueue, queueCapacity: 100, scheduler: class org.apache.hadoop.ipc.DefaultRpcScheduler, ipcBackoff: false.
2024-05-09 06:25:08,021 [main] INFO  ipc.Server (Server.java:<init>(1287)) - Listener at 0.0.0.0:15090
2024-05-09 06:25:08,022 [Socket Reader #1 for port 15090] INFO  ipc.Server (Server.java:run(1323)) - Starting Socket Reader #1 for port 15090
2024-05-09 06:25:08,023 [main] INFO  ozone.HddsDatanodeService (HddsDatanodeService.java:start(327)) - Datanode start with admins: [runner]
2024-05-09 06:25:08,023 [main] INFO  ozone.HddsDatanodeClientProtocolServer (HddsDatanodeClientProtocolServer.java:start(77)) - RPC server for Client /0.0.0.0:15090
2024-05-09 06:25:08,023 [IPC Server Responder] INFO  ipc.Server (Server.java:run(1562)) - IPC Server Responder: starting
2024-05-09 06:25:08,024 [main] WARN  dropwizard3.Dm3MetricRegistriesImpl (Dm3MetricRegistriesImpl.java:addReporterRegistration(113)) - New reporters are added after registries were created. Some metrics will be missing from the reporter. Please add reporter before adding any new registry.
2024-05-09 06:25:08,024 [main] WARN  dropwizard3.Dm3MetricRegistriesImpl (Dm3MetricRegistriesImpl.java:addReporterRegistration(113)) - New reporters are added after registries were created. Some metrics will be missing from the reporter. Please add reporter before adding any new registry.
2024-05-09 06:25:08,024 [main] INFO  impl.MetricsSystemImpl (MetricsSystemImpl.java:init(158)) - HddsDatanode metrics system started (again)
2024-05-09 06:25:08,028 [c367b86c-aa24-47f1-8357-097651e72609-DatanodeStateMachineDaemonThread] INFO  statemachine.DatanodeStateMachine (DatanodeStateMachine.java:lambda$startDaemon$1(555)) - Ozone container server started.
2024-05-09 06:25:08,029 [IPC Server listener on 15090] INFO  ipc.Server (Server.java:run(1402)) - IPC Server listener on 15090: starting
2024-05-09 06:25:08,035 [c367b86c-aa24-47f1-8357-097651e72609-DatanodeStateMachineTaskThread-0] INFO  datanode.InitDatanodeState (InitDatanodeState.java:persistContainerDatanodeDetails(139)) - DatanodeDetails is persisted to /home/runner/work/ozone/ozone/hadoop-ozone/integration-test/target/test-dir/MiniOzoneClusterImpl-48ce40b1-13f8-460b-b529-5aa00ab75c3e/ozone-meta/datanode-4/meta/datanode.id
2024-05-09 06:25:08,037 [main] INFO  ozone.HddsDatanodeService (HddsDatanodeService.java:start(240)) - HddsDatanodeService host:fv-az737-206 ip:10.1.0.4
2024-05-09 06:25:08,055 [main] INFO  upgrade.AbstractLayoutVersionManager (AbstractLayoutVersionManager.java:init(83)) - Initializing Layout version manager with metadata layout = HADOOP_PRC_PORTS_IN_DATANODEDETAILS (version = 7), software layout = HADOOP_PRC_PORTS_IN_DATANODEDETAILS (version = 7)
2024-05-09 06:25:08,056 [main] INFO  statemachine.DatanodeStateMachine (DatanodeStateMachine.java:getEndPointTaskThreadPoolSize(299)) - Datanode State Machine Task Thread Pool size 2
2024-05-09 06:25:08,060 [main] INFO  volume.HddsVolume (HddsVolume.java:<init>(126)) - Creating HddsVolume: /home/runner/work/ozone/ozone/hadoop-ozone/integration-test/target/test-dir/MiniOzoneClusterImpl-48ce40b1-13f8-460b-b529-5aa00ab75c3e/ozone-meta/datanode-5/data-0/hdds of storage type : DISK capacity : 9222449699674390527
2024-05-09 06:25:08,060 [main] INFO  volume.MutableVolumeSet (MutableVolumeSet.java:initializeVolumeSet(173)) - Added Volume : /home/runner/work/ozone/ozone/hadoop-ozone/integration-test/target/test-dir/MiniOzoneClusterImpl-48ce40b1-13f8-460b-b529-5aa00ab75c3e/ozone-meta/datanode-5/data-0/hdds to VolumeSet
2024-05-09 06:25:08,061 [main] INFO  volume.MutableVolumeSet (MutableVolumeSet.java:initializeVolumeSet(173)) - Added Volume : /home/runner/work/ozone/ozone/hadoop-ozone/integration-test/target/test-dir/MiniOzoneClusterImpl-48ce40b1-13f8-460b-b529-5aa00ab75c3e/ozone-meta/datanode-5/ratis to VolumeSet
2024-05-09 06:25:08,061 [main] INFO  ozoneimpl.OzoneContainer (HddsVolumeUtil.java:loadAllHddsVolumeDbStore(103)) - Load 1 volumes DbStore cost: 0ms
2024-05-09 06:25:08,064 [main] INFO  server.RaftServer (ConfUtils.java:logGet(46)) - raft.rpc.type = GRPC (default)
2024-05-09 06:25:08,064 [main] INFO  grpc.GrpcConfigKeys (ConfUtils.java:logFallback(53)) - raft.grpc.admin.host = null (fallback to raft.grpc.server.host)
2024-05-09 06:25:08,064 [main] INFO  grpc.GrpcConfigKeys (ConfUtils.java:logGet(46)) - raft.grpc.admin.port = 15102 (custom)
2024-05-09 06:25:08,064 [main] INFO  grpc.GrpcConfigKeys (ConfUtils.java:logFallback(53)) - raft.grpc.client.host = null (fallback to raft.grpc.server.host)
2024-05-09 06:25:08,064 [main] INFO  grpc.GrpcConfigKeys (ConfUtils.java:logGet(46)) - raft.grpc.client.port = 15101 (custom)
2024-05-09 06:25:08,065 [main] INFO  grpc.GrpcConfigKeys (ConfUtils.java:logGet(46)) - raft.grpc.server.host = null (default)
2024-05-09 06:25:08,065 [main] INFO  grpc.GrpcConfigKeys (ConfUtils.java:logGet(46)) - raft.grpc.server.port = 15103 (custom)
2024-05-09 06:25:08,065 [main] INFO  server.GrpcService (ConfUtils.java:logGet(46)) - raft.grpc.message.size.max = 32MB (=33554432) (custom)
2024-05-09 06:25:08,065 [main] INFO  server.RaftServerConfigKeys (ConfUtils.java:logGet(46)) - raft.server.log.appender.buffer.byte-limit = 8388608 (custom)
2024-05-09 06:25:08,065 [main] INFO  server.GrpcService (ConfUtils.java:logGet(46)) - raft.grpc.flow.control.window = 5MB (=5242880) (custom)
2024-05-09 06:25:08,065 [main] INFO  server.RaftServerConfigKeys (ConfUtils.java:logGet(46)) - raft.server.rpc.request.timeout = 3000ms (default)
2024-05-09 06:25:08,065 [main] INFO  grpc.GrpcConfigKeys (ConfUtils.java:logGet(46)) - raft.grpc.server.heartbeat.channel = true (default)
2024-05-09 06:25:08,065 [main] INFO  grpc.GrpcConfigKeys (ConfUtils.java:logGet(46)) - raft.grpc.server.async.request.thread.pool.cached = true (default)
2024-05-09 06:25:08,065 [main] INFO  grpc.GrpcConfigKeys (ConfUtils.java:logGet(46)) - raft.grpc.server.async.request.thread.pool.size = 32 (default)
2024-05-09 06:25:08,068 [main] INFO  impl.DataStreamServerImpl (ConfUtils.java:logGet(46)) - raft.datastream.type = NETTY (custom)
2024-05-09 06:25:08,068 [main] INFO  server.RaftServerConfigKeys (ConfUtils.java:logGet(46)) - raft.server.data-stream.async.request.thread.pool.cached = false (default)
2024-05-09 06:25:08,068 [main] INFO  server.RaftServerConfigKeys (ConfUtils.java:logGet(46)) - raft.server.data-stream.async.request.thread.pool.size = 20 (custom)
2024-05-09 06:25:08,069 [main] INFO  server.RaftServerConfigKeys (ConfUtils.java:logGet(46)) - raft.server.data-stream.async.write.thread.pool.size = 16 (default)
2024-05-09 06:25:08,069 [main] INFO  netty.NettyConfigKeys$DataStream (ConfUtils.java:logGet(46)) - raft.netty.dataStream.server.channel.inactive.grace-period = 10min (default)
2024-05-09 06:25:08,069 [main] INFO  server.RaftServerConfigKeys (ConfUtils.java:logGet(46)) - raft.server.data-stream.client.pool.size = 10 (default)
2024-05-09 06:25:08,069 [main] INFO  netty.NettyConfigKeys$DataStream (ConfUtils.java:logGet(46)) - raft.netty.dataStream.server.use-epoll = true (default)
2024-05-09 06:25:08,069 [main] INFO  netty.NettyConfigKeys$DataStream (ConfUtils.java:logGet(46)) - raft.netty.dataStream.server.boss-group.size = 0 (default)
2024-05-09 06:25:08,069 [main] INFO  netty.NettyUtils (NettyUtils.java:newEventLoopGroup(69)) - Create EpollEventLoopGroup for bda92e25-e077-447c-8dba-c1f962292f2e-NettyServerStreamRpc-bossGroup; Thread size is 0.
2024-05-09 06:25:08,069 [main] INFO  netty.NettyConfigKeys$DataStream (ConfUtils.java:logGet(46)) - raft.netty.dataStream.server.worker-group.size = 0 (default)
2024-05-09 06:25:08,070 [main] INFO  netty.NettyUtils (NettyUtils.java:newEventLoopGroup(69)) - Create EpollEventLoopGroup for bda92e25-e077-447c-8dba-c1f962292f2e-NettyServerStreamRpc-workerGroup; Thread size is 0.
2024-05-09 06:25:08,070 [main] INFO  netty.NettyConfigKeys$DataStream (ConfUtils.java:logGet(46)) - raft.netty.dataStream.server.tls.conf = null (default)
2024-05-09 06:25:08,070 [main] INFO  netty.NettyConfigKeys$DataStream (ConfUtils.java:logGet(46)) - raft.netty.dataStream.host = null (default)
2024-05-09 06:25:08,070 [main] INFO  netty.NettyConfigKeys$DataStream (ConfUtils.java:logGet(46)) - raft.netty.dataStream.port = 15104 (custom)
2024-05-09 06:25:08,071 [main] INFO  server.RaftServerConfigKeys (ConfUtils.java:logGet(46)) - raft.server.sleep.deviation.threshold = 300ms (default)
2024-05-09 06:25:08,071 [main] INFO  server.RaftServerConfigKeys (ConfUtils.java:logGet(46)) - raft.server.close.threshold = 60s (default)
2024-05-09 06:25:08,071 [main] INFO  server.RaftServerConfigKeys (ConfUtils.java:logGet(46)) - raft.server.leaderelection.leader.step-down.wait-time = 10s (default)
2024-05-09 06:25:08,071 [main] INFO  server.RaftServerConfigKeys (ConfUtils.java:logGet(46)) - raft.server.storage.dir = [/home/runner/work/ozone/ozone/hadoop-ozone/integration-test/target/test-dir/MiniOzoneClusterImpl-48ce40b1-13f8-460b-b529-5aa00ab75c3e/ozone-meta/datanode-5/ratis] (custom)
2024-05-09 06:25:08,071 [main] INFO  server.RaftServerConfigKeys (ConfUtils.java:logGet(46)) - raft.server.threadpool.proxy.cached = true (default)
2024-05-09 06:25:08,072 [main] INFO  server.RaftServerConfigKeys (ConfUtils.java:logGet(46)) - raft.server.threadpool.proxy.size = 0 (default)
2024-05-09 06:25:08,072 [bda92e25-e077-447c-8dba-c1f962292f2e-impl-thread1] INFO  server.RaftServer (RaftServerProxy.java:initGroupDir(264)) - bda92e25-e077-447c-8dba-c1f962292f2e: found a subdirectory /home/runner/work/ozone/ozone/hadoop-ozone/integration-test/target/test-dir/MiniOzoneClusterImpl-48ce40b1-13f8-460b-b529-5aa00ab75c3e/ozone-meta/datanode-5/ratis/tmp
2024-05-09 06:25:08,072 [bda92e25-e077-447c-8dba-c1f962292f2e-impl-thread1] INFO  server.RaftServer (RaftServerProxy.java:initGroupDir(269)) - bda92e25-e077-447c-8dba-c1f962292f2e: The directory /home/runner/work/ozone/ozone/hadoop-ozone/integration-test/target/test-dir/MiniOzoneClusterImpl-48ce40b1-13f8-460b-b529-5aa00ab75c3e/ozone-meta/datanode-5/ratis/tmp is not a group directory; ignoring it. 
2024-05-09 06:25:08,072 [main] INFO  replication.ReplicationServer (ReplicationServer.java:<init>(86)) - Initializing replication server with thread count = 10 queue length = 4096
2024-05-09 06:25:08,072 [bda92e25-e077-447c-8dba-c1f962292f2e-NettyServerStreamRpc-bossGroup--thread1] INFO  logging.LoggingHandler (AbstractInternalLogger.java:log(148)) - [id: 0xebe3522f] REGISTERED
2024-05-09 06:25:08,073 [bda92e25-e077-447c-8dba-c1f962292f2e-NettyServerStreamRpc-bossGroup--thread1] INFO  logging.LoggingHandler (AbstractInternalLogger.java:log(148)) - [id: 0xebe3522f] BIND: 0.0.0.0/0.0.0.0:15104
2024-05-09 06:25:08,073 [main] INFO  server.XceiverServerGrpc (XceiverServerGrpc.java:<init>(141)) - GrpcServer channel type EpollServerSocketChannel
2024-05-09 06:25:08,074 [bda92e25-e077-447c-8dba-c1f962292f2e-NettyServerStreamRpc-bossGroup--thread1] INFO  logging.LoggingHandler (AbstractInternalLogger.java:log(148)) - [id: 0xebe3522f, L:/0.0.0.0:15104] ACTIVE
2024-05-09 06:25:08,075 [main] INFO  replication.ReplicationSupervisor (ReplicationSupervisor.java:build(157)) - Initializing replication supervisor with thread count = 10
2024-05-09 06:25:08,075 [main] INFO  replication.ReplicationSupervisor (ReplicationSupervisor.java:nodeStateUpdated(312)) - Node state updated to IN_SERVICE, scaling executor pool size to 10
2024-05-09 06:25:08,077 [main] INFO  http.BaseHttpServer (BaseHttpServer.java:newHttpServer2BuilderForOzone(223)) - Starting Web-server for hddsDatanode at: http://0.0.0.0:15098
2024-05-09 06:25:08,077 [main] INFO  http.BaseHttpServer (BaseHttpServer.java:<init>(110)) - Hadoop Security Enabled: false Ozone Security Enabled: false Ozone HTTP Security Enabled: false 
2024-05-09 06:25:08,078 [main] WARN  server.AuthenticationFilter (AuthenticationFilter.java:constructSecretProvider(240)) - Unable to initialize FileSignerSecretProvider, falling back to use random secrets. Reason: Could not read signature secret file: /home/runner/hadoop-http-auth-signature-secret
2024-05-09 06:25:08,079 [main] INFO  http.HttpRequestLog (HttpRequestLog.java:getRequestLog(86)) - Http request log for http.requests.hddsDatanode is not defined
2024-05-09 06:25:08,080 [main] INFO  http.HttpServer2 (HttpServer2.java:addGlobalFilter(1036)) - Added global filter 'safety' (class=org.apache.hadoop.hdds.server.http.HttpServer2$QuotingInputFilter)
2024-05-09 06:25:08,081 [main] INFO  http.HttpServer2 (HttpServer2.java:addFilter(1012)) - Added filter static_user_filter (class=org.apache.hadoop.http.lib.StaticUserWebFilter$StaticUserFilter) to context hddsDatanode
2024-05-09 06:25:08,081 [main] INFO  http.HttpServer2 (HttpServer2.java:addFilter(1020)) - Added filter static_user_filter (class=org.apache.hadoop.http.lib.StaticUserWebFilter$StaticUserFilter) to context logs
2024-05-09 06:25:08,081 [main] INFO  http.HttpServer2 (HttpServer2.java:addFilter(1020)) - Added filter static_user_filter (class=org.apache.hadoop.http.lib.StaticUserWebFilter$StaticUserFilter) to context static
2024-05-09 06:25:08,082 [main] INFO  http.BaseHttpServer (BaseHttpServer.java:<init>(189)) - HTTP server of hddsDatanode uses base directory /home/runner/work/ozone/ozone/hadoop-ozone/integration-test/target/test-dir/MiniOzoneClusterImpl-48ce40b1-13f8-460b-b529-5aa00ab75c3e/ozone-meta/datanode-5/meta/webserver
2024-05-09 06:25:08,082 [main] INFO  http.HttpServer2 (HttpServer2.java:bindListener(1236)) - Jetty bound to port 15098
2024-05-09 06:25:08,082 [main] INFO  server.Server (Server.java:doStart(375)) - jetty-9.4.54.v20240208; built: 2024-02-08T19:42:39.027Z; git: cef3fbd6d736a21e7d541a5db490381d95a2047d; jvm 17.0.10+7
2024-05-09 06:25:08,092 [main] INFO  server.session (DefaultSessionIdManager.java:doStart(334)) - DefaultSessionIdManager workerName=node0
2024-05-09 06:25:08,092 [main] INFO  server.session (DefaultSessionIdManager.java:doStart(339)) - No SessionScavenger set, using defaults
2024-05-09 06:25:08,092 [main] INFO  server.session (HouseKeeper.java:startScavenging(132)) - node0 Scavenging every 660000ms
2024-05-09 06:25:08,096 [main] INFO  handler.ContextHandler (ContextHandler.java:doStart(921)) - Started o.e.j.s.ServletContextHandler@6a670dcc{logs,/logs,file:///home/runner/work/ozone/ozone/hadoop-ozone/integration-test/target/log,AVAILABLE}
2024-05-09 06:25:08,097 [main] INFO  handler.ContextHandler (ContextHandler.java:doStart(921)) - Started o.e.j.s.ServletContextHandler@4cfc4eb2{static,/static,file:///home/runner/work/ozone/ozone/hadoop-hdds/container-service/target/classes/webapps/static,AVAILABLE}
2024-05-09 06:25:08,101 [main] INFO  handler.ContextHandler (ContextHandler.java:doStart(921)) - Started o.e.j.w.WebAppContext@213031ce{hddsDatanode,/,file:///home/runner/work/ozone/ozone/hadoop-hdds/container-service/target/classes/webapps/hddsDatanode/,AVAILABLE}{file:/home/runner/work/ozone/ozone/hadoop-hdds/container-service/target/classes/webapps/hddsDatanode}
2024-05-09 06:25:08,102 [main] INFO  server.AbstractConnector (AbstractConnector.java:doStart(333)) - Started ServerConnector@6943e2d9{HTTP/1.1, (http/1.1)}{0.0.0.0:15098}
2024-05-09 06:25:08,102 [main] INFO  server.Server (Server.java:doStart(415)) - Started @31658ms
2024-05-09 06:25:08,102 [main] WARN  impl.MetricsSystemImpl (MetricsSystemImpl.java:register(279)) - Sink prometheus already exists!
2024-05-09 06:25:08,102 [main] INFO  http.BaseHttpServer (BaseHttpServer.java:updateConnectorAddress(354)) - HTTP server of hddsDatanode listening at http://0.0.0.0:15098
2024-05-09 06:25:08,103 [main] INFO  ipc.CallQueueManager (CallQueueManager.java:<init>(90)) - Using callQueue: class java.util.concurrent.LinkedBlockingQueue, queueCapacity: 100, scheduler: class org.apache.hadoop.ipc.DefaultRpcScheduler, ipcBackoff: false.
2024-05-09 06:25:08,103 [main] INFO  ipc.Server (Server.java:<init>(1287)) - Listener at 0.0.0.0:15099
2024-05-09 06:25:08,104 [Socket Reader #1 for port 15099] INFO  ipc.Server (Server.java:run(1323)) - Starting Socket Reader #1 for port 15099
2024-05-09 06:25:08,107 [main] INFO  ozone.HddsDatanodeService (HddsDatanodeService.java:start(327)) - Datanode start with admins: [runner]
2024-05-09 06:25:08,107 [main] INFO  ozone.HddsDatanodeClientProtocolServer (HddsDatanodeClientProtocolServer.java:start(77)) - RPC server for Client /0.0.0.0:15099
2024-05-09 06:25:08,108 [IPC Server Responder] INFO  ipc.Server (Server.java:run(1562)) - IPC Server Responder: starting
2024-05-09 06:25:08,108 [IPC Server listener on 15099] INFO  ipc.Server (Server.java:run(1402)) - IPC Server listener on 15099: starting
2024-05-09 06:25:08,108 [bda92e25-e077-447c-8dba-c1f962292f2e-DatanodeStateMachineDaemonThread] INFO  statemachine.DatanodeStateMachine (DatanodeStateMachine.java:lambda$startDaemon$1(555)) - Ozone container server started.
2024-05-09 06:25:08,109 [main] INFO  ozone.MiniOzoneClusterImpl (MiniOzoneClusterImpl.java:lambda$waitForClusterToBeReady$0(194)) - Waiting for nodes to be ready. Got 0 of 5 DN Heartbeats.
2024-05-09 06:25:08,109 [main] INFO  ozone.MiniOzoneClusterImpl (MiniOzoneClusterImpl.java:lambda$waitForClusterToBeReady$0(197)) - Waiting for cluster to exit safe mode
2024-05-09 06:25:08,109 [main] INFO  ozone.MiniOzoneClusterImpl (MiniOzoneClusterImpl.java:lambda$waitForClusterToBeReady$0(199)) - SCM became leader
2024-05-09 06:25:08,124 [bda92e25-e077-447c-8dba-c1f962292f2e-DatanodeStateMachineTaskThread-0] INFO  datanode.InitDatanodeState (InitDatanodeState.java:persistContainerDatanodeDetails(139)) - DatanodeDetails is persisted to /home/runner/work/ozone/ozone/hadoop-ozone/integration-test/target/test-dir/MiniOzoneClusterImpl-48ce40b1-13f8-460b-b529-5aa00ab75c3e/ozone-meta/datanode-5/meta/datanode.id
2024-05-09 06:25:08,738 [om1@group-C5BA1605619E-FollowerState] INFO  impl.FollowerState (FollowerState.java:run(143)) - om1@group-C5BA1605619E-FollowerState: change to CANDIDATE, lastRpcElapsedTime:1068146908ns, electionTimeout:1065ms
2024-05-09 06:25:08,738 [om1@group-C5BA1605619E-FollowerState] INFO  impl.RoleInfo (RoleInfo.java:shutdownFollowerState(110)) - om1: shutdown om1@group-C5BA1605619E-FollowerState
2024-05-09 06:25:08,739 [om1@group-C5BA1605619E-FollowerState] INFO  server.RaftServer$Division (RaftServerImpl.java:setRole(383)) - om1@group-C5BA1605619E: changes role from  FOLLOWER to CANDIDATE at term 0 for changeToCandidate
2024-05-09 06:25:08,739 [om1@group-C5BA1605619E-FollowerState] INFO  server.RaftServerConfigKeys (ConfUtils.java:logGet(46)) - raft.server.leaderelection.pre-vote = true (default)
2024-05-09 06:25:08,739 [om1@group-C5BA1605619E-FollowerState] INFO  impl.RoleInfo (RoleInfo.java:updateAndGet(139)) - om1: start om1@group-C5BA1605619E-LeaderElection11
2024-05-09 06:25:08,739 [om1@group-C5BA1605619E-LeaderElection11] INFO  impl.LeaderElection (LeaderElection.java:askForVotes(321)) - om1@group-C5BA1605619E-LeaderElection11 PRE_VOTE round 0: submit vote requests at term 0 for -1: peers:[om1|localhost:15060]|listeners:[], old=null
2024-05-09 06:25:08,739 [om1@group-C5BA1605619E-LeaderElection11] INFO  impl.LeaderElection (LeaderElection.java:askForVotes(323)) - om1@group-C5BA1605619E-LeaderElection11 PRE_VOTE round 0: result PASSED (term=0)
2024-05-09 06:25:08,741 [om1@group-C5BA1605619E-LeaderElection11] INFO  impl.LeaderElection (LeaderElection.java:askForVotes(321)) - om1@group-C5BA1605619E-LeaderElection11 ELECTION round 0: submit vote requests at term 1 for -1: peers:[om1|localhost:15060]|listeners:[], old=null
2024-05-09 06:25:08,741 [om1@group-C5BA1605619E-LeaderElection11] INFO  impl.LeaderElection (LeaderElection.java:askForVotes(323)) - om1@group-C5BA1605619E-LeaderElection11 ELECTION round 0: result PASSED (term=1)
2024-05-09 06:25:08,741 [om1@group-C5BA1605619E-LeaderElection11] INFO  impl.RoleInfo (RoleInfo.java:shutdownLeaderElection(130)) - om1: shutdown om1@group-C5BA1605619E-LeaderElection11
2024-05-09 06:25:08,742 [om1@group-C5BA1605619E-LeaderElection11] INFO  server.RaftServer$Division (RaftServerImpl.java:setRole(383)) - om1@group-C5BA1605619E: changes role from CANDIDATE to LEADER at term 1 for changeToLeader
2024-05-09 06:25:08,742 [om1@group-C5BA1605619E-LeaderElection11] INFO  server.RaftServerConfigKeys (ConfUtils.java:logGet(46)) - raft.server.staging.catchup.gap = 1000 (default)
2024-05-09 06:25:08,742 [om1@group-C5BA1605619E-LeaderElection11] INFO  server.RaftServerConfigKeys (ConfUtils.java:logGet(46)) - raft.server.write.element-limit = 4096 (default)
2024-05-09 06:25:08,742 [om1@group-C5BA1605619E-LeaderElection11] INFO  server.RaftServerConfigKeys (ConfUtils.java:logGet(46)) - raft.server.write.byte-limit = 64MB (=67108864) (default)
2024-05-09 06:25:08,742 [om1@group-C5BA1605619E-LeaderElection11] INFO  server.RaftServerConfigKeys (ConfUtils.java:logGet(46)) - raft.server.watch.timeout = 10s (default)
2024-05-09 06:25:08,742 [om1@group-C5BA1605619E-LeaderElection11] INFO  server.RaftServerConfigKeys (ConfUtils.java:logGet(46)) - raft.server.watch.timeout.denomination = 1s (default)
2024-05-09 06:25:08,742 [om1@group-C5BA1605619E-LeaderElection11] INFO  server.RaftServerConfigKeys (ConfUtils.java:logGet(46)) - raft.server.watch.element-limit = 65536 (default)
2024-05-09 06:25:08,743 [om1@group-C5BA1605619E-LeaderElection11] INFO  server.RaftServerConfigKeys (ConfUtils.java:logGet(46)) - raft.server.read.leader.lease.enabled = false (default)
2024-05-09 06:25:08,743 [om1@group-C5BA1605619E-LeaderElection11] INFO  server.RaftServerConfigKeys (ConfUtils.java:logGet(46)) - raft.server.read.leader.lease.timeout.ratio = 0.9 (default)
2024-05-09 06:25:08,743 [om1@group-C5BA1605619E-LeaderElection11] INFO  server.RaftServerConfigKeys (ConfUtils.java:logGet(46)) - raft.server.rpc.timeout.min = 1s (custom)
2024-05-09 06:25:08,743 [om1@group-C5BA1605619E-LeaderElection11] INFO  server.RaftServerConfigKeys (ConfUtils.java:logGet(46)) - raft.server.write.element-limit = 4096 (default)
2024-05-09 06:25:08,743 [om1@group-C5BA1605619E-LeaderElection11] INFO  server.RaftServerConfigKeys (ConfUtils.java:logGet(46)) - raft.server.write.follower.gap.ratio.max = -1.0 (default)
2024-05-09 06:25:08,743 [om1@group-C5BA1605619E-LeaderElection11] INFO  impl.RoleInfo (RoleInfo.java:updateAndGet(139)) - om1: start om1@group-C5BA1605619E-LeaderStateImpl
2024-05-09 06:25:08,743 [om1@group-C5BA1605619E-LeaderElection11] INFO  server.RaftServer$Division (RaftServerImpl.java:setFirstElection(574)) - om1@group-C5BA1605619E: set firstElectionSinceStartup to false for becomeLeader
2024-05-09 06:25:08,743 [om1@group-C5BA1605619E-LeaderElection11] INFO  server.RaftServer$Division (ServerState.java:setLeader(269)) - om1@group-C5BA1605619E: change Leader from null to om1 at term 1 for becomeLeader, leader elected after 1528ms
2024-05-09 06:25:08,744 [om1@group-C5BA1605619E-LeaderElection11] INFO  segmented.SegmentedRaftLogWorker (SegmentedRaftLogWorker.java:startLogSegment(430)) - om1@group-C5BA1605619E-SegmentedRaftLogWorker: Starting segment from index:0
2024-05-09 06:25:08,744 [om1@group-C5BA1605619E-LeaderElection11] INFO  server.RaftServer$Division (ServerState.java:setRaftConf(386)) - om1@group-C5BA1605619E: set configuration 0: peers:[om1|localhost:15060]|listeners:[], old=null
2024-05-09 06:25:08,744 [om1@group-C5BA1605619E-SegmentedRaftLogWorker] INFO  segmented.BufferedWriteChannel (BufferedWriteChannel.java:open(62)) - open log_inprogress_0 at position 0
2024-05-09 06:25:08,752 [om1@group-C5BA1605619E-SegmentedRaftLogWorker] INFO  segmented.SegmentedRaftLogWorker (SegmentedRaftLogWorker.java:execute(634)) - om1@group-C5BA1605619E-SegmentedRaftLogWorker: created new log segment /home/runner/work/ozone/ozone/hadoop-ozone/integration-test/target/test-dir/MiniOzoneClusterImpl-48ce40b1-13f8-460b-b529-5aa00ab75c3e/ozone-meta/ratis/bf265839-605b-3f16-9796-c5ba1605619e/current/log_inprogress_0
2024-05-09 06:25:08,754 [om1@group-C5BA1605619E-StateMachineUpdater] INFO  ratis.OzoneManagerStateMachine (OzoneManagerStateMachine.java:notifyConfigurationChanged(212)) - Received Configuration change notification from Ratis. New Peer list:
[id: "om1"
address: "localhost:15060"
startupRole: FOLLOWER
]
2024-05-09 06:25:08,754 [om1@group-C5BA1605619E-StateMachineUpdater] INFO  server.RaftServer$Division (LeaderStateImpl.java:isApplied(320)) - leader is ready since appliedIndex == 0 >= startIndex == 0
2024-05-09 06:25:09,110 [main] INFO  ozone.MiniOzoneClusterImpl (MiniOzoneClusterImpl.java:lambda$waitForClusterToBeReady$0(194)) - Waiting for nodes to be ready. Got 0 of 5 DN Heartbeats.
2024-05-09 06:25:09,110 [main] INFO  ozone.MiniOzoneClusterImpl (MiniOzoneClusterImpl.java:lambda$waitForClusterToBeReady$0(197)) - Waiting for cluster to exit safe mode
2024-05-09 06:25:09,110 [main] INFO  ozone.MiniOzoneClusterImpl (MiniOzoneClusterImpl.java:lambda$waitForClusterToBeReady$0(199)) - SCM became leader
2024-05-09 06:25:09,823 [0b714aca-fc82-484b-9944-7b2ffbc45fbf-EndpointStateMachineTaskThread-/0.0.0.0:15055-0 ] INFO  utils.DatanodeStoreCache (DatanodeStoreCache.java:addDB(72)) - Added db /home/runner/work/ozone/ozone/hadoop-ozone/integration-test/target/test-dir/MiniOzoneClusterImpl-48ce40b1-13f8-460b-b529-5aa00ab75c3e/ozone-meta/datanode-1/data-0/hdds/48ce40b1-13f8-460b-b529-5aa00ab75c3e/DS-7a15c170-1efd-4c9f-bf42-fbe104ab0df1/container.db to cache
2024-05-09 06:25:09,823 [0b714aca-fc82-484b-9944-7b2ffbc45fbf-EndpointStateMachineTaskThread-/0.0.0.0:15055-0 ] INFO  volume.HddsVolume (HddsVolume.java:createDbStore(437)) - SchemaV3 db is created and loaded at /home/runner/work/ozone/ozone/hadoop-ozone/integration-test/target/test-dir/MiniOzoneClusterImpl-48ce40b1-13f8-460b-b529-5aa00ab75c3e/ozone-meta/datanode-1/data-0/hdds/48ce40b1-13f8-460b-b529-5aa00ab75c3e/DS-7a15c170-1efd-4c9f-bf42-fbe104ab0df1/container.db for volume DS-7a15c170-1efd-4c9f-bf42-fbe104ab0df1
2024-05-09 06:25:09,826 [0b714aca-fc82-484b-9944-7b2ffbc45fbf-ContainerReader-0] INFO  ozoneimpl.ContainerReader (ContainerReader.java:readVolume(148)) - Start to verify containers on volume /home/runner/work/ozone/ozone/hadoop-ozone/integration-test/target/test-dir/MiniOzoneClusterImpl-48ce40b1-13f8-460b-b529-5aa00ab75c3e/ozone-meta/datanode-1/data-0/hdds
2024-05-09 06:25:09,826 [0b714aca-fc82-484b-9944-7b2ffbc45fbf-ContainerReader-0] INFO  ozoneimpl.ContainerReader (ContainerReader.java:readVolume(178)) - Finish verifying containers on volume /home/runner/work/ozone/ozone/hadoop-ozone/integration-test/target/test-dir/MiniOzoneClusterImpl-48ce40b1-13f8-460b-b529-5aa00ab75c3e/ozone-meta/datanode-1/data-0/hdds
2024-05-09 06:25:09,826 [0b714aca-fc82-484b-9944-7b2ffbc45fbf-EndpointStateMachineTaskThread-/0.0.0.0:15055-0 ] INFO  ozoneimpl.OzoneContainer (OzoneContainer.java:buildContainerSet(328)) - Build ContainerSet costs 0s
2024-05-09 06:25:09,826 [0b714aca-fc82-484b-9944-7b2ffbc45fbf-EndpointStateMachineTaskThread-/0.0.0.0:15055-0 ] INFO  volume.ThrottledAsyncChecker (ThrottledAsyncChecker.java:schedule(141)) - Scheduling a check for /home/runner/work/ozone/ozone/hadoop-ozone/integration-test/target/test-dir/MiniOzoneClusterImpl-48ce40b1-13f8-460b-b529-5aa00ab75c3e/ozone-meta/datanode-1/data-0/hdds
2024-05-09 06:25:09,827 [0b714aca-fc82-484b-9944-7b2ffbc45fbf-EndpointStateMachineTaskThread-/0.0.0.0:15055-0 ] INFO  volume.StorageVolumeChecker (StorageVolumeChecker.java:checkAllVolumes(218)) - Scheduled health check for volume /home/runner/work/ozone/ozone/hadoop-ozone/integration-test/target/test-dir/MiniOzoneClusterImpl-48ce40b1-13f8-460b-b529-5aa00ab75c3e/ozone-meta/datanode-1/data-0/hdds
2024-05-09 06:25:09,828 [0b714aca-fc82-484b-9944-7b2ffbc45fbf-EndpointStateMachineTaskThread-/0.0.0.0:15055-0 ] INFO  volume.ThrottledAsyncChecker (ThrottledAsyncChecker.java:schedule(141)) - Scheduling a check for /home/runner/work/ozone/ozone/hadoop-ozone/integration-test/target/test-dir/MiniOzoneClusterImpl-48ce40b1-13f8-460b-b529-5aa00ab75c3e/ozone-meta/datanode-1/ratis
2024-05-09 06:25:09,828 [0b714aca-fc82-484b-9944-7b2ffbc45fbf-EndpointStateMachineTaskThread-/0.0.0.0:15055-0 ] INFO  volume.StorageVolumeChecker (StorageVolumeChecker.java:checkAllVolumes(218)) - Scheduled health check for volume /home/runner/work/ozone/ozone/hadoop-ozone/integration-test/target/test-dir/MiniOzoneClusterImpl-48ce40b1-13f8-460b-b529-5aa00ab75c3e/ozone-meta/datanode-1/ratis
2024-05-09 06:25:09,829 [0b714aca-fc82-484b-9944-7b2ffbc45fbf-EndpointStateMachineTaskThread-/0.0.0.0:15055-0 ] INFO  ozoneimpl.OzoneContainer (OzoneContainer.java:start(459)) - Attempting to start container services.
2024-05-09 06:25:09,829 [ContainerMetadataScanner] INFO  ozoneimpl.AbstractBackgroundContainerScanner (AbstractBackgroundContainerScanner.java:runIteration(87)) - Completed an iteration in 0 minutes. Number of iterations (since the data-node restart) : 1, Number of containers scanned in this iteration : 0, Number of unhealthy containers found in this iteration : 0
2024-05-09 06:25:09,830 [ContainerDataScanner(/home/runner/work/ozone/ozone/hadoop-ozone/integration-test/target/test-dir/MiniOzoneClusterImpl-48ce40b1-13f8-460b-b529-5aa00ab75c3e/ozone-meta/datanode-1/data-0/hdds)] INFO  ozoneimpl.AbstractBackgroundContainerScanner (AbstractBackgroundContainerScanner.java:runIteration(87)) - Completed an iteration in 0 minutes. Number of iterations (since the data-node restart) : 1, Number of containers scanned in this iteration : 0, Number of unhealthy containers found in this iteration : 0
2024-05-09 06:25:09,830 [0b714aca-fc82-484b-9944-7b2ffbc45fbf-EndpointStateMachineTaskThread-/0.0.0.0:15055-0 ] INFO  replication.ReplicationServer (ReplicationServer.java:start(142)) - ReplicationServer is started using port 15069
2024-05-09 06:25:09,830 [0b714aca-fc82-484b-9944-7b2ffbc45fbf-EndpointStateMachineTaskThread-/0.0.0.0:15055-0 ] INFO  ratis.XceiverServerRatis (XceiverServerRatis.java:start(566)) - Starting XceiverServerRatis 0b714aca-fc82-484b-9944-7b2ffbc45fbf
2024-05-09 06:25:09,831 [0b714aca-fc82-484b-9944-7b2ffbc45fbf-EndpointStateMachineTaskThread-/0.0.0.0:15055-0 ] INFO  server.RaftServer (RaftServerProxy.java:startImpl(406)) - 0b714aca-fc82-484b-9944-7b2ffbc45fbf: start RPC server
2024-05-09 06:25:09,831 [0b714aca-fc82-484b-9944-7b2ffbc45fbf-EndpointStateMachineTaskThread-/0.0.0.0:15055-0 ] INFO  server.GrpcService (GrpcService.java:startImpl(302)) - 0b714aca-fc82-484b-9944-7b2ffbc45fbf: GrpcService started, listening on 15065
2024-05-09 06:25:09,832 [0b714aca-fc82-484b-9944-7b2ffbc45fbf-EndpointStateMachineTaskThread-/0.0.0.0:15055-0 ] INFO  server.GrpcService (GrpcService.java:startImpl(302)) - 0b714aca-fc82-484b-9944-7b2ffbc45fbf: GrpcService started, listening on 15067
2024-05-09 06:25:09,832 [0b714aca-fc82-484b-9944-7b2ffbc45fbf-EndpointStateMachineTaskThread-/0.0.0.0:15055-0 ] INFO  server.GrpcService (GrpcService.java:startImpl(302)) - 0b714aca-fc82-484b-9944-7b2ffbc45fbf: GrpcService started, listening on 15066
2024-05-09 06:25:09,832 [0b714aca-fc82-484b-9944-7b2ffbc45fbf-EndpointStateMachineTaskThread-/0.0.0.0:15055-0 ] INFO  ratis.XceiverServerRatis (XceiverServerRatis.java:getRealPort(592)) - XceiverServerRatis 0b714aca-fc82-484b-9944-7b2ffbc45fbf is started using port 15065 for RATIS
2024-05-09 06:25:09,832 [0b714aca-fc82-484b-9944-7b2ffbc45fbf-EndpointStateMachineTaskThread-/0.0.0.0:15055-0 ] INFO  ratis.XceiverServerRatis (XceiverServerRatis.java:getRealPort(592)) - XceiverServerRatis 0b714aca-fc82-484b-9944-7b2ffbc45fbf is started using port 15066 for RATIS_ADMIN
2024-05-09 06:25:09,832 [0b714aca-fc82-484b-9944-7b2ffbc45fbf-EndpointStateMachineTaskThread-/0.0.0.0:15055-0 ] INFO  ratis.XceiverServerRatis (XceiverServerRatis.java:getRealPort(592)) - XceiverServerRatis 0b714aca-fc82-484b-9944-7b2ffbc45fbf is started using port 15067 for RATIS_SERVER
2024-05-09 06:25:09,832 [0b714aca-fc82-484b-9944-7b2ffbc45fbf-EndpointStateMachineTaskThread-/0.0.0.0:15055-0 ] INFO  ratis.XceiverServerRatis (XceiverServerRatis.java:getRealPort(592)) - XceiverServerRatis 0b714aca-fc82-484b-9944-7b2ffbc45fbf is started using port 15068 for RATIS_DATASTREAM
2024-05-09 06:25:09,832 [JvmPauseMonitor9] INFO  util.JvmPauseMonitor (JvmPauseMonitor.java:run(146)) - JvmPauseMonitor-0b714aca-fc82-484b-9944-7b2ffbc45fbf: Started
2024-05-09 06:25:09,833 [0b714aca-fc82-484b-9944-7b2ffbc45fbf-BlockDeletingService#0] INFO  interfaces.ContainerDeletionChoosingPolicyTemplate (ContainerDeletionChoosingPolicyTemplate.java:chooseContainerForBlockDeletion(85)) - Chosen 0/5000 blocks from 0 candidate containers.
2024-05-09 06:25:09,888 [5b847746-75e9-42bf-94b1-858a537db9cd-EndpointStateMachineTaskThread-/0.0.0.0:15055-0 ] INFO  utils.DatanodeStoreCache (DatanodeStoreCache.java:addDB(72)) - Added db /home/runner/work/ozone/ozone/hadoop-ozone/integration-test/target/test-dir/MiniOzoneClusterImpl-48ce40b1-13f8-460b-b529-5aa00ab75c3e/ozone-meta/datanode-2/data-0/hdds/48ce40b1-13f8-460b-b529-5aa00ab75c3e/DS-992b7d15-d454-41c4-b8d7-8cdfd390f375/container.db to cache
2024-05-09 06:25:09,888 [5b847746-75e9-42bf-94b1-858a537db9cd-EndpointStateMachineTaskThread-/0.0.0.0:15055-0 ] INFO  volume.HddsVolume (HddsVolume.java:createDbStore(437)) - SchemaV3 db is created and loaded at /home/runner/work/ozone/ozone/hadoop-ozone/integration-test/target/test-dir/MiniOzoneClusterImpl-48ce40b1-13f8-460b-b529-5aa00ab75c3e/ozone-meta/datanode-2/data-0/hdds/48ce40b1-13f8-460b-b529-5aa00ab75c3e/DS-992b7d15-d454-41c4-b8d7-8cdfd390f375/container.db for volume DS-992b7d15-d454-41c4-b8d7-8cdfd390f375
2024-05-09 06:25:09,890 [5b847746-75e9-42bf-94b1-858a537db9cd-ContainerReader-0] INFO  ozoneimpl.ContainerReader (ContainerReader.java:readVolume(148)) - Start to verify containers on volume /home/runner/work/ozone/ozone/hadoop-ozone/integration-test/target/test-dir/MiniOzoneClusterImpl-48ce40b1-13f8-460b-b529-5aa00ab75c3e/ozone-meta/datanode-2/data-0/hdds
2024-05-09 06:25:09,890 [5b847746-75e9-42bf-94b1-858a537db9cd-ContainerReader-0] INFO  ozoneimpl.ContainerReader (ContainerReader.java:readVolume(178)) - Finish verifying containers on volume /home/runner/work/ozone/ozone/hadoop-ozone/integration-test/target/test-dir/MiniOzoneClusterImpl-48ce40b1-13f8-460b-b529-5aa00ab75c3e/ozone-meta/datanode-2/data-0/hdds
2024-05-09 06:25:09,890 [5b847746-75e9-42bf-94b1-858a537db9cd-EndpointStateMachineTaskThread-/0.0.0.0:15055-0 ] INFO  ozoneimpl.OzoneContainer (OzoneContainer.java:buildContainerSet(328)) - Build ContainerSet costs 0s
2024-05-09 06:25:09,890 [5b847746-75e9-42bf-94b1-858a537db9cd-EndpointStateMachineTaskThread-/0.0.0.0:15055-0 ] INFO  volume.ThrottledAsyncChecker (ThrottledAsyncChecker.java:schedule(141)) - Scheduling a check for /home/runner/work/ozone/ozone/hadoop-ozone/integration-test/target/test-dir/MiniOzoneClusterImpl-48ce40b1-13f8-460b-b529-5aa00ab75c3e/ozone-meta/datanode-2/data-0/hdds
2024-05-09 06:25:09,891 [5b847746-75e9-42bf-94b1-858a537db9cd-EndpointStateMachineTaskThread-/0.0.0.0:15055-0 ] INFO  volume.StorageVolumeChecker (StorageVolumeChecker.java:checkAllVolumes(218)) - Scheduled health check for volume /home/runner/work/ozone/ozone/hadoop-ozone/integration-test/target/test-dir/MiniOzoneClusterImpl-48ce40b1-13f8-460b-b529-5aa00ab75c3e/ozone-meta/datanode-2/data-0/hdds
2024-05-09 06:25:09,892 [5b847746-75e9-42bf-94b1-858a537db9cd-EndpointStateMachineTaskThread-/0.0.0.0:15055-0 ] INFO  volume.ThrottledAsyncChecker (ThrottledAsyncChecker.java:schedule(141)) - Scheduling a check for /home/runner/work/ozone/ozone/hadoop-ozone/integration-test/target/test-dir/MiniOzoneClusterImpl-48ce40b1-13f8-460b-b529-5aa00ab75c3e/ozone-meta/datanode-2/ratis
2024-05-09 06:25:09,892 [5b847746-75e9-42bf-94b1-858a537db9cd-EndpointStateMachineTaskThread-/0.0.0.0:15055-0 ] INFO  volume.StorageVolumeChecker (StorageVolumeChecker.java:checkAllVolumes(218)) - Scheduled health check for volume /home/runner/work/ozone/ozone/hadoop-ozone/integration-test/target/test-dir/MiniOzoneClusterImpl-48ce40b1-13f8-460b-b529-5aa00ab75c3e/ozone-meta/datanode-2/ratis
2024-05-09 06:25:09,892 [5b847746-75e9-42bf-94b1-858a537db9cd-EndpointStateMachineTaskThread-/0.0.0.0:15055-0 ] INFO  ozoneimpl.OzoneContainer (OzoneContainer.java:start(459)) - Attempting to start container services.
2024-05-09 06:25:09,892 [5b847746-75e9-42bf-94b1-858a537db9cd-EndpointStateMachineTaskThread-/0.0.0.0:15055-0 ] WARN  ozoneimpl.OnDemandContainerDataScanner (OnDemandContainerDataScanner.java:init(75)) - Trying to initialize on demand scanner a second time on a datanode.
2024-05-09 06:25:09,893 [ContainerMetadataScanner] INFO  ozoneimpl.AbstractBackgroundContainerScanner (AbstractBackgroundContainerScanner.java:runIteration(87)) - Completed an iteration in 0 minutes. Number of iterations (since the data-node restart) : 1, Number of containers scanned in this iteration : 0, Number of unhealthy containers found in this iteration : 0
2024-05-09 06:25:09,902 [ContainerDataScanner(/home/runner/work/ozone/ozone/hadoop-ozone/integration-test/target/test-dir/MiniOzoneClusterImpl-48ce40b1-13f8-460b-b529-5aa00ab75c3e/ozone-meta/datanode-2/data-0/hdds)] INFO  ozoneimpl.AbstractBackgroundContainerScanner (AbstractBackgroundContainerScanner.java:runIteration(87)) - Completed an iteration in 0 minutes. Number of iterations (since the data-node restart) : 1, Number of containers scanned in this iteration : 0, Number of unhealthy containers found in this iteration : 0
2024-05-09 06:25:09,903 [5b847746-75e9-42bf-94b1-858a537db9cd-EndpointStateMachineTaskThread-/0.0.0.0:15055-0 ] INFO  replication.ReplicationServer (ReplicationServer.java:start(142)) - ReplicationServer is started using port 15078
2024-05-09 06:25:09,903 [5b847746-75e9-42bf-94b1-858a537db9cd-EndpointStateMachineTaskThread-/0.0.0.0:15055-0 ] INFO  ratis.XceiverServerRatis (XceiverServerRatis.java:start(566)) - Starting XceiverServerRatis 5b847746-75e9-42bf-94b1-858a537db9cd
2024-05-09 06:25:09,903 [5b847746-75e9-42bf-94b1-858a537db9cd-EndpointStateMachineTaskThread-/0.0.0.0:15055-0 ] INFO  server.RaftServer (RaftServerProxy.java:startImpl(406)) - 5b847746-75e9-42bf-94b1-858a537db9cd: start RPC server
2024-05-09 06:25:09,904 [5b847746-75e9-42bf-94b1-858a537db9cd-EndpointStateMachineTaskThread-/0.0.0.0:15055-0 ] INFO  server.GrpcService (GrpcService.java:startImpl(302)) - 5b847746-75e9-42bf-94b1-858a537db9cd: GrpcService started, listening on 15074
2024-05-09 06:25:09,904 [5b847746-75e9-42bf-94b1-858a537db9cd-EndpointStateMachineTaskThread-/0.0.0.0:15055-0 ] INFO  server.GrpcService (GrpcService.java:startImpl(302)) - 5b847746-75e9-42bf-94b1-858a537db9cd: GrpcService started, listening on 15076
2024-05-09 06:25:09,904 [5b847746-75e9-42bf-94b1-858a537db9cd-EndpointStateMachineTaskThread-/0.0.0.0:15055-0 ] INFO  server.GrpcService (GrpcService.java:startImpl(302)) - 5b847746-75e9-42bf-94b1-858a537db9cd: GrpcService started, listening on 15075
2024-05-09 06:25:09,905 [5b847746-75e9-42bf-94b1-858a537db9cd-EndpointStateMachineTaskThread-/0.0.0.0:15055-0 ] INFO  ratis.XceiverServerRatis (XceiverServerRatis.java:getRealPort(592)) - XceiverServerRatis 5b847746-75e9-42bf-94b1-858a537db9cd is started using port 15074 for RATIS
2024-05-09 06:25:09,905 [5b847746-75e9-42bf-94b1-858a537db9cd-EndpointStateMachineTaskThread-/0.0.0.0:15055-0 ] INFO  ratis.XceiverServerRatis (XceiverServerRatis.java:getRealPort(592)) - XceiverServerRatis 5b847746-75e9-42bf-94b1-858a537db9cd is started using port 15075 for RATIS_ADMIN
2024-05-09 06:25:09,905 [5b847746-75e9-42bf-94b1-858a537db9cd-EndpointStateMachineTaskThread-/0.0.0.0:15055-0 ] INFO  ratis.XceiverServerRatis (XceiverServerRatis.java:getRealPort(592)) - XceiverServerRatis 5b847746-75e9-42bf-94b1-858a537db9cd is started using port 15076 for RATIS_SERVER
2024-05-09 06:25:09,905 [5b847746-75e9-42bf-94b1-858a537db9cd-EndpointStateMachineTaskThread-/0.0.0.0:15055-0 ] INFO  ratis.XceiverServerRatis (XceiverServerRatis.java:getRealPort(592)) - XceiverServerRatis 5b847746-75e9-42bf-94b1-858a537db9cd is started using port 15077 for RATIS_DATASTREAM
2024-05-09 06:25:09,905 [JvmPauseMonitor10] INFO  util.JvmPauseMonitor (JvmPauseMonitor.java:run(146)) - JvmPauseMonitor-5b847746-75e9-42bf-94b1-858a537db9cd: Started
2024-05-09 06:25:09,906 [5b847746-75e9-42bf-94b1-858a537db9cd-BlockDeletingService#0] INFO  interfaces.ContainerDeletionChoosingPolicyTemplate (ContainerDeletionChoosingPolicyTemplate.java:chooseContainerForBlockDeletion(85)) - Chosen 0/5000 blocks from 0 candidate containers.
2024-05-09 06:25:09,983 [528b4752-3c7b-4991-99e9-89ee621f29a5-EndpointStateMachineTaskThread-/0.0.0.0:15055-0 ] INFO  utils.DatanodeStoreCache (DatanodeStoreCache.java:addDB(72)) - Added db /home/runner/work/ozone/ozone/hadoop-ozone/integration-test/target/test-dir/MiniOzoneClusterImpl-48ce40b1-13f8-460b-b529-5aa00ab75c3e/ozone-meta/datanode-3/data-0/hdds/48ce40b1-13f8-460b-b529-5aa00ab75c3e/DS-9c03c6f0-d6fd-4550-b072-553765e3ec7b/container.db to cache
2024-05-09 06:25:09,983 [528b4752-3c7b-4991-99e9-89ee621f29a5-EndpointStateMachineTaskThread-/0.0.0.0:15055-0 ] INFO  volume.HddsVolume (HddsVolume.java:createDbStore(437)) - SchemaV3 db is created and loaded at /home/runner/work/ozone/ozone/hadoop-ozone/integration-test/target/test-dir/MiniOzoneClusterImpl-48ce40b1-13f8-460b-b529-5aa00ab75c3e/ozone-meta/datanode-3/data-0/hdds/48ce40b1-13f8-460b-b529-5aa00ab75c3e/DS-9c03c6f0-d6fd-4550-b072-553765e3ec7b/container.db for volume DS-9c03c6f0-d6fd-4550-b072-553765e3ec7b
2024-05-09 06:25:09,984 [528b4752-3c7b-4991-99e9-89ee621f29a5-ContainerReader-0] INFO  ozoneimpl.ContainerReader (ContainerReader.java:readVolume(148)) - Start to verify containers on volume /home/runner/work/ozone/ozone/hadoop-ozone/integration-test/target/test-dir/MiniOzoneClusterImpl-48ce40b1-13f8-460b-b529-5aa00ab75c3e/ozone-meta/datanode-3/data-0/hdds
2024-05-09 06:25:09,985 [528b4752-3c7b-4991-99e9-89ee621f29a5-ContainerReader-0] INFO  ozoneimpl.ContainerReader (ContainerReader.java:readVolume(178)) - Finish verifying containers on volume /home/runner/work/ozone/ozone/hadoop-ozone/integration-test/target/test-dir/MiniOzoneClusterImpl-48ce40b1-13f8-460b-b529-5aa00ab75c3e/ozone-meta/datanode-3/data-0/hdds
2024-05-09 06:25:09,985 [528b4752-3c7b-4991-99e9-89ee621f29a5-EndpointStateMachineTaskThread-/0.0.0.0:15055-0 ] INFO  ozoneimpl.OzoneContainer (OzoneContainer.java:buildContainerSet(328)) - Build ContainerSet costs 0s
2024-05-09 06:25:09,985 [528b4752-3c7b-4991-99e9-89ee621f29a5-EndpointStateMachineTaskThread-/0.0.0.0:15055-0 ] INFO  volume.ThrottledAsyncChecker (ThrottledAsyncChecker.java:schedule(141)) - Scheduling a check for /home/runner/work/ozone/ozone/hadoop-ozone/integration-test/target/test-dir/MiniOzoneClusterImpl-48ce40b1-13f8-460b-b529-5aa00ab75c3e/ozone-meta/datanode-3/data-0/hdds
2024-05-09 06:25:09,985 [528b4752-3c7b-4991-99e9-89ee621f29a5-EndpointStateMachineTaskThread-/0.0.0.0:15055-0 ] INFO  volume.StorageVolumeChecker (StorageVolumeChecker.java:checkAllVolumes(218)) - Scheduled health check for volume /home/runner/work/ozone/ozone/hadoop-ozone/integration-test/target/test-dir/MiniOzoneClusterImpl-48ce40b1-13f8-460b-b529-5aa00ab75c3e/ozone-meta/datanode-3/data-0/hdds
2024-05-09 06:25:09,987 [528b4752-3c7b-4991-99e9-89ee621f29a5-EndpointStateMachineTaskThread-/0.0.0.0:15055-0 ] INFO  volume.ThrottledAsyncChecker (ThrottledAsyncChecker.java:schedule(141)) - Scheduling a check for /home/runner/work/ozone/ozone/hadoop-ozone/integration-test/target/test-dir/MiniOzoneClusterImpl-48ce40b1-13f8-460b-b529-5aa00ab75c3e/ozone-meta/datanode-3/ratis
2024-05-09 06:25:09,987 [528b4752-3c7b-4991-99e9-89ee621f29a5-EndpointStateMachineTaskThread-/0.0.0.0:15055-0 ] INFO  volume.StorageVolumeChecker (StorageVolumeChecker.java:checkAllVolumes(218)) - Scheduled health check for volume /home/runner/work/ozone/ozone/hadoop-ozone/integration-test/target/test-dir/MiniOzoneClusterImpl-48ce40b1-13f8-460b-b529-5aa00ab75c3e/ozone-meta/datanode-3/ratis
2024-05-09 06:25:09,987 [528b4752-3c7b-4991-99e9-89ee621f29a5-EndpointStateMachineTaskThread-/0.0.0.0:15055-0 ] INFO  ozoneimpl.OzoneContainer (OzoneContainer.java:start(459)) - Attempting to start container services.
2024-05-09 06:25:09,988 [528b4752-3c7b-4991-99e9-89ee621f29a5-EndpointStateMachineTaskThread-/0.0.0.0:15055-0 ] WARN  ozoneimpl.OnDemandContainerDataScanner (OnDemandContainerDataScanner.java:init(75)) - Trying to initialize on demand scanner a second time on a datanode.
2024-05-09 06:25:09,988 [ContainerMetadataScanner] INFO  ozoneimpl.AbstractBackgroundContainerScanner (AbstractBackgroundContainerScanner.java:runIteration(87)) - Completed an iteration in 0 minutes. Number of iterations (since the data-node restart) : 1, Number of containers scanned in this iteration : 0, Number of unhealthy containers found in this iteration : 0
2024-05-09 06:25:09,988 [ContainerDataScanner(/home/runner/work/ozone/ozone/hadoop-ozone/integration-test/target/test-dir/MiniOzoneClusterImpl-48ce40b1-13f8-460b-b529-5aa00ab75c3e/ozone-meta/datanode-3/data-0/hdds)] INFO  ozoneimpl.AbstractBackgroundContainerScanner (AbstractBackgroundContainerScanner.java:runIteration(87)) - Completed an iteration in 0 minutes. Number of iterations (since the data-node restart) : 1, Number of containers scanned in this iteration : 0, Number of unhealthy containers found in this iteration : 0
2024-05-09 06:25:09,989 [528b4752-3c7b-4991-99e9-89ee621f29a5-EndpointStateMachineTaskThread-/0.0.0.0:15055-0 ] INFO  replication.ReplicationServer (ReplicationServer.java:start(142)) - ReplicationServer is started using port 15087
2024-05-09 06:25:09,989 [528b4752-3c7b-4991-99e9-89ee621f29a5-EndpointStateMachineTaskThread-/0.0.0.0:15055-0 ] INFO  ratis.XceiverServerRatis (XceiverServerRatis.java:start(566)) - Starting XceiverServerRatis 528b4752-3c7b-4991-99e9-89ee621f29a5
2024-05-09 06:25:09,991 [528b4752-3c7b-4991-99e9-89ee621f29a5-EndpointStateMachineTaskThread-/0.0.0.0:15055-0 ] INFO  server.RaftServer (RaftServerProxy.java:startImpl(406)) - 528b4752-3c7b-4991-99e9-89ee621f29a5: start RPC server
2024-05-09 06:25:09,991 [528b4752-3c7b-4991-99e9-89ee621f29a5-EndpointStateMachineTaskThread-/0.0.0.0:15055-0 ] INFO  server.GrpcService (GrpcService.java:startImpl(302)) - 528b4752-3c7b-4991-99e9-89ee621f29a5: GrpcService started, listening on 15083
2024-05-09 06:25:09,991 [528b4752-3c7b-4991-99e9-89ee621f29a5-EndpointStateMachineTaskThread-/0.0.0.0:15055-0 ] INFO  server.GrpcService (GrpcService.java:startImpl(302)) - 528b4752-3c7b-4991-99e9-89ee621f29a5: GrpcService started, listening on 15085
2024-05-09 06:25:09,992 [528b4752-3c7b-4991-99e9-89ee621f29a5-EndpointStateMachineTaskThread-/0.0.0.0:15055-0 ] INFO  server.GrpcService (GrpcService.java:startImpl(302)) - 528b4752-3c7b-4991-99e9-89ee621f29a5: GrpcService started, listening on 15084
2024-05-09 06:25:09,994 [528b4752-3c7b-4991-99e9-89ee621f29a5-EndpointStateMachineTaskThread-/0.0.0.0:15055-0 ] INFO  ratis.XceiverServerRatis (XceiverServerRatis.java:getRealPort(592)) - XceiverServerRatis 528b4752-3c7b-4991-99e9-89ee621f29a5 is started using port 15083 for RATIS
2024-05-09 06:25:09,994 [528b4752-3c7b-4991-99e9-89ee621f29a5-EndpointStateMachineTaskThread-/0.0.0.0:15055-0 ] INFO  ratis.XceiverServerRatis (XceiverServerRatis.java:getRealPort(592)) - XceiverServerRatis 528b4752-3c7b-4991-99e9-89ee621f29a5 is started using port 15084 for RATIS_ADMIN
2024-05-09 06:25:09,994 [528b4752-3c7b-4991-99e9-89ee621f29a5-EndpointStateMachineTaskThread-/0.0.0.0:15055-0 ] INFO  ratis.XceiverServerRatis (XceiverServerRatis.java:getRealPort(592)) - XceiverServerRatis 528b4752-3c7b-4991-99e9-89ee621f29a5 is started using port 15085 for RATIS_SERVER
2024-05-09 06:25:09,994 [528b4752-3c7b-4991-99e9-89ee621f29a5-EndpointStateMachineTaskThread-/0.0.0.0:15055-0 ] INFO  ratis.XceiverServerRatis (XceiverServerRatis.java:getRealPort(592)) - XceiverServerRatis 528b4752-3c7b-4991-99e9-89ee621f29a5 is started using port 15086 for RATIS_DATASTREAM
2024-05-09 06:25:09,995 [JvmPauseMonitor11] INFO  util.JvmPauseMonitor (JvmPauseMonitor.java:run(146)) - JvmPauseMonitor-528b4752-3c7b-4991-99e9-89ee621f29a5: Started
2024-05-09 06:25:09,997 [528b4752-3c7b-4991-99e9-89ee621f29a5-BlockDeletingService#0] INFO  interfaces.ContainerDeletionChoosingPolicyTemplate (ContainerDeletionChoosingPolicyTemplate.java:chooseContainerForBlockDeletion(85)) - Chosen 0/5000 blocks from 0 candidate containers.
2024-05-09 06:25:10,054 [c367b86c-aa24-47f1-8357-097651e72609-EndpointStateMachineTaskThread-/0.0.0.0:15055-0 ] INFO  utils.DatanodeStoreCache (DatanodeStoreCache.java:addDB(72)) - Added db /home/runner/work/ozone/ozone/hadoop-ozone/integration-test/target/test-dir/MiniOzoneClusterImpl-48ce40b1-13f8-460b-b529-5aa00ab75c3e/ozone-meta/datanode-4/data-0/hdds/48ce40b1-13f8-460b-b529-5aa00ab75c3e/DS-01de4ae5-8feb-4afb-8b1d-87e24b74a269/container.db to cache
2024-05-09 06:25:10,055 [c367b86c-aa24-47f1-8357-097651e72609-EndpointStateMachineTaskThread-/0.0.0.0:15055-0 ] INFO  volume.HddsVolume (HddsVolume.java:createDbStore(437)) - SchemaV3 db is created and loaded at /home/runner/work/ozone/ozone/hadoop-ozone/integration-test/target/test-dir/MiniOzoneClusterImpl-48ce40b1-13f8-460b-b529-5aa00ab75c3e/ozone-meta/datanode-4/data-0/hdds/48ce40b1-13f8-460b-b529-5aa00ab75c3e/DS-01de4ae5-8feb-4afb-8b1d-87e24b74a269/container.db for volume DS-01de4ae5-8feb-4afb-8b1d-87e24b74a269
2024-05-09 06:25:10,057 [c367b86c-aa24-47f1-8357-097651e72609-ContainerReader-0] INFO  ozoneimpl.ContainerReader (ContainerReader.java:readVolume(148)) - Start to verify containers on volume /home/runner/work/ozone/ozone/hadoop-ozone/integration-test/target/test-dir/MiniOzoneClusterImpl-48ce40b1-13f8-460b-b529-5aa00ab75c3e/ozone-meta/datanode-4/data-0/hdds
2024-05-09 06:25:10,057 [c367b86c-aa24-47f1-8357-097651e72609-ContainerReader-0] INFO  ozoneimpl.ContainerReader (ContainerReader.java:readVolume(178)) - Finish verifying containers on volume /home/runner/work/ozone/ozone/hadoop-ozone/integration-test/target/test-dir/MiniOzoneClusterImpl-48ce40b1-13f8-460b-b529-5aa00ab75c3e/ozone-meta/datanode-4/data-0/hdds
2024-05-09 06:25:10,057 [c367b86c-aa24-47f1-8357-097651e72609-EndpointStateMachineTaskThread-/0.0.0.0:15055-0 ] INFO  ozoneimpl.OzoneContainer (OzoneContainer.java:buildContainerSet(328)) - Build ContainerSet costs 0s
2024-05-09 06:25:10,057 [c367b86c-aa24-47f1-8357-097651e72609-EndpointStateMachineTaskThread-/0.0.0.0:15055-0 ] INFO  volume.ThrottledAsyncChecker (ThrottledAsyncChecker.java:schedule(141)) - Scheduling a check for /home/runner/work/ozone/ozone/hadoop-ozone/integration-test/target/test-dir/MiniOzoneClusterImpl-48ce40b1-13f8-460b-b529-5aa00ab75c3e/ozone-meta/datanode-4/data-0/hdds
2024-05-09 06:25:10,057 [c367b86c-aa24-47f1-8357-097651e72609-EndpointStateMachineTaskThread-/0.0.0.0:15055-0 ] INFO  volume.StorageVolumeChecker (StorageVolumeChecker.java:checkAllVolumes(218)) - Scheduled health check for volume /home/runner/work/ozone/ozone/hadoop-ozone/integration-test/target/test-dir/MiniOzoneClusterImpl-48ce40b1-13f8-460b-b529-5aa00ab75c3e/ozone-meta/datanode-4/data-0/hdds
2024-05-09 06:25:10,058 [c367b86c-aa24-47f1-8357-097651e72609-EndpointStateMachineTaskThread-/0.0.0.0:15055-0 ] INFO  volume.ThrottledAsyncChecker (ThrottledAsyncChecker.java:schedule(141)) - Scheduling a check for /home/runner/work/ozone/ozone/hadoop-ozone/integration-test/target/test-dir/MiniOzoneClusterImpl-48ce40b1-13f8-460b-b529-5aa00ab75c3e/ozone-meta/datanode-4/ratis
2024-05-09 06:25:10,058 [c367b86c-aa24-47f1-8357-097651e72609-EndpointStateMachineTaskThread-/0.0.0.0:15055-0 ] INFO  volume.StorageVolumeChecker (StorageVolumeChecker.java:checkAllVolumes(218)) - Scheduled health check for volume /home/runner/work/ozone/ozone/hadoop-ozone/integration-test/target/test-dir/MiniOzoneClusterImpl-48ce40b1-13f8-460b-b529-5aa00ab75c3e/ozone-meta/datanode-4/ratis
2024-05-09 06:25:10,059 [c367b86c-aa24-47f1-8357-097651e72609-EndpointStateMachineTaskThread-/0.0.0.0:15055-0 ] INFO  ozoneimpl.OzoneContainer (OzoneContainer.java:start(459)) - Attempting to start container services.
2024-05-09 06:25:10,059 [c367b86c-aa24-47f1-8357-097651e72609-EndpointStateMachineTaskThread-/0.0.0.0:15055-0 ] WARN  ozoneimpl.OnDemandContainerDataScanner (OnDemandContainerDataScanner.java:init(75)) - Trying to initialize on demand scanner a second time on a datanode.
2024-05-09 06:25:10,060 [ContainerMetadataScanner] INFO  ozoneimpl.AbstractBackgroundContainerScanner (AbstractBackgroundContainerScanner.java:runIteration(87)) - Completed an iteration in 0 minutes. Number of iterations (since the data-node restart) : 1, Number of containers scanned in this iteration : 0, Number of unhealthy containers found in this iteration : 0
2024-05-09 06:25:10,060 [ContainerDataScanner(/home/runner/work/ozone/ozone/hadoop-ozone/integration-test/target/test-dir/MiniOzoneClusterImpl-48ce40b1-13f8-460b-b529-5aa00ab75c3e/ozone-meta/datanode-4/data-0/hdds)] INFO  ozoneimpl.AbstractBackgroundContainerScanner (AbstractBackgroundContainerScanner.java:runIteration(87)) - Completed an iteration in 0 minutes. Number of iterations (since the data-node restart) : 1, Number of containers scanned in this iteration : 0, Number of unhealthy containers found in this iteration : 0
2024-05-09 06:25:10,060 [c367b86c-aa24-47f1-8357-097651e72609-EndpointStateMachineTaskThread-/0.0.0.0:15055-0 ] INFO  replication.ReplicationServer (ReplicationServer.java:start(142)) - ReplicationServer is started using port 15096
2024-05-09 06:25:10,060 [c367b86c-aa24-47f1-8357-097651e72609-EndpointStateMachineTaskThread-/0.0.0.0:15055-0 ] INFO  ratis.XceiverServerRatis (XceiverServerRatis.java:start(566)) - Starting XceiverServerRatis c367b86c-aa24-47f1-8357-097651e72609
2024-05-09 06:25:10,062 [c367b86c-aa24-47f1-8357-097651e72609-EndpointStateMachineTaskThread-/0.0.0.0:15055-0 ] INFO  server.RaftServer (RaftServerProxy.java:startImpl(406)) - c367b86c-aa24-47f1-8357-097651e72609: start RPC server
2024-05-09 06:25:10,062 [c367b86c-aa24-47f1-8357-097651e72609-EndpointStateMachineTaskThread-/0.0.0.0:15055-0 ] INFO  server.GrpcService (GrpcService.java:startImpl(302)) - c367b86c-aa24-47f1-8357-097651e72609: GrpcService started, listening on 15092
2024-05-09 06:25:10,062 [c367b86c-aa24-47f1-8357-097651e72609-EndpointStateMachineTaskThread-/0.0.0.0:15055-0 ] INFO  server.GrpcService (GrpcService.java:startImpl(302)) - c367b86c-aa24-47f1-8357-097651e72609: GrpcService started, listening on 15094
2024-05-09 06:25:10,063 [c367b86c-aa24-47f1-8357-097651e72609-EndpointStateMachineTaskThread-/0.0.0.0:15055-0 ] INFO  server.GrpcService (GrpcService.java:startImpl(302)) - c367b86c-aa24-47f1-8357-097651e72609: GrpcService started, listening on 15093
2024-05-09 06:25:10,063 [c367b86c-aa24-47f1-8357-097651e72609-EndpointStateMachineTaskThread-/0.0.0.0:15055-0 ] INFO  ratis.XceiverServerRatis (XceiverServerRatis.java:getRealPort(592)) - XceiverServerRatis c367b86c-aa24-47f1-8357-097651e72609 is started using port 15092 for RATIS
2024-05-09 06:25:10,063 [JvmPauseMonitor12] INFO  util.JvmPauseMonitor (JvmPauseMonitor.java:run(146)) - JvmPauseMonitor-c367b86c-aa24-47f1-8357-097651e72609: Started
2024-05-09 06:25:10,063 [c367b86c-aa24-47f1-8357-097651e72609-EndpointStateMachineTaskThread-/0.0.0.0:15055-0 ] INFO  ratis.XceiverServerRatis (XceiverServerRatis.java:getRealPort(592)) - XceiverServerRatis c367b86c-aa24-47f1-8357-097651e72609 is started using port 15093 for RATIS_ADMIN
2024-05-09 06:25:10,063 [c367b86c-aa24-47f1-8357-097651e72609-EndpointStateMachineTaskThread-/0.0.0.0:15055-0 ] INFO  ratis.XceiverServerRatis (XceiverServerRatis.java:getRealPort(592)) - XceiverServerRatis c367b86c-aa24-47f1-8357-097651e72609 is started using port 15094 for RATIS_SERVER
2024-05-09 06:25:10,063 [c367b86c-aa24-47f1-8357-097651e72609-EndpointStateMachineTaskThread-/0.0.0.0:15055-0 ] INFO  ratis.XceiverServerRatis (XceiverServerRatis.java:getRealPort(592)) - XceiverServerRatis c367b86c-aa24-47f1-8357-097651e72609 is started using port 15095 for RATIS_DATASTREAM
2024-05-09 06:25:10,064 [c367b86c-aa24-47f1-8357-097651e72609-BlockDeletingService#0] INFO  interfaces.ContainerDeletionChoosingPolicyTemplate (ContainerDeletionChoosingPolicyTemplate.java:chooseContainerForBlockDeletion(85)) - Chosen 0/5000 blocks from 0 candidate containers.
2024-05-09 06:25:10,110 [main] INFO  ozone.MiniOzoneClusterImpl (MiniOzoneClusterImpl.java:lambda$waitForClusterToBeReady$0(194)) - Waiting for nodes to be ready. Got 0 of 5 DN Heartbeats.
2024-05-09 06:25:10,110 [main] INFO  ozone.MiniOzoneClusterImpl (MiniOzoneClusterImpl.java:lambda$waitForClusterToBeReady$0(197)) - Waiting for cluster to exit safe mode
2024-05-09 06:25:10,110 [main] INFO  ozone.MiniOzoneClusterImpl (MiniOzoneClusterImpl.java:lambda$waitForClusterToBeReady$0(199)) - SCM became leader
2024-05-09 06:25:10,146 [bda92e25-e077-447c-8dba-c1f962292f2e-EndpointStateMachineTaskThread-/0.0.0.0:15055-0 ] INFO  utils.DatanodeStoreCache (DatanodeStoreCache.java:addDB(72)) - Added db /home/runner/work/ozone/ozone/hadoop-ozone/integration-test/target/test-dir/MiniOzoneClusterImpl-48ce40b1-13f8-460b-b529-5aa00ab75c3e/ozone-meta/datanode-5/data-0/hdds/48ce40b1-13f8-460b-b529-5aa00ab75c3e/DS-a5b614f2-e870-4320-a52f-615493b738dc/container.db to cache
2024-05-09 06:25:10,147 [bda92e25-e077-447c-8dba-c1f962292f2e-EndpointStateMachineTaskThread-/0.0.0.0:15055-0 ] INFO  volume.HddsVolume (HddsVolume.java:createDbStore(437)) - SchemaV3 db is created and loaded at /home/runner/work/ozone/ozone/hadoop-ozone/integration-test/target/test-dir/MiniOzoneClusterImpl-48ce40b1-13f8-460b-b529-5aa00ab75c3e/ozone-meta/datanode-5/data-0/hdds/48ce40b1-13f8-460b-b529-5aa00ab75c3e/DS-a5b614f2-e870-4320-a52f-615493b738dc/container.db for volume DS-a5b614f2-e870-4320-a52f-615493b738dc
2024-05-09 06:25:10,148 [bda92e25-e077-447c-8dba-c1f962292f2e-ContainerReader-0] INFO  ozoneimpl.ContainerReader (ContainerReader.java:readVolume(148)) - Start to verify containers on volume /home/runner/work/ozone/ozone/hadoop-ozone/integration-test/target/test-dir/MiniOzoneClusterImpl-48ce40b1-13f8-460b-b529-5aa00ab75c3e/ozone-meta/datanode-5/data-0/hdds
2024-05-09 06:25:10,149 [bda92e25-e077-447c-8dba-c1f962292f2e-ContainerReader-0] INFO  ozoneimpl.ContainerReader (ContainerReader.java:readVolume(178)) - Finish verifying containers on volume /home/runner/work/ozone/ozone/hadoop-ozone/integration-test/target/test-dir/MiniOzoneClusterImpl-48ce40b1-13f8-460b-b529-5aa00ab75c3e/ozone-meta/datanode-5/data-0/hdds
2024-05-09 06:25:10,149 [bda92e25-e077-447c-8dba-c1f962292f2e-EndpointStateMachineTaskThread-/0.0.0.0:15055-0 ] INFO  ozoneimpl.OzoneContainer (OzoneContainer.java:buildContainerSet(328)) - Build ContainerSet costs 0s
2024-05-09 06:25:10,149 [bda92e25-e077-447c-8dba-c1f962292f2e-EndpointStateMachineTaskThread-/0.0.0.0:15055-0 ] INFO  volume.ThrottledAsyncChecker (ThrottledAsyncChecker.java:schedule(141)) - Scheduling a check for /home/runner/work/ozone/ozone/hadoop-ozone/integration-test/target/test-dir/MiniOzoneClusterImpl-48ce40b1-13f8-460b-b529-5aa00ab75c3e/ozone-meta/datanode-5/data-0/hdds
2024-05-09 06:25:10,149 [bda92e25-e077-447c-8dba-c1f962292f2e-EndpointStateMachineTaskThread-/0.0.0.0:15055-0 ] INFO  volume.StorageVolumeChecker (StorageVolumeChecker.java:checkAllVolumes(218)) - Scheduled health check for volume /home/runner/work/ozone/ozone/hadoop-ozone/integration-test/target/test-dir/MiniOzoneClusterImpl-48ce40b1-13f8-460b-b529-5aa00ab75c3e/ozone-meta/datanode-5/data-0/hdds
2024-05-09 06:25:10,150 [bda92e25-e077-447c-8dba-c1f962292f2e-EndpointStateMachineTaskThread-/0.0.0.0:15055-0 ] INFO  volume.ThrottledAsyncChecker (ThrottledAsyncChecker.java:schedule(141)) - Scheduling a check for /home/runner/work/ozone/ozone/hadoop-ozone/integration-test/target/test-dir/MiniOzoneClusterImpl-48ce40b1-13f8-460b-b529-5aa00ab75c3e/ozone-meta/datanode-5/ratis
2024-05-09 06:25:10,150 [bda92e25-e077-447c-8dba-c1f962292f2e-EndpointStateMachineTaskThread-/0.0.0.0:15055-0 ] INFO  volume.StorageVolumeChecker (StorageVolumeChecker.java:checkAllVolumes(218)) - Scheduled health check for volume /home/runner/work/ozone/ozone/hadoop-ozone/integration-test/target/test-dir/MiniOzoneClusterImpl-48ce40b1-13f8-460b-b529-5aa00ab75c3e/ozone-meta/datanode-5/ratis
2024-05-09 06:25:10,151 [bda92e25-e077-447c-8dba-c1f962292f2e-EndpointStateMachineTaskThread-/0.0.0.0:15055-0 ] INFO  ozoneimpl.OzoneContainer (OzoneContainer.java:start(459)) - Attempting to start container services.
2024-05-09 06:25:10,151 [bda92e25-e077-447c-8dba-c1f962292f2e-EndpointStateMachineTaskThread-/0.0.0.0:15055-0 ] WARN  ozoneimpl.OnDemandContainerDataScanner (OnDemandContainerDataScanner.java:init(75)) - Trying to initialize on demand scanner a second time on a datanode.
2024-05-09 06:25:10,152 [ContainerMetadataScanner] INFO  ozoneimpl.AbstractBackgroundContainerScanner (AbstractBackgroundContainerScanner.java:runIteration(87)) - Completed an iteration in 0 minutes. Number of iterations (since the data-node restart) : 1, Number of containers scanned in this iteration : 0, Number of unhealthy containers found in this iteration : 0
2024-05-09 06:25:10,152 [ContainerDataScanner(/home/runner/work/ozone/ozone/hadoop-ozone/integration-test/target/test-dir/MiniOzoneClusterImpl-48ce40b1-13f8-460b-b529-5aa00ab75c3e/ozone-meta/datanode-5/data-0/hdds)] INFO  ozoneimpl.AbstractBackgroundContainerScanner (AbstractBackgroundContainerScanner.java:runIteration(87)) - Completed an iteration in 0 minutes. Number of iterations (since the data-node restart) : 1, Number of containers scanned in this iteration : 0, Number of unhealthy containers found in this iteration : 0
2024-05-09 06:25:10,152 [bda92e25-e077-447c-8dba-c1f962292f2e-EndpointStateMachineTaskThread-/0.0.0.0:15055-0 ] INFO  replication.ReplicationServer (ReplicationServer.java:start(142)) - ReplicationServer is started using port 15105
2024-05-09 06:25:10,152 [bda92e25-e077-447c-8dba-c1f962292f2e-EndpointStateMachineTaskThread-/0.0.0.0:15055-0 ] INFO  ratis.XceiverServerRatis (XceiverServerRatis.java:start(566)) - Starting XceiverServerRatis bda92e25-e077-447c-8dba-c1f962292f2e
2024-05-09 06:25:10,153 [bda92e25-e077-447c-8dba-c1f962292f2e-EndpointStateMachineTaskThread-/0.0.0.0:15055-0 ] INFO  server.RaftServer (RaftServerProxy.java:startImpl(406)) - bda92e25-e077-447c-8dba-c1f962292f2e: start RPC server
2024-05-09 06:25:10,153 [bda92e25-e077-447c-8dba-c1f962292f2e-EndpointStateMachineTaskThread-/0.0.0.0:15055-0 ] INFO  server.GrpcService (GrpcService.java:startImpl(302)) - bda92e25-e077-447c-8dba-c1f962292f2e: GrpcService started, listening on 15101
2024-05-09 06:25:10,153 [bda92e25-e077-447c-8dba-c1f962292f2e-EndpointStateMachineTaskThread-/0.0.0.0:15055-0 ] INFO  server.GrpcService (GrpcService.java:startImpl(302)) - bda92e25-e077-447c-8dba-c1f962292f2e: GrpcService started, listening on 15103
2024-05-09 06:25:10,154 [bda92e25-e077-447c-8dba-c1f962292f2e-EndpointStateMachineTaskThread-/0.0.0.0:15055-0 ] INFO  server.GrpcService (GrpcService.java:startImpl(302)) - bda92e25-e077-447c-8dba-c1f962292f2e: GrpcService started, listening on 15102
2024-05-09 06:25:10,155 [bda92e25-e077-447c-8dba-c1f962292f2e-EndpointStateMachineTaskThread-/0.0.0.0:15055-0 ] INFO  ratis.XceiverServerRatis (XceiverServerRatis.java:getRealPort(592)) - XceiverServerRatis bda92e25-e077-447c-8dba-c1f962292f2e is started using port 15101 for RATIS
2024-05-09 06:25:10,155 [bda92e25-e077-447c-8dba-c1f962292f2e-EndpointStateMachineTaskThread-/0.0.0.0:15055-0 ] INFO  ratis.XceiverServerRatis (XceiverServerRatis.java:getRealPort(592)) - XceiverServerRatis bda92e25-e077-447c-8dba-c1f962292f2e is started using port 15102 for RATIS_ADMIN
2024-05-09 06:25:10,155 [bda92e25-e077-447c-8dba-c1f962292f2e-EndpointStateMachineTaskThread-/0.0.0.0:15055-0 ] INFO  ratis.XceiverServerRatis (XceiverServerRatis.java:getRealPort(592)) - XceiverServerRatis bda92e25-e077-447c-8dba-c1f962292f2e is started using port 15103 for RATIS_SERVER
2024-05-09 06:25:10,155 [bda92e25-e077-447c-8dba-c1f962292f2e-EndpointStateMachineTaskThread-/0.0.0.0:15055-0 ] INFO  ratis.XceiverServerRatis (XceiverServerRatis.java:getRealPort(592)) - XceiverServerRatis bda92e25-e077-447c-8dba-c1f962292f2e is started using port 15104 for RATIS_DATASTREAM
2024-05-09 06:25:10,155 [JvmPauseMonitor13] INFO  util.JvmPauseMonitor (JvmPauseMonitor.java:run(146)) - JvmPauseMonitor-bda92e25-e077-447c-8dba-c1f962292f2e: Started
2024-05-09 06:25:10,156 [bda92e25-e077-447c-8dba-c1f962292f2e-BlockDeletingService#0] INFO  interfaces.ContainerDeletionChoosingPolicyTemplate (ContainerDeletionChoosingPolicyTemplate.java:chooseContainerForBlockDeletion(85)) - Chosen 0/5000 blocks from 0 candidate containers.
2024-05-09 06:25:11,111 [main] INFO  ozone.MiniOzoneClusterImpl (MiniOzoneClusterImpl.java:lambda$waitForClusterToBeReady$0(194)) - Waiting for nodes to be ready. Got 0 of 5 DN Heartbeats.
2024-05-09 06:25:11,111 [main] INFO  ozone.MiniOzoneClusterImpl (MiniOzoneClusterImpl.java:lambda$waitForClusterToBeReady$0(197)) - Waiting for cluster to exit safe mode
2024-05-09 06:25:11,111 [main] INFO  ozone.MiniOzoneClusterImpl (MiniOzoneClusterImpl.java:lambda$waitForClusterToBeReady$0(199)) - SCM became leader
2024-05-09 06:25:11,802 [IPC Server handler 6 on default port 15055] INFO  net.NetworkTopologyImpl (NetworkTopologyImpl.java:add(134)) - Added a new node: /default-rack/0b714aca-fc82-484b-9944-7b2ffbc45fbf
2024-05-09 06:25:11,802 [IPC Server handler 6 on default port 15055] INFO  node.SCMNodeManager (SCMNodeManager.java:register(421)) - Registered datanode: 0b714aca-fc82-484b-9944-7b2ffbc45fbf{ip: 127.0.0.1, host: localhost, ports: [HTTP=15062, CLIENT_RPC=15063, REPLICATION=15069, RATIS=15065, RATIS_ADMIN=15066, RATIS_SERVER=15067, RATIS_DATASTREAM=15068, STANDALONE=15064], networkLocation: /default-rack, certSerialId: null, persistedOpState: null, persistedOpStateExpiryEpochSec: 0}
2024-05-09 06:25:11,803 [EventQueue-NewNodeForNewNodeHandler] INFO  pipeline.BackgroundPipelineCreator (BackgroundPipelineCreator.java:notifyEventTriggered(280)) - trigger a one-shot run on RatisPipelineUtilsThread.
2024-05-09 06:25:11,803 [EventQueue-NodeRegistrationContainerReportForDataNodeSafeModeRule] INFO  safemode.SCMSafeModeManager (DataNodeSafeModeRule.java:process(71)) - SCM in safe mode. 1 DataNodes registered, 3 required.
2024-05-09 06:25:11,803 [EventQueue-NodeRegistrationContainerReportForContainerSafeModeRule] INFO  safemode.SCMSafeModeManager (SCMSafeModeManager.java:validateSafeModeExitRules(203)) - ContainerSafeModeRule rule is successfully validated
2024-05-09 06:25:11,803 [RatisPipelineUtilsThread-0] INFO  pipeline.RatisPipelineProvider (RatisPipelineProvider.java:lambda$create$0(205)) - Sending CreatePipelineCommand for pipeline:PipelineID=7e59995b-eede-4113-9272-f8fd40352af2 to datanode:0b714aca-fc82-484b-9944-7b2ffbc45fbf
2024-05-09 06:25:11,803 [EventQueue-PipelineReportForOneReplicaPipelineSafeModeRule] INFO  safemode.SCMSafeModeManager (SCMSafeModeManager.java:validateSafeModeExitRules(203)) - AtleastOneDatanodeReportedRule rule is successfully validated
2024-05-09 06:25:11,804 [RatisPipelineUtilsThread-0] INFO  pipeline.BackgroundPipelineCreator (BackgroundPipelineCreator.java:createPipelines(236)) - Created new pipeline Pipeline[ Id: 7e59995b-eede-4113-9272-f8fd40352af2, Nodes: 0b714aca-fc82-484b-9944-7b2ffbc45fbf(localhost/127.0.0.1), ReplicationConfig: RATIS/ONE, State:ALLOCATED, leaderId:, CreationTimestamp2024-05-09T06:25:11.803619144Z[Etc/UTC]]
2024-05-09 06:25:11,869 [IPC Server handler 42 on default port 15055] INFO  net.NetworkTopologyImpl (NetworkTopologyImpl.java:add(134)) - Added a new node: /default-rack/5b847746-75e9-42bf-94b1-858a537db9cd
2024-05-09 06:25:11,869 [IPC Server handler 42 on default port 15055] INFO  node.SCMNodeManager (SCMNodeManager.java:register(421)) - Registered datanode: 5b847746-75e9-42bf-94b1-858a537db9cd{ip: 127.0.0.1, host: localhost, ports: [HTTP=15071, CLIENT_RPC=15072, REPLICATION=15078, RATIS=15074, RATIS_ADMIN=15075, RATIS_SERVER=15076, RATIS_DATASTREAM=15077, STANDALONE=15073], networkLocation: /default-rack, certSerialId: null, persistedOpState: null, persistedOpStateExpiryEpochSec: 0}
2024-05-09 06:25:11,869 [EventQueue-NodeRegistrationContainerReportForDataNodeSafeModeRule] INFO  safemode.SCMSafeModeManager (DataNodeSafeModeRule.java:process(71)) - SCM in safe mode. 2 DataNodes registered, 3 required.
2024-05-09 06:25:11,869 [EventQueue-NewNodeForNewNodeHandler] INFO  pipeline.BackgroundPipelineCreator (BackgroundPipelineCreator.java:notifyEventTriggered(280)) - trigger a one-shot run on RatisPipelineUtilsThread.
2024-05-09 06:25:11,870 [RatisPipelineUtilsThread-0] INFO  pipeline.RatisPipelineProvider (RatisPipelineProvider.java:lambda$create$0(205)) - Sending CreatePipelineCommand for pipeline:PipelineID=58c7b79e-35b2-4776-87d6-f9b27e3d7451 to datanode:5b847746-75e9-42bf-94b1-858a537db9cd
2024-05-09 06:25:11,871 [RatisPipelineUtilsThread-0] INFO  pipeline.BackgroundPipelineCreator (BackgroundPipelineCreator.java:createPipelines(236)) - Created new pipeline Pipeline[ Id: 58c7b79e-35b2-4776-87d6-f9b27e3d7451, Nodes: 5b847746-75e9-42bf-94b1-858a537db9cd(localhost/127.0.0.1), ReplicationConfig: RATIS/ONE, State:ALLOCATED, leaderId:, CreationTimestamp2024-05-09T06:25:11.870803495Z[Etc/UTC]]
2024-05-09 06:25:11,964 [IPC Server handler 1 on default port 15055] INFO  net.NetworkTopologyImpl (NetworkTopologyImpl.java:add(134)) - Added a new node: /default-rack/528b4752-3c7b-4991-99e9-89ee621f29a5
2024-05-09 06:25:11,964 [IPC Server handler 1 on default port 15055] INFO  node.SCMNodeManager (SCMNodeManager.java:register(421)) - Registered datanode: 528b4752-3c7b-4991-99e9-89ee621f29a5{ip: 127.0.0.1, host: localhost, ports: [HTTP=15080, CLIENT_RPC=15081, REPLICATION=15087, RATIS=15083, RATIS_ADMIN=15084, RATIS_SERVER=15085, RATIS_DATASTREAM=15086, STANDALONE=15082], networkLocation: /default-rack, certSerialId: null, persistedOpState: null, persistedOpStateExpiryEpochSec: 0}
2024-05-09 06:25:11,964 [EventQueue-NewNodeForNewNodeHandler] INFO  pipeline.BackgroundPipelineCreator (BackgroundPipelineCreator.java:notifyEventTriggered(280)) - trigger a one-shot run on RatisPipelineUtilsThread.
2024-05-09 06:25:11,965 [EventQueue-NodeRegistrationContainerReportForDataNodeSafeModeRule] INFO  safemode.SCMSafeModeManager (DataNodeSafeModeRule.java:process(71)) - SCM in safe mode. 3 DataNodes registered, 3 required.
2024-05-09 06:25:11,965 [EventQueue-NodeRegistrationContainerReportForDataNodeSafeModeRule] INFO  safemode.SCMSafeModeManager (SCMSafeModeManager.java:validateSafeModeExitRules(203)) - DataNodeSafeModeRule rule is successfully validated
2024-05-09 06:25:11,965 [EventQueue-NodeRegistrationContainerReportForDataNodeSafeModeRule] INFO  safemode.SCMSafeModeManager (SCMSafeModeManager.java:completePreCheck(232)) - All SCM safe mode pre check rules have passed
2024-05-09 06:25:11,965 [EventQueue-NodeRegistrationContainerReportForDataNodeSafeModeRule] INFO  ha.SCMContext (SCMContext.java:updateSafeModeStatus(225)) - Update SafeModeStatus from SafeModeStatus{safeModeStatus=true, preCheckPassed=false} to SafeModeStatus{safeModeStatus=true, preCheckPassed=true}.
2024-05-09 06:25:11,965 [EventQueue-NodeRegistrationContainerReportForDataNodeSafeModeRule] INFO  pipeline.BackgroundPipelineCreator (BackgroundPipelineCreator.java:notifyEventTriggered(280)) - trigger a one-shot run on RatisPipelineUtilsThread.
2024-05-09 06:25:11,965 [RatisPipelineUtilsThread-0] INFO  pipeline.RatisPipelineProvider (RatisPipelineProvider.java:lambda$create$0(205)) - Sending CreatePipelineCommand for pipeline:PipelineID=add22a7f-61aa-4b02-b618-e1c253161b1e to datanode:528b4752-3c7b-4991-99e9-89ee621f29a5
2024-05-09 06:25:11,966 [RatisPipelineUtilsThread-0] INFO  pipeline.BackgroundPipelineCreator (BackgroundPipelineCreator.java:createPipelines(236)) - Created new pipeline Pipeline[ Id: add22a7f-61aa-4b02-b618-e1c253161b1e, Nodes: 528b4752-3c7b-4991-99e9-89ee621f29a5(localhost/127.0.0.1), ReplicationConfig: RATIS/ONE, State:ALLOCATED, leaderId:, CreationTimestamp2024-05-09T06:25:11.965235742Z[Etc/UTC]]
2024-05-09 06:25:11,966 [RatisPipelineUtilsThread-0] INFO  pipeline.RatisPipelineProvider (RatisPipelineProvider.java:lambda$create$0(205)) - Sending CreatePipelineCommand for pipeline:PipelineID=876e6361-94bf-493c-a223-711d46114548 to datanode:528b4752-3c7b-4991-99e9-89ee621f29a5
2024-05-09 06:25:11,966 [RatisPipelineUtilsThread-0] INFO  pipeline.RatisPipelineProvider (RatisPipelineProvider.java:lambda$create$0(205)) - Sending CreatePipelineCommand for pipeline:PipelineID=876e6361-94bf-493c-a223-711d46114548 to datanode:5b847746-75e9-42bf-94b1-858a537db9cd
2024-05-09 06:25:11,966 [RatisPipelineUtilsThread-0] INFO  pipeline.RatisPipelineProvider (RatisPipelineProvider.java:lambda$create$0(205)) - Sending CreatePipelineCommand for pipeline:PipelineID=876e6361-94bf-493c-a223-711d46114548 to datanode:0b714aca-fc82-484b-9944-7b2ffbc45fbf
2024-05-09 06:25:11,967 [RatisPipelineUtilsThread-0] INFO  pipeline.BackgroundPipelineCreator (BackgroundPipelineCreator.java:createPipelines(236)) - Created new pipeline Pipeline[ Id: 876e6361-94bf-493c-a223-711d46114548, Nodes: 528b4752-3c7b-4991-99e9-89ee621f29a5(localhost/127.0.0.1)5b847746-75e9-42bf-94b1-858a537db9cd(localhost/127.0.0.1)0b714aca-fc82-484b-9944-7b2ffbc45fbf(localhost/127.0.0.1), ReplicationConfig: RATIS/THREE, State:ALLOCATED, leaderId:, CreationTimestamp2024-05-09T06:25:11.966822259Z[Etc/UTC]]
2024-05-09 06:25:11,968 [RatisPipelineUtilsThread-0] INFO  pipeline.RatisPipelineProvider (RatisPipelineProvider.java:lambda$create$0(205)) - Sending CreatePipelineCommand for pipeline:PipelineID=a143d81d-e1da-48a4-b870-a6fad74b91c2 to datanode:0b714aca-fc82-484b-9944-7b2ffbc45fbf
2024-05-09 06:25:11,968 [RatisPipelineUtilsThread-0] INFO  pipeline.RatisPipelineProvider (RatisPipelineProvider.java:lambda$create$0(205)) - Sending CreatePipelineCommand for pipeline:PipelineID=a143d81d-e1da-48a4-b870-a6fad74b91c2 to datanode:5b847746-75e9-42bf-94b1-858a537db9cd
2024-05-09 06:25:11,968 [RatisPipelineUtilsThread-0] INFO  pipeline.RatisPipelineProvider (RatisPipelineProvider.java:lambda$create$0(205)) - Sending CreatePipelineCommand for pipeline:PipelineID=a143d81d-e1da-48a4-b870-a6fad74b91c2 to datanode:528b4752-3c7b-4991-99e9-89ee621f29a5
2024-05-09 06:25:11,969 [RatisPipelineUtilsThread-0] INFO  pipeline.PipelineManagerImpl (PipelineManagerImpl.java:recordMetricsForPipeline(916)) - Pipeline: PipelineID=a143d81d-e1da-48a4-b870-a6fad74b91c2 contains same datanodes as previous pipelines: PipelineID=876e6361-94bf-493c-a223-711d46114548 nodeIds: 0b714aca-fc82-484b-9944-7b2ffbc45fbf, 5b847746-75e9-42bf-94b1-858a537db9cd, 528b4752-3c7b-4991-99e9-89ee621f29a5
2024-05-09 06:25:11,969 [RatisPipelineUtilsThread-0] INFO  pipeline.BackgroundPipelineCreator (BackgroundPipelineCreator.java:createPipelines(236)) - Created new pipeline Pipeline[ Id: a143d81d-e1da-48a4-b870-a6fad74b91c2, Nodes: 0b714aca-fc82-484b-9944-7b2ffbc45fbf(localhost/127.0.0.1)5b847746-75e9-42bf-94b1-858a537db9cd(localhost/127.0.0.1)528b4752-3c7b-4991-99e9-89ee621f29a5(localhost/127.0.0.1), ReplicationConfig: RATIS/THREE, State:ALLOCATED, leaderId:, CreationTimestamp2024-05-09T06:25:11.968341785Z[Etc/UTC]]
2024-05-09 06:25:12,034 [IPC Server handler 2 on default port 15055] INFO  net.NetworkTopologyImpl (NetworkTopologyImpl.java:add(134)) - Added a new node: /default-rack/c367b86c-aa24-47f1-8357-097651e72609
2024-05-09 06:25:12,034 [IPC Server handler 2 on default port 15055] INFO  node.SCMNodeManager (SCMNodeManager.java:register(421)) - Registered datanode: c367b86c-aa24-47f1-8357-097651e72609{ip: 127.0.0.1, host: localhost, ports: [HTTP=15089, CLIENT_RPC=15090, REPLICATION=15096, RATIS=15092, RATIS_ADMIN=15093, RATIS_SERVER=15094, RATIS_DATASTREAM=15095, STANDALONE=15091], networkLocation: /default-rack, certSerialId: null, persistedOpState: null, persistedOpStateExpiryEpochSec: 0}
2024-05-09 06:25:12,034 [EventQueue-NewNodeForNewNodeHandler] INFO  pipeline.BackgroundPipelineCreator (BackgroundPipelineCreator.java:notifyEventTriggered(280)) - trigger a one-shot run on RatisPipelineUtilsThread.
2024-05-09 06:25:12,036 [RatisPipelineUtilsThread-0] INFO  pipeline.RatisPipelineProvider (RatisPipelineProvider.java:lambda$create$0(205)) - Sending CreatePipelineCommand for pipeline:PipelineID=1d525e50-3063-4f38-924e-c0ec2e85fac7 to datanode:c367b86c-aa24-47f1-8357-097651e72609
2024-05-09 06:25:12,036 [RatisPipelineUtilsThread-0] INFO  pipeline.BackgroundPipelineCreator (BackgroundPipelineCreator.java:createPipelines(236)) - Created new pipeline Pipeline[ Id: 1d525e50-3063-4f38-924e-c0ec2e85fac7, Nodes: c367b86c-aa24-47f1-8357-097651e72609(localhost/127.0.0.1), ReplicationConfig: RATIS/ONE, State:ALLOCATED, leaderId:, CreationTimestamp2024-05-09T06:25:12.036097075Z[Etc/UTC]]
2024-05-09 06:25:12,111 [main] INFO  ozone.MiniOzoneClusterImpl (MiniOzoneClusterImpl.java:lambda$waitForClusterToBeReady$0(194)) - Waiting for nodes to be ready. Got 4 of 5 DN Heartbeats.
2024-05-09 06:25:12,111 [main] INFO  ozone.MiniOzoneClusterImpl (MiniOzoneClusterImpl.java:lambda$waitForClusterToBeReady$0(197)) - Waiting for cluster to exit safe mode
2024-05-09 06:25:12,111 [main] INFO  ozone.MiniOzoneClusterImpl (MiniOzoneClusterImpl.java:lambda$waitForClusterToBeReady$0(199)) - SCM became leader
2024-05-09 06:25:12,124 [IPC Server handler 0 on default port 15055] INFO  net.NetworkTopologyImpl (NetworkTopologyImpl.java:add(134)) - Added a new node: /default-rack/bda92e25-e077-447c-8dba-c1f962292f2e
2024-05-09 06:25:12,125 [IPC Server handler 0 on default port 15055] INFO  node.SCMNodeManager (SCMNodeManager.java:register(421)) - Registered datanode: bda92e25-e077-447c-8dba-c1f962292f2e{ip: 127.0.0.1, host: localhost, ports: [HTTP=15098, CLIENT_RPC=15099, REPLICATION=15105, RATIS=15101, RATIS_ADMIN=15102, RATIS_SERVER=15103, RATIS_DATASTREAM=15104, STANDALONE=15100], networkLocation: /default-rack, certSerialId: null, persistedOpState: null, persistedOpStateExpiryEpochSec: 0}
2024-05-09 06:25:12,125 [EventQueue-NewNodeForNewNodeHandler] INFO  pipeline.BackgroundPipelineCreator (BackgroundPipelineCreator.java:notifyEventTriggered(280)) - trigger a one-shot run on RatisPipelineUtilsThread.
2024-05-09 06:25:12,126 [RatisPipelineUtilsThread-0] INFO  pipeline.RatisPipelineProvider (RatisPipelineProvider.java:lambda$create$0(205)) - Sending CreatePipelineCommand for pipeline:PipelineID=76f840da-7d41-4e58-8d6a-909fb7fcf857 to datanode:bda92e25-e077-447c-8dba-c1f962292f2e
2024-05-09 06:25:12,126 [RatisPipelineUtilsThread-0] INFO  pipeline.BackgroundPipelineCreator (BackgroundPipelineCreator.java:createPipelines(236)) - Created new pipeline Pipeline[ Id: 76f840da-7d41-4e58-8d6a-909fb7fcf857, Nodes: bda92e25-e077-447c-8dba-c1f962292f2e(localhost/127.0.0.1), ReplicationConfig: RATIS/ONE, State:ALLOCATED, leaderId:, CreationTimestamp2024-05-09T06:25:12.126106386Z[Etc/UTC]]
2024-05-09 06:25:13,111 [main] INFO  ozone.MiniOzoneClusterImpl (MiniOzoneClusterImpl.java:lambda$waitForClusterToBeReady$0(194)) - Nodes are ready. Got 5 of 5 DN Heartbeats.
2024-05-09 06:25:13,112 [main] INFO  ozone.MiniOzoneClusterImpl (MiniOzoneClusterImpl.java:lambda$waitForClusterToBeReady$0(197)) - Waiting for cluster to exit safe mode
2024-05-09 06:25:13,112 [main] INFO  ozone.MiniOzoneClusterImpl (MiniOzoneClusterImpl.java:lambda$waitForClusterToBeReady$0(199)) - SCM became leader
2024-05-09 06:25:14,112 [main] INFO  ozone.MiniOzoneClusterImpl (MiniOzoneClusterImpl.java:lambda$waitForClusterToBeReady$0(194)) - Nodes are ready. Got 5 of 5 DN Heartbeats.
2024-05-09 06:25:14,112 [main] INFO  ozone.MiniOzoneClusterImpl (MiniOzoneClusterImpl.java:lambda$waitForClusterToBeReady$0(197)) - Waiting for cluster to exit safe mode
2024-05-09 06:25:14,112 [main] INFO  ozone.MiniOzoneClusterImpl (MiniOzoneClusterImpl.java:lambda$waitForClusterToBeReady$0(199)) - SCM became leader
2024-05-09 06:25:14,801 [0b714aca-fc82-484b-9944-7b2ffbc45fbf-PipelineCommandHandlerThread-0] INFO  server.RaftServer (RaftServerProxy.java:addNew(100)) - 0b714aca-fc82-484b-9944-7b2ffbc45fbf: addNew group-F8FD40352AF2:[0b714aca-fc82-484b-9944-7b2ffbc45fbf|127.0.0.1:15067] returns group-F8FD40352AF2:java.util.concurrent.CompletableFuture@17aff205[Not completed]
2024-05-09 06:25:14,803 [0b714aca-fc82-484b-9944-7b2ffbc45fbf-groupManagement] INFO  server.RaftServer$Division (RaftServerImpl.java:<init>(256)) - 0b714aca-fc82-484b-9944-7b2ffbc45fbf: new RaftServerImpl for group-F8FD40352AF2:[0b714aca-fc82-484b-9944-7b2ffbc45fbf|127.0.0.1:15067] with ContainerStateMachine:uninitialized
2024-05-09 06:25:14,803 [0b714aca-fc82-484b-9944-7b2ffbc45fbf-groupManagement] INFO  server.RaftServerConfigKeys (ConfUtils.java:logGet(46)) - raft.server.rpc.timeout.min = 5s (custom)
2024-05-09 06:25:14,803 [0b714aca-fc82-484b-9944-7b2ffbc45fbf-groupManagement] INFO  server.RaftServerConfigKeys (ConfUtils.java:logGet(46)) - raft.server.rpc.timeout.max = 5200ms (custom)
2024-05-09 06:25:14,803 [0b714aca-fc82-484b-9944-7b2ffbc45fbf-groupManagement] INFO  server.RaftServerConfigKeys (ConfUtils.java:logGet(46)) - raft.server.rpc.sleep.time = 25ms (default)
2024-05-09 06:25:14,803 [0b714aca-fc82-484b-9944-7b2ffbc45fbf-groupManagement] INFO  server.RaftServerConfigKeys (ConfUtils.java:logGet(46)) - raft.server.rpc.slowness.timeout = 300000ms (custom)
2024-05-09 06:25:14,803 [0b714aca-fc82-484b-9944-7b2ffbc45fbf-groupManagement] INFO  server.RaftServerConfigKeys (ConfUtils.java:logGet(46)) - raft.server.leaderelection.leader.step-down.wait-time = 10s (default)
2024-05-09 06:25:14,803 [0b714aca-fc82-484b-9944-7b2ffbc45fbf-groupManagement] INFO  server.RaftServerConfigKeys (ConfUtils.java:logGet(46)) - raft.server.leaderelection.member.majority-add = false (default)
2024-05-09 06:25:14,803 [0b714aca-fc82-484b-9944-7b2ffbc45fbf-groupManagement] INFO  server.RaftServerConfigKeys (ConfUtils.java:logGet(46)) - raft.server.sleep.deviation.threshold = 300ms (default)
2024-05-09 06:25:14,803 [0b714aca-fc82-484b-9944-7b2ffbc45fbf-groupManagement] INFO  server.RaftServer$Division (ServerState.java:<init>(113)) - 0b714aca-fc82-484b-9944-7b2ffbc45fbf@group-F8FD40352AF2: ConfigurationManager, init=-1: peers:[0b714aca-fc82-484b-9944-7b2ffbc45fbf|127.0.0.1:15067]|listeners:[], old=null, confs=<EMPTY_MAP>
2024-05-09 06:25:14,804 [0b714aca-fc82-484b-9944-7b2ffbc45fbf-groupManagement] INFO  server.RaftServerConfigKeys (ConfUtils.java:logGet(46)) - raft.server.notification.no-leader.timeout = 300000ms (custom)
2024-05-09 06:25:14,804 [0b714aca-fc82-484b-9944-7b2ffbc45fbf-groupManagement] INFO  server.RaftServerConfigKeys (ConfUtils.java:logGet(46)) - raft.server.read.timeout = 10s (default)
2024-05-09 06:25:14,804 [0b714aca-fc82-484b-9944-7b2ffbc45fbf-groupManagement] INFO  server.RaftServerConfigKeys (ConfUtils.java:logGet(46)) - raft.server.retrycache.expirytime = 600000ms (custom)
2024-05-09 06:25:14,804 [0b714aca-fc82-484b-9944-7b2ffbc45fbf-groupManagement] INFO  server.RaftServerConfigKeys (ConfUtils.java:logGet(46)) - raft.server.retrycache.statistics.expirytime = 100ms (default)
2024-05-09 06:25:14,804 [0b714aca-fc82-484b-9944-7b2ffbc45fbf-groupManagement] INFO  server.RaftServerConfigKeys (ConfUtils.java:logGet(46)) - raft.server.read.option = DEFAULT (default)
2024-05-09 06:25:14,804 [0b714aca-fc82-484b-9944-7b2ffbc45fbf-groupManagement] INFO  server.RaftServerConfigKeys (ConfUtils.java:logGet(46)) - raft.server.read.read-after-write-consistent.write-index-cache.expiry-time = 60s (default)
2024-05-09 06:25:14,807 [0b714aca-fc82-484b-9944-7b2ffbc45fbf-groupManagement] INFO  server.RaftServerConfigKeys (ConfUtils.java:logGet(46)) - raft.server.rpc.request.timeout = 3000ms (default)
2024-05-09 06:25:14,807 [0b714aca-fc82-484b-9944-7b2ffbc45fbf-groupManagement] INFO  server.RaftServerConfigKeys (ConfUtils.java:logGet(46)) - raft.server.log.appender.install.snapshot.enabled = false (custom)
2024-05-09 06:25:14,807 [0b714aca-fc82-484b-9944-7b2ffbc45fbf-groupManagement] INFO  server.RaftServerConfigKeys (ConfUtils.java:logGet(46)) - raft.server.threadpool.server.cached = true (default)
2024-05-09 06:25:14,807 [0b714aca-fc82-484b-9944-7b2ffbc45fbf-groupManagement] INFO  server.RaftServerConfigKeys (ConfUtils.java:logGet(46)) - raft.server.threadpool.server.size = 0 (default)
2024-05-09 06:25:14,807 [0b714aca-fc82-484b-9944-7b2ffbc45fbf-groupManagement] INFO  server.RaftServerConfigKeys (ConfUtils.java:logGet(46)) - raft.server.threadpool.client.cached = true (default)
2024-05-09 06:25:14,807 [0b714aca-fc82-484b-9944-7b2ffbc45fbf-groupManagement] INFO  server.RaftServerConfigKeys (ConfUtils.java:logGet(46)) - raft.server.threadpool.client.size = 0 (default)
2024-05-09 06:25:14,807 [0b714aca-fc82-484b-9944-7b2ffbc45fbf-groupManagement] INFO  server.RaftServerConfigKeys (ConfUtils.java:logGet(46)) - raft.server.storage.free-space.min = 0MB (=0) (default)
2024-05-09 06:25:14,808 [0b714aca-fc82-484b-9944-7b2ffbc45fbf-groupManagement] INFO  server.RaftServerConfigKeys (ConfUtils.java:logGet(46)) - raft.server.log.corruption.policy = EXCEPTION (default)
2024-05-09 06:25:14,808 [0b714aca-fc82-484b-9944-7b2ffbc45fbf-groupManagement] INFO  server.RaftServerConfigKeys (ConfUtils.java:logGet(46)) - raft.server.storage.dir = [/home/runner/work/ozone/ozone/hadoop-ozone/integration-test/target/test-dir/MiniOzoneClusterImpl-48ce40b1-13f8-460b-b529-5aa00ab75c3e/ozone-meta/datanode-1/ratis] (custom)
2024-05-09 06:25:14,808 [0b714aca-fc82-484b-9944-7b2ffbc45fbf-groupManagement] INFO  storage.RaftStorageDirectory (RaftStorageDirectoryImpl.java:analyzeStorage(138)) - The storage directory /home/runner/work/ozone/ozone/hadoop-ozone/integration-test/target/test-dir/MiniOzoneClusterImpl-48ce40b1-13f8-460b-b529-5aa00ab75c3e/ozone-meta/datanode-1/ratis/7e59995b-eede-4113-9272-f8fd40352af2 does not exist. Creating ...
2024-05-09 06:25:14,809 [0b714aca-fc82-484b-9944-7b2ffbc45fbf-groupManagement] INFO  storage.RaftStorageDirectory (RaftStorageDirectoryImpl.java:tryLock(228)) - Lock on /home/runner/work/ozone/ozone/hadoop-ozone/integration-test/target/test-dir/MiniOzoneClusterImpl-48ce40b1-13f8-460b-b529-5aa00ab75c3e/ozone-meta/datanode-1/ratis/7e59995b-eede-4113-9272-f8fd40352af2/in_use.lock acquired by nodename 52187@fv-az737-206
2024-05-09 06:25:14,810 [0b714aca-fc82-484b-9944-7b2ffbc45fbf-groupManagement] INFO  storage.RaftStorage (RaftStorageImpl.java:format(99)) - Storage directory /home/runner/work/ozone/ozone/hadoop-ozone/integration-test/target/test-dir/MiniOzoneClusterImpl-48ce40b1-13f8-460b-b529-5aa00ab75c3e/ozone-meta/datanode-1/ratis/7e59995b-eede-4113-9272-f8fd40352af2 has been successfully formatted.
2024-05-09 06:25:14,810 [0b714aca-fc82-484b-9944-7b2ffbc45fbf-groupManagement] WARN  util.FileUtils (LogUtils.java:supplyAndLog(63)) - Failed to Files.newInputStream /home/runner/work/ozone/ozone/hadoop-ozone/integration-test/target/test-dir/MiniOzoneClusterImpl-48ce40b1-13f8-460b-b529-5aa00ab75c3e/ozone-meta/datanode-1/ratis/7e59995b-eede-4113-9272-f8fd40352af2/current/raft-meta.conf with options []: java.nio.file.NoSuchFileException: /home/runner/work/ozone/ozone/hadoop-ozone/integration-test/target/test-dir/MiniOzoneClusterImpl-48ce40b1-13f8-460b-b529-5aa00ab75c3e/ozone-meta/datanode-1/ratis/7e59995b-eede-4113-9272-f8fd40352af2/current/raft-meta.conf
2024-05-09 06:25:14,811 [0b714aca-fc82-484b-9944-7b2ffbc45fbf-groupManagement] INFO  ratis.ContainerStateMachine (ContainerStateMachine.java:loadSnapshot(287)) - group-F8FD40352AF2: The snapshot info is null. Setting the last applied index to:(t:0, i:~)
2024-05-09 06:25:14,811 [0b714aca-fc82-484b-9944-7b2ffbc45fbf-groupManagement] INFO  server.RaftServerConfigKeys (ConfUtils.java:logGet(46)) - raft.server.log.use.memory = false (default)
2024-05-09 06:25:14,811 [0b714aca-fc82-484b-9944-7b2ffbc45fbf-groupManagement] INFO  server.RaftServerConfigKeys (ConfUtils.java:logGet(46)) - raft.server.log.purge.gap = 1000000 (custom)
2024-05-09 06:25:14,811 [0b714aca-fc82-484b-9944-7b2ffbc45fbf-groupManagement] INFO  server.RaftServerConfigKeys (ConfUtils.java:logGet(46)) - raft.server.log.appender.buffer.byte-limit = 8388608 (custom)
2024-05-09 06:25:14,811 [0b714aca-fc82-484b-9944-7b2ffbc45fbf-groupManagement] INFO  server.RaftServerConfigKeys (ConfUtils.java:logGet(46)) - raft.server.log.statemachine.data.read.timeout = 1000ms (default)
2024-05-09 06:25:14,811 [0b714aca-fc82-484b-9944-7b2ffbc45fbf-groupManagement] INFO  server.RaftServerConfigKeys (ConfUtils.java:logGet(46)) - raft.server.log.purge.preservation.log.num = 0 (default)
2024-05-09 06:25:14,813 [EventQueue-PipelineReportForPipelineReportHandler] INFO  pipeline.PipelineReportHandler (PipelineReportHandler.java:processPipelineReport(136)) - Opened pipeline PipelineID=7e59995b-eede-4113-9272-f8fd40352af2
2024-05-09 06:25:14,814 [0b714aca-fc82-484b-9944-7b2ffbc45fbf-groupManagement] INFO  server.RaftServerConfigKeys (ConfUtils.java:logGet(46)) - raft.server.log.segment.size.max = 67108864 (custom)
2024-05-09 06:25:14,814 [0b714aca-fc82-484b-9944-7b2ffbc45fbf-groupManagement] INFO  server.RaftServerConfigKeys (ConfUtils.java:logGet(46)) - raft.server.log.segment.cache.num.max = 2 (custom)
2024-05-09 06:25:14,814 [0b714aca-fc82-484b-9944-7b2ffbc45fbf-groupManagement] INFO  server.RaftServerConfigKeys (ConfUtils.java:logGet(46)) - raft.server.log.segment.cache.size.max = 200MB (=209715200) (default)
2024-05-09 06:25:14,814 [0b714aca-fc82-484b-9944-7b2ffbc45fbf-groupManagement] INFO  server.RaftServerConfigKeys (ConfUtils.java:logGet(46)) - raft.server.log.appender.buffer.byte-limit = 8388608 (custom)
2024-05-09 06:25:14,814 [EventQueue-OpenPipelineForHealthyPipelineSafeModeRule] INFO  safemode.SCMSafeModeManager (HealthyPipelineSafeModeRule.java:process(140)) - SCM in safe mode. Healthy pipelines reported count is 0, required healthy pipeline reported count is 1
2024-05-09 06:25:14,814 [0b714aca-fc82-484b-9944-7b2ffbc45fbf-groupManagement] INFO  util.AwaitToRun (AwaitToRun.java:start(81)) - Thread[0b714aca-fc82-484b-9944-7b2ffbc45fbf@group-F8FD40352AF2-cacheEviction-AwaitToRun,5,main] started
2024-05-09 06:25:14,814 [0b714aca-fc82-484b-9944-7b2ffbc45fbf-groupManagement] INFO  segmented.SegmentedRaftLogWorker (SegmentedRaftLogWorker.java:<init>(182)) - new 0b714aca-fc82-484b-9944-7b2ffbc45fbf@group-F8FD40352AF2-SegmentedRaftLogWorker for RaftStorageImpl:Storage Directory /home/runner/work/ozone/ozone/hadoop-ozone/integration-test/target/test-dir/MiniOzoneClusterImpl-48ce40b1-13f8-460b-b529-5aa00ab75c3e/ozone-meta/datanode-1/ratis/7e59995b-eede-4113-9272-f8fd40352af2
2024-05-09 06:25:14,815 [0b714aca-fc82-484b-9944-7b2ffbc45fbf-groupManagement] INFO  server.RaftServerConfigKeys (ConfUtils.java:logGet(46)) - raft.server.log.queue.byte-limit = 4294967296 (custom)
2024-05-09 06:25:14,815 [0b714aca-fc82-484b-9944-7b2ffbc45fbf-groupManagement] INFO  server.RaftServerConfigKeys (ConfUtils.java:logGet(46)) - raft.server.log.queue.element-limit = 1024 (custom)
2024-05-09 06:25:14,815 [0b714aca-fc82-484b-9944-7b2ffbc45fbf-groupManagement] INFO  server.RaftServerConfigKeys (ConfUtils.java:logGet(46)) - raft.server.log.segment.size.max = 67108864 (custom)
2024-05-09 06:25:14,815 [0b714aca-fc82-484b-9944-7b2ffbc45fbf-groupManagement] INFO  server.RaftServerConfigKeys (ConfUtils.java:logGet(46)) - raft.server.log.preallocated.size = 4194304 (custom)
2024-05-09 06:25:14,815 [0b714aca-fc82-484b-9944-7b2ffbc45fbf-groupManagement] INFO  server.RaftServerConfigKeys (ConfUtils.java:logGet(46)) - raft.server.log.force.sync.num = 128 (default)
2024-05-09 06:25:14,815 [0b714aca-fc82-484b-9944-7b2ffbc45fbf-groupManagement] INFO  server.RaftServerConfigKeys (ConfUtils.java:logGet(46)) - raft.server.log.statemachine.data.sync = true (default)
2024-05-09 06:25:14,815 [0b714aca-fc82-484b-9944-7b2ffbc45fbf-groupManagement] INFO  server.RaftServerConfigKeys (ConfUtils.java:logGet(46)) - raft.server.log.statemachine.data.sync.timeout = 10s (default)
2024-05-09 06:25:14,815 [0b714aca-fc82-484b-9944-7b2ffbc45fbf-groupManagement] INFO  server.RaftServerConfigKeys (ConfUtils.java:logGet(46)) - raft.server.log.statemachine.data.sync.timeout.retry = 30 (custom)
2024-05-09 06:25:14,815 [0b714aca-fc82-484b-9944-7b2ffbc45fbf-groupManagement] INFO  server.RaftServerConfigKeys (ConfUtils.java:logGet(46)) - raft.server.log.write.buffer.size = 8388616 (custom)
2024-05-09 06:25:14,817 [0b714aca-fc82-484b-9944-7b2ffbc45fbf-groupManagement] INFO  server.RaftServerConfigKeys (ConfUtils.java:logGet(46)) - raft.server.log.appender.buffer.byte-limit = 8388608 (custom)
2024-05-09 06:25:14,817 [0b714aca-fc82-484b-9944-7b2ffbc45fbf-groupManagement] INFO  server.RaftServerConfigKeys (ConfUtils.java:logGet(46)) - raft.server.log.unsafe-flush.enabled = false (default)
2024-05-09 06:25:14,817 [0b714aca-fc82-484b-9944-7b2ffbc45fbf-groupManagement] INFO  server.RaftServerConfigKeys (ConfUtils.java:logGet(46)) - raft.server.log.async-flush.enabled = false (default)
2024-05-09 06:25:14,817 [0b714aca-fc82-484b-9944-7b2ffbc45fbf-groupManagement] INFO  server.RaftServerConfigKeys (ConfUtils.java:logGet(46)) - raft.server.log.statemachine.data.caching.enabled = true (custom)
2024-05-09 06:25:14,817 [0b714aca-fc82-484b-9944-7b2ffbc45fbf-groupManagement] INFO  segmented.SegmentedRaftLogWorker (SegmentedRaftLogWorker.java:lambda$new$0(134)) - 0b714aca-fc82-484b-9944-7b2ffbc45fbf@group-F8FD40352AF2-SegmentedRaftLogWorker: flushIndex: setUnconditionally 0 -> -1
2024-05-09 06:25:14,817 [0b714aca-fc82-484b-9944-7b2ffbc45fbf-groupManagement] INFO  segmented.SegmentedRaftLogWorker (SegmentedRaftLogWorker.java:lambda$new$0(134)) - 0b714aca-fc82-484b-9944-7b2ffbc45fbf@group-F8FD40352AF2-SegmentedRaftLogWorker: safeCacheEvictIndex: setUnconditionally 0 -> -1
2024-05-09 06:25:14,817 [0b714aca-fc82-484b-9944-7b2ffbc45fbf-groupManagement] INFO  server.RaftServer$Division (RaftServerImpl.java:start(396)) - 0b714aca-fc82-484b-9944-7b2ffbc45fbf@group-F8FD40352AF2: start as a follower, conf=-1: peers:[0b714aca-fc82-484b-9944-7b2ffbc45fbf|127.0.0.1:15067]|listeners:[], old=null
2024-05-09 06:25:14,818 [0b714aca-fc82-484b-9944-7b2ffbc45fbf-groupManagement] INFO  server.RaftServer$Division (RaftServerImpl.java:setRole(383)) - 0b714aca-fc82-484b-9944-7b2ffbc45fbf@group-F8FD40352AF2: changes role from      null to FOLLOWER at term 0 for startAsFollower
2024-05-09 06:25:14,818 [0b714aca-fc82-484b-9944-7b2ffbc45fbf-groupManagement] INFO  impl.RoleInfo (RoleInfo.java:updateAndGet(139)) - 0b714aca-fc82-484b-9944-7b2ffbc45fbf: start 0b714aca-fc82-484b-9944-7b2ffbc45fbf@group-F8FD40352AF2-FollowerState
2024-05-09 06:25:14,818 [0b714aca-fc82-484b-9944-7b2ffbc45fbf@group-F8FD40352AF2-FollowerState] INFO  server.RaftServerConfigKeys (ConfUtils.java:logFallback(53)) - raft.server.rpc.first-election.timeout.min = 5s (fallback to raft.server.rpc.timeout.min)
2024-05-09 06:25:14,818 [0b714aca-fc82-484b-9944-7b2ffbc45fbf@group-F8FD40352AF2-FollowerState] INFO  server.RaftServerConfigKeys (ConfUtils.java:logFallback(53)) - raft.server.rpc.first-election.timeout.max = 5200ms (fallback to raft.server.rpc.timeout.max)
2024-05-09 06:25:14,818 [0b714aca-fc82-484b-9944-7b2ffbc45fbf-groupManagement] INFO  util.JmxRegister (JmxRegister.java:tryRegister(44)) - Successfully registered JMX Bean with object name Ratis:service=RaftServer,group=group-F8FD40352AF2,id=0b714aca-fc82-484b-9944-7b2ffbc45fbf
2024-05-09 06:25:14,819 [0b714aca-fc82-484b-9944-7b2ffbc45fbf-groupManagement] INFO  server.RaftServerConfigKeys (ConfUtils.java:logGet(46)) - raft.server.snapshot.trigger-when-stop.enabled = true (default)
2024-05-09 06:25:14,819 [0b714aca-fc82-484b-9944-7b2ffbc45fbf-groupManagement] INFO  server.RaftServerConfigKeys (ConfUtils.java:logGet(46)) - raft.server.snapshot.auto.trigger.enabled = true (custom)
2024-05-09 06:25:14,819 [0b714aca-fc82-484b-9944-7b2ffbc45fbf-groupManagement] INFO  server.RaftServerConfigKeys (ConfUtils.java:logGet(46)) - raft.server.snapshot.auto.trigger.threshold = 10000 (custom)
2024-05-09 06:25:14,819 [0b714aca-fc82-484b-9944-7b2ffbc45fbf-groupManagement] INFO  server.RaftServerConfigKeys (ConfUtils.java:logGet(46)) - raft.server.snapshot.retention.file.num = 5 (custom)
2024-05-09 06:25:14,819 [0b714aca-fc82-484b-9944-7b2ffbc45fbf-groupManagement] INFO  server.RaftServerConfigKeys (ConfUtils.java:logGet(46)) - raft.server.log.purge.upto.snapshot.index = false (default)
2024-05-09 06:25:14,820 [0b714aca-fc82-484b-9944-7b2ffbc45fbf-PipelineCommandHandlerThread-0] INFO  ratis.XceiverServerRatis (XceiverServerRatis.java:addGroup(864)) - Created group PipelineID=7e59995b-eede-4113-9272-f8fd40352af2
2024-05-09 06:25:14,820 [0b714aca-fc82-484b-9944-7b2ffbc45fbf-PipelineCommandHandlerThread-0] INFO  commandhandler.CreatePipelineCommandHandler (CreatePipelineCommandHandler.java:lambda$handle$2(124)) - Created Pipeline RATIS ONE PipelineID=7e59995b-eede-4113-9272-f8fd40352af2.
2024-05-09 06:25:14,821 [0b714aca-fc82-484b-9944-7b2ffbc45fbf-PipelineCommandHandlerThread-0] INFO  server.RaftServer (RaftServerProxy.java:addNew(100)) - 0b714aca-fc82-484b-9944-7b2ffbc45fbf: addNew group-711D46114548:[0b714aca-fc82-484b-9944-7b2ffbc45fbf|127.0.0.1:15067, 528b4752-3c7b-4991-99e9-89ee621f29a5|127.0.0.1:15085, 5b847746-75e9-42bf-94b1-858a537db9cd|127.0.0.1:15076] returns group-711D46114548:java.util.concurrent.CompletableFuture@13907428[Not completed]
2024-05-09 06:25:14,822 [0b714aca-fc82-484b-9944-7b2ffbc45fbf-groupManagement] INFO  server.RaftServer$Division (RaftServerImpl.java:<init>(256)) - 0b714aca-fc82-484b-9944-7b2ffbc45fbf: new RaftServerImpl for group-711D46114548:[0b714aca-fc82-484b-9944-7b2ffbc45fbf|127.0.0.1:15067, 528b4752-3c7b-4991-99e9-89ee621f29a5|127.0.0.1:15085, 5b847746-75e9-42bf-94b1-858a537db9cd|127.0.0.1:15076] with ContainerStateMachine:uninitialized
2024-05-09 06:25:14,822 [0b714aca-fc82-484b-9944-7b2ffbc45fbf-groupManagement] INFO  server.RaftServerConfigKeys (ConfUtils.java:logGet(46)) - raft.server.rpc.timeout.min = 5s (custom)
2024-05-09 06:25:14,822 [0b714aca-fc82-484b-9944-7b2ffbc45fbf-groupManagement] INFO  server.RaftServerConfigKeys (ConfUtils.java:logGet(46)) - raft.server.rpc.timeout.max = 5200ms (custom)
2024-05-09 06:25:14,822 [0b714aca-fc82-484b-9944-7b2ffbc45fbf-groupManagement] INFO  server.RaftServerConfigKeys (ConfUtils.java:logGet(46)) - raft.server.rpc.sleep.time = 25ms (default)
2024-05-09 06:25:14,822 [0b714aca-fc82-484b-9944-7b2ffbc45fbf-groupManagement] INFO  server.RaftServerConfigKeys (ConfUtils.java:logGet(46)) - raft.server.rpc.slowness.timeout = 300000ms (custom)
2024-05-09 06:25:14,822 [0b714aca-fc82-484b-9944-7b2ffbc45fbf-groupManagement] INFO  server.RaftServerConfigKeys (ConfUtils.java:logGet(46)) - raft.server.leaderelection.leader.step-down.wait-time = 10s (default)
2024-05-09 06:25:14,822 [0b714aca-fc82-484b-9944-7b2ffbc45fbf-groupManagement] INFO  server.RaftServerConfigKeys (ConfUtils.java:logGet(46)) - raft.server.leaderelection.member.majority-add = false (default)
2024-05-09 06:25:14,822 [0b714aca-fc82-484b-9944-7b2ffbc45fbf-groupManagement] INFO  server.RaftServerConfigKeys (ConfUtils.java:logGet(46)) - raft.server.sleep.deviation.threshold = 300ms (default)
2024-05-09 06:25:14,822 [0b714aca-fc82-484b-9944-7b2ffbc45fbf-groupManagement] INFO  server.RaftServer$Division (ServerState.java:<init>(113)) - 0b714aca-fc82-484b-9944-7b2ffbc45fbf@group-711D46114548: ConfigurationManager, init=-1: peers:[0b714aca-fc82-484b-9944-7b2ffbc45fbf|127.0.0.1:15067, 528b4752-3c7b-4991-99e9-89ee621f29a5|127.0.0.1:15085, 5b847746-75e9-42bf-94b1-858a537db9cd|127.0.0.1:15076]|listeners:[], old=null, confs=<EMPTY_MAP>
2024-05-09 06:25:14,822 [0b714aca-fc82-484b-9944-7b2ffbc45fbf-groupManagement] INFO  server.RaftServerConfigKeys (ConfUtils.java:logGet(46)) - raft.server.notification.no-leader.timeout = 300000ms (custom)
2024-05-09 06:25:14,823 [0b714aca-fc82-484b-9944-7b2ffbc45fbf-groupManagement] INFO  server.RaftServerConfigKeys (ConfUtils.java:logGet(46)) - raft.server.read.timeout = 10s (default)
2024-05-09 06:25:14,823 [0b714aca-fc82-484b-9944-7b2ffbc45fbf-groupManagement] INFO  server.RaftServerConfigKeys (ConfUtils.java:logGet(46)) - raft.server.retrycache.expirytime = 600000ms (custom)
2024-05-09 06:25:14,823 [0b714aca-fc82-484b-9944-7b2ffbc45fbf-groupManagement] INFO  server.RaftServerConfigKeys (ConfUtils.java:logGet(46)) - raft.server.retrycache.statistics.expirytime = 100ms (default)
2024-05-09 06:25:14,823 [0b714aca-fc82-484b-9944-7b2ffbc45fbf-groupManagement] INFO  server.RaftServerConfigKeys (ConfUtils.java:logGet(46)) - raft.server.read.option = DEFAULT (default)
2024-05-09 06:25:14,823 [0b714aca-fc82-484b-9944-7b2ffbc45fbf-groupManagement] INFO  server.RaftServerConfigKeys (ConfUtils.java:logGet(46)) - raft.server.read.read-after-write-consistent.write-index-cache.expiry-time = 60s (default)
2024-05-09 06:25:14,825 [0b714aca-fc82-484b-9944-7b2ffbc45fbf-groupManagement] INFO  server.RaftServerConfigKeys (ConfUtils.java:logGet(46)) - raft.server.rpc.request.timeout = 3000ms (default)
2024-05-09 06:25:14,825 [0b714aca-fc82-484b-9944-7b2ffbc45fbf-groupManagement] INFO  server.RaftServerConfigKeys (ConfUtils.java:logGet(46)) - raft.server.log.appender.install.snapshot.enabled = false (custom)
2024-05-09 06:25:14,825 [0b714aca-fc82-484b-9944-7b2ffbc45fbf-groupManagement] INFO  server.RaftServerConfigKeys (ConfUtils.java:logGet(46)) - raft.server.threadpool.server.cached = true (default)
2024-05-09 06:25:14,825 [0b714aca-fc82-484b-9944-7b2ffbc45fbf-groupManagement] INFO  server.RaftServerConfigKeys (ConfUtils.java:logGet(46)) - raft.server.threadpool.server.size = 0 (default)
2024-05-09 06:25:14,825 [0b714aca-fc82-484b-9944-7b2ffbc45fbf-groupManagement] INFO  server.RaftServerConfigKeys (ConfUtils.java:logGet(46)) - raft.server.threadpool.client.cached = true (default)
2024-05-09 06:25:14,825 [0b714aca-fc82-484b-9944-7b2ffbc45fbf-groupManagement] INFO  server.RaftServerConfigKeys (ConfUtils.java:logGet(46)) - raft.server.threadpool.client.size = 0 (default)
2024-05-09 06:25:14,826 [0b714aca-fc82-484b-9944-7b2ffbc45fbf-groupManagement] INFO  server.RaftServerConfigKeys (ConfUtils.java:logGet(46)) - raft.server.storage.free-space.min = 0MB (=0) (default)
2024-05-09 06:25:14,826 [0b714aca-fc82-484b-9944-7b2ffbc45fbf-groupManagement] INFO  server.RaftServerConfigKeys (ConfUtils.java:logGet(46)) - raft.server.log.corruption.policy = EXCEPTION (default)
2024-05-09 06:25:14,826 [0b714aca-fc82-484b-9944-7b2ffbc45fbf-groupManagement] INFO  server.RaftServerConfigKeys (ConfUtils.java:logGet(46)) - raft.server.storage.dir = [/home/runner/work/ozone/ozone/hadoop-ozone/integration-test/target/test-dir/MiniOzoneClusterImpl-48ce40b1-13f8-460b-b529-5aa00ab75c3e/ozone-meta/datanode-1/ratis] (custom)
2024-05-09 06:25:14,826 [0b714aca-fc82-484b-9944-7b2ffbc45fbf-groupManagement] INFO  storage.RaftStorageDirectory (RaftStorageDirectoryImpl.java:analyzeStorage(138)) - The storage directory /home/runner/work/ozone/ozone/hadoop-ozone/integration-test/target/test-dir/MiniOzoneClusterImpl-48ce40b1-13f8-460b-b529-5aa00ab75c3e/ozone-meta/datanode-1/ratis/876e6361-94bf-493c-a223-711d46114548 does not exist. Creating ...
2024-05-09 06:25:14,827 [0b714aca-fc82-484b-9944-7b2ffbc45fbf-groupManagement] INFO  storage.RaftStorageDirectory (RaftStorageDirectoryImpl.java:tryLock(228)) - Lock on /home/runner/work/ozone/ozone/hadoop-ozone/integration-test/target/test-dir/MiniOzoneClusterImpl-48ce40b1-13f8-460b-b529-5aa00ab75c3e/ozone-meta/datanode-1/ratis/876e6361-94bf-493c-a223-711d46114548/in_use.lock acquired by nodename 52187@fv-az737-206
2024-05-09 06:25:14,828 [0b714aca-fc82-484b-9944-7b2ffbc45fbf-groupManagement] INFO  storage.RaftStorage (RaftStorageImpl.java:format(99)) - Storage directory /home/runner/work/ozone/ozone/hadoop-ozone/integration-test/target/test-dir/MiniOzoneClusterImpl-48ce40b1-13f8-460b-b529-5aa00ab75c3e/ozone-meta/datanode-1/ratis/876e6361-94bf-493c-a223-711d46114548 has been successfully formatted.
2024-05-09 06:25:14,828 [0b714aca-fc82-484b-9944-7b2ffbc45fbf-groupManagement] WARN  util.FileUtils (LogUtils.java:supplyAndLog(63)) - Failed to Files.newInputStream /home/runner/work/ozone/ozone/hadoop-ozone/integration-test/target/test-dir/MiniOzoneClusterImpl-48ce40b1-13f8-460b-b529-5aa00ab75c3e/ozone-meta/datanode-1/ratis/876e6361-94bf-493c-a223-711d46114548/current/raft-meta.conf with options []: java.nio.file.NoSuchFileException: /home/runner/work/ozone/ozone/hadoop-ozone/integration-test/target/test-dir/MiniOzoneClusterImpl-48ce40b1-13f8-460b-b529-5aa00ab75c3e/ozone-meta/datanode-1/ratis/876e6361-94bf-493c-a223-711d46114548/current/raft-meta.conf
2024-05-09 06:25:14,829 [0b714aca-fc82-484b-9944-7b2ffbc45fbf-groupManagement] INFO  ratis.ContainerStateMachine (ContainerStateMachine.java:loadSnapshot(287)) - group-711D46114548: The snapshot info is null. Setting the last applied index to:(t:0, i:~)
2024-05-09 06:25:14,829 [0b714aca-fc82-484b-9944-7b2ffbc45fbf-groupManagement] INFO  server.RaftServerConfigKeys (ConfUtils.java:logGet(46)) - raft.server.log.use.memory = false (default)
2024-05-09 06:25:14,830 [0b714aca-fc82-484b-9944-7b2ffbc45fbf-groupManagement] INFO  server.RaftServerConfigKeys (ConfUtils.java:logGet(46)) - raft.server.log.purge.gap = 1000000 (custom)
2024-05-09 06:25:14,830 [0b714aca-fc82-484b-9944-7b2ffbc45fbf-groupManagement] INFO  server.RaftServerConfigKeys (ConfUtils.java:logGet(46)) - raft.server.log.appender.buffer.byte-limit = 8388608 (custom)
2024-05-09 06:25:14,830 [0b714aca-fc82-484b-9944-7b2ffbc45fbf-groupManagement] INFO  server.RaftServerConfigKeys (ConfUtils.java:logGet(46)) - raft.server.log.statemachine.data.read.timeout = 1000ms (default)
2024-05-09 06:25:14,830 [0b714aca-fc82-484b-9944-7b2ffbc45fbf-groupManagement] INFO  server.RaftServerConfigKeys (ConfUtils.java:logGet(46)) - raft.server.log.purge.preservation.log.num = 0 (default)
2024-05-09 06:25:14,830 [EventQueue-OpenPipelineForHealthyPipelineSafeModeRule] INFO  safemode.SCMSafeModeManager (HealthyPipelineSafeModeRule.java:process(140)) - SCM in safe mode. Healthy pipelines reported count is 0, required healthy pipeline reported count is 1
2024-05-09 06:25:14,832 [0b714aca-fc82-484b-9944-7b2ffbc45fbf-groupManagement] INFO  server.RaftServerConfigKeys (ConfUtils.java:logGet(46)) - raft.server.log.segment.size.max = 67108864 (custom)
2024-05-09 06:25:14,832 [0b714aca-fc82-484b-9944-7b2ffbc45fbf-groupManagement] INFO  server.RaftServerConfigKeys (ConfUtils.java:logGet(46)) - raft.server.log.segment.cache.num.max = 2 (custom)
2024-05-09 06:25:14,832 [0b714aca-fc82-484b-9944-7b2ffbc45fbf-groupManagement] INFO  server.RaftServerConfigKeys (ConfUtils.java:logGet(46)) - raft.server.log.segment.cache.size.max = 200MB (=209715200) (default)
2024-05-09 06:25:14,832 [0b714aca-fc82-484b-9944-7b2ffbc45fbf-groupManagement] INFO  server.RaftServerConfigKeys (ConfUtils.java:logGet(46)) - raft.server.log.appender.buffer.byte-limit = 8388608 (custom)
2024-05-09 06:25:14,833 [0b714aca-fc82-484b-9944-7b2ffbc45fbf-groupManagement] INFO  util.AwaitToRun (AwaitToRun.java:start(81)) - Thread[0b714aca-fc82-484b-9944-7b2ffbc45fbf@group-711D46114548-cacheEviction-AwaitToRun,5,main] started
2024-05-09 06:25:14,833 [0b714aca-fc82-484b-9944-7b2ffbc45fbf-groupManagement] INFO  segmented.SegmentedRaftLogWorker (SegmentedRaftLogWorker.java:<init>(182)) - new 0b714aca-fc82-484b-9944-7b2ffbc45fbf@group-711D46114548-SegmentedRaftLogWorker for RaftStorageImpl:Storage Directory /home/runner/work/ozone/ozone/hadoop-ozone/integration-test/target/test-dir/MiniOzoneClusterImpl-48ce40b1-13f8-460b-b529-5aa00ab75c3e/ozone-meta/datanode-1/ratis/876e6361-94bf-493c-a223-711d46114548
2024-05-09 06:25:14,833 [0b714aca-fc82-484b-9944-7b2ffbc45fbf-groupManagement] INFO  server.RaftServerConfigKeys (ConfUtils.java:logGet(46)) - raft.server.log.queue.byte-limit = 4294967296 (custom)
2024-05-09 06:25:14,833 [0b714aca-fc82-484b-9944-7b2ffbc45fbf-groupManagement] INFO  server.RaftServerConfigKeys (ConfUtils.java:logGet(46)) - raft.server.log.queue.element-limit = 1024 (custom)
2024-05-09 06:25:14,833 [0b714aca-fc82-484b-9944-7b2ffbc45fbf-groupManagement] INFO  server.RaftServerConfigKeys (ConfUtils.java:logGet(46)) - raft.server.log.segment.size.max = 67108864 (custom)
2024-05-09 06:25:14,833 [0b714aca-fc82-484b-9944-7b2ffbc45fbf-groupManagement] INFO  server.RaftServerConfigKeys (ConfUtils.java:logGet(46)) - raft.server.log.preallocated.size = 4194304 (custom)
2024-05-09 06:25:14,833 [0b714aca-fc82-484b-9944-7b2ffbc45fbf-groupManagement] INFO  server.RaftServerConfigKeys (ConfUtils.java:logGet(46)) - raft.server.log.force.sync.num = 128 (default)
2024-05-09 06:25:14,833 [0b714aca-fc82-484b-9944-7b2ffbc45fbf-groupManagement] INFO  server.RaftServerConfigKeys (ConfUtils.java:logGet(46)) - raft.server.log.statemachine.data.sync = true (default)
2024-05-09 06:25:14,833 [0b714aca-fc82-484b-9944-7b2ffbc45fbf-groupManagement] INFO  server.RaftServerConfigKeys (ConfUtils.java:logGet(46)) - raft.server.log.statemachine.data.sync.timeout = 10s (default)
2024-05-09 06:25:14,833 [0b714aca-fc82-484b-9944-7b2ffbc45fbf-groupManagement] INFO  server.RaftServerConfigKeys (ConfUtils.java:logGet(46)) - raft.server.log.statemachine.data.sync.timeout.retry = 30 (custom)
2024-05-09 06:25:14,834 [0b714aca-fc82-484b-9944-7b2ffbc45fbf-groupManagement] INFO  server.RaftServerConfigKeys (ConfUtils.java:logGet(46)) - raft.server.log.write.buffer.size = 8388616 (custom)
2024-05-09 06:25:14,835 [0b714aca-fc82-484b-9944-7b2ffbc45fbf-groupManagement] INFO  server.RaftServerConfigKeys (ConfUtils.java:logGet(46)) - raft.server.log.appender.buffer.byte-limit = 8388608 (custom)
2024-05-09 06:25:14,835 [0b714aca-fc82-484b-9944-7b2ffbc45fbf-groupManagement] INFO  server.RaftServerConfigKeys (ConfUtils.java:logGet(46)) - raft.server.log.unsafe-flush.enabled = false (default)
2024-05-09 06:25:14,835 [0b714aca-fc82-484b-9944-7b2ffbc45fbf-groupManagement] INFO  server.RaftServerConfigKeys (ConfUtils.java:logGet(46)) - raft.server.log.async-flush.enabled = false (default)
2024-05-09 06:25:14,835 [0b714aca-fc82-484b-9944-7b2ffbc45fbf-groupManagement] INFO  server.RaftServerConfigKeys (ConfUtils.java:logGet(46)) - raft.server.log.statemachine.data.caching.enabled = true (custom)
2024-05-09 06:25:14,835 [0b714aca-fc82-484b-9944-7b2ffbc45fbf-groupManagement] INFO  segmented.SegmentedRaftLogWorker (SegmentedRaftLogWorker.java:lambda$new$0(134)) - 0b714aca-fc82-484b-9944-7b2ffbc45fbf@group-711D46114548-SegmentedRaftLogWorker: flushIndex: setUnconditionally 0 -> -1
2024-05-09 06:25:14,835 [0b714aca-fc82-484b-9944-7b2ffbc45fbf-groupManagement] INFO  segmented.SegmentedRaftLogWorker (SegmentedRaftLogWorker.java:lambda$new$0(134)) - 0b714aca-fc82-484b-9944-7b2ffbc45fbf@group-711D46114548-SegmentedRaftLogWorker: safeCacheEvictIndex: setUnconditionally 0 -> -1
2024-05-09 06:25:14,836 [0b714aca-fc82-484b-9944-7b2ffbc45fbf-groupManagement] INFO  server.RaftServer$Division (RaftServerImpl.java:start(396)) - 0b714aca-fc82-484b-9944-7b2ffbc45fbf@group-711D46114548: start as a follower, conf=-1: peers:[0b714aca-fc82-484b-9944-7b2ffbc45fbf|127.0.0.1:15067, 528b4752-3c7b-4991-99e9-89ee621f29a5|127.0.0.1:15085, 5b847746-75e9-42bf-94b1-858a537db9cd|127.0.0.1:15076]|listeners:[], old=null
2024-05-09 06:25:14,836 [0b714aca-fc82-484b-9944-7b2ffbc45fbf-groupManagement] INFO  server.RaftServer$Division (RaftServerImpl.java:setRole(383)) - 0b714aca-fc82-484b-9944-7b2ffbc45fbf@group-711D46114548: changes role from      null to FOLLOWER at term 0 for startAsFollower
2024-05-09 06:25:14,836 [0b714aca-fc82-484b-9944-7b2ffbc45fbf-groupManagement] INFO  impl.RoleInfo (RoleInfo.java:updateAndGet(139)) - 0b714aca-fc82-484b-9944-7b2ffbc45fbf: start 0b714aca-fc82-484b-9944-7b2ffbc45fbf@group-711D46114548-FollowerState
2024-05-09 06:25:14,836 [0b714aca-fc82-484b-9944-7b2ffbc45fbf@group-711D46114548-FollowerState] INFO  server.RaftServerConfigKeys (ConfUtils.java:logFallback(53)) - raft.server.rpc.first-election.timeout.min = 5s (fallback to raft.server.rpc.timeout.min)
2024-05-09 06:25:14,836 [0b714aca-fc82-484b-9944-7b2ffbc45fbf@group-711D46114548-FollowerState] INFO  server.RaftServerConfigKeys (ConfUtils.java:logFallback(53)) - raft.server.rpc.first-election.timeout.max = 5200ms (fallback to raft.server.rpc.timeout.max)
2024-05-09 06:25:14,836 [0b714aca-fc82-484b-9944-7b2ffbc45fbf-groupManagement] INFO  util.JmxRegister (JmxRegister.java:tryRegister(44)) - Successfully registered JMX Bean with object name Ratis:service=RaftServer,group=group-711D46114548,id=0b714aca-fc82-484b-9944-7b2ffbc45fbf
2024-05-09 06:25:14,836 [0b714aca-fc82-484b-9944-7b2ffbc45fbf-groupManagement] INFO  server.RaftServerConfigKeys (ConfUtils.java:logGet(46)) - raft.server.snapshot.trigger-when-stop.enabled = true (default)
2024-05-09 06:25:14,836 [0b714aca-fc82-484b-9944-7b2ffbc45fbf-groupManagement] INFO  server.RaftServerConfigKeys (ConfUtils.java:logGet(46)) - raft.server.snapshot.auto.trigger.enabled = true (custom)
2024-05-09 06:25:14,836 [0b714aca-fc82-484b-9944-7b2ffbc45fbf-groupManagement] INFO  server.RaftServerConfigKeys (ConfUtils.java:logGet(46)) - raft.server.snapshot.auto.trigger.threshold = 10000 (custom)
2024-05-09 06:25:14,836 [0b714aca-fc82-484b-9944-7b2ffbc45fbf-groupManagement] INFO  server.RaftServerConfigKeys (ConfUtils.java:logGet(46)) - raft.server.snapshot.retention.file.num = 5 (custom)
2024-05-09 06:25:14,836 [0b714aca-fc82-484b-9944-7b2ffbc45fbf-groupManagement] INFO  server.RaftServerConfigKeys (ConfUtils.java:logGet(46)) - raft.server.log.purge.upto.snapshot.index = false (default)
2024-05-09 06:25:14,837 [0b714aca-fc82-484b-9944-7b2ffbc45fbf-PipelineCommandHandlerThread-0] INFO  ratis.XceiverServerRatis (XceiverServerRatis.java:addGroup(864)) - Created group PipelineID=876e6361-94bf-493c-a223-711d46114548
2024-05-09 06:25:14,845 [grpc-default-executor-0] INFO  server.RaftServer (RaftServerProxy.java:addNew(100)) - 528b4752-3c7b-4991-99e9-89ee621f29a5: addNew group-711D46114548:[0b714aca-fc82-484b-9944-7b2ffbc45fbf|127.0.0.1:15067, 528b4752-3c7b-4991-99e9-89ee621f29a5|127.0.0.1:15085, 5b847746-75e9-42bf-94b1-858a537db9cd|127.0.0.1:15076] returns group-711D46114548:java.util.concurrent.CompletableFuture@415abc23[Not completed]
2024-05-09 06:25:14,846 [528b4752-3c7b-4991-99e9-89ee621f29a5-groupManagement] INFO  server.RaftServer$Division (RaftServerImpl.java:<init>(256)) - 528b4752-3c7b-4991-99e9-89ee621f29a5: new RaftServerImpl for group-711D46114548:[0b714aca-fc82-484b-9944-7b2ffbc45fbf|127.0.0.1:15067, 528b4752-3c7b-4991-99e9-89ee621f29a5|127.0.0.1:15085, 5b847746-75e9-42bf-94b1-858a537db9cd|127.0.0.1:15076] with ContainerStateMachine:uninitialized
2024-05-09 06:25:14,846 [528b4752-3c7b-4991-99e9-89ee621f29a5-groupManagement] INFO  server.RaftServerConfigKeys (ConfUtils.java:logGet(46)) - raft.server.rpc.timeout.min = 5s (custom)
2024-05-09 06:25:14,846 [528b4752-3c7b-4991-99e9-89ee621f29a5-groupManagement] INFO  server.RaftServerConfigKeys (ConfUtils.java:logGet(46)) - raft.server.rpc.timeout.max = 5200ms (custom)
2024-05-09 06:25:14,846 [528b4752-3c7b-4991-99e9-89ee621f29a5-groupManagement] INFO  server.RaftServerConfigKeys (ConfUtils.java:logGet(46)) - raft.server.rpc.sleep.time = 25ms (default)
2024-05-09 06:25:14,846 [528b4752-3c7b-4991-99e9-89ee621f29a5-groupManagement] INFO  server.RaftServerConfigKeys (ConfUtils.java:logGet(46)) - raft.server.rpc.slowness.timeout = 300000ms (custom)
2024-05-09 06:25:14,846 [528b4752-3c7b-4991-99e9-89ee621f29a5-groupManagement] INFO  server.RaftServerConfigKeys (ConfUtils.java:logGet(46)) - raft.server.leaderelection.leader.step-down.wait-time = 10s (default)
2024-05-09 06:25:14,846 [528b4752-3c7b-4991-99e9-89ee621f29a5-groupManagement] INFO  server.RaftServerConfigKeys (ConfUtils.java:logGet(46)) - raft.server.leaderelection.member.majority-add = false (default)
2024-05-09 06:25:14,846 [528b4752-3c7b-4991-99e9-89ee621f29a5-groupManagement] INFO  server.RaftServerConfigKeys (ConfUtils.java:logGet(46)) - raft.server.sleep.deviation.threshold = 300ms (default)
2024-05-09 06:25:14,847 [528b4752-3c7b-4991-99e9-89ee621f29a5-groupManagement] INFO  server.RaftServer$Division (ServerState.java:<init>(113)) - 528b4752-3c7b-4991-99e9-89ee621f29a5@group-711D46114548: ConfigurationManager, init=-1: peers:[0b714aca-fc82-484b-9944-7b2ffbc45fbf|127.0.0.1:15067, 528b4752-3c7b-4991-99e9-89ee621f29a5|127.0.0.1:15085, 5b847746-75e9-42bf-94b1-858a537db9cd|127.0.0.1:15076]|listeners:[], old=null, confs=<EMPTY_MAP>
2024-05-09 06:25:14,847 [528b4752-3c7b-4991-99e9-89ee621f29a5-groupManagement] INFO  server.RaftServerConfigKeys (ConfUtils.java:logGet(46)) - raft.server.notification.no-leader.timeout = 300000ms (custom)
2024-05-09 06:25:14,847 [528b4752-3c7b-4991-99e9-89ee621f29a5-groupManagement] INFO  server.RaftServerConfigKeys (ConfUtils.java:logGet(46)) - raft.server.read.timeout = 10s (default)
2024-05-09 06:25:14,847 [528b4752-3c7b-4991-99e9-89ee621f29a5-groupManagement] INFO  server.RaftServerConfigKeys (ConfUtils.java:logGet(46)) - raft.server.retrycache.expirytime = 600000ms (custom)
2024-05-09 06:25:14,847 [528b4752-3c7b-4991-99e9-89ee621f29a5-groupManagement] INFO  server.RaftServerConfigKeys (ConfUtils.java:logGet(46)) - raft.server.retrycache.statistics.expirytime = 100ms (default)
2024-05-09 06:25:14,847 [528b4752-3c7b-4991-99e9-89ee621f29a5-groupManagement] INFO  server.RaftServerConfigKeys (ConfUtils.java:logGet(46)) - raft.server.read.option = DEFAULT (default)
2024-05-09 06:25:14,847 [528b4752-3c7b-4991-99e9-89ee621f29a5-groupManagement] INFO  server.RaftServerConfigKeys (ConfUtils.java:logGet(46)) - raft.server.read.read-after-write-consistent.write-index-cache.expiry-time = 60s (default)
2024-05-09 06:25:14,850 [528b4752-3c7b-4991-99e9-89ee621f29a5-groupManagement] INFO  server.RaftServerConfigKeys (ConfUtils.java:logGet(46)) - raft.server.rpc.request.timeout = 3000ms (default)
2024-05-09 06:25:14,850 [528b4752-3c7b-4991-99e9-89ee621f29a5-groupManagement] INFO  server.RaftServerConfigKeys (ConfUtils.java:logGet(46)) - raft.server.log.appender.install.snapshot.enabled = false (custom)
2024-05-09 06:25:14,850 [528b4752-3c7b-4991-99e9-89ee621f29a5-groupManagement] INFO  server.RaftServerConfigKeys (ConfUtils.java:logGet(46)) - raft.server.threadpool.server.cached = true (default)
2024-05-09 06:25:14,850 [528b4752-3c7b-4991-99e9-89ee621f29a5-groupManagement] INFO  server.RaftServerConfigKeys (ConfUtils.java:logGet(46)) - raft.server.threadpool.server.size = 0 (default)
2024-05-09 06:25:14,850 [528b4752-3c7b-4991-99e9-89ee621f29a5-groupManagement] INFO  server.RaftServerConfigKeys (ConfUtils.java:logGet(46)) - raft.server.threadpool.client.cached = true (default)
2024-05-09 06:25:14,850 [528b4752-3c7b-4991-99e9-89ee621f29a5-groupManagement] INFO  server.RaftServerConfigKeys (ConfUtils.java:logGet(46)) - raft.server.threadpool.client.size = 0 (default)
2024-05-09 06:25:14,850 [528b4752-3c7b-4991-99e9-89ee621f29a5-groupManagement] INFO  server.RaftServerConfigKeys (ConfUtils.java:logGet(46)) - raft.server.storage.free-space.min = 0MB (=0) (default)
2024-05-09 06:25:14,850 [528b4752-3c7b-4991-99e9-89ee621f29a5-groupManagement] INFO  server.RaftServerConfigKeys (ConfUtils.java:logGet(46)) - raft.server.log.corruption.policy = EXCEPTION (default)
2024-05-09 06:25:14,850 [528b4752-3c7b-4991-99e9-89ee621f29a5-groupManagement] INFO  server.RaftServerConfigKeys (ConfUtils.java:logGet(46)) - raft.server.storage.dir = [/home/runner/work/ozone/ozone/hadoop-ozone/integration-test/target/test-dir/MiniOzoneClusterImpl-48ce40b1-13f8-460b-b529-5aa00ab75c3e/ozone-meta/datanode-3/ratis] (custom)
2024-05-09 06:25:14,850 [528b4752-3c7b-4991-99e9-89ee621f29a5-groupManagement] INFO  storage.RaftStorageDirectory (RaftStorageDirectoryImpl.java:analyzeStorage(138)) - The storage directory /home/runner/work/ozone/ozone/hadoop-ozone/integration-test/target/test-dir/MiniOzoneClusterImpl-48ce40b1-13f8-460b-b529-5aa00ab75c3e/ozone-meta/datanode-3/ratis/876e6361-94bf-493c-a223-711d46114548 does not exist. Creating ...
2024-05-09 06:25:14,851 [528b4752-3c7b-4991-99e9-89ee621f29a5-groupManagement] INFO  storage.RaftStorageDirectory (RaftStorageDirectoryImpl.java:tryLock(228)) - Lock on /home/runner/work/ozone/ozone/hadoop-ozone/integration-test/target/test-dir/MiniOzoneClusterImpl-48ce40b1-13f8-460b-b529-5aa00ab75c3e/ozone-meta/datanode-3/ratis/876e6361-94bf-493c-a223-711d46114548/in_use.lock acquired by nodename 52187@fv-az737-206
2024-05-09 06:25:14,852 [528b4752-3c7b-4991-99e9-89ee621f29a5-groupManagement] INFO  storage.RaftStorage (RaftStorageImpl.java:format(99)) - Storage directory /home/runner/work/ozone/ozone/hadoop-ozone/integration-test/target/test-dir/MiniOzoneClusterImpl-48ce40b1-13f8-460b-b529-5aa00ab75c3e/ozone-meta/datanode-3/ratis/876e6361-94bf-493c-a223-711d46114548 has been successfully formatted.
2024-05-09 06:25:14,853 [528b4752-3c7b-4991-99e9-89ee621f29a5-groupManagement] WARN  util.FileUtils (LogUtils.java:supplyAndLog(63)) - Failed to Files.newInputStream /home/runner/work/ozone/ozone/hadoop-ozone/integration-test/target/test-dir/MiniOzoneClusterImpl-48ce40b1-13f8-460b-b529-5aa00ab75c3e/ozone-meta/datanode-3/ratis/876e6361-94bf-493c-a223-711d46114548/current/raft-meta.conf with options []: java.nio.file.NoSuchFileException: /home/runner/work/ozone/ozone/hadoop-ozone/integration-test/target/test-dir/MiniOzoneClusterImpl-48ce40b1-13f8-460b-b529-5aa00ab75c3e/ozone-meta/datanode-3/ratis/876e6361-94bf-493c-a223-711d46114548/current/raft-meta.conf
2024-05-09 06:25:14,853 [528b4752-3c7b-4991-99e9-89ee621f29a5-groupManagement] INFO  ratis.ContainerStateMachine (ContainerStateMachine.java:loadSnapshot(287)) - group-711D46114548: The snapshot info is null. Setting the last applied index to:(t:0, i:~)
2024-05-09 06:25:14,853 [528b4752-3c7b-4991-99e9-89ee621f29a5-groupManagement] INFO  server.RaftServerConfigKeys (ConfUtils.java:logGet(46)) - raft.server.log.use.memory = false (default)
2024-05-09 06:25:14,853 [528b4752-3c7b-4991-99e9-89ee621f29a5-groupManagement] INFO  server.RaftServerConfigKeys (ConfUtils.java:logGet(46)) - raft.server.log.purge.gap = 1000000 (custom)
2024-05-09 06:25:14,853 [528b4752-3c7b-4991-99e9-89ee621f29a5-groupManagement] INFO  server.RaftServerConfigKeys (ConfUtils.java:logGet(46)) - raft.server.log.appender.buffer.byte-limit = 8388608 (custom)
2024-05-09 06:25:14,853 [528b4752-3c7b-4991-99e9-89ee621f29a5-groupManagement] INFO  server.RaftServerConfigKeys (ConfUtils.java:logGet(46)) - raft.server.log.statemachine.data.read.timeout = 1000ms (default)
2024-05-09 06:25:14,853 [528b4752-3c7b-4991-99e9-89ee621f29a5-groupManagement] INFO  server.RaftServerConfigKeys (ConfUtils.java:logGet(46)) - raft.server.log.purge.preservation.log.num = 0 (default)
2024-05-09 06:25:14,855 [528b4752-3c7b-4991-99e9-89ee621f29a5-groupManagement] INFO  server.RaftServerConfigKeys (ConfUtils.java:logGet(46)) - raft.server.log.segment.size.max = 67108864 (custom)
2024-05-09 06:25:14,855 [528b4752-3c7b-4991-99e9-89ee621f29a5-groupManagement] INFO  server.RaftServerConfigKeys (ConfUtils.java:logGet(46)) - raft.server.log.segment.cache.num.max = 2 (custom)
2024-05-09 06:25:14,855 [528b4752-3c7b-4991-99e9-89ee621f29a5-groupManagement] INFO  server.RaftServerConfigKeys (ConfUtils.java:logGet(46)) - raft.server.log.segment.cache.size.max = 200MB (=209715200) (default)
2024-05-09 06:25:14,855 [528b4752-3c7b-4991-99e9-89ee621f29a5-groupManagement] INFO  server.RaftServerConfigKeys (ConfUtils.java:logGet(46)) - raft.server.log.appender.buffer.byte-limit = 8388608 (custom)
2024-05-09 06:25:14,858 [528b4752-3c7b-4991-99e9-89ee621f29a5-groupManagement] INFO  util.AwaitToRun (AwaitToRun.java:start(81)) - Thread[528b4752-3c7b-4991-99e9-89ee621f29a5@group-711D46114548-cacheEviction-AwaitToRun,5,main] started
2024-05-09 06:25:14,858 [528b4752-3c7b-4991-99e9-89ee621f29a5-groupManagement] INFO  segmented.SegmentedRaftLogWorker (SegmentedRaftLogWorker.java:<init>(182)) - new 528b4752-3c7b-4991-99e9-89ee621f29a5@group-711D46114548-SegmentedRaftLogWorker for RaftStorageImpl:Storage Directory /home/runner/work/ozone/ozone/hadoop-ozone/integration-test/target/test-dir/MiniOzoneClusterImpl-48ce40b1-13f8-460b-b529-5aa00ab75c3e/ozone-meta/datanode-3/ratis/876e6361-94bf-493c-a223-711d46114548
2024-05-09 06:25:14,858 [528b4752-3c7b-4991-99e9-89ee621f29a5-groupManagement] INFO  server.RaftServerConfigKeys (ConfUtils.java:logGet(46)) - raft.server.log.queue.byte-limit = 4294967296 (custom)
2024-05-09 06:25:14,858 [528b4752-3c7b-4991-99e9-89ee621f29a5-groupManagement] INFO  server.RaftServerConfigKeys (ConfUtils.java:logGet(46)) - raft.server.log.queue.element-limit = 1024 (custom)
2024-05-09 06:25:14,858 [528b4752-3c7b-4991-99e9-89ee621f29a5-groupManagement] INFO  server.RaftServerConfigKeys (ConfUtils.java:logGet(46)) - raft.server.log.segment.size.max = 67108864 (custom)
2024-05-09 06:25:14,859 [528b4752-3c7b-4991-99e9-89ee621f29a5-groupManagement] INFO  server.RaftServerConfigKeys (ConfUtils.java:logGet(46)) - raft.server.log.preallocated.size = 4194304 (custom)
2024-05-09 06:25:14,859 [528b4752-3c7b-4991-99e9-89ee621f29a5-groupManagement] INFO  server.RaftServerConfigKeys (ConfUtils.java:logGet(46)) - raft.server.log.force.sync.num = 128 (default)
2024-05-09 06:25:14,859 [528b4752-3c7b-4991-99e9-89ee621f29a5-groupManagement] INFO  server.RaftServerConfigKeys (ConfUtils.java:logGet(46)) - raft.server.log.statemachine.data.sync = true (default)
2024-05-09 06:25:14,859 [528b4752-3c7b-4991-99e9-89ee621f29a5-groupManagement] INFO  server.RaftServerConfigKeys (ConfUtils.java:logGet(46)) - raft.server.log.statemachine.data.sync.timeout = 10s (default)
2024-05-09 06:25:14,859 [528b4752-3c7b-4991-99e9-89ee621f29a5-groupManagement] INFO  server.RaftServerConfigKeys (ConfUtils.java:logGet(46)) - raft.server.log.statemachine.data.sync.timeout.retry = 30 (custom)
2024-05-09 06:25:14,859 [528b4752-3c7b-4991-99e9-89ee621f29a5-groupManagement] INFO  server.RaftServerConfigKeys (ConfUtils.java:logGet(46)) - raft.server.log.write.buffer.size = 8388616 (custom)
2024-05-09 06:25:14,861 [528b4752-3c7b-4991-99e9-89ee621f29a5-groupManagement] INFO  server.RaftServerConfigKeys (ConfUtils.java:logGet(46)) - raft.server.log.appender.buffer.byte-limit = 8388608 (custom)
2024-05-09 06:25:14,861 [528b4752-3c7b-4991-99e9-89ee621f29a5-groupManagement] INFO  server.RaftServerConfigKeys (ConfUtils.java:logGet(46)) - raft.server.log.unsafe-flush.enabled = false (default)
2024-05-09 06:25:14,861 [528b4752-3c7b-4991-99e9-89ee621f29a5-groupManagement] INFO  server.RaftServerConfigKeys (ConfUtils.java:logGet(46)) - raft.server.log.async-flush.enabled = false (default)
2024-05-09 06:25:14,861 [528b4752-3c7b-4991-99e9-89ee621f29a5-groupManagement] INFO  server.RaftServerConfigKeys (ConfUtils.java:logGet(46)) - raft.server.log.statemachine.data.caching.enabled = true (custom)
2024-05-09 06:25:14,861 [528b4752-3c7b-4991-99e9-89ee621f29a5-groupManagement] INFO  segmented.SegmentedRaftLogWorker (SegmentedRaftLogWorker.java:lambda$new$0(134)) - 528b4752-3c7b-4991-99e9-89ee621f29a5@group-711D46114548-SegmentedRaftLogWorker: flushIndex: setUnconditionally 0 -> -1
2024-05-09 06:25:14,861 [528b4752-3c7b-4991-99e9-89ee621f29a5-groupManagement] INFO  segmented.SegmentedRaftLogWorker (SegmentedRaftLogWorker.java:lambda$new$0(134)) - 528b4752-3c7b-4991-99e9-89ee621f29a5@group-711D46114548-SegmentedRaftLogWorker: safeCacheEvictIndex: setUnconditionally 0 -> -1
2024-05-09 06:25:14,861 [528b4752-3c7b-4991-99e9-89ee621f29a5-groupManagement] INFO  server.RaftServer$Division (RaftServerImpl.java:start(396)) - 528b4752-3c7b-4991-99e9-89ee621f29a5@group-711D46114548: start as a follower, conf=-1: peers:[0b714aca-fc82-484b-9944-7b2ffbc45fbf|127.0.0.1:15067, 528b4752-3c7b-4991-99e9-89ee621f29a5|127.0.0.1:15085, 5b847746-75e9-42bf-94b1-858a537db9cd|127.0.0.1:15076]|listeners:[], old=null
2024-05-09 06:25:14,861 [528b4752-3c7b-4991-99e9-89ee621f29a5-groupManagement] INFO  server.RaftServer$Division (RaftServerImpl.java:setRole(383)) - 528b4752-3c7b-4991-99e9-89ee621f29a5@group-711D46114548: changes role from      null to FOLLOWER at term 0 for startAsFollower
2024-05-09 06:25:14,862 [528b4752-3c7b-4991-99e9-89ee621f29a5-groupManagement] INFO  impl.RoleInfo (RoleInfo.java:updateAndGet(139)) - 528b4752-3c7b-4991-99e9-89ee621f29a5: start 528b4752-3c7b-4991-99e9-89ee621f29a5@group-711D46114548-FollowerState
2024-05-09 06:25:14,862 [528b4752-3c7b-4991-99e9-89ee621f29a5-groupManagement] INFO  util.JmxRegister (JmxRegister.java:tryRegister(44)) - Successfully registered JMX Bean with object name Ratis:service=RaftServer,group=group-711D46114548,id=528b4752-3c7b-4991-99e9-89ee621f29a5
2024-05-09 06:25:14,862 [528b4752-3c7b-4991-99e9-89ee621f29a5@group-711D46114548-FollowerState] INFO  server.RaftServerConfigKeys (ConfUtils.java:logFallback(53)) - raft.server.rpc.first-election.timeout.min = 5s (fallback to raft.server.rpc.timeout.min)
2024-05-09 06:25:14,862 [528b4752-3c7b-4991-99e9-89ee621f29a5-groupManagement] INFO  server.RaftServerConfigKeys (ConfUtils.java:logGet(46)) - raft.server.snapshot.trigger-when-stop.enabled = true (default)
2024-05-09 06:25:14,862 [528b4752-3c7b-4991-99e9-89ee621f29a5@group-711D46114548-FollowerState] INFO  server.RaftServerConfigKeys (ConfUtils.java:logFallback(53)) - raft.server.rpc.first-election.timeout.max = 5200ms (fallback to raft.server.rpc.timeout.max)
2024-05-09 06:25:14,862 [528b4752-3c7b-4991-99e9-89ee621f29a5-groupManagement] INFO  server.RaftServerConfigKeys (ConfUtils.java:logGet(46)) - raft.server.snapshot.auto.trigger.enabled = true (custom)
2024-05-09 06:25:14,862 [528b4752-3c7b-4991-99e9-89ee621f29a5-groupManagement] INFO  server.RaftServerConfigKeys (ConfUtils.java:logGet(46)) - raft.server.snapshot.auto.trigger.threshold = 10000 (custom)
2024-05-09 06:25:14,862 [528b4752-3c7b-4991-99e9-89ee621f29a5-groupManagement] INFO  server.RaftServerConfigKeys (ConfUtils.java:logGet(46)) - raft.server.snapshot.retention.file.num = 5 (custom)
2024-05-09 06:25:14,862 [528b4752-3c7b-4991-99e9-89ee621f29a5-groupManagement] INFO  server.RaftServerConfigKeys (ConfUtils.java:logGet(46)) - raft.server.log.purge.upto.snapshot.index = false (default)
2024-05-09 06:25:14,869 [5b847746-75e9-42bf-94b1-858a537db9cd-PipelineCommandHandlerThread-0] INFO  server.RaftServer (RaftServerProxy.java:addNew(100)) - 5b847746-75e9-42bf-94b1-858a537db9cd: addNew group-F9B27E3D7451:[5b847746-75e9-42bf-94b1-858a537db9cd|127.0.0.1:15076] returns group-F9B27E3D7451:java.util.concurrent.CompletableFuture@75f34511[Not completed]
2024-05-09 06:25:14,871 [5b847746-75e9-42bf-94b1-858a537db9cd-groupManagement] INFO  server.RaftServer$Division (RaftServerImpl.java:<init>(256)) - 5b847746-75e9-42bf-94b1-858a537db9cd: new RaftServerImpl for group-F9B27E3D7451:[5b847746-75e9-42bf-94b1-858a537db9cd|127.0.0.1:15076] with ContainerStateMachine:uninitialized
2024-05-09 06:25:14,871 [5b847746-75e9-42bf-94b1-858a537db9cd-groupManagement] INFO  server.RaftServerConfigKeys (ConfUtils.java:logGet(46)) - raft.server.rpc.timeout.min = 5s (custom)
2024-05-09 06:25:14,871 [5b847746-75e9-42bf-94b1-858a537db9cd-groupManagement] INFO  server.RaftServerConfigKeys (ConfUtils.java:logGet(46)) - raft.server.rpc.timeout.max = 5200ms (custom)
2024-05-09 06:25:14,871 [5b847746-75e9-42bf-94b1-858a537db9cd-groupManagement] INFO  server.RaftServerConfigKeys (ConfUtils.java:logGet(46)) - raft.server.rpc.sleep.time = 25ms (default)
2024-05-09 06:25:14,872 [5b847746-75e9-42bf-94b1-858a537db9cd-groupManagement] INFO  server.RaftServerConfigKeys (ConfUtils.java:logGet(46)) - raft.server.rpc.slowness.timeout = 300000ms (custom)
2024-05-09 06:25:14,872 [5b847746-75e9-42bf-94b1-858a537db9cd-groupManagement] INFO  server.RaftServerConfigKeys (ConfUtils.java:logGet(46)) - raft.server.leaderelection.leader.step-down.wait-time = 10s (default)
2024-05-09 06:25:14,872 [5b847746-75e9-42bf-94b1-858a537db9cd-groupManagement] INFO  server.RaftServerConfigKeys (ConfUtils.java:logGet(46)) - raft.server.leaderelection.member.majority-add = false (default)
2024-05-09 06:25:14,872 [5b847746-75e9-42bf-94b1-858a537db9cd-groupManagement] INFO  server.RaftServerConfigKeys (ConfUtils.java:logGet(46)) - raft.server.sleep.deviation.threshold = 300ms (default)
2024-05-09 06:25:14,872 [5b847746-75e9-42bf-94b1-858a537db9cd-groupManagement] INFO  server.RaftServer$Division (ServerState.java:<init>(113)) - 5b847746-75e9-42bf-94b1-858a537db9cd@group-F9B27E3D7451: ConfigurationManager, init=-1: peers:[5b847746-75e9-42bf-94b1-858a537db9cd|127.0.0.1:15076]|listeners:[], old=null, confs=<EMPTY_MAP>
2024-05-09 06:25:14,872 [5b847746-75e9-42bf-94b1-858a537db9cd-groupManagement] INFO  server.RaftServerConfigKeys (ConfUtils.java:logGet(46)) - raft.server.notification.no-leader.timeout = 300000ms (custom)
2024-05-09 06:25:14,872 [5b847746-75e9-42bf-94b1-858a537db9cd-groupManagement] INFO  server.RaftServerConfigKeys (ConfUtils.java:logGet(46)) - raft.server.read.timeout = 10s (default)
2024-05-09 06:25:14,872 [5b847746-75e9-42bf-94b1-858a537db9cd-groupManagement] INFO  server.RaftServerConfigKeys (ConfUtils.java:logGet(46)) - raft.server.retrycache.expirytime = 600000ms (custom)
2024-05-09 06:25:14,872 [5b847746-75e9-42bf-94b1-858a537db9cd-groupManagement] INFO  server.RaftServerConfigKeys (ConfUtils.java:logGet(46)) - raft.server.retrycache.statistics.expirytime = 100ms (default)
2024-05-09 06:25:14,872 [5b847746-75e9-42bf-94b1-858a537db9cd-groupManagement] INFO  server.RaftServerConfigKeys (ConfUtils.java:logGet(46)) - raft.server.read.option = DEFAULT (default)
2024-05-09 06:25:14,872 [5b847746-75e9-42bf-94b1-858a537db9cd-groupManagement] INFO  server.RaftServerConfigKeys (ConfUtils.java:logGet(46)) - raft.server.read.read-after-write-consistent.write-index-cache.expiry-time = 60s (default)
2024-05-09 06:25:14,875 [5b847746-75e9-42bf-94b1-858a537db9cd-groupManagement] INFO  server.RaftServerConfigKeys (ConfUtils.java:logGet(46)) - raft.server.rpc.request.timeout = 3000ms (default)
2024-05-09 06:25:14,875 [5b847746-75e9-42bf-94b1-858a537db9cd-groupManagement] INFO  server.RaftServerConfigKeys (ConfUtils.java:logGet(46)) - raft.server.log.appender.install.snapshot.enabled = false (custom)
2024-05-09 06:25:14,875 [5b847746-75e9-42bf-94b1-858a537db9cd-groupManagement] INFO  server.RaftServerConfigKeys (ConfUtils.java:logGet(46)) - raft.server.threadpool.server.cached = true (default)
2024-05-09 06:25:14,875 [5b847746-75e9-42bf-94b1-858a537db9cd-groupManagement] INFO  server.RaftServerConfigKeys (ConfUtils.java:logGet(46)) - raft.server.threadpool.server.size = 0 (default)
2024-05-09 06:25:14,875 [5b847746-75e9-42bf-94b1-858a537db9cd-groupManagement] INFO  server.RaftServerConfigKeys (ConfUtils.java:logGet(46)) - raft.server.threadpool.client.cached = true (default)
2024-05-09 06:25:14,875 [5b847746-75e9-42bf-94b1-858a537db9cd-groupManagement] INFO  server.RaftServerConfigKeys (ConfUtils.java:logGet(46)) - raft.server.threadpool.client.size = 0 (default)
2024-05-09 06:25:14,875 [grpc-default-executor-0] INFO  server.RaftServer (RaftServerProxy.java:addNew(100)) - 5b847746-75e9-42bf-94b1-858a537db9cd: addNew group-711D46114548:[0b714aca-fc82-484b-9944-7b2ffbc45fbf|127.0.0.1:15067, 528b4752-3c7b-4991-99e9-89ee621f29a5|127.0.0.1:15085, 5b847746-75e9-42bf-94b1-858a537db9cd|127.0.0.1:15076] returns group-711D46114548:java.util.concurrent.CompletableFuture@60f76c0d[Not completed]
2024-05-09 06:25:14,876 [5b847746-75e9-42bf-94b1-858a537db9cd-groupManagement] INFO  server.RaftServer$Division (RaftServerImpl.java:<init>(256)) - 5b847746-75e9-42bf-94b1-858a537db9cd: new RaftServerImpl for group-711D46114548:[0b714aca-fc82-484b-9944-7b2ffbc45fbf|127.0.0.1:15067, 528b4752-3c7b-4991-99e9-89ee621f29a5|127.0.0.1:15085, 5b847746-75e9-42bf-94b1-858a537db9cd|127.0.0.1:15076] with ContainerStateMachine:uninitialized
2024-05-09 06:25:14,876 [5b847746-75e9-42bf-94b1-858a537db9cd-groupManagement] INFO  server.RaftServerConfigKeys (ConfUtils.java:logGet(46)) - raft.server.rpc.timeout.min = 5s (custom)
2024-05-09 06:25:14,876 [5b847746-75e9-42bf-94b1-858a537db9cd-groupManagement] INFO  server.RaftServerConfigKeys (ConfUtils.java:logGet(46)) - raft.server.rpc.timeout.max = 5200ms (custom)
2024-05-09 06:25:14,876 [5b847746-75e9-42bf-94b1-858a537db9cd-groupManagement] INFO  server.RaftServerConfigKeys (ConfUtils.java:logGet(46)) - raft.server.rpc.sleep.time = 25ms (default)
2024-05-09 06:25:14,876 [5b847746-75e9-42bf-94b1-858a537db9cd-groupManagement] INFO  server.RaftServerConfigKeys (ConfUtils.java:logGet(46)) - raft.server.rpc.slowness.timeout = 300000ms (custom)
2024-05-09 06:25:14,876 [5b847746-75e9-42bf-94b1-858a537db9cd-groupManagement] INFO  server.RaftServerConfigKeys (ConfUtils.java:logGet(46)) - raft.server.leaderelection.leader.step-down.wait-time = 10s (default)
2024-05-09 06:25:14,876 [5b847746-75e9-42bf-94b1-858a537db9cd-groupManagement] INFO  server.RaftServerConfigKeys (ConfUtils.java:logGet(46)) - raft.server.leaderelection.member.majority-add = false (default)
2024-05-09 06:25:14,877 [5b847746-75e9-42bf-94b1-858a537db9cd-groupManagement] INFO  server.RaftServerConfigKeys (ConfUtils.java:logGet(46)) - raft.server.sleep.deviation.threshold = 300ms (default)
2024-05-09 06:25:14,877 [5b847746-75e9-42bf-94b1-858a537db9cd-groupManagement] INFO  server.RaftServer$Division (ServerState.java:<init>(113)) - 5b847746-75e9-42bf-94b1-858a537db9cd@group-711D46114548: ConfigurationManager, init=-1: peers:[0b714aca-fc82-484b-9944-7b2ffbc45fbf|127.0.0.1:15067, 528b4752-3c7b-4991-99e9-89ee621f29a5|127.0.0.1:15085, 5b847746-75e9-42bf-94b1-858a537db9cd|127.0.0.1:15076]|listeners:[], old=null, confs=<EMPTY_MAP>
2024-05-09 06:25:14,877 [5b847746-75e9-42bf-94b1-858a537db9cd-groupManagement] INFO  server.RaftServerConfigKeys (ConfUtils.java:logGet(46)) - raft.server.notification.no-leader.timeout = 300000ms (custom)
2024-05-09 06:25:14,877 [5b847746-75e9-42bf-94b1-858a537db9cd-groupManagement] INFO  server.RaftServerConfigKeys (ConfUtils.java:logGet(46)) - raft.server.read.timeout = 10s (default)
2024-05-09 06:25:14,877 [5b847746-75e9-42bf-94b1-858a537db9cd-groupManagement] INFO  server.RaftServerConfigKeys (ConfUtils.java:logGet(46)) - raft.server.retrycache.expirytime = 600000ms (custom)
2024-05-09 06:25:14,877 [5b847746-75e9-42bf-94b1-858a537db9cd-groupManagement] INFO  server.RaftServerConfigKeys (ConfUtils.java:logGet(46)) - raft.server.retrycache.statistics.expirytime = 100ms (default)
2024-05-09 06:25:14,877 [5b847746-75e9-42bf-94b1-858a537db9cd-groupManagement] INFO  server.RaftServerConfigKeys (ConfUtils.java:logGet(46)) - raft.server.read.option = DEFAULT (default)
2024-05-09 06:25:14,877 [5b847746-75e9-42bf-94b1-858a537db9cd-groupManagement] INFO  server.RaftServerConfigKeys (ConfUtils.java:logGet(46)) - raft.server.read.read-after-write-consistent.write-index-cache.expiry-time = 60s (default)
2024-05-09 06:25:14,879 [5b847746-75e9-42bf-94b1-858a537db9cd-groupManagement] INFO  server.RaftServerConfigKeys (ConfUtils.java:logGet(46)) - raft.server.rpc.request.timeout = 3000ms (default)
2024-05-09 06:25:14,879 [5b847746-75e9-42bf-94b1-858a537db9cd-groupManagement] INFO  server.RaftServerConfigKeys (ConfUtils.java:logGet(46)) - raft.server.log.appender.install.snapshot.enabled = false (custom)
2024-05-09 06:25:14,879 [5b847746-75e9-42bf-94b1-858a537db9cd-groupManagement] INFO  server.RaftServerConfigKeys (ConfUtils.java:logGet(46)) - raft.server.threadpool.server.cached = true (default)
2024-05-09 06:25:14,879 [5b847746-75e9-42bf-94b1-858a537db9cd-groupManagement] INFO  server.RaftServerConfigKeys (ConfUtils.java:logGet(46)) - raft.server.threadpool.server.size = 0 (default)
2024-05-09 06:25:14,879 [5b847746-75e9-42bf-94b1-858a537db9cd-groupManagement] INFO  server.RaftServerConfigKeys (ConfUtils.java:logGet(46)) - raft.server.threadpool.client.cached = true (default)
2024-05-09 06:25:14,879 [5b847746-75e9-42bf-94b1-858a537db9cd-groupManagement] INFO  server.RaftServerConfigKeys (ConfUtils.java:logGet(46)) - raft.server.threadpool.client.size = 0 (default)
2024-05-09 06:25:14,880 [5b847746-75e9-42bf-94b1-858a537db9cd-groupManagement] INFO  server.RaftServerConfigKeys (ConfUtils.java:logGet(46)) - raft.server.storage.free-space.min = 0MB (=0) (default)
2024-05-09 06:25:14,880 [5b847746-75e9-42bf-94b1-858a537db9cd-groupManagement] INFO  server.RaftServerConfigKeys (ConfUtils.java:logGet(46)) - raft.server.log.corruption.policy = EXCEPTION (default)
2024-05-09 06:25:14,880 [5b847746-75e9-42bf-94b1-858a537db9cd-groupManagement] INFO  server.RaftServerConfigKeys (ConfUtils.java:logGet(46)) - raft.server.storage.dir = [/home/runner/work/ozone/ozone/hadoop-ozone/integration-test/target/test-dir/MiniOzoneClusterImpl-48ce40b1-13f8-460b-b529-5aa00ab75c3e/ozone-meta/datanode-2/ratis] (custom)
2024-05-09 06:25:14,880 [5b847746-75e9-42bf-94b1-858a537db9cd-groupManagement] INFO  storage.RaftStorageDirectory (RaftStorageDirectoryImpl.java:analyzeStorage(138)) - The storage directory /home/runner/work/ozone/ozone/hadoop-ozone/integration-test/target/test-dir/MiniOzoneClusterImpl-48ce40b1-13f8-460b-b529-5aa00ab75c3e/ozone-meta/datanode-2/ratis/58c7b79e-35b2-4776-87d6-f9b27e3d7451 does not exist. Creating ...
2024-05-09 06:25:14,881 [5b847746-75e9-42bf-94b1-858a537db9cd-groupManagement] INFO  storage.RaftStorageDirectory (RaftStorageDirectoryImpl.java:tryLock(228)) - Lock on /home/runner/work/ozone/ozone/hadoop-ozone/integration-test/target/test-dir/MiniOzoneClusterImpl-48ce40b1-13f8-460b-b529-5aa00ab75c3e/ozone-meta/datanode-2/ratis/58c7b79e-35b2-4776-87d6-f9b27e3d7451/in_use.lock acquired by nodename 52187@fv-az737-206
2024-05-09 06:25:14,882 [5b847746-75e9-42bf-94b1-858a537db9cd-groupManagement] INFO  storage.RaftStorage (RaftStorageImpl.java:format(99)) - Storage directory /home/runner/work/ozone/ozone/hadoop-ozone/integration-test/target/test-dir/MiniOzoneClusterImpl-48ce40b1-13f8-460b-b529-5aa00ab75c3e/ozone-meta/datanode-2/ratis/58c7b79e-35b2-4776-87d6-f9b27e3d7451 has been successfully formatted.
2024-05-09 06:25:14,883 [5b847746-75e9-42bf-94b1-858a537db9cd-groupManagement] WARN  util.FileUtils (LogUtils.java:supplyAndLog(63)) - Failed to Files.newInputStream /home/runner/work/ozone/ozone/hadoop-ozone/integration-test/target/test-dir/MiniOzoneClusterImpl-48ce40b1-13f8-460b-b529-5aa00ab75c3e/ozone-meta/datanode-2/ratis/58c7b79e-35b2-4776-87d6-f9b27e3d7451/current/raft-meta.conf with options []: java.nio.file.NoSuchFileException: /home/runner/work/ozone/ozone/hadoop-ozone/integration-test/target/test-dir/MiniOzoneClusterImpl-48ce40b1-13f8-460b-b529-5aa00ab75c3e/ozone-meta/datanode-2/ratis/58c7b79e-35b2-4776-87d6-f9b27e3d7451/current/raft-meta.conf
2024-05-09 06:25:14,883 [5b847746-75e9-42bf-94b1-858a537db9cd-groupManagement] INFO  ratis.ContainerStateMachine (ContainerStateMachine.java:loadSnapshot(287)) - group-F9B27E3D7451: The snapshot info is null. Setting the last applied index to:(t:0, i:~)
2024-05-09 06:25:14,883 [5b847746-75e9-42bf-94b1-858a537db9cd-groupManagement] INFO  server.RaftServerConfigKeys (ConfUtils.java:logGet(46)) - raft.server.log.use.memory = false (default)
2024-05-09 06:25:14,883 [5b847746-75e9-42bf-94b1-858a537db9cd-groupManagement] INFO  server.RaftServerConfigKeys (ConfUtils.java:logGet(46)) - raft.server.log.purge.gap = 1000000 (custom)
2024-05-09 06:25:14,883 [5b847746-75e9-42bf-94b1-858a537db9cd-groupManagement] INFO  server.RaftServerConfigKeys (ConfUtils.java:logGet(46)) - raft.server.log.appender.buffer.byte-limit = 8388608 (custom)
2024-05-09 06:25:14,883 [5b847746-75e9-42bf-94b1-858a537db9cd-groupManagement] INFO  server.RaftServerConfigKeys (ConfUtils.java:logGet(46)) - raft.server.log.statemachine.data.read.timeout = 1000ms (default)
2024-05-09 06:25:14,883 [5b847746-75e9-42bf-94b1-858a537db9cd-groupManagement] INFO  server.RaftServerConfigKeys (ConfUtils.java:logGet(46)) - raft.server.log.purge.preservation.log.num = 0 (default)
2024-05-09 06:25:14,884 [5b847746-75e9-42bf-94b1-858a537db9cd-groupManagement] INFO  server.RaftServerConfigKeys (ConfUtils.java:logGet(46)) - raft.server.log.segment.size.max = 67108864 (custom)
2024-05-09 06:25:14,885 [EventQueue-PipelineReportForPipelineReportHandler] INFO  pipeline.PipelineReportHandler (PipelineReportHandler.java:processPipelineReport(136)) - Opened pipeline PipelineID=58c7b79e-35b2-4776-87d6-f9b27e3d7451
2024-05-09 06:25:14,885 [EventQueue-OpenPipelineForHealthyPipelineSafeModeRule] INFO  safemode.SCMSafeModeManager (HealthyPipelineSafeModeRule.java:process(140)) - SCM in safe mode. Healthy pipelines reported count is 0, required healthy pipeline reported count is 1
2024-05-09 06:25:14,885 [5b847746-75e9-42bf-94b1-858a537db9cd-groupManagement] INFO  server.RaftServerConfigKeys (ConfUtils.java:logGet(46)) - raft.server.log.segment.cache.num.max = 2 (custom)
2024-05-09 06:25:14,885 [5b847746-75e9-42bf-94b1-858a537db9cd-groupManagement] INFO  server.RaftServerConfigKeys (ConfUtils.java:logGet(46)) - raft.server.log.segment.cache.size.max = 200MB (=209715200) (default)
2024-05-09 06:25:14,885 [5b847746-75e9-42bf-94b1-858a537db9cd-groupManagement] INFO  server.RaftServerConfigKeys (ConfUtils.java:logGet(46)) - raft.server.log.appender.buffer.byte-limit = 8388608 (custom)
2024-05-09 06:25:14,885 [5b847746-75e9-42bf-94b1-858a537db9cd-groupManagement] INFO  util.AwaitToRun (AwaitToRun.java:start(81)) - Thread[5b847746-75e9-42bf-94b1-858a537db9cd@group-F9B27E3D7451-cacheEviction-AwaitToRun,5,main] started
2024-05-09 06:25:14,885 [5b847746-75e9-42bf-94b1-858a537db9cd-groupManagement] INFO  segmented.SegmentedRaftLogWorker (SegmentedRaftLogWorker.java:<init>(182)) - new 5b847746-75e9-42bf-94b1-858a537db9cd@group-F9B27E3D7451-SegmentedRaftLogWorker for RaftStorageImpl:Storage Directory /home/runner/work/ozone/ozone/hadoop-ozone/integration-test/target/test-dir/MiniOzoneClusterImpl-48ce40b1-13f8-460b-b529-5aa00ab75c3e/ozone-meta/datanode-2/ratis/58c7b79e-35b2-4776-87d6-f9b27e3d7451
2024-05-09 06:25:14,885 [5b847746-75e9-42bf-94b1-858a537db9cd-groupManagement] INFO  server.RaftServerConfigKeys (ConfUtils.java:logGet(46)) - raft.server.log.queue.byte-limit = 4294967296 (custom)
2024-05-09 06:25:14,885 [5b847746-75e9-42bf-94b1-858a537db9cd-groupManagement] INFO  server.RaftServerConfigKeys (ConfUtils.java:logGet(46)) - raft.server.log.queue.element-limit = 1024 (custom)
2024-05-09 06:25:14,885 [5b847746-75e9-42bf-94b1-858a537db9cd-groupManagement] INFO  server.RaftServerConfigKeys (ConfUtils.java:logGet(46)) - raft.server.log.segment.size.max = 67108864 (custom)
2024-05-09 06:25:14,885 [5b847746-75e9-42bf-94b1-858a537db9cd-groupManagement] INFO  server.RaftServerConfigKeys (ConfUtils.java:logGet(46)) - raft.server.log.preallocated.size = 4194304 (custom)
2024-05-09 06:25:14,885 [5b847746-75e9-42bf-94b1-858a537db9cd-groupManagement] INFO  server.RaftServerConfigKeys (ConfUtils.java:logGet(46)) - raft.server.log.force.sync.num = 128 (default)
2024-05-09 06:25:14,886 [5b847746-75e9-42bf-94b1-858a537db9cd-groupManagement] INFO  server.RaftServerConfigKeys (ConfUtils.java:logGet(46)) - raft.server.log.statemachine.data.sync = true (default)
2024-05-09 06:25:14,886 [5b847746-75e9-42bf-94b1-858a537db9cd-groupManagement] INFO  server.RaftServerConfigKeys (ConfUtils.java:logGet(46)) - raft.server.log.statemachine.data.sync.timeout = 10s (default)
2024-05-09 06:25:14,886 [5b847746-75e9-42bf-94b1-858a537db9cd-groupManagement] INFO  server.RaftServerConfigKeys (ConfUtils.java:logGet(46)) - raft.server.log.statemachine.data.sync.timeout.retry = 30 (custom)
2024-05-09 06:25:14,886 [5b847746-75e9-42bf-94b1-858a537db9cd-groupManagement] INFO  server.RaftServerConfigKeys (ConfUtils.java:logGet(46)) - raft.server.log.write.buffer.size = 8388616 (custom)
2024-05-09 06:25:14,888 [5b847746-75e9-42bf-94b1-858a537db9cd-groupManagement] INFO  server.RaftServerConfigKeys (ConfUtils.java:logGet(46)) - raft.server.log.appender.buffer.byte-limit = 8388608 (custom)
2024-05-09 06:25:14,888 [5b847746-75e9-42bf-94b1-858a537db9cd-groupManagement] INFO  server.RaftServerConfigKeys (ConfUtils.java:logGet(46)) - raft.server.log.unsafe-flush.enabled = false (default)
2024-05-09 06:25:14,888 [5b847746-75e9-42bf-94b1-858a537db9cd-groupManagement] INFO  server.RaftServerConfigKeys (ConfUtils.java:logGet(46)) - raft.server.log.async-flush.enabled = false (default)
2024-05-09 06:25:14,888 [5b847746-75e9-42bf-94b1-858a537db9cd-groupManagement] INFO  server.RaftServerConfigKeys (ConfUtils.java:logGet(46)) - raft.server.log.statemachine.data.caching.enabled = true (custom)
2024-05-09 06:25:14,888 [5b847746-75e9-42bf-94b1-858a537db9cd-groupManagement] INFO  segmented.SegmentedRaftLogWorker (SegmentedRaftLogWorker.java:lambda$new$0(134)) - 5b847746-75e9-42bf-94b1-858a537db9cd@group-F9B27E3D7451-SegmentedRaftLogWorker: flushIndex: setUnconditionally 0 -> -1
2024-05-09 06:25:14,888 [5b847746-75e9-42bf-94b1-858a537db9cd-groupManagement] INFO  segmented.SegmentedRaftLogWorker (SegmentedRaftLogWorker.java:lambda$new$0(134)) - 5b847746-75e9-42bf-94b1-858a537db9cd@group-F9B27E3D7451-SegmentedRaftLogWorker: safeCacheEvictIndex: setUnconditionally 0 -> -1
2024-05-09 06:25:14,888 [5b847746-75e9-42bf-94b1-858a537db9cd-groupManagement] INFO  server.RaftServer$Division (RaftServerImpl.java:start(396)) - 5b847746-75e9-42bf-94b1-858a537db9cd@group-F9B27E3D7451: start as a follower, conf=-1: peers:[5b847746-75e9-42bf-94b1-858a537db9cd|127.0.0.1:15076]|listeners:[], old=null
2024-05-09 06:25:14,888 [5b847746-75e9-42bf-94b1-858a537db9cd-groupManagement] INFO  server.RaftServer$Division (RaftServerImpl.java:setRole(383)) - 5b847746-75e9-42bf-94b1-858a537db9cd@group-F9B27E3D7451: changes role from      null to FOLLOWER at term 0 for startAsFollower
2024-05-09 06:25:14,888 [5b847746-75e9-42bf-94b1-858a537db9cd-groupManagement] INFO  impl.RoleInfo (RoleInfo.java:updateAndGet(139)) - 5b847746-75e9-42bf-94b1-858a537db9cd: start 5b847746-75e9-42bf-94b1-858a537db9cd@group-F9B27E3D7451-FollowerState
2024-05-09 06:25:14,889 [5b847746-75e9-42bf-94b1-858a537db9cd@group-F9B27E3D7451-FollowerState] INFO  server.RaftServerConfigKeys (ConfUtils.java:logFallback(53)) - raft.server.rpc.first-election.timeout.min = 5s (fallback to raft.server.rpc.timeout.min)
2024-05-09 06:25:14,889 [5b847746-75e9-42bf-94b1-858a537db9cd-groupManagement] INFO  util.JmxRegister (JmxRegister.java:tryRegister(44)) - Successfully registered JMX Bean with object name Ratis:service=RaftServer,group=group-F9B27E3D7451,id=5b847746-75e9-42bf-94b1-858a537db9cd
2024-05-09 06:25:14,889 [5b847746-75e9-42bf-94b1-858a537db9cd@group-F9B27E3D7451-FollowerState] INFO  server.RaftServerConfigKeys (ConfUtils.java:logFallback(53)) - raft.server.rpc.first-election.timeout.max = 5200ms (fallback to raft.server.rpc.timeout.max)
2024-05-09 06:25:14,889 [5b847746-75e9-42bf-94b1-858a537db9cd-groupManagement] INFO  server.RaftServerConfigKeys (ConfUtils.java:logGet(46)) - raft.server.snapshot.trigger-when-stop.enabled = true (default)
2024-05-09 06:25:14,889 [5b847746-75e9-42bf-94b1-858a537db9cd-groupManagement] INFO  server.RaftServerConfigKeys (ConfUtils.java:logGet(46)) - raft.server.snapshot.auto.trigger.enabled = true (custom)
2024-05-09 06:25:14,889 [5b847746-75e9-42bf-94b1-858a537db9cd-groupManagement] INFO  server.RaftServerConfigKeys (ConfUtils.java:logGet(46)) - raft.server.snapshot.auto.trigger.threshold = 10000 (custom)
2024-05-09 06:25:14,889 [5b847746-75e9-42bf-94b1-858a537db9cd-groupManagement] INFO  server.RaftServerConfigKeys (ConfUtils.java:logGet(46)) - raft.server.snapshot.retention.file.num = 5 (custom)
2024-05-09 06:25:14,889 [5b847746-75e9-42bf-94b1-858a537db9cd-groupManagement] INFO  server.RaftServerConfigKeys (ConfUtils.java:logGet(46)) - raft.server.log.purge.upto.snapshot.index = false (default)
2024-05-09 06:25:14,890 [5b847746-75e9-42bf-94b1-858a537db9cd-PipelineCommandHandlerThread-0] INFO  ratis.XceiverServerRatis (XceiverServerRatis.java:addGroup(864)) - Created group PipelineID=58c7b79e-35b2-4776-87d6-f9b27e3d7451
2024-05-09 06:25:14,890 [5b847746-75e9-42bf-94b1-858a537db9cd-PipelineCommandHandlerThread-0] INFO  commandhandler.CreatePipelineCommandHandler (CreatePipelineCommandHandler.java:lambda$handle$2(124)) - Created Pipeline RATIS ONE PipelineID=58c7b79e-35b2-4776-87d6-f9b27e3d7451.
2024-05-09 06:25:14,890 [5b847746-75e9-42bf-94b1-858a537db9cd-PipelineCommandHandlerThread-0] INFO  server.RaftServer (RaftServerProxy.java:addNew(100)) - 5b847746-75e9-42bf-94b1-858a537db9cd: addNew group-A6FAD74B91C2:[0b714aca-fc82-484b-9944-7b2ffbc45fbf|127.0.0.1:15067, 528b4752-3c7b-4991-99e9-89ee621f29a5|127.0.0.1:15085, 5b847746-75e9-42bf-94b1-858a537db9cd|127.0.0.1:15076] returns group-A6FAD74B91C2:java.util.concurrent.CompletableFuture@71ccdf77[Not completed]
2024-05-09 06:25:14,891 [5b847746-75e9-42bf-94b1-858a537db9cd-groupManagement] INFO  server.RaftServerConfigKeys (ConfUtils.java:logGet(46)) - raft.server.storage.free-space.min = 0MB (=0) (default)
2024-05-09 06:25:14,891 [5b847746-75e9-42bf-94b1-858a537db9cd-groupManagement] INFO  server.RaftServerConfigKeys (ConfUtils.java:logGet(46)) - raft.server.log.corruption.policy = EXCEPTION (default)
2024-05-09 06:25:14,891 [5b847746-75e9-42bf-94b1-858a537db9cd-groupManagement] INFO  server.RaftServerConfigKeys (ConfUtils.java:logGet(46)) - raft.server.storage.dir = [/home/runner/work/ozone/ozone/hadoop-ozone/integration-test/target/test-dir/MiniOzoneClusterImpl-48ce40b1-13f8-460b-b529-5aa00ab75c3e/ozone-meta/datanode-2/ratis] (custom)
2024-05-09 06:25:14,891 [5b847746-75e9-42bf-94b1-858a537db9cd-groupManagement] INFO  storage.RaftStorageDirectory (RaftStorageDirectoryImpl.java:analyzeStorage(138)) - The storage directory /home/runner/work/ozone/ozone/hadoop-ozone/integration-test/target/test-dir/MiniOzoneClusterImpl-48ce40b1-13f8-460b-b529-5aa00ab75c3e/ozone-meta/datanode-2/ratis/876e6361-94bf-493c-a223-711d46114548 does not exist. Creating ...
2024-05-09 06:25:14,892 [5b847746-75e9-42bf-94b1-858a537db9cd-groupManagement] INFO  storage.RaftStorageDirectory (RaftStorageDirectoryImpl.java:tryLock(228)) - Lock on /home/runner/work/ozone/ozone/hadoop-ozone/integration-test/target/test-dir/MiniOzoneClusterImpl-48ce40b1-13f8-460b-b529-5aa00ab75c3e/ozone-meta/datanode-2/ratis/876e6361-94bf-493c-a223-711d46114548/in_use.lock acquired by nodename 52187@fv-az737-206
2024-05-09 06:25:14,893 [5b847746-75e9-42bf-94b1-858a537db9cd-groupManagement] INFO  storage.RaftStorage (RaftStorageImpl.java:format(99)) - Storage directory /home/runner/work/ozone/ozone/hadoop-ozone/integration-test/target/test-dir/MiniOzoneClusterImpl-48ce40b1-13f8-460b-b529-5aa00ab75c3e/ozone-meta/datanode-2/ratis/876e6361-94bf-493c-a223-711d46114548 has been successfully formatted.
2024-05-09 06:25:14,893 [5b847746-75e9-42bf-94b1-858a537db9cd-groupManagement] WARN  util.FileUtils (LogUtils.java:supplyAndLog(63)) - Failed to Files.newInputStream /home/runner/work/ozone/ozone/hadoop-ozone/integration-test/target/test-dir/MiniOzoneClusterImpl-48ce40b1-13f8-460b-b529-5aa00ab75c3e/ozone-meta/datanode-2/ratis/876e6361-94bf-493c-a223-711d46114548/current/raft-meta.conf with options []: java.nio.file.NoSuchFileException: /home/runner/work/ozone/ozone/hadoop-ozone/integration-test/target/test-dir/MiniOzoneClusterImpl-48ce40b1-13f8-460b-b529-5aa00ab75c3e/ozone-meta/datanode-2/ratis/876e6361-94bf-493c-a223-711d46114548/current/raft-meta.conf
2024-05-09 06:25:14,893 [5b847746-75e9-42bf-94b1-858a537db9cd-groupManagement] INFO  ratis.ContainerStateMachine (ContainerStateMachine.java:loadSnapshot(287)) - group-711D46114548: The snapshot info is null. Setting the last applied index to:(t:0, i:~)
2024-05-09 06:25:14,893 [5b847746-75e9-42bf-94b1-858a537db9cd-groupManagement] INFO  server.RaftServerConfigKeys (ConfUtils.java:logGet(46)) - raft.server.log.use.memory = false (default)
2024-05-09 06:25:14,893 [5b847746-75e9-42bf-94b1-858a537db9cd-groupManagement] INFO  server.RaftServerConfigKeys (ConfUtils.java:logGet(46)) - raft.server.log.purge.gap = 1000000 (custom)
2024-05-09 06:25:14,893 [5b847746-75e9-42bf-94b1-858a537db9cd-groupManagement] INFO  server.RaftServerConfigKeys (ConfUtils.java:logGet(46)) - raft.server.log.appender.buffer.byte-limit = 8388608 (custom)
2024-05-09 06:25:14,894 [5b847746-75e9-42bf-94b1-858a537db9cd-groupManagement] INFO  server.RaftServerConfigKeys (ConfUtils.java:logGet(46)) - raft.server.log.statemachine.data.read.timeout = 1000ms (default)
2024-05-09 06:25:14,894 [5b847746-75e9-42bf-94b1-858a537db9cd-groupManagement] INFO  server.RaftServerConfigKeys (ConfUtils.java:logGet(46)) - raft.server.log.purge.preservation.log.num = 0 (default)
2024-05-09 06:25:14,895 [5b847746-75e9-42bf-94b1-858a537db9cd-groupManagement] INFO  server.RaftServerConfigKeys (ConfUtils.java:logGet(46)) - raft.server.log.segment.size.max = 67108864 (custom)
2024-05-09 06:25:14,895 [5b847746-75e9-42bf-94b1-858a537db9cd-groupManagement] INFO  server.RaftServerConfigKeys (ConfUtils.java:logGet(46)) - raft.server.log.segment.cache.num.max = 2 (custom)
2024-05-09 06:25:14,895 [5b847746-75e9-42bf-94b1-858a537db9cd-groupManagement] INFO  server.RaftServerConfigKeys (ConfUtils.java:logGet(46)) - raft.server.log.segment.cache.size.max = 200MB (=209715200) (default)
2024-05-09 06:25:14,895 [5b847746-75e9-42bf-94b1-858a537db9cd-groupManagement] INFO  server.RaftServerConfigKeys (ConfUtils.java:logGet(46)) - raft.server.log.appender.buffer.byte-limit = 8388608 (custom)
2024-05-09 06:25:14,895 [5b847746-75e9-42bf-94b1-858a537db9cd-groupManagement] INFO  util.AwaitToRun (AwaitToRun.java:start(81)) - Thread[5b847746-75e9-42bf-94b1-858a537db9cd@group-711D46114548-cacheEviction-AwaitToRun,5,main] started
2024-05-09 06:25:14,895 [5b847746-75e9-42bf-94b1-858a537db9cd-groupManagement] INFO  segmented.SegmentedRaftLogWorker (SegmentedRaftLogWorker.java:<init>(182)) - new 5b847746-75e9-42bf-94b1-858a537db9cd@group-711D46114548-SegmentedRaftLogWorker for RaftStorageImpl:Storage Directory /home/runner/work/ozone/ozone/hadoop-ozone/integration-test/target/test-dir/MiniOzoneClusterImpl-48ce40b1-13f8-460b-b529-5aa00ab75c3e/ozone-meta/datanode-2/ratis/876e6361-94bf-493c-a223-711d46114548
2024-05-09 06:25:14,895 [5b847746-75e9-42bf-94b1-858a537db9cd-groupManagement] INFO  server.RaftServerConfigKeys (ConfUtils.java:logGet(46)) - raft.server.log.queue.byte-limit = 4294967296 (custom)
2024-05-09 06:25:14,895 [5b847746-75e9-42bf-94b1-858a537db9cd-groupManagement] INFO  server.RaftServerConfigKeys (ConfUtils.java:logGet(46)) - raft.server.log.queue.element-limit = 1024 (custom)
2024-05-09 06:25:14,896 [5b847746-75e9-42bf-94b1-858a537db9cd-groupManagement] INFO  server.RaftServerConfigKeys (ConfUtils.java:logGet(46)) - raft.server.log.segment.size.max = 67108864 (custom)
2024-05-09 06:25:14,896 [5b847746-75e9-42bf-94b1-858a537db9cd-groupManagement] INFO  server.RaftServerConfigKeys (ConfUtils.java:logGet(46)) - raft.server.log.preallocated.size = 4194304 (custom)
2024-05-09 06:25:14,896 [5b847746-75e9-42bf-94b1-858a537db9cd-groupManagement] INFO  server.RaftServerConfigKeys (ConfUtils.java:logGet(46)) - raft.server.log.force.sync.num = 128 (default)
2024-05-09 06:25:14,896 [5b847746-75e9-42bf-94b1-858a537db9cd-groupManagement] INFO  server.RaftServerConfigKeys (ConfUtils.java:logGet(46)) - raft.server.log.statemachine.data.sync = true (default)
2024-05-09 06:25:14,896 [5b847746-75e9-42bf-94b1-858a537db9cd-groupManagement] INFO  server.RaftServerConfigKeys (ConfUtils.java:logGet(46)) - raft.server.log.statemachine.data.sync.timeout = 10s (default)
2024-05-09 06:25:14,896 [5b847746-75e9-42bf-94b1-858a537db9cd-groupManagement] INFO  server.RaftServerConfigKeys (ConfUtils.java:logGet(46)) - raft.server.log.statemachine.data.sync.timeout.retry = 30 (custom)
2024-05-09 06:25:14,896 [EventQueue-OpenPipelineForHealthyPipelineSafeModeRule] INFO  safemode.SCMSafeModeManager (HealthyPipelineSafeModeRule.java:process(140)) - SCM in safe mode. Healthy pipelines reported count is 0, required healthy pipeline reported count is 1
2024-05-09 06:25:14,896 [5b847746-75e9-42bf-94b1-858a537db9cd-groupManagement] INFO  server.RaftServerConfigKeys (ConfUtils.java:logGet(46)) - raft.server.log.write.buffer.size = 8388616 (custom)
2024-05-09 06:25:14,898 [5b847746-75e9-42bf-94b1-858a537db9cd-groupManagement] INFO  server.RaftServerConfigKeys (ConfUtils.java:logGet(46)) - raft.server.log.appender.buffer.byte-limit = 8388608 (custom)
2024-05-09 06:25:14,898 [5b847746-75e9-42bf-94b1-858a537db9cd-groupManagement] INFO  server.RaftServerConfigKeys (ConfUtils.java:logGet(46)) - raft.server.log.unsafe-flush.enabled = false (default)
2024-05-09 06:25:14,898 [5b847746-75e9-42bf-94b1-858a537db9cd-groupManagement] INFO  server.RaftServerConfigKeys (ConfUtils.java:logGet(46)) - raft.server.log.async-flush.enabled = false (default)
2024-05-09 06:25:14,898 [5b847746-75e9-42bf-94b1-858a537db9cd-groupManagement] INFO  server.RaftServerConfigKeys (ConfUtils.java:logGet(46)) - raft.server.log.statemachine.data.caching.enabled = true (custom)
2024-05-09 06:25:14,898 [5b847746-75e9-42bf-94b1-858a537db9cd-groupManagement] INFO  segmented.SegmentedRaftLogWorker (SegmentedRaftLogWorker.java:lambda$new$0(134)) - 5b847746-75e9-42bf-94b1-858a537db9cd@group-711D46114548-SegmentedRaftLogWorker: flushIndex: setUnconditionally 0 -> -1
2024-05-09 06:25:14,898 [5b847746-75e9-42bf-94b1-858a537db9cd-groupManagement] INFO  segmented.SegmentedRaftLogWorker (SegmentedRaftLogWorker.java:lambda$new$0(134)) - 5b847746-75e9-42bf-94b1-858a537db9cd@group-711D46114548-SegmentedRaftLogWorker: safeCacheEvictIndex: setUnconditionally 0 -> -1
2024-05-09 06:25:14,898 [5b847746-75e9-42bf-94b1-858a537db9cd-groupManagement] INFO  server.RaftServer$Division (RaftServerImpl.java:start(396)) - 5b847746-75e9-42bf-94b1-858a537db9cd@group-711D46114548: start as a follower, conf=-1: peers:[0b714aca-fc82-484b-9944-7b2ffbc45fbf|127.0.0.1:15067, 528b4752-3c7b-4991-99e9-89ee621f29a5|127.0.0.1:15085, 5b847746-75e9-42bf-94b1-858a537db9cd|127.0.0.1:15076]|listeners:[], old=null
2024-05-09 06:25:14,898 [5b847746-75e9-42bf-94b1-858a537db9cd-groupManagement] INFO  server.RaftServer$Division (RaftServerImpl.java:setRole(383)) - 5b847746-75e9-42bf-94b1-858a537db9cd@group-711D46114548: changes role from      null to FOLLOWER at term 0 for startAsFollower
2024-05-09 06:25:14,898 [5b847746-75e9-42bf-94b1-858a537db9cd-groupManagement] INFO  impl.RoleInfo (RoleInfo.java:updateAndGet(139)) - 5b847746-75e9-42bf-94b1-858a537db9cd: start 5b847746-75e9-42bf-94b1-858a537db9cd@group-711D46114548-FollowerState
2024-05-09 06:25:14,899 [5b847746-75e9-42bf-94b1-858a537db9cd-groupManagement] INFO  util.JmxRegister (JmxRegister.java:tryRegister(44)) - Successfully registered JMX Bean with object name Ratis:service=RaftServer,group=group-711D46114548,id=5b847746-75e9-42bf-94b1-858a537db9cd
2024-05-09 06:25:14,899 [5b847746-75e9-42bf-94b1-858a537db9cd-groupManagement] INFO  server.RaftServerConfigKeys (ConfUtils.java:logGet(46)) - raft.server.snapshot.trigger-when-stop.enabled = true (default)
2024-05-09 06:25:14,899 [5b847746-75e9-42bf-94b1-858a537db9cd-groupManagement] INFO  server.RaftServerConfigKeys (ConfUtils.java:logGet(46)) - raft.server.snapshot.auto.trigger.enabled = true (custom)
2024-05-09 06:25:14,899 [5b847746-75e9-42bf-94b1-858a537db9cd-groupManagement] INFO  server.RaftServerConfigKeys (ConfUtils.java:logGet(46)) - raft.server.snapshot.auto.trigger.threshold = 10000 (custom)
2024-05-09 06:25:14,899 [5b847746-75e9-42bf-94b1-858a537db9cd-groupManagement] INFO  server.RaftServerConfigKeys (ConfUtils.java:logGet(46)) - raft.server.snapshot.retention.file.num = 5 (custom)
2024-05-09 06:25:14,899 [5b847746-75e9-42bf-94b1-858a537db9cd-groupManagement] INFO  server.RaftServerConfigKeys (ConfUtils.java:logGet(46)) - raft.server.log.purge.upto.snapshot.index = false (default)
2024-05-09 06:25:14,899 [5b847746-75e9-42bf-94b1-858a537db9cd@group-711D46114548-FollowerState] INFO  server.RaftServerConfigKeys (ConfUtils.java:logFallback(53)) - raft.server.rpc.first-election.timeout.min = 5s (fallback to raft.server.rpc.timeout.min)
2024-05-09 06:25:14,900 [5b847746-75e9-42bf-94b1-858a537db9cd@group-711D46114548-FollowerState] INFO  server.RaftServerConfigKeys (ConfUtils.java:logFallback(53)) - raft.server.rpc.first-election.timeout.max = 5200ms (fallback to raft.server.rpc.timeout.max)
2024-05-09 06:25:14,904 [5b847746-75e9-42bf-94b1-858a537db9cd-groupManagement] INFO  server.RaftServer$Division (RaftServerImpl.java:<init>(256)) - 5b847746-75e9-42bf-94b1-858a537db9cd: new RaftServerImpl for group-A6FAD74B91C2:[0b714aca-fc82-484b-9944-7b2ffbc45fbf|127.0.0.1:15067, 528b4752-3c7b-4991-99e9-89ee621f29a5|127.0.0.1:15085, 5b847746-75e9-42bf-94b1-858a537db9cd|127.0.0.1:15076] with ContainerStateMachine:uninitialized
2024-05-09 06:25:14,904 [5b847746-75e9-42bf-94b1-858a537db9cd-groupManagement] INFO  server.RaftServerConfigKeys (ConfUtils.java:logGet(46)) - raft.server.rpc.timeout.min = 5s (custom)
2024-05-09 06:25:14,904 [5b847746-75e9-42bf-94b1-858a537db9cd-groupManagement] INFO  server.RaftServerConfigKeys (ConfUtils.java:logGet(46)) - raft.server.rpc.timeout.max = 5200ms (custom)
2024-05-09 06:25:14,904 [5b847746-75e9-42bf-94b1-858a537db9cd-groupManagement] INFO  server.RaftServerConfigKeys (ConfUtils.java:logGet(46)) - raft.server.rpc.sleep.time = 25ms (default)
2024-05-09 06:25:14,904 [5b847746-75e9-42bf-94b1-858a537db9cd-groupManagement] INFO  server.RaftServerConfigKeys (ConfUtils.java:logGet(46)) - raft.server.rpc.slowness.timeout = 300000ms (custom)
2024-05-09 06:25:14,904 [5b847746-75e9-42bf-94b1-858a537db9cd-groupManagement] INFO  server.RaftServerConfigKeys (ConfUtils.java:logGet(46)) - raft.server.leaderelection.leader.step-down.wait-time = 10s (default)
2024-05-09 06:25:14,904 [5b847746-75e9-42bf-94b1-858a537db9cd-groupManagement] INFO  server.RaftServerConfigKeys (ConfUtils.java:logGet(46)) - raft.server.leaderelection.member.majority-add = false (default)
2024-05-09 06:25:14,905 [5b847746-75e9-42bf-94b1-858a537db9cd-groupManagement] INFO  server.RaftServerConfigKeys (ConfUtils.java:logGet(46)) - raft.server.sleep.deviation.threshold = 300ms (default)
2024-05-09 06:25:14,905 [5b847746-75e9-42bf-94b1-858a537db9cd-groupManagement] INFO  server.RaftServer$Division (ServerState.java:<init>(113)) - 5b847746-75e9-42bf-94b1-858a537db9cd@group-A6FAD74B91C2: ConfigurationManager, init=-1: peers:[0b714aca-fc82-484b-9944-7b2ffbc45fbf|127.0.0.1:15067, 528b4752-3c7b-4991-99e9-89ee621f29a5|127.0.0.1:15085, 5b847746-75e9-42bf-94b1-858a537db9cd|127.0.0.1:15076]|listeners:[], old=null, confs=<EMPTY_MAP>
2024-05-09 06:25:14,905 [5b847746-75e9-42bf-94b1-858a537db9cd-groupManagement] INFO  server.RaftServerConfigKeys (ConfUtils.java:logGet(46)) - raft.server.notification.no-leader.timeout = 300000ms (custom)
2024-05-09 06:25:14,905 [5b847746-75e9-42bf-94b1-858a537db9cd-groupManagement] INFO  server.RaftServerConfigKeys (ConfUtils.java:logGet(46)) - raft.server.read.timeout = 10s (default)
2024-05-09 06:25:14,905 [5b847746-75e9-42bf-94b1-858a537db9cd-groupManagement] INFO  server.RaftServerConfigKeys (ConfUtils.java:logGet(46)) - raft.server.retrycache.expirytime = 600000ms (custom)
2024-05-09 06:25:14,905 [5b847746-75e9-42bf-94b1-858a537db9cd-groupManagement] INFO  server.RaftServerConfigKeys (ConfUtils.java:logGet(46)) - raft.server.retrycache.statistics.expirytime = 100ms (default)
2024-05-09 06:25:14,905 [5b847746-75e9-42bf-94b1-858a537db9cd-groupManagement] INFO  server.RaftServerConfigKeys (ConfUtils.java:logGet(46)) - raft.server.read.option = DEFAULT (default)
2024-05-09 06:25:14,905 [5b847746-75e9-42bf-94b1-858a537db9cd-groupManagement] INFO  server.RaftServerConfigKeys (ConfUtils.java:logGet(46)) - raft.server.read.read-after-write-consistent.write-index-cache.expiry-time = 60s (default)
2024-05-09 06:25:14,907 [5b847746-75e9-42bf-94b1-858a537db9cd-groupManagement] INFO  server.RaftServerConfigKeys (ConfUtils.java:logGet(46)) - raft.server.rpc.request.timeout = 3000ms (default)
2024-05-09 06:25:14,907 [5b847746-75e9-42bf-94b1-858a537db9cd-groupManagement] INFO  server.RaftServerConfigKeys (ConfUtils.java:logGet(46)) - raft.server.log.appender.install.snapshot.enabled = false (custom)
2024-05-09 06:25:14,907 [5b847746-75e9-42bf-94b1-858a537db9cd-groupManagement] INFO  server.RaftServerConfigKeys (ConfUtils.java:logGet(46)) - raft.server.threadpool.server.cached = true (default)
2024-05-09 06:25:14,907 [5b847746-75e9-42bf-94b1-858a537db9cd-groupManagement] INFO  server.RaftServerConfigKeys (ConfUtils.java:logGet(46)) - raft.server.threadpool.server.size = 0 (default)
2024-05-09 06:25:14,907 [5b847746-75e9-42bf-94b1-858a537db9cd-groupManagement] INFO  server.RaftServerConfigKeys (ConfUtils.java:logGet(46)) - raft.server.threadpool.client.cached = true (default)
2024-05-09 06:25:14,907 [5b847746-75e9-42bf-94b1-858a537db9cd-groupManagement] INFO  server.RaftServerConfigKeys (ConfUtils.java:logGet(46)) - raft.server.threadpool.client.size = 0 (default)
2024-05-09 06:25:14,907 [5b847746-75e9-42bf-94b1-858a537db9cd-groupManagement] INFO  server.RaftServerConfigKeys (ConfUtils.java:logGet(46)) - raft.server.storage.free-space.min = 0MB (=0) (default)
2024-05-09 06:25:14,907 [5b847746-75e9-42bf-94b1-858a537db9cd-groupManagement] INFO  server.RaftServerConfigKeys (ConfUtils.java:logGet(46)) - raft.server.log.corruption.policy = EXCEPTION (default)
2024-05-09 06:25:14,908 [5b847746-75e9-42bf-94b1-858a537db9cd-groupManagement] INFO  server.RaftServerConfigKeys (ConfUtils.java:logGet(46)) - raft.server.storage.dir = [/home/runner/work/ozone/ozone/hadoop-ozone/integration-test/target/test-dir/MiniOzoneClusterImpl-48ce40b1-13f8-460b-b529-5aa00ab75c3e/ozone-meta/datanode-2/ratis] (custom)
2024-05-09 06:25:14,908 [5b847746-75e9-42bf-94b1-858a537db9cd-groupManagement] INFO  storage.RaftStorageDirectory (RaftStorageDirectoryImpl.java:analyzeStorage(138)) - The storage directory /home/runner/work/ozone/ozone/hadoop-ozone/integration-test/target/test-dir/MiniOzoneClusterImpl-48ce40b1-13f8-460b-b529-5aa00ab75c3e/ozone-meta/datanode-2/ratis/a143d81d-e1da-48a4-b870-a6fad74b91c2 does not exist. Creating ...
2024-05-09 06:25:14,909 [5b847746-75e9-42bf-94b1-858a537db9cd-groupManagement] INFO  storage.RaftStorageDirectory (RaftStorageDirectoryImpl.java:tryLock(228)) - Lock on /home/runner/work/ozone/ozone/hadoop-ozone/integration-test/target/test-dir/MiniOzoneClusterImpl-48ce40b1-13f8-460b-b529-5aa00ab75c3e/ozone-meta/datanode-2/ratis/a143d81d-e1da-48a4-b870-a6fad74b91c2/in_use.lock acquired by nodename 52187@fv-az737-206
2024-05-09 06:25:14,910 [5b847746-75e9-42bf-94b1-858a537db9cd-groupManagement] INFO  storage.RaftStorage (RaftStorageImpl.java:format(99)) - Storage directory /home/runner/work/ozone/ozone/hadoop-ozone/integration-test/target/test-dir/MiniOzoneClusterImpl-48ce40b1-13f8-460b-b529-5aa00ab75c3e/ozone-meta/datanode-2/ratis/a143d81d-e1da-48a4-b870-a6fad74b91c2 has been successfully formatted.
2024-05-09 06:25:14,910 [5b847746-75e9-42bf-94b1-858a537db9cd-groupManagement] WARN  util.FileUtils (LogUtils.java:supplyAndLog(63)) - Failed to Files.newInputStream /home/runner/work/ozone/ozone/hadoop-ozone/integration-test/target/test-dir/MiniOzoneClusterImpl-48ce40b1-13f8-460b-b529-5aa00ab75c3e/ozone-meta/datanode-2/ratis/a143d81d-e1da-48a4-b870-a6fad74b91c2/current/raft-meta.conf with options []: java.nio.file.NoSuchFileException: /home/runner/work/ozone/ozone/hadoop-ozone/integration-test/target/test-dir/MiniOzoneClusterImpl-48ce40b1-13f8-460b-b529-5aa00ab75c3e/ozone-meta/datanode-2/ratis/a143d81d-e1da-48a4-b870-a6fad74b91c2/current/raft-meta.conf
2024-05-09 06:25:14,910 [5b847746-75e9-42bf-94b1-858a537db9cd-groupManagement] INFO  ratis.ContainerStateMachine (ContainerStateMachine.java:loadSnapshot(287)) - group-A6FAD74B91C2: The snapshot info is null. Setting the last applied index to:(t:0, i:~)
2024-05-09 06:25:14,910 [5b847746-75e9-42bf-94b1-858a537db9cd-groupManagement] INFO  server.RaftServerConfigKeys (ConfUtils.java:logGet(46)) - raft.server.log.use.memory = false (default)
2024-05-09 06:25:14,911 [5b847746-75e9-42bf-94b1-858a537db9cd-groupManagement] INFO  server.RaftServerConfigKeys (ConfUtils.java:logGet(46)) - raft.server.log.purge.gap = 1000000 (custom)
2024-05-09 06:25:14,911 [5b847746-75e9-42bf-94b1-858a537db9cd-groupManagement] INFO  server.RaftServerConfigKeys (ConfUtils.java:logGet(46)) - raft.server.log.appender.buffer.byte-limit = 8388608 (custom)
2024-05-09 06:25:14,911 [5b847746-75e9-42bf-94b1-858a537db9cd-groupManagement] INFO  server.RaftServerConfigKeys (ConfUtils.java:logGet(46)) - raft.server.log.statemachine.data.read.timeout = 1000ms (default)
2024-05-09 06:25:14,911 [5b847746-75e9-42bf-94b1-858a537db9cd-groupManagement] INFO  server.RaftServerConfigKeys (ConfUtils.java:logGet(46)) - raft.server.log.purge.preservation.log.num = 0 (default)
2024-05-09 06:25:14,912 [5b847746-75e9-42bf-94b1-858a537db9cd-groupManagement] INFO  server.RaftServerConfigKeys (ConfUtils.java:logGet(46)) - raft.server.log.segment.size.max = 67108864 (custom)
2024-05-09 06:25:14,912 [5b847746-75e9-42bf-94b1-858a537db9cd-groupManagement] INFO  server.RaftServerConfigKeys (ConfUtils.java:logGet(46)) - raft.server.log.segment.cache.num.max = 2 (custom)
2024-05-09 06:25:14,912 [5b847746-75e9-42bf-94b1-858a537db9cd-groupManagement] INFO  server.RaftServerConfigKeys (ConfUtils.java:logGet(46)) - raft.server.log.segment.cache.size.max = 200MB (=209715200) (default)
2024-05-09 06:25:14,912 [5b847746-75e9-42bf-94b1-858a537db9cd-groupManagement] INFO  server.RaftServerConfigKeys (ConfUtils.java:logGet(46)) - raft.server.log.appender.buffer.byte-limit = 8388608 (custom)
2024-05-09 06:25:14,912 [EventQueue-OpenPipelineForHealthyPipelineSafeModeRule] INFO  safemode.SCMSafeModeManager (HealthyPipelineSafeModeRule.java:process(140)) - SCM in safe mode. Healthy pipelines reported count is 0, required healthy pipeline reported count is 1
2024-05-09 06:25:14,913 [0b714aca-fc82-484b-9944-7b2ffbc45fbf-PipelineCommandHandlerThread-0] INFO  commandhandler.CreatePipelineCommandHandler (CreatePipelineCommandHandler.java:lambda$handle$2(124)) - Created Pipeline RATIS THREE PipelineID=876e6361-94bf-493c-a223-711d46114548.
2024-05-09 06:25:14,913 [0b714aca-fc82-484b-9944-7b2ffbc45fbf-PipelineCommandHandlerThread-0] INFO  server.RaftServer (RaftServerProxy.java:addNew(100)) - 0b714aca-fc82-484b-9944-7b2ffbc45fbf: addNew group-A6FAD74B91C2:[0b714aca-fc82-484b-9944-7b2ffbc45fbf|127.0.0.1:15067, 528b4752-3c7b-4991-99e9-89ee621f29a5|127.0.0.1:15085, 5b847746-75e9-42bf-94b1-858a537db9cd|127.0.0.1:15076] returns group-A6FAD74B91C2:java.util.concurrent.CompletableFuture@7025eaa5[Not completed]
2024-05-09 06:25:14,914 [0b714aca-fc82-484b-9944-7b2ffbc45fbf-groupManagement] INFO  server.RaftServer$Division (RaftServerImpl.java:<init>(256)) - 0b714aca-fc82-484b-9944-7b2ffbc45fbf: new RaftServerImpl for group-A6FAD74B91C2:[0b714aca-fc82-484b-9944-7b2ffbc45fbf|127.0.0.1:15067, 528b4752-3c7b-4991-99e9-89ee621f29a5|127.0.0.1:15085, 5b847746-75e9-42bf-94b1-858a537db9cd|127.0.0.1:15076] with ContainerStateMachine:uninitialized
2024-05-09 06:25:14,914 [0b714aca-fc82-484b-9944-7b2ffbc45fbf-groupManagement] INFO  server.RaftServerConfigKeys (ConfUtils.java:logGet(46)) - raft.server.rpc.timeout.min = 5s (custom)
2024-05-09 06:25:14,914 [0b714aca-fc82-484b-9944-7b2ffbc45fbf-groupManagement] INFO  server.RaftServerConfigKeys (ConfUtils.java:logGet(46)) - raft.server.rpc.timeout.max = 5200ms (custom)
2024-05-09 06:25:14,914 [0b714aca-fc82-484b-9944-7b2ffbc45fbf-groupManagement] INFO  server.RaftServerConfigKeys (ConfUtils.java:logGet(46)) - raft.server.rpc.sleep.time = 25ms (default)
2024-05-09 06:25:14,915 [0b714aca-fc82-484b-9944-7b2ffbc45fbf-groupManagement] INFO  server.RaftServerConfigKeys (ConfUtils.java:logGet(46)) - raft.server.rpc.slowness.timeout = 300000ms (custom)
2024-05-09 06:25:14,915 [0b714aca-fc82-484b-9944-7b2ffbc45fbf-groupManagement] INFO  server.RaftServerConfigKeys (ConfUtils.java:logGet(46)) - raft.server.leaderelection.leader.step-down.wait-time = 10s (default)
2024-05-09 06:25:14,915 [0b714aca-fc82-484b-9944-7b2ffbc45fbf-groupManagement] INFO  server.RaftServerConfigKeys (ConfUtils.java:logGet(46)) - raft.server.leaderelection.member.majority-add = false (default)
2024-05-09 06:25:14,915 [0b714aca-fc82-484b-9944-7b2ffbc45fbf-groupManagement] INFO  server.RaftServerConfigKeys (ConfUtils.java:logGet(46)) - raft.server.sleep.deviation.threshold = 300ms (default)
2024-05-09 06:25:14,915 [0b714aca-fc82-484b-9944-7b2ffbc45fbf-groupManagement] INFO  server.RaftServer$Division (ServerState.java:<init>(113)) - 0b714aca-fc82-484b-9944-7b2ffbc45fbf@group-A6FAD74B91C2: ConfigurationManager, init=-1: peers:[0b714aca-fc82-484b-9944-7b2ffbc45fbf|127.0.0.1:15067, 528b4752-3c7b-4991-99e9-89ee621f29a5|127.0.0.1:15085, 5b847746-75e9-42bf-94b1-858a537db9cd|127.0.0.1:15076]|listeners:[], old=null, confs=<EMPTY_MAP>
2024-05-09 06:25:14,915 [0b714aca-fc82-484b-9944-7b2ffbc45fbf-groupManagement] INFO  server.RaftServerConfigKeys (ConfUtils.java:logGet(46)) - raft.server.notification.no-leader.timeout = 300000ms (custom)
2024-05-09 06:25:14,915 [0b714aca-fc82-484b-9944-7b2ffbc45fbf-groupManagement] INFO  server.RaftServerConfigKeys (ConfUtils.java:logGet(46)) - raft.server.read.timeout = 10s (default)
2024-05-09 06:25:14,915 [0b714aca-fc82-484b-9944-7b2ffbc45fbf-groupManagement] INFO  server.RaftServerConfigKeys (ConfUtils.java:logGet(46)) - raft.server.retrycache.expirytime = 600000ms (custom)
2024-05-09 06:25:14,915 [0b714aca-fc82-484b-9944-7b2ffbc45fbf-groupManagement] INFO  server.RaftServerConfigKeys (ConfUtils.java:logGet(46)) - raft.server.retrycache.statistics.expirytime = 100ms (default)
2024-05-09 06:25:14,915 [0b714aca-fc82-484b-9944-7b2ffbc45fbf-groupManagement] INFO  server.RaftServerConfigKeys (ConfUtils.java:logGet(46)) - raft.server.read.option = DEFAULT (default)
2024-05-09 06:25:14,915 [0b714aca-fc82-484b-9944-7b2ffbc45fbf-groupManagement] INFO  server.RaftServerConfigKeys (ConfUtils.java:logGet(46)) - raft.server.read.read-after-write-consistent.write-index-cache.expiry-time = 60s (default)
2024-05-09 06:25:14,917 [0b714aca-fc82-484b-9944-7b2ffbc45fbf-groupManagement] INFO  server.RaftServerConfigKeys (ConfUtils.java:logGet(46)) - raft.server.rpc.request.timeout = 3000ms (default)
2024-05-09 06:25:14,917 [0b714aca-fc82-484b-9944-7b2ffbc45fbf-groupManagement] INFO  server.RaftServerConfigKeys (ConfUtils.java:logGet(46)) - raft.server.log.appender.install.snapshot.enabled = false (custom)
2024-05-09 06:25:14,917 [0b714aca-fc82-484b-9944-7b2ffbc45fbf-groupManagement] INFO  server.RaftServerConfigKeys (ConfUtils.java:logGet(46)) - raft.server.threadpool.server.cached = true (default)
2024-05-09 06:25:14,917 [0b714aca-fc82-484b-9944-7b2ffbc45fbf-groupManagement] INFO  server.RaftServerConfigKeys (ConfUtils.java:logGet(46)) - raft.server.threadpool.server.size = 0 (default)
2024-05-09 06:25:14,917 [0b714aca-fc82-484b-9944-7b2ffbc45fbf-groupManagement] INFO  server.RaftServerConfigKeys (ConfUtils.java:logGet(46)) - raft.server.threadpool.client.cached = true (default)
2024-05-09 06:25:14,917 [0b714aca-fc82-484b-9944-7b2ffbc45fbf-groupManagement] INFO  server.RaftServerConfigKeys (ConfUtils.java:logGet(46)) - raft.server.threadpool.client.size = 0 (default)
2024-05-09 06:25:14,917 [5b847746-75e9-42bf-94b1-858a537db9cd-groupManagement] INFO  util.AwaitToRun (AwaitToRun.java:start(81)) - Thread[5b847746-75e9-42bf-94b1-858a537db9cd@group-A6FAD74B91C2-cacheEviction-AwaitToRun,5,main] started
2024-05-09 06:25:14,918 [5b847746-75e9-42bf-94b1-858a537db9cd-groupManagement] INFO  segmented.SegmentedRaftLogWorker (SegmentedRaftLogWorker.java:<init>(182)) - new 5b847746-75e9-42bf-94b1-858a537db9cd@group-A6FAD74B91C2-SegmentedRaftLogWorker for RaftStorageImpl:Storage Directory /home/runner/work/ozone/ozone/hadoop-ozone/integration-test/target/test-dir/MiniOzoneClusterImpl-48ce40b1-13f8-460b-b529-5aa00ab75c3e/ozone-meta/datanode-2/ratis/a143d81d-e1da-48a4-b870-a6fad74b91c2
2024-05-09 06:25:14,918 [5b847746-75e9-42bf-94b1-858a537db9cd-groupManagement] INFO  server.RaftServerConfigKeys (ConfUtils.java:logGet(46)) - raft.server.log.queue.byte-limit = 4294967296 (custom)
2024-05-09 06:25:14,918 [5b847746-75e9-42bf-94b1-858a537db9cd-groupManagement] INFO  server.RaftServerConfigKeys (ConfUtils.java:logGet(46)) - raft.server.log.queue.element-limit = 1024 (custom)
2024-05-09 06:25:14,918 [5b847746-75e9-42bf-94b1-858a537db9cd-groupManagement] INFO  server.RaftServerConfigKeys (ConfUtils.java:logGet(46)) - raft.server.log.segment.size.max = 67108864 (custom)
2024-05-09 06:25:14,918 [5b847746-75e9-42bf-94b1-858a537db9cd-groupManagement] INFO  server.RaftServerConfigKeys (ConfUtils.java:logGet(46)) - raft.server.log.preallocated.size = 4194304 (custom)
2024-05-09 06:25:14,918 [5b847746-75e9-42bf-94b1-858a537db9cd-groupManagement] INFO  server.RaftServerConfigKeys (ConfUtils.java:logGet(46)) - raft.server.log.force.sync.num = 128 (default)
2024-05-09 06:25:14,918 [5b847746-75e9-42bf-94b1-858a537db9cd-groupManagement] INFO  server.RaftServerConfigKeys (ConfUtils.java:logGet(46)) - raft.server.log.statemachine.data.sync = true (default)
2024-05-09 06:25:14,919 [5b847746-75e9-42bf-94b1-858a537db9cd-groupManagement] INFO  server.RaftServerConfigKeys (ConfUtils.java:logGet(46)) - raft.server.log.statemachine.data.sync.timeout = 10s (default)
2024-05-09 06:25:14,919 [5b847746-75e9-42bf-94b1-858a537db9cd-groupManagement] INFO  server.RaftServerConfigKeys (ConfUtils.java:logGet(46)) - raft.server.log.statemachine.data.sync.timeout.retry = 30 (custom)
2024-05-09 06:25:14,919 [5b847746-75e9-42bf-94b1-858a537db9cd-groupManagement] INFO  server.RaftServerConfigKeys (ConfUtils.java:logGet(46)) - raft.server.log.write.buffer.size = 8388616 (custom)
2024-05-09 06:25:14,917 [0b714aca-fc82-484b-9944-7b2ffbc45fbf-groupManagement] INFO  server.RaftServerConfigKeys (ConfUtils.java:logGet(46)) - raft.server.storage.free-space.min = 0MB (=0) (default)
2024-05-09 06:25:14,920 [0b714aca-fc82-484b-9944-7b2ffbc45fbf-groupManagement] INFO  server.RaftServerConfigKeys (ConfUtils.java:logGet(46)) - raft.server.log.corruption.policy = EXCEPTION (default)
2024-05-09 06:25:14,920 [0b714aca-fc82-484b-9944-7b2ffbc45fbf-groupManagement] INFO  server.RaftServerConfigKeys (ConfUtils.java:logGet(46)) - raft.server.storage.dir = [/home/runner/work/ozone/ozone/hadoop-ozone/integration-test/target/test-dir/MiniOzoneClusterImpl-48ce40b1-13f8-460b-b529-5aa00ab75c3e/ozone-meta/datanode-1/ratis] (custom)
2024-05-09 06:25:14,920 [0b714aca-fc82-484b-9944-7b2ffbc45fbf-groupManagement] INFO  storage.RaftStorageDirectory (RaftStorageDirectoryImpl.java:analyzeStorage(138)) - The storage directory /home/runner/work/ozone/ozone/hadoop-ozone/integration-test/target/test-dir/MiniOzoneClusterImpl-48ce40b1-13f8-460b-b529-5aa00ab75c3e/ozone-meta/datanode-1/ratis/a143d81d-e1da-48a4-b870-a6fad74b91c2 does not exist. Creating ...
2024-05-09 06:25:14,921 [0b714aca-fc82-484b-9944-7b2ffbc45fbf-groupManagement] INFO  storage.RaftStorageDirectory (RaftStorageDirectoryImpl.java:tryLock(228)) - Lock on /home/runner/work/ozone/ozone/hadoop-ozone/integration-test/target/test-dir/MiniOzoneClusterImpl-48ce40b1-13f8-460b-b529-5aa00ab75c3e/ozone-meta/datanode-1/ratis/a143d81d-e1da-48a4-b870-a6fad74b91c2/in_use.lock acquired by nodename 52187@fv-az737-206
2024-05-09 06:25:14,922 [5b847746-75e9-42bf-94b1-858a537db9cd-groupManagement] INFO  server.RaftServerConfigKeys (ConfUtils.java:logGet(46)) - raft.server.log.appender.buffer.byte-limit = 8388608 (custom)
2024-05-09 06:25:14,922 [5b847746-75e9-42bf-94b1-858a537db9cd-groupManagement] INFO  server.RaftServerConfigKeys (ConfUtils.java:logGet(46)) - raft.server.log.unsafe-flush.enabled = false (default)
2024-05-09 06:25:14,922 [5b847746-75e9-42bf-94b1-858a537db9cd-groupManagement] INFO  server.RaftServerConfigKeys (ConfUtils.java:logGet(46)) - raft.server.log.async-flush.enabled = false (default)
2024-05-09 06:25:14,922 [5b847746-75e9-42bf-94b1-858a537db9cd-groupManagement] INFO  server.RaftServerConfigKeys (ConfUtils.java:logGet(46)) - raft.server.log.statemachine.data.caching.enabled = true (custom)
2024-05-09 06:25:14,922 [5b847746-75e9-42bf-94b1-858a537db9cd-groupManagement] INFO  segmented.SegmentedRaftLogWorker (SegmentedRaftLogWorker.java:lambda$new$0(134)) - 5b847746-75e9-42bf-94b1-858a537db9cd@group-A6FAD74B91C2-SegmentedRaftLogWorker: flushIndex: setUnconditionally 0 -> -1
2024-05-09 06:25:14,922 [5b847746-75e9-42bf-94b1-858a537db9cd-groupManagement] INFO  segmented.SegmentedRaftLogWorker (SegmentedRaftLogWorker.java:lambda$new$0(134)) - 5b847746-75e9-42bf-94b1-858a537db9cd@group-A6FAD74B91C2-SegmentedRaftLogWorker: safeCacheEvictIndex: setUnconditionally 0 -> -1
2024-05-09 06:25:14,922 [0b714aca-fc82-484b-9944-7b2ffbc45fbf-groupManagement] INFO  storage.RaftStorage (RaftStorageImpl.java:format(99)) - Storage directory /home/runner/work/ozone/ozone/hadoop-ozone/integration-test/target/test-dir/MiniOzoneClusterImpl-48ce40b1-13f8-460b-b529-5aa00ab75c3e/ozone-meta/datanode-1/ratis/a143d81d-e1da-48a4-b870-a6fad74b91c2 has been successfully formatted.
2024-05-09 06:25:14,922 [0b714aca-fc82-484b-9944-7b2ffbc45fbf-groupManagement] WARN  util.FileUtils (LogUtils.java:supplyAndLog(63)) - Failed to Files.newInputStream /home/runner/work/ozone/ozone/hadoop-ozone/integration-test/target/test-dir/MiniOzoneClusterImpl-48ce40b1-13f8-460b-b529-5aa00ab75c3e/ozone-meta/datanode-1/ratis/a143d81d-e1da-48a4-b870-a6fad74b91c2/current/raft-meta.conf with options []: java.nio.file.NoSuchFileException: /home/runner/work/ozone/ozone/hadoop-ozone/integration-test/target/test-dir/MiniOzoneClusterImpl-48ce40b1-13f8-460b-b529-5aa00ab75c3e/ozone-meta/datanode-1/ratis/a143d81d-e1da-48a4-b870-a6fad74b91c2/current/raft-meta.conf
2024-05-09 06:25:14,923 [0b714aca-fc82-484b-9944-7b2ffbc45fbf-groupManagement] INFO  ratis.ContainerStateMachine (ContainerStateMachine.java:loadSnapshot(287)) - group-A6FAD74B91C2: The snapshot info is null. Setting the last applied index to:(t:0, i:~)
2024-05-09 06:25:14,923 [0b714aca-fc82-484b-9944-7b2ffbc45fbf-groupManagement] INFO  server.RaftServerConfigKeys (ConfUtils.java:logGet(46)) - raft.server.log.use.memory = false (default)
2024-05-09 06:25:14,923 [0b714aca-fc82-484b-9944-7b2ffbc45fbf-groupManagement] INFO  server.RaftServerConfigKeys (ConfUtils.java:logGet(46)) - raft.server.log.purge.gap = 1000000 (custom)
2024-05-09 06:25:14,923 [0b714aca-fc82-484b-9944-7b2ffbc45fbf-groupManagement] INFO  server.RaftServerConfigKeys (ConfUtils.java:logGet(46)) - raft.server.log.appender.buffer.byte-limit = 8388608 (custom)
2024-05-09 06:25:14,923 [0b714aca-fc82-484b-9944-7b2ffbc45fbf-groupManagement] INFO  server.RaftServerConfigKeys (ConfUtils.java:logGet(46)) - raft.server.log.statemachine.data.read.timeout = 1000ms (default)
2024-05-09 06:25:14,923 [0b714aca-fc82-484b-9944-7b2ffbc45fbf-groupManagement] INFO  server.RaftServerConfigKeys (ConfUtils.java:logGet(46)) - raft.server.log.purge.preservation.log.num = 0 (default)
2024-05-09 06:25:14,924 [EventQueue-OpenPipelineForHealthyPipelineSafeModeRule] INFO  safemode.SCMSafeModeManager (HealthyPipelineSafeModeRule.java:process(140)) - SCM in safe mode. Healthy pipelines reported count is 0, required healthy pipeline reported count is 1
2024-05-09 06:25:14,924 [0b714aca-fc82-484b-9944-7b2ffbc45fbf-groupManagement] INFO  server.RaftServerConfigKeys (ConfUtils.java:logGet(46)) - raft.server.log.segment.size.max = 67108864 (custom)
2024-05-09 06:25:14,925 [0b714aca-fc82-484b-9944-7b2ffbc45fbf-groupManagement] INFO  server.RaftServerConfigKeys (ConfUtils.java:logGet(46)) - raft.server.log.segment.cache.num.max = 2 (custom)
2024-05-09 06:25:14,925 [0b714aca-fc82-484b-9944-7b2ffbc45fbf-groupManagement] INFO  server.RaftServerConfigKeys (ConfUtils.java:logGet(46)) - raft.server.log.segment.cache.size.max = 200MB (=209715200) (default)
2024-05-09 06:25:14,925 [0b714aca-fc82-484b-9944-7b2ffbc45fbf-groupManagement] INFO  server.RaftServerConfigKeys (ConfUtils.java:logGet(46)) - raft.server.log.appender.buffer.byte-limit = 8388608 (custom)
2024-05-09 06:25:14,925 [5b847746-75e9-42bf-94b1-858a537db9cd-groupManagement] INFO  server.RaftServer$Division (RaftServerImpl.java:start(396)) - 5b847746-75e9-42bf-94b1-858a537db9cd@group-A6FAD74B91C2: start as a follower, conf=-1: peers:[0b714aca-fc82-484b-9944-7b2ffbc45fbf|127.0.0.1:15067, 528b4752-3c7b-4991-99e9-89ee621f29a5|127.0.0.1:15085, 5b847746-75e9-42bf-94b1-858a537db9cd|127.0.0.1:15076]|listeners:[], old=null
2024-05-09 06:25:14,925 [0b714aca-fc82-484b-9944-7b2ffbc45fbf-groupManagement] INFO  util.AwaitToRun (AwaitToRun.java:start(81)) - Thread[0b714aca-fc82-484b-9944-7b2ffbc45fbf@group-A6FAD74B91C2-cacheEviction-AwaitToRun,5,main] started
2024-05-09 06:25:14,925 [0b714aca-fc82-484b-9944-7b2ffbc45fbf-groupManagement] INFO  segmented.SegmentedRaftLogWorker (SegmentedRaftLogWorker.java:<init>(182)) - new 0b714aca-fc82-484b-9944-7b2ffbc45fbf@group-A6FAD74B91C2-SegmentedRaftLogWorker for RaftStorageImpl:Storage Directory /home/runner/work/ozone/ozone/hadoop-ozone/integration-test/target/test-dir/MiniOzoneClusterImpl-48ce40b1-13f8-460b-b529-5aa00ab75c3e/ozone-meta/datanode-1/ratis/a143d81d-e1da-48a4-b870-a6fad74b91c2
2024-05-09 06:25:14,925 [0b714aca-fc82-484b-9944-7b2ffbc45fbf-groupManagement] INFO  server.RaftServerConfigKeys (ConfUtils.java:logGet(46)) - raft.server.log.queue.byte-limit = 4294967296 (custom)
2024-05-09 06:25:14,925 [0b714aca-fc82-484b-9944-7b2ffbc45fbf-groupManagement] INFO  server.RaftServerConfigKeys (ConfUtils.java:logGet(46)) - raft.server.log.queue.element-limit = 1024 (custom)
2024-05-09 06:25:14,925 [0b714aca-fc82-484b-9944-7b2ffbc45fbf-groupManagement] INFO  server.RaftServerConfigKeys (ConfUtils.java:logGet(46)) - raft.server.log.segment.size.max = 67108864 (custom)
2024-05-09 06:25:14,925 [0b714aca-fc82-484b-9944-7b2ffbc45fbf-groupManagement] INFO  server.RaftServerConfigKeys (ConfUtils.java:logGet(46)) - raft.server.log.preallocated.size = 4194304 (custom)
2024-05-09 06:25:14,926 [0b714aca-fc82-484b-9944-7b2ffbc45fbf-groupManagement] INFO  server.RaftServerConfigKeys (ConfUtils.java:logGet(46)) - raft.server.log.force.sync.num = 128 (default)
2024-05-09 06:25:14,926 [0b714aca-fc82-484b-9944-7b2ffbc45fbf-groupManagement] INFO  server.RaftServerConfigKeys (ConfUtils.java:logGet(46)) - raft.server.log.statemachine.data.sync = true (default)
2024-05-09 06:25:14,925 [5b847746-75e9-42bf-94b1-858a537db9cd-groupManagement] INFO  server.RaftServer$Division (RaftServerImpl.java:setRole(383)) - 5b847746-75e9-42bf-94b1-858a537db9cd@group-A6FAD74B91C2: changes role from      null to FOLLOWER at term 0 for startAsFollower
2024-05-09 06:25:14,926 [0b714aca-fc82-484b-9944-7b2ffbc45fbf-groupManagement] INFO  server.RaftServerConfigKeys (ConfUtils.java:logGet(46)) - raft.server.log.statemachine.data.sync.timeout = 10s (default)
2024-05-09 06:25:14,926 [0b714aca-fc82-484b-9944-7b2ffbc45fbf-groupManagement] INFO  server.RaftServerConfigKeys (ConfUtils.java:logGet(46)) - raft.server.log.statemachine.data.sync.timeout.retry = 30 (custom)
2024-05-09 06:25:14,926 [5b847746-75e9-42bf-94b1-858a537db9cd-groupManagement] INFO  impl.RoleInfo (RoleInfo.java:updateAndGet(139)) - 5b847746-75e9-42bf-94b1-858a537db9cd: start 5b847746-75e9-42bf-94b1-858a537db9cd@group-A6FAD74B91C2-FollowerState
2024-05-09 06:25:14,926 [0b714aca-fc82-484b-9944-7b2ffbc45fbf-groupManagement] INFO  server.RaftServerConfigKeys (ConfUtils.java:logGet(46)) - raft.server.log.write.buffer.size = 8388616 (custom)
2024-05-09 06:25:14,928 [0b714aca-fc82-484b-9944-7b2ffbc45fbf-groupManagement] INFO  server.RaftServerConfigKeys (ConfUtils.java:logGet(46)) - raft.server.log.appender.buffer.byte-limit = 8388608 (custom)
2024-05-09 06:25:14,928 [0b714aca-fc82-484b-9944-7b2ffbc45fbf-groupManagement] INFO  server.RaftServerConfigKeys (ConfUtils.java:logGet(46)) - raft.server.log.unsafe-flush.enabled = false (default)
2024-05-09 06:25:14,928 [0b714aca-fc82-484b-9944-7b2ffbc45fbf-groupManagement] INFO  server.RaftServerConfigKeys (ConfUtils.java:logGet(46)) - raft.server.log.async-flush.enabled = false (default)
2024-05-09 06:25:14,928 [0b714aca-fc82-484b-9944-7b2ffbc45fbf-groupManagement] INFO  server.RaftServerConfigKeys (ConfUtils.java:logGet(46)) - raft.server.log.statemachine.data.caching.enabled = true (custom)
2024-05-09 06:25:14,928 [0b714aca-fc82-484b-9944-7b2ffbc45fbf-groupManagement] INFO  segmented.SegmentedRaftLogWorker (SegmentedRaftLogWorker.java:lambda$new$0(134)) - 0b714aca-fc82-484b-9944-7b2ffbc45fbf@group-A6FAD74B91C2-SegmentedRaftLogWorker: flushIndex: setUnconditionally 0 -> -1
2024-05-09 06:25:14,928 [0b714aca-fc82-484b-9944-7b2ffbc45fbf-groupManagement] INFO  segmented.SegmentedRaftLogWorker (SegmentedRaftLogWorker.java:lambda$new$0(134)) - 0b714aca-fc82-484b-9944-7b2ffbc45fbf@group-A6FAD74B91C2-SegmentedRaftLogWorker: safeCacheEvictIndex: setUnconditionally 0 -> -1
2024-05-09 06:25:14,928 [5b847746-75e9-42bf-94b1-858a537db9cd-groupManagement] INFO  util.JmxRegister (JmxRegister.java:tryRegister(44)) - Successfully registered JMX Bean with object name Ratis:service=RaftServer,group=group-A6FAD74B91C2,id=5b847746-75e9-42bf-94b1-858a537db9cd
2024-05-09 06:25:14,928 [0b714aca-fc82-484b-9944-7b2ffbc45fbf-groupManagement] INFO  server.RaftServer$Division (RaftServerImpl.java:start(396)) - 0b714aca-fc82-484b-9944-7b2ffbc45fbf@group-A6FAD74B91C2: start as a follower, conf=-1: peers:[0b714aca-fc82-484b-9944-7b2ffbc45fbf|127.0.0.1:15067, 528b4752-3c7b-4991-99e9-89ee621f29a5|127.0.0.1:15085, 5b847746-75e9-42bf-94b1-858a537db9cd|127.0.0.1:15076]|listeners:[], old=null
2024-05-09 06:25:14,928 [5b847746-75e9-42bf-94b1-858a537db9cd-groupManagement] INFO  server.RaftServerConfigKeys (ConfUtils.java:logGet(46)) - raft.server.snapshot.trigger-when-stop.enabled = true (default)
2024-05-09 06:25:14,928 [5b847746-75e9-42bf-94b1-858a537db9cd@group-A6FAD74B91C2-FollowerState] INFO  server.RaftServerConfigKeys (ConfUtils.java:logFallback(53)) - raft.server.rpc.first-election.timeout.min = 5s (fallback to raft.server.rpc.timeout.min)
2024-05-09 06:25:14,928 [0b714aca-fc82-484b-9944-7b2ffbc45fbf-groupManagement] INFO  server.RaftServer$Division (RaftServerImpl.java:setRole(383)) - 0b714aca-fc82-484b-9944-7b2ffbc45fbf@group-A6FAD74B91C2: changes role from      null to FOLLOWER at term 0 for startAsFollower
2024-05-09 06:25:14,929 [5b847746-75e9-42bf-94b1-858a537db9cd-groupManagement] INFO  server.RaftServerConfigKeys (ConfUtils.java:logGet(46)) - raft.server.snapshot.auto.trigger.enabled = true (custom)
2024-05-09 06:25:14,929 [5b847746-75e9-42bf-94b1-858a537db9cd@group-A6FAD74B91C2-FollowerState] INFO  server.RaftServerConfigKeys (ConfUtils.java:logFallback(53)) - raft.server.rpc.first-election.timeout.max = 5200ms (fallback to raft.server.rpc.timeout.max)
2024-05-09 06:25:14,929 [0b714aca-fc82-484b-9944-7b2ffbc45fbf-groupManagement] INFO  impl.RoleInfo (RoleInfo.java:updateAndGet(139)) - 0b714aca-fc82-484b-9944-7b2ffbc45fbf: start 0b714aca-fc82-484b-9944-7b2ffbc45fbf@group-A6FAD74B91C2-FollowerState
2024-05-09 06:25:14,929 [5b847746-75e9-42bf-94b1-858a537db9cd-groupManagement] INFO  server.RaftServerConfigKeys (ConfUtils.java:logGet(46)) - raft.server.snapshot.auto.trigger.threshold = 10000 (custom)
2024-05-09 06:25:14,929 [5b847746-75e9-42bf-94b1-858a537db9cd-groupManagement] INFO  server.RaftServerConfigKeys (ConfUtils.java:logGet(46)) - raft.server.snapshot.retention.file.num = 5 (custom)
2024-05-09 06:25:14,929 [0b714aca-fc82-484b-9944-7b2ffbc45fbf@group-A6FAD74B91C2-FollowerState] INFO  server.RaftServerConfigKeys (ConfUtils.java:logFallback(53)) - raft.server.rpc.first-election.timeout.min = 5s (fallback to raft.server.rpc.timeout.min)
2024-05-09 06:25:14,929 [0b714aca-fc82-484b-9944-7b2ffbc45fbf-groupManagement] INFO  util.JmxRegister (JmxRegister.java:tryRegister(44)) - Successfully registered JMX Bean with object name Ratis:service=RaftServer,group=group-A6FAD74B91C2,id=0b714aca-fc82-484b-9944-7b2ffbc45fbf
2024-05-09 06:25:14,929 [0b714aca-fc82-484b-9944-7b2ffbc45fbf@group-A6FAD74B91C2-FollowerState] INFO  server.RaftServerConfigKeys (ConfUtils.java:logFallback(53)) - raft.server.rpc.first-election.timeout.max = 5200ms (fallback to raft.server.rpc.timeout.max)
2024-05-09 06:25:14,929 [5b847746-75e9-42bf-94b1-858a537db9cd-groupManagement] INFO  server.RaftServerConfigKeys (ConfUtils.java:logGet(46)) - raft.server.log.purge.upto.snapshot.index = false (default)
2024-05-09 06:25:14,929 [0b714aca-fc82-484b-9944-7b2ffbc45fbf-groupManagement] INFO  server.RaftServerConfigKeys (ConfUtils.java:logGet(46)) - raft.server.snapshot.trigger-when-stop.enabled = true (default)
2024-05-09 06:25:14,929 [0b714aca-fc82-484b-9944-7b2ffbc45fbf-groupManagement] INFO  server.RaftServerConfigKeys (ConfUtils.java:logGet(46)) - raft.server.snapshot.auto.trigger.enabled = true (custom)
2024-05-09 06:25:14,929 [0b714aca-fc82-484b-9944-7b2ffbc45fbf-groupManagement] INFO  server.RaftServerConfigKeys (ConfUtils.java:logGet(46)) - raft.server.snapshot.auto.trigger.threshold = 10000 (custom)
2024-05-09 06:25:14,929 [0b714aca-fc82-484b-9944-7b2ffbc45fbf-groupManagement] INFO  server.RaftServerConfigKeys (ConfUtils.java:logGet(46)) - raft.server.snapshot.retention.file.num = 5 (custom)
2024-05-09 06:25:14,930 [0b714aca-fc82-484b-9944-7b2ffbc45fbf-groupManagement] INFO  server.RaftServerConfigKeys (ConfUtils.java:logGet(46)) - raft.server.log.purge.upto.snapshot.index = false (default)
2024-05-09 06:25:14,930 [0b714aca-fc82-484b-9944-7b2ffbc45fbf-PipelineCommandHandlerThread-0] INFO  ratis.XceiverServerRatis (XceiverServerRatis.java:addGroup(864)) - Created group PipelineID=a143d81d-e1da-48a4-b870-a6fad74b91c2
2024-05-09 06:25:14,930 [5b847746-75e9-42bf-94b1-858a537db9cd-PipelineCommandHandlerThread-0] INFO  ratis.XceiverServerRatis (XceiverServerRatis.java:addGroup(864)) - Created group PipelineID=a143d81d-e1da-48a4-b870-a6fad74b91c2
2024-05-09 06:25:14,951 [grpc-default-executor-0] INFO  server.RaftServer (RaftServerProxy.java:addNew(100)) - 528b4752-3c7b-4991-99e9-89ee621f29a5: addNew group-A6FAD74B91C2:[0b714aca-fc82-484b-9944-7b2ffbc45fbf|127.0.0.1:15067, 528b4752-3c7b-4991-99e9-89ee621f29a5|127.0.0.1:15085, 5b847746-75e9-42bf-94b1-858a537db9cd|127.0.0.1:15076] returns group-A6FAD74B91C2:java.util.concurrent.CompletableFuture@69ba71f0[Not completed]
2024-05-09 06:25:14,952 [528b4752-3c7b-4991-99e9-89ee621f29a5-groupManagement] INFO  server.RaftServer$Division (RaftServerImpl.java:<init>(256)) - 528b4752-3c7b-4991-99e9-89ee621f29a5: new RaftServerImpl for group-A6FAD74B91C2:[0b714aca-fc82-484b-9944-7b2ffbc45fbf|127.0.0.1:15067, 528b4752-3c7b-4991-99e9-89ee621f29a5|127.0.0.1:15085, 5b847746-75e9-42bf-94b1-858a537db9cd|127.0.0.1:15076] with ContainerStateMachine:uninitialized
2024-05-09 06:25:14,952 [528b4752-3c7b-4991-99e9-89ee621f29a5-groupManagement] INFO  server.RaftServerConfigKeys (ConfUtils.java:logGet(46)) - raft.server.rpc.timeout.min = 5s (custom)
2024-05-09 06:25:14,952 [528b4752-3c7b-4991-99e9-89ee621f29a5-groupManagement] INFO  server.RaftServerConfigKeys (ConfUtils.java:logGet(46)) - raft.server.rpc.timeout.max = 5200ms (custom)
2024-05-09 06:25:14,952 [528b4752-3c7b-4991-99e9-89ee621f29a5-groupManagement] INFO  server.RaftServerConfigKeys (ConfUtils.java:logGet(46)) - raft.server.rpc.sleep.time = 25ms (default)
2024-05-09 06:25:14,952 [528b4752-3c7b-4991-99e9-89ee621f29a5-groupManagement] INFO  server.RaftServerConfigKeys (ConfUtils.java:logGet(46)) - raft.server.rpc.slowness.timeout = 300000ms (custom)
2024-05-09 06:25:14,952 [528b4752-3c7b-4991-99e9-89ee621f29a5-groupManagement] INFO  server.RaftServerConfigKeys (ConfUtils.java:logGet(46)) - raft.server.leaderelection.leader.step-down.wait-time = 10s (default)
2024-05-09 06:25:14,952 [528b4752-3c7b-4991-99e9-89ee621f29a5-groupManagement] INFO  server.RaftServerConfigKeys (ConfUtils.java:logGet(46)) - raft.server.leaderelection.member.majority-add = false (default)
2024-05-09 06:25:14,952 [528b4752-3c7b-4991-99e9-89ee621f29a5-groupManagement] INFO  server.RaftServerConfigKeys (ConfUtils.java:logGet(46)) - raft.server.sleep.deviation.threshold = 300ms (default)
2024-05-09 06:25:14,952 [528b4752-3c7b-4991-99e9-89ee621f29a5-groupManagement] INFO  server.RaftServer$Division (ServerState.java:<init>(113)) - 528b4752-3c7b-4991-99e9-89ee621f29a5@group-A6FAD74B91C2: ConfigurationManager, init=-1: peers:[0b714aca-fc82-484b-9944-7b2ffbc45fbf|127.0.0.1:15067, 528b4752-3c7b-4991-99e9-89ee621f29a5|127.0.0.1:15085, 5b847746-75e9-42bf-94b1-858a537db9cd|127.0.0.1:15076]|listeners:[], old=null, confs=<EMPTY_MAP>
2024-05-09 06:25:14,952 [528b4752-3c7b-4991-99e9-89ee621f29a5-groupManagement] INFO  server.RaftServerConfigKeys (ConfUtils.java:logGet(46)) - raft.server.notification.no-leader.timeout = 300000ms (custom)
2024-05-09 06:25:14,952 [528b4752-3c7b-4991-99e9-89ee621f29a5-groupManagement] INFO  server.RaftServerConfigKeys (ConfUtils.java:logGet(46)) - raft.server.read.timeout = 10s (default)
2024-05-09 06:25:14,952 [528b4752-3c7b-4991-99e9-89ee621f29a5-groupManagement] INFO  server.RaftServerConfigKeys (ConfUtils.java:logGet(46)) - raft.server.retrycache.expirytime = 600000ms (custom)
2024-05-09 06:25:14,952 [528b4752-3c7b-4991-99e9-89ee621f29a5-groupManagement] INFO  server.RaftServerConfigKeys (ConfUtils.java:logGet(46)) - raft.server.retrycache.statistics.expirytime = 100ms (default)
2024-05-09 06:25:14,953 [528b4752-3c7b-4991-99e9-89ee621f29a5-groupManagement] INFO  server.RaftServerConfigKeys (ConfUtils.java:logGet(46)) - raft.server.read.option = DEFAULT (default)
2024-05-09 06:25:14,953 [528b4752-3c7b-4991-99e9-89ee621f29a5-groupManagement] INFO  server.RaftServerConfigKeys (ConfUtils.java:logGet(46)) - raft.server.read.read-after-write-consistent.write-index-cache.expiry-time = 60s (default)
2024-05-09 06:25:14,955 [528b4752-3c7b-4991-99e9-89ee621f29a5-groupManagement] INFO  server.RaftServerConfigKeys (ConfUtils.java:logGet(46)) - raft.server.rpc.request.timeout = 3000ms (default)
2024-05-09 06:25:14,955 [528b4752-3c7b-4991-99e9-89ee621f29a5-groupManagement] INFO  server.RaftServerConfigKeys (ConfUtils.java:logGet(46)) - raft.server.log.appender.install.snapshot.enabled = false (custom)
2024-05-09 06:25:14,955 [528b4752-3c7b-4991-99e9-89ee621f29a5-groupManagement] INFO  server.RaftServerConfigKeys (ConfUtils.java:logGet(46)) - raft.server.threadpool.server.cached = true (default)
2024-05-09 06:25:14,955 [528b4752-3c7b-4991-99e9-89ee621f29a5-groupManagement] INFO  server.RaftServerConfigKeys (ConfUtils.java:logGet(46)) - raft.server.threadpool.server.size = 0 (default)
2024-05-09 06:25:14,955 [528b4752-3c7b-4991-99e9-89ee621f29a5-groupManagement] INFO  server.RaftServerConfigKeys (ConfUtils.java:logGet(46)) - raft.server.threadpool.client.cached = true (default)
2024-05-09 06:25:14,955 [528b4752-3c7b-4991-99e9-89ee621f29a5-groupManagement] INFO  server.RaftServerConfigKeys (ConfUtils.java:logGet(46)) - raft.server.threadpool.client.size = 0 (default)
2024-05-09 06:25:14,955 [528b4752-3c7b-4991-99e9-89ee621f29a5-groupManagement] INFO  server.RaftServerConfigKeys (ConfUtils.java:logGet(46)) - raft.server.storage.free-space.min = 0MB (=0) (default)
2024-05-09 06:25:14,955 [528b4752-3c7b-4991-99e9-89ee621f29a5-groupManagement] INFO  server.RaftServerConfigKeys (ConfUtils.java:logGet(46)) - raft.server.log.corruption.policy = EXCEPTION (default)
2024-05-09 06:25:14,955 [528b4752-3c7b-4991-99e9-89ee621f29a5-groupManagement] INFO  server.RaftServerConfigKeys (ConfUtils.java:logGet(46)) - raft.server.storage.dir = [/home/runner/work/ozone/ozone/hadoop-ozone/integration-test/target/test-dir/MiniOzoneClusterImpl-48ce40b1-13f8-460b-b529-5aa00ab75c3e/ozone-meta/datanode-3/ratis] (custom)
2024-05-09 06:25:14,956 [528b4752-3c7b-4991-99e9-89ee621f29a5-groupManagement] INFO  storage.RaftStorageDirectory (RaftStorageDirectoryImpl.java:analyzeStorage(138)) - The storage directory /home/runner/work/ozone/ozone/hadoop-ozone/integration-test/target/test-dir/MiniOzoneClusterImpl-48ce40b1-13f8-460b-b529-5aa00ab75c3e/ozone-meta/datanode-3/ratis/a143d81d-e1da-48a4-b870-a6fad74b91c2 does not exist. Creating ...
2024-05-09 06:25:14,957 [5b847746-75e9-42bf-94b1-858a537db9cd-PipelineCommandHandlerThread-0] INFO  commandhandler.CreatePipelineCommandHandler (CreatePipelineCommandHandler.java:lambda$handle$2(124)) - Created Pipeline RATIS THREE PipelineID=a143d81d-e1da-48a4-b870-a6fad74b91c2.
2024-05-09 06:25:14,957 [528b4752-3c7b-4991-99e9-89ee621f29a5-groupManagement] INFO  storage.RaftStorageDirectory (RaftStorageDirectoryImpl.java:tryLock(228)) - Lock on /home/runner/work/ozone/ozone/hadoop-ozone/integration-test/target/test-dir/MiniOzoneClusterImpl-48ce40b1-13f8-460b-b529-5aa00ab75c3e/ozone-meta/datanode-3/ratis/a143d81d-e1da-48a4-b870-a6fad74b91c2/in_use.lock acquired by nodename 52187@fv-az737-206
2024-05-09 06:25:14,958 [528b4752-3c7b-4991-99e9-89ee621f29a5-groupManagement] INFO  storage.RaftStorage (RaftStorageImpl.java:format(99)) - Storage directory /home/runner/work/ozone/ozone/hadoop-ozone/integration-test/target/test-dir/MiniOzoneClusterImpl-48ce40b1-13f8-460b-b529-5aa00ab75c3e/ozone-meta/datanode-3/ratis/a143d81d-e1da-48a4-b870-a6fad74b91c2 has been successfully formatted.
2024-05-09 06:25:14,958 [528b4752-3c7b-4991-99e9-89ee621f29a5-groupManagement] WARN  util.FileUtils (LogUtils.java:supplyAndLog(63)) - Failed to Files.newInputStream /home/runner/work/ozone/ozone/hadoop-ozone/integration-test/target/test-dir/MiniOzoneClusterImpl-48ce40b1-13f8-460b-b529-5aa00ab75c3e/ozone-meta/datanode-3/ratis/a143d81d-e1da-48a4-b870-a6fad74b91c2/current/raft-meta.conf with options []: java.nio.file.NoSuchFileException: /home/runner/work/ozone/ozone/hadoop-ozone/integration-test/target/test-dir/MiniOzoneClusterImpl-48ce40b1-13f8-460b-b529-5aa00ab75c3e/ozone-meta/datanode-3/ratis/a143d81d-e1da-48a4-b870-a6fad74b91c2/current/raft-meta.conf
2024-05-09 06:25:14,958 [528b4752-3c7b-4991-99e9-89ee621f29a5-groupManagement] INFO  ratis.ContainerStateMachine (ContainerStateMachine.java:loadSnapshot(287)) - group-A6FAD74B91C2: The snapshot info is null. Setting the last applied index to:(t:0, i:~)
2024-05-09 06:25:14,958 [528b4752-3c7b-4991-99e9-89ee621f29a5-groupManagement] INFO  server.RaftServerConfigKeys (ConfUtils.java:logGet(46)) - raft.server.log.use.memory = false (default)
2024-05-09 06:25:14,958 [528b4752-3c7b-4991-99e9-89ee621f29a5-groupManagement] INFO  server.RaftServerConfigKeys (ConfUtils.java:logGet(46)) - raft.server.log.purge.gap = 1000000 (custom)
2024-05-09 06:25:14,959 [528b4752-3c7b-4991-99e9-89ee621f29a5-groupManagement] INFO  server.RaftServerConfigKeys (ConfUtils.java:logGet(46)) - raft.server.log.appender.buffer.byte-limit = 8388608 (custom)
2024-05-09 06:25:14,959 [528b4752-3c7b-4991-99e9-89ee621f29a5-groupManagement] INFO  server.RaftServerConfigKeys (ConfUtils.java:logGet(46)) - raft.server.log.statemachine.data.read.timeout = 1000ms (default)
2024-05-09 06:25:14,959 [528b4752-3c7b-4991-99e9-89ee621f29a5-groupManagement] INFO  server.RaftServerConfigKeys (ConfUtils.java:logGet(46)) - raft.server.log.purge.preservation.log.num = 0 (default)
2024-05-09 06:25:14,960 [528b4752-3c7b-4991-99e9-89ee621f29a5-groupManagement] INFO  server.RaftServerConfigKeys (ConfUtils.java:logGet(46)) - raft.server.log.segment.size.max = 67108864 (custom)
2024-05-09 06:25:14,960 [528b4752-3c7b-4991-99e9-89ee621f29a5-groupManagement] INFO  server.RaftServerConfigKeys (ConfUtils.java:logGet(46)) - raft.server.log.segment.cache.num.max = 2 (custom)
2024-05-09 06:25:14,960 [528b4752-3c7b-4991-99e9-89ee621f29a5-groupManagement] INFO  server.RaftServerConfigKeys (ConfUtils.java:logGet(46)) - raft.server.log.segment.cache.size.max = 200MB (=209715200) (default)
2024-05-09 06:25:14,960 [528b4752-3c7b-4991-99e9-89ee621f29a5-groupManagement] INFO  server.RaftServerConfigKeys (ConfUtils.java:logGet(46)) - raft.server.log.appender.buffer.byte-limit = 8388608 (custom)
2024-05-09 06:25:14,962 [528b4752-3c7b-4991-99e9-89ee621f29a5-groupManagement] INFO  util.AwaitToRun (AwaitToRun.java:start(81)) - Thread[528b4752-3c7b-4991-99e9-89ee621f29a5@group-A6FAD74B91C2-cacheEviction-AwaitToRun,5,main] started
2024-05-09 06:25:14,962 [528b4752-3c7b-4991-99e9-89ee621f29a5-groupManagement] INFO  segmented.SegmentedRaftLogWorker (SegmentedRaftLogWorker.java:<init>(182)) - new 528b4752-3c7b-4991-99e9-89ee621f29a5@group-A6FAD74B91C2-SegmentedRaftLogWorker for RaftStorageImpl:Storage Directory /home/runner/work/ozone/ozone/hadoop-ozone/integration-test/target/test-dir/MiniOzoneClusterImpl-48ce40b1-13f8-460b-b529-5aa00ab75c3e/ozone-meta/datanode-3/ratis/a143d81d-e1da-48a4-b870-a6fad74b91c2
2024-05-09 06:25:14,963 [528b4752-3c7b-4991-99e9-89ee621f29a5-groupManagement] INFO  server.RaftServerConfigKeys (ConfUtils.java:logGet(46)) - raft.server.log.queue.byte-limit = 4294967296 (custom)
2024-05-09 06:25:14,963 [528b4752-3c7b-4991-99e9-89ee621f29a5-groupManagement] INFO  server.RaftServerConfigKeys (ConfUtils.java:logGet(46)) - raft.server.log.queue.element-limit = 1024 (custom)
2024-05-09 06:25:14,963 [528b4752-3c7b-4991-99e9-89ee621f29a5-groupManagement] INFO  server.RaftServerConfigKeys (ConfUtils.java:logGet(46)) - raft.server.log.segment.size.max = 67108864 (custom)
2024-05-09 06:25:14,963 [528b4752-3c7b-4991-99e9-89ee621f29a5-groupManagement] INFO  server.RaftServerConfigKeys (ConfUtils.java:logGet(46)) - raft.server.log.preallocated.size = 4194304 (custom)
2024-05-09 06:25:14,963 [528b4752-3c7b-4991-99e9-89ee621f29a5-groupManagement] INFO  server.RaftServerConfigKeys (ConfUtils.java:logGet(46)) - raft.server.log.force.sync.num = 128 (default)
2024-05-09 06:25:14,963 [528b4752-3c7b-4991-99e9-89ee621f29a5-groupManagement] INFO  server.RaftServerConfigKeys (ConfUtils.java:logGet(46)) - raft.server.log.statemachine.data.sync = true (default)
2024-05-09 06:25:14,963 [528b4752-3c7b-4991-99e9-89ee621f29a5-groupManagement] INFO  server.RaftServerConfigKeys (ConfUtils.java:logGet(46)) - raft.server.log.statemachine.data.sync.timeout = 10s (default)
2024-05-09 06:25:14,963 [528b4752-3c7b-4991-99e9-89ee621f29a5-groupManagement] INFO  server.RaftServerConfigKeys (ConfUtils.java:logGet(46)) - raft.server.log.statemachine.data.sync.timeout.retry = 30 (custom)
2024-05-09 06:25:14,963 [528b4752-3c7b-4991-99e9-89ee621f29a5-groupManagement] INFO  server.RaftServerConfigKeys (ConfUtils.java:logGet(46)) - raft.server.log.write.buffer.size = 8388616 (custom)
2024-05-09 06:25:14,964 [528b4752-3c7b-4991-99e9-89ee621f29a5-groupManagement] INFO  server.RaftServerConfigKeys (ConfUtils.java:logGet(46)) - raft.server.log.appender.buffer.byte-limit = 8388608 (custom)
2024-05-09 06:25:14,965 [528b4752-3c7b-4991-99e9-89ee621f29a5-groupManagement] INFO  server.RaftServerConfigKeys (ConfUtils.java:logGet(46)) - raft.server.log.unsafe-flush.enabled = false (default)
2024-05-09 06:25:14,965 [528b4752-3c7b-4991-99e9-89ee621f29a5-groupManagement] INFO  server.RaftServerConfigKeys (ConfUtils.java:logGet(46)) - raft.server.log.async-flush.enabled = false (default)
2024-05-09 06:25:14,965 [528b4752-3c7b-4991-99e9-89ee621f29a5-groupManagement] INFO  server.RaftServerConfigKeys (ConfUtils.java:logGet(46)) - raft.server.log.statemachine.data.caching.enabled = true (custom)
2024-05-09 06:25:14,965 [528b4752-3c7b-4991-99e9-89ee621f29a5-groupManagement] INFO  segmented.SegmentedRaftLogWorker (SegmentedRaftLogWorker.java:lambda$new$0(134)) - 528b4752-3c7b-4991-99e9-89ee621f29a5@group-A6FAD74B91C2-SegmentedRaftLogWorker: flushIndex: setUnconditionally 0 -> -1
2024-05-09 06:25:14,965 [528b4752-3c7b-4991-99e9-89ee621f29a5-groupManagement] INFO  segmented.SegmentedRaftLogWorker (SegmentedRaftLogWorker.java:lambda$new$0(134)) - 528b4752-3c7b-4991-99e9-89ee621f29a5@group-A6FAD74B91C2-SegmentedRaftLogWorker: safeCacheEvictIndex: setUnconditionally 0 -> -1
2024-05-09 06:25:14,968 [528b4752-3c7b-4991-99e9-89ee621f29a5-groupManagement] INFO  server.RaftServer$Division (RaftServerImpl.java:start(396)) - 528b4752-3c7b-4991-99e9-89ee621f29a5@group-A6FAD74B91C2: start as a follower, conf=-1: peers:[0b714aca-fc82-484b-9944-7b2ffbc45fbf|127.0.0.1:15067, 528b4752-3c7b-4991-99e9-89ee621f29a5|127.0.0.1:15085, 5b847746-75e9-42bf-94b1-858a537db9cd|127.0.0.1:15076]|listeners:[], old=null
2024-05-09 06:25:14,968 [528b4752-3c7b-4991-99e9-89ee621f29a5-groupManagement] INFO  server.RaftServer$Division (RaftServerImpl.java:setRole(383)) - 528b4752-3c7b-4991-99e9-89ee621f29a5@group-A6FAD74B91C2: changes role from      null to FOLLOWER at term 0 for startAsFollower
2024-05-09 06:25:14,969 [528b4752-3c7b-4991-99e9-89ee621f29a5-groupManagement] INFO  impl.RoleInfo (RoleInfo.java:updateAndGet(139)) - 528b4752-3c7b-4991-99e9-89ee621f29a5: start 528b4752-3c7b-4991-99e9-89ee621f29a5@group-A6FAD74B91C2-FollowerState
2024-05-09 06:25:14,969 [528b4752-3c7b-4991-99e9-89ee621f29a5-groupManagement] INFO  util.JmxRegister (JmxRegister.java:tryRegister(44)) - Successfully registered JMX Bean with object name Ratis:service=RaftServer,group=group-A6FAD74B91C2,id=528b4752-3c7b-4991-99e9-89ee621f29a5
2024-05-09 06:25:14,969 [528b4752-3c7b-4991-99e9-89ee621f29a5-groupManagement] INFO  server.RaftServerConfigKeys (ConfUtils.java:logGet(46)) - raft.server.snapshot.trigger-when-stop.enabled = true (default)
2024-05-09 06:25:14,969 [528b4752-3c7b-4991-99e9-89ee621f29a5-groupManagement] INFO  server.RaftServerConfigKeys (ConfUtils.java:logGet(46)) - raft.server.snapshot.auto.trigger.enabled = true (custom)
2024-05-09 06:25:14,969 [528b4752-3c7b-4991-99e9-89ee621f29a5-groupManagement] INFO  server.RaftServerConfigKeys (ConfUtils.java:logGet(46)) - raft.server.snapshot.auto.trigger.threshold = 10000 (custom)
2024-05-09 06:25:14,969 [528b4752-3c7b-4991-99e9-89ee621f29a5-groupManagement] INFO  server.RaftServerConfigKeys (ConfUtils.java:logGet(46)) - raft.server.snapshot.retention.file.num = 5 (custom)
2024-05-09 06:25:14,969 [528b4752-3c7b-4991-99e9-89ee621f29a5-groupManagement] INFO  server.RaftServerConfigKeys (ConfUtils.java:logGet(46)) - raft.server.log.purge.upto.snapshot.index = false (default)
2024-05-09 06:25:14,970 [528b4752-3c7b-4991-99e9-89ee621f29a5-PipelineCommandHandlerThread-0] INFO  server.RaftServer (RaftServerProxy.java:addNew(100)) - 528b4752-3c7b-4991-99e9-89ee621f29a5: addNew group-E1C253161B1E:[528b4752-3c7b-4991-99e9-89ee621f29a5|127.0.0.1:15085] returns group-E1C253161B1E:java.util.concurrent.CompletableFuture@252eff3e[Not completed]
2024-05-09 06:25:14,970 [528b4752-3c7b-4991-99e9-89ee621f29a5@group-A6FAD74B91C2-FollowerState] INFO  server.RaftServerConfigKeys (ConfUtils.java:logFallback(53)) - raft.server.rpc.first-election.timeout.min = 5s (fallback to raft.server.rpc.timeout.min)
2024-05-09 06:25:14,970 [528b4752-3c7b-4991-99e9-89ee621f29a5@group-A6FAD74B91C2-FollowerState] INFO  server.RaftServerConfigKeys (ConfUtils.java:logFallback(53)) - raft.server.rpc.first-election.timeout.max = 5200ms (fallback to raft.server.rpc.timeout.max)
2024-05-09 06:25:14,972 [528b4752-3c7b-4991-99e9-89ee621f29a5-groupManagement] INFO  server.RaftServer$Division (RaftServerImpl.java:<init>(256)) - 528b4752-3c7b-4991-99e9-89ee621f29a5: new RaftServerImpl for group-E1C253161B1E:[528b4752-3c7b-4991-99e9-89ee621f29a5|127.0.0.1:15085] with ContainerStateMachine:uninitialized
2024-05-09 06:25:14,972 [528b4752-3c7b-4991-99e9-89ee621f29a5-groupManagement] INFO  server.RaftServerConfigKeys (ConfUtils.java:logGet(46)) - raft.server.rpc.timeout.min = 5s (custom)
2024-05-09 06:25:14,972 [528b4752-3c7b-4991-99e9-89ee621f29a5-groupManagement] INFO  server.RaftServerConfigKeys (ConfUtils.java:logGet(46)) - raft.server.rpc.timeout.max = 5200ms (custom)
2024-05-09 06:25:14,972 [528b4752-3c7b-4991-99e9-89ee621f29a5-groupManagement] INFO  server.RaftServerConfigKeys (ConfUtils.java:logGet(46)) - raft.server.rpc.sleep.time = 25ms (default)
2024-05-09 06:25:14,972 [528b4752-3c7b-4991-99e9-89ee621f29a5-groupManagement] INFO  server.RaftServerConfigKeys (ConfUtils.java:logGet(46)) - raft.server.rpc.slowness.timeout = 300000ms (custom)
2024-05-09 06:25:14,972 [528b4752-3c7b-4991-99e9-89ee621f29a5-groupManagement] INFO  server.RaftServerConfigKeys (ConfUtils.java:logGet(46)) - raft.server.leaderelection.leader.step-down.wait-time = 10s (default)
2024-05-09 06:25:14,972 [528b4752-3c7b-4991-99e9-89ee621f29a5-groupManagement] INFO  server.RaftServerConfigKeys (ConfUtils.java:logGet(46)) - raft.server.leaderelection.member.majority-add = false (default)
2024-05-09 06:25:14,972 [528b4752-3c7b-4991-99e9-89ee621f29a5-groupManagement] INFO  server.RaftServerConfigKeys (ConfUtils.java:logGet(46)) - raft.server.sleep.deviation.threshold = 300ms (default)
2024-05-09 06:25:14,972 [528b4752-3c7b-4991-99e9-89ee621f29a5-groupManagement] INFO  server.RaftServer$Division (ServerState.java:<init>(113)) - 528b4752-3c7b-4991-99e9-89ee621f29a5@group-E1C253161B1E: ConfigurationManager, init=-1: peers:[528b4752-3c7b-4991-99e9-89ee621f29a5|127.0.0.1:15085]|listeners:[], old=null, confs=<EMPTY_MAP>
2024-05-09 06:25:14,972 [528b4752-3c7b-4991-99e9-89ee621f29a5-groupManagement] INFO  server.RaftServerConfigKeys (ConfUtils.java:logGet(46)) - raft.server.notification.no-leader.timeout = 300000ms (custom)
2024-05-09 06:25:14,972 [528b4752-3c7b-4991-99e9-89ee621f29a5-groupManagement] INFO  server.RaftServerConfigKeys (ConfUtils.java:logGet(46)) - raft.server.read.timeout = 10s (default)
2024-05-09 06:25:14,972 [528b4752-3c7b-4991-99e9-89ee621f29a5-groupManagement] INFO  server.RaftServerConfigKeys (ConfUtils.java:logGet(46)) - raft.server.retrycache.expirytime = 600000ms (custom)
2024-05-09 06:25:14,972 [528b4752-3c7b-4991-99e9-89ee621f29a5-groupManagement] INFO  server.RaftServerConfigKeys (ConfUtils.java:logGet(46)) - raft.server.retrycache.statistics.expirytime = 100ms (default)
2024-05-09 06:25:14,972 [528b4752-3c7b-4991-99e9-89ee621f29a5-groupManagement] INFO  server.RaftServerConfigKeys (ConfUtils.java:logGet(46)) - raft.server.read.option = DEFAULT (default)
2024-05-09 06:25:14,973 [528b4752-3c7b-4991-99e9-89ee621f29a5-groupManagement] INFO  server.RaftServerConfigKeys (ConfUtils.java:logGet(46)) - raft.server.read.read-after-write-consistent.write-index-cache.expiry-time = 60s (default)
2024-05-09 06:25:14,976 [528b4752-3c7b-4991-99e9-89ee621f29a5-groupManagement] INFO  server.RaftServerConfigKeys (ConfUtils.java:logGet(46)) - raft.server.rpc.request.timeout = 3000ms (default)
2024-05-09 06:25:14,976 [0b714aca-fc82-484b-9944-7b2ffbc45fbf-PipelineCommandHandlerThread-0] INFO  commandhandler.CreatePipelineCommandHandler (CreatePipelineCommandHandler.java:lambda$handle$2(124)) - Created Pipeline RATIS THREE PipelineID=a143d81d-e1da-48a4-b870-a6fad74b91c2.
2024-05-09 06:25:14,976 [528b4752-3c7b-4991-99e9-89ee621f29a5-groupManagement] INFO  server.RaftServerConfigKeys (ConfUtils.java:logGet(46)) - raft.server.log.appender.install.snapshot.enabled = false (custom)
2024-05-09 06:25:14,977 [528b4752-3c7b-4991-99e9-89ee621f29a5-groupManagement] INFO  server.RaftServerConfigKeys (ConfUtils.java:logGet(46)) - raft.server.threadpool.server.cached = true (default)
2024-05-09 06:25:14,977 [528b4752-3c7b-4991-99e9-89ee621f29a5-groupManagement] INFO  server.RaftServerConfigKeys (ConfUtils.java:logGet(46)) - raft.server.threadpool.server.size = 0 (default)
2024-05-09 06:25:14,977 [528b4752-3c7b-4991-99e9-89ee621f29a5-groupManagement] INFO  server.RaftServerConfigKeys (ConfUtils.java:logGet(46)) - raft.server.threadpool.client.cached = true (default)
2024-05-09 06:25:14,977 [528b4752-3c7b-4991-99e9-89ee621f29a5-groupManagement] INFO  server.RaftServerConfigKeys (ConfUtils.java:logGet(46)) - raft.server.threadpool.client.size = 0 (default)
2024-05-09 06:25:14,977 [528b4752-3c7b-4991-99e9-89ee621f29a5-groupManagement] INFO  server.RaftServerConfigKeys (ConfUtils.java:logGet(46)) - raft.server.storage.free-space.min = 0MB (=0) (default)
2024-05-09 06:25:14,978 [528b4752-3c7b-4991-99e9-89ee621f29a5-groupManagement] INFO  server.RaftServerConfigKeys (ConfUtils.java:logGet(46)) - raft.server.log.corruption.policy = EXCEPTION (default)
2024-05-09 06:25:14,978 [528b4752-3c7b-4991-99e9-89ee621f29a5-groupManagement] INFO  server.RaftServerConfigKeys (ConfUtils.java:logGet(46)) - raft.server.storage.dir = [/home/runner/work/ozone/ozone/hadoop-ozone/integration-test/target/test-dir/MiniOzoneClusterImpl-48ce40b1-13f8-460b-b529-5aa00ab75c3e/ozone-meta/datanode-3/ratis] (custom)
2024-05-09 06:25:14,978 [528b4752-3c7b-4991-99e9-89ee621f29a5-groupManagement] INFO  storage.RaftStorageDirectory (RaftStorageDirectoryImpl.java:analyzeStorage(138)) - The storage directory /home/runner/work/ozone/ozone/hadoop-ozone/integration-test/target/test-dir/MiniOzoneClusterImpl-48ce40b1-13f8-460b-b529-5aa00ab75c3e/ozone-meta/datanode-3/ratis/add22a7f-61aa-4b02-b618-e1c253161b1e does not exist. Creating ...
2024-05-09 06:25:14,980 [528b4752-3c7b-4991-99e9-89ee621f29a5-groupManagement] INFO  storage.RaftStorageDirectory (RaftStorageDirectoryImpl.java:tryLock(228)) - Lock on /home/runner/work/ozone/ozone/hadoop-ozone/integration-test/target/test-dir/MiniOzoneClusterImpl-48ce40b1-13f8-460b-b529-5aa00ab75c3e/ozone-meta/datanode-3/ratis/add22a7f-61aa-4b02-b618-e1c253161b1e/in_use.lock acquired by nodename 52187@fv-az737-206
2024-05-09 06:25:14,981 [528b4752-3c7b-4991-99e9-89ee621f29a5-groupManagement] INFO  storage.RaftStorage (RaftStorageImpl.java:format(99)) - Storage directory /home/runner/work/ozone/ozone/hadoop-ozone/integration-test/target/test-dir/MiniOzoneClusterImpl-48ce40b1-13f8-460b-b529-5aa00ab75c3e/ozone-meta/datanode-3/ratis/add22a7f-61aa-4b02-b618-e1c253161b1e has been successfully formatted.
2024-05-09 06:25:14,981 [528b4752-3c7b-4991-99e9-89ee621f29a5-groupManagement] WARN  util.FileUtils (LogUtils.java:supplyAndLog(63)) - Failed to Files.newInputStream /home/runner/work/ozone/ozone/hadoop-ozone/integration-test/target/test-dir/MiniOzoneClusterImpl-48ce40b1-13f8-460b-b529-5aa00ab75c3e/ozone-meta/datanode-3/ratis/add22a7f-61aa-4b02-b618-e1c253161b1e/current/raft-meta.conf with options []: java.nio.file.NoSuchFileException: /home/runner/work/ozone/ozone/hadoop-ozone/integration-test/target/test-dir/MiniOzoneClusterImpl-48ce40b1-13f8-460b-b529-5aa00ab75c3e/ozone-meta/datanode-3/ratis/add22a7f-61aa-4b02-b618-e1c253161b1e/current/raft-meta.conf
2024-05-09 06:25:14,982 [528b4752-3c7b-4991-99e9-89ee621f29a5-groupManagement] INFO  ratis.ContainerStateMachine (ContainerStateMachine.java:loadSnapshot(287)) - group-E1C253161B1E: The snapshot info is null. Setting the last applied index to:(t:0, i:~)
2024-05-09 06:25:14,982 [528b4752-3c7b-4991-99e9-89ee621f29a5-groupManagement] INFO  server.RaftServerConfigKeys (ConfUtils.java:logGet(46)) - raft.server.log.use.memory = false (default)
2024-05-09 06:25:14,982 [528b4752-3c7b-4991-99e9-89ee621f29a5-groupManagement] INFO  server.RaftServerConfigKeys (ConfUtils.java:logGet(46)) - raft.server.log.purge.gap = 1000000 (custom)
2024-05-09 06:25:14,982 [528b4752-3c7b-4991-99e9-89ee621f29a5-groupManagement] INFO  server.RaftServerConfigKeys (ConfUtils.java:logGet(46)) - raft.server.log.appender.buffer.byte-limit = 8388608 (custom)
2024-05-09 06:25:14,983 [528b4752-3c7b-4991-99e9-89ee621f29a5-groupManagement] INFO  server.RaftServerConfigKeys (ConfUtils.java:logGet(46)) - raft.server.log.statemachine.data.read.timeout = 1000ms (default)
2024-05-09 06:25:14,983 [528b4752-3c7b-4991-99e9-89ee621f29a5-groupManagement] INFO  server.RaftServerConfigKeys (ConfUtils.java:logGet(46)) - raft.server.log.purge.preservation.log.num = 0 (default)
2024-05-09 06:25:14,983 [EventQueue-PipelineReportForPipelineReportHandler] INFO  pipeline.PipelineReportHandler (PipelineReportHandler.java:processPipelineReport(136)) - Opened pipeline PipelineID=add22a7f-61aa-4b02-b618-e1c253161b1e
2024-05-09 06:25:14,983 [EventQueue-OpenPipelineForHealthyPipelineSafeModeRule] INFO  safemode.SCMSafeModeManager (HealthyPipelineSafeModeRule.java:process(140)) - SCM in safe mode. Healthy pipelines reported count is 0, required healthy pipeline reported count is 1
2024-05-09 06:25:14,984 [528b4752-3c7b-4991-99e9-89ee621f29a5-groupManagement] INFO  server.RaftServerConfigKeys (ConfUtils.java:logGet(46)) - raft.server.log.segment.size.max = 67108864 (custom)
2024-05-09 06:25:14,984 [528b4752-3c7b-4991-99e9-89ee621f29a5-groupManagement] INFO  server.RaftServerConfigKeys (ConfUtils.java:logGet(46)) - raft.server.log.segment.cache.num.max = 2 (custom)
2024-05-09 06:25:14,984 [528b4752-3c7b-4991-99e9-89ee621f29a5-groupManagement] INFO  server.RaftServerConfigKeys (ConfUtils.java:logGet(46)) - raft.server.log.segment.cache.size.max = 200MB (=209715200) (default)
2024-05-09 06:25:14,984 [528b4752-3c7b-4991-99e9-89ee621f29a5-groupManagement] INFO  server.RaftServerConfigKeys (ConfUtils.java:logGet(46)) - raft.server.log.appender.buffer.byte-limit = 8388608 (custom)
2024-05-09 06:25:14,984 [528b4752-3c7b-4991-99e9-89ee621f29a5-groupManagement] INFO  util.AwaitToRun (AwaitToRun.java:start(81)) - Thread[528b4752-3c7b-4991-99e9-89ee621f29a5@group-E1C253161B1E-cacheEviction-AwaitToRun,5,main] started
2024-05-09 06:25:14,984 [528b4752-3c7b-4991-99e9-89ee621f29a5-groupManagement] INFO  segmented.SegmentedRaftLogWorker (SegmentedRaftLogWorker.java:<init>(182)) - new 528b4752-3c7b-4991-99e9-89ee621f29a5@group-E1C253161B1E-SegmentedRaftLogWorker for RaftStorageImpl:Storage Directory /home/runner/work/ozone/ozone/hadoop-ozone/integration-test/target/test-dir/MiniOzoneClusterImpl-48ce40b1-13f8-460b-b529-5aa00ab75c3e/ozone-meta/datanode-3/ratis/add22a7f-61aa-4b02-b618-e1c253161b1e
2024-05-09 06:25:14,984 [528b4752-3c7b-4991-99e9-89ee621f29a5-groupManagement] INFO  server.RaftServerConfigKeys (ConfUtils.java:logGet(46)) - raft.server.log.queue.byte-limit = 4294967296 (custom)
2024-05-09 06:25:14,984 [528b4752-3c7b-4991-99e9-89ee621f29a5-groupManagement] INFO  server.RaftServerConfigKeys (ConfUtils.java:logGet(46)) - raft.server.log.queue.element-limit = 1024 (custom)
2024-05-09 06:25:14,985 [528b4752-3c7b-4991-99e9-89ee621f29a5-groupManagement] INFO  server.RaftServerConfigKeys (ConfUtils.java:logGet(46)) - raft.server.log.segment.size.max = 67108864 (custom)
2024-05-09 06:25:14,985 [528b4752-3c7b-4991-99e9-89ee621f29a5-groupManagement] INFO  server.RaftServerConfigKeys (ConfUtils.java:logGet(46)) - raft.server.log.preallocated.size = 4194304 (custom)
2024-05-09 06:25:14,985 [528b4752-3c7b-4991-99e9-89ee621f29a5-groupManagement] INFO  server.RaftServerConfigKeys (ConfUtils.java:logGet(46)) - raft.server.log.force.sync.num = 128 (default)
2024-05-09 06:25:14,985 [528b4752-3c7b-4991-99e9-89ee621f29a5-groupManagement] INFO  server.RaftServerConfigKeys (ConfUtils.java:logGet(46)) - raft.server.log.statemachine.data.sync = true (default)
2024-05-09 06:25:14,985 [528b4752-3c7b-4991-99e9-89ee621f29a5-groupManagement] INFO  server.RaftServerConfigKeys (ConfUtils.java:logGet(46)) - raft.server.log.statemachine.data.sync.timeout = 10s (default)
2024-05-09 06:25:14,985 [528b4752-3c7b-4991-99e9-89ee621f29a5-groupManagement] INFO  server.RaftServerConfigKeys (ConfUtils.java:logGet(46)) - raft.server.log.statemachine.data.sync.timeout.retry = 30 (custom)
2024-05-09 06:25:14,985 [528b4752-3c7b-4991-99e9-89ee621f29a5-groupManagement] INFO  server.RaftServerConfigKeys (ConfUtils.java:logGet(46)) - raft.server.log.write.buffer.size = 8388616 (custom)
2024-05-09 06:25:14,987 [528b4752-3c7b-4991-99e9-89ee621f29a5-groupManagement] INFO  server.RaftServerConfigKeys (ConfUtils.java:logGet(46)) - raft.server.log.appender.buffer.byte-limit = 8388608 (custom)
2024-05-09 06:25:14,987 [528b4752-3c7b-4991-99e9-89ee621f29a5-groupManagement] INFO  server.RaftServerConfigKeys (ConfUtils.java:logGet(46)) - raft.server.log.unsafe-flush.enabled = false (default)
2024-05-09 06:25:14,987 [528b4752-3c7b-4991-99e9-89ee621f29a5-groupManagement] INFO  server.RaftServerConfigKeys (ConfUtils.java:logGet(46)) - raft.server.log.async-flush.enabled = false (default)
2024-05-09 06:25:14,987 [528b4752-3c7b-4991-99e9-89ee621f29a5-groupManagement] INFO  server.RaftServerConfigKeys (ConfUtils.java:logGet(46)) - raft.server.log.statemachine.data.caching.enabled = true (custom)
2024-05-09 06:25:14,987 [528b4752-3c7b-4991-99e9-89ee621f29a5-groupManagement] INFO  segmented.SegmentedRaftLogWorker (SegmentedRaftLogWorker.java:lambda$new$0(134)) - 528b4752-3c7b-4991-99e9-89ee621f29a5@group-E1C253161B1E-SegmentedRaftLogWorker: flushIndex: setUnconditionally 0 -> -1
2024-05-09 06:25:14,987 [528b4752-3c7b-4991-99e9-89ee621f29a5-groupManagement] INFO  segmented.SegmentedRaftLogWorker (SegmentedRaftLogWorker.java:lambda$new$0(134)) - 528b4752-3c7b-4991-99e9-89ee621f29a5@group-E1C253161B1E-SegmentedRaftLogWorker: safeCacheEvictIndex: setUnconditionally 0 -> -1
2024-05-09 06:25:14,987 [528b4752-3c7b-4991-99e9-89ee621f29a5-groupManagement] INFO  server.RaftServer$Division (RaftServerImpl.java:start(396)) - 528b4752-3c7b-4991-99e9-89ee621f29a5@group-E1C253161B1E: start as a follower, conf=-1: peers:[528b4752-3c7b-4991-99e9-89ee621f29a5|127.0.0.1:15085]|listeners:[], old=null
2024-05-09 06:25:14,987 [528b4752-3c7b-4991-99e9-89ee621f29a5-groupManagement] INFO  server.RaftServer$Division (RaftServerImpl.java:setRole(383)) - 528b4752-3c7b-4991-99e9-89ee621f29a5@group-E1C253161B1E: changes role from      null to FOLLOWER at term 0 for startAsFollower
2024-05-09 06:25:14,988 [528b4752-3c7b-4991-99e9-89ee621f29a5-groupManagement] INFO  impl.RoleInfo (RoleInfo.java:updateAndGet(139)) - 528b4752-3c7b-4991-99e9-89ee621f29a5: start 528b4752-3c7b-4991-99e9-89ee621f29a5@group-E1C253161B1E-FollowerState
2024-05-09 06:25:14,988 [528b4752-3c7b-4991-99e9-89ee621f29a5-groupManagement] INFO  util.JmxRegister (JmxRegister.java:tryRegister(44)) - Successfully registered JMX Bean with object name Ratis:service=RaftServer,group=group-E1C253161B1E,id=528b4752-3c7b-4991-99e9-89ee621f29a5
2024-05-09 06:25:14,988 [528b4752-3c7b-4991-99e9-89ee621f29a5-groupManagement] INFO  server.RaftServerConfigKeys (ConfUtils.java:logGet(46)) - raft.server.snapshot.trigger-when-stop.enabled = true (default)
2024-05-09 06:25:14,988 [528b4752-3c7b-4991-99e9-89ee621f29a5-groupManagement] INFO  server.RaftServerConfigKeys (ConfUtils.java:logGet(46)) - raft.server.snapshot.auto.trigger.enabled = true (custom)
2024-05-09 06:25:14,988 [528b4752-3c7b-4991-99e9-89ee621f29a5-groupManagement] INFO  server.RaftServerConfigKeys (ConfUtils.java:logGet(46)) - raft.server.snapshot.auto.trigger.threshold = 10000 (custom)
2024-05-09 06:25:14,988 [528b4752-3c7b-4991-99e9-89ee621f29a5-groupManagement] INFO  server.RaftServerConfigKeys (ConfUtils.java:logGet(46)) - raft.server.snapshot.retention.file.num = 5 (custom)
2024-05-09 06:25:14,988 [528b4752-3c7b-4991-99e9-89ee621f29a5-groupManagement] INFO  server.RaftServerConfigKeys (ConfUtils.java:logGet(46)) - raft.server.log.purge.upto.snapshot.index = false (default)
2024-05-09 06:25:14,989 [528b4752-3c7b-4991-99e9-89ee621f29a5-PipelineCommandHandlerThread-0] INFO  ratis.XceiverServerRatis (XceiverServerRatis.java:addGroup(864)) - Created group PipelineID=add22a7f-61aa-4b02-b618-e1c253161b1e
2024-05-09 06:25:14,989 [528b4752-3c7b-4991-99e9-89ee621f29a5-PipelineCommandHandlerThread-0] INFO  commandhandler.CreatePipelineCommandHandler (CreatePipelineCommandHandler.java:lambda$handle$2(124)) - Created Pipeline RATIS ONE PipelineID=add22a7f-61aa-4b02-b618-e1c253161b1e.
2024-05-09 06:25:14,989 [528b4752-3c7b-4991-99e9-89ee621f29a5@group-E1C253161B1E-FollowerState] INFO  server.RaftServerConfigKeys (ConfUtils.java:logFallback(53)) - raft.server.rpc.first-election.timeout.min = 5s (fallback to raft.server.rpc.timeout.min)
2024-05-09 06:25:14,989 [528b4752-3c7b-4991-99e9-89ee621f29a5@group-E1C253161B1E-FollowerState] INFO  server.RaftServerConfigKeys (ConfUtils.java:logFallback(53)) - raft.server.rpc.first-election.timeout.max = 5200ms (fallback to raft.server.rpc.timeout.max)
2024-05-09 06:25:15,034 [c367b86c-aa24-47f1-8357-097651e72609-PipelineCommandHandlerThread-0] INFO  server.RaftServer (RaftServerProxy.java:addNew(100)) - c367b86c-aa24-47f1-8357-097651e72609: addNew group-C0EC2E85FAC7:[c367b86c-aa24-47f1-8357-097651e72609|127.0.0.1:15094] returns group-C0EC2E85FAC7:java.util.concurrent.CompletableFuture@44d3b9c[Not completed]
2024-05-09 06:25:15,037 [c367b86c-aa24-47f1-8357-097651e72609-groupManagement] INFO  server.RaftServer$Division (RaftServerImpl.java:<init>(256)) - c367b86c-aa24-47f1-8357-097651e72609: new RaftServerImpl for group-C0EC2E85FAC7:[c367b86c-aa24-47f1-8357-097651e72609|127.0.0.1:15094] with ContainerStateMachine:uninitialized
2024-05-09 06:25:15,037 [c367b86c-aa24-47f1-8357-097651e72609-groupManagement] INFO  server.RaftServerConfigKeys (ConfUtils.java:logGet(46)) - raft.server.rpc.timeout.min = 5s (custom)
2024-05-09 06:25:15,037 [c367b86c-aa24-47f1-8357-097651e72609-groupManagement] INFO  server.RaftServerConfigKeys (ConfUtils.java:logGet(46)) - raft.server.rpc.timeout.max = 5200ms (custom)
2024-05-09 06:25:15,037 [c367b86c-aa24-47f1-8357-097651e72609-groupManagement] INFO  server.RaftServerConfigKeys (ConfUtils.java:logGet(46)) - raft.server.rpc.sleep.time = 25ms (default)
2024-05-09 06:25:15,037 [c367b86c-aa24-47f1-8357-097651e72609-groupManagement] INFO  server.RaftServerConfigKeys (ConfUtils.java:logGet(46)) - raft.server.rpc.slowness.timeout = 300000ms (custom)
2024-05-09 06:25:15,037 [c367b86c-aa24-47f1-8357-097651e72609-groupManagement] INFO  server.RaftServerConfigKeys (ConfUtils.java:logGet(46)) - raft.server.leaderelection.leader.step-down.wait-time = 10s (default)
2024-05-09 06:25:15,038 [c367b86c-aa24-47f1-8357-097651e72609-groupManagement] INFO  server.RaftServerConfigKeys (ConfUtils.java:logGet(46)) - raft.server.leaderelection.member.majority-add = false (default)
2024-05-09 06:25:15,038 [c367b86c-aa24-47f1-8357-097651e72609-groupManagement] INFO  server.RaftServerConfigKeys (ConfUtils.java:logGet(46)) - raft.server.sleep.deviation.threshold = 300ms (default)
2024-05-09 06:25:15,038 [c367b86c-aa24-47f1-8357-097651e72609-groupManagement] INFO  server.RaftServer$Division (ServerState.java:<init>(113)) - c367b86c-aa24-47f1-8357-097651e72609@group-C0EC2E85FAC7: ConfigurationManager, init=-1: peers:[c367b86c-aa24-47f1-8357-097651e72609|127.0.0.1:15094]|listeners:[], old=null, confs=<EMPTY_MAP>
2024-05-09 06:25:15,038 [c367b86c-aa24-47f1-8357-097651e72609-groupManagement] INFO  server.RaftServerConfigKeys (ConfUtils.java:logGet(46)) - raft.server.notification.no-leader.timeout = 300000ms (custom)
2024-05-09 06:25:15,038 [c367b86c-aa24-47f1-8357-097651e72609-groupManagement] INFO  server.RaftServerConfigKeys (ConfUtils.java:logGet(46)) - raft.server.read.timeout = 10s (default)
2024-05-09 06:25:15,038 [c367b86c-aa24-47f1-8357-097651e72609-groupManagement] INFO  server.RaftServerConfigKeys (ConfUtils.java:logGet(46)) - raft.server.retrycache.expirytime = 600000ms (custom)
2024-05-09 06:25:15,038 [c367b86c-aa24-47f1-8357-097651e72609-groupManagement] INFO  server.RaftServerConfigKeys (ConfUtils.java:logGet(46)) - raft.server.retrycache.statistics.expirytime = 100ms (default)
2024-05-09 06:25:15,038 [c367b86c-aa24-47f1-8357-097651e72609-groupManagement] INFO  server.RaftServerConfigKeys (ConfUtils.java:logGet(46)) - raft.server.read.option = DEFAULT (default)
2024-05-09 06:25:15,038 [c367b86c-aa24-47f1-8357-097651e72609-groupManagement] INFO  server.RaftServerConfigKeys (ConfUtils.java:logGet(46)) - raft.server.read.read-after-write-consistent.write-index-cache.expiry-time = 60s (default)
2024-05-09 06:25:15,040 [c367b86c-aa24-47f1-8357-097651e72609-groupManagement] INFO  server.RaftServerConfigKeys (ConfUtils.java:logGet(46)) - raft.server.rpc.request.timeout = 3000ms (default)
2024-05-09 06:25:15,040 [c367b86c-aa24-47f1-8357-097651e72609-groupManagement] INFO  server.RaftServerConfigKeys (ConfUtils.java:logGet(46)) - raft.server.log.appender.install.snapshot.enabled = false (custom)
2024-05-09 06:25:15,040 [c367b86c-aa24-47f1-8357-097651e72609-groupManagement] INFO  server.RaftServerConfigKeys (ConfUtils.java:logGet(46)) - raft.server.threadpool.server.cached = true (default)
2024-05-09 06:25:15,040 [c367b86c-aa24-47f1-8357-097651e72609-groupManagement] INFO  server.RaftServerConfigKeys (ConfUtils.java:logGet(46)) - raft.server.threadpool.server.size = 0 (default)
2024-05-09 06:25:15,040 [c367b86c-aa24-47f1-8357-097651e72609-groupManagement] INFO  server.RaftServerConfigKeys (ConfUtils.java:logGet(46)) - raft.server.threadpool.client.cached = true (default)
2024-05-09 06:25:15,040 [c367b86c-aa24-47f1-8357-097651e72609-groupManagement] INFO  server.RaftServerConfigKeys (ConfUtils.java:logGet(46)) - raft.server.threadpool.client.size = 0 (default)
2024-05-09 06:25:15,040 [c367b86c-aa24-47f1-8357-097651e72609-groupManagement] INFO  server.RaftServerConfigKeys (ConfUtils.java:logGet(46)) - raft.server.storage.free-space.min = 0MB (=0) (default)
2024-05-09 06:25:15,040 [c367b86c-aa24-47f1-8357-097651e72609-groupManagement] INFO  server.RaftServerConfigKeys (ConfUtils.java:logGet(46)) - raft.server.log.corruption.policy = EXCEPTION (default)
2024-05-09 06:25:15,040 [c367b86c-aa24-47f1-8357-097651e72609-groupManagement] INFO  server.RaftServerConfigKeys (ConfUtils.java:logGet(46)) - raft.server.storage.dir = [/home/runner/work/ozone/ozone/hadoop-ozone/integration-test/target/test-dir/MiniOzoneClusterImpl-48ce40b1-13f8-460b-b529-5aa00ab75c3e/ozone-meta/datanode-4/ratis] (custom)
2024-05-09 06:25:15,040 [c367b86c-aa24-47f1-8357-097651e72609-groupManagement] INFO  storage.RaftStorageDirectory (RaftStorageDirectoryImpl.java:analyzeStorage(138)) - The storage directory /home/runner/work/ozone/ozone/hadoop-ozone/integration-test/target/test-dir/MiniOzoneClusterImpl-48ce40b1-13f8-460b-b529-5aa00ab75c3e/ozone-meta/datanode-4/ratis/1d525e50-3063-4f38-924e-c0ec2e85fac7 does not exist. Creating ...
2024-05-09 06:25:15,042 [c367b86c-aa24-47f1-8357-097651e72609-groupManagement] INFO  storage.RaftStorageDirectory (RaftStorageDirectoryImpl.java:tryLock(228)) - Lock on /home/runner/work/ozone/ozone/hadoop-ozone/integration-test/target/test-dir/MiniOzoneClusterImpl-48ce40b1-13f8-460b-b529-5aa00ab75c3e/ozone-meta/datanode-4/ratis/1d525e50-3063-4f38-924e-c0ec2e85fac7/in_use.lock acquired by nodename 52187@fv-az737-206
2024-05-09 06:25:15,042 [c367b86c-aa24-47f1-8357-097651e72609-groupManagement] INFO  storage.RaftStorage (RaftStorageImpl.java:format(99)) - Storage directory /home/runner/work/ozone/ozone/hadoop-ozone/integration-test/target/test-dir/MiniOzoneClusterImpl-48ce40b1-13f8-460b-b529-5aa00ab75c3e/ozone-meta/datanode-4/ratis/1d525e50-3063-4f38-924e-c0ec2e85fac7 has been successfully formatted.
2024-05-09 06:25:15,043 [c367b86c-aa24-47f1-8357-097651e72609-groupManagement] WARN  util.FileUtils (LogUtils.java:supplyAndLog(63)) - Failed to Files.newInputStream /home/runner/work/ozone/ozone/hadoop-ozone/integration-test/target/test-dir/MiniOzoneClusterImpl-48ce40b1-13f8-460b-b529-5aa00ab75c3e/ozone-meta/datanode-4/ratis/1d525e50-3063-4f38-924e-c0ec2e85fac7/current/raft-meta.conf with options []: java.nio.file.NoSuchFileException: /home/runner/work/ozone/ozone/hadoop-ozone/integration-test/target/test-dir/MiniOzoneClusterImpl-48ce40b1-13f8-460b-b529-5aa00ab75c3e/ozone-meta/datanode-4/ratis/1d525e50-3063-4f38-924e-c0ec2e85fac7/current/raft-meta.conf
2024-05-09 06:25:15,043 [c367b86c-aa24-47f1-8357-097651e72609-groupManagement] INFO  ratis.ContainerStateMachine (ContainerStateMachine.java:loadSnapshot(287)) - group-C0EC2E85FAC7: The snapshot info is null. Setting the last applied index to:(t:0, i:~)
2024-05-09 06:25:15,043 [c367b86c-aa24-47f1-8357-097651e72609-groupManagement] INFO  server.RaftServerConfigKeys (ConfUtils.java:logGet(46)) - raft.server.log.use.memory = false (default)
2024-05-09 06:25:15,044 [c367b86c-aa24-47f1-8357-097651e72609-groupManagement] INFO  server.RaftServerConfigKeys (ConfUtils.java:logGet(46)) - raft.server.log.purge.gap = 1000000 (custom)
2024-05-09 06:25:15,044 [c367b86c-aa24-47f1-8357-097651e72609-groupManagement] INFO  server.RaftServerConfigKeys (ConfUtils.java:logGet(46)) - raft.server.log.appender.buffer.byte-limit = 8388608 (custom)
2024-05-09 06:25:15,044 [c367b86c-aa24-47f1-8357-097651e72609-groupManagement] INFO  server.RaftServerConfigKeys (ConfUtils.java:logGet(46)) - raft.server.log.statemachine.data.read.timeout = 1000ms (default)
2024-05-09 06:25:15,044 [c367b86c-aa24-47f1-8357-097651e72609-groupManagement] INFO  server.RaftServerConfigKeys (ConfUtils.java:logGet(46)) - raft.server.log.purge.preservation.log.num = 0 (default)
2024-05-09 06:25:15,044 [EventQueue-PipelineReportForPipelineReportHandler] INFO  pipeline.PipelineReportHandler (PipelineReportHandler.java:processPipelineReport(136)) - Opened pipeline PipelineID=1d525e50-3063-4f38-924e-c0ec2e85fac7
2024-05-09 06:25:15,044 [EventQueue-OpenPipelineForHealthyPipelineSafeModeRule] INFO  safemode.SCMSafeModeManager (HealthyPipelineSafeModeRule.java:process(140)) - SCM in safe mode. Healthy pipelines reported count is 0, required healthy pipeline reported count is 1
2024-05-09 06:25:15,046 [c367b86c-aa24-47f1-8357-097651e72609-groupManagement] INFO  server.RaftServerConfigKeys (ConfUtils.java:logGet(46)) - raft.server.log.segment.size.max = 67108864 (custom)
2024-05-09 06:25:15,046 [c367b86c-aa24-47f1-8357-097651e72609-groupManagement] INFO  server.RaftServerConfigKeys (ConfUtils.java:logGet(46)) - raft.server.log.segment.cache.num.max = 2 (custom)
2024-05-09 06:25:15,046 [c367b86c-aa24-47f1-8357-097651e72609-groupManagement] INFO  server.RaftServerConfigKeys (ConfUtils.java:logGet(46)) - raft.server.log.segment.cache.size.max = 200MB (=209715200) (default)
2024-05-09 06:25:15,046 [c367b86c-aa24-47f1-8357-097651e72609-groupManagement] INFO  server.RaftServerConfigKeys (ConfUtils.java:logGet(46)) - raft.server.log.appender.buffer.byte-limit = 8388608 (custom)
2024-05-09 06:25:15,046 [c367b86c-aa24-47f1-8357-097651e72609-groupManagement] INFO  util.AwaitToRun (AwaitToRun.java:start(81)) - Thread[c367b86c-aa24-47f1-8357-097651e72609@group-C0EC2E85FAC7-cacheEviction-AwaitToRun,5,main] started
2024-05-09 06:25:15,046 [c367b86c-aa24-47f1-8357-097651e72609-groupManagement] INFO  segmented.SegmentedRaftLogWorker (SegmentedRaftLogWorker.java:<init>(182)) - new c367b86c-aa24-47f1-8357-097651e72609@group-C0EC2E85FAC7-SegmentedRaftLogWorker for RaftStorageImpl:Storage Directory /home/runner/work/ozone/ozone/hadoop-ozone/integration-test/target/test-dir/MiniOzoneClusterImpl-48ce40b1-13f8-460b-b529-5aa00ab75c3e/ozone-meta/datanode-4/ratis/1d525e50-3063-4f38-924e-c0ec2e85fac7
2024-05-09 06:25:15,046 [c367b86c-aa24-47f1-8357-097651e72609-groupManagement] INFO  server.RaftServerConfigKeys (ConfUtils.java:logGet(46)) - raft.server.log.queue.byte-limit = 4294967296 (custom)
2024-05-09 06:25:15,046 [c367b86c-aa24-47f1-8357-097651e72609-groupManagement] INFO  server.RaftServerConfigKeys (ConfUtils.java:logGet(46)) - raft.server.log.queue.element-limit = 1024 (custom)
2024-05-09 06:25:15,046 [c367b86c-aa24-47f1-8357-097651e72609-groupManagement] INFO  server.RaftServerConfigKeys (ConfUtils.java:logGet(46)) - raft.server.log.segment.size.max = 67108864 (custom)
2024-05-09 06:25:15,046 [c367b86c-aa24-47f1-8357-097651e72609-groupManagement] INFO  server.RaftServerConfigKeys (ConfUtils.java:logGet(46)) - raft.server.log.preallocated.size = 4194304 (custom)
2024-05-09 06:25:15,046 [c367b86c-aa24-47f1-8357-097651e72609-groupManagement] INFO  server.RaftServerConfigKeys (ConfUtils.java:logGet(46)) - raft.server.log.force.sync.num = 128 (default)
2024-05-09 06:25:15,046 [c367b86c-aa24-47f1-8357-097651e72609-groupManagement] INFO  server.RaftServerConfigKeys (ConfUtils.java:logGet(46)) - raft.server.log.statemachine.data.sync = true (default)
2024-05-09 06:25:15,047 [c367b86c-aa24-47f1-8357-097651e72609-groupManagement] INFO  server.RaftServerConfigKeys (ConfUtils.java:logGet(46)) - raft.server.log.statemachine.data.sync.timeout = 10s (default)
2024-05-09 06:25:15,047 [c367b86c-aa24-47f1-8357-097651e72609-groupManagement] INFO  server.RaftServerConfigKeys (ConfUtils.java:logGet(46)) - raft.server.log.statemachine.data.sync.timeout.retry = 30 (custom)
2024-05-09 06:25:15,047 [c367b86c-aa24-47f1-8357-097651e72609-groupManagement] INFO  server.RaftServerConfigKeys (ConfUtils.java:logGet(46)) - raft.server.log.write.buffer.size = 8388616 (custom)
2024-05-09 06:25:15,048 [c367b86c-aa24-47f1-8357-097651e72609-groupManagement] INFO  server.RaftServerConfigKeys (ConfUtils.java:logGet(46)) - raft.server.log.appender.buffer.byte-limit = 8388608 (custom)
2024-05-09 06:25:15,048 [c367b86c-aa24-47f1-8357-097651e72609-groupManagement] INFO  server.RaftServerConfigKeys (ConfUtils.java:logGet(46)) - raft.server.log.unsafe-flush.enabled = false (default)
2024-05-09 06:25:15,048 [c367b86c-aa24-47f1-8357-097651e72609-groupManagement] INFO  server.RaftServerConfigKeys (ConfUtils.java:logGet(46)) - raft.server.log.async-flush.enabled = false (default)
2024-05-09 06:25:15,048 [c367b86c-aa24-47f1-8357-097651e72609-groupManagement] INFO  server.RaftServerConfigKeys (ConfUtils.java:logGet(46)) - raft.server.log.statemachine.data.caching.enabled = true (custom)
2024-05-09 06:25:15,048 [c367b86c-aa24-47f1-8357-097651e72609-groupManagement] INFO  segmented.SegmentedRaftLogWorker (SegmentedRaftLogWorker.java:lambda$new$0(134)) - c367b86c-aa24-47f1-8357-097651e72609@group-C0EC2E85FAC7-SegmentedRaftLogWorker: flushIndex: setUnconditionally 0 -> -1
2024-05-09 06:25:15,048 [c367b86c-aa24-47f1-8357-097651e72609-groupManagement] INFO  segmented.SegmentedRaftLogWorker (SegmentedRaftLogWorker.java:lambda$new$0(134)) - c367b86c-aa24-47f1-8357-097651e72609@group-C0EC2E85FAC7-SegmentedRaftLogWorker: safeCacheEvictIndex: setUnconditionally 0 -> -1
2024-05-09 06:25:15,049 [c367b86c-aa24-47f1-8357-097651e72609-groupManagement] INFO  server.RaftServer$Division (RaftServerImpl.java:start(396)) - c367b86c-aa24-47f1-8357-097651e72609@group-C0EC2E85FAC7: start as a follower, conf=-1: peers:[c367b86c-aa24-47f1-8357-097651e72609|127.0.0.1:15094]|listeners:[], old=null
2024-05-09 06:25:15,049 [c367b86c-aa24-47f1-8357-097651e72609-groupManagement] INFO  server.RaftServer$Division (RaftServerImpl.java:setRole(383)) - c367b86c-aa24-47f1-8357-097651e72609@group-C0EC2E85FAC7: changes role from      null to FOLLOWER at term 0 for startAsFollower
2024-05-09 06:25:15,049 [c367b86c-aa24-47f1-8357-097651e72609-groupManagement] INFO  impl.RoleInfo (RoleInfo.java:updateAndGet(139)) - c367b86c-aa24-47f1-8357-097651e72609: start c367b86c-aa24-47f1-8357-097651e72609@group-C0EC2E85FAC7-FollowerState
2024-05-09 06:25:15,049 [c367b86c-aa24-47f1-8357-097651e72609@group-C0EC2E85FAC7-FollowerState] INFO  server.RaftServerConfigKeys (ConfUtils.java:logFallback(53)) - raft.server.rpc.first-election.timeout.min = 5s (fallback to raft.server.rpc.timeout.min)
2024-05-09 06:25:15,049 [c367b86c-aa24-47f1-8357-097651e72609@group-C0EC2E85FAC7-FollowerState] INFO  server.RaftServerConfigKeys (ConfUtils.java:logFallback(53)) - raft.server.rpc.first-election.timeout.max = 5200ms (fallback to raft.server.rpc.timeout.max)
2024-05-09 06:25:15,049 [c367b86c-aa24-47f1-8357-097651e72609-groupManagement] INFO  util.JmxRegister (JmxRegister.java:tryRegister(44)) - Successfully registered JMX Bean with object name Ratis:service=RaftServer,group=group-C0EC2E85FAC7,id=c367b86c-aa24-47f1-8357-097651e72609
2024-05-09 06:25:15,049 [c367b86c-aa24-47f1-8357-097651e72609-groupManagement] INFO  server.RaftServerConfigKeys (ConfUtils.java:logGet(46)) - raft.server.snapshot.trigger-when-stop.enabled = true (default)
2024-05-09 06:25:15,049 [c367b86c-aa24-47f1-8357-097651e72609-groupManagement] INFO  server.RaftServerConfigKeys (ConfUtils.java:logGet(46)) - raft.server.snapshot.auto.trigger.enabled = true (custom)
2024-05-09 06:25:15,049 [c367b86c-aa24-47f1-8357-097651e72609-groupManagement] INFO  server.RaftServerConfigKeys (ConfUtils.java:logGet(46)) - raft.server.snapshot.auto.trigger.threshold = 10000 (custom)
2024-05-09 06:25:15,049 [c367b86c-aa24-47f1-8357-097651e72609-groupManagement] INFO  server.RaftServerConfigKeys (ConfUtils.java:logGet(46)) - raft.server.snapshot.retention.file.num = 5 (custom)
2024-05-09 06:25:15,049 [c367b86c-aa24-47f1-8357-097651e72609-groupManagement] INFO  server.RaftServerConfigKeys (ConfUtils.java:logGet(46)) - raft.server.log.purge.upto.snapshot.index = false (default)
2024-05-09 06:25:15,051 [c367b86c-aa24-47f1-8357-097651e72609-PipelineCommandHandlerThread-0] INFO  ratis.XceiverServerRatis (XceiverServerRatis.java:addGroup(864)) - Created group PipelineID=1d525e50-3063-4f38-924e-c0ec2e85fac7
2024-05-09 06:25:15,051 [c367b86c-aa24-47f1-8357-097651e72609-PipelineCommandHandlerThread-0] INFO  commandhandler.CreatePipelineCommandHandler (CreatePipelineCommandHandler.java:lambda$handle$2(124)) - Created Pipeline RATIS ONE PipelineID=1d525e50-3063-4f38-924e-c0ec2e85fac7.
2024-05-09 06:25:15,112 [main] INFO  ozone.MiniOzoneClusterImpl (MiniOzoneClusterImpl.java:lambda$waitForClusterToBeReady$0(194)) - Nodes are ready. Got 5 of 5 DN Heartbeats.
2024-05-09 06:25:15,113 [main] INFO  ozone.MiniOzoneClusterImpl (MiniOzoneClusterImpl.java:lambda$waitForClusterToBeReady$0(197)) - Waiting for cluster to exit safe mode
2024-05-09 06:25:15,113 [main] INFO  ozone.MiniOzoneClusterImpl (MiniOzoneClusterImpl.java:lambda$waitForClusterToBeReady$0(199)) - SCM became leader
2024-05-09 06:25:15,123 [bda92e25-e077-447c-8dba-c1f962292f2e-PipelineCommandHandlerThread-0] INFO  server.RaftServer (RaftServerProxy.java:addNew(100)) - bda92e25-e077-447c-8dba-c1f962292f2e: addNew group-909FB7FCF857:[bda92e25-e077-447c-8dba-c1f962292f2e|127.0.0.1:15103] returns group-909FB7FCF857:java.util.concurrent.CompletableFuture@60cff09e[Not completed]
2024-05-09 06:25:15,124 [bda92e25-e077-447c-8dba-c1f962292f2e-groupManagement] INFO  server.RaftServer$Division (RaftServerImpl.java:<init>(256)) - bda92e25-e077-447c-8dba-c1f962292f2e: new RaftServerImpl for group-909FB7FCF857:[bda92e25-e077-447c-8dba-c1f962292f2e|127.0.0.1:15103] with ContainerStateMachine:uninitialized
2024-05-09 06:25:15,124 [bda92e25-e077-447c-8dba-c1f962292f2e-groupManagement] INFO  server.RaftServerConfigKeys (ConfUtils.java:logGet(46)) - raft.server.rpc.timeout.min = 5s (custom)
2024-05-09 06:25:15,124 [bda92e25-e077-447c-8dba-c1f962292f2e-groupManagement] INFO  server.RaftServerConfigKeys (ConfUtils.java:logGet(46)) - raft.server.rpc.timeout.max = 5200ms (custom)
2024-05-09 06:25:15,124 [bda92e25-e077-447c-8dba-c1f962292f2e-groupManagement] INFO  server.RaftServerConfigKeys (ConfUtils.java:logGet(46)) - raft.server.rpc.sleep.time = 25ms (default)
2024-05-09 06:25:15,125 [bda92e25-e077-447c-8dba-c1f962292f2e-groupManagement] INFO  server.RaftServerConfigKeys (ConfUtils.java:logGet(46)) - raft.server.rpc.slowness.timeout = 300000ms (custom)
2024-05-09 06:25:15,125 [bda92e25-e077-447c-8dba-c1f962292f2e-groupManagement] INFO  server.RaftServerConfigKeys (ConfUtils.java:logGet(46)) - raft.server.leaderelection.leader.step-down.wait-time = 10s (default)
2024-05-09 06:25:15,125 [bda92e25-e077-447c-8dba-c1f962292f2e-groupManagement] INFO  server.RaftServerConfigKeys (ConfUtils.java:logGet(46)) - raft.server.leaderelection.member.majority-add = false (default)
2024-05-09 06:25:15,125 [bda92e25-e077-447c-8dba-c1f962292f2e-groupManagement] INFO  server.RaftServerConfigKeys (ConfUtils.java:logGet(46)) - raft.server.sleep.deviation.threshold = 300ms (default)
2024-05-09 06:25:15,125 [bda92e25-e077-447c-8dba-c1f962292f2e-groupManagement] INFO  server.RaftServer$Division (ServerState.java:<init>(113)) - bda92e25-e077-447c-8dba-c1f962292f2e@group-909FB7FCF857: ConfigurationManager, init=-1: peers:[bda92e25-e077-447c-8dba-c1f962292f2e|127.0.0.1:15103]|listeners:[], old=null, confs=<EMPTY_MAP>
2024-05-09 06:25:15,125 [bda92e25-e077-447c-8dba-c1f962292f2e-groupManagement] INFO  server.RaftServerConfigKeys (ConfUtils.java:logGet(46)) - raft.server.notification.no-leader.timeout = 300000ms (custom)
2024-05-09 06:25:15,125 [bda92e25-e077-447c-8dba-c1f962292f2e-groupManagement] INFO  server.RaftServerConfigKeys (ConfUtils.java:logGet(46)) - raft.server.read.timeout = 10s (default)
2024-05-09 06:25:15,125 [bda92e25-e077-447c-8dba-c1f962292f2e-groupManagement] INFO  server.RaftServerConfigKeys (ConfUtils.java:logGet(46)) - raft.server.retrycache.expirytime = 600000ms (custom)
2024-05-09 06:25:15,125 [bda92e25-e077-447c-8dba-c1f962292f2e-groupManagement] INFO  server.RaftServerConfigKeys (ConfUtils.java:logGet(46)) - raft.server.retrycache.statistics.expirytime = 100ms (default)
2024-05-09 06:25:15,125 [bda92e25-e077-447c-8dba-c1f962292f2e-groupManagement] INFO  server.RaftServerConfigKeys (ConfUtils.java:logGet(46)) - raft.server.read.option = DEFAULT (default)
2024-05-09 06:25:15,125 [bda92e25-e077-447c-8dba-c1f962292f2e-groupManagement] INFO  server.RaftServerConfigKeys (ConfUtils.java:logGet(46)) - raft.server.read.read-after-write-consistent.write-index-cache.expiry-time = 60s (default)
2024-05-09 06:25:15,127 [bda92e25-e077-447c-8dba-c1f962292f2e-groupManagement] INFO  server.RaftServerConfigKeys (ConfUtils.java:logGet(46)) - raft.server.rpc.request.timeout = 3000ms (default)
2024-05-09 06:25:15,127 [bda92e25-e077-447c-8dba-c1f962292f2e-groupManagement] INFO  server.RaftServerConfigKeys (ConfUtils.java:logGet(46)) - raft.server.log.appender.install.snapshot.enabled = false (custom)
2024-05-09 06:25:15,127 [bda92e25-e077-447c-8dba-c1f962292f2e-groupManagement] INFO  server.RaftServerConfigKeys (ConfUtils.java:logGet(46)) - raft.server.threadpool.server.cached = true (default)
2024-05-09 06:25:15,127 [bda92e25-e077-447c-8dba-c1f962292f2e-groupManagement] INFO  server.RaftServerConfigKeys (ConfUtils.java:logGet(46)) - raft.server.threadpool.server.size = 0 (default)
2024-05-09 06:25:15,127 [bda92e25-e077-447c-8dba-c1f962292f2e-groupManagement] INFO  server.RaftServerConfigKeys (ConfUtils.java:logGet(46)) - raft.server.threadpool.client.cached = true (default)
2024-05-09 06:25:15,127 [bda92e25-e077-447c-8dba-c1f962292f2e-groupManagement] INFO  server.RaftServerConfigKeys (ConfUtils.java:logGet(46)) - raft.server.threadpool.client.size = 0 (default)
2024-05-09 06:25:15,128 [bda92e25-e077-447c-8dba-c1f962292f2e-groupManagement] INFO  server.RaftServerConfigKeys (ConfUtils.java:logGet(46)) - raft.server.storage.free-space.min = 0MB (=0) (default)
2024-05-09 06:25:15,128 [bda92e25-e077-447c-8dba-c1f962292f2e-groupManagement] INFO  server.RaftServerConfigKeys (ConfUtils.java:logGet(46)) - raft.server.log.corruption.policy = EXCEPTION (default)
2024-05-09 06:25:15,128 [bda92e25-e077-447c-8dba-c1f962292f2e-groupManagement] INFO  server.RaftServerConfigKeys (ConfUtils.java:logGet(46)) - raft.server.storage.dir = [/home/runner/work/ozone/ozone/hadoop-ozone/integration-test/target/test-dir/MiniOzoneClusterImpl-48ce40b1-13f8-460b-b529-5aa00ab75c3e/ozone-meta/datanode-5/ratis] (custom)
2024-05-09 06:25:15,128 [bda92e25-e077-447c-8dba-c1f962292f2e-groupManagement] INFO  storage.RaftStorageDirectory (RaftStorageDirectoryImpl.java:analyzeStorage(138)) - The storage directory /home/runner/work/ozone/ozone/hadoop-ozone/integration-test/target/test-dir/MiniOzoneClusterImpl-48ce40b1-13f8-460b-b529-5aa00ab75c3e/ozone-meta/datanode-5/ratis/76f840da-7d41-4e58-8d6a-909fb7fcf857 does not exist. Creating ...
2024-05-09 06:25:15,129 [bda92e25-e077-447c-8dba-c1f962292f2e-groupManagement] INFO  storage.RaftStorageDirectory (RaftStorageDirectoryImpl.java:tryLock(228)) - Lock on /home/runner/work/ozone/ozone/hadoop-ozone/integration-test/target/test-dir/MiniOzoneClusterImpl-48ce40b1-13f8-460b-b529-5aa00ab75c3e/ozone-meta/datanode-5/ratis/76f840da-7d41-4e58-8d6a-909fb7fcf857/in_use.lock acquired by nodename 52187@fv-az737-206
2024-05-09 06:25:15,130 [bda92e25-e077-447c-8dba-c1f962292f2e-groupManagement] INFO  storage.RaftStorage (RaftStorageImpl.java:format(99)) - Storage directory /home/runner/work/ozone/ozone/hadoop-ozone/integration-test/target/test-dir/MiniOzoneClusterImpl-48ce40b1-13f8-460b-b529-5aa00ab75c3e/ozone-meta/datanode-5/ratis/76f840da-7d41-4e58-8d6a-909fb7fcf857 has been successfully formatted.
2024-05-09 06:25:15,130 [bda92e25-e077-447c-8dba-c1f962292f2e-groupManagement] WARN  util.FileUtils (LogUtils.java:supplyAndLog(63)) - Failed to Files.newInputStream /home/runner/work/ozone/ozone/hadoop-ozone/integration-test/target/test-dir/MiniOzoneClusterImpl-48ce40b1-13f8-460b-b529-5aa00ab75c3e/ozone-meta/datanode-5/ratis/76f840da-7d41-4e58-8d6a-909fb7fcf857/current/raft-meta.conf with options []: java.nio.file.NoSuchFileException: /home/runner/work/ozone/ozone/hadoop-ozone/integration-test/target/test-dir/MiniOzoneClusterImpl-48ce40b1-13f8-460b-b529-5aa00ab75c3e/ozone-meta/datanode-5/ratis/76f840da-7d41-4e58-8d6a-909fb7fcf857/current/raft-meta.conf
2024-05-09 06:25:15,130 [bda92e25-e077-447c-8dba-c1f962292f2e-groupManagement] INFO  ratis.ContainerStateMachine (ContainerStateMachine.java:loadSnapshot(287)) - group-909FB7FCF857: The snapshot info is null. Setting the last applied index to:(t:0, i:~)
2024-05-09 06:25:15,130 [bda92e25-e077-447c-8dba-c1f962292f2e-groupManagement] INFO  server.RaftServerConfigKeys (ConfUtils.java:logGet(46)) - raft.server.log.use.memory = false (default)
2024-05-09 06:25:15,130 [bda92e25-e077-447c-8dba-c1f962292f2e-groupManagement] INFO  server.RaftServerConfigKeys (ConfUtils.java:logGet(46)) - raft.server.log.purge.gap = 1000000 (custom)
2024-05-09 06:25:15,130 [bda92e25-e077-447c-8dba-c1f962292f2e-groupManagement] INFO  server.RaftServerConfigKeys (ConfUtils.java:logGet(46)) - raft.server.log.appender.buffer.byte-limit = 8388608 (custom)
2024-05-09 06:25:15,131 [bda92e25-e077-447c-8dba-c1f962292f2e-groupManagement] INFO  server.RaftServerConfigKeys (ConfUtils.java:logGet(46)) - raft.server.log.statemachine.data.read.timeout = 1000ms (default)
2024-05-09 06:25:15,131 [bda92e25-e077-447c-8dba-c1f962292f2e-groupManagement] INFO  server.RaftServerConfigKeys (ConfUtils.java:logGet(46)) - raft.server.log.purge.preservation.log.num = 0 (default)
2024-05-09 06:25:15,132 [bda92e25-e077-447c-8dba-c1f962292f2e-groupManagement] INFO  server.RaftServerConfigKeys (ConfUtils.java:logGet(46)) - raft.server.log.segment.size.max = 67108864 (custom)
2024-05-09 06:25:15,132 [bda92e25-e077-447c-8dba-c1f962292f2e-groupManagement] INFO  server.RaftServerConfigKeys (ConfUtils.java:logGet(46)) - raft.server.log.segment.cache.num.max = 2 (custom)
2024-05-09 06:25:15,132 [bda92e25-e077-447c-8dba-c1f962292f2e-groupManagement] INFO  server.RaftServerConfigKeys (ConfUtils.java:logGet(46)) - raft.server.log.segment.cache.size.max = 200MB (=209715200) (default)
2024-05-09 06:25:15,132 [bda92e25-e077-447c-8dba-c1f962292f2e-groupManagement] INFO  server.RaftServerConfigKeys (ConfUtils.java:logGet(46)) - raft.server.log.appender.buffer.byte-limit = 8388608 (custom)
2024-05-09 06:25:15,132 [bda92e25-e077-447c-8dba-c1f962292f2e-groupManagement] INFO  util.AwaitToRun (AwaitToRun.java:start(81)) - Thread[bda92e25-e077-447c-8dba-c1f962292f2e@group-909FB7FCF857-cacheEviction-AwaitToRun,5,main] started
2024-05-09 06:25:15,132 [bda92e25-e077-447c-8dba-c1f962292f2e-groupManagement] INFO  segmented.SegmentedRaftLogWorker (SegmentedRaftLogWorker.java:<init>(182)) - new bda92e25-e077-447c-8dba-c1f962292f2e@group-909FB7FCF857-SegmentedRaftLogWorker for RaftStorageImpl:Storage Directory /home/runner/work/ozone/ozone/hadoop-ozone/integration-test/target/test-dir/MiniOzoneClusterImpl-48ce40b1-13f8-460b-b529-5aa00ab75c3e/ozone-meta/datanode-5/ratis/76f840da-7d41-4e58-8d6a-909fb7fcf857
2024-05-09 06:25:15,132 [bda92e25-e077-447c-8dba-c1f962292f2e-groupManagement] INFO  server.RaftServerConfigKeys (ConfUtils.java:logGet(46)) - raft.server.log.queue.byte-limit = 4294967296 (custom)
2024-05-09 06:25:15,133 [bda92e25-e077-447c-8dba-c1f962292f2e-groupManagement] INFO  server.RaftServerConfigKeys (ConfUtils.java:logGet(46)) - raft.server.log.queue.element-limit = 1024 (custom)
2024-05-09 06:25:15,133 [bda92e25-e077-447c-8dba-c1f962292f2e-groupManagement] INFO  server.RaftServerConfigKeys (ConfUtils.java:logGet(46)) - raft.server.log.segment.size.max = 67108864 (custom)
2024-05-09 06:25:15,133 [bda92e25-e077-447c-8dba-c1f962292f2e-groupManagement] INFO  server.RaftServerConfigKeys (ConfUtils.java:logGet(46)) - raft.server.log.preallocated.size = 4194304 (custom)
2024-05-09 06:25:15,133 [bda92e25-e077-447c-8dba-c1f962292f2e-groupManagement] INFO  server.RaftServerConfigKeys (ConfUtils.java:logGet(46)) - raft.server.log.force.sync.num = 128 (default)
2024-05-09 06:25:15,133 [bda92e25-e077-447c-8dba-c1f962292f2e-groupManagement] INFO  server.RaftServerConfigKeys (ConfUtils.java:logGet(46)) - raft.server.log.statemachine.data.sync = true (default)
2024-05-09 06:25:15,133 [bda92e25-e077-447c-8dba-c1f962292f2e-groupManagement] INFO  server.RaftServerConfigKeys (ConfUtils.java:logGet(46)) - raft.server.log.statemachine.data.sync.timeout = 10s (default)
2024-05-09 06:25:15,133 [bda92e25-e077-447c-8dba-c1f962292f2e-groupManagement] INFO  server.RaftServerConfigKeys (ConfUtils.java:logGet(46)) - raft.server.log.statemachine.data.sync.timeout.retry = 30 (custom)
2024-05-09 06:25:15,133 [bda92e25-e077-447c-8dba-c1f962292f2e-groupManagement] INFO  server.RaftServerConfigKeys (ConfUtils.java:logGet(46)) - raft.server.log.write.buffer.size = 8388616 (custom)
2024-05-09 06:25:15,134 [EventQueue-PipelineReportForPipelineReportHandler] INFO  pipeline.PipelineReportHandler (PipelineReportHandler.java:processPipelineReport(136)) - Opened pipeline PipelineID=76f840da-7d41-4e58-8d6a-909fb7fcf857
2024-05-09 06:25:15,134 [EventQueue-OpenPipelineForHealthyPipelineSafeModeRule] INFO  safemode.SCMSafeModeManager (HealthyPipelineSafeModeRule.java:process(140)) - SCM in safe mode. Healthy pipelines reported count is 0, required healthy pipeline reported count is 1
2024-05-09 06:25:15,135 [bda92e25-e077-447c-8dba-c1f962292f2e-groupManagement] INFO  server.RaftServerConfigKeys (ConfUtils.java:logGet(46)) - raft.server.log.appender.buffer.byte-limit = 8388608 (custom)
2024-05-09 06:25:15,135 [bda92e25-e077-447c-8dba-c1f962292f2e-groupManagement] INFO  server.RaftServerConfigKeys (ConfUtils.java:logGet(46)) - raft.server.log.unsafe-flush.enabled = false (default)
2024-05-09 06:25:15,135 [bda92e25-e077-447c-8dba-c1f962292f2e-groupManagement] INFO  server.RaftServerConfigKeys (ConfUtils.java:logGet(46)) - raft.server.log.async-flush.enabled = false (default)
2024-05-09 06:25:15,135 [bda92e25-e077-447c-8dba-c1f962292f2e-groupManagement] INFO  server.RaftServerConfigKeys (ConfUtils.java:logGet(46)) - raft.server.log.statemachine.data.caching.enabled = true (custom)
2024-05-09 06:25:15,135 [bda92e25-e077-447c-8dba-c1f962292f2e-groupManagement] INFO  segmented.SegmentedRaftLogWorker (SegmentedRaftLogWorker.java:lambda$new$0(134)) - bda92e25-e077-447c-8dba-c1f962292f2e@group-909FB7FCF857-SegmentedRaftLogWorker: flushIndex: setUnconditionally 0 -> -1
2024-05-09 06:25:15,135 [bda92e25-e077-447c-8dba-c1f962292f2e-groupManagement] INFO  segmented.SegmentedRaftLogWorker (SegmentedRaftLogWorker.java:lambda$new$0(134)) - bda92e25-e077-447c-8dba-c1f962292f2e@group-909FB7FCF857-SegmentedRaftLogWorker: safeCacheEvictIndex: setUnconditionally 0 -> -1
2024-05-09 06:25:15,139 [bda92e25-e077-447c-8dba-c1f962292f2e-groupManagement] INFO  server.RaftServer$Division (RaftServerImpl.java:start(396)) - bda92e25-e077-447c-8dba-c1f962292f2e@group-909FB7FCF857: start as a follower, conf=-1: peers:[bda92e25-e077-447c-8dba-c1f962292f2e|127.0.0.1:15103]|listeners:[], old=null
2024-05-09 06:25:15,139 [bda92e25-e077-447c-8dba-c1f962292f2e-groupManagement] INFO  server.RaftServer$Division (RaftServerImpl.java:setRole(383)) - bda92e25-e077-447c-8dba-c1f962292f2e@group-909FB7FCF857: changes role from      null to FOLLOWER at term 0 for startAsFollower
2024-05-09 06:25:15,139 [bda92e25-e077-447c-8dba-c1f962292f2e-groupManagement] INFO  impl.RoleInfo (RoleInfo.java:updateAndGet(139)) - bda92e25-e077-447c-8dba-c1f962292f2e: start bda92e25-e077-447c-8dba-c1f962292f2e@group-909FB7FCF857-FollowerState
2024-05-09 06:25:15,146 [bda92e25-e077-447c-8dba-c1f962292f2e@group-909FB7FCF857-FollowerState] INFO  server.RaftServerConfigKeys (ConfUtils.java:logFallback(53)) - raft.server.rpc.first-election.timeout.min = 5s (fallback to raft.server.rpc.timeout.min)
2024-05-09 06:25:15,146 [bda92e25-e077-447c-8dba-c1f962292f2e@group-909FB7FCF857-FollowerState] INFO  server.RaftServerConfigKeys (ConfUtils.java:logFallback(53)) - raft.server.rpc.first-election.timeout.max = 5200ms (fallback to raft.server.rpc.timeout.max)
2024-05-09 06:25:15,146 [bda92e25-e077-447c-8dba-c1f962292f2e-groupManagement] INFO  util.JmxRegister (JmxRegister.java:tryRegister(44)) - Successfully registered JMX Bean with object name Ratis:service=RaftServer,group=group-909FB7FCF857,id=bda92e25-e077-447c-8dba-c1f962292f2e
2024-05-09 06:25:15,147 [bda92e25-e077-447c-8dba-c1f962292f2e-groupManagement] INFO  server.RaftServerConfigKeys (ConfUtils.java:logGet(46)) - raft.server.snapshot.trigger-when-stop.enabled = true (default)
2024-05-09 06:25:15,147 [bda92e25-e077-447c-8dba-c1f962292f2e-groupManagement] INFO  server.RaftServerConfigKeys (ConfUtils.java:logGet(46)) - raft.server.snapshot.auto.trigger.enabled = true (custom)
2024-05-09 06:25:15,147 [bda92e25-e077-447c-8dba-c1f962292f2e-groupManagement] INFO  server.RaftServerConfigKeys (ConfUtils.java:logGet(46)) - raft.server.snapshot.auto.trigger.threshold = 10000 (custom)
2024-05-09 06:25:15,147 [bda92e25-e077-447c-8dba-c1f962292f2e-groupManagement] INFO  server.RaftServerConfigKeys (ConfUtils.java:logGet(46)) - raft.server.snapshot.retention.file.num = 5 (custom)
2024-05-09 06:25:15,147 [bda92e25-e077-447c-8dba-c1f962292f2e-groupManagement] INFO  server.RaftServerConfigKeys (ConfUtils.java:logGet(46)) - raft.server.log.purge.upto.snapshot.index = false (default)
2024-05-09 06:25:15,150 [bda92e25-e077-447c-8dba-c1f962292f2e-PipelineCommandHandlerThread-0] INFO  ratis.XceiverServerRatis (XceiverServerRatis.java:addGroup(864)) - Created group PipelineID=76f840da-7d41-4e58-8d6a-909fb7fcf857
2024-05-09 06:25:15,150 [bda92e25-e077-447c-8dba-c1f962292f2e-PipelineCommandHandlerThread-0] INFO  commandhandler.CreatePipelineCommandHandler (CreatePipelineCommandHandler.java:lambda$handle$2(124)) - Created Pipeline RATIS ONE PipelineID=76f840da-7d41-4e58-8d6a-909fb7fcf857.
2024-05-09 06:25:16,113 [main] INFO  ozone.MiniOzoneClusterImpl (MiniOzoneClusterImpl.java:lambda$waitForClusterToBeReady$0(194)) - Nodes are ready. Got 5 of 5 DN Heartbeats.
2024-05-09 06:25:16,113 [main] INFO  ozone.MiniOzoneClusterImpl (MiniOzoneClusterImpl.java:lambda$waitForClusterToBeReady$0(197)) - Waiting for cluster to exit safe mode
2024-05-09 06:25:16,113 [main] INFO  ozone.MiniOzoneClusterImpl (MiniOzoneClusterImpl.java:lambda$waitForClusterToBeReady$0(199)) - SCM became leader
2024-05-09 06:25:17,113 [main] INFO  ozone.MiniOzoneClusterImpl (MiniOzoneClusterImpl.java:lambda$waitForClusterToBeReady$0(194)) - Nodes are ready. Got 5 of 5 DN Heartbeats.
2024-05-09 06:25:17,114 [main] INFO  ozone.MiniOzoneClusterImpl (MiniOzoneClusterImpl.java:lambda$waitForClusterToBeReady$0(197)) - Waiting for cluster to exit safe mode
2024-05-09 06:25:17,114 [main] INFO  ozone.MiniOzoneClusterImpl (MiniOzoneClusterImpl.java:lambda$waitForClusterToBeReady$0(199)) - SCM became leader
2024-05-09 06:25:18,114 [main] INFO  ozone.MiniOzoneClusterImpl (MiniOzoneClusterImpl.java:lambda$waitForClusterToBeReady$0(194)) - Nodes are ready. Got 5 of 5 DN Heartbeats.
2024-05-09 06:25:18,114 [main] INFO  ozone.MiniOzoneClusterImpl (MiniOzoneClusterImpl.java:lambda$waitForClusterToBeReady$0(197)) - Waiting for cluster to exit safe mode
2024-05-09 06:25:18,114 [main] INFO  ozone.MiniOzoneClusterImpl (MiniOzoneClusterImpl.java:lambda$waitForClusterToBeReady$0(199)) - SCM became leader
2024-05-09 06:25:19,114 [main] INFO  ozone.MiniOzoneClusterImpl (MiniOzoneClusterImpl.java:lambda$waitForClusterToBeReady$0(194)) - Nodes are ready. Got 5 of 5 DN Heartbeats.
2024-05-09 06:25:19,115 [main] INFO  ozone.MiniOzoneClusterImpl (MiniOzoneClusterImpl.java:lambda$waitForClusterToBeReady$0(197)) - Waiting for cluster to exit safe mode
2024-05-09 06:25:19,115 [main] INFO  ozone.MiniOzoneClusterImpl (MiniOzoneClusterImpl.java:lambda$waitForClusterToBeReady$0(199)) - SCM became leader
2024-05-09 06:25:19,895 [0b714aca-fc82-484b-9944-7b2ffbc45fbf@group-F8FD40352AF2-FollowerState] INFO  impl.FollowerState (FollowerState.java:run(143)) - 0b714aca-fc82-484b-9944-7b2ffbc45fbf@group-F8FD40352AF2-FollowerState: change to CANDIDATE, lastRpcElapsedTime:5076990734ns, electionTimeout:5076ms
2024-05-09 06:25:19,895 [0b714aca-fc82-484b-9944-7b2ffbc45fbf@group-F8FD40352AF2-FollowerState] INFO  impl.RoleInfo (RoleInfo.java:shutdownFollowerState(110)) - 0b714aca-fc82-484b-9944-7b2ffbc45fbf: shutdown 0b714aca-fc82-484b-9944-7b2ffbc45fbf@group-F8FD40352AF2-FollowerState
2024-05-09 06:25:19,895 [0b714aca-fc82-484b-9944-7b2ffbc45fbf@group-F8FD40352AF2-FollowerState] INFO  server.RaftServer$Division (RaftServerImpl.java:setRole(383)) - 0b714aca-fc82-484b-9944-7b2ffbc45fbf@group-F8FD40352AF2: changes role from  FOLLOWER to CANDIDATE at term 0 for changeToCandidate
2024-05-09 06:25:19,895 [0b714aca-fc82-484b-9944-7b2ffbc45fbf@group-F8FD40352AF2-FollowerState] INFO  server.RaftServerConfigKeys (ConfUtils.java:logGet(46)) - raft.server.leaderelection.pre-vote = true (default)
2024-05-09 06:25:19,895 [0b714aca-fc82-484b-9944-7b2ffbc45fbf@group-F8FD40352AF2-FollowerState] INFO  impl.RoleInfo (RoleInfo.java:updateAndGet(139)) - 0b714aca-fc82-484b-9944-7b2ffbc45fbf: start 0b714aca-fc82-484b-9944-7b2ffbc45fbf@group-F8FD40352AF2-LeaderElection12
2024-05-09 06:25:19,895 [0b714aca-fc82-484b-9944-7b2ffbc45fbf@group-F8FD40352AF2-LeaderElection12] INFO  impl.LeaderElection (LeaderElection.java:askForVotes(321)) - 0b714aca-fc82-484b-9944-7b2ffbc45fbf@group-F8FD40352AF2-LeaderElection12 PRE_VOTE round 0: submit vote requests at term 0 for -1: peers:[0b714aca-fc82-484b-9944-7b2ffbc45fbf|127.0.0.1:15067]|listeners:[], old=null
2024-05-09 06:25:19,895 [0b714aca-fc82-484b-9944-7b2ffbc45fbf@group-F8FD40352AF2-LeaderElection12] INFO  impl.LeaderElection (LeaderElection.java:askForVotes(323)) - 0b714aca-fc82-484b-9944-7b2ffbc45fbf@group-F8FD40352AF2-LeaderElection12 PRE_VOTE round 0: result PASSED (term=0)
2024-05-09 06:25:19,897 [0b714aca-fc82-484b-9944-7b2ffbc45fbf@group-F8FD40352AF2-LeaderElection12] INFO  impl.LeaderElection (LeaderElection.java:askForVotes(321)) - 0b714aca-fc82-484b-9944-7b2ffbc45fbf@group-F8FD40352AF2-LeaderElection12 ELECTION round 0: submit vote requests at term 1 for -1: peers:[0b714aca-fc82-484b-9944-7b2ffbc45fbf|127.0.0.1:15067]|listeners:[], old=null
2024-05-09 06:25:19,897 [0b714aca-fc82-484b-9944-7b2ffbc45fbf@group-F8FD40352AF2-LeaderElection12] INFO  impl.LeaderElection (LeaderElection.java:askForVotes(323)) - 0b714aca-fc82-484b-9944-7b2ffbc45fbf@group-F8FD40352AF2-LeaderElection12 ELECTION round 0: result PASSED (term=1)
2024-05-09 06:25:19,897 [0b714aca-fc82-484b-9944-7b2ffbc45fbf@group-F8FD40352AF2-LeaderElection12] INFO  impl.RoleInfo (RoleInfo.java:shutdownLeaderElection(130)) - 0b714aca-fc82-484b-9944-7b2ffbc45fbf: shutdown 0b714aca-fc82-484b-9944-7b2ffbc45fbf@group-F8FD40352AF2-LeaderElection12
2024-05-09 06:25:19,897 [0b714aca-fc82-484b-9944-7b2ffbc45fbf@group-F8FD40352AF2-LeaderElection12] INFO  server.RaftServer$Division (RaftServerImpl.java:setRole(383)) - 0b714aca-fc82-484b-9944-7b2ffbc45fbf@group-F8FD40352AF2: changes role from CANDIDATE to LEADER at term 1 for changeToLeader
2024-05-09 06:25:19,897 [0b714aca-fc82-484b-9944-7b2ffbc45fbf@group-F8FD40352AF2-LeaderElection12] INFO  server.RaftServerConfigKeys (ConfUtils.java:logGet(46)) - raft.server.staging.catchup.gap = 1000 (default)
2024-05-09 06:25:19,897 [0b714aca-fc82-484b-9944-7b2ffbc45fbf@group-F8FD40352AF2-LeaderElection12] INFO  server.RaftServerConfigKeys (ConfUtils.java:logGet(46)) - raft.server.write.element-limit = 1024 (custom)
2024-05-09 06:25:19,897 [0b714aca-fc82-484b-9944-7b2ffbc45fbf@group-F8FD40352AF2-LeaderElection12] INFO  server.RaftServerConfigKeys (ConfUtils.java:logGet(46)) - raft.server.write.byte-limit = 1024 M (=1073741824) (custom)
2024-05-09 06:25:19,898 [0b714aca-fc82-484b-9944-7b2ffbc45fbf@group-F8FD40352AF2-LeaderElection12] INFO  server.RaftServerConfigKeys (ConfUtils.java:logGet(46)) - raft.server.watch.timeout = 3000ms (custom)
2024-05-09 06:25:19,898 [0b714aca-fc82-484b-9944-7b2ffbc45fbf@group-F8FD40352AF2-LeaderElection12] INFO  server.RaftServerConfigKeys (ConfUtils.java:logGet(46)) - raft.server.watch.timeout.denomination = 1s (default)
2024-05-09 06:25:19,898 [0b714aca-fc82-484b-9944-7b2ffbc45fbf@group-F8FD40352AF2-LeaderElection12] INFO  server.RaftServerConfigKeys (ConfUtils.java:logGet(46)) - raft.server.watch.element-limit = 65536 (default)
2024-05-09 06:25:19,898 [0b714aca-fc82-484b-9944-7b2ffbc45fbf@group-F8FD40352AF2-LeaderElection12] INFO  server.RaftServerConfigKeys (ConfUtils.java:logGet(46)) - raft.server.read.leader.lease.enabled = false (default)
2024-05-09 06:25:19,898 [0b714aca-fc82-484b-9944-7b2ffbc45fbf@group-F8FD40352AF2-LeaderElection12] INFO  server.RaftServerConfigKeys (ConfUtils.java:logGet(46)) - raft.server.read.leader.lease.timeout.ratio = 0.9 (default)
2024-05-09 06:25:19,898 [0b714aca-fc82-484b-9944-7b2ffbc45fbf@group-F8FD40352AF2-LeaderElection12] INFO  server.RaftServerConfigKeys (ConfUtils.java:logGet(46)) - raft.server.rpc.timeout.min = 5s (custom)
2024-05-09 06:25:19,898 [0b714aca-fc82-484b-9944-7b2ffbc45fbf@group-F8FD40352AF2-LeaderElection12] INFO  server.RaftServerConfigKeys (ConfUtils.java:logGet(46)) - raft.server.write.element-limit = 1024 (custom)
2024-05-09 06:25:19,898 [0b714aca-fc82-484b-9944-7b2ffbc45fbf@group-F8FD40352AF2-LeaderElection12] INFO  server.RaftServerConfigKeys (ConfUtils.java:logGet(46)) - raft.server.write.follower.gap.ratio.max = -1.0 (default)
2024-05-09 06:25:19,898 [0b714aca-fc82-484b-9944-7b2ffbc45fbf@group-F8FD40352AF2-LeaderElection12] INFO  impl.RoleInfo (RoleInfo.java:updateAndGet(139)) - 0b714aca-fc82-484b-9944-7b2ffbc45fbf: start 0b714aca-fc82-484b-9944-7b2ffbc45fbf@group-F8FD40352AF2-LeaderStateImpl
2024-05-09 06:25:19,898 [0b714aca-fc82-484b-9944-7b2ffbc45fbf@group-F8FD40352AF2-LeaderElection12] INFO  server.RaftServer$Division (RaftServerImpl.java:setFirstElection(574)) - 0b714aca-fc82-484b-9944-7b2ffbc45fbf@group-F8FD40352AF2: set firstElectionSinceStartup to false for becomeLeader
2024-05-09 06:25:19,898 [0b714aca-fc82-484b-9944-7b2ffbc45fbf@group-F8FD40352AF2-LeaderElection12] INFO  ratis.XceiverServerRatis (XceiverServerRatis.java:handleLeaderChangedNotification(966)) - Leader change notification received for group: group-F8FD40352AF2 with new leaderId: 0b714aca-fc82-484b-9944-7b2ffbc45fbf
2024-05-09 06:25:19,898 [0b714aca-fc82-484b-9944-7b2ffbc45fbf@group-F8FD40352AF2-LeaderElection12] INFO  server.RaftServer$Division (ServerState.java:setLeader(269)) - 0b714aca-fc82-484b-9944-7b2ffbc45fbf@group-F8FD40352AF2: change Leader from null to 0b714aca-fc82-484b-9944-7b2ffbc45fbf at term 1 for becomeLeader, leader elected after 5094ms
2024-05-09 06:25:19,899 [0b714aca-fc82-484b-9944-7b2ffbc45fbf@group-F8FD40352AF2-LeaderElection12] INFO  segmented.SegmentedRaftLogWorker (SegmentedRaftLogWorker.java:startLogSegment(430)) - 0b714aca-fc82-484b-9944-7b2ffbc45fbf@group-F8FD40352AF2-SegmentedRaftLogWorker: Starting segment from index:0
2024-05-09 06:25:19,899 [0b714aca-fc82-484b-9944-7b2ffbc45fbf@group-F8FD40352AF2-LeaderElection12] INFO  server.RaftServer$Division (ServerState.java:setRaftConf(386)) - 0b714aca-fc82-484b-9944-7b2ffbc45fbf@group-F8FD40352AF2: set configuration 0: peers:[0b714aca-fc82-484b-9944-7b2ffbc45fbf|127.0.0.1:15067]|listeners:[], old=null
2024-05-09 06:25:19,899 [0b714aca-fc82-484b-9944-7b2ffbc45fbf@group-F8FD40352AF2-SegmentedRaftLogWorker] INFO  segmented.BufferedWriteChannel (BufferedWriteChannel.java:open(62)) - open log_inprogress_0 at position 0
2024-05-09 06:25:19,902 [EventQueue-OpenPipelineForHealthyPipelineSafeModeRule] INFO  safemode.SCMSafeModeManager (HealthyPipelineSafeModeRule.java:process(140)) - SCM in safe mode. Healthy pipelines reported count is 0, required healthy pipeline reported count is 1
2024-05-09 06:25:19,906 [0b714aca-fc82-484b-9944-7b2ffbc45fbf@group-F8FD40352AF2-SegmentedRaftLogWorker] INFO  segmented.SegmentedRaftLogWorker (SegmentedRaftLogWorker.java:execute(634)) - 0b714aca-fc82-484b-9944-7b2ffbc45fbf@group-F8FD40352AF2-SegmentedRaftLogWorker: created new log segment /home/runner/work/ozone/ozone/hadoop-ozone/integration-test/target/test-dir/MiniOzoneClusterImpl-48ce40b1-13f8-460b-b529-5aa00ab75c3e/ozone-meta/datanode-1/ratis/7e59995b-eede-4113-9272-f8fd40352af2/current/log_inprogress_0
2024-05-09 06:25:19,908 [0b714aca-fc82-484b-9944-7b2ffbc45fbf@group-F8FD40352AF2-StateMachineUpdater] INFO  server.RaftServer$Division (LeaderStateImpl.java:isApplied(320)) - leader is ready since appliedIndex == 0 >= startIndex == 0
2024-05-09 06:25:19,936 [0b714aca-fc82-484b-9944-7b2ffbc45fbf@group-711D46114548-FollowerState] INFO  impl.FollowerState (FollowerState.java:run(143)) - 0b714aca-fc82-484b-9944-7b2ffbc45fbf@group-711D46114548-FollowerState: change to CANDIDATE, lastRpcElapsedTime:5100439697ns, electionTimeout:5100ms
2024-05-09 06:25:19,936 [0b714aca-fc82-484b-9944-7b2ffbc45fbf@group-711D46114548-FollowerState] INFO  impl.RoleInfo (RoleInfo.java:shutdownFollowerState(110)) - 0b714aca-fc82-484b-9944-7b2ffbc45fbf: shutdown 0b714aca-fc82-484b-9944-7b2ffbc45fbf@group-711D46114548-FollowerState
2024-05-09 06:25:19,936 [0b714aca-fc82-484b-9944-7b2ffbc45fbf@group-711D46114548-FollowerState] INFO  server.RaftServer$Division (RaftServerImpl.java:setRole(383)) - 0b714aca-fc82-484b-9944-7b2ffbc45fbf@group-711D46114548: changes role from  FOLLOWER to CANDIDATE at term 0 for changeToCandidate
2024-05-09 06:25:19,936 [0b714aca-fc82-484b-9944-7b2ffbc45fbf@group-711D46114548-FollowerState] INFO  server.RaftServerConfigKeys (ConfUtils.java:logGet(46)) - raft.server.leaderelection.pre-vote = true (default)
2024-05-09 06:25:19,936 [0b714aca-fc82-484b-9944-7b2ffbc45fbf@group-711D46114548-FollowerState] INFO  impl.RoleInfo (RoleInfo.java:updateAndGet(139)) - 0b714aca-fc82-484b-9944-7b2ffbc45fbf: start 0b714aca-fc82-484b-9944-7b2ffbc45fbf@group-711D46114548-LeaderElection13
2024-05-09 06:25:19,937 [0b714aca-fc82-484b-9944-7b2ffbc45fbf@group-711D46114548-LeaderElection13] INFO  impl.LeaderElection (LeaderElection.java:askForVotes(321)) - 0b714aca-fc82-484b-9944-7b2ffbc45fbf@group-711D46114548-LeaderElection13 PRE_VOTE round 0: submit vote requests at term 0 for -1: peers:[0b714aca-fc82-484b-9944-7b2ffbc45fbf|127.0.0.1:15067, 528b4752-3c7b-4991-99e9-89ee621f29a5|127.0.0.1:15085, 5b847746-75e9-42bf-94b1-858a537db9cd|127.0.0.1:15076]|listeners:[], old=null
2024-05-09 06:25:19,937 [0b714aca-fc82-484b-9944-7b2ffbc45fbf@group-711D46114548-LeaderElection13-1] INFO  server.GrpcServerProtocolClient (GrpcServerProtocolClient.java:<init>(65)) - Build channel for 528b4752-3c7b-4991-99e9-89ee621f29a5|127.0.0.1:15085
2024-05-09 06:25:19,937 [0b714aca-fc82-484b-9944-7b2ffbc45fbf@group-711D46114548-LeaderElection13-2] INFO  server.GrpcServerProtocolClient (GrpcServerProtocolClient.java:<init>(65)) - Build channel for 5b847746-75e9-42bf-94b1-858a537db9cd|127.0.0.1:15076
2024-05-09 06:25:19,937 [0b714aca-fc82-484b-9944-7b2ffbc45fbf@group-711D46114548-LeaderElection13] INFO  server.RaftServerConfigKeys (ConfUtils.java:logFallback(53)) - raft.server.rpc.first-election.timeout.min = 5s (fallback to raft.server.rpc.timeout.min)
2024-05-09 06:25:19,937 [0b714aca-fc82-484b-9944-7b2ffbc45fbf@group-711D46114548-LeaderElection13] INFO  server.RaftServerConfigKeys (ConfUtils.java:logFallback(53)) - raft.server.rpc.first-election.timeout.max = 5200ms (fallback to raft.server.rpc.timeout.max)
2024-05-09 06:25:19,942 [grpc-default-executor-0] INFO  server.RaftServer$Division (RaftServerImpl.java:requestVote(1389)) - 5b847746-75e9-42bf-94b1-858a537db9cd@group-711D46114548: receive requestVote(PRE_VOTE, 0b714aca-fc82-484b-9944-7b2ffbc45fbf, group-711D46114548, 0, (t:0, i:0))
2024-05-09 06:25:19,942 [grpc-default-executor-0] INFO  impl.VoteContext (VoteContext.java:log(49)) - 5b847746-75e9-42bf-94b1-858a537db9cd@group-711D46114548-FOLLOWER: accept PRE_VOTE from 0b714aca-fc82-484b-9944-7b2ffbc45fbf: our priority 0 <= candidate's priority 1
2024-05-09 06:25:19,942 [grpc-default-executor-1] INFO  server.RaftServer$Division (RaftServerImpl.java:requestVote(1389)) - 528b4752-3c7b-4991-99e9-89ee621f29a5@group-711D46114548: receive requestVote(PRE_VOTE, 0b714aca-fc82-484b-9944-7b2ffbc45fbf, group-711D46114548, 0, (t:0, i:0))
2024-05-09 06:25:19,942 [grpc-default-executor-0] INFO  server.RaftServer$Division (RaftServerImpl.java:requestVote(1422)) - 5b847746-75e9-42bf-94b1-858a537db9cd@group-711D46114548 replies to PRE_VOTE vote request: 0b714aca-fc82-484b-9944-7b2ffbc45fbf<-5b847746-75e9-42bf-94b1-858a537db9cd#0:OK-t0. Peer's state: 5b847746-75e9-42bf-94b1-858a537db9cd@group-711D46114548:t0, leader=null, voted=, raftlog=Memoized:5b847746-75e9-42bf-94b1-858a537db9cd@group-711D46114548-SegmentedRaftLog:OPENED:c-1, conf=-1: peers:[0b714aca-fc82-484b-9944-7b2ffbc45fbf|127.0.0.1:15067, 528b4752-3c7b-4991-99e9-89ee621f29a5|127.0.0.1:15085, 5b847746-75e9-42bf-94b1-858a537db9cd|127.0.0.1:15076]|listeners:[], old=null
2024-05-09 06:25:19,943 [grpc-default-executor-1] INFO  impl.VoteContext (VoteContext.java:log(49)) - 528b4752-3c7b-4991-99e9-89ee621f29a5@group-711D46114548-FOLLOWER: accept PRE_VOTE from 0b714aca-fc82-484b-9944-7b2ffbc45fbf: our priority 0 <= candidate's priority 1
2024-05-09 06:25:19,943 [grpc-default-executor-1] INFO  server.RaftServer$Division (RaftServerImpl.java:requestVote(1422)) - 528b4752-3c7b-4991-99e9-89ee621f29a5@group-711D46114548 replies to PRE_VOTE vote request: 0b714aca-fc82-484b-9944-7b2ffbc45fbf<-528b4752-3c7b-4991-99e9-89ee621f29a5#0:OK-t0. Peer's state: 528b4752-3c7b-4991-99e9-89ee621f29a5@group-711D46114548:t0, leader=null, voted=, raftlog=Memoized:528b4752-3c7b-4991-99e9-89ee621f29a5@group-711D46114548-SegmentedRaftLog:OPENED:c-1, conf=-1: peers:[0b714aca-fc82-484b-9944-7b2ffbc45fbf|127.0.0.1:15067, 528b4752-3c7b-4991-99e9-89ee621f29a5|127.0.0.1:15085, 5b847746-75e9-42bf-94b1-858a537db9cd|127.0.0.1:15076]|listeners:[], old=null
2024-05-09 06:25:19,944 [0b714aca-fc82-484b-9944-7b2ffbc45fbf@group-711D46114548-LeaderElection13] INFO  impl.LeaderElection (LeaderElection.java:logAndReturn(89)) - 0b714aca-fc82-484b-9944-7b2ffbc45fbf@group-711D46114548-LeaderElection13: PRE_VOTE PASSED received 1 response(s) and 0 exception(s):
2024-05-09 06:25:19,944 [0b714aca-fc82-484b-9944-7b2ffbc45fbf@group-711D46114548-LeaderElection13] INFO  impl.LeaderElection (LeaderElection.java:logAndReturn(93)) -   Response 0: 0b714aca-fc82-484b-9944-7b2ffbc45fbf<-528b4752-3c7b-4991-99e9-89ee621f29a5#0:OK-t0
2024-05-09 06:25:19,944 [0b714aca-fc82-484b-9944-7b2ffbc45fbf@group-711D46114548-LeaderElection13] INFO  impl.LeaderElection (LeaderElection.java:askForVotes(323)) - 0b714aca-fc82-484b-9944-7b2ffbc45fbf@group-711D46114548-LeaderElection13 PRE_VOTE round 0: result PASSED
2024-05-09 06:25:19,945 [0b714aca-fc82-484b-9944-7b2ffbc45fbf@group-711D46114548-LeaderElection13] INFO  impl.LeaderElection (LeaderElection.java:askForVotes(321)) - 0b714aca-fc82-484b-9944-7b2ffbc45fbf@group-711D46114548-LeaderElection13 ELECTION round 0: submit vote requests at term 1 for -1: peers:[0b714aca-fc82-484b-9944-7b2ffbc45fbf|127.0.0.1:15067, 528b4752-3c7b-4991-99e9-89ee621f29a5|127.0.0.1:15085, 5b847746-75e9-42bf-94b1-858a537db9cd|127.0.0.1:15076]|listeners:[], old=null
2024-05-09 06:25:19,945 [0b714aca-fc82-484b-9944-7b2ffbc45fbf@group-711D46114548-LeaderElection13] INFO  server.RaftServerConfigKeys (ConfUtils.java:logFallback(53)) - raft.server.rpc.first-election.timeout.min = 5s (fallback to raft.server.rpc.timeout.min)
2024-05-09 06:25:19,945 [0b714aca-fc82-484b-9944-7b2ffbc45fbf@group-711D46114548-LeaderElection13] INFO  server.RaftServerConfigKeys (ConfUtils.java:logFallback(53)) - raft.server.rpc.first-election.timeout.max = 5200ms (fallback to raft.server.rpc.timeout.max)
2024-05-09 06:25:19,946 [5b847746-75e9-42bf-94b1-858a537db9cd@group-F9B27E3D7451-FollowerState] INFO  impl.FollowerState (FollowerState.java:run(143)) - 5b847746-75e9-42bf-94b1-858a537db9cd@group-F9B27E3D7451-FollowerState: change to CANDIDATE, lastRpcElapsedTime:5057529672ns, electionTimeout:5057ms
2024-05-09 06:25:19,946 [5b847746-75e9-42bf-94b1-858a537db9cd@group-F9B27E3D7451-FollowerState] INFO  impl.RoleInfo (RoleInfo.java:shutdownFollowerState(110)) - 5b847746-75e9-42bf-94b1-858a537db9cd: shutdown 5b847746-75e9-42bf-94b1-858a537db9cd@group-F9B27E3D7451-FollowerState
2024-05-09 06:25:19,946 [5b847746-75e9-42bf-94b1-858a537db9cd@group-F9B27E3D7451-FollowerState] INFO  server.RaftServer$Division (RaftServerImpl.java:setRole(383)) - 5b847746-75e9-42bf-94b1-858a537db9cd@group-F9B27E3D7451: changes role from  FOLLOWER to CANDIDATE at term 0 for changeToCandidate
2024-05-09 06:25:19,946 [5b847746-75e9-42bf-94b1-858a537db9cd@group-F9B27E3D7451-FollowerState] INFO  server.RaftServerConfigKeys (ConfUtils.java:logGet(46)) - raft.server.leaderelection.pre-vote = true (default)
2024-05-09 06:25:19,946 [5b847746-75e9-42bf-94b1-858a537db9cd@group-F9B27E3D7451-FollowerState] INFO  impl.RoleInfo (RoleInfo.java:updateAndGet(139)) - 5b847746-75e9-42bf-94b1-858a537db9cd: start 5b847746-75e9-42bf-94b1-858a537db9cd@group-F9B27E3D7451-LeaderElection14
2024-05-09 06:25:19,947 [grpc-default-executor-0] INFO  server.RaftServer$Division (RaftServerImpl.java:requestVote(1389)) - 528b4752-3c7b-4991-99e9-89ee621f29a5@group-711D46114548: receive requestVote(ELECTION, 0b714aca-fc82-484b-9944-7b2ffbc45fbf, group-711D46114548, 1, (t:0, i:0))
2024-05-09 06:25:19,947 [grpc-default-executor-0] INFO  impl.VoteContext (VoteContext.java:log(49)) - 528b4752-3c7b-4991-99e9-89ee621f29a5@group-711D46114548-FOLLOWER: accept ELECTION from 0b714aca-fc82-484b-9944-7b2ffbc45fbf: our priority 0 <= candidate's priority 1
2024-05-09 06:25:19,947 [grpc-default-executor-0] INFO  server.RaftServer$Division (RaftServerImpl.java:setRole(383)) - 528b4752-3c7b-4991-99e9-89ee621f29a5@group-711D46114548: changes role from  FOLLOWER to FOLLOWER at term 1 for candidate:0b714aca-fc82-484b-9944-7b2ffbc45fbf
2024-05-09 06:25:19,947 [grpc-default-executor-0] INFO  impl.RoleInfo (RoleInfo.java:shutdownFollowerState(110)) - 528b4752-3c7b-4991-99e9-89ee621f29a5: shutdown 528b4752-3c7b-4991-99e9-89ee621f29a5@group-711D46114548-FollowerState
2024-05-09 06:25:19,947 [grpc-default-executor-0] INFO  impl.RoleInfo (RoleInfo.java:updateAndGet(139)) - 528b4752-3c7b-4991-99e9-89ee621f29a5: start 528b4752-3c7b-4991-99e9-89ee621f29a5@group-711D46114548-FollowerState
2024-05-09 06:25:19,947 [5b847746-75e9-42bf-94b1-858a537db9cd@group-F9B27E3D7451-LeaderElection14] INFO  impl.LeaderElection (LeaderElection.java:askForVotes(321)) - 5b847746-75e9-42bf-94b1-858a537db9cd@group-F9B27E3D7451-LeaderElection14 PRE_VOTE round 0: submit vote requests at term 0 for -1: peers:[5b847746-75e9-42bf-94b1-858a537db9cd|127.0.0.1:15076]|listeners:[], old=null
2024-05-09 06:25:19,947 [528b4752-3c7b-4991-99e9-89ee621f29a5@group-711D46114548-FollowerState] INFO  impl.FollowerState (FollowerState.java:run(152)) - 528b4752-3c7b-4991-99e9-89ee621f29a5@group-711D46114548-FollowerState was interrupted
2024-05-09 06:25:19,947 [5b847746-75e9-42bf-94b1-858a537db9cd@group-F9B27E3D7451-LeaderElection14] INFO  impl.LeaderElection (LeaderElection.java:askForVotes(323)) - 5b847746-75e9-42bf-94b1-858a537db9cd@group-F9B27E3D7451-LeaderElection14 PRE_VOTE round 0: result PASSED (term=0)
2024-05-09 06:25:19,947 [grpc-default-executor-0] INFO  server.RaftServer$Division (RaftServerImpl.java:setFirstElection(574)) - 528b4752-3c7b-4991-99e9-89ee621f29a5@group-711D46114548: set firstElectionSinceStartup to false for candidate:0b714aca-fc82-484b-9944-7b2ffbc45fbf
2024-05-09 06:25:19,949 [grpc-default-executor-1] INFO  server.RaftServer$Division (RaftServerImpl.java:requestVote(1389)) - 5b847746-75e9-42bf-94b1-858a537db9cd@group-711D46114548: receive requestVote(ELECTION, 0b714aca-fc82-484b-9944-7b2ffbc45fbf, group-711D46114548, 1, (t:0, i:0))
2024-05-09 06:25:19,949 [5b847746-75e9-42bf-94b1-858a537db9cd@group-F9B27E3D7451-LeaderElection14] INFO  impl.LeaderElection (LeaderElection.java:askForVotes(321)) - 5b847746-75e9-42bf-94b1-858a537db9cd@group-F9B27E3D7451-LeaderElection14 ELECTION round 0: submit vote requests at term 1 for -1: peers:[5b847746-75e9-42bf-94b1-858a537db9cd|127.0.0.1:15076]|listeners:[], old=null
2024-05-09 06:25:19,949 [grpc-default-executor-0] INFO  server.RaftServer$Division (RaftServerImpl.java:requestVote(1422)) - 528b4752-3c7b-4991-99e9-89ee621f29a5@group-711D46114548 replies to ELECTION vote request: 0b714aca-fc82-484b-9944-7b2ffbc45fbf<-528b4752-3c7b-4991-99e9-89ee621f29a5#0:OK-t1. Peer's state: 528b4752-3c7b-4991-99e9-89ee621f29a5@group-711D46114548:t1, leader=null, voted=0b714aca-fc82-484b-9944-7b2ffbc45fbf, raftlog=Memoized:528b4752-3c7b-4991-99e9-89ee621f29a5@group-711D46114548-SegmentedRaftLog:OPENED:c-1, conf=-1: peers:[0b714aca-fc82-484b-9944-7b2ffbc45fbf|127.0.0.1:15067, 528b4752-3c7b-4991-99e9-89ee621f29a5|127.0.0.1:15085, 5b847746-75e9-42bf-94b1-858a537db9cd|127.0.0.1:15076]|listeners:[], old=null
2024-05-09 06:25:19,949 [5b847746-75e9-42bf-94b1-858a537db9cd@group-F9B27E3D7451-LeaderElection14] INFO  impl.LeaderElection (LeaderElection.java:askForVotes(323)) - 5b847746-75e9-42bf-94b1-858a537db9cd@group-F9B27E3D7451-LeaderElection14 ELECTION round 0: result PASSED (term=1)
2024-05-09 06:25:19,949 [grpc-default-executor-1] INFO  impl.VoteContext (VoteContext.java:log(49)) - 5b847746-75e9-42bf-94b1-858a537db9cd@group-711D46114548-FOLLOWER: accept ELECTION from 0b714aca-fc82-484b-9944-7b2ffbc45fbf: our priority 0 <= candidate's priority 1
2024-05-09 06:25:19,949 [grpc-default-executor-1] INFO  server.RaftServer$Division (RaftServerImpl.java:setRole(383)) - 5b847746-75e9-42bf-94b1-858a537db9cd@group-711D46114548: changes role from  FOLLOWER to FOLLOWER at term 1 for candidate:0b714aca-fc82-484b-9944-7b2ffbc45fbf
2024-05-09 06:25:19,949 [grpc-default-executor-1] INFO  impl.RoleInfo (RoleInfo.java:shutdownFollowerState(110)) - 5b847746-75e9-42bf-94b1-858a537db9cd: shutdown 5b847746-75e9-42bf-94b1-858a537db9cd@group-711D46114548-FollowerState
2024-05-09 06:25:19,949 [grpc-default-executor-1] INFO  impl.RoleInfo (RoleInfo.java:updateAndGet(139)) - 5b847746-75e9-42bf-94b1-858a537db9cd: start 5b847746-75e9-42bf-94b1-858a537db9cd@group-711D46114548-FollowerState
2024-05-09 06:25:19,949 [5b847746-75e9-42bf-94b1-858a537db9cd@group-711D46114548-FollowerState] INFO  impl.FollowerState (FollowerState.java:run(152)) - 5b847746-75e9-42bf-94b1-858a537db9cd@group-711D46114548-FollowerState was interrupted
2024-05-09 06:25:19,949 [5b847746-75e9-42bf-94b1-858a537db9cd@group-F9B27E3D7451-LeaderElection14] INFO  impl.RoleInfo (RoleInfo.java:shutdownLeaderElection(130)) - 5b847746-75e9-42bf-94b1-858a537db9cd: shutdown 5b847746-75e9-42bf-94b1-858a537db9cd@group-F9B27E3D7451-LeaderElection14
2024-05-09 06:25:19,949 [5b847746-75e9-42bf-94b1-858a537db9cd@group-F9B27E3D7451-LeaderElection14] INFO  server.RaftServer$Division (RaftServerImpl.java:setRole(383)) - 5b847746-75e9-42bf-94b1-858a537db9cd@group-F9B27E3D7451: changes role from CANDIDATE to LEADER at term 1 for changeToLeader
2024-05-09 06:25:19,949 [5b847746-75e9-42bf-94b1-858a537db9cd@group-F9B27E3D7451-LeaderElection14] INFO  server.RaftServerConfigKeys (ConfUtils.java:logGet(46)) - raft.server.staging.catchup.gap = 1000 (default)
2024-05-09 06:25:19,949 [5b847746-75e9-42bf-94b1-858a537db9cd@group-F9B27E3D7451-LeaderElection14] INFO  server.RaftServerConfigKeys (ConfUtils.java:logGet(46)) - raft.server.write.element-limit = 1024 (custom)
2024-05-09 06:25:19,949 [5b847746-75e9-42bf-94b1-858a537db9cd@group-F9B27E3D7451-LeaderElection14] INFO  server.RaftServerConfigKeys (ConfUtils.java:logGet(46)) - raft.server.write.byte-limit = 1024 M (=1073741824) (custom)
2024-05-09 06:25:19,950 [5b847746-75e9-42bf-94b1-858a537db9cd@group-F9B27E3D7451-LeaderElection14] INFO  server.RaftServerConfigKeys (ConfUtils.java:logGet(46)) - raft.server.watch.timeout = 3000ms (custom)
2024-05-09 06:25:19,950 [5b847746-75e9-42bf-94b1-858a537db9cd@group-F9B27E3D7451-LeaderElection14] INFO  server.RaftServerConfigKeys (ConfUtils.java:logGet(46)) - raft.server.watch.timeout.denomination = 1s (default)
2024-05-09 06:25:19,950 [5b847746-75e9-42bf-94b1-858a537db9cd@group-F9B27E3D7451-LeaderElection14] INFO  server.RaftServerConfigKeys (ConfUtils.java:logGet(46)) - raft.server.watch.element-limit = 65536 (default)
2024-05-09 06:25:19,950 [5b847746-75e9-42bf-94b1-858a537db9cd@group-F9B27E3D7451-LeaderElection14] INFO  server.RaftServerConfigKeys (ConfUtils.java:logGet(46)) - raft.server.read.leader.lease.enabled = false (default)
2024-05-09 06:25:19,950 [5b847746-75e9-42bf-94b1-858a537db9cd@group-F9B27E3D7451-LeaderElection14] INFO  server.RaftServerConfigKeys (ConfUtils.java:logGet(46)) - raft.server.read.leader.lease.timeout.ratio = 0.9 (default)
2024-05-09 06:25:19,950 [5b847746-75e9-42bf-94b1-858a537db9cd@group-F9B27E3D7451-LeaderElection14] INFO  server.RaftServerConfigKeys (ConfUtils.java:logGet(46)) - raft.server.rpc.timeout.min = 5s (custom)
2024-05-09 06:25:19,950 [5b847746-75e9-42bf-94b1-858a537db9cd@group-F9B27E3D7451-LeaderElection14] INFO  server.RaftServerConfigKeys (ConfUtils.java:logGet(46)) - raft.server.write.element-limit = 1024 (custom)
2024-05-09 06:25:19,950 [5b847746-75e9-42bf-94b1-858a537db9cd@group-F9B27E3D7451-LeaderElection14] INFO  server.RaftServerConfigKeys (ConfUtils.java:logGet(46)) - raft.server.write.follower.gap.ratio.max = -1.0 (default)
2024-05-09 06:25:19,950 [grpc-default-executor-1] INFO  server.RaftServer$Division (RaftServerImpl.java:setFirstElection(574)) - 5b847746-75e9-42bf-94b1-858a537db9cd@group-711D46114548: set firstElectionSinceStartup to false for candidate:0b714aca-fc82-484b-9944-7b2ffbc45fbf
2024-05-09 06:25:19,950 [5b847746-75e9-42bf-94b1-858a537db9cd@group-F9B27E3D7451-LeaderElection14] INFO  impl.RoleInfo (RoleInfo.java:updateAndGet(139)) - 5b847746-75e9-42bf-94b1-858a537db9cd: start 5b847746-75e9-42bf-94b1-858a537db9cd@group-F9B27E3D7451-LeaderStateImpl
2024-05-09 06:25:19,950 [5b847746-75e9-42bf-94b1-858a537db9cd@group-F9B27E3D7451-LeaderElection14] INFO  server.RaftServer$Division (RaftServerImpl.java:setFirstElection(574)) - 5b847746-75e9-42bf-94b1-858a537db9cd@group-F9B27E3D7451: set firstElectionSinceStartup to false for becomeLeader
2024-05-09 06:25:19,950 [5b847746-75e9-42bf-94b1-858a537db9cd@group-F9B27E3D7451-LeaderElection14] INFO  ratis.XceiverServerRatis (XceiverServerRatis.java:handleLeaderChangedNotification(966)) - Leader change notification received for group: group-F9B27E3D7451 with new leaderId: 5b847746-75e9-42bf-94b1-858a537db9cd
2024-05-09 06:25:19,951 [5b847746-75e9-42bf-94b1-858a537db9cd@group-F9B27E3D7451-LeaderElection14] INFO  server.RaftServer$Division (ServerState.java:setLeader(269)) - 5b847746-75e9-42bf-94b1-858a537db9cd@group-F9B27E3D7451: change Leader from null to 5b847746-75e9-42bf-94b1-858a537db9cd at term 1 for becomeLeader, leader elected after 5078ms
2024-05-09 06:25:19,951 [5b847746-75e9-42bf-94b1-858a537db9cd@group-F9B27E3D7451-LeaderElection14] INFO  segmented.SegmentedRaftLogWorker (SegmentedRaftLogWorker.java:startLogSegment(430)) - 5b847746-75e9-42bf-94b1-858a537db9cd@group-F9B27E3D7451-SegmentedRaftLogWorker: Starting segment from index:0
2024-05-09 06:25:19,951 [5b847746-75e9-42bf-94b1-858a537db9cd@group-F9B27E3D7451-LeaderElection14] INFO  server.RaftServer$Division (ServerState.java:setRaftConf(386)) - 5b847746-75e9-42bf-94b1-858a537db9cd@group-F9B27E3D7451: set configuration 0: peers:[5b847746-75e9-42bf-94b1-858a537db9cd|127.0.0.1:15076]|listeners:[], old=null
2024-05-09 06:25:19,951 [5b847746-75e9-42bf-94b1-858a537db9cd@group-F9B27E3D7451-SegmentedRaftLogWorker] INFO  segmented.BufferedWriteChannel (BufferedWriteChannel.java:open(62)) - open log_inprogress_0 at position 0
2024-05-09 06:25:19,955 [0b714aca-fc82-484b-9944-7b2ffbc45fbf@group-711D46114548-LeaderElection13] INFO  impl.LeaderElection (LeaderElection.java:logAndReturn(89)) - 0b714aca-fc82-484b-9944-7b2ffbc45fbf@group-711D46114548-LeaderElection13: ELECTION PASSED received 1 response(s) and 0 exception(s):
2024-05-09 06:25:19,955 [EventQueue-OpenPipelineForHealthyPipelineSafeModeRule] INFO  safemode.SCMSafeModeManager (HealthyPipelineSafeModeRule.java:process(140)) - SCM in safe mode. Healthy pipelines reported count is 0, required healthy pipeline reported count is 1
2024-05-09 06:25:19,955 [0b714aca-fc82-484b-9944-7b2ffbc45fbf@group-711D46114548-LeaderElection13] INFO  impl.LeaderElection (LeaderElection.java:logAndReturn(93)) -   Response 0: 0b714aca-fc82-484b-9944-7b2ffbc45fbf<-528b4752-3c7b-4991-99e9-89ee621f29a5#0:OK-t1
2024-05-09 06:25:19,955 [0b714aca-fc82-484b-9944-7b2ffbc45fbf@group-711D46114548-LeaderElection13] INFO  impl.LeaderElection (LeaderElection.java:askForVotes(323)) - 0b714aca-fc82-484b-9944-7b2ffbc45fbf@group-711D46114548-LeaderElection13 ELECTION round 0: result PASSED
2024-05-09 06:25:19,955 [0b714aca-fc82-484b-9944-7b2ffbc45fbf@group-711D46114548-LeaderElection13] INFO  impl.RoleInfo (RoleInfo.java:shutdownLeaderElection(130)) - 0b714aca-fc82-484b-9944-7b2ffbc45fbf: shutdown 0b714aca-fc82-484b-9944-7b2ffbc45fbf@group-711D46114548-LeaderElection13
2024-05-09 06:25:19,955 [0b714aca-fc82-484b-9944-7b2ffbc45fbf@group-711D46114548-LeaderElection13] INFO  server.RaftServer$Division (RaftServerImpl.java:setRole(383)) - 0b714aca-fc82-484b-9944-7b2ffbc45fbf@group-711D46114548: changes role from CANDIDATE to LEADER at term 1 for changeToLeader
2024-05-09 06:25:19,955 [0b714aca-fc82-484b-9944-7b2ffbc45fbf@group-711D46114548-LeaderElection13] INFO  server.RaftServerConfigKeys (ConfUtils.java:logGet(46)) - raft.server.staging.catchup.gap = 1000 (default)
2024-05-09 06:25:19,955 [0b714aca-fc82-484b-9944-7b2ffbc45fbf@group-711D46114548-LeaderElection13] INFO  server.RaftServerConfigKeys (ConfUtils.java:logGet(46)) - raft.server.write.element-limit = 1024 (custom)
2024-05-09 06:25:19,955 [0b714aca-fc82-484b-9944-7b2ffbc45fbf@group-711D46114548-LeaderElection13] INFO  server.RaftServerConfigKeys (ConfUtils.java:logGet(46)) - raft.server.write.byte-limit = 1024 M (=1073741824) (custom)
2024-05-09 06:25:19,955 [0b714aca-fc82-484b-9944-7b2ffbc45fbf@group-711D46114548-LeaderElection13] INFO  server.RaftServerConfigKeys (ConfUtils.java:logGet(46)) - raft.server.watch.timeout = 3000ms (custom)
2024-05-09 06:25:19,956 [0b714aca-fc82-484b-9944-7b2ffbc45fbf@group-711D46114548-LeaderElection13] INFO  server.RaftServerConfigKeys (ConfUtils.java:logGet(46)) - raft.server.watch.timeout.denomination = 1s (default)
2024-05-09 06:25:19,956 [0b714aca-fc82-484b-9944-7b2ffbc45fbf@group-711D46114548-LeaderElection13] INFO  server.RaftServerConfigKeys (ConfUtils.java:logGet(46)) - raft.server.watch.element-limit = 65536 (default)
2024-05-09 06:25:19,956 [0b714aca-fc82-484b-9944-7b2ffbc45fbf@group-711D46114548-LeaderElection13] INFO  server.RaftServerConfigKeys (ConfUtils.java:logGet(46)) - raft.server.read.leader.lease.enabled = false (default)
2024-05-09 06:25:19,956 [0b714aca-fc82-484b-9944-7b2ffbc45fbf@group-711D46114548-LeaderElection13] INFO  server.RaftServerConfigKeys (ConfUtils.java:logGet(46)) - raft.server.read.leader.lease.timeout.ratio = 0.9 (default)
2024-05-09 06:25:19,956 [0b714aca-fc82-484b-9944-7b2ffbc45fbf@group-711D46114548-LeaderElection13] INFO  server.RaftServerConfigKeys (ConfUtils.java:logGet(46)) - raft.server.rpc.timeout.min = 5s (custom)
2024-05-09 06:25:19,956 [0b714aca-fc82-484b-9944-7b2ffbc45fbf@group-711D46114548-LeaderElection13] INFO  server.RaftServerConfigKeys (ConfUtils.java:logGet(46)) - raft.server.write.element-limit = 1024 (custom)
2024-05-09 06:25:19,956 [0b714aca-fc82-484b-9944-7b2ffbc45fbf@group-711D46114548-LeaderElection13] INFO  server.RaftServerConfigKeys (ConfUtils.java:logGet(46)) - raft.server.write.follower.gap.ratio.max = -1.0 (default)
2024-05-09 06:25:19,956 [0b714aca-fc82-484b-9944-7b2ffbc45fbf@group-711D46114548-LeaderElection13] INFO  server.RaftServerConfigKeys (ConfUtils.java:logGet(46)) - raft.server.log.appender.snapshot.chunk.size.max = 16MB (=16777216) (default)
2024-05-09 06:25:19,956 [0b714aca-fc82-484b-9944-7b2ffbc45fbf@group-711D46114548-LeaderElection13] INFO  server.RaftServerConfigKeys (ConfUtils.java:logGet(46)) - raft.server.log.appender.buffer.byte-limit = 8388608 (custom)
2024-05-09 06:25:19,956 [0b714aca-fc82-484b-9944-7b2ffbc45fbf@group-711D46114548-LeaderElection13] INFO  server.RaftServerConfigKeys (ConfUtils.java:logGet(46)) - raft.server.log.appender.buffer.element-limit = 1 (custom)
2024-05-09 06:25:19,956 [0b714aca-fc82-484b-9944-7b2ffbc45fbf@group-711D46114548-LeaderElection13] INFO  server.RaftServerConfigKeys (ConfUtils.java:logGet(46)) - raft.server.log.appender.wait-time.min = 0ms (custom)
2024-05-09 06:25:19,956 [0b714aca-fc82-484b-9944-7b2ffbc45fbf@group-711D46114548-LeaderElection13] INFO  grpc.GrpcConfigKeys (ConfUtils.java:logGet(46)) - raft.grpc.server.leader.outstanding.appends.max = 8 (default)
2024-05-09 06:25:19,956 [0b714aca-fc82-484b-9944-7b2ffbc45fbf@group-711D46114548-LeaderElection13] INFO  server.RaftServerConfigKeys (ConfUtils.java:logGet(46)) - raft.server.rpc.request.timeout = 3000ms (default)
2024-05-09 06:25:19,956 [0b714aca-fc82-484b-9944-7b2ffbc45fbf@group-711D46114548-LeaderElection13] INFO  grpc.GrpcConfigKeys (ConfUtils.java:logGet(46)) - raft.grpc.server.install_snapshot.request.element-limit = 8 (default)
2024-05-09 06:25:19,956 [0b714aca-fc82-484b-9944-7b2ffbc45fbf@group-711D46114548-LeaderElection13] INFO  grpc.GrpcConfigKeys (ConfUtils.java:logGet(46)) - raft.grpc.server.install_snapshot.request.timeout = 3000ms (default)
2024-05-09 06:25:19,956 [0b714aca-fc82-484b-9944-7b2ffbc45fbf@group-711D46114548-LeaderElection13] INFO  grpc.GrpcConfigKeys (ConfUtils.java:logGet(46)) - raft.grpc.server.log-message.batch.duration = 5s (default)
2024-05-09 06:25:19,956 [0b714aca-fc82-484b-9944-7b2ffbc45fbf@group-711D46114548-LeaderElection13] INFO  server.RaftServerConfigKeys (ConfUtils.java:logGet(46)) - raft.server.log.appender.install.snapshot.enabled = false (custom)
2024-05-09 06:25:19,956 [0b714aca-fc82-484b-9944-7b2ffbc45fbf@group-711D46114548-LeaderElection13] INFO  grpc.GrpcConfigKeys (ConfUtils.java:logGet(46)) - raft.grpc.server.heartbeat.channel = true (default)
2024-05-09 06:25:19,957 [0b714aca-fc82-484b-9944-7b2ffbc45fbf@group-711D46114548-LeaderElection13] INFO  server.RaftServerConfigKeys (ConfUtils.java:logGet(46)) - raft.server.log.appender.snapshot.chunk.size.max = 16MB (=16777216) (default)
2024-05-09 06:25:19,957 [0b714aca-fc82-484b-9944-7b2ffbc45fbf@group-711D46114548-LeaderElection13] INFO  server.RaftServerConfigKeys (ConfUtils.java:logGet(46)) - raft.server.log.appender.buffer.byte-limit = 8388608 (custom)
2024-05-09 06:25:19,957 [0b714aca-fc82-484b-9944-7b2ffbc45fbf@group-711D46114548-LeaderElection13] INFO  server.RaftServerConfigKeys (ConfUtils.java:logGet(46)) - raft.server.log.appender.buffer.element-limit = 1 (custom)
2024-05-09 06:25:19,957 [0b714aca-fc82-484b-9944-7b2ffbc45fbf@group-711D46114548-LeaderElection13] INFO  server.RaftServerConfigKeys (ConfUtils.java:logGet(46)) - raft.server.log.appender.wait-time.min = 0ms (custom)
2024-05-09 06:25:19,957 [0b714aca-fc82-484b-9944-7b2ffbc45fbf@group-711D46114548-LeaderElection13] INFO  grpc.GrpcConfigKeys (ConfUtils.java:logGet(46)) - raft.grpc.server.leader.outstanding.appends.max = 8 (default)
2024-05-09 06:25:19,957 [0b714aca-fc82-484b-9944-7b2ffbc45fbf@group-711D46114548-LeaderElection13] INFO  server.RaftServerConfigKeys (ConfUtils.java:logGet(46)) - raft.server.rpc.request.timeout = 3000ms (default)
2024-05-09 06:25:19,957 [0b714aca-fc82-484b-9944-7b2ffbc45fbf@group-711D46114548-LeaderElection13] INFO  grpc.GrpcConfigKeys (ConfUtils.java:logGet(46)) - raft.grpc.server.install_snapshot.request.element-limit = 8 (default)
2024-05-09 06:25:19,957 [0b714aca-fc82-484b-9944-7b2ffbc45fbf@group-711D46114548-LeaderElection13] INFO  grpc.GrpcConfigKeys (ConfUtils.java:logGet(46)) - raft.grpc.server.install_snapshot.request.timeout = 3000ms (default)
2024-05-09 06:25:19,957 [0b714aca-fc82-484b-9944-7b2ffbc45fbf@group-711D46114548-LeaderElection13] INFO  grpc.GrpcConfigKeys (ConfUtils.java:logGet(46)) - raft.grpc.server.log-message.batch.duration = 5s (default)
2024-05-09 06:25:19,957 [0b714aca-fc82-484b-9944-7b2ffbc45fbf@group-711D46114548-LeaderElection13] INFO  server.RaftServerConfigKeys (ConfUtils.java:logGet(46)) - raft.server.log.appender.install.snapshot.enabled = false (custom)
2024-05-09 06:25:19,957 [0b714aca-fc82-484b-9944-7b2ffbc45fbf@group-711D46114548-LeaderElection13] INFO  grpc.GrpcConfigKeys (ConfUtils.java:logGet(46)) - raft.grpc.server.heartbeat.channel = true (default)
2024-05-09 06:25:19,957 [0b714aca-fc82-484b-9944-7b2ffbc45fbf@group-711D46114548-LeaderElection13] INFO  impl.RoleInfo (RoleInfo.java:updateAndGet(139)) - 0b714aca-fc82-484b-9944-7b2ffbc45fbf: start 0b714aca-fc82-484b-9944-7b2ffbc45fbf@group-711D46114548-LeaderStateImpl
2024-05-09 06:25:19,957 [0b714aca-fc82-484b-9944-7b2ffbc45fbf@group-711D46114548-LeaderElection13] INFO  server.RaftServer$Division (RaftServerImpl.java:setFirstElection(574)) - 0b714aca-fc82-484b-9944-7b2ffbc45fbf@group-711D46114548: set firstElectionSinceStartup to false for becomeLeader
2024-05-09 06:25:19,957 [0b714aca-fc82-484b-9944-7b2ffbc45fbf@group-711D46114548-LeaderElection13] INFO  ratis.XceiverServerRatis (XceiverServerRatis.java:handleLeaderChangedNotification(966)) - Leader change notification received for group: group-711D46114548 with new leaderId: 0b714aca-fc82-484b-9944-7b2ffbc45fbf
2024-05-09 06:25:19,958 [0b714aca-fc82-484b-9944-7b2ffbc45fbf@group-711D46114548-LeaderElection13] INFO  server.RaftServer$Division (ServerState.java:setLeader(269)) - 0b714aca-fc82-484b-9944-7b2ffbc45fbf@group-711D46114548: change Leader from null to 0b714aca-fc82-484b-9944-7b2ffbc45fbf at term 1 for becomeLeader, leader elected after 5134ms
2024-05-09 06:25:19,958 [0b714aca-fc82-484b-9944-7b2ffbc45fbf@group-711D46114548-LeaderElection13] INFO  segmented.SegmentedRaftLogWorker (SegmentedRaftLogWorker.java:startLogSegment(430)) - 0b714aca-fc82-484b-9944-7b2ffbc45fbf@group-711D46114548-SegmentedRaftLogWorker: Starting segment from index:0
2024-05-09 06:25:19,958 [grpc-default-executor-1] INFO  server.RaftServer$Division (RaftServerImpl.java:requestVote(1422)) - 5b847746-75e9-42bf-94b1-858a537db9cd@group-711D46114548 replies to ELECTION vote request: 0b714aca-fc82-484b-9944-7b2ffbc45fbf<-5b847746-75e9-42bf-94b1-858a537db9cd#0:OK-t1. Peer's state: 5b847746-75e9-42bf-94b1-858a537db9cd@group-711D46114548:t1, leader=null, voted=0b714aca-fc82-484b-9944-7b2ffbc45fbf, raftlog=Memoized:5b847746-75e9-42bf-94b1-858a537db9cd@group-711D46114548-SegmentedRaftLog:OPENED:c-1, conf=-1: peers:[0b714aca-fc82-484b-9944-7b2ffbc45fbf|127.0.0.1:15067, 528b4752-3c7b-4991-99e9-89ee621f29a5|127.0.0.1:15085, 5b847746-75e9-42bf-94b1-858a537db9cd|127.0.0.1:15076]|listeners:[], old=null
2024-05-09 06:25:19,958 [0b714aca-fc82-484b-9944-7b2ffbc45fbf@group-711D46114548-LeaderElection13] INFO  server.RaftServer$Division (ServerState.java:setRaftConf(386)) - 0b714aca-fc82-484b-9944-7b2ffbc45fbf@group-711D46114548: set configuration 0: peers:[0b714aca-fc82-484b-9944-7b2ffbc45fbf|127.0.0.1:15067, 528b4752-3c7b-4991-99e9-89ee621f29a5|127.0.0.1:15085, 5b847746-75e9-42bf-94b1-858a537db9cd|127.0.0.1:15076]|listeners:[], old=null
2024-05-09 06:25:19,958 [0b714aca-fc82-484b-9944-7b2ffbc45fbf@group-711D46114548-SegmentedRaftLogWorker] INFO  segmented.BufferedWriteChannel (BufferedWriteChannel.java:open(62)) - open log_inprogress_0 at position 0
2024-05-09 06:25:19,959 [5b847746-75e9-42bf-94b1-858a537db9cd@group-F9B27E3D7451-SegmentedRaftLogWorker] INFO  segmented.SegmentedRaftLogWorker (SegmentedRaftLogWorker.java:execute(634)) - 5b847746-75e9-42bf-94b1-858a537db9cd@group-F9B27E3D7451-SegmentedRaftLogWorker: created new log segment /home/runner/work/ozone/ozone/hadoop-ozone/integration-test/target/test-dir/MiniOzoneClusterImpl-48ce40b1-13f8-460b-b529-5aa00ab75c3e/ozone-meta/datanode-2/ratis/58c7b79e-35b2-4776-87d6-f9b27e3d7451/current/log_inprogress_0
2024-05-09 06:25:19,960 [EventQueue-PipelineReportForPipelineReportHandler] INFO  pipeline.PipelineReportHandler (PipelineReportHandler.java:processPipelineReport(136)) - Opened pipeline PipelineID=876e6361-94bf-493c-a223-711d46114548
2024-05-09 06:25:19,960 [EventQueue-OpenPipelineForHealthyPipelineSafeModeRule] INFO  safemode.SCMSafeModeManager (HealthyPipelineSafeModeRule.java:process(140)) - SCM in safe mode. Healthy pipelines reported count is 0, required healthy pipeline reported count is 1
2024-05-09 06:25:19,960 [EventQueue-OpenPipelineForHealthyPipelineSafeModeRule] INFO  safemode.SCMSafeModeManager (HealthyPipelineSafeModeRule.java:process(140)) - SCM in safe mode. Healthy pipelines reported count is 1, required healthy pipeline reported count is 1
2024-05-09 06:25:19,960 [EventQueue-OpenPipelineForHealthyPipelineSafeModeRule] INFO  safemode.SCMSafeModeManager (SCMSafeModeManager.java:validateSafeModeExitRules(203)) - HealthyPipelineSafeModeRule rule is successfully validated
2024-05-09 06:25:19,960 [EventQueue-OpenPipelineForHealthyPipelineSafeModeRule] INFO  safemode.SCMSafeModeManager (SCMSafeModeManager.java:validateSafeModeExitRules(218)) - ScmSafeModeManager, all rules are successfully validated
2024-05-09 06:25:19,960 [EventQueue-OpenPipelineForHealthyPipelineSafeModeRule] INFO  safemode.SCMSafeModeManager (SCMSafeModeManager.java:exitSafeMode(248)) - SCM exiting safe mode.
2024-05-09 06:25:19,960 [EventQueue-OpenPipelineForHealthyPipelineSafeModeRule] INFO  ha.SCMContext (SCMContext.java:updateSafeModeStatus(225)) - Update SafeModeStatus from SafeModeStatus{safeModeStatus=true, preCheckPassed=true} to SafeModeStatus{safeModeStatus=false, preCheckPassed=true}.
2024-05-09 06:25:19,960 [EventQueue-OpenPipelineForHealthyPipelineSafeModeRule] INFO  pipeline.BackgroundPipelineCreator (BackgroundPipelineCreator.java:notifyStatusChanged(258)) - Service BackgroundPipelineCreator transitions to RUNNING.
2024-05-09 06:25:19,960 [EventQueue-OpenPipelineForHealthyPipelineSafeModeRule] INFO  BackgroundPipelineScrubber (BackgroundSCMService.java:notifyStatusChanged(79)) - Service BackgroundPipelineScrubber transitions to RUNNING.
2024-05-09 06:25:19,960 [EventQueue-OpenPipelineForHealthyPipelineSafeModeRule] INFO  ExpiredContainerReplicaOpScrubber (BackgroundSCMService.java:notifyStatusChanged(79)) - Service ExpiredContainerReplicaOpScrubber transitions to RUNNING.
2024-05-09 06:25:19,960 [EventQueue-OpenPipelineForHealthyPipelineSafeModeRule] INFO  block.SCMBlockDeletingService (SCMBlockDeletingService.java:notifyStatusChanged(247)) - notifyStatusChanged:RUNNING
2024-05-09 06:25:19,960 [EventQueue-OpenPipelineForHealthyPipelineSafeModeRule] INFO  replication.ReplicationManager (ReplicationManager.java:notifyStatusChanged(1406)) - Service ReplicationManager transitions to RUNNING.
2024-05-09 06:25:19,961 [EventQueue-OpenPipelineForHealthyPipelineSafeModeRule] WARN  balancer.ContainerBalancer (ContainerBalancer.java:shouldRun(134)) - Could not find persisted configuration for ContainerBalancer when checking if ContainerBalancer should run. ContainerBalancer should not run now.
2024-05-09 06:25:19,963 [5b847746-75e9-42bf-94b1-858a537db9cd@group-F9B27E3D7451-StateMachineUpdater] INFO  server.RaftServer$Division (LeaderStateImpl.java:isApplied(320)) - leader is ready since appliedIndex == 0 >= startIndex == 0
2024-05-09 06:25:19,967 [0b714aca-fc82-484b-9944-7b2ffbc45fbf@group-711D46114548-SegmentedRaftLogWorker] INFO  segmented.SegmentedRaftLogWorker (SegmentedRaftLogWorker.java:execute(634)) - 0b714aca-fc82-484b-9944-7b2ffbc45fbf@group-711D46114548-SegmentedRaftLogWorker: created new log segment /home/runner/work/ozone/ozone/hadoop-ozone/integration-test/target/test-dir/MiniOzoneClusterImpl-48ce40b1-13f8-460b-b529-5aa00ab75c3e/ozone-meta/datanode-1/ratis/876e6361-94bf-493c-a223-711d46114548/current/log_inprogress_0
2024-05-09 06:25:19,983 [528b4752-3c7b-4991-99e9-89ee621f29a5-server-thread2] INFO  ratis.XceiverServerRatis (XceiverServerRatis.java:handleLeaderChangedNotification(966)) - Leader change notification received for group: group-711D46114548 with new leaderId: 0b714aca-fc82-484b-9944-7b2ffbc45fbf
2024-05-09 06:25:19,983 [528b4752-3c7b-4991-99e9-89ee621f29a5-server-thread2] INFO  server.RaftServer$Division (ServerState.java:setLeader(269)) - 528b4752-3c7b-4991-99e9-89ee621f29a5@group-711D46114548: change Leader from null to 0b714aca-fc82-484b-9944-7b2ffbc45fbf at term 1 for appendEntries, leader elected after 5136ms
2024-05-09 06:25:19,983 [528b4752-3c7b-4991-99e9-89ee621f29a5-server-thread2] INFO  server.RaftServer$Division (ServerState.java:setRaftConf(386)) - 528b4752-3c7b-4991-99e9-89ee621f29a5@group-711D46114548: set configuration 0: peers:[0b714aca-fc82-484b-9944-7b2ffbc45fbf|127.0.0.1:15067, 528b4752-3c7b-4991-99e9-89ee621f29a5|127.0.0.1:15085, 5b847746-75e9-42bf-94b1-858a537db9cd|127.0.0.1:15076]|listeners:[], old=null
2024-05-09 06:25:19,984 [528b4752-3c7b-4991-99e9-89ee621f29a5-server-thread2] INFO  segmented.SegmentedRaftLogWorker (SegmentedRaftLogWorker.java:startLogSegment(430)) - 528b4752-3c7b-4991-99e9-89ee621f29a5@group-711D46114548-SegmentedRaftLogWorker: Starting segment from index:0
2024-05-09 06:25:19,985 [528b4752-3c7b-4991-99e9-89ee621f29a5@group-711D46114548-SegmentedRaftLogWorker] INFO  segmented.BufferedWriteChannel (BufferedWriteChannel.java:open(62)) - open log_inprogress_0 at position 0
2024-05-09 06:25:19,993 [528b4752-3c7b-4991-99e9-89ee621f29a5@group-711D46114548-SegmentedRaftLogWorker] INFO  segmented.SegmentedRaftLogWorker (SegmentedRaftLogWorker.java:execute(634)) - 528b4752-3c7b-4991-99e9-89ee621f29a5@group-711D46114548-SegmentedRaftLogWorker: created new log segment /home/runner/work/ozone/ozone/hadoop-ozone/integration-test/target/test-dir/MiniOzoneClusterImpl-48ce40b1-13f8-460b-b529-5aa00ab75c3e/ozone-meta/datanode-3/ratis/876e6361-94bf-493c-a223-711d46114548/current/log_inprogress_0
2024-05-09 06:25:19,995 [5b847746-75e9-42bf-94b1-858a537db9cd-server-thread1] INFO  ratis.XceiverServerRatis (XceiverServerRatis.java:handleLeaderChangedNotification(966)) - Leader change notification received for group: group-711D46114548 with new leaderId: 0b714aca-fc82-484b-9944-7b2ffbc45fbf
2024-05-09 06:25:19,995 [5b847746-75e9-42bf-94b1-858a537db9cd-server-thread1] INFO  server.RaftServer$Division (ServerState.java:setLeader(269)) - 5b847746-75e9-42bf-94b1-858a537db9cd@group-711D46114548: change Leader from null to 0b714aca-fc82-484b-9944-7b2ffbc45fbf at term 1 for appendEntries, leader elected after 5117ms
2024-05-09 06:25:19,996 [5b847746-75e9-42bf-94b1-858a537db9cd-server-thread2] INFO  server.RaftServer$Division (ServerState.java:setRaftConf(386)) - 5b847746-75e9-42bf-94b1-858a537db9cd@group-711D46114548: set configuration 0: peers:[0b714aca-fc82-484b-9944-7b2ffbc45fbf|127.0.0.1:15067, 528b4752-3c7b-4991-99e9-89ee621f29a5|127.0.0.1:15085, 5b847746-75e9-42bf-94b1-858a537db9cd|127.0.0.1:15076]|listeners:[], old=null
2024-05-09 06:25:19,996 [5b847746-75e9-42bf-94b1-858a537db9cd-server-thread2] INFO  segmented.SegmentedRaftLogWorker (SegmentedRaftLogWorker.java:startLogSegment(430)) - 5b847746-75e9-42bf-94b1-858a537db9cd@group-711D46114548-SegmentedRaftLogWorker: Starting segment from index:0
2024-05-09 06:25:19,996 [5b847746-75e9-42bf-94b1-858a537db9cd@group-711D46114548-SegmentedRaftLogWorker] INFO  segmented.BufferedWriteChannel (BufferedWriteChannel.java:open(62)) - open log_inprogress_0 at position 0
2024-05-09 06:25:19,999 [0b714aca-fc82-484b-9944-7b2ffbc45fbf@group-711D46114548-StateMachineUpdater] INFO  server.RaftServer$Division (LeaderStateImpl.java:isApplied(320)) - leader is ready since appliedIndex == 0 >= startIndex == 0
2024-05-09 06:25:20,005 [5b847746-75e9-42bf-94b1-858a537db9cd@group-711D46114548-SegmentedRaftLogWorker] INFO  segmented.SegmentedRaftLogWorker (SegmentedRaftLogWorker.java:execute(634)) - 5b847746-75e9-42bf-94b1-858a537db9cd@group-711D46114548-SegmentedRaftLogWorker: created new log segment /home/runner/work/ozone/ozone/hadoop-ozone/integration-test/target/test-dir/MiniOzoneClusterImpl-48ce40b1-13f8-460b-b529-5aa00ab75c3e/ozone-meta/datanode-2/ratis/876e6361-94bf-493c-a223-711d46114548/current/log_inprogress_0
2024-05-09 06:25:20,039 [528b4752-3c7b-4991-99e9-89ee621f29a5@group-E1C253161B1E-FollowerState] INFO  impl.FollowerState (FollowerState.java:run(143)) - 528b4752-3c7b-4991-99e9-89ee621f29a5@group-E1C253161B1E-FollowerState: change to CANDIDATE, lastRpcElapsedTime:5051557545ns, electionTimeout:5050ms
2024-05-09 06:25:20,039 [528b4752-3c7b-4991-99e9-89ee621f29a5@group-E1C253161B1E-FollowerState] INFO  impl.RoleInfo (RoleInfo.java:shutdownFollowerState(110)) - 528b4752-3c7b-4991-99e9-89ee621f29a5: shutdown 528b4752-3c7b-4991-99e9-89ee621f29a5@group-E1C253161B1E-FollowerState
2024-05-09 06:25:20,039 [528b4752-3c7b-4991-99e9-89ee621f29a5@group-E1C253161B1E-FollowerState] INFO  server.RaftServer$Division (RaftServerImpl.java:setRole(383)) - 528b4752-3c7b-4991-99e9-89ee621f29a5@group-E1C253161B1E: changes role from  FOLLOWER to CANDIDATE at term 0 for changeToCandidate
2024-05-09 06:25:20,039 [528b4752-3c7b-4991-99e9-89ee621f29a5@group-E1C253161B1E-FollowerState] INFO  server.RaftServerConfigKeys (ConfUtils.java:logGet(46)) - raft.server.leaderelection.pre-vote = true (default)
2024-05-09 06:25:20,040 [528b4752-3c7b-4991-99e9-89ee621f29a5@group-E1C253161B1E-FollowerState] INFO  impl.RoleInfo (RoleInfo.java:updateAndGet(139)) - 528b4752-3c7b-4991-99e9-89ee621f29a5: start 528b4752-3c7b-4991-99e9-89ee621f29a5@group-E1C253161B1E-LeaderElection15
2024-05-09 06:25:20,040 [528b4752-3c7b-4991-99e9-89ee621f29a5@group-E1C253161B1E-LeaderElection15] INFO  impl.LeaderElection (LeaderElection.java:askForVotes(321)) - 528b4752-3c7b-4991-99e9-89ee621f29a5@group-E1C253161B1E-LeaderElection15 PRE_VOTE round 0: submit vote requests at term 0 for -1: peers:[528b4752-3c7b-4991-99e9-89ee621f29a5|127.0.0.1:15085]|listeners:[], old=null
2024-05-09 06:25:20,040 [528b4752-3c7b-4991-99e9-89ee621f29a5@group-E1C253161B1E-LeaderElection15] INFO  impl.LeaderElection (LeaderElection.java:askForVotes(323)) - 528b4752-3c7b-4991-99e9-89ee621f29a5@group-E1C253161B1E-LeaderElection15 PRE_VOTE round 0: result PASSED (term=0)
2024-05-09 06:25:20,041 [528b4752-3c7b-4991-99e9-89ee621f29a5@group-E1C253161B1E-LeaderElection15] INFO  impl.LeaderElection (LeaderElection.java:askForVotes(321)) - 528b4752-3c7b-4991-99e9-89ee621f29a5@group-E1C253161B1E-LeaderElection15 ELECTION round 0: submit vote requests at term 1 for -1: peers:[528b4752-3c7b-4991-99e9-89ee621f29a5|127.0.0.1:15085]|listeners:[], old=null
2024-05-09 06:25:20,041 [528b4752-3c7b-4991-99e9-89ee621f29a5@group-E1C253161B1E-LeaderElection15] INFO  impl.LeaderElection (LeaderElection.java:askForVotes(323)) - 528b4752-3c7b-4991-99e9-89ee621f29a5@group-E1C253161B1E-LeaderElection15 ELECTION round 0: result PASSED (term=1)
2024-05-09 06:25:20,041 [528b4752-3c7b-4991-99e9-89ee621f29a5@group-E1C253161B1E-LeaderElection15] INFO  impl.RoleInfo (RoleInfo.java:shutdownLeaderElection(130)) - 528b4752-3c7b-4991-99e9-89ee621f29a5: shutdown 528b4752-3c7b-4991-99e9-89ee621f29a5@group-E1C253161B1E-LeaderElection15
2024-05-09 06:25:20,041 [528b4752-3c7b-4991-99e9-89ee621f29a5@group-E1C253161B1E-LeaderElection15] INFO  server.RaftServer$Division (RaftServerImpl.java:setRole(383)) - 528b4752-3c7b-4991-99e9-89ee621f29a5@group-E1C253161B1E: changes role from CANDIDATE to LEADER at term 1 for changeToLeader
2024-05-09 06:25:20,041 [528b4752-3c7b-4991-99e9-89ee621f29a5@group-E1C253161B1E-LeaderElection15] INFO  server.RaftServerConfigKeys (ConfUtils.java:logGet(46)) - raft.server.staging.catchup.gap = 1000 (default)
2024-05-09 06:25:20,041 [528b4752-3c7b-4991-99e9-89ee621f29a5@group-E1C253161B1E-LeaderElection15] INFO  server.RaftServerConfigKeys (ConfUtils.java:logGet(46)) - raft.server.write.element-limit = 1024 (custom)
2024-05-09 06:25:20,041 [528b4752-3c7b-4991-99e9-89ee621f29a5@group-E1C253161B1E-LeaderElection15] INFO  server.RaftServerConfigKeys (ConfUtils.java:logGet(46)) - raft.server.write.byte-limit = 1024 M (=1073741824) (custom)
2024-05-09 06:25:20,042 [528b4752-3c7b-4991-99e9-89ee621f29a5@group-E1C253161B1E-LeaderElection15] INFO  server.RaftServerConfigKeys (ConfUtils.java:logGet(46)) - raft.server.watch.timeout = 3000ms (custom)
2024-05-09 06:25:20,042 [528b4752-3c7b-4991-99e9-89ee621f29a5@group-E1C253161B1E-LeaderElection15] INFO  server.RaftServerConfigKeys (ConfUtils.java:logGet(46)) - raft.server.watch.timeout.denomination = 1s (default)
2024-05-09 06:25:20,042 [528b4752-3c7b-4991-99e9-89ee621f29a5@group-E1C253161B1E-LeaderElection15] INFO  server.RaftServerConfigKeys (ConfUtils.java:logGet(46)) - raft.server.watch.element-limit = 65536 (default)
2024-05-09 06:25:20,042 [528b4752-3c7b-4991-99e9-89ee621f29a5@group-E1C253161B1E-LeaderElection15] INFO  server.RaftServerConfigKeys (ConfUtils.java:logGet(46)) - raft.server.read.leader.lease.enabled = false (default)
2024-05-09 06:25:20,042 [528b4752-3c7b-4991-99e9-89ee621f29a5@group-E1C253161B1E-LeaderElection15] INFO  server.RaftServerConfigKeys (ConfUtils.java:logGet(46)) - raft.server.read.leader.lease.timeout.ratio = 0.9 (default)
2024-05-09 06:25:20,042 [528b4752-3c7b-4991-99e9-89ee621f29a5@group-E1C253161B1E-LeaderElection15] INFO  server.RaftServerConfigKeys (ConfUtils.java:logGet(46)) - raft.server.rpc.timeout.min = 5s (custom)
2024-05-09 06:25:20,042 [528b4752-3c7b-4991-99e9-89ee621f29a5@group-E1C253161B1E-LeaderElection15] INFO  server.RaftServerConfigKeys (ConfUtils.java:logGet(46)) - raft.server.write.element-limit = 1024 (custom)
2024-05-09 06:25:20,042 [528b4752-3c7b-4991-99e9-89ee621f29a5@group-E1C253161B1E-LeaderElection15] INFO  server.RaftServerConfigKeys (ConfUtils.java:logGet(46)) - raft.server.write.follower.gap.ratio.max = -1.0 (default)
2024-05-09 06:25:20,042 [528b4752-3c7b-4991-99e9-89ee621f29a5@group-E1C253161B1E-LeaderElection15] INFO  impl.RoleInfo (RoleInfo.java:updateAndGet(139)) - 528b4752-3c7b-4991-99e9-89ee621f29a5: start 528b4752-3c7b-4991-99e9-89ee621f29a5@group-E1C253161B1E-LeaderStateImpl
2024-05-09 06:25:20,042 [528b4752-3c7b-4991-99e9-89ee621f29a5@group-E1C253161B1E-LeaderElection15] INFO  server.RaftServer$Division (RaftServerImpl.java:setFirstElection(574)) - 528b4752-3c7b-4991-99e9-89ee621f29a5@group-E1C253161B1E: set firstElectionSinceStartup to false for becomeLeader
2024-05-09 06:25:20,042 [528b4752-3c7b-4991-99e9-89ee621f29a5@group-E1C253161B1E-LeaderElection15] INFO  ratis.XceiverServerRatis (XceiverServerRatis.java:handleLeaderChangedNotification(966)) - Leader change notification received for group: group-E1C253161B1E with new leaderId: 528b4752-3c7b-4991-99e9-89ee621f29a5
2024-05-09 06:25:20,043 [528b4752-3c7b-4991-99e9-89ee621f29a5@group-E1C253161B1E-LeaderElection15] INFO  server.RaftServer$Division (ServerState.java:setLeader(269)) - 528b4752-3c7b-4991-99e9-89ee621f29a5@group-E1C253161B1E: change Leader from null to 528b4752-3c7b-4991-99e9-89ee621f29a5 at term 1 for becomeLeader, leader elected after 5070ms
2024-05-09 06:25:20,043 [528b4752-3c7b-4991-99e9-89ee621f29a5@group-E1C253161B1E-LeaderElection15] INFO  segmented.SegmentedRaftLogWorker (SegmentedRaftLogWorker.java:startLogSegment(430)) - 528b4752-3c7b-4991-99e9-89ee621f29a5@group-E1C253161B1E-SegmentedRaftLogWorker: Starting segment from index:0
2024-05-09 06:25:20,043 [528b4752-3c7b-4991-99e9-89ee621f29a5@group-E1C253161B1E-SegmentedRaftLogWorker] INFO  segmented.BufferedWriteChannel (BufferedWriteChannel.java:open(62)) - open log_inprogress_0 at position 0
2024-05-09 06:25:20,046 [528b4752-3c7b-4991-99e9-89ee621f29a5@group-E1C253161B1E-LeaderElection15] INFO  server.RaftServer$Division (ServerState.java:setRaftConf(386)) - 528b4752-3c7b-4991-99e9-89ee621f29a5@group-E1C253161B1E: set configuration 0: peers:[528b4752-3c7b-4991-99e9-89ee621f29a5|127.0.0.1:15085]|listeners:[], old=null
2024-05-09 06:25:20,051 [528b4752-3c7b-4991-99e9-89ee621f29a5@group-E1C253161B1E-SegmentedRaftLogWorker] INFO  segmented.SegmentedRaftLogWorker (SegmentedRaftLogWorker.java:execute(634)) - 528b4752-3c7b-4991-99e9-89ee621f29a5@group-E1C253161B1E-SegmentedRaftLogWorker: created new log segment /home/runner/work/ozone/ozone/hadoop-ozone/integration-test/target/test-dir/MiniOzoneClusterImpl-48ce40b1-13f8-460b-b529-5aa00ab75c3e/ozone-meta/datanode-3/ratis/add22a7f-61aa-4b02-b618-e1c253161b1e/current/log_inprogress_0
2024-05-09 06:25:20,053 [528b4752-3c7b-4991-99e9-89ee621f29a5@group-E1C253161B1E-StateMachineUpdater] INFO  server.RaftServer$Division (LeaderStateImpl.java:isApplied(320)) - leader is ready since appliedIndex == 0 >= startIndex == 0
2024-05-09 06:25:20,053 [0b714aca-fc82-484b-9944-7b2ffbc45fbf@group-A6FAD74B91C2-FollowerState] INFO  impl.FollowerState (FollowerState.java:run(143)) - 0b714aca-fc82-484b-9944-7b2ffbc45fbf@group-A6FAD74B91C2-FollowerState: change to CANDIDATE, lastRpcElapsedTime:5124572655ns, electionTimeout:5124ms
2024-05-09 06:25:20,053 [0b714aca-fc82-484b-9944-7b2ffbc45fbf@group-A6FAD74B91C2-FollowerState] INFO  impl.RoleInfo (RoleInfo.java:shutdownFollowerState(110)) - 0b714aca-fc82-484b-9944-7b2ffbc45fbf: shutdown 0b714aca-fc82-484b-9944-7b2ffbc45fbf@group-A6FAD74B91C2-FollowerState
2024-05-09 06:25:20,053 [0b714aca-fc82-484b-9944-7b2ffbc45fbf@group-A6FAD74B91C2-FollowerState] INFO  server.RaftServer$Division (RaftServerImpl.java:setRole(383)) - 0b714aca-fc82-484b-9944-7b2ffbc45fbf@group-A6FAD74B91C2: changes role from  FOLLOWER to CANDIDATE at term 0 for changeToCandidate
2024-05-09 06:25:20,053 [0b714aca-fc82-484b-9944-7b2ffbc45fbf@group-A6FAD74B91C2-FollowerState] INFO  server.RaftServerConfigKeys (ConfUtils.java:logGet(46)) - raft.server.leaderelection.pre-vote = true (default)
2024-05-09 06:25:20,053 [0b714aca-fc82-484b-9944-7b2ffbc45fbf@group-A6FAD74B91C2-FollowerState] INFO  impl.RoleInfo (RoleInfo.java:updateAndGet(139)) - 0b714aca-fc82-484b-9944-7b2ffbc45fbf: start 0b714aca-fc82-484b-9944-7b2ffbc45fbf@group-A6FAD74B91C2-LeaderElection16
2024-05-09 06:25:20,054 [0b714aca-fc82-484b-9944-7b2ffbc45fbf@group-A6FAD74B91C2-LeaderElection16] INFO  impl.LeaderElection (LeaderElection.java:askForVotes(321)) - 0b714aca-fc82-484b-9944-7b2ffbc45fbf@group-A6FAD74B91C2-LeaderElection16 PRE_VOTE round 0: submit vote requests at term 0 for -1: peers:[0b714aca-fc82-484b-9944-7b2ffbc45fbf|127.0.0.1:15067, 528b4752-3c7b-4991-99e9-89ee621f29a5|127.0.0.1:15085, 5b847746-75e9-42bf-94b1-858a537db9cd|127.0.0.1:15076]|listeners:[], old=null
2024-05-09 06:25:20,054 [0b714aca-fc82-484b-9944-7b2ffbc45fbf@group-A6FAD74B91C2-LeaderElection16] INFO  server.RaftServerConfigKeys (ConfUtils.java:logFallback(53)) - raft.server.rpc.first-election.timeout.min = 5s (fallback to raft.server.rpc.timeout.min)
2024-05-09 06:25:20,054 [0b714aca-fc82-484b-9944-7b2ffbc45fbf@group-A6FAD74B91C2-LeaderElection16] INFO  server.RaftServerConfigKeys (ConfUtils.java:logFallback(53)) - raft.server.rpc.first-election.timeout.max = 5200ms (fallback to raft.server.rpc.timeout.max)
2024-05-09 06:25:20,056 [grpc-default-executor-3] INFO  server.RaftServer$Division (RaftServerImpl.java:requestVote(1389)) - 5b847746-75e9-42bf-94b1-858a537db9cd@group-A6FAD74B91C2: receive requestVote(PRE_VOTE, 0b714aca-fc82-484b-9944-7b2ffbc45fbf, group-A6FAD74B91C2, 0, (t:0, i:0))
2024-05-09 06:25:20,056 [grpc-default-executor-5] INFO  server.RaftServer$Division (RaftServerImpl.java:requestVote(1389)) - 528b4752-3c7b-4991-99e9-89ee621f29a5@group-A6FAD74B91C2: receive requestVote(PRE_VOTE, 0b714aca-fc82-484b-9944-7b2ffbc45fbf, group-A6FAD74B91C2, 0, (t:0, i:0))
2024-05-09 06:25:20,056 [grpc-default-executor-3] INFO  impl.VoteContext (VoteContext.java:log(49)) - 5b847746-75e9-42bf-94b1-858a537db9cd@group-A6FAD74B91C2-FOLLOWER: accept PRE_VOTE from 0b714aca-fc82-484b-9944-7b2ffbc45fbf: our priority 0 <= candidate's priority 0
2024-05-09 06:25:20,056 [grpc-default-executor-5] INFO  impl.VoteContext (VoteContext.java:log(49)) - 528b4752-3c7b-4991-99e9-89ee621f29a5@group-A6FAD74B91C2-FOLLOWER: reject PRE_VOTE from 0b714aca-fc82-484b-9944-7b2ffbc45fbf: our priority 1 > candidate's priority 0
2024-05-09 06:25:20,056 [grpc-default-executor-5] INFO  server.RaftServer$Division (RaftServerImpl.java:requestVote(1422)) - 528b4752-3c7b-4991-99e9-89ee621f29a5@group-A6FAD74B91C2 replies to PRE_VOTE vote request: 0b714aca-fc82-484b-9944-7b2ffbc45fbf<-528b4752-3c7b-4991-99e9-89ee621f29a5#0:FAIL-t0. Peer's state: 528b4752-3c7b-4991-99e9-89ee621f29a5@group-A6FAD74B91C2:t0, leader=null, voted=, raftlog=Memoized:528b4752-3c7b-4991-99e9-89ee621f29a5@group-A6FAD74B91C2-SegmentedRaftLog:OPENED:c-1, conf=-1: peers:[0b714aca-fc82-484b-9944-7b2ffbc45fbf|127.0.0.1:15067, 528b4752-3c7b-4991-99e9-89ee621f29a5|127.0.0.1:15085, 5b847746-75e9-42bf-94b1-858a537db9cd|127.0.0.1:15076]|listeners:[], old=null
2024-05-09 06:25:20,056 [grpc-default-executor-3] INFO  server.RaftServer$Division (RaftServerImpl.java:requestVote(1422)) - 5b847746-75e9-42bf-94b1-858a537db9cd@group-A6FAD74B91C2 replies to PRE_VOTE vote request: 0b714aca-fc82-484b-9944-7b2ffbc45fbf<-5b847746-75e9-42bf-94b1-858a537db9cd#0:OK-t0. Peer's state: 5b847746-75e9-42bf-94b1-858a537db9cd@group-A6FAD74B91C2:t0, leader=null, voted=, raftlog=Memoized:5b847746-75e9-42bf-94b1-858a537db9cd@group-A6FAD74B91C2-SegmentedRaftLog:OPENED:c-1, conf=-1: peers:[0b714aca-fc82-484b-9944-7b2ffbc45fbf|127.0.0.1:15067, 528b4752-3c7b-4991-99e9-89ee621f29a5|127.0.0.1:15085, 5b847746-75e9-42bf-94b1-858a537db9cd|127.0.0.1:15076]|listeners:[], old=null
2024-05-09 06:25:20,057 [0b714aca-fc82-484b-9944-7b2ffbc45fbf@group-A6FAD74B91C2-LeaderElection16] INFO  impl.LeaderElection (LeaderElection.java:logAndReturn(89)) - 0b714aca-fc82-484b-9944-7b2ffbc45fbf@group-A6FAD74B91C2-LeaderElection16: PRE_VOTE REJECTED received 1 response(s) and 0 exception(s):
2024-05-09 06:25:20,057 [0b714aca-fc82-484b-9944-7b2ffbc45fbf@group-A6FAD74B91C2-LeaderElection16] INFO  impl.LeaderElection (LeaderElection.java:logAndReturn(93)) -   Response 0: 0b714aca-fc82-484b-9944-7b2ffbc45fbf<-528b4752-3c7b-4991-99e9-89ee621f29a5#0:FAIL-t0
2024-05-09 06:25:20,057 [0b714aca-fc82-484b-9944-7b2ffbc45fbf@group-A6FAD74B91C2-LeaderElection16] INFO  impl.LeaderElection (LeaderElection.java:askForVotes(323)) - 0b714aca-fc82-484b-9944-7b2ffbc45fbf@group-A6FAD74B91C2-LeaderElection16 PRE_VOTE round 0: result REJECTED
2024-05-09 06:25:20,057 [0b714aca-fc82-484b-9944-7b2ffbc45fbf@group-A6FAD74B91C2-LeaderElection16] INFO  server.RaftServer$Division (RaftServerImpl.java:setRole(383)) - 0b714aca-fc82-484b-9944-7b2ffbc45fbf@group-A6FAD74B91C2: changes role from CANDIDATE to FOLLOWER at term 0 for REJECTED
2024-05-09 06:25:20,058 [0b714aca-fc82-484b-9944-7b2ffbc45fbf@group-A6FAD74B91C2-LeaderElection16] INFO  impl.RoleInfo (RoleInfo.java:shutdownLeaderElection(130)) - 0b714aca-fc82-484b-9944-7b2ffbc45fbf: shutdown 0b714aca-fc82-484b-9944-7b2ffbc45fbf@group-A6FAD74B91C2-LeaderElection16
2024-05-09 06:25:20,058 [0b714aca-fc82-484b-9944-7b2ffbc45fbf@group-A6FAD74B91C2-LeaderElection16] INFO  impl.RoleInfo (RoleInfo.java:updateAndGet(139)) - 0b714aca-fc82-484b-9944-7b2ffbc45fbf: start 0b714aca-fc82-484b-9944-7b2ffbc45fbf@group-A6FAD74B91C2-FollowerState
2024-05-09 06:25:20,059 [0b714aca-fc82-484b-9944-7b2ffbc45fbf@group-A6FAD74B91C2-LeaderElection16] INFO  server.RaftServer$Division (RaftServerImpl.java:setFirstElection(574)) - 0b714aca-fc82-484b-9944-7b2ffbc45fbf@group-A6FAD74B91C2: set firstElectionSinceStartup to false for REJECTED
2024-05-09 06:25:20,063 [c367b86c-aa24-47f1-8357-097651e72609@group-C0EC2E85FAC7-FollowerState] INFO  impl.FollowerState (FollowerState.java:run(143)) - c367b86c-aa24-47f1-8357-097651e72609@group-C0EC2E85FAC7-FollowerState: change to CANDIDATE, lastRpcElapsedTime:5014382116ns, electionTimeout:5014ms
2024-05-09 06:25:20,063 [c367b86c-aa24-47f1-8357-097651e72609@group-C0EC2E85FAC7-FollowerState] INFO  impl.RoleInfo (RoleInfo.java:shutdownFollowerState(110)) - c367b86c-aa24-47f1-8357-097651e72609: shutdown c367b86c-aa24-47f1-8357-097651e72609@group-C0EC2E85FAC7-FollowerState
2024-05-09 06:25:20,063 [c367b86c-aa24-47f1-8357-097651e72609@group-C0EC2E85FAC7-FollowerState] INFO  server.RaftServer$Division (RaftServerImpl.java:setRole(383)) - c367b86c-aa24-47f1-8357-097651e72609@group-C0EC2E85FAC7: changes role from  FOLLOWER to CANDIDATE at term 0 for changeToCandidate
2024-05-09 06:25:20,063 [c367b86c-aa24-47f1-8357-097651e72609@group-C0EC2E85FAC7-FollowerState] INFO  server.RaftServerConfigKeys (ConfUtils.java:logGet(46)) - raft.server.leaderelection.pre-vote = true (default)
2024-05-09 06:25:20,063 [c367b86c-aa24-47f1-8357-097651e72609@group-C0EC2E85FAC7-FollowerState] INFO  impl.RoleInfo (RoleInfo.java:updateAndGet(139)) - c367b86c-aa24-47f1-8357-097651e72609: start c367b86c-aa24-47f1-8357-097651e72609@group-C0EC2E85FAC7-LeaderElection17
2024-05-09 06:25:20,064 [c367b86c-aa24-47f1-8357-097651e72609@group-C0EC2E85FAC7-LeaderElection17] INFO  impl.LeaderElection (LeaderElection.java:askForVotes(321)) - c367b86c-aa24-47f1-8357-097651e72609@group-C0EC2E85FAC7-LeaderElection17 PRE_VOTE round 0: submit vote requests at term 0 for -1: peers:[c367b86c-aa24-47f1-8357-097651e72609|127.0.0.1:15094]|listeners:[], old=null
2024-05-09 06:25:20,064 [c367b86c-aa24-47f1-8357-097651e72609@group-C0EC2E85FAC7-LeaderElection17] INFO  impl.LeaderElection (LeaderElection.java:askForVotes(323)) - c367b86c-aa24-47f1-8357-097651e72609@group-C0EC2E85FAC7-LeaderElection17 PRE_VOTE round 0: result PASSED (term=0)
2024-05-09 06:25:20,065 [c367b86c-aa24-47f1-8357-097651e72609@group-C0EC2E85FAC7-LeaderElection17] INFO  impl.LeaderElection (LeaderElection.java:askForVotes(321)) - c367b86c-aa24-47f1-8357-097651e72609@group-C0EC2E85FAC7-LeaderElection17 ELECTION round 0: submit vote requests at term 1 for -1: peers:[c367b86c-aa24-47f1-8357-097651e72609|127.0.0.1:15094]|listeners:[], old=null
2024-05-09 06:25:20,065 [c367b86c-aa24-47f1-8357-097651e72609@group-C0EC2E85FAC7-LeaderElection17] INFO  impl.LeaderElection (LeaderElection.java:askForVotes(323)) - c367b86c-aa24-47f1-8357-097651e72609@group-C0EC2E85FAC7-LeaderElection17 ELECTION round 0: result PASSED (term=1)
2024-05-09 06:25:20,065 [c367b86c-aa24-47f1-8357-097651e72609@group-C0EC2E85FAC7-LeaderElection17] INFO  impl.RoleInfo (RoleInfo.java:shutdownLeaderElection(130)) - c367b86c-aa24-47f1-8357-097651e72609: shutdown c367b86c-aa24-47f1-8357-097651e72609@group-C0EC2E85FAC7-LeaderElection17
2024-05-09 06:25:20,065 [c367b86c-aa24-47f1-8357-097651e72609@group-C0EC2E85FAC7-LeaderElection17] INFO  server.RaftServer$Division (RaftServerImpl.java:setRole(383)) - c367b86c-aa24-47f1-8357-097651e72609@group-C0EC2E85FAC7: changes role from CANDIDATE to LEADER at term 1 for changeToLeader
2024-05-09 06:25:20,065 [c367b86c-aa24-47f1-8357-097651e72609@group-C0EC2E85FAC7-LeaderElection17] INFO  server.RaftServerConfigKeys (ConfUtils.java:logGet(46)) - raft.server.staging.catchup.gap = 1000 (default)
2024-05-09 06:25:20,065 [c367b86c-aa24-47f1-8357-097651e72609@group-C0EC2E85FAC7-LeaderElection17] INFO  server.RaftServerConfigKeys (ConfUtils.java:logGet(46)) - raft.server.write.element-limit = 1024 (custom)
2024-05-09 06:25:20,065 [c367b86c-aa24-47f1-8357-097651e72609@group-C0EC2E85FAC7-LeaderElection17] INFO  server.RaftServerConfigKeys (ConfUtils.java:logGet(46)) - raft.server.write.byte-limit = 1024 M (=1073741824) (custom)
2024-05-09 06:25:20,066 [c367b86c-aa24-47f1-8357-097651e72609@group-C0EC2E85FAC7-LeaderElection17] INFO  server.RaftServerConfigKeys (ConfUtils.java:logGet(46)) - raft.server.watch.timeout = 3000ms (custom)
2024-05-09 06:25:20,066 [c367b86c-aa24-47f1-8357-097651e72609@group-C0EC2E85FAC7-LeaderElection17] INFO  server.RaftServerConfigKeys (ConfUtils.java:logGet(46)) - raft.server.watch.timeout.denomination = 1s (default)
2024-05-09 06:25:20,066 [c367b86c-aa24-47f1-8357-097651e72609@group-C0EC2E85FAC7-LeaderElection17] INFO  server.RaftServerConfigKeys (ConfUtils.java:logGet(46)) - raft.server.watch.element-limit = 65536 (default)
2024-05-09 06:25:20,066 [c367b86c-aa24-47f1-8357-097651e72609@group-C0EC2E85FAC7-LeaderElection17] INFO  server.RaftServerConfigKeys (ConfUtils.java:logGet(46)) - raft.server.read.leader.lease.enabled = false (default)
2024-05-09 06:25:20,066 [c367b86c-aa24-47f1-8357-097651e72609@group-C0EC2E85FAC7-LeaderElection17] INFO  server.RaftServerConfigKeys (ConfUtils.java:logGet(46)) - raft.server.read.leader.lease.timeout.ratio = 0.9 (default)
2024-05-09 06:25:20,066 [c367b86c-aa24-47f1-8357-097651e72609@group-C0EC2E85FAC7-LeaderElection17] INFO  server.RaftServerConfigKeys (ConfUtils.java:logGet(46)) - raft.server.rpc.timeout.min = 5s (custom)
2024-05-09 06:25:20,066 [c367b86c-aa24-47f1-8357-097651e72609@group-C0EC2E85FAC7-LeaderElection17] INFO  server.RaftServerConfigKeys (ConfUtils.java:logGet(46)) - raft.server.write.element-limit = 1024 (custom)
2024-05-09 06:25:20,066 [c367b86c-aa24-47f1-8357-097651e72609@group-C0EC2E85FAC7-LeaderElection17] INFO  server.RaftServerConfigKeys (ConfUtils.java:logGet(46)) - raft.server.write.follower.gap.ratio.max = -1.0 (default)
2024-05-09 06:25:20,066 [c367b86c-aa24-47f1-8357-097651e72609@group-C0EC2E85FAC7-LeaderElection17] INFO  impl.RoleInfo (RoleInfo.java:updateAndGet(139)) - c367b86c-aa24-47f1-8357-097651e72609: start c367b86c-aa24-47f1-8357-097651e72609@group-C0EC2E85FAC7-LeaderStateImpl
2024-05-09 06:25:20,066 [c367b86c-aa24-47f1-8357-097651e72609@group-C0EC2E85FAC7-LeaderElection17] INFO  server.RaftServer$Division (RaftServerImpl.java:setFirstElection(574)) - c367b86c-aa24-47f1-8357-097651e72609@group-C0EC2E85FAC7: set firstElectionSinceStartup to false for becomeLeader
2024-05-09 06:25:20,066 [c367b86c-aa24-47f1-8357-097651e72609@group-C0EC2E85FAC7-LeaderElection17] INFO  ratis.XceiverServerRatis (XceiverServerRatis.java:handleLeaderChangedNotification(966)) - Leader change notification received for group: group-C0EC2E85FAC7 with new leaderId: c367b86c-aa24-47f1-8357-097651e72609
2024-05-09 06:25:20,067 [c367b86c-aa24-47f1-8357-097651e72609@group-C0EC2E85FAC7-LeaderElection17] INFO  server.RaftServer$Division (ServerState.java:setLeader(269)) - c367b86c-aa24-47f1-8357-097651e72609@group-C0EC2E85FAC7: change Leader from null to c367b86c-aa24-47f1-8357-097651e72609 at term 1 for becomeLeader, leader elected after 5028ms
2024-05-09 06:25:20,067 [c367b86c-aa24-47f1-8357-097651e72609@group-C0EC2E85FAC7-LeaderElection17] INFO  segmented.SegmentedRaftLogWorker (SegmentedRaftLogWorker.java:startLogSegment(430)) - c367b86c-aa24-47f1-8357-097651e72609@group-C0EC2E85FAC7-SegmentedRaftLogWorker: Starting segment from index:0
2024-05-09 06:25:20,067 [c367b86c-aa24-47f1-8357-097651e72609@group-C0EC2E85FAC7-SegmentedRaftLogWorker] INFO  segmented.BufferedWriteChannel (BufferedWriteChannel.java:open(62)) - open log_inprogress_0 at position 0
2024-05-09 06:25:20,071 [c367b86c-aa24-47f1-8357-097651e72609@group-C0EC2E85FAC7-LeaderElection17] INFO  server.RaftServer$Division (ServerState.java:setRaftConf(386)) - c367b86c-aa24-47f1-8357-097651e72609@group-C0EC2E85FAC7: set configuration 0: peers:[c367b86c-aa24-47f1-8357-097651e72609|127.0.0.1:15094]|listeners:[], old=null
2024-05-09 06:25:20,075 [c367b86c-aa24-47f1-8357-097651e72609@group-C0EC2E85FAC7-SegmentedRaftLogWorker] INFO  segmented.SegmentedRaftLogWorker (SegmentedRaftLogWorker.java:execute(634)) - c367b86c-aa24-47f1-8357-097651e72609@group-C0EC2E85FAC7-SegmentedRaftLogWorker: created new log segment /home/runner/work/ozone/ozone/hadoop-ozone/integration-test/target/test-dir/MiniOzoneClusterImpl-48ce40b1-13f8-460b-b529-5aa00ab75c3e/ozone-meta/datanode-4/ratis/1d525e50-3063-4f38-924e-c0ec2e85fac7/current/log_inprogress_0
2024-05-09 06:25:20,077 [c367b86c-aa24-47f1-8357-097651e72609@group-C0EC2E85FAC7-StateMachineUpdater] INFO  server.RaftServer$Division (LeaderStateImpl.java:isApplied(320)) - leader is ready since appliedIndex == 0 >= startIndex == 0
2024-05-09 06:25:20,078 [5b847746-75e9-42bf-94b1-858a537db9cd@group-A6FAD74B91C2-FollowerState] INFO  server.RaftServerConfigKeys (ConfUtils.java:logFallback(53)) - raft.server.rpc.first-election.timeout.min = 5s (fallback to raft.server.rpc.timeout.min)
2024-05-09 06:25:20,078 [5b847746-75e9-42bf-94b1-858a537db9cd@group-A6FAD74B91C2-FollowerState] INFO  server.RaftServerConfigKeys (ConfUtils.java:logFallback(53)) - raft.server.rpc.first-election.timeout.max = 5200ms (fallback to raft.server.rpc.timeout.max)
2024-05-09 06:25:20,115 [main] INFO  ozone.MiniOzoneClusterImpl (MiniOzoneClusterImpl.java:lambda$waitForClusterToBeReady$0(194)) - Nodes are ready. Got 5 of 5 DN Heartbeats.
2024-05-09 06:25:20,115 [main] INFO  ozone.MiniOzoneClusterImpl (MiniOzoneClusterImpl.java:lambda$waitForClusterToBeReady$0(197)) - Cluster exits safe mode
2024-05-09 06:25:20,115 [main] INFO  ozone.MiniOzoneClusterImpl (MiniOzoneClusterImpl.java:lambda$waitForClusterToBeReady$0(199)) - SCM became leader
2024-05-09 06:25:20,116 [main] INFO  protocolPB.OmTransportFactory (OmTransportFactory.java:createFactory(62)) - Loading OM transport implementation org.apache.hadoop.ozone.om.protocolPB.Hadoop3OmTransportFactory as specified by configuration.
2024-05-09 06:25:20,120 [main] INFO  rpc.RpcClient (RpcClient.java:createVolume(470)) - Creating Volume: testblockoutputstream, with runner as owner and space quota set to -1 bytes, counts quota set to -1
2024-05-09 06:25:20,126 [om1-OMStateMachineApplyTransactionThread - 0] INFO  volume.OMVolumeCreateRequest (OMVolumeCreateRequest.java:validateAndUpdateCache(198)) - created volume:testblockoutputstream for user:runner
2024-05-09 06:25:20,129 [main] INFO  rpc.RpcClient (RpcClient.java:createBucket(696)) - Creating Bucket: testblockoutputstream/testblockoutputstream, with server-side default bucket layout, runner as owner, Versioning false, Storage Type set to DISK and Encryption set to false, Replication Type set to server-side default replication type, Namespace Quota set to -1, Space Quota set to -1 
2024-05-09 06:25:20,133 [om1-OMStateMachineApplyTransactionThread - 0] INFO  bucket.OMBucketCreateRequest (OMBucketCreateRequest.java:validateAndUpdateCache(293)) - created bucket: testblockoutputstream of layout FILE_SYSTEM_OPTIMIZED in volume: testblockoutputstream
2024-05-09 06:25:20,138 [IPC Server handler 0 on default port 15053] INFO  ha.SequenceIdGenerator (SequenceIdGenerator.java:getNextId(145)) - Allocate a batch for containerId, change lastId from 0 to 1000.
2024-05-09 06:25:20,159 [528b4752-3c7b-4991-99e9-89ee621f29a5@group-A6FAD74B91C2-FollowerState] INFO  impl.FollowerState (FollowerState.java:run(143)) - 528b4752-3c7b-4991-99e9-89ee621f29a5@group-A6FAD74B91C2-FollowerState: change to CANDIDATE, lastRpcElapsedTime:5190714199ns, electionTimeout:5189ms
2024-05-09 06:25:20,159 [528b4752-3c7b-4991-99e9-89ee621f29a5@group-A6FAD74B91C2-FollowerState] INFO  impl.RoleInfo (RoleInfo.java:shutdownFollowerState(110)) - 528b4752-3c7b-4991-99e9-89ee621f29a5: shutdown 528b4752-3c7b-4991-99e9-89ee621f29a5@group-A6FAD74B91C2-FollowerState
2024-05-09 06:25:20,159 [528b4752-3c7b-4991-99e9-89ee621f29a5@group-A6FAD74B91C2-FollowerState] INFO  server.RaftServer$Division (RaftServerImpl.java:setRole(383)) - 528b4752-3c7b-4991-99e9-89ee621f29a5@group-A6FAD74B91C2: changes role from  FOLLOWER to CANDIDATE at term 0 for changeToCandidate
2024-05-09 06:25:20,160 [528b4752-3c7b-4991-99e9-89ee621f29a5@group-A6FAD74B91C2-FollowerState] INFO  server.RaftServerConfigKeys (ConfUtils.java:logGet(46)) - raft.server.leaderelection.pre-vote = true (default)
2024-05-09 06:25:20,160 [528b4752-3c7b-4991-99e9-89ee621f29a5@group-A6FAD74B91C2-FollowerState] INFO  impl.RoleInfo (RoleInfo.java:updateAndGet(139)) - 528b4752-3c7b-4991-99e9-89ee621f29a5: start 528b4752-3c7b-4991-99e9-89ee621f29a5@group-A6FAD74B91C2-LeaderElection18
2024-05-09 06:25:20,161 [528b4752-3c7b-4991-99e9-89ee621f29a5@group-A6FAD74B91C2-LeaderElection18] INFO  impl.LeaderElection (LeaderElection.java:askForVotes(321)) - 528b4752-3c7b-4991-99e9-89ee621f29a5@group-A6FAD74B91C2-LeaderElection18 PRE_VOTE round 0: submit vote requests at term 0 for -1: peers:[0b714aca-fc82-484b-9944-7b2ffbc45fbf|127.0.0.1:15067, 528b4752-3c7b-4991-99e9-89ee621f29a5|127.0.0.1:15085, 5b847746-75e9-42bf-94b1-858a537db9cd|127.0.0.1:15076]|listeners:[], old=null
2024-05-09 06:25:20,162 [528b4752-3c7b-4991-99e9-89ee621f29a5@group-A6FAD74B91C2-LeaderElection18] INFO  server.RaftServerConfigKeys (ConfUtils.java:logFallback(53)) - raft.server.rpc.first-election.timeout.min = 5s (fallback to raft.server.rpc.timeout.min)
2024-05-09 06:25:20,162 [528b4752-3c7b-4991-99e9-89ee621f29a5@group-A6FAD74B91C2-LeaderElection18] INFO  server.RaftServerConfigKeys (ConfUtils.java:logFallback(53)) - raft.server.rpc.first-election.timeout.max = 5200ms (fallback to raft.server.rpc.timeout.max)
2024-05-09 06:25:20,162 [528b4752-3c7b-4991-99e9-89ee621f29a5@group-A6FAD74B91C2-LeaderElection18-2] INFO  server.GrpcServerProtocolClient (GrpcServerProtocolClient.java:<init>(65)) - Build channel for 5b847746-75e9-42bf-94b1-858a537db9cd|127.0.0.1:15076
2024-05-09 06:25:20,162 [528b4752-3c7b-4991-99e9-89ee621f29a5@group-A6FAD74B91C2-LeaderElection18-1] INFO  server.GrpcServerProtocolClient (GrpcServerProtocolClient.java:<init>(65)) - Build channel for 0b714aca-fc82-484b-9944-7b2ffbc45fbf|127.0.0.1:15067
2024-05-09 06:25:20,183 [0b714aca-fc82-484b-9944-7b2ffbc45fbf-ChunkWriter-3-0] WARN  helpers.ChunkUtils (ChunkUtils.java:validateChunkForOverwrite(317)) - Duplicate write chunk request. Chunk overwrite without explicit request. ChunkInfo{chunkName='112409701262360579.data.0, offset=0, len=1048576}
2024-05-09 06:25:20,189 [grpc-default-executor-5] INFO  server.RaftServer$Division (RaftServerImpl.java:requestVote(1389)) - 0b714aca-fc82-484b-9944-7b2ffbc45fbf@group-A6FAD74B91C2: receive requestVote(PRE_VOTE, 528b4752-3c7b-4991-99e9-89ee621f29a5, group-A6FAD74B91C2, 0, (t:0, i:0))
2024-05-09 06:25:20,189 [grpc-default-executor-5] INFO  impl.VoteContext (VoteContext.java:log(49)) - 0b714aca-fc82-484b-9944-7b2ffbc45fbf@group-A6FAD74B91C2-FOLLOWER: accept PRE_VOTE from 528b4752-3c7b-4991-99e9-89ee621f29a5: our priority 0 <= candidate's priority 1
2024-05-09 06:25:20,189 [grpc-default-executor-5] INFO  server.RaftServer$Division (RaftServerImpl.java:requestVote(1422)) - 0b714aca-fc82-484b-9944-7b2ffbc45fbf@group-A6FAD74B91C2 replies to PRE_VOTE vote request: 528b4752-3c7b-4991-99e9-89ee621f29a5<-0b714aca-fc82-484b-9944-7b2ffbc45fbf#0:OK-t0. Peer's state: 0b714aca-fc82-484b-9944-7b2ffbc45fbf@group-A6FAD74B91C2:t0, leader=null, voted=, raftlog=Memoized:0b714aca-fc82-484b-9944-7b2ffbc45fbf@group-A6FAD74B91C2-SegmentedRaftLog:OPENED:c-1, conf=-1: peers:[0b714aca-fc82-484b-9944-7b2ffbc45fbf|127.0.0.1:15067, 528b4752-3c7b-4991-99e9-89ee621f29a5|127.0.0.1:15085, 5b847746-75e9-42bf-94b1-858a537db9cd|127.0.0.1:15076]|listeners:[], old=null
2024-05-09 06:25:20,194 [528b4752-3c7b-4991-99e9-89ee621f29a5@group-A6FAD74B91C2-LeaderElection18] INFO  impl.LeaderElection (LeaderElection.java:logAndReturn(89)) - 528b4752-3c7b-4991-99e9-89ee621f29a5@group-A6FAD74B91C2-LeaderElection18: PRE_VOTE PASSED received 1 response(s) and 0 exception(s):
2024-05-09 06:25:20,194 [528b4752-3c7b-4991-99e9-89ee621f29a5@group-A6FAD74B91C2-LeaderElection18] INFO  impl.LeaderElection (LeaderElection.java:logAndReturn(93)) -   Response 0: 528b4752-3c7b-4991-99e9-89ee621f29a5<-0b714aca-fc82-484b-9944-7b2ffbc45fbf#0:OK-t0
2024-05-09 06:25:20,194 [528b4752-3c7b-4991-99e9-89ee621f29a5@group-A6FAD74B91C2-LeaderElection18] INFO  impl.LeaderElection (LeaderElection.java:askForVotes(323)) - 528b4752-3c7b-4991-99e9-89ee621f29a5@group-A6FAD74B91C2-LeaderElection18 PRE_VOTE round 0: result PASSED
2024-05-09 06:25:20,196 [528b4752-3c7b-4991-99e9-89ee621f29a5@group-A6FAD74B91C2-LeaderElection18] INFO  impl.LeaderElection (LeaderElection.java:askForVotes(321)) - 528b4752-3c7b-4991-99e9-89ee621f29a5@group-A6FAD74B91C2-LeaderElection18 ELECTION round 0: submit vote requests at term 1 for -1: peers:[0b714aca-fc82-484b-9944-7b2ffbc45fbf|127.0.0.1:15067, 528b4752-3c7b-4991-99e9-89ee621f29a5|127.0.0.1:15085, 5b847746-75e9-42bf-94b1-858a537db9cd|127.0.0.1:15076]|listeners:[], old=null
2024-05-09 06:25:20,200 [528b4752-3c7b-4991-99e9-89ee621f29a5-ChunkWriter-3-0] WARN  helpers.ChunkUtils (ChunkUtils.java:validateChunkForOverwrite(317)) - Duplicate write chunk request. Chunk overwrite without explicit request. ChunkInfo{chunkName='112409701262360579.data.0, offset=0, len=1048576}
2024-05-09 06:25:20,206 [grpc-default-executor-3] INFO  server.RaftServer$Division (RaftServerImpl.java:requestVote(1389)) - 5b847746-75e9-42bf-94b1-858a537db9cd@group-A6FAD74B91C2: receive requestVote(PRE_VOTE, 528b4752-3c7b-4991-99e9-89ee621f29a5, group-A6FAD74B91C2, 0, (t:0, i:0))
2024-05-09 06:25:20,206 [grpc-default-executor-3] INFO  impl.VoteContext (VoteContext.java:log(49)) - 5b847746-75e9-42bf-94b1-858a537db9cd@group-A6FAD74B91C2-FOLLOWER: accept PRE_VOTE from 528b4752-3c7b-4991-99e9-89ee621f29a5: our priority 0 <= candidate's priority 1
2024-05-09 06:25:20,207 [grpc-default-executor-3] INFO  server.RaftServer$Division (RaftServerImpl.java:requestVote(1422)) - 5b847746-75e9-42bf-94b1-858a537db9cd@group-A6FAD74B91C2 replies to PRE_VOTE vote request: 528b4752-3c7b-4991-99e9-89ee621f29a5<-5b847746-75e9-42bf-94b1-858a537db9cd#0:OK-t0. Peer's state: 5b847746-75e9-42bf-94b1-858a537db9cd@group-A6FAD74B91C2:t0, leader=null, voted=, raftlog=Memoized:5b847746-75e9-42bf-94b1-858a537db9cd@group-A6FAD74B91C2-SegmentedRaftLog:OPENED:c-1, conf=-1: peers:[0b714aca-fc82-484b-9944-7b2ffbc45fbf|127.0.0.1:15067, 528b4752-3c7b-4991-99e9-89ee621f29a5|127.0.0.1:15085, 5b847746-75e9-42bf-94b1-858a537db9cd|127.0.0.1:15076]|listeners:[], old=null
2024-05-09 06:25:20,211 [5b847746-75e9-42bf-94b1-858a537db9cd-ChunkWriter-3-0] WARN  helpers.ChunkUtils (ChunkUtils.java:validateChunkForOverwrite(317)) - Duplicate write chunk request. Chunk overwrite without explicit request. ChunkInfo{chunkName='112409701262360579.data.0, offset=0, len=1048576}
2024-05-09 06:25:20,216 [528b4752-3c7b-4991-99e9-89ee621f29a5@group-A6FAD74B91C2-LeaderElection18] INFO  server.RaftServerConfigKeys (ConfUtils.java:logFallback(53)) - raft.server.rpc.first-election.timeout.min = 5s (fallback to raft.server.rpc.timeout.min)
2024-05-09 06:25:20,216 [528b4752-3c7b-4991-99e9-89ee621f29a5@group-A6FAD74B91C2-LeaderElection18] INFO  server.RaftServerConfigKeys (ConfUtils.java:logFallback(53)) - raft.server.rpc.first-election.timeout.max = 5200ms (fallback to raft.server.rpc.timeout.max)
2024-05-09 06:25:20,217 [grpc-default-executor-5] INFO  server.RaftServer$Division (RaftServerImpl.java:requestVote(1389)) - 5b847746-75e9-42bf-94b1-858a537db9cd@group-A6FAD74B91C2: receive requestVote(ELECTION, 528b4752-3c7b-4991-99e9-89ee621f29a5, group-A6FAD74B91C2, 1, (t:0, i:0))
2024-05-09 06:25:20,217 [grpc-default-executor-5] INFO  impl.VoteContext (VoteContext.java:log(49)) - 5b847746-75e9-42bf-94b1-858a537db9cd@group-A6FAD74B91C2-FOLLOWER: accept ELECTION from 528b4752-3c7b-4991-99e9-89ee621f29a5: our priority 0 <= candidate's priority 1
2024-05-09 06:25:20,218 [grpc-default-executor-5] INFO  server.RaftServer$Division (RaftServerImpl.java:setRole(383)) - 5b847746-75e9-42bf-94b1-858a537db9cd@group-A6FAD74B91C2: changes role from  FOLLOWER to FOLLOWER at term 1 for candidate:528b4752-3c7b-4991-99e9-89ee621f29a5
2024-05-09 06:25:20,218 [grpc-default-executor-5] INFO  impl.RoleInfo (RoleInfo.java:shutdownFollowerState(110)) - 5b847746-75e9-42bf-94b1-858a537db9cd: shutdown 5b847746-75e9-42bf-94b1-858a537db9cd@group-A6FAD74B91C2-FollowerState
2024-05-09 06:25:20,218 [grpc-default-executor-5] INFO  impl.RoleInfo (RoleInfo.java:updateAndGet(139)) - 5b847746-75e9-42bf-94b1-858a537db9cd: start 5b847746-75e9-42bf-94b1-858a537db9cd@group-A6FAD74B91C2-FollowerState
2024-05-09 06:25:20,218 [5b847746-75e9-42bf-94b1-858a537db9cd@group-A6FAD74B91C2-FollowerState] INFO  impl.FollowerState (FollowerState.java:run(152)) - 5b847746-75e9-42bf-94b1-858a537db9cd@group-A6FAD74B91C2-FollowerState was interrupted
2024-05-09 06:25:20,219 [grpc-default-executor-3] INFO  server.RaftServer$Division (RaftServerImpl.java:requestVote(1389)) - 0b714aca-fc82-484b-9944-7b2ffbc45fbf@group-A6FAD74B91C2: receive requestVote(ELECTION, 528b4752-3c7b-4991-99e9-89ee621f29a5, group-A6FAD74B91C2, 1, (t:0, i:0))
2024-05-09 06:25:20,219 [grpc-default-executor-3] INFO  impl.VoteContext (VoteContext.java:log(49)) - 0b714aca-fc82-484b-9944-7b2ffbc45fbf@group-A6FAD74B91C2-FOLLOWER: accept ELECTION from 528b4752-3c7b-4991-99e9-89ee621f29a5: our priority 0 <= candidate's priority 1
2024-05-09 06:25:20,219 [grpc-default-executor-3] INFO  server.RaftServer$Division (RaftServerImpl.java:setRole(383)) - 0b714aca-fc82-484b-9944-7b2ffbc45fbf@group-A6FAD74B91C2: changes role from  FOLLOWER to FOLLOWER at term 1 for candidate:528b4752-3c7b-4991-99e9-89ee621f29a5
2024-05-09 06:25:20,219 [grpc-default-executor-3] INFO  impl.RoleInfo (RoleInfo.java:shutdownFollowerState(110)) - 0b714aca-fc82-484b-9944-7b2ffbc45fbf: shutdown 0b714aca-fc82-484b-9944-7b2ffbc45fbf@group-A6FAD74B91C2-FollowerState
2024-05-09 06:25:20,219 [grpc-default-executor-3] INFO  impl.RoleInfo (RoleInfo.java:updateAndGet(139)) - 0b714aca-fc82-484b-9944-7b2ffbc45fbf: start 0b714aca-fc82-484b-9944-7b2ffbc45fbf@group-A6FAD74B91C2-FollowerState
2024-05-09 06:25:20,219 [0b714aca-fc82-484b-9944-7b2ffbc45fbf@group-A6FAD74B91C2-FollowerState] INFO  impl.FollowerState (FollowerState.java:run(152)) - 0b714aca-fc82-484b-9944-7b2ffbc45fbf@group-A6FAD74B91C2-FollowerState was interrupted
2024-05-09 06:25:20,228 [grpc-default-executor-5] INFO  server.RaftServer$Division (RaftServerImpl.java:setFirstElection(574)) - 5b847746-75e9-42bf-94b1-858a537db9cd@group-A6FAD74B91C2: set firstElectionSinceStartup to false for candidate:528b4752-3c7b-4991-99e9-89ee621f29a5
2024-05-09 06:25:20,230 [grpc-default-executor-5] INFO  server.RaftServer$Division (RaftServerImpl.java:requestVote(1422)) - 5b847746-75e9-42bf-94b1-858a537db9cd@group-A6FAD74B91C2 replies to ELECTION vote request: 528b4752-3c7b-4991-99e9-89ee621f29a5<-5b847746-75e9-42bf-94b1-858a537db9cd#0:OK-t1. Peer's state: 5b847746-75e9-42bf-94b1-858a537db9cd@group-A6FAD74B91C2:t1, leader=null, voted=528b4752-3c7b-4991-99e9-89ee621f29a5, raftlog=Memoized:5b847746-75e9-42bf-94b1-858a537db9cd@group-A6FAD74B91C2-SegmentedRaftLog:OPENED:c-1, conf=-1: peers:[0b714aca-fc82-484b-9944-7b2ffbc45fbf|127.0.0.1:15067, 528b4752-3c7b-4991-99e9-89ee621f29a5|127.0.0.1:15085, 5b847746-75e9-42bf-94b1-858a537db9cd|127.0.0.1:15076]|listeners:[], old=null
2024-05-09 06:25:20,231 [grpc-default-executor-3] INFO  server.RaftServer$Division (RaftServerImpl.java:requestVote(1422)) - 0b714aca-fc82-484b-9944-7b2ffbc45fbf@group-A6FAD74B91C2 replies to ELECTION vote request: 528b4752-3c7b-4991-99e9-89ee621f29a5<-0b714aca-fc82-484b-9944-7b2ffbc45fbf#0:OK-t1. Peer's state: 0b714aca-fc82-484b-9944-7b2ffbc45fbf@group-A6FAD74B91C2:t1, leader=null, voted=528b4752-3c7b-4991-99e9-89ee621f29a5, raftlog=Memoized:0b714aca-fc82-484b-9944-7b2ffbc45fbf@group-A6FAD74B91C2-SegmentedRaftLog:OPENED:c-1, conf=-1: peers:[0b714aca-fc82-484b-9944-7b2ffbc45fbf|127.0.0.1:15067, 528b4752-3c7b-4991-99e9-89ee621f29a5|127.0.0.1:15085, 5b847746-75e9-42bf-94b1-858a537db9cd|127.0.0.1:15076]|listeners:[], old=null
2024-05-09 06:25:20,234 [528b4752-3c7b-4991-99e9-89ee621f29a5@group-A6FAD74B91C2-LeaderElection18] INFO  impl.LeaderElection (LeaderElection.java:logAndReturn(89)) - 528b4752-3c7b-4991-99e9-89ee621f29a5@group-A6FAD74B91C2-LeaderElection18: ELECTION PASSED received 1 response(s) and 0 exception(s):
2024-05-09 06:25:20,234 [528b4752-3c7b-4991-99e9-89ee621f29a5@group-A6FAD74B91C2-LeaderElection18] INFO  impl.LeaderElection (LeaderElection.java:logAndReturn(93)) -   Response 0: 528b4752-3c7b-4991-99e9-89ee621f29a5<-0b714aca-fc82-484b-9944-7b2ffbc45fbf#0:OK-t1
2024-05-09 06:25:20,234 [528b4752-3c7b-4991-99e9-89ee621f29a5@group-A6FAD74B91C2-LeaderElection18] INFO  impl.LeaderElection (LeaderElection.java:askForVotes(323)) - 528b4752-3c7b-4991-99e9-89ee621f29a5@group-A6FAD74B91C2-LeaderElection18 ELECTION round 0: result PASSED
2024-05-09 06:25:20,235 [528b4752-3c7b-4991-99e9-89ee621f29a5@group-A6FAD74B91C2-LeaderElection18] INFO  impl.RoleInfo (RoleInfo.java:shutdownLeaderElection(130)) - 528b4752-3c7b-4991-99e9-89ee621f29a5: shutdown 528b4752-3c7b-4991-99e9-89ee621f29a5@group-A6FAD74B91C2-LeaderElection18
2024-05-09 06:25:20,235 [528b4752-3c7b-4991-99e9-89ee621f29a5@group-A6FAD74B91C2-LeaderElection18] INFO  server.RaftServer$Division (RaftServerImpl.java:setRole(383)) - 528b4752-3c7b-4991-99e9-89ee621f29a5@group-A6FAD74B91C2: changes role from CANDIDATE to LEADER at term 1 for changeToLeader
2024-05-09 06:25:20,235 [528b4752-3c7b-4991-99e9-89ee621f29a5@group-A6FAD74B91C2-LeaderElection18] INFO  server.RaftServerConfigKeys (ConfUtils.java:logGet(46)) - raft.server.staging.catchup.gap = 1000 (default)
2024-05-09 06:25:20,235 [528b4752-3c7b-4991-99e9-89ee621f29a5@group-A6FAD74B91C2-LeaderElection18] INFO  server.RaftServerConfigKeys (ConfUtils.java:logGet(46)) - raft.server.write.element-limit = 1024 (custom)
2024-05-09 06:25:20,235 [528b4752-3c7b-4991-99e9-89ee621f29a5@group-A6FAD74B91C2-LeaderElection18] INFO  server.RaftServerConfigKeys (ConfUtils.java:logGet(46)) - raft.server.write.byte-limit = 1024 M (=1073741824) (custom)
2024-05-09 06:25:20,235 [528b4752-3c7b-4991-99e9-89ee621f29a5@group-A6FAD74B91C2-LeaderElection18] INFO  server.RaftServerConfigKeys (ConfUtils.java:logGet(46)) - raft.server.watch.timeout = 3000ms (custom)
2024-05-09 06:25:20,235 [528b4752-3c7b-4991-99e9-89ee621f29a5@group-A6FAD74B91C2-LeaderElection18] INFO  server.RaftServerConfigKeys (ConfUtils.java:logGet(46)) - raft.server.watch.timeout.denomination = 1s (default)
2024-05-09 06:25:20,235 [528b4752-3c7b-4991-99e9-89ee621f29a5@group-A6FAD74B91C2-LeaderElection18] INFO  server.RaftServerConfigKeys (ConfUtils.java:logGet(46)) - raft.server.watch.element-limit = 65536 (default)
2024-05-09 06:25:20,235 [528b4752-3c7b-4991-99e9-89ee621f29a5@group-A6FAD74B91C2-LeaderElection18] INFO  server.RaftServerConfigKeys (ConfUtils.java:logGet(46)) - raft.server.read.leader.lease.enabled = false (default)
2024-05-09 06:25:20,236 [528b4752-3c7b-4991-99e9-89ee621f29a5@group-A6FAD74B91C2-LeaderElection18] INFO  server.RaftServerConfigKeys (ConfUtils.java:logGet(46)) - raft.server.read.leader.lease.timeout.ratio = 0.9 (default)
2024-05-09 06:25:20,236 [528b4752-3c7b-4991-99e9-89ee621f29a5@group-A6FAD74B91C2-LeaderElection18] INFO  server.RaftServerConfigKeys (ConfUtils.java:logGet(46)) - raft.server.rpc.timeout.min = 5s (custom)
2024-05-09 06:25:20,236 [528b4752-3c7b-4991-99e9-89ee621f29a5@group-A6FAD74B91C2-LeaderElection18] INFO  server.RaftServerConfigKeys (ConfUtils.java:logGet(46)) - raft.server.write.element-limit = 1024 (custom)
2024-05-09 06:25:20,236 [528b4752-3c7b-4991-99e9-89ee621f29a5@group-A6FAD74B91C2-LeaderElection18] INFO  server.RaftServerConfigKeys (ConfUtils.java:logGet(46)) - raft.server.write.follower.gap.ratio.max = -1.0 (default)
2024-05-09 06:25:20,236 [528b4752-3c7b-4991-99e9-89ee621f29a5@group-A6FAD74B91C2-LeaderElection18] INFO  server.RaftServerConfigKeys (ConfUtils.java:logGet(46)) - raft.server.log.appender.snapshot.chunk.size.max = 16MB (=16777216) (default)
2024-05-09 06:25:20,236 [528b4752-3c7b-4991-99e9-89ee621f29a5@group-A6FAD74B91C2-LeaderElection18] INFO  server.RaftServerConfigKeys (ConfUtils.java:logGet(46)) - raft.server.log.appender.buffer.byte-limit = 8388608 (custom)
2024-05-09 06:25:20,236 [528b4752-3c7b-4991-99e9-89ee621f29a5@group-A6FAD74B91C2-LeaderElection18] INFO  server.RaftServerConfigKeys (ConfUtils.java:logGet(46)) - raft.server.log.appender.buffer.element-limit = 1 (custom)
2024-05-09 06:25:20,236 [528b4752-3c7b-4991-99e9-89ee621f29a5@group-A6FAD74B91C2-LeaderElection18] INFO  server.RaftServerConfigKeys (ConfUtils.java:logGet(46)) - raft.server.log.appender.wait-time.min = 0ms (custom)
2024-05-09 06:25:20,236 [528b4752-3c7b-4991-99e9-89ee621f29a5@group-A6FAD74B91C2-LeaderElection18] INFO  grpc.GrpcConfigKeys (ConfUtils.java:logGet(46)) - raft.grpc.server.leader.outstanding.appends.max = 8 (default)
2024-05-09 06:25:20,236 [528b4752-3c7b-4991-99e9-89ee621f29a5@group-A6FAD74B91C2-LeaderElection18] INFO  server.RaftServerConfigKeys (ConfUtils.java:logGet(46)) - raft.server.rpc.request.timeout = 3000ms (default)
2024-05-09 06:25:20,236 [528b4752-3c7b-4991-99e9-89ee621f29a5@group-A6FAD74B91C2-LeaderElection18] INFO  grpc.GrpcConfigKeys (ConfUtils.java:logGet(46)) - raft.grpc.server.install_snapshot.request.element-limit = 8 (default)
2024-05-09 06:25:20,237 [528b4752-3c7b-4991-99e9-89ee621f29a5@group-A6FAD74B91C2-LeaderElection18] INFO  grpc.GrpcConfigKeys (ConfUtils.java:logGet(46)) - raft.grpc.server.install_snapshot.request.timeout = 3000ms (default)
2024-05-09 06:25:20,237 [528b4752-3c7b-4991-99e9-89ee621f29a5@group-A6FAD74B91C2-LeaderElection18] INFO  grpc.GrpcConfigKeys (ConfUtils.java:logGet(46)) - raft.grpc.server.log-message.batch.duration = 5s (default)
2024-05-09 06:25:20,237 [528b4752-3c7b-4991-99e9-89ee621f29a5@group-A6FAD74B91C2-LeaderElection18] INFO  server.RaftServerConfigKeys (ConfUtils.java:logGet(46)) - raft.server.log.appender.install.snapshot.enabled = false (custom)
2024-05-09 06:25:20,237 [528b4752-3c7b-4991-99e9-89ee621f29a5@group-A6FAD74B91C2-LeaderElection18] INFO  grpc.GrpcConfigKeys (ConfUtils.java:logGet(46)) - raft.grpc.server.heartbeat.channel = true (default)
2024-05-09 06:25:20,237 [528b4752-3c7b-4991-99e9-89ee621f29a5@group-A6FAD74B91C2-LeaderElection18] INFO  server.RaftServerConfigKeys (ConfUtils.java:logGet(46)) - raft.server.log.appender.snapshot.chunk.size.max = 16MB (=16777216) (default)
2024-05-09 06:25:20,237 [528b4752-3c7b-4991-99e9-89ee621f29a5@group-A6FAD74B91C2-LeaderElection18] INFO  server.RaftServerConfigKeys (ConfUtils.java:logGet(46)) - raft.server.log.appender.buffer.byte-limit = 8388608 (custom)
2024-05-09 06:25:20,238 [528b4752-3c7b-4991-99e9-89ee621f29a5@group-A6FAD74B91C2-LeaderElection18] INFO  server.RaftServerConfigKeys (ConfUtils.java:logGet(46)) - raft.server.log.appender.buffer.element-limit = 1 (custom)
2024-05-09 06:25:20,240 [528b4752-3c7b-4991-99e9-89ee621f29a5@group-A6FAD74B91C2-LeaderElection18] INFO  server.RaftServerConfigKeys (ConfUtils.java:logGet(46)) - raft.server.log.appender.wait-time.min = 0ms (custom)
2024-05-09 06:25:20,240 [528b4752-3c7b-4991-99e9-89ee621f29a5@group-A6FAD74B91C2-LeaderElection18] INFO  grpc.GrpcConfigKeys (ConfUtils.java:logGet(46)) - raft.grpc.server.leader.outstanding.appends.max = 8 (default)
2024-05-09 06:25:20,240 [528b4752-3c7b-4991-99e9-89ee621f29a5@group-A6FAD74B91C2-LeaderElection18] INFO  server.RaftServerConfigKeys (ConfUtils.java:logGet(46)) - raft.server.rpc.request.timeout = 3000ms (default)
2024-05-09 06:25:20,241 [528b4752-3c7b-4991-99e9-89ee621f29a5@group-A6FAD74B91C2-LeaderElection18] INFO  grpc.GrpcConfigKeys (ConfUtils.java:logGet(46)) - raft.grpc.server.install_snapshot.request.element-limit = 8 (default)
2024-05-09 06:25:20,241 [528b4752-3c7b-4991-99e9-89ee621f29a5@group-A6FAD74B91C2-LeaderElection18] INFO  grpc.GrpcConfigKeys (ConfUtils.java:logGet(46)) - raft.grpc.server.install_snapshot.request.timeout = 3000ms (default)
2024-05-09 06:25:20,242 [528b4752-3c7b-4991-99e9-89ee621f29a5@group-A6FAD74B91C2-LeaderElection18] INFO  grpc.GrpcConfigKeys (ConfUtils.java:logGet(46)) - raft.grpc.server.log-message.batch.duration = 5s (default)
2024-05-09 06:25:20,242 [528b4752-3c7b-4991-99e9-89ee621f29a5@group-A6FAD74B91C2-LeaderElection18] INFO  server.RaftServerConfigKeys (ConfUtils.java:logGet(46)) - raft.server.log.appender.install.snapshot.enabled = false (custom)
2024-05-09 06:25:20,243 [main] INFO  ozoneimpl.OzoneContainer (OzoneContainer.java:stop(481)) - Attempting to stop container services.
2024-05-09 06:25:20,243 [ContainerMetadataScanner] WARN  ozoneimpl.AbstractBackgroundContainerScanner (AbstractBackgroundContainerScanner.java:handleRemainingSleep(134)) - Background container scan was interrupted.
2024-05-09 06:25:20,244 [ContainerMetadataScanner] INFO  ozoneimpl.AbstractBackgroundContainerScanner (AbstractBackgroundContainerScanner.java:run(61)) - Thread[ContainerMetadataScanner,5,main] exiting.
2024-05-09 06:25:20,244 [main] INFO  ozoneimpl.BackgroundContainerDataScanner (BackgroundContainerDataScanner.java:shutdown(141)) - ContainerDataScanner(/home/runner/work/ozone/ozone/hadoop-ozone/integration-test/target/test-dir/MiniOzoneClusterImpl-48ce40b1-13f8-460b-b529-5aa00ab75c3e/ozone-meta/datanode-3/data-0/hdds) is shutting down. 
2024-05-09 06:25:20,244 [ContainerDataScanner(/home/runner/work/ozone/ozone/hadoop-ozone/integration-test/target/test-dir/MiniOzoneClusterImpl-48ce40b1-13f8-460b-b529-5aa00ab75c3e/ozone-meta/datanode-3/data-0/hdds)] WARN  ozoneimpl.AbstractBackgroundContainerScanner (AbstractBackgroundContainerScanner.java:handleRemainingSleep(134)) - Background container scan was interrupted.
2024-05-09 06:25:20,244 [ContainerDataScanner(/home/runner/work/ozone/ozone/hadoop-ozone/integration-test/target/test-dir/MiniOzoneClusterImpl-48ce40b1-13f8-460b-b529-5aa00ab75c3e/ozone-meta/datanode-3/data-0/hdds)] INFO  ozoneimpl.AbstractBackgroundContainerScanner (AbstractBackgroundContainerScanner.java:run(61)) - ContainerDataScanner(/home/runner/work/ozone/ozone/hadoop-ozone/integration-test/target/test-dir/MiniOzoneClusterImpl-48ce40b1-13f8-460b-b529-5aa00ab75c3e/ozone-meta/datanode-3/data-0/hdds, DS-9c03c6f0-d6fd-4550-b072-553765e3ec7b) exiting.
2024-05-09 06:25:20,243 [528b4752-3c7b-4991-99e9-89ee621f29a5@group-A6FAD74B91C2-LeaderElection18] INFO  grpc.GrpcConfigKeys (ConfUtils.java:logGet(46)) - raft.grpc.server.heartbeat.channel = true (default)
2024-05-09 06:25:20,244 [main] INFO  ozoneimpl.OnDemandContainerDataScanner (OnDemandContainerDataScanner.java:shutdownScanner(206)) - On-demand container scanner is shutting down.
2024-05-09 06:25:20,245 [528b4752-3c7b-4991-99e9-89ee621f29a5@group-A6FAD74B91C2-LeaderElection18] INFO  impl.RoleInfo (RoleInfo.java:updateAndGet(139)) - 528b4752-3c7b-4991-99e9-89ee621f29a5: start 528b4752-3c7b-4991-99e9-89ee621f29a5@group-A6FAD74B91C2-LeaderStateImpl
2024-05-09 06:25:20,245 [528b4752-3c7b-4991-99e9-89ee621f29a5@group-A6FAD74B91C2-LeaderElection18] INFO  server.RaftServer$Division (RaftServerImpl.java:setFirstElection(574)) - 528b4752-3c7b-4991-99e9-89ee621f29a5@group-A6FAD74B91C2: set firstElectionSinceStartup to false for becomeLeader
2024-05-09 06:25:20,245 [528b4752-3c7b-4991-99e9-89ee621f29a5@group-A6FAD74B91C2-LeaderElection18] INFO  ratis.XceiverServerRatis (XceiverServerRatis.java:handleLeaderChangedNotification(966)) - Leader change notification received for group: group-A6FAD74B91C2 with new leaderId: 528b4752-3c7b-4991-99e9-89ee621f29a5
2024-05-09 06:25:20,245 [528b4752-3c7b-4991-99e9-89ee621f29a5@group-A6FAD74B91C2-LeaderElection18] INFO  server.RaftServer$Division (ServerState.java:setLeader(269)) - 528b4752-3c7b-4991-99e9-89ee621f29a5@group-A6FAD74B91C2: change Leader from null to 528b4752-3c7b-4991-99e9-89ee621f29a5 at term 1 for becomeLeader, leader elected after 5292ms
2024-05-09 06:25:20,245 [main] INFO  server.RaftServer (RaftServerProxy.java:lambda$close$9(416)) - 528b4752-3c7b-4991-99e9-89ee621f29a5: close
2024-05-09 06:25:20,245 [528b4752-3c7b-4991-99e9-89ee621f29a5@group-A6FAD74B91C2-LeaderElection18] INFO  segmented.SegmentedRaftLogWorker (SegmentedRaftLogWorker.java:startLogSegment(430)) - 528b4752-3c7b-4991-99e9-89ee621f29a5@group-A6FAD74B91C2-SegmentedRaftLogWorker: Starting segment from index:0
2024-05-09 06:25:20,245 [528b4752-3c7b-4991-99e9-89ee621f29a5-impl-thread1] INFO  server.RaftServer$Division (RaftServerImpl.java:lambda$close$3(526)) - 528b4752-3c7b-4991-99e9-89ee621f29a5@group-A6FAD74B91C2: shutdown
2024-05-09 06:25:20,246 [528b4752-3c7b-4991-99e9-89ee621f29a5-impl-thread1] INFO  util.JmxRegister (JmxRegister.java:unregister(73)) - Successfully un-registered JMX Bean with object name Ratis:service=RaftServer,group=group-A6FAD74B91C2,id=528b4752-3c7b-4991-99e9-89ee621f29a5
2024-05-09 06:25:20,246 [528b4752-3c7b-4991-99e9-89ee621f29a5-impl-thread1] INFO  impl.RoleInfo (RoleInfo.java:shutdownLeaderState(94)) - 528b4752-3c7b-4991-99e9-89ee621f29a5: shutdown 528b4752-3c7b-4991-99e9-89ee621f29a5@group-A6FAD74B91C2-LeaderStateImpl
2024-05-09 06:25:20,246 [528b4752-3c7b-4991-99e9-89ee621f29a5-impl-thread1] INFO  impl.PendingRequests (PendingRequests.java:sendNotLeaderResponses(289)) - 528b4752-3c7b-4991-99e9-89ee621f29a5@group-A6FAD74B91C2-PendingRequests: sendNotLeaderResponses
2024-05-09 06:25:20,246 [528b4752-3c7b-4991-99e9-89ee621f29a5@group-A6FAD74B91C2-SegmentedRaftLogWorker] INFO  segmented.BufferedWriteChannel (BufferedWriteChannel.java:open(62)) - open log_inprogress_0 at position 0
2024-05-09 06:25:20,248 [528b4752-3c7b-4991-99e9-89ee621f29a5-impl-thread2] INFO  server.RaftServer$Division (RaftServerImpl.java:lambda$close$3(526)) - 528b4752-3c7b-4991-99e9-89ee621f29a5@group-E1C253161B1E: shutdown
2024-05-09 06:25:20,249 [main] INFO  server.GrpcService (GrpcService.java:closeImpl(311)) - 528b4752-3c7b-4991-99e9-89ee621f29a5: shutdown server org.apache.ratis.grpc.server.GrpcClientProtocolService now
2024-05-09 06:25:20,249 [528b4752-3c7b-4991-99e9-89ee621f29a5-impl-thread2] INFO  util.JmxRegister (JmxRegister.java:unregister(73)) - Successfully un-registered JMX Bean with object name Ratis:service=RaftServer,group=group-E1C253161B1E,id=528b4752-3c7b-4991-99e9-89ee621f29a5
2024-05-09 06:25:20,249 [528b4752-3c7b-4991-99e9-89ee621f29a5-impl-thread2] INFO  impl.RoleInfo (RoleInfo.java:shutdownLeaderState(94)) - 528b4752-3c7b-4991-99e9-89ee621f29a5: shutdown 528b4752-3c7b-4991-99e9-89ee621f29a5@group-E1C253161B1E-LeaderStateImpl
2024-05-09 06:25:20,249 [528b4752-3c7b-4991-99e9-89ee621f29a5-impl-thread2] INFO  impl.PendingRequests (PendingRequests.java:sendNotLeaderResponses(289)) - 528b4752-3c7b-4991-99e9-89ee621f29a5@group-E1C253161B1E-PendingRequests: sendNotLeaderResponses
2024-05-09 06:25:20,249 [528b4752-3c7b-4991-99e9-89ee621f29a5-impl-thread3] INFO  server.RaftServer$Division (RaftServerImpl.java:lambda$close$3(526)) - 528b4752-3c7b-4991-99e9-89ee621f29a5@group-711D46114548: shutdown
2024-05-09 06:25:20,249 [528b4752-3c7b-4991-99e9-89ee621f29a5-impl-thread3] INFO  util.JmxRegister (JmxRegister.java:unregister(73)) - Successfully un-registered JMX Bean with object name Ratis:service=RaftServer,group=group-711D46114548,id=528b4752-3c7b-4991-99e9-89ee621f29a5
2024-05-09 06:25:20,249 [528b4752-3c7b-4991-99e9-89ee621f29a5-impl-thread3] INFO  impl.RoleInfo (RoleInfo.java:shutdownFollowerState(110)) - 528b4752-3c7b-4991-99e9-89ee621f29a5: shutdown 528b4752-3c7b-4991-99e9-89ee621f29a5@group-711D46114548-FollowerState
2024-05-09 06:25:20,249 [528b4752-3c7b-4991-99e9-89ee621f29a5@group-711D46114548-FollowerState] INFO  impl.FollowerState (FollowerState.java:run(152)) - 528b4752-3c7b-4991-99e9-89ee621f29a5@group-711D46114548-FollowerState was interrupted
2024-05-09 06:25:20,249 [528b4752-3c7b-4991-99e9-89ee621f29a5@group-711D46114548-StateMachineUpdater] INFO  ratis.ContainerStateMachine (ContainerStateMachine.java:takeSnapshot(355)) - group-711D46114548: Taking a snapshot at:(t:1, i:4) file /home/runner/work/ozone/ozone/hadoop-ozone/integration-test/target/test-dir/MiniOzoneClusterImpl-48ce40b1-13f8-460b-b529-5aa00ab75c3e/ozone-meta/datanode-3/ratis/876e6361-94bf-493c-a223-711d46114548/sm/snapshot.1_4
2024-05-09 06:25:20,249 [528b4752-3c7b-4991-99e9-89ee621f29a5-impl-thread2] INFO  impl.StateMachineUpdater (StateMachineUpdater.java:stopAndJoin(157)) - 528b4752-3c7b-4991-99e9-89ee621f29a5@group-E1C253161B1E-StateMachineUpdater: set stopIndex = 0
2024-05-09 06:25:20,250 [528b4752-3c7b-4991-99e9-89ee621f29a5@group-A6FAD74B91C2-LeaderElection18] INFO  server.RaftServer$Division (ServerState.java:setRaftConf(386)) - 528b4752-3c7b-4991-99e9-89ee621f29a5@group-A6FAD74B91C2: set configuration 0: peers:[0b714aca-fc82-484b-9944-7b2ffbc45fbf|127.0.0.1:15067, 528b4752-3c7b-4991-99e9-89ee621f29a5|127.0.0.1:15085, 5b847746-75e9-42bf-94b1-858a537db9cd|127.0.0.1:15076]|listeners:[], old=null
2024-05-09 06:25:20,250 [528b4752-3c7b-4991-99e9-89ee621f29a5-impl-thread3] INFO  impl.StateMachineUpdater (StateMachineUpdater.java:stopAndJoin(157)) - 528b4752-3c7b-4991-99e9-89ee621f29a5@group-711D46114548-StateMachineUpdater: set stopIndex = 4
2024-05-09 06:25:20,250 [528b4752-3c7b-4991-99e9-89ee621f29a5@group-E1C253161B1E-StateMachineUpdater] INFO  ratis.ContainerStateMachine (ContainerStateMachine.java:takeSnapshot(355)) - group-E1C253161B1E: Taking a snapshot at:(t:1, i:0) file /home/runner/work/ozone/ozone/hadoop-ozone/integration-test/target/test-dir/MiniOzoneClusterImpl-48ce40b1-13f8-460b-b529-5aa00ab75c3e/ozone-meta/datanode-3/ratis/add22a7f-61aa-4b02-b618-e1c253161b1e/sm/snapshot.1_0
2024-05-09 06:25:20,250 [Thread-1505] INFO  server.GrpcServerProtocolClient (GrpcServerProtocolClient.java:close(103)) - 0b714aca-fc82-484b-9944-7b2ffbc45fbf Close channels
2024-05-09 06:25:20,251 [Thread-1507] INFO  server.GrpcServerProtocolClient (GrpcServerProtocolClient.java:close(103)) - 5b847746-75e9-42bf-94b1-858a537db9cd Close channels
2024-05-09 06:25:20,252 [main] INFO  server.GrpcService (GrpcService.java:closeImpl(320)) - 528b4752-3c7b-4991-99e9-89ee621f29a5: shutdown server org.apache.ratis.grpc.server.GrpcClientProtocolService successfully
2024-05-09 06:25:20,252 [main] INFO  server.GrpcService (GrpcService.java:closeImpl(311)) - 528b4752-3c7b-4991-99e9-89ee621f29a5: shutdown server GrpcServerProtocolService now
2024-05-09 06:25:20,253 [528b4752-3c7b-4991-99e9-89ee621f29a5@group-E1C253161B1E-StateMachineUpdater] INFO  ratis.ContainerStateMachine (ContainerStateMachine.java:takeSnapshot(366)) - group-E1C253161B1E: Finished taking a snapshot at:(t:1, i:0) file:/home/runner/work/ozone/ozone/hadoop-ozone/integration-test/target/test-dir/MiniOzoneClusterImpl-48ce40b1-13f8-460b-b529-5aa00ab75c3e/ozone-meta/datanode-3/ratis/add22a7f-61aa-4b02-b618-e1c253161b1e/sm/snapshot.1_0 took: 3 ms
2024-05-09 06:25:20,253 [528b4752-3c7b-4991-99e9-89ee621f29a5@group-711D46114548-StateMachineUpdater] INFO  ratis.ContainerStateMachine (ContainerStateMachine.java:takeSnapshot(366)) - group-711D46114548: Finished taking a snapshot at:(t:1, i:4) file:/home/runner/work/ozone/ozone/hadoop-ozone/integration-test/target/test-dir/MiniOzoneClusterImpl-48ce40b1-13f8-460b-b529-5aa00ab75c3e/ozone-meta/datanode-3/ratis/876e6361-94bf-493c-a223-711d46114548/sm/snapshot.1_4 took: 4 ms
2024-05-09 06:25:20,253 [528b4752-3c7b-4991-99e9-89ee621f29a5@group-E1C253161B1E-StateMachineUpdater] INFO  impl.StateMachineUpdater (StateMachineUpdater.java:takeSnapshot(295)) - 528b4752-3c7b-4991-99e9-89ee621f29a5@group-E1C253161B1E-StateMachineUpdater: Took a snapshot at index 0
2024-05-09 06:25:20,253 [528b4752-3c7b-4991-99e9-89ee621f29a5@group-E1C253161B1E-StateMachineUpdater] INFO  impl.StateMachineUpdater (StateMachineUpdater.java:lambda$new$0(98)) - 528b4752-3c7b-4991-99e9-89ee621f29a5@group-E1C253161B1E-StateMachineUpdater: snapshotIndex: updateIncreasingly -1 -> 0
2024-05-09 06:25:20,253 [528b4752-3c7b-4991-99e9-89ee621f29a5@group-711D46114548-StateMachineUpdater] INFO  impl.StateMachineUpdater (StateMachineUpdater.java:takeSnapshot(295)) - 528b4752-3c7b-4991-99e9-89ee621f29a5@group-711D46114548-StateMachineUpdater: Took a snapshot at index 4
2024-05-09 06:25:20,253 [528b4752-3c7b-4991-99e9-89ee621f29a5@group-711D46114548-StateMachineUpdater] INFO  impl.StateMachineUpdater (StateMachineUpdater.java:lambda$new$0(98)) - 528b4752-3c7b-4991-99e9-89ee621f29a5@group-711D46114548-StateMachineUpdater: snapshotIndex: updateIncreasingly -1 -> 4
2024-05-09 06:25:20,253 [528b4752-3c7b-4991-99e9-89ee621f29a5@group-A6FAD74B91C2-SegmentedRaftLogWorker] INFO  segmented.SegmentedRaftLogWorker (SegmentedRaftLogWorker.java:execute(634)) - 528b4752-3c7b-4991-99e9-89ee621f29a5@group-A6FAD74B91C2-SegmentedRaftLogWorker: created new log segment /home/runner/work/ozone/ozone/hadoop-ozone/integration-test/target/test-dir/MiniOzoneClusterImpl-48ce40b1-13f8-460b-b529-5aa00ab75c3e/ozone-meta/datanode-3/ratis/a143d81d-e1da-48a4-b870-a6fad74b91c2/current/log_inprogress_0
2024-05-09 06:25:20,254 [528b4752-3c7b-4991-99e9-89ee621f29a5-impl-thread2] INFO  server.RaftServer$Division (ServerState.java:close(427)) - 528b4752-3c7b-4991-99e9-89ee621f29a5@group-E1C253161B1E: applyIndex: 0
2024-05-09 06:25:20,254 [528b4752-3c7b-4991-99e9-89ee621f29a5@group-E1C253161B1E-cacheEviction-AwaitToRun] INFO  util.AwaitToRun (AwaitToRun.java:run(49)) - 528b4752-3c7b-4991-99e9-89ee621f29a5@group-E1C253161B1E-cacheEviction-AwaitToRun-AwaitForSignal is interrupted
2024-05-09 06:25:20,254 [528b4752-3c7b-4991-99e9-89ee621f29a5-impl-thread3] INFO  server.RaftServer$Division (ServerState.java:close(427)) - 528b4752-3c7b-4991-99e9-89ee621f29a5@group-711D46114548: applyIndex: 4
2024-05-09 06:25:20,255 [grpc-default-executor-4] WARN  server.GrpcServerProtocolService (LogUtils.java:warn(121)) - 528b4752-3c7b-4991-99e9-89ee621f29a5: APPEND_ENTRIES onError, lastRequest: null: org.apache.ratis.thirdparty.io.grpc.StatusRuntimeException: CANCELLED: client cancelled
2024-05-09 06:25:20,255 [528b4752-3c7b-4991-99e9-89ee621f29a5@group-711D46114548-cacheEviction-AwaitToRun] INFO  util.AwaitToRun (AwaitToRun.java:run(49)) - 528b4752-3c7b-4991-99e9-89ee621f29a5@group-711D46114548-cacheEviction-AwaitToRun-AwaitForSignal is interrupted
2024-05-09 06:25:20,259 [main] INFO  server.GrpcService (GrpcService.java:closeImpl(320)) - 528b4752-3c7b-4991-99e9-89ee621f29a5: shutdown server GrpcServerProtocolService successfully
2024-05-09 06:25:20,259 [main] INFO  server.GrpcService (GrpcService.java:closeImpl(311)) - 528b4752-3c7b-4991-99e9-89ee621f29a5: shutdown server org.apache.ratis.grpc.server.GrpcAdminProtocolService now
2024-05-09 06:25:20,259 [grpc-default-executor-3] WARN  server.GrpcServerProtocolService (LogUtils.java:warn(121)) - 528b4752-3c7b-4991-99e9-89ee621f29a5: APPEND_ENTRIES onError, lastRequest: 0b714aca-fc82-484b-9944-7b2ffbc45fbf->528b4752-3c7b-4991-99e9-89ee621f29a5#11-t1,previous=(t:1, i:7),leaderCommit=4,initializing? false,entries: size=1, first=(t:1, i:8), METADATAENTRY(c:4): org.apache.ratis.thirdparty.io.grpc.StatusRuntimeException: CANCELLED: client cancelled
2024-05-09 06:25:20,260 [main] INFO  server.GrpcService (GrpcService.java:closeImpl(320)) - 528b4752-3c7b-4991-99e9-89ee621f29a5: shutdown server org.apache.ratis.grpc.server.GrpcAdminProtocolService successfully
2024-05-09 06:25:20,263 [grpc-default-executor-3] WARN  server.GrpcLogAppender (LogUtils.java:warn(121)) - 0b714aca-fc82-484b-9944-7b2ffbc45fbf@group-711D46114548->528b4752-3c7b-4991-99e9-89ee621f29a5-AppendLogResponseHandler: Failed appendEntries: org.apache.ratis.thirdparty.io.grpc.StatusRuntimeException: CANCELLED: RST_STREAM closed stream. HTTP/2 error code: CANCEL
2024-05-09 06:25:20,264 [grpc-default-executor-4] WARN  server.GrpcLogAppender (GrpcLogAppender.java:lambda$resetClient$1(217)) - 0b714aca-fc82-484b-9944-7b2ffbc45fbf@group-711D46114548->528b4752-3c7b-4991-99e9-89ee621f29a5-GrpcLogAppender: Follower failed (request=null, errorCount=1); keep nextIndex (9) unchanged and retry.
2024-05-09 06:25:20,268 [528b4752-3c7b-4991-99e9-89ee621f29a5-NettyServerStreamRpc-bossGroup--thread1] INFO  logging.LoggingHandler (AbstractInternalLogger.java:log(148)) - [id: 0xb5a12756, L:/0.0.0.0:15086] CLOSE
2024-05-09 06:25:20,268 [528b4752-3c7b-4991-99e9-89ee621f29a5-NettyServerStreamRpc-bossGroup--thread1] INFO  logging.LoggingHandler (AbstractInternalLogger.java:log(148)) - [id: 0xb5a12756, L:/0.0.0.0:15086] INACTIVE
2024-05-09 06:25:20,268 [528b4752-3c7b-4991-99e9-89ee621f29a5-NettyServerStreamRpc-bossGroup--thread1] INFO  logging.LoggingHandler (AbstractInternalLogger.java:log(148)) - [id: 0xb5a12756, L:/0.0.0.0:15086] UNREGISTERED
2024-05-09 06:25:20,310 [bda92e25-e077-447c-8dba-c1f962292f2e@group-909FB7FCF857-FollowerState] INFO  impl.FollowerState (FollowerState.java:run(143)) - bda92e25-e077-447c-8dba-c1f962292f2e@group-909FB7FCF857-FollowerState: change to CANDIDATE, lastRpcElapsedTime:5171497480ns, electionTimeout:5164ms
2024-05-09 06:25:20,311 [bda92e25-e077-447c-8dba-c1f962292f2e@group-909FB7FCF857-FollowerState] INFO  impl.RoleInfo (RoleInfo.java:shutdownFollowerState(110)) - bda92e25-e077-447c-8dba-c1f962292f2e: shutdown bda92e25-e077-447c-8dba-c1f962292f2e@group-909FB7FCF857-FollowerState
2024-05-09 06:25:20,311 [bda92e25-e077-447c-8dba-c1f962292f2e@group-909FB7FCF857-FollowerState] INFO  server.RaftServer$Division (RaftServerImpl.java:setRole(383)) - bda92e25-e077-447c-8dba-c1f962292f2e@group-909FB7FCF857: changes role from  FOLLOWER to CANDIDATE at term 0 for changeToCandidate
2024-05-09 06:25:20,311 [bda92e25-e077-447c-8dba-c1f962292f2e@group-909FB7FCF857-FollowerState] INFO  server.RaftServerConfigKeys (ConfUtils.java:logGet(46)) - raft.server.leaderelection.pre-vote = true (default)
2024-05-09 06:25:20,311 [bda92e25-e077-447c-8dba-c1f962292f2e@group-909FB7FCF857-FollowerState] INFO  impl.RoleInfo (RoleInfo.java:updateAndGet(139)) - bda92e25-e077-447c-8dba-c1f962292f2e: start bda92e25-e077-447c-8dba-c1f962292f2e@group-909FB7FCF857-LeaderElection19
2024-05-09 06:25:20,311 [bda92e25-e077-447c-8dba-c1f962292f2e@group-909FB7FCF857-LeaderElection19] INFO  impl.LeaderElection (LeaderElection.java:askForVotes(321)) - bda92e25-e077-447c-8dba-c1f962292f2e@group-909FB7FCF857-LeaderElection19 PRE_VOTE round 0: submit vote requests at term 0 for -1: peers:[bda92e25-e077-447c-8dba-c1f962292f2e|127.0.0.1:15103]|listeners:[], old=null
2024-05-09 06:25:20,311 [bda92e25-e077-447c-8dba-c1f962292f2e@group-909FB7FCF857-LeaderElection19] INFO  impl.LeaderElection (LeaderElection.java:askForVotes(323)) - bda92e25-e077-447c-8dba-c1f962292f2e@group-909FB7FCF857-LeaderElection19 PRE_VOTE round 0: result PASSED (term=0)
2024-05-09 06:25:20,312 [bda92e25-e077-447c-8dba-c1f962292f2e@group-909FB7FCF857-LeaderElection19] INFO  impl.LeaderElection (LeaderElection.java:askForVotes(321)) - bda92e25-e077-447c-8dba-c1f962292f2e@group-909FB7FCF857-LeaderElection19 ELECTION round 0: submit vote requests at term 1 for -1: peers:[bda92e25-e077-447c-8dba-c1f962292f2e|127.0.0.1:15103]|listeners:[], old=null
2024-05-09 06:25:20,312 [bda92e25-e077-447c-8dba-c1f962292f2e@group-909FB7FCF857-LeaderElection19] INFO  impl.LeaderElection (LeaderElection.java:askForVotes(323)) - bda92e25-e077-447c-8dba-c1f962292f2e@group-909FB7FCF857-LeaderElection19 ELECTION round 0: result PASSED (term=1)
2024-05-09 06:25:20,312 [bda92e25-e077-447c-8dba-c1f962292f2e@group-909FB7FCF857-LeaderElection19] INFO  impl.RoleInfo (RoleInfo.java:shutdownLeaderElection(130)) - bda92e25-e077-447c-8dba-c1f962292f2e: shutdown bda92e25-e077-447c-8dba-c1f962292f2e@group-909FB7FCF857-LeaderElection19
2024-05-09 06:25:20,312 [bda92e25-e077-447c-8dba-c1f962292f2e@group-909FB7FCF857-LeaderElection19] INFO  server.RaftServer$Division (RaftServerImpl.java:setRole(383)) - bda92e25-e077-447c-8dba-c1f962292f2e@group-909FB7FCF857: changes role from CANDIDATE to LEADER at term 1 for changeToLeader
2024-05-09 06:25:20,312 [bda92e25-e077-447c-8dba-c1f962292f2e@group-909FB7FCF857-LeaderElection19] INFO  server.RaftServerConfigKeys (ConfUtils.java:logGet(46)) - raft.server.staging.catchup.gap = 1000 (default)
2024-05-09 06:25:20,313 [bda92e25-e077-447c-8dba-c1f962292f2e@group-909FB7FCF857-LeaderElection19] INFO  server.RaftServerConfigKeys (ConfUtils.java:logGet(46)) - raft.server.write.element-limit = 1024 (custom)
2024-05-09 06:25:20,313 [bda92e25-e077-447c-8dba-c1f962292f2e@group-909FB7FCF857-LeaderElection19] INFO  server.RaftServerConfigKeys (ConfUtils.java:logGet(46)) - raft.server.write.byte-limit = 1024 M (=1073741824) (custom)
2024-05-09 06:25:20,313 [bda92e25-e077-447c-8dba-c1f962292f2e@group-909FB7FCF857-LeaderElection19] INFO  server.RaftServerConfigKeys (ConfUtils.java:logGet(46)) - raft.server.watch.timeout = 3000ms (custom)
2024-05-09 06:25:20,313 [bda92e25-e077-447c-8dba-c1f962292f2e@group-909FB7FCF857-LeaderElection19] INFO  server.RaftServerConfigKeys (ConfUtils.java:logGet(46)) - raft.server.watch.timeout.denomination = 1s (default)
2024-05-09 06:25:20,313 [bda92e25-e077-447c-8dba-c1f962292f2e@group-909FB7FCF857-LeaderElection19] INFO  server.RaftServerConfigKeys (ConfUtils.java:logGet(46)) - raft.server.watch.element-limit = 65536 (default)
2024-05-09 06:25:20,313 [bda92e25-e077-447c-8dba-c1f962292f2e@group-909FB7FCF857-LeaderElection19] INFO  server.RaftServerConfigKeys (ConfUtils.java:logGet(46)) - raft.server.read.leader.lease.enabled = false (default)
2024-05-09 06:25:20,313 [bda92e25-e077-447c-8dba-c1f962292f2e@group-909FB7FCF857-LeaderElection19] INFO  server.RaftServerConfigKeys (ConfUtils.java:logGet(46)) - raft.server.read.leader.lease.timeout.ratio = 0.9 (default)
2024-05-09 06:25:20,313 [bda92e25-e077-447c-8dba-c1f962292f2e@group-909FB7FCF857-LeaderElection19] INFO  server.RaftServerConfigKeys (ConfUtils.java:logGet(46)) - raft.server.rpc.timeout.min = 5s (custom)
2024-05-09 06:25:20,313 [bda92e25-e077-447c-8dba-c1f962292f2e@group-909FB7FCF857-LeaderElection19] INFO  server.RaftServerConfigKeys (ConfUtils.java:logGet(46)) - raft.server.write.element-limit = 1024 (custom)
2024-05-09 06:25:20,313 [bda92e25-e077-447c-8dba-c1f962292f2e@group-909FB7FCF857-LeaderElection19] INFO  server.RaftServerConfigKeys (ConfUtils.java:logGet(46)) - raft.server.write.follower.gap.ratio.max = -1.0 (default)
2024-05-09 06:25:20,313 [bda92e25-e077-447c-8dba-c1f962292f2e@group-909FB7FCF857-LeaderElection19] INFO  impl.RoleInfo (RoleInfo.java:updateAndGet(139)) - bda92e25-e077-447c-8dba-c1f962292f2e: start bda92e25-e077-447c-8dba-c1f962292f2e@group-909FB7FCF857-LeaderStateImpl
2024-05-09 06:25:20,313 [bda92e25-e077-447c-8dba-c1f962292f2e@group-909FB7FCF857-LeaderElection19] INFO  server.RaftServer$Division (RaftServerImpl.java:setFirstElection(574)) - bda92e25-e077-447c-8dba-c1f962292f2e@group-909FB7FCF857: set firstElectionSinceStartup to false for becomeLeader
2024-05-09 06:25:20,314 [bda92e25-e077-447c-8dba-c1f962292f2e@group-909FB7FCF857-LeaderElection19] INFO  ratis.XceiverServerRatis (XceiverServerRatis.java:handleLeaderChangedNotification(966)) - Leader change notification received for group: group-909FB7FCF857 with new leaderId: bda92e25-e077-447c-8dba-c1f962292f2e
2024-05-09 06:25:20,314 [bda92e25-e077-447c-8dba-c1f962292f2e@group-909FB7FCF857-LeaderElection19] INFO  server.RaftServer$Division (ServerState.java:setLeader(269)) - bda92e25-e077-447c-8dba-c1f962292f2e@group-909FB7FCF857: change Leader from null to bda92e25-e077-447c-8dba-c1f962292f2e at term 1 for becomeLeader, leader elected after 5188ms
2024-05-09 06:25:20,314 [bda92e25-e077-447c-8dba-c1f962292f2e@group-909FB7FCF857-LeaderElection19] INFO  segmented.SegmentedRaftLogWorker (SegmentedRaftLogWorker.java:startLogSegment(430)) - bda92e25-e077-447c-8dba-c1f962292f2e@group-909FB7FCF857-SegmentedRaftLogWorker: Starting segment from index:0
2024-05-09 06:25:20,314 [bda92e25-e077-447c-8dba-c1f962292f2e@group-909FB7FCF857-LeaderElection19] INFO  server.RaftServer$Division (ServerState.java:setRaftConf(386)) - bda92e25-e077-447c-8dba-c1f962292f2e@group-909FB7FCF857: set configuration 0: peers:[bda92e25-e077-447c-8dba-c1f962292f2e|127.0.0.1:15103]|listeners:[], old=null
2024-05-09 06:25:20,315 [bda92e25-e077-447c-8dba-c1f962292f2e@group-909FB7FCF857-SegmentedRaftLogWorker] INFO  segmented.BufferedWriteChannel (BufferedWriteChannel.java:open(62)) - open log_inprogress_0 at position 0
2024-05-09 06:25:20,326 [bda92e25-e077-447c-8dba-c1f962292f2e@group-909FB7FCF857-SegmentedRaftLogWorker] INFO  segmented.SegmentedRaftLogWorker (SegmentedRaftLogWorker.java:execute(634)) - bda92e25-e077-447c-8dba-c1f962292f2e@group-909FB7FCF857-SegmentedRaftLogWorker: created new log segment /home/runner/work/ozone/ozone/hadoop-ozone/integration-test/target/test-dir/MiniOzoneClusterImpl-48ce40b1-13f8-460b-b529-5aa00ab75c3e/ozone-meta/datanode-5/ratis/76f840da-7d41-4e58-8d6a-909fb7fcf857/current/log_inprogress_0
2024-05-09 06:25:20,327 [bda92e25-e077-447c-8dba-c1f962292f2e@group-909FB7FCF857-StateMachineUpdater] INFO  server.RaftServer$Division (LeaderStateImpl.java:isApplied(320)) - leader is ready since appliedIndex == 0 >= startIndex == 0
2024-05-09 06:25:21,052 [528b4752-3c7b-4991-99e9-89ee621f29a5-impl-thread2] INFO  segmented.SegmentedRaftLogWorker (SegmentedRaftLogWorker.java:close(245)) - 528b4752-3c7b-4991-99e9-89ee621f29a5@group-E1C253161B1E-SegmentedRaftLogWorker close()
2024-05-09 06:25:21,238 [528b4752-3c7b-4991-99e9-89ee621f29a5-impl-thread3] INFO  segmented.SegmentedRaftLogWorker (SegmentedRaftLogWorker.java:close(245)) - 528b4752-3c7b-4991-99e9-89ee621f29a5@group-711D46114548-SegmentedRaftLogWorker close()
2024-05-09 06:25:25,265 [timer3] WARN  server.GrpcLogAppender (GrpcLogAppender.java:lambda$resetClient$1(217)) - 0b714aca-fc82-484b-9944-7b2ffbc45fbf@group-711D46114548->528b4752-3c7b-4991-99e9-89ee621f29a5-GrpcLogAppender: Follower failed (request=null, errorCount=8); keep nextIndex (9) unchanged and retry. (Repeated 8 times in the last 5.000s)
2024-05-09 06:25:25,266 [timer4] WARN  server.GrpcLogAppender (LogUtils.java:warn(121)) - 0b714aca-fc82-484b-9944-7b2ffbc45fbf@group-711D46114548->528b4752-3c7b-4991-99e9-89ee621f29a5-AppendLogResponseHandler: Failed appendEntries (Repeated 8 times in the last 5.003s): org.apache.ratis.thirdparty.io.grpc.StatusRuntimeException: UNAVAILABLE: io exception
2024-05-09 06:25:25,406 [0b714aca-fc82-484b-9944-7b2ffbc45fbf@group-A6FAD74B91C2-FollowerState] INFO  impl.FollowerState (FollowerState.java:run(143)) - 0b714aca-fc82-484b-9944-7b2ffbc45fbf@group-A6FAD74B91C2-FollowerState: change to CANDIDATE, lastRpcElapsedTime:5175251600ns, electionTimeout:5163ms
2024-05-09 06:25:25,406 [0b714aca-fc82-484b-9944-7b2ffbc45fbf@group-A6FAD74B91C2-FollowerState] INFO  impl.RoleInfo (RoleInfo.java:shutdownFollowerState(110)) - 0b714aca-fc82-484b-9944-7b2ffbc45fbf: shutdown 0b714aca-fc82-484b-9944-7b2ffbc45fbf@group-A6FAD74B91C2-FollowerState
2024-05-09 06:25:25,406 [0b714aca-fc82-484b-9944-7b2ffbc45fbf@group-A6FAD74B91C2-FollowerState] INFO  server.RaftServer$Division (RaftServerImpl.java:setRole(383)) - 0b714aca-fc82-484b-9944-7b2ffbc45fbf@group-A6FAD74B91C2: changes role from  FOLLOWER to CANDIDATE at term 1 for changeToCandidate
2024-05-09 06:25:25,406 [0b714aca-fc82-484b-9944-7b2ffbc45fbf@group-A6FAD74B91C2-FollowerState] INFO  server.RaftServerConfigKeys (ConfUtils.java:logGet(46)) - raft.server.leaderelection.pre-vote = true (default)
2024-05-09 06:25:25,406 [0b714aca-fc82-484b-9944-7b2ffbc45fbf@group-A6FAD74B91C2-FollowerState] INFO  impl.RoleInfo (RoleInfo.java:updateAndGet(139)) - 0b714aca-fc82-484b-9944-7b2ffbc45fbf: start 0b714aca-fc82-484b-9944-7b2ffbc45fbf@group-A6FAD74B91C2-LeaderElection20
2024-05-09 06:25:25,407 [0b714aca-fc82-484b-9944-7b2ffbc45fbf@group-A6FAD74B91C2-LeaderElection20] INFO  impl.LeaderElection (LeaderElection.java:askForVotes(321)) - 0b714aca-fc82-484b-9944-7b2ffbc45fbf@group-A6FAD74B91C2-LeaderElection20 PRE_VOTE round 0: submit vote requests at term 1 for -1: peers:[0b714aca-fc82-484b-9944-7b2ffbc45fbf|127.0.0.1:15067, 528b4752-3c7b-4991-99e9-89ee621f29a5|127.0.0.1:15085, 5b847746-75e9-42bf-94b1-858a537db9cd|127.0.0.1:15076]|listeners:[], old=null
2024-05-09 06:25:25,408 [0b714aca-fc82-484b-9944-7b2ffbc45fbf@group-A6FAD74B91C2-LeaderElection20] INFO  impl.LeaderElection (LogUtils.java:infoOrTrace(136)) - 0b714aca-fc82-484b-9944-7b2ffbc45fbf@group-A6FAD74B91C2-LeaderElection20 got exception when requesting votes: java.util.concurrent.ExecutionException: org.apache.ratis.thirdparty.io.grpc.StatusRuntimeException: UNAVAILABLE: io exception
2024-05-09 06:25:25,408 [grpc-default-executor-5] INFO  server.RaftServer$Division (RaftServerImpl.java:requestVote(1389)) - 5b847746-75e9-42bf-94b1-858a537db9cd@group-A6FAD74B91C2: receive requestVote(PRE_VOTE, 0b714aca-fc82-484b-9944-7b2ffbc45fbf, group-A6FAD74B91C2, 1, (t:0, i:0))
2024-05-09 06:25:25,408 [grpc-default-executor-5] INFO  impl.VoteContext (VoteContext.java:log(49)) - 5b847746-75e9-42bf-94b1-858a537db9cd@group-A6FAD74B91C2-FOLLOWER: accept PRE_VOTE from 0b714aca-fc82-484b-9944-7b2ffbc45fbf: our priority 0 <= candidate's priority 0
2024-05-09 06:25:25,409 [grpc-default-executor-5] INFO  server.RaftServer$Division (RaftServerImpl.java:requestVote(1422)) - 5b847746-75e9-42bf-94b1-858a537db9cd@group-A6FAD74B91C2 replies to PRE_VOTE vote request: 0b714aca-fc82-484b-9944-7b2ffbc45fbf<-5b847746-75e9-42bf-94b1-858a537db9cd#0:OK-t1. Peer's state: 5b847746-75e9-42bf-94b1-858a537db9cd@group-A6FAD74B91C2:t1, leader=null, voted=528b4752-3c7b-4991-99e9-89ee621f29a5, raftlog=Memoized:5b847746-75e9-42bf-94b1-858a537db9cd@group-A6FAD74B91C2-SegmentedRaftLog:OPENED:c-1, conf=-1: peers:[0b714aca-fc82-484b-9944-7b2ffbc45fbf|127.0.0.1:15067, 528b4752-3c7b-4991-99e9-89ee621f29a5|127.0.0.1:15085, 5b847746-75e9-42bf-94b1-858a537db9cd|127.0.0.1:15076]|listeners:[], old=null
2024-05-09 06:25:25,409 [0b714aca-fc82-484b-9944-7b2ffbc45fbf@group-A6FAD74B91C2-LeaderElection20] INFO  impl.LeaderElection (LeaderElection.java:logAndReturn(89)) - 0b714aca-fc82-484b-9944-7b2ffbc45fbf@group-A6FAD74B91C2-LeaderElection20: PRE_VOTE PASSED received 1 response(s) and 1 exception(s):
2024-05-09 06:25:25,409 [0b714aca-fc82-484b-9944-7b2ffbc45fbf@group-A6FAD74B91C2-LeaderElection20] INFO  impl.LeaderElection (LeaderElection.java:logAndReturn(93)) -   Response 0: 0b714aca-fc82-484b-9944-7b2ffbc45fbf<-5b847746-75e9-42bf-94b1-858a537db9cd#0:OK-t1
2024-05-09 06:25:25,409 [0b714aca-fc82-484b-9944-7b2ffbc45fbf@group-A6FAD74B91C2-LeaderElection20] INFO  impl.LeaderElection (LogUtils.java:infoOrTrace(136)) -   Exception 1: java.util.concurrent.ExecutionException: org.apache.ratis.thirdparty.io.grpc.StatusRuntimeException: UNAVAILABLE: io exception
2024-05-09 06:25:25,410 [0b714aca-fc82-484b-9944-7b2ffbc45fbf@group-A6FAD74B91C2-LeaderElection20] INFO  impl.LeaderElection (LeaderElection.java:askForVotes(323)) - 0b714aca-fc82-484b-9944-7b2ffbc45fbf@group-A6FAD74B91C2-LeaderElection20 PRE_VOTE round 0: result PASSED
2024-05-09 06:25:25,411 [0b714aca-fc82-484b-9944-7b2ffbc45fbf@group-A6FAD74B91C2-LeaderElection20] INFO  impl.LeaderElection (LeaderElection.java:askForVotes(321)) - 0b714aca-fc82-484b-9944-7b2ffbc45fbf@group-A6FAD74B91C2-LeaderElection20 ELECTION round 0: submit vote requests at term 2 for -1: peers:[0b714aca-fc82-484b-9944-7b2ffbc45fbf|127.0.0.1:15067, 528b4752-3c7b-4991-99e9-89ee621f29a5|127.0.0.1:15085, 5b847746-75e9-42bf-94b1-858a537db9cd|127.0.0.1:15076]|listeners:[], old=null
2024-05-09 06:25:25,411 [0b714aca-fc82-484b-9944-7b2ffbc45fbf@group-A6FAD74B91C2-LeaderElection20] INFO  impl.LeaderElection (LogUtils.java:infoOrTrace(136)) - 0b714aca-fc82-484b-9944-7b2ffbc45fbf@group-A6FAD74B91C2-LeaderElection20 got exception when requesting votes: java.util.concurrent.ExecutionException: org.apache.ratis.thirdparty.io.grpc.StatusRuntimeException: UNAVAILABLE: io exception
2024-05-09 06:25:25,412 [grpc-default-executor-5] INFO  server.RaftServer$Division (RaftServerImpl.java:requestVote(1389)) - 5b847746-75e9-42bf-94b1-858a537db9cd@group-A6FAD74B91C2: receive requestVote(ELECTION, 0b714aca-fc82-484b-9944-7b2ffbc45fbf, group-A6FAD74B91C2, 2, (t:0, i:0))
2024-05-09 06:25:25,412 [grpc-default-executor-5] INFO  impl.VoteContext (VoteContext.java:log(49)) - 5b847746-75e9-42bf-94b1-858a537db9cd@group-A6FAD74B91C2-FOLLOWER: accept ELECTION from 0b714aca-fc82-484b-9944-7b2ffbc45fbf: our priority 0 <= candidate's priority 0
2024-05-09 06:25:25,412 [grpc-default-executor-5] INFO  server.RaftServer$Division (RaftServerImpl.java:setRole(383)) - 5b847746-75e9-42bf-94b1-858a537db9cd@group-A6FAD74B91C2: changes role from  FOLLOWER to FOLLOWER at term 2 for candidate:0b714aca-fc82-484b-9944-7b2ffbc45fbf
2024-05-09 06:25:25,412 [grpc-default-executor-5] INFO  impl.RoleInfo (RoleInfo.java:shutdownFollowerState(110)) - 5b847746-75e9-42bf-94b1-858a537db9cd: shutdown 5b847746-75e9-42bf-94b1-858a537db9cd@group-A6FAD74B91C2-FollowerState
2024-05-09 06:25:25,412 [grpc-default-executor-5] INFO  impl.RoleInfo (RoleInfo.java:updateAndGet(139)) - 5b847746-75e9-42bf-94b1-858a537db9cd: start 5b847746-75e9-42bf-94b1-858a537db9cd@group-A6FAD74B91C2-FollowerState
2024-05-09 06:25:25,412 [5b847746-75e9-42bf-94b1-858a537db9cd@group-A6FAD74B91C2-FollowerState] INFO  impl.FollowerState (FollowerState.java:run(152)) - 5b847746-75e9-42bf-94b1-858a537db9cd@group-A6FAD74B91C2-FollowerState was interrupted
2024-05-09 06:25:25,414 [grpc-default-executor-5] INFO  server.RaftServer$Division (RaftServerImpl.java:requestVote(1422)) - 5b847746-75e9-42bf-94b1-858a537db9cd@group-A6FAD74B91C2 replies to ELECTION vote request: 0b714aca-fc82-484b-9944-7b2ffbc45fbf<-5b847746-75e9-42bf-94b1-858a537db9cd#0:OK-t2. Peer's state: 5b847746-75e9-42bf-94b1-858a537db9cd@group-A6FAD74B91C2:t2, leader=null, voted=0b714aca-fc82-484b-9944-7b2ffbc45fbf, raftlog=Memoized:5b847746-75e9-42bf-94b1-858a537db9cd@group-A6FAD74B91C2-SegmentedRaftLog:OPENED:c-1, conf=-1: peers:[0b714aca-fc82-484b-9944-7b2ffbc45fbf|127.0.0.1:15067, 528b4752-3c7b-4991-99e9-89ee621f29a5|127.0.0.1:15085, 5b847746-75e9-42bf-94b1-858a537db9cd|127.0.0.1:15076]|listeners:[], old=null
2024-05-09 06:25:25,414 [0b714aca-fc82-484b-9944-7b2ffbc45fbf@group-A6FAD74B91C2-LeaderElection20] INFO  impl.LeaderElection (LeaderElection.java:logAndReturn(89)) - 0b714aca-fc82-484b-9944-7b2ffbc45fbf@group-A6FAD74B91C2-LeaderElection20: ELECTION PASSED received 1 response(s) and 1 exception(s):
2024-05-09 06:25:25,414 [0b714aca-fc82-484b-9944-7b2ffbc45fbf@group-A6FAD74B91C2-LeaderElection20] INFO  impl.LeaderElection (LeaderElection.java:logAndReturn(93)) -   Response 0: 0b714aca-fc82-484b-9944-7b2ffbc45fbf<-5b847746-75e9-42bf-94b1-858a537db9cd#0:OK-t2
2024-05-09 06:25:25,414 [0b714aca-fc82-484b-9944-7b2ffbc45fbf@group-A6FAD74B91C2-LeaderElection20] INFO  impl.LeaderElection (LogUtils.java:infoOrTrace(136)) -   Exception 1: java.util.concurrent.ExecutionException: org.apache.ratis.thirdparty.io.grpc.StatusRuntimeException: UNAVAILABLE: io exception
2024-05-09 06:25:25,415 [0b714aca-fc82-484b-9944-7b2ffbc45fbf@group-A6FAD74B91C2-LeaderElection20] INFO  impl.LeaderElection (LeaderElection.java:askForVotes(323)) - 0b714aca-fc82-484b-9944-7b2ffbc45fbf@group-A6FAD74B91C2-LeaderElection20 ELECTION round 0: result PASSED
2024-05-09 06:25:25,415 [0b714aca-fc82-484b-9944-7b2ffbc45fbf@group-A6FAD74B91C2-LeaderElection20] INFO  impl.RoleInfo (RoleInfo.java:shutdownLeaderElection(130)) - 0b714aca-fc82-484b-9944-7b2ffbc45fbf: shutdown 0b714aca-fc82-484b-9944-7b2ffbc45fbf@group-A6FAD74B91C2-LeaderElection20
2024-05-09 06:25:25,415 [0b714aca-fc82-484b-9944-7b2ffbc45fbf@group-A6FAD74B91C2-LeaderElection20] INFO  server.RaftServer$Division (RaftServerImpl.java:setRole(383)) - 0b714aca-fc82-484b-9944-7b2ffbc45fbf@group-A6FAD74B91C2: changes role from CANDIDATE to LEADER at term 2 for changeToLeader
2024-05-09 06:25:25,415 [0b714aca-fc82-484b-9944-7b2ffbc45fbf@group-A6FAD74B91C2-LeaderElection20] INFO  server.RaftServerConfigKeys (ConfUtils.java:logGet(46)) - raft.server.staging.catchup.gap = 1000 (default)
2024-05-09 06:25:25,415 [0b714aca-fc82-484b-9944-7b2ffbc45fbf@group-A6FAD74B91C2-LeaderElection20] INFO  server.RaftServerConfigKeys (ConfUtils.java:logGet(46)) - raft.server.write.element-limit = 1024 (custom)
2024-05-09 06:25:25,415 [0b714aca-fc82-484b-9944-7b2ffbc45fbf@group-A6FAD74B91C2-LeaderElection20] INFO  server.RaftServerConfigKeys (ConfUtils.java:logGet(46)) - raft.server.write.byte-limit = 1024 M (=1073741824) (custom)
2024-05-09 06:25:25,415 [0b714aca-fc82-484b-9944-7b2ffbc45fbf@group-A6FAD74B91C2-LeaderElection20] INFO  server.RaftServerConfigKeys (ConfUtils.java:logGet(46)) - raft.server.watch.timeout = 3000ms (custom)
2024-05-09 06:25:25,415 [0b714aca-fc82-484b-9944-7b2ffbc45fbf@group-A6FAD74B91C2-LeaderElection20] INFO  server.RaftServerConfigKeys (ConfUtils.java:logGet(46)) - raft.server.watch.timeout.denomination = 1s (default)
2024-05-09 06:25:25,415 [0b714aca-fc82-484b-9944-7b2ffbc45fbf@group-A6FAD74B91C2-LeaderElection20] INFO  server.RaftServerConfigKeys (ConfUtils.java:logGet(46)) - raft.server.watch.element-limit = 65536 (default)
2024-05-09 06:25:25,415 [0b714aca-fc82-484b-9944-7b2ffbc45fbf@group-A6FAD74B91C2-LeaderElection20] INFO  server.RaftServerConfigKeys (ConfUtils.java:logGet(46)) - raft.server.read.leader.lease.enabled = false (default)
2024-05-09 06:25:25,416 [0b714aca-fc82-484b-9944-7b2ffbc45fbf@group-A6FAD74B91C2-LeaderElection20] INFO  server.RaftServerConfigKeys (ConfUtils.java:logGet(46)) - raft.server.read.leader.lease.timeout.ratio = 0.9 (default)
2024-05-09 06:25:25,416 [0b714aca-fc82-484b-9944-7b2ffbc45fbf@group-A6FAD74B91C2-LeaderElection20] INFO  server.RaftServerConfigKeys (ConfUtils.java:logGet(46)) - raft.server.rpc.timeout.min = 5s (custom)
2024-05-09 06:25:25,416 [0b714aca-fc82-484b-9944-7b2ffbc45fbf@group-A6FAD74B91C2-LeaderElection20] INFO  server.RaftServerConfigKeys (ConfUtils.java:logGet(46)) - raft.server.write.element-limit = 1024 (custom)
2024-05-09 06:25:25,416 [0b714aca-fc82-484b-9944-7b2ffbc45fbf@group-A6FAD74B91C2-LeaderElection20] INFO  server.RaftServerConfigKeys (ConfUtils.java:logGet(46)) - raft.server.write.follower.gap.ratio.max = -1.0 (default)
2024-05-09 06:25:25,416 [0b714aca-fc82-484b-9944-7b2ffbc45fbf@group-A6FAD74B91C2-LeaderElection20] INFO  server.RaftServerConfigKeys (ConfUtils.java:logGet(46)) - raft.server.log.appender.snapshot.chunk.size.max = 16MB (=16777216) (default)
2024-05-09 06:25:25,416 [0b714aca-fc82-484b-9944-7b2ffbc45fbf@group-A6FAD74B91C2-LeaderElection20] INFO  server.RaftServerConfigKeys (ConfUtils.java:logGet(46)) - raft.server.log.appender.buffer.byte-limit = 8388608 (custom)
2024-05-09 06:25:25,416 [0b714aca-fc82-484b-9944-7b2ffbc45fbf@group-A6FAD74B91C2-LeaderElection20] INFO  server.RaftServerConfigKeys (ConfUtils.java:logGet(46)) - raft.server.log.appender.buffer.element-limit = 1 (custom)
2024-05-09 06:25:25,416 [0b714aca-fc82-484b-9944-7b2ffbc45fbf@group-A6FAD74B91C2-LeaderElection20] INFO  server.RaftServerConfigKeys (ConfUtils.java:logGet(46)) - raft.server.log.appender.wait-time.min = 0ms (custom)
2024-05-09 06:25:25,416 [0b714aca-fc82-484b-9944-7b2ffbc45fbf@group-A6FAD74B91C2-LeaderElection20] INFO  grpc.GrpcConfigKeys (ConfUtils.java:logGet(46)) - raft.grpc.server.leader.outstanding.appends.max = 8 (default)
2024-05-09 06:25:25,416 [0b714aca-fc82-484b-9944-7b2ffbc45fbf@group-A6FAD74B91C2-LeaderElection20] INFO  server.RaftServerConfigKeys (ConfUtils.java:logGet(46)) - raft.server.rpc.request.timeout = 3000ms (default)
2024-05-09 06:25:25,416 [0b714aca-fc82-484b-9944-7b2ffbc45fbf@group-A6FAD74B91C2-LeaderElection20] INFO  grpc.GrpcConfigKeys (ConfUtils.java:logGet(46)) - raft.grpc.server.install_snapshot.request.element-limit = 8 (default)
2024-05-09 06:25:25,417 [0b714aca-fc82-484b-9944-7b2ffbc45fbf@group-A6FAD74B91C2-LeaderElection20] INFO  grpc.GrpcConfigKeys (ConfUtils.java:logGet(46)) - raft.grpc.server.install_snapshot.request.timeout = 3000ms (default)
2024-05-09 06:25:25,417 [0b714aca-fc82-484b-9944-7b2ffbc45fbf@group-A6FAD74B91C2-LeaderElection20] INFO  grpc.GrpcConfigKeys (ConfUtils.java:logGet(46)) - raft.grpc.server.log-message.batch.duration = 5s (default)
2024-05-09 06:25:25,417 [0b714aca-fc82-484b-9944-7b2ffbc45fbf@group-A6FAD74B91C2-LeaderElection20] INFO  server.RaftServerConfigKeys (ConfUtils.java:logGet(46)) - raft.server.log.appender.install.snapshot.enabled = false (custom)
2024-05-09 06:25:25,417 [0b714aca-fc82-484b-9944-7b2ffbc45fbf@group-A6FAD74B91C2-LeaderElection20] INFO  grpc.GrpcConfigKeys (ConfUtils.java:logGet(46)) - raft.grpc.server.heartbeat.channel = true (default)
2024-05-09 06:25:25,417 [0b714aca-fc82-484b-9944-7b2ffbc45fbf@group-A6FAD74B91C2-LeaderElection20] INFO  server.RaftServerConfigKeys (ConfUtils.java:logGet(46)) - raft.server.log.appender.snapshot.chunk.size.max = 16MB (=16777216) (default)
2024-05-09 06:25:25,417 [0b714aca-fc82-484b-9944-7b2ffbc45fbf@group-A6FAD74B91C2-LeaderElection20] INFO  server.RaftServerConfigKeys (ConfUtils.java:logGet(46)) - raft.server.log.appender.buffer.byte-limit = 8388608 (custom)
2024-05-09 06:25:25,417 [0b714aca-fc82-484b-9944-7b2ffbc45fbf@group-A6FAD74B91C2-LeaderElection20] INFO  server.RaftServerConfigKeys (ConfUtils.java:logGet(46)) - raft.server.log.appender.buffer.element-limit = 1 (custom)
2024-05-09 06:25:25,417 [0b714aca-fc82-484b-9944-7b2ffbc45fbf@group-A6FAD74B91C2-LeaderElection20] INFO  server.RaftServerConfigKeys (ConfUtils.java:logGet(46)) - raft.server.log.appender.wait-time.min = 0ms (custom)
2024-05-09 06:25:25,417 [0b714aca-fc82-484b-9944-7b2ffbc45fbf@group-A6FAD74B91C2-LeaderElection20] INFO  grpc.GrpcConfigKeys (ConfUtils.java:logGet(46)) - raft.grpc.server.leader.outstanding.appends.max = 8 (default)
2024-05-09 06:25:25,417 [0b714aca-fc82-484b-9944-7b2ffbc45fbf@group-A6FAD74B91C2-LeaderElection20] INFO  server.RaftServerConfigKeys (ConfUtils.java:logGet(46)) - raft.server.rpc.request.timeout = 3000ms (default)
2024-05-09 06:25:25,418 [0b714aca-fc82-484b-9944-7b2ffbc45fbf@group-A6FAD74B91C2-LeaderElection20] INFO  grpc.GrpcConfigKeys (ConfUtils.java:logGet(46)) - raft.grpc.server.install_snapshot.request.element-limit = 8 (default)
2024-05-09 06:25:25,418 [0b714aca-fc82-484b-9944-7b2ffbc45fbf@group-A6FAD74B91C2-LeaderElection20] INFO  grpc.GrpcConfigKeys (ConfUtils.java:logGet(46)) - raft.grpc.server.install_snapshot.request.timeout = 3000ms (default)
2024-05-09 06:25:25,418 [0b714aca-fc82-484b-9944-7b2ffbc45fbf@group-A6FAD74B91C2-LeaderElection20] INFO  grpc.GrpcConfigKeys (ConfUtils.java:logGet(46)) - raft.grpc.server.log-message.batch.duration = 5s (default)
2024-05-09 06:25:25,418 [0b714aca-fc82-484b-9944-7b2ffbc45fbf@group-A6FAD74B91C2-LeaderElection20] INFO  server.RaftServerConfigKeys (ConfUtils.java:logGet(46)) - raft.server.log.appender.install.snapshot.enabled = false (custom)
2024-05-09 06:25:25,418 [0b714aca-fc82-484b-9944-7b2ffbc45fbf@group-A6FAD74B91C2-LeaderElection20] INFO  grpc.GrpcConfigKeys (ConfUtils.java:logGet(46)) - raft.grpc.server.heartbeat.channel = true (default)
2024-05-09 06:25:25,418 [0b714aca-fc82-484b-9944-7b2ffbc45fbf@group-A6FAD74B91C2-LeaderElection20] INFO  impl.RoleInfo (RoleInfo.java:updateAndGet(139)) - 0b714aca-fc82-484b-9944-7b2ffbc45fbf: start 0b714aca-fc82-484b-9944-7b2ffbc45fbf@group-A6FAD74B91C2-LeaderStateImpl
2024-05-09 06:25:25,418 [0b714aca-fc82-484b-9944-7b2ffbc45fbf@group-A6FAD74B91C2-LeaderElection20] INFO  ratis.XceiverServerRatis (XceiverServerRatis.java:handleLeaderChangedNotification(966)) - Leader change notification received for group: group-A6FAD74B91C2 with new leaderId: 0b714aca-fc82-484b-9944-7b2ffbc45fbf
2024-05-09 06:25:25,418 [0b714aca-fc82-484b-9944-7b2ffbc45fbf@group-A6FAD74B91C2-LeaderElection20] INFO  server.RaftServer$Division (ServerState.java:setLeader(269)) - 0b714aca-fc82-484b-9944-7b2ffbc45fbf@group-A6FAD74B91C2: change Leader from null to 0b714aca-fc82-484b-9944-7b2ffbc45fbf at term 2 for becomeLeader, leader elected after 10503ms
2024-05-09 06:25:25,418 [0b714aca-fc82-484b-9944-7b2ffbc45fbf@group-A6FAD74B91C2-LeaderElection20] INFO  segmented.SegmentedRaftLogWorker (SegmentedRaftLogWorker.java:startLogSegment(430)) - 0b714aca-fc82-484b-9944-7b2ffbc45fbf@group-A6FAD74B91C2-SegmentedRaftLogWorker: Starting segment from index:0
2024-05-09 06:25:25,419 [0b714aca-fc82-484b-9944-7b2ffbc45fbf@group-A6FAD74B91C2-LeaderElection20] INFO  server.RaftServer$Division (ServerState.java:setRaftConf(386)) - 0b714aca-fc82-484b-9944-7b2ffbc45fbf@group-A6FAD74B91C2: set configuration 0: peers:[0b714aca-fc82-484b-9944-7b2ffbc45fbf|127.0.0.1:15067, 528b4752-3c7b-4991-99e9-89ee621f29a5|127.0.0.1:15085, 5b847746-75e9-42bf-94b1-858a537db9cd|127.0.0.1:15076]|listeners:[], old=null
2024-05-09 06:25:25,419 [0b714aca-fc82-484b-9944-7b2ffbc45fbf@group-A6FAD74B91C2-SegmentedRaftLogWorker] INFO  segmented.BufferedWriteChannel (BufferedWriteChannel.java:open(62)) - open log_inprogress_0 at position 0
2024-05-09 06:25:25,420 [EventQueue-PipelineReportForPipelineReportHandler] INFO  pipeline.PipelineReportHandler (PipelineReportHandler.java:processPipelineReport(136)) - Opened pipeline PipelineID=a143d81d-e1da-48a4-b870-a6fad74b91c2
2024-05-09 06:25:25,422 [grpc-default-executor-4] WARN  server.GrpcLogAppender (LogUtils.java:warn(121)) - 0b714aca-fc82-484b-9944-7b2ffbc45fbf@group-A6FAD74B91C2->528b4752-3c7b-4991-99e9-89ee621f29a5-AppendLogResponseHandler: Failed appendEntries: org.apache.ratis.thirdparty.io.grpc.StatusRuntimeException: UNAVAILABLE: io exception
2024-05-09 06:25:25,422 [grpc-default-executor-4] WARN  server.GrpcLogAppender (GrpcLogAppender.java:lambda$resetClient$1(217)) - 0b714aca-fc82-484b-9944-7b2ffbc45fbf@group-A6FAD74B91C2->528b4752-3c7b-4991-99e9-89ee621f29a5-GrpcLogAppender: Follower failed (request=null, errorCount=1); keep nextIndex (0) unchanged and retry.
2024-05-09 06:25:25,425 [5b847746-75e9-42bf-94b1-858a537db9cd-server-thread1] INFO  ratis.XceiverServerRatis (XceiverServerRatis.java:handleLeaderChangedNotification(966)) - Leader change notification received for group: group-A6FAD74B91C2 with new leaderId: 0b714aca-fc82-484b-9944-7b2ffbc45fbf
2024-05-09 06:25:25,425 [5b847746-75e9-42bf-94b1-858a537db9cd-server-thread1] INFO  server.RaftServer$Division (ServerState.java:setLeader(269)) - 5b847746-75e9-42bf-94b1-858a537db9cd@group-A6FAD74B91C2: change Leader from null to 0b714aca-fc82-484b-9944-7b2ffbc45fbf at term 2 for appendEntries, leader elected after 10520ms
2024-05-09 06:25:25,427 [grpc-default-executor-4] WARN  server.GrpcLogAppender (GrpcLogAppender.java:lambda$resetClient$1(217)) - 0b714aca-fc82-484b-9944-7b2ffbc45fbf@group-A6FAD74B91C2->528b4752-3c7b-4991-99e9-89ee621f29a5-GrpcLogAppender: Follower failed (request=null, errorCount=3); keep nextIndex (1) unchanged and retry.
2024-05-09 06:25:25,427 [0b714aca-fc82-484b-9944-7b2ffbc45fbf@group-A6FAD74B91C2-SegmentedRaftLogWorker] INFO  segmented.SegmentedRaftLogWorker (SegmentedRaftLogWorker.java:execute(634)) - 0b714aca-fc82-484b-9944-7b2ffbc45fbf@group-A6FAD74B91C2-SegmentedRaftLogWorker: created new log segment /home/runner/work/ozone/ozone/hadoop-ozone/integration-test/target/test-dir/MiniOzoneClusterImpl-48ce40b1-13f8-460b-b529-5aa00ab75c3e/ozone-meta/datanode-1/ratis/a143d81d-e1da-48a4-b870-a6fad74b91c2/current/log_inprogress_0
2024-05-09 06:25:25,430 [5b847746-75e9-42bf-94b1-858a537db9cd-server-thread2] INFO  server.RaftServer$Division (ServerState.java:setRaftConf(386)) - 5b847746-75e9-42bf-94b1-858a537db9cd@group-A6FAD74B91C2: set configuration 0: peers:[0b714aca-fc82-484b-9944-7b2ffbc45fbf|127.0.0.1:15067, 528b4752-3c7b-4991-99e9-89ee621f29a5|127.0.0.1:15085, 5b847746-75e9-42bf-94b1-858a537db9cd|127.0.0.1:15076]|listeners:[], old=null
2024-05-09 06:25:25,431 [5b847746-75e9-42bf-94b1-858a537db9cd-server-thread2] INFO  segmented.SegmentedRaftLogWorker (SegmentedRaftLogWorker.java:startLogSegment(430)) - 5b847746-75e9-42bf-94b1-858a537db9cd@group-A6FAD74B91C2-SegmentedRaftLogWorker: Starting segment from index:0
2024-05-09 06:25:25,431 [5b847746-75e9-42bf-94b1-858a537db9cd@group-A6FAD74B91C2-SegmentedRaftLogWorker] INFO  segmented.BufferedWriteChannel (BufferedWriteChannel.java:open(62)) - open log_inprogress_0 at position 0
2024-05-09 06:25:25,439 [5b847746-75e9-42bf-94b1-858a537db9cd@group-A6FAD74B91C2-SegmentedRaftLogWorker] INFO  segmented.SegmentedRaftLogWorker (SegmentedRaftLogWorker.java:execute(634)) - 5b847746-75e9-42bf-94b1-858a537db9cd@group-A6FAD74B91C2-SegmentedRaftLogWorker: created new log segment /home/runner/work/ozone/ozone/hadoop-ozone/integration-test/target/test-dir/MiniOzoneClusterImpl-48ce40b1-13f8-460b-b529-5aa00ab75c3e/ozone-meta/datanode-2/ratis/a143d81d-e1da-48a4-b870-a6fad74b91c2/current/log_inprogress_0
2024-05-09 06:25:25,441 [0b714aca-fc82-484b-9944-7b2ffbc45fbf@group-A6FAD74B91C2-StateMachineUpdater] INFO  server.RaftServer$Division (LeaderStateImpl.java:isApplied(320)) - leader is ready since appliedIndex == 0 >= startIndex == 0
2024-05-09 06:25:26,499 [grpc-default-executor-3] WARN  server.GrpcLogAppender (LogUtils.java:warn(121)) - 0b714aca-fc82-484b-9944-7b2ffbc45fbf@group-711D46114548->528b4752-3c7b-4991-99e9-89ee621f29a5-AppendLogResponseHandler: Failed appendEntries: org.apache.ratis.thirdparty.io.grpc.StatusRuntimeException: UNAVAILABLE: io exception
2024-05-09 06:25:26,500 [grpc-default-executor-4] WARN  server.GrpcLogAppender (GrpcLogAppender.java:lambda$resetClient$1(217)) - 0b714aca-fc82-484b-9944-7b2ffbc45fbf@group-711D46114548->528b4752-3c7b-4991-99e9-89ee621f29a5-GrpcLogAppender: Follower failed (request=null, errorCount=9); keep nextIndex (9) unchanged and retry.
2024-05-09 06:25:30,422 [timer7] WARN  server.GrpcLogAppender (GrpcLogAppender.java:lambda$resetClient$1(217)) - 0b714aca-fc82-484b-9944-7b2ffbc45fbf@group-A6FAD74B91C2->528b4752-3c7b-4991-99e9-89ee621f29a5-GrpcLogAppender: Follower failed (request=null, errorCount=2); keep nextIndex (0) unchanged and retry. (Repeated 2 times in the last 5.000s)
2024-05-09 06:25:30,423 [timer6] WARN  server.GrpcLogAppender (LogUtils.java:warn(121)) - 0b714aca-fc82-484b-9944-7b2ffbc45fbf@group-A6FAD74B91C2->528b4752-3c7b-4991-99e9-89ee621f29a5-AppendLogResponseHandler: Failed appendEntries (Repeated 10 times in the last 5.001s): org.apache.ratis.thirdparty.io.grpc.StatusRuntimeException: UNAVAILABLE: io exception
2024-05-09 06:25:30,427 [timer2] WARN  server.GrpcLogAppender (GrpcLogAppender.java:lambda$resetClient$1(217)) - 0b714aca-fc82-484b-9944-7b2ffbc45fbf@group-A6FAD74B91C2->528b4752-3c7b-4991-99e9-89ee621f29a5-GrpcLogAppender: Follower failed (request=null, errorCount=10); keep nextIndex (1) unchanged and retry. (Repeated 8 times in the last 5.000s)
2024-05-09 06:25:30,430 [grpc-default-executor-3] WARN  server.GrpcLogAppender (LogUtils.java:warn(121)) - 0b714aca-fc82-484b-9944-7b2ffbc45fbf@group-A6FAD74B91C2->528b4752-3c7b-4991-99e9-89ee621f29a5-AppendLogResponseHandler: Failed appendEntries: org.apache.ratis.thirdparty.io.grpc.StatusRuntimeException: UNAVAILABLE: io exception
2024-05-09 06:25:30,431 [grpc-default-executor-4] WARN  server.GrpcLogAppender (GrpcLogAppender.java:lambda$resetClient$1(217)) - 0b714aca-fc82-484b-9944-7b2ffbc45fbf@group-A6FAD74B91C2->528b4752-3c7b-4991-99e9-89ee621f29a5-GrpcLogAppender: Follower failed (request=null, errorCount=11); keep nextIndex (1) unchanged and retry.
2024-05-09 06:25:31,500 [timer4] WARN  server.GrpcLogAppender (GrpcLogAppender.java:lambda$resetClient$1(217)) - 0b714aca-fc82-484b-9944-7b2ffbc45fbf@group-711D46114548->528b4752-3c7b-4991-99e9-89ee621f29a5-GrpcLogAppender: Follower failed (request=null, errorCount=14); keep nextIndex (9) unchanged and retry. (Repeated 6 times in the last 5.000s)
2024-05-09 06:25:31,500 [timer3] WARN  server.GrpcLogAppender (LogUtils.java:warn(121)) - 0b714aca-fc82-484b-9944-7b2ffbc45fbf@group-711D46114548->528b4752-3c7b-4991-99e9-89ee621f29a5-AppendLogResponseHandler: Failed appendEntries (Repeated 6 times in the last 5.001s): org.apache.ratis.thirdparty.io.grpc.StatusRuntimeException: UNAVAILABLE: io exception
2024-05-09 06:25:32,181 [grpc-default-executor-4] WARN  server.GrpcLogAppender (LogUtils.java:warn(121)) - 0b714aca-fc82-484b-9944-7b2ffbc45fbf@group-711D46114548->528b4752-3c7b-4991-99e9-89ee621f29a5-AppendLogResponseHandler: Failed appendEntries: org.apache.ratis.thirdparty.io.grpc.StatusRuntimeException: UNAVAILABLE: io exception
2024-05-09 06:25:32,182 [grpc-default-executor-3] WARN  server.GrpcLogAppender (GrpcLogAppender.java:lambda$resetClient$1(217)) - 0b714aca-fc82-484b-9944-7b2ffbc45fbf@group-711D46114548->528b4752-3c7b-4991-99e9-89ee621f29a5-GrpcLogAppender: Follower failed (request=null, errorCount=15); keep nextIndex (9) unchanged and retry.
2024-05-09 06:25:35,431 [timer2] WARN  server.GrpcLogAppender (LogUtils.java:warn(121)) - 0b714aca-fc82-484b-9944-7b2ffbc45fbf@group-A6FAD74B91C2->528b4752-3c7b-4991-99e9-89ee621f29a5-AppendLogResponseHandler: Failed appendEntries (Repeated 8 times in the last 5.001s): org.apache.ratis.thirdparty.io.grpc.StatusRuntimeException: UNAVAILABLE: io exception
2024-05-09 06:25:35,432 [timer3] WARN  server.GrpcLogAppender (GrpcLogAppender.java:lambda$resetClient$1(217)) - 0b714aca-fc82-484b-9944-7b2ffbc45fbf@group-A6FAD74B91C2->528b4752-3c7b-4991-99e9-89ee621f29a5-GrpcLogAppender: Follower failed (request=null, errorCount=18); keep nextIndex (1) unchanged and retry. (Repeated 8 times in the last 5.000s)
2024-05-09 06:25:36,144 [grpc-default-executor-3] WARN  server.GrpcLogAppender (LogUtils.java:warn(121)) - 0b714aca-fc82-484b-9944-7b2ffbc45fbf@group-A6FAD74B91C2->528b4752-3c7b-4991-99e9-89ee621f29a5-AppendLogResponseHandler: Failed appendEntries: org.apache.ratis.thirdparty.io.grpc.StatusRuntimeException: UNAVAILABLE: io exception
2024-05-09 06:25:36,145 [grpc-default-executor-4] WARN  server.GrpcLogAppender (GrpcLogAppender.java:lambda$resetClient$1(217)) - 0b714aca-fc82-484b-9944-7b2ffbc45fbf@group-A6FAD74B91C2->528b4752-3c7b-4991-99e9-89ee621f29a5-GrpcLogAppender: Follower failed (request=null, errorCount=19); keep nextIndex (1) unchanged and retry.
2024-05-09 06:25:37,182 [timer0] WARN  server.GrpcLogAppender (LogUtils.java:warn(121)) - 0b714aca-fc82-484b-9944-7b2ffbc45fbf@group-711D46114548->528b4752-3c7b-4991-99e9-89ee621f29a5-AppendLogResponseHandler: Failed appendEntries (Repeated 6 times in the last 5.000s): org.apache.ratis.thirdparty.io.grpc.StatusRuntimeException: UNAVAILABLE: io exception
2024-05-09 06:25:37,182 [timer1] WARN  server.GrpcLogAppender (GrpcLogAppender.java:lambda$resetClient$1(217)) - 0b714aca-fc82-484b-9944-7b2ffbc45fbf@group-711D46114548->528b4752-3c7b-4991-99e9-89ee621f29a5-GrpcLogAppender: Follower failed (request=null, errorCount=20); keep nextIndex (9) unchanged and retry. (Repeated 6 times in the last 5.000s)
2024-05-09 06:25:38,281 [grpc-default-executor-3] WARN  server.GrpcLogAppender (LogUtils.java:warn(121)) - 0b714aca-fc82-484b-9944-7b2ffbc45fbf@group-711D46114548->528b4752-3c7b-4991-99e9-89ee621f29a5-AppendLogResponseHandler: Failed appendEntries: org.apache.ratis.thirdparty.io.grpc.StatusRuntimeException: UNAVAILABLE: io exception
2024-05-09 06:25:38,281 [grpc-default-executor-4] WARN  server.GrpcLogAppender (GrpcLogAppender.java:lambda$resetClient$1(217)) - 0b714aca-fc82-484b-9944-7b2ffbc45fbf@group-711D46114548->528b4752-3c7b-4991-99e9-89ee621f29a5-GrpcLogAppender: Follower failed (request=null, errorCount=21); keep nextIndex (9) unchanged and retry.
2024-05-09 06:25:41,144 [timer0] WARN  server.GrpcLogAppender (LogUtils.java:warn(121)) - 0b714aca-fc82-484b-9944-7b2ffbc45fbf@group-A6FAD74B91C2->528b4752-3c7b-4991-99e9-89ee621f29a5-AppendLogResponseHandler: Failed appendEntries (Repeated 6 times in the last 5.000s): org.apache.ratis.thirdparty.io.grpc.StatusRuntimeException: UNAVAILABLE: io exception
2024-05-09 06:25:41,146 [timer1] WARN  server.GrpcLogAppender (GrpcLogAppender.java:lambda$resetClient$1(217)) - 0b714aca-fc82-484b-9944-7b2ffbc45fbf@group-A6FAD74B91C2->528b4752-3c7b-4991-99e9-89ee621f29a5-GrpcLogAppender: Follower failed (request=null, errorCount=24); keep nextIndex (1) unchanged and retry. (Repeated 6 times in the last 5.001s)
2024-05-09 06:25:42,135 [grpc-default-executor-3] WARN  server.GrpcLogAppender (LogUtils.java:warn(121)) - 0b714aca-fc82-484b-9944-7b2ffbc45fbf@group-A6FAD74B91C2->528b4752-3c7b-4991-99e9-89ee621f29a5-AppendLogResponseHandler: Failed appendEntries: org.apache.ratis.thirdparty.io.grpc.StatusRuntimeException: UNAVAILABLE: io exception
2024-05-09 06:25:42,136 [grpc-default-executor-4] WARN  server.GrpcLogAppender (GrpcLogAppender.java:lambda$resetClient$1(217)) - 0b714aca-fc82-484b-9944-7b2ffbc45fbf@group-A6FAD74B91C2->528b4752-3c7b-4991-99e9-89ee621f29a5-GrpcLogAppender: Follower failed (request=null, errorCount=25); keep nextIndex (1) unchanged and retry.
2024-05-09 06:25:43,281 [timer1] WARN  server.GrpcLogAppender (LogUtils.java:warn(121)) - 0b714aca-fc82-484b-9944-7b2ffbc45fbf@group-711D46114548->528b4752-3c7b-4991-99e9-89ee621f29a5-AppendLogResponseHandler: Failed appendEntries (Repeated 6 times in the last 5.000s): org.apache.ratis.thirdparty.io.grpc.StatusRuntimeException: UNAVAILABLE: io exception
2024-05-09 06:25:43,281 [timer2] WARN  server.GrpcLogAppender (GrpcLogAppender.java:lambda$resetClient$1(217)) - 0b714aca-fc82-484b-9944-7b2ffbc45fbf@group-711D46114548->528b4752-3c7b-4991-99e9-89ee621f29a5-GrpcLogAppender: Follower failed (request=null, errorCount=26); keep nextIndex (9) unchanged and retry. (Repeated 6 times in the last 5.000s)
2024-05-09 06:25:44,836 [grpc-default-executor-3] WARN  server.GrpcLogAppender (LogUtils.java:warn(121)) - 0b714aca-fc82-484b-9944-7b2ffbc45fbf@group-711D46114548->528b4752-3c7b-4991-99e9-89ee621f29a5-AppendLogResponseHandler: Failed appendEntries: org.apache.ratis.thirdparty.io.grpc.StatusRuntimeException: UNAVAILABLE: io exception
2024-05-09 06:25:44,837 [grpc-default-executor-4] WARN  server.GrpcLogAppender (GrpcLogAppender.java:lambda$resetClient$1(217)) - 0b714aca-fc82-484b-9944-7b2ffbc45fbf@group-711D46114548->528b4752-3c7b-4991-99e9-89ee621f29a5-GrpcLogAppender: Follower failed (request=null, errorCount=27); keep nextIndex (9) unchanged and retry.
2024-05-09 06:25:47,136 [timer7] WARN  server.GrpcLogAppender (LogUtils.java:warn(121)) - 0b714aca-fc82-484b-9944-7b2ffbc45fbf@group-A6FAD74B91C2->528b4752-3c7b-4991-99e9-89ee621f29a5-AppendLogResponseHandler: Failed appendEntries (Repeated 8 times in the last 5.000s): org.apache.ratis.thirdparty.io.grpc.StatusRuntimeException: UNAVAILABLE: io exception
2024-05-09 06:25:47,137 [timer0] WARN  server.GrpcLogAppender (GrpcLogAppender.java:lambda$resetClient$1(217)) - 0b714aca-fc82-484b-9944-7b2ffbc45fbf@group-A6FAD74B91C2->528b4752-3c7b-4991-99e9-89ee621f29a5-GrpcLogAppender: Follower failed (request=null, errorCount=32); keep nextIndex (1) unchanged and retry. (Repeated 8 times in the last 5.001s)
2024-05-09 06:25:49,836 [timer0] WARN  server.GrpcLogAppender (LogUtils.java:warn(121)) - 0b714aca-fc82-484b-9944-7b2ffbc45fbf@group-711D46114548->528b4752-3c7b-4991-99e9-89ee621f29a5-AppendLogResponseHandler: Failed appendEntries (Repeated 6 times in the last 4.999s): org.apache.ratis.thirdparty.io.grpc.StatusRuntimeException: UNAVAILABLE: io exception
2024-05-09 06:25:49,837 [timer1] WARN  server.GrpcLogAppender (GrpcLogAppender.java:lambda$resetClient$1(217)) - 0b714aca-fc82-484b-9944-7b2ffbc45fbf@group-711D46114548->528b4752-3c7b-4991-99e9-89ee621f29a5-GrpcLogAppender: Follower failed (request=null, errorCount=32); keep nextIndex (9) unchanged and retry. (Repeated 6 times in the last 5.000s)
2024-05-09 06:25:50,543 [grpc-default-executor-3] WARN  server.GrpcLogAppender (LogUtils.java:warn(121)) - 0b714aca-fc82-484b-9944-7b2ffbc45fbf@group-A6FAD74B91C2->528b4752-3c7b-4991-99e9-89ee621f29a5-AppendLogResponseHandler: Failed appendEntries: org.apache.ratis.thirdparty.io.grpc.StatusRuntimeException: UNAVAILABLE: io exception
2024-05-09 06:25:50,544 [grpc-default-executor-4] WARN  server.GrpcLogAppender (GrpcLogAppender.java:lambda$resetClient$1(217)) - 0b714aca-fc82-484b-9944-7b2ffbc45fbf@group-A6FAD74B91C2->528b4752-3c7b-4991-99e9-89ee621f29a5-GrpcLogAppender: Follower failed (request=null, errorCount=33); keep nextIndex (1) unchanged and retry.
2024-05-09 06:25:54,910 [grpc-default-executor-3] WARN  server.GrpcLogAppender (LogUtils.java:warn(121)) - 0b714aca-fc82-484b-9944-7b2ffbc45fbf@group-711D46114548->528b4752-3c7b-4991-99e9-89ee621f29a5-AppendLogResponseHandler: Failed appendEntries: org.apache.ratis.thirdparty.io.grpc.StatusRuntimeException: UNAVAILABLE: io exception
2024-05-09 06:25:54,911 [grpc-default-executor-4] WARN  server.GrpcLogAppender (GrpcLogAppender.java:lambda$resetClient$1(217)) - 0b714aca-fc82-484b-9944-7b2ffbc45fbf@group-711D46114548->528b4752-3c7b-4991-99e9-89ee621f29a5-GrpcLogAppender: Follower failed (request=null, errorCount=33); keep nextIndex (9) unchanged and retry.
2024-05-09 06:25:55,543 [timer6] WARN  server.GrpcLogAppender (LogUtils.java:warn(121)) - 0b714aca-fc82-484b-9944-7b2ffbc45fbf@group-A6FAD74B91C2->528b4752-3c7b-4991-99e9-89ee621f29a5-AppendLogResponseHandler: Failed appendEntries (Repeated 2 times in the last 5.000s): org.apache.ratis.thirdparty.io.grpc.StatusRuntimeException: UNAVAILABLE: io exception
2024-05-09 06:25:55,544 [timer7] WARN  server.GrpcLogAppender (GrpcLogAppender.java:lambda$resetClient$1(217)) - 0b714aca-fc82-484b-9944-7b2ffbc45fbf@group-A6FAD74B91C2->528b4752-3c7b-4991-99e9-89ee621f29a5-GrpcLogAppender: Follower failed (request=null, errorCount=34); keep nextIndex (1) unchanged and retry. (Repeated 2 times in the last 5.000s)
2024-05-09 06:25:57,093 [grpc-default-executor-3] WARN  server.GrpcLogAppender (LogUtils.java:warn(121)) - 0b714aca-fc82-484b-9944-7b2ffbc45fbf@group-A6FAD74B91C2->528b4752-3c7b-4991-99e9-89ee621f29a5-AppendLogResponseHandler: Failed appendEntries: org.apache.ratis.thirdparty.io.grpc.StatusRuntimeException: UNAVAILABLE: io exception
2024-05-09 06:25:57,094 [grpc-default-executor-4] WARN  server.GrpcLogAppender (GrpcLogAppender.java:lambda$resetClient$1(217)) - 0b714aca-fc82-484b-9944-7b2ffbc45fbf@group-A6FAD74B91C2->528b4752-3c7b-4991-99e9-89ee621f29a5-GrpcLogAppender: Follower failed (request=null, errorCount=35); keep nextIndex (1) unchanged and retry.
2024-05-09 06:25:59,911 [timer5] WARN  server.GrpcLogAppender (LogUtils.java:warn(121)) - 0b714aca-fc82-484b-9944-7b2ffbc45fbf@group-711D46114548->528b4752-3c7b-4991-99e9-89ee621f29a5-AppendLogResponseHandler: Failed appendEntries (Repeated 4 times in the last 5.000s): org.apache.ratis.thirdparty.io.grpc.StatusRuntimeException: UNAVAILABLE: io exception
2024-05-09 06:25:59,911 [timer6] WARN  server.GrpcLogAppender (GrpcLogAppender.java:lambda$resetClient$1(217)) - 0b714aca-fc82-484b-9944-7b2ffbc45fbf@group-711D46114548->528b4752-3c7b-4991-99e9-89ee621f29a5-GrpcLogAppender: Follower failed (request=null, errorCount=36); keep nextIndex (9) unchanged and retry. (Repeated 4 times in the last 5.001s)
2024-05-09 06:26:02,094 [timer6] WARN  server.GrpcLogAppender (LogUtils.java:warn(121)) - 0b714aca-fc82-484b-9944-7b2ffbc45fbf@group-A6FAD74B91C2->528b4752-3c7b-4991-99e9-89ee621f29a5-AppendLogResponseHandler: Failed appendEntries (Repeated 4 times in the last 5.000s): org.apache.ratis.thirdparty.io.grpc.StatusRuntimeException: UNAVAILABLE: io exception
2024-05-09 06:26:02,094 [timer7] WARN  server.GrpcLogAppender (GrpcLogAppender.java:lambda$resetClient$1(217)) - 0b714aca-fc82-484b-9944-7b2ffbc45fbf@group-A6FAD74B91C2->528b4752-3c7b-4991-99e9-89ee621f29a5-GrpcLogAppender: Follower failed (request=null, errorCount=38); keep nextIndex (1) unchanged and retry. (Repeated 4 times in the last 5.000s)
2024-05-09 06:26:04,515 [grpc-default-executor-3] WARN  server.GrpcLogAppender (LogUtils.java:warn(121)) - 0b714aca-fc82-484b-9944-7b2ffbc45fbf@group-711D46114548->528b4752-3c7b-4991-99e9-89ee621f29a5-AppendLogResponseHandler: Failed appendEntries: org.apache.ratis.thirdparty.io.grpc.StatusRuntimeException: UNAVAILABLE: io exception
2024-05-09 06:26:04,516 [grpc-default-executor-4] WARN  server.GrpcLogAppender (GrpcLogAppender.java:lambda$resetClient$1(217)) - 0b714aca-fc82-484b-9944-7b2ffbc45fbf@group-711D46114548->528b4752-3c7b-4991-99e9-89ee621f29a5-GrpcLogAppender: Follower failed (request=null, errorCount=37); keep nextIndex (9) unchanged and retry.
2024-05-09 06:26:06,527 [grpc-default-executor-3] WARN  server.GrpcLogAppender (LogUtils.java:warn(121)) - 0b714aca-fc82-484b-9944-7b2ffbc45fbf@group-A6FAD74B91C2->528b4752-3c7b-4991-99e9-89ee621f29a5-AppendLogResponseHandler: Failed appendEntries: org.apache.ratis.thirdparty.io.grpc.StatusRuntimeException: UNAVAILABLE: io exception
2024-05-09 06:26:06,528 [grpc-default-executor-4] WARN  server.GrpcLogAppender (GrpcLogAppender.java:lambda$resetClient$1(217)) - 0b714aca-fc82-484b-9944-7b2ffbc45fbf@group-A6FAD74B91C2->528b4752-3c7b-4991-99e9-89ee621f29a5-GrpcLogAppender: Follower failed (request=null, errorCount=39); keep nextIndex (1) unchanged and retry.
2024-05-09 06:26:09,515 [timer4] WARN  server.GrpcLogAppender (LogUtils.java:warn(121)) - 0b714aca-fc82-484b-9944-7b2ffbc45fbf@group-711D46114548->528b4752-3c7b-4991-99e9-89ee621f29a5-AppendLogResponseHandler: Failed appendEntries (Repeated 2 times in the last 5.000s): org.apache.ratis.thirdparty.io.grpc.StatusRuntimeException: UNAVAILABLE: io exception
2024-05-09 06:26:09,516 [timer5] WARN  server.GrpcLogAppender (GrpcLogAppender.java:lambda$resetClient$1(217)) - 0b714aca-fc82-484b-9944-7b2ffbc45fbf@group-711D46114548->528b4752-3c7b-4991-99e9-89ee621f29a5-GrpcLogAppender: Follower failed (request=null, errorCount=38); keep nextIndex (9) unchanged and retry. (Repeated 2 times in the last 5.001s)
2024-05-09 06:26:09,834 [0b714aca-fc82-484b-9944-7b2ffbc45fbf-BlockDeletingService#0] INFO  interfaces.ContainerDeletionChoosingPolicyTemplate (ContainerDeletionChoosingPolicyTemplate.java:chooseContainerForBlockDeletion(85)) - Chosen 0/5000 blocks from 0 candidate containers.
2024-05-09 06:26:09,906 [5b847746-75e9-42bf-94b1-858a537db9cd-BlockDeletingService#0] INFO  interfaces.ContainerDeletionChoosingPolicyTemplate (ContainerDeletionChoosingPolicyTemplate.java:chooseContainerForBlockDeletion(85)) - Chosen 0/5000 blocks from 0 candidate containers.
2024-05-09 06:26:09,997 [528b4752-3c7b-4991-99e9-89ee621f29a5-BlockDeletingService#0] INFO  interfaces.ContainerDeletionChoosingPolicyTemplate (ContainerDeletionChoosingPolicyTemplate.java:chooseContainerForBlockDeletion(85)) - Chosen 0/5000 blocks from 0 candidate containers.
2024-05-09 06:26:10,064 [c367b86c-aa24-47f1-8357-097651e72609-BlockDeletingService#0] INFO  interfaces.ContainerDeletionChoosingPolicyTemplate (ContainerDeletionChoosingPolicyTemplate.java:chooseContainerForBlockDeletion(85)) - Chosen 0/5000 blocks from 0 candidate containers.
2024-05-09 06:26:10,156 [bda92e25-e077-447c-8dba-c1f962292f2e-BlockDeletingService#0] INFO  interfaces.ContainerDeletionChoosingPolicyTemplate (ContainerDeletionChoosingPolicyTemplate.java:chooseContainerForBlockDeletion(85)) - Chosen 0/5000 blocks from 0 candidate containers.
2024-05-09 06:26:10,424 [grpc-default-executor-3] WARN  server.GrpcLogAppender (LogUtils.java:warn(121)) - 0b714aca-fc82-484b-9944-7b2ffbc45fbf@group-711D46114548->528b4752-3c7b-4991-99e9-89ee621f29a5-AppendLogResponseHandler: Failed appendEntries: org.apache.ratis.thirdparty.io.grpc.StatusRuntimeException: UNAVAILABLE: io exception
2024-05-09 06:26:10,424 [grpc-default-executor-4] WARN  server.GrpcLogAppender (GrpcLogAppender.java:lambda$resetClient$1(217)) - 0b714aca-fc82-484b-9944-7b2ffbc45fbf@group-711D46114548->528b4752-3c7b-4991-99e9-89ee621f29a5-GrpcLogAppender: Follower failed (request=null, errorCount=39); keep nextIndex (9) unchanged and retry.
2024-05-09 06:26:11,528 [timer6] WARN  server.GrpcLogAppender (LogUtils.java:warn(121)) - 0b714aca-fc82-484b-9944-7b2ffbc45fbf@group-A6FAD74B91C2->528b4752-3c7b-4991-99e9-89ee621f29a5-AppendLogResponseHandler: Failed appendEntries (Repeated 2 times in the last 5.000s): org.apache.ratis.thirdparty.io.grpc.StatusRuntimeException: UNAVAILABLE: io exception
2024-05-09 06:26:11,528 [timer7] WARN  server.GrpcLogAppender (GrpcLogAppender.java:lambda$resetClient$1(217)) - 0b714aca-fc82-484b-9944-7b2ffbc45fbf@group-A6FAD74B91C2->528b4752-3c7b-4991-99e9-89ee621f29a5-GrpcLogAppender: Follower failed (request=null, errorCount=40); keep nextIndex (1) unchanged and retry. (Repeated 2 times in the last 5.001s)
2024-05-09 06:26:13,995 [grpc-default-executor-3] WARN  server.GrpcLogAppender (LogUtils.java:warn(121)) - 0b714aca-fc82-484b-9944-7b2ffbc45fbf@group-A6FAD74B91C2->528b4752-3c7b-4991-99e9-89ee621f29a5-AppendLogResponseHandler: Failed appendEntries: org.apache.ratis.thirdparty.io.grpc.StatusRuntimeException: UNAVAILABLE: io exception
2024-05-09 06:26:13,995 [grpc-default-executor-4] WARN  server.GrpcLogAppender (GrpcLogAppender.java:lambda$resetClient$1(217)) - 0b714aca-fc82-484b-9944-7b2ffbc45fbf@group-A6FAD74B91C2->528b4752-3c7b-4991-99e9-89ee621f29a5-GrpcLogAppender: Follower failed (request=null, errorCount=41); keep nextIndex (1) unchanged and retry.
2024-05-09 06:26:15,424 [timer7] WARN  server.GrpcLogAppender (GrpcLogAppender.java:lambda$resetClient$1(217)) - 0b714aca-fc82-484b-9944-7b2ffbc45fbf@group-711D46114548->528b4752-3c7b-4991-99e9-89ee621f29a5-GrpcLogAppender: Follower failed (request=null, errorCount=40); keep nextIndex (9) unchanged and retry. (Repeated 2 times in the last 4.999s)
2024-05-09 06:26:15,424 [timer6] WARN  server.GrpcLogAppender (LogUtils.java:warn(121)) - 0b714aca-fc82-484b-9944-7b2ffbc45fbf@group-711D46114548->528b4752-3c7b-4991-99e9-89ee621f29a5-AppendLogResponseHandler: Failed appendEntries (Repeated 2 times in the last 5.000s): org.apache.ratis.thirdparty.io.grpc.StatusRuntimeException: UNAVAILABLE: io exception
2024-05-09 06:26:16,622 [grpc-default-executor-3] WARN  server.GrpcLogAppender (LogUtils.java:warn(121)) - 0b714aca-fc82-484b-9944-7b2ffbc45fbf@group-711D46114548->528b4752-3c7b-4991-99e9-89ee621f29a5-AppendLogResponseHandler: Failed appendEntries: org.apache.ratis.thirdparty.io.grpc.StatusRuntimeException: UNAVAILABLE: io exception
2024-05-09 06:26:16,623 [grpc-default-executor-4] WARN  server.GrpcLogAppender (GrpcLogAppender.java:lambda$resetClient$1(217)) - 0b714aca-fc82-484b-9944-7b2ffbc45fbf@group-711D46114548->528b4752-3c7b-4991-99e9-89ee621f29a5-GrpcLogAppender: Follower failed (request=null, errorCount=41); keep nextIndex (9) unchanged and retry.
2024-05-09 06:26:18,995 [timer5] WARN  server.GrpcLogAppender (LogUtils.java:warn(121)) - 0b714aca-fc82-484b-9944-7b2ffbc45fbf@group-A6FAD74B91C2->528b4752-3c7b-4991-99e9-89ee621f29a5-AppendLogResponseHandler: Failed appendEntries (Repeated 2 times in the last 5.000s): org.apache.ratis.thirdparty.io.grpc.StatusRuntimeException: UNAVAILABLE: io exception
2024-05-09 06:26:18,996 [timer6] WARN  server.GrpcLogAppender (GrpcLogAppender.java:lambda$resetClient$1(217)) - 0b714aca-fc82-484b-9944-7b2ffbc45fbf@group-A6FAD74B91C2->528b4752-3c7b-4991-99e9-89ee621f29a5-GrpcLogAppender: Follower failed (request=null, errorCount=42); keep nextIndex (1) unchanged and retry. (Repeated 2 times in the last 5.001s)
2024-05-09 06:26:19,216 [grpc-default-executor-3] WARN  server.GrpcLogAppender (LogUtils.java:warn(121)) - 0b714aca-fc82-484b-9944-7b2ffbc45fbf@group-A6FAD74B91C2->528b4752-3c7b-4991-99e9-89ee621f29a5-AppendLogResponseHandler: Failed appendEntries: org.apache.ratis.thirdparty.io.grpc.StatusRuntimeException: UNAVAILABLE: io exception
2024-05-09 06:26:19,217 [grpc-default-executor-4] WARN  server.GrpcLogAppender (GrpcLogAppender.java:lambda$resetClient$1(217)) - 0b714aca-fc82-484b-9944-7b2ffbc45fbf@group-A6FAD74B91C2->528b4752-3c7b-4991-99e9-89ee621f29a5-GrpcLogAppender: Follower failed (request=null, errorCount=43); keep nextIndex (1) unchanged and retry.
2024-05-09 06:26:21,622 [timer6] WARN  server.GrpcLogAppender (LogUtils.java:warn(121)) - 0b714aca-fc82-484b-9944-7b2ffbc45fbf@group-711D46114548->528b4752-3c7b-4991-99e9-89ee621f29a5-AppendLogResponseHandler: Failed appendEntries (Repeated 2 times in the last 5.000s): org.apache.ratis.thirdparty.io.grpc.StatusRuntimeException: UNAVAILABLE: io exception
2024-05-09 06:26:21,623 [timer7] WARN  server.GrpcLogAppender (GrpcLogAppender.java:lambda$resetClient$1(217)) - 0b714aca-fc82-484b-9944-7b2ffbc45fbf@group-711D46114548->528b4752-3c7b-4991-99e9-89ee621f29a5-GrpcLogAppender: Follower failed (request=null, errorCount=42); keep nextIndex (9) unchanged and retry. (Repeated 2 times in the last 5.001s)
2024-05-09 06:26:23,130 [grpc-default-executor-3] WARN  server.GrpcLogAppender (LogUtils.java:warn(121)) - 0b714aca-fc82-484b-9944-7b2ffbc45fbf@group-711D46114548->528b4752-3c7b-4991-99e9-89ee621f29a5-AppendLogResponseHandler: Failed appendEntries: org.apache.ratis.thirdparty.io.grpc.StatusRuntimeException: UNAVAILABLE: io exception
2024-05-09 06:26:23,131 [grpc-default-executor-4] WARN  server.GrpcLogAppender (GrpcLogAppender.java:lambda$resetClient$1(217)) - 0b714aca-fc82-484b-9944-7b2ffbc45fbf@group-711D46114548->528b4752-3c7b-4991-99e9-89ee621f29a5-GrpcLogAppender: Follower failed (request=null, errorCount=43); keep nextIndex (9) unchanged and retry.
2024-05-09 06:26:24,217 [timer6] WARN  server.GrpcLogAppender (LogUtils.java:warn(121)) - 0b714aca-fc82-484b-9944-7b2ffbc45fbf@group-A6FAD74B91C2->528b4752-3c7b-4991-99e9-89ee621f29a5-AppendLogResponseHandler: Failed appendEntries (Repeated 2 times in the last 5.000s): org.apache.ratis.thirdparty.io.grpc.StatusRuntimeException: UNAVAILABLE: io exception
2024-05-09 06:26:24,217 [timer7] WARN  server.GrpcLogAppender (GrpcLogAppender.java:lambda$resetClient$1(217)) - 0b714aca-fc82-484b-9944-7b2ffbc45fbf@group-A6FAD74B91C2->528b4752-3c7b-4991-99e9-89ee621f29a5-GrpcLogAppender: Follower failed (request=null, errorCount=44); keep nextIndex (1) unchanged and retry. (Repeated 2 times in the last 5.000s)
2024-05-09 06:26:24,589 [grpc-default-executor-3] WARN  server.GrpcLogAppender (LogUtils.java:warn(121)) - 0b714aca-fc82-484b-9944-7b2ffbc45fbf@group-A6FAD74B91C2->528b4752-3c7b-4991-99e9-89ee621f29a5-AppendLogResponseHandler: Failed appendEntries: org.apache.ratis.thirdparty.io.grpc.StatusRuntimeException: UNAVAILABLE: io exception
2024-05-09 06:26:24,590 [grpc-default-executor-4] WARN  server.GrpcLogAppender (GrpcLogAppender.java:lambda$resetClient$1(217)) - 0b714aca-fc82-484b-9944-7b2ffbc45fbf@group-A6FAD74B91C2->528b4752-3c7b-4991-99e9-89ee621f29a5-GrpcLogAppender: Follower failed (request=null, errorCount=45); keep nextIndex (1) unchanged and retry.
2024-05-09 06:26:28,131 [timer7] WARN  server.GrpcLogAppender (LogUtils.java:warn(121)) - 0b714aca-fc82-484b-9944-7b2ffbc45fbf@group-711D46114548->528b4752-3c7b-4991-99e9-89ee621f29a5-AppendLogResponseHandler: Failed appendEntries (Repeated 2 times in the last 5.000s): org.apache.ratis.thirdparty.io.grpc.StatusRuntimeException: UNAVAILABLE: io exception
2024-05-09 06:26:28,131 [timer0] WARN  server.GrpcLogAppender (GrpcLogAppender.java:lambda$resetClient$1(217)) - 0b714aca-fc82-484b-9944-7b2ffbc45fbf@group-711D46114548->528b4752-3c7b-4991-99e9-89ee621f29a5-GrpcLogAppender: Follower failed (request=null, errorCount=44); keep nextIndex (9) unchanged and retry. (Repeated 2 times in the last 5.000s)
2024-05-09 06:26:28,922 [grpc-default-executor-4] WARN  server.GrpcLogAppender (LogUtils.java:warn(121)) - 0b714aca-fc82-484b-9944-7b2ffbc45fbf@group-711D46114548->528b4752-3c7b-4991-99e9-89ee621f29a5-AppendLogResponseHandler: Failed appendEntries: org.apache.ratis.thirdparty.io.grpc.StatusRuntimeException: UNAVAILABLE: io exception
2024-05-09 06:26:28,923 [grpc-default-executor-3] WARN  server.GrpcLogAppender (GrpcLogAppender.java:lambda$resetClient$1(217)) - 0b714aca-fc82-484b-9944-7b2ffbc45fbf@group-711D46114548->528b4752-3c7b-4991-99e9-89ee621f29a5-GrpcLogAppender: Follower failed (request=null, errorCount=45); keep nextIndex (9) unchanged and retry.
2024-05-09 06:26:29,589 [timer6] WARN  server.GrpcLogAppender (LogUtils.java:warn(121)) - 0b714aca-fc82-484b-9944-7b2ffbc45fbf@group-A6FAD74B91C2->528b4752-3c7b-4991-99e9-89ee621f29a5-AppendLogResponseHandler: Failed appendEntries (Repeated 4 times in the last 5.000s): org.apache.ratis.thirdparty.io.grpc.StatusRuntimeException: UNAVAILABLE: io exception
2024-05-09 06:26:29,590 [timer7] WARN  server.GrpcLogAppender (GrpcLogAppender.java:lambda$resetClient$1(217)) - 0b714aca-fc82-484b-9944-7b2ffbc45fbf@group-A6FAD74B91C2->528b4752-3c7b-4991-99e9-89ee621f29a5-GrpcLogAppender: Follower failed (request=null, errorCount=48); keep nextIndex (1) unchanged and retry. (Repeated 4 times in the last 5.000s)
2024-05-09 06:26:33,923 [timer6] WARN  server.GrpcLogAppender (LogUtils.java:warn(121)) - 0b714aca-fc82-484b-9944-7b2ffbc45fbf@group-711D46114548->528b4752-3c7b-4991-99e9-89ee621f29a5-AppendLogResponseHandler: Failed appendEntries (Repeated 2 times in the last 5.001s): org.apache.ratis.thirdparty.io.grpc.StatusRuntimeException: UNAVAILABLE: io exception
2024-05-09 06:26:33,923 [timer7] WARN  server.GrpcLogAppender (GrpcLogAppender.java:lambda$resetClient$1(217)) - 0b714aca-fc82-484b-9944-7b2ffbc45fbf@group-711D46114548->528b4752-3c7b-4991-99e9-89ee621f29a5-GrpcLogAppender: Follower failed (request=null, errorCount=46); keep nextIndex (9) unchanged and retry. (Repeated 2 times in the last 5.001s)
2024-05-09 06:26:35,692 [grpc-default-executor-4] WARN  server.GrpcLogAppender (LogUtils.java:warn(121)) - 0b714aca-fc82-484b-9944-7b2ffbc45fbf@group-A6FAD74B91C2->528b4752-3c7b-4991-99e9-89ee621f29a5-AppendLogResponseHandler: Failed appendEntries: org.apache.ratis.thirdparty.io.grpc.StatusRuntimeException: UNAVAILABLE: io exception
2024-05-09 06:26:35,692 [grpc-default-executor-3] WARN  server.GrpcLogAppender (GrpcLogAppender.java:lambda$resetClient$1(217)) - 0b714aca-fc82-484b-9944-7b2ffbc45fbf@group-A6FAD74B91C2->528b4752-3c7b-4991-99e9-89ee621f29a5-GrpcLogAppender: Follower failed (request=null, errorCount=49); keep nextIndex (1) unchanged and retry.
2024-05-09 06:26:36,120 [grpc-default-executor-4] WARN  server.GrpcLogAppender (LogUtils.java:warn(121)) - 0b714aca-fc82-484b-9944-7b2ffbc45fbf@group-711D46114548->528b4752-3c7b-4991-99e9-89ee621f29a5-AppendLogResponseHandler: Failed appendEntries: org.apache.ratis.thirdparty.io.grpc.StatusRuntimeException: UNAVAILABLE: io exception
2024-05-09 06:26:36,121 [grpc-default-executor-3] WARN  server.GrpcLogAppender (GrpcLogAppender.java:lambda$resetClient$1(217)) - 0b714aca-fc82-484b-9944-7b2ffbc45fbf@group-711D46114548->528b4752-3c7b-4991-99e9-89ee621f29a5-GrpcLogAppender: Follower failed (request=null, errorCount=47); keep nextIndex (9) unchanged and retry.
2024-05-09 06:26:40,692 [timer5] WARN  server.GrpcLogAppender (LogUtils.java:warn(121)) - 0b714aca-fc82-484b-9944-7b2ffbc45fbf@group-A6FAD74B91C2->528b4752-3c7b-4991-99e9-89ee621f29a5-AppendLogResponseHandler: Failed appendEntries (Repeated 2 times in the last 5.000s): org.apache.ratis.thirdparty.io.grpc.StatusRuntimeException: UNAVAILABLE: io exception
2024-05-09 06:26:40,692 [timer6] WARN  server.GrpcLogAppender (GrpcLogAppender.java:lambda$resetClient$1(217)) - 0b714aca-fc82-484b-9944-7b2ffbc45fbf@group-A6FAD74B91C2->528b4752-3c7b-4991-99e9-89ee621f29a5-GrpcLogAppender: Follower failed (request=null, errorCount=50); keep nextIndex (1) unchanged and retry. (Repeated 2 times in the last 5.000s)
2024-05-09 06:26:41,121 [timer7] WARN  server.GrpcLogAppender (GrpcLogAppender.java:lambda$resetClient$1(217)) - 0b714aca-fc82-484b-9944-7b2ffbc45fbf@group-711D46114548->528b4752-3c7b-4991-99e9-89ee621f29a5-GrpcLogAppender: Follower failed (request=null, errorCount=50); keep nextIndex (9) unchanged and retry. (Repeated 4 times in the last 5.000s)
2024-05-09 06:26:41,121 [timer6] WARN  server.GrpcLogAppender (LogUtils.java:warn(121)) - 0b714aca-fc82-484b-9944-7b2ffbc45fbf@group-711D46114548->528b4752-3c7b-4991-99e9-89ee621f29a5-AppendLogResponseHandler: Failed appendEntries (Repeated 4 times in the last 5.001s): org.apache.ratis.thirdparty.io.grpc.StatusRuntimeException: UNAVAILABLE: io exception
2024-05-09 06:26:41,910 [grpc-default-executor-3] WARN  server.GrpcLogAppender (LogUtils.java:warn(121)) - 0b714aca-fc82-484b-9944-7b2ffbc45fbf@group-A6FAD74B91C2->528b4752-3c7b-4991-99e9-89ee621f29a5-AppendLogResponseHandler: Failed appendEntries: org.apache.ratis.thirdparty.io.grpc.StatusRuntimeException: UNAVAILABLE: io exception
2024-05-09 06:26:41,911 [grpc-default-executor-4] WARN  server.GrpcLogAppender (GrpcLogAppender.java:lambda$resetClient$1(217)) - 0b714aca-fc82-484b-9944-7b2ffbc45fbf@group-A6FAD74B91C2->528b4752-3c7b-4991-99e9-89ee621f29a5-GrpcLogAppender: Follower failed (request=null, errorCount=51); keep nextIndex (1) unchanged and retry.
2024-05-09 06:26:46,658 [grpc-default-executor-4] WARN  server.GrpcLogAppender (LogUtils.java:warn(121)) - 0b714aca-fc82-484b-9944-7b2ffbc45fbf@group-711D46114548->528b4752-3c7b-4991-99e9-89ee621f29a5-AppendLogResponseHandler: Failed appendEntries: org.apache.ratis.thirdparty.io.grpc.StatusRuntimeException: UNAVAILABLE: io exception
2024-05-09 06:26:46,659 [grpc-default-executor-3] WARN  server.GrpcLogAppender (GrpcLogAppender.java:lambda$resetClient$1(217)) - 0b714aca-fc82-484b-9944-7b2ffbc45fbf@group-711D46114548->528b4752-3c7b-4991-99e9-89ee621f29a5-GrpcLogAppender: Follower failed (request=null, errorCount=51); keep nextIndex (9) unchanged and retry.
2024-05-09 06:26:46,910 [timer4] WARN  server.GrpcLogAppender (LogUtils.java:warn(121)) - 0b714aca-fc82-484b-9944-7b2ffbc45fbf@group-A6FAD74B91C2->528b4752-3c7b-4991-99e9-89ee621f29a5-AppendLogResponseHandler: Failed appendEntries (Repeated 4 times in the last 5.000s): org.apache.ratis.thirdparty.io.grpc.StatusRuntimeException: UNAVAILABLE: io exception
2024-05-09 06:26:46,911 [timer5] WARN  server.GrpcLogAppender (GrpcLogAppender.java:lambda$resetClient$1(217)) - 0b714aca-fc82-484b-9944-7b2ffbc45fbf@group-A6FAD74B91C2->528b4752-3c7b-4991-99e9-89ee621f29a5-GrpcLogAppender: Follower failed (request=null, errorCount=54); keep nextIndex (1) unchanged and retry. (Repeated 4 times in the last 5.000s)
2024-05-09 06:26:48,373 [grpc-default-executor-4] WARN  server.GrpcLogAppender (LogUtils.java:warn(121)) - 0b714aca-fc82-484b-9944-7b2ffbc45fbf@group-A6FAD74B91C2->528b4752-3c7b-4991-99e9-89ee621f29a5-AppendLogResponseHandler: Failed appendEntries: org.apache.ratis.thirdparty.io.grpc.StatusRuntimeException: UNAVAILABLE: io exception
2024-05-09 06:26:48,374 [grpc-default-executor-3] WARN  server.GrpcLogAppender (GrpcLogAppender.java:lambda$resetClient$1(217)) - 0b714aca-fc82-484b-9944-7b2ffbc45fbf@group-A6FAD74B91C2->528b4752-3c7b-4991-99e9-89ee621f29a5-GrpcLogAppender: Follower failed (request=null, errorCount=55); keep nextIndex (1) unchanged and retry.
2024-05-09 06:26:51,659 [timer7] WARN  server.GrpcLogAppender (GrpcLogAppender.java:lambda$resetClient$1(217)) - 0b714aca-fc82-484b-9944-7b2ffbc45fbf@group-711D46114548->528b4752-3c7b-4991-99e9-89ee621f29a5-GrpcLogAppender: Follower failed (request=null, errorCount=54); keep nextIndex (9) unchanged and retry. (Repeated 4 times in the last 5.000s)
2024-05-09 06:26:51,660 [timer6] WARN  server.GrpcLogAppender (LogUtils.java:warn(121)) - 0b714aca-fc82-484b-9944-7b2ffbc45fbf@group-711D46114548->528b4752-3c7b-4991-99e9-89ee621f29a5-AppendLogResponseHandler: Failed appendEntries (Repeated 4 times in the last 5.001s): org.apache.ratis.thirdparty.io.grpc.StatusRuntimeException: UNAVAILABLE: io exception
2024-05-09 06:26:53,373 [timer0] WARN  server.GrpcLogAppender (LogUtils.java:warn(121)) - 0b714aca-fc82-484b-9944-7b2ffbc45fbf@group-A6FAD74B91C2->528b4752-3c7b-4991-99e9-89ee621f29a5-AppendLogResponseHandler: Failed appendEntries (Repeated 2 times in the last 5.000s): org.apache.ratis.thirdparty.io.grpc.StatusRuntimeException: UNAVAILABLE: io exception
2024-05-09 06:26:53,374 [timer1] WARN  server.GrpcLogAppender (GrpcLogAppender.java:lambda$resetClient$1(217)) - 0b714aca-fc82-484b-9944-7b2ffbc45fbf@group-A6FAD74B91C2->528b4752-3c7b-4991-99e9-89ee621f29a5-GrpcLogAppender: Follower failed (request=null, errorCount=56); keep nextIndex (1) unchanged and retry. (Repeated 2 times in the last 5.000s)
2024-05-09 06:26:55,048 [grpc-default-executor-4] WARN  server.GrpcLogAppender (LogUtils.java:warn(121)) - 0b714aca-fc82-484b-9944-7b2ffbc45fbf@group-A6FAD74B91C2->528b4752-3c7b-4991-99e9-89ee621f29a5-AppendLogResponseHandler: Failed appendEntries: org.apache.ratis.thirdparty.io.grpc.StatusRuntimeException: UNAVAILABLE: io exception
2024-05-09 06:26:55,048 [grpc-default-executor-3] WARN  server.GrpcLogAppender (GrpcLogAppender.java:lambda$resetClient$1(217)) - 0b714aca-fc82-484b-9944-7b2ffbc45fbf@group-A6FAD74B91C2->528b4752-3c7b-4991-99e9-89ee621f29a5-GrpcLogAppender: Follower failed (request=null, errorCount=57); keep nextIndex (1) unchanged and retry.
2024-05-09 06:26:56,972 [grpc-default-executor-4] WARN  server.GrpcLogAppender (LogUtils.java:warn(121)) - 0b714aca-fc82-484b-9944-7b2ffbc45fbf@group-711D46114548->528b4752-3c7b-4991-99e9-89ee621f29a5-AppendLogResponseHandler: Failed appendEntries: org.apache.ratis.thirdparty.io.grpc.StatusRuntimeException: UNAVAILABLE: io exception
2024-05-09 06:26:56,973 [grpc-default-executor-3] WARN  server.GrpcLogAppender (GrpcLogAppender.java:lambda$resetClient$1(217)) - 0b714aca-fc82-484b-9944-7b2ffbc45fbf@group-711D46114548->528b4752-3c7b-4991-99e9-89ee621f29a5-GrpcLogAppender: Follower failed (request=null, errorCount=55); keep nextIndex (9) unchanged and retry.
2024-05-09 06:27:00,048 [timer4] WARN  server.GrpcLogAppender (GrpcLogAppender.java:lambda$resetClient$1(217)) - 0b714aca-fc82-484b-9944-7b2ffbc45fbf@group-A6FAD74B91C2->528b4752-3c7b-4991-99e9-89ee621f29a5-GrpcLogAppender: Follower failed (request=null, errorCount=58); keep nextIndex (1) unchanged and retry. (Repeated 2 times in the last 5.000s)
2024-05-09 06:27:00,048 [timer3] WARN  server.GrpcLogAppender (LogUtils.java:warn(121)) - 0b714aca-fc82-484b-9944-7b2ffbc45fbf@group-A6FAD74B91C2->528b4752-3c7b-4991-99e9-89ee621f29a5-AppendLogResponseHandler: Failed appendEntries (Repeated 2 times in the last 5.001s): org.apache.ratis.thirdparty.io.grpc.StatusRuntimeException: UNAVAILABLE: io exception
2024-05-09 06:27:01,731 [grpc-default-executor-4] WARN  server.GrpcLogAppender (LogUtils.java:warn(121)) - 0b714aca-fc82-484b-9944-7b2ffbc45fbf@group-A6FAD74B91C2->528b4752-3c7b-4991-99e9-89ee621f29a5-AppendLogResponseHandler: Failed appendEntries: org.apache.ratis.thirdparty.io.grpc.StatusRuntimeException: UNAVAILABLE: io exception
2024-05-09 06:27:01,732 [grpc-default-executor-3] WARN  server.GrpcLogAppender (GrpcLogAppender.java:lambda$resetClient$1(217)) - 0b714aca-fc82-484b-9944-7b2ffbc45fbf@group-A6FAD74B91C2->528b4752-3c7b-4991-99e9-89ee621f29a5-GrpcLogAppender: Follower failed (request=null, errorCount=59); keep nextIndex (1) unchanged and retry.
2024-05-09 06:27:01,972 [timer6] WARN  server.GrpcLogAppender (LogUtils.java:warn(121)) - 0b714aca-fc82-484b-9944-7b2ffbc45fbf@group-711D46114548->528b4752-3c7b-4991-99e9-89ee621f29a5-AppendLogResponseHandler: Failed appendEntries (Repeated 2 times in the last 5.000s): org.apache.ratis.thirdparty.io.grpc.StatusRuntimeException: UNAVAILABLE: io exception
2024-05-09 06:27:01,973 [timer7] WARN  server.GrpcLogAppender (GrpcLogAppender.java:lambda$resetClient$1(217)) - 0b714aca-fc82-484b-9944-7b2ffbc45fbf@group-711D46114548->528b4752-3c7b-4991-99e9-89ee621f29a5-GrpcLogAppender: Follower failed (request=null, errorCount=56); keep nextIndex (9) unchanged and retry. (Repeated 2 times in the last 5.000s)
2024-05-09 06:27:02,150 [grpc-default-executor-4] WARN  server.GrpcLogAppender (LogUtils.java:warn(121)) - 0b714aca-fc82-484b-9944-7b2ffbc45fbf@group-711D46114548->528b4752-3c7b-4991-99e9-89ee621f29a5-AppendLogResponseHandler: Failed appendEntries: org.apache.ratis.thirdparty.io.grpc.StatusRuntimeException: UNAVAILABLE: io exception
2024-05-09 06:27:02,150 [grpc-default-executor-3] WARN  server.GrpcLogAppender (GrpcLogAppender.java:lambda$resetClient$1(217)) - 0b714aca-fc82-484b-9944-7b2ffbc45fbf@group-711D46114548->528b4752-3c7b-4991-99e9-89ee621f29a5-GrpcLogAppender: Follower failed (request=null, errorCount=57); keep nextIndex (9) unchanged and retry.
2024-05-09 06:27:06,731 [timer5] WARN  server.GrpcLogAppender (LogUtils.java:warn(121)) - 0b714aca-fc82-484b-9944-7b2ffbc45fbf@group-A6FAD74B91C2->528b4752-3c7b-4991-99e9-89ee621f29a5-AppendLogResponseHandler: Failed appendEntries (Repeated 2 times in the last 5.000s): org.apache.ratis.thirdparty.io.grpc.StatusRuntimeException: UNAVAILABLE: io exception
2024-05-09 06:27:06,732 [timer6] WARN  server.GrpcLogAppender (GrpcLogAppender.java:lambda$resetClient$1(217)) - 0b714aca-fc82-484b-9944-7b2ffbc45fbf@group-A6FAD74B91C2->528b4752-3c7b-4991-99e9-89ee621f29a5-GrpcLogAppender: Follower failed (request=null, errorCount=60); keep nextIndex (1) unchanged and retry. (Repeated 2 times in the last 5.000s)
2024-05-09 06:27:07,150 [timer6] WARN  server.GrpcLogAppender (LogUtils.java:warn(121)) - 0b714aca-fc82-484b-9944-7b2ffbc45fbf@group-711D46114548->528b4752-3c7b-4991-99e9-89ee621f29a5-AppendLogResponseHandler: Failed appendEntries (Repeated 2 times in the last 5.000s): org.apache.ratis.thirdparty.io.grpc.StatusRuntimeException: UNAVAILABLE: io exception
2024-05-09 06:27:07,151 [timer7] WARN  server.GrpcLogAppender (GrpcLogAppender.java:lambda$resetClient$1(217)) - 0b714aca-fc82-484b-9944-7b2ffbc45fbf@group-711D46114548->528b4752-3c7b-4991-99e9-89ee621f29a5-GrpcLogAppender: Follower failed (request=null, errorCount=58); keep nextIndex (9) unchanged and retry. (Repeated 2 times in the last 5.000s)
2024-05-09 06:27:08,037 [grpc-default-executor-4] WARN  server.GrpcLogAppender (LogUtils.java:warn(121)) - 0b714aca-fc82-484b-9944-7b2ffbc45fbf@group-711D46114548->528b4752-3c7b-4991-99e9-89ee621f29a5-AppendLogResponseHandler: Failed appendEntries: org.apache.ratis.thirdparty.io.grpc.StatusRuntimeException: UNAVAILABLE: io exception
2024-05-09 06:27:08,038 [grpc-default-executor-3] WARN  server.GrpcLogAppender (GrpcLogAppender.java:lambda$resetClient$1(217)) - 0b714aca-fc82-484b-9944-7b2ffbc45fbf@group-711D46114548->528b4752-3c7b-4991-99e9-89ee621f29a5-GrpcLogAppender: Follower failed (request=null, errorCount=59); keep nextIndex (9) unchanged and retry.
2024-05-09 06:27:08,289 [grpc-default-executor-4] WARN  server.GrpcLogAppender (LogUtils.java:warn(121)) - 0b714aca-fc82-484b-9944-7b2ffbc45fbf@group-A6FAD74B91C2->528b4752-3c7b-4991-99e9-89ee621f29a5-AppendLogResponseHandler: Failed appendEntries: org.apache.ratis.thirdparty.io.grpc.StatusRuntimeException: UNAVAILABLE: io exception
2024-05-09 06:27:08,290 [grpc-default-executor-3] WARN  server.GrpcLogAppender (GrpcLogAppender.java:lambda$resetClient$1(217)) - 0b714aca-fc82-484b-9944-7b2ffbc45fbf@group-A6FAD74B91C2->528b4752-3c7b-4991-99e9-89ee621f29a5-GrpcLogAppender: Follower failed (request=null, errorCount=61); keep nextIndex (1) unchanged and retry.
2024-05-09 06:27:09,834 [0b714aca-fc82-484b-9944-7b2ffbc45fbf-BlockDeletingService#1] INFO  interfaces.ContainerDeletionChoosingPolicyTemplate (ContainerDeletionChoosingPolicyTemplate.java:chooseContainerForBlockDeletion(85)) - Chosen 0/5000 blocks from 0 candidate containers.
2024-05-09 06:27:09,906 [5b847746-75e9-42bf-94b1-858a537db9cd-BlockDeletingService#1] INFO  interfaces.ContainerDeletionChoosingPolicyTemplate (ContainerDeletionChoosingPolicyTemplate.java:chooseContainerForBlockDeletion(85)) - Chosen 0/5000 blocks from 0 candidate containers.
2024-05-09 06:27:09,997 [528b4752-3c7b-4991-99e9-89ee621f29a5-BlockDeletingService#1] INFO  interfaces.ContainerDeletionChoosingPolicyTemplate (ContainerDeletionChoosingPolicyTemplate.java:chooseContainerForBlockDeletion(85)) - Chosen 0/5000 blocks from 0 candidate containers.
2024-05-09 06:27:10,065 [c367b86c-aa24-47f1-8357-097651e72609-BlockDeletingService#1] INFO  interfaces.ContainerDeletionChoosingPolicyTemplate (ContainerDeletionChoosingPolicyTemplate.java:chooseContainerForBlockDeletion(85)) - Chosen 0/5000 blocks from 0 candidate containers.
2024-05-09 06:27:10,156 [bda92e25-e077-447c-8dba-c1f962292f2e-BlockDeletingService#1] INFO  interfaces.ContainerDeletionChoosingPolicyTemplate (ContainerDeletionChoosingPolicyTemplate.java:chooseContainerForBlockDeletion(85)) - Chosen 0/5000 blocks from 0 candidate containers.
2024-05-09 06:27:13,038 [timer5] WARN  server.GrpcLogAppender (LogUtils.java:warn(121)) - 0b714aca-fc82-484b-9944-7b2ffbc45fbf@group-711D46114548->528b4752-3c7b-4991-99e9-89ee621f29a5-AppendLogResponseHandler: Failed appendEntries (Repeated 2 times in the last 5.000s): org.apache.ratis.thirdparty.io.grpc.StatusRuntimeException: UNAVAILABLE: io exception
2024-05-09 06:27:13,038 [timer6] WARN  server.GrpcLogAppender (GrpcLogAppender.java:lambda$resetClient$1(217)) - 0b714aca-fc82-484b-9944-7b2ffbc45fbf@group-711D46114548->528b4752-3c7b-4991-99e9-89ee621f29a5-GrpcLogAppender: Follower failed (request=null, errorCount=60); keep nextIndex (9) unchanged and retry. (Repeated 2 times in the last 5.000s)
2024-05-09 06:27:13,290 [timer0] WARN  server.GrpcLogAppender (LogUtils.java:warn(121)) - 0b714aca-fc82-484b-9944-7b2ffbc45fbf@group-A6FAD74B91C2->528b4752-3c7b-4991-99e9-89ee621f29a5-AppendLogResponseHandler: Failed appendEntries (Repeated 2 times in the last 5.001s): org.apache.ratis.thirdparty.io.grpc.StatusRuntimeException: UNAVAILABLE: io exception
2024-05-09 06:27:13,290 [timer1] WARN  server.GrpcLogAppender (GrpcLogAppender.java:lambda$resetClient$1(217)) - 0b714aca-fc82-484b-9944-7b2ffbc45fbf@group-A6FAD74B91C2->528b4752-3c7b-4991-99e9-89ee621f29a5-GrpcLogAppender: Follower failed (request=null, errorCount=62); keep nextIndex (1) unchanged and retry. (Repeated 2 times in the last 5.000s)
2024-05-09 06:27:14,520 [grpc-default-executor-4] WARN  server.GrpcLogAppender (LogUtils.java:warn(121)) - 0b714aca-fc82-484b-9944-7b2ffbc45fbf@group-A6FAD74B91C2->528b4752-3c7b-4991-99e9-89ee621f29a5-AppendLogResponseHandler: Failed appendEntries: org.apache.ratis.thirdparty.io.grpc.StatusRuntimeException: UNAVAILABLE: io exception
2024-05-09 06:27:14,521 [grpc-default-executor-3] WARN  server.GrpcLogAppender (GrpcLogAppender.java:lambda$resetClient$1(217)) - 0b714aca-fc82-484b-9944-7b2ffbc45fbf@group-A6FAD74B91C2->528b4752-3c7b-4991-99e9-89ee621f29a5-GrpcLogAppender: Follower failed (request=null, errorCount=63); keep nextIndex (1) unchanged and retry.
2024-05-09 06:27:15,308 [grpc-default-executor-4] WARN  server.GrpcLogAppender (LogUtils.java:warn(121)) - 0b714aca-fc82-484b-9944-7b2ffbc45fbf@group-711D46114548->528b4752-3c7b-4991-99e9-89ee621f29a5-AppendLogResponseHandler: Failed appendEntries: org.apache.ratis.thirdparty.io.grpc.StatusRuntimeException: UNAVAILABLE: io exception
2024-05-09 06:27:15,308 [grpc-default-executor-3] WARN  server.GrpcLogAppender (GrpcLogAppender.java:lambda$resetClient$1(217)) - 0b714aca-fc82-484b-9944-7b2ffbc45fbf@group-711D46114548->528b4752-3c7b-4991-99e9-89ee621f29a5-GrpcLogAppender: Follower failed (request=null, errorCount=61); keep nextIndex (9) unchanged and retry.
2024-05-09 06:27:19,521 [timer3] WARN  server.GrpcLogAppender (LogUtils.java:warn(121)) - 0b714aca-fc82-484b-9944-7b2ffbc45fbf@group-A6FAD74B91C2->528b4752-3c7b-4991-99e9-89ee621f29a5-AppendLogResponseHandler: Failed appendEntries (Repeated 4 times in the last 5.000s): org.apache.ratis.thirdparty.io.grpc.StatusRuntimeException: UNAVAILABLE: io exception
2024-05-09 06:27:19,521 [timer4] WARN  server.GrpcLogAppender (GrpcLogAppender.java:lambda$resetClient$1(217)) - 0b714aca-fc82-484b-9944-7b2ffbc45fbf@group-A6FAD74B91C2->528b4752-3c7b-4991-99e9-89ee621f29a5-GrpcLogAppender: Follower failed (request=null, errorCount=66); keep nextIndex (1) unchanged and retry. (Repeated 4 times in the last 5.000s)
2024-05-09 06:27:20,308 [timer7] WARN  server.GrpcLogAppender (GrpcLogAppender.java:lambda$resetClient$1(217)) - 0b714aca-fc82-484b-9944-7b2ffbc45fbf@group-711D46114548->528b4752-3c7b-4991-99e9-89ee621f29a5-GrpcLogAppender: Follower failed (request=null, errorCount=62); keep nextIndex (9) unchanged and retry. (Repeated 2 times in the last 5.000s)
2024-05-09 06:27:20,308 [timer6] WARN  server.GrpcLogAppender (LogUtils.java:warn(121)) - 0b714aca-fc82-484b-9944-7b2ffbc45fbf@group-711D46114548->528b4752-3c7b-4991-99e9-89ee621f29a5-AppendLogResponseHandler: Failed appendEntries (Repeated 2 times in the last 5.000s): org.apache.ratis.thirdparty.io.grpc.StatusRuntimeException: UNAVAILABLE: io exception
2024-05-09 06:27:21,191 [grpc-default-executor-3] WARN  server.GrpcLogAppender (LogUtils.java:warn(121)) - 0b714aca-fc82-484b-9944-7b2ffbc45fbf@group-711D46114548->528b4752-3c7b-4991-99e9-89ee621f29a5-AppendLogResponseHandler: Failed appendEntries: org.apache.ratis.thirdparty.io.grpc.StatusRuntimeException: UNAVAILABLE: io exception
2024-05-09 06:27:21,192 [grpc-default-executor-4] WARN  server.GrpcLogAppender (GrpcLogAppender.java:lambda$resetClient$1(217)) - 0b714aca-fc82-484b-9944-7b2ffbc45fbf@group-711D46114548->528b4752-3c7b-4991-99e9-89ee621f29a5-GrpcLogAppender: Follower failed (request=null, errorCount=63); keep nextIndex (9) unchanged and retry.
2024-05-09 06:27:21,779 [grpc-default-executor-3] WARN  server.GrpcLogAppender (LogUtils.java:warn(121)) - 0b714aca-fc82-484b-9944-7b2ffbc45fbf@group-A6FAD74B91C2->528b4752-3c7b-4991-99e9-89ee621f29a5-AppendLogResponseHandler: Failed appendEntries: org.apache.ratis.thirdparty.io.grpc.StatusRuntimeException: UNAVAILABLE: io exception
2024-05-09 06:27:21,779 [grpc-default-executor-4] WARN  server.GrpcLogAppender (GrpcLogAppender.java:lambda$resetClient$1(217)) - 0b714aca-fc82-484b-9944-7b2ffbc45fbf@group-A6FAD74B91C2->528b4752-3c7b-4991-99e9-89ee621f29a5-GrpcLogAppender: Follower failed (request=null, errorCount=67); keep nextIndex (1) unchanged and retry.
2024-05-09 06:27:26,191 [timer4] WARN  server.GrpcLogAppender (LogUtils.java:warn(121)) - 0b714aca-fc82-484b-9944-7b2ffbc45fbf@group-711D46114548->528b4752-3c7b-4991-99e9-89ee621f29a5-AppendLogResponseHandler: Failed appendEntries (Repeated 4 times in the last 5.000s): org.apache.ratis.thirdparty.io.grpc.StatusRuntimeException: UNAVAILABLE: io exception
2024-05-09 06:27:26,192 [timer5] WARN  server.GrpcLogAppender (GrpcLogAppender.java:lambda$resetClient$1(217)) - 0b714aca-fc82-484b-9944-7b2ffbc45fbf@group-711D46114548->528b4752-3c7b-4991-99e9-89ee621f29a5-GrpcLogAppender: Follower failed (request=null, errorCount=66); keep nextIndex (9) unchanged and retry. (Repeated 4 times in the last 5.000s)
2024-05-09 06:27:26,671 [grpc-default-executor-4] WARN  server.GrpcLogAppender (LogUtils.java:warn(121)) - 0b714aca-fc82-484b-9944-7b2ffbc45fbf@group-711D46114548->528b4752-3c7b-4991-99e9-89ee621f29a5-AppendLogResponseHandler: Failed appendEntries: org.apache.ratis.thirdparty.io.grpc.StatusRuntimeException: UNAVAILABLE: io exception
2024-05-09 06:27:26,672 [grpc-default-executor-6] WARN  server.GrpcLogAppender (GrpcLogAppender.java:lambda$resetClient$1(217)) - 0b714aca-fc82-484b-9944-7b2ffbc45fbf@group-711D46114548->528b4752-3c7b-4991-99e9-89ee621f29a5-GrpcLogAppender: Follower failed (request=null, errorCount=67); keep nextIndex (9) unchanged and retry.
2024-05-09 06:27:26,779 [timer7] WARN  server.GrpcLogAppender (LogUtils.java:warn(121)) - 0b714aca-fc82-484b-9944-7b2ffbc45fbf@group-A6FAD74B91C2->528b4752-3c7b-4991-99e9-89ee621f29a5-AppendLogResponseHandler: Failed appendEntries (Repeated 2 times in the last 5.001s): org.apache.ratis.thirdparty.io.grpc.StatusRuntimeException: UNAVAILABLE: io exception
2024-05-09 06:27:26,780 [timer0] WARN  server.GrpcLogAppender (GrpcLogAppender.java:lambda$resetClient$1(217)) - 0b714aca-fc82-484b-9944-7b2ffbc45fbf@group-A6FAD74B91C2->528b4752-3c7b-4991-99e9-89ee621f29a5-GrpcLogAppender: Follower failed (request=null, errorCount=68); keep nextIndex (1) unchanged and retry. (Repeated 2 times in the last 5.000s)
2024-05-09 06:27:29,118 [grpc-default-executor-4] WARN  server.GrpcLogAppender (LogUtils.java:warn(121)) - 0b714aca-fc82-484b-9944-7b2ffbc45fbf@group-A6FAD74B91C2->528b4752-3c7b-4991-99e9-89ee621f29a5-AppendLogResponseHandler: Failed appendEntries: org.apache.ratis.thirdparty.io.grpc.StatusRuntimeException: UNAVAILABLE: io exception
2024-05-09 06:27:29,119 [grpc-default-executor-6] WARN  server.GrpcLogAppender (GrpcLogAppender.java:lambda$resetClient$1(217)) - 0b714aca-fc82-484b-9944-7b2ffbc45fbf@group-A6FAD74B91C2->528b4752-3c7b-4991-99e9-89ee621f29a5-GrpcLogAppender: Follower failed (request=null, errorCount=69); keep nextIndex (1) unchanged and retry.
2024-05-09 06:27:31,672 [timer6] WARN  server.GrpcLogAppender (LogUtils.java:warn(121)) - 0b714aca-fc82-484b-9944-7b2ffbc45fbf@group-711D46114548->528b4752-3c7b-4991-99e9-89ee621f29a5-AppendLogResponseHandler: Failed appendEntries (Repeated 2 times in the last 5.000s): org.apache.ratis.thirdparty.io.grpc.StatusRuntimeException: UNAVAILABLE: io exception
2024-05-09 06:27:31,672 [timer7] WARN  server.GrpcLogAppender (GrpcLogAppender.java:lambda$resetClient$1(217)) - 0b714aca-fc82-484b-9944-7b2ffbc45fbf@group-711D46114548->528b4752-3c7b-4991-99e9-89ee621f29a5-GrpcLogAppender: Follower failed (request=null, errorCount=68); keep nextIndex (9) unchanged and retry. (Repeated 2 times in the last 5.001s)
2024-05-09 06:27:33,736 [grpc-default-executor-6] WARN  server.GrpcLogAppender (LogUtils.java:warn(121)) - 0b714aca-fc82-484b-9944-7b2ffbc45fbf@group-711D46114548->528b4752-3c7b-4991-99e9-89ee621f29a5-AppendLogResponseHandler: Failed appendEntries: org.apache.ratis.thirdparty.io.grpc.StatusRuntimeException: UNAVAILABLE: io exception
2024-05-09 06:27:33,737 [grpc-default-executor-4] WARN  server.GrpcLogAppender (GrpcLogAppender.java:lambda$resetClient$1(217)) - 0b714aca-fc82-484b-9944-7b2ffbc45fbf@group-711D46114548->528b4752-3c7b-4991-99e9-89ee621f29a5-GrpcLogAppender: Follower failed (request=null, errorCount=69); keep nextIndex (9) unchanged and retry.
2024-05-09 06:27:34,118 [timer6] WARN  server.GrpcLogAppender (LogUtils.java:warn(121)) - 0b714aca-fc82-484b-9944-7b2ffbc45fbf@group-A6FAD74B91C2->528b4752-3c7b-4991-99e9-89ee621f29a5-AppendLogResponseHandler: Failed appendEntries (Repeated 4 times in the last 5.000s): org.apache.ratis.thirdparty.io.grpc.StatusRuntimeException: UNAVAILABLE: io exception
2024-05-09 06:27:34,120 [timer7] WARN  server.GrpcLogAppender (GrpcLogAppender.java:lambda$resetClient$1(217)) - 0b714aca-fc82-484b-9944-7b2ffbc45fbf@group-A6FAD74B91C2->528b4752-3c7b-4991-99e9-89ee621f29a5-GrpcLogAppender: Follower failed (request=null, errorCount=72); keep nextIndex (1) unchanged and retry. (Repeated 4 times in the last 5.001s)
2024-05-09 06:27:36,031 [grpc-default-executor-6] WARN  server.GrpcLogAppender (LogUtils.java:warn(121)) - 0b714aca-fc82-484b-9944-7b2ffbc45fbf@group-A6FAD74B91C2->528b4752-3c7b-4991-99e9-89ee621f29a5-AppendLogResponseHandler: Failed appendEntries: org.apache.ratis.thirdparty.io.grpc.StatusRuntimeException: UNAVAILABLE: io exception
2024-05-09 06:27:36,031 [grpc-default-executor-4] WARN  server.GrpcLogAppender (GrpcLogAppender.java:lambda$resetClient$1(217)) - 0b714aca-fc82-484b-9944-7b2ffbc45fbf@group-A6FAD74B91C2->528b4752-3c7b-4991-99e9-89ee621f29a5-GrpcLogAppender: Follower failed (request=null, errorCount=73); keep nextIndex (1) unchanged and retry.
2024-05-09 06:27:38,737 [timer7] WARN  server.GrpcLogAppender (GrpcLogAppender.java:lambda$resetClient$1(217)) - 0b714aca-fc82-484b-9944-7b2ffbc45fbf@group-711D46114548->528b4752-3c7b-4991-99e9-89ee621f29a5-GrpcLogAppender: Follower failed (request=null, errorCount=72); keep nextIndex (9) unchanged and retry. (Repeated 4 times in the last 5.000s)
2024-05-09 06:27:38,737 [timer6] WARN  server.GrpcLogAppender (LogUtils.java:warn(121)) - 0b714aca-fc82-484b-9944-7b2ffbc45fbf@group-711D46114548->528b4752-3c7b-4991-99e9-89ee621f29a5-AppendLogResponseHandler: Failed appendEntries (Repeated 4 times in the last 5.001s): org.apache.ratis.thirdparty.io.grpc.StatusRuntimeException: UNAVAILABLE: io exception
2024-05-09 06:27:41,031 [timer1] WARN  server.GrpcLogAppender (GrpcLogAppender.java:lambda$resetClient$1(217)) - 0b714aca-fc82-484b-9944-7b2ffbc45fbf@group-A6FAD74B91C2->528b4752-3c7b-4991-99e9-89ee621f29a5-GrpcLogAppender: Follower failed (request=null, errorCount=76); keep nextIndex (1) unchanged and retry. (Repeated 4 times in the last 4.999s)
2024-05-09 06:27:41,031 [timer0] WARN  server.GrpcLogAppender (LogUtils.java:warn(121)) - 0b714aca-fc82-484b-9944-7b2ffbc45fbf@group-A6FAD74B91C2->528b4752-3c7b-4991-99e9-89ee621f29a5-AppendLogResponseHandler: Failed appendEntries (Repeated 4 times in the last 5.000s): org.apache.ratis.thirdparty.io.grpc.StatusRuntimeException: UNAVAILABLE: io exception
2024-05-09 06:27:41,238 [grpc-default-executor-6] WARN  server.GrpcLogAppender (LogUtils.java:warn(121)) - 0b714aca-fc82-484b-9944-7b2ffbc45fbf@group-711D46114548->528b4752-3c7b-4991-99e9-89ee621f29a5-AppendLogResponseHandler: Failed appendEntries: org.apache.ratis.thirdparty.io.grpc.StatusRuntimeException: UNAVAILABLE: io exception
2024-05-09 06:27:41,238 [grpc-default-executor-4] WARN  server.GrpcLogAppender (GrpcLogAppender.java:lambda$resetClient$1(217)) - 0b714aca-fc82-484b-9944-7b2ffbc45fbf@group-711D46114548->528b4752-3c7b-4991-99e9-89ee621f29a5-GrpcLogAppender: Follower failed (request=null, errorCount=73); keep nextIndex (9) unchanged and retry.
2024-05-09 06:27:45,420 [grpc-default-executor-4] WARN  server.GrpcLogAppender (LogUtils.java:warn(121)) - 0b714aca-fc82-484b-9944-7b2ffbc45fbf@group-A6FAD74B91C2->528b4752-3c7b-4991-99e9-89ee621f29a5-AppendLogResponseHandler: Failed appendEntries: org.apache.ratis.thirdparty.io.grpc.StatusRuntimeException: UNAVAILABLE: io exception
2024-05-09 06:27:45,420 [grpc-default-executor-6] WARN  server.GrpcLogAppender (GrpcLogAppender.java:lambda$resetClient$1(217)) - 0b714aca-fc82-484b-9944-7b2ffbc45fbf@group-A6FAD74B91C2->528b4752-3c7b-4991-99e9-89ee621f29a5-GrpcLogAppender: Follower failed (request=null, errorCount=77); keep nextIndex (1) unchanged and retry.
2024-05-09 06:27:46,238 [timer5] WARN  server.GrpcLogAppender (GrpcLogAppender.java:lambda$resetClient$1(217)) - 0b714aca-fc82-484b-9944-7b2ffbc45fbf@group-711D46114548->528b4752-3c7b-4991-99e9-89ee621f29a5-GrpcLogAppender: Follower failed (request=null, errorCount=76); keep nextIndex (9) unchanged and retry. (Repeated 4 times in the last 4.999s)
2024-05-09 06:27:46,238 [timer4] WARN  server.GrpcLogAppender (LogUtils.java:warn(121)) - 0b714aca-fc82-484b-9944-7b2ffbc45fbf@group-711D46114548->528b4752-3c7b-4991-99e9-89ee621f29a5-AppendLogResponseHandler: Failed appendEntries (Repeated 4 times in the last 5.000s): org.apache.ratis.thirdparty.io.grpc.StatusRuntimeException: UNAVAILABLE: io exception
2024-05-09 06:27:50,420 [timer7] WARN  server.GrpcLogAppender (LogUtils.java:warn(121)) - 0b714aca-fc82-484b-9944-7b2ffbc45fbf@group-A6FAD74B91C2->528b4752-3c7b-4991-99e9-89ee621f29a5-AppendLogResponseHandler: Failed appendEntries (Repeated 4 times in the last 5.000s): org.apache.ratis.thirdparty.io.grpc.StatusRuntimeException: UNAVAILABLE: io exception
2024-05-09 06:27:50,421 [timer0] WARN  server.GrpcLogAppender (GrpcLogAppender.java:lambda$resetClient$1(217)) - 0b714aca-fc82-484b-9944-7b2ffbc45fbf@group-A6FAD74B91C2->528b4752-3c7b-4991-99e9-89ee621f29a5-GrpcLogAppender: Follower failed (request=null, errorCount=80); keep nextIndex (1) unchanged and retry. (Repeated 4 times in the last 5.000s)
2024-05-09 06:27:50,971 [grpc-default-executor-6] WARN  server.GrpcLogAppender (LogUtils.java:warn(121)) - 0b714aca-fc82-484b-9944-7b2ffbc45fbf@group-711D46114548->528b4752-3c7b-4991-99e9-89ee621f29a5-AppendLogResponseHandler: Failed appendEntries: org.apache.ratis.thirdparty.io.grpc.StatusRuntimeException: UNAVAILABLE: io exception
2024-05-09 06:27:50,971 [grpc-default-executor-4] WARN  server.GrpcLogAppender (GrpcLogAppender.java:lambda$resetClient$1(217)) - 0b714aca-fc82-484b-9944-7b2ffbc45fbf@group-711D46114548->528b4752-3c7b-4991-99e9-89ee621f29a5-GrpcLogAppender: Follower failed (request=null, errorCount=77); keep nextIndex (9) unchanged and retry.
2024-05-09 06:27:53,285 [grpc-default-executor-6] WARN  server.GrpcLogAppender (LogUtils.java:warn(121)) - 0b714aca-fc82-484b-9944-7b2ffbc45fbf@group-A6FAD74B91C2->528b4752-3c7b-4991-99e9-89ee621f29a5-AppendLogResponseHandler: Failed appendEntries: org.apache.ratis.thirdparty.io.grpc.StatusRuntimeException: UNAVAILABLE: io exception
2024-05-09 06:27:53,285 [grpc-default-executor-4] WARN  server.GrpcLogAppender (GrpcLogAppender.java:lambda$resetClient$1(217)) - 0b714aca-fc82-484b-9944-7b2ffbc45fbf@group-A6FAD74B91C2->528b4752-3c7b-4991-99e9-89ee621f29a5-GrpcLogAppender: Follower failed (request=null, errorCount=81); keep nextIndex (1) unchanged and retry.
2024-05-09 06:27:55,971 [timer6] WARN  server.GrpcLogAppender (GrpcLogAppender.java:lambda$resetClient$1(217)) - 0b714aca-fc82-484b-9944-7b2ffbc45fbf@group-711D46114548->528b4752-3c7b-4991-99e9-89ee621f29a5-GrpcLogAppender: Follower failed (request=null, errorCount=78); keep nextIndex (9) unchanged and retry. (Repeated 2 times in the last 5.000s)
2024-05-09 06:27:55,971 [timer5] WARN  server.GrpcLogAppender (LogUtils.java:warn(121)) - 0b714aca-fc82-484b-9944-7b2ffbc45fbf@group-711D46114548->528b4752-3c7b-4991-99e9-89ee621f29a5-AppendLogResponseHandler: Failed appendEntries (Repeated 2 times in the last 5.001s): org.apache.ratis.thirdparty.io.grpc.StatusRuntimeException: UNAVAILABLE: io exception
2024-05-09 06:27:57,740 [grpc-default-executor-4] WARN  server.GrpcLogAppender (LogUtils.java:warn(121)) - 0b714aca-fc82-484b-9944-7b2ffbc45fbf@group-711D46114548->528b4752-3c7b-4991-99e9-89ee621f29a5-AppendLogResponseHandler: Failed appendEntries: org.apache.ratis.thirdparty.io.grpc.StatusRuntimeException: UNAVAILABLE: io exception
2024-05-09 06:27:57,741 [grpc-default-executor-6] WARN  server.GrpcLogAppender (GrpcLogAppender.java:lambda$resetClient$1(217)) - 0b714aca-fc82-484b-9944-7b2ffbc45fbf@group-711D46114548->528b4752-3c7b-4991-99e9-89ee621f29a5-GrpcLogAppender: Follower failed (request=null, errorCount=79); keep nextIndex (9) unchanged and retry.
2024-05-09 06:27:58,285 [timer0] WARN  server.GrpcLogAppender (LogUtils.java:warn(121)) - 0b714aca-fc82-484b-9944-7b2ffbc45fbf@group-A6FAD74B91C2->528b4752-3c7b-4991-99e9-89ee621f29a5-AppendLogResponseHandler: Failed appendEntries (Repeated 4 times in the last 5.000s): org.apache.ratis.thirdparty.io.grpc.StatusRuntimeException: UNAVAILABLE: io exception
2024-05-09 06:27:58,285 [timer1] WARN  server.GrpcLogAppender (GrpcLogAppender.java:lambda$resetClient$1(217)) - 0b714aca-fc82-484b-9944-7b2ffbc45fbf@group-A6FAD74B91C2->528b4752-3c7b-4991-99e9-89ee621f29a5-GrpcLogAppender: Follower failed (request=null, errorCount=84); keep nextIndex (1) unchanged and retry. (Repeated 4 times in the last 5.000s)
2024-05-09 06:27:59,935 [grpc-default-executor-4] WARN  server.GrpcLogAppender (LogUtils.java:warn(121)) - 0b714aca-fc82-484b-9944-7b2ffbc45fbf@group-A6FAD74B91C2->528b4752-3c7b-4991-99e9-89ee621f29a5-AppendLogResponseHandler: Failed appendEntries: org.apache.ratis.thirdparty.io.grpc.StatusRuntimeException: UNAVAILABLE: io exception
2024-05-09 06:27:59,936 [grpc-default-executor-6] WARN  server.GrpcLogAppender (GrpcLogAppender.java:lambda$resetClient$1(217)) - 0b714aca-fc82-484b-9944-7b2ffbc45fbf@group-A6FAD74B91C2->528b4752-3c7b-4991-99e9-89ee621f29a5-GrpcLogAppender: Follower failed (request=null, errorCount=85); keep nextIndex (1) unchanged and retry.
2024-05-09 06:28:02,741 [timer6] WARN  server.GrpcLogAppender (LogUtils.java:warn(121)) - 0b714aca-fc82-484b-9944-7b2ffbc45fbf@group-711D46114548->528b4752-3c7b-4991-99e9-89ee621f29a5-AppendLogResponseHandler: Failed appendEntries (Repeated 2 times in the last 5.000s): org.apache.ratis.thirdparty.io.grpc.StatusRuntimeException: UNAVAILABLE: io exception
2024-05-09 06:28:02,741 [timer7] WARN  server.GrpcLogAppender (GrpcLogAppender.java:lambda$resetClient$1(217)) - 0b714aca-fc82-484b-9944-7b2ffbc45fbf@group-711D46114548->528b4752-3c7b-4991-99e9-89ee621f29a5-GrpcLogAppender: Follower failed (request=null, errorCount=80); keep nextIndex (9) unchanged and retry. (Repeated 2 times in the last 5.000s)
2024-05-09 06:28:03,718 [grpc-default-executor-4] WARN  server.GrpcLogAppender (LogUtils.java:warn(121)) - 0b714aca-fc82-484b-9944-7b2ffbc45fbf@group-711D46114548->528b4752-3c7b-4991-99e9-89ee621f29a5-AppendLogResponseHandler: Failed appendEntries: org.apache.ratis.thirdparty.io.grpc.StatusRuntimeException: UNAVAILABLE: io exception
2024-05-09 06:28:03,718 [grpc-default-executor-6] WARN  server.GrpcLogAppender (GrpcLogAppender.java:lambda$resetClient$1(217)) - 0b714aca-fc82-484b-9944-7b2ffbc45fbf@group-711D46114548->528b4752-3c7b-4991-99e9-89ee621f29a5-GrpcLogAppender: Follower failed (request=null, errorCount=81); keep nextIndex (9) unchanged and retry.
2024-05-09 06:28:04,936 [timer6] WARN  server.GrpcLogAppender (LogUtils.java:warn(121)) - 0b714aca-fc82-484b-9944-7b2ffbc45fbf@group-A6FAD74B91C2->528b4752-3c7b-4991-99e9-89ee621f29a5-AppendLogResponseHandler: Failed appendEntries (Repeated 2 times in the last 5.000s): org.apache.ratis.thirdparty.io.grpc.StatusRuntimeException: UNAVAILABLE: io exception
2024-05-09 06:28:04,936 [timer7] WARN  server.GrpcLogAppender (GrpcLogAppender.java:lambda$resetClient$1(217)) - 0b714aca-fc82-484b-9944-7b2ffbc45fbf@group-A6FAD74B91C2->528b4752-3c7b-4991-99e9-89ee621f29a5-GrpcLogAppender: Follower failed (request=null, errorCount=86); keep nextIndex (1) unchanged and retry. (Repeated 2 times in the last 5.000s)
2024-05-09 06:28:05,978 [grpc-default-executor-4] WARN  server.GrpcLogAppender (LogUtils.java:warn(121)) - 0b714aca-fc82-484b-9944-7b2ffbc45fbf@group-A6FAD74B91C2->528b4752-3c7b-4991-99e9-89ee621f29a5-AppendLogResponseHandler: Failed appendEntries: org.apache.ratis.thirdparty.io.grpc.StatusRuntimeException: UNAVAILABLE: io exception
2024-05-09 06:28:05,979 [grpc-default-executor-6] WARN  server.GrpcLogAppender (GrpcLogAppender.java:lambda$resetClient$1(217)) - 0b714aca-fc82-484b-9944-7b2ffbc45fbf@group-A6FAD74B91C2->528b4752-3c7b-4991-99e9-89ee621f29a5-GrpcLogAppender: Follower failed (request=null, errorCount=87); keep nextIndex (1) unchanged and retry.
2024-05-09 06:28:08,718 [timer5] WARN  server.GrpcLogAppender (LogUtils.java:warn(121)) - 0b714aca-fc82-484b-9944-7b2ffbc45fbf@group-711D46114548->528b4752-3c7b-4991-99e9-89ee621f29a5-AppendLogResponseHandler: Failed appendEntries (Repeated 2 times in the last 5.000s): org.apache.ratis.thirdparty.io.grpc.StatusRuntimeException: UNAVAILABLE: io exception
2024-05-09 06:28:08,718 [timer6] WARN  server.GrpcLogAppender (GrpcLogAppender.java:lambda$resetClient$1(217)) - 0b714aca-fc82-484b-9944-7b2ffbc45fbf@group-711D46114548->528b4752-3c7b-4991-99e9-89ee621f29a5-GrpcLogAppender: Follower failed (request=null, errorCount=82); keep nextIndex (9) unchanged and retry. (Repeated 2 times in the last 5.000s)
2024-05-09 06:28:09,834 [0b714aca-fc82-484b-9944-7b2ffbc45fbf-BlockDeletingService#0] INFO  interfaces.ContainerDeletionChoosingPolicyTemplate (ContainerDeletionChoosingPolicyTemplate.java:chooseContainerForBlockDeletion(85)) - Chosen 0/5000 blocks from 0 candidate containers.
2024-05-09 06:28:09,906 [5b847746-75e9-42bf-94b1-858a537db9cd-BlockDeletingService#0] INFO  interfaces.ContainerDeletionChoosingPolicyTemplate (ContainerDeletionChoosingPolicyTemplate.java:chooseContainerForBlockDeletion(85)) - Chosen 0/5000 blocks from 0 candidate containers.
2024-05-09 06:28:09,997 [528b4752-3c7b-4991-99e9-89ee621f29a5-BlockDeletingService#0] INFO  interfaces.ContainerDeletionChoosingPolicyTemplate (ContainerDeletionChoosingPolicyTemplate.java:chooseContainerForBlockDeletion(85)) - Chosen 0/5000 blocks from 0 candidate containers.
2024-05-09 06:28:10,065 [c367b86c-aa24-47f1-8357-097651e72609-BlockDeletingService#0] INFO  interfaces.ContainerDeletionChoosingPolicyTemplate (ContainerDeletionChoosingPolicyTemplate.java:chooseContainerForBlockDeletion(85)) - Chosen 0/5000 blocks from 0 candidate containers.
2024-05-09 06:28:10,148 [grpc-default-executor-4] WARN  server.GrpcLogAppender (LogUtils.java:warn(121)) - 0b714aca-fc82-484b-9944-7b2ffbc45fbf@group-711D46114548->528b4752-3c7b-4991-99e9-89ee621f29a5-AppendLogResponseHandler: Failed appendEntries: org.apache.ratis.thirdparty.io.grpc.StatusRuntimeException: UNAVAILABLE: io exception
2024-05-09 06:28:10,149 [grpc-default-executor-6] WARN  server.GrpcLogAppender (GrpcLogAppender.java:lambda$resetClient$1(217)) - 0b714aca-fc82-484b-9944-7b2ffbc45fbf@group-711D46114548->528b4752-3c7b-4991-99e9-89ee621f29a5-GrpcLogAppender: Follower failed (request=null, errorCount=83); keep nextIndex (9) unchanged and retry.
2024-05-09 06:28:10,157 [bda92e25-e077-447c-8dba-c1f962292f2e-BlockDeletingService#0] INFO  interfaces.ContainerDeletionChoosingPolicyTemplate (ContainerDeletionChoosingPolicyTemplate.java:chooseContainerForBlockDeletion(85)) - Chosen 0/5000 blocks from 0 candidate containers.
2024-05-09 06:28:10,979 [timer7] WARN  server.GrpcLogAppender (LogUtils.java:warn(121)) - 0b714aca-fc82-484b-9944-7b2ffbc45fbf@group-A6FAD74B91C2->528b4752-3c7b-4991-99e9-89ee621f29a5-AppendLogResponseHandler: Failed appendEntries (Repeated 2 times in the last 5.001s): org.apache.ratis.thirdparty.io.grpc.StatusRuntimeException: UNAVAILABLE: io exception
2024-05-09 06:28:10,979 [timer0] WARN  server.GrpcLogAppender (GrpcLogAppender.java:lambda$resetClient$1(217)) - 0b714aca-fc82-484b-9944-7b2ffbc45fbf@group-A6FAD74B91C2->528b4752-3c7b-4991-99e9-89ee621f29a5-GrpcLogAppender: Follower failed (request=null, errorCount=88); keep nextIndex (1) unchanged and retry. (Repeated 2 times in the last 5.001s)
2024-05-09 06:28:10,979 [grpc-default-executor-4] WARN  server.GrpcLogAppender (LogUtils.java:warn(121)) - 0b714aca-fc82-484b-9944-7b2ffbc45fbf@group-A6FAD74B91C2->528b4752-3c7b-4991-99e9-89ee621f29a5-AppendLogResponseHandler: Failed appendEntries: org.apache.ratis.thirdparty.io.grpc.StatusRuntimeException: UNAVAILABLE: io exception
2024-05-09 06:28:10,980 [grpc-default-executor-6] WARN  server.GrpcLogAppender (GrpcLogAppender.java:lambda$resetClient$1(217)) - 0b714aca-fc82-484b-9944-7b2ffbc45fbf@group-A6FAD74B91C2->528b4752-3c7b-4991-99e9-89ee621f29a5-GrpcLogAppender: Follower failed (request=null, errorCount=89); keep nextIndex (1) unchanged and retry.
2024-05-09 06:28:15,148 [timer5] WARN  server.GrpcLogAppender (LogUtils.java:warn(121)) - 0b714aca-fc82-484b-9944-7b2ffbc45fbf@group-711D46114548->528b4752-3c7b-4991-99e9-89ee621f29a5-AppendLogResponseHandler: Failed appendEntries (Repeated 4 times in the last 5.000s): org.apache.ratis.thirdparty.io.grpc.StatusRuntimeException: UNAVAILABLE: io exception
2024-05-09 06:28:15,149 [timer6] WARN  server.GrpcLogAppender (GrpcLogAppender.java:lambda$resetClient$1(217)) - 0b714aca-fc82-484b-9944-7b2ffbc45fbf@group-711D46114548->528b4752-3c7b-4991-99e9-89ee621f29a5-GrpcLogAppender: Follower failed (request=null, errorCount=86); keep nextIndex (9) unchanged and retry. (Repeated 4 times in the last 5.000s)
2024-05-09 06:28:15,980 [timer7] WARN  server.GrpcLogAppender (LogUtils.java:warn(121)) - 0b714aca-fc82-484b-9944-7b2ffbc45fbf@group-A6FAD74B91C2->528b4752-3c7b-4991-99e9-89ee621f29a5-AppendLogResponseHandler: Failed appendEntries (Repeated 2 times in the last 5.000s): org.apache.ratis.thirdparty.io.grpc.StatusRuntimeException: UNAVAILABLE: io exception
2024-05-09 06:28:15,980 [timer0] WARN  server.GrpcLogAppender (GrpcLogAppender.java:lambda$resetClient$1(217)) - 0b714aca-fc82-484b-9944-7b2ffbc45fbf@group-A6FAD74B91C2->528b4752-3c7b-4991-99e9-89ee621f29a5-GrpcLogAppender: Follower failed (request=null, errorCount=90); keep nextIndex (1) unchanged and retry. (Repeated 2 times in the last 5.001s)
2024-05-09 06:28:16,111 [grpc-default-executor-6] WARN  server.GrpcLogAppender (LogUtils.java:warn(121)) - 0b714aca-fc82-484b-9944-7b2ffbc45fbf@group-A6FAD74B91C2->528b4752-3c7b-4991-99e9-89ee621f29a5-AppendLogResponseHandler: Failed appendEntries: org.apache.ratis.thirdparty.io.grpc.StatusRuntimeException: UNAVAILABLE: io exception
2024-05-09 06:28:16,112 [grpc-default-executor-4] WARN  server.GrpcLogAppender (GrpcLogAppender.java:lambda$resetClient$1(217)) - 0b714aca-fc82-484b-9944-7b2ffbc45fbf@group-A6FAD74B91C2->528b4752-3c7b-4991-99e9-89ee621f29a5-GrpcLogAppender: Follower failed (request=null, errorCount=91); keep nextIndex (1) unchanged and retry.
2024-05-09 06:28:19,964 [grpc-default-executor-4] WARN  server.GrpcLogAppender (LogUtils.java:warn(121)) - 0b714aca-fc82-484b-9944-7b2ffbc45fbf@group-711D46114548->528b4752-3c7b-4991-99e9-89ee621f29a5-AppendLogResponseHandler: Failed appendEntries: org.apache.ratis.thirdparty.io.grpc.StatusRuntimeException: UNAVAILABLE: io exception
2024-05-09 06:28:19,964 [grpc-default-executor-6] WARN  server.GrpcLogAppender (GrpcLogAppender.java:lambda$resetClient$1(217)) - 0b714aca-fc82-484b-9944-7b2ffbc45fbf@group-711D46114548->528b4752-3c7b-4991-99e9-89ee621f29a5-GrpcLogAppender: Follower failed (request=null, errorCount=87); keep nextIndex (9) unchanged and retry.
2024-05-09 06:28:21,111 [timer4] WARN  server.GrpcLogAppender (LogUtils.java:warn(121)) - 0b714aca-fc82-484b-9944-7b2ffbc45fbf@group-A6FAD74B91C2->528b4752-3c7b-4991-99e9-89ee621f29a5-AppendLogResponseHandler: Failed appendEntries (Repeated 4 times in the last 5.000s): org.apache.ratis.thirdparty.io.grpc.StatusRuntimeException: UNAVAILABLE: io exception
2024-05-09 06:28:21,112 [timer5] WARN  server.GrpcLogAppender (GrpcLogAppender.java:lambda$resetClient$1(217)) - 0b714aca-fc82-484b-9944-7b2ffbc45fbf@group-A6FAD74B91C2->528b4752-3c7b-4991-99e9-89ee621f29a5-GrpcLogAppender: Follower failed (request=null, errorCount=94); keep nextIndex (1) unchanged and retry. (Repeated 4 times in the last 5.000s)
2024-05-09 06:28:23,938 [grpc-default-executor-4] WARN  server.GrpcLogAppender (LogUtils.java:warn(121)) - 0b714aca-fc82-484b-9944-7b2ffbc45fbf@group-A6FAD74B91C2->528b4752-3c7b-4991-99e9-89ee621f29a5-AppendLogResponseHandler: Failed appendEntries: org.apache.ratis.thirdparty.io.grpc.StatusRuntimeException: UNAVAILABLE: io exception
2024-05-09 06:28:23,938 [grpc-default-executor-6] WARN  server.GrpcLogAppender (GrpcLogAppender.java:lambda$resetClient$1(217)) - 0b714aca-fc82-484b-9944-7b2ffbc45fbf@group-A6FAD74B91C2->528b4752-3c7b-4991-99e9-89ee621f29a5-GrpcLogAppender: Follower failed (request=null, errorCount=95); keep nextIndex (1) unchanged and retry.
2024-05-09 06:28:24,964 [timer6] WARN  server.GrpcLogAppender (LogUtils.java:warn(121)) - 0b714aca-fc82-484b-9944-7b2ffbc45fbf@group-711D46114548->528b4752-3c7b-4991-99e9-89ee621f29a5-AppendLogResponseHandler: Failed appendEntries (Repeated 2 times in the last 5.000s): org.apache.ratis.thirdparty.io.grpc.StatusRuntimeException: UNAVAILABLE: io exception
2024-05-09 06:28:24,964 [timer7] WARN  server.GrpcLogAppender (GrpcLogAppender.java:lambda$resetClient$1(217)) - 0b714aca-fc82-484b-9944-7b2ffbc45fbf@group-711D46114548->528b4752-3c7b-4991-99e9-89ee621f29a5-GrpcLogAppender: Follower failed (request=null, errorCount=88); keep nextIndex (9) unchanged and retry. (Repeated 2 times in the last 5.000s)
2024-05-09 06:28:26,244 [grpc-default-executor-4] WARN  server.GrpcLogAppender (LogUtils.java:warn(121)) - 0b714aca-fc82-484b-9944-7b2ffbc45fbf@group-711D46114548->528b4752-3c7b-4991-99e9-89ee621f29a5-AppendLogResponseHandler: Failed appendEntries: org.apache.ratis.thirdparty.io.grpc.StatusRuntimeException: UNAVAILABLE: io exception
2024-05-09 06:28:26,245 [grpc-default-executor-6] WARN  server.GrpcLogAppender (GrpcLogAppender.java:lambda$resetClient$1(217)) - 0b714aca-fc82-484b-9944-7b2ffbc45fbf@group-711D46114548->528b4752-3c7b-4991-99e9-89ee621f29a5-GrpcLogAppender: Follower failed (request=null, errorCount=89); keep nextIndex (9) unchanged and retry.
2024-05-09 06:28:28,938 [timer5] WARN  server.GrpcLogAppender (LogUtils.java:warn(121)) - 0b714aca-fc82-484b-9944-7b2ffbc45fbf@group-A6FAD74B91C2->528b4752-3c7b-4991-99e9-89ee621f29a5-AppendLogResponseHandler: Failed appendEntries (Repeated 4 times in the last 5.000s): org.apache.ratis.thirdparty.io.grpc.StatusRuntimeException: UNAVAILABLE: io exception
2024-05-09 06:28:28,938 [timer6] WARN  server.GrpcLogAppender (GrpcLogAppender.java:lambda$resetClient$1(217)) - 0b714aca-fc82-484b-9944-7b2ffbc45fbf@group-A6FAD74B91C2->528b4752-3c7b-4991-99e9-89ee621f29a5-GrpcLogAppender: Follower failed (request=null, errorCount=98); keep nextIndex (1) unchanged and retry. (Repeated 4 times in the last 5.000s)
2024-05-09 06:28:31,244 [timer6] WARN  server.GrpcLogAppender (LogUtils.java:warn(121)) - 0b714aca-fc82-484b-9944-7b2ffbc45fbf@group-711D46114548->528b4752-3c7b-4991-99e9-89ee621f29a5-AppendLogResponseHandler: Failed appendEntries (Repeated 2 times in the last 4.999s): org.apache.ratis.thirdparty.io.grpc.StatusRuntimeException: UNAVAILABLE: io exception
2024-05-09 06:28:31,245 [timer7] WARN  server.GrpcLogAppender (GrpcLogAppender.java:lambda$resetClient$1(217)) - 0b714aca-fc82-484b-9944-7b2ffbc45fbf@group-711D46114548->528b4752-3c7b-4991-99e9-89ee621f29a5-GrpcLogAppender: Follower failed (request=null, errorCount=90); keep nextIndex (9) unchanged and retry. (Repeated 2 times in the last 5.000s)
2024-05-09 06:28:32,295 [grpc-default-executor-6] WARN  server.GrpcLogAppender (LogUtils.java:warn(121)) - 0b714aca-fc82-484b-9944-7b2ffbc45fbf@group-711D46114548->528b4752-3c7b-4991-99e9-89ee621f29a5-AppendLogResponseHandler: Failed appendEntries: org.apache.ratis.thirdparty.io.grpc.StatusRuntimeException: UNAVAILABLE: io exception
2024-05-09 06:28:32,295 [grpc-default-executor-4] WARN  server.GrpcLogAppender (GrpcLogAppender.java:lambda$resetClient$1(217)) - 0b714aca-fc82-484b-9944-7b2ffbc45fbf@group-711D46114548->528b4752-3c7b-4991-99e9-89ee621f29a5-GrpcLogAppender: Follower failed (request=null, errorCount=91); keep nextIndex (9) unchanged and retry.
2024-05-09 06:28:35,435 [grpc-default-executor-6] WARN  server.GrpcLogAppender (LogUtils.java:warn(121)) - 0b714aca-fc82-484b-9944-7b2ffbc45fbf@group-A6FAD74B91C2->528b4752-3c7b-4991-99e9-89ee621f29a5-AppendLogResponseHandler: Failed appendEntries: org.apache.ratis.thirdparty.io.grpc.StatusRuntimeException: UNAVAILABLE: io exception
2024-05-09 06:28:35,436 [grpc-default-executor-4] WARN  server.GrpcLogAppender (GrpcLogAppender.java:lambda$resetClient$1(217)) - 0b714aca-fc82-484b-9944-7b2ffbc45fbf@group-A6FAD74B91C2->528b4752-3c7b-4991-99e9-89ee621f29a5-GrpcLogAppender: Follower failed (request=null, errorCount=99); keep nextIndex (1) unchanged and retry.
2024-05-09 06:28:37,295 [timer4] WARN  server.GrpcLogAppender (GrpcLogAppender.java:lambda$resetClient$1(217)) - 0b714aca-fc82-484b-9944-7b2ffbc45fbf@group-711D46114548->528b4752-3c7b-4991-99e9-89ee621f29a5-GrpcLogAppender: Follower failed (request=null, errorCount=94); keep nextIndex (9) unchanged and retry. (Repeated 4 times in the last 5.000s)
2024-05-09 06:28:37,295 [timer3] WARN  server.GrpcLogAppender (LogUtils.java:warn(121)) - 0b714aca-fc82-484b-9944-7b2ffbc45fbf@group-711D46114548->528b4752-3c7b-4991-99e9-89ee621f29a5-AppendLogResponseHandler: Failed appendEntries (Repeated 4 times in the last 5.001s): org.apache.ratis.thirdparty.io.grpc.StatusRuntimeException: UNAVAILABLE: io exception
2024-05-09 06:28:40,436 [timer7] WARN  server.GrpcLogAppender (GrpcLogAppender.java:lambda$resetClient$1(217)) - 0b714aca-fc82-484b-9944-7b2ffbc45fbf@group-A6FAD74B91C2->528b4752-3c7b-4991-99e9-89ee621f29a5-GrpcLogAppender: Follower failed (request=null, errorCount=102); keep nextIndex (1) unchanged and retry. (Repeated 4 times in the last 5.000s)
2024-05-09 06:28:40,436 [timer6] WARN  server.GrpcLogAppender (LogUtils.java:warn(121)) - 0b714aca-fc82-484b-9944-7b2ffbc45fbf@group-A6FAD74B91C2->528b4752-3c7b-4991-99e9-89ee621f29a5-AppendLogResponseHandler: Failed appendEntries (Repeated 4 times in the last 5.001s): org.apache.ratis.thirdparty.io.grpc.StatusRuntimeException: UNAVAILABLE: io exception
2024-05-09 06:28:41,159 [grpc-default-executor-6] WARN  server.GrpcLogAppender (LogUtils.java:warn(121)) - 0b714aca-fc82-484b-9944-7b2ffbc45fbf@group-A6FAD74B91C2->528b4752-3c7b-4991-99e9-89ee621f29a5-AppendLogResponseHandler: Failed appendEntries: org.apache.ratis.thirdparty.io.grpc.StatusRuntimeException: UNAVAILABLE: io exception
2024-05-09 06:28:41,160 [grpc-default-executor-4] WARN  server.GrpcLogAppender (GrpcLogAppender.java:lambda$resetClient$1(217)) - 0b714aca-fc82-484b-9944-7b2ffbc45fbf@group-A6FAD74B91C2->528b4752-3c7b-4991-99e9-89ee621f29a5-GrpcLogAppender: Follower failed (request=null, errorCount=103); keep nextIndex (1) unchanged and retry.
2024-05-09 06:28:43,405 [grpc-default-executor-6] WARN  server.GrpcLogAppender (LogUtils.java:warn(121)) - 0b714aca-fc82-484b-9944-7b2ffbc45fbf@group-711D46114548->528b4752-3c7b-4991-99e9-89ee621f29a5-AppendLogResponseHandler: Failed appendEntries: org.apache.ratis.thirdparty.io.grpc.StatusRuntimeException: UNAVAILABLE: io exception
2024-05-09 06:28:43,406 [grpc-default-executor-4] WARN  server.GrpcLogAppender (GrpcLogAppender.java:lambda$resetClient$1(217)) - 0b714aca-fc82-484b-9944-7b2ffbc45fbf@group-711D46114548->528b4752-3c7b-4991-99e9-89ee621f29a5-GrpcLogAppender: Follower failed (request=null, errorCount=95); keep nextIndex (9) unchanged and retry.
2024-05-09 06:28:46,159 [timer4] WARN  server.GrpcLogAppender (LogUtils.java:warn(121)) - 0b714aca-fc82-484b-9944-7b2ffbc45fbf@group-A6FAD74B91C2->528b4752-3c7b-4991-99e9-89ee621f29a5-AppendLogResponseHandler: Failed appendEntries (Repeated 2 times in the last 4.999s): org.apache.ratis.thirdparty.io.grpc.StatusRuntimeException: UNAVAILABLE: io exception
2024-05-09 06:28:46,160 [timer5] WARN  server.GrpcLogAppender (GrpcLogAppender.java:lambda$resetClient$1(217)) - 0b714aca-fc82-484b-9944-7b2ffbc45fbf@group-A6FAD74B91C2->528b4752-3c7b-4991-99e9-89ee621f29a5-GrpcLogAppender: Follower failed (request=null, errorCount=104); keep nextIndex (1) unchanged and retry. (Repeated 2 times in the last 5.000s)
2024-05-09 06:28:46,732 [grpc-default-executor-4] WARN  server.GrpcLogAppender (LogUtils.java:warn(121)) - 0b714aca-fc82-484b-9944-7b2ffbc45fbf@group-A6FAD74B91C2->528b4752-3c7b-4991-99e9-89ee621f29a5-AppendLogResponseHandler: Failed appendEntries: org.apache.ratis.thirdparty.io.grpc.StatusRuntimeException: UNAVAILABLE: io exception
2024-05-09 06:28:46,732 [grpc-default-executor-6] WARN  server.GrpcLogAppender (GrpcLogAppender.java:lambda$resetClient$1(217)) - 0b714aca-fc82-484b-9944-7b2ffbc45fbf@group-A6FAD74B91C2->528b4752-3c7b-4991-99e9-89ee621f29a5-GrpcLogAppender: Follower failed (request=null, errorCount=105); keep nextIndex (1) unchanged and retry.
2024-05-09 06:28:48,406 [timer0] WARN  server.GrpcLogAppender (GrpcLogAppender.java:lambda$resetClient$1(217)) - 0b714aca-fc82-484b-9944-7b2ffbc45fbf@group-711D46114548->528b4752-3c7b-4991-99e9-89ee621f29a5-GrpcLogAppender: Follower failed (request=null, errorCount=96); keep nextIndex (9) unchanged and retry. (Repeated 2 times in the last 5.000s)
2024-05-09 06:28:48,406 [timer7] WARN  server.GrpcLogAppender (LogUtils.java:warn(121)) - 0b714aca-fc82-484b-9944-7b2ffbc45fbf@group-711D46114548->528b4752-3c7b-4991-99e9-89ee621f29a5-AppendLogResponseHandler: Failed appendEntries (Repeated 2 times in the last 5.001s): org.apache.ratis.thirdparty.io.grpc.StatusRuntimeException: UNAVAILABLE: io exception
2024-05-09 06:28:50,374 [grpc-default-executor-4] WARN  server.GrpcLogAppender (LogUtils.java:warn(121)) - 0b714aca-fc82-484b-9944-7b2ffbc45fbf@group-711D46114548->528b4752-3c7b-4991-99e9-89ee621f29a5-AppendLogResponseHandler: Failed appendEntries: org.apache.ratis.thirdparty.io.grpc.StatusRuntimeException: UNAVAILABLE: io exception
2024-05-09 06:28:50,374 [grpc-default-executor-4] WARN  server.GrpcLogAppender (GrpcLogAppender.java:lambda$resetClient$1(217)) - 0b714aca-fc82-484b-9944-7b2ffbc45fbf@group-711D46114548->528b4752-3c7b-4991-99e9-89ee621f29a5-GrpcLogAppender: Follower failed (request=null, errorCount=97); keep nextIndex (9) unchanged and retry.
2024-05-09 06:28:51,732 [timer6] WARN  server.GrpcLogAppender (GrpcLogAppender.java:lambda$resetClient$1(217)) - 0b714aca-fc82-484b-9944-7b2ffbc45fbf@group-A6FAD74B91C2->528b4752-3c7b-4991-99e9-89ee621f29a5-GrpcLogAppender: Follower failed (request=null, errorCount=108); keep nextIndex (1) unchanged and retry. (Repeated 4 times in the last 4.999s)
2024-05-09 06:28:51,732 [timer5] WARN  server.GrpcLogAppender (LogUtils.java:warn(121)) - 0b714aca-fc82-484b-9944-7b2ffbc45fbf@group-A6FAD74B91C2->528b4752-3c7b-4991-99e9-89ee621f29a5-AppendLogResponseHandler: Failed appendEntries (Repeated 4 times in the last 5.000s): org.apache.ratis.thirdparty.io.grpc.StatusRuntimeException: UNAVAILABLE: io exception
2024-05-09 06:28:54,762 [grpc-default-executor-6] WARN  server.GrpcLogAppender (LogUtils.java:warn(121)) - 0b714aca-fc82-484b-9944-7b2ffbc45fbf@group-A6FAD74B91C2->528b4752-3c7b-4991-99e9-89ee621f29a5-AppendLogResponseHandler: Failed appendEntries: org.apache.ratis.thirdparty.io.grpc.StatusRuntimeException: UNAVAILABLE: io exception
2024-05-09 06:28:54,763 [grpc-default-executor-4] WARN  server.GrpcLogAppender (GrpcLogAppender.java:lambda$resetClient$1(217)) - 0b714aca-fc82-484b-9944-7b2ffbc45fbf@group-A6FAD74B91C2->528b4752-3c7b-4991-99e9-89ee621f29a5-GrpcLogAppender: Follower failed (request=null, errorCount=109); keep nextIndex (1) unchanged and retry.
2024-05-09 06:28:55,374 [timer6] WARN  server.GrpcLogAppender (GrpcLogAppender.java:lambda$resetClient$1(217)) - 0b714aca-fc82-484b-9944-7b2ffbc45fbf@group-711D46114548->528b4752-3c7b-4991-99e9-89ee621f29a5-GrpcLogAppender: Follower failed (request=null, errorCount=98); keep nextIndex (9) unchanged and retry. (Repeated 2 times in the last 5.000s)
2024-05-09 06:28:55,374 [timer5] WARN  server.GrpcLogAppender (LogUtils.java:warn(121)) - 0b714aca-fc82-484b-9944-7b2ffbc45fbf@group-711D46114548->528b4752-3c7b-4991-99e9-89ee621f29a5-AppendLogResponseHandler: Failed appendEntries (Repeated 2 times in the last 5.000s): org.apache.ratis.thirdparty.io.grpc.StatusRuntimeException: UNAVAILABLE: io exception
2024-05-09 06:28:57,174 [grpc-default-executor-6] WARN  server.GrpcLogAppender (LogUtils.java:warn(121)) - 0b714aca-fc82-484b-9944-7b2ffbc45fbf@group-711D46114548->528b4752-3c7b-4991-99e9-89ee621f29a5-AppendLogResponseHandler: Failed appendEntries: org.apache.ratis.thirdparty.io.grpc.StatusRuntimeException: UNAVAILABLE: io exception
2024-05-09 06:28:57,175 [grpc-default-executor-4] WARN  server.GrpcLogAppender (GrpcLogAppender.java:lambda$resetClient$1(217)) - 0b714aca-fc82-484b-9944-7b2ffbc45fbf@group-711D46114548->528b4752-3c7b-4991-99e9-89ee621f29a5-GrpcLogAppender: Follower failed (request=null, errorCount=99); keep nextIndex (9) unchanged and retry.
2024-05-09 06:28:59,764 [timer6] WARN  server.GrpcLogAppender (GrpcLogAppender.java:lambda$resetClient$1(217)) - 0b714aca-fc82-484b-9944-7b2ffbc45fbf@group-A6FAD74B91C2->528b4752-3c7b-4991-99e9-89ee621f29a5-GrpcLogAppender: Follower failed (request=null, errorCount=110); keep nextIndex (1) unchanged and retry. (Repeated 2 times in the last 5.001s)
2024-05-09 06:28:59,764 [timer5] WARN  server.GrpcLogAppender (LogUtils.java:warn(121)) - 0b714aca-fc82-484b-9944-7b2ffbc45fbf@group-A6FAD74B91C2->528b4752-3c7b-4991-99e9-89ee621f29a5-AppendLogResponseHandler: Failed appendEntries (Repeated 2 times in the last 5.001s): org.apache.ratis.thirdparty.io.grpc.StatusRuntimeException: UNAVAILABLE: io exception
2024-05-09 06:29:02,033 [grpc-default-executor-4] WARN  server.GrpcLogAppender (LogUtils.java:warn(121)) - 0b714aca-fc82-484b-9944-7b2ffbc45fbf@group-A6FAD74B91C2->528b4752-3c7b-4991-99e9-89ee621f29a5-AppendLogResponseHandler: Failed appendEntries: org.apache.ratis.thirdparty.io.grpc.StatusRuntimeException: UNAVAILABLE: io exception
2024-05-09 06:29:02,033 [grpc-default-executor-6] WARN  server.GrpcLogAppender (GrpcLogAppender.java:lambda$resetClient$1(217)) - 0b714aca-fc82-484b-9944-7b2ffbc45fbf@group-A6FAD74B91C2->528b4752-3c7b-4991-99e9-89ee621f29a5-GrpcLogAppender: Follower failed (request=null, errorCount=111); keep nextIndex (1) unchanged and retry.
2024-05-09 06:29:02,174 [timer6] WARN  server.GrpcLogAppender (LogUtils.java:warn(121)) - 0b714aca-fc82-484b-9944-7b2ffbc45fbf@group-711D46114548->528b4752-3c7b-4991-99e9-89ee621f29a5-AppendLogResponseHandler: Failed appendEntries (Repeated 4 times in the last 5.000s): org.apache.ratis.thirdparty.io.grpc.StatusRuntimeException: UNAVAILABLE: io exception
2024-05-09 06:29:02,175 [timer7] WARN  server.GrpcLogAppender (GrpcLogAppender.java:lambda$resetClient$1(217)) - 0b714aca-fc82-484b-9944-7b2ffbc45fbf@group-711D46114548->528b4752-3c7b-4991-99e9-89ee621f29a5-GrpcLogAppender: Follower failed (request=null, errorCount=102); keep nextIndex (9) unchanged and retry. (Repeated 4 times in the last 5.001s)
2024-05-09 06:29:05,411 [grpc-default-executor-4] WARN  server.GrpcLogAppender (LogUtils.java:warn(121)) - 0b714aca-fc82-484b-9944-7b2ffbc45fbf@group-711D46114548->528b4752-3c7b-4991-99e9-89ee621f29a5-AppendLogResponseHandler: Failed appendEntries: org.apache.ratis.thirdparty.io.grpc.StatusRuntimeException: UNAVAILABLE: io exception
2024-05-09 06:29:05,411 [grpc-default-executor-6] WARN  server.GrpcLogAppender (GrpcLogAppender.java:lambda$resetClient$1(217)) - 0b714aca-fc82-484b-9944-7b2ffbc45fbf@group-711D46114548->528b4752-3c7b-4991-99e9-89ee621f29a5-GrpcLogAppender: Follower failed (request=null, errorCount=103); keep nextIndex (9) unchanged and retry.
2024-05-09 06:29:07,033 [timer7] WARN  server.GrpcLogAppender (GrpcLogAppender.java:lambda$resetClient$1(217)) - 0b714aca-fc82-484b-9944-7b2ffbc45fbf@group-A6FAD74B91C2->528b4752-3c7b-4991-99e9-89ee621f29a5-GrpcLogAppender: Follower failed (request=null, errorCount=114); keep nextIndex (1) unchanged and retry. (Repeated 4 times in the last 5.000s)
2024-05-09 06:29:07,033 [timer6] WARN  server.GrpcLogAppender (LogUtils.java:warn(121)) - 0b714aca-fc82-484b-9944-7b2ffbc45fbf@group-A6FAD74B91C2->528b4752-3c7b-4991-99e9-89ee621f29a5-AppendLogResponseHandler: Failed appendEntries (Repeated 4 times in the last 5.001s): org.apache.ratis.thirdparty.io.grpc.StatusRuntimeException: UNAVAILABLE: io exception
2024-05-09 06:29:09,835 [0b714aca-fc82-484b-9944-7b2ffbc45fbf-BlockDeletingService#2] INFO  interfaces.ContainerDeletionChoosingPolicyTemplate (ContainerDeletionChoosingPolicyTemplate.java:chooseContainerForBlockDeletion(85)) - Chosen 0/5000 blocks from 0 candidate containers.
2024-05-09 06:29:09,907 [5b847746-75e9-42bf-94b1-858a537db9cd-BlockDeletingService#2] INFO  interfaces.ContainerDeletionChoosingPolicyTemplate (ContainerDeletionChoosingPolicyTemplate.java:chooseContainerForBlockDeletion(85)) - Chosen 0/5000 blocks from 0 candidate containers.
2024-05-09 06:29:09,998 [528b4752-3c7b-4991-99e9-89ee621f29a5-BlockDeletingService#2] INFO  interfaces.ContainerDeletionChoosingPolicyTemplate (ContainerDeletionChoosingPolicyTemplate.java:chooseContainerForBlockDeletion(85)) - Chosen 0/5000 blocks from 0 candidate containers.
2024-05-09 06:29:10,065 [c367b86c-aa24-47f1-8357-097651e72609-BlockDeletingService#2] INFO  interfaces.ContainerDeletionChoosingPolicyTemplate (ContainerDeletionChoosingPolicyTemplate.java:chooseContainerForBlockDeletion(85)) - Chosen 0/5000 blocks from 0 candidate containers.
2024-05-09 06:29:10,157 [bda92e25-e077-447c-8dba-c1f962292f2e-BlockDeletingService#2] INFO  interfaces.ContainerDeletionChoosingPolicyTemplate (ContainerDeletionChoosingPolicyTemplate.java:chooseContainerForBlockDeletion(85)) - Chosen 0/5000 blocks from 0 candidate containers.
2024-05-09 06:29:10,411 [timer7] WARN  server.GrpcLogAppender (GrpcLogAppender.java:lambda$resetClient$1(217)) - 0b714aca-fc82-484b-9944-7b2ffbc45fbf@group-711D46114548->528b4752-3c7b-4991-99e9-89ee621f29a5-GrpcLogAppender: Follower failed (request=null, errorCount=104); keep nextIndex (9) unchanged and retry. (Repeated 2 times in the last 5.000s)
2024-05-09 06:29:10,412 [timer6] WARN  server.GrpcLogAppender (LogUtils.java:warn(121)) - 0b714aca-fc82-484b-9944-7b2ffbc45fbf@group-711D46114548->528b4752-3c7b-4991-99e9-89ee621f29a5-AppendLogResponseHandler: Failed appendEntries (Repeated 2 times in the last 5.001s): org.apache.ratis.thirdparty.io.grpc.StatusRuntimeException: UNAVAILABLE: io exception
2024-05-09 06:29:11,480 [grpc-default-executor-4] WARN  server.GrpcLogAppender (LogUtils.java:warn(121)) - 0b714aca-fc82-484b-9944-7b2ffbc45fbf@group-711D46114548->528b4752-3c7b-4991-99e9-89ee621f29a5-AppendLogResponseHandler: Failed appendEntries: org.apache.ratis.thirdparty.io.grpc.StatusRuntimeException: UNAVAILABLE: io exception
2024-05-09 06:29:11,481 [grpc-default-executor-7] WARN  server.GrpcLogAppender (GrpcLogAppender.java:lambda$resetClient$1(217)) - 0b714aca-fc82-484b-9944-7b2ffbc45fbf@group-711D46114548->528b4752-3c7b-4991-99e9-89ee621f29a5-GrpcLogAppender: Follower failed (request=null, errorCount=105); keep nextIndex (9) unchanged and retry.
2024-05-09 06:29:13,015 [grpc-default-executor-4] WARN  server.GrpcLogAppender (LogUtils.java:warn(121)) - 0b714aca-fc82-484b-9944-7b2ffbc45fbf@group-A6FAD74B91C2->528b4752-3c7b-4991-99e9-89ee621f29a5-AppendLogResponseHandler: Failed appendEntries: org.apache.ratis.thirdparty.io.grpc.StatusRuntimeException: UNAVAILABLE: io exception
2024-05-09 06:29:13,016 [grpc-default-executor-7] WARN  server.GrpcLogAppender (GrpcLogAppender.java:lambda$resetClient$1(217)) - 0b714aca-fc82-484b-9944-7b2ffbc45fbf@group-A6FAD74B91C2->528b4752-3c7b-4991-99e9-89ee621f29a5-GrpcLogAppender: Follower failed (request=null, errorCount=115); keep nextIndex (1) unchanged and retry.
2024-05-09 06:29:16,480 [timer3] WARN  server.GrpcLogAppender (LogUtils.java:warn(121)) - 0b714aca-fc82-484b-9944-7b2ffbc45fbf@group-711D46114548->528b4752-3c7b-4991-99e9-89ee621f29a5-AppendLogResponseHandler: Failed appendEntries (Repeated 2 times in the last 5.000s): org.apache.ratis.thirdparty.io.grpc.StatusRuntimeException: UNAVAILABLE: io exception
2024-05-09 06:29:16,481 [timer4] WARN  server.GrpcLogAppender (GrpcLogAppender.java:lambda$resetClient$1(217)) - 0b714aca-fc82-484b-9944-7b2ffbc45fbf@group-711D46114548->528b4752-3c7b-4991-99e9-89ee621f29a5-GrpcLogAppender: Follower failed (request=null, errorCount=106); keep nextIndex (9) unchanged and retry. (Repeated 2 times in the last 5.001s)
2024-05-09 06:29:18,016 [timer7] WARN  server.GrpcLogAppender (LogUtils.java:warn(121)) - 0b714aca-fc82-484b-9944-7b2ffbc45fbf@group-A6FAD74B91C2->528b4752-3c7b-4991-99e9-89ee621f29a5-AppendLogResponseHandler: Failed appendEntries (Repeated 4 times in the last 5.001s): org.apache.ratis.thirdparty.io.grpc.StatusRuntimeException: UNAVAILABLE: io exception
2024-05-09 06:29:18,016 [timer0] WARN  server.GrpcLogAppender (GrpcLogAppender.java:lambda$resetClient$1(217)) - 0b714aca-fc82-484b-9944-7b2ffbc45fbf@group-A6FAD74B91C2->528b4752-3c7b-4991-99e9-89ee621f29a5-GrpcLogAppender: Follower failed (request=null, errorCount=118); keep nextIndex (1) unchanged and retry. (Repeated 4 times in the last 5.000s)
2024-05-09 06:29:18,955 [grpc-default-executor-7] WARN  server.GrpcLogAppender (LogUtils.java:warn(121)) - 0b714aca-fc82-484b-9944-7b2ffbc45fbf@group-711D46114548->528b4752-3c7b-4991-99e9-89ee621f29a5-AppendLogResponseHandler: Failed appendEntries: org.apache.ratis.thirdparty.io.grpc.StatusRuntimeException: UNAVAILABLE: io exception
2024-05-09 06:29:18,955 [grpc-default-executor-4] WARN  server.GrpcLogAppender (GrpcLogAppender.java:lambda$resetClient$1(217)) - 0b714aca-fc82-484b-9944-7b2ffbc45fbf@group-711D46114548->528b4752-3c7b-4991-99e9-89ee621f29a5-GrpcLogAppender: Follower failed (request=null, errorCount=107); keep nextIndex (9) unchanged and retry.
2024-05-09 06:29:20,470 [grpc-default-executor-7] WARN  server.GrpcLogAppender (LogUtils.java:warn(121)) - 0b714aca-fc82-484b-9944-7b2ffbc45fbf@group-A6FAD74B91C2->528b4752-3c7b-4991-99e9-89ee621f29a5-AppendLogResponseHandler: Failed appendEntries: org.apache.ratis.thirdparty.io.grpc.StatusRuntimeException: UNAVAILABLE: io exception
2024-05-09 06:29:20,470 [grpc-default-executor-4] WARN  server.GrpcLogAppender (GrpcLogAppender.java:lambda$resetClient$1(217)) - 0b714aca-fc82-484b-9944-7b2ffbc45fbf@group-A6FAD74B91C2->528b4752-3c7b-4991-99e9-89ee621f29a5-GrpcLogAppender: Follower failed (request=null, errorCount=119); keep nextIndex (1) unchanged and retry.
2024-05-09 06:29:23,955 [timer4] WARN  server.GrpcLogAppender (LogUtils.java:warn(121)) - 0b714aca-fc82-484b-9944-7b2ffbc45fbf@group-711D46114548->528b4752-3c7b-4991-99e9-89ee621f29a5-AppendLogResponseHandler: Failed appendEntries (Repeated 2 times in the last 5.000s): org.apache.ratis.thirdparty.io.grpc.StatusRuntimeException: UNAVAILABLE: io exception
2024-05-09 06:29:23,955 [timer5] WARN  server.GrpcLogAppender (GrpcLogAppender.java:lambda$resetClient$1(217)) - 0b714aca-fc82-484b-9944-7b2ffbc45fbf@group-711D46114548->528b4752-3c7b-4991-99e9-89ee621f29a5-GrpcLogAppender: Follower failed (request=null, errorCount=108); keep nextIndex (9) unchanged and retry. (Repeated 2 times in the last 5.000s)
2024-05-09 06:29:25,470 [timer7] WARN  server.GrpcLogAppender (LogUtils.java:warn(121)) - 0b714aca-fc82-484b-9944-7b2ffbc45fbf@group-A6FAD74B91C2->528b4752-3c7b-4991-99e9-89ee621f29a5-AppendLogResponseHandler: Failed appendEntries (Repeated 2 times in the last 5.000s): org.apache.ratis.thirdparty.io.grpc.StatusRuntimeException: UNAVAILABLE: io exception
2024-05-09 06:29:25,471 [timer0] WARN  server.GrpcLogAppender (GrpcLogAppender.java:lambda$resetClient$1(217)) - 0b714aca-fc82-484b-9944-7b2ffbc45fbf@group-A6FAD74B91C2->528b4752-3c7b-4991-99e9-89ee621f29a5-GrpcLogAppender: Follower failed (request=null, errorCount=120); keep nextIndex (1) unchanged and retry. (Repeated 2 times in the last 5.000s)
2024-05-09 06:29:26,375 [grpc-default-executor-7] WARN  server.GrpcLogAppender (LogUtils.java:warn(121)) - 0b714aca-fc82-484b-9944-7b2ffbc45fbf@group-A6FAD74B91C2->528b4752-3c7b-4991-99e9-89ee621f29a5-AppendLogResponseHandler: Failed appendEntries: org.apache.ratis.thirdparty.io.grpc.StatusRuntimeException: UNAVAILABLE: io exception
2024-05-09 06:29:26,376 [grpc-default-executor-4] WARN  server.GrpcLogAppender (GrpcLogAppender.java:lambda$resetClient$1(217)) - 0b714aca-fc82-484b-9944-7b2ffbc45fbf@group-A6FAD74B91C2->528b4752-3c7b-4991-99e9-89ee621f29a5-GrpcLogAppender: Follower failed (request=null, errorCount=121); keep nextIndex (1) unchanged and retry.
2024-05-09 06:29:26,421 [grpc-default-executor-7] WARN  server.GrpcLogAppender (LogUtils.java:warn(121)) - 0b714aca-fc82-484b-9944-7b2ffbc45fbf@group-711D46114548->528b4752-3c7b-4991-99e9-89ee621f29a5-AppendLogResponseHandler: Failed appendEntries: org.apache.ratis.thirdparty.io.grpc.StatusRuntimeException: UNAVAILABLE: io exception
2024-05-09 06:29:26,421 [grpc-default-executor-4] WARN  server.GrpcLogAppender (GrpcLogAppender.java:lambda$resetClient$1(217)) - 0b714aca-fc82-484b-9944-7b2ffbc45fbf@group-711D46114548->528b4752-3c7b-4991-99e9-89ee621f29a5-GrpcLogAppender: Follower failed (request=null, errorCount=109); keep nextIndex (9) unchanged and retry.
2024-05-09 06:29:31,376 [timer3] WARN  server.GrpcLogAppender (LogUtils.java:warn(121)) - 0b714aca-fc82-484b-9944-7b2ffbc45fbf@group-A6FAD74B91C2->528b4752-3c7b-4991-99e9-89ee621f29a5-AppendLogResponseHandler: Failed appendEntries (Repeated 4 times in the last 5.000s): org.apache.ratis.thirdparty.io.grpc.StatusRuntimeException: UNAVAILABLE: io exception
2024-05-09 06:29:31,376 [timer4] WARN  server.GrpcLogAppender (GrpcLogAppender.java:lambda$resetClient$1(217)) - 0b714aca-fc82-484b-9944-7b2ffbc45fbf@group-A6FAD74B91C2->528b4752-3c7b-4991-99e9-89ee621f29a5-GrpcLogAppender: Follower failed (request=null, errorCount=124); keep nextIndex (1) unchanged and retry. (Repeated 4 times in the last 5.000s)
2024-05-09 06:29:31,421 [timer6] WARN  server.GrpcLogAppender (LogUtils.java:warn(121)) - 0b714aca-fc82-484b-9944-7b2ffbc45fbf@group-711D46114548->528b4752-3c7b-4991-99e9-89ee621f29a5-AppendLogResponseHandler: Failed appendEntries (Repeated 4 times in the last 5.000s): org.apache.ratis.thirdparty.io.grpc.StatusRuntimeException: UNAVAILABLE: io exception
2024-05-09 06:29:31,422 [timer7] WARN  server.GrpcLogAppender (GrpcLogAppender.java:lambda$resetClient$1(217)) - 0b714aca-fc82-484b-9944-7b2ffbc45fbf@group-711D46114548->528b4752-3c7b-4991-99e9-89ee621f29a5-GrpcLogAppender: Follower failed (request=null, errorCount=112); keep nextIndex (9) unchanged and retry. (Repeated 4 times in the last 5.000s)
2024-05-09 06:29:35,634 [grpc-default-executor-7] WARN  server.GrpcLogAppender (LogUtils.java:warn(121)) - 0b714aca-fc82-484b-9944-7b2ffbc45fbf@group-A6FAD74B91C2->528b4752-3c7b-4991-99e9-89ee621f29a5-AppendLogResponseHandler: Failed appendEntries: org.apache.ratis.thirdparty.io.grpc.StatusRuntimeException: UNAVAILABLE: io exception
2024-05-09 06:29:35,634 [grpc-default-executor-4] WARN  server.GrpcLogAppender (GrpcLogAppender.java:lambda$resetClient$1(217)) - 0b714aca-fc82-484b-9944-7b2ffbc45fbf@group-A6FAD74B91C2->528b4752-3c7b-4991-99e9-89ee621f29a5-GrpcLogAppender: Follower failed (request=null, errorCount=125); keep nextIndex (1) unchanged and retry.
2024-05-09 06:29:36,091 [grpc-default-executor-4] WARN  server.GrpcLogAppender (LogUtils.java:warn(121)) - 0b714aca-fc82-484b-9944-7b2ffbc45fbf@group-711D46114548->528b4752-3c7b-4991-99e9-89ee621f29a5-AppendLogResponseHandler: Failed appendEntries: org.apache.ratis.thirdparty.io.grpc.StatusRuntimeException: UNAVAILABLE: io exception
2024-05-09 06:29:36,091 [grpc-default-executor-7] WARN  server.GrpcLogAppender (GrpcLogAppender.java:lambda$resetClient$1(217)) - 0b714aca-fc82-484b-9944-7b2ffbc45fbf@group-711D46114548->528b4752-3c7b-4991-99e9-89ee621f29a5-GrpcLogAppender: Follower failed (request=null, errorCount=113); keep nextIndex (9) unchanged and retry.
2024-05-09 06:29:40,634 [timer6] WARN  server.GrpcLogAppender (GrpcLogAppender.java:lambda$resetClient$1(217)) - 0b714aca-fc82-484b-9944-7b2ffbc45fbf@group-A6FAD74B91C2->528b4752-3c7b-4991-99e9-89ee621f29a5-GrpcLogAppender: Follower failed (request=null, errorCount=128); keep nextIndex (1) unchanged and retry. (Repeated 4 times in the last 4.999s)
2024-05-09 06:29:40,634 [timer5] WARN  server.GrpcLogAppender (LogUtils.java:warn(121)) - 0b714aca-fc82-484b-9944-7b2ffbc45fbf@group-A6FAD74B91C2->528b4752-3c7b-4991-99e9-89ee621f29a5-AppendLogResponseHandler: Failed appendEntries (Repeated 4 times in the last 5.000s): org.apache.ratis.thirdparty.io.grpc.StatusRuntimeException: UNAVAILABLE: io exception
2024-05-09 06:29:41,091 [timer0] WARN  server.GrpcLogAppender (GrpcLogAppender.java:lambda$resetClient$1(217)) - 0b714aca-fc82-484b-9944-7b2ffbc45fbf@group-711D46114548->528b4752-3c7b-4991-99e9-89ee621f29a5-GrpcLogAppender: Follower failed (request=null, errorCount=116); keep nextIndex (9) unchanged and retry. (Repeated 4 times in the last 5.000s)
2024-05-09 06:29:41,091 [timer7] WARN  server.GrpcLogAppender (LogUtils.java:warn(121)) - 0b714aca-fc82-484b-9944-7b2ffbc45fbf@group-711D46114548->528b4752-3c7b-4991-99e9-89ee621f29a5-AppendLogResponseHandler: Failed appendEntries (Repeated 4 times in the last 5.001s): org.apache.ratis.thirdparty.io.grpc.StatusRuntimeException: UNAVAILABLE: io exception
2024-05-09 06:29:43,582 [grpc-default-executor-4] WARN  server.GrpcLogAppender (LogUtils.java:warn(121)) - 0b714aca-fc82-484b-9944-7b2ffbc45fbf@group-711D46114548->528b4752-3c7b-4991-99e9-89ee621f29a5-AppendLogResponseHandler: Failed appendEntries: org.apache.ratis.thirdparty.io.grpc.StatusRuntimeException: UNAVAILABLE: io exception
2024-05-09 06:29:43,583 [grpc-default-executor-7] WARN  server.GrpcLogAppender (GrpcLogAppender.java:lambda$resetClient$1(217)) - 0b714aca-fc82-484b-9944-7b2ffbc45fbf@group-711D46114548->528b4752-3c7b-4991-99e9-89ee621f29a5-GrpcLogAppender: Follower failed (request=null, errorCount=117); keep nextIndex (9) unchanged and retry.
2024-05-09 06:29:44,848 [grpc-default-executor-4] WARN  server.GrpcLogAppender (LogUtils.java:warn(121)) - 0b714aca-fc82-484b-9944-7b2ffbc45fbf@group-A6FAD74B91C2->528b4752-3c7b-4991-99e9-89ee621f29a5-AppendLogResponseHandler: Failed appendEntries: org.apache.ratis.thirdparty.io.grpc.StatusRuntimeException: UNAVAILABLE: io exception
2024-05-09 06:29:44,848 [grpc-default-executor-7] WARN  server.GrpcLogAppender (GrpcLogAppender.java:lambda$resetClient$1(217)) - 0b714aca-fc82-484b-9944-7b2ffbc45fbf@group-A6FAD74B91C2->528b4752-3c7b-4991-99e9-89ee621f29a5-GrpcLogAppender: Follower failed (request=null, errorCount=129); keep nextIndex (1) unchanged and retry.
2024-05-09 06:29:48,583 [timer5] WARN  server.GrpcLogAppender (GrpcLogAppender.java:lambda$resetClient$1(217)) - 0b714aca-fc82-484b-9944-7b2ffbc45fbf@group-711D46114548->528b4752-3c7b-4991-99e9-89ee621f29a5-GrpcLogAppender: Follower failed (request=null, errorCount=120); keep nextIndex (9) unchanged and retry. (Repeated 4 times in the last 5.000s)
2024-05-09 06:29:48,583 [timer4] WARN  server.GrpcLogAppender (LogUtils.java:warn(121)) - 0b714aca-fc82-484b-9944-7b2ffbc45fbf@group-711D46114548->528b4752-3c7b-4991-99e9-89ee621f29a5-AppendLogResponseHandler: Failed appendEntries (Repeated 4 times in the last 5.001s): org.apache.ratis.thirdparty.io.grpc.StatusRuntimeException: UNAVAILABLE: io exception
2024-05-09 06:29:49,848 [timer6] WARN  server.GrpcLogAppender (LogUtils.java:warn(121)) - 0b714aca-fc82-484b-9944-7b2ffbc45fbf@group-A6FAD74B91C2->528b4752-3c7b-4991-99e9-89ee621f29a5-AppendLogResponseHandler: Failed appendEntries (Repeated 4 times in the last 5.000s): org.apache.ratis.thirdparty.io.grpc.StatusRuntimeException: UNAVAILABLE: io exception
2024-05-09 06:29:49,848 [timer7] WARN  server.GrpcLogAppender (GrpcLogAppender.java:lambda$resetClient$1(217)) - 0b714aca-fc82-484b-9944-7b2ffbc45fbf@group-A6FAD74B91C2->528b4752-3c7b-4991-99e9-89ee621f29a5-GrpcLogAppender: Follower failed (request=null, errorCount=132); keep nextIndex (1) unchanged and retry. (Repeated 4 times in the last 5.000s)
2024-05-09 06:29:51,063 [grpc-default-executor-7] WARN  server.GrpcLogAppender (LogUtils.java:warn(121)) - 0b714aca-fc82-484b-9944-7b2ffbc45fbf@group-711D46114548->528b4752-3c7b-4991-99e9-89ee621f29a5-AppendLogResponseHandler: Failed appendEntries: org.apache.ratis.thirdparty.io.grpc.StatusRuntimeException: UNAVAILABLE: io exception
2024-05-09 06:29:51,063 [grpc-default-executor-4] WARN  server.GrpcLogAppender (GrpcLogAppender.java:lambda$resetClient$1(217)) - 0b714aca-fc82-484b-9944-7b2ffbc45fbf@group-711D46114548->528b4752-3c7b-4991-99e9-89ee621f29a5-GrpcLogAppender: Follower failed (request=null, errorCount=121); keep nextIndex (9) unchanged and retry.
2024-05-09 06:29:54,133 [grpc-default-executor-7] WARN  server.GrpcLogAppender (LogUtils.java:warn(121)) - 0b714aca-fc82-484b-9944-7b2ffbc45fbf@group-A6FAD74B91C2->528b4752-3c7b-4991-99e9-89ee621f29a5-AppendLogResponseHandler: Failed appendEntries: org.apache.ratis.thirdparty.io.grpc.StatusRuntimeException: UNAVAILABLE: io exception
2024-05-09 06:29:54,134 [grpc-default-executor-4] WARN  server.GrpcLogAppender (GrpcLogAppender.java:lambda$resetClient$1(217)) - 0b714aca-fc82-484b-9944-7b2ffbc45fbf@group-A6FAD74B91C2->528b4752-3c7b-4991-99e9-89ee621f29a5-GrpcLogAppender: Follower failed (request=null, errorCount=133); keep nextIndex (1) unchanged and retry.
2024-05-09 06:29:56,063 [timer6] WARN  server.GrpcLogAppender (GrpcLogAppender.java:lambda$resetClient$1(217)) - 0b714aca-fc82-484b-9944-7b2ffbc45fbf@group-711D46114548->528b4752-3c7b-4991-99e9-89ee621f29a5-GrpcLogAppender: Follower failed (request=null, errorCount=124); keep nextIndex (9) unchanged and retry. (Repeated 4 times in the last 4.999s)
2024-05-09 06:29:56,063 [timer5] WARN  server.GrpcLogAppender (LogUtils.java:warn(121)) - 0b714aca-fc82-484b-9944-7b2ffbc45fbf@group-711D46114548->528b4752-3c7b-4991-99e9-89ee621f29a5-AppendLogResponseHandler: Failed appendEntries (Repeated 4 times in the last 5.000s): org.apache.ratis.thirdparty.io.grpc.StatusRuntimeException: UNAVAILABLE: io exception
2024-05-09 06:29:59,134 [timer6] WARN  server.GrpcLogAppender (GrpcLogAppender.java:lambda$resetClient$1(217)) - 0b714aca-fc82-484b-9944-7b2ffbc45fbf@group-A6FAD74B91C2->528b4752-3c7b-4991-99e9-89ee621f29a5-GrpcLogAppender: Follower failed (request=null, errorCount=136); keep nextIndex (1) unchanged and retry. (Repeated 4 times in the last 5.000s)
2024-05-09 06:29:59,134 [timer5] WARN  server.GrpcLogAppender (LogUtils.java:warn(121)) - 0b714aca-fc82-484b-9944-7b2ffbc45fbf@group-A6FAD74B91C2->528b4752-3c7b-4991-99e9-89ee621f29a5-AppendLogResponseHandler: Failed appendEntries (Repeated 4 times in the last 5.001s): org.apache.ratis.thirdparty.io.grpc.StatusRuntimeException: UNAVAILABLE: io exception
2024-05-09 06:30:00,845 [grpc-default-executor-4] WARN  server.GrpcLogAppender (LogUtils.java:warn(121)) - 0b714aca-fc82-484b-9944-7b2ffbc45fbf@group-711D46114548->528b4752-3c7b-4991-99e9-89ee621f29a5-AppendLogResponseHandler: Failed appendEntries: org.apache.ratis.thirdparty.io.grpc.StatusRuntimeException: UNAVAILABLE: io exception
2024-05-09 06:30:00,845 [grpc-default-executor-7] WARN  server.GrpcLogAppender (GrpcLogAppender.java:lambda$resetClient$1(217)) - 0b714aca-fc82-484b-9944-7b2ffbc45fbf@group-711D46114548->528b4752-3c7b-4991-99e9-89ee621f29a5-GrpcLogAppender: Follower failed (request=null, errorCount=125); keep nextIndex (9) unchanged and retry.
2024-05-09 06:30:02,705 [grpc-default-executor-4] WARN  server.GrpcLogAppender (LogUtils.java:warn(121)) - 0b714aca-fc82-484b-9944-7b2ffbc45fbf@group-A6FAD74B91C2->528b4752-3c7b-4991-99e9-89ee621f29a5-AppendLogResponseHandler: Failed appendEntries: org.apache.ratis.thirdparty.io.grpc.StatusRuntimeException: UNAVAILABLE: io exception
2024-05-09 06:30:02,705 [grpc-default-executor-7] WARN  server.GrpcLogAppender (GrpcLogAppender.java:lambda$resetClient$1(217)) - 0b714aca-fc82-484b-9944-7b2ffbc45fbf@group-A6FAD74B91C2->528b4752-3c7b-4991-99e9-89ee621f29a5-GrpcLogAppender: Follower failed (request=null, errorCount=137); keep nextIndex (1) unchanged and retry.
2024-05-09 06:30:05,845 [timer6] WARN  server.GrpcLogAppender (GrpcLogAppender.java:lambda$resetClient$1(217)) - 0b714aca-fc82-484b-9944-7b2ffbc45fbf@group-711D46114548->528b4752-3c7b-4991-99e9-89ee621f29a5-GrpcLogAppender: Follower failed (request=null, errorCount=128); keep nextIndex (9) unchanged and retry. (Repeated 4 times in the last 5.000s)
2024-05-09 06:30:05,845 [timer5] WARN  server.GrpcLogAppender (LogUtils.java:warn(121)) - 0b714aca-fc82-484b-9944-7b2ffbc45fbf@group-711D46114548->528b4752-3c7b-4991-99e9-89ee621f29a5-AppendLogResponseHandler: Failed appendEntries (Repeated 4 times in the last 5.000s): org.apache.ratis.thirdparty.io.grpc.StatusRuntimeException: UNAVAILABLE: io exception
2024-05-09 06:30:06,788 [ReplicationMonitor] INFO  replication.ReplicationManager (ReplicationManager.java:processAll(402)) - Replication Monitor Thread took 2 milliseconds for processing 1 containers.
2024-05-09 06:30:07,705 [timer6] WARN  server.GrpcLogAppender (LogUtils.java:warn(121)) - 0b714aca-fc82-484b-9944-7b2ffbc45fbf@group-A6FAD74B91C2->528b4752-3c7b-4991-99e9-89ee621f29a5-AppendLogResponseHandler: Failed appendEntries (Repeated 2 times in the last 5.000s): org.apache.ratis.thirdparty.io.grpc.StatusRuntimeException: UNAVAILABLE: io exception
2024-05-09 06:30:07,706 [timer7] WARN  server.GrpcLogAppender (GrpcLogAppender.java:lambda$resetClient$1(217)) - 0b714aca-fc82-484b-9944-7b2ffbc45fbf@group-A6FAD74B91C2->528b4752-3c7b-4991-99e9-89ee621f29a5-GrpcLogAppender: Follower failed (request=null, errorCount=138); keep nextIndex (1) unchanged and retry. (Repeated 2 times in the last 5.001s)
2024-05-09 06:30:09,835 [0b714aca-fc82-484b-9944-7b2ffbc45fbf-BlockDeletingService#1] INFO  interfaces.ContainerDeletionChoosingPolicyTemplate (ContainerDeletionChoosingPolicyTemplate.java:chooseContainerForBlockDeletion(85)) - Chosen 0/5000 blocks from 0 candidate containers.
2024-05-09 06:30:09,907 [5b847746-75e9-42bf-94b1-858a537db9cd-BlockDeletingService#1] INFO  interfaces.ContainerDeletionChoosingPolicyTemplate (ContainerDeletionChoosingPolicyTemplate.java:chooseContainerForBlockDeletion(85)) - Chosen 0/5000 blocks from 0 candidate containers.
2024-05-09 06:30:09,998 [528b4752-3c7b-4991-99e9-89ee621f29a5-BlockDeletingService#1] INFO  interfaces.ContainerDeletionChoosingPolicyTemplate (ContainerDeletionChoosingPolicyTemplate.java:chooseContainerForBlockDeletion(85)) - Chosen 0/5000 blocks from 0 candidate containers.
2024-05-09 06:30:10,053 [grpc-default-executor-4] WARN  server.GrpcLogAppender (LogUtils.java:warn(121)) - 0b714aca-fc82-484b-9944-7b2ffbc45fbf@group-A6FAD74B91C2->528b4752-3c7b-4991-99e9-89ee621f29a5-AppendLogResponseHandler: Failed appendEntries: org.apache.ratis.thirdparty.io.grpc.StatusRuntimeException: UNAVAILABLE: io exception
2024-05-09 06:30:10,054 [grpc-default-executor-7] WARN  server.GrpcLogAppender (GrpcLogAppender.java:lambda$resetClient$1(217)) - 0b714aca-fc82-484b-9944-7b2ffbc45fbf@group-A6FAD74B91C2->528b4752-3c7b-4991-99e9-89ee621f29a5-GrpcLogAppender: Follower failed (request=null, errorCount=139); keep nextIndex (1) unchanged and retry.
2024-05-09 06:30:10,065 [c367b86c-aa24-47f1-8357-097651e72609-BlockDeletingService#1] INFO  interfaces.ContainerDeletionChoosingPolicyTemplate (ContainerDeletionChoosingPolicyTemplate.java:chooseContainerForBlockDeletion(85)) - Chosen 0/5000 blocks from 0 candidate containers.
2024-05-09 06:30:10,080 [grpc-default-executor-4] WARN  server.GrpcLogAppender (LogUtils.java:warn(121)) - 0b714aca-fc82-484b-9944-7b2ffbc45fbf@group-711D46114548->528b4752-3c7b-4991-99e9-89ee621f29a5-AppendLogResponseHandler: Failed appendEntries: org.apache.ratis.thirdparty.io.grpc.StatusRuntimeException: UNAVAILABLE: io exception
2024-05-09 06:30:10,081 [grpc-default-executor-7] WARN  server.GrpcLogAppender (GrpcLogAppender.java:lambda$resetClient$1(217)) - 0b714aca-fc82-484b-9944-7b2ffbc45fbf@group-711D46114548->528b4752-3c7b-4991-99e9-89ee621f29a5-GrpcLogAppender: Follower failed (request=null, errorCount=129); keep nextIndex (9) unchanged and retry.
2024-05-09 06:30:10,157 [bda92e25-e077-447c-8dba-c1f962292f2e-BlockDeletingService#1] INFO  interfaces.ContainerDeletionChoosingPolicyTemplate (ContainerDeletionChoosingPolicyTemplate.java:chooseContainerForBlockDeletion(85)) - Chosen 0/5000 blocks from 0 candidate containers.
2024-05-09 06:30:15,054 [timer3] WARN  server.GrpcLogAppender (LogUtils.java:warn(121)) - 0b714aca-fc82-484b-9944-7b2ffbc45fbf@group-A6FAD74B91C2->528b4752-3c7b-4991-99e9-89ee621f29a5-AppendLogResponseHandler: Failed appendEntries (Repeated 4 times in the last 5.001s): org.apache.ratis.thirdparty.io.grpc.StatusRuntimeException: UNAVAILABLE: io exception
2024-05-09 06:30:15,054 [timer4] WARN  server.GrpcLogAppender (GrpcLogAppender.java:lambda$resetClient$1(217)) - 0b714aca-fc82-484b-9944-7b2ffbc45fbf@group-A6FAD74B91C2->528b4752-3c7b-4991-99e9-89ee621f29a5-GrpcLogAppender: Follower failed (request=null, errorCount=142); keep nextIndex (1) unchanged and retry. (Repeated 4 times in the last 5.001s)
2024-05-09 06:30:15,081 [timer6] WARN  server.GrpcLogAppender (LogUtils.java:warn(121)) - 0b714aca-fc82-484b-9944-7b2ffbc45fbf@group-711D46114548->528b4752-3c7b-4991-99e9-89ee621f29a5-AppendLogResponseHandler: Failed appendEntries (Repeated 4 times in the last 5.000s): org.apache.ratis.thirdparty.io.grpc.StatusRuntimeException: UNAVAILABLE: io exception
2024-05-09 06:30:15,081 [timer7] WARN  server.GrpcLogAppender (GrpcLogAppender.java:lambda$resetClient$1(217)) - 0b714aca-fc82-484b-9944-7b2ffbc45fbf@group-711D46114548->528b4752-3c7b-4991-99e9-89ee621f29a5-GrpcLogAppender: Follower failed (request=null, errorCount=132); keep nextIndex (9) unchanged and retry. (Repeated 4 times in the last 5.000s)
2024-05-09 06:30:18,195 [grpc-default-executor-4] WARN  server.GrpcLogAppender (LogUtils.java:warn(121)) - 0b714aca-fc82-484b-9944-7b2ffbc45fbf@group-711D46114548->528b4752-3c7b-4991-99e9-89ee621f29a5-AppendLogResponseHandler: Failed appendEntries: org.apache.ratis.thirdparty.io.grpc.StatusRuntimeException: UNAVAILABLE: io exception
2024-05-09 06:30:18,195 [grpc-default-executor-7] WARN  server.GrpcLogAppender (GrpcLogAppender.java:lambda$resetClient$1(217)) - 0b714aca-fc82-484b-9944-7b2ffbc45fbf@group-711D46114548->528b4752-3c7b-4991-99e9-89ee621f29a5-GrpcLogAppender: Follower failed (request=null, errorCount=133); keep nextIndex (9) unchanged and retry.
2024-05-09 06:30:20,136 [JvmPauseMonitor11] INFO  util.JvmPauseMonitor (JvmPauseMonitor.java:run(152)) - JvmPauseMonitor-528b4752-3c7b-4991-99e9-89ee621f29a5: Stopped
2024-05-09 06:30:20,136 [main] ERROR server.XceiverServerGrpc (XceiverServerGrpc.java:stop(216)) - failed to shutdown XceiverServerGrpc
java.lang.InterruptedException: DefaultPromise@5e535e23(incomplete)
	at org.apache.ratis.thirdparty.io.netty.util.concurrent.DefaultPromise.await(DefaultPromise.java:245)
	at org.apache.ratis.thirdparty.io.netty.util.concurrent.DefaultPromise.sync(DefaultPromise.java:405)
	at org.apache.ratis.thirdparty.io.netty.util.concurrent.DefaultPromise.sync(DefaultPromise.java:35)
	at org.apache.hadoop.ozone.container.common.transport.server.XceiverServerGrpc.stop(XceiverServerGrpc.java:214)
	at org.apache.hadoop.ozone.container.ozoneimpl.OzoneContainer.stop(OzoneContainer.java:485)
	at org.apache.hadoop.ozone.container.common.statemachine.DatanodeStateMachine.close(DatanodeStateMachine.java:447)
	at org.apache.hadoop.ozone.container.common.statemachine.DatanodeStateMachine.stopDaemon(DatanodeStateMachine.java:637)
	at org.apache.hadoop.ozone.HddsDatanodeService.stop(HddsDatanodeService.java:550)
	at org.apache.hadoop.ozone.MiniOzoneClusterImpl.stopDatanode(MiniOzoneClusterImpl.java:479)
	at org.apache.hadoop.ozone.MiniOzoneClusterImpl.shutdownHddsDatanode(MiniOzoneClusterImpl.java:381)
	at org.apache.hadoop.ozone.MiniOzoneClusterImpl.shutdownHddsDatanode(MiniOzoneClusterImpl.java:386)
	at org.apache.hadoop.hdds.scm.storage.TestCommitWatcher.testReleaseBuffersOnException(TestCommitWatcher.java:305)
	at java.base/jdk.internal.reflect.NativeMethodAccessorImpl.invoke0(Native Method)
	at java.base/jdk.internal.reflect.NativeMethodAccessorImpl.invoke(NativeMethodAccessorImpl.java:77)
	at java.base/jdk.internal.reflect.DelegatingMethodAccessorImpl.invoke(DelegatingMethodAccessorImpl.java:43)
	at java.base/java.lang.reflect.Method.invoke(Method.java:568)
	at org.junit.platform.commons.util.ReflectionUtils.invokeMethod(ReflectionUtils.java:728)
	at org.junit.jupiter.engine.execution.MethodInvocation.proceed(MethodInvocation.java:60)
	at org.junit.jupiter.engine.execution.InvocationInterceptorChain$ValidatingInvocation.proceed(InvocationInterceptorChain.java:131)
	at org.junit.jupiter.engine.extension.SameThreadTimeoutInvocation.proceed(SameThreadTimeoutInvocation.java:45)
	at org.junit.jupiter.engine.extension.TimeoutExtension.intercept(TimeoutExtension.java:156)
	at org.junit.jupiter.engine.extension.TimeoutExtension.interceptTestableMethod(TimeoutExtension.java:147)
	at org.junit.jupiter.engine.extension.TimeoutExtension.interceptTestMethod(TimeoutExtension.java:86)
	at org.junit.jupiter.engine.execution.InterceptingExecutableInvoker$ReflectiveInterceptorCall.lambda$ofVoidMethod$0(InterceptingExecutableInvoker.java:103)
	at org.junit.jupiter.engine.execution.InterceptingExecutableInvoker.lambda$invoke$0(InterceptingExecutableInvoker.java:93)
	at org.junit.jupiter.engine.execution.InvocationInterceptorChain$InterceptedInvocation.proceed(InvocationInterceptorChain.java:106)
	at org.junit.jupiter.engine.execution.InvocationInterceptorChain.proceed(InvocationInterceptorChain.java:64)
	at org.junit.jupiter.engine.execution.InvocationInterceptorChain.chainAndInvoke(InvocationInterceptorChain.java:45)
	at org.junit.jupiter.engine.execution.InvocationInterceptorChain.invoke(InvocationInterceptorChain.java:37)
	at org.junit.jupiter.engine.execution.InterceptingExecutableInvoker.invoke(InterceptingExecutableInvoker.java:92)
	at org.junit.jupiter.engine.execution.InterceptingExecutableInvoker.invoke(InterceptingExecutableInvoker.java:86)
	at org.junit.jupiter.engine.descriptor.TestMethodTestDescriptor.lambda$invokeTestMethod$7(TestMethodTestDescriptor.java:218)
	at org.junit.platform.engine.support.hierarchical.ThrowableCollector.execute(ThrowableCollector.java:73)
	at org.junit.jupiter.engine.descriptor.TestMethodTestDescriptor.invokeTestMethod(TestMethodTestDescriptor.java:214)
	at org.junit.jupiter.engine.descriptor.TestMethodTestDescriptor.execute(TestMethodTestDescriptor.java:139)
	at org.junit.jupiter.engine.descriptor.TestMethodTestDescriptor.execute(TestMethodTestDescriptor.java:69)
	at org.junit.platform.engine.support.hierarchical.NodeTestTask.lambda$executeRecursively$6(NodeTestTask.java:151)
	at org.junit.platform.engine.support.hierarchical.ThrowableCollector.execute(ThrowableCollector.java:73)
	at org.junit.platform.engine.support.hierarchical.NodeTestTask.lambda$executeRecursively$8(NodeTestTask.java:141)
	at org.junit.platform.engine.support.hierarchical.Node.around(Node.java:137)
	at org.junit.platform.engine.support.hierarchical.NodeTestTask.lambda$executeRecursively$9(NodeTestTask.java:139)
	at org.junit.platform.engine.support.hierarchical.ThrowableCollector.execute(ThrowableCollector.java:73)
	at org.junit.platform.engine.support.hierarchical.NodeTestTask.executeRecursively(NodeTestTask.java:138)
	at org.junit.platform.engine.support.hierarchical.NodeTestTask.execute(NodeTestTask.java:95)
	at java.base/java.util.ArrayList.forEach(ArrayList.java:1511)
	at org.junit.platform.engine.support.hierarchical.SameThreadHierarchicalTestExecutorService.invokeAll(SameThreadHierarchicalTestExecutorService.java:41)
	at org.junit.platform.engine.support.hierarchical.NodeTestTask.lambda$executeRecursively$6(NodeTestTask.java:155)
	at org.junit.platform.engine.support.hierarchical.ThrowableCollector.execute(ThrowableCollector.java:73)
	at org.junit.platform.engine.support.hierarchical.NodeTestTask.lambda$executeRecursively$8(NodeTestTask.java:141)
	at org.junit.platform.engine.support.hierarchical.Node.around(Node.java:137)
	at org.junit.platform.engine.support.hierarchical.NodeTestTask.lambda$executeRecursively$9(NodeTestTask.java:139)
	at org.junit.platform.engine.support.hierarchical.ThrowableCollector.execute(ThrowableCollector.java:73)
	at org.junit.platform.engine.support.hierarchical.NodeTestTask.executeRecursively(NodeTestTask.java:138)
	at org.junit.platform.engine.support.hierarchical.NodeTestTask.execute(NodeTestTask.java:95)
	at java.base/java.util.ArrayList.forEach(ArrayList.java:1511)
	at org.junit.platform.engine.support.hierarchical.SameThreadHierarchicalTestExecutorService.invokeAll(SameThreadHierarchicalTestExecutorService.java:41)
	at org.junit.platform.engine.support.hierarchical.NodeTestTask.lambda$executeRecursively$6(NodeTestTask.java:155)
	at org.junit.platform.engine.support.hierarchical.ThrowableCollector.execute(ThrowableCollector.java:73)
	at org.junit.platform.engine.support.hierarchical.NodeTestTask.lambda$executeRecursively$8(NodeTestTask.java:141)
	at org.junit.platform.engine.support.hierarchical.Node.around(Node.java:137)
	at org.junit.platform.engine.support.hierarchical.NodeTestTask.lambda$executeRecursively$9(NodeTestTask.java:139)
	at org.junit.platform.engine.support.hierarchical.ThrowableCollector.execute(ThrowableCollector.java:73)
	at org.junit.platform.engine.support.hierarchical.NodeTestTask.executeRecursively(NodeTestTask.java:138)
	at org.junit.platform.engine.support.hierarchical.NodeTestTask.execute(NodeTestTask.java:95)
	at org.junit.platform.engine.support.hierarchical.SameThreadHierarchicalTestExecutorService.submit(SameThreadHierarchicalTestExecutorService.java:35)
	at org.junit.platform.engine.support.hierarchical.HierarchicalTestExecutor.execute(HierarchicalTestExecutor.java:57)
	at org.junit.platform.engine.support.hierarchical.HierarchicalTestEngine.execute(HierarchicalTestEngine.java:54)
	at org.junit.platform.launcher.core.EngineExecutionOrchestrator.execute(EngineExecutionOrchestrator.java:198)
	at org.junit.platform.launcher.core.EngineExecutionOrchestrator.execute(EngineExecutionOrchestrator.java:169)
	at org.junit.platform.launcher.core.EngineExecutionOrchestrator.execute(EngineExecutionOrchestrator.java:93)
	at org.junit.platform.launcher.core.EngineExecutionOrchestrator.lambda$execute$0(EngineExecutionOrchestrator.java:58)
	at org.junit.platform.launcher.core.EngineExecutionOrchestrator.withInterceptedStreams(EngineExecutionOrchestrator.java:141)
	at org.junit.platform.launcher.core.EngineExecutionOrchestrator.execute(EngineExecutionOrchestrator.java:57)
	at org.junit.platform.launcher.core.DefaultLauncher.execute(DefaultLauncher.java:103)
	at org.junit.platform.launcher.core.DefaultLauncher.execute(DefaultLauncher.java:85)
	at org.junit.platform.launcher.core.DelegatingLauncher.execute(DelegatingLauncher.java:47)
	at org.junit.platform.launcher.core.SessionPerRequestLauncher.execute(SessionPerRequestLauncher.java:63)
	at org.apache.maven.surefire.junitplatform.JUnitPlatformProvider.invokeAllTests(JUnitPlatformProvider.java:154)
	at org.apache.maven.surefire.junitplatform.JUnitPlatformProvider.invoke(JUnitPlatformProvider.java:123)
	at org.apache.maven.surefire.booter.ForkedBooter.runSuitesInProcess(ForkedBooter.java:377)
	at org.apache.maven.surefire.booter.ForkedBooter.execute(ForkedBooter.java:138)
	at org.apache.maven.surefire.booter.ForkedBooter.run(ForkedBooter.java:465)
	at org.apache.maven.surefire.booter.ForkedBooter.main(ForkedBooter.java:451)
2024-05-09 06:30:20,137 [main] INFO  utils.DatanodeStoreCache (DatanodeStoreCache.java:shutdownCache(116)) - Skip clearing cache in mini cluster mode. Entries left: [/home/runner/work/ozone/ozone/hadoop-ozone/integration-test/target/test-dir/MiniOzoneClusterImpl-48ce40b1-13f8-460b-b529-5aa00ab75c3e/ozone-meta/datanode-1/data-0/hdds/48ce40b1-13f8-460b-b529-5aa00ab75c3e/DS-7a15c170-1efd-4c9f-bf42-fbe104ab0df1/container.db, /home/runner/work/ozone/ozone/hadoop-ozone/integration-test/target/test-dir/MiniOzoneClusterImpl-48ce40b1-13f8-460b-b529-5aa00ab75c3e/ozone-meta/datanode-2/data-0/hdds/48ce40b1-13f8-460b-b529-5aa00ab75c3e/DS-992b7d15-d454-41c4-b8d7-8cdfd390f375/container.db, /home/runner/work/ozone/ozone/hadoop-ozone/integration-test/target/test-dir/MiniOzoneClusterImpl-48ce40b1-13f8-460b-b529-5aa00ab75c3e/ozone-meta/datanode-3/data-0/hdds/48ce40b1-13f8-460b-b529-5aa00ab75c3e/DS-9c03c6f0-d6fd-4550-b072-553765e3ec7b/container.db, /home/runner/work/ozone/ozone/hadoop-ozone/integration-test/target/test-dir/MiniOzoneClusterImpl-48ce40b1-13f8-460b-b529-5aa00ab75c3e/ozone-meta/datanode-4/data-0/hdds/48ce40b1-13f8-460b-b529-5aa00ab75c3e/DS-01de4ae5-8feb-4afb-8b1d-87e24b74a269/container.db, /home/runner/work/ozone/ozone/hadoop-ozone/integration-test/target/test-dir/MiniOzoneClusterImpl-48ce40b1-13f8-460b-b529-5aa00ab75c3e/ozone-meta/datanode-5/data-0/hdds/48ce40b1-13f8-460b-b529-5aa00ab75c3e/DS-a5b614f2-e870-4320-a52f-615493b738dc/container.db]
2024-05-09 06:30:20,138 [main] INFO  utils.DatanodeStoreCache (DatanodeStoreCache.java:removeDB(110)) - Removed db /home/runner/work/ozone/ozone/hadoop-ozone/integration-test/target/test-dir/MiniOzoneClusterImpl-48ce40b1-13f8-460b-b529-5aa00ab75c3e/ozone-meta/datanode-3/data-0/hdds/48ce40b1-13f8-460b-b529-5aa00ab75c3e/DS-9c03c6f0-d6fd-4550-b072-553765e3ec7b/container.db from cache
2024-05-09 06:30:20,138 [main] INFO  volume.HddsVolume (HddsVolume.java:closeDbStore(470)) - SchemaV3 db is stopped at /home/runner/work/ozone/ozone/hadoop-ozone/integration-test/target/test-dir/MiniOzoneClusterImpl-48ce40b1-13f8-460b-b529-5aa00ab75c3e/ozone-meta/datanode-3/data-0/hdds/48ce40b1-13f8-460b-b529-5aa00ab75c3e/DS-9c03c6f0-d6fd-4550-b072-553765e3ec7b/container.db for volume DS-9c03c6f0-d6fd-4550-b072-553765e3ec7b
2024-05-09 06:30:20,138 [main] INFO  utils.BackgroundService (BackgroundService.java:shutdown(160)) - Shutting down service BlockDeletingService
2024-05-09 06:30:20,138 [main] INFO  utils.BackgroundService (BackgroundService.java:shutdown(160)) - Shutting down service StaleRecoveringContainerScrubbingService
2024-05-09 06:30:20,139 [main] INFO  statemachine.DatanodeStateMachine (DatanodeStateMachine.java:stopDaemon(638)) - Ozone container server stopped.
2024-05-09 06:30:20,139 [main] INFO  handler.ContextHandler (ContextHandler.java:doStop(1159)) - Stopped o.e.j.w.WebAppContext@14aa12c5{hddsDatanode,/,null,STOPPED}{file:/home/runner/work/ozone/ozone/hadoop-hdds/container-service/target/classes/webapps/hddsDatanode}
2024-05-09 06:30:20,140 [main] INFO  server.session (HouseKeeper.java:stopScavenging(149)) - node0 Stopped scavenging
2024-05-09 06:30:20,140 [main] INFO  server.AbstractConnector (AbstractConnector.java:doStop(383)) - Stopped ServerConnector@4d6cdebb{HTTP/1.1, (http/1.1)}{0.0.0.0:15080}
2024-05-09 06:30:20,140 [main] INFO  handler.ContextHandler (ContextHandler.java:doStop(1159)) - Stopped o.e.j.s.ServletContextHandler@50e7ee70{static,/static,file:///home/runner/work/ozone/ozone/hadoop-hdds/container-service/target/classes/webapps/static,STOPPED}
2024-05-09 06:30:20,141 [main] INFO  handler.ContextHandler (ContextHandler.java:doStop(1159)) - Stopped o.e.j.s.ServletContextHandler@5a83be9{logs,/logs,file:///home/runner/work/ozone/ozone/hadoop-ozone/integration-test/target/log,STOPPED}
2024-05-09 06:30:20,141 [main] ERROR http.HttpServer2 (HttpServer2.java:stop(1366)) - Error while stopping web server for webapp hddsDatanode
java.lang.InterruptedException
	at java.base/java.util.concurrent.locks.AbstractQueuedSynchronizer.tryAcquireSharedNanos(AbstractQueuedSynchronizer.java:1081)
	at java.base/java.util.concurrent.CountDownLatch.await(CountDownLatch.java:276)
	at org.eclipse.jetty.server.AbstractConnector.doStop(AbstractConnector.java:373)
	at org.eclipse.jetty.server.AbstractNetworkConnector.doStop(AbstractNetworkConnector.java:88)
	at org.eclipse.jetty.server.ServerConnector.doStop(ServerConnector.java:246)
	at org.eclipse.jetty.util.component.AbstractLifeCycle.stop(AbstractLifeCycle.java:94)
	at org.eclipse.jetty.server.Server.doStop(Server.java:459)
	at org.eclipse.jetty.util.component.AbstractLifeCycle.stop(AbstractLifeCycle.java:94)
	at org.apache.hadoop.hdds.server.http.HttpServer2.stop(HttpServer2.java:1364)
	at org.apache.hadoop.hdds.server.http.BaseHttpServer.stop(BaseHttpServer.java:339)
	at org.apache.hadoop.ozone.HddsDatanodeService.stop(HddsDatanodeService.java:554)
	at org.apache.hadoop.ozone.MiniOzoneClusterImpl.stopDatanode(MiniOzoneClusterImpl.java:479)
	at org.apache.hadoop.ozone.MiniOzoneClusterImpl.shutdownHddsDatanode(MiniOzoneClusterImpl.java:381)
	at org.apache.hadoop.ozone.MiniOzoneClusterImpl.shutdownHddsDatanode(MiniOzoneClusterImpl.java:386)
	at org.apache.hadoop.hdds.scm.storage.TestCommitWatcher.testReleaseBuffersOnException(TestCommitWatcher.java:305)
	at java.base/jdk.internal.reflect.NativeMethodAccessorImpl.invoke0(Native Method)
	at java.base/jdk.internal.reflect.NativeMethodAccessorImpl.invoke(NativeMethodAccessorImpl.java:77)
	at java.base/jdk.internal.reflect.DelegatingMethodAccessorImpl.invoke(DelegatingMethodAccessorImpl.java:43)
	at java.base/java.lang.reflect.Method.invoke(Method.java:568)
	at org.junit.platform.commons.util.ReflectionUtils.invokeMethod(ReflectionUtils.java:728)
	at org.junit.jupiter.engine.execution.MethodInvocation.proceed(MethodInvocation.java:60)
	at org.junit.jupiter.engine.execution.InvocationInterceptorChain$ValidatingInvocation.proceed(InvocationInterceptorChain.java:131)
	at org.junit.jupiter.engine.extension.SameThreadTimeoutInvocation.proceed(SameThreadTimeoutInvocation.java:45)
	at org.junit.jupiter.engine.extension.TimeoutExtension.intercept(TimeoutExtension.java:156)
	at org.junit.jupiter.engine.extension.TimeoutExtension.interceptTestableMethod(TimeoutExtension.java:147)
	at org.junit.jupiter.engine.extension.TimeoutExtension.interceptTestMethod(TimeoutExtension.java:86)
	at org.junit.jupiter.engine.execution.InterceptingExecutableInvoker$ReflectiveInterceptorCall.lambda$ofVoidMethod$0(InterceptingExecutableInvoker.java:103)
	at org.junit.jupiter.engine.execution.InterceptingExecutableInvoker.lambda$invoke$0(InterceptingExecutableInvoker.java:93)
	at org.junit.jupiter.engine.execution.InvocationInterceptorChain$InterceptedInvocation.proceed(InvocationInterceptorChain.java:106)
	at org.junit.jupiter.engine.execution.InvocationInterceptorChain.proceed(InvocationInterceptorChain.java:64)
	at org.junit.jupiter.engine.execution.InvocationInterceptorChain.chainAndInvoke(InvocationInterceptorChain.java:45)
	at org.junit.jupiter.engine.execution.InvocationInterceptorChain.invoke(InvocationInterceptorChain.java:37)
	at org.junit.jupiter.engine.execution.InterceptingExecutableInvoker.invoke(InterceptingExecutableInvoker.java:92)
	at org.junit.jupiter.engine.execution.InterceptingExecutableInvoker.invoke(InterceptingExecutableInvoker.java:86)
	at org.junit.jupiter.engine.descriptor.TestMethodTestDescriptor.lambda$invokeTestMethod$7(TestMethodTestDescriptor.java:218)
	at org.junit.platform.engine.support.hierarchical.ThrowableCollector.execute(ThrowableCollector.java:73)
	at org.junit.jupiter.engine.descriptor.TestMethodTestDescriptor.invokeTestMethod(TestMethodTestDescriptor.java:214)
	at org.junit.jupiter.engine.descriptor.TestMethodTestDescriptor.execute(TestMethodTestDescriptor.java:139)
	at org.junit.jupiter.engine.descriptor.TestMethodTestDescriptor.execute(TestMethodTestDescriptor.java:69)
	at org.junit.platform.engine.support.hierarchical.NodeTestTask.lambda$executeRecursively$6(NodeTestTask.java:151)
	at org.junit.platform.engine.support.hierarchical.ThrowableCollector.execute(ThrowableCollector.java:73)
	at org.junit.platform.engine.support.hierarchical.NodeTestTask.lambda$executeRecursively$8(NodeTestTask.java:141)
	at org.junit.platform.engine.support.hierarchical.Node.around(Node.java:137)
	at org.junit.platform.engine.support.hierarchical.NodeTestTask.lambda$executeRecursively$9(NodeTestTask.java:139)
	at org.junit.platform.engine.support.hierarchical.ThrowableCollector.execute(ThrowableCollector.java:73)
	at org.junit.platform.engine.support.hierarchical.NodeTestTask.executeRecursively(NodeTestTask.java:138)
	at org.junit.platform.engine.support.hierarchical.NodeTestTask.execute(NodeTestTask.java:95)
	at java.base/java.util.ArrayList.forEach(ArrayList.java:1511)
	at org.junit.platform.engine.support.hierarchical.SameThreadHierarchicalTestExecutorService.invokeAll(SameThreadHierarchicalTestExecutorService.java:41)
	at org.junit.platform.engine.support.hierarchical.NodeTestTask.lambda$executeRecursively$6(NodeTestTask.java:155)
	at org.junit.platform.engine.support.hierarchical.ThrowableCollector.execute(ThrowableCollector.java:73)
	at org.junit.platform.engine.support.hierarchical.NodeTestTask.lambda$executeRecursively$8(NodeTestTask.java:141)
	at org.junit.platform.engine.support.hierarchical.Node.around(Node.java:137)
	at org.junit.platform.engine.support.hierarchical.NodeTestTask.lambda$executeRecursively$9(NodeTestTask.java:139)
	at org.junit.platform.engine.support.hierarchical.ThrowableCollector.execute(ThrowableCollector.java:73)
	at org.junit.platform.engine.support.hierarchical.NodeTestTask.executeRecursively(NodeTestTask.java:138)
	at org.junit.platform.engine.support.hierarchical.NodeTestTask.execute(NodeTestTask.java:95)
	at java.base/java.util.ArrayList.forEach(ArrayList.java:1511)
	at org.junit.platform.engine.support.hierarchical.SameThreadHierarchicalTestExecutorService.invokeAll(SameThreadHierarchicalTestExecutorService.java:41)
	at org.junit.platform.engine.support.hierarchical.NodeTestTask.lambda$executeRecursively$6(NodeTestTask.java:155)
	at org.junit.platform.engine.support.hierarchical.ThrowableCollector.execute(ThrowableCollector.java:73)
	at org.junit.platform.engine.support.hierarchical.NodeTestTask.lambda$executeRecursively$8(NodeTestTask.java:141)
	at org.junit.platform.engine.support.hierarchical.Node.around(Node.java:137)
	at org.junit.platform.engine.support.hierarchical.NodeTestTask.lambda$executeRecursively$9(NodeTestTask.java:139)
	at org.junit.platform.engine.support.hierarchical.ThrowableCollector.execute(ThrowableCollector.java:73)
	at org.junit.platform.engine.support.hierarchical.NodeTestTask.executeRecursively(NodeTestTask.java:138)
	at org.junit.platform.engine.support.hierarchical.NodeTestTask.execute(NodeTestTask.java:95)
	at org.junit.platform.engine.support.hierarchical.SameThreadHierarchicalTestExecutorService.submit(SameThreadHierarchicalTestExecutorService.java:35)
	at org.junit.platform.engine.support.hierarchical.HierarchicalTestExecutor.execute(HierarchicalTestExecutor.java:57)
	at org.junit.platform.engine.support.hierarchical.HierarchicalTestEngine.execute(HierarchicalTestEngine.java:54)
	at org.junit.platform.launcher.core.EngineExecutionOrchestrator.execute(EngineExecutionOrchestrator.java:198)
	at org.junit.platform.launcher.core.EngineExecutionOrchestrator.execute(EngineExecutionOrchestrator.java:169)
	at org.junit.platform.launcher.core.EngineExecutionOrchestrator.execute(EngineExecutionOrchestrator.java:93)
	at org.junit.platform.launcher.core.EngineExecutionOrchestrator.lambda$execute$0(EngineExecutionOrchestrator.java:58)
	at org.junit.platform.launcher.core.EngineExecutionOrchestrator.withInterceptedStreams(EngineExecutionOrchestrator.java:141)
	at org.junit.platform.launcher.core.EngineExecutionOrchestrator.execute(EngineExecutionOrchestrator.java:57)
	at org.junit.platform.launcher.core.DefaultLauncher.execute(DefaultLauncher.java:103)
	at org.junit.platform.launcher.core.DefaultLauncher.execute(DefaultLauncher.java:85)
	at org.junit.platform.launcher.core.DelegatingLauncher.execute(DelegatingLauncher.java:47)
	at org.junit.platform.launcher.core.SessionPerRequestLauncher.execute(SessionPerRequestLauncher.java:63)
	at org.apache.maven.surefire.junitplatform.JUnitPlatformProvider.invokeAllTests(JUnitPlatformProvider.java:154)
	at org.apache.maven.surefire.junitplatform.JUnitPlatformProvider.invoke(JUnitPlatformProvider.java:123)
	at org.apache.maven.surefire.booter.ForkedBooter.runSuitesInProcess(ForkedBooter.java:377)
	at org.apache.maven.surefire.booter.ForkedBooter.execute(ForkedBooter.java:138)
	at org.apache.maven.surefire.booter.ForkedBooter.run(ForkedBooter.java:465)
	at org.apache.maven.surefire.booter.ForkedBooter.main(ForkedBooter.java:451)
2024-05-09 06:30:20,142 [main] ERROR ozone.HddsDatanodeService (HddsDatanodeService.java:stop(556)) - Stopping HttpServer is failed.
java.lang.InterruptedException
	at java.base/java.util.concurrent.locks.AbstractQueuedSynchronizer.tryAcquireSharedNanos(AbstractQueuedSynchronizer.java:1081)
	at java.base/java.util.concurrent.CountDownLatch.await(CountDownLatch.java:276)
	at org.eclipse.jetty.server.AbstractConnector.doStop(AbstractConnector.java:373)
	at org.eclipse.jetty.server.AbstractNetworkConnector.doStop(AbstractNetworkConnector.java:88)
	at org.eclipse.jetty.server.ServerConnector.doStop(ServerConnector.java:246)
	at org.eclipse.jetty.util.component.AbstractLifeCycle.stop(AbstractLifeCycle.java:94)
	at org.eclipse.jetty.server.Server.doStop(Server.java:459)
	at org.eclipse.jetty.util.component.AbstractLifeCycle.stop(AbstractLifeCycle.java:94)
	at org.apache.hadoop.hdds.server.http.HttpServer2.stop(HttpServer2.java:1364)
	at org.apache.hadoop.hdds.server.http.BaseHttpServer.stop(BaseHttpServer.java:339)
	at org.apache.hadoop.ozone.HddsDatanodeService.stop(HddsDatanodeService.java:554)
	at org.apache.hadoop.ozone.MiniOzoneClusterImpl.stopDatanode(MiniOzoneClusterImpl.java:479)
	at org.apache.hadoop.ozone.MiniOzoneClusterImpl.shutdownHddsDatanode(MiniOzoneClusterImpl.java:381)
	at org.apache.hadoop.ozone.MiniOzoneClusterImpl.shutdownHddsDatanode(MiniOzoneClusterImpl.java:386)
	at org.apache.hadoop.hdds.scm.storage.TestCommitWatcher.testReleaseBuffersOnException(TestCommitWatcher.java:305)
	at java.base/jdk.internal.reflect.NativeMethodAccessorImpl.invoke0(Native Method)
	at java.base/jdk.internal.reflect.NativeMethodAccessorImpl.invoke(NativeMethodAccessorImpl.java:77)
	at java.base/jdk.internal.reflect.DelegatingMethodAccessorImpl.invoke(DelegatingMethodAccessorImpl.java:43)
	at java.base/java.lang.reflect.Method.invoke(Method.java:568)
	at org.junit.platform.commons.util.ReflectionUtils.invokeMethod(ReflectionUtils.java:728)
	at org.junit.jupiter.engine.execution.MethodInvocation.proceed(MethodInvocation.java:60)
	at org.junit.jupiter.engine.execution.InvocationInterceptorChain$ValidatingInvocation.proceed(InvocationInterceptorChain.java:131)
	at org.junit.jupiter.engine.extension.SameThreadTimeoutInvocation.proceed(SameThreadTimeoutInvocation.java:45)
	at org.junit.jupiter.engine.extension.TimeoutExtension.intercept(TimeoutExtension.java:156)
	at org.junit.jupiter.engine.extension.TimeoutExtension.interceptTestableMethod(TimeoutExtension.java:147)
	at org.junit.jupiter.engine.extension.TimeoutExtension.interceptTestMethod(TimeoutExtension.java:86)
	at org.junit.jupiter.engine.execution.InterceptingExecutableInvoker$ReflectiveInterceptorCall.lambda$ofVoidMethod$0(InterceptingExecutableInvoker.java:103)
	at org.junit.jupiter.engine.execution.InterceptingExecutableInvoker.lambda$invoke$0(InterceptingExecutableInvoker.java:93)
	at org.junit.jupiter.engine.execution.InvocationInterceptorChain$InterceptedInvocation.proceed(InvocationInterceptorChain.java:106)
	at org.junit.jupiter.engine.execution.InvocationInterceptorChain.proceed(InvocationInterceptorChain.java:64)
	at org.junit.jupiter.engine.execution.InvocationInterceptorChain.chainAndInvoke(InvocationInterceptorChain.java:45)
	at org.junit.jupiter.engine.execution.InvocationInterceptorChain.invoke(InvocationInterceptorChain.java:37)
	at org.junit.jupiter.engine.execution.InterceptingExecutableInvoker.invoke(InterceptingExecutableInvoker.java:92)
	at org.junit.jupiter.engine.execution.InterceptingExecutableInvoker.invoke(InterceptingExecutableInvoker.java:86)
	at org.junit.jupiter.engine.descriptor.TestMethodTestDescriptor.lambda$invokeTestMethod$7(TestMethodTestDescriptor.java:218)
	at org.junit.platform.engine.support.hierarchical.ThrowableCollector.execute(ThrowableCollector.java:73)
	at org.junit.jupiter.engine.descriptor.TestMethodTestDescriptor.invokeTestMethod(TestMethodTestDescriptor.java:214)
	at org.junit.jupiter.engine.descriptor.TestMethodTestDescriptor.execute(TestMethodTestDescriptor.java:139)
	at org.junit.jupiter.engine.descriptor.TestMethodTestDescriptor.execute(TestMethodTestDescriptor.java:69)
	at org.junit.platform.engine.support.hierarchical.NodeTestTask.lambda$executeRecursively$6(NodeTestTask.java:151)
	at org.junit.platform.engine.support.hierarchical.ThrowableCollector.execute(ThrowableCollector.java:73)
	at org.junit.platform.engine.support.hierarchical.NodeTestTask.lambda$executeRecursively$8(NodeTestTask.java:141)
	at org.junit.platform.engine.support.hierarchical.Node.around(Node.java:137)
	at org.junit.platform.engine.support.hierarchical.NodeTestTask.lambda$executeRecursively$9(NodeTestTask.java:139)
	at org.junit.platform.engine.support.hierarchical.ThrowableCollector.execute(ThrowableCollector.java:73)
	at org.junit.platform.engine.support.hierarchical.NodeTestTask.executeRecursively(NodeTestTask.java:138)
	at org.junit.platform.engine.support.hierarchical.NodeTestTask.execute(NodeTestTask.java:95)
	at java.base/java.util.ArrayList.forEach(ArrayList.java:1511)
	at org.junit.platform.engine.support.hierarchical.SameThreadHierarchicalTestExecutorService.invokeAll(SameThreadHierarchicalTestExecutorService.java:41)
	at org.junit.platform.engine.support.hierarchical.NodeTestTask.lambda$executeRecursively$6(NodeTestTask.java:155)
	at org.junit.platform.engine.support.hierarchical.ThrowableCollector.execute(ThrowableCollector.java:73)
	at org.junit.platform.engine.support.hierarchical.NodeTestTask.lambda$executeRecursively$8(NodeTestTask.java:141)
	at org.junit.platform.engine.support.hierarchical.Node.around(Node.java:137)
	at org.junit.platform.engine.support.hierarchical.NodeTestTask.lambda$executeRecursively$9(NodeTestTask.java:139)
	at org.junit.platform.engine.support.hierarchical.ThrowableCollector.execute(ThrowableCollector.java:73)
	at org.junit.platform.engine.support.hierarchical.NodeTestTask.executeRecursively(NodeTestTask.java:138)
	at org.junit.platform.engine.support.hierarchical.NodeTestTask.execute(NodeTestTask.java:95)
	at java.base/java.util.ArrayList.forEach(ArrayList.java:1511)
	at org.junit.platform.engine.support.hierarchical.SameThreadHierarchicalTestExecutorService.invokeAll(SameThreadHierarchicalTestExecutorService.java:41)
	at org.junit.platform.engine.support.hierarchical.NodeTestTask.lambda$executeRecursively$6(NodeTestTask.java:155)
	at org.junit.platform.engine.support.hierarchical.ThrowableCollector.execute(ThrowableCollector.java:73)
	at org.junit.platform.engine.support.hierarchical.NodeTestTask.lambda$executeRecursively$8(NodeTestTask.java:141)
	at org.junit.platform.engine.support.hierarchical.Node.around(Node.java:137)
	at org.junit.platform.engine.support.hierarchical.NodeTestTask.lambda$executeRecursively$9(NodeTestTask.java:139)
	at org.junit.platform.engine.support.hierarchical.ThrowableCollector.execute(ThrowableCollector.java:73)
	at org.junit.platform.engine.support.hierarchical.NodeTestTask.executeRecursively(NodeTestTask.java:138)
	at org.junit.platform.engine.support.hierarchical.NodeTestTask.execute(NodeTestTask.java:95)
	at org.junit.platform.engine.support.hierarchical.SameThreadHierarchicalTestExecutorService.submit(SameThreadHierarchicalTestExecutorService.java:35)
	at org.junit.platform.engine.support.hierarchical.HierarchicalTestExecutor.execute(HierarchicalTestExecutor.java:57)
	at org.junit.platform.engine.support.hierarchical.HierarchicalTestEngine.execute(HierarchicalTestEngine.java:54)
	at org.junit.platform.launcher.core.EngineExecutionOrchestrator.execute(EngineExecutionOrchestrator.java:198)
	at org.junit.platform.launcher.core.EngineExecutionOrchestrator.execute(EngineExecutionOrchestrator.java:169)
	at org.junit.platform.launcher.core.EngineExecutionOrchestrator.execute(EngineExecutionOrchestrator.java:93)
	at org.junit.platform.launcher.core.EngineExecutionOrchestrator.lambda$execute$0(EngineExecutionOrchestrator.java:58)
	at org.junit.platform.launcher.core.EngineExecutionOrchestrator.withInterceptedStreams(EngineExecutionOrchestrator.java:141)
	at org.junit.platform.launcher.core.EngineExecutionOrchestrator.execute(EngineExecutionOrchestrator.java:57)
	at org.junit.platform.launcher.core.DefaultLauncher.execute(DefaultLauncher.java:103)
	at org.junit.platform.launcher.core.DefaultLauncher.execute(DefaultLauncher.java:85)
	at org.junit.platform.launcher.core.DelegatingLauncher.execute(DelegatingLauncher.java:47)
	at org.junit.platform.launcher.core.SessionPerRequestLauncher.execute(SessionPerRequestLauncher.java:63)
	at org.apache.maven.surefire.junitplatform.JUnitPlatformProvider.invokeAllTests(JUnitPlatformProvider.java:154)
	at org.apache.maven.surefire.junitplatform.JUnitPlatformProvider.invoke(JUnitPlatformProvider.java:123)
	at org.apache.maven.surefire.booter.ForkedBooter.runSuitesInProcess(ForkedBooter.java:377)
	at org.apache.maven.surefire.booter.ForkedBooter.execute(ForkedBooter.java:138)
	at org.apache.maven.surefire.booter.ForkedBooter.run(ForkedBooter.java:465)
	at org.apache.maven.surefire.booter.ForkedBooter.main(ForkedBooter.java:451)
2024-05-09 06:30:20,142 [main] INFO  ozone.HddsDatanodeClientProtocolServer (HddsDatanodeClientProtocolServer.java:stop(83)) - Stopping the RPC server for Client Protocol
2024-05-09 06:30:20,142 [main] INFO  ipc.Server (Server.java:stop(3523)) - Stopping server on 15081
2024-05-09 06:30:20,142 [IPC Server listener on 15081] INFO  ipc.Server (Server.java:run(1434)) - Stopping IPC Server listener on 15081
2024-05-09 06:30:20,142 [IPC Server Responder] INFO  ipc.Server (Server.java:run(1567)) - Stopping IPC Server Responder
2024-05-09 06:30:20,144 [main] INFO  ozoneimpl.OzoneContainer (OzoneContainer.java:stop(481)) - Attempting to stop container services.
2024-05-09 06:30:20,144 [ContainerMetadataScanner] WARN  ozoneimpl.AbstractBackgroundContainerScanner (AbstractBackgroundContainerScanner.java:handleRemainingSleep(134)) - Background container scan was interrupted.
2024-05-09 06:30:20,144 [ContainerMetadataScanner] INFO  ozoneimpl.AbstractBackgroundContainerScanner (AbstractBackgroundContainerScanner.java:run(61)) - Thread[ContainerMetadataScanner,5,main] exiting.
2024-05-09 06:30:20,145 [main] INFO  ozoneimpl.BackgroundContainerDataScanner (BackgroundContainerDataScanner.java:shutdown(141)) - ContainerDataScanner(/home/runner/work/ozone/ozone/hadoop-ozone/integration-test/target/test-dir/MiniOzoneClusterImpl-48ce40b1-13f8-460b-b529-5aa00ab75c3e/ozone-meta/datanode-2/data-0/hdds) is shutting down. 
2024-05-09 06:30:20,145 [ContainerDataScanner(/home/runner/work/ozone/ozone/hadoop-ozone/integration-test/target/test-dir/MiniOzoneClusterImpl-48ce40b1-13f8-460b-b529-5aa00ab75c3e/ozone-meta/datanode-2/data-0/hdds)] WARN  ozoneimpl.AbstractBackgroundContainerScanner (AbstractBackgroundContainerScanner.java:handleRemainingSleep(134)) - Background container scan was interrupted.
2024-05-09 06:30:20,145 [ContainerDataScanner(/home/runner/work/ozone/ozone/hadoop-ozone/integration-test/target/test-dir/MiniOzoneClusterImpl-48ce40b1-13f8-460b-b529-5aa00ab75c3e/ozone-meta/datanode-2/data-0/hdds)] INFO  ozoneimpl.AbstractBackgroundContainerScanner (AbstractBackgroundContainerScanner.java:run(61)) - ContainerDataScanner(/home/runner/work/ozone/ozone/hadoop-ozone/integration-test/target/test-dir/MiniOzoneClusterImpl-48ce40b1-13f8-460b-b529-5aa00ab75c3e/ozone-meta/datanode-2/data-0/hdds, DS-992b7d15-d454-41c4-b8d7-8cdfd390f375) exiting.
2024-05-09 06:30:20,145 [main] INFO  server.RaftServer (RaftServerProxy.java:lambda$close$9(416)) - 5b847746-75e9-42bf-94b1-858a537db9cd: close
2024-05-09 06:30:20,146 [5b847746-75e9-42bf-94b1-858a537db9cd-impl-thread2] INFO  server.RaftServer$Division (RaftServerImpl.java:lambda$close$3(526)) - 5b847746-75e9-42bf-94b1-858a537db9cd@group-A6FAD74B91C2: shutdown
2024-05-09 06:30:20,146 [5b847746-75e9-42bf-94b1-858a537db9cd-impl-thread2] INFO  util.JmxRegister (JmxRegister.java:unregister(73)) - Successfully un-registered JMX Bean with object name Ratis:service=RaftServer,group=group-A6FAD74B91C2,id=5b847746-75e9-42bf-94b1-858a537db9cd
2024-05-09 06:30:20,146 [5b847746-75e9-42bf-94b1-858a537db9cd-impl-thread2] INFO  impl.RoleInfo (RoleInfo.java:shutdownFollowerState(110)) - 5b847746-75e9-42bf-94b1-858a537db9cd: shutdown 5b847746-75e9-42bf-94b1-858a537db9cd@group-A6FAD74B91C2-FollowerState
2024-05-09 06:30:20,146 [5b847746-75e9-42bf-94b1-858a537db9cd-impl-thread3] INFO  server.RaftServer$Division (RaftServerImpl.java:lambda$close$3(526)) - 5b847746-75e9-42bf-94b1-858a537db9cd@group-F9B27E3D7451: shutdown
2024-05-09 06:30:20,146 [5b847746-75e9-42bf-94b1-858a537db9cd@group-A6FAD74B91C2-FollowerState] INFO  impl.FollowerState (FollowerState.java:run(152)) - 5b847746-75e9-42bf-94b1-858a537db9cd@group-A6FAD74B91C2-FollowerState was interrupted
2024-05-09 06:30:20,146 [5b847746-75e9-42bf-94b1-858a537db9cd-impl-thread2] INFO  impl.StateMachineUpdater (StateMachineUpdater.java:stopAndJoin(157)) - 5b847746-75e9-42bf-94b1-858a537db9cd@group-A6FAD74B91C2-StateMachineUpdater: set stopIndex = 0
2024-05-09 06:30:20,146 [5b847746-75e9-42bf-94b1-858a537db9cd-impl-thread3] INFO  util.JmxRegister (JmxRegister.java:unregister(73)) - Successfully un-registered JMX Bean with object name Ratis:service=RaftServer,group=group-F9B27E3D7451,id=5b847746-75e9-42bf-94b1-858a537db9cd
2024-05-09 06:30:20,147 [5b847746-75e9-42bf-94b1-858a537db9cd-impl-thread3] INFO  impl.RoleInfo (RoleInfo.java:shutdownLeaderState(94)) - 5b847746-75e9-42bf-94b1-858a537db9cd: shutdown 5b847746-75e9-42bf-94b1-858a537db9cd@group-F9B27E3D7451-LeaderStateImpl
2024-05-09 06:30:20,147 [5b847746-75e9-42bf-94b1-858a537db9cd-impl-thread3] INFO  impl.PendingRequests (PendingRequests.java:sendNotLeaderResponses(289)) - 5b847746-75e9-42bf-94b1-858a537db9cd@group-F9B27E3D7451-PendingRequests: sendNotLeaderResponses
2024-05-09 06:30:20,146 [main] INFO  server.GrpcService (GrpcService.java:closeImpl(311)) - 5b847746-75e9-42bf-94b1-858a537db9cd: shutdown server org.apache.ratis.grpc.server.GrpcClientProtocolService now
2024-05-09 06:30:20,146 [5b847746-75e9-42bf-94b1-858a537db9cd@group-A6FAD74B91C2-StateMachineUpdater] INFO  ratis.ContainerStateMachine (ContainerStateMachine.java:takeSnapshot(355)) - group-A6FAD74B91C2: Taking a snapshot at:(t:2, i:0) file /home/runner/work/ozone/ozone/hadoop-ozone/integration-test/target/test-dir/MiniOzoneClusterImpl-48ce40b1-13f8-460b-b529-5aa00ab75c3e/ozone-meta/datanode-2/ratis/a143d81d-e1da-48a4-b870-a6fad74b91c2/sm/snapshot.2_0
2024-05-09 06:30:20,147 [5b847746-75e9-42bf-94b1-858a537db9cd-impl-thread4] INFO  server.RaftServer$Division (RaftServerImpl.java:lambda$close$3(526)) - 5b847746-75e9-42bf-94b1-858a537db9cd@group-711D46114548: shutdown
2024-05-09 06:30:20,147 [5b847746-75e9-42bf-94b1-858a537db9cd-impl-thread4] INFO  util.JmxRegister (JmxRegister.java:unregister(73)) - Successfully un-registered JMX Bean with object name Ratis:service=RaftServer,group=group-711D46114548,id=5b847746-75e9-42bf-94b1-858a537db9cd
2024-05-09 06:30:20,147 [5b847746-75e9-42bf-94b1-858a537db9cd-impl-thread4] INFO  impl.RoleInfo (RoleInfo.java:shutdownFollowerState(110)) - 5b847746-75e9-42bf-94b1-858a537db9cd: shutdown 5b847746-75e9-42bf-94b1-858a537db9cd@group-711D46114548-FollowerState
2024-05-09 06:30:20,148 [5b847746-75e9-42bf-94b1-858a537db9cd-impl-thread4] INFO  impl.StateMachineUpdater (StateMachineUpdater.java:stopAndJoin(157)) - 5b847746-75e9-42bf-94b1-858a537db9cd@group-711D46114548-StateMachineUpdater: set stopIndex = 8
2024-05-09 06:30:20,148 [5b847746-75e9-42bf-94b1-858a537db9cd@group-A6FAD74B91C2-StateMachineUpdater] INFO  ratis.ContainerStateMachine (ContainerStateMachine.java:takeSnapshot(366)) - group-A6FAD74B91C2: Finished taking a snapshot at:(t:2, i:0) file:/home/runner/work/ozone/ozone/hadoop-ozone/integration-test/target/test-dir/MiniOzoneClusterImpl-48ce40b1-13f8-460b-b529-5aa00ab75c3e/ozone-meta/datanode-2/ratis/a143d81d-e1da-48a4-b870-a6fad74b91c2/sm/snapshot.2_0 took: 1 ms
2024-05-09 06:30:20,148 [5b847746-75e9-42bf-94b1-858a537db9cd@group-A6FAD74B91C2-StateMachineUpdater] INFO  impl.StateMachineUpdater (StateMachineUpdater.java:takeSnapshot(295)) - 5b847746-75e9-42bf-94b1-858a537db9cd@group-A6FAD74B91C2-StateMachineUpdater: Took a snapshot at index 0
2024-05-09 06:30:20,148 [5b847746-75e9-42bf-94b1-858a537db9cd@group-A6FAD74B91C2-StateMachineUpdater] INFO  impl.StateMachineUpdater (StateMachineUpdater.java:lambda$new$0(98)) - 5b847746-75e9-42bf-94b1-858a537db9cd@group-A6FAD74B91C2-StateMachineUpdater: snapshotIndex: updateIncreasingly -1 -> 0
2024-05-09 06:30:20,147 [5b847746-75e9-42bf-94b1-858a537db9cd@group-F9B27E3D7451-StateMachineUpdater] INFO  ratis.ContainerStateMachine (ContainerStateMachine.java:takeSnapshot(355)) - group-F9B27E3D7451: Taking a snapshot at:(t:1, i:0) file /home/runner/work/ozone/ozone/hadoop-ozone/integration-test/target/test-dir/MiniOzoneClusterImpl-48ce40b1-13f8-460b-b529-5aa00ab75c3e/ozone-meta/datanode-2/ratis/58c7b79e-35b2-4776-87d6-f9b27e3d7451/sm/snapshot.1_0
2024-05-09 06:30:20,147 [5b847746-75e9-42bf-94b1-858a537db9cd-impl-thread3] INFO  impl.StateMachineUpdater (StateMachineUpdater.java:stopAndJoin(157)) - 5b847746-75e9-42bf-94b1-858a537db9cd@group-F9B27E3D7451-StateMachineUpdater: set stopIndex = 0
2024-05-09 06:30:20,149 [5b847746-75e9-42bf-94b1-858a537db9cd-impl-thread2] INFO  server.RaftServer$Division (ServerState.java:close(427)) - 5b847746-75e9-42bf-94b1-858a537db9cd@group-A6FAD74B91C2: applyIndex: 0
2024-05-09 06:30:20,148 [5b847746-75e9-42bf-94b1-858a537db9cd@group-711D46114548-StateMachineUpdater] INFO  ratis.ContainerStateMachine (ContainerStateMachine.java:takeSnapshot(355)) - group-711D46114548: Taking a snapshot at:(t:1, i:8) file /home/runner/work/ozone/ozone/hadoop-ozone/integration-test/target/test-dir/MiniOzoneClusterImpl-48ce40b1-13f8-460b-b529-5aa00ab75c3e/ozone-meta/datanode-2/ratis/876e6361-94bf-493c-a223-711d46114548/sm/snapshot.1_8
2024-05-09 06:30:20,149 [5b847746-75e9-42bf-94b1-858a537db9cd@group-F9B27E3D7451-StateMachineUpdater] INFO  ratis.ContainerStateMachine (ContainerStateMachine.java:takeSnapshot(366)) - group-F9B27E3D7451: Finished taking a snapshot at:(t:1, i:0) file:/home/runner/work/ozone/ozone/hadoop-ozone/integration-test/target/test-dir/MiniOzoneClusterImpl-48ce40b1-13f8-460b-b529-5aa00ab75c3e/ozone-meta/datanode-2/ratis/58c7b79e-35b2-4776-87d6-f9b27e3d7451/sm/snapshot.1_0 took: 1 ms
2024-05-09 06:30:20,149 [5b847746-75e9-42bf-94b1-858a537db9cd@group-F9B27E3D7451-StateMachineUpdater] INFO  impl.StateMachineUpdater (StateMachineUpdater.java:takeSnapshot(295)) - 5b847746-75e9-42bf-94b1-858a537db9cd@group-F9B27E3D7451-StateMachineUpdater: Took a snapshot at index 0
2024-05-09 06:30:20,149 [5b847746-75e9-42bf-94b1-858a537db9cd@group-F9B27E3D7451-StateMachineUpdater] INFO  impl.StateMachineUpdater (StateMachineUpdater.java:lambda$new$0(98)) - 5b847746-75e9-42bf-94b1-858a537db9cd@group-F9B27E3D7451-StateMachineUpdater: snapshotIndex: updateIncreasingly -1 -> 0
2024-05-09 06:30:20,149 [5b847746-75e9-42bf-94b1-858a537db9cd-impl-thread3] INFO  server.RaftServer$Division (ServerState.java:close(427)) - 5b847746-75e9-42bf-94b1-858a537db9cd@group-F9B27E3D7451: applyIndex: 0
2024-05-09 06:30:20,148 [5b847746-75e9-42bf-94b1-858a537db9cd@group-711D46114548-FollowerState] INFO  impl.FollowerState (FollowerState.java:run(152)) - 5b847746-75e9-42bf-94b1-858a537db9cd@group-711D46114548-FollowerState was interrupted
2024-05-09 06:30:20,149 [5b847746-75e9-42bf-94b1-858a537db9cd@group-F9B27E3D7451-cacheEviction-AwaitToRun] INFO  util.AwaitToRun (AwaitToRun.java:run(49)) - 5b847746-75e9-42bf-94b1-858a537db9cd@group-F9B27E3D7451-cacheEviction-AwaitToRun-AwaitForSignal is interrupted
2024-05-09 06:30:20,149 [5b847746-75e9-42bf-94b1-858a537db9cd@group-A6FAD74B91C2-cacheEviction-AwaitToRun] INFO  util.AwaitToRun (AwaitToRun.java:run(49)) - 5b847746-75e9-42bf-94b1-858a537db9cd@group-A6FAD74B91C2-cacheEviction-AwaitToRun-AwaitForSignal is interrupted
2024-05-09 06:30:20,149 [main] INFO  server.GrpcService (GrpcService.java:closeImpl(320)) - 5b847746-75e9-42bf-94b1-858a537db9cd: shutdown server org.apache.ratis.grpc.server.GrpcClientProtocolService successfully
2024-05-09 06:30:20,150 [5b847746-75e9-42bf-94b1-858a537db9cd@group-711D46114548-StateMachineUpdater] INFO  ratis.ContainerStateMachine (ContainerStateMachine.java:takeSnapshot(366)) - group-711D46114548: Finished taking a snapshot at:(t:1, i:8) file:/home/runner/work/ozone/ozone/hadoop-ozone/integration-test/target/test-dir/MiniOzoneClusterImpl-48ce40b1-13f8-460b-b529-5aa00ab75c3e/ozone-meta/datanode-2/ratis/876e6361-94bf-493c-a223-711d46114548/sm/snapshot.1_8 took: 2 ms
2024-05-09 06:30:20,150 [main] INFO  server.GrpcService (GrpcService.java:closeImpl(311)) - 5b847746-75e9-42bf-94b1-858a537db9cd: shutdown server GrpcServerProtocolService now
2024-05-09 06:30:20,150 [5b847746-75e9-42bf-94b1-858a537db9cd@group-711D46114548-StateMachineUpdater] INFO  impl.StateMachineUpdater (StateMachineUpdater.java:takeSnapshot(295)) - 5b847746-75e9-42bf-94b1-858a537db9cd@group-711D46114548-StateMachineUpdater: Took a snapshot at index 8
2024-05-09 06:30:20,150 [5b847746-75e9-42bf-94b1-858a537db9cd@group-711D46114548-StateMachineUpdater] INFO  impl.StateMachineUpdater (StateMachineUpdater.java:lambda$new$0(98)) - 5b847746-75e9-42bf-94b1-858a537db9cd@group-711D46114548-StateMachineUpdater: snapshotIndex: updateIncreasingly -1 -> 8
2024-05-09 06:30:20,150 [5b847746-75e9-42bf-94b1-858a537db9cd-impl-thread4] INFO  server.RaftServer$Division (ServerState.java:close(427)) - 5b847746-75e9-42bf-94b1-858a537db9cd@group-711D46114548: applyIndex: 8
2024-05-09 06:30:20,150 [5b847746-75e9-42bf-94b1-858a537db9cd@group-711D46114548-cacheEviction-AwaitToRun] INFO  util.AwaitToRun (AwaitToRun.java:run(49)) - 5b847746-75e9-42bf-94b1-858a537db9cd@group-711D46114548-cacheEviction-AwaitToRun-AwaitForSignal is interrupted
2024-05-09 06:30:20,151 [grpc-default-executor-7] WARN  server.GrpcServerProtocolService (LogUtils.java:warn(121)) - 5b847746-75e9-42bf-94b1-858a537db9cd: APPEND_ENTRIES onError, lastRequest: null: org.apache.ratis.thirdparty.io.grpc.StatusRuntimeException: CANCELLED: client cancelled
2024-05-09 06:30:20,152 [grpc-default-executor-8] WARN  server.GrpcServerProtocolService (LogUtils.java:warn(121)) - 5b847746-75e9-42bf-94b1-858a537db9cd: APPEND_ENTRIES onError, lastRequest: null: org.apache.ratis.thirdparty.io.grpc.StatusRuntimeException: CANCELLED: client cancelled
2024-05-09 06:30:20,152 [grpc-default-executor-9] WARN  server.GrpcServerProtocolService (LogUtils.java:warn(121)) - 5b847746-75e9-42bf-94b1-858a537db9cd: APPEND_ENTRIES onError, lastRequest: 0b714aca-fc82-484b-9944-7b2ffbc45fbf->5b847746-75e9-42bf-94b1-858a537db9cd#16-t1,previous=(t:1, i:7),leaderCommit=4,initializing? false,entries: size=1, first=(t:1, i:8), METADATAENTRY(c:4): org.apache.ratis.thirdparty.io.grpc.StatusRuntimeException: CANCELLED: client cancelled
2024-05-09 06:30:20,153 [main] INFO  server.GrpcService (GrpcService.java:closeImpl(320)) - 5b847746-75e9-42bf-94b1-858a537db9cd: shutdown server GrpcServerProtocolService successfully
2024-05-09 06:30:20,153 [main] INFO  server.GrpcService (GrpcService.java:closeImpl(311)) - 5b847746-75e9-42bf-94b1-858a537db9cd: shutdown server org.apache.ratis.grpc.server.GrpcAdminProtocolService now
2024-05-09 06:30:20,153 [grpc-default-executor-7] WARN  server.GrpcServerProtocolService (LogUtils.java:warn(121)) - 5b847746-75e9-42bf-94b1-858a537db9cd: APPEND_ENTRIES onError, lastRequest: 0b714aca-fc82-484b-9944-7b2ffbc45fbf->5b847746-75e9-42bf-94b1-858a537db9cd#1-t2,previous=(t:0, i:0),leaderCommit=-1,initializing? false,entries: size=1, first=(t:2, i:0), CONFIGURATIONENTRY(current:id: "0b714aca-fc82-484b-9944-7b2ffbc45fbf"
address: "127.0.0.1:15067"
dataStreamAddress: "127.0.0.1:15068"
clientAddress: "127.0.0.1:15065"
adminAddress: "127.0.0.1:15066"
startupRole: FOLLOWER
,id: "528b4752-3c7b-4991-99e9-89ee621f29a5"
address: "127.0.0.1:15085"
priority: 1
dataStreamAddress: "127.0.0.1:15086"
clientAddress: "127.0.0.1:15083"
adminAddress: "127.0.0.1:15084"
startupRole: FOLLOWER
,id: "5b847746-75e9-42bf-94b1-858a537db9cd"
address: "127.0.0.1:15076"
dataStreamAddress: "127.0.0.1:15077"
clientAddress: "127.0.0.1:15074"
adminAddress: "127.0.0.1:15075"
startupRole: FOLLOWER
, old:): org.apache.ratis.thirdparty.io.grpc.StatusRuntimeException: CANCELLED: client cancelled
2024-05-09 06:30:20,154 [grpc-default-executor-4] WARN  server.GrpcLogAppender (LogUtils.java:warn(121)) - 0b714aca-fc82-484b-9944-7b2ffbc45fbf@group-711D46114548->5b847746-75e9-42bf-94b1-858a537db9cd-AppendLogResponseHandler: Failed appendEntries: org.apache.ratis.thirdparty.io.grpc.StatusRuntimeException: CANCELLED: RST_STREAM closed stream. HTTP/2 error code: CANCEL
2024-05-09 06:30:20,154 [grpc-default-executor-9] WARN  server.GrpcLogAppender (GrpcLogAppender.java:lambda$resetClient$1(217)) - 0b714aca-fc82-484b-9944-7b2ffbc45fbf@group-711D46114548->5b847746-75e9-42bf-94b1-858a537db9cd-GrpcLogAppender: Follower failed (request=null, errorCount=1); keep nextIndex (9) unchanged and retry.
2024-05-09 06:30:20,155 [grpc-default-executor-10] WARN  server.GrpcLogAppender (LogUtils.java:warn(121)) - 0b714aca-fc82-484b-9944-7b2ffbc45fbf@group-A6FAD74B91C2->5b847746-75e9-42bf-94b1-858a537db9cd-AppendLogResponseHandler: Failed appendEntries: org.apache.ratis.thirdparty.io.grpc.StatusRuntimeException: CANCELLED: RST_STREAM closed stream. HTTP/2 error code: CANCEL
2024-05-09 06:30:20,156 [grpc-default-executor-10] WARN  server.GrpcLogAppender (GrpcLogAppender.java:lambda$resetClient$1(217)) - 0b714aca-fc82-484b-9944-7b2ffbc45fbf@group-A6FAD74B91C2->5b847746-75e9-42bf-94b1-858a537db9cd-GrpcLogAppender: Follower failed (request=null, errorCount=1); keep nextIndex (1) unchanged and retry.
2024-05-09 06:30:20,158 [main] INFO  server.GrpcService (GrpcService.java:closeImpl(320)) - 5b847746-75e9-42bf-94b1-858a537db9cd: shutdown server org.apache.ratis.grpc.server.GrpcAdminProtocolService successfully
2024-05-09 06:30:20,162 [5b847746-75e9-42bf-94b1-858a537db9cd-NettyServerStreamRpc-bossGroup--thread1] INFO  logging.LoggingHandler (AbstractInternalLogger.java:log(148)) - [id: 0x12982729, L:/0.0.0.0:15077] CLOSE
2024-05-09 06:30:20,162 [5b847746-75e9-42bf-94b1-858a537db9cd-NettyServerStreamRpc-bossGroup--thread1] INFO  logging.LoggingHandler (AbstractInternalLogger.java:log(148)) - [id: 0x12982729, L:/0.0.0.0:15077] INACTIVE
2024-05-09 06:30:20,162 [5b847746-75e9-42bf-94b1-858a537db9cd-NettyServerStreamRpc-bossGroup--thread1] INFO  logging.LoggingHandler (AbstractInternalLogger.java:log(148)) - [id: 0x12982729, L:/0.0.0.0:15077] UNREGISTERED
2024-05-09 06:30:20,258 [5b847746-75e9-42bf-94b1-858a537db9cd-impl-thread4] INFO  segmented.SegmentedRaftLogWorker (SegmentedRaftLogWorker.java:close(245)) - 5b847746-75e9-42bf-94b1-858a537db9cd@group-711D46114548-SegmentedRaftLogWorker close()
2024-05-09 06:30:20,443 [grpc-default-executor-11] WARN  server.GrpcLogAppender (LogUtils.java:warn(121)) - 0b714aca-fc82-484b-9944-7b2ffbc45fbf@group-A6FAD74B91C2->528b4752-3c7b-4991-99e9-89ee621f29a5-AppendLogResponseHandler: Failed appendEntries: org.apache.ratis.thirdparty.io.grpc.StatusRuntimeException: UNAVAILABLE: io exception
2024-05-09 06:30:20,443 [grpc-default-executor-10] WARN  server.GrpcLogAppender (GrpcLogAppender.java:lambda$resetClient$1(217)) - 0b714aca-fc82-484b-9944-7b2ffbc45fbf@group-A6FAD74B91C2->528b4752-3c7b-4991-99e9-89ee621f29a5-GrpcLogAppender: Follower failed (request=null, errorCount=143); keep nextIndex (1) unchanged and retry.
2024-05-09 06:30:20,458 [5b847746-75e9-42bf-94b1-858a537db9cd-impl-thread2] INFO  segmented.SegmentedRaftLogWorker (SegmentedRaftLogWorker.java:close(245)) - 5b847746-75e9-42bf-94b1-858a537db9cd@group-A6FAD74B91C2-SegmentedRaftLogWorker close()
2024-05-09 06:30:20,460 [0b714aca-fc82-484b-9944-7b2ffbc45fbf@group-A6FAD74B91C2->528b4752-3c7b-4991-99e9-89ee621f29a5-GrpcLogAppender-LogAppenderDaemon] ERROR ratis.XceiverServerRatis (XceiverServerRatis.java:triggerPipelineClose(777)) - pipeline Action CLOSE on pipeline PipelineID=a143d81d-e1da-48a4-b870-a6fad74b91c2.Reason : 0b714aca-fc82-484b-9944-7b2ffbc45fbf has not seen follower/s 528b4752-3c7b-4991-99e9-89ee621f29a5 for 300234ms
2024-05-09 06:30:20,462 [EventQueue-PipelineActionsForPipelineActionHandler] INFO  pipeline.PipelineActionHandler (PipelineActionHandler.java:processPipelineAction(95)) - Received pipeline action CLOSE for PipelineID=a143d81d-e1da-48a4-b870-a6fad74b91c2 from datanode 0b714aca-fc82-484b-9944-7b2ffbc45fbf. Reason : 0b714aca-fc82-484b-9944-7b2ffbc45fbf has not seen follower/s 528b4752-3c7b-4991-99e9-89ee621f29a5 for 300234ms
2024-05-09 06:30:20,463 [EventQueue-PipelineActionsForPipelineActionHandler] INFO  pipeline.PipelineManagerImpl (PipelineManagerImpl.java:closePipeline(518)) - Pipeline PipelineID=a143d81d-e1da-48a4-b870-a6fad74b91c2 moved to CLOSED state
2024-05-09 06:30:20,979 [5b847746-75e9-42bf-94b1-858a537db9cd-impl-thread3] INFO  segmented.SegmentedRaftLogWorker (SegmentedRaftLogWorker.java:close(245)) - 5b847746-75e9-42bf-94b1-858a537db9cd@group-F9B27E3D7451-SegmentedRaftLogWorker close()
2024-05-09 06:30:20,979 [JvmPauseMonitor10] INFO  util.JvmPauseMonitor (JvmPauseMonitor.java:run(152)) - JvmPauseMonitor-5b847746-75e9-42bf-94b1-858a537db9cd: Stopped
2024-05-09 06:30:21,461 [EventQueue-PipelineActionsForPipelineActionHandler] INFO  pipeline.PipelineActionHandler (PipelineActionHandler.java:processPipelineAction(95)) - Received pipeline action CLOSE for PipelineID=a143d81d-e1da-48a4-b870-a6fad74b91c2 from datanode 0b714aca-fc82-484b-9944-7b2ffbc45fbf. Reason : 0b714aca-fc82-484b-9944-7b2ffbc45fbf has not seen follower/s 528b4752-3c7b-4991-99e9-89ee621f29a5 for 300234ms
2024-05-09 06:30:22,070 [0b714aca-fc82-484b-9944-7b2ffbc45fbf@group-711D46114548->528b4752-3c7b-4991-99e9-89ee621f29a5-GrpcLogAppender-LogAppenderDaemon] ERROR ratis.XceiverServerRatis (XceiverServerRatis.java:triggerPipelineClose(777)) - pipeline Action CLOSE on pipeline PipelineID=876e6361-94bf-493c-a223-711d46114548.Reason : 0b714aca-fc82-484b-9944-7b2ffbc45fbf has not seen follower/s 528b4752-3c7b-4991-99e9-89ee621f29a5 for 301831ms
2024-05-09 06:30:22,071 [EventQueue-PipelineActionsForPipelineActionHandler] INFO  pipeline.PipelineActionHandler (PipelineActionHandler.java:processPipelineAction(95)) - Received pipeline action CLOSE for PipelineID=a143d81d-e1da-48a4-b870-a6fad74b91c2 from datanode 0b714aca-fc82-484b-9944-7b2ffbc45fbf. Reason : 0b714aca-fc82-484b-9944-7b2ffbc45fbf has not seen follower/s 528b4752-3c7b-4991-99e9-89ee621f29a5 for 300234ms
2024-05-09 06:30:22,071 [EventQueue-PipelineActionsForPipelineActionHandler] INFO  pipeline.PipelineActionHandler (PipelineActionHandler.java:processPipelineAction(95)) - Received pipeline action CLOSE for PipelineID=876e6361-94bf-493c-a223-711d46114548 from datanode 0b714aca-fc82-484b-9944-7b2ffbc45fbf. Reason : 0b714aca-fc82-484b-9944-7b2ffbc45fbf has not seen follower/s 528b4752-3c7b-4991-99e9-89ee621f29a5 for 301831ms
2024-05-09 06:30:22,073 [EventQueue-PipelineActionsForPipelineActionHandler] INFO  pipeline.PipelineManagerImpl (PipelineManagerImpl.java:closeContainersForPipeline(484)) - Container #1 closed for pipeline=PipelineID=876e6361-94bf-493c-a223-711d46114548
2024-05-09 06:30:22,073 [EventQueue-CloseContainerForCloseContainerEventHandler] INFO  container.CloseContainerEventHandler (CloseContainerEventHandler.java:onMessage(88)) - Close container Event triggered for container : #1, current state: CLOSING
2024-05-09 06:30:22,076 [EventQueue-PipelineActionsForPipelineActionHandler] INFO  pipeline.PipelineManagerImpl (PipelineManagerImpl.java:closePipeline(518)) - Pipeline PipelineID=876e6361-94bf-493c-a223-711d46114548 moved to CLOSED state
2024-05-09 06:30:22,982 [main] INFO  utils.DatanodeStoreCache (DatanodeStoreCache.java:shutdownCache(116)) - Skip clearing cache in mini cluster mode. Entries left: [/home/runner/work/ozone/ozone/hadoop-ozone/integration-test/target/test-dir/MiniOzoneClusterImpl-48ce40b1-13f8-460b-b529-5aa00ab75c3e/ozone-meta/datanode-1/data-0/hdds/48ce40b1-13f8-460b-b529-5aa00ab75c3e/DS-7a15c170-1efd-4c9f-bf42-fbe104ab0df1/container.db, /home/runner/work/ozone/ozone/hadoop-ozone/integration-test/target/test-dir/MiniOzoneClusterImpl-48ce40b1-13f8-460b-b529-5aa00ab75c3e/ozone-meta/datanode-2/data-0/hdds/48ce40b1-13f8-460b-b529-5aa00ab75c3e/DS-992b7d15-d454-41c4-b8d7-8cdfd390f375/container.db, /home/runner/work/ozone/ozone/hadoop-ozone/integration-test/target/test-dir/MiniOzoneClusterImpl-48ce40b1-13f8-460b-b529-5aa00ab75c3e/ozone-meta/datanode-4/data-0/hdds/48ce40b1-13f8-460b-b529-5aa00ab75c3e/DS-01de4ae5-8feb-4afb-8b1d-87e24b74a269/container.db, /home/runner/work/ozone/ozone/hadoop-ozone/integration-test/target/test-dir/MiniOzoneClusterImpl-48ce40b1-13f8-460b-b529-5aa00ab75c3e/ozone-meta/datanode-5/data-0/hdds/48ce40b1-13f8-460b-b529-5aa00ab75c3e/DS-a5b614f2-e870-4320-a52f-615493b738dc/container.db]
2024-05-09 06:30:22,983 [main] INFO  utils.DatanodeStoreCache (DatanodeStoreCache.java:removeDB(110)) - Removed db /home/runner/work/ozone/ozone/hadoop-ozone/integration-test/target/test-dir/MiniOzoneClusterImpl-48ce40b1-13f8-460b-b529-5aa00ab75c3e/ozone-meta/datanode-2/data-0/hdds/48ce40b1-13f8-460b-b529-5aa00ab75c3e/DS-992b7d15-d454-41c4-b8d7-8cdfd390f375/container.db from cache
2024-05-09 06:30:22,983 [main] INFO  volume.HddsVolume (HddsVolume.java:closeDbStore(470)) - SchemaV3 db is stopped at /home/runner/work/ozone/ozone/hadoop-ozone/integration-test/target/test-dir/MiniOzoneClusterImpl-48ce40b1-13f8-460b-b529-5aa00ab75c3e/ozone-meta/datanode-2/data-0/hdds/48ce40b1-13f8-460b-b529-5aa00ab75c3e/DS-992b7d15-d454-41c4-b8d7-8cdfd390f375/container.db for volume DS-992b7d15-d454-41c4-b8d7-8cdfd390f375
2024-05-09 06:30:22,983 [main] INFO  utils.BackgroundService (BackgroundService.java:shutdown(160)) - Shutting down service BlockDeletingService
2024-05-09 06:30:22,984 [main] INFO  utils.BackgroundService (BackgroundService.java:shutdown(160)) - Shutting down service StaleRecoveringContainerScrubbingService
2024-05-09 06:30:22,984 [main] INFO  statemachine.DatanodeStateMachine (DatanodeStateMachine.java:stopDaemon(638)) - Ozone container server stopped.
2024-05-09 06:30:22,985 [main] INFO  handler.ContextHandler (ContextHandler.java:doStop(1159)) - Stopped o.e.j.w.WebAppContext@7fdd4b67{hddsDatanode,/,null,STOPPED}{file:/home/runner/work/ozone/ozone/hadoop-hdds/container-service/target/classes/webapps/hddsDatanode}
2024-05-09 06:30:22,985 [main] INFO  server.AbstractConnector (AbstractConnector.java:doStop(383)) - Stopped ServerConnector@33a9f5b0{HTTP/1.1, (http/1.1)}{0.0.0.0:15071}
2024-05-09 06:30:22,986 [main] INFO  server.session (HouseKeeper.java:stopScavenging(149)) - node0 Stopped scavenging
2024-05-09 06:30:22,986 [main] INFO  handler.ContextHandler (ContextHandler.java:doStop(1159)) - Stopped o.e.j.s.ServletContextHandler@29e10870{static,/static,file:///home/runner/work/ozone/ozone/hadoop-hdds/container-service/target/classes/webapps/static,STOPPED}
2024-05-09 06:30:22,986 [main] INFO  handler.ContextHandler (ContextHandler.java:doStop(1159)) - Stopped o.e.j.s.ServletContextHandler@56e2f315{logs,/logs,file:///home/runner/work/ozone/ozone/hadoop-ozone/integration-test/target/log,STOPPED}
2024-05-09 06:30:22,987 [main] INFO  ozone.HddsDatanodeClientProtocolServer (HddsDatanodeClientProtocolServer.java:stop(83)) - Stopping the RPC server for Client Protocol
2024-05-09 06:30:22,987 [main] INFO  ipc.Server (Server.java:stop(3523)) - Stopping server on 15072
2024-05-09 06:30:22,987 [IPC Server listener on 15072] INFO  ipc.Server (Server.java:run(1434)) - Stopping IPC Server listener on 15072
2024-05-09 06:30:22,987 [IPC Server Responder] INFO  ipc.Server (Server.java:run(1567)) - Stopping IPC Server Responder
2024-05-09 06:30:23,071 [EventQueue-PipelineActionsForPipelineActionHandler] INFO  pipeline.PipelineActionHandler (PipelineActionHandler.java:processPipelineAction(95)) - Received pipeline action CLOSE for PipelineID=a143d81d-e1da-48a4-b870-a6fad74b91c2 from datanode 0b714aca-fc82-484b-9944-7b2ffbc45fbf. Reason : 0b714aca-fc82-484b-9944-7b2ffbc45fbf has not seen follower/s 528b4752-3c7b-4991-99e9-89ee621f29a5 for 300234ms
2024-05-09 06:30:23,071 [EventQueue-PipelineActionsForPipelineActionHandler] INFO  pipeline.PipelineActionHandler (PipelineActionHandler.java:processPipelineAction(95)) - Received pipeline action CLOSE for PipelineID=876e6361-94bf-493c-a223-711d46114548 from datanode 0b714aca-fc82-484b-9944-7b2ffbc45fbf. Reason : 0b714aca-fc82-484b-9944-7b2ffbc45fbf has not seen follower/s 528b4752-3c7b-4991-99e9-89ee621f29a5 for 301831ms
2024-05-09 06:30:23,196 [timer6] WARN  server.GrpcLogAppender (GrpcLogAppender.java:lambda$resetClient$1(217)) - 0b714aca-fc82-484b-9944-7b2ffbc45fbf@group-711D46114548->528b4752-3c7b-4991-99e9-89ee621f29a5-GrpcLogAppender: Follower failed (request=null, errorCount=136); keep nextIndex (9) unchanged and retry. (Repeated 4 times in the last 5.000s)
2024-05-09 06:30:23,196 [timer5] WARN  server.GrpcLogAppender (LogUtils.java:warn(121)) - 0b714aca-fc82-484b-9944-7b2ffbc45fbf@group-711D46114548->528b4752-3c7b-4991-99e9-89ee621f29a5-AppendLogResponseHandler: Failed appendEntries (Repeated 4 times in the last 5.001s): org.apache.ratis.thirdparty.io.grpc.StatusRuntimeException: UNAVAILABLE: io exception
2024-05-09 06:30:24,071 [EventQueue-PipelineActionsForPipelineActionHandler] INFO  pipeline.PipelineActionHandler (PipelineActionHandler.java:processPipelineAction(95)) - Received pipeline action CLOSE for PipelineID=a143d81d-e1da-48a4-b870-a6fad74b91c2 from datanode 0b714aca-fc82-484b-9944-7b2ffbc45fbf. Reason : 0b714aca-fc82-484b-9944-7b2ffbc45fbf has not seen follower/s 528b4752-3c7b-4991-99e9-89ee621f29a5 for 300234ms
2024-05-09 06:30:24,071 [EventQueue-PipelineActionsForPipelineActionHandler] INFO  pipeline.PipelineActionHandler (PipelineActionHandler.java:processPipelineAction(95)) - Received pipeline action CLOSE for PipelineID=876e6361-94bf-493c-a223-711d46114548 from datanode 0b714aca-fc82-484b-9944-7b2ffbc45fbf. Reason : 0b714aca-fc82-484b-9944-7b2ffbc45fbf has not seen follower/s 528b4752-3c7b-4991-99e9-89ee621f29a5 for 301831ms
2024-05-09 06:30:25,071 [EventQueue-PipelineActionsForPipelineActionHandler] INFO  pipeline.PipelineActionHandler (PipelineActionHandler.java:processPipelineAction(95)) - Received pipeline action CLOSE for PipelineID=a143d81d-e1da-48a4-b870-a6fad74b91c2 from datanode 0b714aca-fc82-484b-9944-7b2ffbc45fbf. Reason : 0b714aca-fc82-484b-9944-7b2ffbc45fbf has not seen follower/s 528b4752-3c7b-4991-99e9-89ee621f29a5 for 300234ms
2024-05-09 06:30:25,071 [EventQueue-PipelineActionsForPipelineActionHandler] INFO  pipeline.PipelineActionHandler (PipelineActionHandler.java:processPipelineAction(95)) - Received pipeline action CLOSE for PipelineID=876e6361-94bf-493c-a223-711d46114548 from datanode 0b714aca-fc82-484b-9944-7b2ffbc45fbf. Reason : 0b714aca-fc82-484b-9944-7b2ffbc45fbf has not seen follower/s 528b4752-3c7b-4991-99e9-89ee621f29a5 for 301831ms
2024-05-09 06:30:25,154 [timer6] WARN  server.GrpcLogAppender (LogUtils.java:warn(121)) - 0b714aca-fc82-484b-9944-7b2ffbc45fbf@group-711D46114548->5b847746-75e9-42bf-94b1-858a537db9cd-AppendLogResponseHandler: Failed appendEntries (Repeated 10 times in the last 5.000s): org.apache.ratis.thirdparty.io.grpc.StatusRuntimeException: UNAVAILABLE: io exception
2024-05-09 06:30:25,154 [timer7] WARN  server.GrpcLogAppender (GrpcLogAppender.java:lambda$resetClient$1(217)) - 0b714aca-fc82-484b-9944-7b2ffbc45fbf@group-711D46114548->5b847746-75e9-42bf-94b1-858a537db9cd-GrpcLogAppender: Follower failed (request=null, errorCount=10); keep nextIndex (9) unchanged and retry. (Repeated 10 times in the last 5.000s)
2024-05-09 06:30:25,156 [timer0] WARN  server.GrpcLogAppender (LogUtils.java:warn(121)) - 0b714aca-fc82-484b-9944-7b2ffbc45fbf@group-A6FAD74B91C2->5b847746-75e9-42bf-94b1-858a537db9cd-AppendLogResponseHandler: Failed appendEntries (Repeated 10 times in the last 5.000s): org.apache.ratis.thirdparty.io.grpc.StatusRuntimeException: UNAVAILABLE: io exception
2024-05-09 06:30:25,156 [timer1] WARN  server.GrpcLogAppender (GrpcLogAppender.java:lambda$resetClient$1(217)) - 0b714aca-fc82-484b-9944-7b2ffbc45fbf@group-A6FAD74B91C2->5b847746-75e9-42bf-94b1-858a537db9cd-GrpcLogAppender: Follower failed (request=null, errorCount=10); keep nextIndex (1) unchanged and retry. (Repeated 10 times in the last 5.000s)
2024-05-09 06:30:25,443 [timer3] WARN  server.GrpcLogAppender (GrpcLogAppender.java:lambda$resetClient$1(217)) - 0b714aca-fc82-484b-9944-7b2ffbc45fbf@group-A6FAD74B91C2->528b4752-3c7b-4991-99e9-89ee621f29a5-GrpcLogAppender: Follower failed (request=null, errorCount=144); keep nextIndex (1) unchanged and retry. (Repeated 2 times in the last 4.999s)
2024-05-09 06:30:25,443 [timer2] WARN  server.GrpcLogAppender (LogUtils.java:warn(121)) - 0b714aca-fc82-484b-9944-7b2ffbc45fbf@group-A6FAD74B91C2->528b4752-3c7b-4991-99e9-89ee621f29a5-AppendLogResponseHandler: Failed appendEntries (Repeated 2 times in the last 5.000s): org.apache.ratis.thirdparty.io.grpc.StatusRuntimeException: UNAVAILABLE: io exception
2024-05-09 06:30:25,468 [grpc-default-executor-10] WARN  server.GrpcLogAppender (LogUtils.java:warn(121)) - 0b714aca-fc82-484b-9944-7b2ffbc45fbf@group-711D46114548->5b847746-75e9-42bf-94b1-858a537db9cd-AppendLogResponseHandler: Failed appendEntries: org.apache.ratis.thirdparty.io.grpc.StatusRuntimeException: UNAVAILABLE: io exception
2024-05-09 06:30:25,468 [grpc-default-executor-11] WARN  server.GrpcLogAppender (GrpcLogAppender.java:lambda$resetClient$1(217)) - 0b714aca-fc82-484b-9944-7b2ffbc45fbf@group-711D46114548->5b847746-75e9-42bf-94b1-858a537db9cd-GrpcLogAppender: Follower failed (request=null, errorCount=11); keep nextIndex (9) unchanged and retry.
2024-05-09 06:30:25,654 [grpc-default-executor-10] WARN  server.GrpcLogAppender (LogUtils.java:warn(121)) - 0b714aca-fc82-484b-9944-7b2ffbc45fbf@group-A6FAD74B91C2->5b847746-75e9-42bf-94b1-858a537db9cd-AppendLogResponseHandler: Failed appendEntries: org.apache.ratis.thirdparty.io.grpc.StatusRuntimeException: UNAVAILABLE: io exception
2024-05-09 06:30:25,654 [grpc-default-executor-11] WARN  server.GrpcLogAppender (GrpcLogAppender.java:lambda$resetClient$1(217)) - 0b714aca-fc82-484b-9944-7b2ffbc45fbf@group-A6FAD74B91C2->5b847746-75e9-42bf-94b1-858a537db9cd-GrpcLogAppender: Follower failed (request=null, errorCount=11); keep nextIndex (1) unchanged and retry.
2024-05-09 06:30:25,996 [main] WARN  scm.XceiverClientRatis (XceiverClientRatis.java:watchForCommit(285)) - 3 way commit failed on pipeline Pipeline[ Id: 876e6361-94bf-493c-a223-711d46114548, Nodes: 528b4752-3c7b-4991-99e9-89ee621f29a5(localhost/127.0.0.1)5b847746-75e9-42bf-94b1-858a537db9cd(localhost/127.0.0.1)0b714aca-fc82-484b-9944-7b2ffbc45fbf(localhost/127.0.0.1), ReplicationConfig: RATIS/THREE, State:OPEN, leaderId:0b714aca-fc82-484b-9944-7b2ffbc45fbf, CreationTimestamp2024-05-09T06:25:11.966Z[Etc/UTC]]
java.util.concurrent.ExecutionException: org.apache.ratis.protocol.exceptions.TimeoutIOException: client-80370971E965->0b714aca-fc82-484b-9944-7b2ffbc45fbf request #29 timeout 3000ms
	at java.base/java.util.concurrent.CompletableFuture.reportGet(CompletableFuture.java:396)
	at java.base/java.util.concurrent.CompletableFuture.get(CompletableFuture.java:2073)
	at org.apache.hadoop.hdds.scm.XceiverClientRatis.watchForCommit(XceiverClientRatis.java:280)
	at org.apache.hadoop.hdds.scm.storage.AbstractCommitWatcher.watchForCommit(AbstractCommitWatcher.java:142)
	at org.apache.hadoop.hdds.scm.storage.TestCommitWatcher.lambda$testReleaseBuffersOnException$2(TestCommitWatcher.java:311)
	at org.junit.jupiter.api.AssertThrows.assertThrows(AssertThrows.java:53)
	at org.junit.jupiter.api.AssertThrows.assertThrows(AssertThrows.java:35)
	at org.junit.jupiter.api.Assertions.assertThrows(Assertions.java:3115)
	at org.apache.hadoop.hdds.scm.storage.TestCommitWatcher.testReleaseBuffersOnException(TestCommitWatcher.java:311)
	at java.base/jdk.internal.reflect.NativeMethodAccessorImpl.invoke0(Native Method)
	at java.base/jdk.internal.reflect.NativeMethodAccessorImpl.invoke(NativeMethodAccessorImpl.java:77)
	at java.base/jdk.internal.reflect.DelegatingMethodAccessorImpl.invoke(DelegatingMethodAccessorImpl.java:43)
	at java.base/java.lang.reflect.Method.invoke(Method.java:568)
	at org.junit.platform.commons.util.ReflectionUtils.invokeMethod(ReflectionUtils.java:728)
	at org.junit.jupiter.engine.execution.MethodInvocation.proceed(MethodInvocation.java:60)
	at org.junit.jupiter.engine.execution.InvocationInterceptorChain$ValidatingInvocation.proceed(InvocationInterceptorChain.java:131)
	at org.junit.jupiter.engine.extension.SameThreadTimeoutInvocation.proceed(SameThreadTimeoutInvocation.java:45)
	at org.junit.jupiter.engine.extension.TimeoutExtension.intercept(TimeoutExtension.java:156)
	at org.junit.jupiter.engine.extension.TimeoutExtension.interceptTestableMethod(TimeoutExtension.java:147)
	at org.junit.jupiter.engine.extension.TimeoutExtension.interceptTestMethod(TimeoutExtension.java:86)
	at org.junit.jupiter.engine.execution.InterceptingExecutableInvoker$ReflectiveInterceptorCall.lambda$ofVoidMethod$0(InterceptingExecutableInvoker.java:103)
	at org.junit.jupiter.engine.execution.InterceptingExecutableInvoker.lambda$invoke$0(InterceptingExecutableInvoker.java:93)
	at org.junit.jupiter.engine.execution.InvocationInterceptorChain$InterceptedInvocation.proceed(InvocationInterceptorChain.java:106)
	at org.junit.jupiter.engine.execution.InvocationInterceptorChain.proceed(InvocationInterceptorChain.java:64)
	at org.junit.jupiter.engine.execution.InvocationInterceptorChain.chainAndInvoke(InvocationInterceptorChain.java:45)
	at org.junit.jupiter.engine.execution.InvocationInterceptorChain.invoke(InvocationInterceptorChain.java:37)
	at org.junit.jupiter.engine.execution.InterceptingExecutableInvoker.invoke(InterceptingExecutableInvoker.java:92)
	at org.junit.jupiter.engine.execution.InterceptingExecutableInvoker.invoke(InterceptingExecutableInvoker.java:86)
	at org.junit.jupiter.engine.descriptor.TestMethodTestDescriptor.lambda$invokeTestMethod$7(TestMethodTestDescriptor.java:218)
	at org.junit.platform.engine.support.hierarchical.ThrowableCollector.execute(ThrowableCollector.java:73)
	at org.junit.jupiter.engine.descriptor.TestMethodTestDescriptor.invokeTestMethod(TestMethodTestDescriptor.java:214)
	at org.junit.jupiter.engine.descriptor.TestMethodTestDescriptor.execute(TestMethodTestDescriptor.java:139)
	at org.junit.jupiter.engine.descriptor.TestMethodTestDescriptor.execute(TestMethodTestDescriptor.java:69)
	at org.junit.platform.engine.support.hierarchical.NodeTestTask.lambda$executeRecursively$6(NodeTestTask.java:151)
	at org.junit.platform.engine.support.hierarchical.ThrowableCollector.execute(ThrowableCollector.java:73)
	at org.junit.platform.engine.support.hierarchical.NodeTestTask.lambda$executeRecursively$8(NodeTestTask.java:141)
	at org.junit.platform.engine.support.hierarchical.Node.around(Node.java:137)
	at org.junit.platform.engine.support.hierarchical.NodeTestTask.lambda$executeRecursively$9(NodeTestTask.java:139)
	at org.junit.platform.engine.support.hierarchical.ThrowableCollector.execute(ThrowableCollector.java:73)
	at org.junit.platform.engine.support.hierarchical.NodeTestTask.executeRecursively(NodeTestTask.java:138)
	at org.junit.platform.engine.support.hierarchical.NodeTestTask.execute(NodeTestTask.java:95)
	at java.base/java.util.ArrayList.forEach(ArrayList.java:1511)
	at org.junit.platform.engine.support.hierarchical.SameThreadHierarchicalTestExecutorService.invokeAll(SameThreadHierarchicalTestExecutorService.java:41)
	at org.junit.platform.engine.support.hierarchical.NodeTestTask.lambda$executeRecursively$6(NodeTestTask.java:155)
	at org.junit.platform.engine.support.hierarchical.ThrowableCollector.execute(ThrowableCollector.java:73)
	at org.junit.platform.engine.support.hierarchical.NodeTestTask.lambda$executeRecursively$8(NodeTestTask.java:141)
	at org.junit.platform.engine.support.hierarchical.Node.around(Node.java:137)
	at org.junit.platform.engine.support.hierarchical.NodeTestTask.lambda$executeRecursively$9(NodeTestTask.java:139)
	at org.junit.platform.engine.support.hierarchical.ThrowableCollector.execute(ThrowableCollector.java:73)
	at org.junit.platform.engine.support.hierarchical.NodeTestTask.executeRecursively(NodeTestTask.java:138)
	at org.junit.platform.engine.support.hierarchical.NodeTestTask.execute(NodeTestTask.java:95)
	at java.base/java.util.ArrayList.forEach(ArrayList.java:1511)
	at org.junit.platform.engine.support.hierarchical.SameThreadHierarchicalTestExecutorService.invokeAll(SameThreadHierarchicalTestExecutorService.java:41)
	at org.junit.platform.engine.support.hierarchical.NodeTestTask.lambda$executeRecursively$6(NodeTestTask.java:155)
	at org.junit.platform.engine.support.hierarchical.ThrowableCollector.execute(ThrowableCollector.java:73)
	at org.junit.platform.engine.support.hierarchical.NodeTestTask.lambda$executeRecursively$8(NodeTestTask.java:141)
	at org.junit.platform.engine.support.hierarchical.Node.around(Node.java:137)
	at org.junit.platform.engine.support.hierarchical.NodeTestTask.lambda$executeRecursively$9(NodeTestTask.java:139)
	at org.junit.platform.engine.support.hierarchical.ThrowableCollector.execute(ThrowableCollector.java:73)
	at org.junit.platform.engine.support.hierarchical.NodeTestTask.executeRecursively(NodeTestTask.java:138)
	at org.junit.platform.engine.support.hierarchical.NodeTestTask.execute(NodeTestTask.java:95)
	at org.junit.platform.engine.support.hierarchical.SameThreadHierarchicalTestExecutorService.submit(SameThreadHierarchicalTestExecutorService.java:35)
	at org.junit.platform.engine.support.hierarchical.HierarchicalTestExecutor.execute(HierarchicalTestExecutor.java:57)
	at org.junit.platform.engine.support.hierarchical.HierarchicalTestEngine.execute(HierarchicalTestEngine.java:54)
	at org.junit.platform.launcher.core.EngineExecutionOrchestrator.execute(EngineExecutionOrchestrator.java:198)
	at org.junit.platform.launcher.core.EngineExecutionOrchestrator.execute(EngineExecutionOrchestrator.java:169)
	at org.junit.platform.launcher.core.EngineExecutionOrchestrator.execute(EngineExecutionOrchestrator.java:93)
	at org.junit.platform.launcher.core.EngineExecutionOrchestrator.lambda$execute$0(EngineExecutionOrchestrator.java:58)
	at org.junit.platform.launcher.core.EngineExecutionOrchestrator.withInterceptedStreams(EngineExecutionOrchestrator.java:141)
	at org.junit.platform.launcher.core.EngineExecutionOrchestrator.execute(EngineExecutionOrchestrator.java:57)
	at org.junit.platform.launcher.core.DefaultLauncher.execute(DefaultLauncher.java:103)
	at org.junit.platform.launcher.core.DefaultLauncher.execute(DefaultLauncher.java:85)
	at org.junit.platform.launcher.core.DelegatingLauncher.execute(DelegatingLauncher.java:47)
	at org.junit.platform.launcher.core.SessionPerRequestLauncher.execute(SessionPerRequestLauncher.java:63)
	at org.apache.maven.surefire.junitplatform.JUnitPlatformProvider.invokeAllTests(JUnitPlatformProvider.java:154)
	at org.apache.maven.surefire.junitplatform.JUnitPlatformProvider.invoke(JUnitPlatformProvider.java:123)
	at org.apache.maven.surefire.booter.ForkedBooter.runSuitesInProcess(ForkedBooter.java:377)
	at org.apache.maven.surefire.booter.ForkedBooter.execute(ForkedBooter.java:138)
	at org.apache.maven.surefire.booter.ForkedBooter.run(ForkedBooter.java:465)
	at org.apache.maven.surefire.booter.ForkedBooter.main(ForkedBooter.java:451)
Caused by: org.apache.ratis.protocol.exceptions.TimeoutIOException: client-80370971E965->0b714aca-fc82-484b-9944-7b2ffbc45fbf request #29 timeout 3000ms
	at org.apache.ratis.grpc.client.GrpcClientProtocolClient$AsyncStreamObservers.lambda$timeoutCheck$5(GrpcClientProtocolClient.java:374)
	at java.base/java.util.Optional.ifPresent(Optional.java:178)
	at org.apache.ratis.grpc.client.GrpcClientProtocolClient$AsyncStreamObservers.handleReplyFuture(GrpcClientProtocolClient.java:378)
	at org.apache.ratis.grpc.client.GrpcClientProtocolClient$AsyncStreamObservers.timeoutCheck(GrpcClientProtocolClient.java:373)
	at org.apache.ratis.grpc.client.GrpcClientProtocolClient$AsyncStreamObservers.lambda$onNext$1(GrpcClientProtocolClient.java:362)
	at org.apache.ratis.util.TimeoutTimer.lambda$onTimeout$2(TimeoutTimer.java:101)
	at org.apache.ratis.util.LogUtils.runAndLog(LogUtils.java:38)
	at org.apache.ratis.util.LogUtils$1.run(LogUtils.java:78)
	at org.apache.ratis.util.TimeoutTimer$Task.run(TimeoutTimer.java:55)
	at java.base/java.util.TimerThread.mainLoop(Timer.java:566)
	at java.base/java.util.TimerThread.run(Timer.java:516)
2024-05-09 06:30:26,071 [EventQueue-PipelineActionsForPipelineActionHandler] INFO  pipeline.PipelineActionHandler (PipelineActionHandler.java:processPipelineAction(95)) - Received pipeline action CLOSE for PipelineID=a143d81d-e1da-48a4-b870-a6fad74b91c2 from datanode 0b714aca-fc82-484b-9944-7b2ffbc45fbf. Reason : 0b714aca-fc82-484b-9944-7b2ffbc45fbf has not seen follower/s 528b4752-3c7b-4991-99e9-89ee621f29a5 for 300234ms
2024-05-09 06:30:26,071 [EventQueue-PipelineActionsForPipelineActionHandler] INFO  pipeline.PipelineActionHandler (PipelineActionHandler.java:processPipelineAction(95)) - Received pipeline action CLOSE for PipelineID=876e6361-94bf-493c-a223-711d46114548 from datanode 0b714aca-fc82-484b-9944-7b2ffbc45fbf. Reason : 0b714aca-fc82-484b-9944-7b2ffbc45fbf has not seen follower/s 528b4752-3c7b-4991-99e9-89ee621f29a5 for 301831ms
2024-05-09 06:30:26,075 [EventQueue-PipelineActionsForPipelineActionHandler] INFO  pipeline.PipelineActionHandler (PipelineActionHandler.java:processPipelineAction(95)) - Received pipeline action CLOSE for PipelineID=a143d81d-e1da-48a4-b870-a6fad74b91c2 from datanode 0b714aca-fc82-484b-9944-7b2ffbc45fbf. Reason : 0b714aca-fc82-484b-9944-7b2ffbc45fbf has not seen follower/s 528b4752-3c7b-4991-99e9-89ee621f29a5 for 300234ms
2024-05-09 06:30:26,075 [EventQueue-PipelineActionsForPipelineActionHandler] INFO  pipeline.PipelineActionHandler (PipelineActionHandler.java:processPipelineAction(95)) - Received pipeline action CLOSE for PipelineID=876e6361-94bf-493c-a223-711d46114548 from datanode 0b714aca-fc82-484b-9944-7b2ffbc45fbf. Reason : 0b714aca-fc82-484b-9944-7b2ffbc45fbf has not seen follower/s 528b4752-3c7b-4991-99e9-89ee621f29a5 for 301831ms
2024-05-09 06:30:26,077 [grpc-default-executor-11] WARN  server.GrpcLogAppender (LogUtils.java:warn(121)) - 0b714aca-fc82-484b-9944-7b2ffbc45fbf@group-711D46114548->528b4752-3c7b-4991-99e9-89ee621f29a5-AppendLogResponseHandler: Failed appendEntries: org.apache.ratis.thirdparty.io.grpc.StatusRuntimeException: UNAVAILABLE: io exception
2024-05-09 06:30:26,077 [grpc-default-executor-10] WARN  server.GrpcLogAppender (GrpcLogAppender.java:lambda$resetClient$1(217)) - 0b714aca-fc82-484b-9944-7b2ffbc45fbf@group-711D46114548->528b4752-3c7b-4991-99e9-89ee621f29a5-GrpcLogAppender: Follower failed (request=null, errorCount=137); keep nextIndex (9) unchanged and retry.
2024-05-09 06:30:26,078 [grpc-default-executor-10] WARN  server.GrpcLogAppender (GrpcLogAppender.java:lambda$resetClient$1(217)) - 0b714aca-fc82-484b-9944-7b2ffbc45fbf@group-711D46114548->5b847746-75e9-42bf-94b1-858a537db9cd-GrpcLogAppender: Follower failed (request=null, errorCount=13); keep nextIndex (10) unchanged and retry.
2024-05-09 06:30:26,078 [0b714aca-fc82-484b-9944-7b2ffbc45fbf@group-711D46114548->528b4752-3c7b-4991-99e9-89ee621f29a5-GrpcLogAppender-LogAppenderDaemon] ERROR ratis.XceiverServerRatis (XceiverServerRatis.java:triggerPipelineClose(777)) - pipeline Action CLOSE on pipeline PipelineID=876e6361-94bf-493c-a223-711d46114548.Reason : 0b714aca-fc82-484b-9944-7b2ffbc45fbf has not seen follower/s 528b4752-3c7b-4991-99e9-89ee621f29a5 for 305840ms
2024-05-09 06:30:26,565 [null-request--thread2] INFO  server.GrpcClientProtocolService (GrpcClientProtocolService.java:lambda$processClientRequest$0(284)) - Failed RaftClientRequest:client-80370971E965->0b714aca-fc82-484b-9944-7b2ffbc45fbf@group-711D46114548, cid=29, seq=null, Watch-ALL_COMMITTED(104), Message:<EMPTY>, reply=RaftClientReply:client-80370971E965->0b714aca-fc82-484b-9944-7b2ffbc45fbf@group-711D46114548, cid=29, FAILED org.apache.ratis.protocol.exceptions.NotReplicatedException: Request with call Id 29 and log index 104 is not yet replicated to ALL_COMMITTED, logIndex=104, commits[0b714aca-fc82-484b-9944-7b2ffbc45fbf:c8, 528b4752-3c7b-4991-99e9-89ee621f29a5:c4, 5b847746-75e9-42bf-94b1-858a537db9cd:c8]
2024-05-09 06:30:27,046 [0b714aca-fc82-484b-9944-7b2ffbc45fbf@group-A6FAD74B91C2-LeaderStateImpl] WARN  server.RaftServer$Division (LeaderStateImpl.java:checkLeadership(1107)) - 0b714aca-fc82-484b-9944-7b2ffbc45fbf@group-A6FAD74B91C2-LeaderStateImpl: Lost leadership on term: 2. Election timeout: 5200ms. In charge for: 301631ms. Conf: 0: peers:[0b714aca-fc82-484b-9944-7b2ffbc45fbf|127.0.0.1:15067, 528b4752-3c7b-4991-99e9-89ee621f29a5|127.0.0.1:15085, 5b847746-75e9-42bf-94b1-858a537db9cd|127.0.0.1:15076]|listeners:[], old=null
2024-05-09 06:30:27,047 [0b714aca-fc82-484b-9944-7b2ffbc45fbf@group-A6FAD74B91C2-LeaderStateImpl] WARN  server.RaftServer$Division (LeaderStateImpl.java:lambda$checkLeadership$21(1111)) - Follower 0b714aca-fc82-484b-9944-7b2ffbc45fbf@group-A6FAD74B91C2->528b4752-3c7b-4991-99e9-89ee621f29a5(c-1,m-1,n1, caughtUp=true, lastRpcSendTime=6602, lastRpcResponseTime=306831)
2024-05-09 06:30:27,047 [0b714aca-fc82-484b-9944-7b2ffbc45fbf@group-A6FAD74B91C2-LeaderStateImpl] WARN  server.RaftServer$Division (LeaderStateImpl.java:lambda$checkLeadership$21(1111)) - Follower 0b714aca-fc82-484b-9944-7b2ffbc45fbf@group-A6FAD74B91C2->5b847746-75e9-42bf-94b1-858a537db9cd(c0,m0,n1, caughtUp=true, lastRpcSendTime=76, lastRpcResponseTime=8899)
2024-05-09 06:30:27,047 [0b714aca-fc82-484b-9944-7b2ffbc45fbf@group-A6FAD74B91C2-LeaderStateImpl] INFO  server.RaftServer$Division (RaftServerImpl.java:setRole(383)) - 0b714aca-fc82-484b-9944-7b2ffbc45fbf@group-A6FAD74B91C2: changes role from    LEADER to FOLLOWER at term 2 for StepDownReason:LOST_MAJORITY_HEARTBEATS
2024-05-09 06:30:27,047 [0b714aca-fc82-484b-9944-7b2ffbc45fbf@group-A6FAD74B91C2-LeaderStateImpl] INFO  impl.RoleInfo (RoleInfo.java:shutdownLeaderState(94)) - 0b714aca-fc82-484b-9944-7b2ffbc45fbf: shutdown 0b714aca-fc82-484b-9944-7b2ffbc45fbf@group-A6FAD74B91C2-LeaderStateImpl
2024-05-09 06:30:27,047 [0b714aca-fc82-484b-9944-7b2ffbc45fbf@group-A6FAD74B91C2->528b4752-3c7b-4991-99e9-89ee621f29a5-GrpcLogAppender-LogAppenderDaemon] WARN  server.GrpcLogAppender (GrpcLogAppender.java:mayWait(289)) - 0b714aca-fc82-484b-9944-7b2ffbc45fbf@group-A6FAD74B91C2->528b4752-3c7b-4991-99e9-89ee621f29a5-GrpcLogAppender: Wait interrupted by java.lang.InterruptedException
2024-05-09 06:30:27,047 [0b714aca-fc82-484b-9944-7b2ffbc45fbf@group-A6FAD74B91C2->5b847746-75e9-42bf-94b1-858a537db9cd-GrpcLogAppender-LogAppenderDaemon] WARN  server.GrpcLogAppender (GrpcLogAppender.java:mayWait(289)) - 0b714aca-fc82-484b-9944-7b2ffbc45fbf@group-A6FAD74B91C2->5b847746-75e9-42bf-94b1-858a537db9cd-GrpcLogAppender: Wait interrupted by java.lang.InterruptedException
2024-05-09 06:30:27,047 [0b714aca-fc82-484b-9944-7b2ffbc45fbf@group-A6FAD74B91C2-LeaderStateImpl] INFO  impl.PendingRequests (PendingRequests.java:sendNotLeaderResponses(289)) - 0b714aca-fc82-484b-9944-7b2ffbc45fbf@group-A6FAD74B91C2-PendingRequests: sendNotLeaderResponses
2024-05-09 06:30:27,048 [0b714aca-fc82-484b-9944-7b2ffbc45fbf@group-A6FAD74B91C2-LeaderStateImpl] INFO  server.RaftServer$Division (ServerState.java:setLeader(269)) - 0b714aca-fc82-484b-9944-7b2ffbc45fbf@group-A6FAD74B91C2: change Leader from 0b714aca-fc82-484b-9944-7b2ffbc45fbf to null at term 2 for StepDownReason:LOST_MAJORITY_HEARTBEATS
2024-05-09 06:30:27,048 [0b714aca-fc82-484b-9944-7b2ffbc45fbf@group-A6FAD74B91C2-LeaderStateImpl] INFO  impl.RoleInfo (RoleInfo.java:updateAndGet(139)) - 0b714aca-fc82-484b-9944-7b2ffbc45fbf: start 0b714aca-fc82-484b-9944-7b2ffbc45fbf@group-A6FAD74B91C2-FollowerState
2024-05-09 06:30:27,075 [EventQueue-PipelineActionsForPipelineActionHandler] INFO  pipeline.PipelineActionHandler (PipelineActionHandler.java:processPipelineAction(95)) - Received pipeline action CLOSE for PipelineID=a143d81d-e1da-48a4-b870-a6fad74b91c2 from datanode 0b714aca-fc82-484b-9944-7b2ffbc45fbf. Reason : 0b714aca-fc82-484b-9944-7b2ffbc45fbf has not seen follower/s 528b4752-3c7b-4991-99e9-89ee621f29a5 for 300234ms
2024-05-09 06:30:27,075 [EventQueue-PipelineActionsForPipelineActionHandler] INFO  pipeline.PipelineActionHandler (PipelineActionHandler.java:processPipelineAction(95)) - Received pipeline action CLOSE for PipelineID=876e6361-94bf-493c-a223-711d46114548 from datanode 0b714aca-fc82-484b-9944-7b2ffbc45fbf. Reason : 0b714aca-fc82-484b-9944-7b2ffbc45fbf has not seen follower/s 528b4752-3c7b-4991-99e9-89ee621f29a5 for 301831ms
2024-05-09 06:30:28,075 [EventQueue-PipelineActionsForPipelineActionHandler] INFO  pipeline.PipelineActionHandler (PipelineActionHandler.java:processPipelineAction(95)) - Received pipeline action CLOSE for PipelineID=a143d81d-e1da-48a4-b870-a6fad74b91c2 from datanode 0b714aca-fc82-484b-9944-7b2ffbc45fbf. Reason : 0b714aca-fc82-484b-9944-7b2ffbc45fbf has not seen follower/s 528b4752-3c7b-4991-99e9-89ee621f29a5 for 300234ms
2024-05-09 06:30:28,075 [EventQueue-PipelineActionsForPipelineActionHandler] INFO  pipeline.PipelineActionHandler (PipelineActionHandler.java:processPipelineAction(95)) - Received pipeline action CLOSE for PipelineID=876e6361-94bf-493c-a223-711d46114548 from datanode 0b714aca-fc82-484b-9944-7b2ffbc45fbf. Reason : 0b714aca-fc82-484b-9944-7b2ffbc45fbf has not seen follower/s 528b4752-3c7b-4991-99e9-89ee621f29a5 for 301831ms
2024-05-09 06:30:28,997 [main] WARN  storage.AbstractCommitWatcher (AbstractCommitWatcher.java:getIOExceptionForWatchForCommit(180)) - watchForCommit failed for index 104
java.util.concurrent.ExecutionException: org.apache.ratis.protocol.exceptions.TimeoutIOException: client-80370971E965->0b714aca-fc82-484b-9944-7b2ffbc45fbf request #30 timeout 3000ms
	at java.base/java.util.concurrent.CompletableFuture.reportGet(CompletableFuture.java:396)
	at java.base/java.util.concurrent.CompletableFuture.get(CompletableFuture.java:2073)
	at org.apache.hadoop.hdds.scm.XceiverClientRatis.watchForCommit(XceiverClientRatis.java:293)
	at org.apache.hadoop.hdds.scm.storage.AbstractCommitWatcher.watchForCommit(AbstractCommitWatcher.java:142)
	at org.apache.hadoop.hdds.scm.storage.TestCommitWatcher.lambda$testReleaseBuffersOnException$2(TestCommitWatcher.java:311)
	at org.junit.jupiter.api.AssertThrows.assertThrows(AssertThrows.java:53)
	at org.junit.jupiter.api.AssertThrows.assertThrows(AssertThrows.java:35)
	at org.junit.jupiter.api.Assertions.assertThrows(Assertions.java:3115)
	at org.apache.hadoop.hdds.scm.storage.TestCommitWatcher.testReleaseBuffersOnException(TestCommitWatcher.java:311)
	at java.base/jdk.internal.reflect.NativeMethodAccessorImpl.invoke0(Native Method)
	at java.base/jdk.internal.reflect.NativeMethodAccessorImpl.invoke(NativeMethodAccessorImpl.java:77)
	at java.base/jdk.internal.reflect.DelegatingMethodAccessorImpl.invoke(DelegatingMethodAccessorImpl.java:43)
	at java.base/java.lang.reflect.Method.invoke(Method.java:568)
	at org.junit.platform.commons.util.ReflectionUtils.invokeMethod(ReflectionUtils.java:728)
	at org.junit.jupiter.engine.execution.MethodInvocation.proceed(MethodInvocation.java:60)
	at org.junit.jupiter.engine.execution.InvocationInterceptorChain$ValidatingInvocation.proceed(InvocationInterceptorChain.java:131)
	at org.junit.jupiter.engine.extension.SameThreadTimeoutInvocation.proceed(SameThreadTimeoutInvocation.java:45)
	at org.junit.jupiter.engine.extension.TimeoutExtension.intercept(TimeoutExtension.java:156)
	at org.junit.jupiter.engine.extension.TimeoutExtension.interceptTestableMethod(TimeoutExtension.java:147)
	at org.junit.jupiter.engine.extension.TimeoutExtension.interceptTestMethod(TimeoutExtension.java:86)
	at org.junit.jupiter.engine.execution.InterceptingExecutableInvoker$ReflectiveInterceptorCall.lambda$ofVoidMethod$0(InterceptingExecutableInvoker.java:103)
	at org.junit.jupiter.engine.execution.InterceptingExecutableInvoker.lambda$invoke$0(InterceptingExecutableInvoker.java:93)
	at org.junit.jupiter.engine.execution.InvocationInterceptorChain$InterceptedInvocation.proceed(InvocationInterceptorChain.java:106)
	at org.junit.jupiter.engine.execution.InvocationInterceptorChain.proceed(InvocationInterceptorChain.java:64)
	at org.junit.jupiter.engine.execution.InvocationInterceptorChain.chainAndInvoke(InvocationInterceptorChain.java:45)
	at org.junit.jupiter.engine.execution.InvocationInterceptorChain.invoke(InvocationInterceptorChain.java:37)
	at org.junit.jupiter.engine.execution.InterceptingExecutableInvoker.invoke(InterceptingExecutableInvoker.java:92)
	at org.junit.jupiter.engine.execution.InterceptingExecutableInvoker.invoke(InterceptingExecutableInvoker.java:86)
	at org.junit.jupiter.engine.descriptor.TestMethodTestDescriptor.lambda$invokeTestMethod$7(TestMethodTestDescriptor.java:218)
	at org.junit.platform.engine.support.hierarchical.ThrowableCollector.execute(ThrowableCollector.java:73)
	at org.junit.jupiter.engine.descriptor.TestMethodTestDescriptor.invokeTestMethod(TestMethodTestDescriptor.java:214)
	at org.junit.jupiter.engine.descriptor.TestMethodTestDescriptor.execute(TestMethodTestDescriptor.java:139)
	at org.junit.jupiter.engine.descriptor.TestMethodTestDescriptor.execute(TestMethodTestDescriptor.java:69)
	at org.junit.platform.engine.support.hierarchical.NodeTestTask.lambda$executeRecursively$6(NodeTestTask.java:151)
	at org.junit.platform.engine.support.hierarchical.ThrowableCollector.execute(ThrowableCollector.java:73)
	at org.junit.platform.engine.support.hierarchical.NodeTestTask.lambda$executeRecursively$8(NodeTestTask.java:141)
	at org.junit.platform.engine.support.hierarchical.Node.around(Node.java:137)
	at org.junit.platform.engine.support.hierarchical.NodeTestTask.lambda$executeRecursively$9(NodeTestTask.java:139)
	at org.junit.platform.engine.support.hierarchical.ThrowableCollector.execute(ThrowableCollector.java:73)
	at org.junit.platform.engine.support.hierarchical.NodeTestTask.executeRecursively(NodeTestTask.java:138)
	at org.junit.platform.engine.support.hierarchical.NodeTestTask.execute(NodeTestTask.java:95)
	at java.base/java.util.ArrayList.forEach(ArrayList.java:1511)
	at org.junit.platform.engine.support.hierarchical.SameThreadHierarchicalTestExecutorService.invokeAll(SameThreadHierarchicalTestExecutorService.java:41)
	at org.junit.platform.engine.support.hierarchical.NodeTestTask.lambda$executeRecursively$6(NodeTestTask.java:155)
	at org.junit.platform.engine.support.hierarchical.ThrowableCollector.execute(ThrowableCollector.java:73)
	at org.junit.platform.engine.support.hierarchical.NodeTestTask.lambda$executeRecursively$8(NodeTestTask.java:141)
	at org.junit.platform.engine.support.hierarchical.Node.around(Node.java:137)
	at org.junit.platform.engine.support.hierarchical.NodeTestTask.lambda$executeRecursively$9(NodeTestTask.java:139)
	at org.junit.platform.engine.support.hierarchical.ThrowableCollector.execute(ThrowableCollector.java:73)
	at org.junit.platform.engine.support.hierarchical.NodeTestTask.executeRecursively(NodeTestTask.java:138)
	at org.junit.platform.engine.support.hierarchical.NodeTestTask.execute(NodeTestTask.java:95)
	at java.base/java.util.ArrayList.forEach(ArrayList.java:1511)
	at org.junit.platform.engine.support.hierarchical.SameThreadHierarchicalTestExecutorService.invokeAll(SameThreadHierarchicalTestExecutorService.java:41)
	at org.junit.platform.engine.support.hierarchical.NodeTestTask.lambda$executeRecursively$6(NodeTestTask.java:155)
	at org.junit.platform.engine.support.hierarchical.ThrowableCollector.execute(ThrowableCollector.java:73)
	at org.junit.platform.engine.support.hierarchical.NodeTestTask.lambda$executeRecursively$8(NodeTestTask.java:141)
	at org.junit.platform.engine.support.hierarchical.Node.around(Node.java:137)
	at org.junit.platform.engine.support.hierarchical.NodeTestTask.lambda$executeRecursively$9(NodeTestTask.java:139)
	at org.junit.platform.engine.support.hierarchical.ThrowableCollector.execute(ThrowableCollector.java:73)
	at org.junit.platform.engine.support.hierarchical.NodeTestTask.executeRecursively(NodeTestTask.java:138)
	at org.junit.platform.engine.support.hierarchical.NodeTestTask.execute(NodeTestTask.java:95)
	at org.junit.platform.engine.support.hierarchical.SameThreadHierarchicalTestExecutorService.submit(SameThreadHierarchicalTestExecutorService.java:35)
	at org.junit.platform.engine.support.hierarchical.HierarchicalTestExecutor.execute(HierarchicalTestExecutor.java:57)
	at org.junit.platform.engine.support.hierarchical.HierarchicalTestEngine.execute(HierarchicalTestEngine.java:54)
	at org.junit.platform.launcher.core.EngineExecutionOrchestrator.execute(EngineExecutionOrchestrator.java:198)
	at org.junit.platform.launcher.core.EngineExecutionOrchestrator.execute(EngineExecutionOrchestrator.java:169)
	at org.junit.platform.launcher.core.EngineExecutionOrchestrator.execute(EngineExecutionOrchestrator.java:93)
	at org.junit.platform.launcher.core.EngineExecutionOrchestrator.lambda$execute$0(EngineExecutionOrchestrator.java:58)
	at org.junit.platform.launcher.core.EngineExecutionOrchestrator.withInterceptedStreams(EngineExecutionOrchestrator.java:141)
	at org.junit.platform.launcher.core.EngineExecutionOrchestrator.execute(EngineExecutionOrchestrator.java:57)
	at org.junit.platform.launcher.core.DefaultLauncher.execute(DefaultLauncher.java:103)
	at org.junit.platform.launcher.core.DefaultLauncher.execute(DefaultLauncher.java:85)
	at org.junit.platform.launcher.core.DelegatingLauncher.execute(DelegatingLauncher.java:47)
	at org.junit.platform.launcher.core.SessionPerRequestLauncher.execute(SessionPerRequestLauncher.java:63)
	at org.apache.maven.surefire.junitplatform.JUnitPlatformProvider.invokeAllTests(JUnitPlatformProvider.java:154)
	at org.apache.maven.surefire.junitplatform.JUnitPlatformProvider.invoke(JUnitPlatformProvider.java:123)
	at org.apache.maven.surefire.booter.ForkedBooter.runSuitesInProcess(ForkedBooter.java:377)
	at org.apache.maven.surefire.booter.ForkedBooter.execute(ForkedBooter.java:138)
	at org.apache.maven.surefire.booter.ForkedBooter.run(ForkedBooter.java:465)
	at org.apache.maven.surefire.booter.ForkedBooter.main(ForkedBooter.java:451)
Caused by: org.apache.ratis.protocol.exceptions.TimeoutIOException: client-80370971E965->0b714aca-fc82-484b-9944-7b2ffbc45fbf request #30 timeout 3000ms
	at org.apache.ratis.grpc.client.GrpcClientProtocolClient$AsyncStreamObservers.lambda$timeoutCheck$5(GrpcClientProtocolClient.java:374)
	at java.base/java.util.Optional.ifPresent(Optional.java:178)
	at org.apache.ratis.grpc.client.GrpcClientProtocolClient$AsyncStreamObservers.handleReplyFuture(GrpcClientProtocolClient.java:378)
	at org.apache.ratis.grpc.client.GrpcClientProtocolClient$AsyncStreamObservers.timeoutCheck(GrpcClientProtocolClient.java:373)
	at org.apache.ratis.grpc.client.GrpcClientProtocolClient$AsyncStreamObservers.lambda$onNext$1(GrpcClientProtocolClient.java:362)
	at org.apache.ratis.util.TimeoutTimer.lambda$onTimeout$2(TimeoutTimer.java:101)
	at org.apache.ratis.util.LogUtils.runAndLog(LogUtils.java:38)
	at org.apache.ratis.util.LogUtils$1.run(LogUtils.java:78)
	at org.apache.ratis.util.TimeoutTimer$Task.run(TimeoutTimer.java:55)
	at java.base/java.util.TimerThread.mainLoop(Timer.java:566)
	at java.base/java.util.TimerThread.run(Timer.java:516)
2024-05-09 06:30:29,075 [EventQueue-PipelineActionsForPipelineActionHandler] INFO  pipeline.PipelineActionHandler (PipelineActionHandler.java:processPipelineAction(95)) - Received pipeline action CLOSE for PipelineID=a143d81d-e1da-48a4-b870-a6fad74b91c2 from datanode 0b714aca-fc82-484b-9944-7b2ffbc45fbf. Reason : 0b714aca-fc82-484b-9944-7b2ffbc45fbf has not seen follower/s 528b4752-3c7b-4991-99e9-89ee621f29a5 for 300234ms
2024-05-09 06:30:29,075 [EventQueue-PipelineActionsForPipelineActionHandler] INFO  pipeline.PipelineActionHandler (PipelineActionHandler.java:processPipelineAction(95)) - Received pipeline action CLOSE for PipelineID=876e6361-94bf-493c-a223-711d46114548 from datanode 0b714aca-fc82-484b-9944-7b2ffbc45fbf. Reason : 0b714aca-fc82-484b-9944-7b2ffbc45fbf has not seen follower/s 528b4752-3c7b-4991-99e9-89ee621f29a5 for 301831ms
2024-05-09 06:30:29,563 [null-request--thread2] INFO  server.GrpcClientProtocolService (GrpcClientProtocolService.java:lambda$processClientRequest$0(284)) - Failed RaftClientRequest:client-80370971E965->0b714aca-fc82-484b-9944-7b2ffbc45fbf@group-711D46114548, cid=30, seq=null, Watch-MAJORITY_COMMITTED(104), Message:<EMPTY>, reply=RaftClientReply:client-80370971E965->0b714aca-fc82-484b-9944-7b2ffbc45fbf@group-711D46114548, cid=30, FAILED org.apache.ratis.protocol.exceptions.NotReplicatedException: Request with call Id 30 and log index 104 is not yet replicated to MAJORITY_COMMITTED, logIndex=104, commits[0b714aca-fc82-484b-9944-7b2ffbc45fbf:c8, 528b4752-3c7b-4991-99e9-89ee621f29a5:c4, 5b847746-75e9-42bf-94b1-858a537db9cd:c8]
2024-05-09 06:30:29,567 [main] INFO  ozone.MiniOzoneClusterImpl (MiniOzoneClusterImpl.java:shutdown(396)) - Shutting down the Mini Ozone Cluster
2024-05-09 06:30:29,567 [main] INFO  db.CodecTestUtil (CodecTestUtil.java:gc(50)) - gc 0
2024-05-09 06:30:29,729 [main] INFO  ozone.MiniOzoneClusterImpl (MiniOzoneClusterImpl.java:stop(412)) - Stopping the Mini Ozone Cluster
2024-05-09 06:30:29,729 [main] INFO  om.OzoneManager (OzoneManager.java:stop(2232)) - om1[localhost:15057]: Stopping Ozone Manager
2024-05-09 06:30:29,729 [main] INFO  ipc.Server (Server.java:stop(3523)) - Stopping server on 15057
2024-05-09 06:30:29,730 [IPC Server Responder] INFO  ipc.Server (Server.java:run(1567)) - Stopping IPC Server Responder
2024-05-09 06:30:29,730 [main] INFO  ratis.OzoneManagerRatisServer (OzoneManagerRatisServer.java:stop(594)) - Stopping org.apache.hadoop.ozone.om.ratis.OzoneManagerRatisServer@5ae9ea0a at port 15060
2024-05-09 06:30:29,730 [main] INFO  server.RaftServer (RaftServerProxy.java:lambda$close$9(416)) - om1: close
2024-05-09 06:30:29,730 [main] INFO  server.GrpcService (GrpcService.java:closeImpl(311)) - om1: shutdown server GrpcServerProtocolService now
2024-05-09 06:30:29,730 [IPC Server listener on 15057] INFO  ipc.Server (Server.java:run(1434)) - Stopping IPC Server listener on 15057
2024-05-09 06:30:29,731 [om1-impl-thread2] INFO  server.RaftServer$Division (RaftServerImpl.java:lambda$close$3(526)) - om1@group-C5BA1605619E: shutdown
2024-05-09 06:30:29,731 [om1-impl-thread2] INFO  util.JmxRegister (JmxRegister.java:unregister(73)) - Successfully un-registered JMX Bean with object name Ratis:service=RaftServer,group=group-C5BA1605619E,id=om1
2024-05-09 06:30:29,731 [om1-impl-thread2] INFO  impl.RoleInfo (RoleInfo.java:shutdownLeaderState(94)) - om1: shutdown om1@group-C5BA1605619E-LeaderStateImpl
2024-05-09 06:30:29,732 [om1-impl-thread2] INFO  impl.PendingRequests (PendingRequests.java:sendNotLeaderResponses(289)) - om1@group-C5BA1605619E-PendingRequests: sendNotLeaderResponses
2024-05-09 06:30:29,732 [main] INFO  server.GrpcService (GrpcService.java:closeImpl(320)) - om1: shutdown server GrpcServerProtocolService successfully
2024-05-09 06:30:29,732 [om1-impl-thread2] INFO  impl.StateMachineUpdater (StateMachineUpdater.java:stopAndJoin(157)) - om1@group-C5BA1605619E-StateMachineUpdater: set stopIndex = 4
2024-05-09 06:30:29,732 [om1@group-C5BA1605619E-StateMachineUpdater] INFO  ratis.OzoneManagerStateMachine (OzoneManagerStateMachine.java:takeSnapshotImpl(481)) -  applied = (t:1, i:4)
2024-05-09 06:30:29,732 [om1@group-C5BA1605619E-StateMachineUpdater] INFO  ratis.OzoneManagerStateMachine (OzoneManagerStateMachine.java:takeSnapshotImpl(482)) -  skipped = 3
2024-05-09 06:30:29,733 [om1@group-C5BA1605619E-StateMachineUpdater] INFO  ratis.OzoneManagerStateMachine (OzoneManagerStateMachine.java:takeSnapshotImpl(483)) - notified = (t:1, i:4)
2024-05-09 06:30:29,733 [om1@group-C5BA1605619E-StateMachineUpdater] INFO  ratis.OzoneManagerStateMachine (OzoneManagerStateMachine.java:takeSnapshotImpl(484)) - snapshot = (t:1, i:4)
2024-05-09 06:30:29,744 [om1@group-C5BA1605619E-StateMachineUpdater] INFO  impl.StateMachineUpdater (StateMachineUpdater.java:takeSnapshot(295)) - om1@group-C5BA1605619E-StateMachineUpdater: Took a snapshot at index 4
2024-05-09 06:30:29,745 [om1@group-C5BA1605619E-StateMachineUpdater] INFO  impl.StateMachineUpdater (StateMachineUpdater.java:lambda$new$0(98)) - om1@group-C5BA1605619E-StateMachineUpdater: snapshotIndex: updateIncreasingly -1 -> 4
2024-05-09 06:30:29,745 [om1@group-C5BA1605619E-StateMachineUpdater] INFO  ratis.OzoneManagerStateMachine (OzoneManagerStateMachine.java:close(527)) - Stopping OzoneManagerStateMachine:om1:group-C5BA1605619E.
2024-05-09 06:30:29,745 [om1@group-C5BA1605619E-StateMachineUpdater] INFO  ratis.OzoneManagerDoubleBuffer (OzoneManagerDoubleBuffer.java:stopDaemon(517)) - Stopping OMDoubleBuffer flush thread
2024-05-09 06:30:29,745 [om1-OMDoubleBufferFlushThread] INFO  ratis.OzoneManagerDoubleBuffer (OzoneManagerDoubleBuffer.java:canFlush(581)) - OMDoubleBuffer flush thread om1-OMDoubleBufferFlushThread is interrupted and will exit.
2024-05-09 06:30:29,745 [om1-impl-thread2] INFO  server.RaftServer$Division (ServerState.java:close(427)) - om1@group-C5BA1605619E: applyIndex: 4
2024-05-09 06:30:29,745 [om1@group-C5BA1605619E-cacheEviction-AwaitToRun] INFO  util.AwaitToRun (AwaitToRun.java:run(49)) - om1@group-C5BA1605619E-cacheEviction-AwaitToRun-AwaitForSignal is interrupted
2024-05-09 06:30:30,074 [EventQueue-PipelineActionsForPipelineActionHandler] INFO  pipeline.PipelineActionHandler (PipelineActionHandler.java:processPipelineAction(95)) - Received pipeline action CLOSE for PipelineID=a143d81d-e1da-48a4-b870-a6fad74b91c2 from datanode 0b714aca-fc82-484b-9944-7b2ffbc45fbf. Reason : 0b714aca-fc82-484b-9944-7b2ffbc45fbf has not seen follower/s 528b4752-3c7b-4991-99e9-89ee621f29a5 for 300234ms
2024-05-09 06:30:30,074 [EventQueue-PipelineActionsForPipelineActionHandler] INFO  pipeline.PipelineActionHandler (PipelineActionHandler.java:processPipelineAction(95)) - Received pipeline action CLOSE for PipelineID=876e6361-94bf-493c-a223-711d46114548 from datanode 0b714aca-fc82-484b-9944-7b2ffbc45fbf. Reason : 0b714aca-fc82-484b-9944-7b2ffbc45fbf has not seen follower/s 528b4752-3c7b-4991-99e9-89ee621f29a5 for 301831ms
2024-05-09 06:30:30,153 [om1-impl-thread2] INFO  segmented.SegmentedRaftLogWorker (SegmentedRaftLogWorker.java:close(245)) - om1@group-C5BA1605619E-SegmentedRaftLogWorker close()
2024-05-09 06:30:30,153 [JvmPauseMonitor8] INFO  util.JvmPauseMonitor (JvmPauseMonitor.java:run(152)) - JvmPauseMonitor-om1: Stopped
2024-05-09 06:30:30,153 [main] INFO  utils.BackgroundService (BackgroundService.java:shutdown(160)) - Shutting down service KeyDeletingService
2024-05-09 06:30:30,153 [main] INFO  utils.BackgroundService (BackgroundService.java:shutdown(160)) - Shutting down service DirectoryDeletingService
2024-05-09 06:30:30,153 [main] INFO  utils.BackgroundService (BackgroundService.java:shutdown(160)) - Shutting down service OpenKeyCleanupService
2024-05-09 06:30:30,154 [main] INFO  utils.BackgroundService (BackgroundService.java:shutdown(160)) - Shutting down service SstFilteringService
2024-05-09 06:30:30,154 [main] INFO  utils.BackgroundService (BackgroundService.java:shutdown(160)) - Shutting down service SnapshotDeletingService
2024-05-09 06:30:30,154 [main] INFO  utils.BackgroundService (BackgroundService.java:shutdown(160)) - Shutting down service MultipartUploadCleanupService
2024-05-09 06:30:30,154 [main] INFO  utils.BackgroundService (BackgroundService.java:shutdown(160)) - Shutting down service SnapshotDirectoryCleaningService
2024-05-09 06:30:30,155 [main] INFO  handler.ContextHandler (ContextHandler.java:doStop(1159)) - Stopped o.e.j.w.WebAppContext@67fc98fe{ozoneManager,/,null,STOPPED}{file:/home/runner/work/ozone/ozone/hadoop-ozone/integration-test/target/test-classes/webapps/ozoneManager}
2024-05-09 06:30:30,155 [main] INFO  server.AbstractConnector (AbstractConnector.java:doStop(383)) - Stopped ServerConnector@2f930be7{HTTP/1.1, (http/1.1)}{0.0.0.0:15058}
2024-05-09 06:30:30,155 [main] INFO  server.session (HouseKeeper.java:stopScavenging(149)) - node0 Stopped scavenging
2024-05-09 06:30:30,156 [main] INFO  handler.ContextHandler (ContextHandler.java:doStop(1159)) - Stopped o.e.j.s.ServletContextHandler@7746ae18{static,/static,file:///home/runner/work/ozone/ozone/hadoop-ozone/integration-test/target/test-classes/webapps/static,STOPPED}
2024-05-09 06:30:30,156 [main] INFO  handler.ContextHandler (ContextHandler.java:doStop(1159)) - Stopped o.e.j.s.ServletContextHandler@64f0271e{logs,/logs,file:///home/runner/work/ozone/ozone/hadoop-ozone/integration-test/target/log,STOPPED}
2024-05-09 06:30:30,156 [main] INFO  rocksdiff.RocksDBCheckpointDiffer (RocksDBCheckpointDiffer.java:close(309)) - Shutting down CompactionDagPruningService.
2024-05-09 06:30:30,158 [main] INFO  snapshot.SnapshotDiffManager (SnapshotDiffManager.java:closeExecutorService(1657)) - Shutting down executorService: 'SnapDiffExecutor'
2024-05-09 06:30:30,158 [main] INFO  utils.BackgroundService (BackgroundService.java:shutdown(160)) - Shutting down service SnapshotDiffCleanupService
2024-05-09 06:30:30,159 [main] INFO  ozone.MiniOzoneClusterImpl (MiniOzoneClusterImpl.java:stopDatanodes(471)) - Stopping the HddsDatanodes
2024-05-09 06:30:30,160 [main] INFO  ozoneimpl.OzoneContainer (OzoneContainer.java:stop(481)) - Attempting to stop container services.
2024-05-09 06:30:30,160 [ContainerMetadataScanner] WARN  ozoneimpl.AbstractBackgroundContainerScanner (AbstractBackgroundContainerScanner.java:handleRemainingSleep(134)) - Background container scan was interrupted.
2024-05-09 06:30:30,160 [ContainerMetadataScanner] INFO  ozoneimpl.AbstractBackgroundContainerScanner (AbstractBackgroundContainerScanner.java:run(61)) - Thread[ContainerMetadataScanner,5,main] exiting.
2024-05-09 06:30:30,161 [main] INFO  ozoneimpl.BackgroundContainerDataScanner (BackgroundContainerDataScanner.java:shutdown(141)) - ContainerDataScanner(/home/runner/work/ozone/ozone/hadoop-ozone/integration-test/target/test-dir/MiniOzoneClusterImpl-48ce40b1-13f8-460b-b529-5aa00ab75c3e/ozone-meta/datanode-5/data-0/hdds) is shutting down. 
2024-05-09 06:30:30,161 [ContainerDataScanner(/home/runner/work/ozone/ozone/hadoop-ozone/integration-test/target/test-dir/MiniOzoneClusterImpl-48ce40b1-13f8-460b-b529-5aa00ab75c3e/ozone-meta/datanode-5/data-0/hdds)] WARN  ozoneimpl.AbstractBackgroundContainerScanner (AbstractBackgroundContainerScanner.java:handleRemainingSleep(134)) - Background container scan was interrupted.
2024-05-09 06:30:30,161 [ContainerDataScanner(/home/runner/work/ozone/ozone/hadoop-ozone/integration-test/target/test-dir/MiniOzoneClusterImpl-48ce40b1-13f8-460b-b529-5aa00ab75c3e/ozone-meta/datanode-5/data-0/hdds)] INFO  ozoneimpl.AbstractBackgroundContainerScanner (AbstractBackgroundContainerScanner.java:run(61)) - ContainerDataScanner(/home/runner/work/ozone/ozone/hadoop-ozone/integration-test/target/test-dir/MiniOzoneClusterImpl-48ce40b1-13f8-460b-b529-5aa00ab75c3e/ozone-meta/datanode-5/data-0/hdds, DS-a5b614f2-e870-4320-a52f-615493b738dc) exiting.
2024-05-09 06:30:30,161 [main] INFO  server.RaftServer (RaftServerProxy.java:lambda$close$9(416)) - bda92e25-e077-447c-8dba-c1f962292f2e: close
2024-05-09 06:30:30,162 [main] INFO  server.GrpcService (GrpcService.java:closeImpl(311)) - bda92e25-e077-447c-8dba-c1f962292f2e: shutdown server org.apache.ratis.grpc.server.GrpcClientProtocolService now
2024-05-09 06:30:30,162 [bda92e25-e077-447c-8dba-c1f962292f2e-impl-thread2] INFO  server.RaftServer$Division (RaftServerImpl.java:lambda$close$3(526)) - bda92e25-e077-447c-8dba-c1f962292f2e@group-909FB7FCF857: shutdown
2024-05-09 06:30:30,162 [bda92e25-e077-447c-8dba-c1f962292f2e-impl-thread2] INFO  util.JmxRegister (JmxRegister.java:unregister(73)) - Successfully un-registered JMX Bean with object name Ratis:service=RaftServer,group=group-909FB7FCF857,id=bda92e25-e077-447c-8dba-c1f962292f2e
2024-05-09 06:30:30,162 [bda92e25-e077-447c-8dba-c1f962292f2e-impl-thread2] INFO  impl.RoleInfo (RoleInfo.java:shutdownLeaderState(94)) - bda92e25-e077-447c-8dba-c1f962292f2e: shutdown bda92e25-e077-447c-8dba-c1f962292f2e@group-909FB7FCF857-LeaderStateImpl
2024-05-09 06:30:30,162 [bda92e25-e077-447c-8dba-c1f962292f2e-impl-thread2] INFO  impl.PendingRequests (PendingRequests.java:sendNotLeaderResponses(289)) - bda92e25-e077-447c-8dba-c1f962292f2e@group-909FB7FCF857-PendingRequests: sendNotLeaderResponses
2024-05-09 06:30:30,163 [bda92e25-e077-447c-8dba-c1f962292f2e-impl-thread2] INFO  impl.StateMachineUpdater (StateMachineUpdater.java:stopAndJoin(157)) - bda92e25-e077-447c-8dba-c1f962292f2e@group-909FB7FCF857-StateMachineUpdater: set stopIndex = 0
2024-05-09 06:30:30,163 [main] INFO  server.GrpcService (GrpcService.java:closeImpl(320)) - bda92e25-e077-447c-8dba-c1f962292f2e: shutdown server org.apache.ratis.grpc.server.GrpcClientProtocolService successfully
2024-05-09 06:30:30,163 [main] INFO  server.GrpcService (GrpcService.java:closeImpl(311)) - bda92e25-e077-447c-8dba-c1f962292f2e: shutdown server GrpcServerProtocolService now
2024-05-09 06:30:30,163 [bda92e25-e077-447c-8dba-c1f962292f2e@group-909FB7FCF857-StateMachineUpdater] INFO  ratis.ContainerStateMachine (ContainerStateMachine.java:takeSnapshot(355)) - group-909FB7FCF857: Taking a snapshot at:(t:1, i:0) file /home/runner/work/ozone/ozone/hadoop-ozone/integration-test/target/test-dir/MiniOzoneClusterImpl-48ce40b1-13f8-460b-b529-5aa00ab75c3e/ozone-meta/datanode-5/ratis/76f840da-7d41-4e58-8d6a-909fb7fcf857/sm/snapshot.1_0
2024-05-09 06:30:30,165 [main] INFO  server.GrpcService (GrpcService.java:closeImpl(320)) - bda92e25-e077-447c-8dba-c1f962292f2e: shutdown server GrpcServerProtocolService successfully
2024-05-09 06:30:30,166 [main] INFO  server.GrpcService (GrpcService.java:closeImpl(311)) - bda92e25-e077-447c-8dba-c1f962292f2e: shutdown server org.apache.ratis.grpc.server.GrpcAdminProtocolService now
2024-05-09 06:30:30,165 [ForkJoinPool.commonPool-worker-7] INFO  ozoneimpl.OzoneContainer (OzoneContainer.java:stop(481)) - Attempting to stop container services.
2024-05-09 06:30:30,165 [ForkJoinPool.commonPool-worker-3] INFO  ozoneimpl.OzoneContainer (OzoneContainer.java:stop(481)) - Attempting to stop container services.
2024-05-09 06:30:30,165 [bda92e25-e077-447c-8dba-c1f962292f2e@group-909FB7FCF857-StateMachineUpdater] INFO  ratis.ContainerStateMachine (ContainerStateMachine.java:takeSnapshot(366)) - group-909FB7FCF857: Finished taking a snapshot at:(t:1, i:0) file:/home/runner/work/ozone/ozone/hadoop-ozone/integration-test/target/test-dir/MiniOzoneClusterImpl-48ce40b1-13f8-460b-b529-5aa00ab75c3e/ozone-meta/datanode-5/ratis/76f840da-7d41-4e58-8d6a-909fb7fcf857/sm/snapshot.1_0 took: 1 ms
2024-05-09 06:30:30,166 [ContainerMetadataScanner] WARN  ozoneimpl.AbstractBackgroundContainerScanner (AbstractBackgroundContainerScanner.java:handleRemainingSleep(134)) - Background container scan was interrupted.
2024-05-09 06:30:30,166 [ContainerMetadataScanner] INFO  ozoneimpl.AbstractBackgroundContainerScanner (AbstractBackgroundContainerScanner.java:run(61)) - Thread[ContainerMetadataScanner,5,main] exiting.
2024-05-09 06:30:30,166 [bda92e25-e077-447c-8dba-c1f962292f2e@group-909FB7FCF857-StateMachineUpdater] INFO  impl.StateMachineUpdater (StateMachineUpdater.java:takeSnapshot(295)) - bda92e25-e077-447c-8dba-c1f962292f2e@group-909FB7FCF857-StateMachineUpdater: Took a snapshot at index 0
2024-05-09 06:30:30,166 [ContainerMetadataScanner] WARN  ozoneimpl.AbstractBackgroundContainerScanner (AbstractBackgroundContainerScanner.java:handleRemainingSleep(134)) - Background container scan was interrupted.
2024-05-09 06:30:30,166 [ContainerMetadataScanner] INFO  ozoneimpl.AbstractBackgroundContainerScanner (AbstractBackgroundContainerScanner.java:run(61)) - Thread[ContainerMetadataScanner,5,main] exiting.
2024-05-09 06:30:30,166 [bda92e25-e077-447c-8dba-c1f962292f2e@group-909FB7FCF857-StateMachineUpdater] INFO  impl.StateMachineUpdater (StateMachineUpdater.java:lambda$new$0(98)) - bda92e25-e077-447c-8dba-c1f962292f2e@group-909FB7FCF857-StateMachineUpdater: snapshotIndex: updateIncreasingly -1 -> 0
2024-05-09 06:30:30,166 [ForkJoinPool.commonPool-worker-3] INFO  ozoneimpl.BackgroundContainerDataScanner (BackgroundContainerDataScanner.java:shutdown(141)) - ContainerDataScanner(/home/runner/work/ozone/ozone/hadoop-ozone/integration-test/target/test-dir/MiniOzoneClusterImpl-48ce40b1-13f8-460b-b529-5aa00ab75c3e/ozone-meta/datanode-1/data-0/hdds) is shutting down. 
2024-05-09 06:30:30,166 [main] INFO  server.GrpcService (GrpcService.java:closeImpl(320)) - bda92e25-e077-447c-8dba-c1f962292f2e: shutdown server org.apache.ratis.grpc.server.GrpcAdminProtocolService successfully
2024-05-09 06:30:30,167 [bda92e25-e077-447c-8dba-c1f962292f2e-impl-thread2] INFO  server.RaftServer$Division (ServerState.java:close(427)) - bda92e25-e077-447c-8dba-c1f962292f2e@group-909FB7FCF857: applyIndex: 0
2024-05-09 06:30:30,167 [ContainerDataScanner(/home/runner/work/ozone/ozone/hadoop-ozone/integration-test/target/test-dir/MiniOzoneClusterImpl-48ce40b1-13f8-460b-b529-5aa00ab75c3e/ozone-meta/datanode-1/data-0/hdds)] WARN  ozoneimpl.AbstractBackgroundContainerScanner (AbstractBackgroundContainerScanner.java:handleRemainingSleep(134)) - Background container scan was interrupted.
2024-05-09 06:30:30,167 [bda92e25-e077-447c-8dba-c1f962292f2e-NettyServerStreamRpc-bossGroup--thread1] INFO  logging.LoggingHandler (AbstractInternalLogger.java:log(148)) - [id: 0xebe3522f, L:/0.0.0.0:15104] CLOSE
2024-05-09 06:30:30,167 [ForkJoinPool.commonPool-worker-7] INFO  ozoneimpl.BackgroundContainerDataScanner (BackgroundContainerDataScanner.java:shutdown(141)) - ContainerDataScanner(/home/runner/work/ozone/ozone/hadoop-ozone/integration-test/target/test-dir/MiniOzoneClusterImpl-48ce40b1-13f8-460b-b529-5aa00ab75c3e/ozone-meta/datanode-4/data-0/hdds) is shutting down. 
2024-05-09 06:30:30,167 [bda92e25-e077-447c-8dba-c1f962292f2e-NettyServerStreamRpc-bossGroup--thread1] INFO  logging.LoggingHandler (AbstractInternalLogger.java:log(148)) - [id: 0xebe3522f, L:/0.0.0.0:15104] INACTIVE
2024-05-09 06:30:30,167 [bda92e25-e077-447c-8dba-c1f962292f2e@group-909FB7FCF857-cacheEviction-AwaitToRun] INFO  util.AwaitToRun (AwaitToRun.java:run(49)) - bda92e25-e077-447c-8dba-c1f962292f2e@group-909FB7FCF857-cacheEviction-AwaitToRun-AwaitForSignal is interrupted
2024-05-09 06:30:30,167 [ContainerDataScanner(/home/runner/work/ozone/ozone/hadoop-ozone/integration-test/target/test-dir/MiniOzoneClusterImpl-48ce40b1-13f8-460b-b529-5aa00ab75c3e/ozone-meta/datanode-1/data-0/hdds)] INFO  ozoneimpl.AbstractBackgroundContainerScanner (AbstractBackgroundContainerScanner.java:run(61)) - ContainerDataScanner(/home/runner/work/ozone/ozone/hadoop-ozone/integration-test/target/test-dir/MiniOzoneClusterImpl-48ce40b1-13f8-460b-b529-5aa00ab75c3e/ozone-meta/datanode-1/data-0/hdds, DS-7a15c170-1efd-4c9f-bf42-fbe104ab0df1) exiting.
2024-05-09 06:30:30,167 [ContainerDataScanner(/home/runner/work/ozone/ozone/hadoop-ozone/integration-test/target/test-dir/MiniOzoneClusterImpl-48ce40b1-13f8-460b-b529-5aa00ab75c3e/ozone-meta/datanode-4/data-0/hdds)] WARN  ozoneimpl.AbstractBackgroundContainerScanner (AbstractBackgroundContainerScanner.java:handleRemainingSleep(134)) - Background container scan was interrupted.
2024-05-09 06:30:30,167 [ContainerDataScanner(/home/runner/work/ozone/ozone/hadoop-ozone/integration-test/target/test-dir/MiniOzoneClusterImpl-48ce40b1-13f8-460b-b529-5aa00ab75c3e/ozone-meta/datanode-4/data-0/hdds)] INFO  ozoneimpl.AbstractBackgroundContainerScanner (AbstractBackgroundContainerScanner.java:run(61)) - ContainerDataScanner(/home/runner/work/ozone/ozone/hadoop-ozone/integration-test/target/test-dir/MiniOzoneClusterImpl-48ce40b1-13f8-460b-b529-5aa00ab75c3e/ozone-meta/datanode-4/data-0/hdds, DS-01de4ae5-8feb-4afb-8b1d-87e24b74a269) exiting.
2024-05-09 06:30:30,167 [bda92e25-e077-447c-8dba-c1f962292f2e-NettyServerStreamRpc-bossGroup--thread1] INFO  logging.LoggingHandler (AbstractInternalLogger.java:log(148)) - [id: 0xebe3522f, L:/0.0.0.0:15104] UNREGISTERED
2024-05-09 06:30:30,168 [ForkJoinPool.commonPool-worker-7] INFO  server.RaftServer (RaftServerProxy.java:lambda$close$9(416)) - c367b86c-aa24-47f1-8357-097651e72609: close
2024-05-09 06:30:30,168 [ForkJoinPool.commonPool-worker-3] INFO  server.RaftServer (RaftServerProxy.java:lambda$close$9(416)) - 0b714aca-fc82-484b-9944-7b2ffbc45fbf: close
2024-05-09 06:30:30,169 [ForkJoinPool.commonPool-worker-7] INFO  server.GrpcService (GrpcService.java:closeImpl(311)) - c367b86c-aa24-47f1-8357-097651e72609: shutdown server org.apache.ratis.grpc.server.GrpcClientProtocolService now
2024-05-09 06:30:30,169 [0b714aca-fc82-484b-9944-7b2ffbc45fbf-impl-thread2] INFO  server.RaftServer$Division (RaftServerImpl.java:lambda$close$3(526)) - 0b714aca-fc82-484b-9944-7b2ffbc45fbf@group-A6FAD74B91C2: shutdown
2024-05-09 06:30:30,169 [0b714aca-fc82-484b-9944-7b2ffbc45fbf-impl-thread2] INFO  util.JmxRegister (JmxRegister.java:unregister(73)) - Successfully un-registered JMX Bean with object name Ratis:service=RaftServer,group=group-A6FAD74B91C2,id=0b714aca-fc82-484b-9944-7b2ffbc45fbf
2024-05-09 06:30:30,169 [0b714aca-fc82-484b-9944-7b2ffbc45fbf-impl-thread2] INFO  impl.RoleInfo (RoleInfo.java:shutdownFollowerState(110)) - 0b714aca-fc82-484b-9944-7b2ffbc45fbf: shutdown 0b714aca-fc82-484b-9944-7b2ffbc45fbf@group-A6FAD74B91C2-FollowerState
2024-05-09 06:30:30,169 [0b714aca-fc82-484b-9944-7b2ffbc45fbf@group-A6FAD74B91C2-StateMachineUpdater] INFO  ratis.ContainerStateMachine (ContainerStateMachine.java:takeSnapshot(355)) - group-A6FAD74B91C2: Taking a snapshot at:(t:2, i:0) file /home/runner/work/ozone/ozone/hadoop-ozone/integration-test/target/test-dir/MiniOzoneClusterImpl-48ce40b1-13f8-460b-b529-5aa00ab75c3e/ozone-meta/datanode-1/ratis/a143d81d-e1da-48a4-b870-a6fad74b91c2/sm/snapshot.2_0
2024-05-09 06:30:30,170 [0b714aca-fc82-484b-9944-7b2ffbc45fbf-impl-thread2] INFO  impl.StateMachineUpdater (StateMachineUpdater.java:stopAndJoin(157)) - 0b714aca-fc82-484b-9944-7b2ffbc45fbf@group-A6FAD74B91C2-StateMachineUpdater: set stopIndex = 0
2024-05-09 06:30:30,170 [0b714aca-fc82-484b-9944-7b2ffbc45fbf@group-A6FAD74B91C2-FollowerState] INFO  impl.FollowerState (FollowerState.java:run(152)) - 0b714aca-fc82-484b-9944-7b2ffbc45fbf@group-A6FAD74B91C2-FollowerState was interrupted
2024-05-09 06:30:30,170 [0b714aca-fc82-484b-9944-7b2ffbc45fbf@group-A6FAD74B91C2-StateMachineUpdater] INFO  ratis.ContainerStateMachine (ContainerStateMachine.java:takeSnapshot(366)) - group-A6FAD74B91C2: Finished taking a snapshot at:(t:2, i:0) file:/home/runner/work/ozone/ozone/hadoop-ozone/integration-test/target/test-dir/MiniOzoneClusterImpl-48ce40b1-13f8-460b-b529-5aa00ab75c3e/ozone-meta/datanode-1/ratis/a143d81d-e1da-48a4-b870-a6fad74b91c2/sm/snapshot.2_0 took: 0 ms
2024-05-09 06:30:30,170 [0b714aca-fc82-484b-9944-7b2ffbc45fbf@group-A6FAD74B91C2-StateMachineUpdater] INFO  impl.StateMachineUpdater (StateMachineUpdater.java:takeSnapshot(295)) - 0b714aca-fc82-484b-9944-7b2ffbc45fbf@group-A6FAD74B91C2-StateMachineUpdater: Took a snapshot at index 0
2024-05-09 06:30:30,170 [0b714aca-fc82-484b-9944-7b2ffbc45fbf@group-A6FAD74B91C2-StateMachineUpdater] INFO  impl.StateMachineUpdater (StateMachineUpdater.java:lambda$new$0(98)) - 0b714aca-fc82-484b-9944-7b2ffbc45fbf@group-A6FAD74B91C2-StateMachineUpdater: snapshotIndex: updateIncreasingly -1 -> 0
2024-05-09 06:30:30,170 [0b714aca-fc82-484b-9944-7b2ffbc45fbf-impl-thread2] INFO  server.RaftServer$Division (ServerState.java:close(427)) - 0b714aca-fc82-484b-9944-7b2ffbc45fbf@group-A6FAD74B91C2: applyIndex: 0
2024-05-09 06:30:30,170 [0b714aca-fc82-484b-9944-7b2ffbc45fbf@group-A6FAD74B91C2-cacheEviction-AwaitToRun] INFO  util.AwaitToRun (AwaitToRun.java:run(49)) - 0b714aca-fc82-484b-9944-7b2ffbc45fbf@group-A6FAD74B91C2-cacheEviction-AwaitToRun-AwaitForSignal is interrupted
2024-05-09 06:30:30,171 [ForkJoinPool.commonPool-worker-3] INFO  server.GrpcService (GrpcService.java:closeImpl(311)) - 0b714aca-fc82-484b-9944-7b2ffbc45fbf: shutdown server org.apache.ratis.grpc.server.GrpcClientProtocolService now
2024-05-09 06:30:30,171 [c367b86c-aa24-47f1-8357-097651e72609-impl-thread2] INFO  server.RaftServer$Division (RaftServerImpl.java:lambda$close$3(526)) - c367b86c-aa24-47f1-8357-097651e72609@group-C0EC2E85FAC7: shutdown
2024-05-09 06:30:30,171 [c367b86c-aa24-47f1-8357-097651e72609-impl-thread2] INFO  util.JmxRegister (JmxRegister.java:unregister(73)) - Successfully un-registered JMX Bean with object name Ratis:service=RaftServer,group=group-C0EC2E85FAC7,id=c367b86c-aa24-47f1-8357-097651e72609
2024-05-09 06:30:30,171 [c367b86c-aa24-47f1-8357-097651e72609-impl-thread2] INFO  impl.RoleInfo (RoleInfo.java:shutdownLeaderState(94)) - c367b86c-aa24-47f1-8357-097651e72609: shutdown c367b86c-aa24-47f1-8357-097651e72609@group-C0EC2E85FAC7-LeaderStateImpl
2024-05-09 06:30:30,171 [c367b86c-aa24-47f1-8357-097651e72609-impl-thread2] INFO  impl.PendingRequests (PendingRequests.java:sendNotLeaderResponses(289)) - c367b86c-aa24-47f1-8357-097651e72609@group-C0EC2E85FAC7-PendingRequests: sendNotLeaderResponses
2024-05-09 06:30:30,172 [c367b86c-aa24-47f1-8357-097651e72609-impl-thread2] INFO  impl.StateMachineUpdater (StateMachineUpdater.java:stopAndJoin(157)) - c367b86c-aa24-47f1-8357-097651e72609@group-C0EC2E85FAC7-StateMachineUpdater: set stopIndex = 0
2024-05-09 06:30:30,172 [c367b86c-aa24-47f1-8357-097651e72609@group-C0EC2E85FAC7-StateMachineUpdater] INFO  ratis.ContainerStateMachine (ContainerStateMachine.java:takeSnapshot(355)) - group-C0EC2E85FAC7: Taking a snapshot at:(t:1, i:0) file /home/runner/work/ozone/ozone/hadoop-ozone/integration-test/target/test-dir/MiniOzoneClusterImpl-48ce40b1-13f8-460b-b529-5aa00ab75c3e/ozone-meta/datanode-4/ratis/1d525e50-3063-4f38-924e-c0ec2e85fac7/sm/snapshot.1_0
2024-05-09 06:30:30,172 [Thread-1740] INFO  server.GrpcServerProtocolClient (GrpcServerProtocolClient.java:close(103)) - 528b4752-3c7b-4991-99e9-89ee621f29a5 Close channels
2024-05-09 06:30:30,172 [c367b86c-aa24-47f1-8357-097651e72609@group-C0EC2E85FAC7-StateMachineUpdater] INFO  ratis.ContainerStateMachine (ContainerStateMachine.java:takeSnapshot(366)) - group-C0EC2E85FAC7: Finished taking a snapshot at:(t:1, i:0) file:/home/runner/work/ozone/ozone/hadoop-ozone/integration-test/target/test-dir/MiniOzoneClusterImpl-48ce40b1-13f8-460b-b529-5aa00ab75c3e/ozone-meta/datanode-4/ratis/1d525e50-3063-4f38-924e-c0ec2e85fac7/sm/snapshot.1_0 took: 1 ms
2024-05-09 06:30:30,172 [c367b86c-aa24-47f1-8357-097651e72609@group-C0EC2E85FAC7-StateMachineUpdater] INFO  impl.StateMachineUpdater (StateMachineUpdater.java:takeSnapshot(295)) - c367b86c-aa24-47f1-8357-097651e72609@group-C0EC2E85FAC7-StateMachineUpdater: Took a snapshot at index 0
2024-05-09 06:30:30,173 [c367b86c-aa24-47f1-8357-097651e72609@group-C0EC2E85FAC7-StateMachineUpdater] INFO  impl.StateMachineUpdater (StateMachineUpdater.java:lambda$new$0(98)) - c367b86c-aa24-47f1-8357-097651e72609@group-C0EC2E85FAC7-StateMachineUpdater: snapshotIndex: updateIncreasingly -1 -> 0
2024-05-09 06:30:30,173 [c367b86c-aa24-47f1-8357-097651e72609-impl-thread2] INFO  server.RaftServer$Division (ServerState.java:close(427)) - c367b86c-aa24-47f1-8357-097651e72609@group-C0EC2E85FAC7: applyIndex: 0
2024-05-09 06:30:30,173 [c367b86c-aa24-47f1-8357-097651e72609@group-C0EC2E85FAC7-cacheEviction-AwaitToRun] INFO  util.AwaitToRun (AwaitToRun.java:run(49)) - c367b86c-aa24-47f1-8357-097651e72609@group-C0EC2E85FAC7-cacheEviction-AwaitToRun-AwaitForSignal is interrupted
2024-05-09 06:30:30,173 [0b714aca-fc82-484b-9944-7b2ffbc45fbf-impl-thread3] INFO  server.RaftServer$Division (RaftServerImpl.java:lambda$close$3(526)) - 0b714aca-fc82-484b-9944-7b2ffbc45fbf@group-F8FD40352AF2: shutdown
2024-05-09 06:30:30,173 [0b714aca-fc82-484b-9944-7b2ffbc45fbf-impl-thread3] INFO  util.JmxRegister (JmxRegister.java:unregister(73)) - Successfully un-registered JMX Bean with object name Ratis:service=RaftServer,group=group-F8FD40352AF2,id=0b714aca-fc82-484b-9944-7b2ffbc45fbf
2024-05-09 06:30:30,173 [ForkJoinPool.commonPool-worker-7] INFO  server.GrpcService (GrpcService.java:closeImpl(320)) - c367b86c-aa24-47f1-8357-097651e72609: shutdown server org.apache.ratis.grpc.server.GrpcClientProtocolService successfully
2024-05-09 06:30:30,173 [ForkJoinPool.commonPool-worker-7] INFO  server.GrpcService (GrpcService.java:closeImpl(311)) - c367b86c-aa24-47f1-8357-097651e72609: shutdown server GrpcServerProtocolService now
2024-05-09 06:30:30,174 [ForkJoinPool.commonPool-worker-7] INFO  server.GrpcService (GrpcService.java:closeImpl(320)) - c367b86c-aa24-47f1-8357-097651e72609: shutdown server GrpcServerProtocolService successfully
2024-05-09 06:30:30,174 [ForkJoinPool.commonPool-worker-7] INFO  server.GrpcService (GrpcService.java:closeImpl(311)) - c367b86c-aa24-47f1-8357-097651e72609: shutdown server org.apache.ratis.grpc.server.GrpcAdminProtocolService now
2024-05-09 06:30:30,174 [ForkJoinPool.commonPool-worker-7] INFO  server.GrpcService (GrpcService.java:closeImpl(320)) - c367b86c-aa24-47f1-8357-097651e72609: shutdown server org.apache.ratis.grpc.server.GrpcAdminProtocolService successfully
2024-05-09 06:30:30,173 [Thread-1742] INFO  server.GrpcServerProtocolClient (GrpcServerProtocolClient.java:close(103)) - 5b847746-75e9-42bf-94b1-858a537db9cd Close channels
2024-05-09 06:30:30,174 [c367b86c-aa24-47f1-8357-097651e72609-NettyServerStreamRpc-bossGroup--thread1] INFO  logging.LoggingHandler (AbstractInternalLogger.java:log(148)) - [id: 0xb7a6a64d, L:/0.0.0.0:15095] CLOSE
2024-05-09 06:30:30,173 [0b714aca-fc82-484b-9944-7b2ffbc45fbf-impl-thread4] INFO  server.RaftServer$Division (RaftServerImpl.java:lambda$close$3(526)) - 0b714aca-fc82-484b-9944-7b2ffbc45fbf@group-711D46114548: shutdown
2024-05-09 06:30:30,173 [0b714aca-fc82-484b-9944-7b2ffbc45fbf-impl-thread3] INFO  impl.RoleInfo (RoleInfo.java:shutdownLeaderState(94)) - 0b714aca-fc82-484b-9944-7b2ffbc45fbf: shutdown 0b714aca-fc82-484b-9944-7b2ffbc45fbf@group-F8FD40352AF2-LeaderStateImpl
2024-05-09 06:30:30,175 [0b714aca-fc82-484b-9944-7b2ffbc45fbf-impl-thread3] INFO  impl.PendingRequests (PendingRequests.java:sendNotLeaderResponses(289)) - 0b714aca-fc82-484b-9944-7b2ffbc45fbf@group-F8FD40352AF2-PendingRequests: sendNotLeaderResponses
2024-05-09 06:30:30,175 [ForkJoinPool.commonPool-worker-3] INFO  server.GrpcService (GrpcService.java:closeImpl(320)) - 0b714aca-fc82-484b-9944-7b2ffbc45fbf: shutdown server org.apache.ratis.grpc.server.GrpcClientProtocolService successfully
2024-05-09 06:30:30,175 [ForkJoinPool.commonPool-worker-3] INFO  server.GrpcService (GrpcService.java:closeImpl(311)) - 0b714aca-fc82-484b-9944-7b2ffbc45fbf: shutdown server GrpcServerProtocolService now
2024-05-09 06:30:30,175 [0b714aca-fc82-484b-9944-7b2ffbc45fbf-impl-thread3] INFO  impl.StateMachineUpdater (StateMachineUpdater.java:stopAndJoin(157)) - 0b714aca-fc82-484b-9944-7b2ffbc45fbf@group-F8FD40352AF2-StateMachineUpdater: set stopIndex = 0
2024-05-09 06:30:30,174 [0b714aca-fc82-484b-9944-7b2ffbc45fbf-impl-thread4] INFO  util.JmxRegister (JmxRegister.java:unregister(73)) - Successfully un-registered JMX Bean with object name Ratis:service=RaftServer,group=group-711D46114548,id=0b714aca-fc82-484b-9944-7b2ffbc45fbf
2024-05-09 06:30:30,174 [c367b86c-aa24-47f1-8357-097651e72609-NettyServerStreamRpc-bossGroup--thread1] INFO  logging.LoggingHandler (AbstractInternalLogger.java:log(148)) - [id: 0xb7a6a64d, L:/0.0.0.0:15095] INACTIVE
2024-05-09 06:30:30,175 [0b714aca-fc82-484b-9944-7b2ffbc45fbf@group-F8FD40352AF2-StateMachineUpdater] INFO  ratis.ContainerStateMachine (ContainerStateMachine.java:takeSnapshot(355)) - group-F8FD40352AF2: Taking a snapshot at:(t:1, i:0) file /home/runner/work/ozone/ozone/hadoop-ozone/integration-test/target/test-dir/MiniOzoneClusterImpl-48ce40b1-13f8-460b-b529-5aa00ab75c3e/ozone-meta/datanode-1/ratis/7e59995b-eede-4113-9272-f8fd40352af2/sm/snapshot.1_0
2024-05-09 06:30:30,175 [0b714aca-fc82-484b-9944-7b2ffbc45fbf-impl-thread4] INFO  impl.RoleInfo (RoleInfo.java:shutdownLeaderState(94)) - 0b714aca-fc82-484b-9944-7b2ffbc45fbf: shutdown 0b714aca-fc82-484b-9944-7b2ffbc45fbf@group-711D46114548-LeaderStateImpl
2024-05-09 06:30:30,175 [c367b86c-aa24-47f1-8357-097651e72609-NettyServerStreamRpc-bossGroup--thread1] INFO  logging.LoggingHandler (AbstractInternalLogger.java:log(148)) - [id: 0xb7a6a64d, L:/0.0.0.0:15095] UNREGISTERED
2024-05-09 06:30:30,175 [0b714aca-fc82-484b-9944-7b2ffbc45fbf@group-711D46114548->528b4752-3c7b-4991-99e9-89ee621f29a5-GrpcLogAppender-LogAppenderDaemon] WARN  server.GrpcLogAppender (GrpcLogAppender.java:mayWait(289)) - 0b714aca-fc82-484b-9944-7b2ffbc45fbf@group-711D46114548->528b4752-3c7b-4991-99e9-89ee621f29a5-GrpcLogAppender: Wait interrupted by java.lang.InterruptedException
2024-05-09 06:30:30,175 [0b714aca-fc82-484b-9944-7b2ffbc45fbf@group-F8FD40352AF2-StateMachineUpdater] INFO  ratis.ContainerStateMachine (ContainerStateMachine.java:takeSnapshot(366)) - group-F8FD40352AF2: Finished taking a snapshot at:(t:1, i:0) file:/home/runner/work/ozone/ozone/hadoop-ozone/integration-test/target/test-dir/MiniOzoneClusterImpl-48ce40b1-13f8-460b-b529-5aa00ab75c3e/ozone-meta/datanode-1/ratis/7e59995b-eede-4113-9272-f8fd40352af2/sm/snapshot.1_0 took: 1 ms
2024-05-09 06:30:30,176 [0b714aca-fc82-484b-9944-7b2ffbc45fbf@group-F8FD40352AF2-StateMachineUpdater] INFO  impl.StateMachineUpdater (StateMachineUpdater.java:takeSnapshot(295)) - 0b714aca-fc82-484b-9944-7b2ffbc45fbf@group-F8FD40352AF2-StateMachineUpdater: Took a snapshot at index 0
2024-05-09 06:30:30,176 [0b714aca-fc82-484b-9944-7b2ffbc45fbf@group-F8FD40352AF2-StateMachineUpdater] INFO  impl.StateMachineUpdater (StateMachineUpdater.java:lambda$new$0(98)) - 0b714aca-fc82-484b-9944-7b2ffbc45fbf@group-F8FD40352AF2-StateMachineUpdater: snapshotIndex: updateIncreasingly -1 -> 0
2024-05-09 06:30:30,175 [0b714aca-fc82-484b-9944-7b2ffbc45fbf-impl-thread4] INFO  impl.PendingRequests (PendingRequests.java:sendNotLeaderResponses(289)) - 0b714aca-fc82-484b-9944-7b2ffbc45fbf@group-711D46114548-PendingRequests: sendNotLeaderResponses
2024-05-09 06:30:30,176 [0b714aca-fc82-484b-9944-7b2ffbc45fbf-impl-thread3] INFO  server.RaftServer$Division (ServerState.java:close(427)) - 0b714aca-fc82-484b-9944-7b2ffbc45fbf@group-F8FD40352AF2: applyIndex: 0
2024-05-09 06:30:30,175 [0b714aca-fc82-484b-9944-7b2ffbc45fbf@group-711D46114548->5b847746-75e9-42bf-94b1-858a537db9cd-GrpcLogAppender-LogAppenderDaemon] WARN  server.GrpcLogAppender (GrpcLogAppender.java:mayWait(289)) - 0b714aca-fc82-484b-9944-7b2ffbc45fbf@group-711D46114548->5b847746-75e9-42bf-94b1-858a537db9cd-GrpcLogAppender: Wait interrupted by java.lang.InterruptedException
2024-05-09 06:30:30,176 [0b714aca-fc82-484b-9944-7b2ffbc45fbf-CloseContainerThread-0] INFO  commandhandler.CloseContainerCommandHandler (CloseContainerCommandHandler.java:lambda$handle$0(154)) - Follower cannot close container #1.
2024-05-09 06:30:30,176 [0b714aca-fc82-484b-9944-7b2ffbc45fbf-impl-thread4] INFO  impl.StateMachineUpdater (StateMachineUpdater.java:stopAndJoin(157)) - 0b714aca-fc82-484b-9944-7b2ffbc45fbf@group-711D46114548-StateMachineUpdater: set stopIndex = 8
2024-05-09 06:30:30,176 [0b714aca-fc82-484b-9944-7b2ffbc45fbf@group-711D46114548-StateMachineUpdater] INFO  ratis.ContainerStateMachine (ContainerStateMachine.java:takeSnapshot(355)) - group-711D46114548: Taking a snapshot at:(t:1, i:8) file /home/runner/work/ozone/ozone/hadoop-ozone/integration-test/target/test-dir/MiniOzoneClusterImpl-48ce40b1-13f8-460b-b529-5aa00ab75c3e/ozone-meta/datanode-1/ratis/876e6361-94bf-493c-a223-711d46114548/sm/snapshot.1_8
2024-05-09 06:30:30,176 [0b714aca-fc82-484b-9944-7b2ffbc45fbf@group-F8FD40352AF2-cacheEviction-AwaitToRun] INFO  util.AwaitToRun (AwaitToRun.java:run(49)) - 0b714aca-fc82-484b-9944-7b2ffbc45fbf@group-F8FD40352AF2-cacheEviction-AwaitToRun-AwaitForSignal is interrupted
2024-05-09 06:30:30,177 [ForkJoinPool.commonPool-worker-3] INFO  server.GrpcService (GrpcService.java:closeImpl(320)) - 0b714aca-fc82-484b-9944-7b2ffbc45fbf: shutdown server GrpcServerProtocolService successfully
2024-05-09 06:30:30,177 [ForkJoinPool.commonPool-worker-3] INFO  server.GrpcService (GrpcService.java:closeImpl(311)) - 0b714aca-fc82-484b-9944-7b2ffbc45fbf: shutdown server org.apache.ratis.grpc.server.GrpcAdminProtocolService now
2024-05-09 06:30:30,177 [0b714aca-fc82-484b-9944-7b2ffbc45fbf@group-711D46114548-StateMachineUpdater] INFO  ratis.ContainerStateMachine (ContainerStateMachine.java:takeSnapshot(366)) - group-711D46114548: Finished taking a snapshot at:(t:1, i:8) file:/home/runner/work/ozone/ozone/hadoop-ozone/integration-test/target/test-dir/MiniOzoneClusterImpl-48ce40b1-13f8-460b-b529-5aa00ab75c3e/ozone-meta/datanode-1/ratis/876e6361-94bf-493c-a223-711d46114548/sm/snapshot.1_8 took: 0 ms
2024-05-09 06:30:30,177 [0b714aca-fc82-484b-9944-7b2ffbc45fbf@group-711D46114548-StateMachineUpdater] INFO  impl.StateMachineUpdater (StateMachineUpdater.java:takeSnapshot(295)) - 0b714aca-fc82-484b-9944-7b2ffbc45fbf@group-711D46114548-StateMachineUpdater: Took a snapshot at index 8
2024-05-09 06:30:30,177 [0b714aca-fc82-484b-9944-7b2ffbc45fbf@group-711D46114548-StateMachineUpdater] INFO  impl.StateMachineUpdater (StateMachineUpdater.java:lambda$new$0(98)) - 0b714aca-fc82-484b-9944-7b2ffbc45fbf@group-711D46114548-StateMachineUpdater: snapshotIndex: updateIncreasingly -1 -> 8
2024-05-09 06:30:30,178 [0b714aca-fc82-484b-9944-7b2ffbc45fbf-impl-thread4] INFO  server.RaftServer$Division (ServerState.java:close(427)) - 0b714aca-fc82-484b-9944-7b2ffbc45fbf@group-711D46114548: applyIndex: 8
2024-05-09 06:30:30,178 [0b714aca-fc82-484b-9944-7b2ffbc45fbf@group-711D46114548-cacheEviction-AwaitToRun] INFO  util.AwaitToRun (AwaitToRun.java:run(49)) - 0b714aca-fc82-484b-9944-7b2ffbc45fbf@group-711D46114548-cacheEviction-AwaitToRun-AwaitForSignal is interrupted
2024-05-09 06:30:30,179 [ForkJoinPool.commonPool-worker-3] INFO  server.GrpcService (GrpcService.java:closeImpl(320)) - 0b714aca-fc82-484b-9944-7b2ffbc45fbf: shutdown server org.apache.ratis.grpc.server.GrpcAdminProtocolService successfully
2024-05-09 06:30:30,184 [0b714aca-fc82-484b-9944-7b2ffbc45fbf-NettyServerStreamRpc-bossGroup--thread1] INFO  logging.LoggingHandler (AbstractInternalLogger.java:log(148)) - [id: 0x31c9a128, L:/0.0.0.0:15068] CLOSE
2024-05-09 06:30:30,184 [0b714aca-fc82-484b-9944-7b2ffbc45fbf-NettyServerStreamRpc-bossGroup--thread1] INFO  logging.LoggingHandler (AbstractInternalLogger.java:log(148)) - [id: 0x31c9a128, L:/0.0.0.0:15068] INACTIVE
2024-05-09 06:30:30,184 [0b714aca-fc82-484b-9944-7b2ffbc45fbf-NettyServerStreamRpc-bossGroup--thread1] INFO  logging.LoggingHandler (AbstractInternalLogger.java:log(148)) - [id: 0x31c9a128, L:/0.0.0.0:15068] UNREGISTERED
2024-05-09 06:30:30,347 [bda92e25-e077-447c-8dba-c1f962292f2e-impl-thread2] INFO  segmented.SegmentedRaftLogWorker (SegmentedRaftLogWorker.java:close(245)) - bda92e25-e077-447c-8dba-c1f962292f2e@group-909FB7FCF857-SegmentedRaftLogWorker close()
2024-05-09 06:30:30,347 [JvmPauseMonitor13] INFO  util.JvmPauseMonitor (JvmPauseMonitor.java:run(152)) - JvmPauseMonitor-bda92e25-e077-447c-8dba-c1f962292f2e: Stopped
2024-05-09 06:30:30,449 [0b714aca-fc82-484b-9944-7b2ffbc45fbf-impl-thread2] INFO  segmented.SegmentedRaftLogWorker (SegmentedRaftLogWorker.java:close(245)) - 0b714aca-fc82-484b-9944-7b2ffbc45fbf@group-A6FAD74B91C2-SegmentedRaftLogWorker close()
2024-05-09 06:30:30,468 [timer0] WARN  server.GrpcLogAppender (GrpcLogAppender.java:lambda$resetClient$1(217)) - 0b714aca-fc82-484b-9944-7b2ffbc45fbf@group-711D46114548->5b847746-75e9-42bf-94b1-858a537db9cd-GrpcLogAppender: Follower failed (request=null, errorCount=12); keep nextIndex (9) unchanged and retry. (Repeated 2 times in the last 5.000s)
2024-05-09 06:30:30,469 [timer7] WARN  server.GrpcLogAppender (LogUtils.java:warn(121)) - 0b714aca-fc82-484b-9944-7b2ffbc45fbf@group-711D46114548->5b847746-75e9-42bf-94b1-858a537db9cd-AppendLogResponseHandler: Failed appendEntries (Repeated 8 times in the last 5.001s): org.apache.ratis.thirdparty.io.grpc.StatusRuntimeException: UNAVAILABLE: io exception
2024-05-09 06:30:30,654 [timer2] WARN  server.GrpcLogAppender (LogUtils.java:warn(121)) - 0b714aca-fc82-484b-9944-7b2ffbc45fbf@group-A6FAD74B91C2->5b847746-75e9-42bf-94b1-858a537db9cd-AppendLogResponseHandler: Failed appendEntries (Repeated 4 times in the last 4.999s): org.apache.ratis.thirdparty.io.grpc.StatusRuntimeException: UNAVAILABLE: io exception
2024-05-09 06:30:30,655 [timer3] WARN  server.GrpcLogAppender (GrpcLogAppender.java:lambda$resetClient$1(217)) - 0b714aca-fc82-484b-9944-7b2ffbc45fbf@group-A6FAD74B91C2->5b847746-75e9-42bf-94b1-858a537db9cd-GrpcLogAppender: Follower failed (request=null, errorCount=14); keep nextIndex (1) unchanged and retry. (Repeated 4 times in the last 5.000s)
2024-05-09 06:30:30,927 [0b714aca-fc82-484b-9944-7b2ffbc45fbf-impl-thread3] INFO  segmented.SegmentedRaftLogWorker (SegmentedRaftLogWorker.java:close(245)) - 0b714aca-fc82-484b-9944-7b2ffbc45fbf@group-F8FD40352AF2-SegmentedRaftLogWorker close()
2024-05-09 06:30:31,077 [timer6] WARN  server.GrpcLogAppender (GrpcLogAppender.java:lambda$resetClient$1(217)) - 0b714aca-fc82-484b-9944-7b2ffbc45fbf@group-711D46114548->528b4752-3c7b-4991-99e9-89ee621f29a5-GrpcLogAppender: Follower failed (request=null, errorCount=138); keep nextIndex (9) unchanged and retry. (Repeated 2 times in the last 5.000s)
2024-05-09 06:30:31,077 [timer5] WARN  server.GrpcLogAppender (LogUtils.java:warn(121)) - 0b714aca-fc82-484b-9944-7b2ffbc45fbf@group-711D46114548->528b4752-3c7b-4991-99e9-89ee621f29a5-AppendLogResponseHandler: Failed appendEntries (Repeated 2 times in the last 5.000s): org.apache.ratis.thirdparty.io.grpc.StatusRuntimeException: UNAVAILABLE: io exception
2024-05-09 06:30:31,078 [timer7] WARN  server.GrpcLogAppender (GrpcLogAppender.java:lambda$resetClient$1(217)) - 0b714aca-fc82-484b-9944-7b2ffbc45fbf@group-711D46114548->5b847746-75e9-42bf-94b1-858a537db9cd-GrpcLogAppender: Follower failed (request=null, errorCount=18); keep nextIndex (10) unchanged and retry. (Repeated 6 times in the last 5.000s)
2024-05-09 06:30:31,078 [0b714aca-fc82-484b-9944-7b2ffbc45fbf-impl-thread4] INFO  segmented.SegmentedRaftLogWorker (SegmentedRaftLogWorker.java:close(245)) - 0b714aca-fc82-484b-9944-7b2ffbc45fbf@group-711D46114548-SegmentedRaftLogWorker close()
2024-05-09 06:30:31,079 [JvmPauseMonitor9] INFO  util.JvmPauseMonitor (JvmPauseMonitor.java:run(152)) - JvmPauseMonitor-0b714aca-fc82-484b-9944-7b2ffbc45fbf: Stopped
2024-05-09 06:30:31,096 [c367b86c-aa24-47f1-8357-097651e72609-impl-thread2] INFO  segmented.SegmentedRaftLogWorker (SegmentedRaftLogWorker.java:close(245)) - c367b86c-aa24-47f1-8357-097651e72609@group-C0EC2E85FAC7-SegmentedRaftLogWorker close()
2024-05-09 06:30:31,096 [JvmPauseMonitor12] INFO  util.JvmPauseMonitor (JvmPauseMonitor.java:run(152)) - JvmPauseMonitor-c367b86c-aa24-47f1-8357-097651e72609: Stopped
2024-05-09 06:30:32,349 [main] INFO  utils.DatanodeStoreCache (DatanodeStoreCache.java:shutdownCache(116)) - Skip clearing cache in mini cluster mode. Entries left: [/home/runner/work/ozone/ozone/hadoop-ozone/integration-test/target/test-dir/MiniOzoneClusterImpl-48ce40b1-13f8-460b-b529-5aa00ab75c3e/ozone-meta/datanode-1/data-0/hdds/48ce40b1-13f8-460b-b529-5aa00ab75c3e/DS-7a15c170-1efd-4c9f-bf42-fbe104ab0df1/container.db, /home/runner/work/ozone/ozone/hadoop-ozone/integration-test/target/test-dir/MiniOzoneClusterImpl-48ce40b1-13f8-460b-b529-5aa00ab75c3e/ozone-meta/datanode-4/data-0/hdds/48ce40b1-13f8-460b-b529-5aa00ab75c3e/DS-01de4ae5-8feb-4afb-8b1d-87e24b74a269/container.db, /home/runner/work/ozone/ozone/hadoop-ozone/integration-test/target/test-dir/MiniOzoneClusterImpl-48ce40b1-13f8-460b-b529-5aa00ab75c3e/ozone-meta/datanode-5/data-0/hdds/48ce40b1-13f8-460b-b529-5aa00ab75c3e/DS-a5b614f2-e870-4320-a52f-615493b738dc/container.db]
2024-05-09 06:30:32,351 [main] INFO  utils.DatanodeStoreCache (DatanodeStoreCache.java:removeDB(110)) - Removed db /home/runner/work/ozone/ozone/hadoop-ozone/integration-test/target/test-dir/MiniOzoneClusterImpl-48ce40b1-13f8-460b-b529-5aa00ab75c3e/ozone-meta/datanode-5/data-0/hdds/48ce40b1-13f8-460b-b529-5aa00ab75c3e/DS-a5b614f2-e870-4320-a52f-615493b738dc/container.db from cache
2024-05-09 06:30:32,351 [main] INFO  volume.HddsVolume (HddsVolume.java:closeDbStore(470)) - SchemaV3 db is stopped at /home/runner/work/ozone/ozone/hadoop-ozone/integration-test/target/test-dir/MiniOzoneClusterImpl-48ce40b1-13f8-460b-b529-5aa00ab75c3e/ozone-meta/datanode-5/data-0/hdds/48ce40b1-13f8-460b-b529-5aa00ab75c3e/DS-a5b614f2-e870-4320-a52f-615493b738dc/container.db for volume DS-a5b614f2-e870-4320-a52f-615493b738dc
2024-05-09 06:30:32,351 [main] INFO  utils.BackgroundService (BackgroundService.java:shutdown(160)) - Shutting down service BlockDeletingService
2024-05-09 06:30:32,351 [main] INFO  utils.BackgroundService (BackgroundService.java:shutdown(160)) - Shutting down service StaleRecoveringContainerScrubbingService
2024-05-09 06:30:32,352 [main] INFO  statemachine.DatanodeStateMachine (DatanodeStateMachine.java:stopDaemon(638)) - Ozone container server stopped.
2024-05-09 06:30:32,353 [main] INFO  handler.ContextHandler (ContextHandler.java:doStop(1159)) - Stopped o.e.j.w.WebAppContext@213031ce{hddsDatanode,/,null,STOPPED}{file:/home/runner/work/ozone/ozone/hadoop-hdds/container-service/target/classes/webapps/hddsDatanode}
2024-05-09 06:30:32,353 [main] INFO  server.AbstractConnector (AbstractConnector.java:doStop(383)) - Stopped ServerConnector@6943e2d9{HTTP/1.1, (http/1.1)}{0.0.0.0:15098}
2024-05-09 06:30:32,353 [main] INFO  server.session (HouseKeeper.java:stopScavenging(149)) - node0 Stopped scavenging
2024-05-09 06:30:32,353 [main] INFO  handler.ContextHandler (ContextHandler.java:doStop(1159)) - Stopped o.e.j.s.ServletContextHandler@4cfc4eb2{static,/static,file:///home/runner/work/ozone/ozone/hadoop-hdds/container-service/target/classes/webapps/static,STOPPED}
2024-05-09 06:30:32,353 [main] INFO  handler.ContextHandler (ContextHandler.java:doStop(1159)) - Stopped o.e.j.s.ServletContextHandler@6a670dcc{logs,/logs,file:///home/runner/work/ozone/ozone/hadoop-ozone/integration-test/target/log,STOPPED}
2024-05-09 06:30:32,354 [main] INFO  ozone.HddsDatanodeClientProtocolServer (HddsDatanodeClientProtocolServer.java:stop(83)) - Stopping the RPC server for Client Protocol
2024-05-09 06:30:32,354 [main] INFO  ipc.Server (Server.java:stop(3523)) - Stopping server on 15099
2024-05-09 06:30:32,355 [IPC Server listener on 15099] INFO  ipc.Server (Server.java:run(1434)) - Stopping IPC Server listener on 15099
2024-05-09 06:30:32,355 [IPC Server Responder] INFO  ipc.Server (Server.java:run(1567)) - Stopping IPC Server Responder
2024-05-09 06:30:33,081 [ForkJoinPool.commonPool-worker-3] INFO  utils.DatanodeStoreCache (DatanodeStoreCache.java:shutdownCache(116)) - Skip clearing cache in mini cluster mode. Entries left: [/home/runner/work/ozone/ozone/hadoop-ozone/integration-test/target/test-dir/MiniOzoneClusterImpl-48ce40b1-13f8-460b-b529-5aa00ab75c3e/ozone-meta/datanode-1/data-0/hdds/48ce40b1-13f8-460b-b529-5aa00ab75c3e/DS-7a15c170-1efd-4c9f-bf42-fbe104ab0df1/container.db, /home/runner/work/ozone/ozone/hadoop-ozone/integration-test/target/test-dir/MiniOzoneClusterImpl-48ce40b1-13f8-460b-b529-5aa00ab75c3e/ozone-meta/datanode-4/data-0/hdds/48ce40b1-13f8-460b-b529-5aa00ab75c3e/DS-01de4ae5-8feb-4afb-8b1d-87e24b74a269/container.db]
2024-05-09 06:30:33,082 [ForkJoinPool.commonPool-worker-3] INFO  utils.DatanodeStoreCache (DatanodeStoreCache.java:removeDB(110)) - Removed db /home/runner/work/ozone/ozone/hadoop-ozone/integration-test/target/test-dir/MiniOzoneClusterImpl-48ce40b1-13f8-460b-b529-5aa00ab75c3e/ozone-meta/datanode-1/data-0/hdds/48ce40b1-13f8-460b-b529-5aa00ab75c3e/DS-7a15c170-1efd-4c9f-bf42-fbe104ab0df1/container.db from cache
2024-05-09 06:30:33,082 [ForkJoinPool.commonPool-worker-3] INFO  volume.HddsVolume (HddsVolume.java:closeDbStore(470)) - SchemaV3 db is stopped at /home/runner/work/ozone/ozone/hadoop-ozone/integration-test/target/test-dir/MiniOzoneClusterImpl-48ce40b1-13f8-460b-b529-5aa00ab75c3e/ozone-meta/datanode-1/data-0/hdds/48ce40b1-13f8-460b-b529-5aa00ab75c3e/DS-7a15c170-1efd-4c9f-bf42-fbe104ab0df1/container.db for volume DS-7a15c170-1efd-4c9f-bf42-fbe104ab0df1
2024-05-09 06:30:33,082 [ForkJoinPool.commonPool-worker-3] INFO  utils.BackgroundService (BackgroundService.java:shutdown(160)) - Shutting down service BlockDeletingService
2024-05-09 06:30:33,083 [ForkJoinPool.commonPool-worker-3] INFO  utils.BackgroundService (BackgroundService.java:shutdown(160)) - Shutting down service StaleRecoveringContainerScrubbingService
2024-05-09 06:30:33,083 [ForkJoinPool.commonPool-worker-3] INFO  statemachine.DatanodeStateMachine (DatanodeStateMachine.java:stopDaemon(638)) - Ozone container server stopped.
2024-05-09 06:30:33,084 [ForkJoinPool.commonPool-worker-3] INFO  handler.ContextHandler (ContextHandler.java:doStop(1159)) - Stopped o.e.j.w.WebAppContext@3d2bb013{hddsDatanode,/,null,STOPPED}{file:/home/runner/work/ozone/ozone/hadoop-hdds/container-service/target/classes/webapps/hddsDatanode}
2024-05-09 06:30:33,084 [ForkJoinPool.commonPool-worker-3] INFO  server.AbstractConnector (AbstractConnector.java:doStop(383)) - Stopped ServerConnector@39e67fbc{HTTP/1.1, (http/1.1)}{0.0.0.0:15062}
2024-05-09 06:30:33,084 [ForkJoinPool.commonPool-worker-3] INFO  server.session (HouseKeeper.java:stopScavenging(149)) - node0 Stopped scavenging
2024-05-09 06:30:33,084 [ForkJoinPool.commonPool-worker-3] INFO  handler.ContextHandler (ContextHandler.java:doStop(1159)) - Stopped o.e.j.s.ServletContextHandler@6d0937e{static,/static,file:///home/runner/work/ozone/ozone/hadoop-hdds/container-service/target/classes/webapps/static,STOPPED}
2024-05-09 06:30:33,084 [ForkJoinPool.commonPool-worker-3] INFO  handler.ContextHandler (ContextHandler.java:doStop(1159)) - Stopped o.e.j.s.ServletContextHandler@1546a589{logs,/logs,file:///home/runner/work/ozone/ozone/hadoop-ozone/integration-test/target/log,STOPPED}
2024-05-09 06:30:33,085 [ForkJoinPool.commonPool-worker-3] INFO  ozone.HddsDatanodeClientProtocolServer (HddsDatanodeClientProtocolServer.java:stop(83)) - Stopping the RPC server for Client Protocol
2024-05-09 06:30:33,085 [ForkJoinPool.commonPool-worker-3] INFO  ipc.Server (Server.java:stop(3523)) - Stopping server on 15063
2024-05-09 06:30:33,085 [IPC Server listener on 15063] INFO  ipc.Server (Server.java:run(1434)) - Stopping IPC Server listener on 15063
2024-05-09 06:30:33,085 [IPC Server Responder] INFO  ipc.Server (Server.java:run(1567)) - Stopping IPC Server Responder
2024-05-09 06:30:33,098 [ForkJoinPool.commonPool-worker-7] INFO  utils.DatanodeStoreCache (DatanodeStoreCache.java:shutdownCache(116)) - Skip clearing cache in mini cluster mode. Entries left: [/home/runner/work/ozone/ozone/hadoop-ozone/integration-test/target/test-dir/MiniOzoneClusterImpl-48ce40b1-13f8-460b-b529-5aa00ab75c3e/ozone-meta/datanode-4/data-0/hdds/48ce40b1-13f8-460b-b529-5aa00ab75c3e/DS-01de4ae5-8feb-4afb-8b1d-87e24b74a269/container.db]
2024-05-09 06:30:33,098 [ForkJoinPool.commonPool-worker-7] INFO  utils.DatanodeStoreCache (DatanodeStoreCache.java:removeDB(110)) - Removed db /home/runner/work/ozone/ozone/hadoop-ozone/integration-test/target/test-dir/MiniOzoneClusterImpl-48ce40b1-13f8-460b-b529-5aa00ab75c3e/ozone-meta/datanode-4/data-0/hdds/48ce40b1-13f8-460b-b529-5aa00ab75c3e/DS-01de4ae5-8feb-4afb-8b1d-87e24b74a269/container.db from cache
2024-05-09 06:30:33,098 [ForkJoinPool.commonPool-worker-7] INFO  volume.HddsVolume (HddsVolume.java:closeDbStore(470)) - SchemaV3 db is stopped at /home/runner/work/ozone/ozone/hadoop-ozone/integration-test/target/test-dir/MiniOzoneClusterImpl-48ce40b1-13f8-460b-b529-5aa00ab75c3e/ozone-meta/datanode-4/data-0/hdds/48ce40b1-13f8-460b-b529-5aa00ab75c3e/DS-01de4ae5-8feb-4afb-8b1d-87e24b74a269/container.db for volume DS-01de4ae5-8feb-4afb-8b1d-87e24b74a269
2024-05-09 06:30:33,098 [ForkJoinPool.commonPool-worker-7] INFO  utils.BackgroundService (BackgroundService.java:shutdown(160)) - Shutting down service BlockDeletingService
2024-05-09 06:30:33,099 [ForkJoinPool.commonPool-worker-7] INFO  utils.BackgroundService (BackgroundService.java:shutdown(160)) - Shutting down service StaleRecoveringContainerScrubbingService
2024-05-09 06:30:33,099 [ForkJoinPool.commonPool-worker-7] INFO  statemachine.DatanodeStateMachine (DatanodeStateMachine.java:stopDaemon(638)) - Ozone container server stopped.
2024-05-09 06:30:33,100 [ForkJoinPool.commonPool-worker-7] INFO  handler.ContextHandler (ContextHandler.java:doStop(1159)) - Stopped o.e.j.w.WebAppContext@6456fcc4{hddsDatanode,/,null,STOPPED}{file:/home/runner/work/ozone/ozone/hadoop-hdds/container-service/target/classes/webapps/hddsDatanode}
2024-05-09 06:30:33,100 [ForkJoinPool.commonPool-worker-7] INFO  server.AbstractConnector (AbstractConnector.java:doStop(383)) - Stopped ServerConnector@560def6c{HTTP/1.1, (http/1.1)}{0.0.0.0:15089}
2024-05-09 06:30:33,100 [ForkJoinPool.commonPool-worker-7] INFO  server.session (HouseKeeper.java:stopScavenging(149)) - node0 Stopped scavenging
2024-05-09 06:30:33,100 [ForkJoinPool.commonPool-worker-7] INFO  handler.ContextHandler (ContextHandler.java:doStop(1159)) - Stopped o.e.j.s.ServletContextHandler@7262e23e{static,/static,file:///home/runner/work/ozone/ozone/hadoop-hdds/container-service/target/classes/webapps/static,STOPPED}
2024-05-09 06:30:33,100 [ForkJoinPool.commonPool-worker-7] INFO  handler.ContextHandler (ContextHandler.java:doStop(1159)) - Stopped o.e.j.s.ServletContextHandler@6fd364a3{logs,/logs,file:///home/runner/work/ozone/ozone/hadoop-ozone/integration-test/target/log,STOPPED}
2024-05-09 06:30:33,101 [ForkJoinPool.commonPool-worker-7] INFO  ozone.HddsDatanodeClientProtocolServer (HddsDatanodeClientProtocolServer.java:stop(83)) - Stopping the RPC server for Client Protocol
2024-05-09 06:30:33,101 [ForkJoinPool.commonPool-worker-7] INFO  ipc.Server (Server.java:stop(3523)) - Stopping server on 15090
2024-05-09 06:30:33,101 [IPC Server listener on 15090] INFO  ipc.Server (Server.java:run(1434)) - Stopping IPC Server listener on 15090
2024-05-09 06:30:33,101 [IPC Server Responder] INFO  ipc.Server (Server.java:run(1567)) - Stopping IPC Server Responder
2024-05-09 06:30:33,102 [main] INFO  ozone.MiniOzoneClusterImpl (MiniOzoneClusterImpl.java:stopSCM(486)) - Stopping the StorageContainerManager
2024-05-09 06:30:33,102 [main] INFO  server.StorageContainerManager (StorageContainerManager.java:stop(1653)) - Container Balancer is not running.
2024-05-09 06:30:33,102 [main] INFO  server.StorageContainerManager (StorageContainerManager.java:stopReplicationManager(1786)) - Stopping Replication Manager Service.
2024-05-09 06:30:33,102 [main] INFO  replication.ReplicationManager (ReplicationManager.java:stop(329)) - Stopping Replication Monitor Thread.
2024-05-09 06:30:33,102 [UnderReplicatedProcessor] WARN  replication.UnhealthyReplicationProcessor (UnhealthyReplicationProcessor.java:run(180)) - UnderReplicatedProcessor interrupted. Exiting...
2024-05-09 06:30:33,102 [OverReplicatedProcessor] WARN  replication.UnhealthyReplicationProcessor (UnhealthyReplicationProcessor.java:run(180)) - OverReplicatedProcessor interrupted. Exiting...
2024-05-09 06:30:33,102 [ReplicationMonitor] INFO  replication.ReplicationManager (ReplicationManager.java:run(938)) - Replication Monitor Thread is stopped
2024-05-09 06:30:33,103 [main] INFO  server.StorageContainerManager (StorageContainerManager.java:stop(1662)) - Stopping the Datanode Admin Monitor.
2024-05-09 06:30:33,103 [main] INFO  server.StorageContainerManager (StorageContainerManager.java:stop(1669)) - Stopping datanode service RPC server
2024-05-09 06:30:33,103 [main] INFO  server.SCMDatanodeProtocolServer (SCMDatanodeProtocolServer.java:stop(425)) - Stopping the RPC server for DataNodes
2024-05-09 06:30:33,103 [main] INFO  ipc.Server (Server.java:stop(3523)) - Stopping server on 15055
2024-05-09 06:30:33,107 [IPC Server listener on 15055] INFO  ipc.Server (Server.java:run(1434)) - Stopping IPC Server listener on 15055
2024-05-09 06:30:33,107 [IPC Server Responder] INFO  ipc.Server (Server.java:run(1567)) - Stopping IPC Server Responder
2024-05-09 06:30:36,780 [SCMHeartbeatProcessor-0] WARN  node.NodeStateManager (NodeStateManager.java:scheduleNextHealthCheck(878)) - Current Thread is interrupted, shutting down HB processing thread for Node Manager.
2024-05-09 06:30:36,780 [main] INFO  server.StorageContainerManager (StorageContainerManager.java:stop(1677)) - Stopping block service RPC server
2024-05-09 06:30:36,780 [main] INFO  server.SCMBlockProtocolServer (SCMBlockProtocolServer.java:stop(171)) - Stopping the RPC server for Block Protocol
2024-05-09 06:30:36,780 [main] INFO  ipc.Server (Server.java:stop(3523)) - Stopping server on 15054
2024-05-09 06:30:36,782 [IPC Server Responder] INFO  ipc.Server (Server.java:run(1567)) - Stopping IPC Server Responder
2024-05-09 06:30:36,782 [IPC Server listener on 15054] INFO  ipc.Server (Server.java:run(1434)) - Stopping IPC Server listener on 15054
2024-05-09 06:30:36,782 [main] INFO  server.StorageContainerManager (StorageContainerManager.java:stop(1684)) - Stopping the StorageContainerLocationProtocol RPC server
2024-05-09 06:30:36,782 [main] INFO  server.SCMClientProtocolServer (SCMClientProtocolServer.java:stop(213)) - Stopping the RPC server for Client Protocol
2024-05-09 06:30:36,782 [main] INFO  ipc.Server (Server.java:stop(3523)) - Stopping server on 15053
2024-05-09 06:30:36,783 [IPC Server Responder] INFO  ipc.Server (Server.java:run(1567)) - Stopping IPC Server Responder
2024-05-09 06:30:36,783 [IPC Server listener on 15053] INFO  ipc.Server (Server.java:run(1434)) - Stopping IPC Server listener on 15053
2024-05-09 06:30:36,783 [main] INFO  server.StorageContainerManager (StorageContainerManager.java:stop(1691)) - Stopping Storage Container Manager HTTP server.
2024-05-09 06:30:36,785 [main] INFO  handler.ContextHandler (ContextHandler.java:doStop(1159)) - Stopped o.e.j.w.WebAppContext@1b06c3f8{scm,/,null,STOPPED}{file:/home/runner/work/ozone/ozone/hadoop-ozone/integration-test/target/test-classes/webapps/scm}
2024-05-09 06:30:36,785 [main] INFO  server.AbstractConnector (AbstractConnector.java:doStop(383)) - Stopped ServerConnector@6d61cfe4{HTTP/1.1, (http/1.1)}{0.0.0.0:15056}
2024-05-09 06:30:36,785 [main] INFO  server.session (HouseKeeper.java:stopScavenging(149)) - node0 Stopped scavenging
2024-05-09 06:30:36,786 [main] INFO  handler.ContextHandler (ContextHandler.java:doStop(1159)) - Stopped o.e.j.s.ServletContextHandler@1a2d79bf{static,/static,file:///home/runner/work/ozone/ozone/hadoop-ozone/integration-test/target/test-classes/webapps/static,STOPPED}
2024-05-09 06:30:36,786 [main] INFO  handler.ContextHandler (ContextHandler.java:doStop(1159)) - Stopped o.e.j.s.ServletContextHandler@18ae3583{logs,/logs,file:///home/runner/work/ozone/ozone/hadoop-ozone/integration-test/target/log,STOPPED}
2024-05-09 06:30:36,787 [main] INFO  server.StorageContainerManager (StorageContainerManager.java:stop(1699)) - Stopping SCM LayoutVersionManager Service.
2024-05-09 06:30:36,787 [main] INFO  server.StorageContainerManager (StorageContainerManager.java:stop(1711)) - Stopping Block Manager Service.
2024-05-09 06:30:36,787 [main] INFO  utils.BackgroundService (BackgroundService.java:shutdown(160)) - Shutting down service SCMBlockDeletingService
2024-05-09 06:30:36,787 [main] INFO  utils.BackgroundService (BackgroundService.java:shutdown(160)) - Shutting down service SCMBlockDeletingService
2024-05-09 06:30:36,788 [main] INFO  server.StorageContainerManager (StorageContainerManager.java:stop(1731)) - Stopping SCM Event Queue.
2024-05-09 06:30:36,788 [JvmPauseMonitor7] INFO  util.JvmPauseMonitor (JvmPauseMonitor.java:run(152)) - JvmPauseMonitor-e11feffd-e3f8-44d2-ab53-bce3ab0c2692: Stopped
2024-05-09 06:30:36,788 [main] INFO  server.StorageContainerManager (StorageContainerManager.java:stop(1742)) - Stopping SCM HA services.
2024-05-09 06:30:36,788 [main] INFO  pipeline.BackgroundPipelineCreator (BackgroundPipelineCreator.java:stop(152)) - Stopping RatisPipelineUtilsThread.
2024-05-09 06:30:36,789 [RatisPipelineUtilsThread-0] WARN  pipeline.BackgroundPipelineCreator (BackgroundPipelineCreator.java:run(183)) - RatisPipelineUtilsThread is interrupted.
2024-05-09 06:30:36,789 [BackgroundPipelineScrubber] WARN  BackgroundPipelineScrubber (BackgroundSCMService.java:run(112)) - BackgroundPipelineScrubber is interrupted, exit
2024-05-09 06:30:36,789 [main] INFO  BackgroundPipelineScrubber (BackgroundSCMService.java:stop(128)) - Stopping BackgroundPipelineScrubber Service.
2024-05-09 06:30:36,789 [main] INFO  impl.MetricsSystemImpl (MetricsSystemImpl.java:stop(210)) - Stopping HddsDatanode metrics system...
2024-05-09 06:30:36,790 [prometheus] INFO  impl.MetricsSinkAdapter (MetricsSinkAdapter.java:publishMetricsFromQueue(141)) - prometheus thread interrupted.
2024-05-09 06:30:36,791 [main] INFO  impl.MetricsSystemImpl (MetricsSystemImpl.java:stop(216)) - HddsDatanode metrics system stopped.
2024-05-09 06:30:36,791 [main] WARN  pipeline.BackgroundPipelineCreator (BackgroundPipelineCreator.java:stop(148)) - RatisPipelineUtilsThread is not running, just ignore.
2024-05-09 06:30:36,791 [main] INFO  BackgroundPipelineScrubber (BackgroundSCMService.java:stop(123)) - BackgroundPipelineScrubber Service is not running, skip stop.
2024-05-09 06:30:36,791 [main] INFO  ExpiredContainerReplicaOpScrubber (BackgroundSCMService.java:stop(128)) - Stopping ExpiredContainerReplicaOpScrubber Service.
2024-05-09 06:30:36,791 [main] INFO  utils.BackgroundService (BackgroundService.java:shutdown(160)) - Shutting down service SCMBlockDeletingService
2024-05-09 06:30:36,791 [main] INFO  replication.ReplicationManager (ReplicationManager.java:stop(339)) - Replication Monitor Thread is not running.
2024-05-09 06:30:36,792 [main] WARN  balancer.ContainerBalancer (ContainerBalancer.java:stop(327)) - Cannot stop Container Balancer because it's not running or stopping
2024-05-09 06:30:36,791 [ExpiredContainerReplicaOpScrubber] WARN  ExpiredContainerReplicaOpScrubber (BackgroundSCMService.java:run(112)) - ExpiredContainerReplicaOpScrubber is interrupted, exit
2024-05-09 06:30:36,792 [main] INFO  server.StorageContainerManager (StorageContainerManager.java:stop(1777)) - Stopping SCM MetadataStore.
2024-05-09 06:30:36,792 [LeaseManager#LeaseMonitor] WARN  lease.LeaseManager (LeaseManager.java:run(287)) - Lease manager is interrupted. Shutting down...
java.lang.InterruptedException
	at java.base/java.util.concurrent.locks.AbstractQueuedSynchronizer.tryAcquireSharedNanos(AbstractQueuedSynchronizer.java:1081)
	at java.base/java.util.concurrent.Semaphore.tryAcquire(Semaphore.java:415)
	at org.apache.hadoop.ozone.lease.LeaseManager$LeaseMonitor.run(LeaseManager.java:285)
	at java.base/java.lang.Thread.run(Thread.java:840)
]]></system-out>
  </testcase>
</testsuite>