<?xml version="1.0" encoding="UTF-8"?>
<testsuite xmlns:xsi="http://www.w3.org/2001/XMLSchema-instance" xsi:noNamespaceSchemaLocation="https://maven.apache.org/surefire/maven-surefire-plugin/xsd/surefire-test-report.xsd" name="org.apache.hadoop.ozone.client.rpc.TestBlockOutputStreamWithFailures" time="416.846" tests="5" errors="1" skipped="0" failures="0">
  <properties>
    <property name="awt.toolkit" value="sun.awt.X11.XToolkit"/>
    <property name="file.encoding.pkg" value="sun.io"/>
    <property name="java.specification.version" value="1.8"/>
    <property name="sun.cpu.isalist" value=""/>
    <property name="sun.jnu.encoding" value="UTF-8"/>
    <property name="java.class.path" value="/home/runner/work/ozone/ozone/hadoop-ozone/integration-test/target/test-classes:/home/runner/work/ozone/ozone/hadoop-ozone/integration-test/target/classes:/home/runner/.m2/repository/org/apache/ozone/ozone-common/1.2.0-SNAPSHOT/ozone-common-1.2.0-SNAPSHOT.jar:/home/runner/.m2/repository/org/apache/commons/commons-compress/1.21/commons-compress-1.21.jar:/home/runner/.m2/repository/org/apache/ozone/hdds-common/1.2.0-SNAPSHOT/hdds-common-1.2.0-SNAPSHOT.jar:/home/runner/.m2/repository/org/apache/ozone/hdds-client/1.2.0-SNAPSHOT/hdds-client-1.2.0-SNAPSHOT.jar:/home/runner/.m2/repository/org/apache/ozone/ozone-interface-client/1.2.0-SNAPSHOT/ozone-interface-client-1.2.0-SNAPSHOT.jar:/home/runner/.m2/repository/org/apache/ozone/hdds-test-utils/1.2.0-SNAPSHOT/hdds-test-utils-1.2.0-SNAPSHOT.jar:/home/runner/.m2/repository/com/google/guava/guava/30.1.1-jre/guava-30.1.1-jre.jar:/home/runner/.m2/repository/com/google/guava/failureaccess/1.0.1/failureaccess-1.0.1.jar:/home/runner/.m2/repository/com/google/guava/listenablefuture/9999.0-empty-to-avoid-conflict-with-guava/listenablefuture-9999.0-empty-to-avoid-conflict-with-guava.jar:/home/runner/.m2/repository/com/google/code/findbugs/jsr305/3.0.0/jsr305-3.0.0.jar:/home/runner/.m2/repository/org/checkerframework/checker-qual/3.8.0/checker-qual-3.8.0.jar:/home/runner/.m2/repository/com/google/errorprone/error_prone_annotations/2.2.0/error_prone_annotations-2.2.0.jar:/home/runner/.m2/repository/com/google/j2objc/j2objc-annotations/1.3/j2objc-annotations-1.3.jar:/home/runner/.m2/repository/commons-io/commons-io/2.11.0/commons-io-2.11.0.jar:/home/runner/.m2/repository/commons-logging/commons-logging/1.2/commons-logging-1.2.jar:/home/runner/.m2/repository/log4j/log4j/1.2.17/log4j-1.2.17.jar:/home/runner/.m2/repository/org/slf4j/slf4j-api/1.7.30/slf4j-api-1.7.30.jar:/home/runner/.m2/repository/org/apache/ozone/hdds-server-scm/1.2.0-SNAPSHOT/hdds-server-scm-1.2.0-SNAPSHOT.jar:/home/runner/.m2/repository/org/apache/ozone/hdds-container-service/1.2.0-SNAPSHOT/hdds-container-service-1.2.0-SNAPSHOT.jar:/home/runner/.m2/repository/org/apache/ozone/hdds-hadoop-dependency-server/1.2.0-SNAPSHOT/hdds-hadoop-dependency-server-1.2.0-SNAPSHOT.jar:/home/runner/.m2/repository/org/apache/hadoop/hadoop-hdfs/3.3.1/hadoop-hdfs-3.3.1.jar:/home/runner/.m2/repository/org/apache/ozone/hdds-server-framework/1.2.0-SNAPSHOT/hdds-server-framework-1.2.0-SNAPSHOT.jar:/home/runner/.m2/repository/org/apache/ozone/hdds-interface-server/1.2.0-SNAPSHOT/hdds-interface-server-1.2.0-SNAPSHOT.jar:/home/runner/.m2/repository/org/eclipse/jetty/jetty-servlet/9.4.43.v20210629/jetty-servlet-9.4.43.v20210629.jar:/home/runner/.m2/repository/org/eclipse/jetty/jetty-security/9.4.43.v20210629/jetty-security-9.4.43.v20210629.jar:/home/runner/.m2/repository/org/rocksdb/rocksdbjni/6.25.3/rocksdbjni-6.25.3.jar:/home/runner/.m2/repository/io/prometheus/simpleclient_dropwizard/0.7.0/simpleclient_dropwizard-0.7.0.jar:/home/runner/.m2/repository/io/prometheus/simpleclient/0.7.0/simpleclient-0.7.0.jar:/home/runner/.m2/repository/io/prometheus/simpleclient_common/0.7.0/simpleclient_common-0.7.0.jar:/home/runner/.m2/repository/com/fasterxml/jackson/datatype/jackson-datatype-jsr310/2.12.1/jackson-datatype-jsr310-2.12.1.jar:/home/runner/.m2/repository/io/dropwizard/metrics/metrics-core/3.2.4/metrics-core-3.2.4.jar:/home/runner/.m2/repository/org/apache/hadoop/hadoop-hdfs-client/3.3.1/hadoop-hdfs-client-3.3.1.jar:/home/runner/.m2/repository/org/bouncycastle/bcprov-jdk15on/1.67/bcprov-jdk15on-1.67.jar:/home/runner/.m2/repository/com/google/protobuf/protobuf-java/2.5.0/protobuf-java-2.5.0.jar:/home/runner/.m2/repository/org/apache/ozone/ozone-manager/1.2.0-SNAPSHOT/ozone-manager-1.2.0-SNAPSHOT.jar:/home/runner/.m2/repository/org/aspectj/aspectjrt/1.9.7/aspectjrt-1.9.7.jar:/home/runner/.m2/repository/org/aspectj/aspectjweaver/1.9.7/aspectjweaver-1.9.7.jar:/home/runner/.m2/repository/org/apache/ozone/hdds-interface-client/1.2.0-SNAPSHOT/hdds-interface-client-1.2.0-SNAPSHOT.jar:/home/runner/.m2/repository/org/apache/hadoop/thirdparty/hadoop-shaded-protobuf_3_7/1.1.1/hadoop-shaded-protobuf_3_7-1.1.1.jar:/home/runner/.m2/repository/org/apache/ozone/ozone-interface-storage/1.2.0-SNAPSHOT/ozone-interface-storage-1.2.0-SNAPSHOT.jar:/home/runner/.m2/repository/org/reflections/reflections/0.9.11/reflections-0.9.11.jar:/home/runner/.m2/repository/org/apache/hadoop/hadoop-minikdc/3.3.1/hadoop-minikdc-3.3.1.jar:/home/runner/.m2/repository/org/apache/kerby/kerb-simplekdc/1.0.1/kerb-simplekdc-1.0.1.jar:/home/runner/.m2/repository/org/apache/kerby/kerb-client/1.0.1/kerb-client-1.0.1.jar:/home/runner/.m2/repository/org/apache/kerby/kerby-config/1.0.1/kerby-config-1.0.1.jar:/home/runner/.m2/repository/org/apache/kerby/kerb-common/1.0.1/kerb-common-1.0.1.jar:/home/runner/.m2/repository/org/apache/kerby/kerb-crypto/1.0.1/kerb-crypto-1.0.1.jar:/home/runner/.m2/repository/org/apache/kerby/kerb-util/1.0.1/kerb-util-1.0.1.jar:/home/runner/.m2/repository/org/apache/kerby/token-provider/1.0.1/token-provider-1.0.1.jar:/home/runner/.m2/repository/org/apache/kerby/kerb-admin/1.0.1/kerb-admin-1.0.1.jar:/home/runner/.m2/repository/org/apache/kerby/kerb-server/1.0.1/kerb-server-1.0.1.jar:/home/runner/.m2/repository/org/apache/kerby/kerb-identity/1.0.1/kerb-identity-1.0.1.jar:/home/runner/.m2/repository/org/apache/kerby/kerby-xdr/1.0.1/kerby-xdr-1.0.1.jar:/home/runner/.m2/repository/org/slf4j/slf4j-log4j12/1.7.30/slf4j-log4j12-1.7.30.jar:/home/runner/.m2/repository/org/apache/ozone/ozone-s3gateway/1.2.0-SNAPSHOT/ozone-s3gateway-1.2.0-SNAPSHOT.jar:/home/runner/.m2/repository/org/javassist/javassist/3.21.0-GA/javassist-3.21.0-GA.jar:/home/runner/.m2/repository/org/jboss/weld/servlet/weld-servlet/2.4.7.Final/weld-servlet-2.4.7.Final.jar:/home/runner/.m2/repository/org/glassfish/jersey/containers/jersey-container-servlet-core/2.33/jersey-container-servlet-core-2.33.jar:/home/runner/.m2/repository/org/glassfish/hk2/external/jakarta.inject/2.6.1/jakarta.inject-2.6.1.jar:/home/runner/.m2/repository/org/glassfish/jersey/core/jersey-common/2.33/jersey-common-2.33.jar:/home/runner/.m2/repository/jakarta/ws/rs/jakarta.ws.rs-api/2.1.6/jakarta.ws.rs-api-2.1.6.jar:/home/runner/.m2/repository/org/glassfish/jersey/ext/cdi/jersey-cdi1x/2.33/jersey-cdi1x-2.33.jar:/home/runner/.m2/repository/org/glassfish/jersey/inject/jersey-hk2/2.33/jersey-hk2-2.33.jar:/home/runner/.m2/repository/org/glassfish/hk2/hk2-locator/2.6.1/hk2-locator-2.6.1.jar:/home/runner/.m2/repository/org/glassfish/jersey/media/jersey-media-jaxb/2.33/jersey-media-jaxb-2.33.jar:/home/runner/.m2/repository/org/glassfish/hk2/osgi-resource-locator/1.0.3/osgi-resource-locator-1.0.3.jar:/home/runner/.m2/repository/org/glassfish/hk2/hk2-api/2.5.0/hk2-api-2.5.0.jar:/home/runner/.m2/repository/org/glassfish/hk2/hk2-utils/2.5.0/hk2-utils-2.5.0.jar:/home/runner/.m2/repository/org/glassfish/hk2/external/aopalliance-repackaged/2.5.0/aopalliance-repackaged-2.5.0.jar:/home/runner/.m2/repository/com/fasterxml/jackson/dataformat/jackson-dataformat-xml/2.12.1/jackson-dataformat-xml-2.12.1.jar:/home/runner/.m2/repository/com/fasterxml/jackson/core/jackson-core/2.12.1/jackson-core-2.12.1.jar:/home/runner/.m2/repository/com/fasterxml/jackson/module/jackson-module-jaxb-annotations/2.12.1/jackson-module-jaxb-annotations-2.12.1.jar:/home/runner/.m2/repository/jakarta/xml/bind/jakarta.xml.bind-api/2.3.2/jakarta.xml.bind-api-2.3.2.jar:/home/runner/.m2/repository/org/codehaus/woodstox/stax2-api/3.1.4/stax2-api-3.1.4.jar:/home/runner/.m2/repository/com/fasterxml/woodstox/woodstox-core/5.0.3/woodstox-core-5.0.3.jar:/home/runner/.m2/repository/javax/enterprise/cdi-api/1.2/cdi-api-1.2.jar:/home/runner/.m2/repository/javax/el/javax.el-api/3.0.0/javax.el-api-3.0.0.jar:/home/runner/.m2/repository/javax/interceptor/javax.interceptor-api/1.2/javax.interceptor-api-1.2.jar:/home/runner/.m2/repository/javax/inject/javax.inject/1/javax.inject-1.jar:/home/runner/.m2/repository/javax/xml/bind/jaxb-api/2.3.0/jaxb-api-2.3.0.jar:/home/runner/.m2/repository/org/glassfish/jaxb/jaxb-runtime/2.3.0.1/jaxb-runtime-2.3.0.1.jar:/home/runner/.m2/repository/org/glassfish/jaxb/jaxb-core/2.3.0.1/jaxb-core-2.3.0.1.jar:/home/runner/.m2/repository/org/glassfish/jaxb/txw2/2.3.0.1/txw2-2.3.0.1.jar:/home/runner/.m2/repository/com/sun/istack/istack-commons-runtime/3.0.5/istack-commons-runtime-3.0.5.jar:/home/runner/.m2/repository/org/jvnet/staxex/stax-ex/1.7.8/stax-ex-1.7.8.jar:/home/runner/.m2/repository/com/sun/xml/fastinfoset/FastInfoset/1.2.13/FastInfoset-1.2.13.jar:/home/runner/.m2/repository/javax/activation/activation/1.1.1/activation-1.1.1.jar:/home/runner/.m2/repository/org/apache/ozone/ozone-csi/1.2.0-SNAPSHOT/ozone-csi-1.2.0-SNAPSHOT.jar:/home/runner/.m2/repository/com/google/protobuf/protobuf-java-util/3.12.0/protobuf-java-util-3.12.0.jar:/home/runner/.m2/repository/com/google/code/gson/gson/2.2.4/gson-2.2.4.jar:/home/runner/.m2/repository/org/apache/ozone/hdds-config/1.2.0-SNAPSHOT/hdds-config-1.2.0-SNAPSHOT.jar:/home/runner/.m2/repository/io/grpc/grpc-netty/1.33.0/grpc-netty-1.33.0.jar:/home/runner/.m2/repository/io/grpc/grpc-core/1.33.0/grpc-core-1.33.0.jar:/home/runner/.m2/repository/com/google/android/annotations/4.1.1.4/annotations-4.1.1.4.jar:/home/runner/.m2/repository/io/netty/netty-codec-http2/4.1.63.Final/netty-codec-http2-4.1.63.Final.jar:/home/runner/.m2/repository/io/netty/netty-codec-http/4.1.63.Final/netty-codec-http-4.1.63.Final.jar:/home/runner/.m2/repository/io/netty/netty-handler-proxy/4.1.63.Final/netty-handler-proxy-4.1.63.Final.jar:/home/runner/.m2/repository/io/netty/netty-codec-socks/4.1.63.Final/netty-codec-socks-4.1.63.Final.jar:/home/runner/.m2/repository/io/perfmark/perfmark-api/0.19.0/perfmark-api-0.19.0.jar:/home/runner/.m2/repository/org/codehaus/mojo/animal-sniffer-annotations/1.18/animal-sniffer-annotations-1.18.jar:/home/runner/.m2/repository/io/netty/netty-transport-native-epoll/4.1.63.Final/netty-transport-native-epoll-4.1.63.Final.jar:/home/runner/.m2/repository/io/netty/netty-common/4.1.63.Final/netty-common-4.1.63.Final.jar:/home/runner/.m2/repository/io/netty/netty-buffer/4.1.63.Final/netty-buffer-4.1.63.Final.jar:/home/runner/.m2/repository/io/netty/netty-transport-native-unix-common/4.1.63.Final/netty-transport-native-unix-common-4.1.63.Final.jar:/home/runner/.m2/repository/io/grpc/grpc-protobuf/1.33.0/grpc-protobuf-1.33.0.jar:/home/runner/.m2/repository/io/grpc/grpc-api/1.33.0/grpc-api-1.33.0.jar:/home/runner/.m2/repository/io/grpc/grpc-context/1.33.0/grpc-context-1.33.0.jar:/home/runner/.m2/repository/com/google/api/grpc/proto-google-common-protos/1.17.0/proto-google-common-protos-1.17.0.jar:/home/runner/.m2/repository/io/grpc/grpc-protobuf-lite/1.33.0/grpc-protobuf-lite-1.33.0.jar:/home/runner/.m2/repository/io/grpc/grpc-stub/1.33.0/grpc-stub-1.33.0.jar:/home/runner/.m2/repository/org/apache/ozone/ozone-recon/1.2.0-SNAPSHOT/ozone-recon-1.2.0-SNAPSHOT.jar:/home/runner/.m2/repository/org/apache/ozone/ozone-reconcodegen/1.2.0-SNAPSHOT/ozone-reconcodegen-1.2.0-SNAPSHOT.jar:/home/runner/.m2/repository/com/google/inject/extensions/guice-multibindings/4.0/guice-multibindings-4.0.jar:/home/runner/.m2/repository/com/google/inject/guice/4.0/guice-4.0.jar:/home/runner/.m2/repository/aopalliance/aopalliance/1.0/aopalliance-1.0.jar:/home/runner/.m2/repository/com/google/inject/extensions/guice-assistedinject/4.0/guice-assistedinject-4.0.jar:/home/runner/.m2/repository/com/google/inject/extensions/guice-servlet/4.0/guice-servlet-4.0.jar:/home/runner/.m2/repository/org/glassfish/jersey/containers/jersey-container-servlet/2.33/jersey-container-servlet-2.33.jar:/home/runner/.m2/repository/org/glassfish/hk2/guice-bridge/2.5.0/guice-bridge-2.5.0.jar:/home/runner/.m2/repository/org/glassfish/jersey/core/jersey-server/2.33/jersey-server-2.33.jar:/home/runner/.m2/repository/org/glassfish/jersey/core/jersey-client/2.33/jersey-client-2.33.jar:/home/runner/.m2/repository/jakarta/annotation/jakarta.annotation-api/1.3.5/jakarta.annotation-api-1.3.5.jar:/home/runner/.m2/repository/jakarta/validation/jakarta.validation-api/2.0.2/jakarta.validation-api-2.0.2.jar:/home/runner/.m2/repository/org/glassfish/jersey/media/jersey-media-json-jackson/2.33/jersey-media-json-jackson-2.33.jar:/home/runner/.m2/repository/org/glassfish/jersey/ext/jersey-entity-filtering/2.33/jersey-entity-filtering-2.33.jar:/home/runner/.m2/repository/org/jooq/jooq/3.11.10/jooq-3.11.10.jar:/home/runner/.m2/repository/org/jooq/jooq-meta/3.11.10/jooq-meta-3.11.10.jar:/home/runner/.m2/repository/org/jooq/jooq-codegen/3.11.10/jooq-codegen-3.11.10.jar:/home/runner/.m2/repository/com/jolbox/bonecp/0.8.0.RELEASE/bonecp-0.8.0.RELEASE.jar:/home/runner/.m2/repository/org/apache/derby/derby/10.14.2.0/derby-10.14.2.0.jar:/home/runner/.m2/repository/org/xerial/sqlite-jdbc/3.25.2/sqlite-jdbc-3.25.2.jar:/home/runner/.m2/repository/org/springframework/spring-jdbc/5.2.18.RELEASE/spring-jdbc-5.2.18.RELEASE.jar:/home/runner/.m2/repository/org/springframework/spring-beans/5.2.18.RELEASE/spring-beans-5.2.18.RELEASE.jar:/home/runner/.m2/repository/org/springframework/spring-core/5.2.18.RELEASE/spring-core-5.2.18.RELEASE.jar:/home/runner/.m2/repository/org/springframework/spring-jcl/5.2.18.RELEASE/spring-jcl-5.2.18.RELEASE.jar:/home/runner/.m2/repository/org/springframework/spring-tx/5.2.18.RELEASE/spring-tx-5.2.18.RELEASE.jar:/home/runner/.m2/repository/org/apache/ozone/ozone-client/1.2.0-SNAPSHOT/ozone-client-1.2.0-SNAPSHOT.jar:/home/runner/.m2/repository/org/apache/ozone/ozone-filesystem/1.2.0-SNAPSHOT/ozone-filesystem-1.2.0-SNAPSHOT.jar:/home/runner/.m2/repository/org/apache/ozone/ozone-filesystem-common/1.2.0-SNAPSHOT/ozone-filesystem-common-1.2.0-SNAPSHOT.jar:/home/runner/.m2/repository/org/apache/ozone/ozone-tools/1.2.0-SNAPSHOT/ozone-tools-1.2.0-SNAPSHOT.jar:/home/runner/.m2/repository/org/apache/ratis/ratis-tools/2.2.0/ratis-tools-2.2.0.jar:/home/runner/.m2/repository/com/amazonaws/aws-java-sdk-core/1.11.1034/aws-java-sdk-core-1.11.1034.jar:/home/runner/.m2/repository/org/apache/httpcomponents/httpclient/4.5.13/httpclient-4.5.13.jar:/home/runner/.m2/repository/org/apache/httpcomponents/httpcore/4.4.13/httpcore-4.4.13.jar:/home/runner/.m2/repository/software/amazon/ion/ion-java/1.0.2/ion-java-1.0.2.jar:/home/runner/.m2/repository/com/fasterxml/jackson/dataformat/jackson-dataformat-cbor/2.12.1/jackson-dataformat-cbor-2.12.1.jar:/home/runner/.m2/repository/joda-time/joda-time/2.8.1/joda-time-2.8.1.jar:/home/runner/.m2/repository/com/amazonaws/aws-java-sdk-s3/1.11.1034/aws-java-sdk-s3-1.11.1034.jar:/home/runner/.m2/repository/com/amazonaws/aws-java-sdk-kms/1.11.1034/aws-java-sdk-kms-1.11.1034.jar:/home/runner/.m2/repository/com/amazonaws/jmespath-java/1.11.1034/jmespath-java-1.11.1034.jar:/home/runner/.m2/repository/org/kohsuke/metainf-services/metainf-services/1.8/metainf-services-1.8.jar:/home/runner/.m2/repository/org/apache/ozone/hdds-tools/1.2.0-SNAPSHOT/hdds-tools-1.2.0-SNAPSHOT.jar:/home/runner/.m2/repository/commons-cli/commons-cli/1.2/commons-cli-1.2.jar:/home/runner/.m2/repository/org/apache/commons/commons-lang3/3.7/commons-lang3-3.7.jar:/home/runner/.m2/repository/org/apache/ozone/ozone-manager/1.2.0-SNAPSHOT/ozone-manager-1.2.0-SNAPSHOT-tests.jar:/home/runner/.m2/repository/org/apache/ozone/hdds-common/1.2.0-SNAPSHOT/hdds-common-1.2.0-SNAPSHOT-tests.jar:/home/runner/.m2/repository/org/apache/ozone/hdds-hadoop-dependency-client/1.2.0-SNAPSHOT/hdds-hadoop-dependency-client-1.2.0-SNAPSHOT.jar:/home/runner/.m2/repository/info/picocli/picocli/4.6.1/picocli-4.6.1.jar:/home/runner/.m2/repository/com/fasterxml/jackson/core/jackson-annotations/2.12.1/jackson-annotations-2.12.1.jar:/home/runner/.m2/repository/javax/annotation/javax.annotation-api/1.2/javax.annotation-api-1.2.jar:/home/runner/.m2/repository/org/apache/ratis/ratis-server/2.2.0/ratis-server-2.2.0.jar:/home/runner/.m2/repository/org/apache/ratis/ratis-client/2.2.0/ratis-client-2.2.0.jar:/home/runner/.m2/repository/org/apache/ratis/ratis-server-api/2.2.0/ratis-server-api-2.2.0.jar:/home/runner/.m2/repository/org/apache/ratis/ratis-metrics/2.2.0/ratis-metrics-2.2.0.jar:/home/runner/.m2/repository/org/apache/ratis/ratis-netty/2.2.0/ratis-netty-2.2.0.jar:/home/runner/.m2/repository/org/apache/ratis/ratis-grpc/2.2.0/ratis-grpc-2.2.0.jar:/home/runner/.m2/repository/org/apache/logging/log4j/log4j-api/2.13.3/log4j-api-2.13.3.jar:/home/runner/.m2/repository/org/apache/logging/log4j/log4j-core/2.13.3/log4j-core-2.13.3.jar:/home/runner/.m2/repository/com/lmax/disruptor/3.4.2/disruptor-3.4.2.jar:/home/runner/.m2/repository/org/apache/commons/commons-pool2/2.6.0/commons-pool2-2.6.0.jar:/home/runner/.m2/repository/org/bouncycastle/bcpkix-jdk15on/1.67/bcpkix-jdk15on-1.67.jar:/home/runner/.m2/repository/commons-validator/commons-validator/1.6/commons-validator-1.6.jar:/home/runner/.m2/repository/commons-beanutils/commons-beanutils/1.9.4/commons-beanutils-1.9.4.jar:/home/runner/.m2/repository/commons-digester/commons-digester/1.8.1/commons-digester-1.8.1.jar:/home/runner/.m2/repository/commons-collections/commons-collections/3.2.2/commons-collections-3.2.2.jar:/home/runner/.m2/repository/io/jaegertracing/jaeger-client/1.6.0/jaeger-client-1.6.0.jar:/home/runner/.m2/repository/io/jaegertracing/jaeger-thrift/1.6.0/jaeger-thrift-1.6.0.jar:/home/runner/.m2/repository/org/apache/thrift/libthrift/0.14.1/libthrift-0.14.1.jar:/home/runner/.m2/repository/com/squareup/okhttp3/okhttp/4.9.0/okhttp-4.9.0.jar:/home/runner/.m2/repository/com/squareup/okio/okio/2.8.0/okio-2.8.0.jar:/home/runner/.m2/repository/io/jaegertracing/jaeger-core/1.6.0/jaeger-core-1.6.0.jar:/home/runner/.m2/repository/io/jaegertracing/jaeger-tracerresolver/1.6.0/jaeger-tracerresolver-1.6.0.jar:/home/runner/.m2/repository/io/opentracing/contrib/opentracing-tracerresolver/0.1.8/opentracing-tracerresolver-0.1.8.jar:/home/runner/.m2/repository/org/jetbrains/kotlin/kotlin-stdlib/1.4.31/kotlin-stdlib-1.4.31.jar:/home/runner/.m2/repository/org/jetbrains/kotlin/kotlin-stdlib-common/1.4.31/kotlin-stdlib-common-1.4.31.jar:/home/runner/.m2/repository/org/jetbrains/annotations/13.0/annotations-13.0.jar:/home/runner/.m2/repository/io/opentracing/opentracing-util/0.33.0/opentracing-util-0.33.0.jar:/home/runner/.m2/repository/io/opentracing/opentracing-api/0.33.0/opentracing-api-0.33.0.jar:/home/runner/.m2/repository/io/opentracing/opentracing-noop/0.33.0/opentracing-noop-0.33.0.jar:/home/runner/.m2/repository/org/yaml/snakeyaml/1.26/snakeyaml-1.26.jar:/home/runner/.m2/repository/org/apache/ozone/hdds-interface-admin/1.2.0-SNAPSHOT/hdds-interface-admin-1.2.0-SNAPSHOT.jar:/home/runner/.m2/repository/junit/junit/4.13.1/junit-4.13.1.jar:/home/runner/.m2/repository/org/hamcrest/hamcrest-core/1.3/hamcrest-core-1.3.jar:/home/runner/.m2/repository/org/junit/jupiter/junit-jupiter-api/5.7.0/junit-jupiter-api-5.7.0.jar:/home/runner/.m2/repository/org/apiguardian/apiguardian-api/1.1.0/apiguardian-api-1.1.0.jar:/home/runner/.m2/repository/org/opentest4j/opentest4j/1.2.0/opentest4j-1.2.0.jar:/home/runner/.m2/repository/org/junit/platform/junit-platform-commons/1.7.0/junit-platform-commons-1.7.0.jar:/home/runner/.m2/repository/org/junit/jupiter/junit-jupiter-engine/5.7.0/junit-jupiter-engine-5.7.0.jar:/home/runner/.m2/repository/org/junit/platform/junit-platform-engine/1.7.0/junit-platform-engine-1.7.0.jar:/home/runner/.m2/repository/org/junit/vintage/junit-vintage-engine/5.7.0/junit-vintage-engine-5.7.0.jar:/home/runner/.m2/repository/org/junit/platform/junit-platform-launcher/1.7.0/junit-platform-launcher-1.7.0.jar:/home/runner/.m2/repository/org/openjdk/jmh/jmh-core/1.19/jmh-core-1.19.jar:/home/runner/.m2/repository/net/sf/jopt-simple/jopt-simple/4.6/jopt-simple-4.6.jar:/home/runner/.m2/repository/org/apache/commons/commons-math3/3.1.1/commons-math3-3.1.1.jar:/home/runner/.m2/repository/org/openjdk/jmh/jmh-generator-annprocess/1.19/jmh-generator-annprocess-1.19.jar:/home/runner/.m2/repository/org/mockito/mockito-core/2.28.2/mockito-core-2.28.2.jar:/home/runner/.m2/repository/net/bytebuddy/byte-buddy/1.9.10/byte-buddy-1.9.10.jar:/home/runner/.m2/repository/net/bytebuddy/byte-buddy-agent/1.9.10/byte-buddy-agent-1.9.10.jar:/home/runner/.m2/repository/org/objenesis/objenesis/1.0/objenesis-1.0.jar:/home/runner/.m2/repository/org/apache/hadoop/hadoop-kms/3.3.1/hadoop-kms-3.3.1.jar:/home/runner/.m2/repository/org/apache/hadoop/hadoop-auth/3.3.1/hadoop-auth-3.3.1.jar:/home/runner/.m2/repository/com/nimbusds/nimbus-jose-jwt/7.9/nimbus-jose-jwt-7.9.jar:/home/runner/.m2/repository/com/github/stephenc/jcip/jcip-annotations/1.0-1/jcip-annotations-1.0-1.jar:/home/runner/.m2/repository/net/minidev/json-smart/2.3.1/json-smart-2.3.1.jar:/home/runner/.m2/repository/net/minidev/accessors-smart/2.3.1/accessors-smart-2.3.1.jar:/home/runner/.m2/repository/org/ow2/asm/asm/5.0.4/asm-5.0.4.jar:/home/runner/.m2/repository/org/apache/zookeeper/zookeeper/3.5.6/zookeeper-3.5.6.jar:/home/runner/.m2/repository/org/apache/zookeeper/zookeeper-jute/3.5.6/zookeeper-jute-3.5.6.jar:/home/runner/.m2/repository/org/apache/yetus/audience-annotations/0.5.0/audience-annotations-0.5.0.jar:/home/runner/.m2/repository/org/apache/curator/curator-framework/4.2.0/curator-framework-4.2.0.jar:/home/runner/.m2/repository/org/apache/hadoop/thirdparty/hadoop-shaded-guava/1.1.1/hadoop-shaded-guava-1.1.1.jar:/home/runner/.m2/repository/com/sun/jersey/jersey-core/1.19/jersey-core-1.19.jar:/home/runner/.m2/repository/javax/ws/rs/jsr311-api/1.1.1/jsr311-api-1.1.1.jar:/home/runner/.m2/repository/com/sun/jersey/jersey-server/1.19/jersey-server-1.19.jar:/home/runner/.m2/repository/javax/servlet/javax.servlet-api/3.1.0/javax.servlet-api-3.1.0.jar:/home/runner/.m2/repository/org/eclipse/jetty/jetty-server/9.4.43.v20210629/jetty-server-9.4.43.v20210629.jar:/home/runner/.m2/repository/org/eclipse/jetty/jetty-http/9.4.43.v20210629/jetty-http-9.4.43.v20210629.jar:/home/runner/.m2/repository/org/eclipse/jetty/jetty-io/9.4.43.v20210629/jetty-io-9.4.43.v20210629.jar:/home/runner/.m2/repository/org/eclipse/jetty/jetty-webapp/9.4.43.v20210629/jetty-webapp-9.4.43.v20210629.jar:/home/runner/.m2/repository/org/eclipse/jetty/jetty-xml/9.4.43.v20210629/jetty-xml-9.4.43.v20210629.jar:/home/runner/.m2/repository/org/apache/hadoop/hadoop-common/3.3.1/hadoop-common-3.3.1.jar:/home/runner/.m2/repository/commons-net/commons-net/3.6/commons-net-3.6.jar:/home/runner/.m2/repository/jakarta/activation/jakarta.activation-api/1.2.1/jakarta.activation-api-1.2.1.jar:/home/runner/.m2/repository/com/sun/jersey/jersey-servlet/1.19/jersey-servlet-1.19.jar:/home/runner/.m2/repository/com/sun/jersey/jersey-json/1.19/jersey-json-1.19.jar:/home/runner/.m2/repository/org/codehaus/jettison/jettison/1.1/jettison-1.1.jar:/home/runner/.m2/repository/com/sun/xml/bind/jaxb-impl/2.2.3-1/jaxb-impl-2.2.3-1.jar:/home/runner/.m2/repository/org/codehaus/jackson/jackson-jaxrs/1.9.2/jackson-jaxrs-1.9.2.jar:/home/runner/.m2/repository/org/codehaus/jackson/jackson-xc/1.9.2/jackson-xc-1.9.2.jar:/home/runner/.m2/repository/org/apache/commons/commons-configuration2/2.1.1/commons-configuration2-2.1.1.jar:/home/runner/.m2/repository/org/apache/commons/commons-text/1.4/commons-text-1.4.jar:/home/runner/.m2/repository/com/google/re2j/re2j/1.1/re2j-1.1.jar:/home/runner/.m2/repository/com/jcraft/jsch/0.1.54/jsch-0.1.54.jar:/home/runner/.m2/repository/org/apache/curator/curator-client/4.2.0/curator-client-4.2.0.jar:/home/runner/.m2/repository/org/apache/curator/curator-recipes/4.2.0/curator-recipes-4.2.0.jar:/home/runner/.m2/repository/org/apache/kerby/kerb-core/1.0.1/kerb-core-1.0.1.jar:/home/runner/.m2/repository/org/apache/kerby/kerby-pkix/1.0.1/kerby-pkix-1.0.1.jar:/home/runner/.m2/repository/org/apache/kerby/kerby-asn1/1.0.1/kerby-asn1-1.0.1.jar:/home/runner/.m2/repository/org/apache/kerby/kerby-util/1.0.1/kerby-util-1.0.1.jar:/home/runner/.m2/repository/dnsjava/dnsjava/2.1.7/dnsjava-2.1.7.jar:/home/runner/.m2/repository/org/xerial/snappy/snappy-java/1.1.8.2/snappy-java-1.1.8.2.jar:/home/runner/.m2/repository/org/slf4j/jul-to-slf4j/1.7.30/jul-to-slf4j-1.7.30.jar:/home/runner/.m2/repository/org/eclipse/jetty/jetty-util/9.4.43.v20210629/jetty-util-9.4.43.v20210629.jar:/home/runner/.m2/repository/com/fasterxml/jackson/core/jackson-databind/2.12.1/jackson-databind-2.12.1.jar:/home/runner/.m2/repository/org/apache/hadoop/hadoop-kms/3.3.1/hadoop-kms-3.3.1-tests.jar:/home/runner/.m2/repository/org/apache/ozone/hdds-server-scm/1.2.0-SNAPSHOT/hdds-server-scm-1.2.0-SNAPSHOT-tests.jar:/home/runner/.m2/repository/org/apache/ozone/hdds-container-service/1.2.0-SNAPSHOT/hdds-container-service-1.2.0-SNAPSHOT-tests.jar:/home/runner/.m2/repository/commons-codec/commons-codec/1.11/commons-codec-1.11.jar:/home/runner/.m2/repository/io/netty/netty-transport/4.1.63.Final/netty-transport-4.1.63.Final.jar:/home/runner/.m2/repository/io/netty/netty-resolver/4.1.63.Final/netty-resolver-4.1.63.Final.jar:/home/runner/.m2/repository/io/netty/netty-codec/4.1.63.Final/netty-codec-4.1.63.Final.jar:/home/runner/.m2/repository/io/netty/netty-handler/4.1.63.Final/netty-handler-4.1.63.Final.jar:/home/runner/.m2/repository/org/apache/ozone/hdds-hadoop-dependency-test/1.2.0-SNAPSHOT/hdds-hadoop-dependency-test-1.2.0-SNAPSHOT.jar:/home/runner/.m2/repository/org/apache/hadoop/hadoop-common/3.3.1/hadoop-common-3.3.1-tests.jar:/home/runner/.m2/repository/org/assertj/assertj-core/3.12.2/assertj-core-3.12.2.jar:/home/runner/.m2/repository/org/apache/hadoop/hadoop-hdfs/3.3.1/hadoop-hdfs-3.3.1-tests.jar:/home/runner/.m2/repository/org/eclipse/jetty/jetty-util-ajax/9.4.43.v20210629/jetty-util-ajax-9.4.43.v20210629.jar:/home/runner/.m2/repository/commons-daemon/commons-daemon/1.0.13/commons-daemon-1.0.13.jar:/home/runner/.m2/repository/io/netty/netty/3.10.6.Final/netty-3.10.6.Final.jar:/home/runner/.m2/repository/io/netty/netty-all/4.1.63.Final/netty-all-4.1.63.Final.jar:/home/runner/.m2/repository/org/apache/htrace/htrace-core4/4.1.0-incubating/htrace-core4-4.1.0-incubating.jar:/home/runner/.m2/repository/org/fusesource/leveldbjni/leveldbjni-all/1.8/leveldbjni-all-1.8.jar:/home/runner/.m2/repository/org/apache/hadoop/hadoop-distcp/3.3.1/hadoop-distcp-3.3.1.jar:/home/runner/.m2/repository/org/apache/hadoop/hadoop-mapreduce-client-jobclient/3.3.1/hadoop-mapreduce-client-jobclient-3.3.1.jar:/home/runner/.m2/repository/org/apache/hadoop/hadoop-mapreduce-client-common/3.3.1/hadoop-mapreduce-client-common-3.3.1.jar:/home/runner/.m2/repository/org/apache/hadoop/hadoop-yarn-common/3.3.1/hadoop-yarn-common-3.3.1.jar:/home/runner/.m2/repository/org/apache/hadoop/hadoop-yarn-api/3.3.1/hadoop-yarn-api-3.3.1.jar:/home/runner/.m2/repository/com/sun/jersey/jersey-client/1.19/jersey-client-1.19.jar:/home/runner/.m2/repository/com/sun/jersey/contribs/jersey-guice/1.19/jersey-guice-1.19.jar:/home/runner/.m2/repository/com/fasterxml/jackson/jaxrs/jackson-jaxrs-json-provider/2.12.1/jackson-jaxrs-json-provider-2.12.1.jar:/home/runner/.m2/repository/com/fasterxml/jackson/jaxrs/jackson-jaxrs-base/2.12.1/jackson-jaxrs-base-2.12.1.jar:/home/runner/.m2/repository/org/apache/hadoop/hadoop-yarn-client/3.3.1/hadoop-yarn-client-3.3.1.jar:/home/runner/.m2/repository/org/eclipse/jetty/websocket/websocket-client/9.4.40.v20210413/websocket-client-9.4.40.v20210413.jar:/home/runner/.m2/repository/org/eclipse/jetty/jetty-client/9.4.40.v20210413/jetty-client-9.4.40.v20210413.jar:/home/runner/.m2/repository/org/eclipse/jetty/websocket/websocket-common/9.4.40.v20210413/websocket-common-9.4.40.v20210413.jar:/home/runner/.m2/repository/org/eclipse/jetty/websocket/websocket-api/9.4.40.v20210413/websocket-api-9.4.40.v20210413.jar:/home/runner/.m2/repository/org/jline/jline/3.9.0/jline-3.9.0.jar:/home/runner/.m2/repository/org/apache/hadoop/hadoop-mapreduce-client-core/3.3.1/hadoop-mapreduce-client-core-3.3.1.jar:/home/runner/.m2/repository/org/apache/avro/avro/1.7.7/avro-1.7.7.jar:/home/runner/.m2/repository/org/codehaus/jackson/jackson-core-asl/1.9.13/jackson-core-asl-1.9.13.jar:/home/runner/.m2/repository/org/codehaus/jackson/jackson-mapper-asl/1.9.13/jackson-mapper-asl-1.9.13.jar:/home/runner/.m2/repository/com/thoughtworks/paranamer/paranamer/2.3/paranamer-2.3.jar:/home/runner/.m2/repository/org/apache/hadoop/hadoop-annotations/3.3.1/hadoop-annotations-3.3.1.jar:/usr/lib/jvm/adoptopenjdk-8-hotspot-amd64/jre/../lib/tools.jar:/home/runner/.m2/repository/org/apache/hadoop/hadoop-distcp/3.3.1/hadoop-distcp-3.3.1-tests.jar:/home/runner/.m2/repository/org/apache/ratis/ratis-common/2.2.0/ratis-common-2.2.0.jar:/home/runner/.m2/repository/org/apache/ratis/ratis-thirdparty-misc/0.7.0/ratis-thirdparty-misc-0.7.0.jar:/home/runner/.m2/repository/org/apache/ratis/ratis-proto/2.2.0/ratis-proto-2.2.0.jar:"/>
    <property name="java.vm.vendor" value="AdoptOpenJDK"/>
    <property name="sun.arch.data.model" value="64"/>
    <property name="test.build.dir" value="/home/runner/work/ozone/ozone/hadoop-ozone/integration-test/target/test-dir"/>
    <property name="test.cache.data" value=""/>
    <property name="java.vendor.url" value="https://adoptopenjdk.net/"/>
    <property name="user.timezone" value=""/>
    <property name="java.vm.specification.version" value="1.8"/>
    <property name="os.name" value="Linux"/>
    <property name="test.build.data" value="/home/runner/work/ozone/ozone/hadoop-ozone/integration-test/target/test-dir"/>
    <property name="sun.java.launcher" value="SUN_STANDARD"/>
    <property name="sun.boot.library.path" value="/usr/lib/jvm/adoptopenjdk-8-hotspot-amd64/jre/lib/amd64"/>
    <property name="sun.java.command" value="/home/runner/work/ozone/ozone/hadoop-ozone/integration-test/target/surefire/surefirebooter24104689425979479.jar /home/runner/work/ozone/ozone/hadoop-ozone/integration-test/target/surefire 2021-11-15T10-00-31_712-jvmRun1 surefire1494526648957883678tmp surefire_06912445809730144441tmp"/>
    <property name="surefire.test.class.path" value="/home/runner/work/ozone/ozone/hadoop-ozone/integration-test/target/test-classes:/home/runner/work/ozone/ozone/hadoop-ozone/integration-test/target/classes:/home/runner/.m2/repository/org/apache/ozone/ozone-common/1.2.0-SNAPSHOT/ozone-common-1.2.0-SNAPSHOT.jar:/home/runner/.m2/repository/org/apache/commons/commons-compress/1.21/commons-compress-1.21.jar:/home/runner/.m2/repository/org/apache/ozone/hdds-common/1.2.0-SNAPSHOT/hdds-common-1.2.0-SNAPSHOT.jar:/home/runner/.m2/repository/org/apache/ozone/hdds-client/1.2.0-SNAPSHOT/hdds-client-1.2.0-SNAPSHOT.jar:/home/runner/.m2/repository/org/apache/ozone/ozone-interface-client/1.2.0-SNAPSHOT/ozone-interface-client-1.2.0-SNAPSHOT.jar:/home/runner/.m2/repository/org/apache/ozone/hdds-test-utils/1.2.0-SNAPSHOT/hdds-test-utils-1.2.0-SNAPSHOT.jar:/home/runner/.m2/repository/com/google/guava/guava/30.1.1-jre/guava-30.1.1-jre.jar:/home/runner/.m2/repository/com/google/guava/failureaccess/1.0.1/failureaccess-1.0.1.jar:/home/runner/.m2/repository/com/google/guava/listenablefuture/9999.0-empty-to-avoid-conflict-with-guava/listenablefuture-9999.0-empty-to-avoid-conflict-with-guava.jar:/home/runner/.m2/repository/com/google/code/findbugs/jsr305/3.0.0/jsr305-3.0.0.jar:/home/runner/.m2/repository/org/checkerframework/checker-qual/3.8.0/checker-qual-3.8.0.jar:/home/runner/.m2/repository/com/google/errorprone/error_prone_annotations/2.2.0/error_prone_annotations-2.2.0.jar:/home/runner/.m2/repository/com/google/j2objc/j2objc-annotations/1.3/j2objc-annotations-1.3.jar:/home/runner/.m2/repository/commons-io/commons-io/2.11.0/commons-io-2.11.0.jar:/home/runner/.m2/repository/commons-logging/commons-logging/1.2/commons-logging-1.2.jar:/home/runner/.m2/repository/log4j/log4j/1.2.17/log4j-1.2.17.jar:/home/runner/.m2/repository/org/slf4j/slf4j-api/1.7.30/slf4j-api-1.7.30.jar:/home/runner/.m2/repository/org/apache/ozone/hdds-server-scm/1.2.0-SNAPSHOT/hdds-server-scm-1.2.0-SNAPSHOT.jar:/home/runner/.m2/repository/org/apache/ozone/hdds-container-service/1.2.0-SNAPSHOT/hdds-container-service-1.2.0-SNAPSHOT.jar:/home/runner/.m2/repository/org/apache/ozone/hdds-hadoop-dependency-server/1.2.0-SNAPSHOT/hdds-hadoop-dependency-server-1.2.0-SNAPSHOT.jar:/home/runner/.m2/repository/org/apache/hadoop/hadoop-hdfs/3.3.1/hadoop-hdfs-3.3.1.jar:/home/runner/.m2/repository/org/apache/ozone/hdds-server-framework/1.2.0-SNAPSHOT/hdds-server-framework-1.2.0-SNAPSHOT.jar:/home/runner/.m2/repository/org/apache/ozone/hdds-interface-server/1.2.0-SNAPSHOT/hdds-interface-server-1.2.0-SNAPSHOT.jar:/home/runner/.m2/repository/org/eclipse/jetty/jetty-servlet/9.4.43.v20210629/jetty-servlet-9.4.43.v20210629.jar:/home/runner/.m2/repository/org/eclipse/jetty/jetty-security/9.4.43.v20210629/jetty-security-9.4.43.v20210629.jar:/home/runner/.m2/repository/org/rocksdb/rocksdbjni/6.25.3/rocksdbjni-6.25.3.jar:/home/runner/.m2/repository/io/prometheus/simpleclient_dropwizard/0.7.0/simpleclient_dropwizard-0.7.0.jar:/home/runner/.m2/repository/io/prometheus/simpleclient/0.7.0/simpleclient-0.7.0.jar:/home/runner/.m2/repository/io/prometheus/simpleclient_common/0.7.0/simpleclient_common-0.7.0.jar:/home/runner/.m2/repository/com/fasterxml/jackson/datatype/jackson-datatype-jsr310/2.12.1/jackson-datatype-jsr310-2.12.1.jar:/home/runner/.m2/repository/io/dropwizard/metrics/metrics-core/3.2.4/metrics-core-3.2.4.jar:/home/runner/.m2/repository/org/apache/hadoop/hadoop-hdfs-client/3.3.1/hadoop-hdfs-client-3.3.1.jar:/home/runner/.m2/repository/org/bouncycastle/bcprov-jdk15on/1.67/bcprov-jdk15on-1.67.jar:/home/runner/.m2/repository/com/google/protobuf/protobuf-java/2.5.0/protobuf-java-2.5.0.jar:/home/runner/.m2/repository/org/apache/ozone/ozone-manager/1.2.0-SNAPSHOT/ozone-manager-1.2.0-SNAPSHOT.jar:/home/runner/.m2/repository/org/aspectj/aspectjrt/1.9.7/aspectjrt-1.9.7.jar:/home/runner/.m2/repository/org/aspectj/aspectjweaver/1.9.7/aspectjweaver-1.9.7.jar:/home/runner/.m2/repository/org/apache/ozone/hdds-interface-client/1.2.0-SNAPSHOT/hdds-interface-client-1.2.0-SNAPSHOT.jar:/home/runner/.m2/repository/org/apache/hadoop/thirdparty/hadoop-shaded-protobuf_3_7/1.1.1/hadoop-shaded-protobuf_3_7-1.1.1.jar:/home/runner/.m2/repository/org/apache/ozone/ozone-interface-storage/1.2.0-SNAPSHOT/ozone-interface-storage-1.2.0-SNAPSHOT.jar:/home/runner/.m2/repository/org/reflections/reflections/0.9.11/reflections-0.9.11.jar:/home/runner/.m2/repository/org/apache/hadoop/hadoop-minikdc/3.3.1/hadoop-minikdc-3.3.1.jar:/home/runner/.m2/repository/org/apache/kerby/kerb-simplekdc/1.0.1/kerb-simplekdc-1.0.1.jar:/home/runner/.m2/repository/org/apache/kerby/kerb-client/1.0.1/kerb-client-1.0.1.jar:/home/runner/.m2/repository/org/apache/kerby/kerby-config/1.0.1/kerby-config-1.0.1.jar:/home/runner/.m2/repository/org/apache/kerby/kerb-common/1.0.1/kerb-common-1.0.1.jar:/home/runner/.m2/repository/org/apache/kerby/kerb-crypto/1.0.1/kerb-crypto-1.0.1.jar:/home/runner/.m2/repository/org/apache/kerby/kerb-util/1.0.1/kerb-util-1.0.1.jar:/home/runner/.m2/repository/org/apache/kerby/token-provider/1.0.1/token-provider-1.0.1.jar:/home/runner/.m2/repository/org/apache/kerby/kerb-admin/1.0.1/kerb-admin-1.0.1.jar:/home/runner/.m2/repository/org/apache/kerby/kerb-server/1.0.1/kerb-server-1.0.1.jar:/home/runner/.m2/repository/org/apache/kerby/kerb-identity/1.0.1/kerb-identity-1.0.1.jar:/home/runner/.m2/repository/org/apache/kerby/kerby-xdr/1.0.1/kerby-xdr-1.0.1.jar:/home/runner/.m2/repository/org/slf4j/slf4j-log4j12/1.7.30/slf4j-log4j12-1.7.30.jar:/home/runner/.m2/repository/org/apache/ozone/ozone-s3gateway/1.2.0-SNAPSHOT/ozone-s3gateway-1.2.0-SNAPSHOT.jar:/home/runner/.m2/repository/org/javassist/javassist/3.21.0-GA/javassist-3.21.0-GA.jar:/home/runner/.m2/repository/org/jboss/weld/servlet/weld-servlet/2.4.7.Final/weld-servlet-2.4.7.Final.jar:/home/runner/.m2/repository/org/glassfish/jersey/containers/jersey-container-servlet-core/2.33/jersey-container-servlet-core-2.33.jar:/home/runner/.m2/repository/org/glassfish/hk2/external/jakarta.inject/2.6.1/jakarta.inject-2.6.1.jar:/home/runner/.m2/repository/org/glassfish/jersey/core/jersey-common/2.33/jersey-common-2.33.jar:/home/runner/.m2/repository/jakarta/ws/rs/jakarta.ws.rs-api/2.1.6/jakarta.ws.rs-api-2.1.6.jar:/home/runner/.m2/repository/org/glassfish/jersey/ext/cdi/jersey-cdi1x/2.33/jersey-cdi1x-2.33.jar:/home/runner/.m2/repository/org/glassfish/jersey/inject/jersey-hk2/2.33/jersey-hk2-2.33.jar:/home/runner/.m2/repository/org/glassfish/hk2/hk2-locator/2.6.1/hk2-locator-2.6.1.jar:/home/runner/.m2/repository/org/glassfish/jersey/media/jersey-media-jaxb/2.33/jersey-media-jaxb-2.33.jar:/home/runner/.m2/repository/org/glassfish/hk2/osgi-resource-locator/1.0.3/osgi-resource-locator-1.0.3.jar:/home/runner/.m2/repository/org/glassfish/hk2/hk2-api/2.5.0/hk2-api-2.5.0.jar:/home/runner/.m2/repository/org/glassfish/hk2/hk2-utils/2.5.0/hk2-utils-2.5.0.jar:/home/runner/.m2/repository/org/glassfish/hk2/external/aopalliance-repackaged/2.5.0/aopalliance-repackaged-2.5.0.jar:/home/runner/.m2/repository/com/fasterxml/jackson/dataformat/jackson-dataformat-xml/2.12.1/jackson-dataformat-xml-2.12.1.jar:/home/runner/.m2/repository/com/fasterxml/jackson/core/jackson-core/2.12.1/jackson-core-2.12.1.jar:/home/runner/.m2/repository/com/fasterxml/jackson/module/jackson-module-jaxb-annotations/2.12.1/jackson-module-jaxb-annotations-2.12.1.jar:/home/runner/.m2/repository/jakarta/xml/bind/jakarta.xml.bind-api/2.3.2/jakarta.xml.bind-api-2.3.2.jar:/home/runner/.m2/repository/org/codehaus/woodstox/stax2-api/3.1.4/stax2-api-3.1.4.jar:/home/runner/.m2/repository/com/fasterxml/woodstox/woodstox-core/5.0.3/woodstox-core-5.0.3.jar:/home/runner/.m2/repository/javax/enterprise/cdi-api/1.2/cdi-api-1.2.jar:/home/runner/.m2/repository/javax/el/javax.el-api/3.0.0/javax.el-api-3.0.0.jar:/home/runner/.m2/repository/javax/interceptor/javax.interceptor-api/1.2/javax.interceptor-api-1.2.jar:/home/runner/.m2/repository/javax/inject/javax.inject/1/javax.inject-1.jar:/home/runner/.m2/repository/javax/xml/bind/jaxb-api/2.3.0/jaxb-api-2.3.0.jar:/home/runner/.m2/repository/org/glassfish/jaxb/jaxb-runtime/2.3.0.1/jaxb-runtime-2.3.0.1.jar:/home/runner/.m2/repository/org/glassfish/jaxb/jaxb-core/2.3.0.1/jaxb-core-2.3.0.1.jar:/home/runner/.m2/repository/org/glassfish/jaxb/txw2/2.3.0.1/txw2-2.3.0.1.jar:/home/runner/.m2/repository/com/sun/istack/istack-commons-runtime/3.0.5/istack-commons-runtime-3.0.5.jar:/home/runner/.m2/repository/org/jvnet/staxex/stax-ex/1.7.8/stax-ex-1.7.8.jar:/home/runner/.m2/repository/com/sun/xml/fastinfoset/FastInfoset/1.2.13/FastInfoset-1.2.13.jar:/home/runner/.m2/repository/javax/activation/activation/1.1.1/activation-1.1.1.jar:/home/runner/.m2/repository/org/apache/ozone/ozone-csi/1.2.0-SNAPSHOT/ozone-csi-1.2.0-SNAPSHOT.jar:/home/runner/.m2/repository/com/google/protobuf/protobuf-java-util/3.12.0/protobuf-java-util-3.12.0.jar:/home/runner/.m2/repository/com/google/code/gson/gson/2.2.4/gson-2.2.4.jar:/home/runner/.m2/repository/org/apache/ozone/hdds-config/1.2.0-SNAPSHOT/hdds-config-1.2.0-SNAPSHOT.jar:/home/runner/.m2/repository/io/grpc/grpc-netty/1.33.0/grpc-netty-1.33.0.jar:/home/runner/.m2/repository/io/grpc/grpc-core/1.33.0/grpc-core-1.33.0.jar:/home/runner/.m2/repository/com/google/android/annotations/4.1.1.4/annotations-4.1.1.4.jar:/home/runner/.m2/repository/io/netty/netty-codec-http2/4.1.63.Final/netty-codec-http2-4.1.63.Final.jar:/home/runner/.m2/repository/io/netty/netty-codec-http/4.1.63.Final/netty-codec-http-4.1.63.Final.jar:/home/runner/.m2/repository/io/netty/netty-handler-proxy/4.1.63.Final/netty-handler-proxy-4.1.63.Final.jar:/home/runner/.m2/repository/io/netty/netty-codec-socks/4.1.63.Final/netty-codec-socks-4.1.63.Final.jar:/home/runner/.m2/repository/io/perfmark/perfmark-api/0.19.0/perfmark-api-0.19.0.jar:/home/runner/.m2/repository/org/codehaus/mojo/animal-sniffer-annotations/1.18/animal-sniffer-annotations-1.18.jar:/home/runner/.m2/repository/io/netty/netty-transport-native-epoll/4.1.63.Final/netty-transport-native-epoll-4.1.63.Final.jar:/home/runner/.m2/repository/io/netty/netty-common/4.1.63.Final/netty-common-4.1.63.Final.jar:/home/runner/.m2/repository/io/netty/netty-buffer/4.1.63.Final/netty-buffer-4.1.63.Final.jar:/home/runner/.m2/repository/io/netty/netty-transport-native-unix-common/4.1.63.Final/netty-transport-native-unix-common-4.1.63.Final.jar:/home/runner/.m2/repository/io/grpc/grpc-protobuf/1.33.0/grpc-protobuf-1.33.0.jar:/home/runner/.m2/repository/io/grpc/grpc-api/1.33.0/grpc-api-1.33.0.jar:/home/runner/.m2/repository/io/grpc/grpc-context/1.33.0/grpc-context-1.33.0.jar:/home/runner/.m2/repository/com/google/api/grpc/proto-google-common-protos/1.17.0/proto-google-common-protos-1.17.0.jar:/home/runner/.m2/repository/io/grpc/grpc-protobuf-lite/1.33.0/grpc-protobuf-lite-1.33.0.jar:/home/runner/.m2/repository/io/grpc/grpc-stub/1.33.0/grpc-stub-1.33.0.jar:/home/runner/.m2/repository/org/apache/ozone/ozone-recon/1.2.0-SNAPSHOT/ozone-recon-1.2.0-SNAPSHOT.jar:/home/runner/.m2/repository/org/apache/ozone/ozone-reconcodegen/1.2.0-SNAPSHOT/ozone-reconcodegen-1.2.0-SNAPSHOT.jar:/home/runner/.m2/repository/com/google/inject/extensions/guice-multibindings/4.0/guice-multibindings-4.0.jar:/home/runner/.m2/repository/com/google/inject/guice/4.0/guice-4.0.jar:/home/runner/.m2/repository/aopalliance/aopalliance/1.0/aopalliance-1.0.jar:/home/runner/.m2/repository/com/google/inject/extensions/guice-assistedinject/4.0/guice-assistedinject-4.0.jar:/home/runner/.m2/repository/com/google/inject/extensions/guice-servlet/4.0/guice-servlet-4.0.jar:/home/runner/.m2/repository/org/glassfish/jersey/containers/jersey-container-servlet/2.33/jersey-container-servlet-2.33.jar:/home/runner/.m2/repository/org/glassfish/hk2/guice-bridge/2.5.0/guice-bridge-2.5.0.jar:/home/runner/.m2/repository/org/glassfish/jersey/core/jersey-server/2.33/jersey-server-2.33.jar:/home/runner/.m2/repository/org/glassfish/jersey/core/jersey-client/2.33/jersey-client-2.33.jar:/home/runner/.m2/repository/jakarta/annotation/jakarta.annotation-api/1.3.5/jakarta.annotation-api-1.3.5.jar:/home/runner/.m2/repository/jakarta/validation/jakarta.validation-api/2.0.2/jakarta.validation-api-2.0.2.jar:/home/runner/.m2/repository/org/glassfish/jersey/media/jersey-media-json-jackson/2.33/jersey-media-json-jackson-2.33.jar:/home/runner/.m2/repository/org/glassfish/jersey/ext/jersey-entity-filtering/2.33/jersey-entity-filtering-2.33.jar:/home/runner/.m2/repository/org/jooq/jooq/3.11.10/jooq-3.11.10.jar:/home/runner/.m2/repository/org/jooq/jooq-meta/3.11.10/jooq-meta-3.11.10.jar:/home/runner/.m2/repository/org/jooq/jooq-codegen/3.11.10/jooq-codegen-3.11.10.jar:/home/runner/.m2/repository/com/jolbox/bonecp/0.8.0.RELEASE/bonecp-0.8.0.RELEASE.jar:/home/runner/.m2/repository/org/apache/derby/derby/10.14.2.0/derby-10.14.2.0.jar:/home/runner/.m2/repository/org/xerial/sqlite-jdbc/3.25.2/sqlite-jdbc-3.25.2.jar:/home/runner/.m2/repository/org/springframework/spring-jdbc/5.2.18.RELEASE/spring-jdbc-5.2.18.RELEASE.jar:/home/runner/.m2/repository/org/springframework/spring-beans/5.2.18.RELEASE/spring-beans-5.2.18.RELEASE.jar:/home/runner/.m2/repository/org/springframework/spring-core/5.2.18.RELEASE/spring-core-5.2.18.RELEASE.jar:/home/runner/.m2/repository/org/springframework/spring-jcl/5.2.18.RELEASE/spring-jcl-5.2.18.RELEASE.jar:/home/runner/.m2/repository/org/springframework/spring-tx/5.2.18.RELEASE/spring-tx-5.2.18.RELEASE.jar:/home/runner/.m2/repository/org/apache/ozone/ozone-client/1.2.0-SNAPSHOT/ozone-client-1.2.0-SNAPSHOT.jar:/home/runner/.m2/repository/org/apache/ozone/ozone-filesystem/1.2.0-SNAPSHOT/ozone-filesystem-1.2.0-SNAPSHOT.jar:/home/runner/.m2/repository/org/apache/ozone/ozone-filesystem-common/1.2.0-SNAPSHOT/ozone-filesystem-common-1.2.0-SNAPSHOT.jar:/home/runner/.m2/repository/org/apache/ozone/ozone-tools/1.2.0-SNAPSHOT/ozone-tools-1.2.0-SNAPSHOT.jar:/home/runner/.m2/repository/org/apache/ratis/ratis-tools/2.2.0/ratis-tools-2.2.0.jar:/home/runner/.m2/repository/com/amazonaws/aws-java-sdk-core/1.11.1034/aws-java-sdk-core-1.11.1034.jar:/home/runner/.m2/repository/org/apache/httpcomponents/httpclient/4.5.13/httpclient-4.5.13.jar:/home/runner/.m2/repository/org/apache/httpcomponents/httpcore/4.4.13/httpcore-4.4.13.jar:/home/runner/.m2/repository/software/amazon/ion/ion-java/1.0.2/ion-java-1.0.2.jar:/home/runner/.m2/repository/com/fasterxml/jackson/dataformat/jackson-dataformat-cbor/2.12.1/jackson-dataformat-cbor-2.12.1.jar:/home/runner/.m2/repository/joda-time/joda-time/2.8.1/joda-time-2.8.1.jar:/home/runner/.m2/repository/com/amazonaws/aws-java-sdk-s3/1.11.1034/aws-java-sdk-s3-1.11.1034.jar:/home/runner/.m2/repository/com/amazonaws/aws-java-sdk-kms/1.11.1034/aws-java-sdk-kms-1.11.1034.jar:/home/runner/.m2/repository/com/amazonaws/jmespath-java/1.11.1034/jmespath-java-1.11.1034.jar:/home/runner/.m2/repository/org/kohsuke/metainf-services/metainf-services/1.8/metainf-services-1.8.jar:/home/runner/.m2/repository/org/apache/ozone/hdds-tools/1.2.0-SNAPSHOT/hdds-tools-1.2.0-SNAPSHOT.jar:/home/runner/.m2/repository/commons-cli/commons-cli/1.2/commons-cli-1.2.jar:/home/runner/.m2/repository/org/apache/commons/commons-lang3/3.7/commons-lang3-3.7.jar:/home/runner/.m2/repository/org/apache/ozone/ozone-manager/1.2.0-SNAPSHOT/ozone-manager-1.2.0-SNAPSHOT-tests.jar:/home/runner/.m2/repository/org/apache/ozone/hdds-common/1.2.0-SNAPSHOT/hdds-common-1.2.0-SNAPSHOT-tests.jar:/home/runner/.m2/repository/org/apache/ozone/hdds-hadoop-dependency-client/1.2.0-SNAPSHOT/hdds-hadoop-dependency-client-1.2.0-SNAPSHOT.jar:/home/runner/.m2/repository/info/picocli/picocli/4.6.1/picocli-4.6.1.jar:/home/runner/.m2/repository/com/fasterxml/jackson/core/jackson-annotations/2.12.1/jackson-annotations-2.12.1.jar:/home/runner/.m2/repository/javax/annotation/javax.annotation-api/1.2/javax.annotation-api-1.2.jar:/home/runner/.m2/repository/org/apache/ratis/ratis-server/2.2.0/ratis-server-2.2.0.jar:/home/runner/.m2/repository/org/apache/ratis/ratis-client/2.2.0/ratis-client-2.2.0.jar:/home/runner/.m2/repository/org/apache/ratis/ratis-server-api/2.2.0/ratis-server-api-2.2.0.jar:/home/runner/.m2/repository/org/apache/ratis/ratis-metrics/2.2.0/ratis-metrics-2.2.0.jar:/home/runner/.m2/repository/org/apache/ratis/ratis-netty/2.2.0/ratis-netty-2.2.0.jar:/home/runner/.m2/repository/org/apache/ratis/ratis-grpc/2.2.0/ratis-grpc-2.2.0.jar:/home/runner/.m2/repository/org/apache/logging/log4j/log4j-api/2.13.3/log4j-api-2.13.3.jar:/home/runner/.m2/repository/org/apache/logging/log4j/log4j-core/2.13.3/log4j-core-2.13.3.jar:/home/runner/.m2/repository/com/lmax/disruptor/3.4.2/disruptor-3.4.2.jar:/home/runner/.m2/repository/org/apache/commons/commons-pool2/2.6.0/commons-pool2-2.6.0.jar:/home/runner/.m2/repository/org/bouncycastle/bcpkix-jdk15on/1.67/bcpkix-jdk15on-1.67.jar:/home/runner/.m2/repository/commons-validator/commons-validator/1.6/commons-validator-1.6.jar:/home/runner/.m2/repository/commons-beanutils/commons-beanutils/1.9.4/commons-beanutils-1.9.4.jar:/home/runner/.m2/repository/commons-digester/commons-digester/1.8.1/commons-digester-1.8.1.jar:/home/runner/.m2/repository/commons-collections/commons-collections/3.2.2/commons-collections-3.2.2.jar:/home/runner/.m2/repository/io/jaegertracing/jaeger-client/1.6.0/jaeger-client-1.6.0.jar:/home/runner/.m2/repository/io/jaegertracing/jaeger-thrift/1.6.0/jaeger-thrift-1.6.0.jar:/home/runner/.m2/repository/org/apache/thrift/libthrift/0.14.1/libthrift-0.14.1.jar:/home/runner/.m2/repository/com/squareup/okhttp3/okhttp/4.9.0/okhttp-4.9.0.jar:/home/runner/.m2/repository/com/squareup/okio/okio/2.8.0/okio-2.8.0.jar:/home/runner/.m2/repository/io/jaegertracing/jaeger-core/1.6.0/jaeger-core-1.6.0.jar:/home/runner/.m2/repository/io/jaegertracing/jaeger-tracerresolver/1.6.0/jaeger-tracerresolver-1.6.0.jar:/home/runner/.m2/repository/io/opentracing/contrib/opentracing-tracerresolver/0.1.8/opentracing-tracerresolver-0.1.8.jar:/home/runner/.m2/repository/org/jetbrains/kotlin/kotlin-stdlib/1.4.31/kotlin-stdlib-1.4.31.jar:/home/runner/.m2/repository/org/jetbrains/kotlin/kotlin-stdlib-common/1.4.31/kotlin-stdlib-common-1.4.31.jar:/home/runner/.m2/repository/org/jetbrains/annotations/13.0/annotations-13.0.jar:/home/runner/.m2/repository/io/opentracing/opentracing-util/0.33.0/opentracing-util-0.33.0.jar:/home/runner/.m2/repository/io/opentracing/opentracing-api/0.33.0/opentracing-api-0.33.0.jar:/home/runner/.m2/repository/io/opentracing/opentracing-noop/0.33.0/opentracing-noop-0.33.0.jar:/home/runner/.m2/repository/org/yaml/snakeyaml/1.26/snakeyaml-1.26.jar:/home/runner/.m2/repository/org/apache/ozone/hdds-interface-admin/1.2.0-SNAPSHOT/hdds-interface-admin-1.2.0-SNAPSHOT.jar:/home/runner/.m2/repository/junit/junit/4.13.1/junit-4.13.1.jar:/home/runner/.m2/repository/org/hamcrest/hamcrest-core/1.3/hamcrest-core-1.3.jar:/home/runner/.m2/repository/org/junit/jupiter/junit-jupiter-api/5.7.0/junit-jupiter-api-5.7.0.jar:/home/runner/.m2/repository/org/apiguardian/apiguardian-api/1.1.0/apiguardian-api-1.1.0.jar:/home/runner/.m2/repository/org/opentest4j/opentest4j/1.2.0/opentest4j-1.2.0.jar:/home/runner/.m2/repository/org/junit/platform/junit-platform-commons/1.7.0/junit-platform-commons-1.7.0.jar:/home/runner/.m2/repository/org/junit/jupiter/junit-jupiter-engine/5.7.0/junit-jupiter-engine-5.7.0.jar:/home/runner/.m2/repository/org/junit/platform/junit-platform-engine/1.7.0/junit-platform-engine-1.7.0.jar:/home/runner/.m2/repository/org/junit/vintage/junit-vintage-engine/5.7.0/junit-vintage-engine-5.7.0.jar:/home/runner/.m2/repository/org/junit/platform/junit-platform-launcher/1.7.0/junit-platform-launcher-1.7.0.jar:/home/runner/.m2/repository/org/openjdk/jmh/jmh-core/1.19/jmh-core-1.19.jar:/home/runner/.m2/repository/net/sf/jopt-simple/jopt-simple/4.6/jopt-simple-4.6.jar:/home/runner/.m2/repository/org/apache/commons/commons-math3/3.1.1/commons-math3-3.1.1.jar:/home/runner/.m2/repository/org/openjdk/jmh/jmh-generator-annprocess/1.19/jmh-generator-annprocess-1.19.jar:/home/runner/.m2/repository/org/mockito/mockito-core/2.28.2/mockito-core-2.28.2.jar:/home/runner/.m2/repository/net/bytebuddy/byte-buddy/1.9.10/byte-buddy-1.9.10.jar:/home/runner/.m2/repository/net/bytebuddy/byte-buddy-agent/1.9.10/byte-buddy-agent-1.9.10.jar:/home/runner/.m2/repository/org/objenesis/objenesis/1.0/objenesis-1.0.jar:/home/runner/.m2/repository/org/apache/hadoop/hadoop-kms/3.3.1/hadoop-kms-3.3.1.jar:/home/runner/.m2/repository/org/apache/hadoop/hadoop-auth/3.3.1/hadoop-auth-3.3.1.jar:/home/runner/.m2/repository/com/nimbusds/nimbus-jose-jwt/7.9/nimbus-jose-jwt-7.9.jar:/home/runner/.m2/repository/com/github/stephenc/jcip/jcip-annotations/1.0-1/jcip-annotations-1.0-1.jar:/home/runner/.m2/repository/net/minidev/json-smart/2.3.1/json-smart-2.3.1.jar:/home/runner/.m2/repository/net/minidev/accessors-smart/2.3.1/accessors-smart-2.3.1.jar:/home/runner/.m2/repository/org/ow2/asm/asm/5.0.4/asm-5.0.4.jar:/home/runner/.m2/repository/org/apache/zookeeper/zookeeper/3.5.6/zookeeper-3.5.6.jar:/home/runner/.m2/repository/org/apache/zookeeper/zookeeper-jute/3.5.6/zookeeper-jute-3.5.6.jar:/home/runner/.m2/repository/org/apache/yetus/audience-annotations/0.5.0/audience-annotations-0.5.0.jar:/home/runner/.m2/repository/org/apache/curator/curator-framework/4.2.0/curator-framework-4.2.0.jar:/home/runner/.m2/repository/org/apache/hadoop/thirdparty/hadoop-shaded-guava/1.1.1/hadoop-shaded-guava-1.1.1.jar:/home/runner/.m2/repository/com/sun/jersey/jersey-core/1.19/jersey-core-1.19.jar:/home/runner/.m2/repository/javax/ws/rs/jsr311-api/1.1.1/jsr311-api-1.1.1.jar:/home/runner/.m2/repository/com/sun/jersey/jersey-server/1.19/jersey-server-1.19.jar:/home/runner/.m2/repository/javax/servlet/javax.servlet-api/3.1.0/javax.servlet-api-3.1.0.jar:/home/runner/.m2/repository/org/eclipse/jetty/jetty-server/9.4.43.v20210629/jetty-server-9.4.43.v20210629.jar:/home/runner/.m2/repository/org/eclipse/jetty/jetty-http/9.4.43.v20210629/jetty-http-9.4.43.v20210629.jar:/home/runner/.m2/repository/org/eclipse/jetty/jetty-io/9.4.43.v20210629/jetty-io-9.4.43.v20210629.jar:/home/runner/.m2/repository/org/eclipse/jetty/jetty-webapp/9.4.43.v20210629/jetty-webapp-9.4.43.v20210629.jar:/home/runner/.m2/repository/org/eclipse/jetty/jetty-xml/9.4.43.v20210629/jetty-xml-9.4.43.v20210629.jar:/home/runner/.m2/repository/org/apache/hadoop/hadoop-common/3.3.1/hadoop-common-3.3.1.jar:/home/runner/.m2/repository/commons-net/commons-net/3.6/commons-net-3.6.jar:/home/runner/.m2/repository/jakarta/activation/jakarta.activation-api/1.2.1/jakarta.activation-api-1.2.1.jar:/home/runner/.m2/repository/com/sun/jersey/jersey-servlet/1.19/jersey-servlet-1.19.jar:/home/runner/.m2/repository/com/sun/jersey/jersey-json/1.19/jersey-json-1.19.jar:/home/runner/.m2/repository/org/codehaus/jettison/jettison/1.1/jettison-1.1.jar:/home/runner/.m2/repository/com/sun/xml/bind/jaxb-impl/2.2.3-1/jaxb-impl-2.2.3-1.jar:/home/runner/.m2/repository/org/codehaus/jackson/jackson-jaxrs/1.9.2/jackson-jaxrs-1.9.2.jar:/home/runner/.m2/repository/org/codehaus/jackson/jackson-xc/1.9.2/jackson-xc-1.9.2.jar:/home/runner/.m2/repository/org/apache/commons/commons-configuration2/2.1.1/commons-configuration2-2.1.1.jar:/home/runner/.m2/repository/org/apache/commons/commons-text/1.4/commons-text-1.4.jar:/home/runner/.m2/repository/com/google/re2j/re2j/1.1/re2j-1.1.jar:/home/runner/.m2/repository/com/jcraft/jsch/0.1.54/jsch-0.1.54.jar:/home/runner/.m2/repository/org/apache/curator/curator-client/4.2.0/curator-client-4.2.0.jar:/home/runner/.m2/repository/org/apache/curator/curator-recipes/4.2.0/curator-recipes-4.2.0.jar:/home/runner/.m2/repository/org/apache/kerby/kerb-core/1.0.1/kerb-core-1.0.1.jar:/home/runner/.m2/repository/org/apache/kerby/kerby-pkix/1.0.1/kerby-pkix-1.0.1.jar:/home/runner/.m2/repository/org/apache/kerby/kerby-asn1/1.0.1/kerby-asn1-1.0.1.jar:/home/runner/.m2/repository/org/apache/kerby/kerby-util/1.0.1/kerby-util-1.0.1.jar:/home/runner/.m2/repository/dnsjava/dnsjava/2.1.7/dnsjava-2.1.7.jar:/home/runner/.m2/repository/org/xerial/snappy/snappy-java/1.1.8.2/snappy-java-1.1.8.2.jar:/home/runner/.m2/repository/org/slf4j/jul-to-slf4j/1.7.30/jul-to-slf4j-1.7.30.jar:/home/runner/.m2/repository/org/eclipse/jetty/jetty-util/9.4.43.v20210629/jetty-util-9.4.43.v20210629.jar:/home/runner/.m2/repository/com/fasterxml/jackson/core/jackson-databind/2.12.1/jackson-databind-2.12.1.jar:/home/runner/.m2/repository/org/apache/hadoop/hadoop-kms/3.3.1/hadoop-kms-3.3.1-tests.jar:/home/runner/.m2/repository/org/apache/ozone/hdds-server-scm/1.2.0-SNAPSHOT/hdds-server-scm-1.2.0-SNAPSHOT-tests.jar:/home/runner/.m2/repository/org/apache/ozone/hdds-container-service/1.2.0-SNAPSHOT/hdds-container-service-1.2.0-SNAPSHOT-tests.jar:/home/runner/.m2/repository/commons-codec/commons-codec/1.11/commons-codec-1.11.jar:/home/runner/.m2/repository/io/netty/netty-transport/4.1.63.Final/netty-transport-4.1.63.Final.jar:/home/runner/.m2/repository/io/netty/netty-resolver/4.1.63.Final/netty-resolver-4.1.63.Final.jar:/home/runner/.m2/repository/io/netty/netty-codec/4.1.63.Final/netty-codec-4.1.63.Final.jar:/home/runner/.m2/repository/io/netty/netty-handler/4.1.63.Final/netty-handler-4.1.63.Final.jar:/home/runner/.m2/repository/org/apache/ozone/hdds-hadoop-dependency-test/1.2.0-SNAPSHOT/hdds-hadoop-dependency-test-1.2.0-SNAPSHOT.jar:/home/runner/.m2/repository/org/apache/hadoop/hadoop-common/3.3.1/hadoop-common-3.3.1-tests.jar:/home/runner/.m2/repository/org/assertj/assertj-core/3.12.2/assertj-core-3.12.2.jar:/home/runner/.m2/repository/org/apache/hadoop/hadoop-hdfs/3.3.1/hadoop-hdfs-3.3.1-tests.jar:/home/runner/.m2/repository/org/eclipse/jetty/jetty-util-ajax/9.4.43.v20210629/jetty-util-ajax-9.4.43.v20210629.jar:/home/runner/.m2/repository/commons-daemon/commons-daemon/1.0.13/commons-daemon-1.0.13.jar:/home/runner/.m2/repository/io/netty/netty/3.10.6.Final/netty-3.10.6.Final.jar:/home/runner/.m2/repository/io/netty/netty-all/4.1.63.Final/netty-all-4.1.63.Final.jar:/home/runner/.m2/repository/org/apache/htrace/htrace-core4/4.1.0-incubating/htrace-core4-4.1.0-incubating.jar:/home/runner/.m2/repository/org/fusesource/leveldbjni/leveldbjni-all/1.8/leveldbjni-all-1.8.jar:/home/runner/.m2/repository/org/apache/hadoop/hadoop-distcp/3.3.1/hadoop-distcp-3.3.1.jar:/home/runner/.m2/repository/org/apache/hadoop/hadoop-mapreduce-client-jobclient/3.3.1/hadoop-mapreduce-client-jobclient-3.3.1.jar:/home/runner/.m2/repository/org/apache/hadoop/hadoop-mapreduce-client-common/3.3.1/hadoop-mapreduce-client-common-3.3.1.jar:/home/runner/.m2/repository/org/apache/hadoop/hadoop-yarn-common/3.3.1/hadoop-yarn-common-3.3.1.jar:/home/runner/.m2/repository/org/apache/hadoop/hadoop-yarn-api/3.3.1/hadoop-yarn-api-3.3.1.jar:/home/runner/.m2/repository/com/sun/jersey/jersey-client/1.19/jersey-client-1.19.jar:/home/runner/.m2/repository/com/sun/jersey/contribs/jersey-guice/1.19/jersey-guice-1.19.jar:/home/runner/.m2/repository/com/fasterxml/jackson/jaxrs/jackson-jaxrs-json-provider/2.12.1/jackson-jaxrs-json-provider-2.12.1.jar:/home/runner/.m2/repository/com/fasterxml/jackson/jaxrs/jackson-jaxrs-base/2.12.1/jackson-jaxrs-base-2.12.1.jar:/home/runner/.m2/repository/org/apache/hadoop/hadoop-yarn-client/3.3.1/hadoop-yarn-client-3.3.1.jar:/home/runner/.m2/repository/org/eclipse/jetty/websocket/websocket-client/9.4.40.v20210413/websocket-client-9.4.40.v20210413.jar:/home/runner/.m2/repository/org/eclipse/jetty/jetty-client/9.4.40.v20210413/jetty-client-9.4.40.v20210413.jar:/home/runner/.m2/repository/org/eclipse/jetty/websocket/websocket-common/9.4.40.v20210413/websocket-common-9.4.40.v20210413.jar:/home/runner/.m2/repository/org/eclipse/jetty/websocket/websocket-api/9.4.40.v20210413/websocket-api-9.4.40.v20210413.jar:/home/runner/.m2/repository/org/jline/jline/3.9.0/jline-3.9.0.jar:/home/runner/.m2/repository/org/apache/hadoop/hadoop-mapreduce-client-core/3.3.1/hadoop-mapreduce-client-core-3.3.1.jar:/home/runner/.m2/repository/org/apache/avro/avro/1.7.7/avro-1.7.7.jar:/home/runner/.m2/repository/org/codehaus/jackson/jackson-core-asl/1.9.13/jackson-core-asl-1.9.13.jar:/home/runner/.m2/repository/org/codehaus/jackson/jackson-mapper-asl/1.9.13/jackson-mapper-asl-1.9.13.jar:/home/runner/.m2/repository/com/thoughtworks/paranamer/paranamer/2.3/paranamer-2.3.jar:/home/runner/.m2/repository/org/apache/hadoop/hadoop-annotations/3.3.1/hadoop-annotations-3.3.1.jar:/usr/lib/jvm/adoptopenjdk-8-hotspot-amd64/jre/../lib/tools.jar:/home/runner/.m2/repository/org/apache/hadoop/hadoop-distcp/3.3.1/hadoop-distcp-3.3.1-tests.jar:/home/runner/.m2/repository/org/apache/ratis/ratis-common/2.2.0/ratis-common-2.2.0.jar:/home/runner/.m2/repository/org/apache/ratis/ratis-thirdparty-misc/0.7.0/ratis-thirdparty-misc-0.7.0.jar:/home/runner/.m2/repository/org/apache/ratis/ratis-proto/2.2.0/ratis-proto-2.2.0.jar:"/>
    <property name="sun.cpu.endian" value="little"/>
    <property name="user.home" value="/home/runner"/>
    <property name="user.language" value="en"/>
    <property name="java.specification.vendor" value="Oracle Corporation"/>
    <property name="java.home" value="/usr/lib/jvm/adoptopenjdk-8-hotspot-amd64/jre"/>
    <property name="java.security.krb5.conf" value="/home/runner/work/ozone/ozone/hadoop-ozone/integration-test/target/test-classes/krb5.conf"/>
    <property name="basedir" value="/home/runner/work/ozone/ozone/hadoop-ozone/integration-test"/>
    <property name="file.separator" value="/"/>
    <property name="line.separator" value="&#10;"/>
    <property name="java.vm.specification.vendor" value="Oracle Corporation"/>
    <property name="java.specification.name" value="Java Platform API Specification"/>
    <property name="java.awt.graphicsenv" value="sun.awt.X11GraphicsEnvironment"/>
    <property name="skip.installnpx" value="true"/>
    <property name="surefire.real.class.path" value="/home/runner/work/ozone/ozone/hadoop-ozone/integration-test/target/surefire/surefirebooter24104689425979479.jar:/home/runner/.m2/repository/org/jacoco/org.jacoco.agent/0.8.5/org.jacoco.agent-0.8.5-runtime.jar"/>
    <property name="hadoop.log.dir" value="/home/runner/work/ozone/ozone/hadoop-ozone/integration-test/target/log"/>
    <property name="sun.boot.class.path" value="/usr/lib/jvm/adoptopenjdk-8-hotspot-amd64/jre/lib/resources.jar:/usr/lib/jvm/adoptopenjdk-8-hotspot-amd64/jre/lib/rt.jar:/usr/lib/jvm/adoptopenjdk-8-hotspot-amd64/jre/lib/sunrsasign.jar:/usr/lib/jvm/adoptopenjdk-8-hotspot-amd64/jre/lib/jsse.jar:/usr/lib/jvm/adoptopenjdk-8-hotspot-amd64/jre/lib/jce.jar:/usr/lib/jvm/adoptopenjdk-8-hotspot-amd64/jre/lib/charsets.jar:/usr/lib/jvm/adoptopenjdk-8-hotspot-amd64/jre/lib/jfr.jar:/usr/lib/jvm/adoptopenjdk-8-hotspot-amd64/jre/classes"/>
    <property name="sun.management.compiler" value="HotSpot 64-Bit Tiered Compilers"/>
    <property name="skip.npx" value="true"/>
    <property name="java.runtime.version" value="1.8.0_292-b10"/>
    <property name="java.net.preferIPv4Stack" value="true"/>
    <property name="user.name" value="runner"/>
    <property name="path.separator" value=":"/>
    <property name="java.security.egd" value="file:///dev/urandom"/>
    <property name="os.version" value="5.4.0-1062-azure"/>
    <property name="java.endorsed.dirs" value="/usr/lib/jvm/adoptopenjdk-8-hotspot-amd64/jre/lib/endorsed"/>
    <property name="java.runtime.name" value="OpenJDK Runtime Environment"/>
    <property name="file.encoding" value="UTF-8"/>
    <property name="java.vm.name" value="OpenJDK 64-Bit Server VM"/>
    <property name="test.build.webapps" value=""/>
    <property name="localRepository" value="/home/runner/.m2/repository"/>
    <property name="java.vendor.url.bug" value="https://github.com/AdoptOpenJDK/openjdk-support/issues"/>
    <property name="java.io.tmpdir" value="/tmp"/>
    <property name="require.test.libhadoop" value=""/>
    <property name="java.version" value="1.8.0_292"/>
    <property name="user.dir" value="/home/runner/work/ozone/ozone/hadoop-ozone/integration-test"/>
    <property name="os.arch" value="amd64"/>
    <property name="java.vm.specification.name" value="Java Virtual Machine Specification"/>
    <property name="test.build.classes" value="/home/runner/work/ozone/ozone/hadoop-ozone/integration-test/target/test-classes"/>
    <property name="java.awt.printerjob" value="sun.print.PSPrinterJob"/>
    <property name="sun.os.patch.level" value="unknown"/>
    <property name="hadoop.tmp.dir" value="/home/runner/work/ozone/ozone/hadoop-ozone/integration-test/target/tmp"/>
    <property name="java.library.path" value="/usr/java/packages/lib/amd64:/usr/lib64:/lib64:/lib:/usr/lib"/>
    <property name="java.vm.info" value="mixed mode"/>
    <property name="java.vendor" value="AdoptOpenJDK"/>
    <property name="java.vm.version" value="25.292-b10"/>
    <property name="java.ext.dirs" value="/usr/lib/jvm/adoptopenjdk-8-hotspot-amd64/jre/lib/ext:/usr/java/packages/lib/ext"/>
    <property name="sun.io.unicode.encoding" value="UnicodeLittle"/>
    <property name="java.class.version" value="52.0"/>
  </properties>
  <testcase name="test2DatanodesFailure" classname="org.apache.hadoop.ozone.client.rpc.TestBlockOutputStreamWithFailures" time="73.136">
    <error message="java.io.IOException: INTERNAL_ERROR org.apache.hadoop.ozone.om.exceptions.OMException: Allocated 0 blocks. Requested 1 blocks" type="java.io.IOException">java.io.IOException: java.io.IOException: INTERNAL_ERROR org.apache.hadoop.ozone.om.exceptions.OMException: Allocated 0 blocks. Requested 1 blocks
	at org.apache.hadoop.ozone.client.io.KeyOutputStream.handleWrite(KeyOutputStream.java:243)
	at org.apache.hadoop.ozone.client.io.KeyOutputStream.write(KeyOutputStream.java:213)
	at org.apache.hadoop.ozone.client.io.OzoneOutputStream.write(OzoneOutputStream.java:50)
	at java.io.OutputStream.write(OutputStream.java:75)
	at org.apache.hadoop.ozone.client.rpc.TestBlockOutputStreamWithFailures.test2DatanodesFailure(TestBlockOutputStreamWithFailures.java:414)
	at sun.reflect.NativeMethodAccessorImpl.invoke0(Native Method)
	at sun.reflect.NativeMethodAccessorImpl.invoke(NativeMethodAccessorImpl.java:62)
	at sun.reflect.DelegatingMethodAccessorImpl.invoke(DelegatingMethodAccessorImpl.java:43)
	at java.lang.reflect.Method.invoke(Method.java:498)
	at org.junit.runners.model.FrameworkMethod$1.runReflectiveCall(FrameworkMethod.java:59)
	at org.junit.internal.runners.model.ReflectiveCallable.run(ReflectiveCallable.java:12)
	at org.junit.runners.model.FrameworkMethod.invokeExplosively(FrameworkMethod.java:56)
	at org.junit.internal.runners.statements.InvokeMethod.evaluate(InvokeMethod.java:17)
	at org.junit.internal.runners.statements.RunBefores.evaluate(RunBefores.java:26)
	at org.junit.internal.runners.statements.RunAfters.evaluate(RunAfters.java:27)
	at org.junit.internal.runners.statements.FailOnTimeout$CallableStatement.call(FailOnTimeout.java:288)
	at org.junit.internal.runners.statements.FailOnTimeout$CallableStatement.call(FailOnTimeout.java:282)
	at java.util.concurrent.FutureTask.run(FutureTask.java:266)
	at java.lang.Thread.run(Thread.java:748)
Caused by: java.io.IOException: INTERNAL_ERROR org.apache.hadoop.ozone.om.exceptions.OMException: Allocated 0 blocks. Requested 1 blocks
	at org.apache.hadoop.ozone.client.io.KeyOutputStream.handleWrite(KeyOutputStream.java:243)
	at org.apache.hadoop.ozone.client.io.KeyOutputStream.handleRetry(KeyOutputStream.java:415)
	at org.apache.hadoop.ozone.client.io.KeyOutputStream.handleException(KeyOutputStream.java:360)
	at org.apache.hadoop.ozone.client.io.KeyOutputStream.handleFlushOrClose(KeyOutputStream.java:471)
	at org.apache.hadoop.ozone.client.io.KeyOutputStream.handleWrite(KeyOutputStream.java:237)
	... 18 more
Caused by: INTERNAL_ERROR org.apache.hadoop.ozone.om.exceptions.OMException: Allocated 0 blocks. Requested 1 blocks
	at org.apache.hadoop.ozone.om.protocolPB.OzoneManagerProtocolClientSideTranslatorPB.handleError(OzoneManagerProtocolClientSideTranslatorPB.java:632)
	at org.apache.hadoop.ozone.om.protocolPB.OzoneManagerProtocolClientSideTranslatorPB.allocateBlock(OzoneManagerProtocolClientSideTranslatorPB.java:662)
	at org.apache.hadoop.ozone.client.io.BlockOutputStreamEntryPool.allocateNewBlock(BlockOutputStreamEntryPool.java:305)
	at org.apache.hadoop.ozone.client.io.BlockOutputStreamEntryPool.allocateBlockIfNeeded(BlockOutputStreamEntryPool.java:366)
	at org.apache.hadoop.ozone.client.io.KeyOutputStream.handleWrite(KeyOutputStream.java:222)
	... 22 more
</error>
    <system-out><![CDATA[2021-11-15 10:00:34,016 [Time-limited test] WARN  server.ServerUtils (ServerUtils.java:getScmDbDir(148)) - ozone.scm.db.dirs is not configured. We recommend adding this setting. Falling back to ozone.metadata.dirs instead.
2021-11-15 10:00:34,132 [Time-limited test] INFO  ha.SCMHANodeDetails (SCMHANodeDetails.java:loadSCMHAConfig(157)) - ServiceID for StorageContainerManager is null
2021-11-15 10:00:34,133 [Time-limited test] INFO  ha.SCMHANodeDetails (SCMHANodeDetails.java:loadSCMHAConfig(162)) - ozone.scm.default.service.id is not defined, falling back to ozone.scm.service.ids to find serviceID for StorageContainerManager if it is HA enabled cluster
2021-11-15 10:00:34,259 [Time-limited test] WARN  server.ServerUtils (ServerUtils.java:getScmDbDir(148)) - ozone.scm.db.dirs is not configured. We recommend adding this setting. Falling back to ozone.metadata.dirs instead.
2021-11-15 10:00:34,262 [Time-limited test] INFO  upgrade.AbstractLayoutVersionManager (AbstractLayoutVersionManager.java:init(79)) - Initializing Layout version manager with metadata layout = SCM_HA (version = 2), software layout = SCM_HA (version = 2)
2021-11-15 10:00:34,495 [Time-limited test] INFO  reflections.Reflections (Reflections.java:scan(232)) - Reflections took 139 ms to scan 7 urls, producing 119 keys and 279 values 
2021-11-15 10:00:35,047 [Time-limited test] WARN  utils.HAUtils (HAUtils.java:getMetaDir(342)) - ozone.scm.db.dirs is not configured. We recommend adding this setting. Falling back to ozone.metadata.dirs instead.
2021-11-15 10:00:35,186 [Time-limited test] WARN  db.DBStoreBuilder (DBStoreBuilder.java:applyDBDefinition(145)) - ozone.scm.db.dirs is not configured. We recommend adding this setting. Falling back to ozone.metadata.dirs instead.
2021-11-15 10:00:35,375 [Time-limited test] INFO  net.NodeSchemaLoader (NodeSchemaLoader.java:loadSchemaFromFile(129)) - Loading schema from [jar:file:/home/runner/.m2/repository/org/apache/ozone/hdds-common/1.2.0-SNAPSHOT/hdds-common-1.2.0-SNAPSHOT.jar!/network-topology-default.xml]
2021-11-15 10:00:35,377 [Time-limited test] INFO  net.NodeSchemaLoader (NodeSchemaLoader.java:loadSchema(176)) - Loading network topology layer schema file
2021-11-15 10:00:35,423 [Time-limited test] INFO  metrics.MetricRegistries (MetricRegistriesLoader.java:load(64)) - Loaded MetricRegistries class org.apache.ratis.metrics.impl.MetricRegistriesImpl
2021-11-15 10:00:35,438 [Time-limited test] INFO  ha.SequenceIdGenerator (SequenceIdGenerator.java:upgradeToSequenceId(347)) - upgrade localId to 107544261427200000
2021-11-15 10:00:35,439 [Time-limited test] INFO  ha.SequenceIdGenerator (SequenceIdGenerator.java:upgradeToSequenceId(357)) - upgrade delTxnId to 0
2021-11-15 10:00:35,442 [Time-limited test] INFO  ha.SequenceIdGenerator (SequenceIdGenerator.java:upgradeToSequenceId(371)) - upgrade containerId to 0
2021-11-15 10:00:35,445 [Time-limited test] INFO  ha.SequenceIdGenerator (SequenceIdGenerator.java:<init>(218)) - Init the HA SequenceIdGenerator.
2021-11-15 10:00:35,488 [Time-limited test] WARN  server.ServerUtils (ServerUtils.java:sanitizeUserArgs(67)) - ozone.scm.dead.node.interval value = 10000 is smaller than min = 20000 based on the key value of ozone.scm.stale.node.interval, reset to the min value 20000.
2021-11-15 10:00:35,494 [Time-limited test] INFO  node.SCMNodeManager (SCMNodeManager.java:<init>(144)) - Entering startup safe mode.
2021-11-15 10:00:35,554 [Time-limited test] INFO  algorithms.ContainerPlacementPolicyFactory (ContainerPlacementPolicyFactory.java:getPolicy(60)) - Create container placement policy of type org.apache.hadoop.hdds.scm.container.placement.algorithms.SCMContainerPlacementRandom
2021-11-15 10:00:35,566 [Time-limited test] INFO  pipeline.PipelineStateManagerImpl (PipelineStateManagerImpl.java:initialize(78)) - No pipeline exists in current db
2021-11-15 10:00:35,605 [Time-limited test] INFO  algorithms.LeaderChoosePolicyFactory (LeaderChoosePolicyFactory.java:getPolicy(57)) - Create leader choose policy of type org.apache.hadoop.hdds.scm.pipeline.leader.choose.algorithms.MinLeaderCountChoosePolicy
2021-11-15 10:00:35,611 [Time-limited test] INFO  ha.SCMServiceManager (SCMServiceManager.java:register(43)) - Registering service BackgroundPipelineCreator.
2021-11-15 10:00:35,611 [Time-limited test] INFO  pipeline.BackgroundPipelineCreator (BackgroundPipelineCreator.java:start(130)) - Starting RatisPipelineUtilsThread.
2021-11-15 10:00:35,645 [Time-limited test] INFO  algorithms.PipelineChoosePolicyFactory (PipelineChoosePolicyFactory.java:createPipelineChoosePolicyFromClass(73)) - Create pipeline choose policy of type org.apache.hadoop.hdds.scm.pipeline.choose.algorithms.RandomPipelineChoosePolicy
2021-11-15 10:00:35,664 [Time-limited test] INFO  ha.SCMServiceManager (SCMServiceManager.java:register(43)) - Registering service SCMBlockDeletingService.
2021-11-15 10:00:35,692 [Time-limited test] INFO  ha.SCMServiceManager (SCMServiceManager.java:register(43)) - Registering service ReplicationManager.
2021-11-15 10:00:35,694 [Time-limited test] INFO  container.ReplicationManager (ReplicationManager.java:start(319)) - Starting Replication Monitor Thread.
2021-11-15 10:00:35,706 [ReplicationMonitor] INFO  container.ReplicationManager (ReplicationManager.java:processAll(371)) - Replication Monitor Thread took 3 milliseconds for processing 0 containers.
2021-11-15 10:00:35,715 [Time-limited test] INFO  safemode.ContainerSafeModeRule (ContainerSafeModeRule.java:<init>(89)) - containers with one replica threshold count 0
2021-11-15 10:00:35,720 [Time-limited test] INFO  safemode.HealthyPipelineSafeModeRule (HealthyPipelineSafeModeRule.java:initializeRule(156)) - Total pipeline count is 0, healthy pipeline threshold count is 1
2021-11-15 10:00:35,730 [Time-limited test] INFO  safemode.OneReplicaPipelineSafeModeRule (OneReplicaPipelineSafeModeRule.java:initializeRule(180)) - Total pipeline count is 0, pipeline's with at least one datanode reported threshold count is 0
2021-11-15 10:00:36,149 [Time-limited test] INFO  ipc.CallQueueManager (CallQueueManager.java:<init>(90)) - Using callQueue: class java.util.concurrent.LinkedBlockingQueue, queueCapacity: 2000, scheduler: class org.apache.hadoop.ipc.DefaultRpcScheduler, ipcBackoff: false.
2021-11-15 10:00:36,198 [Socket Reader #1 for port 0] INFO  ipc.Server (Server.java:run(1265)) - Starting Socket Reader #1 for port 0
2021-11-15 10:00:36,245 [Listener at 0.0.0.0/37589] INFO  ipc.CallQueueManager (CallQueueManager.java:<init>(90)) - Using callQueue: class java.util.concurrent.LinkedBlockingQueue, queueCapacity: 2000, scheduler: class org.apache.hadoop.ipc.DefaultRpcScheduler, ipcBackoff: false.
2021-11-15 10:00:36,247 [Socket Reader #1 for port 0] INFO  ipc.Server (Server.java:run(1265)) - Starting Socket Reader #1 for port 0
2021-11-15 10:00:36,271 [Listener at 0.0.0.0/40577] INFO  ipc.CallQueueManager (CallQueueManager.java:<init>(90)) - Using callQueue: class java.util.concurrent.LinkedBlockingQueue, queueCapacity: 2000, scheduler: class org.apache.hadoop.ipc.DefaultRpcScheduler, ipcBackoff: false.
2021-11-15 10:00:36,272 [Socket Reader #1 for port 0] INFO  ipc.Server (Server.java:run(1265)) - Starting Socket Reader #1 for port 0
2021-11-15 10:00:36,331 [Listener at 0.0.0.0/35147] INFO  algorithms.ContainerPlacementPolicyFactory (ContainerPlacementPolicyFactory.java:getPolicy(60)) - Create container placement policy of type org.apache.hadoop.hdds.scm.container.placement.algorithms.SCMContainerPlacementRandom
2021-11-15 10:00:36,340 [Listener at 0.0.0.0/35147] INFO  server.StorageContainerManager (StorageContainerManager.java:<init>(388)) - 
Container Balancer status:
Key                            Value
Running                        false
Container Balancer Configuration values:
Key                                                Value
Threshold                                          0.1
Max Datanodes to Involve per Iteration(ratio)      0.2
Max Size to Move per Iteration                     32212254720B

2021-11-15 10:00:36,341 [Listener at 0.0.0.0/35147] WARN  events.EventQueue (EventQueue.java:fireEvent(194)) - No event handler registered for event TypedEvent{payloadType=SafeModeStatus, name='Safe mode status'}
2021-11-15 10:00:36,341 [Listener at 0.0.0.0/35147] INFO  ha.SCMContext (SCMContext.java:updateSafeModeStatus(205)) - Update SafeModeStatus from SafeModeStatus{safeModeStatus=true, preCheckPassed=false} to SafeModeStatus{safeModeStatus=true, preCheckPassed=false}.
2021-11-15 10:00:36,346 [Listener at 0.0.0.0/35147] INFO  server.StorageContainerManager (StorageContainerManager.java:start(1303)) - StorageContainerLocationProtocol RPC server is listening at /0.0.0.0:35147
2021-11-15 10:00:36,421 [Listener at 0.0.0.0/35147] WARN  impl.MetricsConfig (MetricsConfig.java:loadFirst(136)) - Cannot locate configuration: tried hadoop-metrics2-storagecontainermanager.properties,hadoop-metrics2.properties
2021-11-15 10:00:36,440 [Listener at 0.0.0.0/35147] INFO  impl.MetricsSystemImpl (MetricsSystemImpl.java:startTimer(378)) - Scheduled Metric snapshot period at 10 second(s).
2021-11-15 10:00:36,443 [Listener at 0.0.0.0/35147] INFO  impl.MetricsSystemImpl (MetricsSystemImpl.java:start(191)) - StorageContainerManager metrics system started
2021-11-15 10:00:36,800 [Listener at 0.0.0.0/35147] INFO  server.SCMClientProtocolServer (SCMClientProtocolServer.java:start(164)) - RPC server for Client  is listening at /0.0.0.0:35147
2021-11-15 10:00:36,803 [IPC Server Responder] INFO  ipc.Server (Server.java:run(1507)) - IPC Server Responder: starting
2021-11-15 10:00:36,804 [IPC Server listener on 0] INFO  ipc.Server (Server.java:run(1344)) - IPC Server listener on 0: starting
2021-11-15 10:00:36,812 [Listener at 0.0.0.0/35147] INFO  server.StorageContainerManager (StorageContainerManager.java:start(1318)) - ScmBlockLocationProtocol RPC server is listening at /0.0.0.0:40577
2021-11-15 10:00:36,813 [Listener at 0.0.0.0/35147] INFO  server.SCMBlockProtocolServer (SCMBlockProtocolServer.java:start(151)) - RPC server for Block Protocol is listening at /0.0.0.0:40577
2021-11-15 10:00:36,813 [IPC Server Responder] INFO  ipc.Server (Server.java:run(1507)) - IPC Server Responder: starting
2021-11-15 10:00:36,815 [IPC Server listener on 0] INFO  ipc.Server (Server.java:run(1344)) - IPC Server listener on 0: starting
2021-11-15 10:00:36,818 [Listener at 0.0.0.0/35147] INFO  server.StorageContainerManager (StorageContainerManager.java:start(1324)) - ScmDatanodeProtocl RPC server is listening at /0.0.0.0:37589
2021-11-15 10:00:36,818 [Listener at 0.0.0.0/35147] INFO  server.SCMDatanodeProtocolServer (SCMDatanodeProtocolServer.java:start(181)) - RPC server for DataNodes is listening at /0.0.0.0:37589
2021-11-15 10:00:36,820 [IPC Server Responder] INFO  ipc.Server (Server.java:run(1507)) - IPC Server Responder: starting
2021-11-15 10:00:36,820 [IPC Server listener on 0] INFO  ipc.Server (Server.java:run(1344)) - IPC Server listener on 0: starting
2021-11-15 10:00:36,845 [org.apache.hadoop.util.JvmPauseMonitor$Monitor@6b14ec72] INFO  util.JvmPauseMonitor (JvmPauseMonitor.java:run(188)) - Starting JVM pause monitor
2021-11-15 10:00:36,859 [Listener at 0.0.0.0/35147] INFO  http.BaseHttpServer (BaseHttpServer.java:newHttpServer2BuilderForOzone(209)) - Starting Web-server for scm at: http://0.0.0.0:0
2021-11-15 10:00:36,859 [Listener at 0.0.0.0/35147] INFO  http.BaseHttpServer (BaseHttpServer.java:<init>(107)) - Hadoop Security Enabled: false Ozone Security Enabled: false Ozone HTTP Security Enabled: false 
2021-11-15 10:00:36,888 [Listener at 0.0.0.0/35147] INFO  util.log (Log.java:initialized(170)) - Logging initialized @4196ms to org.eclipse.jetty.util.log.Slf4jLog
2021-11-15 10:00:36,998 [Listener at 0.0.0.0/35147] INFO  server.AuthenticationFilter (AuthenticationFilter.java:constructSecretProvider(240)) - Unable to initialize FileSignerSecretProvider, falling back to use random secrets.
2021-11-15 10:00:37,003 [Listener at 0.0.0.0/35147] WARN  http.HttpRequestLog (HttpRequestLog.java:getRequestLog(103)) - Jetty request log can only be enabled using Log4j
2021-11-15 10:00:37,009 [Listener at 0.0.0.0/35147] INFO  http.HttpServer2 (HttpServer2.java:addGlobalFilter(1030)) - Added global filter 'safety' (class=org.apache.hadoop.hdds.server.http.HttpServer2$QuotingInputFilter)
2021-11-15 10:00:37,025 [Listener at 0.0.0.0/35147] INFO  http.HttpServer2 (HttpServer2.java:addFilter(1006)) - Added filter static_user_filter (class=org.apache.hadoop.http.lib.StaticUserWebFilter$StaticUserFilter) to context scm
2021-11-15 10:00:37,026 [Listener at 0.0.0.0/35147] INFO  http.HttpServer2 (HttpServer2.java:addFilter(1014)) - Added filter static_user_filter (class=org.apache.hadoop.http.lib.StaticUserWebFilter$StaticUserFilter) to context logs
2021-11-15 10:00:37,026 [Listener at 0.0.0.0/35147] INFO  http.HttpServer2 (HttpServer2.java:addFilter(1014)) - Added filter static_user_filter (class=org.apache.hadoop.http.lib.StaticUserWebFilter$StaticUserFilter) to context static
2021-11-15 10:00:37,087 [Listener at 0.0.0.0/35147] INFO  http.HttpServer2 (HttpServer2.java:bindListener(1249)) - Jetty bound to port 39289
2021-11-15 10:00:37,089 [Listener at 0.0.0.0/35147] INFO  server.Server (Server.java:doStart(375)) - jetty-9.4.43.v20210629; built: 2021-06-30T11:07:22.254Z; git: 526006ecfa3af7f1a27ef3a288e2bef7ea9dd7e8; jvm 1.8.0_292-b10
2021-11-15 10:00:37,122 [Listener at 0.0.0.0/35147] INFO  server.session (DefaultSessionIdManager.java:doStart(334)) - DefaultSessionIdManager workerName=node0
2021-11-15 10:00:37,123 [Listener at 0.0.0.0/35147] INFO  server.session (DefaultSessionIdManager.java:doStart(339)) - No SessionScavenger set, using defaults
2021-11-15 10:00:37,125 [Listener at 0.0.0.0/35147] INFO  server.session (HouseKeeper.java:startScavenging(132)) - node0 Scavenging every 660000ms
2021-11-15 10:00:37,138 [Listener at 0.0.0.0/35147] INFO  handler.ContextHandler (ContextHandler.java:doStart(915)) - Started o.e.j.s.ServletContextHandler@2c217a59{logs,/logs,file:///home/runner/work/ozone/ozone/hadoop-ozone/integration-test/target/log,AVAILABLE}
2021-11-15 10:00:37,139 [Listener at 0.0.0.0/35147] INFO  handler.ContextHandler (ContextHandler.java:doStart(915)) - Started o.e.j.s.ServletContextHandler@5b04fe4e{static,/static,file:///home/runner/work/ozone/ozone/hadoop-ozone/integration-test/target/test-classes/webapps/static,AVAILABLE}
2021-11-15 10:00:37,187 [Listener at 0.0.0.0/35147] INFO  handler.ContextHandler (ContextHandler.java:doStart(915)) - Started o.e.j.w.WebAppContext@3a5874e8{scm,/,file:///home/runner/work/ozone/ozone/hadoop-ozone/integration-test/target/test-classes/webapps/scm/,AVAILABLE}{file:/home/runner/work/ozone/ozone/hadoop-ozone/integration-test/target/test-classes/webapps/scm}
2021-11-15 10:00:37,197 [Listener at 0.0.0.0/35147] INFO  server.AbstractConnector (AbstractConnector.java:doStart(331)) - Started ServerConnector@36bfcf9a{HTTP/1.1, (http/1.1)}{0.0.0.0:39289}
2021-11-15 10:00:37,197 [Listener at 0.0.0.0/35147] INFO  server.Server (Server.java:doStart(415)) - Started @4506ms
2021-11-15 10:00:37,199 [Listener at 0.0.0.0/35147] INFO  impl.MetricsSinkAdapter (MetricsSinkAdapter.java:start(204)) - Sink prometheus started
2021-11-15 10:00:37,199 [Listener at 0.0.0.0/35147] INFO  impl.MetricsSystemImpl (MetricsSystemImpl.java:registerSink(305)) - Registered sink prometheus
2021-11-15 10:00:37,201 [Listener at 0.0.0.0/35147] INFO  http.BaseHttpServer (BaseHttpServer.java:updateConnectorAddress(329)) - HTTP server of scm listening at http://0.0.0.0:39289
2021-11-15 10:00:37,202 [Listener at 0.0.0.0/35147] WARN  server.ServerUtils (ServerUtils.java:getDBPath(225)) - ozone.om.db.dirs is not configured. We recommend adding this setting. Falling back to ozone.metadata.dirs instead.
2021-11-15 10:00:37,306 [Listener at 0.0.0.0/35147] INFO  ha.OMHANodeDetails (OMHANodeDetails.java:loadOMHAConfig(112)) - ozone.om.internal.service.id is not defined, falling back to ozone.om.service.ids to find serviceID for OzoneManager if it is HA enabled cluster
2021-11-15 10:00:37,310 [Listener at 0.0.0.0/35147] INFO  ha.OMHANodeDetails (OMHANodeDetails.java:loadOMHAConfig(219)) - Configuration does not have ozone.om.address set. Falling back to the default OM address /127.0.0.1:0
2021-11-15 10:00:37,310 [Listener at 0.0.0.0/35147] INFO  ha.OMHANodeDetails (OMHANodeDetails.java:getOMNodeDetails(247)) - OM Service ID is not set. Setting it to the default ID: omServiceIdDefault
2021-11-15 10:00:37,311 [Listener at 0.0.0.0/35147] INFO  ha.OMHANodeDetails (OMHANodeDetails.java:getOMNodeDetails(254)) - OM Node ID is not set. Setting it to the default ID: om1
2021-11-15 10:00:37,314 [Listener at 0.0.0.0/35147] WARN  server.ServerUtils (ServerUtils.java:getDBPath(225)) - ozone.om.db.dirs is not configured. We recommend adding this setting. Falling back to ozone.metadata.dirs instead.
2021-11-15 10:00:37,316 [Listener at 0.0.0.0/35147] INFO  upgrade.AbstractLayoutVersionManager (AbstractLayoutVersionManager.java:init(79)) - Initializing Layout version manager with metadata layout = INITIAL_VERSION (version = 0), software layout = INITIAL_VERSION (version = 0)
2021-11-15 10:00:37,376 [Listener at 0.0.0.0/35147] INFO  reflections.Reflections (Reflections.java:scan(232)) - Reflections took 56 ms to scan 2 urls, producing 131 keys and 344 values [using 2 cores]
2021-11-15 10:00:37,386 [Listener at 0.0.0.0/35147] INFO  upgrade.OMLayoutVersionManager (OMLayoutVersionManager.java:lambda$0(115)) - Skipping Upgrade Action MockOmUpgradeAction since it has been finalized.
2021-11-15 10:00:37,387 [Listener at 0.0.0.0/35147] WARN  server.ServerUtils (ServerUtils.java:getDBPath(225)) - ozone.om.db.dirs is not configured. We recommend adding this setting. Falling back to ozone.metadata.dirs instead.
2021-11-15 10:00:37,772 [Listener at 0.0.0.0/35147] WARN  server.ServerUtils (ServerUtils.java:getDBPath(225)) - ozone.om.db.dirs is not configured. We recommend adding this setting. Falling back to ozone.metadata.dirs instead.
2021-11-15 10:00:37,779 [Listener at 0.0.0.0/35147] INFO  codec.OmKeyInfoCodec (OmKeyInfoCodec.java:<init>(50)) - OmKeyInfoCodec ignorePipeline = true
2021-11-15 10:00:37,780 [Listener at 0.0.0.0/35147] INFO  codec.RepeatedOmKeyInfoCodec (RepeatedOmKeyInfoCodec.java:<init>(42)) - RepeatedOmKeyInfoCodec ignorePipeline = true
2021-11-15 10:00:37,984 [Listener at 0.0.0.0/35147] INFO  om.OzoneManager (OzoneManager.java:addS3GVolumeToDB(3457)) - Created Volume s3v With Owner runner required for S3Gateway operations.
2021-11-15 10:00:38,049 [Listener at 0.0.0.0/35147] WARN  server.ServerUtils (ServerUtils.java:getDefaultRatisDirectory(237)) - Storage directory for Ratis is not configured. It is a good idea to map this to an SSD disk. Falling back to ozone.metadata.dirs
2021-11-15 10:00:38,050 [Listener at 0.0.0.0/35147] WARN  utils.OzoneManagerRatisUtils (OzoneManagerRatisUtils.java:getOMRatisSnapshotDirectory(425)) - ozone.om.ratis.snapshot.dir is not configured. Falling back to ozone.metadata.dirs config
2021-11-15 10:00:38,080 [Listener at 0.0.0.0/35147] WARN  server.ServerUtils (ServerUtils.java:getDefaultRatisDirectory(237)) - Storage directory for Ratis is not configured. It is a good idea to map this to an SSD disk. Falling back to ozone.metadata.dirs
2021-11-15 10:00:38,111 [Listener at 0.0.0.0/35147] INFO  ratis.OzoneManagerRatisServer (OzoneManagerRatisServer.java:<init>(159)) - Instantiating OM Ratis server with groupID: omServiceIdDefault and peers: localhost:9872
2021-11-15 10:00:38,121 [Listener at 0.0.0.0/35147] INFO  ratis.OzoneManagerStateMachine (OzoneManagerStateMachine.java:loadSnapshotInfoFromDB(605)) - LastAppliedIndex is set from TransactionInfo from OM DB as (t:0, i:~)
2021-11-15 10:00:38,154 [Listener at 0.0.0.0/35147] INFO  server.RaftServer (ConfUtils.java:logGet(44)) - raft.rpc.type = GRPC (default)
2021-11-15 10:00:38,234 [Listener at 0.0.0.0/35147] INFO  grpc.GrpcFactory (GrpcFactory.java:checkPooledByteBufAllocatorUseCacheForAllThreads(48)) - PERFORMANCE WARNING: useCacheForAllThreads is true that may cause Netty to create a lot garbage objects and, as a result, trigger GC.
	It is recommended to disable useCacheForAllThreads by setting -Dorg.apache.ratis.thirdparty.io.netty.allocator.useCacheForAllThreads=false in command line.
2021-11-15 10:00:38,239 [Listener at 0.0.0.0/35147] INFO  grpc.GrpcConfigKeys (ConfUtils.java:logGet(44)) - raft.grpc.admin.port = -1 (default)
2021-11-15 10:00:38,244 [Listener at 0.0.0.0/35147] INFO  grpc.GrpcConfigKeys (ConfUtils.java:logGet(44)) - raft.grpc.server.port = 9872 (custom)
2021-11-15 10:00:38,244 [Listener at 0.0.0.0/35147] INFO  grpc.GrpcConfigKeys (ConfUtils.java:logGet(44)) - raft.grpc.client.port = -1 (default)
2021-11-15 10:00:38,245 [Listener at 0.0.0.0/35147] INFO  grpc.GrpcConfigKeys (ConfUtils.java:logGet(44)) - raft.grpc.server.port = 9872 (custom)
2021-11-15 10:00:38,245 [Listener at 0.0.0.0/35147] INFO  grpc.GrpcConfigKeys (ConfUtils.java:logGet(44)) - raft.grpc.server.port = 9872 (custom)
2021-11-15 10:00:38,250 [Listener at 0.0.0.0/35147] INFO  server.GrpcService (ConfUtils.java:logGet(44)) - raft.grpc.message.size.max = 33554432 (custom)
2021-11-15 10:00:38,253 [Listener at 0.0.0.0/35147] INFO  server.RaftServerConfigKeys (ConfUtils.java:logGet(44)) - raft.server.log.appender.buffer.byte-limit = 33554432 (custom)
2021-11-15 10:00:38,257 [Listener at 0.0.0.0/35147] INFO  server.GrpcService (ConfUtils.java:logGet(44)) - raft.grpc.flow.control.window = 1MB (=1048576) (default)
2021-11-15 10:00:38,259 [Listener at 0.0.0.0/35147] INFO  server.RaftServerConfigKeys (ConfUtils.java:logGet(44)) - raft.server.rpc.request.timeout = 3000ms (default)
2021-11-15 10:00:38,528 [Listener at 0.0.0.0/35147] INFO  impl.DataStreamServerImpl (ConfUtils.java:logGet(44)) - raft.datastream.type = DISABLED (default)
2021-11-15 10:00:38,530 [Listener at 0.0.0.0/35147] INFO  server.RaftServerConfigKeys (ConfUtils.java:logGet(44)) - raft.server.rpc.slowness.timeout = 120s (custom)
2021-11-15 10:00:38,530 [Listener at 0.0.0.0/35147] INFO  server.RaftServerConfigKeys (ConfUtils.java:logGet(44)) - raft.server.leaderelection.leader.step-down.wait-time = 10s (default)
2021-11-15 10:00:38,545 [Listener at 0.0.0.0/35147] INFO  server.RaftServerConfigKeys (ConfUtils.java:logGet(44)) - raft.server.storage.dir = [/home/runner/work/ozone/ozone/hadoop-ozone/integration-test/target/test-dir/MiniOzoneClusterImpl-b6bde346-cb55-4fad-bd7f-e1da966a93e7/ozone-meta/ratis] (custom)
2021-11-15 10:00:38,550 [Listener at 0.0.0.0/35147] INFO  server.RaftServer (RaftServerProxy.java:addNew(95)) - om1: addNew group-C5BA1605619E:[om1|rpc:localhost:9872|priority:0] returns group-C5BA1605619E:java.util.concurrent.CompletableFuture@e8632c3[Not completed]
2021-11-15 10:00:38,551 [Listener at 0.0.0.0/35147] INFO  om.OzoneManager (OzoneManager.java:initializeRatisServer(1639)) - OzoneManager Ratis server initialized at port 9872
2021-11-15 10:00:38,565 [Listener at 0.0.0.0/35147] INFO  ipc.CallQueueManager (CallQueueManager.java:<init>(90)) - Using callQueue: class java.util.concurrent.LinkedBlockingQueue, queueCapacity: 2000, scheduler: class org.apache.hadoop.ipc.DefaultRpcScheduler, ipcBackoff: false.
2021-11-15 10:00:38,566 [Socket Reader #1 for port 0] INFO  ipc.Server (Server.java:run(1265)) - Starting Socket Reader #1 for port 0
2021-11-15 10:00:38,610 [Listener at 127.0.0.1/43215] INFO  om.OzoneManager (OzoneManager.java:initFSOLayout(3662)) - Configured ozone.om.metadata.layout=SIMPLE and disabled optimized OM FS operations
2021-11-15 10:00:38,613 [pool-39-thread-1] INFO  server.RaftServer$Division (RaftServerImpl.java:<init>(184)) - om1: new RaftServerImpl for group-C5BA1605619E:[om1|rpc:localhost:9872|priority:0] with OzoneManagerStateMachine:uninitialized
2021-11-15 10:00:38,615 [pool-39-thread-1] INFO  server.RaftServerConfigKeys (ConfUtils.java:logGet(44)) - raft.server.rpc.timeout.min = 1s (custom)
2021-11-15 10:00:38,615 [pool-39-thread-1] INFO  server.RaftServerConfigKeys (ConfUtils.java:logGet(44)) - raft.server.rpc.timeout.max = 1200ms (custom)
2021-11-15 10:00:38,615 [pool-39-thread-1] INFO  server.RaftServerConfigKeys (ConfUtils.java:logGet(44)) - raft.server.rpc.sleep.time = 25ms (default)
2021-11-15 10:00:38,615 [pool-39-thread-1] INFO  server.RaftServerConfigKeys (ConfUtils.java:logGet(44)) - raft.server.rpc.slowness.timeout = 120s (custom)
2021-11-15 10:00:38,616 [pool-39-thread-1] INFO  server.RaftServerConfigKeys (ConfUtils.java:logGet(44)) - raft.server.leaderelection.leader.step-down.wait-time = 10s (default)
2021-11-15 10:00:38,616 [pool-39-thread-1] INFO  server.RaftServerConfigKeys (ConfUtils.java:logGet(44)) - raft.server.sleep.deviation.threshold = 300ms (default)
2021-11-15 10:00:38,616 [pool-39-thread-1] INFO  server.RaftServerConfigKeys (ConfUtils.java:logGet(44)) - raft.server.log.appender.install.snapshot.enabled = false (custom)
2021-11-15 10:00:38,621 [Listener at 127.0.0.1/43215] INFO  impl.MetricsSystemImpl (MetricsSystemImpl.java:init(158)) - OzoneManager metrics system started (again)
2021-11-15 10:00:38,631 [pool-39-thread-1] INFO  server.RaftServer$Division (ServerState.java:<init>(105)) - om1@group-C5BA1605619E: ConfigurationManager, init=-1: [om1|rpc:localhost:9872|priority:0], old=null, confs=<EMPTY_MAP>
2021-11-15 10:00:38,631 [pool-39-thread-1] INFO  server.RaftServerConfigKeys (ConfUtils.java:logGet(44)) - raft.server.storage.dir = [/home/runner/work/ozone/ozone/hadoop-ozone/integration-test/target/test-dir/MiniOzoneClusterImpl-b6bde346-cb55-4fad-bd7f-e1da966a93e7/ozone-meta/ratis] (custom)
2021-11-15 10:00:38,635 [pool-39-thread-1] INFO  server.RaftServerConfigKeys (ConfUtils.java:logGet(44)) - raft.server.log.corruption.policy = EXCEPTION (default)
2021-11-15 10:00:38,636 [pool-39-thread-1] INFO  server.RaftServerConfigKeys (ConfUtils.java:logGet(44)) - raft.server.storage.free-space.min = 0MB (=0) (default)
2021-11-15 10:00:38,637 [pool-39-thread-1] INFO  storage.RaftStorageDirectory (RaftStorageDirectoryImpl.java:analyzeStorage(135)) - The storage directory /home/runner/work/ozone/ozone/hadoop-ozone/integration-test/target/test-dir/MiniOzoneClusterImpl-b6bde346-cb55-4fad-bd7f-e1da966a93e7/ozone-meta/ratis/bf265839-605b-3f16-9796-c5ba1605619e does not exist. Creating ...
2021-11-15 10:00:38,646 [Listener at 127.0.0.1/43215] INFO  om.OzoneManager (OzoneManager.java:start(1323)) - OzoneManager RPC server is listening at localhost/127.0.0.1:43215
2021-11-15 10:00:38,646 [Listener at 127.0.0.1/43215] INFO  ratis.OzoneManagerRatisServer (OzoneManagerRatisServer.java:start(522)) - Starting OzoneManagerRatisServer om1 at port 9872
2021-11-15 10:00:38,646 [pool-39-thread-1] INFO  storage.RaftStorageDirectory (RaftStorageDirectoryImpl.java:tryLock(230)) - Lock on /home/runner/work/ozone/ozone/hadoop-ozone/integration-test/target/test-dir/MiniOzoneClusterImpl-b6bde346-cb55-4fad-bd7f-e1da966a93e7/ozone-meta/ratis/bf265839-605b-3f16-9796-c5ba1605619e/in_use.lock acquired by nodename 2776@fv-az12-743
2021-11-15 10:00:38,654 [pool-39-thread-1] INFO  storage.RaftStorage (RaftStorageImpl.java:format(89)) - Storage directory /home/runner/work/ozone/ozone/hadoop-ozone/integration-test/target/test-dir/MiniOzoneClusterImpl-b6bde346-cb55-4fad-bd7f-e1da966a93e7/ozone-meta/ratis/bf265839-605b-3f16-9796-c5ba1605619e has been successfully formatted.
2021-11-15 10:00:38,656 [pool-39-thread-1] INFO  server.RaftServerConfigKeys (ConfUtils.java:logGet(44)) - raft.server.notification.no-leader.timeout = 120s (custom)
2021-11-15 10:00:38,658 [pool-39-thread-1] INFO  server.RaftServerConfigKeys (ConfUtils.java:logGet(44)) - raft.server.log.use.memory = false (default)
2021-11-15 10:00:38,665 [pool-39-thread-1] INFO  server.RaftServerConfigKeys (ConfUtils.java:logGet(44)) - raft.server.log.purge.gap = 1000000 (custom)
2021-11-15 10:00:38,665 [pool-39-thread-1] INFO  server.RaftServerConfigKeys (ConfUtils.java:logGet(44)) - raft.server.log.appender.buffer.byte-limit = 33554432 (custom)
2021-11-15 10:00:38,676 [pool-39-thread-1] INFO  server.RaftServerConfigKeys (ConfUtils.java:logGet(44)) - raft.server.log.segment.size.max = 4194304 (custom)
2021-11-15 10:00:38,682 [pool-39-thread-1] INFO  server.RaftServerConfigKeys (ConfUtils.java:logGet(44)) - raft.server.log.segment.cache.num.max = 2 (custom)
2021-11-15 10:00:38,683 [pool-39-thread-1] INFO  server.RaftServerConfigKeys (ConfUtils.java:logGet(44)) - raft.server.log.segment.cache.size.max = 200MB (=209715200) (default)
2021-11-15 10:00:38,688 [pool-39-thread-1] INFO  segmented.SegmentedRaftLogWorker (SegmentedRaftLogWorker.java:<init>(182)) - new om1@group-C5BA1605619E-SegmentedRaftLogWorker for RaftStorageImpl:Storage Directory /home/runner/work/ozone/ozone/hadoop-ozone/integration-test/target/test-dir/MiniOzoneClusterImpl-b6bde346-cb55-4fad-bd7f-e1da966a93e7/ozone-meta/ratis/bf265839-605b-3f16-9796-c5ba1605619e
2021-11-15 10:00:38,689 [pool-39-thread-1] INFO  server.RaftServerConfigKeys (ConfUtils.java:logGet(44)) - raft.server.log.queue.byte-limit = 64MB (=67108864) (default)
2021-11-15 10:00:38,689 [pool-39-thread-1] INFO  server.RaftServerConfigKeys (ConfUtils.java:logGet(44)) - raft.server.log.queue.element-limit = 4096 (default)
2021-11-15 10:00:38,690 [pool-39-thread-1] INFO  server.RaftServerConfigKeys (ConfUtils.java:logGet(44)) - raft.server.log.segment.size.max = 4194304 (custom)
2021-11-15 10:00:38,690 [pool-39-thread-1] INFO  server.RaftServerConfigKeys (ConfUtils.java:logGet(44)) - raft.server.log.preallocated.size = 4194304 (custom)
2021-11-15 10:00:38,691 [pool-39-thread-1] INFO  server.RaftServerConfigKeys (ConfUtils.java:logGet(44)) - raft.server.log.force.sync.num = 128 (default)
2021-11-15 10:00:38,692 [pool-39-thread-1] INFO  server.RaftServerConfigKeys (ConfUtils.java:logGet(44)) - raft.server.log.statemachine.data.sync = true (default)
2021-11-15 10:00:38,692 [pool-39-thread-1] INFO  server.RaftServerConfigKeys (ConfUtils.java:logGet(44)) - raft.server.log.statemachine.data.sync.timeout = 10s (default)
2021-11-15 10:00:38,692 [pool-39-thread-1] INFO  server.RaftServerConfigKeys (ConfUtils.java:logGet(44)) - raft.server.log.statemachine.data.sync.timeout.retry = -1 (default)
2021-11-15 10:00:38,700 [pool-39-thread-1] INFO  server.RaftServerConfigKeys (ConfUtils.java:logGet(44)) - raft.server.log.write.buffer.size = 64KB (=65536) (default)
2021-11-15 10:00:38,700 [pool-39-thread-1] INFO  server.RaftServerConfigKeys (ConfUtils.java:logGet(44)) - raft.server.log.statemachine.data.caching.enabled = false (default)
2021-11-15 10:00:38,706 [pool-39-thread-1] INFO  segmented.SegmentedRaftLogWorker (SegmentedRaftLogWorker.java:lambda$new$0(133)) - om1@group-C5BA1605619E-SegmentedRaftLogWorker: flushIndex: setUnconditionally 0 -> -1
2021-11-15 10:00:38,706 [pool-39-thread-1] INFO  segmented.SegmentedRaftLogWorker (SegmentedRaftLogWorker.java:lambda$new$0(133)) - om1@group-C5BA1605619E-SegmentedRaftLogWorker: safeCacheEvictIndex: setUnconditionally 0 -> -1
2021-11-15 10:00:38,709 [pool-39-thread-1] INFO  server.RaftServerConfigKeys (ConfUtils.java:logGet(44)) - raft.server.snapshot.auto.trigger.enabled = true (custom)
2021-11-15 10:00:38,710 [pool-39-thread-1] INFO  server.RaftServerConfigKeys (ConfUtils.java:logGet(44)) - raft.server.snapshot.auto.trigger.threshold = 400000 (default)
2021-11-15 10:00:38,710 [pool-39-thread-1] INFO  server.RaftServerConfigKeys (ConfUtils.java:logGet(44)) - raft.server.snapshot.retention.file.num = -1 (default)
2021-11-15 10:00:38,711 [pool-39-thread-1] INFO  server.RaftServerConfigKeys (ConfUtils.java:logGet(44)) - raft.server.log.purge.upto.snapshot.index = true (custom)
2021-11-15 10:00:38,712 [pool-39-thread-1] INFO  server.RaftServerConfigKeys (ConfUtils.java:logGet(44)) - raft.server.retrycache.expirytime = 300s (custom)
2021-11-15 10:00:38,712 [pool-39-thread-1] INFO  server.RaftServerConfigKeys (ConfUtils.java:logGet(44)) - raft.server.retrycache.statistics.expirytime = 100μs (default)
2021-11-15 10:00:38,759 [Listener at 127.0.0.1/43215] INFO  server.RaftServer$Division (RaftServerImpl.java:start(301)) - om1@group-C5BA1605619E: start as a follower, conf=-1: [om1|rpc:localhost:9872|priority:0], old=null
2021-11-15 10:00:38,760 [Listener at 127.0.0.1/43215] INFO  server.RaftServer$Division (RaftServerImpl.java:setRole(290)) - om1@group-C5BA1605619E: changes role from      null to FOLLOWER at term 0 for startAsFollower
2021-11-15 10:00:38,761 [Listener at 127.0.0.1/43215] INFO  impl.RoleInfo (RoleInfo.java:updateAndGet(130)) - om1: start om1@group-C5BA1605619E-FollowerState
2021-11-15 10:00:38,763 [Listener at 127.0.0.1/43215] INFO  util.JmxRegister (JmxRegister.java:tryRegister(44)) - Successfully registered JMX Bean with object name Ratis:service=RaftServer,group=group-C5BA1605619E,id=om1
2021-11-15 10:00:38,766 [Listener at 127.0.0.1/43215] INFO  server.RaftServer (RaftServerProxy.java:lambda$start$5(374)) - om1: start RPC server
2021-11-15 10:00:38,820 [Listener at 127.0.0.1/43215] INFO  server.GrpcService (GrpcService.java:startImpl(253)) - om1: GrpcService started, listening on 9872
2021-11-15 10:00:38,823 [Listener at 127.0.0.1/43215] INFO  om.OzoneManager (OzoneManager.java:start(1341)) - Version File has different layout version (0) than OM DB (null). That is expected if this OM has never been finalized to a newer layout version.
2021-11-15 10:00:38,825 [org.apache.ratis.util.JvmPauseMonitor$$Lambda$532/1515984292@20f4225f] INFO  util.JvmPauseMonitor (JvmPauseMonitor.java:run(103)) - JvmPauseMonitor-om1: Started
2021-11-15 10:00:38,836 [Listener at 127.0.0.1/43215] INFO  http.BaseHttpServer (BaseHttpServer.java:newHttpServer2BuilderForOzone(209)) - Starting Web-server for ozoneManager at: http://0.0.0.0:0
2021-11-15 10:00:38,836 [Listener at 127.0.0.1/43215] INFO  http.BaseHttpServer (BaseHttpServer.java:<init>(107)) - Hadoop Security Enabled: false Ozone Security Enabled: false Ozone HTTP Security Enabled: false 
2021-11-15 10:00:38,837 [Listener at 127.0.0.1/43215] INFO  server.AuthenticationFilter (AuthenticationFilter.java:constructSecretProvider(240)) - Unable to initialize FileSignerSecretProvider, falling back to use random secrets.
2021-11-15 10:00:38,847 [Listener at 127.0.0.1/43215] WARN  http.HttpRequestLog (HttpRequestLog.java:getRequestLog(103)) - Jetty request log can only be enabled using Log4j
2021-11-15 10:00:38,850 [Listener at 127.0.0.1/43215] INFO  http.HttpServer2 (HttpServer2.java:addGlobalFilter(1030)) - Added global filter 'safety' (class=org.apache.hadoop.hdds.server.http.HttpServer2$QuotingInputFilter)
2021-11-15 10:00:38,851 [Listener at 127.0.0.1/43215] INFO  http.HttpServer2 (HttpServer2.java:addFilter(1006)) - Added filter static_user_filter (class=org.apache.hadoop.http.lib.StaticUserWebFilter$StaticUserFilter) to context ozoneManager
2021-11-15 10:00:38,851 [Listener at 127.0.0.1/43215] INFO  http.HttpServer2 (HttpServer2.java:addFilter(1014)) - Added filter static_user_filter (class=org.apache.hadoop.http.lib.StaticUserWebFilter$StaticUserFilter) to context logs
2021-11-15 10:00:38,851 [Listener at 127.0.0.1/43215] INFO  http.HttpServer2 (HttpServer2.java:addFilter(1014)) - Added filter static_user_filter (class=org.apache.hadoop.http.lib.StaticUserWebFilter$StaticUserFilter) to context static
2021-11-15 10:00:38,853 [Listener at 127.0.0.1/43215] INFO  http.HttpServer2 (HttpServer2.java:bindListener(1249)) - Jetty bound to port 40709
2021-11-15 10:00:38,853 [Listener at 127.0.0.1/43215] INFO  server.Server (Server.java:doStart(375)) - jetty-9.4.43.v20210629; built: 2021-06-30T11:07:22.254Z; git: 526006ecfa3af7f1a27ef3a288e2bef7ea9dd7e8; jvm 1.8.0_292-b10
2021-11-15 10:00:38,860 [Listener at 127.0.0.1/43215] INFO  server.session (DefaultSessionIdManager.java:doStart(334)) - DefaultSessionIdManager workerName=node0
2021-11-15 10:00:38,860 [Listener at 127.0.0.1/43215] INFO  server.session (DefaultSessionIdManager.java:doStart(339)) - No SessionScavenger set, using defaults
2021-11-15 10:00:38,860 [Listener at 127.0.0.1/43215] INFO  server.session (HouseKeeper.java:startScavenging(132)) - node0 Scavenging every 660000ms
2021-11-15 10:00:38,861 [Listener at 127.0.0.1/43215] INFO  handler.ContextHandler (ContextHandler.java:doStart(915)) - Started o.e.j.s.ServletContextHandler@2c817fc2{logs,/logs,file:///home/runner/work/ozone/ozone/hadoop-ozone/integration-test/target/log,AVAILABLE}
2021-11-15 10:00:38,862 [Listener at 127.0.0.1/43215] INFO  handler.ContextHandler (ContextHandler.java:doStart(915)) - Started o.e.j.s.ServletContextHandler@59abd644{static,/static,file:///home/runner/work/ozone/ozone/hadoop-ozone/integration-test/target/test-classes/webapps/static,AVAILABLE}
2021-11-15 10:00:38,865 [Listener at 127.0.0.1/43215] INFO  handler.ContextHandler (ContextHandler.java:doStart(915)) - Started o.e.j.w.WebAppContext@108cf9a8{ozoneManager,/,file:///home/runner/work/ozone/ozone/hadoop-ozone/integration-test/target/test-classes/webapps/ozoneManager/,AVAILABLE}{file:/home/runner/work/ozone/ozone/hadoop-ozone/integration-test/target/test-classes/webapps/ozoneManager}
2021-11-15 10:00:38,867 [Listener at 127.0.0.1/43215] INFO  server.AbstractConnector (AbstractConnector.java:doStart(331)) - Started ServerConnector@72f0cb42{HTTP/1.1, (http/1.1)}{0.0.0.0:40709}
2021-11-15 10:00:38,868 [Listener at 127.0.0.1/43215] INFO  server.Server (Server.java:doStart(415)) - Started @6176ms
2021-11-15 10:00:38,869 [Listener at 127.0.0.1/43215] WARN  impl.MetricsSystemImpl (MetricsSystemImpl.java:register(279)) - Sink prometheus already exists!
2021-11-15 10:00:38,870 [Listener at 127.0.0.1/43215] INFO  http.BaseHttpServer (BaseHttpServer.java:updateConnectorAddress(329)) - HTTP server of ozoneManager listening at http://0.0.0.0:40709
2021-11-15 10:00:38,871 [IPC Server Responder] INFO  ipc.Server (Server.java:run(1507)) - IPC Server Responder: starting
2021-11-15 10:00:38,875 [IPC Server listener on 0] INFO  ipc.Server (Server.java:run(1344)) - IPC Server listener on 0: starting
2021-11-15 10:00:38,882 [Listener at 127.0.0.1/43215] INFO  om.OzoneManager (OzoneManager.java:startTrashEmptier(1597)) - Trash Interval set to 0. Files deleted will not move to trash
2021-11-15 10:00:38,897 [org.apache.hadoop.util.JvmPauseMonitor$Monitor@6b5f165f] INFO  util.JvmPauseMonitor (JvmPauseMonitor.java:run(188)) - Starting JVM pause monitor
2021-11-15 10:00:39,027 [Listener at 127.0.0.1/43215] WARN  impl.MetricRegistriesImpl (MetricRegistriesImpl.java:addReporterRegistration(111)) - New reporters are added after registries were created. Some metrics will be missing from the reporter. Please add reporter before adding any new registry.
2021-11-15 10:00:39,027 [Listener at 127.0.0.1/43215] WARN  impl.MetricRegistriesImpl (MetricRegistriesImpl.java:addReporterRegistration(111)) - New reporters are added after registries were created. Some metrics will be missing from the reporter. Please add reporter before adding any new registry.
2021-11-15 10:00:39,027 [Listener at 127.0.0.1/43215] INFO  impl.MetricsSystemImpl (MetricsSystemImpl.java:init(158)) - HddsDatanode metrics system started (again)
2021-11-15 10:00:39,044 [Listener at 127.0.0.1/43215] INFO  ozone.HddsDatanodeService (HddsDatanodeService.java:start(234)) - HddsDatanodeService host:fv-az12-743.exdb2aeach2ezidoxz41lk3bwg.cx.internal.cloudapp.net ip:10.1.0.56
2021-11-15 10:00:39,070 [Listener at 127.0.0.1/43215] INFO  upgrade.AbstractLayoutVersionManager (AbstractLayoutVersionManager.java:init(79)) - Initializing Layout version manager with metadata layout = SCM_HA (version = 2), software layout = SCM_HA (version = 2)
2021-11-15 10:00:39,110 [Listener at 127.0.0.1/43215] INFO  reflections.Reflections (Reflections.java:scan(232)) - Reflections took 39 ms to scan 7 urls, producing 119 keys and 279 values 
2021-11-15 10:00:39,113 [Listener at 127.0.0.1/43215] INFO  statemachine.DatanodeStateMachine (DatanodeStateMachine.java:getEndPointTaskThreadPoolSize(219)) - Datanode State Machine Task Thread Pool size 2
2021-11-15 10:00:39,160 [Listener at 127.0.0.1/43215] INFO  volume.HddsVolume (HddsVolume.java:<init>(120)) - Creating HddsVolume: /home/runner/work/ozone/ozone/hadoop-ozone/integration-test/target/test-dir/MiniOzoneClusterImpl-b6bde346-cb55-4fad-bd7f-e1da966a93e7/datanode-0/data-0/containers/hdds of storage type : DISK capacity : 9223372036854775807
2021-11-15 10:00:39,162 [Listener at 127.0.0.1/43215] INFO  volume.MutableVolumeSet (MutableVolumeSet.java:initializeVolumeSet(168)) - Added Volume : /home/runner/work/ozone/ozone/hadoop-ozone/integration-test/target/test-dir/MiniOzoneClusterImpl-b6bde346-cb55-4fad-bd7f-e1da966a93e7/datanode-0/data-0/containers/hdds to VolumeSet
2021-11-15 10:00:39,163 [Listener at 127.0.0.1/43215] INFO  volume.ThrottledAsyncChecker (ThrottledAsyncChecker.java:schedule(141)) - Scheduling a check for /home/runner/work/ozone/ozone/hadoop-ozone/integration-test/target/test-dir/MiniOzoneClusterImpl-b6bde346-cb55-4fad-bd7f-e1da966a93e7/datanode-0/data-0/containers/hdds
2021-11-15 10:00:39,178 [Listener at 127.0.0.1/43215] INFO  volume.StorageVolumeChecker (StorageVolumeChecker.java:checkAllVolumes(202)) - Scheduled health check for volume /home/runner/work/ozone/ozone/hadoop-ozone/integration-test/target/test-dir/MiniOzoneClusterImpl-b6bde346-cb55-4fad-bd7f-e1da966a93e7/datanode-0/data-0/containers/hdds
2021-11-15 10:00:39,196 [Listener at 127.0.0.1/43215] INFO  volume.MutableVolumeSet (MutableVolumeSet.java:initializeVolumeSet(168)) - Added Volume : /home/runner/work/ozone/ozone/hadoop-ozone/integration-test/target/test-dir/MiniOzoneClusterImpl-b6bde346-cb55-4fad-bd7f-e1da966a93e7/datanode-0/data/ratis to VolumeSet
2021-11-15 10:00:39,196 [Listener at 127.0.0.1/43215] INFO  volume.ThrottledAsyncChecker (ThrottledAsyncChecker.java:schedule(141)) - Scheduling a check for /home/runner/work/ozone/ozone/hadoop-ozone/integration-test/target/test-dir/MiniOzoneClusterImpl-b6bde346-cb55-4fad-bd7f-e1da966a93e7/datanode-0/data/ratis
2021-11-15 10:00:39,197 [Listener at 127.0.0.1/43215] INFO  volume.StorageVolumeChecker (StorageVolumeChecker.java:checkAllVolumes(202)) - Scheduled health check for volume /home/runner/work/ozone/ozone/hadoop-ozone/integration-test/target/test-dir/MiniOzoneClusterImpl-b6bde346-cb55-4fad-bd7f-e1da966a93e7/datanode-0/data/ratis
2021-11-15 10:00:39,216 [Thread-129] INFO  ozoneimpl.ContainerReader (ContainerReader.java:readVolume(172)) - Finish verifying containers on volume /home/runner/work/ozone/ozone/hadoop-ozone/integration-test/target/test-dir/MiniOzoneClusterImpl-b6bde346-cb55-4fad-bd7f-e1da966a93e7/datanode-0/data-0/containers/hdds
2021-11-15 10:00:39,217 [Listener at 127.0.0.1/43215] INFO  ozoneimpl.OzoneContainer (OzoneContainer.java:buildContainerSet(236)) - Build ContainerSet costs 0s
2021-11-15 10:00:39,282 [Listener at 127.0.0.1/43215] INFO  server.RaftServer (ConfUtils.java:logGet(44)) - raft.rpc.type = GRPC (default)
2021-11-15 10:00:39,283 [Listener at 127.0.0.1/43215] INFO  grpc.GrpcFactory (GrpcFactory.java:checkPooledByteBufAllocatorUseCacheForAllThreads(48)) - PERFORMANCE WARNING: useCacheForAllThreads is true that may cause Netty to create a lot garbage objects and, as a result, trigger GC.
	It is recommended to disable useCacheForAllThreads by setting -Dorg.apache.ratis.thirdparty.io.netty.allocator.useCacheForAllThreads=false in command line.
2021-11-15 10:00:39,283 [Listener at 127.0.0.1/43215] INFO  grpc.GrpcConfigKeys (ConfUtils.java:logGet(44)) - raft.grpc.admin.port = 0 (custom)
2021-11-15 10:00:39,283 [Listener at 127.0.0.1/43215] INFO  grpc.GrpcConfigKeys (ConfUtils.java:logGet(44)) - raft.grpc.client.port = 0 (custom)
2021-11-15 10:00:39,283 [Listener at 127.0.0.1/43215] INFO  grpc.GrpcConfigKeys (ConfUtils.java:logGet(44)) - raft.grpc.server.port = 0 (default)
2021-11-15 10:00:39,283 [Listener at 127.0.0.1/43215] INFO  server.GrpcService (ConfUtils.java:logGet(44)) - raft.grpc.message.size.max = 32MB (=33554432) (custom)
2021-11-15 10:00:39,283 [Listener at 127.0.0.1/43215] INFO  server.RaftServerConfigKeys (ConfUtils.java:logGet(44)) - raft.server.log.appender.buffer.byte-limit = 33554432 (custom)
2021-11-15 10:00:39,283 [Listener at 127.0.0.1/43215] INFO  server.GrpcService (ConfUtils.java:logGet(44)) - raft.grpc.flow.control.window = 5MB (=5242880) (custom)
2021-11-15 10:00:39,284 [Listener at 127.0.0.1/43215] INFO  server.RaftServerConfigKeys (ConfUtils.java:logGet(44)) - raft.server.rpc.request.timeout = 3000ms (default)
2021-11-15 10:00:39,285 [Listener at 127.0.0.1/43215] INFO  impl.DataStreamServerImpl (ConfUtils.java:logGet(44)) - raft.datastream.type = DISABLED (default)
2021-11-15 10:00:39,285 [Listener at 127.0.0.1/43215] INFO  server.RaftServerConfigKeys (ConfUtils.java:logGet(44)) - raft.server.rpc.slowness.timeout = 300000ms (custom)
2021-11-15 10:00:39,285 [Listener at 127.0.0.1/43215] INFO  server.RaftServerConfigKeys (ConfUtils.java:logGet(44)) - raft.server.leaderelection.leader.step-down.wait-time = 10s (default)
2021-11-15 10:00:39,285 [Listener at 127.0.0.1/43215] INFO  server.RaftServerConfigKeys (ConfUtils.java:logGet(44)) - raft.server.storage.dir = [/home/runner/work/ozone/ozone/hadoop-ozone/integration-test/target/test-dir/MiniOzoneClusterImpl-b6bde346-cb55-4fad-bd7f-e1da966a93e7/datanode-0/data/ratis] (custom)
2021-11-15 10:00:39,347 [Listener at 127.0.0.1/43215] INFO  http.BaseHttpServer (BaseHttpServer.java:newHttpServer2BuilderForOzone(209)) - Starting Web-server for hddsDatanode at: http://0.0.0.0:0
2021-11-15 10:00:39,347 [Listener at 127.0.0.1/43215] INFO  http.BaseHttpServer (BaseHttpServer.java:<init>(107)) - Hadoop Security Enabled: false Ozone Security Enabled: false Ozone HTTP Security Enabled: false 
2021-11-15 10:00:39,348 [Listener at 127.0.0.1/43215] INFO  server.AuthenticationFilter (AuthenticationFilter.java:constructSecretProvider(240)) - Unable to initialize FileSignerSecretProvider, falling back to use random secrets.
2021-11-15 10:00:39,351 [Listener at 127.0.0.1/43215] WARN  http.HttpRequestLog (HttpRequestLog.java:getRequestLog(103)) - Jetty request log can only be enabled using Log4j
2021-11-15 10:00:39,351 [Listener at 127.0.0.1/43215] INFO  http.HttpServer2 (HttpServer2.java:addGlobalFilter(1030)) - Added global filter 'safety' (class=org.apache.hadoop.hdds.server.http.HttpServer2$QuotingInputFilter)
2021-11-15 10:00:39,352 [Listener at 127.0.0.1/43215] INFO  http.HttpServer2 (HttpServer2.java:addFilter(1006)) - Added filter static_user_filter (class=org.apache.hadoop.http.lib.StaticUserWebFilter$StaticUserFilter) to context hddsDatanode
2021-11-15 10:00:39,353 [Listener at 127.0.0.1/43215] INFO  http.HttpServer2 (HttpServer2.java:addFilter(1014)) - Added filter static_user_filter (class=org.apache.hadoop.http.lib.StaticUserWebFilter$StaticUserFilter) to context static
2021-11-15 10:00:39,353 [Listener at 127.0.0.1/43215] INFO  http.HttpServer2 (HttpServer2.java:addFilter(1014)) - Added filter static_user_filter (class=org.apache.hadoop.http.lib.StaticUserWebFilter$StaticUserFilter) to context logs
2021-11-15 10:00:39,353 [Listener at 127.0.0.1/43215] INFO  http.HttpServer2 (HttpServer2.java:bindListener(1249)) - Jetty bound to port 35337
2021-11-15 10:00:39,353 [Listener at 127.0.0.1/43215] INFO  server.Server (Server.java:doStart(375)) - jetty-9.4.43.v20210629; built: 2021-06-30T11:07:22.254Z; git: 526006ecfa3af7f1a27ef3a288e2bef7ea9dd7e8; jvm 1.8.0_292-b10
2021-11-15 10:00:39,359 [Listener at 127.0.0.1/43215] INFO  server.session (DefaultSessionIdManager.java:doStart(334)) - DefaultSessionIdManager workerName=node0
2021-11-15 10:00:39,359 [Listener at 127.0.0.1/43215] INFO  server.session (DefaultSessionIdManager.java:doStart(339)) - No SessionScavenger set, using defaults
2021-11-15 10:00:39,359 [Listener at 127.0.0.1/43215] INFO  server.session (HouseKeeper.java:startScavenging(132)) - node0 Scavenging every 600000ms
2021-11-15 10:00:39,360 [Listener at 127.0.0.1/43215] INFO  handler.ContextHandler (ContextHandler.java:doStart(915)) - Started o.e.j.s.ServletContextHandler@17d67dbf{logs,/logs,file:///home/runner/work/ozone/ozone/hadoop-ozone/integration-test/target/log,AVAILABLE}
2021-11-15 10:00:39,361 [Listener at 127.0.0.1/43215] INFO  handler.ContextHandler (ContextHandler.java:doStart(915)) - Started o.e.j.s.ServletContextHandler@2be3fed3{static,/static,jar:file:/home/runner/.m2/repository/org/apache/ozone/hdds-container-service/1.2.0-SNAPSHOT/hdds-container-service-1.2.0-SNAPSHOT.jar!/webapps/static,AVAILABLE}
2021-11-15 10:00:39,409 [Listener at 127.0.0.1/43215] INFO  handler.ContextHandler (ContextHandler.java:doStart(915)) - Started o.e.j.w.WebAppContext@61d67dbe{hddsDatanode,/,file:///tmp/jetty-0_0_0_0-35337-hdds-container-service-1_2_0-SNAPSHOT_jar-_-any-4101805797169500938/webapp/,AVAILABLE}{jar:file:/home/runner/.m2/repository/org/apache/ozone/hdds-container-service/1.2.0-SNAPSHOT/hdds-container-service-1.2.0-SNAPSHOT.jar!/webapps/hddsDatanode}
2021-11-15 10:00:39,411 [Listener at 127.0.0.1/43215] INFO  server.AbstractConnector (AbstractConnector.java:doStart(331)) - Started ServerConnector@38a2f31d{HTTP/1.1, (http/1.1)}{0.0.0.0:35337}
2021-11-15 10:00:39,412 [Listener at 127.0.0.1/43215] INFO  server.Server (Server.java:doStart(415)) - Started @6720ms
2021-11-15 10:00:39,412 [Listener at 127.0.0.1/43215] WARN  impl.MetricsSystemImpl (MetricsSystemImpl.java:register(279)) - Sink prometheus already exists!
2021-11-15 10:00:39,413 [Listener at 127.0.0.1/43215] INFO  http.BaseHttpServer (BaseHttpServer.java:updateConnectorAddress(329)) - HTTP server of hddsDatanode listening at http://0.0.0.0:35337
2021-11-15 10:00:39,415 [Listener at 127.0.0.1/43215] WARN  impl.MetricRegistriesImpl (MetricRegistriesImpl.java:addReporterRegistration(111)) - New reporters are added after registries were created. Some metrics will be missing from the reporter. Please add reporter before adding any new registry.
2021-11-15 10:00:39,415 [Listener at 127.0.0.1/43215] WARN  impl.MetricRegistriesImpl (MetricRegistriesImpl.java:addReporterRegistration(111)) - New reporters are added after registries were created. Some metrics will be missing from the reporter. Please add reporter before adding any new registry.
2021-11-15 10:00:39,415 [Listener at 127.0.0.1/43215] INFO  impl.MetricsSystemImpl (MetricsSystemImpl.java:init(158)) - HddsDatanode metrics system started (again)
2021-11-15 10:00:39,422 [Datanode State Machine Daemon Thread] INFO  statemachine.DatanodeStateMachine (DatanodeStateMachine.java:lambda$startDaemon$0(467)) - Ozone container server started.
2021-11-15 10:00:39,471 [Listener at 127.0.0.1/43215] INFO  ozone.HddsDatanodeService (HddsDatanodeService.java:start(234)) - HddsDatanodeService host:fv-az12-743.exdb2aeach2ezidoxz41lk3bwg.cx.internal.cloudapp.net ip:10.1.0.56
2021-11-15 10:00:39,477 [org.apache.hadoop.util.JvmPauseMonitor$Monitor@a56061c] INFO  util.JvmPauseMonitor (JvmPauseMonitor.java:run(188)) - Starting JVM pause monitor
2021-11-15 10:00:39,511 [Listener at 127.0.0.1/43215] INFO  upgrade.AbstractLayoutVersionManager (AbstractLayoutVersionManager.java:init(79)) - Initializing Layout version manager with metadata layout = SCM_HA (version = 2), software layout = SCM_HA (version = 2)
2021-11-15 10:00:39,606 [Listener at 127.0.0.1/43215] INFO  reflections.Reflections (Reflections.java:scan(232)) - Reflections took 94 ms to scan 7 urls, producing 119 keys and 279 values 
2021-11-15 10:00:39,616 [Listener at 127.0.0.1/43215] INFO  statemachine.DatanodeStateMachine (DatanodeStateMachine.java:getEndPointTaskThreadPoolSize(219)) - Datanode State Machine Task Thread Pool size 2
2021-11-15 10:00:39,621 [Listener at 127.0.0.1/43215] INFO  volume.HddsVolume (HddsVolume.java:<init>(120)) - Creating HddsVolume: /home/runner/work/ozone/ozone/hadoop-ozone/integration-test/target/test-dir/MiniOzoneClusterImpl-b6bde346-cb55-4fad-bd7f-e1da966a93e7/datanode-1/data-0/containers/hdds of storage type : DISK capacity : 9223372036854775807
2021-11-15 10:00:39,621 [Listener at 127.0.0.1/43215] INFO  volume.MutableVolumeSet (MutableVolumeSet.java:initializeVolumeSet(168)) - Added Volume : /home/runner/work/ozone/ozone/hadoop-ozone/integration-test/target/test-dir/MiniOzoneClusterImpl-b6bde346-cb55-4fad-bd7f-e1da966a93e7/datanode-1/data-0/containers/hdds to VolumeSet
2021-11-15 10:00:39,621 [Listener at 127.0.0.1/43215] INFO  volume.ThrottledAsyncChecker (ThrottledAsyncChecker.java:schedule(141)) - Scheduling a check for /home/runner/work/ozone/ozone/hadoop-ozone/integration-test/target/test-dir/MiniOzoneClusterImpl-b6bde346-cb55-4fad-bd7f-e1da966a93e7/datanode-1/data-0/containers/hdds
2021-11-15 10:00:39,642 [Listener at 127.0.0.1/43215] INFO  volume.StorageVolumeChecker (StorageVolumeChecker.java:checkAllVolumes(202)) - Scheduled health check for volume /home/runner/work/ozone/ozone/hadoop-ozone/integration-test/target/test-dir/MiniOzoneClusterImpl-b6bde346-cb55-4fad-bd7f-e1da966a93e7/datanode-1/data-0/containers/hdds
2021-11-15 10:00:39,670 [Listener at 127.0.0.1/43215] INFO  volume.MutableVolumeSet (MutableVolumeSet.java:initializeVolumeSet(168)) - Added Volume : /home/runner/work/ozone/ozone/hadoop-ozone/integration-test/target/test-dir/MiniOzoneClusterImpl-b6bde346-cb55-4fad-bd7f-e1da966a93e7/datanode-1/data/ratis to VolumeSet
2021-11-15 10:00:39,673 [Listener at 127.0.0.1/43215] INFO  volume.ThrottledAsyncChecker (ThrottledAsyncChecker.java:schedule(141)) - Scheduling a check for /home/runner/work/ozone/ozone/hadoop-ozone/integration-test/target/test-dir/MiniOzoneClusterImpl-b6bde346-cb55-4fad-bd7f-e1da966a93e7/datanode-1/data/ratis
2021-11-15 10:00:39,674 [Listener at 127.0.0.1/43215] INFO  volume.StorageVolumeChecker (StorageVolumeChecker.java:checkAllVolumes(202)) - Scheduled health check for volume /home/runner/work/ozone/ozone/hadoop-ozone/integration-test/target/test-dir/MiniOzoneClusterImpl-b6bde346-cb55-4fad-bd7f-e1da966a93e7/datanode-1/data/ratis
2021-11-15 10:00:39,673 [Datanode State Machine Task Thread - 0] INFO  datanode.InitDatanodeState (InitDatanodeState.java:persistContainerDatanodeDetails(145)) - DatanodeDetails is persisted to /home/runner/work/ozone/ozone/hadoop-ozone/integration-test/target/test-dir/MiniOzoneClusterImpl-b6bde346-cb55-4fad-bd7f-e1da966a93e7/datanode-0/meta/datanode.id
2021-11-15 10:00:39,691 [Thread-141] INFO  ozoneimpl.ContainerReader (ContainerReader.java:readVolume(172)) - Finish verifying containers on volume /home/runner/work/ozone/ozone/hadoop-ozone/integration-test/target/test-dir/MiniOzoneClusterImpl-b6bde346-cb55-4fad-bd7f-e1da966a93e7/datanode-1/data-0/containers/hdds
2021-11-15 10:00:39,691 [Listener at 127.0.0.1/43215] INFO  ozoneimpl.OzoneContainer (OzoneContainer.java:buildContainerSet(236)) - Build ContainerSet costs 0s
2021-11-15 10:00:39,695 [Listener at 127.0.0.1/43215] INFO  server.RaftServer (ConfUtils.java:logGet(44)) - raft.rpc.type = GRPC (default)
2021-11-15 10:00:39,696 [Listener at 127.0.0.1/43215] INFO  grpc.GrpcFactory (GrpcFactory.java:checkPooledByteBufAllocatorUseCacheForAllThreads(48)) - PERFORMANCE WARNING: useCacheForAllThreads is true that may cause Netty to create a lot garbage objects and, as a result, trigger GC.
	It is recommended to disable useCacheForAllThreads by setting -Dorg.apache.ratis.thirdparty.io.netty.allocator.useCacheForAllThreads=false in command line.
2021-11-15 10:00:39,696 [Listener at 127.0.0.1/43215] INFO  grpc.GrpcConfigKeys (ConfUtils.java:logGet(44)) - raft.grpc.admin.port = 0 (custom)
2021-11-15 10:00:39,697 [Listener at 127.0.0.1/43215] INFO  grpc.GrpcConfigKeys (ConfUtils.java:logGet(44)) - raft.grpc.client.port = 0 (custom)
2021-11-15 10:00:39,698 [Listener at 127.0.0.1/43215] INFO  grpc.GrpcConfigKeys (ConfUtils.java:logGet(44)) - raft.grpc.server.port = 0 (default)
2021-11-15 10:00:39,698 [Listener at 127.0.0.1/43215] INFO  server.GrpcService (ConfUtils.java:logGet(44)) - raft.grpc.message.size.max = 32MB (=33554432) (custom)
2021-11-15 10:00:39,698 [Listener at 127.0.0.1/43215] INFO  server.RaftServerConfigKeys (ConfUtils.java:logGet(44)) - raft.server.log.appender.buffer.byte-limit = 33554432 (custom)
2021-11-15 10:00:39,698 [Listener at 127.0.0.1/43215] INFO  server.GrpcService (ConfUtils.java:logGet(44)) - raft.grpc.flow.control.window = 5MB (=5242880) (custom)
2021-11-15 10:00:39,698 [Listener at 127.0.0.1/43215] INFO  server.RaftServerConfigKeys (ConfUtils.java:logGet(44)) - raft.server.rpc.request.timeout = 3000ms (default)
2021-11-15 10:00:39,700 [Listener at 127.0.0.1/43215] INFO  impl.DataStreamServerImpl (ConfUtils.java:logGet(44)) - raft.datastream.type = DISABLED (default)
2021-11-15 10:00:39,700 [Listener at 127.0.0.1/43215] INFO  server.RaftServerConfigKeys (ConfUtils.java:logGet(44)) - raft.server.rpc.slowness.timeout = 300000ms (custom)
2021-11-15 10:00:39,700 [Listener at 127.0.0.1/43215] INFO  server.RaftServerConfigKeys (ConfUtils.java:logGet(44)) - raft.server.leaderelection.leader.step-down.wait-time = 10s (default)
2021-11-15 10:00:39,702 [Listener at 127.0.0.1/43215] INFO  server.RaftServerConfigKeys (ConfUtils.java:logGet(44)) - raft.server.storage.dir = [/home/runner/work/ozone/ozone/hadoop-ozone/integration-test/target/test-dir/MiniOzoneClusterImpl-b6bde346-cb55-4fad-bd7f-e1da966a93e7/datanode-1/data/ratis] (custom)
2021-11-15 10:00:39,707 [Listener at 127.0.0.1/43215] INFO  http.BaseHttpServer (BaseHttpServer.java:newHttpServer2BuilderForOzone(209)) - Starting Web-server for hddsDatanode at: http://0.0.0.0:0
2021-11-15 10:00:39,707 [Listener at 127.0.0.1/43215] INFO  http.BaseHttpServer (BaseHttpServer.java:<init>(107)) - Hadoop Security Enabled: false Ozone Security Enabled: false Ozone HTTP Security Enabled: false 
2021-11-15 10:00:39,708 [Listener at 127.0.0.1/43215] INFO  server.AuthenticationFilter (AuthenticationFilter.java:constructSecretProvider(240)) - Unable to initialize FileSignerSecretProvider, falling back to use random secrets.
2021-11-15 10:00:39,711 [Listener at 127.0.0.1/43215] WARN  http.HttpRequestLog (HttpRequestLog.java:getRequestLog(103)) - Jetty request log can only be enabled using Log4j
2021-11-15 10:00:39,712 [Listener at 127.0.0.1/43215] INFO  http.HttpServer2 (HttpServer2.java:addGlobalFilter(1030)) - Added global filter 'safety' (class=org.apache.hadoop.hdds.server.http.HttpServer2$QuotingInputFilter)
2021-11-15 10:00:39,713 [Listener at 127.0.0.1/43215] INFO  http.HttpServer2 (HttpServer2.java:addFilter(1006)) - Added filter static_user_filter (class=org.apache.hadoop.http.lib.StaticUserWebFilter$StaticUserFilter) to context hddsDatanode
2021-11-15 10:00:39,713 [Listener at 127.0.0.1/43215] INFO  http.HttpServer2 (HttpServer2.java:addFilter(1014)) - Added filter static_user_filter (class=org.apache.hadoop.http.lib.StaticUserWebFilter$StaticUserFilter) to context logs
2021-11-15 10:00:39,713 [Listener at 127.0.0.1/43215] INFO  http.HttpServer2 (HttpServer2.java:addFilter(1014)) - Added filter static_user_filter (class=org.apache.hadoop.http.lib.StaticUserWebFilter$StaticUserFilter) to context static
2021-11-15 10:00:39,713 [Listener at 127.0.0.1/43215] INFO  http.HttpServer2 (HttpServer2.java:bindListener(1249)) - Jetty bound to port 39183
2021-11-15 10:00:39,713 [Listener at 127.0.0.1/43215] INFO  server.Server (Server.java:doStart(375)) - jetty-9.4.43.v20210629; built: 2021-06-30T11:07:22.254Z; git: 526006ecfa3af7f1a27ef3a288e2bef7ea9dd7e8; jvm 1.8.0_292-b10
2021-11-15 10:00:39,720 [Listener at 127.0.0.1/43215] INFO  server.session (DefaultSessionIdManager.java:doStart(334)) - DefaultSessionIdManager workerName=node0
2021-11-15 10:00:39,720 [Listener at 127.0.0.1/43215] INFO  server.session (DefaultSessionIdManager.java:doStart(339)) - No SessionScavenger set, using defaults
2021-11-15 10:00:39,720 [Listener at 127.0.0.1/43215] INFO  server.session (HouseKeeper.java:startScavenging(132)) - node0 Scavenging every 660000ms
2021-11-15 10:00:39,721 [Listener at 127.0.0.1/43215] INFO  handler.ContextHandler (ContextHandler.java:doStart(915)) - Started o.e.j.s.ServletContextHandler@4e974d3e{logs,/logs,file:///home/runner/work/ozone/ozone/hadoop-ozone/integration-test/target/log,AVAILABLE}
2021-11-15 10:00:39,722 [Listener at 127.0.0.1/43215] INFO  handler.ContextHandler (ContextHandler.java:doStart(915)) - Started o.e.j.s.ServletContextHandler@44cd1ec0{static,/static,jar:file:/home/runner/.m2/repository/org/apache/ozone/hdds-container-service/1.2.0-SNAPSHOT/hdds-container-service-1.2.0-SNAPSHOT.jar!/webapps/static,AVAILABLE}
2021-11-15 10:00:39,777 [Listener at 127.0.0.1/43215] INFO  handler.ContextHandler (ContextHandler.java:doStart(915)) - Started o.e.j.w.WebAppContext@7a8892e5{hddsDatanode,/,file:///tmp/jetty-0_0_0_0-39183-hdds-container-service-1_2_0-SNAPSHOT_jar-_-any-966880858122597136/webapp/,AVAILABLE}{jar:file:/home/runner/.m2/repository/org/apache/ozone/hdds-container-service/1.2.0-SNAPSHOT/hdds-container-service-1.2.0-SNAPSHOT.jar!/webapps/hddsDatanode}
2021-11-15 10:00:39,779 [Listener at 127.0.0.1/43215] INFO  server.AbstractConnector (AbstractConnector.java:doStart(331)) - Started ServerConnector@7c57d533{HTTP/1.1, (http/1.1)}{0.0.0.0:39183}
2021-11-15 10:00:39,779 [Listener at 127.0.0.1/43215] INFO  server.Server (Server.java:doStart(415)) - Started @7088ms
2021-11-15 10:00:39,779 [Listener at 127.0.0.1/43215] WARN  impl.MetricsSystemImpl (MetricsSystemImpl.java:register(279)) - Sink prometheus already exists!
2021-11-15 10:00:39,780 [Listener at 127.0.0.1/43215] INFO  http.BaseHttpServer (BaseHttpServer.java:updateConnectorAddress(329)) - HTTP server of hddsDatanode listening at http://0.0.0.0:39183
2021-11-15 10:00:39,782 [Listener at 127.0.0.1/43215] WARN  impl.MetricRegistriesImpl (MetricRegistriesImpl.java:addReporterRegistration(111)) - New reporters are added after registries were created. Some metrics will be missing from the reporter. Please add reporter before adding any new registry.
2021-11-15 10:00:39,782 [Listener at 127.0.0.1/43215] WARN  impl.MetricRegistriesImpl (MetricRegistriesImpl.java:addReporterRegistration(111)) - New reporters are added after registries were created. Some metrics will be missing from the reporter. Please add reporter before adding any new registry.
2021-11-15 10:00:39,782 [Listener at 127.0.0.1/43215] INFO  impl.MetricsSystemImpl (MetricsSystemImpl.java:init(158)) - HddsDatanode metrics system started (again)
2021-11-15 10:00:39,784 [Datanode State Machine Daemon Thread] INFO  statemachine.DatanodeStateMachine (DatanodeStateMachine.java:lambda$startDaemon$0(467)) - Ozone container server started.
2021-11-15 10:00:39,806 [om1@group-C5BA1605619E-FollowerState] INFO  impl.FollowerState (FollowerState.java:run(134)) - om1@group-C5BA1605619E-FollowerState: change to CANDIDATE, lastRpcElapsedTime:1044670980ns, electionTimeout:1041ms
2021-11-15 10:00:39,810 [Listener at 127.0.0.1/43215] INFO  ozone.HddsDatanodeService (HddsDatanodeService.java:start(234)) - HddsDatanodeService host:fv-az12-743.exdb2aeach2ezidoxz41lk3bwg.cx.internal.cloudapp.net ip:10.1.0.56
2021-11-15 10:00:39,807 [om1@group-C5BA1605619E-FollowerState] INFO  impl.RoleInfo (RoleInfo.java:shutdownFollowerState(108)) - om1: shutdown om1@group-C5BA1605619E-FollowerState
2021-11-15 10:00:39,983 [om1@group-C5BA1605619E-FollowerState] INFO  server.RaftServer$Division (RaftServerImpl.java:setRole(290)) - om1@group-C5BA1605619E: changes role from  FOLLOWER to CANDIDATE at term 0 for changeToCandidate
2021-11-15 10:00:39,986 [om1@group-C5BA1605619E-FollowerState] INFO  server.RaftServerConfigKeys (ConfUtils.java:logGet(44)) - raft.server.leaderelection.pre-vote = false (custom)
2021-11-15 10:00:39,986 [om1@group-C5BA1605619E-FollowerState] INFO  impl.RoleInfo (RoleInfo.java:updateAndGet(130)) - om1: start om1@group-C5BA1605619E-LeaderElection1
2021-11-15 10:00:39,989 [org.apache.ratis.util.JvmPauseMonitor$$Lambda$532/1515984292@20f4225f] WARN  util.JvmPauseMonitor (JvmPauseMonitor.java:detectPause(124)) - JvmPauseMonitor-om1: Detected pause in JVM or host machine (eg GC): pause of approximately 160134556ns.
GC pool 'PS MarkSweep' had collection(s): count=1 time=154ms
GC pool 'PS Scavenge' had collection(s): count=2 time=34ms
2021-11-15 10:00:39,996 [org.apache.hadoop.util.JvmPauseMonitor$Monitor@146db016] INFO  util.JvmPauseMonitor (JvmPauseMonitor.java:run(188)) - Starting JVM pause monitor
2021-11-15 10:00:40,007 [om1@group-C5BA1605619E-LeaderElection1] INFO  impl.LeaderElection (LeaderElection.java:askForVotes(306)) - om1@group-C5BA1605619E-LeaderElection1 ELECTION round 0: submit vote requests at term 1 for -1: [om1|rpc:localhost:9872|priority:0], old=null
2021-11-15 10:00:40,008 [om1@group-C5BA1605619E-LeaderElection1] INFO  impl.LeaderElection (LeaderElection.java:askForVotes(308)) - om1@group-C5BA1605619E-LeaderElection1 ELECTION round 0: result PASSED (term=1)
2021-11-15 10:00:40,008 [om1@group-C5BA1605619E-LeaderElection1] INFO  impl.RoleInfo (RoleInfo.java:shutdownLeaderElection(121)) - om1: shutdown om1@group-C5BA1605619E-LeaderElection1
2021-11-15 10:00:40,009 [om1@group-C5BA1605619E-LeaderElection1] INFO  server.RaftServer$Division (RaftServerImpl.java:setRole(290)) - om1@group-C5BA1605619E: changes role from CANDIDATE to LEADER at term 1 for changeToLeader
2021-11-15 10:00:40,009 [om1@group-C5BA1605619E-LeaderElection1] INFO  server.RaftServer$Division (ServerState.java:setLeader(285)) - om1@group-C5BA1605619E: change Leader from null to om1 at term 1 for becomeLeader, leader elected after 1352ms
2021-11-15 10:00:40,021 [om1@group-C5BA1605619E-LeaderElection1] INFO  server.RaftServerConfigKeys (ConfUtils.java:logGet(44)) - raft.server.staging.catchup.gap = 1000 (default)
2021-11-15 10:00:40,028 [Datanode State Machine Task Thread - 0] INFO  datanode.InitDatanodeState (InitDatanodeState.java:persistContainerDatanodeDetails(145)) - DatanodeDetails is persisted to /home/runner/work/ozone/ozone/hadoop-ozone/integration-test/target/test-dir/MiniOzoneClusterImpl-b6bde346-cb55-4fad-bd7f-e1da966a93e7/datanode-1/meta/datanode.id
2021-11-15 10:00:40,040 [Listener at 127.0.0.1/43215] INFO  upgrade.AbstractLayoutVersionManager (AbstractLayoutVersionManager.java:init(79)) - Initializing Layout version manager with metadata layout = SCM_HA (version = 2), software layout = SCM_HA (version = 2)
2021-11-15 10:00:40,044 [om1@group-C5BA1605619E-LeaderElection1] INFO  server.RaftServerConfigKeys (ConfUtils.java:logGet(44)) - raft.server.write.element-limit = 4096 (default)
2021-11-15 10:00:40,047 [om1@group-C5BA1605619E-LeaderElection1] INFO  server.RaftServerConfigKeys (ConfUtils.java:logGet(44)) - raft.server.write.byte-limit = 64MB (=67108864) (default)
2021-11-15 10:00:40,053 [om1@group-C5BA1605619E-LeaderElection1] INFO  server.RaftServerConfigKeys (ConfUtils.java:logGet(44)) - raft.server.watch.timeout = 10s (default)
2021-11-15 10:00:40,054 [om1@group-C5BA1605619E-LeaderElection1] INFO  server.RaftServerConfigKeys (ConfUtils.java:logGet(44)) - raft.server.watch.timeout.denomination = 1s (default)
2021-11-15 10:00:40,054 [om1@group-C5BA1605619E-LeaderElection1] INFO  server.RaftServerConfigKeys (ConfUtils.java:logGet(44)) - raft.server.watch.element-limit = 65536 (default)
2021-11-15 10:00:40,070 [om1@group-C5BA1605619E-LeaderElection1] INFO  server.RaftServerConfigKeys (ConfUtils.java:logGet(44)) - raft.server.write.element-limit = 4096 (default)
2021-11-15 10:00:40,081 [om1@group-C5BA1605619E-LeaderElection1] INFO  server.RaftServerConfigKeys (ConfUtils.java:logGet(44)) - raft.server.write.follower.gap.ratio.max = -1.0 (default)
2021-11-15 10:00:40,084 [om1@group-C5BA1605619E-LeaderElection1] INFO  impl.RoleInfo (RoleInfo.java:updateAndGet(130)) - om1: start om1@group-C5BA1605619E-LeaderStateImpl
2021-11-15 10:00:40,096 [Listener at 127.0.0.1/43215] INFO  reflections.Reflections (Reflections.java:scan(232)) - Reflections took 55 ms to scan 7 urls, producing 119 keys and 279 values 
2021-11-15 10:00:40,108 [Listener at 127.0.0.1/43215] INFO  statemachine.DatanodeStateMachine (DatanodeStateMachine.java:getEndPointTaskThreadPoolSize(219)) - Datanode State Machine Task Thread Pool size 2
2021-11-15 10:00:40,118 [Listener at 127.0.0.1/43215] INFO  volume.HddsVolume (HddsVolume.java:<init>(120)) - Creating HddsVolume: /home/runner/work/ozone/ozone/hadoop-ozone/integration-test/target/test-dir/MiniOzoneClusterImpl-b6bde346-cb55-4fad-bd7f-e1da966a93e7/datanode-2/data-0/containers/hdds of storage type : DISK capacity : 9223372036854775807
2021-11-15 10:00:40,118 [Listener at 127.0.0.1/43215] INFO  volume.MutableVolumeSet (MutableVolumeSet.java:initializeVolumeSet(168)) - Added Volume : /home/runner/work/ozone/ozone/hadoop-ozone/integration-test/target/test-dir/MiniOzoneClusterImpl-b6bde346-cb55-4fad-bd7f-e1da966a93e7/datanode-2/data-0/containers/hdds to VolumeSet
2021-11-15 10:00:40,118 [Listener at 127.0.0.1/43215] INFO  volume.ThrottledAsyncChecker (ThrottledAsyncChecker.java:schedule(141)) - Scheduling a check for /home/runner/work/ozone/ozone/hadoop-ozone/integration-test/target/test-dir/MiniOzoneClusterImpl-b6bde346-cb55-4fad-bd7f-e1da966a93e7/datanode-2/data-0/containers/hdds
2021-11-15 10:00:40,131 [Listener at 127.0.0.1/43215] INFO  volume.StorageVolumeChecker (StorageVolumeChecker.java:checkAllVolumes(202)) - Scheduled health check for volume /home/runner/work/ozone/ozone/hadoop-ozone/integration-test/target/test-dir/MiniOzoneClusterImpl-b6bde346-cb55-4fad-bd7f-e1da966a93e7/datanode-2/data-0/containers/hdds
2021-11-15 10:00:40,143 [om1@group-C5BA1605619E-LeaderElection1] INFO  segmented.SegmentedRaftLogWorker (SegmentedRaftLogWorker.java:startLogSegment(394)) - om1@group-C5BA1605619E-SegmentedRaftLogWorker: Starting segment from index:0
2021-11-15 10:00:40,161 [Listener at 127.0.0.1/43215] INFO  volume.MutableVolumeSet (MutableVolumeSet.java:initializeVolumeSet(168)) - Added Volume : /home/runner/work/ozone/ozone/hadoop-ozone/integration-test/target/test-dir/MiniOzoneClusterImpl-b6bde346-cb55-4fad-bd7f-e1da966a93e7/datanode-2/data/ratis to VolumeSet
2021-11-15 10:00:40,171 [Listener at 127.0.0.1/43215] INFO  volume.ThrottledAsyncChecker (ThrottledAsyncChecker.java:schedule(141)) - Scheduling a check for /home/runner/work/ozone/ozone/hadoop-ozone/integration-test/target/test-dir/MiniOzoneClusterImpl-b6bde346-cb55-4fad-bd7f-e1da966a93e7/datanode-2/data/ratis
2021-11-15 10:00:40,171 [Listener at 127.0.0.1/43215] INFO  volume.StorageVolumeChecker (StorageVolumeChecker.java:checkAllVolumes(202)) - Scheduled health check for volume /home/runner/work/ozone/ozone/hadoop-ozone/integration-test/target/test-dir/MiniOzoneClusterImpl-b6bde346-cb55-4fad-bd7f-e1da966a93e7/datanode-2/data/ratis
2021-11-15 10:00:40,203 [Thread-155] INFO  ozoneimpl.ContainerReader (ContainerReader.java:readVolume(172)) - Finish verifying containers on volume /home/runner/work/ozone/ozone/hadoop-ozone/integration-test/target/test-dir/MiniOzoneClusterImpl-b6bde346-cb55-4fad-bd7f-e1da966a93e7/datanode-2/data-0/containers/hdds
2021-11-15 10:00:40,203 [Listener at 127.0.0.1/43215] INFO  ozoneimpl.OzoneContainer (OzoneContainer.java:buildContainerSet(236)) - Build ContainerSet costs 0s
2021-11-15 10:00:40,207 [Listener at 127.0.0.1/43215] INFO  server.RaftServer (ConfUtils.java:logGet(44)) - raft.rpc.type = GRPC (default)
2021-11-15 10:00:40,208 [Listener at 127.0.0.1/43215] INFO  grpc.GrpcFactory (GrpcFactory.java:checkPooledByteBufAllocatorUseCacheForAllThreads(48)) - PERFORMANCE WARNING: useCacheForAllThreads is true that may cause Netty to create a lot garbage objects and, as a result, trigger GC.
	It is recommended to disable useCacheForAllThreads by setting -Dorg.apache.ratis.thirdparty.io.netty.allocator.useCacheForAllThreads=false in command line.
2021-11-15 10:00:40,208 [Listener at 127.0.0.1/43215] INFO  grpc.GrpcConfigKeys (ConfUtils.java:logGet(44)) - raft.grpc.admin.port = 0 (custom)
2021-11-15 10:00:40,209 [Listener at 127.0.0.1/43215] INFO  grpc.GrpcConfigKeys (ConfUtils.java:logGet(44)) - raft.grpc.client.port = 0 (custom)
2021-11-15 10:00:40,209 [Listener at 127.0.0.1/43215] INFO  grpc.GrpcConfigKeys (ConfUtils.java:logGet(44)) - raft.grpc.server.port = 0 (default)
2021-11-15 10:00:40,209 [Listener at 127.0.0.1/43215] INFO  server.GrpcService (ConfUtils.java:logGet(44)) - raft.grpc.message.size.max = 32MB (=33554432) (custom)
2021-11-15 10:00:40,209 [Listener at 127.0.0.1/43215] INFO  server.RaftServerConfigKeys (ConfUtils.java:logGet(44)) - raft.server.log.appender.buffer.byte-limit = 33554432 (custom)
2021-11-15 10:00:40,209 [Listener at 127.0.0.1/43215] INFO  server.GrpcService (ConfUtils.java:logGet(44)) - raft.grpc.flow.control.window = 5MB (=5242880) (custom)
2021-11-15 10:00:40,210 [Listener at 127.0.0.1/43215] INFO  server.RaftServerConfigKeys (ConfUtils.java:logGet(44)) - raft.server.rpc.request.timeout = 3000ms (default)
2021-11-15 10:00:40,211 [Listener at 127.0.0.1/43215] INFO  impl.DataStreamServerImpl (ConfUtils.java:logGet(44)) - raft.datastream.type = DISABLED (default)
2021-11-15 10:00:40,215 [Listener at 127.0.0.1/43215] INFO  server.RaftServerConfigKeys (ConfUtils.java:logGet(44)) - raft.server.rpc.slowness.timeout = 300000ms (custom)
2021-11-15 10:00:40,215 [Listener at 127.0.0.1/43215] INFO  server.RaftServerConfigKeys (ConfUtils.java:logGet(44)) - raft.server.leaderelection.leader.step-down.wait-time = 10s (default)
2021-11-15 10:00:40,215 [Listener at 127.0.0.1/43215] INFO  server.RaftServerConfigKeys (ConfUtils.java:logGet(44)) - raft.server.storage.dir = [/home/runner/work/ozone/ozone/hadoop-ozone/integration-test/target/test-dir/MiniOzoneClusterImpl-b6bde346-cb55-4fad-bd7f-e1da966a93e7/datanode-2/data/ratis] (custom)
2021-11-15 10:00:40,229 [om1@group-C5BA1605619E-LeaderElection1] INFO  server.RaftServer$Division (ServerState.java:setRaftConf(387)) - om1@group-C5BA1605619E: set configuration 0: [om1|rpc:localhost:9872|admin:|client:|dataStream:|priority:0], old=null
2021-11-15 10:00:40,231 [Listener at 127.0.0.1/43215] INFO  http.BaseHttpServer (BaseHttpServer.java:newHttpServer2BuilderForOzone(209)) - Starting Web-server for hddsDatanode at: http://0.0.0.0:0
2021-11-15 10:00:40,231 [Listener at 127.0.0.1/43215] INFO  http.BaseHttpServer (BaseHttpServer.java:<init>(107)) - Hadoop Security Enabled: false Ozone Security Enabled: false Ozone HTTP Security Enabled: false 
2021-11-15 10:00:40,232 [Listener at 127.0.0.1/43215] INFO  server.AuthenticationFilter (AuthenticationFilter.java:constructSecretProvider(240)) - Unable to initialize FileSignerSecretProvider, falling back to use random secrets.
2021-11-15 10:00:40,239 [Listener at 127.0.0.1/43215] WARN  http.HttpRequestLog (HttpRequestLog.java:getRequestLog(103)) - Jetty request log can only be enabled using Log4j
2021-11-15 10:00:40,240 [Listener at 127.0.0.1/43215] INFO  http.HttpServer2 (HttpServer2.java:addGlobalFilter(1030)) - Added global filter 'safety' (class=org.apache.hadoop.hdds.server.http.HttpServer2$QuotingInputFilter)
2021-11-15 10:00:40,240 [Listener at 127.0.0.1/43215] INFO  http.HttpServer2 (HttpServer2.java:addFilter(1006)) - Added filter static_user_filter (class=org.apache.hadoop.http.lib.StaticUserWebFilter$StaticUserFilter) to context hddsDatanode
2021-11-15 10:00:40,241 [Listener at 127.0.0.1/43215] INFO  http.HttpServer2 (HttpServer2.java:addFilter(1014)) - Added filter static_user_filter (class=org.apache.hadoop.http.lib.StaticUserWebFilter$StaticUserFilter) to context logs
2021-11-15 10:00:40,241 [Listener at 127.0.0.1/43215] INFO  http.HttpServer2 (HttpServer2.java:addFilter(1014)) - Added filter static_user_filter (class=org.apache.hadoop.http.lib.StaticUserWebFilter$StaticUserFilter) to context static
2021-11-15 10:00:40,241 [Listener at 127.0.0.1/43215] INFO  http.HttpServer2 (HttpServer2.java:bindListener(1249)) - Jetty bound to port 35839
2021-11-15 10:00:40,241 [Listener at 127.0.0.1/43215] INFO  server.Server (Server.java:doStart(375)) - jetty-9.4.43.v20210629; built: 2021-06-30T11:07:22.254Z; git: 526006ecfa3af7f1a27ef3a288e2bef7ea9dd7e8; jvm 1.8.0_292-b10
2021-11-15 10:00:40,247 [Listener at 127.0.0.1/43215] INFO  server.session (DefaultSessionIdManager.java:doStart(334)) - DefaultSessionIdManager workerName=node0
2021-11-15 10:00:40,247 [Listener at 127.0.0.1/43215] INFO  server.session (DefaultSessionIdManager.java:doStart(339)) - No SessionScavenger set, using defaults
2021-11-15 10:00:40,248 [Listener at 127.0.0.1/43215] INFO  server.session (HouseKeeper.java:startScavenging(132)) - node0 Scavenging every 600000ms
2021-11-15 10:00:40,249 [Listener at 127.0.0.1/43215] INFO  handler.ContextHandler (ContextHandler.java:doStart(915)) - Started o.e.j.s.ServletContextHandler@75825b25{logs,/logs,file:///home/runner/work/ozone/ozone/hadoop-ozone/integration-test/target/log,AVAILABLE}
2021-11-15 10:00:40,250 [Listener at 127.0.0.1/43215] INFO  handler.ContextHandler (ContextHandler.java:doStart(915)) - Started o.e.j.s.ServletContextHandler@2bbf5db8{static,/static,jar:file:/home/runner/.m2/repository/org/apache/ozone/hdds-container-service/1.2.0-SNAPSHOT/hdds-container-service-1.2.0-SNAPSHOT.jar!/webapps/static,AVAILABLE}
2021-11-15 10:00:40,281 [om1@group-C5BA1605619E-SegmentedRaftLogWorker] INFO  segmented.SegmentedRaftLogWorker (SegmentedRaftLogWorker.java:execute(601)) - om1@group-C5BA1605619E-SegmentedRaftLogWorker: created new log segment /home/runner/work/ozone/ozone/hadoop-ozone/integration-test/target/test-dir/MiniOzoneClusterImpl-b6bde346-cb55-4fad-bd7f-e1da966a93e7/ozone-meta/ratis/bf265839-605b-3f16-9796-c5ba1605619e/current/log_inprogress_0
2021-11-15 10:00:40,313 [Listener at 127.0.0.1/43215] INFO  handler.ContextHandler (ContextHandler.java:doStart(915)) - Started o.e.j.w.WebAppContext@133559aa{hddsDatanode,/,file:///tmp/jetty-0_0_0_0-35839-hdds-container-service-1_2_0-SNAPSHOT_jar-_-any-4297282211264660506/webapp/,AVAILABLE}{jar:file:/home/runner/.m2/repository/org/apache/ozone/hdds-container-service/1.2.0-SNAPSHOT/hdds-container-service-1.2.0-SNAPSHOT.jar!/webapps/hddsDatanode}
2021-11-15 10:00:40,318 [Listener at 127.0.0.1/43215] INFO  server.AbstractConnector (AbstractConnector.java:doStart(331)) - Started ServerConnector@6e844a6c{HTTP/1.1, (http/1.1)}{0.0.0.0:35839}
2021-11-15 10:00:40,318 [Listener at 127.0.0.1/43215] INFO  server.Server (Server.java:doStart(415)) - Started @7627ms
2021-11-15 10:00:40,319 [Listener at 127.0.0.1/43215] WARN  impl.MetricsSystemImpl (MetricsSystemImpl.java:register(279)) - Sink prometheus already exists!
2021-11-15 10:00:40,319 [Listener at 127.0.0.1/43215] INFO  http.BaseHttpServer (BaseHttpServer.java:updateConnectorAddress(329)) - HTTP server of hddsDatanode listening at http://0.0.0.0:35839
2021-11-15 10:00:40,323 [Listener at 127.0.0.1/43215] WARN  impl.MetricRegistriesImpl (MetricRegistriesImpl.java:addReporterRegistration(111)) - New reporters are added after registries were created. Some metrics will be missing from the reporter. Please add reporter before adding any new registry.
2021-11-15 10:00:40,323 [Listener at 127.0.0.1/43215] WARN  impl.MetricRegistriesImpl (MetricRegistriesImpl.java:addReporterRegistration(111)) - New reporters are added after registries were created. Some metrics will be missing from the reporter. Please add reporter before adding any new registry.
2021-11-15 10:00:40,323 [Listener at 127.0.0.1/43215] INFO  impl.MetricsSystemImpl (MetricsSystemImpl.java:init(158)) - HddsDatanode metrics system started (again)
2021-11-15 10:00:40,330 [Datanode State Machine Daemon Thread] INFO  statemachine.DatanodeStateMachine (DatanodeStateMachine.java:lambda$startDaemon$0(467)) - Ozone container server started.
2021-11-15 10:00:40,351 [org.apache.hadoop.util.JvmPauseMonitor$Monitor@5474aa3f] INFO  util.JvmPauseMonitor (JvmPauseMonitor.java:run(188)) - Starting JVM pause monitor
2021-11-15 10:00:40,359 [Datanode State Machine Task Thread - 0] INFO  datanode.InitDatanodeState (InitDatanodeState.java:persistContainerDatanodeDetails(145)) - DatanodeDetails is persisted to /home/runner/work/ozone/ozone/hadoop-ozone/integration-test/target/test-dir/MiniOzoneClusterImpl-b6bde346-cb55-4fad-bd7f-e1da966a93e7/datanode-2/meta/datanode.id
2021-11-15 10:00:40,361 [Listener at 127.0.0.1/43215] INFO  ozone.HddsDatanodeService (HddsDatanodeService.java:start(234)) - HddsDatanodeService host:fv-az12-743.exdb2aeach2ezidoxz41lk3bwg.cx.internal.cloudapp.net ip:10.1.0.56
2021-11-15 10:00:40,392 [Listener at 127.0.0.1/43215] INFO  upgrade.AbstractLayoutVersionManager (AbstractLayoutVersionManager.java:init(79)) - Initializing Layout version manager with metadata layout = SCM_HA (version = 2), software layout = SCM_HA (version = 2)
2021-11-15 10:00:40,398 [om1@group-C5BA1605619E-StateMachineUpdater] INFO  ratis.OzoneManagerStateMachine (OzoneManagerStateMachine.java:notifyConfigurationChanged(188)) - Received Configuration change notification from Ratis. New Peer list:
[id: "om1"
address: "localhost:9872"
]
2021-11-15 10:00:40,433 [Listener at 127.0.0.1/43215] INFO  reflections.Reflections (Reflections.java:scan(232)) - Reflections took 40 ms to scan 7 urls, producing 119 keys and 279 values 
2021-11-15 10:00:40,435 [Listener at 127.0.0.1/43215] INFO  statemachine.DatanodeStateMachine (DatanodeStateMachine.java:getEndPointTaskThreadPoolSize(219)) - Datanode State Machine Task Thread Pool size 2
2021-11-15 10:00:40,440 [Listener at 127.0.0.1/43215] INFO  volume.HddsVolume (HddsVolume.java:<init>(120)) - Creating HddsVolume: /home/runner/work/ozone/ozone/hadoop-ozone/integration-test/target/test-dir/MiniOzoneClusterImpl-b6bde346-cb55-4fad-bd7f-e1da966a93e7/datanode-3/data-0/containers/hdds of storage type : DISK capacity : 9223372036854775807
2021-11-15 10:00:40,440 [Listener at 127.0.0.1/43215] INFO  volume.MutableVolumeSet (MutableVolumeSet.java:initializeVolumeSet(168)) - Added Volume : /home/runner/work/ozone/ozone/hadoop-ozone/integration-test/target/test-dir/MiniOzoneClusterImpl-b6bde346-cb55-4fad-bd7f-e1da966a93e7/datanode-3/data-0/containers/hdds to VolumeSet
2021-11-15 10:00:40,440 [Listener at 127.0.0.1/43215] INFO  volume.ThrottledAsyncChecker (ThrottledAsyncChecker.java:schedule(141)) - Scheduling a check for /home/runner/work/ozone/ozone/hadoop-ozone/integration-test/target/test-dir/MiniOzoneClusterImpl-b6bde346-cb55-4fad-bd7f-e1da966a93e7/datanode-3/data-0/containers/hdds
2021-11-15 10:00:40,443 [Listener at 127.0.0.1/43215] INFO  volume.StorageVolumeChecker (StorageVolumeChecker.java:checkAllVolumes(202)) - Scheduled health check for volume /home/runner/work/ozone/ozone/hadoop-ozone/integration-test/target/test-dir/MiniOzoneClusterImpl-b6bde346-cb55-4fad-bd7f-e1da966a93e7/datanode-3/data-0/containers/hdds
2021-11-15 10:00:40,462 [Listener at 127.0.0.1/43215] INFO  volume.MutableVolumeSet (MutableVolumeSet.java:initializeVolumeSet(168)) - Added Volume : /home/runner/work/ozone/ozone/hadoop-ozone/integration-test/target/test-dir/MiniOzoneClusterImpl-b6bde346-cb55-4fad-bd7f-e1da966a93e7/datanode-3/data/ratis to VolumeSet
2021-11-15 10:00:40,462 [Listener at 127.0.0.1/43215] INFO  volume.ThrottledAsyncChecker (ThrottledAsyncChecker.java:schedule(141)) - Scheduling a check for /home/runner/work/ozone/ozone/hadoop-ozone/integration-test/target/test-dir/MiniOzoneClusterImpl-b6bde346-cb55-4fad-bd7f-e1da966a93e7/datanode-3/data/ratis
2021-11-15 10:00:40,463 [Listener at 127.0.0.1/43215] INFO  volume.StorageVolumeChecker (StorageVolumeChecker.java:checkAllVolumes(202)) - Scheduled health check for volume /home/runner/work/ozone/ozone/hadoop-ozone/integration-test/target/test-dir/MiniOzoneClusterImpl-b6bde346-cb55-4fad-bd7f-e1da966a93e7/datanode-3/data/ratis
2021-11-15 10:00:40,478 [Thread-167] INFO  ozoneimpl.ContainerReader (ContainerReader.java:readVolume(172)) - Finish verifying containers on volume /home/runner/work/ozone/ozone/hadoop-ozone/integration-test/target/test-dir/MiniOzoneClusterImpl-b6bde346-cb55-4fad-bd7f-e1da966a93e7/datanode-3/data-0/containers/hdds
2021-11-15 10:00:40,478 [Listener at 127.0.0.1/43215] INFO  ozoneimpl.OzoneContainer (OzoneContainer.java:buildContainerSet(236)) - Build ContainerSet costs 0s
2021-11-15 10:00:40,482 [Listener at 127.0.0.1/43215] INFO  server.RaftServer (ConfUtils.java:logGet(44)) - raft.rpc.type = GRPC (default)
2021-11-15 10:00:40,482 [Listener at 127.0.0.1/43215] INFO  grpc.GrpcFactory (GrpcFactory.java:checkPooledByteBufAllocatorUseCacheForAllThreads(48)) - PERFORMANCE WARNING: useCacheForAllThreads is true that may cause Netty to create a lot garbage objects and, as a result, trigger GC.
	It is recommended to disable useCacheForAllThreads by setting -Dorg.apache.ratis.thirdparty.io.netty.allocator.useCacheForAllThreads=false in command line.
2021-11-15 10:00:40,482 [Listener at 127.0.0.1/43215] INFO  grpc.GrpcConfigKeys (ConfUtils.java:logGet(44)) - raft.grpc.admin.port = 0 (custom)
2021-11-15 10:00:40,482 [Listener at 127.0.0.1/43215] INFO  grpc.GrpcConfigKeys (ConfUtils.java:logGet(44)) - raft.grpc.client.port = 0 (custom)
2021-11-15 10:00:40,483 [Listener at 127.0.0.1/43215] INFO  grpc.GrpcConfigKeys (ConfUtils.java:logGet(44)) - raft.grpc.server.port = 0 (default)
2021-11-15 10:00:40,483 [Listener at 127.0.0.1/43215] INFO  server.GrpcService (ConfUtils.java:logGet(44)) - raft.grpc.message.size.max = 32MB (=33554432) (custom)
2021-11-15 10:00:40,483 [Listener at 127.0.0.1/43215] INFO  server.RaftServerConfigKeys (ConfUtils.java:logGet(44)) - raft.server.log.appender.buffer.byte-limit = 33554432 (custom)
2021-11-15 10:00:40,483 [Listener at 127.0.0.1/43215] INFO  server.GrpcService (ConfUtils.java:logGet(44)) - raft.grpc.flow.control.window = 5MB (=5242880) (custom)
2021-11-15 10:00:40,483 [Listener at 127.0.0.1/43215] INFO  server.RaftServerConfigKeys (ConfUtils.java:logGet(44)) - raft.server.rpc.request.timeout = 3000ms (default)
2021-11-15 10:00:40,484 [Listener at 127.0.0.1/43215] INFO  impl.DataStreamServerImpl (ConfUtils.java:logGet(44)) - raft.datastream.type = DISABLED (default)
2021-11-15 10:00:40,485 [Listener at 127.0.0.1/43215] INFO  server.RaftServerConfigKeys (ConfUtils.java:logGet(44)) - raft.server.rpc.slowness.timeout = 300000ms (custom)
2021-11-15 10:00:40,485 [Listener at 127.0.0.1/43215] INFO  server.RaftServerConfigKeys (ConfUtils.java:logGet(44)) - raft.server.leaderelection.leader.step-down.wait-time = 10s (default)
2021-11-15 10:00:40,485 [Listener at 127.0.0.1/43215] INFO  server.RaftServerConfigKeys (ConfUtils.java:logGet(44)) - raft.server.storage.dir = [/home/runner/work/ozone/ozone/hadoop-ozone/integration-test/target/test-dir/MiniOzoneClusterImpl-b6bde346-cb55-4fad-bd7f-e1da966a93e7/datanode-3/data/ratis] (custom)
2021-11-15 10:00:40,497 [Listener at 127.0.0.1/43215] INFO  http.BaseHttpServer (BaseHttpServer.java:newHttpServer2BuilderForOzone(209)) - Starting Web-server for hddsDatanode at: http://0.0.0.0:0
2021-11-15 10:00:40,497 [Listener at 127.0.0.1/43215] INFO  http.BaseHttpServer (BaseHttpServer.java:<init>(107)) - Hadoop Security Enabled: false Ozone Security Enabled: false Ozone HTTP Security Enabled: false 
2021-11-15 10:00:40,498 [Listener at 127.0.0.1/43215] INFO  server.AuthenticationFilter (AuthenticationFilter.java:constructSecretProvider(240)) - Unable to initialize FileSignerSecretProvider, falling back to use random secrets.
2021-11-15 10:00:40,500 [Listener at 127.0.0.1/43215] WARN  http.HttpRequestLog (HttpRequestLog.java:getRequestLog(103)) - Jetty request log can only be enabled using Log4j
2021-11-15 10:00:40,501 [Listener at 127.0.0.1/43215] INFO  http.HttpServer2 (HttpServer2.java:addGlobalFilter(1030)) - Added global filter 'safety' (class=org.apache.hadoop.hdds.server.http.HttpServer2$QuotingInputFilter)
2021-11-15 10:00:40,502 [Listener at 127.0.0.1/43215] INFO  http.HttpServer2 (HttpServer2.java:addFilter(1006)) - Added filter static_user_filter (class=org.apache.hadoop.http.lib.StaticUserWebFilter$StaticUserFilter) to context hddsDatanode
2021-11-15 10:00:40,502 [Listener at 127.0.0.1/43215] INFO  http.HttpServer2 (HttpServer2.java:addFilter(1014)) - Added filter static_user_filter (class=org.apache.hadoop.http.lib.StaticUserWebFilter$StaticUserFilter) to context static
2021-11-15 10:00:40,502 [Listener at 127.0.0.1/43215] INFO  http.HttpServer2 (HttpServer2.java:addFilter(1014)) - Added filter static_user_filter (class=org.apache.hadoop.http.lib.StaticUserWebFilter$StaticUserFilter) to context logs
2021-11-15 10:00:40,503 [Listener at 127.0.0.1/43215] INFO  http.HttpServer2 (HttpServer2.java:bindListener(1249)) - Jetty bound to port 34295
2021-11-15 10:00:40,503 [Listener at 127.0.0.1/43215] INFO  server.Server (Server.java:doStart(375)) - jetty-9.4.43.v20210629; built: 2021-06-30T11:07:22.254Z; git: 526006ecfa3af7f1a27ef3a288e2bef7ea9dd7e8; jvm 1.8.0_292-b10
2021-11-15 10:00:40,507 [Listener at 127.0.0.1/43215] INFO  server.session (DefaultSessionIdManager.java:doStart(334)) - DefaultSessionIdManager workerName=node0
2021-11-15 10:00:40,508 [Listener at 127.0.0.1/43215] INFO  server.session (DefaultSessionIdManager.java:doStart(339)) - No SessionScavenger set, using defaults
2021-11-15 10:00:40,508 [Listener at 127.0.0.1/43215] INFO  server.session (HouseKeeper.java:startScavenging(132)) - node0 Scavenging every 660000ms
2021-11-15 10:00:40,510 [Listener at 127.0.0.1/43215] INFO  handler.ContextHandler (ContextHandler.java:doStart(915)) - Started o.e.j.s.ServletContextHandler@4a93f43d{logs,/logs,file:///home/runner/work/ozone/ozone/hadoop-ozone/integration-test/target/log,AVAILABLE}
2021-11-15 10:00:40,511 [Listener at 127.0.0.1/43215] INFO  handler.ContextHandler (ContextHandler.java:doStart(915)) - Started o.e.j.s.ServletContextHandler@1a98b2ad{static,/static,jar:file:/home/runner/.m2/repository/org/apache/ozone/hdds-container-service/1.2.0-SNAPSHOT/hdds-container-service-1.2.0-SNAPSHOT.jar!/webapps/static,AVAILABLE}
2021-11-15 10:00:40,557 [Listener at 127.0.0.1/43215] INFO  handler.ContextHandler (ContextHandler.java:doStart(915)) - Started o.e.j.w.WebAppContext@586f2da2{hddsDatanode,/,file:///tmp/jetty-0_0_0_0-34295-hdds-container-service-1_2_0-SNAPSHOT_jar-_-any-5899919092910944744/webapp/,AVAILABLE}{jar:file:/home/runner/.m2/repository/org/apache/ozone/hdds-container-service/1.2.0-SNAPSHOT/hdds-container-service-1.2.0-SNAPSHOT.jar!/webapps/hddsDatanode}
2021-11-15 10:00:40,560 [Listener at 127.0.0.1/43215] INFO  server.AbstractConnector (AbstractConnector.java:doStart(331)) - Started ServerConnector@59ff092f{HTTP/1.1, (http/1.1)}{0.0.0.0:34295}
2021-11-15 10:00:40,561 [Listener at 127.0.0.1/43215] INFO  server.Server (Server.java:doStart(415)) - Started @7869ms
2021-11-15 10:00:40,561 [Listener at 127.0.0.1/43215] WARN  impl.MetricsSystemImpl (MetricsSystemImpl.java:register(279)) - Sink prometheus already exists!
2021-11-15 10:00:40,561 [Listener at 127.0.0.1/43215] INFO  http.BaseHttpServer (BaseHttpServer.java:updateConnectorAddress(329)) - HTTP server of hddsDatanode listening at http://0.0.0.0:34295
2021-11-15 10:00:40,562 [Listener at 127.0.0.1/43215] WARN  impl.MetricRegistriesImpl (MetricRegistriesImpl.java:addReporterRegistration(111)) - New reporters are added after registries were created. Some metrics will be missing from the reporter. Please add reporter before adding any new registry.
2021-11-15 10:00:40,562 [Listener at 127.0.0.1/43215] WARN  impl.MetricRegistriesImpl (MetricRegistriesImpl.java:addReporterRegistration(111)) - New reporters are added after registries were created. Some metrics will be missing from the reporter. Please add reporter before adding any new registry.
2021-11-15 10:00:40,562 [Listener at 127.0.0.1/43215] INFO  impl.MetricsSystemImpl (MetricsSystemImpl.java:init(158)) - HddsDatanode metrics system started (again)
2021-11-15 10:00:40,568 [Datanode State Machine Daemon Thread] INFO  statemachine.DatanodeStateMachine (DatanodeStateMachine.java:lambda$startDaemon$0(467)) - Ozone container server started.
2021-11-15 10:00:40,580 [Listener at 127.0.0.1/43215] INFO  ozone.HddsDatanodeService (HddsDatanodeService.java:start(234)) - HddsDatanodeService host:fv-az12-743.exdb2aeach2ezidoxz41lk3bwg.cx.internal.cloudapp.net ip:10.1.0.56
2021-11-15 10:00:40,600 [org.apache.hadoop.util.JvmPauseMonitor$Monitor@7154c1bf] INFO  util.JvmPauseMonitor (JvmPauseMonitor.java:run(188)) - Starting JVM pause monitor
2021-11-15 10:00:40,606 [Datanode State Machine Task Thread - 0] INFO  datanode.InitDatanodeState (InitDatanodeState.java:persistContainerDatanodeDetails(145)) - DatanodeDetails is persisted to /home/runner/work/ozone/ozone/hadoop-ozone/integration-test/target/test-dir/MiniOzoneClusterImpl-b6bde346-cb55-4fad-bd7f-e1da966a93e7/datanode-3/meta/datanode.id
2021-11-15 10:00:40,609 [Listener at 127.0.0.1/43215] INFO  upgrade.AbstractLayoutVersionManager (AbstractLayoutVersionManager.java:init(79)) - Initializing Layout version manager with metadata layout = SCM_HA (version = 2), software layout = SCM_HA (version = 2)
2021-11-15 10:00:40,650 [Listener at 127.0.0.1/43215] INFO  reflections.Reflections (Reflections.java:scan(232)) - Reflections took 40 ms to scan 7 urls, producing 119 keys and 279 values 
2021-11-15 10:00:40,651 [Listener at 127.0.0.1/43215] INFO  statemachine.DatanodeStateMachine (DatanodeStateMachine.java:getEndPointTaskThreadPoolSize(219)) - Datanode State Machine Task Thread Pool size 2
2021-11-15 10:00:40,654 [Listener at 127.0.0.1/43215] INFO  volume.HddsVolume (HddsVolume.java:<init>(120)) - Creating HddsVolume: /home/runner/work/ozone/ozone/hadoop-ozone/integration-test/target/test-dir/MiniOzoneClusterImpl-b6bde346-cb55-4fad-bd7f-e1da966a93e7/datanode-4/data-0/containers/hdds of storage type : DISK capacity : 9223372036854775807
2021-11-15 10:00:40,654 [Listener at 127.0.0.1/43215] INFO  volume.MutableVolumeSet (MutableVolumeSet.java:initializeVolumeSet(168)) - Added Volume : /home/runner/work/ozone/ozone/hadoop-ozone/integration-test/target/test-dir/MiniOzoneClusterImpl-b6bde346-cb55-4fad-bd7f-e1da966a93e7/datanode-4/data-0/containers/hdds to VolumeSet
2021-11-15 10:00:40,655 [Listener at 127.0.0.1/43215] INFO  volume.ThrottledAsyncChecker (ThrottledAsyncChecker.java:schedule(141)) - Scheduling a check for /home/runner/work/ozone/ozone/hadoop-ozone/integration-test/target/test-dir/MiniOzoneClusterImpl-b6bde346-cb55-4fad-bd7f-e1da966a93e7/datanode-4/data-0/containers/hdds
2021-11-15 10:00:40,655 [Listener at 127.0.0.1/43215] INFO  volume.StorageVolumeChecker (StorageVolumeChecker.java:checkAllVolumes(202)) - Scheduled health check for volume /home/runner/work/ozone/ozone/hadoop-ozone/integration-test/target/test-dir/MiniOzoneClusterImpl-b6bde346-cb55-4fad-bd7f-e1da966a93e7/datanode-4/data-0/containers/hdds
2021-11-15 10:00:40,669 [Listener at 127.0.0.1/43215] INFO  volume.MutableVolumeSet (MutableVolumeSet.java:initializeVolumeSet(168)) - Added Volume : /home/runner/work/ozone/ozone/hadoop-ozone/integration-test/target/test-dir/MiniOzoneClusterImpl-b6bde346-cb55-4fad-bd7f-e1da966a93e7/datanode-4/data/ratis to VolumeSet
2021-11-15 10:00:40,669 [Listener at 127.0.0.1/43215] INFO  volume.ThrottledAsyncChecker (ThrottledAsyncChecker.java:schedule(141)) - Scheduling a check for /home/runner/work/ozone/ozone/hadoop-ozone/integration-test/target/test-dir/MiniOzoneClusterImpl-b6bde346-cb55-4fad-bd7f-e1da966a93e7/datanode-4/data/ratis
2021-11-15 10:00:40,669 [Listener at 127.0.0.1/43215] INFO  volume.StorageVolumeChecker (StorageVolumeChecker.java:checkAllVolumes(202)) - Scheduled health check for volume /home/runner/work/ozone/ozone/hadoop-ozone/integration-test/target/test-dir/MiniOzoneClusterImpl-b6bde346-cb55-4fad-bd7f-e1da966a93e7/datanode-4/data/ratis
2021-11-15 10:00:40,683 [Thread-179] INFO  ozoneimpl.ContainerReader (ContainerReader.java:readVolume(172)) - Finish verifying containers on volume /home/runner/work/ozone/ozone/hadoop-ozone/integration-test/target/test-dir/MiniOzoneClusterImpl-b6bde346-cb55-4fad-bd7f-e1da966a93e7/datanode-4/data-0/containers/hdds
2021-11-15 10:00:40,683 [Listener at 127.0.0.1/43215] INFO  ozoneimpl.OzoneContainer (OzoneContainer.java:buildContainerSet(236)) - Build ContainerSet costs 0s
2021-11-15 10:00:40,687 [Listener at 127.0.0.1/43215] INFO  server.RaftServer (ConfUtils.java:logGet(44)) - raft.rpc.type = GRPC (default)
2021-11-15 10:00:40,687 [Listener at 127.0.0.1/43215] INFO  grpc.GrpcFactory (GrpcFactory.java:checkPooledByteBufAllocatorUseCacheForAllThreads(48)) - PERFORMANCE WARNING: useCacheForAllThreads is true that may cause Netty to create a lot garbage objects and, as a result, trigger GC.
	It is recommended to disable useCacheForAllThreads by setting -Dorg.apache.ratis.thirdparty.io.netty.allocator.useCacheForAllThreads=false in command line.
2021-11-15 10:00:40,687 [Listener at 127.0.0.1/43215] INFO  grpc.GrpcConfigKeys (ConfUtils.java:logGet(44)) - raft.grpc.admin.port = 0 (custom)
2021-11-15 10:00:40,687 [Listener at 127.0.0.1/43215] INFO  grpc.GrpcConfigKeys (ConfUtils.java:logGet(44)) - raft.grpc.client.port = 0 (custom)
2021-11-15 10:00:40,687 [Listener at 127.0.0.1/43215] INFO  grpc.GrpcConfigKeys (ConfUtils.java:logGet(44)) - raft.grpc.server.port = 0 (default)
2021-11-15 10:00:40,687 [Listener at 127.0.0.1/43215] INFO  server.GrpcService (ConfUtils.java:logGet(44)) - raft.grpc.message.size.max = 32MB (=33554432) (custom)
2021-11-15 10:00:40,687 [Listener at 127.0.0.1/43215] INFO  server.RaftServerConfigKeys (ConfUtils.java:logGet(44)) - raft.server.log.appender.buffer.byte-limit = 33554432 (custom)
2021-11-15 10:00:40,687 [Listener at 127.0.0.1/43215] INFO  server.GrpcService (ConfUtils.java:logGet(44)) - raft.grpc.flow.control.window = 5MB (=5242880) (custom)
2021-11-15 10:00:40,688 [Listener at 127.0.0.1/43215] INFO  server.RaftServerConfigKeys (ConfUtils.java:logGet(44)) - raft.server.rpc.request.timeout = 3000ms (default)
2021-11-15 10:00:40,689 [Listener at 127.0.0.1/43215] INFO  impl.DataStreamServerImpl (ConfUtils.java:logGet(44)) - raft.datastream.type = DISABLED (default)
2021-11-15 10:00:40,689 [Listener at 127.0.0.1/43215] INFO  server.RaftServerConfigKeys (ConfUtils.java:logGet(44)) - raft.server.rpc.slowness.timeout = 300000ms (custom)
2021-11-15 10:00:40,689 [Listener at 127.0.0.1/43215] INFO  server.RaftServerConfigKeys (ConfUtils.java:logGet(44)) - raft.server.leaderelection.leader.step-down.wait-time = 10s (default)
2021-11-15 10:00:40,689 [Listener at 127.0.0.1/43215] INFO  server.RaftServerConfigKeys (ConfUtils.java:logGet(44)) - raft.server.storage.dir = [/home/runner/work/ozone/ozone/hadoop-ozone/integration-test/target/test-dir/MiniOzoneClusterImpl-b6bde346-cb55-4fad-bd7f-e1da966a93e7/datanode-4/data/ratis] (custom)
2021-11-15 10:00:40,693 [Listener at 127.0.0.1/43215] INFO  http.BaseHttpServer (BaseHttpServer.java:newHttpServer2BuilderForOzone(209)) - Starting Web-server for hddsDatanode at: http://0.0.0.0:0
2021-11-15 10:00:40,693 [Listener at 127.0.0.1/43215] INFO  http.BaseHttpServer (BaseHttpServer.java:<init>(107)) - Hadoop Security Enabled: false Ozone Security Enabled: false Ozone HTTP Security Enabled: false 
2021-11-15 10:00:40,694 [Listener at 127.0.0.1/43215] INFO  server.AuthenticationFilter (AuthenticationFilter.java:constructSecretProvider(240)) - Unable to initialize FileSignerSecretProvider, falling back to use random secrets.
2021-11-15 10:00:40,694 [Listener at 127.0.0.1/43215] WARN  http.HttpRequestLog (HttpRequestLog.java:getRequestLog(103)) - Jetty request log can only be enabled using Log4j
2021-11-15 10:00:40,695 [Listener at 127.0.0.1/43215] INFO  http.HttpServer2 (HttpServer2.java:addGlobalFilter(1030)) - Added global filter 'safety' (class=org.apache.hadoop.hdds.server.http.HttpServer2$QuotingInputFilter)
2021-11-15 10:00:40,696 [Listener at 127.0.0.1/43215] INFO  http.HttpServer2 (HttpServer2.java:addFilter(1006)) - Added filter static_user_filter (class=org.apache.hadoop.http.lib.StaticUserWebFilter$StaticUserFilter) to context hddsDatanode
2021-11-15 10:00:40,696 [Listener at 127.0.0.1/43215] INFO  http.HttpServer2 (HttpServer2.java:addFilter(1014)) - Added filter static_user_filter (class=org.apache.hadoop.http.lib.StaticUserWebFilter$StaticUserFilter) to context static
2021-11-15 10:00:40,696 [Listener at 127.0.0.1/43215] INFO  http.HttpServer2 (HttpServer2.java:addFilter(1014)) - Added filter static_user_filter (class=org.apache.hadoop.http.lib.StaticUserWebFilter$StaticUserFilter) to context logs
2021-11-15 10:00:40,697 [Listener at 127.0.0.1/43215] INFO  http.HttpServer2 (HttpServer2.java:bindListener(1249)) - Jetty bound to port 36421
2021-11-15 10:00:40,697 [Listener at 127.0.0.1/43215] INFO  server.Server (Server.java:doStart(375)) - jetty-9.4.43.v20210629; built: 2021-06-30T11:07:22.254Z; git: 526006ecfa3af7f1a27ef3a288e2bef7ea9dd7e8; jvm 1.8.0_292-b10
2021-11-15 10:00:40,709 [Listener at 127.0.0.1/43215] INFO  server.session (DefaultSessionIdManager.java:doStart(334)) - DefaultSessionIdManager workerName=node0
2021-11-15 10:00:40,709 [Listener at 127.0.0.1/43215] INFO  server.session (DefaultSessionIdManager.java:doStart(339)) - No SessionScavenger set, using defaults
2021-11-15 10:00:40,709 [Listener at 127.0.0.1/43215] INFO  server.session (HouseKeeper.java:startScavenging(132)) - node0 Scavenging every 600000ms
2021-11-15 10:00:40,710 [Listener at 127.0.0.1/43215] INFO  handler.ContextHandler (ContextHandler.java:doStart(915)) - Started o.e.j.s.ServletContextHandler@14c91580{logs,/logs,file:///home/runner/work/ozone/ozone/hadoop-ozone/integration-test/target/log,AVAILABLE}
2021-11-15 10:00:40,710 [Listener at 127.0.0.1/43215] INFO  handler.ContextHandler (ContextHandler.java:doStart(915)) - Started o.e.j.s.ServletContextHandler@6f2e62fc{static,/static,jar:file:/home/runner/.m2/repository/org/apache/ozone/hdds-container-service/1.2.0-SNAPSHOT/hdds-container-service-1.2.0-SNAPSHOT.jar!/webapps/static,AVAILABLE}
2021-11-15 10:00:40,751 [Listener at 127.0.0.1/43215] INFO  handler.ContextHandler (ContextHandler.java:doStart(915)) - Started o.e.j.w.WebAppContext@6b8844ad{hddsDatanode,/,file:///tmp/jetty-0_0_0_0-36421-hdds-container-service-1_2_0-SNAPSHOT_jar-_-any-7799051217777332137/webapp/,AVAILABLE}{jar:file:/home/runner/.m2/repository/org/apache/ozone/hdds-container-service/1.2.0-SNAPSHOT/hdds-container-service-1.2.0-SNAPSHOT.jar!/webapps/hddsDatanode}
2021-11-15 10:00:40,753 [Listener at 127.0.0.1/43215] INFO  server.AbstractConnector (AbstractConnector.java:doStart(331)) - Started ServerConnector@3f5050ad{HTTP/1.1, (http/1.1)}{0.0.0.0:36421}
2021-11-15 10:00:40,753 [Listener at 127.0.0.1/43215] INFO  server.Server (Server.java:doStart(415)) - Started @8062ms
2021-11-15 10:00:40,753 [Listener at 127.0.0.1/43215] WARN  impl.MetricsSystemImpl (MetricsSystemImpl.java:register(279)) - Sink prometheus already exists!
2021-11-15 10:00:40,754 [Listener at 127.0.0.1/43215] INFO  http.BaseHttpServer (BaseHttpServer.java:updateConnectorAddress(329)) - HTTP server of hddsDatanode listening at http://0.0.0.0:36421
2021-11-15 10:00:40,754 [Datanode State Machine Daemon Thread] INFO  statemachine.DatanodeStateMachine (DatanodeStateMachine.java:lambda$startDaemon$0(467)) - Ozone container server started.
2021-11-15 10:00:40,758 [Listener at 127.0.0.1/43215] WARN  impl.MetricRegistriesImpl (MetricRegistriesImpl.java:addReporterRegistration(111)) - New reporters are added after registries were created. Some metrics will be missing from the reporter. Please add reporter before adding any new registry.
2021-11-15 10:00:40,758 [Listener at 127.0.0.1/43215] WARN  impl.MetricRegistriesImpl (MetricRegistriesImpl.java:addReporterRegistration(111)) - New reporters are added after registries were created. Some metrics will be missing from the reporter. Please add reporter before adding any new registry.
2021-11-15 10:00:40,758 [Listener at 127.0.0.1/43215] INFO  impl.MetricsSystemImpl (MetricsSystemImpl.java:init(158)) - HddsDatanode metrics system started (again)
2021-11-15 10:00:40,772 [Listener at 127.0.0.1/43215] INFO  ozone.HddsDatanodeService (HddsDatanodeService.java:start(234)) - HddsDatanodeService host:fv-az12-743.exdb2aeach2ezidoxz41lk3bwg.cx.internal.cloudapp.net ip:10.1.0.56
2021-11-15 10:00:40,772 [org.apache.hadoop.util.JvmPauseMonitor$Monitor@5c35455f] INFO  util.JvmPauseMonitor (JvmPauseMonitor.java:run(188)) - Starting JVM pause monitor
2021-11-15 10:00:40,776 [Datanode State Machine Task Thread - 0] INFO  datanode.InitDatanodeState (InitDatanodeState.java:persistContainerDatanodeDetails(145)) - DatanodeDetails is persisted to /home/runner/work/ozone/ozone/hadoop-ozone/integration-test/target/test-dir/MiniOzoneClusterImpl-b6bde346-cb55-4fad-bd7f-e1da966a93e7/datanode-4/meta/datanode.id
2021-11-15 10:00:40,795 [Listener at 127.0.0.1/43215] INFO  upgrade.AbstractLayoutVersionManager (AbstractLayoutVersionManager.java:init(79)) - Initializing Layout version manager with metadata layout = SCM_HA (version = 2), software layout = SCM_HA (version = 2)
2021-11-15 10:00:40,837 [Listener at 127.0.0.1/43215] INFO  reflections.Reflections (Reflections.java:scan(232)) - Reflections took 41 ms to scan 7 urls, producing 119 keys and 279 values 
2021-11-15 10:00:40,839 [Listener at 127.0.0.1/43215] INFO  statemachine.DatanodeStateMachine (DatanodeStateMachine.java:getEndPointTaskThreadPoolSize(219)) - Datanode State Machine Task Thread Pool size 2
2021-11-15 10:00:40,840 [Listener at 127.0.0.1/43215] INFO  volume.HddsVolume (HddsVolume.java:<init>(120)) - Creating HddsVolume: /home/runner/work/ozone/ozone/hadoop-ozone/integration-test/target/test-dir/MiniOzoneClusterImpl-b6bde346-cb55-4fad-bd7f-e1da966a93e7/datanode-5/data-0/containers/hdds of storage type : DISK capacity : 9223372036854775807
2021-11-15 10:00:40,841 [Listener at 127.0.0.1/43215] INFO  volume.MutableVolumeSet (MutableVolumeSet.java:initializeVolumeSet(168)) - Added Volume : /home/runner/work/ozone/ozone/hadoop-ozone/integration-test/target/test-dir/MiniOzoneClusterImpl-b6bde346-cb55-4fad-bd7f-e1da966a93e7/datanode-5/data-0/containers/hdds to VolumeSet
2021-11-15 10:00:40,841 [Listener at 127.0.0.1/43215] INFO  volume.ThrottledAsyncChecker (ThrottledAsyncChecker.java:schedule(141)) - Scheduling a check for /home/runner/work/ozone/ozone/hadoop-ozone/integration-test/target/test-dir/MiniOzoneClusterImpl-b6bde346-cb55-4fad-bd7f-e1da966a93e7/datanode-5/data-0/containers/hdds
2021-11-15 10:00:40,847 [Listener at 127.0.0.1/43215] INFO  volume.StorageVolumeChecker (StorageVolumeChecker.java:checkAllVolumes(202)) - Scheduled health check for volume /home/runner/work/ozone/ozone/hadoop-ozone/integration-test/target/test-dir/MiniOzoneClusterImpl-b6bde346-cb55-4fad-bd7f-e1da966a93e7/datanode-5/data-0/containers/hdds
2021-11-15 10:00:40,861 [Listener at 127.0.0.1/43215] INFO  volume.MutableVolumeSet (MutableVolumeSet.java:initializeVolumeSet(168)) - Added Volume : /home/runner/work/ozone/ozone/hadoop-ozone/integration-test/target/test-dir/MiniOzoneClusterImpl-b6bde346-cb55-4fad-bd7f-e1da966a93e7/datanode-5/data/ratis to VolumeSet
2021-11-15 10:00:40,861 [Listener at 127.0.0.1/43215] INFO  volume.ThrottledAsyncChecker (ThrottledAsyncChecker.java:schedule(141)) - Scheduling a check for /home/runner/work/ozone/ozone/hadoop-ozone/integration-test/target/test-dir/MiniOzoneClusterImpl-b6bde346-cb55-4fad-bd7f-e1da966a93e7/datanode-5/data/ratis
2021-11-15 10:00:40,862 [Listener at 127.0.0.1/43215] INFO  volume.StorageVolumeChecker (StorageVolumeChecker.java:checkAllVolumes(202)) - Scheduled health check for volume /home/runner/work/ozone/ozone/hadoop-ozone/integration-test/target/test-dir/MiniOzoneClusterImpl-b6bde346-cb55-4fad-bd7f-e1da966a93e7/datanode-5/data/ratis
2021-11-15 10:00:40,877 [Thread-191] INFO  ozoneimpl.ContainerReader (ContainerReader.java:readVolume(172)) - Finish verifying containers on volume /home/runner/work/ozone/ozone/hadoop-ozone/integration-test/target/test-dir/MiniOzoneClusterImpl-b6bde346-cb55-4fad-bd7f-e1da966a93e7/datanode-5/data-0/containers/hdds
2021-11-15 10:00:40,877 [Listener at 127.0.0.1/43215] INFO  ozoneimpl.OzoneContainer (OzoneContainer.java:buildContainerSet(236)) - Build ContainerSet costs 0s
2021-11-15 10:00:40,880 [Listener at 127.0.0.1/43215] INFO  server.RaftServer (ConfUtils.java:logGet(44)) - raft.rpc.type = GRPC (default)
2021-11-15 10:00:40,880 [Listener at 127.0.0.1/43215] INFO  grpc.GrpcFactory (GrpcFactory.java:checkPooledByteBufAllocatorUseCacheForAllThreads(48)) - PERFORMANCE WARNING: useCacheForAllThreads is true that may cause Netty to create a lot garbage objects and, as a result, trigger GC.
	It is recommended to disable useCacheForAllThreads by setting -Dorg.apache.ratis.thirdparty.io.netty.allocator.useCacheForAllThreads=false in command line.
2021-11-15 10:00:40,881 [Listener at 127.0.0.1/43215] INFO  grpc.GrpcConfigKeys (ConfUtils.java:logGet(44)) - raft.grpc.admin.port = 0 (custom)
2021-11-15 10:00:40,881 [Listener at 127.0.0.1/43215] INFO  grpc.GrpcConfigKeys (ConfUtils.java:logGet(44)) - raft.grpc.client.port = 0 (custom)
2021-11-15 10:00:40,881 [Listener at 127.0.0.1/43215] INFO  grpc.GrpcConfigKeys (ConfUtils.java:logGet(44)) - raft.grpc.server.port = 0 (default)
2021-11-15 10:00:40,881 [Listener at 127.0.0.1/43215] INFO  server.GrpcService (ConfUtils.java:logGet(44)) - raft.grpc.message.size.max = 32MB (=33554432) (custom)
2021-11-15 10:00:40,881 [Listener at 127.0.0.1/43215] INFO  server.RaftServerConfigKeys (ConfUtils.java:logGet(44)) - raft.server.log.appender.buffer.byte-limit = 33554432 (custom)
2021-11-15 10:00:40,881 [Listener at 127.0.0.1/43215] INFO  server.GrpcService (ConfUtils.java:logGet(44)) - raft.grpc.flow.control.window = 5MB (=5242880) (custom)
2021-11-15 10:00:40,881 [Listener at 127.0.0.1/43215] INFO  server.RaftServerConfigKeys (ConfUtils.java:logGet(44)) - raft.server.rpc.request.timeout = 3000ms (default)
2021-11-15 10:00:40,882 [Listener at 127.0.0.1/43215] INFO  impl.DataStreamServerImpl (ConfUtils.java:logGet(44)) - raft.datastream.type = DISABLED (default)
2021-11-15 10:00:40,882 [Listener at 127.0.0.1/43215] INFO  server.RaftServerConfigKeys (ConfUtils.java:logGet(44)) - raft.server.rpc.slowness.timeout = 300000ms (custom)
2021-11-15 10:00:40,883 [Listener at 127.0.0.1/43215] INFO  server.RaftServerConfigKeys (ConfUtils.java:logGet(44)) - raft.server.leaderelection.leader.step-down.wait-time = 10s (default)
2021-11-15 10:00:40,883 [Listener at 127.0.0.1/43215] INFO  server.RaftServerConfigKeys (ConfUtils.java:logGet(44)) - raft.server.storage.dir = [/home/runner/work/ozone/ozone/hadoop-ozone/integration-test/target/test-dir/MiniOzoneClusterImpl-b6bde346-cb55-4fad-bd7f-e1da966a93e7/datanode-5/data/ratis] (custom)
2021-11-15 10:00:40,886 [Listener at 127.0.0.1/43215] INFO  http.BaseHttpServer (BaseHttpServer.java:newHttpServer2BuilderForOzone(209)) - Starting Web-server for hddsDatanode at: http://0.0.0.0:0
2021-11-15 10:00:40,887 [Listener at 127.0.0.1/43215] INFO  http.BaseHttpServer (BaseHttpServer.java:<init>(107)) - Hadoop Security Enabled: false Ozone Security Enabled: false Ozone HTTP Security Enabled: false 
2021-11-15 10:00:40,888 [Listener at 127.0.0.1/43215] INFO  server.AuthenticationFilter (AuthenticationFilter.java:constructSecretProvider(240)) - Unable to initialize FileSignerSecretProvider, falling back to use random secrets.
2021-11-15 10:00:40,890 [Listener at 127.0.0.1/43215] WARN  http.HttpRequestLog (HttpRequestLog.java:getRequestLog(103)) - Jetty request log can only be enabled using Log4j
2021-11-15 10:00:40,891 [Listener at 127.0.0.1/43215] INFO  http.HttpServer2 (HttpServer2.java:addGlobalFilter(1030)) - Added global filter 'safety' (class=org.apache.hadoop.hdds.server.http.HttpServer2$QuotingInputFilter)
2021-11-15 10:00:40,892 [Listener at 127.0.0.1/43215] INFO  http.HttpServer2 (HttpServer2.java:addFilter(1006)) - Added filter static_user_filter (class=org.apache.hadoop.http.lib.StaticUserWebFilter$StaticUserFilter) to context hddsDatanode
2021-11-15 10:00:40,893 [Listener at 127.0.0.1/43215] INFO  http.HttpServer2 (HttpServer2.java:addFilter(1014)) - Added filter static_user_filter (class=org.apache.hadoop.http.lib.StaticUserWebFilter$StaticUserFilter) to context logs
2021-11-15 10:00:40,893 [Listener at 127.0.0.1/43215] INFO  http.HttpServer2 (HttpServer2.java:addFilter(1014)) - Added filter static_user_filter (class=org.apache.hadoop.http.lib.StaticUserWebFilter$StaticUserFilter) to context static
2021-11-15 10:00:40,893 [Listener at 127.0.0.1/43215] INFO  http.HttpServer2 (HttpServer2.java:bindListener(1249)) - Jetty bound to port 33381
2021-11-15 10:00:40,893 [Listener at 127.0.0.1/43215] INFO  server.Server (Server.java:doStart(375)) - jetty-9.4.43.v20210629; built: 2021-06-30T11:07:22.254Z; git: 526006ecfa3af7f1a27ef3a288e2bef7ea9dd7e8; jvm 1.8.0_292-b10
2021-11-15 10:00:40,902 [Listener at 127.0.0.1/43215] INFO  server.session (DefaultSessionIdManager.java:doStart(334)) - DefaultSessionIdManager workerName=node0
2021-11-15 10:00:40,903 [Listener at 127.0.0.1/43215] INFO  server.session (DefaultSessionIdManager.java:doStart(339)) - No SessionScavenger set, using defaults
2021-11-15 10:00:40,903 [Listener at 127.0.0.1/43215] INFO  server.session (HouseKeeper.java:startScavenging(132)) - node0 Scavenging every 600000ms
2021-11-15 10:00:40,903 [Listener at 127.0.0.1/43215] INFO  handler.ContextHandler (ContextHandler.java:doStart(915)) - Started o.e.j.s.ServletContextHandler@3ec1f491{logs,/logs,file:///home/runner/work/ozone/ozone/hadoop-ozone/integration-test/target/log,AVAILABLE}
2021-11-15 10:00:40,904 [Listener at 127.0.0.1/43215] INFO  handler.ContextHandler (ContextHandler.java:doStart(915)) - Started o.e.j.s.ServletContextHandler@39729db0{static,/static,jar:file:/home/runner/.m2/repository/org/apache/ozone/hdds-container-service/1.2.0-SNAPSHOT/hdds-container-service-1.2.0-SNAPSHOT.jar!/webapps/static,AVAILABLE}
2021-11-15 10:00:40,948 [Listener at 127.0.0.1/43215] INFO  handler.ContextHandler (ContextHandler.java:doStart(915)) - Started o.e.j.w.WebAppContext@a5b52f9{hddsDatanode,/,file:///tmp/jetty-0_0_0_0-33381-hdds-container-service-1_2_0-SNAPSHOT_jar-_-any-4272559636098094100/webapp/,AVAILABLE}{jar:file:/home/runner/.m2/repository/org/apache/ozone/hdds-container-service/1.2.0-SNAPSHOT/hdds-container-service-1.2.0-SNAPSHOT.jar!/webapps/hddsDatanode}
2021-11-15 10:00:40,949 [Listener at 127.0.0.1/43215] INFO  server.AbstractConnector (AbstractConnector.java:doStart(331)) - Started ServerConnector@379d2a09{HTTP/1.1, (http/1.1)}{0.0.0.0:33381}
2021-11-15 10:00:40,949 [Listener at 127.0.0.1/43215] INFO  server.Server (Server.java:doStart(415)) - Started @8258ms
2021-11-15 10:00:40,949 [Listener at 127.0.0.1/43215] WARN  impl.MetricsSystemImpl (MetricsSystemImpl.java:register(279)) - Sink prometheus already exists!
2021-11-15 10:00:40,950 [Listener at 127.0.0.1/43215] INFO  http.BaseHttpServer (BaseHttpServer.java:updateConnectorAddress(329)) - HTTP server of hddsDatanode listening at http://0.0.0.0:33381
2021-11-15 10:00:40,950 [Listener at 127.0.0.1/43215] WARN  impl.MetricRegistriesImpl (MetricRegistriesImpl.java:addReporterRegistration(111)) - New reporters are added after registries were created. Some metrics will be missing from the reporter. Please add reporter before adding any new registry.
2021-11-15 10:00:40,950 [Listener at 127.0.0.1/43215] WARN  impl.MetricRegistriesImpl (MetricRegistriesImpl.java:addReporterRegistration(111)) - New reporters are added after registries were created. Some metrics will be missing from the reporter. Please add reporter before adding any new registry.
2021-11-15 10:00:40,951 [Listener at 127.0.0.1/43215] INFO  impl.MetricsSystemImpl (MetricsSystemImpl.java:init(158)) - HddsDatanode metrics system started (again)
2021-11-15 10:00:40,963 [Datanode State Machine Daemon Thread] INFO  statemachine.DatanodeStateMachine (DatanodeStateMachine.java:lambda$startDaemon$0(467)) - Ozone container server started.
2021-11-15 10:00:40,966 [Listener at 127.0.0.1/43215] INFO  ozone.HddsDatanodeService (HddsDatanodeService.java:start(234)) - HddsDatanodeService host:fv-az12-743.exdb2aeach2ezidoxz41lk3bwg.cx.internal.cloudapp.net ip:10.1.0.56
2021-11-15 10:00:40,980 [org.apache.hadoop.util.JvmPauseMonitor$Monitor@13da3d21] INFO  util.JvmPauseMonitor (JvmPauseMonitor.java:run(188)) - Starting JVM pause monitor
2021-11-15 10:00:40,984 [Datanode State Machine Task Thread - 0] INFO  datanode.InitDatanodeState (InitDatanodeState.java:persistContainerDatanodeDetails(145)) - DatanodeDetails is persisted to /home/runner/work/ozone/ozone/hadoop-ozone/integration-test/target/test-dir/MiniOzoneClusterImpl-b6bde346-cb55-4fad-bd7f-e1da966a93e7/datanode-5/meta/datanode.id
2021-11-15 10:00:41,002 [Listener at 127.0.0.1/43215] INFO  upgrade.AbstractLayoutVersionManager (AbstractLayoutVersionManager.java:init(79)) - Initializing Layout version manager with metadata layout = SCM_HA (version = 2), software layout = SCM_HA (version = 2)
2021-11-15 10:00:41,041 [Listener at 127.0.0.1/43215] INFO  reflections.Reflections (Reflections.java:scan(232)) - Reflections took 36 ms to scan 7 urls, producing 119 keys and 279 values 
2021-11-15 10:00:41,044 [Listener at 127.0.0.1/43215] INFO  statemachine.DatanodeStateMachine (DatanodeStateMachine.java:getEndPointTaskThreadPoolSize(219)) - Datanode State Machine Task Thread Pool size 2
2021-11-15 10:00:41,049 [Listener at 127.0.0.1/43215] INFO  volume.HddsVolume (HddsVolume.java:<init>(120)) - Creating HddsVolume: /home/runner/work/ozone/ozone/hadoop-ozone/integration-test/target/test-dir/MiniOzoneClusterImpl-b6bde346-cb55-4fad-bd7f-e1da966a93e7/datanode-6/data-0/containers/hdds of storage type : DISK capacity : 9223372036854775807
2021-11-15 10:00:41,049 [Listener at 127.0.0.1/43215] INFO  volume.MutableVolumeSet (MutableVolumeSet.java:initializeVolumeSet(168)) - Added Volume : /home/runner/work/ozone/ozone/hadoop-ozone/integration-test/target/test-dir/MiniOzoneClusterImpl-b6bde346-cb55-4fad-bd7f-e1da966a93e7/datanode-6/data-0/containers/hdds to VolumeSet
2021-11-15 10:00:41,050 [Listener at 127.0.0.1/43215] INFO  volume.ThrottledAsyncChecker (ThrottledAsyncChecker.java:schedule(141)) - Scheduling a check for /home/runner/work/ozone/ozone/hadoop-ozone/integration-test/target/test-dir/MiniOzoneClusterImpl-b6bde346-cb55-4fad-bd7f-e1da966a93e7/datanode-6/data-0/containers/hdds
2021-11-15 10:00:41,055 [Listener at 127.0.0.1/43215] INFO  volume.StorageVolumeChecker (StorageVolumeChecker.java:checkAllVolumes(202)) - Scheduled health check for volume /home/runner/work/ozone/ozone/hadoop-ozone/integration-test/target/test-dir/MiniOzoneClusterImpl-b6bde346-cb55-4fad-bd7f-e1da966a93e7/datanode-6/data-0/containers/hdds
2021-11-15 10:00:41,069 [Listener at 127.0.0.1/43215] INFO  volume.MutableVolumeSet (MutableVolumeSet.java:initializeVolumeSet(168)) - Added Volume : /home/runner/work/ozone/ozone/hadoop-ozone/integration-test/target/test-dir/MiniOzoneClusterImpl-b6bde346-cb55-4fad-bd7f-e1da966a93e7/datanode-6/data/ratis to VolumeSet
2021-11-15 10:00:41,069 [Listener at 127.0.0.1/43215] INFO  volume.ThrottledAsyncChecker (ThrottledAsyncChecker.java:schedule(141)) - Scheduling a check for /home/runner/work/ozone/ozone/hadoop-ozone/integration-test/target/test-dir/MiniOzoneClusterImpl-b6bde346-cb55-4fad-bd7f-e1da966a93e7/datanode-6/data/ratis
2021-11-15 10:00:41,070 [Listener at 127.0.0.1/43215] INFO  volume.StorageVolumeChecker (StorageVolumeChecker.java:checkAllVolumes(202)) - Scheduled health check for volume /home/runner/work/ozone/ozone/hadoop-ozone/integration-test/target/test-dir/MiniOzoneClusterImpl-b6bde346-cb55-4fad-bd7f-e1da966a93e7/datanode-6/data/ratis
2021-11-15 10:00:41,085 [Thread-203] INFO  ozoneimpl.ContainerReader (ContainerReader.java:readVolume(172)) - Finish verifying containers on volume /home/runner/work/ozone/ozone/hadoop-ozone/integration-test/target/test-dir/MiniOzoneClusterImpl-b6bde346-cb55-4fad-bd7f-e1da966a93e7/datanode-6/data-0/containers/hdds
2021-11-15 10:00:41,086 [Listener at 127.0.0.1/43215] INFO  ozoneimpl.OzoneContainer (OzoneContainer.java:buildContainerSet(236)) - Build ContainerSet costs 0s
2021-11-15 10:00:41,088 [Listener at 127.0.0.1/43215] INFO  server.RaftServer (ConfUtils.java:logGet(44)) - raft.rpc.type = GRPC (default)
2021-11-15 10:00:41,089 [Listener at 127.0.0.1/43215] INFO  grpc.GrpcFactory (GrpcFactory.java:checkPooledByteBufAllocatorUseCacheForAllThreads(48)) - PERFORMANCE WARNING: useCacheForAllThreads is true that may cause Netty to create a lot garbage objects and, as a result, trigger GC.
	It is recommended to disable useCacheForAllThreads by setting -Dorg.apache.ratis.thirdparty.io.netty.allocator.useCacheForAllThreads=false in command line.
2021-11-15 10:00:41,089 [Listener at 127.0.0.1/43215] INFO  grpc.GrpcConfigKeys (ConfUtils.java:logGet(44)) - raft.grpc.admin.port = 0 (custom)
2021-11-15 10:00:41,089 [Listener at 127.0.0.1/43215] INFO  grpc.GrpcConfigKeys (ConfUtils.java:logGet(44)) - raft.grpc.client.port = 0 (custom)
2021-11-15 10:00:41,089 [Listener at 127.0.0.1/43215] INFO  grpc.GrpcConfigKeys (ConfUtils.java:logGet(44)) - raft.grpc.server.port = 0 (default)
2021-11-15 10:00:41,089 [Listener at 127.0.0.1/43215] INFO  server.GrpcService (ConfUtils.java:logGet(44)) - raft.grpc.message.size.max = 32MB (=33554432) (custom)
2021-11-15 10:00:41,089 [Listener at 127.0.0.1/43215] INFO  server.RaftServerConfigKeys (ConfUtils.java:logGet(44)) - raft.server.log.appender.buffer.byte-limit = 33554432 (custom)
2021-11-15 10:00:41,089 [Listener at 127.0.0.1/43215] INFO  server.GrpcService (ConfUtils.java:logGet(44)) - raft.grpc.flow.control.window = 5MB (=5242880) (custom)
2021-11-15 10:00:41,089 [Listener at 127.0.0.1/43215] INFO  server.RaftServerConfigKeys (ConfUtils.java:logGet(44)) - raft.server.rpc.request.timeout = 3000ms (default)
2021-11-15 10:00:41,090 [Listener at 127.0.0.1/43215] INFO  impl.DataStreamServerImpl (ConfUtils.java:logGet(44)) - raft.datastream.type = DISABLED (default)
2021-11-15 10:00:41,090 [Listener at 127.0.0.1/43215] INFO  server.RaftServerConfigKeys (ConfUtils.java:logGet(44)) - raft.server.rpc.slowness.timeout = 300000ms (custom)
2021-11-15 10:00:41,090 [Listener at 127.0.0.1/43215] INFO  server.RaftServerConfigKeys (ConfUtils.java:logGet(44)) - raft.server.leaderelection.leader.step-down.wait-time = 10s (default)
2021-11-15 10:00:41,091 [Listener at 127.0.0.1/43215] INFO  server.RaftServerConfigKeys (ConfUtils.java:logGet(44)) - raft.server.storage.dir = [/home/runner/work/ozone/ozone/hadoop-ozone/integration-test/target/test-dir/MiniOzoneClusterImpl-b6bde346-cb55-4fad-bd7f-e1da966a93e7/datanode-6/data/ratis] (custom)
2021-11-15 10:00:41,097 [Listener at 127.0.0.1/43215] INFO  http.BaseHttpServer (BaseHttpServer.java:newHttpServer2BuilderForOzone(209)) - Starting Web-server for hddsDatanode at: http://0.0.0.0:0
2021-11-15 10:00:41,097 [Listener at 127.0.0.1/43215] INFO  http.BaseHttpServer (BaseHttpServer.java:<init>(107)) - Hadoop Security Enabled: false Ozone Security Enabled: false Ozone HTTP Security Enabled: false 
2021-11-15 10:00:41,098 [Listener at 127.0.0.1/43215] INFO  server.AuthenticationFilter (AuthenticationFilter.java:constructSecretProvider(240)) - Unable to initialize FileSignerSecretProvider, falling back to use random secrets.
2021-11-15 10:00:41,099 [Listener at 127.0.0.1/43215] WARN  http.HttpRequestLog (HttpRequestLog.java:getRequestLog(103)) - Jetty request log can only be enabled using Log4j
2021-11-15 10:00:41,099 [Listener at 127.0.0.1/43215] INFO  http.HttpServer2 (HttpServer2.java:addGlobalFilter(1030)) - Added global filter 'safety' (class=org.apache.hadoop.hdds.server.http.HttpServer2$QuotingInputFilter)
2021-11-15 10:00:41,100 [Listener at 127.0.0.1/43215] INFO  http.HttpServer2 (HttpServer2.java:addFilter(1006)) - Added filter static_user_filter (class=org.apache.hadoop.http.lib.StaticUserWebFilter$StaticUserFilter) to context hddsDatanode
2021-11-15 10:00:41,100 [Listener at 127.0.0.1/43215] INFO  http.HttpServer2 (HttpServer2.java:addFilter(1014)) - Added filter static_user_filter (class=org.apache.hadoop.http.lib.StaticUserWebFilter$StaticUserFilter) to context logs
2021-11-15 10:00:41,100 [Listener at 127.0.0.1/43215] INFO  http.HttpServer2 (HttpServer2.java:addFilter(1014)) - Added filter static_user_filter (class=org.apache.hadoop.http.lib.StaticUserWebFilter$StaticUserFilter) to context static
2021-11-15 10:00:41,104 [Listener at 127.0.0.1/43215] INFO  http.HttpServer2 (HttpServer2.java:bindListener(1249)) - Jetty bound to port 35239
2021-11-15 10:00:41,104 [Listener at 127.0.0.1/43215] INFO  server.Server (Server.java:doStart(375)) - jetty-9.4.43.v20210629; built: 2021-06-30T11:07:22.254Z; git: 526006ecfa3af7f1a27ef3a288e2bef7ea9dd7e8; jvm 1.8.0_292-b10
2021-11-15 10:00:41,106 [Listener at 127.0.0.1/43215] INFO  server.session (DefaultSessionIdManager.java:doStart(334)) - DefaultSessionIdManager workerName=node0
2021-11-15 10:00:41,106 [Listener at 127.0.0.1/43215] INFO  server.session (DefaultSessionIdManager.java:doStart(339)) - No SessionScavenger set, using defaults
2021-11-15 10:00:41,106 [Listener at 127.0.0.1/43215] INFO  server.session (HouseKeeper.java:startScavenging(132)) - node0 Scavenging every 660000ms
2021-11-15 10:00:41,107 [Listener at 127.0.0.1/43215] INFO  handler.ContextHandler (ContextHandler.java:doStart(915)) - Started o.e.j.s.ServletContextHandler@177b0ca9{logs,/logs,file:///home/runner/work/ozone/ozone/hadoop-ozone/integration-test/target/log,AVAILABLE}
2021-11-15 10:00:41,107 [Listener at 127.0.0.1/43215] INFO  handler.ContextHandler (ContextHandler.java:doStart(915)) - Started o.e.j.s.ServletContextHandler@110ddda7{static,/static,jar:file:/home/runner/.m2/repository/org/apache/ozone/hdds-container-service/1.2.0-SNAPSHOT/hdds-container-service-1.2.0-SNAPSHOT.jar!/webapps/static,AVAILABLE}
2021-11-15 10:00:41,154 [Listener at 127.0.0.1/43215] INFO  handler.ContextHandler (ContextHandler.java:doStart(915)) - Started o.e.j.w.WebAppContext@33b3fee3{hddsDatanode,/,file:///tmp/jetty-0_0_0_0-35239-hdds-container-service-1_2_0-SNAPSHOT_jar-_-any-7198150784147288031/webapp/,AVAILABLE}{jar:file:/home/runner/.m2/repository/org/apache/ozone/hdds-container-service/1.2.0-SNAPSHOT/hdds-container-service-1.2.0-SNAPSHOT.jar!/webapps/hddsDatanode}
2021-11-15 10:00:41,156 [Listener at 127.0.0.1/43215] INFO  server.AbstractConnector (AbstractConnector.java:doStart(331)) - Started ServerConnector@61542024{HTTP/1.1, (http/1.1)}{0.0.0.0:35239}
2021-11-15 10:00:41,156 [Listener at 127.0.0.1/43215] INFO  server.Server (Server.java:doStart(415)) - Started @8465ms
2021-11-15 10:00:41,156 [Listener at 127.0.0.1/43215] WARN  impl.MetricsSystemImpl (MetricsSystemImpl.java:register(279)) - Sink prometheus already exists!
2021-11-15 10:00:41,157 [Listener at 127.0.0.1/43215] INFO  http.BaseHttpServer (BaseHttpServer.java:updateConnectorAddress(329)) - HTTP server of hddsDatanode listening at http://0.0.0.0:35239
2021-11-15 10:00:41,158 [Listener at 127.0.0.1/43215] INFO  ozone.MiniOzoneClusterImpl (MiniOzoneClusterImpl.java:lambda$waitForClusterToBeReady$0(235)) - Waiting for nodes to be ready. Got 0 of 7 DN Heartbeats.
2021-11-15 10:00:41,158 [Listener at 127.0.0.1/43215] INFO  ozone.MiniOzoneClusterImpl (MiniOzoneClusterImpl.java:lambda$waitForClusterToBeReady$0(238)) - Waiting for cluster to exit safe mode
2021-11-15 10:00:41,158 [Listener at 127.0.0.1/43215] INFO  ozone.MiniOzoneClusterImpl (MiniOzoneClusterImpl.java:lambda$waitForClusterToBeReady$0(240)) - SCM became leader
2021-11-15 10:00:41,159 [Datanode State Machine Daemon Thread] INFO  statemachine.DatanodeStateMachine (DatanodeStateMachine.java:lambda$startDaemon$0(467)) - Ozone container server started.
2021-11-15 10:00:41,171 [org.apache.hadoop.util.JvmPauseMonitor$Monitor@281f4a5] INFO  util.JvmPauseMonitor (JvmPauseMonitor.java:run(188)) - Starting JVM pause monitor
2021-11-15 10:00:41,174 [Datanode State Machine Task Thread - 0] INFO  datanode.InitDatanodeState (InitDatanodeState.java:persistContainerDatanodeDetails(145)) - DatanodeDetails is persisted to /home/runner/work/ozone/ozone/hadoop-ozone/integration-test/target/test-dir/MiniOzoneClusterImpl-b6bde346-cb55-4fad-bd7f-e1da966a93e7/datanode-6/meta/datanode.id
2021-11-15 10:00:41,525 [EndpointStateMachine task thread for /0.0.0.0:37589 - 0 ] INFO  ozoneimpl.OzoneContainer (OzoneContainer.java:start(304)) - Attempting to start container services.
2021-11-15 10:00:41,527 [EndpointStateMachine task thread for /0.0.0.0:37589 - 0 ] INFO  ozoneimpl.OzoneContainer (OzoneContainer.java:startContainerScrub(249)) - Background container scanner has been disabled.
2021-11-15 10:00:41,529 [EndpointStateMachine task thread for /0.0.0.0:37589 - 0 ] INFO  replication.ReplicationServer (ReplicationServer.java:start(107)) - ReplicationServer is started using port 35699
2021-11-15 10:00:41,531 [EndpointStateMachine task thread for /0.0.0.0:37589 - 0 ] INFO  ratis.XceiverServerRatis (XceiverServerRatis.java:start(484)) - Starting XceiverServerRatis 5120cc87-b9ff-4d81-8e4f-818f73dade45
2021-11-15 10:00:41,532 [EndpointStateMachine task thread for /0.0.0.0:37589 - 0 ] INFO  server.RaftServer (RaftServerProxy.java:lambda$start$5(374)) - 5120cc87-b9ff-4d81-8e4f-818f73dade45: start RPC server
2021-11-15 10:00:41,533 [EndpointStateMachine task thread for /0.0.0.0:37589 - 0 ] INFO  server.GrpcService (GrpcService.java:startImpl(253)) - 5120cc87-b9ff-4d81-8e4f-818f73dade45: GrpcService started, listening on 39907
2021-11-15 10:00:41,534 [EndpointStateMachine task thread for /0.0.0.0:37589 - 0 ] INFO  ratis.XceiverServerRatis (XceiverServerRatis.java:getRealPort(505)) - XceiverServerRatis 5120cc87-b9ff-4d81-8e4f-818f73dade45 is started using port 39907 for RATIS
2021-11-15 10:00:41,534 [EndpointStateMachine task thread for /0.0.0.0:37589 - 0 ] INFO  ratis.XceiverServerRatis (XceiverServerRatis.java:getRealPort(505)) - XceiverServerRatis 5120cc87-b9ff-4d81-8e4f-818f73dade45 is started using port 39907 for RATIS_ADMIN
2021-11-15 10:00:41,534 [EndpointStateMachine task thread for /0.0.0.0:37589 - 0 ] INFO  ratis.XceiverServerRatis (XceiverServerRatis.java:getRealPort(505)) - XceiverServerRatis 5120cc87-b9ff-4d81-8e4f-818f73dade45 is started using port 39907 for RATIS_SERVER
2021-11-15 10:00:41,534 [org.apache.ratis.util.JvmPauseMonitor$$Lambda$532/1515984292@5674ddb1] INFO  util.JvmPauseMonitor (JvmPauseMonitor.java:run(103)) - JvmPauseMonitor-5120cc87-b9ff-4d81-8e4f-818f73dade45: Started
2021-11-15 10:00:41,535 [EndpointStateMachine task thread for /0.0.0.0:37589 - 0 ] INFO  server.XceiverServerGrpc (XceiverServerGrpc.java:start(135)) - XceiverServerGrpc 5120cc87-b9ff-4d81-8e4f-818f73dade45 is started using port 46197
2021-11-15 10:00:41,821 [EndpointStateMachine task thread for /0.0.0.0:37589 - 0 ] INFO  ozoneimpl.OzoneContainer (OzoneContainer.java:start(304)) - Attempting to start container services.
2021-11-15 10:00:41,821 [EndpointStateMachine task thread for /0.0.0.0:37589 - 0 ] INFO  ozoneimpl.OzoneContainer (OzoneContainer.java:startContainerScrub(249)) - Background container scanner has been disabled.
2021-11-15 10:00:41,822 [EndpointStateMachine task thread for /0.0.0.0:37589 - 0 ] INFO  replication.ReplicationServer (ReplicationServer.java:start(107)) - ReplicationServer is started using port 43917
2021-11-15 10:00:41,823 [EndpointStateMachine task thread for /0.0.0.0:37589 - 0 ] INFO  ratis.XceiverServerRatis (XceiverServerRatis.java:start(484)) - Starting XceiverServerRatis a5208437-b67a-4a59-91c1-79d4e747a9e2
2021-11-15 10:00:41,830 [EndpointStateMachine task thread for /0.0.0.0:37589 - 0 ] INFO  server.RaftServer (RaftServerProxy.java:lambda$start$5(374)) - a5208437-b67a-4a59-91c1-79d4e747a9e2: start RPC server
2021-11-15 10:00:41,832 [EndpointStateMachine task thread for /0.0.0.0:37589 - 0 ] INFO  server.GrpcService (GrpcService.java:startImpl(253)) - a5208437-b67a-4a59-91c1-79d4e747a9e2: GrpcService started, listening on 41529
2021-11-15 10:00:41,832 [EndpointStateMachine task thread for /0.0.0.0:37589 - 0 ] INFO  ratis.XceiverServerRatis (XceiverServerRatis.java:getRealPort(505)) - XceiverServerRatis a5208437-b67a-4a59-91c1-79d4e747a9e2 is started using port 41529 for RATIS
2021-11-15 10:00:41,832 [EndpointStateMachine task thread for /0.0.0.0:37589 - 0 ] INFO  ratis.XceiverServerRatis (XceiverServerRatis.java:getRealPort(505)) - XceiverServerRatis a5208437-b67a-4a59-91c1-79d4e747a9e2 is started using port 41529 for RATIS_ADMIN
2021-11-15 10:00:41,832 [EndpointStateMachine task thread for /0.0.0.0:37589 - 0 ] INFO  ratis.XceiverServerRatis (XceiverServerRatis.java:getRealPort(505)) - XceiverServerRatis a5208437-b67a-4a59-91c1-79d4e747a9e2 is started using port 41529 for RATIS_SERVER
2021-11-15 10:00:41,832 [org.apache.ratis.util.JvmPauseMonitor$$Lambda$532/1515984292@7cbcb2a2] INFO  util.JvmPauseMonitor (JvmPauseMonitor.java:run(103)) - JvmPauseMonitor-a5208437-b67a-4a59-91c1-79d4e747a9e2: Started
2021-11-15 10:00:41,833 [EndpointStateMachine task thread for /0.0.0.0:37589 - 0 ] INFO  server.XceiverServerGrpc (XceiverServerGrpc.java:start(135)) - XceiverServerGrpc a5208437-b67a-4a59-91c1-79d4e747a9e2 is started using port 36855
2021-11-15 10:00:42,159 [Listener at 127.0.0.1/43215] INFO  ozone.MiniOzoneClusterImpl (MiniOzoneClusterImpl.java:lambda$waitForClusterToBeReady$0(235)) - Waiting for nodes to be ready. Got 0 of 7 DN Heartbeats.
2021-11-15 10:00:42,159 [Listener at 127.0.0.1/43215] INFO  ozone.MiniOzoneClusterImpl (MiniOzoneClusterImpl.java:lambda$waitForClusterToBeReady$0(238)) - Waiting for cluster to exit safe mode
2021-11-15 10:00:42,159 [Listener at 127.0.0.1/43215] INFO  ozone.MiniOzoneClusterImpl (MiniOzoneClusterImpl.java:lambda$waitForClusterToBeReady$0(240)) - SCM became leader
2021-11-15 10:00:42,356 [EndpointStateMachine task thread for /0.0.0.0:37589 - 0 ] INFO  ozoneimpl.OzoneContainer (OzoneContainer.java:start(304)) - Attempting to start container services.
2021-11-15 10:00:42,357 [EndpointStateMachine task thread for /0.0.0.0:37589 - 0 ] INFO  ozoneimpl.OzoneContainer (OzoneContainer.java:startContainerScrub(249)) - Background container scanner has been disabled.
2021-11-15 10:00:42,358 [EndpointStateMachine task thread for /0.0.0.0:37589 - 0 ] INFO  replication.ReplicationServer (ReplicationServer.java:start(107)) - ReplicationServer is started using port 36515
2021-11-15 10:00:42,358 [EndpointStateMachine task thread for /0.0.0.0:37589 - 0 ] INFO  ratis.XceiverServerRatis (XceiverServerRatis.java:start(484)) - Starting XceiverServerRatis 003b3e8b-8375-416f-b9b0-c8bdf761ffc2
2021-11-15 10:00:42,359 [EndpointStateMachine task thread for /0.0.0.0:37589 - 0 ] INFO  server.RaftServer (RaftServerProxy.java:lambda$start$5(374)) - 003b3e8b-8375-416f-b9b0-c8bdf761ffc2: start RPC server
2021-11-15 10:00:42,360 [EndpointStateMachine task thread for /0.0.0.0:37589 - 0 ] INFO  server.GrpcService (GrpcService.java:startImpl(253)) - 003b3e8b-8375-416f-b9b0-c8bdf761ffc2: GrpcService started, listening on 44495
2021-11-15 10:00:42,360 [EndpointStateMachine task thread for /0.0.0.0:37589 - 0 ] INFO  ratis.XceiverServerRatis (XceiverServerRatis.java:getRealPort(505)) - XceiverServerRatis 003b3e8b-8375-416f-b9b0-c8bdf761ffc2 is started using port 44495 for RATIS
2021-11-15 10:00:42,360 [EndpointStateMachine task thread for /0.0.0.0:37589 - 0 ] INFO  ratis.XceiverServerRatis (XceiverServerRatis.java:getRealPort(505)) - XceiverServerRatis 003b3e8b-8375-416f-b9b0-c8bdf761ffc2 is started using port 44495 for RATIS_ADMIN
2021-11-15 10:00:42,360 [EndpointStateMachine task thread for /0.0.0.0:37589 - 0 ] INFO  ratis.XceiverServerRatis (XceiverServerRatis.java:getRealPort(505)) - XceiverServerRatis 003b3e8b-8375-416f-b9b0-c8bdf761ffc2 is started using port 44495 for RATIS_SERVER
2021-11-15 10:00:42,361 [EndpointStateMachine task thread for /0.0.0.0:37589 - 0 ] INFO  server.XceiverServerGrpc (XceiverServerGrpc.java:start(135)) - XceiverServerGrpc 003b3e8b-8375-416f-b9b0-c8bdf761ffc2 is started using port 34967
2021-11-15 10:00:42,361 [org.apache.ratis.util.JvmPauseMonitor$$Lambda$532/1515984292@2a189a08] INFO  util.JvmPauseMonitor (JvmPauseMonitor.java:run(103)) - JvmPauseMonitor-003b3e8b-8375-416f-b9b0-c8bdf761ffc2: Started
2021-11-15 10:00:42,604 [EndpointStateMachine task thread for /0.0.0.0:37589 - 0 ] INFO  ozoneimpl.OzoneContainer (OzoneContainer.java:start(304)) - Attempting to start container services.
2021-11-15 10:00:42,604 [EndpointStateMachine task thread for /0.0.0.0:37589 - 0 ] INFO  ozoneimpl.OzoneContainer (OzoneContainer.java:startContainerScrub(249)) - Background container scanner has been disabled.
2021-11-15 10:00:42,606 [EndpointStateMachine task thread for /0.0.0.0:37589 - 0 ] INFO  replication.ReplicationServer (ReplicationServer.java:start(107)) - ReplicationServer is started using port 33713
2021-11-15 10:00:42,606 [EndpointStateMachine task thread for /0.0.0.0:37589 - 0 ] INFO  ratis.XceiverServerRatis (XceiverServerRatis.java:start(484)) - Starting XceiverServerRatis acb9c8cb-4d3e-4a6b-b679-e47efd30f020
2021-11-15 10:00:42,608 [EndpointStateMachine task thread for /0.0.0.0:37589 - 0 ] INFO  server.RaftServer (RaftServerProxy.java:lambda$start$5(374)) - acb9c8cb-4d3e-4a6b-b679-e47efd30f020: start RPC server
2021-11-15 10:00:42,611 [EndpointStateMachine task thread for /0.0.0.0:37589 - 0 ] INFO  server.GrpcService (GrpcService.java:startImpl(253)) - acb9c8cb-4d3e-4a6b-b679-e47efd30f020: GrpcService started, listening on 33205
2021-11-15 10:00:42,612 [EndpointStateMachine task thread for /0.0.0.0:37589 - 0 ] INFO  ratis.XceiverServerRatis (XceiverServerRatis.java:getRealPort(505)) - XceiverServerRatis acb9c8cb-4d3e-4a6b-b679-e47efd30f020 is started using port 33205 for RATIS
2021-11-15 10:00:42,612 [EndpointStateMachine task thread for /0.0.0.0:37589 - 0 ] INFO  ratis.XceiverServerRatis (XceiverServerRatis.java:getRealPort(505)) - XceiverServerRatis acb9c8cb-4d3e-4a6b-b679-e47efd30f020 is started using port 33205 for RATIS_ADMIN
2021-11-15 10:00:42,612 [EndpointStateMachine task thread for /0.0.0.0:37589 - 0 ] INFO  ratis.XceiverServerRatis (XceiverServerRatis.java:getRealPort(505)) - XceiverServerRatis acb9c8cb-4d3e-4a6b-b679-e47efd30f020 is started using port 33205 for RATIS_SERVER
2021-11-15 10:00:42,612 [org.apache.ratis.util.JvmPauseMonitor$$Lambda$532/1515984292@4974d546] INFO  util.JvmPauseMonitor (JvmPauseMonitor.java:run(103)) - JvmPauseMonitor-acb9c8cb-4d3e-4a6b-b679-e47efd30f020: Started
2021-11-15 10:00:42,613 [EndpointStateMachine task thread for /0.0.0.0:37589 - 0 ] INFO  server.XceiverServerGrpc (XceiverServerGrpc.java:start(135)) - XceiverServerGrpc acb9c8cb-4d3e-4a6b-b679-e47efd30f020 is started using port 32975
2021-11-15 10:00:42,777 [EndpointStateMachine task thread for /0.0.0.0:37589 - 0 ] INFO  ozoneimpl.OzoneContainer (OzoneContainer.java:start(304)) - Attempting to start container services.
2021-11-15 10:00:42,777 [EndpointStateMachine task thread for /0.0.0.0:37589 - 0 ] INFO  ozoneimpl.OzoneContainer (OzoneContainer.java:startContainerScrub(249)) - Background container scanner has been disabled.
2021-11-15 10:00:42,778 [EndpointStateMachine task thread for /0.0.0.0:37589 - 0 ] INFO  replication.ReplicationServer (ReplicationServer.java:start(107)) - ReplicationServer is started using port 33971
2021-11-15 10:00:42,779 [EndpointStateMachine task thread for /0.0.0.0:37589 - 0 ] INFO  ratis.XceiverServerRatis (XceiverServerRatis.java:start(484)) - Starting XceiverServerRatis d804d820-4532-49b1-b366-ad6b8b9e72b3
2021-11-15 10:00:42,780 [EndpointStateMachine task thread for /0.0.0.0:37589 - 0 ] INFO  server.RaftServer (RaftServerProxy.java:lambda$start$5(374)) - d804d820-4532-49b1-b366-ad6b8b9e72b3: start RPC server
2021-11-15 10:00:42,782 [EndpointStateMachine task thread for /0.0.0.0:37589 - 0 ] INFO  server.GrpcService (GrpcService.java:startImpl(253)) - d804d820-4532-49b1-b366-ad6b8b9e72b3: GrpcService started, listening on 37399
2021-11-15 10:00:42,782 [EndpointStateMachine task thread for /0.0.0.0:37589 - 0 ] INFO  ratis.XceiverServerRatis (XceiverServerRatis.java:getRealPort(505)) - XceiverServerRatis d804d820-4532-49b1-b366-ad6b8b9e72b3 is started using port 37399 for RATIS
2021-11-15 10:00:42,782 [EndpointStateMachine task thread for /0.0.0.0:37589 - 0 ] INFO  ratis.XceiverServerRatis (XceiverServerRatis.java:getRealPort(505)) - XceiverServerRatis d804d820-4532-49b1-b366-ad6b8b9e72b3 is started using port 37399 for RATIS_ADMIN
2021-11-15 10:00:42,782 [EndpointStateMachine task thread for /0.0.0.0:37589 - 0 ] INFO  ratis.XceiverServerRatis (XceiverServerRatis.java:getRealPort(505)) - XceiverServerRatis d804d820-4532-49b1-b366-ad6b8b9e72b3 is started using port 37399 for RATIS_SERVER
2021-11-15 10:00:42,782 [org.apache.ratis.util.JvmPauseMonitor$$Lambda$532/1515984292@16e72ff4] INFO  util.JvmPauseMonitor (JvmPauseMonitor.java:run(103)) - JvmPauseMonitor-d804d820-4532-49b1-b366-ad6b8b9e72b3: Started
2021-11-15 10:00:42,785 [EndpointStateMachine task thread for /0.0.0.0:37589 - 0 ] INFO  server.XceiverServerGrpc (XceiverServerGrpc.java:start(135)) - XceiverServerGrpc d804d820-4532-49b1-b366-ad6b8b9e72b3 is started using port 35481
2021-11-15 10:00:42,984 [EndpointStateMachine task thread for /0.0.0.0:37589 - 0 ] INFO  ozoneimpl.OzoneContainer (OzoneContainer.java:start(304)) - Attempting to start container services.
2021-11-15 10:00:42,984 [EndpointStateMachine task thread for /0.0.0.0:37589 - 0 ] INFO  ozoneimpl.OzoneContainer (OzoneContainer.java:startContainerScrub(249)) - Background container scanner has been disabled.
2021-11-15 10:00:42,986 [EndpointStateMachine task thread for /0.0.0.0:37589 - 0 ] INFO  replication.ReplicationServer (ReplicationServer.java:start(107)) - ReplicationServer is started using port 39203
2021-11-15 10:00:42,987 [EndpointStateMachine task thread for /0.0.0.0:37589 - 0 ] INFO  ratis.XceiverServerRatis (XceiverServerRatis.java:start(484)) - Starting XceiverServerRatis a90e3e6e-a337-4ecb-a7be-5aa85bd5c784
2021-11-15 10:00:42,990 [EndpointStateMachine task thread for /0.0.0.0:37589 - 0 ] INFO  server.RaftServer (RaftServerProxy.java:lambda$start$5(374)) - a90e3e6e-a337-4ecb-a7be-5aa85bd5c784: start RPC server
2021-11-15 10:00:42,991 [EndpointStateMachine task thread for /0.0.0.0:37589 - 0 ] INFO  server.GrpcService (GrpcService.java:startImpl(253)) - a90e3e6e-a337-4ecb-a7be-5aa85bd5c784: GrpcService started, listening on 44193
2021-11-15 10:00:42,991 [EndpointStateMachine task thread for /0.0.0.0:37589 - 0 ] INFO  ratis.XceiverServerRatis (XceiverServerRatis.java:getRealPort(505)) - XceiverServerRatis a90e3e6e-a337-4ecb-a7be-5aa85bd5c784 is started using port 44193 for RATIS
2021-11-15 10:00:42,991 [EndpointStateMachine task thread for /0.0.0.0:37589 - 0 ] INFO  ratis.XceiverServerRatis (XceiverServerRatis.java:getRealPort(505)) - XceiverServerRatis a90e3e6e-a337-4ecb-a7be-5aa85bd5c784 is started using port 44193 for RATIS_ADMIN
2021-11-15 10:00:42,991 [EndpointStateMachine task thread for /0.0.0.0:37589 - 0 ] INFO  ratis.XceiverServerRatis (XceiverServerRatis.java:getRealPort(505)) - XceiverServerRatis a90e3e6e-a337-4ecb-a7be-5aa85bd5c784 is started using port 44193 for RATIS_SERVER
2021-11-15 10:00:42,991 [org.apache.ratis.util.JvmPauseMonitor$$Lambda$532/1515984292@1334e2d5] INFO  util.JvmPauseMonitor (JvmPauseMonitor.java:run(103)) - JvmPauseMonitor-a90e3e6e-a337-4ecb-a7be-5aa85bd5c784: Started
2021-11-15 10:00:42,992 [EndpointStateMachine task thread for /0.0.0.0:37589 - 0 ] INFO  server.XceiverServerGrpc (XceiverServerGrpc.java:start(135)) - XceiverServerGrpc a90e3e6e-a337-4ecb-a7be-5aa85bd5c784 is started using port 34675
2021-11-15 10:00:43,159 [Listener at 127.0.0.1/43215] INFO  ozone.MiniOzoneClusterImpl (MiniOzoneClusterImpl.java:lambda$waitForClusterToBeReady$0(235)) - Waiting for nodes to be ready. Got 0 of 7 DN Heartbeats.
2021-11-15 10:00:43,160 [Listener at 127.0.0.1/43215] INFO  ozone.MiniOzoneClusterImpl (MiniOzoneClusterImpl.java:lambda$waitForClusterToBeReady$0(238)) - Waiting for cluster to exit safe mode
2021-11-15 10:00:43,160 [Listener at 127.0.0.1/43215] INFO  ozone.MiniOzoneClusterImpl (MiniOzoneClusterImpl.java:lambda$waitForClusterToBeReady$0(240)) - SCM became leader
2021-11-15 10:00:43,175 [EndpointStateMachine task thread for /0.0.0.0:37589 - 0 ] INFO  ozoneimpl.OzoneContainer (OzoneContainer.java:start(304)) - Attempting to start container services.
2021-11-15 10:00:43,176 [EndpointStateMachine task thread for /0.0.0.0:37589 - 0 ] INFO  ozoneimpl.OzoneContainer (OzoneContainer.java:startContainerScrub(249)) - Background container scanner has been disabled.
2021-11-15 10:00:43,179 [EndpointStateMachine task thread for /0.0.0.0:37589 - 0 ] INFO  replication.ReplicationServer (ReplicationServer.java:start(107)) - ReplicationServer is started using port 33657
2021-11-15 10:00:43,180 [EndpointStateMachine task thread for /0.0.0.0:37589 - 0 ] INFO  ratis.XceiverServerRatis (XceiverServerRatis.java:start(484)) - Starting XceiverServerRatis 4ed92f53-76e0-46e3-b547-b2697051b404
2021-11-15 10:00:43,184 [EndpointStateMachine task thread for /0.0.0.0:37589 - 0 ] INFO  server.RaftServer (RaftServerProxy.java:lambda$start$5(374)) - 4ed92f53-76e0-46e3-b547-b2697051b404: start RPC server
2021-11-15 10:00:43,189 [EndpointStateMachine task thread for /0.0.0.0:37589 - 0 ] INFO  server.GrpcService (GrpcService.java:startImpl(253)) - 4ed92f53-76e0-46e3-b547-b2697051b404: GrpcService started, listening on 44699
2021-11-15 10:00:43,189 [EndpointStateMachine task thread for /0.0.0.0:37589 - 0 ] INFO  ratis.XceiverServerRatis (XceiverServerRatis.java:getRealPort(505)) - XceiverServerRatis 4ed92f53-76e0-46e3-b547-b2697051b404 is started using port 44699 for RATIS
2021-11-15 10:00:43,189 [EndpointStateMachine task thread for /0.0.0.0:37589 - 0 ] INFO  ratis.XceiverServerRatis (XceiverServerRatis.java:getRealPort(505)) - XceiverServerRatis 4ed92f53-76e0-46e3-b547-b2697051b404 is started using port 44699 for RATIS_ADMIN
2021-11-15 10:00:43,190 [EndpointStateMachine task thread for /0.0.0.0:37589 - 0 ] INFO  ratis.XceiverServerRatis (XceiverServerRatis.java:getRealPort(505)) - XceiverServerRatis 4ed92f53-76e0-46e3-b547-b2697051b404 is started using port 44699 for RATIS_SERVER
2021-11-15 10:00:43,190 [org.apache.ratis.util.JvmPauseMonitor$$Lambda$532/1515984292@83e20d0] INFO  util.JvmPauseMonitor (JvmPauseMonitor.java:run(103)) - JvmPauseMonitor-4ed92f53-76e0-46e3-b547-b2697051b404: Started
2021-11-15 10:00:43,191 [EndpointStateMachine task thread for /0.0.0.0:37589 - 0 ] INFO  server.XceiverServerGrpc (XceiverServerGrpc.java:start(135)) - XceiverServerGrpc 4ed92f53-76e0-46e3-b547-b2697051b404 is started using port 42749
2021-11-15 10:00:43,499 [IPC Server handler 18 on default port 37589] INFO  net.NetworkTopologyImpl (NetworkTopologyImpl.java:add(112)) - Added a new node: /default-rack/5120cc87-b9ff-4d81-8e4f-818f73dade45
2021-11-15 10:00:43,501 [IPC Server handler 18 on default port 37589] INFO  node.SCMNodeManager (SCMNodeManager.java:register(389)) - Registered Data node : 5120cc87-b9ff-4d81-8e4f-818f73dade45{ip: 10.1.0.56, host: fv-az12-743.exdb2aeach2ezidoxz41lk3bwg.cx.internal.cloudapp.net, ports: [REPLICATION=35699, RATIS=39907, RATIS_ADMIN=39907, RATIS_SERVER=39907, STANDALONE=46197], networkLocation: /default-rack, certSerialId: null, persistedOpState: null, persistedOpStateExpiryEpochSec: 0}
2021-11-15 10:00:43,503 [EventQueue-NewNodeForNewNodeHandler] INFO  pipeline.BackgroundPipelineCreator (BackgroundPipelineCreator.java:notifyEventTriggered(285)) - trigger a one-shot run on RatisPipelineUtilsThread.
2021-11-15 10:00:43,506 [EventQueue-NodeRegistrationContainerReportForDataNodeSafeModeRule] INFO  safemode.SCMSafeModeManager (DataNodeSafeModeRule.java:process(71)) - SCM in safe mode. 1 DataNodes registered, 3 required.
2021-11-15 10:00:43,506 [EventQueue-NodeRegistrationContainerReportForContainerSafeModeRule] INFO  safemode.SCMSafeModeManager (SCMSafeModeManager.java:validateSafeModeExitRules(204)) - ContainerSafeModeRule rule is successfully validated
2021-11-15 10:00:43,509 [EventQueue-PipelineReportForOneReplicaPipelineSafeModeRule] INFO  safemode.SCMSafeModeManager (SCMSafeModeManager.java:validateSafeModeExitRules(204)) - AtleastOneDatanodeReportedRule rule is successfully validated
2021-11-15 10:00:43,515 [RatisPipelineUtilsThread - 0] INFO  pipeline.RatisPipelineProvider (RatisPipelineProvider.java:lambda$create$0(183)) - Sending CreatePipelineCommand for pipeline:PipelineID=84a73e1c-2775-4236-a782-b5597ecb938d to datanode:5120cc87-b9ff-4d81-8e4f-818f73dade45
2021-11-15 10:00:43,522 [RatisPipelineUtilsThread - 0] INFO  pipeline.PipelineStateManagerImpl (PipelineStateManagerImpl.java:addPipeline(101)) - Created pipeline Pipeline[ Id: 84a73e1c-2775-4236-a782-b5597ecb938d, Nodes: 5120cc87-b9ff-4d81-8e4f-818f73dade45{ip: 10.1.0.56, host: fv-az12-743.exdb2aeach2ezidoxz41lk3bwg.cx.internal.cloudapp.net, ports: [REPLICATION=35699, RATIS=39907, RATIS_ADMIN=39907, RATIS_SERVER=39907, STANDALONE=46197], networkLocation: /default-rack, certSerialId: null, persistedOpState: IN_SERVICE, persistedOpStateExpiryEpochSec: 0}, ReplicationConfig: RATIS/ONE, State:ALLOCATED, leaderId:, CreationTimestamp2021-11-15T10:00:43.512Z[Etc/UTC]].
2021-11-15 10:00:43,817 [IPC Server handler 17 on default port 37589] INFO  net.NetworkTopologyImpl (NetworkTopologyImpl.java:add(112)) - Added a new node: /default-rack/a5208437-b67a-4a59-91c1-79d4e747a9e2
2021-11-15 10:00:43,817 [IPC Server handler 17 on default port 37589] INFO  node.SCMNodeManager (SCMNodeManager.java:register(389)) - Registered Data node : a5208437-b67a-4a59-91c1-79d4e747a9e2{ip: 10.1.0.56, host: fv-az12-743.exdb2aeach2ezidoxz41lk3bwg.cx.internal.cloudapp.net, ports: [REPLICATION=43917, RATIS=41529, RATIS_ADMIN=41529, RATIS_SERVER=41529, STANDALONE=36855], networkLocation: /default-rack, certSerialId: null, persistedOpState: null, persistedOpStateExpiryEpochSec: 0}
2021-11-15 10:00:43,817 [EventQueue-NewNodeForNewNodeHandler] INFO  pipeline.BackgroundPipelineCreator (BackgroundPipelineCreator.java:notifyEventTriggered(285)) - trigger a one-shot run on RatisPipelineUtilsThread.
2021-11-15 10:00:43,818 [EventQueue-NodeRegistrationContainerReportForDataNodeSafeModeRule] INFO  safemode.SCMSafeModeManager (DataNodeSafeModeRule.java:process(71)) - SCM in safe mode. 2 DataNodes registered, 3 required.
2021-11-15 10:00:43,820 [RatisPipelineUtilsThread - 0] INFO  pipeline.RatisPipelineProvider (RatisPipelineProvider.java:lambda$create$0(183)) - Sending CreatePipelineCommand for pipeline:PipelineID=28580443-686b-4e66-9fdd-66a3e2895c5d to datanode:a5208437-b67a-4a59-91c1-79d4e747a9e2
2021-11-15 10:00:43,821 [RatisPipelineUtilsThread - 0] INFO  pipeline.PipelineStateManagerImpl (PipelineStateManagerImpl.java:addPipeline(101)) - Created pipeline Pipeline[ Id: 28580443-686b-4e66-9fdd-66a3e2895c5d, Nodes: a5208437-b67a-4a59-91c1-79d4e747a9e2{ip: 10.1.0.56, host: fv-az12-743.exdb2aeach2ezidoxz41lk3bwg.cx.internal.cloudapp.net, ports: [REPLICATION=43917, RATIS=41529, RATIS_ADMIN=41529, RATIS_SERVER=41529, STANDALONE=36855], networkLocation: /default-rack, certSerialId: null, persistedOpState: IN_SERVICE, persistedOpStateExpiryEpochSec: 0}, ReplicationConfig: RATIS/ONE, State:ALLOCATED, leaderId:, CreationTimestamp2021-11-15T10:00:43.820Z[Etc/UTC]].
2021-11-15 10:00:44,160 [Listener at 127.0.0.1/43215] INFO  ozone.MiniOzoneClusterImpl (MiniOzoneClusterImpl.java:lambda$waitForClusterToBeReady$0(235)) - Waiting for nodes to be ready. Got 2 of 7 DN Heartbeats.
2021-11-15 10:00:44,160 [Listener at 127.0.0.1/43215] INFO  ozone.MiniOzoneClusterImpl (MiniOzoneClusterImpl.java:lambda$waitForClusterToBeReady$0(238)) - Waiting for cluster to exit safe mode
2021-11-15 10:00:44,160 [Listener at 127.0.0.1/43215] INFO  ozone.MiniOzoneClusterImpl (MiniOzoneClusterImpl.java:lambda$waitForClusterToBeReady$0(240)) - SCM became leader
2021-11-15 10:00:44,355 [IPC Server handler 18 on default port 37589] INFO  net.NetworkTopologyImpl (NetworkTopologyImpl.java:add(112)) - Added a new node: /default-rack/003b3e8b-8375-416f-b9b0-c8bdf761ffc2
2021-11-15 10:00:44,356 [IPC Server handler 18 on default port 37589] INFO  node.SCMNodeManager (SCMNodeManager.java:register(389)) - Registered Data node : 003b3e8b-8375-416f-b9b0-c8bdf761ffc2{ip: 10.1.0.56, host: fv-az12-743.exdb2aeach2ezidoxz41lk3bwg.cx.internal.cloudapp.net, ports: [REPLICATION=36515, RATIS=44495, RATIS_ADMIN=44495, RATIS_SERVER=44495, STANDALONE=34967], networkLocation: /default-rack, certSerialId: null, persistedOpState: null, persistedOpStateExpiryEpochSec: 0}
2021-11-15 10:00:44,356 [EventQueue-NewNodeForNewNodeHandler] INFO  pipeline.BackgroundPipelineCreator (BackgroundPipelineCreator.java:notifyEventTriggered(285)) - trigger a one-shot run on RatisPipelineUtilsThread.
2021-11-15 10:00:44,356 [RatisPipelineUtilsThread - 0] INFO  pipeline.RatisPipelineProvider (RatisPipelineProvider.java:lambda$create$0(183)) - Sending CreatePipelineCommand for pipeline:PipelineID=390c5ae0-fb4e-4f8e-abcf-92d9495462da to datanode:003b3e8b-8375-416f-b9b0-c8bdf761ffc2
2021-11-15 10:00:44,357 [RatisPipelineUtilsThread - 0] INFO  pipeline.PipelineStateManagerImpl (PipelineStateManagerImpl.java:addPipeline(101)) - Created pipeline Pipeline[ Id: 390c5ae0-fb4e-4f8e-abcf-92d9495462da, Nodes: 003b3e8b-8375-416f-b9b0-c8bdf761ffc2{ip: 10.1.0.56, host: fv-az12-743.exdb2aeach2ezidoxz41lk3bwg.cx.internal.cloudapp.net, ports: [REPLICATION=36515, RATIS=44495, RATIS_ADMIN=44495, RATIS_SERVER=44495, STANDALONE=34967], networkLocation: /default-rack, certSerialId: null, persistedOpState: IN_SERVICE, persistedOpStateExpiryEpochSec: 0}, ReplicationConfig: RATIS/ONE, State:ALLOCATED, leaderId:, CreationTimestamp2021-11-15T10:00:44.356Z[Etc/UTC]].
2021-11-15 10:00:44,359 [EventQueue-NodeRegistrationContainerReportForDataNodeSafeModeRule] INFO  safemode.SCMSafeModeManager (DataNodeSafeModeRule.java:process(71)) - SCM in safe mode. 3 DataNodes registered, 3 required.
2021-11-15 10:00:44,359 [EventQueue-NodeRegistrationContainerReportForDataNodeSafeModeRule] INFO  safemode.SCMSafeModeManager (SCMSafeModeManager.java:validateSafeModeExitRules(204)) - DataNodeSafeModeRule rule is successfully validated
2021-11-15 10:00:44,359 [EventQueue-NodeRegistrationContainerReportForDataNodeSafeModeRule] INFO  safemode.SCMSafeModeManager (SCMSafeModeManager.java:completePreCheck(233)) - All SCM safe mode pre check rules have passed
2021-11-15 10:00:44,359 [EventQueue-NodeRegistrationContainerReportForDataNodeSafeModeRule] WARN  events.EventQueue (EventQueue.java:fireEvent(194)) - No event handler registered for event TypedEvent{payloadType=SafeModeStatus, name='Safe mode status'}
2021-11-15 10:00:44,359 [EventQueue-NodeRegistrationContainerReportForDataNodeSafeModeRule] INFO  ha.SCMContext (SCMContext.java:updateSafeModeStatus(205)) - Update SafeModeStatus from SafeModeStatus{safeModeStatus=true, preCheckPassed=false} to SafeModeStatus{safeModeStatus=true, preCheckPassed=true}.
2021-11-15 10:00:44,359 [EventQueue-NodeRegistrationContainerReportForDataNodeSafeModeRule] INFO  pipeline.BackgroundPipelineCreator (BackgroundPipelineCreator.java:notifyEventTriggered(285)) - trigger a one-shot run on RatisPipelineUtilsThread.
2021-11-15 10:00:44,363 [RatisPipelineUtilsThread - 0] INFO  pipeline.RatisPipelineProvider (RatisPipelineProvider.java:lambda$create$0(183)) - Sending CreatePipelineCommand for pipeline:PipelineID=6b80ec7e-7769-4d47-a846-958034fb3cb9 to datanode:a5208437-b67a-4a59-91c1-79d4e747a9e2
2021-11-15 10:00:44,364 [RatisPipelineUtilsThread - 0] INFO  pipeline.RatisPipelineProvider (RatisPipelineProvider.java:lambda$create$0(183)) - Sending CreatePipelineCommand for pipeline:PipelineID=6b80ec7e-7769-4d47-a846-958034fb3cb9 to datanode:5120cc87-b9ff-4d81-8e4f-818f73dade45
2021-11-15 10:00:44,364 [RatisPipelineUtilsThread - 0] INFO  pipeline.RatisPipelineProvider (RatisPipelineProvider.java:lambda$create$0(183)) - Sending CreatePipelineCommand for pipeline:PipelineID=6b80ec7e-7769-4d47-a846-958034fb3cb9 to datanode:003b3e8b-8375-416f-b9b0-c8bdf761ffc2
2021-11-15 10:00:44,365 [RatisPipelineUtilsThread - 0] INFO  pipeline.PipelineStateManagerImpl (PipelineStateManagerImpl.java:addPipeline(101)) - Created pipeline Pipeline[ Id: 6b80ec7e-7769-4d47-a846-958034fb3cb9, Nodes: a5208437-b67a-4a59-91c1-79d4e747a9e2{ip: 10.1.0.56, host: fv-az12-743.exdb2aeach2ezidoxz41lk3bwg.cx.internal.cloudapp.net, ports: [REPLICATION=43917, RATIS=41529, RATIS_ADMIN=41529, RATIS_SERVER=41529, STANDALONE=36855], networkLocation: /default-rack, certSerialId: null, persistedOpState: IN_SERVICE, persistedOpStateExpiryEpochSec: 0}5120cc87-b9ff-4d81-8e4f-818f73dade45{ip: 10.1.0.56, host: fv-az12-743.exdb2aeach2ezidoxz41lk3bwg.cx.internal.cloudapp.net, ports: [REPLICATION=35699, RATIS=39907, RATIS_ADMIN=39907, RATIS_SERVER=39907, STANDALONE=46197], networkLocation: /default-rack, certSerialId: null, persistedOpState: IN_SERVICE, persistedOpStateExpiryEpochSec: 0}003b3e8b-8375-416f-b9b0-c8bdf761ffc2{ip: 10.1.0.56, host: fv-az12-743.exdb2aeach2ezidoxz41lk3bwg.cx.internal.cloudapp.net, ports: [REPLICATION=36515, RATIS=44495, RATIS_ADMIN=44495, RATIS_SERVER=44495, STANDALONE=34967], networkLocation: /default-rack, certSerialId: null, persistedOpState: IN_SERVICE, persistedOpStateExpiryEpochSec: 0}, ReplicationConfig: RATIS/THREE, State:ALLOCATED, leaderId:, CreationTimestamp2021-11-15T10:00:44.363Z[Etc/UTC]].
2021-11-15 10:00:44,366 [RatisPipelineUtilsThread - 0] INFO  pipeline.RatisPipelineProvider (RatisPipelineProvider.java:lambda$create$0(183)) - Sending CreatePipelineCommand for pipeline:PipelineID=33a0542e-f327-46d0-9703-c68b1a57c8bb to datanode:003b3e8b-8375-416f-b9b0-c8bdf761ffc2
2021-11-15 10:00:44,367 [RatisPipelineUtilsThread - 0] INFO  pipeline.RatisPipelineProvider (RatisPipelineProvider.java:lambda$create$0(183)) - Sending CreatePipelineCommand for pipeline:PipelineID=33a0542e-f327-46d0-9703-c68b1a57c8bb to datanode:a5208437-b67a-4a59-91c1-79d4e747a9e2
2021-11-15 10:00:44,367 [RatisPipelineUtilsThread - 0] INFO  pipeline.RatisPipelineProvider (RatisPipelineProvider.java:lambda$create$0(183)) - Sending CreatePipelineCommand for pipeline:PipelineID=33a0542e-f327-46d0-9703-c68b1a57c8bb to datanode:5120cc87-b9ff-4d81-8e4f-818f73dade45
2021-11-15 10:00:44,367 [RatisPipelineUtilsThread - 0] INFO  pipeline.PipelineStateManagerImpl (PipelineStateManagerImpl.java:addPipeline(101)) - Created pipeline Pipeline[ Id: 33a0542e-f327-46d0-9703-c68b1a57c8bb, Nodes: 003b3e8b-8375-416f-b9b0-c8bdf761ffc2{ip: 10.1.0.56, host: fv-az12-743.exdb2aeach2ezidoxz41lk3bwg.cx.internal.cloudapp.net, ports: [REPLICATION=36515, RATIS=44495, RATIS_ADMIN=44495, RATIS_SERVER=44495, STANDALONE=34967], networkLocation: /default-rack, certSerialId: null, persistedOpState: IN_SERVICE, persistedOpStateExpiryEpochSec: 0}a5208437-b67a-4a59-91c1-79d4e747a9e2{ip: 10.1.0.56, host: fv-az12-743.exdb2aeach2ezidoxz41lk3bwg.cx.internal.cloudapp.net, ports: [REPLICATION=43917, RATIS=41529, RATIS_ADMIN=41529, RATIS_SERVER=41529, STANDALONE=36855], networkLocation: /default-rack, certSerialId: null, persistedOpState: IN_SERVICE, persistedOpStateExpiryEpochSec: 0}5120cc87-b9ff-4d81-8e4f-818f73dade45{ip: 10.1.0.56, host: fv-az12-743.exdb2aeach2ezidoxz41lk3bwg.cx.internal.cloudapp.net, ports: [REPLICATION=35699, RATIS=39907, RATIS_ADMIN=39907, RATIS_SERVER=39907, STANDALONE=46197], networkLocation: /default-rack, certSerialId: null, persistedOpState: IN_SERVICE, persistedOpStateExpiryEpochSec: 0}, ReplicationConfig: RATIS/THREE, State:ALLOCATED, leaderId:, CreationTimestamp2021-11-15T10:00:44.365Z[Etc/UTC]].
2021-11-15 10:00:44,368 [RatisPipelineUtilsThread - 0] INFO  pipeline.PipelineManagerImpl (PipelineManagerImpl.java:recordMetricsForPipeline(620)) - Pipeline: PipelineID=33a0542e-f327-46d0-9703-c68b1a57c8bb contains same datanodes as previous pipelines: PipelineID=6b80ec7e-7769-4d47-a846-958034fb3cb9 nodeIds: 003b3e8b-8375-416f-b9b0-c8bdf761ffc2, a5208437-b67a-4a59-91c1-79d4e747a9e2, 5120cc87-b9ff-4d81-8e4f-818f73dade45
2021-11-15 10:00:44,602 [IPC Server handler 16 on default port 37589] INFO  net.NetworkTopologyImpl (NetworkTopologyImpl.java:add(112)) - Added a new node: /default-rack/acb9c8cb-4d3e-4a6b-b679-e47efd30f020
2021-11-15 10:00:44,603 [IPC Server handler 16 on default port 37589] INFO  node.SCMNodeManager (SCMNodeManager.java:register(389)) - Registered Data node : acb9c8cb-4d3e-4a6b-b679-e47efd30f020{ip: 10.1.0.56, host: fv-az12-743.exdb2aeach2ezidoxz41lk3bwg.cx.internal.cloudapp.net, ports: [REPLICATION=33713, RATIS=33205, RATIS_ADMIN=33205, RATIS_SERVER=33205, STANDALONE=32975], networkLocation: /default-rack, certSerialId: null, persistedOpState: null, persistedOpStateExpiryEpochSec: 0}
2021-11-15 10:00:44,603 [EventQueue-NewNodeForNewNodeHandler] INFO  pipeline.BackgroundPipelineCreator (BackgroundPipelineCreator.java:notifyEventTriggered(285)) - trigger a one-shot run on RatisPipelineUtilsThread.
2021-11-15 10:00:44,606 [RatisPipelineUtilsThread - 0] INFO  pipeline.RatisPipelineProvider (RatisPipelineProvider.java:lambda$create$0(183)) - Sending CreatePipelineCommand for pipeline:PipelineID=fba2739a-12c0-4f52-b7e7-d8201b1cc174 to datanode:acb9c8cb-4d3e-4a6b-b679-e47efd30f020
2021-11-15 10:00:44,606 [RatisPipelineUtilsThread - 0] INFO  pipeline.PipelineStateManagerImpl (PipelineStateManagerImpl.java:addPipeline(101)) - Created pipeline Pipeline[ Id: fba2739a-12c0-4f52-b7e7-d8201b1cc174, Nodes: acb9c8cb-4d3e-4a6b-b679-e47efd30f020{ip: 10.1.0.56, host: fv-az12-743.exdb2aeach2ezidoxz41lk3bwg.cx.internal.cloudapp.net, ports: [REPLICATION=33713, RATIS=33205, RATIS_ADMIN=33205, RATIS_SERVER=33205, STANDALONE=32975], networkLocation: /default-rack, certSerialId: null, persistedOpState: IN_SERVICE, persistedOpStateExpiryEpochSec: 0}, ReplicationConfig: RATIS/ONE, State:ALLOCATED, leaderId:, CreationTimestamp2021-11-15T10:00:44.606Z[Etc/UTC]].
2021-11-15 10:00:44,775 [IPC Server handler 17 on default port 37589] INFO  net.NetworkTopologyImpl (NetworkTopologyImpl.java:add(112)) - Added a new node: /default-rack/d804d820-4532-49b1-b366-ad6b8b9e72b3
2021-11-15 10:00:44,775 [IPC Server handler 17 on default port 37589] INFO  node.SCMNodeManager (SCMNodeManager.java:register(389)) - Registered Data node : d804d820-4532-49b1-b366-ad6b8b9e72b3{ip: 10.1.0.56, host: fv-az12-743.exdb2aeach2ezidoxz41lk3bwg.cx.internal.cloudapp.net, ports: [REPLICATION=33971, RATIS=37399, RATIS_ADMIN=37399, RATIS_SERVER=37399, STANDALONE=35481], networkLocation: /default-rack, certSerialId: null, persistedOpState: null, persistedOpStateExpiryEpochSec: 0}
2021-11-15 10:00:44,775 [EventQueue-NewNodeForNewNodeHandler] INFO  pipeline.BackgroundPipelineCreator (BackgroundPipelineCreator.java:notifyEventTriggered(285)) - trigger a one-shot run on RatisPipelineUtilsThread.
2021-11-15 10:00:44,784 [RatisPipelineUtilsThread - 0] INFO  pipeline.RatisPipelineProvider (RatisPipelineProvider.java:lambda$create$0(183)) - Sending CreatePipelineCommand for pipeline:PipelineID=90839f6a-0246-4edd-b2d1-2563589d89db to datanode:d804d820-4532-49b1-b366-ad6b8b9e72b3
2021-11-15 10:00:44,784 [RatisPipelineUtilsThread - 0] INFO  pipeline.PipelineStateManagerImpl (PipelineStateManagerImpl.java:addPipeline(101)) - Created pipeline Pipeline[ Id: 90839f6a-0246-4edd-b2d1-2563589d89db, Nodes: d804d820-4532-49b1-b366-ad6b8b9e72b3{ip: 10.1.0.56, host: fv-az12-743.exdb2aeach2ezidoxz41lk3bwg.cx.internal.cloudapp.net, ports: [REPLICATION=33971, RATIS=37399, RATIS_ADMIN=37399, RATIS_SERVER=37399, STANDALONE=35481], networkLocation: /default-rack, certSerialId: null, persistedOpState: IN_SERVICE, persistedOpStateExpiryEpochSec: 0}, ReplicationConfig: RATIS/ONE, State:ALLOCATED, leaderId:, CreationTimestamp2021-11-15T10:00:44.784Z[Etc/UTC]].
2021-11-15 10:00:44,983 [IPC Server handler 14 on default port 37589] INFO  net.NetworkTopologyImpl (NetworkTopologyImpl.java:add(112)) - Added a new node: /default-rack/a90e3e6e-a337-4ecb-a7be-5aa85bd5c784
2021-11-15 10:00:44,983 [IPC Server handler 14 on default port 37589] INFO  node.SCMNodeManager (SCMNodeManager.java:register(389)) - Registered Data node : a90e3e6e-a337-4ecb-a7be-5aa85bd5c784{ip: 10.1.0.56, host: fv-az12-743.exdb2aeach2ezidoxz41lk3bwg.cx.internal.cloudapp.net, ports: [REPLICATION=39203, RATIS=44193, RATIS_ADMIN=44193, RATIS_SERVER=44193, STANDALONE=34675], networkLocation: /default-rack, certSerialId: null, persistedOpState: null, persistedOpStateExpiryEpochSec: 0}
2021-11-15 10:00:44,983 [EventQueue-NewNodeForNewNodeHandler] INFO  pipeline.BackgroundPipelineCreator (BackgroundPipelineCreator.java:notifyEventTriggered(285)) - trigger a one-shot run on RatisPipelineUtilsThread.
2021-11-15 10:00:44,985 [RatisPipelineUtilsThread - 0] INFO  pipeline.RatisPipelineProvider (RatisPipelineProvider.java:lambda$create$0(183)) - Sending CreatePipelineCommand for pipeline:PipelineID=e321c5b2-a5d3-44c2-852e-5b20d38224d3 to datanode:a90e3e6e-a337-4ecb-a7be-5aa85bd5c784
2021-11-15 10:00:44,985 [RatisPipelineUtilsThread - 0] INFO  pipeline.PipelineStateManagerImpl (PipelineStateManagerImpl.java:addPipeline(101)) - Created pipeline Pipeline[ Id: e321c5b2-a5d3-44c2-852e-5b20d38224d3, Nodes: a90e3e6e-a337-4ecb-a7be-5aa85bd5c784{ip: 10.1.0.56, host: fv-az12-743.exdb2aeach2ezidoxz41lk3bwg.cx.internal.cloudapp.net, ports: [REPLICATION=39203, RATIS=44193, RATIS_ADMIN=44193, RATIS_SERVER=44193, STANDALONE=34675], networkLocation: /default-rack, certSerialId: null, persistedOpState: IN_SERVICE, persistedOpStateExpiryEpochSec: 0}, ReplicationConfig: RATIS/ONE, State:ALLOCATED, leaderId:, CreationTimestamp2021-11-15T10:00:44.985Z[Etc/UTC]].
2021-11-15 10:00:44,986 [RatisPipelineUtilsThread - 0] INFO  pipeline.RatisPipelineProvider (RatisPipelineProvider.java:lambda$create$0(183)) - Sending CreatePipelineCommand for pipeline:PipelineID=ffb51486-03ca-44cc-98c1-4a8e582c3d20 to datanode:d804d820-4532-49b1-b366-ad6b8b9e72b3
2021-11-15 10:00:44,986 [RatisPipelineUtilsThread - 0] INFO  pipeline.RatisPipelineProvider (RatisPipelineProvider.java:lambda$create$0(183)) - Sending CreatePipelineCommand for pipeline:PipelineID=ffb51486-03ca-44cc-98c1-4a8e582c3d20 to datanode:a90e3e6e-a337-4ecb-a7be-5aa85bd5c784
2021-11-15 10:00:44,986 [RatisPipelineUtilsThread - 0] INFO  pipeline.RatisPipelineProvider (RatisPipelineProvider.java:lambda$create$0(183)) - Sending CreatePipelineCommand for pipeline:PipelineID=ffb51486-03ca-44cc-98c1-4a8e582c3d20 to datanode:acb9c8cb-4d3e-4a6b-b679-e47efd30f020
2021-11-15 10:00:44,987 [RatisPipelineUtilsThread - 0] INFO  pipeline.PipelineStateManagerImpl (PipelineStateManagerImpl.java:addPipeline(101)) - Created pipeline Pipeline[ Id: ffb51486-03ca-44cc-98c1-4a8e582c3d20, Nodes: d804d820-4532-49b1-b366-ad6b8b9e72b3{ip: 10.1.0.56, host: fv-az12-743.exdb2aeach2ezidoxz41lk3bwg.cx.internal.cloudapp.net, ports: [REPLICATION=33971, RATIS=37399, RATIS_ADMIN=37399, RATIS_SERVER=37399, STANDALONE=35481], networkLocation: /default-rack, certSerialId: null, persistedOpState: IN_SERVICE, persistedOpStateExpiryEpochSec: 0}a90e3e6e-a337-4ecb-a7be-5aa85bd5c784{ip: 10.1.0.56, host: fv-az12-743.exdb2aeach2ezidoxz41lk3bwg.cx.internal.cloudapp.net, ports: [REPLICATION=39203, RATIS=44193, RATIS_ADMIN=44193, RATIS_SERVER=44193, STANDALONE=34675], networkLocation: /default-rack, certSerialId: null, persistedOpState: IN_SERVICE, persistedOpStateExpiryEpochSec: 0}acb9c8cb-4d3e-4a6b-b679-e47efd30f020{ip: 10.1.0.56, host: fv-az12-743.exdb2aeach2ezidoxz41lk3bwg.cx.internal.cloudapp.net, ports: [REPLICATION=33713, RATIS=33205, RATIS_ADMIN=33205, RATIS_SERVER=33205, STANDALONE=32975], networkLocation: /default-rack, certSerialId: null, persistedOpState: IN_SERVICE, persistedOpStateExpiryEpochSec: 0}, ReplicationConfig: RATIS/THREE, State:ALLOCATED, leaderId:, CreationTimestamp2021-11-15T10:00:44.986Z[Etc/UTC]].
2021-11-15 10:00:44,988 [RatisPipelineUtilsThread - 0] INFO  pipeline.RatisPipelineProvider (RatisPipelineProvider.java:lambda$create$0(183)) - Sending CreatePipelineCommand for pipeline:PipelineID=1f5a01c6-6721-4b5d-82bc-b155b082459a to datanode:a90e3e6e-a337-4ecb-a7be-5aa85bd5c784
2021-11-15 10:00:44,988 [RatisPipelineUtilsThread - 0] INFO  pipeline.RatisPipelineProvider (RatisPipelineProvider.java:lambda$create$0(183)) - Sending CreatePipelineCommand for pipeline:PipelineID=1f5a01c6-6721-4b5d-82bc-b155b082459a to datanode:d804d820-4532-49b1-b366-ad6b8b9e72b3
2021-11-15 10:00:44,989 [RatisPipelineUtilsThread - 0] INFO  pipeline.RatisPipelineProvider (RatisPipelineProvider.java:lambda$create$0(183)) - Sending CreatePipelineCommand for pipeline:PipelineID=1f5a01c6-6721-4b5d-82bc-b155b082459a to datanode:acb9c8cb-4d3e-4a6b-b679-e47efd30f020
2021-11-15 10:00:44,989 [RatisPipelineUtilsThread - 0] INFO  pipeline.PipelineStateManagerImpl (PipelineStateManagerImpl.java:addPipeline(101)) - Created pipeline Pipeline[ Id: 1f5a01c6-6721-4b5d-82bc-b155b082459a, Nodes: a90e3e6e-a337-4ecb-a7be-5aa85bd5c784{ip: 10.1.0.56, host: fv-az12-743.exdb2aeach2ezidoxz41lk3bwg.cx.internal.cloudapp.net, ports: [REPLICATION=39203, RATIS=44193, RATIS_ADMIN=44193, RATIS_SERVER=44193, STANDALONE=34675], networkLocation: /default-rack, certSerialId: null, persistedOpState: IN_SERVICE, persistedOpStateExpiryEpochSec: 0}d804d820-4532-49b1-b366-ad6b8b9e72b3{ip: 10.1.0.56, host: fv-az12-743.exdb2aeach2ezidoxz41lk3bwg.cx.internal.cloudapp.net, ports: [REPLICATION=33971, RATIS=37399, RATIS_ADMIN=37399, RATIS_SERVER=37399, STANDALONE=35481], networkLocation: /default-rack, certSerialId: null, persistedOpState: IN_SERVICE, persistedOpStateExpiryEpochSec: 0}acb9c8cb-4d3e-4a6b-b679-e47efd30f020{ip: 10.1.0.56, host: fv-az12-743.exdb2aeach2ezidoxz41lk3bwg.cx.internal.cloudapp.net, ports: [REPLICATION=33713, RATIS=33205, RATIS_ADMIN=33205, RATIS_SERVER=33205, STANDALONE=32975], networkLocation: /default-rack, certSerialId: null, persistedOpState: IN_SERVICE, persistedOpStateExpiryEpochSec: 0}, ReplicationConfig: RATIS/THREE, State:ALLOCATED, leaderId:, CreationTimestamp2021-11-15T10:00:44.988Z[Etc/UTC]].
2021-11-15 10:00:44,990 [RatisPipelineUtilsThread - 0] INFO  pipeline.PipelineManagerImpl (PipelineManagerImpl.java:recordMetricsForPipeline(620)) - Pipeline: PipelineID=1f5a01c6-6721-4b5d-82bc-b155b082459a contains same datanodes as previous pipelines: PipelineID=ffb51486-03ca-44cc-98c1-4a8e582c3d20 nodeIds: a90e3e6e-a337-4ecb-a7be-5aa85bd5c784, d804d820-4532-49b1-b366-ad6b8b9e72b3, acb9c8cb-4d3e-4a6b-b679-e47efd30f020
2021-11-15 10:00:45,161 [Listener at 127.0.0.1/43215] INFO  ozone.MiniOzoneClusterImpl (MiniOzoneClusterImpl.java:lambda$waitForClusterToBeReady$0(235)) - Waiting for nodes to be ready. Got 6 of 7 DN Heartbeats.
2021-11-15 10:00:45,162 [Listener at 127.0.0.1/43215] INFO  ozone.MiniOzoneClusterImpl (MiniOzoneClusterImpl.java:lambda$waitForClusterToBeReady$0(238)) - Waiting for cluster to exit safe mode
2021-11-15 10:00:45,162 [Listener at 127.0.0.1/43215] INFO  ozone.MiniOzoneClusterImpl (MiniOzoneClusterImpl.java:lambda$waitForClusterToBeReady$0(240)) - SCM became leader
2021-11-15 10:00:45,173 [IPC Server handler 19 on default port 37589] INFO  net.NetworkTopologyImpl (NetworkTopologyImpl.java:add(112)) - Added a new node: /default-rack/4ed92f53-76e0-46e3-b547-b2697051b404
2021-11-15 10:00:45,173 [IPC Server handler 19 on default port 37589] INFO  node.SCMNodeManager (SCMNodeManager.java:register(389)) - Registered Data node : 4ed92f53-76e0-46e3-b547-b2697051b404{ip: 10.1.0.56, host: fv-az12-743.exdb2aeach2ezidoxz41lk3bwg.cx.internal.cloudapp.net, ports: [REPLICATION=33657, RATIS=44699, RATIS_ADMIN=44699, RATIS_SERVER=44699, STANDALONE=42749], networkLocation: /default-rack, certSerialId: null, persistedOpState: null, persistedOpStateExpiryEpochSec: 0}
2021-11-15 10:00:45,173 [EventQueue-NewNodeForNewNodeHandler] INFO  pipeline.BackgroundPipelineCreator (BackgroundPipelineCreator.java:notifyEventTriggered(285)) - trigger a one-shot run on RatisPipelineUtilsThread.
2021-11-15 10:00:45,175 [RatisPipelineUtilsThread - 0] INFO  pipeline.RatisPipelineProvider (RatisPipelineProvider.java:lambda$create$0(183)) - Sending CreatePipelineCommand for pipeline:PipelineID=6f5caada-dd82-4907-9449-59175b6eb48b to datanode:4ed92f53-76e0-46e3-b547-b2697051b404
2021-11-15 10:00:45,175 [RatisPipelineUtilsThread - 0] INFO  pipeline.PipelineStateManagerImpl (PipelineStateManagerImpl.java:addPipeline(101)) - Created pipeline Pipeline[ Id: 6f5caada-dd82-4907-9449-59175b6eb48b, Nodes: 4ed92f53-76e0-46e3-b547-b2697051b404{ip: 10.1.0.56, host: fv-az12-743.exdb2aeach2ezidoxz41lk3bwg.cx.internal.cloudapp.net, ports: [REPLICATION=33657, RATIS=44699, RATIS_ADMIN=44699, RATIS_SERVER=44699, STANDALONE=42749], networkLocation: /default-rack, certSerialId: null, persistedOpState: IN_SERVICE, persistedOpStateExpiryEpochSec: 0}, ReplicationConfig: RATIS/ONE, State:ALLOCATED, leaderId:, CreationTimestamp2021-11-15T10:00:45.175Z[Etc/UTC]].
2021-11-15 10:00:46,162 [Listener at 127.0.0.1/43215] INFO  ozone.MiniOzoneClusterImpl (MiniOzoneClusterImpl.java:lambda$waitForClusterToBeReady$0(235)) - Nodes are ready. Got 7 of 7 DN Heartbeats.
2021-11-15 10:00:46,162 [Listener at 127.0.0.1/43215] INFO  ozone.MiniOzoneClusterImpl (MiniOzoneClusterImpl.java:lambda$waitForClusterToBeReady$0(238)) - Waiting for cluster to exit safe mode
2021-11-15 10:00:46,163 [Listener at 127.0.0.1/43215] INFO  ozone.MiniOzoneClusterImpl (MiniOzoneClusterImpl.java:lambda$waitForClusterToBeReady$0(240)) - SCM became leader
2021-11-15 10:00:46,538 [Command processor thread] INFO  server.RaftServer (RaftServerProxy.java:addNew(95)) - 5120cc87-b9ff-4d81-8e4f-818f73dade45: addNew group-B5597ECB938D:[5120cc87-b9ff-4d81-8e4f-818f73dade45|rpc:10.1.0.56:39907|priority:1] returns group-B5597ECB938D:java.util.concurrent.CompletableFuture@6a8a51fe[Not completed]
2021-11-15 10:00:46,549 [pool-55-thread-1] INFO  server.RaftServer$Division (RaftServerImpl.java:<init>(184)) - 5120cc87-b9ff-4d81-8e4f-818f73dade45: new RaftServerImpl for group-B5597ECB938D:[5120cc87-b9ff-4d81-8e4f-818f73dade45|rpc:10.1.0.56:39907|priority:1] with ContainerStateMachine:uninitialized
2021-11-15 10:00:46,555 [pool-55-thread-1] INFO  server.RaftServerConfigKeys (ConfUtils.java:logGet(44)) - raft.server.rpc.timeout.min = 5s (custom)
2021-11-15 10:00:46,555 [pool-55-thread-1] INFO  server.RaftServerConfigKeys (ConfUtils.java:logGet(44)) - raft.server.rpc.timeout.max = 5200ms (custom)
2021-11-15 10:00:46,555 [pool-55-thread-1] INFO  server.RaftServerConfigKeys (ConfUtils.java:logGet(44)) - raft.server.rpc.sleep.time = 25ms (default)
2021-11-15 10:00:46,555 [pool-55-thread-1] INFO  server.RaftServerConfigKeys (ConfUtils.java:logGet(44)) - raft.server.rpc.slowness.timeout = 300000ms (custom)
2021-11-15 10:00:46,555 [pool-55-thread-1] INFO  server.RaftServerConfigKeys (ConfUtils.java:logGet(44)) - raft.server.leaderelection.leader.step-down.wait-time = 10s (default)
2021-11-15 10:00:46,555 [pool-55-thread-1] INFO  server.RaftServerConfigKeys (ConfUtils.java:logGet(44)) - raft.server.sleep.deviation.threshold = 300ms (default)
2021-11-15 10:00:46,555 [pool-55-thread-1] INFO  server.RaftServerConfigKeys (ConfUtils.java:logGet(44)) - raft.server.log.appender.install.snapshot.enabled = false (custom)
2021-11-15 10:00:46,555 [pool-55-thread-1] INFO  server.RaftServer$Division (ServerState.java:<init>(105)) - 5120cc87-b9ff-4d81-8e4f-818f73dade45@group-B5597ECB938D: ConfigurationManager, init=-1: [5120cc87-b9ff-4d81-8e4f-818f73dade45|rpc:10.1.0.56:39907|priority:1], old=null, confs=<EMPTY_MAP>
2021-11-15 10:00:46,556 [pool-55-thread-1] INFO  server.RaftServerConfigKeys (ConfUtils.java:logGet(44)) - raft.server.storage.dir = [/home/runner/work/ozone/ozone/hadoop-ozone/integration-test/target/test-dir/MiniOzoneClusterImpl-b6bde346-cb55-4fad-bd7f-e1da966a93e7/datanode-0/data/ratis] (custom)
2021-11-15 10:00:46,557 [pool-55-thread-1] INFO  server.RaftServerConfigKeys (ConfUtils.java:logGet(44)) - raft.server.log.corruption.policy = EXCEPTION (default)
2021-11-15 10:00:46,557 [pool-55-thread-1] INFO  server.RaftServerConfigKeys (ConfUtils.java:logGet(44)) - raft.server.storage.free-space.min = 0MB (=0) (default)
2021-11-15 10:00:46,557 [pool-55-thread-1] INFO  storage.RaftStorageDirectory (RaftStorageDirectoryImpl.java:analyzeStorage(135)) - The storage directory /home/runner/work/ozone/ozone/hadoop-ozone/integration-test/target/test-dir/MiniOzoneClusterImpl-b6bde346-cb55-4fad-bd7f-e1da966a93e7/datanode-0/data/ratis/84a73e1c-2775-4236-a782-b5597ecb938d does not exist. Creating ...
2021-11-15 10:00:46,560 [pool-55-thread-1] INFO  storage.RaftStorageDirectory (RaftStorageDirectoryImpl.java:tryLock(230)) - Lock on /home/runner/work/ozone/ozone/hadoop-ozone/integration-test/target/test-dir/MiniOzoneClusterImpl-b6bde346-cb55-4fad-bd7f-e1da966a93e7/datanode-0/data/ratis/84a73e1c-2775-4236-a782-b5597ecb938d/in_use.lock acquired by nodename 2776@fv-az12-743
2021-11-15 10:00:46,561 [pool-55-thread-1] INFO  storage.RaftStorage (RaftStorageImpl.java:format(89)) - Storage directory /home/runner/work/ozone/ozone/hadoop-ozone/integration-test/target/test-dir/MiniOzoneClusterImpl-b6bde346-cb55-4fad-bd7f-e1da966a93e7/datanode-0/data/ratis/84a73e1c-2775-4236-a782-b5597ecb938d has been successfully formatted.
2021-11-15 10:00:46,565 [pool-55-thread-1] INFO  ratis.ContainerStateMachine (ContainerStateMachine.java:loadSnapshot(224)) - group-B5597ECB938D: The snapshot info is null. Setting the last applied indexto:(t:0, i:~)
2021-11-15 10:00:46,566 [pool-55-thread-1] INFO  server.RaftServerConfigKeys (ConfUtils.java:logGet(44)) - raft.server.notification.no-leader.timeout = 300000ms (custom)
2021-11-15 10:00:46,566 [pool-55-thread-1] INFO  server.RaftServerConfigKeys (ConfUtils.java:logGet(44)) - raft.server.log.use.memory = false (default)
2021-11-15 10:00:46,566 [pool-55-thread-1] INFO  server.RaftServerConfigKeys (ConfUtils.java:logGet(44)) - raft.server.log.purge.gap = 1000000 (custom)
2021-11-15 10:00:46,566 [pool-55-thread-1] INFO  server.RaftServerConfigKeys (ConfUtils.java:logGet(44)) - raft.server.log.appender.buffer.byte-limit = 33554432 (custom)
2021-11-15 10:00:46,566 [pool-55-thread-1] INFO  server.RaftServerConfigKeys (ConfUtils.java:logGet(44)) - raft.server.log.segment.size.max = 1048576 (custom)
2021-11-15 10:00:46,567 [pool-55-thread-1] INFO  server.RaftServerConfigKeys (ConfUtils.java:logGet(44)) - raft.server.log.segment.cache.num.max = 2 (custom)
2021-11-15 10:00:46,567 [pool-55-thread-1] INFO  server.RaftServerConfigKeys (ConfUtils.java:logGet(44)) - raft.server.log.segment.cache.size.max = 200MB (=209715200) (default)
2021-11-15 10:00:46,567 [pool-55-thread-1] INFO  segmented.SegmentedRaftLogWorker (SegmentedRaftLogWorker.java:<init>(182)) - new 5120cc87-b9ff-4d81-8e4f-818f73dade45@group-B5597ECB938D-SegmentedRaftLogWorker for RaftStorageImpl:Storage Directory /home/runner/work/ozone/ozone/hadoop-ozone/integration-test/target/test-dir/MiniOzoneClusterImpl-b6bde346-cb55-4fad-bd7f-e1da966a93e7/datanode-0/data/ratis/84a73e1c-2775-4236-a782-b5597ecb938d
2021-11-15 10:00:46,567 [pool-55-thread-1] INFO  server.RaftServerConfigKeys (ConfUtils.java:logGet(44)) - raft.server.log.queue.byte-limit = 2147483647 (custom)
2021-11-15 10:00:46,567 [pool-55-thread-1] INFO  server.RaftServerConfigKeys (ConfUtils.java:logGet(44)) - raft.server.log.queue.element-limit = 1024 (custom)
2021-11-15 10:00:46,567 [pool-55-thread-1] INFO  server.RaftServerConfigKeys (ConfUtils.java:logGet(44)) - raft.server.log.segment.size.max = 1048576 (custom)
2021-11-15 10:00:46,568 [pool-55-thread-1] INFO  server.RaftServerConfigKeys (ConfUtils.java:logGet(44)) - raft.server.log.preallocated.size = 16384 (custom)
2021-11-15 10:00:46,568 [pool-55-thread-1] INFO  server.RaftServerConfigKeys (ConfUtils.java:logGet(44)) - raft.server.log.force.sync.num = 128 (default)
2021-11-15 10:00:46,568 [pool-55-thread-1] INFO  server.RaftServerConfigKeys (ConfUtils.java:logGet(44)) - raft.server.log.statemachine.data.sync = true (default)
2021-11-15 10:00:46,568 [pool-55-thread-1] INFO  server.RaftServerConfigKeys (ConfUtils.java:logGet(44)) - raft.server.log.statemachine.data.sync.timeout = 10s (default)
2021-11-15 10:00:46,568 [pool-55-thread-1] INFO  server.RaftServerConfigKeys (ConfUtils.java:logGet(44)) - raft.server.log.statemachine.data.sync.timeout.retry = -1 (default)
2021-11-15 10:00:46,570 [pool-55-thread-1] INFO  server.RaftServerConfigKeys (ConfUtils.java:logGet(44)) - raft.server.log.write.buffer.size = 1048576 (custom)
2021-11-15 10:00:46,570 [pool-55-thread-1] INFO  server.RaftServerConfigKeys (ConfUtils.java:logGet(44)) - raft.server.log.statemachine.data.caching.enabled = true (custom)
2021-11-15 10:00:46,571 [pool-55-thread-1] INFO  segmented.SegmentedRaftLogWorker (SegmentedRaftLogWorker.java:lambda$new$0(133)) - 5120cc87-b9ff-4d81-8e4f-818f73dade45@group-B5597ECB938D-SegmentedRaftLogWorker: flushIndex: setUnconditionally 0 -> -1
2021-11-15 10:00:46,571 [pool-55-thread-1] INFO  segmented.SegmentedRaftLogWorker (SegmentedRaftLogWorker.java:lambda$new$0(133)) - 5120cc87-b9ff-4d81-8e4f-818f73dade45@group-B5597ECB938D-SegmentedRaftLogWorker: safeCacheEvictIndex: setUnconditionally 0 -> -1
2021-11-15 10:00:46,571 [pool-55-thread-1] INFO  server.RaftServerConfigKeys (ConfUtils.java:logGet(44)) - raft.server.snapshot.auto.trigger.enabled = true (custom)
2021-11-15 10:00:46,571 [pool-55-thread-1] INFO  server.RaftServerConfigKeys (ConfUtils.java:logGet(44)) - raft.server.snapshot.auto.trigger.threshold = 10000 (custom)
2021-11-15 10:00:46,571 [pool-55-thread-1] INFO  server.RaftServerConfigKeys (ConfUtils.java:logGet(44)) - raft.server.snapshot.retention.file.num = 5 (custom)
2021-11-15 10:00:46,571 [pool-55-thread-1] INFO  server.RaftServerConfigKeys (ConfUtils.java:logGet(44)) - raft.server.log.purge.upto.snapshot.index = false (default)
2021-11-15 10:00:46,571 [pool-55-thread-1] INFO  server.RaftServerConfigKeys (ConfUtils.java:logGet(44)) - raft.server.retrycache.expirytime = 600000ms (custom)
2021-11-15 10:00:46,571 [pool-55-thread-1] INFO  server.RaftServerConfigKeys (ConfUtils.java:logGet(44)) - raft.server.retrycache.statistics.expirytime = 100μs (default)
2021-11-15 10:00:46,574 [pool-55-thread-1] INFO  server.RaftServer$Division (RaftServerImpl.java:start(301)) - 5120cc87-b9ff-4d81-8e4f-818f73dade45@group-B5597ECB938D: start as a follower, conf=-1: [5120cc87-b9ff-4d81-8e4f-818f73dade45|rpc:10.1.0.56:39907|priority:1], old=null
2021-11-15 10:00:46,574 [pool-55-thread-1] INFO  server.RaftServer$Division (RaftServerImpl.java:setRole(290)) - 5120cc87-b9ff-4d81-8e4f-818f73dade45@group-B5597ECB938D: changes role from      null to FOLLOWER at term 0 for startAsFollower
2021-11-15 10:00:46,574 [pool-55-thread-1] INFO  impl.RoleInfo (RoleInfo.java:updateAndGet(130)) - 5120cc87-b9ff-4d81-8e4f-818f73dade45: start 5120cc87-b9ff-4d81-8e4f-818f73dade45@group-B5597ECB938D-FollowerState
2021-11-15 10:00:46,583 [pool-55-thread-1] INFO  util.JmxRegister (JmxRegister.java:tryRegister(44)) - Successfully registered JMX Bean with object name Ratis:service=RaftServer,group=group-B5597ECB938D,id=5120cc87-b9ff-4d81-8e4f-818f73dade45
2021-11-15 10:00:46,596 [EventQueue-PipelineReportForPipelineReportHandler] INFO  pipeline.PipelineManagerImpl (PipelineManagerImpl.java:openPipeline(289)) - Pipeline Pipeline[ Id: 84a73e1c-2775-4236-a782-b5597ecb938d, Nodes: 5120cc87-b9ff-4d81-8e4f-818f73dade45{ip: 10.1.0.56, host: fv-az12-743.exdb2aeach2ezidoxz41lk3bwg.cx.internal.cloudapp.net, ports: [REPLICATION=35699, RATIS=39907, RATIS_ADMIN=39907, RATIS_SERVER=39907, STANDALONE=46197], networkLocation: /default-rack, certSerialId: null, persistedOpState: IN_SERVICE, persistedOpStateExpiryEpochSec: 0}, ReplicationConfig: RATIS/ONE, State:ALLOCATED, leaderId:5120cc87-b9ff-4d81-8e4f-818f73dade45, CreationTimestamp2021-11-15T10:00:43.512Z[Etc/UTC]] moved to OPEN state
2021-11-15 10:00:46,600 [EventQueue-OpenPipelineForHealthyPipelineSafeModeRule] INFO  safemode.SCMSafeModeManager (HealthyPipelineSafeModeRule.java:process(124)) - SCM in safe mode. Healthy pipelines reported count is 0, required healthy pipeline reported count is 1
2021-11-15 10:00:46,605 [Command processor thread] INFO  ratis.XceiverServerRatis (XceiverServerRatis.java:addGroup(768)) - Created group PipelineID=84a73e1c-2775-4236-a782-b5597ecb938d
2021-11-15 10:00:46,606 [Command processor thread] INFO  commandhandler.CreatePipelineCommandHandler (CreatePipelineCommandHandler.java:handle(106)) - Created Pipeline RATIS ONE PipelineID=84a73e1c-2775-4236-a782-b5597ecb938d.
2021-11-15 10:00:46,606 [Command processor thread] INFO  server.RaftServer (RaftServerProxy.java:addNew(95)) - 5120cc87-b9ff-4d81-8e4f-818f73dade45: addNew group-958034FB3CB9:[5120cc87-b9ff-4d81-8e4f-818f73dade45|rpc:10.1.0.56:39907|priority:0, 003b3e8b-8375-416f-b9b0-c8bdf761ffc2|rpc:10.1.0.56:44495|priority:0, a5208437-b67a-4a59-91c1-79d4e747a9e2|rpc:10.1.0.56:41529|priority:1] returns group-958034FB3CB9:java.util.concurrent.CompletableFuture@2aa530eb[Not completed]
2021-11-15 10:00:46,610 [pool-55-thread-1] INFO  server.RaftServer$Division (RaftServerImpl.java:<init>(184)) - 5120cc87-b9ff-4d81-8e4f-818f73dade45: new RaftServerImpl for group-958034FB3CB9:[5120cc87-b9ff-4d81-8e4f-818f73dade45|rpc:10.1.0.56:39907|priority:0, 003b3e8b-8375-416f-b9b0-c8bdf761ffc2|rpc:10.1.0.56:44495|priority:0, a5208437-b67a-4a59-91c1-79d4e747a9e2|rpc:10.1.0.56:41529|priority:1] with ContainerStateMachine:uninitialized
2021-11-15 10:00:46,610 [pool-55-thread-1] INFO  server.RaftServerConfigKeys (ConfUtils.java:logGet(44)) - raft.server.rpc.timeout.min = 5s (custom)
2021-11-15 10:00:46,610 [pool-55-thread-1] INFO  server.RaftServerConfigKeys (ConfUtils.java:logGet(44)) - raft.server.rpc.timeout.max = 5200ms (custom)
2021-11-15 10:00:46,611 [pool-55-thread-1] INFO  server.RaftServerConfigKeys (ConfUtils.java:logGet(44)) - raft.server.rpc.sleep.time = 25ms (default)
2021-11-15 10:00:46,611 [pool-55-thread-1] INFO  server.RaftServerConfigKeys (ConfUtils.java:logGet(44)) - raft.server.rpc.slowness.timeout = 300000ms (custom)
2021-11-15 10:00:46,611 [pool-55-thread-1] INFO  server.RaftServerConfigKeys (ConfUtils.java:logGet(44)) - raft.server.leaderelection.leader.step-down.wait-time = 10s (default)
2021-11-15 10:00:46,611 [pool-55-thread-1] INFO  server.RaftServerConfigKeys (ConfUtils.java:logGet(44)) - raft.server.sleep.deviation.threshold = 300ms (default)
2021-11-15 10:00:46,611 [pool-55-thread-1] INFO  server.RaftServerConfigKeys (ConfUtils.java:logGet(44)) - raft.server.log.appender.install.snapshot.enabled = false (custom)
2021-11-15 10:00:46,611 [pool-55-thread-1] INFO  server.RaftServer$Division (ServerState.java:<init>(105)) - 5120cc87-b9ff-4d81-8e4f-818f73dade45@group-958034FB3CB9: ConfigurationManager, init=-1: [5120cc87-b9ff-4d81-8e4f-818f73dade45|rpc:10.1.0.56:39907|priority:0, 003b3e8b-8375-416f-b9b0-c8bdf761ffc2|rpc:10.1.0.56:44495|priority:0, a5208437-b67a-4a59-91c1-79d4e747a9e2|rpc:10.1.0.56:41529|priority:1], old=null, confs=<EMPTY_MAP>
2021-11-15 10:00:46,611 [pool-55-thread-1] INFO  server.RaftServerConfigKeys (ConfUtils.java:logGet(44)) - raft.server.storage.dir = [/home/runner/work/ozone/ozone/hadoop-ozone/integration-test/target/test-dir/MiniOzoneClusterImpl-b6bde346-cb55-4fad-bd7f-e1da966a93e7/datanode-0/data/ratis] (custom)
2021-11-15 10:00:46,611 [pool-55-thread-1] INFO  server.RaftServerConfigKeys (ConfUtils.java:logGet(44)) - raft.server.log.corruption.policy = EXCEPTION (default)
2021-11-15 10:00:46,611 [pool-55-thread-1] INFO  server.RaftServerConfigKeys (ConfUtils.java:logGet(44)) - raft.server.storage.free-space.min = 0MB (=0) (default)
2021-11-15 10:00:46,612 [pool-55-thread-1] INFO  storage.RaftStorageDirectory (RaftStorageDirectoryImpl.java:analyzeStorage(135)) - The storage directory /home/runner/work/ozone/ozone/hadoop-ozone/integration-test/target/test-dir/MiniOzoneClusterImpl-b6bde346-cb55-4fad-bd7f-e1da966a93e7/datanode-0/data/ratis/6b80ec7e-7769-4d47-a846-958034fb3cb9 does not exist. Creating ...
2021-11-15 10:00:46,613 [pool-55-thread-1] INFO  storage.RaftStorageDirectory (RaftStorageDirectoryImpl.java:tryLock(230)) - Lock on /home/runner/work/ozone/ozone/hadoop-ozone/integration-test/target/test-dir/MiniOzoneClusterImpl-b6bde346-cb55-4fad-bd7f-e1da966a93e7/datanode-0/data/ratis/6b80ec7e-7769-4d47-a846-958034fb3cb9/in_use.lock acquired by nodename 2776@fv-az12-743
2021-11-15 10:00:46,614 [pool-55-thread-1] INFO  storage.RaftStorage (RaftStorageImpl.java:format(89)) - Storage directory /home/runner/work/ozone/ozone/hadoop-ozone/integration-test/target/test-dir/MiniOzoneClusterImpl-b6bde346-cb55-4fad-bd7f-e1da966a93e7/datanode-0/data/ratis/6b80ec7e-7769-4d47-a846-958034fb3cb9 has been successfully formatted.
2021-11-15 10:00:46,615 [pool-55-thread-1] INFO  ratis.ContainerStateMachine (ContainerStateMachine.java:loadSnapshot(224)) - group-958034FB3CB9: The snapshot info is null. Setting the last applied indexto:(t:0, i:~)
2021-11-15 10:00:46,616 [pool-55-thread-1] INFO  server.RaftServerConfigKeys (ConfUtils.java:logGet(44)) - raft.server.notification.no-leader.timeout = 300000ms (custom)
2021-11-15 10:00:46,616 [pool-55-thread-1] INFO  server.RaftServerConfigKeys (ConfUtils.java:logGet(44)) - raft.server.log.use.memory = false (default)
2021-11-15 10:00:46,616 [EventQueue-OpenPipelineForHealthyPipelineSafeModeRule] INFO  safemode.SCMSafeModeManager (HealthyPipelineSafeModeRule.java:process(124)) - SCM in safe mode. Healthy pipelines reported count is 0, required healthy pipeline reported count is 1
2021-11-15 10:00:46,617 [pool-55-thread-1] INFO  server.RaftServerConfigKeys (ConfUtils.java:logGet(44)) - raft.server.log.purge.gap = 1000000 (custom)
2021-11-15 10:00:46,617 [pool-55-thread-1] INFO  server.RaftServerConfigKeys (ConfUtils.java:logGet(44)) - raft.server.log.appender.buffer.byte-limit = 33554432 (custom)
2021-11-15 10:00:46,617 [pool-55-thread-1] INFO  server.RaftServerConfigKeys (ConfUtils.java:logGet(44)) - raft.server.log.segment.size.max = 1048576 (custom)
2021-11-15 10:00:46,618 [pool-55-thread-1] INFO  server.RaftServerConfigKeys (ConfUtils.java:logGet(44)) - raft.server.log.segment.cache.num.max = 2 (custom)
2021-11-15 10:00:46,618 [pool-55-thread-1] INFO  server.RaftServerConfigKeys (ConfUtils.java:logGet(44)) - raft.server.log.segment.cache.size.max = 200MB (=209715200) (default)
2021-11-15 10:00:46,618 [pool-55-thread-1] INFO  segmented.SegmentedRaftLogWorker (SegmentedRaftLogWorker.java:<init>(182)) - new 5120cc87-b9ff-4d81-8e4f-818f73dade45@group-958034FB3CB9-SegmentedRaftLogWorker for RaftStorageImpl:Storage Directory /home/runner/work/ozone/ozone/hadoop-ozone/integration-test/target/test-dir/MiniOzoneClusterImpl-b6bde346-cb55-4fad-bd7f-e1da966a93e7/datanode-0/data/ratis/6b80ec7e-7769-4d47-a846-958034fb3cb9
2021-11-15 10:00:46,618 [pool-55-thread-1] INFO  server.RaftServerConfigKeys (ConfUtils.java:logGet(44)) - raft.server.log.queue.byte-limit = 2147483647 (custom)
2021-11-15 10:00:46,618 [pool-55-thread-1] INFO  server.RaftServerConfigKeys (ConfUtils.java:logGet(44)) - raft.server.log.queue.element-limit = 1024 (custom)
2021-11-15 10:00:46,618 [pool-55-thread-1] INFO  server.RaftServerConfigKeys (ConfUtils.java:logGet(44)) - raft.server.log.segment.size.max = 1048576 (custom)
2021-11-15 10:00:46,618 [pool-55-thread-1] INFO  server.RaftServerConfigKeys (ConfUtils.java:logGet(44)) - raft.server.log.preallocated.size = 16384 (custom)
2021-11-15 10:00:46,618 [pool-55-thread-1] INFO  server.RaftServerConfigKeys (ConfUtils.java:logGet(44)) - raft.server.log.force.sync.num = 128 (default)
2021-11-15 10:00:46,618 [pool-55-thread-1] INFO  server.RaftServerConfigKeys (ConfUtils.java:logGet(44)) - raft.server.log.statemachine.data.sync = true (default)
2021-11-15 10:00:46,618 [pool-55-thread-1] INFO  server.RaftServerConfigKeys (ConfUtils.java:logGet(44)) - raft.server.log.statemachine.data.sync.timeout = 10s (default)
2021-11-15 10:00:46,619 [pool-55-thread-1] INFO  server.RaftServerConfigKeys (ConfUtils.java:logGet(44)) - raft.server.log.statemachine.data.sync.timeout.retry = -1 (default)
2021-11-15 10:00:46,620 [pool-55-thread-1] INFO  server.RaftServerConfigKeys (ConfUtils.java:logGet(44)) - raft.server.log.write.buffer.size = 1048576 (custom)
2021-11-15 10:00:46,621 [pool-55-thread-1] INFO  server.RaftServerConfigKeys (ConfUtils.java:logGet(44)) - raft.server.log.statemachine.data.caching.enabled = true (custom)
2021-11-15 10:00:46,621 [pool-55-thread-1] INFO  segmented.SegmentedRaftLogWorker (SegmentedRaftLogWorker.java:lambda$new$0(133)) - 5120cc87-b9ff-4d81-8e4f-818f73dade45@group-958034FB3CB9-SegmentedRaftLogWorker: flushIndex: setUnconditionally 0 -> -1
2021-11-15 10:00:46,621 [pool-55-thread-1] INFO  segmented.SegmentedRaftLogWorker (SegmentedRaftLogWorker.java:lambda$new$0(133)) - 5120cc87-b9ff-4d81-8e4f-818f73dade45@group-958034FB3CB9-SegmentedRaftLogWorker: safeCacheEvictIndex: setUnconditionally 0 -> -1
2021-11-15 10:00:46,621 [pool-55-thread-1] INFO  server.RaftServerConfigKeys (ConfUtils.java:logGet(44)) - raft.server.snapshot.auto.trigger.enabled = true (custom)
2021-11-15 10:00:46,621 [pool-55-thread-1] INFO  server.RaftServerConfigKeys (ConfUtils.java:logGet(44)) - raft.server.snapshot.auto.trigger.threshold = 10000 (custom)
2021-11-15 10:00:46,621 [pool-55-thread-1] INFO  server.RaftServerConfigKeys (ConfUtils.java:logGet(44)) - raft.server.snapshot.retention.file.num = 5 (custom)
2021-11-15 10:00:46,622 [pool-55-thread-1] INFO  server.RaftServerConfigKeys (ConfUtils.java:logGet(44)) - raft.server.log.purge.upto.snapshot.index = false (default)
2021-11-15 10:00:46,622 [pool-55-thread-1] INFO  server.RaftServerConfigKeys (ConfUtils.java:logGet(44)) - raft.server.retrycache.expirytime = 600000ms (custom)
2021-11-15 10:00:46,622 [pool-55-thread-1] INFO  server.RaftServerConfigKeys (ConfUtils.java:logGet(44)) - raft.server.retrycache.statistics.expirytime = 100μs (default)
2021-11-15 10:00:46,624 [pool-55-thread-1] INFO  server.RaftServer$Division (RaftServerImpl.java:start(301)) - 5120cc87-b9ff-4d81-8e4f-818f73dade45@group-958034FB3CB9: start as a follower, conf=-1: [5120cc87-b9ff-4d81-8e4f-818f73dade45|rpc:10.1.0.56:39907|priority:0, 003b3e8b-8375-416f-b9b0-c8bdf761ffc2|rpc:10.1.0.56:44495|priority:0, a5208437-b67a-4a59-91c1-79d4e747a9e2|rpc:10.1.0.56:41529|priority:1], old=null
2021-11-15 10:00:46,624 [pool-55-thread-1] INFO  server.RaftServer$Division (RaftServerImpl.java:setRole(290)) - 5120cc87-b9ff-4d81-8e4f-818f73dade45@group-958034FB3CB9: changes role from      null to FOLLOWER at term 0 for startAsFollower
2021-11-15 10:00:46,624 [pool-55-thread-1] INFO  impl.RoleInfo (RoleInfo.java:updateAndGet(130)) - 5120cc87-b9ff-4d81-8e4f-818f73dade45: start 5120cc87-b9ff-4d81-8e4f-818f73dade45@group-958034FB3CB9-FollowerState
2021-11-15 10:00:46,624 [pool-55-thread-1] INFO  util.JmxRegister (JmxRegister.java:tryRegister(44)) - Successfully registered JMX Bean with object name Ratis:service=RaftServer,group=group-958034FB3CB9,id=5120cc87-b9ff-4d81-8e4f-818f73dade45
2021-11-15 10:00:46,625 [Command processor thread] INFO  ratis.XceiverServerRatis (XceiverServerRatis.java:addGroup(768)) - Created group PipelineID=6b80ec7e-7769-4d47-a846-958034fb3cb9
2021-11-15 10:00:46,816 [Command processor thread] INFO  server.RaftServer (RaftServerProxy.java:addNew(95)) - a5208437-b67a-4a59-91c1-79d4e747a9e2: addNew group-66A3E2895C5D:[a5208437-b67a-4a59-91c1-79d4e747a9e2|rpc:10.1.0.56:41529|priority:1] returns group-66A3E2895C5D:java.util.concurrent.CompletableFuture@306c36b9[Not completed]
2021-11-15 10:00:46,823 [pool-74-thread-1] INFO  server.RaftServer$Division (RaftServerImpl.java:<init>(184)) - a5208437-b67a-4a59-91c1-79d4e747a9e2: new RaftServerImpl for group-66A3E2895C5D:[a5208437-b67a-4a59-91c1-79d4e747a9e2|rpc:10.1.0.56:41529|priority:1] with ContainerStateMachine:uninitialized
2021-11-15 10:00:46,826 [pool-74-thread-1] INFO  server.RaftServerConfigKeys (ConfUtils.java:logGet(44)) - raft.server.rpc.timeout.min = 5s (custom)
2021-11-15 10:00:46,826 [pool-74-thread-1] INFO  server.RaftServerConfigKeys (ConfUtils.java:logGet(44)) - raft.server.rpc.timeout.max = 5200ms (custom)
2021-11-15 10:00:46,826 [pool-74-thread-1] INFO  server.RaftServerConfigKeys (ConfUtils.java:logGet(44)) - raft.server.rpc.sleep.time = 25ms (default)
2021-11-15 10:00:46,826 [pool-74-thread-1] INFO  server.RaftServerConfigKeys (ConfUtils.java:logGet(44)) - raft.server.rpc.slowness.timeout = 300000ms (custom)
2021-11-15 10:00:46,827 [pool-74-thread-1] INFO  server.RaftServerConfigKeys (ConfUtils.java:logGet(44)) - raft.server.leaderelection.leader.step-down.wait-time = 10s (default)
2021-11-15 10:00:46,827 [pool-74-thread-1] INFO  server.RaftServerConfigKeys (ConfUtils.java:logGet(44)) - raft.server.sleep.deviation.threshold = 300ms (default)
2021-11-15 10:00:46,827 [pool-74-thread-1] INFO  server.RaftServerConfigKeys (ConfUtils.java:logGet(44)) - raft.server.log.appender.install.snapshot.enabled = false (custom)
2021-11-15 10:00:46,830 [pool-74-thread-1] INFO  server.RaftServer$Division (ServerState.java:<init>(105)) - a5208437-b67a-4a59-91c1-79d4e747a9e2@group-66A3E2895C5D: ConfigurationManager, init=-1: [a5208437-b67a-4a59-91c1-79d4e747a9e2|rpc:10.1.0.56:41529|priority:1], old=null, confs=<EMPTY_MAP>
2021-11-15 10:00:46,830 [pool-74-thread-1] INFO  server.RaftServerConfigKeys (ConfUtils.java:logGet(44)) - raft.server.storage.dir = [/home/runner/work/ozone/ozone/hadoop-ozone/integration-test/target/test-dir/MiniOzoneClusterImpl-b6bde346-cb55-4fad-bd7f-e1da966a93e7/datanode-1/data/ratis] (custom)
2021-11-15 10:00:46,830 [pool-74-thread-1] INFO  server.RaftServerConfigKeys (ConfUtils.java:logGet(44)) - raft.server.log.corruption.policy = EXCEPTION (default)
2021-11-15 10:00:46,830 [pool-74-thread-1] INFO  server.RaftServerConfigKeys (ConfUtils.java:logGet(44)) - raft.server.storage.free-space.min = 0MB (=0) (default)
2021-11-15 10:00:46,831 [pool-74-thread-1] INFO  storage.RaftStorageDirectory (RaftStorageDirectoryImpl.java:analyzeStorage(135)) - The storage directory /home/runner/work/ozone/ozone/hadoop-ozone/integration-test/target/test-dir/MiniOzoneClusterImpl-b6bde346-cb55-4fad-bd7f-e1da966a93e7/datanode-1/data/ratis/28580443-686b-4e66-9fdd-66a3e2895c5d does not exist. Creating ...
2021-11-15 10:00:46,832 [pool-74-thread-1] INFO  storage.RaftStorageDirectory (RaftStorageDirectoryImpl.java:tryLock(230)) - Lock on /home/runner/work/ozone/ozone/hadoop-ozone/integration-test/target/test-dir/MiniOzoneClusterImpl-b6bde346-cb55-4fad-bd7f-e1da966a93e7/datanode-1/data/ratis/28580443-686b-4e66-9fdd-66a3e2895c5d/in_use.lock acquired by nodename 2776@fv-az12-743
2021-11-15 10:00:46,833 [pool-74-thread-1] INFO  storage.RaftStorage (RaftStorageImpl.java:format(89)) - Storage directory /home/runner/work/ozone/ozone/hadoop-ozone/integration-test/target/test-dir/MiniOzoneClusterImpl-b6bde346-cb55-4fad-bd7f-e1da966a93e7/datanode-1/data/ratis/28580443-686b-4e66-9fdd-66a3e2895c5d has been successfully formatted.
2021-11-15 10:00:46,835 [pool-74-thread-1] INFO  ratis.ContainerStateMachine (ContainerStateMachine.java:loadSnapshot(224)) - group-66A3E2895C5D: The snapshot info is null. Setting the last applied indexto:(t:0, i:~)
2021-11-15 10:00:46,838 [EventQueue-PipelineReportForPipelineReportHandler] INFO  pipeline.PipelineManagerImpl (PipelineManagerImpl.java:openPipeline(289)) - Pipeline Pipeline[ Id: 28580443-686b-4e66-9fdd-66a3e2895c5d, Nodes: a5208437-b67a-4a59-91c1-79d4e747a9e2{ip: 10.1.0.56, host: fv-az12-743.exdb2aeach2ezidoxz41lk3bwg.cx.internal.cloudapp.net, ports: [REPLICATION=43917, RATIS=41529, RATIS_ADMIN=41529, RATIS_SERVER=41529, STANDALONE=36855], networkLocation: /default-rack, certSerialId: null, persistedOpState: IN_SERVICE, persistedOpStateExpiryEpochSec: 0}, ReplicationConfig: RATIS/ONE, State:ALLOCATED, leaderId:a5208437-b67a-4a59-91c1-79d4e747a9e2, CreationTimestamp2021-11-15T10:00:43.820Z[Etc/UTC]] moved to OPEN state
2021-11-15 10:00:46,838 [EventQueue-OpenPipelineForHealthyPipelineSafeModeRule] INFO  safemode.SCMSafeModeManager (HealthyPipelineSafeModeRule.java:process(124)) - SCM in safe mode. Healthy pipelines reported count is 0, required healthy pipeline reported count is 1
2021-11-15 10:00:46,841 [pool-74-thread-1] INFO  server.RaftServerConfigKeys (ConfUtils.java:logGet(44)) - raft.server.notification.no-leader.timeout = 300000ms (custom)
2021-11-15 10:00:46,842 [pool-74-thread-1] INFO  server.RaftServerConfigKeys (ConfUtils.java:logGet(44)) - raft.server.log.use.memory = false (default)
2021-11-15 10:00:46,842 [pool-74-thread-1] INFO  server.RaftServerConfigKeys (ConfUtils.java:logGet(44)) - raft.server.log.purge.gap = 1000000 (custom)
2021-11-15 10:00:46,842 [pool-74-thread-1] INFO  server.RaftServerConfigKeys (ConfUtils.java:logGet(44)) - raft.server.log.appender.buffer.byte-limit = 33554432 (custom)
2021-11-15 10:00:46,842 [pool-74-thread-1] INFO  server.RaftServerConfigKeys (ConfUtils.java:logGet(44)) - raft.server.log.segment.size.max = 1048576 (custom)
2021-11-15 10:00:46,852 [pool-74-thread-1] INFO  server.RaftServerConfigKeys (ConfUtils.java:logGet(44)) - raft.server.log.segment.cache.num.max = 2 (custom)
2021-11-15 10:00:46,853 [pool-74-thread-1] INFO  server.RaftServerConfigKeys (ConfUtils.java:logGet(44)) - raft.server.log.segment.cache.size.max = 200MB (=209715200) (default)
2021-11-15 10:00:46,853 [pool-74-thread-1] INFO  segmented.SegmentedRaftLogWorker (SegmentedRaftLogWorker.java:<init>(182)) - new a5208437-b67a-4a59-91c1-79d4e747a9e2@group-66A3E2895C5D-SegmentedRaftLogWorker for RaftStorageImpl:Storage Directory /home/runner/work/ozone/ozone/hadoop-ozone/integration-test/target/test-dir/MiniOzoneClusterImpl-b6bde346-cb55-4fad-bd7f-e1da966a93e7/datanode-1/data/ratis/28580443-686b-4e66-9fdd-66a3e2895c5d
2021-11-15 10:00:46,854 [pool-74-thread-1] INFO  server.RaftServerConfigKeys (ConfUtils.java:logGet(44)) - raft.server.log.queue.byte-limit = 2147483647 (custom)
2021-11-15 10:00:46,854 [pool-74-thread-1] INFO  server.RaftServerConfigKeys (ConfUtils.java:logGet(44)) - raft.server.log.queue.element-limit = 1024 (custom)
2021-11-15 10:00:46,854 [pool-74-thread-1] INFO  server.RaftServerConfigKeys (ConfUtils.java:logGet(44)) - raft.server.log.segment.size.max = 1048576 (custom)
2021-11-15 10:00:46,854 [pool-74-thread-1] INFO  server.RaftServerConfigKeys (ConfUtils.java:logGet(44)) - raft.server.log.preallocated.size = 16384 (custom)
2021-11-15 10:00:46,854 [pool-74-thread-1] INFO  server.RaftServerConfigKeys (ConfUtils.java:logGet(44)) - raft.server.log.force.sync.num = 128 (default)
2021-11-15 10:00:46,854 [pool-74-thread-1] INFO  server.RaftServerConfigKeys (ConfUtils.java:logGet(44)) - raft.server.log.statemachine.data.sync = true (default)
2021-11-15 10:00:46,854 [pool-74-thread-1] INFO  server.RaftServerConfigKeys (ConfUtils.java:logGet(44)) - raft.server.log.statemachine.data.sync.timeout = 10s (default)
2021-11-15 10:00:46,854 [pool-74-thread-1] INFO  server.RaftServerConfigKeys (ConfUtils.java:logGet(44)) - raft.server.log.statemachine.data.sync.timeout.retry = -1 (default)
2021-11-15 10:00:46,856 [pool-74-thread-1] INFO  server.RaftServerConfigKeys (ConfUtils.java:logGet(44)) - raft.server.log.write.buffer.size = 1048576 (custom)
2021-11-15 10:00:46,866 [pool-74-thread-1] INFO  server.RaftServerConfigKeys (ConfUtils.java:logGet(44)) - raft.server.log.statemachine.data.caching.enabled = true (custom)
2021-11-15 10:00:46,867 [pool-74-thread-1] INFO  segmented.SegmentedRaftLogWorker (SegmentedRaftLogWorker.java:lambda$new$0(133)) - a5208437-b67a-4a59-91c1-79d4e747a9e2@group-66A3E2895C5D-SegmentedRaftLogWorker: flushIndex: setUnconditionally 0 -> -1
2021-11-15 10:00:46,867 [pool-74-thread-1] INFO  segmented.SegmentedRaftLogWorker (SegmentedRaftLogWorker.java:lambda$new$0(133)) - a5208437-b67a-4a59-91c1-79d4e747a9e2@group-66A3E2895C5D-SegmentedRaftLogWorker: safeCacheEvictIndex: setUnconditionally 0 -> -1
2021-11-15 10:00:46,875 [pool-74-thread-1] INFO  server.RaftServerConfigKeys (ConfUtils.java:logGet(44)) - raft.server.snapshot.auto.trigger.enabled = true (custom)
2021-11-15 10:00:46,876 [pool-74-thread-1] INFO  server.RaftServerConfigKeys (ConfUtils.java:logGet(44)) - raft.server.snapshot.auto.trigger.threshold = 10000 (custom)
2021-11-15 10:00:46,876 [pool-74-thread-1] INFO  server.RaftServerConfigKeys (ConfUtils.java:logGet(44)) - raft.server.snapshot.retention.file.num = 5 (custom)
2021-11-15 10:00:46,876 [pool-74-thread-1] INFO  server.RaftServerConfigKeys (ConfUtils.java:logGet(44)) - raft.server.log.purge.upto.snapshot.index = false (default)
2021-11-15 10:00:46,876 [pool-74-thread-1] INFO  server.RaftServerConfigKeys (ConfUtils.java:logGet(44)) - raft.server.retrycache.expirytime = 600000ms (custom)
2021-11-15 10:00:46,876 [pool-74-thread-1] INFO  server.RaftServerConfigKeys (ConfUtils.java:logGet(44)) - raft.server.retrycache.statistics.expirytime = 100μs (default)
2021-11-15 10:00:46,879 [pool-74-thread-1] INFO  server.RaftServer$Division (RaftServerImpl.java:start(301)) - a5208437-b67a-4a59-91c1-79d4e747a9e2@group-66A3E2895C5D: start as a follower, conf=-1: [a5208437-b67a-4a59-91c1-79d4e747a9e2|rpc:10.1.0.56:41529|priority:1], old=null
2021-11-15 10:00:46,879 [pool-74-thread-1] INFO  server.RaftServer$Division (RaftServerImpl.java:setRole(290)) - a5208437-b67a-4a59-91c1-79d4e747a9e2@group-66A3E2895C5D: changes role from      null to FOLLOWER at term 0 for startAsFollower
2021-11-15 10:00:46,879 [pool-74-thread-1] INFO  impl.RoleInfo (RoleInfo.java:updateAndGet(130)) - a5208437-b67a-4a59-91c1-79d4e747a9e2: start a5208437-b67a-4a59-91c1-79d4e747a9e2@group-66A3E2895C5D-FollowerState
2021-11-15 10:00:46,889 [pool-74-thread-1] INFO  util.JmxRegister (JmxRegister.java:tryRegister(44)) - Successfully registered JMX Bean with object name Ratis:service=RaftServer,group=group-66A3E2895C5D,id=a5208437-b67a-4a59-91c1-79d4e747a9e2
2021-11-15 10:00:46,907 [Command processor thread] INFO  ratis.XceiverServerRatis (XceiverServerRatis.java:addGroup(768)) - Created group PipelineID=28580443-686b-4e66-9fdd-66a3e2895c5d
2021-11-15 10:00:46,907 [Command processor thread] INFO  commandhandler.CreatePipelineCommandHandler (CreatePipelineCommandHandler.java:handle(106)) - Created Pipeline RATIS ONE PipelineID=28580443-686b-4e66-9fdd-66a3e2895c5d.
2021-11-15 10:00:46,910 [Command processor thread] INFO  server.RaftServer (RaftServerProxy.java:addNew(95)) - a5208437-b67a-4a59-91c1-79d4e747a9e2: addNew group-958034FB3CB9:[5120cc87-b9ff-4d81-8e4f-818f73dade45|rpc:10.1.0.56:39907|priority:0, 003b3e8b-8375-416f-b9b0-c8bdf761ffc2|rpc:10.1.0.56:44495|priority:0, a5208437-b67a-4a59-91c1-79d4e747a9e2|rpc:10.1.0.56:41529|priority:1] returns group-958034FB3CB9:java.util.concurrent.CompletableFuture@3453b46c[Not completed]
2021-11-15 10:00:46,910 [pool-74-thread-1] INFO  server.RaftServer$Division (RaftServerImpl.java:<init>(184)) - a5208437-b67a-4a59-91c1-79d4e747a9e2: new RaftServerImpl for group-958034FB3CB9:[5120cc87-b9ff-4d81-8e4f-818f73dade45|rpc:10.1.0.56:39907|priority:0, 003b3e8b-8375-416f-b9b0-c8bdf761ffc2|rpc:10.1.0.56:44495|priority:0, a5208437-b67a-4a59-91c1-79d4e747a9e2|rpc:10.1.0.56:41529|priority:1] with ContainerStateMachine:uninitialized
2021-11-15 10:00:46,911 [pool-74-thread-1] INFO  server.RaftServerConfigKeys (ConfUtils.java:logGet(44)) - raft.server.rpc.timeout.min = 5s (custom)
2021-11-15 10:00:46,911 [pool-74-thread-1] INFO  server.RaftServerConfigKeys (ConfUtils.java:logGet(44)) - raft.server.rpc.timeout.max = 5200ms (custom)
2021-11-15 10:00:46,911 [pool-74-thread-1] INFO  server.RaftServerConfigKeys (ConfUtils.java:logGet(44)) - raft.server.rpc.sleep.time = 25ms (default)
2021-11-15 10:00:46,911 [pool-74-thread-1] INFO  server.RaftServerConfigKeys (ConfUtils.java:logGet(44)) - raft.server.rpc.slowness.timeout = 300000ms (custom)
2021-11-15 10:00:46,911 [pool-74-thread-1] INFO  server.RaftServerConfigKeys (ConfUtils.java:logGet(44)) - raft.server.leaderelection.leader.step-down.wait-time = 10s (default)
2021-11-15 10:00:46,911 [pool-74-thread-1] INFO  server.RaftServerConfigKeys (ConfUtils.java:logGet(44)) - raft.server.sleep.deviation.threshold = 300ms (default)
2021-11-15 10:00:46,911 [pool-74-thread-1] INFO  server.RaftServerConfigKeys (ConfUtils.java:logGet(44)) - raft.server.log.appender.install.snapshot.enabled = false (custom)
2021-11-15 10:00:46,911 [pool-74-thread-1] INFO  server.RaftServer$Division (ServerState.java:<init>(105)) - a5208437-b67a-4a59-91c1-79d4e747a9e2@group-958034FB3CB9: ConfigurationManager, init=-1: [5120cc87-b9ff-4d81-8e4f-818f73dade45|rpc:10.1.0.56:39907|priority:0, 003b3e8b-8375-416f-b9b0-c8bdf761ffc2|rpc:10.1.0.56:44495|priority:0, a5208437-b67a-4a59-91c1-79d4e747a9e2|rpc:10.1.0.56:41529|priority:1], old=null, confs=<EMPTY_MAP>
2021-11-15 10:00:46,911 [pool-74-thread-1] INFO  server.RaftServerConfigKeys (ConfUtils.java:logGet(44)) - raft.server.storage.dir = [/home/runner/work/ozone/ozone/hadoop-ozone/integration-test/target/test-dir/MiniOzoneClusterImpl-b6bde346-cb55-4fad-bd7f-e1da966a93e7/datanode-1/data/ratis] (custom)
2021-11-15 10:00:46,911 [pool-74-thread-1] INFO  server.RaftServerConfigKeys (ConfUtils.java:logGet(44)) - raft.server.log.corruption.policy = EXCEPTION (default)
2021-11-15 10:00:46,911 [pool-74-thread-1] INFO  server.RaftServerConfigKeys (ConfUtils.java:logGet(44)) - raft.server.storage.free-space.min = 0MB (=0) (default)
2021-11-15 10:00:46,911 [pool-74-thread-1] INFO  storage.RaftStorageDirectory (RaftStorageDirectoryImpl.java:analyzeStorage(135)) - The storage directory /home/runner/work/ozone/ozone/hadoop-ozone/integration-test/target/test-dir/MiniOzoneClusterImpl-b6bde346-cb55-4fad-bd7f-e1da966a93e7/datanode-1/data/ratis/6b80ec7e-7769-4d47-a846-958034fb3cb9 does not exist. Creating ...
2021-11-15 10:00:46,913 [pool-74-thread-1] INFO  storage.RaftStorageDirectory (RaftStorageDirectoryImpl.java:tryLock(230)) - Lock on /home/runner/work/ozone/ozone/hadoop-ozone/integration-test/target/test-dir/MiniOzoneClusterImpl-b6bde346-cb55-4fad-bd7f-e1da966a93e7/datanode-1/data/ratis/6b80ec7e-7769-4d47-a846-958034fb3cb9/in_use.lock acquired by nodename 2776@fv-az12-743
2021-11-15 10:00:46,914 [pool-74-thread-1] INFO  storage.RaftStorage (RaftStorageImpl.java:format(89)) - Storage directory /home/runner/work/ozone/ozone/hadoop-ozone/integration-test/target/test-dir/MiniOzoneClusterImpl-b6bde346-cb55-4fad-bd7f-e1da966a93e7/datanode-1/data/ratis/6b80ec7e-7769-4d47-a846-958034fb3cb9 has been successfully formatted.
2021-11-15 10:00:46,914 [pool-74-thread-1] INFO  ratis.ContainerStateMachine (ContainerStateMachine.java:loadSnapshot(224)) - group-958034FB3CB9: The snapshot info is null. Setting the last applied indexto:(t:0, i:~)
2021-11-15 10:00:46,914 [pool-74-thread-1] INFO  server.RaftServerConfigKeys (ConfUtils.java:logGet(44)) - raft.server.notification.no-leader.timeout = 300000ms (custom)
2021-11-15 10:00:46,914 [pool-74-thread-1] INFO  server.RaftServerConfigKeys (ConfUtils.java:logGet(44)) - raft.server.log.use.memory = false (default)
2021-11-15 10:00:46,914 [pool-74-thread-1] INFO  server.RaftServerConfigKeys (ConfUtils.java:logGet(44)) - raft.server.log.purge.gap = 1000000 (custom)
2021-11-15 10:00:46,914 [pool-74-thread-1] INFO  server.RaftServerConfigKeys (ConfUtils.java:logGet(44)) - raft.server.log.appender.buffer.byte-limit = 33554432 (custom)
2021-11-15 10:00:46,915 [pool-74-thread-1] INFO  server.RaftServerConfigKeys (ConfUtils.java:logGet(44)) - raft.server.log.segment.size.max = 1048576 (custom)
2021-11-15 10:00:46,915 [pool-74-thread-1] INFO  server.RaftServerConfigKeys (ConfUtils.java:logGet(44)) - raft.server.log.segment.cache.num.max = 2 (custom)
2021-11-15 10:00:46,915 [pool-74-thread-1] INFO  server.RaftServerConfigKeys (ConfUtils.java:logGet(44)) - raft.server.log.segment.cache.size.max = 200MB (=209715200) (default)
2021-11-15 10:00:46,915 [pool-74-thread-1] INFO  segmented.SegmentedRaftLogWorker (SegmentedRaftLogWorker.java:<init>(182)) - new a5208437-b67a-4a59-91c1-79d4e747a9e2@group-958034FB3CB9-SegmentedRaftLogWorker for RaftStorageImpl:Storage Directory /home/runner/work/ozone/ozone/hadoop-ozone/integration-test/target/test-dir/MiniOzoneClusterImpl-b6bde346-cb55-4fad-bd7f-e1da966a93e7/datanode-1/data/ratis/6b80ec7e-7769-4d47-a846-958034fb3cb9
2021-11-15 10:00:46,915 [pool-74-thread-1] INFO  server.RaftServerConfigKeys (ConfUtils.java:logGet(44)) - raft.server.log.queue.byte-limit = 2147483647 (custom)
2021-11-15 10:00:46,915 [pool-74-thread-1] INFO  server.RaftServerConfigKeys (ConfUtils.java:logGet(44)) - raft.server.log.queue.element-limit = 1024 (custom)
2021-11-15 10:00:46,915 [pool-74-thread-1] INFO  server.RaftServerConfigKeys (ConfUtils.java:logGet(44)) - raft.server.log.segment.size.max = 1048576 (custom)
2021-11-15 10:00:46,915 [pool-74-thread-1] INFO  server.RaftServerConfigKeys (ConfUtils.java:logGet(44)) - raft.server.log.preallocated.size = 16384 (custom)
2021-11-15 10:00:46,916 [pool-74-thread-1] INFO  server.RaftServerConfigKeys (ConfUtils.java:logGet(44)) - raft.server.log.force.sync.num = 128 (default)
2021-11-15 10:00:46,916 [pool-74-thread-1] INFO  server.RaftServerConfigKeys (ConfUtils.java:logGet(44)) - raft.server.log.statemachine.data.sync = true (default)
2021-11-15 10:00:46,916 [pool-74-thread-1] INFO  server.RaftServerConfigKeys (ConfUtils.java:logGet(44)) - raft.server.log.statemachine.data.sync.timeout = 10s (default)
2021-11-15 10:00:46,916 [pool-74-thread-1] INFO  server.RaftServerConfigKeys (ConfUtils.java:logGet(44)) - raft.server.log.statemachine.data.sync.timeout.retry = -1 (default)
2021-11-15 10:00:46,917 [pool-74-thread-1] INFO  server.RaftServerConfigKeys (ConfUtils.java:logGet(44)) - raft.server.log.write.buffer.size = 1048576 (custom)
2021-11-15 10:00:46,917 [pool-74-thread-1] INFO  server.RaftServerConfigKeys (ConfUtils.java:logGet(44)) - raft.server.log.statemachine.data.caching.enabled = true (custom)
2021-11-15 10:00:46,917 [pool-74-thread-1] INFO  segmented.SegmentedRaftLogWorker (SegmentedRaftLogWorker.java:lambda$new$0(133)) - a5208437-b67a-4a59-91c1-79d4e747a9e2@group-958034FB3CB9-SegmentedRaftLogWorker: flushIndex: setUnconditionally 0 -> -1
2021-11-15 10:00:46,917 [pool-74-thread-1] INFO  segmented.SegmentedRaftLogWorker (SegmentedRaftLogWorker.java:lambda$new$0(133)) - a5208437-b67a-4a59-91c1-79d4e747a9e2@group-958034FB3CB9-SegmentedRaftLogWorker: safeCacheEvictIndex: setUnconditionally 0 -> -1
2021-11-15 10:00:46,928 [pool-74-thread-1] INFO  server.RaftServerConfigKeys (ConfUtils.java:logGet(44)) - raft.server.snapshot.auto.trigger.enabled = true (custom)
2021-11-15 10:00:46,928 [pool-74-thread-1] INFO  server.RaftServerConfigKeys (ConfUtils.java:logGet(44)) - raft.server.snapshot.auto.trigger.threshold = 10000 (custom)
2021-11-15 10:00:46,928 [pool-74-thread-1] INFO  server.RaftServerConfigKeys (ConfUtils.java:logGet(44)) - raft.server.snapshot.retention.file.num = 5 (custom)
2021-11-15 10:00:46,928 [pool-74-thread-1] INFO  server.RaftServerConfigKeys (ConfUtils.java:logGet(44)) - raft.server.log.purge.upto.snapshot.index = false (default)
2021-11-15 10:00:46,928 [pool-74-thread-1] INFO  server.RaftServerConfigKeys (ConfUtils.java:logGet(44)) - raft.server.retrycache.expirytime = 600000ms (custom)
2021-11-15 10:00:46,928 [pool-74-thread-1] INFO  server.RaftServerConfigKeys (ConfUtils.java:logGet(44)) - raft.server.retrycache.statistics.expirytime = 100μs (default)
2021-11-15 10:00:46,928 [EventQueue-OpenPipelineForHealthyPipelineSafeModeRule] INFO  safemode.SCMSafeModeManager (HealthyPipelineSafeModeRule.java:process(124)) - SCM in safe mode. Healthy pipelines reported count is 0, required healthy pipeline reported count is 1
2021-11-15 10:00:46,930 [pool-74-thread-1] INFO  server.RaftServer$Division (RaftServerImpl.java:start(301)) - a5208437-b67a-4a59-91c1-79d4e747a9e2@group-958034FB3CB9: start as a follower, conf=-1: [5120cc87-b9ff-4d81-8e4f-818f73dade45|rpc:10.1.0.56:39907|priority:0, 003b3e8b-8375-416f-b9b0-c8bdf761ffc2|rpc:10.1.0.56:44495|priority:0, a5208437-b67a-4a59-91c1-79d4e747a9e2|rpc:10.1.0.56:41529|priority:1], old=null
2021-11-15 10:00:46,930 [pool-74-thread-1] INFO  server.RaftServer$Division (RaftServerImpl.java:setRole(290)) - a5208437-b67a-4a59-91c1-79d4e747a9e2@group-958034FB3CB9: changes role from      null to FOLLOWER at term 0 for startAsFollower
2021-11-15 10:00:46,930 [pool-74-thread-1] INFO  impl.RoleInfo (RoleInfo.java:updateAndGet(130)) - a5208437-b67a-4a59-91c1-79d4e747a9e2: start a5208437-b67a-4a59-91c1-79d4e747a9e2@group-958034FB3CB9-FollowerState
2021-11-15 10:00:46,936 [pool-74-thread-1] INFO  util.JmxRegister (JmxRegister.java:tryRegister(44)) - Successfully registered JMX Bean with object name Ratis:service=RaftServer,group=group-958034FB3CB9,id=a5208437-b67a-4a59-91c1-79d4e747a9e2
2021-11-15 10:00:46,937 [Command processor thread] INFO  ratis.XceiverServerRatis (XceiverServerRatis.java:addGroup(768)) - Created group PipelineID=6b80ec7e-7769-4d47-a846-958034fb3cb9
2021-11-15 10:00:47,163 [Listener at 127.0.0.1/43215] INFO  ozone.MiniOzoneClusterImpl (MiniOzoneClusterImpl.java:lambda$waitForClusterToBeReady$0(235)) - Nodes are ready. Got 7 of 7 DN Heartbeats.
2021-11-15 10:00:47,163 [Listener at 127.0.0.1/43215] INFO  ozone.MiniOzoneClusterImpl (MiniOzoneClusterImpl.java:lambda$waitForClusterToBeReady$0(238)) - Waiting for cluster to exit safe mode
2021-11-15 10:00:47,163 [Listener at 127.0.0.1/43215] INFO  ozone.MiniOzoneClusterImpl (MiniOzoneClusterImpl.java:lambda$waitForClusterToBeReady$0(240)) - SCM became leader
2021-11-15 10:00:47,263 [grpc-default-executor-0] INFO  server.RaftServer (RaftServerProxy.java:addNew(95)) - 003b3e8b-8375-416f-b9b0-c8bdf761ffc2: addNew group-958034FB3CB9:[5120cc87-b9ff-4d81-8e4f-818f73dade45|rpc:10.1.0.56:39907|dataStream:|priority:0, 003b3e8b-8375-416f-b9b0-c8bdf761ffc2|rpc:10.1.0.56:44495|dataStream:|priority:0, a5208437-b67a-4a59-91c1-79d4e747a9e2|rpc:10.1.0.56:41529|dataStream:|priority:1] returns group-958034FB3CB9:java.util.concurrent.CompletableFuture@3d3076[Not completed]
2021-11-15 10:00:47,265 [pool-93-thread-1] INFO  server.RaftServer$Division (RaftServerImpl.java:<init>(184)) - 003b3e8b-8375-416f-b9b0-c8bdf761ffc2: new RaftServerImpl for group-958034FB3CB9:[5120cc87-b9ff-4d81-8e4f-818f73dade45|rpc:10.1.0.56:39907|dataStream:|priority:0, 003b3e8b-8375-416f-b9b0-c8bdf761ffc2|rpc:10.1.0.56:44495|dataStream:|priority:0, a5208437-b67a-4a59-91c1-79d4e747a9e2|rpc:10.1.0.56:41529|dataStream:|priority:1] with ContainerStateMachine:uninitialized
2021-11-15 10:00:47,267 [pool-93-thread-1] INFO  server.RaftServerConfigKeys (ConfUtils.java:logGet(44)) - raft.server.rpc.timeout.min = 5s (custom)
2021-11-15 10:00:47,267 [pool-93-thread-1] INFO  server.RaftServerConfigKeys (ConfUtils.java:logGet(44)) - raft.server.rpc.timeout.max = 5200ms (custom)
2021-11-15 10:00:47,267 [pool-93-thread-1] INFO  server.RaftServerConfigKeys (ConfUtils.java:logGet(44)) - raft.server.rpc.sleep.time = 25ms (default)
2021-11-15 10:00:47,267 [pool-93-thread-1] INFO  server.RaftServerConfigKeys (ConfUtils.java:logGet(44)) - raft.server.rpc.slowness.timeout = 300000ms (custom)
2021-11-15 10:00:47,267 [pool-93-thread-1] INFO  server.RaftServerConfigKeys (ConfUtils.java:logGet(44)) - raft.server.leaderelection.leader.step-down.wait-time = 10s (default)
2021-11-15 10:00:47,267 [pool-93-thread-1] INFO  server.RaftServerConfigKeys (ConfUtils.java:logGet(44)) - raft.server.sleep.deviation.threshold = 300ms (default)
2021-11-15 10:00:47,268 [pool-93-thread-1] INFO  server.RaftServerConfigKeys (ConfUtils.java:logGet(44)) - raft.server.log.appender.install.snapshot.enabled = false (custom)
2021-11-15 10:00:47,268 [pool-93-thread-1] INFO  server.RaftServer$Division (ServerState.java:<init>(105)) - 003b3e8b-8375-416f-b9b0-c8bdf761ffc2@group-958034FB3CB9: ConfigurationManager, init=-1: [5120cc87-b9ff-4d81-8e4f-818f73dade45|rpc:10.1.0.56:39907|dataStream:|priority:0, 003b3e8b-8375-416f-b9b0-c8bdf761ffc2|rpc:10.1.0.56:44495|dataStream:|priority:0, a5208437-b67a-4a59-91c1-79d4e747a9e2|rpc:10.1.0.56:41529|dataStream:|priority:1], old=null, confs=<EMPTY_MAP>
2021-11-15 10:00:47,268 [pool-93-thread-1] INFO  server.RaftServerConfigKeys (ConfUtils.java:logGet(44)) - raft.server.storage.dir = [/home/runner/work/ozone/ozone/hadoop-ozone/integration-test/target/test-dir/MiniOzoneClusterImpl-b6bde346-cb55-4fad-bd7f-e1da966a93e7/datanode-2/data/ratis] (custom)
2021-11-15 10:00:47,269 [pool-93-thread-1] INFO  server.RaftServerConfigKeys (ConfUtils.java:logGet(44)) - raft.server.log.corruption.policy = EXCEPTION (default)
2021-11-15 10:00:47,269 [pool-93-thread-1] INFO  server.RaftServerConfigKeys (ConfUtils.java:logGet(44)) - raft.server.storage.free-space.min = 0MB (=0) (default)
2021-11-15 10:00:47,269 [pool-93-thread-1] INFO  storage.RaftStorageDirectory (RaftStorageDirectoryImpl.java:analyzeStorage(135)) - The storage directory /home/runner/work/ozone/ozone/hadoop-ozone/integration-test/target/test-dir/MiniOzoneClusterImpl-b6bde346-cb55-4fad-bd7f-e1da966a93e7/datanode-2/data/ratis/6b80ec7e-7769-4d47-a846-958034fb3cb9 does not exist. Creating ...
2021-11-15 10:00:47,270 [pool-93-thread-1] INFO  storage.RaftStorageDirectory (RaftStorageDirectoryImpl.java:tryLock(230)) - Lock on /home/runner/work/ozone/ozone/hadoop-ozone/integration-test/target/test-dir/MiniOzoneClusterImpl-b6bde346-cb55-4fad-bd7f-e1da966a93e7/datanode-2/data/ratis/6b80ec7e-7769-4d47-a846-958034fb3cb9/in_use.lock acquired by nodename 2776@fv-az12-743
2021-11-15 10:00:47,273 [pool-93-thread-1] INFO  storage.RaftStorage (RaftStorageImpl.java:format(89)) - Storage directory /home/runner/work/ozone/ozone/hadoop-ozone/integration-test/target/test-dir/MiniOzoneClusterImpl-b6bde346-cb55-4fad-bd7f-e1da966a93e7/datanode-2/data/ratis/6b80ec7e-7769-4d47-a846-958034fb3cb9 has been successfully formatted.
2021-11-15 10:00:47,274 [pool-93-thread-1] INFO  ratis.ContainerStateMachine (ContainerStateMachine.java:loadSnapshot(224)) - group-958034FB3CB9: The snapshot info is null. Setting the last applied indexto:(t:0, i:~)
2021-11-15 10:00:47,274 [pool-93-thread-1] INFO  server.RaftServerConfigKeys (ConfUtils.java:logGet(44)) - raft.server.notification.no-leader.timeout = 300000ms (custom)
2021-11-15 10:00:47,274 [pool-93-thread-1] INFO  server.RaftServerConfigKeys (ConfUtils.java:logGet(44)) - raft.server.log.use.memory = false (default)
2021-11-15 10:00:47,274 [pool-93-thread-1] INFO  server.RaftServerConfigKeys (ConfUtils.java:logGet(44)) - raft.server.log.purge.gap = 1000000 (custom)
2021-11-15 10:00:47,275 [pool-93-thread-1] INFO  server.RaftServerConfigKeys (ConfUtils.java:logGet(44)) - raft.server.log.appender.buffer.byte-limit = 33554432 (custom)
2021-11-15 10:00:47,275 [pool-93-thread-1] INFO  server.RaftServerConfigKeys (ConfUtils.java:logGet(44)) - raft.server.log.segment.size.max = 1048576 (custom)
2021-11-15 10:00:47,275 [pool-93-thread-1] INFO  server.RaftServerConfigKeys (ConfUtils.java:logGet(44)) - raft.server.log.segment.cache.num.max = 2 (custom)
2021-11-15 10:00:47,275 [pool-93-thread-1] INFO  server.RaftServerConfigKeys (ConfUtils.java:logGet(44)) - raft.server.log.segment.cache.size.max = 200MB (=209715200) (default)
2021-11-15 10:00:47,276 [pool-93-thread-1] INFO  segmented.SegmentedRaftLogWorker (SegmentedRaftLogWorker.java:<init>(182)) - new 003b3e8b-8375-416f-b9b0-c8bdf761ffc2@group-958034FB3CB9-SegmentedRaftLogWorker for RaftStorageImpl:Storage Directory /home/runner/work/ozone/ozone/hadoop-ozone/integration-test/target/test-dir/MiniOzoneClusterImpl-b6bde346-cb55-4fad-bd7f-e1da966a93e7/datanode-2/data/ratis/6b80ec7e-7769-4d47-a846-958034fb3cb9
2021-11-15 10:00:47,276 [pool-93-thread-1] INFO  server.RaftServerConfigKeys (ConfUtils.java:logGet(44)) - raft.server.log.queue.byte-limit = 2147483647 (custom)
2021-11-15 10:00:47,276 [pool-93-thread-1] INFO  server.RaftServerConfigKeys (ConfUtils.java:logGet(44)) - raft.server.log.queue.element-limit = 1024 (custom)
2021-11-15 10:00:47,276 [pool-93-thread-1] INFO  server.RaftServerConfigKeys (ConfUtils.java:logGet(44)) - raft.server.log.segment.size.max = 1048576 (custom)
2021-11-15 10:00:47,276 [pool-93-thread-1] INFO  server.RaftServerConfigKeys (ConfUtils.java:logGet(44)) - raft.server.log.preallocated.size = 16384 (custom)
2021-11-15 10:00:47,276 [pool-93-thread-1] INFO  server.RaftServerConfigKeys (ConfUtils.java:logGet(44)) - raft.server.log.force.sync.num = 128 (default)
2021-11-15 10:00:47,276 [pool-93-thread-1] INFO  server.RaftServerConfigKeys (ConfUtils.java:logGet(44)) - raft.server.log.statemachine.data.sync = true (default)
2021-11-15 10:00:47,276 [pool-93-thread-1] INFO  server.RaftServerConfigKeys (ConfUtils.java:logGet(44)) - raft.server.log.statemachine.data.sync.timeout = 10s (default)
2021-11-15 10:00:47,276 [pool-93-thread-1] INFO  server.RaftServerConfigKeys (ConfUtils.java:logGet(44)) - raft.server.log.statemachine.data.sync.timeout.retry = -1 (default)
2021-11-15 10:00:47,277 [pool-93-thread-1] INFO  server.RaftServerConfigKeys (ConfUtils.java:logGet(44)) - raft.server.log.write.buffer.size = 1048576 (custom)
2021-11-15 10:00:47,278 [Command processor thread] INFO  commandhandler.CreatePipelineCommandHandler (CreatePipelineCommandHandler.java:handle(106)) - Created Pipeline RATIS THREE PipelineID=6b80ec7e-7769-4d47-a846-958034fb3cb9.
2021-11-15 10:00:47,280 [Command processor thread] INFO  server.RaftServer (RaftServerProxy.java:addNew(95)) - 5120cc87-b9ff-4d81-8e4f-818f73dade45: addNew group-C68B1A57C8BB:[5120cc87-b9ff-4d81-8e4f-818f73dade45|rpc:10.1.0.56:39907|priority:0, 003b3e8b-8375-416f-b9b0-c8bdf761ffc2|rpc:10.1.0.56:44495|priority:1, a5208437-b67a-4a59-91c1-79d4e747a9e2|rpc:10.1.0.56:41529|priority:0] returns group-C68B1A57C8BB:java.util.concurrent.CompletableFuture@2a405536[Not completed]
2021-11-15 10:00:47,281 [pool-55-thread-1] INFO  server.RaftServer$Division (RaftServerImpl.java:<init>(184)) - 5120cc87-b9ff-4d81-8e4f-818f73dade45: new RaftServerImpl for group-C68B1A57C8BB:[5120cc87-b9ff-4d81-8e4f-818f73dade45|rpc:10.1.0.56:39907|priority:0, 003b3e8b-8375-416f-b9b0-c8bdf761ffc2|rpc:10.1.0.56:44495|priority:1, a5208437-b67a-4a59-91c1-79d4e747a9e2|rpc:10.1.0.56:41529|priority:0] with ContainerStateMachine:uninitialized
2021-11-15 10:00:47,281 [pool-55-thread-1] INFO  server.RaftServerConfigKeys (ConfUtils.java:logGet(44)) - raft.server.rpc.timeout.min = 5s (custom)
2021-11-15 10:00:47,281 [pool-55-thread-1] INFO  server.RaftServerConfigKeys (ConfUtils.java:logGet(44)) - raft.server.rpc.timeout.max = 5200ms (custom)
2021-11-15 10:00:47,281 [pool-55-thread-1] INFO  server.RaftServerConfigKeys (ConfUtils.java:logGet(44)) - raft.server.rpc.sleep.time = 25ms (default)
2021-11-15 10:00:47,281 [pool-55-thread-1] INFO  server.RaftServerConfigKeys (ConfUtils.java:logGet(44)) - raft.server.rpc.slowness.timeout = 300000ms (custom)
2021-11-15 10:00:47,281 [pool-55-thread-1] INFO  server.RaftServerConfigKeys (ConfUtils.java:logGet(44)) - raft.server.leaderelection.leader.step-down.wait-time = 10s (default)
2021-11-15 10:00:47,281 [pool-55-thread-1] INFO  server.RaftServerConfigKeys (ConfUtils.java:logGet(44)) - raft.server.sleep.deviation.threshold = 300ms (default)
2021-11-15 10:00:47,281 [pool-55-thread-1] INFO  server.RaftServerConfigKeys (ConfUtils.java:logGet(44)) - raft.server.log.appender.install.snapshot.enabled = false (custom)
2021-11-15 10:00:47,281 [pool-55-thread-1] INFO  server.RaftServer$Division (ServerState.java:<init>(105)) - 5120cc87-b9ff-4d81-8e4f-818f73dade45@group-C68B1A57C8BB: ConfigurationManager, init=-1: [5120cc87-b9ff-4d81-8e4f-818f73dade45|rpc:10.1.0.56:39907|priority:0, 003b3e8b-8375-416f-b9b0-c8bdf761ffc2|rpc:10.1.0.56:44495|priority:1, a5208437-b67a-4a59-91c1-79d4e747a9e2|rpc:10.1.0.56:41529|priority:0], old=null, confs=<EMPTY_MAP>
2021-11-15 10:00:47,281 [pool-55-thread-1] INFO  server.RaftServerConfigKeys (ConfUtils.java:logGet(44)) - raft.server.storage.dir = [/home/runner/work/ozone/ozone/hadoop-ozone/integration-test/target/test-dir/MiniOzoneClusterImpl-b6bde346-cb55-4fad-bd7f-e1da966a93e7/datanode-0/data/ratis] (custom)
2021-11-15 10:00:47,281 [pool-55-thread-1] INFO  server.RaftServerConfigKeys (ConfUtils.java:logGet(44)) - raft.server.log.corruption.policy = EXCEPTION (default)
2021-11-15 10:00:47,281 [pool-55-thread-1] INFO  server.RaftServerConfigKeys (ConfUtils.java:logGet(44)) - raft.server.storage.free-space.min = 0MB (=0) (default)
2021-11-15 10:00:47,282 [pool-55-thread-1] INFO  storage.RaftStorageDirectory (RaftStorageDirectoryImpl.java:analyzeStorage(135)) - The storage directory /home/runner/work/ozone/ozone/hadoop-ozone/integration-test/target/test-dir/MiniOzoneClusterImpl-b6bde346-cb55-4fad-bd7f-e1da966a93e7/datanode-0/data/ratis/33a0542e-f327-46d0-9703-c68b1a57c8bb does not exist. Creating ...
2021-11-15 10:00:47,282 [pool-93-thread-1] INFO  server.RaftServerConfigKeys (ConfUtils.java:logGet(44)) - raft.server.log.statemachine.data.caching.enabled = true (custom)
2021-11-15 10:00:47,283 [pool-93-thread-1] INFO  segmented.SegmentedRaftLogWorker (SegmentedRaftLogWorker.java:lambda$new$0(133)) - 003b3e8b-8375-416f-b9b0-c8bdf761ffc2@group-958034FB3CB9-SegmentedRaftLogWorker: flushIndex: setUnconditionally 0 -> -1
2021-11-15 10:00:47,283 [pool-55-thread-1] INFO  storage.RaftStorageDirectory (RaftStorageDirectoryImpl.java:tryLock(230)) - Lock on /home/runner/work/ozone/ozone/hadoop-ozone/integration-test/target/test-dir/MiniOzoneClusterImpl-b6bde346-cb55-4fad-bd7f-e1da966a93e7/datanode-0/data/ratis/33a0542e-f327-46d0-9703-c68b1a57c8bb/in_use.lock acquired by nodename 2776@fv-az12-743
2021-11-15 10:00:47,283 [pool-93-thread-1] INFO  segmented.SegmentedRaftLogWorker (SegmentedRaftLogWorker.java:lambda$new$0(133)) - 003b3e8b-8375-416f-b9b0-c8bdf761ffc2@group-958034FB3CB9-SegmentedRaftLogWorker: safeCacheEvictIndex: setUnconditionally 0 -> -1
2021-11-15 10:00:47,283 [pool-93-thread-1] INFO  server.RaftServerConfigKeys (ConfUtils.java:logGet(44)) - raft.server.snapshot.auto.trigger.enabled = true (custom)
2021-11-15 10:00:47,283 [pool-93-thread-1] INFO  server.RaftServerConfigKeys (ConfUtils.java:logGet(44)) - raft.server.snapshot.auto.trigger.threshold = 10000 (custom)
2021-11-15 10:00:47,283 [pool-93-thread-1] INFO  server.RaftServerConfigKeys (ConfUtils.java:logGet(44)) - raft.server.snapshot.retention.file.num = 5 (custom)
2021-11-15 10:00:47,283 [pool-93-thread-1] INFO  server.RaftServerConfigKeys (ConfUtils.java:logGet(44)) - raft.server.log.purge.upto.snapshot.index = false (default)
2021-11-15 10:00:47,283 [pool-93-thread-1] INFO  server.RaftServerConfigKeys (ConfUtils.java:logGet(44)) - raft.server.retrycache.expirytime = 600000ms (custom)
2021-11-15 10:00:47,283 [pool-93-thread-1] INFO  server.RaftServerConfigKeys (ConfUtils.java:logGet(44)) - raft.server.retrycache.statistics.expirytime = 100μs (default)
2021-11-15 10:00:47,284 [pool-55-thread-1] INFO  storage.RaftStorage (RaftStorageImpl.java:format(89)) - Storage directory /home/runner/work/ozone/ozone/hadoop-ozone/integration-test/target/test-dir/MiniOzoneClusterImpl-b6bde346-cb55-4fad-bd7f-e1da966a93e7/datanode-0/data/ratis/33a0542e-f327-46d0-9703-c68b1a57c8bb has been successfully formatted.
2021-11-15 10:00:47,284 [pool-55-thread-1] INFO  ratis.ContainerStateMachine (ContainerStateMachine.java:loadSnapshot(224)) - group-C68B1A57C8BB: The snapshot info is null. Setting the last applied indexto:(t:0, i:~)
2021-11-15 10:00:47,284 [pool-55-thread-1] INFO  server.RaftServerConfigKeys (ConfUtils.java:logGet(44)) - raft.server.notification.no-leader.timeout = 300000ms (custom)
2021-11-15 10:00:47,285 [pool-55-thread-1] INFO  server.RaftServerConfigKeys (ConfUtils.java:logGet(44)) - raft.server.log.use.memory = false (default)
2021-11-15 10:00:47,285 [pool-55-thread-1] INFO  server.RaftServerConfigKeys (ConfUtils.java:logGet(44)) - raft.server.log.purge.gap = 1000000 (custom)
2021-11-15 10:00:47,285 [pool-55-thread-1] INFO  server.RaftServerConfigKeys (ConfUtils.java:logGet(44)) - raft.server.log.appender.buffer.byte-limit = 33554432 (custom)
2021-11-15 10:00:47,285 [pool-55-thread-1] INFO  server.RaftServerConfigKeys (ConfUtils.java:logGet(44)) - raft.server.log.segment.size.max = 1048576 (custom)
2021-11-15 10:00:47,285 [pool-55-thread-1] INFO  server.RaftServerConfigKeys (ConfUtils.java:logGet(44)) - raft.server.log.segment.cache.num.max = 2 (custom)
2021-11-15 10:00:47,285 [pool-55-thread-1] INFO  server.RaftServerConfigKeys (ConfUtils.java:logGet(44)) - raft.server.log.segment.cache.size.max = 200MB (=209715200) (default)
2021-11-15 10:00:47,285 [pool-55-thread-1] INFO  segmented.SegmentedRaftLogWorker (SegmentedRaftLogWorker.java:<init>(182)) - new 5120cc87-b9ff-4d81-8e4f-818f73dade45@group-C68B1A57C8BB-SegmentedRaftLogWorker for RaftStorageImpl:Storage Directory /home/runner/work/ozone/ozone/hadoop-ozone/integration-test/target/test-dir/MiniOzoneClusterImpl-b6bde346-cb55-4fad-bd7f-e1da966a93e7/datanode-0/data/ratis/33a0542e-f327-46d0-9703-c68b1a57c8bb
2021-11-15 10:00:47,285 [pool-55-thread-1] INFO  server.RaftServerConfigKeys (ConfUtils.java:logGet(44)) - raft.server.log.queue.byte-limit = 2147483647 (custom)
2021-11-15 10:00:47,285 [pool-55-thread-1] INFO  server.RaftServerConfigKeys (ConfUtils.java:logGet(44)) - raft.server.log.queue.element-limit = 1024 (custom)
2021-11-15 10:00:47,285 [pool-55-thread-1] INFO  server.RaftServerConfigKeys (ConfUtils.java:logGet(44)) - raft.server.log.segment.size.max = 1048576 (custom)
2021-11-15 10:00:47,285 [pool-55-thread-1] INFO  server.RaftServerConfigKeys (ConfUtils.java:logGet(44)) - raft.server.log.preallocated.size = 16384 (custom)
2021-11-15 10:00:47,286 [pool-55-thread-1] INFO  server.RaftServerConfigKeys (ConfUtils.java:logGet(44)) - raft.server.log.force.sync.num = 128 (default)
2021-11-15 10:00:47,286 [pool-55-thread-1] INFO  server.RaftServerConfigKeys (ConfUtils.java:logGet(44)) - raft.server.log.statemachine.data.sync = true (default)
2021-11-15 10:00:47,286 [pool-55-thread-1] INFO  server.RaftServerConfigKeys (ConfUtils.java:logGet(44)) - raft.server.log.statemachine.data.sync.timeout = 10s (default)
2021-11-15 10:00:47,286 [pool-55-thread-1] INFO  server.RaftServerConfigKeys (ConfUtils.java:logGet(44)) - raft.server.log.statemachine.data.sync.timeout.retry = -1 (default)
2021-11-15 10:00:47,286 [pool-55-thread-1] INFO  server.RaftServerConfigKeys (ConfUtils.java:logGet(44)) - raft.server.log.write.buffer.size = 1048576 (custom)
2021-11-15 10:00:47,284 [pool-93-thread-1] INFO  server.RaftServer$Division (RaftServerImpl.java:start(301)) - 003b3e8b-8375-416f-b9b0-c8bdf761ffc2@group-958034FB3CB9: start as a follower, conf=-1: [5120cc87-b9ff-4d81-8e4f-818f73dade45|rpc:10.1.0.56:39907|dataStream:|priority:0, 003b3e8b-8375-416f-b9b0-c8bdf761ffc2|rpc:10.1.0.56:44495|dataStream:|priority:0, a5208437-b67a-4a59-91c1-79d4e747a9e2|rpc:10.1.0.56:41529|dataStream:|priority:1], old=null
2021-11-15 10:00:47,287 [pool-93-thread-1] INFO  server.RaftServer$Division (RaftServerImpl.java:setRole(290)) - 003b3e8b-8375-416f-b9b0-c8bdf761ffc2@group-958034FB3CB9: changes role from      null to FOLLOWER at term 0 for startAsFollower
2021-11-15 10:00:47,287 [pool-93-thread-1] INFO  impl.RoleInfo (RoleInfo.java:updateAndGet(130)) - 003b3e8b-8375-416f-b9b0-c8bdf761ffc2: start 003b3e8b-8375-416f-b9b0-c8bdf761ffc2@group-958034FB3CB9-FollowerState
2021-11-15 10:00:47,287 [pool-55-thread-1] INFO  server.RaftServerConfigKeys (ConfUtils.java:logGet(44)) - raft.server.log.statemachine.data.caching.enabled = true (custom)
2021-11-15 10:00:47,287 [pool-55-thread-1] INFO  segmented.SegmentedRaftLogWorker (SegmentedRaftLogWorker.java:lambda$new$0(133)) - 5120cc87-b9ff-4d81-8e4f-818f73dade45@group-C68B1A57C8BB-SegmentedRaftLogWorker: flushIndex: setUnconditionally 0 -> -1
2021-11-15 10:00:47,287 [pool-55-thread-1] INFO  segmented.SegmentedRaftLogWorker (SegmentedRaftLogWorker.java:lambda$new$0(133)) - 5120cc87-b9ff-4d81-8e4f-818f73dade45@group-C68B1A57C8BB-SegmentedRaftLogWorker: safeCacheEvictIndex: setUnconditionally 0 -> -1
2021-11-15 10:00:47,288 [pool-55-thread-1] INFO  server.RaftServerConfigKeys (ConfUtils.java:logGet(44)) - raft.server.snapshot.auto.trigger.enabled = true (custom)
2021-11-15 10:00:47,288 [pool-55-thread-1] INFO  server.RaftServerConfigKeys (ConfUtils.java:logGet(44)) - raft.server.snapshot.auto.trigger.threshold = 10000 (custom)
2021-11-15 10:00:47,289 [pool-55-thread-1] INFO  server.RaftServerConfigKeys (ConfUtils.java:logGet(44)) - raft.server.snapshot.retention.file.num = 5 (custom)
2021-11-15 10:00:47,289 [pool-55-thread-1] INFO  server.RaftServerConfigKeys (ConfUtils.java:logGet(44)) - raft.server.log.purge.upto.snapshot.index = false (default)
2021-11-15 10:00:47,289 [pool-55-thread-1] INFO  server.RaftServerConfigKeys (ConfUtils.java:logGet(44)) - raft.server.retrycache.expirytime = 600000ms (custom)
2021-11-15 10:00:47,289 [pool-55-thread-1] INFO  server.RaftServerConfigKeys (ConfUtils.java:logGet(44)) - raft.server.retrycache.statistics.expirytime = 100μs (default)
2021-11-15 10:00:47,290 [EventQueue-OpenPipelineForHealthyPipelineSafeModeRule] INFO  safemode.SCMSafeModeManager (HealthyPipelineSafeModeRule.java:process(124)) - SCM in safe mode. Healthy pipelines reported count is 0, required healthy pipeline reported count is 1
2021-11-15 10:00:47,290 [pool-93-thread-1] INFO  util.JmxRegister (JmxRegister.java:tryRegister(44)) - Successfully registered JMX Bean with object name Ratis:service=RaftServer,group=group-958034FB3CB9,id=003b3e8b-8375-416f-b9b0-c8bdf761ffc2
2021-11-15 10:00:47,292 [pool-55-thread-1] INFO  server.RaftServer$Division (RaftServerImpl.java:start(301)) - 5120cc87-b9ff-4d81-8e4f-818f73dade45@group-C68B1A57C8BB: start as a follower, conf=-1: [5120cc87-b9ff-4d81-8e4f-818f73dade45|rpc:10.1.0.56:39907|priority:0, 003b3e8b-8375-416f-b9b0-c8bdf761ffc2|rpc:10.1.0.56:44495|priority:1, a5208437-b67a-4a59-91c1-79d4e747a9e2|rpc:10.1.0.56:41529|priority:0], old=null
2021-11-15 10:00:47,292 [pool-55-thread-1] INFO  server.RaftServer$Division (RaftServerImpl.java:setRole(290)) - 5120cc87-b9ff-4d81-8e4f-818f73dade45@group-C68B1A57C8BB: changes role from      null to FOLLOWER at term 0 for startAsFollower
2021-11-15 10:00:47,292 [pool-55-thread-1] INFO  impl.RoleInfo (RoleInfo.java:updateAndGet(130)) - 5120cc87-b9ff-4d81-8e4f-818f73dade45: start 5120cc87-b9ff-4d81-8e4f-818f73dade45@group-C68B1A57C8BB-FollowerState
2021-11-15 10:00:47,293 [pool-55-thread-1] INFO  util.JmxRegister (JmxRegister.java:tryRegister(44)) - Successfully registered JMX Bean with object name Ratis:service=RaftServer,group=group-C68B1A57C8BB,id=5120cc87-b9ff-4d81-8e4f-818f73dade45
2021-11-15 10:00:47,295 [Command processor thread] INFO  ratis.XceiverServerRatis (XceiverServerRatis.java:addGroup(768)) - Created group PipelineID=33a0542e-f327-46d0-9703-c68b1a57c8bb
2021-11-15 10:00:47,323 [grpc-default-executor-1] INFO  server.RaftServer (RaftServerProxy.java:addNew(95)) - 003b3e8b-8375-416f-b9b0-c8bdf761ffc2: addNew group-C68B1A57C8BB:[5120cc87-b9ff-4d81-8e4f-818f73dade45|rpc:10.1.0.56:39907|dataStream:|priority:0, 003b3e8b-8375-416f-b9b0-c8bdf761ffc2|rpc:10.1.0.56:44495|dataStream:|priority:1, a5208437-b67a-4a59-91c1-79d4e747a9e2|rpc:10.1.0.56:41529|dataStream:|priority:0] returns group-C68B1A57C8BB:java.util.concurrent.CompletableFuture@6713f98d[Not completed]
2021-11-15 10:00:47,324 [pool-93-thread-1] INFO  server.RaftServer$Division (RaftServerImpl.java:<init>(184)) - 003b3e8b-8375-416f-b9b0-c8bdf761ffc2: new RaftServerImpl for group-C68B1A57C8BB:[5120cc87-b9ff-4d81-8e4f-818f73dade45|rpc:10.1.0.56:39907|dataStream:|priority:0, 003b3e8b-8375-416f-b9b0-c8bdf761ffc2|rpc:10.1.0.56:44495|dataStream:|priority:1, a5208437-b67a-4a59-91c1-79d4e747a9e2|rpc:10.1.0.56:41529|dataStream:|priority:0] with ContainerStateMachine:uninitialized
2021-11-15 10:00:47,324 [pool-93-thread-1] INFO  server.RaftServerConfigKeys (ConfUtils.java:logGet(44)) - raft.server.rpc.timeout.min = 5s (custom)
2021-11-15 10:00:47,325 [pool-93-thread-1] INFO  server.RaftServerConfigKeys (ConfUtils.java:logGet(44)) - raft.server.rpc.timeout.max = 5200ms (custom)
2021-11-15 10:00:47,325 [pool-93-thread-1] INFO  server.RaftServerConfigKeys (ConfUtils.java:logGet(44)) - raft.server.rpc.sleep.time = 25ms (default)
2021-11-15 10:00:47,325 [pool-93-thread-1] INFO  server.RaftServerConfigKeys (ConfUtils.java:logGet(44)) - raft.server.rpc.slowness.timeout = 300000ms (custom)
2021-11-15 10:00:47,325 [pool-93-thread-1] INFO  server.RaftServerConfigKeys (ConfUtils.java:logGet(44)) - raft.server.leaderelection.leader.step-down.wait-time = 10s (default)
2021-11-15 10:00:47,325 [pool-93-thread-1] INFO  server.RaftServerConfigKeys (ConfUtils.java:logGet(44)) - raft.server.sleep.deviation.threshold = 300ms (default)
2021-11-15 10:00:47,325 [pool-93-thread-1] INFO  server.RaftServerConfigKeys (ConfUtils.java:logGet(44)) - raft.server.log.appender.install.snapshot.enabled = false (custom)
2021-11-15 10:00:47,325 [pool-93-thread-1] INFO  server.RaftServer$Division (ServerState.java:<init>(105)) - 003b3e8b-8375-416f-b9b0-c8bdf761ffc2@group-C68B1A57C8BB: ConfigurationManager, init=-1: [5120cc87-b9ff-4d81-8e4f-818f73dade45|rpc:10.1.0.56:39907|dataStream:|priority:0, 003b3e8b-8375-416f-b9b0-c8bdf761ffc2|rpc:10.1.0.56:44495|dataStream:|priority:1, a5208437-b67a-4a59-91c1-79d4e747a9e2|rpc:10.1.0.56:41529|dataStream:|priority:0], old=null, confs=<EMPTY_MAP>
2021-11-15 10:00:47,325 [pool-93-thread-1] INFO  server.RaftServerConfigKeys (ConfUtils.java:logGet(44)) - raft.server.storage.dir = [/home/runner/work/ozone/ozone/hadoop-ozone/integration-test/target/test-dir/MiniOzoneClusterImpl-b6bde346-cb55-4fad-bd7f-e1da966a93e7/datanode-2/data/ratis] (custom)
2021-11-15 10:00:47,325 [pool-93-thread-1] INFO  server.RaftServerConfigKeys (ConfUtils.java:logGet(44)) - raft.server.log.corruption.policy = EXCEPTION (default)
2021-11-15 10:00:47,325 [pool-93-thread-1] INFO  server.RaftServerConfigKeys (ConfUtils.java:logGet(44)) - raft.server.storage.free-space.min = 0MB (=0) (default)
2021-11-15 10:00:47,325 [pool-93-thread-1] INFO  storage.RaftStorageDirectory (RaftStorageDirectoryImpl.java:analyzeStorage(135)) - The storage directory /home/runner/work/ozone/ozone/hadoop-ozone/integration-test/target/test-dir/MiniOzoneClusterImpl-b6bde346-cb55-4fad-bd7f-e1da966a93e7/datanode-2/data/ratis/33a0542e-f327-46d0-9703-c68b1a57c8bb does not exist. Creating ...
2021-11-15 10:00:47,326 [pool-93-thread-1] INFO  storage.RaftStorageDirectory (RaftStorageDirectoryImpl.java:tryLock(230)) - Lock on /home/runner/work/ozone/ozone/hadoop-ozone/integration-test/target/test-dir/MiniOzoneClusterImpl-b6bde346-cb55-4fad-bd7f-e1da966a93e7/datanode-2/data/ratis/33a0542e-f327-46d0-9703-c68b1a57c8bb/in_use.lock acquired by nodename 2776@fv-az12-743
2021-11-15 10:00:47,332 [pool-93-thread-1] INFO  storage.RaftStorage (RaftStorageImpl.java:format(89)) - Storage directory /home/runner/work/ozone/ozone/hadoop-ozone/integration-test/target/test-dir/MiniOzoneClusterImpl-b6bde346-cb55-4fad-bd7f-e1da966a93e7/datanode-2/data/ratis/33a0542e-f327-46d0-9703-c68b1a57c8bb has been successfully formatted.
2021-11-15 10:00:47,332 [pool-93-thread-1] INFO  ratis.ContainerStateMachine (ContainerStateMachine.java:loadSnapshot(224)) - group-C68B1A57C8BB: The snapshot info is null. Setting the last applied indexto:(t:0, i:~)
2021-11-15 10:00:47,332 [pool-93-thread-1] INFO  server.RaftServerConfigKeys (ConfUtils.java:logGet(44)) - raft.server.notification.no-leader.timeout = 300000ms (custom)
2021-11-15 10:00:47,332 [pool-93-thread-1] INFO  server.RaftServerConfigKeys (ConfUtils.java:logGet(44)) - raft.server.log.use.memory = false (default)
2021-11-15 10:00:47,332 [pool-93-thread-1] INFO  server.RaftServerConfigKeys (ConfUtils.java:logGet(44)) - raft.server.log.purge.gap = 1000000 (custom)
2021-11-15 10:00:47,332 [pool-93-thread-1] INFO  server.RaftServerConfigKeys (ConfUtils.java:logGet(44)) - raft.server.log.appender.buffer.byte-limit = 33554432 (custom)
2021-11-15 10:00:47,333 [pool-93-thread-1] INFO  server.RaftServerConfigKeys (ConfUtils.java:logGet(44)) - raft.server.log.segment.size.max = 1048576 (custom)
2021-11-15 10:00:47,333 [pool-93-thread-1] INFO  server.RaftServerConfigKeys (ConfUtils.java:logGet(44)) - raft.server.log.segment.cache.num.max = 2 (custom)
2021-11-15 10:00:47,333 [pool-93-thread-1] INFO  server.RaftServerConfigKeys (ConfUtils.java:logGet(44)) - raft.server.log.segment.cache.size.max = 200MB (=209715200) (default)
2021-11-15 10:00:47,333 [pool-93-thread-1] INFO  segmented.SegmentedRaftLogWorker (SegmentedRaftLogWorker.java:<init>(182)) - new 003b3e8b-8375-416f-b9b0-c8bdf761ffc2@group-C68B1A57C8BB-SegmentedRaftLogWorker for RaftStorageImpl:Storage Directory /home/runner/work/ozone/ozone/hadoop-ozone/integration-test/target/test-dir/MiniOzoneClusterImpl-b6bde346-cb55-4fad-bd7f-e1da966a93e7/datanode-2/data/ratis/33a0542e-f327-46d0-9703-c68b1a57c8bb
2021-11-15 10:00:47,333 [pool-93-thread-1] INFO  server.RaftServerConfigKeys (ConfUtils.java:logGet(44)) - raft.server.log.queue.byte-limit = 2147483647 (custom)
2021-11-15 10:00:47,333 [pool-93-thread-1] INFO  server.RaftServerConfigKeys (ConfUtils.java:logGet(44)) - raft.server.log.queue.element-limit = 1024 (custom)
2021-11-15 10:00:47,333 [pool-93-thread-1] INFO  server.RaftServerConfigKeys (ConfUtils.java:logGet(44)) - raft.server.log.segment.size.max = 1048576 (custom)
2021-11-15 10:00:47,333 [pool-93-thread-1] INFO  server.RaftServerConfigKeys (ConfUtils.java:logGet(44)) - raft.server.log.preallocated.size = 16384 (custom)
2021-11-15 10:00:47,333 [pool-93-thread-1] INFO  server.RaftServerConfigKeys (ConfUtils.java:logGet(44)) - raft.server.log.force.sync.num = 128 (default)
2021-11-15 10:00:47,334 [pool-93-thread-1] INFO  server.RaftServerConfigKeys (ConfUtils.java:logGet(44)) - raft.server.log.statemachine.data.sync = true (default)
2021-11-15 10:00:47,334 [pool-93-thread-1] INFO  server.RaftServerConfigKeys (ConfUtils.java:logGet(44)) - raft.server.log.statemachine.data.sync.timeout = 10s (default)
2021-11-15 10:00:47,334 [pool-93-thread-1] INFO  server.RaftServerConfigKeys (ConfUtils.java:logGet(44)) - raft.server.log.statemachine.data.sync.timeout.retry = -1 (default)
2021-11-15 10:00:47,334 [pool-93-thread-1] INFO  server.RaftServerConfigKeys (ConfUtils.java:logGet(44)) - raft.server.log.write.buffer.size = 1048576 (custom)
2021-11-15 10:00:47,337 [Command processor thread] INFO  commandhandler.CreatePipelineCommandHandler (CreatePipelineCommandHandler.java:handle(106)) - Created Pipeline RATIS THREE PipelineID=6b80ec7e-7769-4d47-a846-958034fb3cb9.
2021-11-15 10:00:47,338 [pool-74-thread-1] INFO  server.RaftServer$Division (RaftServerImpl.java:<init>(184)) - a5208437-b67a-4a59-91c1-79d4e747a9e2: new RaftServerImpl for group-C68B1A57C8BB:[5120cc87-b9ff-4d81-8e4f-818f73dade45|rpc:10.1.0.56:39907|priority:0, 003b3e8b-8375-416f-b9b0-c8bdf761ffc2|rpc:10.1.0.56:44495|priority:1, a5208437-b67a-4a59-91c1-79d4e747a9e2|rpc:10.1.0.56:41529|priority:0] with ContainerStateMachine:uninitialized
2021-11-15 10:00:47,338 [pool-74-thread-1] INFO  server.RaftServerConfigKeys (ConfUtils.java:logGet(44)) - raft.server.rpc.timeout.min = 5s (custom)
2021-11-15 10:00:47,338 [pool-74-thread-1] INFO  server.RaftServerConfigKeys (ConfUtils.java:logGet(44)) - raft.server.rpc.timeout.max = 5200ms (custom)
2021-11-15 10:00:47,338 [pool-74-thread-1] INFO  server.RaftServerConfigKeys (ConfUtils.java:logGet(44)) - raft.server.rpc.sleep.time = 25ms (default)
2021-11-15 10:00:47,338 [pool-74-thread-1] INFO  server.RaftServerConfigKeys (ConfUtils.java:logGet(44)) - raft.server.rpc.slowness.timeout = 300000ms (custom)
2021-11-15 10:00:47,338 [pool-74-thread-1] INFO  server.RaftServerConfigKeys (ConfUtils.java:logGet(44)) - raft.server.leaderelection.leader.step-down.wait-time = 10s (default)
2021-11-15 10:00:47,338 [pool-74-thread-1] INFO  server.RaftServerConfigKeys (ConfUtils.java:logGet(44)) - raft.server.sleep.deviation.threshold = 300ms (default)
2021-11-15 10:00:47,339 [pool-74-thread-1] INFO  server.RaftServerConfigKeys (ConfUtils.java:logGet(44)) - raft.server.log.appender.install.snapshot.enabled = false (custom)
2021-11-15 10:00:47,339 [pool-74-thread-1] INFO  server.RaftServer$Division (ServerState.java:<init>(105)) - a5208437-b67a-4a59-91c1-79d4e747a9e2@group-C68B1A57C8BB: ConfigurationManager, init=-1: [5120cc87-b9ff-4d81-8e4f-818f73dade45|rpc:10.1.0.56:39907|priority:0, 003b3e8b-8375-416f-b9b0-c8bdf761ffc2|rpc:10.1.0.56:44495|priority:1, a5208437-b67a-4a59-91c1-79d4e747a9e2|rpc:10.1.0.56:41529|priority:0], old=null, confs=<EMPTY_MAP>
2021-11-15 10:00:47,339 [pool-74-thread-1] INFO  server.RaftServerConfigKeys (ConfUtils.java:logGet(44)) - raft.server.storage.dir = [/home/runner/work/ozone/ozone/hadoop-ozone/integration-test/target/test-dir/MiniOzoneClusterImpl-b6bde346-cb55-4fad-bd7f-e1da966a93e7/datanode-1/data/ratis] (custom)
2021-11-15 10:00:47,339 [pool-74-thread-1] INFO  server.RaftServerConfigKeys (ConfUtils.java:logGet(44)) - raft.server.log.corruption.policy = EXCEPTION (default)
2021-11-15 10:00:47,339 [pool-74-thread-1] INFO  server.RaftServerConfigKeys (ConfUtils.java:logGet(44)) - raft.server.storage.free-space.min = 0MB (=0) (default)
2021-11-15 10:00:47,339 [pool-74-thread-1] INFO  storage.RaftStorageDirectory (RaftStorageDirectoryImpl.java:analyzeStorage(135)) - The storage directory /home/runner/work/ozone/ozone/hadoop-ozone/integration-test/target/test-dir/MiniOzoneClusterImpl-b6bde346-cb55-4fad-bd7f-e1da966a93e7/datanode-1/data/ratis/33a0542e-f327-46d0-9703-c68b1a57c8bb does not exist. Creating ...
2021-11-15 10:00:47,340 [Command processor thread] INFO  server.RaftServer (RaftServerProxy.java:addNew(95)) - a5208437-b67a-4a59-91c1-79d4e747a9e2: addNew group-C68B1A57C8BB:[5120cc87-b9ff-4d81-8e4f-818f73dade45|rpc:10.1.0.56:39907|priority:0, 003b3e8b-8375-416f-b9b0-c8bdf761ffc2|rpc:10.1.0.56:44495|priority:1, a5208437-b67a-4a59-91c1-79d4e747a9e2|rpc:10.1.0.56:41529|priority:0] returns group-C68B1A57C8BB:java.util.concurrent.CompletableFuture@960f0aa[Not completed]
2021-11-15 10:00:47,340 [pool-93-thread-1] INFO  server.RaftServerConfigKeys (ConfUtils.java:logGet(44)) - raft.server.log.statemachine.data.caching.enabled = true (custom)
2021-11-15 10:00:47,340 [pool-74-thread-1] INFO  storage.RaftStorageDirectory (RaftStorageDirectoryImpl.java:tryLock(230)) - Lock on /home/runner/work/ozone/ozone/hadoop-ozone/integration-test/target/test-dir/MiniOzoneClusterImpl-b6bde346-cb55-4fad-bd7f-e1da966a93e7/datanode-1/data/ratis/33a0542e-f327-46d0-9703-c68b1a57c8bb/in_use.lock acquired by nodename 2776@fv-az12-743
2021-11-15 10:00:47,341 [pool-93-thread-1] INFO  segmented.SegmentedRaftLogWorker (SegmentedRaftLogWorker.java:lambda$new$0(133)) - 003b3e8b-8375-416f-b9b0-c8bdf761ffc2@group-C68B1A57C8BB-SegmentedRaftLogWorker: flushIndex: setUnconditionally 0 -> -1
2021-11-15 10:00:47,342 [pool-93-thread-1] INFO  segmented.SegmentedRaftLogWorker (SegmentedRaftLogWorker.java:lambda$new$0(133)) - 003b3e8b-8375-416f-b9b0-c8bdf761ffc2@group-C68B1A57C8BB-SegmentedRaftLogWorker: safeCacheEvictIndex: setUnconditionally 0 -> -1
2021-11-15 10:00:47,343 [pool-74-thread-1] INFO  storage.RaftStorage (RaftStorageImpl.java:format(89)) - Storage directory /home/runner/work/ozone/ozone/hadoop-ozone/integration-test/target/test-dir/MiniOzoneClusterImpl-b6bde346-cb55-4fad-bd7f-e1da966a93e7/datanode-1/data/ratis/33a0542e-f327-46d0-9703-c68b1a57c8bb has been successfully formatted.
2021-11-15 10:00:47,343 [pool-93-thread-1] INFO  server.RaftServerConfigKeys (ConfUtils.java:logGet(44)) - raft.server.snapshot.auto.trigger.enabled = true (custom)
2021-11-15 10:00:47,343 [pool-93-thread-1] INFO  server.RaftServerConfigKeys (ConfUtils.java:logGet(44)) - raft.server.snapshot.auto.trigger.threshold = 10000 (custom)
2021-11-15 10:00:47,344 [pool-93-thread-1] INFO  server.RaftServerConfigKeys (ConfUtils.java:logGet(44)) - raft.server.snapshot.retention.file.num = 5 (custom)
2021-11-15 10:00:47,344 [pool-93-thread-1] INFO  server.RaftServerConfigKeys (ConfUtils.java:logGet(44)) - raft.server.log.purge.upto.snapshot.index = false (default)
2021-11-15 10:00:47,344 [pool-93-thread-1] INFO  server.RaftServerConfigKeys (ConfUtils.java:logGet(44)) - raft.server.retrycache.expirytime = 600000ms (custom)
2021-11-15 10:00:47,344 [pool-93-thread-1] INFO  server.RaftServerConfigKeys (ConfUtils.java:logGet(44)) - raft.server.retrycache.statistics.expirytime = 100μs (default)
2021-11-15 10:00:47,345 [pool-93-thread-1] INFO  server.RaftServer$Division (RaftServerImpl.java:start(301)) - 003b3e8b-8375-416f-b9b0-c8bdf761ffc2@group-C68B1A57C8BB: start as a follower, conf=-1: [5120cc87-b9ff-4d81-8e4f-818f73dade45|rpc:10.1.0.56:39907|dataStream:|priority:0, 003b3e8b-8375-416f-b9b0-c8bdf761ffc2|rpc:10.1.0.56:44495|dataStream:|priority:1, a5208437-b67a-4a59-91c1-79d4e747a9e2|rpc:10.1.0.56:41529|dataStream:|priority:0], old=null
2021-11-15 10:00:47,345 [pool-93-thread-1] INFO  server.RaftServer$Division (RaftServerImpl.java:setRole(290)) - 003b3e8b-8375-416f-b9b0-c8bdf761ffc2@group-C68B1A57C8BB: changes role from      null to FOLLOWER at term 0 for startAsFollower
2021-11-15 10:00:47,345 [pool-93-thread-1] INFO  impl.RoleInfo (RoleInfo.java:updateAndGet(130)) - 003b3e8b-8375-416f-b9b0-c8bdf761ffc2: start 003b3e8b-8375-416f-b9b0-c8bdf761ffc2@group-C68B1A57C8BB-FollowerState
2021-11-15 10:00:47,345 [pool-74-thread-1] INFO  ratis.ContainerStateMachine (ContainerStateMachine.java:loadSnapshot(224)) - group-C68B1A57C8BB: The snapshot info is null. Setting the last applied indexto:(t:0, i:~)
2021-11-15 10:00:47,345 [pool-74-thread-1] INFO  server.RaftServerConfigKeys (ConfUtils.java:logGet(44)) - raft.server.notification.no-leader.timeout = 300000ms (custom)
2021-11-15 10:00:47,346 [pool-93-thread-1] INFO  util.JmxRegister (JmxRegister.java:tryRegister(44)) - Successfully registered JMX Bean with object name Ratis:service=RaftServer,group=group-C68B1A57C8BB,id=003b3e8b-8375-416f-b9b0-c8bdf761ffc2
2021-11-15 10:00:47,346 [pool-74-thread-1] INFO  server.RaftServerConfigKeys (ConfUtils.java:logGet(44)) - raft.server.log.use.memory = false (default)
2021-11-15 10:00:47,346 [pool-74-thread-1] INFO  server.RaftServerConfigKeys (ConfUtils.java:logGet(44)) - raft.server.log.purge.gap = 1000000 (custom)
2021-11-15 10:00:47,346 [pool-74-thread-1] INFO  server.RaftServerConfigKeys (ConfUtils.java:logGet(44)) - raft.server.log.appender.buffer.byte-limit = 33554432 (custom)
2021-11-15 10:00:47,346 [pool-74-thread-1] INFO  server.RaftServerConfigKeys (ConfUtils.java:logGet(44)) - raft.server.log.segment.size.max = 1048576 (custom)
2021-11-15 10:00:47,352 [Command processor thread] INFO  server.RaftServer (RaftServerProxy.java:addNew(95)) - 003b3e8b-8375-416f-b9b0-c8bdf761ffc2: addNew group-92D9495462DA:[003b3e8b-8375-416f-b9b0-c8bdf761ffc2|rpc:10.1.0.56:44495|priority:1] returns group-92D9495462DA:java.util.concurrent.CompletableFuture@691b9283[Not completed]
2021-11-15 10:00:47,353 [EventQueue-OpenPipelineForHealthyPipelineSafeModeRule] INFO  safemode.SCMSafeModeManager (HealthyPipelineSafeModeRule.java:process(124)) - SCM in safe mode. Healthy pipelines reported count is 0, required healthy pipeline reported count is 1
2021-11-15 10:00:47,354 [pool-74-thread-1] INFO  server.RaftServerConfigKeys (ConfUtils.java:logGet(44)) - raft.server.log.segment.cache.num.max = 2 (custom)
2021-11-15 10:00:47,354 [pool-74-thread-1] INFO  server.RaftServerConfigKeys (ConfUtils.java:logGet(44)) - raft.server.log.segment.cache.size.max = 200MB (=209715200) (default)
2021-11-15 10:00:47,354 [pool-74-thread-1] INFO  segmented.SegmentedRaftLogWorker (SegmentedRaftLogWorker.java:<init>(182)) - new a5208437-b67a-4a59-91c1-79d4e747a9e2@group-C68B1A57C8BB-SegmentedRaftLogWorker for RaftStorageImpl:Storage Directory /home/runner/work/ozone/ozone/hadoop-ozone/integration-test/target/test-dir/MiniOzoneClusterImpl-b6bde346-cb55-4fad-bd7f-e1da966a93e7/datanode-1/data/ratis/33a0542e-f327-46d0-9703-c68b1a57c8bb
2021-11-15 10:00:47,354 [pool-74-thread-1] INFO  server.RaftServerConfigKeys (ConfUtils.java:logGet(44)) - raft.server.log.queue.byte-limit = 2147483647 (custom)
2021-11-15 10:00:47,354 [pool-74-thread-1] INFO  server.RaftServerConfigKeys (ConfUtils.java:logGet(44)) - raft.server.log.queue.element-limit = 1024 (custom)
2021-11-15 10:00:47,354 [pool-74-thread-1] INFO  server.RaftServerConfigKeys (ConfUtils.java:logGet(44)) - raft.server.log.segment.size.max = 1048576 (custom)
2021-11-15 10:00:47,354 [pool-74-thread-1] INFO  server.RaftServerConfigKeys (ConfUtils.java:logGet(44)) - raft.server.log.preallocated.size = 16384 (custom)
2021-11-15 10:00:47,354 [pool-74-thread-1] INFO  server.RaftServerConfigKeys (ConfUtils.java:logGet(44)) - raft.server.log.force.sync.num = 128 (default)
2021-11-15 10:00:47,354 [pool-74-thread-1] INFO  server.RaftServerConfigKeys (ConfUtils.java:logGet(44)) - raft.server.log.statemachine.data.sync = true (default)
2021-11-15 10:00:47,354 [pool-74-thread-1] INFO  server.RaftServerConfigKeys (ConfUtils.java:logGet(44)) - raft.server.log.statemachine.data.sync.timeout = 10s (default)
2021-11-15 10:00:47,354 [pool-74-thread-1] INFO  server.RaftServerConfigKeys (ConfUtils.java:logGet(44)) - raft.server.log.statemachine.data.sync.timeout.retry = -1 (default)
2021-11-15 10:00:47,355 [pool-93-thread-1] INFO  server.RaftServer$Division (RaftServerImpl.java:<init>(184)) - 003b3e8b-8375-416f-b9b0-c8bdf761ffc2: new RaftServerImpl for group-92D9495462DA:[003b3e8b-8375-416f-b9b0-c8bdf761ffc2|rpc:10.1.0.56:44495|priority:1] with ContainerStateMachine:uninitialized
2021-11-15 10:00:47,355 [pool-93-thread-1] INFO  server.RaftServerConfigKeys (ConfUtils.java:logGet(44)) - raft.server.rpc.timeout.min = 5s (custom)
2021-11-15 10:00:47,355 [pool-93-thread-1] INFO  server.RaftServerConfigKeys (ConfUtils.java:logGet(44)) - raft.server.rpc.timeout.max = 5200ms (custom)
2021-11-15 10:00:47,355 [pool-93-thread-1] INFO  server.RaftServerConfigKeys (ConfUtils.java:logGet(44)) - raft.server.rpc.sleep.time = 25ms (default)
2021-11-15 10:00:47,355 [pool-93-thread-1] INFO  server.RaftServerConfigKeys (ConfUtils.java:logGet(44)) - raft.server.rpc.slowness.timeout = 300000ms (custom)
2021-11-15 10:00:47,355 [pool-93-thread-1] INFO  server.RaftServerConfigKeys (ConfUtils.java:logGet(44)) - raft.server.leaderelection.leader.step-down.wait-time = 10s (default)
2021-11-15 10:00:47,355 [pool-93-thread-1] INFO  server.RaftServerConfigKeys (ConfUtils.java:logGet(44)) - raft.server.sleep.deviation.threshold = 300ms (default)
2021-11-15 10:00:47,355 [pool-93-thread-1] INFO  server.RaftServerConfigKeys (ConfUtils.java:logGet(44)) - raft.server.log.appender.install.snapshot.enabled = false (custom)
2021-11-15 10:00:47,355 [pool-93-thread-1] INFO  server.RaftServer$Division (ServerState.java:<init>(105)) - 003b3e8b-8375-416f-b9b0-c8bdf761ffc2@group-92D9495462DA: ConfigurationManager, init=-1: [003b3e8b-8375-416f-b9b0-c8bdf761ffc2|rpc:10.1.0.56:44495|priority:1], old=null, confs=<EMPTY_MAP>
2021-11-15 10:00:47,355 [pool-74-thread-1] INFO  server.RaftServerConfigKeys (ConfUtils.java:logGet(44)) - raft.server.log.write.buffer.size = 1048576 (custom)
2021-11-15 10:00:47,355 [pool-93-thread-1] INFO  server.RaftServerConfigKeys (ConfUtils.java:logGet(44)) - raft.server.storage.dir = [/home/runner/work/ozone/ozone/hadoop-ozone/integration-test/target/test-dir/MiniOzoneClusterImpl-b6bde346-cb55-4fad-bd7f-e1da966a93e7/datanode-2/data/ratis] (custom)
2021-11-15 10:00:47,355 [pool-93-thread-1] INFO  server.RaftServerConfigKeys (ConfUtils.java:logGet(44)) - raft.server.log.corruption.policy = EXCEPTION (default)
2021-11-15 10:00:47,356 [pool-93-thread-1] INFO  server.RaftServerConfigKeys (ConfUtils.java:logGet(44)) - raft.server.storage.free-space.min = 0MB (=0) (default)
2021-11-15 10:00:47,356 [pool-93-thread-1] INFO  storage.RaftStorageDirectory (RaftStorageDirectoryImpl.java:analyzeStorage(135)) - The storage directory /home/runner/work/ozone/ozone/hadoop-ozone/integration-test/target/test-dir/MiniOzoneClusterImpl-b6bde346-cb55-4fad-bd7f-e1da966a93e7/datanode-2/data/ratis/390c5ae0-fb4e-4f8e-abcf-92d9495462da does not exist. Creating ...
2021-11-15 10:00:47,356 [pool-74-thread-1] INFO  server.RaftServerConfigKeys (ConfUtils.java:logGet(44)) - raft.server.log.statemachine.data.caching.enabled = true (custom)
2021-11-15 10:00:47,356 [pool-74-thread-1] INFO  segmented.SegmentedRaftLogWorker (SegmentedRaftLogWorker.java:lambda$new$0(133)) - a5208437-b67a-4a59-91c1-79d4e747a9e2@group-C68B1A57C8BB-SegmentedRaftLogWorker: flushIndex: setUnconditionally 0 -> -1
2021-11-15 10:00:47,356 [pool-74-thread-1] INFO  segmented.SegmentedRaftLogWorker (SegmentedRaftLogWorker.java:lambda$new$0(133)) - a5208437-b67a-4a59-91c1-79d4e747a9e2@group-C68B1A57C8BB-SegmentedRaftLogWorker: safeCacheEvictIndex: setUnconditionally 0 -> -1
2021-11-15 10:00:47,363 [pool-74-thread-1] INFO  server.RaftServerConfigKeys (ConfUtils.java:logGet(44)) - raft.server.snapshot.auto.trigger.enabled = true (custom)
2021-11-15 10:00:47,363 [pool-74-thread-1] INFO  server.RaftServerConfigKeys (ConfUtils.java:logGet(44)) - raft.server.snapshot.auto.trigger.threshold = 10000 (custom)
2021-11-15 10:00:47,363 [pool-74-thread-1] INFO  server.RaftServerConfigKeys (ConfUtils.java:logGet(44)) - raft.server.snapshot.retention.file.num = 5 (custom)
2021-11-15 10:00:47,363 [pool-74-thread-1] INFO  server.RaftServerConfigKeys (ConfUtils.java:logGet(44)) - raft.server.log.purge.upto.snapshot.index = false (default)
2021-11-15 10:00:47,363 [pool-74-thread-1] INFO  server.RaftServerConfigKeys (ConfUtils.java:logGet(44)) - raft.server.retrycache.expirytime = 600000ms (custom)
2021-11-15 10:00:47,363 [pool-74-thread-1] INFO  server.RaftServerConfigKeys (ConfUtils.java:logGet(44)) - raft.server.retrycache.statistics.expirytime = 100μs (default)
2021-11-15 10:00:47,366 [pool-74-thread-1] INFO  server.RaftServer$Division (RaftServerImpl.java:start(301)) - a5208437-b67a-4a59-91c1-79d4e747a9e2@group-C68B1A57C8BB: start as a follower, conf=-1: [5120cc87-b9ff-4d81-8e4f-818f73dade45|rpc:10.1.0.56:39907|priority:0, 003b3e8b-8375-416f-b9b0-c8bdf761ffc2|rpc:10.1.0.56:44495|priority:1, a5208437-b67a-4a59-91c1-79d4e747a9e2|rpc:10.1.0.56:41529|priority:0], old=null
2021-11-15 10:00:47,366 [pool-74-thread-1] INFO  server.RaftServer$Division (RaftServerImpl.java:setRole(290)) - a5208437-b67a-4a59-91c1-79d4e747a9e2@group-C68B1A57C8BB: changes role from      null to FOLLOWER at term 0 for startAsFollower
2021-11-15 10:00:47,366 [pool-93-thread-1] INFO  storage.RaftStorageDirectory (RaftStorageDirectoryImpl.java:tryLock(230)) - Lock on /home/runner/work/ozone/ozone/hadoop-ozone/integration-test/target/test-dir/MiniOzoneClusterImpl-b6bde346-cb55-4fad-bd7f-e1da966a93e7/datanode-2/data/ratis/390c5ae0-fb4e-4f8e-abcf-92d9495462da/in_use.lock acquired by nodename 2776@fv-az12-743
2021-11-15 10:00:47,366 [pool-74-thread-1] INFO  impl.RoleInfo (RoleInfo.java:updateAndGet(130)) - a5208437-b67a-4a59-91c1-79d4e747a9e2: start a5208437-b67a-4a59-91c1-79d4e747a9e2@group-C68B1A57C8BB-FollowerState
2021-11-15 10:00:47,366 [pool-74-thread-1] INFO  util.JmxRegister (JmxRegister.java:tryRegister(44)) - Successfully registered JMX Bean with object name Ratis:service=RaftServer,group=group-C68B1A57C8BB,id=a5208437-b67a-4a59-91c1-79d4e747a9e2
2021-11-15 10:00:47,367 [pool-93-thread-1] INFO  storage.RaftStorage (RaftStorageImpl.java:format(89)) - Storage directory /home/runner/work/ozone/ozone/hadoop-ozone/integration-test/target/test-dir/MiniOzoneClusterImpl-b6bde346-cb55-4fad-bd7f-e1da966a93e7/datanode-2/data/ratis/390c5ae0-fb4e-4f8e-abcf-92d9495462da has been successfully formatted.
2021-11-15 10:00:47,368 [pool-93-thread-1] INFO  ratis.ContainerStateMachine (ContainerStateMachine.java:loadSnapshot(224)) - group-92D9495462DA: The snapshot info is null. Setting the last applied indexto:(t:0, i:~)
2021-11-15 10:00:47,368 [pool-93-thread-1] INFO  server.RaftServerConfigKeys (ConfUtils.java:logGet(44)) - raft.server.notification.no-leader.timeout = 300000ms (custom)
2021-11-15 10:00:47,368 [pool-93-thread-1] INFO  server.RaftServerConfigKeys (ConfUtils.java:logGet(44)) - raft.server.log.use.memory = false (default)
2021-11-15 10:00:47,368 [pool-93-thread-1] INFO  server.RaftServerConfigKeys (ConfUtils.java:logGet(44)) - raft.server.log.purge.gap = 1000000 (custom)
2021-11-15 10:00:47,368 [pool-93-thread-1] INFO  server.RaftServerConfigKeys (ConfUtils.java:logGet(44)) - raft.server.log.appender.buffer.byte-limit = 33554432 (custom)
2021-11-15 10:00:47,368 [pool-93-thread-1] INFO  server.RaftServerConfigKeys (ConfUtils.java:logGet(44)) - raft.server.log.segment.size.max = 1048576 (custom)
2021-11-15 10:00:47,369 [pool-93-thread-1] INFO  server.RaftServerConfigKeys (ConfUtils.java:logGet(44)) - raft.server.log.segment.cache.num.max = 2 (custom)
2021-11-15 10:00:47,369 [pool-93-thread-1] INFO  server.RaftServerConfigKeys (ConfUtils.java:logGet(44)) - raft.server.log.segment.cache.size.max = 200MB (=209715200) (default)
2021-11-15 10:00:47,369 [pool-93-thread-1] INFO  segmented.SegmentedRaftLogWorker (SegmentedRaftLogWorker.java:<init>(182)) - new 003b3e8b-8375-416f-b9b0-c8bdf761ffc2@group-92D9495462DA-SegmentedRaftLogWorker for RaftStorageImpl:Storage Directory /home/runner/work/ozone/ozone/hadoop-ozone/integration-test/target/test-dir/MiniOzoneClusterImpl-b6bde346-cb55-4fad-bd7f-e1da966a93e7/datanode-2/data/ratis/390c5ae0-fb4e-4f8e-abcf-92d9495462da
2021-11-15 10:00:47,369 [pool-93-thread-1] INFO  server.RaftServerConfigKeys (ConfUtils.java:logGet(44)) - raft.server.log.queue.byte-limit = 2147483647 (custom)
2021-11-15 10:00:47,369 [pool-93-thread-1] INFO  server.RaftServerConfigKeys (ConfUtils.java:logGet(44)) - raft.server.log.queue.element-limit = 1024 (custom)
2021-11-15 10:00:47,369 [pool-93-thread-1] INFO  server.RaftServerConfigKeys (ConfUtils.java:logGet(44)) - raft.server.log.segment.size.max = 1048576 (custom)
2021-11-15 10:00:47,369 [pool-93-thread-1] INFO  server.RaftServerConfigKeys (ConfUtils.java:logGet(44)) - raft.server.log.preallocated.size = 16384 (custom)
2021-11-15 10:00:47,369 [pool-93-thread-1] INFO  server.RaftServerConfigKeys (ConfUtils.java:logGet(44)) - raft.server.log.force.sync.num = 128 (default)
2021-11-15 10:00:47,369 [pool-93-thread-1] INFO  server.RaftServerConfigKeys (ConfUtils.java:logGet(44)) - raft.server.log.statemachine.data.sync = true (default)
2021-11-15 10:00:47,369 [pool-93-thread-1] INFO  server.RaftServerConfigKeys (ConfUtils.java:logGet(44)) - raft.server.log.statemachine.data.sync.timeout = 10s (default)
2021-11-15 10:00:47,369 [pool-93-thread-1] INFO  server.RaftServerConfigKeys (ConfUtils.java:logGet(44)) - raft.server.log.statemachine.data.sync.timeout.retry = -1 (default)
2021-11-15 10:00:47,370 [pool-93-thread-1] INFO  server.RaftServerConfigKeys (ConfUtils.java:logGet(44)) - raft.server.log.write.buffer.size = 1048576 (custom)
2021-11-15 10:00:47,379 [Command processor thread] INFO  ratis.XceiverServerRatis (XceiverServerRatis.java:addGroup(768)) - Created group PipelineID=33a0542e-f327-46d0-9703-c68b1a57c8bb
2021-11-15 10:00:47,379 [pool-93-thread-1] INFO  server.RaftServerConfigKeys (ConfUtils.java:logGet(44)) - raft.server.log.statemachine.data.caching.enabled = true (custom)
2021-11-15 10:00:47,379 [pool-93-thread-1] INFO  segmented.SegmentedRaftLogWorker (SegmentedRaftLogWorker.java:lambda$new$0(133)) - 003b3e8b-8375-416f-b9b0-c8bdf761ffc2@group-92D9495462DA-SegmentedRaftLogWorker: flushIndex: setUnconditionally 0 -> -1
2021-11-15 10:00:47,379 [pool-93-thread-1] INFO  segmented.SegmentedRaftLogWorker (SegmentedRaftLogWorker.java:lambda$new$0(133)) - 003b3e8b-8375-416f-b9b0-c8bdf761ffc2@group-92D9495462DA-SegmentedRaftLogWorker: safeCacheEvictIndex: setUnconditionally 0 -> -1
2021-11-15 10:00:47,380 [pool-93-thread-1] INFO  server.RaftServerConfigKeys (ConfUtils.java:logGet(44)) - raft.server.snapshot.auto.trigger.enabled = true (custom)
2021-11-15 10:00:47,380 [pool-93-thread-1] INFO  server.RaftServerConfigKeys (ConfUtils.java:logGet(44)) - raft.server.snapshot.auto.trigger.threshold = 10000 (custom)
2021-11-15 10:00:47,380 [pool-93-thread-1] INFO  server.RaftServerConfigKeys (ConfUtils.java:logGet(44)) - raft.server.snapshot.retention.file.num = 5 (custom)
2021-11-15 10:00:47,380 [pool-93-thread-1] INFO  server.RaftServerConfigKeys (ConfUtils.java:logGet(44)) - raft.server.log.purge.upto.snapshot.index = false (default)
2021-11-15 10:00:47,380 [pool-93-thread-1] INFO  server.RaftServerConfigKeys (ConfUtils.java:logGet(44)) - raft.server.retrycache.expirytime = 600000ms (custom)
2021-11-15 10:00:47,380 [pool-93-thread-1] INFO  server.RaftServerConfigKeys (ConfUtils.java:logGet(44)) - raft.server.retrycache.statistics.expirytime = 100μs (default)
2021-11-15 10:00:47,382 [pool-93-thread-1] INFO  server.RaftServer$Division (RaftServerImpl.java:start(301)) - 003b3e8b-8375-416f-b9b0-c8bdf761ffc2@group-92D9495462DA: start as a follower, conf=-1: [003b3e8b-8375-416f-b9b0-c8bdf761ffc2|rpc:10.1.0.56:44495|priority:1], old=null
2021-11-15 10:00:47,384 [EventQueue-PipelineReportForPipelineReportHandler] INFO  pipeline.PipelineManagerImpl (PipelineManagerImpl.java:openPipeline(289)) - Pipeline Pipeline[ Id: 390c5ae0-fb4e-4f8e-abcf-92d9495462da, Nodes: 003b3e8b-8375-416f-b9b0-c8bdf761ffc2{ip: 10.1.0.56, host: fv-az12-743.exdb2aeach2ezidoxz41lk3bwg.cx.internal.cloudapp.net, ports: [REPLICATION=36515, RATIS=44495, RATIS_ADMIN=44495, RATIS_SERVER=44495, STANDALONE=34967], networkLocation: /default-rack, certSerialId: null, persistedOpState: IN_SERVICE, persistedOpStateExpiryEpochSec: 0}, ReplicationConfig: RATIS/ONE, State:ALLOCATED, leaderId:003b3e8b-8375-416f-b9b0-c8bdf761ffc2, CreationTimestamp2021-11-15T10:00:44.356Z[Etc/UTC]] moved to OPEN state
2021-11-15 10:00:47,385 [EventQueue-OpenPipelineForHealthyPipelineSafeModeRule] INFO  safemode.SCMSafeModeManager (HealthyPipelineSafeModeRule.java:process(124)) - SCM in safe mode. Healthy pipelines reported count is 0, required healthy pipeline reported count is 1
2021-11-15 10:00:47,385 [pool-93-thread-1] INFO  server.RaftServer$Division (RaftServerImpl.java:setRole(290)) - 003b3e8b-8375-416f-b9b0-c8bdf761ffc2@group-92D9495462DA: changes role from      null to FOLLOWER at term 0 for startAsFollower
2021-11-15 10:00:47,388 [pool-93-thread-1] INFO  impl.RoleInfo (RoleInfo.java:updateAndGet(130)) - 003b3e8b-8375-416f-b9b0-c8bdf761ffc2: start 003b3e8b-8375-416f-b9b0-c8bdf761ffc2@group-92D9495462DA-FollowerState
2021-11-15 10:00:47,391 [pool-93-thread-1] INFO  util.JmxRegister (JmxRegister.java:tryRegister(44)) - Successfully registered JMX Bean with object name Ratis:service=RaftServer,group=group-92D9495462DA,id=003b3e8b-8375-416f-b9b0-c8bdf761ffc2
2021-11-15 10:00:47,391 [Command processor thread] INFO  ratis.XceiverServerRatis (XceiverServerRatis.java:addGroup(768)) - Created group PipelineID=390c5ae0-fb4e-4f8e-abcf-92d9495462da
2021-11-15 10:00:47,392 [Command processor thread] INFO  commandhandler.CreatePipelineCommandHandler (CreatePipelineCommandHandler.java:handle(106)) - Created Pipeline RATIS ONE PipelineID=390c5ae0-fb4e-4f8e-abcf-92d9495462da.
2021-11-15 10:00:47,425 [Command processor thread] INFO  commandhandler.CreatePipelineCommandHandler (CreatePipelineCommandHandler.java:handle(106)) - Created Pipeline RATIS THREE PipelineID=33a0542e-f327-46d0-9703-c68b1a57c8bb.
2021-11-15 10:00:47,455 [Command processor thread] INFO  commandhandler.CreatePipelineCommandHandler (CreatePipelineCommandHandler.java:handle(106)) - Created Pipeline RATIS THREE PipelineID=33a0542e-f327-46d0-9703-c68b1a57c8bb.
2021-11-15 10:00:47,601 [Command processor thread] INFO  server.RaftServer (RaftServerProxy.java:addNew(95)) - acb9c8cb-4d3e-4a6b-b679-e47efd30f020: addNew group-D8201B1CC174:[acb9c8cb-4d3e-4a6b-b679-e47efd30f020|rpc:10.1.0.56:33205|priority:1] returns group-D8201B1CC174:java.util.concurrent.CompletableFuture@16bbc54e[Not completed]
2021-11-15 10:00:47,607 [pool-112-thread-1] INFO  server.RaftServer$Division (RaftServerImpl.java:<init>(184)) - acb9c8cb-4d3e-4a6b-b679-e47efd30f020: new RaftServerImpl for group-D8201B1CC174:[acb9c8cb-4d3e-4a6b-b679-e47efd30f020|rpc:10.1.0.56:33205|priority:1] with ContainerStateMachine:uninitialized
2021-11-15 10:00:47,611 [pool-112-thread-1] INFO  server.RaftServerConfigKeys (ConfUtils.java:logGet(44)) - raft.server.rpc.timeout.min = 5s (custom)
2021-11-15 10:00:47,611 [pool-112-thread-1] INFO  server.RaftServerConfigKeys (ConfUtils.java:logGet(44)) - raft.server.rpc.timeout.max = 5200ms (custom)
2021-11-15 10:00:47,611 [pool-112-thread-1] INFO  server.RaftServerConfigKeys (ConfUtils.java:logGet(44)) - raft.server.rpc.sleep.time = 25ms (default)
2021-11-15 10:00:47,612 [pool-112-thread-1] INFO  server.RaftServerConfigKeys (ConfUtils.java:logGet(44)) - raft.server.rpc.slowness.timeout = 300000ms (custom)
2021-11-15 10:00:47,612 [pool-112-thread-1] INFO  server.RaftServerConfigKeys (ConfUtils.java:logGet(44)) - raft.server.leaderelection.leader.step-down.wait-time = 10s (default)
2021-11-15 10:00:47,612 [pool-112-thread-1] INFO  server.RaftServerConfigKeys (ConfUtils.java:logGet(44)) - raft.server.sleep.deviation.threshold = 300ms (default)
2021-11-15 10:00:47,612 [pool-112-thread-1] INFO  server.RaftServerConfigKeys (ConfUtils.java:logGet(44)) - raft.server.log.appender.install.snapshot.enabled = false (custom)
2021-11-15 10:00:47,613 [pool-112-thread-1] INFO  server.RaftServer$Division (ServerState.java:<init>(105)) - acb9c8cb-4d3e-4a6b-b679-e47efd30f020@group-D8201B1CC174: ConfigurationManager, init=-1: [acb9c8cb-4d3e-4a6b-b679-e47efd30f020|rpc:10.1.0.56:33205|priority:1], old=null, confs=<EMPTY_MAP>
2021-11-15 10:00:47,613 [pool-112-thread-1] INFO  server.RaftServerConfigKeys (ConfUtils.java:logGet(44)) - raft.server.storage.dir = [/home/runner/work/ozone/ozone/hadoop-ozone/integration-test/target/test-dir/MiniOzoneClusterImpl-b6bde346-cb55-4fad-bd7f-e1da966a93e7/datanode-3/data/ratis] (custom)
2021-11-15 10:00:47,613 [pool-112-thread-1] INFO  server.RaftServerConfigKeys (ConfUtils.java:logGet(44)) - raft.server.log.corruption.policy = EXCEPTION (default)
2021-11-15 10:00:47,613 [pool-112-thread-1] INFO  server.RaftServerConfigKeys (ConfUtils.java:logGet(44)) - raft.server.storage.free-space.min = 0MB (=0) (default)
2021-11-15 10:00:47,613 [pool-112-thread-1] INFO  storage.RaftStorageDirectory (RaftStorageDirectoryImpl.java:analyzeStorage(135)) - The storage directory /home/runner/work/ozone/ozone/hadoop-ozone/integration-test/target/test-dir/MiniOzoneClusterImpl-b6bde346-cb55-4fad-bd7f-e1da966a93e7/datanode-3/data/ratis/fba2739a-12c0-4f52-b7e7-d8201b1cc174 does not exist. Creating ...
2021-11-15 10:00:47,615 [pool-112-thread-1] INFO  storage.RaftStorageDirectory (RaftStorageDirectoryImpl.java:tryLock(230)) - Lock on /home/runner/work/ozone/ozone/hadoop-ozone/integration-test/target/test-dir/MiniOzoneClusterImpl-b6bde346-cb55-4fad-bd7f-e1da966a93e7/datanode-3/data/ratis/fba2739a-12c0-4f52-b7e7-d8201b1cc174/in_use.lock acquired by nodename 2776@fv-az12-743
2021-11-15 10:00:47,616 [pool-112-thread-1] INFO  storage.RaftStorage (RaftStorageImpl.java:format(89)) - Storage directory /home/runner/work/ozone/ozone/hadoop-ozone/integration-test/target/test-dir/MiniOzoneClusterImpl-b6bde346-cb55-4fad-bd7f-e1da966a93e7/datanode-3/data/ratis/fba2739a-12c0-4f52-b7e7-d8201b1cc174 has been successfully formatted.
2021-11-15 10:00:47,617 [pool-112-thread-1] INFO  ratis.ContainerStateMachine (ContainerStateMachine.java:loadSnapshot(224)) - group-D8201B1CC174: The snapshot info is null. Setting the last applied indexto:(t:0, i:~)
2021-11-15 10:00:47,618 [pool-112-thread-1] INFO  server.RaftServerConfigKeys (ConfUtils.java:logGet(44)) - raft.server.notification.no-leader.timeout = 300000ms (custom)
2021-11-15 10:00:47,619 [pool-112-thread-1] INFO  server.RaftServerConfigKeys (ConfUtils.java:logGet(44)) - raft.server.log.use.memory = false (default)
2021-11-15 10:00:47,619 [pool-112-thread-1] INFO  server.RaftServerConfigKeys (ConfUtils.java:logGet(44)) - raft.server.log.purge.gap = 1000000 (custom)
2021-11-15 10:00:47,619 [pool-112-thread-1] INFO  server.RaftServerConfigKeys (ConfUtils.java:logGet(44)) - raft.server.log.appender.buffer.byte-limit = 33554432 (custom)
2021-11-15 10:00:47,619 [pool-112-thread-1] INFO  server.RaftServerConfigKeys (ConfUtils.java:logGet(44)) - raft.server.log.segment.size.max = 1048576 (custom)
2021-11-15 10:00:47,619 [EventQueue-PipelineReportForPipelineReportHandler] INFO  pipeline.PipelineManagerImpl (PipelineManagerImpl.java:openPipeline(289)) - Pipeline Pipeline[ Id: fba2739a-12c0-4f52-b7e7-d8201b1cc174, Nodes: acb9c8cb-4d3e-4a6b-b679-e47efd30f020{ip: 10.1.0.56, host: fv-az12-743.exdb2aeach2ezidoxz41lk3bwg.cx.internal.cloudapp.net, ports: [REPLICATION=33713, RATIS=33205, RATIS_ADMIN=33205, RATIS_SERVER=33205, STANDALONE=32975], networkLocation: /default-rack, certSerialId: null, persistedOpState: IN_SERVICE, persistedOpStateExpiryEpochSec: 0}, ReplicationConfig: RATIS/ONE, State:ALLOCATED, leaderId:acb9c8cb-4d3e-4a6b-b679-e47efd30f020, CreationTimestamp2021-11-15T10:00:44.606Z[Etc/UTC]] moved to OPEN state
2021-11-15 10:00:47,619 [pool-112-thread-1] INFO  server.RaftServerConfigKeys (ConfUtils.java:logGet(44)) - raft.server.log.segment.cache.num.max = 2 (custom)
2021-11-15 10:00:47,620 [pool-112-thread-1] INFO  server.RaftServerConfigKeys (ConfUtils.java:logGet(44)) - raft.server.log.segment.cache.size.max = 200MB (=209715200) (default)
2021-11-15 10:00:47,620 [pool-112-thread-1] INFO  segmented.SegmentedRaftLogWorker (SegmentedRaftLogWorker.java:<init>(182)) - new acb9c8cb-4d3e-4a6b-b679-e47efd30f020@group-D8201B1CC174-SegmentedRaftLogWorker for RaftStorageImpl:Storage Directory /home/runner/work/ozone/ozone/hadoop-ozone/integration-test/target/test-dir/MiniOzoneClusterImpl-b6bde346-cb55-4fad-bd7f-e1da966a93e7/datanode-3/data/ratis/fba2739a-12c0-4f52-b7e7-d8201b1cc174
2021-11-15 10:00:47,620 [pool-112-thread-1] INFO  server.RaftServerConfigKeys (ConfUtils.java:logGet(44)) - raft.server.log.queue.byte-limit = 2147483647 (custom)
2021-11-15 10:00:47,620 [pool-112-thread-1] INFO  server.RaftServerConfigKeys (ConfUtils.java:logGet(44)) - raft.server.log.queue.element-limit = 1024 (custom)
2021-11-15 10:00:47,620 [pool-112-thread-1] INFO  server.RaftServerConfigKeys (ConfUtils.java:logGet(44)) - raft.server.log.segment.size.max = 1048576 (custom)
2021-11-15 10:00:47,620 [pool-112-thread-1] INFO  server.RaftServerConfigKeys (ConfUtils.java:logGet(44)) - raft.server.log.preallocated.size = 16384 (custom)
2021-11-15 10:00:47,620 [pool-112-thread-1] INFO  server.RaftServerConfigKeys (ConfUtils.java:logGet(44)) - raft.server.log.force.sync.num = 128 (default)
2021-11-15 10:00:47,620 [pool-112-thread-1] INFO  server.RaftServerConfigKeys (ConfUtils.java:logGet(44)) - raft.server.log.statemachine.data.sync = true (default)
2021-11-15 10:00:47,620 [pool-112-thread-1] INFO  server.RaftServerConfigKeys (ConfUtils.java:logGet(44)) - raft.server.log.statemachine.data.sync.timeout = 10s (default)
2021-11-15 10:00:47,620 [pool-112-thread-1] INFO  server.RaftServerConfigKeys (ConfUtils.java:logGet(44)) - raft.server.log.statemachine.data.sync.timeout.retry = -1 (default)
2021-11-15 10:00:47,620 [EventQueue-OpenPipelineForHealthyPipelineSafeModeRule] INFO  safemode.SCMSafeModeManager (HealthyPipelineSafeModeRule.java:process(124)) - SCM in safe mode. Healthy pipelines reported count is 0, required healthy pipeline reported count is 1
2021-11-15 10:00:47,621 [pool-112-thread-1] INFO  server.RaftServerConfigKeys (ConfUtils.java:logGet(44)) - raft.server.log.write.buffer.size = 1048576 (custom)
2021-11-15 10:00:47,624 [pool-112-thread-1] INFO  server.RaftServerConfigKeys (ConfUtils.java:logGet(44)) - raft.server.log.statemachine.data.caching.enabled = true (custom)
2021-11-15 10:00:47,624 [pool-112-thread-1] INFO  segmented.SegmentedRaftLogWorker (SegmentedRaftLogWorker.java:lambda$new$0(133)) - acb9c8cb-4d3e-4a6b-b679-e47efd30f020@group-D8201B1CC174-SegmentedRaftLogWorker: flushIndex: setUnconditionally 0 -> -1
2021-11-15 10:00:47,624 [pool-112-thread-1] INFO  segmented.SegmentedRaftLogWorker (SegmentedRaftLogWorker.java:lambda$new$0(133)) - acb9c8cb-4d3e-4a6b-b679-e47efd30f020@group-D8201B1CC174-SegmentedRaftLogWorker: safeCacheEvictIndex: setUnconditionally 0 -> -1
2021-11-15 10:00:47,627 [pool-112-thread-1] INFO  server.RaftServerConfigKeys (ConfUtils.java:logGet(44)) - raft.server.snapshot.auto.trigger.enabled = true (custom)
2021-11-15 10:00:47,627 [pool-112-thread-1] INFO  server.RaftServerConfigKeys (ConfUtils.java:logGet(44)) - raft.server.snapshot.auto.trigger.threshold = 10000 (custom)
2021-11-15 10:00:47,627 [pool-112-thread-1] INFO  server.RaftServerConfigKeys (ConfUtils.java:logGet(44)) - raft.server.snapshot.retention.file.num = 5 (custom)
2021-11-15 10:00:47,627 [pool-112-thread-1] INFO  server.RaftServerConfigKeys (ConfUtils.java:logGet(44)) - raft.server.log.purge.upto.snapshot.index = false (default)
2021-11-15 10:00:47,627 [pool-112-thread-1] INFO  server.RaftServerConfigKeys (ConfUtils.java:logGet(44)) - raft.server.retrycache.expirytime = 600000ms (custom)
2021-11-15 10:00:47,627 [pool-112-thread-1] INFO  server.RaftServerConfigKeys (ConfUtils.java:logGet(44)) - raft.server.retrycache.statistics.expirytime = 100μs (default)
2021-11-15 10:00:47,628 [pool-112-thread-1] INFO  server.RaftServer$Division (RaftServerImpl.java:start(301)) - acb9c8cb-4d3e-4a6b-b679-e47efd30f020@group-D8201B1CC174: start as a follower, conf=-1: [acb9c8cb-4d3e-4a6b-b679-e47efd30f020|rpc:10.1.0.56:33205|priority:1], old=null
2021-11-15 10:00:47,629 [pool-112-thread-1] INFO  server.RaftServer$Division (RaftServerImpl.java:setRole(290)) - acb9c8cb-4d3e-4a6b-b679-e47efd30f020@group-D8201B1CC174: changes role from      null to FOLLOWER at term 0 for startAsFollower
2021-11-15 10:00:47,629 [pool-112-thread-1] INFO  impl.RoleInfo (RoleInfo.java:updateAndGet(130)) - acb9c8cb-4d3e-4a6b-b679-e47efd30f020: start acb9c8cb-4d3e-4a6b-b679-e47efd30f020@group-D8201B1CC174-FollowerState
2021-11-15 10:00:47,629 [pool-112-thread-1] INFO  util.JmxRegister (JmxRegister.java:tryRegister(44)) - Successfully registered JMX Bean with object name Ratis:service=RaftServer,group=group-D8201B1CC174,id=acb9c8cb-4d3e-4a6b-b679-e47efd30f020
2021-11-15 10:00:47,630 [Command processor thread] INFO  ratis.XceiverServerRatis (XceiverServerRatis.java:addGroup(768)) - Created group PipelineID=fba2739a-12c0-4f52-b7e7-d8201b1cc174
2021-11-15 10:00:47,630 [Command processor thread] INFO  commandhandler.CreatePipelineCommandHandler (CreatePipelineCommandHandler.java:handle(106)) - Created Pipeline RATIS ONE PipelineID=fba2739a-12c0-4f52-b7e7-d8201b1cc174.
2021-11-15 10:00:47,630 [Command processor thread] INFO  server.RaftServer (RaftServerProxy.java:addNew(95)) - acb9c8cb-4d3e-4a6b-b679-e47efd30f020: addNew group-4A8E582C3D20:[d804d820-4532-49b1-b366-ad6b8b9e72b3|rpc:10.1.0.56:37399|priority:0, a90e3e6e-a337-4ecb-a7be-5aa85bd5c784|rpc:10.1.0.56:44193|priority:0, acb9c8cb-4d3e-4a6b-b679-e47efd30f020|rpc:10.1.0.56:33205|priority:1] returns group-4A8E582C3D20:java.util.concurrent.CompletableFuture@12844341[Not completed]
2021-11-15 10:00:47,631 [pool-112-thread-1] INFO  server.RaftServer$Division (RaftServerImpl.java:<init>(184)) - acb9c8cb-4d3e-4a6b-b679-e47efd30f020: new RaftServerImpl for group-4A8E582C3D20:[d804d820-4532-49b1-b366-ad6b8b9e72b3|rpc:10.1.0.56:37399|priority:0, a90e3e6e-a337-4ecb-a7be-5aa85bd5c784|rpc:10.1.0.56:44193|priority:0, acb9c8cb-4d3e-4a6b-b679-e47efd30f020|rpc:10.1.0.56:33205|priority:1] with ContainerStateMachine:uninitialized
2021-11-15 10:00:47,632 [pool-112-thread-1] INFO  server.RaftServerConfigKeys (ConfUtils.java:logGet(44)) - raft.server.rpc.timeout.min = 5s (custom)
2021-11-15 10:00:47,632 [pool-112-thread-1] INFO  server.RaftServerConfigKeys (ConfUtils.java:logGet(44)) - raft.server.rpc.timeout.max = 5200ms (custom)
2021-11-15 10:00:47,632 [pool-112-thread-1] INFO  server.RaftServerConfigKeys (ConfUtils.java:logGet(44)) - raft.server.rpc.sleep.time = 25ms (default)
2021-11-15 10:00:47,632 [pool-112-thread-1] INFO  server.RaftServerConfigKeys (ConfUtils.java:logGet(44)) - raft.server.rpc.slowness.timeout = 300000ms (custom)
2021-11-15 10:00:47,632 [pool-112-thread-1] INFO  server.RaftServerConfigKeys (ConfUtils.java:logGet(44)) - raft.server.leaderelection.leader.step-down.wait-time = 10s (default)
2021-11-15 10:00:47,632 [pool-112-thread-1] INFO  server.RaftServerConfigKeys (ConfUtils.java:logGet(44)) - raft.server.sleep.deviation.threshold = 300ms (default)
2021-11-15 10:00:47,632 [pool-112-thread-1] INFO  server.RaftServerConfigKeys (ConfUtils.java:logGet(44)) - raft.server.log.appender.install.snapshot.enabled = false (custom)
2021-11-15 10:00:47,632 [pool-112-thread-1] INFO  server.RaftServer$Division (ServerState.java:<init>(105)) - acb9c8cb-4d3e-4a6b-b679-e47efd30f020@group-4A8E582C3D20: ConfigurationManager, init=-1: [d804d820-4532-49b1-b366-ad6b8b9e72b3|rpc:10.1.0.56:37399|priority:0, a90e3e6e-a337-4ecb-a7be-5aa85bd5c784|rpc:10.1.0.56:44193|priority:0, acb9c8cb-4d3e-4a6b-b679-e47efd30f020|rpc:10.1.0.56:33205|priority:1], old=null, confs=<EMPTY_MAP>
2021-11-15 10:00:47,632 [pool-112-thread-1] INFO  server.RaftServerConfigKeys (ConfUtils.java:logGet(44)) - raft.server.storage.dir = [/home/runner/work/ozone/ozone/hadoop-ozone/integration-test/target/test-dir/MiniOzoneClusterImpl-b6bde346-cb55-4fad-bd7f-e1da966a93e7/datanode-3/data/ratis] (custom)
2021-11-15 10:00:47,632 [pool-112-thread-1] INFO  server.RaftServerConfigKeys (ConfUtils.java:logGet(44)) - raft.server.log.corruption.policy = EXCEPTION (default)
2021-11-15 10:00:47,632 [pool-112-thread-1] INFO  server.RaftServerConfigKeys (ConfUtils.java:logGet(44)) - raft.server.storage.free-space.min = 0MB (=0) (default)
2021-11-15 10:00:47,632 [pool-112-thread-1] INFO  storage.RaftStorageDirectory (RaftStorageDirectoryImpl.java:analyzeStorage(135)) - The storage directory /home/runner/work/ozone/ozone/hadoop-ozone/integration-test/target/test-dir/MiniOzoneClusterImpl-b6bde346-cb55-4fad-bd7f-e1da966a93e7/datanode-3/data/ratis/ffb51486-03ca-44cc-98c1-4a8e582c3d20 does not exist. Creating ...
2021-11-15 10:00:47,634 [pool-112-thread-1] INFO  storage.RaftStorageDirectory (RaftStorageDirectoryImpl.java:tryLock(230)) - Lock on /home/runner/work/ozone/ozone/hadoop-ozone/integration-test/target/test-dir/MiniOzoneClusterImpl-b6bde346-cb55-4fad-bd7f-e1da966a93e7/datanode-3/data/ratis/ffb51486-03ca-44cc-98c1-4a8e582c3d20/in_use.lock acquired by nodename 2776@fv-az12-743
2021-11-15 10:00:47,635 [pool-112-thread-1] INFO  storage.RaftStorage (RaftStorageImpl.java:format(89)) - Storage directory /home/runner/work/ozone/ozone/hadoop-ozone/integration-test/target/test-dir/MiniOzoneClusterImpl-b6bde346-cb55-4fad-bd7f-e1da966a93e7/datanode-3/data/ratis/ffb51486-03ca-44cc-98c1-4a8e582c3d20 has been successfully formatted.
2021-11-15 10:00:47,636 [pool-112-thread-1] INFO  ratis.ContainerStateMachine (ContainerStateMachine.java:loadSnapshot(224)) - group-4A8E582C3D20: The snapshot info is null. Setting the last applied indexto:(t:0, i:~)
2021-11-15 10:00:47,636 [pool-112-thread-1] INFO  server.RaftServerConfigKeys (ConfUtils.java:logGet(44)) - raft.server.notification.no-leader.timeout = 300000ms (custom)
2021-11-15 10:00:47,636 [pool-112-thread-1] INFO  server.RaftServerConfigKeys (ConfUtils.java:logGet(44)) - raft.server.log.use.memory = false (default)
2021-11-15 10:00:47,636 [pool-112-thread-1] INFO  server.RaftServerConfigKeys (ConfUtils.java:logGet(44)) - raft.server.log.purge.gap = 1000000 (custom)
2021-11-15 10:00:47,636 [pool-112-thread-1] INFO  server.RaftServerConfigKeys (ConfUtils.java:logGet(44)) - raft.server.log.appender.buffer.byte-limit = 33554432 (custom)
2021-11-15 10:00:47,636 [pool-112-thread-1] INFO  server.RaftServerConfigKeys (ConfUtils.java:logGet(44)) - raft.server.log.segment.size.max = 1048576 (custom)
2021-11-15 10:00:47,643 [EventQueue-OpenPipelineForHealthyPipelineSafeModeRule] INFO  safemode.SCMSafeModeManager (HealthyPipelineSafeModeRule.java:process(124)) - SCM in safe mode. Healthy pipelines reported count is 0, required healthy pipeline reported count is 1
2021-11-15 10:00:47,643 [pool-112-thread-1] INFO  server.RaftServerConfigKeys (ConfUtils.java:logGet(44)) - raft.server.log.segment.cache.num.max = 2 (custom)
2021-11-15 10:00:47,643 [pool-112-thread-1] INFO  server.RaftServerConfigKeys (ConfUtils.java:logGet(44)) - raft.server.log.segment.cache.size.max = 200MB (=209715200) (default)
2021-11-15 10:00:47,643 [pool-112-thread-1] INFO  segmented.SegmentedRaftLogWorker (SegmentedRaftLogWorker.java:<init>(182)) - new acb9c8cb-4d3e-4a6b-b679-e47efd30f020@group-4A8E582C3D20-SegmentedRaftLogWorker for RaftStorageImpl:Storage Directory /home/runner/work/ozone/ozone/hadoop-ozone/integration-test/target/test-dir/MiniOzoneClusterImpl-b6bde346-cb55-4fad-bd7f-e1da966a93e7/datanode-3/data/ratis/ffb51486-03ca-44cc-98c1-4a8e582c3d20
2021-11-15 10:00:47,644 [pool-112-thread-1] INFO  server.RaftServerConfigKeys (ConfUtils.java:logGet(44)) - raft.server.log.queue.byte-limit = 2147483647 (custom)
2021-11-15 10:00:47,644 [pool-112-thread-1] INFO  server.RaftServerConfigKeys (ConfUtils.java:logGet(44)) - raft.server.log.queue.element-limit = 1024 (custom)
2021-11-15 10:00:47,644 [pool-112-thread-1] INFO  server.RaftServerConfigKeys (ConfUtils.java:logGet(44)) - raft.server.log.segment.size.max = 1048576 (custom)
2021-11-15 10:00:47,644 [pool-112-thread-1] INFO  server.RaftServerConfigKeys (ConfUtils.java:logGet(44)) - raft.server.log.preallocated.size = 16384 (custom)
2021-11-15 10:00:47,644 [pool-112-thread-1] INFO  server.RaftServerConfigKeys (ConfUtils.java:logGet(44)) - raft.server.log.force.sync.num = 128 (default)
2021-11-15 10:00:47,644 [pool-112-thread-1] INFO  server.RaftServerConfigKeys (ConfUtils.java:logGet(44)) - raft.server.log.statemachine.data.sync = true (default)
2021-11-15 10:00:47,645 [pool-112-thread-1] INFO  server.RaftServerConfigKeys (ConfUtils.java:logGet(44)) - raft.server.log.statemachine.data.sync.timeout = 10s (default)
2021-11-15 10:00:47,645 [pool-112-thread-1] INFO  server.RaftServerConfigKeys (ConfUtils.java:logGet(44)) - raft.server.log.statemachine.data.sync.timeout.retry = -1 (default)
2021-11-15 10:00:47,646 [pool-112-thread-1] INFO  server.RaftServerConfigKeys (ConfUtils.java:logGet(44)) - raft.server.log.write.buffer.size = 1048576 (custom)
2021-11-15 10:00:47,647 [pool-112-thread-1] INFO  server.RaftServerConfigKeys (ConfUtils.java:logGet(44)) - raft.server.log.statemachine.data.caching.enabled = true (custom)
2021-11-15 10:00:47,647 [pool-112-thread-1] INFO  segmented.SegmentedRaftLogWorker (SegmentedRaftLogWorker.java:lambda$new$0(133)) - acb9c8cb-4d3e-4a6b-b679-e47efd30f020@group-4A8E582C3D20-SegmentedRaftLogWorker: flushIndex: setUnconditionally 0 -> -1
2021-11-15 10:00:47,647 [pool-112-thread-1] INFO  segmented.SegmentedRaftLogWorker (SegmentedRaftLogWorker.java:lambda$new$0(133)) - acb9c8cb-4d3e-4a6b-b679-e47efd30f020@group-4A8E582C3D20-SegmentedRaftLogWorker: safeCacheEvictIndex: setUnconditionally 0 -> -1
2021-11-15 10:00:47,651 [pool-112-thread-1] INFO  server.RaftServerConfigKeys (ConfUtils.java:logGet(44)) - raft.server.snapshot.auto.trigger.enabled = true (custom)
2021-11-15 10:00:47,651 [pool-112-thread-1] INFO  server.RaftServerConfigKeys (ConfUtils.java:logGet(44)) - raft.server.snapshot.auto.trigger.threshold = 10000 (custom)
2021-11-15 10:00:47,651 [pool-112-thread-1] INFO  server.RaftServerConfigKeys (ConfUtils.java:logGet(44)) - raft.server.snapshot.retention.file.num = 5 (custom)
2021-11-15 10:00:47,651 [pool-112-thread-1] INFO  server.RaftServerConfigKeys (ConfUtils.java:logGet(44)) - raft.server.log.purge.upto.snapshot.index = false (default)
2021-11-15 10:00:47,651 [pool-112-thread-1] INFO  server.RaftServerConfigKeys (ConfUtils.java:logGet(44)) - raft.server.retrycache.expirytime = 600000ms (custom)
2021-11-15 10:00:47,651 [pool-112-thread-1] INFO  server.RaftServerConfigKeys (ConfUtils.java:logGet(44)) - raft.server.retrycache.statistics.expirytime = 100μs (default)
2021-11-15 10:00:47,655 [pool-112-thread-1] INFO  server.RaftServer$Division (RaftServerImpl.java:start(301)) - acb9c8cb-4d3e-4a6b-b679-e47efd30f020@group-4A8E582C3D20: start as a follower, conf=-1: [d804d820-4532-49b1-b366-ad6b8b9e72b3|rpc:10.1.0.56:37399|priority:0, a90e3e6e-a337-4ecb-a7be-5aa85bd5c784|rpc:10.1.0.56:44193|priority:0, acb9c8cb-4d3e-4a6b-b679-e47efd30f020|rpc:10.1.0.56:33205|priority:1], old=null
2021-11-15 10:00:47,656 [pool-112-thread-1] INFO  server.RaftServer$Division (RaftServerImpl.java:setRole(290)) - acb9c8cb-4d3e-4a6b-b679-e47efd30f020@group-4A8E582C3D20: changes role from      null to FOLLOWER at term 0 for startAsFollower
2021-11-15 10:00:47,656 [pool-112-thread-1] INFO  impl.RoleInfo (RoleInfo.java:updateAndGet(130)) - acb9c8cb-4d3e-4a6b-b679-e47efd30f020: start acb9c8cb-4d3e-4a6b-b679-e47efd30f020@group-4A8E582C3D20-FollowerState
2021-11-15 10:00:47,657 [pool-112-thread-1] INFO  util.JmxRegister (JmxRegister.java:tryRegister(44)) - Successfully registered JMX Bean with object name Ratis:service=RaftServer,group=group-4A8E582C3D20,id=acb9c8cb-4d3e-4a6b-b679-e47efd30f020
2021-11-15 10:00:47,658 [Command processor thread] INFO  ratis.XceiverServerRatis (XceiverServerRatis.java:addGroup(768)) - Created group PipelineID=ffb51486-03ca-44cc-98c1-4a8e582c3d20
2021-11-15 10:00:47,680 [grpc-default-executor-0] INFO  server.RaftServer (RaftServerProxy.java:addNew(95)) - d804d820-4532-49b1-b366-ad6b8b9e72b3: addNew group-4A8E582C3D20:[d804d820-4532-49b1-b366-ad6b8b9e72b3|rpc:10.1.0.56:37399|dataStream:|priority:0, a90e3e6e-a337-4ecb-a7be-5aa85bd5c784|rpc:10.1.0.56:44193|dataStream:|priority:0, acb9c8cb-4d3e-4a6b-b679-e47efd30f020|rpc:10.1.0.56:33205|dataStream:|priority:1] returns group-4A8E582C3D20:java.util.concurrent.CompletableFuture@488ed04f[Not completed]
2021-11-15 10:00:47,681 [pool-131-thread-1] INFO  server.RaftServer$Division (RaftServerImpl.java:<init>(184)) - d804d820-4532-49b1-b366-ad6b8b9e72b3: new RaftServerImpl for group-4A8E582C3D20:[d804d820-4532-49b1-b366-ad6b8b9e72b3|rpc:10.1.0.56:37399|dataStream:|priority:0, a90e3e6e-a337-4ecb-a7be-5aa85bd5c784|rpc:10.1.0.56:44193|dataStream:|priority:0, acb9c8cb-4d3e-4a6b-b679-e47efd30f020|rpc:10.1.0.56:33205|dataStream:|priority:1] with ContainerStateMachine:uninitialized
2021-11-15 10:00:47,682 [pool-131-thread-1] INFO  server.RaftServerConfigKeys (ConfUtils.java:logGet(44)) - raft.server.rpc.timeout.min = 5s (custom)
2021-11-15 10:00:47,682 [pool-131-thread-1] INFO  server.RaftServerConfigKeys (ConfUtils.java:logGet(44)) - raft.server.rpc.timeout.max = 5200ms (custom)
2021-11-15 10:00:47,682 [pool-131-thread-1] INFO  server.RaftServerConfigKeys (ConfUtils.java:logGet(44)) - raft.server.rpc.sleep.time = 25ms (default)
2021-11-15 10:00:47,682 [pool-131-thread-1] INFO  server.RaftServerConfigKeys (ConfUtils.java:logGet(44)) - raft.server.rpc.slowness.timeout = 300000ms (custom)
2021-11-15 10:00:47,682 [pool-131-thread-1] INFO  server.RaftServerConfigKeys (ConfUtils.java:logGet(44)) - raft.server.leaderelection.leader.step-down.wait-time = 10s (default)
2021-11-15 10:00:47,682 [pool-131-thread-1] INFO  server.RaftServerConfigKeys (ConfUtils.java:logGet(44)) - raft.server.sleep.deviation.threshold = 300ms (default)
2021-11-15 10:00:47,682 [pool-131-thread-1] INFO  server.RaftServerConfigKeys (ConfUtils.java:logGet(44)) - raft.server.log.appender.install.snapshot.enabled = false (custom)
2021-11-15 10:00:47,682 [pool-131-thread-1] INFO  server.RaftServer$Division (ServerState.java:<init>(105)) - d804d820-4532-49b1-b366-ad6b8b9e72b3@group-4A8E582C3D20: ConfigurationManager, init=-1: [d804d820-4532-49b1-b366-ad6b8b9e72b3|rpc:10.1.0.56:37399|dataStream:|priority:0, a90e3e6e-a337-4ecb-a7be-5aa85bd5c784|rpc:10.1.0.56:44193|dataStream:|priority:0, acb9c8cb-4d3e-4a6b-b679-e47efd30f020|rpc:10.1.0.56:33205|dataStream:|priority:1], old=null, confs=<EMPTY_MAP>
2021-11-15 10:00:47,682 [pool-131-thread-1] INFO  server.RaftServerConfigKeys (ConfUtils.java:logGet(44)) - raft.server.storage.dir = [/home/runner/work/ozone/ozone/hadoop-ozone/integration-test/target/test-dir/MiniOzoneClusterImpl-b6bde346-cb55-4fad-bd7f-e1da966a93e7/datanode-4/data/ratis] (custom)
2021-11-15 10:00:47,682 [pool-131-thread-1] INFO  server.RaftServerConfigKeys (ConfUtils.java:logGet(44)) - raft.server.log.corruption.policy = EXCEPTION (default)
2021-11-15 10:00:47,682 [pool-131-thread-1] INFO  server.RaftServerConfigKeys (ConfUtils.java:logGet(44)) - raft.server.storage.free-space.min = 0MB (=0) (default)
2021-11-15 10:00:47,683 [pool-131-thread-1] INFO  storage.RaftStorageDirectory (RaftStorageDirectoryImpl.java:analyzeStorage(135)) - The storage directory /home/runner/work/ozone/ozone/hadoop-ozone/integration-test/target/test-dir/MiniOzoneClusterImpl-b6bde346-cb55-4fad-bd7f-e1da966a93e7/datanode-4/data/ratis/ffb51486-03ca-44cc-98c1-4a8e582c3d20 does not exist. Creating ...
2021-11-15 10:00:47,684 [pool-131-thread-1] INFO  storage.RaftStorageDirectory (RaftStorageDirectoryImpl.java:tryLock(230)) - Lock on /home/runner/work/ozone/ozone/hadoop-ozone/integration-test/target/test-dir/MiniOzoneClusterImpl-b6bde346-cb55-4fad-bd7f-e1da966a93e7/datanode-4/data/ratis/ffb51486-03ca-44cc-98c1-4a8e582c3d20/in_use.lock acquired by nodename 2776@fv-az12-743
2021-11-15 10:00:47,686 [pool-131-thread-1] INFO  storage.RaftStorage (RaftStorageImpl.java:format(89)) - Storage directory /home/runner/work/ozone/ozone/hadoop-ozone/integration-test/target/test-dir/MiniOzoneClusterImpl-b6bde346-cb55-4fad-bd7f-e1da966a93e7/datanode-4/data/ratis/ffb51486-03ca-44cc-98c1-4a8e582c3d20 has been successfully formatted.
2021-11-15 10:00:47,687 [pool-131-thread-1] INFO  ratis.ContainerStateMachine (ContainerStateMachine.java:loadSnapshot(224)) - group-4A8E582C3D20: The snapshot info is null. Setting the last applied indexto:(t:0, i:~)
2021-11-15 10:00:47,687 [pool-131-thread-1] INFO  server.RaftServerConfigKeys (ConfUtils.java:logGet(44)) - raft.server.notification.no-leader.timeout = 300000ms (custom)
2021-11-15 10:00:47,689 [pool-131-thread-1] INFO  server.RaftServerConfigKeys (ConfUtils.java:logGet(44)) - raft.server.log.use.memory = false (default)
2021-11-15 10:00:47,689 [pool-131-thread-1] INFO  server.RaftServerConfigKeys (ConfUtils.java:logGet(44)) - raft.server.log.purge.gap = 1000000 (custom)
2021-11-15 10:00:47,689 [pool-131-thread-1] INFO  server.RaftServerConfigKeys (ConfUtils.java:logGet(44)) - raft.server.log.appender.buffer.byte-limit = 33554432 (custom)
2021-11-15 10:00:47,690 [pool-131-thread-1] INFO  server.RaftServerConfigKeys (ConfUtils.java:logGet(44)) - raft.server.log.segment.size.max = 1048576 (custom)
2021-11-15 10:00:47,691 [pool-131-thread-1] INFO  server.RaftServerConfigKeys (ConfUtils.java:logGet(44)) - raft.server.log.segment.cache.num.max = 2 (custom)
2021-11-15 10:00:47,691 [pool-131-thread-1] INFO  server.RaftServerConfigKeys (ConfUtils.java:logGet(44)) - raft.server.log.segment.cache.size.max = 200MB (=209715200) (default)
2021-11-15 10:00:47,692 [pool-131-thread-1] INFO  segmented.SegmentedRaftLogWorker (SegmentedRaftLogWorker.java:<init>(182)) - new d804d820-4532-49b1-b366-ad6b8b9e72b3@group-4A8E582C3D20-SegmentedRaftLogWorker for RaftStorageImpl:Storage Directory /home/runner/work/ozone/ozone/hadoop-ozone/integration-test/target/test-dir/MiniOzoneClusterImpl-b6bde346-cb55-4fad-bd7f-e1da966a93e7/datanode-4/data/ratis/ffb51486-03ca-44cc-98c1-4a8e582c3d20
2021-11-15 10:00:47,692 [pool-131-thread-1] INFO  server.RaftServerConfigKeys (ConfUtils.java:logGet(44)) - raft.server.log.queue.byte-limit = 2147483647 (custom)
2021-11-15 10:00:47,692 [pool-131-thread-1] INFO  server.RaftServerConfigKeys (ConfUtils.java:logGet(44)) - raft.server.log.queue.element-limit = 1024 (custom)
2021-11-15 10:00:47,692 [pool-131-thread-1] INFO  server.RaftServerConfigKeys (ConfUtils.java:logGet(44)) - raft.server.log.segment.size.max = 1048576 (custom)
2021-11-15 10:00:47,692 [pool-131-thread-1] INFO  server.RaftServerConfigKeys (ConfUtils.java:logGet(44)) - raft.server.log.preallocated.size = 16384 (custom)
2021-11-15 10:00:47,692 [pool-131-thread-1] INFO  server.RaftServerConfigKeys (ConfUtils.java:logGet(44)) - raft.server.log.force.sync.num = 128 (default)
2021-11-15 10:00:47,692 [pool-131-thread-1] INFO  server.RaftServerConfigKeys (ConfUtils.java:logGet(44)) - raft.server.log.statemachine.data.sync = true (default)
2021-11-15 10:00:47,692 [pool-131-thread-1] INFO  server.RaftServerConfigKeys (ConfUtils.java:logGet(44)) - raft.server.log.statemachine.data.sync.timeout = 10s (default)
2021-11-15 10:00:47,692 [pool-131-thread-1] INFO  server.RaftServerConfigKeys (ConfUtils.java:logGet(44)) - raft.server.log.statemachine.data.sync.timeout.retry = -1 (default)
2021-11-15 10:00:47,693 [pool-131-thread-1] INFO  server.RaftServerConfigKeys (ConfUtils.java:logGet(44)) - raft.server.log.write.buffer.size = 1048576 (custom)
2021-11-15 10:00:47,694 [pool-131-thread-1] INFO  server.RaftServerConfigKeys (ConfUtils.java:logGet(44)) - raft.server.log.statemachine.data.caching.enabled = true (custom)
2021-11-15 10:00:47,694 [pool-131-thread-1] INFO  segmented.SegmentedRaftLogWorker (SegmentedRaftLogWorker.java:lambda$new$0(133)) - d804d820-4532-49b1-b366-ad6b8b9e72b3@group-4A8E582C3D20-SegmentedRaftLogWorker: flushIndex: setUnconditionally 0 -> -1
2021-11-15 10:00:47,694 [pool-131-thread-1] INFO  segmented.SegmentedRaftLogWorker (SegmentedRaftLogWorker.java:lambda$new$0(133)) - d804d820-4532-49b1-b366-ad6b8b9e72b3@group-4A8E582C3D20-SegmentedRaftLogWorker: safeCacheEvictIndex: setUnconditionally 0 -> -1
2021-11-15 10:00:47,697 [pool-131-thread-1] INFO  server.RaftServerConfigKeys (ConfUtils.java:logGet(44)) - raft.server.snapshot.auto.trigger.enabled = true (custom)
2021-11-15 10:00:47,698 [pool-131-thread-1] INFO  server.RaftServerConfigKeys (ConfUtils.java:logGet(44)) - raft.server.snapshot.auto.trigger.threshold = 10000 (custom)
2021-11-15 10:00:47,698 [pool-131-thread-1] INFO  server.RaftServerConfigKeys (ConfUtils.java:logGet(44)) - raft.server.snapshot.retention.file.num = 5 (custom)
2021-11-15 10:00:47,698 [pool-131-thread-1] INFO  server.RaftServerConfigKeys (ConfUtils.java:logGet(44)) - raft.server.log.purge.upto.snapshot.index = false (default)
2021-11-15 10:00:47,698 [pool-131-thread-1] INFO  server.RaftServerConfigKeys (ConfUtils.java:logGet(44)) - raft.server.retrycache.expirytime = 600000ms (custom)
2021-11-15 10:00:47,698 [pool-131-thread-1] INFO  server.RaftServerConfigKeys (ConfUtils.java:logGet(44)) - raft.server.retrycache.statistics.expirytime = 100μs (default)
2021-11-15 10:00:47,699 [pool-131-thread-1] INFO  server.RaftServer$Division (RaftServerImpl.java:start(301)) - d804d820-4532-49b1-b366-ad6b8b9e72b3@group-4A8E582C3D20: start as a follower, conf=-1: [d804d820-4532-49b1-b366-ad6b8b9e72b3|rpc:10.1.0.56:37399|dataStream:|priority:0, a90e3e6e-a337-4ecb-a7be-5aa85bd5c784|rpc:10.1.0.56:44193|dataStream:|priority:0, acb9c8cb-4d3e-4a6b-b679-e47efd30f020|rpc:10.1.0.56:33205|dataStream:|priority:1], old=null
2021-11-15 10:00:47,699 [pool-131-thread-1] INFO  server.RaftServer$Division (RaftServerImpl.java:setRole(290)) - d804d820-4532-49b1-b366-ad6b8b9e72b3@group-4A8E582C3D20: changes role from      null to FOLLOWER at term 0 for startAsFollower
2021-11-15 10:00:47,699 [pool-131-thread-1] INFO  impl.RoleInfo (RoleInfo.java:updateAndGet(130)) - d804d820-4532-49b1-b366-ad6b8b9e72b3: start d804d820-4532-49b1-b366-ad6b8b9e72b3@group-4A8E582C3D20-FollowerState
2021-11-15 10:00:47,699 [pool-131-thread-1] INFO  util.JmxRegister (JmxRegister.java:tryRegister(44)) - Successfully registered JMX Bean with object name Ratis:service=RaftServer,group=group-4A8E582C3D20,id=d804d820-4532-49b1-b366-ad6b8b9e72b3
2021-11-15 10:00:47,720 [grpc-default-executor-0] INFO  server.RaftServer (RaftServerProxy.java:addNew(95)) - a90e3e6e-a337-4ecb-a7be-5aa85bd5c784: addNew group-4A8E582C3D20:[d804d820-4532-49b1-b366-ad6b8b9e72b3|rpc:10.1.0.56:37399|dataStream:|priority:0, a90e3e6e-a337-4ecb-a7be-5aa85bd5c784|rpc:10.1.0.56:44193|dataStream:|priority:0, acb9c8cb-4d3e-4a6b-b679-e47efd30f020|rpc:10.1.0.56:33205|dataStream:|priority:1] returns group-4A8E582C3D20:java.util.concurrent.CompletableFuture@258fed46[Not completed]
2021-11-15 10:00:47,721 [pool-150-thread-1] INFO  server.RaftServer$Division (RaftServerImpl.java:<init>(184)) - a90e3e6e-a337-4ecb-a7be-5aa85bd5c784: new RaftServerImpl for group-4A8E582C3D20:[d804d820-4532-49b1-b366-ad6b8b9e72b3|rpc:10.1.0.56:37399|dataStream:|priority:0, a90e3e6e-a337-4ecb-a7be-5aa85bd5c784|rpc:10.1.0.56:44193|dataStream:|priority:0, acb9c8cb-4d3e-4a6b-b679-e47efd30f020|rpc:10.1.0.56:33205|dataStream:|priority:1] with ContainerStateMachine:uninitialized
2021-11-15 10:00:47,722 [pool-150-thread-1] INFO  server.RaftServerConfigKeys (ConfUtils.java:logGet(44)) - raft.server.rpc.timeout.min = 5s (custom)
2021-11-15 10:00:47,722 [pool-150-thread-1] INFO  server.RaftServerConfigKeys (ConfUtils.java:logGet(44)) - raft.server.rpc.timeout.max = 5200ms (custom)
2021-11-15 10:00:47,722 [pool-150-thread-1] INFO  server.RaftServerConfigKeys (ConfUtils.java:logGet(44)) - raft.server.rpc.sleep.time = 25ms (default)
2021-11-15 10:00:47,722 [pool-150-thread-1] INFO  server.RaftServerConfigKeys (ConfUtils.java:logGet(44)) - raft.server.rpc.slowness.timeout = 300000ms (custom)
2021-11-15 10:00:47,722 [pool-150-thread-1] INFO  server.RaftServerConfigKeys (ConfUtils.java:logGet(44)) - raft.server.leaderelection.leader.step-down.wait-time = 10s (default)
2021-11-15 10:00:47,722 [pool-150-thread-1] INFO  server.RaftServerConfigKeys (ConfUtils.java:logGet(44)) - raft.server.sleep.deviation.threshold = 300ms (default)
2021-11-15 10:00:47,722 [pool-150-thread-1] INFO  server.RaftServerConfigKeys (ConfUtils.java:logGet(44)) - raft.server.log.appender.install.snapshot.enabled = false (custom)
2021-11-15 10:00:47,722 [pool-150-thread-1] INFO  server.RaftServer$Division (ServerState.java:<init>(105)) - a90e3e6e-a337-4ecb-a7be-5aa85bd5c784@group-4A8E582C3D20: ConfigurationManager, init=-1: [d804d820-4532-49b1-b366-ad6b8b9e72b3|rpc:10.1.0.56:37399|dataStream:|priority:0, a90e3e6e-a337-4ecb-a7be-5aa85bd5c784|rpc:10.1.0.56:44193|dataStream:|priority:0, acb9c8cb-4d3e-4a6b-b679-e47efd30f020|rpc:10.1.0.56:33205|dataStream:|priority:1], old=null, confs=<EMPTY_MAP>
2021-11-15 10:00:47,722 [pool-150-thread-1] INFO  server.RaftServerConfigKeys (ConfUtils.java:logGet(44)) - raft.server.storage.dir = [/home/runner/work/ozone/ozone/hadoop-ozone/integration-test/target/test-dir/MiniOzoneClusterImpl-b6bde346-cb55-4fad-bd7f-e1da966a93e7/datanode-5/data/ratis] (custom)
2021-11-15 10:00:47,722 [pool-150-thread-1] INFO  server.RaftServerConfigKeys (ConfUtils.java:logGet(44)) - raft.server.log.corruption.policy = EXCEPTION (default)
2021-11-15 10:00:47,722 [pool-150-thread-1] INFO  server.RaftServerConfigKeys (ConfUtils.java:logGet(44)) - raft.server.storage.free-space.min = 0MB (=0) (default)
2021-11-15 10:00:47,722 [pool-150-thread-1] INFO  storage.RaftStorageDirectory (RaftStorageDirectoryImpl.java:analyzeStorage(135)) - The storage directory /home/runner/work/ozone/ozone/hadoop-ozone/integration-test/target/test-dir/MiniOzoneClusterImpl-b6bde346-cb55-4fad-bd7f-e1da966a93e7/datanode-5/data/ratis/ffb51486-03ca-44cc-98c1-4a8e582c3d20 does not exist. Creating ...
2021-11-15 10:00:47,724 [pool-150-thread-1] INFO  storage.RaftStorageDirectory (RaftStorageDirectoryImpl.java:tryLock(230)) - Lock on /home/runner/work/ozone/ozone/hadoop-ozone/integration-test/target/test-dir/MiniOzoneClusterImpl-b6bde346-cb55-4fad-bd7f-e1da966a93e7/datanode-5/data/ratis/ffb51486-03ca-44cc-98c1-4a8e582c3d20/in_use.lock acquired by nodename 2776@fv-az12-743
2021-11-15 10:00:47,725 [pool-150-thread-1] INFO  storage.RaftStorage (RaftStorageImpl.java:format(89)) - Storage directory /home/runner/work/ozone/ozone/hadoop-ozone/integration-test/target/test-dir/MiniOzoneClusterImpl-b6bde346-cb55-4fad-bd7f-e1da966a93e7/datanode-5/data/ratis/ffb51486-03ca-44cc-98c1-4a8e582c3d20 has been successfully formatted.
2021-11-15 10:00:47,726 [pool-150-thread-1] INFO  ratis.ContainerStateMachine (ContainerStateMachine.java:loadSnapshot(224)) - group-4A8E582C3D20: The snapshot info is null. Setting the last applied indexto:(t:0, i:~)
2021-11-15 10:00:47,727 [pool-150-thread-1] INFO  server.RaftServerConfigKeys (ConfUtils.java:logGet(44)) - raft.server.notification.no-leader.timeout = 300000ms (custom)
2021-11-15 10:00:47,727 [pool-150-thread-1] INFO  server.RaftServerConfigKeys (ConfUtils.java:logGet(44)) - raft.server.log.use.memory = false (default)
2021-11-15 10:00:47,727 [pool-150-thread-1] INFO  server.RaftServerConfigKeys (ConfUtils.java:logGet(44)) - raft.server.log.purge.gap = 1000000 (custom)
2021-11-15 10:00:47,727 [pool-150-thread-1] INFO  server.RaftServerConfigKeys (ConfUtils.java:logGet(44)) - raft.server.log.appender.buffer.byte-limit = 33554432 (custom)
2021-11-15 10:00:47,727 [pool-150-thread-1] INFO  server.RaftServerConfigKeys (ConfUtils.java:logGet(44)) - raft.server.log.segment.size.max = 1048576 (custom)
2021-11-15 10:00:47,728 [pool-150-thread-1] INFO  server.RaftServerConfigKeys (ConfUtils.java:logGet(44)) - raft.server.log.segment.cache.num.max = 2 (custom)
2021-11-15 10:00:47,728 [pool-150-thread-1] INFO  server.RaftServerConfigKeys (ConfUtils.java:logGet(44)) - raft.server.log.segment.cache.size.max = 200MB (=209715200) (default)
2021-11-15 10:00:47,728 [pool-150-thread-1] INFO  segmented.SegmentedRaftLogWorker (SegmentedRaftLogWorker.java:<init>(182)) - new a90e3e6e-a337-4ecb-a7be-5aa85bd5c784@group-4A8E582C3D20-SegmentedRaftLogWorker for RaftStorageImpl:Storage Directory /home/runner/work/ozone/ozone/hadoop-ozone/integration-test/target/test-dir/MiniOzoneClusterImpl-b6bde346-cb55-4fad-bd7f-e1da966a93e7/datanode-5/data/ratis/ffb51486-03ca-44cc-98c1-4a8e582c3d20
2021-11-15 10:00:47,728 [pool-150-thread-1] INFO  server.RaftServerConfigKeys (ConfUtils.java:logGet(44)) - raft.server.log.queue.byte-limit = 2147483647 (custom)
2021-11-15 10:00:47,728 [pool-150-thread-1] INFO  server.RaftServerConfigKeys (ConfUtils.java:logGet(44)) - raft.server.log.queue.element-limit = 1024 (custom)
2021-11-15 10:00:47,728 [pool-150-thread-1] INFO  server.RaftServerConfigKeys (ConfUtils.java:logGet(44)) - raft.server.log.segment.size.max = 1048576 (custom)
2021-11-15 10:00:47,728 [pool-150-thread-1] INFO  server.RaftServerConfigKeys (ConfUtils.java:logGet(44)) - raft.server.log.preallocated.size = 16384 (custom)
2021-11-15 10:00:47,728 [pool-150-thread-1] INFO  server.RaftServerConfigKeys (ConfUtils.java:logGet(44)) - raft.server.log.force.sync.num = 128 (default)
2021-11-15 10:00:47,728 [pool-150-thread-1] INFO  server.RaftServerConfigKeys (ConfUtils.java:logGet(44)) - raft.server.log.statemachine.data.sync = true (default)
2021-11-15 10:00:47,728 [pool-150-thread-1] INFO  server.RaftServerConfigKeys (ConfUtils.java:logGet(44)) - raft.server.log.statemachine.data.sync.timeout = 10s (default)
2021-11-15 10:00:47,728 [pool-150-thread-1] INFO  server.RaftServerConfigKeys (ConfUtils.java:logGet(44)) - raft.server.log.statemachine.data.sync.timeout.retry = -1 (default)
2021-11-15 10:00:47,729 [pool-150-thread-1] INFO  server.RaftServerConfigKeys (ConfUtils.java:logGet(44)) - raft.server.log.write.buffer.size = 1048576 (custom)
2021-11-15 10:00:47,730 [pool-150-thread-1] INFO  server.RaftServerConfigKeys (ConfUtils.java:logGet(44)) - raft.server.log.statemachine.data.caching.enabled = true (custom)
2021-11-15 10:00:47,730 [pool-150-thread-1] INFO  segmented.SegmentedRaftLogWorker (SegmentedRaftLogWorker.java:lambda$new$0(133)) - a90e3e6e-a337-4ecb-a7be-5aa85bd5c784@group-4A8E582C3D20-SegmentedRaftLogWorker: flushIndex: setUnconditionally 0 -> -1
2021-11-15 10:00:47,730 [pool-150-thread-1] INFO  segmented.SegmentedRaftLogWorker (SegmentedRaftLogWorker.java:lambda$new$0(133)) - a90e3e6e-a337-4ecb-a7be-5aa85bd5c784@group-4A8E582C3D20-SegmentedRaftLogWorker: safeCacheEvictIndex: setUnconditionally 0 -> -1
2021-11-15 10:00:47,730 [pool-150-thread-1] INFO  server.RaftServerConfigKeys (ConfUtils.java:logGet(44)) - raft.server.snapshot.auto.trigger.enabled = true (custom)
2021-11-15 10:00:47,730 [pool-150-thread-1] INFO  server.RaftServerConfigKeys (ConfUtils.java:logGet(44)) - raft.server.snapshot.auto.trigger.threshold = 10000 (custom)
2021-11-15 10:00:47,730 [pool-150-thread-1] INFO  server.RaftServerConfigKeys (ConfUtils.java:logGet(44)) - raft.server.snapshot.retention.file.num = 5 (custom)
2021-11-15 10:00:47,730 [pool-150-thread-1] INFO  server.RaftServerConfigKeys (ConfUtils.java:logGet(44)) - raft.server.log.purge.upto.snapshot.index = false (default)
2021-11-15 10:00:47,730 [pool-150-thread-1] INFO  server.RaftServerConfigKeys (ConfUtils.java:logGet(44)) - raft.server.retrycache.expirytime = 600000ms (custom)
2021-11-15 10:00:47,730 [pool-150-thread-1] INFO  server.RaftServerConfigKeys (ConfUtils.java:logGet(44)) - raft.server.retrycache.statistics.expirytime = 100μs (default)
2021-11-15 10:00:47,731 [pool-150-thread-1] INFO  server.RaftServer$Division (RaftServerImpl.java:start(301)) - a90e3e6e-a337-4ecb-a7be-5aa85bd5c784@group-4A8E582C3D20: start as a follower, conf=-1: [d804d820-4532-49b1-b366-ad6b8b9e72b3|rpc:10.1.0.56:37399|dataStream:|priority:0, a90e3e6e-a337-4ecb-a7be-5aa85bd5c784|rpc:10.1.0.56:44193|dataStream:|priority:0, acb9c8cb-4d3e-4a6b-b679-e47efd30f020|rpc:10.1.0.56:33205|dataStream:|priority:1], old=null
2021-11-15 10:00:47,731 [pool-150-thread-1] INFO  server.RaftServer$Division (RaftServerImpl.java:setRole(290)) - a90e3e6e-a337-4ecb-a7be-5aa85bd5c784@group-4A8E582C3D20: changes role from      null to FOLLOWER at term 0 for startAsFollower
2021-11-15 10:00:47,731 [pool-150-thread-1] INFO  impl.RoleInfo (RoleInfo.java:updateAndGet(130)) - a90e3e6e-a337-4ecb-a7be-5aa85bd5c784: start a90e3e6e-a337-4ecb-a7be-5aa85bd5c784@group-4A8E582C3D20-FollowerState
2021-11-15 10:00:47,733 [pool-150-thread-1] INFO  util.JmxRegister (JmxRegister.java:tryRegister(44)) - Successfully registered JMX Bean with object name Ratis:service=RaftServer,group=group-4A8E582C3D20,id=a90e3e6e-a337-4ecb-a7be-5aa85bd5c784
2021-11-15 10:00:47,740 [Command processor thread] INFO  commandhandler.CreatePipelineCommandHandler (CreatePipelineCommandHandler.java:handle(106)) - Created Pipeline RATIS THREE PipelineID=ffb51486-03ca-44cc-98c1-4a8e582c3d20.
2021-11-15 10:00:47,740 [Command processor thread] INFO  server.RaftServer (RaftServerProxy.java:addNew(95)) - acb9c8cb-4d3e-4a6b-b679-e47efd30f020: addNew group-B155B082459A:[d804d820-4532-49b1-b366-ad6b8b9e72b3|rpc:10.1.0.56:37399|priority:1, a90e3e6e-a337-4ecb-a7be-5aa85bd5c784|rpc:10.1.0.56:44193|priority:0, acb9c8cb-4d3e-4a6b-b679-e47efd30f020|rpc:10.1.0.56:33205|priority:0] returns group-B155B082459A:java.util.concurrent.CompletableFuture@18d8bfde[Not completed]
2021-11-15 10:00:47,741 [pool-112-thread-1] INFO  server.RaftServer$Division (RaftServerImpl.java:<init>(184)) - acb9c8cb-4d3e-4a6b-b679-e47efd30f020: new RaftServerImpl for group-B155B082459A:[d804d820-4532-49b1-b366-ad6b8b9e72b3|rpc:10.1.0.56:37399|priority:1, a90e3e6e-a337-4ecb-a7be-5aa85bd5c784|rpc:10.1.0.56:44193|priority:0, acb9c8cb-4d3e-4a6b-b679-e47efd30f020|rpc:10.1.0.56:33205|priority:0] with ContainerStateMachine:uninitialized
2021-11-15 10:00:47,741 [pool-112-thread-1] INFO  server.RaftServerConfigKeys (ConfUtils.java:logGet(44)) - raft.server.rpc.timeout.min = 5s (custom)
2021-11-15 10:00:47,741 [pool-112-thread-1] INFO  server.RaftServerConfigKeys (ConfUtils.java:logGet(44)) - raft.server.rpc.timeout.max = 5200ms (custom)
2021-11-15 10:00:47,741 [pool-112-thread-1] INFO  server.RaftServerConfigKeys (ConfUtils.java:logGet(44)) - raft.server.rpc.sleep.time = 25ms (default)
2021-11-15 10:00:47,741 [pool-112-thread-1] INFO  server.RaftServerConfigKeys (ConfUtils.java:logGet(44)) - raft.server.rpc.slowness.timeout = 300000ms (custom)
2021-11-15 10:00:47,741 [pool-112-thread-1] INFO  server.RaftServerConfigKeys (ConfUtils.java:logGet(44)) - raft.server.leaderelection.leader.step-down.wait-time = 10s (default)
2021-11-15 10:00:47,741 [pool-112-thread-1] INFO  server.RaftServerConfigKeys (ConfUtils.java:logGet(44)) - raft.server.sleep.deviation.threshold = 300ms (default)
2021-11-15 10:00:47,741 [pool-112-thread-1] INFO  server.RaftServerConfigKeys (ConfUtils.java:logGet(44)) - raft.server.log.appender.install.snapshot.enabled = false (custom)
2021-11-15 10:00:47,741 [pool-112-thread-1] INFO  server.RaftServer$Division (ServerState.java:<init>(105)) - acb9c8cb-4d3e-4a6b-b679-e47efd30f020@group-B155B082459A: ConfigurationManager, init=-1: [d804d820-4532-49b1-b366-ad6b8b9e72b3|rpc:10.1.0.56:37399|priority:1, a90e3e6e-a337-4ecb-a7be-5aa85bd5c784|rpc:10.1.0.56:44193|priority:0, acb9c8cb-4d3e-4a6b-b679-e47efd30f020|rpc:10.1.0.56:33205|priority:0], old=null, confs=<EMPTY_MAP>
2021-11-15 10:00:47,741 [pool-112-thread-1] INFO  server.RaftServerConfigKeys (ConfUtils.java:logGet(44)) - raft.server.storage.dir = [/home/runner/work/ozone/ozone/hadoop-ozone/integration-test/target/test-dir/MiniOzoneClusterImpl-b6bde346-cb55-4fad-bd7f-e1da966a93e7/datanode-3/data/ratis] (custom)
2021-11-15 10:00:47,742 [pool-112-thread-1] INFO  server.RaftServerConfigKeys (ConfUtils.java:logGet(44)) - raft.server.log.corruption.policy = EXCEPTION (default)
2021-11-15 10:00:47,742 [pool-112-thread-1] INFO  server.RaftServerConfigKeys (ConfUtils.java:logGet(44)) - raft.server.storage.free-space.min = 0MB (=0) (default)
2021-11-15 10:00:47,742 [pool-112-thread-1] INFO  storage.RaftStorageDirectory (RaftStorageDirectoryImpl.java:analyzeStorage(135)) - The storage directory /home/runner/work/ozone/ozone/hadoop-ozone/integration-test/target/test-dir/MiniOzoneClusterImpl-b6bde346-cb55-4fad-bd7f-e1da966a93e7/datanode-3/data/ratis/1f5a01c6-6721-4b5d-82bc-b155b082459a does not exist. Creating ...
2021-11-15 10:00:47,751 [pool-112-thread-1] INFO  storage.RaftStorageDirectory (RaftStorageDirectoryImpl.java:tryLock(230)) - Lock on /home/runner/work/ozone/ozone/hadoop-ozone/integration-test/target/test-dir/MiniOzoneClusterImpl-b6bde346-cb55-4fad-bd7f-e1da966a93e7/datanode-3/data/ratis/1f5a01c6-6721-4b5d-82bc-b155b082459a/in_use.lock acquired by nodename 2776@fv-az12-743
2021-11-15 10:00:47,752 [pool-112-thread-1] INFO  storage.RaftStorage (RaftStorageImpl.java:format(89)) - Storage directory /home/runner/work/ozone/ozone/hadoop-ozone/integration-test/target/test-dir/MiniOzoneClusterImpl-b6bde346-cb55-4fad-bd7f-e1da966a93e7/datanode-3/data/ratis/1f5a01c6-6721-4b5d-82bc-b155b082459a has been successfully formatted.
2021-11-15 10:00:47,754 [pool-112-thread-1] INFO  ratis.ContainerStateMachine (ContainerStateMachine.java:loadSnapshot(224)) - group-B155B082459A: The snapshot info is null. Setting the last applied indexto:(t:0, i:~)
2021-11-15 10:00:47,754 [pool-112-thread-1] INFO  server.RaftServerConfigKeys (ConfUtils.java:logGet(44)) - raft.server.notification.no-leader.timeout = 300000ms (custom)
2021-11-15 10:00:47,754 [pool-112-thread-1] INFO  server.RaftServerConfigKeys (ConfUtils.java:logGet(44)) - raft.server.log.use.memory = false (default)
2021-11-15 10:00:47,754 [pool-112-thread-1] INFO  server.RaftServerConfigKeys (ConfUtils.java:logGet(44)) - raft.server.log.purge.gap = 1000000 (custom)
2021-11-15 10:00:47,754 [pool-112-thread-1] INFO  server.RaftServerConfigKeys (ConfUtils.java:logGet(44)) - raft.server.log.appender.buffer.byte-limit = 33554432 (custom)
2021-11-15 10:00:47,754 [pool-112-thread-1] INFO  server.RaftServerConfigKeys (ConfUtils.java:logGet(44)) - raft.server.log.segment.size.max = 1048576 (custom)
2021-11-15 10:00:47,755 [pool-112-thread-1] INFO  server.RaftServerConfigKeys (ConfUtils.java:logGet(44)) - raft.server.log.segment.cache.num.max = 2 (custom)
2021-11-15 10:00:47,755 [pool-112-thread-1] INFO  server.RaftServerConfigKeys (ConfUtils.java:logGet(44)) - raft.server.log.segment.cache.size.max = 200MB (=209715200) (default)
2021-11-15 10:00:47,755 [pool-112-thread-1] INFO  segmented.SegmentedRaftLogWorker (SegmentedRaftLogWorker.java:<init>(182)) - new acb9c8cb-4d3e-4a6b-b679-e47efd30f020@group-B155B082459A-SegmentedRaftLogWorker for RaftStorageImpl:Storage Directory /home/runner/work/ozone/ozone/hadoop-ozone/integration-test/target/test-dir/MiniOzoneClusterImpl-b6bde346-cb55-4fad-bd7f-e1da966a93e7/datanode-3/data/ratis/1f5a01c6-6721-4b5d-82bc-b155b082459a
2021-11-15 10:00:47,755 [EventQueue-OpenPipelineForHealthyPipelineSafeModeRule] INFO  safemode.SCMSafeModeManager (HealthyPipelineSafeModeRule.java:process(124)) - SCM in safe mode. Healthy pipelines reported count is 0, required healthy pipeline reported count is 1
2021-11-15 10:00:47,755 [pool-112-thread-1] INFO  server.RaftServerConfigKeys (ConfUtils.java:logGet(44)) - raft.server.log.queue.byte-limit = 2147483647 (custom)
2021-11-15 10:00:47,755 [pool-112-thread-1] INFO  server.RaftServerConfigKeys (ConfUtils.java:logGet(44)) - raft.server.log.queue.element-limit = 1024 (custom)
2021-11-15 10:00:47,755 [pool-112-thread-1] INFO  server.RaftServerConfigKeys (ConfUtils.java:logGet(44)) - raft.server.log.segment.size.max = 1048576 (custom)
2021-11-15 10:00:47,755 [pool-112-thread-1] INFO  server.RaftServerConfigKeys (ConfUtils.java:logGet(44)) - raft.server.log.preallocated.size = 16384 (custom)
2021-11-15 10:00:47,756 [pool-112-thread-1] INFO  server.RaftServerConfigKeys (ConfUtils.java:logGet(44)) - raft.server.log.force.sync.num = 128 (default)
2021-11-15 10:00:47,756 [pool-112-thread-1] INFO  server.RaftServerConfigKeys (ConfUtils.java:logGet(44)) - raft.server.log.statemachine.data.sync = true (default)
2021-11-15 10:00:47,756 [pool-112-thread-1] INFO  server.RaftServerConfigKeys (ConfUtils.java:logGet(44)) - raft.server.log.statemachine.data.sync.timeout = 10s (default)
2021-11-15 10:00:47,756 [pool-112-thread-1] INFO  server.RaftServerConfigKeys (ConfUtils.java:logGet(44)) - raft.server.log.statemachine.data.sync.timeout.retry = -1 (default)
2021-11-15 10:00:47,757 [pool-112-thread-1] INFO  server.RaftServerConfigKeys (ConfUtils.java:logGet(44)) - raft.server.log.write.buffer.size = 1048576 (custom)
2021-11-15 10:00:47,758 [pool-112-thread-1] INFO  server.RaftServerConfigKeys (ConfUtils.java:logGet(44)) - raft.server.log.statemachine.data.caching.enabled = true (custom)
2021-11-15 10:00:47,758 [pool-112-thread-1] INFO  segmented.SegmentedRaftLogWorker (SegmentedRaftLogWorker.java:lambda$new$0(133)) - acb9c8cb-4d3e-4a6b-b679-e47efd30f020@group-B155B082459A-SegmentedRaftLogWorker: flushIndex: setUnconditionally 0 -> -1
2021-11-15 10:00:47,758 [pool-112-thread-1] INFO  segmented.SegmentedRaftLogWorker (SegmentedRaftLogWorker.java:lambda$new$0(133)) - acb9c8cb-4d3e-4a6b-b679-e47efd30f020@group-B155B082459A-SegmentedRaftLogWorker: safeCacheEvictIndex: setUnconditionally 0 -> -1
2021-11-15 10:00:47,759 [pool-112-thread-1] INFO  server.RaftServerConfigKeys (ConfUtils.java:logGet(44)) - raft.server.snapshot.auto.trigger.enabled = true (custom)
2021-11-15 10:00:47,759 [pool-112-thread-1] INFO  server.RaftServerConfigKeys (ConfUtils.java:logGet(44)) - raft.server.snapshot.auto.trigger.threshold = 10000 (custom)
2021-11-15 10:00:47,759 [pool-112-thread-1] INFO  server.RaftServerConfigKeys (ConfUtils.java:logGet(44)) - raft.server.snapshot.retention.file.num = 5 (custom)
2021-11-15 10:00:47,759 [pool-112-thread-1] INFO  server.RaftServerConfigKeys (ConfUtils.java:logGet(44)) - raft.server.log.purge.upto.snapshot.index = false (default)
2021-11-15 10:00:47,759 [pool-112-thread-1] INFO  server.RaftServerConfigKeys (ConfUtils.java:logGet(44)) - raft.server.retrycache.expirytime = 600000ms (custom)
2021-11-15 10:00:47,759 [pool-112-thread-1] INFO  server.RaftServerConfigKeys (ConfUtils.java:logGet(44)) - raft.server.retrycache.statistics.expirytime = 100μs (default)
2021-11-15 10:00:47,760 [pool-112-thread-1] INFO  server.RaftServer$Division (RaftServerImpl.java:start(301)) - acb9c8cb-4d3e-4a6b-b679-e47efd30f020@group-B155B082459A: start as a follower, conf=-1: [d804d820-4532-49b1-b366-ad6b8b9e72b3|rpc:10.1.0.56:37399|priority:1, a90e3e6e-a337-4ecb-a7be-5aa85bd5c784|rpc:10.1.0.56:44193|priority:0, acb9c8cb-4d3e-4a6b-b679-e47efd30f020|rpc:10.1.0.56:33205|priority:0], old=null
2021-11-15 10:00:47,761 [pool-112-thread-1] INFO  server.RaftServer$Division (RaftServerImpl.java:setRole(290)) - acb9c8cb-4d3e-4a6b-b679-e47efd30f020@group-B155B082459A: changes role from      null to FOLLOWER at term 0 for startAsFollower
2021-11-15 10:00:47,761 [pool-112-thread-1] INFO  impl.RoleInfo (RoleInfo.java:updateAndGet(130)) - acb9c8cb-4d3e-4a6b-b679-e47efd30f020: start acb9c8cb-4d3e-4a6b-b679-e47efd30f020@group-B155B082459A-FollowerState
2021-11-15 10:00:47,761 [pool-112-thread-1] INFO  util.JmxRegister (JmxRegister.java:tryRegister(44)) - Successfully registered JMX Bean with object name Ratis:service=RaftServer,group=group-B155B082459A,id=acb9c8cb-4d3e-4a6b-b679-e47efd30f020
2021-11-15 10:00:47,762 [Command processor thread] INFO  ratis.XceiverServerRatis (XceiverServerRatis.java:addGroup(768)) - Created group PipelineID=1f5a01c6-6721-4b5d-82bc-b155b082459a
2021-11-15 10:00:47,771 [grpc-default-executor-0] INFO  server.RaftServer (RaftServerProxy.java:addNew(95)) - a90e3e6e-a337-4ecb-a7be-5aa85bd5c784: addNew group-B155B082459A:[d804d820-4532-49b1-b366-ad6b8b9e72b3|rpc:10.1.0.56:37399|dataStream:|priority:1, a90e3e6e-a337-4ecb-a7be-5aa85bd5c784|rpc:10.1.0.56:44193|dataStream:|priority:0, acb9c8cb-4d3e-4a6b-b679-e47efd30f020|rpc:10.1.0.56:33205|dataStream:|priority:0] returns group-B155B082459A:java.util.concurrent.CompletableFuture@2c91d3bb[Not completed]
2021-11-15 10:00:47,772 [pool-150-thread-1] INFO  server.RaftServer$Division (RaftServerImpl.java:<init>(184)) - a90e3e6e-a337-4ecb-a7be-5aa85bd5c784: new RaftServerImpl for group-B155B082459A:[d804d820-4532-49b1-b366-ad6b8b9e72b3|rpc:10.1.0.56:37399|dataStream:|priority:1, a90e3e6e-a337-4ecb-a7be-5aa85bd5c784|rpc:10.1.0.56:44193|dataStream:|priority:0, acb9c8cb-4d3e-4a6b-b679-e47efd30f020|rpc:10.1.0.56:33205|dataStream:|priority:0] with ContainerStateMachine:uninitialized
2021-11-15 10:00:47,772 [pool-150-thread-1] INFO  server.RaftServerConfigKeys (ConfUtils.java:logGet(44)) - raft.server.rpc.timeout.min = 5s (custom)
2021-11-15 10:00:47,772 [pool-150-thread-1] INFO  server.RaftServerConfigKeys (ConfUtils.java:logGet(44)) - raft.server.rpc.timeout.max = 5200ms (custom)
2021-11-15 10:00:47,772 [pool-150-thread-1] INFO  server.RaftServerConfigKeys (ConfUtils.java:logGet(44)) - raft.server.rpc.sleep.time = 25ms (default)
2021-11-15 10:00:47,772 [pool-150-thread-1] INFO  server.RaftServerConfigKeys (ConfUtils.java:logGet(44)) - raft.server.rpc.slowness.timeout = 300000ms (custom)
2021-11-15 10:00:47,772 [pool-150-thread-1] INFO  server.RaftServerConfigKeys (ConfUtils.java:logGet(44)) - raft.server.leaderelection.leader.step-down.wait-time = 10s (default)
2021-11-15 10:00:47,772 [pool-150-thread-1] INFO  server.RaftServerConfigKeys (ConfUtils.java:logGet(44)) - raft.server.sleep.deviation.threshold = 300ms (default)
2021-11-15 10:00:47,772 [pool-150-thread-1] INFO  server.RaftServerConfigKeys (ConfUtils.java:logGet(44)) - raft.server.log.appender.install.snapshot.enabled = false (custom)
2021-11-15 10:00:47,773 [pool-150-thread-1] INFO  server.RaftServer$Division (ServerState.java:<init>(105)) - a90e3e6e-a337-4ecb-a7be-5aa85bd5c784@group-B155B082459A: ConfigurationManager, init=-1: [d804d820-4532-49b1-b366-ad6b8b9e72b3|rpc:10.1.0.56:37399|dataStream:|priority:1, a90e3e6e-a337-4ecb-a7be-5aa85bd5c784|rpc:10.1.0.56:44193|dataStream:|priority:0, acb9c8cb-4d3e-4a6b-b679-e47efd30f020|rpc:10.1.0.56:33205|dataStream:|priority:0], old=null, confs=<EMPTY_MAP>
2021-11-15 10:00:47,773 [pool-150-thread-1] INFO  server.RaftServerConfigKeys (ConfUtils.java:logGet(44)) - raft.server.storage.dir = [/home/runner/work/ozone/ozone/hadoop-ozone/integration-test/target/test-dir/MiniOzoneClusterImpl-b6bde346-cb55-4fad-bd7f-e1da966a93e7/datanode-5/data/ratis] (custom)
2021-11-15 10:00:47,773 [pool-150-thread-1] INFO  server.RaftServerConfigKeys (ConfUtils.java:logGet(44)) - raft.server.log.corruption.policy = EXCEPTION (default)
2021-11-15 10:00:47,773 [pool-150-thread-1] INFO  server.RaftServerConfigKeys (ConfUtils.java:logGet(44)) - raft.server.storage.free-space.min = 0MB (=0) (default)
2021-11-15 10:00:47,773 [pool-150-thread-1] INFO  storage.RaftStorageDirectory (RaftStorageDirectoryImpl.java:analyzeStorage(135)) - The storage directory /home/runner/work/ozone/ozone/hadoop-ozone/integration-test/target/test-dir/MiniOzoneClusterImpl-b6bde346-cb55-4fad-bd7f-e1da966a93e7/datanode-5/data/ratis/1f5a01c6-6721-4b5d-82bc-b155b082459a does not exist. Creating ...
2021-11-15 10:00:47,774 [Command processor thread] INFO  server.RaftServer (RaftServerProxy.java:addNew(95)) - d804d820-4532-49b1-b366-ad6b8b9e72b3: addNew group-2563589D89DB:[d804d820-4532-49b1-b366-ad6b8b9e72b3|rpc:10.1.0.56:37399|priority:1] returns group-2563589D89DB:java.util.concurrent.CompletableFuture@163b637c[Not completed]
2021-11-15 10:00:47,774 [pool-150-thread-1] INFO  storage.RaftStorageDirectory (RaftStorageDirectoryImpl.java:tryLock(230)) - Lock on /home/runner/work/ozone/ozone/hadoop-ozone/integration-test/target/test-dir/MiniOzoneClusterImpl-b6bde346-cb55-4fad-bd7f-e1da966a93e7/datanode-5/data/ratis/1f5a01c6-6721-4b5d-82bc-b155b082459a/in_use.lock acquired by nodename 2776@fv-az12-743
2021-11-15 10:00:47,774 [pool-131-thread-1] INFO  server.RaftServer$Division (RaftServerImpl.java:<init>(184)) - d804d820-4532-49b1-b366-ad6b8b9e72b3: new RaftServerImpl for group-2563589D89DB:[d804d820-4532-49b1-b366-ad6b8b9e72b3|rpc:10.1.0.56:37399|priority:1] with ContainerStateMachine:uninitialized
2021-11-15 10:00:47,774 [pool-131-thread-1] INFO  server.RaftServerConfigKeys (ConfUtils.java:logGet(44)) - raft.server.rpc.timeout.min = 5s (custom)
2021-11-15 10:00:47,774 [pool-131-thread-1] INFO  server.RaftServerConfigKeys (ConfUtils.java:logGet(44)) - raft.server.rpc.timeout.max = 5200ms (custom)
2021-11-15 10:00:47,774 [pool-131-thread-1] INFO  server.RaftServerConfigKeys (ConfUtils.java:logGet(44)) - raft.server.rpc.sleep.time = 25ms (default)
2021-11-15 10:00:47,774 [pool-131-thread-1] INFO  server.RaftServerConfigKeys (ConfUtils.java:logGet(44)) - raft.server.rpc.slowness.timeout = 300000ms (custom)
2021-11-15 10:00:47,775 [pool-131-thread-1] INFO  server.RaftServerConfigKeys (ConfUtils.java:logGet(44)) - raft.server.leaderelection.leader.step-down.wait-time = 10s (default)
2021-11-15 10:00:47,775 [pool-131-thread-1] INFO  server.RaftServerConfigKeys (ConfUtils.java:logGet(44)) - raft.server.sleep.deviation.threshold = 300ms (default)
2021-11-15 10:00:47,775 [pool-131-thread-1] INFO  server.RaftServerConfigKeys (ConfUtils.java:logGet(44)) - raft.server.log.appender.install.snapshot.enabled = false (custom)
2021-11-15 10:00:47,775 [pool-131-thread-1] INFO  server.RaftServer$Division (ServerState.java:<init>(105)) - d804d820-4532-49b1-b366-ad6b8b9e72b3@group-2563589D89DB: ConfigurationManager, init=-1: [d804d820-4532-49b1-b366-ad6b8b9e72b3|rpc:10.1.0.56:37399|priority:1], old=null, confs=<EMPTY_MAP>
2021-11-15 10:00:47,775 [pool-131-thread-1] INFO  server.RaftServerConfigKeys (ConfUtils.java:logGet(44)) - raft.server.storage.dir = [/home/runner/work/ozone/ozone/hadoop-ozone/integration-test/target/test-dir/MiniOzoneClusterImpl-b6bde346-cb55-4fad-bd7f-e1da966a93e7/datanode-4/data/ratis] (custom)
2021-11-15 10:00:47,775 [pool-131-thread-1] INFO  server.RaftServerConfigKeys (ConfUtils.java:logGet(44)) - raft.server.log.corruption.policy = EXCEPTION (default)
2021-11-15 10:00:47,775 [pool-131-thread-1] INFO  server.RaftServerConfigKeys (ConfUtils.java:logGet(44)) - raft.server.storage.free-space.min = 0MB (=0) (default)
2021-11-15 10:00:47,775 [pool-131-thread-1] INFO  storage.RaftStorageDirectory (RaftStorageDirectoryImpl.java:analyzeStorage(135)) - The storage directory /home/runner/work/ozone/ozone/hadoop-ozone/integration-test/target/test-dir/MiniOzoneClusterImpl-b6bde346-cb55-4fad-bd7f-e1da966a93e7/datanode-4/data/ratis/90839f6a-0246-4edd-b2d1-2563589d89db does not exist. Creating ...
2021-11-15 10:00:47,776 [pool-131-thread-1] INFO  storage.RaftStorageDirectory (RaftStorageDirectoryImpl.java:tryLock(230)) - Lock on /home/runner/work/ozone/ozone/hadoop-ozone/integration-test/target/test-dir/MiniOzoneClusterImpl-b6bde346-cb55-4fad-bd7f-e1da966a93e7/datanode-4/data/ratis/90839f6a-0246-4edd-b2d1-2563589d89db/in_use.lock acquired by nodename 2776@fv-az12-743
2021-11-15 10:00:47,776 [pool-150-thread-1] INFO  storage.RaftStorage (RaftStorageImpl.java:format(89)) - Storage directory /home/runner/work/ozone/ozone/hadoop-ozone/integration-test/target/test-dir/MiniOzoneClusterImpl-b6bde346-cb55-4fad-bd7f-e1da966a93e7/datanode-5/data/ratis/1f5a01c6-6721-4b5d-82bc-b155b082459a has been successfully formatted.
2021-11-15 10:00:47,776 [pool-150-thread-1] INFO  ratis.ContainerStateMachine (ContainerStateMachine.java:loadSnapshot(224)) - group-B155B082459A: The snapshot info is null. Setting the last applied indexto:(t:0, i:~)
2021-11-15 10:00:47,777 [pool-150-thread-1] INFO  server.RaftServerConfigKeys (ConfUtils.java:logGet(44)) - raft.server.notification.no-leader.timeout = 300000ms (custom)
2021-11-15 10:00:47,777 [pool-150-thread-1] INFO  server.RaftServerConfigKeys (ConfUtils.java:logGet(44)) - raft.server.log.use.memory = false (default)
2021-11-15 10:00:47,777 [pool-150-thread-1] INFO  server.RaftServerConfigKeys (ConfUtils.java:logGet(44)) - raft.server.log.purge.gap = 1000000 (custom)
2021-11-15 10:00:47,777 [pool-150-thread-1] INFO  server.RaftServerConfigKeys (ConfUtils.java:logGet(44)) - raft.server.log.appender.buffer.byte-limit = 33554432 (custom)
2021-11-15 10:00:47,777 [pool-150-thread-1] INFO  server.RaftServerConfigKeys (ConfUtils.java:logGet(44)) - raft.server.log.segment.size.max = 1048576 (custom)
2021-11-15 10:00:47,778 [pool-131-thread-1] INFO  storage.RaftStorage (RaftStorageImpl.java:format(89)) - Storage directory /home/runner/work/ozone/ozone/hadoop-ozone/integration-test/target/test-dir/MiniOzoneClusterImpl-b6bde346-cb55-4fad-bd7f-e1da966a93e7/datanode-4/data/ratis/90839f6a-0246-4edd-b2d1-2563589d89db has been successfully formatted.
2021-11-15 10:00:47,779 [pool-131-thread-1] INFO  ratis.ContainerStateMachine (ContainerStateMachine.java:loadSnapshot(224)) - group-2563589D89DB: The snapshot info is null. Setting the last applied indexto:(t:0, i:~)
2021-11-15 10:00:47,779 [pool-131-thread-1] INFO  server.RaftServerConfigKeys (ConfUtils.java:logGet(44)) - raft.server.notification.no-leader.timeout = 300000ms (custom)
2021-11-15 10:00:47,779 [pool-131-thread-1] INFO  server.RaftServerConfigKeys (ConfUtils.java:logGet(44)) - raft.server.log.use.memory = false (default)
2021-11-15 10:00:47,779 [pool-131-thread-1] INFO  server.RaftServerConfigKeys (ConfUtils.java:logGet(44)) - raft.server.log.purge.gap = 1000000 (custom)
2021-11-15 10:00:47,779 [pool-131-thread-1] INFO  server.RaftServerConfigKeys (ConfUtils.java:logGet(44)) - raft.server.log.appender.buffer.byte-limit = 33554432 (custom)
2021-11-15 10:00:47,779 [pool-131-thread-1] INFO  server.RaftServerConfigKeys (ConfUtils.java:logGet(44)) - raft.server.log.segment.size.max = 1048576 (custom)
2021-11-15 10:00:47,781 [EventQueue-PipelineReportForPipelineReportHandler] INFO  pipeline.PipelineManagerImpl (PipelineManagerImpl.java:openPipeline(289)) - Pipeline Pipeline[ Id: 90839f6a-0246-4edd-b2d1-2563589d89db, Nodes: d804d820-4532-49b1-b366-ad6b8b9e72b3{ip: 10.1.0.56, host: fv-az12-743.exdb2aeach2ezidoxz41lk3bwg.cx.internal.cloudapp.net, ports: [REPLICATION=33971, RATIS=37399, RATIS_ADMIN=37399, RATIS_SERVER=37399, STANDALONE=35481], networkLocation: /default-rack, certSerialId: null, persistedOpState: IN_SERVICE, persistedOpStateExpiryEpochSec: 0}, ReplicationConfig: RATIS/ONE, State:ALLOCATED, leaderId:d804d820-4532-49b1-b366-ad6b8b9e72b3, CreationTimestamp2021-11-15T10:00:44.784Z[Etc/UTC]] moved to OPEN state
2021-11-15 10:00:47,783 [EventQueue-OpenPipelineForHealthyPipelineSafeModeRule] INFO  safemode.SCMSafeModeManager (HealthyPipelineSafeModeRule.java:process(124)) - SCM in safe mode. Healthy pipelines reported count is 0, required healthy pipeline reported count is 1
2021-11-15 10:00:47,783 [pool-131-thread-1] INFO  server.RaftServerConfigKeys (ConfUtils.java:logGet(44)) - raft.server.log.segment.cache.num.max = 2 (custom)
2021-11-15 10:00:47,784 [pool-131-thread-1] INFO  server.RaftServerConfigKeys (ConfUtils.java:logGet(44)) - raft.server.log.segment.cache.size.max = 200MB (=209715200) (default)
2021-11-15 10:00:47,784 [pool-131-thread-1] INFO  segmented.SegmentedRaftLogWorker (SegmentedRaftLogWorker.java:<init>(182)) - new d804d820-4532-49b1-b366-ad6b8b9e72b3@group-2563589D89DB-SegmentedRaftLogWorker for RaftStorageImpl:Storage Directory /home/runner/work/ozone/ozone/hadoop-ozone/integration-test/target/test-dir/MiniOzoneClusterImpl-b6bde346-cb55-4fad-bd7f-e1da966a93e7/datanode-4/data/ratis/90839f6a-0246-4edd-b2d1-2563589d89db
2021-11-15 10:00:47,784 [pool-131-thread-1] INFO  server.RaftServerConfigKeys (ConfUtils.java:logGet(44)) - raft.server.log.queue.byte-limit = 2147483647 (custom)
2021-11-15 10:00:47,784 [pool-131-thread-1] INFO  server.RaftServerConfigKeys (ConfUtils.java:logGet(44)) - raft.server.log.queue.element-limit = 1024 (custom)
2021-11-15 10:00:47,785 [pool-131-thread-1] INFO  server.RaftServerConfigKeys (ConfUtils.java:logGet(44)) - raft.server.log.segment.size.max = 1048576 (custom)
2021-11-15 10:00:47,785 [pool-131-thread-1] INFO  server.RaftServerConfigKeys (ConfUtils.java:logGet(44)) - raft.server.log.preallocated.size = 16384 (custom)
2021-11-15 10:00:47,785 [pool-131-thread-1] INFO  server.RaftServerConfigKeys (ConfUtils.java:logGet(44)) - raft.server.log.force.sync.num = 128 (default)
2021-11-15 10:00:47,785 [pool-131-thread-1] INFO  server.RaftServerConfigKeys (ConfUtils.java:logGet(44)) - raft.server.log.statemachine.data.sync = true (default)
2021-11-15 10:00:47,785 [pool-131-thread-1] INFO  server.RaftServerConfigKeys (ConfUtils.java:logGet(44)) - raft.server.log.statemachine.data.sync.timeout = 10s (default)
2021-11-15 10:00:47,785 [pool-131-thread-1] INFO  server.RaftServerConfigKeys (ConfUtils.java:logGet(44)) - raft.server.log.statemachine.data.sync.timeout.retry = -1 (default)
2021-11-15 10:00:47,786 [pool-131-thread-1] INFO  server.RaftServerConfigKeys (ConfUtils.java:logGet(44)) - raft.server.log.write.buffer.size = 1048576 (custom)
2021-11-15 10:00:47,786 [pool-131-thread-1] INFO  server.RaftServerConfigKeys (ConfUtils.java:logGet(44)) - raft.server.log.statemachine.data.caching.enabled = true (custom)
2021-11-15 10:00:47,787 [pool-131-thread-1] INFO  segmented.SegmentedRaftLogWorker (SegmentedRaftLogWorker.java:lambda$new$0(133)) - d804d820-4532-49b1-b366-ad6b8b9e72b3@group-2563589D89DB-SegmentedRaftLogWorker: flushIndex: setUnconditionally 0 -> -1
2021-11-15 10:00:47,787 [pool-131-thread-1] INFO  segmented.SegmentedRaftLogWorker (SegmentedRaftLogWorker.java:lambda$new$0(133)) - d804d820-4532-49b1-b366-ad6b8b9e72b3@group-2563589D89DB-SegmentedRaftLogWorker: safeCacheEvictIndex: setUnconditionally 0 -> -1
2021-11-15 10:00:47,783 [pool-150-thread-1] INFO  server.RaftServerConfigKeys (ConfUtils.java:logGet(44)) - raft.server.log.segment.cache.num.max = 2 (custom)
2021-11-15 10:00:47,787 [pool-150-thread-1] INFO  server.RaftServerConfigKeys (ConfUtils.java:logGet(44)) - raft.server.log.segment.cache.size.max = 200MB (=209715200) (default)
2021-11-15 10:00:47,787 [pool-150-thread-1] INFO  segmented.SegmentedRaftLogWorker (SegmentedRaftLogWorker.java:<init>(182)) - new a90e3e6e-a337-4ecb-a7be-5aa85bd5c784@group-B155B082459A-SegmentedRaftLogWorker for RaftStorageImpl:Storage Directory /home/runner/work/ozone/ozone/hadoop-ozone/integration-test/target/test-dir/MiniOzoneClusterImpl-b6bde346-cb55-4fad-bd7f-e1da966a93e7/datanode-5/data/ratis/1f5a01c6-6721-4b5d-82bc-b155b082459a
2021-11-15 10:00:47,787 [pool-150-thread-1] INFO  server.RaftServerConfigKeys (ConfUtils.java:logGet(44)) - raft.server.log.queue.byte-limit = 2147483647 (custom)
2021-11-15 10:00:47,787 [pool-150-thread-1] INFO  server.RaftServerConfigKeys (ConfUtils.java:logGet(44)) - raft.server.log.queue.element-limit = 1024 (custom)
2021-11-15 10:00:47,787 [pool-150-thread-1] INFO  server.RaftServerConfigKeys (ConfUtils.java:logGet(44)) - raft.server.log.segment.size.max = 1048576 (custom)
2021-11-15 10:00:47,787 [pool-150-thread-1] INFO  server.RaftServerConfigKeys (ConfUtils.java:logGet(44)) - raft.server.log.preallocated.size = 16384 (custom)
2021-11-15 10:00:47,787 [pool-150-thread-1] INFO  server.RaftServerConfigKeys (ConfUtils.java:logGet(44)) - raft.server.log.force.sync.num = 128 (default)
2021-11-15 10:00:47,787 [pool-150-thread-1] INFO  server.RaftServerConfigKeys (ConfUtils.java:logGet(44)) - raft.server.log.statemachine.data.sync = true (default)
2021-11-15 10:00:47,787 [pool-150-thread-1] INFO  server.RaftServerConfigKeys (ConfUtils.java:logGet(44)) - raft.server.log.statemachine.data.sync.timeout = 10s (default)
2021-11-15 10:00:47,787 [pool-150-thread-1] INFO  server.RaftServerConfigKeys (ConfUtils.java:logGet(44)) - raft.server.log.statemachine.data.sync.timeout.retry = -1 (default)
2021-11-15 10:00:47,788 [pool-131-thread-1] INFO  server.RaftServerConfigKeys (ConfUtils.java:logGet(44)) - raft.server.snapshot.auto.trigger.enabled = true (custom)
2021-11-15 10:00:47,788 [pool-131-thread-1] INFO  server.RaftServerConfigKeys (ConfUtils.java:logGet(44)) - raft.server.snapshot.auto.trigger.threshold = 10000 (custom)
2021-11-15 10:00:47,788 [pool-131-thread-1] INFO  server.RaftServerConfigKeys (ConfUtils.java:logGet(44)) - raft.server.snapshot.retention.file.num = 5 (custom)
2021-11-15 10:00:47,788 [pool-131-thread-1] INFO  server.RaftServerConfigKeys (ConfUtils.java:logGet(44)) - raft.server.log.purge.upto.snapshot.index = false (default)
2021-11-15 10:00:47,788 [pool-131-thread-1] INFO  server.RaftServerConfigKeys (ConfUtils.java:logGet(44)) - raft.server.retrycache.expirytime = 600000ms (custom)
2021-11-15 10:00:47,788 [pool-131-thread-1] INFO  server.RaftServerConfigKeys (ConfUtils.java:logGet(44)) - raft.server.retrycache.statistics.expirytime = 100μs (default)
2021-11-15 10:00:47,789 [pool-150-thread-1] INFO  server.RaftServerConfigKeys (ConfUtils.java:logGet(44)) - raft.server.log.write.buffer.size = 1048576 (custom)
2021-11-15 10:00:47,790 [pool-150-thread-1] INFO  server.RaftServerConfigKeys (ConfUtils.java:logGet(44)) - raft.server.log.statemachine.data.caching.enabled = true (custom)
2021-11-15 10:00:47,790 [pool-150-thread-1] INFO  segmented.SegmentedRaftLogWorker (SegmentedRaftLogWorker.java:lambda$new$0(133)) - a90e3e6e-a337-4ecb-a7be-5aa85bd5c784@group-B155B082459A-SegmentedRaftLogWorker: flushIndex: setUnconditionally 0 -> -1
2021-11-15 10:00:47,790 [pool-150-thread-1] INFO  segmented.SegmentedRaftLogWorker (SegmentedRaftLogWorker.java:lambda$new$0(133)) - a90e3e6e-a337-4ecb-a7be-5aa85bd5c784@group-B155B082459A-SegmentedRaftLogWorker: safeCacheEvictIndex: setUnconditionally 0 -> -1
2021-11-15 10:00:47,791 [pool-150-thread-1] INFO  server.RaftServerConfigKeys (ConfUtils.java:logGet(44)) - raft.server.snapshot.auto.trigger.enabled = true (custom)
2021-11-15 10:00:47,791 [pool-150-thread-1] INFO  server.RaftServerConfigKeys (ConfUtils.java:logGet(44)) - raft.server.snapshot.auto.trigger.threshold = 10000 (custom)
2021-11-15 10:00:47,791 [pool-150-thread-1] INFO  server.RaftServerConfigKeys (ConfUtils.java:logGet(44)) - raft.server.snapshot.retention.file.num = 5 (custom)
2021-11-15 10:00:47,791 [pool-150-thread-1] INFO  server.RaftServerConfigKeys (ConfUtils.java:logGet(44)) - raft.server.log.purge.upto.snapshot.index = false (default)
2021-11-15 10:00:47,791 [pool-150-thread-1] INFO  server.RaftServerConfigKeys (ConfUtils.java:logGet(44)) - raft.server.retrycache.expirytime = 600000ms (custom)
2021-11-15 10:00:47,791 [pool-150-thread-1] INFO  server.RaftServerConfigKeys (ConfUtils.java:logGet(44)) - raft.server.retrycache.statistics.expirytime = 100μs (default)
2021-11-15 10:00:47,793 [pool-150-thread-1] INFO  server.RaftServer$Division (RaftServerImpl.java:start(301)) - a90e3e6e-a337-4ecb-a7be-5aa85bd5c784@group-B155B082459A: start as a follower, conf=-1: [d804d820-4532-49b1-b366-ad6b8b9e72b3|rpc:10.1.0.56:37399|dataStream:|priority:1, a90e3e6e-a337-4ecb-a7be-5aa85bd5c784|rpc:10.1.0.56:44193|dataStream:|priority:0, acb9c8cb-4d3e-4a6b-b679-e47efd30f020|rpc:10.1.0.56:33205|dataStream:|priority:0], old=null
2021-11-15 10:00:47,793 [pool-150-thread-1] INFO  server.RaftServer$Division (RaftServerImpl.java:setRole(290)) - a90e3e6e-a337-4ecb-a7be-5aa85bd5c784@group-B155B082459A: changes role from      null to FOLLOWER at term 0 for startAsFollower
2021-11-15 10:00:47,793 [pool-150-thread-1] INFO  impl.RoleInfo (RoleInfo.java:updateAndGet(130)) - a90e3e6e-a337-4ecb-a7be-5aa85bd5c784: start a90e3e6e-a337-4ecb-a7be-5aa85bd5c784@group-B155B082459A-FollowerState
2021-11-15 10:00:47,795 [pool-131-thread-1] INFO  server.RaftServer$Division (RaftServerImpl.java:start(301)) - d804d820-4532-49b1-b366-ad6b8b9e72b3@group-2563589D89DB: start as a follower, conf=-1: [d804d820-4532-49b1-b366-ad6b8b9e72b3|rpc:10.1.0.56:37399|priority:1], old=null
2021-11-15 10:00:47,795 [pool-131-thread-1] INFO  server.RaftServer$Division (RaftServerImpl.java:setRole(290)) - d804d820-4532-49b1-b366-ad6b8b9e72b3@group-2563589D89DB: changes role from      null to FOLLOWER at term 0 for startAsFollower
2021-11-15 10:00:47,796 [pool-150-thread-1] INFO  util.JmxRegister (JmxRegister.java:tryRegister(44)) - Successfully registered JMX Bean with object name Ratis:service=RaftServer,group=group-B155B082459A,id=a90e3e6e-a337-4ecb-a7be-5aa85bd5c784
2021-11-15 10:00:47,799 [pool-131-thread-1] INFO  impl.RoleInfo (RoleInfo.java:updateAndGet(130)) - d804d820-4532-49b1-b366-ad6b8b9e72b3: start d804d820-4532-49b1-b366-ad6b8b9e72b3@group-2563589D89DB-FollowerState
2021-11-15 10:00:47,803 [pool-131-thread-1] INFO  util.JmxRegister (JmxRegister.java:tryRegister(44)) - Successfully registered JMX Bean with object name Ratis:service=RaftServer,group=group-2563589D89DB,id=d804d820-4532-49b1-b366-ad6b8b9e72b3
2021-11-15 10:00:47,804 [Command processor thread] INFO  ratis.XceiverServerRatis (XceiverServerRatis.java:addGroup(768)) - Created group PipelineID=90839f6a-0246-4edd-b2d1-2563589d89db
2021-11-15 10:00:47,804 [Command processor thread] INFO  commandhandler.CreatePipelineCommandHandler (CreatePipelineCommandHandler.java:handle(106)) - Created Pipeline RATIS ONE PipelineID=90839f6a-0246-4edd-b2d1-2563589d89db.
2021-11-15 10:00:47,804 [Command processor thread] INFO  server.RaftServer (RaftServerProxy.java:addNew(95)) - d804d820-4532-49b1-b366-ad6b8b9e72b3: addNew group-B155B082459A:[d804d820-4532-49b1-b366-ad6b8b9e72b3|rpc:10.1.0.56:37399|priority:1, a90e3e6e-a337-4ecb-a7be-5aa85bd5c784|rpc:10.1.0.56:44193|priority:0, acb9c8cb-4d3e-4a6b-b679-e47efd30f020|rpc:10.1.0.56:33205|priority:0] returns group-B155B082459A:java.util.concurrent.CompletableFuture@18fc9fcb[Not completed]
2021-11-15 10:00:47,807 [pool-131-thread-1] INFO  server.RaftServer$Division (RaftServerImpl.java:<init>(184)) - d804d820-4532-49b1-b366-ad6b8b9e72b3: new RaftServerImpl for group-B155B082459A:[d804d820-4532-49b1-b366-ad6b8b9e72b3|rpc:10.1.0.56:37399|priority:1, a90e3e6e-a337-4ecb-a7be-5aa85bd5c784|rpc:10.1.0.56:44193|priority:0, acb9c8cb-4d3e-4a6b-b679-e47efd30f020|rpc:10.1.0.56:33205|priority:0] with ContainerStateMachine:uninitialized
2021-11-15 10:00:47,807 [pool-131-thread-1] INFO  server.RaftServerConfigKeys (ConfUtils.java:logGet(44)) - raft.server.rpc.timeout.min = 5s (custom)
2021-11-15 10:00:47,808 [pool-131-thread-1] INFO  server.RaftServerConfigKeys (ConfUtils.java:logGet(44)) - raft.server.rpc.timeout.max = 5200ms (custom)
2021-11-15 10:00:47,808 [pool-131-thread-1] INFO  server.RaftServerConfigKeys (ConfUtils.java:logGet(44)) - raft.server.rpc.sleep.time = 25ms (default)
2021-11-15 10:00:47,808 [pool-131-thread-1] INFO  server.RaftServerConfigKeys (ConfUtils.java:logGet(44)) - raft.server.rpc.slowness.timeout = 300000ms (custom)
2021-11-15 10:00:47,808 [pool-131-thread-1] INFO  server.RaftServerConfigKeys (ConfUtils.java:logGet(44)) - raft.server.leaderelection.leader.step-down.wait-time = 10s (default)
2021-11-15 10:00:47,808 [pool-131-thread-1] INFO  server.RaftServerConfigKeys (ConfUtils.java:logGet(44)) - raft.server.sleep.deviation.threshold = 300ms (default)
2021-11-15 10:00:47,808 [pool-131-thread-1] INFO  server.RaftServerConfigKeys (ConfUtils.java:logGet(44)) - raft.server.log.appender.install.snapshot.enabled = false (custom)
2021-11-15 10:00:47,808 [pool-131-thread-1] INFO  server.RaftServer$Division (ServerState.java:<init>(105)) - d804d820-4532-49b1-b366-ad6b8b9e72b3@group-B155B082459A: ConfigurationManager, init=-1: [d804d820-4532-49b1-b366-ad6b8b9e72b3|rpc:10.1.0.56:37399|priority:1, a90e3e6e-a337-4ecb-a7be-5aa85bd5c784|rpc:10.1.0.56:44193|priority:0, acb9c8cb-4d3e-4a6b-b679-e47efd30f020|rpc:10.1.0.56:33205|priority:0], old=null, confs=<EMPTY_MAP>
2021-11-15 10:00:47,808 [pool-131-thread-1] INFO  server.RaftServerConfigKeys (ConfUtils.java:logGet(44)) - raft.server.storage.dir = [/home/runner/work/ozone/ozone/hadoop-ozone/integration-test/target/test-dir/MiniOzoneClusterImpl-b6bde346-cb55-4fad-bd7f-e1da966a93e7/datanode-4/data/ratis] (custom)
2021-11-15 10:00:47,808 [pool-131-thread-1] INFO  server.RaftServerConfigKeys (ConfUtils.java:logGet(44)) - raft.server.log.corruption.policy = EXCEPTION (default)
2021-11-15 10:00:47,808 [pool-131-thread-1] INFO  server.RaftServerConfigKeys (ConfUtils.java:logGet(44)) - raft.server.storage.free-space.min = 0MB (=0) (default)
2021-11-15 10:00:47,808 [pool-131-thread-1] INFO  storage.RaftStorageDirectory (RaftStorageDirectoryImpl.java:analyzeStorage(135)) - The storage directory /home/runner/work/ozone/ozone/hadoop-ozone/integration-test/target/test-dir/MiniOzoneClusterImpl-b6bde346-cb55-4fad-bd7f-e1da966a93e7/datanode-4/data/ratis/1f5a01c6-6721-4b5d-82bc-b155b082459a does not exist. Creating ...
2021-11-15 10:00:47,813 [pool-131-thread-1] INFO  storage.RaftStorageDirectory (RaftStorageDirectoryImpl.java:tryLock(230)) - Lock on /home/runner/work/ozone/ozone/hadoop-ozone/integration-test/target/test-dir/MiniOzoneClusterImpl-b6bde346-cb55-4fad-bd7f-e1da966a93e7/datanode-4/data/ratis/1f5a01c6-6721-4b5d-82bc-b155b082459a/in_use.lock acquired by nodename 2776@fv-az12-743
2021-11-15 10:00:47,819 [pool-131-thread-1] INFO  storage.RaftStorage (RaftStorageImpl.java:format(89)) - Storage directory /home/runner/work/ozone/ozone/hadoop-ozone/integration-test/target/test-dir/MiniOzoneClusterImpl-b6bde346-cb55-4fad-bd7f-e1da966a93e7/datanode-4/data/ratis/1f5a01c6-6721-4b5d-82bc-b155b082459a has been successfully formatted.
2021-11-15 10:00:47,819 [pool-131-thread-1] INFO  ratis.ContainerStateMachine (ContainerStateMachine.java:loadSnapshot(224)) - group-B155B082459A: The snapshot info is null. Setting the last applied indexto:(t:0, i:~)
2021-11-15 10:00:47,819 [pool-131-thread-1] INFO  server.RaftServerConfigKeys (ConfUtils.java:logGet(44)) - raft.server.notification.no-leader.timeout = 300000ms (custom)
2021-11-15 10:00:47,819 [pool-131-thread-1] INFO  server.RaftServerConfigKeys (ConfUtils.java:logGet(44)) - raft.server.log.use.memory = false (default)
2021-11-15 10:00:47,820 [pool-131-thread-1] INFO  server.RaftServerConfigKeys (ConfUtils.java:logGet(44)) - raft.server.log.purge.gap = 1000000 (custom)
2021-11-15 10:00:47,820 [pool-131-thread-1] INFO  server.RaftServerConfigKeys (ConfUtils.java:logGet(44)) - raft.server.log.appender.buffer.byte-limit = 33554432 (custom)
2021-11-15 10:00:47,820 [pool-131-thread-1] INFO  server.RaftServerConfigKeys (ConfUtils.java:logGet(44)) - raft.server.log.segment.size.max = 1048576 (custom)
2021-11-15 10:00:47,820 [pool-131-thread-1] INFO  server.RaftServerConfigKeys (ConfUtils.java:logGet(44)) - raft.server.log.segment.cache.num.max = 2 (custom)
2021-11-15 10:00:47,820 [pool-131-thread-1] INFO  server.RaftServerConfigKeys (ConfUtils.java:logGet(44)) - raft.server.log.segment.cache.size.max = 200MB (=209715200) (default)
2021-11-15 10:00:47,820 [pool-131-thread-1] INFO  segmented.SegmentedRaftLogWorker (SegmentedRaftLogWorker.java:<init>(182)) - new d804d820-4532-49b1-b366-ad6b8b9e72b3@group-B155B082459A-SegmentedRaftLogWorker for RaftStorageImpl:Storage Directory /home/runner/work/ozone/ozone/hadoop-ozone/integration-test/target/test-dir/MiniOzoneClusterImpl-b6bde346-cb55-4fad-bd7f-e1da966a93e7/datanode-4/data/ratis/1f5a01c6-6721-4b5d-82bc-b155b082459a
2021-11-15 10:00:47,820 [pool-131-thread-1] INFO  server.RaftServerConfigKeys (ConfUtils.java:logGet(44)) - raft.server.log.queue.byte-limit = 2147483647 (custom)
2021-11-15 10:00:47,820 [pool-131-thread-1] INFO  server.RaftServerConfigKeys (ConfUtils.java:logGet(44)) - raft.server.log.queue.element-limit = 1024 (custom)
2021-11-15 10:00:47,821 [pool-131-thread-1] INFO  server.RaftServerConfigKeys (ConfUtils.java:logGet(44)) - raft.server.log.segment.size.max = 1048576 (custom)
2021-11-15 10:00:47,821 [pool-131-thread-1] INFO  server.RaftServerConfigKeys (ConfUtils.java:logGet(44)) - raft.server.log.preallocated.size = 16384 (custom)
2021-11-15 10:00:47,821 [pool-131-thread-1] INFO  server.RaftServerConfigKeys (ConfUtils.java:logGet(44)) - raft.server.log.force.sync.num = 128 (default)
2021-11-15 10:00:47,821 [pool-131-thread-1] INFO  server.RaftServerConfigKeys (ConfUtils.java:logGet(44)) - raft.server.log.statemachine.data.sync = true (default)
2021-11-15 10:00:47,821 [pool-131-thread-1] INFO  server.RaftServerConfigKeys (ConfUtils.java:logGet(44)) - raft.server.log.statemachine.data.sync.timeout = 10s (default)
2021-11-15 10:00:47,821 [pool-131-thread-1] INFO  server.RaftServerConfigKeys (ConfUtils.java:logGet(44)) - raft.server.log.statemachine.data.sync.timeout.retry = -1 (default)
2021-11-15 10:00:47,822 [pool-131-thread-1] INFO  server.RaftServerConfigKeys (ConfUtils.java:logGet(44)) - raft.server.log.write.buffer.size = 1048576 (custom)
2021-11-15 10:00:47,822 [pool-131-thread-1] INFO  server.RaftServerConfigKeys (ConfUtils.java:logGet(44)) - raft.server.log.statemachine.data.caching.enabled = true (custom)
2021-11-15 10:00:47,823 [pool-131-thread-1] INFO  segmented.SegmentedRaftLogWorker (SegmentedRaftLogWorker.java:lambda$new$0(133)) - d804d820-4532-49b1-b366-ad6b8b9e72b3@group-B155B082459A-SegmentedRaftLogWorker: flushIndex: setUnconditionally 0 -> -1
2021-11-15 10:00:47,823 [pool-131-thread-1] INFO  segmented.SegmentedRaftLogWorker (SegmentedRaftLogWorker.java:lambda$new$0(133)) - d804d820-4532-49b1-b366-ad6b8b9e72b3@group-B155B082459A-SegmentedRaftLogWorker: safeCacheEvictIndex: setUnconditionally 0 -> -1
2021-11-15 10:00:47,833 [pool-131-thread-1] INFO  server.RaftServerConfigKeys (ConfUtils.java:logGet(44)) - raft.server.snapshot.auto.trigger.enabled = true (custom)
2021-11-15 10:00:47,833 [pool-131-thread-1] INFO  server.RaftServerConfigKeys (ConfUtils.java:logGet(44)) - raft.server.snapshot.auto.trigger.threshold = 10000 (custom)
2021-11-15 10:00:47,833 [pool-131-thread-1] INFO  server.RaftServerConfigKeys (ConfUtils.java:logGet(44)) - raft.server.snapshot.retention.file.num = 5 (custom)
2021-11-15 10:00:47,833 [EventQueue-OpenPipelineForHealthyPipelineSafeModeRule] INFO  safemode.SCMSafeModeManager (HealthyPipelineSafeModeRule.java:process(124)) - SCM in safe mode. Healthy pipelines reported count is 0, required healthy pipeline reported count is 1
2021-11-15 10:00:47,833 [pool-131-thread-1] INFO  server.RaftServerConfigKeys (ConfUtils.java:logGet(44)) - raft.server.log.purge.upto.snapshot.index = false (default)
2021-11-15 10:00:47,834 [pool-131-thread-1] INFO  server.RaftServerConfigKeys (ConfUtils.java:logGet(44)) - raft.server.retrycache.expirytime = 600000ms (custom)
2021-11-15 10:00:47,834 [pool-131-thread-1] INFO  server.RaftServerConfigKeys (ConfUtils.java:logGet(44)) - raft.server.retrycache.statistics.expirytime = 100μs (default)
2021-11-15 10:00:47,836 [pool-131-thread-1] INFO  server.RaftServer$Division (RaftServerImpl.java:start(301)) - d804d820-4532-49b1-b366-ad6b8b9e72b3@group-B155B082459A: start as a follower, conf=-1: [d804d820-4532-49b1-b366-ad6b8b9e72b3|rpc:10.1.0.56:37399|priority:1, a90e3e6e-a337-4ecb-a7be-5aa85bd5c784|rpc:10.1.0.56:44193|priority:0, acb9c8cb-4d3e-4a6b-b679-e47efd30f020|rpc:10.1.0.56:33205|priority:0], old=null
2021-11-15 10:00:47,836 [pool-131-thread-1] INFO  server.RaftServer$Division (RaftServerImpl.java:setRole(290)) - d804d820-4532-49b1-b366-ad6b8b9e72b3@group-B155B082459A: changes role from      null to FOLLOWER at term 0 for startAsFollower
2021-11-15 10:00:47,836 [pool-131-thread-1] INFO  impl.RoleInfo (RoleInfo.java:updateAndGet(130)) - d804d820-4532-49b1-b366-ad6b8b9e72b3: start d804d820-4532-49b1-b366-ad6b8b9e72b3@group-B155B082459A-FollowerState
2021-11-15 10:00:47,839 [pool-131-thread-1] INFO  util.JmxRegister (JmxRegister.java:tryRegister(44)) - Successfully registered JMX Bean with object name Ratis:service=RaftServer,group=group-B155B082459A,id=d804d820-4532-49b1-b366-ad6b8b9e72b3
2021-11-15 10:00:47,839 [Command processor thread] INFO  commandhandler.CreatePipelineCommandHandler (CreatePipelineCommandHandler.java:handle(106)) - Created Pipeline RATIS THREE PipelineID=1f5a01c6-6721-4b5d-82bc-b155b082459a.
2021-11-15 10:00:47,840 [Command processor thread] INFO  ratis.XceiverServerRatis (XceiverServerRatis.java:addGroup(768)) - Created group PipelineID=1f5a01c6-6721-4b5d-82bc-b155b082459a
2021-11-15 10:00:47,881 [Command processor thread] INFO  commandhandler.CreatePipelineCommandHandler (CreatePipelineCommandHandler.java:handle(106)) - Created Pipeline RATIS THREE PipelineID=1f5a01c6-6721-4b5d-82bc-b155b082459a.
2021-11-15 10:00:47,981 [Command processor thread] INFO  server.RaftServer (RaftServerProxy.java:addNew(95)) - a90e3e6e-a337-4ecb-a7be-5aa85bd5c784: addNew group-5B20D38224D3:[a90e3e6e-a337-4ecb-a7be-5aa85bd5c784|rpc:10.1.0.56:44193|priority:1] returns group-5B20D38224D3:java.util.concurrent.CompletableFuture@28dabb44[Not completed]
2021-11-15 10:00:47,982 [pool-150-thread-1] INFO  server.RaftServer$Division (RaftServerImpl.java:<init>(184)) - a90e3e6e-a337-4ecb-a7be-5aa85bd5c784: new RaftServerImpl for group-5B20D38224D3:[a90e3e6e-a337-4ecb-a7be-5aa85bd5c784|rpc:10.1.0.56:44193|priority:1] with ContainerStateMachine:uninitialized
2021-11-15 10:00:47,982 [pool-150-thread-1] INFO  server.RaftServerConfigKeys (ConfUtils.java:logGet(44)) - raft.server.rpc.timeout.min = 5s (custom)
2021-11-15 10:00:47,982 [pool-150-thread-1] INFO  server.RaftServerConfigKeys (ConfUtils.java:logGet(44)) - raft.server.rpc.timeout.max = 5200ms (custom)
2021-11-15 10:00:47,982 [pool-150-thread-1] INFO  server.RaftServerConfigKeys (ConfUtils.java:logGet(44)) - raft.server.rpc.sleep.time = 25ms (default)
2021-11-15 10:00:47,982 [pool-150-thread-1] INFO  server.RaftServerConfigKeys (ConfUtils.java:logGet(44)) - raft.server.rpc.slowness.timeout = 300000ms (custom)
2021-11-15 10:00:47,982 [pool-150-thread-1] INFO  server.RaftServerConfigKeys (ConfUtils.java:logGet(44)) - raft.server.leaderelection.leader.step-down.wait-time = 10s (default)
2021-11-15 10:00:47,982 [pool-150-thread-1] INFO  server.RaftServerConfigKeys (ConfUtils.java:logGet(44)) - raft.server.sleep.deviation.threshold = 300ms (default)
2021-11-15 10:00:47,982 [pool-150-thread-1] INFO  server.RaftServerConfigKeys (ConfUtils.java:logGet(44)) - raft.server.log.appender.install.snapshot.enabled = false (custom)
2021-11-15 10:00:47,983 [pool-150-thread-1] INFO  server.RaftServer$Division (ServerState.java:<init>(105)) - a90e3e6e-a337-4ecb-a7be-5aa85bd5c784@group-5B20D38224D3: ConfigurationManager, init=-1: [a90e3e6e-a337-4ecb-a7be-5aa85bd5c784|rpc:10.1.0.56:44193|priority:1], old=null, confs=<EMPTY_MAP>
2021-11-15 10:00:47,983 [pool-150-thread-1] INFO  server.RaftServerConfigKeys (ConfUtils.java:logGet(44)) - raft.server.storage.dir = [/home/runner/work/ozone/ozone/hadoop-ozone/integration-test/target/test-dir/MiniOzoneClusterImpl-b6bde346-cb55-4fad-bd7f-e1da966a93e7/datanode-5/data/ratis] (custom)
2021-11-15 10:00:47,983 [pool-150-thread-1] INFO  server.RaftServerConfigKeys (ConfUtils.java:logGet(44)) - raft.server.log.corruption.policy = EXCEPTION (default)
2021-11-15 10:00:47,983 [pool-150-thread-1] INFO  server.RaftServerConfigKeys (ConfUtils.java:logGet(44)) - raft.server.storage.free-space.min = 0MB (=0) (default)
2021-11-15 10:00:47,983 [pool-150-thread-1] INFO  storage.RaftStorageDirectory (RaftStorageDirectoryImpl.java:analyzeStorage(135)) - The storage directory /home/runner/work/ozone/ozone/hadoop-ozone/integration-test/target/test-dir/MiniOzoneClusterImpl-b6bde346-cb55-4fad-bd7f-e1da966a93e7/datanode-5/data/ratis/e321c5b2-a5d3-44c2-852e-5b20d38224d3 does not exist. Creating ...
2021-11-15 10:00:47,984 [pool-150-thread-1] INFO  storage.RaftStorageDirectory (RaftStorageDirectoryImpl.java:tryLock(230)) - Lock on /home/runner/work/ozone/ozone/hadoop-ozone/integration-test/target/test-dir/MiniOzoneClusterImpl-b6bde346-cb55-4fad-bd7f-e1da966a93e7/datanode-5/data/ratis/e321c5b2-a5d3-44c2-852e-5b20d38224d3/in_use.lock acquired by nodename 2776@fv-az12-743
2021-11-15 10:00:47,986 [pool-150-thread-1] INFO  storage.RaftStorage (RaftStorageImpl.java:format(89)) - Storage directory /home/runner/work/ozone/ozone/hadoop-ozone/integration-test/target/test-dir/MiniOzoneClusterImpl-b6bde346-cb55-4fad-bd7f-e1da966a93e7/datanode-5/data/ratis/e321c5b2-a5d3-44c2-852e-5b20d38224d3 has been successfully formatted.
2021-11-15 10:00:47,986 [pool-150-thread-1] INFO  ratis.ContainerStateMachine (ContainerStateMachine.java:loadSnapshot(224)) - group-5B20D38224D3: The snapshot info is null. Setting the last applied indexto:(t:0, i:~)
2021-11-15 10:00:47,986 [pool-150-thread-1] INFO  server.RaftServerConfigKeys (ConfUtils.java:logGet(44)) - raft.server.notification.no-leader.timeout = 300000ms (custom)
2021-11-15 10:00:47,987 [pool-150-thread-1] INFO  server.RaftServerConfigKeys (ConfUtils.java:logGet(44)) - raft.server.log.use.memory = false (default)
2021-11-15 10:00:47,987 [pool-150-thread-1] INFO  server.RaftServerConfigKeys (ConfUtils.java:logGet(44)) - raft.server.log.purge.gap = 1000000 (custom)
2021-11-15 10:00:47,987 [pool-150-thread-1] INFO  server.RaftServerConfigKeys (ConfUtils.java:logGet(44)) - raft.server.log.appender.buffer.byte-limit = 33554432 (custom)
2021-11-15 10:00:47,989 [pool-150-thread-1] INFO  server.RaftServerConfigKeys (ConfUtils.java:logGet(44)) - raft.server.log.segment.size.max = 1048576 (custom)
2021-11-15 10:00:47,989 [pool-150-thread-1] INFO  server.RaftServerConfigKeys (ConfUtils.java:logGet(44)) - raft.server.log.segment.cache.num.max = 2 (custom)
2021-11-15 10:00:47,988 [EventQueue-PipelineReportForPipelineReportHandler] INFO  pipeline.PipelineManagerImpl (PipelineManagerImpl.java:openPipeline(289)) - Pipeline Pipeline[ Id: e321c5b2-a5d3-44c2-852e-5b20d38224d3, Nodes: a90e3e6e-a337-4ecb-a7be-5aa85bd5c784{ip: 10.1.0.56, host: fv-az12-743.exdb2aeach2ezidoxz41lk3bwg.cx.internal.cloudapp.net, ports: [REPLICATION=39203, RATIS=44193, RATIS_ADMIN=44193, RATIS_SERVER=44193, STANDALONE=34675], networkLocation: /default-rack, certSerialId: null, persistedOpState: IN_SERVICE, persistedOpStateExpiryEpochSec: 0}, ReplicationConfig: RATIS/ONE, State:ALLOCATED, leaderId:a90e3e6e-a337-4ecb-a7be-5aa85bd5c784, CreationTimestamp2021-11-15T10:00:44.985Z[Etc/UTC]] moved to OPEN state
2021-11-15 10:00:47,989 [pool-150-thread-1] INFO  server.RaftServerConfigKeys (ConfUtils.java:logGet(44)) - raft.server.log.segment.cache.size.max = 200MB (=209715200) (default)
2021-11-15 10:00:47,990 [pool-150-thread-1] INFO  segmented.SegmentedRaftLogWorker (SegmentedRaftLogWorker.java:<init>(182)) - new a90e3e6e-a337-4ecb-a7be-5aa85bd5c784@group-5B20D38224D3-SegmentedRaftLogWorker for RaftStorageImpl:Storage Directory /home/runner/work/ozone/ozone/hadoop-ozone/integration-test/target/test-dir/MiniOzoneClusterImpl-b6bde346-cb55-4fad-bd7f-e1da966a93e7/datanode-5/data/ratis/e321c5b2-a5d3-44c2-852e-5b20d38224d3
2021-11-15 10:00:47,990 [pool-150-thread-1] INFO  server.RaftServerConfigKeys (ConfUtils.java:logGet(44)) - raft.server.log.queue.byte-limit = 2147483647 (custom)
2021-11-15 10:00:47,990 [pool-150-thread-1] INFO  server.RaftServerConfigKeys (ConfUtils.java:logGet(44)) - raft.server.log.queue.element-limit = 1024 (custom)
2021-11-15 10:00:47,990 [pool-150-thread-1] INFO  server.RaftServerConfigKeys (ConfUtils.java:logGet(44)) - raft.server.log.segment.size.max = 1048576 (custom)
2021-11-15 10:00:47,990 [pool-150-thread-1] INFO  server.RaftServerConfigKeys (ConfUtils.java:logGet(44)) - raft.server.log.preallocated.size = 16384 (custom)
2021-11-15 10:00:47,990 [pool-150-thread-1] INFO  server.RaftServerConfigKeys (ConfUtils.java:logGet(44)) - raft.server.log.force.sync.num = 128 (default)
2021-11-15 10:00:47,990 [pool-150-thread-1] INFO  server.RaftServerConfigKeys (ConfUtils.java:logGet(44)) - raft.server.log.statemachine.data.sync = true (default)
2021-11-15 10:00:47,990 [EventQueue-OpenPipelineForHealthyPipelineSafeModeRule] INFO  safemode.SCMSafeModeManager (HealthyPipelineSafeModeRule.java:process(124)) - SCM in safe mode. Healthy pipelines reported count is 0, required healthy pipeline reported count is 1
2021-11-15 10:00:47,990 [pool-150-thread-1] INFO  server.RaftServerConfigKeys (ConfUtils.java:logGet(44)) - raft.server.log.statemachine.data.sync.timeout = 10s (default)
2021-11-15 10:00:47,994 [pool-150-thread-1] INFO  server.RaftServerConfigKeys (ConfUtils.java:logGet(44)) - raft.server.log.statemachine.data.sync.timeout.retry = -1 (default)
2021-11-15 10:00:47,994 [pool-150-thread-1] INFO  server.RaftServerConfigKeys (ConfUtils.java:logGet(44)) - raft.server.log.write.buffer.size = 1048576 (custom)
2021-11-15 10:00:47,995 [pool-150-thread-1] INFO  server.RaftServerConfigKeys (ConfUtils.java:logGet(44)) - raft.server.log.statemachine.data.caching.enabled = true (custom)
2021-11-15 10:00:47,995 [pool-150-thread-1] INFO  segmented.SegmentedRaftLogWorker (SegmentedRaftLogWorker.java:lambda$new$0(133)) - a90e3e6e-a337-4ecb-a7be-5aa85bd5c784@group-5B20D38224D3-SegmentedRaftLogWorker: flushIndex: setUnconditionally 0 -> -1
2021-11-15 10:00:47,995 [pool-150-thread-1] INFO  segmented.SegmentedRaftLogWorker (SegmentedRaftLogWorker.java:lambda$new$0(133)) - a90e3e6e-a337-4ecb-a7be-5aa85bd5c784@group-5B20D38224D3-SegmentedRaftLogWorker: safeCacheEvictIndex: setUnconditionally 0 -> -1
2021-11-15 10:00:47,996 [pool-150-thread-1] INFO  server.RaftServerConfigKeys (ConfUtils.java:logGet(44)) - raft.server.snapshot.auto.trigger.enabled = true (custom)
2021-11-15 10:00:47,996 [pool-150-thread-1] INFO  server.RaftServerConfigKeys (ConfUtils.java:logGet(44)) - raft.server.snapshot.auto.trigger.threshold = 10000 (custom)
2021-11-15 10:00:47,996 [pool-150-thread-1] INFO  server.RaftServerConfigKeys (ConfUtils.java:logGet(44)) - raft.server.snapshot.retention.file.num = 5 (custom)
2021-11-15 10:00:47,996 [pool-150-thread-1] INFO  server.RaftServerConfigKeys (ConfUtils.java:logGet(44)) - raft.server.log.purge.upto.snapshot.index = false (default)
2021-11-15 10:00:47,996 [pool-150-thread-1] INFO  server.RaftServerConfigKeys (ConfUtils.java:logGet(44)) - raft.server.retrycache.expirytime = 600000ms (custom)
2021-11-15 10:00:47,996 [pool-150-thread-1] INFO  server.RaftServerConfigKeys (ConfUtils.java:logGet(44)) - raft.server.retrycache.statistics.expirytime = 100μs (default)
2021-11-15 10:00:47,997 [pool-150-thread-1] INFO  server.RaftServer$Division (RaftServerImpl.java:start(301)) - a90e3e6e-a337-4ecb-a7be-5aa85bd5c784@group-5B20D38224D3: start as a follower, conf=-1: [a90e3e6e-a337-4ecb-a7be-5aa85bd5c784|rpc:10.1.0.56:44193|priority:1], old=null
2021-11-15 10:00:47,997 [pool-150-thread-1] INFO  server.RaftServer$Division (RaftServerImpl.java:setRole(290)) - a90e3e6e-a337-4ecb-a7be-5aa85bd5c784@group-5B20D38224D3: changes role from      null to FOLLOWER at term 0 for startAsFollower
2021-11-15 10:00:47,997 [pool-150-thread-1] INFO  impl.RoleInfo (RoleInfo.java:updateAndGet(130)) - a90e3e6e-a337-4ecb-a7be-5aa85bd5c784: start a90e3e6e-a337-4ecb-a7be-5aa85bd5c784@group-5B20D38224D3-FollowerState
2021-11-15 10:00:48,003 [pool-150-thread-1] INFO  util.JmxRegister (JmxRegister.java:tryRegister(44)) - Successfully registered JMX Bean with object name Ratis:service=RaftServer,group=group-5B20D38224D3,id=a90e3e6e-a337-4ecb-a7be-5aa85bd5c784
2021-11-15 10:00:48,006 [Command processor thread] INFO  ratis.XceiverServerRatis (XceiverServerRatis.java:addGroup(768)) - Created group PipelineID=e321c5b2-a5d3-44c2-852e-5b20d38224d3
2021-11-15 10:00:48,006 [Command processor thread] INFO  commandhandler.CreatePipelineCommandHandler (CreatePipelineCommandHandler.java:handle(106)) - Created Pipeline RATIS ONE PipelineID=e321c5b2-a5d3-44c2-852e-5b20d38224d3.
2021-11-15 10:00:48,163 [Listener at 127.0.0.1/43215] INFO  ozone.MiniOzoneClusterImpl (MiniOzoneClusterImpl.java:lambda$waitForClusterToBeReady$0(235)) - Nodes are ready. Got 7 of 7 DN Heartbeats.
2021-11-15 10:00:48,164 [Listener at 127.0.0.1/43215] INFO  ozone.MiniOzoneClusterImpl (MiniOzoneClusterImpl.java:lambda$waitForClusterToBeReady$0(238)) - Waiting for cluster to exit safe mode
2021-11-15 10:00:48,164 [Listener at 127.0.0.1/43215] INFO  ozone.MiniOzoneClusterImpl (MiniOzoneClusterImpl.java:lambda$waitForClusterToBeReady$0(240)) - SCM became leader
2021-11-15 10:00:48,172 [Command processor thread] INFO  server.RaftServer (RaftServerProxy.java:addNew(95)) - 4ed92f53-76e0-46e3-b547-b2697051b404: addNew group-59175B6EB48B:[4ed92f53-76e0-46e3-b547-b2697051b404|rpc:10.1.0.56:44699|priority:1] returns group-59175B6EB48B:java.util.concurrent.CompletableFuture@20512dbb[Not completed]
2021-11-15 10:00:48,174 [pool-169-thread-1] INFO  server.RaftServer$Division (RaftServerImpl.java:<init>(184)) - 4ed92f53-76e0-46e3-b547-b2697051b404: new RaftServerImpl for group-59175B6EB48B:[4ed92f53-76e0-46e3-b547-b2697051b404|rpc:10.1.0.56:44699|priority:1] with ContainerStateMachine:uninitialized
2021-11-15 10:00:48,174 [pool-169-thread-1] INFO  server.RaftServerConfigKeys (ConfUtils.java:logGet(44)) - raft.server.rpc.timeout.min = 5s (custom)
2021-11-15 10:00:48,174 [pool-169-thread-1] INFO  server.RaftServerConfigKeys (ConfUtils.java:logGet(44)) - raft.server.rpc.timeout.max = 5200ms (custom)
2021-11-15 10:00:48,174 [pool-169-thread-1] INFO  server.RaftServerConfigKeys (ConfUtils.java:logGet(44)) - raft.server.rpc.sleep.time = 25ms (default)
2021-11-15 10:00:48,174 [pool-169-thread-1] INFO  server.RaftServerConfigKeys (ConfUtils.java:logGet(44)) - raft.server.rpc.slowness.timeout = 300000ms (custom)
2021-11-15 10:00:48,174 [pool-169-thread-1] INFO  server.RaftServerConfigKeys (ConfUtils.java:logGet(44)) - raft.server.leaderelection.leader.step-down.wait-time = 10s (default)
2021-11-15 10:00:48,174 [pool-169-thread-1] INFO  server.RaftServerConfigKeys (ConfUtils.java:logGet(44)) - raft.server.sleep.deviation.threshold = 300ms (default)
2021-11-15 10:00:48,174 [pool-169-thread-1] INFO  server.RaftServerConfigKeys (ConfUtils.java:logGet(44)) - raft.server.log.appender.install.snapshot.enabled = false (custom)
2021-11-15 10:00:48,174 [pool-169-thread-1] INFO  server.RaftServer$Division (ServerState.java:<init>(105)) - 4ed92f53-76e0-46e3-b547-b2697051b404@group-59175B6EB48B: ConfigurationManager, init=-1: [4ed92f53-76e0-46e3-b547-b2697051b404|rpc:10.1.0.56:44699|priority:1], old=null, confs=<EMPTY_MAP>
2021-11-15 10:00:48,174 [pool-169-thread-1] INFO  server.RaftServerConfigKeys (ConfUtils.java:logGet(44)) - raft.server.storage.dir = [/home/runner/work/ozone/ozone/hadoop-ozone/integration-test/target/test-dir/MiniOzoneClusterImpl-b6bde346-cb55-4fad-bd7f-e1da966a93e7/datanode-6/data/ratis] (custom)
2021-11-15 10:00:48,175 [pool-169-thread-1] INFO  server.RaftServerConfigKeys (ConfUtils.java:logGet(44)) - raft.server.log.corruption.policy = EXCEPTION (default)
2021-11-15 10:00:48,175 [pool-169-thread-1] INFO  server.RaftServerConfigKeys (ConfUtils.java:logGet(44)) - raft.server.storage.free-space.min = 0MB (=0) (default)
2021-11-15 10:00:48,175 [pool-169-thread-1] INFO  storage.RaftStorageDirectory (RaftStorageDirectoryImpl.java:analyzeStorage(135)) - The storage directory /home/runner/work/ozone/ozone/hadoop-ozone/integration-test/target/test-dir/MiniOzoneClusterImpl-b6bde346-cb55-4fad-bd7f-e1da966a93e7/datanode-6/data/ratis/6f5caada-dd82-4907-9449-59175b6eb48b does not exist. Creating ...
2021-11-15 10:00:48,176 [pool-169-thread-1] INFO  storage.RaftStorageDirectory (RaftStorageDirectoryImpl.java:tryLock(230)) - Lock on /home/runner/work/ozone/ozone/hadoop-ozone/integration-test/target/test-dir/MiniOzoneClusterImpl-b6bde346-cb55-4fad-bd7f-e1da966a93e7/datanode-6/data/ratis/6f5caada-dd82-4907-9449-59175b6eb48b/in_use.lock acquired by nodename 2776@fv-az12-743
2021-11-15 10:00:48,177 [pool-169-thread-1] INFO  storage.RaftStorage (RaftStorageImpl.java:format(89)) - Storage directory /home/runner/work/ozone/ozone/hadoop-ozone/integration-test/target/test-dir/MiniOzoneClusterImpl-b6bde346-cb55-4fad-bd7f-e1da966a93e7/datanode-6/data/ratis/6f5caada-dd82-4907-9449-59175b6eb48b has been successfully formatted.
2021-11-15 10:00:48,178 [pool-169-thread-1] INFO  ratis.ContainerStateMachine (ContainerStateMachine.java:loadSnapshot(224)) - group-59175B6EB48B: The snapshot info is null. Setting the last applied indexto:(t:0, i:~)
2021-11-15 10:00:48,178 [pool-169-thread-1] INFO  server.RaftServerConfigKeys (ConfUtils.java:logGet(44)) - raft.server.notification.no-leader.timeout = 300000ms (custom)
2021-11-15 10:00:48,179 [pool-169-thread-1] INFO  server.RaftServerConfigKeys (ConfUtils.java:logGet(44)) - raft.server.log.use.memory = false (default)
2021-11-15 10:00:48,179 [pool-169-thread-1] INFO  server.RaftServerConfigKeys (ConfUtils.java:logGet(44)) - raft.server.log.purge.gap = 1000000 (custom)
2021-11-15 10:00:48,179 [pool-169-thread-1] INFO  server.RaftServerConfigKeys (ConfUtils.java:logGet(44)) - raft.server.log.appender.buffer.byte-limit = 33554432 (custom)
2021-11-15 10:00:48,179 [pool-169-thread-1] INFO  server.RaftServerConfigKeys (ConfUtils.java:logGet(44)) - raft.server.log.segment.size.max = 1048576 (custom)
2021-11-15 10:00:48,179 [pool-169-thread-1] INFO  server.RaftServerConfigKeys (ConfUtils.java:logGet(44)) - raft.server.log.segment.cache.num.max = 2 (custom)
2021-11-15 10:00:48,179 [pool-169-thread-1] INFO  server.RaftServerConfigKeys (ConfUtils.java:logGet(44)) - raft.server.log.segment.cache.size.max = 200MB (=209715200) (default)
2021-11-15 10:00:48,179 [pool-169-thread-1] INFO  segmented.SegmentedRaftLogWorker (SegmentedRaftLogWorker.java:<init>(182)) - new 4ed92f53-76e0-46e3-b547-b2697051b404@group-59175B6EB48B-SegmentedRaftLogWorker for RaftStorageImpl:Storage Directory /home/runner/work/ozone/ozone/hadoop-ozone/integration-test/target/test-dir/MiniOzoneClusterImpl-b6bde346-cb55-4fad-bd7f-e1da966a93e7/datanode-6/data/ratis/6f5caada-dd82-4907-9449-59175b6eb48b
2021-11-15 10:00:48,179 [pool-169-thread-1] INFO  server.RaftServerConfigKeys (ConfUtils.java:logGet(44)) - raft.server.log.queue.byte-limit = 2147483647 (custom)
2021-11-15 10:00:48,179 [pool-169-thread-1] INFO  server.RaftServerConfigKeys (ConfUtils.java:logGet(44)) - raft.server.log.queue.element-limit = 1024 (custom)
2021-11-15 10:00:48,179 [pool-169-thread-1] INFO  server.RaftServerConfigKeys (ConfUtils.java:logGet(44)) - raft.server.log.segment.size.max = 1048576 (custom)
2021-11-15 10:00:48,179 [pool-169-thread-1] INFO  server.RaftServerConfigKeys (ConfUtils.java:logGet(44)) - raft.server.log.preallocated.size = 16384 (custom)
2021-11-15 10:00:48,179 [pool-169-thread-1] INFO  server.RaftServerConfigKeys (ConfUtils.java:logGet(44)) - raft.server.log.force.sync.num = 128 (default)
2021-11-15 10:00:48,179 [pool-169-thread-1] INFO  server.RaftServerConfigKeys (ConfUtils.java:logGet(44)) - raft.server.log.statemachine.data.sync = true (default)
2021-11-15 10:00:48,179 [pool-169-thread-1] INFO  server.RaftServerConfigKeys (ConfUtils.java:logGet(44)) - raft.server.log.statemachine.data.sync.timeout = 10s (default)
2021-11-15 10:00:48,180 [pool-169-thread-1] INFO  server.RaftServerConfigKeys (ConfUtils.java:logGet(44)) - raft.server.log.statemachine.data.sync.timeout.retry = -1 (default)
2021-11-15 10:00:48,180 [EventQueue-PipelineReportForPipelineReportHandler] INFO  pipeline.PipelineManagerImpl (PipelineManagerImpl.java:openPipeline(289)) - Pipeline Pipeline[ Id: 6f5caada-dd82-4907-9449-59175b6eb48b, Nodes: 4ed92f53-76e0-46e3-b547-b2697051b404{ip: 10.1.0.56, host: fv-az12-743.exdb2aeach2ezidoxz41lk3bwg.cx.internal.cloudapp.net, ports: [REPLICATION=33657, RATIS=44699, RATIS_ADMIN=44699, RATIS_SERVER=44699, STANDALONE=42749], networkLocation: /default-rack, certSerialId: null, persistedOpState: IN_SERVICE, persistedOpStateExpiryEpochSec: 0}, ReplicationConfig: RATIS/ONE, State:ALLOCATED, leaderId:4ed92f53-76e0-46e3-b547-b2697051b404, CreationTimestamp2021-11-15T10:00:45.175Z[Etc/UTC]] moved to OPEN state
2021-11-15 10:00:48,180 [EventQueue-OpenPipelineForHealthyPipelineSafeModeRule] INFO  safemode.SCMSafeModeManager (HealthyPipelineSafeModeRule.java:process(124)) - SCM in safe mode. Healthy pipelines reported count is 0, required healthy pipeline reported count is 1
2021-11-15 10:00:48,180 [pool-169-thread-1] INFO  server.RaftServerConfigKeys (ConfUtils.java:logGet(44)) - raft.server.log.write.buffer.size = 1048576 (custom)
2021-11-15 10:00:48,182 [pool-169-thread-1] INFO  server.RaftServerConfigKeys (ConfUtils.java:logGet(44)) - raft.server.log.statemachine.data.caching.enabled = true (custom)
2021-11-15 10:00:48,183 [pool-169-thread-1] INFO  segmented.SegmentedRaftLogWorker (SegmentedRaftLogWorker.java:lambda$new$0(133)) - 4ed92f53-76e0-46e3-b547-b2697051b404@group-59175B6EB48B-SegmentedRaftLogWorker: flushIndex: setUnconditionally 0 -> -1
2021-11-15 10:00:48,183 [pool-169-thread-1] INFO  segmented.SegmentedRaftLogWorker (SegmentedRaftLogWorker.java:lambda$new$0(133)) - 4ed92f53-76e0-46e3-b547-b2697051b404@group-59175B6EB48B-SegmentedRaftLogWorker: safeCacheEvictIndex: setUnconditionally 0 -> -1
2021-11-15 10:00:48,183 [pool-169-thread-1] INFO  server.RaftServerConfigKeys (ConfUtils.java:logGet(44)) - raft.server.snapshot.auto.trigger.enabled = true (custom)
2021-11-15 10:00:48,183 [pool-169-thread-1] INFO  server.RaftServerConfigKeys (ConfUtils.java:logGet(44)) - raft.server.snapshot.auto.trigger.threshold = 10000 (custom)
2021-11-15 10:00:48,183 [pool-169-thread-1] INFO  server.RaftServerConfigKeys (ConfUtils.java:logGet(44)) - raft.server.snapshot.retention.file.num = 5 (custom)
2021-11-15 10:00:48,183 [pool-169-thread-1] INFO  server.RaftServerConfigKeys (ConfUtils.java:logGet(44)) - raft.server.log.purge.upto.snapshot.index = false (default)
2021-11-15 10:00:48,183 [pool-169-thread-1] INFO  server.RaftServerConfigKeys (ConfUtils.java:logGet(44)) - raft.server.retrycache.expirytime = 600000ms (custom)
2021-11-15 10:00:48,183 [pool-169-thread-1] INFO  server.RaftServerConfigKeys (ConfUtils.java:logGet(44)) - raft.server.retrycache.statistics.expirytime = 100μs (default)
2021-11-15 10:00:48,184 [pool-169-thread-1] INFO  server.RaftServer$Division (RaftServerImpl.java:start(301)) - 4ed92f53-76e0-46e3-b547-b2697051b404@group-59175B6EB48B: start as a follower, conf=-1: [4ed92f53-76e0-46e3-b547-b2697051b404|rpc:10.1.0.56:44699|priority:1], old=null
2021-11-15 10:00:48,184 [pool-169-thread-1] INFO  server.RaftServer$Division (RaftServerImpl.java:setRole(290)) - 4ed92f53-76e0-46e3-b547-b2697051b404@group-59175B6EB48B: changes role from      null to FOLLOWER at term 0 for startAsFollower
2021-11-15 10:00:48,184 [pool-169-thread-1] INFO  impl.RoleInfo (RoleInfo.java:updateAndGet(130)) - 4ed92f53-76e0-46e3-b547-b2697051b404: start 4ed92f53-76e0-46e3-b547-b2697051b404@group-59175B6EB48B-FollowerState
2021-11-15 10:00:48,193 [pool-169-thread-1] INFO  util.JmxRegister (JmxRegister.java:tryRegister(44)) - Successfully registered JMX Bean with object name Ratis:service=RaftServer,group=group-59175B6EB48B,id=4ed92f53-76e0-46e3-b547-b2697051b404
2021-11-15 10:00:48,193 [Command processor thread] INFO  ratis.XceiverServerRatis (XceiverServerRatis.java:addGroup(768)) - Created group PipelineID=6f5caada-dd82-4907-9449-59175b6eb48b
2021-11-15 10:00:48,193 [Command processor thread] INFO  commandhandler.CreatePipelineCommandHandler (CreatePipelineCommandHandler.java:handle(106)) - Created Pipeline RATIS ONE PipelineID=6f5caada-dd82-4907-9449-59175b6eb48b.
2021-11-15 10:00:49,164 [Listener at 127.0.0.1/43215] INFO  ozone.MiniOzoneClusterImpl (MiniOzoneClusterImpl.java:lambda$waitForClusterToBeReady$0(235)) - Nodes are ready. Got 7 of 7 DN Heartbeats.
2021-11-15 10:00:49,164 [Listener at 127.0.0.1/43215] INFO  ozone.MiniOzoneClusterImpl (MiniOzoneClusterImpl.java:lambda$waitForClusterToBeReady$0(238)) - Waiting for cluster to exit safe mode
2021-11-15 10:00:49,164 [Listener at 127.0.0.1/43215] INFO  ozone.MiniOzoneClusterImpl (MiniOzoneClusterImpl.java:lambda$waitForClusterToBeReady$0(240)) - SCM became leader
2021-11-15 10:00:50,164 [Listener at 127.0.0.1/43215] INFO  ozone.MiniOzoneClusterImpl (MiniOzoneClusterImpl.java:lambda$waitForClusterToBeReady$0(235)) - Nodes are ready. Got 7 of 7 DN Heartbeats.
2021-11-15 10:00:50,165 [Listener at 127.0.0.1/43215] INFO  ozone.MiniOzoneClusterImpl (MiniOzoneClusterImpl.java:lambda$waitForClusterToBeReady$0(238)) - Waiting for cluster to exit safe mode
2021-11-15 10:00:50,165 [Listener at 127.0.0.1/43215] INFO  ozone.MiniOzoneClusterImpl (MiniOzoneClusterImpl.java:lambda$waitForClusterToBeReady$0(240)) - SCM became leader
2021-11-15 10:00:51,165 [Listener at 127.0.0.1/43215] INFO  ozone.MiniOzoneClusterImpl (MiniOzoneClusterImpl.java:lambda$waitForClusterToBeReady$0(235)) - Nodes are ready. Got 7 of 7 DN Heartbeats.
2021-11-15 10:00:51,165 [Listener at 127.0.0.1/43215] INFO  ozone.MiniOzoneClusterImpl (MiniOzoneClusterImpl.java:lambda$waitForClusterToBeReady$0(238)) - Waiting for cluster to exit safe mode
2021-11-15 10:00:51,165 [Listener at 127.0.0.1/43215] INFO  ozone.MiniOzoneClusterImpl (MiniOzoneClusterImpl.java:lambda$waitForClusterToBeReady$0(240)) - SCM became leader
2021-11-15 10:00:51,665 [5120cc87-b9ff-4d81-8e4f-818f73dade45@group-B5597ECB938D-FollowerState] INFO  impl.FollowerState (FollowerState.java:run(134)) - 5120cc87-b9ff-4d81-8e4f-818f73dade45@group-B5597ECB938D-FollowerState: change to CANDIDATE, lastRpcElapsedTime:5090881677ns, electionTimeout:5072ms
2021-11-15 10:00:51,665 [5120cc87-b9ff-4d81-8e4f-818f73dade45@group-B5597ECB938D-FollowerState] INFO  impl.RoleInfo (RoleInfo.java:shutdownFollowerState(108)) - 5120cc87-b9ff-4d81-8e4f-818f73dade45: shutdown 5120cc87-b9ff-4d81-8e4f-818f73dade45@group-B5597ECB938D-FollowerState
2021-11-15 10:00:51,665 [5120cc87-b9ff-4d81-8e4f-818f73dade45@group-B5597ECB938D-FollowerState] INFO  server.RaftServer$Division (RaftServerImpl.java:setRole(290)) - 5120cc87-b9ff-4d81-8e4f-818f73dade45@group-B5597ECB938D: changes role from  FOLLOWER to CANDIDATE at term 0 for changeToCandidate
2021-11-15 10:00:51,665 [5120cc87-b9ff-4d81-8e4f-818f73dade45@group-B5597ECB938D-FollowerState] INFO  server.RaftServerConfigKeys (ConfUtils.java:logGet(44)) - raft.server.leaderelection.pre-vote = false (custom)
2021-11-15 10:00:51,666 [5120cc87-b9ff-4d81-8e4f-818f73dade45@group-B5597ECB938D-FollowerState] INFO  impl.RoleInfo (RoleInfo.java:updateAndGet(130)) - 5120cc87-b9ff-4d81-8e4f-818f73dade45: start 5120cc87-b9ff-4d81-8e4f-818f73dade45@group-B5597ECB938D-LeaderElection2
2021-11-15 10:00:51,670 [5120cc87-b9ff-4d81-8e4f-818f73dade45@group-B5597ECB938D-LeaderElection2] INFO  impl.LeaderElection (LeaderElection.java:askForVotes(306)) - 5120cc87-b9ff-4d81-8e4f-818f73dade45@group-B5597ECB938D-LeaderElection2 ELECTION round 0: submit vote requests at term 1 for -1: [5120cc87-b9ff-4d81-8e4f-818f73dade45|rpc:10.1.0.56:39907|priority:1], old=null
2021-11-15 10:00:51,670 [5120cc87-b9ff-4d81-8e4f-818f73dade45@group-B5597ECB938D-LeaderElection2] INFO  impl.LeaderElection (LeaderElection.java:askForVotes(308)) - 5120cc87-b9ff-4d81-8e4f-818f73dade45@group-B5597ECB938D-LeaderElection2 ELECTION round 0: result PASSED (term=1)
2021-11-15 10:00:51,671 [5120cc87-b9ff-4d81-8e4f-818f73dade45@group-B5597ECB938D-LeaderElection2] INFO  impl.RoleInfo (RoleInfo.java:shutdownLeaderElection(121)) - 5120cc87-b9ff-4d81-8e4f-818f73dade45: shutdown 5120cc87-b9ff-4d81-8e4f-818f73dade45@group-B5597ECB938D-LeaderElection2
2021-11-15 10:00:51,671 [5120cc87-b9ff-4d81-8e4f-818f73dade45@group-B5597ECB938D-LeaderElection2] INFO  server.RaftServer$Division (RaftServerImpl.java:setRole(290)) - 5120cc87-b9ff-4d81-8e4f-818f73dade45@group-B5597ECB938D: changes role from CANDIDATE to LEADER at term 1 for changeToLeader
2021-11-15 10:00:51,671 [5120cc87-b9ff-4d81-8e4f-818f73dade45@group-B5597ECB938D-LeaderElection2] INFO  ratis.XceiverServerRatis (XceiverServerRatis.java:handleLeaderChangedNotification(866)) - Leader change notification received for group: group-B5597ECB938D with new leaderId: 5120cc87-b9ff-4d81-8e4f-818f73dade45
2021-11-15 10:00:51,672 [5120cc87-b9ff-4d81-8e4f-818f73dade45@group-B5597ECB938D-LeaderElection2] INFO  server.RaftServer$Division (ServerState.java:setLeader(285)) - 5120cc87-b9ff-4d81-8e4f-818f73dade45@group-B5597ECB938D: change Leader from null to 5120cc87-b9ff-4d81-8e4f-818f73dade45 at term 1 for becomeLeader, leader elected after 5105ms
2021-11-15 10:00:51,673 [5120cc87-b9ff-4d81-8e4f-818f73dade45@group-B5597ECB938D-LeaderElection2] INFO  server.RaftServerConfigKeys (ConfUtils.java:logGet(44)) - raft.server.staging.catchup.gap = 1000 (default)
2021-11-15 10:00:51,673 [EventQueue-OpenPipelineForHealthyPipelineSafeModeRule] INFO  safemode.SCMSafeModeManager (HealthyPipelineSafeModeRule.java:process(124)) - SCM in safe mode. Healthy pipelines reported count is 0, required healthy pipeline reported count is 1
2021-11-15 10:00:51,673 [5120cc87-b9ff-4d81-8e4f-818f73dade45@group-B5597ECB938D-LeaderElection2] INFO  server.RaftServerConfigKeys (ConfUtils.java:logGet(44)) - raft.server.write.element-limit = 1024 (custom)
2021-11-15 10:00:51,673 [5120cc87-b9ff-4d81-8e4f-818f73dade45@group-B5597ECB938D-LeaderElection2] INFO  server.RaftServerConfigKeys (ConfUtils.java:logGet(44)) - raft.server.write.byte-limit = 1024 M (=1073741824) (custom)
2021-11-15 10:00:51,673 [5120cc87-b9ff-4d81-8e4f-818f73dade45@group-B5597ECB938D-LeaderElection2] INFO  server.RaftServerConfigKeys (ConfUtils.java:logGet(44)) - raft.server.watch.timeout = 3000ms (custom)
2021-11-15 10:00:51,673 [5120cc87-b9ff-4d81-8e4f-818f73dade45@group-B5597ECB938D-LeaderElection2] INFO  server.RaftServerConfigKeys (ConfUtils.java:logGet(44)) - raft.server.watch.timeout.denomination = 1s (default)
2021-11-15 10:00:51,673 [5120cc87-b9ff-4d81-8e4f-818f73dade45@group-B5597ECB938D-LeaderElection2] INFO  server.RaftServerConfigKeys (ConfUtils.java:logGet(44)) - raft.server.watch.element-limit = 65536 (default)
2021-11-15 10:00:51,674 [5120cc87-b9ff-4d81-8e4f-818f73dade45@group-B5597ECB938D-LeaderElection2] INFO  server.RaftServerConfigKeys (ConfUtils.java:logGet(44)) - raft.server.write.element-limit = 1024 (custom)
2021-11-15 10:00:51,674 [5120cc87-b9ff-4d81-8e4f-818f73dade45@group-B5597ECB938D-LeaderElection2] INFO  server.RaftServerConfigKeys (ConfUtils.java:logGet(44)) - raft.server.write.follower.gap.ratio.max = -1.0 (default)
2021-11-15 10:00:51,674 [5120cc87-b9ff-4d81-8e4f-818f73dade45@group-B5597ECB938D-LeaderElection2] INFO  impl.RoleInfo (RoleInfo.java:updateAndGet(130)) - 5120cc87-b9ff-4d81-8e4f-818f73dade45: start 5120cc87-b9ff-4d81-8e4f-818f73dade45@group-B5597ECB938D-LeaderStateImpl
2021-11-15 10:00:51,674 [5120cc87-b9ff-4d81-8e4f-818f73dade45@group-B5597ECB938D-LeaderElection2] INFO  segmented.SegmentedRaftLogWorker (SegmentedRaftLogWorker.java:startLogSegment(394)) - 5120cc87-b9ff-4d81-8e4f-818f73dade45@group-B5597ECB938D-SegmentedRaftLogWorker: Starting segment from index:0
2021-11-15 10:00:51,676 [5120cc87-b9ff-4d81-8e4f-818f73dade45@group-B5597ECB938D-SegmentedRaftLogWorker] INFO  segmented.SegmentedRaftLogWorker (SegmentedRaftLogWorker.java:execute(601)) - 5120cc87-b9ff-4d81-8e4f-818f73dade45@group-B5597ECB938D-SegmentedRaftLogWorker: created new log segment /home/runner/work/ozone/ozone/hadoop-ozone/integration-test/target/test-dir/MiniOzoneClusterImpl-b6bde346-cb55-4fad-bd7f-e1da966a93e7/datanode-0/data/ratis/84a73e1c-2775-4236-a782-b5597ecb938d/current/log_inprogress_0
2021-11-15 10:00:51,679 [5120cc87-b9ff-4d81-8e4f-818f73dade45@group-B5597ECB938D-LeaderElection2] INFO  server.RaftServer$Division (ServerState.java:setRaftConf(387)) - 5120cc87-b9ff-4d81-8e4f-818f73dade45@group-B5597ECB938D: set configuration 0: [5120cc87-b9ff-4d81-8e4f-818f73dade45|rpc:10.1.0.56:39907|dataStream:|priority:1], old=null
2021-11-15 10:00:51,679 [5120cc87-b9ff-4d81-8e4f-818f73dade45@group-958034FB3CB9-FollowerState] INFO  impl.FollowerState (FollowerState.java:run(134)) - 5120cc87-b9ff-4d81-8e4f-818f73dade45@group-958034FB3CB9-FollowerState: change to CANDIDATE, lastRpcElapsedTime:5055380056ns, electionTimeout:5054ms
2021-11-15 10:00:51,680 [5120cc87-b9ff-4d81-8e4f-818f73dade45@group-958034FB3CB9-FollowerState] INFO  impl.RoleInfo (RoleInfo.java:shutdownFollowerState(108)) - 5120cc87-b9ff-4d81-8e4f-818f73dade45: shutdown 5120cc87-b9ff-4d81-8e4f-818f73dade45@group-958034FB3CB9-FollowerState
2021-11-15 10:00:51,680 [5120cc87-b9ff-4d81-8e4f-818f73dade45@group-958034FB3CB9-FollowerState] INFO  server.RaftServer$Division (RaftServerImpl.java:setRole(290)) - 5120cc87-b9ff-4d81-8e4f-818f73dade45@group-958034FB3CB9: changes role from  FOLLOWER to CANDIDATE at term 0 for changeToCandidate
2021-11-15 10:00:51,680 [5120cc87-b9ff-4d81-8e4f-818f73dade45@group-958034FB3CB9-FollowerState] INFO  server.RaftServerConfigKeys (ConfUtils.java:logGet(44)) - raft.server.leaderelection.pre-vote = false (custom)
2021-11-15 10:00:51,680 [5120cc87-b9ff-4d81-8e4f-818f73dade45@group-958034FB3CB9-FollowerState] INFO  impl.RoleInfo (RoleInfo.java:updateAndGet(130)) - 5120cc87-b9ff-4d81-8e4f-818f73dade45: start 5120cc87-b9ff-4d81-8e4f-818f73dade45@group-958034FB3CB9-LeaderElection3
2021-11-15 10:00:51,686 [5120cc87-b9ff-4d81-8e4f-818f73dade45@group-958034FB3CB9-LeaderElection3] INFO  impl.LeaderElection (LeaderElection.java:askForVotes(306)) - 5120cc87-b9ff-4d81-8e4f-818f73dade45@group-958034FB3CB9-LeaderElection3 ELECTION round 0: submit vote requests at term 1 for -1: [5120cc87-b9ff-4d81-8e4f-818f73dade45|rpc:10.1.0.56:39907|priority:0, 003b3e8b-8375-416f-b9b0-c8bdf761ffc2|rpc:10.1.0.56:44495|priority:0, a5208437-b67a-4a59-91c1-79d4e747a9e2|rpc:10.1.0.56:41529|priority:1], old=null
2021-11-15 10:00:51,708 [grpc-default-executor-1] INFO  server.RaftServer$Division (RaftServerImpl.java:requestVote(1046)) - 003b3e8b-8375-416f-b9b0-c8bdf761ffc2@group-958034FB3CB9: receive requestVote(ELECTION, 5120cc87-b9ff-4d81-8e4f-818f73dade45, group-958034FB3CB9, 1, (t:0, i:0))
2021-11-15 10:00:51,710 [grpc-default-executor-1] INFO  impl.VoteContext (VoteContext.java:log(48)) - 003b3e8b-8375-416f-b9b0-c8bdf761ffc2@group-958034FB3CB9-FOLLOWER: accept ELECTION from 5120cc87-b9ff-4d81-8e4f-818f73dade45: our priority 0 <= candidate's priority 0
2021-11-15 10:00:51,710 [grpc-default-executor-1] INFO  server.RaftServer$Division (RaftServerImpl.java:setRole(290)) - 003b3e8b-8375-416f-b9b0-c8bdf761ffc2@group-958034FB3CB9: changes role from  FOLLOWER to FOLLOWER at term 1 for candidate:5120cc87-b9ff-4d81-8e4f-818f73dade45
2021-11-15 10:00:51,711 [grpc-default-executor-1] INFO  impl.RoleInfo (RoleInfo.java:shutdownFollowerState(108)) - 003b3e8b-8375-416f-b9b0-c8bdf761ffc2: shutdown 003b3e8b-8375-416f-b9b0-c8bdf761ffc2@group-958034FB3CB9-FollowerState
2021-11-15 10:00:51,711 [grpc-default-executor-1] INFO  impl.RoleInfo (RoleInfo.java:updateAndGet(130)) - 003b3e8b-8375-416f-b9b0-c8bdf761ffc2: start 003b3e8b-8375-416f-b9b0-c8bdf761ffc2@group-958034FB3CB9-FollowerState
2021-11-15 10:00:51,712 [003b3e8b-8375-416f-b9b0-c8bdf761ffc2@group-958034FB3CB9-FollowerState] INFO  impl.FollowerState (FollowerState.java:run(143)) - 003b3e8b-8375-416f-b9b0-c8bdf761ffc2@group-958034FB3CB9-FollowerState was interrupted: {}
java.lang.InterruptedException: sleep interrupted
	at java.lang.Thread.sleep(Native Method)
	at java.lang.Thread.sleep(Thread.java:340)
	at java.util.concurrent.TimeUnit.sleep(TimeUnit.java:386)
	at org.apache.ratis.util.TimeDuration.sleep(TimeDuration.java:324)
	at org.apache.ratis.util.TimeDuration.sleep(TimeDuration.java:309)
	at org.apache.ratis.server.impl.FollowerState.run(FollowerState.java:118)
2021-11-15 10:00:51,719 [grpc-default-executor-0] INFO  server.RaftServer$Division (RaftServerImpl.java:requestVote(1046)) - a5208437-b67a-4a59-91c1-79d4e747a9e2@group-958034FB3CB9: receive requestVote(ELECTION, 5120cc87-b9ff-4d81-8e4f-818f73dade45, group-958034FB3CB9, 1, (t:0, i:0))
2021-11-15 10:00:51,719 [grpc-default-executor-0] INFO  impl.VoteContext (VoteContext.java:log(48)) - a5208437-b67a-4a59-91c1-79d4e747a9e2@group-958034FB3CB9-FOLLOWER: reject ELECTION from 5120cc87-b9ff-4d81-8e4f-818f73dade45: our priority 1 > candidate's priority 0
2021-11-15 10:00:51,720 [grpc-default-executor-0] INFO  server.RaftServer$Division (RaftServerImpl.java:setRole(290)) - a5208437-b67a-4a59-91c1-79d4e747a9e2@group-958034FB3CB9: changes role from  FOLLOWER to FOLLOWER at term 1 for candidate:5120cc87-b9ff-4d81-8e4f-818f73dade45
2021-11-15 10:00:51,720 [grpc-default-executor-0] INFO  impl.RoleInfo (RoleInfo.java:shutdownFollowerState(108)) - a5208437-b67a-4a59-91c1-79d4e747a9e2: shutdown a5208437-b67a-4a59-91c1-79d4e747a9e2@group-958034FB3CB9-FollowerState
2021-11-15 10:00:51,720 [grpc-default-executor-0] INFO  impl.RoleInfo (RoleInfo.java:updateAndGet(130)) - a5208437-b67a-4a59-91c1-79d4e747a9e2: start a5208437-b67a-4a59-91c1-79d4e747a9e2@group-958034FB3CB9-FollowerState
2021-11-15 10:00:51,720 [a5208437-b67a-4a59-91c1-79d4e747a9e2@group-958034FB3CB9-FollowerState] INFO  impl.FollowerState (FollowerState.java:run(143)) - a5208437-b67a-4a59-91c1-79d4e747a9e2@group-958034FB3CB9-FollowerState was interrupted: {}
java.lang.InterruptedException: sleep interrupted
	at java.lang.Thread.sleep(Native Method)
	at java.lang.Thread.sleep(Thread.java:340)
	at java.util.concurrent.TimeUnit.sleep(TimeUnit.java:386)
	at org.apache.ratis.util.TimeDuration.sleep(TimeDuration.java:324)
	at org.apache.ratis.util.TimeDuration.sleep(TimeDuration.java:309)
	at org.apache.ratis.server.impl.FollowerState.run(FollowerState.java:118)
2021-11-15 10:00:51,730 [grpc-default-executor-1] INFO  server.RaftServer$Division (RaftServerImpl.java:requestVote(1078)) - 003b3e8b-8375-416f-b9b0-c8bdf761ffc2@group-958034FB3CB9 replies to ELECTION vote request: 5120cc87-b9ff-4d81-8e4f-818f73dade45<-003b3e8b-8375-416f-b9b0-c8bdf761ffc2#0:OK-t1. Peer's state: 003b3e8b-8375-416f-b9b0-c8bdf761ffc2@group-958034FB3CB9:t1, leader=null, voted=5120cc87-b9ff-4d81-8e4f-818f73dade45, raftlog=003b3e8b-8375-416f-b9b0-c8bdf761ffc2@group-958034FB3CB9-SegmentedRaftLog:OPENED:c-1, conf=-1: [5120cc87-b9ff-4d81-8e4f-818f73dade45|rpc:10.1.0.56:39907|dataStream:|priority:0, 003b3e8b-8375-416f-b9b0-c8bdf761ffc2|rpc:10.1.0.56:44495|dataStream:|priority:0, a5208437-b67a-4a59-91c1-79d4e747a9e2|rpc:10.1.0.56:41529|dataStream:|priority:1], old=null
2021-11-15 10:00:51,730 [grpc-default-executor-0] INFO  server.RaftServer$Division (RaftServerImpl.java:requestVote(1078)) - a5208437-b67a-4a59-91c1-79d4e747a9e2@group-958034FB3CB9 replies to ELECTION vote request: 5120cc87-b9ff-4d81-8e4f-818f73dade45<-a5208437-b67a-4a59-91c1-79d4e747a9e2#0:FAIL-t1. Peer's state: a5208437-b67a-4a59-91c1-79d4e747a9e2@group-958034FB3CB9:t1, leader=null, voted=null, raftlog=a5208437-b67a-4a59-91c1-79d4e747a9e2@group-958034FB3CB9-SegmentedRaftLog:OPENED:c-1, conf=-1: [5120cc87-b9ff-4d81-8e4f-818f73dade45|rpc:10.1.0.56:39907|priority:0, 003b3e8b-8375-416f-b9b0-c8bdf761ffc2|rpc:10.1.0.56:44495|priority:0, a5208437-b67a-4a59-91c1-79d4e747a9e2|rpc:10.1.0.56:41529|priority:1], old=null
2021-11-15 10:00:51,734 [5120cc87-b9ff-4d81-8e4f-818f73dade45@group-958034FB3CB9-LeaderElection3] INFO  impl.LeaderElection (LeaderElection.java:logAndReturn(89)) - 5120cc87-b9ff-4d81-8e4f-818f73dade45@group-958034FB3CB9-LeaderElection3: ELECTION REJECTED received 2 response(s) and 0 exception(s):
2021-11-15 10:00:51,735 [5120cc87-b9ff-4d81-8e4f-818f73dade45@group-958034FB3CB9-LeaderElection3] INFO  impl.LeaderElection (LeaderElection.java:logAndReturn(93)) -   Response 0: 5120cc87-b9ff-4d81-8e4f-818f73dade45<-003b3e8b-8375-416f-b9b0-c8bdf761ffc2#0:OK-t1
2021-11-15 10:00:51,735 [5120cc87-b9ff-4d81-8e4f-818f73dade45@group-958034FB3CB9-LeaderElection3] INFO  impl.LeaderElection (LeaderElection.java:logAndReturn(93)) -   Response 1: 5120cc87-b9ff-4d81-8e4f-818f73dade45<-a5208437-b67a-4a59-91c1-79d4e747a9e2#0:FAIL-t1
2021-11-15 10:00:51,735 [5120cc87-b9ff-4d81-8e4f-818f73dade45@group-958034FB3CB9-LeaderElection3] INFO  impl.LeaderElection (LeaderElection.java:askForVotes(308)) - 5120cc87-b9ff-4d81-8e4f-818f73dade45@group-958034FB3CB9-LeaderElection3 ELECTION round 0: result REJECTED
2021-11-15 10:00:51,735 [5120cc87-b9ff-4d81-8e4f-818f73dade45@group-958034FB3CB9-LeaderElection3] INFO  server.RaftServer$Division (RaftServerImpl.java:setRole(290)) - 5120cc87-b9ff-4d81-8e4f-818f73dade45@group-958034FB3CB9: changes role from CANDIDATE to FOLLOWER at term 1 for REJECTED
2021-11-15 10:00:51,735 [5120cc87-b9ff-4d81-8e4f-818f73dade45@group-958034FB3CB9-LeaderElection3] INFO  impl.RoleInfo (RoleInfo.java:shutdownLeaderElection(121)) - 5120cc87-b9ff-4d81-8e4f-818f73dade45: shutdown 5120cc87-b9ff-4d81-8e4f-818f73dade45@group-958034FB3CB9-LeaderElection3
2021-11-15 10:00:51,735 [5120cc87-b9ff-4d81-8e4f-818f73dade45@group-958034FB3CB9-LeaderElection3] INFO  impl.RoleInfo (RoleInfo.java:updateAndGet(130)) - 5120cc87-b9ff-4d81-8e4f-818f73dade45: start 5120cc87-b9ff-4d81-8e4f-818f73dade45@group-958034FB3CB9-FollowerState
2021-11-15 10:00:52,030 [a5208437-b67a-4a59-91c1-79d4e747a9e2@group-66A3E2895C5D-FollowerState] INFO  impl.FollowerState (FollowerState.java:run(134)) - a5208437-b67a-4a59-91c1-79d4e747a9e2@group-66A3E2895C5D-FollowerState: change to CANDIDATE, lastRpcElapsedTime:5150814429ns, electionTimeout:5140ms
2021-11-15 10:00:52,032 [a5208437-b67a-4a59-91c1-79d4e747a9e2@group-66A3E2895C5D-FollowerState] INFO  impl.RoleInfo (RoleInfo.java:shutdownFollowerState(108)) - a5208437-b67a-4a59-91c1-79d4e747a9e2: shutdown a5208437-b67a-4a59-91c1-79d4e747a9e2@group-66A3E2895C5D-FollowerState
2021-11-15 10:00:52,032 [a5208437-b67a-4a59-91c1-79d4e747a9e2@group-66A3E2895C5D-FollowerState] INFO  server.RaftServer$Division (RaftServerImpl.java:setRole(290)) - a5208437-b67a-4a59-91c1-79d4e747a9e2@group-66A3E2895C5D: changes role from  FOLLOWER to CANDIDATE at term 0 for changeToCandidate
2021-11-15 10:00:52,032 [a5208437-b67a-4a59-91c1-79d4e747a9e2@group-66A3E2895C5D-FollowerState] INFO  server.RaftServerConfigKeys (ConfUtils.java:logGet(44)) - raft.server.leaderelection.pre-vote = false (custom)
2021-11-15 10:00:52,032 [a5208437-b67a-4a59-91c1-79d4e747a9e2@group-66A3E2895C5D-FollowerState] INFO  impl.RoleInfo (RoleInfo.java:updateAndGet(130)) - a5208437-b67a-4a59-91c1-79d4e747a9e2: start a5208437-b67a-4a59-91c1-79d4e747a9e2@group-66A3E2895C5D-LeaderElection4
2021-11-15 10:00:52,035 [a5208437-b67a-4a59-91c1-79d4e747a9e2@group-66A3E2895C5D-LeaderElection4] INFO  impl.LeaderElection (LeaderElection.java:askForVotes(306)) - a5208437-b67a-4a59-91c1-79d4e747a9e2@group-66A3E2895C5D-LeaderElection4 ELECTION round 0: submit vote requests at term 1 for -1: [a5208437-b67a-4a59-91c1-79d4e747a9e2|rpc:10.1.0.56:41529|priority:1], old=null
2021-11-15 10:00:52,035 [a5208437-b67a-4a59-91c1-79d4e747a9e2@group-66A3E2895C5D-LeaderElection4] INFO  impl.LeaderElection (LeaderElection.java:askForVotes(308)) - a5208437-b67a-4a59-91c1-79d4e747a9e2@group-66A3E2895C5D-LeaderElection4 ELECTION round 0: result PASSED (term=1)
2021-11-15 10:00:52,035 [a5208437-b67a-4a59-91c1-79d4e747a9e2@group-66A3E2895C5D-LeaderElection4] INFO  impl.RoleInfo (RoleInfo.java:shutdownLeaderElection(121)) - a5208437-b67a-4a59-91c1-79d4e747a9e2: shutdown a5208437-b67a-4a59-91c1-79d4e747a9e2@group-66A3E2895C5D-LeaderElection4
2021-11-15 10:00:52,035 [a5208437-b67a-4a59-91c1-79d4e747a9e2@group-66A3E2895C5D-LeaderElection4] INFO  server.RaftServer$Division (RaftServerImpl.java:setRole(290)) - a5208437-b67a-4a59-91c1-79d4e747a9e2@group-66A3E2895C5D: changes role from CANDIDATE to LEADER at term 1 for changeToLeader
2021-11-15 10:00:52,035 [a5208437-b67a-4a59-91c1-79d4e747a9e2@group-66A3E2895C5D-LeaderElection4] INFO  ratis.XceiverServerRatis (XceiverServerRatis.java:handleLeaderChangedNotification(866)) - Leader change notification received for group: group-66A3E2895C5D with new leaderId: a5208437-b67a-4a59-91c1-79d4e747a9e2
2021-11-15 10:00:52,036 [a5208437-b67a-4a59-91c1-79d4e747a9e2@group-66A3E2895C5D-LeaderElection4] INFO  server.RaftServer$Division (ServerState.java:setLeader(285)) - a5208437-b67a-4a59-91c1-79d4e747a9e2@group-66A3E2895C5D: change Leader from null to a5208437-b67a-4a59-91c1-79d4e747a9e2 at term 1 for becomeLeader, leader elected after 5193ms
2021-11-15 10:00:52,036 [a5208437-b67a-4a59-91c1-79d4e747a9e2@group-66A3E2895C5D-LeaderElection4] INFO  server.RaftServerConfigKeys (ConfUtils.java:logGet(44)) - raft.server.staging.catchup.gap = 1000 (default)
2021-11-15 10:00:52,036 [a5208437-b67a-4a59-91c1-79d4e747a9e2@group-66A3E2895C5D-LeaderElection4] INFO  server.RaftServerConfigKeys (ConfUtils.java:logGet(44)) - raft.server.write.element-limit = 1024 (custom)
2021-11-15 10:00:52,036 [a5208437-b67a-4a59-91c1-79d4e747a9e2@group-66A3E2895C5D-LeaderElection4] INFO  server.RaftServerConfigKeys (ConfUtils.java:logGet(44)) - raft.server.write.byte-limit = 1024 M (=1073741824) (custom)
2021-11-15 10:00:52,036 [a5208437-b67a-4a59-91c1-79d4e747a9e2@group-66A3E2895C5D-LeaderElection4] INFO  server.RaftServerConfigKeys (ConfUtils.java:logGet(44)) - raft.server.watch.timeout = 3000ms (custom)
2021-11-15 10:00:52,037 [a5208437-b67a-4a59-91c1-79d4e747a9e2@group-66A3E2895C5D-LeaderElection4] INFO  server.RaftServerConfigKeys (ConfUtils.java:logGet(44)) - raft.server.watch.timeout.denomination = 1s (default)
2021-11-15 10:00:52,037 [EventQueue-OpenPipelineForHealthyPipelineSafeModeRule] INFO  safemode.SCMSafeModeManager (HealthyPipelineSafeModeRule.java:process(124)) - SCM in safe mode. Healthy pipelines reported count is 0, required healthy pipeline reported count is 1
2021-11-15 10:00:52,038 [a5208437-b67a-4a59-91c1-79d4e747a9e2@group-66A3E2895C5D-LeaderElection4] INFO  server.RaftServerConfigKeys (ConfUtils.java:logGet(44)) - raft.server.watch.element-limit = 65536 (default)
2021-11-15 10:00:52,038 [a5208437-b67a-4a59-91c1-79d4e747a9e2@group-66A3E2895C5D-LeaderElection4] INFO  server.RaftServerConfigKeys (ConfUtils.java:logGet(44)) - raft.server.write.element-limit = 1024 (custom)
2021-11-15 10:00:52,038 [a5208437-b67a-4a59-91c1-79d4e747a9e2@group-66A3E2895C5D-LeaderElection4] INFO  server.RaftServerConfigKeys (ConfUtils.java:logGet(44)) - raft.server.write.follower.gap.ratio.max = -1.0 (default)
2021-11-15 10:00:52,038 [a5208437-b67a-4a59-91c1-79d4e747a9e2@group-66A3E2895C5D-LeaderElection4] INFO  impl.RoleInfo (RoleInfo.java:updateAndGet(130)) - a5208437-b67a-4a59-91c1-79d4e747a9e2: start a5208437-b67a-4a59-91c1-79d4e747a9e2@group-66A3E2895C5D-LeaderStateImpl
2021-11-15 10:00:52,038 [a5208437-b67a-4a59-91c1-79d4e747a9e2@group-66A3E2895C5D-LeaderElection4] INFO  segmented.SegmentedRaftLogWorker (SegmentedRaftLogWorker.java:startLogSegment(394)) - a5208437-b67a-4a59-91c1-79d4e747a9e2@group-66A3E2895C5D-SegmentedRaftLogWorker: Starting segment from index:0
2021-11-15 10:00:52,040 [a5208437-b67a-4a59-91c1-79d4e747a9e2@group-66A3E2895C5D-SegmentedRaftLogWorker] INFO  segmented.SegmentedRaftLogWorker (SegmentedRaftLogWorker.java:execute(601)) - a5208437-b67a-4a59-91c1-79d4e747a9e2@group-66A3E2895C5D-SegmentedRaftLogWorker: created new log segment /home/runner/work/ozone/ozone/hadoop-ozone/integration-test/target/test-dir/MiniOzoneClusterImpl-b6bde346-cb55-4fad-bd7f-e1da966a93e7/datanode-1/data/ratis/28580443-686b-4e66-9fdd-66a3e2895c5d/current/log_inprogress_0
2021-11-15 10:00:52,042 [a5208437-b67a-4a59-91c1-79d4e747a9e2@group-66A3E2895C5D-LeaderElection4] INFO  server.RaftServer$Division (ServerState.java:setRaftConf(387)) - a5208437-b67a-4a59-91c1-79d4e747a9e2@group-66A3E2895C5D: set configuration 0: [a5208437-b67a-4a59-91c1-79d4e747a9e2|rpc:10.1.0.56:41529|dataStream:|priority:1], old=null
2021-11-15 10:00:52,166 [Listener at 127.0.0.1/43215] INFO  ozone.MiniOzoneClusterImpl (MiniOzoneClusterImpl.java:lambda$waitForClusterToBeReady$0(235)) - Nodes are ready. Got 7 of 7 DN Heartbeats.
2021-11-15 10:00:52,166 [Listener at 127.0.0.1/43215] INFO  ozone.MiniOzoneClusterImpl (MiniOzoneClusterImpl.java:lambda$waitForClusterToBeReady$0(238)) - Waiting for cluster to exit safe mode
2021-11-15 10:00:52,166 [Listener at 127.0.0.1/43215] INFO  ozone.MiniOzoneClusterImpl (MiniOzoneClusterImpl.java:lambda$waitForClusterToBeReady$0(240)) - SCM became leader
2021-11-15 10:00:52,389 [003b3e8b-8375-416f-b9b0-c8bdf761ffc2@group-C68B1A57C8BB-FollowerState] INFO  impl.FollowerState (FollowerState.java:run(134)) - 003b3e8b-8375-416f-b9b0-c8bdf761ffc2@group-C68B1A57C8BB-FollowerState: change to CANDIDATE, lastRpcElapsedTime:5044447149ns, electionTimeout:5044ms
2021-11-15 10:00:52,390 [003b3e8b-8375-416f-b9b0-c8bdf761ffc2@group-C68B1A57C8BB-FollowerState] INFO  impl.RoleInfo (RoleInfo.java:shutdownFollowerState(108)) - 003b3e8b-8375-416f-b9b0-c8bdf761ffc2: shutdown 003b3e8b-8375-416f-b9b0-c8bdf761ffc2@group-C68B1A57C8BB-FollowerState
2021-11-15 10:00:52,390 [003b3e8b-8375-416f-b9b0-c8bdf761ffc2@group-C68B1A57C8BB-FollowerState] INFO  server.RaftServer$Division (RaftServerImpl.java:setRole(290)) - 003b3e8b-8375-416f-b9b0-c8bdf761ffc2@group-C68B1A57C8BB: changes role from  FOLLOWER to CANDIDATE at term 0 for changeToCandidate
2021-11-15 10:00:52,390 [003b3e8b-8375-416f-b9b0-c8bdf761ffc2@group-C68B1A57C8BB-FollowerState] INFO  server.RaftServerConfigKeys (ConfUtils.java:logGet(44)) - raft.server.leaderelection.pre-vote = false (custom)
2021-11-15 10:00:52,390 [003b3e8b-8375-416f-b9b0-c8bdf761ffc2@group-C68B1A57C8BB-FollowerState] INFO  impl.RoleInfo (RoleInfo.java:updateAndGet(130)) - 003b3e8b-8375-416f-b9b0-c8bdf761ffc2: start 003b3e8b-8375-416f-b9b0-c8bdf761ffc2@group-C68B1A57C8BB-LeaderElection5
2021-11-15 10:00:52,394 [003b3e8b-8375-416f-b9b0-c8bdf761ffc2@group-C68B1A57C8BB-LeaderElection5] INFO  impl.LeaderElection (LeaderElection.java:askForVotes(306)) - 003b3e8b-8375-416f-b9b0-c8bdf761ffc2@group-C68B1A57C8BB-LeaderElection5 ELECTION round 0: submit vote requests at term 1 for -1: [5120cc87-b9ff-4d81-8e4f-818f73dade45|rpc:10.1.0.56:39907|dataStream:|priority:0, 003b3e8b-8375-416f-b9b0-c8bdf761ffc2|rpc:10.1.0.56:44495|dataStream:|priority:1, a5208437-b67a-4a59-91c1-79d4e747a9e2|rpc:10.1.0.56:41529|dataStream:|priority:0], old=null
2021-11-15 10:00:52,401 [grpc-default-executor-1] INFO  server.RaftServer$Division (RaftServerImpl.java:requestVote(1046)) - a5208437-b67a-4a59-91c1-79d4e747a9e2@group-C68B1A57C8BB: receive requestVote(ELECTION, 003b3e8b-8375-416f-b9b0-c8bdf761ffc2, group-C68B1A57C8BB, 1, (t:0, i:0))
2021-11-15 10:00:52,401 [grpc-default-executor-1] INFO  impl.VoteContext (VoteContext.java:log(48)) - a5208437-b67a-4a59-91c1-79d4e747a9e2@group-C68B1A57C8BB-FOLLOWER: accept ELECTION from 003b3e8b-8375-416f-b9b0-c8bdf761ffc2: our priority 0 <= candidate's priority 1
2021-11-15 10:00:52,402 [grpc-default-executor-1] INFO  server.RaftServer$Division (RaftServerImpl.java:setRole(290)) - a5208437-b67a-4a59-91c1-79d4e747a9e2@group-C68B1A57C8BB: changes role from  FOLLOWER to FOLLOWER at term 1 for candidate:003b3e8b-8375-416f-b9b0-c8bdf761ffc2
2021-11-15 10:00:52,402 [grpc-default-executor-1] INFO  impl.RoleInfo (RoleInfo.java:shutdownFollowerState(108)) - a5208437-b67a-4a59-91c1-79d4e747a9e2: shutdown a5208437-b67a-4a59-91c1-79d4e747a9e2@group-C68B1A57C8BB-FollowerState
2021-11-15 10:00:52,402 [grpc-default-executor-1] INFO  impl.RoleInfo (RoleInfo.java:updateAndGet(130)) - a5208437-b67a-4a59-91c1-79d4e747a9e2: start a5208437-b67a-4a59-91c1-79d4e747a9e2@group-C68B1A57C8BB-FollowerState
2021-11-15 10:00:52,402 [a5208437-b67a-4a59-91c1-79d4e747a9e2@group-C68B1A57C8BB-FollowerState] INFO  impl.FollowerState (FollowerState.java:run(143)) - a5208437-b67a-4a59-91c1-79d4e747a9e2@group-C68B1A57C8BB-FollowerState was interrupted: {}
java.lang.InterruptedException: sleep interrupted
	at java.lang.Thread.sleep(Native Method)
	at java.lang.Thread.sleep(Thread.java:340)
	at java.util.concurrent.TimeUnit.sleep(TimeUnit.java:386)
	at org.apache.ratis.util.TimeDuration.sleep(TimeDuration.java:324)
	at org.apache.ratis.util.TimeDuration.sleep(TimeDuration.java:309)
	at org.apache.ratis.server.impl.FollowerState.run(FollowerState.java:118)
2021-11-15 10:00:52,407 [grpc-default-executor-0] INFO  server.RaftServer$Division (RaftServerImpl.java:requestVote(1046)) - 5120cc87-b9ff-4d81-8e4f-818f73dade45@group-C68B1A57C8BB: receive requestVote(ELECTION, 003b3e8b-8375-416f-b9b0-c8bdf761ffc2, group-C68B1A57C8BB, 1, (t:0, i:0))
2021-11-15 10:00:52,408 [grpc-default-executor-0] INFO  impl.VoteContext (VoteContext.java:log(48)) - 5120cc87-b9ff-4d81-8e4f-818f73dade45@group-C68B1A57C8BB-FOLLOWER: accept ELECTION from 003b3e8b-8375-416f-b9b0-c8bdf761ffc2: our priority 0 <= candidate's priority 1
2021-11-15 10:00:52,408 [grpc-default-executor-0] INFO  server.RaftServer$Division (RaftServerImpl.java:setRole(290)) - 5120cc87-b9ff-4d81-8e4f-818f73dade45@group-C68B1A57C8BB: changes role from  FOLLOWER to FOLLOWER at term 1 for candidate:003b3e8b-8375-416f-b9b0-c8bdf761ffc2
2021-11-15 10:00:52,408 [grpc-default-executor-0] INFO  impl.RoleInfo (RoleInfo.java:shutdownFollowerState(108)) - 5120cc87-b9ff-4d81-8e4f-818f73dade45: shutdown 5120cc87-b9ff-4d81-8e4f-818f73dade45@group-C68B1A57C8BB-FollowerState
2021-11-15 10:00:52,408 [grpc-default-executor-0] INFO  impl.RoleInfo (RoleInfo.java:updateAndGet(130)) - 5120cc87-b9ff-4d81-8e4f-818f73dade45: start 5120cc87-b9ff-4d81-8e4f-818f73dade45@group-C68B1A57C8BB-FollowerState
2021-11-15 10:00:52,408 [5120cc87-b9ff-4d81-8e4f-818f73dade45@group-C68B1A57C8BB-FollowerState] INFO  impl.FollowerState (FollowerState.java:run(143)) - 5120cc87-b9ff-4d81-8e4f-818f73dade45@group-C68B1A57C8BB-FollowerState was interrupted: {}
java.lang.InterruptedException: sleep interrupted
	at java.lang.Thread.sleep(Native Method)
	at java.lang.Thread.sleep(Thread.java:340)
	at java.util.concurrent.TimeUnit.sleep(TimeUnit.java:386)
	at org.apache.ratis.util.TimeDuration.sleep(TimeDuration.java:324)
	at org.apache.ratis.util.TimeDuration.sleep(TimeDuration.java:309)
	at org.apache.ratis.server.impl.FollowerState.run(FollowerState.java:118)
2021-11-15 10:00:52,409 [grpc-default-executor-1] INFO  server.RaftServer$Division (RaftServerImpl.java:requestVote(1078)) - a5208437-b67a-4a59-91c1-79d4e747a9e2@group-C68B1A57C8BB replies to ELECTION vote request: 003b3e8b-8375-416f-b9b0-c8bdf761ffc2<-a5208437-b67a-4a59-91c1-79d4e747a9e2#0:OK-t1. Peer's state: a5208437-b67a-4a59-91c1-79d4e747a9e2@group-C68B1A57C8BB:t1, leader=null, voted=003b3e8b-8375-416f-b9b0-c8bdf761ffc2, raftlog=a5208437-b67a-4a59-91c1-79d4e747a9e2@group-C68B1A57C8BB-SegmentedRaftLog:OPENED:c-1, conf=-1: [5120cc87-b9ff-4d81-8e4f-818f73dade45|rpc:10.1.0.56:39907|priority:0, 003b3e8b-8375-416f-b9b0-c8bdf761ffc2|rpc:10.1.0.56:44495|priority:1, a5208437-b67a-4a59-91c1-79d4e747a9e2|rpc:10.1.0.56:41529|priority:0], old=null
2021-11-15 10:00:52,411 [003b3e8b-8375-416f-b9b0-c8bdf761ffc2@group-C68B1A57C8BB-LeaderElection5] INFO  impl.LeaderElection (LeaderElection.java:logAndReturn(89)) - 003b3e8b-8375-416f-b9b0-c8bdf761ffc2@group-C68B1A57C8BB-LeaderElection5: ELECTION PASSED received 1 response(s) and 0 exception(s):
2021-11-15 10:00:52,411 [003b3e8b-8375-416f-b9b0-c8bdf761ffc2@group-C68B1A57C8BB-LeaderElection5] INFO  impl.LeaderElection (LeaderElection.java:logAndReturn(93)) -   Response 0: 003b3e8b-8375-416f-b9b0-c8bdf761ffc2<-a5208437-b67a-4a59-91c1-79d4e747a9e2#0:OK-t1
2021-11-15 10:00:52,411 [grpc-default-executor-0] INFO  server.RaftServer$Division (RaftServerImpl.java:requestVote(1078)) - 5120cc87-b9ff-4d81-8e4f-818f73dade45@group-C68B1A57C8BB replies to ELECTION vote request: 003b3e8b-8375-416f-b9b0-c8bdf761ffc2<-5120cc87-b9ff-4d81-8e4f-818f73dade45#0:OK-t1. Peer's state: 5120cc87-b9ff-4d81-8e4f-818f73dade45@group-C68B1A57C8BB:t1, leader=null, voted=003b3e8b-8375-416f-b9b0-c8bdf761ffc2, raftlog=5120cc87-b9ff-4d81-8e4f-818f73dade45@group-C68B1A57C8BB-SegmentedRaftLog:OPENED:c-1, conf=-1: [5120cc87-b9ff-4d81-8e4f-818f73dade45|rpc:10.1.0.56:39907|priority:0, 003b3e8b-8375-416f-b9b0-c8bdf761ffc2|rpc:10.1.0.56:44495|priority:1, a5208437-b67a-4a59-91c1-79d4e747a9e2|rpc:10.1.0.56:41529|priority:0], old=null
2021-11-15 10:00:52,422 [003b3e8b-8375-416f-b9b0-c8bdf761ffc2@group-C68B1A57C8BB-LeaderElection5] INFO  impl.LeaderElection (LeaderElection.java:askForVotes(308)) - 003b3e8b-8375-416f-b9b0-c8bdf761ffc2@group-C68B1A57C8BB-LeaderElection5 ELECTION round 0: result PASSED
2021-11-15 10:00:52,422 [003b3e8b-8375-416f-b9b0-c8bdf761ffc2@group-C68B1A57C8BB-LeaderElection5] INFO  impl.RoleInfo (RoleInfo.java:shutdownLeaderElection(121)) - 003b3e8b-8375-416f-b9b0-c8bdf761ffc2: shutdown 003b3e8b-8375-416f-b9b0-c8bdf761ffc2@group-C68B1A57C8BB-LeaderElection5
2021-11-15 10:00:52,422 [003b3e8b-8375-416f-b9b0-c8bdf761ffc2@group-C68B1A57C8BB-LeaderElection5] INFO  server.RaftServer$Division (RaftServerImpl.java:setRole(290)) - 003b3e8b-8375-416f-b9b0-c8bdf761ffc2@group-C68B1A57C8BB: changes role from CANDIDATE to LEADER at term 1 for changeToLeader
2021-11-15 10:00:52,422 [003b3e8b-8375-416f-b9b0-c8bdf761ffc2@group-C68B1A57C8BB-LeaderElection5] INFO  ratis.XceiverServerRatis (XceiverServerRatis.java:handleLeaderChangedNotification(866)) - Leader change notification received for group: group-C68B1A57C8BB with new leaderId: 003b3e8b-8375-416f-b9b0-c8bdf761ffc2
2021-11-15 10:00:52,422 [003b3e8b-8375-416f-b9b0-c8bdf761ffc2@group-C68B1A57C8BB-LeaderElection5] INFO  server.RaftServer$Division (ServerState.java:setLeader(285)) - 003b3e8b-8375-416f-b9b0-c8bdf761ffc2@group-C68B1A57C8BB: change Leader from null to 003b3e8b-8375-416f-b9b0-c8bdf761ffc2 at term 1 for becomeLeader, leader elected after 5089ms
2021-11-15 10:00:52,422 [003b3e8b-8375-416f-b9b0-c8bdf761ffc2@group-C68B1A57C8BB-LeaderElection5] INFO  server.RaftServerConfigKeys (ConfUtils.java:logGet(44)) - raft.server.staging.catchup.gap = 1000 (default)
2021-11-15 10:00:52,423 [003b3e8b-8375-416f-b9b0-c8bdf761ffc2@group-C68B1A57C8BB-LeaderElection5] INFO  server.RaftServerConfigKeys (ConfUtils.java:logGet(44)) - raft.server.write.element-limit = 1024 (custom)
2021-11-15 10:00:52,423 [003b3e8b-8375-416f-b9b0-c8bdf761ffc2@group-C68B1A57C8BB-LeaderElection5] INFO  server.RaftServerConfigKeys (ConfUtils.java:logGet(44)) - raft.server.write.byte-limit = 1024 M (=1073741824) (custom)
2021-11-15 10:00:52,423 [003b3e8b-8375-416f-b9b0-c8bdf761ffc2@group-C68B1A57C8BB-LeaderElection5] INFO  server.RaftServerConfigKeys (ConfUtils.java:logGet(44)) - raft.server.watch.timeout = 3000ms (custom)
2021-11-15 10:00:52,423 [003b3e8b-8375-416f-b9b0-c8bdf761ffc2@group-C68B1A57C8BB-LeaderElection5] INFO  server.RaftServerConfigKeys (ConfUtils.java:logGet(44)) - raft.server.watch.timeout.denomination = 1s (default)
2021-11-15 10:00:52,423 [003b3e8b-8375-416f-b9b0-c8bdf761ffc2@group-C68B1A57C8BB-LeaderElection5] INFO  server.RaftServerConfigKeys (ConfUtils.java:logGet(44)) - raft.server.watch.element-limit = 65536 (default)
2021-11-15 10:00:52,423 [003b3e8b-8375-416f-b9b0-c8bdf761ffc2@group-C68B1A57C8BB-LeaderElection5] INFO  server.RaftServerConfigKeys (ConfUtils.java:logGet(44)) - raft.server.write.element-limit = 1024 (custom)
2021-11-15 10:00:52,423 [003b3e8b-8375-416f-b9b0-c8bdf761ffc2@group-C68B1A57C8BB-LeaderElection5] INFO  server.RaftServerConfigKeys (ConfUtils.java:logGet(44)) - raft.server.write.follower.gap.ratio.max = -1.0 (default)
2021-11-15 10:00:52,428 [EventQueue-PipelineReportForPipelineReportHandler] INFO  pipeline.PipelineManagerImpl (PipelineManagerImpl.java:openPipeline(289)) - Pipeline Pipeline[ Id: 33a0542e-f327-46d0-9703-c68b1a57c8bb, Nodes: 003b3e8b-8375-416f-b9b0-c8bdf761ffc2{ip: 10.1.0.56, host: fv-az12-743.exdb2aeach2ezidoxz41lk3bwg.cx.internal.cloudapp.net, ports: [REPLICATION=36515, RATIS=44495, RATIS_ADMIN=44495, RATIS_SERVER=44495, STANDALONE=34967], networkLocation: /default-rack, certSerialId: null, persistedOpState: IN_SERVICE, persistedOpStateExpiryEpochSec: 0}a5208437-b67a-4a59-91c1-79d4e747a9e2{ip: 10.1.0.56, host: fv-az12-743.exdb2aeach2ezidoxz41lk3bwg.cx.internal.cloudapp.net, ports: [REPLICATION=43917, RATIS=41529, RATIS_ADMIN=41529, RATIS_SERVER=41529, STANDALONE=36855], networkLocation: /default-rack, certSerialId: null, persistedOpState: IN_SERVICE, persistedOpStateExpiryEpochSec: 0}5120cc87-b9ff-4d81-8e4f-818f73dade45{ip: 10.1.0.56, host: fv-az12-743.exdb2aeach2ezidoxz41lk3bwg.cx.internal.cloudapp.net, ports: [REPLICATION=35699, RATIS=39907, RATIS_ADMIN=39907, RATIS_SERVER=39907, STANDALONE=46197], networkLocation: /default-rack, certSerialId: null, persistedOpState: IN_SERVICE, persistedOpStateExpiryEpochSec: 0}, ReplicationConfig: RATIS/THREE, State:ALLOCATED, leaderId:003b3e8b-8375-416f-b9b0-c8bdf761ffc2, CreationTimestamp2021-11-15T10:00:44.365Z[Etc/UTC]] moved to OPEN state
2021-11-15 10:00:52,428 [EventQueue-OpenPipelineForHealthyPipelineSafeModeRule] INFO  safemode.SCMSafeModeManager (HealthyPipelineSafeModeRule.java:process(124)) - SCM in safe mode. Healthy pipelines reported count is 0, required healthy pipeline reported count is 1
2021-11-15 10:00:52,433 [003b3e8b-8375-416f-b9b0-c8bdf761ffc2@group-C68B1A57C8BB-LeaderElection5] INFO  server.RaftServerConfigKeys (ConfUtils.java:logGet(44)) - raft.server.log.appender.snapshot.chunk.size.max = 16MB (=16777216) (default)
2021-11-15 10:00:52,434 [003b3e8b-8375-416f-b9b0-c8bdf761ffc2@group-C68B1A57C8BB-LeaderElection5] INFO  server.RaftServerConfigKeys (ConfUtils.java:logGet(44)) - raft.server.log.appender.buffer.byte-limit = 33554432 (custom)
2021-11-15 10:00:52,435 [003b3e8b-8375-416f-b9b0-c8bdf761ffc2@group-C68B1A57C8BB-LeaderElection5] INFO  server.RaftServerConfigKeys (ConfUtils.java:logGet(44)) - raft.server.log.appender.buffer.element-limit = 1 (custom)
2021-11-15 10:00:52,434 [EventQueue-OpenPipelineForHealthyPipelineSafeModeRule] INFO  safemode.SCMSafeModeManager (HealthyPipelineSafeModeRule.java:process(124)) - SCM in safe mode. Healthy pipelines reported count is 1, required healthy pipeline reported count is 1
2021-11-15 10:00:52,435 [EventQueue-OpenPipelineForHealthyPipelineSafeModeRule] INFO  safemode.SCMSafeModeManager (SCMSafeModeManager.java:validateSafeModeExitRules(204)) - HealthyPipelineSafeModeRule rule is successfully validated
2021-11-15 10:00:52,435 [EventQueue-OpenPipelineForHealthyPipelineSafeModeRule] INFO  safemode.SCMSafeModeManager (SCMSafeModeManager.java:validateSafeModeExitRules(219)) - ScmSafeModeManager, all rules are successfully validated
2021-11-15 10:00:52,435 [EventQueue-OpenPipelineForHealthyPipelineSafeModeRule] INFO  safemode.SCMSafeModeManager (SCMSafeModeManager.java:exitSafeMode(248)) - SCM exiting safe mode.
2021-11-15 10:00:52,435 [EventQueue-OpenPipelineForHealthyPipelineSafeModeRule] WARN  events.EventQueue (EventQueue.java:fireEvent(194)) - No event handler registered for event TypedEvent{payloadType=SafeModeStatus, name='Safe mode status'}
2021-11-15 10:00:52,435 [EventQueue-OpenPipelineForHealthyPipelineSafeModeRule] INFO  ha.SCMContext (SCMContext.java:updateSafeModeStatus(205)) - Update SafeModeStatus from SafeModeStatus{safeModeStatus=true, preCheckPassed=true} to SafeModeStatus{safeModeStatus=false, preCheckPassed=true}.
2021-11-15 10:00:52,435 [EventQueue-OpenPipelineForHealthyPipelineSafeModeRule] INFO  pipeline.BackgroundPipelineCreator (BackgroundPipelineCreator.java:notifyStatusChanged(264)) - Service BackgroundPipelineCreator transitions to RUNNING.
2021-11-15 10:00:52,435 [EventQueue-OpenPipelineForHealthyPipelineSafeModeRule] INFO  container.ReplicationManager (ReplicationManager.java:notifyStatusChanged(1746)) - Service ReplicationManager transitions to RUNNING.
2021-11-15 10:00:52,437 [003b3e8b-8375-416f-b9b0-c8bdf761ffc2@group-C68B1A57C8BB-LeaderElection5] INFO  grpc.GrpcConfigKeys (ConfUtils.java:logGet(44)) - raft.grpc.server.leader.outstanding.appends.max = 128 (default)
2021-11-15 10:00:52,437 [003b3e8b-8375-416f-b9b0-c8bdf761ffc2@group-C68B1A57C8BB-LeaderElection5] INFO  server.RaftServerConfigKeys (ConfUtils.java:logGet(44)) - raft.server.rpc.request.timeout = 3000ms (default)
2021-11-15 10:00:52,437 [003b3e8b-8375-416f-b9b0-c8bdf761ffc2@group-C68B1A57C8BB-LeaderElection5] INFO  server.RaftServerConfigKeys (ConfUtils.java:logGet(44)) - raft.server.log.appender.install.snapshot.enabled = false (custom)
2021-11-15 10:00:52,440 [003b3e8b-8375-416f-b9b0-c8bdf761ffc2@group-C68B1A57C8BB-LeaderElection5] INFO  server.RaftServerConfigKeys (ConfUtils.java:logGet(44)) - raft.server.log.appender.snapshot.chunk.size.max = 16MB (=16777216) (default)
2021-11-15 10:00:52,440 [003b3e8b-8375-416f-b9b0-c8bdf761ffc2@group-C68B1A57C8BB-LeaderElection5] INFO  server.RaftServerConfigKeys (ConfUtils.java:logGet(44)) - raft.server.log.appender.buffer.byte-limit = 33554432 (custom)
2021-11-15 10:00:52,440 [003b3e8b-8375-416f-b9b0-c8bdf761ffc2@group-C68B1A57C8BB-LeaderElection5] INFO  server.RaftServerConfigKeys (ConfUtils.java:logGet(44)) - raft.server.log.appender.buffer.element-limit = 1 (custom)
2021-11-15 10:00:52,440 [003b3e8b-8375-416f-b9b0-c8bdf761ffc2@group-C68B1A57C8BB-LeaderElection5] INFO  grpc.GrpcConfigKeys (ConfUtils.java:logGet(44)) - raft.grpc.server.leader.outstanding.appends.max = 128 (default)
2021-11-15 10:00:52,440 [003b3e8b-8375-416f-b9b0-c8bdf761ffc2@group-C68B1A57C8BB-LeaderElection5] INFO  server.RaftServerConfigKeys (ConfUtils.java:logGet(44)) - raft.server.rpc.request.timeout = 3000ms (default)
2021-11-15 10:00:52,440 [003b3e8b-8375-416f-b9b0-c8bdf761ffc2@group-C68B1A57C8BB-LeaderElection5] INFO  server.RaftServerConfigKeys (ConfUtils.java:logGet(44)) - raft.server.log.appender.install.snapshot.enabled = false (custom)
2021-11-15 10:00:52,441 [003b3e8b-8375-416f-b9b0-c8bdf761ffc2@group-C68B1A57C8BB-LeaderElection5] INFO  impl.RoleInfo (RoleInfo.java:updateAndGet(130)) - 003b3e8b-8375-416f-b9b0-c8bdf761ffc2: start 003b3e8b-8375-416f-b9b0-c8bdf761ffc2@group-C68B1A57C8BB-LeaderStateImpl
2021-11-15 10:00:52,442 [003b3e8b-8375-416f-b9b0-c8bdf761ffc2@group-C68B1A57C8BB-LeaderElection5] INFO  segmented.SegmentedRaftLogWorker (SegmentedRaftLogWorker.java:startLogSegment(394)) - 003b3e8b-8375-416f-b9b0-c8bdf761ffc2@group-C68B1A57C8BB-SegmentedRaftLogWorker: Starting segment from index:0
2021-11-15 10:00:52,444 [003b3e8b-8375-416f-b9b0-c8bdf761ffc2@group-C68B1A57C8BB-SegmentedRaftLogWorker] INFO  segmented.SegmentedRaftLogWorker (SegmentedRaftLogWorker.java:execute(601)) - 003b3e8b-8375-416f-b9b0-c8bdf761ffc2@group-C68B1A57C8BB-SegmentedRaftLogWorker: created new log segment /home/runner/work/ozone/ozone/hadoop-ozone/integration-test/target/test-dir/MiniOzoneClusterImpl-b6bde346-cb55-4fad-bd7f-e1da966a93e7/datanode-2/data/ratis/33a0542e-f327-46d0-9703-c68b1a57c8bb/current/log_inprogress_0
2021-11-15 10:00:52,457 [003b3e8b-8375-416f-b9b0-c8bdf761ffc2@group-C68B1A57C8BB-LeaderElection5] INFO  server.RaftServer$Division (ServerState.java:setRaftConf(387)) - 003b3e8b-8375-416f-b9b0-c8bdf761ffc2@group-C68B1A57C8BB: set configuration 0: [5120cc87-b9ff-4d81-8e4f-818f73dade45|rpc:10.1.0.56:39907|dataStream:|priority:0, 003b3e8b-8375-416f-b9b0-c8bdf761ffc2|rpc:10.1.0.56:44495|dataStream:|priority:1, a5208437-b67a-4a59-91c1-79d4e747a9e2|rpc:10.1.0.56:41529|dataStream:|priority:0], old=null
2021-11-15 10:00:52,472 [grpc-default-executor-0] INFO  ratis.XceiverServerRatis (XceiverServerRatis.java:handleLeaderChangedNotification(866)) - Leader change notification received for group: group-C68B1A57C8BB with new leaderId: 003b3e8b-8375-416f-b9b0-c8bdf761ffc2
2021-11-15 10:00:52,473 [grpc-default-executor-0] INFO  server.RaftServer$Division (ServerState.java:setLeader(285)) - a5208437-b67a-4a59-91c1-79d4e747a9e2@group-C68B1A57C8BB: change Leader from null to 003b3e8b-8375-416f-b9b0-c8bdf761ffc2 at term 1 for appendEntries, leader elected after 5126ms
2021-11-15 10:00:52,479 [grpc-default-executor-1] INFO  ratis.XceiverServerRatis (XceiverServerRatis.java:handleLeaderChangedNotification(866)) - Leader change notification received for group: group-C68B1A57C8BB with new leaderId: 003b3e8b-8375-416f-b9b0-c8bdf761ffc2
2021-11-15 10:00:52,479 [grpc-default-executor-1] INFO  server.RaftServer$Division (ServerState.java:setLeader(285)) - 5120cc87-b9ff-4d81-8e4f-818f73dade45@group-C68B1A57C8BB: change Leader from null to 003b3e8b-8375-416f-b9b0-c8bdf761ffc2 at term 1 for appendEntries, leader elected after 5194ms
2021-11-15 10:00:52,489 [grpc-default-executor-1] INFO  server.RaftServer$Division (ServerState.java:setRaftConf(387)) - 5120cc87-b9ff-4d81-8e4f-818f73dade45@group-C68B1A57C8BB: set configuration 0: [5120cc87-b9ff-4d81-8e4f-818f73dade45|rpc:10.1.0.56:39907|dataStream:|priority:0, 003b3e8b-8375-416f-b9b0-c8bdf761ffc2|rpc:10.1.0.56:44495|dataStream:|priority:1, a5208437-b67a-4a59-91c1-79d4e747a9e2|rpc:10.1.0.56:41529|dataStream:|priority:0], old=null
2021-11-15 10:00:52,489 [grpc-default-executor-1] INFO  segmented.SegmentedRaftLogWorker (SegmentedRaftLogWorker.java:startLogSegment(394)) - 5120cc87-b9ff-4d81-8e4f-818f73dade45@group-C68B1A57C8BB-SegmentedRaftLogWorker: Starting segment from index:0
2021-11-15 10:00:52,496 [5120cc87-b9ff-4d81-8e4f-818f73dade45@group-C68B1A57C8BB-SegmentedRaftLogWorker] INFO  segmented.SegmentedRaftLogWorker (SegmentedRaftLogWorker.java:execute(601)) - 5120cc87-b9ff-4d81-8e4f-818f73dade45@group-C68B1A57C8BB-SegmentedRaftLogWorker: created new log segment /home/runner/work/ozone/ozone/hadoop-ozone/integration-test/target/test-dir/MiniOzoneClusterImpl-b6bde346-cb55-4fad-bd7f-e1da966a93e7/datanode-0/data/ratis/33a0542e-f327-46d0-9703-c68b1a57c8bb/current/log_inprogress_0
2021-11-15 10:00:52,504 [grpc-default-executor-0] INFO  server.RaftServer$Division (ServerState.java:setRaftConf(387)) - a5208437-b67a-4a59-91c1-79d4e747a9e2@group-C68B1A57C8BB: set configuration 0: [5120cc87-b9ff-4d81-8e4f-818f73dade45|rpc:10.1.0.56:39907|dataStream:|priority:0, 003b3e8b-8375-416f-b9b0-c8bdf761ffc2|rpc:10.1.0.56:44495|dataStream:|priority:1, a5208437-b67a-4a59-91c1-79d4e747a9e2|rpc:10.1.0.56:41529|dataStream:|priority:0], old=null
2021-11-15 10:00:52,504 [grpc-default-executor-0] INFO  segmented.SegmentedRaftLogWorker (SegmentedRaftLogWorker.java:startLogSegment(394)) - a5208437-b67a-4a59-91c1-79d4e747a9e2@group-C68B1A57C8BB-SegmentedRaftLogWorker: Starting segment from index:0
2021-11-15 10:00:52,507 [a5208437-b67a-4a59-91c1-79d4e747a9e2@group-C68B1A57C8BB-SegmentedRaftLogWorker] INFO  segmented.SegmentedRaftLogWorker (SegmentedRaftLogWorker.java:execute(601)) - a5208437-b67a-4a59-91c1-79d4e747a9e2@group-C68B1A57C8BB-SegmentedRaftLogWorker: created new log segment /home/runner/work/ozone/ozone/hadoop-ozone/integration-test/target/test-dir/MiniOzoneClusterImpl-b6bde346-cb55-4fad-bd7f-e1da966a93e7/datanode-1/data/ratis/33a0542e-f327-46d0-9703-c68b1a57c8bb/current/log_inprogress_0
2021-11-15 10:00:52,590 [003b3e8b-8375-416f-b9b0-c8bdf761ffc2@group-92D9495462DA-FollowerState] INFO  impl.FollowerState (FollowerState.java:run(134)) - 003b3e8b-8375-416f-b9b0-c8bdf761ffc2@group-92D9495462DA-FollowerState: change to CANDIDATE, lastRpcElapsedTime:5201308710ns, electionTimeout:5199ms
2021-11-15 10:00:52,590 [003b3e8b-8375-416f-b9b0-c8bdf761ffc2@group-92D9495462DA-FollowerState] INFO  impl.RoleInfo (RoleInfo.java:shutdownFollowerState(108)) - 003b3e8b-8375-416f-b9b0-c8bdf761ffc2: shutdown 003b3e8b-8375-416f-b9b0-c8bdf761ffc2@group-92D9495462DA-FollowerState
2021-11-15 10:00:52,590 [003b3e8b-8375-416f-b9b0-c8bdf761ffc2@group-92D9495462DA-FollowerState] INFO  server.RaftServer$Division (RaftServerImpl.java:setRole(290)) - 003b3e8b-8375-416f-b9b0-c8bdf761ffc2@group-92D9495462DA: changes role from  FOLLOWER to CANDIDATE at term 0 for changeToCandidate
2021-11-15 10:00:52,590 [003b3e8b-8375-416f-b9b0-c8bdf761ffc2@group-92D9495462DA-FollowerState] INFO  server.RaftServerConfigKeys (ConfUtils.java:logGet(44)) - raft.server.leaderelection.pre-vote = false (custom)
2021-11-15 10:00:52,590 [003b3e8b-8375-416f-b9b0-c8bdf761ffc2@group-92D9495462DA-FollowerState] INFO  impl.RoleInfo (RoleInfo.java:updateAndGet(130)) - 003b3e8b-8375-416f-b9b0-c8bdf761ffc2: start 003b3e8b-8375-416f-b9b0-c8bdf761ffc2@group-92D9495462DA-LeaderElection6
2021-11-15 10:00:52,594 [003b3e8b-8375-416f-b9b0-c8bdf761ffc2@group-92D9495462DA-LeaderElection6] INFO  impl.LeaderElection (LeaderElection.java:askForVotes(306)) - 003b3e8b-8375-416f-b9b0-c8bdf761ffc2@group-92D9495462DA-LeaderElection6 ELECTION round 0: submit vote requests at term 1 for -1: [003b3e8b-8375-416f-b9b0-c8bdf761ffc2|rpc:10.1.0.56:44495|priority:1], old=null
2021-11-15 10:00:52,594 [003b3e8b-8375-416f-b9b0-c8bdf761ffc2@group-92D9495462DA-LeaderElection6] INFO  impl.LeaderElection (LeaderElection.java:askForVotes(308)) - 003b3e8b-8375-416f-b9b0-c8bdf761ffc2@group-92D9495462DA-LeaderElection6 ELECTION round 0: result PASSED (term=1)
2021-11-15 10:00:52,594 [003b3e8b-8375-416f-b9b0-c8bdf761ffc2@group-92D9495462DA-LeaderElection6] INFO  impl.RoleInfo (RoleInfo.java:shutdownLeaderElection(121)) - 003b3e8b-8375-416f-b9b0-c8bdf761ffc2: shutdown 003b3e8b-8375-416f-b9b0-c8bdf761ffc2@group-92D9495462DA-LeaderElection6
2021-11-15 10:00:52,594 [003b3e8b-8375-416f-b9b0-c8bdf761ffc2@group-92D9495462DA-LeaderElection6] INFO  server.RaftServer$Division (RaftServerImpl.java:setRole(290)) - 003b3e8b-8375-416f-b9b0-c8bdf761ffc2@group-92D9495462DA: changes role from CANDIDATE to LEADER at term 1 for changeToLeader
2021-11-15 10:00:52,594 [003b3e8b-8375-416f-b9b0-c8bdf761ffc2@group-92D9495462DA-LeaderElection6] INFO  ratis.XceiverServerRatis (XceiverServerRatis.java:handleLeaderChangedNotification(866)) - Leader change notification received for group: group-92D9495462DA with new leaderId: 003b3e8b-8375-416f-b9b0-c8bdf761ffc2
2021-11-15 10:00:52,594 [003b3e8b-8375-416f-b9b0-c8bdf761ffc2@group-92D9495462DA-LeaderElection6] INFO  server.RaftServer$Division (ServerState.java:setLeader(285)) - 003b3e8b-8375-416f-b9b0-c8bdf761ffc2@group-92D9495462DA: change Leader from null to 003b3e8b-8375-416f-b9b0-c8bdf761ffc2 at term 1 for becomeLeader, leader elected after 5226ms
2021-11-15 10:00:52,595 [003b3e8b-8375-416f-b9b0-c8bdf761ffc2@group-92D9495462DA-LeaderElection6] INFO  server.RaftServerConfigKeys (ConfUtils.java:logGet(44)) - raft.server.staging.catchup.gap = 1000 (default)
2021-11-15 10:00:52,595 [003b3e8b-8375-416f-b9b0-c8bdf761ffc2@group-92D9495462DA-LeaderElection6] INFO  server.RaftServerConfigKeys (ConfUtils.java:logGet(44)) - raft.server.write.element-limit = 1024 (custom)
2021-11-15 10:00:52,595 [003b3e8b-8375-416f-b9b0-c8bdf761ffc2@group-92D9495462DA-LeaderElection6] INFO  server.RaftServerConfigKeys (ConfUtils.java:logGet(44)) - raft.server.write.byte-limit = 1024 M (=1073741824) (custom)
2021-11-15 10:00:52,595 [003b3e8b-8375-416f-b9b0-c8bdf761ffc2@group-92D9495462DA-LeaderElection6] INFO  server.RaftServerConfigKeys (ConfUtils.java:logGet(44)) - raft.server.watch.timeout = 3000ms (custom)
2021-11-15 10:00:52,596 [003b3e8b-8375-416f-b9b0-c8bdf761ffc2@group-92D9495462DA-LeaderElection6] INFO  server.RaftServerConfigKeys (ConfUtils.java:logGet(44)) - raft.server.watch.timeout.denomination = 1s (default)
2021-11-15 10:00:52,596 [003b3e8b-8375-416f-b9b0-c8bdf761ffc2@group-92D9495462DA-LeaderElection6] INFO  server.RaftServerConfigKeys (ConfUtils.java:logGet(44)) - raft.server.watch.element-limit = 65536 (default)
2021-11-15 10:00:52,596 [003b3e8b-8375-416f-b9b0-c8bdf761ffc2@group-92D9495462DA-LeaderElection6] INFO  server.RaftServerConfigKeys (ConfUtils.java:logGet(44)) - raft.server.write.element-limit = 1024 (custom)
2021-11-15 10:00:52,596 [003b3e8b-8375-416f-b9b0-c8bdf761ffc2@group-92D9495462DA-LeaderElection6] INFO  server.RaftServerConfigKeys (ConfUtils.java:logGet(44)) - raft.server.write.follower.gap.ratio.max = -1.0 (default)
2021-11-15 10:00:52,596 [003b3e8b-8375-416f-b9b0-c8bdf761ffc2@group-92D9495462DA-LeaderElection6] INFO  impl.RoleInfo (RoleInfo.java:updateAndGet(130)) - 003b3e8b-8375-416f-b9b0-c8bdf761ffc2: start 003b3e8b-8375-416f-b9b0-c8bdf761ffc2@group-92D9495462DA-LeaderStateImpl
2021-11-15 10:00:52,596 [003b3e8b-8375-416f-b9b0-c8bdf761ffc2@group-92D9495462DA-LeaderElection6] INFO  segmented.SegmentedRaftLogWorker (SegmentedRaftLogWorker.java:startLogSegment(394)) - 003b3e8b-8375-416f-b9b0-c8bdf761ffc2@group-92D9495462DA-SegmentedRaftLogWorker: Starting segment from index:0
2021-11-15 10:00:52,599 [003b3e8b-8375-416f-b9b0-c8bdf761ffc2@group-92D9495462DA-LeaderElection6] INFO  server.RaftServer$Division (ServerState.java:setRaftConf(387)) - 003b3e8b-8375-416f-b9b0-c8bdf761ffc2@group-92D9495462DA: set configuration 0: [003b3e8b-8375-416f-b9b0-c8bdf761ffc2|rpc:10.1.0.56:44495|dataStream:|priority:1], old=null
2021-11-15 10:00:52,600 [003b3e8b-8375-416f-b9b0-c8bdf761ffc2@group-92D9495462DA-SegmentedRaftLogWorker] INFO  segmented.SegmentedRaftLogWorker (SegmentedRaftLogWorker.java:execute(601)) - 003b3e8b-8375-416f-b9b0-c8bdf761ffc2@group-92D9495462DA-SegmentedRaftLogWorker: created new log segment /home/runner/work/ozone/ozone/hadoop-ozone/integration-test/target/test-dir/MiniOzoneClusterImpl-b6bde346-cb55-4fad-bd7f-e1da966a93e7/datanode-2/data/ratis/390c5ae0-fb4e-4f8e-abcf-92d9495462da/current/log_inprogress_0
2021-11-15 10:00:52,750 [a90e3e6e-a337-4ecb-a7be-5aa85bd5c784@group-4A8E582C3D20-FollowerState] INFO  impl.FollowerState (FollowerState.java:run(134)) - a90e3e6e-a337-4ecb-a7be-5aa85bd5c784@group-4A8E582C3D20-FollowerState: change to CANDIDATE, lastRpcElapsedTime:5018539369ns, electionTimeout:5016ms
2021-11-15 10:00:52,750 [a90e3e6e-a337-4ecb-a7be-5aa85bd5c784@group-4A8E582C3D20-FollowerState] INFO  impl.RoleInfo (RoleInfo.java:shutdownFollowerState(108)) - a90e3e6e-a337-4ecb-a7be-5aa85bd5c784: shutdown a90e3e6e-a337-4ecb-a7be-5aa85bd5c784@group-4A8E582C3D20-FollowerState
2021-11-15 10:00:52,750 [a90e3e6e-a337-4ecb-a7be-5aa85bd5c784@group-4A8E582C3D20-FollowerState] INFO  server.RaftServer$Division (RaftServerImpl.java:setRole(290)) - a90e3e6e-a337-4ecb-a7be-5aa85bd5c784@group-4A8E582C3D20: changes role from  FOLLOWER to CANDIDATE at term 0 for changeToCandidate
2021-11-15 10:00:52,751 [a90e3e6e-a337-4ecb-a7be-5aa85bd5c784@group-4A8E582C3D20-FollowerState] INFO  server.RaftServerConfigKeys (ConfUtils.java:logGet(44)) - raft.server.leaderelection.pre-vote = false (custom)
2021-11-15 10:00:52,751 [a90e3e6e-a337-4ecb-a7be-5aa85bd5c784@group-4A8E582C3D20-FollowerState] INFO  impl.RoleInfo (RoleInfo.java:updateAndGet(130)) - a90e3e6e-a337-4ecb-a7be-5aa85bd5c784: start a90e3e6e-a337-4ecb-a7be-5aa85bd5c784@group-4A8E582C3D20-LeaderElection7
2021-11-15 10:00:52,754 [a90e3e6e-a337-4ecb-a7be-5aa85bd5c784@group-4A8E582C3D20-LeaderElection7] INFO  impl.LeaderElection (LeaderElection.java:askForVotes(306)) - a90e3e6e-a337-4ecb-a7be-5aa85bd5c784@group-4A8E582C3D20-LeaderElection7 ELECTION round 0: submit vote requests at term 1 for -1: [d804d820-4532-49b1-b366-ad6b8b9e72b3|rpc:10.1.0.56:37399|dataStream:|priority:0, a90e3e6e-a337-4ecb-a7be-5aa85bd5c784|rpc:10.1.0.56:44193|dataStream:|priority:0, acb9c8cb-4d3e-4a6b-b679-e47efd30f020|rpc:10.1.0.56:33205|dataStream:|priority:1], old=null
2021-11-15 10:00:52,766 [grpc-default-executor-2] INFO  server.RaftServer$Division (RaftServerImpl.java:requestVote(1046)) - acb9c8cb-4d3e-4a6b-b679-e47efd30f020@group-4A8E582C3D20: receive requestVote(ELECTION, a90e3e6e-a337-4ecb-a7be-5aa85bd5c784, group-4A8E582C3D20, 1, (t:0, i:0))
2021-11-15 10:00:52,766 [grpc-default-executor-2] INFO  impl.VoteContext (VoteContext.java:log(48)) - acb9c8cb-4d3e-4a6b-b679-e47efd30f020@group-4A8E582C3D20-FOLLOWER: reject ELECTION from a90e3e6e-a337-4ecb-a7be-5aa85bd5c784: our priority 1 > candidate's priority 0
2021-11-15 10:00:52,767 [grpc-default-executor-2] INFO  server.RaftServer$Division (RaftServerImpl.java:setRole(290)) - acb9c8cb-4d3e-4a6b-b679-e47efd30f020@group-4A8E582C3D20: changes role from  FOLLOWER to FOLLOWER at term 1 for candidate:a90e3e6e-a337-4ecb-a7be-5aa85bd5c784
2021-11-15 10:00:52,767 [grpc-default-executor-2] INFO  impl.RoleInfo (RoleInfo.java:shutdownFollowerState(108)) - acb9c8cb-4d3e-4a6b-b679-e47efd30f020: shutdown acb9c8cb-4d3e-4a6b-b679-e47efd30f020@group-4A8E582C3D20-FollowerState
2021-11-15 10:00:52,767 [grpc-default-executor-2] INFO  impl.RoleInfo (RoleInfo.java:updateAndGet(130)) - acb9c8cb-4d3e-4a6b-b679-e47efd30f020: start acb9c8cb-4d3e-4a6b-b679-e47efd30f020@group-4A8E582C3D20-FollowerState
2021-11-15 10:00:52,767 [acb9c8cb-4d3e-4a6b-b679-e47efd30f020@group-4A8E582C3D20-FollowerState] INFO  impl.FollowerState (FollowerState.java:run(143)) - acb9c8cb-4d3e-4a6b-b679-e47efd30f020@group-4A8E582C3D20-FollowerState was interrupted: {}
java.lang.InterruptedException: sleep interrupted
	at java.lang.Thread.sleep(Native Method)
	at java.lang.Thread.sleep(Thread.java:340)
	at java.util.concurrent.TimeUnit.sleep(TimeUnit.java:386)
	at org.apache.ratis.util.TimeDuration.sleep(TimeDuration.java:324)
	at org.apache.ratis.util.TimeDuration.sleep(TimeDuration.java:309)
	at org.apache.ratis.server.impl.FollowerState.run(FollowerState.java:118)
2021-11-15 10:00:52,776 [grpc-default-executor-2] INFO  server.RaftServer$Division (RaftServerImpl.java:requestVote(1078)) - acb9c8cb-4d3e-4a6b-b679-e47efd30f020@group-4A8E582C3D20 replies to ELECTION vote request: a90e3e6e-a337-4ecb-a7be-5aa85bd5c784<-acb9c8cb-4d3e-4a6b-b679-e47efd30f020#0:FAIL-t1. Peer's state: acb9c8cb-4d3e-4a6b-b679-e47efd30f020@group-4A8E582C3D20:t1, leader=null, voted=null, raftlog=acb9c8cb-4d3e-4a6b-b679-e47efd30f020@group-4A8E582C3D20-SegmentedRaftLog:OPENED:c-1, conf=-1: [d804d820-4532-49b1-b366-ad6b8b9e72b3|rpc:10.1.0.56:37399|priority:0, a90e3e6e-a337-4ecb-a7be-5aa85bd5c784|rpc:10.1.0.56:44193|priority:0, acb9c8cb-4d3e-4a6b-b679-e47efd30f020|rpc:10.1.0.56:33205|priority:1], old=null
2021-11-15 10:00:52,781 [grpc-default-executor-2] INFO  server.RaftServer$Division (RaftServerImpl.java:requestVote(1046)) - d804d820-4532-49b1-b366-ad6b8b9e72b3@group-4A8E582C3D20: receive requestVote(ELECTION, a90e3e6e-a337-4ecb-a7be-5aa85bd5c784, group-4A8E582C3D20, 1, (t:0, i:0))
2021-11-15 10:00:52,781 [grpc-default-executor-2] INFO  impl.VoteContext (VoteContext.java:log(48)) - d804d820-4532-49b1-b366-ad6b8b9e72b3@group-4A8E582C3D20-FOLLOWER: accept ELECTION from a90e3e6e-a337-4ecb-a7be-5aa85bd5c784: our priority 0 <= candidate's priority 0
2021-11-15 10:00:52,782 [grpc-default-executor-2] INFO  server.RaftServer$Division (RaftServerImpl.java:setRole(290)) - d804d820-4532-49b1-b366-ad6b8b9e72b3@group-4A8E582C3D20: changes role from  FOLLOWER to FOLLOWER at term 1 for candidate:a90e3e6e-a337-4ecb-a7be-5aa85bd5c784
2021-11-15 10:00:52,782 [grpc-default-executor-2] INFO  impl.RoleInfo (RoleInfo.java:shutdownFollowerState(108)) - d804d820-4532-49b1-b366-ad6b8b9e72b3: shutdown d804d820-4532-49b1-b366-ad6b8b9e72b3@group-4A8E582C3D20-FollowerState
2021-11-15 10:00:52,782 [grpc-default-executor-2] INFO  impl.RoleInfo (RoleInfo.java:updateAndGet(130)) - d804d820-4532-49b1-b366-ad6b8b9e72b3: start d804d820-4532-49b1-b366-ad6b8b9e72b3@group-4A8E582C3D20-FollowerState
2021-11-15 10:00:52,782 [d804d820-4532-49b1-b366-ad6b8b9e72b3@group-4A8E582C3D20-FollowerState] INFO  impl.FollowerState (FollowerState.java:run(143)) - d804d820-4532-49b1-b366-ad6b8b9e72b3@group-4A8E582C3D20-FollowerState was interrupted: {}
java.lang.InterruptedException: sleep interrupted
	at java.lang.Thread.sleep(Native Method)
	at java.lang.Thread.sleep(Thread.java:340)
	at java.util.concurrent.TimeUnit.sleep(TimeUnit.java:386)
	at org.apache.ratis.util.TimeDuration.sleep(TimeDuration.java:324)
	at org.apache.ratis.util.TimeDuration.sleep(TimeDuration.java:309)
	at org.apache.ratis.server.impl.FollowerState.run(FollowerState.java:118)
2021-11-15 10:00:52,787 [grpc-default-executor-2] INFO  server.RaftServer$Division (RaftServerImpl.java:requestVote(1078)) - d804d820-4532-49b1-b366-ad6b8b9e72b3@group-4A8E582C3D20 replies to ELECTION vote request: a90e3e6e-a337-4ecb-a7be-5aa85bd5c784<-d804d820-4532-49b1-b366-ad6b8b9e72b3#0:OK-t1. Peer's state: d804d820-4532-49b1-b366-ad6b8b9e72b3@group-4A8E582C3D20:t1, leader=null, voted=a90e3e6e-a337-4ecb-a7be-5aa85bd5c784, raftlog=d804d820-4532-49b1-b366-ad6b8b9e72b3@group-4A8E582C3D20-SegmentedRaftLog:OPENED:c-1, conf=-1: [d804d820-4532-49b1-b366-ad6b8b9e72b3|rpc:10.1.0.56:37399|dataStream:|priority:0, a90e3e6e-a337-4ecb-a7be-5aa85bd5c784|rpc:10.1.0.56:44193|dataStream:|priority:0, acb9c8cb-4d3e-4a6b-b679-e47efd30f020|rpc:10.1.0.56:33205|dataStream:|priority:1], old=null
2021-11-15 10:00:52,788 [a90e3e6e-a337-4ecb-a7be-5aa85bd5c784@group-4A8E582C3D20-LeaderElection7] INFO  impl.LeaderElection (LeaderElection.java:logAndReturn(89)) - a90e3e6e-a337-4ecb-a7be-5aa85bd5c784@group-4A8E582C3D20-LeaderElection7: ELECTION REJECTED received 1 response(s) and 0 exception(s):
2021-11-15 10:00:52,789 [a90e3e6e-a337-4ecb-a7be-5aa85bd5c784@group-4A8E582C3D20-LeaderElection7] INFO  impl.LeaderElection (LeaderElection.java:logAndReturn(93)) -   Response 0: a90e3e6e-a337-4ecb-a7be-5aa85bd5c784<-acb9c8cb-4d3e-4a6b-b679-e47efd30f020#0:FAIL-t1
2021-11-15 10:00:52,789 [a90e3e6e-a337-4ecb-a7be-5aa85bd5c784@group-4A8E582C3D20-LeaderElection7] INFO  impl.LeaderElection (LeaderElection.java:askForVotes(308)) - a90e3e6e-a337-4ecb-a7be-5aa85bd5c784@group-4A8E582C3D20-LeaderElection7 ELECTION round 0: result REJECTED
2021-11-15 10:00:52,789 [a90e3e6e-a337-4ecb-a7be-5aa85bd5c784@group-4A8E582C3D20-LeaderElection7] INFO  server.RaftServer$Division (RaftServerImpl.java:setRole(290)) - a90e3e6e-a337-4ecb-a7be-5aa85bd5c784@group-4A8E582C3D20: changes role from CANDIDATE to FOLLOWER at term 1 for REJECTED
2021-11-15 10:00:52,789 [a90e3e6e-a337-4ecb-a7be-5aa85bd5c784@group-4A8E582C3D20-LeaderElection7] INFO  impl.RoleInfo (RoleInfo.java:shutdownLeaderElection(121)) - a90e3e6e-a337-4ecb-a7be-5aa85bd5c784: shutdown a90e3e6e-a337-4ecb-a7be-5aa85bd5c784@group-4A8E582C3D20-LeaderElection7
2021-11-15 10:00:52,789 [a90e3e6e-a337-4ecb-a7be-5aa85bd5c784@group-4A8E582C3D20-LeaderElection7] INFO  impl.RoleInfo (RoleInfo.java:updateAndGet(130)) - a90e3e6e-a337-4ecb-a7be-5aa85bd5c784: start a90e3e6e-a337-4ecb-a7be-5aa85bd5c784@group-4A8E582C3D20-FollowerState
2021-11-15 10:00:52,815 [acb9c8cb-4d3e-4a6b-b679-e47efd30f020@group-D8201B1CC174-FollowerState] INFO  impl.FollowerState (FollowerState.java:run(134)) - acb9c8cb-4d3e-4a6b-b679-e47efd30f020@group-D8201B1CC174-FollowerState: change to CANDIDATE, lastRpcElapsedTime:5186244005ns, electionTimeout:5185ms
2021-11-15 10:00:52,816 [acb9c8cb-4d3e-4a6b-b679-e47efd30f020@group-D8201B1CC174-FollowerState] INFO  impl.RoleInfo (RoleInfo.java:shutdownFollowerState(108)) - acb9c8cb-4d3e-4a6b-b679-e47efd30f020: shutdown acb9c8cb-4d3e-4a6b-b679-e47efd30f020@group-D8201B1CC174-FollowerState
2021-11-15 10:00:52,816 [acb9c8cb-4d3e-4a6b-b679-e47efd30f020@group-D8201B1CC174-FollowerState] INFO  server.RaftServer$Division (RaftServerImpl.java:setRole(290)) - acb9c8cb-4d3e-4a6b-b679-e47efd30f020@group-D8201B1CC174: changes role from  FOLLOWER to CANDIDATE at term 0 for changeToCandidate
2021-11-15 10:00:52,817 [acb9c8cb-4d3e-4a6b-b679-e47efd30f020@group-D8201B1CC174-FollowerState] INFO  server.RaftServerConfigKeys (ConfUtils.java:logGet(44)) - raft.server.leaderelection.pre-vote = false (custom)
2021-11-15 10:00:52,817 [acb9c8cb-4d3e-4a6b-b679-e47efd30f020@group-D8201B1CC174-FollowerState] INFO  impl.RoleInfo (RoleInfo.java:updateAndGet(130)) - acb9c8cb-4d3e-4a6b-b679-e47efd30f020: start acb9c8cb-4d3e-4a6b-b679-e47efd30f020@group-D8201B1CC174-LeaderElection8
2021-11-15 10:00:52,821 [acb9c8cb-4d3e-4a6b-b679-e47efd30f020@group-D8201B1CC174-LeaderElection8] INFO  impl.LeaderElection (LeaderElection.java:askForVotes(306)) - acb9c8cb-4d3e-4a6b-b679-e47efd30f020@group-D8201B1CC174-LeaderElection8 ELECTION round 0: submit vote requests at term 1 for -1: [acb9c8cb-4d3e-4a6b-b679-e47efd30f020|rpc:10.1.0.56:33205|priority:1], old=null
2021-11-15 10:00:52,821 [acb9c8cb-4d3e-4a6b-b679-e47efd30f020@group-D8201B1CC174-LeaderElection8] INFO  impl.LeaderElection (LeaderElection.java:askForVotes(308)) - acb9c8cb-4d3e-4a6b-b679-e47efd30f020@group-D8201B1CC174-LeaderElection8 ELECTION round 0: result PASSED (term=1)
2021-11-15 10:00:52,821 [acb9c8cb-4d3e-4a6b-b679-e47efd30f020@group-D8201B1CC174-LeaderElection8] INFO  impl.RoleInfo (RoleInfo.java:shutdownLeaderElection(121)) - acb9c8cb-4d3e-4a6b-b679-e47efd30f020: shutdown acb9c8cb-4d3e-4a6b-b679-e47efd30f020@group-D8201B1CC174-LeaderElection8
2021-11-15 10:00:52,821 [acb9c8cb-4d3e-4a6b-b679-e47efd30f020@group-D8201B1CC174-LeaderElection8] INFO  server.RaftServer$Division (RaftServerImpl.java:setRole(290)) - acb9c8cb-4d3e-4a6b-b679-e47efd30f020@group-D8201B1CC174: changes role from CANDIDATE to LEADER at term 1 for changeToLeader
2021-11-15 10:00:52,821 [acb9c8cb-4d3e-4a6b-b679-e47efd30f020@group-D8201B1CC174-LeaderElection8] INFO  ratis.XceiverServerRatis (XceiverServerRatis.java:handleLeaderChangedNotification(866)) - Leader change notification received for group: group-D8201B1CC174 with new leaderId: acb9c8cb-4d3e-4a6b-b679-e47efd30f020
2021-11-15 10:00:52,822 [acb9c8cb-4d3e-4a6b-b679-e47efd30f020@group-D8201B1CC174-LeaderElection8] INFO  server.RaftServer$Division (ServerState.java:setLeader(285)) - acb9c8cb-4d3e-4a6b-b679-e47efd30f020@group-D8201B1CC174: change Leader from null to acb9c8cb-4d3e-4a6b-b679-e47efd30f020 at term 1 for becomeLeader, leader elected after 5203ms
2021-11-15 10:00:52,822 [acb9c8cb-4d3e-4a6b-b679-e47efd30f020@group-D8201B1CC174-LeaderElection8] INFO  server.RaftServerConfigKeys (ConfUtils.java:logGet(44)) - raft.server.staging.catchup.gap = 1000 (default)
2021-11-15 10:00:52,822 [acb9c8cb-4d3e-4a6b-b679-e47efd30f020@group-D8201B1CC174-LeaderElection8] INFO  server.RaftServerConfigKeys (ConfUtils.java:logGet(44)) - raft.server.write.element-limit = 1024 (custom)
2021-11-15 10:00:52,822 [acb9c8cb-4d3e-4a6b-b679-e47efd30f020@group-D8201B1CC174-LeaderElection8] INFO  server.RaftServerConfigKeys (ConfUtils.java:logGet(44)) - raft.server.write.byte-limit = 1024 M (=1073741824) (custom)
2021-11-15 10:00:52,822 [acb9c8cb-4d3e-4a6b-b679-e47efd30f020@group-D8201B1CC174-LeaderElection8] INFO  server.RaftServerConfigKeys (ConfUtils.java:logGet(44)) - raft.server.watch.timeout = 3000ms (custom)
2021-11-15 10:00:52,822 [acb9c8cb-4d3e-4a6b-b679-e47efd30f020@group-D8201B1CC174-LeaderElection8] INFO  server.RaftServerConfigKeys (ConfUtils.java:logGet(44)) - raft.server.watch.timeout.denomination = 1s (default)
2021-11-15 10:00:52,823 [acb9c8cb-4d3e-4a6b-b679-e47efd30f020@group-D8201B1CC174-LeaderElection8] INFO  server.RaftServerConfigKeys (ConfUtils.java:logGet(44)) - raft.server.watch.element-limit = 65536 (default)
2021-11-15 10:00:52,823 [acb9c8cb-4d3e-4a6b-b679-e47efd30f020@group-D8201B1CC174-LeaderElection8] INFO  server.RaftServerConfigKeys (ConfUtils.java:logGet(44)) - raft.server.write.element-limit = 1024 (custom)
2021-11-15 10:00:52,823 [acb9c8cb-4d3e-4a6b-b679-e47efd30f020@group-D8201B1CC174-LeaderElection8] INFO  server.RaftServerConfigKeys (ConfUtils.java:logGet(44)) - raft.server.write.follower.gap.ratio.max = -1.0 (default)
2021-11-15 10:00:52,823 [acb9c8cb-4d3e-4a6b-b679-e47efd30f020@group-D8201B1CC174-LeaderElection8] INFO  impl.RoleInfo (RoleInfo.java:updateAndGet(130)) - acb9c8cb-4d3e-4a6b-b679-e47efd30f020: start acb9c8cb-4d3e-4a6b-b679-e47efd30f020@group-D8201B1CC174-LeaderStateImpl
2021-11-15 10:00:52,823 [acb9c8cb-4d3e-4a6b-b679-e47efd30f020@group-D8201B1CC174-LeaderElection8] INFO  segmented.SegmentedRaftLogWorker (SegmentedRaftLogWorker.java:startLogSegment(394)) - acb9c8cb-4d3e-4a6b-b679-e47efd30f020@group-D8201B1CC174-SegmentedRaftLogWorker: Starting segment from index:0
2021-11-15 10:00:52,824 [acb9c8cb-4d3e-4a6b-b679-e47efd30f020@group-D8201B1CC174-SegmentedRaftLogWorker] INFO  segmented.SegmentedRaftLogWorker (SegmentedRaftLogWorker.java:execute(601)) - acb9c8cb-4d3e-4a6b-b679-e47efd30f020@group-D8201B1CC174-SegmentedRaftLogWorker: created new log segment /home/runner/work/ozone/ozone/hadoop-ozone/integration-test/target/test-dir/MiniOzoneClusterImpl-b6bde346-cb55-4fad-bd7f-e1da966a93e7/datanode-3/data/ratis/fba2739a-12c0-4f52-b7e7-d8201b1cc174/current/log_inprogress_0
2021-11-15 10:00:52,827 [acb9c8cb-4d3e-4a6b-b679-e47efd30f020@group-D8201B1CC174-LeaderElection8] INFO  server.RaftServer$Division (ServerState.java:setRaftConf(387)) - acb9c8cb-4d3e-4a6b-b679-e47efd30f020@group-D8201B1CC174: set configuration 0: [acb9c8cb-4d3e-4a6b-b679-e47efd30f020|rpc:10.1.0.56:33205|dataStream:|priority:1], old=null
2021-11-15 10:00:52,886 [a90e3e6e-a337-4ecb-a7be-5aa85bd5c784@group-B155B082459A-FollowerState] INFO  impl.FollowerState (FollowerState.java:run(134)) - a90e3e6e-a337-4ecb-a7be-5aa85bd5c784@group-B155B082459A-FollowerState: change to CANDIDATE, lastRpcElapsedTime:5092659520ns, electionTimeout:5089ms
2021-11-15 10:00:52,886 [a90e3e6e-a337-4ecb-a7be-5aa85bd5c784@group-B155B082459A-FollowerState] INFO  impl.RoleInfo (RoleInfo.java:shutdownFollowerState(108)) - a90e3e6e-a337-4ecb-a7be-5aa85bd5c784: shutdown a90e3e6e-a337-4ecb-a7be-5aa85bd5c784@group-B155B082459A-FollowerState
2021-11-15 10:00:52,886 [a90e3e6e-a337-4ecb-a7be-5aa85bd5c784@group-B155B082459A-FollowerState] INFO  server.RaftServer$Division (RaftServerImpl.java:setRole(290)) - a90e3e6e-a337-4ecb-a7be-5aa85bd5c784@group-B155B082459A: changes role from  FOLLOWER to CANDIDATE at term 0 for changeToCandidate
2021-11-15 10:00:52,886 [a90e3e6e-a337-4ecb-a7be-5aa85bd5c784@group-B155B082459A-FollowerState] INFO  server.RaftServerConfigKeys (ConfUtils.java:logGet(44)) - raft.server.leaderelection.pre-vote = false (custom)
2021-11-15 10:00:52,886 [a90e3e6e-a337-4ecb-a7be-5aa85bd5c784@group-B155B082459A-FollowerState] INFO  impl.RoleInfo (RoleInfo.java:updateAndGet(130)) - a90e3e6e-a337-4ecb-a7be-5aa85bd5c784: start a90e3e6e-a337-4ecb-a7be-5aa85bd5c784@group-B155B082459A-LeaderElection9
2021-11-15 10:00:52,890 [a90e3e6e-a337-4ecb-a7be-5aa85bd5c784@group-B155B082459A-LeaderElection9] INFO  impl.LeaderElection (LeaderElection.java:askForVotes(306)) - a90e3e6e-a337-4ecb-a7be-5aa85bd5c784@group-B155B082459A-LeaderElection9 ELECTION round 0: submit vote requests at term 1 for -1: [d804d820-4532-49b1-b366-ad6b8b9e72b3|rpc:10.1.0.56:37399|dataStream:|priority:1, a90e3e6e-a337-4ecb-a7be-5aa85bd5c784|rpc:10.1.0.56:44193|dataStream:|priority:0, acb9c8cb-4d3e-4a6b-b679-e47efd30f020|rpc:10.1.0.56:33205|dataStream:|priority:0], old=null
2021-11-15 10:00:52,894 [grpc-default-executor-0] INFO  server.RaftServer$Division (RaftServerImpl.java:requestVote(1046)) - d804d820-4532-49b1-b366-ad6b8b9e72b3@group-B155B082459A: receive requestVote(ELECTION, a90e3e6e-a337-4ecb-a7be-5aa85bd5c784, group-B155B082459A, 1, (t:0, i:0))
2021-11-15 10:00:52,894 [grpc-default-executor-0] INFO  impl.VoteContext (VoteContext.java:log(48)) - d804d820-4532-49b1-b366-ad6b8b9e72b3@group-B155B082459A-FOLLOWER: reject ELECTION from a90e3e6e-a337-4ecb-a7be-5aa85bd5c784: our priority 1 > candidate's priority 0
2021-11-15 10:00:52,894 [grpc-default-executor-0] INFO  server.RaftServer$Division (RaftServerImpl.java:setRole(290)) - d804d820-4532-49b1-b366-ad6b8b9e72b3@group-B155B082459A: changes role from  FOLLOWER to FOLLOWER at term 1 for candidate:a90e3e6e-a337-4ecb-a7be-5aa85bd5c784
2021-11-15 10:00:52,894 [grpc-default-executor-0] INFO  impl.RoleInfo (RoleInfo.java:shutdownFollowerState(108)) - d804d820-4532-49b1-b366-ad6b8b9e72b3: shutdown d804d820-4532-49b1-b366-ad6b8b9e72b3@group-B155B082459A-FollowerState
2021-11-15 10:00:52,894 [grpc-default-executor-0] INFO  impl.RoleInfo (RoleInfo.java:updateAndGet(130)) - d804d820-4532-49b1-b366-ad6b8b9e72b3: start d804d820-4532-49b1-b366-ad6b8b9e72b3@group-B155B082459A-FollowerState
2021-11-15 10:00:52,894 [d804d820-4532-49b1-b366-ad6b8b9e72b3@group-B155B082459A-FollowerState] INFO  impl.FollowerState (FollowerState.java:run(143)) - d804d820-4532-49b1-b366-ad6b8b9e72b3@group-B155B082459A-FollowerState was interrupted: {}
java.lang.InterruptedException: sleep interrupted
	at java.lang.Thread.sleep(Native Method)
	at java.lang.Thread.sleep(Thread.java:340)
	at java.util.concurrent.TimeUnit.sleep(TimeUnit.java:386)
	at org.apache.ratis.util.TimeDuration.sleep(TimeDuration.java:324)
	at org.apache.ratis.util.TimeDuration.sleep(TimeDuration.java:309)
	at org.apache.ratis.server.impl.FollowerState.run(FollowerState.java:118)
2021-11-15 10:00:52,900 [grpc-default-executor-2] INFO  server.RaftServer$Division (RaftServerImpl.java:requestVote(1046)) - acb9c8cb-4d3e-4a6b-b679-e47efd30f020@group-B155B082459A: receive requestVote(ELECTION, a90e3e6e-a337-4ecb-a7be-5aa85bd5c784, group-B155B082459A, 1, (t:0, i:0))
2021-11-15 10:00:52,900 [grpc-default-executor-2] INFO  impl.VoteContext (VoteContext.java:log(48)) - acb9c8cb-4d3e-4a6b-b679-e47efd30f020@group-B155B082459A-FOLLOWER: accept ELECTION from a90e3e6e-a337-4ecb-a7be-5aa85bd5c784: our priority 0 <= candidate's priority 0
2021-11-15 10:00:52,901 [grpc-default-executor-2] INFO  server.RaftServer$Division (RaftServerImpl.java:setRole(290)) - acb9c8cb-4d3e-4a6b-b679-e47efd30f020@group-B155B082459A: changes role from  FOLLOWER to FOLLOWER at term 1 for candidate:a90e3e6e-a337-4ecb-a7be-5aa85bd5c784
2021-11-15 10:00:52,901 [grpc-default-executor-2] INFO  impl.RoleInfo (RoleInfo.java:shutdownFollowerState(108)) - acb9c8cb-4d3e-4a6b-b679-e47efd30f020: shutdown acb9c8cb-4d3e-4a6b-b679-e47efd30f020@group-B155B082459A-FollowerState
2021-11-15 10:00:52,901 [grpc-default-executor-2] INFO  impl.RoleInfo (RoleInfo.java:updateAndGet(130)) - acb9c8cb-4d3e-4a6b-b679-e47efd30f020: start acb9c8cb-4d3e-4a6b-b679-e47efd30f020@group-B155B082459A-FollowerState
2021-11-15 10:00:52,901 [acb9c8cb-4d3e-4a6b-b679-e47efd30f020@group-B155B082459A-FollowerState] INFO  impl.FollowerState (FollowerState.java:run(143)) - acb9c8cb-4d3e-4a6b-b679-e47efd30f020@group-B155B082459A-FollowerState was interrupted: {}
java.lang.InterruptedException: sleep interrupted
	at java.lang.Thread.sleep(Native Method)
	at java.lang.Thread.sleep(Thread.java:340)
	at java.util.concurrent.TimeUnit.sleep(TimeUnit.java:386)
	at org.apache.ratis.util.TimeDuration.sleep(TimeDuration.java:324)
	at org.apache.ratis.util.TimeDuration.sleep(TimeDuration.java:309)
	at org.apache.ratis.server.impl.FollowerState.run(FollowerState.java:118)
2021-11-15 10:00:52,901 [grpc-default-executor-0] INFO  server.RaftServer$Division (RaftServerImpl.java:requestVote(1078)) - d804d820-4532-49b1-b366-ad6b8b9e72b3@group-B155B082459A replies to ELECTION vote request: a90e3e6e-a337-4ecb-a7be-5aa85bd5c784<-d804d820-4532-49b1-b366-ad6b8b9e72b3#0:FAIL-t1. Peer's state: d804d820-4532-49b1-b366-ad6b8b9e72b3@group-B155B082459A:t1, leader=null, voted=null, raftlog=d804d820-4532-49b1-b366-ad6b8b9e72b3@group-B155B082459A-SegmentedRaftLog:OPENED:c-1, conf=-1: [d804d820-4532-49b1-b366-ad6b8b9e72b3|rpc:10.1.0.56:37399|priority:1, a90e3e6e-a337-4ecb-a7be-5aa85bd5c784|rpc:10.1.0.56:44193|priority:0, acb9c8cb-4d3e-4a6b-b679-e47efd30f020|rpc:10.1.0.56:33205|priority:0], old=null
2021-11-15 10:00:52,904 [grpc-default-executor-2] INFO  server.RaftServer$Division (RaftServerImpl.java:requestVote(1078)) - acb9c8cb-4d3e-4a6b-b679-e47efd30f020@group-B155B082459A replies to ELECTION vote request: a90e3e6e-a337-4ecb-a7be-5aa85bd5c784<-acb9c8cb-4d3e-4a6b-b679-e47efd30f020#0:OK-t1. Peer's state: acb9c8cb-4d3e-4a6b-b679-e47efd30f020@group-B155B082459A:t1, leader=null, voted=a90e3e6e-a337-4ecb-a7be-5aa85bd5c784, raftlog=acb9c8cb-4d3e-4a6b-b679-e47efd30f020@group-B155B082459A-SegmentedRaftLog:OPENED:c-1, conf=-1: [d804d820-4532-49b1-b366-ad6b8b9e72b3|rpc:10.1.0.56:37399|priority:1, a90e3e6e-a337-4ecb-a7be-5aa85bd5c784|rpc:10.1.0.56:44193|priority:0, acb9c8cb-4d3e-4a6b-b679-e47efd30f020|rpc:10.1.0.56:33205|priority:0], old=null
2021-11-15 10:00:52,906 [a90e3e6e-a337-4ecb-a7be-5aa85bd5c784@group-B155B082459A-LeaderElection9] INFO  impl.LeaderElection (LeaderElection.java:logAndReturn(89)) - a90e3e6e-a337-4ecb-a7be-5aa85bd5c784@group-B155B082459A-LeaderElection9: ELECTION REJECTED received 1 response(s) and 0 exception(s):
2021-11-15 10:00:52,907 [a90e3e6e-a337-4ecb-a7be-5aa85bd5c784@group-B155B082459A-LeaderElection9] INFO  impl.LeaderElection (LeaderElection.java:logAndReturn(93)) -   Response 0: a90e3e6e-a337-4ecb-a7be-5aa85bd5c784<-d804d820-4532-49b1-b366-ad6b8b9e72b3#0:FAIL-t1
2021-11-15 10:00:52,907 [a90e3e6e-a337-4ecb-a7be-5aa85bd5c784@group-B155B082459A-LeaderElection9] INFO  impl.LeaderElection (LeaderElection.java:askForVotes(308)) - a90e3e6e-a337-4ecb-a7be-5aa85bd5c784@group-B155B082459A-LeaderElection9 ELECTION round 0: result REJECTED
2021-11-15 10:00:52,907 [a90e3e6e-a337-4ecb-a7be-5aa85bd5c784@group-B155B082459A-LeaderElection9] INFO  server.RaftServer$Division (RaftServerImpl.java:setRole(290)) - a90e3e6e-a337-4ecb-a7be-5aa85bd5c784@group-B155B082459A: changes role from CANDIDATE to FOLLOWER at term 1 for REJECTED
2021-11-15 10:00:52,910 [a90e3e6e-a337-4ecb-a7be-5aa85bd5c784@group-B155B082459A-LeaderElection9] INFO  impl.RoleInfo (RoleInfo.java:shutdownLeaderElection(121)) - a90e3e6e-a337-4ecb-a7be-5aa85bd5c784: shutdown a90e3e6e-a337-4ecb-a7be-5aa85bd5c784@group-B155B082459A-LeaderElection9
2021-11-15 10:00:52,910 [a90e3e6e-a337-4ecb-a7be-5aa85bd5c784@group-B155B082459A-LeaderElection9] INFO  impl.RoleInfo (RoleInfo.java:updateAndGet(130)) - a90e3e6e-a337-4ecb-a7be-5aa85bd5c784: start a90e3e6e-a337-4ecb-a7be-5aa85bd5c784@group-B155B082459A-FollowerState
2021-11-15 10:00:53,000 [d804d820-4532-49b1-b366-ad6b8b9e72b3@group-2563589D89DB-FollowerState] INFO  impl.FollowerState (FollowerState.java:run(134)) - d804d820-4532-49b1-b366-ad6b8b9e72b3@group-2563589D89DB-FollowerState: change to CANDIDATE, lastRpcElapsedTime:5200745985ns, electionTimeout:5196ms
2021-11-15 10:00:53,001 [d804d820-4532-49b1-b366-ad6b8b9e72b3@group-2563589D89DB-FollowerState] INFO  impl.RoleInfo (RoleInfo.java:shutdownFollowerState(108)) - d804d820-4532-49b1-b366-ad6b8b9e72b3: shutdown d804d820-4532-49b1-b366-ad6b8b9e72b3@group-2563589D89DB-FollowerState
2021-11-15 10:00:53,001 [d804d820-4532-49b1-b366-ad6b8b9e72b3@group-2563589D89DB-FollowerState] INFO  server.RaftServer$Division (RaftServerImpl.java:setRole(290)) - d804d820-4532-49b1-b366-ad6b8b9e72b3@group-2563589D89DB: changes role from  FOLLOWER to CANDIDATE at term 0 for changeToCandidate
2021-11-15 10:00:53,002 [d804d820-4532-49b1-b366-ad6b8b9e72b3@group-2563589D89DB-FollowerState] INFO  server.RaftServerConfigKeys (ConfUtils.java:logGet(44)) - raft.server.leaderelection.pre-vote = false (custom)
2021-11-15 10:00:53,002 [d804d820-4532-49b1-b366-ad6b8b9e72b3@group-2563589D89DB-FollowerState] INFO  impl.RoleInfo (RoleInfo.java:updateAndGet(130)) - d804d820-4532-49b1-b366-ad6b8b9e72b3: start d804d820-4532-49b1-b366-ad6b8b9e72b3@group-2563589D89DB-LeaderElection10
2021-11-15 10:00:53,009 [d804d820-4532-49b1-b366-ad6b8b9e72b3@group-2563589D89DB-LeaderElection10] INFO  impl.LeaderElection (LeaderElection.java:askForVotes(306)) - d804d820-4532-49b1-b366-ad6b8b9e72b3@group-2563589D89DB-LeaderElection10 ELECTION round 0: submit vote requests at term 1 for -1: [d804d820-4532-49b1-b366-ad6b8b9e72b3|rpc:10.1.0.56:37399|priority:1], old=null
2021-11-15 10:00:53,009 [d804d820-4532-49b1-b366-ad6b8b9e72b3@group-2563589D89DB-LeaderElection10] INFO  impl.LeaderElection (LeaderElection.java:askForVotes(308)) - d804d820-4532-49b1-b366-ad6b8b9e72b3@group-2563589D89DB-LeaderElection10 ELECTION round 0: result PASSED (term=1)
2021-11-15 10:00:53,009 [d804d820-4532-49b1-b366-ad6b8b9e72b3@group-2563589D89DB-LeaderElection10] INFO  impl.RoleInfo (RoleInfo.java:shutdownLeaderElection(121)) - d804d820-4532-49b1-b366-ad6b8b9e72b3: shutdown d804d820-4532-49b1-b366-ad6b8b9e72b3@group-2563589D89DB-LeaderElection10
2021-11-15 10:00:53,010 [d804d820-4532-49b1-b366-ad6b8b9e72b3@group-2563589D89DB-LeaderElection10] INFO  server.RaftServer$Division (RaftServerImpl.java:setRole(290)) - d804d820-4532-49b1-b366-ad6b8b9e72b3@group-2563589D89DB: changes role from CANDIDATE to LEADER at term 1 for changeToLeader
2021-11-15 10:00:53,010 [d804d820-4532-49b1-b366-ad6b8b9e72b3@group-2563589D89DB-LeaderElection10] INFO  ratis.XceiverServerRatis (XceiverServerRatis.java:handleLeaderChangedNotification(866)) - Leader change notification received for group: group-2563589D89DB with new leaderId: d804d820-4532-49b1-b366-ad6b8b9e72b3
2021-11-15 10:00:53,010 [d804d820-4532-49b1-b366-ad6b8b9e72b3@group-2563589D89DB-LeaderElection10] INFO  server.RaftServer$Division (ServerState.java:setLeader(285)) - d804d820-4532-49b1-b366-ad6b8b9e72b3@group-2563589D89DB: change Leader from null to d804d820-4532-49b1-b366-ad6b8b9e72b3 at term 1 for becomeLeader, leader elected after 5230ms
2021-11-15 10:00:53,010 [d804d820-4532-49b1-b366-ad6b8b9e72b3@group-2563589D89DB-LeaderElection10] INFO  server.RaftServerConfigKeys (ConfUtils.java:logGet(44)) - raft.server.staging.catchup.gap = 1000 (default)
2021-11-15 10:00:53,012 [d804d820-4532-49b1-b366-ad6b8b9e72b3@group-2563589D89DB-LeaderElection10] INFO  server.RaftServerConfigKeys (ConfUtils.java:logGet(44)) - raft.server.write.element-limit = 1024 (custom)
2021-11-15 10:00:53,012 [d804d820-4532-49b1-b366-ad6b8b9e72b3@group-2563589D89DB-LeaderElection10] INFO  server.RaftServerConfigKeys (ConfUtils.java:logGet(44)) - raft.server.write.byte-limit = 1024 M (=1073741824) (custom)
2021-11-15 10:00:53,012 [d804d820-4532-49b1-b366-ad6b8b9e72b3@group-2563589D89DB-LeaderElection10] INFO  server.RaftServerConfigKeys (ConfUtils.java:logGet(44)) - raft.server.watch.timeout = 3000ms (custom)
2021-11-15 10:00:53,012 [d804d820-4532-49b1-b366-ad6b8b9e72b3@group-2563589D89DB-LeaderElection10] INFO  server.RaftServerConfigKeys (ConfUtils.java:logGet(44)) - raft.server.watch.timeout.denomination = 1s (default)
2021-11-15 10:00:53,013 [d804d820-4532-49b1-b366-ad6b8b9e72b3@group-2563589D89DB-LeaderElection10] INFO  server.RaftServerConfigKeys (ConfUtils.java:logGet(44)) - raft.server.watch.element-limit = 65536 (default)
2021-11-15 10:00:53,013 [d804d820-4532-49b1-b366-ad6b8b9e72b3@group-2563589D89DB-LeaderElection10] INFO  server.RaftServerConfigKeys (ConfUtils.java:logGet(44)) - raft.server.write.element-limit = 1024 (custom)
2021-11-15 10:00:53,013 [d804d820-4532-49b1-b366-ad6b8b9e72b3@group-2563589D89DB-LeaderElection10] INFO  server.RaftServerConfigKeys (ConfUtils.java:logGet(44)) - raft.server.write.follower.gap.ratio.max = -1.0 (default)
2021-11-15 10:00:53,013 [d804d820-4532-49b1-b366-ad6b8b9e72b3@group-2563589D89DB-LeaderElection10] INFO  impl.RoleInfo (RoleInfo.java:updateAndGet(130)) - d804d820-4532-49b1-b366-ad6b8b9e72b3: start d804d820-4532-49b1-b366-ad6b8b9e72b3@group-2563589D89DB-LeaderStateImpl
2021-11-15 10:00:53,013 [d804d820-4532-49b1-b366-ad6b8b9e72b3@group-2563589D89DB-LeaderElection10] INFO  segmented.SegmentedRaftLogWorker (SegmentedRaftLogWorker.java:startLogSegment(394)) - d804d820-4532-49b1-b366-ad6b8b9e72b3@group-2563589D89DB-SegmentedRaftLogWorker: Starting segment from index:0
2021-11-15 10:00:53,015 [d804d820-4532-49b1-b366-ad6b8b9e72b3@group-2563589D89DB-LeaderElection10] INFO  server.RaftServer$Division (ServerState.java:setRaftConf(387)) - d804d820-4532-49b1-b366-ad6b8b9e72b3@group-2563589D89DB: set configuration 0: [d804d820-4532-49b1-b366-ad6b8b9e72b3|rpc:10.1.0.56:37399|dataStream:|priority:1], old=null
2021-11-15 10:00:53,017 [d804d820-4532-49b1-b366-ad6b8b9e72b3@group-2563589D89DB-SegmentedRaftLogWorker] INFO  segmented.SegmentedRaftLogWorker (SegmentedRaftLogWorker.java:execute(601)) - d804d820-4532-49b1-b366-ad6b8b9e72b3@group-2563589D89DB-SegmentedRaftLogWorker: created new log segment /home/runner/work/ozone/ozone/hadoop-ozone/integration-test/target/test-dir/MiniOzoneClusterImpl-b6bde346-cb55-4fad-bd7f-e1da966a93e7/datanode-4/data/ratis/90839f6a-0246-4edd-b2d1-2563589d89db/current/log_inprogress_0
2021-11-15 10:00:53,166 [Listener at 127.0.0.1/43215] INFO  ozone.MiniOzoneClusterImpl (MiniOzoneClusterImpl.java:lambda$waitForClusterToBeReady$0(235)) - Nodes are ready. Got 7 of 7 DN Heartbeats.
2021-11-15 10:00:53,166 [Listener at 127.0.0.1/43215] INFO  ozone.MiniOzoneClusterImpl (MiniOzoneClusterImpl.java:lambda$waitForClusterToBeReady$0(238)) - Cluster exits safe mode
2021-11-15 10:00:53,166 [Listener at 127.0.0.1/43215] INFO  ozone.MiniOzoneClusterImpl (MiniOzoneClusterImpl.java:lambda$waitForClusterToBeReady$0(240)) - SCM became leader
2021-11-15 10:00:53,192 [a90e3e6e-a337-4ecb-a7be-5aa85bd5c784@group-5B20D38224D3-FollowerState] INFO  impl.FollowerState (FollowerState.java:run(134)) - a90e3e6e-a337-4ecb-a7be-5aa85bd5c784@group-5B20D38224D3-FollowerState: change to CANDIDATE, lastRpcElapsedTime:5194927136ns, electionTimeout:5188ms
2021-11-15 10:00:53,192 [a90e3e6e-a337-4ecb-a7be-5aa85bd5c784@group-5B20D38224D3-FollowerState] INFO  impl.RoleInfo (RoleInfo.java:shutdownFollowerState(108)) - a90e3e6e-a337-4ecb-a7be-5aa85bd5c784: shutdown a90e3e6e-a337-4ecb-a7be-5aa85bd5c784@group-5B20D38224D3-FollowerState
2021-11-15 10:00:53,192 [a90e3e6e-a337-4ecb-a7be-5aa85bd5c784@group-5B20D38224D3-FollowerState] INFO  server.RaftServer$Division (RaftServerImpl.java:setRole(290)) - a90e3e6e-a337-4ecb-a7be-5aa85bd5c784@group-5B20D38224D3: changes role from  FOLLOWER to CANDIDATE at term 0 for changeToCandidate
2021-11-15 10:00:53,192 [a90e3e6e-a337-4ecb-a7be-5aa85bd5c784@group-5B20D38224D3-FollowerState] INFO  server.RaftServerConfigKeys (ConfUtils.java:logGet(44)) - raft.server.leaderelection.pre-vote = false (custom)
2021-11-15 10:00:53,192 [a90e3e6e-a337-4ecb-a7be-5aa85bd5c784@group-5B20D38224D3-FollowerState] INFO  impl.RoleInfo (RoleInfo.java:updateAndGet(130)) - a90e3e6e-a337-4ecb-a7be-5aa85bd5c784: start a90e3e6e-a337-4ecb-a7be-5aa85bd5c784@group-5B20D38224D3-LeaderElection11
2021-11-15 10:00:53,204 [a90e3e6e-a337-4ecb-a7be-5aa85bd5c784@group-5B20D38224D3-LeaderElection11] INFO  impl.LeaderElection (LeaderElection.java:askForVotes(306)) - a90e3e6e-a337-4ecb-a7be-5aa85bd5c784@group-5B20D38224D3-LeaderElection11 ELECTION round 0: submit vote requests at term 1 for -1: [a90e3e6e-a337-4ecb-a7be-5aa85bd5c784|rpc:10.1.0.56:44193|priority:1], old=null
2021-11-15 10:00:53,205 [a90e3e6e-a337-4ecb-a7be-5aa85bd5c784@group-5B20D38224D3-LeaderElection11] INFO  impl.LeaderElection (LeaderElection.java:askForVotes(308)) - a90e3e6e-a337-4ecb-a7be-5aa85bd5c784@group-5B20D38224D3-LeaderElection11 ELECTION round 0: result PASSED (term=1)
2021-11-15 10:00:53,205 [a90e3e6e-a337-4ecb-a7be-5aa85bd5c784@group-5B20D38224D3-LeaderElection11] INFO  impl.RoleInfo (RoleInfo.java:shutdownLeaderElection(121)) - a90e3e6e-a337-4ecb-a7be-5aa85bd5c784: shutdown a90e3e6e-a337-4ecb-a7be-5aa85bd5c784@group-5B20D38224D3-LeaderElection11
2021-11-15 10:00:53,205 [a90e3e6e-a337-4ecb-a7be-5aa85bd5c784@group-5B20D38224D3-LeaderElection11] INFO  server.RaftServer$Division (RaftServerImpl.java:setRole(290)) - a90e3e6e-a337-4ecb-a7be-5aa85bd5c784@group-5B20D38224D3: changes role from CANDIDATE to LEADER at term 1 for changeToLeader
2021-11-15 10:00:53,205 [a90e3e6e-a337-4ecb-a7be-5aa85bd5c784@group-5B20D38224D3-LeaderElection11] INFO  ratis.XceiverServerRatis (XceiverServerRatis.java:handleLeaderChangedNotification(866)) - Leader change notification received for group: group-5B20D38224D3 with new leaderId: a90e3e6e-a337-4ecb-a7be-5aa85bd5c784
2021-11-15 10:00:53,205 [a90e3e6e-a337-4ecb-a7be-5aa85bd5c784@group-5B20D38224D3-LeaderElection11] INFO  server.RaftServer$Division (ServerState.java:setLeader(285)) - a90e3e6e-a337-4ecb-a7be-5aa85bd5c784@group-5B20D38224D3: change Leader from null to a90e3e6e-a337-4ecb-a7be-5aa85bd5c784 at term 1 for becomeLeader, leader elected after 5218ms
2021-11-15 10:00:53,206 [a90e3e6e-a337-4ecb-a7be-5aa85bd5c784@group-5B20D38224D3-LeaderElection11] INFO  server.RaftServerConfigKeys (ConfUtils.java:logGet(44)) - raft.server.staging.catchup.gap = 1000 (default)
2021-11-15 10:00:53,206 [a90e3e6e-a337-4ecb-a7be-5aa85bd5c784@group-5B20D38224D3-LeaderElection11] INFO  server.RaftServerConfigKeys (ConfUtils.java:logGet(44)) - raft.server.write.element-limit = 1024 (custom)
2021-11-15 10:00:53,206 [a90e3e6e-a337-4ecb-a7be-5aa85bd5c784@group-5B20D38224D3-LeaderElection11] INFO  server.RaftServerConfigKeys (ConfUtils.java:logGet(44)) - raft.server.write.byte-limit = 1024 M (=1073741824) (custom)
2021-11-15 10:00:53,207 [a90e3e6e-a337-4ecb-a7be-5aa85bd5c784@group-5B20D38224D3-LeaderElection11] INFO  server.RaftServerConfigKeys (ConfUtils.java:logGet(44)) - raft.server.watch.timeout = 3000ms (custom)
2021-11-15 10:00:53,207 [a90e3e6e-a337-4ecb-a7be-5aa85bd5c784@group-5B20D38224D3-LeaderElection11] INFO  server.RaftServerConfigKeys (ConfUtils.java:logGet(44)) - raft.server.watch.timeout.denomination = 1s (default)
2021-11-15 10:00:53,207 [a90e3e6e-a337-4ecb-a7be-5aa85bd5c784@group-5B20D38224D3-LeaderElection11] INFO  server.RaftServerConfigKeys (ConfUtils.java:logGet(44)) - raft.server.watch.element-limit = 65536 (default)
2021-11-15 10:00:53,207 [a90e3e6e-a337-4ecb-a7be-5aa85bd5c784@group-5B20D38224D3-LeaderElection11] INFO  server.RaftServerConfigKeys (ConfUtils.java:logGet(44)) - raft.server.write.element-limit = 1024 (custom)
2021-11-15 10:00:53,207 [a90e3e6e-a337-4ecb-a7be-5aa85bd5c784@group-5B20D38224D3-LeaderElection11] INFO  server.RaftServerConfigKeys (ConfUtils.java:logGet(44)) - raft.server.write.follower.gap.ratio.max = -1.0 (default)
2021-11-15 10:00:53,208 [a90e3e6e-a337-4ecb-a7be-5aa85bd5c784@group-5B20D38224D3-LeaderElection11] INFO  impl.RoleInfo (RoleInfo.java:updateAndGet(130)) - a90e3e6e-a337-4ecb-a7be-5aa85bd5c784: start a90e3e6e-a337-4ecb-a7be-5aa85bd5c784@group-5B20D38224D3-LeaderStateImpl
2021-11-15 10:00:53,208 [a90e3e6e-a337-4ecb-a7be-5aa85bd5c784@group-5B20D38224D3-LeaderElection11] INFO  segmented.SegmentedRaftLogWorker (SegmentedRaftLogWorker.java:startLogSegment(394)) - a90e3e6e-a337-4ecb-a7be-5aa85bd5c784@group-5B20D38224D3-SegmentedRaftLogWorker: Starting segment from index:0
2021-11-15 10:00:53,211 [a90e3e6e-a337-4ecb-a7be-5aa85bd5c784@group-5B20D38224D3-SegmentedRaftLogWorker] INFO  segmented.SegmentedRaftLogWorker (SegmentedRaftLogWorker.java:execute(601)) - a90e3e6e-a337-4ecb-a7be-5aa85bd5c784@group-5B20D38224D3-SegmentedRaftLogWorker: created new log segment /home/runner/work/ozone/ozone/hadoop-ozone/integration-test/target/test-dir/MiniOzoneClusterImpl-b6bde346-cb55-4fad-bd7f-e1da966a93e7/datanode-5/data/ratis/e321c5b2-a5d3-44c2-852e-5b20d38224d3/current/log_inprogress_0
2021-11-15 10:00:53,213 [a90e3e6e-a337-4ecb-a7be-5aa85bd5c784@group-5B20D38224D3-LeaderElection11] INFO  server.RaftServer$Division (ServerState.java:setRaftConf(387)) - a90e3e6e-a337-4ecb-a7be-5aa85bd5c784@group-5B20D38224D3: set configuration 0: [a90e3e6e-a337-4ecb-a7be-5aa85bd5c784|rpc:10.1.0.56:44193|dataStream:|priority:1], old=null
2021-11-15 10:00:53,384 [4ed92f53-76e0-46e3-b547-b2697051b404@group-59175B6EB48B-FollowerState] INFO  impl.FollowerState (FollowerState.java:run(134)) - 4ed92f53-76e0-46e3-b547-b2697051b404@group-59175B6EB48B-FollowerState: change to CANDIDATE, lastRpcElapsedTime:5199786556ns, electionTimeout:5191ms
2021-11-15 10:00:53,384 [4ed92f53-76e0-46e3-b547-b2697051b404@group-59175B6EB48B-FollowerState] INFO  impl.RoleInfo (RoleInfo.java:shutdownFollowerState(108)) - 4ed92f53-76e0-46e3-b547-b2697051b404: shutdown 4ed92f53-76e0-46e3-b547-b2697051b404@group-59175B6EB48B-FollowerState
2021-11-15 10:00:53,384 [4ed92f53-76e0-46e3-b547-b2697051b404@group-59175B6EB48B-FollowerState] INFO  server.RaftServer$Division (RaftServerImpl.java:setRole(290)) - 4ed92f53-76e0-46e3-b547-b2697051b404@group-59175B6EB48B: changes role from  FOLLOWER to CANDIDATE at term 0 for changeToCandidate
2021-11-15 10:00:53,385 [4ed92f53-76e0-46e3-b547-b2697051b404@group-59175B6EB48B-FollowerState] INFO  server.RaftServerConfigKeys (ConfUtils.java:logGet(44)) - raft.server.leaderelection.pre-vote = false (custom)
2021-11-15 10:00:53,385 [4ed92f53-76e0-46e3-b547-b2697051b404@group-59175B6EB48B-FollowerState] INFO  impl.RoleInfo (RoleInfo.java:updateAndGet(130)) - 4ed92f53-76e0-46e3-b547-b2697051b404: start 4ed92f53-76e0-46e3-b547-b2697051b404@group-59175B6EB48B-LeaderElection12
2021-11-15 10:00:53,393 [4ed92f53-76e0-46e3-b547-b2697051b404@group-59175B6EB48B-LeaderElection12] INFO  impl.LeaderElection (LeaderElection.java:askForVotes(306)) - 4ed92f53-76e0-46e3-b547-b2697051b404@group-59175B6EB48B-LeaderElection12 ELECTION round 0: submit vote requests at term 1 for -1: [4ed92f53-76e0-46e3-b547-b2697051b404|rpc:10.1.0.56:44699|priority:1], old=null
2021-11-15 10:00:53,393 [4ed92f53-76e0-46e3-b547-b2697051b404@group-59175B6EB48B-LeaderElection12] INFO  impl.LeaderElection (LeaderElection.java:askForVotes(308)) - 4ed92f53-76e0-46e3-b547-b2697051b404@group-59175B6EB48B-LeaderElection12 ELECTION round 0: result PASSED (term=1)
2021-11-15 10:00:53,393 [4ed92f53-76e0-46e3-b547-b2697051b404@group-59175B6EB48B-LeaderElection12] INFO  impl.RoleInfo (RoleInfo.java:shutdownLeaderElection(121)) - 4ed92f53-76e0-46e3-b547-b2697051b404: shutdown 4ed92f53-76e0-46e3-b547-b2697051b404@group-59175B6EB48B-LeaderElection12
2021-11-15 10:00:53,393 [4ed92f53-76e0-46e3-b547-b2697051b404@group-59175B6EB48B-LeaderElection12] INFO  server.RaftServer$Division (RaftServerImpl.java:setRole(290)) - 4ed92f53-76e0-46e3-b547-b2697051b404@group-59175B6EB48B: changes role from CANDIDATE to LEADER at term 1 for changeToLeader
2021-11-15 10:00:53,393 [4ed92f53-76e0-46e3-b547-b2697051b404@group-59175B6EB48B-LeaderElection12] INFO  ratis.XceiverServerRatis (XceiverServerRatis.java:handleLeaderChangedNotification(866)) - Leader change notification received for group: group-59175B6EB48B with new leaderId: 4ed92f53-76e0-46e3-b547-b2697051b404
2021-11-15 10:00:53,396 [4ed92f53-76e0-46e3-b547-b2697051b404@group-59175B6EB48B-LeaderElection12] INFO  server.RaftServer$Division (ServerState.java:setLeader(285)) - 4ed92f53-76e0-46e3-b547-b2697051b404@group-59175B6EB48B: change Leader from null to 4ed92f53-76e0-46e3-b547-b2697051b404 at term 1 for becomeLeader, leader elected after 5214ms
2021-11-15 10:00:53,396 [4ed92f53-76e0-46e3-b547-b2697051b404@group-59175B6EB48B-LeaderElection12] INFO  server.RaftServerConfigKeys (ConfUtils.java:logGet(44)) - raft.server.staging.catchup.gap = 1000 (default)
2021-11-15 10:00:53,396 [4ed92f53-76e0-46e3-b547-b2697051b404@group-59175B6EB48B-LeaderElection12] INFO  server.RaftServerConfigKeys (ConfUtils.java:logGet(44)) - raft.server.write.element-limit = 1024 (custom)
2021-11-15 10:00:53,397 [4ed92f53-76e0-46e3-b547-b2697051b404@group-59175B6EB48B-LeaderElection12] INFO  server.RaftServerConfigKeys (ConfUtils.java:logGet(44)) - raft.server.write.byte-limit = 1024 M (=1073741824) (custom)
2021-11-15 10:00:53,398 [4ed92f53-76e0-46e3-b547-b2697051b404@group-59175B6EB48B-LeaderElection12] INFO  server.RaftServerConfigKeys (ConfUtils.java:logGet(44)) - raft.server.watch.timeout = 3000ms (custom)
2021-11-15 10:00:53,398 [4ed92f53-76e0-46e3-b547-b2697051b404@group-59175B6EB48B-LeaderElection12] INFO  server.RaftServerConfigKeys (ConfUtils.java:logGet(44)) - raft.server.watch.timeout.denomination = 1s (default)
2021-11-15 10:00:53,398 [4ed92f53-76e0-46e3-b547-b2697051b404@group-59175B6EB48B-LeaderElection12] INFO  server.RaftServerConfigKeys (ConfUtils.java:logGet(44)) - raft.server.watch.element-limit = 65536 (default)
2021-11-15 10:00:53,399 [4ed92f53-76e0-46e3-b547-b2697051b404@group-59175B6EB48B-LeaderElection12] INFO  server.RaftServerConfigKeys (ConfUtils.java:logGet(44)) - raft.server.write.element-limit = 1024 (custom)
2021-11-15 10:00:53,399 [4ed92f53-76e0-46e3-b547-b2697051b404@group-59175B6EB48B-LeaderElection12] INFO  server.RaftServerConfigKeys (ConfUtils.java:logGet(44)) - raft.server.write.follower.gap.ratio.max = -1.0 (default)
2021-11-15 10:00:53,399 [4ed92f53-76e0-46e3-b547-b2697051b404@group-59175B6EB48B-LeaderElection12] INFO  impl.RoleInfo (RoleInfo.java:updateAndGet(130)) - 4ed92f53-76e0-46e3-b547-b2697051b404: start 4ed92f53-76e0-46e3-b547-b2697051b404@group-59175B6EB48B-LeaderStateImpl
2021-11-15 10:00:53,399 [4ed92f53-76e0-46e3-b547-b2697051b404@group-59175B6EB48B-LeaderElection12] INFO  segmented.SegmentedRaftLogWorker (SegmentedRaftLogWorker.java:startLogSegment(394)) - 4ed92f53-76e0-46e3-b547-b2697051b404@group-59175B6EB48B-SegmentedRaftLogWorker: Starting segment from index:0
2021-11-15 10:00:53,401 [4ed92f53-76e0-46e3-b547-b2697051b404@group-59175B6EB48B-SegmentedRaftLogWorker] INFO  segmented.SegmentedRaftLogWorker (SegmentedRaftLogWorker.java:execute(601)) - 4ed92f53-76e0-46e3-b547-b2697051b404@group-59175B6EB48B-SegmentedRaftLogWorker: created new log segment /home/runner/work/ozone/ozone/hadoop-ozone/integration-test/target/test-dir/MiniOzoneClusterImpl-b6bde346-cb55-4fad-bd7f-e1da966a93e7/datanode-6/data/ratis/6f5caada-dd82-4907-9449-59175b6eb48b/current/log_inprogress_0
2021-11-15 10:00:53,408 [4ed92f53-76e0-46e3-b547-b2697051b404@group-59175B6EB48B-LeaderElection12] INFO  server.RaftServer$Division (ServerState.java:setRaftConf(387)) - 4ed92f53-76e0-46e3-b547-b2697051b404@group-59175B6EB48B: set configuration 0: [4ed92f53-76e0-46e3-b547-b2697051b404|rpc:10.1.0.56:44699|dataStream:|priority:1], old=null
2021-11-15 10:00:53,427 [Listener at 127.0.0.1/43215] INFO  rpc.RpcClient (RpcClient.java:createVolume(349)) - Creating Volume: testblockoutputstream, with runner as owner and space quota set to -1 bytes, counts quota set to -1
2021-11-15 10:00:53,665 [OM StateMachine ApplyTransaction Thread - 0] INFO  volume.OMVolumeCreateRequest (OMVolumeCreateRequest.java:validateAndUpdateCache(195)) - created volume:testblockoutputstream for user:runner
2021-11-15 10:00:53,689 [Listener at 127.0.0.1/43215] INFO  rpc.RpcClient (RpcClient.java:createBucket(509)) - Creating Bucket: testblockoutputstream/testblockoutputstream, with Versioning false and Storage Type set to DISK and Encryption set to false 
2021-11-15 10:00:53,758 [IPC Server handler 0 on default port 40577] INFO  ha.SequenceIdGenerator (SequenceIdGenerator.java:getNextId(127)) - Allocate a batch for containerId, change lastId from 0 to 1000.
2021-11-15 10:00:53,768 [IPC Server handler 0 on default port 40577] WARN  ha.SequenceIdGenerator (SequenceIdGenerator.java:allocateBatch(235)) - Failed to allocate a batch for localId, expected lastId is 0, actual lastId is 107544261427200000.
2021-11-15 10:00:53,769 [IPC Server handler 0 on default port 40577] INFO  ha.SequenceIdGenerator (SequenceIdGenerator.java:getNextId(127)) - Allocate a batch for localId, change lastId from 107544261427200000 to 107544261427201000.
2021-11-15 10:00:53,845 [Listener at 127.0.0.1/43215] INFO  impl.MetricsSystemImpl (MetricsSystemImpl.java:init(158)) - XceiverClientMetrics metrics system started (again)
2021-11-15 10:00:56,878 [a5208437-b67a-4a59-91c1-79d4e747a9e2@group-958034FB3CB9-FollowerState] INFO  impl.FollowerState (FollowerState.java:run(134)) - a5208437-b67a-4a59-91c1-79d4e747a9e2@group-958034FB3CB9-FollowerState: change to CANDIDATE, lastRpcElapsedTime:5158083812ns, electionTimeout:5145ms
2021-11-15 10:00:56,878 [a5208437-b67a-4a59-91c1-79d4e747a9e2@group-958034FB3CB9-FollowerState] INFO  impl.RoleInfo (RoleInfo.java:shutdownFollowerState(108)) - a5208437-b67a-4a59-91c1-79d4e747a9e2: shutdown a5208437-b67a-4a59-91c1-79d4e747a9e2@group-958034FB3CB9-FollowerState
2021-11-15 10:00:56,878 [a5208437-b67a-4a59-91c1-79d4e747a9e2@group-958034FB3CB9-FollowerState] INFO  server.RaftServer$Division (RaftServerImpl.java:setRole(290)) - a5208437-b67a-4a59-91c1-79d4e747a9e2@group-958034FB3CB9: changes role from  FOLLOWER to CANDIDATE at term 1 for changeToCandidate
2021-11-15 10:00:56,879 [a5208437-b67a-4a59-91c1-79d4e747a9e2@group-958034FB3CB9-FollowerState] INFO  server.RaftServerConfigKeys (ConfUtils.java:logGet(44)) - raft.server.leaderelection.pre-vote = false (custom)
2021-11-15 10:00:56,879 [a5208437-b67a-4a59-91c1-79d4e747a9e2@group-958034FB3CB9-FollowerState] INFO  impl.RoleInfo (RoleInfo.java:updateAndGet(130)) - a5208437-b67a-4a59-91c1-79d4e747a9e2: start a5208437-b67a-4a59-91c1-79d4e747a9e2@group-958034FB3CB9-LeaderElection13
2021-11-15 10:00:56,881 [a5208437-b67a-4a59-91c1-79d4e747a9e2@group-958034FB3CB9-LeaderElection13] INFO  impl.LeaderElection (LeaderElection.java:askForVotes(306)) - a5208437-b67a-4a59-91c1-79d4e747a9e2@group-958034FB3CB9-LeaderElection13 ELECTION round 0: submit vote requests at term 2 for -1: [5120cc87-b9ff-4d81-8e4f-818f73dade45|rpc:10.1.0.56:39907|priority:0, 003b3e8b-8375-416f-b9b0-c8bdf761ffc2|rpc:10.1.0.56:44495|priority:0, a5208437-b67a-4a59-91c1-79d4e747a9e2|rpc:10.1.0.56:41529|priority:1], old=null
2021-11-15 10:00:56,890 [grpc-default-executor-3] INFO  server.RaftServer$Division (RaftServerImpl.java:requestVote(1046)) - 5120cc87-b9ff-4d81-8e4f-818f73dade45@group-958034FB3CB9: receive requestVote(ELECTION, a5208437-b67a-4a59-91c1-79d4e747a9e2, group-958034FB3CB9, 2, (t:0, i:0))
2021-11-15 10:00:56,890 [grpc-default-executor-3] INFO  impl.VoteContext (VoteContext.java:log(48)) - 5120cc87-b9ff-4d81-8e4f-818f73dade45@group-958034FB3CB9-FOLLOWER: accept ELECTION from a5208437-b67a-4a59-91c1-79d4e747a9e2: our priority 0 <= candidate's priority 1
2021-11-15 10:00:56,890 [grpc-default-executor-3] INFO  server.RaftServer$Division (RaftServerImpl.java:setRole(290)) - 5120cc87-b9ff-4d81-8e4f-818f73dade45@group-958034FB3CB9: changes role from  FOLLOWER to FOLLOWER at term 2 for candidate:a5208437-b67a-4a59-91c1-79d4e747a9e2
2021-11-15 10:00:56,890 [grpc-default-executor-3] INFO  impl.RoleInfo (RoleInfo.java:shutdownFollowerState(108)) - 5120cc87-b9ff-4d81-8e4f-818f73dade45: shutdown 5120cc87-b9ff-4d81-8e4f-818f73dade45@group-958034FB3CB9-FollowerState
2021-11-15 10:00:56,890 [grpc-default-executor-3] INFO  impl.RoleInfo (RoleInfo.java:updateAndGet(130)) - 5120cc87-b9ff-4d81-8e4f-818f73dade45: start 5120cc87-b9ff-4d81-8e4f-818f73dade45@group-958034FB3CB9-FollowerState
2021-11-15 10:00:56,890 [5120cc87-b9ff-4d81-8e4f-818f73dade45@group-958034FB3CB9-FollowerState] INFO  impl.FollowerState (FollowerState.java:run(143)) - 5120cc87-b9ff-4d81-8e4f-818f73dade45@group-958034FB3CB9-FollowerState was interrupted: {}
java.lang.InterruptedException: sleep interrupted
	at java.lang.Thread.sleep(Native Method)
	at java.lang.Thread.sleep(Thread.java:340)
	at java.util.concurrent.TimeUnit.sleep(TimeUnit.java:386)
	at org.apache.ratis.util.TimeDuration.sleep(TimeDuration.java:324)
	at org.apache.ratis.util.TimeDuration.sleep(TimeDuration.java:309)
	at org.apache.ratis.server.impl.FollowerState.run(FollowerState.java:118)
2021-11-15 10:00:56,892 [grpc-default-executor-2] INFO  server.RaftServer$Division (RaftServerImpl.java:requestVote(1046)) - 003b3e8b-8375-416f-b9b0-c8bdf761ffc2@group-958034FB3CB9: receive requestVote(ELECTION, a5208437-b67a-4a59-91c1-79d4e747a9e2, group-958034FB3CB9, 2, (t:0, i:0))
2021-11-15 10:00:56,892 [grpc-default-executor-3] INFO  server.RaftServer$Division (RaftServerImpl.java:requestVote(1078)) - 5120cc87-b9ff-4d81-8e4f-818f73dade45@group-958034FB3CB9 replies to ELECTION vote request: a5208437-b67a-4a59-91c1-79d4e747a9e2<-5120cc87-b9ff-4d81-8e4f-818f73dade45#0:OK-t2. Peer's state: 5120cc87-b9ff-4d81-8e4f-818f73dade45@group-958034FB3CB9:t2, leader=null, voted=a5208437-b67a-4a59-91c1-79d4e747a9e2, raftlog=5120cc87-b9ff-4d81-8e4f-818f73dade45@group-958034FB3CB9-SegmentedRaftLog:OPENED:c-1, conf=-1: [5120cc87-b9ff-4d81-8e4f-818f73dade45|rpc:10.1.0.56:39907|priority:0, 003b3e8b-8375-416f-b9b0-c8bdf761ffc2|rpc:10.1.0.56:44495|priority:0, a5208437-b67a-4a59-91c1-79d4e747a9e2|rpc:10.1.0.56:41529|priority:1], old=null
2021-11-15 10:00:56,893 [003b3e8b-8375-416f-b9b0-c8bdf761ffc2@group-958034FB3CB9-FollowerState] INFO  impl.FollowerState (FollowerState.java:run(134)) - 003b3e8b-8375-416f-b9b0-c8bdf761ffc2@group-958034FB3CB9-FollowerState: change to CANDIDATE, lastRpcElapsedTime:5165418557ns, electionTimeout:5164ms
2021-11-15 10:00:56,894 [003b3e8b-8375-416f-b9b0-c8bdf761ffc2@group-958034FB3CB9-FollowerState] INFO  impl.RoleInfo (RoleInfo.java:shutdownFollowerState(108)) - 003b3e8b-8375-416f-b9b0-c8bdf761ffc2: shutdown 003b3e8b-8375-416f-b9b0-c8bdf761ffc2@group-958034FB3CB9-FollowerState
2021-11-15 10:00:56,894 [003b3e8b-8375-416f-b9b0-c8bdf761ffc2@group-958034FB3CB9-FollowerState] INFO  server.RaftServer$Division (RaftServerImpl.java:setRole(290)) - 003b3e8b-8375-416f-b9b0-c8bdf761ffc2@group-958034FB3CB9: changes role from  FOLLOWER to CANDIDATE at term 1 for changeToCandidate
2021-11-15 10:00:56,894 [003b3e8b-8375-416f-b9b0-c8bdf761ffc2@group-958034FB3CB9-FollowerState] INFO  server.RaftServerConfigKeys (ConfUtils.java:logGet(44)) - raft.server.leaderelection.pre-vote = false (custom)
2021-11-15 10:00:56,894 [003b3e8b-8375-416f-b9b0-c8bdf761ffc2@group-958034FB3CB9-FollowerState] INFO  impl.RoleInfo (RoleInfo.java:updateAndGet(130)) - 003b3e8b-8375-416f-b9b0-c8bdf761ffc2: start 003b3e8b-8375-416f-b9b0-c8bdf761ffc2@group-958034FB3CB9-LeaderElection14
2021-11-15 10:00:56,894 [grpc-default-executor-2] INFO  impl.VoteContext (VoteContext.java:log(48)) - 003b3e8b-8375-416f-b9b0-c8bdf761ffc2@group-958034FB3CB9-CANDIDATE: accept ELECTION from a5208437-b67a-4a59-91c1-79d4e747a9e2: our priority 0 <= candidate's priority 1
2021-11-15 10:00:56,903 [grpc-default-executor-2] INFO  server.RaftServer$Division (RaftServerImpl.java:setRole(290)) - 003b3e8b-8375-416f-b9b0-c8bdf761ffc2@group-958034FB3CB9: changes role from CANDIDATE to FOLLOWER at term 2 for candidate:a5208437-b67a-4a59-91c1-79d4e747a9e2
2021-11-15 10:00:56,903 [grpc-default-executor-2] INFO  impl.RoleInfo (RoleInfo.java:shutdownLeaderElection(121)) - 003b3e8b-8375-416f-b9b0-c8bdf761ffc2: shutdown 003b3e8b-8375-416f-b9b0-c8bdf761ffc2@group-958034FB3CB9-LeaderElection14
2021-11-15 10:00:56,904 [grpc-default-executor-2] INFO  impl.RoleInfo (RoleInfo.java:updateAndGet(130)) - 003b3e8b-8375-416f-b9b0-c8bdf761ffc2: start 003b3e8b-8375-416f-b9b0-c8bdf761ffc2@group-958034FB3CB9-FollowerState
2021-11-15 10:00:56,905 [003b3e8b-8375-416f-b9b0-c8bdf761ffc2@group-958034FB3CB9-LeaderElection14] INFO  impl.LeaderElection (LeaderElection.java:run(230)) - 003b3e8b-8375-416f-b9b0-c8bdf761ffc2@group-958034FB3CB9-LeaderElection14: skip running since this is already CLOSING
2021-11-15 10:00:56,906 [a5208437-b67a-4a59-91c1-79d4e747a9e2@group-958034FB3CB9-LeaderElection13] INFO  impl.LeaderElection (LeaderElection.java:logAndReturn(89)) - a5208437-b67a-4a59-91c1-79d4e747a9e2@group-958034FB3CB9-LeaderElection13: ELECTION PASSED received 1 response(s) and 0 exception(s):
2021-11-15 10:00:56,906 [a5208437-b67a-4a59-91c1-79d4e747a9e2@group-958034FB3CB9-LeaderElection13] INFO  impl.LeaderElection (LeaderElection.java:logAndReturn(93)) -   Response 0: a5208437-b67a-4a59-91c1-79d4e747a9e2<-5120cc87-b9ff-4d81-8e4f-818f73dade45#0:OK-t2
2021-11-15 10:00:56,906 [a5208437-b67a-4a59-91c1-79d4e747a9e2@group-958034FB3CB9-LeaderElection13] INFO  impl.LeaderElection (LeaderElection.java:askForVotes(308)) - a5208437-b67a-4a59-91c1-79d4e747a9e2@group-958034FB3CB9-LeaderElection13 ELECTION round 0: result PASSED
2021-11-15 10:00:56,906 [a5208437-b67a-4a59-91c1-79d4e747a9e2@group-958034FB3CB9-LeaderElection13] INFO  impl.RoleInfo (RoleInfo.java:shutdownLeaderElection(121)) - a5208437-b67a-4a59-91c1-79d4e747a9e2: shutdown a5208437-b67a-4a59-91c1-79d4e747a9e2@group-958034FB3CB9-LeaderElection13
2021-11-15 10:00:56,906 [a5208437-b67a-4a59-91c1-79d4e747a9e2@group-958034FB3CB9-LeaderElection13] INFO  server.RaftServer$Division (RaftServerImpl.java:setRole(290)) - a5208437-b67a-4a59-91c1-79d4e747a9e2@group-958034FB3CB9: changes role from CANDIDATE to LEADER at term 2 for changeToLeader
2021-11-15 10:00:56,906 [a5208437-b67a-4a59-91c1-79d4e747a9e2@group-958034FB3CB9-LeaderElection13] INFO  ratis.XceiverServerRatis (XceiverServerRatis.java:handleLeaderChangedNotification(866)) - Leader change notification received for group: group-958034FB3CB9 with new leaderId: a5208437-b67a-4a59-91c1-79d4e747a9e2
2021-11-15 10:00:56,906 [a5208437-b67a-4a59-91c1-79d4e747a9e2@group-958034FB3CB9-LeaderElection13] INFO  server.RaftServer$Division (ServerState.java:setLeader(285)) - a5208437-b67a-4a59-91c1-79d4e747a9e2@group-958034FB3CB9: change Leader from null to a5208437-b67a-4a59-91c1-79d4e747a9e2 at term 2 for becomeLeader, leader elected after 9991ms
2021-11-15 10:00:56,906 [a5208437-b67a-4a59-91c1-79d4e747a9e2@group-958034FB3CB9-LeaderElection13] INFO  server.RaftServerConfigKeys (ConfUtils.java:logGet(44)) - raft.server.staging.catchup.gap = 1000 (default)
2021-11-15 10:00:56,907 [a5208437-b67a-4a59-91c1-79d4e747a9e2@group-958034FB3CB9-LeaderElection13] INFO  server.RaftServerConfigKeys (ConfUtils.java:logGet(44)) - raft.server.write.element-limit = 1024 (custom)
2021-11-15 10:00:56,907 [a5208437-b67a-4a59-91c1-79d4e747a9e2@group-958034FB3CB9-LeaderElection13] INFO  server.RaftServerConfigKeys (ConfUtils.java:logGet(44)) - raft.server.write.byte-limit = 1024 M (=1073741824) (custom)
2021-11-15 10:00:56,907 [a5208437-b67a-4a59-91c1-79d4e747a9e2@group-958034FB3CB9-LeaderElection13] INFO  server.RaftServerConfigKeys (ConfUtils.java:logGet(44)) - raft.server.watch.timeout = 3000ms (custom)
2021-11-15 10:00:56,907 [a5208437-b67a-4a59-91c1-79d4e747a9e2@group-958034FB3CB9-LeaderElection13] INFO  server.RaftServerConfigKeys (ConfUtils.java:logGet(44)) - raft.server.watch.timeout.denomination = 1s (default)
2021-11-15 10:00:56,907 [a5208437-b67a-4a59-91c1-79d4e747a9e2@group-958034FB3CB9-LeaderElection13] INFO  server.RaftServerConfigKeys (ConfUtils.java:logGet(44)) - raft.server.watch.element-limit = 65536 (default)
2021-11-15 10:00:56,907 [a5208437-b67a-4a59-91c1-79d4e747a9e2@group-958034FB3CB9-LeaderElection13] INFO  server.RaftServerConfigKeys (ConfUtils.java:logGet(44)) - raft.server.write.element-limit = 1024 (custom)
2021-11-15 10:00:56,907 [a5208437-b67a-4a59-91c1-79d4e747a9e2@group-958034FB3CB9-LeaderElection13] INFO  server.RaftServerConfigKeys (ConfUtils.java:logGet(44)) - raft.server.write.follower.gap.ratio.max = -1.0 (default)
2021-11-15 10:00:56,907 [a5208437-b67a-4a59-91c1-79d4e747a9e2@group-958034FB3CB9-LeaderElection13] INFO  server.RaftServerConfigKeys (ConfUtils.java:logGet(44)) - raft.server.log.appender.snapshot.chunk.size.max = 16MB (=16777216) (default)
2021-11-15 10:00:56,907 [a5208437-b67a-4a59-91c1-79d4e747a9e2@group-958034FB3CB9-LeaderElection13] INFO  server.RaftServerConfigKeys (ConfUtils.java:logGet(44)) - raft.server.log.appender.buffer.byte-limit = 33554432 (custom)
2021-11-15 10:00:56,907 [a5208437-b67a-4a59-91c1-79d4e747a9e2@group-958034FB3CB9-LeaderElection13] INFO  server.RaftServerConfigKeys (ConfUtils.java:logGet(44)) - raft.server.log.appender.buffer.element-limit = 1 (custom)
2021-11-15 10:00:56,906 [grpc-default-executor-2] INFO  server.RaftServer$Division (RaftServerImpl.java:requestVote(1078)) - 003b3e8b-8375-416f-b9b0-c8bdf761ffc2@group-958034FB3CB9 replies to ELECTION vote request: a5208437-b67a-4a59-91c1-79d4e747a9e2<-003b3e8b-8375-416f-b9b0-c8bdf761ffc2#0:OK-t2. Peer's state: 003b3e8b-8375-416f-b9b0-c8bdf761ffc2@group-958034FB3CB9:t2, leader=null, voted=a5208437-b67a-4a59-91c1-79d4e747a9e2, raftlog=003b3e8b-8375-416f-b9b0-c8bdf761ffc2@group-958034FB3CB9-SegmentedRaftLog:OPENED:c-1, conf=-1: [5120cc87-b9ff-4d81-8e4f-818f73dade45|rpc:10.1.0.56:39907|dataStream:|priority:0, 003b3e8b-8375-416f-b9b0-c8bdf761ffc2|rpc:10.1.0.56:44495|dataStream:|priority:0, a5208437-b67a-4a59-91c1-79d4e747a9e2|rpc:10.1.0.56:41529|dataStream:|priority:1], old=null
2021-11-15 10:00:56,908 [a5208437-b67a-4a59-91c1-79d4e747a9e2@group-958034FB3CB9-LeaderElection13] INFO  grpc.GrpcConfigKeys (ConfUtils.java:logGet(44)) - raft.grpc.server.leader.outstanding.appends.max = 128 (default)
2021-11-15 10:00:56,909 [a5208437-b67a-4a59-91c1-79d4e747a9e2@group-958034FB3CB9-LeaderElection13] INFO  server.RaftServerConfigKeys (ConfUtils.java:logGet(44)) - raft.server.rpc.request.timeout = 3000ms (default)
2021-11-15 10:00:56,909 [a5208437-b67a-4a59-91c1-79d4e747a9e2@group-958034FB3CB9-LeaderElection13] INFO  server.RaftServerConfigKeys (ConfUtils.java:logGet(44)) - raft.server.log.appender.install.snapshot.enabled = false (custom)
2021-11-15 10:00:56,909 [a5208437-b67a-4a59-91c1-79d4e747a9e2@group-958034FB3CB9-LeaderElection13] INFO  server.RaftServerConfigKeys (ConfUtils.java:logGet(44)) - raft.server.log.appender.snapshot.chunk.size.max = 16MB (=16777216) (default)
2021-11-15 10:00:56,909 [a5208437-b67a-4a59-91c1-79d4e747a9e2@group-958034FB3CB9-LeaderElection13] INFO  server.RaftServerConfigKeys (ConfUtils.java:logGet(44)) - raft.server.log.appender.buffer.byte-limit = 33554432 (custom)
2021-11-15 10:00:56,910 [a5208437-b67a-4a59-91c1-79d4e747a9e2@group-958034FB3CB9-LeaderElection13] INFO  server.RaftServerConfigKeys (ConfUtils.java:logGet(44)) - raft.server.log.appender.buffer.element-limit = 1 (custom)
2021-11-15 10:00:56,910 [a5208437-b67a-4a59-91c1-79d4e747a9e2@group-958034FB3CB9-LeaderElection13] INFO  grpc.GrpcConfigKeys (ConfUtils.java:logGet(44)) - raft.grpc.server.leader.outstanding.appends.max = 128 (default)
2021-11-15 10:00:56,910 [a5208437-b67a-4a59-91c1-79d4e747a9e2@group-958034FB3CB9-LeaderElection13] INFO  server.RaftServerConfigKeys (ConfUtils.java:logGet(44)) - raft.server.rpc.request.timeout = 3000ms (default)
2021-11-15 10:00:56,910 [a5208437-b67a-4a59-91c1-79d4e747a9e2@group-958034FB3CB9-LeaderElection13] INFO  server.RaftServerConfigKeys (ConfUtils.java:logGet(44)) - raft.server.log.appender.install.snapshot.enabled = false (custom)
2021-11-15 10:00:56,910 [a5208437-b67a-4a59-91c1-79d4e747a9e2@group-958034FB3CB9-LeaderElection13] INFO  impl.RoleInfo (RoleInfo.java:updateAndGet(130)) - a5208437-b67a-4a59-91c1-79d4e747a9e2: start a5208437-b67a-4a59-91c1-79d4e747a9e2@group-958034FB3CB9-LeaderStateImpl
2021-11-15 10:00:56,911 [a5208437-b67a-4a59-91c1-79d4e747a9e2@group-958034FB3CB9-LeaderElection13] INFO  segmented.SegmentedRaftLogWorker (SegmentedRaftLogWorker.java:startLogSegment(394)) - a5208437-b67a-4a59-91c1-79d4e747a9e2@group-958034FB3CB9-SegmentedRaftLogWorker: Starting segment from index:0
2021-11-15 10:00:56,913 [EventQueue-PipelineReportForPipelineReportHandler] INFO  pipeline.PipelineManagerImpl (PipelineManagerImpl.java:openPipeline(289)) - Pipeline Pipeline[ Id: 6b80ec7e-7769-4d47-a846-958034fb3cb9, Nodes: a5208437-b67a-4a59-91c1-79d4e747a9e2{ip: 10.1.0.56, host: fv-az12-743.exdb2aeach2ezidoxz41lk3bwg.cx.internal.cloudapp.net, ports: [REPLICATION=43917, RATIS=41529, RATIS_ADMIN=41529, RATIS_SERVER=41529, STANDALONE=36855], networkLocation: /default-rack, certSerialId: null, persistedOpState: IN_SERVICE, persistedOpStateExpiryEpochSec: 0}5120cc87-b9ff-4d81-8e4f-818f73dade45{ip: 10.1.0.56, host: fv-az12-743.exdb2aeach2ezidoxz41lk3bwg.cx.internal.cloudapp.net, ports: [REPLICATION=35699, RATIS=39907, RATIS_ADMIN=39907, RATIS_SERVER=39907, STANDALONE=46197], networkLocation: /default-rack, certSerialId: null, persistedOpState: IN_SERVICE, persistedOpStateExpiryEpochSec: 0}003b3e8b-8375-416f-b9b0-c8bdf761ffc2{ip: 10.1.0.56, host: fv-az12-743.exdb2aeach2ezidoxz41lk3bwg.cx.internal.cloudapp.net, ports: [REPLICATION=36515, RATIS=44495, RATIS_ADMIN=44495, RATIS_SERVER=44495, STANDALONE=34967], networkLocation: /default-rack, certSerialId: null, persistedOpState: IN_SERVICE, persistedOpStateExpiryEpochSec: 0}, ReplicationConfig: RATIS/THREE, State:ALLOCATED, leaderId:a5208437-b67a-4a59-91c1-79d4e747a9e2, CreationTimestamp2021-11-15T10:00:44.363Z[Etc/UTC]] moved to OPEN state
2021-11-15 10:00:56,913 [a5208437-b67a-4a59-91c1-79d4e747a9e2@group-958034FB3CB9-SegmentedRaftLogWorker] INFO  segmented.SegmentedRaftLogWorker (SegmentedRaftLogWorker.java:execute(601)) - a5208437-b67a-4a59-91c1-79d4e747a9e2@group-958034FB3CB9-SegmentedRaftLogWorker: created new log segment /home/runner/work/ozone/ozone/hadoop-ozone/integration-test/target/test-dir/MiniOzoneClusterImpl-b6bde346-cb55-4fad-bd7f-e1da966a93e7/datanode-1/data/ratis/6b80ec7e-7769-4d47-a846-958034fb3cb9/current/log_inprogress_0
2021-11-15 10:00:56,919 [a5208437-b67a-4a59-91c1-79d4e747a9e2@group-958034FB3CB9-LeaderElection13] INFO  server.RaftServer$Division (ServerState.java:setRaftConf(387)) - a5208437-b67a-4a59-91c1-79d4e747a9e2@group-958034FB3CB9: set configuration 0: [5120cc87-b9ff-4d81-8e4f-818f73dade45|rpc:10.1.0.56:39907|dataStream:|priority:0, 003b3e8b-8375-416f-b9b0-c8bdf761ffc2|rpc:10.1.0.56:44495|dataStream:|priority:0, a5208437-b67a-4a59-91c1-79d4e747a9e2|rpc:10.1.0.56:41529|dataStream:|priority:1], old=null
2021-11-15 10:00:56,925 [grpc-default-executor-3] INFO  ratis.XceiverServerRatis (XceiverServerRatis.java:handleLeaderChangedNotification(866)) - Leader change notification received for group: group-958034FB3CB9 with new leaderId: a5208437-b67a-4a59-91c1-79d4e747a9e2
2021-11-15 10:00:56,926 [grpc-default-executor-3] INFO  server.RaftServer$Division (ServerState.java:setLeader(285)) - 003b3e8b-8375-416f-b9b0-c8bdf761ffc2@group-958034FB3CB9: change Leader from null to a5208437-b67a-4a59-91c1-79d4e747a9e2 at term 2 for appendEntries, leader elected after 9651ms
2021-11-15 10:00:56,927 [grpc-default-executor-2] INFO  ratis.XceiverServerRatis (XceiverServerRatis.java:handleLeaderChangedNotification(866)) - Leader change notification received for group: group-958034FB3CB9 with new leaderId: a5208437-b67a-4a59-91c1-79d4e747a9e2
2021-11-15 10:00:56,927 [grpc-default-executor-2] INFO  server.RaftServer$Division (ServerState.java:setLeader(285)) - 5120cc87-b9ff-4d81-8e4f-818f73dade45@group-958034FB3CB9: change Leader from null to a5208437-b67a-4a59-91c1-79d4e747a9e2 at term 2 for appendEntries, leader elected after 10311ms
2021-11-15 10:00:56,931 [grpc-default-executor-3] INFO  server.RaftServer$Division (ServerState.java:setRaftConf(387)) - 003b3e8b-8375-416f-b9b0-c8bdf761ffc2@group-958034FB3CB9: set configuration 0: [5120cc87-b9ff-4d81-8e4f-818f73dade45|rpc:10.1.0.56:39907|dataStream:|priority:0, 003b3e8b-8375-416f-b9b0-c8bdf761ffc2|rpc:10.1.0.56:44495|dataStream:|priority:0, a5208437-b67a-4a59-91c1-79d4e747a9e2|rpc:10.1.0.56:41529|dataStream:|priority:1], old=null
2021-11-15 10:00:56,932 [grpc-default-executor-3] INFO  segmented.SegmentedRaftLogWorker (SegmentedRaftLogWorker.java:startLogSegment(394)) - 003b3e8b-8375-416f-b9b0-c8bdf761ffc2@group-958034FB3CB9-SegmentedRaftLogWorker: Starting segment from index:0
2021-11-15 10:00:56,933 [grpc-default-executor-2] INFO  server.RaftServer$Division (ServerState.java:setRaftConf(387)) - 5120cc87-b9ff-4d81-8e4f-818f73dade45@group-958034FB3CB9: set configuration 0: [5120cc87-b9ff-4d81-8e4f-818f73dade45|rpc:10.1.0.56:39907|dataStream:|priority:0, 003b3e8b-8375-416f-b9b0-c8bdf761ffc2|rpc:10.1.0.56:44495|dataStream:|priority:0, a5208437-b67a-4a59-91c1-79d4e747a9e2|rpc:10.1.0.56:41529|dataStream:|priority:1], old=null
2021-11-15 10:00:56,933 [grpc-default-executor-2] INFO  segmented.SegmentedRaftLogWorker (SegmentedRaftLogWorker.java:startLogSegment(394)) - 5120cc87-b9ff-4d81-8e4f-818f73dade45@group-958034FB3CB9-SegmentedRaftLogWorker: Starting segment from index:0
2021-11-15 10:00:56,934 [5120cc87-b9ff-4d81-8e4f-818f73dade45@group-958034FB3CB9-SegmentedRaftLogWorker] INFO  segmented.SegmentedRaftLogWorker (SegmentedRaftLogWorker.java:execute(601)) - 5120cc87-b9ff-4d81-8e4f-818f73dade45@group-958034FB3CB9-SegmentedRaftLogWorker: created new log segment /home/runner/work/ozone/ozone/hadoop-ozone/integration-test/target/test-dir/MiniOzoneClusterImpl-b6bde346-cb55-4fad-bd7f-e1da966a93e7/datanode-0/data/ratis/6b80ec7e-7769-4d47-a846-958034fb3cb9/current/log_inprogress_0
2021-11-15 10:00:56,935 [003b3e8b-8375-416f-b9b0-c8bdf761ffc2@group-958034FB3CB9-SegmentedRaftLogWorker] INFO  segmented.SegmentedRaftLogWorker (SegmentedRaftLogWorker.java:execute(601)) - 003b3e8b-8375-416f-b9b0-c8bdf761ffc2@group-958034FB3CB9-SegmentedRaftLogWorker: created new log segment /home/runner/work/ozone/ozone/hadoop-ozone/integration-test/target/test-dir/MiniOzoneClusterImpl-b6bde346-cb55-4fad-bd7f-e1da966a93e7/datanode-2/data/ratis/6b80ec7e-7769-4d47-a846-958034fb3cb9/current/log_inprogress_0
2021-11-15 10:00:57,829 [a90e3e6e-a337-4ecb-a7be-5aa85bd5c784@group-4A8E582C3D20-FollowerState] INFO  impl.FollowerState (FollowerState.java:run(134)) - a90e3e6e-a337-4ecb-a7be-5aa85bd5c784@group-4A8E582C3D20-FollowerState: change to CANDIDATE, lastRpcElapsedTime:5040595341ns, electionTimeout:5038ms
2021-11-15 10:00:57,830 [a90e3e6e-a337-4ecb-a7be-5aa85bd5c784@group-4A8E582C3D20-FollowerState] INFO  impl.RoleInfo (RoleInfo.java:shutdownFollowerState(108)) - a90e3e6e-a337-4ecb-a7be-5aa85bd5c784: shutdown a90e3e6e-a337-4ecb-a7be-5aa85bd5c784@group-4A8E582C3D20-FollowerState
2021-11-15 10:00:57,830 [a90e3e6e-a337-4ecb-a7be-5aa85bd5c784@group-4A8E582C3D20-FollowerState] INFO  server.RaftServer$Division (RaftServerImpl.java:setRole(290)) - a90e3e6e-a337-4ecb-a7be-5aa85bd5c784@group-4A8E582C3D20: changes role from  FOLLOWER to CANDIDATE at term 1 for changeToCandidate
2021-11-15 10:00:57,830 [a90e3e6e-a337-4ecb-a7be-5aa85bd5c784@group-4A8E582C3D20-FollowerState] INFO  server.RaftServerConfigKeys (ConfUtils.java:logGet(44)) - raft.server.leaderelection.pre-vote = false (custom)
2021-11-15 10:00:57,830 [a90e3e6e-a337-4ecb-a7be-5aa85bd5c784@group-4A8E582C3D20-FollowerState] INFO  impl.RoleInfo (RoleInfo.java:updateAndGet(130)) - a90e3e6e-a337-4ecb-a7be-5aa85bd5c784: start a90e3e6e-a337-4ecb-a7be-5aa85bd5c784@group-4A8E582C3D20-LeaderElection15
2021-11-15 10:00:57,831 [a90e3e6e-a337-4ecb-a7be-5aa85bd5c784@group-4A8E582C3D20-LeaderElection15] INFO  impl.LeaderElection (LeaderElection.java:askForVotes(306)) - a90e3e6e-a337-4ecb-a7be-5aa85bd5c784@group-4A8E582C3D20-LeaderElection15 ELECTION round 0: submit vote requests at term 2 for -1: [d804d820-4532-49b1-b366-ad6b8b9e72b3|rpc:10.1.0.56:37399|dataStream:|priority:0, a90e3e6e-a337-4ecb-a7be-5aa85bd5c784|rpc:10.1.0.56:44193|dataStream:|priority:0, acb9c8cb-4d3e-4a6b-b679-e47efd30f020|rpc:10.1.0.56:33205|dataStream:|priority:1], old=null
2021-11-15 10:00:57,840 [grpc-default-executor-2] INFO  server.RaftServer$Division (RaftServerImpl.java:requestVote(1046)) - d804d820-4532-49b1-b366-ad6b8b9e72b3@group-4A8E582C3D20: receive requestVote(ELECTION, a90e3e6e-a337-4ecb-a7be-5aa85bd5c784, group-4A8E582C3D20, 2, (t:0, i:0))
2021-11-15 10:00:57,840 [grpc-default-executor-2] INFO  impl.VoteContext (VoteContext.java:log(48)) - d804d820-4532-49b1-b366-ad6b8b9e72b3@group-4A8E582C3D20-FOLLOWER: accept ELECTION from a90e3e6e-a337-4ecb-a7be-5aa85bd5c784: our priority 0 <= candidate's priority 0
2021-11-15 10:00:57,840 [grpc-default-executor-2] INFO  server.RaftServer$Division (RaftServerImpl.java:setRole(290)) - d804d820-4532-49b1-b366-ad6b8b9e72b3@group-4A8E582C3D20: changes role from  FOLLOWER to FOLLOWER at term 2 for candidate:a90e3e6e-a337-4ecb-a7be-5aa85bd5c784
2021-11-15 10:00:57,840 [grpc-default-executor-2] INFO  impl.RoleInfo (RoleInfo.java:shutdownFollowerState(108)) - d804d820-4532-49b1-b366-ad6b8b9e72b3: shutdown d804d820-4532-49b1-b366-ad6b8b9e72b3@group-4A8E582C3D20-FollowerState
2021-11-15 10:00:57,840 [grpc-default-executor-2] INFO  impl.RoleInfo (RoleInfo.java:updateAndGet(130)) - d804d820-4532-49b1-b366-ad6b8b9e72b3: start d804d820-4532-49b1-b366-ad6b8b9e72b3@group-4A8E582C3D20-FollowerState
2021-11-15 10:00:57,842 [grpc-default-executor-2] INFO  server.RaftServer$Division (RaftServerImpl.java:requestVote(1078)) - d804d820-4532-49b1-b366-ad6b8b9e72b3@group-4A8E582C3D20 replies to ELECTION vote request: a90e3e6e-a337-4ecb-a7be-5aa85bd5c784<-d804d820-4532-49b1-b366-ad6b8b9e72b3#0:OK-t2. Peer's state: d804d820-4532-49b1-b366-ad6b8b9e72b3@group-4A8E582C3D20:t2, leader=null, voted=a90e3e6e-a337-4ecb-a7be-5aa85bd5c784, raftlog=d804d820-4532-49b1-b366-ad6b8b9e72b3@group-4A8E582C3D20-SegmentedRaftLog:OPENED:c-1, conf=-1: [d804d820-4532-49b1-b366-ad6b8b9e72b3|rpc:10.1.0.56:37399|dataStream:|priority:0, a90e3e6e-a337-4ecb-a7be-5aa85bd5c784|rpc:10.1.0.56:44193|dataStream:|priority:0, acb9c8cb-4d3e-4a6b-b679-e47efd30f020|rpc:10.1.0.56:33205|dataStream:|priority:1], old=null
2021-11-15 10:00:57,847 [d804d820-4532-49b1-b366-ad6b8b9e72b3@group-4A8E582C3D20-FollowerState] INFO  impl.FollowerState (FollowerState.java:run(134)) - d804d820-4532-49b1-b366-ad6b8b9e72b3@group-4A8E582C3D20-FollowerState: change to CANDIDATE, lastRpcElapsedTime:5059623457ns, electionTimeout:5051ms
2021-11-15 10:00:57,847 [grpc-default-executor-3] INFO  server.RaftServer$Division (RaftServerImpl.java:requestVote(1046)) - acb9c8cb-4d3e-4a6b-b679-e47efd30f020@group-4A8E582C3D20: receive requestVote(ELECTION, a90e3e6e-a337-4ecb-a7be-5aa85bd5c784, group-4A8E582C3D20, 2, (t:0, i:0))
2021-11-15 10:00:57,848 [d804d820-4532-49b1-b366-ad6b8b9e72b3@group-4A8E582C3D20-FollowerState] INFO  impl.RoleInfo (RoleInfo.java:shutdownFollowerState(108)) - d804d820-4532-49b1-b366-ad6b8b9e72b3: shutdown d804d820-4532-49b1-b366-ad6b8b9e72b3@group-4A8E582C3D20-FollowerState
2021-11-15 10:00:57,849 [d804d820-4532-49b1-b366-ad6b8b9e72b3@group-4A8E582C3D20-FollowerState] INFO  server.RaftServer$Division (RaftServerImpl.java:setRole(290)) - d804d820-4532-49b1-b366-ad6b8b9e72b3@group-4A8E582C3D20: changes role from  FOLLOWER to CANDIDATE at term 2 for changeToCandidate
2021-11-15 10:00:57,849 [grpc-default-executor-3] INFO  impl.VoteContext (VoteContext.java:log(48)) - acb9c8cb-4d3e-4a6b-b679-e47efd30f020@group-4A8E582C3D20-FOLLOWER: reject ELECTION from a90e3e6e-a337-4ecb-a7be-5aa85bd5c784: our priority 1 > candidate's priority 0
2021-11-15 10:00:57,849 [grpc-default-executor-3] INFO  server.RaftServer$Division (RaftServerImpl.java:setRole(290)) - acb9c8cb-4d3e-4a6b-b679-e47efd30f020@group-4A8E582C3D20: changes role from  FOLLOWER to FOLLOWER at term 2 for candidate:a90e3e6e-a337-4ecb-a7be-5aa85bd5c784
2021-11-15 10:00:57,849 [grpc-default-executor-3] INFO  impl.RoleInfo (RoleInfo.java:shutdownFollowerState(108)) - acb9c8cb-4d3e-4a6b-b679-e47efd30f020: shutdown acb9c8cb-4d3e-4a6b-b679-e47efd30f020@group-4A8E582C3D20-FollowerState
2021-11-15 10:00:57,849 [grpc-default-executor-3] INFO  impl.RoleInfo (RoleInfo.java:updateAndGet(130)) - acb9c8cb-4d3e-4a6b-b679-e47efd30f020: start acb9c8cb-4d3e-4a6b-b679-e47efd30f020@group-4A8E582C3D20-FollowerState
2021-11-15 10:00:57,849 [acb9c8cb-4d3e-4a6b-b679-e47efd30f020@group-4A8E582C3D20-FollowerState] INFO  impl.FollowerState (FollowerState.java:run(143)) - acb9c8cb-4d3e-4a6b-b679-e47efd30f020@group-4A8E582C3D20-FollowerState was interrupted: {}
java.lang.InterruptedException: sleep interrupted
	at java.lang.Thread.sleep(Native Method)
	at java.lang.Thread.sleep(Thread.java:340)
	at java.util.concurrent.TimeUnit.sleep(TimeUnit.java:386)
	at org.apache.ratis.util.TimeDuration.sleep(TimeDuration.java:324)
	at org.apache.ratis.util.TimeDuration.sleep(TimeDuration.java:309)
	at org.apache.ratis.server.impl.FollowerState.run(FollowerState.java:118)
2021-11-15 10:00:57,849 [d804d820-4532-49b1-b366-ad6b8b9e72b3@group-4A8E582C3D20-FollowerState] INFO  server.RaftServerConfigKeys (ConfUtils.java:logGet(44)) - raft.server.leaderelection.pre-vote = false (custom)
2021-11-15 10:00:57,849 [d804d820-4532-49b1-b366-ad6b8b9e72b3@group-4A8E582C3D20-FollowerState] INFO  impl.FollowerState (FollowerState.java:run(143)) - d804d820-4532-49b1-b366-ad6b8b9e72b3@group-4A8E582C3D20-FollowerState was interrupted: {}
java.lang.InterruptedException: sleep interrupted
	at java.lang.Thread.sleep(Native Method)
	at java.lang.Thread.sleep(Thread.java:340)
	at java.util.concurrent.TimeUnit.sleep(TimeUnit.java:386)
	at org.apache.ratis.util.TimeDuration.sleep(TimeDuration.java:324)
	at org.apache.ratis.util.TimeDuration.sleep(TimeDuration.java:309)
	at org.apache.ratis.server.impl.FollowerState.run(FollowerState.java:118)
2021-11-15 10:00:57,849 [d804d820-4532-49b1-b366-ad6b8b9e72b3@group-4A8E582C3D20-FollowerState] INFO  impl.RoleInfo (RoleInfo.java:updateAndGet(130)) - d804d820-4532-49b1-b366-ad6b8b9e72b3: start d804d820-4532-49b1-b366-ad6b8b9e72b3@group-4A8E582C3D20-LeaderElection16
2021-11-15 10:00:57,850 [grpc-default-executor-3] INFO  server.RaftServer$Division (RaftServerImpl.java:requestVote(1078)) - acb9c8cb-4d3e-4a6b-b679-e47efd30f020@group-4A8E582C3D20 replies to ELECTION vote request: a90e3e6e-a337-4ecb-a7be-5aa85bd5c784<-acb9c8cb-4d3e-4a6b-b679-e47efd30f020#0:FAIL-t2. Peer's state: acb9c8cb-4d3e-4a6b-b679-e47efd30f020@group-4A8E582C3D20:t2, leader=null, voted=null, raftlog=acb9c8cb-4d3e-4a6b-b679-e47efd30f020@group-4A8E582C3D20-SegmentedRaftLog:OPENED:c-1, conf=-1: [d804d820-4532-49b1-b366-ad6b8b9e72b3|rpc:10.1.0.56:37399|priority:0, a90e3e6e-a337-4ecb-a7be-5aa85bd5c784|rpc:10.1.0.56:44193|priority:0, acb9c8cb-4d3e-4a6b-b679-e47efd30f020|rpc:10.1.0.56:33205|priority:1], old=null
2021-11-15 10:00:57,852 [d804d820-4532-49b1-b366-ad6b8b9e72b3@group-4A8E582C3D20-LeaderElection16] INFO  impl.LeaderElection (LeaderElection.java:askForVotes(306)) - d804d820-4532-49b1-b366-ad6b8b9e72b3@group-4A8E582C3D20-LeaderElection16 ELECTION round 0: submit vote requests at term 3 for -1: [d804d820-4532-49b1-b366-ad6b8b9e72b3|rpc:10.1.0.56:37399|dataStream:|priority:0, a90e3e6e-a337-4ecb-a7be-5aa85bd5c784|rpc:10.1.0.56:44193|dataStream:|priority:0, acb9c8cb-4d3e-4a6b-b679-e47efd30f020|rpc:10.1.0.56:33205|dataStream:|priority:1], old=null
2021-11-15 10:00:57,852 [a90e3e6e-a337-4ecb-a7be-5aa85bd5c784@group-4A8E582C3D20-LeaderElection15] INFO  impl.LeaderElection (LeaderElection.java:logAndReturn(89)) - a90e3e6e-a337-4ecb-a7be-5aa85bd5c784@group-4A8E582C3D20-LeaderElection15: ELECTION REJECTED received 2 response(s) and 0 exception(s):
2021-11-15 10:00:57,859 [a90e3e6e-a337-4ecb-a7be-5aa85bd5c784@group-4A8E582C3D20-LeaderElection15] INFO  impl.LeaderElection (LeaderElection.java:logAndReturn(93)) -   Response 0: a90e3e6e-a337-4ecb-a7be-5aa85bd5c784<-d804d820-4532-49b1-b366-ad6b8b9e72b3#0:OK-t2
2021-11-15 10:00:57,859 [a90e3e6e-a337-4ecb-a7be-5aa85bd5c784@group-4A8E582C3D20-LeaderElection15] INFO  impl.LeaderElection (LeaderElection.java:logAndReturn(93)) -   Response 1: a90e3e6e-a337-4ecb-a7be-5aa85bd5c784<-acb9c8cb-4d3e-4a6b-b679-e47efd30f020#0:FAIL-t2
2021-11-15 10:00:57,860 [a90e3e6e-a337-4ecb-a7be-5aa85bd5c784@group-4A8E582C3D20-LeaderElection15] INFO  impl.LeaderElection (LeaderElection.java:askForVotes(308)) - a90e3e6e-a337-4ecb-a7be-5aa85bd5c784@group-4A8E582C3D20-LeaderElection15 ELECTION round 0: result REJECTED
2021-11-15 10:00:57,860 [a90e3e6e-a337-4ecb-a7be-5aa85bd5c784@group-4A8E582C3D20-LeaderElection15] INFO  server.RaftServer$Division (RaftServerImpl.java:setRole(290)) - a90e3e6e-a337-4ecb-a7be-5aa85bd5c784@group-4A8E582C3D20: changes role from CANDIDATE to FOLLOWER at term 2 for REJECTED
2021-11-15 10:00:57,860 [a90e3e6e-a337-4ecb-a7be-5aa85bd5c784@group-4A8E582C3D20-LeaderElection15] INFO  impl.RoleInfo (RoleInfo.java:shutdownLeaderElection(121)) - a90e3e6e-a337-4ecb-a7be-5aa85bd5c784: shutdown a90e3e6e-a337-4ecb-a7be-5aa85bd5c784@group-4A8E582C3D20-LeaderElection15
2021-11-15 10:00:57,860 [a90e3e6e-a337-4ecb-a7be-5aa85bd5c784@group-4A8E582C3D20-LeaderElection15] INFO  impl.RoleInfo (RoleInfo.java:updateAndGet(130)) - a90e3e6e-a337-4ecb-a7be-5aa85bd5c784: start a90e3e6e-a337-4ecb-a7be-5aa85bd5c784@group-4A8E582C3D20-FollowerState
2021-11-15 10:00:57,875 [grpc-default-executor-3] INFO  server.RaftServer$Division (RaftServerImpl.java:requestVote(1046)) - a90e3e6e-a337-4ecb-a7be-5aa85bd5c784@group-4A8E582C3D20: receive requestVote(ELECTION, d804d820-4532-49b1-b366-ad6b8b9e72b3, group-4A8E582C3D20, 3, (t:0, i:0))
2021-11-15 10:00:57,876 [grpc-default-executor-3] INFO  impl.VoteContext (VoteContext.java:log(48)) - a90e3e6e-a337-4ecb-a7be-5aa85bd5c784@group-4A8E582C3D20-FOLLOWER: accept ELECTION from d804d820-4532-49b1-b366-ad6b8b9e72b3: our priority 0 <= candidate's priority 0
2021-11-15 10:00:57,876 [grpc-default-executor-3] INFO  server.RaftServer$Division (RaftServerImpl.java:setRole(290)) - a90e3e6e-a337-4ecb-a7be-5aa85bd5c784@group-4A8E582C3D20: changes role from  FOLLOWER to FOLLOWER at term 3 for candidate:d804d820-4532-49b1-b366-ad6b8b9e72b3
2021-11-15 10:00:57,876 [grpc-default-executor-3] INFO  impl.RoleInfo (RoleInfo.java:shutdownFollowerState(108)) - a90e3e6e-a337-4ecb-a7be-5aa85bd5c784: shutdown a90e3e6e-a337-4ecb-a7be-5aa85bd5c784@group-4A8E582C3D20-FollowerState
2021-11-15 10:00:57,876 [grpc-default-executor-3] INFO  impl.RoleInfo (RoleInfo.java:updateAndGet(130)) - a90e3e6e-a337-4ecb-a7be-5aa85bd5c784: start a90e3e6e-a337-4ecb-a7be-5aa85bd5c784@group-4A8E582C3D20-FollowerState
2021-11-15 10:00:57,876 [a90e3e6e-a337-4ecb-a7be-5aa85bd5c784@group-4A8E582C3D20-FollowerState] INFO  impl.FollowerState (FollowerState.java:run(143)) - a90e3e6e-a337-4ecb-a7be-5aa85bd5c784@group-4A8E582C3D20-FollowerState was interrupted: {}
java.lang.InterruptedException: sleep interrupted
	at java.lang.Thread.sleep(Native Method)
	at java.lang.Thread.sleep(Thread.java:340)
	at java.util.concurrent.TimeUnit.sleep(TimeUnit.java:386)
	at org.apache.ratis.util.TimeDuration.sleep(TimeDuration.java:324)
	at org.apache.ratis.util.TimeDuration.sleep(TimeDuration.java:309)
	at org.apache.ratis.server.impl.FollowerState.run(FollowerState.java:118)
2021-11-15 10:00:57,883 [grpc-default-executor-3] INFO  server.RaftServer$Division (RaftServerImpl.java:requestVote(1078)) - a90e3e6e-a337-4ecb-a7be-5aa85bd5c784@group-4A8E582C3D20 replies to ELECTION vote request: d804d820-4532-49b1-b366-ad6b8b9e72b3<-a90e3e6e-a337-4ecb-a7be-5aa85bd5c784#0:OK-t3. Peer's state: a90e3e6e-a337-4ecb-a7be-5aa85bd5c784@group-4A8E582C3D20:t3, leader=null, voted=d804d820-4532-49b1-b366-ad6b8b9e72b3, raftlog=a90e3e6e-a337-4ecb-a7be-5aa85bd5c784@group-4A8E582C3D20-SegmentedRaftLog:OPENED:c-1, conf=-1: [d804d820-4532-49b1-b366-ad6b8b9e72b3|rpc:10.1.0.56:37399|dataStream:|priority:0, a90e3e6e-a337-4ecb-a7be-5aa85bd5c784|rpc:10.1.0.56:44193|dataStream:|priority:0, acb9c8cb-4d3e-4a6b-b679-e47efd30f020|rpc:10.1.0.56:33205|dataStream:|priority:1], old=null
2021-11-15 10:00:57,889 [grpc-default-executor-3] INFO  server.RaftServer$Division (RaftServerImpl.java:requestVote(1046)) - acb9c8cb-4d3e-4a6b-b679-e47efd30f020@group-4A8E582C3D20: receive requestVote(ELECTION, d804d820-4532-49b1-b366-ad6b8b9e72b3, group-4A8E582C3D20, 3, (t:0, i:0))
2021-11-15 10:00:57,889 [grpc-default-executor-3] INFO  impl.VoteContext (VoteContext.java:log(48)) - acb9c8cb-4d3e-4a6b-b679-e47efd30f020@group-4A8E582C3D20-FOLLOWER: reject ELECTION from d804d820-4532-49b1-b366-ad6b8b9e72b3: our priority 1 > candidate's priority 0
2021-11-15 10:00:57,889 [grpc-default-executor-3] INFO  server.RaftServer$Division (RaftServerImpl.java:setRole(290)) - acb9c8cb-4d3e-4a6b-b679-e47efd30f020@group-4A8E582C3D20: changes role from  FOLLOWER to FOLLOWER at term 3 for candidate:d804d820-4532-49b1-b366-ad6b8b9e72b3
2021-11-15 10:00:57,889 [grpc-default-executor-3] INFO  impl.RoleInfo (RoleInfo.java:shutdownFollowerState(108)) - acb9c8cb-4d3e-4a6b-b679-e47efd30f020: shutdown acb9c8cb-4d3e-4a6b-b679-e47efd30f020@group-4A8E582C3D20-FollowerState
2021-11-15 10:00:57,889 [grpc-default-executor-3] INFO  impl.RoleInfo (RoleInfo.java:updateAndGet(130)) - acb9c8cb-4d3e-4a6b-b679-e47efd30f020: start acb9c8cb-4d3e-4a6b-b679-e47efd30f020@group-4A8E582C3D20-FollowerState
2021-11-15 10:00:57,889 [acb9c8cb-4d3e-4a6b-b679-e47efd30f020@group-4A8E582C3D20-FollowerState] INFO  impl.FollowerState (FollowerState.java:run(143)) - acb9c8cb-4d3e-4a6b-b679-e47efd30f020@group-4A8E582C3D20-FollowerState was interrupted: {}
java.lang.InterruptedException: sleep interrupted
	at java.lang.Thread.sleep(Native Method)
	at java.lang.Thread.sleep(Thread.java:340)
	at java.util.concurrent.TimeUnit.sleep(TimeUnit.java:386)
	at org.apache.ratis.util.TimeDuration.sleep(TimeDuration.java:324)
	at org.apache.ratis.util.TimeDuration.sleep(TimeDuration.java:309)
	at org.apache.ratis.server.impl.FollowerState.run(FollowerState.java:118)
2021-11-15 10:00:57,899 [grpc-default-executor-3] INFO  server.RaftServer$Division (RaftServerImpl.java:requestVote(1078)) - acb9c8cb-4d3e-4a6b-b679-e47efd30f020@group-4A8E582C3D20 replies to ELECTION vote request: d804d820-4532-49b1-b366-ad6b8b9e72b3<-acb9c8cb-4d3e-4a6b-b679-e47efd30f020#0:FAIL-t3. Peer's state: acb9c8cb-4d3e-4a6b-b679-e47efd30f020@group-4A8E582C3D20:t3, leader=null, voted=null, raftlog=acb9c8cb-4d3e-4a6b-b679-e47efd30f020@group-4A8E582C3D20-SegmentedRaftLog:OPENED:c-1, conf=-1: [d804d820-4532-49b1-b366-ad6b8b9e72b3|rpc:10.1.0.56:37399|priority:0, a90e3e6e-a337-4ecb-a7be-5aa85bd5c784|rpc:10.1.0.56:44193|priority:0, acb9c8cb-4d3e-4a6b-b679-e47efd30f020|rpc:10.1.0.56:33205|priority:1], old=null
2021-11-15 10:00:57,908 [d804d820-4532-49b1-b366-ad6b8b9e72b3@group-4A8E582C3D20-LeaderElection16] INFO  impl.LeaderElection (LeaderElection.java:logAndReturn(89)) - d804d820-4532-49b1-b366-ad6b8b9e72b3@group-4A8E582C3D20-LeaderElection16: ELECTION REJECTED received 2 response(s) and 0 exception(s):
2021-11-15 10:00:57,908 [d804d820-4532-49b1-b366-ad6b8b9e72b3@group-4A8E582C3D20-LeaderElection16] INFO  impl.LeaderElection (LeaderElection.java:logAndReturn(93)) -   Response 0: d804d820-4532-49b1-b366-ad6b8b9e72b3<-a90e3e6e-a337-4ecb-a7be-5aa85bd5c784#0:OK-t3
2021-11-15 10:00:57,908 [d804d820-4532-49b1-b366-ad6b8b9e72b3@group-4A8E582C3D20-LeaderElection16] INFO  impl.LeaderElection (LeaderElection.java:logAndReturn(93)) -   Response 1: d804d820-4532-49b1-b366-ad6b8b9e72b3<-acb9c8cb-4d3e-4a6b-b679-e47efd30f020#0:FAIL-t3
2021-11-15 10:00:57,908 [d804d820-4532-49b1-b366-ad6b8b9e72b3@group-4A8E582C3D20-LeaderElection16] INFO  impl.LeaderElection (LeaderElection.java:askForVotes(308)) - d804d820-4532-49b1-b366-ad6b8b9e72b3@group-4A8E582C3D20-LeaderElection16 ELECTION round 0: result REJECTED
2021-11-15 10:00:57,908 [d804d820-4532-49b1-b366-ad6b8b9e72b3@group-4A8E582C3D20-LeaderElection16] INFO  server.RaftServer$Division (RaftServerImpl.java:setRole(290)) - d804d820-4532-49b1-b366-ad6b8b9e72b3@group-4A8E582C3D20: changes role from CANDIDATE to FOLLOWER at term 3 for REJECTED
2021-11-15 10:00:57,909 [d804d820-4532-49b1-b366-ad6b8b9e72b3@group-4A8E582C3D20-LeaderElection16] INFO  impl.RoleInfo (RoleInfo.java:shutdownLeaderElection(121)) - d804d820-4532-49b1-b366-ad6b8b9e72b3: shutdown d804d820-4532-49b1-b366-ad6b8b9e72b3@group-4A8E582C3D20-LeaderElection16
2021-11-15 10:00:57,909 [d804d820-4532-49b1-b366-ad6b8b9e72b3@group-4A8E582C3D20-LeaderElection16] INFO  impl.RoleInfo (RoleInfo.java:updateAndGet(130)) - d804d820-4532-49b1-b366-ad6b8b9e72b3: start d804d820-4532-49b1-b366-ad6b8b9e72b3@group-4A8E582C3D20-FollowerState
2021-11-15 10:00:57,946 [acb9c8cb-4d3e-4a6b-b679-e47efd30f020@group-B155B082459A-FollowerState] INFO  impl.FollowerState (FollowerState.java:run(134)) - acb9c8cb-4d3e-4a6b-b679-e47efd30f020@group-B155B082459A-FollowerState: change to CANDIDATE, lastRpcElapsedTime:5041319140ns, electionTimeout:5039ms
2021-11-15 10:00:57,946 [acb9c8cb-4d3e-4a6b-b679-e47efd30f020@group-B155B082459A-FollowerState] INFO  impl.RoleInfo (RoleInfo.java:shutdownFollowerState(108)) - acb9c8cb-4d3e-4a6b-b679-e47efd30f020: shutdown acb9c8cb-4d3e-4a6b-b679-e47efd30f020@group-B155B082459A-FollowerState
2021-11-15 10:00:57,947 [acb9c8cb-4d3e-4a6b-b679-e47efd30f020@group-B155B082459A-FollowerState] INFO  server.RaftServer$Division (RaftServerImpl.java:setRole(290)) - acb9c8cb-4d3e-4a6b-b679-e47efd30f020@group-B155B082459A: changes role from  FOLLOWER to CANDIDATE at term 1 for changeToCandidate
2021-11-15 10:00:57,947 [acb9c8cb-4d3e-4a6b-b679-e47efd30f020@group-B155B082459A-FollowerState] INFO  server.RaftServerConfigKeys (ConfUtils.java:logGet(44)) - raft.server.leaderelection.pre-vote = false (custom)
2021-11-15 10:00:57,947 [acb9c8cb-4d3e-4a6b-b679-e47efd30f020@group-B155B082459A-FollowerState] INFO  impl.RoleInfo (RoleInfo.java:updateAndGet(130)) - acb9c8cb-4d3e-4a6b-b679-e47efd30f020: start acb9c8cb-4d3e-4a6b-b679-e47efd30f020@group-B155B082459A-LeaderElection17
2021-11-15 10:00:57,950 [acb9c8cb-4d3e-4a6b-b679-e47efd30f020@group-B155B082459A-LeaderElection17] INFO  impl.LeaderElection (LeaderElection.java:askForVotes(306)) - acb9c8cb-4d3e-4a6b-b679-e47efd30f020@group-B155B082459A-LeaderElection17 ELECTION round 0: submit vote requests at term 2 for -1: [d804d820-4532-49b1-b366-ad6b8b9e72b3|rpc:10.1.0.56:37399|priority:1, a90e3e6e-a337-4ecb-a7be-5aa85bd5c784|rpc:10.1.0.56:44193|priority:0, acb9c8cb-4d3e-4a6b-b679-e47efd30f020|rpc:10.1.0.56:33205|priority:0], old=null
2021-11-15 10:00:57,964 [grpc-default-executor-3] INFO  server.RaftServer$Division (RaftServerImpl.java:requestVote(1046)) - d804d820-4532-49b1-b366-ad6b8b9e72b3@group-B155B082459A: receive requestVote(ELECTION, acb9c8cb-4d3e-4a6b-b679-e47efd30f020, group-B155B082459A, 2, (t:0, i:0))
2021-11-15 10:00:57,964 [grpc-default-executor-3] INFO  impl.VoteContext (VoteContext.java:log(48)) - d804d820-4532-49b1-b366-ad6b8b9e72b3@group-B155B082459A-FOLLOWER: reject ELECTION from acb9c8cb-4d3e-4a6b-b679-e47efd30f020: our priority 1 > candidate's priority 0
2021-11-15 10:00:57,964 [grpc-default-executor-3] INFO  server.RaftServer$Division (RaftServerImpl.java:setRole(290)) - d804d820-4532-49b1-b366-ad6b8b9e72b3@group-B155B082459A: changes role from  FOLLOWER to FOLLOWER at term 2 for candidate:acb9c8cb-4d3e-4a6b-b679-e47efd30f020
2021-11-15 10:00:57,964 [grpc-default-executor-3] INFO  impl.RoleInfo (RoleInfo.java:shutdownFollowerState(108)) - d804d820-4532-49b1-b366-ad6b8b9e72b3: shutdown d804d820-4532-49b1-b366-ad6b8b9e72b3@group-B155B082459A-FollowerState
2021-11-15 10:00:57,964 [grpc-default-executor-3] INFO  impl.RoleInfo (RoleInfo.java:updateAndGet(130)) - d804d820-4532-49b1-b366-ad6b8b9e72b3: start d804d820-4532-49b1-b366-ad6b8b9e72b3@group-B155B082459A-FollowerState
2021-11-15 10:00:57,964 [d804d820-4532-49b1-b366-ad6b8b9e72b3@group-B155B082459A-FollowerState] INFO  impl.FollowerState (FollowerState.java:run(143)) - d804d820-4532-49b1-b366-ad6b8b9e72b3@group-B155B082459A-FollowerState was interrupted: {}
java.lang.InterruptedException: sleep interrupted
	at java.lang.Thread.sleep(Native Method)
	at java.lang.Thread.sleep(Thread.java:340)
	at java.util.concurrent.TimeUnit.sleep(TimeUnit.java:386)
	at org.apache.ratis.util.TimeDuration.sleep(TimeDuration.java:324)
	at org.apache.ratis.util.TimeDuration.sleep(TimeDuration.java:309)
	at org.apache.ratis.server.impl.FollowerState.run(FollowerState.java:118)
2021-11-15 10:00:57,966 [grpc-default-executor-3] INFO  server.RaftServer$Division (RaftServerImpl.java:requestVote(1078)) - d804d820-4532-49b1-b366-ad6b8b9e72b3@group-B155B082459A replies to ELECTION vote request: acb9c8cb-4d3e-4a6b-b679-e47efd30f020<-d804d820-4532-49b1-b366-ad6b8b9e72b3#0:FAIL-t2. Peer's state: d804d820-4532-49b1-b366-ad6b8b9e72b3@group-B155B082459A:t2, leader=null, voted=null, raftlog=d804d820-4532-49b1-b366-ad6b8b9e72b3@group-B155B082459A-SegmentedRaftLog:OPENED:c-1, conf=-1: [d804d820-4532-49b1-b366-ad6b8b9e72b3|rpc:10.1.0.56:37399|priority:1, a90e3e6e-a337-4ecb-a7be-5aa85bd5c784|rpc:10.1.0.56:44193|priority:0, acb9c8cb-4d3e-4a6b-b679-e47efd30f020|rpc:10.1.0.56:33205|priority:0], old=null
2021-11-15 10:00:57,968 [acb9c8cb-4d3e-4a6b-b679-e47efd30f020@group-B155B082459A-LeaderElection17] INFO  impl.LeaderElection (LeaderElection.java:logAndReturn(89)) - acb9c8cb-4d3e-4a6b-b679-e47efd30f020@group-B155B082459A-LeaderElection17: ELECTION REJECTED received 1 response(s) and 0 exception(s):
2021-11-15 10:00:57,968 [acb9c8cb-4d3e-4a6b-b679-e47efd30f020@group-B155B082459A-LeaderElection17] INFO  impl.LeaderElection (LeaderElection.java:logAndReturn(93)) -   Response 0: acb9c8cb-4d3e-4a6b-b679-e47efd30f020<-d804d820-4532-49b1-b366-ad6b8b9e72b3#0:FAIL-t2
2021-11-15 10:00:57,968 [acb9c8cb-4d3e-4a6b-b679-e47efd30f020@group-B155B082459A-LeaderElection17] INFO  impl.LeaderElection (LeaderElection.java:askForVotes(308)) - acb9c8cb-4d3e-4a6b-b679-e47efd30f020@group-B155B082459A-LeaderElection17 ELECTION round 0: result REJECTED
2021-11-15 10:00:57,968 [acb9c8cb-4d3e-4a6b-b679-e47efd30f020@group-B155B082459A-LeaderElection17] INFO  server.RaftServer$Division (RaftServerImpl.java:setRole(290)) - acb9c8cb-4d3e-4a6b-b679-e47efd30f020@group-B155B082459A: changes role from CANDIDATE to FOLLOWER at term 2 for REJECTED
2021-11-15 10:00:57,968 [acb9c8cb-4d3e-4a6b-b679-e47efd30f020@group-B155B082459A-LeaderElection17] INFO  impl.RoleInfo (RoleInfo.java:shutdownLeaderElection(121)) - acb9c8cb-4d3e-4a6b-b679-e47efd30f020: shutdown acb9c8cb-4d3e-4a6b-b679-e47efd30f020@group-B155B082459A-LeaderElection17
2021-11-15 10:00:57,968 [acb9c8cb-4d3e-4a6b-b679-e47efd30f020@group-B155B082459A-LeaderElection17] INFO  impl.RoleInfo (RoleInfo.java:updateAndGet(130)) - acb9c8cb-4d3e-4a6b-b679-e47efd30f020: start acb9c8cb-4d3e-4a6b-b679-e47efd30f020@group-B155B082459A-FollowerState
2021-11-15 10:00:57,976 [grpc-default-executor-3] INFO  server.RaftServer$Division (RaftServerImpl.java:requestVote(1046)) - a90e3e6e-a337-4ecb-a7be-5aa85bd5c784@group-B155B082459A: receive requestVote(ELECTION, acb9c8cb-4d3e-4a6b-b679-e47efd30f020, group-B155B082459A, 2, (t:0, i:0))
2021-11-15 10:00:57,977 [grpc-default-executor-3] INFO  impl.VoteContext (VoteContext.java:log(48)) - a90e3e6e-a337-4ecb-a7be-5aa85bd5c784@group-B155B082459A-FOLLOWER: accept ELECTION from acb9c8cb-4d3e-4a6b-b679-e47efd30f020: our priority 0 <= candidate's priority 0
2021-11-15 10:00:57,977 [grpc-default-executor-3] INFO  server.RaftServer$Division (RaftServerImpl.java:setRole(290)) - a90e3e6e-a337-4ecb-a7be-5aa85bd5c784@group-B155B082459A: changes role from  FOLLOWER to FOLLOWER at term 2 for candidate:acb9c8cb-4d3e-4a6b-b679-e47efd30f020
2021-11-15 10:00:57,977 [grpc-default-executor-3] INFO  impl.RoleInfo (RoleInfo.java:shutdownFollowerState(108)) - a90e3e6e-a337-4ecb-a7be-5aa85bd5c784: shutdown a90e3e6e-a337-4ecb-a7be-5aa85bd5c784@group-B155B082459A-FollowerState
2021-11-15 10:00:57,977 [grpc-default-executor-3] INFO  impl.RoleInfo (RoleInfo.java:updateAndGet(130)) - a90e3e6e-a337-4ecb-a7be-5aa85bd5c784: start a90e3e6e-a337-4ecb-a7be-5aa85bd5c784@group-B155B082459A-FollowerState
2021-11-15 10:00:57,977 [a90e3e6e-a337-4ecb-a7be-5aa85bd5c784@group-B155B082459A-FollowerState] INFO  impl.FollowerState (FollowerState.java:run(143)) - a90e3e6e-a337-4ecb-a7be-5aa85bd5c784@group-B155B082459A-FollowerState was interrupted: {}
java.lang.InterruptedException: sleep interrupted
	at java.lang.Thread.sleep(Native Method)
	at java.lang.Thread.sleep(Thread.java:340)
	at java.util.concurrent.TimeUnit.sleep(TimeUnit.java:386)
	at org.apache.ratis.util.TimeDuration.sleep(TimeDuration.java:324)
	at org.apache.ratis.util.TimeDuration.sleep(TimeDuration.java:309)
	at org.apache.ratis.server.impl.FollowerState.run(FollowerState.java:118)
2021-11-15 10:00:57,979 [grpc-default-executor-3] INFO  server.RaftServer$Division (RaftServerImpl.java:requestVote(1078)) - a90e3e6e-a337-4ecb-a7be-5aa85bd5c784@group-B155B082459A replies to ELECTION vote request: acb9c8cb-4d3e-4a6b-b679-e47efd30f020<-a90e3e6e-a337-4ecb-a7be-5aa85bd5c784#0:OK-t2. Peer's state: a90e3e6e-a337-4ecb-a7be-5aa85bd5c784@group-B155B082459A:t2, leader=null, voted=acb9c8cb-4d3e-4a6b-b679-e47efd30f020, raftlog=a90e3e6e-a337-4ecb-a7be-5aa85bd5c784@group-B155B082459A-SegmentedRaftLog:OPENED:c-1, conf=-1: [d804d820-4532-49b1-b366-ad6b8b9e72b3|rpc:10.1.0.56:37399|dataStream:|priority:1, a90e3e6e-a337-4ecb-a7be-5aa85bd5c784|rpc:10.1.0.56:44193|dataStream:|priority:0, acb9c8cb-4d3e-4a6b-b679-e47efd30f020|rpc:10.1.0.56:33205|dataStream:|priority:0], old=null
2021-11-15 10:00:59,292 [Listener at 127.0.0.1/43215] INFO  ozoneimpl.OzoneContainer (OzoneContainer.java:stop(325)) - Attempting to stop container services.
2021-11-15 10:00:59,294 [Listener at 127.0.0.1/43215] INFO  server.RaftServer (RaftServerProxy.java:lambda$close$6(391)) - 003b3e8b-8375-416f-b9b0-c8bdf761ffc2: close
2021-11-15 10:00:59,295 [Listener at 127.0.0.1/43215] INFO  server.RaftServer$Division (RaftServerImpl.java:lambda$close$4(412)) - 003b3e8b-8375-416f-b9b0-c8bdf761ffc2@group-958034FB3CB9: shutdown
2021-11-15 10:00:59,295 [Listener at 127.0.0.1/43215] INFO  util.JmxRegister (JmxRegister.java:unregister(73)) - Successfully un-registered JMX Bean with object name Ratis:service=RaftServer,group=group-958034FB3CB9,id=003b3e8b-8375-416f-b9b0-c8bdf761ffc2
2021-11-15 10:00:59,295 [Listener at 127.0.0.1/43215] INFO  impl.RoleInfo (RoleInfo.java:shutdownFollowerState(108)) - 003b3e8b-8375-416f-b9b0-c8bdf761ffc2: shutdown 003b3e8b-8375-416f-b9b0-c8bdf761ffc2@group-958034FB3CB9-FollowerState
2021-11-15 10:00:59,295 [Listener at 127.0.0.1/43215] INFO  impl.StateMachineUpdater (StateMachineUpdater.java:stopAndJoin(149)) - 003b3e8b-8375-416f-b9b0-c8bdf761ffc2@group-958034FB3CB9-StateMachineUpdater: set stopIndex = 0
2021-11-15 10:00:59,295 [003b3e8b-8375-416f-b9b0-c8bdf761ffc2@group-958034FB3CB9-FollowerState] INFO  impl.FollowerState (FollowerState.java:run(143)) - 003b3e8b-8375-416f-b9b0-c8bdf761ffc2@group-958034FB3CB9-FollowerState was interrupted: {}
java.lang.InterruptedException: sleep interrupted
	at java.lang.Thread.sleep(Native Method)
	at java.lang.Thread.sleep(Thread.java:340)
	at java.util.concurrent.TimeUnit.sleep(TimeUnit.java:386)
	at org.apache.ratis.util.TimeDuration.sleep(TimeDuration.java:324)
	at org.apache.ratis.util.TimeDuration.sleep(TimeDuration.java:309)
	at org.apache.ratis.server.impl.FollowerState.run(FollowerState.java:118)
2021-11-15 10:00:59,298 [003b3e8b-8375-416f-b9b0-c8bdf761ffc2@group-958034FB3CB9-StateMachineUpdater] INFO  ratis.ContainerStateMachine (ContainerStateMachine.java:takeSnapshot(292)) - group-958034FB3CB9: Taking a snapshot at:(t:2, i:0) file /home/runner/work/ozone/ozone/hadoop-ozone/integration-test/target/test-dir/MiniOzoneClusterImpl-b6bde346-cb55-4fad-bd7f-e1da966a93e7/datanode-2/data/ratis/6b80ec7e-7769-4d47-a846-958034fb3cb9/sm/snapshot.2_0
2021-11-15 10:00:59,306 [ForkJoinPool.commonPool-worker-1] INFO  server.RaftServer$Division (RaftServerImpl.java:lambda$close$4(412)) - 003b3e8b-8375-416f-b9b0-c8bdf761ffc2@group-C68B1A57C8BB: shutdown
2021-11-15 10:00:59,307 [ForkJoinPool.commonPool-worker-1] INFO  util.JmxRegister (JmxRegister.java:unregister(73)) - Successfully un-registered JMX Bean with object name Ratis:service=RaftServer,group=group-C68B1A57C8BB,id=003b3e8b-8375-416f-b9b0-c8bdf761ffc2
2021-11-15 10:00:59,307 [ForkJoinPool.commonPool-worker-1] INFO  impl.RoleInfo (RoleInfo.java:shutdownLeaderState(91)) - 003b3e8b-8375-416f-b9b0-c8bdf761ffc2: shutdown 003b3e8b-8375-416f-b9b0-c8bdf761ffc2@group-C68B1A57C8BB-LeaderStateImpl
2021-11-15 10:00:59,307 [003b3e8b-8375-416f-b9b0-c8bdf761ffc2@group-C68B1A57C8BB->a5208437-b67a-4a59-91c1-79d4e747a9e2-GrpcLogAppender-LogAppenderDaemon] WARN  server.GrpcLogAppender (GrpcLogAppender.java:mayWait(177)) - 003b3e8b-8375-416f-b9b0-c8bdf761ffc2@group-C68B1A57C8BB->a5208437-b67a-4a59-91c1-79d4e747a9e2-GrpcLogAppender: Wait interrupted by java.lang.InterruptedException
2021-11-15 10:00:59,308 [ForkJoinPool.commonPool-worker-1] INFO  impl.PendingRequests (PendingRequests.java:sendNotLeaderResponses(282)) - 003b3e8b-8375-416f-b9b0-c8bdf761ffc2@group-C68B1A57C8BB-PendingRequests: sendNotLeaderResponses
2021-11-15 10:00:59,309 [grpc-default-executor-2] INFO  server.GrpcServerProtocolService (GrpcServerProtocolService.java:onCompleted(140)) - a5208437-b67a-4a59-91c1-79d4e747a9e2: Completed APPEND_ENTRIES, lastRequest: 003b3e8b-8375-416f-b9b0-c8bdf761ffc2->a5208437-b67a-4a59-91c1-79d4e747a9e2#26-t1,previous=(t:1, i:11),leaderCommit=10,initializing? true,entries: size=1, first=(t:1, i:12), METADATAENTRY(c:10)
2021-11-15 10:00:59,308 [003b3e8b-8375-416f-b9b0-c8bdf761ffc2@group-C68B1A57C8BB->5120cc87-b9ff-4d81-8e4f-818f73dade45-GrpcLogAppender-LogAppenderDaemon] WARN  server.GrpcLogAppender (GrpcLogAppender.java:mayWait(177)) - 003b3e8b-8375-416f-b9b0-c8bdf761ffc2@group-C68B1A57C8BB->5120cc87-b9ff-4d81-8e4f-818f73dade45-GrpcLogAppender: Wait interrupted by java.lang.InterruptedException
2021-11-15 10:00:59,314 [grpc-default-executor-2] INFO  server.GrpcServerProtocolService (GrpcServerProtocolService.java:onCompleted(140)) - 5120cc87-b9ff-4d81-8e4f-818f73dade45: Completed APPEND_ENTRIES, lastRequest: 003b3e8b-8375-416f-b9b0-c8bdf761ffc2->5120cc87-b9ff-4d81-8e4f-818f73dade45#28-t1,previous=(t:1, i:11),leaderCommit=10,initializing? true,entries: size=1, first=(t:1, i:12), METADATAENTRY(c:10)
2021-11-15 10:00:59,312 [grpc-default-executor-3] INFO  server.GrpcLogAppender (GrpcLogAppender.java:onCompleted(346)) - 003b3e8b-8375-416f-b9b0-c8bdf761ffc2@group-C68B1A57C8BB->a5208437-b67a-4a59-91c1-79d4e747a9e2-AppendLogResponseHandler: follower responses appendEntries COMPLETED
2021-11-15 10:00:59,317 [grpc-default-executor-3] INFO  leader.FollowerInfo (FollowerInfoImpl.java:lambda$new$0(47)) - 003b3e8b-8375-416f-b9b0-c8bdf761ffc2@group-C68B1A57C8BB->a5208437-b67a-4a59-91c1-79d4e747a9e2: nextIndex: updateUnconditionally 13 -> 12
2021-11-15 10:00:59,317 [grpc-default-executor-2] INFO  server.GrpcLogAppender (GrpcLogAppender.java:onCompleted(346)) - 003b3e8b-8375-416f-b9b0-c8bdf761ffc2@group-C68B1A57C8BB->5120cc87-b9ff-4d81-8e4f-818f73dade45-AppendLogResponseHandler: follower responses appendEntries COMPLETED
2021-11-15 10:00:59,317 [grpc-default-executor-2] INFO  leader.FollowerInfo (FollowerInfoImpl.java:lambda$new$0(47)) - 003b3e8b-8375-416f-b9b0-c8bdf761ffc2@group-C68B1A57C8BB->5120cc87-b9ff-4d81-8e4f-818f73dade45: nextIndex: updateUnconditionally 13 -> 12
2021-11-15 10:00:59,324 [003b3e8b-8375-416f-b9b0-c8bdf761ffc2@group-C68B1A57C8BB-StateMachineUpdater] INFO  ratis.ContainerStateMachine (ContainerStateMachine.java:takeSnapshot(292)) - group-C68B1A57C8BB: Taking a snapshot at:(t:1, i:12) file /home/runner/work/ozone/ozone/hadoop-ozone/integration-test/target/test-dir/MiniOzoneClusterImpl-b6bde346-cb55-4fad-bd7f-e1da966a93e7/datanode-2/data/ratis/33a0542e-f327-46d0-9703-c68b1a57c8bb/sm/snapshot.1_12
2021-11-15 10:00:59,324 [ForkJoinPool.commonPool-worker-1] INFO  impl.StateMachineUpdater (StateMachineUpdater.java:stopAndJoin(149)) - 003b3e8b-8375-416f-b9b0-c8bdf761ffc2@group-C68B1A57C8BB-StateMachineUpdater: set stopIndex = 12
2021-11-15 10:00:59,345 [003b3e8b-8375-416f-b9b0-c8bdf761ffc2@group-958034FB3CB9-StateMachineUpdater] INFO  ratis.ContainerStateMachine (ContainerStateMachine.java:takeSnapshot(303)) - group-958034FB3CB9: Finished taking a snapshot at:(t:2, i:0) file:/home/runner/work/ozone/ozone/hadoop-ozone/integration-test/target/test-dir/MiniOzoneClusterImpl-b6bde346-cb55-4fad-bd7f-e1da966a93e7/datanode-2/data/ratis/6b80ec7e-7769-4d47-a846-958034fb3cb9/sm/snapshot.2_0 took: 49 ms
2021-11-15 10:00:59,346 [003b3e8b-8375-416f-b9b0-c8bdf761ffc2@group-958034FB3CB9-StateMachineUpdater] INFO  impl.StateMachineUpdater (StateMachineUpdater.java:takeSnapshot(281)) - 003b3e8b-8375-416f-b9b0-c8bdf761ffc2@group-958034FB3CB9-StateMachineUpdater: Took a snapshot at index 0
2021-11-15 10:00:59,346 [003b3e8b-8375-416f-b9b0-c8bdf761ffc2@group-958034FB3CB9-StateMachineUpdater] INFO  impl.StateMachineUpdater (StateMachineUpdater.java:lambda$new$0(89)) - 003b3e8b-8375-416f-b9b0-c8bdf761ffc2@group-958034FB3CB9-StateMachineUpdater: snapshotIndex: updateIncreasingly -1 -> 0
2021-11-15 10:00:59,349 [003b3e8b-8375-416f-b9b0-c8bdf761ffc2@group-C68B1A57C8BB-StateMachineUpdater] INFO  ratis.ContainerStateMachine (ContainerStateMachine.java:takeSnapshot(303)) - group-C68B1A57C8BB: Finished taking a snapshot at:(t:1, i:12) file:/home/runner/work/ozone/ozone/hadoop-ozone/integration-test/target/test-dir/MiniOzoneClusterImpl-b6bde346-cb55-4fad-bd7f-e1da966a93e7/datanode-2/data/ratis/33a0542e-f327-46d0-9703-c68b1a57c8bb/sm/snapshot.1_12 took: 25 ms
2021-11-15 10:00:59,349 [003b3e8b-8375-416f-b9b0-c8bdf761ffc2@group-C68B1A57C8BB-StateMachineUpdater] INFO  impl.StateMachineUpdater (StateMachineUpdater.java:takeSnapshot(281)) - 003b3e8b-8375-416f-b9b0-c8bdf761ffc2@group-C68B1A57C8BB-StateMachineUpdater: Took a snapshot at index 12
2021-11-15 10:00:59,349 [003b3e8b-8375-416f-b9b0-c8bdf761ffc2@group-C68B1A57C8BB-StateMachineUpdater] INFO  impl.StateMachineUpdater (StateMachineUpdater.java:lambda$new$0(89)) - 003b3e8b-8375-416f-b9b0-c8bdf761ffc2@group-C68B1A57C8BB-StateMachineUpdater: snapshotIndex: updateIncreasingly -1 -> 12
2021-11-15 10:00:59,351 [ForkJoinPool.commonPool-worker-1] INFO  server.RaftServer$Division (ServerState.java:close(419)) - 003b3e8b-8375-416f-b9b0-c8bdf761ffc2@group-C68B1A57C8BB: closes. applyIndex: 12
2021-11-15 10:00:59,352 [003b3e8b-8375-416f-b9b0-c8bdf761ffc2@group-C68B1A57C8BB-SegmentedRaftLogWorker] INFO  segmented.SegmentedRaftLogWorker (SegmentedRaftLogWorker.java:run(327)) - 003b3e8b-8375-416f-b9b0-c8bdf761ffc2@group-C68B1A57C8BB-SegmentedRaftLogWorker was interrupted, exiting. There are 0 tasks remaining in the queue.
2021-11-15 10:00:59,353 [ForkJoinPool.commonPool-worker-1] INFO  segmented.SegmentedRaftLogWorker (SegmentedRaftLogWorker.java:close(237)) - 003b3e8b-8375-416f-b9b0-c8bdf761ffc2@group-C68B1A57C8BB-SegmentedRaftLogWorker close()
2021-11-15 10:00:59,354 [Listener at 127.0.0.1/43215] INFO  server.RaftServer$Division (ServerState.java:close(419)) - 003b3e8b-8375-416f-b9b0-c8bdf761ffc2@group-958034FB3CB9: closes. applyIndex: 0
2021-11-15 10:00:59,355 [003b3e8b-8375-416f-b9b0-c8bdf761ffc2@group-958034FB3CB9-SegmentedRaftLogWorker] INFO  segmented.SegmentedRaftLogWorker (SegmentedRaftLogWorker.java:run(327)) - 003b3e8b-8375-416f-b9b0-c8bdf761ffc2@group-958034FB3CB9-SegmentedRaftLogWorker was interrupted, exiting. There are 0 tasks remaining in the queue.
2021-11-15 10:00:59,356 [Listener at 127.0.0.1/43215] INFO  segmented.SegmentedRaftLogWorker (SegmentedRaftLogWorker.java:close(237)) - 003b3e8b-8375-416f-b9b0-c8bdf761ffc2@group-958034FB3CB9-SegmentedRaftLogWorker close()
2021-11-15 10:00:59,357 [Listener at 127.0.0.1/43215] INFO  server.RaftServer$Division (RaftServerImpl.java:lambda$close$4(412)) - 003b3e8b-8375-416f-b9b0-c8bdf761ffc2@group-92D9495462DA: shutdown
2021-11-15 10:00:59,357 [Listener at 127.0.0.1/43215] INFO  util.JmxRegister (JmxRegister.java:unregister(73)) - Successfully un-registered JMX Bean with object name Ratis:service=RaftServer,group=group-92D9495462DA,id=003b3e8b-8375-416f-b9b0-c8bdf761ffc2
2021-11-15 10:00:59,357 [Listener at 127.0.0.1/43215] INFO  impl.RoleInfo (RoleInfo.java:shutdownLeaderState(91)) - 003b3e8b-8375-416f-b9b0-c8bdf761ffc2: shutdown 003b3e8b-8375-416f-b9b0-c8bdf761ffc2@group-92D9495462DA-LeaderStateImpl
2021-11-15 10:00:59,357 [Listener at 127.0.0.1/43215] INFO  impl.PendingRequests (PendingRequests.java:sendNotLeaderResponses(282)) - 003b3e8b-8375-416f-b9b0-c8bdf761ffc2@group-92D9495462DA-PendingRequests: sendNotLeaderResponses
2021-11-15 10:00:59,358 [Listener at 127.0.0.1/43215] INFO  impl.StateMachineUpdater (StateMachineUpdater.java:stopAndJoin(149)) - 003b3e8b-8375-416f-b9b0-c8bdf761ffc2@group-92D9495462DA-StateMachineUpdater: set stopIndex = 0
2021-11-15 10:00:59,359 [003b3e8b-8375-416f-b9b0-c8bdf761ffc2@group-92D9495462DA-StateMachineUpdater] INFO  ratis.ContainerStateMachine (ContainerStateMachine.java:takeSnapshot(292)) - group-92D9495462DA: Taking a snapshot at:(t:1, i:0) file /home/runner/work/ozone/ozone/hadoop-ozone/integration-test/target/test-dir/MiniOzoneClusterImpl-b6bde346-cb55-4fad-bd7f-e1da966a93e7/datanode-2/data/ratis/390c5ae0-fb4e-4f8e-abcf-92d9495462da/sm/snapshot.1_0
2021-11-15 10:00:59,360 [003b3e8b-8375-416f-b9b0-c8bdf761ffc2@group-92D9495462DA-StateMachineUpdater] INFO  ratis.ContainerStateMachine (ContainerStateMachine.java:takeSnapshot(303)) - group-92D9495462DA: Finished taking a snapshot at:(t:1, i:0) file:/home/runner/work/ozone/ozone/hadoop-ozone/integration-test/target/test-dir/MiniOzoneClusterImpl-b6bde346-cb55-4fad-bd7f-e1da966a93e7/datanode-2/data/ratis/390c5ae0-fb4e-4f8e-abcf-92d9495462da/sm/snapshot.1_0 took: 1 ms
2021-11-15 10:00:59,360 [003b3e8b-8375-416f-b9b0-c8bdf761ffc2@group-92D9495462DA-StateMachineUpdater] INFO  impl.StateMachineUpdater (StateMachineUpdater.java:takeSnapshot(281)) - 003b3e8b-8375-416f-b9b0-c8bdf761ffc2@group-92D9495462DA-StateMachineUpdater: Took a snapshot at index 0
2021-11-15 10:00:59,360 [003b3e8b-8375-416f-b9b0-c8bdf761ffc2@group-92D9495462DA-StateMachineUpdater] INFO  impl.StateMachineUpdater (StateMachineUpdater.java:lambda$new$0(89)) - 003b3e8b-8375-416f-b9b0-c8bdf761ffc2@group-92D9495462DA-StateMachineUpdater: snapshotIndex: updateIncreasingly -1 -> 0
2021-11-15 10:00:59,360 [Listener at 127.0.0.1/43215] INFO  server.RaftServer$Division (ServerState.java:close(419)) - 003b3e8b-8375-416f-b9b0-c8bdf761ffc2@group-92D9495462DA: closes. applyIndex: 0
2021-11-15 10:00:59,360 [003b3e8b-8375-416f-b9b0-c8bdf761ffc2@group-92D9495462DA-SegmentedRaftLogWorker] INFO  segmented.SegmentedRaftLogWorker (SegmentedRaftLogWorker.java:run(327)) - 003b3e8b-8375-416f-b9b0-c8bdf761ffc2@group-92D9495462DA-SegmentedRaftLogWorker was interrupted, exiting. There are 0 tasks remaining in the queue.
2021-11-15 10:00:59,361 [Listener at 127.0.0.1/43215] INFO  segmented.SegmentedRaftLogWorker (SegmentedRaftLogWorker.java:close(237)) - 003b3e8b-8375-416f-b9b0-c8bdf761ffc2@group-92D9495462DA-SegmentedRaftLogWorker close()
2021-11-15 10:00:59,362 [Listener at 127.0.0.1/43215] INFO  server.GrpcService (GrpcService.java:closeImpl(262)) - 003b3e8b-8375-416f-b9b0-c8bdf761ffc2: shutdown server with port 44495 now
2021-11-15 10:00:59,369 [grpc-default-executor-1] WARN  server.GrpcServerProtocolService (LogUtils.java:warn(122)) - 003b3e8b-8375-416f-b9b0-c8bdf761ffc2: installSnapshot onError, lastRequest: a5208437-b67a-4a59-91c1-79d4e747a9e2->003b3e8b-8375-416f-b9b0-c8bdf761ffc2#1-t2,previous=(t:0, i:0),leaderCommit=0,initializing? true,entries: size=1, first=(t:2, i:0), CONFIGURATIONENTRY: org.apache.ratis.thirdparty.io.grpc.StatusRuntimeException: CANCELLED: client cancelled
2021-11-15 10:00:59,372 [grpc-default-executor-2] WARN  client.GrpcClientProtocolService (LogUtils.java:warn(122)) - 1-UnorderedRequestStreamObserver1: onError: org.apache.ratis.thirdparty.io.grpc.StatusRuntimeException: CANCELLED: client cancelled
2021-11-15 10:00:59,374 [Listener at 127.0.0.1/43215] INFO  server.GrpcService (GrpcService.java:closeImpl(271)) - 003b3e8b-8375-416f-b9b0-c8bdf761ffc2: shutdown server with port 44495 successfully
2021-11-15 10:00:59,375 [org.apache.ratis.util.JvmPauseMonitor$$Lambda$532/1515984292@2a189a08] INFO  util.JvmPauseMonitor (JvmPauseMonitor.java:run(109)) - JvmPauseMonitor-003b3e8b-8375-416f-b9b0-c8bdf761ffc2: Stopped
2021-11-15 10:00:59,377 [grpc-default-executor-2] WARN  server.GrpcLogAppender (LogUtils.java:warn(122)) - a5208437-b67a-4a59-91c1-79d4e747a9e2@group-958034FB3CB9->003b3e8b-8375-416f-b9b0-c8bdf761ffc2-AppendLogResponseHandler: Failed appendEntries: org.apache.ratis.thirdparty.io.grpc.StatusRuntimeException: CANCELLED: HTTP/2 error code: CANCEL
Received Rst Stream
2021-11-15 10:00:59,377 [grpc-default-executor-2] WARN  server.GrpcLogAppender (GrpcLogAppender.java:resetClient(110)) - a5208437-b67a-4a59-91c1-79d4e747a9e2@group-958034FB3CB9->003b3e8b-8375-416f-b9b0-c8bdf761ffc2-GrpcLogAppender: Leader has not got in touch with Follower a5208437-b67a-4a59-91c1-79d4e747a9e2@group-958034FB3CB9->003b3e8b-8375-416f-b9b0-c8bdf761ffc2(c0,m0,n1, attendVote=true, lastRpcSendTime=2452, lastRpcResponseTime=2427) yet, just keep nextIndex unchanged and retry.
2021-11-15 10:00:59,378 [Listener at 127.0.0.1/43215] INFO  utils.BackgroundService (BackgroundService.java:shutdown(132)) - Shutting down service BlockDeletingService
2021-11-15 10:00:59,467 [grpc-default-executor-1] WARN  server.GrpcLogAppender (LogUtils.java:warn(122)) - a5208437-b67a-4a59-91c1-79d4e747a9e2@group-958034FB3CB9->003b3e8b-8375-416f-b9b0-c8bdf761ffc2-AppendLogResponseHandler: Failed appendEntries: org.apache.ratis.thirdparty.io.grpc.StatusRuntimeException: UNAVAILABLE: io exception
2021-11-15 10:00:59,467 [grpc-default-executor-1] WARN  server.GrpcLogAppender (GrpcLogAppender.java:resetClient(110)) - a5208437-b67a-4a59-91c1-79d4e747a9e2@group-958034FB3CB9->003b3e8b-8375-416f-b9b0-c8bdf761ffc2-GrpcLogAppender: Leader has not got in touch with Follower a5208437-b67a-4a59-91c1-79d4e747a9e2@group-958034FB3CB9->003b3e8b-8375-416f-b9b0-c8bdf761ffc2(c0,m0,n1, attendVote=true, lastRpcSendTime=5, lastRpcResponseTime=2516) yet, just keep nextIndex unchanged and retry.
2021-11-15 10:01:01,961 [grpc-default-executor-2] WARN  server.GrpcLogAppender (LogUtils.java:warn(122)) - a5208437-b67a-4a59-91c1-79d4e747a9e2@group-958034FB3CB9->003b3e8b-8375-416f-b9b0-c8bdf761ffc2-AppendLogResponseHandler: Failed appendEntries: org.apache.ratis.thirdparty.io.grpc.StatusRuntimeException: UNAVAILABLE: io exception
2021-11-15 10:01:01,962 [grpc-default-executor-2] WARN  server.GrpcLogAppender (GrpcLogAppender.java:resetClient(110)) - a5208437-b67a-4a59-91c1-79d4e747a9e2@group-958034FB3CB9->003b3e8b-8375-416f-b9b0-c8bdf761ffc2-GrpcLogAppender: Leader has not got in touch with Follower a5208437-b67a-4a59-91c1-79d4e747a9e2@group-958034FB3CB9->003b3e8b-8375-416f-b9b0-c8bdf761ffc2(c0,m0,n1, attendVote=true, lastRpcSendTime=0, lastRpcResponseTime=5012) yet, just keep nextIndex unchanged and retry.
2021-11-15 10:01:02,391 [Listener at 127.0.0.1/43215] INFO  statemachine.DatanodeStateMachine (DatanodeStateMachine.java:stopDaemon(526)) - Ozone container server stopped.
2021-11-15 10:01:02,393 [Listener at 127.0.0.1/43215] INFO  handler.ContextHandler (ContextHandler.java:doStop(1153)) - Stopped o.e.j.w.WebAppContext@133559aa{hddsDatanode,/,null,STOPPED}{jar:file:/home/runner/.m2/repository/org/apache/ozone/hdds-container-service/1.2.0-SNAPSHOT/hdds-container-service-1.2.0-SNAPSHOT.jar!/webapps/hddsDatanode}
2021-11-15 10:01:02,399 [Listener at 127.0.0.1/43215] INFO  server.AbstractConnector (AbstractConnector.java:doStop(381)) - Stopped ServerConnector@6e844a6c{HTTP/1.1, (http/1.1)}{0.0.0.0:0}
2021-11-15 10:01:02,403 [Listener at 127.0.0.1/43215] INFO  server.session (HouseKeeper.java:stopScavenging(149)) - node0 Stopped scavenging
2021-11-15 10:01:02,403 [Listener at 127.0.0.1/43215] INFO  handler.ContextHandler (ContextHandler.java:doStop(1153)) - Stopped o.e.j.s.ServletContextHandler@2bbf5db8{static,/static,jar:file:/home/runner/.m2/repository/org/apache/ozone/hdds-container-service/1.2.0-SNAPSHOT/hdds-container-service-1.2.0-SNAPSHOT.jar!/webapps/static,STOPPED}
2021-11-15 10:01:02,403 [Listener at 127.0.0.1/43215] INFO  handler.ContextHandler (ContextHandler.java:doStop(1153)) - Stopped o.e.j.s.ServletContextHandler@75825b25{logs,/logs,file:///home/runner/work/ozone/ozone/hadoop-ozone/integration-test/target/log,STOPPED}
2021-11-15 10:01:02,935 [a90e3e6e-a337-4ecb-a7be-5aa85bd5c784@group-4A8E582C3D20-FollowerState] INFO  impl.FollowerState (FollowerState.java:run(134)) - a90e3e6e-a337-4ecb-a7be-5aa85bd5c784@group-4A8E582C3D20-FollowerState: change to CANDIDATE, lastRpcElapsedTime:5052161166ns, electionTimeout:5051ms
2021-11-15 10:01:02,935 [a90e3e6e-a337-4ecb-a7be-5aa85bd5c784@group-4A8E582C3D20-FollowerState] INFO  impl.RoleInfo (RoleInfo.java:shutdownFollowerState(108)) - a90e3e6e-a337-4ecb-a7be-5aa85bd5c784: shutdown a90e3e6e-a337-4ecb-a7be-5aa85bd5c784@group-4A8E582C3D20-FollowerState
2021-11-15 10:01:02,935 [a90e3e6e-a337-4ecb-a7be-5aa85bd5c784@group-4A8E582C3D20-FollowerState] INFO  server.RaftServer$Division (RaftServerImpl.java:setRole(290)) - a90e3e6e-a337-4ecb-a7be-5aa85bd5c784@group-4A8E582C3D20: changes role from  FOLLOWER to CANDIDATE at term 3 for changeToCandidate
2021-11-15 10:01:02,935 [a90e3e6e-a337-4ecb-a7be-5aa85bd5c784@group-4A8E582C3D20-FollowerState] INFO  server.RaftServerConfigKeys (ConfUtils.java:logGet(44)) - raft.server.leaderelection.pre-vote = false (custom)
2021-11-15 10:01:02,935 [a90e3e6e-a337-4ecb-a7be-5aa85bd5c784@group-4A8E582C3D20-FollowerState] INFO  impl.RoleInfo (RoleInfo.java:updateAndGet(130)) - a90e3e6e-a337-4ecb-a7be-5aa85bd5c784: start a90e3e6e-a337-4ecb-a7be-5aa85bd5c784@group-4A8E582C3D20-LeaderElection18
2021-11-15 10:01:02,944 [a90e3e6e-a337-4ecb-a7be-5aa85bd5c784@group-4A8E582C3D20-LeaderElection18] INFO  impl.LeaderElection (LeaderElection.java:askForVotes(306)) - a90e3e6e-a337-4ecb-a7be-5aa85bd5c784@group-4A8E582C3D20-LeaderElection18 ELECTION round 0: submit vote requests at term 4 for -1: [d804d820-4532-49b1-b366-ad6b8b9e72b3|rpc:10.1.0.56:37399|dataStream:|priority:0, a90e3e6e-a337-4ecb-a7be-5aa85bd5c784|rpc:10.1.0.56:44193|dataStream:|priority:0, acb9c8cb-4d3e-4a6b-b679-e47efd30f020|rpc:10.1.0.56:33205|dataStream:|priority:1], old=null
2021-11-15 10:01:02,952 [acb9c8cb-4d3e-4a6b-b679-e47efd30f020@group-4A8E582C3D20-FollowerState] INFO  impl.FollowerState (FollowerState.java:run(134)) - acb9c8cb-4d3e-4a6b-b679-e47efd30f020@group-4A8E582C3D20-FollowerState: change to CANDIDATE, lastRpcElapsedTime:5062779031ns, electionTimeout:5045ms
2021-11-15 10:01:02,952 [acb9c8cb-4d3e-4a6b-b679-e47efd30f020@group-4A8E582C3D20-FollowerState] INFO  impl.RoleInfo (RoleInfo.java:shutdownFollowerState(108)) - acb9c8cb-4d3e-4a6b-b679-e47efd30f020: shutdown acb9c8cb-4d3e-4a6b-b679-e47efd30f020@group-4A8E582C3D20-FollowerState
2021-11-15 10:01:02,952 [acb9c8cb-4d3e-4a6b-b679-e47efd30f020@group-4A8E582C3D20-FollowerState] INFO  server.RaftServer$Division (RaftServerImpl.java:setRole(290)) - acb9c8cb-4d3e-4a6b-b679-e47efd30f020@group-4A8E582C3D20: changes role from  FOLLOWER to CANDIDATE at term 3 for changeToCandidate
2021-11-15 10:01:02,960 [acb9c8cb-4d3e-4a6b-b679-e47efd30f020@group-4A8E582C3D20-FollowerState] INFO  server.RaftServerConfigKeys (ConfUtils.java:logGet(44)) - raft.server.leaderelection.pre-vote = false (custom)
2021-11-15 10:01:02,960 [acb9c8cb-4d3e-4a6b-b679-e47efd30f020@group-4A8E582C3D20-FollowerState] INFO  impl.RoleInfo (RoleInfo.java:updateAndGet(130)) - acb9c8cb-4d3e-4a6b-b679-e47efd30f020: start acb9c8cb-4d3e-4a6b-b679-e47efd30f020@group-4A8E582C3D20-LeaderElection19
2021-11-15 10:01:02,960 [grpc-default-executor-2] INFO  server.RaftServer$Division (RaftServerImpl.java:requestVote(1046)) - d804d820-4532-49b1-b366-ad6b8b9e72b3@group-4A8E582C3D20: receive requestVote(ELECTION, a90e3e6e-a337-4ecb-a7be-5aa85bd5c784, group-4A8E582C3D20, 4, (t:0, i:0))
2021-11-15 10:01:02,968 [grpc-default-executor-2] INFO  impl.VoteContext (VoteContext.java:log(48)) - d804d820-4532-49b1-b366-ad6b8b9e72b3@group-4A8E582C3D20-FOLLOWER: accept ELECTION from a90e3e6e-a337-4ecb-a7be-5aa85bd5c784: our priority 0 <= candidate's priority 0
2021-11-15 10:01:02,968 [grpc-default-executor-2] INFO  server.RaftServer$Division (RaftServerImpl.java:setRole(290)) - d804d820-4532-49b1-b366-ad6b8b9e72b3@group-4A8E582C3D20: changes role from  FOLLOWER to FOLLOWER at term 4 for candidate:a90e3e6e-a337-4ecb-a7be-5aa85bd5c784
2021-11-15 10:01:02,968 [grpc-default-executor-2] INFO  impl.RoleInfo (RoleInfo.java:shutdownFollowerState(108)) - d804d820-4532-49b1-b366-ad6b8b9e72b3: shutdown d804d820-4532-49b1-b366-ad6b8b9e72b3@group-4A8E582C3D20-FollowerState
2021-11-15 10:01:02,969 [grpc-default-executor-2] INFO  impl.RoleInfo (RoleInfo.java:updateAndGet(130)) - d804d820-4532-49b1-b366-ad6b8b9e72b3: start d804d820-4532-49b1-b366-ad6b8b9e72b3@group-4A8E582C3D20-FollowerState
2021-11-15 10:01:02,971 [d804d820-4532-49b1-b366-ad6b8b9e72b3@group-4A8E582C3D20-FollowerState] INFO  impl.FollowerState (FollowerState.java:run(143)) - d804d820-4532-49b1-b366-ad6b8b9e72b3@group-4A8E582C3D20-FollowerState was interrupted: {}
java.lang.InterruptedException: sleep interrupted
	at java.lang.Thread.sleep(Native Method)
	at java.lang.Thread.sleep(Thread.java:340)
	at java.util.concurrent.TimeUnit.sleep(TimeUnit.java:386)
	at org.apache.ratis.util.TimeDuration.sleep(TimeDuration.java:324)
	at org.apache.ratis.util.TimeDuration.sleep(TimeDuration.java:309)
	at org.apache.ratis.server.impl.FollowerState.run(FollowerState.java:118)
2021-11-15 10:01:02,974 [grpc-default-executor-2] INFO  server.RaftServer$Division (RaftServerImpl.java:requestVote(1078)) - d804d820-4532-49b1-b366-ad6b8b9e72b3@group-4A8E582C3D20 replies to ELECTION vote request: a90e3e6e-a337-4ecb-a7be-5aa85bd5c784<-d804d820-4532-49b1-b366-ad6b8b9e72b3#0:OK-t4. Peer's state: d804d820-4532-49b1-b366-ad6b8b9e72b3@group-4A8E582C3D20:t4, leader=null, voted=a90e3e6e-a337-4ecb-a7be-5aa85bd5c784, raftlog=d804d820-4532-49b1-b366-ad6b8b9e72b3@group-4A8E582C3D20-SegmentedRaftLog:OPENED:c-1, conf=-1: [d804d820-4532-49b1-b366-ad6b8b9e72b3|rpc:10.1.0.56:37399|dataStream:|priority:0, a90e3e6e-a337-4ecb-a7be-5aa85bd5c784|rpc:10.1.0.56:44193|dataStream:|priority:0, acb9c8cb-4d3e-4a6b-b679-e47efd30f020|rpc:10.1.0.56:33205|dataStream:|priority:1], old=null
2021-11-15 10:01:02,979 [grpc-default-executor-1] INFO  server.RaftServer$Division (RaftServerImpl.java:requestVote(1046)) - acb9c8cb-4d3e-4a6b-b679-e47efd30f020@group-4A8E582C3D20: receive requestVote(ELECTION, a90e3e6e-a337-4ecb-a7be-5aa85bd5c784, group-4A8E582C3D20, 4, (t:0, i:0))
2021-11-15 10:01:02,979 [grpc-default-executor-1] INFO  impl.VoteContext (VoteContext.java:log(48)) - acb9c8cb-4d3e-4a6b-b679-e47efd30f020@group-4A8E582C3D20-CANDIDATE: reject ELECTION from a90e3e6e-a337-4ecb-a7be-5aa85bd5c784: our priority 1 > candidate's priority 0
2021-11-15 10:01:02,979 [grpc-default-executor-1] INFO  server.RaftServer$Division (RaftServerImpl.java:setRole(290)) - acb9c8cb-4d3e-4a6b-b679-e47efd30f020@group-4A8E582C3D20: changes role from CANDIDATE to FOLLOWER at term 4 for candidate:a90e3e6e-a337-4ecb-a7be-5aa85bd5c784
2021-11-15 10:01:02,979 [grpc-default-executor-1] INFO  impl.RoleInfo (RoleInfo.java:shutdownLeaderElection(121)) - acb9c8cb-4d3e-4a6b-b679-e47efd30f020: shutdown acb9c8cb-4d3e-4a6b-b679-e47efd30f020@group-4A8E582C3D20-LeaderElection19
2021-11-15 10:01:02,979 [grpc-default-executor-1] INFO  impl.RoleInfo (RoleInfo.java:updateAndGet(130)) - acb9c8cb-4d3e-4a6b-b679-e47efd30f020: start acb9c8cb-4d3e-4a6b-b679-e47efd30f020@group-4A8E582C3D20-FollowerState
2021-11-15 10:01:02,984 [acb9c8cb-4d3e-4a6b-b679-e47efd30f020@group-4A8E582C3D20-LeaderElection19] INFO  impl.LeaderElection (LeaderElection.java:run(230)) - acb9c8cb-4d3e-4a6b-b679-e47efd30f020@group-4A8E582C3D20-LeaderElection19: skip running since this is already CLOSING
2021-11-15 10:01:02,984 [grpc-default-executor-1] INFO  server.RaftServer$Division (RaftServerImpl.java:requestVote(1078)) - acb9c8cb-4d3e-4a6b-b679-e47efd30f020@group-4A8E582C3D20 replies to ELECTION vote request: a90e3e6e-a337-4ecb-a7be-5aa85bd5c784<-acb9c8cb-4d3e-4a6b-b679-e47efd30f020#0:FAIL-t4. Peer's state: acb9c8cb-4d3e-4a6b-b679-e47efd30f020@group-4A8E582C3D20:t4, leader=null, voted=null, raftlog=acb9c8cb-4d3e-4a6b-b679-e47efd30f020@group-4A8E582C3D20-SegmentedRaftLog:OPENED:c-1, conf=-1: [d804d820-4532-49b1-b366-ad6b8b9e72b3|rpc:10.1.0.56:37399|priority:0, a90e3e6e-a337-4ecb-a7be-5aa85bd5c784|rpc:10.1.0.56:44193|priority:0, acb9c8cb-4d3e-4a6b-b679-e47efd30f020|rpc:10.1.0.56:33205|priority:1], old=null
2021-11-15 10:01:02,986 [a90e3e6e-a337-4ecb-a7be-5aa85bd5c784@group-4A8E582C3D20-LeaderElection18] INFO  impl.LeaderElection (LeaderElection.java:logAndReturn(89)) - a90e3e6e-a337-4ecb-a7be-5aa85bd5c784@group-4A8E582C3D20-LeaderElection18: ELECTION REJECTED received 2 response(s) and 0 exception(s):
2021-11-15 10:01:02,987 [a90e3e6e-a337-4ecb-a7be-5aa85bd5c784@group-4A8E582C3D20-LeaderElection18] INFO  impl.LeaderElection (LeaderElection.java:logAndReturn(93)) -   Response 0: a90e3e6e-a337-4ecb-a7be-5aa85bd5c784<-d804d820-4532-49b1-b366-ad6b8b9e72b3#0:OK-t4
2021-11-15 10:01:02,987 [a90e3e6e-a337-4ecb-a7be-5aa85bd5c784@group-4A8E582C3D20-LeaderElection18] INFO  impl.LeaderElection (LeaderElection.java:logAndReturn(93)) -   Response 1: a90e3e6e-a337-4ecb-a7be-5aa85bd5c784<-acb9c8cb-4d3e-4a6b-b679-e47efd30f020#0:FAIL-t4
2021-11-15 10:01:02,987 [a90e3e6e-a337-4ecb-a7be-5aa85bd5c784@group-4A8E582C3D20-LeaderElection18] INFO  impl.LeaderElection (LeaderElection.java:askForVotes(308)) - a90e3e6e-a337-4ecb-a7be-5aa85bd5c784@group-4A8E582C3D20-LeaderElection18 ELECTION round 0: result REJECTED
2021-11-15 10:01:02,987 [a90e3e6e-a337-4ecb-a7be-5aa85bd5c784@group-4A8E582C3D20-LeaderElection18] INFO  server.RaftServer$Division (RaftServerImpl.java:setRole(290)) - a90e3e6e-a337-4ecb-a7be-5aa85bd5c784@group-4A8E582C3D20: changes role from CANDIDATE to FOLLOWER at term 4 for REJECTED
2021-11-15 10:01:02,987 [a90e3e6e-a337-4ecb-a7be-5aa85bd5c784@group-4A8E582C3D20-LeaderElection18] INFO  impl.RoleInfo (RoleInfo.java:shutdownLeaderElection(121)) - a90e3e6e-a337-4ecb-a7be-5aa85bd5c784: shutdown a90e3e6e-a337-4ecb-a7be-5aa85bd5c784@group-4A8E582C3D20-LeaderElection18
2021-11-15 10:01:02,987 [a90e3e6e-a337-4ecb-a7be-5aa85bd5c784@group-4A8E582C3D20-LeaderElection18] INFO  impl.RoleInfo (RoleInfo.java:updateAndGet(130)) - a90e3e6e-a337-4ecb-a7be-5aa85bd5c784: start a90e3e6e-a337-4ecb-a7be-5aa85bd5c784@group-4A8E582C3D20-FollowerState
2021-11-15 10:01:03,030 [acb9c8cb-4d3e-4a6b-b679-e47efd30f020@group-B155B082459A-FollowerState] INFO  impl.FollowerState (FollowerState.java:run(134)) - acb9c8cb-4d3e-4a6b-b679-e47efd30f020@group-B155B082459A-FollowerState: change to CANDIDATE, lastRpcElapsedTime:5061682419ns, electionTimeout:5055ms
2021-11-15 10:01:03,030 [acb9c8cb-4d3e-4a6b-b679-e47efd30f020@group-B155B082459A-FollowerState] INFO  impl.RoleInfo (RoleInfo.java:shutdownFollowerState(108)) - acb9c8cb-4d3e-4a6b-b679-e47efd30f020: shutdown acb9c8cb-4d3e-4a6b-b679-e47efd30f020@group-B155B082459A-FollowerState
2021-11-15 10:01:03,030 [acb9c8cb-4d3e-4a6b-b679-e47efd30f020@group-B155B082459A-FollowerState] INFO  server.RaftServer$Division (RaftServerImpl.java:setRole(290)) - acb9c8cb-4d3e-4a6b-b679-e47efd30f020@group-B155B082459A: changes role from  FOLLOWER to CANDIDATE at term 2 for changeToCandidate
2021-11-15 10:01:03,030 [acb9c8cb-4d3e-4a6b-b679-e47efd30f020@group-B155B082459A-FollowerState] INFO  server.RaftServerConfigKeys (ConfUtils.java:logGet(44)) - raft.server.leaderelection.pre-vote = false (custom)
2021-11-15 10:01:03,030 [acb9c8cb-4d3e-4a6b-b679-e47efd30f020@group-B155B082459A-FollowerState] INFO  impl.RoleInfo (RoleInfo.java:updateAndGet(130)) - acb9c8cb-4d3e-4a6b-b679-e47efd30f020: start acb9c8cb-4d3e-4a6b-b679-e47efd30f020@group-B155B082459A-LeaderElection20
2021-11-15 10:01:03,042 [acb9c8cb-4d3e-4a6b-b679-e47efd30f020@group-B155B082459A-LeaderElection20] INFO  impl.LeaderElection (LeaderElection.java:askForVotes(306)) - acb9c8cb-4d3e-4a6b-b679-e47efd30f020@group-B155B082459A-LeaderElection20 ELECTION round 0: submit vote requests at term 3 for -1: [d804d820-4532-49b1-b366-ad6b8b9e72b3|rpc:10.1.0.56:37399|priority:1, a90e3e6e-a337-4ecb-a7be-5aa85bd5c784|rpc:10.1.0.56:44193|priority:0, acb9c8cb-4d3e-4a6b-b679-e47efd30f020|rpc:10.1.0.56:33205|priority:0], old=null
2021-11-15 10:01:03,056 [d804d820-4532-49b1-b366-ad6b8b9e72b3@group-B155B082459A-FollowerState] INFO  impl.FollowerState (FollowerState.java:run(134)) - d804d820-4532-49b1-b366-ad6b8b9e72b3@group-B155B082459A-FollowerState: change to CANDIDATE, lastRpcElapsedTime:5091577400ns, electionTimeout:5084ms
2021-11-15 10:01:03,056 [d804d820-4532-49b1-b366-ad6b8b9e72b3@group-B155B082459A-FollowerState] INFO  impl.RoleInfo (RoleInfo.java:shutdownFollowerState(108)) - d804d820-4532-49b1-b366-ad6b8b9e72b3: shutdown d804d820-4532-49b1-b366-ad6b8b9e72b3@group-B155B082459A-FollowerState
2021-11-15 10:01:03,056 [d804d820-4532-49b1-b366-ad6b8b9e72b3@group-B155B082459A-FollowerState] INFO  server.RaftServer$Division (RaftServerImpl.java:setRole(290)) - d804d820-4532-49b1-b366-ad6b8b9e72b3@group-B155B082459A: changes role from  FOLLOWER to CANDIDATE at term 2 for changeToCandidate
2021-11-15 10:01:03,056 [d804d820-4532-49b1-b366-ad6b8b9e72b3@group-B155B082459A-FollowerState] INFO  server.RaftServerConfigKeys (ConfUtils.java:logGet(44)) - raft.server.leaderelection.pre-vote = false (custom)
2021-11-15 10:01:03,056 [d804d820-4532-49b1-b366-ad6b8b9e72b3@group-B155B082459A-FollowerState] INFO  impl.RoleInfo (RoleInfo.java:updateAndGet(130)) - d804d820-4532-49b1-b366-ad6b8b9e72b3: start d804d820-4532-49b1-b366-ad6b8b9e72b3@group-B155B082459A-LeaderElection21
2021-11-15 10:01:03,065 [grpc-default-executor-1] INFO  server.RaftServer$Division (RaftServerImpl.java:requestVote(1046)) - d804d820-4532-49b1-b366-ad6b8b9e72b3@group-B155B082459A: receive requestVote(ELECTION, acb9c8cb-4d3e-4a6b-b679-e47efd30f020, group-B155B082459A, 3, (t:0, i:0))
2021-11-15 10:01:03,068 [grpc-default-executor-2] INFO  server.RaftServer$Division (RaftServerImpl.java:requestVote(1046)) - a90e3e6e-a337-4ecb-a7be-5aa85bd5c784@group-B155B082459A: receive requestVote(ELECTION, acb9c8cb-4d3e-4a6b-b679-e47efd30f020, group-B155B082459A, 3, (t:0, i:0))
2021-11-15 10:01:03,068 [grpc-default-executor-2] INFO  impl.VoteContext (VoteContext.java:log(48)) - a90e3e6e-a337-4ecb-a7be-5aa85bd5c784@group-B155B082459A-FOLLOWER: accept ELECTION from acb9c8cb-4d3e-4a6b-b679-e47efd30f020: our priority 0 <= candidate's priority 0
2021-11-15 10:01:03,068 [grpc-default-executor-2] INFO  server.RaftServer$Division (RaftServerImpl.java:setRole(290)) - a90e3e6e-a337-4ecb-a7be-5aa85bd5c784@group-B155B082459A: changes role from  FOLLOWER to FOLLOWER at term 3 for candidate:acb9c8cb-4d3e-4a6b-b679-e47efd30f020
2021-11-15 10:01:03,069 [grpc-default-executor-2] INFO  impl.RoleInfo (RoleInfo.java:shutdownFollowerState(108)) - a90e3e6e-a337-4ecb-a7be-5aa85bd5c784: shutdown a90e3e6e-a337-4ecb-a7be-5aa85bd5c784@group-B155B082459A-FollowerState
2021-11-15 10:01:03,069 [grpc-default-executor-2] INFO  impl.RoleInfo (RoleInfo.java:updateAndGet(130)) - a90e3e6e-a337-4ecb-a7be-5aa85bd5c784: start a90e3e6e-a337-4ecb-a7be-5aa85bd5c784@group-B155B082459A-FollowerState
2021-11-15 10:01:03,069 [a90e3e6e-a337-4ecb-a7be-5aa85bd5c784@group-B155B082459A-FollowerState] INFO  impl.FollowerState (FollowerState.java:run(143)) - a90e3e6e-a337-4ecb-a7be-5aa85bd5c784@group-B155B082459A-FollowerState was interrupted: {}
java.lang.InterruptedException: sleep interrupted
	at java.lang.Thread.sleep(Native Method)
	at java.lang.Thread.sleep(Thread.java:340)
	at java.util.concurrent.TimeUnit.sleep(TimeUnit.java:386)
	at org.apache.ratis.util.TimeDuration.sleep(TimeDuration.java:324)
	at org.apache.ratis.util.TimeDuration.sleep(TimeDuration.java:309)
	at org.apache.ratis.server.impl.FollowerState.run(FollowerState.java:118)
2021-11-15 10:01:03,084 [grpc-default-executor-1] INFO  impl.VoteContext (VoteContext.java:log(48)) - d804d820-4532-49b1-b366-ad6b8b9e72b3@group-B155B082459A-CANDIDATE: reject ELECTION from acb9c8cb-4d3e-4a6b-b679-e47efd30f020: already has voted for d804d820-4532-49b1-b366-ad6b8b9e72b3 at current term 3
2021-11-15 10:01:03,084 [grpc-default-executor-1] INFO  server.RaftServer$Division (RaftServerImpl.java:requestVote(1078)) - d804d820-4532-49b1-b366-ad6b8b9e72b3@group-B155B082459A replies to ELECTION vote request: acb9c8cb-4d3e-4a6b-b679-e47efd30f020<-d804d820-4532-49b1-b366-ad6b8b9e72b3#0:FAIL-t3. Peer's state: d804d820-4532-49b1-b366-ad6b8b9e72b3@group-B155B082459A:t3, leader=null, voted=d804d820-4532-49b1-b366-ad6b8b9e72b3, raftlog=d804d820-4532-49b1-b366-ad6b8b9e72b3@group-B155B082459A-SegmentedRaftLog:OPENED:c-1, conf=-1: [d804d820-4532-49b1-b366-ad6b8b9e72b3|rpc:10.1.0.56:37399|priority:1, a90e3e6e-a337-4ecb-a7be-5aa85bd5c784|rpc:10.1.0.56:44193|priority:0, acb9c8cb-4d3e-4a6b-b679-e47efd30f020|rpc:10.1.0.56:33205|priority:0], old=null
2021-11-15 10:01:03,084 [grpc-default-executor-2] INFO  server.RaftServer$Division (RaftServerImpl.java:requestVote(1078)) - a90e3e6e-a337-4ecb-a7be-5aa85bd5c784@group-B155B082459A replies to ELECTION vote request: acb9c8cb-4d3e-4a6b-b679-e47efd30f020<-a90e3e6e-a337-4ecb-a7be-5aa85bd5c784#0:OK-t3. Peer's state: a90e3e6e-a337-4ecb-a7be-5aa85bd5c784@group-B155B082459A:t3, leader=null, voted=acb9c8cb-4d3e-4a6b-b679-e47efd30f020, raftlog=a90e3e6e-a337-4ecb-a7be-5aa85bd5c784@group-B155B082459A-SegmentedRaftLog:OPENED:c-1, conf=-1: [d804d820-4532-49b1-b366-ad6b8b9e72b3|rpc:10.1.0.56:37399|dataStream:|priority:1, a90e3e6e-a337-4ecb-a7be-5aa85bd5c784|rpc:10.1.0.56:44193|dataStream:|priority:0, acb9c8cb-4d3e-4a6b-b679-e47efd30f020|rpc:10.1.0.56:33205|dataStream:|priority:0], old=null
2021-11-15 10:01:03,091 [d804d820-4532-49b1-b366-ad6b8b9e72b3@group-B155B082459A-LeaderElection21] INFO  impl.LeaderElection (LeaderElection.java:askForVotes(306)) - d804d820-4532-49b1-b366-ad6b8b9e72b3@group-B155B082459A-LeaderElection21 ELECTION round 0: submit vote requests at term 3 for -1: [d804d820-4532-49b1-b366-ad6b8b9e72b3|rpc:10.1.0.56:37399|priority:1, a90e3e6e-a337-4ecb-a7be-5aa85bd5c784|rpc:10.1.0.56:44193|priority:0, acb9c8cb-4d3e-4a6b-b679-e47efd30f020|rpc:10.1.0.56:33205|priority:0], old=null
2021-11-15 10:01:03,091 [acb9c8cb-4d3e-4a6b-b679-e47efd30f020@group-B155B082459A-LeaderElection20] INFO  impl.LeaderElection (LeaderElection.java:logAndReturn(89)) - acb9c8cb-4d3e-4a6b-b679-e47efd30f020@group-B155B082459A-LeaderElection20: ELECTION REJECTED received 2 response(s) and 0 exception(s):
2021-11-15 10:01:03,091 [acb9c8cb-4d3e-4a6b-b679-e47efd30f020@group-B155B082459A-LeaderElection20] INFO  impl.LeaderElection (LeaderElection.java:logAndReturn(93)) -   Response 0: acb9c8cb-4d3e-4a6b-b679-e47efd30f020<-d804d820-4532-49b1-b366-ad6b8b9e72b3#0:FAIL-t3
2021-11-15 10:01:03,091 [acb9c8cb-4d3e-4a6b-b679-e47efd30f020@group-B155B082459A-LeaderElection20] INFO  impl.LeaderElection (LeaderElection.java:logAndReturn(93)) -   Response 1: acb9c8cb-4d3e-4a6b-b679-e47efd30f020<-a90e3e6e-a337-4ecb-a7be-5aa85bd5c784#0:OK-t3
2021-11-15 10:01:03,092 [acb9c8cb-4d3e-4a6b-b679-e47efd30f020@group-B155B082459A-LeaderElection20] INFO  impl.LeaderElection (LeaderElection.java:askForVotes(308)) - acb9c8cb-4d3e-4a6b-b679-e47efd30f020@group-B155B082459A-LeaderElection20 ELECTION round 0: result REJECTED
2021-11-15 10:01:03,092 [acb9c8cb-4d3e-4a6b-b679-e47efd30f020@group-B155B082459A-LeaderElection20] INFO  server.RaftServer$Division (RaftServerImpl.java:setRole(290)) - acb9c8cb-4d3e-4a6b-b679-e47efd30f020@group-B155B082459A: changes role from CANDIDATE to FOLLOWER at term 3 for REJECTED
2021-11-15 10:01:03,092 [acb9c8cb-4d3e-4a6b-b679-e47efd30f020@group-B155B082459A-LeaderElection20] INFO  impl.RoleInfo (RoleInfo.java:shutdownLeaderElection(121)) - acb9c8cb-4d3e-4a6b-b679-e47efd30f020: shutdown acb9c8cb-4d3e-4a6b-b679-e47efd30f020@group-B155B082459A-LeaderElection20
2021-11-15 10:01:03,103 [acb9c8cb-4d3e-4a6b-b679-e47efd30f020@group-B155B082459A-LeaderElection20] INFO  impl.RoleInfo (RoleInfo.java:updateAndGet(130)) - acb9c8cb-4d3e-4a6b-b679-e47efd30f020: start acb9c8cb-4d3e-4a6b-b679-e47efd30f020@group-B155B082459A-FollowerState
2021-11-15 10:01:03,104 [grpc-default-executor-1] INFO  server.RaftServer$Division (RaftServerImpl.java:requestVote(1046)) - a90e3e6e-a337-4ecb-a7be-5aa85bd5c784@group-B155B082459A: receive requestVote(ELECTION, d804d820-4532-49b1-b366-ad6b8b9e72b3, group-B155B082459A, 3, (t:0, i:0))
2021-11-15 10:01:03,104 [grpc-default-executor-1] INFO  impl.VoteContext (VoteContext.java:log(48)) - a90e3e6e-a337-4ecb-a7be-5aa85bd5c784@group-B155B082459A-FOLLOWER: reject ELECTION from d804d820-4532-49b1-b366-ad6b8b9e72b3: already has voted for acb9c8cb-4d3e-4a6b-b679-e47efd30f020 at current term 3
2021-11-15 10:01:03,104 [grpc-default-executor-1] INFO  server.RaftServer$Division (RaftServerImpl.java:requestVote(1078)) - a90e3e6e-a337-4ecb-a7be-5aa85bd5c784@group-B155B082459A replies to ELECTION vote request: d804d820-4532-49b1-b366-ad6b8b9e72b3<-a90e3e6e-a337-4ecb-a7be-5aa85bd5c784#0:FAIL-t3. Peer's state: a90e3e6e-a337-4ecb-a7be-5aa85bd5c784@group-B155B082459A:t3, leader=null, voted=acb9c8cb-4d3e-4a6b-b679-e47efd30f020, raftlog=a90e3e6e-a337-4ecb-a7be-5aa85bd5c784@group-B155B082459A-SegmentedRaftLog:OPENED:c-1, conf=-1: [d804d820-4532-49b1-b366-ad6b8b9e72b3|rpc:10.1.0.56:37399|dataStream:|priority:1, a90e3e6e-a337-4ecb-a7be-5aa85bd5c784|rpc:10.1.0.56:44193|dataStream:|priority:0, acb9c8cb-4d3e-4a6b-b679-e47efd30f020|rpc:10.1.0.56:33205|dataStream:|priority:0], old=null
2021-11-15 10:01:03,112 [grpc-default-executor-1] INFO  server.RaftServer$Division (RaftServerImpl.java:requestVote(1046)) - acb9c8cb-4d3e-4a6b-b679-e47efd30f020@group-B155B082459A: receive requestVote(ELECTION, d804d820-4532-49b1-b366-ad6b8b9e72b3, group-B155B082459A, 3, (t:0, i:0))
2021-11-15 10:01:03,112 [grpc-default-executor-1] INFO  impl.VoteContext (VoteContext.java:log(48)) - acb9c8cb-4d3e-4a6b-b679-e47efd30f020@group-B155B082459A-FOLLOWER: reject ELECTION from d804d820-4532-49b1-b366-ad6b8b9e72b3: already has voted for acb9c8cb-4d3e-4a6b-b679-e47efd30f020 at current term 3
2021-11-15 10:01:03,112 [grpc-default-executor-1] INFO  server.RaftServer$Division (RaftServerImpl.java:requestVote(1078)) - acb9c8cb-4d3e-4a6b-b679-e47efd30f020@group-B155B082459A replies to ELECTION vote request: d804d820-4532-49b1-b366-ad6b8b9e72b3<-acb9c8cb-4d3e-4a6b-b679-e47efd30f020#0:FAIL-t3. Peer's state: acb9c8cb-4d3e-4a6b-b679-e47efd30f020@group-B155B082459A:t3, leader=null, voted=acb9c8cb-4d3e-4a6b-b679-e47efd30f020, raftlog=acb9c8cb-4d3e-4a6b-b679-e47efd30f020@group-B155B082459A-SegmentedRaftLog:OPENED:c-1, conf=-1: [d804d820-4532-49b1-b366-ad6b8b9e72b3|rpc:10.1.0.56:37399|priority:1, a90e3e6e-a337-4ecb-a7be-5aa85bd5c784|rpc:10.1.0.56:44193|priority:0, acb9c8cb-4d3e-4a6b-b679-e47efd30f020|rpc:10.1.0.56:33205|priority:0], old=null
2021-11-15 10:01:03,113 [d804d820-4532-49b1-b366-ad6b8b9e72b3@group-B155B082459A-LeaderElection21] INFO  impl.LeaderElection (LeaderElection.java:logAndReturn(89)) - d804d820-4532-49b1-b366-ad6b8b9e72b3@group-B155B082459A-LeaderElection21: ELECTION REJECTED received 2 response(s) and 0 exception(s):
2021-11-15 10:01:03,113 [d804d820-4532-49b1-b366-ad6b8b9e72b3@group-B155B082459A-LeaderElection21] INFO  impl.LeaderElection (LeaderElection.java:logAndReturn(93)) -   Response 0: d804d820-4532-49b1-b366-ad6b8b9e72b3<-a90e3e6e-a337-4ecb-a7be-5aa85bd5c784#0:FAIL-t3
2021-11-15 10:01:03,113 [d804d820-4532-49b1-b366-ad6b8b9e72b3@group-B155B082459A-LeaderElection21] INFO  impl.LeaderElection (LeaderElection.java:logAndReturn(93)) -   Response 1: d804d820-4532-49b1-b366-ad6b8b9e72b3<-acb9c8cb-4d3e-4a6b-b679-e47efd30f020#0:FAIL-t3
2021-11-15 10:01:03,113 [d804d820-4532-49b1-b366-ad6b8b9e72b3@group-B155B082459A-LeaderElection21] INFO  impl.LeaderElection (LeaderElection.java:askForVotes(308)) - d804d820-4532-49b1-b366-ad6b8b9e72b3@group-B155B082459A-LeaderElection21 ELECTION round 0: result REJECTED
2021-11-15 10:01:03,113 [d804d820-4532-49b1-b366-ad6b8b9e72b3@group-B155B082459A-LeaderElection21] INFO  server.RaftServer$Division (RaftServerImpl.java:setRole(290)) - d804d820-4532-49b1-b366-ad6b8b9e72b3@group-B155B082459A: changes role from CANDIDATE to FOLLOWER at term 3 for REJECTED
2021-11-15 10:01:03,113 [d804d820-4532-49b1-b366-ad6b8b9e72b3@group-B155B082459A-LeaderElection21] INFO  impl.RoleInfo (RoleInfo.java:shutdownLeaderElection(121)) - d804d820-4532-49b1-b366-ad6b8b9e72b3: shutdown d804d820-4532-49b1-b366-ad6b8b9e72b3@group-B155B082459A-LeaderElection21
2021-11-15 10:01:03,113 [d804d820-4532-49b1-b366-ad6b8b9e72b3@group-B155B082459A-LeaderElection21] INFO  impl.RoleInfo (RoleInfo.java:updateAndGet(130)) - d804d820-4532-49b1-b366-ad6b8b9e72b3: start d804d820-4532-49b1-b366-ad6b8b9e72b3@group-B155B082459A-FollowerState
2021-11-15 10:01:04,081 [EventQueue-StaleNodeForStaleNodeHandler] INFO  node.StaleNodeHandler (StaleNodeHandler.java:onMessage(58)) - Datanode 003b3e8b-8375-416f-b9b0-c8bdf761ffc2{ip: 10.1.0.56, host: fv-az12-743.exdb2aeach2ezidoxz41lk3bwg.cx.internal.cloudapp.net, ports: [REPLICATION=36515, RATIS=44495, RATIS_ADMIN=44495, RATIS_SERVER=44495, STANDALONE=34967], networkLocation: /default-rack, certSerialId: null, persistedOpState: IN_SERVICE, persistedOpStateExpiryEpochSec: 0} moved to stale state. Finalizing its pipelines [PipelineID=390c5ae0-fb4e-4f8e-abcf-92d9495462da, PipelineID=6b80ec7e-7769-4d47-a846-958034fb3cb9, PipelineID=33a0542e-f327-46d0-9703-c68b1a57c8bb]
2021-11-15 10:01:04,082 [EventQueue-StaleNodeForStaleNodeHandler] INFO  pipeline.PipelineManagerImpl (PipelineManagerImpl.java:closePipeline(349)) - Pipeline Pipeline[ Id: 390c5ae0-fb4e-4f8e-abcf-92d9495462da, Nodes: 003b3e8b-8375-416f-b9b0-c8bdf761ffc2{ip: 10.1.0.56, host: fv-az12-743.exdb2aeach2ezidoxz41lk3bwg.cx.internal.cloudapp.net, ports: [REPLICATION=36515, RATIS=44495, RATIS_ADMIN=44495, RATIS_SERVER=44495, STANDALONE=34967], networkLocation: /default-rack, certSerialId: null, persistedOpState: IN_SERVICE, persistedOpStateExpiryEpochSec: 0}, ReplicationConfig: RATIS/ONE, State:OPEN, leaderId:003b3e8b-8375-416f-b9b0-c8bdf761ffc2, CreationTimestamp2021-11-15T10:00:44.356Z[Etc/UTC]] moved to CLOSED state
2021-11-15 10:01:04,082 [EventQueue-StaleNodeForStaleNodeHandler] INFO  pipeline.PipelineManagerImpl (PipelineManagerImpl.java:closePipeline(349)) - Pipeline Pipeline[ Id: 6b80ec7e-7769-4d47-a846-958034fb3cb9, Nodes: a5208437-b67a-4a59-91c1-79d4e747a9e2{ip: 10.1.0.56, host: fv-az12-743.exdb2aeach2ezidoxz41lk3bwg.cx.internal.cloudapp.net, ports: [REPLICATION=43917, RATIS=41529, RATIS_ADMIN=41529, RATIS_SERVER=41529, STANDALONE=36855], networkLocation: /default-rack, certSerialId: null, persistedOpState: IN_SERVICE, persistedOpStateExpiryEpochSec: 0}5120cc87-b9ff-4d81-8e4f-818f73dade45{ip: 10.1.0.56, host: fv-az12-743.exdb2aeach2ezidoxz41lk3bwg.cx.internal.cloudapp.net, ports: [REPLICATION=35699, RATIS=39907, RATIS_ADMIN=39907, RATIS_SERVER=39907, STANDALONE=46197], networkLocation: /default-rack, certSerialId: null, persistedOpState: IN_SERVICE, persistedOpStateExpiryEpochSec: 0}003b3e8b-8375-416f-b9b0-c8bdf761ffc2{ip: 10.1.0.56, host: fv-az12-743.exdb2aeach2ezidoxz41lk3bwg.cx.internal.cloudapp.net, ports: [REPLICATION=36515, RATIS=44495, RATIS_ADMIN=44495, RATIS_SERVER=44495, STANDALONE=34967], networkLocation: /default-rack, certSerialId: null, persistedOpState: IN_SERVICE, persistedOpStateExpiryEpochSec: 0}, ReplicationConfig: RATIS/THREE, State:OPEN, leaderId:a5208437-b67a-4a59-91c1-79d4e747a9e2, CreationTimestamp2021-11-15T10:00:44.363Z[Etc/UTC]] moved to CLOSED state
2021-11-15 10:01:04,083 [EventQueue-StaleNodeForStaleNodeHandler] INFO  pipeline.PipelineManagerImpl (PipelineManagerImpl.java:closePipeline(349)) - Pipeline Pipeline[ Id: 33a0542e-f327-46d0-9703-c68b1a57c8bb, Nodes: 003b3e8b-8375-416f-b9b0-c8bdf761ffc2{ip: 10.1.0.56, host: fv-az12-743.exdb2aeach2ezidoxz41lk3bwg.cx.internal.cloudapp.net, ports: [REPLICATION=36515, RATIS=44495, RATIS_ADMIN=44495, RATIS_SERVER=44495, STANDALONE=34967], networkLocation: /default-rack, certSerialId: null, persistedOpState: IN_SERVICE, persistedOpStateExpiryEpochSec: 0}a5208437-b67a-4a59-91c1-79d4e747a9e2{ip: 10.1.0.56, host: fv-az12-743.exdb2aeach2ezidoxz41lk3bwg.cx.internal.cloudapp.net, ports: [REPLICATION=43917, RATIS=41529, RATIS_ADMIN=41529, RATIS_SERVER=41529, STANDALONE=36855], networkLocation: /default-rack, certSerialId: null, persistedOpState: IN_SERVICE, persistedOpStateExpiryEpochSec: 0}5120cc87-b9ff-4d81-8e4f-818f73dade45{ip: 10.1.0.56, host: fv-az12-743.exdb2aeach2ezidoxz41lk3bwg.cx.internal.cloudapp.net, ports: [REPLICATION=35699, RATIS=39907, RATIS_ADMIN=39907, RATIS_SERVER=39907, STANDALONE=46197], networkLocation: /default-rack, certSerialId: null, persistedOpState: IN_SERVICE, persistedOpStateExpiryEpochSec: 0}, ReplicationConfig: RATIS/THREE, State:OPEN, leaderId:003b3e8b-8375-416f-b9b0-c8bdf761ffc2, CreationTimestamp2021-11-15T10:00:44.365Z[Etc/UTC]] moved to CLOSED state
2021-11-15 10:01:04,083 [EventQueue-CloseContainerForCloseContainerEventHandler] INFO  container.CloseContainerEventHandler (CloseContainerEventHandler.java:onMessage(69)) - Close container Event triggered for container : #1
2021-11-15 10:01:04,463 [grpc-default-executor-1] WARN  server.GrpcLogAppender (LogUtils.java:warn(122)) - a5208437-b67a-4a59-91c1-79d4e747a9e2@group-958034FB3CB9->003b3e8b-8375-416f-b9b0-c8bdf761ffc2-AppendLogResponseHandler: Failed appendEntries: org.apache.ratis.thirdparty.io.grpc.StatusRuntimeException: UNAVAILABLE: io exception
2021-11-15 10:01:04,464 [grpc-default-executor-1] WARN  server.GrpcLogAppender (GrpcLogAppender.java:resetClient(110)) - a5208437-b67a-4a59-91c1-79d4e747a9e2@group-958034FB3CB9->003b3e8b-8375-416f-b9b0-c8bdf761ffc2-GrpcLogAppender: Leader has not got in touch with Follower a5208437-b67a-4a59-91c1-79d4e747a9e2@group-958034FB3CB9->003b3e8b-8375-416f-b9b0-c8bdf761ffc2(c0,m0,n1, attendVote=true, lastRpcSendTime=2502, lastRpcResponseTime=7513) yet, just keep nextIndex unchanged and retry.
2021-11-15 10:01:06,967 [grpc-default-executor-1] WARN  server.GrpcLogAppender (LogUtils.java:warn(122)) - a5208437-b67a-4a59-91c1-79d4e747a9e2@group-958034FB3CB9->003b3e8b-8375-416f-b9b0-c8bdf761ffc2-AppendLogResponseHandler: Failed appendEntries: org.apache.ratis.thirdparty.io.grpc.StatusRuntimeException: UNAVAILABLE: io exception
2021-11-15 10:01:06,968 [grpc-default-executor-1] WARN  server.GrpcLogAppender (GrpcLogAppender.java:resetClient(110)) - a5208437-b67a-4a59-91c1-79d4e747a9e2@group-958034FB3CB9->003b3e8b-8375-416f-b9b0-c8bdf761ffc2-GrpcLogAppender: Leader has not got in touch with Follower a5208437-b67a-4a59-91c1-79d4e747a9e2@group-958034FB3CB9->003b3e8b-8375-416f-b9b0-c8bdf761ffc2(c0,m0,n1, attendVote=true, lastRpcSendTime=2501, lastRpcResponseTime=10017) yet, just keep nextIndex unchanged and retry.
2021-11-15 10:01:07,408 [Listener at 127.0.0.1/43215] INFO  ozoneimpl.OzoneContainer (OzoneContainer.java:stop(325)) - Attempting to stop container services.
2021-11-15 10:01:07,408 [Listener at 127.0.0.1/43215] INFO  server.RaftServer (RaftServerProxy.java:lambda$close$6(391)) - a5208437-b67a-4a59-91c1-79d4e747a9e2: close
2021-11-15 10:01:07,413 [Listener at 127.0.0.1/43215] INFO  server.RaftServer$Division (RaftServerImpl.java:lambda$close$4(412)) - a5208437-b67a-4a59-91c1-79d4e747a9e2@group-958034FB3CB9: shutdown
2021-11-15 10:01:07,413 [Listener at 127.0.0.1/43215] INFO  util.JmxRegister (JmxRegister.java:unregister(73)) - Successfully un-registered JMX Bean with object name Ratis:service=RaftServer,group=group-958034FB3CB9,id=a5208437-b67a-4a59-91c1-79d4e747a9e2
2021-11-15 10:01:07,413 [Listener at 127.0.0.1/43215] INFO  impl.RoleInfo (RoleInfo.java:shutdownLeaderState(91)) - a5208437-b67a-4a59-91c1-79d4e747a9e2: shutdown a5208437-b67a-4a59-91c1-79d4e747a9e2@group-958034FB3CB9-LeaderStateImpl
2021-11-15 10:01:07,413 [Listener at 127.0.0.1/43215] INFO  impl.PendingRequests (PendingRequests.java:sendNotLeaderResponses(282)) - a5208437-b67a-4a59-91c1-79d4e747a9e2@group-958034FB3CB9-PendingRequests: sendNotLeaderResponses
2021-11-15 10:01:07,413 [a5208437-b67a-4a59-91c1-79d4e747a9e2@group-958034FB3CB9->5120cc87-b9ff-4d81-8e4f-818f73dade45-GrpcLogAppender-LogAppenderDaemon] WARN  server.GrpcLogAppender (GrpcLogAppender.java:mayWait(177)) - a5208437-b67a-4a59-91c1-79d4e747a9e2@group-958034FB3CB9->5120cc87-b9ff-4d81-8e4f-818f73dade45-GrpcLogAppender: Wait interrupted by java.lang.InterruptedException
2021-11-15 10:01:07,413 [ForkJoinPool.commonPool-worker-0] INFO  server.RaftServer$Division (RaftServerImpl.java:lambda$close$4(412)) - a5208437-b67a-4a59-91c1-79d4e747a9e2@group-66A3E2895C5D: shutdown
2021-11-15 10:01:07,413 [Listener at 127.0.0.1/43215] INFO  impl.StateMachineUpdater (StateMachineUpdater.java:stopAndJoin(149)) - a5208437-b67a-4a59-91c1-79d4e747a9e2@group-958034FB3CB9-StateMachineUpdater: set stopIndex = 0
2021-11-15 10:01:07,414 [ForkJoinPool.commonPool-worker-0] INFO  util.JmxRegister (JmxRegister.java:unregister(73)) - Successfully un-registered JMX Bean with object name Ratis:service=RaftServer,group=group-66A3E2895C5D,id=a5208437-b67a-4a59-91c1-79d4e747a9e2
2021-11-15 10:01:07,414 [ForkJoinPool.commonPool-worker-0] INFO  impl.RoleInfo (RoleInfo.java:shutdownLeaderState(91)) - a5208437-b67a-4a59-91c1-79d4e747a9e2: shutdown a5208437-b67a-4a59-91c1-79d4e747a9e2@group-66A3E2895C5D-LeaderStateImpl
2021-11-15 10:01:07,414 [ForkJoinPool.commonPool-worker-0] INFO  impl.PendingRequests (PendingRequests.java:sendNotLeaderResponses(282)) - a5208437-b67a-4a59-91c1-79d4e747a9e2@group-66A3E2895C5D-PendingRequests: sendNotLeaderResponses
2021-11-15 10:01:07,414 [a5208437-b67a-4a59-91c1-79d4e747a9e2@group-958034FB3CB9-StateMachineUpdater] INFO  ratis.ContainerStateMachine (ContainerStateMachine.java:takeSnapshot(292)) - group-958034FB3CB9: Taking a snapshot at:(t:2, i:0) file /home/runner/work/ozone/ozone/hadoop-ozone/integration-test/target/test-dir/MiniOzoneClusterImpl-b6bde346-cb55-4fad-bd7f-e1da966a93e7/datanode-1/data/ratis/6b80ec7e-7769-4d47-a846-958034fb3cb9/sm/snapshot.2_0
2021-11-15 10:01:07,414 [a5208437-b67a-4a59-91c1-79d4e747a9e2@group-66A3E2895C5D-StateMachineUpdater] INFO  ratis.ContainerStateMachine (ContainerStateMachine.java:takeSnapshot(292)) - group-66A3E2895C5D: Taking a snapshot at:(t:1, i:0) file /home/runner/work/ozone/ozone/hadoop-ozone/integration-test/target/test-dir/MiniOzoneClusterImpl-b6bde346-cb55-4fad-bd7f-e1da966a93e7/datanode-1/data/ratis/28580443-686b-4e66-9fdd-66a3e2895c5d/sm/snapshot.1_0
2021-11-15 10:01:07,414 [ForkJoinPool.commonPool-worker-0] INFO  impl.StateMachineUpdater (StateMachineUpdater.java:stopAndJoin(149)) - a5208437-b67a-4a59-91c1-79d4e747a9e2@group-66A3E2895C5D-StateMachineUpdater: set stopIndex = 0
2021-11-15 10:01:07,415 [a5208437-b67a-4a59-91c1-79d4e747a9e2@group-66A3E2895C5D-StateMachineUpdater] INFO  ratis.ContainerStateMachine (ContainerStateMachine.java:takeSnapshot(303)) - group-66A3E2895C5D: Finished taking a snapshot at:(t:1, i:0) file:/home/runner/work/ozone/ozone/hadoop-ozone/integration-test/target/test-dir/MiniOzoneClusterImpl-b6bde346-cb55-4fad-bd7f-e1da966a93e7/datanode-1/data/ratis/28580443-686b-4e66-9fdd-66a3e2895c5d/sm/snapshot.1_0 took: 1 ms
2021-11-15 10:01:07,415 [a5208437-b67a-4a59-91c1-79d4e747a9e2@group-66A3E2895C5D-StateMachineUpdater] INFO  impl.StateMachineUpdater (StateMachineUpdater.java:takeSnapshot(281)) - a5208437-b67a-4a59-91c1-79d4e747a9e2@group-66A3E2895C5D-StateMachineUpdater: Took a snapshot at index 0
2021-11-15 10:01:07,416 [a5208437-b67a-4a59-91c1-79d4e747a9e2@group-66A3E2895C5D-StateMachineUpdater] INFO  impl.StateMachineUpdater (StateMachineUpdater.java:lambda$new$0(89)) - a5208437-b67a-4a59-91c1-79d4e747a9e2@group-66A3E2895C5D-StateMachineUpdater: snapshotIndex: updateIncreasingly -1 -> 0
2021-11-15 10:01:07,416 [ForkJoinPool.commonPool-worker-0] INFO  server.RaftServer$Division (ServerState.java:close(419)) - a5208437-b67a-4a59-91c1-79d4e747a9e2@group-66A3E2895C5D: closes. applyIndex: 0
2021-11-15 10:01:07,416 [a5208437-b67a-4a59-91c1-79d4e747a9e2@group-66A3E2895C5D-SegmentedRaftLogWorker] INFO  segmented.SegmentedRaftLogWorker (SegmentedRaftLogWorker.java:run(327)) - a5208437-b67a-4a59-91c1-79d4e747a9e2@group-66A3E2895C5D-SegmentedRaftLogWorker was interrupted, exiting. There are 0 tasks remaining in the queue.
2021-11-15 10:01:07,417 [grpc-default-executor-1] INFO  server.GrpcServerProtocolService (GrpcServerProtocolService.java:onCompleted(140)) - 5120cc87-b9ff-4d81-8e4f-818f73dade45: Completed APPEND_ENTRIES, lastRequest: a5208437-b67a-4a59-91c1-79d4e747a9e2->5120cc87-b9ff-4d81-8e4f-818f73dade45#1-t2,previous=(t:0, i:0),leaderCommit=0,initializing? true,entries: size=1, first=(t:2, i:0), CONFIGURATIONENTRY
2021-11-15 10:01:07,417 [a5208437-b67a-4a59-91c1-79d4e747a9e2@group-958034FB3CB9-StateMachineUpdater] INFO  ratis.ContainerStateMachine (ContainerStateMachine.java:takeSnapshot(303)) - group-958034FB3CB9: Finished taking a snapshot at:(t:2, i:0) file:/home/runner/work/ozone/ozone/hadoop-ozone/integration-test/target/test-dir/MiniOzoneClusterImpl-b6bde346-cb55-4fad-bd7f-e1da966a93e7/datanode-1/data/ratis/6b80ec7e-7769-4d47-a846-958034fb3cb9/sm/snapshot.2_0 took: 4 ms
2021-11-15 10:01:07,418 [a5208437-b67a-4a59-91c1-79d4e747a9e2@group-958034FB3CB9-StateMachineUpdater] INFO  impl.StateMachineUpdater (StateMachineUpdater.java:takeSnapshot(281)) - a5208437-b67a-4a59-91c1-79d4e747a9e2@group-958034FB3CB9-StateMachineUpdater: Took a snapshot at index 0
2021-11-15 10:01:07,418 [a5208437-b67a-4a59-91c1-79d4e747a9e2@group-958034FB3CB9-StateMachineUpdater] INFO  impl.StateMachineUpdater (StateMachineUpdater.java:lambda$new$0(89)) - a5208437-b67a-4a59-91c1-79d4e747a9e2@group-958034FB3CB9-StateMachineUpdater: snapshotIndex: updateIncreasingly -1 -> 0
2021-11-15 10:01:07,418 [Listener at 127.0.0.1/43215] INFO  server.RaftServer$Division (ServerState.java:close(419)) - a5208437-b67a-4a59-91c1-79d4e747a9e2@group-958034FB3CB9: closes. applyIndex: 0
2021-11-15 10:01:07,418 [a5208437-b67a-4a59-91c1-79d4e747a9e2@group-958034FB3CB9-SegmentedRaftLogWorker] INFO  segmented.SegmentedRaftLogWorker (SegmentedRaftLogWorker.java:run(327)) - a5208437-b67a-4a59-91c1-79d4e747a9e2@group-958034FB3CB9-SegmentedRaftLogWorker was interrupted, exiting. There are 0 tasks remaining in the queue.
2021-11-15 10:01:07,418 [grpc-default-executor-2] INFO  server.GrpcLogAppender (GrpcLogAppender.java:onCompleted(346)) - a5208437-b67a-4a59-91c1-79d4e747a9e2@group-958034FB3CB9->5120cc87-b9ff-4d81-8e4f-818f73dade45-AppendLogResponseHandler: follower responses appendEntries COMPLETED
2021-11-15 10:01:07,423 [grpc-default-executor-2] INFO  leader.FollowerInfo (FollowerInfoImpl.java:lambda$new$0(47)) - a5208437-b67a-4a59-91c1-79d4e747a9e2@group-958034FB3CB9->5120cc87-b9ff-4d81-8e4f-818f73dade45: nextIndex: updateUnconditionally 1 -> 0
2021-11-15 10:01:07,424 [ForkJoinPool.commonPool-worker-0] INFO  segmented.SegmentedRaftLogWorker (SegmentedRaftLogWorker.java:close(237)) - a5208437-b67a-4a59-91c1-79d4e747a9e2@group-66A3E2895C5D-SegmentedRaftLogWorker close()
2021-11-15 10:01:07,424 [Listener at 127.0.0.1/43215] INFO  segmented.SegmentedRaftLogWorker (SegmentedRaftLogWorker.java:close(237)) - a5208437-b67a-4a59-91c1-79d4e747a9e2@group-958034FB3CB9-SegmentedRaftLogWorker close()
2021-11-15 10:01:07,433 [ForkJoinPool.commonPool-worker-0] INFO  server.RaftServer$Division (RaftServerImpl.java:lambda$close$4(412)) - a5208437-b67a-4a59-91c1-79d4e747a9e2@group-C68B1A57C8BB: shutdown
2021-11-15 10:01:07,433 [ForkJoinPool.commonPool-worker-0] INFO  util.JmxRegister (JmxRegister.java:unregister(73)) - Successfully un-registered JMX Bean with object name Ratis:service=RaftServer,group=group-C68B1A57C8BB,id=a5208437-b67a-4a59-91c1-79d4e747a9e2
2021-11-15 10:01:07,433 [ForkJoinPool.commonPool-worker-0] INFO  impl.RoleInfo (RoleInfo.java:shutdownFollowerState(108)) - a5208437-b67a-4a59-91c1-79d4e747a9e2: shutdown a5208437-b67a-4a59-91c1-79d4e747a9e2@group-C68B1A57C8BB-FollowerState
2021-11-15 10:01:07,433 [ForkJoinPool.commonPool-worker-0] INFO  impl.StateMachineUpdater (StateMachineUpdater.java:stopAndJoin(149)) - a5208437-b67a-4a59-91c1-79d4e747a9e2@group-C68B1A57C8BB-StateMachineUpdater: set stopIndex = 12
2021-11-15 10:01:07,433 [a5208437-b67a-4a59-91c1-79d4e747a9e2@group-C68B1A57C8BB-FollowerState] INFO  impl.FollowerState (FollowerState.java:run(143)) - a5208437-b67a-4a59-91c1-79d4e747a9e2@group-C68B1A57C8BB-FollowerState was interrupted: {}
java.lang.InterruptedException: sleep interrupted
	at java.lang.Thread.sleep(Native Method)
	at java.lang.Thread.sleep(Thread.java:340)
	at java.util.concurrent.TimeUnit.sleep(TimeUnit.java:386)
	at org.apache.ratis.util.TimeDuration.sleep(TimeDuration.java:324)
	at org.apache.ratis.util.TimeDuration.sleep(TimeDuration.java:309)
	at org.apache.ratis.server.impl.FollowerState.run(FollowerState.java:118)
2021-11-15 10:01:07,434 [a5208437-b67a-4a59-91c1-79d4e747a9e2@group-C68B1A57C8BB-StateMachineUpdater] INFO  ratis.ContainerStateMachine (ContainerStateMachine.java:takeSnapshot(292)) - group-C68B1A57C8BB: Taking a snapshot at:(t:1, i:12) file /home/runner/work/ozone/ozone/hadoop-ozone/integration-test/target/test-dir/MiniOzoneClusterImpl-b6bde346-cb55-4fad-bd7f-e1da966a93e7/datanode-1/data/ratis/33a0542e-f327-46d0-9703-c68b1a57c8bb/sm/snapshot.1_12
2021-11-15 10:01:07,435 [a5208437-b67a-4a59-91c1-79d4e747a9e2@group-C68B1A57C8BB-StateMachineUpdater] INFO  ratis.ContainerStateMachine (ContainerStateMachine.java:takeSnapshot(303)) - group-C68B1A57C8BB: Finished taking a snapshot at:(t:1, i:12) file:/home/runner/work/ozone/ozone/hadoop-ozone/integration-test/target/test-dir/MiniOzoneClusterImpl-b6bde346-cb55-4fad-bd7f-e1da966a93e7/datanode-1/data/ratis/33a0542e-f327-46d0-9703-c68b1a57c8bb/sm/snapshot.1_12 took: 1 ms
2021-11-15 10:01:07,435 [a5208437-b67a-4a59-91c1-79d4e747a9e2@group-C68B1A57C8BB-StateMachineUpdater] INFO  impl.StateMachineUpdater (StateMachineUpdater.java:takeSnapshot(281)) - a5208437-b67a-4a59-91c1-79d4e747a9e2@group-C68B1A57C8BB-StateMachineUpdater: Took a snapshot at index 12
2021-11-15 10:01:07,435 [a5208437-b67a-4a59-91c1-79d4e747a9e2@group-C68B1A57C8BB-StateMachineUpdater] INFO  impl.StateMachineUpdater (StateMachineUpdater.java:lambda$new$0(89)) - a5208437-b67a-4a59-91c1-79d4e747a9e2@group-C68B1A57C8BB-StateMachineUpdater: snapshotIndex: updateIncreasingly -1 -> 12
2021-11-15 10:01:07,436 [ForkJoinPool.commonPool-worker-0] INFO  server.RaftServer$Division (ServerState.java:close(419)) - a5208437-b67a-4a59-91c1-79d4e747a9e2@group-C68B1A57C8BB: closes. applyIndex: 12
2021-11-15 10:01:07,436 [a5208437-b67a-4a59-91c1-79d4e747a9e2@group-C68B1A57C8BB-SegmentedRaftLogWorker] INFO  segmented.SegmentedRaftLogWorker (SegmentedRaftLogWorker.java:run(327)) - a5208437-b67a-4a59-91c1-79d4e747a9e2@group-C68B1A57C8BB-SegmentedRaftLogWorker was interrupted, exiting. There are 0 tasks remaining in the queue.
2021-11-15 10:01:07,437 [ForkJoinPool.commonPool-worker-0] INFO  segmented.SegmentedRaftLogWorker (SegmentedRaftLogWorker.java:close(237)) - a5208437-b67a-4a59-91c1-79d4e747a9e2@group-C68B1A57C8BB-SegmentedRaftLogWorker close()
2021-11-15 10:01:07,449 [Listener at 127.0.0.1/43215] INFO  server.GrpcService (GrpcService.java:closeImpl(262)) - a5208437-b67a-4a59-91c1-79d4e747a9e2: shutdown server with port 41529 now
2021-11-15 10:01:07,454 [Listener at 127.0.0.1/43215] INFO  server.GrpcService (GrpcService.java:closeImpl(271)) - a5208437-b67a-4a59-91c1-79d4e747a9e2: shutdown server with port 41529 successfully
2021-11-15 10:01:07,454 [org.apache.ratis.util.JvmPauseMonitor$$Lambda$532/1515984292@7cbcb2a2] INFO  util.JvmPauseMonitor (JvmPauseMonitor.java:run(109)) - JvmPauseMonitor-a5208437-b67a-4a59-91c1-79d4e747a9e2: Stopped
2021-11-15 10:01:07,455 [Listener at 127.0.0.1/43215] INFO  utils.BackgroundService (BackgroundService.java:shutdown(132)) - Shutting down service BlockDeletingService
2021-11-15 10:01:07,876 [5120cc87-b9ff-4d81-8e4f-818f73dade45@group-C68B1A57C8BB-FollowerState] INFO  impl.FollowerState (FollowerState.java:run(134)) - 5120cc87-b9ff-4d81-8e4f-818f73dade45@group-C68B1A57C8BB-FollowerState: change to CANDIDATE, lastRpcElapsedTime:8593672923ns, electionTimeout:5120ms
2021-11-15 10:01:07,876 [5120cc87-b9ff-4d81-8e4f-818f73dade45@group-C68B1A57C8BB-FollowerState] INFO  impl.RoleInfo (RoleInfo.java:shutdownFollowerState(108)) - 5120cc87-b9ff-4d81-8e4f-818f73dade45: shutdown 5120cc87-b9ff-4d81-8e4f-818f73dade45@group-C68B1A57C8BB-FollowerState
2021-11-15 10:01:07,877 [5120cc87-b9ff-4d81-8e4f-818f73dade45@group-C68B1A57C8BB-FollowerState] INFO  server.RaftServer$Division (RaftServerImpl.java:setRole(290)) - 5120cc87-b9ff-4d81-8e4f-818f73dade45@group-C68B1A57C8BB: changes role from  FOLLOWER to CANDIDATE at term 1 for changeToCandidate
2021-11-15 10:01:07,877 [5120cc87-b9ff-4d81-8e4f-818f73dade45@group-C68B1A57C8BB-FollowerState] INFO  server.RaftServerConfigKeys (ConfUtils.java:logGet(44)) - raft.server.leaderelection.pre-vote = false (custom)
2021-11-15 10:01:07,877 [5120cc87-b9ff-4d81-8e4f-818f73dade45@group-C68B1A57C8BB-FollowerState] INFO  impl.RoleInfo (RoleInfo.java:updateAndGet(130)) - 5120cc87-b9ff-4d81-8e4f-818f73dade45: start 5120cc87-b9ff-4d81-8e4f-818f73dade45@group-C68B1A57C8BB-LeaderElection22
2021-11-15 10:01:07,882 [5120cc87-b9ff-4d81-8e4f-818f73dade45@group-C68B1A57C8BB-LeaderElection22] INFO  server.RaftServer$Division (ServerState.java:setLeader(285)) - 5120cc87-b9ff-4d81-8e4f-818f73dade45@group-C68B1A57C8BB: change Leader from 003b3e8b-8375-416f-b9b0-c8bdf761ffc2 to null at term 1 for ELECTION
2021-11-15 10:01:07,885 [5120cc87-b9ff-4d81-8e4f-818f73dade45@group-C68B1A57C8BB-LeaderElection22] INFO  impl.LeaderElection (LeaderElection.java:askForVotes(306)) - 5120cc87-b9ff-4d81-8e4f-818f73dade45@group-C68B1A57C8BB-LeaderElection22 ELECTION round 0: submit vote requests at term 2 for 0: [5120cc87-b9ff-4d81-8e4f-818f73dade45|rpc:10.1.0.56:39907|dataStream:|priority:0, 003b3e8b-8375-416f-b9b0-c8bdf761ffc2|rpc:10.1.0.56:44495|dataStream:|priority:1, a5208437-b67a-4a59-91c1-79d4e747a9e2|rpc:10.1.0.56:41529|dataStream:|priority:0], old=null
2021-11-15 10:01:07,904 [5120cc87-b9ff-4d81-8e4f-818f73dade45@group-C68B1A57C8BB-LeaderElection22] INFO  impl.LeaderElection (LogUtils.java:infoOrTrace(137)) - 5120cc87-b9ff-4d81-8e4f-818f73dade45@group-C68B1A57C8BB-LeaderElection22 got exception when requesting votes: java.util.concurrent.ExecutionException: org.apache.ratis.thirdparty.io.grpc.StatusRuntimeException: UNAVAILABLE: io exception
2021-11-15 10:01:07,910 [5120cc87-b9ff-4d81-8e4f-818f73dade45@group-C68B1A57C8BB-LeaderElection22] INFO  impl.LeaderElection (LogUtils.java:infoOrTrace(137)) - 5120cc87-b9ff-4d81-8e4f-818f73dade45@group-C68B1A57C8BB-LeaderElection22 got exception when requesting votes: java.util.concurrent.ExecutionException: org.apache.ratis.thirdparty.io.grpc.StatusRuntimeException: UNAVAILABLE: io exception
2021-11-15 10:01:07,910 [5120cc87-b9ff-4d81-8e4f-818f73dade45@group-C68B1A57C8BB-LeaderElection22] INFO  impl.LeaderElection (LeaderElection.java:logAndReturn(89)) - 5120cc87-b9ff-4d81-8e4f-818f73dade45@group-C68B1A57C8BB-LeaderElection22: ELECTION REJECTED received 0 response(s) and 2 exception(s):
2021-11-15 10:01:07,911 [5120cc87-b9ff-4d81-8e4f-818f73dade45@group-C68B1A57C8BB-LeaderElection22] INFO  impl.LeaderElection (LogUtils.java:infoOrTrace(137)) -   Exception 0: java.util.concurrent.ExecutionException: org.apache.ratis.thirdparty.io.grpc.StatusRuntimeException: UNAVAILABLE: io exception
2021-11-15 10:01:07,911 [5120cc87-b9ff-4d81-8e4f-818f73dade45@group-C68B1A57C8BB-LeaderElection22] INFO  impl.LeaderElection (LogUtils.java:infoOrTrace(137)) -   Exception 1: java.util.concurrent.ExecutionException: org.apache.ratis.thirdparty.io.grpc.StatusRuntimeException: UNAVAILABLE: io exception
2021-11-15 10:01:07,911 [5120cc87-b9ff-4d81-8e4f-818f73dade45@group-C68B1A57C8BB-LeaderElection22] INFO  impl.LeaderElection (LeaderElection.java:askForVotes(308)) - 5120cc87-b9ff-4d81-8e4f-818f73dade45@group-C68B1A57C8BB-LeaderElection22 ELECTION round 0: result REJECTED
2021-11-15 10:01:07,911 [5120cc87-b9ff-4d81-8e4f-818f73dade45@group-C68B1A57C8BB-LeaderElection22] INFO  server.RaftServer$Division (RaftServerImpl.java:setRole(290)) - 5120cc87-b9ff-4d81-8e4f-818f73dade45@group-C68B1A57C8BB: changes role from CANDIDATE to FOLLOWER at term 2 for REJECTED
2021-11-15 10:01:07,911 [5120cc87-b9ff-4d81-8e4f-818f73dade45@group-C68B1A57C8BB-LeaderElection22] INFO  impl.RoleInfo (RoleInfo.java:shutdownLeaderElection(121)) - 5120cc87-b9ff-4d81-8e4f-818f73dade45: shutdown 5120cc87-b9ff-4d81-8e4f-818f73dade45@group-C68B1A57C8BB-LeaderElection22
2021-11-15 10:01:07,911 [5120cc87-b9ff-4d81-8e4f-818f73dade45@group-C68B1A57C8BB-LeaderElection22] INFO  impl.RoleInfo (RoleInfo.java:updateAndGet(130)) - 5120cc87-b9ff-4d81-8e4f-818f73dade45: start 5120cc87-b9ff-4d81-8e4f-818f73dade45@group-C68B1A57C8BB-FollowerState
2021-11-15 10:01:08,018 [d804d820-4532-49b1-b366-ad6b8b9e72b3@group-4A8E582C3D20-FollowerState] INFO  impl.FollowerState (FollowerState.java:run(134)) - d804d820-4532-49b1-b366-ad6b8b9e72b3@group-4A8E582C3D20-FollowerState: change to CANDIDATE, lastRpcElapsedTime:5043616889ns, electionTimeout:5034ms
2021-11-15 10:01:08,018 [d804d820-4532-49b1-b366-ad6b8b9e72b3@group-4A8E582C3D20-FollowerState] INFO  impl.RoleInfo (RoleInfo.java:shutdownFollowerState(108)) - d804d820-4532-49b1-b366-ad6b8b9e72b3: shutdown d804d820-4532-49b1-b366-ad6b8b9e72b3@group-4A8E582C3D20-FollowerState
2021-11-15 10:01:08,018 [d804d820-4532-49b1-b366-ad6b8b9e72b3@group-4A8E582C3D20-FollowerState] INFO  server.RaftServer$Division (RaftServerImpl.java:setRole(290)) - d804d820-4532-49b1-b366-ad6b8b9e72b3@group-4A8E582C3D20: changes role from  FOLLOWER to CANDIDATE at term 4 for changeToCandidate
2021-11-15 10:01:08,018 [d804d820-4532-49b1-b366-ad6b8b9e72b3@group-4A8E582C3D20-FollowerState] INFO  server.RaftServerConfigKeys (ConfUtils.java:logGet(44)) - raft.server.leaderelection.pre-vote = false (custom)
2021-11-15 10:01:08,018 [d804d820-4532-49b1-b366-ad6b8b9e72b3@group-4A8E582C3D20-FollowerState] INFO  impl.RoleInfo (RoleInfo.java:updateAndGet(130)) - d804d820-4532-49b1-b366-ad6b8b9e72b3: start d804d820-4532-49b1-b366-ad6b8b9e72b3@group-4A8E582C3D20-LeaderElection23
2021-11-15 10:01:08,045 [d804d820-4532-49b1-b366-ad6b8b9e72b3@group-4A8E582C3D20-LeaderElection23] INFO  impl.LeaderElection (LeaderElection.java:askForVotes(306)) - d804d820-4532-49b1-b366-ad6b8b9e72b3@group-4A8E582C3D20-LeaderElection23 ELECTION round 0: submit vote requests at term 5 for -1: [d804d820-4532-49b1-b366-ad6b8b9e72b3|rpc:10.1.0.56:37399|dataStream:|priority:0, a90e3e6e-a337-4ecb-a7be-5aa85bd5c784|rpc:10.1.0.56:44193|dataStream:|priority:0, acb9c8cb-4d3e-4a6b-b679-e47efd30f020|rpc:10.1.0.56:33205|dataStream:|priority:1], old=null
2021-11-15 10:01:08,057 [grpc-default-executor-2] INFO  server.RaftServer$Division (RaftServerImpl.java:requestVote(1046)) - a90e3e6e-a337-4ecb-a7be-5aa85bd5c784@group-4A8E582C3D20: receive requestVote(ELECTION, d804d820-4532-49b1-b366-ad6b8b9e72b3, group-4A8E582C3D20, 5, (t:0, i:0))
2021-11-15 10:01:08,057 [grpc-default-executor-2] INFO  impl.VoteContext (VoteContext.java:log(48)) - a90e3e6e-a337-4ecb-a7be-5aa85bd5c784@group-4A8E582C3D20-FOLLOWER: accept ELECTION from d804d820-4532-49b1-b366-ad6b8b9e72b3: our priority 0 <= candidate's priority 0
2021-11-15 10:01:08,057 [grpc-default-executor-2] INFO  server.RaftServer$Division (RaftServerImpl.java:setRole(290)) - a90e3e6e-a337-4ecb-a7be-5aa85bd5c784@group-4A8E582C3D20: changes role from  FOLLOWER to FOLLOWER at term 5 for candidate:d804d820-4532-49b1-b366-ad6b8b9e72b3
2021-11-15 10:01:08,057 [grpc-default-executor-2] INFO  impl.RoleInfo (RoleInfo.java:shutdownFollowerState(108)) - a90e3e6e-a337-4ecb-a7be-5aa85bd5c784: shutdown a90e3e6e-a337-4ecb-a7be-5aa85bd5c784@group-4A8E582C3D20-FollowerState
2021-11-15 10:01:08,057 [grpc-default-executor-2] INFO  impl.RoleInfo (RoleInfo.java:updateAndGet(130)) - a90e3e6e-a337-4ecb-a7be-5aa85bd5c784: start a90e3e6e-a337-4ecb-a7be-5aa85bd5c784@group-4A8E582C3D20-FollowerState
2021-11-15 10:01:08,057 [a90e3e6e-a337-4ecb-a7be-5aa85bd5c784@group-4A8E582C3D20-FollowerState] INFO  impl.FollowerState (FollowerState.java:run(143)) - a90e3e6e-a337-4ecb-a7be-5aa85bd5c784@group-4A8E582C3D20-FollowerState was interrupted: {}
java.lang.InterruptedException: sleep interrupted
	at java.lang.Thread.sleep(Native Method)
	at java.lang.Thread.sleep(Thread.java:340)
	at java.util.concurrent.TimeUnit.sleep(TimeUnit.java:386)
	at org.apache.ratis.util.TimeDuration.sleep(TimeDuration.java:324)
	at org.apache.ratis.util.TimeDuration.sleep(TimeDuration.java:309)
	at org.apache.ratis.server.impl.FollowerState.run(FollowerState.java:118)
2021-11-15 10:01:08,067 [grpc-default-executor-2] INFO  server.RaftServer$Division (RaftServerImpl.java:requestVote(1078)) - a90e3e6e-a337-4ecb-a7be-5aa85bd5c784@group-4A8E582C3D20 replies to ELECTION vote request: d804d820-4532-49b1-b366-ad6b8b9e72b3<-a90e3e6e-a337-4ecb-a7be-5aa85bd5c784#0:OK-t5. Peer's state: a90e3e6e-a337-4ecb-a7be-5aa85bd5c784@group-4A8E582C3D20:t5, leader=null, voted=d804d820-4532-49b1-b366-ad6b8b9e72b3, raftlog=a90e3e6e-a337-4ecb-a7be-5aa85bd5c784@group-4A8E582C3D20-SegmentedRaftLog:OPENED:c-1, conf=-1: [d804d820-4532-49b1-b366-ad6b8b9e72b3|rpc:10.1.0.56:37399|dataStream:|priority:0, a90e3e6e-a337-4ecb-a7be-5aa85bd5c784|rpc:10.1.0.56:44193|dataStream:|priority:0, acb9c8cb-4d3e-4a6b-b679-e47efd30f020|rpc:10.1.0.56:33205|dataStream:|priority:1], old=null
2021-11-15 10:01:08,072 [grpc-default-executor-1] INFO  server.RaftServer$Division (RaftServerImpl.java:requestVote(1046)) - acb9c8cb-4d3e-4a6b-b679-e47efd30f020@group-4A8E582C3D20: receive requestVote(ELECTION, d804d820-4532-49b1-b366-ad6b8b9e72b3, group-4A8E582C3D20, 5, (t:0, i:0))
2021-11-15 10:01:08,073 [grpc-default-executor-1] INFO  impl.VoteContext (VoteContext.java:log(48)) - acb9c8cb-4d3e-4a6b-b679-e47efd30f020@group-4A8E582C3D20-FOLLOWER: reject ELECTION from d804d820-4532-49b1-b366-ad6b8b9e72b3: our priority 1 > candidate's priority 0
2021-11-15 10:01:08,073 [grpc-default-executor-1] INFO  server.RaftServer$Division (RaftServerImpl.java:setRole(290)) - acb9c8cb-4d3e-4a6b-b679-e47efd30f020@group-4A8E582C3D20: changes role from  FOLLOWER to FOLLOWER at term 5 for candidate:d804d820-4532-49b1-b366-ad6b8b9e72b3
2021-11-15 10:01:08,073 [grpc-default-executor-1] INFO  impl.RoleInfo (RoleInfo.java:shutdownFollowerState(108)) - acb9c8cb-4d3e-4a6b-b679-e47efd30f020: shutdown acb9c8cb-4d3e-4a6b-b679-e47efd30f020@group-4A8E582C3D20-FollowerState
2021-11-15 10:01:08,073 [grpc-default-executor-1] INFO  impl.RoleInfo (RoleInfo.java:updateAndGet(130)) - acb9c8cb-4d3e-4a6b-b679-e47efd30f020: start acb9c8cb-4d3e-4a6b-b679-e47efd30f020@group-4A8E582C3D20-FollowerState
2021-11-15 10:01:08,073 [acb9c8cb-4d3e-4a6b-b679-e47efd30f020@group-4A8E582C3D20-FollowerState] INFO  impl.FollowerState (FollowerState.java:run(143)) - acb9c8cb-4d3e-4a6b-b679-e47efd30f020@group-4A8E582C3D20-FollowerState was interrupted: {}
java.lang.InterruptedException: sleep interrupted
	at java.lang.Thread.sleep(Native Method)
	at java.lang.Thread.sleep(Thread.java:340)
	at java.util.concurrent.TimeUnit.sleep(TimeUnit.java:386)
	at org.apache.ratis.util.TimeDuration.sleep(TimeDuration.java:324)
	at org.apache.ratis.util.TimeDuration.sleep(TimeDuration.java:309)
	at org.apache.ratis.server.impl.FollowerState.run(FollowerState.java:118)
2021-11-15 10:01:08,083 [grpc-default-executor-1] INFO  server.RaftServer$Division (RaftServerImpl.java:requestVote(1078)) - acb9c8cb-4d3e-4a6b-b679-e47efd30f020@group-4A8E582C3D20 replies to ELECTION vote request: d804d820-4532-49b1-b366-ad6b8b9e72b3<-acb9c8cb-4d3e-4a6b-b679-e47efd30f020#0:FAIL-t5. Peer's state: acb9c8cb-4d3e-4a6b-b679-e47efd30f020@group-4A8E582C3D20:t5, leader=null, voted=null, raftlog=acb9c8cb-4d3e-4a6b-b679-e47efd30f020@group-4A8E582C3D20-SegmentedRaftLog:OPENED:c-1, conf=-1: [d804d820-4532-49b1-b366-ad6b8b9e72b3|rpc:10.1.0.56:37399|priority:0, a90e3e6e-a337-4ecb-a7be-5aa85bd5c784|rpc:10.1.0.56:44193|priority:0, acb9c8cb-4d3e-4a6b-b679-e47efd30f020|rpc:10.1.0.56:33205|priority:1], old=null
2021-11-15 10:01:08,084 [d804d820-4532-49b1-b366-ad6b8b9e72b3@group-4A8E582C3D20-LeaderElection23] INFO  impl.LeaderElection (LeaderElection.java:logAndReturn(89)) - d804d820-4532-49b1-b366-ad6b8b9e72b3@group-4A8E582C3D20-LeaderElection23: ELECTION REJECTED received 2 response(s) and 0 exception(s):
2021-11-15 10:01:08,084 [d804d820-4532-49b1-b366-ad6b8b9e72b3@group-4A8E582C3D20-LeaderElection23] INFO  impl.LeaderElection (LeaderElection.java:logAndReturn(93)) -   Response 0: d804d820-4532-49b1-b366-ad6b8b9e72b3<-a90e3e6e-a337-4ecb-a7be-5aa85bd5c784#0:OK-t5
2021-11-15 10:01:08,084 [d804d820-4532-49b1-b366-ad6b8b9e72b3@group-4A8E582C3D20-LeaderElection23] INFO  impl.LeaderElection (LeaderElection.java:logAndReturn(93)) -   Response 1: d804d820-4532-49b1-b366-ad6b8b9e72b3<-acb9c8cb-4d3e-4a6b-b679-e47efd30f020#0:FAIL-t5
2021-11-15 10:01:08,084 [d804d820-4532-49b1-b366-ad6b8b9e72b3@group-4A8E582C3D20-LeaderElection23] INFO  impl.LeaderElection (LeaderElection.java:askForVotes(308)) - d804d820-4532-49b1-b366-ad6b8b9e72b3@group-4A8E582C3D20-LeaderElection23 ELECTION round 0: result REJECTED
2021-11-15 10:01:08,084 [d804d820-4532-49b1-b366-ad6b8b9e72b3@group-4A8E582C3D20-LeaderElection23] INFO  server.RaftServer$Division (RaftServerImpl.java:setRole(290)) - d804d820-4532-49b1-b366-ad6b8b9e72b3@group-4A8E582C3D20: changes role from CANDIDATE to FOLLOWER at term 5 for REJECTED
2021-11-15 10:01:08,085 [d804d820-4532-49b1-b366-ad6b8b9e72b3@group-4A8E582C3D20-LeaderElection23] INFO  impl.RoleInfo (RoleInfo.java:shutdownLeaderElection(121)) - d804d820-4532-49b1-b366-ad6b8b9e72b3: shutdown d804d820-4532-49b1-b366-ad6b8b9e72b3@group-4A8E582C3D20-LeaderElection23
2021-11-15 10:01:08,085 [d804d820-4532-49b1-b366-ad6b8b9e72b3@group-4A8E582C3D20-LeaderElection23] INFO  impl.RoleInfo (RoleInfo.java:updateAndGet(130)) - d804d820-4532-49b1-b366-ad6b8b9e72b3: start d804d820-4532-49b1-b366-ad6b8b9e72b3@group-4A8E582C3D20-FollowerState
2021-11-15 10:01:08,158 [acb9c8cb-4d3e-4a6b-b679-e47efd30f020@group-B155B082459A-FollowerState] INFO  impl.FollowerState (FollowerState.java:run(134)) - acb9c8cb-4d3e-4a6b-b679-e47efd30f020@group-B155B082459A-FollowerState: change to CANDIDATE, lastRpcElapsedTime:5054747950ns, electionTimeout:5035ms
2021-11-15 10:01:08,158 [acb9c8cb-4d3e-4a6b-b679-e47efd30f020@group-B155B082459A-FollowerState] INFO  impl.RoleInfo (RoleInfo.java:shutdownFollowerState(108)) - acb9c8cb-4d3e-4a6b-b679-e47efd30f020: shutdown acb9c8cb-4d3e-4a6b-b679-e47efd30f020@group-B155B082459A-FollowerState
2021-11-15 10:01:08,158 [acb9c8cb-4d3e-4a6b-b679-e47efd30f020@group-B155B082459A-FollowerState] INFO  server.RaftServer$Division (RaftServerImpl.java:setRole(290)) - acb9c8cb-4d3e-4a6b-b679-e47efd30f020@group-B155B082459A: changes role from  FOLLOWER to CANDIDATE at term 3 for changeToCandidate
2021-11-15 10:01:08,158 [acb9c8cb-4d3e-4a6b-b679-e47efd30f020@group-B155B082459A-FollowerState] INFO  server.RaftServerConfigKeys (ConfUtils.java:logGet(44)) - raft.server.leaderelection.pre-vote = false (custom)
2021-11-15 10:01:08,159 [acb9c8cb-4d3e-4a6b-b679-e47efd30f020@group-B155B082459A-FollowerState] INFO  impl.RoleInfo (RoleInfo.java:updateAndGet(130)) - acb9c8cb-4d3e-4a6b-b679-e47efd30f020: start acb9c8cb-4d3e-4a6b-b679-e47efd30f020@group-B155B082459A-LeaderElection24
2021-11-15 10:01:08,167 [acb9c8cb-4d3e-4a6b-b679-e47efd30f020@group-B155B082459A-LeaderElection24] INFO  impl.LeaderElection (LeaderElection.java:askForVotes(306)) - acb9c8cb-4d3e-4a6b-b679-e47efd30f020@group-B155B082459A-LeaderElection24 ELECTION round 0: submit vote requests at term 4 for -1: [d804d820-4532-49b1-b366-ad6b8b9e72b3|rpc:10.1.0.56:37399|priority:1, a90e3e6e-a337-4ecb-a7be-5aa85bd5c784|rpc:10.1.0.56:44193|priority:0, acb9c8cb-4d3e-4a6b-b679-e47efd30f020|rpc:10.1.0.56:33205|priority:0], old=null
2021-11-15 10:01:08,176 [grpc-default-executor-1] INFO  server.RaftServer$Division (RaftServerImpl.java:requestVote(1046)) - d804d820-4532-49b1-b366-ad6b8b9e72b3@group-B155B082459A: receive requestVote(ELECTION, acb9c8cb-4d3e-4a6b-b679-e47efd30f020, group-B155B082459A, 4, (t:0, i:0))
2021-11-15 10:01:08,177 [grpc-default-executor-1] INFO  impl.VoteContext (VoteContext.java:log(48)) - d804d820-4532-49b1-b366-ad6b8b9e72b3@group-B155B082459A-FOLLOWER: reject ELECTION from acb9c8cb-4d3e-4a6b-b679-e47efd30f020: our priority 1 > candidate's priority 0
2021-11-15 10:01:08,177 [grpc-default-executor-1] INFO  server.RaftServer$Division (RaftServerImpl.java:setRole(290)) - d804d820-4532-49b1-b366-ad6b8b9e72b3@group-B155B082459A: changes role from  FOLLOWER to FOLLOWER at term 4 for candidate:acb9c8cb-4d3e-4a6b-b679-e47efd30f020
2021-11-15 10:01:08,177 [grpc-default-executor-1] INFO  impl.RoleInfo (RoleInfo.java:shutdownFollowerState(108)) - d804d820-4532-49b1-b366-ad6b8b9e72b3: shutdown d804d820-4532-49b1-b366-ad6b8b9e72b3@group-B155B082459A-FollowerState
2021-11-15 10:01:08,183 [grpc-default-executor-1] INFO  impl.RoleInfo (RoleInfo.java:updateAndGet(130)) - d804d820-4532-49b1-b366-ad6b8b9e72b3: start d804d820-4532-49b1-b366-ad6b8b9e72b3@group-B155B082459A-FollowerState
2021-11-15 10:01:08,183 [d804d820-4532-49b1-b366-ad6b8b9e72b3@group-B155B082459A-FollowerState] INFO  impl.FollowerState (FollowerState.java:run(143)) - d804d820-4532-49b1-b366-ad6b8b9e72b3@group-B155B082459A-FollowerState was interrupted: {}
java.lang.InterruptedException: sleep interrupted
	at java.lang.Thread.sleep(Native Method)
	at java.lang.Thread.sleep(Thread.java:340)
	at java.util.concurrent.TimeUnit.sleep(TimeUnit.java:386)
	at org.apache.ratis.util.TimeDuration.sleep(TimeDuration.java:324)
	at org.apache.ratis.util.TimeDuration.sleep(TimeDuration.java:309)
	at org.apache.ratis.server.impl.FollowerState.run(FollowerState.java:118)
2021-11-15 10:01:08,185 [grpc-default-executor-2] INFO  server.RaftServer$Division (RaftServerImpl.java:requestVote(1046)) - a90e3e6e-a337-4ecb-a7be-5aa85bd5c784@group-B155B082459A: receive requestVote(ELECTION, acb9c8cb-4d3e-4a6b-b679-e47efd30f020, group-B155B082459A, 4, (t:0, i:0))
2021-11-15 10:01:08,185 [grpc-default-executor-2] INFO  impl.VoteContext (VoteContext.java:log(48)) - a90e3e6e-a337-4ecb-a7be-5aa85bd5c784@group-B155B082459A-FOLLOWER: accept ELECTION from acb9c8cb-4d3e-4a6b-b679-e47efd30f020: our priority 0 <= candidate's priority 0
2021-11-15 10:01:08,185 [grpc-default-executor-2] INFO  server.RaftServer$Division (RaftServerImpl.java:setRole(290)) - a90e3e6e-a337-4ecb-a7be-5aa85bd5c784@group-B155B082459A: changes role from  FOLLOWER to FOLLOWER at term 4 for candidate:acb9c8cb-4d3e-4a6b-b679-e47efd30f020
2021-11-15 10:01:08,185 [grpc-default-executor-2] INFO  impl.RoleInfo (RoleInfo.java:shutdownFollowerState(108)) - a90e3e6e-a337-4ecb-a7be-5aa85bd5c784: shutdown a90e3e6e-a337-4ecb-a7be-5aa85bd5c784@group-B155B082459A-FollowerState
2021-11-15 10:01:08,191 [a90e3e6e-a337-4ecb-a7be-5aa85bd5c784@group-B155B082459A-FollowerState] INFO  impl.FollowerState (FollowerState.java:run(143)) - a90e3e6e-a337-4ecb-a7be-5aa85bd5c784@group-B155B082459A-FollowerState was interrupted: {}
java.lang.InterruptedException: sleep interrupted
	at java.lang.Thread.sleep(Native Method)
	at java.lang.Thread.sleep(Thread.java:340)
	at java.util.concurrent.TimeUnit.sleep(TimeUnit.java:386)
	at org.apache.ratis.util.TimeDuration.sleep(TimeDuration.java:324)
	at org.apache.ratis.util.TimeDuration.sleep(TimeDuration.java:309)
	at org.apache.ratis.server.impl.FollowerState.run(FollowerState.java:118)
2021-11-15 10:01:08,191 [grpc-default-executor-2] INFO  impl.RoleInfo (RoleInfo.java:updateAndGet(130)) - a90e3e6e-a337-4ecb-a7be-5aa85bd5c784: start a90e3e6e-a337-4ecb-a7be-5aa85bd5c784@group-B155B082459A-FollowerState
2021-11-15 10:01:08,192 [grpc-default-executor-1] INFO  server.RaftServer$Division (RaftServerImpl.java:requestVote(1078)) - d804d820-4532-49b1-b366-ad6b8b9e72b3@group-B155B082459A replies to ELECTION vote request: acb9c8cb-4d3e-4a6b-b679-e47efd30f020<-d804d820-4532-49b1-b366-ad6b8b9e72b3#0:FAIL-t4. Peer's state: d804d820-4532-49b1-b366-ad6b8b9e72b3@group-B155B082459A:t4, leader=null, voted=null, raftlog=d804d820-4532-49b1-b366-ad6b8b9e72b3@group-B155B082459A-SegmentedRaftLog:OPENED:c-1, conf=-1: [d804d820-4532-49b1-b366-ad6b8b9e72b3|rpc:10.1.0.56:37399|priority:1, a90e3e6e-a337-4ecb-a7be-5aa85bd5c784|rpc:10.1.0.56:44193|priority:0, acb9c8cb-4d3e-4a6b-b679-e47efd30f020|rpc:10.1.0.56:33205|priority:0], old=null
2021-11-15 10:01:08,195 [acb9c8cb-4d3e-4a6b-b679-e47efd30f020@group-B155B082459A-LeaderElection24] INFO  impl.LeaderElection (LeaderElection.java:logAndReturn(89)) - acb9c8cb-4d3e-4a6b-b679-e47efd30f020@group-B155B082459A-LeaderElection24: ELECTION REJECTED received 1 response(s) and 0 exception(s):
2021-11-15 10:01:08,195 [acb9c8cb-4d3e-4a6b-b679-e47efd30f020@group-B155B082459A-LeaderElection24] INFO  impl.LeaderElection (LeaderElection.java:logAndReturn(93)) -   Response 0: acb9c8cb-4d3e-4a6b-b679-e47efd30f020<-d804d820-4532-49b1-b366-ad6b8b9e72b3#0:FAIL-t4
2021-11-15 10:01:08,195 [acb9c8cb-4d3e-4a6b-b679-e47efd30f020@group-B155B082459A-LeaderElection24] INFO  impl.LeaderElection (LeaderElection.java:askForVotes(308)) - acb9c8cb-4d3e-4a6b-b679-e47efd30f020@group-B155B082459A-LeaderElection24 ELECTION round 0: result REJECTED
2021-11-15 10:01:08,195 [acb9c8cb-4d3e-4a6b-b679-e47efd30f020@group-B155B082459A-LeaderElection24] INFO  server.RaftServer$Division (RaftServerImpl.java:setRole(290)) - acb9c8cb-4d3e-4a6b-b679-e47efd30f020@group-B155B082459A: changes role from CANDIDATE to FOLLOWER at term 4 for REJECTED
2021-11-15 10:01:08,195 [acb9c8cb-4d3e-4a6b-b679-e47efd30f020@group-B155B082459A-LeaderElection24] INFO  impl.RoleInfo (RoleInfo.java:shutdownLeaderElection(121)) - acb9c8cb-4d3e-4a6b-b679-e47efd30f020: shutdown acb9c8cb-4d3e-4a6b-b679-e47efd30f020@group-B155B082459A-LeaderElection24
2021-11-15 10:01:08,195 [acb9c8cb-4d3e-4a6b-b679-e47efd30f020@group-B155B082459A-LeaderElection24] INFO  impl.RoleInfo (RoleInfo.java:updateAndGet(130)) - acb9c8cb-4d3e-4a6b-b679-e47efd30f020: start acb9c8cb-4d3e-4a6b-b679-e47efd30f020@group-B155B082459A-FollowerState
2021-11-15 10:01:08,196 [grpc-default-executor-2] INFO  server.RaftServer$Division (RaftServerImpl.java:requestVote(1078)) - a90e3e6e-a337-4ecb-a7be-5aa85bd5c784@group-B155B082459A replies to ELECTION vote request: acb9c8cb-4d3e-4a6b-b679-e47efd30f020<-a90e3e6e-a337-4ecb-a7be-5aa85bd5c784#0:OK-t4. Peer's state: a90e3e6e-a337-4ecb-a7be-5aa85bd5c784@group-B155B082459A:t4, leader=null, voted=acb9c8cb-4d3e-4a6b-b679-e47efd30f020, raftlog=a90e3e6e-a337-4ecb-a7be-5aa85bd5c784@group-B155B082459A-SegmentedRaftLog:OPENED:c-1, conf=-1: [d804d820-4532-49b1-b366-ad6b8b9e72b3|rpc:10.1.0.56:37399|dataStream:|priority:1, a90e3e6e-a337-4ecb-a7be-5aa85bd5c784|rpc:10.1.0.56:44193|dataStream:|priority:0, acb9c8cb-4d3e-4a6b-b679-e47efd30f020|rpc:10.1.0.56:33205|dataStream:|priority:0], old=null
2021-11-15 10:01:10,467 [Listener at 127.0.0.1/43215] INFO  statemachine.DatanodeStateMachine (DatanodeStateMachine.java:stopDaemon(526)) - Ozone container server stopped.
2021-11-15 10:01:10,468 [Listener at 127.0.0.1/43215] INFO  handler.ContextHandler (ContextHandler.java:doStop(1153)) - Stopped o.e.j.w.WebAppContext@7a8892e5{hddsDatanode,/,null,STOPPED}{jar:file:/home/runner/.m2/repository/org/apache/ozone/hdds-container-service/1.2.0-SNAPSHOT/hdds-container-service-1.2.0-SNAPSHOT.jar!/webapps/hddsDatanode}
2021-11-15 10:01:10,469 [Listener at 127.0.0.1/43215] INFO  server.AbstractConnector (AbstractConnector.java:doStop(381)) - Stopped ServerConnector@7c57d533{HTTP/1.1, (http/1.1)}{0.0.0.0:0}
2021-11-15 10:01:10,469 [Listener at 127.0.0.1/43215] INFO  server.session (HouseKeeper.java:stopScavenging(149)) - node0 Stopped scavenging
2021-11-15 10:01:10,469 [Listener at 127.0.0.1/43215] INFO  handler.ContextHandler (ContextHandler.java:doStop(1153)) - Stopped o.e.j.s.ServletContextHandler@44cd1ec0{static,/static,jar:file:/home/runner/.m2/repository/org/apache/ozone/hdds-container-service/1.2.0-SNAPSHOT/hdds-container-service-1.2.0-SNAPSHOT.jar!/webapps/static,STOPPED}
2021-11-15 10:01:10,469 [Listener at 127.0.0.1/43215] INFO  handler.ContextHandler (ContextHandler.java:doStop(1153)) - Stopped o.e.j.s.ServletContextHandler@4e974d3e{logs,/logs,file:///home/runner/work/ozone/ozone/hadoop-ozone/integration-test/target/log,STOPPED}
2021-11-15 10:01:11,985 [EventQueue-StaleNodeForStaleNodeHandler] INFO  node.StaleNodeHandler (StaleNodeHandler.java:onMessage(58)) - Datanode a5208437-b67a-4a59-91c1-79d4e747a9e2{ip: 10.1.0.56, host: fv-az12-743.exdb2aeach2ezidoxz41lk3bwg.cx.internal.cloudapp.net, ports: [REPLICATION=43917, RATIS=41529, RATIS_ADMIN=41529, RATIS_SERVER=41529, STANDALONE=36855], networkLocation: /default-rack, certSerialId: null, persistedOpState: IN_SERVICE, persistedOpStateExpiryEpochSec: 0} moved to stale state. Finalizing its pipelines [PipelineID=6b80ec7e-7769-4d47-a846-958034fb3cb9, PipelineID=28580443-686b-4e66-9fdd-66a3e2895c5d, PipelineID=33a0542e-f327-46d0-9703-c68b1a57c8bb]
2021-11-15 10:01:11,985 [EventQueue-StaleNodeForStaleNodeHandler] INFO  pipeline.PipelineManagerImpl (PipelineManagerImpl.java:closePipeline(349)) - Pipeline Pipeline[ Id: 28580443-686b-4e66-9fdd-66a3e2895c5d, Nodes: a5208437-b67a-4a59-91c1-79d4e747a9e2{ip: 10.1.0.56, host: fv-az12-743.exdb2aeach2ezidoxz41lk3bwg.cx.internal.cloudapp.net, ports: [REPLICATION=43917, RATIS=41529, RATIS_ADMIN=41529, RATIS_SERVER=41529, STANDALONE=36855], networkLocation: /default-rack, certSerialId: null, persistedOpState: IN_SERVICE, persistedOpStateExpiryEpochSec: 0}, ReplicationConfig: RATIS/ONE, State:OPEN, leaderId:a5208437-b67a-4a59-91c1-79d4e747a9e2, CreationTimestamp2021-11-15T10:00:43.820Z[Etc/UTC]] moved to CLOSED state
2021-11-15 10:01:12,229 [5120cc87-b9ff-4d81-8e4f-818f73dade45@group-958034FB3CB9-FollowerState] INFO  impl.FollowerState (FollowerState.java:run(134)) - 5120cc87-b9ff-4d81-8e4f-818f73dade45@group-958034FB3CB9-FollowerState: change to CANDIDATE, lastRpcElapsedTime:5241995008ns, electionTimeout:5129ms
2021-11-15 10:01:12,229 [5120cc87-b9ff-4d81-8e4f-818f73dade45@group-958034FB3CB9-FollowerState] INFO  impl.RoleInfo (RoleInfo.java:shutdownFollowerState(108)) - 5120cc87-b9ff-4d81-8e4f-818f73dade45: shutdown 5120cc87-b9ff-4d81-8e4f-818f73dade45@group-958034FB3CB9-FollowerState
2021-11-15 10:01:12,229 [5120cc87-b9ff-4d81-8e4f-818f73dade45@group-958034FB3CB9-FollowerState] INFO  server.RaftServer$Division (RaftServerImpl.java:setRole(290)) - 5120cc87-b9ff-4d81-8e4f-818f73dade45@group-958034FB3CB9: changes role from  FOLLOWER to CANDIDATE at term 2 for changeToCandidate
2021-11-15 10:01:12,229 [5120cc87-b9ff-4d81-8e4f-818f73dade45@group-958034FB3CB9-FollowerState] INFO  server.RaftServerConfigKeys (ConfUtils.java:logGet(44)) - raft.server.leaderelection.pre-vote = false (custom)
2021-11-15 10:01:12,229 [5120cc87-b9ff-4d81-8e4f-818f73dade45@group-958034FB3CB9-FollowerState] INFO  impl.RoleInfo (RoleInfo.java:updateAndGet(130)) - 5120cc87-b9ff-4d81-8e4f-818f73dade45: start 5120cc87-b9ff-4d81-8e4f-818f73dade45@group-958034FB3CB9-LeaderElection25
2021-11-15 10:01:12,243 [5120cc87-b9ff-4d81-8e4f-818f73dade45@group-958034FB3CB9-LeaderElection25] INFO  server.RaftServer$Division (ServerState.java:setLeader(285)) - 5120cc87-b9ff-4d81-8e4f-818f73dade45@group-958034FB3CB9: change Leader from a5208437-b67a-4a59-91c1-79d4e747a9e2 to null at term 2 for ELECTION
2021-11-15 10:01:12,245 [5120cc87-b9ff-4d81-8e4f-818f73dade45@group-958034FB3CB9-LeaderElection25] INFO  impl.LeaderElection (LeaderElection.java:askForVotes(306)) - 5120cc87-b9ff-4d81-8e4f-818f73dade45@group-958034FB3CB9-LeaderElection25 ELECTION round 0: submit vote requests at term 3 for 0: [5120cc87-b9ff-4d81-8e4f-818f73dade45|rpc:10.1.0.56:39907|dataStream:|priority:0, 003b3e8b-8375-416f-b9b0-c8bdf761ffc2|rpc:10.1.0.56:44495|dataStream:|priority:0, a5208437-b67a-4a59-91c1-79d4e747a9e2|rpc:10.1.0.56:41529|dataStream:|priority:1], old=null
2021-11-15 10:01:12,256 [5120cc87-b9ff-4d81-8e4f-818f73dade45@group-958034FB3CB9-LeaderElection25] INFO  impl.LeaderElection (LogUtils.java:infoOrTrace(137)) - 5120cc87-b9ff-4d81-8e4f-818f73dade45@group-958034FB3CB9-LeaderElection25 got exception when requesting votes: java.util.concurrent.ExecutionException: org.apache.ratis.thirdparty.io.grpc.StatusRuntimeException: UNAVAILABLE: io exception
2021-11-15 10:01:12,256 [5120cc87-b9ff-4d81-8e4f-818f73dade45@group-958034FB3CB9-LeaderElection25] INFO  impl.LeaderElection (LogUtils.java:infoOrTrace(137)) - 5120cc87-b9ff-4d81-8e4f-818f73dade45@group-958034FB3CB9-LeaderElection25 got exception when requesting votes: java.util.concurrent.ExecutionException: org.apache.ratis.thirdparty.io.grpc.StatusRuntimeException: UNAVAILABLE: io exception
2021-11-15 10:01:12,256 [5120cc87-b9ff-4d81-8e4f-818f73dade45@group-958034FB3CB9-LeaderElection25] INFO  impl.LeaderElection (LeaderElection.java:logAndReturn(89)) - 5120cc87-b9ff-4d81-8e4f-818f73dade45@group-958034FB3CB9-LeaderElection25: ELECTION REJECTED received 0 response(s) and 2 exception(s):
2021-11-15 10:01:12,256 [5120cc87-b9ff-4d81-8e4f-818f73dade45@group-958034FB3CB9-LeaderElection25] INFO  impl.LeaderElection (LogUtils.java:infoOrTrace(137)) -   Exception 0: java.util.concurrent.ExecutionException: org.apache.ratis.thirdparty.io.grpc.StatusRuntimeException: UNAVAILABLE: io exception
2021-11-15 10:01:12,256 [5120cc87-b9ff-4d81-8e4f-818f73dade45@group-958034FB3CB9-LeaderElection25] INFO  impl.LeaderElection (LogUtils.java:infoOrTrace(137)) -   Exception 1: java.util.concurrent.ExecutionException: org.apache.ratis.thirdparty.io.grpc.StatusRuntimeException: UNAVAILABLE: io exception
2021-11-15 10:01:12,256 [5120cc87-b9ff-4d81-8e4f-818f73dade45@group-958034FB3CB9-LeaderElection25] INFO  impl.LeaderElection (LeaderElection.java:askForVotes(308)) - 5120cc87-b9ff-4d81-8e4f-818f73dade45@group-958034FB3CB9-LeaderElection25 ELECTION round 0: result REJECTED
2021-11-15 10:01:12,256 [5120cc87-b9ff-4d81-8e4f-818f73dade45@group-958034FB3CB9-LeaderElection25] INFO  server.RaftServer$Division (RaftServerImpl.java:setRole(290)) - 5120cc87-b9ff-4d81-8e4f-818f73dade45@group-958034FB3CB9: changes role from CANDIDATE to FOLLOWER at term 3 for REJECTED
2021-11-15 10:01:12,256 [5120cc87-b9ff-4d81-8e4f-818f73dade45@group-958034FB3CB9-LeaderElection25] INFO  impl.RoleInfo (RoleInfo.java:shutdownLeaderElection(121)) - 5120cc87-b9ff-4d81-8e4f-818f73dade45: shutdown 5120cc87-b9ff-4d81-8e4f-818f73dade45@group-958034FB3CB9-LeaderElection25
2021-11-15 10:01:12,256 [5120cc87-b9ff-4d81-8e4f-818f73dade45@group-958034FB3CB9-LeaderElection25] INFO  impl.RoleInfo (RoleInfo.java:updateAndGet(130)) - 5120cc87-b9ff-4d81-8e4f-818f73dade45: start 5120cc87-b9ff-4d81-8e4f-818f73dade45@group-958034FB3CB9-FollowerState
2021-11-15 10:01:13,032 [5120cc87-b9ff-4d81-8e4f-818f73dade45@group-C68B1A57C8BB-FollowerState] INFO  impl.FollowerState (FollowerState.java:run(134)) - 5120cc87-b9ff-4d81-8e4f-818f73dade45@group-C68B1A57C8BB-FollowerState: change to CANDIDATE, lastRpcElapsedTime:5121586751ns, electionTimeout:5116ms
2021-11-15 10:01:13,033 [5120cc87-b9ff-4d81-8e4f-818f73dade45@group-C68B1A57C8BB-FollowerState] INFO  impl.RoleInfo (RoleInfo.java:shutdownFollowerState(108)) - 5120cc87-b9ff-4d81-8e4f-818f73dade45: shutdown 5120cc87-b9ff-4d81-8e4f-818f73dade45@group-C68B1A57C8BB-FollowerState
2021-11-15 10:01:13,033 [5120cc87-b9ff-4d81-8e4f-818f73dade45@group-C68B1A57C8BB-FollowerState] INFO  server.RaftServer$Division (RaftServerImpl.java:setRole(290)) - 5120cc87-b9ff-4d81-8e4f-818f73dade45@group-C68B1A57C8BB: changes role from  FOLLOWER to CANDIDATE at term 2 for changeToCandidate
2021-11-15 10:01:13,033 [5120cc87-b9ff-4d81-8e4f-818f73dade45@group-C68B1A57C8BB-FollowerState] INFO  server.RaftServerConfigKeys (ConfUtils.java:logGet(44)) - raft.server.leaderelection.pre-vote = false (custom)
2021-11-15 10:01:13,033 [5120cc87-b9ff-4d81-8e4f-818f73dade45@group-C68B1A57C8BB-FollowerState] INFO  impl.RoleInfo (RoleInfo.java:updateAndGet(130)) - 5120cc87-b9ff-4d81-8e4f-818f73dade45: start 5120cc87-b9ff-4d81-8e4f-818f73dade45@group-C68B1A57C8BB-LeaderElection26
2021-11-15 10:01:13,044 [5120cc87-b9ff-4d81-8e4f-818f73dade45@group-C68B1A57C8BB-LeaderElection26] INFO  impl.LeaderElection (LeaderElection.java:askForVotes(306)) - 5120cc87-b9ff-4d81-8e4f-818f73dade45@group-C68B1A57C8BB-LeaderElection26 ELECTION round 0: submit vote requests at term 3 for 0: [5120cc87-b9ff-4d81-8e4f-818f73dade45|rpc:10.1.0.56:39907|dataStream:|priority:0, 003b3e8b-8375-416f-b9b0-c8bdf761ffc2|rpc:10.1.0.56:44495|dataStream:|priority:1, a5208437-b67a-4a59-91c1-79d4e747a9e2|rpc:10.1.0.56:41529|dataStream:|priority:0], old=null
2021-11-15 10:01:13,055 [5120cc87-b9ff-4d81-8e4f-818f73dade45@group-C68B1A57C8BB-LeaderElection26] INFO  impl.LeaderElection (LogUtils.java:infoOrTrace(137)) - 5120cc87-b9ff-4d81-8e4f-818f73dade45@group-C68B1A57C8BB-LeaderElection26 got exception when requesting votes: java.util.concurrent.ExecutionException: org.apache.ratis.thirdparty.io.grpc.StatusRuntimeException: UNAVAILABLE: io exception
2021-11-15 10:01:13,056 [5120cc87-b9ff-4d81-8e4f-818f73dade45@group-C68B1A57C8BB-LeaderElection26] INFO  impl.LeaderElection (LogUtils.java:infoOrTrace(137)) - 5120cc87-b9ff-4d81-8e4f-818f73dade45@group-C68B1A57C8BB-LeaderElection26 got exception when requesting votes: java.util.concurrent.ExecutionException: org.apache.ratis.thirdparty.io.grpc.StatusRuntimeException: UNAVAILABLE: io exception
2021-11-15 10:01:13,056 [5120cc87-b9ff-4d81-8e4f-818f73dade45@group-C68B1A57C8BB-LeaderElection26] INFO  impl.LeaderElection (LeaderElection.java:logAndReturn(89)) - 5120cc87-b9ff-4d81-8e4f-818f73dade45@group-C68B1A57C8BB-LeaderElection26: ELECTION REJECTED received 0 response(s) and 2 exception(s):
2021-11-15 10:01:13,056 [5120cc87-b9ff-4d81-8e4f-818f73dade45@group-C68B1A57C8BB-LeaderElection26] INFO  impl.LeaderElection (LogUtils.java:infoOrTrace(137)) -   Exception 0: java.util.concurrent.ExecutionException: org.apache.ratis.thirdparty.io.grpc.StatusRuntimeException: UNAVAILABLE: io exception
2021-11-15 10:01:13,056 [5120cc87-b9ff-4d81-8e4f-818f73dade45@group-C68B1A57C8BB-LeaderElection26] INFO  impl.LeaderElection (LogUtils.java:infoOrTrace(137)) -   Exception 1: java.util.concurrent.ExecutionException: org.apache.ratis.thirdparty.io.grpc.StatusRuntimeException: UNAVAILABLE: io exception
2021-11-15 10:01:13,056 [5120cc87-b9ff-4d81-8e4f-818f73dade45@group-C68B1A57C8BB-LeaderElection26] INFO  impl.LeaderElection (LeaderElection.java:askForVotes(308)) - 5120cc87-b9ff-4d81-8e4f-818f73dade45@group-C68B1A57C8BB-LeaderElection26 ELECTION round 0: result REJECTED
2021-11-15 10:01:13,056 [5120cc87-b9ff-4d81-8e4f-818f73dade45@group-C68B1A57C8BB-LeaderElection26] INFO  server.RaftServer$Division (RaftServerImpl.java:setRole(290)) - 5120cc87-b9ff-4d81-8e4f-818f73dade45@group-C68B1A57C8BB: changes role from CANDIDATE to FOLLOWER at term 3 for REJECTED
2021-11-15 10:01:13,056 [5120cc87-b9ff-4d81-8e4f-818f73dade45@group-C68B1A57C8BB-LeaderElection26] INFO  impl.RoleInfo (RoleInfo.java:shutdownLeaderElection(121)) - 5120cc87-b9ff-4d81-8e4f-818f73dade45: shutdown 5120cc87-b9ff-4d81-8e4f-818f73dade45@group-C68B1A57C8BB-LeaderElection26
2021-11-15 10:01:13,056 [5120cc87-b9ff-4d81-8e4f-818f73dade45@group-C68B1A57C8BB-LeaderElection26] INFO  impl.RoleInfo (RoleInfo.java:updateAndGet(130)) - 5120cc87-b9ff-4d81-8e4f-818f73dade45: start 5120cc87-b9ff-4d81-8e4f-818f73dade45@group-C68B1A57C8BB-FollowerState
2021-11-15 10:01:13,150 [d804d820-4532-49b1-b366-ad6b8b9e72b3@group-4A8E582C3D20-FollowerState] INFO  impl.FollowerState (FollowerState.java:run(134)) - d804d820-4532-49b1-b366-ad6b8b9e72b3@group-4A8E582C3D20-FollowerState: change to CANDIDATE, lastRpcElapsedTime:5065427709ns, electionTimeout:5059ms
2021-11-15 10:01:13,150 [d804d820-4532-49b1-b366-ad6b8b9e72b3@group-4A8E582C3D20-FollowerState] INFO  impl.RoleInfo (RoleInfo.java:shutdownFollowerState(108)) - d804d820-4532-49b1-b366-ad6b8b9e72b3: shutdown d804d820-4532-49b1-b366-ad6b8b9e72b3@group-4A8E582C3D20-FollowerState
2021-11-15 10:01:13,150 [d804d820-4532-49b1-b366-ad6b8b9e72b3@group-4A8E582C3D20-FollowerState] INFO  server.RaftServer$Division (RaftServerImpl.java:setRole(290)) - d804d820-4532-49b1-b366-ad6b8b9e72b3@group-4A8E582C3D20: changes role from  FOLLOWER to CANDIDATE at term 5 for changeToCandidate
2021-11-15 10:01:13,150 [d804d820-4532-49b1-b366-ad6b8b9e72b3@group-4A8E582C3D20-FollowerState] INFO  server.RaftServerConfigKeys (ConfUtils.java:logGet(44)) - raft.server.leaderelection.pre-vote = false (custom)
2021-11-15 10:01:13,150 [d804d820-4532-49b1-b366-ad6b8b9e72b3@group-4A8E582C3D20-FollowerState] INFO  impl.RoleInfo (RoleInfo.java:updateAndGet(130)) - d804d820-4532-49b1-b366-ad6b8b9e72b3: start d804d820-4532-49b1-b366-ad6b8b9e72b3@group-4A8E582C3D20-LeaderElection27
2021-11-15 10:01:13,161 [d804d820-4532-49b1-b366-ad6b8b9e72b3@group-4A8E582C3D20-LeaderElection27] INFO  impl.LeaderElection (LeaderElection.java:askForVotes(306)) - d804d820-4532-49b1-b366-ad6b8b9e72b3@group-4A8E582C3D20-LeaderElection27 ELECTION round 0: submit vote requests at term 6 for -1: [d804d820-4532-49b1-b366-ad6b8b9e72b3|rpc:10.1.0.56:37399|dataStream:|priority:0, a90e3e6e-a337-4ecb-a7be-5aa85bd5c784|rpc:10.1.0.56:44193|dataStream:|priority:0, acb9c8cb-4d3e-4a6b-b679-e47efd30f020|rpc:10.1.0.56:33205|dataStream:|priority:1], old=null
2021-11-15 10:01:13,173 [grpc-default-executor-2] INFO  server.RaftServer$Division (RaftServerImpl.java:requestVote(1046)) - a90e3e6e-a337-4ecb-a7be-5aa85bd5c784@group-4A8E582C3D20: receive requestVote(ELECTION, d804d820-4532-49b1-b366-ad6b8b9e72b3, group-4A8E582C3D20, 6, (t:0, i:0))
2021-11-15 10:01:13,173 [grpc-default-executor-2] INFO  impl.VoteContext (VoteContext.java:log(48)) - a90e3e6e-a337-4ecb-a7be-5aa85bd5c784@group-4A8E582C3D20-FOLLOWER: accept ELECTION from d804d820-4532-49b1-b366-ad6b8b9e72b3: our priority 0 <= candidate's priority 0
2021-11-15 10:01:13,173 [grpc-default-executor-2] INFO  server.RaftServer$Division (RaftServerImpl.java:setRole(290)) - a90e3e6e-a337-4ecb-a7be-5aa85bd5c784@group-4A8E582C3D20: changes role from  FOLLOWER to FOLLOWER at term 6 for candidate:d804d820-4532-49b1-b366-ad6b8b9e72b3
2021-11-15 10:01:13,173 [grpc-default-executor-2] INFO  impl.RoleInfo (RoleInfo.java:shutdownFollowerState(108)) - a90e3e6e-a337-4ecb-a7be-5aa85bd5c784: shutdown a90e3e6e-a337-4ecb-a7be-5aa85bd5c784@group-4A8E582C3D20-FollowerState
2021-11-15 10:01:13,186 [a90e3e6e-a337-4ecb-a7be-5aa85bd5c784@group-4A8E582C3D20-FollowerState] INFO  impl.FollowerState (FollowerState.java:run(127)) - a90e3e6e-a337-4ecb-a7be-5aa85bd5c784@group-4A8E582C3D20-FollowerState: Stopping now (isRunning? false, isFollower? true)
2021-11-15 10:01:13,195 [grpc-default-executor-2] INFO  impl.RoleInfo (RoleInfo.java:updateAndGet(130)) - a90e3e6e-a337-4ecb-a7be-5aa85bd5c784: start a90e3e6e-a337-4ecb-a7be-5aa85bd5c784@group-4A8E582C3D20-FollowerState
2021-11-15 10:01:13,197 [grpc-default-executor-2] INFO  server.RaftServer$Division (RaftServerImpl.java:requestVote(1078)) - a90e3e6e-a337-4ecb-a7be-5aa85bd5c784@group-4A8E582C3D20 replies to ELECTION vote request: d804d820-4532-49b1-b366-ad6b8b9e72b3<-a90e3e6e-a337-4ecb-a7be-5aa85bd5c784#0:OK-t6. Peer's state: a90e3e6e-a337-4ecb-a7be-5aa85bd5c784@group-4A8E582C3D20:t6, leader=null, voted=d804d820-4532-49b1-b366-ad6b8b9e72b3, raftlog=a90e3e6e-a337-4ecb-a7be-5aa85bd5c784@group-4A8E582C3D20-SegmentedRaftLog:OPENED:c-1, conf=-1: [d804d820-4532-49b1-b366-ad6b8b9e72b3|rpc:10.1.0.56:37399|dataStream:|priority:0, a90e3e6e-a337-4ecb-a7be-5aa85bd5c784|rpc:10.1.0.56:44193|dataStream:|priority:0, acb9c8cb-4d3e-4a6b-b679-e47efd30f020|rpc:10.1.0.56:33205|dataStream:|priority:1], old=null
2021-11-15 10:01:13,199 [acb9c8cb-4d3e-4a6b-b679-e47efd30f020@group-4A8E582C3D20-FollowerState] INFO  impl.FollowerState (FollowerState.java:run(134)) - acb9c8cb-4d3e-4a6b-b679-e47efd30f020@group-4A8E582C3D20-FollowerState: change to CANDIDATE, lastRpcElapsedTime:5125788070ns, electionTimeout:5115ms
2021-11-15 10:01:13,199 [acb9c8cb-4d3e-4a6b-b679-e47efd30f020@group-4A8E582C3D20-FollowerState] INFO  impl.RoleInfo (RoleInfo.java:shutdownFollowerState(108)) - acb9c8cb-4d3e-4a6b-b679-e47efd30f020: shutdown acb9c8cb-4d3e-4a6b-b679-e47efd30f020@group-4A8E582C3D20-FollowerState
2021-11-15 10:01:13,199 [acb9c8cb-4d3e-4a6b-b679-e47efd30f020@group-4A8E582C3D20-FollowerState] INFO  server.RaftServer$Division (RaftServerImpl.java:setRole(290)) - acb9c8cb-4d3e-4a6b-b679-e47efd30f020@group-4A8E582C3D20: changes role from  FOLLOWER to CANDIDATE at term 5 for changeToCandidate
2021-11-15 10:01:13,199 [acb9c8cb-4d3e-4a6b-b679-e47efd30f020@group-4A8E582C3D20-FollowerState] INFO  server.RaftServerConfigKeys (ConfUtils.java:logGet(44)) - raft.server.leaderelection.pre-vote = false (custom)
2021-11-15 10:01:13,199 [acb9c8cb-4d3e-4a6b-b679-e47efd30f020@group-4A8E582C3D20-FollowerState] INFO  impl.RoleInfo (RoleInfo.java:updateAndGet(130)) - acb9c8cb-4d3e-4a6b-b679-e47efd30f020: start acb9c8cb-4d3e-4a6b-b679-e47efd30f020@group-4A8E582C3D20-LeaderElection28
2021-11-15 10:01:13,199 [grpc-default-executor-1] INFO  server.RaftServer$Division (RaftServerImpl.java:requestVote(1046)) - acb9c8cb-4d3e-4a6b-b679-e47efd30f020@group-4A8E582C3D20: receive requestVote(ELECTION, d804d820-4532-49b1-b366-ad6b8b9e72b3, group-4A8E582C3D20, 6, (t:0, i:0))
2021-11-15 10:01:13,200 [grpc-default-executor-1] INFO  impl.VoteContext (VoteContext.java:log(48)) - acb9c8cb-4d3e-4a6b-b679-e47efd30f020@group-4A8E582C3D20-CANDIDATE: reject ELECTION from d804d820-4532-49b1-b366-ad6b8b9e72b3: our priority 1 > candidate's priority 0
2021-11-15 10:01:13,200 [grpc-default-executor-1] INFO  server.RaftServer$Division (RaftServerImpl.java:setRole(290)) - acb9c8cb-4d3e-4a6b-b679-e47efd30f020@group-4A8E582C3D20: changes role from CANDIDATE to FOLLOWER at term 6 for candidate:d804d820-4532-49b1-b366-ad6b8b9e72b3
2021-11-15 10:01:13,200 [grpc-default-executor-1] INFO  impl.RoleInfo (RoleInfo.java:shutdownLeaderElection(121)) - acb9c8cb-4d3e-4a6b-b679-e47efd30f020: shutdown acb9c8cb-4d3e-4a6b-b679-e47efd30f020@group-4A8E582C3D20-LeaderElection28
2021-11-15 10:01:13,200 [grpc-default-executor-1] INFO  impl.RoleInfo (RoleInfo.java:updateAndGet(130)) - acb9c8cb-4d3e-4a6b-b679-e47efd30f020: start acb9c8cb-4d3e-4a6b-b679-e47efd30f020@group-4A8E582C3D20-FollowerState
2021-11-15 10:01:13,200 [acb9c8cb-4d3e-4a6b-b679-e47efd30f020@group-4A8E582C3D20-LeaderElection28] INFO  impl.LeaderElection (LeaderElection.java:run(230)) - acb9c8cb-4d3e-4a6b-b679-e47efd30f020@group-4A8E582C3D20-LeaderElection28: skip running since this is already CLOSING
2021-11-15 10:01:13,204 [grpc-default-executor-1] INFO  server.RaftServer$Division (RaftServerImpl.java:requestVote(1078)) - acb9c8cb-4d3e-4a6b-b679-e47efd30f020@group-4A8E582C3D20 replies to ELECTION vote request: d804d820-4532-49b1-b366-ad6b8b9e72b3<-acb9c8cb-4d3e-4a6b-b679-e47efd30f020#0:FAIL-t6. Peer's state: acb9c8cb-4d3e-4a6b-b679-e47efd30f020@group-4A8E582C3D20:t6, leader=null, voted=null, raftlog=acb9c8cb-4d3e-4a6b-b679-e47efd30f020@group-4A8E582C3D20-SegmentedRaftLog:OPENED:c-1, conf=-1: [d804d820-4532-49b1-b366-ad6b8b9e72b3|rpc:10.1.0.56:37399|priority:0, a90e3e6e-a337-4ecb-a7be-5aa85bd5c784|rpc:10.1.0.56:44193|priority:0, acb9c8cb-4d3e-4a6b-b679-e47efd30f020|rpc:10.1.0.56:33205|priority:1], old=null
2021-11-15 10:01:13,215 [d804d820-4532-49b1-b366-ad6b8b9e72b3@group-4A8E582C3D20-LeaderElection27] INFO  impl.LeaderElection (LeaderElection.java:logAndReturn(89)) - d804d820-4532-49b1-b366-ad6b8b9e72b3@group-4A8E582C3D20-LeaderElection27: ELECTION REJECTED received 1 response(s) and 0 exception(s):
2021-11-15 10:01:13,215 [d804d820-4532-49b1-b366-ad6b8b9e72b3@group-4A8E582C3D20-LeaderElection27] INFO  impl.LeaderElection (LeaderElection.java:logAndReturn(93)) -   Response 0: d804d820-4532-49b1-b366-ad6b8b9e72b3<-acb9c8cb-4d3e-4a6b-b679-e47efd30f020#0:FAIL-t6
2021-11-15 10:01:13,215 [d804d820-4532-49b1-b366-ad6b8b9e72b3@group-4A8E582C3D20-LeaderElection27] INFO  impl.LeaderElection (LeaderElection.java:askForVotes(308)) - d804d820-4532-49b1-b366-ad6b8b9e72b3@group-4A8E582C3D20-LeaderElection27 ELECTION round 0: result REJECTED
2021-11-15 10:01:13,215 [d804d820-4532-49b1-b366-ad6b8b9e72b3@group-4A8E582C3D20-LeaderElection27] INFO  server.RaftServer$Division (RaftServerImpl.java:setRole(290)) - d804d820-4532-49b1-b366-ad6b8b9e72b3@group-4A8E582C3D20: changes role from CANDIDATE to FOLLOWER at term 6 for REJECTED
2021-11-15 10:01:13,215 [d804d820-4532-49b1-b366-ad6b8b9e72b3@group-4A8E582C3D20-LeaderElection27] INFO  impl.RoleInfo (RoleInfo.java:shutdownLeaderElection(121)) - d804d820-4532-49b1-b366-ad6b8b9e72b3: shutdown d804d820-4532-49b1-b366-ad6b8b9e72b3@group-4A8E582C3D20-LeaderElection27
2021-11-15 10:01:13,215 [d804d820-4532-49b1-b366-ad6b8b9e72b3@group-4A8E582C3D20-LeaderElection27] INFO  impl.RoleInfo (RoleInfo.java:updateAndGet(130)) - d804d820-4532-49b1-b366-ad6b8b9e72b3: start d804d820-4532-49b1-b366-ad6b8b9e72b3@group-4A8E582C3D20-FollowerState
2021-11-15 10:01:13,223 [acb9c8cb-4d3e-4a6b-b679-e47efd30f020@group-B155B082459A-FollowerState] INFO  impl.FollowerState (FollowerState.java:run(134)) - acb9c8cb-4d3e-4a6b-b679-e47efd30f020@group-B155B082459A-FollowerState: change to CANDIDATE, lastRpcElapsedTime:5027464279ns, electionTimeout:5018ms
2021-11-15 10:01:13,223 [acb9c8cb-4d3e-4a6b-b679-e47efd30f020@group-B155B082459A-FollowerState] INFO  impl.RoleInfo (RoleInfo.java:shutdownFollowerState(108)) - acb9c8cb-4d3e-4a6b-b679-e47efd30f020: shutdown acb9c8cb-4d3e-4a6b-b679-e47efd30f020@group-B155B082459A-FollowerState
2021-11-15 10:01:13,223 [acb9c8cb-4d3e-4a6b-b679-e47efd30f020@group-B155B082459A-FollowerState] INFO  server.RaftServer$Division (RaftServerImpl.java:setRole(290)) - acb9c8cb-4d3e-4a6b-b679-e47efd30f020@group-B155B082459A: changes role from  FOLLOWER to CANDIDATE at term 4 for changeToCandidate
2021-11-15 10:01:13,225 [acb9c8cb-4d3e-4a6b-b679-e47efd30f020@group-B155B082459A-FollowerState] INFO  server.RaftServerConfigKeys (ConfUtils.java:logGet(44)) - raft.server.leaderelection.pre-vote = false (custom)
2021-11-15 10:01:13,226 [acb9c8cb-4d3e-4a6b-b679-e47efd30f020@group-B155B082459A-FollowerState] INFO  impl.RoleInfo (RoleInfo.java:updateAndGet(130)) - acb9c8cb-4d3e-4a6b-b679-e47efd30f020: start acb9c8cb-4d3e-4a6b-b679-e47efd30f020@group-B155B082459A-LeaderElection29
2021-11-15 10:01:13,228 [acb9c8cb-4d3e-4a6b-b679-e47efd30f020@group-B155B082459A-LeaderElection29] INFO  impl.LeaderElection (LeaderElection.java:askForVotes(306)) - acb9c8cb-4d3e-4a6b-b679-e47efd30f020@group-B155B082459A-LeaderElection29 ELECTION round 0: submit vote requests at term 5 for -1: [d804d820-4532-49b1-b366-ad6b8b9e72b3|rpc:10.1.0.56:37399|priority:1, a90e3e6e-a337-4ecb-a7be-5aa85bd5c784|rpc:10.1.0.56:44193|priority:0, acb9c8cb-4d3e-4a6b-b679-e47efd30f020|rpc:10.1.0.56:33205|priority:0], old=null
2021-11-15 10:01:13,231 [grpc-default-executor-3] INFO  server.RaftServer$Division (RaftServerImpl.java:requestVote(1046)) - d804d820-4532-49b1-b366-ad6b8b9e72b3@group-B155B082459A: receive requestVote(ELECTION, acb9c8cb-4d3e-4a6b-b679-e47efd30f020, group-B155B082459A, 5, (t:0, i:0))
2021-11-15 10:01:13,231 [grpc-default-executor-3] INFO  impl.VoteContext (VoteContext.java:log(48)) - d804d820-4532-49b1-b366-ad6b8b9e72b3@group-B155B082459A-FOLLOWER: reject ELECTION from acb9c8cb-4d3e-4a6b-b679-e47efd30f020: our priority 1 > candidate's priority 0
2021-11-15 10:01:13,231 [grpc-default-executor-3] INFO  server.RaftServer$Division (RaftServerImpl.java:setRole(290)) - d804d820-4532-49b1-b366-ad6b8b9e72b3@group-B155B082459A: changes role from  FOLLOWER to FOLLOWER at term 5 for candidate:acb9c8cb-4d3e-4a6b-b679-e47efd30f020
2021-11-15 10:01:13,231 [grpc-default-executor-3] INFO  impl.RoleInfo (RoleInfo.java:shutdownFollowerState(108)) - d804d820-4532-49b1-b366-ad6b8b9e72b3: shutdown d804d820-4532-49b1-b366-ad6b8b9e72b3@group-B155B082459A-FollowerState
2021-11-15 10:01:13,232 [grpc-default-executor-3] INFO  impl.RoleInfo (RoleInfo.java:updateAndGet(130)) - d804d820-4532-49b1-b366-ad6b8b9e72b3: start d804d820-4532-49b1-b366-ad6b8b9e72b3@group-B155B082459A-FollowerState
2021-11-15 10:01:13,232 [d804d820-4532-49b1-b366-ad6b8b9e72b3@group-B155B082459A-FollowerState] INFO  impl.FollowerState (FollowerState.java:run(143)) - d804d820-4532-49b1-b366-ad6b8b9e72b3@group-B155B082459A-FollowerState was interrupted: {}
java.lang.InterruptedException: sleep interrupted
	at java.lang.Thread.sleep(Native Method)
	at java.lang.Thread.sleep(Thread.java:340)
	at java.util.concurrent.TimeUnit.sleep(TimeUnit.java:386)
	at org.apache.ratis.util.TimeDuration.sleep(TimeDuration.java:324)
	at org.apache.ratis.util.TimeDuration.sleep(TimeDuration.java:309)
	at org.apache.ratis.server.impl.FollowerState.run(FollowerState.java:118)
2021-11-15 10:01:13,235 [grpc-default-executor-2] INFO  server.RaftServer$Division (RaftServerImpl.java:requestVote(1046)) - a90e3e6e-a337-4ecb-a7be-5aa85bd5c784@group-B155B082459A: receive requestVote(ELECTION, acb9c8cb-4d3e-4a6b-b679-e47efd30f020, group-B155B082459A, 5, (t:0, i:0))
2021-11-15 10:01:13,235 [grpc-default-executor-2] INFO  impl.VoteContext (VoteContext.java:log(48)) - a90e3e6e-a337-4ecb-a7be-5aa85bd5c784@group-B155B082459A-FOLLOWER: accept ELECTION from acb9c8cb-4d3e-4a6b-b679-e47efd30f020: our priority 0 <= candidate's priority 0
2021-11-15 10:01:13,235 [grpc-default-executor-2] INFO  server.RaftServer$Division (RaftServerImpl.java:setRole(290)) - a90e3e6e-a337-4ecb-a7be-5aa85bd5c784@group-B155B082459A: changes role from  FOLLOWER to FOLLOWER at term 5 for candidate:acb9c8cb-4d3e-4a6b-b679-e47efd30f020
2021-11-15 10:01:13,235 [grpc-default-executor-2] INFO  impl.RoleInfo (RoleInfo.java:shutdownFollowerState(108)) - a90e3e6e-a337-4ecb-a7be-5aa85bd5c784: shutdown a90e3e6e-a337-4ecb-a7be-5aa85bd5c784@group-B155B082459A-FollowerState
2021-11-15 10:01:13,236 [grpc-default-executor-2] INFO  impl.RoleInfo (RoleInfo.java:updateAndGet(130)) - a90e3e6e-a337-4ecb-a7be-5aa85bd5c784: start a90e3e6e-a337-4ecb-a7be-5aa85bd5c784@group-B155B082459A-FollowerState
2021-11-15 10:01:13,237 [a90e3e6e-a337-4ecb-a7be-5aa85bd5c784@group-B155B082459A-FollowerState] INFO  impl.FollowerState (FollowerState.java:run(143)) - a90e3e6e-a337-4ecb-a7be-5aa85bd5c784@group-B155B082459A-FollowerState was interrupted: {}
java.lang.InterruptedException: sleep interrupted
	at java.lang.Thread.sleep(Native Method)
	at java.lang.Thread.sleep(Thread.java:340)
	at java.util.concurrent.TimeUnit.sleep(TimeUnit.java:386)
	at org.apache.ratis.util.TimeDuration.sleep(TimeDuration.java:324)
	at org.apache.ratis.util.TimeDuration.sleep(TimeDuration.java:309)
	at org.apache.ratis.server.impl.FollowerState.run(FollowerState.java:118)
2021-11-15 10:01:13,238 [grpc-default-executor-3] INFO  server.RaftServer$Division (RaftServerImpl.java:requestVote(1078)) - d804d820-4532-49b1-b366-ad6b8b9e72b3@group-B155B082459A replies to ELECTION vote request: acb9c8cb-4d3e-4a6b-b679-e47efd30f020<-d804d820-4532-49b1-b366-ad6b8b9e72b3#0:FAIL-t5. Peer's state: d804d820-4532-49b1-b366-ad6b8b9e72b3@group-B155B082459A:t5, leader=null, voted=null, raftlog=d804d820-4532-49b1-b366-ad6b8b9e72b3@group-B155B082459A-SegmentedRaftLog:OPENED:c-1, conf=-1: [d804d820-4532-49b1-b366-ad6b8b9e72b3|rpc:10.1.0.56:37399|priority:1, a90e3e6e-a337-4ecb-a7be-5aa85bd5c784|rpc:10.1.0.56:44193|priority:0, acb9c8cb-4d3e-4a6b-b679-e47efd30f020|rpc:10.1.0.56:33205|priority:0], old=null
2021-11-15 10:01:13,244 [acb9c8cb-4d3e-4a6b-b679-e47efd30f020@group-B155B082459A-LeaderElection29] INFO  impl.LeaderElection (LeaderElection.java:logAndReturn(89)) - acb9c8cb-4d3e-4a6b-b679-e47efd30f020@group-B155B082459A-LeaderElection29: ELECTION REJECTED received 1 response(s) and 0 exception(s):
2021-11-15 10:01:13,244 [acb9c8cb-4d3e-4a6b-b679-e47efd30f020@group-B155B082459A-LeaderElection29] INFO  impl.LeaderElection (LeaderElection.java:logAndReturn(93)) -   Response 0: acb9c8cb-4d3e-4a6b-b679-e47efd30f020<-d804d820-4532-49b1-b366-ad6b8b9e72b3#0:FAIL-t5
2021-11-15 10:01:13,244 [acb9c8cb-4d3e-4a6b-b679-e47efd30f020@group-B155B082459A-LeaderElection29] INFO  impl.LeaderElection (LeaderElection.java:askForVotes(308)) - acb9c8cb-4d3e-4a6b-b679-e47efd30f020@group-B155B082459A-LeaderElection29 ELECTION round 0: result REJECTED
2021-11-15 10:01:13,244 [acb9c8cb-4d3e-4a6b-b679-e47efd30f020@group-B155B082459A-LeaderElection29] INFO  server.RaftServer$Division (RaftServerImpl.java:setRole(290)) - acb9c8cb-4d3e-4a6b-b679-e47efd30f020@group-B155B082459A: changes role from CANDIDATE to FOLLOWER at term 5 for REJECTED
2021-11-15 10:01:13,244 [acb9c8cb-4d3e-4a6b-b679-e47efd30f020@group-B155B082459A-LeaderElection29] INFO  impl.RoleInfo (RoleInfo.java:shutdownLeaderElection(121)) - acb9c8cb-4d3e-4a6b-b679-e47efd30f020: shutdown acb9c8cb-4d3e-4a6b-b679-e47efd30f020@group-B155B082459A-LeaderElection29
2021-11-15 10:01:13,244 [acb9c8cb-4d3e-4a6b-b679-e47efd30f020@group-B155B082459A-LeaderElection29] INFO  impl.RoleInfo (RoleInfo.java:updateAndGet(130)) - acb9c8cb-4d3e-4a6b-b679-e47efd30f020: start acb9c8cb-4d3e-4a6b-b679-e47efd30f020@group-B155B082459A-FollowerState
2021-11-15 10:01:13,245 [grpc-default-executor-2] INFO  server.RaftServer$Division (RaftServerImpl.java:requestVote(1078)) - a90e3e6e-a337-4ecb-a7be-5aa85bd5c784@group-B155B082459A replies to ELECTION vote request: acb9c8cb-4d3e-4a6b-b679-e47efd30f020<-a90e3e6e-a337-4ecb-a7be-5aa85bd5c784#0:OK-t5. Peer's state: a90e3e6e-a337-4ecb-a7be-5aa85bd5c784@group-B155B082459A:t5, leader=null, voted=acb9c8cb-4d3e-4a6b-b679-e47efd30f020, raftlog=a90e3e6e-a337-4ecb-a7be-5aa85bd5c784@group-B155B082459A-SegmentedRaftLog:OPENED:c-1, conf=-1: [d804d820-4532-49b1-b366-ad6b8b9e72b3|rpc:10.1.0.56:37399|dataStream:|priority:1, a90e3e6e-a337-4ecb-a7be-5aa85bd5c784|rpc:10.1.0.56:44193|dataStream:|priority:0, acb9c8cb-4d3e-4a6b-b679-e47efd30f020|rpc:10.1.0.56:33205|dataStream:|priority:0], old=null
2021-11-15 10:01:14,095 [EventQueue-DeadNodeForDeadNodeHandler] INFO  node.DeadNodeHandler (DeadNodeHandler.java:onMessage(80)) - A dead datanode is detected. 003b3e8b-8375-416f-b9b0-c8bdf761ffc2{ip: 10.1.0.56, host: fv-az12-743.exdb2aeach2ezidoxz41lk3bwg.cx.internal.cloudapp.net, ports: [REPLICATION=36515, RATIS=44495, RATIS_ADMIN=44495, RATIS_SERVER=44495, STANDALONE=34967], networkLocation: /default-rack, certSerialId: null, persistedOpState: IN_SERVICE, persistedOpStateExpiryEpochSec: 0}
2021-11-15 10:01:14,096 [EventQueue-DeadNodeForDeadNodeHandler] INFO  pipeline.RatisPipelineProvider (RatisPipelineProvider.java:lambda$close$1(222)) - Send pipeline:PipelineID=390c5ae0-fb4e-4f8e-abcf-92d9495462da close command to datanode 003b3e8b-8375-416f-b9b0-c8bdf761ffc2
2021-11-15 10:01:14,097 [EventQueue-DeadNodeForDeadNodeHandler] INFO  pipeline.PipelineStateManagerImpl (PipelineStateManagerImpl.java:removePipeline(223)) - Pipeline Pipeline[ Id: 390c5ae0-fb4e-4f8e-abcf-92d9495462da, Nodes: 003b3e8b-8375-416f-b9b0-c8bdf761ffc2{ip: 10.1.0.56, host: fv-az12-743.exdb2aeach2ezidoxz41lk3bwg.cx.internal.cloudapp.net, ports: [REPLICATION=36515, RATIS=44495, RATIS_ADMIN=44495, RATIS_SERVER=44495, STANDALONE=34967], networkLocation: /default-rack, certSerialId: null, persistedOpState: IN_SERVICE, persistedOpStateExpiryEpochSec: 0}, ReplicationConfig: RATIS/ONE, State:CLOSED, leaderId:003b3e8b-8375-416f-b9b0-c8bdf761ffc2, CreationTimestamp2021-11-15T10:00:44.356Z[Etc/UTC]] removed.
2021-11-15 10:01:14,097 [EventQueue-DeadNodeForDeadNodeHandler] INFO  pipeline.RatisPipelineProvider (RatisPipelineProvider.java:lambda$close$1(222)) - Send pipeline:PipelineID=6b80ec7e-7769-4d47-a846-958034fb3cb9 close command to datanode a5208437-b67a-4a59-91c1-79d4e747a9e2
2021-11-15 10:01:14,097 [EventQueue-DeadNodeForDeadNodeHandler] INFO  pipeline.RatisPipelineProvider (RatisPipelineProvider.java:lambda$close$1(222)) - Send pipeline:PipelineID=6b80ec7e-7769-4d47-a846-958034fb3cb9 close command to datanode 5120cc87-b9ff-4d81-8e4f-818f73dade45
2021-11-15 10:01:14,097 [EventQueue-DeadNodeForDeadNodeHandler] INFO  pipeline.RatisPipelineProvider (RatisPipelineProvider.java:lambda$close$1(222)) - Send pipeline:PipelineID=6b80ec7e-7769-4d47-a846-958034fb3cb9 close command to datanode 003b3e8b-8375-416f-b9b0-c8bdf761ffc2
2021-11-15 10:01:14,098 [EventQueue-DeadNodeForDeadNodeHandler] INFO  pipeline.PipelineStateManagerImpl (PipelineStateManagerImpl.java:removePipeline(223)) - Pipeline Pipeline[ Id: 6b80ec7e-7769-4d47-a846-958034fb3cb9, Nodes: a5208437-b67a-4a59-91c1-79d4e747a9e2{ip: 10.1.0.56, host: fv-az12-743.exdb2aeach2ezidoxz41lk3bwg.cx.internal.cloudapp.net, ports: [REPLICATION=43917, RATIS=41529, RATIS_ADMIN=41529, RATIS_SERVER=41529, STANDALONE=36855], networkLocation: /default-rack, certSerialId: null, persistedOpState: IN_SERVICE, persistedOpStateExpiryEpochSec: 0}5120cc87-b9ff-4d81-8e4f-818f73dade45{ip: 10.1.0.56, host: fv-az12-743.exdb2aeach2ezidoxz41lk3bwg.cx.internal.cloudapp.net, ports: [REPLICATION=35699, RATIS=39907, RATIS_ADMIN=39907, RATIS_SERVER=39907, STANDALONE=46197], networkLocation: /default-rack, certSerialId: null, persistedOpState: IN_SERVICE, persistedOpStateExpiryEpochSec: 0}003b3e8b-8375-416f-b9b0-c8bdf761ffc2{ip: 10.1.0.56, host: fv-az12-743.exdb2aeach2ezidoxz41lk3bwg.cx.internal.cloudapp.net, ports: [REPLICATION=36515, RATIS=44495, RATIS_ADMIN=44495, RATIS_SERVER=44495, STANDALONE=34967], networkLocation: /default-rack, certSerialId: null, persistedOpState: IN_SERVICE, persistedOpStateExpiryEpochSec: 0}, ReplicationConfig: RATIS/THREE, State:CLOSED, leaderId:a5208437-b67a-4a59-91c1-79d4e747a9e2, CreationTimestamp2021-11-15T10:00:44.363Z[Etc/UTC]] removed.
2021-11-15 10:01:14,103 [EventQueue-DeadNodeForDeadNodeHandler] INFO  pipeline.RatisPipelineProvider (RatisPipelineProvider.java:lambda$close$1(222)) - Send pipeline:PipelineID=33a0542e-f327-46d0-9703-c68b1a57c8bb close command to datanode 003b3e8b-8375-416f-b9b0-c8bdf761ffc2
2021-11-15 10:01:14,103 [EventQueue-DeadNodeForDeadNodeHandler] INFO  pipeline.RatisPipelineProvider (RatisPipelineProvider.java:lambda$close$1(222)) - Send pipeline:PipelineID=33a0542e-f327-46d0-9703-c68b1a57c8bb close command to datanode a5208437-b67a-4a59-91c1-79d4e747a9e2
2021-11-15 10:01:14,103 [EventQueue-DeadNodeForDeadNodeHandler] INFO  pipeline.RatisPipelineProvider (RatisPipelineProvider.java:lambda$close$1(222)) - Send pipeline:PipelineID=33a0542e-f327-46d0-9703-c68b1a57c8bb close command to datanode 5120cc87-b9ff-4d81-8e4f-818f73dade45
2021-11-15 10:01:14,103 [EventQueue-DeadNodeForDeadNodeHandler] INFO  pipeline.PipelineStateManagerImpl (PipelineStateManagerImpl.java:removePipeline(223)) - Pipeline Pipeline[ Id: 33a0542e-f327-46d0-9703-c68b1a57c8bb, Nodes: 003b3e8b-8375-416f-b9b0-c8bdf761ffc2{ip: 10.1.0.56, host: fv-az12-743.exdb2aeach2ezidoxz41lk3bwg.cx.internal.cloudapp.net, ports: [REPLICATION=36515, RATIS=44495, RATIS_ADMIN=44495, RATIS_SERVER=44495, STANDALONE=34967], networkLocation: /default-rack, certSerialId: null, persistedOpState: IN_SERVICE, persistedOpStateExpiryEpochSec: 0}a5208437-b67a-4a59-91c1-79d4e747a9e2{ip: 10.1.0.56, host: fv-az12-743.exdb2aeach2ezidoxz41lk3bwg.cx.internal.cloudapp.net, ports: [REPLICATION=43917, RATIS=41529, RATIS_ADMIN=41529, RATIS_SERVER=41529, STANDALONE=36855], networkLocation: /default-rack, certSerialId: null, persistedOpState: IN_SERVICE, persistedOpStateExpiryEpochSec: 0}5120cc87-b9ff-4d81-8e4f-818f73dade45{ip: 10.1.0.56, host: fv-az12-743.exdb2aeach2ezidoxz41lk3bwg.cx.internal.cloudapp.net, ports: [REPLICATION=35699, RATIS=39907, RATIS_ADMIN=39907, RATIS_SERVER=39907, STANDALONE=46197], networkLocation: /default-rack, certSerialId: null, persistedOpState: IN_SERVICE, persistedOpStateExpiryEpochSec: 0}, ReplicationConfig: RATIS/THREE, State:CLOSED, leaderId:003b3e8b-8375-416f-b9b0-c8bdf761ffc2, CreationTimestamp2021-11-15T10:00:44.365Z[Etc/UTC]] removed.
2021-11-15 10:01:14,105 [EventQueue-DeadNodeForDeadNodeHandler] INFO  net.NetworkTopologyImpl (NetworkTopologyImpl.java:remove(137)) - Removed a node: /default-rack/003b3e8b-8375-416f-b9b0-c8bdf761ffc2
2021-11-15 10:01:17,084 [Command processor thread] INFO  server.RaftServer (RaftServerProxy.java:remove(106)) - 5120cc87-b9ff-4d81-8e4f-818f73dade45: remove  FOLLOWER 5120cc87-b9ff-4d81-8e4f-818f73dade45@group-958034FB3CB9:t3, leader=null, voted=5120cc87-b9ff-4d81-8e4f-818f73dade45, raftlog=5120cc87-b9ff-4d81-8e4f-818f73dade45@group-958034FB3CB9-SegmentedRaftLog:OPENED:c0, conf=0: [5120cc87-b9ff-4d81-8e4f-818f73dade45|rpc:10.1.0.56:39907|dataStream:|priority:0, 003b3e8b-8375-416f-b9b0-c8bdf761ffc2|rpc:10.1.0.56:44495|dataStream:|priority:0, a5208437-b67a-4a59-91c1-79d4e747a9e2|rpc:10.1.0.56:41529|dataStream:|priority:1], old=null RUNNING
2021-11-15 10:01:17,086 [Command processor thread] INFO  server.RaftServer$Division (RaftServerImpl.java:lambda$close$4(412)) - 5120cc87-b9ff-4d81-8e4f-818f73dade45@group-958034FB3CB9: shutdown
2021-11-15 10:01:17,086 [Command processor thread] INFO  util.JmxRegister (JmxRegister.java:unregister(73)) - Successfully un-registered JMX Bean with object name Ratis:service=RaftServer,group=group-958034FB3CB9,id=5120cc87-b9ff-4d81-8e4f-818f73dade45
2021-11-15 10:01:17,086 [Command processor thread] INFO  impl.RoleInfo (RoleInfo.java:shutdownFollowerState(108)) - 5120cc87-b9ff-4d81-8e4f-818f73dade45: shutdown 5120cc87-b9ff-4d81-8e4f-818f73dade45@group-958034FB3CB9-FollowerState
2021-11-15 10:01:17,087 [5120cc87-b9ff-4d81-8e4f-818f73dade45@group-958034FB3CB9-FollowerState] INFO  impl.FollowerState (FollowerState.java:run(143)) - 5120cc87-b9ff-4d81-8e4f-818f73dade45@group-958034FB3CB9-FollowerState was interrupted: {}
java.lang.InterruptedException: sleep interrupted
	at java.lang.Thread.sleep(Native Method)
	at java.lang.Thread.sleep(Thread.java:340)
	at java.util.concurrent.TimeUnit.sleep(TimeUnit.java:386)
	at org.apache.ratis.util.TimeDuration.sleep(TimeDuration.java:324)
	at org.apache.ratis.util.TimeDuration.sleep(TimeDuration.java:309)
	at org.apache.ratis.server.impl.FollowerState.run(FollowerState.java:118)
2021-11-15 10:01:17,087 [Command processor thread] INFO  impl.StateMachineUpdater (StateMachineUpdater.java:stopAndJoin(149)) - 5120cc87-b9ff-4d81-8e4f-818f73dade45@group-958034FB3CB9-StateMachineUpdater: set stopIndex = 0
2021-11-15 10:01:17,087 [5120cc87-b9ff-4d81-8e4f-818f73dade45@group-958034FB3CB9-StateMachineUpdater] INFO  ratis.ContainerStateMachine (ContainerStateMachine.java:takeSnapshot(292)) - group-958034FB3CB9: Taking a snapshot at:(t:2, i:0) file /home/runner/work/ozone/ozone/hadoop-ozone/integration-test/target/test-dir/MiniOzoneClusterImpl-b6bde346-cb55-4fad-bd7f-e1da966a93e7/datanode-0/data/ratis/6b80ec7e-7769-4d47-a846-958034fb3cb9/sm/snapshot.2_0
2021-11-15 10:01:17,088 [5120cc87-b9ff-4d81-8e4f-818f73dade45@group-958034FB3CB9-StateMachineUpdater] INFO  ratis.ContainerStateMachine (ContainerStateMachine.java:takeSnapshot(303)) - group-958034FB3CB9: Finished taking a snapshot at:(t:2, i:0) file:/home/runner/work/ozone/ozone/hadoop-ozone/integration-test/target/test-dir/MiniOzoneClusterImpl-b6bde346-cb55-4fad-bd7f-e1da966a93e7/datanode-0/data/ratis/6b80ec7e-7769-4d47-a846-958034fb3cb9/sm/snapshot.2_0 took: 0 ms
2021-11-15 10:01:17,088 [5120cc87-b9ff-4d81-8e4f-818f73dade45@group-958034FB3CB9-StateMachineUpdater] INFO  impl.StateMachineUpdater (StateMachineUpdater.java:takeSnapshot(281)) - 5120cc87-b9ff-4d81-8e4f-818f73dade45@group-958034FB3CB9-StateMachineUpdater: Took a snapshot at index 0
2021-11-15 10:01:17,088 [5120cc87-b9ff-4d81-8e4f-818f73dade45@group-958034FB3CB9-StateMachineUpdater] INFO  impl.StateMachineUpdater (StateMachineUpdater.java:lambda$new$0(89)) - 5120cc87-b9ff-4d81-8e4f-818f73dade45@group-958034FB3CB9-StateMachineUpdater: snapshotIndex: updateIncreasingly -1 -> 0
2021-11-15 10:01:17,089 [Command processor thread] INFO  server.RaftServer$Division (ServerState.java:close(419)) - 5120cc87-b9ff-4d81-8e4f-818f73dade45@group-958034FB3CB9: closes. applyIndex: 0
2021-11-15 10:01:17,089 [5120cc87-b9ff-4d81-8e4f-818f73dade45@group-958034FB3CB9-SegmentedRaftLogWorker] INFO  segmented.SegmentedRaftLogWorker (SegmentedRaftLogWorker.java:run(327)) - 5120cc87-b9ff-4d81-8e4f-818f73dade45@group-958034FB3CB9-SegmentedRaftLogWorker was interrupted, exiting. There are 0 tasks remaining in the queue.
2021-11-15 10:01:17,090 [Command processor thread] INFO  segmented.SegmentedRaftLogWorker (SegmentedRaftLogWorker.java:close(237)) - 5120cc87-b9ff-4d81-8e4f-818f73dade45@group-958034FB3CB9-SegmentedRaftLogWorker close()
2021-11-15 10:01:17,094 [Command processor thread] INFO  server.RaftServer$Division (RaftServerImpl.java:groupRemove(382)) - 5120cc87-b9ff-4d81-8e4f-818f73dade45@group-958034FB3CB9: Succeed to remove RaftStorageDirectory Storage Directory /home/runner/work/ozone/ozone/hadoop-ozone/integration-test/target/test-dir/MiniOzoneClusterImpl-b6bde346-cb55-4fad-bd7f-e1da966a93e7/datanode-0/data/ratis/6b80ec7e-7769-4d47-a846-958034fb3cb9
2021-11-15 10:01:17,097 [Command processor thread] INFO  commandhandler.ClosePipelineCommandHandler (ClosePipelineCommandHandler.java:handle(78)) - Close Pipeline PipelineID=6b80ec7e-7769-4d47-a846-958034fb3cb9 command on datanode 5120cc87-b9ff-4d81-8e4f-818f73dade45.
2021-11-15 10:01:17,097 [Command processor thread] INFO  server.RaftServer (RaftServerProxy.java:remove(106)) - 5120cc87-b9ff-4d81-8e4f-818f73dade45: remove  FOLLOWER 5120cc87-b9ff-4d81-8e4f-818f73dade45@group-C68B1A57C8BB:t3, leader=null, voted=5120cc87-b9ff-4d81-8e4f-818f73dade45, raftlog=5120cc87-b9ff-4d81-8e4f-818f73dade45@group-C68B1A57C8BB-SegmentedRaftLog:OPENED:c12, conf=0: [5120cc87-b9ff-4d81-8e4f-818f73dade45|rpc:10.1.0.56:39907|dataStream:|priority:0, 003b3e8b-8375-416f-b9b0-c8bdf761ffc2|rpc:10.1.0.56:44495|dataStream:|priority:1, a5208437-b67a-4a59-91c1-79d4e747a9e2|rpc:10.1.0.56:41529|dataStream:|priority:0], old=null RUNNING
2021-11-15 10:01:17,097 [Command processor thread] INFO  server.RaftServer$Division (RaftServerImpl.java:lambda$close$4(412)) - 5120cc87-b9ff-4d81-8e4f-818f73dade45@group-C68B1A57C8BB: shutdown
2021-11-15 10:01:17,097 [Command processor thread] INFO  util.JmxRegister (JmxRegister.java:unregister(73)) - Successfully un-registered JMX Bean with object name Ratis:service=RaftServer,group=group-C68B1A57C8BB,id=5120cc87-b9ff-4d81-8e4f-818f73dade45
2021-11-15 10:01:17,097 [Command processor thread] INFO  impl.RoleInfo (RoleInfo.java:shutdownFollowerState(108)) - 5120cc87-b9ff-4d81-8e4f-818f73dade45: shutdown 5120cc87-b9ff-4d81-8e4f-818f73dade45@group-C68B1A57C8BB-FollowerState
2021-11-15 10:01:17,097 [5120cc87-b9ff-4d81-8e4f-818f73dade45@group-C68B1A57C8BB-FollowerState] INFO  impl.FollowerState (FollowerState.java:run(143)) - 5120cc87-b9ff-4d81-8e4f-818f73dade45@group-C68B1A57C8BB-FollowerState was interrupted: {}
java.lang.InterruptedException: sleep interrupted
	at java.lang.Thread.sleep(Native Method)
	at java.lang.Thread.sleep(Thread.java:340)
	at java.util.concurrent.TimeUnit.sleep(TimeUnit.java:386)
	at org.apache.ratis.util.TimeDuration.sleep(TimeDuration.java:324)
	at org.apache.ratis.util.TimeDuration.sleep(TimeDuration.java:309)
	at org.apache.ratis.server.impl.FollowerState.run(FollowerState.java:118)
2021-11-15 10:01:17,098 [Command processor thread] INFO  impl.StateMachineUpdater (StateMachineUpdater.java:stopAndJoin(149)) - 5120cc87-b9ff-4d81-8e4f-818f73dade45@group-C68B1A57C8BB-StateMachineUpdater: set stopIndex = 12
2021-11-15 10:01:17,098 [5120cc87-b9ff-4d81-8e4f-818f73dade45@group-C68B1A57C8BB-StateMachineUpdater] INFO  ratis.ContainerStateMachine (ContainerStateMachine.java:takeSnapshot(292)) - group-C68B1A57C8BB: Taking a snapshot at:(t:1, i:12) file /home/runner/work/ozone/ozone/hadoop-ozone/integration-test/target/test-dir/MiniOzoneClusterImpl-b6bde346-cb55-4fad-bd7f-e1da966a93e7/datanode-0/data/ratis/33a0542e-f327-46d0-9703-c68b1a57c8bb/sm/snapshot.1_12
2021-11-15 10:01:17,099 [5120cc87-b9ff-4d81-8e4f-818f73dade45@group-C68B1A57C8BB-StateMachineUpdater] INFO  ratis.ContainerStateMachine (ContainerStateMachine.java:takeSnapshot(303)) - group-C68B1A57C8BB: Finished taking a snapshot at:(t:1, i:12) file:/home/runner/work/ozone/ozone/hadoop-ozone/integration-test/target/test-dir/MiniOzoneClusterImpl-b6bde346-cb55-4fad-bd7f-e1da966a93e7/datanode-0/data/ratis/33a0542e-f327-46d0-9703-c68b1a57c8bb/sm/snapshot.1_12 took: 2 ms
2021-11-15 10:01:17,100 [5120cc87-b9ff-4d81-8e4f-818f73dade45@group-C68B1A57C8BB-StateMachineUpdater] INFO  impl.StateMachineUpdater (StateMachineUpdater.java:takeSnapshot(281)) - 5120cc87-b9ff-4d81-8e4f-818f73dade45@group-C68B1A57C8BB-StateMachineUpdater: Took a snapshot at index 12
2021-11-15 10:01:17,100 [5120cc87-b9ff-4d81-8e4f-818f73dade45@group-C68B1A57C8BB-StateMachineUpdater] INFO  impl.StateMachineUpdater (StateMachineUpdater.java:lambda$new$0(89)) - 5120cc87-b9ff-4d81-8e4f-818f73dade45@group-C68B1A57C8BB-StateMachineUpdater: snapshotIndex: updateIncreasingly -1 -> 12
2021-11-15 10:01:17,103 [Command processor thread] INFO  server.RaftServer$Division (ServerState.java:close(419)) - 5120cc87-b9ff-4d81-8e4f-818f73dade45@group-C68B1A57C8BB: closes. applyIndex: 12
2021-11-15 10:01:17,103 [5120cc87-b9ff-4d81-8e4f-818f73dade45@group-C68B1A57C8BB-SegmentedRaftLogWorker] INFO  segmented.SegmentedRaftLogWorker (SegmentedRaftLogWorker.java:run(327)) - 5120cc87-b9ff-4d81-8e4f-818f73dade45@group-C68B1A57C8BB-SegmentedRaftLogWorker was interrupted, exiting. There are 0 tasks remaining in the queue.
2021-11-15 10:01:17,104 [Command processor thread] INFO  segmented.SegmentedRaftLogWorker (SegmentedRaftLogWorker.java:close(237)) - 5120cc87-b9ff-4d81-8e4f-818f73dade45@group-C68B1A57C8BB-SegmentedRaftLogWorker close()
2021-11-15 10:01:17,107 [Command processor thread] INFO  keyvalue.KeyValueContainer (KeyValueContainer.java:flushAndSyncDB(397)) - Container 1 is synced with bcsId 10.
2021-11-15 10:01:17,107 [Command processor thread] INFO  keyvalue.KeyValueContainer (KeyValueContainer.java:flushAndSyncDB(397)) - Container 1 is synced with bcsId 10.
2021-11-15 10:01:17,112 [Command processor thread] INFO  server.RaftServer$Division (RaftServerImpl.java:groupRemove(382)) - 5120cc87-b9ff-4d81-8e4f-818f73dade45@group-C68B1A57C8BB: Succeed to remove RaftStorageDirectory Storage Directory /home/runner/work/ozone/ozone/hadoop-ozone/integration-test/target/test-dir/MiniOzoneClusterImpl-b6bde346-cb55-4fad-bd7f-e1da966a93e7/datanode-0/data/ratis/33a0542e-f327-46d0-9703-c68b1a57c8bb
2021-11-15 10:01:17,113 [EventQueue-IncrementalContainerReportForIncrementalContainerReportHandler] INFO  container.IncrementalContainerReportHandler (AbstractContainerReportHandler.java:updateContainerState(216)) - Moving container #1 to QUASI_CLOSED state, datanode 5120cc87-b9ff-4d81-8e4f-818f73dade45{ip: 10.1.0.56, host: fv-az12-743.exdb2aeach2ezidoxz41lk3bwg.cx.internal.cloudapp.net, ports: [REPLICATION=35699, RATIS=39907, RATIS_ADMIN=39907, RATIS_SERVER=39907, STANDALONE=46197], networkLocation: /default-rack, certSerialId: null, persistedOpState: IN_SERVICE, persistedOpStateExpiryEpochSec: 0} reported QUASI_CLOSED replica.
2021-11-15 10:01:17,114 [Command processor thread] INFO  commandhandler.ClosePipelineCommandHandler (ClosePipelineCommandHandler.java:handle(78)) - Close Pipeline PipelineID=33a0542e-f327-46d0-9703-c68b1a57c8bb command on datanode 5120cc87-b9ff-4d81-8e4f-818f73dade45.
2021-11-15 10:01:18,269 [acb9c8cb-4d3e-4a6b-b679-e47efd30f020@group-B155B082459A-FollowerState] INFO  impl.FollowerState (FollowerState.java:run(134)) - acb9c8cb-4d3e-4a6b-b679-e47efd30f020@group-B155B082459A-FollowerState: change to CANDIDATE, lastRpcElapsedTime:5024946775ns, electionTimeout:5014ms
2021-11-15 10:01:18,269 [acb9c8cb-4d3e-4a6b-b679-e47efd30f020@group-B155B082459A-FollowerState] INFO  impl.RoleInfo (RoleInfo.java:shutdownFollowerState(108)) - acb9c8cb-4d3e-4a6b-b679-e47efd30f020: shutdown acb9c8cb-4d3e-4a6b-b679-e47efd30f020@group-B155B082459A-FollowerState
2021-11-15 10:01:18,269 [acb9c8cb-4d3e-4a6b-b679-e47efd30f020@group-B155B082459A-FollowerState] INFO  server.RaftServer$Division (RaftServerImpl.java:setRole(290)) - acb9c8cb-4d3e-4a6b-b679-e47efd30f020@group-B155B082459A: changes role from  FOLLOWER to CANDIDATE at term 5 for changeToCandidate
2021-11-15 10:01:18,269 [acb9c8cb-4d3e-4a6b-b679-e47efd30f020@group-B155B082459A-FollowerState] INFO  server.RaftServerConfigKeys (ConfUtils.java:logGet(44)) - raft.server.leaderelection.pre-vote = false (custom)
2021-11-15 10:01:18,269 [acb9c8cb-4d3e-4a6b-b679-e47efd30f020@group-B155B082459A-FollowerState] INFO  impl.RoleInfo (RoleInfo.java:updateAndGet(130)) - acb9c8cb-4d3e-4a6b-b679-e47efd30f020: start acb9c8cb-4d3e-4a6b-b679-e47efd30f020@group-B155B082459A-LeaderElection30
2021-11-15 10:01:18,279 [acb9c8cb-4d3e-4a6b-b679-e47efd30f020@group-B155B082459A-LeaderElection30] INFO  impl.LeaderElection (LeaderElection.java:askForVotes(306)) - acb9c8cb-4d3e-4a6b-b679-e47efd30f020@group-B155B082459A-LeaderElection30 ELECTION round 0: submit vote requests at term 6 for -1: [d804d820-4532-49b1-b366-ad6b8b9e72b3|rpc:10.1.0.56:37399|priority:1, a90e3e6e-a337-4ecb-a7be-5aa85bd5c784|rpc:10.1.0.56:44193|priority:0, acb9c8cb-4d3e-4a6b-b679-e47efd30f020|rpc:10.1.0.56:33205|priority:0], old=null
2021-11-15 10:01:18,288 [grpc-default-executor-3] INFO  server.RaftServer$Division (RaftServerImpl.java:requestVote(1046)) - d804d820-4532-49b1-b366-ad6b8b9e72b3@group-B155B082459A: receive requestVote(ELECTION, acb9c8cb-4d3e-4a6b-b679-e47efd30f020, group-B155B082459A, 6, (t:0, i:0))
2021-11-15 10:01:18,288 [grpc-default-executor-3] INFO  impl.VoteContext (VoteContext.java:log(48)) - d804d820-4532-49b1-b366-ad6b8b9e72b3@group-B155B082459A-FOLLOWER: reject ELECTION from acb9c8cb-4d3e-4a6b-b679-e47efd30f020: our priority 1 > candidate's priority 0
2021-11-15 10:01:18,288 [grpc-default-executor-3] INFO  server.RaftServer$Division (RaftServerImpl.java:setRole(290)) - d804d820-4532-49b1-b366-ad6b8b9e72b3@group-B155B082459A: changes role from  FOLLOWER to FOLLOWER at term 6 for candidate:acb9c8cb-4d3e-4a6b-b679-e47efd30f020
2021-11-15 10:01:18,288 [grpc-default-executor-3] INFO  impl.RoleInfo (RoleInfo.java:shutdownFollowerState(108)) - d804d820-4532-49b1-b366-ad6b8b9e72b3: shutdown d804d820-4532-49b1-b366-ad6b8b9e72b3@group-B155B082459A-FollowerState
2021-11-15 10:01:18,295 [grpc-default-executor-3] INFO  impl.RoleInfo (RoleInfo.java:updateAndGet(130)) - d804d820-4532-49b1-b366-ad6b8b9e72b3: start d804d820-4532-49b1-b366-ad6b8b9e72b3@group-B155B082459A-FollowerState
2021-11-15 10:01:18,295 [d804d820-4532-49b1-b366-ad6b8b9e72b3@group-B155B082459A-FollowerState] INFO  impl.FollowerState (FollowerState.java:run(143)) - d804d820-4532-49b1-b366-ad6b8b9e72b3@group-B155B082459A-FollowerState was interrupted: {}
java.lang.InterruptedException: sleep interrupted
	at java.lang.Thread.sleep(Native Method)
	at java.lang.Thread.sleep(Thread.java:340)
	at java.util.concurrent.TimeUnit.sleep(TimeUnit.java:386)
	at org.apache.ratis.util.TimeDuration.sleep(TimeDuration.java:324)
	at org.apache.ratis.util.TimeDuration.sleep(TimeDuration.java:309)
	at org.apache.ratis.server.impl.FollowerState.run(FollowerState.java:118)
2021-11-15 10:01:18,298 [grpc-default-executor-2] INFO  server.RaftServer$Division (RaftServerImpl.java:requestVote(1046)) - a90e3e6e-a337-4ecb-a7be-5aa85bd5c784@group-B155B082459A: receive requestVote(ELECTION, acb9c8cb-4d3e-4a6b-b679-e47efd30f020, group-B155B082459A, 6, (t:0, i:0))
2021-11-15 10:01:18,298 [grpc-default-executor-2] INFO  impl.VoteContext (VoteContext.java:log(48)) - a90e3e6e-a337-4ecb-a7be-5aa85bd5c784@group-B155B082459A-FOLLOWER: accept ELECTION from acb9c8cb-4d3e-4a6b-b679-e47efd30f020: our priority 0 <= candidate's priority 0
2021-11-15 10:01:18,298 [grpc-default-executor-2] INFO  server.RaftServer$Division (RaftServerImpl.java:setRole(290)) - a90e3e6e-a337-4ecb-a7be-5aa85bd5c784@group-B155B082459A: changes role from  FOLLOWER to FOLLOWER at term 6 for candidate:acb9c8cb-4d3e-4a6b-b679-e47efd30f020
2021-11-15 10:01:18,299 [grpc-default-executor-2] INFO  impl.RoleInfo (RoleInfo.java:shutdownFollowerState(108)) - a90e3e6e-a337-4ecb-a7be-5aa85bd5c784: shutdown a90e3e6e-a337-4ecb-a7be-5aa85bd5c784@group-B155B082459A-FollowerState
2021-11-15 10:01:18,303 [grpc-default-executor-2] INFO  impl.RoleInfo (RoleInfo.java:updateAndGet(130)) - a90e3e6e-a337-4ecb-a7be-5aa85bd5c784: start a90e3e6e-a337-4ecb-a7be-5aa85bd5c784@group-B155B082459A-FollowerState
2021-11-15 10:01:18,303 [a90e3e6e-a337-4ecb-a7be-5aa85bd5c784@group-B155B082459A-FollowerState] INFO  impl.FollowerState (FollowerState.java:run(143)) - a90e3e6e-a337-4ecb-a7be-5aa85bd5c784@group-B155B082459A-FollowerState was interrupted: {}
java.lang.InterruptedException: sleep interrupted
	at java.lang.Thread.sleep(Native Method)
	at java.lang.Thread.sleep(Thread.java:340)
	at java.util.concurrent.TimeUnit.sleep(TimeUnit.java:386)
	at org.apache.ratis.util.TimeDuration.sleep(TimeDuration.java:324)
	at org.apache.ratis.util.TimeDuration.sleep(TimeDuration.java:309)
	at org.apache.ratis.server.impl.FollowerState.run(FollowerState.java:118)
2021-11-15 10:01:18,305 [grpc-default-executor-3] INFO  server.RaftServer$Division (RaftServerImpl.java:requestVote(1078)) - d804d820-4532-49b1-b366-ad6b8b9e72b3@group-B155B082459A replies to ELECTION vote request: acb9c8cb-4d3e-4a6b-b679-e47efd30f020<-d804d820-4532-49b1-b366-ad6b8b9e72b3#0:FAIL-t6. Peer's state: d804d820-4532-49b1-b366-ad6b8b9e72b3@group-B155B082459A:t6, leader=null, voted=null, raftlog=d804d820-4532-49b1-b366-ad6b8b9e72b3@group-B155B082459A-SegmentedRaftLog:OPENED:c-1, conf=-1: [d804d820-4532-49b1-b366-ad6b8b9e72b3|rpc:10.1.0.56:37399|priority:1, a90e3e6e-a337-4ecb-a7be-5aa85bd5c784|rpc:10.1.0.56:44193|priority:0, acb9c8cb-4d3e-4a6b-b679-e47efd30f020|rpc:10.1.0.56:33205|priority:0], old=null
2021-11-15 10:01:18,306 [acb9c8cb-4d3e-4a6b-b679-e47efd30f020@group-B155B082459A-LeaderElection30] INFO  impl.LeaderElection (LeaderElection.java:logAndReturn(89)) - acb9c8cb-4d3e-4a6b-b679-e47efd30f020@group-B155B082459A-LeaderElection30: ELECTION REJECTED received 1 response(s) and 0 exception(s):
2021-11-15 10:01:18,306 [acb9c8cb-4d3e-4a6b-b679-e47efd30f020@group-B155B082459A-LeaderElection30] INFO  impl.LeaderElection (LeaderElection.java:logAndReturn(93)) -   Response 0: acb9c8cb-4d3e-4a6b-b679-e47efd30f020<-d804d820-4532-49b1-b366-ad6b8b9e72b3#0:FAIL-t6
2021-11-15 10:01:18,307 [acb9c8cb-4d3e-4a6b-b679-e47efd30f020@group-B155B082459A-LeaderElection30] INFO  impl.LeaderElection (LeaderElection.java:askForVotes(308)) - acb9c8cb-4d3e-4a6b-b679-e47efd30f020@group-B155B082459A-LeaderElection30 ELECTION round 0: result REJECTED
2021-11-15 10:01:18,307 [acb9c8cb-4d3e-4a6b-b679-e47efd30f020@group-B155B082459A-LeaderElection30] INFO  server.RaftServer$Division (RaftServerImpl.java:setRole(290)) - acb9c8cb-4d3e-4a6b-b679-e47efd30f020@group-B155B082459A: changes role from CANDIDATE to FOLLOWER at term 6 for REJECTED
2021-11-15 10:01:18,307 [acb9c8cb-4d3e-4a6b-b679-e47efd30f020@group-B155B082459A-LeaderElection30] INFO  impl.RoleInfo (RoleInfo.java:shutdownLeaderElection(121)) - acb9c8cb-4d3e-4a6b-b679-e47efd30f020: shutdown acb9c8cb-4d3e-4a6b-b679-e47efd30f020@group-B155B082459A-LeaderElection30
2021-11-15 10:01:18,307 [acb9c8cb-4d3e-4a6b-b679-e47efd30f020@group-B155B082459A-LeaderElection30] INFO  impl.RoleInfo (RoleInfo.java:updateAndGet(130)) - acb9c8cb-4d3e-4a6b-b679-e47efd30f020: start acb9c8cb-4d3e-4a6b-b679-e47efd30f020@group-B155B082459A-FollowerState
2021-11-15 10:01:18,307 [grpc-default-executor-2] INFO  server.RaftServer$Division (RaftServerImpl.java:requestVote(1078)) - a90e3e6e-a337-4ecb-a7be-5aa85bd5c784@group-B155B082459A replies to ELECTION vote request: acb9c8cb-4d3e-4a6b-b679-e47efd30f020<-a90e3e6e-a337-4ecb-a7be-5aa85bd5c784#0:OK-t6. Peer's state: a90e3e6e-a337-4ecb-a7be-5aa85bd5c784@group-B155B082459A:t6, leader=null, voted=acb9c8cb-4d3e-4a6b-b679-e47efd30f020, raftlog=a90e3e6e-a337-4ecb-a7be-5aa85bd5c784@group-B155B082459A-SegmentedRaftLog:OPENED:c-1, conf=-1: [d804d820-4532-49b1-b366-ad6b8b9e72b3|rpc:10.1.0.56:37399|dataStream:|priority:1, a90e3e6e-a337-4ecb-a7be-5aa85bd5c784|rpc:10.1.0.56:44193|dataStream:|priority:0, acb9c8cb-4d3e-4a6b-b679-e47efd30f020|rpc:10.1.0.56:33205|dataStream:|priority:0], old=null
2021-11-15 10:01:18,360 [d804d820-4532-49b1-b366-ad6b8b9e72b3@group-4A8E582C3D20-FollowerState] INFO  impl.FollowerState (FollowerState.java:run(134)) - d804d820-4532-49b1-b366-ad6b8b9e72b3@group-4A8E582C3D20-FollowerState: change to CANDIDATE, lastRpcElapsedTime:5145068488ns, electionTimeout:5134ms
2021-11-15 10:01:18,360 [d804d820-4532-49b1-b366-ad6b8b9e72b3@group-4A8E582C3D20-FollowerState] INFO  impl.RoleInfo (RoleInfo.java:shutdownFollowerState(108)) - d804d820-4532-49b1-b366-ad6b8b9e72b3: shutdown d804d820-4532-49b1-b366-ad6b8b9e72b3@group-4A8E582C3D20-FollowerState
2021-11-15 10:01:18,360 [d804d820-4532-49b1-b366-ad6b8b9e72b3@group-4A8E582C3D20-FollowerState] INFO  server.RaftServer$Division (RaftServerImpl.java:setRole(290)) - d804d820-4532-49b1-b366-ad6b8b9e72b3@group-4A8E582C3D20: changes role from  FOLLOWER to CANDIDATE at term 6 for changeToCandidate
2021-11-15 10:01:18,360 [d804d820-4532-49b1-b366-ad6b8b9e72b3@group-4A8E582C3D20-FollowerState] INFO  server.RaftServerConfigKeys (ConfUtils.java:logGet(44)) - raft.server.leaderelection.pre-vote = false (custom)
2021-11-15 10:01:18,360 [d804d820-4532-49b1-b366-ad6b8b9e72b3@group-4A8E582C3D20-FollowerState] INFO  impl.RoleInfo (RoleInfo.java:updateAndGet(130)) - d804d820-4532-49b1-b366-ad6b8b9e72b3: start d804d820-4532-49b1-b366-ad6b8b9e72b3@group-4A8E582C3D20-LeaderElection31
2021-11-15 10:01:18,369 [d804d820-4532-49b1-b366-ad6b8b9e72b3@group-4A8E582C3D20-LeaderElection31] INFO  impl.LeaderElection (LeaderElection.java:askForVotes(306)) - d804d820-4532-49b1-b366-ad6b8b9e72b3@group-4A8E582C3D20-LeaderElection31 ELECTION round 0: submit vote requests at term 7 for -1: [d804d820-4532-49b1-b366-ad6b8b9e72b3|rpc:10.1.0.56:37399|dataStream:|priority:0, a90e3e6e-a337-4ecb-a7be-5aa85bd5c784|rpc:10.1.0.56:44193|dataStream:|priority:0, acb9c8cb-4d3e-4a6b-b679-e47efd30f020|rpc:10.1.0.56:33205|dataStream:|priority:1], old=null
2021-11-15 10:01:18,378 [grpc-default-executor-2] INFO  server.RaftServer$Division (RaftServerImpl.java:requestVote(1046)) - a90e3e6e-a337-4ecb-a7be-5aa85bd5c784@group-4A8E582C3D20: receive requestVote(ELECTION, d804d820-4532-49b1-b366-ad6b8b9e72b3, group-4A8E582C3D20, 7, (t:0, i:0))
2021-11-15 10:01:18,378 [grpc-default-executor-2] INFO  impl.VoteContext (VoteContext.java:log(48)) - a90e3e6e-a337-4ecb-a7be-5aa85bd5c784@group-4A8E582C3D20-FOLLOWER: accept ELECTION from d804d820-4532-49b1-b366-ad6b8b9e72b3: our priority 0 <= candidate's priority 0
2021-11-15 10:01:18,378 [grpc-default-executor-2] INFO  server.RaftServer$Division (RaftServerImpl.java:setRole(290)) - a90e3e6e-a337-4ecb-a7be-5aa85bd5c784@group-4A8E582C3D20: changes role from  FOLLOWER to FOLLOWER at term 7 for candidate:d804d820-4532-49b1-b366-ad6b8b9e72b3
2021-11-15 10:01:18,378 [grpc-default-executor-2] INFO  impl.RoleInfo (RoleInfo.java:shutdownFollowerState(108)) - a90e3e6e-a337-4ecb-a7be-5aa85bd5c784: shutdown a90e3e6e-a337-4ecb-a7be-5aa85bd5c784@group-4A8E582C3D20-FollowerState
2021-11-15 10:01:18,380 [grpc-default-executor-2] INFO  impl.RoleInfo (RoleInfo.java:updateAndGet(130)) - a90e3e6e-a337-4ecb-a7be-5aa85bd5c784: start a90e3e6e-a337-4ecb-a7be-5aa85bd5c784@group-4A8E582C3D20-FollowerState
2021-11-15 10:01:18,381 [a90e3e6e-a337-4ecb-a7be-5aa85bd5c784@group-4A8E582C3D20-FollowerState] INFO  impl.FollowerState (FollowerState.java:run(143)) - a90e3e6e-a337-4ecb-a7be-5aa85bd5c784@group-4A8E582C3D20-FollowerState was interrupted: {}
java.lang.InterruptedException: sleep interrupted
	at java.lang.Thread.sleep(Native Method)
	at java.lang.Thread.sleep(Thread.java:340)
	at java.util.concurrent.TimeUnit.sleep(TimeUnit.java:386)
	at org.apache.ratis.util.TimeDuration.sleep(TimeDuration.java:324)
	at org.apache.ratis.util.TimeDuration.sleep(TimeDuration.java:309)
	at org.apache.ratis.server.impl.FollowerState.run(FollowerState.java:118)
2021-11-15 10:01:18,387 [grpc-default-executor-3] INFO  server.RaftServer$Division (RaftServerImpl.java:requestVote(1046)) - acb9c8cb-4d3e-4a6b-b679-e47efd30f020@group-4A8E582C3D20: receive requestVote(ELECTION, d804d820-4532-49b1-b366-ad6b8b9e72b3, group-4A8E582C3D20, 7, (t:0, i:0))
2021-11-15 10:01:18,387 [grpc-default-executor-3] INFO  impl.VoteContext (VoteContext.java:log(48)) - acb9c8cb-4d3e-4a6b-b679-e47efd30f020@group-4A8E582C3D20-FOLLOWER: reject ELECTION from d804d820-4532-49b1-b366-ad6b8b9e72b3: our priority 1 > candidate's priority 0
2021-11-15 10:01:18,387 [grpc-default-executor-3] INFO  server.RaftServer$Division (RaftServerImpl.java:setRole(290)) - acb9c8cb-4d3e-4a6b-b679-e47efd30f020@group-4A8E582C3D20: changes role from  FOLLOWER to FOLLOWER at term 7 for candidate:d804d820-4532-49b1-b366-ad6b8b9e72b3
2021-11-15 10:01:18,387 [grpc-default-executor-3] INFO  impl.RoleInfo (RoleInfo.java:shutdownFollowerState(108)) - acb9c8cb-4d3e-4a6b-b679-e47efd30f020: shutdown acb9c8cb-4d3e-4a6b-b679-e47efd30f020@group-4A8E582C3D20-FollowerState
2021-11-15 10:01:18,387 [grpc-default-executor-3] INFO  impl.RoleInfo (RoleInfo.java:updateAndGet(130)) - acb9c8cb-4d3e-4a6b-b679-e47efd30f020: start acb9c8cb-4d3e-4a6b-b679-e47efd30f020@group-4A8E582C3D20-FollowerState
2021-11-15 10:01:18,387 [acb9c8cb-4d3e-4a6b-b679-e47efd30f020@group-4A8E582C3D20-FollowerState] INFO  impl.FollowerState (FollowerState.java:run(143)) - acb9c8cb-4d3e-4a6b-b679-e47efd30f020@group-4A8E582C3D20-FollowerState was interrupted: {}
java.lang.InterruptedException: sleep interrupted
	at java.lang.Thread.sleep(Native Method)
	at java.lang.Thread.sleep(Thread.java:340)
	at java.util.concurrent.TimeUnit.sleep(TimeUnit.java:386)
	at org.apache.ratis.util.TimeDuration.sleep(TimeDuration.java:324)
	at org.apache.ratis.util.TimeDuration.sleep(TimeDuration.java:309)
	at org.apache.ratis.server.impl.FollowerState.run(FollowerState.java:118)
2021-11-15 10:01:18,389 [grpc-default-executor-2] INFO  server.RaftServer$Division (RaftServerImpl.java:requestVote(1078)) - a90e3e6e-a337-4ecb-a7be-5aa85bd5c784@group-4A8E582C3D20 replies to ELECTION vote request: d804d820-4532-49b1-b366-ad6b8b9e72b3<-a90e3e6e-a337-4ecb-a7be-5aa85bd5c784#0:OK-t7. Peer's state: a90e3e6e-a337-4ecb-a7be-5aa85bd5c784@group-4A8E582C3D20:t7, leader=null, voted=d804d820-4532-49b1-b366-ad6b8b9e72b3, raftlog=a90e3e6e-a337-4ecb-a7be-5aa85bd5c784@group-4A8E582C3D20-SegmentedRaftLog:OPENED:c-1, conf=-1: [d804d820-4532-49b1-b366-ad6b8b9e72b3|rpc:10.1.0.56:37399|dataStream:|priority:0, a90e3e6e-a337-4ecb-a7be-5aa85bd5c784|rpc:10.1.0.56:44193|dataStream:|priority:0, acb9c8cb-4d3e-4a6b-b679-e47efd30f020|rpc:10.1.0.56:33205|dataStream:|priority:1], old=null
2021-11-15 10:01:18,391 [grpc-default-executor-3] INFO  server.RaftServer$Division (RaftServerImpl.java:requestVote(1078)) - acb9c8cb-4d3e-4a6b-b679-e47efd30f020@group-4A8E582C3D20 replies to ELECTION vote request: d804d820-4532-49b1-b366-ad6b8b9e72b3<-acb9c8cb-4d3e-4a6b-b679-e47efd30f020#0:FAIL-t7. Peer's state: acb9c8cb-4d3e-4a6b-b679-e47efd30f020@group-4A8E582C3D20:t7, leader=null, voted=null, raftlog=acb9c8cb-4d3e-4a6b-b679-e47efd30f020@group-4A8E582C3D20-SegmentedRaftLog:OPENED:c-1, conf=-1: [d804d820-4532-49b1-b366-ad6b8b9e72b3|rpc:10.1.0.56:37399|priority:0, a90e3e6e-a337-4ecb-a7be-5aa85bd5c784|rpc:10.1.0.56:44193|priority:0, acb9c8cb-4d3e-4a6b-b679-e47efd30f020|rpc:10.1.0.56:33205|priority:1], old=null
2021-11-15 10:01:18,394 [d804d820-4532-49b1-b366-ad6b8b9e72b3@group-4A8E582C3D20-LeaderElection31] INFO  impl.LeaderElection (LeaderElection.java:logAndReturn(89)) - d804d820-4532-49b1-b366-ad6b8b9e72b3@group-4A8E582C3D20-LeaderElection31: ELECTION REJECTED received 2 response(s) and 0 exception(s):
2021-11-15 10:01:18,394 [d804d820-4532-49b1-b366-ad6b8b9e72b3@group-4A8E582C3D20-LeaderElection31] INFO  impl.LeaderElection (LeaderElection.java:logAndReturn(93)) -   Response 0: d804d820-4532-49b1-b366-ad6b8b9e72b3<-a90e3e6e-a337-4ecb-a7be-5aa85bd5c784#0:OK-t7
2021-11-15 10:01:18,395 [d804d820-4532-49b1-b366-ad6b8b9e72b3@group-4A8E582C3D20-LeaderElection31] INFO  impl.LeaderElection (LeaderElection.java:logAndReturn(93)) -   Response 1: d804d820-4532-49b1-b366-ad6b8b9e72b3<-acb9c8cb-4d3e-4a6b-b679-e47efd30f020#0:FAIL-t7
2021-11-15 10:01:18,395 [d804d820-4532-49b1-b366-ad6b8b9e72b3@group-4A8E582C3D20-LeaderElection31] INFO  impl.LeaderElection (LeaderElection.java:askForVotes(308)) - d804d820-4532-49b1-b366-ad6b8b9e72b3@group-4A8E582C3D20-LeaderElection31 ELECTION round 0: result REJECTED
2021-11-15 10:01:18,395 [d804d820-4532-49b1-b366-ad6b8b9e72b3@group-4A8E582C3D20-LeaderElection31] INFO  server.RaftServer$Division (RaftServerImpl.java:setRole(290)) - d804d820-4532-49b1-b366-ad6b8b9e72b3@group-4A8E582C3D20: changes role from CANDIDATE to FOLLOWER at term 7 for REJECTED
2021-11-15 10:01:18,395 [d804d820-4532-49b1-b366-ad6b8b9e72b3@group-4A8E582C3D20-LeaderElection31] INFO  impl.RoleInfo (RoleInfo.java:shutdownLeaderElection(121)) - d804d820-4532-49b1-b366-ad6b8b9e72b3: shutdown d804d820-4532-49b1-b366-ad6b8b9e72b3@group-4A8E582C3D20-LeaderElection31
2021-11-15 10:01:18,395 [d804d820-4532-49b1-b366-ad6b8b9e72b3@group-4A8E582C3D20-LeaderElection31] INFO  impl.RoleInfo (RoleInfo.java:updateAndGet(130)) - d804d820-4532-49b1-b366-ad6b8b9e72b3: start d804d820-4532-49b1-b366-ad6b8b9e72b3@group-4A8E582C3D20-FollowerState
2021-11-15 10:01:22,005 [EventQueue-DeadNodeForDeadNodeHandler] INFO  node.DeadNodeHandler (DeadNodeHandler.java:onMessage(80)) - A dead datanode is detected. a5208437-b67a-4a59-91c1-79d4e747a9e2{ip: 10.1.0.56, host: fv-az12-743.exdb2aeach2ezidoxz41lk3bwg.cx.internal.cloudapp.net, ports: [REPLICATION=43917, RATIS=41529, RATIS_ADMIN=41529, RATIS_SERVER=41529, STANDALONE=36855], networkLocation: /default-rack, certSerialId: null, persistedOpState: IN_SERVICE, persistedOpStateExpiryEpochSec: 0}
2021-11-15 10:01:22,005 [EventQueue-DeadNodeForDeadNodeHandler] INFO  pipeline.RatisPipelineProvider (RatisPipelineProvider.java:lambda$close$1(222)) - Send pipeline:PipelineID=28580443-686b-4e66-9fdd-66a3e2895c5d close command to datanode a5208437-b67a-4a59-91c1-79d4e747a9e2
2021-11-15 10:01:22,006 [EventQueue-DeadNodeForDeadNodeHandler] INFO  pipeline.PipelineStateManagerImpl (PipelineStateManagerImpl.java:removePipeline(223)) - Pipeline Pipeline[ Id: 28580443-686b-4e66-9fdd-66a3e2895c5d, Nodes: a5208437-b67a-4a59-91c1-79d4e747a9e2{ip: 10.1.0.56, host: fv-az12-743.exdb2aeach2ezidoxz41lk3bwg.cx.internal.cloudapp.net, ports: [REPLICATION=43917, RATIS=41529, RATIS_ADMIN=41529, RATIS_SERVER=41529, STANDALONE=36855], networkLocation: /default-rack, certSerialId: null, persistedOpState: IN_SERVICE, persistedOpStateExpiryEpochSec: 0}, ReplicationConfig: RATIS/ONE, State:CLOSED, leaderId:a5208437-b67a-4a59-91c1-79d4e747a9e2, CreationTimestamp2021-11-15T10:00:43.820Z[Etc/UTC]] removed.
2021-11-15 10:01:22,006 [EventQueue-DeadNodeForDeadNodeHandler] INFO  net.NetworkTopologyImpl (NetworkTopologyImpl.java:remove(137)) - Removed a node: /default-rack/a5208437-b67a-4a59-91c1-79d4e747a9e2
2021-11-15 10:01:22,039 [Listener at 127.0.0.1/43215] WARN  io.KeyOutputStream (KeyOutputStream.java:handleException(310)) - Encountered exception java.io.IOException: Unexpected Storage Container Exception: java.util.concurrent.CompletionException: Failed to write chunk 107544261427200001_chunk_6 into block conID: 1 locID: 107544261427200001 bcsId: 10 on the pipeline Pipeline[ Id: 33a0542e-f327-46d0-9703-c68b1a57c8bb, Nodes: 003b3e8b-8375-416f-b9b0-c8bdf761ffc2{ip: 10.1.0.56, host: fv-az12-743.exdb2aeach2ezidoxz41lk3bwg.cx.internal.cloudapp.net, ports: [REPLICATION=36515, RATIS=44495, RATIS_ADMIN=44495, RATIS_SERVER=44495, STANDALONE=34967], networkLocation: /default-rack, certSerialId: null, persistedOpState: IN_SERVICE, persistedOpStateExpiryEpochSec: 0}a5208437-b67a-4a59-91c1-79d4e747a9e2{ip: 10.1.0.56, host: fv-az12-743.exdb2aeach2ezidoxz41lk3bwg.cx.internal.cloudapp.net, ports: [REPLICATION=43917, RATIS=41529, RATIS_ADMIN=41529, RATIS_SERVER=41529, STANDALONE=36855], networkLocation: /default-rack, certSerialId: null, persistedOpState: IN_SERVICE, persistedOpStateExpiryEpochSec: 0}5120cc87-b9ff-4d81-8e4f-818f73dade45{ip: 10.1.0.56, host: fv-az12-743.exdb2aeach2ezidoxz41lk3bwg.cx.internal.cloudapp.net, ports: [REPLICATION=35699, RATIS=39907, RATIS_ADMIN=39907, RATIS_SERVER=39907, STANDALONE=46197], networkLocation: /default-rack, certSerialId: null, persistedOpState: IN_SERVICE, persistedOpStateExpiryEpochSec: 0}, ReplicationConfig: RATIS/THREE, State:OPEN, leaderId:003b3e8b-8375-416f-b9b0-c8bdf761ffc2, CreationTimestamp2021-11-15T10:00:44.365Z[Etc/UTC]]. The last committed block length is 450, uncommitted data length is 350 retry count 0
2021-11-15 10:01:22,068 [IPC Server handler 0 on default port 40577] WARN  pipeline.WritableRatisContainerProvider (WritableRatisContainerProvider.java:getContainer(125)) - Pipeline creation failed for repConfig RATIS/THREE Datanodes may be used up.
org.apache.hadoop.hdds.scm.exceptions.SCMException: Pipeline creation failed because nodes are engaged in other pipelines and every node can only be engaged in max 2 pipelines. Required 3. Found 2
	at org.apache.hadoop.hdds.scm.pipeline.PipelinePlacementPolicy.filterViableNodes(PipelinePlacementPolicy.java:184)
	at org.apache.hadoop.hdds.scm.pipeline.PipelinePlacementPolicy.chooseDatanodes(PipelinePlacementPolicy.java:237)
	at org.apache.hadoop.hdds.scm.pipeline.RatisPipelineProvider.create(RatisPipelineProvider.java:153)
	at org.apache.hadoop.hdds.scm.pipeline.RatisPipelineProvider.create(RatisPipelineProvider.java:50)
	at org.apache.hadoop.hdds.scm.pipeline.PipelineFactory.create(PipelineFactory.java:72)
	at org.apache.hadoop.hdds.scm.pipeline.PipelineManagerImpl.createPipeline(PipelineManagerImpl.java:168)
	at org.apache.hadoop.hdds.scm.pipeline.WritableRatisContainerProvider.getContainer(WritableRatisContainerProvider.java:119)
	at org.apache.hadoop.hdds.scm.pipeline.WritableContainerFactory.getContainer(WritableContainerFactory.java:52)
	at org.apache.hadoop.hdds.scm.block.BlockManagerImpl.allocateBlock(BlockManagerImpl.java:176)
	at org.apache.hadoop.hdds.scm.server.SCMBlockProtocolServer.allocateBlock(SCMBlockProtocolServer.java:194)
	at org.apache.hadoop.hdds.scm.protocol.ScmBlockLocationProtocolServerSideTranslatorPB.allocateScmBlock(ScmBlockLocationProtocolServerSideTranslatorPB.java:180)
	at org.apache.hadoop.hdds.scm.protocol.ScmBlockLocationProtocolServerSideTranslatorPB.processMessage(ScmBlockLocationProtocolServerSideTranslatorPB.java:130)
	at org.apache.hadoop.hdds.server.OzoneProtocolMessageDispatcher.processRequest(OzoneProtocolMessageDispatcher.java:87)
	at org.apache.hadoop.hdds.scm.protocol.ScmBlockLocationProtocolServerSideTranslatorPB.send(ScmBlockLocationProtocolServerSideTranslatorPB.java:112)
	at org.apache.hadoop.hdds.protocol.proto.ScmBlockLocationProtocolProtos$ScmBlockLocationProtocolService$2.callBlockingMethod(ScmBlockLocationProtocolProtos.java:13937)
	at org.apache.hadoop.ipc.ProtobufRpcEngine$Server.processCall(ProtobufRpcEngine.java:466)
	at org.apache.hadoop.ipc.ProtobufRpcEngine2$Server$ProtoBufRpcInvoker.call(ProtobufRpcEngine2.java:574)
	at org.apache.hadoop.ipc.ProtobufRpcEngine2$Server$ProtoBufRpcInvoker.call(ProtobufRpcEngine2.java:552)
	at org.apache.hadoop.ipc.RPC$Server.call(RPC.java:1093)
	at org.apache.hadoop.ipc.Server$RpcCall.run(Server.java:1035)
	at org.apache.hadoop.ipc.Server$RpcCall.run(Server.java:963)
	at java.security.AccessController.doPrivileged(Native Method)
	at javax.security.auth.Subject.doAs(Subject.java:422)
	at org.apache.hadoop.security.UserGroupInformation.doAs(UserGroupInformation.java:1878)
	at org.apache.hadoop.ipc.Server$Handler.run(Server.java:2966)
2021-11-15 10:01:22,068 [IPC Server handler 0 on default port 40577] ERROR pipeline.WritableRatisContainerProvider (WritableRatisContainerProvider.java:getContainer(164)) - Unable to allocate a block for the size: 800, repConfig: RATIS/THREE
2021-11-15 10:01:22,068 [IPC Server handler 0 on default port 40577] ERROR block.BlockManagerImpl (BlockManagerImpl.java:allocateBlock(184)) - Unable to allocate a block for the size: 800, replicationConfig: RATIS/THREE
2021-11-15 10:01:22,079 [Listener at 127.0.0.1/43215] INFO  ozone.MiniOzoneClusterImpl (MiniOzoneClusterImpl.java:shutdown(453)) - Shutting down the Mini Ozone Cluster
2021-11-15 10:01:22,079 [Listener at 127.0.0.1/43215] INFO  ozone.MiniOzoneClusterImpl (MiniOzoneClusterImpl.java:stop(468)) - Stopping the Mini Ozone Cluster
2021-11-15 10:01:22,079 [Listener at 127.0.0.1/43215] INFO  ozone.MiniOzoneClusterImpl (MiniOzoneClusterImpl.java:stopOM(550)) - Stopping the OzoneManager
2021-11-15 10:01:22,079 [Listener at 127.0.0.1/43215] INFO  om.OzoneManager (OzoneManager.java:stop(1698)) - Stopping Ozone Manager
2021-11-15 10:01:22,079 [Listener at 127.0.0.1/43215] INFO  ipc.Server (Server.java:stop(3414)) - Stopping server on 43215
2021-11-15 10:01:22,084 [IPC Server Responder] INFO  ipc.Server (Server.java:run(1512)) - Stopping IPC Server Responder
2021-11-15 10:01:22,084 [IPC Server listener on 0] INFO  ipc.Server (Server.java:run(1376)) - Stopping IPC Server listener on 0
2021-11-15 10:01:22,085 [Listener at 127.0.0.1/43215] INFO  server.RaftServer (RaftServerProxy.java:lambda$close$6(391)) - om1: close
2021-11-15 10:01:22,085 [Listener at 127.0.0.1/43215] INFO  server.RaftServer$Division (RaftServerImpl.java:lambda$close$4(412)) - om1@group-C5BA1605619E: shutdown
2021-11-15 10:01:22,085 [Listener at 127.0.0.1/43215] INFO  util.JmxRegister (JmxRegister.java:unregister(73)) - Successfully un-registered JMX Bean with object name Ratis:service=RaftServer,group=group-C5BA1605619E,id=om1
2021-11-15 10:01:22,085 [Listener at 127.0.0.1/43215] INFO  impl.RoleInfo (RoleInfo.java:shutdownLeaderState(91)) - om1: shutdown om1@group-C5BA1605619E-LeaderStateImpl
2021-11-15 10:01:22,085 [Listener at 127.0.0.1/43215] INFO  impl.PendingRequests (PendingRequests.java:sendNotLeaderResponses(282)) - om1@group-C5BA1605619E-PendingRequests: sendNotLeaderResponses
2021-11-15 10:01:22,089 [Listener at 127.0.0.1/43215] INFO  impl.StateMachineUpdater (StateMachineUpdater.java:stopAndJoin(149)) - om1@group-C5BA1605619E-StateMachineUpdater: set stopIndex = 6
2021-11-15 10:01:22,089 [om1@group-C5BA1605619E-StateMachineUpdater] INFO  ratis.OzoneManagerStateMachine (OzoneManagerStateMachine.java:takeSnapshot(417)) - Current Snapshot Index (t:1, i:6)
2021-11-15 10:01:22,090 [om1@group-C5BA1605619E-StateMachineUpdater] INFO  impl.StateMachineUpdater (StateMachineUpdater.java:takeSnapshot(281)) - om1@group-C5BA1605619E-StateMachineUpdater: Took a snapshot at index 6
2021-11-15 10:01:22,090 [om1@group-C5BA1605619E-StateMachineUpdater] INFO  impl.StateMachineUpdater (StateMachineUpdater.java:lambda$new$0(89)) - om1@group-C5BA1605619E-StateMachineUpdater: snapshotIndex: updateIncreasingly -1 -> 6
2021-11-15 10:01:22,090 [om1@group-C5BA1605619E-StateMachineUpdater] INFO  ratis.OzoneManagerStateMachine (OzoneManagerStateMachine.java:close(471)) - StateMachine has shutdown. Shutdown OzoneManager if not already shutdown.
2021-11-15 10:01:22,091 [Listener at 127.0.0.1/43215] INFO  server.RaftServer$Division (ServerState.java:close(419)) - om1@group-C5BA1605619E: closes. applyIndex: 6
2021-11-15 10:01:22,091 [om1@group-C5BA1605619E-SegmentedRaftLogWorker] INFO  segmented.SegmentedRaftLogWorker (SegmentedRaftLogWorker.java:run(327)) - om1@group-C5BA1605619E-SegmentedRaftLogWorker was interrupted, exiting. There are 0 tasks remaining in the queue.
2021-11-15 10:01:22,092 [Listener at 127.0.0.1/43215] INFO  segmented.SegmentedRaftLogWorker (SegmentedRaftLogWorker.java:close(237)) - om1@group-C5BA1605619E-SegmentedRaftLogWorker close()
2021-11-15 10:01:22,100 [Listener at 127.0.0.1/43215] INFO  server.GrpcService (GrpcService.java:closeImpl(262)) - om1: shutdown server with port 9872 now
2021-11-15 10:01:22,100 [Listener at 127.0.0.1/43215] INFO  server.GrpcService (GrpcService.java:closeImpl(271)) - om1: shutdown server with port 9872 successfully
2021-11-15 10:01:22,100 [org.apache.ratis.util.JvmPauseMonitor$$Lambda$532/1515984292@20f4225f] INFO  util.JvmPauseMonitor (JvmPauseMonitor.java:run(109)) - JvmPauseMonitor-om1: Stopped
2021-11-15 10:01:22,100 [Listener at 127.0.0.1/43215] INFO  ratis.OzoneManagerDoubleBuffer (OzoneManagerDoubleBuffer.java:stop(437)) - Stopping OMDoubleBuffer flush thread
2021-11-15 10:01:22,101 [OMDoubleBufferFlushThread] INFO  ratis.OzoneManagerDoubleBuffer (OzoneManagerDoubleBuffer.java:flushTransactions(356)) - OMDoubleBuffer flush thread OMDoubleBufferFlushThread is interrupted and will exit. OMDoubleBufferFlushThread
2021-11-15 10:01:22,102 [Listener at 127.0.0.1/43215] INFO  utils.BackgroundService (BackgroundService.java:shutdown(132)) - Shutting down service KeyDeletingService
2021-11-15 10:01:22,102 [Listener at 127.0.0.1/43215] INFO  utils.BackgroundService (BackgroundService.java:shutdown(132)) - Shutting down service DirectoryDeletingService
2021-11-15 10:01:22,103 [Listener at 127.0.0.1/43215] INFO  handler.ContextHandler (ContextHandler.java:doStop(1153)) - Stopped o.e.j.w.WebAppContext@108cf9a8{ozoneManager,/,null,STOPPED}{file:/home/runner/work/ozone/ozone/hadoop-ozone/integration-test/target/test-classes/webapps/ozoneManager}
2021-11-15 10:01:22,106 [Listener at 127.0.0.1/43215] INFO  server.AbstractConnector (AbstractConnector.java:doStop(381)) - Stopped ServerConnector@72f0cb42{HTTP/1.1, (http/1.1)}{0.0.0.0:0}
2021-11-15 10:01:22,106 [Listener at 127.0.0.1/43215] INFO  server.session (HouseKeeper.java:stopScavenging(149)) - node0 Stopped scavenging
2021-11-15 10:01:22,107 [Listener at 127.0.0.1/43215] INFO  handler.ContextHandler (ContextHandler.java:doStop(1153)) - Stopped o.e.j.s.ServletContextHandler@59abd644{static,/static,file:///home/runner/work/ozone/ozone/hadoop-ozone/integration-test/target/test-classes/webapps/static,STOPPED}
2021-11-15 10:01:22,107 [Listener at 127.0.0.1/43215] INFO  handler.ContextHandler (ContextHandler.java:doStop(1153)) - Stopped o.e.j.s.ServletContextHandler@2c817fc2{logs,/logs,file:///home/runner/work/ozone/ozone/hadoop-ozone/integration-test/target/log,STOPPED}
2021-11-15 10:01:22,109 [Listener at 127.0.0.1/43215] INFO  ozone.MiniOzoneClusterImpl (MiniOzoneClusterImpl.java:stopDatanodes(527)) - Stopping the HddsDatanodes
2021-11-15 10:01:23,319 [d804d820-4532-49b1-b366-ad6b8b9e72b3@group-B155B082459A-FollowerState] INFO  impl.FollowerState (FollowerState.java:run(134)) - d804d820-4532-49b1-b366-ad6b8b9e72b3@group-B155B082459A-FollowerState: change to CANDIDATE, lastRpcElapsedTime:5024153695ns, electionTimeout:5015ms
2021-11-15 10:01:23,319 [d804d820-4532-49b1-b366-ad6b8b9e72b3@group-B155B082459A-FollowerState] INFO  impl.RoleInfo (RoleInfo.java:shutdownFollowerState(108)) - d804d820-4532-49b1-b366-ad6b8b9e72b3: shutdown d804d820-4532-49b1-b366-ad6b8b9e72b3@group-B155B082459A-FollowerState
2021-11-15 10:01:23,319 [d804d820-4532-49b1-b366-ad6b8b9e72b3@group-B155B082459A-FollowerState] INFO  server.RaftServer$Division (RaftServerImpl.java:setRole(290)) - d804d820-4532-49b1-b366-ad6b8b9e72b3@group-B155B082459A: changes role from  FOLLOWER to CANDIDATE at term 6 for changeToCandidate
2021-11-15 10:01:23,319 [d804d820-4532-49b1-b366-ad6b8b9e72b3@group-B155B082459A-FollowerState] INFO  server.RaftServerConfigKeys (ConfUtils.java:logGet(44)) - raft.server.leaderelection.pre-vote = false (custom)
2021-11-15 10:01:23,319 [d804d820-4532-49b1-b366-ad6b8b9e72b3@group-B155B082459A-FollowerState] INFO  impl.RoleInfo (RoleInfo.java:updateAndGet(130)) - d804d820-4532-49b1-b366-ad6b8b9e72b3: start d804d820-4532-49b1-b366-ad6b8b9e72b3@group-B155B082459A-LeaderElection32
2021-11-15 10:01:23,333 [d804d820-4532-49b1-b366-ad6b8b9e72b3@group-B155B082459A-LeaderElection32] INFO  impl.LeaderElection (LeaderElection.java:askForVotes(306)) - d804d820-4532-49b1-b366-ad6b8b9e72b3@group-B155B082459A-LeaderElection32 ELECTION round 0: submit vote requests at term 7 for -1: [d804d820-4532-49b1-b366-ad6b8b9e72b3|rpc:10.1.0.56:37399|priority:1, a90e3e6e-a337-4ecb-a7be-5aa85bd5c784|rpc:10.1.0.56:44193|priority:0, acb9c8cb-4d3e-4a6b-b679-e47efd30f020|rpc:10.1.0.56:33205|priority:0], old=null
2021-11-15 10:01:23,346 [grpc-default-executor-1] INFO  server.RaftServer$Division (RaftServerImpl.java:requestVote(1046)) - a90e3e6e-a337-4ecb-a7be-5aa85bd5c784@group-B155B082459A: receive requestVote(ELECTION, d804d820-4532-49b1-b366-ad6b8b9e72b3, group-B155B082459A, 7, (t:0, i:0))
2021-11-15 10:01:23,346 [grpc-default-executor-1] INFO  impl.VoteContext (VoteContext.java:log(48)) - a90e3e6e-a337-4ecb-a7be-5aa85bd5c784@group-B155B082459A-FOLLOWER: accept ELECTION from d804d820-4532-49b1-b366-ad6b8b9e72b3: our priority 0 <= candidate's priority 1
2021-11-15 10:01:23,346 [grpc-default-executor-1] INFO  server.RaftServer$Division (RaftServerImpl.java:setRole(290)) - a90e3e6e-a337-4ecb-a7be-5aa85bd5c784@group-B155B082459A: changes role from  FOLLOWER to FOLLOWER at term 7 for candidate:d804d820-4532-49b1-b366-ad6b8b9e72b3
2021-11-15 10:01:23,346 [grpc-default-executor-1] INFO  impl.RoleInfo (RoleInfo.java:shutdownFollowerState(108)) - a90e3e6e-a337-4ecb-a7be-5aa85bd5c784: shutdown a90e3e6e-a337-4ecb-a7be-5aa85bd5c784@group-B155B082459A-FollowerState
2021-11-15 10:01:23,353 [grpc-default-executor-1] INFO  impl.RoleInfo (RoleInfo.java:updateAndGet(130)) - a90e3e6e-a337-4ecb-a7be-5aa85bd5c784: start a90e3e6e-a337-4ecb-a7be-5aa85bd5c784@group-B155B082459A-FollowerState
2021-11-15 10:01:23,353 [a90e3e6e-a337-4ecb-a7be-5aa85bd5c784@group-B155B082459A-FollowerState] INFO  impl.FollowerState (FollowerState.java:run(143)) - a90e3e6e-a337-4ecb-a7be-5aa85bd5c784@group-B155B082459A-FollowerState was interrupted: {}
java.lang.InterruptedException: sleep interrupted
	at java.lang.Thread.sleep(Native Method)
	at java.lang.Thread.sleep(Thread.java:340)
	at java.util.concurrent.TimeUnit.sleep(TimeUnit.java:386)
	at org.apache.ratis.util.TimeDuration.sleep(TimeDuration.java:324)
	at org.apache.ratis.util.TimeDuration.sleep(TimeDuration.java:309)
	at org.apache.ratis.server.impl.FollowerState.run(FollowerState.java:118)
2021-11-15 10:01:23,355 [grpc-default-executor-3] INFO  server.RaftServer$Division (RaftServerImpl.java:requestVote(1046)) - acb9c8cb-4d3e-4a6b-b679-e47efd30f020@group-B155B082459A: receive requestVote(ELECTION, d804d820-4532-49b1-b366-ad6b8b9e72b3, group-B155B082459A, 7, (t:0, i:0))
2021-11-15 10:01:23,355 [grpc-default-executor-3] INFO  impl.VoteContext (VoteContext.java:log(48)) - acb9c8cb-4d3e-4a6b-b679-e47efd30f020@group-B155B082459A-FOLLOWER: accept ELECTION from d804d820-4532-49b1-b366-ad6b8b9e72b3: our priority 0 <= candidate's priority 1
2021-11-15 10:01:23,355 [grpc-default-executor-3] INFO  server.RaftServer$Division (RaftServerImpl.java:setRole(290)) - acb9c8cb-4d3e-4a6b-b679-e47efd30f020@group-B155B082459A: changes role from  FOLLOWER to FOLLOWER at term 7 for candidate:d804d820-4532-49b1-b366-ad6b8b9e72b3
2021-11-15 10:01:23,355 [grpc-default-executor-3] INFO  impl.RoleInfo (RoleInfo.java:shutdownFollowerState(108)) - acb9c8cb-4d3e-4a6b-b679-e47efd30f020: shutdown acb9c8cb-4d3e-4a6b-b679-e47efd30f020@group-B155B082459A-FollowerState
2021-11-15 10:01:23,363 [acb9c8cb-4d3e-4a6b-b679-e47efd30f020@group-B155B082459A-FollowerState] INFO  impl.FollowerState (FollowerState.java:run(143)) - acb9c8cb-4d3e-4a6b-b679-e47efd30f020@group-B155B082459A-FollowerState was interrupted: {}
java.lang.InterruptedException: sleep interrupted
	at java.lang.Thread.sleep(Native Method)
	at java.lang.Thread.sleep(Thread.java:340)
	at java.util.concurrent.TimeUnit.sleep(TimeUnit.java:386)
	at org.apache.ratis.util.TimeDuration.sleep(TimeDuration.java:324)
	at org.apache.ratis.util.TimeDuration.sleep(TimeDuration.java:309)
	at org.apache.ratis.server.impl.FollowerState.run(FollowerState.java:118)
2021-11-15 10:01:23,363 [grpc-default-executor-3] INFO  impl.RoleInfo (RoleInfo.java:updateAndGet(130)) - acb9c8cb-4d3e-4a6b-b679-e47efd30f020: start acb9c8cb-4d3e-4a6b-b679-e47efd30f020@group-B155B082459A-FollowerState
2021-11-15 10:01:23,365 [grpc-default-executor-1] INFO  server.RaftServer$Division (RaftServerImpl.java:requestVote(1078)) - a90e3e6e-a337-4ecb-a7be-5aa85bd5c784@group-B155B082459A replies to ELECTION vote request: d804d820-4532-49b1-b366-ad6b8b9e72b3<-a90e3e6e-a337-4ecb-a7be-5aa85bd5c784#0:OK-t7. Peer's state: a90e3e6e-a337-4ecb-a7be-5aa85bd5c784@group-B155B082459A:t7, leader=null, voted=d804d820-4532-49b1-b366-ad6b8b9e72b3, raftlog=a90e3e6e-a337-4ecb-a7be-5aa85bd5c784@group-B155B082459A-SegmentedRaftLog:OPENED:c-1, conf=-1: [d804d820-4532-49b1-b366-ad6b8b9e72b3|rpc:10.1.0.56:37399|dataStream:|priority:1, a90e3e6e-a337-4ecb-a7be-5aa85bd5c784|rpc:10.1.0.56:44193|dataStream:|priority:0, acb9c8cb-4d3e-4a6b-b679-e47efd30f020|rpc:10.1.0.56:33205|dataStream:|priority:0], old=null
2021-11-15 10:01:23,366 [grpc-default-executor-3] INFO  server.RaftServer$Division (RaftServerImpl.java:requestVote(1078)) - acb9c8cb-4d3e-4a6b-b679-e47efd30f020@group-B155B082459A replies to ELECTION vote request: d804d820-4532-49b1-b366-ad6b8b9e72b3<-acb9c8cb-4d3e-4a6b-b679-e47efd30f020#0:OK-t7. Peer's state: acb9c8cb-4d3e-4a6b-b679-e47efd30f020@group-B155B082459A:t7, leader=null, voted=d804d820-4532-49b1-b366-ad6b8b9e72b3, raftlog=acb9c8cb-4d3e-4a6b-b679-e47efd30f020@group-B155B082459A-SegmentedRaftLog:OPENED:c-1, conf=-1: [d804d820-4532-49b1-b366-ad6b8b9e72b3|rpc:10.1.0.56:37399|priority:1, a90e3e6e-a337-4ecb-a7be-5aa85bd5c784|rpc:10.1.0.56:44193|priority:0, acb9c8cb-4d3e-4a6b-b679-e47efd30f020|rpc:10.1.0.56:33205|priority:0], old=null
2021-11-15 10:01:23,368 [d804d820-4532-49b1-b366-ad6b8b9e72b3@group-B155B082459A-LeaderElection32] INFO  impl.LeaderElection (LeaderElection.java:logAndReturn(89)) - d804d820-4532-49b1-b366-ad6b8b9e72b3@group-B155B082459A-LeaderElection32: ELECTION PASSED received 1 response(s) and 0 exception(s):
2021-11-15 10:01:23,368 [d804d820-4532-49b1-b366-ad6b8b9e72b3@group-B155B082459A-LeaderElection32] INFO  impl.LeaderElection (LeaderElection.java:logAndReturn(93)) -   Response 0: d804d820-4532-49b1-b366-ad6b8b9e72b3<-acb9c8cb-4d3e-4a6b-b679-e47efd30f020#0:OK-t7
2021-11-15 10:01:23,368 [d804d820-4532-49b1-b366-ad6b8b9e72b3@group-B155B082459A-LeaderElection32] INFO  impl.LeaderElection (LeaderElection.java:askForVotes(308)) - d804d820-4532-49b1-b366-ad6b8b9e72b3@group-B155B082459A-LeaderElection32 ELECTION round 0: result PASSED
2021-11-15 10:01:23,368 [d804d820-4532-49b1-b366-ad6b8b9e72b3@group-B155B082459A-LeaderElection32] INFO  impl.RoleInfo (RoleInfo.java:shutdownLeaderElection(121)) - d804d820-4532-49b1-b366-ad6b8b9e72b3: shutdown d804d820-4532-49b1-b366-ad6b8b9e72b3@group-B155B082459A-LeaderElection32
2021-11-15 10:01:23,368 [d804d820-4532-49b1-b366-ad6b8b9e72b3@group-B155B082459A-LeaderElection32] INFO  server.RaftServer$Division (RaftServerImpl.java:setRole(290)) - d804d820-4532-49b1-b366-ad6b8b9e72b3@group-B155B082459A: changes role from CANDIDATE to LEADER at term 7 for changeToLeader
2021-11-15 10:01:23,369 [d804d820-4532-49b1-b366-ad6b8b9e72b3@group-B155B082459A-LeaderElection32] INFO  ratis.XceiverServerRatis (XceiverServerRatis.java:handleLeaderChangedNotification(866)) - Leader change notification received for group: group-B155B082459A with new leaderId: d804d820-4532-49b1-b366-ad6b8b9e72b3
2021-11-15 10:01:23,369 [d804d820-4532-49b1-b366-ad6b8b9e72b3@group-B155B082459A-LeaderElection32] INFO  server.RaftServer$Division (ServerState.java:setLeader(285)) - d804d820-4532-49b1-b366-ad6b8b9e72b3@group-B155B082459A: change Leader from null to d804d820-4532-49b1-b366-ad6b8b9e72b3 at term 7 for becomeLeader, leader elected after 35549ms
2021-11-15 10:01:23,369 [d804d820-4532-49b1-b366-ad6b8b9e72b3@group-B155B082459A-LeaderElection32] INFO  server.RaftServerConfigKeys (ConfUtils.java:logGet(44)) - raft.server.staging.catchup.gap = 1000 (default)
2021-11-15 10:01:23,369 [d804d820-4532-49b1-b366-ad6b8b9e72b3@group-B155B082459A-LeaderElection32] INFO  server.RaftServerConfigKeys (ConfUtils.java:logGet(44)) - raft.server.write.element-limit = 1024 (custom)
2021-11-15 10:01:23,369 [d804d820-4532-49b1-b366-ad6b8b9e72b3@group-B155B082459A-LeaderElection32] INFO  server.RaftServerConfigKeys (ConfUtils.java:logGet(44)) - raft.server.write.byte-limit = 1024 M (=1073741824) (custom)
2021-11-15 10:01:23,369 [d804d820-4532-49b1-b366-ad6b8b9e72b3@group-B155B082459A-LeaderElection32] INFO  server.RaftServerConfigKeys (ConfUtils.java:logGet(44)) - raft.server.watch.timeout = 3000ms (custom)
2021-11-15 10:01:23,370 [d804d820-4532-49b1-b366-ad6b8b9e72b3@group-B155B082459A-LeaderElection32] INFO  server.RaftServerConfigKeys (ConfUtils.java:logGet(44)) - raft.server.watch.timeout.denomination = 1s (default)
2021-11-15 10:01:23,370 [d804d820-4532-49b1-b366-ad6b8b9e72b3@group-B155B082459A-LeaderElection32] INFO  server.RaftServerConfigKeys (ConfUtils.java:logGet(44)) - raft.server.watch.element-limit = 65536 (default)
2021-11-15 10:01:23,370 [d804d820-4532-49b1-b366-ad6b8b9e72b3@group-B155B082459A-LeaderElection32] INFO  server.RaftServerConfigKeys (ConfUtils.java:logGet(44)) - raft.server.write.element-limit = 1024 (custom)
2021-11-15 10:01:23,370 [d804d820-4532-49b1-b366-ad6b8b9e72b3@group-B155B082459A-LeaderElection32] INFO  server.RaftServerConfigKeys (ConfUtils.java:logGet(44)) - raft.server.write.follower.gap.ratio.max = -1.0 (default)
2021-11-15 10:01:23,370 [d804d820-4532-49b1-b366-ad6b8b9e72b3@group-B155B082459A-LeaderElection32] INFO  server.RaftServerConfigKeys (ConfUtils.java:logGet(44)) - raft.server.log.appender.snapshot.chunk.size.max = 16MB (=16777216) (default)
2021-11-15 10:01:23,370 [d804d820-4532-49b1-b366-ad6b8b9e72b3@group-B155B082459A-LeaderElection32] INFO  server.RaftServerConfigKeys (ConfUtils.java:logGet(44)) - raft.server.log.appender.buffer.byte-limit = 33554432 (custom)
2021-11-15 10:01:23,370 [d804d820-4532-49b1-b366-ad6b8b9e72b3@group-B155B082459A-LeaderElection32] INFO  server.RaftServerConfigKeys (ConfUtils.java:logGet(44)) - raft.server.log.appender.buffer.element-limit = 1 (custom)
2021-11-15 10:01:23,370 [d804d820-4532-49b1-b366-ad6b8b9e72b3@group-B155B082459A-LeaderElection32] INFO  grpc.GrpcConfigKeys (ConfUtils.java:logGet(44)) - raft.grpc.server.leader.outstanding.appends.max = 128 (default)
2021-11-15 10:01:23,370 [d804d820-4532-49b1-b366-ad6b8b9e72b3@group-B155B082459A-LeaderElection32] INFO  server.RaftServerConfigKeys (ConfUtils.java:logGet(44)) - raft.server.rpc.request.timeout = 3000ms (default)
2021-11-15 10:01:23,370 [d804d820-4532-49b1-b366-ad6b8b9e72b3@group-B155B082459A-LeaderElection32] INFO  server.RaftServerConfigKeys (ConfUtils.java:logGet(44)) - raft.server.log.appender.install.snapshot.enabled = false (custom)
2021-11-15 10:01:23,377 [d804d820-4532-49b1-b366-ad6b8b9e72b3@group-B155B082459A-LeaderElection32] INFO  server.RaftServerConfigKeys (ConfUtils.java:logGet(44)) - raft.server.log.appender.snapshot.chunk.size.max = 16MB (=16777216) (default)
2021-11-15 10:01:23,377 [d804d820-4532-49b1-b366-ad6b8b9e72b3@group-B155B082459A-LeaderElection32] INFO  server.RaftServerConfigKeys (ConfUtils.java:logGet(44)) - raft.server.log.appender.buffer.byte-limit = 33554432 (custom)
2021-11-15 10:01:23,377 [d804d820-4532-49b1-b366-ad6b8b9e72b3@group-B155B082459A-LeaderElection32] INFO  server.RaftServerConfigKeys (ConfUtils.java:logGet(44)) - raft.server.log.appender.buffer.element-limit = 1 (custom)
2021-11-15 10:01:23,377 [d804d820-4532-49b1-b366-ad6b8b9e72b3@group-B155B082459A-LeaderElection32] INFO  grpc.GrpcConfigKeys (ConfUtils.java:logGet(44)) - raft.grpc.server.leader.outstanding.appends.max = 128 (default)
2021-11-15 10:01:23,377 [d804d820-4532-49b1-b366-ad6b8b9e72b3@group-B155B082459A-LeaderElection32] INFO  server.RaftServerConfigKeys (ConfUtils.java:logGet(44)) - raft.server.rpc.request.timeout = 3000ms (default)
2021-11-15 10:01:23,378 [d804d820-4532-49b1-b366-ad6b8b9e72b3@group-B155B082459A-LeaderElection32] INFO  server.RaftServerConfigKeys (ConfUtils.java:logGet(44)) - raft.server.log.appender.install.snapshot.enabled = false (custom)
2021-11-15 10:01:23,378 [d804d820-4532-49b1-b366-ad6b8b9e72b3@group-B155B082459A-LeaderElection32] INFO  impl.RoleInfo (RoleInfo.java:updateAndGet(130)) - d804d820-4532-49b1-b366-ad6b8b9e72b3: start d804d820-4532-49b1-b366-ad6b8b9e72b3@group-B155B082459A-LeaderStateImpl
2021-11-15 10:01:23,378 [d804d820-4532-49b1-b366-ad6b8b9e72b3@group-B155B082459A-LeaderElection32] INFO  segmented.SegmentedRaftLogWorker (SegmentedRaftLogWorker.java:startLogSegment(394)) - d804d820-4532-49b1-b366-ad6b8b9e72b3@group-B155B082459A-SegmentedRaftLogWorker: Starting segment from index:0
2021-11-15 10:01:23,380 [d804d820-4532-49b1-b366-ad6b8b9e72b3@group-B155B082459A-SegmentedRaftLogWorker] INFO  segmented.SegmentedRaftLogWorker (SegmentedRaftLogWorker.java:execute(601)) - d804d820-4532-49b1-b366-ad6b8b9e72b3@group-B155B082459A-SegmentedRaftLogWorker: created new log segment /home/runner/work/ozone/ozone/hadoop-ozone/integration-test/target/test-dir/MiniOzoneClusterImpl-b6bde346-cb55-4fad-bd7f-e1da966a93e7/datanode-4/data/ratis/1f5a01c6-6721-4b5d-82bc-b155b082459a/current/log_inprogress_0
2021-11-15 10:01:23,397 [grpc-default-executor-3] INFO  ratis.XceiverServerRatis (XceiverServerRatis.java:handleLeaderChangedNotification(866)) - Leader change notification received for group: group-B155B082459A with new leaderId: d804d820-4532-49b1-b366-ad6b8b9e72b3
2021-11-15 10:01:23,397 [grpc-default-executor-3] INFO  server.RaftServer$Division (ServerState.java:setLeader(285)) - acb9c8cb-4d3e-4a6b-b679-e47efd30f020@group-B155B082459A: change Leader from null to d804d820-4532-49b1-b366-ad6b8b9e72b3 at term 7 for appendEntries, leader elected after 35643ms
2021-11-15 10:01:23,409 [grpc-default-executor-1] INFO  ratis.XceiverServerRatis (XceiverServerRatis.java:handleLeaderChangedNotification(866)) - Leader change notification received for group: group-B155B082459A with new leaderId: d804d820-4532-49b1-b366-ad6b8b9e72b3
2021-11-15 10:01:23,409 [grpc-default-executor-1] INFO  server.RaftServer$Division (ServerState.java:setLeader(285)) - a90e3e6e-a337-4ecb-a7be-5aa85bd5c784@group-B155B082459A: change Leader from null to d804d820-4532-49b1-b366-ad6b8b9e72b3 at term 7 for appendEntries, leader elected after 35632ms
2021-11-15 10:01:23,419 [d804d820-4532-49b1-b366-ad6b8b9e72b3@group-B155B082459A-LeaderElection32] INFO  server.RaftServer$Division (ServerState.java:setRaftConf(387)) - d804d820-4532-49b1-b366-ad6b8b9e72b3@group-B155B082459A: set configuration 0: [d804d820-4532-49b1-b366-ad6b8b9e72b3|rpc:10.1.0.56:37399|dataStream:|priority:1, a90e3e6e-a337-4ecb-a7be-5aa85bd5c784|rpc:10.1.0.56:44193|dataStream:|priority:0, acb9c8cb-4d3e-4a6b-b679-e47efd30f020|rpc:10.1.0.56:33205|dataStream:|priority:0], old=null
2021-11-15 10:01:23,419 [grpc-default-executor-3] INFO  server.RaftServer$Division (ServerState.java:setRaftConf(387)) - acb9c8cb-4d3e-4a6b-b679-e47efd30f020@group-B155B082459A: set configuration 0: [d804d820-4532-49b1-b366-ad6b8b9e72b3|rpc:10.1.0.56:37399|dataStream:|priority:1, a90e3e6e-a337-4ecb-a7be-5aa85bd5c784|rpc:10.1.0.56:44193|dataStream:|priority:0, acb9c8cb-4d3e-4a6b-b679-e47efd30f020|rpc:10.1.0.56:33205|dataStream:|priority:0], old=null
2021-11-15 10:01:23,419 [grpc-default-executor-3] INFO  segmented.SegmentedRaftLogWorker (SegmentedRaftLogWorker.java:startLogSegment(394)) - acb9c8cb-4d3e-4a6b-b679-e47efd30f020@group-B155B082459A-SegmentedRaftLogWorker: Starting segment from index:0
2021-11-15 10:01:23,421 [grpc-default-executor-3] INFO  server.RaftServer$Division (ServerState.java:setRaftConf(387)) - a90e3e6e-a337-4ecb-a7be-5aa85bd5c784@group-B155B082459A: set configuration 0: [d804d820-4532-49b1-b366-ad6b8b9e72b3|rpc:10.1.0.56:37399|dataStream:|priority:1, a90e3e6e-a337-4ecb-a7be-5aa85bd5c784|rpc:10.1.0.56:44193|dataStream:|priority:0, acb9c8cb-4d3e-4a6b-b679-e47efd30f020|rpc:10.1.0.56:33205|dataStream:|priority:0], old=null
2021-11-15 10:01:23,422 [grpc-default-executor-3] INFO  segmented.SegmentedRaftLogWorker (SegmentedRaftLogWorker.java:startLogSegment(394)) - a90e3e6e-a337-4ecb-a7be-5aa85bd5c784@group-B155B082459A-SegmentedRaftLogWorker: Starting segment from index:0
2021-11-15 10:01:23,423 [a90e3e6e-a337-4ecb-a7be-5aa85bd5c784@group-B155B082459A-SegmentedRaftLogWorker] INFO  segmented.SegmentedRaftLogWorker (SegmentedRaftLogWorker.java:execute(601)) - a90e3e6e-a337-4ecb-a7be-5aa85bd5c784@group-B155B082459A-SegmentedRaftLogWorker: created new log segment /home/runner/work/ozone/ozone/hadoop-ozone/integration-test/target/test-dir/MiniOzoneClusterImpl-b6bde346-cb55-4fad-bd7f-e1da966a93e7/datanode-5/data/ratis/1f5a01c6-6721-4b5d-82bc-b155b082459a/current/log_inprogress_0
2021-11-15 10:01:23,427 [acb9c8cb-4d3e-4a6b-b679-e47efd30f020@group-B155B082459A-SegmentedRaftLogWorker] INFO  segmented.SegmentedRaftLogWorker (SegmentedRaftLogWorker.java:execute(601)) - acb9c8cb-4d3e-4a6b-b679-e47efd30f020@group-B155B082459A-SegmentedRaftLogWorker: created new log segment /home/runner/work/ozone/ozone/hadoop-ozone/integration-test/target/test-dir/MiniOzoneClusterImpl-b6bde346-cb55-4fad-bd7f-e1da966a93e7/datanode-3/data/ratis/1f5a01c6-6721-4b5d-82bc-b155b082459a/current/log_inprogress_0
2021-11-15 10:01:23,500 [acb9c8cb-4d3e-4a6b-b679-e47efd30f020@group-4A8E582C3D20-FollowerState] INFO  impl.FollowerState (FollowerState.java:run(134)) - acb9c8cb-4d3e-4a6b-b679-e47efd30f020@group-4A8E582C3D20-FollowerState: change to CANDIDATE, lastRpcElapsedTime:5113015416ns, electionTimeout:5111ms
2021-11-15 10:01:23,500 [acb9c8cb-4d3e-4a6b-b679-e47efd30f020@group-4A8E582C3D20-FollowerState] INFO  impl.RoleInfo (RoleInfo.java:shutdownFollowerState(108)) - acb9c8cb-4d3e-4a6b-b679-e47efd30f020: shutdown acb9c8cb-4d3e-4a6b-b679-e47efd30f020@group-4A8E582C3D20-FollowerState
2021-11-15 10:01:23,500 [acb9c8cb-4d3e-4a6b-b679-e47efd30f020@group-4A8E582C3D20-FollowerState] INFO  server.RaftServer$Division (RaftServerImpl.java:setRole(290)) - acb9c8cb-4d3e-4a6b-b679-e47efd30f020@group-4A8E582C3D20: changes role from  FOLLOWER to CANDIDATE at term 7 for changeToCandidate
2021-11-15 10:01:23,501 [acb9c8cb-4d3e-4a6b-b679-e47efd30f020@group-4A8E582C3D20-FollowerState] INFO  server.RaftServerConfigKeys (ConfUtils.java:logGet(44)) - raft.server.leaderelection.pre-vote = false (custom)
2021-11-15 10:01:23,501 [acb9c8cb-4d3e-4a6b-b679-e47efd30f020@group-4A8E582C3D20-FollowerState] INFO  impl.RoleInfo (RoleInfo.java:updateAndGet(130)) - acb9c8cb-4d3e-4a6b-b679-e47efd30f020: start acb9c8cb-4d3e-4a6b-b679-e47efd30f020@group-4A8E582C3D20-LeaderElection33
2021-11-15 10:01:23,509 [acb9c8cb-4d3e-4a6b-b679-e47efd30f020@group-4A8E582C3D20-LeaderElection33] INFO  impl.LeaderElection (LeaderElection.java:askForVotes(306)) - acb9c8cb-4d3e-4a6b-b679-e47efd30f020@group-4A8E582C3D20-LeaderElection33 ELECTION round 0: submit vote requests at term 8 for -1: [d804d820-4532-49b1-b366-ad6b8b9e72b3|rpc:10.1.0.56:37399|priority:0, a90e3e6e-a337-4ecb-a7be-5aa85bd5c784|rpc:10.1.0.56:44193|priority:0, acb9c8cb-4d3e-4a6b-b679-e47efd30f020|rpc:10.1.0.56:33205|priority:1], old=null
2021-11-15 10:01:23,520 [grpc-default-executor-3] INFO  server.RaftServer$Division (RaftServerImpl.java:requestVote(1046)) - d804d820-4532-49b1-b366-ad6b8b9e72b3@group-4A8E582C3D20: receive requestVote(ELECTION, acb9c8cb-4d3e-4a6b-b679-e47efd30f020, group-4A8E582C3D20, 8, (t:0, i:0))
2021-11-15 10:01:23,520 [grpc-default-executor-3] INFO  impl.VoteContext (VoteContext.java:log(48)) - d804d820-4532-49b1-b366-ad6b8b9e72b3@group-4A8E582C3D20-FOLLOWER: accept ELECTION from acb9c8cb-4d3e-4a6b-b679-e47efd30f020: our priority 0 <= candidate's priority 1
2021-11-15 10:01:23,520 [grpc-default-executor-3] INFO  server.RaftServer$Division (RaftServerImpl.java:setRole(290)) - d804d820-4532-49b1-b366-ad6b8b9e72b3@group-4A8E582C3D20: changes role from  FOLLOWER to FOLLOWER at term 8 for candidate:acb9c8cb-4d3e-4a6b-b679-e47efd30f020
2021-11-15 10:01:23,520 [grpc-default-executor-3] INFO  impl.RoleInfo (RoleInfo.java:shutdownFollowerState(108)) - d804d820-4532-49b1-b366-ad6b8b9e72b3: shutdown d804d820-4532-49b1-b366-ad6b8b9e72b3@group-4A8E582C3D20-FollowerState
2021-11-15 10:01:23,527 [grpc-default-executor-3] INFO  impl.RoleInfo (RoleInfo.java:updateAndGet(130)) - d804d820-4532-49b1-b366-ad6b8b9e72b3: start d804d820-4532-49b1-b366-ad6b8b9e72b3@group-4A8E582C3D20-FollowerState
2021-11-15 10:01:23,528 [grpc-default-executor-1] INFO  server.RaftServer$Division (RaftServerImpl.java:requestVote(1046)) - a90e3e6e-a337-4ecb-a7be-5aa85bd5c784@group-4A8E582C3D20: receive requestVote(ELECTION, acb9c8cb-4d3e-4a6b-b679-e47efd30f020, group-4A8E582C3D20, 8, (t:0, i:0))
2021-11-15 10:01:23,529 [grpc-default-executor-1] INFO  impl.VoteContext (VoteContext.java:log(48)) - a90e3e6e-a337-4ecb-a7be-5aa85bd5c784@group-4A8E582C3D20-FOLLOWER: accept ELECTION from acb9c8cb-4d3e-4a6b-b679-e47efd30f020: our priority 0 <= candidate's priority 1
2021-11-15 10:01:23,529 [grpc-default-executor-3] INFO  server.RaftServer$Division (RaftServerImpl.java:requestVote(1078)) - d804d820-4532-49b1-b366-ad6b8b9e72b3@group-4A8E582C3D20 replies to ELECTION vote request: acb9c8cb-4d3e-4a6b-b679-e47efd30f020<-d804d820-4532-49b1-b366-ad6b8b9e72b3#0:OK-t8. Peer's state: d804d820-4532-49b1-b366-ad6b8b9e72b3@group-4A8E582C3D20:t8, leader=null, voted=acb9c8cb-4d3e-4a6b-b679-e47efd30f020, raftlog=d804d820-4532-49b1-b366-ad6b8b9e72b3@group-4A8E582C3D20-SegmentedRaftLog:OPENED:c-1, conf=-1: [d804d820-4532-49b1-b366-ad6b8b9e72b3|rpc:10.1.0.56:37399|dataStream:|priority:0, a90e3e6e-a337-4ecb-a7be-5aa85bd5c784|rpc:10.1.0.56:44193|dataStream:|priority:0, acb9c8cb-4d3e-4a6b-b679-e47efd30f020|rpc:10.1.0.56:33205|dataStream:|priority:1], old=null
2021-11-15 10:01:23,529 [grpc-default-executor-1] INFO  server.RaftServer$Division (RaftServerImpl.java:setRole(290)) - a90e3e6e-a337-4ecb-a7be-5aa85bd5c784@group-4A8E582C3D20: changes role from  FOLLOWER to FOLLOWER at term 8 for candidate:acb9c8cb-4d3e-4a6b-b679-e47efd30f020
2021-11-15 10:01:23,529 [grpc-default-executor-1] INFO  impl.RoleInfo (RoleInfo.java:shutdownFollowerState(108)) - a90e3e6e-a337-4ecb-a7be-5aa85bd5c784: shutdown a90e3e6e-a337-4ecb-a7be-5aa85bd5c784@group-4A8E582C3D20-FollowerState
2021-11-15 10:01:23,529 [grpc-default-executor-1] INFO  impl.RoleInfo (RoleInfo.java:updateAndGet(130)) - a90e3e6e-a337-4ecb-a7be-5aa85bd5c784: start a90e3e6e-a337-4ecb-a7be-5aa85bd5c784@group-4A8E582C3D20-FollowerState
2021-11-15 10:01:23,529 [d804d820-4532-49b1-b366-ad6b8b9e72b3@group-4A8E582C3D20-FollowerState] INFO  impl.FollowerState (FollowerState.java:run(143)) - d804d820-4532-49b1-b366-ad6b8b9e72b3@group-4A8E582C3D20-FollowerState was interrupted: {}
java.lang.InterruptedException: sleep interrupted
	at java.lang.Thread.sleep(Native Method)
	at java.lang.Thread.sleep(Thread.java:340)
	at java.util.concurrent.TimeUnit.sleep(TimeUnit.java:386)
	at org.apache.ratis.util.TimeDuration.sleep(TimeDuration.java:324)
	at org.apache.ratis.util.TimeDuration.sleep(TimeDuration.java:309)
	at org.apache.ratis.server.impl.FollowerState.run(FollowerState.java:118)
2021-11-15 10:01:23,529 [a90e3e6e-a337-4ecb-a7be-5aa85bd5c784@group-4A8E582C3D20-FollowerState] INFO  impl.FollowerState (FollowerState.java:run(143)) - a90e3e6e-a337-4ecb-a7be-5aa85bd5c784@group-4A8E582C3D20-FollowerState was interrupted: {}
java.lang.InterruptedException: sleep interrupted
	at java.lang.Thread.sleep(Native Method)
	at java.lang.Thread.sleep(Thread.java:340)
	at java.util.concurrent.TimeUnit.sleep(TimeUnit.java:386)
	at org.apache.ratis.util.TimeDuration.sleep(TimeDuration.java:324)
	at org.apache.ratis.util.TimeDuration.sleep(TimeDuration.java:309)
	at org.apache.ratis.server.impl.FollowerState.run(FollowerState.java:118)
2021-11-15 10:01:23,535 [acb9c8cb-4d3e-4a6b-b679-e47efd30f020@group-4A8E582C3D20-LeaderElection33] INFO  impl.LeaderElection (LeaderElection.java:logAndReturn(89)) - acb9c8cb-4d3e-4a6b-b679-e47efd30f020@group-4A8E582C3D20-LeaderElection33: ELECTION PASSED received 1 response(s) and 0 exception(s):
2021-11-15 10:01:23,535 [acb9c8cb-4d3e-4a6b-b679-e47efd30f020@group-4A8E582C3D20-LeaderElection33] INFO  impl.LeaderElection (LeaderElection.java:logAndReturn(93)) -   Response 0: acb9c8cb-4d3e-4a6b-b679-e47efd30f020<-d804d820-4532-49b1-b366-ad6b8b9e72b3#0:OK-t8
2021-11-15 10:01:23,535 [acb9c8cb-4d3e-4a6b-b679-e47efd30f020@group-4A8E582C3D20-LeaderElection33] INFO  impl.LeaderElection (LeaderElection.java:askForVotes(308)) - acb9c8cb-4d3e-4a6b-b679-e47efd30f020@group-4A8E582C3D20-LeaderElection33 ELECTION round 0: result PASSED
2021-11-15 10:01:23,535 [acb9c8cb-4d3e-4a6b-b679-e47efd30f020@group-4A8E582C3D20-LeaderElection33] INFO  impl.RoleInfo (RoleInfo.java:shutdownLeaderElection(121)) - acb9c8cb-4d3e-4a6b-b679-e47efd30f020: shutdown acb9c8cb-4d3e-4a6b-b679-e47efd30f020@group-4A8E582C3D20-LeaderElection33
2021-11-15 10:01:23,535 [acb9c8cb-4d3e-4a6b-b679-e47efd30f020@group-4A8E582C3D20-LeaderElection33] INFO  server.RaftServer$Division (RaftServerImpl.java:setRole(290)) - acb9c8cb-4d3e-4a6b-b679-e47efd30f020@group-4A8E582C3D20: changes role from CANDIDATE to LEADER at term 8 for changeToLeader
2021-11-15 10:01:23,535 [acb9c8cb-4d3e-4a6b-b679-e47efd30f020@group-4A8E582C3D20-LeaderElection33] INFO  ratis.XceiverServerRatis (XceiverServerRatis.java:handleLeaderChangedNotification(866)) - Leader change notification received for group: group-4A8E582C3D20 with new leaderId: acb9c8cb-4d3e-4a6b-b679-e47efd30f020
2021-11-15 10:01:23,535 [acb9c8cb-4d3e-4a6b-b679-e47efd30f020@group-4A8E582C3D20-LeaderElection33] INFO  server.RaftServer$Division (ServerState.java:setLeader(285)) - acb9c8cb-4d3e-4a6b-b679-e47efd30f020@group-4A8E582C3D20: change Leader from null to acb9c8cb-4d3e-4a6b-b679-e47efd30f020 at term 8 for becomeLeader, leader elected after 35899ms
2021-11-15 10:01:23,535 [acb9c8cb-4d3e-4a6b-b679-e47efd30f020@group-4A8E582C3D20-LeaderElection33] INFO  server.RaftServerConfigKeys (ConfUtils.java:logGet(44)) - raft.server.staging.catchup.gap = 1000 (default)
2021-11-15 10:01:23,536 [acb9c8cb-4d3e-4a6b-b679-e47efd30f020@group-4A8E582C3D20-LeaderElection33] INFO  server.RaftServerConfigKeys (ConfUtils.java:logGet(44)) - raft.server.write.element-limit = 1024 (custom)
2021-11-15 10:01:23,536 [acb9c8cb-4d3e-4a6b-b679-e47efd30f020@group-4A8E582C3D20-LeaderElection33] INFO  server.RaftServerConfigKeys (ConfUtils.java:logGet(44)) - raft.server.write.byte-limit = 1024 M (=1073741824) (custom)
2021-11-15 10:01:23,536 [acb9c8cb-4d3e-4a6b-b679-e47efd30f020@group-4A8E582C3D20-LeaderElection33] INFO  server.RaftServerConfigKeys (ConfUtils.java:logGet(44)) - raft.server.watch.timeout = 3000ms (custom)
2021-11-15 10:01:23,536 [grpc-default-executor-1] INFO  server.RaftServer$Division (RaftServerImpl.java:requestVote(1078)) - a90e3e6e-a337-4ecb-a7be-5aa85bd5c784@group-4A8E582C3D20 replies to ELECTION vote request: acb9c8cb-4d3e-4a6b-b679-e47efd30f020<-a90e3e6e-a337-4ecb-a7be-5aa85bd5c784#0:OK-t8. Peer's state: a90e3e6e-a337-4ecb-a7be-5aa85bd5c784@group-4A8E582C3D20:t8, leader=null, voted=acb9c8cb-4d3e-4a6b-b679-e47efd30f020, raftlog=a90e3e6e-a337-4ecb-a7be-5aa85bd5c784@group-4A8E582C3D20-SegmentedRaftLog:OPENED:c-1, conf=-1: [d804d820-4532-49b1-b366-ad6b8b9e72b3|rpc:10.1.0.56:37399|dataStream:|priority:0, a90e3e6e-a337-4ecb-a7be-5aa85bd5c784|rpc:10.1.0.56:44193|dataStream:|priority:0, acb9c8cb-4d3e-4a6b-b679-e47efd30f020|rpc:10.1.0.56:33205|dataStream:|priority:1], old=null
2021-11-15 10:01:23,536 [acb9c8cb-4d3e-4a6b-b679-e47efd30f020@group-4A8E582C3D20-LeaderElection33] INFO  server.RaftServerConfigKeys (ConfUtils.java:logGet(44)) - raft.server.watch.timeout.denomination = 1s (default)
2021-11-15 10:01:23,537 [acb9c8cb-4d3e-4a6b-b679-e47efd30f020@group-4A8E582C3D20-LeaderElection33] INFO  server.RaftServerConfigKeys (ConfUtils.java:logGet(44)) - raft.server.watch.element-limit = 65536 (default)
2021-11-15 10:01:23,537 [acb9c8cb-4d3e-4a6b-b679-e47efd30f020@group-4A8E582C3D20-LeaderElection33] INFO  server.RaftServerConfigKeys (ConfUtils.java:logGet(44)) - raft.server.write.element-limit = 1024 (custom)
2021-11-15 10:01:23,537 [acb9c8cb-4d3e-4a6b-b679-e47efd30f020@group-4A8E582C3D20-LeaderElection33] INFO  server.RaftServerConfigKeys (ConfUtils.java:logGet(44)) - raft.server.write.follower.gap.ratio.max = -1.0 (default)
2021-11-15 10:01:23,537 [acb9c8cb-4d3e-4a6b-b679-e47efd30f020@group-4A8E582C3D20-LeaderElection33] INFO  server.RaftServerConfigKeys (ConfUtils.java:logGet(44)) - raft.server.log.appender.snapshot.chunk.size.max = 16MB (=16777216) (default)
2021-11-15 10:01:23,537 [acb9c8cb-4d3e-4a6b-b679-e47efd30f020@group-4A8E582C3D20-LeaderElection33] INFO  server.RaftServerConfigKeys (ConfUtils.java:logGet(44)) - raft.server.log.appender.buffer.byte-limit = 33554432 (custom)
2021-11-15 10:01:23,538 [acb9c8cb-4d3e-4a6b-b679-e47efd30f020@group-4A8E582C3D20-LeaderElection33] INFO  server.RaftServerConfigKeys (ConfUtils.java:logGet(44)) - raft.server.log.appender.buffer.element-limit = 1 (custom)
2021-11-15 10:01:23,538 [acb9c8cb-4d3e-4a6b-b679-e47efd30f020@group-4A8E582C3D20-LeaderElection33] INFO  grpc.GrpcConfigKeys (ConfUtils.java:logGet(44)) - raft.grpc.server.leader.outstanding.appends.max = 128 (default)
2021-11-15 10:01:23,538 [acb9c8cb-4d3e-4a6b-b679-e47efd30f020@group-4A8E582C3D20-LeaderElection33] INFO  server.RaftServerConfigKeys (ConfUtils.java:logGet(44)) - raft.server.rpc.request.timeout = 3000ms (default)
2021-11-15 10:01:23,538 [acb9c8cb-4d3e-4a6b-b679-e47efd30f020@group-4A8E582C3D20-LeaderElection33] INFO  server.RaftServerConfigKeys (ConfUtils.java:logGet(44)) - raft.server.log.appender.install.snapshot.enabled = false (custom)
2021-11-15 10:01:23,538 [EventQueue-PipelineReportForPipelineReportHandler] INFO  pipeline.PipelineManagerImpl (PipelineManagerImpl.java:openPipeline(289)) - Pipeline Pipeline[ Id: ffb51486-03ca-44cc-98c1-4a8e582c3d20, Nodes: d804d820-4532-49b1-b366-ad6b8b9e72b3{ip: 10.1.0.56, host: fv-az12-743.exdb2aeach2ezidoxz41lk3bwg.cx.internal.cloudapp.net, ports: [REPLICATION=33971, RATIS=37399, RATIS_ADMIN=37399, RATIS_SERVER=37399, STANDALONE=35481], networkLocation: /default-rack, certSerialId: null, persistedOpState: IN_SERVICE, persistedOpStateExpiryEpochSec: 0}a90e3e6e-a337-4ecb-a7be-5aa85bd5c784{ip: 10.1.0.56, host: fv-az12-743.exdb2aeach2ezidoxz41lk3bwg.cx.internal.cloudapp.net, ports: [REPLICATION=39203, RATIS=44193, RATIS_ADMIN=44193, RATIS_SERVER=44193, STANDALONE=34675], networkLocation: /default-rack, certSerialId: null, persistedOpState: IN_SERVICE, persistedOpStateExpiryEpochSec: 0}acb9c8cb-4d3e-4a6b-b679-e47efd30f020{ip: 10.1.0.56, host: fv-az12-743.exdb2aeach2ezidoxz41lk3bwg.cx.internal.cloudapp.net, ports: [REPLICATION=33713, RATIS=33205, RATIS_ADMIN=33205, RATIS_SERVER=33205, STANDALONE=32975], networkLocation: /default-rack, certSerialId: null, persistedOpState: IN_SERVICE, persistedOpStateExpiryEpochSec: 0}, ReplicationConfig: RATIS/THREE, State:ALLOCATED, leaderId:acb9c8cb-4d3e-4a6b-b679-e47efd30f020, CreationTimestamp2021-11-15T10:00:44.986Z[Etc/UTC]] moved to OPEN state
2021-11-15 10:01:23,538 [acb9c8cb-4d3e-4a6b-b679-e47efd30f020@group-4A8E582C3D20-LeaderElection33] INFO  server.RaftServerConfigKeys (ConfUtils.java:logGet(44)) - raft.server.log.appender.snapshot.chunk.size.max = 16MB (=16777216) (default)
2021-11-15 10:01:23,538 [acb9c8cb-4d3e-4a6b-b679-e47efd30f020@group-4A8E582C3D20-LeaderElection33] INFO  server.RaftServerConfigKeys (ConfUtils.java:logGet(44)) - raft.server.log.appender.buffer.byte-limit = 33554432 (custom)
2021-11-15 10:01:23,543 [acb9c8cb-4d3e-4a6b-b679-e47efd30f020@group-4A8E582C3D20-LeaderElection33] INFO  server.RaftServerConfigKeys (ConfUtils.java:logGet(44)) - raft.server.log.appender.buffer.element-limit = 1 (custom)
2021-11-15 10:01:23,543 [acb9c8cb-4d3e-4a6b-b679-e47efd30f020@group-4A8E582C3D20-LeaderElection33] INFO  grpc.GrpcConfigKeys (ConfUtils.java:logGet(44)) - raft.grpc.server.leader.outstanding.appends.max = 128 (default)
2021-11-15 10:01:23,543 [acb9c8cb-4d3e-4a6b-b679-e47efd30f020@group-4A8E582C3D20-LeaderElection33] INFO  server.RaftServerConfigKeys (ConfUtils.java:logGet(44)) - raft.server.rpc.request.timeout = 3000ms (default)
2021-11-15 10:01:23,543 [acb9c8cb-4d3e-4a6b-b679-e47efd30f020@group-4A8E582C3D20-LeaderElection33] INFO  server.RaftServerConfigKeys (ConfUtils.java:logGet(44)) - raft.server.log.appender.install.snapshot.enabled = false (custom)
2021-11-15 10:01:23,544 [acb9c8cb-4d3e-4a6b-b679-e47efd30f020@group-4A8E582C3D20-LeaderElection33] INFO  impl.RoleInfo (RoleInfo.java:updateAndGet(130)) - acb9c8cb-4d3e-4a6b-b679-e47efd30f020: start acb9c8cb-4d3e-4a6b-b679-e47efd30f020@group-4A8E582C3D20-LeaderStateImpl
2021-11-15 10:01:23,550 [acb9c8cb-4d3e-4a6b-b679-e47efd30f020@group-4A8E582C3D20-LeaderElection33] INFO  segmented.SegmentedRaftLogWorker (SegmentedRaftLogWorker.java:startLogSegment(394)) - acb9c8cb-4d3e-4a6b-b679-e47efd30f020@group-4A8E582C3D20-SegmentedRaftLogWorker: Starting segment from index:0
2021-11-15 10:01:23,552 [acb9c8cb-4d3e-4a6b-b679-e47efd30f020@group-4A8E582C3D20-SegmentedRaftLogWorker] INFO  segmented.SegmentedRaftLogWorker (SegmentedRaftLogWorker.java:execute(601)) - acb9c8cb-4d3e-4a6b-b679-e47efd30f020@group-4A8E582C3D20-SegmentedRaftLogWorker: created new log segment /home/runner/work/ozone/ozone/hadoop-ozone/integration-test/target/test-dir/MiniOzoneClusterImpl-b6bde346-cb55-4fad-bd7f-e1da966a93e7/datanode-3/data/ratis/ffb51486-03ca-44cc-98c1-4a8e582c3d20/current/log_inprogress_0
2021-11-15 10:01:23,571 [grpc-default-executor-3] INFO  ratis.XceiverServerRatis (XceiverServerRatis.java:handleLeaderChangedNotification(866)) - Leader change notification received for group: group-4A8E582C3D20 with new leaderId: acb9c8cb-4d3e-4a6b-b679-e47efd30f020
2021-11-15 10:01:23,571 [grpc-default-executor-3] INFO  server.RaftServer$Division (ServerState.java:setLeader(285)) - a90e3e6e-a337-4ecb-a7be-5aa85bd5c784@group-4A8E582C3D20: change Leader from null to acb9c8cb-4d3e-4a6b-b679-e47efd30f020 at term 8 for appendEntries, leader elected after 35844ms
2021-11-15 10:01:23,583 [grpc-default-executor-2] INFO  ratis.XceiverServerRatis (XceiverServerRatis.java:handleLeaderChangedNotification(866)) - Leader change notification received for group: group-4A8E582C3D20 with new leaderId: acb9c8cb-4d3e-4a6b-b679-e47efd30f020
2021-11-15 10:01:23,583 [grpc-default-executor-2] INFO  server.RaftServer$Division (ServerState.java:setLeader(285)) - d804d820-4532-49b1-b366-ad6b8b9e72b3@group-4A8E582C3D20: change Leader from null to acb9c8cb-4d3e-4a6b-b679-e47efd30f020 at term 8 for appendEntries, leader elected after 35896ms
2021-11-15 10:01:23,599 [acb9c8cb-4d3e-4a6b-b679-e47efd30f020@group-4A8E582C3D20-LeaderElection33] INFO  server.RaftServer$Division (ServerState.java:setRaftConf(387)) - acb9c8cb-4d3e-4a6b-b679-e47efd30f020@group-4A8E582C3D20: set configuration 0: [d804d820-4532-49b1-b366-ad6b8b9e72b3|rpc:10.1.0.56:37399|dataStream:|priority:0, a90e3e6e-a337-4ecb-a7be-5aa85bd5c784|rpc:10.1.0.56:44193|dataStream:|priority:0, acb9c8cb-4d3e-4a6b-b679-e47efd30f020|rpc:10.1.0.56:33205|dataStream:|priority:1], old=null
2021-11-15 10:01:23,602 [grpc-default-executor-3] INFO  server.RaftServer$Division (ServerState.java:setRaftConf(387)) - a90e3e6e-a337-4ecb-a7be-5aa85bd5c784@group-4A8E582C3D20: set configuration 0: [d804d820-4532-49b1-b366-ad6b8b9e72b3|rpc:10.1.0.56:37399|dataStream:|priority:0, a90e3e6e-a337-4ecb-a7be-5aa85bd5c784|rpc:10.1.0.56:44193|dataStream:|priority:0, acb9c8cb-4d3e-4a6b-b679-e47efd30f020|rpc:10.1.0.56:33205|dataStream:|priority:1], old=null
2021-11-15 10:01:23,603 [grpc-default-executor-3] INFO  segmented.SegmentedRaftLogWorker (SegmentedRaftLogWorker.java:startLogSegment(394)) - a90e3e6e-a337-4ecb-a7be-5aa85bd5c784@group-4A8E582C3D20-SegmentedRaftLogWorker: Starting segment from index:0
2021-11-15 10:01:23,608 [a90e3e6e-a337-4ecb-a7be-5aa85bd5c784@group-4A8E582C3D20-SegmentedRaftLogWorker] INFO  segmented.SegmentedRaftLogWorker (SegmentedRaftLogWorker.java:execute(601)) - a90e3e6e-a337-4ecb-a7be-5aa85bd5c784@group-4A8E582C3D20-SegmentedRaftLogWorker: created new log segment /home/runner/work/ozone/ozone/hadoop-ozone/integration-test/target/test-dir/MiniOzoneClusterImpl-b6bde346-cb55-4fad-bd7f-e1da966a93e7/datanode-5/data/ratis/ffb51486-03ca-44cc-98c1-4a8e582c3d20/current/log_inprogress_0
2021-11-15 10:01:23,618 [grpc-default-executor-2] INFO  server.RaftServer$Division (ServerState.java:setRaftConf(387)) - d804d820-4532-49b1-b366-ad6b8b9e72b3@group-4A8E582C3D20: set configuration 0: [d804d820-4532-49b1-b366-ad6b8b9e72b3|rpc:10.1.0.56:37399|dataStream:|priority:0, a90e3e6e-a337-4ecb-a7be-5aa85bd5c784|rpc:10.1.0.56:44193|dataStream:|priority:0, acb9c8cb-4d3e-4a6b-b679-e47efd30f020|rpc:10.1.0.56:33205|dataStream:|priority:1], old=null
2021-11-15 10:01:23,619 [grpc-default-executor-2] INFO  segmented.SegmentedRaftLogWorker (SegmentedRaftLogWorker.java:startLogSegment(394)) - d804d820-4532-49b1-b366-ad6b8b9e72b3@group-4A8E582C3D20-SegmentedRaftLogWorker: Starting segment from index:0
2021-11-15 10:01:23,622 [d804d820-4532-49b1-b366-ad6b8b9e72b3@group-4A8E582C3D20-SegmentedRaftLogWorker] INFO  segmented.SegmentedRaftLogWorker (SegmentedRaftLogWorker.java:execute(601)) - d804d820-4532-49b1-b366-ad6b8b9e72b3@group-4A8E582C3D20-SegmentedRaftLogWorker: created new log segment /home/runner/work/ozone/ozone/hadoop-ozone/integration-test/target/test-dir/MiniOzoneClusterImpl-b6bde346-cb55-4fad-bd7f-e1da966a93e7/datanode-4/data/ratis/ffb51486-03ca-44cc-98c1-4a8e582c3d20/current/log_inprogress_0
2021-11-15 10:01:27,110 [Listener at 127.0.0.1/43215] INFO  ozoneimpl.OzoneContainer (OzoneContainer.java:stop(325)) - Attempting to stop container services.
2021-11-15 10:01:27,111 [ForkJoinPool.commonPool-worker-1] INFO  ozoneimpl.OzoneContainer (OzoneContainer.java:stop(325)) - Attempting to stop container services.
2021-11-15 10:01:27,111 [Listener at 127.0.0.1/43215] INFO  server.RaftServer (RaftServerProxy.java:lambda$close$6(391)) - d804d820-4532-49b1-b366-ad6b8b9e72b3: close
2021-11-15 10:01:27,111 [ForkJoinPool.commonPool-worker-1] INFO  server.RaftServer (RaftServerProxy.java:lambda$close$6(391)) - 5120cc87-b9ff-4d81-8e4f-818f73dade45: close
2021-11-15 10:01:27,111 [ForkJoinPool.commonPool-worker-1] INFO  server.RaftServer$Division (RaftServerImpl.java:lambda$close$4(412)) - 5120cc87-b9ff-4d81-8e4f-818f73dade45@group-B5597ECB938D: shutdown
2021-11-15 10:01:27,111 [Listener at 127.0.0.1/43215] INFO  server.RaftServer$Division (RaftServerImpl.java:lambda$close$4(412)) - d804d820-4532-49b1-b366-ad6b8b9e72b3@group-B155B082459A: shutdown
2021-11-15 10:01:27,112 [ForkJoinPool.commonPool-worker-1] INFO  util.JmxRegister (JmxRegister.java:unregister(73)) - Successfully un-registered JMX Bean with object name Ratis:service=RaftServer,group=group-B5597ECB938D,id=5120cc87-b9ff-4d81-8e4f-818f73dade45
2021-11-15 10:01:27,112 [ForkJoinPool.commonPool-worker-1] INFO  impl.RoleInfo (RoleInfo.java:shutdownLeaderState(91)) - 5120cc87-b9ff-4d81-8e4f-818f73dade45: shutdown 5120cc87-b9ff-4d81-8e4f-818f73dade45@group-B5597ECB938D-LeaderStateImpl
2021-11-15 10:01:27,112 [Listener at 127.0.0.1/43215] INFO  util.JmxRegister (JmxRegister.java:unregister(73)) - Successfully un-registered JMX Bean with object name Ratis:service=RaftServer,group=group-B155B082459A,id=d804d820-4532-49b1-b366-ad6b8b9e72b3
2021-11-15 10:01:27,112 [ForkJoinPool.commonPool-worker-1] INFO  impl.PendingRequests (PendingRequests.java:sendNotLeaderResponses(282)) - 5120cc87-b9ff-4d81-8e4f-818f73dade45@group-B5597ECB938D-PendingRequests: sendNotLeaderResponses
2021-11-15 10:01:27,112 [Listener at 127.0.0.1/43215] INFO  impl.RoleInfo (RoleInfo.java:shutdownLeaderState(91)) - d804d820-4532-49b1-b366-ad6b8b9e72b3: shutdown d804d820-4532-49b1-b366-ad6b8b9e72b3@group-B155B082459A-LeaderStateImpl
2021-11-15 10:01:27,112 [Listener at 127.0.0.1/43215] INFO  impl.PendingRequests (PendingRequests.java:sendNotLeaderResponses(282)) - d804d820-4532-49b1-b366-ad6b8b9e72b3@group-B155B082459A-PendingRequests: sendNotLeaderResponses
2021-11-15 10:01:27,112 [ForkJoinPool.commonPool-worker-1] INFO  impl.StateMachineUpdater (StateMachineUpdater.java:stopAndJoin(149)) - 5120cc87-b9ff-4d81-8e4f-818f73dade45@group-B5597ECB938D-StateMachineUpdater: set stopIndex = 0
2021-11-15 10:01:27,113 [Listener at 127.0.0.1/43215] INFO  impl.StateMachineUpdater (StateMachineUpdater.java:stopAndJoin(149)) - d804d820-4532-49b1-b366-ad6b8b9e72b3@group-B155B082459A-StateMachineUpdater: set stopIndex = 0
2021-11-15 10:01:27,113 [d804d820-4532-49b1-b366-ad6b8b9e72b3@group-B155B082459A->acb9c8cb-4d3e-4a6b-b679-e47efd30f020-GrpcLogAppender-LogAppenderDaemon] WARN  server.GrpcLogAppender (GrpcLogAppender.java:mayWait(177)) - d804d820-4532-49b1-b366-ad6b8b9e72b3@group-B155B082459A->acb9c8cb-4d3e-4a6b-b679-e47efd30f020-GrpcLogAppender: Wait interrupted by java.lang.InterruptedException
2021-11-15 10:01:27,113 [d804d820-4532-49b1-b366-ad6b8b9e72b3@group-B155B082459A->a90e3e6e-a337-4ecb-a7be-5aa85bd5c784-GrpcLogAppender-LogAppenderDaemon] WARN  server.GrpcLogAppender (GrpcLogAppender.java:mayWait(177)) - d804d820-4532-49b1-b366-ad6b8b9e72b3@group-B155B082459A->a90e3e6e-a337-4ecb-a7be-5aa85bd5c784-GrpcLogAppender: Wait interrupted by java.lang.InterruptedException
2021-11-15 10:01:27,113 [5120cc87-b9ff-4d81-8e4f-818f73dade45@group-B5597ECB938D-StateMachineUpdater] INFO  ratis.ContainerStateMachine (ContainerStateMachine.java:takeSnapshot(292)) - group-B5597ECB938D: Taking a snapshot at:(t:1, i:0) file /home/runner/work/ozone/ozone/hadoop-ozone/integration-test/target/test-dir/MiniOzoneClusterImpl-b6bde346-cb55-4fad-bd7f-e1da966a93e7/datanode-0/data/ratis/84a73e1c-2775-4236-a782-b5597ecb938d/sm/snapshot.1_0
2021-11-15 10:01:27,113 [d804d820-4532-49b1-b366-ad6b8b9e72b3@group-B155B082459A-StateMachineUpdater] INFO  ratis.ContainerStateMachine (ContainerStateMachine.java:takeSnapshot(292)) - group-B155B082459A: Taking a snapshot at:(t:7, i:0) file /home/runner/work/ozone/ozone/hadoop-ozone/integration-test/target/test-dir/MiniOzoneClusterImpl-b6bde346-cb55-4fad-bd7f-e1da966a93e7/datanode-4/data/ratis/1f5a01c6-6721-4b5d-82bc-b155b082459a/sm/snapshot.7_0
2021-11-15 10:01:27,114 [grpc-default-executor-2] INFO  server.GrpcServerProtocolService (GrpcServerProtocolService.java:onCompleted(140)) - a90e3e6e-a337-4ecb-a7be-5aa85bd5c784: Completed APPEND_ENTRIES, lastRequest: d804d820-4532-49b1-b366-ad6b8b9e72b3->a90e3e6e-a337-4ecb-a7be-5aa85bd5c784#1-t7,previous=(t:0, i:0),leaderCommit=-1,initializing? true,entries: size=1, first=(t:7, i:0), CONFIGURATIONENTRY
2021-11-15 10:01:27,114 [5120cc87-b9ff-4d81-8e4f-818f73dade45@group-B5597ECB938D-StateMachineUpdater] INFO  ratis.ContainerStateMachine (ContainerStateMachine.java:takeSnapshot(303)) - group-B5597ECB938D: Finished taking a snapshot at:(t:1, i:0) file:/home/runner/work/ozone/ozone/hadoop-ozone/integration-test/target/test-dir/MiniOzoneClusterImpl-b6bde346-cb55-4fad-bd7f-e1da966a93e7/datanode-0/data/ratis/84a73e1c-2775-4236-a782-b5597ecb938d/sm/snapshot.1_0 took: 1 ms
2021-11-15 10:01:27,114 [grpc-default-executor-3] INFO  server.GrpcServerProtocolService (GrpcServerProtocolService.java:onCompleted(140)) - acb9c8cb-4d3e-4a6b-b679-e47efd30f020: Completed APPEND_ENTRIES, lastRequest: d804d820-4532-49b1-b366-ad6b8b9e72b3->acb9c8cb-4d3e-4a6b-b679-e47efd30f020#1-t7,previous=(t:0, i:0),leaderCommit=-1,initializing? true,entries: size=1, first=(t:7, i:0), CONFIGURATIONENTRY
2021-11-15 10:01:27,114 [5120cc87-b9ff-4d81-8e4f-818f73dade45@group-B5597ECB938D-StateMachineUpdater] INFO  impl.StateMachineUpdater (StateMachineUpdater.java:takeSnapshot(281)) - 5120cc87-b9ff-4d81-8e4f-818f73dade45@group-B5597ECB938D-StateMachineUpdater: Took a snapshot at index 0
2021-11-15 10:01:27,115 [5120cc87-b9ff-4d81-8e4f-818f73dade45@group-B5597ECB938D-StateMachineUpdater] INFO  impl.StateMachineUpdater (StateMachineUpdater.java:lambda$new$0(89)) - 5120cc87-b9ff-4d81-8e4f-818f73dade45@group-B5597ECB938D-StateMachineUpdater: snapshotIndex: updateIncreasingly -1 -> 0
2021-11-15 10:01:27,115 [d804d820-4532-49b1-b366-ad6b8b9e72b3@group-B155B082459A-StateMachineUpdater] INFO  ratis.ContainerStateMachine (ContainerStateMachine.java:takeSnapshot(303)) - group-B155B082459A: Finished taking a snapshot at:(t:7, i:0) file:/home/runner/work/ozone/ozone/hadoop-ozone/integration-test/target/test-dir/MiniOzoneClusterImpl-b6bde346-cb55-4fad-bd7f-e1da966a93e7/datanode-4/data/ratis/1f5a01c6-6721-4b5d-82bc-b155b082459a/sm/snapshot.7_0 took: 1 ms
2021-11-15 10:01:27,115 [d804d820-4532-49b1-b366-ad6b8b9e72b3@group-B155B082459A-StateMachineUpdater] INFO  impl.StateMachineUpdater (StateMachineUpdater.java:takeSnapshot(281)) - d804d820-4532-49b1-b366-ad6b8b9e72b3@group-B155B082459A-StateMachineUpdater: Took a snapshot at index 0
2021-11-15 10:01:27,115 [d804d820-4532-49b1-b366-ad6b8b9e72b3@group-B155B082459A-StateMachineUpdater] INFO  impl.StateMachineUpdater (StateMachineUpdater.java:lambda$new$0(89)) - d804d820-4532-49b1-b366-ad6b8b9e72b3@group-B155B082459A-StateMachineUpdater: snapshotIndex: updateIncreasingly -1 -> 0
2021-11-15 10:01:27,116 [grpc-default-executor-3] INFO  server.GrpcLogAppender (GrpcLogAppender.java:onCompleted(346)) - d804d820-4532-49b1-b366-ad6b8b9e72b3@group-B155B082459A->a90e3e6e-a337-4ecb-a7be-5aa85bd5c784-AppendLogResponseHandler: follower responses appendEntries COMPLETED
2021-11-15 10:01:27,116 [Listener at 127.0.0.1/43215] INFO  server.RaftServer$Division (ServerState.java:close(419)) - d804d820-4532-49b1-b366-ad6b8b9e72b3@group-B155B082459A: closes. applyIndex: 0
2021-11-15 10:01:27,116 [d804d820-4532-49b1-b366-ad6b8b9e72b3@group-B155B082459A-SegmentedRaftLogWorker] INFO  segmented.SegmentedRaftLogWorker (SegmentedRaftLogWorker.java:run(327)) - d804d820-4532-49b1-b366-ad6b8b9e72b3@group-B155B082459A-SegmentedRaftLogWorker was interrupted, exiting. There are 0 tasks remaining in the queue.
2021-11-15 10:01:27,116 [ForkJoinPool.commonPool-worker-1] INFO  server.RaftServer$Division (ServerState.java:close(419)) - 5120cc87-b9ff-4d81-8e4f-818f73dade45@group-B5597ECB938D: closes. applyIndex: 0
2021-11-15 10:01:27,116 [grpc-default-executor-2] INFO  server.GrpcLogAppender (GrpcLogAppender.java:onCompleted(346)) - d804d820-4532-49b1-b366-ad6b8b9e72b3@group-B155B082459A->acb9c8cb-4d3e-4a6b-b679-e47efd30f020-AppendLogResponseHandler: follower responses appendEntries COMPLETED
2021-11-15 10:01:27,116 [grpc-default-executor-3] INFO  leader.FollowerInfo (FollowerInfoImpl.java:lambda$new$0(47)) - d804d820-4532-49b1-b366-ad6b8b9e72b3@group-B155B082459A->a90e3e6e-a337-4ecb-a7be-5aa85bd5c784: nextIndex: updateUnconditionally 1 -> 0
2021-11-15 10:01:27,117 [grpc-default-executor-2] INFO  leader.FollowerInfo (FollowerInfoImpl.java:lambda$new$0(47)) - d804d820-4532-49b1-b366-ad6b8b9e72b3@group-B155B082459A->acb9c8cb-4d3e-4a6b-b679-e47efd30f020: nextIndex: updateUnconditionally 1 -> 0
2021-11-15 10:01:27,117 [5120cc87-b9ff-4d81-8e4f-818f73dade45@group-B5597ECB938D-SegmentedRaftLogWorker] INFO  segmented.SegmentedRaftLogWorker (SegmentedRaftLogWorker.java:run(327)) - 5120cc87-b9ff-4d81-8e4f-818f73dade45@group-B5597ECB938D-SegmentedRaftLogWorker was interrupted, exiting. There are 0 tasks remaining in the queue.
2021-11-15 10:01:27,117 [Listener at 127.0.0.1/43215] INFO  segmented.SegmentedRaftLogWorker (SegmentedRaftLogWorker.java:close(237)) - d804d820-4532-49b1-b366-ad6b8b9e72b3@group-B155B082459A-SegmentedRaftLogWorker close()
2021-11-15 10:01:27,120 [ForkJoinPool.commonPool-worker-1] INFO  segmented.SegmentedRaftLogWorker (SegmentedRaftLogWorker.java:close(237)) - 5120cc87-b9ff-4d81-8e4f-818f73dade45@group-B5597ECB938D-SegmentedRaftLogWorker close()
2021-11-15 10:01:27,121 [ForkJoinPool.commonPool-worker-1] INFO  server.GrpcService (GrpcService.java:closeImpl(262)) - 5120cc87-b9ff-4d81-8e4f-818f73dade45: shutdown server with port 39907 now
2021-11-15 10:01:27,121 [Listener at 127.0.0.1/43215] INFO  server.RaftServer$Division (RaftServerImpl.java:lambda$close$4(412)) - d804d820-4532-49b1-b366-ad6b8b9e72b3@group-4A8E582C3D20: shutdown
2021-11-15 10:01:27,121 [Listener at 127.0.0.1/43215] INFO  util.JmxRegister (JmxRegister.java:unregister(73)) - Successfully un-registered JMX Bean with object name Ratis:service=RaftServer,group=group-4A8E582C3D20,id=d804d820-4532-49b1-b366-ad6b8b9e72b3
2021-11-15 10:01:27,121 [Listener at 127.0.0.1/43215] INFO  impl.RoleInfo (RoleInfo.java:shutdownFollowerState(108)) - d804d820-4532-49b1-b366-ad6b8b9e72b3: shutdown d804d820-4532-49b1-b366-ad6b8b9e72b3@group-4A8E582C3D20-FollowerState
2021-11-15 10:01:27,121 [Listener at 127.0.0.1/43215] INFO  impl.StateMachineUpdater (StateMachineUpdater.java:stopAndJoin(149)) - d804d820-4532-49b1-b366-ad6b8b9e72b3@group-4A8E582C3D20-StateMachineUpdater: set stopIndex = 0
2021-11-15 10:01:27,122 [d804d820-4532-49b1-b366-ad6b8b9e72b3@group-4A8E582C3D20-StateMachineUpdater] INFO  ratis.ContainerStateMachine (ContainerStateMachine.java:takeSnapshot(292)) - group-4A8E582C3D20: Taking a snapshot at:(t:8, i:0) file /home/runner/work/ozone/ozone/hadoop-ozone/integration-test/target/test-dir/MiniOzoneClusterImpl-b6bde346-cb55-4fad-bd7f-e1da966a93e7/datanode-4/data/ratis/ffb51486-03ca-44cc-98c1-4a8e582c3d20/sm/snapshot.8_0
2021-11-15 10:01:27,122 [d804d820-4532-49b1-b366-ad6b8b9e72b3@group-4A8E582C3D20-StateMachineUpdater] INFO  ratis.ContainerStateMachine (ContainerStateMachine.java:takeSnapshot(303)) - group-4A8E582C3D20: Finished taking a snapshot at:(t:8, i:0) file:/home/runner/work/ozone/ozone/hadoop-ozone/integration-test/target/test-dir/MiniOzoneClusterImpl-b6bde346-cb55-4fad-bd7f-e1da966a93e7/datanode-4/data/ratis/ffb51486-03ca-44cc-98c1-4a8e582c3d20/sm/snapshot.8_0 took: 1 ms
2021-11-15 10:01:27,123 [d804d820-4532-49b1-b366-ad6b8b9e72b3@group-4A8E582C3D20-StateMachineUpdater] INFO  impl.StateMachineUpdater (StateMachineUpdater.java:takeSnapshot(281)) - d804d820-4532-49b1-b366-ad6b8b9e72b3@group-4A8E582C3D20-StateMachineUpdater: Took a snapshot at index 0
2021-11-15 10:01:27,123 [d804d820-4532-49b1-b366-ad6b8b9e72b3@group-4A8E582C3D20-StateMachineUpdater] INFO  impl.StateMachineUpdater (StateMachineUpdater.java:lambda$new$0(89)) - d804d820-4532-49b1-b366-ad6b8b9e72b3@group-4A8E582C3D20-StateMachineUpdater: snapshotIndex: updateIncreasingly -1 -> 0
2021-11-15 10:01:27,121 [d804d820-4532-49b1-b366-ad6b8b9e72b3@group-4A8E582C3D20-FollowerState] INFO  impl.FollowerState (FollowerState.java:run(143)) - d804d820-4532-49b1-b366-ad6b8b9e72b3@group-4A8E582C3D20-FollowerState was interrupted: {}
java.lang.InterruptedException: sleep interrupted
	at java.lang.Thread.sleep(Native Method)
	at java.lang.Thread.sleep(Thread.java:340)
	at java.util.concurrent.TimeUnit.sleep(TimeUnit.java:386)
	at org.apache.ratis.util.TimeDuration.sleep(TimeDuration.java:324)
	at org.apache.ratis.util.TimeDuration.sleep(TimeDuration.java:309)
	at org.apache.ratis.server.impl.FollowerState.run(FollowerState.java:118)
2021-11-15 10:01:27,123 [Listener at 127.0.0.1/43215] INFO  server.RaftServer$Division (ServerState.java:close(419)) - d804d820-4532-49b1-b366-ad6b8b9e72b3@group-4A8E582C3D20: closes. applyIndex: 0
2021-11-15 10:01:27,123 [d804d820-4532-49b1-b366-ad6b8b9e72b3@group-4A8E582C3D20-SegmentedRaftLogWorker] INFO  segmented.SegmentedRaftLogWorker (SegmentedRaftLogWorker.java:run(327)) - d804d820-4532-49b1-b366-ad6b8b9e72b3@group-4A8E582C3D20-SegmentedRaftLogWorker was interrupted, exiting. There are 0 tasks remaining in the queue.
2021-11-15 10:01:27,123 [Listener at 127.0.0.1/43215] INFO  segmented.SegmentedRaftLogWorker (SegmentedRaftLogWorker.java:close(237)) - d804d820-4532-49b1-b366-ad6b8b9e72b3@group-4A8E582C3D20-SegmentedRaftLogWorker close()
2021-11-15 10:01:27,124 [Listener at 127.0.0.1/43215] INFO  server.RaftServer$Division (RaftServerImpl.java:lambda$close$4(412)) - d804d820-4532-49b1-b366-ad6b8b9e72b3@group-2563589D89DB: shutdown
2021-11-15 10:01:27,124 [Listener at 127.0.0.1/43215] INFO  util.JmxRegister (JmxRegister.java:unregister(73)) - Successfully un-registered JMX Bean with object name Ratis:service=RaftServer,group=group-2563589D89DB,id=d804d820-4532-49b1-b366-ad6b8b9e72b3
2021-11-15 10:01:27,124 [Listener at 127.0.0.1/43215] INFO  impl.RoleInfo (RoleInfo.java:shutdownLeaderState(91)) - d804d820-4532-49b1-b366-ad6b8b9e72b3: shutdown d804d820-4532-49b1-b366-ad6b8b9e72b3@group-2563589D89DB-LeaderStateImpl
2021-11-15 10:01:27,125 [Listener at 127.0.0.1/43215] INFO  impl.PendingRequests (PendingRequests.java:sendNotLeaderResponses(282)) - d804d820-4532-49b1-b366-ad6b8b9e72b3@group-2563589D89DB-PendingRequests: sendNotLeaderResponses
2021-11-15 10:01:27,129 [d804d820-4532-49b1-b366-ad6b8b9e72b3@group-2563589D89DB-StateMachineUpdater] INFO  ratis.ContainerStateMachine (ContainerStateMachine.java:takeSnapshot(292)) - group-2563589D89DB: Taking a snapshot at:(t:1, i:0) file /home/runner/work/ozone/ozone/hadoop-ozone/integration-test/target/test-dir/MiniOzoneClusterImpl-b6bde346-cb55-4fad-bd7f-e1da966a93e7/datanode-4/data/ratis/90839f6a-0246-4edd-b2d1-2563589d89db/sm/snapshot.1_0
2021-11-15 10:01:27,129 [Listener at 127.0.0.1/43215] INFO  impl.StateMachineUpdater (StateMachineUpdater.java:stopAndJoin(149)) - d804d820-4532-49b1-b366-ad6b8b9e72b3@group-2563589D89DB-StateMachineUpdater: set stopIndex = 0
2021-11-15 10:01:27,130 [d804d820-4532-49b1-b366-ad6b8b9e72b3@group-2563589D89DB-StateMachineUpdater] INFO  ratis.ContainerStateMachine (ContainerStateMachine.java:takeSnapshot(303)) - group-2563589D89DB: Finished taking a snapshot at:(t:1, i:0) file:/home/runner/work/ozone/ozone/hadoop-ozone/integration-test/target/test-dir/MiniOzoneClusterImpl-b6bde346-cb55-4fad-bd7f-e1da966a93e7/datanode-4/data/ratis/90839f6a-0246-4edd-b2d1-2563589d89db/sm/snapshot.1_0 took: 1 ms
2021-11-15 10:01:27,130 [d804d820-4532-49b1-b366-ad6b8b9e72b3@group-2563589D89DB-StateMachineUpdater] INFO  impl.StateMachineUpdater (StateMachineUpdater.java:takeSnapshot(281)) - d804d820-4532-49b1-b366-ad6b8b9e72b3@group-2563589D89DB-StateMachineUpdater: Took a snapshot at index 0
2021-11-15 10:01:27,130 [d804d820-4532-49b1-b366-ad6b8b9e72b3@group-2563589D89DB-StateMachineUpdater] INFO  impl.StateMachineUpdater (StateMachineUpdater.java:lambda$new$0(89)) - d804d820-4532-49b1-b366-ad6b8b9e72b3@group-2563589D89DB-StateMachineUpdater: snapshotIndex: updateIncreasingly -1 -> 0
2021-11-15 10:01:27,130 [Listener at 127.0.0.1/43215] INFO  server.RaftServer$Division (ServerState.java:close(419)) - d804d820-4532-49b1-b366-ad6b8b9e72b3@group-2563589D89DB: closes. applyIndex: 0
2021-11-15 10:01:27,131 [d804d820-4532-49b1-b366-ad6b8b9e72b3@group-2563589D89DB-SegmentedRaftLogWorker] INFO  segmented.SegmentedRaftLogWorker (SegmentedRaftLogWorker.java:run(327)) - d804d820-4532-49b1-b366-ad6b8b9e72b3@group-2563589D89DB-SegmentedRaftLogWorker was interrupted, exiting. There are 0 tasks remaining in the queue.
2021-11-15 10:01:27,131 [ForkJoinPool.commonPool-worker-1] INFO  server.GrpcService (GrpcService.java:closeImpl(271)) - 5120cc87-b9ff-4d81-8e4f-818f73dade45: shutdown server with port 39907 successfully
2021-11-15 10:01:27,132 [org.apache.ratis.util.JvmPauseMonitor$$Lambda$532/1515984292@5674ddb1] INFO  util.JvmPauseMonitor (JvmPauseMonitor.java:run(109)) - JvmPauseMonitor-5120cc87-b9ff-4d81-8e4f-818f73dade45: Stopped
2021-11-15 10:01:27,132 [Listener at 127.0.0.1/43215] INFO  segmented.SegmentedRaftLogWorker (SegmentedRaftLogWorker.java:close(237)) - d804d820-4532-49b1-b366-ad6b8b9e72b3@group-2563589D89DB-SegmentedRaftLogWorker close()
2021-11-15 10:01:27,139 [Listener at 127.0.0.1/43215] INFO  server.GrpcService (GrpcService.java:closeImpl(262)) - d804d820-4532-49b1-b366-ad6b8b9e72b3: shutdown server with port 37399 now
2021-11-15 10:01:27,141 [grpc-default-executor-1] WARN  server.GrpcServerProtocolService (LogUtils.java:warn(122)) - d804d820-4532-49b1-b366-ad6b8b9e72b3: installSnapshot onError, lastRequest: acb9c8cb-4d3e-4a6b-b679-e47efd30f020->d804d820-4532-49b1-b366-ad6b8b9e72b3#1-t8,previous=(t:0, i:0),leaderCommit=-1,initializing? true,entries: size=1, first=(t:8, i:0), CONFIGURATIONENTRY: org.apache.ratis.thirdparty.io.grpc.StatusRuntimeException: CANCELLED: client cancelled
2021-11-15 10:01:27,141 [grpc-default-executor-1] WARN  server.GrpcLogAppender (LogUtils.java:warn(122)) - acb9c8cb-4d3e-4a6b-b679-e47efd30f020@group-4A8E582C3D20->d804d820-4532-49b1-b366-ad6b8b9e72b3-AppendLogResponseHandler: Failed appendEntries: org.apache.ratis.thirdparty.io.grpc.StatusRuntimeException: CANCELLED: HTTP/2 error code: CANCEL
Received Rst Stream
2021-11-15 10:01:27,142 [grpc-default-executor-1] WARN  server.GrpcLogAppender (GrpcLogAppender.java:resetClient(110)) - acb9c8cb-4d3e-4a6b-b679-e47efd30f020@group-4A8E582C3D20->d804d820-4532-49b1-b366-ad6b8b9e72b3-GrpcLogAppender: Leader has not got in touch with Follower acb9c8cb-4d3e-4a6b-b679-e47efd30f020@group-4A8E582C3D20->d804d820-4532-49b1-b366-ad6b8b9e72b3(c0,m0,n1, attendVote=true, lastRpcSendTime=1009, lastRpcResponseTime=992) yet, just keep nextIndex unchanged and retry.
2021-11-15 10:01:27,183 [ForkJoinPool.commonPool-worker-1] INFO  utils.BackgroundService (BackgroundService.java:shutdown(132)) - Shutting down service BlockDeletingService
2021-11-15 10:01:27,184 [Listener at 127.0.0.1/43215] INFO  server.GrpcService (GrpcService.java:closeImpl(271)) - d804d820-4532-49b1-b366-ad6b8b9e72b3: shutdown server with port 37399 successfully
2021-11-15 10:01:27,184 [org.apache.ratis.util.JvmPauseMonitor$$Lambda$532/1515984292@16e72ff4] INFO  util.JvmPauseMonitor (JvmPauseMonitor.java:run(109)) - JvmPauseMonitor-d804d820-4532-49b1-b366-ad6b8b9e72b3: Stopped
2021-11-15 10:01:27,185 [Listener at 127.0.0.1/43215] INFO  utils.BackgroundService (BackgroundService.java:shutdown(132)) - Shutting down service BlockDeletingService
2021-11-15 10:01:28,664 [grpc-default-executor-3] WARN  server.GrpcLogAppender (LogUtils.java:warn(122)) - acb9c8cb-4d3e-4a6b-b679-e47efd30f020@group-4A8E582C3D20->d804d820-4532-49b1-b366-ad6b8b9e72b3-AppendLogResponseHandler: Failed appendEntries: org.apache.ratis.thirdparty.io.grpc.StatusRuntimeException: UNAVAILABLE: io exception
2021-11-15 10:01:28,665 [grpc-default-executor-3] WARN  server.GrpcLogAppender (GrpcLogAppender.java:resetClient(110)) - acb9c8cb-4d3e-4a6b-b679-e47efd30f020@group-4A8E582C3D20->d804d820-4532-49b1-b366-ad6b8b9e72b3-GrpcLogAppender: Leader has not got in touch with Follower acb9c8cb-4d3e-4a6b-b679-e47efd30f020@group-4A8E582C3D20->d804d820-4532-49b1-b366-ad6b8b9e72b3(c0,m0,n1, attendVote=true, lastRpcSendTime=1, lastRpcResponseTime=2515) yet, just keep nextIndex unchanged and retry.
2021-11-15 10:01:30,212 [ForkJoinPool.commonPool-worker-1] INFO  statemachine.DatanodeStateMachine (DatanodeStateMachine.java:stopDaemon(526)) - Ozone container server stopped.
2021-11-15 10:01:30,212 [Listener at 127.0.0.1/43215] INFO  statemachine.DatanodeStateMachine (DatanodeStateMachine.java:stopDaemon(526)) - Ozone container server stopped.
2021-11-15 10:01:30,213 [Listener at 127.0.0.1/43215] INFO  handler.ContextHandler (ContextHandler.java:doStop(1153)) - Stopped o.e.j.w.WebAppContext@6b8844ad{hddsDatanode,/,null,STOPPED}{jar:file:/home/runner/.m2/repository/org/apache/ozone/hdds-container-service/1.2.0-SNAPSHOT/hdds-container-service-1.2.0-SNAPSHOT.jar!/webapps/hddsDatanode}
2021-11-15 10:01:30,227 [Listener at 127.0.0.1/43215] INFO  server.AbstractConnector (AbstractConnector.java:doStop(381)) - Stopped ServerConnector@3f5050ad{HTTP/1.1, (http/1.1)}{0.0.0.0:0}
2021-11-15 10:01:30,227 [Listener at 127.0.0.1/43215] INFO  server.session (HouseKeeper.java:stopScavenging(149)) - node0 Stopped scavenging
2021-11-15 10:01:30,227 [Listener at 127.0.0.1/43215] INFO  handler.ContextHandler (ContextHandler.java:doStop(1153)) - Stopped o.e.j.s.ServletContextHandler@6f2e62fc{static,/static,jar:file:/home/runner/.m2/repository/org/apache/ozone/hdds-container-service/1.2.0-SNAPSHOT/hdds-container-service-1.2.0-SNAPSHOT.jar!/webapps/static,STOPPED}
2021-11-15 10:01:30,227 [Listener at 127.0.0.1/43215] INFO  handler.ContextHandler (ContextHandler.java:doStop(1153)) - Stopped o.e.j.s.ServletContextHandler@14c91580{logs,/logs,file:///home/runner/work/ozone/ozone/hadoop-ozone/integration-test/target/log,STOPPED}
2021-11-15 10:01:30,231 [ForkJoinPool.commonPool-worker-1] INFO  handler.ContextHandler (ContextHandler.java:doStop(1153)) - Stopped o.e.j.w.WebAppContext@61d67dbe{hddsDatanode,/,null,STOPPED}{jar:file:/home/runner/.m2/repository/org/apache/ozone/hdds-container-service/1.2.0-SNAPSHOT/hdds-container-service-1.2.0-SNAPSHOT.jar!/webapps/hddsDatanode}
2021-11-15 10:01:30,231 [ForkJoinPool.commonPool-worker-1] INFO  server.AbstractConnector (AbstractConnector.java:doStop(381)) - Stopped ServerConnector@38a2f31d{HTTP/1.1, (http/1.1)}{0.0.0.0:0}
2021-11-15 10:01:30,232 [ForkJoinPool.commonPool-worker-1] INFO  server.session (HouseKeeper.java:stopScavenging(149)) - node0 Stopped scavenging
2021-11-15 10:01:30,232 [ForkJoinPool.commonPool-worker-1] INFO  handler.ContextHandler (ContextHandler.java:doStop(1153)) - Stopped o.e.j.s.ServletContextHandler@2be3fed3{static,/static,jar:file:/home/runner/.m2/repository/org/apache/ozone/hdds-container-service/1.2.0-SNAPSHOT/hdds-container-service-1.2.0-SNAPSHOT.jar!/webapps/static,STOPPED}
2021-11-15 10:01:30,233 [ForkJoinPool.commonPool-worker-1] INFO  handler.ContextHandler (ContextHandler.java:doStop(1153)) - Stopped o.e.j.s.ServletContextHandler@17d67dbf{logs,/logs,file:///home/runner/work/ozone/ozone/hadoop-ozone/integration-test/target/log,STOPPED}
2021-11-15 10:01:31,125 [EventQueue-StaleNodeForStaleNodeHandler] INFO  node.StaleNodeHandler (StaleNodeHandler.java:onMessage(58)) - Datanode 5120cc87-b9ff-4d81-8e4f-818f73dade45{ip: 10.1.0.56, host: fv-az12-743.exdb2aeach2ezidoxz41lk3bwg.cx.internal.cloudapp.net, ports: [REPLICATION=35699, RATIS=39907, RATIS_ADMIN=39907, RATIS_SERVER=39907, STANDALONE=46197], networkLocation: /default-rack, certSerialId: null, persistedOpState: IN_SERVICE, persistedOpStateExpiryEpochSec: 0} moved to stale state. Finalizing its pipelines [PipelineID=84a73e1c-2775-4236-a782-b5597ecb938d]
2021-11-15 10:01:31,126 [EventQueue-StaleNodeForStaleNodeHandler] INFO  pipeline.PipelineManagerImpl (PipelineManagerImpl.java:closePipeline(349)) - Pipeline Pipeline[ Id: 84a73e1c-2775-4236-a782-b5597ecb938d, Nodes: 5120cc87-b9ff-4d81-8e4f-818f73dade45{ip: 10.1.0.56, host: fv-az12-743.exdb2aeach2ezidoxz41lk3bwg.cx.internal.cloudapp.net, ports: [REPLICATION=35699, RATIS=39907, RATIS_ADMIN=39907, RATIS_SERVER=39907, STANDALONE=46197], networkLocation: /default-rack, certSerialId: null, persistedOpState: IN_SERVICE, persistedOpStateExpiryEpochSec: 0}, ReplicationConfig: RATIS/ONE, State:OPEN, leaderId:5120cc87-b9ff-4d81-8e4f-818f73dade45, CreationTimestamp2021-11-15T10:00:43.512Z[Etc/UTC]] moved to CLOSED state
2021-11-15 10:01:31,169 [grpc-default-executor-3] WARN  server.GrpcLogAppender (LogUtils.java:warn(122)) - acb9c8cb-4d3e-4a6b-b679-e47efd30f020@group-4A8E582C3D20->d804d820-4532-49b1-b366-ad6b8b9e72b3-AppendLogResponseHandler: Failed appendEntries: org.apache.ratis.thirdparty.io.grpc.StatusRuntimeException: UNAVAILABLE: io exception
2021-11-15 10:01:31,170 [grpc-default-executor-3] WARN  server.GrpcLogAppender (GrpcLogAppender.java:resetClient(110)) - acb9c8cb-4d3e-4a6b-b679-e47efd30f020@group-4A8E582C3D20->d804d820-4532-49b1-b366-ad6b8b9e72b3-GrpcLogAppender: Leader has not got in touch with Follower acb9c8cb-4d3e-4a6b-b679-e47efd30f020@group-4A8E582C3D20->d804d820-4532-49b1-b366-ad6b8b9e72b3(c0,m0,n1, attendVote=true, lastRpcSendTime=0, lastRpcResponseTime=5021) yet, just keep nextIndex unchanged and retry.
2021-11-15 10:01:32,026 [EventQueue-StaleNodeForStaleNodeHandler] INFO  node.StaleNodeHandler (StaleNodeHandler.java:onMessage(58)) - Datanode d804d820-4532-49b1-b366-ad6b8b9e72b3{ip: 10.1.0.56, host: fv-az12-743.exdb2aeach2ezidoxz41lk3bwg.cx.internal.cloudapp.net, ports: [REPLICATION=33971, RATIS=37399, RATIS_ADMIN=37399, RATIS_SERVER=37399, STANDALONE=35481], networkLocation: /default-rack, certSerialId: null, persistedOpState: IN_SERVICE, persistedOpStateExpiryEpochSec: 0} moved to stale state. Finalizing its pipelines [PipelineID=1f5a01c6-6721-4b5d-82bc-b155b082459a, PipelineID=90839f6a-0246-4edd-b2d1-2563589d89db, PipelineID=ffb51486-03ca-44cc-98c1-4a8e582c3d20]
2021-11-15 10:01:32,027 [EventQueue-StaleNodeForStaleNodeHandler] INFO  pipeline.PipelineManagerImpl (PipelineManagerImpl.java:closePipeline(349)) - Pipeline Pipeline[ Id: 1f5a01c6-6721-4b5d-82bc-b155b082459a, Nodes: a90e3e6e-a337-4ecb-a7be-5aa85bd5c784{ip: 10.1.0.56, host: fv-az12-743.exdb2aeach2ezidoxz41lk3bwg.cx.internal.cloudapp.net, ports: [REPLICATION=39203, RATIS=44193, RATIS_ADMIN=44193, RATIS_SERVER=44193, STANDALONE=34675], networkLocation: /default-rack, certSerialId: null, persistedOpState: IN_SERVICE, persistedOpStateExpiryEpochSec: 0}d804d820-4532-49b1-b366-ad6b8b9e72b3{ip: 10.1.0.56, host: fv-az12-743.exdb2aeach2ezidoxz41lk3bwg.cx.internal.cloudapp.net, ports: [REPLICATION=33971, RATIS=37399, RATIS_ADMIN=37399, RATIS_SERVER=37399, STANDALONE=35481], networkLocation: /default-rack, certSerialId: null, persistedOpState: IN_SERVICE, persistedOpStateExpiryEpochSec: 0}acb9c8cb-4d3e-4a6b-b679-e47efd30f020{ip: 10.1.0.56, host: fv-az12-743.exdb2aeach2ezidoxz41lk3bwg.cx.internal.cloudapp.net, ports: [REPLICATION=33713, RATIS=33205, RATIS_ADMIN=33205, RATIS_SERVER=33205, STANDALONE=32975], networkLocation: /default-rack, certSerialId: null, persistedOpState: IN_SERVICE, persistedOpStateExpiryEpochSec: 0}, ReplicationConfig: RATIS/THREE, State:ALLOCATED, leaderId:, CreationTimestamp2021-11-15T10:00:44.988Z[Etc/UTC]] moved to CLOSED state
2021-11-15 10:01:32,027 [EventQueue-StaleNodeForStaleNodeHandler] INFO  pipeline.PipelineManagerImpl (PipelineManagerImpl.java:closePipeline(349)) - Pipeline Pipeline[ Id: 90839f6a-0246-4edd-b2d1-2563589d89db, Nodes: d804d820-4532-49b1-b366-ad6b8b9e72b3{ip: 10.1.0.56, host: fv-az12-743.exdb2aeach2ezidoxz41lk3bwg.cx.internal.cloudapp.net, ports: [REPLICATION=33971, RATIS=37399, RATIS_ADMIN=37399, RATIS_SERVER=37399, STANDALONE=35481], networkLocation: /default-rack, certSerialId: null, persistedOpState: IN_SERVICE, persistedOpStateExpiryEpochSec: 0}, ReplicationConfig: RATIS/ONE, State:OPEN, leaderId:d804d820-4532-49b1-b366-ad6b8b9e72b3, CreationTimestamp2021-11-15T10:00:44.784Z[Etc/UTC]] moved to CLOSED state
2021-11-15 10:01:32,028 [EventQueue-StaleNodeForStaleNodeHandler] INFO  pipeline.PipelineManagerImpl (PipelineManagerImpl.java:closePipeline(349)) - Pipeline Pipeline[ Id: ffb51486-03ca-44cc-98c1-4a8e582c3d20, Nodes: d804d820-4532-49b1-b366-ad6b8b9e72b3{ip: 10.1.0.56, host: fv-az12-743.exdb2aeach2ezidoxz41lk3bwg.cx.internal.cloudapp.net, ports: [REPLICATION=33971, RATIS=37399, RATIS_ADMIN=37399, RATIS_SERVER=37399, STANDALONE=35481], networkLocation: /default-rack, certSerialId: null, persistedOpState: IN_SERVICE, persistedOpStateExpiryEpochSec: 0}a90e3e6e-a337-4ecb-a7be-5aa85bd5c784{ip: 10.1.0.56, host: fv-az12-743.exdb2aeach2ezidoxz41lk3bwg.cx.internal.cloudapp.net, ports: [REPLICATION=39203, RATIS=44193, RATIS_ADMIN=44193, RATIS_SERVER=44193, STANDALONE=34675], networkLocation: /default-rack, certSerialId: null, persistedOpState: IN_SERVICE, persistedOpStateExpiryEpochSec: 0}acb9c8cb-4d3e-4a6b-b679-e47efd30f020{ip: 10.1.0.56, host: fv-az12-743.exdb2aeach2ezidoxz41lk3bwg.cx.internal.cloudapp.net, ports: [REPLICATION=33713, RATIS=33205, RATIS_ADMIN=33205, RATIS_SERVER=33205, STANDALONE=32975], networkLocation: /default-rack, certSerialId: null, persistedOpState: IN_SERVICE, persistedOpStateExpiryEpochSec: 0}, ReplicationConfig: RATIS/THREE, State:OPEN, leaderId:acb9c8cb-4d3e-4a6b-b679-e47efd30f020, CreationTimestamp2021-11-15T10:00:44.986Z[Etc/UTC]] moved to CLOSED state
2021-11-15 10:01:33,654 [a90e3e6e-a337-4ecb-a7be-5aa85bd5c784@group-B155B082459A-FollowerState] INFO  impl.FollowerState (FollowerState.java:run(134)) - a90e3e6e-a337-4ecb-a7be-5aa85bd5c784@group-B155B082459A-FollowerState: change to CANDIDATE, lastRpcElapsedTime:7694277549ns, electionTimeout:5108ms
2021-11-15 10:01:33,654 [a90e3e6e-a337-4ecb-a7be-5aa85bd5c784@group-B155B082459A-FollowerState] INFO  impl.RoleInfo (RoleInfo.java:shutdownFollowerState(108)) - a90e3e6e-a337-4ecb-a7be-5aa85bd5c784: shutdown a90e3e6e-a337-4ecb-a7be-5aa85bd5c784@group-B155B082459A-FollowerState
2021-11-15 10:01:33,654 [a90e3e6e-a337-4ecb-a7be-5aa85bd5c784@group-B155B082459A-FollowerState] INFO  server.RaftServer$Division (RaftServerImpl.java:setRole(290)) - a90e3e6e-a337-4ecb-a7be-5aa85bd5c784@group-B155B082459A: changes role from  FOLLOWER to CANDIDATE at term 7 for changeToCandidate
2021-11-15 10:01:33,654 [a90e3e6e-a337-4ecb-a7be-5aa85bd5c784@group-B155B082459A-FollowerState] INFO  server.RaftServerConfigKeys (ConfUtils.java:logGet(44)) - raft.server.leaderelection.pre-vote = false (custom)
2021-11-15 10:01:33,654 [a90e3e6e-a337-4ecb-a7be-5aa85bd5c784@group-B155B082459A-FollowerState] INFO  impl.RoleInfo (RoleInfo.java:updateAndGet(130)) - a90e3e6e-a337-4ecb-a7be-5aa85bd5c784: start a90e3e6e-a337-4ecb-a7be-5aa85bd5c784@group-B155B082459A-LeaderElection34
2021-11-15 10:01:33,656 [a90e3e6e-a337-4ecb-a7be-5aa85bd5c784@group-B155B082459A-LeaderElection34] INFO  server.RaftServer$Division (ServerState.java:setLeader(285)) - a90e3e6e-a337-4ecb-a7be-5aa85bd5c784@group-B155B082459A: change Leader from d804d820-4532-49b1-b366-ad6b8b9e72b3 to null at term 7 for ELECTION
2021-11-15 10:01:33,667 [a90e3e6e-a337-4ecb-a7be-5aa85bd5c784@group-B155B082459A-LeaderElection34] INFO  impl.LeaderElection (LeaderElection.java:askForVotes(306)) - a90e3e6e-a337-4ecb-a7be-5aa85bd5c784@group-B155B082459A-LeaderElection34 ELECTION round 0: submit vote requests at term 8 for 0: [d804d820-4532-49b1-b366-ad6b8b9e72b3|rpc:10.1.0.56:37399|dataStream:|priority:1, a90e3e6e-a337-4ecb-a7be-5aa85bd5c784|rpc:10.1.0.56:44193|dataStream:|priority:0, acb9c8cb-4d3e-4a6b-b679-e47efd30f020|rpc:10.1.0.56:33205|dataStream:|priority:0], old=null
2021-11-15 10:01:33,671 [grpc-default-executor-3] WARN  server.GrpcLogAppender (LogUtils.java:warn(122)) - acb9c8cb-4d3e-4a6b-b679-e47efd30f020@group-4A8E582C3D20->d804d820-4532-49b1-b366-ad6b8b9e72b3-AppendLogResponseHandler: Failed appendEntries: org.apache.ratis.thirdparty.io.grpc.StatusRuntimeException: UNAVAILABLE: io exception
2021-11-15 10:01:33,671 [grpc-default-executor-3] WARN  server.GrpcLogAppender (GrpcLogAppender.java:resetClient(110)) - acb9c8cb-4d3e-4a6b-b679-e47efd30f020@group-4A8E582C3D20->d804d820-4532-49b1-b366-ad6b8b9e72b3-GrpcLogAppender: Leader has not got in touch with Follower acb9c8cb-4d3e-4a6b-b679-e47efd30f020@group-4A8E582C3D20->d804d820-4532-49b1-b366-ad6b8b9e72b3(c0,m0,n1, attendVote=true, lastRpcSendTime=2501, lastRpcResponseTime=7522) yet, just keep nextIndex unchanged and retry.
2021-11-15 10:01:33,684 [a90e3e6e-a337-4ecb-a7be-5aa85bd5c784@group-B155B082459A-LeaderElection34] INFO  impl.LeaderElection (LogUtils.java:infoOrTrace(137)) - a90e3e6e-a337-4ecb-a7be-5aa85bd5c784@group-B155B082459A-LeaderElection34 got exception when requesting votes: java.util.concurrent.ExecutionException: org.apache.ratis.thirdparty.io.grpc.StatusRuntimeException: UNAVAILABLE: io exception
2021-11-15 10:01:33,686 [grpc-default-executor-3] INFO  server.RaftServer$Division (RaftServerImpl.java:requestVote(1046)) - acb9c8cb-4d3e-4a6b-b679-e47efd30f020@group-B155B082459A: receive requestVote(ELECTION, a90e3e6e-a337-4ecb-a7be-5aa85bd5c784, group-B155B082459A, 8, (t:7, i:0))
2021-11-15 10:01:33,686 [grpc-default-executor-3] INFO  impl.VoteContext (VoteContext.java:log(48)) - acb9c8cb-4d3e-4a6b-b679-e47efd30f020@group-B155B082459A-FOLLOWER: accept ELECTION from a90e3e6e-a337-4ecb-a7be-5aa85bd5c784: our priority 0 <= candidate's priority 0
2021-11-15 10:01:33,686 [grpc-default-executor-3] INFO  server.RaftServer$Division (ServerState.java:setLeader(285)) - acb9c8cb-4d3e-4a6b-b679-e47efd30f020@group-B155B082459A: change Leader from d804d820-4532-49b1-b366-ad6b8b9e72b3 to null at term 8 for updateCurrentTerm
2021-11-15 10:01:33,686 [grpc-default-executor-3] INFO  server.RaftServer$Division (RaftServerImpl.java:setRole(290)) - acb9c8cb-4d3e-4a6b-b679-e47efd30f020@group-B155B082459A: changes role from  FOLLOWER to FOLLOWER at term 8 for candidate:a90e3e6e-a337-4ecb-a7be-5aa85bd5c784
2021-11-15 10:01:33,687 [grpc-default-executor-3] INFO  impl.RoleInfo (RoleInfo.java:shutdownFollowerState(108)) - acb9c8cb-4d3e-4a6b-b679-e47efd30f020: shutdown acb9c8cb-4d3e-4a6b-b679-e47efd30f020@group-B155B082459A-FollowerState
2021-11-15 10:01:33,687 [grpc-default-executor-3] INFO  impl.RoleInfo (RoleInfo.java:updateAndGet(130)) - acb9c8cb-4d3e-4a6b-b679-e47efd30f020: start acb9c8cb-4d3e-4a6b-b679-e47efd30f020@group-B155B082459A-FollowerState
2021-11-15 10:01:33,687 [acb9c8cb-4d3e-4a6b-b679-e47efd30f020@group-B155B082459A-FollowerState] INFO  impl.FollowerState (FollowerState.java:run(143)) - acb9c8cb-4d3e-4a6b-b679-e47efd30f020@group-B155B082459A-FollowerState was interrupted: {}
java.lang.InterruptedException: sleep interrupted
	at java.lang.Thread.sleep(Native Method)
	at java.lang.Thread.sleep(Thread.java:340)
	at java.util.concurrent.TimeUnit.sleep(TimeUnit.java:386)
	at org.apache.ratis.util.TimeDuration.sleep(TimeDuration.java:324)
	at org.apache.ratis.util.TimeDuration.sleep(TimeDuration.java:309)
	at org.apache.ratis.server.impl.FollowerState.run(FollowerState.java:118)
2021-11-15 10:01:33,695 [grpc-default-executor-3] INFO  server.RaftServer$Division (RaftServerImpl.java:requestVote(1078)) - acb9c8cb-4d3e-4a6b-b679-e47efd30f020@group-B155B082459A replies to ELECTION vote request: a90e3e6e-a337-4ecb-a7be-5aa85bd5c784<-acb9c8cb-4d3e-4a6b-b679-e47efd30f020#0:OK-t8. Peer's state: acb9c8cb-4d3e-4a6b-b679-e47efd30f020@group-B155B082459A:t8, leader=null, voted=a90e3e6e-a337-4ecb-a7be-5aa85bd5c784, raftlog=acb9c8cb-4d3e-4a6b-b679-e47efd30f020@group-B155B082459A-SegmentedRaftLog:OPENED:c0, conf=0: [d804d820-4532-49b1-b366-ad6b8b9e72b3|rpc:10.1.0.56:37399|dataStream:|priority:1, a90e3e6e-a337-4ecb-a7be-5aa85bd5c784|rpc:10.1.0.56:44193|dataStream:|priority:0, acb9c8cb-4d3e-4a6b-b679-e47efd30f020|rpc:10.1.0.56:33205|dataStream:|priority:0], old=null
2021-11-15 10:01:33,696 [a90e3e6e-a337-4ecb-a7be-5aa85bd5c784@group-B155B082459A-LeaderElection34] INFO  impl.LeaderElection (LeaderElection.java:logAndReturn(89)) - a90e3e6e-a337-4ecb-a7be-5aa85bd5c784@group-B155B082459A-LeaderElection34: ELECTION PASSED received 1 response(s) and 1 exception(s):
2021-11-15 10:01:33,696 [a90e3e6e-a337-4ecb-a7be-5aa85bd5c784@group-B155B082459A-LeaderElection34] INFO  impl.LeaderElection (LeaderElection.java:logAndReturn(93)) -   Response 0: a90e3e6e-a337-4ecb-a7be-5aa85bd5c784<-acb9c8cb-4d3e-4a6b-b679-e47efd30f020#0:OK-t8
2021-11-15 10:01:33,696 [a90e3e6e-a337-4ecb-a7be-5aa85bd5c784@group-B155B082459A-LeaderElection34] INFO  impl.LeaderElection (LogUtils.java:infoOrTrace(137)) -   Exception 1: java.util.concurrent.ExecutionException: org.apache.ratis.thirdparty.io.grpc.StatusRuntimeException: UNAVAILABLE: io exception
2021-11-15 10:01:33,696 [a90e3e6e-a337-4ecb-a7be-5aa85bd5c784@group-B155B082459A-LeaderElection34] INFO  impl.LeaderElection (LeaderElection.java:askForVotes(308)) - a90e3e6e-a337-4ecb-a7be-5aa85bd5c784@group-B155B082459A-LeaderElection34 ELECTION round 0: result PASSED
2021-11-15 10:01:33,696 [a90e3e6e-a337-4ecb-a7be-5aa85bd5c784@group-B155B082459A-LeaderElection34] INFO  impl.RoleInfo (RoleInfo.java:shutdownLeaderElection(121)) - a90e3e6e-a337-4ecb-a7be-5aa85bd5c784: shutdown a90e3e6e-a337-4ecb-a7be-5aa85bd5c784@group-B155B082459A-LeaderElection34
2021-11-15 10:01:33,696 [a90e3e6e-a337-4ecb-a7be-5aa85bd5c784@group-B155B082459A-LeaderElection34] INFO  server.RaftServer$Division (RaftServerImpl.java:setRole(290)) - a90e3e6e-a337-4ecb-a7be-5aa85bd5c784@group-B155B082459A: changes role from CANDIDATE to LEADER at term 8 for changeToLeader
2021-11-15 10:01:33,696 [a90e3e6e-a337-4ecb-a7be-5aa85bd5c784@group-B155B082459A-LeaderElection34] INFO  ratis.XceiverServerRatis (XceiverServerRatis.java:handleLeaderChangedNotification(866)) - Leader change notification received for group: group-B155B082459A with new leaderId: a90e3e6e-a337-4ecb-a7be-5aa85bd5c784
2021-11-15 10:01:33,696 [a90e3e6e-a337-4ecb-a7be-5aa85bd5c784@group-B155B082459A-LeaderElection34] INFO  server.RaftServer$Division (ServerState.java:setLeader(285)) - a90e3e6e-a337-4ecb-a7be-5aa85bd5c784@group-B155B082459A: change Leader from null to a90e3e6e-a337-4ecb-a7be-5aa85bd5c784 at term 8 for becomeLeader, leader elected after 40ms
2021-11-15 10:01:33,696 [a90e3e6e-a337-4ecb-a7be-5aa85bd5c784@group-B155B082459A-LeaderElection34] INFO  server.RaftServerConfigKeys (ConfUtils.java:logGet(44)) - raft.server.staging.catchup.gap = 1000 (default)
2021-11-15 10:01:33,697 [a90e3e6e-a337-4ecb-a7be-5aa85bd5c784@group-B155B082459A-LeaderElection34] INFO  server.RaftServerConfigKeys (ConfUtils.java:logGet(44)) - raft.server.write.element-limit = 1024 (custom)
2021-11-15 10:01:33,697 [a90e3e6e-a337-4ecb-a7be-5aa85bd5c784@group-B155B082459A-LeaderElection34] INFO  server.RaftServerConfigKeys (ConfUtils.java:logGet(44)) - raft.server.write.byte-limit = 1024 M (=1073741824) (custom)
2021-11-15 10:01:33,697 [a90e3e6e-a337-4ecb-a7be-5aa85bd5c784@group-B155B082459A-LeaderElection34] INFO  server.RaftServerConfigKeys (ConfUtils.java:logGet(44)) - raft.server.watch.timeout = 3000ms (custom)
2021-11-15 10:01:33,697 [a90e3e6e-a337-4ecb-a7be-5aa85bd5c784@group-B155B082459A-LeaderElection34] INFO  server.RaftServerConfigKeys (ConfUtils.java:logGet(44)) - raft.server.watch.timeout.denomination = 1s (default)
2021-11-15 10:01:33,697 [a90e3e6e-a337-4ecb-a7be-5aa85bd5c784@group-B155B082459A-LeaderElection34] INFO  server.RaftServerConfigKeys (ConfUtils.java:logGet(44)) - raft.server.watch.element-limit = 65536 (default)
2021-11-15 10:01:33,697 [a90e3e6e-a337-4ecb-a7be-5aa85bd5c784@group-B155B082459A-LeaderElection34] INFO  server.RaftServerConfigKeys (ConfUtils.java:logGet(44)) - raft.server.write.element-limit = 1024 (custom)
2021-11-15 10:01:33,697 [a90e3e6e-a337-4ecb-a7be-5aa85bd5c784@group-B155B082459A-LeaderElection34] INFO  server.RaftServerConfigKeys (ConfUtils.java:logGet(44)) - raft.server.write.follower.gap.ratio.max = -1.0 (default)
2021-11-15 10:01:33,697 [a90e3e6e-a337-4ecb-a7be-5aa85bd5c784@group-B155B082459A-LeaderElection34] INFO  server.RaftServerConfigKeys (ConfUtils.java:logGet(44)) - raft.server.log.appender.snapshot.chunk.size.max = 16MB (=16777216) (default)
2021-11-15 10:01:33,697 [a90e3e6e-a337-4ecb-a7be-5aa85bd5c784@group-B155B082459A-LeaderElection34] INFO  server.RaftServerConfigKeys (ConfUtils.java:logGet(44)) - raft.server.log.appender.buffer.byte-limit = 33554432 (custom)
2021-11-15 10:01:33,697 [a90e3e6e-a337-4ecb-a7be-5aa85bd5c784@group-B155B082459A-LeaderElection34] INFO  server.RaftServerConfigKeys (ConfUtils.java:logGet(44)) - raft.server.log.appender.buffer.element-limit = 1 (custom)
2021-11-15 10:01:33,697 [a90e3e6e-a337-4ecb-a7be-5aa85bd5c784@group-B155B082459A-LeaderElection34] INFO  grpc.GrpcConfigKeys (ConfUtils.java:logGet(44)) - raft.grpc.server.leader.outstanding.appends.max = 128 (default)
2021-11-15 10:01:33,697 [a90e3e6e-a337-4ecb-a7be-5aa85bd5c784@group-B155B082459A-LeaderElection34] INFO  server.RaftServerConfigKeys (ConfUtils.java:logGet(44)) - raft.server.rpc.request.timeout = 3000ms (default)
2021-11-15 10:01:33,697 [a90e3e6e-a337-4ecb-a7be-5aa85bd5c784@group-B155B082459A-LeaderElection34] INFO  server.RaftServerConfigKeys (ConfUtils.java:logGet(44)) - raft.server.log.appender.install.snapshot.enabled = false (custom)
2021-11-15 10:01:33,698 [a90e3e6e-a337-4ecb-a7be-5aa85bd5c784@group-B155B082459A-LeaderElection34] INFO  server.RaftServerConfigKeys (ConfUtils.java:logGet(44)) - raft.server.log.appender.snapshot.chunk.size.max = 16MB (=16777216) (default)
2021-11-15 10:01:33,698 [a90e3e6e-a337-4ecb-a7be-5aa85bd5c784@group-B155B082459A-LeaderElection34] INFO  server.RaftServerConfigKeys (ConfUtils.java:logGet(44)) - raft.server.log.appender.buffer.byte-limit = 33554432 (custom)
2021-11-15 10:01:33,698 [a90e3e6e-a337-4ecb-a7be-5aa85bd5c784@group-B155B082459A-LeaderElection34] INFO  server.RaftServerConfigKeys (ConfUtils.java:logGet(44)) - raft.server.log.appender.buffer.element-limit = 1 (custom)
2021-11-15 10:01:33,698 [a90e3e6e-a337-4ecb-a7be-5aa85bd5c784@group-B155B082459A-LeaderElection34] INFO  grpc.GrpcConfigKeys (ConfUtils.java:logGet(44)) - raft.grpc.server.leader.outstanding.appends.max = 128 (default)
2021-11-15 10:01:33,698 [a90e3e6e-a337-4ecb-a7be-5aa85bd5c784@group-B155B082459A-LeaderElection34] INFO  server.RaftServerConfigKeys (ConfUtils.java:logGet(44)) - raft.server.rpc.request.timeout = 3000ms (default)
2021-11-15 10:01:33,698 [a90e3e6e-a337-4ecb-a7be-5aa85bd5c784@group-B155B082459A-LeaderElection34] INFO  server.RaftServerConfigKeys (ConfUtils.java:logGet(44)) - raft.server.log.appender.install.snapshot.enabled = false (custom)
2021-11-15 10:01:33,699 [a90e3e6e-a337-4ecb-a7be-5aa85bd5c784@group-B155B082459A-LeaderElection34] INFO  impl.RoleInfo (RoleInfo.java:updateAndGet(130)) - a90e3e6e-a337-4ecb-a7be-5aa85bd5c784: start a90e3e6e-a337-4ecb-a7be-5aa85bd5c784@group-B155B082459A-LeaderStateImpl
2021-11-15 10:01:33,700 [a90e3e6e-a337-4ecb-a7be-5aa85bd5c784@group-B155B082459A-LeaderElection34] INFO  segmented.SegmentedRaftLogWorker (SegmentedRaftLogWorker.java:rollLogSegment(399)) - a90e3e6e-a337-4ecb-a7be-5aa85bd5c784@group-B155B082459A-SegmentedRaftLogWorker: Rolling segment log-0_0 to index:0
2021-11-15 10:01:33,701 [a90e3e6e-a337-4ecb-a7be-5aa85bd5c784@group-B155B082459A-SegmentedRaftLogWorker] INFO  segmented.SegmentedRaftLogWorker (SegmentedRaftLogWorker.java:execute(558)) - a90e3e6e-a337-4ecb-a7be-5aa85bd5c784@group-B155B082459A-SegmentedRaftLogWorker: Rolled log segment from /home/runner/work/ozone/ozone/hadoop-ozone/integration-test/target/test-dir/MiniOzoneClusterImpl-b6bde346-cb55-4fad-bd7f-e1da966a93e7/datanode-5/data/ratis/1f5a01c6-6721-4b5d-82bc-b155b082459a/current/log_inprogress_0 to /home/runner/work/ozone/ozone/hadoop-ozone/integration-test/target/test-dir/MiniOzoneClusterImpl-b6bde346-cb55-4fad-bd7f-e1da966a93e7/datanode-5/data/ratis/1f5a01c6-6721-4b5d-82bc-b155b082459a/current/log_0-0
2021-11-15 10:01:33,703 [a90e3e6e-a337-4ecb-a7be-5aa85bd5c784@group-B155B082459A-SegmentedRaftLogWorker] INFO  segmented.SegmentedRaftLogWorker (SegmentedRaftLogWorker.java:execute(601)) - a90e3e6e-a337-4ecb-a7be-5aa85bd5c784@group-B155B082459A-SegmentedRaftLogWorker: created new log segment /home/runner/work/ozone/ozone/hadoop-ozone/integration-test/target/test-dir/MiniOzoneClusterImpl-b6bde346-cb55-4fad-bd7f-e1da966a93e7/datanode-5/data/ratis/1f5a01c6-6721-4b5d-82bc-b155b082459a/current/log_inprogress_1
2021-11-15 10:01:33,730 [grpc-default-executor-3] INFO  ratis.XceiverServerRatis (XceiverServerRatis.java:handleLeaderChangedNotification(866)) - Leader change notification received for group: group-B155B082459A with new leaderId: a90e3e6e-a337-4ecb-a7be-5aa85bd5c784
2021-11-15 10:01:33,730 [grpc-default-executor-3] INFO  server.RaftServer$Division (ServerState.java:setLeader(285)) - acb9c8cb-4d3e-4a6b-b679-e47efd30f020@group-B155B082459A: change Leader from null to a90e3e6e-a337-4ecb-a7be-5aa85bd5c784 at term 8 for appendEntries, leader elected after 43ms
2021-11-15 10:01:33,733 [a90e3e6e-a337-4ecb-a7be-5aa85bd5c784@group-B155B082459A-LeaderElection34] INFO  server.RaftServer$Division (ServerState.java:setRaftConf(387)) - a90e3e6e-a337-4ecb-a7be-5aa85bd5c784@group-B155B082459A: set configuration 1: [d804d820-4532-49b1-b366-ad6b8b9e72b3|rpc:10.1.0.56:37399|dataStream:|priority:1, a90e3e6e-a337-4ecb-a7be-5aa85bd5c784|rpc:10.1.0.56:44193|dataStream:|priority:0, acb9c8cb-4d3e-4a6b-b679-e47efd30f020|rpc:10.1.0.56:33205|dataStream:|priority:0], old=null
2021-11-15 10:01:33,733 [grpc-default-executor-1] WARN  server.GrpcLogAppender (LogUtils.java:warn(122)) - a90e3e6e-a337-4ecb-a7be-5aa85bd5c784@group-B155B082459A->d804d820-4532-49b1-b366-ad6b8b9e72b3-AppendLogResponseHandler: Failed appendEntries: org.apache.ratis.thirdparty.io.grpc.StatusRuntimeException: UNAVAILABLE: io exception
2021-11-15 10:01:33,734 [grpc-default-executor-1] WARN  server.GrpcLogAppender (GrpcLogAppender.java:resetClient(110)) - a90e3e6e-a337-4ecb-a7be-5aa85bd5c784@group-B155B082459A->d804d820-4532-49b1-b366-ad6b8b9e72b3-GrpcLogAppender: Leader has not got in touch with Follower a90e3e6e-a337-4ecb-a7be-5aa85bd5c784@group-B155B082459A->d804d820-4532-49b1-b366-ad6b8b9e72b3(c-1,m0,n1, attendVote=true, lastRpcSendTime=5236, lastRpcResponseTime=5236) yet, just keep nextIndex unchanged and retry.
2021-11-15 10:01:33,735 [grpc-default-executor-1] WARN  server.GrpcLogAppender (LogUtils.java:warn(122)) - a90e3e6e-a337-4ecb-a7be-5aa85bd5c784@group-B155B082459A->d804d820-4532-49b1-b366-ad6b8b9e72b3-AppendLogResponseHandler: Failed appendEntries: org.apache.ratis.thirdparty.io.grpc.StatusRuntimeException: UNAVAILABLE: io exception
2021-11-15 10:01:33,735 [grpc-default-executor-1] WARN  server.GrpcLogAppender (GrpcLogAppender.java:resetClient(110)) - a90e3e6e-a337-4ecb-a7be-5aa85bd5c784@group-B155B082459A->d804d820-4532-49b1-b366-ad6b8b9e72b3-GrpcLogAppender: Leader has not got in touch with Follower a90e3e6e-a337-4ecb-a7be-5aa85bd5c784@group-B155B082459A->d804d820-4532-49b1-b366-ad6b8b9e72b3(c-1,m0,n2, attendVote=true, lastRpcSendTime=0, lastRpcResponseTime=5237) yet, just keep nextIndex unchanged and retry.
2021-11-15 10:01:33,755 [grpc-default-executor-3] INFO  server.RaftServer$Division (ServerState.java:setRaftConf(387)) - acb9c8cb-4d3e-4a6b-b679-e47efd30f020@group-B155B082459A: set configuration 1: [d804d820-4532-49b1-b366-ad6b8b9e72b3|rpc:10.1.0.56:37399|dataStream:|priority:1, a90e3e6e-a337-4ecb-a7be-5aa85bd5c784|rpc:10.1.0.56:44193|dataStream:|priority:0, acb9c8cb-4d3e-4a6b-b679-e47efd30f020|rpc:10.1.0.56:33205|dataStream:|priority:0], old=null
2021-11-15 10:01:33,755 [grpc-default-executor-3] INFO  segmented.SegmentedRaftLogWorker (SegmentedRaftLogWorker.java:rollLogSegment(399)) - acb9c8cb-4d3e-4a6b-b679-e47efd30f020@group-B155B082459A-SegmentedRaftLogWorker: Rolling segment log-0_0 to index:0
2021-11-15 10:01:33,756 [acb9c8cb-4d3e-4a6b-b679-e47efd30f020@group-B155B082459A-SegmentedRaftLogWorker] INFO  segmented.SegmentedRaftLogWorker (SegmentedRaftLogWorker.java:execute(558)) - acb9c8cb-4d3e-4a6b-b679-e47efd30f020@group-B155B082459A-SegmentedRaftLogWorker: Rolled log segment from /home/runner/work/ozone/ozone/hadoop-ozone/integration-test/target/test-dir/MiniOzoneClusterImpl-b6bde346-cb55-4fad-bd7f-e1da966a93e7/datanode-3/data/ratis/1f5a01c6-6721-4b5d-82bc-b155b082459a/current/log_inprogress_0 to /home/runner/work/ozone/ozone/hadoop-ozone/integration-test/target/test-dir/MiniOzoneClusterImpl-b6bde346-cb55-4fad-bd7f-e1da966a93e7/datanode-3/data/ratis/1f5a01c6-6721-4b5d-82bc-b155b082459a/current/log_0-0
2021-11-15 10:01:33,758 [acb9c8cb-4d3e-4a6b-b679-e47efd30f020@group-B155B082459A-SegmentedRaftLogWorker] INFO  segmented.SegmentedRaftLogWorker (SegmentedRaftLogWorker.java:execute(601)) - acb9c8cb-4d3e-4a6b-b679-e47efd30f020@group-B155B082459A-SegmentedRaftLogWorker: created new log segment /home/runner/work/ozone/ozone/hadoop-ozone/integration-test/target/test-dir/MiniOzoneClusterImpl-b6bde346-cb55-4fad-bd7f-e1da966a93e7/datanode-3/data/ratis/1f5a01c6-6721-4b5d-82bc-b155b082459a/current/log_inprogress_1
2021-11-15 10:01:33,804 [grpc-default-executor-3] WARN  server.GrpcLogAppender (LogUtils.java:warn(122)) - a90e3e6e-a337-4ecb-a7be-5aa85bd5c784@group-B155B082459A->d804d820-4532-49b1-b366-ad6b8b9e72b3-AppendLogResponseHandler: Failed appendEntries: org.apache.ratis.thirdparty.io.grpc.StatusRuntimeException: UNAVAILABLE: io exception
2021-11-15 10:01:33,805 [grpc-default-executor-3] WARN  server.GrpcLogAppender (GrpcLogAppender.java:resetClient(110)) - a90e3e6e-a337-4ecb-a7be-5aa85bd5c784@group-B155B082459A->d804d820-4532-49b1-b366-ad6b8b9e72b3-GrpcLogAppender: Leader has not got in touch with Follower a90e3e6e-a337-4ecb-a7be-5aa85bd5c784@group-B155B082459A->d804d820-4532-49b1-b366-ad6b8b9e72b3(c-1,m0,n3, attendVote=true, lastRpcSendTime=69, lastRpcResponseTime=5307) yet, just keep nextIndex unchanged and retry.
2021-11-15 10:01:35,231 [Listener at 127.0.0.1/43215] INFO  ozoneimpl.OzoneContainer (OzoneContainer.java:stop(325)) - Attempting to stop container services.
2021-11-15 10:01:35,232 [Listener at 127.0.0.1/43215] INFO  server.RaftServer (RaftServerProxy.java:lambda$close$6(391)) - acb9c8cb-4d3e-4a6b-b679-e47efd30f020: close
2021-11-15 10:01:35,232 [Listener at 127.0.0.1/43215] INFO  server.RaftServer$Division (RaftServerImpl.java:lambda$close$4(412)) - acb9c8cb-4d3e-4a6b-b679-e47efd30f020@group-B155B082459A: shutdown
2021-11-15 10:01:35,232 [Listener at 127.0.0.1/43215] INFO  util.JmxRegister (JmxRegister.java:unregister(73)) - Successfully un-registered JMX Bean with object name Ratis:service=RaftServer,group=group-B155B082459A,id=acb9c8cb-4d3e-4a6b-b679-e47efd30f020
2021-11-15 10:01:35,232 [Listener at 127.0.0.1/43215] INFO  impl.RoleInfo (RoleInfo.java:shutdownFollowerState(108)) - acb9c8cb-4d3e-4a6b-b679-e47efd30f020: shutdown acb9c8cb-4d3e-4a6b-b679-e47efd30f020@group-B155B082459A-FollowerState
2021-11-15 10:01:35,232 [Listener at 127.0.0.1/43215] INFO  impl.StateMachineUpdater (StateMachineUpdater.java:stopAndJoin(149)) - acb9c8cb-4d3e-4a6b-b679-e47efd30f020@group-B155B082459A-StateMachineUpdater: set stopIndex = 1
2021-11-15 10:01:35,232 [acb9c8cb-4d3e-4a6b-b679-e47efd30f020@group-B155B082459A-StateMachineUpdater] INFO  ratis.ContainerStateMachine (ContainerStateMachine.java:takeSnapshot(292)) - group-B155B082459A: Taking a snapshot at:(t:8, i:1) file /home/runner/work/ozone/ozone/hadoop-ozone/integration-test/target/test-dir/MiniOzoneClusterImpl-b6bde346-cb55-4fad-bd7f-e1da966a93e7/datanode-3/data/ratis/1f5a01c6-6721-4b5d-82bc-b155b082459a/sm/snapshot.8_1
2021-11-15 10:01:35,233 [acb9c8cb-4d3e-4a6b-b679-e47efd30f020@group-B155B082459A-StateMachineUpdater] INFO  ratis.ContainerStateMachine (ContainerStateMachine.java:takeSnapshot(303)) - group-B155B082459A: Finished taking a snapshot at:(t:8, i:1) file:/home/runner/work/ozone/ozone/hadoop-ozone/integration-test/target/test-dir/MiniOzoneClusterImpl-b6bde346-cb55-4fad-bd7f-e1da966a93e7/datanode-3/data/ratis/1f5a01c6-6721-4b5d-82bc-b155b082459a/sm/snapshot.8_1 took: 1 ms
2021-11-15 10:01:35,234 [acb9c8cb-4d3e-4a6b-b679-e47efd30f020@group-B155B082459A-StateMachineUpdater] INFO  impl.StateMachineUpdater (StateMachineUpdater.java:takeSnapshot(281)) - acb9c8cb-4d3e-4a6b-b679-e47efd30f020@group-B155B082459A-StateMachineUpdater: Took a snapshot at index 1
2021-11-15 10:01:35,234 [acb9c8cb-4d3e-4a6b-b679-e47efd30f020@group-B155B082459A-StateMachineUpdater] INFO  impl.StateMachineUpdater (StateMachineUpdater.java:lambda$new$0(89)) - acb9c8cb-4d3e-4a6b-b679-e47efd30f020@group-B155B082459A-StateMachineUpdater: snapshotIndex: updateIncreasingly -1 -> 1
2021-11-15 10:01:35,232 [acb9c8cb-4d3e-4a6b-b679-e47efd30f020@group-B155B082459A-FollowerState] INFO  impl.FollowerState (FollowerState.java:run(143)) - acb9c8cb-4d3e-4a6b-b679-e47efd30f020@group-B155B082459A-FollowerState was interrupted: {}
java.lang.InterruptedException: sleep interrupted
	at java.lang.Thread.sleep(Native Method)
	at java.lang.Thread.sleep(Thread.java:340)
	at java.util.concurrent.TimeUnit.sleep(TimeUnit.java:386)
	at org.apache.ratis.util.TimeDuration.sleep(TimeDuration.java:324)
	at org.apache.ratis.util.TimeDuration.sleep(TimeDuration.java:309)
	at org.apache.ratis.server.impl.FollowerState.run(FollowerState.java:118)
2021-11-15 10:01:35,234 [Listener at 127.0.0.1/43215] INFO  server.RaftServer$Division (ServerState.java:close(419)) - acb9c8cb-4d3e-4a6b-b679-e47efd30f020@group-B155B082459A: closes. applyIndex: 1
2021-11-15 10:01:35,235 [acb9c8cb-4d3e-4a6b-b679-e47efd30f020@group-B155B082459A-SegmentedRaftLogWorker] INFO  segmented.SegmentedRaftLogWorker (SegmentedRaftLogWorker.java:run(327)) - acb9c8cb-4d3e-4a6b-b679-e47efd30f020@group-B155B082459A-SegmentedRaftLogWorker was interrupted, exiting. There are 0 tasks remaining in the queue.
2021-11-15 10:01:35,243 [Listener at 127.0.0.1/43215] INFO  segmented.SegmentedRaftLogWorker (SegmentedRaftLogWorker.java:close(237)) - acb9c8cb-4d3e-4a6b-b679-e47efd30f020@group-B155B082459A-SegmentedRaftLogWorker close()
2021-11-15 10:01:35,259 [Listener at 127.0.0.1/43215] INFO  server.RaftServer$Division (RaftServerImpl.java:lambda$close$4(412)) - acb9c8cb-4d3e-4a6b-b679-e47efd30f020@group-D8201B1CC174: shutdown
2021-11-15 10:01:35,260 [Listener at 127.0.0.1/43215] INFO  util.JmxRegister (JmxRegister.java:unregister(73)) - Successfully un-registered JMX Bean with object name Ratis:service=RaftServer,group=group-D8201B1CC174,id=acb9c8cb-4d3e-4a6b-b679-e47efd30f020
2021-11-15 10:01:35,260 [Listener at 127.0.0.1/43215] INFO  impl.RoleInfo (RoleInfo.java:shutdownLeaderState(91)) - acb9c8cb-4d3e-4a6b-b679-e47efd30f020: shutdown acb9c8cb-4d3e-4a6b-b679-e47efd30f020@group-D8201B1CC174-LeaderStateImpl
2021-11-15 10:01:35,260 [Listener at 127.0.0.1/43215] INFO  impl.PendingRequests (PendingRequests.java:sendNotLeaderResponses(282)) - acb9c8cb-4d3e-4a6b-b679-e47efd30f020@group-D8201B1CC174-PendingRequests: sendNotLeaderResponses
2021-11-15 10:01:35,261 [Listener at 127.0.0.1/43215] INFO  impl.StateMachineUpdater (StateMachineUpdater.java:stopAndJoin(149)) - acb9c8cb-4d3e-4a6b-b679-e47efd30f020@group-D8201B1CC174-StateMachineUpdater: set stopIndex = 0
2021-11-15 10:01:35,261 [acb9c8cb-4d3e-4a6b-b679-e47efd30f020@group-D8201B1CC174-StateMachineUpdater] INFO  ratis.ContainerStateMachine (ContainerStateMachine.java:takeSnapshot(292)) - group-D8201B1CC174: Taking a snapshot at:(t:1, i:0) file /home/runner/work/ozone/ozone/hadoop-ozone/integration-test/target/test-dir/MiniOzoneClusterImpl-b6bde346-cb55-4fad-bd7f-e1da966a93e7/datanode-3/data/ratis/fba2739a-12c0-4f52-b7e7-d8201b1cc174/sm/snapshot.1_0
2021-11-15 10:01:35,261 [ForkJoinPool.commonPool-worker-1] INFO  ozoneimpl.OzoneContainer (OzoneContainer.java:stop(325)) - Attempting to stop container services.
2021-11-15 10:01:35,266 [ForkJoinPool.commonPool-worker-1] INFO  server.RaftServer (RaftServerProxy.java:lambda$close$6(391)) - 4ed92f53-76e0-46e3-b547-b2697051b404: close
2021-11-15 10:01:35,266 [ForkJoinPool.commonPool-worker-1] INFO  server.RaftServer$Division (RaftServerImpl.java:lambda$close$4(412)) - 4ed92f53-76e0-46e3-b547-b2697051b404@group-59175B6EB48B: shutdown
2021-11-15 10:01:35,266 [ForkJoinPool.commonPool-worker-1] INFO  util.JmxRegister (JmxRegister.java:unregister(73)) - Successfully un-registered JMX Bean with object name Ratis:service=RaftServer,group=group-59175B6EB48B,id=4ed92f53-76e0-46e3-b547-b2697051b404
2021-11-15 10:01:35,266 [ForkJoinPool.commonPool-worker-1] INFO  impl.RoleInfo (RoleInfo.java:shutdownLeaderState(91)) - 4ed92f53-76e0-46e3-b547-b2697051b404: shutdown 4ed92f53-76e0-46e3-b547-b2697051b404@group-59175B6EB48B-LeaderStateImpl
2021-11-15 10:01:35,266 [ForkJoinPool.commonPool-worker-1] INFO  impl.PendingRequests (PendingRequests.java:sendNotLeaderResponses(282)) - 4ed92f53-76e0-46e3-b547-b2697051b404@group-59175B6EB48B-PendingRequests: sendNotLeaderResponses
2021-11-15 10:01:35,267 [acb9c8cb-4d3e-4a6b-b679-e47efd30f020@group-D8201B1CC174-StateMachineUpdater] INFO  ratis.ContainerStateMachine (ContainerStateMachine.java:takeSnapshot(303)) - group-D8201B1CC174: Finished taking a snapshot at:(t:1, i:0) file:/home/runner/work/ozone/ozone/hadoop-ozone/integration-test/target/test-dir/MiniOzoneClusterImpl-b6bde346-cb55-4fad-bd7f-e1da966a93e7/datanode-3/data/ratis/fba2739a-12c0-4f52-b7e7-d8201b1cc174/sm/snapshot.1_0 took: 6 ms
2021-11-15 10:01:35,267 [acb9c8cb-4d3e-4a6b-b679-e47efd30f020@group-D8201B1CC174-StateMachineUpdater] INFO  impl.StateMachineUpdater (StateMachineUpdater.java:takeSnapshot(281)) - acb9c8cb-4d3e-4a6b-b679-e47efd30f020@group-D8201B1CC174-StateMachineUpdater: Took a snapshot at index 0
2021-11-15 10:01:35,267 [acb9c8cb-4d3e-4a6b-b679-e47efd30f020@group-D8201B1CC174-StateMachineUpdater] INFO  impl.StateMachineUpdater (StateMachineUpdater.java:lambda$new$0(89)) - acb9c8cb-4d3e-4a6b-b679-e47efd30f020@group-D8201B1CC174-StateMachineUpdater: snapshotIndex: updateIncreasingly -1 -> 0
2021-11-15 10:01:35,267 [Listener at 127.0.0.1/43215] INFO  server.RaftServer$Division (ServerState.java:close(419)) - acb9c8cb-4d3e-4a6b-b679-e47efd30f020@group-D8201B1CC174: closes. applyIndex: 0
2021-11-15 10:01:35,268 [acb9c8cb-4d3e-4a6b-b679-e47efd30f020@group-D8201B1CC174-SegmentedRaftLogWorker] INFO  segmented.SegmentedRaftLogWorker (SegmentedRaftLogWorker.java:run(327)) - acb9c8cb-4d3e-4a6b-b679-e47efd30f020@group-D8201B1CC174-SegmentedRaftLogWorker was interrupted, exiting. There are 0 tasks remaining in the queue.
2021-11-15 10:01:35,268 [ForkJoinPool.commonPool-worker-1] INFO  impl.StateMachineUpdater (StateMachineUpdater.java:stopAndJoin(149)) - 4ed92f53-76e0-46e3-b547-b2697051b404@group-59175B6EB48B-StateMachineUpdater: set stopIndex = 0
2021-11-15 10:01:35,268 [4ed92f53-76e0-46e3-b547-b2697051b404@group-59175B6EB48B-StateMachineUpdater] INFO  ratis.ContainerStateMachine (ContainerStateMachine.java:takeSnapshot(292)) - group-59175B6EB48B: Taking a snapshot at:(t:1, i:0) file /home/runner/work/ozone/ozone/hadoop-ozone/integration-test/target/test-dir/MiniOzoneClusterImpl-b6bde346-cb55-4fad-bd7f-e1da966a93e7/datanode-6/data/ratis/6f5caada-dd82-4907-9449-59175b6eb48b/sm/snapshot.1_0
2021-11-15 10:01:35,268 [Listener at 127.0.0.1/43215] INFO  segmented.SegmentedRaftLogWorker (SegmentedRaftLogWorker.java:close(237)) - acb9c8cb-4d3e-4a6b-b679-e47efd30f020@group-D8201B1CC174-SegmentedRaftLogWorker close()
2021-11-15 10:01:35,269 [4ed92f53-76e0-46e3-b547-b2697051b404@group-59175B6EB48B-StateMachineUpdater] INFO  ratis.ContainerStateMachine (ContainerStateMachine.java:takeSnapshot(303)) - group-59175B6EB48B: Finished taking a snapshot at:(t:1, i:0) file:/home/runner/work/ozone/ozone/hadoop-ozone/integration-test/target/test-dir/MiniOzoneClusterImpl-b6bde346-cb55-4fad-bd7f-e1da966a93e7/datanode-6/data/ratis/6f5caada-dd82-4907-9449-59175b6eb48b/sm/snapshot.1_0 took: 1 ms
2021-11-15 10:01:35,269 [4ed92f53-76e0-46e3-b547-b2697051b404@group-59175B6EB48B-StateMachineUpdater] INFO  impl.StateMachineUpdater (StateMachineUpdater.java:takeSnapshot(281)) - 4ed92f53-76e0-46e3-b547-b2697051b404@group-59175B6EB48B-StateMachineUpdater: Took a snapshot at index 0
2021-11-15 10:01:35,269 [4ed92f53-76e0-46e3-b547-b2697051b404@group-59175B6EB48B-StateMachineUpdater] INFO  impl.StateMachineUpdater (StateMachineUpdater.java:lambda$new$0(89)) - 4ed92f53-76e0-46e3-b547-b2697051b404@group-59175B6EB48B-StateMachineUpdater: snapshotIndex: updateIncreasingly -1 -> 0
2021-11-15 10:01:35,269 [ForkJoinPool.commonPool-worker-1] INFO  server.RaftServer$Division (ServerState.java:close(419)) - 4ed92f53-76e0-46e3-b547-b2697051b404@group-59175B6EB48B: closes. applyIndex: 0
2021-11-15 10:01:35,269 [4ed92f53-76e0-46e3-b547-b2697051b404@group-59175B6EB48B-SegmentedRaftLogWorker] INFO  segmented.SegmentedRaftLogWorker (SegmentedRaftLogWorker.java:run(327)) - 4ed92f53-76e0-46e3-b547-b2697051b404@group-59175B6EB48B-SegmentedRaftLogWorker was interrupted, exiting. There are 0 tasks remaining in the queue.
2021-11-15 10:01:35,270 [ForkJoinPool.commonPool-worker-1] INFO  segmented.SegmentedRaftLogWorker (SegmentedRaftLogWorker.java:close(237)) - 4ed92f53-76e0-46e3-b547-b2697051b404@group-59175B6EB48B-SegmentedRaftLogWorker close()
2021-11-15 10:01:35,275 [Listener at 127.0.0.1/43215] INFO  server.RaftServer$Division (RaftServerImpl.java:lambda$close$4(412)) - acb9c8cb-4d3e-4a6b-b679-e47efd30f020@group-4A8E582C3D20: shutdown
2021-11-15 10:01:35,276 [Listener at 127.0.0.1/43215] INFO  util.JmxRegister (JmxRegister.java:unregister(73)) - Successfully un-registered JMX Bean with object name Ratis:service=RaftServer,group=group-4A8E582C3D20,id=acb9c8cb-4d3e-4a6b-b679-e47efd30f020
2021-11-15 10:01:35,276 [Listener at 127.0.0.1/43215] INFO  impl.RoleInfo (RoleInfo.java:shutdownLeaderState(91)) - acb9c8cb-4d3e-4a6b-b679-e47efd30f020: shutdown acb9c8cb-4d3e-4a6b-b679-e47efd30f020@group-4A8E582C3D20-LeaderStateImpl
2021-11-15 10:01:35,276 [Listener at 127.0.0.1/43215] INFO  impl.PendingRequests (PendingRequests.java:sendNotLeaderResponses(282)) - acb9c8cb-4d3e-4a6b-b679-e47efd30f020@group-4A8E582C3D20-PendingRequests: sendNotLeaderResponses
2021-11-15 10:01:35,276 [Listener at 127.0.0.1/43215] INFO  impl.StateMachineUpdater (StateMachineUpdater.java:stopAndJoin(149)) - acb9c8cb-4d3e-4a6b-b679-e47efd30f020@group-4A8E582C3D20-StateMachineUpdater: set stopIndex = 0
2021-11-15 10:01:35,277 [acb9c8cb-4d3e-4a6b-b679-e47efd30f020@group-4A8E582C3D20-StateMachineUpdater] INFO  ratis.ContainerStateMachine (ContainerStateMachine.java:takeSnapshot(292)) - group-4A8E582C3D20: Taking a snapshot at:(t:8, i:0) file /home/runner/work/ozone/ozone/hadoop-ozone/integration-test/target/test-dir/MiniOzoneClusterImpl-b6bde346-cb55-4fad-bd7f-e1da966a93e7/datanode-3/data/ratis/ffb51486-03ca-44cc-98c1-4a8e582c3d20/sm/snapshot.8_0
2021-11-15 10:01:35,277 [acb9c8cb-4d3e-4a6b-b679-e47efd30f020@group-4A8E582C3D20->a90e3e6e-a337-4ecb-a7be-5aa85bd5c784-GrpcLogAppender-LogAppenderDaemon] WARN  server.GrpcLogAppender (GrpcLogAppender.java:mayWait(177)) - acb9c8cb-4d3e-4a6b-b679-e47efd30f020@group-4A8E582C3D20->a90e3e6e-a337-4ecb-a7be-5aa85bd5c784-GrpcLogAppender: Wait interrupted by java.lang.InterruptedException
2021-11-15 10:01:35,278 [acb9c8cb-4d3e-4a6b-b679-e47efd30f020@group-4A8E582C3D20-StateMachineUpdater] INFO  ratis.ContainerStateMachine (ContainerStateMachine.java:takeSnapshot(303)) - group-4A8E582C3D20: Finished taking a snapshot at:(t:8, i:0) file:/home/runner/work/ozone/ozone/hadoop-ozone/integration-test/target/test-dir/MiniOzoneClusterImpl-b6bde346-cb55-4fad-bd7f-e1da966a93e7/datanode-3/data/ratis/ffb51486-03ca-44cc-98c1-4a8e582c3d20/sm/snapshot.8_0 took: 1 ms
2021-11-15 10:01:35,278 [grpc-default-executor-1] INFO  server.GrpcServerProtocolService (GrpcServerProtocolService.java:onCompleted(140)) - a90e3e6e-a337-4ecb-a7be-5aa85bd5c784: Completed APPEND_ENTRIES, lastRequest: acb9c8cb-4d3e-4a6b-b679-e47efd30f020->a90e3e6e-a337-4ecb-a7be-5aa85bd5c784#1-t8,previous=(t:0, i:0),leaderCommit=-1,initializing? true,entries: size=1, first=(t:8, i:0), CONFIGURATIONENTRY
2021-11-15 10:01:35,278 [acb9c8cb-4d3e-4a6b-b679-e47efd30f020@group-4A8E582C3D20-StateMachineUpdater] INFO  impl.StateMachineUpdater (StateMachineUpdater.java:takeSnapshot(281)) - acb9c8cb-4d3e-4a6b-b679-e47efd30f020@group-4A8E582C3D20-StateMachineUpdater: Took a snapshot at index 0
2021-11-15 10:01:35,278 [acb9c8cb-4d3e-4a6b-b679-e47efd30f020@group-4A8E582C3D20-StateMachineUpdater] INFO  impl.StateMachineUpdater (StateMachineUpdater.java:lambda$new$0(89)) - acb9c8cb-4d3e-4a6b-b679-e47efd30f020@group-4A8E582C3D20-StateMachineUpdater: snapshotIndex: updateIncreasingly -1 -> 0
2021-11-15 10:01:35,279 [ForkJoinPool.commonPool-worker-1] INFO  server.GrpcService (GrpcService.java:closeImpl(262)) - 4ed92f53-76e0-46e3-b547-b2697051b404: shutdown server with port 44699 now
2021-11-15 10:01:35,280 [grpc-default-executor-3] INFO  server.GrpcLogAppender (GrpcLogAppender.java:onCompleted(346)) - acb9c8cb-4d3e-4a6b-b679-e47efd30f020@group-4A8E582C3D20->a90e3e6e-a337-4ecb-a7be-5aa85bd5c784-AppendLogResponseHandler: follower responses appendEntries COMPLETED
2021-11-15 10:01:35,281 [grpc-default-executor-3] INFO  leader.FollowerInfo (FollowerInfoImpl.java:lambda$new$0(47)) - acb9c8cb-4d3e-4a6b-b679-e47efd30f020@group-4A8E582C3D20->a90e3e6e-a337-4ecb-a7be-5aa85bd5c784: nextIndex: updateUnconditionally 1 -> 0
2021-11-15 10:01:35,281 [ForkJoinPool.commonPool-worker-1] INFO  server.GrpcService (GrpcService.java:closeImpl(271)) - 4ed92f53-76e0-46e3-b547-b2697051b404: shutdown server with port 44699 successfully
2021-11-15 10:01:35,281 [org.apache.ratis.util.JvmPauseMonitor$$Lambda$532/1515984292@83e20d0] INFO  util.JvmPauseMonitor (JvmPauseMonitor.java:run(109)) - JvmPauseMonitor-4ed92f53-76e0-46e3-b547-b2697051b404: Stopped
2021-11-15 10:01:35,281 [Listener at 127.0.0.1/43215] INFO  server.RaftServer$Division (ServerState.java:close(419)) - acb9c8cb-4d3e-4a6b-b679-e47efd30f020@group-4A8E582C3D20: closes. applyIndex: 0
2021-11-15 10:01:35,282 [acb9c8cb-4d3e-4a6b-b679-e47efd30f020@group-4A8E582C3D20-SegmentedRaftLogWorker] INFO  segmented.SegmentedRaftLogWorker (SegmentedRaftLogWorker.java:run(327)) - acb9c8cb-4d3e-4a6b-b679-e47efd30f020@group-4A8E582C3D20-SegmentedRaftLogWorker was interrupted, exiting. There are 0 tasks remaining in the queue.
2021-11-15 10:01:35,282 [Listener at 127.0.0.1/43215] INFO  segmented.SegmentedRaftLogWorker (SegmentedRaftLogWorker.java:close(237)) - acb9c8cb-4d3e-4a6b-b679-e47efd30f020@group-4A8E582C3D20-SegmentedRaftLogWorker close()
2021-11-15 10:01:35,283 [Listener at 127.0.0.1/43215] INFO  server.GrpcService (GrpcService.java:closeImpl(262)) - acb9c8cb-4d3e-4a6b-b679-e47efd30f020: shutdown server with port 33205 now
2021-11-15 10:01:35,286 [grpc-default-executor-0] WARN  server.GrpcLogAppender (LogUtils.java:warn(122)) - a90e3e6e-a337-4ecb-a7be-5aa85bd5c784@group-B155B082459A->acb9c8cb-4d3e-4a6b-b679-e47efd30f020-AppendLogResponseHandler: Failed appendEntries: org.apache.ratis.thirdparty.io.grpc.StatusRuntimeException: CANCELLED: HTTP/2 error code: CANCEL
Received Rst Stream
2021-11-15 10:01:35,286 [grpc-default-executor-0] INFO  leader.FollowerInfo (FollowerInfoImpl.java:lambda$new$0(47)) - a90e3e6e-a337-4ecb-a7be-5aa85bd5c784@group-B155B082459A->acb9c8cb-4d3e-4a6b-b679-e47efd30f020: nextIndex: updateUnconditionally 3 -> 2
2021-11-15 10:01:35,286 [grpc-default-executor-1] WARN  server.GrpcServerProtocolService (LogUtils.java:warn(122)) - acb9c8cb-4d3e-4a6b-b679-e47efd30f020: installSnapshot onError, lastRequest: a90e3e6e-a337-4ecb-a7be-5aa85bd5c784->acb9c8cb-4d3e-4a6b-b679-e47efd30f020#3-t8,previous=(t:8, i:1),leaderCommit=1,initializing? true,entries: size=1, first=(t:8, i:2), METADATAENTRY(c:1): org.apache.ratis.thirdparty.io.grpc.StatusRuntimeException: CANCELLED: client cancelled
2021-11-15 10:01:35,286 [Listener at 127.0.0.1/43215] INFO  server.GrpcService (GrpcService.java:closeImpl(271)) - acb9c8cb-4d3e-4a6b-b679-e47efd30f020: shutdown server with port 33205 successfully
2021-11-15 10:01:35,287 [org.apache.ratis.util.JvmPauseMonitor$$Lambda$532/1515984292@4974d546] INFO  util.JvmPauseMonitor (JvmPauseMonitor.java:run(109)) - JvmPauseMonitor-acb9c8cb-4d3e-4a6b-b679-e47efd30f020: Stopped
2021-11-15 10:01:35,288 [Listener at 127.0.0.1/43215] INFO  utils.BackgroundService (BackgroundService.java:shutdown(132)) - Shutting down service BlockDeletingService
2021-11-15 10:01:35,296 [ForkJoinPool.commonPool-worker-1] INFO  utils.BackgroundService (BackgroundService.java:shutdown(132)) - Shutting down service BlockDeletingService
2021-11-15 10:01:35,307 [grpc-default-executor-1] WARN  server.GrpcLogAppender (LogUtils.java:warn(122)) - a90e3e6e-a337-4ecb-a7be-5aa85bd5c784@group-B155B082459A->acb9c8cb-4d3e-4a6b-b679-e47efd30f020-AppendLogResponseHandler: Failed appendEntries: org.apache.ratis.thirdparty.io.grpc.StatusRuntimeException: UNAVAILABLE: io exception
2021-11-15 10:01:35,307 [grpc-default-executor-1] INFO  leader.FollowerInfo (FollowerInfoImpl.java:lambda$new$0(47)) - a90e3e6e-a337-4ecb-a7be-5aa85bd5c784@group-B155B082459A->acb9c8cb-4d3e-4a6b-b679-e47efd30f020: nextIndex: updateUnconditionally 3 -> 2
2021-11-15 10:01:36,305 [grpc-default-executor-1] WARN  server.GrpcLogAppender (LogUtils.java:warn(122)) - a90e3e6e-a337-4ecb-a7be-5aa85bd5c784@group-B155B082459A->d804d820-4532-49b1-b366-ad6b8b9e72b3-AppendLogResponseHandler: Failed appendEntries: org.apache.ratis.thirdparty.io.grpc.StatusRuntimeException: UNAVAILABLE: io exception
2021-11-15 10:01:36,306 [grpc-default-executor-1] WARN  server.GrpcLogAppender (GrpcLogAppender.java:resetClient(110)) - a90e3e6e-a337-4ecb-a7be-5aa85bd5c784@group-B155B082459A->d804d820-4532-49b1-b366-ad6b8b9e72b3-GrpcLogAppender: Leader has not got in touch with Follower a90e3e6e-a337-4ecb-a7be-5aa85bd5c784@group-B155B082459A->d804d820-4532-49b1-b366-ad6b8b9e72b3(c-1,m0,n3, attendVote=true, lastRpcSendTime=2501, lastRpcResponseTime=7809) yet, just keep nextIndex unchanged and retry.
2021-11-15 10:01:37,804 [grpc-default-executor-1] WARN  server.GrpcLogAppender (LogUtils.java:warn(122)) - a90e3e6e-a337-4ecb-a7be-5aa85bd5c784@group-B155B082459A->acb9c8cb-4d3e-4a6b-b679-e47efd30f020-AppendLogResponseHandler: Failed appendEntries: org.apache.ratis.thirdparty.io.grpc.StatusRuntimeException: UNAVAILABLE: io exception
2021-11-15 10:01:37,804 [grpc-default-executor-1] INFO  leader.FollowerInfo (FollowerInfoImpl.java:lambda$new$0(47)) - a90e3e6e-a337-4ecb-a7be-5aa85bd5c784@group-B155B082459A->acb9c8cb-4d3e-4a6b-b679-e47efd30f020: nextIndex: updateUnconditionally 3 -> 2
2021-11-15 10:01:38,315 [ForkJoinPool.commonPool-worker-1] INFO  statemachine.DatanodeStateMachine (DatanodeStateMachine.java:stopDaemon(526)) - Ozone container server stopped.
2021-11-15 10:01:38,315 [Listener at 127.0.0.1/43215] INFO  statemachine.DatanodeStateMachine (DatanodeStateMachine.java:stopDaemon(526)) - Ozone container server stopped.
2021-11-15 10:01:38,324 [ForkJoinPool.commonPool-worker-1] INFO  handler.ContextHandler (ContextHandler.java:doStop(1153)) - Stopped o.e.j.w.WebAppContext@33b3fee3{hddsDatanode,/,null,STOPPED}{jar:file:/home/runner/.m2/repository/org/apache/ozone/hdds-container-service/1.2.0-SNAPSHOT/hdds-container-service-1.2.0-SNAPSHOT.jar!/webapps/hddsDatanode}
2021-11-15 10:01:38,335 [ForkJoinPool.commonPool-worker-1] INFO  server.AbstractConnector (AbstractConnector.java:doStop(381)) - Stopped ServerConnector@61542024{HTTP/1.1, (http/1.1)}{0.0.0.0:0}
2021-11-15 10:01:38,335 [ForkJoinPool.commonPool-worker-1] INFO  server.session (HouseKeeper.java:stopScavenging(149)) - node0 Stopped scavenging
2021-11-15 10:01:38,343 [Listener at 127.0.0.1/43215] INFO  handler.ContextHandler (ContextHandler.java:doStop(1153)) - Stopped o.e.j.w.WebAppContext@586f2da2{hddsDatanode,/,null,STOPPED}{jar:file:/home/runner/.m2/repository/org/apache/ozone/hdds-container-service/1.2.0-SNAPSHOT/hdds-container-service-1.2.0-SNAPSHOT.jar!/webapps/hddsDatanode}
2021-11-15 10:01:38,349 [ForkJoinPool.commonPool-worker-1] INFO  handler.ContextHandler (ContextHandler.java:doStop(1153)) - Stopped o.e.j.s.ServletContextHandler@110ddda7{static,/static,jar:file:/home/runner/.m2/repository/org/apache/ozone/hdds-container-service/1.2.0-SNAPSHOT/hdds-container-service-1.2.0-SNAPSHOT.jar!/webapps/static,STOPPED}
2021-11-15 10:01:38,351 [ForkJoinPool.commonPool-worker-1] INFO  handler.ContextHandler (ContextHandler.java:doStop(1153)) - Stopped o.e.j.s.ServletContextHandler@177b0ca9{logs,/logs,file:///home/runner/work/ozone/ozone/hadoop-ozone/integration-test/target/log,STOPPED}
2021-11-15 10:01:38,371 [Listener at 127.0.0.1/43215] INFO  server.AbstractConnector (AbstractConnector.java:doStop(381)) - Stopped ServerConnector@59ff092f{HTTP/1.1, (http/1.1)}{0.0.0.0:0}
2021-11-15 10:01:38,371 [Listener at 127.0.0.1/43215] INFO  server.session (HouseKeeper.java:stopScavenging(149)) - node0 Stopped scavenging
2021-11-15 10:01:38,371 [Listener at 127.0.0.1/43215] INFO  handler.ContextHandler (ContextHandler.java:doStop(1153)) - Stopped o.e.j.s.ServletContextHandler@1a98b2ad{static,/static,jar:file:/home/runner/.m2/repository/org/apache/ozone/hdds-container-service/1.2.0-SNAPSHOT/hdds-container-service-1.2.0-SNAPSHOT.jar!/webapps/static,STOPPED}
2021-11-15 10:01:38,371 [Listener at 127.0.0.1/43215] INFO  handler.ContextHandler (ContextHandler.java:doStop(1153)) - Stopped o.e.j.s.ServletContextHandler@4a93f43d{logs,/logs,file:///home/runner/work/ozone/ozone/hadoop-ozone/integration-test/target/log,STOPPED}
2021-11-15 10:01:38,815 [grpc-default-executor-1] WARN  server.GrpcLogAppender (LogUtils.java:warn(122)) - a90e3e6e-a337-4ecb-a7be-5aa85bd5c784@group-B155B082459A->d804d820-4532-49b1-b366-ad6b8b9e72b3-AppendLogResponseHandler: Failed appendEntries: org.apache.ratis.thirdparty.io.grpc.StatusRuntimeException: UNAVAILABLE: io exception
2021-11-15 10:01:38,816 [grpc-default-executor-1] WARN  server.GrpcLogAppender (GrpcLogAppender.java:resetClient(110)) - a90e3e6e-a337-4ecb-a7be-5aa85bd5c784@group-B155B082459A->d804d820-4532-49b1-b366-ad6b8b9e72b3-GrpcLogAppender: Leader has not got in touch with Follower a90e3e6e-a337-4ecb-a7be-5aa85bd5c784@group-B155B082459A->d804d820-4532-49b1-b366-ad6b8b9e72b3(c-1,m0,n3, attendVote=true, lastRpcSendTime=0, lastRpcResponseTime=10319) yet, just keep nextIndex unchanged and retry.
2021-11-15 10:01:38,974 [a90e3e6e-a337-4ecb-a7be-5aa85bd5c784@group-4A8E582C3D20-FollowerState] INFO  impl.FollowerState (FollowerState.java:run(134)) - a90e3e6e-a337-4ecb-a7be-5aa85bd5c784@group-4A8E582C3D20-FollowerState: change to CANDIDATE, lastRpcElapsedTime:5304369367ns, electionTimeout:5177ms
2021-11-15 10:01:38,974 [a90e3e6e-a337-4ecb-a7be-5aa85bd5c784@group-4A8E582C3D20-FollowerState] INFO  impl.RoleInfo (RoleInfo.java:shutdownFollowerState(108)) - a90e3e6e-a337-4ecb-a7be-5aa85bd5c784: shutdown a90e3e6e-a337-4ecb-a7be-5aa85bd5c784@group-4A8E582C3D20-FollowerState
2021-11-15 10:01:38,974 [a90e3e6e-a337-4ecb-a7be-5aa85bd5c784@group-4A8E582C3D20-FollowerState] INFO  server.RaftServer$Division (RaftServerImpl.java:setRole(290)) - a90e3e6e-a337-4ecb-a7be-5aa85bd5c784@group-4A8E582C3D20: changes role from  FOLLOWER to CANDIDATE at term 8 for changeToCandidate
2021-11-15 10:01:38,975 [a90e3e6e-a337-4ecb-a7be-5aa85bd5c784@group-4A8E582C3D20-FollowerState] INFO  server.RaftServerConfigKeys (ConfUtils.java:logGet(44)) - raft.server.leaderelection.pre-vote = false (custom)
2021-11-15 10:01:38,975 [a90e3e6e-a337-4ecb-a7be-5aa85bd5c784@group-4A8E582C3D20-FollowerState] INFO  impl.RoleInfo (RoleInfo.java:updateAndGet(130)) - a90e3e6e-a337-4ecb-a7be-5aa85bd5c784: start a90e3e6e-a337-4ecb-a7be-5aa85bd5c784@group-4A8E582C3D20-LeaderElection35
2021-11-15 10:01:38,983 [a90e3e6e-a337-4ecb-a7be-5aa85bd5c784@group-4A8E582C3D20-LeaderElection35] INFO  server.RaftServer$Division (ServerState.java:setLeader(285)) - a90e3e6e-a337-4ecb-a7be-5aa85bd5c784@group-4A8E582C3D20: change Leader from acb9c8cb-4d3e-4a6b-b679-e47efd30f020 to null at term 8 for ELECTION
2021-11-15 10:01:38,986 [a90e3e6e-a337-4ecb-a7be-5aa85bd5c784@group-4A8E582C3D20-LeaderElection35] INFO  impl.LeaderElection (LeaderElection.java:askForVotes(306)) - a90e3e6e-a337-4ecb-a7be-5aa85bd5c784@group-4A8E582C3D20-LeaderElection35 ELECTION round 0: submit vote requests at term 9 for 0: [d804d820-4532-49b1-b366-ad6b8b9e72b3|rpc:10.1.0.56:37399|dataStream:|priority:0, a90e3e6e-a337-4ecb-a7be-5aa85bd5c784|rpc:10.1.0.56:44193|dataStream:|priority:0, acb9c8cb-4d3e-4a6b-b679-e47efd30f020|rpc:10.1.0.56:33205|dataStream:|priority:1], old=null
2021-11-15 10:01:39,005 [a90e3e6e-a337-4ecb-a7be-5aa85bd5c784@group-4A8E582C3D20-LeaderElection35] INFO  impl.LeaderElection (LogUtils.java:infoOrTrace(137)) - a90e3e6e-a337-4ecb-a7be-5aa85bd5c784@group-4A8E582C3D20-LeaderElection35 got exception when requesting votes: java.util.concurrent.ExecutionException: org.apache.ratis.thirdparty.io.grpc.StatusRuntimeException: UNAVAILABLE: io exception
2021-11-15 10:01:39,011 [a90e3e6e-a337-4ecb-a7be-5aa85bd5c784@group-4A8E582C3D20-LeaderElection35] INFO  impl.LeaderElection (LogUtils.java:infoOrTrace(137)) - a90e3e6e-a337-4ecb-a7be-5aa85bd5c784@group-4A8E582C3D20-LeaderElection35 got exception when requesting votes: java.util.concurrent.ExecutionException: org.apache.ratis.thirdparty.io.grpc.StatusRuntimeException: UNAVAILABLE: io exception
2021-11-15 10:01:39,011 [a90e3e6e-a337-4ecb-a7be-5aa85bd5c784@group-4A8E582C3D20-LeaderElection35] INFO  impl.LeaderElection (LeaderElection.java:logAndReturn(89)) - a90e3e6e-a337-4ecb-a7be-5aa85bd5c784@group-4A8E582C3D20-LeaderElection35: ELECTION REJECTED received 0 response(s) and 2 exception(s):
2021-11-15 10:01:39,011 [a90e3e6e-a337-4ecb-a7be-5aa85bd5c784@group-4A8E582C3D20-LeaderElection35] INFO  impl.LeaderElection (LogUtils.java:infoOrTrace(137)) -   Exception 0: java.util.concurrent.ExecutionException: org.apache.ratis.thirdparty.io.grpc.StatusRuntimeException: UNAVAILABLE: io exception
2021-11-15 10:01:39,011 [a90e3e6e-a337-4ecb-a7be-5aa85bd5c784@group-4A8E582C3D20-LeaderElection35] INFO  impl.LeaderElection (LogUtils.java:infoOrTrace(137)) -   Exception 1: java.util.concurrent.ExecutionException: org.apache.ratis.thirdparty.io.grpc.StatusRuntimeException: UNAVAILABLE: io exception
2021-11-15 10:01:39,011 [a90e3e6e-a337-4ecb-a7be-5aa85bd5c784@group-4A8E582C3D20-LeaderElection35] INFO  impl.LeaderElection (LeaderElection.java:askForVotes(308)) - a90e3e6e-a337-4ecb-a7be-5aa85bd5c784@group-4A8E582C3D20-LeaderElection35 ELECTION round 0: result REJECTED
2021-11-15 10:01:39,011 [a90e3e6e-a337-4ecb-a7be-5aa85bd5c784@group-4A8E582C3D20-LeaderElection35] INFO  server.RaftServer$Division (RaftServerImpl.java:setRole(290)) - a90e3e6e-a337-4ecb-a7be-5aa85bd5c784@group-4A8E582C3D20: changes role from CANDIDATE to FOLLOWER at term 9 for REJECTED
2021-11-15 10:01:39,011 [a90e3e6e-a337-4ecb-a7be-5aa85bd5c784@group-4A8E582C3D20-LeaderElection35] INFO  impl.RoleInfo (RoleInfo.java:shutdownLeaderElection(121)) - a90e3e6e-a337-4ecb-a7be-5aa85bd5c784: shutdown a90e3e6e-a337-4ecb-a7be-5aa85bd5c784@group-4A8E582C3D20-LeaderElection35
2021-11-15 10:01:39,011 [a90e3e6e-a337-4ecb-a7be-5aa85bd5c784@group-4A8E582C3D20-LeaderElection35] INFO  impl.RoleInfo (RoleInfo.java:updateAndGet(130)) - a90e3e6e-a337-4ecb-a7be-5aa85bd5c784: start a90e3e6e-a337-4ecb-a7be-5aa85bd5c784@group-4A8E582C3D20-FollowerState
2021-11-15 10:01:39,461 [EventQueue-StaleNodeForStaleNodeHandler] INFO  node.StaleNodeHandler (StaleNodeHandler.java:onMessage(58)) - Datanode 4ed92f53-76e0-46e3-b547-b2697051b404{ip: 10.1.0.56, host: fv-az12-743.exdb2aeach2ezidoxz41lk3bwg.cx.internal.cloudapp.net, ports: [REPLICATION=33657, RATIS=44699, RATIS_ADMIN=44699, RATIS_SERVER=44699, STANDALONE=42749], networkLocation: /default-rack, certSerialId: null, persistedOpState: IN_SERVICE, persistedOpStateExpiryEpochSec: 0} moved to stale state. Finalizing its pipelines [PipelineID=6f5caada-dd82-4907-9449-59175b6eb48b]
2021-11-15 10:01:39,462 [EventQueue-StaleNodeForStaleNodeHandler] INFO  pipeline.PipelineManagerImpl (PipelineManagerImpl.java:closePipeline(349)) - Pipeline Pipeline[ Id: 6f5caada-dd82-4907-9449-59175b6eb48b, Nodes: 4ed92f53-76e0-46e3-b547-b2697051b404{ip: 10.1.0.56, host: fv-az12-743.exdb2aeach2ezidoxz41lk3bwg.cx.internal.cloudapp.net, ports: [REPLICATION=33657, RATIS=44699, RATIS_ADMIN=44699, RATIS_SERVER=44699, STANDALONE=42749], networkLocation: /default-rack, certSerialId: null, persistedOpState: IN_SERVICE, persistedOpStateExpiryEpochSec: 0}, ReplicationConfig: RATIS/ONE, State:OPEN, leaderId:4ed92f53-76e0-46e3-b547-b2697051b404, CreationTimestamp2021-11-15T10:00:45.175Z[Etc/UTC]] moved to CLOSED state
2021-11-15 10:01:39,561 [EventQueue-StaleNodeForStaleNodeHandler] INFO  node.StaleNodeHandler (StaleNodeHandler.java:onMessage(58)) - Datanode acb9c8cb-4d3e-4a6b-b679-e47efd30f020{ip: 10.1.0.56, host: fv-az12-743.exdb2aeach2ezidoxz41lk3bwg.cx.internal.cloudapp.net, ports: [REPLICATION=33713, RATIS=33205, RATIS_ADMIN=33205, RATIS_SERVER=33205, STANDALONE=32975], networkLocation: /default-rack, certSerialId: null, persistedOpState: IN_SERVICE, persistedOpStateExpiryEpochSec: 0} moved to stale state. Finalizing its pipelines [PipelineID=1f5a01c6-6721-4b5d-82bc-b155b082459a, PipelineID=fba2739a-12c0-4f52-b7e7-d8201b1cc174, PipelineID=ffb51486-03ca-44cc-98c1-4a8e582c3d20]
2021-11-15 10:01:39,562 [EventQueue-StaleNodeForStaleNodeHandler] INFO  pipeline.PipelineManagerImpl (PipelineManagerImpl.java:closePipeline(349)) - Pipeline Pipeline[ Id: fba2739a-12c0-4f52-b7e7-d8201b1cc174, Nodes: acb9c8cb-4d3e-4a6b-b679-e47efd30f020{ip: 10.1.0.56, host: fv-az12-743.exdb2aeach2ezidoxz41lk3bwg.cx.internal.cloudapp.net, ports: [REPLICATION=33713, RATIS=33205, RATIS_ADMIN=33205, RATIS_SERVER=33205, STANDALONE=32975], networkLocation: /default-rack, certSerialId: null, persistedOpState: IN_SERVICE, persistedOpStateExpiryEpochSec: 0}, ReplicationConfig: RATIS/ONE, State:OPEN, leaderId:acb9c8cb-4d3e-4a6b-b679-e47efd30f020, CreationTimestamp2021-11-15T10:00:44.606Z[Etc/UTC]] moved to CLOSED state
2021-11-15 10:01:40,309 [grpc-default-executor-1] WARN  server.GrpcLogAppender (LogUtils.java:warn(122)) - a90e3e6e-a337-4ecb-a7be-5aa85bd5c784@group-B155B082459A->acb9c8cb-4d3e-4a6b-b679-e47efd30f020-AppendLogResponseHandler: Failed appendEntries: org.apache.ratis.thirdparty.io.grpc.StatusRuntimeException: UNAVAILABLE: io exception
2021-11-15 10:01:40,310 [grpc-default-executor-1] INFO  leader.FollowerInfo (FollowerInfoImpl.java:lambda$new$0(47)) - a90e3e6e-a337-4ecb-a7be-5aa85bd5c784@group-B155B082459A->acb9c8cb-4d3e-4a6b-b679-e47efd30f020: nextIndex: updateUnconditionally 3 -> 2
2021-11-15 10:01:41,163 [EventQueue-DeadNodeForDeadNodeHandler] INFO  node.DeadNodeHandler (DeadNodeHandler.java:onMessage(80)) - A dead datanode is detected. 5120cc87-b9ff-4d81-8e4f-818f73dade45{ip: 10.1.0.56, host: fv-az12-743.exdb2aeach2ezidoxz41lk3bwg.cx.internal.cloudapp.net, ports: [REPLICATION=35699, RATIS=39907, RATIS_ADMIN=39907, RATIS_SERVER=39907, STANDALONE=46197], networkLocation: /default-rack, certSerialId: null, persistedOpState: IN_SERVICE, persistedOpStateExpiryEpochSec: 0}
2021-11-15 10:01:41,163 [EventQueue-DeadNodeForDeadNodeHandler] INFO  pipeline.RatisPipelineProvider (RatisPipelineProvider.java:lambda$close$1(222)) - Send pipeline:PipelineID=84a73e1c-2775-4236-a782-b5597ecb938d close command to datanode 5120cc87-b9ff-4d81-8e4f-818f73dade45
2021-11-15 10:01:41,164 [EventQueue-DeadNodeForDeadNodeHandler] INFO  pipeline.PipelineStateManagerImpl (PipelineStateManagerImpl.java:removePipeline(223)) - Pipeline Pipeline[ Id: 84a73e1c-2775-4236-a782-b5597ecb938d, Nodes: 5120cc87-b9ff-4d81-8e4f-818f73dade45{ip: 10.1.0.56, host: fv-az12-743.exdb2aeach2ezidoxz41lk3bwg.cx.internal.cloudapp.net, ports: [REPLICATION=35699, RATIS=39907, RATIS_ADMIN=39907, RATIS_SERVER=39907, STANDALONE=46197], networkLocation: /default-rack, certSerialId: null, persistedOpState: IN_SERVICE, persistedOpStateExpiryEpochSec: 0}, ReplicationConfig: RATIS/ONE, State:CLOSED, leaderId:5120cc87-b9ff-4d81-8e4f-818f73dade45, CreationTimestamp2021-11-15T10:00:43.512Z[Etc/UTC]] removed.
2021-11-15 10:01:41,164 [EventQueue-DeadNodeForDeadNodeHandler] INFO  net.NetworkTopologyImpl (NetworkTopologyImpl.java:remove(137)) - Removed a node: /default-rack/5120cc87-b9ff-4d81-8e4f-818f73dade45
2021-11-15 10:01:41,316 [grpc-default-executor-1] WARN  server.GrpcLogAppender (LogUtils.java:warn(122)) - a90e3e6e-a337-4ecb-a7be-5aa85bd5c784@group-B155B082459A->d804d820-4532-49b1-b366-ad6b8b9e72b3-AppendLogResponseHandler: Failed appendEntries: org.apache.ratis.thirdparty.io.grpc.StatusRuntimeException: UNAVAILABLE: io exception
2021-11-15 10:01:41,317 [grpc-default-executor-1] WARN  server.GrpcLogAppender (GrpcLogAppender.java:resetClient(110)) - a90e3e6e-a337-4ecb-a7be-5aa85bd5c784@group-B155B082459A->d804d820-4532-49b1-b366-ad6b8b9e72b3-GrpcLogAppender: Leader has not got in touch with Follower a90e3e6e-a337-4ecb-a7be-5aa85bd5c784@group-B155B082459A->d804d820-4532-49b1-b366-ad6b8b9e72b3(c-1,m0,n3, attendVote=true, lastRpcSendTime=2501, lastRpcResponseTime=12819) yet, just keep nextIndex unchanged and retry.
2021-11-15 10:01:42,064 [EventQueue-DeadNodeForDeadNodeHandler] INFO  node.DeadNodeHandler (DeadNodeHandler.java:onMessage(80)) - A dead datanode is detected. d804d820-4532-49b1-b366-ad6b8b9e72b3{ip: 10.1.0.56, host: fv-az12-743.exdb2aeach2ezidoxz41lk3bwg.cx.internal.cloudapp.net, ports: [REPLICATION=33971, RATIS=37399, RATIS_ADMIN=37399, RATIS_SERVER=37399, STANDALONE=35481], networkLocation: /default-rack, certSerialId: null, persistedOpState: IN_SERVICE, persistedOpStateExpiryEpochSec: 0}
2021-11-15 10:01:42,065 [EventQueue-DeadNodeForDeadNodeHandler] INFO  pipeline.RatisPipelineProvider (RatisPipelineProvider.java:lambda$close$1(222)) - Send pipeline:PipelineID=1f5a01c6-6721-4b5d-82bc-b155b082459a close command to datanode a90e3e6e-a337-4ecb-a7be-5aa85bd5c784
2021-11-15 10:01:42,065 [EventQueue-DeadNodeForDeadNodeHandler] INFO  pipeline.RatisPipelineProvider (RatisPipelineProvider.java:lambda$close$1(222)) - Send pipeline:PipelineID=1f5a01c6-6721-4b5d-82bc-b155b082459a close command to datanode d804d820-4532-49b1-b366-ad6b8b9e72b3
2021-11-15 10:01:42,065 [EventQueue-DeadNodeForDeadNodeHandler] INFO  pipeline.RatisPipelineProvider (RatisPipelineProvider.java:lambda$close$1(222)) - Send pipeline:PipelineID=1f5a01c6-6721-4b5d-82bc-b155b082459a close command to datanode acb9c8cb-4d3e-4a6b-b679-e47efd30f020
2021-11-15 10:01:42,065 [EventQueue-DeadNodeForDeadNodeHandler] INFO  pipeline.PipelineStateManagerImpl (PipelineStateManagerImpl.java:removePipeline(223)) - Pipeline Pipeline[ Id: 1f5a01c6-6721-4b5d-82bc-b155b082459a, Nodes: a90e3e6e-a337-4ecb-a7be-5aa85bd5c784{ip: 10.1.0.56, host: fv-az12-743.exdb2aeach2ezidoxz41lk3bwg.cx.internal.cloudapp.net, ports: [REPLICATION=39203, RATIS=44193, RATIS_ADMIN=44193, RATIS_SERVER=44193, STANDALONE=34675], networkLocation: /default-rack, certSerialId: null, persistedOpState: IN_SERVICE, persistedOpStateExpiryEpochSec: 0}d804d820-4532-49b1-b366-ad6b8b9e72b3{ip: 10.1.0.56, host: fv-az12-743.exdb2aeach2ezidoxz41lk3bwg.cx.internal.cloudapp.net, ports: [REPLICATION=33971, RATIS=37399, RATIS_ADMIN=37399, RATIS_SERVER=37399, STANDALONE=35481], networkLocation: /default-rack, certSerialId: null, persistedOpState: IN_SERVICE, persistedOpStateExpiryEpochSec: 0}acb9c8cb-4d3e-4a6b-b679-e47efd30f020{ip: 10.1.0.56, host: fv-az12-743.exdb2aeach2ezidoxz41lk3bwg.cx.internal.cloudapp.net, ports: [REPLICATION=33713, RATIS=33205, RATIS_ADMIN=33205, RATIS_SERVER=33205, STANDALONE=32975], networkLocation: /default-rack, certSerialId: null, persistedOpState: IN_SERVICE, persistedOpStateExpiryEpochSec: 0}, ReplicationConfig: RATIS/THREE, State:CLOSED, leaderId:a90e3e6e-a337-4ecb-a7be-5aa85bd5c784, CreationTimestamp2021-11-15T10:00:44.988Z[Etc/UTC]] removed.
2021-11-15 10:01:42,065 [EventQueue-DeadNodeForDeadNodeHandler] INFO  pipeline.RatisPipelineProvider (RatisPipelineProvider.java:lambda$close$1(222)) - Send pipeline:PipelineID=90839f6a-0246-4edd-b2d1-2563589d89db close command to datanode d804d820-4532-49b1-b366-ad6b8b9e72b3
2021-11-15 10:01:42,065 [EventQueue-DeadNodeForDeadNodeHandler] INFO  pipeline.PipelineStateManagerImpl (PipelineStateManagerImpl.java:removePipeline(223)) - Pipeline Pipeline[ Id: 90839f6a-0246-4edd-b2d1-2563589d89db, Nodes: d804d820-4532-49b1-b366-ad6b8b9e72b3{ip: 10.1.0.56, host: fv-az12-743.exdb2aeach2ezidoxz41lk3bwg.cx.internal.cloudapp.net, ports: [REPLICATION=33971, RATIS=37399, RATIS_ADMIN=37399, RATIS_SERVER=37399, STANDALONE=35481], networkLocation: /default-rack, certSerialId: null, persistedOpState: IN_SERVICE, persistedOpStateExpiryEpochSec: 0}, ReplicationConfig: RATIS/ONE, State:CLOSED, leaderId:d804d820-4532-49b1-b366-ad6b8b9e72b3, CreationTimestamp2021-11-15T10:00:44.784Z[Etc/UTC]] removed.
2021-11-15 10:01:42,066 [EventQueue-DeadNodeForDeadNodeHandler] INFO  pipeline.RatisPipelineProvider (RatisPipelineProvider.java:lambda$close$1(222)) - Send pipeline:PipelineID=ffb51486-03ca-44cc-98c1-4a8e582c3d20 close command to datanode d804d820-4532-49b1-b366-ad6b8b9e72b3
2021-11-15 10:01:42,066 [EventQueue-DeadNodeForDeadNodeHandler] INFO  pipeline.RatisPipelineProvider (RatisPipelineProvider.java:lambda$close$1(222)) - Send pipeline:PipelineID=ffb51486-03ca-44cc-98c1-4a8e582c3d20 close command to datanode a90e3e6e-a337-4ecb-a7be-5aa85bd5c784
2021-11-15 10:01:42,066 [EventQueue-DeadNodeForDeadNodeHandler] INFO  pipeline.RatisPipelineProvider (RatisPipelineProvider.java:lambda$close$1(222)) - Send pipeline:PipelineID=ffb51486-03ca-44cc-98c1-4a8e582c3d20 close command to datanode acb9c8cb-4d3e-4a6b-b679-e47efd30f020
2021-11-15 10:01:42,066 [EventQueue-DeadNodeForDeadNodeHandler] INFO  pipeline.PipelineStateManagerImpl (PipelineStateManagerImpl.java:removePipeline(223)) - Pipeline Pipeline[ Id: ffb51486-03ca-44cc-98c1-4a8e582c3d20, Nodes: d804d820-4532-49b1-b366-ad6b8b9e72b3{ip: 10.1.0.56, host: fv-az12-743.exdb2aeach2ezidoxz41lk3bwg.cx.internal.cloudapp.net, ports: [REPLICATION=33971, RATIS=37399, RATIS_ADMIN=37399, RATIS_SERVER=37399, STANDALONE=35481], networkLocation: /default-rack, certSerialId: null, persistedOpState: IN_SERVICE, persistedOpStateExpiryEpochSec: 0}a90e3e6e-a337-4ecb-a7be-5aa85bd5c784{ip: 10.1.0.56, host: fv-az12-743.exdb2aeach2ezidoxz41lk3bwg.cx.internal.cloudapp.net, ports: [REPLICATION=39203, RATIS=44193, RATIS_ADMIN=44193, RATIS_SERVER=44193, STANDALONE=34675], networkLocation: /default-rack, certSerialId: null, persistedOpState: IN_SERVICE, persistedOpStateExpiryEpochSec: 0}acb9c8cb-4d3e-4a6b-b679-e47efd30f020{ip: 10.1.0.56, host: fv-az12-743.exdb2aeach2ezidoxz41lk3bwg.cx.internal.cloudapp.net, ports: [REPLICATION=33713, RATIS=33205, RATIS_ADMIN=33205, RATIS_SERVER=33205, STANDALONE=32975], networkLocation: /default-rack, certSerialId: null, persistedOpState: IN_SERVICE, persistedOpStateExpiryEpochSec: 0}, ReplicationConfig: RATIS/THREE, State:CLOSED, leaderId:acb9c8cb-4d3e-4a6b-b679-e47efd30f020, CreationTimestamp2021-11-15T10:00:44.986Z[Etc/UTC]] removed.
2021-11-15 10:01:42,066 [EventQueue-DeadNodeForDeadNodeHandler] INFO  net.NetworkTopologyImpl (NetworkTopologyImpl.java:remove(137)) - Removed a node: /default-rack/d804d820-4532-49b1-b366-ad6b8b9e72b3
2021-11-15 10:01:42,808 [grpc-default-executor-1] WARN  server.GrpcLogAppender (LogUtils.java:warn(122)) - a90e3e6e-a337-4ecb-a7be-5aa85bd5c784@group-B155B082459A->acb9c8cb-4d3e-4a6b-b679-e47efd30f020-AppendLogResponseHandler: Failed appendEntries: org.apache.ratis.thirdparty.io.grpc.StatusRuntimeException: UNAVAILABLE: io exception
2021-11-15 10:01:42,809 [grpc-default-executor-1] INFO  leader.FollowerInfo (FollowerInfoImpl.java:lambda$new$0(47)) - a90e3e6e-a337-4ecb-a7be-5aa85bd5c784@group-B155B082459A->acb9c8cb-4d3e-4a6b-b679-e47efd30f020: nextIndex: updateUnconditionally 3 -> 2
2021-11-15 10:01:43,353 [ForkJoinPool.commonPool-worker-1] INFO  ozoneimpl.OzoneContainer (OzoneContainer.java:stop(325)) - Attempting to stop container services.
2021-11-15 10:01:43,355 [ForkJoinPool.commonPool-worker-1] INFO  server.RaftServer (RaftServerProxy.java:lambda$close$6(391)) - a90e3e6e-a337-4ecb-a7be-5aa85bd5c784: close
2021-11-15 10:01:43,355 [ForkJoinPool.commonPool-worker-1] INFO  server.RaftServer$Division (RaftServerImpl.java:lambda$close$4(412)) - a90e3e6e-a337-4ecb-a7be-5aa85bd5c784@group-B155B082459A: shutdown
2021-11-15 10:01:43,355 [ForkJoinPool.commonPool-worker-1] INFO  util.JmxRegister (JmxRegister.java:unregister(73)) - Successfully un-registered JMX Bean with object name Ratis:service=RaftServer,group=group-B155B082459A,id=a90e3e6e-a337-4ecb-a7be-5aa85bd5c784
2021-11-15 10:01:43,355 [ForkJoinPool.commonPool-worker-1] INFO  impl.RoleInfo (RoleInfo.java:shutdownLeaderState(91)) - a90e3e6e-a337-4ecb-a7be-5aa85bd5c784: shutdown a90e3e6e-a337-4ecb-a7be-5aa85bd5c784@group-B155B082459A-LeaderStateImpl
2021-11-15 10:01:43,355 [ForkJoinPool.commonPool-worker-1] INFO  impl.PendingRequests (PendingRequests.java:sendNotLeaderResponses(282)) - a90e3e6e-a337-4ecb-a7be-5aa85bd5c784@group-B155B082459A-PendingRequests: sendNotLeaderResponses
2021-11-15 10:01:43,357 [ForkJoinPool.commonPool-worker-1] INFO  impl.StateMachineUpdater (StateMachineUpdater.java:stopAndJoin(149)) - a90e3e6e-a337-4ecb-a7be-5aa85bd5c784@group-B155B082459A-StateMachineUpdater: set stopIndex = 2
2021-11-15 10:01:43,358 [a90e3e6e-a337-4ecb-a7be-5aa85bd5c784@group-B155B082459A-StateMachineUpdater] INFO  ratis.ContainerStateMachine (ContainerStateMachine.java:takeSnapshot(292)) - group-B155B082459A: Taking a snapshot at:(t:8, i:2) file /home/runner/work/ozone/ozone/hadoop-ozone/integration-test/target/test-dir/MiniOzoneClusterImpl-b6bde346-cb55-4fad-bd7f-e1da966a93e7/datanode-5/data/ratis/1f5a01c6-6721-4b5d-82bc-b155b082459a/sm/snapshot.8_2
2021-11-15 10:01:43,359 [a90e3e6e-a337-4ecb-a7be-5aa85bd5c784@group-B155B082459A-StateMachineUpdater] INFO  ratis.ContainerStateMachine (ContainerStateMachine.java:takeSnapshot(303)) - group-B155B082459A: Finished taking a snapshot at:(t:8, i:2) file:/home/runner/work/ozone/ozone/hadoop-ozone/integration-test/target/test-dir/MiniOzoneClusterImpl-b6bde346-cb55-4fad-bd7f-e1da966a93e7/datanode-5/data/ratis/1f5a01c6-6721-4b5d-82bc-b155b082459a/sm/snapshot.8_2 took: 1 ms
2021-11-15 10:01:43,359 [a90e3e6e-a337-4ecb-a7be-5aa85bd5c784@group-B155B082459A->acb9c8cb-4d3e-4a6b-b679-e47efd30f020-GrpcLogAppender-LogAppenderDaemon] WARN  server.GrpcLogAppender (GrpcLogAppender.java:mayWait(177)) - a90e3e6e-a337-4ecb-a7be-5aa85bd5c784@group-B155B082459A->acb9c8cb-4d3e-4a6b-b679-e47efd30f020-GrpcLogAppender: Wait interrupted by java.lang.InterruptedException
2021-11-15 10:01:43,359 [a90e3e6e-a337-4ecb-a7be-5aa85bd5c784@group-B155B082459A-StateMachineUpdater] INFO  impl.StateMachineUpdater (StateMachineUpdater.java:takeSnapshot(281)) - a90e3e6e-a337-4ecb-a7be-5aa85bd5c784@group-B155B082459A-StateMachineUpdater: Took a snapshot at index 2
2021-11-15 10:01:43,359 [a90e3e6e-a337-4ecb-a7be-5aa85bd5c784@group-B155B082459A-StateMachineUpdater] INFO  impl.StateMachineUpdater (StateMachineUpdater.java:lambda$new$0(89)) - a90e3e6e-a337-4ecb-a7be-5aa85bd5c784@group-B155B082459A-StateMachineUpdater: snapshotIndex: updateIncreasingly -1 -> 2
2021-11-15 10:01:43,360 [ForkJoinPool.commonPool-worker-1] INFO  server.RaftServer$Division (ServerState.java:close(419)) - a90e3e6e-a337-4ecb-a7be-5aa85bd5c784@group-B155B082459A: closes. applyIndex: 2
2021-11-15 10:01:43,360 [a90e3e6e-a337-4ecb-a7be-5aa85bd5c784@group-B155B082459A-SegmentedRaftLogWorker] INFO  segmented.SegmentedRaftLogWorker (SegmentedRaftLogWorker.java:run(327)) - a90e3e6e-a337-4ecb-a7be-5aa85bd5c784@group-B155B082459A-SegmentedRaftLogWorker was interrupted, exiting. There are 0 tasks remaining in the queue.
2021-11-15 10:01:43,363 [ForkJoinPool.commonPool-worker-1] INFO  segmented.SegmentedRaftLogWorker (SegmentedRaftLogWorker.java:close(237)) - a90e3e6e-a337-4ecb-a7be-5aa85bd5c784@group-B155B082459A-SegmentedRaftLogWorker close()
2021-11-15 10:01:43,364 [ForkJoinPool.commonPool-worker-1] INFO  server.RaftServer$Division (RaftServerImpl.java:lambda$close$4(412)) - a90e3e6e-a337-4ecb-a7be-5aa85bd5c784@group-4A8E582C3D20: shutdown
2021-11-15 10:01:43,364 [ForkJoinPool.commonPool-worker-1] INFO  util.JmxRegister (JmxRegister.java:unregister(73)) - Successfully un-registered JMX Bean with object name Ratis:service=RaftServer,group=group-4A8E582C3D20,id=a90e3e6e-a337-4ecb-a7be-5aa85bd5c784
2021-11-15 10:01:43,364 [ForkJoinPool.commonPool-worker-1] INFO  impl.RoleInfo (RoleInfo.java:shutdownFollowerState(108)) - a90e3e6e-a337-4ecb-a7be-5aa85bd5c784: shutdown a90e3e6e-a337-4ecb-a7be-5aa85bd5c784@group-4A8E582C3D20-FollowerState
2021-11-15 10:01:43,364 [ForkJoinPool.commonPool-worker-1] INFO  impl.StateMachineUpdater (StateMachineUpdater.java:stopAndJoin(149)) - a90e3e6e-a337-4ecb-a7be-5aa85bd5c784@group-4A8E582C3D20-StateMachineUpdater: set stopIndex = 0
2021-11-15 10:01:43,364 [a90e3e6e-a337-4ecb-a7be-5aa85bd5c784@group-4A8E582C3D20-FollowerState] INFO  impl.FollowerState (FollowerState.java:run(143)) - a90e3e6e-a337-4ecb-a7be-5aa85bd5c784@group-4A8E582C3D20-FollowerState was interrupted: {}
java.lang.InterruptedException: sleep interrupted
	at java.lang.Thread.sleep(Native Method)
	at java.lang.Thread.sleep(Thread.java:340)
	at java.util.concurrent.TimeUnit.sleep(TimeUnit.java:386)
	at org.apache.ratis.util.TimeDuration.sleep(TimeDuration.java:324)
	at org.apache.ratis.util.TimeDuration.sleep(TimeDuration.java:309)
	at org.apache.ratis.server.impl.FollowerState.run(FollowerState.java:118)
2021-11-15 10:01:43,364 [a90e3e6e-a337-4ecb-a7be-5aa85bd5c784@group-4A8E582C3D20-StateMachineUpdater] INFO  ratis.ContainerStateMachine (ContainerStateMachine.java:takeSnapshot(292)) - group-4A8E582C3D20: Taking a snapshot at:(t:8, i:0) file /home/runner/work/ozone/ozone/hadoop-ozone/integration-test/target/test-dir/MiniOzoneClusterImpl-b6bde346-cb55-4fad-bd7f-e1da966a93e7/datanode-5/data/ratis/ffb51486-03ca-44cc-98c1-4a8e582c3d20/sm/snapshot.8_0
2021-11-15 10:01:43,365 [a90e3e6e-a337-4ecb-a7be-5aa85bd5c784@group-4A8E582C3D20-StateMachineUpdater] INFO  ratis.ContainerStateMachine (ContainerStateMachine.java:takeSnapshot(303)) - group-4A8E582C3D20: Finished taking a snapshot at:(t:8, i:0) file:/home/runner/work/ozone/ozone/hadoop-ozone/integration-test/target/test-dir/MiniOzoneClusterImpl-b6bde346-cb55-4fad-bd7f-e1da966a93e7/datanode-5/data/ratis/ffb51486-03ca-44cc-98c1-4a8e582c3d20/sm/snapshot.8_0 took: 1 ms
2021-11-15 10:01:43,366 [a90e3e6e-a337-4ecb-a7be-5aa85bd5c784@group-4A8E582C3D20-StateMachineUpdater] INFO  impl.StateMachineUpdater (StateMachineUpdater.java:takeSnapshot(281)) - a90e3e6e-a337-4ecb-a7be-5aa85bd5c784@group-4A8E582C3D20-StateMachineUpdater: Took a snapshot at index 0
2021-11-15 10:01:43,366 [a90e3e6e-a337-4ecb-a7be-5aa85bd5c784@group-4A8E582C3D20-StateMachineUpdater] INFO  impl.StateMachineUpdater (StateMachineUpdater.java:lambda$new$0(89)) - a90e3e6e-a337-4ecb-a7be-5aa85bd5c784@group-4A8E582C3D20-StateMachineUpdater: snapshotIndex: updateIncreasingly -1 -> 0
2021-11-15 10:01:43,371 [ForkJoinPool.commonPool-worker-1] INFO  server.RaftServer$Division (ServerState.java:close(419)) - a90e3e6e-a337-4ecb-a7be-5aa85bd5c784@group-4A8E582C3D20: closes. applyIndex: 0
2021-11-15 10:01:43,371 [a90e3e6e-a337-4ecb-a7be-5aa85bd5c784@group-4A8E582C3D20-SegmentedRaftLogWorker] INFO  segmented.SegmentedRaftLogWorker (SegmentedRaftLogWorker.java:run(327)) - a90e3e6e-a337-4ecb-a7be-5aa85bd5c784@group-4A8E582C3D20-SegmentedRaftLogWorker was interrupted, exiting. There are 0 tasks remaining in the queue.
2021-11-15 10:01:43,371 [ForkJoinPool.commonPool-worker-1] INFO  segmented.SegmentedRaftLogWorker (SegmentedRaftLogWorker.java:close(237)) - a90e3e6e-a337-4ecb-a7be-5aa85bd5c784@group-4A8E582C3D20-SegmentedRaftLogWorker close()
2021-11-15 10:01:43,372 [ForkJoinPool.commonPool-worker-1] INFO  server.RaftServer$Division (RaftServerImpl.java:lambda$close$4(412)) - a90e3e6e-a337-4ecb-a7be-5aa85bd5c784@group-5B20D38224D3: shutdown
2021-11-15 10:01:43,372 [ForkJoinPool.commonPool-worker-1] INFO  util.JmxRegister (JmxRegister.java:unregister(73)) - Successfully un-registered JMX Bean with object name Ratis:service=RaftServer,group=group-5B20D38224D3,id=a90e3e6e-a337-4ecb-a7be-5aa85bd5c784
2021-11-15 10:01:43,372 [ForkJoinPool.commonPool-worker-1] INFO  impl.RoleInfo (RoleInfo.java:shutdownLeaderState(91)) - a90e3e6e-a337-4ecb-a7be-5aa85bd5c784: shutdown a90e3e6e-a337-4ecb-a7be-5aa85bd5c784@group-5B20D38224D3-LeaderStateImpl
2021-11-15 10:01:43,372 [ForkJoinPool.commonPool-worker-1] INFO  impl.PendingRequests (PendingRequests.java:sendNotLeaderResponses(282)) - a90e3e6e-a337-4ecb-a7be-5aa85bd5c784@group-5B20D38224D3-PendingRequests: sendNotLeaderResponses
2021-11-15 10:01:43,373 [ForkJoinPool.commonPool-worker-1] INFO  impl.StateMachineUpdater (StateMachineUpdater.java:stopAndJoin(149)) - a90e3e6e-a337-4ecb-a7be-5aa85bd5c784@group-5B20D38224D3-StateMachineUpdater: set stopIndex = 0
2021-11-15 10:01:43,373 [a90e3e6e-a337-4ecb-a7be-5aa85bd5c784@group-5B20D38224D3-StateMachineUpdater] INFO  ratis.ContainerStateMachine (ContainerStateMachine.java:takeSnapshot(292)) - group-5B20D38224D3: Taking a snapshot at:(t:1, i:0) file /home/runner/work/ozone/ozone/hadoop-ozone/integration-test/target/test-dir/MiniOzoneClusterImpl-b6bde346-cb55-4fad-bd7f-e1da966a93e7/datanode-5/data/ratis/e321c5b2-a5d3-44c2-852e-5b20d38224d3/sm/snapshot.1_0
2021-11-15 10:01:43,374 [a90e3e6e-a337-4ecb-a7be-5aa85bd5c784@group-5B20D38224D3-StateMachineUpdater] INFO  ratis.ContainerStateMachine (ContainerStateMachine.java:takeSnapshot(303)) - group-5B20D38224D3: Finished taking a snapshot at:(t:1, i:0) file:/home/runner/work/ozone/ozone/hadoop-ozone/integration-test/target/test-dir/MiniOzoneClusterImpl-b6bde346-cb55-4fad-bd7f-e1da966a93e7/datanode-5/data/ratis/e321c5b2-a5d3-44c2-852e-5b20d38224d3/sm/snapshot.1_0 took: 1 ms
2021-11-15 10:01:43,374 [a90e3e6e-a337-4ecb-a7be-5aa85bd5c784@group-5B20D38224D3-StateMachineUpdater] INFO  impl.StateMachineUpdater (StateMachineUpdater.java:takeSnapshot(281)) - a90e3e6e-a337-4ecb-a7be-5aa85bd5c784@group-5B20D38224D3-StateMachineUpdater: Took a snapshot at index 0
2021-11-15 10:01:43,374 [a90e3e6e-a337-4ecb-a7be-5aa85bd5c784@group-5B20D38224D3-StateMachineUpdater] INFO  impl.StateMachineUpdater (StateMachineUpdater.java:lambda$new$0(89)) - a90e3e6e-a337-4ecb-a7be-5aa85bd5c784@group-5B20D38224D3-StateMachineUpdater: snapshotIndex: updateIncreasingly -1 -> 0
2021-11-15 10:01:43,379 [ForkJoinPool.commonPool-worker-1] INFO  server.RaftServer$Division (ServerState.java:close(419)) - a90e3e6e-a337-4ecb-a7be-5aa85bd5c784@group-5B20D38224D3: closes. applyIndex: 0
2021-11-15 10:01:43,379 [a90e3e6e-a337-4ecb-a7be-5aa85bd5c784@group-5B20D38224D3-SegmentedRaftLogWorker] INFO  segmented.SegmentedRaftLogWorker (SegmentedRaftLogWorker.java:run(327)) - a90e3e6e-a337-4ecb-a7be-5aa85bd5c784@group-5B20D38224D3-SegmentedRaftLogWorker was interrupted, exiting. There are 0 tasks remaining in the queue.
2021-11-15 10:01:43,379 [ForkJoinPool.commonPool-worker-1] INFO  segmented.SegmentedRaftLogWorker (SegmentedRaftLogWorker.java:close(237)) - a90e3e6e-a337-4ecb-a7be-5aa85bd5c784@group-5B20D38224D3-SegmentedRaftLogWorker close()
2021-11-15 10:01:43,381 [ForkJoinPool.commonPool-worker-1] INFO  server.GrpcService (GrpcService.java:closeImpl(262)) - a90e3e6e-a337-4ecb-a7be-5aa85bd5c784: shutdown server with port 44193 now
2021-11-15 10:01:43,382 [ForkJoinPool.commonPool-worker-1] INFO  server.GrpcService (GrpcService.java:closeImpl(271)) - a90e3e6e-a337-4ecb-a7be-5aa85bd5c784: shutdown server with port 44193 successfully
2021-11-15 10:01:43,382 [org.apache.ratis.util.JvmPauseMonitor$$Lambda$532/1515984292@1334e2d5] INFO  util.JvmPauseMonitor (JvmPauseMonitor.java:run(109)) - JvmPauseMonitor-a90e3e6e-a337-4ecb-a7be-5aa85bd5c784: Stopped
2021-11-15 10:01:43,387 [ForkJoinPool.commonPool-worker-1] INFO  utils.BackgroundService (BackgroundService.java:shutdown(132)) - Shutting down service BlockDeletingService
2021-11-15 10:01:46,389 [ForkJoinPool.commonPool-worker-1] INFO  statemachine.DatanodeStateMachine (DatanodeStateMachine.java:stopDaemon(526)) - Ozone container server stopped.
2021-11-15 10:01:46,393 [ForkJoinPool.commonPool-worker-1] INFO  handler.ContextHandler (ContextHandler.java:doStop(1153)) - Stopped o.e.j.w.WebAppContext@a5b52f9{hddsDatanode,/,null,STOPPED}{jar:file:/home/runner/.m2/repository/org/apache/ozone/hdds-container-service/1.2.0-SNAPSHOT/hdds-container-service-1.2.0-SNAPSHOT.jar!/webapps/hddsDatanode}
2021-11-15 10:01:46,394 [ForkJoinPool.commonPool-worker-1] INFO  server.AbstractConnector (AbstractConnector.java:doStop(381)) - Stopped ServerConnector@379d2a09{HTTP/1.1, (http/1.1)}{0.0.0.0:0}
2021-11-15 10:01:46,394 [ForkJoinPool.commonPool-worker-1] INFO  server.session (HouseKeeper.java:stopScavenging(149)) - node0 Stopped scavenging
2021-11-15 10:01:46,394 [ForkJoinPool.commonPool-worker-1] INFO  handler.ContextHandler (ContextHandler.java:doStop(1153)) - Stopped o.e.j.s.ServletContextHandler@39729db0{static,/static,jar:file:/home/runner/.m2/repository/org/apache/ozone/hdds-container-service/1.2.0-SNAPSHOT/hdds-container-service-1.2.0-SNAPSHOT.jar!/webapps/static,STOPPED}
2021-11-15 10:01:46,395 [ForkJoinPool.commonPool-worker-1] INFO  handler.ContextHandler (ContextHandler.java:doStop(1153)) - Stopped o.e.j.s.ServletContextHandler@3ec1f491{logs,/logs,file:///home/runner/work/ozone/ozone/hadoop-ozone/integration-test/target/log,STOPPED}
2021-11-15 10:01:46,412 [Listener at 127.0.0.1/43215] INFO  ozone.MiniOzoneClusterImpl (MiniOzoneClusterImpl.java:stopSCM(542)) - Stopping the StorageContainerManager
2021-11-15 10:01:46,412 [Listener at 127.0.0.1/43215] INFO  server.StorageContainerManager (StorageContainerManager.java:stop(1395)) - Stopping Container Balancer service.
2021-11-15 10:01:46,412 [Listener at 127.0.0.1/43215] INFO  balancer.ContainerBalancer (ContainerBalancer.java:stop(773)) - Container Balancer is not running.
2021-11-15 10:01:46,412 [Listener at 127.0.0.1/43215] INFO  server.StorageContainerManager (StorageContainerManager.java:stop(1402)) - Stopping Replication Manager Service.
2021-11-15 10:01:46,413 [Listener at 127.0.0.1/43215] INFO  container.ReplicationManager (ReplicationManager.java:stop(350)) - Stopping Replication Monitor Thread.
2021-11-15 10:01:46,413 [Listener at 127.0.0.1/43215] INFO  server.StorageContainerManager (StorageContainerManager.java:stop(1409)) - Stopping the Datanode Admin Monitor.
2021-11-15 10:01:46,413 [Listener at 127.0.0.1/43215] INFO  server.StorageContainerManager (StorageContainerManager.java:stop(1416)) - Stopping Lease Manager of the command watchers
2021-11-15 10:01:46,413 [Listener at 127.0.0.1/43215] INFO  server.StorageContainerManager (StorageContainerManager.java:stop(1423)) - Stopping datanode service RPC server
2021-11-15 10:01:46,413 [Listener at 127.0.0.1/43215] INFO  server.SCMDatanodeProtocolServer (SCMDatanodeProtocolServer.java:stop(389)) - Stopping the RPC server for DataNodes
2021-11-15 10:01:46,413 [Listener at 127.0.0.1/43215] INFO  ipc.Server (Server.java:stop(3414)) - Stopping server on 37589
2021-11-15 10:01:46,419 [IPC Server Responder] INFO  ipc.Server (Server.java:run(1512)) - Stopping IPC Server Responder
2021-11-15 10:01:46,419 [IPC Server listener on 0] INFO  ipc.Server (Server.java:run(1376)) - Stopping IPC Server listener on 0
2021-11-15 10:01:46,479 [SCM Heartbeat Processing Thread - 0] WARN  node.NodeStateManager (NodeStateManager.java:scheduleNextHealthCheck(799)) - Current Thread is interrupted, shutting down HB processing thread for Node Manager.
2021-11-15 10:01:46,479 [Listener at 127.0.0.1/43215] INFO  server.StorageContainerManager (StorageContainerManager.java:stop(1431)) - Stopping block service RPC server
2021-11-15 10:01:46,480 [Listener at 127.0.0.1/43215] INFO  server.SCMBlockProtocolServer (SCMBlockProtocolServer.java:stop(160)) - Stopping the RPC server for Block Protocol
2021-11-15 10:01:46,480 [Listener at 127.0.0.1/43215] INFO  ipc.Server (Server.java:stop(3414)) - Stopping server on 40577
2021-11-15 10:01:46,481 [Listener at 127.0.0.1/43215] INFO  server.StorageContainerManager (StorageContainerManager.java:stop(1438)) - Stopping the StorageContainerLocationProtocol RPC server
2021-11-15 10:01:46,481 [Listener at 127.0.0.1/43215] INFO  server.SCMClientProtocolServer (SCMClientProtocolServer.java:stop(173)) - Stopping the RPC server for Client Protocol
2021-11-15 10:01:46,482 [Listener at 127.0.0.1/43215] INFO  ipc.Server (Server.java:stop(3414)) - Stopping server on 35147
2021-11-15 10:01:46,482 [IPC Server Responder] INFO  ipc.Server (Server.java:run(1512)) - Stopping IPC Server Responder
2021-11-15 10:01:46,482 [IPC Server listener on 0] INFO  ipc.Server (Server.java:run(1376)) - Stopping IPC Server listener on 0
2021-11-15 10:01:46,485 [Listener at 127.0.0.1/43215] INFO  server.StorageContainerManager (StorageContainerManager.java:stop(1445)) - Stopping Storage Container Manager HTTP server.
2021-11-15 10:01:46,485 [IPC Server Responder] INFO  ipc.Server (Server.java:run(1512)) - Stopping IPC Server Responder
2021-11-15 10:01:46,486 [IPC Server listener on 0] INFO  ipc.Server (Server.java:run(1376)) - Stopping IPC Server listener on 0
2021-11-15 10:01:46,486 [Listener at 127.0.0.1/43215] INFO  handler.ContextHandler (ContextHandler.java:doStop(1153)) - Stopped o.e.j.w.WebAppContext@3a5874e8{scm,/,null,STOPPED}{file:/home/runner/work/ozone/ozone/hadoop-ozone/integration-test/target/test-classes/webapps/scm}
2021-11-15 10:01:46,487 [Listener at 127.0.0.1/43215] INFO  server.AbstractConnector (AbstractConnector.java:doStop(381)) - Stopped ServerConnector@36bfcf9a{HTTP/1.1, (http/1.1)}{0.0.0.0:0}
2021-11-15 10:01:46,488 [Listener at 127.0.0.1/43215] INFO  server.session (HouseKeeper.java:stopScavenging(149)) - node0 Stopped scavenging
2021-11-15 10:01:46,488 [Listener at 127.0.0.1/43215] INFO  handler.ContextHandler (ContextHandler.java:doStop(1153)) - Stopped o.e.j.s.ServletContextHandler@5b04fe4e{static,/static,file:///home/runner/work/ozone/ozone/hadoop-ozone/integration-test/target/test-classes/webapps/static,STOPPED}
2021-11-15 10:01:46,488 [Listener at 127.0.0.1/43215] INFO  handler.ContextHandler (ContextHandler.java:doStop(1153)) - Stopped o.e.j.s.ServletContextHandler@2c217a59{logs,/logs,file:///home/runner/work/ozone/ozone/hadoop-ozone/integration-test/target/log,STOPPED}
2021-11-15 10:01:46,489 [Listener at 127.0.0.1/43215] INFO  server.StorageContainerManager (StorageContainerManager.java:stop(1456)) - Stopping Block Manager Service.
2021-11-15 10:01:46,489 [Listener at 127.0.0.1/43215] INFO  utils.BackgroundService (BackgroundService.java:shutdown(132)) - Shutting down service SCMBlockDeletingService
2021-11-15 10:01:46,490 [Listener at 127.0.0.1/43215] INFO  utils.BackgroundService (BackgroundService.java:shutdown(132)) - Shutting down service SCMBlockDeletingService
2021-11-15 10:01:46,490 [Listener at 127.0.0.1/43215] INFO  server.StorageContainerManager (StorageContainerManager.java:stop(1483)) - Stopping SCM Event Queue.
2021-11-15 10:01:46,493 [Listener at 127.0.0.1/43215] INFO  server.StorageContainerManager (StorageContainerManager.java:stop(1494)) - Stopping SCM HA services.
2021-11-15 10:01:46,493 [Listener at 127.0.0.1/43215] INFO  pipeline.BackgroundPipelineCreator (BackgroundPipelineCreator.java:stop(158)) - Stopping RatisPipelineUtilsThread.
2021-11-15 10:01:46,493 [Listener at 127.0.0.1/43215] INFO  server.StorageContainerManager (StorageContainerManager.java:stop(1504)) - Stopping SCM MetadataStore.
2021-11-15 10:01:46,495 [Listener at 127.0.0.1/43215] INFO  impl.MetricsSystemImpl (MetricsSystemImpl.java:stop(210)) - Stopping XceiverClientMetrics metrics system...
2021-11-15 10:01:46,542 [Listener at 127.0.0.1/43215] INFO  impl.MetricsSystemImpl (MetricsSystemImpl.java:stop(216)) - XceiverClientMetrics metrics system stopped.
]]></system-out>
  </testcase>
  <testcase name="testDatanodeFailureWithPreAllocation" classname="org.apache.hadoop.ozone.client.rpc.TestBlockOutputStreamWithFailures" time="111.566"/>
  <testcase name="testDatanodeFailureWithSingleNodeRatis" classname="org.apache.hadoop.ozone.client.rpc.TestBlockOutputStreamWithFailures" time="101.123"/>
  <testcase name="testWatchForCommitDatanodeFailure" classname="org.apache.hadoop.ozone.client.rpc.TestBlockOutputStreamWithFailures" time="61.152"/>
  <testcase name="testContainerClose" classname="org.apache.hadoop.ozone.client.rpc.TestBlockOutputStreamWithFailures" time="69.853"/>
</testsuite>