<?xml version="1.0" encoding="UTF-8"?>
<testsuite xmlns:xsi="http://www.w3.org/2001/XMLSchema-instance" xsi:noNamespaceSchemaLocation="https://maven.apache.org/surefire/maven-surefire-plugin/xsd/surefire-test-report-3.0.xsd" version="3.0" name="org.apache.hadoop.ozone.client.rpc.TestWatchForCommit" time="37.647" tests="1" errors="0" skipped="0" failures="0">
  <properties>
    <property name="awt.toolkit" value="sun.awt.X11.XToolkit"/>
    <property name="file.encoding.pkg" value="sun.io"/>
    <property name="java.specification.version" value="1.8"/>
    <property name="sun.cpu.isalist" value=""/>
    <property name="sun.jnu.encoding" value="UTF-8"/>
    <property name="gradle.enterprise.listener.surefire.forkId" value="1"/>
    <property name="java.class.path" value="/home/runner/work/ozone/ozone/hadoop-ozone/integration-test/target/test-classes:/home/runner/work/ozone/ozone/hadoop-ozone/integration-test/target/classes:/home/runner/.m2/repository/org/apache/ozone/ozone-common/1.5.0-SNAPSHOT/ozone-common-1.5.0-SNAPSHOT.jar:/home/runner/.m2/repository/io/grpc/grpc-netty/1.58.0/grpc-netty-1.58.0.jar:/home/runner/.m2/repository/io/grpc/grpc-core/1.58.0/grpc-core-1.58.0.jar:/home/runner/.m2/repository/com/google/android/annotations/4.1.1.4/annotations-4.1.1.4.jar:/home/runner/.m2/repository/org/codehaus/mojo/animal-sniffer-annotations/1.23/animal-sniffer-annotations-1.23.jar:/home/runner/.m2/repository/io/grpc/grpc-context/1.58.0/grpc-context-1.58.0.jar:/home/runner/.m2/repository/io/grpc/grpc-util/1.58.0/grpc-util-1.58.0.jar:/home/runner/.m2/repository/com/google/errorprone/error_prone_annotations/2.2.0/error_prone_annotations-2.2.0.jar:/home/runner/.m2/repository/io/perfmark/perfmark-api/0.26.0/perfmark-api-0.26.0.jar:/home/runner/.m2/repository/io/netty/netty-codec-http2/4.1.100.Final/netty-codec-http2-4.1.100.Final.jar:/home/runner/.m2/repository/io/netty/netty-common/4.1.100.Final/netty-common-4.1.100.Final.jar:/home/runner/.m2/repository/io/netty/netty-buffer/4.1.100.Final/netty-buffer-4.1.100.Final.jar:/home/runner/.m2/repository/io/netty/netty-codec-http/4.1.100.Final/netty-codec-http-4.1.100.Final.jar:/home/runner/.m2/repository/io/netty/netty-handler-proxy/4.1.100.Final/netty-handler-proxy-4.1.100.Final.jar:/home/runner/.m2/repository/io/netty/netty-codec-socks/4.1.100.Final/netty-codec-socks-4.1.100.Final.jar:/home/runner/.m2/repository/io/netty/netty-tcnative-boringssl-static/2.0.61.Final/netty-tcnative-boringssl-static-2.0.61.Final.jar:/home/runner/.m2/repository/io/netty/netty-tcnative-classes/2.0.61.Final/netty-tcnative-classes-2.0.61.Final.jar:/home/runner/.m2/repository/io/netty/netty-tcnative-boringssl-static/2.0.61.Final/netty-tcnative-boringssl-static-2.0.61.Final-linux-x86_64.jar:/home/runner/.m2/repository/io/netty/netty-tcnative-boringssl-static/2.0.61.Final/netty-tcnative-boringssl-static-2.0.61.Final-linux-aarch_64.jar:/home/runner/.m2/repository/io/netty/netty-tcnative-boringssl-static/2.0.61.Final/netty-tcnative-boringssl-static-2.0.61.Final-osx-x86_64.jar:/home/runner/.m2/repository/io/netty/netty-tcnative-boringssl-static/2.0.61.Final/netty-tcnative-boringssl-static-2.0.61.Final-osx-aarch_64.jar:/home/runner/.m2/repository/io/netty/netty-tcnative-boringssl-static/2.0.61.Final/netty-tcnative-boringssl-static-2.0.61.Final-windows-x86_64.jar:/home/runner/.m2/repository/org/apache/commons/commons-compress/1.25.0/commons-compress-1.25.0.jar:/home/runner/.m2/repository/org/apache/ozone/hdds-common/1.5.0-SNAPSHOT/hdds-common-1.5.0-SNAPSHOT.jar:/home/runner/.m2/repository/org/apache/ozone/hdds-client/1.5.0-SNAPSHOT/hdds-client-1.5.0-SNAPSHOT.jar:/home/runner/.m2/repository/org/apache/ozone/ozone-interface-client/1.5.0-SNAPSHOT/ozone-interface-client-1.5.0-SNAPSHOT.jar:/home/runner/.m2/repository/org/apache/hadoop/hadoop-hdfs-client/3.3.6/hadoop-hdfs-client-3.3.6.jar:/home/runner/.m2/repository/com/squareup/okhttp3/okhttp/4.12.0/okhttp-4.12.0.jar:/home/runner/.m2/repository/com/squareup/okio/okio/3.6.0/okio-3.6.0.jar:/home/runner/.m2/repository/com/squareup/okio/okio-jvm/3.6.0/okio-jvm-3.6.0.jar:/home/runner/.m2/repository/org/jetbrains/kotlin/kotlin-stdlib-jdk8/1.9.22/kotlin-stdlib-jdk8-1.9.22.jar:/home/runner/.m2/repository/org/jetbrains/kotlin/kotlin-stdlib-jdk7/1.9.22/kotlin-stdlib-jdk7-1.9.22.jar:/home/runner/.m2/repository/org/jetbrains/kotlin/kotlin-stdlib-common/1.9.22/kotlin-stdlib-common-1.9.22.jar:/home/runner/.m2/repository/org/apache/ozone/hdds-test-utils/1.5.0-SNAPSHOT/hdds-test-utils-1.5.0-SNAPSHOT.jar:/home/runner/.m2/repository/org/assertj/assertj-core/3.12.2/assertj-core-3.12.2.jar:/home/runner/.m2/repository/com/google/guava/guava/32.0.0-jre/guava-32.0.0-jre.jar:/home/runner/.m2/repository/com/google/guava/failureaccess/1.0.1/failureaccess-1.0.1.jar:/home/runner/.m2/repository/com/google/guava/listenablefuture/9999.0-empty-to-avoid-conflict-with-guava/listenablefuture-9999.0-empty-to-avoid-conflict-with-guava.jar:/home/runner/.m2/repository/com/google/code/findbugs/jsr305/3.0.0/jsr305-3.0.0.jar:/home/runner/.m2/repository/org/checkerframework/checker-qual/3.33.0/checker-qual-3.33.0.jar:/home/runner/.m2/repository/com/google/j2objc/j2objc-annotations/2.8/j2objc-annotations-2.8.jar:/home/runner/.m2/repository/commons-io/commons-io/2.11.0/commons-io-2.11.0.jar:/home/runner/.m2/repository/commons-logging/commons-logging/1.2/commons-logging-1.2.jar:/home/runner/.m2/repository/org/junit/jupiter/junit-jupiter-api/5.10.1/junit-jupiter-api-5.10.1.jar:/home/runner/.m2/repository/org/opentest4j/opentest4j/1.3.0/opentest4j-1.3.0.jar:/home/runner/.m2/repository/org/junit/platform/junit-platform-commons/1.10.1/junit-platform-commons-1.10.1.jar:/home/runner/.m2/repository/ch/qos/reload4j/reload4j/1.2.25/reload4j-1.2.25.jar:/home/runner/.m2/repository/jakarta/annotation/jakarta.annotation-api/2.1.1/jakarta.annotation-api-2.1.1.jar:/home/runner/.m2/repository/org/slf4j/slf4j-api/2.0.10/slf4j-api-2.0.10.jar:/home/runner/.m2/repository/org/apache/logging/log4j/log4j-api/2.17.1/log4j-api-2.17.1.jar:/home/runner/.m2/repository/org/apache/ozone/hdds-server-scm/1.5.0-SNAPSHOT/hdds-server-scm-1.5.0-SNAPSHOT.jar:/home/runner/.m2/repository/com/google/protobuf/protobuf-java/2.5.0/protobuf-java-2.5.0.jar:/home/runner/.m2/repository/org/apache/ozone/hdds-container-service/1.5.0-SNAPSHOT/hdds-container-service-1.5.0-SNAPSHOT.jar:/home/runner/.m2/repository/org/apache/ozone/hdds-hadoop-dependency-server/1.5.0-SNAPSHOT/hdds-hadoop-dependency-server-1.5.0-SNAPSHOT.jar:/home/runner/.m2/repository/org/apache/hadoop/hadoop-hdfs/3.3.6/hadoop-hdfs-3.3.6.jar:/home/runner/.m2/repository/commons-daemon/commons-daemon/1.0.13/commons-daemon-1.0.13.jar:/home/runner/.m2/repository/org/apache/ozone/hdds-server-framework/1.5.0-SNAPSHOT/hdds-server-framework-1.5.0-SNAPSHOT.jar:/home/runner/.m2/repository/org/bouncycastle/bcprov-jdk18on/1.77/bcprov-jdk18on-1.77.jar:/home/runner/.m2/repository/io/dropwizard/metrics/metrics-core/3.2.4/metrics-core-3.2.4.jar:/home/runner/.m2/repository/org/apache/commons/commons-text/1.11.0/commons-text-1.11.0.jar:/home/runner/.m2/repository/org/apache/ozone/hdds-server-framework/1.5.0-SNAPSHOT/hdds-server-framework-1.5.0-SNAPSHOT-tests.jar:/home/runner/.m2/repository/org/apache/ozone/hdds-interface-server/1.5.0-SNAPSHOT/hdds-interface-server-1.5.0-SNAPSHOT.jar:/home/runner/.m2/repository/org/apache/ozone/hdds-interface-admin/1.5.0-SNAPSHOT/hdds-interface-admin-1.5.0-SNAPSHOT.jar:/home/runner/.m2/repository/org/apache/ozone/hdds-managed-rocksdb/1.5.0-SNAPSHOT/hdds-managed-rocksdb-1.5.0-SNAPSHOT.jar:/home/runner/.m2/repository/org/rocksdb/rocksdbjni/7.7.3/rocksdbjni-7.7.3.jar:/home/runner/.m2/repository/org/slf4j/slf4j-reload4j/2.0.10/slf4j-reload4j-2.0.10.jar:/home/runner/.m2/repository/org/apache/commons/commons-configuration2/2.8.0/commons-configuration2-2.8.0.jar:/home/runner/.m2/repository/commons-fileupload/commons-fileupload/1.5/commons-fileupload-1.5.jar:/home/runner/.m2/repository/org/apache/logging/log4j/log4j-core/2.17.1/log4j-core-2.17.1.jar:/home/runner/.m2/repository/com/lmax/disruptor/3.4.2/disruptor-3.4.2.jar:/home/runner/.m2/repository/org/eclipse/jetty/jetty-util/9.4.53.v20231009/jetty-util-9.4.53.v20231009.jar:/home/runner/.m2/repository/org/eclipse/jetty/jetty-server/9.4.53.v20231009/jetty-server-9.4.53.v20231009.jar:/home/runner/.m2/repository/org/eclipse/jetty/jetty-http/9.4.53.v20231009/jetty-http-9.4.53.v20231009.jar:/home/runner/.m2/repository/org/eclipse/jetty/jetty-io/9.4.53.v20231009/jetty-io-9.4.53.v20231009.jar:/home/runner/.m2/repository/org/eclipse/jetty/jetty-servlet/9.4.53.v20231009/jetty-servlet-9.4.53.v20231009.jar:/home/runner/.m2/repository/org/eclipse/jetty/jetty-security/9.4.53.v20231009/jetty-security-9.4.53.v20231009.jar:/home/runner/.m2/repository/org/eclipse/jetty/jetty-util-ajax/9.4.53.v20231009/jetty-util-ajax-9.4.53.v20231009.jar:/home/runner/.m2/repository/org/eclipse/jetty/jetty-webapp/9.4.53.v20231009/jetty-webapp-9.4.53.v20231009.jar:/home/runner/.m2/repository/org/eclipse/jetty/jetty-xml/9.4.53.v20231009/jetty-xml-9.4.53.v20231009.jar:/home/runner/.m2/repository/org/apache/ratis/ratis-server/3.0.1/ratis-server-3.0.1.jar:/home/runner/.m2/repository/org/apache/ratis/ratis-thirdparty-misc/1.0.5/ratis-thirdparty-misc-1.0.5.jar:/home/runner/.m2/repository/org/apache/ratis/ratis-proto/3.0.1/ratis-proto-3.0.1.jar:/home/runner/.m2/repository/org/apache/ratis/ratis-common/3.0.1/ratis-common-3.0.1.jar:/home/runner/.m2/repository/org/apache/ratis/ratis-client/3.0.1/ratis-client-3.0.1.jar:/home/runner/.m2/repository/org/apache/ratis/ratis-server-api/3.0.1/ratis-server-api-3.0.1.jar:/home/runner/.m2/repository/org/apache/ratis/ratis-metrics-api/3.0.1/ratis-metrics-api-3.0.1.jar:/home/runner/.m2/repository/org/apache/ratis/ratis-metrics-dropwizard3/3.0.1/ratis-metrics-dropwizard3-3.0.1.jar:/home/runner/.m2/repository/io/prometheus/simpleclient_dropwizard/0.16.0/simpleclient_dropwizard-0.16.0.jar:/home/runner/.m2/repository/io/prometheus/simpleclient/0.16.0/simpleclient-0.16.0.jar:/home/runner/.m2/repository/io/prometheus/simpleclient_common/0.16.0/simpleclient_common-0.16.0.jar:/home/runner/.m2/repository/com/fasterxml/jackson/datatype/jackson-datatype-jsr310/2.13.4/jackson-datatype-jsr310-2.13.4.jar:/home/runner/.m2/repository/com/fasterxml/jackson/core/jackson-core/2.13.4/jackson-core-2.13.4.jar:/home/runner/.m2/repository/org/apache/ozone/rocksdb-checkpoint-differ/1.5.0-SNAPSHOT/rocksdb-checkpoint-differ-1.5.0-SNAPSHOT.jar:/home/runner/.m2/repository/org/jgrapht/jgrapht-core/1.0.1/jgrapht-core-1.0.1.jar:/home/runner/.m2/repository/org/jgrapht/jgrapht-ext/1.0.1/jgrapht-ext-1.0.1.jar:/home/runner/.m2/repository/org/tinyjee/jgraphx/jgraphx/2.0.0.1/jgraphx-2.0.0.1.jar:/home/runner/.m2/repository/jgraph/jgraph/5.13.0.0/jgraph-5.13.0.0.jar:/home/runner/.m2/repository/org/antlr/antlr4-runtime/4.5.3/antlr4-runtime-4.5.3.jar:/home/runner/.m2/repository/org/apache/ozone/ozone-manager/1.5.0-SNAPSHOT/ozone-manager-1.5.0-SNAPSHOT.jar:/home/runner/.m2/repository/org/aspectj/aspectjrt/1.9.7/aspectjrt-1.9.7.jar:/home/runner/.m2/repository/org/aspectj/aspectjweaver/1.9.7/aspectjweaver-1.9.7.jar:/home/runner/.m2/repository/org/apache/ozone/hdds-interface-client/1.5.0-SNAPSHOT/hdds-interface-client-1.5.0-SNAPSHOT.jar:/home/runner/.m2/repository/org/apache/hadoop/thirdparty/hadoop-shaded-protobuf_3_7/1.1.1/hadoop-shaded-protobuf_3_7-1.1.1.jar:/home/runner/.m2/repository/org/apache/ozone/ozone-interface-storage/1.5.0-SNAPSHOT/ozone-interface-storage-1.5.0-SNAPSHOT.jar:/home/runner/.m2/repository/org/reflections/reflections/0.9.11/reflections-0.9.11.jar:/home/runner/.m2/repository/com/sun/jersey/jersey-client/1.19.4/jersey-client-1.19.4.jar:/home/runner/.m2/repository/org/codehaus/jackson/jackson-core-asl/1.9.13/jackson-core-asl-1.9.13.jar:/home/runner/.m2/repository/org/codehaus/jackson/jackson-mapper-asl/1.9.13/jackson-mapper-asl-1.9.13.jar:/home/runner/.m2/repository/org/codehaus/jackson/jackson-jaxrs/1.9.13/jackson-jaxrs-1.9.13.jar:/home/runner/.m2/repository/org/apache/ranger/ranger-intg/2.3.0/ranger-intg-2.3.0.jar:/home/runner/.m2/repository/org/apache/ranger/ranger-plugins-common/2.3.0/ranger-plugins-common-2.3.0.jar:/home/runner/.m2/repository/commons-lang/commons-lang/2.6/commons-lang-2.6.jar:/home/runner/.m2/repository/org/apache/ranger/ranger-plugins-cred/2.3.0/ranger-plugins-cred-2.3.0.jar:/home/runner/.m2/repository/org/apache/ranger/ranger-plugins-audit/2.3.0/ranger-plugins-audit-2.3.0.jar:/home/runner/.m2/repository/org/eclipse/jetty/jetty-client/9.4.53.v20231009/jetty-client-9.4.53.v20231009.jar:/home/runner/.m2/repository/org/apache/httpcomponents/httpmime/4.5.6/httpmime-4.5.6.jar:/home/runner/.m2/repository/org/apache/httpcomponents/httpcore-nio/4.4.16/httpcore-nio-4.4.16.jar:/home/runner/.m2/repository/org/apache/httpcomponents/httpasyncclient/4.1.3/httpasyncclient-4.1.3.jar:/home/runner/.m2/repository/com/carrotsearch/hppc/0.8.0/hppc-0.8.0.jar:/home/runner/.m2/repository/org/apache/orc/orc-core/1.5.8/orc-core-1.5.8.jar:/home/runner/.m2/repository/net/java/dev/jna/jna/5.2.0/jna-5.2.0.jar:/home/runner/.m2/repository/net/java/dev/jna/jna-platform/5.2.0/jna-platform-5.2.0.jar:/home/runner/.m2/repository/com/kstruct/gethostname4j/0.0.2/gethostname4j-0.0.2.jar:/home/runner/.m2/repository/org/apache/ranger/ranger-plugin-classloader/2.3.0/ranger-plugin-classloader-2.3.0.jar:/home/runner/.m2/repository/org/apache/ozone/hdds-rocks-native/1.5.0-SNAPSHOT/hdds-rocks-native-1.5.0-SNAPSHOT.jar:/home/runner/.m2/repository/org/apache/hadoop/hadoop-minikdc/3.3.6/hadoop-minikdc-3.3.6.jar:/home/runner/.m2/repository/org/apache/kerby/kerb-simplekdc/1.0.1/kerb-simplekdc-1.0.1.jar:/home/runner/.m2/repository/org/apache/kerby/kerb-client/1.0.1/kerb-client-1.0.1.jar:/home/runner/.m2/repository/org/apache/kerby/kerby-config/1.0.1/kerby-config-1.0.1.jar:/home/runner/.m2/repository/org/apache/kerby/kerb-common/1.0.1/kerb-common-1.0.1.jar:/home/runner/.m2/repository/org/apache/kerby/kerb-crypto/1.0.1/kerb-crypto-1.0.1.jar:/home/runner/.m2/repository/org/apache/kerby/kerb-util/1.0.1/kerb-util-1.0.1.jar:/home/runner/.m2/repository/org/apache/kerby/token-provider/1.0.1/token-provider-1.0.1.jar:/home/runner/.m2/repository/org/apache/kerby/kerb-admin/1.0.1/kerb-admin-1.0.1.jar:/home/runner/.m2/repository/org/apache/kerby/kerb-server/1.0.1/kerb-server-1.0.1.jar:/home/runner/.m2/repository/org/apache/kerby/kerb-identity/1.0.1/kerb-identity-1.0.1.jar:/home/runner/.m2/repository/org/apache/kerby/kerby-xdr/1.0.1/kerby-xdr-1.0.1.jar:/home/runner/.m2/repository/junit/junit/4.13.2/junit-4.13.2.jar:/home/runner/.m2/repository/org/hamcrest/hamcrest-core/1.3/hamcrest-core-1.3.jar:/home/runner/.m2/repository/org/apache/ozone/ozone-s3gateway/1.5.0-SNAPSHOT/ozone-s3gateway-1.5.0-SNAPSHOT.jar:/home/runner/.m2/repository/org/javassist/javassist/3.21.0-GA/javassist-3.21.0-GA.jar:/home/runner/.m2/repository/org/jboss/weld/servlet/weld-servlet-shaded/3.1.9.Final/weld-servlet-shaded-3.1.9.Final.jar:/home/runner/.m2/repository/org/glassfish/jersey/containers/jersey-container-servlet-core/2.41/jersey-container-servlet-core-2.41.jar:/home/runner/.m2/repository/org/glassfish/hk2/external/jakarta.inject/2.6.1/jakarta.inject-2.6.1.jar:/home/runner/.m2/repository/org/glassfish/jersey/core/jersey-common/2.41/jersey-common-2.41.jar:/home/runner/.m2/repository/jakarta/ws/rs/jakarta.ws.rs-api/2.1.6/jakarta.ws.rs-api-2.1.6.jar:/home/runner/.m2/repository/org/glassfish/jersey/ext/cdi/jersey-cdi1x/2.41/jersey-cdi1x-2.41.jar:/home/runner/.m2/repository/org/glassfish/jersey/inject/jersey-hk2/2.41/jersey-hk2-2.41.jar:/home/runner/.m2/repository/org/glassfish/hk2/hk2-locator/2.6.1/hk2-locator-2.6.1.jar:/home/runner/.m2/repository/org/glassfish/jersey/media/jersey-media-jaxb/2.41/jersey-media-jaxb-2.41.jar:/home/runner/.m2/repository/org/glassfish/hk2/osgi-resource-locator/1.0.3/osgi-resource-locator-1.0.3.jar:/home/runner/.m2/repository/org/glassfish/hk2/hk2-api/2.6.1/hk2-api-2.6.1.jar:/home/runner/.m2/repository/org/glassfish/hk2/hk2-utils/2.6.1/hk2-utils-2.6.1.jar:/home/runner/.m2/repository/org/glassfish/hk2/external/aopalliance-repackaged/2.6.1/aopalliance-repackaged-2.6.1.jar:/home/runner/.m2/repository/com/fasterxml/jackson/dataformat/jackson-dataformat-xml/2.13.4/jackson-dataformat-xml-2.13.4.jar:/home/runner/.m2/repository/org/codehaus/woodstox/stax2-api/4.2.2/stax2-api-4.2.2.jar:/home/runner/.m2/repository/com/fasterxml/woodstox/woodstox-core/5.4.0/woodstox-core-5.4.0.jar:/home/runner/.m2/repository/com/fasterxml/jackson/module/jackson-module-jaxb-annotations/2.13.4/jackson-module-jaxb-annotations-2.13.4.jar:/home/runner/.m2/repository/javax/enterprise/cdi-api/2.0/cdi-api-2.0.jar:/home/runner/.m2/repository/javax/el/javax.el-api/3.0.0/javax.el-api-3.0.0.jar:/home/runner/.m2/repository/javax/interceptor/javax.interceptor-api/1.2/javax.interceptor-api-1.2.jar:/home/runner/.m2/repository/javax/inject/javax.inject/1/javax.inject-1.jar:/home/runner/.m2/repository/jakarta/xml/bind/jakarta.xml.bind-api/2.3.3/jakarta.xml.bind-api-2.3.3.jar:/home/runner/.m2/repository/org/glassfish/jaxb/jaxb-runtime/2.3.9/jaxb-runtime-2.3.9.jar:/home/runner/.m2/repository/org/glassfish/jaxb/txw2/2.3.9/txw2-2.3.9.jar:/home/runner/.m2/repository/com/sun/istack/istack-commons-runtime/3.0.12/istack-commons-runtime-3.0.12.jar:/home/runner/.m2/repository/com/sun/activation/jakarta.activation/1.2.2/jakarta.activation-1.2.2.jar:/home/runner/.m2/repository/jakarta/activation/jakarta.activation-api/1.2.2/jakarta.activation-api-1.2.2.jar:/home/runner/.m2/repository/io/grpc/grpc-protobuf/1.58.0/grpc-protobuf-1.58.0.jar:/home/runner/.m2/repository/com/google/api/grpc/proto-google-common-protos/2.22.0/proto-google-common-protos-2.22.0.jar:/home/runner/.m2/repository/io/grpc/grpc-protobuf-lite/1.58.0/grpc-protobuf-lite-1.58.0.jar:/home/runner/.m2/repository/io/grpc/grpc-stub/1.58.0/grpc-stub-1.58.0.jar:/home/runner/.m2/repository/io/netty/netty-transport/4.1.100.Final/netty-transport-4.1.100.Final.jar:/home/runner/.m2/repository/io/netty/netty-resolver/4.1.100.Final/netty-resolver-4.1.100.Final.jar:/home/runner/.m2/repository/org/apache/ozone/ozone-csi/1.5.0-SNAPSHOT/ozone-csi-1.5.0-SNAPSHOT.jar:/home/runner/.m2/repository/com/google/protobuf/protobuf-java-util/3.19.6/protobuf-java-util-3.19.6.jar:/home/runner/.m2/repository/com/google/code/gson/gson/2.9.0/gson-2.9.0.jar:/home/runner/.m2/repository/org/apache/ozone/hdds-config/1.5.0-SNAPSHOT/hdds-config-1.5.0-SNAPSHOT.jar:/home/runner/.m2/repository/io/netty/netty-transport-native-epoll/4.1.100.Final/netty-transport-native-epoll-4.1.100.Final-linux-x86_64.jar:/home/runner/.m2/repository/io/netty/netty-transport-classes-epoll/4.1.100.Final/netty-transport-classes-epoll-4.1.100.Final.jar:/home/runner/.m2/repository/io/netty/netty-transport-native-unix-common/4.1.100.Final/netty-transport-native-unix-common-4.1.100.Final.jar:/home/runner/.m2/repository/org/apache/ozone/ozone-recon/1.5.0-SNAPSHOT/ozone-recon-1.5.0-SNAPSHOT.jar:/home/runner/.m2/repository/org/apache/ozone/ozone-reconcodegen/1.5.0-SNAPSHOT/ozone-reconcodegen-1.5.0-SNAPSHOT.jar:/home/runner/.m2/repository/com/google/inject/guice/5.1.0/guice-5.1.0.jar:/home/runner/.m2/repository/aopalliance/aopalliance/1.0/aopalliance-1.0.jar:/home/runner/.m2/repository/com/google/inject/extensions/guice-assistedinject/5.1.0/guice-assistedinject-5.1.0.jar:/home/runner/.m2/repository/com/google/inject/extensions/guice-servlet/5.1.0/guice-servlet-5.1.0.jar:/home/runner/.m2/repository/org/glassfish/jersey/containers/jersey-container-servlet/2.41/jersey-container-servlet-2.41.jar:/home/runner/.m2/repository/org/glassfish/hk2/guice-bridge/2.6.1/guice-bridge-2.6.1.jar:/home/runner/.m2/repository/org/glassfish/jersey/core/jersey-server/2.41/jersey-server-2.41.jar:/home/runner/.m2/repository/org/glassfish/jersey/core/jersey-client/2.41/jersey-client-2.41.jar:/home/runner/.m2/repository/jakarta/validation/jakarta.validation-api/2.0.2/jakarta.validation-api-2.0.2.jar:/home/runner/.m2/repository/org/glassfish/jersey/media/jersey-media-json-jackson/2.41/jersey-media-json-jackson-2.41.jar:/home/runner/.m2/repository/org/glassfish/jersey/ext/jersey-entity-filtering/2.41/jersey-entity-filtering-2.41.jar:/home/runner/.m2/repository/org/jooq/jooq/3.11.10/jooq-3.11.10.jar:/home/runner/.m2/repository/org/jooq/jooq-meta/3.11.10/jooq-meta-3.11.10.jar:/home/runner/.m2/repository/org/jooq/jooq-codegen/3.11.10/jooq-codegen-3.11.10.jar:/home/runner/.m2/repository/com/jolbox/bonecp/0.8.0.RELEASE/bonecp-0.8.0.RELEASE.jar:/home/runner/.m2/repository/org/apache/derby/derby/10.14.2.0/derby-10.14.2.0.jar:/home/runner/.m2/repository/org/xerial/sqlite-jdbc/3.44.1.0/sqlite-jdbc-3.44.1.0.jar:/home/runner/.m2/repository/org/springframework/spring-jdbc/5.3.27/spring-jdbc-5.3.27.jar:/home/runner/.m2/repository/org/springframework/spring-beans/5.3.27/spring-beans-5.3.27.jar:/home/runner/.m2/repository/org/springframework/spring-core/5.3.27/spring-core-5.3.27.jar:/home/runner/.m2/repository/org/springframework/spring-tx/5.3.27/spring-tx-5.3.27.jar:/home/runner/.m2/repository/org/apache/ozone/ozone-client/1.5.0-SNAPSHOT/ozone-client-1.5.0-SNAPSHOT.jar:/home/runner/.m2/repository/org/apache/ozone/hdds-erasurecode/1.5.0-SNAPSHOT/hdds-erasurecode-1.5.0-SNAPSHOT.jar:/home/runner/.m2/repository/org/apache/ozone/ozone-filesystem/1.5.0-SNAPSHOT/ozone-filesystem-1.5.0-SNAPSHOT.jar:/home/runner/.m2/repository/org/apache/ozone/ozone-filesystem-common/1.5.0-SNAPSHOT/ozone-filesystem-common-1.5.0-SNAPSHOT.jar:/home/runner/.m2/repository/org/apache/ozone/ozone-tools/1.5.0-SNAPSHOT/ozone-tools-1.5.0-SNAPSHOT.jar:/home/runner/.m2/repository/com/amazonaws/aws-java-sdk-core/1.12.632/aws-java-sdk-core-1.12.632.jar:/home/runner/.m2/repository/org/apache/httpcomponents/httpclient/4.5.13/httpclient-4.5.13.jar:/home/runner/.m2/repository/org/apache/httpcomponents/httpcore/4.4.16/httpcore-4.4.16.jar:/home/runner/.m2/repository/software/amazon/ion/ion-java/1.0.2/ion-java-1.0.2.jar:/home/runner/.m2/repository/com/fasterxml/jackson/dataformat/jackson-dataformat-cbor/2.13.4/jackson-dataformat-cbor-2.13.4.jar:/home/runner/.m2/repository/joda-time/joda-time/2.12.5/joda-time-2.12.5.jar:/home/runner/.m2/repository/com/amazonaws/aws-java-sdk-s3/1.12.632/aws-java-sdk-s3-1.12.632.jar:/home/runner/.m2/repository/com/amazonaws/aws-java-sdk-kms/1.12.632/aws-java-sdk-kms-1.12.632.jar:/home/runner/.m2/repository/com/amazonaws/jmespath-java/1.12.632/jmespath-java-1.12.632.jar:/home/runner/.m2/repository/org/kohsuke/metainf-services/metainf-services/1.8/metainf-services-1.8.jar:/home/runner/.m2/repository/org/apache/ozone/hdds-tools/1.5.0-SNAPSHOT/hdds-tools-1.5.0-SNAPSHOT.jar:/home/runner/.m2/repository/org/apache/ratis/ratis-tools/3.0.1/ratis-tools-3.0.1.jar:/home/runner/.m2/repository/commons-cli/commons-cli/1.6.0/commons-cli-1.6.0.jar:/home/runner/.m2/repository/org/apache/commons/commons-lang3/3.14.0/commons-lang3-3.14.0.jar:/home/runner/.m2/repository/org/apache/ozone/ozone-manager/1.5.0-SNAPSHOT/ozone-manager-1.5.0-SNAPSHOT-tests.jar:/home/runner/.m2/repository/org/apache/ozone/hdds-common/1.5.0-SNAPSHOT/hdds-common-1.5.0-SNAPSHOT-tests.jar:/home/runner/.m2/repository/org/apache/ozone/hdds-hadoop-dependency-client/1.5.0-SNAPSHOT/hdds-hadoop-dependency-client-1.5.0-SNAPSHOT.jar:/home/runner/.m2/repository/info/picocli/picocli/4.7.5/picocli-4.7.5.jar:/home/runner/.m2/repository/com/fasterxml/jackson/core/jackson-annotations/2.13.4/jackson-annotations-2.13.4.jar:/home/runner/.m2/repository/org/apache/ozone/hdds-annotation-processing/1.5.0-SNAPSHOT/hdds-annotation-processing-1.5.0-SNAPSHOT.jar:/home/runner/.m2/repository/javax/annotation/javax.annotation-api/1.3.2/javax.annotation-api-1.3.2.jar:/home/runner/.m2/repository/org/apache/ratis/ratis-netty/3.0.1/ratis-netty-3.0.1.jar:/home/runner/.m2/repository/org/apache/ratis/ratis-grpc/3.0.1/ratis-grpc-3.0.1.jar:/home/runner/.m2/repository/org/apache/commons/commons-pool2/2.6.0/commons-pool2-2.6.0.jar:/home/runner/.m2/repository/org/bouncycastle/bcpkix-jdk18on/1.77/bcpkix-jdk18on-1.77.jar:/home/runner/.m2/repository/org/bouncycastle/bcutil-jdk18on/1.77/bcutil-jdk18on-1.77.jar:/home/runner/.m2/repository/commons-validator/commons-validator/1.6/commons-validator-1.6.jar:/home/runner/.m2/repository/commons-beanutils/commons-beanutils/1.9.4/commons-beanutils-1.9.4.jar:/home/runner/.m2/repository/commons-digester/commons-digester/1.8.1/commons-digester-1.8.1.jar:/home/runner/.m2/repository/commons-collections/commons-collections/3.2.2/commons-collections-3.2.2.jar:/home/runner/.m2/repository/io/jaegertracing/jaeger-client/1.8.1/jaeger-client-1.8.1.jar:/home/runner/.m2/repository/io/jaegertracing/jaeger-thrift/1.8.1/jaeger-thrift-1.8.1.jar:/home/runner/.m2/repository/org/apache/thrift/libthrift/0.15.0/libthrift-0.15.0.jar:/home/runner/.m2/repository/io/jaegertracing/jaeger-core/1.8.1/jaeger-core-1.8.1.jar:/home/runner/.m2/repository/io/jaegertracing/jaeger-tracerresolver/1.8.1/jaeger-tracerresolver-1.8.1.jar:/home/runner/.m2/repository/io/opentracing/contrib/opentracing-tracerresolver/0.1.8/opentracing-tracerresolver-0.1.8.jar:/home/runner/.m2/repository/org/jetbrains/kotlin/kotlin-stdlib/1.9.22/kotlin-stdlib-1.9.22.jar:/home/runner/.m2/repository/org/jetbrains/annotations/13.0/annotations-13.0.jar:/home/runner/.m2/repository/io/opentracing/opentracing-util/0.33.0/opentracing-util-0.33.0.jar:/home/runner/.m2/repository/io/opentracing/opentracing-api/0.33.0/opentracing-api-0.33.0.jar:/home/runner/.m2/repository/io/opentracing/opentracing-noop/0.33.0/opentracing-noop-0.33.0.jar:/home/runner/.m2/repository/org/yaml/snakeyaml/2.0/snakeyaml-2.0.jar:/home/runner/.m2/repository/io/grpc/grpc-api/1.58.0/grpc-api-1.58.0.jar:/home/runner/.m2/repository/org/junit/jupiter/junit-jupiter-engine/5.10.1/junit-jupiter-engine-5.10.1.jar:/home/runner/.m2/repository/org/junit/platform/junit-platform-engine/1.10.1/junit-platform-engine-1.10.1.jar:/home/runner/.m2/repository/org/apiguardian/apiguardian-api/1.1.2/apiguardian-api-1.1.2.jar:/home/runner/.m2/repository/org/junit/platform/junit-platform-launcher/1.10.1/junit-platform-launcher-1.10.1.jar:/home/runner/.m2/repository/org/apache/hadoop/hadoop-kms/3.3.6/hadoop-kms-3.3.6.jar:/home/runner/.m2/repository/org/apache/hadoop/hadoop-auth/3.3.6/hadoop-auth-3.3.6.jar:/home/runner/.m2/repository/com/nimbusds/nimbus-jose-jwt/9.8.1/nimbus-jose-jwt-9.8.1.jar:/home/runner/.m2/repository/com/github/stephenc/jcip/jcip-annotations/1.0-1/jcip-annotations-1.0-1.jar:/home/runner/.m2/repository/org/apache/zookeeper/zookeeper/3.7.2/zookeeper-3.7.2.jar:/home/runner/.m2/repository/org/apache/zookeeper/zookeeper-jute/3.7.2/zookeeper-jute-3.7.2.jar:/home/runner/.m2/repository/org/apache/yetus/audience-annotations/0.12.0/audience-annotations-0.12.0.jar:/home/runner/.m2/repository/org/apache/curator/curator-framework/4.2.0/curator-framework-4.2.0.jar:/home/runner/.m2/repository/org/apache/hadoop/thirdparty/hadoop-shaded-guava/1.1.1/hadoop-shaded-guava-1.1.1.jar:/home/runner/.m2/repository/com/sun/jersey/jersey-core/1.19.4/jersey-core-1.19.4.jar:/home/runner/.m2/repository/javax/ws/rs/jsr311-api/1.1.1/jsr311-api-1.1.1.jar:/home/runner/.m2/repository/com/sun/jersey/jersey-server/1.19.4/jersey-server-1.19.4.jar:/home/runner/.m2/repository/javax/servlet/javax.servlet-api/3.1.0/javax.servlet-api-3.1.0.jar:/home/runner/.m2/repository/org/apache/hadoop/hadoop-common/3.3.6/hadoop-common-3.3.6.jar:/home/runner/.m2/repository/org/apache/commons/commons-math3/3.6.1/commons-math3-3.6.1.jar:/home/runner/.m2/repository/commons-net/commons-net/3.10.0/commons-net-3.10.0.jar:/home/runner/.m2/repository/com/sun/jersey/jersey-servlet/1.19.4/jersey-servlet-1.19.4.jar:/home/runner/.m2/repository/com/github/pjfanning/jersey-json/1.20/jersey-json-1.20.jar:/home/runner/.m2/repository/org/codehaus/jettison/jettison/1.1/jettison-1.1.jar:/home/runner/.m2/repository/com/sun/xml/bind/jaxb-impl/2.2.3-1/jaxb-impl-2.2.3-1.jar:/home/runner/.m2/repository/com/google/re2j/re2j/1.7/re2j-1.7.jar:/home/runner/.m2/repository/com/jcraft/jsch/0.1.54/jsch-0.1.54.jar:/home/runner/.m2/repository/org/apache/curator/curator-client/4.2.0/curator-client-4.2.0.jar:/home/runner/.m2/repository/org/apache/curator/curator-recipes/5.2.0/curator-recipes-5.2.0.jar:/home/runner/.m2/repository/org/apache/kerby/kerb-core/1.0.1/kerb-core-1.0.1.jar:/home/runner/.m2/repository/org/apache/kerby/kerby-pkix/1.0.1/kerby-pkix-1.0.1.jar:/home/runner/.m2/repository/org/apache/kerby/kerby-asn1/1.0.1/kerby-asn1-1.0.1.jar:/home/runner/.m2/repository/org/apache/kerby/kerby-util/1.0.1/kerby-util-1.0.1.jar:/home/runner/.m2/repository/dnsjava/dnsjava/2.1.7/dnsjava-2.1.7.jar:/home/runner/.m2/repository/org/xerial/snappy/snappy-java/1.1.8.2/snappy-java-1.1.8.2.jar:/home/runner/.m2/repository/com/fasterxml/jackson/core/jackson-databind/2.13.4.2/jackson-databind-2.13.4.2.jar:/home/runner/.m2/repository/org/apache/hadoop/hadoop-kms/3.3.6/hadoop-kms-3.3.6-tests.jar:/home/runner/.m2/repository/org/apache/ozone/hdds-server-scm/1.5.0-SNAPSHOT/hdds-server-scm-1.5.0-SNAPSHOT-tests.jar:/home/runner/.m2/repository/org/apache/ozone/hdds-container-service/1.5.0-SNAPSHOT/hdds-container-service-1.5.0-SNAPSHOT-tests.jar:/home/runner/.m2/repository/com/github/luben/zstd-jni/1.5.2-5/zstd-jni-1.5.2-5.jar:/home/runner/.m2/repository/commons-codec/commons-codec/1.15/commons-codec-1.15.jar:/home/runner/.m2/repository/io/netty/netty-codec/4.1.100.Final/netty-codec-4.1.100.Final.jar:/home/runner/.m2/repository/io/netty/netty-handler/4.1.100.Final/netty-handler-4.1.100.Final.jar:/home/runner/.m2/repository/org/apache/ozone/hdds-hadoop-dependency-test/1.5.0-SNAPSHOT/hdds-hadoop-dependency-test-1.5.0-SNAPSHOT.jar:/home/runner/.m2/repository/org/apache/hadoop/hadoop-common/3.3.6/hadoop-common-3.3.6-tests.jar:/home/runner/.m2/repository/org/apache/hadoop/hadoop-hdfs/3.3.6/hadoop-hdfs-3.3.6-tests.jar:/home/runner/.m2/repository/org/junit/jupiter/junit-jupiter-params/5.10.1/junit-jupiter-params-5.10.1.jar:/home/runner/.m2/repository/org/mockito/mockito-core/4.11.0/mockito-core-4.11.0.jar:/home/runner/.m2/repository/net/bytebuddy/byte-buddy/1.12.19/byte-buddy-1.12.19.jar:/home/runner/.m2/repository/net/bytebuddy/byte-buddy-agent/1.12.19/byte-buddy-agent-1.12.19.jar:/home/runner/.m2/repository/org/objenesis/objenesis/1.0/objenesis-1.0.jar:/home/runner/.m2/repository/org/mockito/mockito-junit-jupiter/4.11.0/mockito-junit-jupiter-4.11.0.jar:/home/runner/.m2/repository/org/apache/hadoop/hadoop-distcp/3.3.6/hadoop-distcp-3.3.6.jar:/home/runner/.m2/repository/org/apache/hadoop/hadoop-mapreduce-client-jobclient/3.3.6/hadoop-mapreduce-client-jobclient-3.3.6.jar:/home/runner/.m2/repository/org/apache/hadoop/hadoop-mapreduce-client-common/3.3.6/hadoop-mapreduce-client-common-3.3.6.jar:/home/runner/.m2/repository/org/apache/hadoop/hadoop-yarn-common/3.3.6/hadoop-yarn-common-3.3.6.jar:/home/runner/.m2/repository/org/apache/hadoop/hadoop-yarn-api/3.3.6/hadoop-yarn-api-3.3.6.jar:/home/runner/.m2/repository/javax/xml/bind/jaxb-api/2.2.11/jaxb-api-2.2.11.jar:/home/runner/.m2/repository/com/sun/jersey/contribs/jersey-guice/1.19.4/jersey-guice-1.19.4.jar:/home/runner/.m2/repository/com/fasterxml/jackson/jaxrs/jackson-jaxrs-json-provider/2.13.4/jackson-jaxrs-json-provider-2.13.4.jar:/home/runner/.m2/repository/com/fasterxml/jackson/jaxrs/jackson-jaxrs-base/2.13.4/jackson-jaxrs-base-2.13.4.jar:/home/runner/.m2/repository/org/apache/hadoop/hadoop-yarn-client/3.3.6/hadoop-yarn-client-3.3.6.jar:/home/runner/.m2/repository/org/eclipse/jetty/websocket/websocket-client/9.4.51.v20230217/websocket-client-9.4.51.v20230217.jar:/home/runner/.m2/repository/org/eclipse/jetty/websocket/websocket-common/9.4.51.v20230217/websocket-common-9.4.51.v20230217.jar:/home/runner/.m2/repository/org/eclipse/jetty/websocket/websocket-api/9.4.51.v20230217/websocket-api-9.4.51.v20230217.jar:/home/runner/.m2/repository/org/jline/jline/3.9.0/jline-3.9.0.jar:/home/runner/.m2/repository/org/apache/hadoop/hadoop-mapreduce-client-core/3.3.6/hadoop-mapreduce-client-core-3.3.6.jar:/home/runner/.m2/repository/org/apache/avro/avro/1.7.7/avro-1.7.7.jar:/home/runner/.m2/repository/com/thoughtworks/paranamer/paranamer/2.3/paranamer-2.3.jar:/home/runner/.m2/repository/org/apache/hadoop/hadoop-annotations/3.3.6/hadoop-annotations-3.3.6.jar:/usr/lib/jvm/temurin-8-jdk-amd64/jre/../lib/tools.jar:/home/runner/.m2/repository/io/netty/netty/3.10.6.Final/netty-3.10.6.Final.jar:/home/runner/.m2/repository/org/apache/hadoop/hadoop-distcp/3.3.6/hadoop-distcp-3.3.6-tests.jar:/home/runner/.m2/repository/org/hamcrest/hamcrest/2.2/hamcrest-2.2.jar:/home/runner/.m2/repository/org/slf4j/jul-to-slf4j/2.0.10/jul-to-slf4j-2.0.10.jar:/home/runner/work/ozone/ozone/hadoop-ozone/integration-test/target/gradle-enterprise/test-listeners.jar:"/>
    <property name="java.vm.vendor" value="Temurin"/>
    <property name="sun.arch.data.model" value="64"/>
    <property name="test.build.dir" value="/home/runner/work/ozone/ozone/hadoop-ozone/integration-test/target/test-dir"/>
    <property name="test.cache.data" value=""/>
    <property name="java.vendor.url" value="https://adoptium.net/"/>
    <property name="user.timezone" value="Etc/UTC"/>
    <property name="maven-surefire-plugin.argLineAccessArgs" value=""/>
    <property name="os.name" value="Linux"/>
    <property name="java.vm.specification.version" value="1.8"/>
    <property name="test.build.data" value="/home/runner/work/ozone/ozone/hadoop-ozone/integration-test/target/test-dir"/>
    <property name="sun.java.launcher" value="SUN_STANDARD"/>
    <property name="sun.boot.library.path" value="/usr/lib/jvm/temurin-8-jdk-amd64/jre/lib/amd64"/>
    <property name="sun.java.command" value="/home/runner/work/ozone/ozone/hadoop-ozone/integration-test/target/surefire/surefirebooter4274449880779802611.jar /home/runner/work/ozone/ozone/hadoop-ozone/integration-test/target/surefire 2024-02-06T09-50-20_494-jvmRun1 surefire3399585075048347862tmp surefire_104369740313037184730tmp"/>
    <property name="native.lib.tmp.dir" value="/tmp"/>
    <property name="surefire.test.class.path" value="/home/runner/work/ozone/ozone/hadoop-ozone/integration-test/target/test-classes:/home/runner/work/ozone/ozone/hadoop-ozone/integration-test/target/classes:/home/runner/.m2/repository/org/apache/ozone/ozone-common/1.5.0-SNAPSHOT/ozone-common-1.5.0-SNAPSHOT.jar:/home/runner/.m2/repository/io/grpc/grpc-netty/1.58.0/grpc-netty-1.58.0.jar:/home/runner/.m2/repository/io/grpc/grpc-core/1.58.0/grpc-core-1.58.0.jar:/home/runner/.m2/repository/com/google/android/annotations/4.1.1.4/annotations-4.1.1.4.jar:/home/runner/.m2/repository/org/codehaus/mojo/animal-sniffer-annotations/1.23/animal-sniffer-annotations-1.23.jar:/home/runner/.m2/repository/io/grpc/grpc-context/1.58.0/grpc-context-1.58.0.jar:/home/runner/.m2/repository/io/grpc/grpc-util/1.58.0/grpc-util-1.58.0.jar:/home/runner/.m2/repository/com/google/errorprone/error_prone_annotations/2.2.0/error_prone_annotations-2.2.0.jar:/home/runner/.m2/repository/io/perfmark/perfmark-api/0.26.0/perfmark-api-0.26.0.jar:/home/runner/.m2/repository/io/netty/netty-codec-http2/4.1.100.Final/netty-codec-http2-4.1.100.Final.jar:/home/runner/.m2/repository/io/netty/netty-common/4.1.100.Final/netty-common-4.1.100.Final.jar:/home/runner/.m2/repository/io/netty/netty-buffer/4.1.100.Final/netty-buffer-4.1.100.Final.jar:/home/runner/.m2/repository/io/netty/netty-codec-http/4.1.100.Final/netty-codec-http-4.1.100.Final.jar:/home/runner/.m2/repository/io/netty/netty-handler-proxy/4.1.100.Final/netty-handler-proxy-4.1.100.Final.jar:/home/runner/.m2/repository/io/netty/netty-codec-socks/4.1.100.Final/netty-codec-socks-4.1.100.Final.jar:/home/runner/.m2/repository/io/netty/netty-tcnative-boringssl-static/2.0.61.Final/netty-tcnative-boringssl-static-2.0.61.Final.jar:/home/runner/.m2/repository/io/netty/netty-tcnative-classes/2.0.61.Final/netty-tcnative-classes-2.0.61.Final.jar:/home/runner/.m2/repository/io/netty/netty-tcnative-boringssl-static/2.0.61.Final/netty-tcnative-boringssl-static-2.0.61.Final-linux-x86_64.jar:/home/runner/.m2/repository/io/netty/netty-tcnative-boringssl-static/2.0.61.Final/netty-tcnative-boringssl-static-2.0.61.Final-linux-aarch_64.jar:/home/runner/.m2/repository/io/netty/netty-tcnative-boringssl-static/2.0.61.Final/netty-tcnative-boringssl-static-2.0.61.Final-osx-x86_64.jar:/home/runner/.m2/repository/io/netty/netty-tcnative-boringssl-static/2.0.61.Final/netty-tcnative-boringssl-static-2.0.61.Final-osx-aarch_64.jar:/home/runner/.m2/repository/io/netty/netty-tcnative-boringssl-static/2.0.61.Final/netty-tcnative-boringssl-static-2.0.61.Final-windows-x86_64.jar:/home/runner/.m2/repository/org/apache/commons/commons-compress/1.25.0/commons-compress-1.25.0.jar:/home/runner/.m2/repository/org/apache/ozone/hdds-common/1.5.0-SNAPSHOT/hdds-common-1.5.0-SNAPSHOT.jar:/home/runner/.m2/repository/org/apache/ozone/hdds-client/1.5.0-SNAPSHOT/hdds-client-1.5.0-SNAPSHOT.jar:/home/runner/.m2/repository/org/apache/ozone/ozone-interface-client/1.5.0-SNAPSHOT/ozone-interface-client-1.5.0-SNAPSHOT.jar:/home/runner/.m2/repository/org/apache/hadoop/hadoop-hdfs-client/3.3.6/hadoop-hdfs-client-3.3.6.jar:/home/runner/.m2/repository/com/squareup/okhttp3/okhttp/4.12.0/okhttp-4.12.0.jar:/home/runner/.m2/repository/com/squareup/okio/okio/3.6.0/okio-3.6.0.jar:/home/runner/.m2/repository/com/squareup/okio/okio-jvm/3.6.0/okio-jvm-3.6.0.jar:/home/runner/.m2/repository/org/jetbrains/kotlin/kotlin-stdlib-jdk8/1.9.22/kotlin-stdlib-jdk8-1.9.22.jar:/home/runner/.m2/repository/org/jetbrains/kotlin/kotlin-stdlib-jdk7/1.9.22/kotlin-stdlib-jdk7-1.9.22.jar:/home/runner/.m2/repository/org/jetbrains/kotlin/kotlin-stdlib-common/1.9.22/kotlin-stdlib-common-1.9.22.jar:/home/runner/.m2/repository/org/apache/ozone/hdds-test-utils/1.5.0-SNAPSHOT/hdds-test-utils-1.5.0-SNAPSHOT.jar:/home/runner/.m2/repository/org/assertj/assertj-core/3.12.2/assertj-core-3.12.2.jar:/home/runner/.m2/repository/com/google/guava/guava/32.0.0-jre/guava-32.0.0-jre.jar:/home/runner/.m2/repository/com/google/guava/failureaccess/1.0.1/failureaccess-1.0.1.jar:/home/runner/.m2/repository/com/google/guava/listenablefuture/9999.0-empty-to-avoid-conflict-with-guava/listenablefuture-9999.0-empty-to-avoid-conflict-with-guava.jar:/home/runner/.m2/repository/com/google/code/findbugs/jsr305/3.0.0/jsr305-3.0.0.jar:/home/runner/.m2/repository/org/checkerframework/checker-qual/3.33.0/checker-qual-3.33.0.jar:/home/runner/.m2/repository/com/google/j2objc/j2objc-annotations/2.8/j2objc-annotations-2.8.jar:/home/runner/.m2/repository/commons-io/commons-io/2.11.0/commons-io-2.11.0.jar:/home/runner/.m2/repository/commons-logging/commons-logging/1.2/commons-logging-1.2.jar:/home/runner/.m2/repository/org/junit/jupiter/junit-jupiter-api/5.10.1/junit-jupiter-api-5.10.1.jar:/home/runner/.m2/repository/org/opentest4j/opentest4j/1.3.0/opentest4j-1.3.0.jar:/home/runner/.m2/repository/org/junit/platform/junit-platform-commons/1.10.1/junit-platform-commons-1.10.1.jar:/home/runner/.m2/repository/ch/qos/reload4j/reload4j/1.2.25/reload4j-1.2.25.jar:/home/runner/.m2/repository/jakarta/annotation/jakarta.annotation-api/2.1.1/jakarta.annotation-api-2.1.1.jar:/home/runner/.m2/repository/org/slf4j/slf4j-api/2.0.10/slf4j-api-2.0.10.jar:/home/runner/.m2/repository/org/apache/logging/log4j/log4j-api/2.17.1/log4j-api-2.17.1.jar:/home/runner/.m2/repository/org/apache/ozone/hdds-server-scm/1.5.0-SNAPSHOT/hdds-server-scm-1.5.0-SNAPSHOT.jar:/home/runner/.m2/repository/com/google/protobuf/protobuf-java/2.5.0/protobuf-java-2.5.0.jar:/home/runner/.m2/repository/org/apache/ozone/hdds-container-service/1.5.0-SNAPSHOT/hdds-container-service-1.5.0-SNAPSHOT.jar:/home/runner/.m2/repository/org/apache/ozone/hdds-hadoop-dependency-server/1.5.0-SNAPSHOT/hdds-hadoop-dependency-server-1.5.0-SNAPSHOT.jar:/home/runner/.m2/repository/org/apache/hadoop/hadoop-hdfs/3.3.6/hadoop-hdfs-3.3.6.jar:/home/runner/.m2/repository/commons-daemon/commons-daemon/1.0.13/commons-daemon-1.0.13.jar:/home/runner/.m2/repository/org/apache/ozone/hdds-server-framework/1.5.0-SNAPSHOT/hdds-server-framework-1.5.0-SNAPSHOT.jar:/home/runner/.m2/repository/org/bouncycastle/bcprov-jdk18on/1.77/bcprov-jdk18on-1.77.jar:/home/runner/.m2/repository/io/dropwizard/metrics/metrics-core/3.2.4/metrics-core-3.2.4.jar:/home/runner/.m2/repository/org/apache/commons/commons-text/1.11.0/commons-text-1.11.0.jar:/home/runner/.m2/repository/org/apache/ozone/hdds-server-framework/1.5.0-SNAPSHOT/hdds-server-framework-1.5.0-SNAPSHOT-tests.jar:/home/runner/.m2/repository/org/apache/ozone/hdds-interface-server/1.5.0-SNAPSHOT/hdds-interface-server-1.5.0-SNAPSHOT.jar:/home/runner/.m2/repository/org/apache/ozone/hdds-interface-admin/1.5.0-SNAPSHOT/hdds-interface-admin-1.5.0-SNAPSHOT.jar:/home/runner/.m2/repository/org/apache/ozone/hdds-managed-rocksdb/1.5.0-SNAPSHOT/hdds-managed-rocksdb-1.5.0-SNAPSHOT.jar:/home/runner/.m2/repository/org/rocksdb/rocksdbjni/7.7.3/rocksdbjni-7.7.3.jar:/home/runner/.m2/repository/org/slf4j/slf4j-reload4j/2.0.10/slf4j-reload4j-2.0.10.jar:/home/runner/.m2/repository/org/apache/commons/commons-configuration2/2.8.0/commons-configuration2-2.8.0.jar:/home/runner/.m2/repository/commons-fileupload/commons-fileupload/1.5/commons-fileupload-1.5.jar:/home/runner/.m2/repository/org/apache/logging/log4j/log4j-core/2.17.1/log4j-core-2.17.1.jar:/home/runner/.m2/repository/com/lmax/disruptor/3.4.2/disruptor-3.4.2.jar:/home/runner/.m2/repository/org/eclipse/jetty/jetty-util/9.4.53.v20231009/jetty-util-9.4.53.v20231009.jar:/home/runner/.m2/repository/org/eclipse/jetty/jetty-server/9.4.53.v20231009/jetty-server-9.4.53.v20231009.jar:/home/runner/.m2/repository/org/eclipse/jetty/jetty-http/9.4.53.v20231009/jetty-http-9.4.53.v20231009.jar:/home/runner/.m2/repository/org/eclipse/jetty/jetty-io/9.4.53.v20231009/jetty-io-9.4.53.v20231009.jar:/home/runner/.m2/repository/org/eclipse/jetty/jetty-servlet/9.4.53.v20231009/jetty-servlet-9.4.53.v20231009.jar:/home/runner/.m2/repository/org/eclipse/jetty/jetty-security/9.4.53.v20231009/jetty-security-9.4.53.v20231009.jar:/home/runner/.m2/repository/org/eclipse/jetty/jetty-util-ajax/9.4.53.v20231009/jetty-util-ajax-9.4.53.v20231009.jar:/home/runner/.m2/repository/org/eclipse/jetty/jetty-webapp/9.4.53.v20231009/jetty-webapp-9.4.53.v20231009.jar:/home/runner/.m2/repository/org/eclipse/jetty/jetty-xml/9.4.53.v20231009/jetty-xml-9.4.53.v20231009.jar:/home/runner/.m2/repository/org/apache/ratis/ratis-server/3.0.1/ratis-server-3.0.1.jar:/home/runner/.m2/repository/org/apache/ratis/ratis-thirdparty-misc/1.0.5/ratis-thirdparty-misc-1.0.5.jar:/home/runner/.m2/repository/org/apache/ratis/ratis-proto/3.0.1/ratis-proto-3.0.1.jar:/home/runner/.m2/repository/org/apache/ratis/ratis-common/3.0.1/ratis-common-3.0.1.jar:/home/runner/.m2/repository/org/apache/ratis/ratis-client/3.0.1/ratis-client-3.0.1.jar:/home/runner/.m2/repository/org/apache/ratis/ratis-server-api/3.0.1/ratis-server-api-3.0.1.jar:/home/runner/.m2/repository/org/apache/ratis/ratis-metrics-api/3.0.1/ratis-metrics-api-3.0.1.jar:/home/runner/.m2/repository/org/apache/ratis/ratis-metrics-dropwizard3/3.0.1/ratis-metrics-dropwizard3-3.0.1.jar:/home/runner/.m2/repository/io/prometheus/simpleclient_dropwizard/0.16.0/simpleclient_dropwizard-0.16.0.jar:/home/runner/.m2/repository/io/prometheus/simpleclient/0.16.0/simpleclient-0.16.0.jar:/home/runner/.m2/repository/io/prometheus/simpleclient_common/0.16.0/simpleclient_common-0.16.0.jar:/home/runner/.m2/repository/com/fasterxml/jackson/datatype/jackson-datatype-jsr310/2.13.4/jackson-datatype-jsr310-2.13.4.jar:/home/runner/.m2/repository/com/fasterxml/jackson/core/jackson-core/2.13.4/jackson-core-2.13.4.jar:/home/runner/.m2/repository/org/apache/ozone/rocksdb-checkpoint-differ/1.5.0-SNAPSHOT/rocksdb-checkpoint-differ-1.5.0-SNAPSHOT.jar:/home/runner/.m2/repository/org/jgrapht/jgrapht-core/1.0.1/jgrapht-core-1.0.1.jar:/home/runner/.m2/repository/org/jgrapht/jgrapht-ext/1.0.1/jgrapht-ext-1.0.1.jar:/home/runner/.m2/repository/org/tinyjee/jgraphx/jgraphx/2.0.0.1/jgraphx-2.0.0.1.jar:/home/runner/.m2/repository/jgraph/jgraph/5.13.0.0/jgraph-5.13.0.0.jar:/home/runner/.m2/repository/org/antlr/antlr4-runtime/4.5.3/antlr4-runtime-4.5.3.jar:/home/runner/.m2/repository/org/apache/ozone/ozone-manager/1.5.0-SNAPSHOT/ozone-manager-1.5.0-SNAPSHOT.jar:/home/runner/.m2/repository/org/aspectj/aspectjrt/1.9.7/aspectjrt-1.9.7.jar:/home/runner/.m2/repository/org/aspectj/aspectjweaver/1.9.7/aspectjweaver-1.9.7.jar:/home/runner/.m2/repository/org/apache/ozone/hdds-interface-client/1.5.0-SNAPSHOT/hdds-interface-client-1.5.0-SNAPSHOT.jar:/home/runner/.m2/repository/org/apache/hadoop/thirdparty/hadoop-shaded-protobuf_3_7/1.1.1/hadoop-shaded-protobuf_3_7-1.1.1.jar:/home/runner/.m2/repository/org/apache/ozone/ozone-interface-storage/1.5.0-SNAPSHOT/ozone-interface-storage-1.5.0-SNAPSHOT.jar:/home/runner/.m2/repository/org/reflections/reflections/0.9.11/reflections-0.9.11.jar:/home/runner/.m2/repository/com/sun/jersey/jersey-client/1.19.4/jersey-client-1.19.4.jar:/home/runner/.m2/repository/org/codehaus/jackson/jackson-core-asl/1.9.13/jackson-core-asl-1.9.13.jar:/home/runner/.m2/repository/org/codehaus/jackson/jackson-mapper-asl/1.9.13/jackson-mapper-asl-1.9.13.jar:/home/runner/.m2/repository/org/codehaus/jackson/jackson-jaxrs/1.9.13/jackson-jaxrs-1.9.13.jar:/home/runner/.m2/repository/org/apache/ranger/ranger-intg/2.3.0/ranger-intg-2.3.0.jar:/home/runner/.m2/repository/org/apache/ranger/ranger-plugins-common/2.3.0/ranger-plugins-common-2.3.0.jar:/home/runner/.m2/repository/commons-lang/commons-lang/2.6/commons-lang-2.6.jar:/home/runner/.m2/repository/org/apache/ranger/ranger-plugins-cred/2.3.0/ranger-plugins-cred-2.3.0.jar:/home/runner/.m2/repository/org/apache/ranger/ranger-plugins-audit/2.3.0/ranger-plugins-audit-2.3.0.jar:/home/runner/.m2/repository/org/eclipse/jetty/jetty-client/9.4.53.v20231009/jetty-client-9.4.53.v20231009.jar:/home/runner/.m2/repository/org/apache/httpcomponents/httpmime/4.5.6/httpmime-4.5.6.jar:/home/runner/.m2/repository/org/apache/httpcomponents/httpcore-nio/4.4.16/httpcore-nio-4.4.16.jar:/home/runner/.m2/repository/org/apache/httpcomponents/httpasyncclient/4.1.3/httpasyncclient-4.1.3.jar:/home/runner/.m2/repository/com/carrotsearch/hppc/0.8.0/hppc-0.8.0.jar:/home/runner/.m2/repository/org/apache/orc/orc-core/1.5.8/orc-core-1.5.8.jar:/home/runner/.m2/repository/net/java/dev/jna/jna/5.2.0/jna-5.2.0.jar:/home/runner/.m2/repository/net/java/dev/jna/jna-platform/5.2.0/jna-platform-5.2.0.jar:/home/runner/.m2/repository/com/kstruct/gethostname4j/0.0.2/gethostname4j-0.0.2.jar:/home/runner/.m2/repository/org/apache/ranger/ranger-plugin-classloader/2.3.0/ranger-plugin-classloader-2.3.0.jar:/home/runner/.m2/repository/org/apache/ozone/hdds-rocks-native/1.5.0-SNAPSHOT/hdds-rocks-native-1.5.0-SNAPSHOT.jar:/home/runner/.m2/repository/org/apache/hadoop/hadoop-minikdc/3.3.6/hadoop-minikdc-3.3.6.jar:/home/runner/.m2/repository/org/apache/kerby/kerb-simplekdc/1.0.1/kerb-simplekdc-1.0.1.jar:/home/runner/.m2/repository/org/apache/kerby/kerb-client/1.0.1/kerb-client-1.0.1.jar:/home/runner/.m2/repository/org/apache/kerby/kerby-config/1.0.1/kerby-config-1.0.1.jar:/home/runner/.m2/repository/org/apache/kerby/kerb-common/1.0.1/kerb-common-1.0.1.jar:/home/runner/.m2/repository/org/apache/kerby/kerb-crypto/1.0.1/kerb-crypto-1.0.1.jar:/home/runner/.m2/repository/org/apache/kerby/kerb-util/1.0.1/kerb-util-1.0.1.jar:/home/runner/.m2/repository/org/apache/kerby/token-provider/1.0.1/token-provider-1.0.1.jar:/home/runner/.m2/repository/org/apache/kerby/kerb-admin/1.0.1/kerb-admin-1.0.1.jar:/home/runner/.m2/repository/org/apache/kerby/kerb-server/1.0.1/kerb-server-1.0.1.jar:/home/runner/.m2/repository/org/apache/kerby/kerb-identity/1.0.1/kerb-identity-1.0.1.jar:/home/runner/.m2/repository/org/apache/kerby/kerby-xdr/1.0.1/kerby-xdr-1.0.1.jar:/home/runner/.m2/repository/junit/junit/4.13.2/junit-4.13.2.jar:/home/runner/.m2/repository/org/hamcrest/hamcrest-core/1.3/hamcrest-core-1.3.jar:/home/runner/.m2/repository/org/apache/ozone/ozone-s3gateway/1.5.0-SNAPSHOT/ozone-s3gateway-1.5.0-SNAPSHOT.jar:/home/runner/.m2/repository/org/javassist/javassist/3.21.0-GA/javassist-3.21.0-GA.jar:/home/runner/.m2/repository/org/jboss/weld/servlet/weld-servlet-shaded/3.1.9.Final/weld-servlet-shaded-3.1.9.Final.jar:/home/runner/.m2/repository/org/glassfish/jersey/containers/jersey-container-servlet-core/2.41/jersey-container-servlet-core-2.41.jar:/home/runner/.m2/repository/org/glassfish/hk2/external/jakarta.inject/2.6.1/jakarta.inject-2.6.1.jar:/home/runner/.m2/repository/org/glassfish/jersey/core/jersey-common/2.41/jersey-common-2.41.jar:/home/runner/.m2/repository/jakarta/ws/rs/jakarta.ws.rs-api/2.1.6/jakarta.ws.rs-api-2.1.6.jar:/home/runner/.m2/repository/org/glassfish/jersey/ext/cdi/jersey-cdi1x/2.41/jersey-cdi1x-2.41.jar:/home/runner/.m2/repository/org/glassfish/jersey/inject/jersey-hk2/2.41/jersey-hk2-2.41.jar:/home/runner/.m2/repository/org/glassfish/hk2/hk2-locator/2.6.1/hk2-locator-2.6.1.jar:/home/runner/.m2/repository/org/glassfish/jersey/media/jersey-media-jaxb/2.41/jersey-media-jaxb-2.41.jar:/home/runner/.m2/repository/org/glassfish/hk2/osgi-resource-locator/1.0.3/osgi-resource-locator-1.0.3.jar:/home/runner/.m2/repository/org/glassfish/hk2/hk2-api/2.6.1/hk2-api-2.6.1.jar:/home/runner/.m2/repository/org/glassfish/hk2/hk2-utils/2.6.1/hk2-utils-2.6.1.jar:/home/runner/.m2/repository/org/glassfish/hk2/external/aopalliance-repackaged/2.6.1/aopalliance-repackaged-2.6.1.jar:/home/runner/.m2/repository/com/fasterxml/jackson/dataformat/jackson-dataformat-xml/2.13.4/jackson-dataformat-xml-2.13.4.jar:/home/runner/.m2/repository/org/codehaus/woodstox/stax2-api/4.2.2/stax2-api-4.2.2.jar:/home/runner/.m2/repository/com/fasterxml/woodstox/woodstox-core/5.4.0/woodstox-core-5.4.0.jar:/home/runner/.m2/repository/com/fasterxml/jackson/module/jackson-module-jaxb-annotations/2.13.4/jackson-module-jaxb-annotations-2.13.4.jar:/home/runner/.m2/repository/javax/enterprise/cdi-api/2.0/cdi-api-2.0.jar:/home/runner/.m2/repository/javax/el/javax.el-api/3.0.0/javax.el-api-3.0.0.jar:/home/runner/.m2/repository/javax/interceptor/javax.interceptor-api/1.2/javax.interceptor-api-1.2.jar:/home/runner/.m2/repository/javax/inject/javax.inject/1/javax.inject-1.jar:/home/runner/.m2/repository/jakarta/xml/bind/jakarta.xml.bind-api/2.3.3/jakarta.xml.bind-api-2.3.3.jar:/home/runner/.m2/repository/org/glassfish/jaxb/jaxb-runtime/2.3.9/jaxb-runtime-2.3.9.jar:/home/runner/.m2/repository/org/glassfish/jaxb/txw2/2.3.9/txw2-2.3.9.jar:/home/runner/.m2/repository/com/sun/istack/istack-commons-runtime/3.0.12/istack-commons-runtime-3.0.12.jar:/home/runner/.m2/repository/com/sun/activation/jakarta.activation/1.2.2/jakarta.activation-1.2.2.jar:/home/runner/.m2/repository/jakarta/activation/jakarta.activation-api/1.2.2/jakarta.activation-api-1.2.2.jar:/home/runner/.m2/repository/io/grpc/grpc-protobuf/1.58.0/grpc-protobuf-1.58.0.jar:/home/runner/.m2/repository/com/google/api/grpc/proto-google-common-protos/2.22.0/proto-google-common-protos-2.22.0.jar:/home/runner/.m2/repository/io/grpc/grpc-protobuf-lite/1.58.0/grpc-protobuf-lite-1.58.0.jar:/home/runner/.m2/repository/io/grpc/grpc-stub/1.58.0/grpc-stub-1.58.0.jar:/home/runner/.m2/repository/io/netty/netty-transport/4.1.100.Final/netty-transport-4.1.100.Final.jar:/home/runner/.m2/repository/io/netty/netty-resolver/4.1.100.Final/netty-resolver-4.1.100.Final.jar:/home/runner/.m2/repository/org/apache/ozone/ozone-csi/1.5.0-SNAPSHOT/ozone-csi-1.5.0-SNAPSHOT.jar:/home/runner/.m2/repository/com/google/protobuf/protobuf-java-util/3.19.6/protobuf-java-util-3.19.6.jar:/home/runner/.m2/repository/com/google/code/gson/gson/2.9.0/gson-2.9.0.jar:/home/runner/.m2/repository/org/apache/ozone/hdds-config/1.5.0-SNAPSHOT/hdds-config-1.5.0-SNAPSHOT.jar:/home/runner/.m2/repository/io/netty/netty-transport-native-epoll/4.1.100.Final/netty-transport-native-epoll-4.1.100.Final-linux-x86_64.jar:/home/runner/.m2/repository/io/netty/netty-transport-classes-epoll/4.1.100.Final/netty-transport-classes-epoll-4.1.100.Final.jar:/home/runner/.m2/repository/io/netty/netty-transport-native-unix-common/4.1.100.Final/netty-transport-native-unix-common-4.1.100.Final.jar:/home/runner/.m2/repository/org/apache/ozone/ozone-recon/1.5.0-SNAPSHOT/ozone-recon-1.5.0-SNAPSHOT.jar:/home/runner/.m2/repository/org/apache/ozone/ozone-reconcodegen/1.5.0-SNAPSHOT/ozone-reconcodegen-1.5.0-SNAPSHOT.jar:/home/runner/.m2/repository/com/google/inject/guice/5.1.0/guice-5.1.0.jar:/home/runner/.m2/repository/aopalliance/aopalliance/1.0/aopalliance-1.0.jar:/home/runner/.m2/repository/com/google/inject/extensions/guice-assistedinject/5.1.0/guice-assistedinject-5.1.0.jar:/home/runner/.m2/repository/com/google/inject/extensions/guice-servlet/5.1.0/guice-servlet-5.1.0.jar:/home/runner/.m2/repository/org/glassfish/jersey/containers/jersey-container-servlet/2.41/jersey-container-servlet-2.41.jar:/home/runner/.m2/repository/org/glassfish/hk2/guice-bridge/2.6.1/guice-bridge-2.6.1.jar:/home/runner/.m2/repository/org/glassfish/jersey/core/jersey-server/2.41/jersey-server-2.41.jar:/home/runner/.m2/repository/org/glassfish/jersey/core/jersey-client/2.41/jersey-client-2.41.jar:/home/runner/.m2/repository/jakarta/validation/jakarta.validation-api/2.0.2/jakarta.validation-api-2.0.2.jar:/home/runner/.m2/repository/org/glassfish/jersey/media/jersey-media-json-jackson/2.41/jersey-media-json-jackson-2.41.jar:/home/runner/.m2/repository/org/glassfish/jersey/ext/jersey-entity-filtering/2.41/jersey-entity-filtering-2.41.jar:/home/runner/.m2/repository/org/jooq/jooq/3.11.10/jooq-3.11.10.jar:/home/runner/.m2/repository/org/jooq/jooq-meta/3.11.10/jooq-meta-3.11.10.jar:/home/runner/.m2/repository/org/jooq/jooq-codegen/3.11.10/jooq-codegen-3.11.10.jar:/home/runner/.m2/repository/com/jolbox/bonecp/0.8.0.RELEASE/bonecp-0.8.0.RELEASE.jar:/home/runner/.m2/repository/org/apache/derby/derby/10.14.2.0/derby-10.14.2.0.jar:/home/runner/.m2/repository/org/xerial/sqlite-jdbc/3.44.1.0/sqlite-jdbc-3.44.1.0.jar:/home/runner/.m2/repository/org/springframework/spring-jdbc/5.3.27/spring-jdbc-5.3.27.jar:/home/runner/.m2/repository/org/springframework/spring-beans/5.3.27/spring-beans-5.3.27.jar:/home/runner/.m2/repository/org/springframework/spring-core/5.3.27/spring-core-5.3.27.jar:/home/runner/.m2/repository/org/springframework/spring-tx/5.3.27/spring-tx-5.3.27.jar:/home/runner/.m2/repository/org/apache/ozone/ozone-client/1.5.0-SNAPSHOT/ozone-client-1.5.0-SNAPSHOT.jar:/home/runner/.m2/repository/org/apache/ozone/hdds-erasurecode/1.5.0-SNAPSHOT/hdds-erasurecode-1.5.0-SNAPSHOT.jar:/home/runner/.m2/repository/org/apache/ozone/ozone-filesystem/1.5.0-SNAPSHOT/ozone-filesystem-1.5.0-SNAPSHOT.jar:/home/runner/.m2/repository/org/apache/ozone/ozone-filesystem-common/1.5.0-SNAPSHOT/ozone-filesystem-common-1.5.0-SNAPSHOT.jar:/home/runner/.m2/repository/org/apache/ozone/ozone-tools/1.5.0-SNAPSHOT/ozone-tools-1.5.0-SNAPSHOT.jar:/home/runner/.m2/repository/com/amazonaws/aws-java-sdk-core/1.12.632/aws-java-sdk-core-1.12.632.jar:/home/runner/.m2/repository/org/apache/httpcomponents/httpclient/4.5.13/httpclient-4.5.13.jar:/home/runner/.m2/repository/org/apache/httpcomponents/httpcore/4.4.16/httpcore-4.4.16.jar:/home/runner/.m2/repository/software/amazon/ion/ion-java/1.0.2/ion-java-1.0.2.jar:/home/runner/.m2/repository/com/fasterxml/jackson/dataformat/jackson-dataformat-cbor/2.13.4/jackson-dataformat-cbor-2.13.4.jar:/home/runner/.m2/repository/joda-time/joda-time/2.12.5/joda-time-2.12.5.jar:/home/runner/.m2/repository/com/amazonaws/aws-java-sdk-s3/1.12.632/aws-java-sdk-s3-1.12.632.jar:/home/runner/.m2/repository/com/amazonaws/aws-java-sdk-kms/1.12.632/aws-java-sdk-kms-1.12.632.jar:/home/runner/.m2/repository/com/amazonaws/jmespath-java/1.12.632/jmespath-java-1.12.632.jar:/home/runner/.m2/repository/org/kohsuke/metainf-services/metainf-services/1.8/metainf-services-1.8.jar:/home/runner/.m2/repository/org/apache/ozone/hdds-tools/1.5.0-SNAPSHOT/hdds-tools-1.5.0-SNAPSHOT.jar:/home/runner/.m2/repository/org/apache/ratis/ratis-tools/3.0.1/ratis-tools-3.0.1.jar:/home/runner/.m2/repository/commons-cli/commons-cli/1.6.0/commons-cli-1.6.0.jar:/home/runner/.m2/repository/org/apache/commons/commons-lang3/3.14.0/commons-lang3-3.14.0.jar:/home/runner/.m2/repository/org/apache/ozone/ozone-manager/1.5.0-SNAPSHOT/ozone-manager-1.5.0-SNAPSHOT-tests.jar:/home/runner/.m2/repository/org/apache/ozone/hdds-common/1.5.0-SNAPSHOT/hdds-common-1.5.0-SNAPSHOT-tests.jar:/home/runner/.m2/repository/org/apache/ozone/hdds-hadoop-dependency-client/1.5.0-SNAPSHOT/hdds-hadoop-dependency-client-1.5.0-SNAPSHOT.jar:/home/runner/.m2/repository/info/picocli/picocli/4.7.5/picocli-4.7.5.jar:/home/runner/.m2/repository/com/fasterxml/jackson/core/jackson-annotations/2.13.4/jackson-annotations-2.13.4.jar:/home/runner/.m2/repository/org/apache/ozone/hdds-annotation-processing/1.5.0-SNAPSHOT/hdds-annotation-processing-1.5.0-SNAPSHOT.jar:/home/runner/.m2/repository/javax/annotation/javax.annotation-api/1.3.2/javax.annotation-api-1.3.2.jar:/home/runner/.m2/repository/org/apache/ratis/ratis-netty/3.0.1/ratis-netty-3.0.1.jar:/home/runner/.m2/repository/org/apache/ratis/ratis-grpc/3.0.1/ratis-grpc-3.0.1.jar:/home/runner/.m2/repository/org/apache/commons/commons-pool2/2.6.0/commons-pool2-2.6.0.jar:/home/runner/.m2/repository/org/bouncycastle/bcpkix-jdk18on/1.77/bcpkix-jdk18on-1.77.jar:/home/runner/.m2/repository/org/bouncycastle/bcutil-jdk18on/1.77/bcutil-jdk18on-1.77.jar:/home/runner/.m2/repository/commons-validator/commons-validator/1.6/commons-validator-1.6.jar:/home/runner/.m2/repository/commons-beanutils/commons-beanutils/1.9.4/commons-beanutils-1.9.4.jar:/home/runner/.m2/repository/commons-digester/commons-digester/1.8.1/commons-digester-1.8.1.jar:/home/runner/.m2/repository/commons-collections/commons-collections/3.2.2/commons-collections-3.2.2.jar:/home/runner/.m2/repository/io/jaegertracing/jaeger-client/1.8.1/jaeger-client-1.8.1.jar:/home/runner/.m2/repository/io/jaegertracing/jaeger-thrift/1.8.1/jaeger-thrift-1.8.1.jar:/home/runner/.m2/repository/org/apache/thrift/libthrift/0.15.0/libthrift-0.15.0.jar:/home/runner/.m2/repository/io/jaegertracing/jaeger-core/1.8.1/jaeger-core-1.8.1.jar:/home/runner/.m2/repository/io/jaegertracing/jaeger-tracerresolver/1.8.1/jaeger-tracerresolver-1.8.1.jar:/home/runner/.m2/repository/io/opentracing/contrib/opentracing-tracerresolver/0.1.8/opentracing-tracerresolver-0.1.8.jar:/home/runner/.m2/repository/org/jetbrains/kotlin/kotlin-stdlib/1.9.22/kotlin-stdlib-1.9.22.jar:/home/runner/.m2/repository/org/jetbrains/annotations/13.0/annotations-13.0.jar:/home/runner/.m2/repository/io/opentracing/opentracing-util/0.33.0/opentracing-util-0.33.0.jar:/home/runner/.m2/repository/io/opentracing/opentracing-api/0.33.0/opentracing-api-0.33.0.jar:/home/runner/.m2/repository/io/opentracing/opentracing-noop/0.33.0/opentracing-noop-0.33.0.jar:/home/runner/.m2/repository/org/yaml/snakeyaml/2.0/snakeyaml-2.0.jar:/home/runner/.m2/repository/io/grpc/grpc-api/1.58.0/grpc-api-1.58.0.jar:/home/runner/.m2/repository/org/junit/jupiter/junit-jupiter-engine/5.10.1/junit-jupiter-engine-5.10.1.jar:/home/runner/.m2/repository/org/junit/platform/junit-platform-engine/1.10.1/junit-platform-engine-1.10.1.jar:/home/runner/.m2/repository/org/apiguardian/apiguardian-api/1.1.2/apiguardian-api-1.1.2.jar:/home/runner/.m2/repository/org/junit/platform/junit-platform-launcher/1.10.1/junit-platform-launcher-1.10.1.jar:/home/runner/.m2/repository/org/apache/hadoop/hadoop-kms/3.3.6/hadoop-kms-3.3.6.jar:/home/runner/.m2/repository/org/apache/hadoop/hadoop-auth/3.3.6/hadoop-auth-3.3.6.jar:/home/runner/.m2/repository/com/nimbusds/nimbus-jose-jwt/9.8.1/nimbus-jose-jwt-9.8.1.jar:/home/runner/.m2/repository/com/github/stephenc/jcip/jcip-annotations/1.0-1/jcip-annotations-1.0-1.jar:/home/runner/.m2/repository/org/apache/zookeeper/zookeeper/3.7.2/zookeeper-3.7.2.jar:/home/runner/.m2/repository/org/apache/zookeeper/zookeeper-jute/3.7.2/zookeeper-jute-3.7.2.jar:/home/runner/.m2/repository/org/apache/yetus/audience-annotations/0.12.0/audience-annotations-0.12.0.jar:/home/runner/.m2/repository/org/apache/curator/curator-framework/4.2.0/curator-framework-4.2.0.jar:/home/runner/.m2/repository/org/apache/hadoop/thirdparty/hadoop-shaded-guava/1.1.1/hadoop-shaded-guava-1.1.1.jar:/home/runner/.m2/repository/com/sun/jersey/jersey-core/1.19.4/jersey-core-1.19.4.jar:/home/runner/.m2/repository/javax/ws/rs/jsr311-api/1.1.1/jsr311-api-1.1.1.jar:/home/runner/.m2/repository/com/sun/jersey/jersey-server/1.19.4/jersey-server-1.19.4.jar:/home/runner/.m2/repository/javax/servlet/javax.servlet-api/3.1.0/javax.servlet-api-3.1.0.jar:/home/runner/.m2/repository/org/apache/hadoop/hadoop-common/3.3.6/hadoop-common-3.3.6.jar:/home/runner/.m2/repository/org/apache/commons/commons-math3/3.6.1/commons-math3-3.6.1.jar:/home/runner/.m2/repository/commons-net/commons-net/3.10.0/commons-net-3.10.0.jar:/home/runner/.m2/repository/com/sun/jersey/jersey-servlet/1.19.4/jersey-servlet-1.19.4.jar:/home/runner/.m2/repository/com/github/pjfanning/jersey-json/1.20/jersey-json-1.20.jar:/home/runner/.m2/repository/org/codehaus/jettison/jettison/1.1/jettison-1.1.jar:/home/runner/.m2/repository/com/sun/xml/bind/jaxb-impl/2.2.3-1/jaxb-impl-2.2.3-1.jar:/home/runner/.m2/repository/com/google/re2j/re2j/1.7/re2j-1.7.jar:/home/runner/.m2/repository/com/jcraft/jsch/0.1.54/jsch-0.1.54.jar:/home/runner/.m2/repository/org/apache/curator/curator-client/4.2.0/curator-client-4.2.0.jar:/home/runner/.m2/repository/org/apache/curator/curator-recipes/5.2.0/curator-recipes-5.2.0.jar:/home/runner/.m2/repository/org/apache/kerby/kerb-core/1.0.1/kerb-core-1.0.1.jar:/home/runner/.m2/repository/org/apache/kerby/kerby-pkix/1.0.1/kerby-pkix-1.0.1.jar:/home/runner/.m2/repository/org/apache/kerby/kerby-asn1/1.0.1/kerby-asn1-1.0.1.jar:/home/runner/.m2/repository/org/apache/kerby/kerby-util/1.0.1/kerby-util-1.0.1.jar:/home/runner/.m2/repository/dnsjava/dnsjava/2.1.7/dnsjava-2.1.7.jar:/home/runner/.m2/repository/org/xerial/snappy/snappy-java/1.1.8.2/snappy-java-1.1.8.2.jar:/home/runner/.m2/repository/com/fasterxml/jackson/core/jackson-databind/2.13.4.2/jackson-databind-2.13.4.2.jar:/home/runner/.m2/repository/org/apache/hadoop/hadoop-kms/3.3.6/hadoop-kms-3.3.6-tests.jar:/home/runner/.m2/repository/org/apache/ozone/hdds-server-scm/1.5.0-SNAPSHOT/hdds-server-scm-1.5.0-SNAPSHOT-tests.jar:/home/runner/.m2/repository/org/apache/ozone/hdds-container-service/1.5.0-SNAPSHOT/hdds-container-service-1.5.0-SNAPSHOT-tests.jar:/home/runner/.m2/repository/com/github/luben/zstd-jni/1.5.2-5/zstd-jni-1.5.2-5.jar:/home/runner/.m2/repository/commons-codec/commons-codec/1.15/commons-codec-1.15.jar:/home/runner/.m2/repository/io/netty/netty-codec/4.1.100.Final/netty-codec-4.1.100.Final.jar:/home/runner/.m2/repository/io/netty/netty-handler/4.1.100.Final/netty-handler-4.1.100.Final.jar:/home/runner/.m2/repository/org/apache/ozone/hdds-hadoop-dependency-test/1.5.0-SNAPSHOT/hdds-hadoop-dependency-test-1.5.0-SNAPSHOT.jar:/home/runner/.m2/repository/org/apache/hadoop/hadoop-common/3.3.6/hadoop-common-3.3.6-tests.jar:/home/runner/.m2/repository/org/apache/hadoop/hadoop-hdfs/3.3.6/hadoop-hdfs-3.3.6-tests.jar:/home/runner/.m2/repository/org/junit/jupiter/junit-jupiter-params/5.10.1/junit-jupiter-params-5.10.1.jar:/home/runner/.m2/repository/org/mockito/mockito-core/4.11.0/mockito-core-4.11.0.jar:/home/runner/.m2/repository/net/bytebuddy/byte-buddy/1.12.19/byte-buddy-1.12.19.jar:/home/runner/.m2/repository/net/bytebuddy/byte-buddy-agent/1.12.19/byte-buddy-agent-1.12.19.jar:/home/runner/.m2/repository/org/objenesis/objenesis/1.0/objenesis-1.0.jar:/home/runner/.m2/repository/org/mockito/mockito-junit-jupiter/4.11.0/mockito-junit-jupiter-4.11.0.jar:/home/runner/.m2/repository/org/apache/hadoop/hadoop-distcp/3.3.6/hadoop-distcp-3.3.6.jar:/home/runner/.m2/repository/org/apache/hadoop/hadoop-mapreduce-client-jobclient/3.3.6/hadoop-mapreduce-client-jobclient-3.3.6.jar:/home/runner/.m2/repository/org/apache/hadoop/hadoop-mapreduce-client-common/3.3.6/hadoop-mapreduce-client-common-3.3.6.jar:/home/runner/.m2/repository/org/apache/hadoop/hadoop-yarn-common/3.3.6/hadoop-yarn-common-3.3.6.jar:/home/runner/.m2/repository/org/apache/hadoop/hadoop-yarn-api/3.3.6/hadoop-yarn-api-3.3.6.jar:/home/runner/.m2/repository/javax/xml/bind/jaxb-api/2.2.11/jaxb-api-2.2.11.jar:/home/runner/.m2/repository/com/sun/jersey/contribs/jersey-guice/1.19.4/jersey-guice-1.19.4.jar:/home/runner/.m2/repository/com/fasterxml/jackson/jaxrs/jackson-jaxrs-json-provider/2.13.4/jackson-jaxrs-json-provider-2.13.4.jar:/home/runner/.m2/repository/com/fasterxml/jackson/jaxrs/jackson-jaxrs-base/2.13.4/jackson-jaxrs-base-2.13.4.jar:/home/runner/.m2/repository/org/apache/hadoop/hadoop-yarn-client/3.3.6/hadoop-yarn-client-3.3.6.jar:/home/runner/.m2/repository/org/eclipse/jetty/websocket/websocket-client/9.4.51.v20230217/websocket-client-9.4.51.v20230217.jar:/home/runner/.m2/repository/org/eclipse/jetty/websocket/websocket-common/9.4.51.v20230217/websocket-common-9.4.51.v20230217.jar:/home/runner/.m2/repository/org/eclipse/jetty/websocket/websocket-api/9.4.51.v20230217/websocket-api-9.4.51.v20230217.jar:/home/runner/.m2/repository/org/jline/jline/3.9.0/jline-3.9.0.jar:/home/runner/.m2/repository/org/apache/hadoop/hadoop-mapreduce-client-core/3.3.6/hadoop-mapreduce-client-core-3.3.6.jar:/home/runner/.m2/repository/org/apache/avro/avro/1.7.7/avro-1.7.7.jar:/home/runner/.m2/repository/com/thoughtworks/paranamer/paranamer/2.3/paranamer-2.3.jar:/home/runner/.m2/repository/org/apache/hadoop/hadoop-annotations/3.3.6/hadoop-annotations-3.3.6.jar:/usr/lib/jvm/temurin-8-jdk-amd64/jre/../lib/tools.jar:/home/runner/.m2/repository/io/netty/netty/3.10.6.Final/netty-3.10.6.Final.jar:/home/runner/.m2/repository/org/apache/hadoop/hadoop-distcp/3.3.6/hadoop-distcp-3.3.6-tests.jar:/home/runner/.m2/repository/org/hamcrest/hamcrest/2.2/hamcrest-2.2.jar:/home/runner/.m2/repository/org/slf4j/jul-to-slf4j/2.0.10/jul-to-slf4j-2.0.10.jar:/home/runner/work/ozone/ozone/hadoop-ozone/integration-test/target/gradle-enterprise/test-listeners.jar:"/>
    <property name="sun.cpu.endian" value="little"/>
    <property name="user.home" value="/home/runner"/>
    <property name="user.language" value="en"/>
    <property name="java.specification.vendor" value="Oracle Corporation"/>
    <property name="java.home" value="/usr/lib/jvm/temurin-8-jdk-amd64/jre"/>
    <property name="java.security.krb5.conf" value="/home/runner/work/ozone/ozone/hadoop-ozone/integration-test/target/test-classes/krb5.conf"/>
    <property name="file.separator" value="/"/>
    <property name="basedir" value="/home/runner/work/ozone/ozone/hadoop-ozone/integration-test"/>
    <property name="line.separator" value="&#10;"/>
    <property name="java.vm.specification.vendor" value="Oracle Corporation"/>
    <property name="java.specification.name" value="Java Platform API Specification"/>
    <property name="skip.installnpx" value="true"/>
    <property name="java.awt.graphicsenv" value="sun.awt.X11GraphicsEnvironment"/>
    <property name="surefire.fork.timeout" value="3600"/>
    <property name="surefire.real.class.path" value="/home/runner/work/ozone/ozone/hadoop-ozone/integration-test/target/surefire/surefirebooter4274449880779802611.jar:/home/runner/.m2/repository/org/jacoco/org.jacoco.agent/0.8.5/org.jacoco.agent-0.8.5-runtime.jar"/>
    <property name="sun.boot.class.path" value="/usr/lib/jvm/temurin-8-jdk-amd64/jre/lib/resources.jar:/usr/lib/jvm/temurin-8-jdk-amd64/jre/lib/rt.jar:/usr/lib/jvm/temurin-8-jdk-amd64/jre/lib/sunrsasign.jar:/usr/lib/jvm/temurin-8-jdk-amd64/jre/lib/jsse.jar:/usr/lib/jvm/temurin-8-jdk-amd64/jre/lib/jce.jar:/usr/lib/jvm/temurin-8-jdk-amd64/jre/lib/charsets.jar:/usr/lib/jvm/temurin-8-jdk-amd64/jre/lib/jfr.jar:/usr/lib/jvm/temurin-8-jdk-amd64/jre/classes"/>
    <property name="hadoop.log.dir" value="/home/runner/work/ozone/ozone/hadoop-ozone/integration-test/target/log"/>
    <property name="sun.management.compiler" value="HotSpot 64-Bit Tiered Compilers"/>
    <property name="java.runtime.version" value="1.8.0_402-b06"/>
    <property name="skip.npx" value="true"/>
    <property name="user.name" value="runner"/>
    <property name="java.net.preferIPv4Stack" value="true"/>
    <property name="path.separator" value=":"/>
    <property name="java.security.egd" value="file:///dev/urandom"/>
    <property name="os.version" value="5.15.0-1054-azure"/>
    <property name="java.endorsed.dirs" value="/usr/lib/jvm/temurin-8-jdk-amd64/jre/lib/endorsed"/>
    <property name="java.runtime.name" value="OpenJDK Runtime Environment"/>
    <property name="com.gradle.maven.scan.extension.test.listener.junitplatform.NestedExecutionSafeDelegatingTestExecutionListener" value="67eade7f"/>
    <property name="file.encoding" value="UTF-8"/>
    <property name="java.vm.name" value="OpenJDK 64-Bit Server VM"/>
    <property name="test.build.webapps" value=""/>
    <property name="localRepository" value="/home/runner/.m2/repository"/>
    <property name="gradle.enterprise.listener.port" value="44413"/>
    <property name="jetty.git.hash" value="27bde00a0b95a1d5bbee0eae7984f891d2d0f8c9"/>
    <property name="java.vendor.url.bug" value="https://github.com/adoptium/adoptium-support/issues"/>
    <property name="require.test.libhadoop" value=""/>
    <property name="java.io.tmpdir" value="/tmp"/>
    <property name="java.version" value="1.8.0_402"/>
    <property name="surefire.rerunFailingTestsCount" value="5"/>
    <property name="user.dir" value="/home/runner/work/ozone/ozone/hadoop-ozone/integration-test"/>
    <property name="os.arch" value="amd64"/>
    <property name="test.build.classes" value="/home/runner/work/ozone/ozone/hadoop-ozone/integration-test/target/test-classes"/>
    <property name="java.vm.specification.name" value="Java Virtual Machine Specification"/>
    <property name="java.awt.printerjob" value="sun.print.PSPrinterJob"/>
    <property name="sun.os.patch.level" value="unknown"/>
    <property name="org.apache.ratis.thirdparty.io.netty.allocator.useCacheForAllThreads" value="false"/>
    <property name="hadoop.tmp.dir" value="/home/runner/work/ozone/ozone/hadoop-ozone/integration-test/target/tmp"/>
    <property name="java.library.path" value="/usr/java/packages/lib/amd64:/usr/lib64:/lib64:/lib:/usr/lib"/>
    <property name="java.vendor" value="Temurin"/>
    <property name="java.vm.info" value="mixed mode"/>
    <property name="java.vm.version" value="25.402-b06"/>
    <property name="java.specification.maintenance.version" value="5"/>
    <property name="sun.io.unicode.encoding" value="UnicodeLittle"/>
    <property name="java.ext.dirs" value="/usr/lib/jvm/temurin-8-jdk-amd64/jre/lib/ext:/usr/java/packages/lib/ext"/>
    <property name="java.class.version" value="52.0"/>
  </properties>
  <testcase name="testWatchForCommitWithKeyWrite" classname="org.apache.hadoop.ozone.client.rpc.TestWatchForCommit" time="40.805"/>
  <testcase name="testWatchForCommitForRetryfailure" classname="org.apache.hadoop.ozone.client.rpc.TestWatchForCommit" time="37.645">
    <flakyFailure type="java.lang.AssertionError">
      <stackTrace><![CDATA[java.lang.AssertionError: 

Expecting:
 <"org.apache.ratis.protocol.exceptions.RaftRetryFailureException: Failed RaftClientRequest:client-5AB8F24C4CCC->e4108bdc-dd8a-4467-8687-0aef72f28da1@group-93DD453B75EB, cid=49, seq=null, Watch-MAJORITY_COMMITTED(14), null for 3 attempts with RequestTypeDependentRetryPolicy{WRITE->ExceptionDependentRetry(maxAttempts=2147483647; defaultPolicy=MultipleLinearRandomRetry[5x5s, 5x10s, 5x15s, 5x20s, 5x25s, 10x60s]; map={org.apache.ratis.protocol.exceptions.GroupMismatchException->NoRetry, org.apache.ratis.protocol.exceptions.NotReplicatedException->NoRetry, org.apache.ratis.protocol.exceptions.ResourceUnavailableException->org.apache.ratis.retry.ExponentialBackoffRetry@463342ae, org.apache.ratis.protocol.exceptions.StateMachineException->NoRetry, org.apache.ratis.protocol.exceptions.TimeoutIOException->org.apache.ratis.retry.ExponentialBackoffRetry@463342ae}), WATCH->ExceptionDependentRetry(maxAttempts=2147483647; defaultPolicy=MultipleLinearRandomRetry[5x5s, 5x10s, 5x15s, 5x20s, 5x25s, 10x60s]; map={org.apache.ratis.protocol.exceptions.GroupMismatchException->NoRetry, org.apache.ratis.protocol.exceptions.NotReplicatedException->NoRetry, org.apache.ratis.protocol.exceptions.ResourceUnavailableException->org.apache.ratis.retry.ExponentialBackoffRetry@463342ae, org.apache.ratis.protocol.exceptions.StateMachineException->NoRetry, org.apache.ratis.protocol.exceptions.TimeoutIOException->NoRetry})}">
not to contain:
 <"Watch-MAJORITY_COMMITTED">

	at org.apache.hadoop.ozone.client.rpc.TestWatchForCommit.testWatchForCommitForRetryfailure(TestWatchForCommit.java:291)
	at java.lang.reflect.Method.invoke(Method.java:498)
	at java.util.ArrayList.forEach(ArrayList.java:1259)
	at java.util.ArrayList.forEach(ArrayList.java:1259)
]]></stackTrace>
      <system-out><![CDATA[2024-02-06 10:02:39,667 [main] WARN  server.ServerUtils (ServerUtils.java:getScmDbDir(143)) - ozone.scm.db.dirs is not configured. We recommend adding this setting. Falling back to ozone.metadata.dirs instead.
2024-02-06 10:02:39,671 [main] WARN  server.ServerUtils (ServerUtils.java:getScmDbDir(143)) - ozone.scm.db.dirs is not configured. We recommend adding this setting. Falling back to ozone.metadata.dirs instead.
2024-02-06 10:02:39,672 [main] INFO  ha.SCMHANodeDetails (SCMHANodeDetails.java:loadSCMHAConfig(207)) - ServiceID for StorageContainerManager is null
2024-02-06 10:02:39,672 [main] INFO  ha.SCMHANodeDetails (SCMHANodeDetails.java:loadSCMHAConfig(212)) - ozone.scm.default.service.id is not defined, falling back to ozone.scm.service.ids to find serviceID for StorageContainerManager if it is HA enabled cluster
2024-02-06 10:02:39,673 [main] WARN  utils.HAUtils (HAUtils.java:getMetaDir(339)) - ozone.scm.db.dirs is not configured. We recommend adding this setting. Falling back to ozone.metadata.dirs instead.
2024-02-06 10:02:39,673 [main] WARN  db.DBStoreBuilder (DBStoreBuilder.java:applyDBDefinition(170)) - ozone.scm.db.dirs is not configured. We recommend adding this setting. Falling back to ozone.metadata.dirs instead.
2024-02-06 10:02:39,766 [main] INFO  net.NodeSchemaLoader (NodeSchemaLoader.java:loadSchemaFromFile(129)) - Loading schema from [jar:file:/home/runner/.m2/repository/org/apache/ozone/hdds-common/1.5.0-SNAPSHOT/hdds-common-1.5.0-SNAPSHOT.jar!/network-topology-default.xml]
2024-02-06 10:02:39,766 [main] INFO  net.NodeSchemaLoader (NodeSchemaLoader.java:loadSchema(176)) - Loading network topology layer schema file
2024-02-06 10:02:39,768 [main] INFO  upgrade.AbstractLayoutVersionManager (AbstractLayoutVersionManager.java:init(83)) - Initializing Layout version manager with metadata layout = HADOOP_PRC_PORTS_IN_DATANODEDETAILS (version = 7), software layout = HADOOP_PRC_PORTS_IN_DATANODEDETAILS (version = 7)
2024-02-06 10:02:39,770 [main] INFO  ha.SequenceIdGenerator (SequenceIdGenerator.java:upgradeToSequenceId(370)) - upgrade localId to 113750153625600000
2024-02-06 10:02:39,771 [main] INFO  ha.SequenceIdGenerator (SequenceIdGenerator.java:upgradeToSequenceId(380)) - upgrade delTxnId to 0
2024-02-06 10:02:39,772 [main] INFO  ha.SequenceIdGenerator (SequenceIdGenerator.java:upgradeToSequenceId(397)) - upgrade containerId to 0
2024-02-06 10:02:39,774 [main] INFO  ha.SequenceIdGenerator (SequenceIdGenerator.java:upgradeToCertificateSequenceId(444)) - upgrade CertificateId to 2
2024-02-06 10:02:39,775 [main] INFO  ha.SequenceIdGenerator (SequenceIdGenerator.java:<init>(241)) - Init the HA SequenceIdGenerator.
2024-02-06 10:02:39,775 [main] INFO  node.SCMNodeManager (SCMNodeManager.java:<init>(177)) - Entering startup safe mode.
2024-02-06 10:02:39,776 [main] INFO  algorithms.ContainerPlacementPolicyFactory (ContainerPlacementPolicyFactory.java:getPolicyInternal(86)) - Create container placement policy of type org.apache.hadoop.hdds.scm.container.placement.algorithms.SCMContainerPlacementRackAware
2024-02-06 10:02:39,776 [main] INFO  algorithms.ContainerPlacementPolicyFactory (ContainerPlacementPolicyFactory.java:getPolicyInternal(86)) - Create container placement policy of type org.apache.hadoop.hdds.scm.container.placement.algorithms.SCMContainerPlacementRackScatter
2024-02-06 10:02:39,776 [main] INFO  pipeline.PipelineStateManagerImpl (PipelineStateManagerImpl.java:initialize(78)) - No pipeline exists in current db
2024-02-06 10:02:39,777 [main] INFO  algorithms.LeaderChoosePolicyFactory (LeaderChoosePolicyFactory.java:getPolicy(57)) - Create leader choose policy of type org.apache.hadoop.hdds.scm.pipeline.leader.choose.algorithms.MinLeaderCountChoosePolicy
2024-02-06 10:02:39,777 [main] INFO  algorithms.ContainerPlacementPolicyFactory (ContainerPlacementPolicyFactory.java:getPolicyInternal(86)) - Create container placement policy of type org.apache.hadoop.hdds.scm.container.placement.algorithms.SCMContainerPlacementRackScatter
2024-02-06 10:02:39,777 [main] INFO  ha.SCMServiceManager (SCMServiceManager.java:register(42)) - Registering service BackgroundPipelineCreator.
2024-02-06 10:02:39,777 [main] INFO  pipeline.BackgroundPipelineCreator (BackgroundPipelineCreator.java:start(127)) - Starting RatisPipelineUtilsThread.
2024-02-06 10:02:39,778 [main] INFO  BackgroundPipelineScrubber (BackgroundSCMService.java:start(65)) - Starting BackgroundPipelineScrubber Service.
2024-02-06 10:02:39,778 [main] INFO  ha.SCMServiceManager (SCMServiceManager.java:register(42)) - Registering service BackgroundPipelineScrubber.
2024-02-06 10:02:39,778 [main] INFO  ExpiredContainerReplicaOpScrubber (BackgroundSCMService.java:start(65)) - Starting ExpiredContainerReplicaOpScrubber Service.
2024-02-06 10:02:39,784 [main] INFO  ha.SCMServiceManager (SCMServiceManager.java:register(42)) - Registering service ExpiredContainerReplicaOpScrubber.
2024-02-06 10:02:39,785 [main] INFO  algorithms.PipelineChoosePolicyFactory (PipelineChoosePolicyFactory.java:createPipelineChoosePolicyFromClass(80)) - Create pipeline choose policy of type org.apache.hadoop.hdds.scm.pipeline.choose.algorithms.RandomPipelineChoosePolicy
2024-02-06 10:02:39,785 [main] INFO  algorithms.PipelineChoosePolicyFactory (PipelineChoosePolicyFactory.java:createPipelineChoosePolicyFromClass(80)) - Create pipeline choose policy of type org.apache.hadoop.hdds.scm.pipeline.choose.algorithms.RandomPipelineChoosePolicy
2024-02-06 10:02:39,786 [main] INFO  ha.SCMServiceManager (SCMServiceManager.java:register(42)) - Registering service SCMBlockDeletingService.
2024-02-06 10:02:39,787 [main] INFO  replication.ReplicationManager (ReplicationManager.java:start(295)) - Starting Replication Monitor Thread.
2024-02-06 10:02:39,788 [main] INFO  ha.SCMServiceManager (SCMServiceManager.java:register(42)) - Registering service ReplicationManager.
2024-02-06 10:02:39,788 [ReplicationMonitor] INFO  replication.ReplicationManager (ReplicationManager.java:processAll(370)) - Replication Manager is not ready to run until 3000ms after safemode exit
2024-02-06 10:02:39,789 [main] INFO  safemode.ContainerSafeModeRule (ContainerSafeModeRule.java:<init>(91)) - containers with one replica threshold count 0
2024-02-06 10:02:39,789 [main] INFO  safemode.HealthyPipelineSafeModeRule (HealthyPipelineSafeModeRule.java:initializeRule(176)) - Total pipeline count is 0, healthy pipeline threshold count is 1
2024-02-06 10:02:39,790 [main] INFO  safemode.OneReplicaPipelineSafeModeRule (OneReplicaPipelineSafeModeRule.java:initializeRule(193)) - Total pipeline count is 0, pipeline's with at least one datanode reported threshold count is 0
2024-02-06 10:02:39,790 [main] INFO  server.StorageContainerManager (StorageContainerManager.java:<init>(440)) - SCM start with adminUsers: [runner]
2024-02-06 10:02:39,790 [main] INFO  ipc.CallQueueManager (CallQueueManager.java:<init>(90)) - Using callQueue: class java.util.concurrent.LinkedBlockingQueue, queueCapacity: 10000, scheduler: class org.apache.hadoop.ipc.DefaultRpcScheduler, ipcBackoff: false.
2024-02-06 10:02:39,791 [main] INFO  ipc.Server (Server.java:<init>(1287)) - Listener at 0.0.0.0:15091
2024-02-06 10:02:39,791 [Socket Reader #1 for port 15091] INFO  ipc.Server (Server.java:run(1323)) - Starting Socket Reader #1 for port 15091
2024-02-06 10:02:39,792 [main] INFO  ipc.CallQueueManager (CallQueueManager.java:<init>(90)) - Using callQueue: class java.util.concurrent.LinkedBlockingQueue, queueCapacity: 10000, scheduler: class org.apache.hadoop.ipc.DefaultRpcScheduler, ipcBackoff: false.
2024-02-06 10:02:39,792 [main] INFO  ipc.Server (Server.java:<init>(1287)) - Listener at 0.0.0.0:15090
2024-02-06 10:02:39,795 [Socket Reader #1 for port 15090] INFO  ipc.Server (Server.java:run(1323)) - Starting Socket Reader #1 for port 15090
2024-02-06 10:02:39,796 [main] INFO  ipc.CallQueueManager (CallQueueManager.java:<init>(90)) - Using callQueue: class java.util.concurrent.LinkedBlockingQueue, queueCapacity: 10000, scheduler: class org.apache.hadoop.ipc.DefaultRpcScheduler, ipcBackoff: false.
2024-02-06 10:02:39,797 [main] INFO  ipc.Server (Server.java:<init>(1287)) - Listener at 0.0.0.0:15089
2024-02-06 10:02:39,797 [Socket Reader #1 for port 15089] INFO  ipc.Server (Server.java:run(1323)) - Starting Socket Reader #1 for port 15089
2024-02-06 10:02:39,803 [main] INFO  ha.SCMServiceManager (SCMServiceManager.java:register(42)) - Registering service ContainerBalancer.
2024-02-06 10:02:39,804 [main] INFO  ha.SCMContext (SCMContext.java:updateSafeModeStatus(225)) - Update SafeModeStatus from SafeModeStatus{safeModeStatus=true, preCheckPassed=false} to SafeModeStatus{safeModeStatus=true, preCheckPassed=false}.
2024-02-06 10:02:39,804 [main] INFO  server.StorageContainerManager (StorageContainerManager.java:start(1545)) - StorageContainerLocationProtocol RPC server is listening at /0.0.0.0:15089
2024-02-06 10:02:39,805 [main] WARN  impl.MetricsConfig (MetricsConfig.java:loadFirst(136)) - Cannot locate configuration: tried hadoop-metrics2-storagecontainermanager.properties,hadoop-metrics2.properties
2024-02-06 10:02:39,806 [main] INFO  impl.MetricsSystemImpl (MetricsSystemImpl.java:startTimer(378)) - Scheduled Metric snapshot period at 10 second(s).
2024-02-06 10:02:39,806 [main] INFO  impl.MetricsSystemImpl (MetricsSystemImpl.java:start(191)) - StorageContainerManager metrics system started
2024-02-06 10:02:39,810 [main] INFO  impl.MetricsSinkAdapter (MetricsSinkAdapter.java:start(204)) - Sink prometheus started
2024-02-06 10:02:39,810 [main] INFO  impl.MetricsSystemImpl (MetricsSystemImpl.java:registerSink(305)) - Registered sink prometheus
2024-02-06 10:02:39,832 [main] INFO  server.SCMClientProtocolServer (SCMClientProtocolServer.java:start(203)) - RPC server for Client  is listening at /0.0.0.0:15089
2024-02-06 10:02:39,832 [IPC Server Responder] INFO  ipc.Server (Server.java:run(1562)) - IPC Server Responder: starting
2024-02-06 10:02:39,832 [IPC Server listener on 15089] INFO  ipc.Server (Server.java:run(1402)) - IPC Server listener on 15089: starting
2024-02-06 10:02:39,858 [main] INFO  server.StorageContainerManager (StorageContainerManager.java:start(1558)) - ScmBlockLocationProtocol RPC server is listening at /0.0.0.0:15090
2024-02-06 10:02:39,859 [main] INFO  server.SCMBlockProtocolServer (SCMBlockProtocolServer.java:start(160)) - RPC server for Block Protocol is listening at /0.0.0.0:15090
2024-02-06 10:02:39,859 [IPC Server Responder] INFO  ipc.Server (Server.java:run(1562)) - IPC Server Responder: starting
2024-02-06 10:02:39,862 [IPC Server listener on 15090] INFO  ipc.Server (Server.java:run(1402)) - IPC Server listener on 15090: starting
2024-02-06 10:02:39,868 [main] INFO  server.SCMDatanodeProtocolServer (SCMDatanodeProtocolServer.java:start(194)) - ScmDatanodeProtocol RPC server for DataNodes is listening at /0.0.0.0:15091
2024-02-06 10:02:39,869 [IPC Server Responder] INFO  ipc.Server (Server.java:run(1562)) - IPC Server Responder: starting
2024-02-06 10:02:39,869 [IPC Server listener on 15091] INFO  ipc.Server (Server.java:run(1402)) - IPC Server listener on 15091: starting
2024-02-06 10:02:39,884 [JvmPauseMonitor11] INFO  util.JvmPauseMonitor (JvmPauseMonitor.java:run(146)) - JvmPauseMonitor-5e5ca527-00f5-4275-adaf-4092cd2f62d0: Started
2024-02-06 10:02:39,884 [main] INFO  http.BaseHttpServer (BaseHttpServer.java:newHttpServer2BuilderForOzone(223)) - Starting Web-server for scm at: http://0.0.0.0:15092
2024-02-06 10:02:39,885 [main] INFO  http.BaseHttpServer (BaseHttpServer.java:<init>(110)) - Hadoop Security Enabled: false Ozone Security Enabled: false Ozone HTTP Security Enabled: false 
2024-02-06 10:02:39,886 [main] WARN  server.AuthenticationFilter (AuthenticationFilter.java:constructSecretProvider(240)) - Unable to initialize FileSignerSecretProvider, falling back to use random secrets. Reason: Could not read signature secret file: /home/runner/hadoop-http-auth-signature-secret
2024-02-06 10:02:39,887 [main] INFO  http.HttpRequestLog (HttpRequestLog.java:getRequestLog(86)) - Http request log for http.requests.scm is not defined
2024-02-06 10:02:39,889 [main] INFO  http.HttpServer2 (HttpServer2.java:addGlobalFilter(1036)) - Added global filter 'safety' (class=org.apache.hadoop.hdds.server.http.HttpServer2$QuotingInputFilter)
2024-02-06 10:02:39,889 [main] INFO  http.HttpServer2 (HttpServer2.java:addFilter(1012)) - Added filter static_user_filter (class=org.apache.hadoop.http.lib.StaticUserWebFilter$StaticUserFilter) to context scm
2024-02-06 10:02:39,890 [main] INFO  http.HttpServer2 (HttpServer2.java:addFilter(1020)) - Added filter static_user_filter (class=org.apache.hadoop.http.lib.StaticUserWebFilter$StaticUserFilter) to context static
2024-02-06 10:02:39,890 [main] INFO  http.HttpServer2 (HttpServer2.java:addFilter(1020)) - Added filter static_user_filter (class=org.apache.hadoop.http.lib.StaticUserWebFilter$StaticUserFilter) to context logs
2024-02-06 10:02:39,891 [main] INFO  http.BaseHttpServer (BaseHttpServer.java:<init>(189)) - HTTP server of scm uses base directory /home/runner/work/ozone/ozone/hadoop-ozone/integration-test/target/test-dir/MiniOzoneClusterImpl-aff9c889-8dd2-4f79-ab57-76a0adc13766/ozone-meta/webserver
2024-02-06 10:02:39,891 [main] INFO  http.HttpServer2 (HttpServer2.java:bindListener(1236)) - Jetty bound to port 15092
2024-02-06 10:02:39,891 [main] INFO  server.Server (Server.java:doStart(375)) - jetty-9.4.53.v20231009; built: 2023-10-09T12:29:09.265Z; git: 27bde00a0b95a1d5bbee0eae7984f891d2d0f8c9; jvm 1.8.0_402-b06
2024-02-06 10:02:39,892 [main] INFO  server.session (DefaultSessionIdManager.java:doStart(334)) - DefaultSessionIdManager workerName=node0
2024-02-06 10:02:39,893 [main] INFO  server.session (DefaultSessionIdManager.java:doStart(339)) - No SessionScavenger set, using defaults
2024-02-06 10:02:39,893 [main] INFO  server.session (HouseKeeper.java:startScavenging(132)) - node0 Scavenging every 600000ms
2024-02-06 10:02:39,894 [main] INFO  handler.ContextHandler (ContextHandler.java:doStart(921)) - Started o.e.j.s.ServletContextHandler@5e2b6fd0{logs,/logs,file:///home/runner/work/ozone/ozone/hadoop-ozone/integration-test/target/log,AVAILABLE}
2024-02-06 10:02:39,894 [main] INFO  handler.ContextHandler (ContextHandler.java:doStart(921)) - Started o.e.j.s.ServletContextHandler@23e56d45{static,/static,file:///home/runner/work/ozone/ozone/hadoop-ozone/integration-test/target/test-classes/webapps/static,AVAILABLE}
2024-02-06 10:02:39,898 [main] INFO  handler.ContextHandler (ContextHandler.java:doStart(921)) - Started o.e.j.w.WebAppContext@34991ade{scm,/,file:///home/runner/work/ozone/ozone/hadoop-ozone/integration-test/target/test-classes/webapps/scm/,AVAILABLE}{file:/home/runner/work/ozone/ozone/hadoop-ozone/integration-test/target/test-classes/webapps/scm}
2024-02-06 10:02:39,899 [main] INFO  server.AbstractConnector (AbstractConnector.java:doStart(333)) - Started ServerConnector@1a00979c{HTTP/1.1, (http/1.1)}{0.0.0.0:15092}
2024-02-06 10:02:39,900 [main] INFO  server.Server (Server.java:doStart(415)) - Started @41949ms
2024-02-06 10:02:39,900 [main] WARN  impl.MetricsSystemImpl (MetricsSystemImpl.java:register(279)) - Sink prometheus already exists!
2024-02-06 10:02:39,900 [main] INFO  http.BaseHttpServer (BaseHttpServer.java:updateConnectorAddress(354)) - HTTP server of scm listening at http://0.0.0.0:15092
2024-02-06 10:02:39,901 [main] WARN  server.ServerUtils (ServerUtils.java:getDBPath(299)) - ozone.om.db.dirs is not configured. We recommend adding this setting. Falling back to ozone.metadata.dirs instead.
2024-02-06 10:02:39,903 [main] INFO  ha.OMHANodeDetails (OMHANodeDetails.java:loadOMHAConfig(115)) - ozone.om.internal.service.id is not defined, falling back to ozone.om.service.ids to find serviceID for OzoneManager if it is HA enabled cluster
2024-02-06 10:02:39,903 [main] INFO  ha.OMHANodeDetails (OMHANodeDetails.java:loadOMHAConfig(226)) - Configuration does not have ozone.om.address set. Falling back to the default OM address /127.0.0.1:15093
2024-02-06 10:02:39,904 [main] INFO  ha.OMHANodeDetails (OMHANodeDetails.java:getOMNodeDetailsForNonHA(254)) - OM Service ID is not set. Setting it to the default ID: omServiceIdDefault
2024-02-06 10:02:39,904 [main] INFO  ha.OMHANodeDetails (OMHANodeDetails.java:getOMNodeDetailsForNonHA(261)) - OM Node ID is not set. Setting it to the default ID: om1
2024-02-06 10:02:39,905 [main] WARN  server.ServerUtils (ServerUtils.java:getDBPath(299)) - ozone.om.db.dirs is not configured. We recommend adding this setting. Falling back to ozone.metadata.dirs instead.
2024-02-06 10:02:39,906 [main] INFO  upgrade.AbstractLayoutVersionManager (AbstractLayoutVersionManager.java:init(83)) - Initializing Layout version manager with metadata layout = QUOTA (version = 6), software layout = QUOTA (version = 6)
2024-02-06 10:02:39,946 [main] INFO  upgrade.OMLayoutVersionManager (OMLayoutVersionManager.java:lambda$0(113)) - Skipping Upgrade Action QuotaRepairUpgradeAction since it has been finalized.
2024-02-06 10:02:39,946 [main] INFO  upgrade.OMLayoutVersionManager (OMLayoutVersionManager.java:lambda$0(113)) - Skipping Upgrade Action MockOmUpgradeAction since it has been finalized.
2024-02-06 10:02:39,946 [main] WARN  server.ServerUtils (ServerUtils.java:getDBPath(299)) - ozone.om.db.dirs is not configured. We recommend adding this setting. Falling back to ozone.metadata.dirs instead.
2024-02-06 10:02:39,947 [main] INFO  proxy.SCMBlockLocationFailoverProxyProvider (SCMBlockLocationFailoverProxyProvider.java:<init>(115)) - Created block location fail-over proxy with 1 nodes: [nodeId=scmNodeId,nodeAddress=/0.0.0.0:15090]
2024-02-06 10:02:39,949 [main] INFO  proxy.SCMBlockLocationFailoverProxyProvider (SCMBlockLocationFailoverProxyProvider.java:<init>(115)) - Created block location fail-over proxy with 1 nodes: [nodeId=scmNodeId,nodeAddress=/0.0.0.0:15090]
2024-02-06 10:02:39,955 [main] INFO  om.OzoneManager (OzoneManager.java:<init>(673)) - OM start with adminUsers: [runner]
2024-02-06 10:02:39,956 [main] WARN  server.ServerUtils (ServerUtils.java:getDBPath(299)) - ozone.om.db.dirs is not configured. We recommend adding this setting. Falling back to ozone.metadata.dirs instead.
2024-02-06 10:02:39,956 [main] INFO  helpers.OmKeyInfo (OmKeyInfo.java:getCodec(71)) - OmKeyInfo.getCodec ignorePipeline = true
2024-02-06 10:02:40,108 [main] INFO  om.OzoneManager (OzoneManager.java:instantiateServices(805)) - S3 Multi-Tenancy is disabled
2024-02-06 10:02:40,109 [main] INFO  om.OmSnapshotManager (OmSnapshotManager.java:<init>(176)) - Ozone filesystem snapshot feature is enabled.
2024-02-06 10:02:40,109 [main] WARN  server.ServerUtils (ServerUtils.java:getDBPath(299)) - ozone.om.snapshot.diff.db.dir is not configured. We recommend adding this setting. Falling back to ozone.metadata.dirs instead.
2024-02-06 10:02:40,130 [main] INFO  utils.NativeLibraryLoader (NativeLibraryLoader.java:loadLibrary(108)) - Loading Library: ozone_rocksdb_tools
2024-02-06 10:02:40,131 [main] INFO  snapshot.SnapshotDiffManager (SnapshotDiffManager.java:closeExecutorService(1688)) - Shutting down executorService: 'SstDumpToolExecutor'
2024-02-06 10:02:40,133 [main] INFO  om.OzoneManager (OzoneManager.java:addS3GVolumeToDB(4429)) - Created Volume s3v With Owner runner required for S3Gateway operations.
2024-02-06 10:02:40,133 [main] WARN  server.ServerUtils (ServerUtils.java:getDefaultRatisDirectory(311)) - Storage directory for Ratis is not configured. It is a good idea to map this to an SSD disk. Falling back to ozone.metadata.dirs
2024-02-06 10:02:40,134 [main] WARN  utils.OzoneManagerRatisUtils (OzoneManagerRatisUtils.java:getOMRatisSnapshotDirectory(473)) - ozone.om.ratis.snapshot.dir is not configured. Falling back to ozone.metadata.dirs config
2024-02-06 10:02:40,134 [main] WARN  server.ServerUtils (ServerUtils.java:getDefaultRatisDirectory(311)) - Storage directory for Ratis is not configured. It is a good idea to map this to an SSD disk. Falling back to ozone.metadata.dirs
2024-02-06 10:02:40,135 [main] INFO  ratis.OzoneManagerRatisServer (OzoneManagerRatisServer.java:<init>(167)) - Instantiating OM Ratis server with groupID: omServiceIdDefault and peers: localhost:15096
2024-02-06 10:02:40,135 [main] INFO  ratis.OzoneManagerStateMachine (OzoneManagerStateMachine.java:loadSnapshotInfoFromDB(576)) - TransactionInfo not found in OM DB.
2024-02-06 10:02:40,136 [main] INFO  server.RaftServer (ConfUtils.java:logGet(46)) - raft.rpc.type = GRPC (default)
2024-02-06 10:02:40,136 [main] INFO  grpc.GrpcConfigKeys (ConfUtils.java:logFallback(53)) - raft.grpc.admin.host = null (fallback to raft.grpc.server.host)
2024-02-06 10:02:40,136 [main] INFO  grpc.GrpcConfigKeys (ConfUtils.java:logFallback(53)) - raft.grpc.admin.port = 15096 (fallback to raft.grpc.server.port)
2024-02-06 10:02:40,136 [main] INFO  grpc.GrpcConfigKeys (ConfUtils.java:logFallback(53)) - raft.grpc.client.host = null (fallback to raft.grpc.server.host)
2024-02-06 10:02:40,136 [main] INFO  grpc.GrpcConfigKeys (ConfUtils.java:logFallback(53)) - raft.grpc.client.port = 15096 (fallback to raft.grpc.server.port)
2024-02-06 10:02:40,137 [main] INFO  grpc.GrpcConfigKeys (ConfUtils.java:logGet(46)) - raft.grpc.server.host = null (default)
2024-02-06 10:02:40,137 [main] INFO  grpc.GrpcConfigKeys (ConfUtils.java:logGet(46)) - raft.grpc.server.port = 15096 (custom)
2024-02-06 10:02:40,137 [main] INFO  server.GrpcService (ConfUtils.java:logGet(46)) - raft.grpc.message.size.max = 4194304 (custom)
2024-02-06 10:02:40,137 [main] INFO  server.RaftServerConfigKeys (ConfUtils.java:logGet(46)) - raft.server.log.appender.buffer.byte-limit = 4194304 (custom)
2024-02-06 10:02:40,137 [main] INFO  server.GrpcService (ConfUtils.java:logGet(46)) - raft.grpc.flow.control.window = 1MB (=1048576) (default)
2024-02-06 10:02:40,137 [main] INFO  server.RaftServerConfigKeys (ConfUtils.java:logGet(46)) - raft.server.rpc.request.timeout = 3000ms (default)
2024-02-06 10:02:40,138 [main] INFO  grpc.GrpcConfigKeys (ConfUtils.java:logGet(46)) - raft.grpc.server.heartbeat.channel = true (default)
2024-02-06 10:02:40,138 [main] INFO  grpc.GrpcConfigKeys (ConfUtils.java:logGet(46)) - raft.grpc.server.async.request.thread.pool.cached = true (default)
2024-02-06 10:02:40,138 [main] INFO  grpc.GrpcConfigKeys (ConfUtils.java:logGet(46)) - raft.grpc.server.async.request.thread.pool.size = 32 (default)
2024-02-06 10:02:40,139 [main] INFO  impl.DataStreamServerImpl (ConfUtils.java:logGet(46)) - raft.datastream.type = DISABLED (default)
2024-02-06 10:02:40,139 [main] INFO  server.RaftServerConfigKeys (ConfUtils.java:logGet(46)) - raft.server.sleep.deviation.threshold = 300ms (default)
2024-02-06 10:02:40,139 [main] INFO  server.RaftServerConfigKeys (ConfUtils.java:logGet(46)) - raft.server.close.threshold = 60s (default)
2024-02-06 10:02:40,140 [main] INFO  server.RaftServerConfigKeys (ConfUtils.java:logGet(46)) - raft.server.leaderelection.leader.step-down.wait-time = 10s (default)
2024-02-06 10:02:40,140 [main] INFO  server.RaftServerConfigKeys (ConfUtils.java:logGet(46)) - raft.server.storage.dir = [/home/runner/work/ozone/ozone/hadoop-ozone/integration-test/target/test-dir/MiniOzoneClusterImpl-aff9c889-8dd2-4f79-ab57-76a0adc13766/ozone-meta/ratis] (custom)
2024-02-06 10:02:40,140 [main] INFO  server.RaftServerConfigKeys (ConfUtils.java:logGet(46)) - raft.server.threadpool.proxy.cached = true (default)
2024-02-06 10:02:40,140 [main] INFO  server.RaftServerConfigKeys (ConfUtils.java:logGet(46)) - raft.server.threadpool.proxy.size = 0 (default)
2024-02-06 10:02:40,141 [main] INFO  server.RaftServer (RaftServerProxy.java:addNew(100)) - om1: addNew group-C5BA1605619E:[om1|localhost:15096] returns group-C5BA1605619E:java.util.concurrent.CompletableFuture@6f2cbcbe[Not completed]
2024-02-06 10:02:40,141 [om1-groupManagement] INFO  server.RaftServer$Division (RaftServerImpl.java:<init>(256)) - om1: new RaftServerImpl for group-C5BA1605619E:[om1|localhost:15096] with OzoneManagerStateMachine:uninitialized
2024-02-06 10:02:40,141 [main] INFO  om.OzoneManager (OzoneManager.java:initializeRatisServer(2141)) - OzoneManager Ratis server initialized at port 15096
2024-02-06 10:02:40,141 [om1-groupManagement] INFO  server.RaftServerConfigKeys (ConfUtils.java:logGet(46)) - raft.server.rpc.timeout.min = 1s (custom)
2024-02-06 10:02:40,141 [main] INFO  om.OzoneManager (OzoneManager.java:getRpcServer(1207)) - Creating RPC Server
2024-02-06 10:02:40,141 [om1-groupManagement] INFO  server.RaftServerConfigKeys (ConfUtils.java:logGet(46)) - raft.server.rpc.timeout.max = 1200ms (custom)
2024-02-06 10:02:40,141 [om1-groupManagement] INFO  server.RaftServerConfigKeys (ConfUtils.java:logGet(46)) - raft.server.rpc.sleep.time = 25ms (default)
2024-02-06 10:02:40,141 [om1-groupManagement] INFO  server.RaftServerConfigKeys (ConfUtils.java:logGet(46)) - raft.server.rpc.slowness.timeout = 120s (custom)
2024-02-06 10:02:40,142 [om1-groupManagement] INFO  server.RaftServerConfigKeys (ConfUtils.java:logGet(46)) - raft.server.leaderelection.leader.step-down.wait-time = 10s (default)
2024-02-06 10:02:40,142 [om1-groupManagement] INFO  server.RaftServerConfigKeys (ConfUtils.java:logGet(46)) - raft.server.leaderelection.member.majority-add = false (default)
2024-02-06 10:02:40,142 [om1-groupManagement] INFO  server.RaftServerConfigKeys (ConfUtils.java:logGet(46)) - raft.server.sleep.deviation.threshold = 300ms (default)
2024-02-06 10:02:40,142 [om1-groupManagement] INFO  server.RaftServer$Division (ServerState.java:<init>(113)) - om1@group-C5BA1605619E: ConfigurationManager, init=-1: peers:[om1|localhost:15096]|listeners:[], old=null, confs=<EMPTY_MAP>
2024-02-06 10:02:40,143 [om1-groupManagement] INFO  server.RaftServerConfigKeys (ConfUtils.java:logGet(46)) - raft.server.notification.no-leader.timeout = 120s (custom)
2024-02-06 10:02:40,143 [om1-groupManagement] INFO  server.RaftServerConfigKeys (ConfUtils.java:logGet(46)) - raft.server.read.timeout = 10s (default)
2024-02-06 10:02:40,143 [om1-groupManagement] INFO  server.RaftServerConfigKeys (ConfUtils.java:logGet(46)) - raft.server.retrycache.expirytime = 300s (custom)
2024-02-06 10:02:40,143 [om1-groupManagement] INFO  server.RaftServerConfigKeys (ConfUtils.java:logGet(46)) - raft.server.retrycache.statistics.expirytime = 100ms (default)
2024-02-06 10:02:40,143 [om1-groupManagement] INFO  server.RaftServerConfigKeys (ConfUtils.java:logGet(46)) - raft.server.read.option = DEFAULT (default)
2024-02-06 10:02:40,143 [om1-groupManagement] INFO  server.RaftServerConfigKeys (ConfUtils.java:logGet(46)) - raft.server.read.read-after-write-consistent.write-index-cache.expiry-time = 60s (default)
2024-02-06 10:02:40,144 [om1-groupManagement] INFO  server.RaftServerConfigKeys (ConfUtils.java:logGet(46)) - raft.server.rpc.request.timeout = 3000ms (default)
2024-02-06 10:02:40,144 [om1-groupManagement] INFO  server.RaftServerConfigKeys (ConfUtils.java:logGet(46)) - raft.server.log.appender.install.snapshot.enabled = false (custom)
2024-02-06 10:02:40,144 [om1-groupManagement] INFO  server.RaftServerConfigKeys (ConfUtils.java:logGet(46)) - raft.server.threadpool.server.cached = true (default)
2024-02-06 10:02:40,144 [om1-groupManagement] INFO  server.RaftServerConfigKeys (ConfUtils.java:logGet(46)) - raft.server.threadpool.server.size = 0 (default)
2024-02-06 10:02:40,144 [om1-groupManagement] INFO  server.RaftServerConfigKeys (ConfUtils.java:logGet(46)) - raft.server.threadpool.client.cached = true (default)
2024-02-06 10:02:40,162 [om1-groupManagement] INFO  server.RaftServerConfigKeys (ConfUtils.java:logGet(46)) - raft.server.threadpool.client.size = 0 (default)
2024-02-06 10:02:40,350 [main] INFO  ipc.CallQueueManager (CallQueueManager.java:<init>(90)) - Using callQueue: class java.util.concurrent.LinkedBlockingQueue, queueCapacity: 2000, scheduler: class org.apache.hadoop.ipc.DefaultRpcScheduler, ipcBackoff: false.
2024-02-06 10:02:40,350 [main] INFO  ipc.Server (Server.java:<init>(1287)) - Listener at 127.0.0.1:15093
2024-02-06 10:02:40,351 [Socket Reader #1 for port 15093] INFO  ipc.Server (Server.java:run(1323)) - Starting Socket Reader #1 for port 15093
2024-02-06 10:02:40,365 [main] INFO  impl.MetricsSystemImpl (MetricsSystemImpl.java:init(158)) - OzoneManager metrics system started (again)
2024-02-06 10:02:40,376 [main] INFO  om.OzoneManager (OzoneManager.java:start(1629)) - OzoneManager RPC server is listening at localhost/127.0.0.1:15093
2024-02-06 10:02:40,376 [main] INFO  ratis.OzoneManagerRatisServer (OzoneManagerRatisServer.java:start(588)) - Starting OzoneManagerRatisServer om1 at port 15096
2024-02-06 10:02:40,376 [om1-impl-thread1] INFO  server.RaftServerConfigKeys (ConfUtils.java:logGet(46)) - raft.server.storage.free-space.min = 0MB (=0) (default)
2024-02-06 10:02:40,377 [om1-impl-thread1] INFO  server.RaftServerConfigKeys (ConfUtils.java:logGet(46)) - raft.server.log.corruption.policy = EXCEPTION (default)
2024-02-06 10:02:40,377 [om1-impl-thread1] INFO  server.RaftServerConfigKeys (ConfUtils.java:logGet(46)) - raft.server.storage.dir = [/home/runner/work/ozone/ozone/hadoop-ozone/integration-test/target/test-dir/MiniOzoneClusterImpl-aff9c889-8dd2-4f79-ab57-76a0adc13766/ozone-meta/ratis] (custom)
2024-02-06 10:02:40,377 [om1-impl-thread1] INFO  storage.RaftStorageDirectory (RaftStorageDirectoryImpl.java:analyzeStorage(138)) - The storage directory /home/runner/work/ozone/ozone/hadoop-ozone/integration-test/target/test-dir/MiniOzoneClusterImpl-aff9c889-8dd2-4f79-ab57-76a0adc13766/ozone-meta/ratis/bf265839-605b-3f16-9796-c5ba1605619e does not exist. Creating ...
2024-02-06 10:02:40,378 [om1-impl-thread1] INFO  storage.RaftStorageDirectory (RaftStorageDirectoryImpl.java:tryLock(228)) - Lock on /home/runner/work/ozone/ozone/hadoop-ozone/integration-test/target/test-dir/MiniOzoneClusterImpl-aff9c889-8dd2-4f79-ab57-76a0adc13766/ozone-meta/ratis/bf265839-605b-3f16-9796-c5ba1605619e/in_use.lock acquired by nodename 37157@fv-az776-296
2024-02-06 10:02:40,380 [om1-impl-thread1] INFO  storage.RaftStorage (RaftStorageImpl.java:format(99)) - Storage directory /home/runner/work/ozone/ozone/hadoop-ozone/integration-test/target/test-dir/MiniOzoneClusterImpl-aff9c889-8dd2-4f79-ab57-76a0adc13766/ozone-meta/ratis/bf265839-605b-3f16-9796-c5ba1605619e has been successfully formatted.
2024-02-06 10:02:40,380 [om1-impl-thread1] WARN  util.FileUtils (LogUtils.java:supplyAndLog(63)) - Failed to Files.newInputStream /home/runner/work/ozone/ozone/hadoop-ozone/integration-test/target/test-dir/MiniOzoneClusterImpl-aff9c889-8dd2-4f79-ab57-76a0adc13766/ozone-meta/ratis/bf265839-605b-3f16-9796-c5ba1605619e/current/raft-meta.conf with options []: java.nio.file.NoSuchFileException: /home/runner/work/ozone/ozone/hadoop-ozone/integration-test/target/test-dir/MiniOzoneClusterImpl-aff9c889-8dd2-4f79-ab57-76a0adc13766/ozone-meta/ratis/bf265839-605b-3f16-9796-c5ba1605619e/current/raft-meta.conf
2024-02-06 10:02:40,380 [om1-impl-thread1] INFO  server.RaftServerConfigKeys (ConfUtils.java:logGet(46)) - raft.server.log.use.memory = false (default)
2024-02-06 10:02:40,380 [om1-impl-thread1] INFO  server.RaftServerConfigKeys (ConfUtils.java:logGet(46)) - raft.server.log.purge.gap = 1000000 (custom)
2024-02-06 10:02:40,380 [om1-impl-thread1] INFO  server.RaftServerConfigKeys (ConfUtils.java:logGet(46)) - raft.server.log.appender.buffer.byte-limit = 4194304 (custom)
2024-02-06 10:02:40,380 [om1-impl-thread1] INFO  server.RaftServerConfigKeys (ConfUtils.java:logGet(46)) - raft.server.log.statemachine.data.read.timeout = 1000ms (default)
2024-02-06 10:02:40,381 [om1-impl-thread1] INFO  server.RaftServerConfigKeys (ConfUtils.java:logGet(46)) - raft.server.log.purge.preservation.log.num = 0 (default)
2024-02-06 10:02:40,381 [om1-impl-thread1] INFO  server.RaftServerConfigKeys (ConfUtils.java:logGet(46)) - raft.server.log.segment.size.max = 4194304 (custom)
2024-02-06 10:02:40,381 [om1-impl-thread1] INFO  server.RaftServerConfigKeys (ConfUtils.java:logGet(46)) - raft.server.log.segment.cache.num.max = 2 (custom)
2024-02-06 10:02:40,381 [om1-impl-thread1] INFO  server.RaftServerConfigKeys (ConfUtils.java:logGet(46)) - raft.server.log.segment.cache.size.max = 200MB (=209715200) (default)
2024-02-06 10:02:40,381 [om1-impl-thread1] INFO  server.RaftServerConfigKeys (ConfUtils.java:logGet(46)) - raft.server.log.appender.buffer.byte-limit = 4194304 (custom)
2024-02-06 10:02:40,382 [om1-impl-thread1] INFO  util.AwaitToRun (AwaitToRun.java:start(81)) - Thread[om1@group-C5BA1605619E-cacheEviction-AwaitToRun,5,main] started
2024-02-06 10:02:40,382 [om1-impl-thread1] INFO  segmented.SegmentedRaftLogWorker (SegmentedRaftLogWorker.java:<init>(182)) - new om1@group-C5BA1605619E-SegmentedRaftLogWorker for RaftStorageImpl:Storage Directory /home/runner/work/ozone/ozone/hadoop-ozone/integration-test/target/test-dir/MiniOzoneClusterImpl-aff9c889-8dd2-4f79-ab57-76a0adc13766/ozone-meta/ratis/bf265839-605b-3f16-9796-c5ba1605619e
2024-02-06 10:02:40,382 [om1-impl-thread1] INFO  server.RaftServerConfigKeys (ConfUtils.java:logGet(46)) - raft.server.log.queue.byte-limit = 64MB (=67108864) (default)
2024-02-06 10:02:40,382 [om1-impl-thread1] INFO  server.RaftServerConfigKeys (ConfUtils.java:logGet(46)) - raft.server.log.queue.element-limit = 4096 (default)
2024-02-06 10:02:40,382 [om1-impl-thread1] INFO  server.RaftServerConfigKeys (ConfUtils.java:logGet(46)) - raft.server.log.segment.size.max = 4194304 (custom)
2024-02-06 10:02:40,382 [om1-impl-thread1] INFO  server.RaftServerConfigKeys (ConfUtils.java:logGet(46)) - raft.server.log.preallocated.size = 4194304 (custom)
2024-02-06 10:02:40,382 [om1-impl-thread1] INFO  server.RaftServerConfigKeys (ConfUtils.java:logGet(46)) - raft.server.log.force.sync.num = 128 (default)
2024-02-06 10:02:40,382 [om1-impl-thread1] INFO  server.RaftServerConfigKeys (ConfUtils.java:logGet(46)) - raft.server.log.statemachine.data.sync = true (default)
2024-02-06 10:02:40,382 [om1-impl-thread1] INFO  server.RaftServerConfigKeys (ConfUtils.java:logGet(46)) - raft.server.log.statemachine.data.sync.timeout = 10s (default)
2024-02-06 10:02:40,382 [om1-impl-thread1] INFO  server.RaftServerConfigKeys (ConfUtils.java:logGet(46)) - raft.server.log.statemachine.data.sync.timeout.retry = -1 (default)
2024-02-06 10:02:40,383 [om1-impl-thread1] INFO  server.RaftServerConfigKeys (ConfUtils.java:logGet(46)) - raft.server.log.write.buffer.size = 4194312 (custom)
2024-02-06 10:02:40,384 [om1-impl-thread1] INFO  server.RaftServerConfigKeys (ConfUtils.java:logGet(46)) - raft.server.log.appender.buffer.byte-limit = 4194304 (custom)
2024-02-06 10:02:40,384 [om1-impl-thread1] INFO  server.RaftServerConfigKeys (ConfUtils.java:logGet(46)) - raft.server.log.unsafe-flush.enabled = false (default)
2024-02-06 10:02:40,384 [om1-impl-thread1] INFO  server.RaftServerConfigKeys (ConfUtils.java:logGet(46)) - raft.server.log.async-flush.enabled = false (default)
2024-02-06 10:02:40,384 [om1-impl-thread1] INFO  server.RaftServerConfigKeys (ConfUtils.java:logGet(46)) - raft.server.log.statemachine.data.caching.enabled = false (default)
2024-02-06 10:02:40,384 [om1-impl-thread1] INFO  segmented.SegmentedRaftLogWorker (SegmentedRaftLogWorker.java:lambda$new$0(134)) - om1@group-C5BA1605619E-SegmentedRaftLogWorker: flushIndex: setUnconditionally 0 -> -1
2024-02-06 10:02:40,384 [om1-impl-thread1] INFO  segmented.SegmentedRaftLogWorker (SegmentedRaftLogWorker.java:lambda$new$0(134)) - om1@group-C5BA1605619E-SegmentedRaftLogWorker: safeCacheEvictIndex: setUnconditionally 0 -> -1
2024-02-06 10:02:40,384 [om1-impl-thread1] INFO  server.RaftServer$Division (RaftServerImpl.java:start(396)) - om1@group-C5BA1605619E: start as a follower, conf=-1: peers:[om1|localhost:15096]|listeners:[], old=null
2024-02-06 10:02:40,384 [om1-impl-thread1] INFO  server.RaftServer$Division (RaftServerImpl.java:setRole(383)) - om1@group-C5BA1605619E: changes role from      null to FOLLOWER at term 0 for startAsFollower
2024-02-06 10:02:40,385 [om1-impl-thread1] INFO  impl.RoleInfo (RoleInfo.java:updateAndGet(139)) - om1: start om1@group-C5BA1605619E-FollowerState
2024-02-06 10:02:40,389 [om1@group-C5BA1605619E-FollowerState] INFO  server.RaftServerConfigKeys (ConfUtils.java:logFallback(53)) - raft.server.rpc.first-election.timeout.min = 1s (fallback to raft.server.rpc.timeout.min)
2024-02-06 10:02:40,390 [om1-impl-thread1] INFO  util.JmxRegister (JmxRegister.java:tryRegister(44)) - Successfully registered JMX Bean with object name Ratis:service=RaftServer,group=group-C5BA1605619E,id=om1
2024-02-06 10:02:40,391 [om1-impl-thread1] INFO  server.RaftServerConfigKeys (ConfUtils.java:logGet(46)) - raft.server.snapshot.trigger-when-stop.enabled = true (default)
2024-02-06 10:02:40,391 [om1-impl-thread1] INFO  server.RaftServerConfigKeys (ConfUtils.java:logGet(46)) - raft.server.snapshot.auto.trigger.enabled = true (custom)
2024-02-06 10:02:40,391 [om1-impl-thread1] INFO  server.RaftServerConfigKeys (ConfUtils.java:logGet(46)) - raft.server.snapshot.auto.trigger.threshold = 400000 (default)
2024-02-06 10:02:40,391 [om1-impl-thread1] INFO  server.RaftServerConfigKeys (ConfUtils.java:logGet(46)) - raft.server.snapshot.retention.file.num = -1 (default)
2024-02-06 10:02:40,391 [om1-impl-thread1] INFO  server.RaftServerConfigKeys (ConfUtils.java:logGet(46)) - raft.server.log.purge.upto.snapshot.index = true (custom)
2024-02-06 10:02:40,390 [om1@group-C5BA1605619E-FollowerState] INFO  server.RaftServerConfigKeys (ConfUtils.java:logFallback(53)) - raft.server.rpc.first-election.timeout.max = 1200ms (fallback to raft.server.rpc.timeout.max)
2024-02-06 10:02:40,392 [main] INFO  server.RaftServer (RaftServerProxy.java:startImpl(406)) - om1: start RPC server
2024-02-06 10:02:40,393 [main] INFO  server.GrpcService (GrpcService.java:startImpl(302)) - om1: GrpcService started, listening on 15096
2024-02-06 10:02:40,393 [JvmPauseMonitor12] INFO  util.JvmPauseMonitor (JvmPauseMonitor.java:run(146)) - JvmPauseMonitor-om1: Started
2024-02-06 10:02:40,394 [main] INFO  om.OzoneManager (OzoneManager.java:start(1645)) - Version File has different layout version (6) than OM DB (null). That is expected if this OM has never been finalized to a newer layout version.
2024-02-06 10:02:40,397 [main] INFO  http.BaseHttpServer (BaseHttpServer.java:newHttpServer2BuilderForOzone(223)) - Starting Web-server for ozoneManager at: http://0.0.0.0:15094
2024-02-06 10:02:40,397 [main] INFO  http.BaseHttpServer (BaseHttpServer.java:<init>(110)) - Hadoop Security Enabled: false Ozone Security Enabled: false Ozone HTTP Security Enabled: false 
2024-02-06 10:02:40,398 [main] WARN  server.AuthenticationFilter (AuthenticationFilter.java:constructSecretProvider(240)) - Unable to initialize FileSignerSecretProvider, falling back to use random secrets. Reason: Could not read signature secret file: /home/runner/hadoop-http-auth-signature-secret
2024-02-06 10:02:40,399 [main] INFO  http.HttpRequestLog (HttpRequestLog.java:getRequestLog(86)) - Http request log for http.requests.ozoneManager is not defined
2024-02-06 10:02:40,400 [main] INFO  http.HttpServer2 (HttpServer2.java:addGlobalFilter(1036)) - Added global filter 'safety' (class=org.apache.hadoop.hdds.server.http.HttpServer2$QuotingInputFilter)
2024-02-06 10:02:40,400 [main] INFO  http.HttpServer2 (HttpServer2.java:addFilter(1012)) - Added filter static_user_filter (class=org.apache.hadoop.http.lib.StaticUserWebFilter$StaticUserFilter) to context ozoneManager
2024-02-06 10:02:40,401 [main] INFO  http.HttpServer2 (HttpServer2.java:addFilter(1020)) - Added filter static_user_filter (class=org.apache.hadoop.http.lib.StaticUserWebFilter$StaticUserFilter) to context logs
2024-02-06 10:02:40,401 [main] INFO  http.HttpServer2 (HttpServer2.java:addFilter(1020)) - Added filter static_user_filter (class=org.apache.hadoop.http.lib.StaticUserWebFilter$StaticUserFilter) to context static
2024-02-06 10:02:40,401 [main] INFO  http.BaseHttpServer (BaseHttpServer.java:<init>(189)) - HTTP server of ozoneManager uses base directory /home/runner/work/ozone/ozone/hadoop-ozone/integration-test/target/test-dir/MiniOzoneClusterImpl-aff9c889-8dd2-4f79-ab57-76a0adc13766/ozone-meta/webserver
2024-02-06 10:02:40,402 [main] INFO  http.HttpServer2 (HttpServer2.java:bindListener(1236)) - Jetty bound to port 15094
2024-02-06 10:02:40,402 [main] INFO  server.Server (Server.java:doStart(375)) - jetty-9.4.53.v20231009; built: 2023-10-09T12:29:09.265Z; git: 27bde00a0b95a1d5bbee0eae7984f891d2d0f8c9; jvm 1.8.0_402-b06
2024-02-06 10:02:40,403 [main] INFO  server.session (DefaultSessionIdManager.java:doStart(334)) - DefaultSessionIdManager workerName=node0
2024-02-06 10:02:40,403 [main] INFO  server.session (DefaultSessionIdManager.java:doStart(339)) - No SessionScavenger set, using defaults
2024-02-06 10:02:40,404 [main] INFO  server.session (HouseKeeper.java:startScavenging(132)) - node0 Scavenging every 600000ms
2024-02-06 10:02:40,404 [main] INFO  handler.ContextHandler (ContextHandler.java:doStart(921)) - Started o.e.j.s.ServletContextHandler@34a6a83d{logs,/logs,file:///home/runner/work/ozone/ozone/hadoop-ozone/integration-test/target/log,AVAILABLE}
2024-02-06 10:02:40,404 [main] INFO  handler.ContextHandler (ContextHandler.java:doStart(921)) - Started o.e.j.s.ServletContextHandler@17a40c7a{static,/static,file:///home/runner/work/ozone/ozone/hadoop-ozone/integration-test/target/test-classes/webapps/static,AVAILABLE}
2024-02-06 10:02:40,407 [main] INFO  handler.ContextHandler (ContextHandler.java:doStart(921)) - Started o.e.j.w.WebAppContext@4cf6bf0{ozoneManager,/,file:///home/runner/work/ozone/ozone/hadoop-ozone/integration-test/target/test-classes/webapps/ozoneManager/,AVAILABLE}{file:/home/runner/work/ozone/ozone/hadoop-ozone/integration-test/target/test-classes/webapps/ozoneManager}
2024-02-06 10:02:40,409 [main] INFO  server.AbstractConnector (AbstractConnector.java:doStart(333)) - Started ServerConnector@f0d5e20{HTTP/1.1, (http/1.1)}{0.0.0.0:15094}
2024-02-06 10:02:40,409 [main] INFO  server.Server (Server.java:doStart(415)) - Started @42458ms
2024-02-06 10:02:40,409 [main] WARN  impl.MetricsSystemImpl (MetricsSystemImpl.java:register(279)) - Sink prometheus already exists!
2024-02-06 10:02:40,410 [main] INFO  http.BaseHttpServer (BaseHttpServer.java:updateConnectorAddress(354)) - HTTP server of ozoneManager listening at http://0.0.0.0:15094
2024-02-06 10:02:40,410 [IPC Server Responder] INFO  ipc.Server (Server.java:run(1562)) - IPC Server Responder: starting
2024-02-06 10:02:40,410 [IPC Server listener on 15093] INFO  ipc.Server (Server.java:run(1402)) - IPC Server listener on 15093: starting
2024-02-06 10:02:40,412 [main] INFO  om.OzoneManager (OzoneManager.java:startTrashEmptier(2094)) - Trash Interval set to 0. Files deleted won't move to trash
2024-02-06 10:02:40,436 [main] WARN  dropwizard3.Dm3MetricRegistriesImpl (Dm3MetricRegistriesImpl.java:addReporterRegistration(113)) - New reporters are added after registries were created. Some metrics will be missing from the reporter. Please add reporter before adding any new registry.
2024-02-06 10:02:40,437 [main] WARN  dropwizard3.Dm3MetricRegistriesImpl (Dm3MetricRegistriesImpl.java:addReporterRegistration(113)) - New reporters are added after registries were created. Some metrics will be missing from the reporter. Please add reporter before adding any new registry.
2024-02-06 10:02:40,437 [main] INFO  impl.MetricsSystemImpl (MetricsSystemImpl.java:init(158)) - HddsDatanode metrics system started (again)
2024-02-06 10:02:40,446 [main] INFO  ozone.HddsDatanodeService (HddsDatanodeService.java:start(240)) - HddsDatanodeService host:fv-az776-296 ip:10.1.0.5
2024-02-06 10:02:40,465 [main] INFO  upgrade.AbstractLayoutVersionManager (AbstractLayoutVersionManager.java:init(83)) - Initializing Layout version manager with metadata layout = HADOOP_PRC_PORTS_IN_DATANODEDETAILS (version = 7), software layout = HADOOP_PRC_PORTS_IN_DATANODEDETAILS (version = 7)
2024-02-06 10:02:40,466 [main] INFO  statemachine.DatanodeStateMachine (DatanodeStateMachine.java:getEndPointTaskThreadPoolSize(299)) - Datanode State Machine Task Thread Pool size 2
2024-02-06 10:02:40,467 [main] INFO  volume.HddsVolume (HddsVolume.java:<init>(125)) - Creating HddsVolume: /home/runner/work/ozone/ozone/hadoop-ozone/integration-test/target/test-dir/MiniOzoneClusterImpl-aff9c889-8dd2-4f79-ab57-76a0adc13766/datanode-0/data-0/containers/hdds of storage type : DISK capacity : 9223372036854775807
2024-02-06 10:02:40,467 [main] INFO  volume.MutableVolumeSet (MutableVolumeSet.java:initializeVolumeSet(173)) - Added Volume : /home/runner/work/ozone/ozone/hadoop-ozone/integration-test/target/test-dir/MiniOzoneClusterImpl-aff9c889-8dd2-4f79-ab57-76a0adc13766/datanode-0/data-0/containers/hdds to VolumeSet
2024-02-06 10:02:40,468 [main] INFO  volume.MutableVolumeSet (MutableVolumeSet.java:initializeVolumeSet(173)) - Added Volume : /home/runner/work/ozone/ozone/hadoop-ozone/integration-test/target/test-dir/MiniOzoneClusterImpl-aff9c889-8dd2-4f79-ab57-76a0adc13766/datanode-0/data/ratis to VolumeSet
2024-02-06 10:02:40,468 [main] INFO  ozoneimpl.OzoneContainer (HddsVolumeUtil.java:loadAllHddsVolumeDbStore(103)) - Load 1 volumes DbStore cost: 0ms
2024-02-06 10:02:40,470 [main] INFO  server.RaftServer (ConfUtils.java:logGet(46)) - raft.rpc.type = GRPC (default)
2024-02-06 10:02:40,470 [main] INFO  grpc.GrpcConfigKeys (ConfUtils.java:logFallback(53)) - raft.grpc.admin.host = null (fallback to raft.grpc.server.host)
2024-02-06 10:02:40,471 [main] INFO  grpc.GrpcConfigKeys (ConfUtils.java:logGet(46)) - raft.grpc.admin.port = 15102 (custom)
2024-02-06 10:02:40,471 [main] INFO  grpc.GrpcConfigKeys (ConfUtils.java:logFallback(53)) - raft.grpc.client.host = null (fallback to raft.grpc.server.host)
2024-02-06 10:02:40,471 [main] INFO  grpc.GrpcConfigKeys (ConfUtils.java:logGet(46)) - raft.grpc.client.port = 15101 (custom)
2024-02-06 10:02:40,471 [main] INFO  grpc.GrpcConfigKeys (ConfUtils.java:logGet(46)) - raft.grpc.server.host = null (default)
2024-02-06 10:02:40,471 [main] INFO  grpc.GrpcConfigKeys (ConfUtils.java:logGet(46)) - raft.grpc.server.port = 15103 (custom)
2024-02-06 10:02:40,472 [main] INFO  server.GrpcService (ConfUtils.java:logGet(46)) - raft.grpc.message.size.max = 32MB (=33554432) (custom)
2024-02-06 10:02:40,472 [main] INFO  server.RaftServerConfigKeys (ConfUtils.java:logGet(46)) - raft.server.log.appender.buffer.byte-limit = 8388608 (custom)
2024-02-06 10:02:40,472 [main] INFO  server.GrpcService (ConfUtils.java:logGet(46)) - raft.grpc.flow.control.window = 5MB (=5242880) (custom)
2024-02-06 10:02:40,472 [main] INFO  server.RaftServerConfigKeys (ConfUtils.java:logGet(46)) - raft.server.rpc.request.timeout = 3000ms (default)
2024-02-06 10:02:40,472 [main] INFO  grpc.GrpcConfigKeys (ConfUtils.java:logGet(46)) - raft.grpc.server.heartbeat.channel = true (default)
2024-02-06 10:02:40,473 [main] INFO  grpc.GrpcConfigKeys (ConfUtils.java:logGet(46)) - raft.grpc.server.async.request.thread.pool.cached = true (default)
2024-02-06 10:02:40,473 [main] INFO  grpc.GrpcConfigKeys (ConfUtils.java:logGet(46)) - raft.grpc.server.async.request.thread.pool.size = 32 (default)
2024-02-06 10:02:40,475 [main] INFO  impl.DataStreamServerImpl (ConfUtils.java:logGet(46)) - raft.datastream.type = NETTY (custom)
2024-02-06 10:02:40,476 [main] INFO  server.RaftServerConfigKeys (ConfUtils.java:logGet(46)) - raft.server.data-stream.async.request.thread.pool.cached = false (default)
2024-02-06 10:02:40,476 [main] INFO  server.RaftServerConfigKeys (ConfUtils.java:logGet(46)) - raft.server.data-stream.async.request.thread.pool.size = 20 (custom)
2024-02-06 10:02:40,476 [main] INFO  server.RaftServerConfigKeys (ConfUtils.java:logGet(46)) - raft.server.data-stream.async.write.thread.pool.size = 16 (default)
2024-02-06 10:02:40,476 [main] INFO  netty.NettyConfigKeys$DataStream (ConfUtils.java:logGet(46)) - raft.netty.dataStream.server.channel.inactive.grace-period = 10min (default)
2024-02-06 10:02:40,476 [main] INFO  server.RaftServerConfigKeys (ConfUtils.java:logGet(46)) - raft.server.data-stream.client.pool.size = 10 (default)
2024-02-06 10:02:40,477 [main] INFO  netty.NettyConfigKeys$DataStream (ConfUtils.java:logGet(46)) - raft.netty.dataStream.server.use-epoll = true (default)
2024-02-06 10:02:40,477 [main] INFO  netty.NettyConfigKeys$DataStream (ConfUtils.java:logGet(46)) - raft.netty.dataStream.server.boss-group.size = 0 (default)
2024-02-06 10:02:40,477 [main] INFO  netty.NettyUtils (NettyUtils.java:newEventLoopGroup(69)) - Create EpollEventLoopGroup for 488c4769-1e0b-4768-b3fe-c72db1d0dad7-NettyServerStreamRpc-bossGroup; Thread size is 0.
2024-02-06 10:02:40,477 [main] INFO  netty.NettyConfigKeys$DataStream (ConfUtils.java:logGet(46)) - raft.netty.dataStream.server.worker-group.size = 0 (default)
2024-02-06 10:02:40,478 [main] INFO  netty.NettyUtils (NettyUtils.java:newEventLoopGroup(69)) - Create EpollEventLoopGroup for 488c4769-1e0b-4768-b3fe-c72db1d0dad7-NettyServerStreamRpc-workerGroup; Thread size is 0.
2024-02-06 10:02:40,478 [main] INFO  netty.NettyConfigKeys$DataStream (ConfUtils.java:logGet(46)) - raft.netty.dataStream.server.tls.conf = null (default)
2024-02-06 10:02:40,478 [main] INFO  netty.NettyConfigKeys$DataStream (ConfUtils.java:logGet(46)) - raft.netty.dataStream.host = null (default)
2024-02-06 10:02:40,478 [main] INFO  netty.NettyConfigKeys$DataStream (ConfUtils.java:logGet(46)) - raft.netty.dataStream.port = 15104 (custom)
2024-02-06 10:02:40,479 [main] INFO  server.RaftServerConfigKeys (ConfUtils.java:logGet(46)) - raft.server.sleep.deviation.threshold = 300ms (default)
2024-02-06 10:02:40,479 [main] INFO  server.RaftServerConfigKeys (ConfUtils.java:logGet(46)) - raft.server.close.threshold = 60s (default)
2024-02-06 10:02:40,479 [488c4769-1e0b-4768-b3fe-c72db1d0dad7-NettyServerStreamRpc-bossGroup--thread1] INFO  logging.LoggingHandler (AbstractInternalLogger.java:log(148)) - [id: 0x85599c23] REGISTERED
2024-02-06 10:02:40,479 [main] INFO  server.RaftServerConfigKeys (ConfUtils.java:logGet(46)) - raft.server.leaderelection.leader.step-down.wait-time = 10s (default)
2024-02-06 10:02:40,479 [488c4769-1e0b-4768-b3fe-c72db1d0dad7-NettyServerStreamRpc-bossGroup--thread1] INFO  logging.LoggingHandler (AbstractInternalLogger.java:log(148)) - [id: 0x85599c23] BIND: 0.0.0.0/0.0.0.0:15104
2024-02-06 10:02:40,479 [main] INFO  server.RaftServerConfigKeys (ConfUtils.java:logGet(46)) - raft.server.storage.dir = [/home/runner/work/ozone/ozone/hadoop-ozone/integration-test/target/test-dir/MiniOzoneClusterImpl-aff9c889-8dd2-4f79-ab57-76a0adc13766/datanode-0/data/ratis] (custom)
2024-02-06 10:02:40,479 [488c4769-1e0b-4768-b3fe-c72db1d0dad7-NettyServerStreamRpc-bossGroup--thread1] INFO  logging.LoggingHandler (AbstractInternalLogger.java:log(148)) - [id: 0x85599c23, L:/0.0.0.0:15104] ACTIVE
2024-02-06 10:02:40,479 [main] INFO  server.RaftServerConfigKeys (ConfUtils.java:logGet(46)) - raft.server.threadpool.proxy.cached = true (default)
2024-02-06 10:02:40,480 [main] INFO  server.RaftServerConfigKeys (ConfUtils.java:logGet(46)) - raft.server.threadpool.proxy.size = 0 (default)
2024-02-06 10:02:40,480 [488c4769-1e0b-4768-b3fe-c72db1d0dad7-impl-thread1] INFO  server.RaftServer (RaftServerProxy.java:initGroupDir(264)) - 488c4769-1e0b-4768-b3fe-c72db1d0dad7: found a subdirectory /home/runner/work/ozone/ozone/hadoop-ozone/integration-test/target/test-dir/MiniOzoneClusterImpl-aff9c889-8dd2-4f79-ab57-76a0adc13766/datanode-0/data/ratis/tmp
2024-02-06 10:02:40,480 [488c4769-1e0b-4768-b3fe-c72db1d0dad7-impl-thread1] INFO  server.RaftServer (RaftServerProxy.java:initGroupDir(269)) - 488c4769-1e0b-4768-b3fe-c72db1d0dad7: The directory /home/runner/work/ozone/ozone/hadoop-ozone/integration-test/target/test-dir/MiniOzoneClusterImpl-aff9c889-8dd2-4f79-ab57-76a0adc13766/datanode-0/data/ratis/tmp is not a group directory; ignoring it. 
2024-02-06 10:02:40,480 [main] INFO  replication.ReplicationServer (ReplicationServer.java:<init>(86)) - Initializing replication server with thread count = 10 queue length = 4096
2024-02-06 10:02:40,481 [main] INFO  server.XceiverServerGrpc (XceiverServerGrpc.java:<init>(141)) - GrpcServer channel type EpollServerSocketChannel
2024-02-06 10:02:40,483 [main] INFO  replication.ReplicationSupervisor (ReplicationSupervisor.java:build(163)) - Initializing replication supervisor with thread count = 10
2024-02-06 10:02:40,483 [main] INFO  replication.ReplicationSupervisor (ReplicationSupervisor.java:nodeStateUpdated(317)) - Node state updated to IN_SERVICE, scaling executor pool size to 10
2024-02-06 10:02:40,485 [main] INFO  http.BaseHttpServer (BaseHttpServer.java:newHttpServer2BuilderForOzone(223)) - Starting Web-server for hddsDatanode at: http://0.0.0.0:15098
2024-02-06 10:02:40,485 [main] INFO  http.BaseHttpServer (BaseHttpServer.java:<init>(110)) - Hadoop Security Enabled: false Ozone Security Enabled: false Ozone HTTP Security Enabled: false 
2024-02-06 10:02:40,486 [main] WARN  server.AuthenticationFilter (AuthenticationFilter.java:constructSecretProvider(240)) - Unable to initialize FileSignerSecretProvider, falling back to use random secrets. Reason: Could not read signature secret file: /home/runner/hadoop-http-auth-signature-secret
2024-02-06 10:02:40,486 [main] INFO  http.HttpRequestLog (HttpRequestLog.java:getRequestLog(86)) - Http request log for http.requests.hddsDatanode is not defined
2024-02-06 10:02:40,488 [main] INFO  http.HttpServer2 (HttpServer2.java:addGlobalFilter(1036)) - Added global filter 'safety' (class=org.apache.hadoop.hdds.server.http.HttpServer2$QuotingInputFilter)
2024-02-06 10:02:40,488 [main] INFO  http.HttpServer2 (HttpServer2.java:addFilter(1012)) - Added filter static_user_filter (class=org.apache.hadoop.http.lib.StaticUserWebFilter$StaticUserFilter) to context hddsDatanode
2024-02-06 10:02:40,488 [main] INFO  http.HttpServer2 (HttpServer2.java:addFilter(1020)) - Added filter static_user_filter (class=org.apache.hadoop.http.lib.StaticUserWebFilter$StaticUserFilter) to context static
2024-02-06 10:02:40,488 [main] INFO  http.HttpServer2 (HttpServer2.java:addFilter(1020)) - Added filter static_user_filter (class=org.apache.hadoop.http.lib.StaticUserWebFilter$StaticUserFilter) to context logs
2024-02-06 10:02:40,489 [main] INFO  http.BaseHttpServer (BaseHttpServer.java:<init>(189)) - HTTP server of hddsDatanode uses base directory /home/runner/work/ozone/ozone/hadoop-ozone/integration-test/target/test-dir/MiniOzoneClusterImpl-aff9c889-8dd2-4f79-ab57-76a0adc13766/datanode-0/meta/webserver
2024-02-06 10:02:40,489 [main] INFO  http.HttpServer2 (HttpServer2.java:bindListener(1236)) - Jetty bound to port 15098
2024-02-06 10:02:40,489 [main] INFO  server.Server (Server.java:doStart(375)) - jetty-9.4.53.v20231009; built: 2023-10-09T12:29:09.265Z; git: 27bde00a0b95a1d5bbee0eae7984f891d2d0f8c9; jvm 1.8.0_402-b06
2024-02-06 10:02:40,490 [main] INFO  server.session (DefaultSessionIdManager.java:doStart(334)) - DefaultSessionIdManager workerName=node0
2024-02-06 10:02:40,491 [main] INFO  server.session (DefaultSessionIdManager.java:doStart(339)) - No SessionScavenger set, using defaults
2024-02-06 10:02:40,491 [main] INFO  server.session (HouseKeeper.java:startScavenging(132)) - node0 Scavenging every 600000ms
2024-02-06 10:02:40,491 [main] INFO  handler.ContextHandler (ContextHandler.java:doStart(921)) - Started o.e.j.s.ServletContextHandler@4838ccdd{logs,/logs,file:///home/runner/work/ozone/ozone/hadoop-ozone/integration-test/target/log,AVAILABLE}
2024-02-06 10:02:40,492 [main] INFO  handler.ContextHandler (ContextHandler.java:doStart(921)) - Started o.e.j.s.ServletContextHandler@1de7ce46{static,/static,jar:file:/home/runner/.m2/repository/org/apache/ozone/hdds-container-service/1.5.0-SNAPSHOT/hdds-container-service-1.5.0-SNAPSHOT.jar!/webapps/static,AVAILABLE}
2024-02-06 10:02:40,526 [main] INFO  handler.ContextHandler (ContextHandler.java:doStart(921)) - Started o.e.j.w.WebAppContext@29d55215{hddsDatanode,/,file:///home/runner/work/ozone/ozone/hadoop-ozone/integration-test/target/test-dir/MiniOzoneClusterImpl-aff9c889-8dd2-4f79-ab57-76a0adc13766/datanode-0/meta/webserver/jetty-0_0_0_0-15098-hdds-container-service-1_5_0-SNAPSHOT_jar-_-any-6684250441420834488/webapp/,AVAILABLE}{jar:file:/home/runner/.m2/repository/org/apache/ozone/hdds-container-service/1.5.0-SNAPSHOT/hdds-container-service-1.5.0-SNAPSHOT.jar!/webapps/hddsDatanode}
2024-02-06 10:02:40,528 [main] INFO  server.AbstractConnector (AbstractConnector.java:doStart(333)) - Started ServerConnector@1678dda4{HTTP/1.1, (http/1.1)}{0.0.0.0:15098}
2024-02-06 10:02:40,528 [main] INFO  server.Server (Server.java:doStart(415)) - Started @42577ms
2024-02-06 10:02:40,528 [main] WARN  impl.MetricsSystemImpl (MetricsSystemImpl.java:register(279)) - Sink prometheus already exists!
2024-02-06 10:02:40,529 [main] INFO  http.BaseHttpServer (BaseHttpServer.java:updateConnectorAddress(354)) - HTTP server of hddsDatanode listening at http://0.0.0.0:15098
2024-02-06 10:02:40,529 [main] INFO  ipc.CallQueueManager (CallQueueManager.java:<init>(90)) - Using callQueue: class java.util.concurrent.LinkedBlockingQueue, queueCapacity: 100, scheduler: class org.apache.hadoop.ipc.DefaultRpcScheduler, ipcBackoff: false.
2024-02-06 10:02:40,530 [main] INFO  ipc.Server (Server.java:<init>(1287)) - Listener at 0.0.0.0:15099
2024-02-06 10:02:40,530 [Socket Reader #1 for port 15099] INFO  ipc.Server (Server.java:run(1323)) - Starting Socket Reader #1 for port 15099
2024-02-06 10:02:40,536 [main] INFO  ozone.HddsDatanodeService (HddsDatanodeService.java:start(327)) - Datanode start with admins: [runner]
2024-02-06 10:02:40,536 [main] INFO  ozone.HddsDatanodeClientProtocolServer (HddsDatanodeClientProtocolServer.java:start(72)) - RPC server for Client /0.0.0.0:15099
2024-02-06 10:02:40,537 [IPC Server Responder] INFO  ipc.Server (Server.java:run(1562)) - IPC Server Responder: starting
2024-02-06 10:02:40,537 [IPC Server listener on 15099] INFO  ipc.Server (Server.java:run(1402)) - IPC Server listener on 15099: starting
2024-02-06 10:02:40,538 [488c4769-1e0b-4768-b3fe-c72db1d0dad7-DatanodeStateMachineDaemonThread] INFO  statemachine.DatanodeStateMachine (DatanodeStateMachine.java:lambda$startDaemon$1(555)) - Ozone container server started.
2024-02-06 10:02:40,538 [main] WARN  dropwizard3.Dm3MetricRegistriesImpl (Dm3MetricRegistriesImpl.java:addReporterRegistration(113)) - New reporters are added after registries were created. Some metrics will be missing from the reporter. Please add reporter before adding any new registry.
2024-02-06 10:02:40,539 [main] WARN  dropwizard3.Dm3MetricRegistriesImpl (Dm3MetricRegistriesImpl.java:addReporterRegistration(113)) - New reporters are added after registries were created. Some metrics will be missing from the reporter. Please add reporter before adding any new registry.
2024-02-06 10:02:40,539 [main] INFO  impl.MetricsSystemImpl (MetricsSystemImpl.java:init(158)) - HddsDatanode metrics system started (again)
2024-02-06 10:02:40,542 [488c4769-1e0b-4768-b3fe-c72db1d0dad7-DatanodeStateMachineTaskThread-0] INFO  datanode.InitDatanodeState (InitDatanodeState.java:persistContainerDatanodeDetails(139)) - DatanodeDetails is persisted to /home/runner/work/ozone/ozone/hadoop-ozone/integration-test/target/test-dir/MiniOzoneClusterImpl-aff9c889-8dd2-4f79-ab57-76a0adc13766/datanode-0/meta/datanode.id
2024-02-06 10:02:40,548 [main] INFO  ozone.HddsDatanodeService (HddsDatanodeService.java:start(240)) - HddsDatanodeService host:fv-az776-296 ip:10.1.0.5
2024-02-06 10:02:40,567 [main] INFO  upgrade.AbstractLayoutVersionManager (AbstractLayoutVersionManager.java:init(83)) - Initializing Layout version manager with metadata layout = HADOOP_PRC_PORTS_IN_DATANODEDETAILS (version = 7), software layout = HADOOP_PRC_PORTS_IN_DATANODEDETAILS (version = 7)
2024-02-06 10:02:40,568 [main] INFO  statemachine.DatanodeStateMachine (DatanodeStateMachine.java:getEndPointTaskThreadPoolSize(299)) - Datanode State Machine Task Thread Pool size 2
2024-02-06 10:02:40,569 [main] INFO  volume.HddsVolume (HddsVolume.java:<init>(125)) - Creating HddsVolume: /home/runner/work/ozone/ozone/hadoop-ozone/integration-test/target/test-dir/MiniOzoneClusterImpl-aff9c889-8dd2-4f79-ab57-76a0adc13766/datanode-1/data-0/containers/hdds of storage type : DISK capacity : 9223372036854775807
2024-02-06 10:02:40,569 [main] INFO  volume.MutableVolumeSet (MutableVolumeSet.java:initializeVolumeSet(173)) - Added Volume : /home/runner/work/ozone/ozone/hadoop-ozone/integration-test/target/test-dir/MiniOzoneClusterImpl-aff9c889-8dd2-4f79-ab57-76a0adc13766/datanode-1/data-0/containers/hdds to VolumeSet
2024-02-06 10:02:40,570 [main] INFO  volume.MutableVolumeSet (MutableVolumeSet.java:initializeVolumeSet(173)) - Added Volume : /home/runner/work/ozone/ozone/hadoop-ozone/integration-test/target/test-dir/MiniOzoneClusterImpl-aff9c889-8dd2-4f79-ab57-76a0adc13766/datanode-1/data/ratis to VolumeSet
2024-02-06 10:02:40,570 [main] INFO  ozoneimpl.OzoneContainer (HddsVolumeUtil.java:loadAllHddsVolumeDbStore(103)) - Load 1 volumes DbStore cost: 0ms
2024-02-06 10:02:40,572 [main] INFO  server.RaftServer (ConfUtils.java:logGet(46)) - raft.rpc.type = GRPC (default)
2024-02-06 10:02:40,572 [main] INFO  grpc.GrpcConfigKeys (ConfUtils.java:logFallback(53)) - raft.grpc.admin.host = null (fallback to raft.grpc.server.host)
2024-02-06 10:02:40,572 [main] INFO  grpc.GrpcConfigKeys (ConfUtils.java:logGet(46)) - raft.grpc.admin.port = 15111 (custom)
2024-02-06 10:02:40,572 [main] INFO  grpc.GrpcConfigKeys (ConfUtils.java:logFallback(53)) - raft.grpc.client.host = null (fallback to raft.grpc.server.host)
2024-02-06 10:02:40,572 [main] INFO  grpc.GrpcConfigKeys (ConfUtils.java:logGet(46)) - raft.grpc.client.port = 15110 (custom)
2024-02-06 10:02:40,573 [main] INFO  grpc.GrpcConfigKeys (ConfUtils.java:logGet(46)) - raft.grpc.server.host = null (default)
2024-02-06 10:02:40,573 [main] INFO  grpc.GrpcConfigKeys (ConfUtils.java:logGet(46)) - raft.grpc.server.port = 15112 (custom)
2024-02-06 10:02:40,573 [main] INFO  server.GrpcService (ConfUtils.java:logGet(46)) - raft.grpc.message.size.max = 32MB (=33554432) (custom)
2024-02-06 10:02:40,573 [main] INFO  server.RaftServerConfigKeys (ConfUtils.java:logGet(46)) - raft.server.log.appender.buffer.byte-limit = 8388608 (custom)
2024-02-06 10:02:40,573 [main] INFO  server.GrpcService (ConfUtils.java:logGet(46)) - raft.grpc.flow.control.window = 5MB (=5242880) (custom)
2024-02-06 10:02:40,574 [main] INFO  server.RaftServerConfigKeys (ConfUtils.java:logGet(46)) - raft.server.rpc.request.timeout = 3000ms (default)
2024-02-06 10:02:40,574 [main] INFO  grpc.GrpcConfigKeys (ConfUtils.java:logGet(46)) - raft.grpc.server.heartbeat.channel = true (default)
2024-02-06 10:02:40,574 [main] INFO  grpc.GrpcConfigKeys (ConfUtils.java:logGet(46)) - raft.grpc.server.async.request.thread.pool.cached = true (default)
2024-02-06 10:02:40,574 [main] INFO  grpc.GrpcConfigKeys (ConfUtils.java:logGet(46)) - raft.grpc.server.async.request.thread.pool.size = 32 (default)
2024-02-06 10:02:40,576 [main] INFO  impl.DataStreamServerImpl (ConfUtils.java:logGet(46)) - raft.datastream.type = NETTY (custom)
2024-02-06 10:02:40,576 [main] INFO  server.RaftServerConfigKeys (ConfUtils.java:logGet(46)) - raft.server.data-stream.async.request.thread.pool.cached = false (default)
2024-02-06 10:02:40,577 [main] INFO  server.RaftServerConfigKeys (ConfUtils.java:logGet(46)) - raft.server.data-stream.async.request.thread.pool.size = 20 (custom)
2024-02-06 10:02:40,577 [main] INFO  server.RaftServerConfigKeys (ConfUtils.java:logGet(46)) - raft.server.data-stream.async.write.thread.pool.size = 16 (default)
2024-02-06 10:02:40,577 [main] INFO  netty.NettyConfigKeys$DataStream (ConfUtils.java:logGet(46)) - raft.netty.dataStream.server.channel.inactive.grace-period = 10min (default)
2024-02-06 10:02:40,577 [main] INFO  server.RaftServerConfigKeys (ConfUtils.java:logGet(46)) - raft.server.data-stream.client.pool.size = 10 (default)
2024-02-06 10:02:40,577 [main] INFO  netty.NettyConfigKeys$DataStream (ConfUtils.java:logGet(46)) - raft.netty.dataStream.server.use-epoll = true (default)
2024-02-06 10:02:40,577 [main] INFO  netty.NettyConfigKeys$DataStream (ConfUtils.java:logGet(46)) - raft.netty.dataStream.server.boss-group.size = 0 (default)
2024-02-06 10:02:40,578 [main] INFO  netty.NettyUtils (NettyUtils.java:newEventLoopGroup(69)) - Create EpollEventLoopGroup for e4108bdc-dd8a-4467-8687-0aef72f28da1-NettyServerStreamRpc-bossGroup; Thread size is 0.
2024-02-06 10:02:40,578 [main] INFO  netty.NettyConfigKeys$DataStream (ConfUtils.java:logGet(46)) - raft.netty.dataStream.server.worker-group.size = 0 (default)
2024-02-06 10:02:40,578 [main] INFO  netty.NettyUtils (NettyUtils.java:newEventLoopGroup(69)) - Create EpollEventLoopGroup for e4108bdc-dd8a-4467-8687-0aef72f28da1-NettyServerStreamRpc-workerGroup; Thread size is 0.
2024-02-06 10:02:40,579 [main] INFO  netty.NettyConfigKeys$DataStream (ConfUtils.java:logGet(46)) - raft.netty.dataStream.server.tls.conf = null (default)
2024-02-06 10:02:40,579 [main] INFO  netty.NettyConfigKeys$DataStream (ConfUtils.java:logGet(46)) - raft.netty.dataStream.host = null (default)
2024-02-06 10:02:40,579 [main] INFO  netty.NettyConfigKeys$DataStream (ConfUtils.java:logGet(46)) - raft.netty.dataStream.port = 15113 (custom)
2024-02-06 10:02:40,579 [main] INFO  server.RaftServerConfigKeys (ConfUtils.java:logGet(46)) - raft.server.sleep.deviation.threshold = 300ms (default)
2024-02-06 10:02:40,580 [main] INFO  server.RaftServerConfigKeys (ConfUtils.java:logGet(46)) - raft.server.close.threshold = 60s (default)
2024-02-06 10:02:40,580 [e4108bdc-dd8a-4467-8687-0aef72f28da1-NettyServerStreamRpc-bossGroup--thread1] INFO  logging.LoggingHandler (AbstractInternalLogger.java:log(148)) - [id: 0xb5536516] REGISTERED
2024-02-06 10:02:40,580 [main] INFO  server.RaftServerConfigKeys (ConfUtils.java:logGet(46)) - raft.server.leaderelection.leader.step-down.wait-time = 10s (default)
2024-02-06 10:02:40,580 [e4108bdc-dd8a-4467-8687-0aef72f28da1-NettyServerStreamRpc-bossGroup--thread1] INFO  logging.LoggingHandler (AbstractInternalLogger.java:log(148)) - [id: 0xb5536516] BIND: 0.0.0.0/0.0.0.0:15113
2024-02-06 10:02:40,580 [main] INFO  server.RaftServerConfigKeys (ConfUtils.java:logGet(46)) - raft.server.storage.dir = [/home/runner/work/ozone/ozone/hadoop-ozone/integration-test/target/test-dir/MiniOzoneClusterImpl-aff9c889-8dd2-4f79-ab57-76a0adc13766/datanode-1/data/ratis] (custom)
2024-02-06 10:02:40,580 [e4108bdc-dd8a-4467-8687-0aef72f28da1-NettyServerStreamRpc-bossGroup--thread1] INFO  logging.LoggingHandler (AbstractInternalLogger.java:log(148)) - [id: 0xb5536516, L:/0.0.0.0:15113] ACTIVE
2024-02-06 10:02:40,580 [main] INFO  server.RaftServerConfigKeys (ConfUtils.java:logGet(46)) - raft.server.threadpool.proxy.cached = true (default)
2024-02-06 10:02:40,580 [main] INFO  server.RaftServerConfigKeys (ConfUtils.java:logGet(46)) - raft.server.threadpool.proxy.size = 0 (default)
2024-02-06 10:02:40,581 [e4108bdc-dd8a-4467-8687-0aef72f28da1-impl-thread1] INFO  server.RaftServer (RaftServerProxy.java:initGroupDir(264)) - e4108bdc-dd8a-4467-8687-0aef72f28da1: found a subdirectory /home/runner/work/ozone/ozone/hadoop-ozone/integration-test/target/test-dir/MiniOzoneClusterImpl-aff9c889-8dd2-4f79-ab57-76a0adc13766/datanode-1/data/ratis/tmp
2024-02-06 10:02:40,581 [e4108bdc-dd8a-4467-8687-0aef72f28da1-impl-thread1] INFO  server.RaftServer (RaftServerProxy.java:initGroupDir(269)) - e4108bdc-dd8a-4467-8687-0aef72f28da1: The directory /home/runner/work/ozone/ozone/hadoop-ozone/integration-test/target/test-dir/MiniOzoneClusterImpl-aff9c889-8dd2-4f79-ab57-76a0adc13766/datanode-1/data/ratis/tmp is not a group directory; ignoring it. 
2024-02-06 10:02:40,581 [main] INFO  replication.ReplicationServer (ReplicationServer.java:<init>(86)) - Initializing replication server with thread count = 10 queue length = 4096
2024-02-06 10:02:40,582 [main] INFO  server.XceiverServerGrpc (XceiverServerGrpc.java:<init>(141)) - GrpcServer channel type EpollServerSocketChannel
2024-02-06 10:02:40,583 [main] INFO  replication.ReplicationSupervisor (ReplicationSupervisor.java:build(163)) - Initializing replication supervisor with thread count = 10
2024-02-06 10:02:40,583 [main] INFO  replication.ReplicationSupervisor (ReplicationSupervisor.java:nodeStateUpdated(317)) - Node state updated to IN_SERVICE, scaling executor pool size to 10
2024-02-06 10:02:40,585 [main] INFO  http.BaseHttpServer (BaseHttpServer.java:newHttpServer2BuilderForOzone(223)) - Starting Web-server for hddsDatanode at: http://0.0.0.0:15107
2024-02-06 10:02:40,585 [main] INFO  http.BaseHttpServer (BaseHttpServer.java:<init>(110)) - Hadoop Security Enabled: false Ozone Security Enabled: false Ozone HTTP Security Enabled: false 
2024-02-06 10:02:40,587 [main] WARN  server.AuthenticationFilter (AuthenticationFilter.java:constructSecretProvider(240)) - Unable to initialize FileSignerSecretProvider, falling back to use random secrets. Reason: Could not read signature secret file: /home/runner/hadoop-http-auth-signature-secret
2024-02-06 10:02:40,587 [main] INFO  http.HttpRequestLog (HttpRequestLog.java:getRequestLog(86)) - Http request log for http.requests.hddsDatanode is not defined
2024-02-06 10:02:40,588 [main] INFO  http.HttpServer2 (HttpServer2.java:addGlobalFilter(1036)) - Added global filter 'safety' (class=org.apache.hadoop.hdds.server.http.HttpServer2$QuotingInputFilter)
2024-02-06 10:02:40,589 [main] INFO  http.HttpServer2 (HttpServer2.java:addFilter(1012)) - Added filter static_user_filter (class=org.apache.hadoop.http.lib.StaticUserWebFilter$StaticUserFilter) to context hddsDatanode
2024-02-06 10:02:40,589 [main] INFO  http.HttpServer2 (HttpServer2.java:addFilter(1020)) - Added filter static_user_filter (class=org.apache.hadoop.http.lib.StaticUserWebFilter$StaticUserFilter) to context logs
2024-02-06 10:02:40,589 [main] INFO  http.HttpServer2 (HttpServer2.java:addFilter(1020)) - Added filter static_user_filter (class=org.apache.hadoop.http.lib.StaticUserWebFilter$StaticUserFilter) to context static
2024-02-06 10:02:40,590 [main] INFO  http.BaseHttpServer (BaseHttpServer.java:<init>(189)) - HTTP server of hddsDatanode uses base directory /home/runner/work/ozone/ozone/hadoop-ozone/integration-test/target/test-dir/MiniOzoneClusterImpl-aff9c889-8dd2-4f79-ab57-76a0adc13766/datanode-1/meta/webserver
2024-02-06 10:02:40,590 [main] INFO  http.HttpServer2 (HttpServer2.java:bindListener(1236)) - Jetty bound to port 15107
2024-02-06 10:02:40,591 [main] INFO  server.Server (Server.java:doStart(375)) - jetty-9.4.53.v20231009; built: 2023-10-09T12:29:09.265Z; git: 27bde00a0b95a1d5bbee0eae7984f891d2d0f8c9; jvm 1.8.0_402-b06
2024-02-06 10:02:40,596 [main] INFO  server.session (DefaultSessionIdManager.java:doStart(334)) - DefaultSessionIdManager workerName=node0
2024-02-06 10:02:40,596 [main] INFO  server.session (DefaultSessionIdManager.java:doStart(339)) - No SessionScavenger set, using defaults
2024-02-06 10:02:40,596 [main] INFO  server.session (HouseKeeper.java:startScavenging(132)) - node0 Scavenging every 660000ms
2024-02-06 10:02:40,597 [main] INFO  handler.ContextHandler (ContextHandler.java:doStart(921)) - Started o.e.j.s.ServletContextHandler@44cf2f5c{logs,/logs,file:///home/runner/work/ozone/ozone/hadoop-ozone/integration-test/target/log,AVAILABLE}
2024-02-06 10:02:40,598 [main] INFO  handler.ContextHandler (ContextHandler.java:doStart(921)) - Started o.e.j.s.ServletContextHandler@3a2c5017{static,/static,jar:file:/home/runner/.m2/repository/org/apache/ozone/hdds-container-service/1.5.0-SNAPSHOT/hdds-container-service-1.5.0-SNAPSHOT.jar!/webapps/static,AVAILABLE}
2024-02-06 10:02:40,632 [main] INFO  handler.ContextHandler (ContextHandler.java:doStart(921)) - Started o.e.j.w.WebAppContext@16bfbef0{hddsDatanode,/,file:///home/runner/work/ozone/ozone/hadoop-ozone/integration-test/target/test-dir/MiniOzoneClusterImpl-aff9c889-8dd2-4f79-ab57-76a0adc13766/datanode-1/meta/webserver/jetty-0_0_0_0-15107-hdds-container-service-1_5_0-SNAPSHOT_jar-_-any-7241083951961389371/webapp/,AVAILABLE}{jar:file:/home/runner/.m2/repository/org/apache/ozone/hdds-container-service/1.5.0-SNAPSHOT/hdds-container-service-1.5.0-SNAPSHOT.jar!/webapps/hddsDatanode}
2024-02-06 10:02:40,634 [main] INFO  server.AbstractConnector (AbstractConnector.java:doStart(333)) - Started ServerConnector@61b2879b{HTTP/1.1, (http/1.1)}{0.0.0.0:15107}
2024-02-06 10:02:40,634 [main] INFO  server.Server (Server.java:doStart(415)) - Started @42683ms
2024-02-06 10:02:40,634 [main] WARN  impl.MetricsSystemImpl (MetricsSystemImpl.java:register(279)) - Sink prometheus already exists!
2024-02-06 10:02:40,635 [main] INFO  http.BaseHttpServer (BaseHttpServer.java:updateConnectorAddress(354)) - HTTP server of hddsDatanode listening at http://0.0.0.0:15107
2024-02-06 10:02:40,635 [main] INFO  ipc.CallQueueManager (CallQueueManager.java:<init>(90)) - Using callQueue: class java.util.concurrent.LinkedBlockingQueue, queueCapacity: 100, scheduler: class org.apache.hadoop.ipc.DefaultRpcScheduler, ipcBackoff: false.
2024-02-06 10:02:40,635 [main] INFO  ipc.Server (Server.java:<init>(1287)) - Listener at 0.0.0.0:15108
2024-02-06 10:02:40,636 [Socket Reader #1 for port 15108] INFO  ipc.Server (Server.java:run(1323)) - Starting Socket Reader #1 for port 15108
2024-02-06 10:02:40,637 [main] INFO  ozone.HddsDatanodeService (HddsDatanodeService.java:start(327)) - Datanode start with admins: [runner]
2024-02-06 10:02:40,637 [main] INFO  ozone.HddsDatanodeClientProtocolServer (HddsDatanodeClientProtocolServer.java:start(72)) - RPC server for Client /0.0.0.0:15108
2024-02-06 10:02:40,638 [IPC Server Responder] INFO  ipc.Server (Server.java:run(1562)) - IPC Server Responder: starting
2024-02-06 10:02:40,638 [IPC Server listener on 15108] INFO  ipc.Server (Server.java:run(1402)) - IPC Server listener on 15108: starting
2024-02-06 10:02:40,639 [e4108bdc-dd8a-4467-8687-0aef72f28da1-DatanodeStateMachineDaemonThread] INFO  statemachine.DatanodeStateMachine (DatanodeStateMachine.java:lambda$startDaemon$1(555)) - Ozone container server started.
2024-02-06 10:02:40,640 [main] WARN  dropwizard3.Dm3MetricRegistriesImpl (Dm3MetricRegistriesImpl.java:addReporterRegistration(113)) - New reporters are added after registries were created. Some metrics will be missing from the reporter. Please add reporter before adding any new registry.
2024-02-06 10:02:40,641 [main] WARN  dropwizard3.Dm3MetricRegistriesImpl (Dm3MetricRegistriesImpl.java:addReporterRegistration(113)) - New reporters are added after registries were created. Some metrics will be missing from the reporter. Please add reporter before adding any new registry.
2024-02-06 10:02:40,641 [main] INFO  impl.MetricsSystemImpl (MetricsSystemImpl.java:init(158)) - HddsDatanode metrics system started (again)
2024-02-06 10:02:40,643 [e4108bdc-dd8a-4467-8687-0aef72f28da1-DatanodeStateMachineTaskThread-0] INFO  datanode.InitDatanodeState (InitDatanodeState.java:persistContainerDatanodeDetails(139)) - DatanodeDetails is persisted to /home/runner/work/ozone/ozone/hadoop-ozone/integration-test/target/test-dir/MiniOzoneClusterImpl-aff9c889-8dd2-4f79-ab57-76a0adc13766/datanode-1/meta/datanode.id
2024-02-06 10:02:40,652 [main] INFO  ozone.HddsDatanodeService (HddsDatanodeService.java:start(240)) - HddsDatanodeService host:fv-az776-296 ip:10.1.0.5
2024-02-06 10:02:40,671 [main] INFO  upgrade.AbstractLayoutVersionManager (AbstractLayoutVersionManager.java:init(83)) - Initializing Layout version manager with metadata layout = HADOOP_PRC_PORTS_IN_DATANODEDETAILS (version = 7), software layout = HADOOP_PRC_PORTS_IN_DATANODEDETAILS (version = 7)
2024-02-06 10:02:40,671 [main] INFO  statemachine.DatanodeStateMachine (DatanodeStateMachine.java:getEndPointTaskThreadPoolSize(299)) - Datanode State Machine Task Thread Pool size 2
2024-02-06 10:02:40,673 [main] INFO  volume.HddsVolume (HddsVolume.java:<init>(125)) - Creating HddsVolume: /home/runner/work/ozone/ozone/hadoop-ozone/integration-test/target/test-dir/MiniOzoneClusterImpl-aff9c889-8dd2-4f79-ab57-76a0adc13766/datanode-2/data-0/containers/hdds of storage type : DISK capacity : 9223372036854775807
2024-02-06 10:02:40,673 [main] INFO  volume.MutableVolumeSet (MutableVolumeSet.java:initializeVolumeSet(173)) - Added Volume : /home/runner/work/ozone/ozone/hadoop-ozone/integration-test/target/test-dir/MiniOzoneClusterImpl-aff9c889-8dd2-4f79-ab57-76a0adc13766/datanode-2/data-0/containers/hdds to VolumeSet
2024-02-06 10:02:40,674 [main] INFO  volume.MutableVolumeSet (MutableVolumeSet.java:initializeVolumeSet(173)) - Added Volume : /home/runner/work/ozone/ozone/hadoop-ozone/integration-test/target/test-dir/MiniOzoneClusterImpl-aff9c889-8dd2-4f79-ab57-76a0adc13766/datanode-2/data/ratis to VolumeSet
2024-02-06 10:02:40,674 [main] INFO  ozoneimpl.OzoneContainer (HddsVolumeUtil.java:loadAllHddsVolumeDbStore(103)) - Load 1 volumes DbStore cost: 0ms
2024-02-06 10:02:40,676 [main] INFO  server.RaftServer (ConfUtils.java:logGet(46)) - raft.rpc.type = GRPC (default)
2024-02-06 10:02:40,676 [main] INFO  grpc.GrpcConfigKeys (ConfUtils.java:logFallback(53)) - raft.grpc.admin.host = null (fallback to raft.grpc.server.host)
2024-02-06 10:02:40,676 [main] INFO  grpc.GrpcConfigKeys (ConfUtils.java:logGet(46)) - raft.grpc.admin.port = 15120 (custom)
2024-02-06 10:02:40,676 [main] INFO  grpc.GrpcConfigKeys (ConfUtils.java:logFallback(53)) - raft.grpc.client.host = null (fallback to raft.grpc.server.host)
2024-02-06 10:02:40,677 [main] INFO  grpc.GrpcConfigKeys (ConfUtils.java:logGet(46)) - raft.grpc.client.port = 15119 (custom)
2024-02-06 10:02:40,677 [main] INFO  grpc.GrpcConfigKeys (ConfUtils.java:logGet(46)) - raft.grpc.server.host = null (default)
2024-02-06 10:02:40,677 [main] INFO  grpc.GrpcConfigKeys (ConfUtils.java:logGet(46)) - raft.grpc.server.port = 15121 (custom)
2024-02-06 10:02:40,677 [main] INFO  server.GrpcService (ConfUtils.java:logGet(46)) - raft.grpc.message.size.max = 32MB (=33554432) (custom)
2024-02-06 10:02:40,677 [main] INFO  server.RaftServerConfigKeys (ConfUtils.java:logGet(46)) - raft.server.log.appender.buffer.byte-limit = 8388608 (custom)
2024-02-06 10:02:40,678 [main] INFO  server.GrpcService (ConfUtils.java:logGet(46)) - raft.grpc.flow.control.window = 5MB (=5242880) (custom)
2024-02-06 10:02:40,678 [main] INFO  server.RaftServerConfigKeys (ConfUtils.java:logGet(46)) - raft.server.rpc.request.timeout = 3000ms (default)
2024-02-06 10:02:40,678 [main] INFO  grpc.GrpcConfigKeys (ConfUtils.java:logGet(46)) - raft.grpc.server.heartbeat.channel = true (default)
2024-02-06 10:02:40,678 [main] INFO  grpc.GrpcConfigKeys (ConfUtils.java:logGet(46)) - raft.grpc.server.async.request.thread.pool.cached = true (default)
2024-02-06 10:02:40,678 [main] INFO  grpc.GrpcConfigKeys (ConfUtils.java:logGet(46)) - raft.grpc.server.async.request.thread.pool.size = 32 (default)
2024-02-06 10:02:40,680 [main] INFO  impl.DataStreamServerImpl (ConfUtils.java:logGet(46)) - raft.datastream.type = NETTY (custom)
2024-02-06 10:02:40,680 [main] INFO  server.RaftServerConfigKeys (ConfUtils.java:logGet(46)) - raft.server.data-stream.async.request.thread.pool.cached = false (default)
2024-02-06 10:02:40,680 [main] INFO  server.RaftServerConfigKeys (ConfUtils.java:logGet(46)) - raft.server.data-stream.async.request.thread.pool.size = 20 (custom)
2024-02-06 10:02:40,681 [main] INFO  server.RaftServerConfigKeys (ConfUtils.java:logGet(46)) - raft.server.data-stream.async.write.thread.pool.size = 16 (default)
2024-02-06 10:02:40,681 [main] INFO  netty.NettyConfigKeys$DataStream (ConfUtils.java:logGet(46)) - raft.netty.dataStream.server.channel.inactive.grace-period = 10min (default)
2024-02-06 10:02:40,681 [main] INFO  server.RaftServerConfigKeys (ConfUtils.java:logGet(46)) - raft.server.data-stream.client.pool.size = 10 (default)
2024-02-06 10:02:40,681 [main] INFO  netty.NettyConfigKeys$DataStream (ConfUtils.java:logGet(46)) - raft.netty.dataStream.server.use-epoll = true (default)
2024-02-06 10:02:40,681 [main] INFO  netty.NettyConfigKeys$DataStream (ConfUtils.java:logGet(46)) - raft.netty.dataStream.server.boss-group.size = 0 (default)
2024-02-06 10:02:40,681 [main] INFO  netty.NettyUtils (NettyUtils.java:newEventLoopGroup(69)) - Create EpollEventLoopGroup for 07380eda-3c62-4610-a005-d4af5e2d732d-NettyServerStreamRpc-bossGroup; Thread size is 0.
2024-02-06 10:02:40,682 [main] INFO  netty.NettyConfigKeys$DataStream (ConfUtils.java:logGet(46)) - raft.netty.dataStream.server.worker-group.size = 0 (default)
2024-02-06 10:02:40,682 [main] INFO  netty.NettyUtils (NettyUtils.java:newEventLoopGroup(69)) - Create EpollEventLoopGroup for 07380eda-3c62-4610-a005-d4af5e2d732d-NettyServerStreamRpc-workerGroup; Thread size is 0.
2024-02-06 10:02:40,682 [main] INFO  netty.NettyConfigKeys$DataStream (ConfUtils.java:logGet(46)) - raft.netty.dataStream.server.tls.conf = null (default)
2024-02-06 10:02:40,682 [main] INFO  netty.NettyConfigKeys$DataStream (ConfUtils.java:logGet(46)) - raft.netty.dataStream.host = null (default)
2024-02-06 10:02:40,683 [main] INFO  netty.NettyConfigKeys$DataStream (ConfUtils.java:logGet(46)) - raft.netty.dataStream.port = 15122 (custom)
2024-02-06 10:02:40,683 [main] INFO  server.RaftServerConfigKeys (ConfUtils.java:logGet(46)) - raft.server.sleep.deviation.threshold = 300ms (default)
2024-02-06 10:02:40,683 [main] INFO  server.RaftServerConfigKeys (ConfUtils.java:logGet(46)) - raft.server.close.threshold = 60s (default)
2024-02-06 10:02:40,683 [main] INFO  server.RaftServerConfigKeys (ConfUtils.java:logGet(46)) - raft.server.leaderelection.leader.step-down.wait-time = 10s (default)
2024-02-06 10:02:40,683 [07380eda-3c62-4610-a005-d4af5e2d732d-NettyServerStreamRpc-bossGroup--thread1] INFO  logging.LoggingHandler (AbstractInternalLogger.java:log(148)) - [id: 0x0b29ed8f] REGISTERED
2024-02-06 10:02:40,684 [main] INFO  server.RaftServerConfigKeys (ConfUtils.java:logGet(46)) - raft.server.storage.dir = [/home/runner/work/ozone/ozone/hadoop-ozone/integration-test/target/test-dir/MiniOzoneClusterImpl-aff9c889-8dd2-4f79-ab57-76a0adc13766/datanode-2/data/ratis] (custom)
2024-02-06 10:02:40,684 [main] INFO  server.RaftServerConfigKeys (ConfUtils.java:logGet(46)) - raft.server.threadpool.proxy.cached = true (default)
2024-02-06 10:02:40,684 [main] INFO  server.RaftServerConfigKeys (ConfUtils.java:logGet(46)) - raft.server.threadpool.proxy.size = 0 (default)
2024-02-06 10:02:40,684 [07380eda-3c62-4610-a005-d4af5e2d732d-NettyServerStreamRpc-bossGroup--thread1] INFO  logging.LoggingHandler (AbstractInternalLogger.java:log(148)) - [id: 0x0b29ed8f] BIND: 0.0.0.0/0.0.0.0:15122
2024-02-06 10:02:40,684 [07380eda-3c62-4610-a005-d4af5e2d732d-NettyServerStreamRpc-bossGroup--thread1] INFO  logging.LoggingHandler (AbstractInternalLogger.java:log(148)) - [id: 0x0b29ed8f, L:/0.0.0.0:15122] ACTIVE
2024-02-06 10:02:40,684 [07380eda-3c62-4610-a005-d4af5e2d732d-impl-thread1] INFO  server.RaftServer (RaftServerProxy.java:initGroupDir(264)) - 07380eda-3c62-4610-a005-d4af5e2d732d: found a subdirectory /home/runner/work/ozone/ozone/hadoop-ozone/integration-test/target/test-dir/MiniOzoneClusterImpl-aff9c889-8dd2-4f79-ab57-76a0adc13766/datanode-2/data/ratis/tmp
2024-02-06 10:02:40,685 [07380eda-3c62-4610-a005-d4af5e2d732d-impl-thread1] INFO  server.RaftServer (RaftServerProxy.java:initGroupDir(269)) - 07380eda-3c62-4610-a005-d4af5e2d732d: The directory /home/runner/work/ozone/ozone/hadoop-ozone/integration-test/target/test-dir/MiniOzoneClusterImpl-aff9c889-8dd2-4f79-ab57-76a0adc13766/datanode-2/data/ratis/tmp is not a group directory; ignoring it. 
2024-02-06 10:02:40,685 [main] INFO  replication.ReplicationServer (ReplicationServer.java:<init>(86)) - Initializing replication server with thread count = 10 queue length = 4096
2024-02-06 10:02:40,686 [main] INFO  server.XceiverServerGrpc (XceiverServerGrpc.java:<init>(141)) - GrpcServer channel type EpollServerSocketChannel
2024-02-06 10:02:40,688 [main] INFO  replication.ReplicationSupervisor (ReplicationSupervisor.java:build(163)) - Initializing replication supervisor with thread count = 10
2024-02-06 10:02:40,688 [main] INFO  replication.ReplicationSupervisor (ReplicationSupervisor.java:nodeStateUpdated(317)) - Node state updated to IN_SERVICE, scaling executor pool size to 10
2024-02-06 10:02:40,690 [main] INFO  http.BaseHttpServer (BaseHttpServer.java:newHttpServer2BuilderForOzone(223)) - Starting Web-server for hddsDatanode at: http://0.0.0.0:15116
2024-02-06 10:02:40,690 [main] INFO  http.BaseHttpServer (BaseHttpServer.java:<init>(110)) - Hadoop Security Enabled: false Ozone Security Enabled: false Ozone HTTP Security Enabled: false 
2024-02-06 10:02:40,692 [main] WARN  server.AuthenticationFilter (AuthenticationFilter.java:constructSecretProvider(240)) - Unable to initialize FileSignerSecretProvider, falling back to use random secrets. Reason: Could not read signature secret file: /home/runner/hadoop-http-auth-signature-secret
2024-02-06 10:02:40,692 [main] INFO  http.HttpRequestLog (HttpRequestLog.java:getRequestLog(86)) - Http request log for http.requests.hddsDatanode is not defined
2024-02-06 10:02:40,693 [main] INFO  http.HttpServer2 (HttpServer2.java:addGlobalFilter(1036)) - Added global filter 'safety' (class=org.apache.hadoop.hdds.server.http.HttpServer2$QuotingInputFilter)
2024-02-06 10:02:40,695 [main] INFO  http.HttpServer2 (HttpServer2.java:addFilter(1012)) - Added filter static_user_filter (class=org.apache.hadoop.http.lib.StaticUserWebFilter$StaticUserFilter) to context hddsDatanode
2024-02-06 10:02:40,695 [main] INFO  http.HttpServer2 (HttpServer2.java:addFilter(1020)) - Added filter static_user_filter (class=org.apache.hadoop.http.lib.StaticUserWebFilter$StaticUserFilter) to context logs
2024-02-06 10:02:40,696 [main] INFO  http.HttpServer2 (HttpServer2.java:addFilter(1020)) - Added filter static_user_filter (class=org.apache.hadoop.http.lib.StaticUserWebFilter$StaticUserFilter) to context static
2024-02-06 10:02:40,697 [main] INFO  http.BaseHttpServer (BaseHttpServer.java:<init>(189)) - HTTP server of hddsDatanode uses base directory /home/runner/work/ozone/ozone/hadoop-ozone/integration-test/target/test-dir/MiniOzoneClusterImpl-aff9c889-8dd2-4f79-ab57-76a0adc13766/datanode-2/meta/webserver
2024-02-06 10:02:40,697 [main] INFO  http.HttpServer2 (HttpServer2.java:bindListener(1236)) - Jetty bound to port 15116
2024-02-06 10:02:40,697 [main] INFO  server.Server (Server.java:doStart(375)) - jetty-9.4.53.v20231009; built: 2023-10-09T12:29:09.265Z; git: 27bde00a0b95a1d5bbee0eae7984f891d2d0f8c9; jvm 1.8.0_402-b06
2024-02-06 10:02:40,707 [main] INFO  server.session (DefaultSessionIdManager.java:doStart(334)) - DefaultSessionIdManager workerName=node0
2024-02-06 10:02:40,708 [main] INFO  server.session (DefaultSessionIdManager.java:doStart(339)) - No SessionScavenger set, using defaults
2024-02-06 10:02:40,708 [main] INFO  server.session (HouseKeeper.java:startScavenging(132)) - node0 Scavenging every 660000ms
2024-02-06 10:02:40,709 [main] INFO  handler.ContextHandler (ContextHandler.java:doStart(921)) - Started o.e.j.s.ServletContextHandler@33ef00ff{logs,/logs,file:///home/runner/work/ozone/ozone/hadoop-ozone/integration-test/target/log,AVAILABLE}
2024-02-06 10:02:40,710 [main] INFO  handler.ContextHandler (ContextHandler.java:doStart(921)) - Started o.e.j.s.ServletContextHandler@27b6d26d{static,/static,jar:file:/home/runner/.m2/repository/org/apache/ozone/hdds-container-service/1.5.0-SNAPSHOT/hdds-container-service-1.5.0-SNAPSHOT.jar!/webapps/static,AVAILABLE}
2024-02-06 10:02:40,745 [main] INFO  handler.ContextHandler (ContextHandler.java:doStart(921)) - Started o.e.j.w.WebAppContext@7a4822f2{hddsDatanode,/,file:///home/runner/work/ozone/ozone/hadoop-ozone/integration-test/target/test-dir/MiniOzoneClusterImpl-aff9c889-8dd2-4f79-ab57-76a0adc13766/datanode-2/meta/webserver/jetty-0_0_0_0-15116-hdds-container-service-1_5_0-SNAPSHOT_jar-_-any-4280243804950813768/webapp/,AVAILABLE}{jar:file:/home/runner/.m2/repository/org/apache/ozone/hdds-container-service/1.5.0-SNAPSHOT/hdds-container-service-1.5.0-SNAPSHOT.jar!/webapps/hddsDatanode}
2024-02-06 10:02:40,747 [main] INFO  server.AbstractConnector (AbstractConnector.java:doStart(333)) - Started ServerConnector@372e0f78{HTTP/1.1, (http/1.1)}{0.0.0.0:15116}
2024-02-06 10:02:40,748 [main] INFO  server.Server (Server.java:doStart(415)) - Started @42797ms
2024-02-06 10:02:40,748 [main] WARN  impl.MetricsSystemImpl (MetricsSystemImpl.java:register(279)) - Sink prometheus already exists!
2024-02-06 10:02:40,749 [main] INFO  http.BaseHttpServer (BaseHttpServer.java:updateConnectorAddress(354)) - HTTP server of hddsDatanode listening at http://0.0.0.0:15116
2024-02-06 10:02:40,749 [main] INFO  ipc.CallQueueManager (CallQueueManager.java:<init>(90)) - Using callQueue: class java.util.concurrent.LinkedBlockingQueue, queueCapacity: 100, scheduler: class org.apache.hadoop.ipc.DefaultRpcScheduler, ipcBackoff: false.
2024-02-06 10:02:40,750 [main] INFO  ipc.Server (Server.java:<init>(1287)) - Listener at 0.0.0.0:15117
2024-02-06 10:02:40,750 [Socket Reader #1 for port 15117] INFO  ipc.Server (Server.java:run(1323)) - Starting Socket Reader #1 for port 15117
2024-02-06 10:02:40,753 [main] INFO  ozone.HddsDatanodeService (HddsDatanodeService.java:start(327)) - Datanode start with admins: [runner]
2024-02-06 10:02:40,753 [main] INFO  ozone.HddsDatanodeClientProtocolServer (HddsDatanodeClientProtocolServer.java:start(72)) - RPC server for Client /0.0.0.0:15117
2024-02-06 10:02:40,754 [IPC Server Responder] INFO  ipc.Server (Server.java:run(1562)) - IPC Server Responder: starting
2024-02-06 10:02:40,755 [IPC Server listener on 15117] INFO  ipc.Server (Server.java:run(1402)) - IPC Server listener on 15117: starting
2024-02-06 10:02:40,758 [07380eda-3c62-4610-a005-d4af5e2d732d-DatanodeStateMachineDaemonThread] INFO  statemachine.DatanodeStateMachine (DatanodeStateMachine.java:lambda$startDaemon$1(555)) - Ozone container server started.
2024-02-06 10:02:40,759 [main] WARN  dropwizard3.Dm3MetricRegistriesImpl (Dm3MetricRegistriesImpl.java:addReporterRegistration(113)) - New reporters are added after registries were created. Some metrics will be missing from the reporter. Please add reporter before adding any new registry.
2024-02-06 10:02:40,759 [main] WARN  dropwizard3.Dm3MetricRegistriesImpl (Dm3MetricRegistriesImpl.java:addReporterRegistration(113)) - New reporters are added after registries were created. Some metrics will be missing from the reporter. Please add reporter before adding any new registry.
2024-02-06 10:02:40,759 [main] INFO  impl.MetricsSystemImpl (MetricsSystemImpl.java:init(158)) - HddsDatanode metrics system started (again)
2024-02-06 10:02:40,771 [07380eda-3c62-4610-a005-d4af5e2d732d-DatanodeStateMachineTaskThread-0] INFO  datanode.InitDatanodeState (InitDatanodeState.java:persistContainerDatanodeDetails(139)) - DatanodeDetails is persisted to /home/runner/work/ozone/ozone/hadoop-ozone/integration-test/target/test-dir/MiniOzoneClusterImpl-aff9c889-8dd2-4f79-ab57-76a0adc13766/datanode-2/meta/datanode.id
2024-02-06 10:02:40,773 [main] INFO  ozone.HddsDatanodeService (HddsDatanodeService.java:start(240)) - HddsDatanodeService host:fv-az776-296 ip:10.1.0.5
2024-02-06 10:02:40,794 [main] INFO  upgrade.AbstractLayoutVersionManager (AbstractLayoutVersionManager.java:init(83)) - Initializing Layout version manager with metadata layout = HADOOP_PRC_PORTS_IN_DATANODEDETAILS (version = 7), software layout = HADOOP_PRC_PORTS_IN_DATANODEDETAILS (version = 7)
2024-02-06 10:02:40,794 [main] INFO  statemachine.DatanodeStateMachine (DatanodeStateMachine.java:getEndPointTaskThreadPoolSize(299)) - Datanode State Machine Task Thread Pool size 2
2024-02-06 10:02:40,795 [main] INFO  volume.HddsVolume (HddsVolume.java:<init>(125)) - Creating HddsVolume: /home/runner/work/ozone/ozone/hadoop-ozone/integration-test/target/test-dir/MiniOzoneClusterImpl-aff9c889-8dd2-4f79-ab57-76a0adc13766/datanode-3/data-0/containers/hdds of storage type : DISK capacity : 9223372036854775807
2024-02-06 10:02:40,796 [main] INFO  volume.MutableVolumeSet (MutableVolumeSet.java:initializeVolumeSet(173)) - Added Volume : /home/runner/work/ozone/ozone/hadoop-ozone/integration-test/target/test-dir/MiniOzoneClusterImpl-aff9c889-8dd2-4f79-ab57-76a0adc13766/datanode-3/data-0/containers/hdds to VolumeSet
2024-02-06 10:02:40,796 [main] INFO  volume.MutableVolumeSet (MutableVolumeSet.java:initializeVolumeSet(173)) - Added Volume : /home/runner/work/ozone/ozone/hadoop-ozone/integration-test/target/test-dir/MiniOzoneClusterImpl-aff9c889-8dd2-4f79-ab57-76a0adc13766/datanode-3/data/ratis to VolumeSet
2024-02-06 10:02:40,797 [main] INFO  ozoneimpl.OzoneContainer (HddsVolumeUtil.java:loadAllHddsVolumeDbStore(103)) - Load 1 volumes DbStore cost: 0ms
2024-02-06 10:02:40,798 [main] INFO  server.RaftServer (ConfUtils.java:logGet(46)) - raft.rpc.type = GRPC (default)
2024-02-06 10:02:40,799 [main] INFO  grpc.GrpcConfigKeys (ConfUtils.java:logFallback(53)) - raft.grpc.admin.host = null (fallback to raft.grpc.server.host)
2024-02-06 10:02:40,799 [main] INFO  grpc.GrpcConfigKeys (ConfUtils.java:logGet(46)) - raft.grpc.admin.port = 15129 (custom)
2024-02-06 10:02:40,799 [main] INFO  grpc.GrpcConfigKeys (ConfUtils.java:logFallback(53)) - raft.grpc.client.host = null (fallback to raft.grpc.server.host)
2024-02-06 10:02:40,799 [main] INFO  grpc.GrpcConfigKeys (ConfUtils.java:logGet(46)) - raft.grpc.client.port = 15128 (custom)
2024-02-06 10:02:40,800 [main] INFO  grpc.GrpcConfigKeys (ConfUtils.java:logGet(46)) - raft.grpc.server.host = null (default)
2024-02-06 10:02:40,800 [main] INFO  grpc.GrpcConfigKeys (ConfUtils.java:logGet(46)) - raft.grpc.server.port = 15130 (custom)
2024-02-06 10:02:40,800 [main] INFO  server.GrpcService (ConfUtils.java:logGet(46)) - raft.grpc.message.size.max = 32MB (=33554432) (custom)
2024-02-06 10:02:40,800 [main] INFO  server.RaftServerConfigKeys (ConfUtils.java:logGet(46)) - raft.server.log.appender.buffer.byte-limit = 8388608 (custom)
2024-02-06 10:02:40,800 [main] INFO  server.GrpcService (ConfUtils.java:logGet(46)) - raft.grpc.flow.control.window = 5MB (=5242880) (custom)
2024-02-06 10:02:40,801 [main] INFO  server.RaftServerConfigKeys (ConfUtils.java:logGet(46)) - raft.server.rpc.request.timeout = 3000ms (default)
2024-02-06 10:02:40,801 [main] INFO  grpc.GrpcConfigKeys (ConfUtils.java:logGet(46)) - raft.grpc.server.heartbeat.channel = true (default)
2024-02-06 10:02:40,801 [main] INFO  grpc.GrpcConfigKeys (ConfUtils.java:logGet(46)) - raft.grpc.server.async.request.thread.pool.cached = true (default)
2024-02-06 10:02:40,801 [main] INFO  grpc.GrpcConfigKeys (ConfUtils.java:logGet(46)) - raft.grpc.server.async.request.thread.pool.size = 32 (default)
2024-02-06 10:02:40,803 [main] INFO  impl.DataStreamServerImpl (ConfUtils.java:logGet(46)) - raft.datastream.type = NETTY (custom)
2024-02-06 10:02:40,803 [main] INFO  server.RaftServerConfigKeys (ConfUtils.java:logGet(46)) - raft.server.data-stream.async.request.thread.pool.cached = false (default)
2024-02-06 10:02:40,804 [main] INFO  server.RaftServerConfigKeys (ConfUtils.java:logGet(46)) - raft.server.data-stream.async.request.thread.pool.size = 20 (custom)
2024-02-06 10:02:40,804 [main] INFO  server.RaftServerConfigKeys (ConfUtils.java:logGet(46)) - raft.server.data-stream.async.write.thread.pool.size = 16 (default)
2024-02-06 10:02:40,804 [main] INFO  netty.NettyConfigKeys$DataStream (ConfUtils.java:logGet(46)) - raft.netty.dataStream.server.channel.inactive.grace-period = 10min (default)
2024-02-06 10:02:40,804 [main] INFO  server.RaftServerConfigKeys (ConfUtils.java:logGet(46)) - raft.server.data-stream.client.pool.size = 10 (default)
2024-02-06 10:02:40,804 [main] INFO  netty.NettyConfigKeys$DataStream (ConfUtils.java:logGet(46)) - raft.netty.dataStream.server.use-epoll = true (default)
2024-02-06 10:02:40,805 [main] INFO  netty.NettyConfigKeys$DataStream (ConfUtils.java:logGet(46)) - raft.netty.dataStream.server.boss-group.size = 0 (default)
2024-02-06 10:02:40,805 [main] INFO  netty.NettyUtils (NettyUtils.java:newEventLoopGroup(69)) - Create EpollEventLoopGroup for 9b6fde4f-3239-4bc3-82bd-b2cd2f08e288-NettyServerStreamRpc-bossGroup; Thread size is 0.
2024-02-06 10:02:40,805 [main] INFO  netty.NettyConfigKeys$DataStream (ConfUtils.java:logGet(46)) - raft.netty.dataStream.server.worker-group.size = 0 (default)
2024-02-06 10:02:40,805 [main] INFO  netty.NettyUtils (NettyUtils.java:newEventLoopGroup(69)) - Create EpollEventLoopGroup for 9b6fde4f-3239-4bc3-82bd-b2cd2f08e288-NettyServerStreamRpc-workerGroup; Thread size is 0.
2024-02-06 10:02:40,806 [main] INFO  netty.NettyConfigKeys$DataStream (ConfUtils.java:logGet(46)) - raft.netty.dataStream.server.tls.conf = null (default)
2024-02-06 10:02:40,806 [main] INFO  netty.NettyConfigKeys$DataStream (ConfUtils.java:logGet(46)) - raft.netty.dataStream.host = null (default)
2024-02-06 10:02:40,806 [main] INFO  netty.NettyConfigKeys$DataStream (ConfUtils.java:logGet(46)) - raft.netty.dataStream.port = 15131 (custom)
2024-02-06 10:02:40,806 [main] INFO  server.RaftServerConfigKeys (ConfUtils.java:logGet(46)) - raft.server.sleep.deviation.threshold = 300ms (default)
2024-02-06 10:02:40,807 [main] INFO  server.RaftServerConfigKeys (ConfUtils.java:logGet(46)) - raft.server.close.threshold = 60s (default)
2024-02-06 10:02:40,807 [9b6fde4f-3239-4bc3-82bd-b2cd2f08e288-NettyServerStreamRpc-bossGroup--thread1] INFO  logging.LoggingHandler (AbstractInternalLogger.java:log(148)) - [id: 0x6f861aee] REGISTERED
2024-02-06 10:02:40,807 [main] INFO  server.RaftServerConfigKeys (ConfUtils.java:logGet(46)) - raft.server.leaderelection.leader.step-down.wait-time = 10s (default)
2024-02-06 10:02:40,808 [9b6fde4f-3239-4bc3-82bd-b2cd2f08e288-NettyServerStreamRpc-bossGroup--thread1] INFO  logging.LoggingHandler (AbstractInternalLogger.java:log(148)) - [id: 0x6f861aee] BIND: 0.0.0.0/0.0.0.0:15131
2024-02-06 10:02:40,808 [main] INFO  server.RaftServerConfigKeys (ConfUtils.java:logGet(46)) - raft.server.storage.dir = [/home/runner/work/ozone/ozone/hadoop-ozone/integration-test/target/test-dir/MiniOzoneClusterImpl-aff9c889-8dd2-4f79-ab57-76a0adc13766/datanode-3/data/ratis] (custom)
2024-02-06 10:02:40,808 [main] INFO  server.RaftServerConfigKeys (ConfUtils.java:logGet(46)) - raft.server.threadpool.proxy.cached = true (default)
2024-02-06 10:02:40,808 [9b6fde4f-3239-4bc3-82bd-b2cd2f08e288-NettyServerStreamRpc-bossGroup--thread1] INFO  logging.LoggingHandler (AbstractInternalLogger.java:log(148)) - [id: 0x6f861aee, L:/0.0.0.0:15131] ACTIVE
2024-02-06 10:02:40,808 [main] INFO  server.RaftServerConfigKeys (ConfUtils.java:logGet(46)) - raft.server.threadpool.proxy.size = 0 (default)
2024-02-06 10:02:40,808 [9b6fde4f-3239-4bc3-82bd-b2cd2f08e288-impl-thread1] INFO  server.RaftServer (RaftServerProxy.java:initGroupDir(264)) - 9b6fde4f-3239-4bc3-82bd-b2cd2f08e288: found a subdirectory /home/runner/work/ozone/ozone/hadoop-ozone/integration-test/target/test-dir/MiniOzoneClusterImpl-aff9c889-8dd2-4f79-ab57-76a0adc13766/datanode-3/data/ratis/tmp
2024-02-06 10:02:40,809 [9b6fde4f-3239-4bc3-82bd-b2cd2f08e288-impl-thread1] INFO  server.RaftServer (RaftServerProxy.java:initGroupDir(269)) - 9b6fde4f-3239-4bc3-82bd-b2cd2f08e288: The directory /home/runner/work/ozone/ozone/hadoop-ozone/integration-test/target/test-dir/MiniOzoneClusterImpl-aff9c889-8dd2-4f79-ab57-76a0adc13766/datanode-3/data/ratis/tmp is not a group directory; ignoring it. 
2024-02-06 10:02:40,809 [main] INFO  replication.ReplicationServer (ReplicationServer.java:<init>(86)) - Initializing replication server with thread count = 10 queue length = 4096
2024-02-06 10:02:40,809 [main] INFO  server.XceiverServerGrpc (XceiverServerGrpc.java:<init>(141)) - GrpcServer channel type EpollServerSocketChannel
2024-02-06 10:02:40,811 [main] INFO  replication.ReplicationSupervisor (ReplicationSupervisor.java:build(163)) - Initializing replication supervisor with thread count = 10
2024-02-06 10:02:40,811 [main] INFO  replication.ReplicationSupervisor (ReplicationSupervisor.java:nodeStateUpdated(317)) - Node state updated to IN_SERVICE, scaling executor pool size to 10
2024-02-06 10:02:40,813 [main] INFO  http.BaseHttpServer (BaseHttpServer.java:newHttpServer2BuilderForOzone(223)) - Starting Web-server for hddsDatanode at: http://0.0.0.0:15125
2024-02-06 10:02:40,813 [main] INFO  http.BaseHttpServer (BaseHttpServer.java:<init>(110)) - Hadoop Security Enabled: false Ozone Security Enabled: false Ozone HTTP Security Enabled: false 
2024-02-06 10:02:40,814 [main] WARN  server.AuthenticationFilter (AuthenticationFilter.java:constructSecretProvider(240)) - Unable to initialize FileSignerSecretProvider, falling back to use random secrets. Reason: Could not read signature secret file: /home/runner/hadoop-http-auth-signature-secret
2024-02-06 10:02:40,814 [main] INFO  http.HttpRequestLog (HttpRequestLog.java:getRequestLog(86)) - Http request log for http.requests.hddsDatanode is not defined
2024-02-06 10:02:40,815 [main] INFO  http.HttpServer2 (HttpServer2.java:addGlobalFilter(1036)) - Added global filter 'safety' (class=org.apache.hadoop.hdds.server.http.HttpServer2$QuotingInputFilter)
2024-02-06 10:02:40,816 [main] INFO  http.HttpServer2 (HttpServer2.java:addFilter(1012)) - Added filter static_user_filter (class=org.apache.hadoop.http.lib.StaticUserWebFilter$StaticUserFilter) to context hddsDatanode
2024-02-06 10:02:40,816 [main] INFO  http.HttpServer2 (HttpServer2.java:addFilter(1020)) - Added filter static_user_filter (class=org.apache.hadoop.http.lib.StaticUserWebFilter$StaticUserFilter) to context static
2024-02-06 10:02:40,816 [main] INFO  http.HttpServer2 (HttpServer2.java:addFilter(1020)) - Added filter static_user_filter (class=org.apache.hadoop.http.lib.StaticUserWebFilter$StaticUserFilter) to context logs
2024-02-06 10:02:40,817 [main] INFO  http.BaseHttpServer (BaseHttpServer.java:<init>(189)) - HTTP server of hddsDatanode uses base directory /home/runner/work/ozone/ozone/hadoop-ozone/integration-test/target/test-dir/MiniOzoneClusterImpl-aff9c889-8dd2-4f79-ab57-76a0adc13766/datanode-3/meta/webserver
2024-02-06 10:02:40,817 [main] INFO  http.HttpServer2 (HttpServer2.java:bindListener(1236)) - Jetty bound to port 15125
2024-02-06 10:02:40,817 [main] INFO  server.Server (Server.java:doStart(375)) - jetty-9.4.53.v20231009; built: 2023-10-09T12:29:09.265Z; git: 27bde00a0b95a1d5bbee0eae7984f891d2d0f8c9; jvm 1.8.0_402-b06
2024-02-06 10:02:40,818 [main] INFO  server.session (DefaultSessionIdManager.java:doStart(334)) - DefaultSessionIdManager workerName=node0
2024-02-06 10:02:40,818 [main] INFO  server.session (DefaultSessionIdManager.java:doStart(339)) - No SessionScavenger set, using defaults
2024-02-06 10:02:40,819 [main] INFO  server.session (HouseKeeper.java:startScavenging(132)) - node0 Scavenging every 600000ms
2024-02-06 10:02:40,819 [main] INFO  handler.ContextHandler (ContextHandler.java:doStart(921)) - Started o.e.j.s.ServletContextHandler@79caf80c{logs,/logs,file:///home/runner/work/ozone/ozone/hadoop-ozone/integration-test/target/log,AVAILABLE}
2024-02-06 10:02:40,820 [main] INFO  handler.ContextHandler (ContextHandler.java:doStart(921)) - Started o.e.j.s.ServletContextHandler@2c69af89{static,/static,jar:file:/home/runner/.m2/repository/org/apache/ozone/hdds-container-service/1.5.0-SNAPSHOT/hdds-container-service-1.5.0-SNAPSHOT.jar!/webapps/static,AVAILABLE}
2024-02-06 10:02:40,854 [main] INFO  handler.ContextHandler (ContextHandler.java:doStart(921)) - Started o.e.j.w.WebAppContext@101c9c6b{hddsDatanode,/,file:///home/runner/work/ozone/ozone/hadoop-ozone/integration-test/target/test-dir/MiniOzoneClusterImpl-aff9c889-8dd2-4f79-ab57-76a0adc13766/datanode-3/meta/webserver/jetty-0_0_0_0-15125-hdds-container-service-1_5_0-SNAPSHOT_jar-_-any-4662076984711609126/webapp/,AVAILABLE}{jar:file:/home/runner/.m2/repository/org/apache/ozone/hdds-container-service/1.5.0-SNAPSHOT/hdds-container-service-1.5.0-SNAPSHOT.jar!/webapps/hddsDatanode}
2024-02-06 10:02:40,856 [main] INFO  server.AbstractConnector (AbstractConnector.java:doStart(333)) - Started ServerConnector@43322e52{HTTP/1.1, (http/1.1)}{0.0.0.0:15125}
2024-02-06 10:02:40,856 [main] INFO  server.Server (Server.java:doStart(415)) - Started @42905ms
2024-02-06 10:02:40,856 [main] WARN  impl.MetricsSystemImpl (MetricsSystemImpl.java:register(279)) - Sink prometheus already exists!
2024-02-06 10:02:40,856 [main] INFO  http.BaseHttpServer (BaseHttpServer.java:updateConnectorAddress(354)) - HTTP server of hddsDatanode listening at http://0.0.0.0:15125
2024-02-06 10:02:40,857 [main] INFO  ipc.CallQueueManager (CallQueueManager.java:<init>(90)) - Using callQueue: class java.util.concurrent.LinkedBlockingQueue, queueCapacity: 100, scheduler: class org.apache.hadoop.ipc.DefaultRpcScheduler, ipcBackoff: false.
2024-02-06 10:02:40,857 [main] INFO  ipc.Server (Server.java:<init>(1287)) - Listener at 0.0.0.0:15126
2024-02-06 10:02:40,857 [Socket Reader #1 for port 15126] INFO  ipc.Server (Server.java:run(1323)) - Starting Socket Reader #1 for port 15126
2024-02-06 10:02:40,859 [main] INFO  ozone.HddsDatanodeService (HddsDatanodeService.java:start(327)) - Datanode start with admins: [runner]
2024-02-06 10:02:40,859 [main] INFO  ozone.HddsDatanodeClientProtocolServer (HddsDatanodeClientProtocolServer.java:start(72)) - RPC server for Client /0.0.0.0:15126
2024-02-06 10:02:40,860 [IPC Server Responder] INFO  ipc.Server (Server.java:run(1562)) - IPC Server Responder: starting
2024-02-06 10:02:40,861 [IPC Server listener on 15126] INFO  ipc.Server (Server.java:run(1402)) - IPC Server listener on 15126: starting
2024-02-06 10:02:40,862 [9b6fde4f-3239-4bc3-82bd-b2cd2f08e288-DatanodeStateMachineDaemonThread] INFO  statemachine.DatanodeStateMachine (DatanodeStateMachine.java:lambda$startDaemon$1(555)) - Ozone container server started.
2024-02-06 10:02:40,861 [main] WARN  dropwizard3.Dm3MetricRegistriesImpl (Dm3MetricRegistriesImpl.java:addReporterRegistration(113)) - New reporters are added after registries were created. Some metrics will be missing from the reporter. Please add reporter before adding any new registry.
2024-02-06 10:02:40,863 [main] WARN  dropwizard3.Dm3MetricRegistriesImpl (Dm3MetricRegistriesImpl.java:addReporterRegistration(113)) - New reporters are added after registries were created. Some metrics will be missing from the reporter. Please add reporter before adding any new registry.
2024-02-06 10:02:40,863 [main] INFO  impl.MetricsSystemImpl (MetricsSystemImpl.java:init(158)) - HddsDatanode metrics system started (again)
2024-02-06 10:02:40,875 [main] INFO  ozone.HddsDatanodeService (HddsDatanodeService.java:start(240)) - HddsDatanodeService host:fv-az776-296 ip:10.1.0.5
2024-02-06 10:02:40,877 [9b6fde4f-3239-4bc3-82bd-b2cd2f08e288-DatanodeStateMachineTaskThread-0] INFO  datanode.InitDatanodeState (InitDatanodeState.java:persistContainerDatanodeDetails(139)) - DatanodeDetails is persisted to /home/runner/work/ozone/ozone/hadoop-ozone/integration-test/target/test-dir/MiniOzoneClusterImpl-aff9c889-8dd2-4f79-ab57-76a0adc13766/datanode-3/meta/datanode.id
2024-02-06 10:02:40,898 [main] INFO  upgrade.AbstractLayoutVersionManager (AbstractLayoutVersionManager.java:init(83)) - Initializing Layout version manager with metadata layout = HADOOP_PRC_PORTS_IN_DATANODEDETAILS (version = 7), software layout = HADOOP_PRC_PORTS_IN_DATANODEDETAILS (version = 7)
2024-02-06 10:02:40,899 [main] INFO  statemachine.DatanodeStateMachine (DatanodeStateMachine.java:getEndPointTaskThreadPoolSize(299)) - Datanode State Machine Task Thread Pool size 2
2024-02-06 10:02:40,901 [main] INFO  volume.HddsVolume (HddsVolume.java:<init>(125)) - Creating HddsVolume: /home/runner/work/ozone/ozone/hadoop-ozone/integration-test/target/test-dir/MiniOzoneClusterImpl-aff9c889-8dd2-4f79-ab57-76a0adc13766/datanode-4/data-0/containers/hdds of storage type : DISK capacity : 9223372036854775807
2024-02-06 10:02:40,901 [main] INFO  volume.MutableVolumeSet (MutableVolumeSet.java:initializeVolumeSet(173)) - Added Volume : /home/runner/work/ozone/ozone/hadoop-ozone/integration-test/target/test-dir/MiniOzoneClusterImpl-aff9c889-8dd2-4f79-ab57-76a0adc13766/datanode-4/data-0/containers/hdds to VolumeSet
2024-02-06 10:02:40,902 [main] INFO  volume.MutableVolumeSet (MutableVolumeSet.java:initializeVolumeSet(173)) - Added Volume : /home/runner/work/ozone/ozone/hadoop-ozone/integration-test/target/test-dir/MiniOzoneClusterImpl-aff9c889-8dd2-4f79-ab57-76a0adc13766/datanode-4/data/ratis to VolumeSet
2024-02-06 10:02:40,902 [main] INFO  ozoneimpl.OzoneContainer (HddsVolumeUtil.java:loadAllHddsVolumeDbStore(103)) - Load 1 volumes DbStore cost: 0ms
2024-02-06 10:02:40,904 [main] INFO  server.RaftServer (ConfUtils.java:logGet(46)) - raft.rpc.type = GRPC (default)
2024-02-06 10:02:40,905 [main] INFO  grpc.GrpcConfigKeys (ConfUtils.java:logFallback(53)) - raft.grpc.admin.host = null (fallback to raft.grpc.server.host)
2024-02-06 10:02:40,905 [main] INFO  grpc.GrpcConfigKeys (ConfUtils.java:logGet(46)) - raft.grpc.admin.port = 15138 (custom)
2024-02-06 10:02:40,905 [main] INFO  grpc.GrpcConfigKeys (ConfUtils.java:logFallback(53)) - raft.grpc.client.host = null (fallback to raft.grpc.server.host)
2024-02-06 10:02:40,905 [main] INFO  grpc.GrpcConfigKeys (ConfUtils.java:logGet(46)) - raft.grpc.client.port = 15137 (custom)
2024-02-06 10:02:40,905 [main] INFO  grpc.GrpcConfigKeys (ConfUtils.java:logGet(46)) - raft.grpc.server.host = null (default)
2024-02-06 10:02:40,906 [main] INFO  grpc.GrpcConfigKeys (ConfUtils.java:logGet(46)) - raft.grpc.server.port = 15139 (custom)
2024-02-06 10:02:40,906 [main] INFO  server.GrpcService (ConfUtils.java:logGet(46)) - raft.grpc.message.size.max = 32MB (=33554432) (custom)
2024-02-06 10:02:40,906 [main] INFO  server.RaftServerConfigKeys (ConfUtils.java:logGet(46)) - raft.server.log.appender.buffer.byte-limit = 8388608 (custom)
2024-02-06 10:02:40,906 [main] INFO  server.GrpcService (ConfUtils.java:logGet(46)) - raft.grpc.flow.control.window = 5MB (=5242880) (custom)
2024-02-06 10:02:40,906 [main] INFO  server.RaftServerConfigKeys (ConfUtils.java:logGet(46)) - raft.server.rpc.request.timeout = 3000ms (default)
2024-02-06 10:02:40,907 [main] INFO  grpc.GrpcConfigKeys (ConfUtils.java:logGet(46)) - raft.grpc.server.heartbeat.channel = true (default)
2024-02-06 10:02:40,907 [main] INFO  grpc.GrpcConfigKeys (ConfUtils.java:logGet(46)) - raft.grpc.server.async.request.thread.pool.cached = true (default)
2024-02-06 10:02:40,907 [main] INFO  grpc.GrpcConfigKeys (ConfUtils.java:logGet(46)) - raft.grpc.server.async.request.thread.pool.size = 32 (default)
2024-02-06 10:02:40,909 [main] INFO  impl.DataStreamServerImpl (ConfUtils.java:logGet(46)) - raft.datastream.type = NETTY (custom)
2024-02-06 10:02:40,910 [main] INFO  server.RaftServerConfigKeys (ConfUtils.java:logGet(46)) - raft.server.data-stream.async.request.thread.pool.cached = false (default)
2024-02-06 10:02:40,910 [main] INFO  server.RaftServerConfigKeys (ConfUtils.java:logGet(46)) - raft.server.data-stream.async.request.thread.pool.size = 20 (custom)
2024-02-06 10:02:40,910 [main] INFO  server.RaftServerConfigKeys (ConfUtils.java:logGet(46)) - raft.server.data-stream.async.write.thread.pool.size = 16 (default)
2024-02-06 10:02:40,910 [main] INFO  netty.NettyConfigKeys$DataStream (ConfUtils.java:logGet(46)) - raft.netty.dataStream.server.channel.inactive.grace-period = 10min (default)
2024-02-06 10:02:40,910 [main] INFO  server.RaftServerConfigKeys (ConfUtils.java:logGet(46)) - raft.server.data-stream.client.pool.size = 10 (default)
2024-02-06 10:02:40,910 [main] INFO  netty.NettyConfigKeys$DataStream (ConfUtils.java:logGet(46)) - raft.netty.dataStream.server.use-epoll = true (default)
2024-02-06 10:02:40,910 [main] INFO  netty.NettyConfigKeys$DataStream (ConfUtils.java:logGet(46)) - raft.netty.dataStream.server.boss-group.size = 0 (default)
2024-02-06 10:02:40,911 [main] INFO  netty.NettyUtils (NettyUtils.java:newEventLoopGroup(69)) - Create EpollEventLoopGroup for fc33255d-a8b6-4933-b6d6-be3a7bd24e4a-NettyServerStreamRpc-bossGroup; Thread size is 0.
2024-02-06 10:02:40,911 [main] INFO  netty.NettyConfigKeys$DataStream (ConfUtils.java:logGet(46)) - raft.netty.dataStream.server.worker-group.size = 0 (default)
2024-02-06 10:02:40,911 [main] INFO  netty.NettyUtils (NettyUtils.java:newEventLoopGroup(69)) - Create EpollEventLoopGroup for fc33255d-a8b6-4933-b6d6-be3a7bd24e4a-NettyServerStreamRpc-workerGroup; Thread size is 0.
2024-02-06 10:02:40,912 [main] INFO  netty.NettyConfigKeys$DataStream (ConfUtils.java:logGet(46)) - raft.netty.dataStream.server.tls.conf = null (default)
2024-02-06 10:02:40,912 [main] INFO  netty.NettyConfigKeys$DataStream (ConfUtils.java:logGet(46)) - raft.netty.dataStream.host = null (default)
2024-02-06 10:02:40,912 [main] INFO  netty.NettyConfigKeys$DataStream (ConfUtils.java:logGet(46)) - raft.netty.dataStream.port = 15140 (custom)
2024-02-06 10:02:40,913 [main] INFO  server.RaftServerConfigKeys (ConfUtils.java:logGet(46)) - raft.server.sleep.deviation.threshold = 300ms (default)
2024-02-06 10:02:40,913 [main] INFO  server.RaftServerConfigKeys (ConfUtils.java:logGet(46)) - raft.server.close.threshold = 60s (default)
2024-02-06 10:02:40,913 [main] INFO  server.RaftServerConfigKeys (ConfUtils.java:logGet(46)) - raft.server.leaderelection.leader.step-down.wait-time = 10s (default)
2024-02-06 10:02:40,914 [main] INFO  server.RaftServerConfigKeys (ConfUtils.java:logGet(46)) - raft.server.storage.dir = [/home/runner/work/ozone/ozone/hadoop-ozone/integration-test/target/test-dir/MiniOzoneClusterImpl-aff9c889-8dd2-4f79-ab57-76a0adc13766/datanode-4/data/ratis] (custom)
2024-02-06 10:02:40,914 [main] INFO  server.RaftServerConfigKeys (ConfUtils.java:logGet(46)) - raft.server.threadpool.proxy.cached = true (default)
2024-02-06 10:02:40,914 [main] INFO  server.RaftServerConfigKeys (ConfUtils.java:logGet(46)) - raft.server.threadpool.proxy.size = 0 (default)
2024-02-06 10:02:40,915 [fc33255d-a8b6-4933-b6d6-be3a7bd24e4a-NettyServerStreamRpc-bossGroup--thread1] INFO  logging.LoggingHandler (AbstractInternalLogger.java:log(148)) - [id: 0x94eff276] REGISTERED
2024-02-06 10:02:40,915 [fc33255d-a8b6-4933-b6d6-be3a7bd24e4a-NettyServerStreamRpc-bossGroup--thread1] INFO  logging.LoggingHandler (AbstractInternalLogger.java:log(148)) - [id: 0x94eff276] BIND: 0.0.0.0/0.0.0.0:15140
2024-02-06 10:02:40,916 [fc33255d-a8b6-4933-b6d6-be3a7bd24e4a-NettyServerStreamRpc-bossGroup--thread1] INFO  logging.LoggingHandler (AbstractInternalLogger.java:log(148)) - [id: 0x94eff276, L:/0.0.0.0:15140] ACTIVE
2024-02-06 10:02:40,917 [fc33255d-a8b6-4933-b6d6-be3a7bd24e4a-impl-thread1] INFO  server.RaftServer (RaftServerProxy.java:initGroupDir(264)) - fc33255d-a8b6-4933-b6d6-be3a7bd24e4a: found a subdirectory /home/runner/work/ozone/ozone/hadoop-ozone/integration-test/target/test-dir/MiniOzoneClusterImpl-aff9c889-8dd2-4f79-ab57-76a0adc13766/datanode-4/data/ratis/tmp
2024-02-06 10:02:40,917 [fc33255d-a8b6-4933-b6d6-be3a7bd24e4a-impl-thread1] INFO  server.RaftServer (RaftServerProxy.java:initGroupDir(269)) - fc33255d-a8b6-4933-b6d6-be3a7bd24e4a: The directory /home/runner/work/ozone/ozone/hadoop-ozone/integration-test/target/test-dir/MiniOzoneClusterImpl-aff9c889-8dd2-4f79-ab57-76a0adc13766/datanode-4/data/ratis/tmp is not a group directory; ignoring it. 
2024-02-06 10:02:40,917 [main] INFO  replication.ReplicationServer (ReplicationServer.java:<init>(86)) - Initializing replication server with thread count = 10 queue length = 4096
2024-02-06 10:02:40,918 [main] INFO  server.XceiverServerGrpc (XceiverServerGrpc.java:<init>(141)) - GrpcServer channel type EpollServerSocketChannel
2024-02-06 10:02:40,920 [main] INFO  replication.ReplicationSupervisor (ReplicationSupervisor.java:build(163)) - Initializing replication supervisor with thread count = 10
2024-02-06 10:02:40,920 [main] INFO  replication.ReplicationSupervisor (ReplicationSupervisor.java:nodeStateUpdated(317)) - Node state updated to IN_SERVICE, scaling executor pool size to 10
2024-02-06 10:02:40,926 [main] INFO  http.BaseHttpServer (BaseHttpServer.java:newHttpServer2BuilderForOzone(223)) - Starting Web-server for hddsDatanode at: http://0.0.0.0:15134
2024-02-06 10:02:40,926 [main] INFO  http.BaseHttpServer (BaseHttpServer.java:<init>(110)) - Hadoop Security Enabled: false Ozone Security Enabled: false Ozone HTTP Security Enabled: false 
2024-02-06 10:02:40,927 [main] WARN  server.AuthenticationFilter (AuthenticationFilter.java:constructSecretProvider(240)) - Unable to initialize FileSignerSecretProvider, falling back to use random secrets. Reason: Could not read signature secret file: /home/runner/hadoop-http-auth-signature-secret
2024-02-06 10:02:40,929 [main] INFO  http.HttpRequestLog (HttpRequestLog.java:getRequestLog(86)) - Http request log for http.requests.hddsDatanode is not defined
2024-02-06 10:02:40,930 [main] INFO  http.HttpServer2 (HttpServer2.java:addGlobalFilter(1036)) - Added global filter 'safety' (class=org.apache.hadoop.hdds.server.http.HttpServer2$QuotingInputFilter)
2024-02-06 10:02:40,931 [main] INFO  http.HttpServer2 (HttpServer2.java:addFilter(1012)) - Added filter static_user_filter (class=org.apache.hadoop.http.lib.StaticUserWebFilter$StaticUserFilter) to context hddsDatanode
2024-02-06 10:02:40,931 [main] INFO  http.HttpServer2 (HttpServer2.java:addFilter(1020)) - Added filter static_user_filter (class=org.apache.hadoop.http.lib.StaticUserWebFilter$StaticUserFilter) to context static
2024-02-06 10:02:40,931 [main] INFO  http.HttpServer2 (HttpServer2.java:addFilter(1020)) - Added filter static_user_filter (class=org.apache.hadoop.http.lib.StaticUserWebFilter$StaticUserFilter) to context logs
2024-02-06 10:02:40,932 [main] INFO  http.BaseHttpServer (BaseHttpServer.java:<init>(189)) - HTTP server of hddsDatanode uses base directory /home/runner/work/ozone/ozone/hadoop-ozone/integration-test/target/test-dir/MiniOzoneClusterImpl-aff9c889-8dd2-4f79-ab57-76a0adc13766/datanode-4/meta/webserver
2024-02-06 10:02:40,932 [main] INFO  http.HttpServer2 (HttpServer2.java:bindListener(1236)) - Jetty bound to port 15134
2024-02-06 10:02:40,932 [main] INFO  server.Server (Server.java:doStart(375)) - jetty-9.4.53.v20231009; built: 2023-10-09T12:29:09.265Z; git: 27bde00a0b95a1d5bbee0eae7984f891d2d0f8c9; jvm 1.8.0_402-b06
2024-02-06 10:02:40,933 [main] INFO  server.session (DefaultSessionIdManager.java:doStart(334)) - DefaultSessionIdManager workerName=node0
2024-02-06 10:02:40,934 [main] INFO  server.session (DefaultSessionIdManager.java:doStart(339)) - No SessionScavenger set, using defaults
2024-02-06 10:02:40,934 [main] INFO  server.session (HouseKeeper.java:startScavenging(132)) - node0 Scavenging every 660000ms
2024-02-06 10:02:40,935 [main] INFO  handler.ContextHandler (ContextHandler.java:doStart(921)) - Started o.e.j.s.ServletContextHandler@592d49d2{logs,/logs,file:///home/runner/work/ozone/ozone/hadoop-ozone/integration-test/target/log,AVAILABLE}
2024-02-06 10:02:40,935 [main] INFO  handler.ContextHandler (ContextHandler.java:doStart(921)) - Started o.e.j.s.ServletContextHandler@3e939338{static,/static,jar:file:/home/runner/.m2/repository/org/apache/ozone/hdds-container-service/1.5.0-SNAPSHOT/hdds-container-service-1.5.0-SNAPSHOT.jar!/webapps/static,AVAILABLE}
2024-02-06 10:02:40,982 [main] INFO  handler.ContextHandler (ContextHandler.java:doStart(921)) - Started o.e.j.w.WebAppContext@3d2e59c{hddsDatanode,/,file:///home/runner/work/ozone/ozone/hadoop-ozone/integration-test/target/test-dir/MiniOzoneClusterImpl-aff9c889-8dd2-4f79-ab57-76a0adc13766/datanode-4/meta/webserver/jetty-0_0_0_0-15134-hdds-container-service-1_5_0-SNAPSHOT_jar-_-any-5413706851864788225/webapp/,AVAILABLE}{jar:file:/home/runner/.m2/repository/org/apache/ozone/hdds-container-service/1.5.0-SNAPSHOT/hdds-container-service-1.5.0-SNAPSHOT.jar!/webapps/hddsDatanode}
2024-02-06 10:02:40,985 [main] INFO  server.AbstractConnector (AbstractConnector.java:doStart(333)) - Started ServerConnector@134f9b9f{HTTP/1.1, (http/1.1)}{0.0.0.0:15134}
2024-02-06 10:02:40,985 [main] INFO  server.Server (Server.java:doStart(415)) - Started @43034ms
2024-02-06 10:02:40,985 [main] WARN  impl.MetricsSystemImpl (MetricsSystemImpl.java:register(279)) - Sink prometheus already exists!
2024-02-06 10:02:40,986 [main] INFO  http.BaseHttpServer (BaseHttpServer.java:updateConnectorAddress(354)) - HTTP server of hddsDatanode listening at http://0.0.0.0:15134
2024-02-06 10:02:40,986 [main] INFO  ipc.CallQueueManager (CallQueueManager.java:<init>(90)) - Using callQueue: class java.util.concurrent.LinkedBlockingQueue, queueCapacity: 100, scheduler: class org.apache.hadoop.ipc.DefaultRpcScheduler, ipcBackoff: false.
2024-02-06 10:02:40,987 [main] INFO  ipc.Server (Server.java:<init>(1287)) - Listener at 0.0.0.0:15135
2024-02-06 10:02:40,987 [Socket Reader #1 for port 15135] INFO  ipc.Server (Server.java:run(1323)) - Starting Socket Reader #1 for port 15135
2024-02-06 10:02:40,989 [main] INFO  ozone.HddsDatanodeService (HddsDatanodeService.java:start(327)) - Datanode start with admins: [runner]
2024-02-06 10:02:40,989 [main] INFO  ozone.HddsDatanodeClientProtocolServer (HddsDatanodeClientProtocolServer.java:start(72)) - RPC server for Client /0.0.0.0:15135
2024-02-06 10:02:40,989 [IPC Server Responder] INFO  ipc.Server (Server.java:run(1562)) - IPC Server Responder: starting
2024-02-06 10:02:40,993 [IPC Server listener on 15135] INFO  ipc.Server (Server.java:run(1402)) - IPC Server listener on 15135: starting
2024-02-06 10:02:40,998 [fc33255d-a8b6-4933-b6d6-be3a7bd24e4a-DatanodeStateMachineDaemonThread] INFO  statemachine.DatanodeStateMachine (DatanodeStateMachine.java:lambda$startDaemon$1(555)) - Ozone container server started.
2024-02-06 10:02:41,001 [main] WARN  dropwizard3.Dm3MetricRegistriesImpl (Dm3MetricRegistriesImpl.java:addReporterRegistration(113)) - New reporters are added after registries were created. Some metrics will be missing from the reporter. Please add reporter before adding any new registry.
2024-02-06 10:02:41,001 [main] WARN  dropwizard3.Dm3MetricRegistriesImpl (Dm3MetricRegistriesImpl.java:addReporterRegistration(113)) - New reporters are added after registries were created. Some metrics will be missing from the reporter. Please add reporter before adding any new registry.
2024-02-06 10:02:41,002 [main] INFO  impl.MetricsSystemImpl (MetricsSystemImpl.java:init(158)) - HddsDatanode metrics system started (again)
2024-02-06 10:02:41,016 [main] INFO  ozone.HddsDatanodeService (HddsDatanodeService.java:start(240)) - HddsDatanodeService host:fv-az776-296 ip:10.1.0.5
2024-02-06 10:02:41,018 [fc33255d-a8b6-4933-b6d6-be3a7bd24e4a-DatanodeStateMachineTaskThread-0] INFO  datanode.InitDatanodeState (InitDatanodeState.java:persistContainerDatanodeDetails(139)) - DatanodeDetails is persisted to /home/runner/work/ozone/ozone/hadoop-ozone/integration-test/target/test-dir/MiniOzoneClusterImpl-aff9c889-8dd2-4f79-ab57-76a0adc13766/datanode-4/meta/datanode.id
2024-02-06 10:02:41,039 [main] INFO  upgrade.AbstractLayoutVersionManager (AbstractLayoutVersionManager.java:init(83)) - Initializing Layout version manager with metadata layout = HADOOP_PRC_PORTS_IN_DATANODEDETAILS (version = 7), software layout = HADOOP_PRC_PORTS_IN_DATANODEDETAILS (version = 7)
2024-02-06 10:02:41,039 [main] INFO  statemachine.DatanodeStateMachine (DatanodeStateMachine.java:getEndPointTaskThreadPoolSize(299)) - Datanode State Machine Task Thread Pool size 2
2024-02-06 10:02:41,040 [main] INFO  volume.HddsVolume (HddsVolume.java:<init>(125)) - Creating HddsVolume: /home/runner/work/ozone/ozone/hadoop-ozone/integration-test/target/test-dir/MiniOzoneClusterImpl-aff9c889-8dd2-4f79-ab57-76a0adc13766/datanode-5/data-0/containers/hdds of storage type : DISK capacity : 9223372036854775807
2024-02-06 10:02:41,040 [main] INFO  volume.MutableVolumeSet (MutableVolumeSet.java:initializeVolumeSet(173)) - Added Volume : /home/runner/work/ozone/ozone/hadoop-ozone/integration-test/target/test-dir/MiniOzoneClusterImpl-aff9c889-8dd2-4f79-ab57-76a0adc13766/datanode-5/data-0/containers/hdds to VolumeSet
2024-02-06 10:02:41,041 [main] INFO  volume.MutableVolumeSet (MutableVolumeSet.java:initializeVolumeSet(173)) - Added Volume : /home/runner/work/ozone/ozone/hadoop-ozone/integration-test/target/test-dir/MiniOzoneClusterImpl-aff9c889-8dd2-4f79-ab57-76a0adc13766/datanode-5/data/ratis to VolumeSet
2024-02-06 10:02:41,041 [main] INFO  ozoneimpl.OzoneContainer (HddsVolumeUtil.java:loadAllHddsVolumeDbStore(103)) - Load 1 volumes DbStore cost: 0ms
2024-02-06 10:02:41,043 [main] INFO  server.RaftServer (ConfUtils.java:logGet(46)) - raft.rpc.type = GRPC (default)
2024-02-06 10:02:41,043 [main] INFO  grpc.GrpcConfigKeys (ConfUtils.java:logFallback(53)) - raft.grpc.admin.host = null (fallback to raft.grpc.server.host)
2024-02-06 10:02:41,043 [main] INFO  grpc.GrpcConfigKeys (ConfUtils.java:logGet(46)) - raft.grpc.admin.port = 15147 (custom)
2024-02-06 10:02:41,043 [main] INFO  grpc.GrpcConfigKeys (ConfUtils.java:logFallback(53)) - raft.grpc.client.host = null (fallback to raft.grpc.server.host)
2024-02-06 10:02:41,043 [main] INFO  grpc.GrpcConfigKeys (ConfUtils.java:logGet(46)) - raft.grpc.client.port = 15146 (custom)
2024-02-06 10:02:41,044 [main] INFO  grpc.GrpcConfigKeys (ConfUtils.java:logGet(46)) - raft.grpc.server.host = null (default)
2024-02-06 10:02:41,044 [main] INFO  grpc.GrpcConfigKeys (ConfUtils.java:logGet(46)) - raft.grpc.server.port = 15148 (custom)
2024-02-06 10:02:41,044 [main] INFO  server.GrpcService (ConfUtils.java:logGet(46)) - raft.grpc.message.size.max = 32MB (=33554432) (custom)
2024-02-06 10:02:41,044 [main] INFO  server.RaftServerConfigKeys (ConfUtils.java:logGet(46)) - raft.server.log.appender.buffer.byte-limit = 8388608 (custom)
2024-02-06 10:02:41,044 [main] INFO  server.GrpcService (ConfUtils.java:logGet(46)) - raft.grpc.flow.control.window = 5MB (=5242880) (custom)
2024-02-06 10:02:41,044 [main] INFO  server.RaftServerConfigKeys (ConfUtils.java:logGet(46)) - raft.server.rpc.request.timeout = 3000ms (default)
2024-02-06 10:02:41,044 [main] INFO  grpc.GrpcConfigKeys (ConfUtils.java:logGet(46)) - raft.grpc.server.heartbeat.channel = true (default)
2024-02-06 10:02:41,044 [main] INFO  grpc.GrpcConfigKeys (ConfUtils.java:logGet(46)) - raft.grpc.server.async.request.thread.pool.cached = true (default)
2024-02-06 10:02:41,044 [main] INFO  grpc.GrpcConfigKeys (ConfUtils.java:logGet(46)) - raft.grpc.server.async.request.thread.pool.size = 32 (default)
2024-02-06 10:02:41,046 [main] INFO  impl.DataStreamServerImpl (ConfUtils.java:logGet(46)) - raft.datastream.type = NETTY (custom)
2024-02-06 10:02:41,046 [main] INFO  server.RaftServerConfigKeys (ConfUtils.java:logGet(46)) - raft.server.data-stream.async.request.thread.pool.cached = false (default)
2024-02-06 10:02:41,047 [main] INFO  server.RaftServerConfigKeys (ConfUtils.java:logGet(46)) - raft.server.data-stream.async.request.thread.pool.size = 20 (custom)
2024-02-06 10:02:41,047 [main] INFO  server.RaftServerConfigKeys (ConfUtils.java:logGet(46)) - raft.server.data-stream.async.write.thread.pool.size = 16 (default)
2024-02-06 10:02:41,047 [main] INFO  netty.NettyConfigKeys$DataStream (ConfUtils.java:logGet(46)) - raft.netty.dataStream.server.channel.inactive.grace-period = 10min (default)
2024-02-06 10:02:41,047 [main] INFO  server.RaftServerConfigKeys (ConfUtils.java:logGet(46)) - raft.server.data-stream.client.pool.size = 10 (default)
2024-02-06 10:02:41,047 [main] INFO  netty.NettyConfigKeys$DataStream (ConfUtils.java:logGet(46)) - raft.netty.dataStream.server.use-epoll = true (default)
2024-02-06 10:02:41,047 [main] INFO  netty.NettyConfigKeys$DataStream (ConfUtils.java:logGet(46)) - raft.netty.dataStream.server.boss-group.size = 0 (default)
2024-02-06 10:02:41,047 [main] INFO  netty.NettyUtils (NettyUtils.java:newEventLoopGroup(69)) - Create EpollEventLoopGroup for 4a798287-2ddb-4f45-a758-72f424bfa3c7-NettyServerStreamRpc-bossGroup; Thread size is 0.
2024-02-06 10:02:41,048 [main] INFO  netty.NettyConfigKeys$DataStream (ConfUtils.java:logGet(46)) - raft.netty.dataStream.server.worker-group.size = 0 (default)
2024-02-06 10:02:41,048 [main] INFO  netty.NettyUtils (NettyUtils.java:newEventLoopGroup(69)) - Create EpollEventLoopGroup for 4a798287-2ddb-4f45-a758-72f424bfa3c7-NettyServerStreamRpc-workerGroup; Thread size is 0.
2024-02-06 10:02:41,048 [main] INFO  netty.NettyConfigKeys$DataStream (ConfUtils.java:logGet(46)) - raft.netty.dataStream.server.tls.conf = null (default)
2024-02-06 10:02:41,049 [main] INFO  netty.NettyConfigKeys$DataStream (ConfUtils.java:logGet(46)) - raft.netty.dataStream.host = null (default)
2024-02-06 10:02:41,049 [main] INFO  netty.NettyConfigKeys$DataStream (ConfUtils.java:logGet(46)) - raft.netty.dataStream.port = 15149 (custom)
2024-02-06 10:02:41,049 [main] INFO  server.RaftServerConfigKeys (ConfUtils.java:logGet(46)) - raft.server.sleep.deviation.threshold = 300ms (default)
2024-02-06 10:02:41,050 [4a798287-2ddb-4f45-a758-72f424bfa3c7-NettyServerStreamRpc-bossGroup--thread1] INFO  logging.LoggingHandler (AbstractInternalLogger.java:log(148)) - [id: 0xc5a24f80] REGISTERED
2024-02-06 10:02:41,050 [main] INFO  server.RaftServerConfigKeys (ConfUtils.java:logGet(46)) - raft.server.close.threshold = 60s (default)
2024-02-06 10:02:41,050 [4a798287-2ddb-4f45-a758-72f424bfa3c7-NettyServerStreamRpc-bossGroup--thread1] INFO  logging.LoggingHandler (AbstractInternalLogger.java:log(148)) - [id: 0xc5a24f80] BIND: 0.0.0.0/0.0.0.0:15149
2024-02-06 10:02:41,050 [main] INFO  server.RaftServerConfigKeys (ConfUtils.java:logGet(46)) - raft.server.leaderelection.leader.step-down.wait-time = 10s (default)
2024-02-06 10:02:41,050 [main] INFO  server.RaftServerConfigKeys (ConfUtils.java:logGet(46)) - raft.server.storage.dir = [/home/runner/work/ozone/ozone/hadoop-ozone/integration-test/target/test-dir/MiniOzoneClusterImpl-aff9c889-8dd2-4f79-ab57-76a0adc13766/datanode-5/data/ratis] (custom)
2024-02-06 10:02:41,050 [main] INFO  server.RaftServerConfigKeys (ConfUtils.java:logGet(46)) - raft.server.threadpool.proxy.cached = true (default)
2024-02-06 10:02:41,051 [main] INFO  server.RaftServerConfigKeys (ConfUtils.java:logGet(46)) - raft.server.threadpool.proxy.size = 0 (default)
2024-02-06 10:02:41,050 [4a798287-2ddb-4f45-a758-72f424bfa3c7-NettyServerStreamRpc-bossGroup--thread1] INFO  logging.LoggingHandler (AbstractInternalLogger.java:log(148)) - [id: 0xc5a24f80, L:/0.0.0.0:15149] ACTIVE
2024-02-06 10:02:41,051 [4a798287-2ddb-4f45-a758-72f424bfa3c7-impl-thread1] INFO  server.RaftServer (RaftServerProxy.java:initGroupDir(264)) - 4a798287-2ddb-4f45-a758-72f424bfa3c7: found a subdirectory /home/runner/work/ozone/ozone/hadoop-ozone/integration-test/target/test-dir/MiniOzoneClusterImpl-aff9c889-8dd2-4f79-ab57-76a0adc13766/datanode-5/data/ratis/tmp
2024-02-06 10:02:41,052 [4a798287-2ddb-4f45-a758-72f424bfa3c7-impl-thread1] INFO  server.RaftServer (RaftServerProxy.java:initGroupDir(269)) - 4a798287-2ddb-4f45-a758-72f424bfa3c7: The directory /home/runner/work/ozone/ozone/hadoop-ozone/integration-test/target/test-dir/MiniOzoneClusterImpl-aff9c889-8dd2-4f79-ab57-76a0adc13766/datanode-5/data/ratis/tmp is not a group directory; ignoring it. 
2024-02-06 10:02:41,052 [main] INFO  replication.ReplicationServer (ReplicationServer.java:<init>(86)) - Initializing replication server with thread count = 10 queue length = 4096
2024-02-06 10:02:41,053 [main] INFO  server.XceiverServerGrpc (XceiverServerGrpc.java:<init>(141)) - GrpcServer channel type EpollServerSocketChannel
2024-02-06 10:02:41,054 [main] INFO  replication.ReplicationSupervisor (ReplicationSupervisor.java:build(163)) - Initializing replication supervisor with thread count = 10
2024-02-06 10:02:41,054 [main] INFO  replication.ReplicationSupervisor (ReplicationSupervisor.java:nodeStateUpdated(317)) - Node state updated to IN_SERVICE, scaling executor pool size to 10
2024-02-06 10:02:41,056 [main] INFO  http.BaseHttpServer (BaseHttpServer.java:newHttpServer2BuilderForOzone(223)) - Starting Web-server for hddsDatanode at: http://0.0.0.0:15143
2024-02-06 10:02:41,056 [main] INFO  http.BaseHttpServer (BaseHttpServer.java:<init>(110)) - Hadoop Security Enabled: false Ozone Security Enabled: false Ozone HTTP Security Enabled: false 
2024-02-06 10:02:41,057 [main] WARN  server.AuthenticationFilter (AuthenticationFilter.java:constructSecretProvider(240)) - Unable to initialize FileSignerSecretProvider, falling back to use random secrets. Reason: Could not read signature secret file: /home/runner/hadoop-http-auth-signature-secret
2024-02-06 10:02:41,058 [main] INFO  http.HttpRequestLog (HttpRequestLog.java:getRequestLog(86)) - Http request log for http.requests.hddsDatanode is not defined
2024-02-06 10:02:41,059 [main] INFO  http.HttpServer2 (HttpServer2.java:addGlobalFilter(1036)) - Added global filter 'safety' (class=org.apache.hadoop.hdds.server.http.HttpServer2$QuotingInputFilter)
2024-02-06 10:02:41,060 [main] INFO  http.HttpServer2 (HttpServer2.java:addFilter(1012)) - Added filter static_user_filter (class=org.apache.hadoop.http.lib.StaticUserWebFilter$StaticUserFilter) to context hddsDatanode
2024-02-06 10:02:41,060 [main] INFO  http.HttpServer2 (HttpServer2.java:addFilter(1020)) - Added filter static_user_filter (class=org.apache.hadoop.http.lib.StaticUserWebFilter$StaticUserFilter) to context logs
2024-02-06 10:02:41,060 [main] INFO  http.HttpServer2 (HttpServer2.java:addFilter(1020)) - Added filter static_user_filter (class=org.apache.hadoop.http.lib.StaticUserWebFilter$StaticUserFilter) to context static
2024-02-06 10:02:41,061 [main] INFO  http.BaseHttpServer (BaseHttpServer.java:<init>(189)) - HTTP server of hddsDatanode uses base directory /home/runner/work/ozone/ozone/hadoop-ozone/integration-test/target/test-dir/MiniOzoneClusterImpl-aff9c889-8dd2-4f79-ab57-76a0adc13766/datanode-5/meta/webserver
2024-02-06 10:02:41,061 [main] INFO  http.HttpServer2 (HttpServer2.java:bindListener(1236)) - Jetty bound to port 15143
2024-02-06 10:02:41,061 [main] INFO  server.Server (Server.java:doStart(375)) - jetty-9.4.53.v20231009; built: 2023-10-09T12:29:09.265Z; git: 27bde00a0b95a1d5bbee0eae7984f891d2d0f8c9; jvm 1.8.0_402-b06
2024-02-06 10:02:41,062 [main] INFO  server.session (DefaultSessionIdManager.java:doStart(334)) - DefaultSessionIdManager workerName=node0
2024-02-06 10:02:41,062 [main] INFO  server.session (DefaultSessionIdManager.java:doStart(339)) - No SessionScavenger set, using defaults
2024-02-06 10:02:41,063 [main] INFO  server.session (HouseKeeper.java:startScavenging(132)) - node0 Scavenging every 600000ms
2024-02-06 10:02:41,063 [main] INFO  handler.ContextHandler (ContextHandler.java:doStart(921)) - Started o.e.j.s.ServletContextHandler@1c434357{logs,/logs,file:///home/runner/work/ozone/ozone/hadoop-ozone/integration-test/target/log,AVAILABLE}
2024-02-06 10:02:41,064 [main] INFO  handler.ContextHandler (ContextHandler.java:doStart(921)) - Started o.e.j.s.ServletContextHandler@d3b82e4{static,/static,jar:file:/home/runner/.m2/repository/org/apache/ozone/hdds-container-service/1.5.0-SNAPSHOT/hdds-container-service-1.5.0-SNAPSHOT.jar!/webapps/static,AVAILABLE}
2024-02-06 10:02:41,097 [main] INFO  handler.ContextHandler (ContextHandler.java:doStart(921)) - Started o.e.j.w.WebAppContext@7ce29673{hddsDatanode,/,file:///home/runner/work/ozone/ozone/hadoop-ozone/integration-test/target/test-dir/MiniOzoneClusterImpl-aff9c889-8dd2-4f79-ab57-76a0adc13766/datanode-5/meta/webserver/jetty-0_0_0_0-15143-hdds-container-service-1_5_0-SNAPSHOT_jar-_-any-5391305290260030520/webapp/,AVAILABLE}{jar:file:/home/runner/.m2/repository/org/apache/ozone/hdds-container-service/1.5.0-SNAPSHOT/hdds-container-service-1.5.0-SNAPSHOT.jar!/webapps/hddsDatanode}
2024-02-06 10:02:41,099 [main] INFO  server.AbstractConnector (AbstractConnector.java:doStart(333)) - Started ServerConnector@6ea40f83{HTTP/1.1, (http/1.1)}{0.0.0.0:15143}
2024-02-06 10:02:41,099 [main] INFO  server.Server (Server.java:doStart(415)) - Started @43148ms
2024-02-06 10:02:41,099 [main] WARN  impl.MetricsSystemImpl (MetricsSystemImpl.java:register(279)) - Sink prometheus already exists!
2024-02-06 10:02:41,100 [main] INFO  http.BaseHttpServer (BaseHttpServer.java:updateConnectorAddress(354)) - HTTP server of hddsDatanode listening at http://0.0.0.0:15143
2024-02-06 10:02:41,100 [main] INFO  ipc.CallQueueManager (CallQueueManager.java:<init>(90)) - Using callQueue: class java.util.concurrent.LinkedBlockingQueue, queueCapacity: 100, scheduler: class org.apache.hadoop.ipc.DefaultRpcScheduler, ipcBackoff: false.
2024-02-06 10:02:41,100 [main] INFO  ipc.Server (Server.java:<init>(1287)) - Listener at 0.0.0.0:15144
2024-02-06 10:02:41,101 [Socket Reader #1 for port 15144] INFO  ipc.Server (Server.java:run(1323)) - Starting Socket Reader #1 for port 15144
2024-02-06 10:02:41,104 [main] INFO  ozone.HddsDatanodeService (HddsDatanodeService.java:start(327)) - Datanode start with admins: [runner]
2024-02-06 10:02:41,104 [main] INFO  ozone.HddsDatanodeClientProtocolServer (HddsDatanodeClientProtocolServer.java:start(72)) - RPC server for Client /0.0.0.0:15144
2024-02-06 10:02:41,109 [IPC Server Responder] INFO  ipc.Server (Server.java:run(1562)) - IPC Server Responder: starting
2024-02-06 10:02:41,109 [IPC Server listener on 15144] INFO  ipc.Server (Server.java:run(1402)) - IPC Server listener on 15144: starting
2024-02-06 10:02:41,114 [4a798287-2ddb-4f45-a758-72f424bfa3c7-DatanodeStateMachineDaemonThread] INFO  statemachine.DatanodeStateMachine (DatanodeStateMachine.java:lambda$startDaemon$1(555)) - Ozone container server started.
2024-02-06 10:02:41,114 [main] WARN  dropwizard3.Dm3MetricRegistriesImpl (Dm3MetricRegistriesImpl.java:addReporterRegistration(113)) - New reporters are added after registries were created. Some metrics will be missing from the reporter. Please add reporter before adding any new registry.
2024-02-06 10:02:41,114 [main] WARN  dropwizard3.Dm3MetricRegistriesImpl (Dm3MetricRegistriesImpl.java:addReporterRegistration(113)) - New reporters are added after registries were created. Some metrics will be missing from the reporter. Please add reporter before adding any new registry.
2024-02-06 10:02:41,115 [main] INFO  impl.MetricsSystemImpl (MetricsSystemImpl.java:init(158)) - HddsDatanode metrics system started (again)
2024-02-06 10:02:41,119 [4a798287-2ddb-4f45-a758-72f424bfa3c7-DatanodeStateMachineTaskThread-0] INFO  datanode.InitDatanodeState (InitDatanodeState.java:persistContainerDatanodeDetails(139)) - DatanodeDetails is persisted to /home/runner/work/ozone/ozone/hadoop-ozone/integration-test/target/test-dir/MiniOzoneClusterImpl-aff9c889-8dd2-4f79-ab57-76a0adc13766/datanode-5/meta/datanode.id
2024-02-06 10:02:41,125 [main] INFO  ozone.HddsDatanodeService (HddsDatanodeService.java:start(240)) - HddsDatanodeService host:fv-az776-296 ip:10.1.0.5
2024-02-06 10:02:41,144 [main] INFO  upgrade.AbstractLayoutVersionManager (AbstractLayoutVersionManager.java:init(83)) - Initializing Layout version manager with metadata layout = HADOOP_PRC_PORTS_IN_DATANODEDETAILS (version = 7), software layout = HADOOP_PRC_PORTS_IN_DATANODEDETAILS (version = 7)
2024-02-06 10:02:41,145 [main] INFO  statemachine.DatanodeStateMachine (DatanodeStateMachine.java:getEndPointTaskThreadPoolSize(299)) - Datanode State Machine Task Thread Pool size 2
2024-02-06 10:02:41,146 [main] INFO  volume.HddsVolume (HddsVolume.java:<init>(125)) - Creating HddsVolume: /home/runner/work/ozone/ozone/hadoop-ozone/integration-test/target/test-dir/MiniOzoneClusterImpl-aff9c889-8dd2-4f79-ab57-76a0adc13766/datanode-6/data-0/containers/hdds of storage type : DISK capacity : 9223372036854775807
2024-02-06 10:02:41,146 [main] INFO  volume.MutableVolumeSet (MutableVolumeSet.java:initializeVolumeSet(173)) - Added Volume : /home/runner/work/ozone/ozone/hadoop-ozone/integration-test/target/test-dir/MiniOzoneClusterImpl-aff9c889-8dd2-4f79-ab57-76a0adc13766/datanode-6/data-0/containers/hdds to VolumeSet
2024-02-06 10:02:41,146 [main] INFO  volume.MutableVolumeSet (MutableVolumeSet.java:initializeVolumeSet(173)) - Added Volume : /home/runner/work/ozone/ozone/hadoop-ozone/integration-test/target/test-dir/MiniOzoneClusterImpl-aff9c889-8dd2-4f79-ab57-76a0adc13766/datanode-6/data/ratis to VolumeSet
2024-02-06 10:02:41,147 [main] INFO  ozoneimpl.OzoneContainer (HddsVolumeUtil.java:loadAllHddsVolumeDbStore(103)) - Load 1 volumes DbStore cost: 0ms
2024-02-06 10:02:41,149 [main] INFO  server.RaftServer (ConfUtils.java:logGet(46)) - raft.rpc.type = GRPC (default)
2024-02-06 10:02:41,149 [main] INFO  grpc.GrpcConfigKeys (ConfUtils.java:logFallback(53)) - raft.grpc.admin.host = null (fallback to raft.grpc.server.host)
2024-02-06 10:02:41,149 [main] INFO  grpc.GrpcConfigKeys (ConfUtils.java:logGet(46)) - raft.grpc.admin.port = 15156 (custom)
2024-02-06 10:02:41,150 [main] INFO  grpc.GrpcConfigKeys (ConfUtils.java:logFallback(53)) - raft.grpc.client.host = null (fallback to raft.grpc.server.host)
2024-02-06 10:02:41,150 [main] INFO  grpc.GrpcConfigKeys (ConfUtils.java:logGet(46)) - raft.grpc.client.port = 15155 (custom)
2024-02-06 10:02:41,150 [main] INFO  grpc.GrpcConfigKeys (ConfUtils.java:logGet(46)) - raft.grpc.server.host = null (default)
2024-02-06 10:02:41,150 [main] INFO  grpc.GrpcConfigKeys (ConfUtils.java:logGet(46)) - raft.grpc.server.port = 15157 (custom)
2024-02-06 10:02:41,150 [main] INFO  server.GrpcService (ConfUtils.java:logGet(46)) - raft.grpc.message.size.max = 32MB (=33554432) (custom)
2024-02-06 10:02:41,151 [main] INFO  server.RaftServerConfigKeys (ConfUtils.java:logGet(46)) - raft.server.log.appender.buffer.byte-limit = 8388608 (custom)
2024-02-06 10:02:41,151 [main] INFO  server.GrpcService (ConfUtils.java:logGet(46)) - raft.grpc.flow.control.window = 5MB (=5242880) (custom)
2024-02-06 10:02:41,151 [main] INFO  server.RaftServerConfigKeys (ConfUtils.java:logGet(46)) - raft.server.rpc.request.timeout = 3000ms (default)
2024-02-06 10:02:41,151 [main] INFO  grpc.GrpcConfigKeys (ConfUtils.java:logGet(46)) - raft.grpc.server.heartbeat.channel = true (default)
2024-02-06 10:02:41,151 [main] INFO  grpc.GrpcConfigKeys (ConfUtils.java:logGet(46)) - raft.grpc.server.async.request.thread.pool.cached = true (default)
2024-02-06 10:02:41,151 [main] INFO  grpc.GrpcConfigKeys (ConfUtils.java:logGet(46)) - raft.grpc.server.async.request.thread.pool.size = 32 (default)
2024-02-06 10:02:41,154 [main] INFO  impl.DataStreamServerImpl (ConfUtils.java:logGet(46)) - raft.datastream.type = NETTY (custom)
2024-02-06 10:02:41,155 [main] INFO  server.RaftServerConfigKeys (ConfUtils.java:logGet(46)) - raft.server.data-stream.async.request.thread.pool.cached = false (default)
2024-02-06 10:02:41,155 [main] INFO  server.RaftServerConfigKeys (ConfUtils.java:logGet(46)) - raft.server.data-stream.async.request.thread.pool.size = 20 (custom)
2024-02-06 10:02:41,155 [main] INFO  server.RaftServerConfigKeys (ConfUtils.java:logGet(46)) - raft.server.data-stream.async.write.thread.pool.size = 16 (default)
2024-02-06 10:02:41,155 [main] INFO  netty.NettyConfigKeys$DataStream (ConfUtils.java:logGet(46)) - raft.netty.dataStream.server.channel.inactive.grace-period = 10min (default)
2024-02-06 10:02:41,155 [main] INFO  server.RaftServerConfigKeys (ConfUtils.java:logGet(46)) - raft.server.data-stream.client.pool.size = 10 (default)
2024-02-06 10:02:41,156 [main] INFO  netty.NettyConfigKeys$DataStream (ConfUtils.java:logGet(46)) - raft.netty.dataStream.server.use-epoll = true (default)
2024-02-06 10:02:41,156 [main] INFO  netty.NettyConfigKeys$DataStream (ConfUtils.java:logGet(46)) - raft.netty.dataStream.server.boss-group.size = 0 (default)
2024-02-06 10:02:41,156 [main] INFO  netty.NettyUtils (NettyUtils.java:newEventLoopGroup(69)) - Create EpollEventLoopGroup for 4463a956-bc43-48e2-a5be-041fb54af7fb-NettyServerStreamRpc-bossGroup; Thread size is 0.
2024-02-06 10:02:41,156 [main] INFO  netty.NettyConfigKeys$DataStream (ConfUtils.java:logGet(46)) - raft.netty.dataStream.server.worker-group.size = 0 (default)
2024-02-06 10:02:41,157 [main] INFO  netty.NettyUtils (NettyUtils.java:newEventLoopGroup(69)) - Create EpollEventLoopGroup for 4463a956-bc43-48e2-a5be-041fb54af7fb-NettyServerStreamRpc-workerGroup; Thread size is 0.
2024-02-06 10:02:41,157 [main] INFO  netty.NettyConfigKeys$DataStream (ConfUtils.java:logGet(46)) - raft.netty.dataStream.server.tls.conf = null (default)
2024-02-06 10:02:41,157 [main] INFO  netty.NettyConfigKeys$DataStream (ConfUtils.java:logGet(46)) - raft.netty.dataStream.host = null (default)
2024-02-06 10:02:41,157 [main] INFO  netty.NettyConfigKeys$DataStream (ConfUtils.java:logGet(46)) - raft.netty.dataStream.port = 15158 (custom)
2024-02-06 10:02:41,158 [main] INFO  server.RaftServerConfigKeys (ConfUtils.java:logGet(46)) - raft.server.sleep.deviation.threshold = 300ms (default)
2024-02-06 10:02:41,158 [main] INFO  server.RaftServerConfigKeys (ConfUtils.java:logGet(46)) - raft.server.close.threshold = 60s (default)
2024-02-06 10:02:41,158 [main] INFO  server.RaftServerConfigKeys (ConfUtils.java:logGet(46)) - raft.server.leaderelection.leader.step-down.wait-time = 10s (default)
2024-02-06 10:02:41,158 [main] INFO  server.RaftServerConfigKeys (ConfUtils.java:logGet(46)) - raft.server.storage.dir = [/home/runner/work/ozone/ozone/hadoop-ozone/integration-test/target/test-dir/MiniOzoneClusterImpl-aff9c889-8dd2-4f79-ab57-76a0adc13766/datanode-6/data/ratis] (custom)
2024-02-06 10:02:41,159 [main] INFO  server.RaftServerConfigKeys (ConfUtils.java:logGet(46)) - raft.server.threadpool.proxy.cached = true (default)
2024-02-06 10:02:41,159 [main] INFO  server.RaftServerConfigKeys (ConfUtils.java:logGet(46)) - raft.server.threadpool.proxy.size = 0 (default)
2024-02-06 10:02:41,161 [4463a956-bc43-48e2-a5be-041fb54af7fb-NettyServerStreamRpc-bossGroup--thread1] INFO  logging.LoggingHandler (AbstractInternalLogger.java:log(148)) - [id: 0xac0e5720] REGISTERED
2024-02-06 10:02:41,161 [4463a956-bc43-48e2-a5be-041fb54af7fb-impl-thread1] INFO  server.RaftServer (RaftServerProxy.java:initGroupDir(264)) - 4463a956-bc43-48e2-a5be-041fb54af7fb: found a subdirectory /home/runner/work/ozone/ozone/hadoop-ozone/integration-test/target/test-dir/MiniOzoneClusterImpl-aff9c889-8dd2-4f79-ab57-76a0adc13766/datanode-6/data/ratis/tmp
2024-02-06 10:02:41,161 [4463a956-bc43-48e2-a5be-041fb54af7fb-impl-thread1] INFO  server.RaftServer (RaftServerProxy.java:initGroupDir(269)) - 4463a956-bc43-48e2-a5be-041fb54af7fb: The directory /home/runner/work/ozone/ozone/hadoop-ozone/integration-test/target/test-dir/MiniOzoneClusterImpl-aff9c889-8dd2-4f79-ab57-76a0adc13766/datanode-6/data/ratis/tmp is not a group directory; ignoring it. 
2024-02-06 10:02:41,161 [main] INFO  replication.ReplicationServer (ReplicationServer.java:<init>(86)) - Initializing replication server with thread count = 10 queue length = 4096
2024-02-06 10:02:41,161 [4463a956-bc43-48e2-a5be-041fb54af7fb-NettyServerStreamRpc-bossGroup--thread1] INFO  logging.LoggingHandler (AbstractInternalLogger.java:log(148)) - [id: 0xac0e5720] BIND: 0.0.0.0/0.0.0.0:15158
2024-02-06 10:02:41,163 [4463a956-bc43-48e2-a5be-041fb54af7fb-NettyServerStreamRpc-bossGroup--thread1] INFO  logging.LoggingHandler (AbstractInternalLogger.java:log(148)) - [id: 0xac0e5720, L:/0.0.0.0:15158] ACTIVE
2024-02-06 10:02:41,163 [main] INFO  server.XceiverServerGrpc (XceiverServerGrpc.java:<init>(141)) - GrpcServer channel type EpollServerSocketChannel
2024-02-06 10:02:41,165 [main] INFO  replication.ReplicationSupervisor (ReplicationSupervisor.java:build(163)) - Initializing replication supervisor with thread count = 10
2024-02-06 10:02:41,165 [main] INFO  replication.ReplicationSupervisor (ReplicationSupervisor.java:nodeStateUpdated(317)) - Node state updated to IN_SERVICE, scaling executor pool size to 10
2024-02-06 10:02:41,168 [main] INFO  http.BaseHttpServer (BaseHttpServer.java:newHttpServer2BuilderForOzone(223)) - Starting Web-server for hddsDatanode at: http://0.0.0.0:15152
2024-02-06 10:02:41,168 [main] INFO  http.BaseHttpServer (BaseHttpServer.java:<init>(110)) - Hadoop Security Enabled: false Ozone Security Enabled: false Ozone HTTP Security Enabled: false 
2024-02-06 10:02:41,169 [main] WARN  server.AuthenticationFilter (AuthenticationFilter.java:constructSecretProvider(240)) - Unable to initialize FileSignerSecretProvider, falling back to use random secrets. Reason: Could not read signature secret file: /home/runner/hadoop-http-auth-signature-secret
2024-02-06 10:02:41,173 [main] INFO  http.HttpRequestLog (HttpRequestLog.java:getRequestLog(86)) - Http request log for http.requests.hddsDatanode is not defined
2024-02-06 10:02:41,174 [main] INFO  http.HttpServer2 (HttpServer2.java:addGlobalFilter(1036)) - Added global filter 'safety' (class=org.apache.hadoop.hdds.server.http.HttpServer2$QuotingInputFilter)
2024-02-06 10:02:41,175 [main] INFO  http.HttpServer2 (HttpServer2.java:addFilter(1012)) - Added filter static_user_filter (class=org.apache.hadoop.http.lib.StaticUserWebFilter$StaticUserFilter) to context hddsDatanode
2024-02-06 10:02:41,175 [main] INFO  http.HttpServer2 (HttpServer2.java:addFilter(1020)) - Added filter static_user_filter (class=org.apache.hadoop.http.lib.StaticUserWebFilter$StaticUserFilter) to context logs
2024-02-06 10:02:41,175 [main] INFO  http.HttpServer2 (HttpServer2.java:addFilter(1020)) - Added filter static_user_filter (class=org.apache.hadoop.http.lib.StaticUserWebFilter$StaticUserFilter) to context static
2024-02-06 10:02:41,176 [main] INFO  http.BaseHttpServer (BaseHttpServer.java:<init>(189)) - HTTP server of hddsDatanode uses base directory /home/runner/work/ozone/ozone/hadoop-ozone/integration-test/target/test-dir/MiniOzoneClusterImpl-aff9c889-8dd2-4f79-ab57-76a0adc13766/datanode-6/meta/webserver
2024-02-06 10:02:41,176 [main] INFO  http.HttpServer2 (HttpServer2.java:bindListener(1236)) - Jetty bound to port 15152
2024-02-06 10:02:41,176 [main] INFO  server.Server (Server.java:doStart(375)) - jetty-9.4.53.v20231009; built: 2023-10-09T12:29:09.265Z; git: 27bde00a0b95a1d5bbee0eae7984f891d2d0f8c9; jvm 1.8.0_402-b06
2024-02-06 10:02:41,185 [main] INFO  server.session (DefaultSessionIdManager.java:doStart(334)) - DefaultSessionIdManager workerName=node0
2024-02-06 10:02:41,185 [main] INFO  server.session (DefaultSessionIdManager.java:doStart(339)) - No SessionScavenger set, using defaults
2024-02-06 10:02:41,186 [main] INFO  server.session (HouseKeeper.java:startScavenging(132)) - node0 Scavenging every 600000ms
2024-02-06 10:02:41,189 [main] INFO  handler.ContextHandler (ContextHandler.java:doStart(921)) - Started o.e.j.s.ServletContextHandler@1f57655e{logs,/logs,file:///home/runner/work/ozone/ozone/hadoop-ozone/integration-test/target/log,AVAILABLE}
2024-02-06 10:02:41,190 [main] INFO  handler.ContextHandler (ContextHandler.java:doStart(921)) - Started o.e.j.s.ServletContextHandler@5275f18a{static,/static,jar:file:/home/runner/.m2/repository/org/apache/ozone/hdds-container-service/1.5.0-SNAPSHOT/hdds-container-service-1.5.0-SNAPSHOT.jar!/webapps/static,AVAILABLE}
2024-02-06 10:02:41,224 [main] INFO  handler.ContextHandler (ContextHandler.java:doStart(921)) - Started o.e.j.w.WebAppContext@7de9d378{hddsDatanode,/,file:///home/runner/work/ozone/ozone/hadoop-ozone/integration-test/target/test-dir/MiniOzoneClusterImpl-aff9c889-8dd2-4f79-ab57-76a0adc13766/datanode-6/meta/webserver/jetty-0_0_0_0-15152-hdds-container-service-1_5_0-SNAPSHOT_jar-_-any-938713573933402799/webapp/,AVAILABLE}{jar:file:/home/runner/.m2/repository/org/apache/ozone/hdds-container-service/1.5.0-SNAPSHOT/hdds-container-service-1.5.0-SNAPSHOT.jar!/webapps/hddsDatanode}
2024-02-06 10:02:41,226 [main] INFO  server.AbstractConnector (AbstractConnector.java:doStart(333)) - Started ServerConnector@24c7fab0{HTTP/1.1, (http/1.1)}{0.0.0.0:15152}
2024-02-06 10:02:41,226 [main] INFO  server.Server (Server.java:doStart(415)) - Started @43275ms
2024-02-06 10:02:41,226 [main] WARN  impl.MetricsSystemImpl (MetricsSystemImpl.java:register(279)) - Sink prometheus already exists!
2024-02-06 10:02:41,226 [main] INFO  http.BaseHttpServer (BaseHttpServer.java:updateConnectorAddress(354)) - HTTP server of hddsDatanode listening at http://0.0.0.0:15152
2024-02-06 10:02:41,227 [main] INFO  ipc.CallQueueManager (CallQueueManager.java:<init>(90)) - Using callQueue: class java.util.concurrent.LinkedBlockingQueue, queueCapacity: 100, scheduler: class org.apache.hadoop.ipc.DefaultRpcScheduler, ipcBackoff: false.
2024-02-06 10:02:41,227 [main] INFO  ipc.Server (Server.java:<init>(1287)) - Listener at 0.0.0.0:15153
2024-02-06 10:02:41,227 [Socket Reader #1 for port 15153] INFO  ipc.Server (Server.java:run(1323)) - Starting Socket Reader #1 for port 15153
2024-02-06 10:02:41,229 [main] INFO  ozone.HddsDatanodeService (HddsDatanodeService.java:start(327)) - Datanode start with admins: [runner]
2024-02-06 10:02:41,229 [main] INFO  ozone.HddsDatanodeClientProtocolServer (HddsDatanodeClientProtocolServer.java:start(72)) - RPC server for Client /0.0.0.0:15153
2024-02-06 10:02:41,233 [IPC Server Responder] INFO  ipc.Server (Server.java:run(1562)) - IPC Server Responder: starting
2024-02-06 10:02:41,233 [IPC Server listener on 15153] INFO  ipc.Server (Server.java:run(1402)) - IPC Server listener on 15153: starting
2024-02-06 10:02:41,235 [4463a956-bc43-48e2-a5be-041fb54af7fb-DatanodeStateMachineDaemonThread] INFO  statemachine.DatanodeStateMachine (DatanodeStateMachine.java:lambda$startDaemon$1(555)) - Ozone container server started.
2024-02-06 10:02:41,237 [main] WARN  dropwizard3.Dm3MetricRegistriesImpl (Dm3MetricRegistriesImpl.java:addReporterRegistration(113)) - New reporters are added after registries were created. Some metrics will be missing from the reporter. Please add reporter before adding any new registry.
2024-02-06 10:02:41,238 [main] WARN  dropwizard3.Dm3MetricRegistriesImpl (Dm3MetricRegistriesImpl.java:addReporterRegistration(113)) - New reporters are added after registries were created. Some metrics will be missing from the reporter. Please add reporter before adding any new registry.
2024-02-06 10:02:41,238 [main] INFO  impl.MetricsSystemImpl (MetricsSystemImpl.java:init(158)) - HddsDatanode metrics system started (again)
2024-02-06 10:02:41,246 [4463a956-bc43-48e2-a5be-041fb54af7fb-DatanodeStateMachineTaskThread-0] INFO  datanode.InitDatanodeState (InitDatanodeState.java:persistContainerDatanodeDetails(139)) - DatanodeDetails is persisted to /home/runner/work/ozone/ozone/hadoop-ozone/integration-test/target/test-dir/MiniOzoneClusterImpl-aff9c889-8dd2-4f79-ab57-76a0adc13766/datanode-6/meta/datanode.id
2024-02-06 10:02:41,247 [main] INFO  ozone.HddsDatanodeService (HddsDatanodeService.java:start(240)) - HddsDatanodeService host:fv-az776-296 ip:10.1.0.5
2024-02-06 10:02:41,267 [main] INFO  upgrade.AbstractLayoutVersionManager (AbstractLayoutVersionManager.java:init(83)) - Initializing Layout version manager with metadata layout = HADOOP_PRC_PORTS_IN_DATANODEDETAILS (version = 7), software layout = HADOOP_PRC_PORTS_IN_DATANODEDETAILS (version = 7)
2024-02-06 10:02:41,268 [main] INFO  statemachine.DatanodeStateMachine (DatanodeStateMachine.java:getEndPointTaskThreadPoolSize(299)) - Datanode State Machine Task Thread Pool size 2
2024-02-06 10:02:41,269 [main] INFO  volume.HddsVolume (HddsVolume.java:<init>(125)) - Creating HddsVolume: /home/runner/work/ozone/ozone/hadoop-ozone/integration-test/target/test-dir/MiniOzoneClusterImpl-aff9c889-8dd2-4f79-ab57-76a0adc13766/datanode-7/data-0/containers/hdds of storage type : DISK capacity : 9223372036854775807
2024-02-06 10:02:41,269 [main] INFO  volume.MutableVolumeSet (MutableVolumeSet.java:initializeVolumeSet(173)) - Added Volume : /home/runner/work/ozone/ozone/hadoop-ozone/integration-test/target/test-dir/MiniOzoneClusterImpl-aff9c889-8dd2-4f79-ab57-76a0adc13766/datanode-7/data-0/containers/hdds to VolumeSet
2024-02-06 10:02:41,269 [main] INFO  volume.MutableVolumeSet (MutableVolumeSet.java:initializeVolumeSet(173)) - Added Volume : /home/runner/work/ozone/ozone/hadoop-ozone/integration-test/target/test-dir/MiniOzoneClusterImpl-aff9c889-8dd2-4f79-ab57-76a0adc13766/datanode-7/data/ratis to VolumeSet
2024-02-06 10:02:41,272 [main] INFO  ozoneimpl.OzoneContainer (HddsVolumeUtil.java:loadAllHddsVolumeDbStore(103)) - Load 1 volumes DbStore cost: 2ms
2024-02-06 10:02:41,274 [main] INFO  server.RaftServer (ConfUtils.java:logGet(46)) - raft.rpc.type = GRPC (default)
2024-02-06 10:02:41,275 [main] INFO  grpc.GrpcConfigKeys (ConfUtils.java:logFallback(53)) - raft.grpc.admin.host = null (fallback to raft.grpc.server.host)
2024-02-06 10:02:41,275 [main] INFO  grpc.GrpcConfigKeys (ConfUtils.java:logGet(46)) - raft.grpc.admin.port = 15165 (custom)
2024-02-06 10:02:41,275 [main] INFO  grpc.GrpcConfigKeys (ConfUtils.java:logFallback(53)) - raft.grpc.client.host = null (fallback to raft.grpc.server.host)
2024-02-06 10:02:41,275 [main] INFO  grpc.GrpcConfigKeys (ConfUtils.java:logGet(46)) - raft.grpc.client.port = 15164 (custom)
2024-02-06 10:02:41,275 [main] INFO  grpc.GrpcConfigKeys (ConfUtils.java:logGet(46)) - raft.grpc.server.host = null (default)
2024-02-06 10:02:41,276 [main] INFO  grpc.GrpcConfigKeys (ConfUtils.java:logGet(46)) - raft.grpc.server.port = 15166 (custom)
2024-02-06 10:02:41,276 [main] INFO  server.GrpcService (ConfUtils.java:logGet(46)) - raft.grpc.message.size.max = 32MB (=33554432) (custom)
2024-02-06 10:02:41,276 [main] INFO  server.RaftServerConfigKeys (ConfUtils.java:logGet(46)) - raft.server.log.appender.buffer.byte-limit = 8388608 (custom)
2024-02-06 10:02:41,276 [main] INFO  server.GrpcService (ConfUtils.java:logGet(46)) - raft.grpc.flow.control.window = 5MB (=5242880) (custom)
2024-02-06 10:02:41,276 [main] INFO  server.RaftServerConfigKeys (ConfUtils.java:logGet(46)) - raft.server.rpc.request.timeout = 3000ms (default)
2024-02-06 10:02:41,276 [main] INFO  grpc.GrpcConfigKeys (ConfUtils.java:logGet(46)) - raft.grpc.server.heartbeat.channel = true (default)
2024-02-06 10:02:41,277 [main] INFO  grpc.GrpcConfigKeys (ConfUtils.java:logGet(46)) - raft.grpc.server.async.request.thread.pool.cached = true (default)
2024-02-06 10:02:41,277 [main] INFO  grpc.GrpcConfigKeys (ConfUtils.java:logGet(46)) - raft.grpc.server.async.request.thread.pool.size = 32 (default)
2024-02-06 10:02:41,279 [main] INFO  impl.DataStreamServerImpl (ConfUtils.java:logGet(46)) - raft.datastream.type = NETTY (custom)
2024-02-06 10:02:41,280 [main] INFO  server.RaftServerConfigKeys (ConfUtils.java:logGet(46)) - raft.server.data-stream.async.request.thread.pool.cached = false (default)
2024-02-06 10:02:41,280 [main] INFO  server.RaftServerConfigKeys (ConfUtils.java:logGet(46)) - raft.server.data-stream.async.request.thread.pool.size = 20 (custom)
2024-02-06 10:02:41,280 [main] INFO  server.RaftServerConfigKeys (ConfUtils.java:logGet(46)) - raft.server.data-stream.async.write.thread.pool.size = 16 (default)
2024-02-06 10:02:41,280 [main] INFO  netty.NettyConfigKeys$DataStream (ConfUtils.java:logGet(46)) - raft.netty.dataStream.server.channel.inactive.grace-period = 10min (default)
2024-02-06 10:02:41,280 [main] INFO  server.RaftServerConfigKeys (ConfUtils.java:logGet(46)) - raft.server.data-stream.client.pool.size = 10 (default)
2024-02-06 10:02:41,281 [main] INFO  netty.NettyConfigKeys$DataStream (ConfUtils.java:logGet(46)) - raft.netty.dataStream.server.use-epoll = true (default)
2024-02-06 10:02:41,281 [main] INFO  netty.NettyConfigKeys$DataStream (ConfUtils.java:logGet(46)) - raft.netty.dataStream.server.boss-group.size = 0 (default)
2024-02-06 10:02:41,281 [main] INFO  netty.NettyUtils (NettyUtils.java:newEventLoopGroup(69)) - Create EpollEventLoopGroup for 73be6a6b-5fd7-4eac-9d0c-1772c183b18d-NettyServerStreamRpc-bossGroup; Thread size is 0.
2024-02-06 10:02:41,282 [main] INFO  netty.NettyConfigKeys$DataStream (ConfUtils.java:logGet(46)) - raft.netty.dataStream.server.worker-group.size = 0 (default)
2024-02-06 10:02:41,282 [main] INFO  netty.NettyUtils (NettyUtils.java:newEventLoopGroup(69)) - Create EpollEventLoopGroup for 73be6a6b-5fd7-4eac-9d0c-1772c183b18d-NettyServerStreamRpc-workerGroup; Thread size is 0.
2024-02-06 10:02:41,282 [main] INFO  netty.NettyConfigKeys$DataStream (ConfUtils.java:logGet(46)) - raft.netty.dataStream.server.tls.conf = null (default)
2024-02-06 10:02:41,283 [main] INFO  netty.NettyConfigKeys$DataStream (ConfUtils.java:logGet(46)) - raft.netty.dataStream.host = null (default)
2024-02-06 10:02:41,283 [main] INFO  netty.NettyConfigKeys$DataStream (ConfUtils.java:logGet(46)) - raft.netty.dataStream.port = 15167 (custom)
2024-02-06 10:02:41,283 [main] INFO  server.RaftServerConfigKeys (ConfUtils.java:logGet(46)) - raft.server.sleep.deviation.threshold = 300ms (default)
2024-02-06 10:02:41,283 [main] INFO  server.RaftServerConfigKeys (ConfUtils.java:logGet(46)) - raft.server.close.threshold = 60s (default)
2024-02-06 10:02:41,284 [main] INFO  server.RaftServerConfigKeys (ConfUtils.java:logGet(46)) - raft.server.leaderelection.leader.step-down.wait-time = 10s (default)
2024-02-06 10:02:41,284 [main] INFO  server.RaftServerConfigKeys (ConfUtils.java:logGet(46)) - raft.server.storage.dir = [/home/runner/work/ozone/ozone/hadoop-ozone/integration-test/target/test-dir/MiniOzoneClusterImpl-aff9c889-8dd2-4f79-ab57-76a0adc13766/datanode-7/data/ratis] (custom)
2024-02-06 10:02:41,284 [main] INFO  server.RaftServerConfigKeys (ConfUtils.java:logGet(46)) - raft.server.threadpool.proxy.cached = true (default)
2024-02-06 10:02:41,284 [main] INFO  server.RaftServerConfigKeys (ConfUtils.java:logGet(46)) - raft.server.threadpool.proxy.size = 0 (default)
2024-02-06 10:02:41,287 [73be6a6b-5fd7-4eac-9d0c-1772c183b18d-NettyServerStreamRpc-bossGroup--thread1] INFO  logging.LoggingHandler (AbstractInternalLogger.java:log(148)) - [id: 0x19496d8a] REGISTERED
2024-02-06 10:02:41,287 [73be6a6b-5fd7-4eac-9d0c-1772c183b18d-NettyServerStreamRpc-bossGroup--thread1] INFO  logging.LoggingHandler (AbstractInternalLogger.java:log(148)) - [id: 0x19496d8a] BIND: 0.0.0.0/0.0.0.0:15167
2024-02-06 10:02:41,287 [73be6a6b-5fd7-4eac-9d0c-1772c183b18d-NettyServerStreamRpc-bossGroup--thread1] INFO  logging.LoggingHandler (AbstractInternalLogger.java:log(148)) - [id: 0x19496d8a, L:/0.0.0.0:15167] ACTIVE
2024-02-06 10:02:41,287 [73be6a6b-5fd7-4eac-9d0c-1772c183b18d-impl-thread1] INFO  server.RaftServer (RaftServerProxy.java:initGroupDir(264)) - 73be6a6b-5fd7-4eac-9d0c-1772c183b18d: found a subdirectory /home/runner/work/ozone/ozone/hadoop-ozone/integration-test/target/test-dir/MiniOzoneClusterImpl-aff9c889-8dd2-4f79-ab57-76a0adc13766/datanode-7/data/ratis/tmp
2024-02-06 10:02:41,288 [73be6a6b-5fd7-4eac-9d0c-1772c183b18d-impl-thread1] INFO  server.RaftServer (RaftServerProxy.java:initGroupDir(269)) - 73be6a6b-5fd7-4eac-9d0c-1772c183b18d: The directory /home/runner/work/ozone/ozone/hadoop-ozone/integration-test/target/test-dir/MiniOzoneClusterImpl-aff9c889-8dd2-4f79-ab57-76a0adc13766/datanode-7/data/ratis/tmp is not a group directory; ignoring it. 
2024-02-06 10:02:41,288 [main] INFO  replication.ReplicationServer (ReplicationServer.java:<init>(86)) - Initializing replication server with thread count = 10 queue length = 4096
2024-02-06 10:02:41,290 [main] INFO  server.XceiverServerGrpc (XceiverServerGrpc.java:<init>(141)) - GrpcServer channel type EpollServerSocketChannel
2024-02-06 10:02:41,292 [main] INFO  replication.ReplicationSupervisor (ReplicationSupervisor.java:build(163)) - Initializing replication supervisor with thread count = 10
2024-02-06 10:02:41,292 [main] INFO  replication.ReplicationSupervisor (ReplicationSupervisor.java:nodeStateUpdated(317)) - Node state updated to IN_SERVICE, scaling executor pool size to 10
2024-02-06 10:02:41,296 [main] INFO  http.BaseHttpServer (BaseHttpServer.java:newHttpServer2BuilderForOzone(223)) - Starting Web-server for hddsDatanode at: http://0.0.0.0:15161
2024-02-06 10:02:41,296 [main] INFO  http.BaseHttpServer (BaseHttpServer.java:<init>(110)) - Hadoop Security Enabled: false Ozone Security Enabled: false Ozone HTTP Security Enabled: false 
2024-02-06 10:02:41,299 [main] WARN  server.AuthenticationFilter (AuthenticationFilter.java:constructSecretProvider(240)) - Unable to initialize FileSignerSecretProvider, falling back to use random secrets. Reason: Could not read signature secret file: /home/runner/hadoop-http-auth-signature-secret
2024-02-06 10:02:41,300 [main] INFO  http.HttpRequestLog (HttpRequestLog.java:getRequestLog(86)) - Http request log for http.requests.hddsDatanode is not defined
2024-02-06 10:02:41,301 [main] INFO  http.HttpServer2 (HttpServer2.java:addGlobalFilter(1036)) - Added global filter 'safety' (class=org.apache.hadoop.hdds.server.http.HttpServer2$QuotingInputFilter)
2024-02-06 10:02:41,301 [main] INFO  http.HttpServer2 (HttpServer2.java:addFilter(1012)) - Added filter static_user_filter (class=org.apache.hadoop.http.lib.StaticUserWebFilter$StaticUserFilter) to context hddsDatanode
2024-02-06 10:02:41,301 [main] INFO  http.HttpServer2 (HttpServer2.java:addFilter(1020)) - Added filter static_user_filter (class=org.apache.hadoop.http.lib.StaticUserWebFilter$StaticUserFilter) to context logs
2024-02-06 10:02:41,301 [main] INFO  http.HttpServer2 (HttpServer2.java:addFilter(1020)) - Added filter static_user_filter (class=org.apache.hadoop.http.lib.StaticUserWebFilter$StaticUserFilter) to context static
2024-02-06 10:02:41,302 [main] INFO  http.BaseHttpServer (BaseHttpServer.java:<init>(189)) - HTTP server of hddsDatanode uses base directory /home/runner/work/ozone/ozone/hadoop-ozone/integration-test/target/test-dir/MiniOzoneClusterImpl-aff9c889-8dd2-4f79-ab57-76a0adc13766/datanode-7/meta/webserver
2024-02-06 10:02:41,302 [main] INFO  http.HttpServer2 (HttpServer2.java:bindListener(1236)) - Jetty bound to port 15161
2024-02-06 10:02:41,302 [main] INFO  server.Server (Server.java:doStart(375)) - jetty-9.4.53.v20231009; built: 2023-10-09T12:29:09.265Z; git: 27bde00a0b95a1d5bbee0eae7984f891d2d0f8c9; jvm 1.8.0_402-b06
2024-02-06 10:02:41,303 [main] INFO  server.session (DefaultSessionIdManager.java:doStart(334)) - DefaultSessionIdManager workerName=node0
2024-02-06 10:02:41,303 [main] INFO  server.session (DefaultSessionIdManager.java:doStart(339)) - No SessionScavenger set, using defaults
2024-02-06 10:02:41,305 [main] INFO  server.session (HouseKeeper.java:startScavenging(132)) - node0 Scavenging every 600000ms
2024-02-06 10:02:41,306 [main] INFO  handler.ContextHandler (ContextHandler.java:doStart(921)) - Started o.e.j.s.ServletContextHandler@20f810a0{logs,/logs,file:///home/runner/work/ozone/ozone/hadoop-ozone/integration-test/target/log,AVAILABLE}
2024-02-06 10:02:41,306 [main] INFO  handler.ContextHandler (ContextHandler.java:doStart(921)) - Started o.e.j.s.ServletContextHandler@4649edd3{static,/static,jar:file:/home/runner/.m2/repository/org/apache/ozone/hdds-container-service/1.5.0-SNAPSHOT/hdds-container-service-1.5.0-SNAPSHOT.jar!/webapps/static,AVAILABLE}
2024-02-06 10:02:41,338 [main] INFO  handler.ContextHandler (ContextHandler.java:doStart(921)) - Started o.e.j.w.WebAppContext@2b1bbdad{hddsDatanode,/,file:///home/runner/work/ozone/ozone/hadoop-ozone/integration-test/target/test-dir/MiniOzoneClusterImpl-aff9c889-8dd2-4f79-ab57-76a0adc13766/datanode-7/meta/webserver/jetty-0_0_0_0-15161-hdds-container-service-1_5_0-SNAPSHOT_jar-_-any-2378678779066330447/webapp/,AVAILABLE}{jar:file:/home/runner/.m2/repository/org/apache/ozone/hdds-container-service/1.5.0-SNAPSHOT/hdds-container-service-1.5.0-SNAPSHOT.jar!/webapps/hddsDatanode}
2024-02-06 10:02:41,342 [main] INFO  server.AbstractConnector (AbstractConnector.java:doStart(333)) - Started ServerConnector@50c618fc{HTTP/1.1, (http/1.1)}{0.0.0.0:15161}
2024-02-06 10:02:41,342 [main] INFO  server.Server (Server.java:doStart(415)) - Started @43391ms
2024-02-06 10:02:41,342 [main] WARN  impl.MetricsSystemImpl (MetricsSystemImpl.java:register(279)) - Sink prometheus already exists!
2024-02-06 10:02:41,343 [main] INFO  http.BaseHttpServer (BaseHttpServer.java:updateConnectorAddress(354)) - HTTP server of hddsDatanode listening at http://0.0.0.0:15161
2024-02-06 10:02:41,343 [main] INFO  ipc.CallQueueManager (CallQueueManager.java:<init>(90)) - Using callQueue: class java.util.concurrent.LinkedBlockingQueue, queueCapacity: 100, scheduler: class org.apache.hadoop.ipc.DefaultRpcScheduler, ipcBackoff: false.
2024-02-06 10:02:41,343 [main] INFO  ipc.Server (Server.java:<init>(1287)) - Listener at 0.0.0.0:15162
2024-02-06 10:02:41,344 [Socket Reader #1 for port 15162] INFO  ipc.Server (Server.java:run(1323)) - Starting Socket Reader #1 for port 15162
2024-02-06 10:02:41,345 [main] INFO  ozone.HddsDatanodeService (HddsDatanodeService.java:start(327)) - Datanode start with admins: [runner]
2024-02-06 10:02:41,345 [main] INFO  ozone.HddsDatanodeClientProtocolServer (HddsDatanodeClientProtocolServer.java:start(72)) - RPC server for Client /0.0.0.0:15162
2024-02-06 10:02:41,346 [IPC Server Responder] INFO  ipc.Server (Server.java:run(1562)) - IPC Server Responder: starting
2024-02-06 10:02:41,350 [IPC Server listener on 15162] INFO  ipc.Server (Server.java:run(1402)) - IPC Server listener on 15162: starting
2024-02-06 10:02:41,350 [73be6a6b-5fd7-4eac-9d0c-1772c183b18d-DatanodeStateMachineDaemonThread] INFO  statemachine.DatanodeStateMachine (DatanodeStateMachine.java:lambda$startDaemon$1(555)) - Ozone container server started.
2024-02-06 10:02:41,350 [main] WARN  dropwizard3.Dm3MetricRegistriesImpl (Dm3MetricRegistriesImpl.java:addReporterRegistration(113)) - New reporters are added after registries were created. Some metrics will be missing from the reporter. Please add reporter before adding any new registry.
2024-02-06 10:02:41,351 [main] WARN  dropwizard3.Dm3MetricRegistriesImpl (Dm3MetricRegistriesImpl.java:addReporterRegistration(113)) - New reporters are added after registries were created. Some metrics will be missing from the reporter. Please add reporter before adding any new registry.
2024-02-06 10:02:41,352 [main] INFO  impl.MetricsSystemImpl (MetricsSystemImpl.java:init(158)) - HddsDatanode metrics system started (again)
2024-02-06 10:02:41,354 [73be6a6b-5fd7-4eac-9d0c-1772c183b18d-DatanodeStateMachineTaskThread-0] INFO  datanode.InitDatanodeState (InitDatanodeState.java:persistContainerDatanodeDetails(139)) - DatanodeDetails is persisted to /home/runner/work/ozone/ozone/hadoop-ozone/integration-test/target/test-dir/MiniOzoneClusterImpl-aff9c889-8dd2-4f79-ab57-76a0adc13766/datanode-7/meta/datanode.id
2024-02-06 10:02:41,361 [main] INFO  ozone.HddsDatanodeService (HddsDatanodeService.java:start(240)) - HddsDatanodeService host:fv-az776-296 ip:10.1.0.5
2024-02-06 10:02:41,379 [main] INFO  upgrade.AbstractLayoutVersionManager (AbstractLayoutVersionManager.java:init(83)) - Initializing Layout version manager with metadata layout = HADOOP_PRC_PORTS_IN_DATANODEDETAILS (version = 7), software layout = HADOOP_PRC_PORTS_IN_DATANODEDETAILS (version = 7)
2024-02-06 10:02:41,380 [main] INFO  statemachine.DatanodeStateMachine (DatanodeStateMachine.java:getEndPointTaskThreadPoolSize(299)) - Datanode State Machine Task Thread Pool size 2
2024-02-06 10:02:41,381 [main] INFO  volume.HddsVolume (HddsVolume.java:<init>(125)) - Creating HddsVolume: /home/runner/work/ozone/ozone/hadoop-ozone/integration-test/target/test-dir/MiniOzoneClusterImpl-aff9c889-8dd2-4f79-ab57-76a0adc13766/datanode-8/data-0/containers/hdds of storage type : DISK capacity : 9223372036854775807
2024-02-06 10:02:41,381 [main] INFO  volume.MutableVolumeSet (MutableVolumeSet.java:initializeVolumeSet(173)) - Added Volume : /home/runner/work/ozone/ozone/hadoop-ozone/integration-test/target/test-dir/MiniOzoneClusterImpl-aff9c889-8dd2-4f79-ab57-76a0adc13766/datanode-8/data-0/containers/hdds to VolumeSet
2024-02-06 10:02:41,382 [main] INFO  volume.MutableVolumeSet (MutableVolumeSet.java:initializeVolumeSet(173)) - Added Volume : /home/runner/work/ozone/ozone/hadoop-ozone/integration-test/target/test-dir/MiniOzoneClusterImpl-aff9c889-8dd2-4f79-ab57-76a0adc13766/datanode-8/data/ratis to VolumeSet
2024-02-06 10:02:41,382 [main] INFO  ozoneimpl.OzoneContainer (HddsVolumeUtil.java:loadAllHddsVolumeDbStore(103)) - Load 1 volumes DbStore cost: 0ms
2024-02-06 10:02:41,384 [main] INFO  server.RaftServer (ConfUtils.java:logGet(46)) - raft.rpc.type = GRPC (default)
2024-02-06 10:02:41,384 [main] INFO  grpc.GrpcConfigKeys (ConfUtils.java:logFallback(53)) - raft.grpc.admin.host = null (fallback to raft.grpc.server.host)
2024-02-06 10:02:41,384 [main] INFO  grpc.GrpcConfigKeys (ConfUtils.java:logGet(46)) - raft.grpc.admin.port = 15174 (custom)
2024-02-06 10:02:41,384 [main] INFO  grpc.GrpcConfigKeys (ConfUtils.java:logFallback(53)) - raft.grpc.client.host = null (fallback to raft.grpc.server.host)
2024-02-06 10:02:41,384 [main] INFO  grpc.GrpcConfigKeys (ConfUtils.java:logGet(46)) - raft.grpc.client.port = 15173 (custom)
2024-02-06 10:02:41,385 [main] INFO  grpc.GrpcConfigKeys (ConfUtils.java:logGet(46)) - raft.grpc.server.host = null (default)
2024-02-06 10:02:41,385 [main] INFO  grpc.GrpcConfigKeys (ConfUtils.java:logGet(46)) - raft.grpc.server.port = 15175 (custom)
2024-02-06 10:02:41,385 [main] INFO  server.GrpcService (ConfUtils.java:logGet(46)) - raft.grpc.message.size.max = 32MB (=33554432) (custom)
2024-02-06 10:02:41,385 [main] INFO  server.RaftServerConfigKeys (ConfUtils.java:logGet(46)) - raft.server.log.appender.buffer.byte-limit = 8388608 (custom)
2024-02-06 10:02:41,385 [main] INFO  server.GrpcService (ConfUtils.java:logGet(46)) - raft.grpc.flow.control.window = 5MB (=5242880) (custom)
2024-02-06 10:02:41,386 [main] INFO  server.RaftServerConfigKeys (ConfUtils.java:logGet(46)) - raft.server.rpc.request.timeout = 3000ms (default)
2024-02-06 10:02:41,386 [main] INFO  grpc.GrpcConfigKeys (ConfUtils.java:logGet(46)) - raft.grpc.server.heartbeat.channel = true (default)
2024-02-06 10:02:41,386 [main] INFO  grpc.GrpcConfigKeys (ConfUtils.java:logGet(46)) - raft.grpc.server.async.request.thread.pool.cached = true (default)
2024-02-06 10:02:41,386 [main] INFO  grpc.GrpcConfigKeys (ConfUtils.java:logGet(46)) - raft.grpc.server.async.request.thread.pool.size = 32 (default)
2024-02-06 10:02:41,388 [main] INFO  impl.DataStreamServerImpl (ConfUtils.java:logGet(46)) - raft.datastream.type = NETTY (custom)
2024-02-06 10:02:41,388 [main] INFO  server.RaftServerConfigKeys (ConfUtils.java:logGet(46)) - raft.server.data-stream.async.request.thread.pool.cached = false (default)
2024-02-06 10:02:41,388 [main] INFO  server.RaftServerConfigKeys (ConfUtils.java:logGet(46)) - raft.server.data-stream.async.request.thread.pool.size = 20 (custom)
2024-02-06 10:02:41,388 [main] INFO  server.RaftServerConfigKeys (ConfUtils.java:logGet(46)) - raft.server.data-stream.async.write.thread.pool.size = 16 (default)
2024-02-06 10:02:41,389 [main] INFO  netty.NettyConfigKeys$DataStream (ConfUtils.java:logGet(46)) - raft.netty.dataStream.server.channel.inactive.grace-period = 10min (default)
2024-02-06 10:02:41,389 [main] INFO  server.RaftServerConfigKeys (ConfUtils.java:logGet(46)) - raft.server.data-stream.client.pool.size = 10 (default)
2024-02-06 10:02:41,389 [main] INFO  netty.NettyConfigKeys$DataStream (ConfUtils.java:logGet(46)) - raft.netty.dataStream.server.use-epoll = true (default)
2024-02-06 10:02:41,389 [main] INFO  netty.NettyConfigKeys$DataStream (ConfUtils.java:logGet(46)) - raft.netty.dataStream.server.boss-group.size = 0 (default)
2024-02-06 10:02:41,389 [main] INFO  netty.NettyUtils (NettyUtils.java:newEventLoopGroup(69)) - Create EpollEventLoopGroup for 463d4cd4-93eb-48de-ad15-bb97619fa095-NettyServerStreamRpc-bossGroup; Thread size is 0.
2024-02-06 10:02:41,389 [main] INFO  netty.NettyConfigKeys$DataStream (ConfUtils.java:logGet(46)) - raft.netty.dataStream.server.worker-group.size = 0 (default)
2024-02-06 10:02:41,390 [main] INFO  netty.NettyUtils (NettyUtils.java:newEventLoopGroup(69)) - Create EpollEventLoopGroup for 463d4cd4-93eb-48de-ad15-bb97619fa095-NettyServerStreamRpc-workerGroup; Thread size is 0.
2024-02-06 10:02:41,390 [main] INFO  netty.NettyConfigKeys$DataStream (ConfUtils.java:logGet(46)) - raft.netty.dataStream.server.tls.conf = null (default)
2024-02-06 10:02:41,390 [main] INFO  netty.NettyConfigKeys$DataStream (ConfUtils.java:logGet(46)) - raft.netty.dataStream.host = null (default)
2024-02-06 10:02:41,390 [main] INFO  netty.NettyConfigKeys$DataStream (ConfUtils.java:logGet(46)) - raft.netty.dataStream.port = 15176 (custom)
2024-02-06 10:02:41,391 [main] INFO  server.RaftServerConfigKeys (ConfUtils.java:logGet(46)) - raft.server.sleep.deviation.threshold = 300ms (default)
2024-02-06 10:02:41,391 [main] INFO  server.RaftServerConfigKeys (ConfUtils.java:logGet(46)) - raft.server.close.threshold = 60s (default)
2024-02-06 10:02:41,391 [463d4cd4-93eb-48de-ad15-bb97619fa095-NettyServerStreamRpc-bossGroup--thread1] INFO  logging.LoggingHandler (AbstractInternalLogger.java:log(148)) - [id: 0xe29fd0df] REGISTERED
2024-02-06 10:02:41,391 [main] INFO  server.RaftServerConfigKeys (ConfUtils.java:logGet(46)) - raft.server.leaderelection.leader.step-down.wait-time = 10s (default)
2024-02-06 10:02:41,391 [463d4cd4-93eb-48de-ad15-bb97619fa095-NettyServerStreamRpc-bossGroup--thread1] INFO  logging.LoggingHandler (AbstractInternalLogger.java:log(148)) - [id: 0xe29fd0df] BIND: 0.0.0.0/0.0.0.0:15176
2024-02-06 10:02:41,391 [main] INFO  server.RaftServerConfigKeys (ConfUtils.java:logGet(46)) - raft.server.storage.dir = [/home/runner/work/ozone/ozone/hadoop-ozone/integration-test/target/test-dir/MiniOzoneClusterImpl-aff9c889-8dd2-4f79-ab57-76a0adc13766/datanode-8/data/ratis] (custom)
2024-02-06 10:02:41,392 [463d4cd4-93eb-48de-ad15-bb97619fa095-NettyServerStreamRpc-bossGroup--thread1] INFO  logging.LoggingHandler (AbstractInternalLogger.java:log(148)) - [id: 0xe29fd0df, L:/0.0.0.0:15176] ACTIVE
2024-02-06 10:02:41,392 [main] INFO  server.RaftServerConfigKeys (ConfUtils.java:logGet(46)) - raft.server.threadpool.proxy.cached = true (default)
2024-02-06 10:02:41,392 [main] INFO  server.RaftServerConfigKeys (ConfUtils.java:logGet(46)) - raft.server.threadpool.proxy.size = 0 (default)
2024-02-06 10:02:41,392 [463d4cd4-93eb-48de-ad15-bb97619fa095-impl-thread1] INFO  server.RaftServer (RaftServerProxy.java:initGroupDir(264)) - 463d4cd4-93eb-48de-ad15-bb97619fa095: found a subdirectory /home/runner/work/ozone/ozone/hadoop-ozone/integration-test/target/test-dir/MiniOzoneClusterImpl-aff9c889-8dd2-4f79-ab57-76a0adc13766/datanode-8/data/ratis/tmp
2024-02-06 10:02:41,392 [463d4cd4-93eb-48de-ad15-bb97619fa095-impl-thread1] INFO  server.RaftServer (RaftServerProxy.java:initGroupDir(269)) - 463d4cd4-93eb-48de-ad15-bb97619fa095: The directory /home/runner/work/ozone/ozone/hadoop-ozone/integration-test/target/test-dir/MiniOzoneClusterImpl-aff9c889-8dd2-4f79-ab57-76a0adc13766/datanode-8/data/ratis/tmp is not a group directory; ignoring it. 
2024-02-06 10:02:41,392 [main] INFO  replication.ReplicationServer (ReplicationServer.java:<init>(86)) - Initializing replication server with thread count = 10 queue length = 4096
2024-02-06 10:02:41,393 [main] INFO  server.XceiverServerGrpc (XceiverServerGrpc.java:<init>(141)) - GrpcServer channel type EpollServerSocketChannel
2024-02-06 10:02:41,395 [main] INFO  replication.ReplicationSupervisor (ReplicationSupervisor.java:build(163)) - Initializing replication supervisor with thread count = 10
2024-02-06 10:02:41,395 [main] INFO  replication.ReplicationSupervisor (ReplicationSupervisor.java:nodeStateUpdated(317)) - Node state updated to IN_SERVICE, scaling executor pool size to 10
2024-02-06 10:02:41,396 [main] INFO  http.BaseHttpServer (BaseHttpServer.java:newHttpServer2BuilderForOzone(223)) - Starting Web-server for hddsDatanode at: http://0.0.0.0:15170
2024-02-06 10:02:41,397 [main] INFO  http.BaseHttpServer (BaseHttpServer.java:<init>(110)) - Hadoop Security Enabled: false Ozone Security Enabled: false Ozone HTTP Security Enabled: false 
2024-02-06 10:02:41,397 [main] WARN  server.AuthenticationFilter (AuthenticationFilter.java:constructSecretProvider(240)) - Unable to initialize FileSignerSecretProvider, falling back to use random secrets. Reason: Could not read signature secret file: /home/runner/hadoop-http-auth-signature-secret
2024-02-06 10:02:41,398 [main] INFO  http.HttpRequestLog (HttpRequestLog.java:getRequestLog(86)) - Http request log for http.requests.hddsDatanode is not defined
2024-02-06 10:02:41,399 [main] INFO  http.HttpServer2 (HttpServer2.java:addGlobalFilter(1036)) - Added global filter 'safety' (class=org.apache.hadoop.hdds.server.http.HttpServer2$QuotingInputFilter)
2024-02-06 10:02:41,399 [main] INFO  http.HttpServer2 (HttpServer2.java:addFilter(1012)) - Added filter static_user_filter (class=org.apache.hadoop.http.lib.StaticUserWebFilter$StaticUserFilter) to context hddsDatanode
2024-02-06 10:02:41,399 [main] INFO  http.HttpServer2 (HttpServer2.java:addFilter(1020)) - Added filter static_user_filter (class=org.apache.hadoop.http.lib.StaticUserWebFilter$StaticUserFilter) to context logs
2024-02-06 10:02:41,399 [main] INFO  http.HttpServer2 (HttpServer2.java:addFilter(1020)) - Added filter static_user_filter (class=org.apache.hadoop.http.lib.StaticUserWebFilter$StaticUserFilter) to context static
2024-02-06 10:02:41,400 [main] INFO  http.BaseHttpServer (BaseHttpServer.java:<init>(189)) - HTTP server of hddsDatanode uses base directory /home/runner/work/ozone/ozone/hadoop-ozone/integration-test/target/test-dir/MiniOzoneClusterImpl-aff9c889-8dd2-4f79-ab57-76a0adc13766/datanode-8/meta/webserver
2024-02-06 10:02:41,400 [main] INFO  http.HttpServer2 (HttpServer2.java:bindListener(1236)) - Jetty bound to port 15170
2024-02-06 10:02:41,400 [main] INFO  server.Server (Server.java:doStart(375)) - jetty-9.4.53.v20231009; built: 2023-10-09T12:29:09.265Z; git: 27bde00a0b95a1d5bbee0eae7984f891d2d0f8c9; jvm 1.8.0_402-b06
2024-02-06 10:02:41,401 [main] INFO  server.session (DefaultSessionIdManager.java:doStart(334)) - DefaultSessionIdManager workerName=node0
2024-02-06 10:02:41,401 [main] INFO  server.session (DefaultSessionIdManager.java:doStart(339)) - No SessionScavenger set, using defaults
2024-02-06 10:02:41,402 [main] INFO  server.session (HouseKeeper.java:startScavenging(132)) - node0 Scavenging every 660000ms
2024-02-06 10:02:41,402 [main] INFO  handler.ContextHandler (ContextHandler.java:doStart(921)) - Started o.e.j.s.ServletContextHandler@14e8e0c9{logs,/logs,file:///home/runner/work/ozone/ozone/hadoop-ozone/integration-test/target/log,AVAILABLE}
2024-02-06 10:02:41,403 [main] INFO  handler.ContextHandler (ContextHandler.java:doStart(921)) - Started o.e.j.s.ServletContextHandler@4901ac60{static,/static,jar:file:/home/runner/.m2/repository/org/apache/ozone/hdds-container-service/1.5.0-SNAPSHOT/hdds-container-service-1.5.0-SNAPSHOT.jar!/webapps/static,AVAILABLE}
2024-02-06 10:02:41,435 [main] INFO  handler.ContextHandler (ContextHandler.java:doStart(921)) - Started o.e.j.w.WebAppContext@549929fa{hddsDatanode,/,file:///home/runner/work/ozone/ozone/hadoop-ozone/integration-test/target/test-dir/MiniOzoneClusterImpl-aff9c889-8dd2-4f79-ab57-76a0adc13766/datanode-8/meta/webserver/jetty-0_0_0_0-15170-hdds-container-service-1_5_0-SNAPSHOT_jar-_-any-862563947856614060/webapp/,AVAILABLE}{jar:file:/home/runner/.m2/repository/org/apache/ozone/hdds-container-service/1.5.0-SNAPSHOT/hdds-container-service-1.5.0-SNAPSHOT.jar!/webapps/hddsDatanode}
2024-02-06 10:02:41,436 [main] INFO  server.AbstractConnector (AbstractConnector.java:doStart(333)) - Started ServerConnector@1befe955{HTTP/1.1, (http/1.1)}{0.0.0.0:15170}
2024-02-06 10:02:41,437 [main] INFO  server.Server (Server.java:doStart(415)) - Started @43486ms
2024-02-06 10:02:41,437 [main] WARN  impl.MetricsSystemImpl (MetricsSystemImpl.java:register(279)) - Sink prometheus already exists!
2024-02-06 10:02:41,437 [main] INFO  http.BaseHttpServer (BaseHttpServer.java:updateConnectorAddress(354)) - HTTP server of hddsDatanode listening at http://0.0.0.0:15170
2024-02-06 10:02:41,438 [main] INFO  ipc.CallQueueManager (CallQueueManager.java:<init>(90)) - Using callQueue: class java.util.concurrent.LinkedBlockingQueue, queueCapacity: 100, scheduler: class org.apache.hadoop.ipc.DefaultRpcScheduler, ipcBackoff: false.
2024-02-06 10:02:41,438 [main] INFO  ipc.Server (Server.java:<init>(1287)) - Listener at 0.0.0.0:15171
2024-02-06 10:02:41,438 [Socket Reader #1 for port 15171] INFO  ipc.Server (Server.java:run(1323)) - Starting Socket Reader #1 for port 15171
2024-02-06 10:02:41,440 [main] INFO  ozone.HddsDatanodeService (HddsDatanodeService.java:start(327)) - Datanode start with admins: [runner]
2024-02-06 10:02:41,440 [main] INFO  ozone.HddsDatanodeClientProtocolServer (HddsDatanodeClientProtocolServer.java:start(72)) - RPC server for Client /0.0.0.0:15171
2024-02-06 10:02:41,441 [om1@group-C5BA1605619E-FollowerState] INFO  impl.FollowerState (FollowerState.java:run(143)) - om1@group-C5BA1605619E-FollowerState: change to CANDIDATE, lastRpcElapsedTime:1056313775ns, electionTimeout:1049ms
2024-02-06 10:02:41,441 [om1@group-C5BA1605619E-FollowerState] INFO  impl.RoleInfo (RoleInfo.java:shutdownFollowerState(110)) - om1: shutdown om1@group-C5BA1605619E-FollowerState
2024-02-06 10:02:41,441 [om1@group-C5BA1605619E-FollowerState] INFO  server.RaftServer$Division (RaftServerImpl.java:setRole(383)) - om1@group-C5BA1605619E: changes role from  FOLLOWER to CANDIDATE at term 0 for changeToCandidate
2024-02-06 10:02:41,442 [om1@group-C5BA1605619E-FollowerState] INFO  server.RaftServerConfigKeys (ConfUtils.java:logGet(46)) - raft.server.leaderelection.pre-vote = true (default)
2024-02-06 10:02:41,442 [om1@group-C5BA1605619E-FollowerState] INFO  impl.RoleInfo (RoleInfo.java:updateAndGet(139)) - om1: start om1@group-C5BA1605619E-LeaderElection19
2024-02-06 10:02:41,442 [IPC Server Responder] INFO  ipc.Server (Server.java:run(1562)) - IPC Server Responder: starting
2024-02-06 10:02:41,443 [IPC Server listener on 15171] INFO  ipc.Server (Server.java:run(1402)) - IPC Server listener on 15171: starting
2024-02-06 10:02:41,446 [463d4cd4-93eb-48de-ad15-bb97619fa095-DatanodeStateMachineDaemonThread] INFO  statemachine.DatanodeStateMachine (DatanodeStateMachine.java:lambda$startDaemon$1(555)) - Ozone container server started.
2024-02-06 10:02:41,446 [om1@group-C5BA1605619E-LeaderElection19] INFO  impl.LeaderElection (LeaderElection.java:askForVotes(321)) - om1@group-C5BA1605619E-LeaderElection19 PRE_VOTE round 0: submit vote requests at term 0 for -1: peers:[om1|localhost:15096]|listeners:[], old=null
2024-02-06 10:02:41,446 [main] INFO  ozone.MiniOzoneClusterImpl (MiniOzoneClusterImpl.java:lambda$waitForClusterToBeReady$0(228)) - Waiting for nodes to be ready. Got 0 of 9 DN Heartbeats.
2024-02-06 10:02:41,448 [main] INFO  ozone.MiniOzoneClusterImpl (MiniOzoneClusterImpl.java:lambda$waitForClusterToBeReady$0(231)) - Waiting for cluster to exit safe mode
2024-02-06 10:02:41,448 [main] INFO  ozone.MiniOzoneClusterImpl (MiniOzoneClusterImpl.java:lambda$waitForClusterToBeReady$0(233)) - SCM became leader
2024-02-06 10:02:41,448 [om1@group-C5BA1605619E-LeaderElection19] INFO  impl.LeaderElection (LeaderElection.java:askForVotes(323)) - om1@group-C5BA1605619E-LeaderElection19 PRE_VOTE round 0: result PASSED (term=0)
2024-02-06 10:02:41,452 [463d4cd4-93eb-48de-ad15-bb97619fa095-DatanodeStateMachineTaskThread-0] INFO  datanode.InitDatanodeState (InitDatanodeState.java:persistContainerDatanodeDetails(139)) - DatanodeDetails is persisted to /home/runner/work/ozone/ozone/hadoop-ozone/integration-test/target/test-dir/MiniOzoneClusterImpl-aff9c889-8dd2-4f79-ab57-76a0adc13766/datanode-8/meta/datanode.id
2024-02-06 10:02:41,458 [om1@group-C5BA1605619E-LeaderElection19] INFO  impl.LeaderElection (LeaderElection.java:askForVotes(321)) - om1@group-C5BA1605619E-LeaderElection19 ELECTION round 0: submit vote requests at term 1 for -1: peers:[om1|localhost:15096]|listeners:[], old=null
2024-02-06 10:02:41,458 [om1@group-C5BA1605619E-LeaderElection19] INFO  impl.LeaderElection (LeaderElection.java:askForVotes(323)) - om1@group-C5BA1605619E-LeaderElection19 ELECTION round 0: result PASSED (term=1)
2024-02-06 10:02:41,458 [om1@group-C5BA1605619E-LeaderElection19] INFO  impl.RoleInfo (RoleInfo.java:shutdownLeaderElection(130)) - om1: shutdown om1@group-C5BA1605619E-LeaderElection19
2024-02-06 10:02:41,458 [om1@group-C5BA1605619E-LeaderElection19] INFO  server.RaftServer$Division (RaftServerImpl.java:setRole(383)) - om1@group-C5BA1605619E: changes role from CANDIDATE to LEADER at term 1 for changeToLeader
2024-02-06 10:02:41,458 [om1@group-C5BA1605619E-LeaderElection19] INFO  server.RaftServerConfigKeys (ConfUtils.java:logGet(46)) - raft.server.staging.catchup.gap = 1000 (default)
2024-02-06 10:02:41,458 [om1@group-C5BA1605619E-LeaderElection19] INFO  server.RaftServerConfigKeys (ConfUtils.java:logGet(46)) - raft.server.write.element-limit = 4096 (default)
2024-02-06 10:02:41,458 [om1@group-C5BA1605619E-LeaderElection19] INFO  server.RaftServerConfigKeys (ConfUtils.java:logGet(46)) - raft.server.write.byte-limit = 64MB (=67108864) (default)
2024-02-06 10:02:41,459 [om1@group-C5BA1605619E-LeaderElection19] INFO  server.RaftServerConfigKeys (ConfUtils.java:logGet(46)) - raft.server.watch.timeout = 10s (default)
2024-02-06 10:02:41,459 [om1@group-C5BA1605619E-LeaderElection19] INFO  server.RaftServerConfigKeys (ConfUtils.java:logGet(46)) - raft.server.watch.timeout.denomination = 1s (default)
2024-02-06 10:02:41,459 [om1@group-C5BA1605619E-LeaderElection19] INFO  server.RaftServerConfigKeys (ConfUtils.java:logGet(46)) - raft.server.watch.element-limit = 65536 (default)
2024-02-06 10:02:41,459 [om1@group-C5BA1605619E-LeaderElection19] INFO  server.RaftServerConfigKeys (ConfUtils.java:logGet(46)) - raft.server.read.leader.lease.enabled = false (default)
2024-02-06 10:02:41,459 [om1@group-C5BA1605619E-LeaderElection19] INFO  server.RaftServerConfigKeys (ConfUtils.java:logGet(46)) - raft.server.read.leader.lease.timeout.ratio = 0.9 (default)
2024-02-06 10:02:41,460 [om1@group-C5BA1605619E-LeaderElection19] INFO  server.RaftServerConfigKeys (ConfUtils.java:logGet(46)) - raft.server.rpc.timeout.min = 1s (custom)
2024-02-06 10:02:41,460 [om1@group-C5BA1605619E-LeaderElection19] INFO  server.RaftServerConfigKeys (ConfUtils.java:logGet(46)) - raft.server.write.element-limit = 4096 (default)
2024-02-06 10:02:41,460 [om1@group-C5BA1605619E-LeaderElection19] INFO  server.RaftServerConfigKeys (ConfUtils.java:logGet(46)) - raft.server.write.follower.gap.ratio.max = -1.0 (default)
2024-02-06 10:02:41,460 [om1@group-C5BA1605619E-LeaderElection19] INFO  impl.RoleInfo (RoleInfo.java:updateAndGet(139)) - om1: start om1@group-C5BA1605619E-LeaderStateImpl
2024-02-06 10:02:41,460 [om1@group-C5BA1605619E-LeaderElection19] INFO  server.RaftServer$Division (RaftServerImpl.java:setFirstElection(574)) - om1@group-C5BA1605619E: set firstElectionSinceStartup to false for becomeLeader
2024-02-06 10:02:41,460 [om1@group-C5BA1605619E-LeaderElection19] INFO  server.RaftServer$Division (ServerState.java:setLeader(269)) - om1@group-C5BA1605619E: change Leader from null to om1 at term 1 for becomeLeader, leader elected after 1317ms
2024-02-06 10:02:41,460 [om1@group-C5BA1605619E-LeaderElection19] INFO  segmented.SegmentedRaftLogWorker (SegmentedRaftLogWorker.java:startLogSegment(430)) - om1@group-C5BA1605619E-SegmentedRaftLogWorker: Starting segment from index:0
2024-02-06 10:02:41,461 [om1@group-C5BA1605619E-SegmentedRaftLogWorker] INFO  segmented.BufferedWriteChannel (BufferedWriteChannel.java:open(62)) - open log_inprogress_0 at position 0
2024-02-06 10:02:41,466 [om1@group-C5BA1605619E-LeaderElection19] INFO  server.RaftServer$Division (ServerState.java:setRaftConf(386)) - om1@group-C5BA1605619E: set configuration 0: peers:[om1|localhost:15096]|listeners:[], old=null
2024-02-06 10:02:41,467 [om1@group-C5BA1605619E-SegmentedRaftLogWorker] INFO  segmented.SegmentedRaftLogWorker (SegmentedRaftLogWorker.java:execute(634)) - om1@group-C5BA1605619E-SegmentedRaftLogWorker: created new log segment /home/runner/work/ozone/ozone/hadoop-ozone/integration-test/target/test-dir/MiniOzoneClusterImpl-aff9c889-8dd2-4f79-ab57-76a0adc13766/ozone-meta/ratis/bf265839-605b-3f16-9796-c5ba1605619e/current/log_inprogress_0
2024-02-06 10:02:41,470 [om1@group-C5BA1605619E-StateMachineUpdater] INFO  ratis.OzoneManagerStateMachine (OzoneManagerStateMachine.java:notifyConfigurationChanged(200)) - Received Configuration change notification from Ratis. New Peer list:
[id: "om1"
address: "localhost:15096"
startupRole: FOLLOWER
]
2024-02-06 10:02:41,470 [om1@group-C5BA1605619E-StateMachineUpdater] INFO  server.RaftServer$Division (LeaderStateImpl.java:isApplied(320)) - leader is ready since appliedIndex == 0 >= startIndex == 0
2024-02-06 10:02:41,579 [timer4] WARN  server.GrpcLogAppender (GrpcLogAppender.java:lambda$resetClient$1(217)) - b5ceea7a-b211-436f-99cb-30c3b1d2b962@group-1946C8ABA6FE->5706e09e-3abf-4f98-a46f-bf5623bf8714-GrpcLogAppender: Follower failed (request=null, errorCount=2); keep nextIndex (1) unchanged and retry. (Repeated 2 times in the last 5.000s)
2024-02-06 10:02:41,579 [timer3] WARN  server.GrpcLogAppender (LogUtils.java:warn(121)) - b5ceea7a-b211-436f-99cb-30c3b1d2b962@group-1946C8ABA6FE->5706e09e-3abf-4f98-a46f-bf5623bf8714-AppendLogResponseHandler: Failed appendEntries (Repeated 2 times in the last 5.000s): org.apache.ratis.thirdparty.io.grpc.StatusRuntimeException: CANCELLED: RST_STREAM closed stream. HTTP/2 error code: CANCEL
2024-02-06 10:02:41,601 [timer5] WARN  server.GrpcLogAppender (LogUtils.java:warn(121)) - b5ceea7a-b211-436f-99cb-30c3b1d2b962@group-1946C8ABA6FE->056ba6fe-1153-4baf-83bb-9fd10f8a000d-AppendLogResponseHandler: Failed appendEntries (Repeated 2 times in the last 5.000s): org.apache.ratis.thirdparty.io.grpc.StatusRuntimeException: CANCELLED: RST_STREAM closed stream. HTTP/2 error code: CANCEL
2024-02-06 10:02:41,601 [timer6] WARN  server.GrpcLogAppender (GrpcLogAppender.java:lambda$resetClient$1(217)) - b5ceea7a-b211-436f-99cb-30c3b1d2b962@group-1946C8ABA6FE->056ba6fe-1153-4baf-83bb-9fd10f8a000d-GrpcLogAppender: Follower failed (request=null, errorCount=2); keep nextIndex (1) unchanged and retry. (Repeated 2 times in the last 5.000s)
2024-02-06 10:02:42,448 [main] INFO  ozone.MiniOzoneClusterImpl (MiniOzoneClusterImpl.java:lambda$waitForClusterToBeReady$0(228)) - Waiting for nodes to be ready. Got 0 of 9 DN Heartbeats.
2024-02-06 10:02:42,449 [main] INFO  ozone.MiniOzoneClusterImpl (MiniOzoneClusterImpl.java:lambda$waitForClusterToBeReady$0(231)) - Waiting for cluster to exit safe mode
2024-02-06 10:02:42,449 [main] INFO  ozone.MiniOzoneClusterImpl (MiniOzoneClusterImpl.java:lambda$waitForClusterToBeReady$0(233)) - SCM became leader
2024-02-06 10:02:42,571 [488c4769-1e0b-4768-b3fe-c72db1d0dad7-EndpointStateMachineTaskThread-/0.0.0.0:15091-0 ] INFO  utils.DatanodeStoreCache (DatanodeStoreCache.java:addDB(72)) - Added db /home/runner/work/ozone/ozone/hadoop-ozone/integration-test/target/test-dir/MiniOzoneClusterImpl-aff9c889-8dd2-4f79-ab57-76a0adc13766/datanode-0/data-0/containers/hdds/aff9c889-8dd2-4f79-ab57-76a0adc13766/DS-d59af0ad-321c-4720-89f9-c1fbafa6673e/container.db to cache
2024-02-06 10:02:42,572 [488c4769-1e0b-4768-b3fe-c72db1d0dad7-EndpointStateMachineTaskThread-/0.0.0.0:15091-0 ] INFO  volume.HddsVolume (HddsVolume.java:createDbStore(420)) - SchemaV3 db is created and loaded at /home/runner/work/ozone/ozone/hadoop-ozone/integration-test/target/test-dir/MiniOzoneClusterImpl-aff9c889-8dd2-4f79-ab57-76a0adc13766/datanode-0/data-0/containers/hdds/aff9c889-8dd2-4f79-ab57-76a0adc13766/DS-d59af0ad-321c-4720-89f9-c1fbafa6673e/container.db for volume DS-d59af0ad-321c-4720-89f9-c1fbafa6673e
2024-02-06 10:02:42,573 [488c4769-1e0b-4768-b3fe-c72db1d0dad7-ContainerReader-0] INFO  ozoneimpl.ContainerReader (ContainerReader.java:readVolume(148)) - Start to verify containers on volume /home/runner/work/ozone/ozone/hadoop-ozone/integration-test/target/test-dir/MiniOzoneClusterImpl-aff9c889-8dd2-4f79-ab57-76a0adc13766/datanode-0/data-0/containers/hdds
2024-02-06 10:02:42,573 [488c4769-1e0b-4768-b3fe-c72db1d0dad7-ContainerReader-0] INFO  ozoneimpl.ContainerReader (ContainerReader.java:readVolume(178)) - Finish verifying containers on volume /home/runner/work/ozone/ozone/hadoop-ozone/integration-test/target/test-dir/MiniOzoneClusterImpl-aff9c889-8dd2-4f79-ab57-76a0adc13766/datanode-0/data-0/containers/hdds
2024-02-06 10:02:42,573 [488c4769-1e0b-4768-b3fe-c72db1d0dad7-EndpointStateMachineTaskThread-/0.0.0.0:15091-0 ] INFO  ozoneimpl.OzoneContainer (OzoneContainer.java:buildContainerSet(328)) - Build ContainerSet costs 0s
2024-02-06 10:02:42,574 [488c4769-1e0b-4768-b3fe-c72db1d0dad7-EndpointStateMachineTaskThread-/0.0.0.0:15091-0 ] INFO  volume.ThrottledAsyncChecker (ThrottledAsyncChecker.java:schedule(141)) - Scheduling a check for /home/runner/work/ozone/ozone/hadoop-ozone/integration-test/target/test-dir/MiniOzoneClusterImpl-aff9c889-8dd2-4f79-ab57-76a0adc13766/datanode-0/data-0/containers/hdds
2024-02-06 10:02:42,574 [488c4769-1e0b-4768-b3fe-c72db1d0dad7-EndpointStateMachineTaskThread-/0.0.0.0:15091-0 ] INFO  volume.StorageVolumeChecker (StorageVolumeChecker.java:checkAllVolumes(218)) - Scheduled health check for volume /home/runner/work/ozone/ozone/hadoop-ozone/integration-test/target/test-dir/MiniOzoneClusterImpl-aff9c889-8dd2-4f79-ab57-76a0adc13766/datanode-0/data-0/containers/hdds
2024-02-06 10:02:42,576 [488c4769-1e0b-4768-b3fe-c72db1d0dad7-EndpointStateMachineTaskThread-/0.0.0.0:15091-0 ] INFO  volume.ThrottledAsyncChecker (ThrottledAsyncChecker.java:schedule(141)) - Scheduling a check for /home/runner/work/ozone/ozone/hadoop-ozone/integration-test/target/test-dir/MiniOzoneClusterImpl-aff9c889-8dd2-4f79-ab57-76a0adc13766/datanode-0/data/ratis
2024-02-06 10:02:42,576 [488c4769-1e0b-4768-b3fe-c72db1d0dad7-EndpointStateMachineTaskThread-/0.0.0.0:15091-0 ] INFO  volume.StorageVolumeChecker (StorageVolumeChecker.java:checkAllVolumes(218)) - Scheduled health check for volume /home/runner/work/ozone/ozone/hadoop-ozone/integration-test/target/test-dir/MiniOzoneClusterImpl-aff9c889-8dd2-4f79-ab57-76a0adc13766/datanode-0/data/ratis
2024-02-06 10:02:42,577 [488c4769-1e0b-4768-b3fe-c72db1d0dad7-EndpointStateMachineTaskThread-/0.0.0.0:15091-0 ] INFO  ozoneimpl.OzoneContainer (OzoneContainer.java:start(459)) - Attempting to start container services.
2024-02-06 10:02:42,577 [488c4769-1e0b-4768-b3fe-c72db1d0dad7-EndpointStateMachineTaskThread-/0.0.0.0:15091-0 ] INFO  ozoneimpl.OzoneContainer (OzoneContainer.java:startContainerScrub(339)) - Scheduled background container scanners and the on-demand container scanner have been disabled.
2024-02-06 10:02:42,577 [488c4769-1e0b-4768-b3fe-c72db1d0dad7-EndpointStateMachineTaskThread-/0.0.0.0:15091-0 ] INFO  replication.ReplicationServer (ReplicationServer.java:start(140)) - ReplicationServer is started using port 15105
2024-02-06 10:02:42,578 [488c4769-1e0b-4768-b3fe-c72db1d0dad7-EndpointStateMachineTaskThread-/0.0.0.0:15091-0 ] INFO  ratis.XceiverServerRatis (XceiverServerRatis.java:start(566)) - Starting XceiverServerRatis 488c4769-1e0b-4768-b3fe-c72db1d0dad7
2024-02-06 10:02:42,578 [488c4769-1e0b-4768-b3fe-c72db1d0dad7-EndpointStateMachineTaskThread-/0.0.0.0:15091-0 ] INFO  server.RaftServer (RaftServerProxy.java:startImpl(406)) - 488c4769-1e0b-4768-b3fe-c72db1d0dad7: start RPC server
2024-02-06 10:02:42,578 [488c4769-1e0b-4768-b3fe-c72db1d0dad7-EndpointStateMachineTaskThread-/0.0.0.0:15091-0 ] INFO  server.GrpcService (GrpcService.java:startImpl(302)) - 488c4769-1e0b-4768-b3fe-c72db1d0dad7: GrpcService started, listening on 15101
2024-02-06 10:02:42,579 [488c4769-1e0b-4768-b3fe-c72db1d0dad7-EndpointStateMachineTaskThread-/0.0.0.0:15091-0 ] INFO  server.GrpcService (GrpcService.java:startImpl(302)) - 488c4769-1e0b-4768-b3fe-c72db1d0dad7: GrpcService started, listening on 15103
2024-02-06 10:02:42,579 [488c4769-1e0b-4768-b3fe-c72db1d0dad7-EndpointStateMachineTaskThread-/0.0.0.0:15091-0 ] INFO  server.GrpcService (GrpcService.java:startImpl(302)) - 488c4769-1e0b-4768-b3fe-c72db1d0dad7: GrpcService started, listening on 15102
2024-02-06 10:02:42,581 [488c4769-1e0b-4768-b3fe-c72db1d0dad7-EndpointStateMachineTaskThread-/0.0.0.0:15091-0 ] INFO  ratis.XceiverServerRatis (XceiverServerRatis.java:getRealPort(592)) - XceiverServerRatis 488c4769-1e0b-4768-b3fe-c72db1d0dad7 is started using port 15101 for RATIS
2024-02-06 10:02:42,581 [JvmPauseMonitor13] INFO  util.JvmPauseMonitor (JvmPauseMonitor.java:run(146)) - JvmPauseMonitor-488c4769-1e0b-4768-b3fe-c72db1d0dad7: Started
2024-02-06 10:02:42,581 [488c4769-1e0b-4768-b3fe-c72db1d0dad7-EndpointStateMachineTaskThread-/0.0.0.0:15091-0 ] INFO  ratis.XceiverServerRatis (XceiverServerRatis.java:getRealPort(592)) - XceiverServerRatis 488c4769-1e0b-4768-b3fe-c72db1d0dad7 is started using port 15102 for RATIS_ADMIN
2024-02-06 10:02:42,581 [488c4769-1e0b-4768-b3fe-c72db1d0dad7-EndpointStateMachineTaskThread-/0.0.0.0:15091-0 ] INFO  ratis.XceiverServerRatis (XceiverServerRatis.java:getRealPort(592)) - XceiverServerRatis 488c4769-1e0b-4768-b3fe-c72db1d0dad7 is started using port 15103 for RATIS_SERVER
2024-02-06 10:02:42,581 [488c4769-1e0b-4768-b3fe-c72db1d0dad7-EndpointStateMachineTaskThread-/0.0.0.0:15091-0 ] INFO  ratis.XceiverServerRatis (XceiverServerRatis.java:getRealPort(592)) - XceiverServerRatis 488c4769-1e0b-4768-b3fe-c72db1d0dad7 is started using port 15104 for RATIS_DATASTREAM
2024-02-06 10:02:42,582 [488c4769-1e0b-4768-b3fe-c72db1d0dad7-BlockDeletingService#0] INFO  interfaces.ContainerDeletionChoosingPolicyTemplate (ContainerDeletionChoosingPolicyTemplate.java:chooseContainerForBlockDeletion(85)) - Chosen 0/5000 blocks from 0 candidate containers.
2024-02-06 10:02:42,671 [e4108bdc-dd8a-4467-8687-0aef72f28da1-EndpointStateMachineTaskThread-/0.0.0.0:15091-0 ] INFO  utils.DatanodeStoreCache (DatanodeStoreCache.java:addDB(72)) - Added db /home/runner/work/ozone/ozone/hadoop-ozone/integration-test/target/test-dir/MiniOzoneClusterImpl-aff9c889-8dd2-4f79-ab57-76a0adc13766/datanode-1/data-0/containers/hdds/aff9c889-8dd2-4f79-ab57-76a0adc13766/DS-3a5ef1ed-41be-4462-ad67-f0ed3658a2f1/container.db to cache
2024-02-06 10:02:42,671 [e4108bdc-dd8a-4467-8687-0aef72f28da1-EndpointStateMachineTaskThread-/0.0.0.0:15091-0 ] INFO  volume.HddsVolume (HddsVolume.java:createDbStore(420)) - SchemaV3 db is created and loaded at /home/runner/work/ozone/ozone/hadoop-ozone/integration-test/target/test-dir/MiniOzoneClusterImpl-aff9c889-8dd2-4f79-ab57-76a0adc13766/datanode-1/data-0/containers/hdds/aff9c889-8dd2-4f79-ab57-76a0adc13766/DS-3a5ef1ed-41be-4462-ad67-f0ed3658a2f1/container.db for volume DS-3a5ef1ed-41be-4462-ad67-f0ed3658a2f1
2024-02-06 10:02:42,673 [e4108bdc-dd8a-4467-8687-0aef72f28da1-ContainerReader-0] INFO  ozoneimpl.ContainerReader (ContainerReader.java:readVolume(148)) - Start to verify containers on volume /home/runner/work/ozone/ozone/hadoop-ozone/integration-test/target/test-dir/MiniOzoneClusterImpl-aff9c889-8dd2-4f79-ab57-76a0adc13766/datanode-1/data-0/containers/hdds
2024-02-06 10:02:42,673 [e4108bdc-dd8a-4467-8687-0aef72f28da1-ContainerReader-0] INFO  ozoneimpl.ContainerReader (ContainerReader.java:readVolume(178)) - Finish verifying containers on volume /home/runner/work/ozone/ozone/hadoop-ozone/integration-test/target/test-dir/MiniOzoneClusterImpl-aff9c889-8dd2-4f79-ab57-76a0adc13766/datanode-1/data-0/containers/hdds
2024-02-06 10:02:42,673 [e4108bdc-dd8a-4467-8687-0aef72f28da1-EndpointStateMachineTaskThread-/0.0.0.0:15091-0 ] INFO  ozoneimpl.OzoneContainer (OzoneContainer.java:buildContainerSet(328)) - Build ContainerSet costs 0s
2024-02-06 10:02:42,674 [e4108bdc-dd8a-4467-8687-0aef72f28da1-EndpointStateMachineTaskThread-/0.0.0.0:15091-0 ] INFO  volume.ThrottledAsyncChecker (ThrottledAsyncChecker.java:schedule(141)) - Scheduling a check for /home/runner/work/ozone/ozone/hadoop-ozone/integration-test/target/test-dir/MiniOzoneClusterImpl-aff9c889-8dd2-4f79-ab57-76a0adc13766/datanode-1/data-0/containers/hdds
2024-02-06 10:02:42,674 [e4108bdc-dd8a-4467-8687-0aef72f28da1-EndpointStateMachineTaskThread-/0.0.0.0:15091-0 ] INFO  volume.StorageVolumeChecker (StorageVolumeChecker.java:checkAllVolumes(218)) - Scheduled health check for volume /home/runner/work/ozone/ozone/hadoop-ozone/integration-test/target/test-dir/MiniOzoneClusterImpl-aff9c889-8dd2-4f79-ab57-76a0adc13766/datanode-1/data-0/containers/hdds
2024-02-06 10:02:42,676 [e4108bdc-dd8a-4467-8687-0aef72f28da1-EndpointStateMachineTaskThread-/0.0.0.0:15091-0 ] INFO  volume.ThrottledAsyncChecker (ThrottledAsyncChecker.java:schedule(141)) - Scheduling a check for /home/runner/work/ozone/ozone/hadoop-ozone/integration-test/target/test-dir/MiniOzoneClusterImpl-aff9c889-8dd2-4f79-ab57-76a0adc13766/datanode-1/data/ratis
2024-02-06 10:02:42,676 [e4108bdc-dd8a-4467-8687-0aef72f28da1-EndpointStateMachineTaskThread-/0.0.0.0:15091-0 ] INFO  volume.StorageVolumeChecker (StorageVolumeChecker.java:checkAllVolumes(218)) - Scheduled health check for volume /home/runner/work/ozone/ozone/hadoop-ozone/integration-test/target/test-dir/MiniOzoneClusterImpl-aff9c889-8dd2-4f79-ab57-76a0adc13766/datanode-1/data/ratis
2024-02-06 10:02:42,677 [e4108bdc-dd8a-4467-8687-0aef72f28da1-EndpointStateMachineTaskThread-/0.0.0.0:15091-0 ] INFO  ozoneimpl.OzoneContainer (OzoneContainer.java:start(459)) - Attempting to start container services.
2024-02-06 10:02:42,677 [e4108bdc-dd8a-4467-8687-0aef72f28da1-EndpointStateMachineTaskThread-/0.0.0.0:15091-0 ] INFO  ozoneimpl.OzoneContainer (OzoneContainer.java:startContainerScrub(339)) - Scheduled background container scanners and the on-demand container scanner have been disabled.
2024-02-06 10:02:42,677 [e4108bdc-dd8a-4467-8687-0aef72f28da1-EndpointStateMachineTaskThread-/0.0.0.0:15091-0 ] INFO  replication.ReplicationServer (ReplicationServer.java:start(140)) - ReplicationServer is started using port 15114
2024-02-06 10:02:42,677 [e4108bdc-dd8a-4467-8687-0aef72f28da1-EndpointStateMachineTaskThread-/0.0.0.0:15091-0 ] INFO  ratis.XceiverServerRatis (XceiverServerRatis.java:start(566)) - Starting XceiverServerRatis e4108bdc-dd8a-4467-8687-0aef72f28da1
2024-02-06 10:02:42,679 [e4108bdc-dd8a-4467-8687-0aef72f28da1-EndpointStateMachineTaskThread-/0.0.0.0:15091-0 ] INFO  server.RaftServer (RaftServerProxy.java:startImpl(406)) - e4108bdc-dd8a-4467-8687-0aef72f28da1: start RPC server
2024-02-06 10:02:42,680 [e4108bdc-dd8a-4467-8687-0aef72f28da1-EndpointStateMachineTaskThread-/0.0.0.0:15091-0 ] INFO  server.GrpcService (GrpcService.java:startImpl(302)) - e4108bdc-dd8a-4467-8687-0aef72f28da1: GrpcService started, listening on 15110
2024-02-06 10:02:42,680 [e4108bdc-dd8a-4467-8687-0aef72f28da1-EndpointStateMachineTaskThread-/0.0.0.0:15091-0 ] INFO  server.GrpcService (GrpcService.java:startImpl(302)) - e4108bdc-dd8a-4467-8687-0aef72f28da1: GrpcService started, listening on 15112
2024-02-06 10:02:42,681 [e4108bdc-dd8a-4467-8687-0aef72f28da1-EndpointStateMachineTaskThread-/0.0.0.0:15091-0 ] INFO  server.GrpcService (GrpcService.java:startImpl(302)) - e4108bdc-dd8a-4467-8687-0aef72f28da1: GrpcService started, listening on 15111
2024-02-06 10:02:42,681 [e4108bdc-dd8a-4467-8687-0aef72f28da1-EndpointStateMachineTaskThread-/0.0.0.0:15091-0 ] INFO  ratis.XceiverServerRatis (XceiverServerRatis.java:getRealPort(592)) - XceiverServerRatis e4108bdc-dd8a-4467-8687-0aef72f28da1 is started using port 15110 for RATIS
2024-02-06 10:02:42,681 [JvmPauseMonitor14] INFO  util.JvmPauseMonitor (JvmPauseMonitor.java:run(146)) - JvmPauseMonitor-e4108bdc-dd8a-4467-8687-0aef72f28da1: Started
2024-02-06 10:02:42,681 [e4108bdc-dd8a-4467-8687-0aef72f28da1-EndpointStateMachineTaskThread-/0.0.0.0:15091-0 ] INFO  ratis.XceiverServerRatis (XceiverServerRatis.java:getRealPort(592)) - XceiverServerRatis e4108bdc-dd8a-4467-8687-0aef72f28da1 is started using port 15111 for RATIS_ADMIN
2024-02-06 10:02:42,681 [e4108bdc-dd8a-4467-8687-0aef72f28da1-EndpointStateMachineTaskThread-/0.0.0.0:15091-0 ] INFO  ratis.XceiverServerRatis (XceiverServerRatis.java:getRealPort(592)) - XceiverServerRatis e4108bdc-dd8a-4467-8687-0aef72f28da1 is started using port 15112 for RATIS_SERVER
2024-02-06 10:02:42,681 [e4108bdc-dd8a-4467-8687-0aef72f28da1-EndpointStateMachineTaskThread-/0.0.0.0:15091-0 ] INFO  ratis.XceiverServerRatis (XceiverServerRatis.java:getRealPort(592)) - XceiverServerRatis e4108bdc-dd8a-4467-8687-0aef72f28da1 is started using port 15113 for RATIS_DATASTREAM
2024-02-06 10:02:42,682 [e4108bdc-dd8a-4467-8687-0aef72f28da1-BlockDeletingService#0] INFO  interfaces.ContainerDeletionChoosingPolicyTemplate (ContainerDeletionChoosingPolicyTemplate.java:chooseContainerForBlockDeletion(85)) - Chosen 0/5000 blocks from 0 candidate containers.
2024-02-06 10:02:42,793 [07380eda-3c62-4610-a005-d4af5e2d732d-EndpointStateMachineTaskThread-/0.0.0.0:15091-0 ] INFO  utils.DatanodeStoreCache (DatanodeStoreCache.java:addDB(72)) - Added db /home/runner/work/ozone/ozone/hadoop-ozone/integration-test/target/test-dir/MiniOzoneClusterImpl-aff9c889-8dd2-4f79-ab57-76a0adc13766/datanode-2/data-0/containers/hdds/aff9c889-8dd2-4f79-ab57-76a0adc13766/DS-46827b13-81e7-407a-a7f7-91c9d80bf8ec/container.db to cache
2024-02-06 10:02:42,793 [07380eda-3c62-4610-a005-d4af5e2d732d-EndpointStateMachineTaskThread-/0.0.0.0:15091-0 ] INFO  volume.HddsVolume (HddsVolume.java:createDbStore(420)) - SchemaV3 db is created and loaded at /home/runner/work/ozone/ozone/hadoop-ozone/integration-test/target/test-dir/MiniOzoneClusterImpl-aff9c889-8dd2-4f79-ab57-76a0adc13766/datanode-2/data-0/containers/hdds/aff9c889-8dd2-4f79-ab57-76a0adc13766/DS-46827b13-81e7-407a-a7f7-91c9d80bf8ec/container.db for volume DS-46827b13-81e7-407a-a7f7-91c9d80bf8ec
2024-02-06 10:02:42,795 [07380eda-3c62-4610-a005-d4af5e2d732d-ContainerReader-0] INFO  ozoneimpl.ContainerReader (ContainerReader.java:readVolume(148)) - Start to verify containers on volume /home/runner/work/ozone/ozone/hadoop-ozone/integration-test/target/test-dir/MiniOzoneClusterImpl-aff9c889-8dd2-4f79-ab57-76a0adc13766/datanode-2/data-0/containers/hdds
2024-02-06 10:02:42,795 [07380eda-3c62-4610-a005-d4af5e2d732d-ContainerReader-0] INFO  ozoneimpl.ContainerReader (ContainerReader.java:readVolume(178)) - Finish verifying containers on volume /home/runner/work/ozone/ozone/hadoop-ozone/integration-test/target/test-dir/MiniOzoneClusterImpl-aff9c889-8dd2-4f79-ab57-76a0adc13766/datanode-2/data-0/containers/hdds
2024-02-06 10:02:42,795 [07380eda-3c62-4610-a005-d4af5e2d732d-EndpointStateMachineTaskThread-/0.0.0.0:15091-0 ] INFO  ozoneimpl.OzoneContainer (OzoneContainer.java:buildContainerSet(328)) - Build ContainerSet costs 0s
2024-02-06 10:02:42,795 [07380eda-3c62-4610-a005-d4af5e2d732d-EndpointStateMachineTaskThread-/0.0.0.0:15091-0 ] INFO  volume.ThrottledAsyncChecker (ThrottledAsyncChecker.java:schedule(141)) - Scheduling a check for /home/runner/work/ozone/ozone/hadoop-ozone/integration-test/target/test-dir/MiniOzoneClusterImpl-aff9c889-8dd2-4f79-ab57-76a0adc13766/datanode-2/data-0/containers/hdds
2024-02-06 10:02:42,796 [07380eda-3c62-4610-a005-d4af5e2d732d-EndpointStateMachineTaskThread-/0.0.0.0:15091-0 ] INFO  volume.StorageVolumeChecker (StorageVolumeChecker.java:checkAllVolumes(218)) - Scheduled health check for volume /home/runner/work/ozone/ozone/hadoop-ozone/integration-test/target/test-dir/MiniOzoneClusterImpl-aff9c889-8dd2-4f79-ab57-76a0adc13766/datanode-2/data-0/containers/hdds
2024-02-06 10:02:42,797 [07380eda-3c62-4610-a005-d4af5e2d732d-EndpointStateMachineTaskThread-/0.0.0.0:15091-0 ] INFO  volume.ThrottledAsyncChecker (ThrottledAsyncChecker.java:schedule(141)) - Scheduling a check for /home/runner/work/ozone/ozone/hadoop-ozone/integration-test/target/test-dir/MiniOzoneClusterImpl-aff9c889-8dd2-4f79-ab57-76a0adc13766/datanode-2/data/ratis
2024-02-06 10:02:42,797 [07380eda-3c62-4610-a005-d4af5e2d732d-EndpointStateMachineTaskThread-/0.0.0.0:15091-0 ] INFO  volume.StorageVolumeChecker (StorageVolumeChecker.java:checkAllVolumes(218)) - Scheduled health check for volume /home/runner/work/ozone/ozone/hadoop-ozone/integration-test/target/test-dir/MiniOzoneClusterImpl-aff9c889-8dd2-4f79-ab57-76a0adc13766/datanode-2/data/ratis
2024-02-06 10:02:42,798 [07380eda-3c62-4610-a005-d4af5e2d732d-EndpointStateMachineTaskThread-/0.0.0.0:15091-0 ] INFO  ozoneimpl.OzoneContainer (OzoneContainer.java:start(459)) - Attempting to start container services.
2024-02-06 10:02:42,799 [07380eda-3c62-4610-a005-d4af5e2d732d-EndpointStateMachineTaskThread-/0.0.0.0:15091-0 ] INFO  ozoneimpl.OzoneContainer (OzoneContainer.java:startContainerScrub(339)) - Scheduled background container scanners and the on-demand container scanner have been disabled.
2024-02-06 10:02:42,799 [07380eda-3c62-4610-a005-d4af5e2d732d-EndpointStateMachineTaskThread-/0.0.0.0:15091-0 ] INFO  replication.ReplicationServer (ReplicationServer.java:start(140)) - ReplicationServer is started using port 15123
2024-02-06 10:02:42,799 [07380eda-3c62-4610-a005-d4af5e2d732d-EndpointStateMachineTaskThread-/0.0.0.0:15091-0 ] INFO  ratis.XceiverServerRatis (XceiverServerRatis.java:start(566)) - Starting XceiverServerRatis 07380eda-3c62-4610-a005-d4af5e2d732d
2024-02-06 10:02:42,800 [07380eda-3c62-4610-a005-d4af5e2d732d-EndpointStateMachineTaskThread-/0.0.0.0:15091-0 ] INFO  server.RaftServer (RaftServerProxy.java:startImpl(406)) - 07380eda-3c62-4610-a005-d4af5e2d732d: start RPC server
2024-02-06 10:02:42,800 [07380eda-3c62-4610-a005-d4af5e2d732d-EndpointStateMachineTaskThread-/0.0.0.0:15091-0 ] INFO  server.GrpcService (GrpcService.java:startImpl(302)) - 07380eda-3c62-4610-a005-d4af5e2d732d: GrpcService started, listening on 15119
2024-02-06 10:02:42,800 [07380eda-3c62-4610-a005-d4af5e2d732d-EndpointStateMachineTaskThread-/0.0.0.0:15091-0 ] INFO  server.GrpcService (GrpcService.java:startImpl(302)) - 07380eda-3c62-4610-a005-d4af5e2d732d: GrpcService started, listening on 15121
2024-02-06 10:02:42,800 [07380eda-3c62-4610-a005-d4af5e2d732d-EndpointStateMachineTaskThread-/0.0.0.0:15091-0 ] INFO  server.GrpcService (GrpcService.java:startImpl(302)) - 07380eda-3c62-4610-a005-d4af5e2d732d: GrpcService started, listening on 15120
2024-02-06 10:02:42,801 [07380eda-3c62-4610-a005-d4af5e2d732d-EndpointStateMachineTaskThread-/0.0.0.0:15091-0 ] INFO  ratis.XceiverServerRatis (XceiverServerRatis.java:getRealPort(592)) - XceiverServerRatis 07380eda-3c62-4610-a005-d4af5e2d732d is started using port 15119 for RATIS
2024-02-06 10:02:42,801 [JvmPauseMonitor15] INFO  util.JvmPauseMonitor (JvmPauseMonitor.java:run(146)) - JvmPauseMonitor-07380eda-3c62-4610-a005-d4af5e2d732d: Started
2024-02-06 10:02:42,801 [07380eda-3c62-4610-a005-d4af5e2d732d-EndpointStateMachineTaskThread-/0.0.0.0:15091-0 ] INFO  ratis.XceiverServerRatis (XceiverServerRatis.java:getRealPort(592)) - XceiverServerRatis 07380eda-3c62-4610-a005-d4af5e2d732d is started using port 15120 for RATIS_ADMIN
2024-02-06 10:02:42,801 [07380eda-3c62-4610-a005-d4af5e2d732d-EndpointStateMachineTaskThread-/0.0.0.0:15091-0 ] INFO  ratis.XceiverServerRatis (XceiverServerRatis.java:getRealPort(592)) - XceiverServerRatis 07380eda-3c62-4610-a005-d4af5e2d732d is started using port 15121 for RATIS_SERVER
2024-02-06 10:02:42,801 [07380eda-3c62-4610-a005-d4af5e2d732d-EndpointStateMachineTaskThread-/0.0.0.0:15091-0 ] INFO  ratis.XceiverServerRatis (XceiverServerRatis.java:getRealPort(592)) - XceiverServerRatis 07380eda-3c62-4610-a005-d4af5e2d732d is started using port 15122 for RATIS_DATASTREAM
2024-02-06 10:02:42,802 [07380eda-3c62-4610-a005-d4af5e2d732d-BlockDeletingService#0] INFO  interfaces.ContainerDeletionChoosingPolicyTemplate (ContainerDeletionChoosingPolicyTemplate.java:chooseContainerForBlockDeletion(85)) - Chosen 0/5000 blocks from 0 candidate containers.
2024-02-06 10:02:42,901 [9b6fde4f-3239-4bc3-82bd-b2cd2f08e288-EndpointStateMachineTaskThread-/0.0.0.0:15091-0 ] INFO  utils.DatanodeStoreCache (DatanodeStoreCache.java:addDB(72)) - Added db /home/runner/work/ozone/ozone/hadoop-ozone/integration-test/target/test-dir/MiniOzoneClusterImpl-aff9c889-8dd2-4f79-ab57-76a0adc13766/datanode-3/data-0/containers/hdds/aff9c889-8dd2-4f79-ab57-76a0adc13766/DS-6dfa79b8-5f46-4663-b96a-b31f347b60fd/container.db to cache
2024-02-06 10:02:42,901 [9b6fde4f-3239-4bc3-82bd-b2cd2f08e288-EndpointStateMachineTaskThread-/0.0.0.0:15091-0 ] INFO  volume.HddsVolume (HddsVolume.java:createDbStore(420)) - SchemaV3 db is created and loaded at /home/runner/work/ozone/ozone/hadoop-ozone/integration-test/target/test-dir/MiniOzoneClusterImpl-aff9c889-8dd2-4f79-ab57-76a0adc13766/datanode-3/data-0/containers/hdds/aff9c889-8dd2-4f79-ab57-76a0adc13766/DS-6dfa79b8-5f46-4663-b96a-b31f347b60fd/container.db for volume DS-6dfa79b8-5f46-4663-b96a-b31f347b60fd
2024-02-06 10:02:42,902 [9b6fde4f-3239-4bc3-82bd-b2cd2f08e288-ContainerReader-0] INFO  ozoneimpl.ContainerReader (ContainerReader.java:readVolume(148)) - Start to verify containers on volume /home/runner/work/ozone/ozone/hadoop-ozone/integration-test/target/test-dir/MiniOzoneClusterImpl-aff9c889-8dd2-4f79-ab57-76a0adc13766/datanode-3/data-0/containers/hdds
2024-02-06 10:02:42,902 [9b6fde4f-3239-4bc3-82bd-b2cd2f08e288-ContainerReader-0] INFO  ozoneimpl.ContainerReader (ContainerReader.java:readVolume(178)) - Finish verifying containers on volume /home/runner/work/ozone/ozone/hadoop-ozone/integration-test/target/test-dir/MiniOzoneClusterImpl-aff9c889-8dd2-4f79-ab57-76a0adc13766/datanode-3/data-0/containers/hdds
2024-02-06 10:02:42,903 [9b6fde4f-3239-4bc3-82bd-b2cd2f08e288-EndpointStateMachineTaskThread-/0.0.0.0:15091-0 ] INFO  ozoneimpl.OzoneContainer (OzoneContainer.java:buildContainerSet(328)) - Build ContainerSet costs 0s
2024-02-06 10:02:42,903 [9b6fde4f-3239-4bc3-82bd-b2cd2f08e288-EndpointStateMachineTaskThread-/0.0.0.0:15091-0 ] INFO  volume.ThrottledAsyncChecker (ThrottledAsyncChecker.java:schedule(141)) - Scheduling a check for /home/runner/work/ozone/ozone/hadoop-ozone/integration-test/target/test-dir/MiniOzoneClusterImpl-aff9c889-8dd2-4f79-ab57-76a0adc13766/datanode-3/data-0/containers/hdds
2024-02-06 10:02:42,903 [9b6fde4f-3239-4bc3-82bd-b2cd2f08e288-EndpointStateMachineTaskThread-/0.0.0.0:15091-0 ] INFO  volume.StorageVolumeChecker (StorageVolumeChecker.java:checkAllVolumes(218)) - Scheduled health check for volume /home/runner/work/ozone/ozone/hadoop-ozone/integration-test/target/test-dir/MiniOzoneClusterImpl-aff9c889-8dd2-4f79-ab57-76a0adc13766/datanode-3/data-0/containers/hdds
2024-02-06 10:02:42,905 [9b6fde4f-3239-4bc3-82bd-b2cd2f08e288-EndpointStateMachineTaskThread-/0.0.0.0:15091-0 ] INFO  volume.ThrottledAsyncChecker (ThrottledAsyncChecker.java:schedule(141)) - Scheduling a check for /home/runner/work/ozone/ozone/hadoop-ozone/integration-test/target/test-dir/MiniOzoneClusterImpl-aff9c889-8dd2-4f79-ab57-76a0adc13766/datanode-3/data/ratis
2024-02-06 10:02:42,905 [9b6fde4f-3239-4bc3-82bd-b2cd2f08e288-EndpointStateMachineTaskThread-/0.0.0.0:15091-0 ] INFO  volume.StorageVolumeChecker (StorageVolumeChecker.java:checkAllVolumes(218)) - Scheduled health check for volume /home/runner/work/ozone/ozone/hadoop-ozone/integration-test/target/test-dir/MiniOzoneClusterImpl-aff9c889-8dd2-4f79-ab57-76a0adc13766/datanode-3/data/ratis
2024-02-06 10:02:42,906 [9b6fde4f-3239-4bc3-82bd-b2cd2f08e288-EndpointStateMachineTaskThread-/0.0.0.0:15091-0 ] INFO  ozoneimpl.OzoneContainer (OzoneContainer.java:start(459)) - Attempting to start container services.
2024-02-06 10:02:42,906 [9b6fde4f-3239-4bc3-82bd-b2cd2f08e288-EndpointStateMachineTaskThread-/0.0.0.0:15091-0 ] INFO  ozoneimpl.OzoneContainer (OzoneContainer.java:startContainerScrub(339)) - Scheduled background container scanners and the on-demand container scanner have been disabled.
2024-02-06 10:02:42,907 [9b6fde4f-3239-4bc3-82bd-b2cd2f08e288-EndpointStateMachineTaskThread-/0.0.0.0:15091-0 ] INFO  replication.ReplicationServer (ReplicationServer.java:start(140)) - ReplicationServer is started using port 15132
2024-02-06 10:02:42,907 [9b6fde4f-3239-4bc3-82bd-b2cd2f08e288-EndpointStateMachineTaskThread-/0.0.0.0:15091-0 ] INFO  ratis.XceiverServerRatis (XceiverServerRatis.java:start(566)) - Starting XceiverServerRatis 9b6fde4f-3239-4bc3-82bd-b2cd2f08e288
2024-02-06 10:02:42,907 [9b6fde4f-3239-4bc3-82bd-b2cd2f08e288-EndpointStateMachineTaskThread-/0.0.0.0:15091-0 ] INFO  server.RaftServer (RaftServerProxy.java:startImpl(406)) - 9b6fde4f-3239-4bc3-82bd-b2cd2f08e288: start RPC server
2024-02-06 10:02:42,908 [9b6fde4f-3239-4bc3-82bd-b2cd2f08e288-EndpointStateMachineTaskThread-/0.0.0.0:15091-0 ] INFO  server.GrpcService (GrpcService.java:startImpl(302)) - 9b6fde4f-3239-4bc3-82bd-b2cd2f08e288: GrpcService started, listening on 15128
2024-02-06 10:02:42,908 [9b6fde4f-3239-4bc3-82bd-b2cd2f08e288-EndpointStateMachineTaskThread-/0.0.0.0:15091-0 ] INFO  server.GrpcService (GrpcService.java:startImpl(302)) - 9b6fde4f-3239-4bc3-82bd-b2cd2f08e288: GrpcService started, listening on 15130
2024-02-06 10:02:42,908 [9b6fde4f-3239-4bc3-82bd-b2cd2f08e288-EndpointStateMachineTaskThread-/0.0.0.0:15091-0 ] INFO  server.GrpcService (GrpcService.java:startImpl(302)) - 9b6fde4f-3239-4bc3-82bd-b2cd2f08e288: GrpcService started, listening on 15129
2024-02-06 10:02:42,909 [9b6fde4f-3239-4bc3-82bd-b2cd2f08e288-EndpointStateMachineTaskThread-/0.0.0.0:15091-0 ] INFO  ratis.XceiverServerRatis (XceiverServerRatis.java:getRealPort(592)) - XceiverServerRatis 9b6fde4f-3239-4bc3-82bd-b2cd2f08e288 is started using port 15128 for RATIS
2024-02-06 10:02:42,909 [9b6fde4f-3239-4bc3-82bd-b2cd2f08e288-EndpointStateMachineTaskThread-/0.0.0.0:15091-0 ] INFO  ratis.XceiverServerRatis (XceiverServerRatis.java:getRealPort(592)) - XceiverServerRatis 9b6fde4f-3239-4bc3-82bd-b2cd2f08e288 is started using port 15129 for RATIS_ADMIN
2024-02-06 10:02:42,909 [9b6fde4f-3239-4bc3-82bd-b2cd2f08e288-EndpointStateMachineTaskThread-/0.0.0.0:15091-0 ] INFO  ratis.XceiverServerRatis (XceiverServerRatis.java:getRealPort(592)) - XceiverServerRatis 9b6fde4f-3239-4bc3-82bd-b2cd2f08e288 is started using port 15130 for RATIS_SERVER
2024-02-06 10:02:42,909 [9b6fde4f-3239-4bc3-82bd-b2cd2f08e288-EndpointStateMachineTaskThread-/0.0.0.0:15091-0 ] INFO  ratis.XceiverServerRatis (XceiverServerRatis.java:getRealPort(592)) - XceiverServerRatis 9b6fde4f-3239-4bc3-82bd-b2cd2f08e288 is started using port 15131 for RATIS_DATASTREAM
2024-02-06 10:02:42,909 [JvmPauseMonitor16] INFO  util.JvmPauseMonitor (JvmPauseMonitor.java:run(146)) - JvmPauseMonitor-9b6fde4f-3239-4bc3-82bd-b2cd2f08e288: Started
2024-02-06 10:02:42,910 [9b6fde4f-3239-4bc3-82bd-b2cd2f08e288-BlockDeletingService#0] INFO  interfaces.ContainerDeletionChoosingPolicyTemplate (ContainerDeletionChoosingPolicyTemplate.java:chooseContainerForBlockDeletion(85)) - Chosen 0/5000 blocks from 0 candidate containers.
2024-02-06 10:02:43,038 [fc33255d-a8b6-4933-b6d6-be3a7bd24e4a-EndpointStateMachineTaskThread-/0.0.0.0:15091-0 ] INFO  utils.DatanodeStoreCache (DatanodeStoreCache.java:addDB(72)) - Added db /home/runner/work/ozone/ozone/hadoop-ozone/integration-test/target/test-dir/MiniOzoneClusterImpl-aff9c889-8dd2-4f79-ab57-76a0adc13766/datanode-4/data-0/containers/hdds/aff9c889-8dd2-4f79-ab57-76a0adc13766/DS-36e01c3a-6914-43d5-8f22-1a3b692e0768/container.db to cache
2024-02-06 10:02:43,038 [fc33255d-a8b6-4933-b6d6-be3a7bd24e4a-EndpointStateMachineTaskThread-/0.0.0.0:15091-0 ] INFO  volume.HddsVolume (HddsVolume.java:createDbStore(420)) - SchemaV3 db is created and loaded at /home/runner/work/ozone/ozone/hadoop-ozone/integration-test/target/test-dir/MiniOzoneClusterImpl-aff9c889-8dd2-4f79-ab57-76a0adc13766/datanode-4/data-0/containers/hdds/aff9c889-8dd2-4f79-ab57-76a0adc13766/DS-36e01c3a-6914-43d5-8f22-1a3b692e0768/container.db for volume DS-36e01c3a-6914-43d5-8f22-1a3b692e0768
2024-02-06 10:02:43,040 [fc33255d-a8b6-4933-b6d6-be3a7bd24e4a-ContainerReader-0] INFO  ozoneimpl.ContainerReader (ContainerReader.java:readVolume(148)) - Start to verify containers on volume /home/runner/work/ozone/ozone/hadoop-ozone/integration-test/target/test-dir/MiniOzoneClusterImpl-aff9c889-8dd2-4f79-ab57-76a0adc13766/datanode-4/data-0/containers/hdds
2024-02-06 10:02:43,041 [fc33255d-a8b6-4933-b6d6-be3a7bd24e4a-ContainerReader-0] INFO  ozoneimpl.ContainerReader (ContainerReader.java:readVolume(178)) - Finish verifying containers on volume /home/runner/work/ozone/ozone/hadoop-ozone/integration-test/target/test-dir/MiniOzoneClusterImpl-aff9c889-8dd2-4f79-ab57-76a0adc13766/datanode-4/data-0/containers/hdds
2024-02-06 10:02:43,041 [fc33255d-a8b6-4933-b6d6-be3a7bd24e4a-EndpointStateMachineTaskThread-/0.0.0.0:15091-0 ] INFO  ozoneimpl.OzoneContainer (OzoneContainer.java:buildContainerSet(328)) - Build ContainerSet costs 0s
2024-02-06 10:02:43,041 [fc33255d-a8b6-4933-b6d6-be3a7bd24e4a-EndpointStateMachineTaskThread-/0.0.0.0:15091-0 ] INFO  volume.ThrottledAsyncChecker (ThrottledAsyncChecker.java:schedule(141)) - Scheduling a check for /home/runner/work/ozone/ozone/hadoop-ozone/integration-test/target/test-dir/MiniOzoneClusterImpl-aff9c889-8dd2-4f79-ab57-76a0adc13766/datanode-4/data-0/containers/hdds
2024-02-06 10:02:43,041 [fc33255d-a8b6-4933-b6d6-be3a7bd24e4a-EndpointStateMachineTaskThread-/0.0.0.0:15091-0 ] INFO  volume.StorageVolumeChecker (StorageVolumeChecker.java:checkAllVolumes(218)) - Scheduled health check for volume /home/runner/work/ozone/ozone/hadoop-ozone/integration-test/target/test-dir/MiniOzoneClusterImpl-aff9c889-8dd2-4f79-ab57-76a0adc13766/datanode-4/data-0/containers/hdds
2024-02-06 10:02:43,043 [fc33255d-a8b6-4933-b6d6-be3a7bd24e4a-EndpointStateMachineTaskThread-/0.0.0.0:15091-0 ] INFO  volume.ThrottledAsyncChecker (ThrottledAsyncChecker.java:schedule(141)) - Scheduling a check for /home/runner/work/ozone/ozone/hadoop-ozone/integration-test/target/test-dir/MiniOzoneClusterImpl-aff9c889-8dd2-4f79-ab57-76a0adc13766/datanode-4/data/ratis
2024-02-06 10:02:43,044 [fc33255d-a8b6-4933-b6d6-be3a7bd24e4a-EndpointStateMachineTaskThread-/0.0.0.0:15091-0 ] INFO  volume.StorageVolumeChecker (StorageVolumeChecker.java:checkAllVolumes(218)) - Scheduled health check for volume /home/runner/work/ozone/ozone/hadoop-ozone/integration-test/target/test-dir/MiniOzoneClusterImpl-aff9c889-8dd2-4f79-ab57-76a0adc13766/datanode-4/data/ratis
2024-02-06 10:02:43,045 [fc33255d-a8b6-4933-b6d6-be3a7bd24e4a-EndpointStateMachineTaskThread-/0.0.0.0:15091-0 ] INFO  ozoneimpl.OzoneContainer (OzoneContainer.java:start(459)) - Attempting to start container services.
2024-02-06 10:02:43,045 [fc33255d-a8b6-4933-b6d6-be3a7bd24e4a-EndpointStateMachineTaskThread-/0.0.0.0:15091-0 ] INFO  ozoneimpl.OzoneContainer (OzoneContainer.java:startContainerScrub(339)) - Scheduled background container scanners and the on-demand container scanner have been disabled.
2024-02-06 10:02:43,045 [fc33255d-a8b6-4933-b6d6-be3a7bd24e4a-EndpointStateMachineTaskThread-/0.0.0.0:15091-0 ] INFO  replication.ReplicationServer (ReplicationServer.java:start(140)) - ReplicationServer is started using port 15141
2024-02-06 10:02:43,045 [fc33255d-a8b6-4933-b6d6-be3a7bd24e4a-EndpointStateMachineTaskThread-/0.0.0.0:15091-0 ] INFO  ratis.XceiverServerRatis (XceiverServerRatis.java:start(566)) - Starting XceiverServerRatis fc33255d-a8b6-4933-b6d6-be3a7bd24e4a
2024-02-06 10:02:43,046 [fc33255d-a8b6-4933-b6d6-be3a7bd24e4a-EndpointStateMachineTaskThread-/0.0.0.0:15091-0 ] INFO  server.RaftServer (RaftServerProxy.java:startImpl(406)) - fc33255d-a8b6-4933-b6d6-be3a7bd24e4a: start RPC server
2024-02-06 10:02:43,046 [fc33255d-a8b6-4933-b6d6-be3a7bd24e4a-EndpointStateMachineTaskThread-/0.0.0.0:15091-0 ] INFO  server.GrpcService (GrpcService.java:startImpl(302)) - fc33255d-a8b6-4933-b6d6-be3a7bd24e4a: GrpcService started, listening on 15137
2024-02-06 10:02:43,046 [fc33255d-a8b6-4933-b6d6-be3a7bd24e4a-EndpointStateMachineTaskThread-/0.0.0.0:15091-0 ] INFO  server.GrpcService (GrpcService.java:startImpl(302)) - fc33255d-a8b6-4933-b6d6-be3a7bd24e4a: GrpcService started, listening on 15139
2024-02-06 10:02:43,047 [fc33255d-a8b6-4933-b6d6-be3a7bd24e4a-EndpointStateMachineTaskThread-/0.0.0.0:15091-0 ] INFO  server.GrpcService (GrpcService.java:startImpl(302)) - fc33255d-a8b6-4933-b6d6-be3a7bd24e4a: GrpcService started, listening on 15138
2024-02-06 10:02:43,047 [fc33255d-a8b6-4933-b6d6-be3a7bd24e4a-EndpointStateMachineTaskThread-/0.0.0.0:15091-0 ] INFO  ratis.XceiverServerRatis (XceiverServerRatis.java:getRealPort(592)) - XceiverServerRatis fc33255d-a8b6-4933-b6d6-be3a7bd24e4a is started using port 15137 for RATIS
2024-02-06 10:02:43,047 [fc33255d-a8b6-4933-b6d6-be3a7bd24e4a-EndpointStateMachineTaskThread-/0.0.0.0:15091-0 ] INFO  ratis.XceiverServerRatis (XceiverServerRatis.java:getRealPort(592)) - XceiverServerRatis fc33255d-a8b6-4933-b6d6-be3a7bd24e4a is started using port 15138 for RATIS_ADMIN
2024-02-06 10:02:43,047 [fc33255d-a8b6-4933-b6d6-be3a7bd24e4a-EndpointStateMachineTaskThread-/0.0.0.0:15091-0 ] INFO  ratis.XceiverServerRatis (XceiverServerRatis.java:getRealPort(592)) - XceiverServerRatis fc33255d-a8b6-4933-b6d6-be3a7bd24e4a is started using port 15139 for RATIS_SERVER
2024-02-06 10:02:43,047 [fc33255d-a8b6-4933-b6d6-be3a7bd24e4a-EndpointStateMachineTaskThread-/0.0.0.0:15091-0 ] INFO  ratis.XceiverServerRatis (XceiverServerRatis.java:getRealPort(592)) - XceiverServerRatis fc33255d-a8b6-4933-b6d6-be3a7bd24e4a is started using port 15140 for RATIS_DATASTREAM
2024-02-06 10:02:43,047 [JvmPauseMonitor17] INFO  util.JvmPauseMonitor (JvmPauseMonitor.java:run(146)) - JvmPauseMonitor-fc33255d-a8b6-4933-b6d6-be3a7bd24e4a: Started
2024-02-06 10:02:43,049 [fc33255d-a8b6-4933-b6d6-be3a7bd24e4a-BlockDeletingService#0] INFO  interfaces.ContainerDeletionChoosingPolicyTemplate (ContainerDeletionChoosingPolicyTemplate.java:chooseContainerForBlockDeletion(85)) - Chosen 0/5000 blocks from 0 candidate containers.
2024-02-06 10:02:43,143 [4a798287-2ddb-4f45-a758-72f424bfa3c7-EndpointStateMachineTaskThread-/0.0.0.0:15091-0 ] INFO  utils.DatanodeStoreCache (DatanodeStoreCache.java:addDB(72)) - Added db /home/runner/work/ozone/ozone/hadoop-ozone/integration-test/target/test-dir/MiniOzoneClusterImpl-aff9c889-8dd2-4f79-ab57-76a0adc13766/datanode-5/data-0/containers/hdds/aff9c889-8dd2-4f79-ab57-76a0adc13766/DS-ced8edba-c74b-4c42-bbd6-7fda4c7e8080/container.db to cache
2024-02-06 10:02:43,143 [4a798287-2ddb-4f45-a758-72f424bfa3c7-EndpointStateMachineTaskThread-/0.0.0.0:15091-0 ] INFO  volume.HddsVolume (HddsVolume.java:createDbStore(420)) - SchemaV3 db is created and loaded at /home/runner/work/ozone/ozone/hadoop-ozone/integration-test/target/test-dir/MiniOzoneClusterImpl-aff9c889-8dd2-4f79-ab57-76a0adc13766/datanode-5/data-0/containers/hdds/aff9c889-8dd2-4f79-ab57-76a0adc13766/DS-ced8edba-c74b-4c42-bbd6-7fda4c7e8080/container.db for volume DS-ced8edba-c74b-4c42-bbd6-7fda4c7e8080
2024-02-06 10:02:43,145 [4a798287-2ddb-4f45-a758-72f424bfa3c7-ContainerReader-0] INFO  ozoneimpl.ContainerReader (ContainerReader.java:readVolume(148)) - Start to verify containers on volume /home/runner/work/ozone/ozone/hadoop-ozone/integration-test/target/test-dir/MiniOzoneClusterImpl-aff9c889-8dd2-4f79-ab57-76a0adc13766/datanode-5/data-0/containers/hdds
2024-02-06 10:02:43,145 [4a798287-2ddb-4f45-a758-72f424bfa3c7-ContainerReader-0] INFO  ozoneimpl.ContainerReader (ContainerReader.java:readVolume(178)) - Finish verifying containers on volume /home/runner/work/ozone/ozone/hadoop-ozone/integration-test/target/test-dir/MiniOzoneClusterImpl-aff9c889-8dd2-4f79-ab57-76a0adc13766/datanode-5/data-0/containers/hdds
2024-02-06 10:02:43,145 [4a798287-2ddb-4f45-a758-72f424bfa3c7-EndpointStateMachineTaskThread-/0.0.0.0:15091-0 ] INFO  ozoneimpl.OzoneContainer (OzoneContainer.java:buildContainerSet(328)) - Build ContainerSet costs 0s
2024-02-06 10:02:43,145 [4a798287-2ddb-4f45-a758-72f424bfa3c7-EndpointStateMachineTaskThread-/0.0.0.0:15091-0 ] INFO  volume.ThrottledAsyncChecker (ThrottledAsyncChecker.java:schedule(141)) - Scheduling a check for /home/runner/work/ozone/ozone/hadoop-ozone/integration-test/target/test-dir/MiniOzoneClusterImpl-aff9c889-8dd2-4f79-ab57-76a0adc13766/datanode-5/data-0/containers/hdds
2024-02-06 10:02:43,146 [4a798287-2ddb-4f45-a758-72f424bfa3c7-EndpointStateMachineTaskThread-/0.0.0.0:15091-0 ] INFO  volume.StorageVolumeChecker (StorageVolumeChecker.java:checkAllVolumes(218)) - Scheduled health check for volume /home/runner/work/ozone/ozone/hadoop-ozone/integration-test/target/test-dir/MiniOzoneClusterImpl-aff9c889-8dd2-4f79-ab57-76a0adc13766/datanode-5/data-0/containers/hdds
2024-02-06 10:02:43,147 [4a798287-2ddb-4f45-a758-72f424bfa3c7-EndpointStateMachineTaskThread-/0.0.0.0:15091-0 ] INFO  volume.ThrottledAsyncChecker (ThrottledAsyncChecker.java:schedule(141)) - Scheduling a check for /home/runner/work/ozone/ozone/hadoop-ozone/integration-test/target/test-dir/MiniOzoneClusterImpl-aff9c889-8dd2-4f79-ab57-76a0adc13766/datanode-5/data/ratis
2024-02-06 10:02:43,148 [4a798287-2ddb-4f45-a758-72f424bfa3c7-EndpointStateMachineTaskThread-/0.0.0.0:15091-0 ] INFO  volume.StorageVolumeChecker (StorageVolumeChecker.java:checkAllVolumes(218)) - Scheduled health check for volume /home/runner/work/ozone/ozone/hadoop-ozone/integration-test/target/test-dir/MiniOzoneClusterImpl-aff9c889-8dd2-4f79-ab57-76a0adc13766/datanode-5/data/ratis
2024-02-06 10:02:43,148 [4a798287-2ddb-4f45-a758-72f424bfa3c7-EndpointStateMachineTaskThread-/0.0.0.0:15091-0 ] INFO  ozoneimpl.OzoneContainer (OzoneContainer.java:start(459)) - Attempting to start container services.
2024-02-06 10:02:43,148 [4a798287-2ddb-4f45-a758-72f424bfa3c7-EndpointStateMachineTaskThread-/0.0.0.0:15091-0 ] INFO  ozoneimpl.OzoneContainer (OzoneContainer.java:startContainerScrub(339)) - Scheduled background container scanners and the on-demand container scanner have been disabled.
2024-02-06 10:02:43,149 [4a798287-2ddb-4f45-a758-72f424bfa3c7-EndpointStateMachineTaskThread-/0.0.0.0:15091-0 ] INFO  replication.ReplicationServer (ReplicationServer.java:start(140)) - ReplicationServer is started using port 15150
2024-02-06 10:02:43,149 [4a798287-2ddb-4f45-a758-72f424bfa3c7-EndpointStateMachineTaskThread-/0.0.0.0:15091-0 ] INFO  ratis.XceiverServerRatis (XceiverServerRatis.java:start(566)) - Starting XceiverServerRatis 4a798287-2ddb-4f45-a758-72f424bfa3c7
2024-02-06 10:02:43,149 [4a798287-2ddb-4f45-a758-72f424bfa3c7-EndpointStateMachineTaskThread-/0.0.0.0:15091-0 ] INFO  server.RaftServer (RaftServerProxy.java:startImpl(406)) - 4a798287-2ddb-4f45-a758-72f424bfa3c7: start RPC server
2024-02-06 10:02:43,150 [4a798287-2ddb-4f45-a758-72f424bfa3c7-EndpointStateMachineTaskThread-/0.0.0.0:15091-0 ] INFO  server.GrpcService (GrpcService.java:startImpl(302)) - 4a798287-2ddb-4f45-a758-72f424bfa3c7: GrpcService started, listening on 15146
2024-02-06 10:02:43,150 [4a798287-2ddb-4f45-a758-72f424bfa3c7-EndpointStateMachineTaskThread-/0.0.0.0:15091-0 ] INFO  server.GrpcService (GrpcService.java:startImpl(302)) - 4a798287-2ddb-4f45-a758-72f424bfa3c7: GrpcService started, listening on 15148
2024-02-06 10:02:43,150 [4a798287-2ddb-4f45-a758-72f424bfa3c7-EndpointStateMachineTaskThread-/0.0.0.0:15091-0 ] INFO  server.GrpcService (GrpcService.java:startImpl(302)) - 4a798287-2ddb-4f45-a758-72f424bfa3c7: GrpcService started, listening on 15147
2024-02-06 10:02:43,150 [4a798287-2ddb-4f45-a758-72f424bfa3c7-EndpointStateMachineTaskThread-/0.0.0.0:15091-0 ] INFO  ratis.XceiverServerRatis (XceiverServerRatis.java:getRealPort(592)) - XceiverServerRatis 4a798287-2ddb-4f45-a758-72f424bfa3c7 is started using port 15146 for RATIS
2024-02-06 10:02:43,150 [JvmPauseMonitor18] INFO  util.JvmPauseMonitor (JvmPauseMonitor.java:run(146)) - JvmPauseMonitor-4a798287-2ddb-4f45-a758-72f424bfa3c7: Started
2024-02-06 10:02:43,150 [4a798287-2ddb-4f45-a758-72f424bfa3c7-EndpointStateMachineTaskThread-/0.0.0.0:15091-0 ] INFO  ratis.XceiverServerRatis (XceiverServerRatis.java:getRealPort(592)) - XceiverServerRatis 4a798287-2ddb-4f45-a758-72f424bfa3c7 is started using port 15147 for RATIS_ADMIN
2024-02-06 10:02:43,151 [4a798287-2ddb-4f45-a758-72f424bfa3c7-EndpointStateMachineTaskThread-/0.0.0.0:15091-0 ] INFO  ratis.XceiverServerRatis (XceiverServerRatis.java:getRealPort(592)) - XceiverServerRatis 4a798287-2ddb-4f45-a758-72f424bfa3c7 is started using port 15148 for RATIS_SERVER
2024-02-06 10:02:43,151 [4a798287-2ddb-4f45-a758-72f424bfa3c7-EndpointStateMachineTaskThread-/0.0.0.0:15091-0 ] INFO  ratis.XceiverServerRatis (XceiverServerRatis.java:getRealPort(592)) - XceiverServerRatis 4a798287-2ddb-4f45-a758-72f424bfa3c7 is started using port 15149 for RATIS_DATASTREAM
2024-02-06 10:02:43,151 [4a798287-2ddb-4f45-a758-72f424bfa3c7-BlockDeletingService#0] INFO  interfaces.ContainerDeletionChoosingPolicyTemplate (ContainerDeletionChoosingPolicyTemplate.java:chooseContainerForBlockDeletion(85)) - Chosen 0/5000 blocks from 0 candidate containers.
2024-02-06 10:02:43,264 [4463a956-bc43-48e2-a5be-041fb54af7fb-EndpointStateMachineTaskThread-/0.0.0.0:15091-0 ] INFO  utils.DatanodeStoreCache (DatanodeStoreCache.java:addDB(72)) - Added db /home/runner/work/ozone/ozone/hadoop-ozone/integration-test/target/test-dir/MiniOzoneClusterImpl-aff9c889-8dd2-4f79-ab57-76a0adc13766/datanode-6/data-0/containers/hdds/aff9c889-8dd2-4f79-ab57-76a0adc13766/DS-b94ac8ca-ef09-4953-980d-cfdc99ea185a/container.db to cache
2024-02-06 10:02:43,264 [4463a956-bc43-48e2-a5be-041fb54af7fb-EndpointStateMachineTaskThread-/0.0.0.0:15091-0 ] INFO  volume.HddsVolume (HddsVolume.java:createDbStore(420)) - SchemaV3 db is created and loaded at /home/runner/work/ozone/ozone/hadoop-ozone/integration-test/target/test-dir/MiniOzoneClusterImpl-aff9c889-8dd2-4f79-ab57-76a0adc13766/datanode-6/data-0/containers/hdds/aff9c889-8dd2-4f79-ab57-76a0adc13766/DS-b94ac8ca-ef09-4953-980d-cfdc99ea185a/container.db for volume DS-b94ac8ca-ef09-4953-980d-cfdc99ea185a
2024-02-06 10:02:43,266 [4463a956-bc43-48e2-a5be-041fb54af7fb-ContainerReader-0] INFO  ozoneimpl.ContainerReader (ContainerReader.java:readVolume(148)) - Start to verify containers on volume /home/runner/work/ozone/ozone/hadoop-ozone/integration-test/target/test-dir/MiniOzoneClusterImpl-aff9c889-8dd2-4f79-ab57-76a0adc13766/datanode-6/data-0/containers/hdds
2024-02-06 10:02:43,266 [4463a956-bc43-48e2-a5be-041fb54af7fb-ContainerReader-0] INFO  ozoneimpl.ContainerReader (ContainerReader.java:readVolume(178)) - Finish verifying containers on volume /home/runner/work/ozone/ozone/hadoop-ozone/integration-test/target/test-dir/MiniOzoneClusterImpl-aff9c889-8dd2-4f79-ab57-76a0adc13766/datanode-6/data-0/containers/hdds
2024-02-06 10:02:43,266 [4463a956-bc43-48e2-a5be-041fb54af7fb-EndpointStateMachineTaskThread-/0.0.0.0:15091-0 ] INFO  ozoneimpl.OzoneContainer (OzoneContainer.java:buildContainerSet(328)) - Build ContainerSet costs 0s
2024-02-06 10:02:43,267 [4463a956-bc43-48e2-a5be-041fb54af7fb-EndpointStateMachineTaskThread-/0.0.0.0:15091-0 ] INFO  volume.ThrottledAsyncChecker (ThrottledAsyncChecker.java:schedule(141)) - Scheduling a check for /home/runner/work/ozone/ozone/hadoop-ozone/integration-test/target/test-dir/MiniOzoneClusterImpl-aff9c889-8dd2-4f79-ab57-76a0adc13766/datanode-6/data-0/containers/hdds
2024-02-06 10:02:43,267 [4463a956-bc43-48e2-a5be-041fb54af7fb-EndpointStateMachineTaskThread-/0.0.0.0:15091-0 ] INFO  volume.StorageVolumeChecker (StorageVolumeChecker.java:checkAllVolumes(218)) - Scheduled health check for volume /home/runner/work/ozone/ozone/hadoop-ozone/integration-test/target/test-dir/MiniOzoneClusterImpl-aff9c889-8dd2-4f79-ab57-76a0adc13766/datanode-6/data-0/containers/hdds
2024-02-06 10:02:43,269 [4463a956-bc43-48e2-a5be-041fb54af7fb-EndpointStateMachineTaskThread-/0.0.0.0:15091-0 ] INFO  volume.ThrottledAsyncChecker (ThrottledAsyncChecker.java:schedule(141)) - Scheduling a check for /home/runner/work/ozone/ozone/hadoop-ozone/integration-test/target/test-dir/MiniOzoneClusterImpl-aff9c889-8dd2-4f79-ab57-76a0adc13766/datanode-6/data/ratis
2024-02-06 10:02:43,269 [4463a956-bc43-48e2-a5be-041fb54af7fb-EndpointStateMachineTaskThread-/0.0.0.0:15091-0 ] INFO  volume.StorageVolumeChecker (StorageVolumeChecker.java:checkAllVolumes(218)) - Scheduled health check for volume /home/runner/work/ozone/ozone/hadoop-ozone/integration-test/target/test-dir/MiniOzoneClusterImpl-aff9c889-8dd2-4f79-ab57-76a0adc13766/datanode-6/data/ratis
2024-02-06 10:02:43,269 [4463a956-bc43-48e2-a5be-041fb54af7fb-EndpointStateMachineTaskThread-/0.0.0.0:15091-0 ] INFO  ozoneimpl.OzoneContainer (OzoneContainer.java:start(459)) - Attempting to start container services.
2024-02-06 10:02:43,270 [4463a956-bc43-48e2-a5be-041fb54af7fb-EndpointStateMachineTaskThread-/0.0.0.0:15091-0 ] INFO  ozoneimpl.OzoneContainer (OzoneContainer.java:startContainerScrub(339)) - Scheduled background container scanners and the on-demand container scanner have been disabled.
2024-02-06 10:02:43,271 [4463a956-bc43-48e2-a5be-041fb54af7fb-EndpointStateMachineTaskThread-/0.0.0.0:15091-0 ] INFO  replication.ReplicationServer (ReplicationServer.java:start(140)) - ReplicationServer is started using port 15159
2024-02-06 10:02:43,271 [4463a956-bc43-48e2-a5be-041fb54af7fb-EndpointStateMachineTaskThread-/0.0.0.0:15091-0 ] INFO  ratis.XceiverServerRatis (XceiverServerRatis.java:start(566)) - Starting XceiverServerRatis 4463a956-bc43-48e2-a5be-041fb54af7fb
2024-02-06 10:02:43,271 [4463a956-bc43-48e2-a5be-041fb54af7fb-EndpointStateMachineTaskThread-/0.0.0.0:15091-0 ] INFO  server.RaftServer (RaftServerProxy.java:startImpl(406)) - 4463a956-bc43-48e2-a5be-041fb54af7fb: start RPC server
2024-02-06 10:02:43,272 [4463a956-bc43-48e2-a5be-041fb54af7fb-EndpointStateMachineTaskThread-/0.0.0.0:15091-0 ] INFO  server.GrpcService (GrpcService.java:startImpl(302)) - 4463a956-bc43-48e2-a5be-041fb54af7fb: GrpcService started, listening on 15155
2024-02-06 10:02:43,272 [4463a956-bc43-48e2-a5be-041fb54af7fb-EndpointStateMachineTaskThread-/0.0.0.0:15091-0 ] INFO  server.GrpcService (GrpcService.java:startImpl(302)) - 4463a956-bc43-48e2-a5be-041fb54af7fb: GrpcService started, listening on 15157
2024-02-06 10:02:43,272 [4463a956-bc43-48e2-a5be-041fb54af7fb-EndpointStateMachineTaskThread-/0.0.0.0:15091-0 ] INFO  server.GrpcService (GrpcService.java:startImpl(302)) - 4463a956-bc43-48e2-a5be-041fb54af7fb: GrpcService started, listening on 15156
2024-02-06 10:02:43,272 [4463a956-bc43-48e2-a5be-041fb54af7fb-EndpointStateMachineTaskThread-/0.0.0.0:15091-0 ] INFO  ratis.XceiverServerRatis (XceiverServerRatis.java:getRealPort(592)) - XceiverServerRatis 4463a956-bc43-48e2-a5be-041fb54af7fb is started using port 15155 for RATIS
2024-02-06 10:02:43,272 [4463a956-bc43-48e2-a5be-041fb54af7fb-EndpointStateMachineTaskThread-/0.0.0.0:15091-0 ] INFO  ratis.XceiverServerRatis (XceiverServerRatis.java:getRealPort(592)) - XceiverServerRatis 4463a956-bc43-48e2-a5be-041fb54af7fb is started using port 15156 for RATIS_ADMIN
2024-02-06 10:02:43,272 [JvmPauseMonitor19] INFO  util.JvmPauseMonitor (JvmPauseMonitor.java:run(146)) - JvmPauseMonitor-4463a956-bc43-48e2-a5be-041fb54af7fb: Started
2024-02-06 10:02:43,272 [4463a956-bc43-48e2-a5be-041fb54af7fb-EndpointStateMachineTaskThread-/0.0.0.0:15091-0 ] INFO  ratis.XceiverServerRatis (XceiverServerRatis.java:getRealPort(592)) - XceiverServerRatis 4463a956-bc43-48e2-a5be-041fb54af7fb is started using port 15157 for RATIS_SERVER
2024-02-06 10:02:43,273 [4463a956-bc43-48e2-a5be-041fb54af7fb-EndpointStateMachineTaskThread-/0.0.0.0:15091-0 ] INFO  ratis.XceiverServerRatis (XceiverServerRatis.java:getRealPort(592)) - XceiverServerRatis 4463a956-bc43-48e2-a5be-041fb54af7fb is started using port 15158 for RATIS_DATASTREAM
2024-02-06 10:02:43,274 [4463a956-bc43-48e2-a5be-041fb54af7fb-BlockDeletingService#0] INFO  interfaces.ContainerDeletionChoosingPolicyTemplate (ContainerDeletionChoosingPolicyTemplate.java:chooseContainerForBlockDeletion(85)) - Chosen 0/5000 blocks from 0 candidate containers.
2024-02-06 10:02:43,379 [73be6a6b-5fd7-4eac-9d0c-1772c183b18d-EndpointStateMachineTaskThread-/0.0.0.0:15091-0 ] INFO  utils.DatanodeStoreCache (DatanodeStoreCache.java:addDB(72)) - Added db /home/runner/work/ozone/ozone/hadoop-ozone/integration-test/target/test-dir/MiniOzoneClusterImpl-aff9c889-8dd2-4f79-ab57-76a0adc13766/datanode-7/data-0/containers/hdds/aff9c889-8dd2-4f79-ab57-76a0adc13766/DS-8cfeabd8-4f93-41d2-96fa-75146ae26f46/container.db to cache
2024-02-06 10:02:43,379 [73be6a6b-5fd7-4eac-9d0c-1772c183b18d-EndpointStateMachineTaskThread-/0.0.0.0:15091-0 ] INFO  volume.HddsVolume (HddsVolume.java:createDbStore(420)) - SchemaV3 db is created and loaded at /home/runner/work/ozone/ozone/hadoop-ozone/integration-test/target/test-dir/MiniOzoneClusterImpl-aff9c889-8dd2-4f79-ab57-76a0adc13766/datanode-7/data-0/containers/hdds/aff9c889-8dd2-4f79-ab57-76a0adc13766/DS-8cfeabd8-4f93-41d2-96fa-75146ae26f46/container.db for volume DS-8cfeabd8-4f93-41d2-96fa-75146ae26f46
2024-02-06 10:02:43,381 [73be6a6b-5fd7-4eac-9d0c-1772c183b18d-ContainerReader-0] INFO  ozoneimpl.ContainerReader (ContainerReader.java:readVolume(148)) - Start to verify containers on volume /home/runner/work/ozone/ozone/hadoop-ozone/integration-test/target/test-dir/MiniOzoneClusterImpl-aff9c889-8dd2-4f79-ab57-76a0adc13766/datanode-7/data-0/containers/hdds
2024-02-06 10:02:43,381 [73be6a6b-5fd7-4eac-9d0c-1772c183b18d-ContainerReader-0] INFO  ozoneimpl.ContainerReader (ContainerReader.java:readVolume(178)) - Finish verifying containers on volume /home/runner/work/ozone/ozone/hadoop-ozone/integration-test/target/test-dir/MiniOzoneClusterImpl-aff9c889-8dd2-4f79-ab57-76a0adc13766/datanode-7/data-0/containers/hdds
2024-02-06 10:02:43,381 [73be6a6b-5fd7-4eac-9d0c-1772c183b18d-EndpointStateMachineTaskThread-/0.0.0.0:15091-0 ] INFO  ozoneimpl.OzoneContainer (OzoneContainer.java:buildContainerSet(328)) - Build ContainerSet costs 0s
2024-02-06 10:02:43,381 [73be6a6b-5fd7-4eac-9d0c-1772c183b18d-EndpointStateMachineTaskThread-/0.0.0.0:15091-0 ] INFO  volume.ThrottledAsyncChecker (ThrottledAsyncChecker.java:schedule(141)) - Scheduling a check for /home/runner/work/ozone/ozone/hadoop-ozone/integration-test/target/test-dir/MiniOzoneClusterImpl-aff9c889-8dd2-4f79-ab57-76a0adc13766/datanode-7/data-0/containers/hdds
2024-02-06 10:02:43,382 [73be6a6b-5fd7-4eac-9d0c-1772c183b18d-EndpointStateMachineTaskThread-/0.0.0.0:15091-0 ] INFO  volume.StorageVolumeChecker (StorageVolumeChecker.java:checkAllVolumes(218)) - Scheduled health check for volume /home/runner/work/ozone/ozone/hadoop-ozone/integration-test/target/test-dir/MiniOzoneClusterImpl-aff9c889-8dd2-4f79-ab57-76a0adc13766/datanode-7/data-0/containers/hdds
2024-02-06 10:02:43,384 [73be6a6b-5fd7-4eac-9d0c-1772c183b18d-EndpointStateMachineTaskThread-/0.0.0.0:15091-0 ] INFO  volume.ThrottledAsyncChecker (ThrottledAsyncChecker.java:schedule(141)) - Scheduling a check for /home/runner/work/ozone/ozone/hadoop-ozone/integration-test/target/test-dir/MiniOzoneClusterImpl-aff9c889-8dd2-4f79-ab57-76a0adc13766/datanode-7/data/ratis
2024-02-06 10:02:43,384 [73be6a6b-5fd7-4eac-9d0c-1772c183b18d-EndpointStateMachineTaskThread-/0.0.0.0:15091-0 ] INFO  volume.StorageVolumeChecker (StorageVolumeChecker.java:checkAllVolumes(218)) - Scheduled health check for volume /home/runner/work/ozone/ozone/hadoop-ozone/integration-test/target/test-dir/MiniOzoneClusterImpl-aff9c889-8dd2-4f79-ab57-76a0adc13766/datanode-7/data/ratis
2024-02-06 10:02:43,385 [73be6a6b-5fd7-4eac-9d0c-1772c183b18d-EndpointStateMachineTaskThread-/0.0.0.0:15091-0 ] INFO  ozoneimpl.OzoneContainer (OzoneContainer.java:start(459)) - Attempting to start container services.
2024-02-06 10:02:43,385 [73be6a6b-5fd7-4eac-9d0c-1772c183b18d-EndpointStateMachineTaskThread-/0.0.0.0:15091-0 ] INFO  ozoneimpl.OzoneContainer (OzoneContainer.java:startContainerScrub(339)) - Scheduled background container scanners and the on-demand container scanner have been disabled.
2024-02-06 10:02:43,386 [73be6a6b-5fd7-4eac-9d0c-1772c183b18d-EndpointStateMachineTaskThread-/0.0.0.0:15091-0 ] INFO  replication.ReplicationServer (ReplicationServer.java:start(140)) - ReplicationServer is started using port 15168
2024-02-06 10:02:43,386 [73be6a6b-5fd7-4eac-9d0c-1772c183b18d-EndpointStateMachineTaskThread-/0.0.0.0:15091-0 ] INFO  ratis.XceiverServerRatis (XceiverServerRatis.java:start(566)) - Starting XceiverServerRatis 73be6a6b-5fd7-4eac-9d0c-1772c183b18d
2024-02-06 10:02:43,387 [73be6a6b-5fd7-4eac-9d0c-1772c183b18d-EndpointStateMachineTaskThread-/0.0.0.0:15091-0 ] INFO  server.RaftServer (RaftServerProxy.java:startImpl(406)) - 73be6a6b-5fd7-4eac-9d0c-1772c183b18d: start RPC server
2024-02-06 10:02:43,387 [73be6a6b-5fd7-4eac-9d0c-1772c183b18d-EndpointStateMachineTaskThread-/0.0.0.0:15091-0 ] INFO  server.GrpcService (GrpcService.java:startImpl(302)) - 73be6a6b-5fd7-4eac-9d0c-1772c183b18d: GrpcService started, listening on 15164
2024-02-06 10:02:43,387 [73be6a6b-5fd7-4eac-9d0c-1772c183b18d-EndpointStateMachineTaskThread-/0.0.0.0:15091-0 ] INFO  server.GrpcService (GrpcService.java:startImpl(302)) - 73be6a6b-5fd7-4eac-9d0c-1772c183b18d: GrpcService started, listening on 15166
2024-02-06 10:02:43,388 [73be6a6b-5fd7-4eac-9d0c-1772c183b18d-EndpointStateMachineTaskThread-/0.0.0.0:15091-0 ] INFO  server.GrpcService (GrpcService.java:startImpl(302)) - 73be6a6b-5fd7-4eac-9d0c-1772c183b18d: GrpcService started, listening on 15165
2024-02-06 10:02:43,388 [73be6a6b-5fd7-4eac-9d0c-1772c183b18d-EndpointStateMachineTaskThread-/0.0.0.0:15091-0 ] INFO  ratis.XceiverServerRatis (XceiverServerRatis.java:getRealPort(592)) - XceiverServerRatis 73be6a6b-5fd7-4eac-9d0c-1772c183b18d is started using port 15164 for RATIS
2024-02-06 10:02:43,388 [73be6a6b-5fd7-4eac-9d0c-1772c183b18d-EndpointStateMachineTaskThread-/0.0.0.0:15091-0 ] INFO  ratis.XceiverServerRatis (XceiverServerRatis.java:getRealPort(592)) - XceiverServerRatis 73be6a6b-5fd7-4eac-9d0c-1772c183b18d is started using port 15165 for RATIS_ADMIN
2024-02-06 10:02:43,388 [JvmPauseMonitor20] INFO  util.JvmPauseMonitor (JvmPauseMonitor.java:run(146)) - JvmPauseMonitor-73be6a6b-5fd7-4eac-9d0c-1772c183b18d: Started
2024-02-06 10:02:43,388 [73be6a6b-5fd7-4eac-9d0c-1772c183b18d-EndpointStateMachineTaskThread-/0.0.0.0:15091-0 ] INFO  ratis.XceiverServerRatis (XceiverServerRatis.java:getRealPort(592)) - XceiverServerRatis 73be6a6b-5fd7-4eac-9d0c-1772c183b18d is started using port 15166 for RATIS_SERVER
2024-02-06 10:02:43,388 [73be6a6b-5fd7-4eac-9d0c-1772c183b18d-EndpointStateMachineTaskThread-/0.0.0.0:15091-0 ] INFO  ratis.XceiverServerRatis (XceiverServerRatis.java:getRealPort(592)) - XceiverServerRatis 73be6a6b-5fd7-4eac-9d0c-1772c183b18d is started using port 15167 for RATIS_DATASTREAM
2024-02-06 10:02:43,389 [73be6a6b-5fd7-4eac-9d0c-1772c183b18d-BlockDeletingService#0] INFO  interfaces.ContainerDeletionChoosingPolicyTemplate (ContainerDeletionChoosingPolicyTemplate.java:chooseContainerForBlockDeletion(85)) - Chosen 0/5000 blocks from 0 candidate containers.
2024-02-06 10:02:43,449 [main] INFO  ozone.MiniOzoneClusterImpl (MiniOzoneClusterImpl.java:lambda$waitForClusterToBeReady$0(228)) - Waiting for nodes to be ready. Got 0 of 9 DN Heartbeats.
2024-02-06 10:02:43,449 [main] INFO  ozone.MiniOzoneClusterImpl (MiniOzoneClusterImpl.java:lambda$waitForClusterToBeReady$0(231)) - Waiting for cluster to exit safe mode
2024-02-06 10:02:43,450 [main] INFO  ozone.MiniOzoneClusterImpl (MiniOzoneClusterImpl.java:lambda$waitForClusterToBeReady$0(233)) - SCM became leader
2024-02-06 10:02:43,475 [463d4cd4-93eb-48de-ad15-bb97619fa095-EndpointStateMachineTaskThread-/0.0.0.0:15091-0 ] INFO  utils.DatanodeStoreCache (DatanodeStoreCache.java:addDB(72)) - Added db /home/runner/work/ozone/ozone/hadoop-ozone/integration-test/target/test-dir/MiniOzoneClusterImpl-aff9c889-8dd2-4f79-ab57-76a0adc13766/datanode-8/data-0/containers/hdds/aff9c889-8dd2-4f79-ab57-76a0adc13766/DS-64315fe6-bae0-4058-a833-39fbbacebd6b/container.db to cache
2024-02-06 10:02:43,475 [463d4cd4-93eb-48de-ad15-bb97619fa095-EndpointStateMachineTaskThread-/0.0.0.0:15091-0 ] INFO  volume.HddsVolume (HddsVolume.java:createDbStore(420)) - SchemaV3 db is created and loaded at /home/runner/work/ozone/ozone/hadoop-ozone/integration-test/target/test-dir/MiniOzoneClusterImpl-aff9c889-8dd2-4f79-ab57-76a0adc13766/datanode-8/data-0/containers/hdds/aff9c889-8dd2-4f79-ab57-76a0adc13766/DS-64315fe6-bae0-4058-a833-39fbbacebd6b/container.db for volume DS-64315fe6-bae0-4058-a833-39fbbacebd6b
2024-02-06 10:02:43,477 [463d4cd4-93eb-48de-ad15-bb97619fa095-ContainerReader-0] INFO  ozoneimpl.ContainerReader (ContainerReader.java:readVolume(148)) - Start to verify containers on volume /home/runner/work/ozone/ozone/hadoop-ozone/integration-test/target/test-dir/MiniOzoneClusterImpl-aff9c889-8dd2-4f79-ab57-76a0adc13766/datanode-8/data-0/containers/hdds
2024-02-06 10:02:43,477 [463d4cd4-93eb-48de-ad15-bb97619fa095-ContainerReader-0] INFO  ozoneimpl.ContainerReader (ContainerReader.java:readVolume(178)) - Finish verifying containers on volume /home/runner/work/ozone/ozone/hadoop-ozone/integration-test/target/test-dir/MiniOzoneClusterImpl-aff9c889-8dd2-4f79-ab57-76a0adc13766/datanode-8/data-0/containers/hdds
2024-02-06 10:02:43,477 [463d4cd4-93eb-48de-ad15-bb97619fa095-EndpointStateMachineTaskThread-/0.0.0.0:15091-0 ] INFO  ozoneimpl.OzoneContainer (OzoneContainer.java:buildContainerSet(328)) - Build ContainerSet costs 0s
2024-02-06 10:02:43,477 [463d4cd4-93eb-48de-ad15-bb97619fa095-EndpointStateMachineTaskThread-/0.0.0.0:15091-0 ] INFO  volume.ThrottledAsyncChecker (ThrottledAsyncChecker.java:schedule(141)) - Scheduling a check for /home/runner/work/ozone/ozone/hadoop-ozone/integration-test/target/test-dir/MiniOzoneClusterImpl-aff9c889-8dd2-4f79-ab57-76a0adc13766/datanode-8/data-0/containers/hdds
2024-02-06 10:02:43,477 [463d4cd4-93eb-48de-ad15-bb97619fa095-EndpointStateMachineTaskThread-/0.0.0.0:15091-0 ] INFO  volume.StorageVolumeChecker (StorageVolumeChecker.java:checkAllVolumes(218)) - Scheduled health check for volume /home/runner/work/ozone/ozone/hadoop-ozone/integration-test/target/test-dir/MiniOzoneClusterImpl-aff9c889-8dd2-4f79-ab57-76a0adc13766/datanode-8/data-0/containers/hdds
2024-02-06 10:02:43,479 [463d4cd4-93eb-48de-ad15-bb97619fa095-EndpointStateMachineTaskThread-/0.0.0.0:15091-0 ] INFO  volume.ThrottledAsyncChecker (ThrottledAsyncChecker.java:schedule(141)) - Scheduling a check for /home/runner/work/ozone/ozone/hadoop-ozone/integration-test/target/test-dir/MiniOzoneClusterImpl-aff9c889-8dd2-4f79-ab57-76a0adc13766/datanode-8/data/ratis
2024-02-06 10:02:43,479 [463d4cd4-93eb-48de-ad15-bb97619fa095-EndpointStateMachineTaskThread-/0.0.0.0:15091-0 ] INFO  volume.StorageVolumeChecker (StorageVolumeChecker.java:checkAllVolumes(218)) - Scheduled health check for volume /home/runner/work/ozone/ozone/hadoop-ozone/integration-test/target/test-dir/MiniOzoneClusterImpl-aff9c889-8dd2-4f79-ab57-76a0adc13766/datanode-8/data/ratis
2024-02-06 10:02:43,480 [463d4cd4-93eb-48de-ad15-bb97619fa095-EndpointStateMachineTaskThread-/0.0.0.0:15091-0 ] INFO  ozoneimpl.OzoneContainer (OzoneContainer.java:start(459)) - Attempting to start container services.
2024-02-06 10:02:43,480 [463d4cd4-93eb-48de-ad15-bb97619fa095-EndpointStateMachineTaskThread-/0.0.0.0:15091-0 ] INFO  ozoneimpl.OzoneContainer (OzoneContainer.java:startContainerScrub(339)) - Scheduled background container scanners and the on-demand container scanner have been disabled.
2024-02-06 10:02:43,481 [463d4cd4-93eb-48de-ad15-bb97619fa095-EndpointStateMachineTaskThread-/0.0.0.0:15091-0 ] INFO  replication.ReplicationServer (ReplicationServer.java:start(140)) - ReplicationServer is started using port 15177
2024-02-06 10:02:43,481 [463d4cd4-93eb-48de-ad15-bb97619fa095-EndpointStateMachineTaskThread-/0.0.0.0:15091-0 ] INFO  ratis.XceiverServerRatis (XceiverServerRatis.java:start(566)) - Starting XceiverServerRatis 463d4cd4-93eb-48de-ad15-bb97619fa095
2024-02-06 10:02:43,481 [463d4cd4-93eb-48de-ad15-bb97619fa095-EndpointStateMachineTaskThread-/0.0.0.0:15091-0 ] INFO  server.RaftServer (RaftServerProxy.java:startImpl(406)) - 463d4cd4-93eb-48de-ad15-bb97619fa095: start RPC server
2024-02-06 10:02:43,482 [463d4cd4-93eb-48de-ad15-bb97619fa095-EndpointStateMachineTaskThread-/0.0.0.0:15091-0 ] INFO  server.GrpcService (GrpcService.java:startImpl(302)) - 463d4cd4-93eb-48de-ad15-bb97619fa095: GrpcService started, listening on 15173
2024-02-06 10:02:43,482 [463d4cd4-93eb-48de-ad15-bb97619fa095-EndpointStateMachineTaskThread-/0.0.0.0:15091-0 ] INFO  server.GrpcService (GrpcService.java:startImpl(302)) - 463d4cd4-93eb-48de-ad15-bb97619fa095: GrpcService started, listening on 15175
2024-02-06 10:02:43,482 [463d4cd4-93eb-48de-ad15-bb97619fa095-EndpointStateMachineTaskThread-/0.0.0.0:15091-0 ] INFO  server.GrpcService (GrpcService.java:startImpl(302)) - 463d4cd4-93eb-48de-ad15-bb97619fa095: GrpcService started, listening on 15174
2024-02-06 10:02:43,482 [463d4cd4-93eb-48de-ad15-bb97619fa095-EndpointStateMachineTaskThread-/0.0.0.0:15091-0 ] INFO  ratis.XceiverServerRatis (XceiverServerRatis.java:getRealPort(592)) - XceiverServerRatis 463d4cd4-93eb-48de-ad15-bb97619fa095 is started using port 15173 for RATIS
2024-02-06 10:02:43,482 [463d4cd4-93eb-48de-ad15-bb97619fa095-EndpointStateMachineTaskThread-/0.0.0.0:15091-0 ] INFO  ratis.XceiverServerRatis (XceiverServerRatis.java:getRealPort(592)) - XceiverServerRatis 463d4cd4-93eb-48de-ad15-bb97619fa095 is started using port 15174 for RATIS_ADMIN
2024-02-06 10:02:43,483 [463d4cd4-93eb-48de-ad15-bb97619fa095-EndpointStateMachineTaskThread-/0.0.0.0:15091-0 ] INFO  ratis.XceiverServerRatis (XceiverServerRatis.java:getRealPort(592)) - XceiverServerRatis 463d4cd4-93eb-48de-ad15-bb97619fa095 is started using port 15175 for RATIS_SERVER
2024-02-06 10:02:43,483 [463d4cd4-93eb-48de-ad15-bb97619fa095-EndpointStateMachineTaskThread-/0.0.0.0:15091-0 ] INFO  ratis.XceiverServerRatis (XceiverServerRatis.java:getRealPort(592)) - XceiverServerRatis 463d4cd4-93eb-48de-ad15-bb97619fa095 is started using port 15176 for RATIS_DATASTREAM
2024-02-06 10:02:43,482 [JvmPauseMonitor21] INFO  util.JvmPauseMonitor (JvmPauseMonitor.java:run(146)) - JvmPauseMonitor-463d4cd4-93eb-48de-ad15-bb97619fa095: Started
2024-02-06 10:02:43,484 [463d4cd4-93eb-48de-ad15-bb97619fa095-BlockDeletingService#0] INFO  interfaces.ContainerDeletionChoosingPolicyTemplate (ContainerDeletionChoosingPolicyTemplate.java:chooseContainerForBlockDeletion(85)) - Chosen 0/5000 blocks from 0 candidate containers.
2024-02-06 10:02:44,450 [main] INFO  ozone.MiniOzoneClusterImpl (MiniOzoneClusterImpl.java:lambda$waitForClusterToBeReady$0(228)) - Waiting for nodes to be ready. Got 0 of 9 DN Heartbeats.
2024-02-06 10:02:44,450 [main] INFO  ozone.MiniOzoneClusterImpl (MiniOzoneClusterImpl.java:lambda$waitForClusterToBeReady$0(231)) - Waiting for cluster to exit safe mode
2024-02-06 10:02:44,450 [main] INFO  ozone.MiniOzoneClusterImpl (MiniOzoneClusterImpl.java:lambda$waitForClusterToBeReady$0(233)) - SCM became leader
2024-02-06 10:02:44,542 [IPC Server handler 5 on default port 15091] INFO  net.NetworkTopologyImpl (NetworkTopologyImpl.java:add(124)) - Added a new node: /default-rack/488c4769-1e0b-4768-b3fe-c72db1d0dad7
2024-02-06 10:02:44,542 [IPC Server handler 5 on default port 15091] INFO  node.SCMNodeManager (SCMNodeManager.java:register(421)) - Registered datanode: 488c4769-1e0b-4768-b3fe-c72db1d0dad7{ip: 10.1.0.5, host: fv-az776-296, ports: [HTTP=15098, CLIENT_RPC=15099, REPLICATION=15105, RATIS=15101, RATIS_ADMIN=15102, RATIS_SERVER=15103, RATIS_DATASTREAM=15104, STANDALONE=15100], networkLocation: /default-rack, certSerialId: null, persistedOpState: null, persistedOpStateExpiryEpochSec: 0}
2024-02-06 10:02:44,544 [EventQueue-NewNodeForNewNodeHandler] INFO  pipeline.BackgroundPipelineCreator (BackgroundPipelineCreator.java:notifyEventTriggered(280)) - trigger a one-shot run on RatisPipelineUtilsThread.
2024-02-06 10:02:44,545 [EventQueue-NodeRegistrationContainerReportForDataNodeSafeModeRule] INFO  safemode.SCMSafeModeManager (DataNodeSafeModeRule.java:process(71)) - SCM in safe mode. 1 DataNodes registered, 3 required.
2024-02-06 10:02:44,545 [RatisPipelineUtilsThread-0] INFO  pipeline.RatisPipelineProvider (RatisPipelineProvider.java:lambda$create$0(206)) - Sending CreatePipelineCommand for pipeline:PipelineID=4084f37d-2f77-45e9-9f94-c2fec77c309d to datanode:488c4769-1e0b-4768-b3fe-c72db1d0dad7
2024-02-06 10:02:44,545 [EventQueue-NodeRegistrationContainerReportForContainerSafeModeRule] INFO  safemode.SCMSafeModeManager (SCMSafeModeManager.java:validateSafeModeExitRules(200)) - ContainerSafeModeRule rule is successfully validated
2024-02-06 10:02:44,546 [EventQueue-PipelineReportForOneReplicaPipelineSafeModeRule] INFO  safemode.SCMSafeModeManager (SCMSafeModeManager.java:validateSafeModeExitRules(200)) - AtleastOneDatanodeReportedRule rule is successfully validated
2024-02-06 10:02:44,547 [RatisPipelineUtilsThread-0] INFO  pipeline.BackgroundPipelineCreator (BackgroundPipelineCreator.java:createPipelines(236)) - Created new pipeline Pipeline[ Id: 4084f37d-2f77-45e9-9f94-c2fec77c309d, Nodes: 488c4769-1e0b-4768-b3fe-c72db1d0dad7(fv-az776-296/10.1.0.5), ReplicationConfig: RATIS/ONE, State:ALLOCATED, leaderId:, CreationTimestamp2024-02-06T10:02:44.545Z[Etc/UTC]]
2024-02-06 10:02:44,642 [IPC Server handler 6 on default port 15091] INFO  net.NetworkTopologyImpl (NetworkTopologyImpl.java:add(124)) - Added a new node: /default-rack/e4108bdc-dd8a-4467-8687-0aef72f28da1
2024-02-06 10:02:44,642 [IPC Server handler 6 on default port 15091] INFO  node.SCMNodeManager (SCMNodeManager.java:register(421)) - Registered datanode: e4108bdc-dd8a-4467-8687-0aef72f28da1{ip: 10.1.0.5, host: fv-az776-296, ports: [HTTP=15107, CLIENT_RPC=15108, REPLICATION=15114, RATIS=15110, RATIS_ADMIN=15111, RATIS_SERVER=15112, RATIS_DATASTREAM=15113, STANDALONE=15109], networkLocation: /default-rack, certSerialId: null, persistedOpState: null, persistedOpStateExpiryEpochSec: 0}
2024-02-06 10:02:44,642 [EventQueue-NewNodeForNewNodeHandler] INFO  pipeline.BackgroundPipelineCreator (BackgroundPipelineCreator.java:notifyEventTriggered(280)) - trigger a one-shot run on RatisPipelineUtilsThread.
2024-02-06 10:02:44,644 [RatisPipelineUtilsThread-0] INFO  pipeline.RatisPipelineProvider (RatisPipelineProvider.java:lambda$create$0(206)) - Sending CreatePipelineCommand for pipeline:PipelineID=621266bd-afd4-47b5-8f23-ef5248a23a32 to datanode:e4108bdc-dd8a-4467-8687-0aef72f28da1
2024-02-06 10:02:44,644 [EventQueue-NodeRegistrationContainerReportForDataNodeSafeModeRule] INFO  safemode.SCMSafeModeManager (DataNodeSafeModeRule.java:process(71)) - SCM in safe mode. 2 DataNodes registered, 3 required.
2024-02-06 10:02:44,645 [RatisPipelineUtilsThread-0] INFO  pipeline.BackgroundPipelineCreator (BackgroundPipelineCreator.java:createPipelines(236)) - Created new pipeline Pipeline[ Id: 621266bd-afd4-47b5-8f23-ef5248a23a32, Nodes: e4108bdc-dd8a-4467-8687-0aef72f28da1(fv-az776-296/10.1.0.5), ReplicationConfig: RATIS/ONE, State:ALLOCATED, leaderId:, CreationTimestamp2024-02-06T10:02:44.644Z[Etc/UTC]]
2024-02-06 10:02:44,766 [IPC Server handler 7 on default port 15091] INFO  net.NetworkTopologyImpl (NetworkTopologyImpl.java:add(124)) - Added a new node: /default-rack/07380eda-3c62-4610-a005-d4af5e2d732d
2024-02-06 10:02:44,766 [IPC Server handler 7 on default port 15091] INFO  node.SCMNodeManager (SCMNodeManager.java:register(421)) - Registered datanode: 07380eda-3c62-4610-a005-d4af5e2d732d{ip: 10.1.0.5, host: fv-az776-296, ports: [HTTP=15116, CLIENT_RPC=15117, REPLICATION=15123, RATIS=15119, RATIS_ADMIN=15120, RATIS_SERVER=15121, RATIS_DATASTREAM=15122, STANDALONE=15118], networkLocation: /default-rack, certSerialId: null, persistedOpState: null, persistedOpStateExpiryEpochSec: 0}
2024-02-06 10:02:44,768 [EventQueue-NewNodeForNewNodeHandler] INFO  pipeline.BackgroundPipelineCreator (BackgroundPipelineCreator.java:notifyEventTriggered(280)) - trigger a one-shot run on RatisPipelineUtilsThread.
2024-02-06 10:02:44,768 [EventQueue-NodeRegistrationContainerReportForDataNodeSafeModeRule] INFO  safemode.SCMSafeModeManager (DataNodeSafeModeRule.java:process(71)) - SCM in safe mode. 3 DataNodes registered, 3 required.
2024-02-06 10:02:44,768 [EventQueue-NodeRegistrationContainerReportForDataNodeSafeModeRule] INFO  safemode.SCMSafeModeManager (SCMSafeModeManager.java:validateSafeModeExitRules(200)) - DataNodeSafeModeRule rule is successfully validated
2024-02-06 10:02:44,768 [RatisPipelineUtilsThread-0] INFO  pipeline.RatisPipelineProvider (RatisPipelineProvider.java:lambda$create$0(206)) - Sending CreatePipelineCommand for pipeline:PipelineID=d07cf722-1cd8-448e-b4ff-b36d316a6573 to datanode:07380eda-3c62-4610-a005-d4af5e2d732d
2024-02-06 10:02:44,768 [EventQueue-NodeRegistrationContainerReportForDataNodeSafeModeRule] INFO  safemode.SCMSafeModeManager (SCMSafeModeManager.java:completePreCheck(229)) - All SCM safe mode pre check rules have passed
2024-02-06 10:02:44,768 [EventQueue-NodeRegistrationContainerReportForDataNodeSafeModeRule] INFO  ha.SCMContext (SCMContext.java:updateSafeModeStatus(225)) - Update SafeModeStatus from SafeModeStatus{safeModeStatus=true, preCheckPassed=false} to SafeModeStatus{safeModeStatus=true, preCheckPassed=true}.
2024-02-06 10:02:44,769 [EventQueue-NodeRegistrationContainerReportForDataNodeSafeModeRule] INFO  pipeline.BackgroundPipelineCreator (BackgroundPipelineCreator.java:notifyEventTriggered(280)) - trigger a one-shot run on RatisPipelineUtilsThread.
2024-02-06 10:02:44,769 [RatisPipelineUtilsThread-0] INFO  pipeline.BackgroundPipelineCreator (BackgroundPipelineCreator.java:createPipelines(236)) - Created new pipeline Pipeline[ Id: d07cf722-1cd8-448e-b4ff-b36d316a6573, Nodes: 07380eda-3c62-4610-a005-d4af5e2d732d(fv-az776-296/10.1.0.5), ReplicationConfig: RATIS/ONE, State:ALLOCATED, leaderId:, CreationTimestamp2024-02-06T10:02:44.768Z[Etc/UTC]]
2024-02-06 10:02:44,769 [RatisPipelineUtilsThread-0] INFO  pipeline.RatisPipelineProvider (RatisPipelineProvider.java:lambda$create$0(206)) - Sending CreatePipelineCommand for pipeline:PipelineID=a0dea5f9-55d9-41fd-bc61-93dd453b75eb to datanode:07380eda-3c62-4610-a005-d4af5e2d732d
2024-02-06 10:02:44,770 [RatisPipelineUtilsThread-0] INFO  pipeline.RatisPipelineProvider (RatisPipelineProvider.java:lambda$create$0(206)) - Sending CreatePipelineCommand for pipeline:PipelineID=a0dea5f9-55d9-41fd-bc61-93dd453b75eb to datanode:e4108bdc-dd8a-4467-8687-0aef72f28da1
2024-02-06 10:02:44,770 [RatisPipelineUtilsThread-0] INFO  pipeline.RatisPipelineProvider (RatisPipelineProvider.java:lambda$create$0(206)) - Sending CreatePipelineCommand for pipeline:PipelineID=a0dea5f9-55d9-41fd-bc61-93dd453b75eb to datanode:488c4769-1e0b-4768-b3fe-c72db1d0dad7
2024-02-06 10:02:44,771 [RatisPipelineUtilsThread-0] INFO  pipeline.BackgroundPipelineCreator (BackgroundPipelineCreator.java:createPipelines(236)) - Created new pipeline Pipeline[ Id: a0dea5f9-55d9-41fd-bc61-93dd453b75eb, Nodes: 07380eda-3c62-4610-a005-d4af5e2d732d(fv-az776-296/10.1.0.5)e4108bdc-dd8a-4467-8687-0aef72f28da1(fv-az776-296/10.1.0.5)488c4769-1e0b-4768-b3fe-c72db1d0dad7(fv-az776-296/10.1.0.5), ReplicationConfig: RATIS/THREE, State:ALLOCATED, leaderId:, CreationTimestamp2024-02-06T10:02:44.769Z[Etc/UTC]]
2024-02-06 10:02:44,874 [IPC Server handler 75 on default port 15091] INFO  net.NetworkTopologyImpl (NetworkTopologyImpl.java:add(124)) - Added a new node: /default-rack/9b6fde4f-3239-4bc3-82bd-b2cd2f08e288
2024-02-06 10:02:44,875 [IPC Server handler 75 on default port 15091] INFO  node.SCMNodeManager (SCMNodeManager.java:register(421)) - Registered datanode: 9b6fde4f-3239-4bc3-82bd-b2cd2f08e288{ip: 10.1.0.5, host: fv-az776-296, ports: [HTTP=15125, CLIENT_RPC=15126, REPLICATION=15132, RATIS=15128, RATIS_ADMIN=15129, RATIS_SERVER=15130, RATIS_DATASTREAM=15131, STANDALONE=15127], networkLocation: /default-rack, certSerialId: null, persistedOpState: null, persistedOpStateExpiryEpochSec: 0}
2024-02-06 10:02:44,875 [EventQueue-NewNodeForNewNodeHandler] INFO  pipeline.BackgroundPipelineCreator (BackgroundPipelineCreator.java:notifyEventTriggered(280)) - trigger a one-shot run on RatisPipelineUtilsThread.
2024-02-06 10:02:44,876 [RatisPipelineUtilsThread-0] INFO  pipeline.RatisPipelineProvider (RatisPipelineProvider.java:lambda$create$0(206)) - Sending CreatePipelineCommand for pipeline:PipelineID=6ca7dc08-a56d-4cf3-9800-c5de4906fa3b to datanode:9b6fde4f-3239-4bc3-82bd-b2cd2f08e288
2024-02-06 10:02:44,877 [RatisPipelineUtilsThread-0] INFO  pipeline.BackgroundPipelineCreator (BackgroundPipelineCreator.java:createPipelines(236)) - Created new pipeline Pipeline[ Id: 6ca7dc08-a56d-4cf3-9800-c5de4906fa3b, Nodes: 9b6fde4f-3239-4bc3-82bd-b2cd2f08e288(fv-az776-296/10.1.0.5), ReplicationConfig: RATIS/ONE, State:ALLOCATED, leaderId:, CreationTimestamp2024-02-06T10:02:44.876Z[Etc/UTC]]
2024-02-06 10:02:45,012 [IPC Server handler 0 on default port 15091] INFO  net.NetworkTopologyImpl (NetworkTopologyImpl.java:add(124)) - Added a new node: /default-rack/fc33255d-a8b6-4933-b6d6-be3a7bd24e4a
2024-02-06 10:02:45,012 [IPC Server handler 0 on default port 15091] INFO  node.SCMNodeManager (SCMNodeManager.java:register(421)) - Registered datanode: fc33255d-a8b6-4933-b6d6-be3a7bd24e4a{ip: 10.1.0.5, host: fv-az776-296, ports: [HTTP=15134, CLIENT_RPC=15135, REPLICATION=15141, RATIS=15137, RATIS_ADMIN=15138, RATIS_SERVER=15139, RATIS_DATASTREAM=15140, STANDALONE=15136], networkLocation: /default-rack, certSerialId: null, persistedOpState: null, persistedOpStateExpiryEpochSec: 0}
2024-02-06 10:02:45,012 [EventQueue-NewNodeForNewNodeHandler] INFO  pipeline.BackgroundPipelineCreator (BackgroundPipelineCreator.java:notifyEventTriggered(280)) - trigger a one-shot run on RatisPipelineUtilsThread.
2024-02-06 10:02:45,013 [RatisPipelineUtilsThread-0] INFO  pipeline.RatisPipelineProvider (RatisPipelineProvider.java:lambda$create$0(206)) - Sending CreatePipelineCommand for pipeline:PipelineID=ea634636-74e7-4574-b392-6757de20da43 to datanode:fc33255d-a8b6-4933-b6d6-be3a7bd24e4a
2024-02-06 10:02:45,014 [RatisPipelineUtilsThread-0] INFO  pipeline.BackgroundPipelineCreator (BackgroundPipelineCreator.java:createPipelines(236)) - Created new pipeline Pipeline[ Id: ea634636-74e7-4574-b392-6757de20da43, Nodes: fc33255d-a8b6-4933-b6d6-be3a7bd24e4a(fv-az776-296/10.1.0.5), ReplicationConfig: RATIS/ONE, State:ALLOCATED, leaderId:, CreationTimestamp2024-02-06T10:02:45.013Z[Etc/UTC]]
2024-02-06 10:02:45,119 [IPC Server handler 1 on default port 15091] INFO  net.NetworkTopologyImpl (NetworkTopologyImpl.java:add(124)) - Added a new node: /default-rack/4a798287-2ddb-4f45-a758-72f424bfa3c7
2024-02-06 10:02:45,119 [IPC Server handler 1 on default port 15091] INFO  node.SCMNodeManager (SCMNodeManager.java:register(421)) - Registered datanode: 4a798287-2ddb-4f45-a758-72f424bfa3c7{ip: 10.1.0.5, host: fv-az776-296, ports: [HTTP=15143, CLIENT_RPC=15144, REPLICATION=15150, RATIS=15146, RATIS_ADMIN=15147, RATIS_SERVER=15148, RATIS_DATASTREAM=15149, STANDALONE=15145], networkLocation: /default-rack, certSerialId: null, persistedOpState: null, persistedOpStateExpiryEpochSec: 0}
2024-02-06 10:02:45,120 [EventQueue-NewNodeForNewNodeHandler] INFO  pipeline.BackgroundPipelineCreator (BackgroundPipelineCreator.java:notifyEventTriggered(280)) - trigger a one-shot run on RatisPipelineUtilsThread.
2024-02-06 10:02:45,120 [RatisPipelineUtilsThread-0] INFO  pipeline.RatisPipelineProvider (RatisPipelineProvider.java:lambda$create$0(206)) - Sending CreatePipelineCommand for pipeline:PipelineID=dfc1d059-b2b9-4399-a3f0-a1c2faeb3750 to datanode:4a798287-2ddb-4f45-a758-72f424bfa3c7
2024-02-06 10:02:45,121 [RatisPipelineUtilsThread-0] INFO  pipeline.BackgroundPipelineCreator (BackgroundPipelineCreator.java:createPipelines(236)) - Created new pipeline Pipeline[ Id: dfc1d059-b2b9-4399-a3f0-a1c2faeb3750, Nodes: 4a798287-2ddb-4f45-a758-72f424bfa3c7(fv-az776-296/10.1.0.5), ReplicationConfig: RATIS/ONE, State:ALLOCATED, leaderId:, CreationTimestamp2024-02-06T10:02:45.120Z[Etc/UTC]]
2024-02-06 10:02:45,121 [RatisPipelineUtilsThread-0] INFO  pipeline.RatisPipelineProvider (RatisPipelineProvider.java:lambda$create$0(206)) - Sending CreatePipelineCommand for pipeline:PipelineID=583e54d3-5a1a-4106-93b5-3d52b063064b to datanode:fc33255d-a8b6-4933-b6d6-be3a7bd24e4a
2024-02-06 10:02:45,121 [RatisPipelineUtilsThread-0] INFO  pipeline.RatisPipelineProvider (RatisPipelineProvider.java:lambda$create$0(206)) - Sending CreatePipelineCommand for pipeline:PipelineID=583e54d3-5a1a-4106-93b5-3d52b063064b to datanode:9b6fde4f-3239-4bc3-82bd-b2cd2f08e288
2024-02-06 10:02:45,121 [RatisPipelineUtilsThread-0] INFO  pipeline.RatisPipelineProvider (RatisPipelineProvider.java:lambda$create$0(206)) - Sending CreatePipelineCommand for pipeline:PipelineID=583e54d3-5a1a-4106-93b5-3d52b063064b to datanode:4a798287-2ddb-4f45-a758-72f424bfa3c7
2024-02-06 10:02:45,122 [RatisPipelineUtilsThread-0] INFO  pipeline.BackgroundPipelineCreator (BackgroundPipelineCreator.java:createPipelines(236)) - Created new pipeline Pipeline[ Id: 583e54d3-5a1a-4106-93b5-3d52b063064b, Nodes: fc33255d-a8b6-4933-b6d6-be3a7bd24e4a(fv-az776-296/10.1.0.5)9b6fde4f-3239-4bc3-82bd-b2cd2f08e288(fv-az776-296/10.1.0.5)4a798287-2ddb-4f45-a758-72f424bfa3c7(fv-az776-296/10.1.0.5), ReplicationConfig: RATIS/THREE, State:ALLOCATED, leaderId:, CreationTimestamp2024-02-06T10:02:45.121Z[Etc/UTC]]
2024-02-06 10:02:45,243 [IPC Server handler 2 on default port 15091] INFO  net.NetworkTopologyImpl (NetworkTopologyImpl.java:add(124)) - Added a new node: /default-rack/4463a956-bc43-48e2-a5be-041fb54af7fb
2024-02-06 10:02:45,243 [IPC Server handler 2 on default port 15091] INFO  node.SCMNodeManager (SCMNodeManager.java:register(421)) - Registered datanode: 4463a956-bc43-48e2-a5be-041fb54af7fb{ip: 10.1.0.5, host: fv-az776-296, ports: [HTTP=15152, CLIENT_RPC=15153, REPLICATION=15159, RATIS=15155, RATIS_ADMIN=15156, RATIS_SERVER=15157, RATIS_DATASTREAM=15158, STANDALONE=15154], networkLocation: /default-rack, certSerialId: null, persistedOpState: null, persistedOpStateExpiryEpochSec: 0}
2024-02-06 10:02:45,245 [EventQueue-NewNodeForNewNodeHandler] INFO  pipeline.BackgroundPipelineCreator (BackgroundPipelineCreator.java:notifyEventTriggered(280)) - trigger a one-shot run on RatisPipelineUtilsThread.
2024-02-06 10:02:45,245 [RatisPipelineUtilsThread-0] INFO  pipeline.RatisPipelineProvider (RatisPipelineProvider.java:lambda$create$0(206)) - Sending CreatePipelineCommand for pipeline:PipelineID=e9b134b8-42b7-462e-9b88-ce782fae109c to datanode:4463a956-bc43-48e2-a5be-041fb54af7fb
2024-02-06 10:02:45,246 [RatisPipelineUtilsThread-0] INFO  pipeline.BackgroundPipelineCreator (BackgroundPipelineCreator.java:createPipelines(236)) - Created new pipeline Pipeline[ Id: e9b134b8-42b7-462e-9b88-ce782fae109c, Nodes: 4463a956-bc43-48e2-a5be-041fb54af7fb(fv-az776-296/10.1.0.5), ReplicationConfig: RATIS/ONE, State:ALLOCATED, leaderId:, CreationTimestamp2024-02-06T10:02:45.245Z[Etc/UTC]]
2024-02-06 10:02:45,353 [IPC Server handler 3 on default port 15091] INFO  net.NetworkTopologyImpl (NetworkTopologyImpl.java:add(124)) - Added a new node: /default-rack/73be6a6b-5fd7-4eac-9d0c-1772c183b18d
2024-02-06 10:02:45,353 [IPC Server handler 3 on default port 15091] INFO  node.SCMNodeManager (SCMNodeManager.java:register(421)) - Registered datanode: 73be6a6b-5fd7-4eac-9d0c-1772c183b18d{ip: 10.1.0.5, host: fv-az776-296, ports: [HTTP=15161, CLIENT_RPC=15162, REPLICATION=15168, RATIS=15164, RATIS_ADMIN=15165, RATIS_SERVER=15166, RATIS_DATASTREAM=15167, STANDALONE=15163], networkLocation: /default-rack, certSerialId: null, persistedOpState: null, persistedOpStateExpiryEpochSec: 0}
2024-02-06 10:02:45,354 [EventQueue-NewNodeForNewNodeHandler] INFO  pipeline.BackgroundPipelineCreator (BackgroundPipelineCreator.java:notifyEventTriggered(280)) - trigger a one-shot run on RatisPipelineUtilsThread.
2024-02-06 10:02:45,354 [RatisPipelineUtilsThread-0] INFO  pipeline.RatisPipelineProvider (RatisPipelineProvider.java:lambda$create$0(206)) - Sending CreatePipelineCommand for pipeline:PipelineID=d786f4e4-63b0-422d-bd41-b48b9d031783 to datanode:73be6a6b-5fd7-4eac-9d0c-1772c183b18d
2024-02-06 10:02:45,355 [RatisPipelineUtilsThread-0] INFO  pipeline.BackgroundPipelineCreator (BackgroundPipelineCreator.java:createPipelines(236)) - Created new pipeline Pipeline[ Id: d786f4e4-63b0-422d-bd41-b48b9d031783, Nodes: 73be6a6b-5fd7-4eac-9d0c-1772c183b18d(fv-az776-296/10.1.0.5), ReplicationConfig: RATIS/ONE, State:ALLOCATED, leaderId:, CreationTimestamp2024-02-06T10:02:45.354Z[Etc/UTC]]
2024-02-06 10:02:45,450 [IPC Server handler 4 on default port 15091] INFO  net.NetworkTopologyImpl (NetworkTopologyImpl.java:add(124)) - Added a new node: /default-rack/463d4cd4-93eb-48de-ad15-bb97619fa095
2024-02-06 10:02:45,451 [IPC Server handler 4 on default port 15091] INFO  node.SCMNodeManager (SCMNodeManager.java:register(421)) - Registered datanode: 463d4cd4-93eb-48de-ad15-bb97619fa095{ip: 10.1.0.5, host: fv-az776-296, ports: [HTTP=15170, CLIENT_RPC=15171, REPLICATION=15177, RATIS=15173, RATIS_ADMIN=15174, RATIS_SERVER=15175, RATIS_DATASTREAM=15176, STANDALONE=15172], networkLocation: /default-rack, certSerialId: null, persistedOpState: null, persistedOpStateExpiryEpochSec: 0}
2024-02-06 10:02:45,451 [main] INFO  ozone.MiniOzoneClusterImpl (MiniOzoneClusterImpl.java:lambda$waitForClusterToBeReady$0(228)) - Nodes are ready. Got 9 of 9 DN Heartbeats.
2024-02-06 10:02:45,451 [main] INFO  ozone.MiniOzoneClusterImpl (MiniOzoneClusterImpl.java:lambda$waitForClusterToBeReady$0(231)) - Waiting for cluster to exit safe mode
2024-02-06 10:02:45,451 [main] INFO  ozone.MiniOzoneClusterImpl (MiniOzoneClusterImpl.java:lambda$waitForClusterToBeReady$0(233)) - SCM became leader
2024-02-06 10:02:45,451 [EventQueue-NewNodeForNewNodeHandler] INFO  pipeline.BackgroundPipelineCreator (BackgroundPipelineCreator.java:notifyEventTriggered(280)) - trigger a one-shot run on RatisPipelineUtilsThread.
2024-02-06 10:02:45,452 [RatisPipelineUtilsThread-0] INFO  pipeline.RatisPipelineProvider (RatisPipelineProvider.java:lambda$create$0(206)) - Sending CreatePipelineCommand for pipeline:PipelineID=34b5258b-60aa-476c-aedf-ba2f21f92d48 to datanode:463d4cd4-93eb-48de-ad15-bb97619fa095
2024-02-06 10:02:45,453 [RatisPipelineUtilsThread-0] INFO  pipeline.BackgroundPipelineCreator (BackgroundPipelineCreator.java:createPipelines(236)) - Created new pipeline Pipeline[ Id: 34b5258b-60aa-476c-aedf-ba2f21f92d48, Nodes: 463d4cd4-93eb-48de-ad15-bb97619fa095(fv-az776-296/10.1.0.5), ReplicationConfig: RATIS/ONE, State:ALLOCATED, leaderId:, CreationTimestamp2024-02-06T10:02:45.452Z[Etc/UTC]]
2024-02-06 10:02:45,453 [RatisPipelineUtilsThread-0] INFO  pipeline.RatisPipelineProvider (RatisPipelineProvider.java:lambda$create$0(206)) - Sending CreatePipelineCommand for pipeline:PipelineID=19c338fc-2932-4906-b65b-b5133fd9d28e to datanode:463d4cd4-93eb-48de-ad15-bb97619fa095
2024-02-06 10:02:45,454 [RatisPipelineUtilsThread-0] INFO  pipeline.RatisPipelineProvider (RatisPipelineProvider.java:lambda$create$0(206)) - Sending CreatePipelineCommand for pipeline:PipelineID=19c338fc-2932-4906-b65b-b5133fd9d28e to datanode:73be6a6b-5fd7-4eac-9d0c-1772c183b18d
2024-02-06 10:02:45,454 [RatisPipelineUtilsThread-0] INFO  pipeline.RatisPipelineProvider (RatisPipelineProvider.java:lambda$create$0(206)) - Sending CreatePipelineCommand for pipeline:PipelineID=19c338fc-2932-4906-b65b-b5133fd9d28e to datanode:4463a956-bc43-48e2-a5be-041fb54af7fb
2024-02-06 10:02:45,454 [RatisPipelineUtilsThread-0] INFO  pipeline.BackgroundPipelineCreator (BackgroundPipelineCreator.java:createPipelines(236)) - Created new pipeline Pipeline[ Id: 19c338fc-2932-4906-b65b-b5133fd9d28e, Nodes: 463d4cd4-93eb-48de-ad15-bb97619fa095(fv-az776-296/10.1.0.5)73be6a6b-5fd7-4eac-9d0c-1772c183b18d(fv-az776-296/10.1.0.5)4463a956-bc43-48e2-a5be-041fb54af7fb(fv-az776-296/10.1.0.5), ReplicationConfig: RATIS/THREE, State:ALLOCATED, leaderId:, CreationTimestamp2024-02-06T10:02:45.453Z[Etc/UTC]]
2024-02-06 10:02:46,451 [main] INFO  ozone.MiniOzoneClusterImpl (MiniOzoneClusterImpl.java:lambda$waitForClusterToBeReady$0(228)) - Nodes are ready. Got 9 of 9 DN Heartbeats.
2024-02-06 10:02:46,452 [main] INFO  ozone.MiniOzoneClusterImpl (MiniOzoneClusterImpl.java:lambda$waitForClusterToBeReady$0(231)) - Waiting for cluster to exit safe mode
2024-02-06 10:02:46,452 [main] INFO  ozone.MiniOzoneClusterImpl (MiniOzoneClusterImpl.java:lambda$waitForClusterToBeReady$0(233)) - SCM became leader
2024-02-06 10:02:47,452 [main] INFO  ozone.MiniOzoneClusterImpl (MiniOzoneClusterImpl.java:lambda$waitForClusterToBeReady$0(228)) - Nodes are ready. Got 9 of 9 DN Heartbeats.
2024-02-06 10:02:47,452 [main] INFO  ozone.MiniOzoneClusterImpl (MiniOzoneClusterImpl.java:lambda$waitForClusterToBeReady$0(231)) - Waiting for cluster to exit safe mode
2024-02-06 10:02:47,452 [main] INFO  ozone.MiniOzoneClusterImpl (MiniOzoneClusterImpl.java:lambda$waitForClusterToBeReady$0(233)) - SCM became leader
2024-02-06 10:02:47,542 [488c4769-1e0b-4768-b3fe-c72db1d0dad7-PipelineCommandHandlerThread-0] INFO  server.RaftServer (RaftServerProxy.java:addNew(100)) - 488c4769-1e0b-4768-b3fe-c72db1d0dad7: addNew group-C2FEC77C309D:[488c4769-1e0b-4768-b3fe-c72db1d0dad7|10.1.0.5:15103] returns group-C2FEC77C309D:java.util.concurrent.CompletableFuture@53db6dae[Not completed]
2024-02-06 10:02:47,543 [488c4769-1e0b-4768-b3fe-c72db1d0dad7-groupManagement] INFO  server.RaftServer$Division (RaftServerImpl.java:<init>(256)) - 488c4769-1e0b-4768-b3fe-c72db1d0dad7: new RaftServerImpl for group-C2FEC77C309D:[488c4769-1e0b-4768-b3fe-c72db1d0dad7|10.1.0.5:15103] with ContainerStateMachine:uninitialized
2024-02-06 10:02:47,543 [488c4769-1e0b-4768-b3fe-c72db1d0dad7-groupManagement] INFO  server.RaftServerConfigKeys (ConfUtils.java:logGet(46)) - raft.server.rpc.timeout.min = 5s (custom)
2024-02-06 10:02:47,543 [488c4769-1e0b-4768-b3fe-c72db1d0dad7-groupManagement] INFO  server.RaftServerConfigKeys (ConfUtils.java:logGet(46)) - raft.server.rpc.timeout.max = 5200ms (custom)
2024-02-06 10:02:47,543 [488c4769-1e0b-4768-b3fe-c72db1d0dad7-groupManagement] INFO  server.RaftServerConfigKeys (ConfUtils.java:logGet(46)) - raft.server.rpc.sleep.time = 25ms (default)
2024-02-06 10:02:47,543 [488c4769-1e0b-4768-b3fe-c72db1d0dad7-groupManagement] INFO  server.RaftServerConfigKeys (ConfUtils.java:logGet(46)) - raft.server.rpc.slowness.timeout = 300000ms (custom)
2024-02-06 10:02:47,543 [488c4769-1e0b-4768-b3fe-c72db1d0dad7-groupManagement] INFO  server.RaftServerConfigKeys (ConfUtils.java:logGet(46)) - raft.server.leaderelection.leader.step-down.wait-time = 10s (default)
2024-02-06 10:02:47,544 [488c4769-1e0b-4768-b3fe-c72db1d0dad7-groupManagement] INFO  server.RaftServerConfigKeys (ConfUtils.java:logGet(46)) - raft.server.leaderelection.member.majority-add = false (default)
2024-02-06 10:02:47,544 [488c4769-1e0b-4768-b3fe-c72db1d0dad7-groupManagement] INFO  server.RaftServerConfigKeys (ConfUtils.java:logGet(46)) - raft.server.sleep.deviation.threshold = 300ms (default)
2024-02-06 10:02:47,544 [488c4769-1e0b-4768-b3fe-c72db1d0dad7-groupManagement] INFO  server.RaftServer$Division (ServerState.java:<init>(113)) - 488c4769-1e0b-4768-b3fe-c72db1d0dad7@group-C2FEC77C309D: ConfigurationManager, init=-1: peers:[488c4769-1e0b-4768-b3fe-c72db1d0dad7|10.1.0.5:15103]|listeners:[], old=null, confs=<EMPTY_MAP>
2024-02-06 10:02:47,544 [488c4769-1e0b-4768-b3fe-c72db1d0dad7-groupManagement] INFO  server.RaftServerConfigKeys (ConfUtils.java:logGet(46)) - raft.server.notification.no-leader.timeout = 300000ms (custom)
2024-02-06 10:02:47,544 [488c4769-1e0b-4768-b3fe-c72db1d0dad7-groupManagement] INFO  server.RaftServerConfigKeys (ConfUtils.java:logGet(46)) - raft.server.read.timeout = 10s (default)
2024-02-06 10:02:47,544 [488c4769-1e0b-4768-b3fe-c72db1d0dad7-groupManagement] INFO  server.RaftServerConfigKeys (ConfUtils.java:logGet(46)) - raft.server.retrycache.expirytime = 600000ms (custom)
2024-02-06 10:02:47,544 [488c4769-1e0b-4768-b3fe-c72db1d0dad7-groupManagement] INFO  server.RaftServerConfigKeys (ConfUtils.java:logGet(46)) - raft.server.retrycache.statistics.expirytime = 100ms (default)
2024-02-06 10:02:47,544 [488c4769-1e0b-4768-b3fe-c72db1d0dad7-groupManagement] INFO  server.RaftServerConfigKeys (ConfUtils.java:logGet(46)) - raft.server.read.option = DEFAULT (default)
2024-02-06 10:02:47,544 [488c4769-1e0b-4768-b3fe-c72db1d0dad7-groupManagement] INFO  server.RaftServerConfigKeys (ConfUtils.java:logGet(46)) - raft.server.read.read-after-write-consistent.write-index-cache.expiry-time = 60s (default)
2024-02-06 10:02:47,547 [488c4769-1e0b-4768-b3fe-c72db1d0dad7-groupManagement] INFO  server.RaftServerConfigKeys (ConfUtils.java:logGet(46)) - raft.server.rpc.request.timeout = 3000ms (default)
2024-02-06 10:02:47,547 [488c4769-1e0b-4768-b3fe-c72db1d0dad7-groupManagement] INFO  server.RaftServerConfigKeys (ConfUtils.java:logGet(46)) - raft.server.log.appender.install.snapshot.enabled = false (custom)
2024-02-06 10:02:47,547 [488c4769-1e0b-4768-b3fe-c72db1d0dad7-groupManagement] INFO  server.RaftServerConfigKeys (ConfUtils.java:logGet(46)) - raft.server.threadpool.server.cached = true (default)
2024-02-06 10:02:47,547 [488c4769-1e0b-4768-b3fe-c72db1d0dad7-groupManagement] INFO  server.RaftServerConfigKeys (ConfUtils.java:logGet(46)) - raft.server.threadpool.server.size = 0 (default)
2024-02-06 10:02:47,547 [488c4769-1e0b-4768-b3fe-c72db1d0dad7-groupManagement] INFO  server.RaftServerConfigKeys (ConfUtils.java:logGet(46)) - raft.server.threadpool.client.cached = true (default)
2024-02-06 10:02:47,547 [488c4769-1e0b-4768-b3fe-c72db1d0dad7-groupManagement] INFO  server.RaftServerConfigKeys (ConfUtils.java:logGet(46)) - raft.server.threadpool.client.size = 0 (default)
2024-02-06 10:02:47,547 [488c4769-1e0b-4768-b3fe-c72db1d0dad7-groupManagement] INFO  server.RaftServerConfigKeys (ConfUtils.java:logGet(46)) - raft.server.storage.free-space.min = 0MB (=0) (default)
2024-02-06 10:02:47,547 [488c4769-1e0b-4768-b3fe-c72db1d0dad7-groupManagement] INFO  server.RaftServerConfigKeys (ConfUtils.java:logGet(46)) - raft.server.log.corruption.policy = EXCEPTION (default)
2024-02-06 10:02:47,548 [488c4769-1e0b-4768-b3fe-c72db1d0dad7-groupManagement] INFO  server.RaftServerConfigKeys (ConfUtils.java:logGet(46)) - raft.server.storage.dir = [/home/runner/work/ozone/ozone/hadoop-ozone/integration-test/target/test-dir/MiniOzoneClusterImpl-aff9c889-8dd2-4f79-ab57-76a0adc13766/datanode-0/data/ratis] (custom)
2024-02-06 10:02:47,548 [488c4769-1e0b-4768-b3fe-c72db1d0dad7-groupManagement] INFO  storage.RaftStorageDirectory (RaftStorageDirectoryImpl.java:analyzeStorage(138)) - The storage directory /home/runner/work/ozone/ozone/hadoop-ozone/integration-test/target/test-dir/MiniOzoneClusterImpl-aff9c889-8dd2-4f79-ab57-76a0adc13766/datanode-0/data/ratis/4084f37d-2f77-45e9-9f94-c2fec77c309d does not exist. Creating ...
2024-02-06 10:02:47,549 [488c4769-1e0b-4768-b3fe-c72db1d0dad7-groupManagement] INFO  storage.RaftStorageDirectory (RaftStorageDirectoryImpl.java:tryLock(228)) - Lock on /home/runner/work/ozone/ozone/hadoop-ozone/integration-test/target/test-dir/MiniOzoneClusterImpl-aff9c889-8dd2-4f79-ab57-76a0adc13766/datanode-0/data/ratis/4084f37d-2f77-45e9-9f94-c2fec77c309d/in_use.lock acquired by nodename 37157@fv-az776-296
2024-02-06 10:02:47,550 [488c4769-1e0b-4768-b3fe-c72db1d0dad7-groupManagement] INFO  storage.RaftStorage (RaftStorageImpl.java:format(99)) - Storage directory /home/runner/work/ozone/ozone/hadoop-ozone/integration-test/target/test-dir/MiniOzoneClusterImpl-aff9c889-8dd2-4f79-ab57-76a0adc13766/datanode-0/data/ratis/4084f37d-2f77-45e9-9f94-c2fec77c309d has been successfully formatted.
2024-02-06 10:02:47,551 [488c4769-1e0b-4768-b3fe-c72db1d0dad7-groupManagement] WARN  util.FileUtils (LogUtils.java:supplyAndLog(63)) - Failed to Files.newInputStream /home/runner/work/ozone/ozone/hadoop-ozone/integration-test/target/test-dir/MiniOzoneClusterImpl-aff9c889-8dd2-4f79-ab57-76a0adc13766/datanode-0/data/ratis/4084f37d-2f77-45e9-9f94-c2fec77c309d/current/raft-meta.conf with options []: java.nio.file.NoSuchFileException: /home/runner/work/ozone/ozone/hadoop-ozone/integration-test/target/test-dir/MiniOzoneClusterImpl-aff9c889-8dd2-4f79-ab57-76a0adc13766/datanode-0/data/ratis/4084f37d-2f77-45e9-9f94-c2fec77c309d/current/raft-meta.conf
2024-02-06 10:02:47,552 [488c4769-1e0b-4768-b3fe-c72db1d0dad7-groupManagement] INFO  ratis.ContainerStateMachine (ContainerStateMachine.java:loadSnapshot(287)) - group-C2FEC77C309D: The snapshot info is null. Setting the last applied index to:(t:0, i:~)
2024-02-06 10:02:47,552 [488c4769-1e0b-4768-b3fe-c72db1d0dad7-groupManagement] INFO  server.RaftServerConfigKeys (ConfUtils.java:logGet(46)) - raft.server.log.use.memory = false (default)
2024-02-06 10:02:47,552 [488c4769-1e0b-4768-b3fe-c72db1d0dad7-groupManagement] INFO  server.RaftServerConfigKeys (ConfUtils.java:logGet(46)) - raft.server.log.purge.gap = 1000000 (custom)
2024-02-06 10:02:47,552 [488c4769-1e0b-4768-b3fe-c72db1d0dad7-groupManagement] INFO  server.RaftServerConfigKeys (ConfUtils.java:logGet(46)) - raft.server.log.appender.buffer.byte-limit = 8388608 (custom)
2024-02-06 10:02:47,552 [488c4769-1e0b-4768-b3fe-c72db1d0dad7-groupManagement] INFO  server.RaftServerConfigKeys (ConfUtils.java:logGet(46)) - raft.server.log.statemachine.data.read.timeout = 1000ms (default)
2024-02-06 10:02:47,552 [488c4769-1e0b-4768-b3fe-c72db1d0dad7-groupManagement] INFO  server.RaftServerConfigKeys (ConfUtils.java:logGet(46)) - raft.server.log.purge.preservation.log.num = 0 (default)
2024-02-06 10:02:47,554 [488c4769-1e0b-4768-b3fe-c72db1d0dad7-groupManagement] INFO  server.RaftServerConfigKeys (ConfUtils.java:logGet(46)) - raft.server.log.segment.size.max = 67108864 (custom)
2024-02-06 10:02:47,554 [488c4769-1e0b-4768-b3fe-c72db1d0dad7-groupManagement] INFO  server.RaftServerConfigKeys (ConfUtils.java:logGet(46)) - raft.server.log.segment.cache.num.max = 2 (custom)
2024-02-06 10:02:47,554 [EventQueue-PipelineReportForPipelineReportHandler] INFO  pipeline.PipelineReportHandler (PipelineReportHandler.java:processPipelineReport(136)) - Opened pipeline PipelineID=4084f37d-2f77-45e9-9f94-c2fec77c309d
2024-02-06 10:02:47,554 [488c4769-1e0b-4768-b3fe-c72db1d0dad7-groupManagement] INFO  server.RaftServerConfigKeys (ConfUtils.java:logGet(46)) - raft.server.log.segment.cache.size.max = 200MB (=209715200) (default)
2024-02-06 10:02:47,556 [EventQueue-OpenPipelineForHealthyPipelineSafeModeRule] INFO  safemode.SCMSafeModeManager (HealthyPipelineSafeModeRule.java:process(140)) - SCM in safe mode. Healthy pipelines reported count is 0, required healthy pipeline reported count is 1
2024-02-06 10:02:47,556 [488c4769-1e0b-4768-b3fe-c72db1d0dad7-groupManagement] INFO  server.RaftServerConfigKeys (ConfUtils.java:logGet(46)) - raft.server.log.appender.buffer.byte-limit = 8388608 (custom)
2024-02-06 10:02:47,556 [488c4769-1e0b-4768-b3fe-c72db1d0dad7-groupManagement] INFO  util.AwaitToRun (AwaitToRun.java:start(81)) - Thread[488c4769-1e0b-4768-b3fe-c72db1d0dad7@group-C2FEC77C309D-cacheEviction-AwaitToRun,5,main] started
2024-02-06 10:02:47,556 [488c4769-1e0b-4768-b3fe-c72db1d0dad7-groupManagement] INFO  segmented.SegmentedRaftLogWorker (SegmentedRaftLogWorker.java:<init>(182)) - new 488c4769-1e0b-4768-b3fe-c72db1d0dad7@group-C2FEC77C309D-SegmentedRaftLogWorker for RaftStorageImpl:Storage Directory /home/runner/work/ozone/ozone/hadoop-ozone/integration-test/target/test-dir/MiniOzoneClusterImpl-aff9c889-8dd2-4f79-ab57-76a0adc13766/datanode-0/data/ratis/4084f37d-2f77-45e9-9f94-c2fec77c309d
2024-02-06 10:02:47,556 [488c4769-1e0b-4768-b3fe-c72db1d0dad7-groupManagement] INFO  server.RaftServerConfigKeys (ConfUtils.java:logGet(46)) - raft.server.log.queue.byte-limit = 4294967296 (custom)
2024-02-06 10:02:47,556 [488c4769-1e0b-4768-b3fe-c72db1d0dad7-groupManagement] INFO  server.RaftServerConfigKeys (ConfUtils.java:logGet(46)) - raft.server.log.queue.element-limit = 1024 (custom)
2024-02-06 10:02:47,557 [488c4769-1e0b-4768-b3fe-c72db1d0dad7-groupManagement] INFO  server.RaftServerConfigKeys (ConfUtils.java:logGet(46)) - raft.server.log.segment.size.max = 67108864 (custom)
2024-02-06 10:02:47,557 [488c4769-1e0b-4768-b3fe-c72db1d0dad7-groupManagement] INFO  server.RaftServerConfigKeys (ConfUtils.java:logGet(46)) - raft.server.log.preallocated.size = 4194304 (custom)
2024-02-06 10:02:47,557 [488c4769-1e0b-4768-b3fe-c72db1d0dad7-groupManagement] INFO  server.RaftServerConfigKeys (ConfUtils.java:logGet(46)) - raft.server.log.force.sync.num = 128 (default)
2024-02-06 10:02:47,557 [488c4769-1e0b-4768-b3fe-c72db1d0dad7-groupManagement] INFO  server.RaftServerConfigKeys (ConfUtils.java:logGet(46)) - raft.server.log.statemachine.data.sync = true (default)
2024-02-06 10:02:47,557 [488c4769-1e0b-4768-b3fe-c72db1d0dad7-groupManagement] INFO  server.RaftServerConfigKeys (ConfUtils.java:logGet(46)) - raft.server.log.statemachine.data.sync.timeout = 10s (default)
2024-02-06 10:02:47,557 [488c4769-1e0b-4768-b3fe-c72db1d0dad7-groupManagement] INFO  server.RaftServerConfigKeys (ConfUtils.java:logGet(46)) - raft.server.log.statemachine.data.sync.timeout.retry = 0 (custom)
2024-02-06 10:02:47,557 [488c4769-1e0b-4768-b3fe-c72db1d0dad7-groupManagement] INFO  server.RaftServerConfigKeys (ConfUtils.java:logGet(46)) - raft.server.log.write.buffer.size = 8388616 (custom)
2024-02-06 10:02:47,559 [488c4769-1e0b-4768-b3fe-c72db1d0dad7-groupManagement] INFO  server.RaftServerConfigKeys (ConfUtils.java:logGet(46)) - raft.server.log.appender.buffer.byte-limit = 8388608 (custom)
2024-02-06 10:02:47,559 [488c4769-1e0b-4768-b3fe-c72db1d0dad7-groupManagement] INFO  server.RaftServerConfigKeys (ConfUtils.java:logGet(46)) - raft.server.log.unsafe-flush.enabled = false (default)
2024-02-06 10:02:47,559 [488c4769-1e0b-4768-b3fe-c72db1d0dad7-groupManagement] INFO  server.RaftServerConfigKeys (ConfUtils.java:logGet(46)) - raft.server.log.async-flush.enabled = false (default)
2024-02-06 10:02:47,559 [488c4769-1e0b-4768-b3fe-c72db1d0dad7-groupManagement] INFO  server.RaftServerConfigKeys (ConfUtils.java:logGet(46)) - raft.server.log.statemachine.data.caching.enabled = true (custom)
2024-02-06 10:02:47,560 [488c4769-1e0b-4768-b3fe-c72db1d0dad7-groupManagement] INFO  segmented.SegmentedRaftLogWorker (SegmentedRaftLogWorker.java:lambda$new$0(134)) - 488c4769-1e0b-4768-b3fe-c72db1d0dad7@group-C2FEC77C309D-SegmentedRaftLogWorker: flushIndex: setUnconditionally 0 -> -1
2024-02-06 10:02:47,560 [488c4769-1e0b-4768-b3fe-c72db1d0dad7-groupManagement] INFO  segmented.SegmentedRaftLogWorker (SegmentedRaftLogWorker.java:lambda$new$0(134)) - 488c4769-1e0b-4768-b3fe-c72db1d0dad7@group-C2FEC77C309D-SegmentedRaftLogWorker: safeCacheEvictIndex: setUnconditionally 0 -> -1
2024-02-06 10:02:47,560 [488c4769-1e0b-4768-b3fe-c72db1d0dad7-groupManagement] INFO  server.RaftServer$Division (RaftServerImpl.java:start(396)) - 488c4769-1e0b-4768-b3fe-c72db1d0dad7@group-C2FEC77C309D: start as a follower, conf=-1: peers:[488c4769-1e0b-4768-b3fe-c72db1d0dad7|10.1.0.5:15103]|listeners:[], old=null
2024-02-06 10:02:47,560 [488c4769-1e0b-4768-b3fe-c72db1d0dad7-groupManagement] INFO  server.RaftServer$Division (RaftServerImpl.java:setRole(383)) - 488c4769-1e0b-4768-b3fe-c72db1d0dad7@group-C2FEC77C309D: changes role from      null to FOLLOWER at term 0 for startAsFollower
2024-02-06 10:02:47,560 [488c4769-1e0b-4768-b3fe-c72db1d0dad7-groupManagement] INFO  impl.RoleInfo (RoleInfo.java:updateAndGet(139)) - 488c4769-1e0b-4768-b3fe-c72db1d0dad7: start 488c4769-1e0b-4768-b3fe-c72db1d0dad7@group-C2FEC77C309D-FollowerState
2024-02-06 10:02:47,560 [488c4769-1e0b-4768-b3fe-c72db1d0dad7@group-C2FEC77C309D-FollowerState] INFO  server.RaftServerConfigKeys (ConfUtils.java:logFallback(53)) - raft.server.rpc.first-election.timeout.min = 5s (fallback to raft.server.rpc.timeout.min)
2024-02-06 10:02:47,560 [488c4769-1e0b-4768-b3fe-c72db1d0dad7-groupManagement] INFO  util.JmxRegister (JmxRegister.java:tryRegister(44)) - Successfully registered JMX Bean with object name Ratis:service=RaftServer,group=group-C2FEC77C309D,id=488c4769-1e0b-4768-b3fe-c72db1d0dad7
2024-02-06 10:02:47,560 [488c4769-1e0b-4768-b3fe-c72db1d0dad7@group-C2FEC77C309D-FollowerState] INFO  server.RaftServerConfigKeys (ConfUtils.java:logFallback(53)) - raft.server.rpc.first-election.timeout.max = 5200ms (fallback to raft.server.rpc.timeout.max)
2024-02-06 10:02:47,561 [488c4769-1e0b-4768-b3fe-c72db1d0dad7-groupManagement] INFO  server.RaftServerConfigKeys (ConfUtils.java:logGet(46)) - raft.server.snapshot.trigger-when-stop.enabled = true (default)
2024-02-06 10:02:47,561 [488c4769-1e0b-4768-b3fe-c72db1d0dad7-groupManagement] INFO  server.RaftServerConfigKeys (ConfUtils.java:logGet(46)) - raft.server.snapshot.auto.trigger.enabled = true (custom)
2024-02-06 10:02:47,561 [488c4769-1e0b-4768-b3fe-c72db1d0dad7-groupManagement] INFO  server.RaftServerConfigKeys (ConfUtils.java:logGet(46)) - raft.server.snapshot.auto.trigger.threshold = 10000 (custom)
2024-02-06 10:02:47,561 [488c4769-1e0b-4768-b3fe-c72db1d0dad7-groupManagement] INFO  server.RaftServerConfigKeys (ConfUtils.java:logGet(46)) - raft.server.snapshot.retention.file.num = 5 (custom)
2024-02-06 10:02:47,561 [488c4769-1e0b-4768-b3fe-c72db1d0dad7-groupManagement] INFO  server.RaftServerConfigKeys (ConfUtils.java:logGet(46)) - raft.server.log.purge.upto.snapshot.index = false (default)
2024-02-06 10:02:47,562 [488c4769-1e0b-4768-b3fe-c72db1d0dad7-PipelineCommandHandlerThread-0] INFO  ratis.XceiverServerRatis (XceiverServerRatis.java:addGroup(864)) - Created group PipelineID=4084f37d-2f77-45e9-9f94-c2fec77c309d
2024-02-06 10:02:47,562 [488c4769-1e0b-4768-b3fe-c72db1d0dad7-PipelineCommandHandlerThread-0] INFO  commandhandler.CreatePipelineCommandHandler (CreatePipelineCommandHandler.java:lambda$handle$2(124)) - Created Pipeline RATIS ONE PipelineID=4084f37d-2f77-45e9-9f94-c2fec77c309d.
2024-02-06 10:02:47,563 [488c4769-1e0b-4768-b3fe-c72db1d0dad7-PipelineCommandHandlerThread-0] INFO  server.RaftServer (RaftServerProxy.java:addNew(100)) - 488c4769-1e0b-4768-b3fe-c72db1d0dad7: addNew group-93DD453B75EB:[07380eda-3c62-4610-a005-d4af5e2d732d|10.1.0.5:15121, e4108bdc-dd8a-4467-8687-0aef72f28da1|10.1.0.5:15112, 488c4769-1e0b-4768-b3fe-c72db1d0dad7|10.1.0.5:15103] returns group-93DD453B75EB:java.util.concurrent.CompletableFuture@57e4e30d[Not completed]
2024-02-06 10:02:47,564 [488c4769-1e0b-4768-b3fe-c72db1d0dad7-groupManagement] INFO  server.RaftServer$Division (RaftServerImpl.java:<init>(256)) - 488c4769-1e0b-4768-b3fe-c72db1d0dad7: new RaftServerImpl for group-93DD453B75EB:[07380eda-3c62-4610-a005-d4af5e2d732d|10.1.0.5:15121, e4108bdc-dd8a-4467-8687-0aef72f28da1|10.1.0.5:15112, 488c4769-1e0b-4768-b3fe-c72db1d0dad7|10.1.0.5:15103] with ContainerStateMachine:uninitialized
2024-02-06 10:02:47,564 [488c4769-1e0b-4768-b3fe-c72db1d0dad7-groupManagement] INFO  server.RaftServerConfigKeys (ConfUtils.java:logGet(46)) - raft.server.rpc.timeout.min = 5s (custom)
2024-02-06 10:02:47,564 [488c4769-1e0b-4768-b3fe-c72db1d0dad7-groupManagement] INFO  server.RaftServerConfigKeys (ConfUtils.java:logGet(46)) - raft.server.rpc.timeout.max = 5200ms (custom)
2024-02-06 10:02:47,564 [488c4769-1e0b-4768-b3fe-c72db1d0dad7-groupManagement] INFO  server.RaftServerConfigKeys (ConfUtils.java:logGet(46)) - raft.server.rpc.sleep.time = 25ms (default)
2024-02-06 10:02:47,564 [488c4769-1e0b-4768-b3fe-c72db1d0dad7-groupManagement] INFO  server.RaftServerConfigKeys (ConfUtils.java:logGet(46)) - raft.server.rpc.slowness.timeout = 300000ms (custom)
2024-02-06 10:02:47,564 [488c4769-1e0b-4768-b3fe-c72db1d0dad7-groupManagement] INFO  server.RaftServerConfigKeys (ConfUtils.java:logGet(46)) - raft.server.leaderelection.leader.step-down.wait-time = 10s (default)
2024-02-06 10:02:47,564 [488c4769-1e0b-4768-b3fe-c72db1d0dad7-groupManagement] INFO  server.RaftServerConfigKeys (ConfUtils.java:logGet(46)) - raft.server.leaderelection.member.majority-add = false (default)
2024-02-06 10:02:47,564 [488c4769-1e0b-4768-b3fe-c72db1d0dad7-groupManagement] INFO  server.RaftServerConfigKeys (ConfUtils.java:logGet(46)) - raft.server.sleep.deviation.threshold = 300ms (default)
2024-02-06 10:02:47,564 [488c4769-1e0b-4768-b3fe-c72db1d0dad7-groupManagement] INFO  server.RaftServer$Division (ServerState.java:<init>(113)) - 488c4769-1e0b-4768-b3fe-c72db1d0dad7@group-93DD453B75EB: ConfigurationManager, init=-1: peers:[07380eda-3c62-4610-a005-d4af5e2d732d|10.1.0.5:15121, e4108bdc-dd8a-4467-8687-0aef72f28da1|10.1.0.5:15112, 488c4769-1e0b-4768-b3fe-c72db1d0dad7|10.1.0.5:15103]|listeners:[], old=null, confs=<EMPTY_MAP>
2024-02-06 10:02:47,564 [488c4769-1e0b-4768-b3fe-c72db1d0dad7-groupManagement] INFO  server.RaftServerConfigKeys (ConfUtils.java:logGet(46)) - raft.server.notification.no-leader.timeout = 300000ms (custom)
2024-02-06 10:02:47,564 [488c4769-1e0b-4768-b3fe-c72db1d0dad7-groupManagement] INFO  server.RaftServerConfigKeys (ConfUtils.java:logGet(46)) - raft.server.read.timeout = 10s (default)
2024-02-06 10:02:47,564 [488c4769-1e0b-4768-b3fe-c72db1d0dad7-groupManagement] INFO  server.RaftServerConfigKeys (ConfUtils.java:logGet(46)) - raft.server.retrycache.expirytime = 600000ms (custom)
2024-02-06 10:02:47,564 [488c4769-1e0b-4768-b3fe-c72db1d0dad7-groupManagement] INFO  server.RaftServerConfigKeys (ConfUtils.java:logGet(46)) - raft.server.retrycache.statistics.expirytime = 100ms (default)
2024-02-06 10:02:47,565 [488c4769-1e0b-4768-b3fe-c72db1d0dad7-groupManagement] INFO  server.RaftServerConfigKeys (ConfUtils.java:logGet(46)) - raft.server.read.option = DEFAULT (default)
2024-02-06 10:02:47,565 [488c4769-1e0b-4768-b3fe-c72db1d0dad7-groupManagement] INFO  server.RaftServerConfigKeys (ConfUtils.java:logGet(46)) - raft.server.read.read-after-write-consistent.write-index-cache.expiry-time = 60s (default)
2024-02-06 10:02:47,567 [488c4769-1e0b-4768-b3fe-c72db1d0dad7-groupManagement] INFO  server.RaftServerConfigKeys (ConfUtils.java:logGet(46)) - raft.server.rpc.request.timeout = 3000ms (default)
2024-02-06 10:02:47,567 [488c4769-1e0b-4768-b3fe-c72db1d0dad7-groupManagement] INFO  server.RaftServerConfigKeys (ConfUtils.java:logGet(46)) - raft.server.log.appender.install.snapshot.enabled = false (custom)
2024-02-06 10:02:47,567 [488c4769-1e0b-4768-b3fe-c72db1d0dad7-groupManagement] INFO  server.RaftServerConfigKeys (ConfUtils.java:logGet(46)) - raft.server.threadpool.server.cached = true (default)
2024-02-06 10:02:47,567 [488c4769-1e0b-4768-b3fe-c72db1d0dad7-groupManagement] INFO  server.RaftServerConfigKeys (ConfUtils.java:logGet(46)) - raft.server.threadpool.server.size = 0 (default)
2024-02-06 10:02:47,567 [488c4769-1e0b-4768-b3fe-c72db1d0dad7-groupManagement] INFO  server.RaftServerConfigKeys (ConfUtils.java:logGet(46)) - raft.server.threadpool.client.cached = true (default)
2024-02-06 10:02:47,567 [488c4769-1e0b-4768-b3fe-c72db1d0dad7-groupManagement] INFO  server.RaftServerConfigKeys (ConfUtils.java:logGet(46)) - raft.server.threadpool.client.size = 0 (default)
2024-02-06 10:02:47,567 [488c4769-1e0b-4768-b3fe-c72db1d0dad7-groupManagement] INFO  server.RaftServerConfigKeys (ConfUtils.java:logGet(46)) - raft.server.storage.free-space.min = 0MB (=0) (default)
2024-02-06 10:02:47,567 [488c4769-1e0b-4768-b3fe-c72db1d0dad7-groupManagement] INFO  server.RaftServerConfigKeys (ConfUtils.java:logGet(46)) - raft.server.log.corruption.policy = EXCEPTION (default)
2024-02-06 10:02:47,567 [488c4769-1e0b-4768-b3fe-c72db1d0dad7-groupManagement] INFO  server.RaftServerConfigKeys (ConfUtils.java:logGet(46)) - raft.server.storage.dir = [/home/runner/work/ozone/ozone/hadoop-ozone/integration-test/target/test-dir/MiniOzoneClusterImpl-aff9c889-8dd2-4f79-ab57-76a0adc13766/datanode-0/data/ratis] (custom)
2024-02-06 10:02:47,568 [488c4769-1e0b-4768-b3fe-c72db1d0dad7-groupManagement] INFO  storage.RaftStorageDirectory (RaftStorageDirectoryImpl.java:analyzeStorage(138)) - The storage directory /home/runner/work/ozone/ozone/hadoop-ozone/integration-test/target/test-dir/MiniOzoneClusterImpl-aff9c889-8dd2-4f79-ab57-76a0adc13766/datanode-0/data/ratis/a0dea5f9-55d9-41fd-bc61-93dd453b75eb does not exist. Creating ...
2024-02-06 10:02:47,569 [488c4769-1e0b-4768-b3fe-c72db1d0dad7-groupManagement] INFO  storage.RaftStorageDirectory (RaftStorageDirectoryImpl.java:tryLock(228)) - Lock on /home/runner/work/ozone/ozone/hadoop-ozone/integration-test/target/test-dir/MiniOzoneClusterImpl-aff9c889-8dd2-4f79-ab57-76a0adc13766/datanode-0/data/ratis/a0dea5f9-55d9-41fd-bc61-93dd453b75eb/in_use.lock acquired by nodename 37157@fv-az776-296
2024-02-06 10:02:47,570 [488c4769-1e0b-4768-b3fe-c72db1d0dad7-groupManagement] INFO  storage.RaftStorage (RaftStorageImpl.java:format(99)) - Storage directory /home/runner/work/ozone/ozone/hadoop-ozone/integration-test/target/test-dir/MiniOzoneClusterImpl-aff9c889-8dd2-4f79-ab57-76a0adc13766/datanode-0/data/ratis/a0dea5f9-55d9-41fd-bc61-93dd453b75eb has been successfully formatted.
2024-02-06 10:02:47,570 [488c4769-1e0b-4768-b3fe-c72db1d0dad7-groupManagement] WARN  util.FileUtils (LogUtils.java:supplyAndLog(63)) - Failed to Files.newInputStream /home/runner/work/ozone/ozone/hadoop-ozone/integration-test/target/test-dir/MiniOzoneClusterImpl-aff9c889-8dd2-4f79-ab57-76a0adc13766/datanode-0/data/ratis/a0dea5f9-55d9-41fd-bc61-93dd453b75eb/current/raft-meta.conf with options []: java.nio.file.NoSuchFileException: /home/runner/work/ozone/ozone/hadoop-ozone/integration-test/target/test-dir/MiniOzoneClusterImpl-aff9c889-8dd2-4f79-ab57-76a0adc13766/datanode-0/data/ratis/a0dea5f9-55d9-41fd-bc61-93dd453b75eb/current/raft-meta.conf
2024-02-06 10:02:47,570 [488c4769-1e0b-4768-b3fe-c72db1d0dad7-groupManagement] INFO  ratis.ContainerStateMachine (ContainerStateMachine.java:loadSnapshot(287)) - group-93DD453B75EB: The snapshot info is null. Setting the last applied index to:(t:0, i:~)
2024-02-06 10:02:47,570 [488c4769-1e0b-4768-b3fe-c72db1d0dad7-groupManagement] INFO  server.RaftServerConfigKeys (ConfUtils.java:logGet(46)) - raft.server.log.use.memory = false (default)
2024-02-06 10:02:47,570 [488c4769-1e0b-4768-b3fe-c72db1d0dad7-groupManagement] INFO  server.RaftServerConfigKeys (ConfUtils.java:logGet(46)) - raft.server.log.purge.gap = 1000000 (custom)
2024-02-06 10:02:47,570 [488c4769-1e0b-4768-b3fe-c72db1d0dad7-groupManagement] INFO  server.RaftServerConfigKeys (ConfUtils.java:logGet(46)) - raft.server.log.appender.buffer.byte-limit = 8388608 (custom)
2024-02-06 10:02:47,571 [488c4769-1e0b-4768-b3fe-c72db1d0dad7-groupManagement] INFO  server.RaftServerConfigKeys (ConfUtils.java:logGet(46)) - raft.server.log.statemachine.data.read.timeout = 1000ms (default)
2024-02-06 10:02:47,571 [488c4769-1e0b-4768-b3fe-c72db1d0dad7-groupManagement] INFO  server.RaftServerConfigKeys (ConfUtils.java:logGet(46)) - raft.server.log.purge.preservation.log.num = 0 (default)
2024-02-06 10:02:47,571 [EventQueue-OpenPipelineForHealthyPipelineSafeModeRule] INFO  safemode.SCMSafeModeManager (HealthyPipelineSafeModeRule.java:process(140)) - SCM in safe mode. Healthy pipelines reported count is 0, required healthy pipeline reported count is 1
2024-02-06 10:02:47,572 [488c4769-1e0b-4768-b3fe-c72db1d0dad7-groupManagement] INFO  server.RaftServerConfigKeys (ConfUtils.java:logGet(46)) - raft.server.log.segment.size.max = 67108864 (custom)
2024-02-06 10:02:47,573 [488c4769-1e0b-4768-b3fe-c72db1d0dad7-groupManagement] INFO  server.RaftServerConfigKeys (ConfUtils.java:logGet(46)) - raft.server.log.segment.cache.num.max = 2 (custom)
2024-02-06 10:02:47,573 [488c4769-1e0b-4768-b3fe-c72db1d0dad7-groupManagement] INFO  server.RaftServerConfigKeys (ConfUtils.java:logGet(46)) - raft.server.log.segment.cache.size.max = 200MB (=209715200) (default)
2024-02-06 10:02:47,573 [488c4769-1e0b-4768-b3fe-c72db1d0dad7-groupManagement] INFO  server.RaftServerConfigKeys (ConfUtils.java:logGet(46)) - raft.server.log.appender.buffer.byte-limit = 8388608 (custom)
2024-02-06 10:02:47,573 [488c4769-1e0b-4768-b3fe-c72db1d0dad7-groupManagement] INFO  util.AwaitToRun (AwaitToRun.java:start(81)) - Thread[488c4769-1e0b-4768-b3fe-c72db1d0dad7@group-93DD453B75EB-cacheEviction-AwaitToRun,5,main] started
2024-02-06 10:02:47,573 [488c4769-1e0b-4768-b3fe-c72db1d0dad7-groupManagement] INFO  segmented.SegmentedRaftLogWorker (SegmentedRaftLogWorker.java:<init>(182)) - new 488c4769-1e0b-4768-b3fe-c72db1d0dad7@group-93DD453B75EB-SegmentedRaftLogWorker for RaftStorageImpl:Storage Directory /home/runner/work/ozone/ozone/hadoop-ozone/integration-test/target/test-dir/MiniOzoneClusterImpl-aff9c889-8dd2-4f79-ab57-76a0adc13766/datanode-0/data/ratis/a0dea5f9-55d9-41fd-bc61-93dd453b75eb
2024-02-06 10:02:47,573 [488c4769-1e0b-4768-b3fe-c72db1d0dad7-groupManagement] INFO  server.RaftServerConfigKeys (ConfUtils.java:logGet(46)) - raft.server.log.queue.byte-limit = 4294967296 (custom)
2024-02-06 10:02:47,573 [488c4769-1e0b-4768-b3fe-c72db1d0dad7-groupManagement] INFO  server.RaftServerConfigKeys (ConfUtils.java:logGet(46)) - raft.server.log.queue.element-limit = 1024 (custom)
2024-02-06 10:02:47,573 [488c4769-1e0b-4768-b3fe-c72db1d0dad7-groupManagement] INFO  server.RaftServerConfigKeys (ConfUtils.java:logGet(46)) - raft.server.log.segment.size.max = 67108864 (custom)
2024-02-06 10:02:47,573 [488c4769-1e0b-4768-b3fe-c72db1d0dad7-groupManagement] INFO  server.RaftServerConfigKeys (ConfUtils.java:logGet(46)) - raft.server.log.preallocated.size = 4194304 (custom)
2024-02-06 10:02:47,574 [488c4769-1e0b-4768-b3fe-c72db1d0dad7-groupManagement] INFO  server.RaftServerConfigKeys (ConfUtils.java:logGet(46)) - raft.server.log.force.sync.num = 128 (default)
2024-02-06 10:02:47,574 [488c4769-1e0b-4768-b3fe-c72db1d0dad7-groupManagement] INFO  server.RaftServerConfigKeys (ConfUtils.java:logGet(46)) - raft.server.log.statemachine.data.sync = true (default)
2024-02-06 10:02:47,574 [488c4769-1e0b-4768-b3fe-c72db1d0dad7-groupManagement] INFO  server.RaftServerConfigKeys (ConfUtils.java:logGet(46)) - raft.server.log.statemachine.data.sync.timeout = 10s (default)
2024-02-06 10:02:47,574 [488c4769-1e0b-4768-b3fe-c72db1d0dad7-groupManagement] INFO  server.RaftServerConfigKeys (ConfUtils.java:logGet(46)) - raft.server.log.statemachine.data.sync.timeout.retry = 0 (custom)
2024-02-06 10:02:47,574 [488c4769-1e0b-4768-b3fe-c72db1d0dad7-groupManagement] INFO  server.RaftServerConfigKeys (ConfUtils.java:logGet(46)) - raft.server.log.write.buffer.size = 8388616 (custom)
2024-02-06 10:02:47,576 [488c4769-1e0b-4768-b3fe-c72db1d0dad7-groupManagement] INFO  server.RaftServerConfigKeys (ConfUtils.java:logGet(46)) - raft.server.log.appender.buffer.byte-limit = 8388608 (custom)
2024-02-06 10:02:47,576 [488c4769-1e0b-4768-b3fe-c72db1d0dad7-groupManagement] INFO  server.RaftServerConfigKeys (ConfUtils.java:logGet(46)) - raft.server.log.unsafe-flush.enabled = false (default)
2024-02-06 10:02:47,576 [488c4769-1e0b-4768-b3fe-c72db1d0dad7-groupManagement] INFO  server.RaftServerConfigKeys (ConfUtils.java:logGet(46)) - raft.server.log.async-flush.enabled = false (default)
2024-02-06 10:02:47,576 [488c4769-1e0b-4768-b3fe-c72db1d0dad7-groupManagement] INFO  server.RaftServerConfigKeys (ConfUtils.java:logGet(46)) - raft.server.log.statemachine.data.caching.enabled = true (custom)
2024-02-06 10:02:47,576 [488c4769-1e0b-4768-b3fe-c72db1d0dad7-groupManagement] INFO  segmented.SegmentedRaftLogWorker (SegmentedRaftLogWorker.java:lambda$new$0(134)) - 488c4769-1e0b-4768-b3fe-c72db1d0dad7@group-93DD453B75EB-SegmentedRaftLogWorker: flushIndex: setUnconditionally 0 -> -1
2024-02-06 10:02:47,576 [488c4769-1e0b-4768-b3fe-c72db1d0dad7-groupManagement] INFO  segmented.SegmentedRaftLogWorker (SegmentedRaftLogWorker.java:lambda$new$0(134)) - 488c4769-1e0b-4768-b3fe-c72db1d0dad7@group-93DD453B75EB-SegmentedRaftLogWorker: safeCacheEvictIndex: setUnconditionally 0 -> -1
2024-02-06 10:02:47,577 [488c4769-1e0b-4768-b3fe-c72db1d0dad7-groupManagement] INFO  server.RaftServer$Division (RaftServerImpl.java:start(396)) - 488c4769-1e0b-4768-b3fe-c72db1d0dad7@group-93DD453B75EB: start as a follower, conf=-1: peers:[07380eda-3c62-4610-a005-d4af5e2d732d|10.1.0.5:15121, e4108bdc-dd8a-4467-8687-0aef72f28da1|10.1.0.5:15112, 488c4769-1e0b-4768-b3fe-c72db1d0dad7|10.1.0.5:15103]|listeners:[], old=null
2024-02-06 10:02:47,577 [488c4769-1e0b-4768-b3fe-c72db1d0dad7-groupManagement] INFO  server.RaftServer$Division (RaftServerImpl.java:setRole(383)) - 488c4769-1e0b-4768-b3fe-c72db1d0dad7@group-93DD453B75EB: changes role from      null to FOLLOWER at term 0 for startAsFollower
2024-02-06 10:02:47,577 [488c4769-1e0b-4768-b3fe-c72db1d0dad7-groupManagement] INFO  impl.RoleInfo (RoleInfo.java:updateAndGet(139)) - 488c4769-1e0b-4768-b3fe-c72db1d0dad7: start 488c4769-1e0b-4768-b3fe-c72db1d0dad7@group-93DD453B75EB-FollowerState
2024-02-06 10:02:47,579 [488c4769-1e0b-4768-b3fe-c72db1d0dad7@group-93DD453B75EB-FollowerState] INFO  server.RaftServerConfigKeys (ConfUtils.java:logFallback(53)) - raft.server.rpc.first-election.timeout.min = 5s (fallback to raft.server.rpc.timeout.min)
2024-02-06 10:02:47,579 [488c4769-1e0b-4768-b3fe-c72db1d0dad7-groupManagement] INFO  util.JmxRegister (JmxRegister.java:tryRegister(44)) - Successfully registered JMX Bean with object name Ratis:service=RaftServer,group=group-93DD453B75EB,id=488c4769-1e0b-4768-b3fe-c72db1d0dad7
2024-02-06 10:02:47,579 [488c4769-1e0b-4768-b3fe-c72db1d0dad7-groupManagement] INFO  server.RaftServerConfigKeys (ConfUtils.java:logGet(46)) - raft.server.snapshot.trigger-when-stop.enabled = true (default)
2024-02-06 10:02:47,579 [488c4769-1e0b-4768-b3fe-c72db1d0dad7-groupManagement] INFO  server.RaftServerConfigKeys (ConfUtils.java:logGet(46)) - raft.server.snapshot.auto.trigger.enabled = true (custom)
2024-02-06 10:02:47,580 [488c4769-1e0b-4768-b3fe-c72db1d0dad7-groupManagement] INFO  server.RaftServerConfigKeys (ConfUtils.java:logGet(46)) - raft.server.snapshot.auto.trigger.threshold = 10000 (custom)
2024-02-06 10:02:47,580 [488c4769-1e0b-4768-b3fe-c72db1d0dad7-groupManagement] INFO  server.RaftServerConfigKeys (ConfUtils.java:logGet(46)) - raft.server.snapshot.retention.file.num = 5 (custom)
2024-02-06 10:02:47,580 [488c4769-1e0b-4768-b3fe-c72db1d0dad7-groupManagement] INFO  server.RaftServerConfigKeys (ConfUtils.java:logGet(46)) - raft.server.log.purge.upto.snapshot.index = false (default)
2024-02-06 10:02:47,579 [488c4769-1e0b-4768-b3fe-c72db1d0dad7@group-93DD453B75EB-FollowerState] INFO  server.RaftServerConfigKeys (ConfUtils.java:logFallback(53)) - raft.server.rpc.first-election.timeout.max = 5200ms (fallback to raft.server.rpc.timeout.max)
2024-02-06 10:02:47,580 [488c4769-1e0b-4768-b3fe-c72db1d0dad7-PipelineCommandHandlerThread-0] INFO  ratis.XceiverServerRatis (XceiverServerRatis.java:addGroup(864)) - Created group PipelineID=a0dea5f9-55d9-41fd-bc61-93dd453b75eb
2024-02-06 10:02:47,593 [grpc-default-executor-0] INFO  server.RaftServer (RaftServerProxy.java:addNew(100)) - 07380eda-3c62-4610-a005-d4af5e2d732d: addNew group-93DD453B75EB:[07380eda-3c62-4610-a005-d4af5e2d732d|10.1.0.5:15121, e4108bdc-dd8a-4467-8687-0aef72f28da1|10.1.0.5:15112, 488c4769-1e0b-4768-b3fe-c72db1d0dad7|10.1.0.5:15103] returns group-93DD453B75EB:java.util.concurrent.CompletableFuture@21b69562[Not completed]
2024-02-06 10:02:47,594 [07380eda-3c62-4610-a005-d4af5e2d732d-groupManagement] INFO  server.RaftServer$Division (RaftServerImpl.java:<init>(256)) - 07380eda-3c62-4610-a005-d4af5e2d732d: new RaftServerImpl for group-93DD453B75EB:[07380eda-3c62-4610-a005-d4af5e2d732d|10.1.0.5:15121, e4108bdc-dd8a-4467-8687-0aef72f28da1|10.1.0.5:15112, 488c4769-1e0b-4768-b3fe-c72db1d0dad7|10.1.0.5:15103] with ContainerStateMachine:uninitialized
2024-02-06 10:02:47,594 [07380eda-3c62-4610-a005-d4af5e2d732d-groupManagement] INFO  server.RaftServerConfigKeys (ConfUtils.java:logGet(46)) - raft.server.rpc.timeout.min = 5s (custom)
2024-02-06 10:02:47,595 [07380eda-3c62-4610-a005-d4af5e2d732d-groupManagement] INFO  server.RaftServerConfigKeys (ConfUtils.java:logGet(46)) - raft.server.rpc.timeout.max = 5200ms (custom)
2024-02-06 10:02:47,595 [07380eda-3c62-4610-a005-d4af5e2d732d-groupManagement] INFO  server.RaftServerConfigKeys (ConfUtils.java:logGet(46)) - raft.server.rpc.sleep.time = 25ms (default)
2024-02-06 10:02:47,595 [07380eda-3c62-4610-a005-d4af5e2d732d-groupManagement] INFO  server.RaftServerConfigKeys (ConfUtils.java:logGet(46)) - raft.server.rpc.slowness.timeout = 300000ms (custom)
2024-02-06 10:02:47,595 [07380eda-3c62-4610-a005-d4af5e2d732d-groupManagement] INFO  server.RaftServerConfigKeys (ConfUtils.java:logGet(46)) - raft.server.leaderelection.leader.step-down.wait-time = 10s (default)
2024-02-06 10:02:47,595 [07380eda-3c62-4610-a005-d4af5e2d732d-groupManagement] INFO  server.RaftServerConfigKeys (ConfUtils.java:logGet(46)) - raft.server.leaderelection.member.majority-add = false (default)
2024-02-06 10:02:47,595 [07380eda-3c62-4610-a005-d4af5e2d732d-groupManagement] INFO  server.RaftServerConfigKeys (ConfUtils.java:logGet(46)) - raft.server.sleep.deviation.threshold = 300ms (default)
2024-02-06 10:02:47,595 [07380eda-3c62-4610-a005-d4af5e2d732d-groupManagement] INFO  server.RaftServer$Division (ServerState.java:<init>(113)) - 07380eda-3c62-4610-a005-d4af5e2d732d@group-93DD453B75EB: ConfigurationManager, init=-1: peers:[07380eda-3c62-4610-a005-d4af5e2d732d|10.1.0.5:15121, e4108bdc-dd8a-4467-8687-0aef72f28da1|10.1.0.5:15112, 488c4769-1e0b-4768-b3fe-c72db1d0dad7|10.1.0.5:15103]|listeners:[], old=null, confs=<EMPTY_MAP>
2024-02-06 10:02:47,595 [07380eda-3c62-4610-a005-d4af5e2d732d-groupManagement] INFO  server.RaftServerConfigKeys (ConfUtils.java:logGet(46)) - raft.server.notification.no-leader.timeout = 300000ms (custom)
2024-02-06 10:02:47,595 [07380eda-3c62-4610-a005-d4af5e2d732d-groupManagement] INFO  server.RaftServerConfigKeys (ConfUtils.java:logGet(46)) - raft.server.read.timeout = 10s (default)
2024-02-06 10:02:47,595 [07380eda-3c62-4610-a005-d4af5e2d732d-groupManagement] INFO  server.RaftServerConfigKeys (ConfUtils.java:logGet(46)) - raft.server.retrycache.expirytime = 600000ms (custom)
2024-02-06 10:02:47,595 [07380eda-3c62-4610-a005-d4af5e2d732d-groupManagement] INFO  server.RaftServerConfigKeys (ConfUtils.java:logGet(46)) - raft.server.retrycache.statistics.expirytime = 100ms (default)
2024-02-06 10:02:47,595 [07380eda-3c62-4610-a005-d4af5e2d732d-groupManagement] INFO  server.RaftServerConfigKeys (ConfUtils.java:logGet(46)) - raft.server.read.option = DEFAULT (default)
2024-02-06 10:02:47,595 [07380eda-3c62-4610-a005-d4af5e2d732d-groupManagement] INFO  server.RaftServerConfigKeys (ConfUtils.java:logGet(46)) - raft.server.read.read-after-write-consistent.write-index-cache.expiry-time = 60s (default)
2024-02-06 10:02:47,597 [07380eda-3c62-4610-a005-d4af5e2d732d-groupManagement] INFO  server.RaftServerConfigKeys (ConfUtils.java:logGet(46)) - raft.server.rpc.request.timeout = 3000ms (default)
2024-02-06 10:02:47,597 [07380eda-3c62-4610-a005-d4af5e2d732d-groupManagement] INFO  server.RaftServerConfigKeys (ConfUtils.java:logGet(46)) - raft.server.log.appender.install.snapshot.enabled = false (custom)
2024-02-06 10:02:47,597 [07380eda-3c62-4610-a005-d4af5e2d732d-groupManagement] INFO  server.RaftServerConfigKeys (ConfUtils.java:logGet(46)) - raft.server.threadpool.server.cached = true (default)
2024-02-06 10:02:47,597 [07380eda-3c62-4610-a005-d4af5e2d732d-groupManagement] INFO  server.RaftServerConfigKeys (ConfUtils.java:logGet(46)) - raft.server.threadpool.server.size = 0 (default)
2024-02-06 10:02:47,597 [07380eda-3c62-4610-a005-d4af5e2d732d-groupManagement] INFO  server.RaftServerConfigKeys (ConfUtils.java:logGet(46)) - raft.server.threadpool.client.cached = true (default)
2024-02-06 10:02:47,597 [07380eda-3c62-4610-a005-d4af5e2d732d-groupManagement] INFO  server.RaftServerConfigKeys (ConfUtils.java:logGet(46)) - raft.server.threadpool.client.size = 0 (default)
2024-02-06 10:02:47,597 [07380eda-3c62-4610-a005-d4af5e2d732d-groupManagement] INFO  server.RaftServerConfigKeys (ConfUtils.java:logGet(46)) - raft.server.storage.free-space.min = 0MB (=0) (default)
2024-02-06 10:02:47,597 [07380eda-3c62-4610-a005-d4af5e2d732d-groupManagement] INFO  server.RaftServerConfigKeys (ConfUtils.java:logGet(46)) - raft.server.log.corruption.policy = EXCEPTION (default)
2024-02-06 10:02:47,597 [07380eda-3c62-4610-a005-d4af5e2d732d-groupManagement] INFO  server.RaftServerConfigKeys (ConfUtils.java:logGet(46)) - raft.server.storage.dir = [/home/runner/work/ozone/ozone/hadoop-ozone/integration-test/target/test-dir/MiniOzoneClusterImpl-aff9c889-8dd2-4f79-ab57-76a0adc13766/datanode-2/data/ratis] (custom)
2024-02-06 10:02:47,598 [07380eda-3c62-4610-a005-d4af5e2d732d-groupManagement] INFO  storage.RaftStorageDirectory (RaftStorageDirectoryImpl.java:analyzeStorage(138)) - The storage directory /home/runner/work/ozone/ozone/hadoop-ozone/integration-test/target/test-dir/MiniOzoneClusterImpl-aff9c889-8dd2-4f79-ab57-76a0adc13766/datanode-2/data/ratis/a0dea5f9-55d9-41fd-bc61-93dd453b75eb does not exist. Creating ...
2024-02-06 10:02:47,599 [07380eda-3c62-4610-a005-d4af5e2d732d-groupManagement] INFO  storage.RaftStorageDirectory (RaftStorageDirectoryImpl.java:tryLock(228)) - Lock on /home/runner/work/ozone/ozone/hadoop-ozone/integration-test/target/test-dir/MiniOzoneClusterImpl-aff9c889-8dd2-4f79-ab57-76a0adc13766/datanode-2/data/ratis/a0dea5f9-55d9-41fd-bc61-93dd453b75eb/in_use.lock acquired by nodename 37157@fv-az776-296
2024-02-06 10:02:47,600 [07380eda-3c62-4610-a005-d4af5e2d732d-groupManagement] INFO  storage.RaftStorage (RaftStorageImpl.java:format(99)) - Storage directory /home/runner/work/ozone/ozone/hadoop-ozone/integration-test/target/test-dir/MiniOzoneClusterImpl-aff9c889-8dd2-4f79-ab57-76a0adc13766/datanode-2/data/ratis/a0dea5f9-55d9-41fd-bc61-93dd453b75eb has been successfully formatted.
2024-02-06 10:02:47,600 [07380eda-3c62-4610-a005-d4af5e2d732d-groupManagement] WARN  util.FileUtils (LogUtils.java:supplyAndLog(63)) - Failed to Files.newInputStream /home/runner/work/ozone/ozone/hadoop-ozone/integration-test/target/test-dir/MiniOzoneClusterImpl-aff9c889-8dd2-4f79-ab57-76a0adc13766/datanode-2/data/ratis/a0dea5f9-55d9-41fd-bc61-93dd453b75eb/current/raft-meta.conf with options []: java.nio.file.NoSuchFileException: /home/runner/work/ozone/ozone/hadoop-ozone/integration-test/target/test-dir/MiniOzoneClusterImpl-aff9c889-8dd2-4f79-ab57-76a0adc13766/datanode-2/data/ratis/a0dea5f9-55d9-41fd-bc61-93dd453b75eb/current/raft-meta.conf
2024-02-06 10:02:47,601 [07380eda-3c62-4610-a005-d4af5e2d732d-groupManagement] INFO  ratis.ContainerStateMachine (ContainerStateMachine.java:loadSnapshot(287)) - group-93DD453B75EB: The snapshot info is null. Setting the last applied index to:(t:0, i:~)
2024-02-06 10:02:47,601 [07380eda-3c62-4610-a005-d4af5e2d732d-groupManagement] INFO  server.RaftServerConfigKeys (ConfUtils.java:logGet(46)) - raft.server.log.use.memory = false (default)
2024-02-06 10:02:47,601 [07380eda-3c62-4610-a005-d4af5e2d732d-groupManagement] INFO  server.RaftServerConfigKeys (ConfUtils.java:logGet(46)) - raft.server.log.purge.gap = 1000000 (custom)
2024-02-06 10:02:47,601 [07380eda-3c62-4610-a005-d4af5e2d732d-groupManagement] INFO  server.RaftServerConfigKeys (ConfUtils.java:logGet(46)) - raft.server.log.appender.buffer.byte-limit = 8388608 (custom)
2024-02-06 10:02:47,602 [07380eda-3c62-4610-a005-d4af5e2d732d-groupManagement] INFO  server.RaftServerConfigKeys (ConfUtils.java:logGet(46)) - raft.server.log.statemachine.data.read.timeout = 1000ms (default)
2024-02-06 10:02:47,602 [07380eda-3c62-4610-a005-d4af5e2d732d-groupManagement] INFO  server.RaftServerConfigKeys (ConfUtils.java:logGet(46)) - raft.server.log.purge.preservation.log.num = 0 (default)
2024-02-06 10:02:47,604 [07380eda-3c62-4610-a005-d4af5e2d732d-groupManagement] INFO  server.RaftServerConfigKeys (ConfUtils.java:logGet(46)) - raft.server.log.segment.size.max = 67108864 (custom)
2024-02-06 10:02:47,604 [07380eda-3c62-4610-a005-d4af5e2d732d-groupManagement] INFO  server.RaftServerConfigKeys (ConfUtils.java:logGet(46)) - raft.server.log.segment.cache.num.max = 2 (custom)
2024-02-06 10:02:47,604 [07380eda-3c62-4610-a005-d4af5e2d732d-groupManagement] INFO  server.RaftServerConfigKeys (ConfUtils.java:logGet(46)) - raft.server.log.segment.cache.size.max = 200MB (=209715200) (default)
2024-02-06 10:02:47,604 [07380eda-3c62-4610-a005-d4af5e2d732d-groupManagement] INFO  server.RaftServerConfigKeys (ConfUtils.java:logGet(46)) - raft.server.log.appender.buffer.byte-limit = 8388608 (custom)
2024-02-06 10:02:47,605 [07380eda-3c62-4610-a005-d4af5e2d732d-groupManagement] INFO  util.AwaitToRun (AwaitToRun.java:start(81)) - Thread[07380eda-3c62-4610-a005-d4af5e2d732d@group-93DD453B75EB-cacheEviction-AwaitToRun,5,main] started
2024-02-06 10:02:47,605 [07380eda-3c62-4610-a005-d4af5e2d732d-groupManagement] INFO  segmented.SegmentedRaftLogWorker (SegmentedRaftLogWorker.java:<init>(182)) - new 07380eda-3c62-4610-a005-d4af5e2d732d@group-93DD453B75EB-SegmentedRaftLogWorker for RaftStorageImpl:Storage Directory /home/runner/work/ozone/ozone/hadoop-ozone/integration-test/target/test-dir/MiniOzoneClusterImpl-aff9c889-8dd2-4f79-ab57-76a0adc13766/datanode-2/data/ratis/a0dea5f9-55d9-41fd-bc61-93dd453b75eb
2024-02-06 10:02:47,605 [07380eda-3c62-4610-a005-d4af5e2d732d-groupManagement] INFO  server.RaftServerConfigKeys (ConfUtils.java:logGet(46)) - raft.server.log.queue.byte-limit = 4294967296 (custom)
2024-02-06 10:02:47,605 [07380eda-3c62-4610-a005-d4af5e2d732d-groupManagement] INFO  server.RaftServerConfigKeys (ConfUtils.java:logGet(46)) - raft.server.log.queue.element-limit = 1024 (custom)
2024-02-06 10:02:47,605 [07380eda-3c62-4610-a005-d4af5e2d732d-groupManagement] INFO  server.RaftServerConfigKeys (ConfUtils.java:logGet(46)) - raft.server.log.segment.size.max = 67108864 (custom)
2024-02-06 10:02:47,605 [07380eda-3c62-4610-a005-d4af5e2d732d-groupManagement] INFO  server.RaftServerConfigKeys (ConfUtils.java:logGet(46)) - raft.server.log.preallocated.size = 4194304 (custom)
2024-02-06 10:02:47,605 [07380eda-3c62-4610-a005-d4af5e2d732d-groupManagement] INFO  server.RaftServerConfigKeys (ConfUtils.java:logGet(46)) - raft.server.log.force.sync.num = 128 (default)
2024-02-06 10:02:47,605 [07380eda-3c62-4610-a005-d4af5e2d732d-groupManagement] INFO  server.RaftServerConfigKeys (ConfUtils.java:logGet(46)) - raft.server.log.statemachine.data.sync = true (default)
2024-02-06 10:02:47,605 [07380eda-3c62-4610-a005-d4af5e2d732d-groupManagement] INFO  server.RaftServerConfigKeys (ConfUtils.java:logGet(46)) - raft.server.log.statemachine.data.sync.timeout = 10s (default)
2024-02-06 10:02:47,605 [07380eda-3c62-4610-a005-d4af5e2d732d-groupManagement] INFO  server.RaftServerConfigKeys (ConfUtils.java:logGet(46)) - raft.server.log.statemachine.data.sync.timeout.retry = 0 (custom)
2024-02-06 10:02:47,605 [07380eda-3c62-4610-a005-d4af5e2d732d-groupManagement] INFO  server.RaftServerConfigKeys (ConfUtils.java:logGet(46)) - raft.server.log.write.buffer.size = 8388616 (custom)
2024-02-06 10:02:47,607 [07380eda-3c62-4610-a005-d4af5e2d732d-groupManagement] INFO  server.RaftServerConfigKeys (ConfUtils.java:logGet(46)) - raft.server.log.appender.buffer.byte-limit = 8388608 (custom)
2024-02-06 10:02:47,607 [07380eda-3c62-4610-a005-d4af5e2d732d-groupManagement] INFO  server.RaftServerConfigKeys (ConfUtils.java:logGet(46)) - raft.server.log.unsafe-flush.enabled = false (default)
2024-02-06 10:02:47,607 [07380eda-3c62-4610-a005-d4af5e2d732d-groupManagement] INFO  server.RaftServerConfigKeys (ConfUtils.java:logGet(46)) - raft.server.log.async-flush.enabled = false (default)
2024-02-06 10:02:47,607 [07380eda-3c62-4610-a005-d4af5e2d732d-groupManagement] INFO  server.RaftServerConfigKeys (ConfUtils.java:logGet(46)) - raft.server.log.statemachine.data.caching.enabled = true (custom)
2024-02-06 10:02:47,608 [07380eda-3c62-4610-a005-d4af5e2d732d-groupManagement] INFO  segmented.SegmentedRaftLogWorker (SegmentedRaftLogWorker.java:lambda$new$0(134)) - 07380eda-3c62-4610-a005-d4af5e2d732d@group-93DD453B75EB-SegmentedRaftLogWorker: flushIndex: setUnconditionally 0 -> -1
2024-02-06 10:02:47,608 [07380eda-3c62-4610-a005-d4af5e2d732d-groupManagement] INFO  segmented.SegmentedRaftLogWorker (SegmentedRaftLogWorker.java:lambda$new$0(134)) - 07380eda-3c62-4610-a005-d4af5e2d732d@group-93DD453B75EB-SegmentedRaftLogWorker: safeCacheEvictIndex: setUnconditionally 0 -> -1
2024-02-06 10:02:47,608 [07380eda-3c62-4610-a005-d4af5e2d732d-groupManagement] INFO  server.RaftServer$Division (RaftServerImpl.java:start(396)) - 07380eda-3c62-4610-a005-d4af5e2d732d@group-93DD453B75EB: start as a follower, conf=-1: peers:[07380eda-3c62-4610-a005-d4af5e2d732d|10.1.0.5:15121, e4108bdc-dd8a-4467-8687-0aef72f28da1|10.1.0.5:15112, 488c4769-1e0b-4768-b3fe-c72db1d0dad7|10.1.0.5:15103]|listeners:[], old=null
2024-02-06 10:02:47,608 [07380eda-3c62-4610-a005-d4af5e2d732d-groupManagement] INFO  server.RaftServer$Division (RaftServerImpl.java:setRole(383)) - 07380eda-3c62-4610-a005-d4af5e2d732d@group-93DD453B75EB: changes role from      null to FOLLOWER at term 0 for startAsFollower
2024-02-06 10:02:47,608 [07380eda-3c62-4610-a005-d4af5e2d732d-groupManagement] INFO  impl.RoleInfo (RoleInfo.java:updateAndGet(139)) - 07380eda-3c62-4610-a005-d4af5e2d732d: start 07380eda-3c62-4610-a005-d4af5e2d732d@group-93DD453B75EB-FollowerState
2024-02-06 10:02:47,608 [07380eda-3c62-4610-a005-d4af5e2d732d@group-93DD453B75EB-FollowerState] INFO  server.RaftServerConfigKeys (ConfUtils.java:logFallback(53)) - raft.server.rpc.first-election.timeout.min = 5s (fallback to raft.server.rpc.timeout.min)
2024-02-06 10:02:47,608 [07380eda-3c62-4610-a005-d4af5e2d732d-groupManagement] INFO  util.JmxRegister (JmxRegister.java:tryRegister(44)) - Successfully registered JMX Bean with object name Ratis:service=RaftServer,group=group-93DD453B75EB,id=07380eda-3c62-4610-a005-d4af5e2d732d
2024-02-06 10:02:47,609 [07380eda-3c62-4610-a005-d4af5e2d732d-groupManagement] INFO  server.RaftServerConfigKeys (ConfUtils.java:logGet(46)) - raft.server.snapshot.trigger-when-stop.enabled = true (default)
2024-02-06 10:02:47,609 [07380eda-3c62-4610-a005-d4af5e2d732d-groupManagement] INFO  server.RaftServerConfigKeys (ConfUtils.java:logGet(46)) - raft.server.snapshot.auto.trigger.enabled = true (custom)
2024-02-06 10:02:47,609 [07380eda-3c62-4610-a005-d4af5e2d732d-groupManagement] INFO  server.RaftServerConfigKeys (ConfUtils.java:logGet(46)) - raft.server.snapshot.auto.trigger.threshold = 10000 (custom)
2024-02-06 10:02:47,609 [07380eda-3c62-4610-a005-d4af5e2d732d-groupManagement] INFO  server.RaftServerConfigKeys (ConfUtils.java:logGet(46)) - raft.server.snapshot.retention.file.num = 5 (custom)
2024-02-06 10:02:47,609 [07380eda-3c62-4610-a005-d4af5e2d732d-groupManagement] INFO  server.RaftServerConfigKeys (ConfUtils.java:logGet(46)) - raft.server.log.purge.upto.snapshot.index = false (default)
2024-02-06 10:02:47,608 [07380eda-3c62-4610-a005-d4af5e2d732d@group-93DD453B75EB-FollowerState] INFO  server.RaftServerConfigKeys (ConfUtils.java:logFallback(53)) - raft.server.rpc.first-election.timeout.max = 5200ms (fallback to raft.server.rpc.timeout.max)
2024-02-06 10:02:47,630 [grpc-default-executor-0] INFO  server.RaftServer (RaftServerProxy.java:addNew(100)) - e4108bdc-dd8a-4467-8687-0aef72f28da1: addNew group-93DD453B75EB:[07380eda-3c62-4610-a005-d4af5e2d732d|10.1.0.5:15121, e4108bdc-dd8a-4467-8687-0aef72f28da1|10.1.0.5:15112, 488c4769-1e0b-4768-b3fe-c72db1d0dad7|10.1.0.5:15103] returns group-93DD453B75EB:java.util.concurrent.CompletableFuture@607ec30[Not completed]
2024-02-06 10:02:47,631 [e4108bdc-dd8a-4467-8687-0aef72f28da1-groupManagement] INFO  server.RaftServer$Division (RaftServerImpl.java:<init>(256)) - e4108bdc-dd8a-4467-8687-0aef72f28da1: new RaftServerImpl for group-93DD453B75EB:[07380eda-3c62-4610-a005-d4af5e2d732d|10.1.0.5:15121, e4108bdc-dd8a-4467-8687-0aef72f28da1|10.1.0.5:15112, 488c4769-1e0b-4768-b3fe-c72db1d0dad7|10.1.0.5:15103] with ContainerStateMachine:uninitialized
2024-02-06 10:02:47,631 [e4108bdc-dd8a-4467-8687-0aef72f28da1-groupManagement] INFO  server.RaftServerConfigKeys (ConfUtils.java:logGet(46)) - raft.server.rpc.timeout.min = 5s (custom)
2024-02-06 10:02:47,631 [e4108bdc-dd8a-4467-8687-0aef72f28da1-groupManagement] INFO  server.RaftServerConfigKeys (ConfUtils.java:logGet(46)) - raft.server.rpc.timeout.max = 5200ms (custom)
2024-02-06 10:02:47,631 [e4108bdc-dd8a-4467-8687-0aef72f28da1-groupManagement] INFO  server.RaftServerConfigKeys (ConfUtils.java:logGet(46)) - raft.server.rpc.sleep.time = 25ms (default)
2024-02-06 10:02:47,632 [e4108bdc-dd8a-4467-8687-0aef72f28da1-groupManagement] INFO  server.RaftServerConfigKeys (ConfUtils.java:logGet(46)) - raft.server.rpc.slowness.timeout = 300000ms (custom)
2024-02-06 10:02:47,632 [e4108bdc-dd8a-4467-8687-0aef72f28da1-groupManagement] INFO  server.RaftServerConfigKeys (ConfUtils.java:logGet(46)) - raft.server.leaderelection.leader.step-down.wait-time = 10s (default)
2024-02-06 10:02:47,632 [e4108bdc-dd8a-4467-8687-0aef72f28da1-groupManagement] INFO  server.RaftServerConfigKeys (ConfUtils.java:logGet(46)) - raft.server.leaderelection.member.majority-add = false (default)
2024-02-06 10:02:47,632 [e4108bdc-dd8a-4467-8687-0aef72f28da1-groupManagement] INFO  server.RaftServerConfigKeys (ConfUtils.java:logGet(46)) - raft.server.sleep.deviation.threshold = 300ms (default)
2024-02-06 10:02:47,632 [e4108bdc-dd8a-4467-8687-0aef72f28da1-groupManagement] INFO  server.RaftServer$Division (ServerState.java:<init>(113)) - e4108bdc-dd8a-4467-8687-0aef72f28da1@group-93DD453B75EB: ConfigurationManager, init=-1: peers:[07380eda-3c62-4610-a005-d4af5e2d732d|10.1.0.5:15121, e4108bdc-dd8a-4467-8687-0aef72f28da1|10.1.0.5:15112, 488c4769-1e0b-4768-b3fe-c72db1d0dad7|10.1.0.5:15103]|listeners:[], old=null, confs=<EMPTY_MAP>
2024-02-06 10:02:47,632 [e4108bdc-dd8a-4467-8687-0aef72f28da1-groupManagement] INFO  server.RaftServerConfigKeys (ConfUtils.java:logGet(46)) - raft.server.notification.no-leader.timeout = 300000ms (custom)
2024-02-06 10:02:47,632 [e4108bdc-dd8a-4467-8687-0aef72f28da1-groupManagement] INFO  server.RaftServerConfigKeys (ConfUtils.java:logGet(46)) - raft.server.read.timeout = 10s (default)
2024-02-06 10:02:47,632 [e4108bdc-dd8a-4467-8687-0aef72f28da1-groupManagement] INFO  server.RaftServerConfigKeys (ConfUtils.java:logGet(46)) - raft.server.retrycache.expirytime = 600000ms (custom)
2024-02-06 10:02:47,632 [e4108bdc-dd8a-4467-8687-0aef72f28da1-groupManagement] INFO  server.RaftServerConfigKeys (ConfUtils.java:logGet(46)) - raft.server.retrycache.statistics.expirytime = 100ms (default)
2024-02-06 10:02:47,632 [e4108bdc-dd8a-4467-8687-0aef72f28da1-groupManagement] INFO  server.RaftServerConfigKeys (ConfUtils.java:logGet(46)) - raft.server.read.option = DEFAULT (default)
2024-02-06 10:02:47,632 [e4108bdc-dd8a-4467-8687-0aef72f28da1-groupManagement] INFO  server.RaftServerConfigKeys (ConfUtils.java:logGet(46)) - raft.server.read.read-after-write-consistent.write-index-cache.expiry-time = 60s (default)
2024-02-06 10:02:47,634 [e4108bdc-dd8a-4467-8687-0aef72f28da1-groupManagement] INFO  server.RaftServerConfigKeys (ConfUtils.java:logGet(46)) - raft.server.rpc.request.timeout = 3000ms (default)
2024-02-06 10:02:47,635 [e4108bdc-dd8a-4467-8687-0aef72f28da1-groupManagement] INFO  server.RaftServerConfigKeys (ConfUtils.java:logGet(46)) - raft.server.log.appender.install.snapshot.enabled = false (custom)
2024-02-06 10:02:47,635 [e4108bdc-dd8a-4467-8687-0aef72f28da1-groupManagement] INFO  server.RaftServerConfigKeys (ConfUtils.java:logGet(46)) - raft.server.threadpool.server.cached = true (default)
2024-02-06 10:02:47,635 [e4108bdc-dd8a-4467-8687-0aef72f28da1-groupManagement] INFO  server.RaftServerConfigKeys (ConfUtils.java:logGet(46)) - raft.server.threadpool.server.size = 0 (default)
2024-02-06 10:02:47,635 [e4108bdc-dd8a-4467-8687-0aef72f28da1-groupManagement] INFO  server.RaftServerConfigKeys (ConfUtils.java:logGet(46)) - raft.server.threadpool.client.cached = true (default)
2024-02-06 10:02:47,635 [e4108bdc-dd8a-4467-8687-0aef72f28da1-groupManagement] INFO  server.RaftServerConfigKeys (ConfUtils.java:logGet(46)) - raft.server.threadpool.client.size = 0 (default)
2024-02-06 10:02:47,635 [e4108bdc-dd8a-4467-8687-0aef72f28da1-groupManagement] INFO  server.RaftServerConfigKeys (ConfUtils.java:logGet(46)) - raft.server.storage.free-space.min = 0MB (=0) (default)
2024-02-06 10:02:47,635 [e4108bdc-dd8a-4467-8687-0aef72f28da1-groupManagement] INFO  server.RaftServerConfigKeys (ConfUtils.java:logGet(46)) - raft.server.log.corruption.policy = EXCEPTION (default)
2024-02-06 10:02:47,635 [e4108bdc-dd8a-4467-8687-0aef72f28da1-groupManagement] INFO  server.RaftServerConfigKeys (ConfUtils.java:logGet(46)) - raft.server.storage.dir = [/home/runner/work/ozone/ozone/hadoop-ozone/integration-test/target/test-dir/MiniOzoneClusterImpl-aff9c889-8dd2-4f79-ab57-76a0adc13766/datanode-1/data/ratis] (custom)
2024-02-06 10:02:47,635 [e4108bdc-dd8a-4467-8687-0aef72f28da1-groupManagement] INFO  storage.RaftStorageDirectory (RaftStorageDirectoryImpl.java:analyzeStorage(138)) - The storage directory /home/runner/work/ozone/ozone/hadoop-ozone/integration-test/target/test-dir/MiniOzoneClusterImpl-aff9c889-8dd2-4f79-ab57-76a0adc13766/datanode-1/data/ratis/a0dea5f9-55d9-41fd-bc61-93dd453b75eb does not exist. Creating ...
2024-02-06 10:02:47,636 [e4108bdc-dd8a-4467-8687-0aef72f28da1-groupManagement] INFO  storage.RaftStorageDirectory (RaftStorageDirectoryImpl.java:tryLock(228)) - Lock on /home/runner/work/ozone/ozone/hadoop-ozone/integration-test/target/test-dir/MiniOzoneClusterImpl-aff9c889-8dd2-4f79-ab57-76a0adc13766/datanode-1/data/ratis/a0dea5f9-55d9-41fd-bc61-93dd453b75eb/in_use.lock acquired by nodename 37157@fv-az776-296
2024-02-06 10:02:47,637 [e4108bdc-dd8a-4467-8687-0aef72f28da1-groupManagement] INFO  storage.RaftStorage (RaftStorageImpl.java:format(99)) - Storage directory /home/runner/work/ozone/ozone/hadoop-ozone/integration-test/target/test-dir/MiniOzoneClusterImpl-aff9c889-8dd2-4f79-ab57-76a0adc13766/datanode-1/data/ratis/a0dea5f9-55d9-41fd-bc61-93dd453b75eb has been successfully formatted.
2024-02-06 10:02:47,637 [e4108bdc-dd8a-4467-8687-0aef72f28da1-groupManagement] WARN  util.FileUtils (LogUtils.java:supplyAndLog(63)) - Failed to Files.newInputStream /home/runner/work/ozone/ozone/hadoop-ozone/integration-test/target/test-dir/MiniOzoneClusterImpl-aff9c889-8dd2-4f79-ab57-76a0adc13766/datanode-1/data/ratis/a0dea5f9-55d9-41fd-bc61-93dd453b75eb/current/raft-meta.conf with options []: java.nio.file.NoSuchFileException: /home/runner/work/ozone/ozone/hadoop-ozone/integration-test/target/test-dir/MiniOzoneClusterImpl-aff9c889-8dd2-4f79-ab57-76a0adc13766/datanode-1/data/ratis/a0dea5f9-55d9-41fd-bc61-93dd453b75eb/current/raft-meta.conf
2024-02-06 10:02:47,638 [e4108bdc-dd8a-4467-8687-0aef72f28da1-groupManagement] INFO  ratis.ContainerStateMachine (ContainerStateMachine.java:loadSnapshot(287)) - group-93DD453B75EB: The snapshot info is null. Setting the last applied index to:(t:0, i:~)
2024-02-06 10:02:47,638 [e4108bdc-dd8a-4467-8687-0aef72f28da1-groupManagement] INFO  server.RaftServerConfigKeys (ConfUtils.java:logGet(46)) - raft.server.log.use.memory = false (default)
2024-02-06 10:02:47,638 [e4108bdc-dd8a-4467-8687-0aef72f28da1-groupManagement] INFO  server.RaftServerConfigKeys (ConfUtils.java:logGet(46)) - raft.server.log.purge.gap = 1000000 (custom)
2024-02-06 10:02:47,639 [e4108bdc-dd8a-4467-8687-0aef72f28da1-groupManagement] INFO  server.RaftServerConfigKeys (ConfUtils.java:logGet(46)) - raft.server.log.appender.buffer.byte-limit = 8388608 (custom)
2024-02-06 10:02:47,639 [e4108bdc-dd8a-4467-8687-0aef72f28da1-groupManagement] INFO  server.RaftServerConfigKeys (ConfUtils.java:logGet(46)) - raft.server.log.statemachine.data.read.timeout = 1000ms (default)
2024-02-06 10:02:47,639 [e4108bdc-dd8a-4467-8687-0aef72f28da1-groupManagement] INFO  server.RaftServerConfigKeys (ConfUtils.java:logGet(46)) - raft.server.log.purge.preservation.log.num = 0 (default)
2024-02-06 10:02:47,640 [e4108bdc-dd8a-4467-8687-0aef72f28da1-groupManagement] INFO  server.RaftServerConfigKeys (ConfUtils.java:logGet(46)) - raft.server.log.segment.size.max = 67108864 (custom)
2024-02-06 10:02:47,640 [e4108bdc-dd8a-4467-8687-0aef72f28da1-groupManagement] INFO  server.RaftServerConfigKeys (ConfUtils.java:logGet(46)) - raft.server.log.segment.cache.num.max = 2 (custom)
2024-02-06 10:02:47,640 [e4108bdc-dd8a-4467-8687-0aef72f28da1-groupManagement] INFO  server.RaftServerConfigKeys (ConfUtils.java:logGet(46)) - raft.server.log.segment.cache.size.max = 200MB (=209715200) (default)
2024-02-06 10:02:47,640 [e4108bdc-dd8a-4467-8687-0aef72f28da1-groupManagement] INFO  server.RaftServerConfigKeys (ConfUtils.java:logGet(46)) - raft.server.log.appender.buffer.byte-limit = 8388608 (custom)
2024-02-06 10:02:47,641 [e4108bdc-dd8a-4467-8687-0aef72f28da1-groupManagement] INFO  util.AwaitToRun (AwaitToRun.java:start(81)) - Thread[e4108bdc-dd8a-4467-8687-0aef72f28da1@group-93DD453B75EB-cacheEviction-AwaitToRun,5,main] started
2024-02-06 10:02:47,641 [e4108bdc-dd8a-4467-8687-0aef72f28da1-groupManagement] INFO  segmented.SegmentedRaftLogWorker (SegmentedRaftLogWorker.java:<init>(182)) - new e4108bdc-dd8a-4467-8687-0aef72f28da1@group-93DD453B75EB-SegmentedRaftLogWorker for RaftStorageImpl:Storage Directory /home/runner/work/ozone/ozone/hadoop-ozone/integration-test/target/test-dir/MiniOzoneClusterImpl-aff9c889-8dd2-4f79-ab57-76a0adc13766/datanode-1/data/ratis/a0dea5f9-55d9-41fd-bc61-93dd453b75eb
2024-02-06 10:02:47,641 [e4108bdc-dd8a-4467-8687-0aef72f28da1-groupManagement] INFO  server.RaftServerConfigKeys (ConfUtils.java:logGet(46)) - raft.server.log.queue.byte-limit = 4294967296 (custom)
2024-02-06 10:02:47,641 [e4108bdc-dd8a-4467-8687-0aef72f28da1-groupManagement] INFO  server.RaftServerConfigKeys (ConfUtils.java:logGet(46)) - raft.server.log.queue.element-limit = 1024 (custom)
2024-02-06 10:02:47,641 [e4108bdc-dd8a-4467-8687-0aef72f28da1-groupManagement] INFO  server.RaftServerConfigKeys (ConfUtils.java:logGet(46)) - raft.server.log.segment.size.max = 67108864 (custom)
2024-02-06 10:02:47,641 [e4108bdc-dd8a-4467-8687-0aef72f28da1-groupManagement] INFO  server.RaftServerConfigKeys (ConfUtils.java:logGet(46)) - raft.server.log.preallocated.size = 4194304 (custom)
2024-02-06 10:02:47,641 [e4108bdc-dd8a-4467-8687-0aef72f28da1-groupManagement] INFO  server.RaftServerConfigKeys (ConfUtils.java:logGet(46)) - raft.server.log.force.sync.num = 128 (default)
2024-02-06 10:02:47,641 [e4108bdc-dd8a-4467-8687-0aef72f28da1-groupManagement] INFO  server.RaftServerConfigKeys (ConfUtils.java:logGet(46)) - raft.server.log.statemachine.data.sync = true (default)
2024-02-06 10:02:47,641 [e4108bdc-dd8a-4467-8687-0aef72f28da1-groupManagement] INFO  server.RaftServerConfigKeys (ConfUtils.java:logGet(46)) - raft.server.log.statemachine.data.sync.timeout = 10s (default)
2024-02-06 10:02:47,641 [e4108bdc-dd8a-4467-8687-0aef72f28da1-groupManagement] INFO  server.RaftServerConfigKeys (ConfUtils.java:logGet(46)) - raft.server.log.statemachine.data.sync.timeout.retry = 0 (custom)
2024-02-06 10:02:47,641 [e4108bdc-dd8a-4467-8687-0aef72f28da1-groupManagement] INFO  server.RaftServerConfigKeys (ConfUtils.java:logGet(46)) - raft.server.log.write.buffer.size = 8388616 (custom)
2024-02-06 10:02:47,642 [e4108bdc-dd8a-4467-8687-0aef72f28da1-PipelineCommandHandlerThread-0] INFO  server.RaftServer (RaftServerProxy.java:addNew(100)) - e4108bdc-dd8a-4467-8687-0aef72f28da1: addNew group-EF5248A23A32:[e4108bdc-dd8a-4467-8687-0aef72f28da1|10.1.0.5:15112] returns group-EF5248A23A32:java.util.concurrent.CompletableFuture@51bdbdec[Not completed]
2024-02-06 10:02:47,643 [e4108bdc-dd8a-4467-8687-0aef72f28da1-groupManagement] INFO  server.RaftServerConfigKeys (ConfUtils.java:logGet(46)) - raft.server.log.appender.buffer.byte-limit = 8388608 (custom)
2024-02-06 10:02:47,643 [e4108bdc-dd8a-4467-8687-0aef72f28da1-groupManagement] INFO  server.RaftServerConfigKeys (ConfUtils.java:logGet(46)) - raft.server.log.unsafe-flush.enabled = false (default)
2024-02-06 10:02:47,643 [e4108bdc-dd8a-4467-8687-0aef72f28da1-groupManagement] INFO  server.RaftServerConfigKeys (ConfUtils.java:logGet(46)) - raft.server.log.async-flush.enabled = false (default)
2024-02-06 10:02:47,643 [e4108bdc-dd8a-4467-8687-0aef72f28da1-groupManagement] INFO  server.RaftServerConfigKeys (ConfUtils.java:logGet(46)) - raft.server.log.statemachine.data.caching.enabled = true (custom)
2024-02-06 10:02:47,643 [e4108bdc-dd8a-4467-8687-0aef72f28da1-groupManagement] INFO  segmented.SegmentedRaftLogWorker (SegmentedRaftLogWorker.java:lambda$new$0(134)) - e4108bdc-dd8a-4467-8687-0aef72f28da1@group-93DD453B75EB-SegmentedRaftLogWorker: flushIndex: setUnconditionally 0 -> -1
2024-02-06 10:02:47,643 [e4108bdc-dd8a-4467-8687-0aef72f28da1-groupManagement] INFO  segmented.SegmentedRaftLogWorker (SegmentedRaftLogWorker.java:lambda$new$0(134)) - e4108bdc-dd8a-4467-8687-0aef72f28da1@group-93DD453B75EB-SegmentedRaftLogWorker: safeCacheEvictIndex: setUnconditionally 0 -> -1
2024-02-06 10:02:47,643 [e4108bdc-dd8a-4467-8687-0aef72f28da1-groupManagement] INFO  server.RaftServer$Division (RaftServerImpl.java:start(396)) - e4108bdc-dd8a-4467-8687-0aef72f28da1@group-93DD453B75EB: start as a follower, conf=-1: peers:[07380eda-3c62-4610-a005-d4af5e2d732d|10.1.0.5:15121, e4108bdc-dd8a-4467-8687-0aef72f28da1|10.1.0.5:15112, 488c4769-1e0b-4768-b3fe-c72db1d0dad7|10.1.0.5:15103]|listeners:[], old=null
2024-02-06 10:02:47,643 [e4108bdc-dd8a-4467-8687-0aef72f28da1-groupManagement] INFO  server.RaftServer$Division (RaftServerImpl.java:setRole(383)) - e4108bdc-dd8a-4467-8687-0aef72f28da1@group-93DD453B75EB: changes role from      null to FOLLOWER at term 0 for startAsFollower
2024-02-06 10:02:47,643 [e4108bdc-dd8a-4467-8687-0aef72f28da1-groupManagement] INFO  impl.RoleInfo (RoleInfo.java:updateAndGet(139)) - e4108bdc-dd8a-4467-8687-0aef72f28da1: start e4108bdc-dd8a-4467-8687-0aef72f28da1@group-93DD453B75EB-FollowerState
2024-02-06 10:02:47,643 [e4108bdc-dd8a-4467-8687-0aef72f28da1@group-93DD453B75EB-FollowerState] INFO  server.RaftServerConfigKeys (ConfUtils.java:logFallback(53)) - raft.server.rpc.first-election.timeout.min = 5s (fallback to raft.server.rpc.timeout.min)
2024-02-06 10:02:47,643 [e4108bdc-dd8a-4467-8687-0aef72f28da1-groupManagement] INFO  util.JmxRegister (JmxRegister.java:tryRegister(44)) - Successfully registered JMX Bean with object name Ratis:service=RaftServer,group=group-93DD453B75EB,id=e4108bdc-dd8a-4467-8687-0aef72f28da1
2024-02-06 10:02:47,644 [e4108bdc-dd8a-4467-8687-0aef72f28da1@group-93DD453B75EB-FollowerState] INFO  server.RaftServerConfigKeys (ConfUtils.java:logFallback(53)) - raft.server.rpc.first-election.timeout.max = 5200ms (fallback to raft.server.rpc.timeout.max)
2024-02-06 10:02:47,644 [e4108bdc-dd8a-4467-8687-0aef72f28da1-groupManagement] INFO  server.RaftServerConfigKeys (ConfUtils.java:logGet(46)) - raft.server.snapshot.trigger-when-stop.enabled = true (default)
2024-02-06 10:02:47,644 [e4108bdc-dd8a-4467-8687-0aef72f28da1-groupManagement] INFO  server.RaftServerConfigKeys (ConfUtils.java:logGet(46)) - raft.server.snapshot.auto.trigger.enabled = true (custom)
2024-02-06 10:02:47,644 [e4108bdc-dd8a-4467-8687-0aef72f28da1-groupManagement] INFO  server.RaftServerConfigKeys (ConfUtils.java:logGet(46)) - raft.server.snapshot.auto.trigger.threshold = 10000 (custom)
2024-02-06 10:02:47,644 [e4108bdc-dd8a-4467-8687-0aef72f28da1-groupManagement] INFO  server.RaftServerConfigKeys (ConfUtils.java:logGet(46)) - raft.server.snapshot.retention.file.num = 5 (custom)
2024-02-06 10:02:47,644 [e4108bdc-dd8a-4467-8687-0aef72f28da1-groupManagement] INFO  server.RaftServerConfigKeys (ConfUtils.java:logGet(46)) - raft.server.log.purge.upto.snapshot.index = false (default)
2024-02-06 10:02:47,646 [e4108bdc-dd8a-4467-8687-0aef72f28da1-groupManagement] INFO  server.RaftServer$Division (RaftServerImpl.java:<init>(256)) - e4108bdc-dd8a-4467-8687-0aef72f28da1: new RaftServerImpl for group-EF5248A23A32:[e4108bdc-dd8a-4467-8687-0aef72f28da1|10.1.0.5:15112] with ContainerStateMachine:uninitialized
2024-02-06 10:02:47,646 [e4108bdc-dd8a-4467-8687-0aef72f28da1-groupManagement] INFO  server.RaftServerConfigKeys (ConfUtils.java:logGet(46)) - raft.server.rpc.timeout.min = 5s (custom)
2024-02-06 10:02:47,646 [e4108bdc-dd8a-4467-8687-0aef72f28da1-groupManagement] INFO  server.RaftServerConfigKeys (ConfUtils.java:logGet(46)) - raft.server.rpc.timeout.max = 5200ms (custom)
2024-02-06 10:02:47,646 [e4108bdc-dd8a-4467-8687-0aef72f28da1-groupManagement] INFO  server.RaftServerConfigKeys (ConfUtils.java:logGet(46)) - raft.server.rpc.sleep.time = 25ms (default)
2024-02-06 10:02:47,646 [e4108bdc-dd8a-4467-8687-0aef72f28da1-groupManagement] INFO  server.RaftServerConfigKeys (ConfUtils.java:logGet(46)) - raft.server.rpc.slowness.timeout = 300000ms (custom)
2024-02-06 10:02:47,646 [e4108bdc-dd8a-4467-8687-0aef72f28da1-groupManagement] INFO  server.RaftServerConfigKeys (ConfUtils.java:logGet(46)) - raft.server.leaderelection.leader.step-down.wait-time = 10s (default)
2024-02-06 10:02:47,646 [e4108bdc-dd8a-4467-8687-0aef72f28da1-groupManagement] INFO  server.RaftServerConfigKeys (ConfUtils.java:logGet(46)) - raft.server.leaderelection.member.majority-add = false (default)
2024-02-06 10:02:47,646 [e4108bdc-dd8a-4467-8687-0aef72f28da1-groupManagement] INFO  server.RaftServerConfigKeys (ConfUtils.java:logGet(46)) - raft.server.sleep.deviation.threshold = 300ms (default)
2024-02-06 10:02:47,646 [e4108bdc-dd8a-4467-8687-0aef72f28da1-groupManagement] INFO  server.RaftServer$Division (ServerState.java:<init>(113)) - e4108bdc-dd8a-4467-8687-0aef72f28da1@group-EF5248A23A32: ConfigurationManager, init=-1: peers:[e4108bdc-dd8a-4467-8687-0aef72f28da1|10.1.0.5:15112]|listeners:[], old=null, confs=<EMPTY_MAP>
2024-02-06 10:02:47,646 [e4108bdc-dd8a-4467-8687-0aef72f28da1-groupManagement] INFO  server.RaftServerConfigKeys (ConfUtils.java:logGet(46)) - raft.server.notification.no-leader.timeout = 300000ms (custom)
2024-02-06 10:02:47,646 [e4108bdc-dd8a-4467-8687-0aef72f28da1-groupManagement] INFO  server.RaftServerConfigKeys (ConfUtils.java:logGet(46)) - raft.server.read.timeout = 10s (default)
2024-02-06 10:02:47,646 [e4108bdc-dd8a-4467-8687-0aef72f28da1-groupManagement] INFO  server.RaftServerConfigKeys (ConfUtils.java:logGet(46)) - raft.server.retrycache.expirytime = 600000ms (custom)
2024-02-06 10:02:47,646 [e4108bdc-dd8a-4467-8687-0aef72f28da1-groupManagement] INFO  server.RaftServerConfigKeys (ConfUtils.java:logGet(46)) - raft.server.retrycache.statistics.expirytime = 100ms (default)
2024-02-06 10:02:47,646 [e4108bdc-dd8a-4467-8687-0aef72f28da1-groupManagement] INFO  server.RaftServerConfigKeys (ConfUtils.java:logGet(46)) - raft.server.read.option = DEFAULT (default)
2024-02-06 10:02:47,646 [e4108bdc-dd8a-4467-8687-0aef72f28da1-groupManagement] INFO  server.RaftServerConfigKeys (ConfUtils.java:logGet(46)) - raft.server.read.read-after-write-consistent.write-index-cache.expiry-time = 60s (default)
2024-02-06 10:02:47,648 [e4108bdc-dd8a-4467-8687-0aef72f28da1-groupManagement] INFO  server.RaftServerConfigKeys (ConfUtils.java:logGet(46)) - raft.server.rpc.request.timeout = 3000ms (default)
2024-02-06 10:02:47,648 [e4108bdc-dd8a-4467-8687-0aef72f28da1-groupManagement] INFO  server.RaftServerConfigKeys (ConfUtils.java:logGet(46)) - raft.server.log.appender.install.snapshot.enabled = false (custom)
2024-02-06 10:02:47,648 [e4108bdc-dd8a-4467-8687-0aef72f28da1-groupManagement] INFO  server.RaftServerConfigKeys (ConfUtils.java:logGet(46)) - raft.server.threadpool.server.cached = true (default)
2024-02-06 10:02:47,648 [e4108bdc-dd8a-4467-8687-0aef72f28da1-groupManagement] INFO  server.RaftServerConfigKeys (ConfUtils.java:logGet(46)) - raft.server.threadpool.server.size = 0 (default)
2024-02-06 10:02:47,648 [e4108bdc-dd8a-4467-8687-0aef72f28da1-groupManagement] INFO  server.RaftServerConfigKeys (ConfUtils.java:logGet(46)) - raft.server.threadpool.client.cached = true (default)
2024-02-06 10:02:47,648 [e4108bdc-dd8a-4467-8687-0aef72f28da1-groupManagement] INFO  server.RaftServerConfigKeys (ConfUtils.java:logGet(46)) - raft.server.threadpool.client.size = 0 (default)
2024-02-06 10:02:47,648 [e4108bdc-dd8a-4467-8687-0aef72f28da1-groupManagement] INFO  server.RaftServerConfigKeys (ConfUtils.java:logGet(46)) - raft.server.storage.free-space.min = 0MB (=0) (default)
2024-02-06 10:02:47,648 [e4108bdc-dd8a-4467-8687-0aef72f28da1-groupManagement] INFO  server.RaftServerConfigKeys (ConfUtils.java:logGet(46)) - raft.server.log.corruption.policy = EXCEPTION (default)
2024-02-06 10:02:47,648 [e4108bdc-dd8a-4467-8687-0aef72f28da1-groupManagement] INFO  server.RaftServerConfigKeys (ConfUtils.java:logGet(46)) - raft.server.storage.dir = [/home/runner/work/ozone/ozone/hadoop-ozone/integration-test/target/test-dir/MiniOzoneClusterImpl-aff9c889-8dd2-4f79-ab57-76a0adc13766/datanode-1/data/ratis] (custom)
2024-02-06 10:02:47,650 [e4108bdc-dd8a-4467-8687-0aef72f28da1-groupManagement] INFO  storage.RaftStorageDirectory (RaftStorageDirectoryImpl.java:analyzeStorage(138)) - The storage directory /home/runner/work/ozone/ozone/hadoop-ozone/integration-test/target/test-dir/MiniOzoneClusterImpl-aff9c889-8dd2-4f79-ab57-76a0adc13766/datanode-1/data/ratis/621266bd-afd4-47b5-8f23-ef5248a23a32 does not exist. Creating ...
2024-02-06 10:02:47,652 [e4108bdc-dd8a-4467-8687-0aef72f28da1-groupManagement] INFO  storage.RaftStorageDirectory (RaftStorageDirectoryImpl.java:tryLock(228)) - Lock on /home/runner/work/ozone/ozone/hadoop-ozone/integration-test/target/test-dir/MiniOzoneClusterImpl-aff9c889-8dd2-4f79-ab57-76a0adc13766/datanode-1/data/ratis/621266bd-afd4-47b5-8f23-ef5248a23a32/in_use.lock acquired by nodename 37157@fv-az776-296
2024-02-06 10:02:47,653 [e4108bdc-dd8a-4467-8687-0aef72f28da1-groupManagement] INFO  storage.RaftStorage (RaftStorageImpl.java:format(99)) - Storage directory /home/runner/work/ozone/ozone/hadoop-ozone/integration-test/target/test-dir/MiniOzoneClusterImpl-aff9c889-8dd2-4f79-ab57-76a0adc13766/datanode-1/data/ratis/621266bd-afd4-47b5-8f23-ef5248a23a32 has been successfully formatted.
2024-02-06 10:02:47,653 [e4108bdc-dd8a-4467-8687-0aef72f28da1-groupManagement] WARN  util.FileUtils (LogUtils.java:supplyAndLog(63)) - Failed to Files.newInputStream /home/runner/work/ozone/ozone/hadoop-ozone/integration-test/target/test-dir/MiniOzoneClusterImpl-aff9c889-8dd2-4f79-ab57-76a0adc13766/datanode-1/data/ratis/621266bd-afd4-47b5-8f23-ef5248a23a32/current/raft-meta.conf with options []: java.nio.file.NoSuchFileException: /home/runner/work/ozone/ozone/hadoop-ozone/integration-test/target/test-dir/MiniOzoneClusterImpl-aff9c889-8dd2-4f79-ab57-76a0adc13766/datanode-1/data/ratis/621266bd-afd4-47b5-8f23-ef5248a23a32/current/raft-meta.conf
2024-02-06 10:02:47,653 [e4108bdc-dd8a-4467-8687-0aef72f28da1-groupManagement] INFO  ratis.ContainerStateMachine (ContainerStateMachine.java:loadSnapshot(287)) - group-EF5248A23A32: The snapshot info is null. Setting the last applied index to:(t:0, i:~)
2024-02-06 10:02:47,653 [e4108bdc-dd8a-4467-8687-0aef72f28da1-groupManagement] INFO  server.RaftServerConfigKeys (ConfUtils.java:logGet(46)) - raft.server.log.use.memory = false (default)
2024-02-06 10:02:47,653 [e4108bdc-dd8a-4467-8687-0aef72f28da1-groupManagement] INFO  server.RaftServerConfigKeys (ConfUtils.java:logGet(46)) - raft.server.log.purge.gap = 1000000 (custom)
2024-02-06 10:02:47,653 [e4108bdc-dd8a-4467-8687-0aef72f28da1-groupManagement] INFO  server.RaftServerConfigKeys (ConfUtils.java:logGet(46)) - raft.server.log.appender.buffer.byte-limit = 8388608 (custom)
2024-02-06 10:02:47,653 [e4108bdc-dd8a-4467-8687-0aef72f28da1-groupManagement] INFO  server.RaftServerConfigKeys (ConfUtils.java:logGet(46)) - raft.server.log.statemachine.data.read.timeout = 1000ms (default)
2024-02-06 10:02:47,653 [e4108bdc-dd8a-4467-8687-0aef72f28da1-groupManagement] INFO  server.RaftServerConfigKeys (ConfUtils.java:logGet(46)) - raft.server.log.purge.preservation.log.num = 0 (default)
2024-02-06 10:02:47,654 [e4108bdc-dd8a-4467-8687-0aef72f28da1-groupManagement] INFO  server.RaftServerConfigKeys (ConfUtils.java:logGet(46)) - raft.server.log.segment.size.max = 67108864 (custom)
2024-02-06 10:02:47,655 [e4108bdc-dd8a-4467-8687-0aef72f28da1-groupManagement] INFO  server.RaftServerConfigKeys (ConfUtils.java:logGet(46)) - raft.server.log.segment.cache.num.max = 2 (custom)
2024-02-06 10:02:47,655 [e4108bdc-dd8a-4467-8687-0aef72f28da1-groupManagement] INFO  server.RaftServerConfigKeys (ConfUtils.java:logGet(46)) - raft.server.log.segment.cache.size.max = 200MB (=209715200) (default)
2024-02-06 10:02:47,655 [e4108bdc-dd8a-4467-8687-0aef72f28da1-groupManagement] INFO  server.RaftServerConfigKeys (ConfUtils.java:logGet(46)) - raft.server.log.appender.buffer.byte-limit = 8388608 (custom)
2024-02-06 10:02:47,656 [EventQueue-PipelineReportForPipelineReportHandler] INFO  pipeline.PipelineReportHandler (PipelineReportHandler.java:processPipelineReport(136)) - Opened pipeline PipelineID=621266bd-afd4-47b5-8f23-ef5248a23a32
2024-02-06 10:02:47,656 [EventQueue-OpenPipelineForHealthyPipelineSafeModeRule] INFO  safemode.SCMSafeModeManager (HealthyPipelineSafeModeRule.java:process(140)) - SCM in safe mode. Healthy pipelines reported count is 0, required healthy pipeline reported count is 1
2024-02-06 10:02:47,660 [e4108bdc-dd8a-4467-8687-0aef72f28da1-groupManagement] INFO  util.AwaitToRun (AwaitToRun.java:start(81)) - Thread[e4108bdc-dd8a-4467-8687-0aef72f28da1@group-EF5248A23A32-cacheEviction-AwaitToRun,5,main] started
2024-02-06 10:02:47,661 [e4108bdc-dd8a-4467-8687-0aef72f28da1-groupManagement] INFO  segmented.SegmentedRaftLogWorker (SegmentedRaftLogWorker.java:<init>(182)) - new e4108bdc-dd8a-4467-8687-0aef72f28da1@group-EF5248A23A32-SegmentedRaftLogWorker for RaftStorageImpl:Storage Directory /home/runner/work/ozone/ozone/hadoop-ozone/integration-test/target/test-dir/MiniOzoneClusterImpl-aff9c889-8dd2-4f79-ab57-76a0adc13766/datanode-1/data/ratis/621266bd-afd4-47b5-8f23-ef5248a23a32
2024-02-06 10:02:47,661 [488c4769-1e0b-4768-b3fe-c72db1d0dad7-PipelineCommandHandlerThread-0] INFO  commandhandler.CreatePipelineCommandHandler (CreatePipelineCommandHandler.java:lambda$handle$2(124)) - Created Pipeline RATIS THREE PipelineID=a0dea5f9-55d9-41fd-bc61-93dd453b75eb.
2024-02-06 10:02:47,661 [e4108bdc-dd8a-4467-8687-0aef72f28da1-groupManagement] INFO  server.RaftServerConfigKeys (ConfUtils.java:logGet(46)) - raft.server.log.queue.byte-limit = 4294967296 (custom)
2024-02-06 10:02:47,661 [e4108bdc-dd8a-4467-8687-0aef72f28da1-groupManagement] INFO  server.RaftServerConfigKeys (ConfUtils.java:logGet(46)) - raft.server.log.queue.element-limit = 1024 (custom)
2024-02-06 10:02:47,661 [e4108bdc-dd8a-4467-8687-0aef72f28da1-groupManagement] INFO  server.RaftServerConfigKeys (ConfUtils.java:logGet(46)) - raft.server.log.segment.size.max = 67108864 (custom)
2024-02-06 10:02:47,661 [e4108bdc-dd8a-4467-8687-0aef72f28da1-groupManagement] INFO  server.RaftServerConfigKeys (ConfUtils.java:logGet(46)) - raft.server.log.preallocated.size = 4194304 (custom)
2024-02-06 10:02:47,661 [e4108bdc-dd8a-4467-8687-0aef72f28da1-groupManagement] INFO  server.RaftServerConfigKeys (ConfUtils.java:logGet(46)) - raft.server.log.force.sync.num = 128 (default)
2024-02-06 10:02:47,661 [e4108bdc-dd8a-4467-8687-0aef72f28da1-groupManagement] INFO  server.RaftServerConfigKeys (ConfUtils.java:logGet(46)) - raft.server.log.statemachine.data.sync = true (default)
2024-02-06 10:02:47,662 [e4108bdc-dd8a-4467-8687-0aef72f28da1-groupManagement] INFO  server.RaftServerConfigKeys (ConfUtils.java:logGet(46)) - raft.server.log.statemachine.data.sync.timeout = 10s (default)
2024-02-06 10:02:47,662 [e4108bdc-dd8a-4467-8687-0aef72f28da1-groupManagement] INFO  server.RaftServerConfigKeys (ConfUtils.java:logGet(46)) - raft.server.log.statemachine.data.sync.timeout.retry = 0 (custom)
2024-02-06 10:02:47,662 [e4108bdc-dd8a-4467-8687-0aef72f28da1-groupManagement] INFO  server.RaftServerConfigKeys (ConfUtils.java:logGet(46)) - raft.server.log.write.buffer.size = 8388616 (custom)
2024-02-06 10:02:47,664 [e4108bdc-dd8a-4467-8687-0aef72f28da1-groupManagement] INFO  server.RaftServerConfigKeys (ConfUtils.java:logGet(46)) - raft.server.log.appender.buffer.byte-limit = 8388608 (custom)
2024-02-06 10:02:47,664 [e4108bdc-dd8a-4467-8687-0aef72f28da1-groupManagement] INFO  server.RaftServerConfigKeys (ConfUtils.java:logGet(46)) - raft.server.log.unsafe-flush.enabled = false (default)
2024-02-06 10:02:47,664 [e4108bdc-dd8a-4467-8687-0aef72f28da1-groupManagement] INFO  server.RaftServerConfigKeys (ConfUtils.java:logGet(46)) - raft.server.log.async-flush.enabled = false (default)
2024-02-06 10:02:47,664 [e4108bdc-dd8a-4467-8687-0aef72f28da1-groupManagement] INFO  server.RaftServerConfigKeys (ConfUtils.java:logGet(46)) - raft.server.log.statemachine.data.caching.enabled = true (custom)
2024-02-06 10:02:47,664 [e4108bdc-dd8a-4467-8687-0aef72f28da1-groupManagement] INFO  segmented.SegmentedRaftLogWorker (SegmentedRaftLogWorker.java:lambda$new$0(134)) - e4108bdc-dd8a-4467-8687-0aef72f28da1@group-EF5248A23A32-SegmentedRaftLogWorker: flushIndex: setUnconditionally 0 -> -1
2024-02-06 10:02:47,664 [e4108bdc-dd8a-4467-8687-0aef72f28da1-groupManagement] INFO  segmented.SegmentedRaftLogWorker (SegmentedRaftLogWorker.java:lambda$new$0(134)) - e4108bdc-dd8a-4467-8687-0aef72f28da1@group-EF5248A23A32-SegmentedRaftLogWorker: safeCacheEvictIndex: setUnconditionally 0 -> -1
2024-02-06 10:02:47,665 [e4108bdc-dd8a-4467-8687-0aef72f28da1-groupManagement] INFO  server.RaftServer$Division (RaftServerImpl.java:start(396)) - e4108bdc-dd8a-4467-8687-0aef72f28da1@group-EF5248A23A32: start as a follower, conf=-1: peers:[e4108bdc-dd8a-4467-8687-0aef72f28da1|10.1.0.5:15112]|listeners:[], old=null
2024-02-06 10:02:47,665 [e4108bdc-dd8a-4467-8687-0aef72f28da1-groupManagement] INFO  server.RaftServer$Division (RaftServerImpl.java:setRole(383)) - e4108bdc-dd8a-4467-8687-0aef72f28da1@group-EF5248A23A32: changes role from      null to FOLLOWER at term 0 for startAsFollower
2024-02-06 10:02:47,665 [e4108bdc-dd8a-4467-8687-0aef72f28da1-groupManagement] INFO  impl.RoleInfo (RoleInfo.java:updateAndGet(139)) - e4108bdc-dd8a-4467-8687-0aef72f28da1: start e4108bdc-dd8a-4467-8687-0aef72f28da1@group-EF5248A23A32-FollowerState
2024-02-06 10:02:47,669 [e4108bdc-dd8a-4467-8687-0aef72f28da1-groupManagement] INFO  util.JmxRegister (JmxRegister.java:tryRegister(44)) - Successfully registered JMX Bean with object name Ratis:service=RaftServer,group=group-EF5248A23A32,id=e4108bdc-dd8a-4467-8687-0aef72f28da1
2024-02-06 10:02:47,669 [e4108bdc-dd8a-4467-8687-0aef72f28da1-groupManagement] INFO  server.RaftServerConfigKeys (ConfUtils.java:logGet(46)) - raft.server.snapshot.trigger-when-stop.enabled = true (default)
2024-02-06 10:02:47,669 [e4108bdc-dd8a-4467-8687-0aef72f28da1-groupManagement] INFO  server.RaftServerConfigKeys (ConfUtils.java:logGet(46)) - raft.server.snapshot.auto.trigger.enabled = true (custom)
2024-02-06 10:02:47,669 [e4108bdc-dd8a-4467-8687-0aef72f28da1-groupManagement] INFO  server.RaftServerConfigKeys (ConfUtils.java:logGet(46)) - raft.server.snapshot.auto.trigger.threshold = 10000 (custom)
2024-02-06 10:02:47,669 [e4108bdc-dd8a-4467-8687-0aef72f28da1-groupManagement] INFO  server.RaftServerConfigKeys (ConfUtils.java:logGet(46)) - raft.server.snapshot.retention.file.num = 5 (custom)
2024-02-06 10:02:47,669 [e4108bdc-dd8a-4467-8687-0aef72f28da1-groupManagement] INFO  server.RaftServerConfigKeys (ConfUtils.java:logGet(46)) - raft.server.log.purge.upto.snapshot.index = false (default)
2024-02-06 10:02:47,670 [e4108bdc-dd8a-4467-8687-0aef72f28da1-PipelineCommandHandlerThread-0] INFO  ratis.XceiverServerRatis (XceiverServerRatis.java:addGroup(864)) - Created group PipelineID=621266bd-afd4-47b5-8f23-ef5248a23a32
2024-02-06 10:02:47,670 [e4108bdc-dd8a-4467-8687-0aef72f28da1-PipelineCommandHandlerThread-0] INFO  commandhandler.CreatePipelineCommandHandler (CreatePipelineCommandHandler.java:lambda$handle$2(124)) - Created Pipeline RATIS ONE PipelineID=621266bd-afd4-47b5-8f23-ef5248a23a32.
2024-02-06 10:02:47,670 [e4108bdc-dd8a-4467-8687-0aef72f28da1@group-EF5248A23A32-FollowerState] INFO  server.RaftServerConfigKeys (ConfUtils.java:logFallback(53)) - raft.server.rpc.first-election.timeout.min = 5s (fallback to raft.server.rpc.timeout.min)
2024-02-06 10:02:47,670 [e4108bdc-dd8a-4467-8687-0aef72f28da1@group-EF5248A23A32-FollowerState] INFO  server.RaftServerConfigKeys (ConfUtils.java:logFallback(53)) - raft.server.rpc.first-election.timeout.max = 5200ms (fallback to raft.server.rpc.timeout.max)
2024-02-06 10:02:47,765 [07380eda-3c62-4610-a005-d4af5e2d732d-PipelineCommandHandlerThread-0] INFO  server.RaftServer (RaftServerProxy.java:addNew(100)) - 07380eda-3c62-4610-a005-d4af5e2d732d: addNew group-B36D316A6573:[07380eda-3c62-4610-a005-d4af5e2d732d|10.1.0.5:15121] returns group-B36D316A6573:java.util.concurrent.CompletableFuture@201e19c8[Not completed]
2024-02-06 10:02:47,766 [07380eda-3c62-4610-a005-d4af5e2d732d-groupManagement] INFO  server.RaftServer$Division (RaftServerImpl.java:<init>(256)) - 07380eda-3c62-4610-a005-d4af5e2d732d: new RaftServerImpl for group-B36D316A6573:[07380eda-3c62-4610-a005-d4af5e2d732d|10.1.0.5:15121] with ContainerStateMachine:uninitialized
2024-02-06 10:02:47,766 [07380eda-3c62-4610-a005-d4af5e2d732d-groupManagement] INFO  server.RaftServerConfigKeys (ConfUtils.java:logGet(46)) - raft.server.rpc.timeout.min = 5s (custom)
2024-02-06 10:02:47,766 [07380eda-3c62-4610-a005-d4af5e2d732d-groupManagement] INFO  server.RaftServerConfigKeys (ConfUtils.java:logGet(46)) - raft.server.rpc.timeout.max = 5200ms (custom)
2024-02-06 10:02:47,766 [07380eda-3c62-4610-a005-d4af5e2d732d-groupManagement] INFO  server.RaftServerConfigKeys (ConfUtils.java:logGet(46)) - raft.server.rpc.sleep.time = 25ms (default)
2024-02-06 10:02:47,766 [07380eda-3c62-4610-a005-d4af5e2d732d-groupManagement] INFO  server.RaftServerConfigKeys (ConfUtils.java:logGet(46)) - raft.server.rpc.slowness.timeout = 300000ms (custom)
2024-02-06 10:02:47,766 [07380eda-3c62-4610-a005-d4af5e2d732d-groupManagement] INFO  server.RaftServerConfigKeys (ConfUtils.java:logGet(46)) - raft.server.leaderelection.leader.step-down.wait-time = 10s (default)
2024-02-06 10:02:47,767 [07380eda-3c62-4610-a005-d4af5e2d732d-groupManagement] INFO  server.RaftServerConfigKeys (ConfUtils.java:logGet(46)) - raft.server.leaderelection.member.majority-add = false (default)
2024-02-06 10:02:47,767 [07380eda-3c62-4610-a005-d4af5e2d732d-groupManagement] INFO  server.RaftServerConfigKeys (ConfUtils.java:logGet(46)) - raft.server.sleep.deviation.threshold = 300ms (default)
2024-02-06 10:02:47,767 [07380eda-3c62-4610-a005-d4af5e2d732d-groupManagement] INFO  server.RaftServer$Division (ServerState.java:<init>(113)) - 07380eda-3c62-4610-a005-d4af5e2d732d@group-B36D316A6573: ConfigurationManager, init=-1: peers:[07380eda-3c62-4610-a005-d4af5e2d732d|10.1.0.5:15121]|listeners:[], old=null, confs=<EMPTY_MAP>
2024-02-06 10:02:47,767 [07380eda-3c62-4610-a005-d4af5e2d732d-groupManagement] INFO  server.RaftServerConfigKeys (ConfUtils.java:logGet(46)) - raft.server.notification.no-leader.timeout = 300000ms (custom)
2024-02-06 10:02:47,767 [07380eda-3c62-4610-a005-d4af5e2d732d-groupManagement] INFO  server.RaftServerConfigKeys (ConfUtils.java:logGet(46)) - raft.server.read.timeout = 10s (default)
2024-02-06 10:02:47,767 [07380eda-3c62-4610-a005-d4af5e2d732d-groupManagement] INFO  server.RaftServerConfigKeys (ConfUtils.java:logGet(46)) - raft.server.retrycache.expirytime = 600000ms (custom)
2024-02-06 10:02:47,767 [07380eda-3c62-4610-a005-d4af5e2d732d-groupManagement] INFO  server.RaftServerConfigKeys (ConfUtils.java:logGet(46)) - raft.server.retrycache.statistics.expirytime = 100ms (default)
2024-02-06 10:02:47,767 [07380eda-3c62-4610-a005-d4af5e2d732d-groupManagement] INFO  server.RaftServerConfigKeys (ConfUtils.java:logGet(46)) - raft.server.read.option = DEFAULT (default)
2024-02-06 10:02:47,767 [07380eda-3c62-4610-a005-d4af5e2d732d-groupManagement] INFO  server.RaftServerConfigKeys (ConfUtils.java:logGet(46)) - raft.server.read.read-after-write-consistent.write-index-cache.expiry-time = 60s (default)
2024-02-06 10:02:47,769 [07380eda-3c62-4610-a005-d4af5e2d732d-groupManagement] INFO  server.RaftServerConfigKeys (ConfUtils.java:logGet(46)) - raft.server.rpc.request.timeout = 3000ms (default)
2024-02-06 10:02:47,769 [07380eda-3c62-4610-a005-d4af5e2d732d-groupManagement] INFO  server.RaftServerConfigKeys (ConfUtils.java:logGet(46)) - raft.server.log.appender.install.snapshot.enabled = false (custom)
2024-02-06 10:02:47,769 [07380eda-3c62-4610-a005-d4af5e2d732d-groupManagement] INFO  server.RaftServerConfigKeys (ConfUtils.java:logGet(46)) - raft.server.threadpool.server.cached = true (default)
2024-02-06 10:02:47,769 [07380eda-3c62-4610-a005-d4af5e2d732d-groupManagement] INFO  server.RaftServerConfigKeys (ConfUtils.java:logGet(46)) - raft.server.threadpool.server.size = 0 (default)
2024-02-06 10:02:47,769 [07380eda-3c62-4610-a005-d4af5e2d732d-groupManagement] INFO  server.RaftServerConfigKeys (ConfUtils.java:logGet(46)) - raft.server.threadpool.client.cached = true (default)
2024-02-06 10:02:47,769 [07380eda-3c62-4610-a005-d4af5e2d732d-groupManagement] INFO  server.RaftServerConfigKeys (ConfUtils.java:logGet(46)) - raft.server.threadpool.client.size = 0 (default)
2024-02-06 10:02:47,769 [07380eda-3c62-4610-a005-d4af5e2d732d-groupManagement] INFO  server.RaftServerConfigKeys (ConfUtils.java:logGet(46)) - raft.server.storage.free-space.min = 0MB (=0) (default)
2024-02-06 10:02:47,770 [07380eda-3c62-4610-a005-d4af5e2d732d-groupManagement] INFO  server.RaftServerConfigKeys (ConfUtils.java:logGet(46)) - raft.server.log.corruption.policy = EXCEPTION (default)
2024-02-06 10:02:47,770 [07380eda-3c62-4610-a005-d4af5e2d732d-groupManagement] INFO  server.RaftServerConfigKeys (ConfUtils.java:logGet(46)) - raft.server.storage.dir = [/home/runner/work/ozone/ozone/hadoop-ozone/integration-test/target/test-dir/MiniOzoneClusterImpl-aff9c889-8dd2-4f79-ab57-76a0adc13766/datanode-2/data/ratis] (custom)
2024-02-06 10:02:47,770 [07380eda-3c62-4610-a005-d4af5e2d732d-groupManagement] INFO  storage.RaftStorageDirectory (RaftStorageDirectoryImpl.java:analyzeStorage(138)) - The storage directory /home/runner/work/ozone/ozone/hadoop-ozone/integration-test/target/test-dir/MiniOzoneClusterImpl-aff9c889-8dd2-4f79-ab57-76a0adc13766/datanode-2/data/ratis/d07cf722-1cd8-448e-b4ff-b36d316a6573 does not exist. Creating ...
2024-02-06 10:02:47,771 [07380eda-3c62-4610-a005-d4af5e2d732d-groupManagement] INFO  storage.RaftStorageDirectory (RaftStorageDirectoryImpl.java:tryLock(228)) - Lock on /home/runner/work/ozone/ozone/hadoop-ozone/integration-test/target/test-dir/MiniOzoneClusterImpl-aff9c889-8dd2-4f79-ab57-76a0adc13766/datanode-2/data/ratis/d07cf722-1cd8-448e-b4ff-b36d316a6573/in_use.lock acquired by nodename 37157@fv-az776-296
2024-02-06 10:02:47,773 [07380eda-3c62-4610-a005-d4af5e2d732d-groupManagement] INFO  storage.RaftStorage (RaftStorageImpl.java:format(99)) - Storage directory /home/runner/work/ozone/ozone/hadoop-ozone/integration-test/target/test-dir/MiniOzoneClusterImpl-aff9c889-8dd2-4f79-ab57-76a0adc13766/datanode-2/data/ratis/d07cf722-1cd8-448e-b4ff-b36d316a6573 has been successfully formatted.
2024-02-06 10:02:47,773 [07380eda-3c62-4610-a005-d4af5e2d732d-groupManagement] WARN  util.FileUtils (LogUtils.java:supplyAndLog(63)) - Failed to Files.newInputStream /home/runner/work/ozone/ozone/hadoop-ozone/integration-test/target/test-dir/MiniOzoneClusterImpl-aff9c889-8dd2-4f79-ab57-76a0adc13766/datanode-2/data/ratis/d07cf722-1cd8-448e-b4ff-b36d316a6573/current/raft-meta.conf with options []: java.nio.file.NoSuchFileException: /home/runner/work/ozone/ozone/hadoop-ozone/integration-test/target/test-dir/MiniOzoneClusterImpl-aff9c889-8dd2-4f79-ab57-76a0adc13766/datanode-2/data/ratis/d07cf722-1cd8-448e-b4ff-b36d316a6573/current/raft-meta.conf
2024-02-06 10:02:47,773 [07380eda-3c62-4610-a005-d4af5e2d732d-groupManagement] INFO  ratis.ContainerStateMachine (ContainerStateMachine.java:loadSnapshot(287)) - group-B36D316A6573: The snapshot info is null. Setting the last applied index to:(t:0, i:~)
2024-02-06 10:02:47,773 [07380eda-3c62-4610-a005-d4af5e2d732d-groupManagement] INFO  server.RaftServerConfigKeys (ConfUtils.java:logGet(46)) - raft.server.log.use.memory = false (default)
2024-02-06 10:02:47,773 [07380eda-3c62-4610-a005-d4af5e2d732d-groupManagement] INFO  server.RaftServerConfigKeys (ConfUtils.java:logGet(46)) - raft.server.log.purge.gap = 1000000 (custom)
2024-02-06 10:02:47,773 [07380eda-3c62-4610-a005-d4af5e2d732d-groupManagement] INFO  server.RaftServerConfigKeys (ConfUtils.java:logGet(46)) - raft.server.log.appender.buffer.byte-limit = 8388608 (custom)
2024-02-06 10:02:47,773 [07380eda-3c62-4610-a005-d4af5e2d732d-groupManagement] INFO  server.RaftServerConfigKeys (ConfUtils.java:logGet(46)) - raft.server.log.statemachine.data.read.timeout = 1000ms (default)
2024-02-06 10:02:47,774 [07380eda-3c62-4610-a005-d4af5e2d732d-groupManagement] INFO  server.RaftServerConfigKeys (ConfUtils.java:logGet(46)) - raft.server.log.purge.preservation.log.num = 0 (default)
2024-02-06 10:02:47,775 [EventQueue-PipelineReportForPipelineReportHandler] INFO  pipeline.PipelineReportHandler (PipelineReportHandler.java:processPipelineReport(136)) - Opened pipeline PipelineID=d07cf722-1cd8-448e-b4ff-b36d316a6573
2024-02-06 10:02:47,775 [EventQueue-OpenPipelineForHealthyPipelineSafeModeRule] INFO  safemode.SCMSafeModeManager (HealthyPipelineSafeModeRule.java:process(140)) - SCM in safe mode. Healthy pipelines reported count is 0, required healthy pipeline reported count is 1
2024-02-06 10:02:47,775 [07380eda-3c62-4610-a005-d4af5e2d732d-groupManagement] INFO  server.RaftServerConfigKeys (ConfUtils.java:logGet(46)) - raft.server.log.segment.size.max = 67108864 (custom)
2024-02-06 10:02:47,775 [07380eda-3c62-4610-a005-d4af5e2d732d-groupManagement] INFO  server.RaftServerConfigKeys (ConfUtils.java:logGet(46)) - raft.server.log.segment.cache.num.max = 2 (custom)
2024-02-06 10:02:47,775 [07380eda-3c62-4610-a005-d4af5e2d732d-groupManagement] INFO  server.RaftServerConfigKeys (ConfUtils.java:logGet(46)) - raft.server.log.segment.cache.size.max = 200MB (=209715200) (default)
2024-02-06 10:02:47,775 [07380eda-3c62-4610-a005-d4af5e2d732d-groupManagement] INFO  server.RaftServerConfigKeys (ConfUtils.java:logGet(46)) - raft.server.log.appender.buffer.byte-limit = 8388608 (custom)
2024-02-06 10:02:47,775 [07380eda-3c62-4610-a005-d4af5e2d732d-groupManagement] INFO  util.AwaitToRun (AwaitToRun.java:start(81)) - Thread[07380eda-3c62-4610-a005-d4af5e2d732d@group-B36D316A6573-cacheEviction-AwaitToRun,5,main] started
2024-02-06 10:02:47,776 [07380eda-3c62-4610-a005-d4af5e2d732d-groupManagement] INFO  segmented.SegmentedRaftLogWorker (SegmentedRaftLogWorker.java:<init>(182)) - new 07380eda-3c62-4610-a005-d4af5e2d732d@group-B36D316A6573-SegmentedRaftLogWorker for RaftStorageImpl:Storage Directory /home/runner/work/ozone/ozone/hadoop-ozone/integration-test/target/test-dir/MiniOzoneClusterImpl-aff9c889-8dd2-4f79-ab57-76a0adc13766/datanode-2/data/ratis/d07cf722-1cd8-448e-b4ff-b36d316a6573
2024-02-06 10:02:47,776 [07380eda-3c62-4610-a005-d4af5e2d732d-groupManagement] INFO  server.RaftServerConfigKeys (ConfUtils.java:logGet(46)) - raft.server.log.queue.byte-limit = 4294967296 (custom)
2024-02-06 10:02:47,776 [07380eda-3c62-4610-a005-d4af5e2d732d-groupManagement] INFO  server.RaftServerConfigKeys (ConfUtils.java:logGet(46)) - raft.server.log.queue.element-limit = 1024 (custom)
2024-02-06 10:02:47,776 [07380eda-3c62-4610-a005-d4af5e2d732d-groupManagement] INFO  server.RaftServerConfigKeys (ConfUtils.java:logGet(46)) - raft.server.log.segment.size.max = 67108864 (custom)
2024-02-06 10:02:47,776 [07380eda-3c62-4610-a005-d4af5e2d732d-groupManagement] INFO  server.RaftServerConfigKeys (ConfUtils.java:logGet(46)) - raft.server.log.preallocated.size = 4194304 (custom)
2024-02-06 10:02:47,776 [07380eda-3c62-4610-a005-d4af5e2d732d-groupManagement] INFO  server.RaftServerConfigKeys (ConfUtils.java:logGet(46)) - raft.server.log.force.sync.num = 128 (default)
2024-02-06 10:02:47,776 [07380eda-3c62-4610-a005-d4af5e2d732d-groupManagement] INFO  server.RaftServerConfigKeys (ConfUtils.java:logGet(46)) - raft.server.log.statemachine.data.sync = true (default)
2024-02-06 10:02:47,776 [07380eda-3c62-4610-a005-d4af5e2d732d-groupManagement] INFO  server.RaftServerConfigKeys (ConfUtils.java:logGet(46)) - raft.server.log.statemachine.data.sync.timeout = 10s (default)
2024-02-06 10:02:47,776 [07380eda-3c62-4610-a005-d4af5e2d732d-groupManagement] INFO  server.RaftServerConfigKeys (ConfUtils.java:logGet(46)) - raft.server.log.statemachine.data.sync.timeout.retry = 0 (custom)
2024-02-06 10:02:47,777 [07380eda-3c62-4610-a005-d4af5e2d732d-groupManagement] INFO  server.RaftServerConfigKeys (ConfUtils.java:logGet(46)) - raft.server.log.write.buffer.size = 8388616 (custom)
2024-02-06 10:02:47,778 [07380eda-3c62-4610-a005-d4af5e2d732d-groupManagement] INFO  server.RaftServerConfigKeys (ConfUtils.java:logGet(46)) - raft.server.log.appender.buffer.byte-limit = 8388608 (custom)
2024-02-06 10:02:47,778 [07380eda-3c62-4610-a005-d4af5e2d732d-groupManagement] INFO  server.RaftServerConfigKeys (ConfUtils.java:logGet(46)) - raft.server.log.unsafe-flush.enabled = false (default)
2024-02-06 10:02:47,778 [07380eda-3c62-4610-a005-d4af5e2d732d-groupManagement] INFO  server.RaftServerConfigKeys (ConfUtils.java:logGet(46)) - raft.server.log.async-flush.enabled = false (default)
2024-02-06 10:02:47,779 [07380eda-3c62-4610-a005-d4af5e2d732d-groupManagement] INFO  server.RaftServerConfigKeys (ConfUtils.java:logGet(46)) - raft.server.log.statemachine.data.caching.enabled = true (custom)
2024-02-06 10:02:47,779 [07380eda-3c62-4610-a005-d4af5e2d732d-groupManagement] INFO  segmented.SegmentedRaftLogWorker (SegmentedRaftLogWorker.java:lambda$new$0(134)) - 07380eda-3c62-4610-a005-d4af5e2d732d@group-B36D316A6573-SegmentedRaftLogWorker: flushIndex: setUnconditionally 0 -> -1
2024-02-06 10:02:47,779 [07380eda-3c62-4610-a005-d4af5e2d732d-groupManagement] INFO  segmented.SegmentedRaftLogWorker (SegmentedRaftLogWorker.java:lambda$new$0(134)) - 07380eda-3c62-4610-a005-d4af5e2d732d@group-B36D316A6573-SegmentedRaftLogWorker: safeCacheEvictIndex: setUnconditionally 0 -> -1
2024-02-06 10:02:47,779 [07380eda-3c62-4610-a005-d4af5e2d732d-groupManagement] INFO  server.RaftServer$Division (RaftServerImpl.java:start(396)) - 07380eda-3c62-4610-a005-d4af5e2d732d@group-B36D316A6573: start as a follower, conf=-1: peers:[07380eda-3c62-4610-a005-d4af5e2d732d|10.1.0.5:15121]|listeners:[], old=null
2024-02-06 10:02:47,779 [07380eda-3c62-4610-a005-d4af5e2d732d-groupManagement] INFO  server.RaftServer$Division (RaftServerImpl.java:setRole(383)) - 07380eda-3c62-4610-a005-d4af5e2d732d@group-B36D316A6573: changes role from      null to FOLLOWER at term 0 for startAsFollower
2024-02-06 10:02:47,779 [07380eda-3c62-4610-a005-d4af5e2d732d-groupManagement] INFO  impl.RoleInfo (RoleInfo.java:updateAndGet(139)) - 07380eda-3c62-4610-a005-d4af5e2d732d: start 07380eda-3c62-4610-a005-d4af5e2d732d@group-B36D316A6573-FollowerState
2024-02-06 10:02:47,780 [07380eda-3c62-4610-a005-d4af5e2d732d-groupManagement] INFO  util.JmxRegister (JmxRegister.java:tryRegister(44)) - Successfully registered JMX Bean with object name Ratis:service=RaftServer,group=group-B36D316A6573,id=07380eda-3c62-4610-a005-d4af5e2d732d
2024-02-06 10:02:47,780 [07380eda-3c62-4610-a005-d4af5e2d732d-groupManagement] INFO  server.RaftServerConfigKeys (ConfUtils.java:logGet(46)) - raft.server.snapshot.trigger-when-stop.enabled = true (default)
2024-02-06 10:02:47,780 [07380eda-3c62-4610-a005-d4af5e2d732d-groupManagement] INFO  server.RaftServerConfigKeys (ConfUtils.java:logGet(46)) - raft.server.snapshot.auto.trigger.enabled = true (custom)
2024-02-06 10:02:47,780 [07380eda-3c62-4610-a005-d4af5e2d732d-groupManagement] INFO  server.RaftServerConfigKeys (ConfUtils.java:logGet(46)) - raft.server.snapshot.auto.trigger.threshold = 10000 (custom)
2024-02-06 10:02:47,780 [07380eda-3c62-4610-a005-d4af5e2d732d-groupManagement] INFO  server.RaftServerConfigKeys (ConfUtils.java:logGet(46)) - raft.server.snapshot.retention.file.num = 5 (custom)
2024-02-06 10:02:47,780 [07380eda-3c62-4610-a005-d4af5e2d732d-groupManagement] INFO  server.RaftServerConfigKeys (ConfUtils.java:logGet(46)) - raft.server.log.purge.upto.snapshot.index = false (default)
2024-02-06 10:02:47,781 [07380eda-3c62-4610-a005-d4af5e2d732d@group-B36D316A6573-FollowerState] INFO  server.RaftServerConfigKeys (ConfUtils.java:logFallback(53)) - raft.server.rpc.first-election.timeout.min = 5s (fallback to raft.server.rpc.timeout.min)
2024-02-06 10:02:47,781 [07380eda-3c62-4610-a005-d4af5e2d732d@group-B36D316A6573-FollowerState] INFO  server.RaftServerConfigKeys (ConfUtils.java:logFallback(53)) - raft.server.rpc.first-election.timeout.max = 5200ms (fallback to raft.server.rpc.timeout.max)
2024-02-06 10:02:47,781 [07380eda-3c62-4610-a005-d4af5e2d732d-PipelineCommandHandlerThread-0] INFO  ratis.XceiverServerRatis (XceiverServerRatis.java:addGroup(864)) - Created group PipelineID=d07cf722-1cd8-448e-b4ff-b36d316a6573
2024-02-06 10:02:47,781 [07380eda-3c62-4610-a005-d4af5e2d732d-PipelineCommandHandlerThread-0] INFO  commandhandler.CreatePipelineCommandHandler (CreatePipelineCommandHandler.java:lambda$handle$2(124)) - Created Pipeline RATIS ONE PipelineID=d07cf722-1cd8-448e-b4ff-b36d316a6573.
2024-02-06 10:02:47,875 [9b6fde4f-3239-4bc3-82bd-b2cd2f08e288-PipelineCommandHandlerThread-0] INFO  server.RaftServer (RaftServerProxy.java:addNew(100)) - 9b6fde4f-3239-4bc3-82bd-b2cd2f08e288: addNew group-C5DE4906FA3B:[9b6fde4f-3239-4bc3-82bd-b2cd2f08e288|10.1.0.5:15130] returns group-C5DE4906FA3B:java.util.concurrent.CompletableFuture@5f48a92f[Not completed]
2024-02-06 10:02:47,876 [9b6fde4f-3239-4bc3-82bd-b2cd2f08e288-groupManagement] INFO  server.RaftServer$Division (RaftServerImpl.java:<init>(256)) - 9b6fde4f-3239-4bc3-82bd-b2cd2f08e288: new RaftServerImpl for group-C5DE4906FA3B:[9b6fde4f-3239-4bc3-82bd-b2cd2f08e288|10.1.0.5:15130] with ContainerStateMachine:uninitialized
2024-02-06 10:02:47,876 [9b6fde4f-3239-4bc3-82bd-b2cd2f08e288-groupManagement] INFO  server.RaftServerConfigKeys (ConfUtils.java:logGet(46)) - raft.server.rpc.timeout.min = 5s (custom)
2024-02-06 10:02:47,905 [9b6fde4f-3239-4bc3-82bd-b2cd2f08e288-groupManagement] INFO  server.RaftServerConfigKeys (ConfUtils.java:logGet(46)) - raft.server.rpc.timeout.max = 5200ms (custom)
2024-02-06 10:02:47,906 [9b6fde4f-3239-4bc3-82bd-b2cd2f08e288-groupManagement] INFO  server.RaftServerConfigKeys (ConfUtils.java:logGet(46)) - raft.server.rpc.sleep.time = 25ms (default)
2024-02-06 10:02:47,906 [9b6fde4f-3239-4bc3-82bd-b2cd2f08e288-groupManagement] INFO  server.RaftServerConfigKeys (ConfUtils.java:logGet(46)) - raft.server.rpc.slowness.timeout = 300000ms (custom)
2024-02-06 10:02:47,906 [9b6fde4f-3239-4bc3-82bd-b2cd2f08e288-groupManagement] INFO  server.RaftServerConfigKeys (ConfUtils.java:logGet(46)) - raft.server.leaderelection.leader.step-down.wait-time = 10s (default)
2024-02-06 10:02:47,906 [9b6fde4f-3239-4bc3-82bd-b2cd2f08e288-groupManagement] INFO  server.RaftServerConfigKeys (ConfUtils.java:logGet(46)) - raft.server.leaderelection.member.majority-add = false (default)
2024-02-06 10:02:47,906 [9b6fde4f-3239-4bc3-82bd-b2cd2f08e288-groupManagement] INFO  server.RaftServerConfigKeys (ConfUtils.java:logGet(46)) - raft.server.sleep.deviation.threshold = 300ms (default)
2024-02-06 10:02:47,906 [9b6fde4f-3239-4bc3-82bd-b2cd2f08e288-groupManagement] INFO  server.RaftServer$Division (ServerState.java:<init>(113)) - 9b6fde4f-3239-4bc3-82bd-b2cd2f08e288@group-C5DE4906FA3B: ConfigurationManager, init=-1: peers:[9b6fde4f-3239-4bc3-82bd-b2cd2f08e288|10.1.0.5:15130]|listeners:[], old=null, confs=<EMPTY_MAP>
2024-02-06 10:02:47,906 [9b6fde4f-3239-4bc3-82bd-b2cd2f08e288-groupManagement] INFO  server.RaftServerConfigKeys (ConfUtils.java:logGet(46)) - raft.server.notification.no-leader.timeout = 300000ms (custom)
2024-02-06 10:02:47,906 [9b6fde4f-3239-4bc3-82bd-b2cd2f08e288-groupManagement] INFO  server.RaftServerConfigKeys (ConfUtils.java:logGet(46)) - raft.server.read.timeout = 10s (default)
2024-02-06 10:02:47,906 [9b6fde4f-3239-4bc3-82bd-b2cd2f08e288-groupManagement] INFO  server.RaftServerConfigKeys (ConfUtils.java:logGet(46)) - raft.server.retrycache.expirytime = 600000ms (custom)
2024-02-06 10:02:47,906 [9b6fde4f-3239-4bc3-82bd-b2cd2f08e288-groupManagement] INFO  server.RaftServerConfigKeys (ConfUtils.java:logGet(46)) - raft.server.retrycache.statistics.expirytime = 100ms (default)
2024-02-06 10:02:47,906 [9b6fde4f-3239-4bc3-82bd-b2cd2f08e288-groupManagement] INFO  server.RaftServerConfigKeys (ConfUtils.java:logGet(46)) - raft.server.read.option = DEFAULT (default)
2024-02-06 10:02:47,906 [9b6fde4f-3239-4bc3-82bd-b2cd2f08e288-groupManagement] INFO  server.RaftServerConfigKeys (ConfUtils.java:logGet(46)) - raft.server.read.read-after-write-consistent.write-index-cache.expiry-time = 60s (default)
2024-02-06 10:02:47,909 [9b6fde4f-3239-4bc3-82bd-b2cd2f08e288-groupManagement] INFO  server.RaftServerConfigKeys (ConfUtils.java:logGet(46)) - raft.server.rpc.request.timeout = 3000ms (default)
2024-02-06 10:02:47,909 [9b6fde4f-3239-4bc3-82bd-b2cd2f08e288-groupManagement] INFO  server.RaftServerConfigKeys (ConfUtils.java:logGet(46)) - raft.server.log.appender.install.snapshot.enabled = false (custom)
2024-02-06 10:02:47,910 [9b6fde4f-3239-4bc3-82bd-b2cd2f08e288-groupManagement] INFO  server.RaftServerConfigKeys (ConfUtils.java:logGet(46)) - raft.server.threadpool.server.cached = true (default)
2024-02-06 10:02:47,910 [9b6fde4f-3239-4bc3-82bd-b2cd2f08e288-groupManagement] INFO  server.RaftServerConfigKeys (ConfUtils.java:logGet(46)) - raft.server.threadpool.server.size = 0 (default)
2024-02-06 10:02:47,910 [9b6fde4f-3239-4bc3-82bd-b2cd2f08e288-groupManagement] INFO  server.RaftServerConfigKeys (ConfUtils.java:logGet(46)) - raft.server.threadpool.client.cached = true (default)
2024-02-06 10:02:47,910 [9b6fde4f-3239-4bc3-82bd-b2cd2f08e288-groupManagement] INFO  server.RaftServerConfigKeys (ConfUtils.java:logGet(46)) - raft.server.threadpool.client.size = 0 (default)
2024-02-06 10:02:47,910 [9b6fde4f-3239-4bc3-82bd-b2cd2f08e288-groupManagement] INFO  server.RaftServerConfigKeys (ConfUtils.java:logGet(46)) - raft.server.storage.free-space.min = 0MB (=0) (default)
2024-02-06 10:02:47,915 [9b6fde4f-3239-4bc3-82bd-b2cd2f08e288-groupManagement] INFO  server.RaftServerConfigKeys (ConfUtils.java:logGet(46)) - raft.server.log.corruption.policy = EXCEPTION (default)
2024-02-06 10:02:47,915 [9b6fde4f-3239-4bc3-82bd-b2cd2f08e288-groupManagement] INFO  server.RaftServerConfigKeys (ConfUtils.java:logGet(46)) - raft.server.storage.dir = [/home/runner/work/ozone/ozone/hadoop-ozone/integration-test/target/test-dir/MiniOzoneClusterImpl-aff9c889-8dd2-4f79-ab57-76a0adc13766/datanode-3/data/ratis] (custom)
2024-02-06 10:02:47,915 [9b6fde4f-3239-4bc3-82bd-b2cd2f08e288-groupManagement] INFO  storage.RaftStorageDirectory (RaftStorageDirectoryImpl.java:analyzeStorage(138)) - The storage directory /home/runner/work/ozone/ozone/hadoop-ozone/integration-test/target/test-dir/MiniOzoneClusterImpl-aff9c889-8dd2-4f79-ab57-76a0adc13766/datanode-3/data/ratis/6ca7dc08-a56d-4cf3-9800-c5de4906fa3b does not exist. Creating ...
2024-02-06 10:02:47,919 [9b6fde4f-3239-4bc3-82bd-b2cd2f08e288-groupManagement] INFO  storage.RaftStorageDirectory (RaftStorageDirectoryImpl.java:tryLock(228)) - Lock on /home/runner/work/ozone/ozone/hadoop-ozone/integration-test/target/test-dir/MiniOzoneClusterImpl-aff9c889-8dd2-4f79-ab57-76a0adc13766/datanode-3/data/ratis/6ca7dc08-a56d-4cf3-9800-c5de4906fa3b/in_use.lock acquired by nodename 37157@fv-az776-296
2024-02-06 10:02:47,931 [9b6fde4f-3239-4bc3-82bd-b2cd2f08e288-groupManagement] INFO  storage.RaftStorage (RaftStorageImpl.java:format(99)) - Storage directory /home/runner/work/ozone/ozone/hadoop-ozone/integration-test/target/test-dir/MiniOzoneClusterImpl-aff9c889-8dd2-4f79-ab57-76a0adc13766/datanode-3/data/ratis/6ca7dc08-a56d-4cf3-9800-c5de4906fa3b has been successfully formatted.
2024-02-06 10:02:47,931 [9b6fde4f-3239-4bc3-82bd-b2cd2f08e288-groupManagement] WARN  util.FileUtils (LogUtils.java:supplyAndLog(63)) - Failed to Files.newInputStream /home/runner/work/ozone/ozone/hadoop-ozone/integration-test/target/test-dir/MiniOzoneClusterImpl-aff9c889-8dd2-4f79-ab57-76a0adc13766/datanode-3/data/ratis/6ca7dc08-a56d-4cf3-9800-c5de4906fa3b/current/raft-meta.conf with options []: java.nio.file.NoSuchFileException: /home/runner/work/ozone/ozone/hadoop-ozone/integration-test/target/test-dir/MiniOzoneClusterImpl-aff9c889-8dd2-4f79-ab57-76a0adc13766/datanode-3/data/ratis/6ca7dc08-a56d-4cf3-9800-c5de4906fa3b/current/raft-meta.conf
2024-02-06 10:02:47,933 [9b6fde4f-3239-4bc3-82bd-b2cd2f08e288-groupManagement] INFO  ratis.ContainerStateMachine (ContainerStateMachine.java:loadSnapshot(287)) - group-C5DE4906FA3B: The snapshot info is null. Setting the last applied index to:(t:0, i:~)
2024-02-06 10:02:47,933 [9b6fde4f-3239-4bc3-82bd-b2cd2f08e288-groupManagement] INFO  server.RaftServerConfigKeys (ConfUtils.java:logGet(46)) - raft.server.log.use.memory = false (default)
2024-02-06 10:02:47,933 [9b6fde4f-3239-4bc3-82bd-b2cd2f08e288-groupManagement] INFO  server.RaftServerConfigKeys (ConfUtils.java:logGet(46)) - raft.server.log.purge.gap = 1000000 (custom)
2024-02-06 10:02:47,933 [9b6fde4f-3239-4bc3-82bd-b2cd2f08e288-groupManagement] INFO  server.RaftServerConfigKeys (ConfUtils.java:logGet(46)) - raft.server.log.appender.buffer.byte-limit = 8388608 (custom)
2024-02-06 10:02:47,933 [9b6fde4f-3239-4bc3-82bd-b2cd2f08e288-groupManagement] INFO  server.RaftServerConfigKeys (ConfUtils.java:logGet(46)) - raft.server.log.statemachine.data.read.timeout = 1000ms (default)
2024-02-06 10:02:47,933 [9b6fde4f-3239-4bc3-82bd-b2cd2f08e288-groupManagement] INFO  server.RaftServerConfigKeys (ConfUtils.java:logGet(46)) - raft.server.log.purge.preservation.log.num = 0 (default)
2024-02-06 10:02:47,934 [9b6fde4f-3239-4bc3-82bd-b2cd2f08e288-groupManagement] INFO  server.RaftServerConfigKeys (ConfUtils.java:logGet(46)) - raft.server.log.segment.size.max = 67108864 (custom)
2024-02-06 10:02:47,935 [9b6fde4f-3239-4bc3-82bd-b2cd2f08e288-groupManagement] INFO  server.RaftServerConfigKeys (ConfUtils.java:logGet(46)) - raft.server.log.segment.cache.num.max = 2 (custom)
2024-02-06 10:02:47,935 [9b6fde4f-3239-4bc3-82bd-b2cd2f08e288-groupManagement] INFO  server.RaftServerConfigKeys (ConfUtils.java:logGet(46)) - raft.server.log.segment.cache.size.max = 200MB (=209715200) (default)
2024-02-06 10:02:47,935 [EventQueue-PipelineReportForPipelineReportHandler] INFO  pipeline.PipelineReportHandler (PipelineReportHandler.java:processPipelineReport(136)) - Opened pipeline PipelineID=6ca7dc08-a56d-4cf3-9800-c5de4906fa3b
2024-02-06 10:02:47,935 [9b6fde4f-3239-4bc3-82bd-b2cd2f08e288-groupManagement] INFO  server.RaftServerConfigKeys (ConfUtils.java:logGet(46)) - raft.server.log.appender.buffer.byte-limit = 8388608 (custom)
2024-02-06 10:02:47,935 [EventQueue-OpenPipelineForHealthyPipelineSafeModeRule] INFO  safemode.SCMSafeModeManager (HealthyPipelineSafeModeRule.java:process(140)) - SCM in safe mode. Healthy pipelines reported count is 0, required healthy pipeline reported count is 1
2024-02-06 10:02:47,935 [9b6fde4f-3239-4bc3-82bd-b2cd2f08e288-groupManagement] INFO  util.AwaitToRun (AwaitToRun.java:start(81)) - Thread[9b6fde4f-3239-4bc3-82bd-b2cd2f08e288@group-C5DE4906FA3B-cacheEviction-AwaitToRun,5,main] started
2024-02-06 10:02:47,935 [9b6fde4f-3239-4bc3-82bd-b2cd2f08e288-groupManagement] INFO  segmented.SegmentedRaftLogWorker (SegmentedRaftLogWorker.java:<init>(182)) - new 9b6fde4f-3239-4bc3-82bd-b2cd2f08e288@group-C5DE4906FA3B-SegmentedRaftLogWorker for RaftStorageImpl:Storage Directory /home/runner/work/ozone/ozone/hadoop-ozone/integration-test/target/test-dir/MiniOzoneClusterImpl-aff9c889-8dd2-4f79-ab57-76a0adc13766/datanode-3/data/ratis/6ca7dc08-a56d-4cf3-9800-c5de4906fa3b
2024-02-06 10:02:47,935 [9b6fde4f-3239-4bc3-82bd-b2cd2f08e288-groupManagement] INFO  server.RaftServerConfigKeys (ConfUtils.java:logGet(46)) - raft.server.log.queue.byte-limit = 4294967296 (custom)
2024-02-06 10:02:47,935 [9b6fde4f-3239-4bc3-82bd-b2cd2f08e288-groupManagement] INFO  server.RaftServerConfigKeys (ConfUtils.java:logGet(46)) - raft.server.log.queue.element-limit = 1024 (custom)
2024-02-06 10:02:47,936 [9b6fde4f-3239-4bc3-82bd-b2cd2f08e288-groupManagement] INFO  server.RaftServerConfigKeys (ConfUtils.java:logGet(46)) - raft.server.log.segment.size.max = 67108864 (custom)
2024-02-06 10:02:47,936 [9b6fde4f-3239-4bc3-82bd-b2cd2f08e288-groupManagement] INFO  server.RaftServerConfigKeys (ConfUtils.java:logGet(46)) - raft.server.log.preallocated.size = 4194304 (custom)
2024-02-06 10:02:47,936 [9b6fde4f-3239-4bc3-82bd-b2cd2f08e288-groupManagement] INFO  server.RaftServerConfigKeys (ConfUtils.java:logGet(46)) - raft.server.log.force.sync.num = 128 (default)
2024-02-06 10:02:47,936 [9b6fde4f-3239-4bc3-82bd-b2cd2f08e288-groupManagement] INFO  server.RaftServerConfigKeys (ConfUtils.java:logGet(46)) - raft.server.log.statemachine.data.sync = true (default)
2024-02-06 10:02:47,936 [9b6fde4f-3239-4bc3-82bd-b2cd2f08e288-groupManagement] INFO  server.RaftServerConfigKeys (ConfUtils.java:logGet(46)) - raft.server.log.statemachine.data.sync.timeout = 10s (default)
2024-02-06 10:02:47,936 [9b6fde4f-3239-4bc3-82bd-b2cd2f08e288-groupManagement] INFO  server.RaftServerConfigKeys (ConfUtils.java:logGet(46)) - raft.server.log.statemachine.data.sync.timeout.retry = 0 (custom)
2024-02-06 10:02:47,936 [9b6fde4f-3239-4bc3-82bd-b2cd2f08e288-groupManagement] INFO  server.RaftServerConfigKeys (ConfUtils.java:logGet(46)) - raft.server.log.write.buffer.size = 8388616 (custom)
2024-02-06 10:02:47,938 [9b6fde4f-3239-4bc3-82bd-b2cd2f08e288-groupManagement] INFO  server.RaftServerConfigKeys (ConfUtils.java:logGet(46)) - raft.server.log.appender.buffer.byte-limit = 8388608 (custom)
2024-02-06 10:02:47,938 [9b6fde4f-3239-4bc3-82bd-b2cd2f08e288-groupManagement] INFO  server.RaftServerConfigKeys (ConfUtils.java:logGet(46)) - raft.server.log.unsafe-flush.enabled = false (default)
2024-02-06 10:02:47,938 [9b6fde4f-3239-4bc3-82bd-b2cd2f08e288-groupManagement] INFO  server.RaftServerConfigKeys (ConfUtils.java:logGet(46)) - raft.server.log.async-flush.enabled = false (default)
2024-02-06 10:02:47,938 [9b6fde4f-3239-4bc3-82bd-b2cd2f08e288-groupManagement] INFO  server.RaftServerConfigKeys (ConfUtils.java:logGet(46)) - raft.server.log.statemachine.data.caching.enabled = true (custom)
2024-02-06 10:02:47,938 [9b6fde4f-3239-4bc3-82bd-b2cd2f08e288-groupManagement] INFO  segmented.SegmentedRaftLogWorker (SegmentedRaftLogWorker.java:lambda$new$0(134)) - 9b6fde4f-3239-4bc3-82bd-b2cd2f08e288@group-C5DE4906FA3B-SegmentedRaftLogWorker: flushIndex: setUnconditionally 0 -> -1
2024-02-06 10:02:47,938 [9b6fde4f-3239-4bc3-82bd-b2cd2f08e288-groupManagement] INFO  segmented.SegmentedRaftLogWorker (SegmentedRaftLogWorker.java:lambda$new$0(134)) - 9b6fde4f-3239-4bc3-82bd-b2cd2f08e288@group-C5DE4906FA3B-SegmentedRaftLogWorker: safeCacheEvictIndex: setUnconditionally 0 -> -1
2024-02-06 10:02:47,938 [9b6fde4f-3239-4bc3-82bd-b2cd2f08e288-groupManagement] INFO  server.RaftServer$Division (RaftServerImpl.java:start(396)) - 9b6fde4f-3239-4bc3-82bd-b2cd2f08e288@group-C5DE4906FA3B: start as a follower, conf=-1: peers:[9b6fde4f-3239-4bc3-82bd-b2cd2f08e288|10.1.0.5:15130]|listeners:[], old=null
2024-02-06 10:02:47,938 [9b6fde4f-3239-4bc3-82bd-b2cd2f08e288-groupManagement] INFO  server.RaftServer$Division (RaftServerImpl.java:setRole(383)) - 9b6fde4f-3239-4bc3-82bd-b2cd2f08e288@group-C5DE4906FA3B: changes role from      null to FOLLOWER at term 0 for startAsFollower
2024-02-06 10:02:47,938 [9b6fde4f-3239-4bc3-82bd-b2cd2f08e288-groupManagement] INFO  impl.RoleInfo (RoleInfo.java:updateAndGet(139)) - 9b6fde4f-3239-4bc3-82bd-b2cd2f08e288: start 9b6fde4f-3239-4bc3-82bd-b2cd2f08e288@group-C5DE4906FA3B-FollowerState
2024-02-06 10:02:47,939 [9b6fde4f-3239-4bc3-82bd-b2cd2f08e288@group-C5DE4906FA3B-FollowerState] INFO  server.RaftServerConfigKeys (ConfUtils.java:logFallback(53)) - raft.server.rpc.first-election.timeout.min = 5s (fallback to raft.server.rpc.timeout.min)
2024-02-06 10:02:47,939 [9b6fde4f-3239-4bc3-82bd-b2cd2f08e288@group-C5DE4906FA3B-FollowerState] INFO  server.RaftServerConfigKeys (ConfUtils.java:logFallback(53)) - raft.server.rpc.first-election.timeout.max = 5200ms (fallback to raft.server.rpc.timeout.max)
2024-02-06 10:02:47,939 [9b6fde4f-3239-4bc3-82bd-b2cd2f08e288-groupManagement] INFO  util.JmxRegister (JmxRegister.java:tryRegister(44)) - Successfully registered JMX Bean with object name Ratis:service=RaftServer,group=group-C5DE4906FA3B,id=9b6fde4f-3239-4bc3-82bd-b2cd2f08e288
2024-02-06 10:02:47,939 [9b6fde4f-3239-4bc3-82bd-b2cd2f08e288-groupManagement] INFO  server.RaftServerConfigKeys (ConfUtils.java:logGet(46)) - raft.server.snapshot.trigger-when-stop.enabled = true (default)
2024-02-06 10:02:47,939 [9b6fde4f-3239-4bc3-82bd-b2cd2f08e288-groupManagement] INFO  server.RaftServerConfigKeys (ConfUtils.java:logGet(46)) - raft.server.snapshot.auto.trigger.enabled = true (custom)
2024-02-06 10:02:47,939 [9b6fde4f-3239-4bc3-82bd-b2cd2f08e288-groupManagement] INFO  server.RaftServerConfigKeys (ConfUtils.java:logGet(46)) - raft.server.snapshot.auto.trigger.threshold = 10000 (custom)
2024-02-06 10:02:47,939 [9b6fde4f-3239-4bc3-82bd-b2cd2f08e288-groupManagement] INFO  server.RaftServerConfigKeys (ConfUtils.java:logGet(46)) - raft.server.snapshot.retention.file.num = 5 (custom)
2024-02-06 10:02:47,939 [9b6fde4f-3239-4bc3-82bd-b2cd2f08e288-groupManagement] INFO  server.RaftServerConfigKeys (ConfUtils.java:logGet(46)) - raft.server.log.purge.upto.snapshot.index = false (default)
2024-02-06 10:02:47,940 [9b6fde4f-3239-4bc3-82bd-b2cd2f08e288-PipelineCommandHandlerThread-0] INFO  ratis.XceiverServerRatis (XceiverServerRatis.java:addGroup(864)) - Created group PipelineID=6ca7dc08-a56d-4cf3-9800-c5de4906fa3b
2024-02-06 10:02:47,940 [9b6fde4f-3239-4bc3-82bd-b2cd2f08e288-PipelineCommandHandlerThread-0] INFO  commandhandler.CreatePipelineCommandHandler (CreatePipelineCommandHandler.java:lambda$handle$2(124)) - Created Pipeline RATIS ONE PipelineID=6ca7dc08-a56d-4cf3-9800-c5de4906fa3b.
2024-02-06 10:02:47,940 [9b6fde4f-3239-4bc3-82bd-b2cd2f08e288-PipelineCommandHandlerThread-0] INFO  server.RaftServer (RaftServerProxy.java:addNew(100)) - 9b6fde4f-3239-4bc3-82bd-b2cd2f08e288: addNew group-3D52B063064B:[4a798287-2ddb-4f45-a758-72f424bfa3c7|10.1.0.5:15148, fc33255d-a8b6-4933-b6d6-be3a7bd24e4a|10.1.0.5:15139, 9b6fde4f-3239-4bc3-82bd-b2cd2f08e288|10.1.0.5:15130] returns group-3D52B063064B:java.util.concurrent.CompletableFuture@5b77261e[Not completed]
2024-02-06 10:02:47,941 [9b6fde4f-3239-4bc3-82bd-b2cd2f08e288-groupManagement] INFO  server.RaftServer$Division (RaftServerImpl.java:<init>(256)) - 9b6fde4f-3239-4bc3-82bd-b2cd2f08e288: new RaftServerImpl for group-3D52B063064B:[4a798287-2ddb-4f45-a758-72f424bfa3c7|10.1.0.5:15148, fc33255d-a8b6-4933-b6d6-be3a7bd24e4a|10.1.0.5:15139, 9b6fde4f-3239-4bc3-82bd-b2cd2f08e288|10.1.0.5:15130] with ContainerStateMachine:uninitialized
2024-02-06 10:02:47,941 [9b6fde4f-3239-4bc3-82bd-b2cd2f08e288-groupManagement] INFO  server.RaftServerConfigKeys (ConfUtils.java:logGet(46)) - raft.server.rpc.timeout.min = 5s (custom)
2024-02-06 10:02:47,942 [9b6fde4f-3239-4bc3-82bd-b2cd2f08e288-groupManagement] INFO  server.RaftServerConfigKeys (ConfUtils.java:logGet(46)) - raft.server.rpc.timeout.max = 5200ms (custom)
2024-02-06 10:02:47,942 [9b6fde4f-3239-4bc3-82bd-b2cd2f08e288-groupManagement] INFO  server.RaftServerConfigKeys (ConfUtils.java:logGet(46)) - raft.server.rpc.sleep.time = 25ms (default)
2024-02-06 10:02:47,942 [9b6fde4f-3239-4bc3-82bd-b2cd2f08e288-groupManagement] INFO  server.RaftServerConfigKeys (ConfUtils.java:logGet(46)) - raft.server.rpc.slowness.timeout = 300000ms (custom)
2024-02-06 10:02:47,942 [9b6fde4f-3239-4bc3-82bd-b2cd2f08e288-groupManagement] INFO  server.RaftServerConfigKeys (ConfUtils.java:logGet(46)) - raft.server.leaderelection.leader.step-down.wait-time = 10s (default)
2024-02-06 10:02:47,942 [9b6fde4f-3239-4bc3-82bd-b2cd2f08e288-groupManagement] INFO  server.RaftServerConfigKeys (ConfUtils.java:logGet(46)) - raft.server.leaderelection.member.majority-add = false (default)
2024-02-06 10:02:47,942 [9b6fde4f-3239-4bc3-82bd-b2cd2f08e288-groupManagement] INFO  server.RaftServerConfigKeys (ConfUtils.java:logGet(46)) - raft.server.sleep.deviation.threshold = 300ms (default)
2024-02-06 10:02:47,942 [9b6fde4f-3239-4bc3-82bd-b2cd2f08e288-groupManagement] INFO  server.RaftServer$Division (ServerState.java:<init>(113)) - 9b6fde4f-3239-4bc3-82bd-b2cd2f08e288@group-3D52B063064B: ConfigurationManager, init=-1: peers:[4a798287-2ddb-4f45-a758-72f424bfa3c7|10.1.0.5:15148, fc33255d-a8b6-4933-b6d6-be3a7bd24e4a|10.1.0.5:15139, 9b6fde4f-3239-4bc3-82bd-b2cd2f08e288|10.1.0.5:15130]|listeners:[], old=null, confs=<EMPTY_MAP>
2024-02-06 10:02:47,942 [9b6fde4f-3239-4bc3-82bd-b2cd2f08e288-groupManagement] INFO  server.RaftServerConfigKeys (ConfUtils.java:logGet(46)) - raft.server.notification.no-leader.timeout = 300000ms (custom)
2024-02-06 10:02:47,942 [9b6fde4f-3239-4bc3-82bd-b2cd2f08e288-groupManagement] INFO  server.RaftServerConfigKeys (ConfUtils.java:logGet(46)) - raft.server.read.timeout = 10s (default)
2024-02-06 10:02:47,942 [9b6fde4f-3239-4bc3-82bd-b2cd2f08e288-groupManagement] INFO  server.RaftServerConfigKeys (ConfUtils.java:logGet(46)) - raft.server.retrycache.expirytime = 600000ms (custom)
2024-02-06 10:02:47,942 [9b6fde4f-3239-4bc3-82bd-b2cd2f08e288-groupManagement] INFO  server.RaftServerConfigKeys (ConfUtils.java:logGet(46)) - raft.server.retrycache.statistics.expirytime = 100ms (default)
2024-02-06 10:02:47,942 [9b6fde4f-3239-4bc3-82bd-b2cd2f08e288-groupManagement] INFO  server.RaftServerConfigKeys (ConfUtils.java:logGet(46)) - raft.server.read.option = DEFAULT (default)
2024-02-06 10:02:47,942 [9b6fde4f-3239-4bc3-82bd-b2cd2f08e288-groupManagement] INFO  server.RaftServerConfigKeys (ConfUtils.java:logGet(46)) - raft.server.read.read-after-write-consistent.write-index-cache.expiry-time = 60s (default)
2024-02-06 10:02:47,944 [9b6fde4f-3239-4bc3-82bd-b2cd2f08e288-groupManagement] INFO  server.RaftServerConfigKeys (ConfUtils.java:logGet(46)) - raft.server.rpc.request.timeout = 3000ms (default)
2024-02-06 10:02:47,944 [9b6fde4f-3239-4bc3-82bd-b2cd2f08e288-groupManagement] INFO  server.RaftServerConfigKeys (ConfUtils.java:logGet(46)) - raft.server.log.appender.install.snapshot.enabled = false (custom)
2024-02-06 10:02:47,944 [9b6fde4f-3239-4bc3-82bd-b2cd2f08e288-groupManagement] INFO  server.RaftServerConfigKeys (ConfUtils.java:logGet(46)) - raft.server.threadpool.server.cached = true (default)
2024-02-06 10:02:47,944 [9b6fde4f-3239-4bc3-82bd-b2cd2f08e288-groupManagement] INFO  server.RaftServerConfigKeys (ConfUtils.java:logGet(46)) - raft.server.threadpool.server.size = 0 (default)
2024-02-06 10:02:47,944 [9b6fde4f-3239-4bc3-82bd-b2cd2f08e288-groupManagement] INFO  server.RaftServerConfigKeys (ConfUtils.java:logGet(46)) - raft.server.threadpool.client.cached = true (default)
2024-02-06 10:02:47,944 [9b6fde4f-3239-4bc3-82bd-b2cd2f08e288-groupManagement] INFO  server.RaftServerConfigKeys (ConfUtils.java:logGet(46)) - raft.server.threadpool.client.size = 0 (default)
2024-02-06 10:02:47,944 [9b6fde4f-3239-4bc3-82bd-b2cd2f08e288-groupManagement] INFO  server.RaftServerConfigKeys (ConfUtils.java:logGet(46)) - raft.server.storage.free-space.min = 0MB (=0) (default)
2024-02-06 10:02:47,944 [9b6fde4f-3239-4bc3-82bd-b2cd2f08e288-groupManagement] INFO  server.RaftServerConfigKeys (ConfUtils.java:logGet(46)) - raft.server.log.corruption.policy = EXCEPTION (default)
2024-02-06 10:02:47,944 [9b6fde4f-3239-4bc3-82bd-b2cd2f08e288-groupManagement] INFO  server.RaftServerConfigKeys (ConfUtils.java:logGet(46)) - raft.server.storage.dir = [/home/runner/work/ozone/ozone/hadoop-ozone/integration-test/target/test-dir/MiniOzoneClusterImpl-aff9c889-8dd2-4f79-ab57-76a0adc13766/datanode-3/data/ratis] (custom)
2024-02-06 10:02:47,944 [9b6fde4f-3239-4bc3-82bd-b2cd2f08e288-groupManagement] INFO  storage.RaftStorageDirectory (RaftStorageDirectoryImpl.java:analyzeStorage(138)) - The storage directory /home/runner/work/ozone/ozone/hadoop-ozone/integration-test/target/test-dir/MiniOzoneClusterImpl-aff9c889-8dd2-4f79-ab57-76a0adc13766/datanode-3/data/ratis/583e54d3-5a1a-4106-93b5-3d52b063064b does not exist. Creating ...
2024-02-06 10:02:47,946 [9b6fde4f-3239-4bc3-82bd-b2cd2f08e288-groupManagement] INFO  storage.RaftStorageDirectory (RaftStorageDirectoryImpl.java:tryLock(228)) - Lock on /home/runner/work/ozone/ozone/hadoop-ozone/integration-test/target/test-dir/MiniOzoneClusterImpl-aff9c889-8dd2-4f79-ab57-76a0adc13766/datanode-3/data/ratis/583e54d3-5a1a-4106-93b5-3d52b063064b/in_use.lock acquired by nodename 37157@fv-az776-296
2024-02-06 10:02:47,948 [9b6fde4f-3239-4bc3-82bd-b2cd2f08e288-groupManagement] INFO  storage.RaftStorage (RaftStorageImpl.java:format(99)) - Storage directory /home/runner/work/ozone/ozone/hadoop-ozone/integration-test/target/test-dir/MiniOzoneClusterImpl-aff9c889-8dd2-4f79-ab57-76a0adc13766/datanode-3/data/ratis/583e54d3-5a1a-4106-93b5-3d52b063064b has been successfully formatted.
2024-02-06 10:02:47,948 [9b6fde4f-3239-4bc3-82bd-b2cd2f08e288-groupManagement] WARN  util.FileUtils (LogUtils.java:supplyAndLog(63)) - Failed to Files.newInputStream /home/runner/work/ozone/ozone/hadoop-ozone/integration-test/target/test-dir/MiniOzoneClusterImpl-aff9c889-8dd2-4f79-ab57-76a0adc13766/datanode-3/data/ratis/583e54d3-5a1a-4106-93b5-3d52b063064b/current/raft-meta.conf with options []: java.nio.file.NoSuchFileException: /home/runner/work/ozone/ozone/hadoop-ozone/integration-test/target/test-dir/MiniOzoneClusterImpl-aff9c889-8dd2-4f79-ab57-76a0adc13766/datanode-3/data/ratis/583e54d3-5a1a-4106-93b5-3d52b063064b/current/raft-meta.conf
2024-02-06 10:02:47,949 [9b6fde4f-3239-4bc3-82bd-b2cd2f08e288-groupManagement] INFO  ratis.ContainerStateMachine (ContainerStateMachine.java:loadSnapshot(287)) - group-3D52B063064B: The snapshot info is null. Setting the last applied index to:(t:0, i:~)
2024-02-06 10:02:47,949 [9b6fde4f-3239-4bc3-82bd-b2cd2f08e288-groupManagement] INFO  server.RaftServerConfigKeys (ConfUtils.java:logGet(46)) - raft.server.log.use.memory = false (default)
2024-02-06 10:02:47,949 [9b6fde4f-3239-4bc3-82bd-b2cd2f08e288-groupManagement] INFO  server.RaftServerConfigKeys (ConfUtils.java:logGet(46)) - raft.server.log.purge.gap = 1000000 (custom)
2024-02-06 10:02:47,949 [9b6fde4f-3239-4bc3-82bd-b2cd2f08e288-groupManagement] INFO  server.RaftServerConfigKeys (ConfUtils.java:logGet(46)) - raft.server.log.appender.buffer.byte-limit = 8388608 (custom)
2024-02-06 10:02:47,949 [9b6fde4f-3239-4bc3-82bd-b2cd2f08e288-groupManagement] INFO  server.RaftServerConfigKeys (ConfUtils.java:logGet(46)) - raft.server.log.statemachine.data.read.timeout = 1000ms (default)
2024-02-06 10:02:47,949 [EventQueue-OpenPipelineForHealthyPipelineSafeModeRule] INFO  safemode.SCMSafeModeManager (HealthyPipelineSafeModeRule.java:process(140)) - SCM in safe mode. Healthy pipelines reported count is 0, required healthy pipeline reported count is 1
2024-02-06 10:02:47,949 [9b6fde4f-3239-4bc3-82bd-b2cd2f08e288-groupManagement] INFO  server.RaftServerConfigKeys (ConfUtils.java:logGet(46)) - raft.server.log.purge.preservation.log.num = 0 (default)
2024-02-06 10:02:47,951 [9b6fde4f-3239-4bc3-82bd-b2cd2f08e288-groupManagement] INFO  server.RaftServerConfigKeys (ConfUtils.java:logGet(46)) - raft.server.log.segment.size.max = 67108864 (custom)
2024-02-06 10:02:47,951 [9b6fde4f-3239-4bc3-82bd-b2cd2f08e288-groupManagement] INFO  server.RaftServerConfigKeys (ConfUtils.java:logGet(46)) - raft.server.log.segment.cache.num.max = 2 (custom)
2024-02-06 10:02:47,951 [9b6fde4f-3239-4bc3-82bd-b2cd2f08e288-groupManagement] INFO  server.RaftServerConfigKeys (ConfUtils.java:logGet(46)) - raft.server.log.segment.cache.size.max = 200MB (=209715200) (default)
2024-02-06 10:02:47,951 [9b6fde4f-3239-4bc3-82bd-b2cd2f08e288-groupManagement] INFO  server.RaftServerConfigKeys (ConfUtils.java:logGet(46)) - raft.server.log.appender.buffer.byte-limit = 8388608 (custom)
2024-02-06 10:02:47,951 [9b6fde4f-3239-4bc3-82bd-b2cd2f08e288-groupManagement] INFO  util.AwaitToRun (AwaitToRun.java:start(81)) - Thread[9b6fde4f-3239-4bc3-82bd-b2cd2f08e288@group-3D52B063064B-cacheEviction-AwaitToRun,5,main] started
2024-02-06 10:02:47,951 [9b6fde4f-3239-4bc3-82bd-b2cd2f08e288-groupManagement] INFO  segmented.SegmentedRaftLogWorker (SegmentedRaftLogWorker.java:<init>(182)) - new 9b6fde4f-3239-4bc3-82bd-b2cd2f08e288@group-3D52B063064B-SegmentedRaftLogWorker for RaftStorageImpl:Storage Directory /home/runner/work/ozone/ozone/hadoop-ozone/integration-test/target/test-dir/MiniOzoneClusterImpl-aff9c889-8dd2-4f79-ab57-76a0adc13766/datanode-3/data/ratis/583e54d3-5a1a-4106-93b5-3d52b063064b
2024-02-06 10:02:47,952 [9b6fde4f-3239-4bc3-82bd-b2cd2f08e288-groupManagement] INFO  server.RaftServerConfigKeys (ConfUtils.java:logGet(46)) - raft.server.log.queue.byte-limit = 4294967296 (custom)
2024-02-06 10:02:47,952 [9b6fde4f-3239-4bc3-82bd-b2cd2f08e288-groupManagement] INFO  server.RaftServerConfigKeys (ConfUtils.java:logGet(46)) - raft.server.log.queue.element-limit = 1024 (custom)
2024-02-06 10:02:47,952 [9b6fde4f-3239-4bc3-82bd-b2cd2f08e288-groupManagement] INFO  server.RaftServerConfigKeys (ConfUtils.java:logGet(46)) - raft.server.log.segment.size.max = 67108864 (custom)
2024-02-06 10:02:47,952 [9b6fde4f-3239-4bc3-82bd-b2cd2f08e288-groupManagement] INFO  server.RaftServerConfigKeys (ConfUtils.java:logGet(46)) - raft.server.log.preallocated.size = 4194304 (custom)
2024-02-06 10:02:47,952 [9b6fde4f-3239-4bc3-82bd-b2cd2f08e288-groupManagement] INFO  server.RaftServerConfigKeys (ConfUtils.java:logGet(46)) - raft.server.log.force.sync.num = 128 (default)
2024-02-06 10:02:47,952 [9b6fde4f-3239-4bc3-82bd-b2cd2f08e288-groupManagement] INFO  server.RaftServerConfigKeys (ConfUtils.java:logGet(46)) - raft.server.log.statemachine.data.sync = true (default)
2024-02-06 10:02:47,952 [9b6fde4f-3239-4bc3-82bd-b2cd2f08e288-groupManagement] INFO  server.RaftServerConfigKeys (ConfUtils.java:logGet(46)) - raft.server.log.statemachine.data.sync.timeout = 10s (default)
2024-02-06 10:02:47,953 [9b6fde4f-3239-4bc3-82bd-b2cd2f08e288-groupManagement] INFO  server.RaftServerConfigKeys (ConfUtils.java:logGet(46)) - raft.server.log.statemachine.data.sync.timeout.retry = 0 (custom)
2024-02-06 10:02:47,953 [9b6fde4f-3239-4bc3-82bd-b2cd2f08e288-groupManagement] INFO  server.RaftServerConfigKeys (ConfUtils.java:logGet(46)) - raft.server.log.write.buffer.size = 8388616 (custom)
2024-02-06 10:02:47,954 [9b6fde4f-3239-4bc3-82bd-b2cd2f08e288-groupManagement] INFO  server.RaftServerConfigKeys (ConfUtils.java:logGet(46)) - raft.server.log.appender.buffer.byte-limit = 8388608 (custom)
2024-02-06 10:02:47,955 [9b6fde4f-3239-4bc3-82bd-b2cd2f08e288-groupManagement] INFO  server.RaftServerConfigKeys (ConfUtils.java:logGet(46)) - raft.server.log.unsafe-flush.enabled = false (default)
2024-02-06 10:02:47,955 [9b6fde4f-3239-4bc3-82bd-b2cd2f08e288-groupManagement] INFO  server.RaftServerConfigKeys (ConfUtils.java:logGet(46)) - raft.server.log.async-flush.enabled = false (default)
2024-02-06 10:02:47,955 [9b6fde4f-3239-4bc3-82bd-b2cd2f08e288-groupManagement] INFO  server.RaftServerConfigKeys (ConfUtils.java:logGet(46)) - raft.server.log.statemachine.data.caching.enabled = true (custom)
2024-02-06 10:02:47,955 [9b6fde4f-3239-4bc3-82bd-b2cd2f08e288-groupManagement] INFO  segmented.SegmentedRaftLogWorker (SegmentedRaftLogWorker.java:lambda$new$0(134)) - 9b6fde4f-3239-4bc3-82bd-b2cd2f08e288@group-3D52B063064B-SegmentedRaftLogWorker: flushIndex: setUnconditionally 0 -> -1
2024-02-06 10:02:47,955 [9b6fde4f-3239-4bc3-82bd-b2cd2f08e288-groupManagement] INFO  segmented.SegmentedRaftLogWorker (SegmentedRaftLogWorker.java:lambda$new$0(134)) - 9b6fde4f-3239-4bc3-82bd-b2cd2f08e288@group-3D52B063064B-SegmentedRaftLogWorker: safeCacheEvictIndex: setUnconditionally 0 -> -1
2024-02-06 10:02:47,955 [9b6fde4f-3239-4bc3-82bd-b2cd2f08e288-groupManagement] INFO  server.RaftServer$Division (RaftServerImpl.java:start(396)) - 9b6fde4f-3239-4bc3-82bd-b2cd2f08e288@group-3D52B063064B: start as a follower, conf=-1: peers:[4a798287-2ddb-4f45-a758-72f424bfa3c7|10.1.0.5:15148, fc33255d-a8b6-4933-b6d6-be3a7bd24e4a|10.1.0.5:15139, 9b6fde4f-3239-4bc3-82bd-b2cd2f08e288|10.1.0.5:15130]|listeners:[], old=null
2024-02-06 10:02:47,955 [9b6fde4f-3239-4bc3-82bd-b2cd2f08e288-groupManagement] INFO  server.RaftServer$Division (RaftServerImpl.java:setRole(383)) - 9b6fde4f-3239-4bc3-82bd-b2cd2f08e288@group-3D52B063064B: changes role from      null to FOLLOWER at term 0 for startAsFollower
2024-02-06 10:02:47,955 [9b6fde4f-3239-4bc3-82bd-b2cd2f08e288-groupManagement] INFO  impl.RoleInfo (RoleInfo.java:updateAndGet(139)) - 9b6fde4f-3239-4bc3-82bd-b2cd2f08e288: start 9b6fde4f-3239-4bc3-82bd-b2cd2f08e288@group-3D52B063064B-FollowerState
2024-02-06 10:02:47,955 [9b6fde4f-3239-4bc3-82bd-b2cd2f08e288@group-3D52B063064B-FollowerState] INFO  server.RaftServerConfigKeys (ConfUtils.java:logFallback(53)) - raft.server.rpc.first-election.timeout.min = 5s (fallback to raft.server.rpc.timeout.min)
2024-02-06 10:02:47,955 [9b6fde4f-3239-4bc3-82bd-b2cd2f08e288-groupManagement] INFO  util.JmxRegister (JmxRegister.java:tryRegister(44)) - Successfully registered JMX Bean with object name Ratis:service=RaftServer,group=group-3D52B063064B,id=9b6fde4f-3239-4bc3-82bd-b2cd2f08e288
2024-02-06 10:02:47,955 [9b6fde4f-3239-4bc3-82bd-b2cd2f08e288@group-3D52B063064B-FollowerState] INFO  server.RaftServerConfigKeys (ConfUtils.java:logFallback(53)) - raft.server.rpc.first-election.timeout.max = 5200ms (fallback to raft.server.rpc.timeout.max)
2024-02-06 10:02:47,956 [9b6fde4f-3239-4bc3-82bd-b2cd2f08e288-groupManagement] INFO  server.RaftServerConfigKeys (ConfUtils.java:logGet(46)) - raft.server.snapshot.trigger-when-stop.enabled = true (default)
2024-02-06 10:02:47,956 [9b6fde4f-3239-4bc3-82bd-b2cd2f08e288-groupManagement] INFO  server.RaftServerConfigKeys (ConfUtils.java:logGet(46)) - raft.server.snapshot.auto.trigger.enabled = true (custom)
2024-02-06 10:02:47,956 [9b6fde4f-3239-4bc3-82bd-b2cd2f08e288-groupManagement] INFO  server.RaftServerConfigKeys (ConfUtils.java:logGet(46)) - raft.server.snapshot.auto.trigger.threshold = 10000 (custom)
2024-02-06 10:02:47,956 [9b6fde4f-3239-4bc3-82bd-b2cd2f08e288-groupManagement] INFO  server.RaftServerConfigKeys (ConfUtils.java:logGet(46)) - raft.server.snapshot.retention.file.num = 5 (custom)
2024-02-06 10:02:47,956 [9b6fde4f-3239-4bc3-82bd-b2cd2f08e288-groupManagement] INFO  server.RaftServerConfigKeys (ConfUtils.java:logGet(46)) - raft.server.log.purge.upto.snapshot.index = false (default)
2024-02-06 10:02:47,956 [9b6fde4f-3239-4bc3-82bd-b2cd2f08e288-PipelineCommandHandlerThread-0] INFO  ratis.XceiverServerRatis (XceiverServerRatis.java:addGroup(864)) - Created group PipelineID=583e54d3-5a1a-4106-93b5-3d52b063064b
2024-02-06 10:02:47,963 [grpc-default-executor-0] INFO  server.RaftServer (RaftServerProxy.java:addNew(100)) - fc33255d-a8b6-4933-b6d6-be3a7bd24e4a: addNew group-3D52B063064B:[4a798287-2ddb-4f45-a758-72f424bfa3c7|10.1.0.5:15148, fc33255d-a8b6-4933-b6d6-be3a7bd24e4a|10.1.0.5:15139, 9b6fde4f-3239-4bc3-82bd-b2cd2f08e288|10.1.0.5:15130] returns group-3D52B063064B:java.util.concurrent.CompletableFuture@2244bb7a[Not completed]
2024-02-06 10:02:47,964 [fc33255d-a8b6-4933-b6d6-be3a7bd24e4a-groupManagement] INFO  server.RaftServer$Division (RaftServerImpl.java:<init>(256)) - fc33255d-a8b6-4933-b6d6-be3a7bd24e4a: new RaftServerImpl for group-3D52B063064B:[4a798287-2ddb-4f45-a758-72f424bfa3c7|10.1.0.5:15148, fc33255d-a8b6-4933-b6d6-be3a7bd24e4a|10.1.0.5:15139, 9b6fde4f-3239-4bc3-82bd-b2cd2f08e288|10.1.0.5:15130] with ContainerStateMachine:uninitialized
2024-02-06 10:02:47,964 [fc33255d-a8b6-4933-b6d6-be3a7bd24e4a-groupManagement] INFO  server.RaftServerConfigKeys (ConfUtils.java:logGet(46)) - raft.server.rpc.timeout.min = 5s (custom)
2024-02-06 10:02:47,964 [fc33255d-a8b6-4933-b6d6-be3a7bd24e4a-groupManagement] INFO  server.RaftServerConfigKeys (ConfUtils.java:logGet(46)) - raft.server.rpc.timeout.max = 5200ms (custom)
2024-02-06 10:02:47,964 [fc33255d-a8b6-4933-b6d6-be3a7bd24e4a-groupManagement] INFO  server.RaftServerConfigKeys (ConfUtils.java:logGet(46)) - raft.server.rpc.sleep.time = 25ms (default)
2024-02-06 10:02:47,964 [fc33255d-a8b6-4933-b6d6-be3a7bd24e4a-groupManagement] INFO  server.RaftServerConfigKeys (ConfUtils.java:logGet(46)) - raft.server.rpc.slowness.timeout = 300000ms (custom)
2024-02-06 10:02:47,964 [fc33255d-a8b6-4933-b6d6-be3a7bd24e4a-groupManagement] INFO  server.RaftServerConfigKeys (ConfUtils.java:logGet(46)) - raft.server.leaderelection.leader.step-down.wait-time = 10s (default)
2024-02-06 10:02:47,965 [fc33255d-a8b6-4933-b6d6-be3a7bd24e4a-groupManagement] INFO  server.RaftServerConfigKeys (ConfUtils.java:logGet(46)) - raft.server.leaderelection.member.majority-add = false (default)
2024-02-06 10:02:47,965 [fc33255d-a8b6-4933-b6d6-be3a7bd24e4a-groupManagement] INFO  server.RaftServerConfigKeys (ConfUtils.java:logGet(46)) - raft.server.sleep.deviation.threshold = 300ms (default)
2024-02-06 10:02:47,965 [fc33255d-a8b6-4933-b6d6-be3a7bd24e4a-groupManagement] INFO  server.RaftServer$Division (ServerState.java:<init>(113)) - fc33255d-a8b6-4933-b6d6-be3a7bd24e4a@group-3D52B063064B: ConfigurationManager, init=-1: peers:[4a798287-2ddb-4f45-a758-72f424bfa3c7|10.1.0.5:15148, fc33255d-a8b6-4933-b6d6-be3a7bd24e4a|10.1.0.5:15139, 9b6fde4f-3239-4bc3-82bd-b2cd2f08e288|10.1.0.5:15130]|listeners:[], old=null, confs=<EMPTY_MAP>
2024-02-06 10:02:47,965 [fc33255d-a8b6-4933-b6d6-be3a7bd24e4a-groupManagement] INFO  server.RaftServerConfigKeys (ConfUtils.java:logGet(46)) - raft.server.notification.no-leader.timeout = 300000ms (custom)
2024-02-06 10:02:47,965 [fc33255d-a8b6-4933-b6d6-be3a7bd24e4a-groupManagement] INFO  server.RaftServerConfigKeys (ConfUtils.java:logGet(46)) - raft.server.read.timeout = 10s (default)
2024-02-06 10:02:47,965 [fc33255d-a8b6-4933-b6d6-be3a7bd24e4a-groupManagement] INFO  server.RaftServerConfigKeys (ConfUtils.java:logGet(46)) - raft.server.retrycache.expirytime = 600000ms (custom)
2024-02-06 10:02:47,965 [fc33255d-a8b6-4933-b6d6-be3a7bd24e4a-groupManagement] INFO  server.RaftServerConfigKeys (ConfUtils.java:logGet(46)) - raft.server.retrycache.statistics.expirytime = 100ms (default)
2024-02-06 10:02:47,965 [fc33255d-a8b6-4933-b6d6-be3a7bd24e4a-groupManagement] INFO  server.RaftServerConfigKeys (ConfUtils.java:logGet(46)) - raft.server.read.option = DEFAULT (default)
2024-02-06 10:02:47,965 [fc33255d-a8b6-4933-b6d6-be3a7bd24e4a-groupManagement] INFO  server.RaftServerConfigKeys (ConfUtils.java:logGet(46)) - raft.server.read.read-after-write-consistent.write-index-cache.expiry-time = 60s (default)
2024-02-06 10:02:47,967 [fc33255d-a8b6-4933-b6d6-be3a7bd24e4a-groupManagement] INFO  server.RaftServerConfigKeys (ConfUtils.java:logGet(46)) - raft.server.rpc.request.timeout = 3000ms (default)
2024-02-06 10:02:47,967 [fc33255d-a8b6-4933-b6d6-be3a7bd24e4a-groupManagement] INFO  server.RaftServerConfigKeys (ConfUtils.java:logGet(46)) - raft.server.log.appender.install.snapshot.enabled = false (custom)
2024-02-06 10:02:47,967 [fc33255d-a8b6-4933-b6d6-be3a7bd24e4a-groupManagement] INFO  server.RaftServerConfigKeys (ConfUtils.java:logGet(46)) - raft.server.threadpool.server.cached = true (default)
2024-02-06 10:02:47,967 [fc33255d-a8b6-4933-b6d6-be3a7bd24e4a-groupManagement] INFO  server.RaftServerConfigKeys (ConfUtils.java:logGet(46)) - raft.server.threadpool.server.size = 0 (default)
2024-02-06 10:02:47,967 [fc33255d-a8b6-4933-b6d6-be3a7bd24e4a-groupManagement] INFO  server.RaftServerConfigKeys (ConfUtils.java:logGet(46)) - raft.server.threadpool.client.cached = true (default)
2024-02-06 10:02:47,967 [fc33255d-a8b6-4933-b6d6-be3a7bd24e4a-groupManagement] INFO  server.RaftServerConfigKeys (ConfUtils.java:logGet(46)) - raft.server.threadpool.client.size = 0 (default)
2024-02-06 10:02:47,967 [fc33255d-a8b6-4933-b6d6-be3a7bd24e4a-groupManagement] INFO  server.RaftServerConfigKeys (ConfUtils.java:logGet(46)) - raft.server.storage.free-space.min = 0MB (=0) (default)
2024-02-06 10:02:47,967 [fc33255d-a8b6-4933-b6d6-be3a7bd24e4a-groupManagement] INFO  server.RaftServerConfigKeys (ConfUtils.java:logGet(46)) - raft.server.log.corruption.policy = EXCEPTION (default)
2024-02-06 10:02:47,967 [fc33255d-a8b6-4933-b6d6-be3a7bd24e4a-groupManagement] INFO  server.RaftServerConfigKeys (ConfUtils.java:logGet(46)) - raft.server.storage.dir = [/home/runner/work/ozone/ozone/hadoop-ozone/integration-test/target/test-dir/MiniOzoneClusterImpl-aff9c889-8dd2-4f79-ab57-76a0adc13766/datanode-4/data/ratis] (custom)
2024-02-06 10:02:47,968 [fc33255d-a8b6-4933-b6d6-be3a7bd24e4a-groupManagement] INFO  storage.RaftStorageDirectory (RaftStorageDirectoryImpl.java:analyzeStorage(138)) - The storage directory /home/runner/work/ozone/ozone/hadoop-ozone/integration-test/target/test-dir/MiniOzoneClusterImpl-aff9c889-8dd2-4f79-ab57-76a0adc13766/datanode-4/data/ratis/583e54d3-5a1a-4106-93b5-3d52b063064b does not exist. Creating ...
2024-02-06 10:02:47,969 [fc33255d-a8b6-4933-b6d6-be3a7bd24e4a-groupManagement] INFO  storage.RaftStorageDirectory (RaftStorageDirectoryImpl.java:tryLock(228)) - Lock on /home/runner/work/ozone/ozone/hadoop-ozone/integration-test/target/test-dir/MiniOzoneClusterImpl-aff9c889-8dd2-4f79-ab57-76a0adc13766/datanode-4/data/ratis/583e54d3-5a1a-4106-93b5-3d52b063064b/in_use.lock acquired by nodename 37157@fv-az776-296
2024-02-06 10:02:47,970 [fc33255d-a8b6-4933-b6d6-be3a7bd24e4a-groupManagement] INFO  storage.RaftStorage (RaftStorageImpl.java:format(99)) - Storage directory /home/runner/work/ozone/ozone/hadoop-ozone/integration-test/target/test-dir/MiniOzoneClusterImpl-aff9c889-8dd2-4f79-ab57-76a0adc13766/datanode-4/data/ratis/583e54d3-5a1a-4106-93b5-3d52b063064b has been successfully formatted.
2024-02-06 10:02:47,970 [fc33255d-a8b6-4933-b6d6-be3a7bd24e4a-groupManagement] WARN  util.FileUtils (LogUtils.java:supplyAndLog(63)) - Failed to Files.newInputStream /home/runner/work/ozone/ozone/hadoop-ozone/integration-test/target/test-dir/MiniOzoneClusterImpl-aff9c889-8dd2-4f79-ab57-76a0adc13766/datanode-4/data/ratis/583e54d3-5a1a-4106-93b5-3d52b063064b/current/raft-meta.conf with options []: java.nio.file.NoSuchFileException: /home/runner/work/ozone/ozone/hadoop-ozone/integration-test/target/test-dir/MiniOzoneClusterImpl-aff9c889-8dd2-4f79-ab57-76a0adc13766/datanode-4/data/ratis/583e54d3-5a1a-4106-93b5-3d52b063064b/current/raft-meta.conf
2024-02-06 10:02:47,971 [fc33255d-a8b6-4933-b6d6-be3a7bd24e4a-groupManagement] INFO  ratis.ContainerStateMachine (ContainerStateMachine.java:loadSnapshot(287)) - group-3D52B063064B: The snapshot info is null. Setting the last applied index to:(t:0, i:~)
2024-02-06 10:02:47,972 [fc33255d-a8b6-4933-b6d6-be3a7bd24e4a-groupManagement] INFO  server.RaftServerConfigKeys (ConfUtils.java:logGet(46)) - raft.server.log.use.memory = false (default)
2024-02-06 10:02:47,972 [fc33255d-a8b6-4933-b6d6-be3a7bd24e4a-groupManagement] INFO  server.RaftServerConfigKeys (ConfUtils.java:logGet(46)) - raft.server.log.purge.gap = 1000000 (custom)
2024-02-06 10:02:47,972 [fc33255d-a8b6-4933-b6d6-be3a7bd24e4a-groupManagement] INFO  server.RaftServerConfigKeys (ConfUtils.java:logGet(46)) - raft.server.log.appender.buffer.byte-limit = 8388608 (custom)
2024-02-06 10:02:47,972 [fc33255d-a8b6-4933-b6d6-be3a7bd24e4a-groupManagement] INFO  server.RaftServerConfigKeys (ConfUtils.java:logGet(46)) - raft.server.log.statemachine.data.read.timeout = 1000ms (default)
2024-02-06 10:02:47,972 [fc33255d-a8b6-4933-b6d6-be3a7bd24e4a-groupManagement] INFO  server.RaftServerConfigKeys (ConfUtils.java:logGet(46)) - raft.server.log.purge.preservation.log.num = 0 (default)
2024-02-06 10:02:47,973 [fc33255d-a8b6-4933-b6d6-be3a7bd24e4a-groupManagement] INFO  server.RaftServerConfigKeys (ConfUtils.java:logGet(46)) - raft.server.log.segment.size.max = 67108864 (custom)
2024-02-06 10:02:47,974 [fc33255d-a8b6-4933-b6d6-be3a7bd24e4a-groupManagement] INFO  server.RaftServerConfigKeys (ConfUtils.java:logGet(46)) - raft.server.log.segment.cache.num.max = 2 (custom)
2024-02-06 10:02:47,974 [fc33255d-a8b6-4933-b6d6-be3a7bd24e4a-groupManagement] INFO  server.RaftServerConfigKeys (ConfUtils.java:logGet(46)) - raft.server.log.segment.cache.size.max = 200MB (=209715200) (default)
2024-02-06 10:02:47,974 [fc33255d-a8b6-4933-b6d6-be3a7bd24e4a-groupManagement] INFO  server.RaftServerConfigKeys (ConfUtils.java:logGet(46)) - raft.server.log.appender.buffer.byte-limit = 8388608 (custom)
2024-02-06 10:02:47,974 [fc33255d-a8b6-4933-b6d6-be3a7bd24e4a-groupManagement] INFO  util.AwaitToRun (AwaitToRun.java:start(81)) - Thread[fc33255d-a8b6-4933-b6d6-be3a7bd24e4a@group-3D52B063064B-cacheEviction-AwaitToRun,5,main] started
2024-02-06 10:02:47,974 [fc33255d-a8b6-4933-b6d6-be3a7bd24e4a-groupManagement] INFO  segmented.SegmentedRaftLogWorker (SegmentedRaftLogWorker.java:<init>(182)) - new fc33255d-a8b6-4933-b6d6-be3a7bd24e4a@group-3D52B063064B-SegmentedRaftLogWorker for RaftStorageImpl:Storage Directory /home/runner/work/ozone/ozone/hadoop-ozone/integration-test/target/test-dir/MiniOzoneClusterImpl-aff9c889-8dd2-4f79-ab57-76a0adc13766/datanode-4/data/ratis/583e54d3-5a1a-4106-93b5-3d52b063064b
2024-02-06 10:02:47,974 [fc33255d-a8b6-4933-b6d6-be3a7bd24e4a-groupManagement] INFO  server.RaftServerConfigKeys (ConfUtils.java:logGet(46)) - raft.server.log.queue.byte-limit = 4294967296 (custom)
2024-02-06 10:02:47,975 [fc33255d-a8b6-4933-b6d6-be3a7bd24e4a-groupManagement] INFO  server.RaftServerConfigKeys (ConfUtils.java:logGet(46)) - raft.server.log.queue.element-limit = 1024 (custom)
2024-02-06 10:02:47,975 [fc33255d-a8b6-4933-b6d6-be3a7bd24e4a-groupManagement] INFO  server.RaftServerConfigKeys (ConfUtils.java:logGet(46)) - raft.server.log.segment.size.max = 67108864 (custom)
2024-02-06 10:02:47,975 [fc33255d-a8b6-4933-b6d6-be3a7bd24e4a-groupManagement] INFO  server.RaftServerConfigKeys (ConfUtils.java:logGet(46)) - raft.server.log.preallocated.size = 4194304 (custom)
2024-02-06 10:02:47,975 [fc33255d-a8b6-4933-b6d6-be3a7bd24e4a-groupManagement] INFO  server.RaftServerConfigKeys (ConfUtils.java:logGet(46)) - raft.server.log.force.sync.num = 128 (default)
2024-02-06 10:02:47,975 [fc33255d-a8b6-4933-b6d6-be3a7bd24e4a-groupManagement] INFO  server.RaftServerConfigKeys (ConfUtils.java:logGet(46)) - raft.server.log.statemachine.data.sync = true (default)
2024-02-06 10:02:47,975 [fc33255d-a8b6-4933-b6d6-be3a7bd24e4a-groupManagement] INFO  server.RaftServerConfigKeys (ConfUtils.java:logGet(46)) - raft.server.log.statemachine.data.sync.timeout = 10s (default)
2024-02-06 10:02:47,975 [fc33255d-a8b6-4933-b6d6-be3a7bd24e4a-groupManagement] INFO  server.RaftServerConfigKeys (ConfUtils.java:logGet(46)) - raft.server.log.statemachine.data.sync.timeout.retry = 0 (custom)
2024-02-06 10:02:47,975 [fc33255d-a8b6-4933-b6d6-be3a7bd24e4a-groupManagement] INFO  server.RaftServerConfigKeys (ConfUtils.java:logGet(46)) - raft.server.log.write.buffer.size = 8388616 (custom)
2024-02-06 10:02:47,977 [fc33255d-a8b6-4933-b6d6-be3a7bd24e4a-groupManagement] INFO  server.RaftServerConfigKeys (ConfUtils.java:logGet(46)) - raft.server.log.appender.buffer.byte-limit = 8388608 (custom)
2024-02-06 10:02:47,977 [fc33255d-a8b6-4933-b6d6-be3a7bd24e4a-groupManagement] INFO  server.RaftServerConfigKeys (ConfUtils.java:logGet(46)) - raft.server.log.unsafe-flush.enabled = false (default)
2024-02-06 10:02:47,977 [fc33255d-a8b6-4933-b6d6-be3a7bd24e4a-groupManagement] INFO  server.RaftServerConfigKeys (ConfUtils.java:logGet(46)) - raft.server.log.async-flush.enabled = false (default)
2024-02-06 10:02:47,977 [fc33255d-a8b6-4933-b6d6-be3a7bd24e4a-groupManagement] INFO  server.RaftServerConfigKeys (ConfUtils.java:logGet(46)) - raft.server.log.statemachine.data.caching.enabled = true (custom)
2024-02-06 10:02:47,978 [fc33255d-a8b6-4933-b6d6-be3a7bd24e4a-groupManagement] INFO  segmented.SegmentedRaftLogWorker (SegmentedRaftLogWorker.java:lambda$new$0(134)) - fc33255d-a8b6-4933-b6d6-be3a7bd24e4a@group-3D52B063064B-SegmentedRaftLogWorker: flushIndex: setUnconditionally 0 -> -1
2024-02-06 10:02:47,978 [fc33255d-a8b6-4933-b6d6-be3a7bd24e4a-groupManagement] INFO  segmented.SegmentedRaftLogWorker (SegmentedRaftLogWorker.java:lambda$new$0(134)) - fc33255d-a8b6-4933-b6d6-be3a7bd24e4a@group-3D52B063064B-SegmentedRaftLogWorker: safeCacheEvictIndex: setUnconditionally 0 -> -1
2024-02-06 10:02:47,978 [fc33255d-a8b6-4933-b6d6-be3a7bd24e4a-groupManagement] INFO  server.RaftServer$Division (RaftServerImpl.java:start(396)) - fc33255d-a8b6-4933-b6d6-be3a7bd24e4a@group-3D52B063064B: start as a follower, conf=-1: peers:[4a798287-2ddb-4f45-a758-72f424bfa3c7|10.1.0.5:15148, fc33255d-a8b6-4933-b6d6-be3a7bd24e4a|10.1.0.5:15139, 9b6fde4f-3239-4bc3-82bd-b2cd2f08e288|10.1.0.5:15130]|listeners:[], old=null
2024-02-06 10:02:47,978 [fc33255d-a8b6-4933-b6d6-be3a7bd24e4a-groupManagement] INFO  server.RaftServer$Division (RaftServerImpl.java:setRole(383)) - fc33255d-a8b6-4933-b6d6-be3a7bd24e4a@group-3D52B063064B: changes role from      null to FOLLOWER at term 0 for startAsFollower
2024-02-06 10:02:47,978 [fc33255d-a8b6-4933-b6d6-be3a7bd24e4a-groupManagement] INFO  impl.RoleInfo (RoleInfo.java:updateAndGet(139)) - fc33255d-a8b6-4933-b6d6-be3a7bd24e4a: start fc33255d-a8b6-4933-b6d6-be3a7bd24e4a@group-3D52B063064B-FollowerState
2024-02-06 10:02:47,978 [fc33255d-a8b6-4933-b6d6-be3a7bd24e4a-groupManagement] INFO  util.JmxRegister (JmxRegister.java:tryRegister(44)) - Successfully registered JMX Bean with object name Ratis:service=RaftServer,group=group-3D52B063064B,id=fc33255d-a8b6-4933-b6d6-be3a7bd24e4a
2024-02-06 10:02:47,978 [fc33255d-a8b6-4933-b6d6-be3a7bd24e4a-groupManagement] INFO  server.RaftServerConfigKeys (ConfUtils.java:logGet(46)) - raft.server.snapshot.trigger-when-stop.enabled = true (default)
2024-02-06 10:02:47,979 [fc33255d-a8b6-4933-b6d6-be3a7bd24e4a-groupManagement] INFO  server.RaftServerConfigKeys (ConfUtils.java:logGet(46)) - raft.server.snapshot.auto.trigger.enabled = true (custom)
2024-02-06 10:02:47,979 [fc33255d-a8b6-4933-b6d6-be3a7bd24e4a-groupManagement] INFO  server.RaftServerConfigKeys (ConfUtils.java:logGet(46)) - raft.server.snapshot.auto.trigger.threshold = 10000 (custom)
2024-02-06 10:02:47,979 [fc33255d-a8b6-4933-b6d6-be3a7bd24e4a-groupManagement] INFO  server.RaftServerConfigKeys (ConfUtils.java:logGet(46)) - raft.server.snapshot.retention.file.num = 5 (custom)
2024-02-06 10:02:47,979 [fc33255d-a8b6-4933-b6d6-be3a7bd24e4a-groupManagement] INFO  server.RaftServerConfigKeys (ConfUtils.java:logGet(46)) - raft.server.log.purge.upto.snapshot.index = false (default)
2024-02-06 10:02:47,979 [fc33255d-a8b6-4933-b6d6-be3a7bd24e4a@group-3D52B063064B-FollowerState] INFO  server.RaftServerConfigKeys (ConfUtils.java:logFallback(53)) - raft.server.rpc.first-election.timeout.min = 5s (fallback to raft.server.rpc.timeout.min)
2024-02-06 10:02:47,979 [fc33255d-a8b6-4933-b6d6-be3a7bd24e4a@group-3D52B063064B-FollowerState] INFO  server.RaftServerConfigKeys (ConfUtils.java:logFallback(53)) - raft.server.rpc.first-election.timeout.max = 5200ms (fallback to raft.server.rpc.timeout.max)
2024-02-06 10:02:48,001 [grpc-default-executor-0] INFO  server.RaftServer (RaftServerProxy.java:addNew(100)) - 4a798287-2ddb-4f45-a758-72f424bfa3c7: addNew group-3D52B063064B:[4a798287-2ddb-4f45-a758-72f424bfa3c7|10.1.0.5:15148, fc33255d-a8b6-4933-b6d6-be3a7bd24e4a|10.1.0.5:15139, 9b6fde4f-3239-4bc3-82bd-b2cd2f08e288|10.1.0.5:15130] returns group-3D52B063064B:java.util.concurrent.CompletableFuture@49b16570[Not completed]
2024-02-06 10:02:48,002 [4a798287-2ddb-4f45-a758-72f424bfa3c7-groupManagement] INFO  server.RaftServer$Division (RaftServerImpl.java:<init>(256)) - 4a798287-2ddb-4f45-a758-72f424bfa3c7: new RaftServerImpl for group-3D52B063064B:[4a798287-2ddb-4f45-a758-72f424bfa3c7|10.1.0.5:15148, fc33255d-a8b6-4933-b6d6-be3a7bd24e4a|10.1.0.5:15139, 9b6fde4f-3239-4bc3-82bd-b2cd2f08e288|10.1.0.5:15130] with ContainerStateMachine:uninitialized
2024-02-06 10:02:48,003 [4a798287-2ddb-4f45-a758-72f424bfa3c7-groupManagement] INFO  server.RaftServerConfigKeys (ConfUtils.java:logGet(46)) - raft.server.rpc.timeout.min = 5s (custom)
2024-02-06 10:02:48,003 [4a798287-2ddb-4f45-a758-72f424bfa3c7-groupManagement] INFO  server.RaftServerConfigKeys (ConfUtils.java:logGet(46)) - raft.server.rpc.timeout.max = 5200ms (custom)
2024-02-06 10:02:48,003 [4a798287-2ddb-4f45-a758-72f424bfa3c7-groupManagement] INFO  server.RaftServerConfigKeys (ConfUtils.java:logGet(46)) - raft.server.rpc.sleep.time = 25ms (default)
2024-02-06 10:02:48,003 [4a798287-2ddb-4f45-a758-72f424bfa3c7-groupManagement] INFO  server.RaftServerConfigKeys (ConfUtils.java:logGet(46)) - raft.server.rpc.slowness.timeout = 300000ms (custom)
2024-02-06 10:02:48,003 [4a798287-2ddb-4f45-a758-72f424bfa3c7-groupManagement] INFO  server.RaftServerConfigKeys (ConfUtils.java:logGet(46)) - raft.server.leaderelection.leader.step-down.wait-time = 10s (default)
2024-02-06 10:02:48,003 [4a798287-2ddb-4f45-a758-72f424bfa3c7-groupManagement] INFO  server.RaftServerConfigKeys (ConfUtils.java:logGet(46)) - raft.server.leaderelection.member.majority-add = false (default)
2024-02-06 10:02:48,003 [4a798287-2ddb-4f45-a758-72f424bfa3c7-groupManagement] INFO  server.RaftServerConfigKeys (ConfUtils.java:logGet(46)) - raft.server.sleep.deviation.threshold = 300ms (default)
2024-02-06 10:02:48,003 [4a798287-2ddb-4f45-a758-72f424bfa3c7-groupManagement] INFO  server.RaftServer$Division (ServerState.java:<init>(113)) - 4a798287-2ddb-4f45-a758-72f424bfa3c7@group-3D52B063064B: ConfigurationManager, init=-1: peers:[4a798287-2ddb-4f45-a758-72f424bfa3c7|10.1.0.5:15148, fc33255d-a8b6-4933-b6d6-be3a7bd24e4a|10.1.0.5:15139, 9b6fde4f-3239-4bc3-82bd-b2cd2f08e288|10.1.0.5:15130]|listeners:[], old=null, confs=<EMPTY_MAP>
2024-02-06 10:02:48,004 [4a798287-2ddb-4f45-a758-72f424bfa3c7-groupManagement] INFO  server.RaftServerConfigKeys (ConfUtils.java:logGet(46)) - raft.server.notification.no-leader.timeout = 300000ms (custom)
2024-02-06 10:02:48,004 [4a798287-2ddb-4f45-a758-72f424bfa3c7-groupManagement] INFO  server.RaftServerConfigKeys (ConfUtils.java:logGet(46)) - raft.server.read.timeout = 10s (default)
2024-02-06 10:02:48,004 [4a798287-2ddb-4f45-a758-72f424bfa3c7-groupManagement] INFO  server.RaftServerConfigKeys (ConfUtils.java:logGet(46)) - raft.server.retrycache.expirytime = 600000ms (custom)
2024-02-06 10:02:48,004 [4a798287-2ddb-4f45-a758-72f424bfa3c7-groupManagement] INFO  server.RaftServerConfigKeys (ConfUtils.java:logGet(46)) - raft.server.retrycache.statistics.expirytime = 100ms (default)
2024-02-06 10:02:48,005 [4a798287-2ddb-4f45-a758-72f424bfa3c7-groupManagement] INFO  server.RaftServerConfigKeys (ConfUtils.java:logGet(46)) - raft.server.read.option = DEFAULT (default)
2024-02-06 10:02:48,005 [4a798287-2ddb-4f45-a758-72f424bfa3c7-groupManagement] INFO  server.RaftServerConfigKeys (ConfUtils.java:logGet(46)) - raft.server.read.read-after-write-consistent.write-index-cache.expiry-time = 60s (default)
2024-02-06 10:02:48,008 [4a798287-2ddb-4f45-a758-72f424bfa3c7-groupManagement] INFO  server.RaftServerConfigKeys (ConfUtils.java:logGet(46)) - raft.server.rpc.request.timeout = 3000ms (default)
2024-02-06 10:02:48,008 [4a798287-2ddb-4f45-a758-72f424bfa3c7-groupManagement] INFO  server.RaftServerConfigKeys (ConfUtils.java:logGet(46)) - raft.server.log.appender.install.snapshot.enabled = false (custom)
2024-02-06 10:02:48,008 [4a798287-2ddb-4f45-a758-72f424bfa3c7-groupManagement] INFO  server.RaftServerConfigKeys (ConfUtils.java:logGet(46)) - raft.server.threadpool.server.cached = true (default)
2024-02-06 10:02:48,008 [4a798287-2ddb-4f45-a758-72f424bfa3c7-groupManagement] INFO  server.RaftServerConfigKeys (ConfUtils.java:logGet(46)) - raft.server.threadpool.server.size = 0 (default)
2024-02-06 10:02:48,008 [4a798287-2ddb-4f45-a758-72f424bfa3c7-groupManagement] INFO  server.RaftServerConfigKeys (ConfUtils.java:logGet(46)) - raft.server.threadpool.client.cached = true (default)
2024-02-06 10:02:48,008 [4a798287-2ddb-4f45-a758-72f424bfa3c7-groupManagement] INFO  server.RaftServerConfigKeys (ConfUtils.java:logGet(46)) - raft.server.threadpool.client.size = 0 (default)
2024-02-06 10:02:48,008 [4a798287-2ddb-4f45-a758-72f424bfa3c7-groupManagement] INFO  server.RaftServerConfigKeys (ConfUtils.java:logGet(46)) - raft.server.storage.free-space.min = 0MB (=0) (default)
2024-02-06 10:02:48,008 [4a798287-2ddb-4f45-a758-72f424bfa3c7-groupManagement] INFO  server.RaftServerConfigKeys (ConfUtils.java:logGet(46)) - raft.server.log.corruption.policy = EXCEPTION (default)
2024-02-06 10:02:48,008 [4a798287-2ddb-4f45-a758-72f424bfa3c7-groupManagement] INFO  server.RaftServerConfigKeys (ConfUtils.java:logGet(46)) - raft.server.storage.dir = [/home/runner/work/ozone/ozone/hadoop-ozone/integration-test/target/test-dir/MiniOzoneClusterImpl-aff9c889-8dd2-4f79-ab57-76a0adc13766/datanode-5/data/ratis] (custom)
2024-02-06 10:02:48,008 [4a798287-2ddb-4f45-a758-72f424bfa3c7-groupManagement] INFO  storage.RaftStorageDirectory (RaftStorageDirectoryImpl.java:analyzeStorage(138)) - The storage directory /home/runner/work/ozone/ozone/hadoop-ozone/integration-test/target/test-dir/MiniOzoneClusterImpl-aff9c889-8dd2-4f79-ab57-76a0adc13766/datanode-5/data/ratis/583e54d3-5a1a-4106-93b5-3d52b063064b does not exist. Creating ...
2024-02-06 10:02:48,009 [4a798287-2ddb-4f45-a758-72f424bfa3c7-groupManagement] INFO  storage.RaftStorageDirectory (RaftStorageDirectoryImpl.java:tryLock(228)) - Lock on /home/runner/work/ozone/ozone/hadoop-ozone/integration-test/target/test-dir/MiniOzoneClusterImpl-aff9c889-8dd2-4f79-ab57-76a0adc13766/datanode-5/data/ratis/583e54d3-5a1a-4106-93b5-3d52b063064b/in_use.lock acquired by nodename 37157@fv-az776-296
2024-02-06 10:02:48,012 [4a798287-2ddb-4f45-a758-72f424bfa3c7-groupManagement] INFO  storage.RaftStorage (RaftStorageImpl.java:format(99)) - Storage directory /home/runner/work/ozone/ozone/hadoop-ozone/integration-test/target/test-dir/MiniOzoneClusterImpl-aff9c889-8dd2-4f79-ab57-76a0adc13766/datanode-5/data/ratis/583e54d3-5a1a-4106-93b5-3d52b063064b has been successfully formatted.
2024-02-06 10:02:48,012 [fc33255d-a8b6-4933-b6d6-be3a7bd24e4a-PipelineCommandHandlerThread-0] INFO  server.RaftServer (RaftServerProxy.java:addNew(100)) - fc33255d-a8b6-4933-b6d6-be3a7bd24e4a: addNew group-6757DE20DA43:[fc33255d-a8b6-4933-b6d6-be3a7bd24e4a|10.1.0.5:15139] returns group-6757DE20DA43:java.util.concurrent.CompletableFuture@79d4f638[Not completed]
2024-02-06 10:02:48,012 [fc33255d-a8b6-4933-b6d6-be3a7bd24e4a-groupManagement] INFO  server.RaftServer$Division (RaftServerImpl.java:<init>(256)) - fc33255d-a8b6-4933-b6d6-be3a7bd24e4a: new RaftServerImpl for group-6757DE20DA43:[fc33255d-a8b6-4933-b6d6-be3a7bd24e4a|10.1.0.5:15139] with ContainerStateMachine:uninitialized
2024-02-06 10:02:48,013 [fc33255d-a8b6-4933-b6d6-be3a7bd24e4a-groupManagement] INFO  server.RaftServerConfigKeys (ConfUtils.java:logGet(46)) - raft.server.rpc.timeout.min = 5s (custom)
2024-02-06 10:02:48,013 [fc33255d-a8b6-4933-b6d6-be3a7bd24e4a-groupManagement] INFO  server.RaftServerConfigKeys (ConfUtils.java:logGet(46)) - raft.server.rpc.timeout.max = 5200ms (custom)
2024-02-06 10:02:48,013 [fc33255d-a8b6-4933-b6d6-be3a7bd24e4a-groupManagement] INFO  server.RaftServerConfigKeys (ConfUtils.java:logGet(46)) - raft.server.rpc.sleep.time = 25ms (default)
2024-02-06 10:02:48,013 [fc33255d-a8b6-4933-b6d6-be3a7bd24e4a-groupManagement] INFO  server.RaftServerConfigKeys (ConfUtils.java:logGet(46)) - raft.server.rpc.slowness.timeout = 300000ms (custom)
2024-02-06 10:02:48,013 [fc33255d-a8b6-4933-b6d6-be3a7bd24e4a-groupManagement] INFO  server.RaftServerConfigKeys (ConfUtils.java:logGet(46)) - raft.server.leaderelection.leader.step-down.wait-time = 10s (default)
2024-02-06 10:02:48,013 [fc33255d-a8b6-4933-b6d6-be3a7bd24e4a-groupManagement] INFO  server.RaftServerConfigKeys (ConfUtils.java:logGet(46)) - raft.server.leaderelection.member.majority-add = false (default)
2024-02-06 10:02:48,013 [fc33255d-a8b6-4933-b6d6-be3a7bd24e4a-groupManagement] INFO  server.RaftServerConfigKeys (ConfUtils.java:logGet(46)) - raft.server.sleep.deviation.threshold = 300ms (default)
2024-02-06 10:02:48,013 [fc33255d-a8b6-4933-b6d6-be3a7bd24e4a-groupManagement] INFO  server.RaftServer$Division (ServerState.java:<init>(113)) - fc33255d-a8b6-4933-b6d6-be3a7bd24e4a@group-6757DE20DA43: ConfigurationManager, init=-1: peers:[fc33255d-a8b6-4933-b6d6-be3a7bd24e4a|10.1.0.5:15139]|listeners:[], old=null, confs=<EMPTY_MAP>
2024-02-06 10:02:48,013 [fc33255d-a8b6-4933-b6d6-be3a7bd24e4a-groupManagement] INFO  server.RaftServerConfigKeys (ConfUtils.java:logGet(46)) - raft.server.notification.no-leader.timeout = 300000ms (custom)
2024-02-06 10:02:48,013 [fc33255d-a8b6-4933-b6d6-be3a7bd24e4a-groupManagement] INFO  server.RaftServerConfigKeys (ConfUtils.java:logGet(46)) - raft.server.read.timeout = 10s (default)
2024-02-06 10:02:48,013 [fc33255d-a8b6-4933-b6d6-be3a7bd24e4a-groupManagement] INFO  server.RaftServerConfigKeys (ConfUtils.java:logGet(46)) - raft.server.retrycache.expirytime = 600000ms (custom)
2024-02-06 10:02:48,013 [fc33255d-a8b6-4933-b6d6-be3a7bd24e4a-groupManagement] INFO  server.RaftServerConfigKeys (ConfUtils.java:logGet(46)) - raft.server.retrycache.statistics.expirytime = 100ms (default)
2024-02-06 10:02:48,013 [fc33255d-a8b6-4933-b6d6-be3a7bd24e4a-groupManagement] INFO  server.RaftServerConfigKeys (ConfUtils.java:logGet(46)) - raft.server.read.option = DEFAULT (default)
2024-02-06 10:02:48,014 [fc33255d-a8b6-4933-b6d6-be3a7bd24e4a-groupManagement] INFO  server.RaftServerConfigKeys (ConfUtils.java:logGet(46)) - raft.server.read.read-after-write-consistent.write-index-cache.expiry-time = 60s (default)
2024-02-06 10:02:48,014 [4a798287-2ddb-4f45-a758-72f424bfa3c7-groupManagement] WARN  util.FileUtils (LogUtils.java:supplyAndLog(63)) - Failed to Files.newInputStream /home/runner/work/ozone/ozone/hadoop-ozone/integration-test/target/test-dir/MiniOzoneClusterImpl-aff9c889-8dd2-4f79-ab57-76a0adc13766/datanode-5/data/ratis/583e54d3-5a1a-4106-93b5-3d52b063064b/current/raft-meta.conf with options []: java.nio.file.NoSuchFileException: /home/runner/work/ozone/ozone/hadoop-ozone/integration-test/target/test-dir/MiniOzoneClusterImpl-aff9c889-8dd2-4f79-ab57-76a0adc13766/datanode-5/data/ratis/583e54d3-5a1a-4106-93b5-3d52b063064b/current/raft-meta.conf
2024-02-06 10:02:48,016 [4a798287-2ddb-4f45-a758-72f424bfa3c7-groupManagement] INFO  ratis.ContainerStateMachine (ContainerStateMachine.java:loadSnapshot(287)) - group-3D52B063064B: The snapshot info is null. Setting the last applied index to:(t:0, i:~)
2024-02-06 10:02:48,016 [4a798287-2ddb-4f45-a758-72f424bfa3c7-groupManagement] INFO  server.RaftServerConfigKeys (ConfUtils.java:logGet(46)) - raft.server.log.use.memory = false (default)
2024-02-06 10:02:48,017 [4a798287-2ddb-4f45-a758-72f424bfa3c7-groupManagement] INFO  server.RaftServerConfigKeys (ConfUtils.java:logGet(46)) - raft.server.log.purge.gap = 1000000 (custom)
2024-02-06 10:02:48,017 [fc33255d-a8b6-4933-b6d6-be3a7bd24e4a-groupManagement] INFO  server.RaftServerConfigKeys (ConfUtils.java:logGet(46)) - raft.server.rpc.request.timeout = 3000ms (default)
2024-02-06 10:02:48,017 [fc33255d-a8b6-4933-b6d6-be3a7bd24e4a-groupManagement] INFO  server.RaftServerConfigKeys (ConfUtils.java:logGet(46)) - raft.server.log.appender.install.snapshot.enabled = false (custom)
2024-02-06 10:02:48,018 [fc33255d-a8b6-4933-b6d6-be3a7bd24e4a-groupManagement] INFO  server.RaftServerConfigKeys (ConfUtils.java:logGet(46)) - raft.server.threadpool.server.cached = true (default)
2024-02-06 10:02:48,018 [fc33255d-a8b6-4933-b6d6-be3a7bd24e4a-groupManagement] INFO  server.RaftServerConfigKeys (ConfUtils.java:logGet(46)) - raft.server.threadpool.server.size = 0 (default)
2024-02-06 10:02:48,018 [fc33255d-a8b6-4933-b6d6-be3a7bd24e4a-groupManagement] INFO  server.RaftServerConfigKeys (ConfUtils.java:logGet(46)) - raft.server.threadpool.client.cached = true (default)
2024-02-06 10:02:48,018 [fc33255d-a8b6-4933-b6d6-be3a7bd24e4a-groupManagement] INFO  server.RaftServerConfigKeys (ConfUtils.java:logGet(46)) - raft.server.threadpool.client.size = 0 (default)
2024-02-06 10:02:48,018 [fc33255d-a8b6-4933-b6d6-be3a7bd24e4a-groupManagement] INFO  server.RaftServerConfigKeys (ConfUtils.java:logGet(46)) - raft.server.storage.free-space.min = 0MB (=0) (default)
2024-02-06 10:02:48,018 [fc33255d-a8b6-4933-b6d6-be3a7bd24e4a-groupManagement] INFO  server.RaftServerConfigKeys (ConfUtils.java:logGet(46)) - raft.server.log.corruption.policy = EXCEPTION (default)
2024-02-06 10:02:48,018 [fc33255d-a8b6-4933-b6d6-be3a7bd24e4a-groupManagement] INFO  server.RaftServerConfigKeys (ConfUtils.java:logGet(46)) - raft.server.storage.dir = [/home/runner/work/ozone/ozone/hadoop-ozone/integration-test/target/test-dir/MiniOzoneClusterImpl-aff9c889-8dd2-4f79-ab57-76a0adc13766/datanode-4/data/ratis] (custom)
2024-02-06 10:02:48,018 [fc33255d-a8b6-4933-b6d6-be3a7bd24e4a-groupManagement] INFO  storage.RaftStorageDirectory (RaftStorageDirectoryImpl.java:analyzeStorage(138)) - The storage directory /home/runner/work/ozone/ozone/hadoop-ozone/integration-test/target/test-dir/MiniOzoneClusterImpl-aff9c889-8dd2-4f79-ab57-76a0adc13766/datanode-4/data/ratis/ea634636-74e7-4574-b392-6757de20da43 does not exist. Creating ...
2024-02-06 10:02:48,017 [4a798287-2ddb-4f45-a758-72f424bfa3c7-groupManagement] INFO  server.RaftServerConfigKeys (ConfUtils.java:logGet(46)) - raft.server.log.appender.buffer.byte-limit = 8388608 (custom)
2024-02-06 10:02:48,019 [4a798287-2ddb-4f45-a758-72f424bfa3c7-groupManagement] INFO  server.RaftServerConfigKeys (ConfUtils.java:logGet(46)) - raft.server.log.statemachine.data.read.timeout = 1000ms (default)
2024-02-06 10:02:48,019 [4a798287-2ddb-4f45-a758-72f424bfa3c7-groupManagement] INFO  server.RaftServerConfigKeys (ConfUtils.java:logGet(46)) - raft.server.log.purge.preservation.log.num = 0 (default)
2024-02-06 10:02:48,019 [fc33255d-a8b6-4933-b6d6-be3a7bd24e4a-groupManagement] INFO  storage.RaftStorageDirectory (RaftStorageDirectoryImpl.java:tryLock(228)) - Lock on /home/runner/work/ozone/ozone/hadoop-ozone/integration-test/target/test-dir/MiniOzoneClusterImpl-aff9c889-8dd2-4f79-ab57-76a0adc13766/datanode-4/data/ratis/ea634636-74e7-4574-b392-6757de20da43/in_use.lock acquired by nodename 37157@fv-az776-296
2024-02-06 10:02:48,020 [4a798287-2ddb-4f45-a758-72f424bfa3c7-groupManagement] INFO  server.RaftServerConfigKeys (ConfUtils.java:logGet(46)) - raft.server.log.segment.size.max = 67108864 (custom)
2024-02-06 10:02:48,020 [4a798287-2ddb-4f45-a758-72f424bfa3c7-groupManagement] INFO  server.RaftServerConfigKeys (ConfUtils.java:logGet(46)) - raft.server.log.segment.cache.num.max = 2 (custom)
2024-02-06 10:02:48,021 [4a798287-2ddb-4f45-a758-72f424bfa3c7-groupManagement] INFO  server.RaftServerConfigKeys (ConfUtils.java:logGet(46)) - raft.server.log.segment.cache.size.max = 200MB (=209715200) (default)
2024-02-06 10:02:48,021 [4a798287-2ddb-4f45-a758-72f424bfa3c7-groupManagement] INFO  server.RaftServerConfigKeys (ConfUtils.java:logGet(46)) - raft.server.log.appender.buffer.byte-limit = 8388608 (custom)
2024-02-06 10:02:48,021 [fc33255d-a8b6-4933-b6d6-be3a7bd24e4a-groupManagement] INFO  storage.RaftStorage (RaftStorageImpl.java:format(99)) - Storage directory /home/runner/work/ozone/ozone/hadoop-ozone/integration-test/target/test-dir/MiniOzoneClusterImpl-aff9c889-8dd2-4f79-ab57-76a0adc13766/datanode-4/data/ratis/ea634636-74e7-4574-b392-6757de20da43 has been successfully formatted.
2024-02-06 10:02:48,021 [fc33255d-a8b6-4933-b6d6-be3a7bd24e4a-groupManagement] WARN  util.FileUtils (LogUtils.java:supplyAndLog(63)) - Failed to Files.newInputStream /home/runner/work/ozone/ozone/hadoop-ozone/integration-test/target/test-dir/MiniOzoneClusterImpl-aff9c889-8dd2-4f79-ab57-76a0adc13766/datanode-4/data/ratis/ea634636-74e7-4574-b392-6757de20da43/current/raft-meta.conf with options []: java.nio.file.NoSuchFileException: /home/runner/work/ozone/ozone/hadoop-ozone/integration-test/target/test-dir/MiniOzoneClusterImpl-aff9c889-8dd2-4f79-ab57-76a0adc13766/datanode-4/data/ratis/ea634636-74e7-4574-b392-6757de20da43/current/raft-meta.conf
2024-02-06 10:02:48,021 [4a798287-2ddb-4f45-a758-72f424bfa3c7-groupManagement] INFO  util.AwaitToRun (AwaitToRun.java:start(81)) - Thread[4a798287-2ddb-4f45-a758-72f424bfa3c7@group-3D52B063064B-cacheEviction-AwaitToRun,5,main] started
2024-02-06 10:02:48,021 [fc33255d-a8b6-4933-b6d6-be3a7bd24e4a-groupManagement] INFO  ratis.ContainerStateMachine (ContainerStateMachine.java:loadSnapshot(287)) - group-6757DE20DA43: The snapshot info is null. Setting the last applied index to:(t:0, i:~)
2024-02-06 10:02:48,021 [4a798287-2ddb-4f45-a758-72f424bfa3c7-groupManagement] INFO  segmented.SegmentedRaftLogWorker (SegmentedRaftLogWorker.java:<init>(182)) - new 4a798287-2ddb-4f45-a758-72f424bfa3c7@group-3D52B063064B-SegmentedRaftLogWorker for RaftStorageImpl:Storage Directory /home/runner/work/ozone/ozone/hadoop-ozone/integration-test/target/test-dir/MiniOzoneClusterImpl-aff9c889-8dd2-4f79-ab57-76a0adc13766/datanode-5/data/ratis/583e54d3-5a1a-4106-93b5-3d52b063064b
2024-02-06 10:02:48,021 [fc33255d-a8b6-4933-b6d6-be3a7bd24e4a-groupManagement] INFO  server.RaftServerConfigKeys (ConfUtils.java:logGet(46)) - raft.server.log.use.memory = false (default)
2024-02-06 10:02:48,022 [4a798287-2ddb-4f45-a758-72f424bfa3c7-groupManagement] INFO  server.RaftServerConfigKeys (ConfUtils.java:logGet(46)) - raft.server.log.queue.byte-limit = 4294967296 (custom)
2024-02-06 10:02:48,022 [fc33255d-a8b6-4933-b6d6-be3a7bd24e4a-groupManagement] INFO  server.RaftServerConfigKeys (ConfUtils.java:logGet(46)) - raft.server.log.purge.gap = 1000000 (custom)
2024-02-06 10:02:48,022 [fc33255d-a8b6-4933-b6d6-be3a7bd24e4a-groupManagement] INFO  server.RaftServerConfigKeys (ConfUtils.java:logGet(46)) - raft.server.log.appender.buffer.byte-limit = 8388608 (custom)
2024-02-06 10:02:48,022 [fc33255d-a8b6-4933-b6d6-be3a7bd24e4a-groupManagement] INFO  server.RaftServerConfigKeys (ConfUtils.java:logGet(46)) - raft.server.log.statemachine.data.read.timeout = 1000ms (default)
2024-02-06 10:02:48,022 [fc33255d-a8b6-4933-b6d6-be3a7bd24e4a-groupManagement] INFO  server.RaftServerConfigKeys (ConfUtils.java:logGet(46)) - raft.server.log.purge.preservation.log.num = 0 (default)
2024-02-06 10:02:48,022 [4a798287-2ddb-4f45-a758-72f424bfa3c7-groupManagement] INFO  server.RaftServerConfigKeys (ConfUtils.java:logGet(46)) - raft.server.log.queue.element-limit = 1024 (custom)
2024-02-06 10:02:48,023 [4a798287-2ddb-4f45-a758-72f424bfa3c7-groupManagement] INFO  server.RaftServerConfigKeys (ConfUtils.java:logGet(46)) - raft.server.log.segment.size.max = 67108864 (custom)
2024-02-06 10:02:48,023 [4a798287-2ddb-4f45-a758-72f424bfa3c7-groupManagement] INFO  server.RaftServerConfigKeys (ConfUtils.java:logGet(46)) - raft.server.log.preallocated.size = 4194304 (custom)
2024-02-06 10:02:48,023 [4a798287-2ddb-4f45-a758-72f424bfa3c7-groupManagement] INFO  server.RaftServerConfigKeys (ConfUtils.java:logGet(46)) - raft.server.log.force.sync.num = 128 (default)
2024-02-06 10:02:48,023 [4a798287-2ddb-4f45-a758-72f424bfa3c7-groupManagement] INFO  server.RaftServerConfigKeys (ConfUtils.java:logGet(46)) - raft.server.log.statemachine.data.sync = true (default)
2024-02-06 10:02:48,023 [4a798287-2ddb-4f45-a758-72f424bfa3c7-groupManagement] INFO  server.RaftServerConfigKeys (ConfUtils.java:logGet(46)) - raft.server.log.statemachine.data.sync.timeout = 10s (default)
2024-02-06 10:02:48,023 [4a798287-2ddb-4f45-a758-72f424bfa3c7-groupManagement] INFO  server.RaftServerConfigKeys (ConfUtils.java:logGet(46)) - raft.server.log.statemachine.data.sync.timeout.retry = 0 (custom)
2024-02-06 10:02:48,023 [EventQueue-PipelineReportForPipelineReportHandler] INFO  pipeline.PipelineReportHandler (PipelineReportHandler.java:processPipelineReport(136)) - Opened pipeline PipelineID=ea634636-74e7-4574-b392-6757de20da43
2024-02-06 10:02:48,023 [EventQueue-OpenPipelineForHealthyPipelineSafeModeRule] INFO  safemode.SCMSafeModeManager (HealthyPipelineSafeModeRule.java:process(140)) - SCM in safe mode. Healthy pipelines reported count is 0, required healthy pipeline reported count is 1
2024-02-06 10:02:48,024 [4a798287-2ddb-4f45-a758-72f424bfa3c7-groupManagement] INFO  server.RaftServerConfigKeys (ConfUtils.java:logGet(46)) - raft.server.log.write.buffer.size = 8388616 (custom)
2024-02-06 10:02:48,023 [fc33255d-a8b6-4933-b6d6-be3a7bd24e4a-groupManagement] INFO  server.RaftServerConfigKeys (ConfUtils.java:logGet(46)) - raft.server.log.segment.size.max = 67108864 (custom)
2024-02-06 10:02:48,026 [fc33255d-a8b6-4933-b6d6-be3a7bd24e4a-groupManagement] INFO  server.RaftServerConfigKeys (ConfUtils.java:logGet(46)) - raft.server.log.segment.cache.num.max = 2 (custom)
2024-02-06 10:02:48,026 [fc33255d-a8b6-4933-b6d6-be3a7bd24e4a-groupManagement] INFO  server.RaftServerConfigKeys (ConfUtils.java:logGet(46)) - raft.server.log.segment.cache.size.max = 200MB (=209715200) (default)
2024-02-06 10:02:48,026 [fc33255d-a8b6-4933-b6d6-be3a7bd24e4a-groupManagement] INFO  server.RaftServerConfigKeys (ConfUtils.java:logGet(46)) - raft.server.log.appender.buffer.byte-limit = 8388608 (custom)
2024-02-06 10:02:48,027 [4a798287-2ddb-4f45-a758-72f424bfa3c7-groupManagement] INFO  server.RaftServerConfigKeys (ConfUtils.java:logGet(46)) - raft.server.log.appender.buffer.byte-limit = 8388608 (custom)
2024-02-06 10:02:48,027 [4a798287-2ddb-4f45-a758-72f424bfa3c7-groupManagement] INFO  server.RaftServerConfigKeys (ConfUtils.java:logGet(46)) - raft.server.log.unsafe-flush.enabled = false (default)
2024-02-06 10:02:48,027 [4a798287-2ddb-4f45-a758-72f424bfa3c7-groupManagement] INFO  server.RaftServerConfigKeys (ConfUtils.java:logGet(46)) - raft.server.log.async-flush.enabled = false (default)
2024-02-06 10:02:48,027 [4a798287-2ddb-4f45-a758-72f424bfa3c7-groupManagement] INFO  server.RaftServerConfigKeys (ConfUtils.java:logGet(46)) - raft.server.log.statemachine.data.caching.enabled = true (custom)
2024-02-06 10:02:48,027 [4a798287-2ddb-4f45-a758-72f424bfa3c7-groupManagement] INFO  segmented.SegmentedRaftLogWorker (SegmentedRaftLogWorker.java:lambda$new$0(134)) - 4a798287-2ddb-4f45-a758-72f424bfa3c7@group-3D52B063064B-SegmentedRaftLogWorker: flushIndex: setUnconditionally 0 -> -1
2024-02-06 10:02:48,027 [4a798287-2ddb-4f45-a758-72f424bfa3c7-groupManagement] INFO  segmented.SegmentedRaftLogWorker (SegmentedRaftLogWorker.java:lambda$new$0(134)) - 4a798287-2ddb-4f45-a758-72f424bfa3c7@group-3D52B063064B-SegmentedRaftLogWorker: safeCacheEvictIndex: setUnconditionally 0 -> -1
2024-02-06 10:02:48,027 [fc33255d-a8b6-4933-b6d6-be3a7bd24e4a-groupManagement] INFO  util.AwaitToRun (AwaitToRun.java:start(81)) - Thread[fc33255d-a8b6-4933-b6d6-be3a7bd24e4a@group-6757DE20DA43-cacheEviction-AwaitToRun,5,main] started
2024-02-06 10:02:48,027 [fc33255d-a8b6-4933-b6d6-be3a7bd24e4a-groupManagement] INFO  segmented.SegmentedRaftLogWorker (SegmentedRaftLogWorker.java:<init>(182)) - new fc33255d-a8b6-4933-b6d6-be3a7bd24e4a@group-6757DE20DA43-SegmentedRaftLogWorker for RaftStorageImpl:Storage Directory /home/runner/work/ozone/ozone/hadoop-ozone/integration-test/target/test-dir/MiniOzoneClusterImpl-aff9c889-8dd2-4f79-ab57-76a0adc13766/datanode-4/data/ratis/ea634636-74e7-4574-b392-6757de20da43
2024-02-06 10:02:48,028 [fc33255d-a8b6-4933-b6d6-be3a7bd24e4a-groupManagement] INFO  server.RaftServerConfigKeys (ConfUtils.java:logGet(46)) - raft.server.log.queue.byte-limit = 4294967296 (custom)
2024-02-06 10:02:48,028 [fc33255d-a8b6-4933-b6d6-be3a7bd24e4a-groupManagement] INFO  server.RaftServerConfigKeys (ConfUtils.java:logGet(46)) - raft.server.log.queue.element-limit = 1024 (custom)
2024-02-06 10:02:48,028 [fc33255d-a8b6-4933-b6d6-be3a7bd24e4a-groupManagement] INFO  server.RaftServerConfigKeys (ConfUtils.java:logGet(46)) - raft.server.log.segment.size.max = 67108864 (custom)
2024-02-06 10:02:48,028 [fc33255d-a8b6-4933-b6d6-be3a7bd24e4a-groupManagement] INFO  server.RaftServerConfigKeys (ConfUtils.java:logGet(46)) - raft.server.log.preallocated.size = 4194304 (custom)
2024-02-06 10:02:48,028 [4a798287-2ddb-4f45-a758-72f424bfa3c7-groupManagement] INFO  server.RaftServer$Division (RaftServerImpl.java:start(396)) - 4a798287-2ddb-4f45-a758-72f424bfa3c7@group-3D52B063064B: start as a follower, conf=-1: peers:[4a798287-2ddb-4f45-a758-72f424bfa3c7|10.1.0.5:15148, fc33255d-a8b6-4933-b6d6-be3a7bd24e4a|10.1.0.5:15139, 9b6fde4f-3239-4bc3-82bd-b2cd2f08e288|10.1.0.5:15130]|listeners:[], old=null
2024-02-06 10:02:48,028 [fc33255d-a8b6-4933-b6d6-be3a7bd24e4a-groupManagement] INFO  server.RaftServerConfigKeys (ConfUtils.java:logGet(46)) - raft.server.log.force.sync.num = 128 (default)
2024-02-06 10:02:48,028 [4a798287-2ddb-4f45-a758-72f424bfa3c7-groupManagement] INFO  server.RaftServer$Division (RaftServerImpl.java:setRole(383)) - 4a798287-2ddb-4f45-a758-72f424bfa3c7@group-3D52B063064B: changes role from      null to FOLLOWER at term 0 for startAsFollower
2024-02-06 10:02:48,028 [fc33255d-a8b6-4933-b6d6-be3a7bd24e4a-groupManagement] INFO  server.RaftServerConfigKeys (ConfUtils.java:logGet(46)) - raft.server.log.statemachine.data.sync = true (default)
2024-02-06 10:02:48,028 [4a798287-2ddb-4f45-a758-72f424bfa3c7-groupManagement] INFO  impl.RoleInfo (RoleInfo.java:updateAndGet(139)) - 4a798287-2ddb-4f45-a758-72f424bfa3c7: start 4a798287-2ddb-4f45-a758-72f424bfa3c7@group-3D52B063064B-FollowerState
2024-02-06 10:02:48,028 [fc33255d-a8b6-4933-b6d6-be3a7bd24e4a-groupManagement] INFO  server.RaftServerConfigKeys (ConfUtils.java:logGet(46)) - raft.server.log.statemachine.data.sync.timeout = 10s (default)
2024-02-06 10:02:48,028 [fc33255d-a8b6-4933-b6d6-be3a7bd24e4a-groupManagement] INFO  server.RaftServerConfigKeys (ConfUtils.java:logGet(46)) - raft.server.log.statemachine.data.sync.timeout.retry = 0 (custom)
2024-02-06 10:02:48,028 [4a798287-2ddb-4f45-a758-72f424bfa3c7-groupManagement] INFO  util.JmxRegister (JmxRegister.java:tryRegister(44)) - Successfully registered JMX Bean with object name Ratis:service=RaftServer,group=group-3D52B063064B,id=4a798287-2ddb-4f45-a758-72f424bfa3c7
2024-02-06 10:02:48,028 [4a798287-2ddb-4f45-a758-72f424bfa3c7@group-3D52B063064B-FollowerState] INFO  server.RaftServerConfigKeys (ConfUtils.java:logFallback(53)) - raft.server.rpc.first-election.timeout.min = 5s (fallback to raft.server.rpc.timeout.min)
2024-02-06 10:02:48,028 [4a798287-2ddb-4f45-a758-72f424bfa3c7-groupManagement] INFO  server.RaftServerConfigKeys (ConfUtils.java:logGet(46)) - raft.server.snapshot.trigger-when-stop.enabled = true (default)
2024-02-06 10:02:48,029 [4a798287-2ddb-4f45-a758-72f424bfa3c7@group-3D52B063064B-FollowerState] INFO  server.RaftServerConfigKeys (ConfUtils.java:logFallback(53)) - raft.server.rpc.first-election.timeout.max = 5200ms (fallback to raft.server.rpc.timeout.max)
2024-02-06 10:02:48,029 [4a798287-2ddb-4f45-a758-72f424bfa3c7-groupManagement] INFO  server.RaftServerConfigKeys (ConfUtils.java:logGet(46)) - raft.server.snapshot.auto.trigger.enabled = true (custom)
2024-02-06 10:02:48,029 [fc33255d-a8b6-4933-b6d6-be3a7bd24e4a-groupManagement] INFO  server.RaftServerConfigKeys (ConfUtils.java:logGet(46)) - raft.server.log.write.buffer.size = 8388616 (custom)
2024-02-06 10:02:48,029 [4a798287-2ddb-4f45-a758-72f424bfa3c7-groupManagement] INFO  server.RaftServerConfigKeys (ConfUtils.java:logGet(46)) - raft.server.snapshot.auto.trigger.threshold = 10000 (custom)
2024-02-06 10:02:48,029 [4a798287-2ddb-4f45-a758-72f424bfa3c7-groupManagement] INFO  server.RaftServerConfigKeys (ConfUtils.java:logGet(46)) - raft.server.snapshot.retention.file.num = 5 (custom)
2024-02-06 10:02:48,029 [4a798287-2ddb-4f45-a758-72f424bfa3c7-groupManagement] INFO  server.RaftServerConfigKeys (ConfUtils.java:logGet(46)) - raft.server.log.purge.upto.snapshot.index = false (default)
2024-02-06 10:02:48,031 [fc33255d-a8b6-4933-b6d6-be3a7bd24e4a-groupManagement] INFO  server.RaftServerConfigKeys (ConfUtils.java:logGet(46)) - raft.server.log.appender.buffer.byte-limit = 8388608 (custom)
2024-02-06 10:02:48,032 [fc33255d-a8b6-4933-b6d6-be3a7bd24e4a-groupManagement] INFO  server.RaftServerConfigKeys (ConfUtils.java:logGet(46)) - raft.server.log.unsafe-flush.enabled = false (default)
2024-02-06 10:02:48,032 [fc33255d-a8b6-4933-b6d6-be3a7bd24e4a-groupManagement] INFO  server.RaftServerConfigKeys (ConfUtils.java:logGet(46)) - raft.server.log.async-flush.enabled = false (default)
2024-02-06 10:02:48,032 [fc33255d-a8b6-4933-b6d6-be3a7bd24e4a-groupManagement] INFO  server.RaftServerConfigKeys (ConfUtils.java:logGet(46)) - raft.server.log.statemachine.data.caching.enabled = true (custom)
2024-02-06 10:02:48,032 [fc33255d-a8b6-4933-b6d6-be3a7bd24e4a-groupManagement] INFO  segmented.SegmentedRaftLogWorker (SegmentedRaftLogWorker.java:lambda$new$0(134)) - fc33255d-a8b6-4933-b6d6-be3a7bd24e4a@group-6757DE20DA43-SegmentedRaftLogWorker: flushIndex: setUnconditionally 0 -> -1
2024-02-06 10:02:48,033 [fc33255d-a8b6-4933-b6d6-be3a7bd24e4a-groupManagement] INFO  segmented.SegmentedRaftLogWorker (SegmentedRaftLogWorker.java:lambda$new$0(134)) - fc33255d-a8b6-4933-b6d6-be3a7bd24e4a@group-6757DE20DA43-SegmentedRaftLogWorker: safeCacheEvictIndex: setUnconditionally 0 -> -1
2024-02-06 10:02:48,033 [fc33255d-a8b6-4933-b6d6-be3a7bd24e4a-groupManagement] INFO  server.RaftServer$Division (RaftServerImpl.java:start(396)) - fc33255d-a8b6-4933-b6d6-be3a7bd24e4a@group-6757DE20DA43: start as a follower, conf=-1: peers:[fc33255d-a8b6-4933-b6d6-be3a7bd24e4a|10.1.0.5:15139]|listeners:[], old=null
2024-02-06 10:02:48,033 [fc33255d-a8b6-4933-b6d6-be3a7bd24e4a-groupManagement] INFO  server.RaftServer$Division (RaftServerImpl.java:setRole(383)) - fc33255d-a8b6-4933-b6d6-be3a7bd24e4a@group-6757DE20DA43: changes role from      null to FOLLOWER at term 0 for startAsFollower
2024-02-06 10:02:48,035 [fc33255d-a8b6-4933-b6d6-be3a7bd24e4a-groupManagement] INFO  impl.RoleInfo (RoleInfo.java:updateAndGet(139)) - fc33255d-a8b6-4933-b6d6-be3a7bd24e4a: start fc33255d-a8b6-4933-b6d6-be3a7bd24e4a@group-6757DE20DA43-FollowerState
2024-02-06 10:02:48,035 [9b6fde4f-3239-4bc3-82bd-b2cd2f08e288-PipelineCommandHandlerThread-0] INFO  commandhandler.CreatePipelineCommandHandler (CreatePipelineCommandHandler.java:lambda$handle$2(124)) - Created Pipeline RATIS THREE PipelineID=583e54d3-5a1a-4106-93b5-3d52b063064b.
2024-02-06 10:02:48,035 [fc33255d-a8b6-4933-b6d6-be3a7bd24e4a-groupManagement] INFO  util.JmxRegister (JmxRegister.java:tryRegister(44)) - Successfully registered JMX Bean with object name Ratis:service=RaftServer,group=group-6757DE20DA43,id=fc33255d-a8b6-4933-b6d6-be3a7bd24e4a
2024-02-06 10:02:48,035 [fc33255d-a8b6-4933-b6d6-be3a7bd24e4a-groupManagement] INFO  server.RaftServerConfigKeys (ConfUtils.java:logGet(46)) - raft.server.snapshot.trigger-when-stop.enabled = true (default)
2024-02-06 10:02:48,035 [fc33255d-a8b6-4933-b6d6-be3a7bd24e4a-groupManagement] INFO  server.RaftServerConfigKeys (ConfUtils.java:logGet(46)) - raft.server.snapshot.auto.trigger.enabled = true (custom)
2024-02-06 10:02:48,035 [fc33255d-a8b6-4933-b6d6-be3a7bd24e4a-groupManagement] INFO  server.RaftServerConfigKeys (ConfUtils.java:logGet(46)) - raft.server.snapshot.auto.trigger.threshold = 10000 (custom)
2024-02-06 10:02:48,036 [fc33255d-a8b6-4933-b6d6-be3a7bd24e4a-groupManagement] INFO  server.RaftServerConfigKeys (ConfUtils.java:logGet(46)) - raft.server.snapshot.retention.file.num = 5 (custom)
2024-02-06 10:02:48,036 [fc33255d-a8b6-4933-b6d6-be3a7bd24e4a-groupManagement] INFO  server.RaftServerConfigKeys (ConfUtils.java:logGet(46)) - raft.server.log.purge.upto.snapshot.index = false (default)
2024-02-06 10:02:48,036 [fc33255d-a8b6-4933-b6d6-be3a7bd24e4a-PipelineCommandHandlerThread-0] INFO  ratis.XceiverServerRatis (XceiverServerRatis.java:addGroup(864)) - Created group PipelineID=ea634636-74e7-4574-b392-6757de20da43
2024-02-06 10:02:48,036 [fc33255d-a8b6-4933-b6d6-be3a7bd24e4a-PipelineCommandHandlerThread-0] INFO  commandhandler.CreatePipelineCommandHandler (CreatePipelineCommandHandler.java:lambda$handle$2(124)) - Created Pipeline RATIS ONE PipelineID=ea634636-74e7-4574-b392-6757de20da43.
2024-02-06 10:02:48,037 [fc33255d-a8b6-4933-b6d6-be3a7bd24e4a@group-6757DE20DA43-FollowerState] INFO  server.RaftServerConfigKeys (ConfUtils.java:logFallback(53)) - raft.server.rpc.first-election.timeout.min = 5s (fallback to raft.server.rpc.timeout.min)
2024-02-06 10:02:48,037 [fc33255d-a8b6-4933-b6d6-be3a7bd24e4a@group-6757DE20DA43-FollowerState] INFO  server.RaftServerConfigKeys (ConfUtils.java:logFallback(53)) - raft.server.rpc.first-election.timeout.max = 5200ms (fallback to raft.server.rpc.timeout.max)
2024-02-06 10:02:48,118 [4a798287-2ddb-4f45-a758-72f424bfa3c7-PipelineCommandHandlerThread-0] INFO  server.RaftServer (RaftServerProxy.java:addNew(100)) - 4a798287-2ddb-4f45-a758-72f424bfa3c7: addNew group-A1C2FAEB3750:[4a798287-2ddb-4f45-a758-72f424bfa3c7|10.1.0.5:15148] returns group-A1C2FAEB3750:java.util.concurrent.CompletableFuture@6a60f2b2[Not completed]
2024-02-06 10:02:48,119 [4a798287-2ddb-4f45-a758-72f424bfa3c7-groupManagement] INFO  server.RaftServer$Division (RaftServerImpl.java:<init>(256)) - 4a798287-2ddb-4f45-a758-72f424bfa3c7: new RaftServerImpl for group-A1C2FAEB3750:[4a798287-2ddb-4f45-a758-72f424bfa3c7|10.1.0.5:15148] with ContainerStateMachine:uninitialized
2024-02-06 10:02:48,119 [4a798287-2ddb-4f45-a758-72f424bfa3c7-groupManagement] INFO  server.RaftServerConfigKeys (ConfUtils.java:logGet(46)) - raft.server.rpc.timeout.min = 5s (custom)
2024-02-06 10:02:48,119 [4a798287-2ddb-4f45-a758-72f424bfa3c7-groupManagement] INFO  server.RaftServerConfigKeys (ConfUtils.java:logGet(46)) - raft.server.rpc.timeout.max = 5200ms (custom)
2024-02-06 10:02:48,119 [4a798287-2ddb-4f45-a758-72f424bfa3c7-groupManagement] INFO  server.RaftServerConfigKeys (ConfUtils.java:logGet(46)) - raft.server.rpc.sleep.time = 25ms (default)
2024-02-06 10:02:48,119 [4a798287-2ddb-4f45-a758-72f424bfa3c7-groupManagement] INFO  server.RaftServerConfigKeys (ConfUtils.java:logGet(46)) - raft.server.rpc.slowness.timeout = 300000ms (custom)
2024-02-06 10:02:48,119 [4a798287-2ddb-4f45-a758-72f424bfa3c7-groupManagement] INFO  server.RaftServerConfigKeys (ConfUtils.java:logGet(46)) - raft.server.leaderelection.leader.step-down.wait-time = 10s (default)
2024-02-06 10:02:48,120 [4a798287-2ddb-4f45-a758-72f424bfa3c7-groupManagement] INFO  server.RaftServerConfigKeys (ConfUtils.java:logGet(46)) - raft.server.leaderelection.member.majority-add = false (default)
2024-02-06 10:02:48,120 [4a798287-2ddb-4f45-a758-72f424bfa3c7-groupManagement] INFO  server.RaftServerConfigKeys (ConfUtils.java:logGet(46)) - raft.server.sleep.deviation.threshold = 300ms (default)
2024-02-06 10:02:48,120 [4a798287-2ddb-4f45-a758-72f424bfa3c7-groupManagement] INFO  server.RaftServer$Division (ServerState.java:<init>(113)) - 4a798287-2ddb-4f45-a758-72f424bfa3c7@group-A1C2FAEB3750: ConfigurationManager, init=-1: peers:[4a798287-2ddb-4f45-a758-72f424bfa3c7|10.1.0.5:15148]|listeners:[], old=null, confs=<EMPTY_MAP>
2024-02-06 10:02:48,120 [4a798287-2ddb-4f45-a758-72f424bfa3c7-groupManagement] INFO  server.RaftServerConfigKeys (ConfUtils.java:logGet(46)) - raft.server.notification.no-leader.timeout = 300000ms (custom)
2024-02-06 10:02:48,120 [4a798287-2ddb-4f45-a758-72f424bfa3c7-groupManagement] INFO  server.RaftServerConfigKeys (ConfUtils.java:logGet(46)) - raft.server.read.timeout = 10s (default)
2024-02-06 10:02:48,120 [4a798287-2ddb-4f45-a758-72f424bfa3c7-groupManagement] INFO  server.RaftServerConfigKeys (ConfUtils.java:logGet(46)) - raft.server.retrycache.expirytime = 600000ms (custom)
2024-02-06 10:02:48,120 [4a798287-2ddb-4f45-a758-72f424bfa3c7-groupManagement] INFO  server.RaftServerConfigKeys (ConfUtils.java:logGet(46)) - raft.server.retrycache.statistics.expirytime = 100ms (default)
2024-02-06 10:02:48,120 [4a798287-2ddb-4f45-a758-72f424bfa3c7-groupManagement] INFO  server.RaftServerConfigKeys (ConfUtils.java:logGet(46)) - raft.server.read.option = DEFAULT (default)
2024-02-06 10:02:48,120 [4a798287-2ddb-4f45-a758-72f424bfa3c7-groupManagement] INFO  server.RaftServerConfigKeys (ConfUtils.java:logGet(46)) - raft.server.read.read-after-write-consistent.write-index-cache.expiry-time = 60s (default)
2024-02-06 10:02:48,122 [4a798287-2ddb-4f45-a758-72f424bfa3c7-groupManagement] INFO  server.RaftServerConfigKeys (ConfUtils.java:logGet(46)) - raft.server.rpc.request.timeout = 3000ms (default)
2024-02-06 10:02:48,122 [4a798287-2ddb-4f45-a758-72f424bfa3c7-groupManagement] INFO  server.RaftServerConfigKeys (ConfUtils.java:logGet(46)) - raft.server.log.appender.install.snapshot.enabled = false (custom)
2024-02-06 10:02:48,122 [4a798287-2ddb-4f45-a758-72f424bfa3c7-groupManagement] INFO  server.RaftServerConfigKeys (ConfUtils.java:logGet(46)) - raft.server.threadpool.server.cached = true (default)
2024-02-06 10:02:48,122 [4a798287-2ddb-4f45-a758-72f424bfa3c7-groupManagement] INFO  server.RaftServerConfigKeys (ConfUtils.java:logGet(46)) - raft.server.threadpool.server.size = 0 (default)
2024-02-06 10:02:48,122 [4a798287-2ddb-4f45-a758-72f424bfa3c7-groupManagement] INFO  server.RaftServerConfigKeys (ConfUtils.java:logGet(46)) - raft.server.threadpool.client.cached = true (default)
2024-02-06 10:02:48,122 [4a798287-2ddb-4f45-a758-72f424bfa3c7-groupManagement] INFO  server.RaftServerConfigKeys (ConfUtils.java:logGet(46)) - raft.server.threadpool.client.size = 0 (default)
2024-02-06 10:02:48,122 [4a798287-2ddb-4f45-a758-72f424bfa3c7-groupManagement] INFO  server.RaftServerConfigKeys (ConfUtils.java:logGet(46)) - raft.server.storage.free-space.min = 0MB (=0) (default)
2024-02-06 10:02:48,122 [4a798287-2ddb-4f45-a758-72f424bfa3c7-groupManagement] INFO  server.RaftServerConfigKeys (ConfUtils.java:logGet(46)) - raft.server.log.corruption.policy = EXCEPTION (default)
2024-02-06 10:02:48,122 [4a798287-2ddb-4f45-a758-72f424bfa3c7-groupManagement] INFO  server.RaftServerConfigKeys (ConfUtils.java:logGet(46)) - raft.server.storage.dir = [/home/runner/work/ozone/ozone/hadoop-ozone/integration-test/target/test-dir/MiniOzoneClusterImpl-aff9c889-8dd2-4f79-ab57-76a0adc13766/datanode-5/data/ratis] (custom)
2024-02-06 10:02:48,123 [4a798287-2ddb-4f45-a758-72f424bfa3c7-groupManagement] INFO  storage.RaftStorageDirectory (RaftStorageDirectoryImpl.java:analyzeStorage(138)) - The storage directory /home/runner/work/ozone/ozone/hadoop-ozone/integration-test/target/test-dir/MiniOzoneClusterImpl-aff9c889-8dd2-4f79-ab57-76a0adc13766/datanode-5/data/ratis/dfc1d059-b2b9-4399-a3f0-a1c2faeb3750 does not exist. Creating ...
2024-02-06 10:02:48,123 [4a798287-2ddb-4f45-a758-72f424bfa3c7-groupManagement] INFO  storage.RaftStorageDirectory (RaftStorageDirectoryImpl.java:tryLock(228)) - Lock on /home/runner/work/ozone/ozone/hadoop-ozone/integration-test/target/test-dir/MiniOzoneClusterImpl-aff9c889-8dd2-4f79-ab57-76a0adc13766/datanode-5/data/ratis/dfc1d059-b2b9-4399-a3f0-a1c2faeb3750/in_use.lock acquired by nodename 37157@fv-az776-296
2024-02-06 10:02:48,124 [4a798287-2ddb-4f45-a758-72f424bfa3c7-groupManagement] INFO  storage.RaftStorage (RaftStorageImpl.java:format(99)) - Storage directory /home/runner/work/ozone/ozone/hadoop-ozone/integration-test/target/test-dir/MiniOzoneClusterImpl-aff9c889-8dd2-4f79-ab57-76a0adc13766/datanode-5/data/ratis/dfc1d059-b2b9-4399-a3f0-a1c2faeb3750 has been successfully formatted.
2024-02-06 10:02:48,125 [4a798287-2ddb-4f45-a758-72f424bfa3c7-groupManagement] WARN  util.FileUtils (LogUtils.java:supplyAndLog(63)) - Failed to Files.newInputStream /home/runner/work/ozone/ozone/hadoop-ozone/integration-test/target/test-dir/MiniOzoneClusterImpl-aff9c889-8dd2-4f79-ab57-76a0adc13766/datanode-5/data/ratis/dfc1d059-b2b9-4399-a3f0-a1c2faeb3750/current/raft-meta.conf with options []: java.nio.file.NoSuchFileException: /home/runner/work/ozone/ozone/hadoop-ozone/integration-test/target/test-dir/MiniOzoneClusterImpl-aff9c889-8dd2-4f79-ab57-76a0adc13766/datanode-5/data/ratis/dfc1d059-b2b9-4399-a3f0-a1c2faeb3750/current/raft-meta.conf
2024-02-06 10:02:48,125 [4a798287-2ddb-4f45-a758-72f424bfa3c7-groupManagement] INFO  ratis.ContainerStateMachine (ContainerStateMachine.java:loadSnapshot(287)) - group-A1C2FAEB3750: The snapshot info is null. Setting the last applied index to:(t:0, i:~)
2024-02-06 10:02:48,125 [4a798287-2ddb-4f45-a758-72f424bfa3c7-groupManagement] INFO  server.RaftServerConfigKeys (ConfUtils.java:logGet(46)) - raft.server.log.use.memory = false (default)
2024-02-06 10:02:48,125 [4a798287-2ddb-4f45-a758-72f424bfa3c7-groupManagement] INFO  server.RaftServerConfigKeys (ConfUtils.java:logGet(46)) - raft.server.log.purge.gap = 1000000 (custom)
2024-02-06 10:02:48,125 [4a798287-2ddb-4f45-a758-72f424bfa3c7-groupManagement] INFO  server.RaftServerConfigKeys (ConfUtils.java:logGet(46)) - raft.server.log.appender.buffer.byte-limit = 8388608 (custom)
2024-02-06 10:02:48,125 [4a798287-2ddb-4f45-a758-72f424bfa3c7-groupManagement] INFO  server.RaftServerConfigKeys (ConfUtils.java:logGet(46)) - raft.server.log.statemachine.data.read.timeout = 1000ms (default)
2024-02-06 10:02:48,125 [4a798287-2ddb-4f45-a758-72f424bfa3c7-groupManagement] INFO  server.RaftServerConfigKeys (ConfUtils.java:logGet(46)) - raft.server.log.purge.preservation.log.num = 0 (default)
2024-02-06 10:02:48,126 [EventQueue-PipelineReportForPipelineReportHandler] INFO  pipeline.PipelineReportHandler (PipelineReportHandler.java:processPipelineReport(136)) - Opened pipeline PipelineID=dfc1d059-b2b9-4399-a3f0-a1c2faeb3750
2024-02-06 10:02:48,127 [EventQueue-OpenPipelineForHealthyPipelineSafeModeRule] INFO  safemode.SCMSafeModeManager (HealthyPipelineSafeModeRule.java:process(140)) - SCM in safe mode. Healthy pipelines reported count is 0, required healthy pipeline reported count is 1
2024-02-06 10:02:48,127 [4a798287-2ddb-4f45-a758-72f424bfa3c7-groupManagement] INFO  server.RaftServerConfigKeys (ConfUtils.java:logGet(46)) - raft.server.log.segment.size.max = 67108864 (custom)
2024-02-06 10:02:48,128 [4a798287-2ddb-4f45-a758-72f424bfa3c7-groupManagement] INFO  server.RaftServerConfigKeys (ConfUtils.java:logGet(46)) - raft.server.log.segment.cache.num.max = 2 (custom)
2024-02-06 10:02:48,128 [4a798287-2ddb-4f45-a758-72f424bfa3c7-groupManagement] INFO  server.RaftServerConfigKeys (ConfUtils.java:logGet(46)) - raft.server.log.segment.cache.size.max = 200MB (=209715200) (default)
2024-02-06 10:02:48,128 [4a798287-2ddb-4f45-a758-72f424bfa3c7-groupManagement] INFO  server.RaftServerConfigKeys (ConfUtils.java:logGet(46)) - raft.server.log.appender.buffer.byte-limit = 8388608 (custom)
2024-02-06 10:02:48,128 [4a798287-2ddb-4f45-a758-72f424bfa3c7-groupManagement] INFO  util.AwaitToRun (AwaitToRun.java:start(81)) - Thread[4a798287-2ddb-4f45-a758-72f424bfa3c7@group-A1C2FAEB3750-cacheEviction-AwaitToRun,5,main] started
2024-02-06 10:02:48,128 [4a798287-2ddb-4f45-a758-72f424bfa3c7-groupManagement] INFO  segmented.SegmentedRaftLogWorker (SegmentedRaftLogWorker.java:<init>(182)) - new 4a798287-2ddb-4f45-a758-72f424bfa3c7@group-A1C2FAEB3750-SegmentedRaftLogWorker for RaftStorageImpl:Storage Directory /home/runner/work/ozone/ozone/hadoop-ozone/integration-test/target/test-dir/MiniOzoneClusterImpl-aff9c889-8dd2-4f79-ab57-76a0adc13766/datanode-5/data/ratis/dfc1d059-b2b9-4399-a3f0-a1c2faeb3750
2024-02-06 10:02:48,128 [4a798287-2ddb-4f45-a758-72f424bfa3c7-groupManagement] INFO  server.RaftServerConfigKeys (ConfUtils.java:logGet(46)) - raft.server.log.queue.byte-limit = 4294967296 (custom)
2024-02-06 10:02:48,128 [4a798287-2ddb-4f45-a758-72f424bfa3c7-groupManagement] INFO  server.RaftServerConfigKeys (ConfUtils.java:logGet(46)) - raft.server.log.queue.element-limit = 1024 (custom)
2024-02-06 10:02:48,128 [4a798287-2ddb-4f45-a758-72f424bfa3c7-groupManagement] INFO  server.RaftServerConfigKeys (ConfUtils.java:logGet(46)) - raft.server.log.segment.size.max = 67108864 (custom)
2024-02-06 10:02:48,128 [4a798287-2ddb-4f45-a758-72f424bfa3c7-groupManagement] INFO  server.RaftServerConfigKeys (ConfUtils.java:logGet(46)) - raft.server.log.preallocated.size = 4194304 (custom)
2024-02-06 10:02:48,128 [4a798287-2ddb-4f45-a758-72f424bfa3c7-groupManagement] INFO  server.RaftServerConfigKeys (ConfUtils.java:logGet(46)) - raft.server.log.force.sync.num = 128 (default)
2024-02-06 10:02:48,128 [4a798287-2ddb-4f45-a758-72f424bfa3c7-groupManagement] INFO  server.RaftServerConfigKeys (ConfUtils.java:logGet(46)) - raft.server.log.statemachine.data.sync = true (default)
2024-02-06 10:02:48,129 [4a798287-2ddb-4f45-a758-72f424bfa3c7-groupManagement] INFO  server.RaftServerConfigKeys (ConfUtils.java:logGet(46)) - raft.server.log.statemachine.data.sync.timeout = 10s (default)
2024-02-06 10:02:48,129 [4a798287-2ddb-4f45-a758-72f424bfa3c7-groupManagement] INFO  server.RaftServerConfigKeys (ConfUtils.java:logGet(46)) - raft.server.log.statemachine.data.sync.timeout.retry = 0 (custom)
2024-02-06 10:02:48,129 [4a798287-2ddb-4f45-a758-72f424bfa3c7-groupManagement] INFO  server.RaftServerConfigKeys (ConfUtils.java:logGet(46)) - raft.server.log.write.buffer.size = 8388616 (custom)
2024-02-06 10:02:48,130 [4a798287-2ddb-4f45-a758-72f424bfa3c7-groupManagement] INFO  server.RaftServerConfigKeys (ConfUtils.java:logGet(46)) - raft.server.log.appender.buffer.byte-limit = 8388608 (custom)
2024-02-06 10:02:48,130 [4a798287-2ddb-4f45-a758-72f424bfa3c7-groupManagement] INFO  server.RaftServerConfigKeys (ConfUtils.java:logGet(46)) - raft.server.log.unsafe-flush.enabled = false (default)
2024-02-06 10:02:48,130 [4a798287-2ddb-4f45-a758-72f424bfa3c7-groupManagement] INFO  server.RaftServerConfigKeys (ConfUtils.java:logGet(46)) - raft.server.log.async-flush.enabled = false (default)
2024-02-06 10:02:48,130 [4a798287-2ddb-4f45-a758-72f424bfa3c7-groupManagement] INFO  server.RaftServerConfigKeys (ConfUtils.java:logGet(46)) - raft.server.log.statemachine.data.caching.enabled = true (custom)
2024-02-06 10:02:48,131 [4a798287-2ddb-4f45-a758-72f424bfa3c7-groupManagement] INFO  segmented.SegmentedRaftLogWorker (SegmentedRaftLogWorker.java:lambda$new$0(134)) - 4a798287-2ddb-4f45-a758-72f424bfa3c7@group-A1C2FAEB3750-SegmentedRaftLogWorker: flushIndex: setUnconditionally 0 -> -1
2024-02-06 10:02:48,131 [4a798287-2ddb-4f45-a758-72f424bfa3c7-groupManagement] INFO  segmented.SegmentedRaftLogWorker (SegmentedRaftLogWorker.java:lambda$new$0(134)) - 4a798287-2ddb-4f45-a758-72f424bfa3c7@group-A1C2FAEB3750-SegmentedRaftLogWorker: safeCacheEvictIndex: setUnconditionally 0 -> -1
2024-02-06 10:02:48,131 [4a798287-2ddb-4f45-a758-72f424bfa3c7-groupManagement] INFO  server.RaftServer$Division (RaftServerImpl.java:start(396)) - 4a798287-2ddb-4f45-a758-72f424bfa3c7@group-A1C2FAEB3750: start as a follower, conf=-1: peers:[4a798287-2ddb-4f45-a758-72f424bfa3c7|10.1.0.5:15148]|listeners:[], old=null
2024-02-06 10:02:48,131 [4a798287-2ddb-4f45-a758-72f424bfa3c7-groupManagement] INFO  server.RaftServer$Division (RaftServerImpl.java:setRole(383)) - 4a798287-2ddb-4f45-a758-72f424bfa3c7@group-A1C2FAEB3750: changes role from      null to FOLLOWER at term 0 for startAsFollower
2024-02-06 10:02:48,131 [4a798287-2ddb-4f45-a758-72f424bfa3c7-groupManagement] INFO  impl.RoleInfo (RoleInfo.java:updateAndGet(139)) - 4a798287-2ddb-4f45-a758-72f424bfa3c7: start 4a798287-2ddb-4f45-a758-72f424bfa3c7@group-A1C2FAEB3750-FollowerState
2024-02-06 10:02:48,131 [4a798287-2ddb-4f45-a758-72f424bfa3c7@group-A1C2FAEB3750-FollowerState] INFO  server.RaftServerConfigKeys (ConfUtils.java:logFallback(53)) - raft.server.rpc.first-election.timeout.min = 5s (fallback to raft.server.rpc.timeout.min)
2024-02-06 10:02:48,131 [4a798287-2ddb-4f45-a758-72f424bfa3c7-groupManagement] INFO  util.JmxRegister (JmxRegister.java:tryRegister(44)) - Successfully registered JMX Bean with object name Ratis:service=RaftServer,group=group-A1C2FAEB3750,id=4a798287-2ddb-4f45-a758-72f424bfa3c7
2024-02-06 10:02:48,131 [4a798287-2ddb-4f45-a758-72f424bfa3c7@group-A1C2FAEB3750-FollowerState] INFO  server.RaftServerConfigKeys (ConfUtils.java:logFallback(53)) - raft.server.rpc.first-election.timeout.max = 5200ms (fallback to raft.server.rpc.timeout.max)
2024-02-06 10:02:48,131 [4a798287-2ddb-4f45-a758-72f424bfa3c7-groupManagement] INFO  server.RaftServerConfigKeys (ConfUtils.java:logGet(46)) - raft.server.snapshot.trigger-when-stop.enabled = true (default)
2024-02-06 10:02:48,131 [4a798287-2ddb-4f45-a758-72f424bfa3c7-groupManagement] INFO  server.RaftServerConfigKeys (ConfUtils.java:logGet(46)) - raft.server.snapshot.auto.trigger.enabled = true (custom)
2024-02-06 10:02:48,132 [4a798287-2ddb-4f45-a758-72f424bfa3c7-groupManagement] INFO  server.RaftServerConfigKeys (ConfUtils.java:logGet(46)) - raft.server.snapshot.auto.trigger.threshold = 10000 (custom)
2024-02-06 10:02:48,132 [4a798287-2ddb-4f45-a758-72f424bfa3c7-groupManagement] INFO  server.RaftServerConfigKeys (ConfUtils.java:logGet(46)) - raft.server.snapshot.retention.file.num = 5 (custom)
2024-02-06 10:02:48,132 [4a798287-2ddb-4f45-a758-72f424bfa3c7-groupManagement] INFO  server.RaftServerConfigKeys (ConfUtils.java:logGet(46)) - raft.server.log.purge.upto.snapshot.index = false (default)
2024-02-06 10:02:48,132 [4a798287-2ddb-4f45-a758-72f424bfa3c7-PipelineCommandHandlerThread-0] INFO  ratis.XceiverServerRatis (XceiverServerRatis.java:addGroup(864)) - Created group PipelineID=dfc1d059-b2b9-4399-a3f0-a1c2faeb3750
2024-02-06 10:02:48,132 [4a798287-2ddb-4f45-a758-72f424bfa3c7-PipelineCommandHandlerThread-0] INFO  commandhandler.CreatePipelineCommandHandler (CreatePipelineCommandHandler.java:lambda$handle$2(124)) - Created Pipeline RATIS ONE PipelineID=dfc1d059-b2b9-4399-a3f0-a1c2faeb3750.
2024-02-06 10:02:48,244 [4463a956-bc43-48e2-a5be-041fb54af7fb-PipelineCommandHandlerThread-0] INFO  server.RaftServer (RaftServerProxy.java:addNew(100)) - 4463a956-bc43-48e2-a5be-041fb54af7fb: addNew group-CE782FAE109C:[4463a956-bc43-48e2-a5be-041fb54af7fb|10.1.0.5:15157] returns group-CE782FAE109C:java.util.concurrent.CompletableFuture@7a1e1198[Not completed]
2024-02-06 10:02:48,245 [4463a956-bc43-48e2-a5be-041fb54af7fb-groupManagement] INFO  server.RaftServer$Division (RaftServerImpl.java:<init>(256)) - 4463a956-bc43-48e2-a5be-041fb54af7fb: new RaftServerImpl for group-CE782FAE109C:[4463a956-bc43-48e2-a5be-041fb54af7fb|10.1.0.5:15157] with ContainerStateMachine:uninitialized
2024-02-06 10:02:48,245 [4463a956-bc43-48e2-a5be-041fb54af7fb-groupManagement] INFO  server.RaftServerConfigKeys (ConfUtils.java:logGet(46)) - raft.server.rpc.timeout.min = 5s (custom)
2024-02-06 10:02:48,246 [4463a956-bc43-48e2-a5be-041fb54af7fb-groupManagement] INFO  server.RaftServerConfigKeys (ConfUtils.java:logGet(46)) - raft.server.rpc.timeout.max = 5200ms (custom)
2024-02-06 10:02:48,246 [4463a956-bc43-48e2-a5be-041fb54af7fb-groupManagement] INFO  server.RaftServerConfigKeys (ConfUtils.java:logGet(46)) - raft.server.rpc.sleep.time = 25ms (default)
2024-02-06 10:02:48,246 [4463a956-bc43-48e2-a5be-041fb54af7fb-groupManagement] INFO  server.RaftServerConfigKeys (ConfUtils.java:logGet(46)) - raft.server.rpc.slowness.timeout = 300000ms (custom)
2024-02-06 10:02:48,246 [4463a956-bc43-48e2-a5be-041fb54af7fb-groupManagement] INFO  server.RaftServerConfigKeys (ConfUtils.java:logGet(46)) - raft.server.leaderelection.leader.step-down.wait-time = 10s (default)
2024-02-06 10:02:48,246 [4463a956-bc43-48e2-a5be-041fb54af7fb-groupManagement] INFO  server.RaftServerConfigKeys (ConfUtils.java:logGet(46)) - raft.server.leaderelection.member.majority-add = false (default)
2024-02-06 10:02:48,246 [4463a956-bc43-48e2-a5be-041fb54af7fb-groupManagement] INFO  server.RaftServerConfigKeys (ConfUtils.java:logGet(46)) - raft.server.sleep.deviation.threshold = 300ms (default)
2024-02-06 10:02:48,246 [4463a956-bc43-48e2-a5be-041fb54af7fb-groupManagement] INFO  server.RaftServer$Division (ServerState.java:<init>(113)) - 4463a956-bc43-48e2-a5be-041fb54af7fb@group-CE782FAE109C: ConfigurationManager, init=-1: peers:[4463a956-bc43-48e2-a5be-041fb54af7fb|10.1.0.5:15157]|listeners:[], old=null, confs=<EMPTY_MAP>
2024-02-06 10:02:48,246 [4463a956-bc43-48e2-a5be-041fb54af7fb-groupManagement] INFO  server.RaftServerConfigKeys (ConfUtils.java:logGet(46)) - raft.server.notification.no-leader.timeout = 300000ms (custom)
2024-02-06 10:02:48,246 [4463a956-bc43-48e2-a5be-041fb54af7fb-groupManagement] INFO  server.RaftServerConfigKeys (ConfUtils.java:logGet(46)) - raft.server.read.timeout = 10s (default)
2024-02-06 10:02:48,246 [4463a956-bc43-48e2-a5be-041fb54af7fb-groupManagement] INFO  server.RaftServerConfigKeys (ConfUtils.java:logGet(46)) - raft.server.retrycache.expirytime = 600000ms (custom)
2024-02-06 10:02:48,246 [4463a956-bc43-48e2-a5be-041fb54af7fb-groupManagement] INFO  server.RaftServerConfigKeys (ConfUtils.java:logGet(46)) - raft.server.retrycache.statistics.expirytime = 100ms (default)
2024-02-06 10:02:48,246 [4463a956-bc43-48e2-a5be-041fb54af7fb-groupManagement] INFO  server.RaftServerConfigKeys (ConfUtils.java:logGet(46)) - raft.server.read.option = DEFAULT (default)
2024-02-06 10:02:48,246 [4463a956-bc43-48e2-a5be-041fb54af7fb-groupManagement] INFO  server.RaftServerConfigKeys (ConfUtils.java:logGet(46)) - raft.server.read.read-after-write-consistent.write-index-cache.expiry-time = 60s (default)
2024-02-06 10:02:48,248 [4463a956-bc43-48e2-a5be-041fb54af7fb-groupManagement] INFO  server.RaftServerConfigKeys (ConfUtils.java:logGet(46)) - raft.server.rpc.request.timeout = 3000ms (default)
2024-02-06 10:02:48,248 [4463a956-bc43-48e2-a5be-041fb54af7fb-groupManagement] INFO  server.RaftServerConfigKeys (ConfUtils.java:logGet(46)) - raft.server.log.appender.install.snapshot.enabled = false (custom)
2024-02-06 10:02:48,249 [4463a956-bc43-48e2-a5be-041fb54af7fb-groupManagement] INFO  server.RaftServerConfigKeys (ConfUtils.java:logGet(46)) - raft.server.threadpool.server.cached = true (default)
2024-02-06 10:02:48,249 [4463a956-bc43-48e2-a5be-041fb54af7fb-groupManagement] INFO  server.RaftServerConfigKeys (ConfUtils.java:logGet(46)) - raft.server.threadpool.server.size = 0 (default)
2024-02-06 10:02:48,249 [4463a956-bc43-48e2-a5be-041fb54af7fb-groupManagement] INFO  server.RaftServerConfigKeys (ConfUtils.java:logGet(46)) - raft.server.threadpool.client.cached = true (default)
2024-02-06 10:02:48,249 [4463a956-bc43-48e2-a5be-041fb54af7fb-groupManagement] INFO  server.RaftServerConfigKeys (ConfUtils.java:logGet(46)) - raft.server.threadpool.client.size = 0 (default)
2024-02-06 10:02:48,249 [4463a956-bc43-48e2-a5be-041fb54af7fb-groupManagement] INFO  server.RaftServerConfigKeys (ConfUtils.java:logGet(46)) - raft.server.storage.free-space.min = 0MB (=0) (default)
2024-02-06 10:02:48,249 [4463a956-bc43-48e2-a5be-041fb54af7fb-groupManagement] INFO  server.RaftServerConfigKeys (ConfUtils.java:logGet(46)) - raft.server.log.corruption.policy = EXCEPTION (default)
2024-02-06 10:02:48,249 [4463a956-bc43-48e2-a5be-041fb54af7fb-groupManagement] INFO  server.RaftServerConfigKeys (ConfUtils.java:logGet(46)) - raft.server.storage.dir = [/home/runner/work/ozone/ozone/hadoop-ozone/integration-test/target/test-dir/MiniOzoneClusterImpl-aff9c889-8dd2-4f79-ab57-76a0adc13766/datanode-6/data/ratis] (custom)
2024-02-06 10:02:48,249 [4463a956-bc43-48e2-a5be-041fb54af7fb-groupManagement] INFO  storage.RaftStorageDirectory (RaftStorageDirectoryImpl.java:analyzeStorage(138)) - The storage directory /home/runner/work/ozone/ozone/hadoop-ozone/integration-test/target/test-dir/MiniOzoneClusterImpl-aff9c889-8dd2-4f79-ab57-76a0adc13766/datanode-6/data/ratis/e9b134b8-42b7-462e-9b88-ce782fae109c does not exist. Creating ...
2024-02-06 10:02:48,250 [4463a956-bc43-48e2-a5be-041fb54af7fb-groupManagement] INFO  storage.RaftStorageDirectory (RaftStorageDirectoryImpl.java:tryLock(228)) - Lock on /home/runner/work/ozone/ozone/hadoop-ozone/integration-test/target/test-dir/MiniOzoneClusterImpl-aff9c889-8dd2-4f79-ab57-76a0adc13766/datanode-6/data/ratis/e9b134b8-42b7-462e-9b88-ce782fae109c/in_use.lock acquired by nodename 37157@fv-az776-296
2024-02-06 10:02:48,251 [4463a956-bc43-48e2-a5be-041fb54af7fb-groupManagement] INFO  storage.RaftStorage (RaftStorageImpl.java:format(99)) - Storage directory /home/runner/work/ozone/ozone/hadoop-ozone/integration-test/target/test-dir/MiniOzoneClusterImpl-aff9c889-8dd2-4f79-ab57-76a0adc13766/datanode-6/data/ratis/e9b134b8-42b7-462e-9b88-ce782fae109c has been successfully formatted.
2024-02-06 10:02:48,251 [4463a956-bc43-48e2-a5be-041fb54af7fb-groupManagement] WARN  util.FileUtils (LogUtils.java:supplyAndLog(63)) - Failed to Files.newInputStream /home/runner/work/ozone/ozone/hadoop-ozone/integration-test/target/test-dir/MiniOzoneClusterImpl-aff9c889-8dd2-4f79-ab57-76a0adc13766/datanode-6/data/ratis/e9b134b8-42b7-462e-9b88-ce782fae109c/current/raft-meta.conf with options []: java.nio.file.NoSuchFileException: /home/runner/work/ozone/ozone/hadoop-ozone/integration-test/target/test-dir/MiniOzoneClusterImpl-aff9c889-8dd2-4f79-ab57-76a0adc13766/datanode-6/data/ratis/e9b134b8-42b7-462e-9b88-ce782fae109c/current/raft-meta.conf
2024-02-06 10:02:48,253 [4463a956-bc43-48e2-a5be-041fb54af7fb-groupManagement] INFO  ratis.ContainerStateMachine (ContainerStateMachine.java:loadSnapshot(287)) - group-CE782FAE109C: The snapshot info is null. Setting the last applied index to:(t:0, i:~)
2024-02-06 10:02:48,253 [4463a956-bc43-48e2-a5be-041fb54af7fb-groupManagement] INFO  server.RaftServerConfigKeys (ConfUtils.java:logGet(46)) - raft.server.log.use.memory = false (default)
2024-02-06 10:02:48,253 [4463a956-bc43-48e2-a5be-041fb54af7fb-groupManagement] INFO  server.RaftServerConfigKeys (ConfUtils.java:logGet(46)) - raft.server.log.purge.gap = 1000000 (custom)
2024-02-06 10:02:48,253 [4463a956-bc43-48e2-a5be-041fb54af7fb-groupManagement] INFO  server.RaftServerConfigKeys (ConfUtils.java:logGet(46)) - raft.server.log.appender.buffer.byte-limit = 8388608 (custom)
2024-02-06 10:02:48,253 [4463a956-bc43-48e2-a5be-041fb54af7fb-groupManagement] INFO  server.RaftServerConfigKeys (ConfUtils.java:logGet(46)) - raft.server.log.statemachine.data.read.timeout = 1000ms (default)
2024-02-06 10:02:48,253 [4463a956-bc43-48e2-a5be-041fb54af7fb-groupManagement] INFO  server.RaftServerConfigKeys (ConfUtils.java:logGet(46)) - raft.server.log.purge.preservation.log.num = 0 (default)
2024-02-06 10:02:48,254 [EventQueue-PipelineReportForPipelineReportHandler] INFO  pipeline.PipelineReportHandler (PipelineReportHandler.java:processPipelineReport(136)) - Opened pipeline PipelineID=e9b134b8-42b7-462e-9b88-ce782fae109c
2024-02-06 10:02:48,254 [EventQueue-OpenPipelineForHealthyPipelineSafeModeRule] INFO  safemode.SCMSafeModeManager (HealthyPipelineSafeModeRule.java:process(140)) - SCM in safe mode. Healthy pipelines reported count is 0, required healthy pipeline reported count is 1
2024-02-06 10:02:48,254 [4463a956-bc43-48e2-a5be-041fb54af7fb-groupManagement] INFO  server.RaftServerConfigKeys (ConfUtils.java:logGet(46)) - raft.server.log.segment.size.max = 67108864 (custom)
2024-02-06 10:02:48,255 [4463a956-bc43-48e2-a5be-041fb54af7fb-groupManagement] INFO  server.RaftServerConfigKeys (ConfUtils.java:logGet(46)) - raft.server.log.segment.cache.num.max = 2 (custom)
2024-02-06 10:02:48,255 [4463a956-bc43-48e2-a5be-041fb54af7fb-groupManagement] INFO  server.RaftServerConfigKeys (ConfUtils.java:logGet(46)) - raft.server.log.segment.cache.size.max = 200MB (=209715200) (default)
2024-02-06 10:02:48,255 [4463a956-bc43-48e2-a5be-041fb54af7fb-groupManagement] INFO  server.RaftServerConfigKeys (ConfUtils.java:logGet(46)) - raft.server.log.appender.buffer.byte-limit = 8388608 (custom)
2024-02-06 10:02:48,255 [4463a956-bc43-48e2-a5be-041fb54af7fb-groupManagement] INFO  util.AwaitToRun (AwaitToRun.java:start(81)) - Thread[4463a956-bc43-48e2-a5be-041fb54af7fb@group-CE782FAE109C-cacheEviction-AwaitToRun,5,main] started
2024-02-06 10:02:48,255 [4463a956-bc43-48e2-a5be-041fb54af7fb-groupManagement] INFO  segmented.SegmentedRaftLogWorker (SegmentedRaftLogWorker.java:<init>(182)) - new 4463a956-bc43-48e2-a5be-041fb54af7fb@group-CE782FAE109C-SegmentedRaftLogWorker for RaftStorageImpl:Storage Directory /home/runner/work/ozone/ozone/hadoop-ozone/integration-test/target/test-dir/MiniOzoneClusterImpl-aff9c889-8dd2-4f79-ab57-76a0adc13766/datanode-6/data/ratis/e9b134b8-42b7-462e-9b88-ce782fae109c
2024-02-06 10:02:48,255 [4463a956-bc43-48e2-a5be-041fb54af7fb-groupManagement] INFO  server.RaftServerConfigKeys (ConfUtils.java:logGet(46)) - raft.server.log.queue.byte-limit = 4294967296 (custom)
2024-02-06 10:02:48,255 [4463a956-bc43-48e2-a5be-041fb54af7fb-groupManagement] INFO  server.RaftServerConfigKeys (ConfUtils.java:logGet(46)) - raft.server.log.queue.element-limit = 1024 (custom)
2024-02-06 10:02:48,255 [4463a956-bc43-48e2-a5be-041fb54af7fb-groupManagement] INFO  server.RaftServerConfigKeys (ConfUtils.java:logGet(46)) - raft.server.log.segment.size.max = 67108864 (custom)
2024-02-06 10:02:48,255 [4463a956-bc43-48e2-a5be-041fb54af7fb-groupManagement] INFO  server.RaftServerConfigKeys (ConfUtils.java:logGet(46)) - raft.server.log.preallocated.size = 4194304 (custom)
2024-02-06 10:02:48,255 [4463a956-bc43-48e2-a5be-041fb54af7fb-groupManagement] INFO  server.RaftServerConfigKeys (ConfUtils.java:logGet(46)) - raft.server.log.force.sync.num = 128 (default)
2024-02-06 10:02:48,255 [4463a956-bc43-48e2-a5be-041fb54af7fb-groupManagement] INFO  server.RaftServerConfigKeys (ConfUtils.java:logGet(46)) - raft.server.log.statemachine.data.sync = true (default)
2024-02-06 10:02:48,256 [4463a956-bc43-48e2-a5be-041fb54af7fb-groupManagement] INFO  server.RaftServerConfigKeys (ConfUtils.java:logGet(46)) - raft.server.log.statemachine.data.sync.timeout = 10s (default)
2024-02-06 10:02:48,256 [4463a956-bc43-48e2-a5be-041fb54af7fb-groupManagement] INFO  server.RaftServerConfigKeys (ConfUtils.java:logGet(46)) - raft.server.log.statemachine.data.sync.timeout.retry = 0 (custom)
2024-02-06 10:02:48,256 [4463a956-bc43-48e2-a5be-041fb54af7fb-groupManagement] INFO  server.RaftServerConfigKeys (ConfUtils.java:logGet(46)) - raft.server.log.write.buffer.size = 8388616 (custom)
2024-02-06 10:02:48,257 [4463a956-bc43-48e2-a5be-041fb54af7fb-groupManagement] INFO  server.RaftServerConfigKeys (ConfUtils.java:logGet(46)) - raft.server.log.appender.buffer.byte-limit = 8388608 (custom)
2024-02-06 10:02:48,257 [4463a956-bc43-48e2-a5be-041fb54af7fb-groupManagement] INFO  server.RaftServerConfigKeys (ConfUtils.java:logGet(46)) - raft.server.log.unsafe-flush.enabled = false (default)
2024-02-06 10:02:48,257 [4463a956-bc43-48e2-a5be-041fb54af7fb-groupManagement] INFO  server.RaftServerConfigKeys (ConfUtils.java:logGet(46)) - raft.server.log.async-flush.enabled = false (default)
2024-02-06 10:02:48,257 [4463a956-bc43-48e2-a5be-041fb54af7fb-groupManagement] INFO  server.RaftServerConfigKeys (ConfUtils.java:logGet(46)) - raft.server.log.statemachine.data.caching.enabled = true (custom)
2024-02-06 10:02:48,257 [4463a956-bc43-48e2-a5be-041fb54af7fb-groupManagement] INFO  segmented.SegmentedRaftLogWorker (SegmentedRaftLogWorker.java:lambda$new$0(134)) - 4463a956-bc43-48e2-a5be-041fb54af7fb@group-CE782FAE109C-SegmentedRaftLogWorker: flushIndex: setUnconditionally 0 -> -1
2024-02-06 10:02:48,257 [4463a956-bc43-48e2-a5be-041fb54af7fb-groupManagement] INFO  segmented.SegmentedRaftLogWorker (SegmentedRaftLogWorker.java:lambda$new$0(134)) - 4463a956-bc43-48e2-a5be-041fb54af7fb@group-CE782FAE109C-SegmentedRaftLogWorker: safeCacheEvictIndex: setUnconditionally 0 -> -1
2024-02-06 10:02:48,258 [4463a956-bc43-48e2-a5be-041fb54af7fb-groupManagement] INFO  server.RaftServer$Division (RaftServerImpl.java:start(396)) - 4463a956-bc43-48e2-a5be-041fb54af7fb@group-CE782FAE109C: start as a follower, conf=-1: peers:[4463a956-bc43-48e2-a5be-041fb54af7fb|10.1.0.5:15157]|listeners:[], old=null
2024-02-06 10:02:48,258 [4463a956-bc43-48e2-a5be-041fb54af7fb-groupManagement] INFO  server.RaftServer$Division (RaftServerImpl.java:setRole(383)) - 4463a956-bc43-48e2-a5be-041fb54af7fb@group-CE782FAE109C: changes role from      null to FOLLOWER at term 0 for startAsFollower
2024-02-06 10:02:48,258 [4463a956-bc43-48e2-a5be-041fb54af7fb-groupManagement] INFO  impl.RoleInfo (RoleInfo.java:updateAndGet(139)) - 4463a956-bc43-48e2-a5be-041fb54af7fb: start 4463a956-bc43-48e2-a5be-041fb54af7fb@group-CE782FAE109C-FollowerState
2024-02-06 10:02:48,258 [4463a956-bc43-48e2-a5be-041fb54af7fb-groupManagement] INFO  util.JmxRegister (JmxRegister.java:tryRegister(44)) - Successfully registered JMX Bean with object name Ratis:service=RaftServer,group=group-CE782FAE109C,id=4463a956-bc43-48e2-a5be-041fb54af7fb
2024-02-06 10:02:48,258 [4463a956-bc43-48e2-a5be-041fb54af7fb@group-CE782FAE109C-FollowerState] INFO  server.RaftServerConfigKeys (ConfUtils.java:logFallback(53)) - raft.server.rpc.first-election.timeout.min = 5s (fallback to raft.server.rpc.timeout.min)
2024-02-06 10:02:48,258 [4463a956-bc43-48e2-a5be-041fb54af7fb-groupManagement] INFO  server.RaftServerConfigKeys (ConfUtils.java:logGet(46)) - raft.server.snapshot.trigger-when-stop.enabled = true (default)
2024-02-06 10:02:48,258 [4463a956-bc43-48e2-a5be-041fb54af7fb@group-CE782FAE109C-FollowerState] INFO  server.RaftServerConfigKeys (ConfUtils.java:logFallback(53)) - raft.server.rpc.first-election.timeout.max = 5200ms (fallback to raft.server.rpc.timeout.max)
2024-02-06 10:02:48,258 [4463a956-bc43-48e2-a5be-041fb54af7fb-groupManagement] INFO  server.RaftServerConfigKeys (ConfUtils.java:logGet(46)) - raft.server.snapshot.auto.trigger.enabled = true (custom)
2024-02-06 10:02:48,258 [4463a956-bc43-48e2-a5be-041fb54af7fb-groupManagement] INFO  server.RaftServerConfigKeys (ConfUtils.java:logGet(46)) - raft.server.snapshot.auto.trigger.threshold = 10000 (custom)
2024-02-06 10:02:48,258 [4463a956-bc43-48e2-a5be-041fb54af7fb-groupManagement] INFO  server.RaftServerConfigKeys (ConfUtils.java:logGet(46)) - raft.server.snapshot.retention.file.num = 5 (custom)
2024-02-06 10:02:48,258 [4463a956-bc43-48e2-a5be-041fb54af7fb-groupManagement] INFO  server.RaftServerConfigKeys (ConfUtils.java:logGet(46)) - raft.server.log.purge.upto.snapshot.index = false (default)
2024-02-06 10:02:48,259 [4463a956-bc43-48e2-a5be-041fb54af7fb-PipelineCommandHandlerThread-0] INFO  ratis.XceiverServerRatis (XceiverServerRatis.java:addGroup(864)) - Created group PipelineID=e9b134b8-42b7-462e-9b88-ce782fae109c
2024-02-06 10:02:48,259 [4463a956-bc43-48e2-a5be-041fb54af7fb-PipelineCommandHandlerThread-0] INFO  commandhandler.CreatePipelineCommandHandler (CreatePipelineCommandHandler.java:lambda$handle$2(124)) - Created Pipeline RATIS ONE PipelineID=e9b134b8-42b7-462e-9b88-ce782fae109c.
2024-02-06 10:02:48,259 [4463a956-bc43-48e2-a5be-041fb54af7fb-PipelineCommandHandlerThread-0] INFO  server.RaftServer (RaftServerProxy.java:addNew(100)) - 4463a956-bc43-48e2-a5be-041fb54af7fb: addNew group-B5133FD9D28E:[463d4cd4-93eb-48de-ad15-bb97619fa095|10.1.0.5:15175, 73be6a6b-5fd7-4eac-9d0c-1772c183b18d|10.1.0.5:15166, 4463a956-bc43-48e2-a5be-041fb54af7fb|10.1.0.5:15157] returns group-B5133FD9D28E:java.util.concurrent.CompletableFuture@7e219a03[Not completed]
2024-02-06 10:02:48,260 [4463a956-bc43-48e2-a5be-041fb54af7fb-groupManagement] INFO  server.RaftServer$Division (RaftServerImpl.java:<init>(256)) - 4463a956-bc43-48e2-a5be-041fb54af7fb: new RaftServerImpl for group-B5133FD9D28E:[463d4cd4-93eb-48de-ad15-bb97619fa095|10.1.0.5:15175, 73be6a6b-5fd7-4eac-9d0c-1772c183b18d|10.1.0.5:15166, 4463a956-bc43-48e2-a5be-041fb54af7fb|10.1.0.5:15157] with ContainerStateMachine:uninitialized
2024-02-06 10:02:48,260 [4463a956-bc43-48e2-a5be-041fb54af7fb-groupManagement] INFO  server.RaftServerConfigKeys (ConfUtils.java:logGet(46)) - raft.server.rpc.timeout.min = 5s (custom)
2024-02-06 10:02:48,260 [4463a956-bc43-48e2-a5be-041fb54af7fb-groupManagement] INFO  server.RaftServerConfigKeys (ConfUtils.java:logGet(46)) - raft.server.rpc.timeout.max = 5200ms (custom)
2024-02-06 10:02:48,260 [4463a956-bc43-48e2-a5be-041fb54af7fb-groupManagement] INFO  server.RaftServerConfigKeys (ConfUtils.java:logGet(46)) - raft.server.rpc.sleep.time = 25ms (default)
2024-02-06 10:02:48,261 [4463a956-bc43-48e2-a5be-041fb54af7fb-groupManagement] INFO  server.RaftServerConfigKeys (ConfUtils.java:logGet(46)) - raft.server.rpc.slowness.timeout = 300000ms (custom)
2024-02-06 10:02:48,261 [4463a956-bc43-48e2-a5be-041fb54af7fb-groupManagement] INFO  server.RaftServerConfigKeys (ConfUtils.java:logGet(46)) - raft.server.leaderelection.leader.step-down.wait-time = 10s (default)
2024-02-06 10:02:48,261 [4463a956-bc43-48e2-a5be-041fb54af7fb-groupManagement] INFO  server.RaftServerConfigKeys (ConfUtils.java:logGet(46)) - raft.server.leaderelection.member.majority-add = false (default)
2024-02-06 10:02:48,261 [4463a956-bc43-48e2-a5be-041fb54af7fb-groupManagement] INFO  server.RaftServerConfigKeys (ConfUtils.java:logGet(46)) - raft.server.sleep.deviation.threshold = 300ms (default)
2024-02-06 10:02:48,261 [4463a956-bc43-48e2-a5be-041fb54af7fb-groupManagement] INFO  server.RaftServer$Division (ServerState.java:<init>(113)) - 4463a956-bc43-48e2-a5be-041fb54af7fb@group-B5133FD9D28E: ConfigurationManager, init=-1: peers:[463d4cd4-93eb-48de-ad15-bb97619fa095|10.1.0.5:15175, 73be6a6b-5fd7-4eac-9d0c-1772c183b18d|10.1.0.5:15166, 4463a956-bc43-48e2-a5be-041fb54af7fb|10.1.0.5:15157]|listeners:[], old=null, confs=<EMPTY_MAP>
2024-02-06 10:02:48,261 [4463a956-bc43-48e2-a5be-041fb54af7fb-groupManagement] INFO  server.RaftServerConfigKeys (ConfUtils.java:logGet(46)) - raft.server.notification.no-leader.timeout = 300000ms (custom)
2024-02-06 10:02:48,261 [4463a956-bc43-48e2-a5be-041fb54af7fb-groupManagement] INFO  server.RaftServerConfigKeys (ConfUtils.java:logGet(46)) - raft.server.read.timeout = 10s (default)
2024-02-06 10:02:48,261 [4463a956-bc43-48e2-a5be-041fb54af7fb-groupManagement] INFO  server.RaftServerConfigKeys (ConfUtils.java:logGet(46)) - raft.server.retrycache.expirytime = 600000ms (custom)
2024-02-06 10:02:48,261 [4463a956-bc43-48e2-a5be-041fb54af7fb-groupManagement] INFO  server.RaftServerConfigKeys (ConfUtils.java:logGet(46)) - raft.server.retrycache.statistics.expirytime = 100ms (default)
2024-02-06 10:02:48,261 [4463a956-bc43-48e2-a5be-041fb54af7fb-groupManagement] INFO  server.RaftServerConfigKeys (ConfUtils.java:logGet(46)) - raft.server.read.option = DEFAULT (default)
2024-02-06 10:02:48,261 [4463a956-bc43-48e2-a5be-041fb54af7fb-groupManagement] INFO  server.RaftServerConfigKeys (ConfUtils.java:logGet(46)) - raft.server.read.read-after-write-consistent.write-index-cache.expiry-time = 60s (default)
2024-02-06 10:02:48,263 [4463a956-bc43-48e2-a5be-041fb54af7fb-groupManagement] INFO  server.RaftServerConfigKeys (ConfUtils.java:logGet(46)) - raft.server.rpc.request.timeout = 3000ms (default)
2024-02-06 10:02:48,263 [4463a956-bc43-48e2-a5be-041fb54af7fb-groupManagement] INFO  server.RaftServerConfigKeys (ConfUtils.java:logGet(46)) - raft.server.log.appender.install.snapshot.enabled = false (custom)
2024-02-06 10:02:48,263 [4463a956-bc43-48e2-a5be-041fb54af7fb-groupManagement] INFO  server.RaftServerConfigKeys (ConfUtils.java:logGet(46)) - raft.server.threadpool.server.cached = true (default)
2024-02-06 10:02:48,263 [4463a956-bc43-48e2-a5be-041fb54af7fb-groupManagement] INFO  server.RaftServerConfigKeys (ConfUtils.java:logGet(46)) - raft.server.threadpool.server.size = 0 (default)
2024-02-06 10:02:48,263 [4463a956-bc43-48e2-a5be-041fb54af7fb-groupManagement] INFO  server.RaftServerConfigKeys (ConfUtils.java:logGet(46)) - raft.server.threadpool.client.cached = true (default)
2024-02-06 10:02:48,263 [4463a956-bc43-48e2-a5be-041fb54af7fb-groupManagement] INFO  server.RaftServerConfigKeys (ConfUtils.java:logGet(46)) - raft.server.threadpool.client.size = 0 (default)
2024-02-06 10:02:48,263 [4463a956-bc43-48e2-a5be-041fb54af7fb-groupManagement] INFO  server.RaftServerConfigKeys (ConfUtils.java:logGet(46)) - raft.server.storage.free-space.min = 0MB (=0) (default)
2024-02-06 10:02:48,263 [4463a956-bc43-48e2-a5be-041fb54af7fb-groupManagement] INFO  server.RaftServerConfigKeys (ConfUtils.java:logGet(46)) - raft.server.log.corruption.policy = EXCEPTION (default)
2024-02-06 10:02:48,263 [4463a956-bc43-48e2-a5be-041fb54af7fb-groupManagement] INFO  server.RaftServerConfigKeys (ConfUtils.java:logGet(46)) - raft.server.storage.dir = [/home/runner/work/ozone/ozone/hadoop-ozone/integration-test/target/test-dir/MiniOzoneClusterImpl-aff9c889-8dd2-4f79-ab57-76a0adc13766/datanode-6/data/ratis] (custom)
2024-02-06 10:02:48,263 [4463a956-bc43-48e2-a5be-041fb54af7fb-groupManagement] INFO  storage.RaftStorageDirectory (RaftStorageDirectoryImpl.java:analyzeStorage(138)) - The storage directory /home/runner/work/ozone/ozone/hadoop-ozone/integration-test/target/test-dir/MiniOzoneClusterImpl-aff9c889-8dd2-4f79-ab57-76a0adc13766/datanode-6/data/ratis/19c338fc-2932-4906-b65b-b5133fd9d28e does not exist. Creating ...
2024-02-06 10:02:48,264 [4463a956-bc43-48e2-a5be-041fb54af7fb-groupManagement] INFO  storage.RaftStorageDirectory (RaftStorageDirectoryImpl.java:tryLock(228)) - Lock on /home/runner/work/ozone/ozone/hadoop-ozone/integration-test/target/test-dir/MiniOzoneClusterImpl-aff9c889-8dd2-4f79-ab57-76a0adc13766/datanode-6/data/ratis/19c338fc-2932-4906-b65b-b5133fd9d28e/in_use.lock acquired by nodename 37157@fv-az776-296
2024-02-06 10:02:48,265 [4463a956-bc43-48e2-a5be-041fb54af7fb-groupManagement] INFO  storage.RaftStorage (RaftStorageImpl.java:format(99)) - Storage directory /home/runner/work/ozone/ozone/hadoop-ozone/integration-test/target/test-dir/MiniOzoneClusterImpl-aff9c889-8dd2-4f79-ab57-76a0adc13766/datanode-6/data/ratis/19c338fc-2932-4906-b65b-b5133fd9d28e has been successfully formatted.
2024-02-06 10:02:48,265 [4463a956-bc43-48e2-a5be-041fb54af7fb-groupManagement] WARN  util.FileUtils (LogUtils.java:supplyAndLog(63)) - Failed to Files.newInputStream /home/runner/work/ozone/ozone/hadoop-ozone/integration-test/target/test-dir/MiniOzoneClusterImpl-aff9c889-8dd2-4f79-ab57-76a0adc13766/datanode-6/data/ratis/19c338fc-2932-4906-b65b-b5133fd9d28e/current/raft-meta.conf with options []: java.nio.file.NoSuchFileException: /home/runner/work/ozone/ozone/hadoop-ozone/integration-test/target/test-dir/MiniOzoneClusterImpl-aff9c889-8dd2-4f79-ab57-76a0adc13766/datanode-6/data/ratis/19c338fc-2932-4906-b65b-b5133fd9d28e/current/raft-meta.conf
2024-02-06 10:02:48,265 [4463a956-bc43-48e2-a5be-041fb54af7fb-groupManagement] INFO  ratis.ContainerStateMachine (ContainerStateMachine.java:loadSnapshot(287)) - group-B5133FD9D28E: The snapshot info is null. Setting the last applied index to:(t:0, i:~)
2024-02-06 10:02:48,265 [4463a956-bc43-48e2-a5be-041fb54af7fb-groupManagement] INFO  server.RaftServerConfigKeys (ConfUtils.java:logGet(46)) - raft.server.log.use.memory = false (default)
2024-02-06 10:02:48,265 [4463a956-bc43-48e2-a5be-041fb54af7fb-groupManagement] INFO  server.RaftServerConfigKeys (ConfUtils.java:logGet(46)) - raft.server.log.purge.gap = 1000000 (custom)
2024-02-06 10:02:48,265 [4463a956-bc43-48e2-a5be-041fb54af7fb-groupManagement] INFO  server.RaftServerConfigKeys (ConfUtils.java:logGet(46)) - raft.server.log.appender.buffer.byte-limit = 8388608 (custom)
2024-02-06 10:02:48,265 [4463a956-bc43-48e2-a5be-041fb54af7fb-groupManagement] INFO  server.RaftServerConfigKeys (ConfUtils.java:logGet(46)) - raft.server.log.statemachine.data.read.timeout = 1000ms (default)
2024-02-06 10:02:48,266 [4463a956-bc43-48e2-a5be-041fb54af7fb-groupManagement] INFO  server.RaftServerConfigKeys (ConfUtils.java:logGet(46)) - raft.server.log.purge.preservation.log.num = 0 (default)
2024-02-06 10:02:48,266 [4463a956-bc43-48e2-a5be-041fb54af7fb-groupManagement] INFO  server.RaftServerConfigKeys (ConfUtils.java:logGet(46)) - raft.server.log.segment.size.max = 67108864 (custom)
2024-02-06 10:02:48,267 [4463a956-bc43-48e2-a5be-041fb54af7fb-groupManagement] INFO  server.RaftServerConfigKeys (ConfUtils.java:logGet(46)) - raft.server.log.segment.cache.num.max = 2 (custom)
2024-02-06 10:02:48,267 [4463a956-bc43-48e2-a5be-041fb54af7fb-groupManagement] INFO  server.RaftServerConfigKeys (ConfUtils.java:logGet(46)) - raft.server.log.segment.cache.size.max = 200MB (=209715200) (default)
2024-02-06 10:02:48,267 [4463a956-bc43-48e2-a5be-041fb54af7fb-groupManagement] INFO  server.RaftServerConfigKeys (ConfUtils.java:logGet(46)) - raft.server.log.appender.buffer.byte-limit = 8388608 (custom)
2024-02-06 10:02:48,267 [4463a956-bc43-48e2-a5be-041fb54af7fb-groupManagement] INFO  util.AwaitToRun (AwaitToRun.java:start(81)) - Thread[4463a956-bc43-48e2-a5be-041fb54af7fb@group-B5133FD9D28E-cacheEviction-AwaitToRun,5,main] started
2024-02-06 10:02:48,267 [4463a956-bc43-48e2-a5be-041fb54af7fb-groupManagement] INFO  segmented.SegmentedRaftLogWorker (SegmentedRaftLogWorker.java:<init>(182)) - new 4463a956-bc43-48e2-a5be-041fb54af7fb@group-B5133FD9D28E-SegmentedRaftLogWorker for RaftStorageImpl:Storage Directory /home/runner/work/ozone/ozone/hadoop-ozone/integration-test/target/test-dir/MiniOzoneClusterImpl-aff9c889-8dd2-4f79-ab57-76a0adc13766/datanode-6/data/ratis/19c338fc-2932-4906-b65b-b5133fd9d28e
2024-02-06 10:02:48,267 [4463a956-bc43-48e2-a5be-041fb54af7fb-groupManagement] INFO  server.RaftServerConfigKeys (ConfUtils.java:logGet(46)) - raft.server.log.queue.byte-limit = 4294967296 (custom)
2024-02-06 10:02:48,267 [4463a956-bc43-48e2-a5be-041fb54af7fb-groupManagement] INFO  server.RaftServerConfigKeys (ConfUtils.java:logGet(46)) - raft.server.log.queue.element-limit = 1024 (custom)
2024-02-06 10:02:48,267 [4463a956-bc43-48e2-a5be-041fb54af7fb-groupManagement] INFO  server.RaftServerConfigKeys (ConfUtils.java:logGet(46)) - raft.server.log.segment.size.max = 67108864 (custom)
2024-02-06 10:02:48,267 [4463a956-bc43-48e2-a5be-041fb54af7fb-groupManagement] INFO  server.RaftServerConfigKeys (ConfUtils.java:logGet(46)) - raft.server.log.preallocated.size = 4194304 (custom)
2024-02-06 10:02:48,267 [EventQueue-OpenPipelineForHealthyPipelineSafeModeRule] INFO  safemode.SCMSafeModeManager (HealthyPipelineSafeModeRule.java:process(140)) - SCM in safe mode. Healthy pipelines reported count is 0, required healthy pipeline reported count is 1
2024-02-06 10:02:48,267 [4463a956-bc43-48e2-a5be-041fb54af7fb-groupManagement] INFO  server.RaftServerConfigKeys (ConfUtils.java:logGet(46)) - raft.server.log.force.sync.num = 128 (default)
2024-02-06 10:02:48,267 [4463a956-bc43-48e2-a5be-041fb54af7fb-groupManagement] INFO  server.RaftServerConfigKeys (ConfUtils.java:logGet(46)) - raft.server.log.statemachine.data.sync = true (default)
2024-02-06 10:02:48,267 [4463a956-bc43-48e2-a5be-041fb54af7fb-groupManagement] INFO  server.RaftServerConfigKeys (ConfUtils.java:logGet(46)) - raft.server.log.statemachine.data.sync.timeout = 10s (default)
2024-02-06 10:02:48,268 [4463a956-bc43-48e2-a5be-041fb54af7fb-groupManagement] INFO  server.RaftServerConfigKeys (ConfUtils.java:logGet(46)) - raft.server.log.statemachine.data.sync.timeout.retry = 0 (custom)
2024-02-06 10:02:48,268 [4463a956-bc43-48e2-a5be-041fb54af7fb-groupManagement] INFO  server.RaftServerConfigKeys (ConfUtils.java:logGet(46)) - raft.server.log.write.buffer.size = 8388616 (custom)
2024-02-06 10:02:48,269 [4463a956-bc43-48e2-a5be-041fb54af7fb-groupManagement] INFO  server.RaftServerConfigKeys (ConfUtils.java:logGet(46)) - raft.server.log.appender.buffer.byte-limit = 8388608 (custom)
2024-02-06 10:02:48,269 [4463a956-bc43-48e2-a5be-041fb54af7fb-groupManagement] INFO  server.RaftServerConfigKeys (ConfUtils.java:logGet(46)) - raft.server.log.unsafe-flush.enabled = false (default)
2024-02-06 10:02:48,269 [4463a956-bc43-48e2-a5be-041fb54af7fb-groupManagement] INFO  server.RaftServerConfigKeys (ConfUtils.java:logGet(46)) - raft.server.log.async-flush.enabled = false (default)
2024-02-06 10:02:48,269 [4463a956-bc43-48e2-a5be-041fb54af7fb-groupManagement] INFO  server.RaftServerConfigKeys (ConfUtils.java:logGet(46)) - raft.server.log.statemachine.data.caching.enabled = true (custom)
2024-02-06 10:02:48,269 [4463a956-bc43-48e2-a5be-041fb54af7fb-groupManagement] INFO  segmented.SegmentedRaftLogWorker (SegmentedRaftLogWorker.java:lambda$new$0(134)) - 4463a956-bc43-48e2-a5be-041fb54af7fb@group-B5133FD9D28E-SegmentedRaftLogWorker: flushIndex: setUnconditionally 0 -> -1
2024-02-06 10:02:48,269 [4463a956-bc43-48e2-a5be-041fb54af7fb-groupManagement] INFO  segmented.SegmentedRaftLogWorker (SegmentedRaftLogWorker.java:lambda$new$0(134)) - 4463a956-bc43-48e2-a5be-041fb54af7fb@group-B5133FD9D28E-SegmentedRaftLogWorker: safeCacheEvictIndex: setUnconditionally 0 -> -1
2024-02-06 10:02:48,269 [4463a956-bc43-48e2-a5be-041fb54af7fb-groupManagement] INFO  server.RaftServer$Division (RaftServerImpl.java:start(396)) - 4463a956-bc43-48e2-a5be-041fb54af7fb@group-B5133FD9D28E: start as a follower, conf=-1: peers:[463d4cd4-93eb-48de-ad15-bb97619fa095|10.1.0.5:15175, 73be6a6b-5fd7-4eac-9d0c-1772c183b18d|10.1.0.5:15166, 4463a956-bc43-48e2-a5be-041fb54af7fb|10.1.0.5:15157]|listeners:[], old=null
2024-02-06 10:02:48,269 [4463a956-bc43-48e2-a5be-041fb54af7fb-groupManagement] INFO  server.RaftServer$Division (RaftServerImpl.java:setRole(383)) - 4463a956-bc43-48e2-a5be-041fb54af7fb@group-B5133FD9D28E: changes role from      null to FOLLOWER at term 0 for startAsFollower
2024-02-06 10:02:48,269 [4463a956-bc43-48e2-a5be-041fb54af7fb-groupManagement] INFO  impl.RoleInfo (RoleInfo.java:updateAndGet(139)) - 4463a956-bc43-48e2-a5be-041fb54af7fb: start 4463a956-bc43-48e2-a5be-041fb54af7fb@group-B5133FD9D28E-FollowerState
2024-02-06 10:02:48,269 [4463a956-bc43-48e2-a5be-041fb54af7fb-groupManagement] INFO  util.JmxRegister (JmxRegister.java:tryRegister(44)) - Successfully registered JMX Bean with object name Ratis:service=RaftServer,group=group-B5133FD9D28E,id=4463a956-bc43-48e2-a5be-041fb54af7fb
2024-02-06 10:02:48,269 [4463a956-bc43-48e2-a5be-041fb54af7fb@group-B5133FD9D28E-FollowerState] INFO  server.RaftServerConfigKeys (ConfUtils.java:logFallback(53)) - raft.server.rpc.first-election.timeout.min = 5s (fallback to raft.server.rpc.timeout.min)
2024-02-06 10:02:48,270 [4463a956-bc43-48e2-a5be-041fb54af7fb-groupManagement] INFO  server.RaftServerConfigKeys (ConfUtils.java:logGet(46)) - raft.server.snapshot.trigger-when-stop.enabled = true (default)
2024-02-06 10:02:48,270 [4463a956-bc43-48e2-a5be-041fb54af7fb@group-B5133FD9D28E-FollowerState] INFO  server.RaftServerConfigKeys (ConfUtils.java:logFallback(53)) - raft.server.rpc.first-election.timeout.max = 5200ms (fallback to raft.server.rpc.timeout.max)
2024-02-06 10:02:48,270 [4463a956-bc43-48e2-a5be-041fb54af7fb-groupManagement] INFO  server.RaftServerConfigKeys (ConfUtils.java:logGet(46)) - raft.server.snapshot.auto.trigger.enabled = true (custom)
2024-02-06 10:02:48,270 [4463a956-bc43-48e2-a5be-041fb54af7fb-groupManagement] INFO  server.RaftServerConfigKeys (ConfUtils.java:logGet(46)) - raft.server.snapshot.auto.trigger.threshold = 10000 (custom)
2024-02-06 10:02:48,270 [4463a956-bc43-48e2-a5be-041fb54af7fb-groupManagement] INFO  server.RaftServerConfigKeys (ConfUtils.java:logGet(46)) - raft.server.snapshot.retention.file.num = 5 (custom)
2024-02-06 10:02:48,270 [4463a956-bc43-48e2-a5be-041fb54af7fb-groupManagement] INFO  server.RaftServerConfigKeys (ConfUtils.java:logGet(46)) - raft.server.log.purge.upto.snapshot.index = false (default)
2024-02-06 10:02:48,270 [4463a956-bc43-48e2-a5be-041fb54af7fb-PipelineCommandHandlerThread-0] INFO  ratis.XceiverServerRatis (XceiverServerRatis.java:addGroup(864)) - Created group PipelineID=19c338fc-2932-4906-b65b-b5133fd9d28e
2024-02-06 10:02:48,277 [grpc-default-executor-0] INFO  server.RaftServer (RaftServerProxy.java:addNew(100)) - 463d4cd4-93eb-48de-ad15-bb97619fa095: addNew group-B5133FD9D28E:[463d4cd4-93eb-48de-ad15-bb97619fa095|10.1.0.5:15175, 73be6a6b-5fd7-4eac-9d0c-1772c183b18d|10.1.0.5:15166, 4463a956-bc43-48e2-a5be-041fb54af7fb|10.1.0.5:15157] returns group-B5133FD9D28E:java.util.concurrent.CompletableFuture@4ed8e2a6[Not completed]
2024-02-06 10:02:48,278 [463d4cd4-93eb-48de-ad15-bb97619fa095-groupManagement] INFO  server.RaftServer$Division (RaftServerImpl.java:<init>(256)) - 463d4cd4-93eb-48de-ad15-bb97619fa095: new RaftServerImpl for group-B5133FD9D28E:[463d4cd4-93eb-48de-ad15-bb97619fa095|10.1.0.5:15175, 73be6a6b-5fd7-4eac-9d0c-1772c183b18d|10.1.0.5:15166, 4463a956-bc43-48e2-a5be-041fb54af7fb|10.1.0.5:15157] with ContainerStateMachine:uninitialized
2024-02-06 10:02:48,278 [463d4cd4-93eb-48de-ad15-bb97619fa095-groupManagement] INFO  server.RaftServerConfigKeys (ConfUtils.java:logGet(46)) - raft.server.rpc.timeout.min = 5s (custom)
2024-02-06 10:02:48,278 [463d4cd4-93eb-48de-ad15-bb97619fa095-groupManagement] INFO  server.RaftServerConfigKeys (ConfUtils.java:logGet(46)) - raft.server.rpc.timeout.max = 5200ms (custom)
2024-02-06 10:02:48,278 [463d4cd4-93eb-48de-ad15-bb97619fa095-groupManagement] INFO  server.RaftServerConfigKeys (ConfUtils.java:logGet(46)) - raft.server.rpc.sleep.time = 25ms (default)
2024-02-06 10:02:48,279 [463d4cd4-93eb-48de-ad15-bb97619fa095-groupManagement] INFO  server.RaftServerConfigKeys (ConfUtils.java:logGet(46)) - raft.server.rpc.slowness.timeout = 300000ms (custom)
2024-02-06 10:02:48,279 [463d4cd4-93eb-48de-ad15-bb97619fa095-groupManagement] INFO  server.RaftServerConfigKeys (ConfUtils.java:logGet(46)) - raft.server.leaderelection.leader.step-down.wait-time = 10s (default)
2024-02-06 10:02:48,279 [463d4cd4-93eb-48de-ad15-bb97619fa095-groupManagement] INFO  server.RaftServerConfigKeys (ConfUtils.java:logGet(46)) - raft.server.leaderelection.member.majority-add = false (default)
2024-02-06 10:02:48,279 [463d4cd4-93eb-48de-ad15-bb97619fa095-groupManagement] INFO  server.RaftServerConfigKeys (ConfUtils.java:logGet(46)) - raft.server.sleep.deviation.threshold = 300ms (default)
2024-02-06 10:02:48,279 [463d4cd4-93eb-48de-ad15-bb97619fa095-groupManagement] INFO  server.RaftServer$Division (ServerState.java:<init>(113)) - 463d4cd4-93eb-48de-ad15-bb97619fa095@group-B5133FD9D28E: ConfigurationManager, init=-1: peers:[463d4cd4-93eb-48de-ad15-bb97619fa095|10.1.0.5:15175, 73be6a6b-5fd7-4eac-9d0c-1772c183b18d|10.1.0.5:15166, 4463a956-bc43-48e2-a5be-041fb54af7fb|10.1.0.5:15157]|listeners:[], old=null, confs=<EMPTY_MAP>
2024-02-06 10:02:48,279 [463d4cd4-93eb-48de-ad15-bb97619fa095-groupManagement] INFO  server.RaftServerConfigKeys (ConfUtils.java:logGet(46)) - raft.server.notification.no-leader.timeout = 300000ms (custom)
2024-02-06 10:02:48,279 [463d4cd4-93eb-48de-ad15-bb97619fa095-groupManagement] INFO  server.RaftServerConfigKeys (ConfUtils.java:logGet(46)) - raft.server.read.timeout = 10s (default)
2024-02-06 10:02:48,279 [463d4cd4-93eb-48de-ad15-bb97619fa095-groupManagement] INFO  server.RaftServerConfigKeys (ConfUtils.java:logGet(46)) - raft.server.retrycache.expirytime = 600000ms (custom)
2024-02-06 10:02:48,279 [463d4cd4-93eb-48de-ad15-bb97619fa095-groupManagement] INFO  server.RaftServerConfigKeys (ConfUtils.java:logGet(46)) - raft.server.retrycache.statistics.expirytime = 100ms (default)
2024-02-06 10:02:48,279 [463d4cd4-93eb-48de-ad15-bb97619fa095-groupManagement] INFO  server.RaftServerConfigKeys (ConfUtils.java:logGet(46)) - raft.server.read.option = DEFAULT (default)
2024-02-06 10:02:48,279 [463d4cd4-93eb-48de-ad15-bb97619fa095-groupManagement] INFO  server.RaftServerConfigKeys (ConfUtils.java:logGet(46)) - raft.server.read.read-after-write-consistent.write-index-cache.expiry-time = 60s (default)
2024-02-06 10:02:48,282 [463d4cd4-93eb-48de-ad15-bb97619fa095-groupManagement] INFO  server.RaftServerConfigKeys (ConfUtils.java:logGet(46)) - raft.server.rpc.request.timeout = 3000ms (default)
2024-02-06 10:02:48,282 [463d4cd4-93eb-48de-ad15-bb97619fa095-groupManagement] INFO  server.RaftServerConfigKeys (ConfUtils.java:logGet(46)) - raft.server.log.appender.install.snapshot.enabled = false (custom)
2024-02-06 10:02:48,282 [463d4cd4-93eb-48de-ad15-bb97619fa095-groupManagement] INFO  server.RaftServerConfigKeys (ConfUtils.java:logGet(46)) - raft.server.threadpool.server.cached = true (default)
2024-02-06 10:02:48,282 [463d4cd4-93eb-48de-ad15-bb97619fa095-groupManagement] INFO  server.RaftServerConfigKeys (ConfUtils.java:logGet(46)) - raft.server.threadpool.server.size = 0 (default)
2024-02-06 10:02:48,282 [463d4cd4-93eb-48de-ad15-bb97619fa095-groupManagement] INFO  server.RaftServerConfigKeys (ConfUtils.java:logGet(46)) - raft.server.threadpool.client.cached = true (default)
2024-02-06 10:02:48,282 [463d4cd4-93eb-48de-ad15-bb97619fa095-groupManagement] INFO  server.RaftServerConfigKeys (ConfUtils.java:logGet(46)) - raft.server.threadpool.client.size = 0 (default)
2024-02-06 10:02:48,282 [463d4cd4-93eb-48de-ad15-bb97619fa095-groupManagement] INFO  server.RaftServerConfigKeys (ConfUtils.java:logGet(46)) - raft.server.storage.free-space.min = 0MB (=0) (default)
2024-02-06 10:02:48,282 [463d4cd4-93eb-48de-ad15-bb97619fa095-groupManagement] INFO  server.RaftServerConfigKeys (ConfUtils.java:logGet(46)) - raft.server.log.corruption.policy = EXCEPTION (default)
2024-02-06 10:02:48,282 [463d4cd4-93eb-48de-ad15-bb97619fa095-groupManagement] INFO  server.RaftServerConfigKeys (ConfUtils.java:logGet(46)) - raft.server.storage.dir = [/home/runner/work/ozone/ozone/hadoop-ozone/integration-test/target/test-dir/MiniOzoneClusterImpl-aff9c889-8dd2-4f79-ab57-76a0adc13766/datanode-8/data/ratis] (custom)
2024-02-06 10:02:48,282 [463d4cd4-93eb-48de-ad15-bb97619fa095-groupManagement] INFO  storage.RaftStorageDirectory (RaftStorageDirectoryImpl.java:analyzeStorage(138)) - The storage directory /home/runner/work/ozone/ozone/hadoop-ozone/integration-test/target/test-dir/MiniOzoneClusterImpl-aff9c889-8dd2-4f79-ab57-76a0adc13766/datanode-8/data/ratis/19c338fc-2932-4906-b65b-b5133fd9d28e does not exist. Creating ...
2024-02-06 10:02:48,283 [463d4cd4-93eb-48de-ad15-bb97619fa095-groupManagement] INFO  storage.RaftStorageDirectory (RaftStorageDirectoryImpl.java:tryLock(228)) - Lock on /home/runner/work/ozone/ozone/hadoop-ozone/integration-test/target/test-dir/MiniOzoneClusterImpl-aff9c889-8dd2-4f79-ab57-76a0adc13766/datanode-8/data/ratis/19c338fc-2932-4906-b65b-b5133fd9d28e/in_use.lock acquired by nodename 37157@fv-az776-296
2024-02-06 10:02:48,285 [463d4cd4-93eb-48de-ad15-bb97619fa095-groupManagement] INFO  storage.RaftStorage (RaftStorageImpl.java:format(99)) - Storage directory /home/runner/work/ozone/ozone/hadoop-ozone/integration-test/target/test-dir/MiniOzoneClusterImpl-aff9c889-8dd2-4f79-ab57-76a0adc13766/datanode-8/data/ratis/19c338fc-2932-4906-b65b-b5133fd9d28e has been successfully formatted.
2024-02-06 10:02:48,285 [463d4cd4-93eb-48de-ad15-bb97619fa095-groupManagement] WARN  util.FileUtils (LogUtils.java:supplyAndLog(63)) - Failed to Files.newInputStream /home/runner/work/ozone/ozone/hadoop-ozone/integration-test/target/test-dir/MiniOzoneClusterImpl-aff9c889-8dd2-4f79-ab57-76a0adc13766/datanode-8/data/ratis/19c338fc-2932-4906-b65b-b5133fd9d28e/current/raft-meta.conf with options []: java.nio.file.NoSuchFileException: /home/runner/work/ozone/ozone/hadoop-ozone/integration-test/target/test-dir/MiniOzoneClusterImpl-aff9c889-8dd2-4f79-ab57-76a0adc13766/datanode-8/data/ratis/19c338fc-2932-4906-b65b-b5133fd9d28e/current/raft-meta.conf
2024-02-06 10:02:48,286 [463d4cd4-93eb-48de-ad15-bb97619fa095-groupManagement] INFO  ratis.ContainerStateMachine (ContainerStateMachine.java:loadSnapshot(287)) - group-B5133FD9D28E: The snapshot info is null. Setting the last applied index to:(t:0, i:~)
2024-02-06 10:02:48,286 [463d4cd4-93eb-48de-ad15-bb97619fa095-groupManagement] INFO  server.RaftServerConfigKeys (ConfUtils.java:logGet(46)) - raft.server.log.use.memory = false (default)
2024-02-06 10:02:48,287 [463d4cd4-93eb-48de-ad15-bb97619fa095-groupManagement] INFO  server.RaftServerConfigKeys (ConfUtils.java:logGet(46)) - raft.server.log.purge.gap = 1000000 (custom)
2024-02-06 10:02:48,287 [463d4cd4-93eb-48de-ad15-bb97619fa095-groupManagement] INFO  server.RaftServerConfigKeys (ConfUtils.java:logGet(46)) - raft.server.log.appender.buffer.byte-limit = 8388608 (custom)
2024-02-06 10:02:48,287 [463d4cd4-93eb-48de-ad15-bb97619fa095-groupManagement] INFO  server.RaftServerConfigKeys (ConfUtils.java:logGet(46)) - raft.server.log.statemachine.data.read.timeout = 1000ms (default)
2024-02-06 10:02:48,287 [463d4cd4-93eb-48de-ad15-bb97619fa095-groupManagement] INFO  server.RaftServerConfigKeys (ConfUtils.java:logGet(46)) - raft.server.log.purge.preservation.log.num = 0 (default)
2024-02-06 10:02:48,288 [463d4cd4-93eb-48de-ad15-bb97619fa095-groupManagement] INFO  server.RaftServerConfigKeys (ConfUtils.java:logGet(46)) - raft.server.log.segment.size.max = 67108864 (custom)
2024-02-06 10:02:48,289 [463d4cd4-93eb-48de-ad15-bb97619fa095-groupManagement] INFO  server.RaftServerConfigKeys (ConfUtils.java:logGet(46)) - raft.server.log.segment.cache.num.max = 2 (custom)
2024-02-06 10:02:48,289 [463d4cd4-93eb-48de-ad15-bb97619fa095-groupManagement] INFO  server.RaftServerConfigKeys (ConfUtils.java:logGet(46)) - raft.server.log.segment.cache.size.max = 200MB (=209715200) (default)
2024-02-06 10:02:48,289 [463d4cd4-93eb-48de-ad15-bb97619fa095-groupManagement] INFO  server.RaftServerConfigKeys (ConfUtils.java:logGet(46)) - raft.server.log.appender.buffer.byte-limit = 8388608 (custom)
2024-02-06 10:02:48,289 [463d4cd4-93eb-48de-ad15-bb97619fa095-groupManagement] INFO  util.AwaitToRun (AwaitToRun.java:start(81)) - Thread[463d4cd4-93eb-48de-ad15-bb97619fa095@group-B5133FD9D28E-cacheEviction-AwaitToRun,5,main] started
2024-02-06 10:02:48,289 [463d4cd4-93eb-48de-ad15-bb97619fa095-groupManagement] INFO  segmented.SegmentedRaftLogWorker (SegmentedRaftLogWorker.java:<init>(182)) - new 463d4cd4-93eb-48de-ad15-bb97619fa095@group-B5133FD9D28E-SegmentedRaftLogWorker for RaftStorageImpl:Storage Directory /home/runner/work/ozone/ozone/hadoop-ozone/integration-test/target/test-dir/MiniOzoneClusterImpl-aff9c889-8dd2-4f79-ab57-76a0adc13766/datanode-8/data/ratis/19c338fc-2932-4906-b65b-b5133fd9d28e
2024-02-06 10:02:48,289 [463d4cd4-93eb-48de-ad15-bb97619fa095-groupManagement] INFO  server.RaftServerConfigKeys (ConfUtils.java:logGet(46)) - raft.server.log.queue.byte-limit = 4294967296 (custom)
2024-02-06 10:02:48,289 [463d4cd4-93eb-48de-ad15-bb97619fa095-groupManagement] INFO  server.RaftServerConfigKeys (ConfUtils.java:logGet(46)) - raft.server.log.queue.element-limit = 1024 (custom)
2024-02-06 10:02:48,289 [463d4cd4-93eb-48de-ad15-bb97619fa095-groupManagement] INFO  server.RaftServerConfigKeys (ConfUtils.java:logGet(46)) - raft.server.log.segment.size.max = 67108864 (custom)
2024-02-06 10:02:48,289 [463d4cd4-93eb-48de-ad15-bb97619fa095-groupManagement] INFO  server.RaftServerConfigKeys (ConfUtils.java:logGet(46)) - raft.server.log.preallocated.size = 4194304 (custom)
2024-02-06 10:02:48,289 [463d4cd4-93eb-48de-ad15-bb97619fa095-groupManagement] INFO  server.RaftServerConfigKeys (ConfUtils.java:logGet(46)) - raft.server.log.force.sync.num = 128 (default)
2024-02-06 10:02:48,290 [463d4cd4-93eb-48de-ad15-bb97619fa095-groupManagement] INFO  server.RaftServerConfigKeys (ConfUtils.java:logGet(46)) - raft.server.log.statemachine.data.sync = true (default)
2024-02-06 10:02:48,290 [463d4cd4-93eb-48de-ad15-bb97619fa095-groupManagement] INFO  server.RaftServerConfigKeys (ConfUtils.java:logGet(46)) - raft.server.log.statemachine.data.sync.timeout = 10s (default)
2024-02-06 10:02:48,290 [463d4cd4-93eb-48de-ad15-bb97619fa095-groupManagement] INFO  server.RaftServerConfigKeys (ConfUtils.java:logGet(46)) - raft.server.log.statemachine.data.sync.timeout.retry = 0 (custom)
2024-02-06 10:02:48,290 [463d4cd4-93eb-48de-ad15-bb97619fa095-groupManagement] INFO  server.RaftServerConfigKeys (ConfUtils.java:logGet(46)) - raft.server.log.write.buffer.size = 8388616 (custom)
2024-02-06 10:02:48,292 [463d4cd4-93eb-48de-ad15-bb97619fa095-groupManagement] INFO  server.RaftServerConfigKeys (ConfUtils.java:logGet(46)) - raft.server.log.appender.buffer.byte-limit = 8388608 (custom)
2024-02-06 10:02:48,292 [463d4cd4-93eb-48de-ad15-bb97619fa095-groupManagement] INFO  server.RaftServerConfigKeys (ConfUtils.java:logGet(46)) - raft.server.log.unsafe-flush.enabled = false (default)
2024-02-06 10:02:48,292 [463d4cd4-93eb-48de-ad15-bb97619fa095-groupManagement] INFO  server.RaftServerConfigKeys (ConfUtils.java:logGet(46)) - raft.server.log.async-flush.enabled = false (default)
2024-02-06 10:02:48,292 [463d4cd4-93eb-48de-ad15-bb97619fa095-groupManagement] INFO  server.RaftServerConfigKeys (ConfUtils.java:logGet(46)) - raft.server.log.statemachine.data.caching.enabled = true (custom)
2024-02-06 10:02:48,292 [463d4cd4-93eb-48de-ad15-bb97619fa095-groupManagement] INFO  segmented.SegmentedRaftLogWorker (SegmentedRaftLogWorker.java:lambda$new$0(134)) - 463d4cd4-93eb-48de-ad15-bb97619fa095@group-B5133FD9D28E-SegmentedRaftLogWorker: flushIndex: setUnconditionally 0 -> -1
2024-02-06 10:02:48,292 [463d4cd4-93eb-48de-ad15-bb97619fa095-groupManagement] INFO  segmented.SegmentedRaftLogWorker (SegmentedRaftLogWorker.java:lambda$new$0(134)) - 463d4cd4-93eb-48de-ad15-bb97619fa095@group-B5133FD9D28E-SegmentedRaftLogWorker: safeCacheEvictIndex: setUnconditionally 0 -> -1
2024-02-06 10:02:48,292 [463d4cd4-93eb-48de-ad15-bb97619fa095-groupManagement] INFO  server.RaftServer$Division (RaftServerImpl.java:start(396)) - 463d4cd4-93eb-48de-ad15-bb97619fa095@group-B5133FD9D28E: start as a follower, conf=-1: peers:[463d4cd4-93eb-48de-ad15-bb97619fa095|10.1.0.5:15175, 73be6a6b-5fd7-4eac-9d0c-1772c183b18d|10.1.0.5:15166, 4463a956-bc43-48e2-a5be-041fb54af7fb|10.1.0.5:15157]|listeners:[], old=null
2024-02-06 10:02:48,292 [463d4cd4-93eb-48de-ad15-bb97619fa095-groupManagement] INFO  server.RaftServer$Division (RaftServerImpl.java:setRole(383)) - 463d4cd4-93eb-48de-ad15-bb97619fa095@group-B5133FD9D28E: changes role from      null to FOLLOWER at term 0 for startAsFollower
2024-02-06 10:02:48,292 [463d4cd4-93eb-48de-ad15-bb97619fa095-groupManagement] INFO  impl.RoleInfo (RoleInfo.java:updateAndGet(139)) - 463d4cd4-93eb-48de-ad15-bb97619fa095: start 463d4cd4-93eb-48de-ad15-bb97619fa095@group-B5133FD9D28E-FollowerState
2024-02-06 10:02:48,293 [463d4cd4-93eb-48de-ad15-bb97619fa095@group-B5133FD9D28E-FollowerState] INFO  server.RaftServerConfigKeys (ConfUtils.java:logFallback(53)) - raft.server.rpc.first-election.timeout.min = 5s (fallback to raft.server.rpc.timeout.min)
2024-02-06 10:02:48,293 [463d4cd4-93eb-48de-ad15-bb97619fa095-groupManagement] INFO  util.JmxRegister (JmxRegister.java:tryRegister(44)) - Successfully registered JMX Bean with object name Ratis:service=RaftServer,group=group-B5133FD9D28E,id=463d4cd4-93eb-48de-ad15-bb97619fa095
2024-02-06 10:02:48,293 [463d4cd4-93eb-48de-ad15-bb97619fa095@group-B5133FD9D28E-FollowerState] INFO  server.RaftServerConfigKeys (ConfUtils.java:logFallback(53)) - raft.server.rpc.first-election.timeout.max = 5200ms (fallback to raft.server.rpc.timeout.max)
2024-02-06 10:02:48,293 [463d4cd4-93eb-48de-ad15-bb97619fa095-groupManagement] INFO  server.RaftServerConfigKeys (ConfUtils.java:logGet(46)) - raft.server.snapshot.trigger-when-stop.enabled = true (default)
2024-02-06 10:02:48,293 [463d4cd4-93eb-48de-ad15-bb97619fa095-groupManagement] INFO  server.RaftServerConfigKeys (ConfUtils.java:logGet(46)) - raft.server.snapshot.auto.trigger.enabled = true (custom)
2024-02-06 10:02:48,293 [463d4cd4-93eb-48de-ad15-bb97619fa095-groupManagement] INFO  server.RaftServerConfigKeys (ConfUtils.java:logGet(46)) - raft.server.snapshot.auto.trigger.threshold = 10000 (custom)
2024-02-06 10:02:48,293 [463d4cd4-93eb-48de-ad15-bb97619fa095-groupManagement] INFO  server.RaftServerConfigKeys (ConfUtils.java:logGet(46)) - raft.server.snapshot.retention.file.num = 5 (custom)
2024-02-06 10:02:48,293 [463d4cd4-93eb-48de-ad15-bb97619fa095-groupManagement] INFO  server.RaftServerConfigKeys (ConfUtils.java:logGet(46)) - raft.server.log.purge.upto.snapshot.index = false (default)
2024-02-06 10:02:48,308 [grpc-default-executor-0] INFO  server.RaftServer (RaftServerProxy.java:addNew(100)) - 73be6a6b-5fd7-4eac-9d0c-1772c183b18d: addNew group-B5133FD9D28E:[463d4cd4-93eb-48de-ad15-bb97619fa095|10.1.0.5:15175, 73be6a6b-5fd7-4eac-9d0c-1772c183b18d|10.1.0.5:15166, 4463a956-bc43-48e2-a5be-041fb54af7fb|10.1.0.5:15157] returns group-B5133FD9D28E:java.util.concurrent.CompletableFuture@66e84367[Not completed]
2024-02-06 10:02:48,309 [73be6a6b-5fd7-4eac-9d0c-1772c183b18d-groupManagement] INFO  server.RaftServer$Division (RaftServerImpl.java:<init>(256)) - 73be6a6b-5fd7-4eac-9d0c-1772c183b18d: new RaftServerImpl for group-B5133FD9D28E:[463d4cd4-93eb-48de-ad15-bb97619fa095|10.1.0.5:15175, 73be6a6b-5fd7-4eac-9d0c-1772c183b18d|10.1.0.5:15166, 4463a956-bc43-48e2-a5be-041fb54af7fb|10.1.0.5:15157] with ContainerStateMachine:uninitialized
2024-02-06 10:02:48,309 [73be6a6b-5fd7-4eac-9d0c-1772c183b18d-groupManagement] INFO  server.RaftServerConfigKeys (ConfUtils.java:logGet(46)) - raft.server.rpc.timeout.min = 5s (custom)
2024-02-06 10:02:48,309 [73be6a6b-5fd7-4eac-9d0c-1772c183b18d-groupManagement] INFO  server.RaftServerConfigKeys (ConfUtils.java:logGet(46)) - raft.server.rpc.timeout.max = 5200ms (custom)
2024-02-06 10:02:48,310 [73be6a6b-5fd7-4eac-9d0c-1772c183b18d-groupManagement] INFO  server.RaftServerConfigKeys (ConfUtils.java:logGet(46)) - raft.server.rpc.sleep.time = 25ms (default)
2024-02-06 10:02:48,310 [73be6a6b-5fd7-4eac-9d0c-1772c183b18d-groupManagement] INFO  server.RaftServerConfigKeys (ConfUtils.java:logGet(46)) - raft.server.rpc.slowness.timeout = 300000ms (custom)
2024-02-06 10:02:48,310 [73be6a6b-5fd7-4eac-9d0c-1772c183b18d-groupManagement] INFO  server.RaftServerConfigKeys (ConfUtils.java:logGet(46)) - raft.server.leaderelection.leader.step-down.wait-time = 10s (default)
2024-02-06 10:02:48,310 [73be6a6b-5fd7-4eac-9d0c-1772c183b18d-groupManagement] INFO  server.RaftServerConfigKeys (ConfUtils.java:logGet(46)) - raft.server.leaderelection.member.majority-add = false (default)
2024-02-06 10:02:48,310 [73be6a6b-5fd7-4eac-9d0c-1772c183b18d-groupManagement] INFO  server.RaftServerConfigKeys (ConfUtils.java:logGet(46)) - raft.server.sleep.deviation.threshold = 300ms (default)
2024-02-06 10:02:48,310 [73be6a6b-5fd7-4eac-9d0c-1772c183b18d-groupManagement] INFO  server.RaftServer$Division (ServerState.java:<init>(113)) - 73be6a6b-5fd7-4eac-9d0c-1772c183b18d@group-B5133FD9D28E: ConfigurationManager, init=-1: peers:[463d4cd4-93eb-48de-ad15-bb97619fa095|10.1.0.5:15175, 73be6a6b-5fd7-4eac-9d0c-1772c183b18d|10.1.0.5:15166, 4463a956-bc43-48e2-a5be-041fb54af7fb|10.1.0.5:15157]|listeners:[], old=null, confs=<EMPTY_MAP>
2024-02-06 10:02:48,312 [73be6a6b-5fd7-4eac-9d0c-1772c183b18d-groupManagement] INFO  server.RaftServerConfigKeys (ConfUtils.java:logGet(46)) - raft.server.notification.no-leader.timeout = 300000ms (custom)
2024-02-06 10:02:48,312 [73be6a6b-5fd7-4eac-9d0c-1772c183b18d-groupManagement] INFO  server.RaftServerConfigKeys (ConfUtils.java:logGet(46)) - raft.server.read.timeout = 10s (default)
2024-02-06 10:02:48,312 [73be6a6b-5fd7-4eac-9d0c-1772c183b18d-groupManagement] INFO  server.RaftServerConfigKeys (ConfUtils.java:logGet(46)) - raft.server.retrycache.expirytime = 600000ms (custom)
2024-02-06 10:02:48,313 [73be6a6b-5fd7-4eac-9d0c-1772c183b18d-groupManagement] INFO  server.RaftServerConfigKeys (ConfUtils.java:logGet(46)) - raft.server.retrycache.statistics.expirytime = 100ms (default)
2024-02-06 10:02:48,313 [73be6a6b-5fd7-4eac-9d0c-1772c183b18d-groupManagement] INFO  server.RaftServerConfigKeys (ConfUtils.java:logGet(46)) - raft.server.read.option = DEFAULT (default)
2024-02-06 10:02:48,313 [73be6a6b-5fd7-4eac-9d0c-1772c183b18d-groupManagement] INFO  server.RaftServerConfigKeys (ConfUtils.java:logGet(46)) - raft.server.read.read-after-write-consistent.write-index-cache.expiry-time = 60s (default)
2024-02-06 10:02:48,315 [73be6a6b-5fd7-4eac-9d0c-1772c183b18d-groupManagement] INFO  server.RaftServerConfigKeys (ConfUtils.java:logGet(46)) - raft.server.rpc.request.timeout = 3000ms (default)
2024-02-06 10:02:48,315 [73be6a6b-5fd7-4eac-9d0c-1772c183b18d-groupManagement] INFO  server.RaftServerConfigKeys (ConfUtils.java:logGet(46)) - raft.server.log.appender.install.snapshot.enabled = false (custom)
2024-02-06 10:02:48,315 [73be6a6b-5fd7-4eac-9d0c-1772c183b18d-groupManagement] INFO  server.RaftServerConfigKeys (ConfUtils.java:logGet(46)) - raft.server.threadpool.server.cached = true (default)
2024-02-06 10:02:48,315 [73be6a6b-5fd7-4eac-9d0c-1772c183b18d-groupManagement] INFO  server.RaftServerConfigKeys (ConfUtils.java:logGet(46)) - raft.server.threadpool.server.size = 0 (default)
2024-02-06 10:02:48,315 [73be6a6b-5fd7-4eac-9d0c-1772c183b18d-groupManagement] INFO  server.RaftServerConfigKeys (ConfUtils.java:logGet(46)) - raft.server.threadpool.client.cached = true (default)
2024-02-06 10:02:48,315 [73be6a6b-5fd7-4eac-9d0c-1772c183b18d-groupManagement] INFO  server.RaftServerConfigKeys (ConfUtils.java:logGet(46)) - raft.server.threadpool.client.size = 0 (default)
2024-02-06 10:02:48,315 [73be6a6b-5fd7-4eac-9d0c-1772c183b18d-groupManagement] INFO  server.RaftServerConfigKeys (ConfUtils.java:logGet(46)) - raft.server.storage.free-space.min = 0MB (=0) (default)
2024-02-06 10:02:48,315 [73be6a6b-5fd7-4eac-9d0c-1772c183b18d-groupManagement] INFO  server.RaftServerConfigKeys (ConfUtils.java:logGet(46)) - raft.server.log.corruption.policy = EXCEPTION (default)
2024-02-06 10:02:48,316 [73be6a6b-5fd7-4eac-9d0c-1772c183b18d-groupManagement] INFO  server.RaftServerConfigKeys (ConfUtils.java:logGet(46)) - raft.server.storage.dir = [/home/runner/work/ozone/ozone/hadoop-ozone/integration-test/target/test-dir/MiniOzoneClusterImpl-aff9c889-8dd2-4f79-ab57-76a0adc13766/datanode-7/data/ratis] (custom)
2024-02-06 10:02:48,316 [73be6a6b-5fd7-4eac-9d0c-1772c183b18d-groupManagement] INFO  storage.RaftStorageDirectory (RaftStorageDirectoryImpl.java:analyzeStorage(138)) - The storage directory /home/runner/work/ozone/ozone/hadoop-ozone/integration-test/target/test-dir/MiniOzoneClusterImpl-aff9c889-8dd2-4f79-ab57-76a0adc13766/datanode-7/data/ratis/19c338fc-2932-4906-b65b-b5133fd9d28e does not exist. Creating ...
2024-02-06 10:02:48,317 [73be6a6b-5fd7-4eac-9d0c-1772c183b18d-groupManagement] INFO  storage.RaftStorageDirectory (RaftStorageDirectoryImpl.java:tryLock(228)) - Lock on /home/runner/work/ozone/ozone/hadoop-ozone/integration-test/target/test-dir/MiniOzoneClusterImpl-aff9c889-8dd2-4f79-ab57-76a0adc13766/datanode-7/data/ratis/19c338fc-2932-4906-b65b-b5133fd9d28e/in_use.lock acquired by nodename 37157@fv-az776-296
2024-02-06 10:02:48,318 [73be6a6b-5fd7-4eac-9d0c-1772c183b18d-groupManagement] INFO  storage.RaftStorage (RaftStorageImpl.java:format(99)) - Storage directory /home/runner/work/ozone/ozone/hadoop-ozone/integration-test/target/test-dir/MiniOzoneClusterImpl-aff9c889-8dd2-4f79-ab57-76a0adc13766/datanode-7/data/ratis/19c338fc-2932-4906-b65b-b5133fd9d28e has been successfully formatted.
2024-02-06 10:02:48,318 [73be6a6b-5fd7-4eac-9d0c-1772c183b18d-groupManagement] WARN  util.FileUtils (LogUtils.java:supplyAndLog(63)) - Failed to Files.newInputStream /home/runner/work/ozone/ozone/hadoop-ozone/integration-test/target/test-dir/MiniOzoneClusterImpl-aff9c889-8dd2-4f79-ab57-76a0adc13766/datanode-7/data/ratis/19c338fc-2932-4906-b65b-b5133fd9d28e/current/raft-meta.conf with options []: java.nio.file.NoSuchFileException: /home/runner/work/ozone/ozone/hadoop-ozone/integration-test/target/test-dir/MiniOzoneClusterImpl-aff9c889-8dd2-4f79-ab57-76a0adc13766/datanode-7/data/ratis/19c338fc-2932-4906-b65b-b5133fd9d28e/current/raft-meta.conf
2024-02-06 10:02:48,319 [73be6a6b-5fd7-4eac-9d0c-1772c183b18d-groupManagement] INFO  ratis.ContainerStateMachine (ContainerStateMachine.java:loadSnapshot(287)) - group-B5133FD9D28E: The snapshot info is null. Setting the last applied index to:(t:0, i:~)
2024-02-06 10:02:48,319 [73be6a6b-5fd7-4eac-9d0c-1772c183b18d-groupManagement] INFO  server.RaftServerConfigKeys (ConfUtils.java:logGet(46)) - raft.server.log.use.memory = false (default)
2024-02-06 10:02:48,320 [73be6a6b-5fd7-4eac-9d0c-1772c183b18d-groupManagement] INFO  server.RaftServerConfigKeys (ConfUtils.java:logGet(46)) - raft.server.log.purge.gap = 1000000 (custom)
2024-02-06 10:02:48,320 [73be6a6b-5fd7-4eac-9d0c-1772c183b18d-groupManagement] INFO  server.RaftServerConfigKeys (ConfUtils.java:logGet(46)) - raft.server.log.appender.buffer.byte-limit = 8388608 (custom)
2024-02-06 10:02:48,320 [73be6a6b-5fd7-4eac-9d0c-1772c183b18d-groupManagement] INFO  server.RaftServerConfigKeys (ConfUtils.java:logGet(46)) - raft.server.log.statemachine.data.read.timeout = 1000ms (default)
2024-02-06 10:02:48,320 [73be6a6b-5fd7-4eac-9d0c-1772c183b18d-groupManagement] INFO  server.RaftServerConfigKeys (ConfUtils.java:logGet(46)) - raft.server.log.purge.preservation.log.num = 0 (default)
2024-02-06 10:02:48,321 [73be6a6b-5fd7-4eac-9d0c-1772c183b18d-groupManagement] INFO  server.RaftServerConfigKeys (ConfUtils.java:logGet(46)) - raft.server.log.segment.size.max = 67108864 (custom)
2024-02-06 10:02:48,321 [73be6a6b-5fd7-4eac-9d0c-1772c183b18d-groupManagement] INFO  server.RaftServerConfigKeys (ConfUtils.java:logGet(46)) - raft.server.log.segment.cache.num.max = 2 (custom)
2024-02-06 10:02:48,321 [73be6a6b-5fd7-4eac-9d0c-1772c183b18d-groupManagement] INFO  server.RaftServerConfigKeys (ConfUtils.java:logGet(46)) - raft.server.log.segment.cache.size.max = 200MB (=209715200) (default)
2024-02-06 10:02:48,321 [73be6a6b-5fd7-4eac-9d0c-1772c183b18d-groupManagement] INFO  server.RaftServerConfigKeys (ConfUtils.java:logGet(46)) - raft.server.log.appender.buffer.byte-limit = 8388608 (custom)
2024-02-06 10:02:48,322 [73be6a6b-5fd7-4eac-9d0c-1772c183b18d-groupManagement] INFO  util.AwaitToRun (AwaitToRun.java:start(81)) - Thread[73be6a6b-5fd7-4eac-9d0c-1772c183b18d@group-B5133FD9D28E-cacheEviction-AwaitToRun,5,main] started
2024-02-06 10:02:48,322 [73be6a6b-5fd7-4eac-9d0c-1772c183b18d-groupManagement] INFO  segmented.SegmentedRaftLogWorker (SegmentedRaftLogWorker.java:<init>(182)) - new 73be6a6b-5fd7-4eac-9d0c-1772c183b18d@group-B5133FD9D28E-SegmentedRaftLogWorker for RaftStorageImpl:Storage Directory /home/runner/work/ozone/ozone/hadoop-ozone/integration-test/target/test-dir/MiniOzoneClusterImpl-aff9c889-8dd2-4f79-ab57-76a0adc13766/datanode-7/data/ratis/19c338fc-2932-4906-b65b-b5133fd9d28e
2024-02-06 10:02:48,322 [73be6a6b-5fd7-4eac-9d0c-1772c183b18d-groupManagement] INFO  server.RaftServerConfigKeys (ConfUtils.java:logGet(46)) - raft.server.log.queue.byte-limit = 4294967296 (custom)
2024-02-06 10:02:48,322 [73be6a6b-5fd7-4eac-9d0c-1772c183b18d-groupManagement] INFO  server.RaftServerConfigKeys (ConfUtils.java:logGet(46)) - raft.server.log.queue.element-limit = 1024 (custom)
2024-02-06 10:02:48,322 [73be6a6b-5fd7-4eac-9d0c-1772c183b18d-groupManagement] INFO  server.RaftServerConfigKeys (ConfUtils.java:logGet(46)) - raft.server.log.segment.size.max = 67108864 (custom)
2024-02-06 10:02:48,322 [73be6a6b-5fd7-4eac-9d0c-1772c183b18d-groupManagement] INFO  server.RaftServerConfigKeys (ConfUtils.java:logGet(46)) - raft.server.log.preallocated.size = 4194304 (custom)
2024-02-06 10:02:48,322 [73be6a6b-5fd7-4eac-9d0c-1772c183b18d-groupManagement] INFO  server.RaftServerConfigKeys (ConfUtils.java:logGet(46)) - raft.server.log.force.sync.num = 128 (default)
2024-02-06 10:02:48,322 [73be6a6b-5fd7-4eac-9d0c-1772c183b18d-groupManagement] INFO  server.RaftServerConfigKeys (ConfUtils.java:logGet(46)) - raft.server.log.statemachine.data.sync = true (default)
2024-02-06 10:02:48,322 [73be6a6b-5fd7-4eac-9d0c-1772c183b18d-groupManagement] INFO  server.RaftServerConfigKeys (ConfUtils.java:logGet(46)) - raft.server.log.statemachine.data.sync.timeout = 10s (default)
2024-02-06 10:02:48,322 [73be6a6b-5fd7-4eac-9d0c-1772c183b18d-groupManagement] INFO  server.RaftServerConfigKeys (ConfUtils.java:logGet(46)) - raft.server.log.statemachine.data.sync.timeout.retry = 0 (custom)
2024-02-06 10:02:48,322 [73be6a6b-5fd7-4eac-9d0c-1772c183b18d-groupManagement] INFO  server.RaftServerConfigKeys (ConfUtils.java:logGet(46)) - raft.server.log.write.buffer.size = 8388616 (custom)
2024-02-06 10:02:48,324 [73be6a6b-5fd7-4eac-9d0c-1772c183b18d-groupManagement] INFO  server.RaftServerConfigKeys (ConfUtils.java:logGet(46)) - raft.server.log.appender.buffer.byte-limit = 8388608 (custom)
2024-02-06 10:02:48,324 [73be6a6b-5fd7-4eac-9d0c-1772c183b18d-groupManagement] INFO  server.RaftServerConfigKeys (ConfUtils.java:logGet(46)) - raft.server.log.unsafe-flush.enabled = false (default)
2024-02-06 10:02:48,324 [73be6a6b-5fd7-4eac-9d0c-1772c183b18d-groupManagement] INFO  server.RaftServerConfigKeys (ConfUtils.java:logGet(46)) - raft.server.log.async-flush.enabled = false (default)
2024-02-06 10:02:48,324 [73be6a6b-5fd7-4eac-9d0c-1772c183b18d-groupManagement] INFO  server.RaftServerConfigKeys (ConfUtils.java:logGet(46)) - raft.server.log.statemachine.data.caching.enabled = true (custom)
2024-02-06 10:02:48,324 [73be6a6b-5fd7-4eac-9d0c-1772c183b18d-groupManagement] INFO  segmented.SegmentedRaftLogWorker (SegmentedRaftLogWorker.java:lambda$new$0(134)) - 73be6a6b-5fd7-4eac-9d0c-1772c183b18d@group-B5133FD9D28E-SegmentedRaftLogWorker: flushIndex: setUnconditionally 0 -> -1
2024-02-06 10:02:48,324 [73be6a6b-5fd7-4eac-9d0c-1772c183b18d-groupManagement] INFO  segmented.SegmentedRaftLogWorker (SegmentedRaftLogWorker.java:lambda$new$0(134)) - 73be6a6b-5fd7-4eac-9d0c-1772c183b18d@group-B5133FD9D28E-SegmentedRaftLogWorker: safeCacheEvictIndex: setUnconditionally 0 -> -1
2024-02-06 10:02:48,324 [73be6a6b-5fd7-4eac-9d0c-1772c183b18d-groupManagement] INFO  server.RaftServer$Division (RaftServerImpl.java:start(396)) - 73be6a6b-5fd7-4eac-9d0c-1772c183b18d@group-B5133FD9D28E: start as a follower, conf=-1: peers:[463d4cd4-93eb-48de-ad15-bb97619fa095|10.1.0.5:15175, 73be6a6b-5fd7-4eac-9d0c-1772c183b18d|10.1.0.5:15166, 4463a956-bc43-48e2-a5be-041fb54af7fb|10.1.0.5:15157]|listeners:[], old=null
2024-02-06 10:02:48,324 [73be6a6b-5fd7-4eac-9d0c-1772c183b18d-groupManagement] INFO  server.RaftServer$Division (RaftServerImpl.java:setRole(383)) - 73be6a6b-5fd7-4eac-9d0c-1772c183b18d@group-B5133FD9D28E: changes role from      null to FOLLOWER at term 0 for startAsFollower
2024-02-06 10:02:48,324 [73be6a6b-5fd7-4eac-9d0c-1772c183b18d-groupManagement] INFO  impl.RoleInfo (RoleInfo.java:updateAndGet(139)) - 73be6a6b-5fd7-4eac-9d0c-1772c183b18d: start 73be6a6b-5fd7-4eac-9d0c-1772c183b18d@group-B5133FD9D28E-FollowerState
2024-02-06 10:02:48,325 [73be6a6b-5fd7-4eac-9d0c-1772c183b18d@group-B5133FD9D28E-FollowerState] INFO  server.RaftServerConfigKeys (ConfUtils.java:logFallback(53)) - raft.server.rpc.first-election.timeout.min = 5s (fallback to raft.server.rpc.timeout.min)
2024-02-06 10:02:48,325 [73be6a6b-5fd7-4eac-9d0c-1772c183b18d-groupManagement] INFO  util.JmxRegister (JmxRegister.java:tryRegister(44)) - Successfully registered JMX Bean with object name Ratis:service=RaftServer,group=group-B5133FD9D28E,id=73be6a6b-5fd7-4eac-9d0c-1772c183b18d
2024-02-06 10:02:48,325 [73be6a6b-5fd7-4eac-9d0c-1772c183b18d@group-B5133FD9D28E-FollowerState] INFO  server.RaftServerConfigKeys (ConfUtils.java:logFallback(53)) - raft.server.rpc.first-election.timeout.max = 5200ms (fallback to raft.server.rpc.timeout.max)
2024-02-06 10:02:48,325 [73be6a6b-5fd7-4eac-9d0c-1772c183b18d-groupManagement] INFO  server.RaftServerConfigKeys (ConfUtils.java:logGet(46)) - raft.server.snapshot.trigger-when-stop.enabled = true (default)
2024-02-06 10:02:48,325 [73be6a6b-5fd7-4eac-9d0c-1772c183b18d-groupManagement] INFO  server.RaftServerConfigKeys (ConfUtils.java:logGet(46)) - raft.server.snapshot.auto.trigger.enabled = true (custom)
2024-02-06 10:02:48,325 [73be6a6b-5fd7-4eac-9d0c-1772c183b18d-groupManagement] INFO  server.RaftServerConfigKeys (ConfUtils.java:logGet(46)) - raft.server.snapshot.auto.trigger.threshold = 10000 (custom)
2024-02-06 10:02:48,325 [73be6a6b-5fd7-4eac-9d0c-1772c183b18d-groupManagement] INFO  server.RaftServerConfigKeys (ConfUtils.java:logGet(46)) - raft.server.snapshot.retention.file.num = 5 (custom)
2024-02-06 10:02:48,325 [73be6a6b-5fd7-4eac-9d0c-1772c183b18d-groupManagement] INFO  server.RaftServerConfigKeys (ConfUtils.java:logGet(46)) - raft.server.log.purge.upto.snapshot.index = false (default)
2024-02-06 10:02:48,330 [4463a956-bc43-48e2-a5be-041fb54af7fb-PipelineCommandHandlerThread-0] INFO  commandhandler.CreatePipelineCommandHandler (CreatePipelineCommandHandler.java:lambda$handle$2(124)) - Created Pipeline RATIS THREE PipelineID=19c338fc-2932-4906-b65b-b5133fd9d28e.
2024-02-06 10:02:48,353 [73be6a6b-5fd7-4eac-9d0c-1772c183b18d-PipelineCommandHandlerThread-0] INFO  server.RaftServer (RaftServerProxy.java:addNew(100)) - 73be6a6b-5fd7-4eac-9d0c-1772c183b18d: addNew group-B48B9D031783:[73be6a6b-5fd7-4eac-9d0c-1772c183b18d|10.1.0.5:15166] returns group-B48B9D031783:java.util.concurrent.CompletableFuture@4be1e6e6[Not completed]
2024-02-06 10:02:48,354 [73be6a6b-5fd7-4eac-9d0c-1772c183b18d-groupManagement] INFO  server.RaftServer$Division (RaftServerImpl.java:<init>(256)) - 73be6a6b-5fd7-4eac-9d0c-1772c183b18d: new RaftServerImpl for group-B48B9D031783:[73be6a6b-5fd7-4eac-9d0c-1772c183b18d|10.1.0.5:15166] with ContainerStateMachine:uninitialized
2024-02-06 10:02:48,354 [73be6a6b-5fd7-4eac-9d0c-1772c183b18d-groupManagement] INFO  server.RaftServerConfigKeys (ConfUtils.java:logGet(46)) - raft.server.rpc.timeout.min = 5s (custom)
2024-02-06 10:02:48,354 [73be6a6b-5fd7-4eac-9d0c-1772c183b18d-groupManagement] INFO  server.RaftServerConfigKeys (ConfUtils.java:logGet(46)) - raft.server.rpc.timeout.max = 5200ms (custom)
2024-02-06 10:02:48,354 [73be6a6b-5fd7-4eac-9d0c-1772c183b18d-groupManagement] INFO  server.RaftServerConfigKeys (ConfUtils.java:logGet(46)) - raft.server.rpc.sleep.time = 25ms (default)
2024-02-06 10:02:48,354 [73be6a6b-5fd7-4eac-9d0c-1772c183b18d-groupManagement] INFO  server.RaftServerConfigKeys (ConfUtils.java:logGet(46)) - raft.server.rpc.slowness.timeout = 300000ms (custom)
2024-02-06 10:02:48,354 [73be6a6b-5fd7-4eac-9d0c-1772c183b18d-groupManagement] INFO  server.RaftServerConfigKeys (ConfUtils.java:logGet(46)) - raft.server.leaderelection.leader.step-down.wait-time = 10s (default)
2024-02-06 10:02:48,354 [73be6a6b-5fd7-4eac-9d0c-1772c183b18d-groupManagement] INFO  server.RaftServerConfigKeys (ConfUtils.java:logGet(46)) - raft.server.leaderelection.member.majority-add = false (default)
2024-02-06 10:02:48,354 [73be6a6b-5fd7-4eac-9d0c-1772c183b18d-groupManagement] INFO  server.RaftServerConfigKeys (ConfUtils.java:logGet(46)) - raft.server.sleep.deviation.threshold = 300ms (default)
2024-02-06 10:02:48,354 [73be6a6b-5fd7-4eac-9d0c-1772c183b18d-groupManagement] INFO  server.RaftServer$Division (ServerState.java:<init>(113)) - 73be6a6b-5fd7-4eac-9d0c-1772c183b18d@group-B48B9D031783: ConfigurationManager, init=-1: peers:[73be6a6b-5fd7-4eac-9d0c-1772c183b18d|10.1.0.5:15166]|listeners:[], old=null, confs=<EMPTY_MAP>
2024-02-06 10:02:48,354 [73be6a6b-5fd7-4eac-9d0c-1772c183b18d-groupManagement] INFO  server.RaftServerConfigKeys (ConfUtils.java:logGet(46)) - raft.server.notification.no-leader.timeout = 300000ms (custom)
2024-02-06 10:02:48,354 [73be6a6b-5fd7-4eac-9d0c-1772c183b18d-groupManagement] INFO  server.RaftServerConfigKeys (ConfUtils.java:logGet(46)) - raft.server.read.timeout = 10s (default)
2024-02-06 10:02:48,354 [73be6a6b-5fd7-4eac-9d0c-1772c183b18d-groupManagement] INFO  server.RaftServerConfigKeys (ConfUtils.java:logGet(46)) - raft.server.retrycache.expirytime = 600000ms (custom)
2024-02-06 10:02:48,354 [73be6a6b-5fd7-4eac-9d0c-1772c183b18d-groupManagement] INFO  server.RaftServerConfigKeys (ConfUtils.java:logGet(46)) - raft.server.retrycache.statistics.expirytime = 100ms (default)
2024-02-06 10:02:48,355 [73be6a6b-5fd7-4eac-9d0c-1772c183b18d-groupManagement] INFO  server.RaftServerConfigKeys (ConfUtils.java:logGet(46)) - raft.server.read.option = DEFAULT (default)
2024-02-06 10:02:48,355 [73be6a6b-5fd7-4eac-9d0c-1772c183b18d-groupManagement] INFO  server.RaftServerConfigKeys (ConfUtils.java:logGet(46)) - raft.server.read.read-after-write-consistent.write-index-cache.expiry-time = 60s (default)
2024-02-06 10:02:48,357 [73be6a6b-5fd7-4eac-9d0c-1772c183b18d-groupManagement] INFO  server.RaftServerConfigKeys (ConfUtils.java:logGet(46)) - raft.server.rpc.request.timeout = 3000ms (default)
2024-02-06 10:02:48,357 [73be6a6b-5fd7-4eac-9d0c-1772c183b18d-groupManagement] INFO  server.RaftServerConfigKeys (ConfUtils.java:logGet(46)) - raft.server.log.appender.install.snapshot.enabled = false (custom)
2024-02-06 10:02:48,357 [73be6a6b-5fd7-4eac-9d0c-1772c183b18d-groupManagement] INFO  server.RaftServerConfigKeys (ConfUtils.java:logGet(46)) - raft.server.threadpool.server.cached = true (default)
2024-02-06 10:02:48,357 [73be6a6b-5fd7-4eac-9d0c-1772c183b18d-groupManagement] INFO  server.RaftServerConfigKeys (ConfUtils.java:logGet(46)) - raft.server.threadpool.server.size = 0 (default)
2024-02-06 10:02:48,357 [73be6a6b-5fd7-4eac-9d0c-1772c183b18d-groupManagement] INFO  server.RaftServerConfigKeys (ConfUtils.java:logGet(46)) - raft.server.threadpool.client.cached = true (default)
2024-02-06 10:02:48,357 [73be6a6b-5fd7-4eac-9d0c-1772c183b18d-groupManagement] INFO  server.RaftServerConfigKeys (ConfUtils.java:logGet(46)) - raft.server.threadpool.client.size = 0 (default)
2024-02-06 10:02:48,357 [73be6a6b-5fd7-4eac-9d0c-1772c183b18d-groupManagement] INFO  server.RaftServerConfigKeys (ConfUtils.java:logGet(46)) - raft.server.storage.free-space.min = 0MB (=0) (default)
2024-02-06 10:02:48,357 [73be6a6b-5fd7-4eac-9d0c-1772c183b18d-groupManagement] INFO  server.RaftServerConfigKeys (ConfUtils.java:logGet(46)) - raft.server.log.corruption.policy = EXCEPTION (default)
2024-02-06 10:02:48,357 [73be6a6b-5fd7-4eac-9d0c-1772c183b18d-groupManagement] INFO  server.RaftServerConfigKeys (ConfUtils.java:logGet(46)) - raft.server.storage.dir = [/home/runner/work/ozone/ozone/hadoop-ozone/integration-test/target/test-dir/MiniOzoneClusterImpl-aff9c889-8dd2-4f79-ab57-76a0adc13766/datanode-7/data/ratis] (custom)
2024-02-06 10:02:48,358 [73be6a6b-5fd7-4eac-9d0c-1772c183b18d-groupManagement] INFO  storage.RaftStorageDirectory (RaftStorageDirectoryImpl.java:analyzeStorage(138)) - The storage directory /home/runner/work/ozone/ozone/hadoop-ozone/integration-test/target/test-dir/MiniOzoneClusterImpl-aff9c889-8dd2-4f79-ab57-76a0adc13766/datanode-7/data/ratis/d786f4e4-63b0-422d-bd41-b48b9d031783 does not exist. Creating ...
2024-02-06 10:02:48,366 [73be6a6b-5fd7-4eac-9d0c-1772c183b18d-groupManagement] INFO  storage.RaftStorageDirectory (RaftStorageDirectoryImpl.java:tryLock(228)) - Lock on /home/runner/work/ozone/ozone/hadoop-ozone/integration-test/target/test-dir/MiniOzoneClusterImpl-aff9c889-8dd2-4f79-ab57-76a0adc13766/datanode-7/data/ratis/d786f4e4-63b0-422d-bd41-b48b9d031783/in_use.lock acquired by nodename 37157@fv-az776-296
2024-02-06 10:02:48,367 [73be6a6b-5fd7-4eac-9d0c-1772c183b18d-groupManagement] INFO  storage.RaftStorage (RaftStorageImpl.java:format(99)) - Storage directory /home/runner/work/ozone/ozone/hadoop-ozone/integration-test/target/test-dir/MiniOzoneClusterImpl-aff9c889-8dd2-4f79-ab57-76a0adc13766/datanode-7/data/ratis/d786f4e4-63b0-422d-bd41-b48b9d031783 has been successfully formatted.
2024-02-06 10:02:48,367 [73be6a6b-5fd7-4eac-9d0c-1772c183b18d-groupManagement] WARN  util.FileUtils (LogUtils.java:supplyAndLog(63)) - Failed to Files.newInputStream /home/runner/work/ozone/ozone/hadoop-ozone/integration-test/target/test-dir/MiniOzoneClusterImpl-aff9c889-8dd2-4f79-ab57-76a0adc13766/datanode-7/data/ratis/d786f4e4-63b0-422d-bd41-b48b9d031783/current/raft-meta.conf with options []: java.nio.file.NoSuchFileException: /home/runner/work/ozone/ozone/hadoop-ozone/integration-test/target/test-dir/MiniOzoneClusterImpl-aff9c889-8dd2-4f79-ab57-76a0adc13766/datanode-7/data/ratis/d786f4e4-63b0-422d-bd41-b48b9d031783/current/raft-meta.conf
2024-02-06 10:02:48,368 [73be6a6b-5fd7-4eac-9d0c-1772c183b18d-groupManagement] INFO  ratis.ContainerStateMachine (ContainerStateMachine.java:loadSnapshot(287)) - group-B48B9D031783: The snapshot info is null. Setting the last applied index to:(t:0, i:~)
2024-02-06 10:02:48,368 [73be6a6b-5fd7-4eac-9d0c-1772c183b18d-groupManagement] INFO  server.RaftServerConfigKeys (ConfUtils.java:logGet(46)) - raft.server.log.use.memory = false (default)
2024-02-06 10:02:48,368 [73be6a6b-5fd7-4eac-9d0c-1772c183b18d-groupManagement] INFO  server.RaftServerConfigKeys (ConfUtils.java:logGet(46)) - raft.server.log.purge.gap = 1000000 (custom)
2024-02-06 10:02:48,368 [73be6a6b-5fd7-4eac-9d0c-1772c183b18d-groupManagement] INFO  server.RaftServerConfigKeys (ConfUtils.java:logGet(46)) - raft.server.log.appender.buffer.byte-limit = 8388608 (custom)
2024-02-06 10:02:48,368 [73be6a6b-5fd7-4eac-9d0c-1772c183b18d-groupManagement] INFO  server.RaftServerConfigKeys (ConfUtils.java:logGet(46)) - raft.server.log.statemachine.data.read.timeout = 1000ms (default)
2024-02-06 10:02:48,368 [73be6a6b-5fd7-4eac-9d0c-1772c183b18d-groupManagement] INFO  server.RaftServerConfigKeys (ConfUtils.java:logGet(46)) - raft.server.log.purge.preservation.log.num = 0 (default)
2024-02-06 10:02:48,369 [EventQueue-PipelineReportForPipelineReportHandler] INFO  pipeline.PipelineReportHandler (PipelineReportHandler.java:processPipelineReport(136)) - Opened pipeline PipelineID=d786f4e4-63b0-422d-bd41-b48b9d031783
2024-02-06 10:02:48,369 [EventQueue-OpenPipelineForHealthyPipelineSafeModeRule] INFO  safemode.SCMSafeModeManager (HealthyPipelineSafeModeRule.java:process(140)) - SCM in safe mode. Healthy pipelines reported count is 0, required healthy pipeline reported count is 1
2024-02-06 10:02:48,370 [73be6a6b-5fd7-4eac-9d0c-1772c183b18d-groupManagement] INFO  server.RaftServerConfigKeys (ConfUtils.java:logGet(46)) - raft.server.log.segment.size.max = 67108864 (custom)
2024-02-06 10:02:48,370 [73be6a6b-5fd7-4eac-9d0c-1772c183b18d-groupManagement] INFO  server.RaftServerConfigKeys (ConfUtils.java:logGet(46)) - raft.server.log.segment.cache.num.max = 2 (custom)
2024-02-06 10:02:48,370 [73be6a6b-5fd7-4eac-9d0c-1772c183b18d-groupManagement] INFO  server.RaftServerConfigKeys (ConfUtils.java:logGet(46)) - raft.server.log.segment.cache.size.max = 200MB (=209715200) (default)
2024-02-06 10:02:48,370 [73be6a6b-5fd7-4eac-9d0c-1772c183b18d-groupManagement] INFO  server.RaftServerConfigKeys (ConfUtils.java:logGet(46)) - raft.server.log.appender.buffer.byte-limit = 8388608 (custom)
2024-02-06 10:02:48,371 [73be6a6b-5fd7-4eac-9d0c-1772c183b18d-groupManagement] INFO  util.AwaitToRun (AwaitToRun.java:start(81)) - Thread[73be6a6b-5fd7-4eac-9d0c-1772c183b18d@group-B48B9D031783-cacheEviction-AwaitToRun,5,main] started
2024-02-06 10:02:48,371 [73be6a6b-5fd7-4eac-9d0c-1772c183b18d-groupManagement] INFO  segmented.SegmentedRaftLogWorker (SegmentedRaftLogWorker.java:<init>(182)) - new 73be6a6b-5fd7-4eac-9d0c-1772c183b18d@group-B48B9D031783-SegmentedRaftLogWorker for RaftStorageImpl:Storage Directory /home/runner/work/ozone/ozone/hadoop-ozone/integration-test/target/test-dir/MiniOzoneClusterImpl-aff9c889-8dd2-4f79-ab57-76a0adc13766/datanode-7/data/ratis/d786f4e4-63b0-422d-bd41-b48b9d031783
2024-02-06 10:02:48,371 [73be6a6b-5fd7-4eac-9d0c-1772c183b18d-groupManagement] INFO  server.RaftServerConfigKeys (ConfUtils.java:logGet(46)) - raft.server.log.queue.byte-limit = 4294967296 (custom)
2024-02-06 10:02:48,371 [73be6a6b-5fd7-4eac-9d0c-1772c183b18d-groupManagement] INFO  server.RaftServerConfigKeys (ConfUtils.java:logGet(46)) - raft.server.log.queue.element-limit = 1024 (custom)
2024-02-06 10:02:48,371 [73be6a6b-5fd7-4eac-9d0c-1772c183b18d-groupManagement] INFO  server.RaftServerConfigKeys (ConfUtils.java:logGet(46)) - raft.server.log.segment.size.max = 67108864 (custom)
2024-02-06 10:02:48,371 [73be6a6b-5fd7-4eac-9d0c-1772c183b18d-groupManagement] INFO  server.RaftServerConfigKeys (ConfUtils.java:logGet(46)) - raft.server.log.preallocated.size = 4194304 (custom)
2024-02-06 10:02:48,371 [73be6a6b-5fd7-4eac-9d0c-1772c183b18d-groupManagement] INFO  server.RaftServerConfigKeys (ConfUtils.java:logGet(46)) - raft.server.log.force.sync.num = 128 (default)
2024-02-06 10:02:48,371 [73be6a6b-5fd7-4eac-9d0c-1772c183b18d-groupManagement] INFO  server.RaftServerConfigKeys (ConfUtils.java:logGet(46)) - raft.server.log.statemachine.data.sync = true (default)
2024-02-06 10:02:48,371 [73be6a6b-5fd7-4eac-9d0c-1772c183b18d-groupManagement] INFO  server.RaftServerConfigKeys (ConfUtils.java:logGet(46)) - raft.server.log.statemachine.data.sync.timeout = 10s (default)
2024-02-06 10:02:48,371 [73be6a6b-5fd7-4eac-9d0c-1772c183b18d-groupManagement] INFO  server.RaftServerConfigKeys (ConfUtils.java:logGet(46)) - raft.server.log.statemachine.data.sync.timeout.retry = 0 (custom)
2024-02-06 10:02:48,372 [73be6a6b-5fd7-4eac-9d0c-1772c183b18d-groupManagement] INFO  server.RaftServerConfigKeys (ConfUtils.java:logGet(46)) - raft.server.log.write.buffer.size = 8388616 (custom)
2024-02-06 10:02:48,373 [73be6a6b-5fd7-4eac-9d0c-1772c183b18d-groupManagement] INFO  server.RaftServerConfigKeys (ConfUtils.java:logGet(46)) - raft.server.log.appender.buffer.byte-limit = 8388608 (custom)
2024-02-06 10:02:48,373 [73be6a6b-5fd7-4eac-9d0c-1772c183b18d-groupManagement] INFO  server.RaftServerConfigKeys (ConfUtils.java:logGet(46)) - raft.server.log.unsafe-flush.enabled = false (default)
2024-02-06 10:02:48,374 [73be6a6b-5fd7-4eac-9d0c-1772c183b18d-groupManagement] INFO  server.RaftServerConfigKeys (ConfUtils.java:logGet(46)) - raft.server.log.async-flush.enabled = false (default)
2024-02-06 10:02:48,374 [73be6a6b-5fd7-4eac-9d0c-1772c183b18d-groupManagement] INFO  server.RaftServerConfigKeys (ConfUtils.java:logGet(46)) - raft.server.log.statemachine.data.caching.enabled = true (custom)
2024-02-06 10:02:48,374 [73be6a6b-5fd7-4eac-9d0c-1772c183b18d-groupManagement] INFO  segmented.SegmentedRaftLogWorker (SegmentedRaftLogWorker.java:lambda$new$0(134)) - 73be6a6b-5fd7-4eac-9d0c-1772c183b18d@group-B48B9D031783-SegmentedRaftLogWorker: flushIndex: setUnconditionally 0 -> -1
2024-02-06 10:02:48,374 [73be6a6b-5fd7-4eac-9d0c-1772c183b18d-groupManagement] INFO  segmented.SegmentedRaftLogWorker (SegmentedRaftLogWorker.java:lambda$new$0(134)) - 73be6a6b-5fd7-4eac-9d0c-1772c183b18d@group-B48B9D031783-SegmentedRaftLogWorker: safeCacheEvictIndex: setUnconditionally 0 -> -1
2024-02-06 10:02:48,374 [73be6a6b-5fd7-4eac-9d0c-1772c183b18d-groupManagement] INFO  server.RaftServer$Division (RaftServerImpl.java:start(396)) - 73be6a6b-5fd7-4eac-9d0c-1772c183b18d@group-B48B9D031783: start as a follower, conf=-1: peers:[73be6a6b-5fd7-4eac-9d0c-1772c183b18d|10.1.0.5:15166]|listeners:[], old=null
2024-02-06 10:02:48,374 [73be6a6b-5fd7-4eac-9d0c-1772c183b18d-groupManagement] INFO  server.RaftServer$Division (RaftServerImpl.java:setRole(383)) - 73be6a6b-5fd7-4eac-9d0c-1772c183b18d@group-B48B9D031783: changes role from      null to FOLLOWER at term 0 for startAsFollower
2024-02-06 10:02:48,374 [73be6a6b-5fd7-4eac-9d0c-1772c183b18d-groupManagement] INFO  impl.RoleInfo (RoleInfo.java:updateAndGet(139)) - 73be6a6b-5fd7-4eac-9d0c-1772c183b18d: start 73be6a6b-5fd7-4eac-9d0c-1772c183b18d@group-B48B9D031783-FollowerState
2024-02-06 10:02:48,375 [73be6a6b-5fd7-4eac-9d0c-1772c183b18d-groupManagement] INFO  util.JmxRegister (JmxRegister.java:tryRegister(44)) - Successfully registered JMX Bean with object name Ratis:service=RaftServer,group=group-B48B9D031783,id=73be6a6b-5fd7-4eac-9d0c-1772c183b18d
2024-02-06 10:02:48,375 [73be6a6b-5fd7-4eac-9d0c-1772c183b18d-groupManagement] INFO  server.RaftServerConfigKeys (ConfUtils.java:logGet(46)) - raft.server.snapshot.trigger-when-stop.enabled = true (default)
2024-02-06 10:02:48,375 [73be6a6b-5fd7-4eac-9d0c-1772c183b18d-groupManagement] INFO  server.RaftServerConfigKeys (ConfUtils.java:logGet(46)) - raft.server.snapshot.auto.trigger.enabled = true (custom)
2024-02-06 10:02:48,375 [73be6a6b-5fd7-4eac-9d0c-1772c183b18d-groupManagement] INFO  server.RaftServerConfigKeys (ConfUtils.java:logGet(46)) - raft.server.snapshot.auto.trigger.threshold = 10000 (custom)
2024-02-06 10:02:48,375 [73be6a6b-5fd7-4eac-9d0c-1772c183b18d-groupManagement] INFO  server.RaftServerConfigKeys (ConfUtils.java:logGet(46)) - raft.server.snapshot.retention.file.num = 5 (custom)
2024-02-06 10:02:48,375 [73be6a6b-5fd7-4eac-9d0c-1772c183b18d-groupManagement] INFO  server.RaftServerConfigKeys (ConfUtils.java:logGet(46)) - raft.server.log.purge.upto.snapshot.index = false (default)
2024-02-06 10:02:48,376 [73be6a6b-5fd7-4eac-9d0c-1772c183b18d@group-B48B9D031783-FollowerState] INFO  server.RaftServerConfigKeys (ConfUtils.java:logFallback(53)) - raft.server.rpc.first-election.timeout.min = 5s (fallback to raft.server.rpc.timeout.min)
2024-02-06 10:02:48,376 [73be6a6b-5fd7-4eac-9d0c-1772c183b18d@group-B48B9D031783-FollowerState] INFO  server.RaftServerConfigKeys (ConfUtils.java:logFallback(53)) - raft.server.rpc.first-election.timeout.max = 5200ms (fallback to raft.server.rpc.timeout.max)
2024-02-06 10:02:48,376 [73be6a6b-5fd7-4eac-9d0c-1772c183b18d-PipelineCommandHandlerThread-0] INFO  ratis.XceiverServerRatis (XceiverServerRatis.java:addGroup(864)) - Created group PipelineID=d786f4e4-63b0-422d-bd41-b48b9d031783
2024-02-06 10:02:48,377 [73be6a6b-5fd7-4eac-9d0c-1772c183b18d-PipelineCommandHandlerThread-0] INFO  commandhandler.CreatePipelineCommandHandler (CreatePipelineCommandHandler.java:lambda$handle$2(124)) - Created Pipeline RATIS ONE PipelineID=d786f4e4-63b0-422d-bd41-b48b9d031783.
2024-02-06 10:02:48,450 [463d4cd4-93eb-48de-ad15-bb97619fa095-PipelineCommandHandlerThread-0] INFO  server.RaftServer (RaftServerProxy.java:addNew(100)) - 463d4cd4-93eb-48de-ad15-bb97619fa095: addNew group-BA2F21F92D48:[463d4cd4-93eb-48de-ad15-bb97619fa095|10.1.0.5:15175] returns group-BA2F21F92D48:java.util.concurrent.CompletableFuture@63fdba2b[Not completed]
2024-02-06 10:02:48,450 [463d4cd4-93eb-48de-ad15-bb97619fa095-groupManagement] INFO  server.RaftServer$Division (RaftServerImpl.java:<init>(256)) - 463d4cd4-93eb-48de-ad15-bb97619fa095: new RaftServerImpl for group-BA2F21F92D48:[463d4cd4-93eb-48de-ad15-bb97619fa095|10.1.0.5:15175] with ContainerStateMachine:uninitialized
2024-02-06 10:02:48,451 [463d4cd4-93eb-48de-ad15-bb97619fa095-groupManagement] INFO  server.RaftServerConfigKeys (ConfUtils.java:logGet(46)) - raft.server.rpc.timeout.min = 5s (custom)
2024-02-06 10:02:48,451 [463d4cd4-93eb-48de-ad15-bb97619fa095-groupManagement] INFO  server.RaftServerConfigKeys (ConfUtils.java:logGet(46)) - raft.server.rpc.timeout.max = 5200ms (custom)
2024-02-06 10:02:48,451 [463d4cd4-93eb-48de-ad15-bb97619fa095-groupManagement] INFO  server.RaftServerConfigKeys (ConfUtils.java:logGet(46)) - raft.server.rpc.sleep.time = 25ms (default)
2024-02-06 10:02:48,451 [463d4cd4-93eb-48de-ad15-bb97619fa095-groupManagement] INFO  server.RaftServerConfigKeys (ConfUtils.java:logGet(46)) - raft.server.rpc.slowness.timeout = 300000ms (custom)
2024-02-06 10:02:48,451 [463d4cd4-93eb-48de-ad15-bb97619fa095-groupManagement] INFO  server.RaftServerConfigKeys (ConfUtils.java:logGet(46)) - raft.server.leaderelection.leader.step-down.wait-time = 10s (default)
2024-02-06 10:02:48,451 [463d4cd4-93eb-48de-ad15-bb97619fa095-groupManagement] INFO  server.RaftServerConfigKeys (ConfUtils.java:logGet(46)) - raft.server.leaderelection.member.majority-add = false (default)
2024-02-06 10:02:48,451 [463d4cd4-93eb-48de-ad15-bb97619fa095-groupManagement] INFO  server.RaftServerConfigKeys (ConfUtils.java:logGet(46)) - raft.server.sleep.deviation.threshold = 300ms (default)
2024-02-06 10:02:48,451 [463d4cd4-93eb-48de-ad15-bb97619fa095-groupManagement] INFO  server.RaftServer$Division (ServerState.java:<init>(113)) - 463d4cd4-93eb-48de-ad15-bb97619fa095@group-BA2F21F92D48: ConfigurationManager, init=-1: peers:[463d4cd4-93eb-48de-ad15-bb97619fa095|10.1.0.5:15175]|listeners:[], old=null, confs=<EMPTY_MAP>
2024-02-06 10:02:48,451 [463d4cd4-93eb-48de-ad15-bb97619fa095-groupManagement] INFO  server.RaftServerConfigKeys (ConfUtils.java:logGet(46)) - raft.server.notification.no-leader.timeout = 300000ms (custom)
2024-02-06 10:02:48,451 [463d4cd4-93eb-48de-ad15-bb97619fa095-groupManagement] INFO  server.RaftServerConfigKeys (ConfUtils.java:logGet(46)) - raft.server.read.timeout = 10s (default)
2024-02-06 10:02:48,451 [463d4cd4-93eb-48de-ad15-bb97619fa095-groupManagement] INFO  server.RaftServerConfigKeys (ConfUtils.java:logGet(46)) - raft.server.retrycache.expirytime = 600000ms (custom)
2024-02-06 10:02:48,451 [463d4cd4-93eb-48de-ad15-bb97619fa095-groupManagement] INFO  server.RaftServerConfigKeys (ConfUtils.java:logGet(46)) - raft.server.retrycache.statistics.expirytime = 100ms (default)
2024-02-06 10:02:48,451 [463d4cd4-93eb-48de-ad15-bb97619fa095-groupManagement] INFO  server.RaftServerConfigKeys (ConfUtils.java:logGet(46)) - raft.server.read.option = DEFAULT (default)
2024-02-06 10:02:48,451 [463d4cd4-93eb-48de-ad15-bb97619fa095-groupManagement] INFO  server.RaftServerConfigKeys (ConfUtils.java:logGet(46)) - raft.server.read.read-after-write-consistent.write-index-cache.expiry-time = 60s (default)
2024-02-06 10:02:48,453 [main] INFO  ozone.MiniOzoneClusterImpl (MiniOzoneClusterImpl.java:lambda$waitForClusterToBeReady$0(228)) - Nodes are ready. Got 9 of 9 DN Heartbeats.
2024-02-06 10:02:48,453 [main] INFO  ozone.MiniOzoneClusterImpl (MiniOzoneClusterImpl.java:lambda$waitForClusterToBeReady$0(231)) - Waiting for cluster to exit safe mode
2024-02-06 10:02:48,453 [main] INFO  ozone.MiniOzoneClusterImpl (MiniOzoneClusterImpl.java:lambda$waitForClusterToBeReady$0(233)) - SCM became leader
2024-02-06 10:02:48,453 [463d4cd4-93eb-48de-ad15-bb97619fa095-groupManagement] INFO  server.RaftServerConfigKeys (ConfUtils.java:logGet(46)) - raft.server.rpc.request.timeout = 3000ms (default)
2024-02-06 10:02:48,453 [463d4cd4-93eb-48de-ad15-bb97619fa095-groupManagement] INFO  server.RaftServerConfigKeys (ConfUtils.java:logGet(46)) - raft.server.log.appender.install.snapshot.enabled = false (custom)
2024-02-06 10:02:48,453 [463d4cd4-93eb-48de-ad15-bb97619fa095-groupManagement] INFO  server.RaftServerConfigKeys (ConfUtils.java:logGet(46)) - raft.server.threadpool.server.cached = true (default)
2024-02-06 10:02:48,453 [463d4cd4-93eb-48de-ad15-bb97619fa095-groupManagement] INFO  server.RaftServerConfigKeys (ConfUtils.java:logGet(46)) - raft.server.threadpool.server.size = 0 (default)
2024-02-06 10:02:48,453 [463d4cd4-93eb-48de-ad15-bb97619fa095-groupManagement] INFO  server.RaftServerConfigKeys (ConfUtils.java:logGet(46)) - raft.server.threadpool.client.cached = true (default)
2024-02-06 10:02:48,454 [463d4cd4-93eb-48de-ad15-bb97619fa095-groupManagement] INFO  server.RaftServerConfigKeys (ConfUtils.java:logGet(46)) - raft.server.threadpool.client.size = 0 (default)
2024-02-06 10:02:48,454 [463d4cd4-93eb-48de-ad15-bb97619fa095-groupManagement] INFO  server.RaftServerConfigKeys (ConfUtils.java:logGet(46)) - raft.server.storage.free-space.min = 0MB (=0) (default)
2024-02-06 10:02:48,454 [463d4cd4-93eb-48de-ad15-bb97619fa095-groupManagement] INFO  server.RaftServerConfigKeys (ConfUtils.java:logGet(46)) - raft.server.log.corruption.policy = EXCEPTION (default)
2024-02-06 10:02:48,454 [463d4cd4-93eb-48de-ad15-bb97619fa095-groupManagement] INFO  server.RaftServerConfigKeys (ConfUtils.java:logGet(46)) - raft.server.storage.dir = [/home/runner/work/ozone/ozone/hadoop-ozone/integration-test/target/test-dir/MiniOzoneClusterImpl-aff9c889-8dd2-4f79-ab57-76a0adc13766/datanode-8/data/ratis] (custom)
2024-02-06 10:02:48,454 [463d4cd4-93eb-48de-ad15-bb97619fa095-groupManagement] INFO  storage.RaftStorageDirectory (RaftStorageDirectoryImpl.java:analyzeStorage(138)) - The storage directory /home/runner/work/ozone/ozone/hadoop-ozone/integration-test/target/test-dir/MiniOzoneClusterImpl-aff9c889-8dd2-4f79-ab57-76a0adc13766/datanode-8/data/ratis/34b5258b-60aa-476c-aedf-ba2f21f92d48 does not exist. Creating ...
2024-02-06 10:02:48,455 [463d4cd4-93eb-48de-ad15-bb97619fa095-groupManagement] INFO  storage.RaftStorageDirectory (RaftStorageDirectoryImpl.java:tryLock(228)) - Lock on /home/runner/work/ozone/ozone/hadoop-ozone/integration-test/target/test-dir/MiniOzoneClusterImpl-aff9c889-8dd2-4f79-ab57-76a0adc13766/datanode-8/data/ratis/34b5258b-60aa-476c-aedf-ba2f21f92d48/in_use.lock acquired by nodename 37157@fv-az776-296
2024-02-06 10:02:48,456 [463d4cd4-93eb-48de-ad15-bb97619fa095-groupManagement] INFO  storage.RaftStorage (RaftStorageImpl.java:format(99)) - Storage directory /home/runner/work/ozone/ozone/hadoop-ozone/integration-test/target/test-dir/MiniOzoneClusterImpl-aff9c889-8dd2-4f79-ab57-76a0adc13766/datanode-8/data/ratis/34b5258b-60aa-476c-aedf-ba2f21f92d48 has been successfully formatted.
2024-02-06 10:02:48,456 [463d4cd4-93eb-48de-ad15-bb97619fa095-groupManagement] WARN  util.FileUtils (LogUtils.java:supplyAndLog(63)) - Failed to Files.newInputStream /home/runner/work/ozone/ozone/hadoop-ozone/integration-test/target/test-dir/MiniOzoneClusterImpl-aff9c889-8dd2-4f79-ab57-76a0adc13766/datanode-8/data/ratis/34b5258b-60aa-476c-aedf-ba2f21f92d48/current/raft-meta.conf with options []: java.nio.file.NoSuchFileException: /home/runner/work/ozone/ozone/hadoop-ozone/integration-test/target/test-dir/MiniOzoneClusterImpl-aff9c889-8dd2-4f79-ab57-76a0adc13766/datanode-8/data/ratis/34b5258b-60aa-476c-aedf-ba2f21f92d48/current/raft-meta.conf
2024-02-06 10:02:48,456 [463d4cd4-93eb-48de-ad15-bb97619fa095-groupManagement] INFO  ratis.ContainerStateMachine (ContainerStateMachine.java:loadSnapshot(287)) - group-BA2F21F92D48: The snapshot info is null. Setting the last applied index to:(t:0, i:~)
2024-02-06 10:02:48,456 [463d4cd4-93eb-48de-ad15-bb97619fa095-groupManagement] INFO  server.RaftServerConfigKeys (ConfUtils.java:logGet(46)) - raft.server.log.use.memory = false (default)
2024-02-06 10:02:48,456 [463d4cd4-93eb-48de-ad15-bb97619fa095-groupManagement] INFO  server.RaftServerConfigKeys (ConfUtils.java:logGet(46)) - raft.server.log.purge.gap = 1000000 (custom)
2024-02-06 10:02:48,456 [463d4cd4-93eb-48de-ad15-bb97619fa095-groupManagement] INFO  server.RaftServerConfigKeys (ConfUtils.java:logGet(46)) - raft.server.log.appender.buffer.byte-limit = 8388608 (custom)
2024-02-06 10:02:48,457 [463d4cd4-93eb-48de-ad15-bb97619fa095-groupManagement] INFO  server.RaftServerConfigKeys (ConfUtils.java:logGet(46)) - raft.server.log.statemachine.data.read.timeout = 1000ms (default)
2024-02-06 10:02:48,457 [463d4cd4-93eb-48de-ad15-bb97619fa095-groupManagement] INFO  server.RaftServerConfigKeys (ConfUtils.java:logGet(46)) - raft.server.log.purge.preservation.log.num = 0 (default)
2024-02-06 10:02:48,458 [463d4cd4-93eb-48de-ad15-bb97619fa095-groupManagement] INFO  server.RaftServerConfigKeys (ConfUtils.java:logGet(46)) - raft.server.log.segment.size.max = 67108864 (custom)
2024-02-06 10:02:48,458 [463d4cd4-93eb-48de-ad15-bb97619fa095-groupManagement] INFO  server.RaftServerConfigKeys (ConfUtils.java:logGet(46)) - raft.server.log.segment.cache.num.max = 2 (custom)
2024-02-06 10:02:48,458 [463d4cd4-93eb-48de-ad15-bb97619fa095-groupManagement] INFO  server.RaftServerConfigKeys (ConfUtils.java:logGet(46)) - raft.server.log.segment.cache.size.max = 200MB (=209715200) (default)
2024-02-06 10:02:48,458 [463d4cd4-93eb-48de-ad15-bb97619fa095-groupManagement] INFO  server.RaftServerConfigKeys (ConfUtils.java:logGet(46)) - raft.server.log.appender.buffer.byte-limit = 8388608 (custom)
2024-02-06 10:02:48,458 [463d4cd4-93eb-48de-ad15-bb97619fa095-groupManagement] INFO  util.AwaitToRun (AwaitToRun.java:start(81)) - Thread[463d4cd4-93eb-48de-ad15-bb97619fa095@group-BA2F21F92D48-cacheEviction-AwaitToRun,5,main] started
2024-02-06 10:02:48,458 [463d4cd4-93eb-48de-ad15-bb97619fa095-groupManagement] INFO  segmented.SegmentedRaftLogWorker (SegmentedRaftLogWorker.java:<init>(182)) - new 463d4cd4-93eb-48de-ad15-bb97619fa095@group-BA2F21F92D48-SegmentedRaftLogWorker for RaftStorageImpl:Storage Directory /home/runner/work/ozone/ozone/hadoop-ozone/integration-test/target/test-dir/MiniOzoneClusterImpl-aff9c889-8dd2-4f79-ab57-76a0adc13766/datanode-8/data/ratis/34b5258b-60aa-476c-aedf-ba2f21f92d48
2024-02-06 10:02:48,458 [463d4cd4-93eb-48de-ad15-bb97619fa095-groupManagement] INFO  server.RaftServerConfigKeys (ConfUtils.java:logGet(46)) - raft.server.log.queue.byte-limit = 4294967296 (custom)
2024-02-06 10:02:48,458 [463d4cd4-93eb-48de-ad15-bb97619fa095-groupManagement] INFO  server.RaftServerConfigKeys (ConfUtils.java:logGet(46)) - raft.server.log.queue.element-limit = 1024 (custom)
2024-02-06 10:02:48,459 [463d4cd4-93eb-48de-ad15-bb97619fa095-groupManagement] INFO  server.RaftServerConfigKeys (ConfUtils.java:logGet(46)) - raft.server.log.segment.size.max = 67108864 (custom)
2024-02-06 10:02:48,459 [463d4cd4-93eb-48de-ad15-bb97619fa095-groupManagement] INFO  server.RaftServerConfigKeys (ConfUtils.java:logGet(46)) - raft.server.log.preallocated.size = 4194304 (custom)
2024-02-06 10:02:48,459 [463d4cd4-93eb-48de-ad15-bb97619fa095-groupManagement] INFO  server.RaftServerConfigKeys (ConfUtils.java:logGet(46)) - raft.server.log.force.sync.num = 128 (default)
2024-02-06 10:02:48,459 [463d4cd4-93eb-48de-ad15-bb97619fa095-groupManagement] INFO  server.RaftServerConfigKeys (ConfUtils.java:logGet(46)) - raft.server.log.statemachine.data.sync = true (default)
2024-02-06 10:02:48,459 [463d4cd4-93eb-48de-ad15-bb97619fa095-groupManagement] INFO  server.RaftServerConfigKeys (ConfUtils.java:logGet(46)) - raft.server.log.statemachine.data.sync.timeout = 10s (default)
2024-02-06 10:02:48,459 [463d4cd4-93eb-48de-ad15-bb97619fa095-groupManagement] INFO  server.RaftServerConfigKeys (ConfUtils.java:logGet(46)) - raft.server.log.statemachine.data.sync.timeout.retry = 0 (custom)
2024-02-06 10:02:48,459 [EventQueue-PipelineReportForPipelineReportHandler] INFO  pipeline.PipelineReportHandler (PipelineReportHandler.java:processPipelineReport(136)) - Opened pipeline PipelineID=34b5258b-60aa-476c-aedf-ba2f21f92d48
2024-02-06 10:02:48,459 [EventQueue-OpenPipelineForHealthyPipelineSafeModeRule] INFO  safemode.SCMSafeModeManager (HealthyPipelineSafeModeRule.java:process(140)) - SCM in safe mode. Healthy pipelines reported count is 0, required healthy pipeline reported count is 1
2024-02-06 10:02:48,459 [463d4cd4-93eb-48de-ad15-bb97619fa095-groupManagement] INFO  server.RaftServerConfigKeys (ConfUtils.java:logGet(46)) - raft.server.log.write.buffer.size = 8388616 (custom)
2024-02-06 10:02:48,461 [463d4cd4-93eb-48de-ad15-bb97619fa095-groupManagement] INFO  server.RaftServerConfigKeys (ConfUtils.java:logGet(46)) - raft.server.log.appender.buffer.byte-limit = 8388608 (custom)
2024-02-06 10:02:48,461 [463d4cd4-93eb-48de-ad15-bb97619fa095-groupManagement] INFO  server.RaftServerConfigKeys (ConfUtils.java:logGet(46)) - raft.server.log.unsafe-flush.enabled = false (default)
2024-02-06 10:02:48,461 [463d4cd4-93eb-48de-ad15-bb97619fa095-groupManagement] INFO  server.RaftServerConfigKeys (ConfUtils.java:logGet(46)) - raft.server.log.async-flush.enabled = false (default)
2024-02-06 10:02:48,461 [463d4cd4-93eb-48de-ad15-bb97619fa095-groupManagement] INFO  server.RaftServerConfigKeys (ConfUtils.java:logGet(46)) - raft.server.log.statemachine.data.caching.enabled = true (custom)
2024-02-06 10:02:48,461 [463d4cd4-93eb-48de-ad15-bb97619fa095-groupManagement] INFO  segmented.SegmentedRaftLogWorker (SegmentedRaftLogWorker.java:lambda$new$0(134)) - 463d4cd4-93eb-48de-ad15-bb97619fa095@group-BA2F21F92D48-SegmentedRaftLogWorker: flushIndex: setUnconditionally 0 -> -1
2024-02-06 10:02:48,461 [463d4cd4-93eb-48de-ad15-bb97619fa095-groupManagement] INFO  segmented.SegmentedRaftLogWorker (SegmentedRaftLogWorker.java:lambda$new$0(134)) - 463d4cd4-93eb-48de-ad15-bb97619fa095@group-BA2F21F92D48-SegmentedRaftLogWorker: safeCacheEvictIndex: setUnconditionally 0 -> -1
2024-02-06 10:02:48,461 [463d4cd4-93eb-48de-ad15-bb97619fa095-groupManagement] INFO  server.RaftServer$Division (RaftServerImpl.java:start(396)) - 463d4cd4-93eb-48de-ad15-bb97619fa095@group-BA2F21F92D48: start as a follower, conf=-1: peers:[463d4cd4-93eb-48de-ad15-bb97619fa095|10.1.0.5:15175]|listeners:[], old=null
2024-02-06 10:02:48,461 [463d4cd4-93eb-48de-ad15-bb97619fa095-groupManagement] INFO  server.RaftServer$Division (RaftServerImpl.java:setRole(383)) - 463d4cd4-93eb-48de-ad15-bb97619fa095@group-BA2F21F92D48: changes role from      null to FOLLOWER at term 0 for startAsFollower
2024-02-06 10:02:48,461 [463d4cd4-93eb-48de-ad15-bb97619fa095-groupManagement] INFO  impl.RoleInfo (RoleInfo.java:updateAndGet(139)) - 463d4cd4-93eb-48de-ad15-bb97619fa095: start 463d4cd4-93eb-48de-ad15-bb97619fa095@group-BA2F21F92D48-FollowerState
2024-02-06 10:02:48,462 [463d4cd4-93eb-48de-ad15-bb97619fa095-groupManagement] INFO  util.JmxRegister (JmxRegister.java:tryRegister(44)) - Successfully registered JMX Bean with object name Ratis:service=RaftServer,group=group-BA2F21F92D48,id=463d4cd4-93eb-48de-ad15-bb97619fa095
2024-02-06 10:02:48,462 [463d4cd4-93eb-48de-ad15-bb97619fa095-groupManagement] INFO  server.RaftServerConfigKeys (ConfUtils.java:logGet(46)) - raft.server.snapshot.trigger-when-stop.enabled = true (default)
2024-02-06 10:02:48,462 [463d4cd4-93eb-48de-ad15-bb97619fa095-groupManagement] INFO  server.RaftServerConfigKeys (ConfUtils.java:logGet(46)) - raft.server.snapshot.auto.trigger.enabled = true (custom)
2024-02-06 10:02:48,462 [463d4cd4-93eb-48de-ad15-bb97619fa095-groupManagement] INFO  server.RaftServerConfigKeys (ConfUtils.java:logGet(46)) - raft.server.snapshot.auto.trigger.threshold = 10000 (custom)
2024-02-06 10:02:48,462 [463d4cd4-93eb-48de-ad15-bb97619fa095-groupManagement] INFO  server.RaftServerConfigKeys (ConfUtils.java:logGet(46)) - raft.server.snapshot.retention.file.num = 5 (custom)
2024-02-06 10:02:48,462 [463d4cd4-93eb-48de-ad15-bb97619fa095-groupManagement] INFO  server.RaftServerConfigKeys (ConfUtils.java:logGet(46)) - raft.server.log.purge.upto.snapshot.index = false (default)
2024-02-06 10:02:48,463 [463d4cd4-93eb-48de-ad15-bb97619fa095@group-BA2F21F92D48-FollowerState] INFO  server.RaftServerConfigKeys (ConfUtils.java:logFallback(53)) - raft.server.rpc.first-election.timeout.min = 5s (fallback to raft.server.rpc.timeout.min)
2024-02-06 10:02:48,463 [463d4cd4-93eb-48de-ad15-bb97619fa095@group-BA2F21F92D48-FollowerState] INFO  server.RaftServerConfigKeys (ConfUtils.java:logFallback(53)) - raft.server.rpc.first-election.timeout.max = 5200ms (fallback to raft.server.rpc.timeout.max)
2024-02-06 10:02:48,464 [463d4cd4-93eb-48de-ad15-bb97619fa095-PipelineCommandHandlerThread-0] INFO  ratis.XceiverServerRatis (XceiverServerRatis.java:addGroup(864)) - Created group PipelineID=34b5258b-60aa-476c-aedf-ba2f21f92d48
2024-02-06 10:02:48,464 [463d4cd4-93eb-48de-ad15-bb97619fa095-PipelineCommandHandlerThread-0] INFO  commandhandler.CreatePipelineCommandHandler (CreatePipelineCommandHandler.java:lambda$handle$2(124)) - Created Pipeline RATIS ONE PipelineID=34b5258b-60aa-476c-aedf-ba2f21f92d48.
2024-02-06 10:02:49,453 [main] INFO  ozone.MiniOzoneClusterImpl (MiniOzoneClusterImpl.java:lambda$waitForClusterToBeReady$0(228)) - Nodes are ready. Got 9 of 9 DN Heartbeats.
2024-02-06 10:02:49,454 [main] INFO  ozone.MiniOzoneClusterImpl (MiniOzoneClusterImpl.java:lambda$waitForClusterToBeReady$0(231)) - Waiting for cluster to exit safe mode
2024-02-06 10:02:49,454 [main] INFO  ozone.MiniOzoneClusterImpl (MiniOzoneClusterImpl.java:lambda$waitForClusterToBeReady$0(233)) - SCM became leader
2024-02-06 10:02:50,454 [main] INFO  ozone.MiniOzoneClusterImpl (MiniOzoneClusterImpl.java:lambda$waitForClusterToBeReady$0(228)) - Nodes are ready. Got 9 of 9 DN Heartbeats.
2024-02-06 10:02:50,454 [main] INFO  ozone.MiniOzoneClusterImpl (MiniOzoneClusterImpl.java:lambda$waitForClusterToBeReady$0(231)) - Waiting for cluster to exit safe mode
2024-02-06 10:02:50,454 [main] INFO  ozone.MiniOzoneClusterImpl (MiniOzoneClusterImpl.java:lambda$waitForClusterToBeReady$0(233)) - SCM became leader
2024-02-06 10:02:51,455 [main] INFO  ozone.MiniOzoneClusterImpl (MiniOzoneClusterImpl.java:lambda$waitForClusterToBeReady$0(228)) - Nodes are ready. Got 9 of 9 DN Heartbeats.
2024-02-06 10:02:51,455 [main] INFO  ozone.MiniOzoneClusterImpl (MiniOzoneClusterImpl.java:lambda$waitForClusterToBeReady$0(231)) - Waiting for cluster to exit safe mode
2024-02-06 10:02:51,455 [main] INFO  ozone.MiniOzoneClusterImpl (MiniOzoneClusterImpl.java:lambda$waitForClusterToBeReady$0(233)) - SCM became leader
2024-02-06 10:02:52,455 [main] INFO  ozone.MiniOzoneClusterImpl (MiniOzoneClusterImpl.java:lambda$waitForClusterToBeReady$0(228)) - Nodes are ready. Got 9 of 9 DN Heartbeats.
2024-02-06 10:02:52,456 [main] INFO  ozone.MiniOzoneClusterImpl (MiniOzoneClusterImpl.java:lambda$waitForClusterToBeReady$0(231)) - Waiting for cluster to exit safe mode
2024-02-06 10:02:52,456 [main] INFO  ozone.MiniOzoneClusterImpl (MiniOzoneClusterImpl.java:lambda$waitForClusterToBeReady$0(233)) - SCM became leader
2024-02-06 10:02:52,601 [488c4769-1e0b-4768-b3fe-c72db1d0dad7@group-93DD453B75EB-FollowerState] INFO  impl.FollowerState (FollowerState.java:run(143)) - 488c4769-1e0b-4768-b3fe-c72db1d0dad7@group-93DD453B75EB-FollowerState: change to CANDIDATE, lastRpcElapsedTime:5023878616ns, electionTimeout:5020ms
2024-02-06 10:02:52,601 [488c4769-1e0b-4768-b3fe-c72db1d0dad7@group-93DD453B75EB-FollowerState] INFO  impl.RoleInfo (RoleInfo.java:shutdownFollowerState(110)) - 488c4769-1e0b-4768-b3fe-c72db1d0dad7: shutdown 488c4769-1e0b-4768-b3fe-c72db1d0dad7@group-93DD453B75EB-FollowerState
2024-02-06 10:02:52,601 [488c4769-1e0b-4768-b3fe-c72db1d0dad7@group-93DD453B75EB-FollowerState] INFO  server.RaftServer$Division (RaftServerImpl.java:setRole(383)) - 488c4769-1e0b-4768-b3fe-c72db1d0dad7@group-93DD453B75EB: changes role from  FOLLOWER to CANDIDATE at term 0 for changeToCandidate
2024-02-06 10:02:52,601 [488c4769-1e0b-4768-b3fe-c72db1d0dad7@group-93DD453B75EB-FollowerState] INFO  server.RaftServerConfigKeys (ConfUtils.java:logGet(46)) - raft.server.leaderelection.pre-vote = true (default)
2024-02-06 10:02:52,601 [488c4769-1e0b-4768-b3fe-c72db1d0dad7@group-93DD453B75EB-FollowerState] INFO  impl.RoleInfo (RoleInfo.java:updateAndGet(139)) - 488c4769-1e0b-4768-b3fe-c72db1d0dad7: start 488c4769-1e0b-4768-b3fe-c72db1d0dad7@group-93DD453B75EB-LeaderElection20
2024-02-06 10:02:52,603 [488c4769-1e0b-4768-b3fe-c72db1d0dad7@group-93DD453B75EB-LeaderElection20] INFO  impl.LeaderElection (LeaderElection.java:askForVotes(321)) - 488c4769-1e0b-4768-b3fe-c72db1d0dad7@group-93DD453B75EB-LeaderElection20 PRE_VOTE round 0: submit vote requests at term 0 for -1: peers:[07380eda-3c62-4610-a005-d4af5e2d732d|10.1.0.5:15121, e4108bdc-dd8a-4467-8687-0aef72f28da1|10.1.0.5:15112, 488c4769-1e0b-4768-b3fe-c72db1d0dad7|10.1.0.5:15103]|listeners:[], old=null
2024-02-06 10:02:52,604 [488c4769-1e0b-4768-b3fe-c72db1d0dad7@group-93DD453B75EB-LeaderElection20-1] INFO  server.GrpcServerProtocolClient (GrpcServerProtocolClient.java:<init>(65)) - Build channel for 07380eda-3c62-4610-a005-d4af5e2d732d|10.1.0.5:15121
2024-02-06 10:02:52,604 [488c4769-1e0b-4768-b3fe-c72db1d0dad7@group-93DD453B75EB-LeaderElection20-2] INFO  server.GrpcServerProtocolClient (GrpcServerProtocolClient.java:<init>(65)) - Build channel for e4108bdc-dd8a-4467-8687-0aef72f28da1|10.1.0.5:15112
2024-02-06 10:02:52,604 [488c4769-1e0b-4768-b3fe-c72db1d0dad7@group-93DD453B75EB-LeaderElection20] INFO  server.RaftServerConfigKeys (ConfUtils.java:logFallback(53)) - raft.server.rpc.first-election.timeout.min = 5s (fallback to raft.server.rpc.timeout.min)
2024-02-06 10:02:52,604 [488c4769-1e0b-4768-b3fe-c72db1d0dad7@group-93DD453B75EB-LeaderElection20] INFO  server.RaftServerConfigKeys (ConfUtils.java:logFallback(53)) - raft.server.rpc.first-election.timeout.max = 5200ms (fallback to raft.server.rpc.timeout.max)
2024-02-06 10:02:52,609 [grpc-default-executor-1] INFO  server.RaftServer$Division (RaftServerImpl.java:requestVote(1389)) - 07380eda-3c62-4610-a005-d4af5e2d732d@group-93DD453B75EB: receive requestVote(PRE_VOTE, 488c4769-1e0b-4768-b3fe-c72db1d0dad7, group-93DD453B75EB, 0, (t:0, i:0))
2024-02-06 10:02:52,609 [grpc-default-executor-0] INFO  server.RaftServer$Division (RaftServerImpl.java:requestVote(1389)) - e4108bdc-dd8a-4467-8687-0aef72f28da1@group-93DD453B75EB: receive requestVote(PRE_VOTE, 488c4769-1e0b-4768-b3fe-c72db1d0dad7, group-93DD453B75EB, 0, (t:0, i:0))
2024-02-06 10:02:52,609 [grpc-default-executor-1] INFO  impl.VoteContext (VoteContext.java:log(49)) - 07380eda-3c62-4610-a005-d4af5e2d732d@group-93DD453B75EB-FOLLOWER: accept PRE_VOTE from 488c4769-1e0b-4768-b3fe-c72db1d0dad7: our priority 0 <= candidate's priority 1
2024-02-06 10:02:52,609 [grpc-default-executor-1] INFO  server.RaftServer$Division (RaftServerImpl.java:requestVote(1422)) - 07380eda-3c62-4610-a005-d4af5e2d732d@group-93DD453B75EB replies to PRE_VOTE vote request: 488c4769-1e0b-4768-b3fe-c72db1d0dad7<-07380eda-3c62-4610-a005-d4af5e2d732d#0:OK-t0. Peer's state: 07380eda-3c62-4610-a005-d4af5e2d732d@group-93DD453B75EB:t0, leader=null, voted=, raftlog=Memoized:07380eda-3c62-4610-a005-d4af5e2d732d@group-93DD453B75EB-SegmentedRaftLog:OPENED:c-1, conf=-1: peers:[07380eda-3c62-4610-a005-d4af5e2d732d|10.1.0.5:15121, e4108bdc-dd8a-4467-8687-0aef72f28da1|10.1.0.5:15112, 488c4769-1e0b-4768-b3fe-c72db1d0dad7|10.1.0.5:15103]|listeners:[], old=null
2024-02-06 10:02:52,609 [grpc-default-executor-0] INFO  impl.VoteContext (VoteContext.java:log(49)) - e4108bdc-dd8a-4467-8687-0aef72f28da1@group-93DD453B75EB-FOLLOWER: accept PRE_VOTE from 488c4769-1e0b-4768-b3fe-c72db1d0dad7: our priority 0 <= candidate's priority 1
2024-02-06 10:02:52,610 [grpc-default-executor-0] INFO  server.RaftServer$Division (RaftServerImpl.java:requestVote(1422)) - e4108bdc-dd8a-4467-8687-0aef72f28da1@group-93DD453B75EB replies to PRE_VOTE vote request: 488c4769-1e0b-4768-b3fe-c72db1d0dad7<-e4108bdc-dd8a-4467-8687-0aef72f28da1#0:OK-t0. Peer's state: e4108bdc-dd8a-4467-8687-0aef72f28da1@group-93DD453B75EB:t0, leader=null, voted=, raftlog=Memoized:e4108bdc-dd8a-4467-8687-0aef72f28da1@group-93DD453B75EB-SegmentedRaftLog:OPENED:c-1, conf=-1: peers:[07380eda-3c62-4610-a005-d4af5e2d732d|10.1.0.5:15121, e4108bdc-dd8a-4467-8687-0aef72f28da1|10.1.0.5:15112, 488c4769-1e0b-4768-b3fe-c72db1d0dad7|10.1.0.5:15103]|listeners:[], old=null
2024-02-06 10:02:52,616 [488c4769-1e0b-4768-b3fe-c72db1d0dad7@group-93DD453B75EB-LeaderElection20] INFO  impl.LeaderElection (LeaderElection.java:logAndReturn(89)) - 488c4769-1e0b-4768-b3fe-c72db1d0dad7@group-93DD453B75EB-LeaderElection20: PRE_VOTE PASSED received 1 response(s) and 0 exception(s):
2024-02-06 10:02:52,616 [488c4769-1e0b-4768-b3fe-c72db1d0dad7@group-93DD453B75EB-LeaderElection20] INFO  impl.LeaderElection (LeaderElection.java:logAndReturn(93)) -   Response 0: 488c4769-1e0b-4768-b3fe-c72db1d0dad7<-07380eda-3c62-4610-a005-d4af5e2d732d#0:OK-t0
2024-02-06 10:02:52,616 [488c4769-1e0b-4768-b3fe-c72db1d0dad7@group-93DD453B75EB-LeaderElection20] INFO  impl.LeaderElection (LeaderElection.java:askForVotes(323)) - 488c4769-1e0b-4768-b3fe-c72db1d0dad7@group-93DD453B75EB-LeaderElection20 PRE_VOTE round 0: result PASSED
2024-02-06 10:02:52,617 [488c4769-1e0b-4768-b3fe-c72db1d0dad7@group-93DD453B75EB-LeaderElection20] INFO  impl.LeaderElection (LeaderElection.java:askForVotes(321)) - 488c4769-1e0b-4768-b3fe-c72db1d0dad7@group-93DD453B75EB-LeaderElection20 ELECTION round 0: submit vote requests at term 1 for -1: peers:[07380eda-3c62-4610-a005-d4af5e2d732d|10.1.0.5:15121, e4108bdc-dd8a-4467-8687-0aef72f28da1|10.1.0.5:15112, 488c4769-1e0b-4768-b3fe-c72db1d0dad7|10.1.0.5:15103]|listeners:[], old=null
2024-02-06 10:02:52,618 [488c4769-1e0b-4768-b3fe-c72db1d0dad7@group-93DD453B75EB-LeaderElection20] INFO  server.RaftServerConfigKeys (ConfUtils.java:logFallback(53)) - raft.server.rpc.first-election.timeout.min = 5s (fallback to raft.server.rpc.timeout.min)
2024-02-06 10:02:52,618 [488c4769-1e0b-4768-b3fe-c72db1d0dad7@group-93DD453B75EB-LeaderElection20] INFO  server.RaftServerConfigKeys (ConfUtils.java:logFallback(53)) - raft.server.rpc.first-election.timeout.max = 5200ms (fallback to raft.server.rpc.timeout.max)
2024-02-06 10:02:52,619 [grpc-default-executor-1] INFO  server.RaftServer$Division (RaftServerImpl.java:requestVote(1389)) - e4108bdc-dd8a-4467-8687-0aef72f28da1@group-93DD453B75EB: receive requestVote(ELECTION, 488c4769-1e0b-4768-b3fe-c72db1d0dad7, group-93DD453B75EB, 1, (t:0, i:0))
2024-02-06 10:02:52,619 [grpc-default-executor-0] INFO  server.RaftServer$Division (RaftServerImpl.java:requestVote(1389)) - 07380eda-3c62-4610-a005-d4af5e2d732d@group-93DD453B75EB: receive requestVote(ELECTION, 488c4769-1e0b-4768-b3fe-c72db1d0dad7, group-93DD453B75EB, 1, (t:0, i:0))
2024-02-06 10:02:52,622 [grpc-default-executor-1] INFO  impl.VoteContext (VoteContext.java:log(49)) - e4108bdc-dd8a-4467-8687-0aef72f28da1@group-93DD453B75EB-FOLLOWER: accept ELECTION from 488c4769-1e0b-4768-b3fe-c72db1d0dad7: our priority 0 <= candidate's priority 1
2024-02-06 10:02:52,622 [grpc-default-executor-1] INFO  server.RaftServer$Division (RaftServerImpl.java:setRole(383)) - e4108bdc-dd8a-4467-8687-0aef72f28da1@group-93DD453B75EB: changes role from  FOLLOWER to FOLLOWER at term 1 for candidate:488c4769-1e0b-4768-b3fe-c72db1d0dad7
2024-02-06 10:02:52,622 [grpc-default-executor-1] INFO  impl.RoleInfo (RoleInfo.java:shutdownFollowerState(110)) - e4108bdc-dd8a-4467-8687-0aef72f28da1: shutdown e4108bdc-dd8a-4467-8687-0aef72f28da1@group-93DD453B75EB-FollowerState
2024-02-06 10:02:52,622 [grpc-default-executor-1] INFO  impl.RoleInfo (RoleInfo.java:updateAndGet(139)) - e4108bdc-dd8a-4467-8687-0aef72f28da1: start e4108bdc-dd8a-4467-8687-0aef72f28da1@group-93DD453B75EB-FollowerState
2024-02-06 10:02:52,622 [e4108bdc-dd8a-4467-8687-0aef72f28da1@group-93DD453B75EB-FollowerState] INFO  impl.FollowerState (FollowerState.java:run(152)) - e4108bdc-dd8a-4467-8687-0aef72f28da1@group-93DD453B75EB-FollowerState was interrupted
2024-02-06 10:02:52,622 [grpc-default-executor-0] INFO  impl.VoteContext (VoteContext.java:log(49)) - 07380eda-3c62-4610-a005-d4af5e2d732d@group-93DD453B75EB-FOLLOWER: accept ELECTION from 488c4769-1e0b-4768-b3fe-c72db1d0dad7: our priority 0 <= candidate's priority 1
2024-02-06 10:02:52,622 [grpc-default-executor-0] INFO  server.RaftServer$Division (RaftServerImpl.java:setRole(383)) - 07380eda-3c62-4610-a005-d4af5e2d732d@group-93DD453B75EB: changes role from  FOLLOWER to FOLLOWER at term 1 for candidate:488c4769-1e0b-4768-b3fe-c72db1d0dad7
2024-02-06 10:02:52,622 [grpc-default-executor-0] INFO  impl.RoleInfo (RoleInfo.java:shutdownFollowerState(110)) - 07380eda-3c62-4610-a005-d4af5e2d732d: shutdown 07380eda-3c62-4610-a005-d4af5e2d732d@group-93DD453B75EB-FollowerState
2024-02-06 10:02:52,622 [grpc-default-executor-1] INFO  server.RaftServer$Division (RaftServerImpl.java:setFirstElection(574)) - e4108bdc-dd8a-4467-8687-0aef72f28da1@group-93DD453B75EB: set firstElectionSinceStartup to false for candidate:488c4769-1e0b-4768-b3fe-c72db1d0dad7
2024-02-06 10:02:52,626 [07380eda-3c62-4610-a005-d4af5e2d732d@group-93DD453B75EB-FollowerState] INFO  impl.FollowerState (FollowerState.java:run(152)) - 07380eda-3c62-4610-a005-d4af5e2d732d@group-93DD453B75EB-FollowerState was interrupted
2024-02-06 10:02:52,626 [grpc-default-executor-0] INFO  impl.RoleInfo (RoleInfo.java:updateAndGet(139)) - 07380eda-3c62-4610-a005-d4af5e2d732d: start 07380eda-3c62-4610-a005-d4af5e2d732d@group-93DD453B75EB-FollowerState
2024-02-06 10:02:52,627 [grpc-default-executor-0] INFO  server.RaftServer$Division (RaftServerImpl.java:setFirstElection(574)) - 07380eda-3c62-4610-a005-d4af5e2d732d@group-93DD453B75EB: set firstElectionSinceStartup to false for candidate:488c4769-1e0b-4768-b3fe-c72db1d0dad7
2024-02-06 10:02:52,627 [grpc-default-executor-1] INFO  server.RaftServer$Division (RaftServerImpl.java:requestVote(1422)) - e4108bdc-dd8a-4467-8687-0aef72f28da1@group-93DD453B75EB replies to ELECTION vote request: 488c4769-1e0b-4768-b3fe-c72db1d0dad7<-e4108bdc-dd8a-4467-8687-0aef72f28da1#0:OK-t1. Peer's state: e4108bdc-dd8a-4467-8687-0aef72f28da1@group-93DD453B75EB:t1, leader=null, voted=488c4769-1e0b-4768-b3fe-c72db1d0dad7, raftlog=Memoized:e4108bdc-dd8a-4467-8687-0aef72f28da1@group-93DD453B75EB-SegmentedRaftLog:OPENED:c-1, conf=-1: peers:[07380eda-3c62-4610-a005-d4af5e2d732d|10.1.0.5:15121, e4108bdc-dd8a-4467-8687-0aef72f28da1|10.1.0.5:15112, 488c4769-1e0b-4768-b3fe-c72db1d0dad7|10.1.0.5:15103]|listeners:[], old=null
2024-02-06 10:02:52,628 [grpc-default-executor-0] INFO  server.RaftServer$Division (RaftServerImpl.java:requestVote(1422)) - 07380eda-3c62-4610-a005-d4af5e2d732d@group-93DD453B75EB replies to ELECTION vote request: 488c4769-1e0b-4768-b3fe-c72db1d0dad7<-07380eda-3c62-4610-a005-d4af5e2d732d#0:OK-t1. Peer's state: 07380eda-3c62-4610-a005-d4af5e2d732d@group-93DD453B75EB:t1, leader=null, voted=488c4769-1e0b-4768-b3fe-c72db1d0dad7, raftlog=Memoized:07380eda-3c62-4610-a005-d4af5e2d732d@group-93DD453B75EB-SegmentedRaftLog:OPENED:c-1, conf=-1: peers:[07380eda-3c62-4610-a005-d4af5e2d732d|10.1.0.5:15121, e4108bdc-dd8a-4467-8687-0aef72f28da1|10.1.0.5:15112, 488c4769-1e0b-4768-b3fe-c72db1d0dad7|10.1.0.5:15103]|listeners:[], old=null
2024-02-06 10:02:52,629 [488c4769-1e0b-4768-b3fe-c72db1d0dad7@group-93DD453B75EB-LeaderElection20] INFO  impl.LeaderElection (LeaderElection.java:logAndReturn(89)) - 488c4769-1e0b-4768-b3fe-c72db1d0dad7@group-93DD453B75EB-LeaderElection20: ELECTION PASSED received 1 response(s) and 0 exception(s):
2024-02-06 10:02:52,629 [488c4769-1e0b-4768-b3fe-c72db1d0dad7@group-93DD453B75EB-LeaderElection20] INFO  impl.LeaderElection (LeaderElection.java:logAndReturn(93)) -   Response 0: 488c4769-1e0b-4768-b3fe-c72db1d0dad7<-e4108bdc-dd8a-4467-8687-0aef72f28da1#0:OK-t1
2024-02-06 10:02:52,629 [488c4769-1e0b-4768-b3fe-c72db1d0dad7@group-93DD453B75EB-LeaderElection20] INFO  impl.LeaderElection (LeaderElection.java:askForVotes(323)) - 488c4769-1e0b-4768-b3fe-c72db1d0dad7@group-93DD453B75EB-LeaderElection20 ELECTION round 0: result PASSED
2024-02-06 10:02:52,629 [488c4769-1e0b-4768-b3fe-c72db1d0dad7@group-93DD453B75EB-LeaderElection20] INFO  impl.RoleInfo (RoleInfo.java:shutdownLeaderElection(130)) - 488c4769-1e0b-4768-b3fe-c72db1d0dad7: shutdown 488c4769-1e0b-4768-b3fe-c72db1d0dad7@group-93DD453B75EB-LeaderElection20
2024-02-06 10:02:52,629 [488c4769-1e0b-4768-b3fe-c72db1d0dad7@group-93DD453B75EB-LeaderElection20] INFO  server.RaftServer$Division (RaftServerImpl.java:setRole(383)) - 488c4769-1e0b-4768-b3fe-c72db1d0dad7@group-93DD453B75EB: changes role from CANDIDATE to LEADER at term 1 for changeToLeader
2024-02-06 10:02:52,629 [488c4769-1e0b-4768-b3fe-c72db1d0dad7@group-93DD453B75EB-LeaderElection20] INFO  server.RaftServerConfigKeys (ConfUtils.java:logGet(46)) - raft.server.staging.catchup.gap = 1000 (default)
2024-02-06 10:02:52,630 [488c4769-1e0b-4768-b3fe-c72db1d0dad7@group-93DD453B75EB-LeaderElection20] INFO  server.RaftServerConfigKeys (ConfUtils.java:logGet(46)) - raft.server.write.element-limit = 1024 (custom)
2024-02-06 10:02:52,630 [488c4769-1e0b-4768-b3fe-c72db1d0dad7@group-93DD453B75EB-LeaderElection20] INFO  server.RaftServerConfigKeys (ConfUtils.java:logGet(46)) - raft.server.write.byte-limit = 1024 M (=1073741824) (custom)
2024-02-06 10:02:52,630 [488c4769-1e0b-4768-b3fe-c72db1d0dad7@group-93DD453B75EB-LeaderElection20] INFO  server.RaftServerConfigKeys (ConfUtils.java:logGet(46)) - raft.server.watch.timeout = 3000ms (custom)
2024-02-06 10:02:52,630 [488c4769-1e0b-4768-b3fe-c72db1d0dad7@group-93DD453B75EB-LeaderElection20] INFO  server.RaftServerConfigKeys (ConfUtils.java:logGet(46)) - raft.server.watch.timeout.denomination = 1s (default)
2024-02-06 10:02:52,630 [488c4769-1e0b-4768-b3fe-c72db1d0dad7@group-93DD453B75EB-LeaderElection20] INFO  server.RaftServerConfigKeys (ConfUtils.java:logGet(46)) - raft.server.watch.element-limit = 65536 (default)
2024-02-06 10:02:52,630 [488c4769-1e0b-4768-b3fe-c72db1d0dad7@group-93DD453B75EB-LeaderElection20] INFO  server.RaftServerConfigKeys (ConfUtils.java:logGet(46)) - raft.server.read.leader.lease.enabled = false (default)
2024-02-06 10:02:52,630 [488c4769-1e0b-4768-b3fe-c72db1d0dad7@group-93DD453B75EB-LeaderElection20] INFO  server.RaftServerConfigKeys (ConfUtils.java:logGet(46)) - raft.server.read.leader.lease.timeout.ratio = 0.9 (default)
2024-02-06 10:02:52,630 [488c4769-1e0b-4768-b3fe-c72db1d0dad7@group-93DD453B75EB-LeaderElection20] INFO  server.RaftServerConfigKeys (ConfUtils.java:logGet(46)) - raft.server.rpc.timeout.min = 5s (custom)
2024-02-06 10:02:52,630 [488c4769-1e0b-4768-b3fe-c72db1d0dad7@group-93DD453B75EB-LeaderElection20] INFO  server.RaftServerConfigKeys (ConfUtils.java:logGet(46)) - raft.server.write.element-limit = 1024 (custom)
2024-02-06 10:02:52,631 [488c4769-1e0b-4768-b3fe-c72db1d0dad7@group-93DD453B75EB-LeaderElection20] INFO  server.RaftServerConfigKeys (ConfUtils.java:logGet(46)) - raft.server.write.follower.gap.ratio.max = -1.0 (default)
2024-02-06 10:02:52,631 [488c4769-1e0b-4768-b3fe-c72db1d0dad7@group-93DD453B75EB-LeaderElection20] INFO  server.RaftServerConfigKeys (ConfUtils.java:logGet(46)) - raft.server.log.appender.snapshot.chunk.size.max = 16MB (=16777216) (default)
2024-02-06 10:02:52,631 [488c4769-1e0b-4768-b3fe-c72db1d0dad7@group-93DD453B75EB-LeaderElection20] INFO  server.RaftServerConfigKeys (ConfUtils.java:logGet(46)) - raft.server.log.appender.buffer.byte-limit = 8388608 (custom)
2024-02-06 10:02:52,631 [488c4769-1e0b-4768-b3fe-c72db1d0dad7@group-93DD453B75EB-LeaderElection20] INFO  server.RaftServerConfigKeys (ConfUtils.java:logGet(46)) - raft.server.log.appender.buffer.element-limit = 1 (custom)
2024-02-06 10:02:52,631 [488c4769-1e0b-4768-b3fe-c72db1d0dad7@group-93DD453B75EB-LeaderElection20] INFO  server.RaftServerConfigKeys (ConfUtils.java:logGet(46)) - raft.server.log.appender.wait-time.min = 0ms (custom)
2024-02-06 10:02:52,631 [488c4769-1e0b-4768-b3fe-c72db1d0dad7@group-93DD453B75EB-LeaderElection20] INFO  grpc.GrpcConfigKeys (ConfUtils.java:logGet(46)) - raft.grpc.server.leader.outstanding.appends.max = 8 (default)
2024-02-06 10:02:52,632 [488c4769-1e0b-4768-b3fe-c72db1d0dad7@group-93DD453B75EB-LeaderElection20] INFO  server.RaftServerConfigKeys (ConfUtils.java:logGet(46)) - raft.server.rpc.request.timeout = 3000ms (default)
2024-02-06 10:02:52,632 [488c4769-1e0b-4768-b3fe-c72db1d0dad7@group-93DD453B75EB-LeaderElection20] INFO  grpc.GrpcConfigKeys (ConfUtils.java:logGet(46)) - raft.grpc.server.install_snapshot.request.element-limit = 8 (default)
2024-02-06 10:02:52,632 [488c4769-1e0b-4768-b3fe-c72db1d0dad7@group-93DD453B75EB-LeaderElection20] INFO  grpc.GrpcConfigKeys (ConfUtils.java:logGet(46)) - raft.grpc.server.install_snapshot.request.timeout = 3000ms (default)
2024-02-06 10:02:52,632 [488c4769-1e0b-4768-b3fe-c72db1d0dad7@group-93DD453B75EB-LeaderElection20] INFO  grpc.GrpcConfigKeys (ConfUtils.java:logGet(46)) - raft.grpc.server.log-message.batch.duration = 5s (default)
2024-02-06 10:02:52,632 [488c4769-1e0b-4768-b3fe-c72db1d0dad7@group-93DD453B75EB-LeaderElection20] INFO  server.RaftServerConfigKeys (ConfUtils.java:logGet(46)) - raft.server.log.appender.install.snapshot.enabled = false (custom)
2024-02-06 10:02:52,632 [488c4769-1e0b-4768-b3fe-c72db1d0dad7@group-93DD453B75EB-LeaderElection20] INFO  grpc.GrpcConfigKeys (ConfUtils.java:logGet(46)) - raft.grpc.server.heartbeat.channel = true (default)
2024-02-06 10:02:52,633 [488c4769-1e0b-4768-b3fe-c72db1d0dad7@group-93DD453B75EB-LeaderElection20] INFO  server.RaftServerConfigKeys (ConfUtils.java:logGet(46)) - raft.server.log.appender.snapshot.chunk.size.max = 16MB (=16777216) (default)
2024-02-06 10:02:52,633 [488c4769-1e0b-4768-b3fe-c72db1d0dad7@group-93DD453B75EB-LeaderElection20] INFO  server.RaftServerConfigKeys (ConfUtils.java:logGet(46)) - raft.server.log.appender.buffer.byte-limit = 8388608 (custom)
2024-02-06 10:02:52,633 [488c4769-1e0b-4768-b3fe-c72db1d0dad7@group-93DD453B75EB-LeaderElection20] INFO  server.RaftServerConfigKeys (ConfUtils.java:logGet(46)) - raft.server.log.appender.buffer.element-limit = 1 (custom)
2024-02-06 10:02:52,633 [488c4769-1e0b-4768-b3fe-c72db1d0dad7@group-93DD453B75EB-LeaderElection20] INFO  server.RaftServerConfigKeys (ConfUtils.java:logGet(46)) - raft.server.log.appender.wait-time.min = 0ms (custom)
2024-02-06 10:02:52,633 [488c4769-1e0b-4768-b3fe-c72db1d0dad7@group-93DD453B75EB-LeaderElection20] INFO  grpc.GrpcConfigKeys (ConfUtils.java:logGet(46)) - raft.grpc.server.leader.outstanding.appends.max = 8 (default)
2024-02-06 10:02:52,633 [488c4769-1e0b-4768-b3fe-c72db1d0dad7@group-93DD453B75EB-LeaderElection20] INFO  server.RaftServerConfigKeys (ConfUtils.java:logGet(46)) - raft.server.rpc.request.timeout = 3000ms (default)
2024-02-06 10:02:52,634 [488c4769-1e0b-4768-b3fe-c72db1d0dad7@group-93DD453B75EB-LeaderElection20] INFO  grpc.GrpcConfigKeys (ConfUtils.java:logGet(46)) - raft.grpc.server.install_snapshot.request.element-limit = 8 (default)
2024-02-06 10:02:52,634 [488c4769-1e0b-4768-b3fe-c72db1d0dad7@group-93DD453B75EB-LeaderElection20] INFO  grpc.GrpcConfigKeys (ConfUtils.java:logGet(46)) - raft.grpc.server.install_snapshot.request.timeout = 3000ms (default)
2024-02-06 10:02:52,634 [488c4769-1e0b-4768-b3fe-c72db1d0dad7@group-93DD453B75EB-LeaderElection20] INFO  grpc.GrpcConfigKeys (ConfUtils.java:logGet(46)) - raft.grpc.server.log-message.batch.duration = 5s (default)
2024-02-06 10:02:52,634 [488c4769-1e0b-4768-b3fe-c72db1d0dad7@group-93DD453B75EB-LeaderElection20] INFO  server.RaftServerConfigKeys (ConfUtils.java:logGet(46)) - raft.server.log.appender.install.snapshot.enabled = false (custom)
2024-02-06 10:02:52,634 [488c4769-1e0b-4768-b3fe-c72db1d0dad7@group-93DD453B75EB-LeaderElection20] INFO  grpc.GrpcConfigKeys (ConfUtils.java:logGet(46)) - raft.grpc.server.heartbeat.channel = true (default)
2024-02-06 10:02:52,634 [488c4769-1e0b-4768-b3fe-c72db1d0dad7@group-93DD453B75EB-LeaderElection20] INFO  impl.RoleInfo (RoleInfo.java:updateAndGet(139)) - 488c4769-1e0b-4768-b3fe-c72db1d0dad7: start 488c4769-1e0b-4768-b3fe-c72db1d0dad7@group-93DD453B75EB-LeaderStateImpl
2024-02-06 10:02:52,634 [488c4769-1e0b-4768-b3fe-c72db1d0dad7@group-93DD453B75EB-LeaderElection20] INFO  server.RaftServer$Division (RaftServerImpl.java:setFirstElection(574)) - 488c4769-1e0b-4768-b3fe-c72db1d0dad7@group-93DD453B75EB: set firstElectionSinceStartup to false for becomeLeader
2024-02-06 10:02:52,634 [488c4769-1e0b-4768-b3fe-c72db1d0dad7@group-93DD453B75EB-LeaderElection20] INFO  ratis.XceiverServerRatis (XceiverServerRatis.java:handleLeaderChangedNotification(966)) - Leader change notification received for group: group-93DD453B75EB with new leaderId: 488c4769-1e0b-4768-b3fe-c72db1d0dad7
2024-02-06 10:02:52,634 [488c4769-1e0b-4768-b3fe-c72db1d0dad7@group-93DD453B75EB-LeaderElection20] INFO  server.RaftServer$Division (ServerState.java:setLeader(269)) - 488c4769-1e0b-4768-b3fe-c72db1d0dad7@group-93DD453B75EB: change Leader from null to 488c4769-1e0b-4768-b3fe-c72db1d0dad7 at term 1 for becomeLeader, leader elected after 5069ms
2024-02-06 10:02:52,635 [488c4769-1e0b-4768-b3fe-c72db1d0dad7@group-93DD453B75EB-LeaderElection20] INFO  segmented.SegmentedRaftLogWorker (SegmentedRaftLogWorker.java:startLogSegment(430)) - 488c4769-1e0b-4768-b3fe-c72db1d0dad7@group-93DD453B75EB-SegmentedRaftLogWorker: Starting segment from index:0
2024-02-06 10:02:52,635 [488c4769-1e0b-4768-b3fe-c72db1d0dad7@group-93DD453B75EB-SegmentedRaftLogWorker] INFO  segmented.BufferedWriteChannel (BufferedWriteChannel.java:open(62)) - open log_inprogress_0 at position 0
2024-02-06 10:02:52,638 [488c4769-1e0b-4768-b3fe-c72db1d0dad7@group-93DD453B75EB-LeaderElection20] INFO  server.RaftServer$Division (ServerState.java:setRaftConf(386)) - 488c4769-1e0b-4768-b3fe-c72db1d0dad7@group-93DD453B75EB: set configuration 0: peers:[07380eda-3c62-4610-a005-d4af5e2d732d|10.1.0.5:15121, e4108bdc-dd8a-4467-8687-0aef72f28da1|10.1.0.5:15112, 488c4769-1e0b-4768-b3fe-c72db1d0dad7|10.1.0.5:15103]|listeners:[], old=null
2024-02-06 10:02:52,639 [EventQueue-OpenPipelineForHealthyPipelineSafeModeRule] INFO  safemode.SCMSafeModeManager (HealthyPipelineSafeModeRule.java:process(140)) - SCM in safe mode. Healthy pipelines reported count is 0, required healthy pipeline reported count is 1
2024-02-06 10:02:52,639 [EventQueue-PipelineReportForPipelineReportHandler] INFO  pipeline.PipelineReportHandler (PipelineReportHandler.java:processPipelineReport(136)) - Opened pipeline PipelineID=a0dea5f9-55d9-41fd-bc61-93dd453b75eb
2024-02-06 10:02:52,639 [EventQueue-OpenPipelineForHealthyPipelineSafeModeRule] INFO  safemode.SCMSafeModeManager (HealthyPipelineSafeModeRule.java:process(140)) - SCM in safe mode. Healthy pipelines reported count is 1, required healthy pipeline reported count is 1
2024-02-06 10:02:52,639 [EventQueue-OpenPipelineForHealthyPipelineSafeModeRule] INFO  safemode.SCMSafeModeManager (SCMSafeModeManager.java:validateSafeModeExitRules(200)) - HealthyPipelineSafeModeRule rule is successfully validated
2024-02-06 10:02:52,640 [EventQueue-OpenPipelineForHealthyPipelineSafeModeRule] INFO  safemode.SCMSafeModeManager (SCMSafeModeManager.java:validateSafeModeExitRules(215)) - ScmSafeModeManager, all rules are successfully validated
2024-02-06 10:02:52,640 [EventQueue-OpenPipelineForHealthyPipelineSafeModeRule] INFO  safemode.SCMSafeModeManager (SCMSafeModeManager.java:exitSafeMode(244)) - SCM exiting safe mode.
2024-02-06 10:02:52,640 [EventQueue-OpenPipelineForHealthyPipelineSafeModeRule] INFO  ha.SCMContext (SCMContext.java:updateSafeModeStatus(225)) - Update SafeModeStatus from SafeModeStatus{safeModeStatus=true, preCheckPassed=true} to SafeModeStatus{safeModeStatus=false, preCheckPassed=true}.
2024-02-06 10:02:52,640 [EventQueue-OpenPipelineForHealthyPipelineSafeModeRule] INFO  pipeline.BackgroundPipelineCreator (BackgroundPipelineCreator.java:notifyStatusChanged(258)) - Service BackgroundPipelineCreator transitions to RUNNING.
2024-02-06 10:02:52,640 [EventQueue-OpenPipelineForHealthyPipelineSafeModeRule] INFO  BackgroundPipelineScrubber (BackgroundSCMService.java:notifyStatusChanged(79)) - Service BackgroundPipelineScrubber transitions to RUNNING.
2024-02-06 10:02:52,640 [EventQueue-OpenPipelineForHealthyPipelineSafeModeRule] INFO  ExpiredContainerReplicaOpScrubber (BackgroundSCMService.java:notifyStatusChanged(79)) - Service ExpiredContainerReplicaOpScrubber transitions to RUNNING.
2024-02-06 10:02:52,640 [EventQueue-OpenPipelineForHealthyPipelineSafeModeRule] INFO  block.SCMBlockDeletingService (SCMBlockDeletingService.java:notifyStatusChanged(247)) - notifyStatusChanged:RUNNING
2024-02-06 10:02:52,640 [EventQueue-OpenPipelineForHealthyPipelineSafeModeRule] INFO  replication.ReplicationManager (ReplicationManager.java:notifyStatusChanged(1402)) - Service ReplicationManager transitions to RUNNING.
2024-02-06 10:02:52,640 [EventQueue-OpenPipelineForHealthyPipelineSafeModeRule] WARN  balancer.ContainerBalancer (ContainerBalancer.java:shouldRun(134)) - Could not find persisted configuration for ContainerBalancer when checking if ContainerBalancer should run. ContainerBalancer should not run now.
2024-02-06 10:02:52,650 [488c4769-1e0b-4768-b3fe-c72db1d0dad7@group-93DD453B75EB-SegmentedRaftLogWorker] INFO  segmented.SegmentedRaftLogWorker (SegmentedRaftLogWorker.java:execute(634)) - 488c4769-1e0b-4768-b3fe-c72db1d0dad7@group-93DD453B75EB-SegmentedRaftLogWorker: created new log segment /home/runner/work/ozone/ozone/hadoop-ozone/integration-test/target/test-dir/MiniOzoneClusterImpl-aff9c889-8dd2-4f79-ab57-76a0adc13766/datanode-0/data/ratis/a0dea5f9-55d9-41fd-bc61-93dd453b75eb/current/log_inprogress_0
2024-02-06 10:02:52,650 [07380eda-3c62-4610-a005-d4af5e2d732d-server-thread1] INFO  ratis.XceiverServerRatis (XceiverServerRatis.java:handleLeaderChangedNotification(966)) - Leader change notification received for group: group-93DD453B75EB with new leaderId: 488c4769-1e0b-4768-b3fe-c72db1d0dad7
2024-02-06 10:02:52,650 [07380eda-3c62-4610-a005-d4af5e2d732d-server-thread1] INFO  server.RaftServer$Division (ServerState.java:setLeader(269)) - 07380eda-3c62-4610-a005-d4af5e2d732d@group-93DD453B75EB: change Leader from null to 488c4769-1e0b-4768-b3fe-c72db1d0dad7 at term 1 for appendEntries, leader elected after 5055ms
2024-02-06 10:02:52,652 [e4108bdc-dd8a-4467-8687-0aef72f28da1-server-thread1] INFO  ratis.XceiverServerRatis (XceiverServerRatis.java:handleLeaderChangedNotification(966)) - Leader change notification received for group: group-93DD453B75EB with new leaderId: 488c4769-1e0b-4768-b3fe-c72db1d0dad7
2024-02-06 10:02:52,652 [e4108bdc-dd8a-4467-8687-0aef72f28da1-server-thread1] INFO  server.RaftServer$Division (ServerState.java:setLeader(269)) - e4108bdc-dd8a-4467-8687-0aef72f28da1@group-93DD453B75EB: change Leader from null to 488c4769-1e0b-4768-b3fe-c72db1d0dad7 at term 1 for appendEntries, leader elected after 5020ms
2024-02-06 10:02:52,652 [07380eda-3c62-4610-a005-d4af5e2d732d-server-thread1] INFO  server.RaftServer$Division (ServerState.java:setRaftConf(386)) - 07380eda-3c62-4610-a005-d4af5e2d732d@group-93DD453B75EB: set configuration 0: peers:[07380eda-3c62-4610-a005-d4af5e2d732d|10.1.0.5:15121, e4108bdc-dd8a-4467-8687-0aef72f28da1|10.1.0.5:15112, 488c4769-1e0b-4768-b3fe-c72db1d0dad7|10.1.0.5:15103]|listeners:[], old=null
2024-02-06 10:02:52,653 [07380eda-3c62-4610-a005-d4af5e2d732d-server-thread1] INFO  segmented.SegmentedRaftLogWorker (SegmentedRaftLogWorker.java:startLogSegment(430)) - 07380eda-3c62-4610-a005-d4af5e2d732d@group-93DD453B75EB-SegmentedRaftLogWorker: Starting segment from index:0
2024-02-06 10:02:52,654 [07380eda-3c62-4610-a005-d4af5e2d732d@group-93DD453B75EB-SegmentedRaftLogWorker] INFO  segmented.BufferedWriteChannel (BufferedWriteChannel.java:open(62)) - open log_inprogress_0 at position 0
2024-02-06 10:02:52,653 [e4108bdc-dd8a-4467-8687-0aef72f28da1-server-thread1] INFO  server.RaftServer$Division (ServerState.java:setRaftConf(386)) - e4108bdc-dd8a-4467-8687-0aef72f28da1@group-93DD453B75EB: set configuration 0: peers:[07380eda-3c62-4610-a005-d4af5e2d732d|10.1.0.5:15121, e4108bdc-dd8a-4467-8687-0aef72f28da1|10.1.0.5:15112, 488c4769-1e0b-4768-b3fe-c72db1d0dad7|10.1.0.5:15103]|listeners:[], old=null
2024-02-06 10:02:52,654 [e4108bdc-dd8a-4467-8687-0aef72f28da1-server-thread1] INFO  segmented.SegmentedRaftLogWorker (SegmentedRaftLogWorker.java:startLogSegment(430)) - e4108bdc-dd8a-4467-8687-0aef72f28da1@group-93DD453B75EB-SegmentedRaftLogWorker: Starting segment from index:0
2024-02-06 10:02:52,655 [e4108bdc-dd8a-4467-8687-0aef72f28da1@group-93DD453B75EB-SegmentedRaftLogWorker] INFO  segmented.BufferedWriteChannel (BufferedWriteChannel.java:open(62)) - open log_inprogress_0 at position 0
2024-02-06 10:02:52,665 [07380eda-3c62-4610-a005-d4af5e2d732d@group-93DD453B75EB-SegmentedRaftLogWorker] INFO  segmented.SegmentedRaftLogWorker (SegmentedRaftLogWorker.java:execute(634)) - 07380eda-3c62-4610-a005-d4af5e2d732d@group-93DD453B75EB-SegmentedRaftLogWorker: created new log segment /home/runner/work/ozone/ozone/hadoop-ozone/integration-test/target/test-dir/MiniOzoneClusterImpl-aff9c889-8dd2-4f79-ab57-76a0adc13766/datanode-2/data/ratis/a0dea5f9-55d9-41fd-bc61-93dd453b75eb/current/log_inprogress_0
2024-02-06 10:02:52,666 [e4108bdc-dd8a-4467-8687-0aef72f28da1@group-93DD453B75EB-SegmentedRaftLogWorker] INFO  segmented.SegmentedRaftLogWorker (SegmentedRaftLogWorker.java:execute(634)) - e4108bdc-dd8a-4467-8687-0aef72f28da1@group-93DD453B75EB-SegmentedRaftLogWorker: created new log segment /home/runner/work/ozone/ozone/hadoop-ozone/integration-test/target/test-dir/MiniOzoneClusterImpl-aff9c889-8dd2-4f79-ab57-76a0adc13766/datanode-1/data/ratis/a0dea5f9-55d9-41fd-bc61-93dd453b75eb/current/log_inprogress_0
2024-02-06 10:02:52,669 [488c4769-1e0b-4768-b3fe-c72db1d0dad7@group-93DD453B75EB-StateMachineUpdater] INFO  server.RaftServer$Division (LeaderStateImpl.java:isApplied(320)) - leader is ready since appliedIndex == 0 >= startIndex == 0
2024-02-06 10:02:52,715 [e4108bdc-dd8a-4467-8687-0aef72f28da1@group-EF5248A23A32-FollowerState] INFO  impl.FollowerState (FollowerState.java:run(143)) - e4108bdc-dd8a-4467-8687-0aef72f28da1@group-EF5248A23A32-FollowerState: change to CANDIDATE, lastRpcElapsedTime:5049763026ns, electionTimeout:5044ms
2024-02-06 10:02:52,715 [e4108bdc-dd8a-4467-8687-0aef72f28da1@group-EF5248A23A32-FollowerState] INFO  impl.RoleInfo (RoleInfo.java:shutdownFollowerState(110)) - e4108bdc-dd8a-4467-8687-0aef72f28da1: shutdown e4108bdc-dd8a-4467-8687-0aef72f28da1@group-EF5248A23A32-FollowerState
2024-02-06 10:02:52,715 [e4108bdc-dd8a-4467-8687-0aef72f28da1@group-EF5248A23A32-FollowerState] INFO  server.RaftServer$Division (RaftServerImpl.java:setRole(383)) - e4108bdc-dd8a-4467-8687-0aef72f28da1@group-EF5248A23A32: changes role from  FOLLOWER to CANDIDATE at term 0 for changeToCandidate
2024-02-06 10:02:52,715 [e4108bdc-dd8a-4467-8687-0aef72f28da1@group-EF5248A23A32-FollowerState] INFO  server.RaftServerConfigKeys (ConfUtils.java:logGet(46)) - raft.server.leaderelection.pre-vote = true (default)
2024-02-06 10:02:52,715 [e4108bdc-dd8a-4467-8687-0aef72f28da1@group-EF5248A23A32-FollowerState] INFO  impl.RoleInfo (RoleInfo.java:updateAndGet(139)) - e4108bdc-dd8a-4467-8687-0aef72f28da1: start e4108bdc-dd8a-4467-8687-0aef72f28da1@group-EF5248A23A32-LeaderElection21
2024-02-06 10:02:52,717 [e4108bdc-dd8a-4467-8687-0aef72f28da1@group-EF5248A23A32-LeaderElection21] INFO  impl.LeaderElection (LeaderElection.java:askForVotes(321)) - e4108bdc-dd8a-4467-8687-0aef72f28da1@group-EF5248A23A32-LeaderElection21 PRE_VOTE round 0: submit vote requests at term 0 for -1: peers:[e4108bdc-dd8a-4467-8687-0aef72f28da1|10.1.0.5:15112]|listeners:[], old=null
2024-02-06 10:02:52,717 [e4108bdc-dd8a-4467-8687-0aef72f28da1@group-EF5248A23A32-LeaderElection21] INFO  impl.LeaderElection (LeaderElection.java:askForVotes(323)) - e4108bdc-dd8a-4467-8687-0aef72f28da1@group-EF5248A23A32-LeaderElection21 PRE_VOTE round 0: result PASSED (term=0)
2024-02-06 10:02:52,719 [e4108bdc-dd8a-4467-8687-0aef72f28da1@group-EF5248A23A32-LeaderElection21] INFO  impl.LeaderElection (LeaderElection.java:askForVotes(321)) - e4108bdc-dd8a-4467-8687-0aef72f28da1@group-EF5248A23A32-LeaderElection21 ELECTION round 0: submit vote requests at term 1 for -1: peers:[e4108bdc-dd8a-4467-8687-0aef72f28da1|10.1.0.5:15112]|listeners:[], old=null
2024-02-06 10:02:52,719 [e4108bdc-dd8a-4467-8687-0aef72f28da1@group-EF5248A23A32-LeaderElection21] INFO  impl.LeaderElection (LeaderElection.java:askForVotes(323)) - e4108bdc-dd8a-4467-8687-0aef72f28da1@group-EF5248A23A32-LeaderElection21 ELECTION round 0: result PASSED (term=1)
2024-02-06 10:02:52,719 [e4108bdc-dd8a-4467-8687-0aef72f28da1@group-EF5248A23A32-LeaderElection21] INFO  impl.RoleInfo (RoleInfo.java:shutdownLeaderElection(130)) - e4108bdc-dd8a-4467-8687-0aef72f28da1: shutdown e4108bdc-dd8a-4467-8687-0aef72f28da1@group-EF5248A23A32-LeaderElection21
2024-02-06 10:02:52,719 [e4108bdc-dd8a-4467-8687-0aef72f28da1@group-EF5248A23A32-LeaderElection21] INFO  server.RaftServer$Division (RaftServerImpl.java:setRole(383)) - e4108bdc-dd8a-4467-8687-0aef72f28da1@group-EF5248A23A32: changes role from CANDIDATE to LEADER at term 1 for changeToLeader
2024-02-06 10:02:52,719 [e4108bdc-dd8a-4467-8687-0aef72f28da1@group-EF5248A23A32-LeaderElection21] INFO  server.RaftServerConfigKeys (ConfUtils.java:logGet(46)) - raft.server.staging.catchup.gap = 1000 (default)
2024-02-06 10:02:52,719 [e4108bdc-dd8a-4467-8687-0aef72f28da1@group-EF5248A23A32-LeaderElection21] INFO  server.RaftServerConfigKeys (ConfUtils.java:logGet(46)) - raft.server.write.element-limit = 1024 (custom)
2024-02-06 10:02:52,719 [e4108bdc-dd8a-4467-8687-0aef72f28da1@group-EF5248A23A32-LeaderElection21] INFO  server.RaftServerConfigKeys (ConfUtils.java:logGet(46)) - raft.server.write.byte-limit = 1024 M (=1073741824) (custom)
2024-02-06 10:02:52,719 [e4108bdc-dd8a-4467-8687-0aef72f28da1@group-EF5248A23A32-LeaderElection21] INFO  server.RaftServerConfigKeys (ConfUtils.java:logGet(46)) - raft.server.watch.timeout = 3000ms (custom)
2024-02-06 10:02:52,719 [e4108bdc-dd8a-4467-8687-0aef72f28da1@group-EF5248A23A32-LeaderElection21] INFO  server.RaftServerConfigKeys (ConfUtils.java:logGet(46)) - raft.server.watch.timeout.denomination = 1s (default)
2024-02-06 10:02:52,719 [e4108bdc-dd8a-4467-8687-0aef72f28da1@group-EF5248A23A32-LeaderElection21] INFO  server.RaftServerConfigKeys (ConfUtils.java:logGet(46)) - raft.server.watch.element-limit = 65536 (default)
2024-02-06 10:02:52,720 [e4108bdc-dd8a-4467-8687-0aef72f28da1@group-EF5248A23A32-LeaderElection21] INFO  server.RaftServerConfigKeys (ConfUtils.java:logGet(46)) - raft.server.read.leader.lease.enabled = false (default)
2024-02-06 10:02:52,720 [e4108bdc-dd8a-4467-8687-0aef72f28da1@group-EF5248A23A32-LeaderElection21] INFO  server.RaftServerConfigKeys (ConfUtils.java:logGet(46)) - raft.server.read.leader.lease.timeout.ratio = 0.9 (default)
2024-02-06 10:02:52,720 [e4108bdc-dd8a-4467-8687-0aef72f28da1@group-EF5248A23A32-LeaderElection21] INFO  server.RaftServerConfigKeys (ConfUtils.java:logGet(46)) - raft.server.rpc.timeout.min = 5s (custom)
2024-02-06 10:02:52,720 [e4108bdc-dd8a-4467-8687-0aef72f28da1@group-EF5248A23A32-LeaderElection21] INFO  server.RaftServerConfigKeys (ConfUtils.java:logGet(46)) - raft.server.write.element-limit = 1024 (custom)
2024-02-06 10:02:52,720 [e4108bdc-dd8a-4467-8687-0aef72f28da1@group-EF5248A23A32-LeaderElection21] INFO  server.RaftServerConfigKeys (ConfUtils.java:logGet(46)) - raft.server.write.follower.gap.ratio.max = -1.0 (default)
2024-02-06 10:02:52,720 [e4108bdc-dd8a-4467-8687-0aef72f28da1@group-EF5248A23A32-LeaderElection21] INFO  impl.RoleInfo (RoleInfo.java:updateAndGet(139)) - e4108bdc-dd8a-4467-8687-0aef72f28da1: start e4108bdc-dd8a-4467-8687-0aef72f28da1@group-EF5248A23A32-LeaderStateImpl
2024-02-06 10:02:52,720 [e4108bdc-dd8a-4467-8687-0aef72f28da1@group-EF5248A23A32-LeaderElection21] INFO  server.RaftServer$Division (RaftServerImpl.java:setFirstElection(574)) - e4108bdc-dd8a-4467-8687-0aef72f28da1@group-EF5248A23A32: set firstElectionSinceStartup to false for becomeLeader
2024-02-06 10:02:52,720 [e4108bdc-dd8a-4467-8687-0aef72f28da1@group-EF5248A23A32-LeaderElection21] INFO  ratis.XceiverServerRatis (XceiverServerRatis.java:handleLeaderChangedNotification(966)) - Leader change notification received for group: group-EF5248A23A32 with new leaderId: e4108bdc-dd8a-4467-8687-0aef72f28da1
2024-02-06 10:02:52,720 [e4108bdc-dd8a-4467-8687-0aef72f28da1@group-EF5248A23A32-LeaderElection21] INFO  server.RaftServer$Division (ServerState.java:setLeader(269)) - e4108bdc-dd8a-4467-8687-0aef72f28da1@group-EF5248A23A32: change Leader from null to e4108bdc-dd8a-4467-8687-0aef72f28da1 at term 1 for becomeLeader, leader elected after 5073ms
2024-02-06 10:02:52,720 [e4108bdc-dd8a-4467-8687-0aef72f28da1@group-EF5248A23A32-LeaderElection21] INFO  segmented.SegmentedRaftLogWorker (SegmentedRaftLogWorker.java:startLogSegment(430)) - e4108bdc-dd8a-4467-8687-0aef72f28da1@group-EF5248A23A32-SegmentedRaftLogWorker: Starting segment from index:0
2024-02-06 10:02:52,721 [e4108bdc-dd8a-4467-8687-0aef72f28da1@group-EF5248A23A32-SegmentedRaftLogWorker] INFO  segmented.BufferedWriteChannel (BufferedWriteChannel.java:open(62)) - open log_inprogress_0 at position 0
2024-02-06 10:02:52,725 [e4108bdc-dd8a-4467-8687-0aef72f28da1@group-EF5248A23A32-LeaderElection21] INFO  server.RaftServer$Division (ServerState.java:setRaftConf(386)) - e4108bdc-dd8a-4467-8687-0aef72f28da1@group-EF5248A23A32: set configuration 0: peers:[e4108bdc-dd8a-4467-8687-0aef72f28da1|10.1.0.5:15112]|listeners:[], old=null
2024-02-06 10:02:52,728 [e4108bdc-dd8a-4467-8687-0aef72f28da1@group-EF5248A23A32-SegmentedRaftLogWorker] INFO  segmented.SegmentedRaftLogWorker (SegmentedRaftLogWorker.java:execute(634)) - e4108bdc-dd8a-4467-8687-0aef72f28da1@group-EF5248A23A32-SegmentedRaftLogWorker: created new log segment /home/runner/work/ozone/ozone/hadoop-ozone/integration-test/target/test-dir/MiniOzoneClusterImpl-aff9c889-8dd2-4f79-ab57-76a0adc13766/datanode-1/data/ratis/621266bd-afd4-47b5-8f23-ef5248a23a32/current/log_inprogress_0
2024-02-06 10:02:52,729 [488c4769-1e0b-4768-b3fe-c72db1d0dad7@group-C2FEC77C309D-FollowerState] INFO  impl.FollowerState (FollowerState.java:run(143)) - 488c4769-1e0b-4768-b3fe-c72db1d0dad7@group-C2FEC77C309D-FollowerState: change to CANDIDATE, lastRpcElapsedTime:5168588731ns, electionTimeout:5168ms
2024-02-06 10:02:52,729 [488c4769-1e0b-4768-b3fe-c72db1d0dad7@group-C2FEC77C309D-FollowerState] INFO  impl.RoleInfo (RoleInfo.java:shutdownFollowerState(110)) - 488c4769-1e0b-4768-b3fe-c72db1d0dad7: shutdown 488c4769-1e0b-4768-b3fe-c72db1d0dad7@group-C2FEC77C309D-FollowerState
2024-02-06 10:02:52,729 [488c4769-1e0b-4768-b3fe-c72db1d0dad7@group-C2FEC77C309D-FollowerState] INFO  server.RaftServer$Division (RaftServerImpl.java:setRole(383)) - 488c4769-1e0b-4768-b3fe-c72db1d0dad7@group-C2FEC77C309D: changes role from  FOLLOWER to CANDIDATE at term 0 for changeToCandidate
2024-02-06 10:02:52,729 [488c4769-1e0b-4768-b3fe-c72db1d0dad7@group-C2FEC77C309D-FollowerState] INFO  server.RaftServerConfigKeys (ConfUtils.java:logGet(46)) - raft.server.leaderelection.pre-vote = true (default)
2024-02-06 10:02:52,729 [488c4769-1e0b-4768-b3fe-c72db1d0dad7@group-C2FEC77C309D-FollowerState] INFO  impl.RoleInfo (RoleInfo.java:updateAndGet(139)) - 488c4769-1e0b-4768-b3fe-c72db1d0dad7: start 488c4769-1e0b-4768-b3fe-c72db1d0dad7@group-C2FEC77C309D-LeaderElection22
2024-02-06 10:02:52,731 [488c4769-1e0b-4768-b3fe-c72db1d0dad7@group-C2FEC77C309D-LeaderElection22] INFO  impl.LeaderElection (LeaderElection.java:askForVotes(321)) - 488c4769-1e0b-4768-b3fe-c72db1d0dad7@group-C2FEC77C309D-LeaderElection22 PRE_VOTE round 0: submit vote requests at term 0 for -1: peers:[488c4769-1e0b-4768-b3fe-c72db1d0dad7|10.1.0.5:15103]|listeners:[], old=null
2024-02-06 10:02:52,731 [488c4769-1e0b-4768-b3fe-c72db1d0dad7@group-C2FEC77C309D-LeaderElection22] INFO  impl.LeaderElection (LeaderElection.java:askForVotes(323)) - 488c4769-1e0b-4768-b3fe-c72db1d0dad7@group-C2FEC77C309D-LeaderElection22 PRE_VOTE round 0: result PASSED (term=0)
2024-02-06 10:02:52,733 [e4108bdc-dd8a-4467-8687-0aef72f28da1@group-EF5248A23A32-StateMachineUpdater] INFO  server.RaftServer$Division (LeaderStateImpl.java:isApplied(320)) - leader is ready since appliedIndex == 0 >= startIndex == 0
2024-02-06 10:02:52,734 [488c4769-1e0b-4768-b3fe-c72db1d0dad7@group-C2FEC77C309D-LeaderElection22] INFO  impl.LeaderElection (LeaderElection.java:askForVotes(321)) - 488c4769-1e0b-4768-b3fe-c72db1d0dad7@group-C2FEC77C309D-LeaderElection22 ELECTION round 0: submit vote requests at term 1 for -1: peers:[488c4769-1e0b-4768-b3fe-c72db1d0dad7|10.1.0.5:15103]|listeners:[], old=null
2024-02-06 10:02:52,734 [488c4769-1e0b-4768-b3fe-c72db1d0dad7@group-C2FEC77C309D-LeaderElection22] INFO  impl.LeaderElection (LeaderElection.java:askForVotes(323)) - 488c4769-1e0b-4768-b3fe-c72db1d0dad7@group-C2FEC77C309D-LeaderElection22 ELECTION round 0: result PASSED (term=1)
2024-02-06 10:02:52,734 [488c4769-1e0b-4768-b3fe-c72db1d0dad7@group-C2FEC77C309D-LeaderElection22] INFO  impl.RoleInfo (RoleInfo.java:shutdownLeaderElection(130)) - 488c4769-1e0b-4768-b3fe-c72db1d0dad7: shutdown 488c4769-1e0b-4768-b3fe-c72db1d0dad7@group-C2FEC77C309D-LeaderElection22
2024-02-06 10:02:52,734 [488c4769-1e0b-4768-b3fe-c72db1d0dad7@group-C2FEC77C309D-LeaderElection22] INFO  server.RaftServer$Division (RaftServerImpl.java:setRole(383)) - 488c4769-1e0b-4768-b3fe-c72db1d0dad7@group-C2FEC77C309D: changes role from CANDIDATE to LEADER at term 1 for changeToLeader
2024-02-06 10:02:52,735 [488c4769-1e0b-4768-b3fe-c72db1d0dad7@group-C2FEC77C309D-LeaderElection22] INFO  server.RaftServerConfigKeys (ConfUtils.java:logGet(46)) - raft.server.staging.catchup.gap = 1000 (default)
2024-02-06 10:02:52,735 [488c4769-1e0b-4768-b3fe-c72db1d0dad7@group-C2FEC77C309D-LeaderElection22] INFO  server.RaftServerConfigKeys (ConfUtils.java:logGet(46)) - raft.server.write.element-limit = 1024 (custom)
2024-02-06 10:02:52,735 [488c4769-1e0b-4768-b3fe-c72db1d0dad7@group-C2FEC77C309D-LeaderElection22] INFO  server.RaftServerConfigKeys (ConfUtils.java:logGet(46)) - raft.server.write.byte-limit = 1024 M (=1073741824) (custom)
2024-02-06 10:02:52,735 [488c4769-1e0b-4768-b3fe-c72db1d0dad7@group-C2FEC77C309D-LeaderElection22] INFO  server.RaftServerConfigKeys (ConfUtils.java:logGet(46)) - raft.server.watch.timeout = 3000ms (custom)
2024-02-06 10:02:52,735 [488c4769-1e0b-4768-b3fe-c72db1d0dad7@group-C2FEC77C309D-LeaderElection22] INFO  server.RaftServerConfigKeys (ConfUtils.java:logGet(46)) - raft.server.watch.timeout.denomination = 1s (default)
2024-02-06 10:02:52,735 [488c4769-1e0b-4768-b3fe-c72db1d0dad7@group-C2FEC77C309D-LeaderElection22] INFO  server.RaftServerConfigKeys (ConfUtils.java:logGet(46)) - raft.server.watch.element-limit = 65536 (default)
2024-02-06 10:02:52,735 [488c4769-1e0b-4768-b3fe-c72db1d0dad7@group-C2FEC77C309D-LeaderElection22] INFO  server.RaftServerConfigKeys (ConfUtils.java:logGet(46)) - raft.server.read.leader.lease.enabled = false (default)
2024-02-06 10:02:52,735 [488c4769-1e0b-4768-b3fe-c72db1d0dad7@group-C2FEC77C309D-LeaderElection22] INFO  server.RaftServerConfigKeys (ConfUtils.java:logGet(46)) - raft.server.read.leader.lease.timeout.ratio = 0.9 (default)
2024-02-06 10:02:52,736 [488c4769-1e0b-4768-b3fe-c72db1d0dad7@group-C2FEC77C309D-LeaderElection22] INFO  server.RaftServerConfigKeys (ConfUtils.java:logGet(46)) - raft.server.rpc.timeout.min = 5s (custom)
2024-02-06 10:02:52,736 [488c4769-1e0b-4768-b3fe-c72db1d0dad7@group-C2FEC77C309D-LeaderElection22] INFO  server.RaftServerConfigKeys (ConfUtils.java:logGet(46)) - raft.server.write.element-limit = 1024 (custom)
2024-02-06 10:02:52,736 [488c4769-1e0b-4768-b3fe-c72db1d0dad7@group-C2FEC77C309D-LeaderElection22] INFO  server.RaftServerConfigKeys (ConfUtils.java:logGet(46)) - raft.server.write.follower.gap.ratio.max = -1.0 (default)
2024-02-06 10:02:52,736 [488c4769-1e0b-4768-b3fe-c72db1d0dad7@group-C2FEC77C309D-LeaderElection22] INFO  impl.RoleInfo (RoleInfo.java:updateAndGet(139)) - 488c4769-1e0b-4768-b3fe-c72db1d0dad7: start 488c4769-1e0b-4768-b3fe-c72db1d0dad7@group-C2FEC77C309D-LeaderStateImpl
2024-02-06 10:02:52,736 [488c4769-1e0b-4768-b3fe-c72db1d0dad7@group-C2FEC77C309D-LeaderElection22] INFO  server.RaftServer$Division (RaftServerImpl.java:setFirstElection(574)) - 488c4769-1e0b-4768-b3fe-c72db1d0dad7@group-C2FEC77C309D: set firstElectionSinceStartup to false for becomeLeader
2024-02-06 10:02:52,736 [488c4769-1e0b-4768-b3fe-c72db1d0dad7@group-C2FEC77C309D-LeaderElection22] INFO  ratis.XceiverServerRatis (XceiverServerRatis.java:handleLeaderChangedNotification(966)) - Leader change notification received for group: group-C2FEC77C309D with new leaderId: 488c4769-1e0b-4768-b3fe-c72db1d0dad7
2024-02-06 10:02:52,737 [488c4769-1e0b-4768-b3fe-c72db1d0dad7@group-C2FEC77C309D-LeaderElection22] INFO  server.RaftServer$Division (ServerState.java:setLeader(269)) - 488c4769-1e0b-4768-b3fe-c72db1d0dad7@group-C2FEC77C309D: change Leader from null to 488c4769-1e0b-4768-b3fe-c72db1d0dad7 at term 1 for becomeLeader, leader elected after 5192ms
2024-02-06 10:02:52,737 [488c4769-1e0b-4768-b3fe-c72db1d0dad7@group-C2FEC77C309D-LeaderElection22] INFO  segmented.SegmentedRaftLogWorker (SegmentedRaftLogWorker.java:startLogSegment(430)) - 488c4769-1e0b-4768-b3fe-c72db1d0dad7@group-C2FEC77C309D-SegmentedRaftLogWorker: Starting segment from index:0
2024-02-06 10:02:52,737 [488c4769-1e0b-4768-b3fe-c72db1d0dad7@group-C2FEC77C309D-SegmentedRaftLogWorker] INFO  segmented.BufferedWriteChannel (BufferedWriteChannel.java:open(62)) - open log_inprogress_0 at position 0
2024-02-06 10:02:52,743 [488c4769-1e0b-4768-b3fe-c72db1d0dad7@group-C2FEC77C309D-LeaderElection22] INFO  server.RaftServer$Division (ServerState.java:setRaftConf(386)) - 488c4769-1e0b-4768-b3fe-c72db1d0dad7@group-C2FEC77C309D: set configuration 0: peers:[488c4769-1e0b-4768-b3fe-c72db1d0dad7|10.1.0.5:15103]|listeners:[], old=null
2024-02-06 10:02:52,746 [488c4769-1e0b-4768-b3fe-c72db1d0dad7@group-C2FEC77C309D-SegmentedRaftLogWorker] INFO  segmented.SegmentedRaftLogWorker (SegmentedRaftLogWorker.java:execute(634)) - 488c4769-1e0b-4768-b3fe-c72db1d0dad7@group-C2FEC77C309D-SegmentedRaftLogWorker: created new log segment /home/runner/work/ozone/ozone/hadoop-ozone/integration-test/target/test-dir/MiniOzoneClusterImpl-aff9c889-8dd2-4f79-ab57-76a0adc13766/datanode-0/data/ratis/4084f37d-2f77-45e9-9f94-c2fec77c309d/current/log_inprogress_0
2024-02-06 10:02:52,747 [488c4769-1e0b-4768-b3fe-c72db1d0dad7@group-C2FEC77C309D-StateMachineUpdater] INFO  server.RaftServer$Division (LeaderStateImpl.java:isApplied(320)) - leader is ready since appliedIndex == 0 >= startIndex == 0
2024-02-06 10:02:52,782 [07380eda-3c62-4610-a005-d4af5e2d732d@group-B36D316A6573-FollowerState] INFO  impl.FollowerState (FollowerState.java:run(143)) - 07380eda-3c62-4610-a005-d4af5e2d732d@group-B36D316A6573-FollowerState: change to CANDIDATE, lastRpcElapsedTime:5002680274ns, electionTimeout:5001ms
2024-02-06 10:02:52,782 [07380eda-3c62-4610-a005-d4af5e2d732d@group-B36D316A6573-FollowerState] INFO  impl.RoleInfo (RoleInfo.java:shutdownFollowerState(110)) - 07380eda-3c62-4610-a005-d4af5e2d732d: shutdown 07380eda-3c62-4610-a005-d4af5e2d732d@group-B36D316A6573-FollowerState
2024-02-06 10:02:52,782 [07380eda-3c62-4610-a005-d4af5e2d732d@group-B36D316A6573-FollowerState] INFO  server.RaftServer$Division (RaftServerImpl.java:setRole(383)) - 07380eda-3c62-4610-a005-d4af5e2d732d@group-B36D316A6573: changes role from  FOLLOWER to CANDIDATE at term 0 for changeToCandidate
2024-02-06 10:02:52,782 [07380eda-3c62-4610-a005-d4af5e2d732d@group-B36D316A6573-FollowerState] INFO  server.RaftServerConfigKeys (ConfUtils.java:logGet(46)) - raft.server.leaderelection.pre-vote = true (default)
2024-02-06 10:02:52,782 [07380eda-3c62-4610-a005-d4af5e2d732d@group-B36D316A6573-FollowerState] INFO  impl.RoleInfo (RoleInfo.java:updateAndGet(139)) - 07380eda-3c62-4610-a005-d4af5e2d732d: start 07380eda-3c62-4610-a005-d4af5e2d732d@group-B36D316A6573-LeaderElection23
2024-02-06 10:02:52,784 [07380eda-3c62-4610-a005-d4af5e2d732d@group-B36D316A6573-LeaderElection23] INFO  impl.LeaderElection (LeaderElection.java:askForVotes(321)) - 07380eda-3c62-4610-a005-d4af5e2d732d@group-B36D316A6573-LeaderElection23 PRE_VOTE round 0: submit vote requests at term 0 for -1: peers:[07380eda-3c62-4610-a005-d4af5e2d732d|10.1.0.5:15121]|listeners:[], old=null
2024-02-06 10:02:52,784 [07380eda-3c62-4610-a005-d4af5e2d732d@group-B36D316A6573-LeaderElection23] INFO  impl.LeaderElection (LeaderElection.java:askForVotes(323)) - 07380eda-3c62-4610-a005-d4af5e2d732d@group-B36D316A6573-LeaderElection23 PRE_VOTE round 0: result PASSED (term=0)
2024-02-06 10:02:52,786 [07380eda-3c62-4610-a005-d4af5e2d732d@group-B36D316A6573-LeaderElection23] INFO  impl.LeaderElection (LeaderElection.java:askForVotes(321)) - 07380eda-3c62-4610-a005-d4af5e2d732d@group-B36D316A6573-LeaderElection23 ELECTION round 0: submit vote requests at term 1 for -1: peers:[07380eda-3c62-4610-a005-d4af5e2d732d|10.1.0.5:15121]|listeners:[], old=null
2024-02-06 10:02:52,786 [07380eda-3c62-4610-a005-d4af5e2d732d@group-B36D316A6573-LeaderElection23] INFO  impl.LeaderElection (LeaderElection.java:askForVotes(323)) - 07380eda-3c62-4610-a005-d4af5e2d732d@group-B36D316A6573-LeaderElection23 ELECTION round 0: result PASSED (term=1)
2024-02-06 10:02:52,786 [07380eda-3c62-4610-a005-d4af5e2d732d@group-B36D316A6573-LeaderElection23] INFO  impl.RoleInfo (RoleInfo.java:shutdownLeaderElection(130)) - 07380eda-3c62-4610-a005-d4af5e2d732d: shutdown 07380eda-3c62-4610-a005-d4af5e2d732d@group-B36D316A6573-LeaderElection23
2024-02-06 10:02:52,786 [07380eda-3c62-4610-a005-d4af5e2d732d@group-B36D316A6573-LeaderElection23] INFO  server.RaftServer$Division (RaftServerImpl.java:setRole(383)) - 07380eda-3c62-4610-a005-d4af5e2d732d@group-B36D316A6573: changes role from CANDIDATE to LEADER at term 1 for changeToLeader
2024-02-06 10:02:52,786 [07380eda-3c62-4610-a005-d4af5e2d732d@group-B36D316A6573-LeaderElection23] INFO  server.RaftServerConfigKeys (ConfUtils.java:logGet(46)) - raft.server.staging.catchup.gap = 1000 (default)
2024-02-06 10:02:52,786 [07380eda-3c62-4610-a005-d4af5e2d732d@group-B36D316A6573-LeaderElection23] INFO  server.RaftServerConfigKeys (ConfUtils.java:logGet(46)) - raft.server.write.element-limit = 1024 (custom)
2024-02-06 10:02:52,786 [07380eda-3c62-4610-a005-d4af5e2d732d@group-B36D316A6573-LeaderElection23] INFO  server.RaftServerConfigKeys (ConfUtils.java:logGet(46)) - raft.server.write.byte-limit = 1024 M (=1073741824) (custom)
2024-02-06 10:02:52,787 [07380eda-3c62-4610-a005-d4af5e2d732d@group-B36D316A6573-LeaderElection23] INFO  server.RaftServerConfigKeys (ConfUtils.java:logGet(46)) - raft.server.watch.timeout = 3000ms (custom)
2024-02-06 10:02:52,787 [07380eda-3c62-4610-a005-d4af5e2d732d@group-B36D316A6573-LeaderElection23] INFO  server.RaftServerConfigKeys (ConfUtils.java:logGet(46)) - raft.server.watch.timeout.denomination = 1s (default)
2024-02-06 10:02:52,787 [07380eda-3c62-4610-a005-d4af5e2d732d@group-B36D316A6573-LeaderElection23] INFO  server.RaftServerConfigKeys (ConfUtils.java:logGet(46)) - raft.server.watch.element-limit = 65536 (default)
2024-02-06 10:02:52,787 [07380eda-3c62-4610-a005-d4af5e2d732d@group-B36D316A6573-LeaderElection23] INFO  server.RaftServerConfigKeys (ConfUtils.java:logGet(46)) - raft.server.read.leader.lease.enabled = false (default)
2024-02-06 10:02:52,787 [07380eda-3c62-4610-a005-d4af5e2d732d@group-B36D316A6573-LeaderElection23] INFO  server.RaftServerConfigKeys (ConfUtils.java:logGet(46)) - raft.server.read.leader.lease.timeout.ratio = 0.9 (default)
2024-02-06 10:02:52,787 [07380eda-3c62-4610-a005-d4af5e2d732d@group-B36D316A6573-LeaderElection23] INFO  server.RaftServerConfigKeys (ConfUtils.java:logGet(46)) - raft.server.rpc.timeout.min = 5s (custom)
2024-02-06 10:02:52,787 [07380eda-3c62-4610-a005-d4af5e2d732d@group-B36D316A6573-LeaderElection23] INFO  server.RaftServerConfigKeys (ConfUtils.java:logGet(46)) - raft.server.write.element-limit = 1024 (custom)
2024-02-06 10:02:52,787 [07380eda-3c62-4610-a005-d4af5e2d732d@group-B36D316A6573-LeaderElection23] INFO  server.RaftServerConfigKeys (ConfUtils.java:logGet(46)) - raft.server.write.follower.gap.ratio.max = -1.0 (default)
2024-02-06 10:02:52,787 [07380eda-3c62-4610-a005-d4af5e2d732d@group-B36D316A6573-LeaderElection23] INFO  impl.RoleInfo (RoleInfo.java:updateAndGet(139)) - 07380eda-3c62-4610-a005-d4af5e2d732d: start 07380eda-3c62-4610-a005-d4af5e2d732d@group-B36D316A6573-LeaderStateImpl
2024-02-06 10:02:52,787 [07380eda-3c62-4610-a005-d4af5e2d732d@group-B36D316A6573-LeaderElection23] INFO  server.RaftServer$Division (RaftServerImpl.java:setFirstElection(574)) - 07380eda-3c62-4610-a005-d4af5e2d732d@group-B36D316A6573: set firstElectionSinceStartup to false for becomeLeader
2024-02-06 10:02:52,787 [07380eda-3c62-4610-a005-d4af5e2d732d@group-B36D316A6573-LeaderElection23] INFO  ratis.XceiverServerRatis (XceiverServerRatis.java:handleLeaderChangedNotification(966)) - Leader change notification received for group: group-B36D316A6573 with new leaderId: 07380eda-3c62-4610-a005-d4af5e2d732d
2024-02-06 10:02:52,788 [07380eda-3c62-4610-a005-d4af5e2d732d@group-B36D316A6573-LeaderElection23] INFO  server.RaftServer$Division (ServerState.java:setLeader(269)) - 07380eda-3c62-4610-a005-d4af5e2d732d@group-B36D316A6573: change Leader from null to 07380eda-3c62-4610-a005-d4af5e2d732d at term 1 for becomeLeader, leader elected after 5020ms
2024-02-06 10:02:52,788 [07380eda-3c62-4610-a005-d4af5e2d732d@group-B36D316A6573-LeaderElection23] INFO  segmented.SegmentedRaftLogWorker (SegmentedRaftLogWorker.java:startLogSegment(430)) - 07380eda-3c62-4610-a005-d4af5e2d732d@group-B36D316A6573-SegmentedRaftLogWorker: Starting segment from index:0
2024-02-06 10:02:52,788 [07380eda-3c62-4610-a005-d4af5e2d732d@group-B36D316A6573-SegmentedRaftLogWorker] INFO  segmented.BufferedWriteChannel (BufferedWriteChannel.java:open(62)) - open log_inprogress_0 at position 0
2024-02-06 10:02:52,793 [07380eda-3c62-4610-a005-d4af5e2d732d@group-B36D316A6573-LeaderElection23] INFO  server.RaftServer$Division (ServerState.java:setRaftConf(386)) - 07380eda-3c62-4610-a005-d4af5e2d732d@group-B36D316A6573: set configuration 0: peers:[07380eda-3c62-4610-a005-d4af5e2d732d|10.1.0.5:15121]|listeners:[], old=null
2024-02-06 10:02:52,796 [07380eda-3c62-4610-a005-d4af5e2d732d@group-B36D316A6573-SegmentedRaftLogWorker] INFO  segmented.SegmentedRaftLogWorker (SegmentedRaftLogWorker.java:execute(634)) - 07380eda-3c62-4610-a005-d4af5e2d732d@group-B36D316A6573-SegmentedRaftLogWorker: created new log segment /home/runner/work/ozone/ozone/hadoop-ozone/integration-test/target/test-dir/MiniOzoneClusterImpl-aff9c889-8dd2-4f79-ab57-76a0adc13766/datanode-2/data/ratis/d07cf722-1cd8-448e-b4ff-b36d316a6573/current/log_inprogress_0
2024-02-06 10:02:52,798 [07380eda-3c62-4610-a005-d4af5e2d732d@group-B36D316A6573-StateMachineUpdater] INFO  server.RaftServer$Division (LeaderStateImpl.java:isApplied(320)) - leader is ready since appliedIndex == 0 >= startIndex == 0
2024-02-06 10:02:52,971 [9b6fde4f-3239-4bc3-82bd-b2cd2f08e288@group-C5DE4906FA3B-FollowerState] INFO  impl.FollowerState (FollowerState.java:run(143)) - 9b6fde4f-3239-4bc3-82bd-b2cd2f08e288@group-C5DE4906FA3B-FollowerState: change to CANDIDATE, lastRpcElapsedTime:5032448711ns, electionTimeout:5032ms
2024-02-06 10:02:52,971 [9b6fde4f-3239-4bc3-82bd-b2cd2f08e288@group-C5DE4906FA3B-FollowerState] INFO  impl.RoleInfo (RoleInfo.java:shutdownFollowerState(110)) - 9b6fde4f-3239-4bc3-82bd-b2cd2f08e288: shutdown 9b6fde4f-3239-4bc3-82bd-b2cd2f08e288@group-C5DE4906FA3B-FollowerState
2024-02-06 10:02:52,971 [9b6fde4f-3239-4bc3-82bd-b2cd2f08e288@group-C5DE4906FA3B-FollowerState] INFO  server.RaftServer$Division (RaftServerImpl.java:setRole(383)) - 9b6fde4f-3239-4bc3-82bd-b2cd2f08e288@group-C5DE4906FA3B: changes role from  FOLLOWER to CANDIDATE at term 0 for changeToCandidate
2024-02-06 10:02:52,971 [9b6fde4f-3239-4bc3-82bd-b2cd2f08e288@group-C5DE4906FA3B-FollowerState] INFO  server.RaftServerConfigKeys (ConfUtils.java:logGet(46)) - raft.server.leaderelection.pre-vote = true (default)
2024-02-06 10:02:52,971 [9b6fde4f-3239-4bc3-82bd-b2cd2f08e288@group-C5DE4906FA3B-FollowerState] INFO  impl.RoleInfo (RoleInfo.java:updateAndGet(139)) - 9b6fde4f-3239-4bc3-82bd-b2cd2f08e288: start 9b6fde4f-3239-4bc3-82bd-b2cd2f08e288@group-C5DE4906FA3B-LeaderElection24
2024-02-06 10:02:52,973 [9b6fde4f-3239-4bc3-82bd-b2cd2f08e288@group-C5DE4906FA3B-LeaderElection24] INFO  impl.LeaderElection (LeaderElection.java:askForVotes(321)) - 9b6fde4f-3239-4bc3-82bd-b2cd2f08e288@group-C5DE4906FA3B-LeaderElection24 PRE_VOTE round 0: submit vote requests at term 0 for -1: peers:[9b6fde4f-3239-4bc3-82bd-b2cd2f08e288|10.1.0.5:15130]|listeners:[], old=null
2024-02-06 10:02:52,973 [9b6fde4f-3239-4bc3-82bd-b2cd2f08e288@group-C5DE4906FA3B-LeaderElection24] INFO  impl.LeaderElection (LeaderElection.java:askForVotes(323)) - 9b6fde4f-3239-4bc3-82bd-b2cd2f08e288@group-C5DE4906FA3B-LeaderElection24 PRE_VOTE round 0: result PASSED (term=0)
2024-02-06 10:02:52,975 [9b6fde4f-3239-4bc3-82bd-b2cd2f08e288@group-C5DE4906FA3B-LeaderElection24] INFO  impl.LeaderElection (LeaderElection.java:askForVotes(321)) - 9b6fde4f-3239-4bc3-82bd-b2cd2f08e288@group-C5DE4906FA3B-LeaderElection24 ELECTION round 0: submit vote requests at term 1 for -1: peers:[9b6fde4f-3239-4bc3-82bd-b2cd2f08e288|10.1.0.5:15130]|listeners:[], old=null
2024-02-06 10:02:52,975 [9b6fde4f-3239-4bc3-82bd-b2cd2f08e288@group-C5DE4906FA3B-LeaderElection24] INFO  impl.LeaderElection (LeaderElection.java:askForVotes(323)) - 9b6fde4f-3239-4bc3-82bd-b2cd2f08e288@group-C5DE4906FA3B-LeaderElection24 ELECTION round 0: result PASSED (term=1)
2024-02-06 10:02:52,975 [9b6fde4f-3239-4bc3-82bd-b2cd2f08e288@group-C5DE4906FA3B-LeaderElection24] INFO  impl.RoleInfo (RoleInfo.java:shutdownLeaderElection(130)) - 9b6fde4f-3239-4bc3-82bd-b2cd2f08e288: shutdown 9b6fde4f-3239-4bc3-82bd-b2cd2f08e288@group-C5DE4906FA3B-LeaderElection24
2024-02-06 10:02:52,975 [9b6fde4f-3239-4bc3-82bd-b2cd2f08e288@group-C5DE4906FA3B-LeaderElection24] INFO  server.RaftServer$Division (RaftServerImpl.java:setRole(383)) - 9b6fde4f-3239-4bc3-82bd-b2cd2f08e288@group-C5DE4906FA3B: changes role from CANDIDATE to LEADER at term 1 for changeToLeader
2024-02-06 10:02:52,975 [9b6fde4f-3239-4bc3-82bd-b2cd2f08e288@group-C5DE4906FA3B-LeaderElection24] INFO  server.RaftServerConfigKeys (ConfUtils.java:logGet(46)) - raft.server.staging.catchup.gap = 1000 (default)
2024-02-06 10:02:52,975 [9b6fde4f-3239-4bc3-82bd-b2cd2f08e288@group-C5DE4906FA3B-LeaderElection24] INFO  server.RaftServerConfigKeys (ConfUtils.java:logGet(46)) - raft.server.write.element-limit = 1024 (custom)
2024-02-06 10:02:52,975 [9b6fde4f-3239-4bc3-82bd-b2cd2f08e288@group-C5DE4906FA3B-LeaderElection24] INFO  server.RaftServerConfigKeys (ConfUtils.java:logGet(46)) - raft.server.write.byte-limit = 1024 M (=1073741824) (custom)
2024-02-06 10:02:52,975 [9b6fde4f-3239-4bc3-82bd-b2cd2f08e288@group-C5DE4906FA3B-LeaderElection24] INFO  server.RaftServerConfigKeys (ConfUtils.java:logGet(46)) - raft.server.watch.timeout = 3000ms (custom)
2024-02-06 10:02:52,976 [9b6fde4f-3239-4bc3-82bd-b2cd2f08e288@group-C5DE4906FA3B-LeaderElection24] INFO  server.RaftServerConfigKeys (ConfUtils.java:logGet(46)) - raft.server.watch.timeout.denomination = 1s (default)
2024-02-06 10:02:52,976 [9b6fde4f-3239-4bc3-82bd-b2cd2f08e288@group-C5DE4906FA3B-LeaderElection24] INFO  server.RaftServerConfigKeys (ConfUtils.java:logGet(46)) - raft.server.watch.element-limit = 65536 (default)
2024-02-06 10:02:52,976 [9b6fde4f-3239-4bc3-82bd-b2cd2f08e288@group-C5DE4906FA3B-LeaderElection24] INFO  server.RaftServerConfigKeys (ConfUtils.java:logGet(46)) - raft.server.read.leader.lease.enabled = false (default)
2024-02-06 10:02:52,976 [9b6fde4f-3239-4bc3-82bd-b2cd2f08e288@group-C5DE4906FA3B-LeaderElection24] INFO  server.RaftServerConfigKeys (ConfUtils.java:logGet(46)) - raft.server.read.leader.lease.timeout.ratio = 0.9 (default)
2024-02-06 10:02:52,976 [9b6fde4f-3239-4bc3-82bd-b2cd2f08e288@group-C5DE4906FA3B-LeaderElection24] INFO  server.RaftServerConfigKeys (ConfUtils.java:logGet(46)) - raft.server.rpc.timeout.min = 5s (custom)
2024-02-06 10:02:52,976 [9b6fde4f-3239-4bc3-82bd-b2cd2f08e288@group-C5DE4906FA3B-LeaderElection24] INFO  server.RaftServerConfigKeys (ConfUtils.java:logGet(46)) - raft.server.write.element-limit = 1024 (custom)
2024-02-06 10:02:52,976 [9b6fde4f-3239-4bc3-82bd-b2cd2f08e288@group-C5DE4906FA3B-LeaderElection24] INFO  server.RaftServerConfigKeys (ConfUtils.java:logGet(46)) - raft.server.write.follower.gap.ratio.max = -1.0 (default)
2024-02-06 10:02:52,976 [9b6fde4f-3239-4bc3-82bd-b2cd2f08e288@group-C5DE4906FA3B-LeaderElection24] INFO  impl.RoleInfo (RoleInfo.java:updateAndGet(139)) - 9b6fde4f-3239-4bc3-82bd-b2cd2f08e288: start 9b6fde4f-3239-4bc3-82bd-b2cd2f08e288@group-C5DE4906FA3B-LeaderStateImpl
2024-02-06 10:02:52,976 [9b6fde4f-3239-4bc3-82bd-b2cd2f08e288@group-C5DE4906FA3B-LeaderElection24] INFO  server.RaftServer$Division (RaftServerImpl.java:setFirstElection(574)) - 9b6fde4f-3239-4bc3-82bd-b2cd2f08e288@group-C5DE4906FA3B: set firstElectionSinceStartup to false for becomeLeader
2024-02-06 10:02:52,976 [9b6fde4f-3239-4bc3-82bd-b2cd2f08e288@group-C5DE4906FA3B-LeaderElection24] INFO  ratis.XceiverServerRatis (XceiverServerRatis.java:handleLeaderChangedNotification(966)) - Leader change notification received for group: group-C5DE4906FA3B with new leaderId: 9b6fde4f-3239-4bc3-82bd-b2cd2f08e288
2024-02-06 10:02:52,976 [9b6fde4f-3239-4bc3-82bd-b2cd2f08e288@group-C5DE4906FA3B-LeaderElection24] INFO  server.RaftServer$Division (ServerState.java:setLeader(269)) - 9b6fde4f-3239-4bc3-82bd-b2cd2f08e288@group-C5DE4906FA3B: change Leader from null to 9b6fde4f-3239-4bc3-82bd-b2cd2f08e288 at term 1 for becomeLeader, leader elected after 5070ms
2024-02-06 10:02:52,977 [9b6fde4f-3239-4bc3-82bd-b2cd2f08e288@group-C5DE4906FA3B-LeaderElection24] INFO  segmented.SegmentedRaftLogWorker (SegmentedRaftLogWorker.java:startLogSegment(430)) - 9b6fde4f-3239-4bc3-82bd-b2cd2f08e288@group-C5DE4906FA3B-SegmentedRaftLogWorker: Starting segment from index:0
2024-02-06 10:02:52,978 [9b6fde4f-3239-4bc3-82bd-b2cd2f08e288@group-C5DE4906FA3B-LeaderElection24] INFO  server.RaftServer$Division (ServerState.java:setRaftConf(386)) - 9b6fde4f-3239-4bc3-82bd-b2cd2f08e288@group-C5DE4906FA3B: set configuration 0: peers:[9b6fde4f-3239-4bc3-82bd-b2cd2f08e288|10.1.0.5:15130]|listeners:[], old=null
2024-02-06 10:02:52,978 [9b6fde4f-3239-4bc3-82bd-b2cd2f08e288@group-C5DE4906FA3B-SegmentedRaftLogWorker] INFO  segmented.BufferedWriteChannel (BufferedWriteChannel.java:open(62)) - open log_inprogress_0 at position 0
2024-02-06 10:02:52,985 [9b6fde4f-3239-4bc3-82bd-b2cd2f08e288@group-C5DE4906FA3B-SegmentedRaftLogWorker] INFO  segmented.SegmentedRaftLogWorker (SegmentedRaftLogWorker.java:execute(634)) - 9b6fde4f-3239-4bc3-82bd-b2cd2f08e288@group-C5DE4906FA3B-SegmentedRaftLogWorker: created new log segment /home/runner/work/ozone/ozone/hadoop-ozone/integration-test/target/test-dir/MiniOzoneClusterImpl-aff9c889-8dd2-4f79-ab57-76a0adc13766/datanode-3/data/ratis/6ca7dc08-a56d-4cf3-9800-c5de4906fa3b/current/log_inprogress_0
2024-02-06 10:02:52,987 [fc33255d-a8b6-4933-b6d6-be3a7bd24e4a@group-3D52B063064B-FollowerState] INFO  impl.FollowerState (FollowerState.java:run(143)) - fc33255d-a8b6-4933-b6d6-be3a7bd24e4a@group-3D52B063064B-FollowerState: change to CANDIDATE, lastRpcElapsedTime:5008526774ns, electionTimeout:5007ms
2024-02-06 10:02:52,987 [9b6fde4f-3239-4bc3-82bd-b2cd2f08e288@group-C5DE4906FA3B-StateMachineUpdater] INFO  server.RaftServer$Division (LeaderStateImpl.java:isApplied(320)) - leader is ready since appliedIndex == 0 >= startIndex == 0
2024-02-06 10:02:52,987 [fc33255d-a8b6-4933-b6d6-be3a7bd24e4a@group-3D52B063064B-FollowerState] INFO  impl.RoleInfo (RoleInfo.java:shutdownFollowerState(110)) - fc33255d-a8b6-4933-b6d6-be3a7bd24e4a: shutdown fc33255d-a8b6-4933-b6d6-be3a7bd24e4a@group-3D52B063064B-FollowerState
2024-02-06 10:02:52,987 [fc33255d-a8b6-4933-b6d6-be3a7bd24e4a@group-3D52B063064B-FollowerState] INFO  server.RaftServer$Division (RaftServerImpl.java:setRole(383)) - fc33255d-a8b6-4933-b6d6-be3a7bd24e4a@group-3D52B063064B: changes role from  FOLLOWER to CANDIDATE at term 0 for changeToCandidate
2024-02-06 10:02:52,987 [fc33255d-a8b6-4933-b6d6-be3a7bd24e4a@group-3D52B063064B-FollowerState] INFO  server.RaftServerConfigKeys (ConfUtils.java:logGet(46)) - raft.server.leaderelection.pre-vote = true (default)
2024-02-06 10:02:52,987 [fc33255d-a8b6-4933-b6d6-be3a7bd24e4a@group-3D52B063064B-FollowerState] INFO  impl.RoleInfo (RoleInfo.java:updateAndGet(139)) - fc33255d-a8b6-4933-b6d6-be3a7bd24e4a: start fc33255d-a8b6-4933-b6d6-be3a7bd24e4a@group-3D52B063064B-LeaderElection25
2024-02-06 10:02:52,989 [fc33255d-a8b6-4933-b6d6-be3a7bd24e4a@group-3D52B063064B-LeaderElection25] INFO  impl.LeaderElection (LeaderElection.java:askForVotes(321)) - fc33255d-a8b6-4933-b6d6-be3a7bd24e4a@group-3D52B063064B-LeaderElection25 PRE_VOTE round 0: submit vote requests at term 0 for -1: peers:[4a798287-2ddb-4f45-a758-72f424bfa3c7|10.1.0.5:15148, fc33255d-a8b6-4933-b6d6-be3a7bd24e4a|10.1.0.5:15139, 9b6fde4f-3239-4bc3-82bd-b2cd2f08e288|10.1.0.5:15130]|listeners:[], old=null
2024-02-06 10:02:52,990 [fc33255d-a8b6-4933-b6d6-be3a7bd24e4a@group-3D52B063064B-LeaderElection25-1] INFO  server.GrpcServerProtocolClient (GrpcServerProtocolClient.java:<init>(65)) - Build channel for 4a798287-2ddb-4f45-a758-72f424bfa3c7|10.1.0.5:15148
2024-02-06 10:02:52,990 [fc33255d-a8b6-4933-b6d6-be3a7bd24e4a@group-3D52B063064B-LeaderElection25] INFO  server.RaftServerConfigKeys (ConfUtils.java:logFallback(53)) - raft.server.rpc.first-election.timeout.min = 5s (fallback to raft.server.rpc.timeout.min)
2024-02-06 10:02:52,990 [fc33255d-a8b6-4933-b6d6-be3a7bd24e4a@group-3D52B063064B-LeaderElection25-2] INFO  server.GrpcServerProtocolClient (GrpcServerProtocolClient.java:<init>(65)) - Build channel for 9b6fde4f-3239-4bc3-82bd-b2cd2f08e288|10.1.0.5:15130
2024-02-06 10:02:52,990 [fc33255d-a8b6-4933-b6d6-be3a7bd24e4a@group-3D52B063064B-LeaderElection25] INFO  server.RaftServerConfigKeys (ConfUtils.java:logFallback(53)) - raft.server.rpc.first-election.timeout.max = 5200ms (fallback to raft.server.rpc.timeout.max)
2024-02-06 10:02:52,995 [grpc-default-executor-3] INFO  server.RaftServer$Division (RaftServerImpl.java:requestVote(1389)) - 4a798287-2ddb-4f45-a758-72f424bfa3c7@group-3D52B063064B: receive requestVote(PRE_VOTE, fc33255d-a8b6-4933-b6d6-be3a7bd24e4a, group-3D52B063064B, 0, (t:0, i:0))
2024-02-06 10:02:52,996 [grpc-default-executor-3] INFO  impl.VoteContext (VoteContext.java:log(49)) - 4a798287-2ddb-4f45-a758-72f424bfa3c7@group-3D52B063064B-FOLLOWER: reject PRE_VOTE from fc33255d-a8b6-4933-b6d6-be3a7bd24e4a: our priority 1 > candidate's priority 0
2024-02-06 10:02:52,996 [grpc-default-executor-3] INFO  server.RaftServer$Division (RaftServerImpl.java:requestVote(1422)) - 4a798287-2ddb-4f45-a758-72f424bfa3c7@group-3D52B063064B replies to PRE_VOTE vote request: fc33255d-a8b6-4933-b6d6-be3a7bd24e4a<-4a798287-2ddb-4f45-a758-72f424bfa3c7#0:FAIL-t0. Peer's state: 4a798287-2ddb-4f45-a758-72f424bfa3c7@group-3D52B063064B:t0, leader=null, voted=, raftlog=Memoized:4a798287-2ddb-4f45-a758-72f424bfa3c7@group-3D52B063064B-SegmentedRaftLog:OPENED:c-1, conf=-1: peers:[4a798287-2ddb-4f45-a758-72f424bfa3c7|10.1.0.5:15148, fc33255d-a8b6-4933-b6d6-be3a7bd24e4a|10.1.0.5:15139, 9b6fde4f-3239-4bc3-82bd-b2cd2f08e288|10.1.0.5:15130]|listeners:[], old=null
2024-02-06 10:02:52,995 [grpc-default-executor-2] INFO  server.RaftServer$Division (RaftServerImpl.java:requestVote(1389)) - 9b6fde4f-3239-4bc3-82bd-b2cd2f08e288@group-3D52B063064B: receive requestVote(PRE_VOTE, fc33255d-a8b6-4933-b6d6-be3a7bd24e4a, group-3D52B063064B, 0, (t:0, i:0))
2024-02-06 10:02:52,996 [grpc-default-executor-2] INFO  impl.VoteContext (VoteContext.java:log(49)) - 9b6fde4f-3239-4bc3-82bd-b2cd2f08e288@group-3D52B063064B-FOLLOWER: accept PRE_VOTE from fc33255d-a8b6-4933-b6d6-be3a7bd24e4a: our priority 0 <= candidate's priority 0
2024-02-06 10:02:52,997 [grpc-default-executor-2] INFO  server.RaftServer$Division (RaftServerImpl.java:requestVote(1422)) - 9b6fde4f-3239-4bc3-82bd-b2cd2f08e288@group-3D52B063064B replies to PRE_VOTE vote request: fc33255d-a8b6-4933-b6d6-be3a7bd24e4a<-9b6fde4f-3239-4bc3-82bd-b2cd2f08e288#0:OK-t0. Peer's state: 9b6fde4f-3239-4bc3-82bd-b2cd2f08e288@group-3D52B063064B:t0, leader=null, voted=, raftlog=Memoized:9b6fde4f-3239-4bc3-82bd-b2cd2f08e288@group-3D52B063064B-SegmentedRaftLog:OPENED:c-1, conf=-1: peers:[4a798287-2ddb-4f45-a758-72f424bfa3c7|10.1.0.5:15148, fc33255d-a8b6-4933-b6d6-be3a7bd24e4a|10.1.0.5:15139, 9b6fde4f-3239-4bc3-82bd-b2cd2f08e288|10.1.0.5:15130]|listeners:[], old=null
2024-02-06 10:02:52,999 [fc33255d-a8b6-4933-b6d6-be3a7bd24e4a@group-3D52B063064B-LeaderElection25] INFO  impl.LeaderElection (LeaderElection.java:logAndReturn(89)) - fc33255d-a8b6-4933-b6d6-be3a7bd24e4a@group-3D52B063064B-LeaderElection25: PRE_VOTE REJECTED received 2 response(s) and 0 exception(s):
2024-02-06 10:02:52,999 [fc33255d-a8b6-4933-b6d6-be3a7bd24e4a@group-3D52B063064B-LeaderElection25] INFO  impl.LeaderElection (LeaderElection.java:logAndReturn(93)) -   Response 0: fc33255d-a8b6-4933-b6d6-be3a7bd24e4a<-4a798287-2ddb-4f45-a758-72f424bfa3c7#0:FAIL-t0
2024-02-06 10:02:52,999 [fc33255d-a8b6-4933-b6d6-be3a7bd24e4a@group-3D52B063064B-LeaderElection25] INFO  impl.LeaderElection (LeaderElection.java:logAndReturn(93)) -   Response 1: fc33255d-a8b6-4933-b6d6-be3a7bd24e4a<-9b6fde4f-3239-4bc3-82bd-b2cd2f08e288#0:OK-t0
2024-02-06 10:02:52,999 [fc33255d-a8b6-4933-b6d6-be3a7bd24e4a@group-3D52B063064B-LeaderElection25] INFO  impl.LeaderElection (LeaderElection.java:askForVotes(323)) - fc33255d-a8b6-4933-b6d6-be3a7bd24e4a@group-3D52B063064B-LeaderElection25 PRE_VOTE round 0: result REJECTED
2024-02-06 10:02:52,999 [fc33255d-a8b6-4933-b6d6-be3a7bd24e4a@group-3D52B063064B-LeaderElection25] INFO  server.RaftServer$Division (RaftServerImpl.java:setRole(383)) - fc33255d-a8b6-4933-b6d6-be3a7bd24e4a@group-3D52B063064B: changes role from CANDIDATE to FOLLOWER at term 0 for REJECTED
2024-02-06 10:02:52,999 [fc33255d-a8b6-4933-b6d6-be3a7bd24e4a@group-3D52B063064B-LeaderElection25] INFO  impl.RoleInfo (RoleInfo.java:shutdownLeaderElection(130)) - fc33255d-a8b6-4933-b6d6-be3a7bd24e4a: shutdown fc33255d-a8b6-4933-b6d6-be3a7bd24e4a@group-3D52B063064B-LeaderElection25
2024-02-06 10:02:52,999 [fc33255d-a8b6-4933-b6d6-be3a7bd24e4a@group-3D52B063064B-LeaderElection25] INFO  impl.RoleInfo (RoleInfo.java:updateAndGet(139)) - fc33255d-a8b6-4933-b6d6-be3a7bd24e4a: start fc33255d-a8b6-4933-b6d6-be3a7bd24e4a@group-3D52B063064B-FollowerState
2024-02-06 10:02:52,999 [fc33255d-a8b6-4933-b6d6-be3a7bd24e4a@group-3D52B063064B-LeaderElection25] INFO  server.RaftServer$Division (RaftServerImpl.java:setFirstElection(574)) - fc33255d-a8b6-4933-b6d6-be3a7bd24e4a@group-3D52B063064B: set firstElectionSinceStartup to false for REJECTED
2024-02-06 10:02:53,091 [9b6fde4f-3239-4bc3-82bd-b2cd2f08e288@group-3D52B063064B-FollowerState] INFO  server.RaftServerConfigKeys (ConfUtils.java:logFallback(53)) - raft.server.rpc.first-election.timeout.min = 5s (fallback to raft.server.rpc.timeout.min)
2024-02-06 10:02:53,091 [9b6fde4f-3239-4bc3-82bd-b2cd2f08e288@group-3D52B063064B-FollowerState] INFO  server.RaftServerConfigKeys (ConfUtils.java:logFallback(53)) - raft.server.rpc.first-election.timeout.max = 5200ms (fallback to raft.server.rpc.timeout.max)
2024-02-06 10:02:53,123 [fc33255d-a8b6-4933-b6d6-be3a7bd24e4a@group-6757DE20DA43-FollowerState] INFO  impl.FollowerState (FollowerState.java:run(143)) - fc33255d-a8b6-4933-b6d6-be3a7bd24e4a@group-6757DE20DA43-FollowerState: change to CANDIDATE, lastRpcElapsedTime:5087902374ns, electionTimeout:5086ms
2024-02-06 10:02:53,123 [fc33255d-a8b6-4933-b6d6-be3a7bd24e4a@group-6757DE20DA43-FollowerState] INFO  impl.RoleInfo (RoleInfo.java:shutdownFollowerState(110)) - fc33255d-a8b6-4933-b6d6-be3a7bd24e4a: shutdown fc33255d-a8b6-4933-b6d6-be3a7bd24e4a@group-6757DE20DA43-FollowerState
2024-02-06 10:02:53,123 [fc33255d-a8b6-4933-b6d6-be3a7bd24e4a@group-6757DE20DA43-FollowerState] INFO  server.RaftServer$Division (RaftServerImpl.java:setRole(383)) - fc33255d-a8b6-4933-b6d6-be3a7bd24e4a@group-6757DE20DA43: changes role from  FOLLOWER to CANDIDATE at term 0 for changeToCandidate
2024-02-06 10:02:53,123 [fc33255d-a8b6-4933-b6d6-be3a7bd24e4a@group-6757DE20DA43-FollowerState] INFO  server.RaftServerConfigKeys (ConfUtils.java:logGet(46)) - raft.server.leaderelection.pre-vote = true (default)
2024-02-06 10:02:53,123 [fc33255d-a8b6-4933-b6d6-be3a7bd24e4a@group-6757DE20DA43-FollowerState] INFO  impl.RoleInfo (RoleInfo.java:updateAndGet(139)) - fc33255d-a8b6-4933-b6d6-be3a7bd24e4a: start fc33255d-a8b6-4933-b6d6-be3a7bd24e4a@group-6757DE20DA43-LeaderElection26
2024-02-06 10:02:53,125 [fc33255d-a8b6-4933-b6d6-be3a7bd24e4a@group-6757DE20DA43-LeaderElection26] INFO  impl.LeaderElection (LeaderElection.java:askForVotes(321)) - fc33255d-a8b6-4933-b6d6-be3a7bd24e4a@group-6757DE20DA43-LeaderElection26 PRE_VOTE round 0: submit vote requests at term 0 for -1: peers:[fc33255d-a8b6-4933-b6d6-be3a7bd24e4a|10.1.0.5:15139]|listeners:[], old=null
2024-02-06 10:02:53,125 [fc33255d-a8b6-4933-b6d6-be3a7bd24e4a@group-6757DE20DA43-LeaderElection26] INFO  impl.LeaderElection (LeaderElection.java:askForVotes(323)) - fc33255d-a8b6-4933-b6d6-be3a7bd24e4a@group-6757DE20DA43-LeaderElection26 PRE_VOTE round 0: result PASSED (term=0)
2024-02-06 10:02:53,127 [fc33255d-a8b6-4933-b6d6-be3a7bd24e4a@group-6757DE20DA43-LeaderElection26] INFO  impl.LeaderElection (LeaderElection.java:askForVotes(321)) - fc33255d-a8b6-4933-b6d6-be3a7bd24e4a@group-6757DE20DA43-LeaderElection26 ELECTION round 0: submit vote requests at term 1 for -1: peers:[fc33255d-a8b6-4933-b6d6-be3a7bd24e4a|10.1.0.5:15139]|listeners:[], old=null
2024-02-06 10:02:53,127 [fc33255d-a8b6-4933-b6d6-be3a7bd24e4a@group-6757DE20DA43-LeaderElection26] INFO  impl.LeaderElection (LeaderElection.java:askForVotes(323)) - fc33255d-a8b6-4933-b6d6-be3a7bd24e4a@group-6757DE20DA43-LeaderElection26 ELECTION round 0: result PASSED (term=1)
2024-02-06 10:02:53,127 [fc33255d-a8b6-4933-b6d6-be3a7bd24e4a@group-6757DE20DA43-LeaderElection26] INFO  impl.RoleInfo (RoleInfo.java:shutdownLeaderElection(130)) - fc33255d-a8b6-4933-b6d6-be3a7bd24e4a: shutdown fc33255d-a8b6-4933-b6d6-be3a7bd24e4a@group-6757DE20DA43-LeaderElection26
2024-02-06 10:02:53,127 [fc33255d-a8b6-4933-b6d6-be3a7bd24e4a@group-6757DE20DA43-LeaderElection26] INFO  server.RaftServer$Division (RaftServerImpl.java:setRole(383)) - fc33255d-a8b6-4933-b6d6-be3a7bd24e4a@group-6757DE20DA43: changes role from CANDIDATE to LEADER at term 1 for changeToLeader
2024-02-06 10:02:53,127 [fc33255d-a8b6-4933-b6d6-be3a7bd24e4a@group-6757DE20DA43-LeaderElection26] INFO  server.RaftServerConfigKeys (ConfUtils.java:logGet(46)) - raft.server.staging.catchup.gap = 1000 (default)
2024-02-06 10:02:53,127 [fc33255d-a8b6-4933-b6d6-be3a7bd24e4a@group-6757DE20DA43-LeaderElection26] INFO  server.RaftServerConfigKeys (ConfUtils.java:logGet(46)) - raft.server.write.element-limit = 1024 (custom)
2024-02-06 10:02:53,127 [fc33255d-a8b6-4933-b6d6-be3a7bd24e4a@group-6757DE20DA43-LeaderElection26] INFO  server.RaftServerConfigKeys (ConfUtils.java:logGet(46)) - raft.server.write.byte-limit = 1024 M (=1073741824) (custom)
2024-02-06 10:02:53,127 [fc33255d-a8b6-4933-b6d6-be3a7bd24e4a@group-6757DE20DA43-LeaderElection26] INFO  server.RaftServerConfigKeys (ConfUtils.java:logGet(46)) - raft.server.watch.timeout = 3000ms (custom)
2024-02-06 10:02:53,127 [fc33255d-a8b6-4933-b6d6-be3a7bd24e4a@group-6757DE20DA43-LeaderElection26] INFO  server.RaftServerConfigKeys (ConfUtils.java:logGet(46)) - raft.server.watch.timeout.denomination = 1s (default)
2024-02-06 10:02:53,127 [fc33255d-a8b6-4933-b6d6-be3a7bd24e4a@group-6757DE20DA43-LeaderElection26] INFO  server.RaftServerConfigKeys (ConfUtils.java:logGet(46)) - raft.server.watch.element-limit = 65536 (default)
2024-02-06 10:02:53,128 [fc33255d-a8b6-4933-b6d6-be3a7bd24e4a@group-6757DE20DA43-LeaderElection26] INFO  server.RaftServerConfigKeys (ConfUtils.java:logGet(46)) - raft.server.read.leader.lease.enabled = false (default)
2024-02-06 10:02:53,128 [fc33255d-a8b6-4933-b6d6-be3a7bd24e4a@group-6757DE20DA43-LeaderElection26] INFO  server.RaftServerConfigKeys (ConfUtils.java:logGet(46)) - raft.server.read.leader.lease.timeout.ratio = 0.9 (default)
2024-02-06 10:02:53,128 [fc33255d-a8b6-4933-b6d6-be3a7bd24e4a@group-6757DE20DA43-LeaderElection26] INFO  server.RaftServerConfigKeys (ConfUtils.java:logGet(46)) - raft.server.rpc.timeout.min = 5s (custom)
2024-02-06 10:02:53,128 [fc33255d-a8b6-4933-b6d6-be3a7bd24e4a@group-6757DE20DA43-LeaderElection26] INFO  server.RaftServerConfigKeys (ConfUtils.java:logGet(46)) - raft.server.write.element-limit = 1024 (custom)
2024-02-06 10:02:53,128 [fc33255d-a8b6-4933-b6d6-be3a7bd24e4a@group-6757DE20DA43-LeaderElection26] INFO  server.RaftServerConfigKeys (ConfUtils.java:logGet(46)) - raft.server.write.follower.gap.ratio.max = -1.0 (default)
2024-02-06 10:02:53,128 [fc33255d-a8b6-4933-b6d6-be3a7bd24e4a@group-6757DE20DA43-LeaderElection26] INFO  impl.RoleInfo (RoleInfo.java:updateAndGet(139)) - fc33255d-a8b6-4933-b6d6-be3a7bd24e4a: start fc33255d-a8b6-4933-b6d6-be3a7bd24e4a@group-6757DE20DA43-LeaderStateImpl
2024-02-06 10:02:53,128 [fc33255d-a8b6-4933-b6d6-be3a7bd24e4a@group-6757DE20DA43-LeaderElection26] INFO  server.RaftServer$Division (RaftServerImpl.java:setFirstElection(574)) - fc33255d-a8b6-4933-b6d6-be3a7bd24e4a@group-6757DE20DA43: set firstElectionSinceStartup to false for becomeLeader
2024-02-06 10:02:53,128 [fc33255d-a8b6-4933-b6d6-be3a7bd24e4a@group-6757DE20DA43-LeaderElection26] INFO  ratis.XceiverServerRatis (XceiverServerRatis.java:handleLeaderChangedNotification(966)) - Leader change notification received for group: group-6757DE20DA43 with new leaderId: fc33255d-a8b6-4933-b6d6-be3a7bd24e4a
2024-02-06 10:02:53,128 [fc33255d-a8b6-4933-b6d6-be3a7bd24e4a@group-6757DE20DA43-LeaderElection26] INFO  server.RaftServer$Division (ServerState.java:setLeader(269)) - fc33255d-a8b6-4933-b6d6-be3a7bd24e4a@group-6757DE20DA43: change Leader from null to fc33255d-a8b6-4933-b6d6-be3a7bd24e4a at term 1 for becomeLeader, leader elected after 5114ms
2024-02-06 10:02:53,128 [fc33255d-a8b6-4933-b6d6-be3a7bd24e4a@group-6757DE20DA43-LeaderElection26] INFO  segmented.SegmentedRaftLogWorker (SegmentedRaftLogWorker.java:startLogSegment(430)) - fc33255d-a8b6-4933-b6d6-be3a7bd24e4a@group-6757DE20DA43-SegmentedRaftLogWorker: Starting segment from index:0
2024-02-06 10:02:53,129 [fc33255d-a8b6-4933-b6d6-be3a7bd24e4a@group-6757DE20DA43-LeaderElection26] INFO  server.RaftServer$Division (ServerState.java:setRaftConf(386)) - fc33255d-a8b6-4933-b6d6-be3a7bd24e4a@group-6757DE20DA43: set configuration 0: peers:[fc33255d-a8b6-4933-b6d6-be3a7bd24e4a|10.1.0.5:15139]|listeners:[], old=null
2024-02-06 10:02:53,130 [fc33255d-a8b6-4933-b6d6-be3a7bd24e4a@group-6757DE20DA43-SegmentedRaftLogWorker] INFO  segmented.BufferedWriteChannel (BufferedWriteChannel.java:open(62)) - open log_inprogress_0 at position 0
2024-02-06 10:02:53,137 [4a798287-2ddb-4f45-a758-72f424bfa3c7@group-3D52B063064B-FollowerState] INFO  impl.FollowerState (FollowerState.java:run(143)) - 4a798287-2ddb-4f45-a758-72f424bfa3c7@group-3D52B063064B-FollowerState: change to CANDIDATE, lastRpcElapsedTime:5108427088ns, electionTimeout:5107ms
2024-02-06 10:02:53,137 [4a798287-2ddb-4f45-a758-72f424bfa3c7@group-3D52B063064B-FollowerState] INFO  impl.RoleInfo (RoleInfo.java:shutdownFollowerState(110)) - 4a798287-2ddb-4f45-a758-72f424bfa3c7: shutdown 4a798287-2ddb-4f45-a758-72f424bfa3c7@group-3D52B063064B-FollowerState
2024-02-06 10:02:53,137 [4a798287-2ddb-4f45-a758-72f424bfa3c7@group-3D52B063064B-FollowerState] INFO  server.RaftServer$Division (RaftServerImpl.java:setRole(383)) - 4a798287-2ddb-4f45-a758-72f424bfa3c7@group-3D52B063064B: changes role from  FOLLOWER to CANDIDATE at term 0 for changeToCandidate
2024-02-06 10:02:53,137 [4a798287-2ddb-4f45-a758-72f424bfa3c7@group-3D52B063064B-FollowerState] INFO  server.RaftServerConfigKeys (ConfUtils.java:logGet(46)) - raft.server.leaderelection.pre-vote = true (default)
2024-02-06 10:02:53,137 [4a798287-2ddb-4f45-a758-72f424bfa3c7@group-3D52B063064B-FollowerState] INFO  impl.RoleInfo (RoleInfo.java:updateAndGet(139)) - 4a798287-2ddb-4f45-a758-72f424bfa3c7: start 4a798287-2ddb-4f45-a758-72f424bfa3c7@group-3D52B063064B-LeaderElection27
2024-02-06 10:02:53,137 [fc33255d-a8b6-4933-b6d6-be3a7bd24e4a@group-6757DE20DA43-SegmentedRaftLogWorker] INFO  segmented.SegmentedRaftLogWorker (SegmentedRaftLogWorker.java:execute(634)) - fc33255d-a8b6-4933-b6d6-be3a7bd24e4a@group-6757DE20DA43-SegmentedRaftLogWorker: created new log segment /home/runner/work/ozone/ozone/hadoop-ozone/integration-test/target/test-dir/MiniOzoneClusterImpl-aff9c889-8dd2-4f79-ab57-76a0adc13766/datanode-4/data/ratis/ea634636-74e7-4574-b392-6757de20da43/current/log_inprogress_0
2024-02-06 10:02:53,137 [4a798287-2ddb-4f45-a758-72f424bfa3c7@group-3D52B063064B-LeaderElection27] INFO  impl.LeaderElection (LeaderElection.java:askForVotes(321)) - 4a798287-2ddb-4f45-a758-72f424bfa3c7@group-3D52B063064B-LeaderElection27 PRE_VOTE round 0: submit vote requests at term 0 for -1: peers:[4a798287-2ddb-4f45-a758-72f424bfa3c7|10.1.0.5:15148, fc33255d-a8b6-4933-b6d6-be3a7bd24e4a|10.1.0.5:15139, 9b6fde4f-3239-4bc3-82bd-b2cd2f08e288|10.1.0.5:15130]|listeners:[], old=null
2024-02-06 10:02:53,138 [4a798287-2ddb-4f45-a758-72f424bfa3c7@group-3D52B063064B-LeaderElection27-1] INFO  server.GrpcServerProtocolClient (GrpcServerProtocolClient.java:<init>(65)) - Build channel for fc33255d-a8b6-4933-b6d6-be3a7bd24e4a|10.1.0.5:15139
2024-02-06 10:02:53,138 [4a798287-2ddb-4f45-a758-72f424bfa3c7@group-3D52B063064B-LeaderElection27] INFO  server.RaftServerConfigKeys (ConfUtils.java:logFallback(53)) - raft.server.rpc.first-election.timeout.min = 5s (fallback to raft.server.rpc.timeout.min)
2024-02-06 10:02:53,138 [4a798287-2ddb-4f45-a758-72f424bfa3c7@group-3D52B063064B-LeaderElection27-2] INFO  server.GrpcServerProtocolClient (GrpcServerProtocolClient.java:<init>(65)) - Build channel for 9b6fde4f-3239-4bc3-82bd-b2cd2f08e288|10.1.0.5:15130
2024-02-06 10:02:53,138 [4a798287-2ddb-4f45-a758-72f424bfa3c7@group-3D52B063064B-LeaderElection27] INFO  server.RaftServerConfigKeys (ConfUtils.java:logFallback(53)) - raft.server.rpc.first-election.timeout.max = 5200ms (fallback to raft.server.rpc.timeout.max)
2024-02-06 10:02:53,139 [fc33255d-a8b6-4933-b6d6-be3a7bd24e4a@group-6757DE20DA43-StateMachineUpdater] INFO  server.RaftServer$Division (LeaderStateImpl.java:isApplied(320)) - leader is ready since appliedIndex == 0 >= startIndex == 0
2024-02-06 10:02:53,144 [grpc-default-executor-3] INFO  server.RaftServer$Division (RaftServerImpl.java:requestVote(1389)) - 9b6fde4f-3239-4bc3-82bd-b2cd2f08e288@group-3D52B063064B: receive requestVote(PRE_VOTE, 4a798287-2ddb-4f45-a758-72f424bfa3c7, group-3D52B063064B, 0, (t:0, i:0))
2024-02-06 10:02:53,144 [grpc-default-executor-3] INFO  impl.VoteContext (VoteContext.java:log(49)) - 9b6fde4f-3239-4bc3-82bd-b2cd2f08e288@group-3D52B063064B-FOLLOWER: accept PRE_VOTE from 4a798287-2ddb-4f45-a758-72f424bfa3c7: our priority 0 <= candidate's priority 1
2024-02-06 10:02:53,144 [grpc-default-executor-3] INFO  server.RaftServer$Division (RaftServerImpl.java:requestVote(1422)) - 9b6fde4f-3239-4bc3-82bd-b2cd2f08e288@group-3D52B063064B replies to PRE_VOTE vote request: 4a798287-2ddb-4f45-a758-72f424bfa3c7<-9b6fde4f-3239-4bc3-82bd-b2cd2f08e288#0:OK-t0. Peer's state: 9b6fde4f-3239-4bc3-82bd-b2cd2f08e288@group-3D52B063064B:t0, leader=null, voted=, raftlog=Memoized:9b6fde4f-3239-4bc3-82bd-b2cd2f08e288@group-3D52B063064B-SegmentedRaftLog:OPENED:c-1, conf=-1: peers:[4a798287-2ddb-4f45-a758-72f424bfa3c7|10.1.0.5:15148, fc33255d-a8b6-4933-b6d6-be3a7bd24e4a|10.1.0.5:15139, 9b6fde4f-3239-4bc3-82bd-b2cd2f08e288|10.1.0.5:15130]|listeners:[], old=null
2024-02-06 10:02:53,144 [grpc-default-executor-2] INFO  server.RaftServer$Division (RaftServerImpl.java:requestVote(1389)) - fc33255d-a8b6-4933-b6d6-be3a7bd24e4a@group-3D52B063064B: receive requestVote(PRE_VOTE, 4a798287-2ddb-4f45-a758-72f424bfa3c7, group-3D52B063064B, 0, (t:0, i:0))
2024-02-06 10:02:53,145 [grpc-default-executor-2] INFO  impl.VoteContext (VoteContext.java:log(49)) - fc33255d-a8b6-4933-b6d6-be3a7bd24e4a@group-3D52B063064B-FOLLOWER: accept PRE_VOTE from 4a798287-2ddb-4f45-a758-72f424bfa3c7: our priority 0 <= candidate's priority 1
2024-02-06 10:02:53,145 [grpc-default-executor-2] INFO  server.RaftServer$Division (RaftServerImpl.java:requestVote(1422)) - fc33255d-a8b6-4933-b6d6-be3a7bd24e4a@group-3D52B063064B replies to PRE_VOTE vote request: 4a798287-2ddb-4f45-a758-72f424bfa3c7<-fc33255d-a8b6-4933-b6d6-be3a7bd24e4a#0:OK-t0. Peer's state: fc33255d-a8b6-4933-b6d6-be3a7bd24e4a@group-3D52B063064B:t0, leader=null, voted=, raftlog=Memoized:fc33255d-a8b6-4933-b6d6-be3a7bd24e4a@group-3D52B063064B-SegmentedRaftLog:OPENED:c-1, conf=-1: peers:[4a798287-2ddb-4f45-a758-72f424bfa3c7|10.1.0.5:15148, fc33255d-a8b6-4933-b6d6-be3a7bd24e4a|10.1.0.5:15139, 9b6fde4f-3239-4bc3-82bd-b2cd2f08e288|10.1.0.5:15130]|listeners:[], old=null
2024-02-06 10:02:53,147 [4a798287-2ddb-4f45-a758-72f424bfa3c7@group-3D52B063064B-LeaderElection27] INFO  impl.LeaderElection (LeaderElection.java:logAndReturn(89)) - 4a798287-2ddb-4f45-a758-72f424bfa3c7@group-3D52B063064B-LeaderElection27: PRE_VOTE PASSED received 1 response(s) and 0 exception(s):
2024-02-06 10:02:53,147 [4a798287-2ddb-4f45-a758-72f424bfa3c7@group-3D52B063064B-LeaderElection27] INFO  impl.LeaderElection (LeaderElection.java:logAndReturn(93)) -   Response 0: 4a798287-2ddb-4f45-a758-72f424bfa3c7<-9b6fde4f-3239-4bc3-82bd-b2cd2f08e288#0:OK-t0
2024-02-06 10:02:53,147 [4a798287-2ddb-4f45-a758-72f424bfa3c7@group-3D52B063064B-LeaderElection27] INFO  impl.LeaderElection (LeaderElection.java:askForVotes(323)) - 4a798287-2ddb-4f45-a758-72f424bfa3c7@group-3D52B063064B-LeaderElection27 PRE_VOTE round 0: result PASSED
2024-02-06 10:02:53,148 [4a798287-2ddb-4f45-a758-72f424bfa3c7@group-3D52B063064B-LeaderElection27] INFO  impl.LeaderElection (LeaderElection.java:askForVotes(321)) - 4a798287-2ddb-4f45-a758-72f424bfa3c7@group-3D52B063064B-LeaderElection27 ELECTION round 0: submit vote requests at term 1 for -1: peers:[4a798287-2ddb-4f45-a758-72f424bfa3c7|10.1.0.5:15148, fc33255d-a8b6-4933-b6d6-be3a7bd24e4a|10.1.0.5:15139, 9b6fde4f-3239-4bc3-82bd-b2cd2f08e288|10.1.0.5:15130]|listeners:[], old=null
2024-02-06 10:02:53,149 [4a798287-2ddb-4f45-a758-72f424bfa3c7@group-3D52B063064B-LeaderElection27] INFO  server.RaftServerConfigKeys (ConfUtils.java:logFallback(53)) - raft.server.rpc.first-election.timeout.min = 5s (fallback to raft.server.rpc.timeout.min)
2024-02-06 10:02:53,149 [4a798287-2ddb-4f45-a758-72f424bfa3c7@group-3D52B063064B-LeaderElection27] INFO  server.RaftServerConfigKeys (ConfUtils.java:logFallback(53)) - raft.server.rpc.first-election.timeout.max = 5200ms (fallback to raft.server.rpc.timeout.max)
2024-02-06 10:02:53,150 [grpc-default-executor-3] INFO  server.RaftServer$Division (RaftServerImpl.java:requestVote(1389)) - 9b6fde4f-3239-4bc3-82bd-b2cd2f08e288@group-3D52B063064B: receive requestVote(ELECTION, 4a798287-2ddb-4f45-a758-72f424bfa3c7, group-3D52B063064B, 1, (t:0, i:0))
2024-02-06 10:02:53,150 [grpc-default-executor-3] INFO  impl.VoteContext (VoteContext.java:log(49)) - 9b6fde4f-3239-4bc3-82bd-b2cd2f08e288@group-3D52B063064B-FOLLOWER: accept ELECTION from 4a798287-2ddb-4f45-a758-72f424bfa3c7: our priority 0 <= candidate's priority 1
2024-02-06 10:02:53,150 [grpc-default-executor-3] INFO  server.RaftServer$Division (RaftServerImpl.java:setRole(383)) - 9b6fde4f-3239-4bc3-82bd-b2cd2f08e288@group-3D52B063064B: changes role from  FOLLOWER to FOLLOWER at term 1 for candidate:4a798287-2ddb-4f45-a758-72f424bfa3c7
2024-02-06 10:02:53,150 [grpc-default-executor-3] INFO  impl.RoleInfo (RoleInfo.java:shutdownFollowerState(110)) - 9b6fde4f-3239-4bc3-82bd-b2cd2f08e288: shutdown 9b6fde4f-3239-4bc3-82bd-b2cd2f08e288@group-3D52B063064B-FollowerState
2024-02-06 10:02:53,150 [grpc-default-executor-3] INFO  impl.RoleInfo (RoleInfo.java:updateAndGet(139)) - 9b6fde4f-3239-4bc3-82bd-b2cd2f08e288: start 9b6fde4f-3239-4bc3-82bd-b2cd2f08e288@group-3D52B063064B-FollowerState
2024-02-06 10:02:53,150 [9b6fde4f-3239-4bc3-82bd-b2cd2f08e288@group-3D52B063064B-FollowerState] INFO  impl.FollowerState (FollowerState.java:run(152)) - 9b6fde4f-3239-4bc3-82bd-b2cd2f08e288@group-3D52B063064B-FollowerState was interrupted
2024-02-06 10:02:53,150 [grpc-default-executor-3] INFO  server.RaftServer$Division (RaftServerImpl.java:setFirstElection(574)) - 9b6fde4f-3239-4bc3-82bd-b2cd2f08e288@group-3D52B063064B: set firstElectionSinceStartup to false for candidate:4a798287-2ddb-4f45-a758-72f424bfa3c7
2024-02-06 10:02:53,150 [grpc-default-executor-2] INFO  server.RaftServer$Division (RaftServerImpl.java:requestVote(1389)) - fc33255d-a8b6-4933-b6d6-be3a7bd24e4a@group-3D52B063064B: receive requestVote(ELECTION, 4a798287-2ddb-4f45-a758-72f424bfa3c7, group-3D52B063064B, 1, (t:0, i:0))
2024-02-06 10:02:53,151 [grpc-default-executor-2] INFO  impl.VoteContext (VoteContext.java:log(49)) - fc33255d-a8b6-4933-b6d6-be3a7bd24e4a@group-3D52B063064B-FOLLOWER: accept ELECTION from 4a798287-2ddb-4f45-a758-72f424bfa3c7: our priority 0 <= candidate's priority 1
2024-02-06 10:02:53,151 [grpc-default-executor-2] INFO  server.RaftServer$Division (RaftServerImpl.java:setRole(383)) - fc33255d-a8b6-4933-b6d6-be3a7bd24e4a@group-3D52B063064B: changes role from  FOLLOWER to FOLLOWER at term 1 for candidate:4a798287-2ddb-4f45-a758-72f424bfa3c7
2024-02-06 10:02:53,151 [grpc-default-executor-2] INFO  impl.RoleInfo (RoleInfo.java:shutdownFollowerState(110)) - fc33255d-a8b6-4933-b6d6-be3a7bd24e4a: shutdown fc33255d-a8b6-4933-b6d6-be3a7bd24e4a@group-3D52B063064B-FollowerState
2024-02-06 10:02:53,151 [grpc-default-executor-2] INFO  impl.RoleInfo (RoleInfo.java:updateAndGet(139)) - fc33255d-a8b6-4933-b6d6-be3a7bd24e4a: start fc33255d-a8b6-4933-b6d6-be3a7bd24e4a@group-3D52B063064B-FollowerState
2024-02-06 10:02:53,151 [fc33255d-a8b6-4933-b6d6-be3a7bd24e4a@group-3D52B063064B-FollowerState] INFO  impl.FollowerState (FollowerState.java:run(152)) - fc33255d-a8b6-4933-b6d6-be3a7bd24e4a@group-3D52B063064B-FollowerState was interrupted
2024-02-06 10:02:53,151 [grpc-default-executor-3] INFO  server.RaftServer$Division (RaftServerImpl.java:requestVote(1422)) - 9b6fde4f-3239-4bc3-82bd-b2cd2f08e288@group-3D52B063064B replies to ELECTION vote request: 4a798287-2ddb-4f45-a758-72f424bfa3c7<-9b6fde4f-3239-4bc3-82bd-b2cd2f08e288#0:OK-t1. Peer's state: 9b6fde4f-3239-4bc3-82bd-b2cd2f08e288@group-3D52B063064B:t1, leader=null, voted=4a798287-2ddb-4f45-a758-72f424bfa3c7, raftlog=Memoized:9b6fde4f-3239-4bc3-82bd-b2cd2f08e288@group-3D52B063064B-SegmentedRaftLog:OPENED:c-1, conf=-1: peers:[4a798287-2ddb-4f45-a758-72f424bfa3c7|10.1.0.5:15148, fc33255d-a8b6-4933-b6d6-be3a7bd24e4a|10.1.0.5:15139, 9b6fde4f-3239-4bc3-82bd-b2cd2f08e288|10.1.0.5:15130]|listeners:[], old=null
2024-02-06 10:02:53,153 [grpc-default-executor-2] INFO  server.RaftServer$Division (RaftServerImpl.java:requestVote(1422)) - fc33255d-a8b6-4933-b6d6-be3a7bd24e4a@group-3D52B063064B replies to ELECTION vote request: 4a798287-2ddb-4f45-a758-72f424bfa3c7<-fc33255d-a8b6-4933-b6d6-be3a7bd24e4a#0:OK-t1. Peer's state: fc33255d-a8b6-4933-b6d6-be3a7bd24e4a@group-3D52B063064B:t1, leader=null, voted=4a798287-2ddb-4f45-a758-72f424bfa3c7, raftlog=Memoized:fc33255d-a8b6-4933-b6d6-be3a7bd24e4a@group-3D52B063064B-SegmentedRaftLog:OPENED:c-1, conf=-1: peers:[4a798287-2ddb-4f45-a758-72f424bfa3c7|10.1.0.5:15148, fc33255d-a8b6-4933-b6d6-be3a7bd24e4a|10.1.0.5:15139, 9b6fde4f-3239-4bc3-82bd-b2cd2f08e288|10.1.0.5:15130]|listeners:[], old=null
2024-02-06 10:02:53,154 [4a798287-2ddb-4f45-a758-72f424bfa3c7@group-3D52B063064B-LeaderElection27] INFO  impl.LeaderElection (LeaderElection.java:logAndReturn(89)) - 4a798287-2ddb-4f45-a758-72f424bfa3c7@group-3D52B063064B-LeaderElection27: ELECTION PASSED received 1 response(s) and 0 exception(s):
2024-02-06 10:02:53,154 [4a798287-2ddb-4f45-a758-72f424bfa3c7@group-3D52B063064B-LeaderElection27] INFO  impl.LeaderElection (LeaderElection.java:logAndReturn(93)) -   Response 0: 4a798287-2ddb-4f45-a758-72f424bfa3c7<-fc33255d-a8b6-4933-b6d6-be3a7bd24e4a#0:OK-t1
2024-02-06 10:02:53,154 [4a798287-2ddb-4f45-a758-72f424bfa3c7@group-3D52B063064B-LeaderElection27] INFO  impl.LeaderElection (LeaderElection.java:askForVotes(323)) - 4a798287-2ddb-4f45-a758-72f424bfa3c7@group-3D52B063064B-LeaderElection27 ELECTION round 0: result PASSED
2024-02-06 10:02:53,154 [4a798287-2ddb-4f45-a758-72f424bfa3c7@group-3D52B063064B-LeaderElection27] INFO  impl.RoleInfo (RoleInfo.java:shutdownLeaderElection(130)) - 4a798287-2ddb-4f45-a758-72f424bfa3c7: shutdown 4a798287-2ddb-4f45-a758-72f424bfa3c7@group-3D52B063064B-LeaderElection27
2024-02-06 10:02:53,154 [4a798287-2ddb-4f45-a758-72f424bfa3c7@group-3D52B063064B-LeaderElection27] INFO  server.RaftServer$Division (RaftServerImpl.java:setRole(383)) - 4a798287-2ddb-4f45-a758-72f424bfa3c7@group-3D52B063064B: changes role from CANDIDATE to LEADER at term 1 for changeToLeader
2024-02-06 10:02:53,154 [4a798287-2ddb-4f45-a758-72f424bfa3c7@group-3D52B063064B-LeaderElection27] INFO  server.RaftServerConfigKeys (ConfUtils.java:logGet(46)) - raft.server.staging.catchup.gap = 1000 (default)
2024-02-06 10:02:53,154 [4a798287-2ddb-4f45-a758-72f424bfa3c7@group-3D52B063064B-LeaderElection27] INFO  server.RaftServerConfigKeys (ConfUtils.java:logGet(46)) - raft.server.write.element-limit = 1024 (custom)
2024-02-06 10:02:53,154 [4a798287-2ddb-4f45-a758-72f424bfa3c7@group-3D52B063064B-LeaderElection27] INFO  server.RaftServerConfigKeys (ConfUtils.java:logGet(46)) - raft.server.write.byte-limit = 1024 M (=1073741824) (custom)
2024-02-06 10:02:53,154 [4a798287-2ddb-4f45-a758-72f424bfa3c7@group-3D52B063064B-LeaderElection27] INFO  server.RaftServerConfigKeys (ConfUtils.java:logGet(46)) - raft.server.watch.timeout = 3000ms (custom)
2024-02-06 10:02:53,155 [4a798287-2ddb-4f45-a758-72f424bfa3c7@group-3D52B063064B-LeaderElection27] INFO  server.RaftServerConfigKeys (ConfUtils.java:logGet(46)) - raft.server.watch.timeout.denomination = 1s (default)
2024-02-06 10:02:53,155 [4a798287-2ddb-4f45-a758-72f424bfa3c7@group-3D52B063064B-LeaderElection27] INFO  server.RaftServerConfigKeys (ConfUtils.java:logGet(46)) - raft.server.watch.element-limit = 65536 (default)
2024-02-06 10:02:53,155 [4a798287-2ddb-4f45-a758-72f424bfa3c7@group-3D52B063064B-LeaderElection27] INFO  server.RaftServerConfigKeys (ConfUtils.java:logGet(46)) - raft.server.read.leader.lease.enabled = false (default)
2024-02-06 10:02:53,155 [4a798287-2ddb-4f45-a758-72f424bfa3c7@group-3D52B063064B-LeaderElection27] INFO  server.RaftServerConfigKeys (ConfUtils.java:logGet(46)) - raft.server.read.leader.lease.timeout.ratio = 0.9 (default)
2024-02-06 10:02:53,155 [4a798287-2ddb-4f45-a758-72f424bfa3c7@group-3D52B063064B-LeaderElection27] INFO  server.RaftServerConfigKeys (ConfUtils.java:logGet(46)) - raft.server.rpc.timeout.min = 5s (custom)
2024-02-06 10:02:53,155 [4a798287-2ddb-4f45-a758-72f424bfa3c7@group-3D52B063064B-LeaderElection27] INFO  server.RaftServerConfigKeys (ConfUtils.java:logGet(46)) - raft.server.write.element-limit = 1024 (custom)
2024-02-06 10:02:53,155 [4a798287-2ddb-4f45-a758-72f424bfa3c7@group-3D52B063064B-LeaderElection27] INFO  server.RaftServerConfigKeys (ConfUtils.java:logGet(46)) - raft.server.write.follower.gap.ratio.max = -1.0 (default)
2024-02-06 10:02:53,155 [4a798287-2ddb-4f45-a758-72f424bfa3c7@group-3D52B063064B-LeaderElection27] INFO  server.RaftServerConfigKeys (ConfUtils.java:logGet(46)) - raft.server.log.appender.snapshot.chunk.size.max = 16MB (=16777216) (default)
2024-02-06 10:02:53,156 [4a798287-2ddb-4f45-a758-72f424bfa3c7@group-3D52B063064B-LeaderElection27] INFO  server.RaftServerConfigKeys (ConfUtils.java:logGet(46)) - raft.server.log.appender.buffer.byte-limit = 8388608 (custom)
2024-02-06 10:02:53,156 [4a798287-2ddb-4f45-a758-72f424bfa3c7@group-3D52B063064B-LeaderElection27] INFO  server.RaftServerConfigKeys (ConfUtils.java:logGet(46)) - raft.server.log.appender.buffer.element-limit = 1 (custom)
2024-02-06 10:02:53,156 [4a798287-2ddb-4f45-a758-72f424bfa3c7@group-3D52B063064B-LeaderElection27] INFO  server.RaftServerConfigKeys (ConfUtils.java:logGet(46)) - raft.server.log.appender.wait-time.min = 0ms (custom)
2024-02-06 10:02:53,156 [4a798287-2ddb-4f45-a758-72f424bfa3c7@group-3D52B063064B-LeaderElection27] INFO  grpc.GrpcConfigKeys (ConfUtils.java:logGet(46)) - raft.grpc.server.leader.outstanding.appends.max = 8 (default)
2024-02-06 10:02:53,156 [4a798287-2ddb-4f45-a758-72f424bfa3c7@group-3D52B063064B-LeaderElection27] INFO  server.RaftServerConfigKeys (ConfUtils.java:logGet(46)) - raft.server.rpc.request.timeout = 3000ms (default)
2024-02-06 10:02:53,156 [4a798287-2ddb-4f45-a758-72f424bfa3c7@group-3D52B063064B-LeaderElection27] INFO  grpc.GrpcConfigKeys (ConfUtils.java:logGet(46)) - raft.grpc.server.install_snapshot.request.element-limit = 8 (default)
2024-02-06 10:02:53,156 [4a798287-2ddb-4f45-a758-72f424bfa3c7@group-3D52B063064B-LeaderElection27] INFO  grpc.GrpcConfigKeys (ConfUtils.java:logGet(46)) - raft.grpc.server.install_snapshot.request.timeout = 3000ms (default)
2024-02-06 10:02:53,156 [4a798287-2ddb-4f45-a758-72f424bfa3c7@group-3D52B063064B-LeaderElection27] INFO  grpc.GrpcConfigKeys (ConfUtils.java:logGet(46)) - raft.grpc.server.log-message.batch.duration = 5s (default)
2024-02-06 10:02:53,156 [4a798287-2ddb-4f45-a758-72f424bfa3c7@group-3D52B063064B-LeaderElection27] INFO  server.RaftServerConfigKeys (ConfUtils.java:logGet(46)) - raft.server.log.appender.install.snapshot.enabled = false (custom)
2024-02-06 10:02:53,156 [4a798287-2ddb-4f45-a758-72f424bfa3c7@group-3D52B063064B-LeaderElection27] INFO  grpc.GrpcConfigKeys (ConfUtils.java:logGet(46)) - raft.grpc.server.heartbeat.channel = true (default)
2024-02-06 10:02:53,157 [4a798287-2ddb-4f45-a758-72f424bfa3c7@group-3D52B063064B-LeaderElection27] INFO  server.RaftServerConfigKeys (ConfUtils.java:logGet(46)) - raft.server.log.appender.snapshot.chunk.size.max = 16MB (=16777216) (default)
2024-02-06 10:02:53,157 [4a798287-2ddb-4f45-a758-72f424bfa3c7@group-3D52B063064B-LeaderElection27] INFO  server.RaftServerConfigKeys (ConfUtils.java:logGet(46)) - raft.server.log.appender.buffer.byte-limit = 8388608 (custom)
2024-02-06 10:02:53,157 [4a798287-2ddb-4f45-a758-72f424bfa3c7@group-3D52B063064B-LeaderElection27] INFO  server.RaftServerConfigKeys (ConfUtils.java:logGet(46)) - raft.server.log.appender.buffer.element-limit = 1 (custom)
2024-02-06 10:02:53,157 [4a798287-2ddb-4f45-a758-72f424bfa3c7@group-3D52B063064B-LeaderElection27] INFO  server.RaftServerConfigKeys (ConfUtils.java:logGet(46)) - raft.server.log.appender.wait-time.min = 0ms (custom)
2024-02-06 10:02:53,157 [4a798287-2ddb-4f45-a758-72f424bfa3c7@group-3D52B063064B-LeaderElection27] INFO  grpc.GrpcConfigKeys (ConfUtils.java:logGet(46)) - raft.grpc.server.leader.outstanding.appends.max = 8 (default)
2024-02-06 10:02:53,157 [4a798287-2ddb-4f45-a758-72f424bfa3c7@group-3D52B063064B-LeaderElection27] INFO  server.RaftServerConfigKeys (ConfUtils.java:logGet(46)) - raft.server.rpc.request.timeout = 3000ms (default)
2024-02-06 10:02:53,157 [4a798287-2ddb-4f45-a758-72f424bfa3c7@group-3D52B063064B-LeaderElection27] INFO  grpc.GrpcConfigKeys (ConfUtils.java:logGet(46)) - raft.grpc.server.install_snapshot.request.element-limit = 8 (default)
2024-02-06 10:02:53,157 [4a798287-2ddb-4f45-a758-72f424bfa3c7@group-3D52B063064B-LeaderElection27] INFO  grpc.GrpcConfigKeys (ConfUtils.java:logGet(46)) - raft.grpc.server.install_snapshot.request.timeout = 3000ms (default)
2024-02-06 10:02:53,158 [4a798287-2ddb-4f45-a758-72f424bfa3c7@group-3D52B063064B-LeaderElection27] INFO  grpc.GrpcConfigKeys (ConfUtils.java:logGet(46)) - raft.grpc.server.log-message.batch.duration = 5s (default)
2024-02-06 10:02:53,158 [4a798287-2ddb-4f45-a758-72f424bfa3c7@group-3D52B063064B-LeaderElection27] INFO  server.RaftServerConfigKeys (ConfUtils.java:logGet(46)) - raft.server.log.appender.install.snapshot.enabled = false (custom)
2024-02-06 10:02:53,158 [4a798287-2ddb-4f45-a758-72f424bfa3c7@group-3D52B063064B-LeaderElection27] INFO  grpc.GrpcConfigKeys (ConfUtils.java:logGet(46)) - raft.grpc.server.heartbeat.channel = true (default)
2024-02-06 10:02:53,158 [4a798287-2ddb-4f45-a758-72f424bfa3c7@group-3D52B063064B-LeaderElection27] INFO  impl.RoleInfo (RoleInfo.java:updateAndGet(139)) - 4a798287-2ddb-4f45-a758-72f424bfa3c7: start 4a798287-2ddb-4f45-a758-72f424bfa3c7@group-3D52B063064B-LeaderStateImpl
2024-02-06 10:02:53,158 [4a798287-2ddb-4f45-a758-72f424bfa3c7@group-3D52B063064B-LeaderElection27] INFO  server.RaftServer$Division (RaftServerImpl.java:setFirstElection(574)) - 4a798287-2ddb-4f45-a758-72f424bfa3c7@group-3D52B063064B: set firstElectionSinceStartup to false for becomeLeader
2024-02-06 10:02:53,158 [4a798287-2ddb-4f45-a758-72f424bfa3c7@group-3D52B063064B-LeaderElection27] INFO  ratis.XceiverServerRatis (XceiverServerRatis.java:handleLeaderChangedNotification(966)) - Leader change notification received for group: group-3D52B063064B with new leaderId: 4a798287-2ddb-4f45-a758-72f424bfa3c7
2024-02-06 10:02:53,158 [4a798287-2ddb-4f45-a758-72f424bfa3c7@group-3D52B063064B-LeaderElection27] INFO  server.RaftServer$Division (ServerState.java:setLeader(269)) - 4a798287-2ddb-4f45-a758-72f424bfa3c7@group-3D52B063064B: change Leader from null to 4a798287-2ddb-4f45-a758-72f424bfa3c7 at term 1 for becomeLeader, leader elected after 5154ms
2024-02-06 10:02:53,158 [4a798287-2ddb-4f45-a758-72f424bfa3c7@group-3D52B063064B-LeaderElection27] INFO  segmented.SegmentedRaftLogWorker (SegmentedRaftLogWorker.java:startLogSegment(430)) - 4a798287-2ddb-4f45-a758-72f424bfa3c7@group-3D52B063064B-SegmentedRaftLogWorker: Starting segment from index:0
2024-02-06 10:02:53,158 [4a798287-2ddb-4f45-a758-72f424bfa3c7@group-3D52B063064B-SegmentedRaftLogWorker] INFO  segmented.BufferedWriteChannel (BufferedWriteChannel.java:open(62)) - open log_inprogress_0 at position 0
2024-02-06 10:02:53,162 [4a798287-2ddb-4f45-a758-72f424bfa3c7@group-3D52B063064B-LeaderElection27] INFO  server.RaftServer$Division (ServerState.java:setRaftConf(386)) - 4a798287-2ddb-4f45-a758-72f424bfa3c7@group-3D52B063064B: set configuration 0: peers:[4a798287-2ddb-4f45-a758-72f424bfa3c7|10.1.0.5:15148, fc33255d-a8b6-4933-b6d6-be3a7bd24e4a|10.1.0.5:15139, 9b6fde4f-3239-4bc3-82bd-b2cd2f08e288|10.1.0.5:15130]|listeners:[], old=null
2024-02-06 10:02:53,163 [EventQueue-PipelineReportForPipelineReportHandler] INFO  pipeline.PipelineReportHandler (PipelineReportHandler.java:processPipelineReport(136)) - Opened pipeline PipelineID=583e54d3-5a1a-4106-93b5-3d52b063064b
2024-02-06 10:02:53,168 [4a798287-2ddb-4f45-a758-72f424bfa3c7@group-3D52B063064B-SegmentedRaftLogWorker] INFO  segmented.SegmentedRaftLogWorker (SegmentedRaftLogWorker.java:execute(634)) - 4a798287-2ddb-4f45-a758-72f424bfa3c7@group-3D52B063064B-SegmentedRaftLogWorker: created new log segment /home/runner/work/ozone/ozone/hadoop-ozone/integration-test/target/test-dir/MiniOzoneClusterImpl-aff9c889-8dd2-4f79-ab57-76a0adc13766/datanode-5/data/ratis/583e54d3-5a1a-4106-93b5-3d52b063064b/current/log_inprogress_0
2024-02-06 10:02:53,171 [fc33255d-a8b6-4933-b6d6-be3a7bd24e4a-server-thread1] INFO  ratis.XceiverServerRatis (XceiverServerRatis.java:handleLeaderChangedNotification(966)) - Leader change notification received for group: group-3D52B063064B with new leaderId: 4a798287-2ddb-4f45-a758-72f424bfa3c7
2024-02-06 10:02:53,171 [fc33255d-a8b6-4933-b6d6-be3a7bd24e4a-server-thread1] INFO  server.RaftServer$Division (ServerState.java:setLeader(269)) - fc33255d-a8b6-4933-b6d6-be3a7bd24e4a@group-3D52B063064B: change Leader from null to 4a798287-2ddb-4f45-a758-72f424bfa3c7 at term 1 for appendEntries, leader elected after 5205ms
2024-02-06 10:02:53,171 [9b6fde4f-3239-4bc3-82bd-b2cd2f08e288-server-thread1] INFO  ratis.XceiverServerRatis (XceiverServerRatis.java:handleLeaderChangedNotification(966)) - Leader change notification received for group: group-3D52B063064B with new leaderId: 4a798287-2ddb-4f45-a758-72f424bfa3c7
2024-02-06 10:02:53,171 [9b6fde4f-3239-4bc3-82bd-b2cd2f08e288-server-thread1] INFO  server.RaftServer$Division (ServerState.java:setLeader(269)) - 9b6fde4f-3239-4bc3-82bd-b2cd2f08e288@group-3D52B063064B: change Leader from null to 4a798287-2ddb-4f45-a758-72f424bfa3c7 at term 1 for appendEntries, leader elected after 5229ms
2024-02-06 10:02:53,176 [9b6fde4f-3239-4bc3-82bd-b2cd2f08e288-server-thread1] INFO  server.RaftServer$Division (ServerState.java:setRaftConf(386)) - 9b6fde4f-3239-4bc3-82bd-b2cd2f08e288@group-3D52B063064B: set configuration 0: peers:[4a798287-2ddb-4f45-a758-72f424bfa3c7|10.1.0.5:15148, fc33255d-a8b6-4933-b6d6-be3a7bd24e4a|10.1.0.5:15139, 9b6fde4f-3239-4bc3-82bd-b2cd2f08e288|10.1.0.5:15130]|listeners:[], old=null
2024-02-06 10:02:53,176 [9b6fde4f-3239-4bc3-82bd-b2cd2f08e288-server-thread1] INFO  segmented.SegmentedRaftLogWorker (SegmentedRaftLogWorker.java:startLogSegment(430)) - 9b6fde4f-3239-4bc3-82bd-b2cd2f08e288@group-3D52B063064B-SegmentedRaftLogWorker: Starting segment from index:0
2024-02-06 10:02:53,177 [9b6fde4f-3239-4bc3-82bd-b2cd2f08e288@group-3D52B063064B-SegmentedRaftLogWorker] INFO  segmented.BufferedWriteChannel (BufferedWriteChannel.java:open(62)) - open log_inprogress_0 at position 0
2024-02-06 10:02:53,181 [fc33255d-a8b6-4933-b6d6-be3a7bd24e4a-server-thread2] INFO  server.RaftServer$Division (ServerState.java:setRaftConf(386)) - fc33255d-a8b6-4933-b6d6-be3a7bd24e4a@group-3D52B063064B: set configuration 0: peers:[4a798287-2ddb-4f45-a758-72f424bfa3c7|10.1.0.5:15148, fc33255d-a8b6-4933-b6d6-be3a7bd24e4a|10.1.0.5:15139, 9b6fde4f-3239-4bc3-82bd-b2cd2f08e288|10.1.0.5:15130]|listeners:[], old=null
2024-02-06 10:02:53,182 [fc33255d-a8b6-4933-b6d6-be3a7bd24e4a-server-thread2] INFO  segmented.SegmentedRaftLogWorker (SegmentedRaftLogWorker.java:startLogSegment(430)) - fc33255d-a8b6-4933-b6d6-be3a7bd24e4a@group-3D52B063064B-SegmentedRaftLogWorker: Starting segment from index:0
2024-02-06 10:02:53,182 [fc33255d-a8b6-4933-b6d6-be3a7bd24e4a@group-3D52B063064B-SegmentedRaftLogWorker] INFO  segmented.BufferedWriteChannel (BufferedWriteChannel.java:open(62)) - open log_inprogress_0 at position 0
2024-02-06 10:02:53,188 [9b6fde4f-3239-4bc3-82bd-b2cd2f08e288@group-3D52B063064B-SegmentedRaftLogWorker] INFO  segmented.SegmentedRaftLogWorker (SegmentedRaftLogWorker.java:execute(634)) - 9b6fde4f-3239-4bc3-82bd-b2cd2f08e288@group-3D52B063064B-SegmentedRaftLogWorker: created new log segment /home/runner/work/ozone/ozone/hadoop-ozone/integration-test/target/test-dir/MiniOzoneClusterImpl-aff9c889-8dd2-4f79-ab57-76a0adc13766/datanode-3/data/ratis/583e54d3-5a1a-4106-93b5-3d52b063064b/current/log_inprogress_0
2024-02-06 10:02:53,188 [fc33255d-a8b6-4933-b6d6-be3a7bd24e4a@group-3D52B063064B-SegmentedRaftLogWorker] INFO  segmented.SegmentedRaftLogWorker (SegmentedRaftLogWorker.java:execute(634)) - fc33255d-a8b6-4933-b6d6-be3a7bd24e4a@group-3D52B063064B-SegmentedRaftLogWorker: created new log segment /home/runner/work/ozone/ozone/hadoop-ozone/integration-test/target/test-dir/MiniOzoneClusterImpl-aff9c889-8dd2-4f79-ab57-76a0adc13766/datanode-4/data/ratis/583e54d3-5a1a-4106-93b5-3d52b063064b/current/log_inprogress_0
2024-02-06 10:02:53,191 [4a798287-2ddb-4f45-a758-72f424bfa3c7@group-3D52B063064B-StateMachineUpdater] INFO  server.RaftServer$Division (LeaderStateImpl.java:isApplied(320)) - leader is ready since appliedIndex == 0 >= startIndex == 0
2024-02-06 10:02:53,308 [4463a956-bc43-48e2-a5be-041fb54af7fb@group-CE782FAE109C-FollowerState] INFO  impl.FollowerState (FollowerState.java:run(143)) - 4463a956-bc43-48e2-a5be-041fb54af7fb@group-CE782FAE109C-FollowerState: change to CANDIDATE, lastRpcElapsedTime:5050541068ns, electionTimeout:5050ms
2024-02-06 10:02:53,308 [4463a956-bc43-48e2-a5be-041fb54af7fb@group-CE782FAE109C-FollowerState] INFO  impl.RoleInfo (RoleInfo.java:shutdownFollowerState(110)) - 4463a956-bc43-48e2-a5be-041fb54af7fb: shutdown 4463a956-bc43-48e2-a5be-041fb54af7fb@group-CE782FAE109C-FollowerState
2024-02-06 10:02:53,309 [4463a956-bc43-48e2-a5be-041fb54af7fb@group-CE782FAE109C-FollowerState] INFO  server.RaftServer$Division (RaftServerImpl.java:setRole(383)) - 4463a956-bc43-48e2-a5be-041fb54af7fb@group-CE782FAE109C: changes role from  FOLLOWER to CANDIDATE at term 0 for changeToCandidate
2024-02-06 10:02:53,309 [4463a956-bc43-48e2-a5be-041fb54af7fb@group-CE782FAE109C-FollowerState] INFO  server.RaftServerConfigKeys (ConfUtils.java:logGet(46)) - raft.server.leaderelection.pre-vote = true (default)
2024-02-06 10:02:53,309 [4463a956-bc43-48e2-a5be-041fb54af7fb@group-CE782FAE109C-FollowerState] INFO  impl.RoleInfo (RoleInfo.java:updateAndGet(139)) - 4463a956-bc43-48e2-a5be-041fb54af7fb: start 4463a956-bc43-48e2-a5be-041fb54af7fb@group-CE782FAE109C-LeaderElection28
2024-02-06 10:02:53,311 [4463a956-bc43-48e2-a5be-041fb54af7fb@group-CE782FAE109C-LeaderElection28] INFO  impl.LeaderElection (LeaderElection.java:askForVotes(321)) - 4463a956-bc43-48e2-a5be-041fb54af7fb@group-CE782FAE109C-LeaderElection28 PRE_VOTE round 0: submit vote requests at term 0 for -1: peers:[4463a956-bc43-48e2-a5be-041fb54af7fb|10.1.0.5:15157]|listeners:[], old=null
2024-02-06 10:02:53,311 [4463a956-bc43-48e2-a5be-041fb54af7fb@group-CE782FAE109C-LeaderElection28] INFO  impl.LeaderElection (LeaderElection.java:askForVotes(323)) - 4463a956-bc43-48e2-a5be-041fb54af7fb@group-CE782FAE109C-LeaderElection28 PRE_VOTE round 0: result PASSED (term=0)
2024-02-06 10:02:53,312 [4463a956-bc43-48e2-a5be-041fb54af7fb@group-CE782FAE109C-LeaderElection28] INFO  impl.LeaderElection (LeaderElection.java:askForVotes(321)) - 4463a956-bc43-48e2-a5be-041fb54af7fb@group-CE782FAE109C-LeaderElection28 ELECTION round 0: submit vote requests at term 1 for -1: peers:[4463a956-bc43-48e2-a5be-041fb54af7fb|10.1.0.5:15157]|listeners:[], old=null
2024-02-06 10:02:53,312 [4463a956-bc43-48e2-a5be-041fb54af7fb@group-CE782FAE109C-LeaderElection28] INFO  impl.LeaderElection (LeaderElection.java:askForVotes(323)) - 4463a956-bc43-48e2-a5be-041fb54af7fb@group-CE782FAE109C-LeaderElection28 ELECTION round 0: result PASSED (term=1)
2024-02-06 10:02:53,312 [4463a956-bc43-48e2-a5be-041fb54af7fb@group-CE782FAE109C-LeaderElection28] INFO  impl.RoleInfo (RoleInfo.java:shutdownLeaderElection(130)) - 4463a956-bc43-48e2-a5be-041fb54af7fb: shutdown 4463a956-bc43-48e2-a5be-041fb54af7fb@group-CE782FAE109C-LeaderElection28
2024-02-06 10:02:53,312 [4463a956-bc43-48e2-a5be-041fb54af7fb@group-CE782FAE109C-LeaderElection28] INFO  server.RaftServer$Division (RaftServerImpl.java:setRole(383)) - 4463a956-bc43-48e2-a5be-041fb54af7fb@group-CE782FAE109C: changes role from CANDIDATE to LEADER at term 1 for changeToLeader
2024-02-06 10:02:53,312 [4463a956-bc43-48e2-a5be-041fb54af7fb@group-CE782FAE109C-LeaderElection28] INFO  server.RaftServerConfigKeys (ConfUtils.java:logGet(46)) - raft.server.staging.catchup.gap = 1000 (default)
2024-02-06 10:02:53,312 [4463a956-bc43-48e2-a5be-041fb54af7fb@group-CE782FAE109C-LeaderElection28] INFO  server.RaftServerConfigKeys (ConfUtils.java:logGet(46)) - raft.server.write.element-limit = 1024 (custom)
2024-02-06 10:02:53,313 [4463a956-bc43-48e2-a5be-041fb54af7fb@group-CE782FAE109C-LeaderElection28] INFO  server.RaftServerConfigKeys (ConfUtils.java:logGet(46)) - raft.server.write.byte-limit = 1024 M (=1073741824) (custom)
2024-02-06 10:02:53,313 [4463a956-bc43-48e2-a5be-041fb54af7fb@group-CE782FAE109C-LeaderElection28] INFO  server.RaftServerConfigKeys (ConfUtils.java:logGet(46)) - raft.server.watch.timeout = 3000ms (custom)
2024-02-06 10:02:53,313 [4463a956-bc43-48e2-a5be-041fb54af7fb@group-CE782FAE109C-LeaderElection28] INFO  server.RaftServerConfigKeys (ConfUtils.java:logGet(46)) - raft.server.watch.timeout.denomination = 1s (default)
2024-02-06 10:02:53,313 [4463a956-bc43-48e2-a5be-041fb54af7fb@group-CE782FAE109C-LeaderElection28] INFO  server.RaftServerConfigKeys (ConfUtils.java:logGet(46)) - raft.server.watch.element-limit = 65536 (default)
2024-02-06 10:02:53,313 [4463a956-bc43-48e2-a5be-041fb54af7fb@group-CE782FAE109C-LeaderElection28] INFO  server.RaftServerConfigKeys (ConfUtils.java:logGet(46)) - raft.server.read.leader.lease.enabled = false (default)
2024-02-06 10:02:53,313 [4463a956-bc43-48e2-a5be-041fb54af7fb@group-CE782FAE109C-LeaderElection28] INFO  server.RaftServerConfigKeys (ConfUtils.java:logGet(46)) - raft.server.read.leader.lease.timeout.ratio = 0.9 (default)
2024-02-06 10:02:53,313 [4463a956-bc43-48e2-a5be-041fb54af7fb@group-CE782FAE109C-LeaderElection28] INFO  server.RaftServerConfigKeys (ConfUtils.java:logGet(46)) - raft.server.rpc.timeout.min = 5s (custom)
2024-02-06 10:02:53,313 [4463a956-bc43-48e2-a5be-041fb54af7fb@group-CE782FAE109C-LeaderElection28] INFO  server.RaftServerConfigKeys (ConfUtils.java:logGet(46)) - raft.server.write.element-limit = 1024 (custom)
2024-02-06 10:02:53,313 [4463a956-bc43-48e2-a5be-041fb54af7fb@group-CE782FAE109C-LeaderElection28] INFO  server.RaftServerConfigKeys (ConfUtils.java:logGet(46)) - raft.server.write.follower.gap.ratio.max = -1.0 (default)
2024-02-06 10:02:53,313 [4463a956-bc43-48e2-a5be-041fb54af7fb@group-CE782FAE109C-LeaderElection28] INFO  impl.RoleInfo (RoleInfo.java:updateAndGet(139)) - 4463a956-bc43-48e2-a5be-041fb54af7fb: start 4463a956-bc43-48e2-a5be-041fb54af7fb@group-CE782FAE109C-LeaderStateImpl
2024-02-06 10:02:53,313 [4463a956-bc43-48e2-a5be-041fb54af7fb@group-CE782FAE109C-LeaderElection28] INFO  server.RaftServer$Division (RaftServerImpl.java:setFirstElection(574)) - 4463a956-bc43-48e2-a5be-041fb54af7fb@group-CE782FAE109C: set firstElectionSinceStartup to false for becomeLeader
2024-02-06 10:02:53,313 [4463a956-bc43-48e2-a5be-041fb54af7fb@group-CE782FAE109C-LeaderElection28] INFO  ratis.XceiverServerRatis (XceiverServerRatis.java:handleLeaderChangedNotification(966)) - Leader change notification received for group: group-CE782FAE109C with new leaderId: 4463a956-bc43-48e2-a5be-041fb54af7fb
2024-02-06 10:02:53,313 [4463a956-bc43-48e2-a5be-041fb54af7fb@group-CE782FAE109C-LeaderElection28] INFO  server.RaftServer$Division (ServerState.java:setLeader(269)) - 4463a956-bc43-48e2-a5be-041fb54af7fb@group-CE782FAE109C: change Leader from null to 4463a956-bc43-48e2-a5be-041fb54af7fb at term 1 for becomeLeader, leader elected after 5067ms
2024-02-06 10:02:53,313 [4463a956-bc43-48e2-a5be-041fb54af7fb@group-CE782FAE109C-LeaderElection28] INFO  segmented.SegmentedRaftLogWorker (SegmentedRaftLogWorker.java:startLogSegment(430)) - 4463a956-bc43-48e2-a5be-041fb54af7fb@group-CE782FAE109C-SegmentedRaftLogWorker: Starting segment from index:0
2024-02-06 10:02:53,315 [4463a956-bc43-48e2-a5be-041fb54af7fb@group-CE782FAE109C-LeaderElection28] INFO  server.RaftServer$Division (ServerState.java:setRaftConf(386)) - 4463a956-bc43-48e2-a5be-041fb54af7fb@group-CE782FAE109C: set configuration 0: peers:[4463a956-bc43-48e2-a5be-041fb54af7fb|10.1.0.5:15157]|listeners:[], old=null
2024-02-06 10:02:53,315 [4463a956-bc43-48e2-a5be-041fb54af7fb@group-CE782FAE109C-SegmentedRaftLogWorker] INFO  segmented.BufferedWriteChannel (BufferedWriteChannel.java:open(62)) - open log_inprogress_0 at position 0
2024-02-06 10:02:53,319 [4a798287-2ddb-4f45-a758-72f424bfa3c7@group-A1C2FAEB3750-FollowerState] INFO  impl.FollowerState (FollowerState.java:run(143)) - 4a798287-2ddb-4f45-a758-72f424bfa3c7@group-A1C2FAEB3750-FollowerState: change to CANDIDATE, lastRpcElapsedTime:5187451767ns, electionTimeout:5187ms
2024-02-06 10:02:53,319 [4a798287-2ddb-4f45-a758-72f424bfa3c7@group-A1C2FAEB3750-FollowerState] INFO  impl.RoleInfo (RoleInfo.java:shutdownFollowerState(110)) - 4a798287-2ddb-4f45-a758-72f424bfa3c7: shutdown 4a798287-2ddb-4f45-a758-72f424bfa3c7@group-A1C2FAEB3750-FollowerState
2024-02-06 10:02:53,319 [4a798287-2ddb-4f45-a758-72f424bfa3c7@group-A1C2FAEB3750-FollowerState] INFO  server.RaftServer$Division (RaftServerImpl.java:setRole(383)) - 4a798287-2ddb-4f45-a758-72f424bfa3c7@group-A1C2FAEB3750: changes role from  FOLLOWER to CANDIDATE at term 0 for changeToCandidate
2024-02-06 10:02:53,319 [4a798287-2ddb-4f45-a758-72f424bfa3c7@group-A1C2FAEB3750-FollowerState] INFO  server.RaftServerConfigKeys (ConfUtils.java:logGet(46)) - raft.server.leaderelection.pre-vote = true (default)
2024-02-06 10:02:53,319 [4a798287-2ddb-4f45-a758-72f424bfa3c7@group-A1C2FAEB3750-FollowerState] INFO  impl.RoleInfo (RoleInfo.java:updateAndGet(139)) - 4a798287-2ddb-4f45-a758-72f424bfa3c7: start 4a798287-2ddb-4f45-a758-72f424bfa3c7@group-A1C2FAEB3750-LeaderElection29
2024-02-06 10:02:53,320 [4a798287-2ddb-4f45-a758-72f424bfa3c7@group-A1C2FAEB3750-LeaderElection29] INFO  impl.LeaderElection (LeaderElection.java:askForVotes(321)) - 4a798287-2ddb-4f45-a758-72f424bfa3c7@group-A1C2FAEB3750-LeaderElection29 PRE_VOTE round 0: submit vote requests at term 0 for -1: peers:[4a798287-2ddb-4f45-a758-72f424bfa3c7|10.1.0.5:15148]|listeners:[], old=null
2024-02-06 10:02:53,321 [4a798287-2ddb-4f45-a758-72f424bfa3c7@group-A1C2FAEB3750-LeaderElection29] INFO  impl.LeaderElection (LeaderElection.java:askForVotes(323)) - 4a798287-2ddb-4f45-a758-72f424bfa3c7@group-A1C2FAEB3750-LeaderElection29 PRE_VOTE round 0: result PASSED (term=0)
2024-02-06 10:02:53,322 [4463a956-bc43-48e2-a5be-041fb54af7fb@group-CE782FAE109C-SegmentedRaftLogWorker] INFO  segmented.SegmentedRaftLogWorker (SegmentedRaftLogWorker.java:execute(634)) - 4463a956-bc43-48e2-a5be-041fb54af7fb@group-CE782FAE109C-SegmentedRaftLogWorker: created new log segment /home/runner/work/ozone/ozone/hadoop-ozone/integration-test/target/test-dir/MiniOzoneClusterImpl-aff9c889-8dd2-4f79-ab57-76a0adc13766/datanode-6/data/ratis/e9b134b8-42b7-462e-9b88-ce782fae109c/current/log_inprogress_0
2024-02-06 10:02:53,322 [4a798287-2ddb-4f45-a758-72f424bfa3c7@group-A1C2FAEB3750-LeaderElection29] INFO  impl.LeaderElection (LeaderElection.java:askForVotes(321)) - 4a798287-2ddb-4f45-a758-72f424bfa3c7@group-A1C2FAEB3750-LeaderElection29 ELECTION round 0: submit vote requests at term 1 for -1: peers:[4a798287-2ddb-4f45-a758-72f424bfa3c7|10.1.0.5:15148]|listeners:[], old=null
2024-02-06 10:02:53,322 [4a798287-2ddb-4f45-a758-72f424bfa3c7@group-A1C2FAEB3750-LeaderElection29] INFO  impl.LeaderElection (LeaderElection.java:askForVotes(323)) - 4a798287-2ddb-4f45-a758-72f424bfa3c7@group-A1C2FAEB3750-LeaderElection29 ELECTION round 0: result PASSED (term=1)
2024-02-06 10:02:53,322 [4a798287-2ddb-4f45-a758-72f424bfa3c7@group-A1C2FAEB3750-LeaderElection29] INFO  impl.RoleInfo (RoleInfo.java:shutdownLeaderElection(130)) - 4a798287-2ddb-4f45-a758-72f424bfa3c7: shutdown 4a798287-2ddb-4f45-a758-72f424bfa3c7@group-A1C2FAEB3750-LeaderElection29
2024-02-06 10:02:53,322 [4a798287-2ddb-4f45-a758-72f424bfa3c7@group-A1C2FAEB3750-LeaderElection29] INFO  server.RaftServer$Division (RaftServerImpl.java:setRole(383)) - 4a798287-2ddb-4f45-a758-72f424bfa3c7@group-A1C2FAEB3750: changes role from CANDIDATE to LEADER at term 1 for changeToLeader
2024-02-06 10:02:53,322 [4a798287-2ddb-4f45-a758-72f424bfa3c7@group-A1C2FAEB3750-LeaderElection29] INFO  server.RaftServerConfigKeys (ConfUtils.java:logGet(46)) - raft.server.staging.catchup.gap = 1000 (default)
2024-02-06 10:02:53,322 [4a798287-2ddb-4f45-a758-72f424bfa3c7@group-A1C2FAEB3750-LeaderElection29] INFO  server.RaftServerConfigKeys (ConfUtils.java:logGet(46)) - raft.server.write.element-limit = 1024 (custom)
2024-02-06 10:02:53,322 [4a798287-2ddb-4f45-a758-72f424bfa3c7@group-A1C2FAEB3750-LeaderElection29] INFO  server.RaftServerConfigKeys (ConfUtils.java:logGet(46)) - raft.server.write.byte-limit = 1024 M (=1073741824) (custom)
2024-02-06 10:02:53,323 [4a798287-2ddb-4f45-a758-72f424bfa3c7@group-A1C2FAEB3750-LeaderElection29] INFO  server.RaftServerConfigKeys (ConfUtils.java:logGet(46)) - raft.server.watch.timeout = 3000ms (custom)
2024-02-06 10:02:53,323 [4a798287-2ddb-4f45-a758-72f424bfa3c7@group-A1C2FAEB3750-LeaderElection29] INFO  server.RaftServerConfigKeys (ConfUtils.java:logGet(46)) - raft.server.watch.timeout.denomination = 1s (default)
2024-02-06 10:02:53,323 [4a798287-2ddb-4f45-a758-72f424bfa3c7@group-A1C2FAEB3750-LeaderElection29] INFO  server.RaftServerConfigKeys (ConfUtils.java:logGet(46)) - raft.server.watch.element-limit = 65536 (default)
2024-02-06 10:02:53,323 [4a798287-2ddb-4f45-a758-72f424bfa3c7@group-A1C2FAEB3750-LeaderElection29] INFO  server.RaftServerConfigKeys (ConfUtils.java:logGet(46)) - raft.server.read.leader.lease.enabled = false (default)
2024-02-06 10:02:53,323 [4a798287-2ddb-4f45-a758-72f424bfa3c7@group-A1C2FAEB3750-LeaderElection29] INFO  server.RaftServerConfigKeys (ConfUtils.java:logGet(46)) - raft.server.read.leader.lease.timeout.ratio = 0.9 (default)
2024-02-06 10:02:53,323 [4a798287-2ddb-4f45-a758-72f424bfa3c7@group-A1C2FAEB3750-LeaderElection29] INFO  server.RaftServerConfigKeys (ConfUtils.java:logGet(46)) - raft.server.rpc.timeout.min = 5s (custom)
2024-02-06 10:02:53,323 [4a798287-2ddb-4f45-a758-72f424bfa3c7@group-A1C2FAEB3750-LeaderElection29] INFO  server.RaftServerConfigKeys (ConfUtils.java:logGet(46)) - raft.server.write.element-limit = 1024 (custom)
2024-02-06 10:02:53,323 [4a798287-2ddb-4f45-a758-72f424bfa3c7@group-A1C2FAEB3750-LeaderElection29] INFO  server.RaftServerConfigKeys (ConfUtils.java:logGet(46)) - raft.server.write.follower.gap.ratio.max = -1.0 (default)
2024-02-06 10:02:53,323 [4a798287-2ddb-4f45-a758-72f424bfa3c7@group-A1C2FAEB3750-LeaderElection29] INFO  impl.RoleInfo (RoleInfo.java:updateAndGet(139)) - 4a798287-2ddb-4f45-a758-72f424bfa3c7: start 4a798287-2ddb-4f45-a758-72f424bfa3c7@group-A1C2FAEB3750-LeaderStateImpl
2024-02-06 10:02:53,323 [4a798287-2ddb-4f45-a758-72f424bfa3c7@group-A1C2FAEB3750-LeaderElection29] INFO  server.RaftServer$Division (RaftServerImpl.java:setFirstElection(574)) - 4a798287-2ddb-4f45-a758-72f424bfa3c7@group-A1C2FAEB3750: set firstElectionSinceStartup to false for becomeLeader
2024-02-06 10:02:53,323 [4a798287-2ddb-4f45-a758-72f424bfa3c7@group-A1C2FAEB3750-LeaderElection29] INFO  ratis.XceiverServerRatis (XceiverServerRatis.java:handleLeaderChangedNotification(966)) - Leader change notification received for group: group-A1C2FAEB3750 with new leaderId: 4a798287-2ddb-4f45-a758-72f424bfa3c7
2024-02-06 10:02:53,323 [4a798287-2ddb-4f45-a758-72f424bfa3c7@group-A1C2FAEB3750-LeaderElection29] INFO  server.RaftServer$Division (ServerState.java:setLeader(269)) - 4a798287-2ddb-4f45-a758-72f424bfa3c7@group-A1C2FAEB3750: change Leader from null to 4a798287-2ddb-4f45-a758-72f424bfa3c7 at term 1 for becomeLeader, leader elected after 5203ms
2024-02-06 10:02:53,323 [4463a956-bc43-48e2-a5be-041fb54af7fb@group-CE782FAE109C-StateMachineUpdater] INFO  server.RaftServer$Division (LeaderStateImpl.java:isApplied(320)) - leader is ready since appliedIndex == 0 >= startIndex == 0
2024-02-06 10:02:53,323 [4a798287-2ddb-4f45-a758-72f424bfa3c7@group-A1C2FAEB3750-LeaderElection29] INFO  segmented.SegmentedRaftLogWorker (SegmentedRaftLogWorker.java:startLogSegment(430)) - 4a798287-2ddb-4f45-a758-72f424bfa3c7@group-A1C2FAEB3750-SegmentedRaftLogWorker: Starting segment from index:0
2024-02-06 10:02:53,325 [4a798287-2ddb-4f45-a758-72f424bfa3c7@group-A1C2FAEB3750-SegmentedRaftLogWorker] INFO  segmented.BufferedWriteChannel (BufferedWriteChannel.java:open(62)) - open log_inprogress_0 at position 0
2024-02-06 10:02:53,328 [4a798287-2ddb-4f45-a758-72f424bfa3c7@group-A1C2FAEB3750-LeaderElection29] INFO  server.RaftServer$Division (ServerState.java:setRaftConf(386)) - 4a798287-2ddb-4f45-a758-72f424bfa3c7@group-A1C2FAEB3750: set configuration 0: peers:[4a798287-2ddb-4f45-a758-72f424bfa3c7|10.1.0.5:15148]|listeners:[], old=null
2024-02-06 10:02:53,331 [4a798287-2ddb-4f45-a758-72f424bfa3c7@group-A1C2FAEB3750-SegmentedRaftLogWorker] INFO  segmented.SegmentedRaftLogWorker (SegmentedRaftLogWorker.java:execute(634)) - 4a798287-2ddb-4f45-a758-72f424bfa3c7@group-A1C2FAEB3750-SegmentedRaftLogWorker: created new log segment /home/runner/work/ozone/ozone/hadoop-ozone/integration-test/target/test-dir/MiniOzoneClusterImpl-aff9c889-8dd2-4f79-ab57-76a0adc13766/datanode-5/data/ratis/dfc1d059-b2b9-4399-a3f0-a1c2faeb3750/current/log_inprogress_0
2024-02-06 10:02:53,333 [4a798287-2ddb-4f45-a758-72f424bfa3c7@group-A1C2FAEB3750-StateMachineUpdater] INFO  server.RaftServer$Division (LeaderStateImpl.java:isApplied(320)) - leader is ready since appliedIndex == 0 >= startIndex == 0
2024-02-06 10:02:53,341 [73be6a6b-5fd7-4eac-9d0c-1772c183b18d@group-B5133FD9D28E-FollowerState] INFO  impl.FollowerState (FollowerState.java:run(143)) - 73be6a6b-5fd7-4eac-9d0c-1772c183b18d@group-B5133FD9D28E-FollowerState: change to CANDIDATE, lastRpcElapsedTime:5016449375ns, electionTimeout:5016ms
2024-02-06 10:02:53,341 [73be6a6b-5fd7-4eac-9d0c-1772c183b18d@group-B5133FD9D28E-FollowerState] INFO  impl.RoleInfo (RoleInfo.java:shutdownFollowerState(110)) - 73be6a6b-5fd7-4eac-9d0c-1772c183b18d: shutdown 73be6a6b-5fd7-4eac-9d0c-1772c183b18d@group-B5133FD9D28E-FollowerState
2024-02-06 10:02:53,341 [73be6a6b-5fd7-4eac-9d0c-1772c183b18d@group-B5133FD9D28E-FollowerState] INFO  server.RaftServer$Division (RaftServerImpl.java:setRole(383)) - 73be6a6b-5fd7-4eac-9d0c-1772c183b18d@group-B5133FD9D28E: changes role from  FOLLOWER to CANDIDATE at term 0 for changeToCandidate
2024-02-06 10:02:53,341 [73be6a6b-5fd7-4eac-9d0c-1772c183b18d@group-B5133FD9D28E-FollowerState] INFO  server.RaftServerConfigKeys (ConfUtils.java:logGet(46)) - raft.server.leaderelection.pre-vote = true (default)
2024-02-06 10:02:53,341 [73be6a6b-5fd7-4eac-9d0c-1772c183b18d@group-B5133FD9D28E-FollowerState] INFO  impl.RoleInfo (RoleInfo.java:updateAndGet(139)) - 73be6a6b-5fd7-4eac-9d0c-1772c183b18d: start 73be6a6b-5fd7-4eac-9d0c-1772c183b18d@group-B5133FD9D28E-LeaderElection30
2024-02-06 10:02:53,343 [73be6a6b-5fd7-4eac-9d0c-1772c183b18d@group-B5133FD9D28E-LeaderElection30] INFO  impl.LeaderElection (LeaderElection.java:askForVotes(321)) - 73be6a6b-5fd7-4eac-9d0c-1772c183b18d@group-B5133FD9D28E-LeaderElection30 PRE_VOTE round 0: submit vote requests at term 0 for -1: peers:[463d4cd4-93eb-48de-ad15-bb97619fa095|10.1.0.5:15175, 73be6a6b-5fd7-4eac-9d0c-1772c183b18d|10.1.0.5:15166, 4463a956-bc43-48e2-a5be-041fb54af7fb|10.1.0.5:15157]|listeners:[], old=null
2024-02-06 10:02:53,343 [73be6a6b-5fd7-4eac-9d0c-1772c183b18d@group-B5133FD9D28E-LeaderElection30-1] INFO  server.GrpcServerProtocolClient (GrpcServerProtocolClient.java:<init>(65)) - Build channel for 463d4cd4-93eb-48de-ad15-bb97619fa095|10.1.0.5:15175
2024-02-06 10:02:53,343 [73be6a6b-5fd7-4eac-9d0c-1772c183b18d@group-B5133FD9D28E-LeaderElection30] INFO  server.RaftServerConfigKeys (ConfUtils.java:logFallback(53)) - raft.server.rpc.first-election.timeout.min = 5s (fallback to raft.server.rpc.timeout.min)
2024-02-06 10:02:53,343 [73be6a6b-5fd7-4eac-9d0c-1772c183b18d@group-B5133FD9D28E-LeaderElection30] INFO  server.RaftServerConfigKeys (ConfUtils.java:logFallback(53)) - raft.server.rpc.first-election.timeout.max = 5200ms (fallback to raft.server.rpc.timeout.max)
2024-02-06 10:02:53,343 [73be6a6b-5fd7-4eac-9d0c-1772c183b18d@group-B5133FD9D28E-LeaderElection30-2] INFO  server.GrpcServerProtocolClient (GrpcServerProtocolClient.java:<init>(65)) - Build channel for 4463a956-bc43-48e2-a5be-041fb54af7fb|10.1.0.5:15157
2024-02-06 10:02:53,347 [grpc-default-executor-1] INFO  server.RaftServer$Division (RaftServerImpl.java:requestVote(1389)) - 463d4cd4-93eb-48de-ad15-bb97619fa095@group-B5133FD9D28E: receive requestVote(PRE_VOTE, 73be6a6b-5fd7-4eac-9d0c-1772c183b18d, group-B5133FD9D28E, 0, (t:0, i:0))
2024-02-06 10:02:53,347 [grpc-default-executor-1] INFO  impl.VoteContext (VoteContext.java:log(49)) - 463d4cd4-93eb-48de-ad15-bb97619fa095@group-B5133FD9D28E-FOLLOWER: reject PRE_VOTE from 73be6a6b-5fd7-4eac-9d0c-1772c183b18d: our priority 1 > candidate's priority 0
2024-02-06 10:02:53,347 [grpc-default-executor-1] INFO  server.RaftServer$Division (RaftServerImpl.java:requestVote(1422)) - 463d4cd4-93eb-48de-ad15-bb97619fa095@group-B5133FD9D28E replies to PRE_VOTE vote request: 73be6a6b-5fd7-4eac-9d0c-1772c183b18d<-463d4cd4-93eb-48de-ad15-bb97619fa095#0:FAIL-t0. Peer's state: 463d4cd4-93eb-48de-ad15-bb97619fa095@group-B5133FD9D28E:t0, leader=null, voted=, raftlog=Memoized:463d4cd4-93eb-48de-ad15-bb97619fa095@group-B5133FD9D28E-SegmentedRaftLog:OPENED:c-1, conf=-1: peers:[463d4cd4-93eb-48de-ad15-bb97619fa095|10.1.0.5:15175, 73be6a6b-5fd7-4eac-9d0c-1772c183b18d|10.1.0.5:15166, 4463a956-bc43-48e2-a5be-041fb54af7fb|10.1.0.5:15157]|listeners:[], old=null
2024-02-06 10:02:53,350 [73be6a6b-5fd7-4eac-9d0c-1772c183b18d@group-B5133FD9D28E-LeaderElection30] INFO  impl.LeaderElection (LeaderElection.java:logAndReturn(89)) - 73be6a6b-5fd7-4eac-9d0c-1772c183b18d@group-B5133FD9D28E-LeaderElection30: PRE_VOTE REJECTED received 1 response(s) and 0 exception(s):
2024-02-06 10:02:53,350 [73be6a6b-5fd7-4eac-9d0c-1772c183b18d@group-B5133FD9D28E-LeaderElection30] INFO  impl.LeaderElection (LeaderElection.java:logAndReturn(93)) -   Response 0: 73be6a6b-5fd7-4eac-9d0c-1772c183b18d<-463d4cd4-93eb-48de-ad15-bb97619fa095#0:FAIL-t0
2024-02-06 10:02:53,350 [73be6a6b-5fd7-4eac-9d0c-1772c183b18d@group-B5133FD9D28E-LeaderElection30] INFO  impl.LeaderElection (LeaderElection.java:askForVotes(323)) - 73be6a6b-5fd7-4eac-9d0c-1772c183b18d@group-B5133FD9D28E-LeaderElection30 PRE_VOTE round 0: result REJECTED
2024-02-06 10:02:53,350 [73be6a6b-5fd7-4eac-9d0c-1772c183b18d@group-B5133FD9D28E-LeaderElection30] INFO  server.RaftServer$Division (RaftServerImpl.java:setRole(383)) - 73be6a6b-5fd7-4eac-9d0c-1772c183b18d@group-B5133FD9D28E: changes role from CANDIDATE to FOLLOWER at term 0 for REJECTED
2024-02-06 10:02:53,350 [73be6a6b-5fd7-4eac-9d0c-1772c183b18d@group-B5133FD9D28E-LeaderElection30] INFO  impl.RoleInfo (RoleInfo.java:shutdownLeaderElection(130)) - 73be6a6b-5fd7-4eac-9d0c-1772c183b18d: shutdown 73be6a6b-5fd7-4eac-9d0c-1772c183b18d@group-B5133FD9D28E-LeaderElection30
2024-02-06 10:02:53,350 [73be6a6b-5fd7-4eac-9d0c-1772c183b18d@group-B5133FD9D28E-LeaderElection30] INFO  impl.RoleInfo (RoleInfo.java:updateAndGet(139)) - 73be6a6b-5fd7-4eac-9d0c-1772c183b18d: start 73be6a6b-5fd7-4eac-9d0c-1772c183b18d@group-B5133FD9D28E-FollowerState
2024-02-06 10:02:53,351 [grpc-default-executor-1] INFO  server.RaftServer$Division (RaftServerImpl.java:requestVote(1389)) - 4463a956-bc43-48e2-a5be-041fb54af7fb@group-B5133FD9D28E: receive requestVote(PRE_VOTE, 73be6a6b-5fd7-4eac-9d0c-1772c183b18d, group-B5133FD9D28E, 0, (t:0, i:0))
2024-02-06 10:02:53,351 [grpc-default-executor-1] INFO  impl.VoteContext (VoteContext.java:log(49)) - 4463a956-bc43-48e2-a5be-041fb54af7fb@group-B5133FD9D28E-FOLLOWER: accept PRE_VOTE from 73be6a6b-5fd7-4eac-9d0c-1772c183b18d: our priority 0 <= candidate's priority 0
2024-02-06 10:02:53,351 [grpc-default-executor-1] INFO  server.RaftServer$Division (RaftServerImpl.java:requestVote(1422)) - 4463a956-bc43-48e2-a5be-041fb54af7fb@group-B5133FD9D28E replies to PRE_VOTE vote request: 73be6a6b-5fd7-4eac-9d0c-1772c183b18d<-4463a956-bc43-48e2-a5be-041fb54af7fb#0:OK-t0. Peer's state: 4463a956-bc43-48e2-a5be-041fb54af7fb@group-B5133FD9D28E:t0, leader=null, voted=, raftlog=Memoized:4463a956-bc43-48e2-a5be-041fb54af7fb@group-B5133FD9D28E-SegmentedRaftLog:OPENED:c-1, conf=-1: peers:[463d4cd4-93eb-48de-ad15-bb97619fa095|10.1.0.5:15175, 73be6a6b-5fd7-4eac-9d0c-1772c183b18d|10.1.0.5:15166, 4463a956-bc43-48e2-a5be-041fb54af7fb|10.1.0.5:15157]|listeners:[], old=null
2024-02-06 10:02:53,351 [73be6a6b-5fd7-4eac-9d0c-1772c183b18d@group-B5133FD9D28E-LeaderElection30] INFO  server.RaftServer$Division (RaftServerImpl.java:setFirstElection(574)) - 73be6a6b-5fd7-4eac-9d0c-1772c183b18d@group-B5133FD9D28E: set firstElectionSinceStartup to false for REJECTED
2024-02-06 10:02:53,444 [463d4cd4-93eb-48de-ad15-bb97619fa095@group-B5133FD9D28E-FollowerState] INFO  impl.FollowerState (FollowerState.java:run(143)) - 463d4cd4-93eb-48de-ad15-bb97619fa095@group-B5133FD9D28E-FollowerState: change to CANDIDATE, lastRpcElapsedTime:5151927339ns, electionTimeout:5150ms
2024-02-06 10:02:53,444 [463d4cd4-93eb-48de-ad15-bb97619fa095@group-B5133FD9D28E-FollowerState] INFO  impl.RoleInfo (RoleInfo.java:shutdownFollowerState(110)) - 463d4cd4-93eb-48de-ad15-bb97619fa095: shutdown 463d4cd4-93eb-48de-ad15-bb97619fa095@group-B5133FD9D28E-FollowerState
2024-02-06 10:02:53,444 [463d4cd4-93eb-48de-ad15-bb97619fa095@group-B5133FD9D28E-FollowerState] INFO  server.RaftServer$Division (RaftServerImpl.java:setRole(383)) - 463d4cd4-93eb-48de-ad15-bb97619fa095@group-B5133FD9D28E: changes role from  FOLLOWER to CANDIDATE at term 0 for changeToCandidate
2024-02-06 10:02:53,445 [463d4cd4-93eb-48de-ad15-bb97619fa095@group-B5133FD9D28E-FollowerState] INFO  server.RaftServerConfigKeys (ConfUtils.java:logGet(46)) - raft.server.leaderelection.pre-vote = true (default)
2024-02-06 10:02:53,445 [463d4cd4-93eb-48de-ad15-bb97619fa095@group-B5133FD9D28E-FollowerState] INFO  impl.RoleInfo (RoleInfo.java:updateAndGet(139)) - 463d4cd4-93eb-48de-ad15-bb97619fa095: start 463d4cd4-93eb-48de-ad15-bb97619fa095@group-B5133FD9D28E-LeaderElection31
2024-02-06 10:02:53,446 [4463a956-bc43-48e2-a5be-041fb54af7fb@group-B5133FD9D28E-FollowerState] INFO  server.RaftServerConfigKeys (ConfUtils.java:logFallback(53)) - raft.server.rpc.first-election.timeout.min = 5s (fallback to raft.server.rpc.timeout.min)
2024-02-06 10:02:53,446 [4463a956-bc43-48e2-a5be-041fb54af7fb@group-B5133FD9D28E-FollowerState] INFO  server.RaftServerConfigKeys (ConfUtils.java:logFallback(53)) - raft.server.rpc.first-election.timeout.max = 5200ms (fallback to raft.server.rpc.timeout.max)
2024-02-06 10:02:53,446 [463d4cd4-93eb-48de-ad15-bb97619fa095@group-B5133FD9D28E-LeaderElection31] INFO  impl.LeaderElection (LeaderElection.java:askForVotes(321)) - 463d4cd4-93eb-48de-ad15-bb97619fa095@group-B5133FD9D28E-LeaderElection31 PRE_VOTE round 0: submit vote requests at term 0 for -1: peers:[463d4cd4-93eb-48de-ad15-bb97619fa095|10.1.0.5:15175, 73be6a6b-5fd7-4eac-9d0c-1772c183b18d|10.1.0.5:15166, 4463a956-bc43-48e2-a5be-041fb54af7fb|10.1.0.5:15157]|listeners:[], old=null
2024-02-06 10:02:53,446 [463d4cd4-93eb-48de-ad15-bb97619fa095@group-B5133FD9D28E-LeaderElection31] INFO  server.RaftServerConfigKeys (ConfUtils.java:logFallback(53)) - raft.server.rpc.first-election.timeout.min = 5s (fallback to raft.server.rpc.timeout.min)
2024-02-06 10:02:53,446 [463d4cd4-93eb-48de-ad15-bb97619fa095@group-B5133FD9D28E-LeaderElection31-2] INFO  server.GrpcServerProtocolClient (GrpcServerProtocolClient.java:<init>(65)) - Build channel for 4463a956-bc43-48e2-a5be-041fb54af7fb|10.1.0.5:15157
2024-02-06 10:02:53,446 [463d4cd4-93eb-48de-ad15-bb97619fa095@group-B5133FD9D28E-LeaderElection31] INFO  server.RaftServerConfigKeys (ConfUtils.java:logFallback(53)) - raft.server.rpc.first-election.timeout.max = 5200ms (fallback to raft.server.rpc.timeout.max)
2024-02-06 10:02:53,446 [463d4cd4-93eb-48de-ad15-bb97619fa095@group-B5133FD9D28E-LeaderElection31-1] INFO  server.GrpcServerProtocolClient (GrpcServerProtocolClient.java:<init>(65)) - Build channel for 73be6a6b-5fd7-4eac-9d0c-1772c183b18d|10.1.0.5:15166
2024-02-06 10:02:53,451 [grpc-default-executor-4] INFO  server.RaftServer$Division (RaftServerImpl.java:requestVote(1389)) - 73be6a6b-5fd7-4eac-9d0c-1772c183b18d@group-B5133FD9D28E: receive requestVote(PRE_VOTE, 463d4cd4-93eb-48de-ad15-bb97619fa095, group-B5133FD9D28E, 0, (t:0, i:0))
2024-02-06 10:02:53,452 [grpc-default-executor-4] INFO  impl.VoteContext (VoteContext.java:log(49)) - 73be6a6b-5fd7-4eac-9d0c-1772c183b18d@group-B5133FD9D28E-FOLLOWER: accept PRE_VOTE from 463d4cd4-93eb-48de-ad15-bb97619fa095: our priority 0 <= candidate's priority 1
2024-02-06 10:02:53,452 [grpc-default-executor-4] INFO  server.RaftServer$Division (RaftServerImpl.java:requestVote(1422)) - 73be6a6b-5fd7-4eac-9d0c-1772c183b18d@group-B5133FD9D28E replies to PRE_VOTE vote request: 463d4cd4-93eb-48de-ad15-bb97619fa095<-73be6a6b-5fd7-4eac-9d0c-1772c183b18d#0:OK-t0. Peer's state: 73be6a6b-5fd7-4eac-9d0c-1772c183b18d@group-B5133FD9D28E:t0, leader=null, voted=, raftlog=Memoized:73be6a6b-5fd7-4eac-9d0c-1772c183b18d@group-B5133FD9D28E-SegmentedRaftLog:OPENED:c-1, conf=-1: peers:[463d4cd4-93eb-48de-ad15-bb97619fa095|10.1.0.5:15175, 73be6a6b-5fd7-4eac-9d0c-1772c183b18d|10.1.0.5:15166, 4463a956-bc43-48e2-a5be-041fb54af7fb|10.1.0.5:15157]|listeners:[], old=null
2024-02-06 10:02:53,452 [grpc-default-executor-4] INFO  server.RaftServer$Division (RaftServerImpl.java:requestVote(1389)) - 4463a956-bc43-48e2-a5be-041fb54af7fb@group-B5133FD9D28E: receive requestVote(PRE_VOTE, 463d4cd4-93eb-48de-ad15-bb97619fa095, group-B5133FD9D28E, 0, (t:0, i:0))
2024-02-06 10:02:53,452 [grpc-default-executor-4] INFO  impl.VoteContext (VoteContext.java:log(49)) - 4463a956-bc43-48e2-a5be-041fb54af7fb@group-B5133FD9D28E-FOLLOWER: accept PRE_VOTE from 463d4cd4-93eb-48de-ad15-bb97619fa095: our priority 0 <= candidate's priority 1
2024-02-06 10:02:53,452 [grpc-default-executor-4] INFO  server.RaftServer$Division (RaftServerImpl.java:requestVote(1422)) - 4463a956-bc43-48e2-a5be-041fb54af7fb@group-B5133FD9D28E replies to PRE_VOTE vote request: 463d4cd4-93eb-48de-ad15-bb97619fa095<-4463a956-bc43-48e2-a5be-041fb54af7fb#0:OK-t0. Peer's state: 4463a956-bc43-48e2-a5be-041fb54af7fb@group-B5133FD9D28E:t0, leader=null, voted=, raftlog=Memoized:4463a956-bc43-48e2-a5be-041fb54af7fb@group-B5133FD9D28E-SegmentedRaftLog:OPENED:c-1, conf=-1: peers:[463d4cd4-93eb-48de-ad15-bb97619fa095|10.1.0.5:15175, 73be6a6b-5fd7-4eac-9d0c-1772c183b18d|10.1.0.5:15166, 4463a956-bc43-48e2-a5be-041fb54af7fb|10.1.0.5:15157]|listeners:[], old=null
2024-02-06 10:02:53,453 [463d4cd4-93eb-48de-ad15-bb97619fa095@group-B5133FD9D28E-LeaderElection31] INFO  impl.LeaderElection (LeaderElection.java:logAndReturn(89)) - 463d4cd4-93eb-48de-ad15-bb97619fa095@group-B5133FD9D28E-LeaderElection31: PRE_VOTE PASSED received 1 response(s) and 0 exception(s):
2024-02-06 10:02:53,453 [463d4cd4-93eb-48de-ad15-bb97619fa095@group-B5133FD9D28E-LeaderElection31] INFO  impl.LeaderElection (LeaderElection.java:logAndReturn(93)) -   Response 0: 463d4cd4-93eb-48de-ad15-bb97619fa095<-73be6a6b-5fd7-4eac-9d0c-1772c183b18d#0:OK-t0
2024-02-06 10:02:53,453 [463d4cd4-93eb-48de-ad15-bb97619fa095@group-B5133FD9D28E-LeaderElection31] INFO  impl.LeaderElection (LeaderElection.java:askForVotes(323)) - 463d4cd4-93eb-48de-ad15-bb97619fa095@group-B5133FD9D28E-LeaderElection31 PRE_VOTE round 0: result PASSED
2024-02-06 10:02:53,454 [463d4cd4-93eb-48de-ad15-bb97619fa095@group-B5133FD9D28E-LeaderElection31] INFO  impl.LeaderElection (LeaderElection.java:askForVotes(321)) - 463d4cd4-93eb-48de-ad15-bb97619fa095@group-B5133FD9D28E-LeaderElection31 ELECTION round 0: submit vote requests at term 1 for -1: peers:[463d4cd4-93eb-48de-ad15-bb97619fa095|10.1.0.5:15175, 73be6a6b-5fd7-4eac-9d0c-1772c183b18d|10.1.0.5:15166, 4463a956-bc43-48e2-a5be-041fb54af7fb|10.1.0.5:15157]|listeners:[], old=null
2024-02-06 10:02:53,454 [463d4cd4-93eb-48de-ad15-bb97619fa095@group-B5133FD9D28E-LeaderElection31] INFO  server.RaftServerConfigKeys (ConfUtils.java:logFallback(53)) - raft.server.rpc.first-election.timeout.min = 5s (fallback to raft.server.rpc.timeout.min)
2024-02-06 10:02:53,454 [463d4cd4-93eb-48de-ad15-bb97619fa095@group-B5133FD9D28E-LeaderElection31] INFO  server.RaftServerConfigKeys (ConfUtils.java:logFallback(53)) - raft.server.rpc.first-election.timeout.max = 5200ms (fallback to raft.server.rpc.timeout.max)
2024-02-06 10:02:53,456 [main] INFO  ozone.MiniOzoneClusterImpl (MiniOzoneClusterImpl.java:lambda$waitForClusterToBeReady$0(228)) - Nodes are ready. Got 9 of 9 DN Heartbeats.
2024-02-06 10:02:53,456 [main] INFO  ozone.MiniOzoneClusterImpl (MiniOzoneClusterImpl.java:lambda$waitForClusterToBeReady$0(231)) - Cluster exits safe mode
2024-02-06 10:02:53,457 [main] INFO  ozone.MiniOzoneClusterImpl (MiniOzoneClusterImpl.java:lambda$waitForClusterToBeReady$0(233)) - SCM became leader
2024-02-06 10:02:53,457 [grpc-default-executor-1] INFO  server.RaftServer$Division (RaftServerImpl.java:requestVote(1389)) - 73be6a6b-5fd7-4eac-9d0c-1772c183b18d@group-B5133FD9D28E: receive requestVote(ELECTION, 463d4cd4-93eb-48de-ad15-bb97619fa095, group-B5133FD9D28E, 1, (t:0, i:0))
2024-02-06 10:02:53,457 [grpc-default-executor-1] INFO  impl.VoteContext (VoteContext.java:log(49)) - 73be6a6b-5fd7-4eac-9d0c-1772c183b18d@group-B5133FD9D28E-FOLLOWER: accept ELECTION from 463d4cd4-93eb-48de-ad15-bb97619fa095: our priority 0 <= candidate's priority 1
2024-02-06 10:02:53,457 [grpc-default-executor-1] INFO  server.RaftServer$Division (RaftServerImpl.java:setRole(383)) - 73be6a6b-5fd7-4eac-9d0c-1772c183b18d@group-B5133FD9D28E: changes role from  FOLLOWER to FOLLOWER at term 1 for candidate:463d4cd4-93eb-48de-ad15-bb97619fa095
2024-02-06 10:02:53,457 [grpc-default-executor-1] INFO  impl.RoleInfo (RoleInfo.java:shutdownFollowerState(110)) - 73be6a6b-5fd7-4eac-9d0c-1772c183b18d: shutdown 73be6a6b-5fd7-4eac-9d0c-1772c183b18d@group-B5133FD9D28E-FollowerState
2024-02-06 10:02:53,457 [grpc-default-executor-1] INFO  impl.RoleInfo (RoleInfo.java:updateAndGet(139)) - 73be6a6b-5fd7-4eac-9d0c-1772c183b18d: start 73be6a6b-5fd7-4eac-9d0c-1772c183b18d@group-B5133FD9D28E-FollowerState
2024-02-06 10:02:53,457 [73be6a6b-5fd7-4eac-9d0c-1772c183b18d@group-B5133FD9D28E-FollowerState] INFO  impl.FollowerState (FollowerState.java:run(152)) - 73be6a6b-5fd7-4eac-9d0c-1772c183b18d@group-B5133FD9D28E-FollowerState was interrupted
2024-02-06 10:02:53,458 [main] INFO  protocolPB.OmTransportFactory (OmTransportFactory.java:createFactory(62)) - Loading OM transport implementation org.apache.hadoop.ozone.om.protocolPB.Hadoop3OmTransportFactory as specified by configuration.
2024-02-06 10:02:53,459 [grpc-default-executor-4] INFO  server.RaftServer$Division (RaftServerImpl.java:requestVote(1389)) - 4463a956-bc43-48e2-a5be-041fb54af7fb@group-B5133FD9D28E: receive requestVote(ELECTION, 463d4cd4-93eb-48de-ad15-bb97619fa095, group-B5133FD9D28E, 1, (t:0, i:0))
2024-02-06 10:02:53,459 [grpc-default-executor-4] INFO  impl.VoteContext (VoteContext.java:log(49)) - 4463a956-bc43-48e2-a5be-041fb54af7fb@group-B5133FD9D28E-FOLLOWER: accept ELECTION from 463d4cd4-93eb-48de-ad15-bb97619fa095: our priority 0 <= candidate's priority 1
2024-02-06 10:02:53,459 [grpc-default-executor-4] INFO  server.RaftServer$Division (RaftServerImpl.java:setRole(383)) - 4463a956-bc43-48e2-a5be-041fb54af7fb@group-B5133FD9D28E: changes role from  FOLLOWER to FOLLOWER at term 1 for candidate:463d4cd4-93eb-48de-ad15-bb97619fa095
2024-02-06 10:02:53,459 [grpc-default-executor-4] INFO  impl.RoleInfo (RoleInfo.java:shutdownFollowerState(110)) - 4463a956-bc43-48e2-a5be-041fb54af7fb: shutdown 4463a956-bc43-48e2-a5be-041fb54af7fb@group-B5133FD9D28E-FollowerState
2024-02-06 10:02:53,459 [grpc-default-executor-4] INFO  impl.RoleInfo (RoleInfo.java:updateAndGet(139)) - 4463a956-bc43-48e2-a5be-041fb54af7fb: start 4463a956-bc43-48e2-a5be-041fb54af7fb@group-B5133FD9D28E-FollowerState
2024-02-06 10:02:53,459 [4463a956-bc43-48e2-a5be-041fb54af7fb@group-B5133FD9D28E-FollowerState] INFO  impl.FollowerState (FollowerState.java:run(152)) - 4463a956-bc43-48e2-a5be-041fb54af7fb@group-B5133FD9D28E-FollowerState was interrupted
2024-02-06 10:02:53,459 [grpc-default-executor-4] INFO  server.RaftServer$Division (RaftServerImpl.java:setFirstElection(574)) - 4463a956-bc43-48e2-a5be-041fb54af7fb@group-B5133FD9D28E: set firstElectionSinceStartup to false for candidate:463d4cd4-93eb-48de-ad15-bb97619fa095
2024-02-06 10:02:53,460 [grpc-default-executor-1] INFO  server.RaftServer$Division (RaftServerImpl.java:requestVote(1422)) - 73be6a6b-5fd7-4eac-9d0c-1772c183b18d@group-B5133FD9D28E replies to ELECTION vote request: 463d4cd4-93eb-48de-ad15-bb97619fa095<-73be6a6b-5fd7-4eac-9d0c-1772c183b18d#0:OK-t1. Peer's state: 73be6a6b-5fd7-4eac-9d0c-1772c183b18d@group-B5133FD9D28E:t1, leader=null, voted=463d4cd4-93eb-48de-ad15-bb97619fa095, raftlog=Memoized:73be6a6b-5fd7-4eac-9d0c-1772c183b18d@group-B5133FD9D28E-SegmentedRaftLog:OPENED:c-1, conf=-1: peers:[463d4cd4-93eb-48de-ad15-bb97619fa095|10.1.0.5:15175, 73be6a6b-5fd7-4eac-9d0c-1772c183b18d|10.1.0.5:15166, 4463a956-bc43-48e2-a5be-041fb54af7fb|10.1.0.5:15157]|listeners:[], old=null
2024-02-06 10:02:53,462 [grpc-default-executor-4] INFO  server.RaftServer$Division (RaftServerImpl.java:requestVote(1422)) - 4463a956-bc43-48e2-a5be-041fb54af7fb@group-B5133FD9D28E replies to ELECTION vote request: 463d4cd4-93eb-48de-ad15-bb97619fa095<-4463a956-bc43-48e2-a5be-041fb54af7fb#0:OK-t1. Peer's state: 4463a956-bc43-48e2-a5be-041fb54af7fb@group-B5133FD9D28E:t1, leader=null, voted=463d4cd4-93eb-48de-ad15-bb97619fa095, raftlog=Memoized:4463a956-bc43-48e2-a5be-041fb54af7fb@group-B5133FD9D28E-SegmentedRaftLog:OPENED:c-1, conf=-1: peers:[463d4cd4-93eb-48de-ad15-bb97619fa095|10.1.0.5:15175, 73be6a6b-5fd7-4eac-9d0c-1772c183b18d|10.1.0.5:15166, 4463a956-bc43-48e2-a5be-041fb54af7fb|10.1.0.5:15157]|listeners:[], old=null
2024-02-06 10:02:53,462 [463d4cd4-93eb-48de-ad15-bb97619fa095@group-B5133FD9D28E-LeaderElection31] INFO  impl.LeaderElection (LeaderElection.java:logAndReturn(89)) - 463d4cd4-93eb-48de-ad15-bb97619fa095@group-B5133FD9D28E-LeaderElection31: ELECTION PASSED received 1 response(s) and 0 exception(s):
2024-02-06 10:02:53,462 [463d4cd4-93eb-48de-ad15-bb97619fa095@group-B5133FD9D28E-LeaderElection31] INFO  impl.LeaderElection (LeaderElection.java:logAndReturn(93)) -   Response 0: 463d4cd4-93eb-48de-ad15-bb97619fa095<-4463a956-bc43-48e2-a5be-041fb54af7fb#0:OK-t1
2024-02-06 10:02:53,462 [463d4cd4-93eb-48de-ad15-bb97619fa095@group-B5133FD9D28E-LeaderElection31] INFO  impl.LeaderElection (LeaderElection.java:askForVotes(323)) - 463d4cd4-93eb-48de-ad15-bb97619fa095@group-B5133FD9D28E-LeaderElection31 ELECTION round 0: result PASSED
2024-02-06 10:02:53,462 [463d4cd4-93eb-48de-ad15-bb97619fa095@group-B5133FD9D28E-LeaderElection31] INFO  impl.RoleInfo (RoleInfo.java:shutdownLeaderElection(130)) - 463d4cd4-93eb-48de-ad15-bb97619fa095: shutdown 463d4cd4-93eb-48de-ad15-bb97619fa095@group-B5133FD9D28E-LeaderElection31
2024-02-06 10:02:53,463 [463d4cd4-93eb-48de-ad15-bb97619fa095@group-B5133FD9D28E-LeaderElection31] INFO  server.RaftServer$Division (RaftServerImpl.java:setRole(383)) - 463d4cd4-93eb-48de-ad15-bb97619fa095@group-B5133FD9D28E: changes role from CANDIDATE to LEADER at term 1 for changeToLeader
2024-02-06 10:02:53,463 [463d4cd4-93eb-48de-ad15-bb97619fa095@group-B5133FD9D28E-LeaderElection31] INFO  server.RaftServerConfigKeys (ConfUtils.java:logGet(46)) - raft.server.staging.catchup.gap = 1000 (default)
2024-02-06 10:02:53,463 [463d4cd4-93eb-48de-ad15-bb97619fa095@group-B5133FD9D28E-LeaderElection31] INFO  server.RaftServerConfigKeys (ConfUtils.java:logGet(46)) - raft.server.write.element-limit = 1024 (custom)
2024-02-06 10:02:53,463 [463d4cd4-93eb-48de-ad15-bb97619fa095@group-B5133FD9D28E-LeaderElection31] INFO  server.RaftServerConfigKeys (ConfUtils.java:logGet(46)) - raft.server.write.byte-limit = 1024 M (=1073741824) (custom)
2024-02-06 10:02:53,463 [463d4cd4-93eb-48de-ad15-bb97619fa095@group-B5133FD9D28E-LeaderElection31] INFO  server.RaftServerConfigKeys (ConfUtils.java:logGet(46)) - raft.server.watch.timeout = 3000ms (custom)
2024-02-06 10:02:53,463 [463d4cd4-93eb-48de-ad15-bb97619fa095@group-B5133FD9D28E-LeaderElection31] INFO  server.RaftServerConfigKeys (ConfUtils.java:logGet(46)) - raft.server.watch.timeout.denomination = 1s (default)
2024-02-06 10:02:53,463 [463d4cd4-93eb-48de-ad15-bb97619fa095@group-B5133FD9D28E-LeaderElection31] INFO  server.RaftServerConfigKeys (ConfUtils.java:logGet(46)) - raft.server.watch.element-limit = 65536 (default)
2024-02-06 10:02:53,463 [463d4cd4-93eb-48de-ad15-bb97619fa095@group-B5133FD9D28E-LeaderElection31] INFO  server.RaftServerConfigKeys (ConfUtils.java:logGet(46)) - raft.server.read.leader.lease.enabled = false (default)
2024-02-06 10:02:53,463 [463d4cd4-93eb-48de-ad15-bb97619fa095@group-B5133FD9D28E-LeaderElection31] INFO  server.RaftServerConfigKeys (ConfUtils.java:logGet(46)) - raft.server.read.leader.lease.timeout.ratio = 0.9 (default)
2024-02-06 10:02:53,463 [463d4cd4-93eb-48de-ad15-bb97619fa095@group-B5133FD9D28E-LeaderElection31] INFO  server.RaftServerConfigKeys (ConfUtils.java:logGet(46)) - raft.server.rpc.timeout.min = 5s (custom)
2024-02-06 10:02:53,463 [463d4cd4-93eb-48de-ad15-bb97619fa095@group-B5133FD9D28E-LeaderElection31] INFO  server.RaftServerConfigKeys (ConfUtils.java:logGet(46)) - raft.server.write.element-limit = 1024 (custom)
2024-02-06 10:02:53,464 [463d4cd4-93eb-48de-ad15-bb97619fa095@group-B5133FD9D28E-LeaderElection31] INFO  server.RaftServerConfigKeys (ConfUtils.java:logGet(46)) - raft.server.write.follower.gap.ratio.max = -1.0 (default)
2024-02-06 10:02:53,464 [463d4cd4-93eb-48de-ad15-bb97619fa095@group-B5133FD9D28E-LeaderElection31] INFO  server.RaftServerConfigKeys (ConfUtils.java:logGet(46)) - raft.server.log.appender.snapshot.chunk.size.max = 16MB (=16777216) (default)
2024-02-06 10:02:53,464 [463d4cd4-93eb-48de-ad15-bb97619fa095@group-B5133FD9D28E-LeaderElection31] INFO  server.RaftServerConfigKeys (ConfUtils.java:logGet(46)) - raft.server.log.appender.buffer.byte-limit = 8388608 (custom)
2024-02-06 10:02:53,464 [main] INFO  rpc.RpcClient (RpcClient.java:createVolume(455)) - Creating Volume: watchforcommithandlingtest, with runner as owner and space quota set to -1 bytes, counts quota set to -1
2024-02-06 10:02:53,464 [463d4cd4-93eb-48de-ad15-bb97619fa095@group-B5133FD9D28E-LeaderElection31] INFO  server.RaftServerConfigKeys (ConfUtils.java:logGet(46)) - raft.server.log.appender.buffer.element-limit = 1 (custom)
2024-02-06 10:02:53,464 [463d4cd4-93eb-48de-ad15-bb97619fa095@group-B5133FD9D28E-LeaderElection31] INFO  server.RaftServerConfigKeys (ConfUtils.java:logGet(46)) - raft.server.log.appender.wait-time.min = 0ms (custom)
2024-02-06 10:02:53,464 [463d4cd4-93eb-48de-ad15-bb97619fa095@group-B5133FD9D28E-LeaderElection31] INFO  grpc.GrpcConfigKeys (ConfUtils.java:logGet(46)) - raft.grpc.server.leader.outstanding.appends.max = 8 (default)
2024-02-06 10:02:53,464 [463d4cd4-93eb-48de-ad15-bb97619fa095@group-B5133FD9D28E-LeaderElection31] INFO  server.RaftServerConfigKeys (ConfUtils.java:logGet(46)) - raft.server.rpc.request.timeout = 3000ms (default)
2024-02-06 10:02:53,464 [463d4cd4-93eb-48de-ad15-bb97619fa095@group-B5133FD9D28E-LeaderElection31] INFO  grpc.GrpcConfigKeys (ConfUtils.java:logGet(46)) - raft.grpc.server.install_snapshot.request.element-limit = 8 (default)
2024-02-06 10:02:53,465 [463d4cd4-93eb-48de-ad15-bb97619fa095@group-B5133FD9D28E-LeaderElection31] INFO  grpc.GrpcConfigKeys (ConfUtils.java:logGet(46)) - raft.grpc.server.install_snapshot.request.timeout = 3000ms (default)
2024-02-06 10:02:53,465 [463d4cd4-93eb-48de-ad15-bb97619fa095@group-B5133FD9D28E-LeaderElection31] INFO  grpc.GrpcConfigKeys (ConfUtils.java:logGet(46)) - raft.grpc.server.log-message.batch.duration = 5s (default)
2024-02-06 10:02:53,465 [463d4cd4-93eb-48de-ad15-bb97619fa095@group-B5133FD9D28E-LeaderElection31] INFO  server.RaftServerConfigKeys (ConfUtils.java:logGet(46)) - raft.server.log.appender.install.snapshot.enabled = false (custom)
2024-02-06 10:02:53,465 [463d4cd4-93eb-48de-ad15-bb97619fa095@group-B5133FD9D28E-LeaderElection31] INFO  grpc.GrpcConfigKeys (ConfUtils.java:logGet(46)) - raft.grpc.server.heartbeat.channel = true (default)
2024-02-06 10:02:53,466 [463d4cd4-93eb-48de-ad15-bb97619fa095@group-B5133FD9D28E-LeaderElection31] INFO  server.RaftServerConfigKeys (ConfUtils.java:logGet(46)) - raft.server.log.appender.snapshot.chunk.size.max = 16MB (=16777216) (default)
2024-02-06 10:02:53,466 [463d4cd4-93eb-48de-ad15-bb97619fa095@group-B5133FD9D28E-LeaderElection31] INFO  server.RaftServerConfigKeys (ConfUtils.java:logGet(46)) - raft.server.log.appender.buffer.byte-limit = 8388608 (custom)
2024-02-06 10:02:53,466 [463d4cd4-93eb-48de-ad15-bb97619fa095@group-B5133FD9D28E-LeaderElection31] INFO  server.RaftServerConfigKeys (ConfUtils.java:logGet(46)) - raft.server.log.appender.buffer.element-limit = 1 (custom)
2024-02-06 10:02:53,466 [463d4cd4-93eb-48de-ad15-bb97619fa095@group-B5133FD9D28E-LeaderElection31] INFO  server.RaftServerConfigKeys (ConfUtils.java:logGet(46)) - raft.server.log.appender.wait-time.min = 0ms (custom)
2024-02-06 10:02:53,467 [463d4cd4-93eb-48de-ad15-bb97619fa095@group-B5133FD9D28E-LeaderElection31] INFO  grpc.GrpcConfigKeys (ConfUtils.java:logGet(46)) - raft.grpc.server.leader.outstanding.appends.max = 8 (default)
2024-02-06 10:02:53,467 [463d4cd4-93eb-48de-ad15-bb97619fa095@group-B5133FD9D28E-LeaderElection31] INFO  server.RaftServerConfigKeys (ConfUtils.java:logGet(46)) - raft.server.rpc.request.timeout = 3000ms (default)
2024-02-06 10:02:53,467 [463d4cd4-93eb-48de-ad15-bb97619fa095@group-B5133FD9D28E-LeaderElection31] INFO  grpc.GrpcConfigKeys (ConfUtils.java:logGet(46)) - raft.grpc.server.install_snapshot.request.element-limit = 8 (default)
2024-02-06 10:02:53,467 [463d4cd4-93eb-48de-ad15-bb97619fa095@group-B5133FD9D28E-LeaderElection31] INFO  grpc.GrpcConfigKeys (ConfUtils.java:logGet(46)) - raft.grpc.server.install_snapshot.request.timeout = 3000ms (default)
2024-02-06 10:02:53,467 [463d4cd4-93eb-48de-ad15-bb97619fa095@group-B5133FD9D28E-LeaderElection31] INFO  grpc.GrpcConfigKeys (ConfUtils.java:logGet(46)) - raft.grpc.server.log-message.batch.duration = 5s (default)
2024-02-06 10:02:53,467 [463d4cd4-93eb-48de-ad15-bb97619fa095@group-B5133FD9D28E-LeaderElection31] INFO  server.RaftServerConfigKeys (ConfUtils.java:logGet(46)) - raft.server.log.appender.install.snapshot.enabled = false (custom)
2024-02-06 10:02:53,467 [463d4cd4-93eb-48de-ad15-bb97619fa095@group-B5133FD9D28E-LeaderElection31] INFO  grpc.GrpcConfigKeys (ConfUtils.java:logGet(46)) - raft.grpc.server.heartbeat.channel = true (default)
2024-02-06 10:02:53,467 [463d4cd4-93eb-48de-ad15-bb97619fa095@group-B5133FD9D28E-LeaderElection31] INFO  impl.RoleInfo (RoleInfo.java:updateAndGet(139)) - 463d4cd4-93eb-48de-ad15-bb97619fa095: start 463d4cd4-93eb-48de-ad15-bb97619fa095@group-B5133FD9D28E-LeaderStateImpl
2024-02-06 10:02:53,467 [463d4cd4-93eb-48de-ad15-bb97619fa095@group-B5133FD9D28E-LeaderElection31] INFO  server.RaftServer$Division (RaftServerImpl.java:setFirstElection(574)) - 463d4cd4-93eb-48de-ad15-bb97619fa095@group-B5133FD9D28E: set firstElectionSinceStartup to false for becomeLeader
2024-02-06 10:02:53,467 [463d4cd4-93eb-48de-ad15-bb97619fa095@group-B5133FD9D28E-LeaderElection31] INFO  ratis.XceiverServerRatis (XceiverServerRatis.java:handleLeaderChangedNotification(966)) - Leader change notification received for group: group-B5133FD9D28E with new leaderId: 463d4cd4-93eb-48de-ad15-bb97619fa095
2024-02-06 10:02:53,468 [463d4cd4-93eb-48de-ad15-bb97619fa095@group-B5133FD9D28E-LeaderElection31] INFO  server.RaftServer$Division (ServerState.java:setLeader(269)) - 463d4cd4-93eb-48de-ad15-bb97619fa095@group-B5133FD9D28E: change Leader from null to 463d4cd4-93eb-48de-ad15-bb97619fa095 at term 1 for becomeLeader, leader elected after 5188ms
2024-02-06 10:02:53,468 [463d4cd4-93eb-48de-ad15-bb97619fa095@group-B5133FD9D28E-LeaderElection31] INFO  segmented.SegmentedRaftLogWorker (SegmentedRaftLogWorker.java:startLogSegment(430)) - 463d4cd4-93eb-48de-ad15-bb97619fa095@group-B5133FD9D28E-SegmentedRaftLogWorker: Starting segment from index:0
2024-02-06 10:02:53,468 [73be6a6b-5fd7-4eac-9d0c-1772c183b18d@group-B48B9D031783-FollowerState] INFO  impl.FollowerState (FollowerState.java:run(143)) - 73be6a6b-5fd7-4eac-9d0c-1772c183b18d@group-B48B9D031783-FollowerState: change to CANDIDATE, lastRpcElapsedTime:5093520019ns, electionTimeout:5090ms
2024-02-06 10:02:53,468 [73be6a6b-5fd7-4eac-9d0c-1772c183b18d@group-B48B9D031783-FollowerState] INFO  impl.RoleInfo (RoleInfo.java:shutdownFollowerState(110)) - 73be6a6b-5fd7-4eac-9d0c-1772c183b18d: shutdown 73be6a6b-5fd7-4eac-9d0c-1772c183b18d@group-B48B9D031783-FollowerState
2024-02-06 10:02:53,468 [73be6a6b-5fd7-4eac-9d0c-1772c183b18d@group-B48B9D031783-FollowerState] INFO  server.RaftServer$Division (RaftServerImpl.java:setRole(383)) - 73be6a6b-5fd7-4eac-9d0c-1772c183b18d@group-B48B9D031783: changes role from  FOLLOWER to CANDIDATE at term 0 for changeToCandidate
2024-02-06 10:02:53,468 [73be6a6b-5fd7-4eac-9d0c-1772c183b18d@group-B48B9D031783-FollowerState] INFO  server.RaftServerConfigKeys (ConfUtils.java:logGet(46)) - raft.server.leaderelection.pre-vote = true (default)
2024-02-06 10:02:53,468 [73be6a6b-5fd7-4eac-9d0c-1772c183b18d@group-B48B9D031783-FollowerState] INFO  impl.RoleInfo (RoleInfo.java:updateAndGet(139)) - 73be6a6b-5fd7-4eac-9d0c-1772c183b18d: start 73be6a6b-5fd7-4eac-9d0c-1772c183b18d@group-B48B9D031783-LeaderElection32
2024-02-06 10:02:53,468 [463d4cd4-93eb-48de-ad15-bb97619fa095@group-B5133FD9D28E-SegmentedRaftLogWorker] INFO  segmented.BufferedWriteChannel (BufferedWriteChannel.java:open(62)) - open log_inprogress_0 at position 0
2024-02-06 10:02:53,470 [463d4cd4-93eb-48de-ad15-bb97619fa095@group-B5133FD9D28E-LeaderElection31] INFO  server.RaftServer$Division (ServerState.java:setRaftConf(386)) - 463d4cd4-93eb-48de-ad15-bb97619fa095@group-B5133FD9D28E: set configuration 0: peers:[463d4cd4-93eb-48de-ad15-bb97619fa095|10.1.0.5:15175, 73be6a6b-5fd7-4eac-9d0c-1772c183b18d|10.1.0.5:15166, 4463a956-bc43-48e2-a5be-041fb54af7fb|10.1.0.5:15157]|listeners:[], old=null
2024-02-06 10:02:53,470 [73be6a6b-5fd7-4eac-9d0c-1772c183b18d@group-B48B9D031783-LeaderElection32] INFO  impl.LeaderElection (LeaderElection.java:askForVotes(321)) - 73be6a6b-5fd7-4eac-9d0c-1772c183b18d@group-B48B9D031783-LeaderElection32 PRE_VOTE round 0: submit vote requests at term 0 for -1: peers:[73be6a6b-5fd7-4eac-9d0c-1772c183b18d|10.1.0.5:15166]|listeners:[], old=null
2024-02-06 10:02:53,470 [73be6a6b-5fd7-4eac-9d0c-1772c183b18d@group-B48B9D031783-LeaderElection32] INFO  impl.LeaderElection (LeaderElection.java:askForVotes(323)) - 73be6a6b-5fd7-4eac-9d0c-1772c183b18d@group-B48B9D031783-LeaderElection32 PRE_VOTE round 0: result PASSED (term=0)
2024-02-06 10:02:53,472 [73be6a6b-5fd7-4eac-9d0c-1772c183b18d@group-B48B9D031783-LeaderElection32] INFO  impl.LeaderElection (LeaderElection.java:askForVotes(321)) - 73be6a6b-5fd7-4eac-9d0c-1772c183b18d@group-B48B9D031783-LeaderElection32 ELECTION round 0: submit vote requests at term 1 for -1: peers:[73be6a6b-5fd7-4eac-9d0c-1772c183b18d|10.1.0.5:15166]|listeners:[], old=null
2024-02-06 10:02:53,472 [73be6a6b-5fd7-4eac-9d0c-1772c183b18d@group-B48B9D031783-LeaderElection32] INFO  impl.LeaderElection (LeaderElection.java:askForVotes(323)) - 73be6a6b-5fd7-4eac-9d0c-1772c183b18d@group-B48B9D031783-LeaderElection32 ELECTION round 0: result PASSED (term=1)
2024-02-06 10:02:53,472 [73be6a6b-5fd7-4eac-9d0c-1772c183b18d@group-B48B9D031783-LeaderElection32] INFO  impl.RoleInfo (RoleInfo.java:shutdownLeaderElection(130)) - 73be6a6b-5fd7-4eac-9d0c-1772c183b18d: shutdown 73be6a6b-5fd7-4eac-9d0c-1772c183b18d@group-B48B9D031783-LeaderElection32
2024-02-06 10:02:53,472 [73be6a6b-5fd7-4eac-9d0c-1772c183b18d@group-B48B9D031783-LeaderElection32] INFO  server.RaftServer$Division (RaftServerImpl.java:setRole(383)) - 73be6a6b-5fd7-4eac-9d0c-1772c183b18d@group-B48B9D031783: changes role from CANDIDATE to LEADER at term 1 for changeToLeader
2024-02-06 10:02:53,473 [73be6a6b-5fd7-4eac-9d0c-1772c183b18d@group-B48B9D031783-LeaderElection32] INFO  server.RaftServerConfigKeys (ConfUtils.java:logGet(46)) - raft.server.staging.catchup.gap = 1000 (default)
2024-02-06 10:02:53,478 [EventQueue-PipelineReportForPipelineReportHandler] INFO  pipeline.PipelineReportHandler (PipelineReportHandler.java:processPipelineReport(136)) - Opened pipeline PipelineID=19c338fc-2932-4906-b65b-b5133fd9d28e
2024-02-06 10:02:53,481 [4463a956-bc43-48e2-a5be-041fb54af7fb-server-thread1] INFO  ratis.XceiverServerRatis (XceiverServerRatis.java:handleLeaderChangedNotification(966)) - Leader change notification received for group: group-B5133FD9D28E with new leaderId: 463d4cd4-93eb-48de-ad15-bb97619fa095
2024-02-06 10:02:53,481 [4463a956-bc43-48e2-a5be-041fb54af7fb-server-thread1] INFO  server.RaftServer$Division (ServerState.java:setLeader(269)) - 4463a956-bc43-48e2-a5be-041fb54af7fb@group-B5133FD9D28E: change Leader from null to 463d4cd4-93eb-48de-ad15-bb97619fa095 at term 1 for appendEntries, leader elected after 5219ms
2024-02-06 10:02:53,484 [73be6a6b-5fd7-4eac-9d0c-1772c183b18d@group-B48B9D031783-LeaderElection32] INFO  server.RaftServerConfigKeys (ConfUtils.java:logGet(46)) - raft.server.write.element-limit = 1024 (custom)
2024-02-06 10:02:53,484 [463d4cd4-93eb-48de-ad15-bb97619fa095@group-B5133FD9D28E-SegmentedRaftLogWorker] INFO  segmented.SegmentedRaftLogWorker (SegmentedRaftLogWorker.java:execute(634)) - 463d4cd4-93eb-48de-ad15-bb97619fa095@group-B5133FD9D28E-SegmentedRaftLogWorker: created new log segment /home/runner/work/ozone/ozone/hadoop-ozone/integration-test/target/test-dir/MiniOzoneClusterImpl-aff9c889-8dd2-4f79-ab57-76a0adc13766/datanode-8/data/ratis/19c338fc-2932-4906-b65b-b5133fd9d28e/current/log_inprogress_0
2024-02-06 10:02:53,484 [73be6a6b-5fd7-4eac-9d0c-1772c183b18d@group-B48B9D031783-LeaderElection32] INFO  server.RaftServerConfigKeys (ConfUtils.java:logGet(46)) - raft.server.write.byte-limit = 1024 M (=1073741824) (custom)
2024-02-06 10:02:53,494 [73be6a6b-5fd7-4eac-9d0c-1772c183b18d@group-B48B9D031783-LeaderElection32] INFO  server.RaftServerConfigKeys (ConfUtils.java:logGet(46)) - raft.server.watch.timeout = 3000ms (custom)
2024-02-06 10:02:53,494 [73be6a6b-5fd7-4eac-9d0c-1772c183b18d@group-B48B9D031783-LeaderElection32] INFO  server.RaftServerConfigKeys (ConfUtils.java:logGet(46)) - raft.server.watch.timeout.denomination = 1s (default)
2024-02-06 10:02:53,494 [73be6a6b-5fd7-4eac-9d0c-1772c183b18d@group-B48B9D031783-LeaderElection32] INFO  server.RaftServerConfigKeys (ConfUtils.java:logGet(46)) - raft.server.watch.element-limit = 65536 (default)
2024-02-06 10:02:53,494 [73be6a6b-5fd7-4eac-9d0c-1772c183b18d@group-B48B9D031783-LeaderElection32] INFO  server.RaftServerConfigKeys (ConfUtils.java:logGet(46)) - raft.server.read.leader.lease.enabled = false (default)
2024-02-06 10:02:53,494 [73be6a6b-5fd7-4eac-9d0c-1772c183b18d@group-B48B9D031783-LeaderElection32] INFO  server.RaftServerConfigKeys (ConfUtils.java:logGet(46)) - raft.server.read.leader.lease.timeout.ratio = 0.9 (default)
2024-02-06 10:02:53,494 [73be6a6b-5fd7-4eac-9d0c-1772c183b18d@group-B48B9D031783-LeaderElection32] INFO  server.RaftServerConfigKeys (ConfUtils.java:logGet(46)) - raft.server.rpc.timeout.min = 5s (custom)
2024-02-06 10:02:53,494 [73be6a6b-5fd7-4eac-9d0c-1772c183b18d@group-B48B9D031783-LeaderElection32] INFO  server.RaftServerConfigKeys (ConfUtils.java:logGet(46)) - raft.server.write.element-limit = 1024 (custom)
2024-02-06 10:02:53,494 [73be6a6b-5fd7-4eac-9d0c-1772c183b18d@group-B48B9D031783-LeaderElection32] INFO  server.RaftServerConfigKeys (ConfUtils.java:logGet(46)) - raft.server.write.follower.gap.ratio.max = -1.0 (default)
2024-02-06 10:02:53,494 [73be6a6b-5fd7-4eac-9d0c-1772c183b18d@group-B48B9D031783-LeaderElection32] INFO  impl.RoleInfo (RoleInfo.java:updateAndGet(139)) - 73be6a6b-5fd7-4eac-9d0c-1772c183b18d: start 73be6a6b-5fd7-4eac-9d0c-1772c183b18d@group-B48B9D031783-LeaderStateImpl
2024-02-06 10:02:53,494 [73be6a6b-5fd7-4eac-9d0c-1772c183b18d@group-B48B9D031783-LeaderElection32] INFO  server.RaftServer$Division (RaftServerImpl.java:setFirstElection(574)) - 73be6a6b-5fd7-4eac-9d0c-1772c183b18d@group-B48B9D031783: set firstElectionSinceStartup to false for becomeLeader
2024-02-06 10:02:53,494 [73be6a6b-5fd7-4eac-9d0c-1772c183b18d@group-B48B9D031783-LeaderElection32] INFO  ratis.XceiverServerRatis (XceiverServerRatis.java:handleLeaderChangedNotification(966)) - Leader change notification received for group: group-B48B9D031783 with new leaderId: 73be6a6b-5fd7-4eac-9d0c-1772c183b18d
2024-02-06 10:02:53,496 [73be6a6b-5fd7-4eac-9d0c-1772c183b18d@group-B48B9D031783-LeaderElection32] INFO  server.RaftServer$Division (ServerState.java:setLeader(269)) - 73be6a6b-5fd7-4eac-9d0c-1772c183b18d@group-B48B9D031783: change Leader from null to 73be6a6b-5fd7-4eac-9d0c-1772c183b18d at term 1 for becomeLeader, leader elected after 5140ms
2024-02-06 10:02:53,496 [73be6a6b-5fd7-4eac-9d0c-1772c183b18d@group-B48B9D031783-LeaderElection32] INFO  segmented.SegmentedRaftLogWorker (SegmentedRaftLogWorker.java:startLogSegment(430)) - 73be6a6b-5fd7-4eac-9d0c-1772c183b18d@group-B48B9D031783-SegmentedRaftLogWorker: Starting segment from index:0
2024-02-06 10:02:53,496 [om1-OMStateMachineApplyTransactionThread - 0] INFO  volume.OMVolumeCreateRequest (OMVolumeCreateRequest.java:validateAndUpdateCache(198)) - created volume:watchforcommithandlingtest for user:runner
2024-02-06 10:02:53,498 [73be6a6b-5fd7-4eac-9d0c-1772c183b18d@group-B48B9D031783-SegmentedRaftLogWorker] INFO  segmented.BufferedWriteChannel (BufferedWriteChannel.java:open(62)) - open log_inprogress_0 at position 0
2024-02-06 10:02:53,497 [4463a956-bc43-48e2-a5be-041fb54af7fb-server-thread2] INFO  server.RaftServer$Division (ServerState.java:setRaftConf(386)) - 4463a956-bc43-48e2-a5be-041fb54af7fb@group-B5133FD9D28E: set configuration 0: peers:[463d4cd4-93eb-48de-ad15-bb97619fa095|10.1.0.5:15175, 73be6a6b-5fd7-4eac-9d0c-1772c183b18d|10.1.0.5:15166, 4463a956-bc43-48e2-a5be-041fb54af7fb|10.1.0.5:15157]|listeners:[], old=null
2024-02-06 10:02:53,500 [4463a956-bc43-48e2-a5be-041fb54af7fb-server-thread2] INFO  segmented.SegmentedRaftLogWorker (SegmentedRaftLogWorker.java:startLogSegment(430)) - 4463a956-bc43-48e2-a5be-041fb54af7fb@group-B5133FD9D28E-SegmentedRaftLogWorker: Starting segment from index:0
2024-02-06 10:02:53,500 [4463a956-bc43-48e2-a5be-041fb54af7fb@group-B5133FD9D28E-SegmentedRaftLogWorker] INFO  segmented.BufferedWriteChannel (BufferedWriteChannel.java:open(62)) - open log_inprogress_0 at position 0
2024-02-06 10:02:53,502 [73be6a6b-5fd7-4eac-9d0c-1772c183b18d-server-thread2] INFO  ratis.XceiverServerRatis (XceiverServerRatis.java:handleLeaderChangedNotification(966)) - Leader change notification received for group: group-B5133FD9D28E with new leaderId: 463d4cd4-93eb-48de-ad15-bb97619fa095
2024-02-06 10:02:53,502 [73be6a6b-5fd7-4eac-9d0c-1772c183b18d-server-thread2] INFO  server.RaftServer$Division (ServerState.java:setLeader(269)) - 73be6a6b-5fd7-4eac-9d0c-1772c183b18d@group-B5133FD9D28E: change Leader from null to 463d4cd4-93eb-48de-ad15-bb97619fa095 at term 1 for appendEntries, leader elected after 5189ms
2024-02-06 10:02:53,505 [73be6a6b-5fd7-4eac-9d0c-1772c183b18d@group-B48B9D031783-LeaderElection32] INFO  server.RaftServer$Division (ServerState.java:setRaftConf(386)) - 73be6a6b-5fd7-4eac-9d0c-1772c183b18d@group-B48B9D031783: set configuration 0: peers:[73be6a6b-5fd7-4eac-9d0c-1772c183b18d|10.1.0.5:15166]|listeners:[], old=null
2024-02-06 10:02:53,506 [main] INFO  rpc.RpcClient (RpcClient.java:createBucket(682)) - Creating Bucket: watchforcommithandlingtest/watchforcommithandlingtest, with server-side default bucket layout, runner as owner, Versioning false, Storage Type set to DISK and Encryption set to false, Replication Type set to server-side default replication type, Namespace Quota set to -1, Space Quota set to -1 
2024-02-06 10:02:53,506 [73be6a6b-5fd7-4eac-9d0c-1772c183b18d-server-thread2] INFO  server.RaftServer$Division (ServerState.java:setRaftConf(386)) - 73be6a6b-5fd7-4eac-9d0c-1772c183b18d@group-B5133FD9D28E: set configuration 0: peers:[463d4cd4-93eb-48de-ad15-bb97619fa095|10.1.0.5:15175, 73be6a6b-5fd7-4eac-9d0c-1772c183b18d|10.1.0.5:15166, 4463a956-bc43-48e2-a5be-041fb54af7fb|10.1.0.5:15157]|listeners:[], old=null
2024-02-06 10:02:53,507 [73be6a6b-5fd7-4eac-9d0c-1772c183b18d-server-thread2] INFO  segmented.SegmentedRaftLogWorker (SegmentedRaftLogWorker.java:startLogSegment(430)) - 73be6a6b-5fd7-4eac-9d0c-1772c183b18d@group-B5133FD9D28E-SegmentedRaftLogWorker: Starting segment from index:0
2024-02-06 10:02:53,508 [73be6a6b-5fd7-4eac-9d0c-1772c183b18d@group-B5133FD9D28E-SegmentedRaftLogWorker] INFO  segmented.BufferedWriteChannel (BufferedWriteChannel.java:open(62)) - open log_inprogress_0 at position 0
2024-02-06 10:02:53,512 [4463a956-bc43-48e2-a5be-041fb54af7fb@group-B5133FD9D28E-SegmentedRaftLogWorker] INFO  segmented.SegmentedRaftLogWorker (SegmentedRaftLogWorker.java:execute(634)) - 4463a956-bc43-48e2-a5be-041fb54af7fb@group-B5133FD9D28E-SegmentedRaftLogWorker: created new log segment /home/runner/work/ozone/ozone/hadoop-ozone/integration-test/target/test-dir/MiniOzoneClusterImpl-aff9c889-8dd2-4f79-ab57-76a0adc13766/datanode-6/data/ratis/19c338fc-2932-4906-b65b-b5133fd9d28e/current/log_inprogress_0
2024-02-06 10:02:53,513 [73be6a6b-5fd7-4eac-9d0c-1772c183b18d@group-B48B9D031783-SegmentedRaftLogWorker] INFO  segmented.SegmentedRaftLogWorker (SegmentedRaftLogWorker.java:execute(634)) - 73be6a6b-5fd7-4eac-9d0c-1772c183b18d@group-B48B9D031783-SegmentedRaftLogWorker: created new log segment /home/runner/work/ozone/ozone/hadoop-ozone/integration-test/target/test-dir/MiniOzoneClusterImpl-aff9c889-8dd2-4f79-ab57-76a0adc13766/datanode-7/data/ratis/d786f4e4-63b0-422d-bd41-b48b9d031783/current/log_inprogress_0
2024-02-06 10:02:53,515 [om1-OMStateMachineApplyTransactionThread - 0] INFO  bucket.OMBucketCreateRequest (OMBucketCreateRequest.java:validateAndUpdateCache(292)) - created bucket: watchforcommithandlingtest of layout FILE_SYSTEM_OPTIMIZED in volume: watchforcommithandlingtest
2024-02-06 10:02:53,525 [73be6a6b-5fd7-4eac-9d0c-1772c183b18d@group-B5133FD9D28E-SegmentedRaftLogWorker] INFO  segmented.SegmentedRaftLogWorker (SegmentedRaftLogWorker.java:execute(634)) - 73be6a6b-5fd7-4eac-9d0c-1772c183b18d@group-B5133FD9D28E-SegmentedRaftLogWorker: created new log segment /home/runner/work/ozone/ozone/hadoop-ozone/integration-test/target/test-dir/MiniOzoneClusterImpl-aff9c889-8dd2-4f79-ab57-76a0adc13766/datanode-7/data/ratis/19c338fc-2932-4906-b65b-b5133fd9d28e/current/log_inprogress_0
2024-02-06 10:02:53,529 [73be6a6b-5fd7-4eac-9d0c-1772c183b18d@group-B48B9D031783-StateMachineUpdater] INFO  server.RaftServer$Division (LeaderStateImpl.java:isApplied(320)) - leader is ready since appliedIndex == 0 >= startIndex == 0
2024-02-06 10:02:53,529 [463d4cd4-93eb-48de-ad15-bb97619fa095@group-B5133FD9D28E-StateMachineUpdater] INFO  server.RaftServer$Division (LeaderStateImpl.java:isApplied(320)) - leader is ready since appliedIndex == 0 >= startIndex == 0
2024-02-06 10:02:53,528 [IPC Server handler 0 on default port 15089] INFO  ha.SequenceIdGenerator (SequenceIdGenerator.java:getNextId(145)) - Allocate a batch for containerId, change lastId from 0 to 1000.
2024-02-06 10:02:53,573 [main] INFO  ozoneimpl.OzoneContainer (OzoneContainer.java:stop(481)) - Attempting to stop container services.
2024-02-06 10:02:53,574 [main] INFO  server.RaftServer (RaftServerProxy.java:lambda$close$9(416)) - 07380eda-3c62-4610-a005-d4af5e2d732d: close
2024-02-06 10:02:53,574 [07380eda-3c62-4610-a005-d4af5e2d732d-impl-thread1] INFO  server.RaftServer$Division (RaftServerImpl.java:lambda$close$3(526)) - 07380eda-3c62-4610-a005-d4af5e2d732d@group-B36D316A6573: shutdown
2024-02-06 10:02:53,574 [07380eda-3c62-4610-a005-d4af5e2d732d-impl-thread1] INFO  util.JmxRegister (JmxRegister.java:unregister(73)) - Successfully un-registered JMX Bean with object name Ratis:service=RaftServer,group=group-B36D316A6573,id=07380eda-3c62-4610-a005-d4af5e2d732d
2024-02-06 10:02:53,574 [07380eda-3c62-4610-a005-d4af5e2d732d-impl-thread1] INFO  impl.RoleInfo (RoleInfo.java:shutdownLeaderState(94)) - 07380eda-3c62-4610-a005-d4af5e2d732d: shutdown 07380eda-3c62-4610-a005-d4af5e2d732d@group-B36D316A6573-LeaderStateImpl
2024-02-06 10:02:53,574 [07380eda-3c62-4610-a005-d4af5e2d732d-impl-thread1] INFO  impl.PendingRequests (PendingRequests.java:sendNotLeaderResponses(289)) - 07380eda-3c62-4610-a005-d4af5e2d732d@group-B36D316A6573-PendingRequests: sendNotLeaderResponses
2024-02-06 10:02:53,575 [07380eda-3c62-4610-a005-d4af5e2d732d-impl-thread1] INFO  impl.StateMachineUpdater (StateMachineUpdater.java:stopAndJoin(157)) - 07380eda-3c62-4610-a005-d4af5e2d732d@group-B36D316A6573-StateMachineUpdater: set stopIndex = 0
2024-02-06 10:02:53,575 [07380eda-3c62-4610-a005-d4af5e2d732d@group-B36D316A6573-StateMachineUpdater] INFO  ratis.ContainerStateMachine (ContainerStateMachine.java:takeSnapshot(355)) - group-B36D316A6573: Taking a snapshot at:(t:1, i:0) file /home/runner/work/ozone/ozone/hadoop-ozone/integration-test/target/test-dir/MiniOzoneClusterImpl-aff9c889-8dd2-4f79-ab57-76a0adc13766/datanode-2/data/ratis/d07cf722-1cd8-448e-b4ff-b36d316a6573/sm/snapshot.1_0
2024-02-06 10:02:53,575 [main] INFO  server.GrpcService (GrpcService.java:closeImpl(311)) - 07380eda-3c62-4610-a005-d4af5e2d732d: shutdown server org.apache.ratis.grpc.server.GrpcClientProtocolService now
2024-02-06 10:02:53,575 [07380eda-3c62-4610-a005-d4af5e2d732d-impl-thread2] INFO  server.RaftServer$Division (RaftServerImpl.java:lambda$close$3(526)) - 07380eda-3c62-4610-a005-d4af5e2d732d@group-93DD453B75EB: shutdown
2024-02-06 10:02:53,575 [07380eda-3c62-4610-a005-d4af5e2d732d-impl-thread2] INFO  util.JmxRegister (JmxRegister.java:unregister(73)) - Successfully un-registered JMX Bean with object name Ratis:service=RaftServer,group=group-93DD453B75EB,id=07380eda-3c62-4610-a005-d4af5e2d732d
2024-02-06 10:02:53,575 [07380eda-3c62-4610-a005-d4af5e2d732d-impl-thread2] INFO  impl.RoleInfo (RoleInfo.java:shutdownFollowerState(110)) - 07380eda-3c62-4610-a005-d4af5e2d732d: shutdown 07380eda-3c62-4610-a005-d4af5e2d732d@group-93DD453B75EB-FollowerState
2024-02-06 10:02:53,575 [07380eda-3c62-4610-a005-d4af5e2d732d@group-B36D316A6573-StateMachineUpdater] INFO  ratis.ContainerStateMachine (ContainerStateMachine.java:takeSnapshot(366)) - group-B36D316A6573: Finished taking a snapshot at:(t:1, i:0) file:/home/runner/work/ozone/ozone/hadoop-ozone/integration-test/target/test-dir/MiniOzoneClusterImpl-aff9c889-8dd2-4f79-ab57-76a0adc13766/datanode-2/data/ratis/d07cf722-1cd8-448e-b4ff-b36d316a6573/sm/snapshot.1_0 took: 0 ms
2024-02-06 10:02:53,576 [07380eda-3c62-4610-a005-d4af5e2d732d@group-B36D316A6573-StateMachineUpdater] INFO  impl.StateMachineUpdater (StateMachineUpdater.java:takeSnapshot(295)) - 07380eda-3c62-4610-a005-d4af5e2d732d@group-B36D316A6573-StateMachineUpdater: Took a snapshot at index 0
2024-02-06 10:02:53,576 [07380eda-3c62-4610-a005-d4af5e2d732d@group-B36D316A6573-StateMachineUpdater] INFO  impl.StateMachineUpdater (StateMachineUpdater.java:lambda$new$0(98)) - 07380eda-3c62-4610-a005-d4af5e2d732d@group-B36D316A6573-StateMachineUpdater: snapshotIndex: updateIncreasingly -1 -> 0
2024-02-06 10:02:53,576 [07380eda-3c62-4610-a005-d4af5e2d732d@group-93DD453B75EB-FollowerState] INFO  impl.FollowerState (FollowerState.java:run(152)) - 07380eda-3c62-4610-a005-d4af5e2d732d@group-93DD453B75EB-FollowerState was interrupted
2024-02-06 10:02:53,576 [07380eda-3c62-4610-a005-d4af5e2d732d@group-93DD453B75EB-StateMachineUpdater] INFO  ratis.ContainerStateMachine (ContainerStateMachine.java:takeSnapshot(355)) - group-93DD453B75EB: Taking a snapshot at:(t:1, i:1) file /home/runner/work/ozone/ozone/hadoop-ozone/integration-test/target/test-dir/MiniOzoneClusterImpl-aff9c889-8dd2-4f79-ab57-76a0adc13766/datanode-2/data/ratis/a0dea5f9-55d9-41fd-bc61-93dd453b75eb/sm/snapshot.1_1
2024-02-06 10:02:53,576 [07380eda-3c62-4610-a005-d4af5e2d732d-impl-thread1] INFO  server.RaftServer$Division (ServerState.java:close(427)) - 07380eda-3c62-4610-a005-d4af5e2d732d@group-B36D316A6573: applyIndex: 0
2024-02-06 10:02:53,579 [07380eda-3c62-4610-a005-d4af5e2d732d-impl-thread2] INFO  impl.StateMachineUpdater (StateMachineUpdater.java:stopAndJoin(157)) - 07380eda-3c62-4610-a005-d4af5e2d732d@group-93DD453B75EB-StateMachineUpdater: set stopIndex = 1
2024-02-06 10:02:53,580 [main] INFO  server.GrpcService (GrpcService.java:closeImpl(320)) - 07380eda-3c62-4610-a005-d4af5e2d732d: shutdown server org.apache.ratis.grpc.server.GrpcClientProtocolService successfully
2024-02-06 10:02:53,580 [main] INFO  server.GrpcService (GrpcService.java:closeImpl(311)) - 07380eda-3c62-4610-a005-d4af5e2d732d: shutdown server GrpcServerProtocolService now
2024-02-06 10:02:53,580 [07380eda-3c62-4610-a005-d4af5e2d732d@group-B36D316A6573-cacheEviction-AwaitToRun] INFO  util.AwaitToRun (AwaitToRun.java:run(49)) - 07380eda-3c62-4610-a005-d4af5e2d732d@group-B36D316A6573-cacheEviction-AwaitToRun-AwaitForSignal is interrupted
2024-02-06 10:02:53,580 [07380eda-3c62-4610-a005-d4af5e2d732d@group-93DD453B75EB-StateMachineUpdater] INFO  ratis.ContainerStateMachine (ContainerStateMachine.java:takeSnapshot(366)) - group-93DD453B75EB: Finished taking a snapshot at:(t:1, i:1) file:/home/runner/work/ozone/ozone/hadoop-ozone/integration-test/target/test-dir/MiniOzoneClusterImpl-aff9c889-8dd2-4f79-ab57-76a0adc13766/datanode-2/data/ratis/a0dea5f9-55d9-41fd-bc61-93dd453b75eb/sm/snapshot.1_1 took: 4 ms
2024-02-06 10:02:53,581 [07380eda-3c62-4610-a005-d4af5e2d732d@group-93DD453B75EB-StateMachineUpdater] INFO  impl.StateMachineUpdater (StateMachineUpdater.java:takeSnapshot(295)) - 07380eda-3c62-4610-a005-d4af5e2d732d@group-93DD453B75EB-StateMachineUpdater: Took a snapshot at index 1
2024-02-06 10:02:53,581 [07380eda-3c62-4610-a005-d4af5e2d732d@group-93DD453B75EB-StateMachineUpdater] INFO  impl.StateMachineUpdater (StateMachineUpdater.java:lambda$new$0(98)) - 07380eda-3c62-4610-a005-d4af5e2d732d@group-93DD453B75EB-StateMachineUpdater: snapshotIndex: updateIncreasingly -1 -> 1
2024-02-06 10:02:53,581 [07380eda-3c62-4610-a005-d4af5e2d732d-impl-thread2] INFO  server.RaftServer$Division (ServerState.java:close(427)) - 07380eda-3c62-4610-a005-d4af5e2d732d@group-93DD453B75EB: applyIndex: 1
2024-02-06 10:02:53,581 [07380eda-3c62-4610-a005-d4af5e2d732d@group-93DD453B75EB-cacheEviction-AwaitToRun] INFO  util.AwaitToRun (AwaitToRun.java:run(49)) - 07380eda-3c62-4610-a005-d4af5e2d732d@group-93DD453B75EB-cacheEviction-AwaitToRun-AwaitForSignal is interrupted
2024-02-06 10:02:53,582 [grpc-default-executor-3] WARN  server.GrpcServerProtocolService (LogUtils.java:warn(121)) - 07380eda-3c62-4610-a005-d4af5e2d732d: APPEND_ENTRIES onError, lastRequest: null: org.apache.ratis.thirdparty.io.grpc.StatusRuntimeException: CANCELLED: client cancelled
2024-02-06 10:02:53,582 [grpc-default-executor-2] WARN  server.GrpcServerProtocolService (LogUtils.java:warn(121)) - 07380eda-3c62-4610-a005-d4af5e2d732d: APPEND_ENTRIES onError, lastRequest: 488c4769-1e0b-4768-b3fe-c72db1d0dad7->07380eda-3c62-4610-a005-d4af5e2d732d#6-t1,previous=(t:1, i:1),leaderCommit=1,initializing? false,entries: size=1, first=(t:1, i:2), METADATAENTRY(c:1): org.apache.ratis.thirdparty.io.grpc.StatusRuntimeException: CANCELLED: client cancelled
2024-02-06 10:02:53,583 [grpc-default-executor-4] WARN  server.GrpcLogAppender (LogUtils.java:warn(121)) - 488c4769-1e0b-4768-b3fe-c72db1d0dad7@group-93DD453B75EB->07380eda-3c62-4610-a005-d4af5e2d732d-AppendLogResponseHandler: Failed appendEntries: org.apache.ratis.thirdparty.io.grpc.StatusRuntimeException: CANCELLED: RST_STREAM closed stream. HTTP/2 error code: CANCEL
2024-02-06 10:02:53,583 [grpc-default-executor-4] WARN  server.GrpcLogAppender (GrpcLogAppender.java:lambda$resetClient$1(217)) - 488c4769-1e0b-4768-b3fe-c72db1d0dad7@group-93DD453B75EB->07380eda-3c62-4610-a005-d4af5e2d732d-GrpcLogAppender: Follower failed (request=null, errorCount=1); keep nextIndex (3) unchanged and retry.
2024-02-06 10:02:53,589 [main] INFO  server.GrpcService (GrpcService.java:closeImpl(320)) - 07380eda-3c62-4610-a005-d4af5e2d732d: shutdown server GrpcServerProtocolService successfully
2024-02-06 10:02:53,589 [main] INFO  server.GrpcService (GrpcService.java:closeImpl(311)) - 07380eda-3c62-4610-a005-d4af5e2d732d: shutdown server org.apache.ratis.grpc.server.GrpcAdminProtocolService now
2024-02-06 10:02:53,590 [main] INFO  server.GrpcService (GrpcService.java:closeImpl(320)) - 07380eda-3c62-4610-a005-d4af5e2d732d: shutdown server org.apache.ratis.grpc.server.GrpcAdminProtocolService successfully
2024-02-06 10:02:53,598 [07380eda-3c62-4610-a005-d4af5e2d732d-NettyServerStreamRpc-bossGroup--thread1] INFO  logging.LoggingHandler (AbstractInternalLogger.java:log(148)) - [id: 0x0b29ed8f, L:/0.0.0.0:15122] CLOSE
2024-02-06 10:02:53,598 [07380eda-3c62-4610-a005-d4af5e2d732d-NettyServerStreamRpc-bossGroup--thread1] INFO  logging.LoggingHandler (AbstractInternalLogger.java:log(148)) - [id: 0x0b29ed8f, L:/0.0.0.0:15122] INACTIVE
2024-02-06 10:02:53,598 [07380eda-3c62-4610-a005-d4af5e2d732d-NettyServerStreamRpc-bossGroup--thread1] INFO  logging.LoggingHandler (AbstractInternalLogger.java:log(148)) - [id: 0x0b29ed8f, L:/0.0.0.0:15122] UNREGISTERED
2024-02-06 10:02:53,637 [463d4cd4-93eb-48de-ad15-bb97619fa095@group-BA2F21F92D48-FollowerState] INFO  impl.FollowerState (FollowerState.java:run(143)) - 463d4cd4-93eb-48de-ad15-bb97619fa095@group-BA2F21F92D48-FollowerState: change to CANDIDATE, lastRpcElapsedTime:5175324582ns, electionTimeout:5174ms
2024-02-06 10:02:53,637 [463d4cd4-93eb-48de-ad15-bb97619fa095@group-BA2F21F92D48-FollowerState] INFO  impl.RoleInfo (RoleInfo.java:shutdownFollowerState(110)) - 463d4cd4-93eb-48de-ad15-bb97619fa095: shutdown 463d4cd4-93eb-48de-ad15-bb97619fa095@group-BA2F21F92D48-FollowerState
2024-02-06 10:02:53,637 [463d4cd4-93eb-48de-ad15-bb97619fa095@group-BA2F21F92D48-FollowerState] INFO  server.RaftServer$Division (RaftServerImpl.java:setRole(383)) - 463d4cd4-93eb-48de-ad15-bb97619fa095@group-BA2F21F92D48: changes role from  FOLLOWER to CANDIDATE at term 0 for changeToCandidate
2024-02-06 10:02:53,637 [463d4cd4-93eb-48de-ad15-bb97619fa095@group-BA2F21F92D48-FollowerState] INFO  server.RaftServerConfigKeys (ConfUtils.java:logGet(46)) - raft.server.leaderelection.pre-vote = true (default)
2024-02-06 10:02:53,637 [463d4cd4-93eb-48de-ad15-bb97619fa095@group-BA2F21F92D48-FollowerState] INFO  impl.RoleInfo (RoleInfo.java:updateAndGet(139)) - 463d4cd4-93eb-48de-ad15-bb97619fa095: start 463d4cd4-93eb-48de-ad15-bb97619fa095@group-BA2F21F92D48-LeaderElection33
2024-02-06 10:02:53,638 [463d4cd4-93eb-48de-ad15-bb97619fa095@group-BA2F21F92D48-LeaderElection33] INFO  impl.LeaderElection (LeaderElection.java:askForVotes(321)) - 463d4cd4-93eb-48de-ad15-bb97619fa095@group-BA2F21F92D48-LeaderElection33 PRE_VOTE round 0: submit vote requests at term 0 for -1: peers:[463d4cd4-93eb-48de-ad15-bb97619fa095|10.1.0.5:15175]|listeners:[], old=null
2024-02-06 10:02:53,638 [463d4cd4-93eb-48de-ad15-bb97619fa095@group-BA2F21F92D48-LeaderElection33] INFO  impl.LeaderElection (LeaderElection.java:askForVotes(323)) - 463d4cd4-93eb-48de-ad15-bb97619fa095@group-BA2F21F92D48-LeaderElection33 PRE_VOTE round 0: result PASSED (term=0)
2024-02-06 10:02:53,640 [463d4cd4-93eb-48de-ad15-bb97619fa095@group-BA2F21F92D48-LeaderElection33] INFO  impl.LeaderElection (LeaderElection.java:askForVotes(321)) - 463d4cd4-93eb-48de-ad15-bb97619fa095@group-BA2F21F92D48-LeaderElection33 ELECTION round 0: submit vote requests at term 1 for -1: peers:[463d4cd4-93eb-48de-ad15-bb97619fa095|10.1.0.5:15175]|listeners:[], old=null
2024-02-06 10:02:53,640 [463d4cd4-93eb-48de-ad15-bb97619fa095@group-BA2F21F92D48-LeaderElection33] INFO  impl.LeaderElection (LeaderElection.java:askForVotes(323)) - 463d4cd4-93eb-48de-ad15-bb97619fa095@group-BA2F21F92D48-LeaderElection33 ELECTION round 0: result PASSED (term=1)
2024-02-06 10:02:53,640 [463d4cd4-93eb-48de-ad15-bb97619fa095@group-BA2F21F92D48-LeaderElection33] INFO  impl.RoleInfo (RoleInfo.java:shutdownLeaderElection(130)) - 463d4cd4-93eb-48de-ad15-bb97619fa095: shutdown 463d4cd4-93eb-48de-ad15-bb97619fa095@group-BA2F21F92D48-LeaderElection33
2024-02-06 10:02:53,640 [463d4cd4-93eb-48de-ad15-bb97619fa095@group-BA2F21F92D48-LeaderElection33] INFO  server.RaftServer$Division (RaftServerImpl.java:setRole(383)) - 463d4cd4-93eb-48de-ad15-bb97619fa095@group-BA2F21F92D48: changes role from CANDIDATE to LEADER at term 1 for changeToLeader
2024-02-06 10:02:53,640 [463d4cd4-93eb-48de-ad15-bb97619fa095@group-BA2F21F92D48-LeaderElection33] INFO  server.RaftServerConfigKeys (ConfUtils.java:logGet(46)) - raft.server.staging.catchup.gap = 1000 (default)
2024-02-06 10:02:53,640 [463d4cd4-93eb-48de-ad15-bb97619fa095@group-BA2F21F92D48-LeaderElection33] INFO  server.RaftServerConfigKeys (ConfUtils.java:logGet(46)) - raft.server.write.element-limit = 1024 (custom)
2024-02-06 10:02:53,640 [463d4cd4-93eb-48de-ad15-bb97619fa095@group-BA2F21F92D48-LeaderElection33] INFO  server.RaftServerConfigKeys (ConfUtils.java:logGet(46)) - raft.server.write.byte-limit = 1024 M (=1073741824) (custom)
2024-02-06 10:02:53,640 [463d4cd4-93eb-48de-ad15-bb97619fa095@group-BA2F21F92D48-LeaderElection33] INFO  server.RaftServerConfigKeys (ConfUtils.java:logGet(46)) - raft.server.watch.timeout = 3000ms (custom)
2024-02-06 10:02:53,640 [463d4cd4-93eb-48de-ad15-bb97619fa095@group-BA2F21F92D48-LeaderElection33] INFO  server.RaftServerConfigKeys (ConfUtils.java:logGet(46)) - raft.server.watch.timeout.denomination = 1s (default)
2024-02-06 10:02:53,640 [463d4cd4-93eb-48de-ad15-bb97619fa095@group-BA2F21F92D48-LeaderElection33] INFO  server.RaftServerConfigKeys (ConfUtils.java:logGet(46)) - raft.server.watch.element-limit = 65536 (default)
2024-02-06 10:02:53,641 [463d4cd4-93eb-48de-ad15-bb97619fa095@group-BA2F21F92D48-LeaderElection33] INFO  server.RaftServerConfigKeys (ConfUtils.java:logGet(46)) - raft.server.read.leader.lease.enabled = false (default)
2024-02-06 10:02:53,641 [463d4cd4-93eb-48de-ad15-bb97619fa095@group-BA2F21F92D48-LeaderElection33] INFO  server.RaftServerConfigKeys (ConfUtils.java:logGet(46)) - raft.server.read.leader.lease.timeout.ratio = 0.9 (default)
2024-02-06 10:02:53,641 [463d4cd4-93eb-48de-ad15-bb97619fa095@group-BA2F21F92D48-LeaderElection33] INFO  server.RaftServerConfigKeys (ConfUtils.java:logGet(46)) - raft.server.rpc.timeout.min = 5s (custom)
2024-02-06 10:02:53,641 [463d4cd4-93eb-48de-ad15-bb97619fa095@group-BA2F21F92D48-LeaderElection33] INFO  server.RaftServerConfigKeys (ConfUtils.java:logGet(46)) - raft.server.write.element-limit = 1024 (custom)
2024-02-06 10:02:53,641 [463d4cd4-93eb-48de-ad15-bb97619fa095@group-BA2F21F92D48-LeaderElection33] INFO  server.RaftServerConfigKeys (ConfUtils.java:logGet(46)) - raft.server.write.follower.gap.ratio.max = -1.0 (default)
2024-02-06 10:02:53,641 [463d4cd4-93eb-48de-ad15-bb97619fa095@group-BA2F21F92D48-LeaderElection33] INFO  impl.RoleInfo (RoleInfo.java:updateAndGet(139)) - 463d4cd4-93eb-48de-ad15-bb97619fa095: start 463d4cd4-93eb-48de-ad15-bb97619fa095@group-BA2F21F92D48-LeaderStateImpl
2024-02-06 10:02:53,641 [463d4cd4-93eb-48de-ad15-bb97619fa095@group-BA2F21F92D48-LeaderElection33] INFO  server.RaftServer$Division (RaftServerImpl.java:setFirstElection(574)) - 463d4cd4-93eb-48de-ad15-bb97619fa095@group-BA2F21F92D48: set firstElectionSinceStartup to false for becomeLeader
2024-02-06 10:02:53,641 [463d4cd4-93eb-48de-ad15-bb97619fa095@group-BA2F21F92D48-LeaderElection33] INFO  ratis.XceiverServerRatis (XceiverServerRatis.java:handleLeaderChangedNotification(966)) - Leader change notification received for group: group-BA2F21F92D48 with new leaderId: 463d4cd4-93eb-48de-ad15-bb97619fa095
2024-02-06 10:02:53,641 [463d4cd4-93eb-48de-ad15-bb97619fa095@group-BA2F21F92D48-LeaderElection33] INFO  server.RaftServer$Division (ServerState.java:setLeader(269)) - 463d4cd4-93eb-48de-ad15-bb97619fa095@group-BA2F21F92D48: change Leader from null to 463d4cd4-93eb-48de-ad15-bb97619fa095 at term 1 for becomeLeader, leader elected after 5189ms
2024-02-06 10:02:53,641 [463d4cd4-93eb-48de-ad15-bb97619fa095@group-BA2F21F92D48-LeaderElection33] INFO  segmented.SegmentedRaftLogWorker (SegmentedRaftLogWorker.java:startLogSegment(430)) - 463d4cd4-93eb-48de-ad15-bb97619fa095@group-BA2F21F92D48-SegmentedRaftLogWorker: Starting segment from index:0
2024-02-06 10:02:53,642 [463d4cd4-93eb-48de-ad15-bb97619fa095@group-BA2F21F92D48-SegmentedRaftLogWorker] INFO  segmented.BufferedWriteChannel (BufferedWriteChannel.java:open(62)) - open log_inprogress_0 at position 0
2024-02-06 10:02:53,645 [463d4cd4-93eb-48de-ad15-bb97619fa095@group-BA2F21F92D48-LeaderElection33] INFO  server.RaftServer$Division (ServerState.java:setRaftConf(386)) - 463d4cd4-93eb-48de-ad15-bb97619fa095@group-BA2F21F92D48: set configuration 0: peers:[463d4cd4-93eb-48de-ad15-bb97619fa095|10.1.0.5:15175]|listeners:[], old=null
2024-02-06 10:02:53,649 [463d4cd4-93eb-48de-ad15-bb97619fa095@group-BA2F21F92D48-SegmentedRaftLogWorker] INFO  segmented.SegmentedRaftLogWorker (SegmentedRaftLogWorker.java:execute(634)) - 463d4cd4-93eb-48de-ad15-bb97619fa095@group-BA2F21F92D48-SegmentedRaftLogWorker: created new log segment /home/runner/work/ozone/ozone/hadoop-ozone/integration-test/target/test-dir/MiniOzoneClusterImpl-aff9c889-8dd2-4f79-ab57-76a0adc13766/datanode-8/data/ratis/34b5258b-60aa-476c-aedf-ba2f21f92d48/current/log_inprogress_0
2024-02-06 10:02:53,651 [463d4cd4-93eb-48de-ad15-bb97619fa095@group-BA2F21F92D48-StateMachineUpdater] INFO  server.RaftServer$Division (LeaderStateImpl.java:isApplied(320)) - leader is ready since appliedIndex == 0 >= startIndex == 0
2024-02-06 10:02:53,798 [07380eda-3c62-4610-a005-d4af5e2d732d-impl-thread1] INFO  segmented.SegmentedRaftLogWorker (SegmentedRaftLogWorker.java:close(245)) - 07380eda-3c62-4610-a005-d4af5e2d732d@group-B36D316A6573-SegmentedRaftLogWorker close()
2024-02-06 10:02:54,558 [07380eda-3c62-4610-a005-d4af5e2d732d-impl-thread2] INFO  segmented.SegmentedRaftLogWorker (SegmentedRaftLogWorker.java:close(245)) - 07380eda-3c62-4610-a005-d4af5e2d732d@group-93DD453B75EB-SegmentedRaftLogWorker close()
2024-02-06 10:02:54,562 [JvmPauseMonitor15] INFO  util.JvmPauseMonitor (JvmPauseMonitor.java:run(152)) - JvmPauseMonitor-07380eda-3c62-4610-a005-d4af5e2d732d: Stopped
2024-02-06 10:02:56,567 [main] INFO  utils.DatanodeStoreCache (DatanodeStoreCache.java:shutdownCache(116)) - Skip clearing cache in mini cluster mode. Entries left: [/home/runner/work/ozone/ozone/hadoop-ozone/integration-test/target/test-dir/MiniOzoneClusterImpl-aff9c889-8dd2-4f79-ab57-76a0adc13766/datanode-0/data-0/containers/hdds/aff9c889-8dd2-4f79-ab57-76a0adc13766/DS-d59af0ad-321c-4720-89f9-c1fbafa6673e/container.db, /home/runner/work/ozone/ozone/hadoop-ozone/integration-test/target/test-dir/MiniOzoneClusterImpl-aff9c889-8dd2-4f79-ab57-76a0adc13766/datanode-1/data-0/containers/hdds/aff9c889-8dd2-4f79-ab57-76a0adc13766/DS-3a5ef1ed-41be-4462-ad67-f0ed3658a2f1/container.db, /home/runner/work/ozone/ozone/hadoop-ozone/integration-test/target/test-dir/MiniOzoneClusterImpl-aff9c889-8dd2-4f79-ab57-76a0adc13766/datanode-2/data-0/containers/hdds/aff9c889-8dd2-4f79-ab57-76a0adc13766/DS-46827b13-81e7-407a-a7f7-91c9d80bf8ec/container.db, /home/runner/work/ozone/ozone/hadoop-ozone/integration-test/target/test-dir/MiniOzoneClusterImpl-aff9c889-8dd2-4f79-ab57-76a0adc13766/datanode-3/data-0/containers/hdds/aff9c889-8dd2-4f79-ab57-76a0adc13766/DS-6dfa79b8-5f46-4663-b96a-b31f347b60fd/container.db, /home/runner/work/ozone/ozone/hadoop-ozone/integration-test/target/test-dir/MiniOzoneClusterImpl-aff9c889-8dd2-4f79-ab57-76a0adc13766/datanode-4/data-0/containers/hdds/aff9c889-8dd2-4f79-ab57-76a0adc13766/DS-36e01c3a-6914-43d5-8f22-1a3b692e0768/container.db, /home/runner/work/ozone/ozone/hadoop-ozone/integration-test/target/test-dir/MiniOzoneClusterImpl-aff9c889-8dd2-4f79-ab57-76a0adc13766/datanode-5/data-0/containers/hdds/aff9c889-8dd2-4f79-ab57-76a0adc13766/DS-ced8edba-c74b-4c42-bbd6-7fda4c7e8080/container.db, /home/runner/work/ozone/ozone/hadoop-ozone/integration-test/target/test-dir/MiniOzoneClusterImpl-aff9c889-8dd2-4f79-ab57-76a0adc13766/datanode-6/data-0/containers/hdds/aff9c889-8dd2-4f79-ab57-76a0adc13766/DS-b94ac8ca-ef09-4953-980d-cfdc99ea185a/container.db, /home/runner/work/ozone/ozone/hadoop-ozone/integration-test/target/test-dir/MiniOzoneClusterImpl-aff9c889-8dd2-4f79-ab57-76a0adc13766/datanode-7/data-0/containers/hdds/aff9c889-8dd2-4f79-ab57-76a0adc13766/DS-8cfeabd8-4f93-41d2-96fa-75146ae26f46/container.db, /home/runner/work/ozone/ozone/hadoop-ozone/integration-test/target/test-dir/MiniOzoneClusterImpl-aff9c889-8dd2-4f79-ab57-76a0adc13766/datanode-8/data-0/containers/hdds/aff9c889-8dd2-4f79-ab57-76a0adc13766/DS-64315fe6-bae0-4058-a833-39fbbacebd6b/container.db]
2024-02-06 10:02:56,570 [main] INFO  utils.DatanodeStoreCache (DatanodeStoreCache.java:removeDB(110)) - Removed db /home/runner/work/ozone/ozone/hadoop-ozone/integration-test/target/test-dir/MiniOzoneClusterImpl-aff9c889-8dd2-4f79-ab57-76a0adc13766/datanode-2/data-0/containers/hdds/aff9c889-8dd2-4f79-ab57-76a0adc13766/DS-46827b13-81e7-407a-a7f7-91c9d80bf8ec/container.db from cache
2024-02-06 10:02:56,570 [main] INFO  volume.HddsVolume (HddsVolume.java:closeDbStore(451)) - SchemaV3 db is stopped at /home/runner/work/ozone/ozone/hadoop-ozone/integration-test/target/test-dir/MiniOzoneClusterImpl-aff9c889-8dd2-4f79-ab57-76a0adc13766/datanode-2/data-0/containers/hdds/aff9c889-8dd2-4f79-ab57-76a0adc13766/DS-46827b13-81e7-407a-a7f7-91c9d80bf8ec/container.db for volume DS-46827b13-81e7-407a-a7f7-91c9d80bf8ec
2024-02-06 10:02:56,570 [main] INFO  utils.BackgroundService (BackgroundService.java:shutdown(160)) - Shutting down service BlockDeletingService
2024-02-06 10:02:56,571 [main] INFO  utils.BackgroundService (BackgroundService.java:shutdown(160)) - Shutting down service StaleRecoveringContainerScrubbingService
2024-02-06 10:02:56,571 [main] INFO  statemachine.DatanodeStateMachine (DatanodeStateMachine.java:stopDaemon(638)) - Ozone container server stopped.
2024-02-06 10:02:56,572 [main] INFO  handler.ContextHandler (ContextHandler.java:doStop(1159)) - Stopped o.e.j.w.WebAppContext@7a4822f2{hddsDatanode,/,null,STOPPED}{jar:file:/home/runner/.m2/repository/org/apache/ozone/hdds-container-service/1.5.0-SNAPSHOT/hdds-container-service-1.5.0-SNAPSHOT.jar!/webapps/hddsDatanode}
2024-02-06 10:02:56,572 [main] INFO  server.AbstractConnector (AbstractConnector.java:doStop(383)) - Stopped ServerConnector@372e0f78{HTTP/1.1, (http/1.1)}{0.0.0.0:15116}
2024-02-06 10:02:56,572 [main] INFO  server.session (HouseKeeper.java:stopScavenging(149)) - node0 Stopped scavenging
2024-02-06 10:02:56,573 [main] INFO  handler.ContextHandler (ContextHandler.java:doStop(1159)) - Stopped o.e.j.s.ServletContextHandler@27b6d26d{static,/static,jar:file:/home/runner/.m2/repository/org/apache/ozone/hdds-container-service/1.5.0-SNAPSHOT/hdds-container-service-1.5.0-SNAPSHOT.jar!/webapps/static,STOPPED}
2024-02-06 10:02:56,573 [main] INFO  handler.ContextHandler (ContextHandler.java:doStop(1159)) - Stopped o.e.j.s.ServletContextHandler@33ef00ff{logs,/logs,file:///home/runner/work/ozone/ozone/hadoop-ozone/integration-test/target/log,STOPPED}
2024-02-06 10:02:56,573 [main] INFO  ozone.HddsDatanodeClientProtocolServer (HddsDatanodeClientProtocolServer.java:stop(78)) - Stopping the RPC server for Client Protocol
2024-02-06 10:02:56,573 [main] INFO  ipc.Server (Server.java:stop(3523)) - Stopping server on 15117
2024-02-06 10:02:56,574 [IPC Server listener on 15117] INFO  ipc.Server (Server.java:run(1434)) - Stopping IPC Server listener on 15117
2024-02-06 10:02:56,574 [IPC Server Responder] INFO  ipc.Server (Server.java:run(1567)) - Stopping IPC Server Responder
2024-02-06 10:02:56,576 [main] INFO  ozoneimpl.OzoneContainer (OzoneContainer.java:stop(481)) - Attempting to stop container services.
2024-02-06 10:02:56,577 [main] INFO  server.RaftServer (RaftServerProxy.java:lambda$close$9(416)) - e4108bdc-dd8a-4467-8687-0aef72f28da1: close
2024-02-06 10:02:56,577 [e4108bdc-dd8a-4467-8687-0aef72f28da1-impl-thread1] INFO  server.RaftServer$Division (RaftServerImpl.java:lambda$close$3(526)) - e4108bdc-dd8a-4467-8687-0aef72f28da1@group-93DD453B75EB: shutdown
2024-02-06 10:02:56,577 [main] INFO  server.GrpcService (GrpcService.java:closeImpl(311)) - e4108bdc-dd8a-4467-8687-0aef72f28da1: shutdown server org.apache.ratis.grpc.server.GrpcClientProtocolService now
2024-02-06 10:02:56,577 [e4108bdc-dd8a-4467-8687-0aef72f28da1-impl-thread1] INFO  util.JmxRegister (JmxRegister.java:unregister(73)) - Successfully un-registered JMX Bean with object name Ratis:service=RaftServer,group=group-93DD453B75EB,id=e4108bdc-dd8a-4467-8687-0aef72f28da1
2024-02-06 10:02:56,577 [e4108bdc-dd8a-4467-8687-0aef72f28da1-impl-thread2] INFO  server.RaftServer$Division (RaftServerImpl.java:lambda$close$3(526)) - e4108bdc-dd8a-4467-8687-0aef72f28da1@group-EF5248A23A32: shutdown
2024-02-06 10:02:56,577 [e4108bdc-dd8a-4467-8687-0aef72f28da1-impl-thread2] INFO  util.JmxRegister (JmxRegister.java:unregister(73)) - Successfully un-registered JMX Bean with object name Ratis:service=RaftServer,group=group-EF5248A23A32,id=e4108bdc-dd8a-4467-8687-0aef72f28da1
2024-02-06 10:02:56,577 [e4108bdc-dd8a-4467-8687-0aef72f28da1-impl-thread1] INFO  impl.RoleInfo (RoleInfo.java:shutdownFollowerState(110)) - e4108bdc-dd8a-4467-8687-0aef72f28da1: shutdown e4108bdc-dd8a-4467-8687-0aef72f28da1@group-93DD453B75EB-FollowerState
2024-02-06 10:02:56,577 [e4108bdc-dd8a-4467-8687-0aef72f28da1-impl-thread2] INFO  impl.RoleInfo (RoleInfo.java:shutdownLeaderState(94)) - e4108bdc-dd8a-4467-8687-0aef72f28da1: shutdown e4108bdc-dd8a-4467-8687-0aef72f28da1@group-EF5248A23A32-LeaderStateImpl
2024-02-06 10:02:56,578 [e4108bdc-dd8a-4467-8687-0aef72f28da1-impl-thread2] INFO  impl.PendingRequests (PendingRequests.java:sendNotLeaderResponses(289)) - e4108bdc-dd8a-4467-8687-0aef72f28da1@group-EF5248A23A32-PendingRequests: sendNotLeaderResponses
2024-02-06 10:02:56,578 [e4108bdc-dd8a-4467-8687-0aef72f28da1-impl-thread1] INFO  impl.StateMachineUpdater (StateMachineUpdater.java:stopAndJoin(157)) - e4108bdc-dd8a-4467-8687-0aef72f28da1@group-93DD453B75EB-StateMachineUpdater: set stopIndex = 2
2024-02-06 10:02:56,578 [e4108bdc-dd8a-4467-8687-0aef72f28da1@group-93DD453B75EB-StateMachineUpdater] INFO  ratis.ContainerStateMachine (ContainerStateMachine.java:takeSnapshot(355)) - group-93DD453B75EB: Taking a snapshot at:(t:1, i:2) file /home/runner/work/ozone/ozone/hadoop-ozone/integration-test/target/test-dir/MiniOzoneClusterImpl-aff9c889-8dd2-4f79-ab57-76a0adc13766/datanode-1/data/ratis/a0dea5f9-55d9-41fd-bc61-93dd453b75eb/sm/snapshot.1_2
2024-02-06 10:02:56,578 [e4108bdc-dd8a-4467-8687-0aef72f28da1@group-93DD453B75EB-FollowerState] INFO  impl.FollowerState (FollowerState.java:run(152)) - e4108bdc-dd8a-4467-8687-0aef72f28da1@group-93DD453B75EB-FollowerState was interrupted
2024-02-06 10:02:56,578 [main] INFO  server.GrpcService (GrpcService.java:closeImpl(320)) - e4108bdc-dd8a-4467-8687-0aef72f28da1: shutdown server org.apache.ratis.grpc.server.GrpcClientProtocolService successfully
2024-02-06 10:02:56,578 [main] INFO  server.GrpcService (GrpcService.java:closeImpl(311)) - e4108bdc-dd8a-4467-8687-0aef72f28da1: shutdown server GrpcServerProtocolService now
2024-02-06 10:02:56,578 [e4108bdc-dd8a-4467-8687-0aef72f28da1@group-EF5248A23A32-StateMachineUpdater] INFO  ratis.ContainerStateMachine (ContainerStateMachine.java:takeSnapshot(355)) - group-EF5248A23A32: Taking a snapshot at:(t:1, i:0) file /home/runner/work/ozone/ozone/hadoop-ozone/integration-test/target/test-dir/MiniOzoneClusterImpl-aff9c889-8dd2-4f79-ab57-76a0adc13766/datanode-1/data/ratis/621266bd-afd4-47b5-8f23-ef5248a23a32/sm/snapshot.1_0
2024-02-06 10:02:56,578 [e4108bdc-dd8a-4467-8687-0aef72f28da1-impl-thread2] INFO  impl.StateMachineUpdater (StateMachineUpdater.java:stopAndJoin(157)) - e4108bdc-dd8a-4467-8687-0aef72f28da1@group-EF5248A23A32-StateMachineUpdater: set stopIndex = 0
2024-02-06 10:02:56,579 [grpc-default-executor-4] WARN  server.GrpcServerProtocolService (LogUtils.java:warn(121)) - e4108bdc-dd8a-4467-8687-0aef72f28da1: APPEND_ENTRIES onError, lastRequest: null: org.apache.ratis.thirdparty.io.grpc.StatusRuntimeException: CANCELLED: client cancelled
2024-02-06 10:02:56,580 [grpc-default-executor-3] WARN  server.GrpcLogAppender (LogUtils.java:warn(121)) - 488c4769-1e0b-4768-b3fe-c72db1d0dad7@group-93DD453B75EB->e4108bdc-dd8a-4467-8687-0aef72f28da1-AppendLogResponseHandler: Failed appendEntries: org.apache.ratis.thirdparty.io.grpc.StatusRuntimeException: CANCELLED: RST_STREAM closed stream. HTTP/2 error code: CANCEL
2024-02-06 10:02:56,580 [e4108bdc-dd8a-4467-8687-0aef72f28da1@group-93DD453B75EB-StateMachineUpdater] INFO  ratis.ContainerStateMachine (ContainerStateMachine.java:takeSnapshot(366)) - group-93DD453B75EB: Finished taking a snapshot at:(t:1, i:2) file:/home/runner/work/ozone/ozone/hadoop-ozone/integration-test/target/test-dir/MiniOzoneClusterImpl-aff9c889-8dd2-4f79-ab57-76a0adc13766/datanode-1/data/ratis/a0dea5f9-55d9-41fd-bc61-93dd453b75eb/sm/snapshot.1_2 took: 2 ms
2024-02-06 10:02:56,580 [grpc-default-executor-3] WARN  server.GrpcLogAppender (GrpcLogAppender.java:lambda$resetClient$1(217)) - 488c4769-1e0b-4768-b3fe-c72db1d0dad7@group-93DD453B75EB->e4108bdc-dd8a-4467-8687-0aef72f28da1-GrpcLogAppender: Follower failed (request=null, errorCount=1); keep nextIndex (3) unchanged and retry.
2024-02-06 10:02:56,580 [e4108bdc-dd8a-4467-8687-0aef72f28da1@group-93DD453B75EB-StateMachineUpdater] INFO  impl.StateMachineUpdater (StateMachineUpdater.java:takeSnapshot(295)) - e4108bdc-dd8a-4467-8687-0aef72f28da1@group-93DD453B75EB-StateMachineUpdater: Took a snapshot at index 2
2024-02-06 10:02:56,580 [e4108bdc-dd8a-4467-8687-0aef72f28da1@group-93DD453B75EB-StateMachineUpdater] INFO  impl.StateMachineUpdater (StateMachineUpdater.java:lambda$new$0(98)) - e4108bdc-dd8a-4467-8687-0aef72f28da1@group-93DD453B75EB-StateMachineUpdater: snapshotIndex: updateIncreasingly -1 -> 2
2024-02-06 10:02:56,580 [grpc-default-executor-2] WARN  server.GrpcServerProtocolService (LogUtils.java:warn(121)) - e4108bdc-dd8a-4467-8687-0aef72f28da1: APPEND_ENTRIES onError, lastRequest: 488c4769-1e0b-4768-b3fe-c72db1d0dad7->e4108bdc-dd8a-4467-8687-0aef72f28da1#6-t1,previous=(t:1, i:1),leaderCommit=1,initializing? false,entries: size=1, first=(t:1, i:2), METADATAENTRY(c:1): org.apache.ratis.thirdparty.io.grpc.StatusRuntimeException: CANCELLED: client cancelled
2024-02-06 10:02:56,580 [e4108bdc-dd8a-4467-8687-0aef72f28da1@group-EF5248A23A32-StateMachineUpdater] INFO  ratis.ContainerStateMachine (ContainerStateMachine.java:takeSnapshot(366)) - group-EF5248A23A32: Finished taking a snapshot at:(t:1, i:0) file:/home/runner/work/ozone/ozone/hadoop-ozone/integration-test/target/test-dir/MiniOzoneClusterImpl-aff9c889-8dd2-4f79-ab57-76a0adc13766/datanode-1/data/ratis/621266bd-afd4-47b5-8f23-ef5248a23a32/sm/snapshot.1_0 took: 2 ms
2024-02-06 10:02:56,581 [main] INFO  server.GrpcService (GrpcService.java:closeImpl(320)) - e4108bdc-dd8a-4467-8687-0aef72f28da1: shutdown server GrpcServerProtocolService successfully
2024-02-06 10:02:56,581 [main] INFO  server.GrpcService (GrpcService.java:closeImpl(311)) - e4108bdc-dd8a-4467-8687-0aef72f28da1: shutdown server org.apache.ratis.grpc.server.GrpcAdminProtocolService now
2024-02-06 10:02:56,581 [e4108bdc-dd8a-4467-8687-0aef72f28da1@group-EF5248A23A32-StateMachineUpdater] INFO  impl.StateMachineUpdater (StateMachineUpdater.java:takeSnapshot(295)) - e4108bdc-dd8a-4467-8687-0aef72f28da1@group-EF5248A23A32-StateMachineUpdater: Took a snapshot at index 0
2024-02-06 10:02:56,581 [e4108bdc-dd8a-4467-8687-0aef72f28da1@group-EF5248A23A32-StateMachineUpdater] INFO  impl.StateMachineUpdater (StateMachineUpdater.java:lambda$new$0(98)) - e4108bdc-dd8a-4467-8687-0aef72f28da1@group-EF5248A23A32-StateMachineUpdater: snapshotIndex: updateIncreasingly -1 -> 0
2024-02-06 10:02:56,581 [e4108bdc-dd8a-4467-8687-0aef72f28da1-impl-thread2] INFO  server.RaftServer$Division (ServerState.java:close(427)) - e4108bdc-dd8a-4467-8687-0aef72f28da1@group-EF5248A23A32: applyIndex: 0
2024-02-06 10:02:56,582 [e4108bdc-dd8a-4467-8687-0aef72f28da1-impl-thread1] INFO  server.RaftServer$Division (ServerState.java:close(427)) - e4108bdc-dd8a-4467-8687-0aef72f28da1@group-93DD453B75EB: applyIndex: 2
2024-02-06 10:02:56,582 [e4108bdc-dd8a-4467-8687-0aef72f28da1@group-93DD453B75EB-cacheEviction-AwaitToRun] INFO  util.AwaitToRun (AwaitToRun.java:run(49)) - e4108bdc-dd8a-4467-8687-0aef72f28da1@group-93DD453B75EB-cacheEviction-AwaitToRun-AwaitForSignal is interrupted
2024-02-06 10:02:56,582 [e4108bdc-dd8a-4467-8687-0aef72f28da1@group-EF5248A23A32-cacheEviction-AwaitToRun] INFO  util.AwaitToRun (AwaitToRun.java:run(49)) - e4108bdc-dd8a-4467-8687-0aef72f28da1@group-EF5248A23A32-cacheEviction-AwaitToRun-AwaitForSignal is interrupted
2024-02-06 10:02:56,584 [main] INFO  server.GrpcService (GrpcService.java:closeImpl(320)) - e4108bdc-dd8a-4467-8687-0aef72f28da1: shutdown server org.apache.ratis.grpc.server.GrpcAdminProtocolService successfully
2024-02-06 10:02:56,586 [e4108bdc-dd8a-4467-8687-0aef72f28da1-NettyServerStreamRpc-bossGroup--thread1] INFO  logging.LoggingHandler (AbstractInternalLogger.java:log(148)) - [id: 0xb5536516, L:/0.0.0.0:15113] CLOSE
2024-02-06 10:02:56,586 [e4108bdc-dd8a-4467-8687-0aef72f28da1-NettyServerStreamRpc-bossGroup--thread1] INFO  logging.LoggingHandler (AbstractInternalLogger.java:log(148)) - [id: 0xb5536516, L:/0.0.0.0:15113] INACTIVE
2024-02-06 10:02:56,586 [e4108bdc-dd8a-4467-8687-0aef72f28da1-NettyServerStreamRpc-bossGroup--thread1] INFO  logging.LoggingHandler (AbstractInternalLogger.java:log(148)) - [id: 0xb5536516, L:/0.0.0.0:15113] UNREGISTERED
2024-02-06 10:02:56,732 [e4108bdc-dd8a-4467-8687-0aef72f28da1-impl-thread2] INFO  segmented.SegmentedRaftLogWorker (SegmentedRaftLogWorker.java:close(245)) - e4108bdc-dd8a-4467-8687-0aef72f28da1@group-EF5248A23A32-SegmentedRaftLogWorker close()
2024-02-06 10:02:57,558 [e4108bdc-dd8a-4467-8687-0aef72f28da1-impl-thread1] INFO  segmented.SegmentedRaftLogWorker (SegmentedRaftLogWorker.java:close(245)) - e4108bdc-dd8a-4467-8687-0aef72f28da1@group-93DD453B75EB-SegmentedRaftLogWorker close()
2024-02-06 10:02:57,559 [JvmPauseMonitor14] INFO  util.JvmPauseMonitor (JvmPauseMonitor.java:run(152)) - JvmPauseMonitor-e4108bdc-dd8a-4467-8687-0aef72f28da1: Stopped
2024-02-06 10:02:58,583 [timer3] WARN  server.GrpcLogAppender (LogUtils.java:warn(121)) - 488c4769-1e0b-4768-b3fe-c72db1d0dad7@group-93DD453B75EB->07380eda-3c62-4610-a005-d4af5e2d732d-AppendLogResponseHandler: Failed appendEntries (Repeated 8 times in the last 5.000s): org.apache.ratis.thirdparty.io.grpc.StatusRuntimeException: UNAVAILABLE: io exception
2024-02-06 10:02:58,583 [timer4] WARN  server.GrpcLogAppender (GrpcLogAppender.java:lambda$resetClient$1(217)) - 488c4769-1e0b-4768-b3fe-c72db1d0dad7@group-93DD453B75EB->07380eda-3c62-4610-a005-d4af5e2d732d-GrpcLogAppender: Follower failed (request=null, errorCount=8); keep nextIndex (3) unchanged and retry. (Repeated 8 times in the last 5.000s)
2024-02-06 10:02:59,562 [main] INFO  utils.DatanodeStoreCache (DatanodeStoreCache.java:shutdownCache(116)) - Skip clearing cache in mini cluster mode. Entries left: [/home/runner/work/ozone/ozone/hadoop-ozone/integration-test/target/test-dir/MiniOzoneClusterImpl-aff9c889-8dd2-4f79-ab57-76a0adc13766/datanode-0/data-0/containers/hdds/aff9c889-8dd2-4f79-ab57-76a0adc13766/DS-d59af0ad-321c-4720-89f9-c1fbafa6673e/container.db, /home/runner/work/ozone/ozone/hadoop-ozone/integration-test/target/test-dir/MiniOzoneClusterImpl-aff9c889-8dd2-4f79-ab57-76a0adc13766/datanode-1/data-0/containers/hdds/aff9c889-8dd2-4f79-ab57-76a0adc13766/DS-3a5ef1ed-41be-4462-ad67-f0ed3658a2f1/container.db, /home/runner/work/ozone/ozone/hadoop-ozone/integration-test/target/test-dir/MiniOzoneClusterImpl-aff9c889-8dd2-4f79-ab57-76a0adc13766/datanode-3/data-0/containers/hdds/aff9c889-8dd2-4f79-ab57-76a0adc13766/DS-6dfa79b8-5f46-4663-b96a-b31f347b60fd/container.db, /home/runner/work/ozone/ozone/hadoop-ozone/integration-test/target/test-dir/MiniOzoneClusterImpl-aff9c889-8dd2-4f79-ab57-76a0adc13766/datanode-4/data-0/containers/hdds/aff9c889-8dd2-4f79-ab57-76a0adc13766/DS-36e01c3a-6914-43d5-8f22-1a3b692e0768/container.db, /home/runner/work/ozone/ozone/hadoop-ozone/integration-test/target/test-dir/MiniOzoneClusterImpl-aff9c889-8dd2-4f79-ab57-76a0adc13766/datanode-5/data-0/containers/hdds/aff9c889-8dd2-4f79-ab57-76a0adc13766/DS-ced8edba-c74b-4c42-bbd6-7fda4c7e8080/container.db, /home/runner/work/ozone/ozone/hadoop-ozone/integration-test/target/test-dir/MiniOzoneClusterImpl-aff9c889-8dd2-4f79-ab57-76a0adc13766/datanode-6/data-0/containers/hdds/aff9c889-8dd2-4f79-ab57-76a0adc13766/DS-b94ac8ca-ef09-4953-980d-cfdc99ea185a/container.db, /home/runner/work/ozone/ozone/hadoop-ozone/integration-test/target/test-dir/MiniOzoneClusterImpl-aff9c889-8dd2-4f79-ab57-76a0adc13766/datanode-7/data-0/containers/hdds/aff9c889-8dd2-4f79-ab57-76a0adc13766/DS-8cfeabd8-4f93-41d2-96fa-75146ae26f46/container.db, /home/runner/work/ozone/ozone/hadoop-ozone/integration-test/target/test-dir/MiniOzoneClusterImpl-aff9c889-8dd2-4f79-ab57-76a0adc13766/datanode-8/data-0/containers/hdds/aff9c889-8dd2-4f79-ab57-76a0adc13766/DS-64315fe6-bae0-4058-a833-39fbbacebd6b/container.db]
2024-02-06 10:02:59,564 [main] INFO  utils.DatanodeStoreCache (DatanodeStoreCache.java:removeDB(110)) - Removed db /home/runner/work/ozone/ozone/hadoop-ozone/integration-test/target/test-dir/MiniOzoneClusterImpl-aff9c889-8dd2-4f79-ab57-76a0adc13766/datanode-1/data-0/containers/hdds/aff9c889-8dd2-4f79-ab57-76a0adc13766/DS-3a5ef1ed-41be-4462-ad67-f0ed3658a2f1/container.db from cache
2024-02-06 10:02:59,564 [main] INFO  volume.HddsVolume (HddsVolume.java:closeDbStore(451)) - SchemaV3 db is stopped at /home/runner/work/ozone/ozone/hadoop-ozone/integration-test/target/test-dir/MiniOzoneClusterImpl-aff9c889-8dd2-4f79-ab57-76a0adc13766/datanode-1/data-0/containers/hdds/aff9c889-8dd2-4f79-ab57-76a0adc13766/DS-3a5ef1ed-41be-4462-ad67-f0ed3658a2f1/container.db for volume DS-3a5ef1ed-41be-4462-ad67-f0ed3658a2f1
2024-02-06 10:02:59,564 [main] INFO  utils.BackgroundService (BackgroundService.java:shutdown(160)) - Shutting down service BlockDeletingService
2024-02-06 10:02:59,565 [main] INFO  utils.BackgroundService (BackgroundService.java:shutdown(160)) - Shutting down service StaleRecoveringContainerScrubbingService
2024-02-06 10:02:59,566 [main] INFO  statemachine.DatanodeStateMachine (DatanodeStateMachine.java:stopDaemon(638)) - Ozone container server stopped.
2024-02-06 10:02:59,566 [main] INFO  handler.ContextHandler (ContextHandler.java:doStop(1159)) - Stopped o.e.j.w.WebAppContext@16bfbef0{hddsDatanode,/,null,STOPPED}{jar:file:/home/runner/.m2/repository/org/apache/ozone/hdds-container-service/1.5.0-SNAPSHOT/hdds-container-service-1.5.0-SNAPSHOT.jar!/webapps/hddsDatanode}
2024-02-06 10:02:59,567 [main] INFO  server.AbstractConnector (AbstractConnector.java:doStop(383)) - Stopped ServerConnector@61b2879b{HTTP/1.1, (http/1.1)}{0.0.0.0:15107}
2024-02-06 10:02:59,567 [main] INFO  server.session (HouseKeeper.java:stopScavenging(149)) - node0 Stopped scavenging
2024-02-06 10:02:59,567 [main] INFO  handler.ContextHandler (ContextHandler.java:doStop(1159)) - Stopped o.e.j.s.ServletContextHandler@3a2c5017{static,/static,jar:file:/home/runner/.m2/repository/org/apache/ozone/hdds-container-service/1.5.0-SNAPSHOT/hdds-container-service-1.5.0-SNAPSHOT.jar!/webapps/static,STOPPED}
2024-02-06 10:02:59,567 [main] INFO  handler.ContextHandler (ContextHandler.java:doStop(1159)) - Stopped o.e.j.s.ServletContextHandler@44cf2f5c{logs,/logs,file:///home/runner/work/ozone/ozone/hadoop-ozone/integration-test/target/log,STOPPED}
2024-02-06 10:02:59,568 [main] INFO  ozone.HddsDatanodeClientProtocolServer (HddsDatanodeClientProtocolServer.java:stop(78)) - Stopping the RPC server for Client Protocol
2024-02-06 10:02:59,568 [main] INFO  ipc.Server (Server.java:stop(3523)) - Stopping server on 15108
2024-02-06 10:02:59,569 [IPC Server listener on 15108] INFO  ipc.Server (Server.java:run(1434)) - Stopping IPC Server listener on 15108
2024-02-06 10:02:59,570 [IPC Server Responder] INFO  ipc.Server (Server.java:run(1567)) - Stopping IPC Server Responder
2024-02-06 10:02:59,574 [main] INFO  pipeline.PipelineManagerImpl (PipelineManagerImpl.java:closeContainersForPipeline(484)) - Container #1 closed for pipeline=PipelineID=a0dea5f9-55d9-41fd-bc61-93dd453b75eb
2024-02-06 10:02:59,574 [EventQueue-CloseContainerForCloseContainerEventHandler] INFO  container.CloseContainerEventHandler (CloseContainerEventHandler.java:onMessage(88)) - Close container Event triggered for container : #1, current state: CLOSING
2024-02-06 10:02:59,575 [main] INFO  pipeline.PipelineManagerImpl (PipelineManagerImpl.java:closePipeline(518)) - Pipeline PipelineID=a0dea5f9-55d9-41fd-bc61-93dd453b75eb moved to CLOSED state
2024-02-06 10:02:59,822 [grpc-default-executor-4] WARN  server.GrpcLogAppender (LogUtils.java:warn(121)) - 488c4769-1e0b-4768-b3fe-c72db1d0dad7@group-93DD453B75EB->07380eda-3c62-4610-a005-d4af5e2d732d-AppendLogResponseHandler: Failed appendEntries: org.apache.ratis.thirdparty.io.grpc.StatusRuntimeException: UNAVAILABLE: io exception
2024-02-06 10:02:59,826 [grpc-default-executor-2] WARN  server.GrpcLogAppender (GrpcLogAppender.java:lambda$resetClient$1(217)) - 488c4769-1e0b-4768-b3fe-c72db1d0dad7@group-93DD453B75EB->07380eda-3c62-4610-a005-d4af5e2d732d-GrpcLogAppender: Follower failed (request=null, errorCount=9); keep nextIndex (3) unchanged and retry.
2024-02-06 10:03:01,580 [timer2] WARN  server.GrpcLogAppender (LogUtils.java:warn(121)) - 488c4769-1e0b-4768-b3fe-c72db1d0dad7@group-93DD453B75EB->e4108bdc-dd8a-4467-8687-0aef72f28da1-AppendLogResponseHandler: Failed appendEntries (Repeated 8 times in the last 5.000s): org.apache.ratis.thirdparty.io.grpc.StatusRuntimeException: UNAVAILABLE: io exception
2024-02-06 10:03:01,580 [timer3] WARN  server.GrpcLogAppender (GrpcLogAppender.java:lambda$resetClient$1(217)) - 488c4769-1e0b-4768-b3fe-c72db1d0dad7@group-93DD453B75EB->e4108bdc-dd8a-4467-8687-0aef72f28da1-GrpcLogAppender: Follower failed (request=null, errorCount=8); keep nextIndex (3) unchanged and retry. (Repeated 8 times in the last 5.000s)
2024-02-06 10:03:02,332 [grpc-default-executor-4] WARN  server.GrpcLogAppender (LogUtils.java:warn(121)) - 488c4769-1e0b-4768-b3fe-c72db1d0dad7@group-93DD453B75EB->e4108bdc-dd8a-4467-8687-0aef72f28da1-AppendLogResponseHandler: Failed appendEntries: org.apache.ratis.thirdparty.io.grpc.StatusRuntimeException: UNAVAILABLE: io exception
2024-02-06 10:03:02,334 [grpc-default-executor-2] WARN  server.GrpcLogAppender (GrpcLogAppender.java:lambda$resetClient$1(217)) - 488c4769-1e0b-4768-b3fe-c72db1d0dad7@group-93DD453B75EB->e4108bdc-dd8a-4467-8687-0aef72f28da1-GrpcLogAppender: Follower failed (request=null, errorCount=9); keep nextIndex (3) unchanged and retry.
2024-02-06 10:03:03,016 [null-request--thread1] INFO  server.GrpcClientProtocolService (GrpcClientProtocolService.java:lambda$processClientRequest$0(284)) - Failed RaftClientRequest:client-5AB8F24C4CCC->488c4769-1e0b-4768-b3fe-c72db1d0dad7@group-93DD453B75EB, cid=48, seq=null, Watch-ALL_COMMITTED(14), Message:<EMPTY>, reply=RaftClientReply:client-5AB8F24C4CCC->488c4769-1e0b-4768-b3fe-c72db1d0dad7@group-93DD453B75EB, cid=48, FAILED org.apache.ratis.protocol.exceptions.NotReplicatedException: Request with call Id 48 and log index 14 is not yet replicated to ALL_COMMITTED, logIndex=14, commits[488c4769-1e0b-4768-b3fe-c72db1d0dad7:c2, 07380eda-3c62-4610-a005-d4af5e2d732d:c1, e4108bdc-dd8a-4467-8687-0aef72f28da1:c2]
2024-02-06 10:03:03,021 [main] WARN  scm.XceiverClientRatis (XceiverClientRatis.java:watchForCommit(284)) - 3 way commit failed on pipeline Pipeline[ Id: a0dea5f9-55d9-41fd-bc61-93dd453b75eb, Nodes: 07380eda-3c62-4610-a005-d4af5e2d732d(fv-az776-296/10.1.0.5)e4108bdc-dd8a-4467-8687-0aef72f28da1(fv-az776-296/10.1.0.5)488c4769-1e0b-4768-b3fe-c72db1d0dad7(fv-az776-296/10.1.0.5), ReplicationConfig: RATIS/THREE, State:OPEN, leaderId:488c4769-1e0b-4768-b3fe-c72db1d0dad7, CreationTimestamp2024-02-06T10:02:44.769Z[Etc/UTC]]
java.util.concurrent.ExecutionException: org.apache.ratis.protocol.exceptions.NotReplicatedException: Request with call Id 48 and log index 14 is not yet replicated to ALL_COMMITTED
	at java.util.concurrent.CompletableFuture.reportGet(CompletableFuture.java:357)
	at java.util.concurrent.CompletableFuture.get(CompletableFuture.java:1908)
	at org.apache.hadoop.hdds.scm.XceiverClientRatis.watchForCommit(XceiverClientRatis.java:279)
	at org.apache.hadoop.ozone.client.rpc.TestWatchForCommit.lambda$testWatchForCommitForRetryfailure$0(TestWatchForCommit.java:282)
	at org.junit.jupiter.api.AssertThrows.assertThrows(AssertThrows.java:53)
	at org.junit.jupiter.api.AssertThrows.assertThrows(AssertThrows.java:35)
	at org.junit.jupiter.api.Assertions.assertThrows(Assertions.java:3115)
	at org.apache.hadoop.ozone.client.rpc.TestWatchForCommit.testWatchForCommitForRetryfailure(TestWatchForCommit.java:281)
	at sun.reflect.NativeMethodAccessorImpl.invoke0(Native Method)
	at sun.reflect.NativeMethodAccessorImpl.invoke(NativeMethodAccessorImpl.java:62)
	at sun.reflect.DelegatingMethodAccessorImpl.invoke(DelegatingMethodAccessorImpl.java:43)
	at java.lang.reflect.Method.invoke(Method.java:498)
	at org.junit.platform.commons.util.ReflectionUtils.invokeMethod(ReflectionUtils.java:728)
	at org.junit.jupiter.engine.execution.MethodInvocation.proceed(MethodInvocation.java:60)
	at org.junit.jupiter.engine.execution.InvocationInterceptorChain$ValidatingInvocation.proceed(InvocationInterceptorChain.java:131)
	at org.junit.jupiter.engine.extension.TimeoutExtension.intercept(TimeoutExtension.java:156)
	at org.junit.jupiter.engine.extension.TimeoutExtension.interceptTestableMethod(TimeoutExtension.java:147)
	at org.junit.jupiter.engine.extension.TimeoutExtension.interceptTestMethod(TimeoutExtension.java:86)
	at org.junit.jupiter.engine.execution.InterceptingExecutableInvoker$ReflectiveInterceptorCall.lambda$ofVoidMethod$0(InterceptingExecutableInvoker.java:103)
	at org.junit.jupiter.engine.execution.InterceptingExecutableInvoker.lambda$invoke$0(InterceptingExecutableInvoker.java:93)
	at org.junit.jupiter.engine.execution.InvocationInterceptorChain$InterceptedInvocation.proceed(InvocationInterceptorChain.java:106)
	at org.junit.jupiter.engine.execution.InvocationInterceptorChain.proceed(InvocationInterceptorChain.java:64)
	at org.junit.jupiter.engine.execution.InvocationInterceptorChain.chainAndInvoke(InvocationInterceptorChain.java:45)
	at org.junit.jupiter.engine.execution.InvocationInterceptorChain.invoke(InvocationInterceptorChain.java:37)
	at org.junit.jupiter.engine.execution.InterceptingExecutableInvoker.invoke(InterceptingExecutableInvoker.java:92)
	at org.junit.jupiter.engine.execution.InterceptingExecutableInvoker.invoke(InterceptingExecutableInvoker.java:86)
	at org.junit.jupiter.engine.descriptor.TestMethodTestDescriptor.lambda$invokeTestMethod$7(TestMethodTestDescriptor.java:218)
	at org.junit.platform.engine.support.hierarchical.ThrowableCollector.execute(ThrowableCollector.java:73)
	at org.junit.jupiter.engine.descriptor.TestMethodTestDescriptor.invokeTestMethod(TestMethodTestDescriptor.java:214)
	at org.junit.jupiter.engine.descriptor.TestMethodTestDescriptor.execute(TestMethodTestDescriptor.java:139)
	at org.junit.jupiter.engine.descriptor.TestMethodTestDescriptor.execute(TestMethodTestDescriptor.java:69)
	at org.junit.platform.engine.support.hierarchical.NodeTestTask.lambda$executeRecursively$6(NodeTestTask.java:151)
	at org.junit.platform.engine.support.hierarchical.ThrowableCollector.execute(ThrowableCollector.java:73)
	at org.junit.platform.engine.support.hierarchical.NodeTestTask.lambda$executeRecursively$8(NodeTestTask.java:141)
	at org.junit.platform.engine.support.hierarchical.Node.around(Node.java:137)
	at org.junit.platform.engine.support.hierarchical.NodeTestTask.lambda$executeRecursively$9(NodeTestTask.java:139)
	at org.junit.platform.engine.support.hierarchical.ThrowableCollector.execute(ThrowableCollector.java:73)
	at org.junit.platform.engine.support.hierarchical.NodeTestTask.executeRecursively(NodeTestTask.java:138)
	at org.junit.platform.engine.support.hierarchical.NodeTestTask.execute(NodeTestTask.java:95)
	at java.util.ArrayList.forEach(ArrayList.java:1259)
	at org.junit.platform.engine.support.hierarchical.SameThreadHierarchicalTestExecutorService.invokeAll(SameThreadHierarchicalTestExecutorService.java:41)
	at org.junit.platform.engine.support.hierarchical.NodeTestTask.lambda$executeRecursively$6(NodeTestTask.java:155)
	at org.junit.platform.engine.support.hierarchical.ThrowableCollector.execute(ThrowableCollector.java:73)
	at org.junit.platform.engine.support.hierarchical.NodeTestTask.lambda$executeRecursively$8(NodeTestTask.java:141)
	at org.junit.platform.engine.support.hierarchical.Node.around(Node.java:137)
	at org.junit.platform.engine.support.hierarchical.NodeTestTask.lambda$executeRecursively$9(NodeTestTask.java:139)
	at org.junit.platform.engine.support.hierarchical.ThrowableCollector.execute(ThrowableCollector.java:73)
	at org.junit.platform.engine.support.hierarchical.NodeTestTask.executeRecursively(NodeTestTask.java:138)
	at org.junit.platform.engine.support.hierarchical.NodeTestTask.execute(NodeTestTask.java:95)
	at java.util.ArrayList.forEach(ArrayList.java:1259)
	at org.junit.platform.engine.support.hierarchical.SameThreadHierarchicalTestExecutorService.invokeAll(SameThreadHierarchicalTestExecutorService.java:41)
	at org.junit.platform.engine.support.hierarchical.NodeTestTask.lambda$executeRecursively$6(NodeTestTask.java:155)
	at org.junit.platform.engine.support.hierarchical.ThrowableCollector.execute(ThrowableCollector.java:73)
	at org.junit.platform.engine.support.hierarchical.NodeTestTask.lambda$executeRecursively$8(NodeTestTask.java:141)
	at org.junit.platform.engine.support.hierarchical.Node.around(Node.java:137)
	at org.junit.platform.engine.support.hierarchical.NodeTestTask.lambda$executeRecursively$9(NodeTestTask.java:139)
	at org.junit.platform.engine.support.hierarchical.ThrowableCollector.execute(ThrowableCollector.java:73)
	at org.junit.platform.engine.support.hierarchical.NodeTestTask.executeRecursively(NodeTestTask.java:138)
	at org.junit.platform.engine.support.hierarchical.NodeTestTask.execute(NodeTestTask.java:95)
	at org.junit.platform.engine.support.hierarchical.SameThreadHierarchicalTestExecutorService.submit(SameThreadHierarchicalTestExecutorService.java:35)
	at org.junit.platform.engine.support.hierarchical.HierarchicalTestExecutor.execute(HierarchicalTestExecutor.java:57)
	at org.junit.platform.engine.support.hierarchical.HierarchicalTestEngine.execute(HierarchicalTestEngine.java:54)
	at org.junit.platform.launcher.core.EngineExecutionOrchestrator.execute(EngineExecutionOrchestrator.java:198)
	at org.junit.platform.launcher.core.EngineExecutionOrchestrator.execute(EngineExecutionOrchestrator.java:169)
	at org.junit.platform.launcher.core.EngineExecutionOrchestrator.execute(EngineExecutionOrchestrator.java:93)
	at org.junit.platform.launcher.core.EngineExecutionOrchestrator.lambda$execute$0(EngineExecutionOrchestrator.java:58)
	at org.junit.platform.launcher.core.EngineExecutionOrchestrator.withInterceptedStreams(EngineExecutionOrchestrator.java:141)
	at org.junit.platform.launcher.core.EngineExecutionOrchestrator.execute(EngineExecutionOrchestrator.java:57)
	at org.junit.platform.launcher.core.DefaultLauncher.execute(DefaultLauncher.java:103)
	at org.junit.platform.launcher.core.DefaultLauncher.execute(DefaultLauncher.java:85)
	at org.junit.platform.launcher.core.DelegatingLauncher.execute(DelegatingLauncher.java:47)
	at org.junit.platform.launcher.core.SessionPerRequestLauncher.execute(SessionPerRequestLauncher.java:63)
	at org.apache.maven.surefire.junitplatform.JUnitPlatformProvider.execute(JUnitPlatformProvider.java:188)
	at org.apache.maven.surefire.junitplatform.JUnitPlatformProvider.invokeAllTests(JUnitPlatformProvider.java:154)
	at org.apache.maven.surefire.junitplatform.JUnitPlatformProvider.invoke(JUnitPlatformProvider.java:124)
	at org.apache.maven.surefire.booter.ForkedBooter.runSuitesInProcess(ForkedBooter.java:428)
	at org.apache.maven.surefire.booter.ForkedBooter.execute(ForkedBooter.java:162)
	at org.apache.maven.surefire.booter.ForkedBooter.run(ForkedBooter.java:562)
	at org.apache.maven.surefire.booter.ForkedBooter.main(ForkedBooter.java:548)
Caused by: org.apache.ratis.protocol.exceptions.NotReplicatedException: Request with call Id 48 and log index 14 is not yet replicated to ALL_COMMITTED
	at org.apache.ratis.client.impl.ClientProtoUtils.toRaftClientReply(ClientProtoUtils.java:400)
	at org.apache.ratis.grpc.client.GrpcClientProtocolClient$AsyncStreamObservers$1.onNext(GrpcClientProtocolClient.java:310)
	at org.apache.ratis.grpc.client.GrpcClientProtocolClient$AsyncStreamObservers$1.onNext(GrpcClientProtocolClient.java:305)
	at org.apache.ratis.thirdparty.io.grpc.stub.ClientCalls$StreamObserverToCallListenerAdapter.onMessage(ClientCalls.java:468)
	at org.apache.ratis.thirdparty.io.grpc.ForwardingClientCallListener.onMessage(ForwardingClientCallListener.java:33)
	at org.apache.ratis.thirdparty.io.grpc.internal.ClientCallImpl$ClientStreamListenerImpl$1MessagesAvailable.runInternal(ClientCallImpl.java:660)
	at org.apache.ratis.thirdparty.io.grpc.internal.ClientCallImpl$ClientStreamListenerImpl$1MessagesAvailable.runInContext(ClientCallImpl.java:647)
	at org.apache.ratis.thirdparty.io.grpc.internal.ContextRunnable.run(ContextRunnable.java:37)
	at org.apache.ratis.thirdparty.io.grpc.internal.SerializingExecutor.run(SerializingExecutor.java:133)
	at java.util.concurrent.ThreadPoolExecutor.runWorker(ThreadPoolExecutor.java:1149)
	at java.util.concurrent.ThreadPoolExecutor$Worker.run(ThreadPoolExecutor.java:624)
	at java.lang.Thread.run(Thread.java:750)
2024-02-06 10:03:03,957 [488c4769-1e0b-4768-b3fe-c72db1d0dad7@group-93DD453B75EB-LeaderStateImpl] WARN  server.RaftServer$Division (LeaderStateImpl.java:checkLeadership(1107)) - 488c4769-1e0b-4768-b3fe-c72db1d0dad7@group-93DD453B75EB-LeaderStateImpl: Lost leadership on term: 1. Election timeout: 5200ms. In charge for: 11327ms. Conf: 0: peers:[07380eda-3c62-4610-a005-d4af5e2d732d|10.1.0.5:15121, e4108bdc-dd8a-4467-8687-0aef72f28da1|10.1.0.5:15112, 488c4769-1e0b-4768-b3fe-c72db1d0dad7|10.1.0.5:15103]|listeners:[], old=null
2024-02-06 10:03:03,957 [488c4769-1e0b-4768-b3fe-c72db1d0dad7@group-93DD453B75EB-LeaderStateImpl] WARN  server.RaftServer$Division (LeaderStateImpl.java:lambda$checkLeadership$21(1111)) - Follower 488c4769-1e0b-4768-b3fe-c72db1d0dad7@group-93DD453B75EB->07380eda-3c62-4610-a005-d4af5e2d732d(c1,m2,n3, caughtUp=true, lastRpcSendTime=1500, lastRpcResponseTime=10401)
2024-02-06 10:03:03,957 [488c4769-1e0b-4768-b3fe-c72db1d0dad7@group-93DD453B75EB-LeaderStateImpl] WARN  server.RaftServer$Division (LeaderStateImpl.java:lambda$checkLeadership$21(1111)) - Follower 488c4769-1e0b-4768-b3fe-c72db1d0dad7@group-93DD453B75EB->e4108bdc-dd8a-4467-8687-0aef72f28da1(c2,m2,n3, caughtUp=true, lastRpcSendTime=371, lastRpcResponseTime=7890)
2024-02-06 10:03:03,958 [488c4769-1e0b-4768-b3fe-c72db1d0dad7@group-93DD453B75EB-LeaderStateImpl] INFO  server.RaftServer$Division (RaftServerImpl.java:setRole(383)) - 488c4769-1e0b-4768-b3fe-c72db1d0dad7@group-93DD453B75EB: changes role from    LEADER to FOLLOWER at term 1 for StepDownReason:LOST_MAJORITY_HEARTBEATS
2024-02-06 10:03:03,958 [488c4769-1e0b-4768-b3fe-c72db1d0dad7@group-93DD453B75EB-LeaderStateImpl] INFO  impl.RoleInfo (RoleInfo.java:shutdownLeaderState(94)) - 488c4769-1e0b-4768-b3fe-c72db1d0dad7: shutdown 488c4769-1e0b-4768-b3fe-c72db1d0dad7@group-93DD453B75EB-LeaderStateImpl
2024-02-06 10:03:03,958 [488c4769-1e0b-4768-b3fe-c72db1d0dad7@group-93DD453B75EB->07380eda-3c62-4610-a005-d4af5e2d732d-GrpcLogAppender-LogAppenderDaemon] WARN  server.GrpcLogAppender (GrpcLogAppender.java:mayWait(289)) - 488c4769-1e0b-4768-b3fe-c72db1d0dad7@group-93DD453B75EB->07380eda-3c62-4610-a005-d4af5e2d732d-GrpcLogAppender: Wait interrupted by java.lang.InterruptedException
2024-02-06 10:03:03,958 [488c4769-1e0b-4768-b3fe-c72db1d0dad7@group-93DD453B75EB-LeaderStateImpl] INFO  impl.PendingRequests (PendingRequests.java:sendNotLeaderResponses(289)) - 488c4769-1e0b-4768-b3fe-c72db1d0dad7@group-93DD453B75EB-PendingRequests: sendNotLeaderResponses
2024-02-06 10:03:03,958 [488c4769-1e0b-4768-b3fe-c72db1d0dad7@group-93DD453B75EB->e4108bdc-dd8a-4467-8687-0aef72f28da1-GrpcLogAppender-LogAppenderDaemon] WARN  server.GrpcLogAppender (GrpcLogAppender.java:mayWait(289)) - 488c4769-1e0b-4768-b3fe-c72db1d0dad7@group-93DD453B75EB->e4108bdc-dd8a-4467-8687-0aef72f28da1-GrpcLogAppender: Wait interrupted by java.lang.InterruptedException
2024-02-06 10:03:03,960 [null-request--thread1] INFO  server.GrpcClientProtocolService (GrpcClientProtocolService.java:lambda$processClientRequest$0(284)) - Failed RaftClientRequest:client-5AB8F24C4CCC->488c4769-1e0b-4768-b3fe-c72db1d0dad7@group-93DD453B75EB, cid=49, seq=null, Watch-MAJORITY_COMMITTED(14), Message:<EMPTY>, reply=RaftClientReply:client-5AB8F24C4CCC->488c4769-1e0b-4768-b3fe-c72db1d0dad7@group-93DD453B75EB, cid=49, FAILED org.apache.ratis.protocol.exceptions.NotLeaderException: Server 488c4769-1e0b-4768-b3fe-c72db1d0dad7@group-93DD453B75EB is not the leader, logIndex=0, commits[488c4769-1e0b-4768-b3fe-c72db1d0dad7:c2, 07380eda-3c62-4610-a005-d4af5e2d732d:c1, e4108bdc-dd8a-4467-8687-0aef72f28da1:c2]
2024-02-06 10:03:03,960 [488c4769-1e0b-4768-b3fe-c72db1d0dad7@group-93DD453B75EB-LeaderStateImpl] INFO  server.RaftServer$Division (ServerState.java:setLeader(269)) - 488c4769-1e0b-4768-b3fe-c72db1d0dad7@group-93DD453B75EB: change Leader from 488c4769-1e0b-4768-b3fe-c72db1d0dad7 to null at term 1 for StepDownReason:LOST_MAJORITY_HEARTBEATS
2024-02-06 10:03:03,960 [488c4769-1e0b-4768-b3fe-c72db1d0dad7@group-93DD453B75EB-LeaderStateImpl] INFO  impl.RoleInfo (RoleInfo.java:updateAndGet(139)) - 488c4769-1e0b-4768-b3fe-c72db1d0dad7: start 488c4769-1e0b-4768-b3fe-c72db1d0dad7@group-93DD453B75EB-FollowerState
2024-02-06 10:03:04,573 [488c4769-1e0b-4768-b3fe-c72db1d0dad7-CloseContainerThread-0] INFO  commandhandler.CloseContainerCommandHandler (CloseContainerCommandHandler.java:lambda$handle$0(154)) - Follower cannot close container #1.
2024-02-06 10:03:04,826 [timer5] WARN  server.GrpcLogAppender (LogUtils.java:warn(121)) - 488c4769-1e0b-4768-b3fe-c72db1d0dad7@group-93DD453B75EB->07380eda-3c62-4610-a005-d4af5e2d732d-AppendLogResponseHandler: Failed appendEntries (Repeated 6 times in the last 5.004s): org.apache.ratis.thirdparty.io.grpc.StatusRuntimeException: UNAVAILABLE: io exception
2024-02-06 10:03:04,827 [timer6] WARN  server.GrpcLogAppender (GrpcLogAppender.java:lambda$resetClient$1(217)) - 488c4769-1e0b-4768-b3fe-c72db1d0dad7@group-93DD453B75EB->07380eda-3c62-4610-a005-d4af5e2d732d-GrpcLogAppender: Follower failed (request=null, errorCount=14); keep nextIndex (3) unchanged and retry. (Repeated 6 times in the last 5.001s)
2024-02-06 10:03:05,780 [BackgroundPipelineScrubber] INFO  pipeline.PipelineManagerImpl (PipelineManagerImpl.java:scrubPipelines(610)) - Scrubbing pipeline: id: PipelineID=a0dea5f9-55d9-41fd-bc61-93dd453b75eb since it stays at CLOSED stage.
2024-02-06 10:03:05,780 [BackgroundPipelineScrubber] INFO  pipeline.RatisPipelineProvider (RatisPipelineProvider.java:lambda$close$4(272)) - Send pipeline:PipelineID=a0dea5f9-55d9-41fd-bc61-93dd453b75eb close command to datanode 07380eda-3c62-4610-a005-d4af5e2d732d
2024-02-06 10:03:05,781 [BackgroundPipelineScrubber] INFO  pipeline.RatisPipelineProvider (RatisPipelineProvider.java:lambda$close$4(272)) - Send pipeline:PipelineID=a0dea5f9-55d9-41fd-bc61-93dd453b75eb close command to datanode e4108bdc-dd8a-4467-8687-0aef72f28da1
2024-02-06 10:03:05,781 [BackgroundPipelineScrubber] INFO  pipeline.RatisPipelineProvider (RatisPipelineProvider.java:lambda$close$4(272)) - Send pipeline:PipelineID=a0dea5f9-55d9-41fd-bc61-93dd453b75eb close command to datanode 488c4769-1e0b-4768-b3fe-c72db1d0dad7
2024-02-06 10:03:05,782 [BackgroundPipelineScrubber] INFO  pipeline.PipelineManagerImpl (PipelineManagerImpl.java:removePipeline(459)) - Pipeline Pipeline[ Id: a0dea5f9-55d9-41fd-bc61-93dd453b75eb, Nodes: 07380eda-3c62-4610-a005-d4af5e2d732d(fv-az776-296/10.1.0.5)e4108bdc-dd8a-4467-8687-0aef72f28da1(fv-az776-296/10.1.0.5)488c4769-1e0b-4768-b3fe-c72db1d0dad7(fv-az776-296/10.1.0.5), ReplicationConfig: RATIS/THREE, State:CLOSED, leaderId:488c4769-1e0b-4768-b3fe-c72db1d0dad7, CreationTimestamp2024-02-06T10:02:44.769Z[Etc/UTC]] removed.
2024-02-06 10:03:07,334 [timer0] WARN  server.GrpcLogAppender (GrpcLogAppender.java:lambda$resetClient$1(217)) - 488c4769-1e0b-4768-b3fe-c72db1d0dad7@group-93DD453B75EB->e4108bdc-dd8a-4467-8687-0aef72f28da1-GrpcLogAppender: Follower failed (request=null, errorCount=12); keep nextIndex (3) unchanged and retry. (Repeated 4 times in the last 5.000s)
2024-02-06 10:03:07,334 [timer7] WARN  server.GrpcLogAppender (LogUtils.java:warn(121)) - 488c4769-1e0b-4768-b3fe-c72db1d0dad7@group-93DD453B75EB->e4108bdc-dd8a-4467-8687-0aef72f28da1-AppendLogResponseHandler: Failed appendEntries (Repeated 4 times in the last 5.002s): org.apache.ratis.thirdparty.io.grpc.StatusRuntimeException: UNAVAILABLE: io exception
2024-02-06 10:03:07,572 [488c4769-1e0b-4768-b3fe-c72db1d0dad7-PipelineCommandHandlerThread-0] INFO  server.RaftServer (RaftServerProxy.java:remove(111)) - 488c4769-1e0b-4768-b3fe-c72db1d0dad7: remove  FOLLOWER 488c4769-1e0b-4768-b3fe-c72db1d0dad7@group-93DD453B75EB:t1, leader=null, voted=488c4769-1e0b-4768-b3fe-c72db1d0dad7, raftlog=Memoized:488c4769-1e0b-4768-b3fe-c72db1d0dad7@group-93DD453B75EB-SegmentedRaftLog:OPENED:c2, conf=0: peers:[07380eda-3c62-4610-a005-d4af5e2d732d|10.1.0.5:15121, e4108bdc-dd8a-4467-8687-0aef72f28da1|10.1.0.5:15112, 488c4769-1e0b-4768-b3fe-c72db1d0dad7|10.1.0.5:15103]|listeners:[], old=null RUNNING
2024-02-06 10:03:07,573 [488c4769-1e0b-4768-b3fe-c72db1d0dad7-PipelineCommandHandlerThread-0] INFO  server.RaftServer$Division (RaftServerImpl.java:lambda$close$3(526)) - 488c4769-1e0b-4768-b3fe-c72db1d0dad7@group-93DD453B75EB: shutdown
2024-02-06 10:03:07,573 [488c4769-1e0b-4768-b3fe-c72db1d0dad7-PipelineCommandHandlerThread-0] INFO  util.JmxRegister (JmxRegister.java:unregister(73)) - Successfully un-registered JMX Bean with object name Ratis:service=RaftServer,group=group-93DD453B75EB,id=488c4769-1e0b-4768-b3fe-c72db1d0dad7
2024-02-06 10:03:07,573 [488c4769-1e0b-4768-b3fe-c72db1d0dad7-PipelineCommandHandlerThread-0] INFO  impl.RoleInfo (RoleInfo.java:shutdownFollowerState(110)) - 488c4769-1e0b-4768-b3fe-c72db1d0dad7: shutdown 488c4769-1e0b-4768-b3fe-c72db1d0dad7@group-93DD453B75EB-FollowerState
2024-02-06 10:03:07,574 [488c4769-1e0b-4768-b3fe-c72db1d0dad7-PipelineCommandHandlerThread-0] INFO  impl.StateMachineUpdater (StateMachineUpdater.java:stopAndJoin(157)) - 488c4769-1e0b-4768-b3fe-c72db1d0dad7@group-93DD453B75EB-StateMachineUpdater: set stopIndex = 2
2024-02-06 10:03:07,574 [488c4769-1e0b-4768-b3fe-c72db1d0dad7@group-93DD453B75EB-FollowerState] INFO  impl.FollowerState (FollowerState.java:run(152)) - 488c4769-1e0b-4768-b3fe-c72db1d0dad7@group-93DD453B75EB-FollowerState was interrupted
2024-02-06 10:03:07,574 [488c4769-1e0b-4768-b3fe-c72db1d0dad7@group-93DD453B75EB-StateMachineUpdater] INFO  ratis.ContainerStateMachine (ContainerStateMachine.java:takeSnapshot(355)) - group-93DD453B75EB: Taking a snapshot at:(t:1, i:2) file /home/runner/work/ozone/ozone/hadoop-ozone/integration-test/target/test-dir/MiniOzoneClusterImpl-aff9c889-8dd2-4f79-ab57-76a0adc13766/datanode-0/data/ratis/a0dea5f9-55d9-41fd-bc61-93dd453b75eb/sm/snapshot.1_2
2024-02-06 10:03:07,575 [488c4769-1e0b-4768-b3fe-c72db1d0dad7@group-93DD453B75EB-StateMachineUpdater] INFO  ratis.ContainerStateMachine (ContainerStateMachine.java:takeSnapshot(366)) - group-93DD453B75EB: Finished taking a snapshot at:(t:1, i:2) file:/home/runner/work/ozone/ozone/hadoop-ozone/integration-test/target/test-dir/MiniOzoneClusterImpl-aff9c889-8dd2-4f79-ab57-76a0adc13766/datanode-0/data/ratis/a0dea5f9-55d9-41fd-bc61-93dd453b75eb/sm/snapshot.1_2 took: 1 ms
2024-02-06 10:03:07,575 [488c4769-1e0b-4768-b3fe-c72db1d0dad7@group-93DD453B75EB-StateMachineUpdater] INFO  impl.StateMachineUpdater (StateMachineUpdater.java:takeSnapshot(295)) - 488c4769-1e0b-4768-b3fe-c72db1d0dad7@group-93DD453B75EB-StateMachineUpdater: Took a snapshot at index 2
2024-02-06 10:03:07,575 [488c4769-1e0b-4768-b3fe-c72db1d0dad7@group-93DD453B75EB-StateMachineUpdater] INFO  impl.StateMachineUpdater (StateMachineUpdater.java:lambda$new$0(98)) - 488c4769-1e0b-4768-b3fe-c72db1d0dad7@group-93DD453B75EB-StateMachineUpdater: snapshotIndex: updateIncreasingly -1 -> 2
2024-02-06 10:03:07,576 [488c4769-1e0b-4768-b3fe-c72db1d0dad7-PipelineCommandHandlerThread-0] INFO  server.RaftServer$Division (ServerState.java:close(427)) - 488c4769-1e0b-4768-b3fe-c72db1d0dad7@group-93DD453B75EB: applyIndex: 2
2024-02-06 10:03:07,576 [488c4769-1e0b-4768-b3fe-c72db1d0dad7@group-93DD453B75EB-cacheEviction-AwaitToRun] INFO  util.AwaitToRun (AwaitToRun.java:run(49)) - 488c4769-1e0b-4768-b3fe-c72db1d0dad7@group-93DD453B75EB-cacheEviction-AwaitToRun-AwaitForSignal is interrupted
2024-02-06 10:03:08,558 [488c4769-1e0b-4768-b3fe-c72db1d0dad7-PipelineCommandHandlerThread-0] INFO  segmented.SegmentedRaftLogWorker (SegmentedRaftLogWorker.java:close(245)) - 488c4769-1e0b-4768-b3fe-c72db1d0dad7@group-93DD453B75EB-SegmentedRaftLogWorker close()
2024-02-06 10:03:08,560 [488c4769-1e0b-4768-b3fe-c72db1d0dad7-PipelineCommandHandlerThread-0] INFO  keyvalue.KeyValueContainer (KeyValueContainer.java:flushAndSyncDB(522)) - Container 1 is synced with bcsId 0.
2024-02-06 10:03:08,560 [488c4769-1e0b-4768-b3fe-c72db1d0dad7-PipelineCommandHandlerThread-0] INFO  keyvalue.KeyValueContainer (KeyValueContainer.java:flushAndSyncDB(522)) - Container 1 is synced with bcsId 0.
2024-02-06 10:03:08,563 [488c4769-1e0b-4768-b3fe-c72db1d0dad7-PipelineCommandHandlerThread-0] INFO  server.RaftServer$Division (RaftServerImpl.java:groupRemove(496)) - 488c4769-1e0b-4768-b3fe-c72db1d0dad7@group-93DD453B75EB: Succeed to remove RaftStorageDirectory Storage Directory /home/runner/work/ozone/ozone/hadoop-ozone/integration-test/target/test-dir/MiniOzoneClusterImpl-aff9c889-8dd2-4f79-ab57-76a0adc13766/datanode-0/data/ratis/a0dea5f9-55d9-41fd-bc61-93dd453b75eb
2024-02-06 10:03:08,563 [488c4769-1e0b-4768-b3fe-c72db1d0dad7-PipelineCommandHandlerThread-0] ERROR commandhandler.ClosePipelineCommandHandler (ClosePipelineCommandHandler.java:lambda$handle$2(137)) - Can't close pipeline PipelineID=a0dea5f9-55d9-41fd-bc61-93dd453b75eb
org.apache.ratis.protocol.exceptions.GroupMismatchException: 488c4769-1e0b-4768-b3fe-c72db1d0dad7: group-93DD453B75EB not found.
	at org.apache.ratis.server.impl.RaftServerProxy$ImplMap.get(RaftServerProxy.java:154)
	at org.apache.ratis.server.impl.RaftServerProxy.getImplFuture(RaftServerProxy.java:364)
	at org.apache.ratis.server.impl.RaftServerProxy.getImpl(RaftServerProxy.java:373)
	at org.apache.ratis.server.impl.RaftServerProxy.getDivision(RaftServerProxy.java:386)
	at org.apache.hadoop.ozone.container.common.transport.server.ratis.XceiverServerRatis.getRaftPeersInPipeline(XceiverServerRatis.java:951)
	at org.apache.hadoop.ozone.container.common.statemachine.commandhandler.ClosePipelineCommandHandler.lambda$handle$2(ClosePipelineCommandHandler.java:114)
	at java.util.concurrent.CompletableFuture$AsyncRun.run(CompletableFuture.java:1640)
	at java.util.concurrent.ThreadPoolExecutor.runWorker(ThreadPoolExecutor.java:1149)
	at java.util.concurrent.ThreadPoolExecutor$Worker.run(ThreadPoolExecutor.java:624)
	at java.lang.Thread.run(Thread.java:750)
2024-02-06 10:03:08,564 [FixedThreadPoolWithAffinityExecutor-9-0] INFO  container.IncrementalContainerReportHandler (AbstractContainerReportHandler.java:updateContainerState(287)) - Moving container #1 to QUASI_CLOSED state, datanode 488c4769-1e0b-4768-b3fe-c72db1d0dad7(fv-az776-296/10.1.0.5) reported QUASI_CLOSED replica.
2024-02-06 10:03:14,904 [main] INFO  ozone.MiniOzoneClusterImpl (MiniOzoneClusterImpl.java:shutdown(448)) - Shutting down the Mini Ozone Cluster
2024-02-06 10:03:14,904 [main] INFO  db.CodecTestUtil (CodecTestUtil.java:gc(50)) - gc 0
2024-02-06 10:03:15,211 [main] INFO  ozone.MiniOzoneClusterImpl (MiniOzoneClusterImpl.java:stop(464)) - Stopping the Mini Ozone Cluster
2024-02-06 10:03:15,211 [main] INFO  om.OzoneManager (OzoneManager.java:stop(2204)) - om1[localhost:15093]: Stopping Ozone Manager
2024-02-06 10:03:15,211 [main] INFO  ipc.Server (Server.java:stop(3523)) - Stopping server on 15093
2024-02-06 10:03:15,216 [IPC Server Responder] INFO  ipc.Server (Server.java:run(1567)) - Stopping IPC Server Responder
2024-02-06 10:03:15,216 [IPC Server listener on 15093] INFO  ipc.Server (Server.java:run(1434)) - Stopping IPC Server listener on 15093
2024-02-06 10:03:15,218 [main] INFO  ratis.OzoneManagerRatisServer (OzoneManagerRatisServer.java:stop(594)) - Stopping org.apache.hadoop.ozone.om.ratis.OzoneManagerRatisServer@4d945670 at port 15096
2024-02-06 10:03:15,219 [main] INFO  server.RaftServer (RaftServerProxy.java:lambda$close$9(416)) - om1: close
2024-02-06 10:03:15,220 [main] INFO  server.GrpcService (GrpcService.java:closeImpl(311)) - om1: shutdown server GrpcServerProtocolService now
2024-02-06 10:03:15,220 [om1-impl-thread1] INFO  server.RaftServer$Division (RaftServerImpl.java:lambda$close$3(526)) - om1@group-C5BA1605619E: shutdown
2024-02-06 10:03:15,220 [om1-impl-thread1] INFO  util.JmxRegister (JmxRegister.java:unregister(73)) - Successfully un-registered JMX Bean with object name Ratis:service=RaftServer,group=group-C5BA1605619E,id=om1
2024-02-06 10:03:15,220 [om1-impl-thread1] INFO  impl.RoleInfo (RoleInfo.java:shutdownLeaderState(94)) - om1: shutdown om1@group-C5BA1605619E-LeaderStateImpl
2024-02-06 10:03:15,220 [om1-impl-thread1] INFO  impl.PendingRequests (PendingRequests.java:sendNotLeaderResponses(289)) - om1@group-C5BA1605619E-PendingRequests: sendNotLeaderResponses
2024-02-06 10:03:15,220 [main] INFO  server.GrpcService (GrpcService.java:closeImpl(320)) - om1: shutdown server GrpcServerProtocolService successfully
2024-02-06 10:03:15,232 [om1-impl-thread1] INFO  impl.StateMachineUpdater (StateMachineUpdater.java:stopAndJoin(157)) - om1@group-C5BA1605619E-StateMachineUpdater: set stopIndex = 4
2024-02-06 10:03:15,232 [om1@group-C5BA1605619E-StateMachineUpdater] INFO  ratis.OzoneManagerStateMachine (OzoneManagerStateMachine.java:takeSnapshotImpl(469)) -  applied = (t:1, i:3)
2024-02-06 10:03:15,232 [om1@group-C5BA1605619E-StateMachineUpdater] INFO  ratis.OzoneManagerStateMachine (OzoneManagerStateMachine.java:takeSnapshotImpl(470)) -  skipped = 3
2024-02-06 10:03:15,232 [om1@group-C5BA1605619E-StateMachineUpdater] INFO  ratis.OzoneManagerStateMachine (OzoneManagerStateMachine.java:takeSnapshotImpl(471)) - notified = (t:1, i:4)
2024-02-06 10:03:15,232 [om1@group-C5BA1605619E-StateMachineUpdater] INFO  ratis.OzoneManagerStateMachine (OzoneManagerStateMachine.java:takeSnapshotImpl(472)) - snapshot = (t:1, i:4)
2024-02-06 10:03:15,241 [om1@group-C5BA1605619E-StateMachineUpdater] INFO  impl.StateMachineUpdater (StateMachineUpdater.java:takeSnapshot(295)) - om1@group-C5BA1605619E-StateMachineUpdater: Took a snapshot at index 4
2024-02-06 10:03:15,241 [om1@group-C5BA1605619E-StateMachineUpdater] INFO  impl.StateMachineUpdater (StateMachineUpdater.java:lambda$new$0(98)) - om1@group-C5BA1605619E-StateMachineUpdater: snapshotIndex: updateIncreasingly -1 -> 4
2024-02-06 10:03:15,241 [om1@group-C5BA1605619E-StateMachineUpdater] INFO  ratis.OzoneManagerStateMachine (OzoneManagerStateMachine.java:close(515)) - Stopping OzoneManagerStateMachine:om1:group-C5BA1605619E.
2024-02-06 10:03:15,241 [om1@group-C5BA1605619E-StateMachineUpdater] INFO  ratis.OzoneManagerDoubleBuffer (OzoneManagerDoubleBuffer.java:stopDaemon(514)) - Stopping OMDoubleBuffer flush thread
2024-02-06 10:03:15,242 [om1-OMDoubleBufferFlushThread] INFO  ratis.OzoneManagerDoubleBuffer (OzoneManagerDoubleBuffer.java:canFlush(578)) - OMDoubleBuffer flush thread om1-OMDoubleBufferFlushThread is interrupted and will exit.
2024-02-06 10:03:15,242 [om1-impl-thread1] INFO  server.RaftServer$Division (ServerState.java:close(427)) - om1@group-C5BA1605619E: applyIndex: 3
2024-02-06 10:03:15,243 [om1@group-C5BA1605619E-cacheEviction-AwaitToRun] INFO  util.AwaitToRun (AwaitToRun.java:run(49)) - om1@group-C5BA1605619E-cacheEviction-AwaitToRun-AwaitForSignal is interrupted
2024-02-06 10:03:15,516 [om1-impl-thread1] INFO  segmented.SegmentedRaftLogWorker (SegmentedRaftLogWorker.java:close(245)) - om1@group-C5BA1605619E-SegmentedRaftLogWorker close()
2024-02-06 10:03:15,516 [JvmPauseMonitor12] INFO  util.JvmPauseMonitor (JvmPauseMonitor.java:run(152)) - JvmPauseMonitor-om1: Stopped
2024-02-06 10:03:15,517 [main] INFO  utils.BackgroundService (BackgroundService.java:shutdown(160)) - Shutting down service KeyDeletingService
2024-02-06 10:03:15,517 [main] INFO  utils.BackgroundService (BackgroundService.java:shutdown(160)) - Shutting down service DirectoryDeletingService
2024-02-06 10:03:15,518 [main] INFO  utils.BackgroundService (BackgroundService.java:shutdown(160)) - Shutting down service OpenKeyCleanupService
2024-02-06 10:03:15,518 [main] INFO  utils.BackgroundService (BackgroundService.java:shutdown(160)) - Shutting down service SstFilteringService
2024-02-06 10:03:15,518 [main] INFO  utils.BackgroundService (BackgroundService.java:shutdown(160)) - Shutting down service SnapshotDeletingService
2024-02-06 10:03:15,518 [main] INFO  utils.BackgroundService (BackgroundService.java:shutdown(160)) - Shutting down service MultipartUploadCleanupService
2024-02-06 10:03:15,518 [main] INFO  utils.BackgroundService (BackgroundService.java:shutdown(160)) - Shutting down service SnapshotDirectoryCleaningService
2024-02-06 10:03:15,519 [main] INFO  handler.ContextHandler (ContextHandler.java:doStop(1159)) - Stopped o.e.j.w.WebAppContext@4cf6bf0{ozoneManager,/,null,STOPPED}{file:/home/runner/work/ozone/ozone/hadoop-ozone/integration-test/target/test-classes/webapps/ozoneManager}
2024-02-06 10:03:15,520 [main] INFO  server.AbstractConnector (AbstractConnector.java:doStop(383)) - Stopped ServerConnector@f0d5e20{HTTP/1.1, (http/1.1)}{0.0.0.0:15094}
2024-02-06 10:03:15,520 [main] INFO  server.session (HouseKeeper.java:stopScavenging(149)) - node0 Stopped scavenging
2024-02-06 10:03:15,520 [main] INFO  handler.ContextHandler (ContextHandler.java:doStop(1159)) - Stopped o.e.j.s.ServletContextHandler@17a40c7a{static,/static,file:///home/runner/work/ozone/ozone/hadoop-ozone/integration-test/target/test-classes/webapps/static,STOPPED}
2024-02-06 10:03:15,520 [main] INFO  handler.ContextHandler (ContextHandler.java:doStop(1159)) - Stopped o.e.j.s.ServletContextHandler@34a6a83d{logs,/logs,file:///home/runner/work/ozone/ozone/hadoop-ozone/integration-test/target/log,STOPPED}
2024-02-06 10:03:15,521 [main] INFO  rocksdiff.RocksDBCheckpointDiffer (RocksDBCheckpointDiffer.java:close(310)) - Shutting down CompactionDagPruningService.
2024-02-06 10:03:15,522 [main] INFO  snapshot.SnapshotDiffManager (SnapshotDiffManager.java:closeExecutorService(1688)) - Shutting down executorService: 'SnapDiffExecutor'
2024-02-06 10:03:15,522 [main] INFO  snapshot.SnapshotDiffManager (SnapshotDiffManager.java:closeExecutorService(1688)) - Shutting down executorService: 'SstDumpToolExecutor'
2024-02-06 10:03:15,522 [main] INFO  utils.BackgroundService (BackgroundService.java:shutdown(160)) - Shutting down service SnapshotDiffCleanupService
2024-02-06 10:03:15,523 [main] INFO  ozone.MiniOzoneClusterImpl (MiniOzoneClusterImpl.java:stopDatanodes(534)) - Stopping the HddsDatanodes
2024-02-06 10:03:15,526 [ForkJoinPool.commonPool-worker-6] INFO  ozoneimpl.OzoneContainer (OzoneContainer.java:stop(481)) - Attempting to stop container services.
2024-02-06 10:03:15,526 [ForkJoinPool.commonPool-worker-5] INFO  ozoneimpl.OzoneContainer (OzoneContainer.java:stop(481)) - Attempting to stop container services.
2024-02-06 10:03:15,527 [main] INFO  ozoneimpl.OzoneContainer (OzoneContainer.java:stop(481)) - Attempting to stop container services.
2024-02-06 10:03:15,527 [ForkJoinPool.commonPool-worker-6] INFO  server.RaftServer (RaftServerProxy.java:lambda$close$9(416)) - 4463a956-bc43-48e2-a5be-041fb54af7fb: close
2024-02-06 10:03:15,527 [ForkJoinPool.commonPool-worker-5] INFO  server.RaftServer (RaftServerProxy.java:lambda$close$9(416)) - 9b6fde4f-3239-4bc3-82bd-b2cd2f08e288: close
2024-02-06 10:03:15,527 [4463a956-bc43-48e2-a5be-041fb54af7fb-impl-thread1] INFO  server.RaftServer$Division (RaftServerImpl.java:lambda$close$3(526)) - 4463a956-bc43-48e2-a5be-041fb54af7fb@group-CE782FAE109C: shutdown
2024-02-06 10:03:15,527 [main] INFO  server.RaftServer (RaftServerProxy.java:lambda$close$9(416)) - 4a798287-2ddb-4f45-a758-72f424bfa3c7: close
2024-02-06 10:03:15,527 [4463a956-bc43-48e2-a5be-041fb54af7fb-impl-thread1] INFO  util.JmxRegister (JmxRegister.java:unregister(73)) - Successfully un-registered JMX Bean with object name Ratis:service=RaftServer,group=group-CE782FAE109C,id=4463a956-bc43-48e2-a5be-041fb54af7fb
2024-02-06 10:03:15,527 [4463a956-bc43-48e2-a5be-041fb54af7fb-impl-thread1] INFO  impl.RoleInfo (RoleInfo.java:shutdownLeaderState(94)) - 4463a956-bc43-48e2-a5be-041fb54af7fb: shutdown 4463a956-bc43-48e2-a5be-041fb54af7fb@group-CE782FAE109C-LeaderStateImpl
2024-02-06 10:03:15,528 [4463a956-bc43-48e2-a5be-041fb54af7fb-impl-thread1] INFO  impl.PendingRequests (PendingRequests.java:sendNotLeaderResponses(289)) - 4463a956-bc43-48e2-a5be-041fb54af7fb@group-CE782FAE109C-PendingRequests: sendNotLeaderResponses
2024-02-06 10:03:15,528 [4463a956-bc43-48e2-a5be-041fb54af7fb-impl-thread1] INFO  impl.StateMachineUpdater (StateMachineUpdater.java:stopAndJoin(157)) - 4463a956-bc43-48e2-a5be-041fb54af7fb@group-CE782FAE109C-StateMachineUpdater: set stopIndex = 0
2024-02-06 10:03:15,528 [4463a956-bc43-48e2-a5be-041fb54af7fb@group-CE782FAE109C-StateMachineUpdater] INFO  ratis.ContainerStateMachine (ContainerStateMachine.java:takeSnapshot(355)) - group-CE782FAE109C: Taking a snapshot at:(t:1, i:0) file /home/runner/work/ozone/ozone/hadoop-ozone/integration-test/target/test-dir/MiniOzoneClusterImpl-aff9c889-8dd2-4f79-ab57-76a0adc13766/datanode-6/data/ratis/e9b134b8-42b7-462e-9b88-ce782fae109c/sm/snapshot.1_0
2024-02-06 10:03:15,529 [ForkJoinPool.commonPool-worker-6] INFO  server.GrpcService (GrpcService.java:closeImpl(311)) - 4463a956-bc43-48e2-a5be-041fb54af7fb: shutdown server org.apache.ratis.grpc.server.GrpcClientProtocolService now
2024-02-06 10:03:15,534 [9b6fde4f-3239-4bc3-82bd-b2cd2f08e288-impl-thread1] INFO  server.RaftServer$Division (RaftServerImpl.java:lambda$close$3(526)) - 9b6fde4f-3239-4bc3-82bd-b2cd2f08e288@group-C5DE4906FA3B: shutdown
2024-02-06 10:03:15,534 [4a798287-2ddb-4f45-a758-72f424bfa3c7-impl-thread1] INFO  server.RaftServer$Division (RaftServerImpl.java:lambda$close$3(526)) - 4a798287-2ddb-4f45-a758-72f424bfa3c7@group-A1C2FAEB3750: shutdown
2024-02-06 10:03:15,534 [9b6fde4f-3239-4bc3-82bd-b2cd2f08e288-impl-thread1] INFO  util.JmxRegister (JmxRegister.java:unregister(73)) - Successfully un-registered JMX Bean with object name Ratis:service=RaftServer,group=group-C5DE4906FA3B,id=9b6fde4f-3239-4bc3-82bd-b2cd2f08e288
2024-02-06 10:03:15,534 [4a798287-2ddb-4f45-a758-72f424bfa3c7-impl-thread1] INFO  util.JmxRegister (JmxRegister.java:unregister(73)) - Successfully un-registered JMX Bean with object name Ratis:service=RaftServer,group=group-A1C2FAEB3750,id=4a798287-2ddb-4f45-a758-72f424bfa3c7
2024-02-06 10:03:15,534 [9b6fde4f-3239-4bc3-82bd-b2cd2f08e288-impl-thread1] INFO  impl.RoleInfo (RoleInfo.java:shutdownLeaderState(94)) - 9b6fde4f-3239-4bc3-82bd-b2cd2f08e288: shutdown 9b6fde4f-3239-4bc3-82bd-b2cd2f08e288@group-C5DE4906FA3B-LeaderStateImpl
2024-02-06 10:03:15,534 [9b6fde4f-3239-4bc3-82bd-b2cd2f08e288-impl-thread1] INFO  impl.PendingRequests (PendingRequests.java:sendNotLeaderResponses(289)) - 9b6fde4f-3239-4bc3-82bd-b2cd2f08e288@group-C5DE4906FA3B-PendingRequests: sendNotLeaderResponses
2024-02-06 10:03:15,534 [9b6fde4f-3239-4bc3-82bd-b2cd2f08e288-impl-thread2] INFO  server.RaftServer$Division (RaftServerImpl.java:lambda$close$3(526)) - 9b6fde4f-3239-4bc3-82bd-b2cd2f08e288@group-3D52B063064B: shutdown
2024-02-06 10:03:15,534 [9b6fde4f-3239-4bc3-82bd-b2cd2f08e288-impl-thread2] INFO  util.JmxRegister (JmxRegister.java:unregister(73)) - Successfully un-registered JMX Bean with object name Ratis:service=RaftServer,group=group-3D52B063064B,id=9b6fde4f-3239-4bc3-82bd-b2cd2f08e288
2024-02-06 10:03:15,534 [9b6fde4f-3239-4bc3-82bd-b2cd2f08e288-impl-thread2] INFO  impl.RoleInfo (RoleInfo.java:shutdownFollowerState(110)) - 9b6fde4f-3239-4bc3-82bd-b2cd2f08e288: shutdown 9b6fde4f-3239-4bc3-82bd-b2cd2f08e288@group-3D52B063064B-FollowerState
2024-02-06 10:03:15,534 [9b6fde4f-3239-4bc3-82bd-b2cd2f08e288-impl-thread1] INFO  impl.StateMachineUpdater (StateMachineUpdater.java:stopAndJoin(157)) - 9b6fde4f-3239-4bc3-82bd-b2cd2f08e288@group-C5DE4906FA3B-StateMachineUpdater: set stopIndex = 0
2024-02-06 10:03:15,534 [9b6fde4f-3239-4bc3-82bd-b2cd2f08e288@group-C5DE4906FA3B-StateMachineUpdater] INFO  ratis.ContainerStateMachine (ContainerStateMachine.java:takeSnapshot(355)) - group-C5DE4906FA3B: Taking a snapshot at:(t:1, i:0) file /home/runner/work/ozone/ozone/hadoop-ozone/integration-test/target/test-dir/MiniOzoneClusterImpl-aff9c889-8dd2-4f79-ab57-76a0adc13766/datanode-3/data/ratis/6ca7dc08-a56d-4cf3-9800-c5de4906fa3b/sm/snapshot.1_0
2024-02-06 10:03:15,534 [9b6fde4f-3239-4bc3-82bd-b2cd2f08e288@group-3D52B063064B-FollowerState] INFO  impl.FollowerState (FollowerState.java:run(152)) - 9b6fde4f-3239-4bc3-82bd-b2cd2f08e288@group-3D52B063064B-FollowerState was interrupted
2024-02-06 10:03:15,534 [4a798287-2ddb-4f45-a758-72f424bfa3c7-impl-thread1] INFO  impl.RoleInfo (RoleInfo.java:shutdownLeaderState(94)) - 4a798287-2ddb-4f45-a758-72f424bfa3c7: shutdown 4a798287-2ddb-4f45-a758-72f424bfa3c7@group-A1C2FAEB3750-LeaderStateImpl
2024-02-06 10:03:15,535 [4a798287-2ddb-4f45-a758-72f424bfa3c7-impl-thread1] INFO  impl.PendingRequests (PendingRequests.java:sendNotLeaderResponses(289)) - 4a798287-2ddb-4f45-a758-72f424bfa3c7@group-A1C2FAEB3750-PendingRequests: sendNotLeaderResponses
2024-02-06 10:03:15,534 [ForkJoinPool.commonPool-worker-5] INFO  server.GrpcService (GrpcService.java:closeImpl(311)) - 9b6fde4f-3239-4bc3-82bd-b2cd2f08e288: shutdown server org.apache.ratis.grpc.server.GrpcClientProtocolService now
2024-02-06 10:03:15,535 [ForkJoinPool.commonPool-worker-7] INFO  ozoneimpl.OzoneContainer (OzoneContainer.java:stop(481)) - Attempting to stop container services.
2024-02-06 10:03:15,535 [4a798287-2ddb-4f45-a758-72f424bfa3c7@group-A1C2FAEB3750-StateMachineUpdater] INFO  ratis.ContainerStateMachine (ContainerStateMachine.java:takeSnapshot(355)) - group-A1C2FAEB3750: Taking a snapshot at:(t:1, i:0) file /home/runner/work/ozone/ozone/hadoop-ozone/integration-test/target/test-dir/MiniOzoneClusterImpl-aff9c889-8dd2-4f79-ab57-76a0adc13766/datanode-5/data/ratis/dfc1d059-b2b9-4399-a3f0-a1c2faeb3750/sm/snapshot.1_0
2024-02-06 10:03:15,535 [ForkJoinPool.commonPool-worker-7] INFO  server.RaftServer (RaftServerProxy.java:lambda$close$9(416)) - 73be6a6b-5fd7-4eac-9d0c-1772c183b18d: close
2024-02-06 10:03:15,535 [73be6a6b-5fd7-4eac-9d0c-1772c183b18d-impl-thread1] INFO  server.RaftServer$Division (RaftServerImpl.java:lambda$close$3(526)) - 73be6a6b-5fd7-4eac-9d0c-1772c183b18d@group-B5133FD9D28E: shutdown
2024-02-06 10:03:15,535 [73be6a6b-5fd7-4eac-9d0c-1772c183b18d-impl-thread1] INFO  util.JmxRegister (JmxRegister.java:unregister(73)) - Successfully un-registered JMX Bean with object name Ratis:service=RaftServer,group=group-B5133FD9D28E,id=73be6a6b-5fd7-4eac-9d0c-1772c183b18d
2024-02-06 10:03:15,536 [73be6a6b-5fd7-4eac-9d0c-1772c183b18d-impl-thread1] INFO  impl.RoleInfo (RoleInfo.java:shutdownFollowerState(110)) - 73be6a6b-5fd7-4eac-9d0c-1772c183b18d: shutdown 73be6a6b-5fd7-4eac-9d0c-1772c183b18d@group-B5133FD9D28E-FollowerState
2024-02-06 10:03:15,536 [ForkJoinPool.commonPool-worker-5] INFO  server.GrpcService (GrpcService.java:closeImpl(320)) - 9b6fde4f-3239-4bc3-82bd-b2cd2f08e288: shutdown server org.apache.ratis.grpc.server.GrpcClientProtocolService successfully
2024-02-06 10:03:15,536 [ForkJoinPool.commonPool-worker-5] INFO  server.GrpcService (GrpcService.java:closeImpl(311)) - 9b6fde4f-3239-4bc3-82bd-b2cd2f08e288: shutdown server GrpcServerProtocolService now
2024-02-06 10:03:15,536 [4a798287-2ddb-4f45-a758-72f424bfa3c7@group-A1C2FAEB3750-StateMachineUpdater] INFO  ratis.ContainerStateMachine (ContainerStateMachine.java:takeSnapshot(366)) - group-A1C2FAEB3750: Finished taking a snapshot at:(t:1, i:0) file:/home/runner/work/ozone/ozone/hadoop-ozone/integration-test/target/test-dir/MiniOzoneClusterImpl-aff9c889-8dd2-4f79-ab57-76a0adc13766/datanode-5/data/ratis/dfc1d059-b2b9-4399-a3f0-a1c2faeb3750/sm/snapshot.1_0 took: 1 ms
2024-02-06 10:03:15,534 [main] INFO  server.GrpcService (GrpcService.java:closeImpl(311)) - 4a798287-2ddb-4f45-a758-72f424bfa3c7: shutdown server org.apache.ratis.grpc.server.GrpcClientProtocolService now
2024-02-06 10:03:15,536 [4a798287-2ddb-4f45-a758-72f424bfa3c7@group-A1C2FAEB3750-StateMachineUpdater] INFO  impl.StateMachineUpdater (StateMachineUpdater.java:takeSnapshot(295)) - 4a798287-2ddb-4f45-a758-72f424bfa3c7@group-A1C2FAEB3750-StateMachineUpdater: Took a snapshot at index 0
2024-02-06 10:03:15,537 [4a798287-2ddb-4f45-a758-72f424bfa3c7@group-A1C2FAEB3750-StateMachineUpdater] INFO  impl.StateMachineUpdater (StateMachineUpdater.java:lambda$new$0(98)) - 4a798287-2ddb-4f45-a758-72f424bfa3c7@group-A1C2FAEB3750-StateMachineUpdater: snapshotIndex: updateIncreasingly -1 -> 0
2024-02-06 10:03:15,535 [9b6fde4f-3239-4bc3-82bd-b2cd2f08e288-impl-thread2] INFO  impl.StateMachineUpdater (StateMachineUpdater.java:stopAndJoin(157)) - 9b6fde4f-3239-4bc3-82bd-b2cd2f08e288@group-3D52B063064B-StateMachineUpdater: set stopIndex = 0
2024-02-06 10:03:15,535 [4a798287-2ddb-4f45-a758-72f424bfa3c7-impl-thread1] INFO  impl.StateMachineUpdater (StateMachineUpdater.java:stopAndJoin(157)) - 4a798287-2ddb-4f45-a758-72f424bfa3c7@group-A1C2FAEB3750-StateMachineUpdater: set stopIndex = 0
2024-02-06 10:03:15,537 [4a798287-2ddb-4f45-a758-72f424bfa3c7-impl-thread1] INFO  server.RaftServer$Division (ServerState.java:close(427)) - 4a798287-2ddb-4f45-a758-72f424bfa3c7@group-A1C2FAEB3750: applyIndex: 0
2024-02-06 10:03:15,537 [4a798287-2ddb-4f45-a758-72f424bfa3c7@group-A1C2FAEB3750-cacheEviction-AwaitToRun] INFO  util.AwaitToRun (AwaitToRun.java:run(49)) - 4a798287-2ddb-4f45-a758-72f424bfa3c7@group-A1C2FAEB3750-cacheEviction-AwaitToRun-AwaitForSignal is interrupted
2024-02-06 10:03:15,535 [9b6fde4f-3239-4bc3-82bd-b2cd2f08e288@group-C5DE4906FA3B-StateMachineUpdater] INFO  ratis.ContainerStateMachine (ContainerStateMachine.java:takeSnapshot(366)) - group-C5DE4906FA3B: Finished taking a snapshot at:(t:1, i:0) file:/home/runner/work/ozone/ozone/hadoop-ozone/integration-test/target/test-dir/MiniOzoneClusterImpl-aff9c889-8dd2-4f79-ab57-76a0adc13766/datanode-3/data/ratis/6ca7dc08-a56d-4cf3-9800-c5de4906fa3b/sm/snapshot.1_0 took: 1 ms
2024-02-06 10:03:15,545 [9b6fde4f-3239-4bc3-82bd-b2cd2f08e288@group-C5DE4906FA3B-StateMachineUpdater] INFO  impl.StateMachineUpdater (StateMachineUpdater.java:takeSnapshot(295)) - 9b6fde4f-3239-4bc3-82bd-b2cd2f08e288@group-C5DE4906FA3B-StateMachineUpdater: Took a snapshot at index 0
2024-02-06 10:03:15,545 [9b6fde4f-3239-4bc3-82bd-b2cd2f08e288@group-C5DE4906FA3B-StateMachineUpdater] INFO  impl.StateMachineUpdater (StateMachineUpdater.java:lambda$new$0(98)) - 9b6fde4f-3239-4bc3-82bd-b2cd2f08e288@group-C5DE4906FA3B-StateMachineUpdater: snapshotIndex: updateIncreasingly -1 -> 0
2024-02-06 10:03:15,545 [ForkJoinPool.commonPool-worker-0] INFO  ozoneimpl.OzoneContainer (OzoneContainer.java:stop(481)) - Attempting to stop container services.
2024-02-06 10:03:15,545 [9b6fde4f-3239-4bc3-82bd-b2cd2f08e288-impl-thread1] INFO  server.RaftServer$Division (ServerState.java:close(427)) - 9b6fde4f-3239-4bc3-82bd-b2cd2f08e288@group-C5DE4906FA3B: applyIndex: 0
2024-02-06 10:03:15,545 [9b6fde4f-3239-4bc3-82bd-b2cd2f08e288@group-C5DE4906FA3B-cacheEviction-AwaitToRun] INFO  util.AwaitToRun (AwaitToRun.java:run(49)) - 9b6fde4f-3239-4bc3-82bd-b2cd2f08e288@group-C5DE4906FA3B-cacheEviction-AwaitToRun-AwaitForSignal is interrupted
2024-02-06 10:03:15,546 [ForkJoinPool.commonPool-worker-6] INFO  server.GrpcService (GrpcService.java:closeImpl(320)) - 4463a956-bc43-48e2-a5be-041fb54af7fb: shutdown server org.apache.ratis.grpc.server.GrpcClientProtocolService successfully
2024-02-06 10:03:15,547 [ForkJoinPool.commonPool-worker-6] INFO  server.GrpcService (GrpcService.java:closeImpl(311)) - 4463a956-bc43-48e2-a5be-041fb54af7fb: shutdown server GrpcServerProtocolService now
2024-02-06 10:03:15,535 [4463a956-bc43-48e2-a5be-041fb54af7fb-impl-thread2] INFO  server.RaftServer$Division (RaftServerImpl.java:lambda$close$3(526)) - 4463a956-bc43-48e2-a5be-041fb54af7fb@group-B5133FD9D28E: shutdown
2024-02-06 10:03:15,535 [9b6fde4f-3239-4bc3-82bd-b2cd2f08e288@group-3D52B063064B-StateMachineUpdater] INFO  ratis.ContainerStateMachine (ContainerStateMachine.java:takeSnapshot(355)) - group-3D52B063064B: Taking a snapshot at:(t:1, i:0) file /home/runner/work/ozone/ozone/hadoop-ozone/integration-test/target/test-dir/MiniOzoneClusterImpl-aff9c889-8dd2-4f79-ab57-76a0adc13766/datanode-3/data/ratis/583e54d3-5a1a-4106-93b5-3d52b063064b/sm/snapshot.1_0
2024-02-06 10:03:15,547 [grpc-default-executor-0] WARN  server.GrpcLogAppender (GrpcLogAppender.java:resetClient(226)) - 4a798287-2ddb-4f45-a758-72f424bfa3c7@group-3D52B063064B->9b6fde4f-3239-4bc3-82bd-b2cd2f08e288-GrpcLogAppender: Failed to getClient for 9b6fde4f-3239-4bc3-82bd-b2cd2f08e288
org.apache.ratis.protocol.exceptions.AlreadyClosedException: 4a798287-2ddb-4f45-a758-72f424bfa3c7 is already CLOSED
	at org.apache.ratis.util.PeerProxyMap$PeerAndProxy.getProxy(PeerProxyMap.java:65)
	at org.apache.ratis.util.PeerProxyMap.getProxy(PeerProxyMap.java:114)
	at org.apache.ratis.grpc.server.GrpcLogAppender.getClient(GrpcLogAppender.java:196)
	at org.apache.ratis.grpc.server.GrpcLogAppender.resetClient(GrpcLogAppender.java:201)
	at org.apache.ratis.grpc.server.GrpcLogAppender.access$800(GrpcLogAppender.java:62)
	at org.apache.ratis.grpc.server.GrpcLogAppender$AppendLogResponseHandler.onError(GrpcLogAppender.java:541)
	at org.apache.ratis.thirdparty.io.grpc.stub.ClientCalls$StreamObserverToCallListenerAdapter.onClose(ClientCalls.java:481)
	at org.apache.ratis.thirdparty.io.grpc.internal.ClientCallImpl.closeObserver(ClientCallImpl.java:567)
	at org.apache.ratis.thirdparty.io.grpc.internal.ClientCallImpl.access$300(ClientCallImpl.java:71)
	at org.apache.ratis.thirdparty.io.grpc.internal.ClientCallImpl$ClientStreamListenerImpl$1StreamClosed.runInternal(ClientCallImpl.java:735)
	at org.apache.ratis.thirdparty.io.grpc.internal.ClientCallImpl$ClientStreamListenerImpl$1StreamClosed.runInContext(ClientCallImpl.java:716)
	at org.apache.ratis.thirdparty.io.grpc.internal.ContextRunnable.run(ContextRunnable.java:37)
	at org.apache.ratis.thirdparty.io.grpc.internal.SerializingExecutor.run(SerializingExecutor.java:133)
	at java.util.concurrent.ThreadPoolExecutor.runWorker(ThreadPoolExecutor.java:1149)
	at java.util.concurrent.ThreadPoolExecutor$Worker.run(ThreadPoolExecutor.java:624)
	at java.lang.Thread.run(Thread.java:750)
2024-02-06 10:03:15,547 [4463a956-bc43-48e2-a5be-041fb54af7fb-impl-thread2] INFO  util.JmxRegister (JmxRegister.java:unregister(73)) - Successfully un-registered JMX Bean with object name Ratis:service=RaftServer,group=group-B5133FD9D28E,id=4463a956-bc43-48e2-a5be-041fb54af7fb
2024-02-06 10:03:15,548 [4463a956-bc43-48e2-a5be-041fb54af7fb-impl-thread2] INFO  impl.RoleInfo (RoleInfo.java:shutdownFollowerState(110)) - 4463a956-bc43-48e2-a5be-041fb54af7fb: shutdown 4463a956-bc43-48e2-a5be-041fb54af7fb@group-B5133FD9D28E-FollowerState
2024-02-06 10:03:15,548 [4463a956-bc43-48e2-a5be-041fb54af7fb-impl-thread2] INFO  impl.StateMachineUpdater (StateMachineUpdater.java:stopAndJoin(157)) - 4463a956-bc43-48e2-a5be-041fb54af7fb@group-B5133FD9D28E-StateMachineUpdater: set stopIndex = 0
2024-02-06 10:03:15,545 [ForkJoinPool.commonPool-worker-0] INFO  server.RaftServer (RaftServerProxy.java:lambda$close$9(416)) - fc33255d-a8b6-4933-b6d6-be3a7bd24e4a: close
2024-02-06 10:03:15,543 [73be6a6b-5fd7-4eac-9d0c-1772c183b18d@group-B5133FD9D28E-FollowerState] INFO  impl.FollowerState (FollowerState.java:run(152)) - 73be6a6b-5fd7-4eac-9d0c-1772c183b18d@group-B5133FD9D28E-FollowerState was interrupted
2024-02-06 10:03:15,543 [73be6a6b-5fd7-4eac-9d0c-1772c183b18d@group-B5133FD9D28E-StateMachineUpdater] INFO  ratis.ContainerStateMachine (ContainerStateMachine.java:takeSnapshot(355)) - group-B5133FD9D28E: Taking a snapshot at:(t:1, i:0) file /home/runner/work/ozone/ozone/hadoop-ozone/integration-test/target/test-dir/MiniOzoneClusterImpl-aff9c889-8dd2-4f79-ab57-76a0adc13766/datanode-7/data/ratis/19c338fc-2932-4906-b65b-b5133fd9d28e/sm/snapshot.1_0
2024-02-06 10:03:15,543 [73be6a6b-5fd7-4eac-9d0c-1772c183b18d-impl-thread2] INFO  server.RaftServer$Division (RaftServerImpl.java:lambda$close$3(526)) - 73be6a6b-5fd7-4eac-9d0c-1772c183b18d@group-B48B9D031783: shutdown
2024-02-06 10:03:15,543 [73be6a6b-5fd7-4eac-9d0c-1772c183b18d-impl-thread1] INFO  impl.StateMachineUpdater (StateMachineUpdater.java:stopAndJoin(157)) - 73be6a6b-5fd7-4eac-9d0c-1772c183b18d@group-B5133FD9D28E-StateMachineUpdater: set stopIndex = 0
2024-02-06 10:03:15,543 [ForkJoinPool.commonPool-worker-7] INFO  server.GrpcService (GrpcService.java:closeImpl(311)) - 73be6a6b-5fd7-4eac-9d0c-1772c183b18d: shutdown server org.apache.ratis.grpc.server.GrpcClientProtocolService now
2024-02-06 10:03:15,543 [Thread-2200] INFO  server.GrpcServerProtocolClient (GrpcServerProtocolClient.java:close(103)) - 9b6fde4f-3239-4bc3-82bd-b2cd2f08e288 Close channels
2024-02-06 10:03:15,543 [grpc-default-executor-3] WARN  server.GrpcServerProtocolService (LogUtils.java:warn(121)) - 9b6fde4f-3239-4bc3-82bd-b2cd2f08e288: APPEND_ENTRIES onError, lastRequest: 4a798287-2ddb-4f45-a758-72f424bfa3c7->9b6fde4f-3239-4bc3-82bd-b2cd2f08e288#1-t1,previous=(t:0, i:0),leaderCommit=-1,initializing? false,entries: size=1, first=(t:1, i:0), CONFIGURATIONENTRY(current:id: "4a798287-2ddb-4f45-a758-72f424bfa3c7"
address: "10.1.0.5:15148"
priority: 1
dataStreamAddress: "10.1.0.5:15149"
clientAddress: "10.1.0.5:15146"
adminAddress: "10.1.0.5:15147"
startupRole: FOLLOWER
,id: "fc33255d-a8b6-4933-b6d6-be3a7bd24e4a"
address: "10.1.0.5:15139"
dataStreamAddress: "10.1.0.5:15140"
clientAddress: "10.1.0.5:15137"
adminAddress: "10.1.0.5:15138"
startupRole: FOLLOWER
,id: "9b6fde4f-3239-4bc3-82bd-b2cd2f08e288"
address: "10.1.0.5:15130"
dataStreamAddress: "10.1.0.5:15131"
clientAddress: "10.1.0.5:15128"
adminAddress: "10.1.0.5:15129"
startupRole: FOLLOWER
, old:): org.apache.ratis.thirdparty.io.grpc.StatusRuntimeException: CANCELLED: client cancelled
2024-02-06 10:03:15,542 [Thread-2199] INFO  server.GrpcServerProtocolClient (GrpcServerProtocolClient.java:close(103)) - fc33255d-a8b6-4933-b6d6-be3a7bd24e4a Close channels
2024-02-06 10:03:15,549 [73be6a6b-5fd7-4eac-9d0c-1772c183b18d@group-B5133FD9D28E-StateMachineUpdater] INFO  ratis.ContainerStateMachine (ContainerStateMachine.java:takeSnapshot(366)) - group-B5133FD9D28E: Finished taking a snapshot at:(t:1, i:0) file:/home/runner/work/ozone/ozone/hadoop-ozone/integration-test/target/test-dir/MiniOzoneClusterImpl-aff9c889-8dd2-4f79-ab57-76a0adc13766/datanode-7/data/ratis/19c338fc-2932-4906-b65b-b5133fd9d28e/sm/snapshot.1_0 took: 6 ms
2024-02-06 10:03:15,549 [73be6a6b-5fd7-4eac-9d0c-1772c183b18d@group-B5133FD9D28E-StateMachineUpdater] INFO  impl.StateMachineUpdater (StateMachineUpdater.java:takeSnapshot(295)) - 73be6a6b-5fd7-4eac-9d0c-1772c183b18d@group-B5133FD9D28E-StateMachineUpdater: Took a snapshot at index 0
2024-02-06 10:03:15,549 [73be6a6b-5fd7-4eac-9d0c-1772c183b18d@group-B5133FD9D28E-StateMachineUpdater] INFO  impl.StateMachineUpdater (StateMachineUpdater.java:lambda$new$0(98)) - 73be6a6b-5fd7-4eac-9d0c-1772c183b18d@group-B5133FD9D28E-StateMachineUpdater: snapshotIndex: updateIncreasingly -1 -> 0
2024-02-06 10:03:15,542 [ForkJoinPool.commonPool-worker-5] INFO  server.GrpcService (GrpcService.java:closeImpl(320)) - 9b6fde4f-3239-4bc3-82bd-b2cd2f08e288: shutdown server GrpcServerProtocolService successfully
2024-02-06 10:03:15,542 [grpc-default-executor-1] WARN  server.GrpcLogAppender (LogUtils.java:warn(121)) - 4a798287-2ddb-4f45-a758-72f424bfa3c7@group-3D52B063064B->9b6fde4f-3239-4bc3-82bd-b2cd2f08e288-AppendLogResponseHandler: Failed appendEntries: org.apache.ratis.thirdparty.io.grpc.StatusRuntimeException: CANCELLED: RST_STREAM closed stream. HTTP/2 error code: CANCEL
2024-02-06 10:03:15,542 [grpc-default-executor-2] WARN  server.GrpcServerProtocolService (LogUtils.java:warn(121)) - 9b6fde4f-3239-4bc3-82bd-b2cd2f08e288: APPEND_ENTRIES onError, lastRequest: null: org.apache.ratis.thirdparty.io.grpc.StatusRuntimeException: CANCELLED: client cancelled
2024-02-06 10:03:15,537 [4a798287-2ddb-4f45-a758-72f424bfa3c7-impl-thread2] INFO  server.RaftServer$Division (RaftServerImpl.java:lambda$close$3(526)) - 4a798287-2ddb-4f45-a758-72f424bfa3c7@group-3D52B063064B: shutdown
2024-02-06 10:03:15,537 [4463a956-bc43-48e2-a5be-041fb54af7fb@group-CE782FAE109C-StateMachineUpdater] INFO  ratis.ContainerStateMachine (ContainerStateMachine.java:takeSnapshot(366)) - group-CE782FAE109C: Finished taking a snapshot at:(t:1, i:0) file:/home/runner/work/ozone/ozone/hadoop-ozone/integration-test/target/test-dir/MiniOzoneClusterImpl-aff9c889-8dd2-4f79-ab57-76a0adc13766/datanode-6/data/ratis/e9b134b8-42b7-462e-9b88-ce782fae109c/sm/snapshot.1_0 took: 9 ms
2024-02-06 10:03:15,550 [4a798287-2ddb-4f45-a758-72f424bfa3c7-impl-thread2] INFO  util.JmxRegister (JmxRegister.java:unregister(73)) - Successfully un-registered JMX Bean with object name Ratis:service=RaftServer,group=group-3D52B063064B,id=4a798287-2ddb-4f45-a758-72f424bfa3c7
2024-02-06 10:03:15,550 [4a798287-2ddb-4f45-a758-72f424bfa3c7-impl-thread2] INFO  impl.RoleInfo (RoleInfo.java:shutdownLeaderState(94)) - 4a798287-2ddb-4f45-a758-72f424bfa3c7: shutdown 4a798287-2ddb-4f45-a758-72f424bfa3c7@group-3D52B063064B-LeaderStateImpl
2024-02-06 10:03:15,550 [grpc-default-executor-1] WARN  server.GrpcLogAppender (GrpcLogAppender.java:resetClient(226)) - 4a798287-2ddb-4f45-a758-72f424bfa3c7@group-3D52B063064B->9b6fde4f-3239-4bc3-82bd-b2cd2f08e288-GrpcLogAppender: Failed to getClient for 9b6fde4f-3239-4bc3-82bd-b2cd2f08e288
org.apache.ratis.protocol.exceptions.AlreadyClosedException: 4a798287-2ddb-4f45-a758-72f424bfa3c7 is already CLOSED
	at org.apache.ratis.util.PeerProxyMap$PeerAndProxy.getProxy(PeerProxyMap.java:65)
	at org.apache.ratis.util.PeerProxyMap.getProxy(PeerProxyMap.java:114)
	at org.apache.ratis.grpc.server.GrpcLogAppender.getClient(GrpcLogAppender.java:196)
	at org.apache.ratis.grpc.server.GrpcLogAppender.resetClient(GrpcLogAppender.java:201)
	at org.apache.ratis.grpc.server.GrpcLogAppender.access$800(GrpcLogAppender.java:62)
	at org.apache.ratis.grpc.server.GrpcLogAppender$AppendLogResponseHandler.onError(GrpcLogAppender.java:541)
	at org.apache.ratis.thirdparty.io.grpc.stub.ClientCalls$StreamObserverToCallListenerAdapter.onClose(ClientCalls.java:481)
	at org.apache.ratis.thirdparty.io.grpc.internal.ClientCallImpl.closeObserver(ClientCallImpl.java:567)
	at org.apache.ratis.thirdparty.io.grpc.internal.ClientCallImpl.access$300(ClientCallImpl.java:71)
	at org.apache.ratis.thirdparty.io.grpc.internal.ClientCallImpl$ClientStreamListenerImpl$1StreamClosed.runInternal(ClientCallImpl.java:735)
	at org.apache.ratis.thirdparty.io.grpc.internal.ClientCallImpl$ClientStreamListenerImpl$1StreamClosed.runInContext(ClientCallImpl.java:716)
	at org.apache.ratis.thirdparty.io.grpc.internal.ContextRunnable.run(ContextRunnable.java:37)
	at org.apache.ratis.thirdparty.io.grpc.internal.SerializingExecutor.run(SerializingExecutor.java:133)
	at java.util.concurrent.ThreadPoolExecutor.runWorker(ThreadPoolExecutor.java:1149)
	at java.util.concurrent.ThreadPoolExecutor$Worker.run(ThreadPoolExecutor.java:624)
	at java.lang.Thread.run(Thread.java:750)
2024-02-06 10:03:15,549 [ForkJoinPool.commonPool-worker-5] INFO  server.GrpcService (GrpcService.java:closeImpl(311)) - 9b6fde4f-3239-4bc3-82bd-b2cd2f08e288: shutdown server org.apache.ratis.grpc.server.GrpcAdminProtocolService now
2024-02-06 10:03:15,549 [73be6a6b-5fd7-4eac-9d0c-1772c183b18d-impl-thread1] INFO  server.RaftServer$Division (ServerState.java:close(427)) - 73be6a6b-5fd7-4eac-9d0c-1772c183b18d@group-B5133FD9D28E: applyIndex: 0
2024-02-06 10:03:15,552 [ForkJoinPool.commonPool-worker-0] INFO  server.GrpcService (GrpcService.java:closeImpl(311)) - fc33255d-a8b6-4933-b6d6-be3a7bd24e4a: shutdown server org.apache.ratis.grpc.server.GrpcClientProtocolService now
2024-02-06 10:03:15,549 [73be6a6b-5fd7-4eac-9d0c-1772c183b18d-impl-thread2] INFO  util.JmxRegister (JmxRegister.java:unregister(73)) - Successfully un-registered JMX Bean with object name Ratis:service=RaftServer,group=group-B48B9D031783,id=73be6a6b-5fd7-4eac-9d0c-1772c183b18d
2024-02-06 10:03:15,552 [73be6a6b-5fd7-4eac-9d0c-1772c183b18d-impl-thread2] INFO  impl.RoleInfo (RoleInfo.java:shutdownLeaderState(94)) - 73be6a6b-5fd7-4eac-9d0c-1772c183b18d: shutdown 73be6a6b-5fd7-4eac-9d0c-1772c183b18d@group-B48B9D031783-LeaderStateImpl
2024-02-06 10:03:15,549 [fc33255d-a8b6-4933-b6d6-be3a7bd24e4a-impl-thread1] INFO  server.RaftServer$Division (RaftServerImpl.java:lambda$close$3(526)) - fc33255d-a8b6-4933-b6d6-be3a7bd24e4a@group-6757DE20DA43: shutdown
2024-02-06 10:03:15,552 [fc33255d-a8b6-4933-b6d6-be3a7bd24e4a-impl-thread1] INFO  util.JmxRegister (JmxRegister.java:unregister(73)) - Successfully un-registered JMX Bean with object name Ratis:service=RaftServer,group=group-6757DE20DA43,id=fc33255d-a8b6-4933-b6d6-be3a7bd24e4a
2024-02-06 10:03:15,552 [fc33255d-a8b6-4933-b6d6-be3a7bd24e4a-impl-thread1] INFO  impl.RoleInfo (RoleInfo.java:shutdownLeaderState(94)) - fc33255d-a8b6-4933-b6d6-be3a7bd24e4a: shutdown fc33255d-a8b6-4933-b6d6-be3a7bd24e4a@group-6757DE20DA43-LeaderStateImpl
2024-02-06 10:03:15,552 [fc33255d-a8b6-4933-b6d6-be3a7bd24e4a-impl-thread1] INFO  impl.PendingRequests (PendingRequests.java:sendNotLeaderResponses(289)) - fc33255d-a8b6-4933-b6d6-be3a7bd24e4a@group-6757DE20DA43-PendingRequests: sendNotLeaderResponses
2024-02-06 10:03:15,552 [fc33255d-a8b6-4933-b6d6-be3a7bd24e4a-impl-thread1] INFO  impl.StateMachineUpdater (StateMachineUpdater.java:stopAndJoin(157)) - fc33255d-a8b6-4933-b6d6-be3a7bd24e4a@group-6757DE20DA43-StateMachineUpdater: set stopIndex = 0
2024-02-06 10:03:15,548 [4463a956-bc43-48e2-a5be-041fb54af7fb@group-B5133FD9D28E-StateMachineUpdater] INFO  ratis.ContainerStateMachine (ContainerStateMachine.java:takeSnapshot(355)) - group-B5133FD9D28E: Taking a snapshot at:(t:1, i:0) file /home/runner/work/ozone/ozone/hadoop-ozone/integration-test/target/test-dir/MiniOzoneClusterImpl-aff9c889-8dd2-4f79-ab57-76a0adc13766/datanode-6/data/ratis/19c338fc-2932-4906-b65b-b5133fd9d28e/sm/snapshot.1_0
2024-02-06 10:03:15,548 [4463a956-bc43-48e2-a5be-041fb54af7fb@group-B5133FD9D28E-FollowerState] INFO  impl.FollowerState (FollowerState.java:run(152)) - 4463a956-bc43-48e2-a5be-041fb54af7fb@group-B5133FD9D28E-FollowerState was interrupted
2024-02-06 10:03:15,548 [9b6fde4f-3239-4bc3-82bd-b2cd2f08e288@group-3D52B063064B-StateMachineUpdater] INFO  ratis.ContainerStateMachine (ContainerStateMachine.java:takeSnapshot(366)) - group-3D52B063064B: Finished taking a snapshot at:(t:1, i:0) file:/home/runner/work/ozone/ozone/hadoop-ozone/integration-test/target/test-dir/MiniOzoneClusterImpl-aff9c889-8dd2-4f79-ab57-76a0adc13766/datanode-3/data/ratis/583e54d3-5a1a-4106-93b5-3d52b063064b/sm/snapshot.1_0 took: 13 ms
2024-02-06 10:03:15,553 [fc33255d-a8b6-4933-b6d6-be3a7bd24e4a@group-6757DE20DA43-StateMachineUpdater] INFO  ratis.ContainerStateMachine (ContainerStateMachine.java:takeSnapshot(355)) - group-6757DE20DA43: Taking a snapshot at:(t:1, i:0) file /home/runner/work/ozone/ozone/hadoop-ozone/integration-test/target/test-dir/MiniOzoneClusterImpl-aff9c889-8dd2-4f79-ab57-76a0adc13766/datanode-4/data/ratis/ea634636-74e7-4574-b392-6757de20da43/sm/snapshot.1_0
2024-02-06 10:03:15,552 [73be6a6b-5fd7-4eac-9d0c-1772c183b18d@group-B5133FD9D28E-cacheEviction-AwaitToRun] INFO  util.AwaitToRun (AwaitToRun.java:run(49)) - 73be6a6b-5fd7-4eac-9d0c-1772c183b18d@group-B5133FD9D28E-cacheEviction-AwaitToRun-AwaitForSignal is interrupted
2024-02-06 10:03:15,552 [73be6a6b-5fd7-4eac-9d0c-1772c183b18d-impl-thread2] INFO  impl.PendingRequests (PendingRequests.java:sendNotLeaderResponses(289)) - 73be6a6b-5fd7-4eac-9d0c-1772c183b18d@group-B48B9D031783-PendingRequests: sendNotLeaderResponses
2024-02-06 10:03:15,553 [4463a956-bc43-48e2-a5be-041fb54af7fb@group-B5133FD9D28E-StateMachineUpdater] INFO  ratis.ContainerStateMachine (ContainerStateMachine.java:takeSnapshot(366)) - group-B5133FD9D28E: Finished taking a snapshot at:(t:1, i:0) file:/home/runner/work/ozone/ozone/hadoop-ozone/integration-test/target/test-dir/MiniOzoneClusterImpl-aff9c889-8dd2-4f79-ab57-76a0adc13766/datanode-6/data/ratis/19c338fc-2932-4906-b65b-b5133fd9d28e/sm/snapshot.1_0 took: 5 ms
2024-02-06 10:03:15,553 [4463a956-bc43-48e2-a5be-041fb54af7fb@group-B5133FD9D28E-StateMachineUpdater] INFO  impl.StateMachineUpdater (StateMachineUpdater.java:takeSnapshot(295)) - 4463a956-bc43-48e2-a5be-041fb54af7fb@group-B5133FD9D28E-StateMachineUpdater: Took a snapshot at index 0
2024-02-06 10:03:15,553 [4463a956-bc43-48e2-a5be-041fb54af7fb@group-B5133FD9D28E-StateMachineUpdater] INFO  impl.StateMachineUpdater (StateMachineUpdater.java:lambda$new$0(98)) - 4463a956-bc43-48e2-a5be-041fb54af7fb@group-B5133FD9D28E-StateMachineUpdater: snapshotIndex: updateIncreasingly -1 -> 0
2024-02-06 10:03:15,553 [4463a956-bc43-48e2-a5be-041fb54af7fb-impl-thread2] INFO  server.RaftServer$Division (ServerState.java:close(427)) - 4463a956-bc43-48e2-a5be-041fb54af7fb@group-B5133FD9D28E: applyIndex: 0
2024-02-06 10:03:15,550 [4463a956-bc43-48e2-a5be-041fb54af7fb@group-CE782FAE109C-StateMachineUpdater] INFO  impl.StateMachineUpdater (StateMachineUpdater.java:takeSnapshot(295)) - 4463a956-bc43-48e2-a5be-041fb54af7fb@group-CE782FAE109C-StateMachineUpdater: Took a snapshot at index 0
2024-02-06 10:03:15,554 [4463a956-bc43-48e2-a5be-041fb54af7fb@group-CE782FAE109C-StateMachineUpdater] INFO  impl.StateMachineUpdater (StateMachineUpdater.java:lambda$new$0(98)) - 4463a956-bc43-48e2-a5be-041fb54af7fb@group-CE782FAE109C-StateMachineUpdater: snapshotIndex: updateIncreasingly -1 -> 0
2024-02-06 10:03:15,553 [fc33255d-a8b6-4933-b6d6-be3a7bd24e4a@group-6757DE20DA43-StateMachineUpdater] INFO  ratis.ContainerStateMachine (ContainerStateMachine.java:takeSnapshot(366)) - group-6757DE20DA43: Finished taking a snapshot at:(t:1, i:0) file:/home/runner/work/ozone/ozone/hadoop-ozone/integration-test/target/test-dir/MiniOzoneClusterImpl-aff9c889-8dd2-4f79-ab57-76a0adc13766/datanode-4/data/ratis/ea634636-74e7-4574-b392-6757de20da43/sm/snapshot.1_0 took: 1 ms
2024-02-06 10:03:15,554 [fc33255d-a8b6-4933-b6d6-be3a7bd24e4a@group-6757DE20DA43-StateMachineUpdater] INFO  impl.StateMachineUpdater (StateMachineUpdater.java:takeSnapshot(295)) - fc33255d-a8b6-4933-b6d6-be3a7bd24e4a@group-6757DE20DA43-StateMachineUpdater: Took a snapshot at index 0
2024-02-06 10:03:15,554 [fc33255d-a8b6-4933-b6d6-be3a7bd24e4a@group-6757DE20DA43-StateMachineUpdater] INFO  impl.StateMachineUpdater (StateMachineUpdater.java:lambda$new$0(98)) - fc33255d-a8b6-4933-b6d6-be3a7bd24e4a@group-6757DE20DA43-StateMachineUpdater: snapshotIndex: updateIncreasingly -1 -> 0
2024-02-06 10:03:15,555 [fc33255d-a8b6-4933-b6d6-be3a7bd24e4a-impl-thread1] INFO  server.RaftServer$Division (ServerState.java:close(427)) - fc33255d-a8b6-4933-b6d6-be3a7bd24e4a@group-6757DE20DA43: applyIndex: 0
2024-02-06 10:03:15,553 [73be6a6b-5fd7-4eac-9d0c-1772c183b18d@group-B48B9D031783-StateMachineUpdater] INFO  ratis.ContainerStateMachine (ContainerStateMachine.java:takeSnapshot(355)) - group-B48B9D031783: Taking a snapshot at:(t:1, i:0) file /home/runner/work/ozone/ozone/hadoop-ozone/integration-test/target/test-dir/MiniOzoneClusterImpl-aff9c889-8dd2-4f79-ab57-76a0adc13766/datanode-7/data/ratis/d786f4e4-63b0-422d-bd41-b48b9d031783/sm/snapshot.1_0
2024-02-06 10:03:15,553 [73be6a6b-5fd7-4eac-9d0c-1772c183b18d-impl-thread2] INFO  impl.StateMachineUpdater (StateMachineUpdater.java:stopAndJoin(157)) - 73be6a6b-5fd7-4eac-9d0c-1772c183b18d@group-B48B9D031783-StateMachineUpdater: set stopIndex = 0
2024-02-06 10:03:15,555 [4463a956-bc43-48e2-a5be-041fb54af7fb-impl-thread1] INFO  server.RaftServer$Division (ServerState.java:close(427)) - 4463a956-bc43-48e2-a5be-041fb54af7fb@group-CE782FAE109C: applyIndex: 0
2024-02-06 10:03:15,553 [9b6fde4f-3239-4bc3-82bd-b2cd2f08e288@group-3D52B063064B-StateMachineUpdater] INFO  impl.StateMachineUpdater (StateMachineUpdater.java:takeSnapshot(295)) - 9b6fde4f-3239-4bc3-82bd-b2cd2f08e288@group-3D52B063064B-StateMachineUpdater: Took a snapshot at index 0
2024-02-06 10:03:15,555 [9b6fde4f-3239-4bc3-82bd-b2cd2f08e288@group-3D52B063064B-StateMachineUpdater] INFO  impl.StateMachineUpdater (StateMachineUpdater.java:lambda$new$0(98)) - 9b6fde4f-3239-4bc3-82bd-b2cd2f08e288@group-3D52B063064B-StateMachineUpdater: snapshotIndex: updateIncreasingly -1 -> 0
2024-02-06 10:03:15,555 [73be6a6b-5fd7-4eac-9d0c-1772c183b18d@group-B48B9D031783-StateMachineUpdater] INFO  ratis.ContainerStateMachine (ContainerStateMachine.java:takeSnapshot(366)) - group-B48B9D031783: Finished taking a snapshot at:(t:1, i:0) file:/home/runner/work/ozone/ozone/hadoop-ozone/integration-test/target/test-dir/MiniOzoneClusterImpl-aff9c889-8dd2-4f79-ab57-76a0adc13766/datanode-7/data/ratis/d786f4e4-63b0-422d-bd41-b48b9d031783/sm/snapshot.1_0 took: 2 ms
2024-02-06 10:03:15,555 [9b6fde4f-3239-4bc3-82bd-b2cd2f08e288-impl-thread2] INFO  server.RaftServer$Division (ServerState.java:close(427)) - 9b6fde4f-3239-4bc3-82bd-b2cd2f08e288@group-3D52B063064B: applyIndex: 0
2024-02-06 10:03:15,556 [fc33255d-a8b6-4933-b6d6-be3a7bd24e4a-impl-thread2] INFO  server.RaftServer$Division (RaftServerImpl.java:lambda$close$3(526)) - fc33255d-a8b6-4933-b6d6-be3a7bd24e4a@group-3D52B063064B: shutdown
2024-02-06 10:03:15,555 [73be6a6b-5fd7-4eac-9d0c-1772c183b18d@group-B48B9D031783-StateMachineUpdater] INFO  impl.StateMachineUpdater (StateMachineUpdater.java:takeSnapshot(295)) - 73be6a6b-5fd7-4eac-9d0c-1772c183b18d@group-B48B9D031783-StateMachineUpdater: Took a snapshot at index 0
2024-02-06 10:03:15,556 [73be6a6b-5fd7-4eac-9d0c-1772c183b18d@group-B48B9D031783-StateMachineUpdater] INFO  impl.StateMachineUpdater (StateMachineUpdater.java:lambda$new$0(98)) - 73be6a6b-5fd7-4eac-9d0c-1772c183b18d@group-B48B9D031783-StateMachineUpdater: snapshotIndex: updateIncreasingly -1 -> 0
2024-02-06 10:03:15,556 [fc33255d-a8b6-4933-b6d6-be3a7bd24e4a-impl-thread2] INFO  util.JmxRegister (JmxRegister.java:unregister(73)) - Successfully un-registered JMX Bean with object name Ratis:service=RaftServer,group=group-3D52B063064B,id=fc33255d-a8b6-4933-b6d6-be3a7bd24e4a
2024-02-06 10:03:15,556 [fc33255d-a8b6-4933-b6d6-be3a7bd24e4a-impl-thread2] INFO  impl.RoleInfo (RoleInfo.java:shutdownFollowerState(110)) - fc33255d-a8b6-4933-b6d6-be3a7bd24e4a: shutdown fc33255d-a8b6-4933-b6d6-be3a7bd24e4a@group-3D52B063064B-FollowerState
2024-02-06 10:03:15,556 [ForkJoinPool.commonPool-worker-1] INFO  ozoneimpl.OzoneContainer (OzoneContainer.java:stop(481)) - Attempting to stop container services.
2024-02-06 10:03:15,556 [73be6a6b-5fd7-4eac-9d0c-1772c183b18d-impl-thread2] INFO  server.RaftServer$Division (ServerState.java:close(427)) - 73be6a6b-5fd7-4eac-9d0c-1772c183b18d@group-B48B9D031783: applyIndex: 0
2024-02-06 10:03:15,556 [Thread-2209] INFO  server.GrpcServerProtocolClient (GrpcServerProtocolClient.java:close(103)) - 4a798287-2ddb-4f45-a758-72f424bfa3c7 Close channels
2024-02-06 10:03:15,562 [73be6a6b-5fd7-4eac-9d0c-1772c183b18d@group-B48B9D031783-cacheEviction-AwaitToRun] INFO  util.AwaitToRun (AwaitToRun.java:run(49)) - 73be6a6b-5fd7-4eac-9d0c-1772c183b18d@group-B48B9D031783-cacheEviction-AwaitToRun-AwaitForSignal is interrupted
2024-02-06 10:03:15,557 [Thread-2214] INFO  server.GrpcServerProtocolClient (GrpcServerProtocolClient.java:close(103)) - 4463a956-bc43-48e2-a5be-041fb54af7fb Close channels
2024-02-06 10:03:15,557 [Thread-2206] INFO  server.GrpcServerProtocolClient (GrpcServerProtocolClient.java:close(103)) - 463d4cd4-93eb-48de-ad15-bb97619fa095 Close channels
2024-02-06 10:03:15,562 [fc33255d-a8b6-4933-b6d6-be3a7bd24e4a-impl-thread2] INFO  impl.StateMachineUpdater (StateMachineUpdater.java:stopAndJoin(157)) - fc33255d-a8b6-4933-b6d6-be3a7bd24e4a@group-3D52B063064B-StateMachineUpdater: set stopIndex = 0
2024-02-06 10:03:15,556 [4a798287-2ddb-4f45-a758-72f424bfa3c7@group-3D52B063064B->fc33255d-a8b6-4933-b6d6-be3a7bd24e4a-GrpcLogAppender-LogAppenderDaemon] WARN  server.GrpcLogAppender (GrpcLogAppender.java:mayWait(289)) - 4a798287-2ddb-4f45-a758-72f424bfa3c7@group-3D52B063064B->fc33255d-a8b6-4933-b6d6-be3a7bd24e4a-GrpcLogAppender: Wait interrupted by java.lang.InterruptedException
2024-02-06 10:03:15,556 [4a798287-2ddb-4f45-a758-72f424bfa3c7@group-3D52B063064B->9b6fde4f-3239-4bc3-82bd-b2cd2f08e288-GrpcLogAppender-LogAppenderDaemon] WARN  server.GrpcLogAppender (GrpcLogAppender.java:mayWait(289)) - 4a798287-2ddb-4f45-a758-72f424bfa3c7@group-3D52B063064B->9b6fde4f-3239-4bc3-82bd-b2cd2f08e288-GrpcLogAppender: Wait interrupted by java.lang.InterruptedException
2024-02-06 10:03:15,562 [fc33255d-a8b6-4933-b6d6-be3a7bd24e4a@group-3D52B063064B-FollowerState] INFO  impl.FollowerState (FollowerState.java:run(152)) - fc33255d-a8b6-4933-b6d6-be3a7bd24e4a@group-3D52B063064B-FollowerState was interrupted
2024-02-06 10:03:15,556 [4a798287-2ddb-4f45-a758-72f424bfa3c7-impl-thread2] INFO  impl.PendingRequests (PendingRequests.java:sendNotLeaderResponses(289)) - 4a798287-2ddb-4f45-a758-72f424bfa3c7@group-3D52B063064B-PendingRequests: sendNotLeaderResponses
2024-02-06 10:03:15,563 [Thread-2212] INFO  server.GrpcServerProtocolClient (GrpcServerProtocolClient.java:close(103)) - 9b6fde4f-3239-4bc3-82bd-b2cd2f08e288 Close channels
2024-02-06 10:03:15,563 [4a798287-2ddb-4f45-a758-72f424bfa3c7-impl-thread2] INFO  impl.StateMachineUpdater (StateMachineUpdater.java:stopAndJoin(157)) - 4a798287-2ddb-4f45-a758-72f424bfa3c7@group-3D52B063064B-StateMachineUpdater: set stopIndex = 0
2024-02-06 10:03:15,563 [9b6fde4f-3239-4bc3-82bd-b2cd2f08e288@group-3D52B063064B-cacheEviction-AwaitToRun] INFO  util.AwaitToRun (AwaitToRun.java:run(49)) - 9b6fde4f-3239-4bc3-82bd-b2cd2f08e288@group-3D52B063064B-cacheEviction-AwaitToRun-AwaitForSignal is interrupted
2024-02-06 10:03:15,563 [fc33255d-a8b6-4933-b6d6-be3a7bd24e4a@group-6757DE20DA43-cacheEviction-AwaitToRun] INFO  util.AwaitToRun (AwaitToRun.java:run(49)) - fc33255d-a8b6-4933-b6d6-be3a7bd24e4a@group-6757DE20DA43-cacheEviction-AwaitToRun-AwaitForSignal is interrupted
2024-02-06 10:03:15,563 [4463a956-bc43-48e2-a5be-041fb54af7fb@group-B5133FD9D28E-cacheEviction-AwaitToRun] INFO  util.AwaitToRun (AwaitToRun.java:run(49)) - 4463a956-bc43-48e2-a5be-041fb54af7fb@group-B5133FD9D28E-cacheEviction-AwaitToRun-AwaitForSignal is interrupted
2024-02-06 10:03:15,562 [fc33255d-a8b6-4933-b6d6-be3a7bd24e4a@group-3D52B063064B-StateMachineUpdater] INFO  ratis.ContainerStateMachine (ContainerStateMachine.java:takeSnapshot(355)) - group-3D52B063064B: Taking a snapshot at:(t:1, i:0) file /home/runner/work/ozone/ozone/hadoop-ozone/integration-test/target/test-dir/MiniOzoneClusterImpl-aff9c889-8dd2-4f79-ab57-76a0adc13766/datanode-4/data/ratis/583e54d3-5a1a-4106-93b5-3d52b063064b/sm/snapshot.1_0
2024-02-06 10:03:15,561 [ForkJoinPool.commonPool-worker-1] INFO  server.RaftServer (RaftServerProxy.java:lambda$close$9(416)) - 488c4769-1e0b-4768-b3fe-c72db1d0dad7: close
2024-02-06 10:03:15,561 [ForkJoinPool.commonPool-worker-5] INFO  server.GrpcService (GrpcService.java:closeImpl(320)) - 9b6fde4f-3239-4bc3-82bd-b2cd2f08e288: shutdown server org.apache.ratis.grpc.server.GrpcAdminProtocolService successfully
2024-02-06 10:03:15,567 [ForkJoinPool.commonPool-worker-1] INFO  server.GrpcService (GrpcService.java:closeImpl(311)) - 488c4769-1e0b-4768-b3fe-c72db1d0dad7: shutdown server org.apache.ratis.grpc.server.GrpcClientProtocolService now
2024-02-06 10:03:15,567 [grpc-default-executor-3] WARN  server.GrpcLogAppender (LogUtils.java:warn(121)) - 463d4cd4-93eb-48de-ad15-bb97619fa095@group-B5133FD9D28E->4463a956-bc43-48e2-a5be-041fb54af7fb-AppendLogResponseHandler: Failed appendEntries: org.apache.ratis.thirdparty.io.grpc.StatusRuntimeException: CANCELLED: RST_STREAM closed stream. HTTP/2 error code: CANCEL
2024-02-06 10:03:15,567 [grpc-default-executor-3] WARN  server.GrpcLogAppender (GrpcLogAppender.java:lambda$resetClient$1(217)) - 463d4cd4-93eb-48de-ad15-bb97619fa095@group-B5133FD9D28E->4463a956-bc43-48e2-a5be-041fb54af7fb-GrpcLogAppender: Follower failed (request=null, errorCount=1); keep nextIndex (1) unchanged and retry.
2024-02-06 10:03:15,565 [fc33255d-a8b6-4933-b6d6-be3a7bd24e4a@group-3D52B063064B-StateMachineUpdater] INFO  ratis.ContainerStateMachine (ContainerStateMachine.java:takeSnapshot(366)) - group-3D52B063064B: Finished taking a snapshot at:(t:1, i:0) file:/home/runner/work/ozone/ozone/hadoop-ozone/integration-test/target/test-dir/MiniOzoneClusterImpl-aff9c889-8dd2-4f79-ab57-76a0adc13766/datanode-4/data/ratis/583e54d3-5a1a-4106-93b5-3d52b063064b/sm/snapshot.1_0 took: 3 ms
2024-02-06 10:03:15,567 [fc33255d-a8b6-4933-b6d6-be3a7bd24e4a@group-3D52B063064B-StateMachineUpdater] INFO  impl.StateMachineUpdater (StateMachineUpdater.java:takeSnapshot(295)) - fc33255d-a8b6-4933-b6d6-be3a7bd24e4a@group-3D52B063064B-StateMachineUpdater: Took a snapshot at index 0
2024-02-06 10:03:15,567 [fc33255d-a8b6-4933-b6d6-be3a7bd24e4a@group-3D52B063064B-StateMachineUpdater] INFO  impl.StateMachineUpdater (StateMachineUpdater.java:lambda$new$0(98)) - fc33255d-a8b6-4933-b6d6-be3a7bd24e4a@group-3D52B063064B-StateMachineUpdater: snapshotIndex: updateIncreasingly -1 -> 0
2024-02-06 10:03:15,568 [fc33255d-a8b6-4933-b6d6-be3a7bd24e4a-impl-thread2] INFO  server.RaftServer$Division (ServerState.java:close(427)) - fc33255d-a8b6-4933-b6d6-be3a7bd24e4a@group-3D52B063064B: applyIndex: 0
2024-02-06 10:03:15,565 [ForkJoinPool.commonPool-worker-6] INFO  server.GrpcService (GrpcService.java:closeImpl(320)) - 4463a956-bc43-48e2-a5be-041fb54af7fb: shutdown server GrpcServerProtocolService successfully
2024-02-06 10:03:15,568 [ForkJoinPool.commonPool-worker-6] INFO  server.GrpcService (GrpcService.java:closeImpl(311)) - 4463a956-bc43-48e2-a5be-041fb54af7fb: shutdown server org.apache.ratis.grpc.server.GrpcAdminProtocolService now
2024-02-06 10:03:15,565 [grpc-default-executor-6] WARN  server.GrpcServerProtocolService (LogUtils.java:warn(121)) - 4463a956-bc43-48e2-a5be-041fb54af7fb: APPEND_ENTRIES onError, lastRequest: null: org.apache.ratis.thirdparty.io.grpc.StatusRuntimeException: CANCELLED: client cancelled
2024-02-06 10:03:15,565 [grpc-default-executor-1] WARN  server.GrpcServerProtocolService (LogUtils.java:warn(121)) - 4463a956-bc43-48e2-a5be-041fb54af7fb: APPEND_ENTRIES onError, lastRequest: 463d4cd4-93eb-48de-ad15-bb97619fa095->4463a956-bc43-48e2-a5be-041fb54af7fb#1-t1,previous=(t:0, i:0),leaderCommit=-1,initializing? false,entries: size=1, first=(t:1, i:0), CONFIGURATIONENTRY(current:id: "463d4cd4-93eb-48de-ad15-bb97619fa095"
address: "10.1.0.5:15175"
priority: 1
dataStreamAddress: "10.1.0.5:15176"
clientAddress: "10.1.0.5:15173"
adminAddress: "10.1.0.5:15174"
startupRole: FOLLOWER
,id: "73be6a6b-5fd7-4eac-9d0c-1772c183b18d"
address: "10.1.0.5:15166"
dataStreamAddress: "10.1.0.5:15167"
clientAddress: "10.1.0.5:15164"
adminAddress: "10.1.0.5:15165"
startupRole: FOLLOWER
,id: "4463a956-bc43-48e2-a5be-041fb54af7fb"
address: "10.1.0.5:15157"
dataStreamAddress: "10.1.0.5:15158"
clientAddress: "10.1.0.5:15155"
adminAddress: "10.1.0.5:15156"
startupRole: FOLLOWER
, old:): org.apache.ratis.thirdparty.io.grpc.StatusRuntimeException: CANCELLED: client cancelled
2024-02-06 10:03:15,563 [4463a956-bc43-48e2-a5be-041fb54af7fb@group-CE782FAE109C-cacheEviction-AwaitToRun] INFO  util.AwaitToRun (AwaitToRun.java:run(49)) - 4463a956-bc43-48e2-a5be-041fb54af7fb@group-CE782FAE109C-cacheEviction-AwaitToRun-AwaitForSignal is interrupted
2024-02-06 10:03:15,563 [4a798287-2ddb-4f45-a758-72f424bfa3c7@group-3D52B063064B-StateMachineUpdater] INFO  ratis.ContainerStateMachine (ContainerStateMachine.java:takeSnapshot(355)) - group-3D52B063064B: Taking a snapshot at:(t:1, i:0) file /home/runner/work/ozone/ozone/hadoop-ozone/integration-test/target/test-dir/MiniOzoneClusterImpl-aff9c889-8dd2-4f79-ab57-76a0adc13766/datanode-5/data/ratis/583e54d3-5a1a-4106-93b5-3d52b063064b/sm/snapshot.1_0
2024-02-06 10:03:15,567 [ForkJoinPool.commonPool-worker-7] INFO  server.GrpcService (GrpcService.java:closeImpl(320)) - 73be6a6b-5fd7-4eac-9d0c-1772c183b18d: shutdown server org.apache.ratis.grpc.server.GrpcClientProtocolService successfully
2024-02-06 10:03:15,572 [ForkJoinPool.commonPool-worker-7] INFO  server.GrpcService (GrpcService.java:closeImpl(311)) - 73be6a6b-5fd7-4eac-9d0c-1772c183b18d: shutdown server GrpcServerProtocolService now
2024-02-06 10:03:15,567 [grpc-default-executor-0] INFO  server.GrpcServerProtocolService (GrpcServerProtocolService.java:onCompleted(157)) - fc33255d-a8b6-4933-b6d6-be3a7bd24e4a: Completed APPEND_ENTRIES, lastRequest: null
2024-02-06 10:03:15,572 [4a798287-2ddb-4f45-a758-72f424bfa3c7@group-3D52B063064B-StateMachineUpdater] INFO  ratis.ContainerStateMachine (ContainerStateMachine.java:takeSnapshot(366)) - group-3D52B063064B: Finished taking a snapshot at:(t:1, i:0) file:/home/runner/work/ozone/ozone/hadoop-ozone/integration-test/target/test-dir/MiniOzoneClusterImpl-aff9c889-8dd2-4f79-ab57-76a0adc13766/datanode-5/data/ratis/583e54d3-5a1a-4106-93b5-3d52b063064b/sm/snapshot.1_0 took: 9 ms
2024-02-06 10:03:15,567 [ForkJoinPool.commonPool-worker-0] INFO  server.GrpcService (GrpcService.java:closeImpl(320)) - fc33255d-a8b6-4933-b6d6-be3a7bd24e4a: shutdown server org.apache.ratis.grpc.server.GrpcClientProtocolService successfully
2024-02-06 10:03:15,572 [ForkJoinPool.commonPool-worker-0] INFO  server.GrpcService (GrpcService.java:closeImpl(311)) - fc33255d-a8b6-4933-b6d6-be3a7bd24e4a: shutdown server GrpcServerProtocolService now
2024-02-06 10:03:15,567 [488c4769-1e0b-4768-b3fe-c72db1d0dad7-impl-thread1] INFO  server.RaftServer$Division (RaftServerImpl.java:lambda$close$3(526)) - 488c4769-1e0b-4768-b3fe-c72db1d0dad7@group-C2FEC77C309D: shutdown
2024-02-06 10:03:15,572 [4a798287-2ddb-4f45-a758-72f424bfa3c7@group-3D52B063064B-StateMachineUpdater] INFO  impl.StateMachineUpdater (StateMachineUpdater.java:takeSnapshot(295)) - 4a798287-2ddb-4f45-a758-72f424bfa3c7@group-3D52B063064B-StateMachineUpdater: Took a snapshot at index 0
2024-02-06 10:03:15,572 [4a798287-2ddb-4f45-a758-72f424bfa3c7@group-3D52B063064B-StateMachineUpdater] INFO  impl.StateMachineUpdater (StateMachineUpdater.java:lambda$new$0(98)) - 4a798287-2ddb-4f45-a758-72f424bfa3c7@group-3D52B063064B-StateMachineUpdater: snapshotIndex: updateIncreasingly -1 -> 0
2024-02-06 10:03:15,572 [488c4769-1e0b-4768-b3fe-c72db1d0dad7-impl-thread1] INFO  util.JmxRegister (JmxRegister.java:unregister(73)) - Successfully un-registered JMX Bean with object name Ratis:service=RaftServer,group=group-C2FEC77C309D,id=488c4769-1e0b-4768-b3fe-c72db1d0dad7
2024-02-06 10:03:15,572 [488c4769-1e0b-4768-b3fe-c72db1d0dad7-impl-thread1] INFO  impl.RoleInfo (RoleInfo.java:shutdownLeaderState(94)) - 488c4769-1e0b-4768-b3fe-c72db1d0dad7: shutdown 488c4769-1e0b-4768-b3fe-c72db1d0dad7@group-C2FEC77C309D-LeaderStateImpl
2024-02-06 10:03:15,573 [4a798287-2ddb-4f45-a758-72f424bfa3c7-impl-thread2] INFO  server.RaftServer$Division (ServerState.java:close(427)) - 4a798287-2ddb-4f45-a758-72f424bfa3c7@group-3D52B063064B: applyIndex: 0
2024-02-06 10:03:15,573 [488c4769-1e0b-4768-b3fe-c72db1d0dad7-impl-thread1] INFO  impl.PendingRequests (PendingRequests.java:sendNotLeaderResponses(289)) - 488c4769-1e0b-4768-b3fe-c72db1d0dad7@group-C2FEC77C309D-PendingRequests: sendNotLeaderResponses
2024-02-06 10:03:15,573 [488c4769-1e0b-4768-b3fe-c72db1d0dad7-impl-thread1] INFO  impl.StateMachineUpdater (StateMachineUpdater.java:stopAndJoin(157)) - 488c4769-1e0b-4768-b3fe-c72db1d0dad7@group-C2FEC77C309D-StateMachineUpdater: set stopIndex = 0
2024-02-06 10:03:15,573 [488c4769-1e0b-4768-b3fe-c72db1d0dad7@group-C2FEC77C309D-StateMachineUpdater] INFO  ratis.ContainerStateMachine (ContainerStateMachine.java:takeSnapshot(355)) - group-C2FEC77C309D: Taking a snapshot at:(t:1, i:0) file /home/runner/work/ozone/ozone/hadoop-ozone/integration-test/target/test-dir/MiniOzoneClusterImpl-aff9c889-8dd2-4f79-ab57-76a0adc13766/datanode-0/data/ratis/4084f37d-2f77-45e9-9f94-c2fec77c309d/sm/snapshot.1_0
2024-02-06 10:03:15,573 [488c4769-1e0b-4768-b3fe-c72db1d0dad7@group-C2FEC77C309D-StateMachineUpdater] INFO  ratis.ContainerStateMachine (ContainerStateMachine.java:takeSnapshot(366)) - group-C2FEC77C309D: Finished taking a snapshot at:(t:1, i:0) file:/home/runner/work/ozone/ozone/hadoop-ozone/integration-test/target/test-dir/MiniOzoneClusterImpl-aff9c889-8dd2-4f79-ab57-76a0adc13766/datanode-0/data/ratis/4084f37d-2f77-45e9-9f94-c2fec77c309d/sm/snapshot.1_0 took: 0 ms
2024-02-06 10:03:15,573 [488c4769-1e0b-4768-b3fe-c72db1d0dad7@group-C2FEC77C309D-StateMachineUpdater] INFO  impl.StateMachineUpdater (StateMachineUpdater.java:takeSnapshot(295)) - 488c4769-1e0b-4768-b3fe-c72db1d0dad7@group-C2FEC77C309D-StateMachineUpdater: Took a snapshot at index 0
2024-02-06 10:03:15,574 [488c4769-1e0b-4768-b3fe-c72db1d0dad7@group-C2FEC77C309D-StateMachineUpdater] INFO  impl.StateMachineUpdater (StateMachineUpdater.java:lambda$new$0(98)) - 488c4769-1e0b-4768-b3fe-c72db1d0dad7@group-C2FEC77C309D-StateMachineUpdater: snapshotIndex: updateIncreasingly -1 -> 0
2024-02-06 10:03:15,574 [488c4769-1e0b-4768-b3fe-c72db1d0dad7-impl-thread1] INFO  server.RaftServer$Division (ServerState.java:close(427)) - 488c4769-1e0b-4768-b3fe-c72db1d0dad7@group-C2FEC77C309D: applyIndex: 0
2024-02-06 10:03:15,574 [488c4769-1e0b-4768-b3fe-c72db1d0dad7@group-C2FEC77C309D-cacheEviction-AwaitToRun] INFO  util.AwaitToRun (AwaitToRun.java:run(49)) - 488c4769-1e0b-4768-b3fe-c72db1d0dad7@group-C2FEC77C309D-cacheEviction-AwaitToRun-AwaitForSignal is interrupted
2024-02-06 10:03:15,574 [4a798287-2ddb-4f45-a758-72f424bfa3c7@group-3D52B063064B-cacheEviction-AwaitToRun] INFO  util.AwaitToRun (AwaitToRun.java:run(49)) - 4a798287-2ddb-4f45-a758-72f424bfa3c7@group-3D52B063064B-cacheEviction-AwaitToRun-AwaitForSignal is interrupted
2024-02-06 10:03:15,574 [fc33255d-a8b6-4933-b6d6-be3a7bd24e4a@group-3D52B063064B-cacheEviction-AwaitToRun] INFO  util.AwaitToRun (AwaitToRun.java:run(49)) - fc33255d-a8b6-4933-b6d6-be3a7bd24e4a@group-3D52B063064B-cacheEviction-AwaitToRun-AwaitForSignal is interrupted
2024-02-06 10:03:15,575 [Thread-2216] INFO  server.GrpcServerProtocolClient (GrpcServerProtocolClient.java:close(103)) - 07380eda-3c62-4610-a005-d4af5e2d732d Close channels
2024-02-06 10:03:15,575 [Thread-2218] INFO  server.GrpcServerProtocolClient (GrpcServerProtocolClient.java:close(103)) - e4108bdc-dd8a-4467-8687-0aef72f28da1 Close channels
2024-02-06 10:03:15,580 [grpc-default-executor-4] INFO  server.GrpcServerProtocolService (GrpcServerProtocolService.java:onCompleted(157)) - fc33255d-a8b6-4933-b6d6-be3a7bd24e4a: Completed APPEND_ENTRIES, lastRequest: 4a798287-2ddb-4f45-a758-72f424bfa3c7->fc33255d-a8b6-4933-b6d6-be3a7bd24e4a#1-t1,previous=(t:0, i:0),leaderCommit=-1,initializing? false,entries: size=1, first=(t:1, i:0), CONFIGURATIONENTRY(current:id: "4a798287-2ddb-4f45-a758-72f424bfa3c7"
address: "10.1.0.5:15148"
priority: 1
dataStreamAddress: "10.1.0.5:15149"
clientAddress: "10.1.0.5:15146"
adminAddress: "10.1.0.5:15147"
startupRole: FOLLOWER
,id: "fc33255d-a8b6-4933-b6d6-be3a7bd24e4a"
address: "10.1.0.5:15139"
dataStreamAddress: "10.1.0.5:15140"
clientAddress: "10.1.0.5:15137"
adminAddress: "10.1.0.5:15138"
startupRole: FOLLOWER
,id: "9b6fde4f-3239-4bc3-82bd-b2cd2f08e288"
address: "10.1.0.5:15130"
dataStreamAddress: "10.1.0.5:15131"
clientAddress: "10.1.0.5:15128"
adminAddress: "10.1.0.5:15129"
startupRole: FOLLOWER
, old:)
2024-02-06 10:03:15,580 [grpc-default-executor-4] INFO  server.GrpcServerProtocolService (GrpcServerProtocolService.java:lambda$onCompleted$5(159)) - fc33255d-a8b6-4933-b6d6-be3a7bd24e4a: Completed APPEND_ENTRIES, lastReply: null
2024-02-06 10:03:15,580 [ForkJoinPool.commonPool-worker-2] INFO  ozoneimpl.OzoneContainer (OzoneContainer.java:stop(481)) - Attempting to stop container services.
2024-02-06 10:03:15,580 [grpc-default-executor-4] INFO  server.GrpcLogAppender (GrpcLogAppender.java:onCompleted(546)) - 4a798287-2ddb-4f45-a758-72f424bfa3c7@group-3D52B063064B->fc33255d-a8b6-4933-b6d6-be3a7bd24e4a-AppendLogResponseHandler: follower responses appendEntries COMPLETED
2024-02-06 10:03:15,580 [grpc-default-executor-4] WARN  server.GrpcLogAppender (GrpcLogAppender.java:resetClient(226)) - 4a798287-2ddb-4f45-a758-72f424bfa3c7@group-3D52B063064B->fc33255d-a8b6-4933-b6d6-be3a7bd24e4a-GrpcLogAppender: Failed to getClient for fc33255d-a8b6-4933-b6d6-be3a7bd24e4a
org.apache.ratis.protocol.exceptions.AlreadyClosedException: 4a798287-2ddb-4f45-a758-72f424bfa3c7 is already CLOSED
	at org.apache.ratis.util.PeerProxyMap$PeerAndProxy.getProxy(PeerProxyMap.java:65)
	at org.apache.ratis.util.PeerProxyMap.getProxy(PeerProxyMap.java:114)
	at org.apache.ratis.grpc.server.GrpcLogAppender.getClient(GrpcLogAppender.java:196)
	at org.apache.ratis.grpc.server.GrpcLogAppender.resetClient(GrpcLogAppender.java:201)
	at org.apache.ratis.grpc.server.GrpcLogAppender.access$800(GrpcLogAppender.java:62)
	at org.apache.ratis.grpc.server.GrpcLogAppender$AppendLogResponseHandler.onCompleted(GrpcLogAppender.java:547)
	at org.apache.ratis.thirdparty.io.grpc.stub.ClientCalls$StreamObserverToCallListenerAdapter.onClose(ClientCalls.java:479)
	at org.apache.ratis.thirdparty.io.grpc.internal.ClientCallImpl.closeObserver(ClientCallImpl.java:567)
	at org.apache.ratis.thirdparty.io.grpc.internal.ClientCallImpl.access$300(ClientCallImpl.java:71)
	at org.apache.ratis.thirdparty.io.grpc.internal.ClientCallImpl$ClientStreamListenerImpl$1StreamClosed.runInternal(ClientCallImpl.java:735)
	at org.apache.ratis.thirdparty.io.grpc.internal.ClientCallImpl$ClientStreamListenerImpl$1StreamClosed.runInContext(ClientCallImpl.java:716)
	at org.apache.ratis.thirdparty.io.grpc.internal.ContextRunnable.run(ContextRunnable.java:37)
	at org.apache.ratis.thirdparty.io.grpc.internal.SerializingExecutor.run(SerializingExecutor.java:133)
	at java.util.concurrent.ThreadPoolExecutor.runWorker(ThreadPoolExecutor.java:1149)
	at java.util.concurrent.ThreadPoolExecutor$Worker.run(ThreadPoolExecutor.java:624)
	at java.lang.Thread.run(Thread.java:750)
2024-02-06 10:03:15,581 [grpc-default-executor-0] INFO  server.GrpcServerProtocolService (GrpcServerProtocolService.java:lambda$onCompleted$5(159)) - fc33255d-a8b6-4933-b6d6-be3a7bd24e4a: Completed APPEND_ENTRIES, lastReply: serverReply {
  requestorId: "4a798287-2ddb-4f45-a758-72f424bfa3c7"
  replyId: "fc33255d-a8b6-4933-b6d6-be3a7bd24e4a"
  raftGroupId {
    id: "X>T\323Z\032A\006\223\265=R\260c\006K"
  }
  callId: 12
  success: true
}
term: 1
nextIndex: 1
matchIndex: 18446744073709551615
isHearbeat: true

2024-02-06 10:03:15,582 [grpc-default-executor-0] INFO  server.GrpcLogAppender (GrpcLogAppender.java:onCompleted(546)) - 4a798287-2ddb-4f45-a758-72f424bfa3c7@group-3D52B063064B->fc33255d-a8b6-4933-b6d6-be3a7bd24e4a-AppendLogResponseHandler: follower responses appendEntries COMPLETED
2024-02-06 10:03:15,582 [grpc-default-executor-0] WARN  server.GrpcLogAppender (GrpcLogAppender.java:resetClient(226)) - 4a798287-2ddb-4f45-a758-72f424bfa3c7@group-3D52B063064B->fc33255d-a8b6-4933-b6d6-be3a7bd24e4a-GrpcLogAppender: Failed to getClient for fc33255d-a8b6-4933-b6d6-be3a7bd24e4a
org.apache.ratis.protocol.exceptions.AlreadyClosedException: 4a798287-2ddb-4f45-a758-72f424bfa3c7 is already CLOSED
	at org.apache.ratis.util.PeerProxyMap$PeerAndProxy.getProxy(PeerProxyMap.java:65)
	at org.apache.ratis.util.PeerProxyMap.getProxy(PeerProxyMap.java:114)
	at org.apache.ratis.grpc.server.GrpcLogAppender.getClient(GrpcLogAppender.java:196)
	at org.apache.ratis.grpc.server.GrpcLogAppender.resetClient(GrpcLogAppender.java:201)
	at org.apache.ratis.grpc.server.GrpcLogAppender.access$800(GrpcLogAppender.java:62)
	at org.apache.ratis.grpc.server.GrpcLogAppender$AppendLogResponseHandler.onCompleted(GrpcLogAppender.java:547)
	at org.apache.ratis.thirdparty.io.grpc.stub.ClientCalls$StreamObserverToCallListenerAdapter.onClose(ClientCalls.java:479)
	at org.apache.ratis.thirdparty.io.grpc.internal.DelayedClientCall$DelayedListener$3.run(DelayedClientCall.java:489)
	at org.apache.ratis.thirdparty.io.grpc.internal.DelayedClientCall$DelayedListener.delayOrExecute(DelayedClientCall.java:453)
	at org.apache.ratis.thirdparty.io.grpc.internal.DelayedClientCall$DelayedListener.onClose(DelayedClientCall.java:486)
	at org.apache.ratis.thirdparty.io.grpc.internal.ClientCallImpl.closeObserver(ClientCallImpl.java:567)
	at org.apache.ratis.thirdparty.io.grpc.internal.ClientCallImpl.access$300(ClientCallImpl.java:71)
	at org.apache.ratis.thirdparty.io.grpc.internal.ClientCallImpl$ClientStreamListenerImpl$1StreamClosed.runInternal(ClientCallImpl.java:735)
	at org.apache.ratis.thirdparty.io.grpc.internal.ClientCallImpl$ClientStreamListenerImpl$1StreamClosed.runInContext(ClientCallImpl.java:716)
	at org.apache.ratis.thirdparty.io.grpc.internal.ContextRunnable.run(ContextRunnable.java:37)
	at org.apache.ratis.thirdparty.io.grpc.internal.SerializingExecutor.run(SerializingExecutor.java:133)
	at java.util.concurrent.ThreadPoolExecutor.runWorker(ThreadPoolExecutor.java:1149)
	at java.util.concurrent.ThreadPoolExecutor$Worker.run(ThreadPoolExecutor.java:624)
	at java.lang.Thread.run(Thread.java:750)
2024-02-06 10:03:15,582 [ForkJoinPool.commonPool-worker-1] INFO  server.GrpcService (GrpcService.java:closeImpl(320)) - 488c4769-1e0b-4768-b3fe-c72db1d0dad7: shutdown server org.apache.ratis.grpc.server.GrpcClientProtocolService successfully
2024-02-06 10:03:15,582 [ForkJoinPool.commonPool-worker-1] INFO  server.GrpcService (GrpcService.java:closeImpl(311)) - 488c4769-1e0b-4768-b3fe-c72db1d0dad7: shutdown server GrpcServerProtocolService now
2024-02-06 10:03:15,583 [grpc-default-executor-4] WARN  server.GrpcServerProtocolService (LogUtils.java:warn(121)) - 73be6a6b-5fd7-4eac-9d0c-1772c183b18d: APPEND_ENTRIES onError, lastRequest: null: org.apache.ratis.thirdparty.io.grpc.StatusRuntimeException: CANCELLED: client cancelled
2024-02-06 10:03:15,589 [main] INFO  server.GrpcService (GrpcService.java:closeImpl(320)) - 4a798287-2ddb-4f45-a758-72f424bfa3c7: shutdown server org.apache.ratis.grpc.server.GrpcClientProtocolService successfully
2024-02-06 10:03:15,589 [main] INFO  server.GrpcService (GrpcService.java:closeImpl(311)) - 4a798287-2ddb-4f45-a758-72f424bfa3c7: shutdown server GrpcServerProtocolService now
2024-02-06 10:03:15,590 [grpc-default-executor-0] WARN  server.GrpcLogAppender (LogUtils.java:warn(121)) - 463d4cd4-93eb-48de-ad15-bb97619fa095@group-B5133FD9D28E->73be6a6b-5fd7-4eac-9d0c-1772c183b18d-AppendLogResponseHandler: Failed appendEntries: org.apache.ratis.thirdparty.io.grpc.StatusRuntimeException: CANCELLED: RST_STREAM closed stream. HTTP/2 error code: CANCEL
2024-02-06 10:03:15,590 [grpc-default-executor-0] WARN  server.GrpcLogAppender (GrpcLogAppender.java:lambda$resetClient$1(217)) - 463d4cd4-93eb-48de-ad15-bb97619fa095@group-B5133FD9D28E->73be6a6b-5fd7-4eac-9d0c-1772c183b18d-GrpcLogAppender: Follower failed (request=null, errorCount=1); keep nextIndex (1) unchanged and retry.
2024-02-06 10:03:15,590 [grpc-default-executor-4] WARN  server.GrpcServerProtocolService (LogUtils.java:warn(121)) - 73be6a6b-5fd7-4eac-9d0c-1772c183b18d: APPEND_ENTRIES onError, lastRequest: 463d4cd4-93eb-48de-ad15-bb97619fa095->73be6a6b-5fd7-4eac-9d0c-1772c183b18d#1-t1,previous=(t:0, i:0),leaderCommit=-1,initializing? false,entries: size=1, first=(t:1, i:0), CONFIGURATIONENTRY(current:id: "463d4cd4-93eb-48de-ad15-bb97619fa095"
address: "10.1.0.5:15175"
priority: 1
dataStreamAddress: "10.1.0.5:15176"
clientAddress: "10.1.0.5:15173"
adminAddress: "10.1.0.5:15174"
startupRole: FOLLOWER
,id: "73be6a6b-5fd7-4eac-9d0c-1772c183b18d"
address: "10.1.0.5:15166"
dataStreamAddress: "10.1.0.5:15167"
clientAddress: "10.1.0.5:15164"
adminAddress: "10.1.0.5:15165"
startupRole: FOLLOWER
,id: "4463a956-bc43-48e2-a5be-041fb54af7fb"
address: "10.1.0.5:15157"
dataStreamAddress: "10.1.0.5:15158"
clientAddress: "10.1.0.5:15155"
adminAddress: "10.1.0.5:15156"
startupRole: FOLLOWER
, old:): org.apache.ratis.thirdparty.io.grpc.StatusRuntimeException: CANCELLED: client cancelled
2024-02-06 10:03:15,590 [ForkJoinPool.commonPool-worker-7] INFO  server.GrpcService (GrpcService.java:closeImpl(320)) - 73be6a6b-5fd7-4eac-9d0c-1772c183b18d: shutdown server GrpcServerProtocolService successfully
2024-02-06 10:03:15,590 [ForkJoinPool.commonPool-worker-7] INFO  server.GrpcService (GrpcService.java:closeImpl(311)) - 73be6a6b-5fd7-4eac-9d0c-1772c183b18d: shutdown server org.apache.ratis.grpc.server.GrpcAdminProtocolService now
2024-02-06 10:03:15,592 [ForkJoinPool.commonPool-worker-2] INFO  server.RaftServer (RaftServerProxy.java:lambda$close$9(416)) - 463d4cd4-93eb-48de-ad15-bb97619fa095: close
2024-02-06 10:03:15,597 [463d4cd4-93eb-48de-ad15-bb97619fa095-impl-thread1] INFO  server.RaftServer$Division (RaftServerImpl.java:lambda$close$3(526)) - 463d4cd4-93eb-48de-ad15-bb97619fa095@group-B5133FD9D28E: shutdown
2024-02-06 10:03:15,597 [463d4cd4-93eb-48de-ad15-bb97619fa095-impl-thread1] INFO  util.JmxRegister (JmxRegister.java:unregister(73)) - Successfully un-registered JMX Bean with object name Ratis:service=RaftServer,group=group-B5133FD9D28E,id=463d4cd4-93eb-48de-ad15-bb97619fa095
2024-02-06 10:03:15,597 [463d4cd4-93eb-48de-ad15-bb97619fa095-impl-thread1] INFO  impl.RoleInfo (RoleInfo.java:shutdownLeaderState(94)) - 463d4cd4-93eb-48de-ad15-bb97619fa095: shutdown 463d4cd4-93eb-48de-ad15-bb97619fa095@group-B5133FD9D28E-LeaderStateImpl
2024-02-06 10:03:15,597 [ForkJoinPool.commonPool-worker-7] INFO  server.GrpcService (GrpcService.java:closeImpl(320)) - 73be6a6b-5fd7-4eac-9d0c-1772c183b18d: shutdown server org.apache.ratis.grpc.server.GrpcAdminProtocolService successfully
2024-02-06 10:03:15,598 [463d4cd4-93eb-48de-ad15-bb97619fa095-impl-thread1] INFO  impl.PendingRequests (PendingRequests.java:sendNotLeaderResponses(289)) - 463d4cd4-93eb-48de-ad15-bb97619fa095@group-B5133FD9D28E-PendingRequests: sendNotLeaderResponses
2024-02-06 10:03:15,598 [463d4cd4-93eb-48de-ad15-bb97619fa095@group-B5133FD9D28E->4463a956-bc43-48e2-a5be-041fb54af7fb-GrpcLogAppender-LogAppenderDaemon] WARN  server.GrpcLogAppender (GrpcLogAppender.java:mayWait(289)) - 463d4cd4-93eb-48de-ad15-bb97619fa095@group-B5133FD9D28E->4463a956-bc43-48e2-a5be-041fb54af7fb-GrpcLogAppender: Wait interrupted by java.lang.InterruptedException
2024-02-06 10:03:15,598 [463d4cd4-93eb-48de-ad15-bb97619fa095@group-B5133FD9D28E->73be6a6b-5fd7-4eac-9d0c-1772c183b18d-GrpcLogAppender-LogAppenderDaemon] WARN  server.GrpcLogAppender (GrpcLogAppender.java:mayWait(289)) - 463d4cd4-93eb-48de-ad15-bb97619fa095@group-B5133FD9D28E->73be6a6b-5fd7-4eac-9d0c-1772c183b18d-GrpcLogAppender: Wait interrupted by java.lang.InterruptedException
2024-02-06 10:03:15,598 [463d4cd4-93eb-48de-ad15-bb97619fa095-impl-thread1] INFO  impl.StateMachineUpdater (StateMachineUpdater.java:stopAndJoin(157)) - 463d4cd4-93eb-48de-ad15-bb97619fa095@group-B5133FD9D28E-StateMachineUpdater: set stopIndex = 0
2024-02-06 10:03:15,598 [463d4cd4-93eb-48de-ad15-bb97619fa095@group-B5133FD9D28E-StateMachineUpdater] INFO  ratis.ContainerStateMachine (ContainerStateMachine.java:takeSnapshot(355)) - group-B5133FD9D28E: Taking a snapshot at:(t:1, i:0) file /home/runner/work/ozone/ozone/hadoop-ozone/integration-test/target/test-dir/MiniOzoneClusterImpl-aff9c889-8dd2-4f79-ab57-76a0adc13766/datanode-8/data/ratis/19c338fc-2932-4906-b65b-b5133fd9d28e/sm/snapshot.1_0
2024-02-06 10:03:15,599 [ForkJoinPool.commonPool-worker-6] INFO  server.GrpcService (GrpcService.java:closeImpl(320)) - 4463a956-bc43-48e2-a5be-041fb54af7fb: shutdown server org.apache.ratis.grpc.server.GrpcAdminProtocolService successfully
2024-02-06 10:03:15,599 [ForkJoinPool.commonPool-worker-0] INFO  server.GrpcService (GrpcService.java:closeImpl(320)) - fc33255d-a8b6-4933-b6d6-be3a7bd24e4a: shutdown server GrpcServerProtocolService successfully
2024-02-06 10:03:15,599 [ForkJoinPool.commonPool-worker-0] INFO  server.GrpcService (GrpcService.java:closeImpl(311)) - fc33255d-a8b6-4933-b6d6-be3a7bd24e4a: shutdown server org.apache.ratis.grpc.server.GrpcAdminProtocolService now
2024-02-06 10:03:15,600 [463d4cd4-93eb-48de-ad15-bb97619fa095@group-B5133FD9D28E-StateMachineUpdater] INFO  ratis.ContainerStateMachine (ContainerStateMachine.java:takeSnapshot(366)) - group-B5133FD9D28E: Finished taking a snapshot at:(t:1, i:0) file:/home/runner/work/ozone/ozone/hadoop-ozone/integration-test/target/test-dir/MiniOzoneClusterImpl-aff9c889-8dd2-4f79-ab57-76a0adc13766/datanode-8/data/ratis/19c338fc-2932-4906-b65b-b5133fd9d28e/sm/snapshot.1_0 took: 1 ms
2024-02-06 10:03:15,600 [463d4cd4-93eb-48de-ad15-bb97619fa095@group-B5133FD9D28E-StateMachineUpdater] INFO  impl.StateMachineUpdater (StateMachineUpdater.java:takeSnapshot(295)) - 463d4cd4-93eb-48de-ad15-bb97619fa095@group-B5133FD9D28E-StateMachineUpdater: Took a snapshot at index 0
2024-02-06 10:03:15,600 [463d4cd4-93eb-48de-ad15-bb97619fa095@group-B5133FD9D28E-StateMachineUpdater] INFO  impl.StateMachineUpdater (StateMachineUpdater.java:lambda$new$0(98)) - 463d4cd4-93eb-48de-ad15-bb97619fa095@group-B5133FD9D28E-StateMachineUpdater: snapshotIndex: updateIncreasingly -1 -> 0
2024-02-06 10:03:15,600 [463d4cd4-93eb-48de-ad15-bb97619fa095-impl-thread1] INFO  server.RaftServer$Division (ServerState.java:close(427)) - 463d4cd4-93eb-48de-ad15-bb97619fa095@group-B5133FD9D28E: applyIndex: 0
2024-02-06 10:03:15,601 [main] INFO  server.GrpcService (GrpcService.java:closeImpl(320)) - 4a798287-2ddb-4f45-a758-72f424bfa3c7: shutdown server GrpcServerProtocolService successfully
2024-02-06 10:03:15,601 [main] INFO  server.GrpcService (GrpcService.java:closeImpl(311)) - 4a798287-2ddb-4f45-a758-72f424bfa3c7: shutdown server org.apache.ratis.grpc.server.GrpcAdminProtocolService now
2024-02-06 10:03:15,603 [463d4cd4-93eb-48de-ad15-bb97619fa095@group-B5133FD9D28E-cacheEviction-AwaitToRun] INFO  util.AwaitToRun (AwaitToRun.java:run(49)) - 463d4cd4-93eb-48de-ad15-bb97619fa095@group-B5133FD9D28E-cacheEviction-AwaitToRun-AwaitForSignal is interrupted
2024-02-06 10:03:15,605 [ForkJoinPool.commonPool-worker-2] INFO  server.GrpcService (GrpcService.java:closeImpl(311)) - 463d4cd4-93eb-48de-ad15-bb97619fa095: shutdown server org.apache.ratis.grpc.server.GrpcClientProtocolService now
2024-02-06 10:03:15,607 [4463a956-bc43-48e2-a5be-041fb54af7fb-NettyServerStreamRpc-bossGroup--thread1] INFO  logging.LoggingHandler (AbstractInternalLogger.java:log(148)) - [id: 0xac0e5720, L:/0.0.0.0:15158] CLOSE
2024-02-06 10:03:15,607 [4463a956-bc43-48e2-a5be-041fb54af7fb-NettyServerStreamRpc-bossGroup--thread1] INFO  logging.LoggingHandler (AbstractInternalLogger.java:log(148)) - [id: 0xac0e5720, L:/0.0.0.0:15158] INACTIVE
2024-02-06 10:03:15,607 [4463a956-bc43-48e2-a5be-041fb54af7fb-NettyServerStreamRpc-bossGroup--thread1] INFO  logging.LoggingHandler (AbstractInternalLogger.java:log(148)) - [id: 0xac0e5720, L:/0.0.0.0:15158] UNREGISTERED
2024-02-06 10:03:15,609 [463d4cd4-93eb-48de-ad15-bb97619fa095-impl-thread2] INFO  server.RaftServer$Division (RaftServerImpl.java:lambda$close$3(526)) - 463d4cd4-93eb-48de-ad15-bb97619fa095@group-BA2F21F92D48: shutdown
2024-02-06 10:03:15,609 [463d4cd4-93eb-48de-ad15-bb97619fa095-impl-thread2] INFO  util.JmxRegister (JmxRegister.java:unregister(73)) - Successfully un-registered JMX Bean with object name Ratis:service=RaftServer,group=group-BA2F21F92D48,id=463d4cd4-93eb-48de-ad15-bb97619fa095
2024-02-06 10:03:15,609 [463d4cd4-93eb-48de-ad15-bb97619fa095-impl-thread2] INFO  impl.RoleInfo (RoleInfo.java:shutdownLeaderState(94)) - 463d4cd4-93eb-48de-ad15-bb97619fa095: shutdown 463d4cd4-93eb-48de-ad15-bb97619fa095@group-BA2F21F92D48-LeaderStateImpl
2024-02-06 10:03:15,609 [463d4cd4-93eb-48de-ad15-bb97619fa095-impl-thread2] INFO  impl.PendingRequests (PendingRequests.java:sendNotLeaderResponses(289)) - 463d4cd4-93eb-48de-ad15-bb97619fa095@group-BA2F21F92D48-PendingRequests: sendNotLeaderResponses
2024-02-06 10:03:15,609 [463d4cd4-93eb-48de-ad15-bb97619fa095@group-BA2F21F92D48-StateMachineUpdater] INFO  ratis.ContainerStateMachine (ContainerStateMachine.java:takeSnapshot(355)) - group-BA2F21F92D48: Taking a snapshot at:(t:1, i:0) file /home/runner/work/ozone/ozone/hadoop-ozone/integration-test/target/test-dir/MiniOzoneClusterImpl-aff9c889-8dd2-4f79-ab57-76a0adc13766/datanode-8/data/ratis/34b5258b-60aa-476c-aedf-ba2f21f92d48/sm/snapshot.1_0
2024-02-06 10:03:15,609 [463d4cd4-93eb-48de-ad15-bb97619fa095-impl-thread2] INFO  impl.StateMachineUpdater (StateMachineUpdater.java:stopAndJoin(157)) - 463d4cd4-93eb-48de-ad15-bb97619fa095@group-BA2F21F92D48-StateMachineUpdater: set stopIndex = 0
2024-02-06 10:03:15,610 [463d4cd4-93eb-48de-ad15-bb97619fa095@group-BA2F21F92D48-StateMachineUpdater] INFO  ratis.ContainerStateMachine (ContainerStateMachine.java:takeSnapshot(366)) - group-BA2F21F92D48: Finished taking a snapshot at:(t:1, i:0) file:/home/runner/work/ozone/ozone/hadoop-ozone/integration-test/target/test-dir/MiniOzoneClusterImpl-aff9c889-8dd2-4f79-ab57-76a0adc13766/datanode-8/data/ratis/34b5258b-60aa-476c-aedf-ba2f21f92d48/sm/snapshot.1_0 took: 1 ms
2024-02-06 10:03:15,610 [463d4cd4-93eb-48de-ad15-bb97619fa095@group-BA2F21F92D48-StateMachineUpdater] INFO  impl.StateMachineUpdater (StateMachineUpdater.java:takeSnapshot(295)) - 463d4cd4-93eb-48de-ad15-bb97619fa095@group-BA2F21F92D48-StateMachineUpdater: Took a snapshot at index 0
2024-02-06 10:03:15,610 [463d4cd4-93eb-48de-ad15-bb97619fa095@group-BA2F21F92D48-StateMachineUpdater] INFO  impl.StateMachineUpdater (StateMachineUpdater.java:lambda$new$0(98)) - 463d4cd4-93eb-48de-ad15-bb97619fa095@group-BA2F21F92D48-StateMachineUpdater: snapshotIndex: updateIncreasingly -1 -> 0
2024-02-06 10:03:15,610 [463d4cd4-93eb-48de-ad15-bb97619fa095-impl-thread2] INFO  server.RaftServer$Division (ServerState.java:close(427)) - 463d4cd4-93eb-48de-ad15-bb97619fa095@group-BA2F21F92D48: applyIndex: 0
2024-02-06 10:03:15,610 [463d4cd4-93eb-48de-ad15-bb97619fa095@group-BA2F21F92D48-cacheEviction-AwaitToRun] INFO  util.AwaitToRun (AwaitToRun.java:run(49)) - 463d4cd4-93eb-48de-ad15-bb97619fa095@group-BA2F21F92D48-cacheEviction-AwaitToRun-AwaitForSignal is interrupted
2024-02-06 10:03:15,611 [ForkJoinPool.commonPool-worker-1] INFO  server.GrpcService (GrpcService.java:closeImpl(320)) - 488c4769-1e0b-4768-b3fe-c72db1d0dad7: shutdown server GrpcServerProtocolService successfully
2024-02-06 10:03:15,611 [ForkJoinPool.commonPool-worker-1] INFO  server.GrpcService (GrpcService.java:closeImpl(311)) - 488c4769-1e0b-4768-b3fe-c72db1d0dad7: shutdown server org.apache.ratis.grpc.server.GrpcAdminProtocolService now
2024-02-06 10:03:15,612 [ForkJoinPool.commonPool-worker-0] INFO  server.GrpcService (GrpcService.java:closeImpl(320)) - fc33255d-a8b6-4933-b6d6-be3a7bd24e4a: shutdown server org.apache.ratis.grpc.server.GrpcAdminProtocolService successfully
2024-02-06 10:03:15,612 [Thread-2295] INFO  server.GrpcServerProtocolClient (GrpcServerProtocolClient.java:close(103)) - 73be6a6b-5fd7-4eac-9d0c-1772c183b18d Close channels
2024-02-06 10:03:15,612 [Thread-2297] INFO  server.GrpcServerProtocolClient (GrpcServerProtocolClient.java:close(103)) - 4463a956-bc43-48e2-a5be-041fb54af7fb Close channels
2024-02-06 10:03:15,617 [73be6a6b-5fd7-4eac-9d0c-1772c183b18d-NettyServerStreamRpc-bossGroup--thread1] INFO  logging.LoggingHandler (AbstractInternalLogger.java:log(148)) - [id: 0x19496d8a, L:/0.0.0.0:15167] CLOSE
2024-02-06 10:03:15,617 [73be6a6b-5fd7-4eac-9d0c-1772c183b18d-NettyServerStreamRpc-bossGroup--thread1] INFO  logging.LoggingHandler (AbstractInternalLogger.java:log(148)) - [id: 0x19496d8a, L:/0.0.0.0:15167] INACTIVE
2024-02-06 10:03:15,617 [73be6a6b-5fd7-4eac-9d0c-1772c183b18d-NettyServerStreamRpc-bossGroup--thread1] INFO  logging.LoggingHandler (AbstractInternalLogger.java:log(148)) - [id: 0x19496d8a, L:/0.0.0.0:15167] UNREGISTERED
2024-02-06 10:03:15,617 [ForkJoinPool.commonPool-worker-1] INFO  server.GrpcService (GrpcService.java:closeImpl(320)) - 488c4769-1e0b-4768-b3fe-c72db1d0dad7: shutdown server org.apache.ratis.grpc.server.GrpcAdminProtocolService successfully
2024-02-06 10:03:15,618 [main] INFO  server.GrpcService (GrpcService.java:closeImpl(320)) - 4a798287-2ddb-4f45-a758-72f424bfa3c7: shutdown server org.apache.ratis.grpc.server.GrpcAdminProtocolService successfully
2024-02-06 10:03:15,620 [ForkJoinPool.commonPool-worker-2] INFO  server.GrpcService (GrpcService.java:closeImpl(320)) - 463d4cd4-93eb-48de-ad15-bb97619fa095: shutdown server org.apache.ratis.grpc.server.GrpcClientProtocolService successfully
2024-02-06 10:03:15,620 [ForkJoinPool.commonPool-worker-2] INFO  server.GrpcService (GrpcService.java:closeImpl(311)) - 463d4cd4-93eb-48de-ad15-bb97619fa095: shutdown server GrpcServerProtocolService now
2024-02-06 10:03:15,623 [fc33255d-a8b6-4933-b6d6-be3a7bd24e4a-NettyServerStreamRpc-bossGroup--thread1] INFO  logging.LoggingHandler (AbstractInternalLogger.java:log(148)) - [id: 0x94eff276, L:/0.0.0.0:15140] CLOSE
2024-02-06 10:03:15,623 [fc33255d-a8b6-4933-b6d6-be3a7bd24e4a-NettyServerStreamRpc-bossGroup--thread1] INFO  logging.LoggingHandler (AbstractInternalLogger.java:log(148)) - [id: 0x94eff276, L:/0.0.0.0:15140] INACTIVE
2024-02-06 10:03:15,623 [fc33255d-a8b6-4933-b6d6-be3a7bd24e4a-NettyServerStreamRpc-bossGroup--thread1] INFO  logging.LoggingHandler (AbstractInternalLogger.java:log(148)) - [id: 0x94eff276, L:/0.0.0.0:15140] UNREGISTERED
2024-02-06 10:03:15,623 [9b6fde4f-3239-4bc3-82bd-b2cd2f08e288-NettyServerStreamRpc-bossGroup--thread1] INFO  logging.LoggingHandler (AbstractInternalLogger.java:log(148)) - [id: 0x6f861aee, L:/0.0.0.0:15131] CLOSE
2024-02-06 10:03:15,623 [9b6fde4f-3239-4bc3-82bd-b2cd2f08e288-NettyServerStreamRpc-bossGroup--thread1] INFO  logging.LoggingHandler (AbstractInternalLogger.java:log(148)) - [id: 0x6f861aee, L:/0.0.0.0:15131] INACTIVE
2024-02-06 10:03:15,624 [9b6fde4f-3239-4bc3-82bd-b2cd2f08e288-NettyServerStreamRpc-bossGroup--thread1] INFO  logging.LoggingHandler (AbstractInternalLogger.java:log(148)) - [id: 0x6f861aee, L:/0.0.0.0:15131] UNREGISTERED
2024-02-06 10:03:15,637 [ForkJoinPool.commonPool-worker-2] INFO  server.GrpcService (GrpcService.java:closeImpl(320)) - 463d4cd4-93eb-48de-ad15-bb97619fa095: shutdown server GrpcServerProtocolService successfully
2024-02-06 10:03:15,637 [ForkJoinPool.commonPool-worker-2] INFO  server.GrpcService (GrpcService.java:closeImpl(311)) - 463d4cd4-93eb-48de-ad15-bb97619fa095: shutdown server org.apache.ratis.grpc.server.GrpcAdminProtocolService now
2024-02-06 10:03:15,646 [488c4769-1e0b-4768-b3fe-c72db1d0dad7-NettyServerStreamRpc-bossGroup--thread1] INFO  logging.LoggingHandler (AbstractInternalLogger.java:log(148)) - [id: 0x85599c23, L:/0.0.0.0:15104] CLOSE
2024-02-06 10:03:15,646 [488c4769-1e0b-4768-b3fe-c72db1d0dad7-NettyServerStreamRpc-bossGroup--thread1] INFO  logging.LoggingHandler (AbstractInternalLogger.java:log(148)) - [id: 0x85599c23, L:/0.0.0.0:15104] INACTIVE
2024-02-06 10:03:15,646 [ForkJoinPool.commonPool-worker-2] INFO  server.GrpcService (GrpcService.java:closeImpl(320)) - 463d4cd4-93eb-48de-ad15-bb97619fa095: shutdown server org.apache.ratis.grpc.server.GrpcAdminProtocolService successfully
2024-02-06 10:03:15,646 [488c4769-1e0b-4768-b3fe-c72db1d0dad7-NettyServerStreamRpc-bossGroup--thread1] INFO  logging.LoggingHandler (AbstractInternalLogger.java:log(148)) - [id: 0x85599c23, L:/0.0.0.0:15104] UNREGISTERED
2024-02-06 10:03:15,652 [4a798287-2ddb-4f45-a758-72f424bfa3c7-NettyServerStreamRpc-bossGroup--thread1] INFO  logging.LoggingHandler (AbstractInternalLogger.java:log(148)) - [id: 0xc5a24f80, L:/0.0.0.0:15149] CLOSE
2024-02-06 10:03:15,652 [4a798287-2ddb-4f45-a758-72f424bfa3c7-NettyServerStreamRpc-bossGroup--thread1] INFO  logging.LoggingHandler (AbstractInternalLogger.java:log(148)) - [id: 0xc5a24f80, L:/0.0.0.0:15149] INACTIVE
2024-02-06 10:03:15,652 [4a798287-2ddb-4f45-a758-72f424bfa3c7-NettyServerStreamRpc-bossGroup--thread1] INFO  logging.LoggingHandler (AbstractInternalLogger.java:log(148)) - [id: 0xc5a24f80, L:/0.0.0.0:15149] UNREGISTERED
2024-02-06 10:03:15,652 [463d4cd4-93eb-48de-ad15-bb97619fa095-impl-thread2] INFO  segmented.SegmentedRaftLogWorker (SegmentedRaftLogWorker.java:close(245)) - 463d4cd4-93eb-48de-ad15-bb97619fa095@group-BA2F21F92D48-SegmentedRaftLogWorker close()
2024-02-06 10:03:15,661 [463d4cd4-93eb-48de-ad15-bb97619fa095-NettyServerStreamRpc-bossGroup--thread1] INFO  logging.LoggingHandler (AbstractInternalLogger.java:log(148)) - [id: 0xe29fd0df, L:/0.0.0.0:15176] CLOSE
2024-02-06 10:03:15,661 [463d4cd4-93eb-48de-ad15-bb97619fa095-NettyServerStreamRpc-bossGroup--thread1] INFO  logging.LoggingHandler (AbstractInternalLogger.java:log(148)) - [id: 0xe29fd0df, L:/0.0.0.0:15176] INACTIVE
2024-02-06 10:03:15,661 [463d4cd4-93eb-48de-ad15-bb97619fa095-NettyServerStreamRpc-bossGroup--thread1] INFO  logging.LoggingHandler (AbstractInternalLogger.java:log(148)) - [id: 0xe29fd0df, L:/0.0.0.0:15176] UNREGISTERED
2024-02-06 10:03:15,749 [488c4769-1e0b-4768-b3fe-c72db1d0dad7-impl-thread1] INFO  segmented.SegmentedRaftLogWorker (SegmentedRaftLogWorker.java:close(245)) - 488c4769-1e0b-4768-b3fe-c72db1d0dad7@group-C2FEC77C309D-SegmentedRaftLogWorker close()
2024-02-06 10:03:15,750 [JvmPauseMonitor13] INFO  util.JvmPauseMonitor (JvmPauseMonitor.java:run(152)) - JvmPauseMonitor-488c4769-1e0b-4768-b3fe-c72db1d0dad7: Stopped
2024-02-06 10:03:16,112 [9b6fde4f-3239-4bc3-82bd-b2cd2f08e288-impl-thread1] INFO  segmented.SegmentedRaftLogWorker (SegmentedRaftLogWorker.java:close(245)) - 9b6fde4f-3239-4bc3-82bd-b2cd2f08e288@group-C5DE4906FA3B-SegmentedRaftLogWorker close()
2024-02-06 10:03:16,141 [fc33255d-a8b6-4933-b6d6-be3a7bd24e4a-impl-thread1] INFO  segmented.SegmentedRaftLogWorker (SegmentedRaftLogWorker.java:close(245)) - fc33255d-a8b6-4933-b6d6-be3a7bd24e4a@group-6757DE20DA43-SegmentedRaftLogWorker close()
2024-02-06 10:03:16,172 [4a798287-2ddb-4f45-a758-72f424bfa3c7-impl-thread2] INFO  segmented.SegmentedRaftLogWorker (SegmentedRaftLogWorker.java:close(245)) - 4a798287-2ddb-4f45-a758-72f424bfa3c7@group-3D52B063064B-SegmentedRaftLogWorker close()
2024-02-06 10:03:16,192 [9b6fde4f-3239-4bc3-82bd-b2cd2f08e288-impl-thread2] INFO  segmented.SegmentedRaftLogWorker (SegmentedRaftLogWorker.java:close(245)) - 9b6fde4f-3239-4bc3-82bd-b2cd2f08e288@group-3D52B063064B-SegmentedRaftLogWorker close()
2024-02-06 10:03:16,192 [fc33255d-a8b6-4933-b6d6-be3a7bd24e4a-impl-thread2] INFO  segmented.SegmentedRaftLogWorker (SegmentedRaftLogWorker.java:close(245)) - fc33255d-a8b6-4933-b6d6-be3a7bd24e4a@group-3D52B063064B-SegmentedRaftLogWorker close()
2024-02-06 10:03:16,193 [JvmPauseMonitor17] INFO  util.JvmPauseMonitor (JvmPauseMonitor.java:run(152)) - JvmPauseMonitor-fc33255d-a8b6-4933-b6d6-be3a7bd24e4a: Stopped
2024-02-06 10:03:16,193 [JvmPauseMonitor16] INFO  util.JvmPauseMonitor (JvmPauseMonitor.java:run(152)) - JvmPauseMonitor-9b6fde4f-3239-4bc3-82bd-b2cd2f08e288: Stopped
2024-02-06 10:03:16,325 [4463a956-bc43-48e2-a5be-041fb54af7fb-impl-thread1] INFO  segmented.SegmentedRaftLogWorker (SegmentedRaftLogWorker.java:close(245)) - 4463a956-bc43-48e2-a5be-041fb54af7fb@group-CE782FAE109C-SegmentedRaftLogWorker close()
2024-02-06 10:03:16,338 [4a798287-2ddb-4f45-a758-72f424bfa3c7-impl-thread1] INFO  segmented.SegmentedRaftLogWorker (SegmentedRaftLogWorker.java:close(245)) - 4a798287-2ddb-4f45-a758-72f424bfa3c7@group-A1C2FAEB3750-SegmentedRaftLogWorker close()
2024-02-06 10:03:16,338 [JvmPauseMonitor18] INFO  util.JvmPauseMonitor (JvmPauseMonitor.java:run(152)) - JvmPauseMonitor-4a798287-2ddb-4f45-a758-72f424bfa3c7: Stopped
2024-02-06 10:03:16,495 [463d4cd4-93eb-48de-ad15-bb97619fa095-impl-thread1] INFO  segmented.SegmentedRaftLogWorker (SegmentedRaftLogWorker.java:close(245)) - 463d4cd4-93eb-48de-ad15-bb97619fa095@group-B5133FD9D28E-SegmentedRaftLogWorker close()
2024-02-06 10:03:16,495 [JvmPauseMonitor21] INFO  util.JvmPauseMonitor (JvmPauseMonitor.java:run(152)) - JvmPauseMonitor-463d4cd4-93eb-48de-ad15-bb97619fa095: Stopped
2024-02-06 10:03:16,518 [73be6a6b-5fd7-4eac-9d0c-1772c183b18d-impl-thread2] INFO  segmented.SegmentedRaftLogWorker (SegmentedRaftLogWorker.java:close(245)) - 73be6a6b-5fd7-4eac-9d0c-1772c183b18d@group-B48B9D031783-SegmentedRaftLogWorker close()
2024-02-06 10:03:16,529 [4463a956-bc43-48e2-a5be-041fb54af7fb-impl-thread2] INFO  segmented.SegmentedRaftLogWorker (SegmentedRaftLogWorker.java:close(245)) - 4463a956-bc43-48e2-a5be-041fb54af7fb@group-B5133FD9D28E-SegmentedRaftLogWorker close()
2024-02-06 10:03:16,530 [JvmPauseMonitor19] INFO  util.JvmPauseMonitor (JvmPauseMonitor.java:run(152)) - JvmPauseMonitor-4463a956-bc43-48e2-a5be-041fb54af7fb: Stopped
2024-02-06 10:03:16,535 [73be6a6b-5fd7-4eac-9d0c-1772c183b18d-impl-thread1] INFO  segmented.SegmentedRaftLogWorker (SegmentedRaftLogWorker.java:close(245)) - 73be6a6b-5fd7-4eac-9d0c-1772c183b18d@group-B5133FD9D28E-SegmentedRaftLogWorker close()
2024-02-06 10:03:16,536 [JvmPauseMonitor20] INFO  util.JvmPauseMonitor (JvmPauseMonitor.java:run(152)) - JvmPauseMonitor-73be6a6b-5fd7-4eac-9d0c-1772c183b18d: Stopped
2024-02-06 10:03:17,752 [ForkJoinPool.commonPool-worker-1] INFO  utils.DatanodeStoreCache (DatanodeStoreCache.java:shutdownCache(116)) - Skip clearing cache in mini cluster mode. Entries left: [/home/runner/work/ozone/ozone/hadoop-ozone/integration-test/target/test-dir/MiniOzoneClusterImpl-aff9c889-8dd2-4f79-ab57-76a0adc13766/datanode-0/data-0/containers/hdds/aff9c889-8dd2-4f79-ab57-76a0adc13766/DS-d59af0ad-321c-4720-89f9-c1fbafa6673e/container.db, /home/runner/work/ozone/ozone/hadoop-ozone/integration-test/target/test-dir/MiniOzoneClusterImpl-aff9c889-8dd2-4f79-ab57-76a0adc13766/datanode-3/data-0/containers/hdds/aff9c889-8dd2-4f79-ab57-76a0adc13766/DS-6dfa79b8-5f46-4663-b96a-b31f347b60fd/container.db, /home/runner/work/ozone/ozone/hadoop-ozone/integration-test/target/test-dir/MiniOzoneClusterImpl-aff9c889-8dd2-4f79-ab57-76a0adc13766/datanode-4/data-0/containers/hdds/aff9c889-8dd2-4f79-ab57-76a0adc13766/DS-36e01c3a-6914-43d5-8f22-1a3b692e0768/container.db, /home/runner/work/ozone/ozone/hadoop-ozone/integration-test/target/test-dir/MiniOzoneClusterImpl-aff9c889-8dd2-4f79-ab57-76a0adc13766/datanode-5/data-0/containers/hdds/aff9c889-8dd2-4f79-ab57-76a0adc13766/DS-ced8edba-c74b-4c42-bbd6-7fda4c7e8080/container.db, /home/runner/work/ozone/ozone/hadoop-ozone/integration-test/target/test-dir/MiniOzoneClusterImpl-aff9c889-8dd2-4f79-ab57-76a0adc13766/datanode-6/data-0/containers/hdds/aff9c889-8dd2-4f79-ab57-76a0adc13766/DS-b94ac8ca-ef09-4953-980d-cfdc99ea185a/container.db, /home/runner/work/ozone/ozone/hadoop-ozone/integration-test/target/test-dir/MiniOzoneClusterImpl-aff9c889-8dd2-4f79-ab57-76a0adc13766/datanode-7/data-0/containers/hdds/aff9c889-8dd2-4f79-ab57-76a0adc13766/DS-8cfeabd8-4f93-41d2-96fa-75146ae26f46/container.db, /home/runner/work/ozone/ozone/hadoop-ozone/integration-test/target/test-dir/MiniOzoneClusterImpl-aff9c889-8dd2-4f79-ab57-76a0adc13766/datanode-8/data-0/containers/hdds/aff9c889-8dd2-4f79-ab57-76a0adc13766/DS-64315fe6-bae0-4058-a833-39fbbacebd6b/container.db]
2024-02-06 10:03:17,756 [ForkJoinPool.commonPool-worker-1] INFO  utils.DatanodeStoreCache (DatanodeStoreCache.java:removeDB(110)) - Removed db /home/runner/work/ozone/ozone/hadoop-ozone/integration-test/target/test-dir/MiniOzoneClusterImpl-aff9c889-8dd2-4f79-ab57-76a0adc13766/datanode-0/data-0/containers/hdds/aff9c889-8dd2-4f79-ab57-76a0adc13766/DS-d59af0ad-321c-4720-89f9-c1fbafa6673e/container.db from cache
2024-02-06 10:03:17,756 [ForkJoinPool.commonPool-worker-1] INFO  volume.HddsVolume (HddsVolume.java:closeDbStore(451)) - SchemaV3 db is stopped at /home/runner/work/ozone/ozone/hadoop-ozone/integration-test/target/test-dir/MiniOzoneClusterImpl-aff9c889-8dd2-4f79-ab57-76a0adc13766/datanode-0/data-0/containers/hdds/aff9c889-8dd2-4f79-ab57-76a0adc13766/DS-d59af0ad-321c-4720-89f9-c1fbafa6673e/container.db for volume DS-d59af0ad-321c-4720-89f9-c1fbafa6673e
2024-02-06 10:03:17,757 [ForkJoinPool.commonPool-worker-1] INFO  utils.BackgroundService (BackgroundService.java:shutdown(160)) - Shutting down service BlockDeletingService
2024-02-06 10:03:17,757 [ForkJoinPool.commonPool-worker-1] INFO  utils.BackgroundService (BackgroundService.java:shutdown(160)) - Shutting down service StaleRecoveringContainerScrubbingService
2024-02-06 10:03:17,760 [ForkJoinPool.commonPool-worker-1] INFO  statemachine.DatanodeStateMachine (DatanodeStateMachine.java:stopDaemon(638)) - Ozone container server stopped.
2024-02-06 10:03:17,762 [ForkJoinPool.commonPool-worker-1] INFO  handler.ContextHandler (ContextHandler.java:doStop(1159)) - Stopped o.e.j.w.WebAppContext@29d55215{hddsDatanode,/,null,STOPPED}{jar:file:/home/runner/.m2/repository/org/apache/ozone/hdds-container-service/1.5.0-SNAPSHOT/hdds-container-service-1.5.0-SNAPSHOT.jar!/webapps/hddsDatanode}
2024-02-06 10:03:17,763 [ForkJoinPool.commonPool-worker-1] INFO  server.AbstractConnector (AbstractConnector.java:doStop(383)) - Stopped ServerConnector@1678dda4{HTTP/1.1, (http/1.1)}{0.0.0.0:15098}
2024-02-06 10:03:17,763 [ForkJoinPool.commonPool-worker-1] INFO  server.session (HouseKeeper.java:stopScavenging(149)) - node0 Stopped scavenging
2024-02-06 10:03:17,764 [ForkJoinPool.commonPool-worker-1] INFO  handler.ContextHandler (ContextHandler.java:doStop(1159)) - Stopped o.e.j.s.ServletContextHandler@1de7ce46{static,/static,jar:file:/home/runner/.m2/repository/org/apache/ozone/hdds-container-service/1.5.0-SNAPSHOT/hdds-container-service-1.5.0-SNAPSHOT.jar!/webapps/static,STOPPED}
2024-02-06 10:03:17,765 [ForkJoinPool.commonPool-worker-1] INFO  handler.ContextHandler (ContextHandler.java:doStop(1159)) - Stopped o.e.j.s.ServletContextHandler@4838ccdd{logs,/logs,file:///home/runner/work/ozone/ozone/hadoop-ozone/integration-test/target/log,STOPPED}
2024-02-06 10:03:17,765 [ForkJoinPool.commonPool-worker-1] INFO  ozone.HddsDatanodeClientProtocolServer (HddsDatanodeClientProtocolServer.java:stop(78)) - Stopping the RPC server for Client Protocol
2024-02-06 10:03:17,765 [ForkJoinPool.commonPool-worker-1] INFO  ipc.Server (Server.java:stop(3523)) - Stopping server on 15099
2024-02-06 10:03:17,766 [IPC Server listener on 15099] INFO  ipc.Server (Server.java:run(1434)) - Stopping IPC Server listener on 15099
2024-02-06 10:03:17,766 [IPC Server Responder] INFO  ipc.Server (Server.java:run(1567)) - Stopping IPC Server Responder
2024-02-06 10:03:18,196 [ForkJoinPool.commonPool-worker-5] INFO  utils.DatanodeStoreCache (DatanodeStoreCache.java:shutdownCache(116)) - Skip clearing cache in mini cluster mode. Entries left: [/home/runner/work/ozone/ozone/hadoop-ozone/integration-test/target/test-dir/MiniOzoneClusterImpl-aff9c889-8dd2-4f79-ab57-76a0adc13766/datanode-3/data-0/containers/hdds/aff9c889-8dd2-4f79-ab57-76a0adc13766/DS-6dfa79b8-5f46-4663-b96a-b31f347b60fd/container.db, /home/runner/work/ozone/ozone/hadoop-ozone/integration-test/target/test-dir/MiniOzoneClusterImpl-aff9c889-8dd2-4f79-ab57-76a0adc13766/datanode-4/data-0/containers/hdds/aff9c889-8dd2-4f79-ab57-76a0adc13766/DS-36e01c3a-6914-43d5-8f22-1a3b692e0768/container.db, /home/runner/work/ozone/ozone/hadoop-ozone/integration-test/target/test-dir/MiniOzoneClusterImpl-aff9c889-8dd2-4f79-ab57-76a0adc13766/datanode-5/data-0/containers/hdds/aff9c889-8dd2-4f79-ab57-76a0adc13766/DS-ced8edba-c74b-4c42-bbd6-7fda4c7e8080/container.db, /home/runner/work/ozone/ozone/hadoop-ozone/integration-test/target/test-dir/MiniOzoneClusterImpl-aff9c889-8dd2-4f79-ab57-76a0adc13766/datanode-6/data-0/containers/hdds/aff9c889-8dd2-4f79-ab57-76a0adc13766/DS-b94ac8ca-ef09-4953-980d-cfdc99ea185a/container.db, /home/runner/work/ozone/ozone/hadoop-ozone/integration-test/target/test-dir/MiniOzoneClusterImpl-aff9c889-8dd2-4f79-ab57-76a0adc13766/datanode-7/data-0/containers/hdds/aff9c889-8dd2-4f79-ab57-76a0adc13766/DS-8cfeabd8-4f93-41d2-96fa-75146ae26f46/container.db, /home/runner/work/ozone/ozone/hadoop-ozone/integration-test/target/test-dir/MiniOzoneClusterImpl-aff9c889-8dd2-4f79-ab57-76a0adc13766/datanode-8/data-0/containers/hdds/aff9c889-8dd2-4f79-ab57-76a0adc13766/DS-64315fe6-bae0-4058-a833-39fbbacebd6b/container.db]
2024-02-06 10:03:18,197 [ForkJoinPool.commonPool-worker-0] INFO  utils.DatanodeStoreCache (DatanodeStoreCache.java:shutdownCache(116)) - Skip clearing cache in mini cluster mode. Entries left: [/home/runner/work/ozone/ozone/hadoop-ozone/integration-test/target/test-dir/MiniOzoneClusterImpl-aff9c889-8dd2-4f79-ab57-76a0adc13766/datanode-3/data-0/containers/hdds/aff9c889-8dd2-4f79-ab57-76a0adc13766/DS-6dfa79b8-5f46-4663-b96a-b31f347b60fd/container.db, /home/runner/work/ozone/ozone/hadoop-ozone/integration-test/target/test-dir/MiniOzoneClusterImpl-aff9c889-8dd2-4f79-ab57-76a0adc13766/datanode-4/data-0/containers/hdds/aff9c889-8dd2-4f79-ab57-76a0adc13766/DS-36e01c3a-6914-43d5-8f22-1a3b692e0768/container.db, /home/runner/work/ozone/ozone/hadoop-ozone/integration-test/target/test-dir/MiniOzoneClusterImpl-aff9c889-8dd2-4f79-ab57-76a0adc13766/datanode-5/data-0/containers/hdds/aff9c889-8dd2-4f79-ab57-76a0adc13766/DS-ced8edba-c74b-4c42-bbd6-7fda4c7e8080/container.db, /home/runner/work/ozone/ozone/hadoop-ozone/integration-test/target/test-dir/MiniOzoneClusterImpl-aff9c889-8dd2-4f79-ab57-76a0adc13766/datanode-6/data-0/containers/hdds/aff9c889-8dd2-4f79-ab57-76a0adc13766/DS-b94ac8ca-ef09-4953-980d-cfdc99ea185a/container.db, /home/runner/work/ozone/ozone/hadoop-ozone/integration-test/target/test-dir/MiniOzoneClusterImpl-aff9c889-8dd2-4f79-ab57-76a0adc13766/datanode-7/data-0/containers/hdds/aff9c889-8dd2-4f79-ab57-76a0adc13766/DS-8cfeabd8-4f93-41d2-96fa-75146ae26f46/container.db, /home/runner/work/ozone/ozone/hadoop-ozone/integration-test/target/test-dir/MiniOzoneClusterImpl-aff9c889-8dd2-4f79-ab57-76a0adc13766/datanode-8/data-0/containers/hdds/aff9c889-8dd2-4f79-ab57-76a0adc13766/DS-64315fe6-bae0-4058-a833-39fbbacebd6b/container.db]
2024-02-06 10:03:18,199 [ForkJoinPool.commonPool-worker-5] INFO  utils.DatanodeStoreCache (DatanodeStoreCache.java:removeDB(110)) - Removed db /home/runner/work/ozone/ozone/hadoop-ozone/integration-test/target/test-dir/MiniOzoneClusterImpl-aff9c889-8dd2-4f79-ab57-76a0adc13766/datanode-3/data-0/containers/hdds/aff9c889-8dd2-4f79-ab57-76a0adc13766/DS-6dfa79b8-5f46-4663-b96a-b31f347b60fd/container.db from cache
2024-02-06 10:03:18,200 [ForkJoinPool.commonPool-worker-5] INFO  volume.HddsVolume (HddsVolume.java:closeDbStore(451)) - SchemaV3 db is stopped at /home/runner/work/ozone/ozone/hadoop-ozone/integration-test/target/test-dir/MiniOzoneClusterImpl-aff9c889-8dd2-4f79-ab57-76a0adc13766/datanode-3/data-0/containers/hdds/aff9c889-8dd2-4f79-ab57-76a0adc13766/DS-6dfa79b8-5f46-4663-b96a-b31f347b60fd/container.db for volume DS-6dfa79b8-5f46-4663-b96a-b31f347b60fd
2024-02-06 10:03:18,201 [ForkJoinPool.commonPool-worker-5] INFO  utils.BackgroundService (BackgroundService.java:shutdown(160)) - Shutting down service BlockDeletingService
2024-02-06 10:03:18,202 [ForkJoinPool.commonPool-worker-0] INFO  utils.DatanodeStoreCache (DatanodeStoreCache.java:removeDB(110)) - Removed db /home/runner/work/ozone/ozone/hadoop-ozone/integration-test/target/test-dir/MiniOzoneClusterImpl-aff9c889-8dd2-4f79-ab57-76a0adc13766/datanode-4/data-0/containers/hdds/aff9c889-8dd2-4f79-ab57-76a0adc13766/DS-36e01c3a-6914-43d5-8f22-1a3b692e0768/container.db from cache
2024-02-06 10:03:18,202 [ForkJoinPool.commonPool-worker-0] INFO  volume.HddsVolume (HddsVolume.java:closeDbStore(451)) - SchemaV3 db is stopped at /home/runner/work/ozone/ozone/hadoop-ozone/integration-test/target/test-dir/MiniOzoneClusterImpl-aff9c889-8dd2-4f79-ab57-76a0adc13766/datanode-4/data-0/containers/hdds/aff9c889-8dd2-4f79-ab57-76a0adc13766/DS-36e01c3a-6914-43d5-8f22-1a3b692e0768/container.db for volume DS-36e01c3a-6914-43d5-8f22-1a3b692e0768
2024-02-06 10:03:18,202 [ForkJoinPool.commonPool-worker-5] INFO  utils.BackgroundService (BackgroundService.java:shutdown(160)) - Shutting down service StaleRecoveringContainerScrubbingService
2024-02-06 10:03:18,202 [ForkJoinPool.commonPool-worker-0] INFO  utils.BackgroundService (BackgroundService.java:shutdown(160)) - Shutting down service BlockDeletingService
2024-02-06 10:03:18,203 [ForkJoinPool.commonPool-worker-5] INFO  statemachine.DatanodeStateMachine (DatanodeStateMachine.java:stopDaemon(638)) - Ozone container server stopped.
2024-02-06 10:03:18,203 [ForkJoinPool.commonPool-worker-0] INFO  utils.BackgroundService (BackgroundService.java:shutdown(160)) - Shutting down service StaleRecoveringContainerScrubbingService
2024-02-06 10:03:18,204 [ForkJoinPool.commonPool-worker-0] INFO  statemachine.DatanodeStateMachine (DatanodeStateMachine.java:stopDaemon(638)) - Ozone container server stopped.
2024-02-06 10:03:18,204 [ForkJoinPool.commonPool-worker-5] INFO  handler.ContextHandler (ContextHandler.java:doStop(1159)) - Stopped o.e.j.w.WebAppContext@101c9c6b{hddsDatanode,/,null,STOPPED}{jar:file:/home/runner/.m2/repository/org/apache/ozone/hdds-container-service/1.5.0-SNAPSHOT/hdds-container-service-1.5.0-SNAPSHOT.jar!/webapps/hddsDatanode}
2024-02-06 10:03:18,206 [ForkJoinPool.commonPool-worker-0] INFO  handler.ContextHandler (ContextHandler.java:doStop(1159)) - Stopped o.e.j.w.WebAppContext@3d2e59c{hddsDatanode,/,null,STOPPED}{jar:file:/home/runner/.m2/repository/org/apache/ozone/hdds-container-service/1.5.0-SNAPSHOT/hdds-container-service-1.5.0-SNAPSHOT.jar!/webapps/hddsDatanode}
2024-02-06 10:03:18,206 [ForkJoinPool.commonPool-worker-5] INFO  server.AbstractConnector (AbstractConnector.java:doStop(383)) - Stopped ServerConnector@43322e52{HTTP/1.1, (http/1.1)}{0.0.0.0:15125}
2024-02-06 10:03:18,206 [ForkJoinPool.commonPool-worker-5] INFO  server.session (HouseKeeper.java:stopScavenging(149)) - node0 Stopped scavenging
2024-02-06 10:03:18,206 [ForkJoinPool.commonPool-worker-0] INFO  server.AbstractConnector (AbstractConnector.java:doStop(383)) - Stopped ServerConnector@134f9b9f{HTTP/1.1, (http/1.1)}{0.0.0.0:15134}
2024-02-06 10:03:18,206 [ForkJoinPool.commonPool-worker-5] INFO  handler.ContextHandler (ContextHandler.java:doStop(1159)) - Stopped o.e.j.s.ServletContextHandler@2c69af89{static,/static,jar:file:/home/runner/.m2/repository/org/apache/ozone/hdds-container-service/1.5.0-SNAPSHOT/hdds-container-service-1.5.0-SNAPSHOT.jar!/webapps/static,STOPPED}
2024-02-06 10:03:18,206 [ForkJoinPool.commonPool-worker-0] INFO  server.session (HouseKeeper.java:stopScavenging(149)) - node0 Stopped scavenging
2024-02-06 10:03:18,206 [ForkJoinPool.commonPool-worker-5] INFO  handler.ContextHandler (ContextHandler.java:doStop(1159)) - Stopped o.e.j.s.ServletContextHandler@79caf80c{logs,/logs,file:///home/runner/work/ozone/ozone/hadoop-ozone/integration-test/target/log,STOPPED}
2024-02-06 10:03:18,206 [ForkJoinPool.commonPool-worker-0] INFO  handler.ContextHandler (ContextHandler.java:doStop(1159)) - Stopped o.e.j.s.ServletContextHandler@3e939338{static,/static,jar:file:/home/runner/.m2/repository/org/apache/ozone/hdds-container-service/1.5.0-SNAPSHOT/hdds-container-service-1.5.0-SNAPSHOT.jar!/webapps/static,STOPPED}
2024-02-06 10:03:18,207 [ForkJoinPool.commonPool-worker-0] INFO  handler.ContextHandler (ContextHandler.java:doStop(1159)) - Stopped o.e.j.s.ServletContextHandler@592d49d2{logs,/logs,file:///home/runner/work/ozone/ozone/hadoop-ozone/integration-test/target/log,STOPPED}
2024-02-06 10:03:18,207 [ForkJoinPool.commonPool-worker-5] INFO  ozone.HddsDatanodeClientProtocolServer (HddsDatanodeClientProtocolServer.java:stop(78)) - Stopping the RPC server for Client Protocol
2024-02-06 10:03:18,208 [ForkJoinPool.commonPool-worker-5] INFO  ipc.Server (Server.java:stop(3523)) - Stopping server on 15126
2024-02-06 10:03:18,208 [ForkJoinPool.commonPool-worker-0] INFO  ozone.HddsDatanodeClientProtocolServer (HddsDatanodeClientProtocolServer.java:stop(78)) - Stopping the RPC server for Client Protocol
2024-02-06 10:03:18,209 [ForkJoinPool.commonPool-worker-0] INFO  ipc.Server (Server.java:stop(3523)) - Stopping server on 15135
2024-02-06 10:03:18,209 [IPC Server listener on 15126] INFO  ipc.Server (Server.java:run(1434)) - Stopping IPC Server listener on 15126
2024-02-06 10:03:18,209 [IPC Server Responder] INFO  ipc.Server (Server.java:run(1567)) - Stopping IPC Server Responder
2024-02-06 10:03:18,210 [IPC Server listener on 15135] INFO  ipc.Server (Server.java:run(1434)) - Stopping IPC Server listener on 15135
2024-02-06 10:03:18,210 [IPC Server Responder] INFO  ipc.Server (Server.java:run(1567)) - Stopping IPC Server Responder
2024-02-06 10:03:18,340 [main] INFO  utils.DatanodeStoreCache (DatanodeStoreCache.java:shutdownCache(116)) - Skip clearing cache in mini cluster mode. Entries left: [/home/runner/work/ozone/ozone/hadoop-ozone/integration-test/target/test-dir/MiniOzoneClusterImpl-aff9c889-8dd2-4f79-ab57-76a0adc13766/datanode-5/data-0/containers/hdds/aff9c889-8dd2-4f79-ab57-76a0adc13766/DS-ced8edba-c74b-4c42-bbd6-7fda4c7e8080/container.db, /home/runner/work/ozone/ozone/hadoop-ozone/integration-test/target/test-dir/MiniOzoneClusterImpl-aff9c889-8dd2-4f79-ab57-76a0adc13766/datanode-6/data-0/containers/hdds/aff9c889-8dd2-4f79-ab57-76a0adc13766/DS-b94ac8ca-ef09-4953-980d-cfdc99ea185a/container.db, /home/runner/work/ozone/ozone/hadoop-ozone/integration-test/target/test-dir/MiniOzoneClusterImpl-aff9c889-8dd2-4f79-ab57-76a0adc13766/datanode-7/data-0/containers/hdds/aff9c889-8dd2-4f79-ab57-76a0adc13766/DS-8cfeabd8-4f93-41d2-96fa-75146ae26f46/container.db, /home/runner/work/ozone/ozone/hadoop-ozone/integration-test/target/test-dir/MiniOzoneClusterImpl-aff9c889-8dd2-4f79-ab57-76a0adc13766/datanode-8/data-0/containers/hdds/aff9c889-8dd2-4f79-ab57-76a0adc13766/DS-64315fe6-bae0-4058-a833-39fbbacebd6b/container.db]
2024-02-06 10:03:18,341 [main] INFO  utils.DatanodeStoreCache (DatanodeStoreCache.java:removeDB(110)) - Removed db /home/runner/work/ozone/ozone/hadoop-ozone/integration-test/target/test-dir/MiniOzoneClusterImpl-aff9c889-8dd2-4f79-ab57-76a0adc13766/datanode-5/data-0/containers/hdds/aff9c889-8dd2-4f79-ab57-76a0adc13766/DS-ced8edba-c74b-4c42-bbd6-7fda4c7e8080/container.db from cache
2024-02-06 10:03:18,341 [main] INFO  volume.HddsVolume (HddsVolume.java:closeDbStore(451)) - SchemaV3 db is stopped at /home/runner/work/ozone/ozone/hadoop-ozone/integration-test/target/test-dir/MiniOzoneClusterImpl-aff9c889-8dd2-4f79-ab57-76a0adc13766/datanode-5/data-0/containers/hdds/aff9c889-8dd2-4f79-ab57-76a0adc13766/DS-ced8edba-c74b-4c42-bbd6-7fda4c7e8080/container.db for volume DS-ced8edba-c74b-4c42-bbd6-7fda4c7e8080
2024-02-06 10:03:18,342 [main] INFO  utils.BackgroundService (BackgroundService.java:shutdown(160)) - Shutting down service BlockDeletingService
2024-02-06 10:03:18,342 [main] INFO  utils.BackgroundService (BackgroundService.java:shutdown(160)) - Shutting down service StaleRecoveringContainerScrubbingService
2024-02-06 10:03:18,345 [main] INFO  statemachine.DatanodeStateMachine (DatanodeStateMachine.java:stopDaemon(638)) - Ozone container server stopped.
2024-02-06 10:03:18,346 [main] INFO  handler.ContextHandler (ContextHandler.java:doStop(1159)) - Stopped o.e.j.w.WebAppContext@7ce29673{hddsDatanode,/,null,STOPPED}{jar:file:/home/runner/.m2/repository/org/apache/ozone/hdds-container-service/1.5.0-SNAPSHOT/hdds-container-service-1.5.0-SNAPSHOT.jar!/webapps/hddsDatanode}
2024-02-06 10:03:18,347 [main] INFO  server.AbstractConnector (AbstractConnector.java:doStop(383)) - Stopped ServerConnector@6ea40f83{HTTP/1.1, (http/1.1)}{0.0.0.0:15143}
2024-02-06 10:03:18,347 [main] INFO  server.session (HouseKeeper.java:stopScavenging(149)) - node0 Stopped scavenging
2024-02-06 10:03:18,347 [main] INFO  handler.ContextHandler (ContextHandler.java:doStop(1159)) - Stopped o.e.j.s.ServletContextHandler@d3b82e4{static,/static,jar:file:/home/runner/.m2/repository/org/apache/ozone/hdds-container-service/1.5.0-SNAPSHOT/hdds-container-service-1.5.0-SNAPSHOT.jar!/webapps/static,STOPPED}
2024-02-06 10:03:18,347 [main] INFO  handler.ContextHandler (ContextHandler.java:doStop(1159)) - Stopped o.e.j.s.ServletContextHandler@1c434357{logs,/logs,file:///home/runner/work/ozone/ozone/hadoop-ozone/integration-test/target/log,STOPPED}
2024-02-06 10:03:18,348 [main] INFO  ozone.HddsDatanodeClientProtocolServer (HddsDatanodeClientProtocolServer.java:stop(78)) - Stopping the RPC server for Client Protocol
2024-02-06 10:03:18,348 [main] INFO  ipc.Server (Server.java:stop(3523)) - Stopping server on 15144
2024-02-06 10:03:18,349 [IPC Server listener on 15144] INFO  ipc.Server (Server.java:run(1434)) - Stopping IPC Server listener on 15144
2024-02-06 10:03:18,350 [IPC Server Responder] INFO  ipc.Server (Server.java:run(1567)) - Stopping IPC Server Responder
2024-02-06 10:03:18,498 [ForkJoinPool.commonPool-worker-2] INFO  utils.DatanodeStoreCache (DatanodeStoreCache.java:shutdownCache(116)) - Skip clearing cache in mini cluster mode. Entries left: [/home/runner/work/ozone/ozone/hadoop-ozone/integration-test/target/test-dir/MiniOzoneClusterImpl-aff9c889-8dd2-4f79-ab57-76a0adc13766/datanode-6/data-0/containers/hdds/aff9c889-8dd2-4f79-ab57-76a0adc13766/DS-b94ac8ca-ef09-4953-980d-cfdc99ea185a/container.db, /home/runner/work/ozone/ozone/hadoop-ozone/integration-test/target/test-dir/MiniOzoneClusterImpl-aff9c889-8dd2-4f79-ab57-76a0adc13766/datanode-7/data-0/containers/hdds/aff9c889-8dd2-4f79-ab57-76a0adc13766/DS-8cfeabd8-4f93-41d2-96fa-75146ae26f46/container.db, /home/runner/work/ozone/ozone/hadoop-ozone/integration-test/target/test-dir/MiniOzoneClusterImpl-aff9c889-8dd2-4f79-ab57-76a0adc13766/datanode-8/data-0/containers/hdds/aff9c889-8dd2-4f79-ab57-76a0adc13766/DS-64315fe6-bae0-4058-a833-39fbbacebd6b/container.db]
2024-02-06 10:03:18,499 [ForkJoinPool.commonPool-worker-2] INFO  utils.DatanodeStoreCache (DatanodeStoreCache.java:removeDB(110)) - Removed db /home/runner/work/ozone/ozone/hadoop-ozone/integration-test/target/test-dir/MiniOzoneClusterImpl-aff9c889-8dd2-4f79-ab57-76a0adc13766/datanode-8/data-0/containers/hdds/aff9c889-8dd2-4f79-ab57-76a0adc13766/DS-64315fe6-bae0-4058-a833-39fbbacebd6b/container.db from cache
2024-02-06 10:03:18,500 [ForkJoinPool.commonPool-worker-2] INFO  volume.HddsVolume (HddsVolume.java:closeDbStore(451)) - SchemaV3 db is stopped at /home/runner/work/ozone/ozone/hadoop-ozone/integration-test/target/test-dir/MiniOzoneClusterImpl-aff9c889-8dd2-4f79-ab57-76a0adc13766/datanode-8/data-0/containers/hdds/aff9c889-8dd2-4f79-ab57-76a0adc13766/DS-64315fe6-bae0-4058-a833-39fbbacebd6b/container.db for volume DS-64315fe6-bae0-4058-a833-39fbbacebd6b
2024-02-06 10:03:18,501 [ForkJoinPool.commonPool-worker-2] INFO  utils.BackgroundService (BackgroundService.java:shutdown(160)) - Shutting down service BlockDeletingService
2024-02-06 10:03:18,501 [ForkJoinPool.commonPool-worker-2] INFO  utils.BackgroundService (BackgroundService.java:shutdown(160)) - Shutting down service StaleRecoveringContainerScrubbingService
2024-02-06 10:03:18,502 [ForkJoinPool.commonPool-worker-2] INFO  statemachine.DatanodeStateMachine (DatanodeStateMachine.java:stopDaemon(638)) - Ozone container server stopped.
2024-02-06 10:03:18,503 [ForkJoinPool.commonPool-worker-2] INFO  handler.ContextHandler (ContextHandler.java:doStop(1159)) - Stopped o.e.j.w.WebAppContext@549929fa{hddsDatanode,/,null,STOPPED}{jar:file:/home/runner/.m2/repository/org/apache/ozone/hdds-container-service/1.5.0-SNAPSHOT/hdds-container-service-1.5.0-SNAPSHOT.jar!/webapps/hddsDatanode}
2024-02-06 10:03:18,503 [ForkJoinPool.commonPool-worker-2] INFO  server.AbstractConnector (AbstractConnector.java:doStop(383)) - Stopped ServerConnector@1befe955{HTTP/1.1, (http/1.1)}{0.0.0.0:15170}
2024-02-06 10:03:18,503 [ForkJoinPool.commonPool-worker-2] INFO  server.session (HouseKeeper.java:stopScavenging(149)) - node0 Stopped scavenging
2024-02-06 10:03:18,504 [ForkJoinPool.commonPool-worker-2] INFO  handler.ContextHandler (ContextHandler.java:doStop(1159)) - Stopped o.e.j.s.ServletContextHandler@4901ac60{static,/static,jar:file:/home/runner/.m2/repository/org/apache/ozone/hdds-container-service/1.5.0-SNAPSHOT/hdds-container-service-1.5.0-SNAPSHOT.jar!/webapps/static,STOPPED}
2024-02-06 10:03:18,504 [ForkJoinPool.commonPool-worker-2] INFO  handler.ContextHandler (ContextHandler.java:doStop(1159)) - Stopped o.e.j.s.ServletContextHandler@14e8e0c9{logs,/logs,file:///home/runner/work/ozone/ozone/hadoop-ozone/integration-test/target/log,STOPPED}
2024-02-06 10:03:18,504 [ForkJoinPool.commonPool-worker-2] INFO  ozone.HddsDatanodeClientProtocolServer (HddsDatanodeClientProtocolServer.java:stop(78)) - Stopping the RPC server for Client Protocol
2024-02-06 10:03:18,505 [ForkJoinPool.commonPool-worker-2] INFO  ipc.Server (Server.java:stop(3523)) - Stopping server on 15171
2024-02-06 10:03:18,507 [IPC Server Responder] INFO  ipc.Server (Server.java:run(1567)) - Stopping IPC Server Responder
2024-02-06 10:03:18,507 [IPC Server listener on 15171] INFO  ipc.Server (Server.java:run(1434)) - Stopping IPC Server listener on 15171
2024-02-06 10:03:18,532 [ForkJoinPool.commonPool-worker-6] INFO  utils.DatanodeStoreCache (DatanodeStoreCache.java:shutdownCache(116)) - Skip clearing cache in mini cluster mode. Entries left: [/home/runner/work/ozone/ozone/hadoop-ozone/integration-test/target/test-dir/MiniOzoneClusterImpl-aff9c889-8dd2-4f79-ab57-76a0adc13766/datanode-6/data-0/containers/hdds/aff9c889-8dd2-4f79-ab57-76a0adc13766/DS-b94ac8ca-ef09-4953-980d-cfdc99ea185a/container.db, /home/runner/work/ozone/ozone/hadoop-ozone/integration-test/target/test-dir/MiniOzoneClusterImpl-aff9c889-8dd2-4f79-ab57-76a0adc13766/datanode-7/data-0/containers/hdds/aff9c889-8dd2-4f79-ab57-76a0adc13766/DS-8cfeabd8-4f93-41d2-96fa-75146ae26f46/container.db]
2024-02-06 10:03:18,533 [ForkJoinPool.commonPool-worker-6] INFO  utils.DatanodeStoreCache (DatanodeStoreCache.java:removeDB(110)) - Removed db /home/runner/work/ozone/ozone/hadoop-ozone/integration-test/target/test-dir/MiniOzoneClusterImpl-aff9c889-8dd2-4f79-ab57-76a0adc13766/datanode-6/data-0/containers/hdds/aff9c889-8dd2-4f79-ab57-76a0adc13766/DS-b94ac8ca-ef09-4953-980d-cfdc99ea185a/container.db from cache
2024-02-06 10:03:18,533 [ForkJoinPool.commonPool-worker-6] INFO  volume.HddsVolume (HddsVolume.java:closeDbStore(451)) - SchemaV3 db is stopped at /home/runner/work/ozone/ozone/hadoop-ozone/integration-test/target/test-dir/MiniOzoneClusterImpl-aff9c889-8dd2-4f79-ab57-76a0adc13766/datanode-6/data-0/containers/hdds/aff9c889-8dd2-4f79-ab57-76a0adc13766/DS-b94ac8ca-ef09-4953-980d-cfdc99ea185a/container.db for volume DS-b94ac8ca-ef09-4953-980d-cfdc99ea185a
2024-02-06 10:03:18,533 [ForkJoinPool.commonPool-worker-6] INFO  utils.BackgroundService (BackgroundService.java:shutdown(160)) - Shutting down service BlockDeletingService
2024-02-06 10:03:18,533 [ForkJoinPool.commonPool-worker-6] INFO  utils.BackgroundService (BackgroundService.java:shutdown(160)) - Shutting down service StaleRecoveringContainerScrubbingService
2024-02-06 10:03:18,533 [ForkJoinPool.commonPool-worker-6] INFO  statemachine.DatanodeStateMachine (DatanodeStateMachine.java:stopDaemon(638)) - Ozone container server stopped.
2024-02-06 10:03:18,535 [ForkJoinPool.commonPool-worker-6] INFO  handler.ContextHandler (ContextHandler.java:doStop(1159)) - Stopped o.e.j.w.WebAppContext@7de9d378{hddsDatanode,/,null,STOPPED}{jar:file:/home/runner/.m2/repository/org/apache/ozone/hdds-container-service/1.5.0-SNAPSHOT/hdds-container-service-1.5.0-SNAPSHOT.jar!/webapps/hddsDatanode}
2024-02-06 10:03:18,535 [ForkJoinPool.commonPool-worker-6] INFO  server.AbstractConnector (AbstractConnector.java:doStop(383)) - Stopped ServerConnector@24c7fab0{HTTP/1.1, (http/1.1)}{0.0.0.0:15152}
2024-02-06 10:03:18,536 [ForkJoinPool.commonPool-worker-6] INFO  server.session (HouseKeeper.java:stopScavenging(149)) - node0 Stopped scavenging
2024-02-06 10:03:18,536 [ForkJoinPool.commonPool-worker-6] INFO  handler.ContextHandler (ContextHandler.java:doStop(1159)) - Stopped o.e.j.s.ServletContextHandler@5275f18a{static,/static,jar:file:/home/runner/.m2/repository/org/apache/ozone/hdds-container-service/1.5.0-SNAPSHOT/hdds-container-service-1.5.0-SNAPSHOT.jar!/webapps/static,STOPPED}
2024-02-06 10:03:18,536 [ForkJoinPool.commonPool-worker-6] INFO  handler.ContextHandler (ContextHandler.java:doStop(1159)) - Stopped o.e.j.s.ServletContextHandler@1f57655e{logs,/logs,file:///home/runner/work/ozone/ozone/hadoop-ozone/integration-test/target/log,STOPPED}
2024-02-06 10:03:18,536 [ForkJoinPool.commonPool-worker-6] INFO  ozone.HddsDatanodeClientProtocolServer (HddsDatanodeClientProtocolServer.java:stop(78)) - Stopping the RPC server for Client Protocol
2024-02-06 10:03:18,537 [ForkJoinPool.commonPool-worker-6] INFO  ipc.Server (Server.java:stop(3523)) - Stopping server on 15153
2024-02-06 10:03:18,537 [IPC Server listener on 15153] INFO  ipc.Server (Server.java:run(1434)) - Stopping IPC Server listener on 15153
2024-02-06 10:03:18,537 [IPC Server Responder] INFO  ipc.Server (Server.java:run(1567)) - Stopping IPC Server Responder
2024-02-06 10:03:18,538 [ForkJoinPool.commonPool-worker-7] INFO  utils.DatanodeStoreCache (DatanodeStoreCache.java:shutdownCache(116)) - Skip clearing cache in mini cluster mode. Entries left: [/home/runner/work/ozone/ozone/hadoop-ozone/integration-test/target/test-dir/MiniOzoneClusterImpl-aff9c889-8dd2-4f79-ab57-76a0adc13766/datanode-7/data-0/containers/hdds/aff9c889-8dd2-4f79-ab57-76a0adc13766/DS-8cfeabd8-4f93-41d2-96fa-75146ae26f46/container.db]
2024-02-06 10:03:18,538 [ForkJoinPool.commonPool-worker-7] INFO  utils.DatanodeStoreCache (DatanodeStoreCache.java:removeDB(110)) - Removed db /home/runner/work/ozone/ozone/hadoop-ozone/integration-test/target/test-dir/MiniOzoneClusterImpl-aff9c889-8dd2-4f79-ab57-76a0adc13766/datanode-7/data-0/containers/hdds/aff9c889-8dd2-4f79-ab57-76a0adc13766/DS-8cfeabd8-4f93-41d2-96fa-75146ae26f46/container.db from cache
2024-02-06 10:03:18,538 [ForkJoinPool.commonPool-worker-7] INFO  volume.HddsVolume (HddsVolume.java:closeDbStore(451)) - SchemaV3 db is stopped at /home/runner/work/ozone/ozone/hadoop-ozone/integration-test/target/test-dir/MiniOzoneClusterImpl-aff9c889-8dd2-4f79-ab57-76a0adc13766/datanode-7/data-0/containers/hdds/aff9c889-8dd2-4f79-ab57-76a0adc13766/DS-8cfeabd8-4f93-41d2-96fa-75146ae26f46/container.db for volume DS-8cfeabd8-4f93-41d2-96fa-75146ae26f46
2024-02-06 10:03:18,539 [ForkJoinPool.commonPool-worker-7] INFO  utils.BackgroundService (BackgroundService.java:shutdown(160)) - Shutting down service BlockDeletingService
2024-02-06 10:03:18,539 [ForkJoinPool.commonPool-worker-7] INFO  utils.BackgroundService (BackgroundService.java:shutdown(160)) - Shutting down service StaleRecoveringContainerScrubbingService
2024-02-06 10:03:18,539 [ForkJoinPool.commonPool-worker-7] INFO  statemachine.DatanodeStateMachine (DatanodeStateMachine.java:stopDaemon(638)) - Ozone container server stopped.
2024-02-06 10:03:18,540 [ForkJoinPool.commonPool-worker-7] INFO  handler.ContextHandler (ContextHandler.java:doStop(1159)) - Stopped o.e.j.w.WebAppContext@2b1bbdad{hddsDatanode,/,null,STOPPED}{jar:file:/home/runner/.m2/repository/org/apache/ozone/hdds-container-service/1.5.0-SNAPSHOT/hdds-container-service-1.5.0-SNAPSHOT.jar!/webapps/hddsDatanode}
2024-02-06 10:03:18,541 [ForkJoinPool.commonPool-worker-7] INFO  server.AbstractConnector (AbstractConnector.java:doStop(383)) - Stopped ServerConnector@50c618fc{HTTP/1.1, (http/1.1)}{0.0.0.0:15161}
2024-02-06 10:03:18,541 [ForkJoinPool.commonPool-worker-7] INFO  server.session (HouseKeeper.java:stopScavenging(149)) - node0 Stopped scavenging
2024-02-06 10:03:18,541 [ForkJoinPool.commonPool-worker-7] INFO  handler.ContextHandler (ContextHandler.java:doStop(1159)) - Stopped o.e.j.s.ServletContextHandler@4649edd3{static,/static,jar:file:/home/runner/.m2/repository/org/apache/ozone/hdds-container-service/1.5.0-SNAPSHOT/hdds-container-service-1.5.0-SNAPSHOT.jar!/webapps/static,STOPPED}
2024-02-06 10:03:18,542 [ForkJoinPool.commonPool-worker-7] INFO  handler.ContextHandler (ContextHandler.java:doStop(1159)) - Stopped o.e.j.s.ServletContextHandler@20f810a0{logs,/logs,file:///home/runner/work/ozone/ozone/hadoop-ozone/integration-test/target/log,STOPPED}
2024-02-06 10:03:18,542 [ForkJoinPool.commonPool-worker-7] INFO  ozone.HddsDatanodeClientProtocolServer (HddsDatanodeClientProtocolServer.java:stop(78)) - Stopping the RPC server for Client Protocol
2024-02-06 10:03:18,543 [ForkJoinPool.commonPool-worker-7] INFO  ipc.Server (Server.java:stop(3523)) - Stopping server on 15162
2024-02-06 10:03:18,544 [IPC Server Responder] INFO  ipc.Server (Server.java:run(1567)) - Stopping IPC Server Responder
2024-02-06 10:03:18,544 [IPC Server listener on 15162] INFO  ipc.Server (Server.java:run(1434)) - Stopping IPC Server listener on 15162
2024-02-06 10:03:18,544 [main] INFO  ozone.MiniOzoneClusterImpl (MiniOzoneClusterImpl.java:stopSCM(549)) - Stopping the StorageContainerManager
2024-02-06 10:03:18,545 [main] INFO  server.StorageContainerManager (StorageContainerManager.java:stop(1653)) - Container Balancer is not running.
2024-02-06 10:03:18,545 [main] INFO  server.StorageContainerManager (StorageContainerManager.java:stopReplicationManager(1786)) - Stopping Replication Manager Service.
2024-02-06 10:03:18,545 [main] INFO  replication.ReplicationManager (ReplicationManager.java:stop(327)) - Stopping Replication Monitor Thread.
2024-02-06 10:03:18,546 [main] INFO  server.StorageContainerManager (StorageContainerManager.java:stop(1662)) - Stopping the Datanode Admin Monitor.
2024-02-06 10:03:18,546 [ReplicationMonitor] INFO  replication.ReplicationManager (ReplicationManager.java:run(934)) - Replication Monitor Thread is stopped
2024-02-06 10:03:18,546 [main] INFO  server.StorageContainerManager (StorageContainerManager.java:stop(1669)) - Stopping datanode service RPC server
2024-02-06 10:03:18,546 [main] INFO  server.SCMDatanodeProtocolServer (SCMDatanodeProtocolServer.java:stop(425)) - Stopping the RPC server for DataNodes
2024-02-06 10:03:18,546 [OverReplicatedProcessor] WARN  replication.UnhealthyReplicationProcessor (UnhealthyReplicationProcessor.java:run(180)) - OverReplicatedProcessor interrupted. Exiting...
2024-02-06 10:03:18,546 [UnderReplicatedProcessor] WARN  replication.UnhealthyReplicationProcessor (UnhealthyReplicationProcessor.java:run(180)) - UnderReplicatedProcessor interrupted. Exiting...
2024-02-06 10:03:18,546 [main] INFO  ipc.Server (Server.java:stop(3523)) - Stopping server on 15091
2024-02-06 10:03:18,548 [IPC Server listener on 15091] INFO  ipc.Server (Server.java:run(1434)) - Stopping IPC Server listener on 15091
2024-02-06 10:03:18,549 [IPC Server Responder] INFO  ipc.Server (Server.java:run(1567)) - Stopping IPC Server Responder
2024-02-06 10:03:18,614 [SCMHeartbeatProcessor-0] WARN  node.NodeStateManager (NodeStateManager.java:scheduleNextHealthCheck(878)) - Current Thread is interrupted, shutting down HB processing thread for Node Manager.
2024-02-06 10:03:18,615 [main] INFO  server.StorageContainerManager (StorageContainerManager.java:stop(1677)) - Stopping block service RPC server
2024-02-06 10:03:18,615 [main] INFO  server.SCMBlockProtocolServer (SCMBlockProtocolServer.java:stop(169)) - Stopping the RPC server for Block Protocol
2024-02-06 10:03:18,615 [main] INFO  ipc.Server (Server.java:stop(3523)) - Stopping server on 15090
2024-02-06 10:03:18,617 [IPC Server listener on 15090] INFO  ipc.Server (Server.java:run(1434)) - Stopping IPC Server listener on 15090
2024-02-06 10:03:18,617 [IPC Server Responder] INFO  ipc.Server (Server.java:run(1567)) - Stopping IPC Server Responder
2024-02-06 10:03:18,618 [main] INFO  server.StorageContainerManager (StorageContainerManager.java:stop(1684)) - Stopping the StorageContainerLocationProtocol RPC server
2024-02-06 10:03:18,618 [main] INFO  server.SCMClientProtocolServer (SCMClientProtocolServer.java:stop(212)) - Stopping the RPC server for Client Protocol
2024-02-06 10:03:18,618 [main] INFO  ipc.Server (Server.java:stop(3523)) - Stopping server on 15089
2024-02-06 10:03:18,622 [IPC Server listener on 15089] INFO  ipc.Server (Server.java:run(1434)) - Stopping IPC Server listener on 15089
2024-02-06 10:03:18,622 [IPC Server Responder] INFO  ipc.Server (Server.java:run(1567)) - Stopping IPC Server Responder
2024-02-06 10:03:18,622 [main] INFO  server.StorageContainerManager (StorageContainerManager.java:stop(1691)) - Stopping Storage Container Manager HTTP server.
2024-02-06 10:03:18,623 [main] INFO  handler.ContextHandler (ContextHandler.java:doStop(1159)) - Stopped o.e.j.w.WebAppContext@34991ade{scm,/,null,STOPPED}{file:/home/runner/work/ozone/ozone/hadoop-ozone/integration-test/target/test-classes/webapps/scm}
2024-02-06 10:03:18,623 [main] INFO  server.AbstractConnector (AbstractConnector.java:doStop(383)) - Stopped ServerConnector@1a00979c{HTTP/1.1, (http/1.1)}{0.0.0.0:15092}
2024-02-06 10:03:18,623 [main] INFO  server.session (HouseKeeper.java:stopScavenging(149)) - node0 Stopped scavenging
2024-02-06 10:03:18,624 [main] INFO  handler.ContextHandler (ContextHandler.java:doStop(1159)) - Stopped o.e.j.s.ServletContextHandler@23e56d45{static,/static,file:///home/runner/work/ozone/ozone/hadoop-ozone/integration-test/target/test-classes/webapps/static,STOPPED}
2024-02-06 10:03:18,624 [main] INFO  handler.ContextHandler (ContextHandler.java:doStop(1159)) - Stopped o.e.j.s.ServletContextHandler@5e2b6fd0{logs,/logs,file:///home/runner/work/ozone/ozone/hadoop-ozone/integration-test/target/log,STOPPED}
2024-02-06 10:03:18,624 [main] INFO  server.StorageContainerManager (StorageContainerManager.java:stop(1699)) - Stopping SCM LayoutVersionManager Service.
2024-02-06 10:03:18,625 [main] INFO  server.StorageContainerManager (StorageContainerManager.java:stop(1711)) - Stopping Block Manager Service.
2024-02-06 10:03:18,625 [main] INFO  utils.BackgroundService (BackgroundService.java:shutdown(160)) - Shutting down service SCMBlockDeletingService
2024-02-06 10:03:18,625 [main] INFO  utils.BackgroundService (BackgroundService.java:shutdown(160)) - Shutting down service SCMBlockDeletingService
2024-02-06 10:03:18,626 [main] INFO  server.StorageContainerManager (StorageContainerManager.java:stop(1731)) - Stopping SCM Event Queue.
2024-02-06 10:03:18,626 [JvmPauseMonitor11] INFO  util.JvmPauseMonitor (JvmPauseMonitor.java:run(152)) - JvmPauseMonitor-5e5ca527-00f5-4275-adaf-4092cd2f62d0: Stopped
2024-02-06 10:03:18,626 [main] INFO  server.StorageContainerManager (StorageContainerManager.java:stop(1742)) - Stopping SCM HA services.
2024-02-06 10:03:18,627 [main] INFO  pipeline.BackgroundPipelineCreator (BackgroundPipelineCreator.java:stop(152)) - Stopping RatisPipelineUtilsThread.
2024-02-06 10:03:18,627 [RatisPipelineUtilsThread-0] WARN  pipeline.BackgroundPipelineCreator (BackgroundPipelineCreator.java:run(183)) - RatisPipelineUtilsThread is interrupted.
2024-02-06 10:03:18,627 [main] INFO  BackgroundPipelineScrubber (BackgroundSCMService.java:stop(128)) - Stopping BackgroundPipelineScrubber Service.
2024-02-06 10:03:18,627 [BackgroundPipelineScrubber] WARN  BackgroundPipelineScrubber (BackgroundSCMService.java:run(112)) - BackgroundPipelineScrubber is interrupted, exit
2024-02-06 10:03:18,628 [main] INFO  impl.MetricsSystemImpl (MetricsSystemImpl.java:stop(210)) - Stopping HddsDatanode metrics system...
2024-02-06 10:03:18,629 [prometheus] INFO  impl.MetricsSinkAdapter (MetricsSinkAdapter.java:publishMetricsFromQueue(141)) - prometheus thread interrupted.
2024-02-06 10:03:18,629 [main] INFO  impl.MetricsSystemImpl (MetricsSystemImpl.java:stop(216)) - HddsDatanode metrics system stopped.
2024-02-06 10:03:18,630 [main] WARN  pipeline.BackgroundPipelineCreator (BackgroundPipelineCreator.java:stop(148)) - RatisPipelineUtilsThread is not running, just ignore.
2024-02-06 10:03:18,630 [main] INFO  BackgroundPipelineScrubber (BackgroundSCMService.java:stop(123)) - BackgroundPipelineScrubber Service is not running, skip stop.
2024-02-06 10:03:18,630 [main] INFO  ExpiredContainerReplicaOpScrubber (BackgroundSCMService.java:stop(128)) - Stopping ExpiredContainerReplicaOpScrubber Service.
2024-02-06 10:03:18,630 [ExpiredContainerReplicaOpScrubber] WARN  ExpiredContainerReplicaOpScrubber (BackgroundSCMService.java:run(112)) - ExpiredContainerReplicaOpScrubber is interrupted, exit
2024-02-06 10:03:18,630 [main] INFO  utils.BackgroundService (BackgroundService.java:shutdown(160)) - Shutting down service SCMBlockDeletingService
2024-02-06 10:03:18,631 [main] INFO  replication.ReplicationManager (ReplicationManager.java:stop(337)) - Replication Monitor Thread is not running.
2024-02-06 10:03:18,631 [main] WARN  balancer.ContainerBalancer (ContainerBalancer.java:stop(327)) - Cannot stop Container Balancer because it's not running or stopping
2024-02-06 10:03:18,631 [LeaseManager#LeaseMonitor] WARN  lease.LeaseManager (LeaseManager.java:run(287)) - Lease manager is interrupted. Shutting down...
java.lang.InterruptedException
	at java.util.concurrent.locks.AbstractQueuedSynchronizer.doAcquireSharedNanos(AbstractQueuedSynchronizer.java:1039)
	at java.util.concurrent.locks.AbstractQueuedSynchronizer.tryAcquireSharedNanos(AbstractQueuedSynchronizer.java:1328)
	at java.util.concurrent.Semaphore.tryAcquire(Semaphore.java:409)
	at org.apache.hadoop.ozone.lease.LeaseManager$LeaseMonitor.run(LeaseManager.java:285)
	at java.lang.Thread.run(Thread.java:750)
2024-02-06 10:03:18,631 [main] INFO  server.StorageContainerManager (StorageContainerManager.java:stop(1777)) - Stopping SCM MetadataStore.
]]></system-out>
    </flakyFailure>
    <flakyFailure type="java.lang.AssertionError">
      <stackTrace><![CDATA[java.lang.AssertionError: 

Expecting:
 <"org.apache.ratis.protocol.exceptions.RaftRetryFailureException: Failed RaftClientRequest:client-F9A69EA5FED7->ec6898a0-344d-48d8-8a85-11fa109d489b@group-AF88B31BBEE2, cid=79, seq=null, Watch-MAJORITY_COMMITTED(67), null for 3 attempts with RequestTypeDependentRetryPolicy{WRITE->ExceptionDependentRetry(maxAttempts=2147483647; defaultPolicy=MultipleLinearRandomRetry[5x5s, 5x10s, 5x15s, 5x20s, 5x25s, 10x60s]; map={org.apache.ratis.protocol.exceptions.GroupMismatchException->NoRetry, org.apache.ratis.protocol.exceptions.NotReplicatedException->NoRetry, org.apache.ratis.protocol.exceptions.ResourceUnavailableException->org.apache.ratis.retry.ExponentialBackoffRetry@10626c22, org.apache.ratis.protocol.exceptions.StateMachineException->NoRetry, org.apache.ratis.protocol.exceptions.TimeoutIOException->org.apache.ratis.retry.ExponentialBackoffRetry@10626c22}), WATCH->ExceptionDependentRetry(maxAttempts=2147483647; defaultPolicy=MultipleLinearRandomRetry[5x5s, 5x10s, 5x15s, 5x20s, 5x25s, 10x60s]; map={org.apache.ratis.protocol.exceptions.GroupMismatchException->NoRetry, org.apache.ratis.protocol.exceptions.NotReplicatedException->NoRetry, org.apache.ratis.protocol.exceptions.ResourceUnavailableException->org.apache.ratis.retry.ExponentialBackoffRetry@10626c22, org.apache.ratis.protocol.exceptions.StateMachineException->NoRetry, org.apache.ratis.protocol.exceptions.TimeoutIOException->NoRetry})}">
not to contain:
 <"Watch-MAJORITY_COMMITTED">

	at org.apache.hadoop.ozone.client.rpc.TestWatchForCommit.testWatchForCommitForRetryfailure(TestWatchForCommit.java:291)
	at java.lang.reflect.Method.invoke(Method.java:498)
	at java.util.ArrayList.forEach(ArrayList.java:1259)
	at java.util.ArrayList.forEach(ArrayList.java:1259)
]]></stackTrace>
      <system-out><![CDATA[2024-02-06 10:04:10,439 [main] WARN  server.ServerUtils (ServerUtils.java:getScmDbDir(143)) - ozone.scm.db.dirs is not configured. We recommend adding this setting. Falling back to ozone.metadata.dirs instead.
2024-02-06 10:04:10,442 [main] WARN  server.ServerUtils (ServerUtils.java:getScmDbDir(143)) - ozone.scm.db.dirs is not configured. We recommend adding this setting. Falling back to ozone.metadata.dirs instead.
2024-02-06 10:04:10,443 [main] INFO  ha.SCMHANodeDetails (SCMHANodeDetails.java:loadSCMHAConfig(207)) - ServiceID for StorageContainerManager is null
2024-02-06 10:04:10,443 [main] INFO  ha.SCMHANodeDetails (SCMHANodeDetails.java:loadSCMHAConfig(212)) - ozone.scm.default.service.id is not defined, falling back to ozone.scm.service.ids to find serviceID for StorageContainerManager if it is HA enabled cluster
2024-02-06 10:04:10,443 [main] WARN  utils.HAUtils (HAUtils.java:getMetaDir(339)) - ozone.scm.db.dirs is not configured. We recommend adding this setting. Falling back to ozone.metadata.dirs instead.
2024-02-06 10:04:10,443 [main] WARN  db.DBStoreBuilder (DBStoreBuilder.java:applyDBDefinition(170)) - ozone.scm.db.dirs is not configured. We recommend adding this setting. Falling back to ozone.metadata.dirs instead.
2024-02-06 10:04:10,526 [main] INFO  net.NodeSchemaLoader (NodeSchemaLoader.java:loadSchemaFromFile(129)) - Loading schema from [jar:file:/home/runner/.m2/repository/org/apache/ozone/hdds-common/1.5.0-SNAPSHOT/hdds-common-1.5.0-SNAPSHOT.jar!/network-topology-default.xml]
2024-02-06 10:04:10,526 [main] INFO  net.NodeSchemaLoader (NodeSchemaLoader.java:loadSchema(176)) - Loading network topology layer schema file
2024-02-06 10:04:10,529 [main] INFO  upgrade.AbstractLayoutVersionManager (AbstractLayoutVersionManager.java:init(83)) - Initializing Layout version manager with metadata layout = HADOOP_PRC_PORTS_IN_DATANODEDETAILS (version = 7), software layout = HADOOP_PRC_PORTS_IN_DATANODEDETAILS (version = 7)
2024-02-06 10:04:10,531 [main] INFO  ha.SequenceIdGenerator (SequenceIdGenerator.java:upgradeToSequenceId(370)) - upgrade localId to 113750153625600000
2024-02-06 10:04:10,532 [main] INFO  ha.SequenceIdGenerator (SequenceIdGenerator.java:upgradeToSequenceId(380)) - upgrade delTxnId to 0
2024-02-06 10:04:10,532 [main] INFO  ha.SequenceIdGenerator (SequenceIdGenerator.java:upgradeToSequenceId(397)) - upgrade containerId to 0
2024-02-06 10:04:10,533 [main] INFO  ha.SequenceIdGenerator (SequenceIdGenerator.java:upgradeToCertificateSequenceId(444)) - upgrade CertificateId to 2
2024-02-06 10:04:10,534 [main] INFO  ha.SequenceIdGenerator (SequenceIdGenerator.java:<init>(241)) - Init the HA SequenceIdGenerator.
2024-02-06 10:04:10,534 [main] INFO  node.SCMNodeManager (SCMNodeManager.java:<init>(177)) - Entering startup safe mode.
2024-02-06 10:04:10,534 [main] INFO  algorithms.ContainerPlacementPolicyFactory (ContainerPlacementPolicyFactory.java:getPolicyInternal(86)) - Create container placement policy of type org.apache.hadoop.hdds.scm.container.placement.algorithms.SCMContainerPlacementRackAware
2024-02-06 10:04:10,535 [main] INFO  algorithms.ContainerPlacementPolicyFactory (ContainerPlacementPolicyFactory.java:getPolicyInternal(86)) - Create container placement policy of type org.apache.hadoop.hdds.scm.container.placement.algorithms.SCMContainerPlacementRackScatter
2024-02-06 10:04:10,535 [main] INFO  pipeline.PipelineStateManagerImpl (PipelineStateManagerImpl.java:initialize(78)) - No pipeline exists in current db
2024-02-06 10:04:10,535 [main] INFO  algorithms.LeaderChoosePolicyFactory (LeaderChoosePolicyFactory.java:getPolicy(57)) - Create leader choose policy of type org.apache.hadoop.hdds.scm.pipeline.leader.choose.algorithms.MinLeaderCountChoosePolicy
2024-02-06 10:04:10,535 [main] INFO  algorithms.ContainerPlacementPolicyFactory (ContainerPlacementPolicyFactory.java:getPolicyInternal(86)) - Create container placement policy of type org.apache.hadoop.hdds.scm.container.placement.algorithms.SCMContainerPlacementRackScatter
2024-02-06 10:04:10,536 [main] INFO  ha.SCMServiceManager (SCMServiceManager.java:register(42)) - Registering service BackgroundPipelineCreator.
2024-02-06 10:04:10,536 [main] INFO  pipeline.BackgroundPipelineCreator (BackgroundPipelineCreator.java:start(127)) - Starting RatisPipelineUtilsThread.
2024-02-06 10:04:10,536 [main] INFO  BackgroundPipelineScrubber (BackgroundSCMService.java:start(65)) - Starting BackgroundPipelineScrubber Service.
2024-02-06 10:04:10,536 [main] INFO  ha.SCMServiceManager (SCMServiceManager.java:register(42)) - Registering service BackgroundPipelineScrubber.
2024-02-06 10:04:10,537 [main] INFO  ExpiredContainerReplicaOpScrubber (BackgroundSCMService.java:start(65)) - Starting ExpiredContainerReplicaOpScrubber Service.
2024-02-06 10:04:10,537 [main] INFO  ha.SCMServiceManager (SCMServiceManager.java:register(42)) - Registering service ExpiredContainerReplicaOpScrubber.
2024-02-06 10:04:10,537 [main] INFO  algorithms.PipelineChoosePolicyFactory (PipelineChoosePolicyFactory.java:createPipelineChoosePolicyFromClass(80)) - Create pipeline choose policy of type org.apache.hadoop.hdds.scm.pipeline.choose.algorithms.RandomPipelineChoosePolicy
2024-02-06 10:04:10,538 [main] INFO  algorithms.PipelineChoosePolicyFactory (PipelineChoosePolicyFactory.java:createPipelineChoosePolicyFromClass(80)) - Create pipeline choose policy of type org.apache.hadoop.hdds.scm.pipeline.choose.algorithms.RandomPipelineChoosePolicy
2024-02-06 10:04:10,538 [main] INFO  ha.SCMServiceManager (SCMServiceManager.java:register(42)) - Registering service SCMBlockDeletingService.
2024-02-06 10:04:10,538 [main] INFO  replication.ReplicationManager (ReplicationManager.java:start(295)) - Starting Replication Monitor Thread.
2024-02-06 10:04:10,539 [ReplicationMonitor] INFO  replication.ReplicationManager (ReplicationManager.java:processAll(370)) - Replication Manager is not ready to run until 3000ms after safemode exit
2024-02-06 10:04:10,539 [main] INFO  ha.SCMServiceManager (SCMServiceManager.java:register(42)) - Registering service ReplicationManager.
2024-02-06 10:04:10,540 [main] INFO  safemode.ContainerSafeModeRule (ContainerSafeModeRule.java:<init>(91)) - containers with one replica threshold count 0
2024-02-06 10:04:10,540 [main] INFO  safemode.HealthyPipelineSafeModeRule (HealthyPipelineSafeModeRule.java:initializeRule(176)) - Total pipeline count is 0, healthy pipeline threshold count is 1
2024-02-06 10:04:10,540 [main] INFO  safemode.OneReplicaPipelineSafeModeRule (OneReplicaPipelineSafeModeRule.java:initializeRule(193)) - Total pipeline count is 0, pipeline's with at least one datanode reported threshold count is 0
2024-02-06 10:04:10,540 [main] INFO  server.StorageContainerManager (StorageContainerManager.java:<init>(440)) - SCM start with adminUsers: [runner]
2024-02-06 10:04:10,540 [main] INFO  ipc.CallQueueManager (CallQueueManager.java:<init>(90)) - Using callQueue: class java.util.concurrent.LinkedBlockingQueue, queueCapacity: 10000, scheduler: class org.apache.hadoop.ipc.DefaultRpcScheduler, ipcBackoff: false.
2024-02-06 10:04:10,541 [main] INFO  ipc.Server (Server.java:<init>(1287)) - Listener at 0.0.0.0:15358
2024-02-06 10:04:10,541 [Socket Reader #1 for port 15358] INFO  ipc.Server (Server.java:run(1323)) - Starting Socket Reader #1 for port 15358
2024-02-06 10:04:10,545 [main] INFO  ipc.CallQueueManager (CallQueueManager.java:<init>(90)) - Using callQueue: class java.util.concurrent.LinkedBlockingQueue, queueCapacity: 10000, scheduler: class org.apache.hadoop.ipc.DefaultRpcScheduler, ipcBackoff: false.
2024-02-06 10:04:10,546 [main] INFO  ipc.Server (Server.java:<init>(1287)) - Listener at 0.0.0.0:15357
2024-02-06 10:04:10,546 [Socket Reader #1 for port 15357] INFO  ipc.Server (Server.java:run(1323)) - Starting Socket Reader #1 for port 15357
2024-02-06 10:04:10,549 [main] INFO  ipc.CallQueueManager (CallQueueManager.java:<init>(90)) - Using callQueue: class java.util.concurrent.LinkedBlockingQueue, queueCapacity: 10000, scheduler: class org.apache.hadoop.ipc.DefaultRpcScheduler, ipcBackoff: false.
2024-02-06 10:04:10,549 [main] INFO  ipc.Server (Server.java:<init>(1287)) - Listener at 0.0.0.0:15356
2024-02-06 10:04:10,550 [Socket Reader #1 for port 15356] INFO  ipc.Server (Server.java:run(1323)) - Starting Socket Reader #1 for port 15356
2024-02-06 10:04:10,552 [main] INFO  ha.SCMServiceManager (SCMServiceManager.java:register(42)) - Registering service ContainerBalancer.
2024-02-06 10:04:10,552 [main] INFO  ha.SCMContext (SCMContext.java:updateSafeModeStatus(225)) - Update SafeModeStatus from SafeModeStatus{safeModeStatus=true, preCheckPassed=false} to SafeModeStatus{safeModeStatus=true, preCheckPassed=false}.
2024-02-06 10:04:10,552 [main] INFO  server.StorageContainerManager (StorageContainerManager.java:start(1545)) - StorageContainerLocationProtocol RPC server is listening at /0.0.0.0:15356
2024-02-06 10:04:10,554 [main] WARN  impl.MetricsConfig (MetricsConfig.java:loadFirst(136)) - Cannot locate configuration: tried hadoop-metrics2-storagecontainermanager.properties,hadoop-metrics2.properties
2024-02-06 10:04:10,554 [main] INFO  impl.MetricsSystemImpl (MetricsSystemImpl.java:startTimer(378)) - Scheduled Metric snapshot period at 10 second(s).
2024-02-06 10:04:10,554 [main] INFO  impl.MetricsSystemImpl (MetricsSystemImpl.java:start(191)) - StorageContainerManager metrics system started
2024-02-06 10:04:10,568 [main] INFO  impl.MetricsSinkAdapter (MetricsSinkAdapter.java:start(204)) - Sink prometheus started
2024-02-06 10:04:10,569 [main] INFO  impl.MetricsSystemImpl (MetricsSystemImpl.java:registerSink(305)) - Registered sink prometheus
2024-02-06 10:04:10,582 [main] INFO  server.SCMClientProtocolServer (SCMClientProtocolServer.java:start(203)) - RPC server for Client  is listening at /0.0.0.0:15356
2024-02-06 10:04:10,583 [IPC Server Responder] INFO  ipc.Server (Server.java:run(1562)) - IPC Server Responder: starting
2024-02-06 10:04:10,589 [IPC Server listener on 15356] INFO  ipc.Server (Server.java:run(1402)) - IPC Server listener on 15356: starting
2024-02-06 10:04:10,618 [main] INFO  server.StorageContainerManager (StorageContainerManager.java:start(1558)) - ScmBlockLocationProtocol RPC server is listening at /0.0.0.0:15357
2024-02-06 10:04:10,618 [main] INFO  server.SCMBlockProtocolServer (SCMBlockProtocolServer.java:start(160)) - RPC server for Block Protocol is listening at /0.0.0.0:15357
2024-02-06 10:04:10,619 [IPC Server Responder] INFO  ipc.Server (Server.java:run(1562)) - IPC Server Responder: starting
2024-02-06 10:04:10,619 [IPC Server listener on 15357] INFO  ipc.Server (Server.java:run(1402)) - IPC Server listener on 15357: starting
2024-02-06 10:04:10,626 [main] INFO  server.SCMDatanodeProtocolServer (SCMDatanodeProtocolServer.java:start(194)) - ScmDatanodeProtocol RPC server for DataNodes is listening at /0.0.0.0:15358
2024-02-06 10:04:10,627 [IPC Server Responder] INFO  ipc.Server (Server.java:run(1562)) - IPC Server Responder: starting
2024-02-06 10:04:10,627 [IPC Server listener on 15358] INFO  ipc.Server (Server.java:run(1402)) - IPC Server listener on 15358: starting
2024-02-06 10:04:10,636 [JvmPauseMonitor44] INFO  util.JvmPauseMonitor (JvmPauseMonitor.java:run(146)) - JvmPauseMonitor-ff31bb7e-d47e-425e-8a71-073f6e66f755: Started
2024-02-06 10:04:10,637 [main] INFO  http.BaseHttpServer (BaseHttpServer.java:newHttpServer2BuilderForOzone(223)) - Starting Web-server for scm at: http://0.0.0.0:15359
2024-02-06 10:04:10,637 [main] INFO  http.BaseHttpServer (BaseHttpServer.java:<init>(110)) - Hadoop Security Enabled: false Ozone Security Enabled: false Ozone HTTP Security Enabled: false 
2024-02-06 10:04:10,638 [main] WARN  server.AuthenticationFilter (AuthenticationFilter.java:constructSecretProvider(240)) - Unable to initialize FileSignerSecretProvider, falling back to use random secrets. Reason: Could not read signature secret file: /home/runner/hadoop-http-auth-signature-secret
2024-02-06 10:04:10,638 [main] INFO  http.HttpRequestLog (HttpRequestLog.java:getRequestLog(86)) - Http request log for http.requests.scm is not defined
2024-02-06 10:04:10,639 [main] INFO  http.HttpServer2 (HttpServer2.java:addGlobalFilter(1036)) - Added global filter 'safety' (class=org.apache.hadoop.hdds.server.http.HttpServer2$QuotingInputFilter)
2024-02-06 10:04:10,639 [main] INFO  http.HttpServer2 (HttpServer2.java:addFilter(1012)) - Added filter static_user_filter (class=org.apache.hadoop.http.lib.StaticUserWebFilter$StaticUserFilter) to context scm
2024-02-06 10:04:10,640 [main] INFO  http.HttpServer2 (HttpServer2.java:addFilter(1020)) - Added filter static_user_filter (class=org.apache.hadoop.http.lib.StaticUserWebFilter$StaticUserFilter) to context logs
2024-02-06 10:04:10,640 [main] INFO  http.HttpServer2 (HttpServer2.java:addFilter(1020)) - Added filter static_user_filter (class=org.apache.hadoop.http.lib.StaticUserWebFilter$StaticUserFilter) to context static
2024-02-06 10:04:10,640 [main] INFO  http.BaseHttpServer (BaseHttpServer.java:<init>(189)) - HTTP server of scm uses base directory /home/runner/work/ozone/ozone/hadoop-ozone/integration-test/target/test-dir/MiniOzoneClusterImpl-0ae4c21d-b8eb-4e36-9639-963ec8fb7de7/ozone-meta/webserver
2024-02-06 10:04:10,640 [main] INFO  http.HttpServer2 (HttpServer2.java:bindListener(1236)) - Jetty bound to port 15359
2024-02-06 10:04:10,640 [main] INFO  server.Server (Server.java:doStart(375)) - jetty-9.4.53.v20231009; built: 2023-10-09T12:29:09.265Z; git: 27bde00a0b95a1d5bbee0eae7984f891d2d0f8c9; jvm 1.8.0_402-b06
2024-02-06 10:04:10,641 [main] INFO  server.session (DefaultSessionIdManager.java:doStart(334)) - DefaultSessionIdManager workerName=node0
2024-02-06 10:04:10,641 [main] INFO  server.session (DefaultSessionIdManager.java:doStart(339)) - No SessionScavenger set, using defaults
2024-02-06 10:04:10,642 [main] INFO  server.session (HouseKeeper.java:startScavenging(132)) - node0 Scavenging every 660000ms
2024-02-06 10:04:10,642 [main] INFO  handler.ContextHandler (ContextHandler.java:doStart(921)) - Started o.e.j.s.ServletContextHandler@481545cf{logs,/logs,file:///home/runner/work/ozone/ozone/hadoop-ozone/integration-test/target/log,AVAILABLE}
2024-02-06 10:04:10,642 [main] INFO  handler.ContextHandler (ContextHandler.java:doStart(921)) - Started o.e.j.s.ServletContextHandler@4569b342{static,/static,file:///home/runner/work/ozone/ozone/hadoop-ozone/integration-test/target/test-classes/webapps/static,AVAILABLE}
2024-02-06 10:04:10,647 [main] INFO  handler.ContextHandler (ContextHandler.java:doStart(921)) - Started o.e.j.w.WebAppContext@57dd875a{scm,/,file:///home/runner/work/ozone/ozone/hadoop-ozone/integration-test/target/test-classes/webapps/scm/,AVAILABLE}{file:/home/runner/work/ozone/ozone/hadoop-ozone/integration-test/target/test-classes/webapps/scm}
2024-02-06 10:04:10,649 [main] INFO  server.AbstractConnector (AbstractConnector.java:doStart(333)) - Started ServerConnector@7066f4bc{HTTP/1.1, (http/1.1)}{0.0.0.0:15359}
2024-02-06 10:04:10,649 [main] INFO  server.Server (Server.java:doStart(415)) - Started @132698ms
2024-02-06 10:04:10,649 [main] WARN  impl.MetricsSystemImpl (MetricsSystemImpl.java:register(279)) - Sink prometheus already exists!
2024-02-06 10:04:10,650 [main] INFO  http.BaseHttpServer (BaseHttpServer.java:updateConnectorAddress(354)) - HTTP server of scm listening at http://0.0.0.0:15359
2024-02-06 10:04:10,650 [main] WARN  server.ServerUtils (ServerUtils.java:getDBPath(299)) - ozone.om.db.dirs is not configured. We recommend adding this setting. Falling back to ozone.metadata.dirs instead.
2024-02-06 10:04:10,651 [main] INFO  ha.OMHANodeDetails (OMHANodeDetails.java:loadOMHAConfig(115)) - ozone.om.internal.service.id is not defined, falling back to ozone.om.service.ids to find serviceID for OzoneManager if it is HA enabled cluster
2024-02-06 10:04:10,652 [main] INFO  ha.OMHANodeDetails (OMHANodeDetails.java:loadOMHAConfig(226)) - Configuration does not have ozone.om.address set. Falling back to the default OM address /127.0.0.1:15360
2024-02-06 10:04:10,652 [main] INFO  ha.OMHANodeDetails (OMHANodeDetails.java:getOMNodeDetailsForNonHA(254)) - OM Service ID is not set. Setting it to the default ID: omServiceIdDefault
2024-02-06 10:04:10,652 [main] INFO  ha.OMHANodeDetails (OMHANodeDetails.java:getOMNodeDetailsForNonHA(261)) - OM Node ID is not set. Setting it to the default ID: om1
2024-02-06 10:04:10,652 [main] WARN  server.ServerUtils (ServerUtils.java:getDBPath(299)) - ozone.om.db.dirs is not configured. We recommend adding this setting. Falling back to ozone.metadata.dirs instead.
2024-02-06 10:04:10,653 [main] INFO  upgrade.AbstractLayoutVersionManager (AbstractLayoutVersionManager.java:init(83)) - Initializing Layout version manager with metadata layout = QUOTA (version = 6), software layout = QUOTA (version = 6)
2024-02-06 10:04:10,684 [main] INFO  upgrade.OMLayoutVersionManager (OMLayoutVersionManager.java:lambda$0(113)) - Skipping Upgrade Action QuotaRepairUpgradeAction since it has been finalized.
2024-02-06 10:04:10,684 [main] INFO  upgrade.OMLayoutVersionManager (OMLayoutVersionManager.java:lambda$0(113)) - Skipping Upgrade Action MockOmUpgradeAction since it has been finalized.
2024-02-06 10:04:10,684 [main] WARN  server.ServerUtils (ServerUtils.java:getDBPath(299)) - ozone.om.db.dirs is not configured. We recommend adding this setting. Falling back to ozone.metadata.dirs instead.
2024-02-06 10:04:10,685 [main] INFO  proxy.SCMBlockLocationFailoverProxyProvider (SCMBlockLocationFailoverProxyProvider.java:<init>(115)) - Created block location fail-over proxy with 1 nodes: [nodeId=scmNodeId,nodeAddress=/0.0.0.0:15357]
2024-02-06 10:04:10,687 [main] INFO  proxy.SCMBlockLocationFailoverProxyProvider (SCMBlockLocationFailoverProxyProvider.java:<init>(115)) - Created block location fail-over proxy with 1 nodes: [nodeId=scmNodeId,nodeAddress=/0.0.0.0:15357]
2024-02-06 10:04:10,695 [main] INFO  om.OzoneManager (OzoneManager.java:<init>(673)) - OM start with adminUsers: [runner]
2024-02-06 10:04:10,696 [main] WARN  server.ServerUtils (ServerUtils.java:getDBPath(299)) - ozone.om.db.dirs is not configured. We recommend adding this setting. Falling back to ozone.metadata.dirs instead.
2024-02-06 10:04:10,696 [main] INFO  helpers.OmKeyInfo (OmKeyInfo.java:getCodec(71)) - OmKeyInfo.getCodec ignorePipeline = true
2024-02-06 10:04:10,847 [main] INFO  om.OzoneManager (OzoneManager.java:instantiateServices(805)) - S3 Multi-Tenancy is disabled
2024-02-06 10:04:10,847 [main] INFO  om.OmSnapshotManager (OmSnapshotManager.java:<init>(176)) - Ozone filesystem snapshot feature is enabled.
2024-02-06 10:04:10,847 [main] WARN  server.ServerUtils (ServerUtils.java:getDBPath(299)) - ozone.om.snapshot.diff.db.dir is not configured. We recommend adding this setting. Falling back to ozone.metadata.dirs instead.
2024-02-06 10:04:10,862 [main] INFO  utils.NativeLibraryLoader (NativeLibraryLoader.java:loadLibrary(108)) - Loading Library: ozone_rocksdb_tools
2024-02-06 10:04:10,862 [main] INFO  snapshot.SnapshotDiffManager (SnapshotDiffManager.java:closeExecutorService(1688)) - Shutting down executorService: 'SstDumpToolExecutor'
2024-02-06 10:04:10,864 [main] INFO  om.OzoneManager (OzoneManager.java:addS3GVolumeToDB(4429)) - Created Volume s3v With Owner runner required for S3Gateway operations.
2024-02-06 10:04:10,864 [main] WARN  server.ServerUtils (ServerUtils.java:getDefaultRatisDirectory(311)) - Storage directory for Ratis is not configured. It is a good idea to map this to an SSD disk. Falling back to ozone.metadata.dirs
2024-02-06 10:04:10,865 [main] WARN  utils.OzoneManagerRatisUtils (OzoneManagerRatisUtils.java:getOMRatisSnapshotDirectory(473)) - ozone.om.ratis.snapshot.dir is not configured. Falling back to ozone.metadata.dirs config
2024-02-06 10:04:10,865 [main] WARN  server.ServerUtils (ServerUtils.java:getDefaultRatisDirectory(311)) - Storage directory for Ratis is not configured. It is a good idea to map this to an SSD disk. Falling back to ozone.metadata.dirs
2024-02-06 10:04:10,866 [main] INFO  ratis.OzoneManagerRatisServer (OzoneManagerRatisServer.java:<init>(167)) - Instantiating OM Ratis server with groupID: omServiceIdDefault and peers: localhost:15363
2024-02-06 10:04:10,866 [main] INFO  ratis.OzoneManagerStateMachine (OzoneManagerStateMachine.java:loadSnapshotInfoFromDB(576)) - TransactionInfo not found in OM DB.
2024-02-06 10:04:10,866 [main] INFO  server.RaftServer (ConfUtils.java:logGet(46)) - raft.rpc.type = GRPC (default)
2024-02-06 10:04:10,867 [main] INFO  grpc.GrpcConfigKeys (ConfUtils.java:logFallback(53)) - raft.grpc.admin.host = null (fallback to raft.grpc.server.host)
2024-02-06 10:04:10,867 [main] INFO  grpc.GrpcConfigKeys (ConfUtils.java:logFallback(53)) - raft.grpc.admin.port = 15363 (fallback to raft.grpc.server.port)
2024-02-06 10:04:10,867 [main] INFO  grpc.GrpcConfigKeys (ConfUtils.java:logFallback(53)) - raft.grpc.client.host = null (fallback to raft.grpc.server.host)
2024-02-06 10:04:10,867 [main] INFO  grpc.GrpcConfigKeys (ConfUtils.java:logFallback(53)) - raft.grpc.client.port = 15363 (fallback to raft.grpc.server.port)
2024-02-06 10:04:10,867 [main] INFO  grpc.GrpcConfigKeys (ConfUtils.java:logGet(46)) - raft.grpc.server.host = null (default)
2024-02-06 10:04:10,868 [main] INFO  grpc.GrpcConfigKeys (ConfUtils.java:logGet(46)) - raft.grpc.server.port = 15363 (custom)
2024-02-06 10:04:10,868 [main] INFO  server.GrpcService (ConfUtils.java:logGet(46)) - raft.grpc.message.size.max = 4194304 (custom)
2024-02-06 10:04:10,868 [main] INFO  server.RaftServerConfigKeys (ConfUtils.java:logGet(46)) - raft.server.log.appender.buffer.byte-limit = 4194304 (custom)
2024-02-06 10:04:10,868 [main] INFO  server.GrpcService (ConfUtils.java:logGet(46)) - raft.grpc.flow.control.window = 1MB (=1048576) (default)
2024-02-06 10:04:10,868 [main] INFO  server.RaftServerConfigKeys (ConfUtils.java:logGet(46)) - raft.server.rpc.request.timeout = 3000ms (default)
2024-02-06 10:04:10,868 [main] INFO  grpc.GrpcConfigKeys (ConfUtils.java:logGet(46)) - raft.grpc.server.heartbeat.channel = true (default)
2024-02-06 10:04:10,868 [main] INFO  grpc.GrpcConfigKeys (ConfUtils.java:logGet(46)) - raft.grpc.server.async.request.thread.pool.cached = true (default)
2024-02-06 10:04:10,869 [main] INFO  grpc.GrpcConfigKeys (ConfUtils.java:logGet(46)) - raft.grpc.server.async.request.thread.pool.size = 32 (default)
2024-02-06 10:04:10,870 [main] INFO  impl.DataStreamServerImpl (ConfUtils.java:logGet(46)) - raft.datastream.type = DISABLED (default)
2024-02-06 10:04:10,870 [main] INFO  server.RaftServerConfigKeys (ConfUtils.java:logGet(46)) - raft.server.sleep.deviation.threshold = 300ms (default)
2024-02-06 10:04:10,870 [main] INFO  server.RaftServerConfigKeys (ConfUtils.java:logGet(46)) - raft.server.close.threshold = 60s (default)
2024-02-06 10:04:10,870 [main] INFO  server.RaftServerConfigKeys (ConfUtils.java:logGet(46)) - raft.server.leaderelection.leader.step-down.wait-time = 10s (default)
2024-02-06 10:04:10,870 [main] INFO  server.RaftServerConfigKeys (ConfUtils.java:logGet(46)) - raft.server.storage.dir = [/home/runner/work/ozone/ozone/hadoop-ozone/integration-test/target/test-dir/MiniOzoneClusterImpl-0ae4c21d-b8eb-4e36-9639-963ec8fb7de7/ozone-meta/ratis] (custom)
2024-02-06 10:04:10,870 [main] INFO  server.RaftServerConfigKeys (ConfUtils.java:logGet(46)) - raft.server.threadpool.proxy.cached = true (default)
2024-02-06 10:04:10,870 [main] INFO  server.RaftServerConfigKeys (ConfUtils.java:logGet(46)) - raft.server.threadpool.proxy.size = 0 (default)
2024-02-06 10:04:10,871 [main] INFO  server.RaftServer (RaftServerProxy.java:addNew(100)) - om1: addNew group-C5BA1605619E:[om1|localhost:15363] returns group-C5BA1605619E:java.util.concurrent.CompletableFuture@47983b44[Not completed]
2024-02-06 10:04:10,871 [main] INFO  om.OzoneManager (OzoneManager.java:initializeRatisServer(2141)) - OzoneManager Ratis server initialized at port 15363
2024-02-06 10:04:10,871 [om1-groupManagement] INFO  server.RaftServer$Division (RaftServerImpl.java:<init>(256)) - om1: new RaftServerImpl for group-C5BA1605619E:[om1|localhost:15363] with OzoneManagerStateMachine:uninitialized
2024-02-06 10:04:10,871 [main] INFO  om.OzoneManager (OzoneManager.java:getRpcServer(1207)) - Creating RPC Server
2024-02-06 10:04:10,871 [om1-groupManagement] INFO  server.RaftServerConfigKeys (ConfUtils.java:logGet(46)) - raft.server.rpc.timeout.min = 1s (custom)
2024-02-06 10:04:10,872 [om1-groupManagement] INFO  server.RaftServerConfigKeys (ConfUtils.java:logGet(46)) - raft.server.rpc.timeout.max = 1200ms (custom)
2024-02-06 10:04:10,872 [om1-groupManagement] INFO  server.RaftServerConfigKeys (ConfUtils.java:logGet(46)) - raft.server.rpc.sleep.time = 25ms (default)
2024-02-06 10:04:10,872 [om1-groupManagement] INFO  server.RaftServerConfigKeys (ConfUtils.java:logGet(46)) - raft.server.rpc.slowness.timeout = 120s (custom)
2024-02-06 10:04:10,872 [om1-groupManagement] INFO  server.RaftServerConfigKeys (ConfUtils.java:logGet(46)) - raft.server.leaderelection.leader.step-down.wait-time = 10s (default)
2024-02-06 10:04:10,872 [om1-groupManagement] INFO  server.RaftServerConfigKeys (ConfUtils.java:logGet(46)) - raft.server.leaderelection.member.majority-add = false (default)
2024-02-06 10:04:10,872 [om1-groupManagement] INFO  server.RaftServerConfigKeys (ConfUtils.java:logGet(46)) - raft.server.sleep.deviation.threshold = 300ms (default)
2024-02-06 10:04:10,872 [om1-groupManagement] INFO  server.RaftServer$Division (ServerState.java:<init>(113)) - om1@group-C5BA1605619E: ConfigurationManager, init=-1: peers:[om1|localhost:15363]|listeners:[], old=null, confs=<EMPTY_MAP>
2024-02-06 10:04:10,872 [om1-groupManagement] INFO  server.RaftServerConfigKeys (ConfUtils.java:logGet(46)) - raft.server.notification.no-leader.timeout = 120s (custom)
2024-02-06 10:04:10,872 [om1-groupManagement] INFO  server.RaftServerConfigKeys (ConfUtils.java:logGet(46)) - raft.server.read.timeout = 10s (default)
2024-02-06 10:04:10,872 [om1-groupManagement] INFO  server.RaftServerConfigKeys (ConfUtils.java:logGet(46)) - raft.server.retrycache.expirytime = 300s (custom)
2024-02-06 10:04:10,872 [om1-groupManagement] INFO  server.RaftServerConfigKeys (ConfUtils.java:logGet(46)) - raft.server.retrycache.statistics.expirytime = 100ms (default)
2024-02-06 10:04:10,872 [om1-groupManagement] INFO  server.RaftServerConfigKeys (ConfUtils.java:logGet(46)) - raft.server.read.option = DEFAULT (default)
2024-02-06 10:04:10,872 [om1-groupManagement] INFO  server.RaftServerConfigKeys (ConfUtils.java:logGet(46)) - raft.server.read.read-after-write-consistent.write-index-cache.expiry-time = 60s (default)
2024-02-06 10:04:10,873 [om1-groupManagement] INFO  server.RaftServerConfigKeys (ConfUtils.java:logGet(46)) - raft.server.rpc.request.timeout = 3000ms (default)
2024-02-06 10:04:10,873 [om1-groupManagement] INFO  server.RaftServerConfigKeys (ConfUtils.java:logGet(46)) - raft.server.log.appender.install.snapshot.enabled = false (custom)
2024-02-06 10:04:10,873 [om1-groupManagement] INFO  server.RaftServerConfigKeys (ConfUtils.java:logGet(46)) - raft.server.threadpool.server.cached = true (default)
2024-02-06 10:04:10,873 [om1-groupManagement] INFO  server.RaftServerConfigKeys (ConfUtils.java:logGet(46)) - raft.server.threadpool.server.size = 0 (default)
2024-02-06 10:04:10,873 [om1-groupManagement] INFO  server.RaftServerConfigKeys (ConfUtils.java:logGet(46)) - raft.server.threadpool.client.cached = true (default)
2024-02-06 10:04:10,873 [om1-groupManagement] INFO  server.RaftServerConfigKeys (ConfUtils.java:logGet(46)) - raft.server.threadpool.client.size = 0 (default)
2024-02-06 10:04:11,056 [main] INFO  ipc.CallQueueManager (CallQueueManager.java:<init>(90)) - Using callQueue: class java.util.concurrent.LinkedBlockingQueue, queueCapacity: 2000, scheduler: class org.apache.hadoop.ipc.DefaultRpcScheduler, ipcBackoff: false.
2024-02-06 10:04:11,057 [main] INFO  ipc.Server (Server.java:<init>(1287)) - Listener at 127.0.0.1:15360
2024-02-06 10:04:11,057 [Socket Reader #1 for port 15360] INFO  ipc.Server (Server.java:run(1323)) - Starting Socket Reader #1 for port 15360
2024-02-06 10:04:11,071 [main] INFO  impl.MetricsSystemImpl (MetricsSystemImpl.java:init(158)) - OzoneManager metrics system started (again)
2024-02-06 10:04:11,078 [main] INFO  om.OzoneManager (OzoneManager.java:start(1629)) - OzoneManager RPC server is listening at localhost/127.0.0.1:15360
2024-02-06 10:04:11,078 [main] INFO  ratis.OzoneManagerRatisServer (OzoneManagerRatisServer.java:start(588)) - Starting OzoneManagerRatisServer om1 at port 15363
2024-02-06 10:04:11,078 [om1-impl-thread1] INFO  server.RaftServerConfigKeys (ConfUtils.java:logGet(46)) - raft.server.storage.free-space.min = 0MB (=0) (default)
2024-02-06 10:04:11,078 [om1-impl-thread1] INFO  server.RaftServerConfigKeys (ConfUtils.java:logGet(46)) - raft.server.log.corruption.policy = EXCEPTION (default)
2024-02-06 10:04:11,079 [om1-impl-thread1] INFO  server.RaftServerConfigKeys (ConfUtils.java:logGet(46)) - raft.server.storage.dir = [/home/runner/work/ozone/ozone/hadoop-ozone/integration-test/target/test-dir/MiniOzoneClusterImpl-0ae4c21d-b8eb-4e36-9639-963ec8fb7de7/ozone-meta/ratis] (custom)
2024-02-06 10:04:11,079 [om1-impl-thread1] INFO  storage.RaftStorageDirectory (RaftStorageDirectoryImpl.java:analyzeStorage(138)) - The storage directory /home/runner/work/ozone/ozone/hadoop-ozone/integration-test/target/test-dir/MiniOzoneClusterImpl-0ae4c21d-b8eb-4e36-9639-963ec8fb7de7/ozone-meta/ratis/bf265839-605b-3f16-9796-c5ba1605619e does not exist. Creating ...
2024-02-06 10:04:11,080 [om1-impl-thread1] INFO  storage.RaftStorageDirectory (RaftStorageDirectoryImpl.java:tryLock(228)) - Lock on /home/runner/work/ozone/ozone/hadoop-ozone/integration-test/target/test-dir/MiniOzoneClusterImpl-0ae4c21d-b8eb-4e36-9639-963ec8fb7de7/ozone-meta/ratis/bf265839-605b-3f16-9796-c5ba1605619e/in_use.lock acquired by nodename 37157@fv-az776-296
2024-02-06 10:04:11,081 [om1-impl-thread1] INFO  storage.RaftStorage (RaftStorageImpl.java:format(99)) - Storage directory /home/runner/work/ozone/ozone/hadoop-ozone/integration-test/target/test-dir/MiniOzoneClusterImpl-0ae4c21d-b8eb-4e36-9639-963ec8fb7de7/ozone-meta/ratis/bf265839-605b-3f16-9796-c5ba1605619e has been successfully formatted.
2024-02-06 10:04:11,081 [om1-impl-thread1] WARN  util.FileUtils (LogUtils.java:supplyAndLog(63)) - Failed to Files.newInputStream /home/runner/work/ozone/ozone/hadoop-ozone/integration-test/target/test-dir/MiniOzoneClusterImpl-0ae4c21d-b8eb-4e36-9639-963ec8fb7de7/ozone-meta/ratis/bf265839-605b-3f16-9796-c5ba1605619e/current/raft-meta.conf with options []: java.nio.file.NoSuchFileException: /home/runner/work/ozone/ozone/hadoop-ozone/integration-test/target/test-dir/MiniOzoneClusterImpl-0ae4c21d-b8eb-4e36-9639-963ec8fb7de7/ozone-meta/ratis/bf265839-605b-3f16-9796-c5ba1605619e/current/raft-meta.conf
2024-02-06 10:04:11,081 [om1-impl-thread1] INFO  server.RaftServerConfigKeys (ConfUtils.java:logGet(46)) - raft.server.log.use.memory = false (default)
2024-02-06 10:04:11,081 [om1-impl-thread1] INFO  server.RaftServerConfigKeys (ConfUtils.java:logGet(46)) - raft.server.log.purge.gap = 1000000 (custom)
2024-02-06 10:04:11,081 [om1-impl-thread1] INFO  server.RaftServerConfigKeys (ConfUtils.java:logGet(46)) - raft.server.log.appender.buffer.byte-limit = 4194304 (custom)
2024-02-06 10:04:11,082 [om1-impl-thread1] INFO  server.RaftServerConfigKeys (ConfUtils.java:logGet(46)) - raft.server.log.statemachine.data.read.timeout = 1000ms (default)
2024-02-06 10:04:11,082 [om1-impl-thread1] INFO  server.RaftServerConfigKeys (ConfUtils.java:logGet(46)) - raft.server.log.purge.preservation.log.num = 0 (default)
2024-02-06 10:04:11,082 [om1-impl-thread1] INFO  server.RaftServerConfigKeys (ConfUtils.java:logGet(46)) - raft.server.log.segment.size.max = 4194304 (custom)
2024-02-06 10:04:11,082 [om1-impl-thread1] INFO  server.RaftServerConfigKeys (ConfUtils.java:logGet(46)) - raft.server.log.segment.cache.num.max = 2 (custom)
2024-02-06 10:04:11,082 [om1-impl-thread1] INFO  server.RaftServerConfigKeys (ConfUtils.java:logGet(46)) - raft.server.log.segment.cache.size.max = 200MB (=209715200) (default)
2024-02-06 10:04:11,082 [om1-impl-thread1] INFO  server.RaftServerConfigKeys (ConfUtils.java:logGet(46)) - raft.server.log.appender.buffer.byte-limit = 4194304 (custom)
2024-02-06 10:04:11,083 [om1-impl-thread1] INFO  util.AwaitToRun (AwaitToRun.java:start(81)) - Thread[om1@group-C5BA1605619E-cacheEviction-AwaitToRun,5,main] started
2024-02-06 10:04:11,083 [om1-impl-thread1] INFO  segmented.SegmentedRaftLogWorker (SegmentedRaftLogWorker.java:<init>(182)) - new om1@group-C5BA1605619E-SegmentedRaftLogWorker for RaftStorageImpl:Storage Directory /home/runner/work/ozone/ozone/hadoop-ozone/integration-test/target/test-dir/MiniOzoneClusterImpl-0ae4c21d-b8eb-4e36-9639-963ec8fb7de7/ozone-meta/ratis/bf265839-605b-3f16-9796-c5ba1605619e
2024-02-06 10:04:11,083 [om1-impl-thread1] INFO  server.RaftServerConfigKeys (ConfUtils.java:logGet(46)) - raft.server.log.queue.byte-limit = 64MB (=67108864) (default)
2024-02-06 10:04:11,083 [om1-impl-thread1] INFO  server.RaftServerConfigKeys (ConfUtils.java:logGet(46)) - raft.server.log.queue.element-limit = 4096 (default)
2024-02-06 10:04:11,083 [om1-impl-thread1] INFO  server.RaftServerConfigKeys (ConfUtils.java:logGet(46)) - raft.server.log.segment.size.max = 4194304 (custom)
2024-02-06 10:04:11,083 [om1-impl-thread1] INFO  server.RaftServerConfigKeys (ConfUtils.java:logGet(46)) - raft.server.log.preallocated.size = 4194304 (custom)
2024-02-06 10:04:11,083 [om1-impl-thread1] INFO  server.RaftServerConfigKeys (ConfUtils.java:logGet(46)) - raft.server.log.force.sync.num = 128 (default)
2024-02-06 10:04:11,083 [om1-impl-thread1] INFO  server.RaftServerConfigKeys (ConfUtils.java:logGet(46)) - raft.server.log.statemachine.data.sync = true (default)
2024-02-06 10:04:11,083 [om1-impl-thread1] INFO  server.RaftServerConfigKeys (ConfUtils.java:logGet(46)) - raft.server.log.statemachine.data.sync.timeout = 10s (default)
2024-02-06 10:04:11,083 [om1-impl-thread1] INFO  server.RaftServerConfigKeys (ConfUtils.java:logGet(46)) - raft.server.log.statemachine.data.sync.timeout.retry = -1 (default)
2024-02-06 10:04:11,083 [om1-impl-thread1] INFO  server.RaftServerConfigKeys (ConfUtils.java:logGet(46)) - raft.server.log.write.buffer.size = 4194312 (custom)
2024-02-06 10:04:11,084 [om1-impl-thread1] INFO  server.RaftServerConfigKeys (ConfUtils.java:logGet(46)) - raft.server.log.appender.buffer.byte-limit = 4194304 (custom)
2024-02-06 10:04:11,084 [om1-impl-thread1] INFO  server.RaftServerConfigKeys (ConfUtils.java:logGet(46)) - raft.server.log.unsafe-flush.enabled = false (default)
2024-02-06 10:04:11,084 [om1-impl-thread1] INFO  server.RaftServerConfigKeys (ConfUtils.java:logGet(46)) - raft.server.log.async-flush.enabled = false (default)
2024-02-06 10:04:11,084 [om1-impl-thread1] INFO  server.RaftServerConfigKeys (ConfUtils.java:logGet(46)) - raft.server.log.statemachine.data.caching.enabled = false (default)
2024-02-06 10:04:11,085 [om1-impl-thread1] INFO  segmented.SegmentedRaftLogWorker (SegmentedRaftLogWorker.java:lambda$new$0(134)) - om1@group-C5BA1605619E-SegmentedRaftLogWorker: flushIndex: setUnconditionally 0 -> -1
2024-02-06 10:04:11,085 [om1-impl-thread1] INFO  segmented.SegmentedRaftLogWorker (SegmentedRaftLogWorker.java:lambda$new$0(134)) - om1@group-C5BA1605619E-SegmentedRaftLogWorker: safeCacheEvictIndex: setUnconditionally 0 -> -1
2024-02-06 10:04:11,085 [om1-impl-thread1] INFO  server.RaftServer$Division (RaftServerImpl.java:start(396)) - om1@group-C5BA1605619E: start as a follower, conf=-1: peers:[om1|localhost:15363]|listeners:[], old=null
2024-02-06 10:04:11,085 [om1-impl-thread1] INFO  server.RaftServer$Division (RaftServerImpl.java:setRole(383)) - om1@group-C5BA1605619E: changes role from      null to FOLLOWER at term 0 for startAsFollower
2024-02-06 10:04:11,085 [om1-impl-thread1] INFO  impl.RoleInfo (RoleInfo.java:updateAndGet(139)) - om1: start om1@group-C5BA1605619E-FollowerState
2024-02-06 10:04:11,085 [om1@group-C5BA1605619E-FollowerState] INFO  server.RaftServerConfigKeys (ConfUtils.java:logFallback(53)) - raft.server.rpc.first-election.timeout.min = 1s (fallback to raft.server.rpc.timeout.min)
2024-02-06 10:04:11,085 [om1-impl-thread1] INFO  util.JmxRegister (JmxRegister.java:tryRegister(44)) - Successfully registered JMX Bean with object name Ratis:service=RaftServer,group=group-C5BA1605619E,id=om1
2024-02-06 10:04:11,085 [om1@group-C5BA1605619E-FollowerState] INFO  server.RaftServerConfigKeys (ConfUtils.java:logFallback(53)) - raft.server.rpc.first-election.timeout.max = 1200ms (fallback to raft.server.rpc.timeout.max)
2024-02-06 10:04:11,085 [om1-impl-thread1] INFO  server.RaftServerConfigKeys (ConfUtils.java:logGet(46)) - raft.server.snapshot.trigger-when-stop.enabled = true (default)
2024-02-06 10:04:11,085 [om1-impl-thread1] INFO  server.RaftServerConfigKeys (ConfUtils.java:logGet(46)) - raft.server.snapshot.auto.trigger.enabled = true (custom)
2024-02-06 10:04:11,086 [om1-impl-thread1] INFO  server.RaftServerConfigKeys (ConfUtils.java:logGet(46)) - raft.server.snapshot.auto.trigger.threshold = 400000 (default)
2024-02-06 10:04:11,086 [om1-impl-thread1] INFO  server.RaftServerConfigKeys (ConfUtils.java:logGet(46)) - raft.server.snapshot.retention.file.num = -1 (default)
2024-02-06 10:04:11,086 [om1-impl-thread1] INFO  server.RaftServerConfigKeys (ConfUtils.java:logGet(46)) - raft.server.log.purge.upto.snapshot.index = true (custom)
2024-02-06 10:04:11,086 [main] INFO  server.RaftServer (RaftServerProxy.java:startImpl(406)) - om1: start RPC server
2024-02-06 10:04:11,087 [main] INFO  server.GrpcService (GrpcService.java:startImpl(302)) - om1: GrpcService started, listening on 15363
2024-02-06 10:04:11,087 [JvmPauseMonitor45] INFO  util.JvmPauseMonitor (JvmPauseMonitor.java:run(146)) - JvmPauseMonitor-om1: Started
2024-02-06 10:04:11,087 [main] INFO  om.OzoneManager (OzoneManager.java:start(1645)) - Version File has different layout version (6) than OM DB (null). That is expected if this OM has never been finalized to a newer layout version.
2024-02-06 10:04:11,090 [main] INFO  http.BaseHttpServer (BaseHttpServer.java:newHttpServer2BuilderForOzone(223)) - Starting Web-server for ozoneManager at: http://0.0.0.0:15361
2024-02-06 10:04:11,090 [main] INFO  http.BaseHttpServer (BaseHttpServer.java:<init>(110)) - Hadoop Security Enabled: false Ozone Security Enabled: false Ozone HTTP Security Enabled: false 
2024-02-06 10:04:11,091 [main] WARN  server.AuthenticationFilter (AuthenticationFilter.java:constructSecretProvider(240)) - Unable to initialize FileSignerSecretProvider, falling back to use random secrets. Reason: Could not read signature secret file: /home/runner/hadoop-http-auth-signature-secret
2024-02-06 10:04:11,091 [main] INFO  http.HttpRequestLog (HttpRequestLog.java:getRequestLog(86)) - Http request log for http.requests.ozoneManager is not defined
2024-02-06 10:04:11,092 [main] INFO  http.HttpServer2 (HttpServer2.java:addGlobalFilter(1036)) - Added global filter 'safety' (class=org.apache.hadoop.hdds.server.http.HttpServer2$QuotingInputFilter)
2024-02-06 10:04:11,092 [main] INFO  http.HttpServer2 (HttpServer2.java:addFilter(1012)) - Added filter static_user_filter (class=org.apache.hadoop.http.lib.StaticUserWebFilter$StaticUserFilter) to context ozoneManager
2024-02-06 10:04:11,092 [main] INFO  http.HttpServer2 (HttpServer2.java:addFilter(1020)) - Added filter static_user_filter (class=org.apache.hadoop.http.lib.StaticUserWebFilter$StaticUserFilter) to context static
2024-02-06 10:04:11,092 [main] INFO  http.HttpServer2 (HttpServer2.java:addFilter(1020)) - Added filter static_user_filter (class=org.apache.hadoop.http.lib.StaticUserWebFilter$StaticUserFilter) to context logs
2024-02-06 10:04:11,093 [main] INFO  http.BaseHttpServer (BaseHttpServer.java:<init>(189)) - HTTP server of ozoneManager uses base directory /home/runner/work/ozone/ozone/hadoop-ozone/integration-test/target/test-dir/MiniOzoneClusterImpl-0ae4c21d-b8eb-4e36-9639-963ec8fb7de7/ozone-meta/webserver
2024-02-06 10:04:11,093 [main] INFO  http.HttpServer2 (HttpServer2.java:bindListener(1236)) - Jetty bound to port 15361
2024-02-06 10:04:11,093 [main] INFO  server.Server (Server.java:doStart(375)) - jetty-9.4.53.v20231009; built: 2023-10-09T12:29:09.265Z; git: 27bde00a0b95a1d5bbee0eae7984f891d2d0f8c9; jvm 1.8.0_402-b06
2024-02-06 10:04:11,094 [main] INFO  server.session (DefaultSessionIdManager.java:doStart(334)) - DefaultSessionIdManager workerName=node0
2024-02-06 10:04:11,094 [main] INFO  server.session (DefaultSessionIdManager.java:doStart(339)) - No SessionScavenger set, using defaults
2024-02-06 10:04:11,094 [main] INFO  server.session (HouseKeeper.java:startScavenging(132)) - node0 Scavenging every 660000ms
2024-02-06 10:04:11,095 [main] INFO  handler.ContextHandler (ContextHandler.java:doStart(921)) - Started o.e.j.s.ServletContextHandler@63a8e287{logs,/logs,file:///home/runner/work/ozone/ozone/hadoop-ozone/integration-test/target/log,AVAILABLE}
2024-02-06 10:04:11,095 [main] INFO  handler.ContextHandler (ContextHandler.java:doStart(921)) - Started o.e.j.s.ServletContextHandler@16a76bfe{static,/static,file:///home/runner/work/ozone/ozone/hadoop-ozone/integration-test/target/test-classes/webapps/static,AVAILABLE}
2024-02-06 10:04:11,097 [main] INFO  handler.ContextHandler (ContextHandler.java:doStart(921)) - Started o.e.j.w.WebAppContext@5248ad52{ozoneManager,/,file:///home/runner/work/ozone/ozone/hadoop-ozone/integration-test/target/test-classes/webapps/ozoneManager/,AVAILABLE}{file:/home/runner/work/ozone/ozone/hadoop-ozone/integration-test/target/test-classes/webapps/ozoneManager}
2024-02-06 10:04:11,098 [main] INFO  server.AbstractConnector (AbstractConnector.java:doStart(333)) - Started ServerConnector@da115eb{HTTP/1.1, (http/1.1)}{0.0.0.0:15361}
2024-02-06 10:04:11,099 [main] INFO  server.Server (Server.java:doStart(415)) - Started @133148ms
2024-02-06 10:04:11,099 [main] WARN  impl.MetricsSystemImpl (MetricsSystemImpl.java:register(279)) - Sink prometheus already exists!
2024-02-06 10:04:11,099 [main] INFO  http.BaseHttpServer (BaseHttpServer.java:updateConnectorAddress(354)) - HTTP server of ozoneManager listening at http://0.0.0.0:15361
2024-02-06 10:04:11,099 [IPC Server Responder] INFO  ipc.Server (Server.java:run(1562)) - IPC Server Responder: starting
2024-02-06 10:04:11,099 [IPC Server listener on 15360] INFO  ipc.Server (Server.java:run(1402)) - IPC Server listener on 15360: starting
2024-02-06 10:04:11,102 [main] INFO  om.OzoneManager (OzoneManager.java:startTrashEmptier(2094)) - Trash Interval set to 0. Files deleted won't move to trash
2024-02-06 10:04:11,117 [main] WARN  dropwizard3.Dm3MetricRegistriesImpl (Dm3MetricRegistriesImpl.java:addReporterRegistration(113)) - New reporters are added after registries were created. Some metrics will be missing from the reporter. Please add reporter before adding any new registry.
2024-02-06 10:04:11,117 [main] WARN  dropwizard3.Dm3MetricRegistriesImpl (Dm3MetricRegistriesImpl.java:addReporterRegistration(113)) - New reporters are added after registries were created. Some metrics will be missing from the reporter. Please add reporter before adding any new registry.
2024-02-06 10:04:11,118 [main] INFO  impl.MetricsSystemImpl (MetricsSystemImpl.java:init(158)) - HddsDatanode metrics system started (again)
2024-02-06 10:04:11,126 [main] INFO  ozone.HddsDatanodeService (HddsDatanodeService.java:start(240)) - HddsDatanodeService host:fv-az776-296 ip:10.1.0.5
2024-02-06 10:04:11,144 [main] INFO  upgrade.AbstractLayoutVersionManager (AbstractLayoutVersionManager.java:init(83)) - Initializing Layout version manager with metadata layout = HADOOP_PRC_PORTS_IN_DATANODEDETAILS (version = 7), software layout = HADOOP_PRC_PORTS_IN_DATANODEDETAILS (version = 7)
2024-02-06 10:04:11,144 [main] INFO  statemachine.DatanodeStateMachine (DatanodeStateMachine.java:getEndPointTaskThreadPoolSize(299)) - Datanode State Machine Task Thread Pool size 2
2024-02-06 10:04:11,145 [main] INFO  volume.HddsVolume (HddsVolume.java:<init>(125)) - Creating HddsVolume: /home/runner/work/ozone/ozone/hadoop-ozone/integration-test/target/test-dir/MiniOzoneClusterImpl-0ae4c21d-b8eb-4e36-9639-963ec8fb7de7/datanode-0/data-0/containers/hdds of storage type : DISK capacity : 9223372036854775807
2024-02-06 10:04:11,145 [main] INFO  volume.MutableVolumeSet (MutableVolumeSet.java:initializeVolumeSet(173)) - Added Volume : /home/runner/work/ozone/ozone/hadoop-ozone/integration-test/target/test-dir/MiniOzoneClusterImpl-0ae4c21d-b8eb-4e36-9639-963ec8fb7de7/datanode-0/data-0/containers/hdds to VolumeSet
2024-02-06 10:04:11,146 [main] INFO  volume.MutableVolumeSet (MutableVolumeSet.java:initializeVolumeSet(173)) - Added Volume : /home/runner/work/ozone/ozone/hadoop-ozone/integration-test/target/test-dir/MiniOzoneClusterImpl-0ae4c21d-b8eb-4e36-9639-963ec8fb7de7/datanode-0/data/ratis to VolumeSet
2024-02-06 10:04:11,146 [main] INFO  ozoneimpl.OzoneContainer (HddsVolumeUtil.java:loadAllHddsVolumeDbStore(103)) - Load 1 volumes DbStore cost: 0ms
2024-02-06 10:04:11,147 [main] INFO  server.RaftServer (ConfUtils.java:logGet(46)) - raft.rpc.type = GRPC (default)
2024-02-06 10:04:11,148 [main] INFO  grpc.GrpcConfigKeys (ConfUtils.java:logFallback(53)) - raft.grpc.admin.host = null (fallback to raft.grpc.server.host)
2024-02-06 10:04:11,148 [main] INFO  grpc.GrpcConfigKeys (ConfUtils.java:logGet(46)) - raft.grpc.admin.port = 15369 (custom)
2024-02-06 10:04:11,148 [main] INFO  grpc.GrpcConfigKeys (ConfUtils.java:logFallback(53)) - raft.grpc.client.host = null (fallback to raft.grpc.server.host)
2024-02-06 10:04:11,148 [main] INFO  grpc.GrpcConfigKeys (ConfUtils.java:logGet(46)) - raft.grpc.client.port = 15368 (custom)
2024-02-06 10:04:11,148 [main] INFO  grpc.GrpcConfigKeys (ConfUtils.java:logGet(46)) - raft.grpc.server.host = null (default)
2024-02-06 10:04:11,149 [main] INFO  grpc.GrpcConfigKeys (ConfUtils.java:logGet(46)) - raft.grpc.server.port = 15370 (custom)
2024-02-06 10:04:11,149 [main] INFO  server.GrpcService (ConfUtils.java:logGet(46)) - raft.grpc.message.size.max = 32MB (=33554432) (custom)
2024-02-06 10:04:11,149 [main] INFO  server.RaftServerConfigKeys (ConfUtils.java:logGet(46)) - raft.server.log.appender.buffer.byte-limit = 8388608 (custom)
2024-02-06 10:04:11,149 [main] INFO  server.GrpcService (ConfUtils.java:logGet(46)) - raft.grpc.flow.control.window = 5MB (=5242880) (custom)
2024-02-06 10:04:11,149 [main] INFO  server.RaftServerConfigKeys (ConfUtils.java:logGet(46)) - raft.server.rpc.request.timeout = 3000ms (default)
2024-02-06 10:04:11,150 [main] INFO  grpc.GrpcConfigKeys (ConfUtils.java:logGet(46)) - raft.grpc.server.heartbeat.channel = true (default)
2024-02-06 10:04:11,150 [main] INFO  grpc.GrpcConfigKeys (ConfUtils.java:logGet(46)) - raft.grpc.server.async.request.thread.pool.cached = true (default)
2024-02-06 10:04:11,150 [main] INFO  grpc.GrpcConfigKeys (ConfUtils.java:logGet(46)) - raft.grpc.server.async.request.thread.pool.size = 32 (default)
2024-02-06 10:04:11,152 [main] INFO  impl.DataStreamServerImpl (ConfUtils.java:logGet(46)) - raft.datastream.type = NETTY (custom)
2024-02-06 10:04:11,152 [main] INFO  server.RaftServerConfigKeys (ConfUtils.java:logGet(46)) - raft.server.data-stream.async.request.thread.pool.cached = false (default)
2024-02-06 10:04:11,152 [main] INFO  server.RaftServerConfigKeys (ConfUtils.java:logGet(46)) - raft.server.data-stream.async.request.thread.pool.size = 20 (custom)
2024-02-06 10:04:11,152 [main] INFO  server.RaftServerConfigKeys (ConfUtils.java:logGet(46)) - raft.server.data-stream.async.write.thread.pool.size = 16 (default)
2024-02-06 10:04:11,153 [main] INFO  netty.NettyConfigKeys$DataStream (ConfUtils.java:logGet(46)) - raft.netty.dataStream.server.channel.inactive.grace-period = 10min (default)
2024-02-06 10:04:11,153 [main] INFO  server.RaftServerConfigKeys (ConfUtils.java:logGet(46)) - raft.server.data-stream.client.pool.size = 10 (default)
2024-02-06 10:04:11,153 [main] INFO  netty.NettyConfigKeys$DataStream (ConfUtils.java:logGet(46)) - raft.netty.dataStream.server.use-epoll = true (default)
2024-02-06 10:04:11,153 [main] INFO  netty.NettyConfigKeys$DataStream (ConfUtils.java:logGet(46)) - raft.netty.dataStream.server.boss-group.size = 0 (default)
2024-02-06 10:04:11,153 [main] INFO  netty.NettyUtils (NettyUtils.java:newEventLoopGroup(69)) - Create EpollEventLoopGroup for d13a7932-20b5-4dc4-8f4e-9cfa29b5d703-NettyServerStreamRpc-bossGroup; Thread size is 0.
2024-02-06 10:04:11,154 [main] INFO  netty.NettyConfigKeys$DataStream (ConfUtils.java:logGet(46)) - raft.netty.dataStream.server.worker-group.size = 0 (default)
2024-02-06 10:04:11,154 [main] INFO  netty.NettyUtils (NettyUtils.java:newEventLoopGroup(69)) - Create EpollEventLoopGroup for d13a7932-20b5-4dc4-8f4e-9cfa29b5d703-NettyServerStreamRpc-workerGroup; Thread size is 0.
2024-02-06 10:04:11,154 [main] INFO  netty.NettyConfigKeys$DataStream (ConfUtils.java:logGet(46)) - raft.netty.dataStream.server.tls.conf = null (default)
2024-02-06 10:04:11,155 [main] INFO  netty.NettyConfigKeys$DataStream (ConfUtils.java:logGet(46)) - raft.netty.dataStream.host = null (default)
2024-02-06 10:04:11,155 [main] INFO  netty.NettyConfigKeys$DataStream (ConfUtils.java:logGet(46)) - raft.netty.dataStream.port = 15371 (custom)
2024-02-06 10:04:11,156 [main] INFO  server.RaftServerConfigKeys (ConfUtils.java:logGet(46)) - raft.server.sleep.deviation.threshold = 300ms (default)
2024-02-06 10:04:11,157 [d13a7932-20b5-4dc4-8f4e-9cfa29b5d703-NettyServerStreamRpc-bossGroup--thread1] INFO  logging.LoggingHandler (AbstractInternalLogger.java:log(148)) - [id: 0x790a14f1] REGISTERED
2024-02-06 10:04:11,157 [main] INFO  server.RaftServerConfigKeys (ConfUtils.java:logGet(46)) - raft.server.close.threshold = 60s (default)
2024-02-06 10:04:11,157 [d13a7932-20b5-4dc4-8f4e-9cfa29b5d703-NettyServerStreamRpc-bossGroup--thread1] INFO  logging.LoggingHandler (AbstractInternalLogger.java:log(148)) - [id: 0x790a14f1] BIND: 0.0.0.0/0.0.0.0:15371
2024-02-06 10:04:11,157 [main] INFO  server.RaftServerConfigKeys (ConfUtils.java:logGet(46)) - raft.server.leaderelection.leader.step-down.wait-time = 10s (default)
2024-02-06 10:04:11,157 [d13a7932-20b5-4dc4-8f4e-9cfa29b5d703-NettyServerStreamRpc-bossGroup--thread1] INFO  logging.LoggingHandler (AbstractInternalLogger.java:log(148)) - [id: 0x790a14f1, L:/0.0.0.0:15371] ACTIVE
2024-02-06 10:04:11,157 [main] INFO  server.RaftServerConfigKeys (ConfUtils.java:logGet(46)) - raft.server.storage.dir = [/home/runner/work/ozone/ozone/hadoop-ozone/integration-test/target/test-dir/MiniOzoneClusterImpl-0ae4c21d-b8eb-4e36-9639-963ec8fb7de7/datanode-0/data/ratis] (custom)
2024-02-06 10:04:11,157 [main] INFO  server.RaftServerConfigKeys (ConfUtils.java:logGet(46)) - raft.server.threadpool.proxy.cached = true (default)
2024-02-06 10:04:11,157 [main] INFO  server.RaftServerConfigKeys (ConfUtils.java:logGet(46)) - raft.server.threadpool.proxy.size = 0 (default)
2024-02-06 10:04:11,158 [d13a7932-20b5-4dc4-8f4e-9cfa29b5d703-impl-thread1] INFO  server.RaftServer (RaftServerProxy.java:initGroupDir(264)) - d13a7932-20b5-4dc4-8f4e-9cfa29b5d703: found a subdirectory /home/runner/work/ozone/ozone/hadoop-ozone/integration-test/target/test-dir/MiniOzoneClusterImpl-0ae4c21d-b8eb-4e36-9639-963ec8fb7de7/datanode-0/data/ratis/tmp
2024-02-06 10:04:11,158 [d13a7932-20b5-4dc4-8f4e-9cfa29b5d703-impl-thread1] INFO  server.RaftServer (RaftServerProxy.java:initGroupDir(269)) - d13a7932-20b5-4dc4-8f4e-9cfa29b5d703: The directory /home/runner/work/ozone/ozone/hadoop-ozone/integration-test/target/test-dir/MiniOzoneClusterImpl-0ae4c21d-b8eb-4e36-9639-963ec8fb7de7/datanode-0/data/ratis/tmp is not a group directory; ignoring it. 
2024-02-06 10:04:11,158 [main] INFO  replication.ReplicationServer (ReplicationServer.java:<init>(86)) - Initializing replication server with thread count = 10 queue length = 4096
2024-02-06 10:04:11,159 [main] INFO  server.XceiverServerGrpc (XceiverServerGrpc.java:<init>(141)) - GrpcServer channel type EpollServerSocketChannel
2024-02-06 10:04:11,160 [main] INFO  replication.ReplicationSupervisor (ReplicationSupervisor.java:build(163)) - Initializing replication supervisor with thread count = 10
2024-02-06 10:04:11,160 [main] INFO  replication.ReplicationSupervisor (ReplicationSupervisor.java:nodeStateUpdated(317)) - Node state updated to IN_SERVICE, scaling executor pool size to 10
2024-02-06 10:04:11,162 [main] INFO  http.BaseHttpServer (BaseHttpServer.java:newHttpServer2BuilderForOzone(223)) - Starting Web-server for hddsDatanode at: http://0.0.0.0:15365
2024-02-06 10:04:11,162 [main] INFO  http.BaseHttpServer (BaseHttpServer.java:<init>(110)) - Hadoop Security Enabled: false Ozone Security Enabled: false Ozone HTTP Security Enabled: false 
2024-02-06 10:04:11,163 [main] WARN  server.AuthenticationFilter (AuthenticationFilter.java:constructSecretProvider(240)) - Unable to initialize FileSignerSecretProvider, falling back to use random secrets. Reason: Could not read signature secret file: /home/runner/hadoop-http-auth-signature-secret
2024-02-06 10:04:11,163 [main] INFO  http.HttpRequestLog (HttpRequestLog.java:getRequestLog(86)) - Http request log for http.requests.hddsDatanode is not defined
2024-02-06 10:04:11,164 [main] INFO  http.HttpServer2 (HttpServer2.java:addGlobalFilter(1036)) - Added global filter 'safety' (class=org.apache.hadoop.hdds.server.http.HttpServer2$QuotingInputFilter)
2024-02-06 10:04:11,164 [main] INFO  http.HttpServer2 (HttpServer2.java:addFilter(1012)) - Added filter static_user_filter (class=org.apache.hadoop.http.lib.StaticUserWebFilter$StaticUserFilter) to context hddsDatanode
2024-02-06 10:04:11,164 [main] INFO  http.HttpServer2 (HttpServer2.java:addFilter(1020)) - Added filter static_user_filter (class=org.apache.hadoop.http.lib.StaticUserWebFilter$StaticUserFilter) to context logs
2024-02-06 10:04:11,164 [main] INFO  http.HttpServer2 (HttpServer2.java:addFilter(1020)) - Added filter static_user_filter (class=org.apache.hadoop.http.lib.StaticUserWebFilter$StaticUserFilter) to context static
2024-02-06 10:04:11,164 [main] INFO  http.BaseHttpServer (BaseHttpServer.java:<init>(189)) - HTTP server of hddsDatanode uses base directory /home/runner/work/ozone/ozone/hadoop-ozone/integration-test/target/test-dir/MiniOzoneClusterImpl-0ae4c21d-b8eb-4e36-9639-963ec8fb7de7/datanode-0/meta/webserver
2024-02-06 10:04:11,165 [main] INFO  http.HttpServer2 (HttpServer2.java:bindListener(1236)) - Jetty bound to port 15365
2024-02-06 10:04:11,165 [main] INFO  server.Server (Server.java:doStart(375)) - jetty-9.4.53.v20231009; built: 2023-10-09T12:29:09.265Z; git: 27bde00a0b95a1d5bbee0eae7984f891d2d0f8c9; jvm 1.8.0_402-b06
2024-02-06 10:04:11,165 [main] INFO  server.session (DefaultSessionIdManager.java:doStart(334)) - DefaultSessionIdManager workerName=node0
2024-02-06 10:04:11,165 [main] INFO  server.session (DefaultSessionIdManager.java:doStart(339)) - No SessionScavenger set, using defaults
2024-02-06 10:04:11,166 [main] INFO  server.session (HouseKeeper.java:startScavenging(132)) - node0 Scavenging every 660000ms
2024-02-06 10:04:11,166 [main] INFO  handler.ContextHandler (ContextHandler.java:doStart(921)) - Started o.e.j.s.ServletContextHandler@2546ec60{logs,/logs,file:///home/runner/work/ozone/ozone/hadoop-ozone/integration-test/target/log,AVAILABLE}
2024-02-06 10:04:11,166 [main] INFO  handler.ContextHandler (ContextHandler.java:doStart(921)) - Started o.e.j.s.ServletContextHandler@508fd8b1{static,/static,jar:file:/home/runner/.m2/repository/org/apache/ozone/hdds-container-service/1.5.0-SNAPSHOT/hdds-container-service-1.5.0-SNAPSHOT.jar!/webapps/static,AVAILABLE}
2024-02-06 10:04:11,197 [main] INFO  handler.ContextHandler (ContextHandler.java:doStart(921)) - Started o.e.j.w.WebAppContext@6bbb2572{hddsDatanode,/,file:///home/runner/work/ozone/ozone/hadoop-ozone/integration-test/target/test-dir/MiniOzoneClusterImpl-0ae4c21d-b8eb-4e36-9639-963ec8fb7de7/datanode-0/meta/webserver/jetty-0_0_0_0-15365-hdds-container-service-1_5_0-SNAPSHOT_jar-_-any-2542967652750344423/webapp/,AVAILABLE}{jar:file:/home/runner/.m2/repository/org/apache/ozone/hdds-container-service/1.5.0-SNAPSHOT/hdds-container-service-1.5.0-SNAPSHOT.jar!/webapps/hddsDatanode}
2024-02-06 10:04:11,199 [main] INFO  server.AbstractConnector (AbstractConnector.java:doStart(333)) - Started ServerConnector@5f181630{HTTP/1.1, (http/1.1)}{0.0.0.0:15365}
2024-02-06 10:04:11,199 [main] INFO  server.Server (Server.java:doStart(415)) - Started @133248ms
2024-02-06 10:04:11,199 [main] WARN  impl.MetricsSystemImpl (MetricsSystemImpl.java:register(279)) - Sink prometheus already exists!
2024-02-06 10:04:11,200 [main] INFO  http.BaseHttpServer (BaseHttpServer.java:updateConnectorAddress(354)) - HTTP server of hddsDatanode listening at http://0.0.0.0:15365
2024-02-06 10:04:11,200 [main] INFO  ipc.CallQueueManager (CallQueueManager.java:<init>(90)) - Using callQueue: class java.util.concurrent.LinkedBlockingQueue, queueCapacity: 100, scheduler: class org.apache.hadoop.ipc.DefaultRpcScheduler, ipcBackoff: false.
2024-02-06 10:04:11,200 [main] INFO  ipc.Server (Server.java:<init>(1287)) - Listener at 0.0.0.0:15366
2024-02-06 10:04:11,200 [Socket Reader #1 for port 15366] INFO  ipc.Server (Server.java:run(1323)) - Starting Socket Reader #1 for port 15366
2024-02-06 10:04:11,202 [main] INFO  ozone.HddsDatanodeService (HddsDatanodeService.java:start(327)) - Datanode start with admins: [runner]
2024-02-06 10:04:11,202 [main] INFO  ozone.HddsDatanodeClientProtocolServer (HddsDatanodeClientProtocolServer.java:start(72)) - RPC server for Client /0.0.0.0:15366
2024-02-06 10:04:11,202 [IPC Server Responder] INFO  ipc.Server (Server.java:run(1562)) - IPC Server Responder: starting
2024-02-06 10:04:11,202 [IPC Server listener on 15366] INFO  ipc.Server (Server.java:run(1402)) - IPC Server listener on 15366: starting
2024-02-06 10:04:11,204 [d13a7932-20b5-4dc4-8f4e-9cfa29b5d703-DatanodeStateMachineDaemonThread] INFO  statemachine.DatanodeStateMachine (DatanodeStateMachine.java:lambda$startDaemon$1(555)) - Ozone container server started.
2024-02-06 10:04:11,204 [main] WARN  dropwizard3.Dm3MetricRegistriesImpl (Dm3MetricRegistriesImpl.java:addReporterRegistration(113)) - New reporters are added after registries were created. Some metrics will be missing from the reporter. Please add reporter before adding any new registry.
2024-02-06 10:04:11,204 [main] WARN  dropwizard3.Dm3MetricRegistriesImpl (Dm3MetricRegistriesImpl.java:addReporterRegistration(113)) - New reporters are added after registries were created. Some metrics will be missing from the reporter. Please add reporter before adding any new registry.
2024-02-06 10:04:11,204 [main] INFO  impl.MetricsSystemImpl (MetricsSystemImpl.java:init(158)) - HddsDatanode metrics system started (again)
2024-02-06 10:04:11,206 [d13a7932-20b5-4dc4-8f4e-9cfa29b5d703-DatanodeStateMachineTaskThread-0] INFO  datanode.InitDatanodeState (InitDatanodeState.java:persistContainerDatanodeDetails(139)) - DatanodeDetails is persisted to /home/runner/work/ozone/ozone/hadoop-ozone/integration-test/target/test-dir/MiniOzoneClusterImpl-0ae4c21d-b8eb-4e36-9639-963ec8fb7de7/datanode-0/meta/datanode.id
2024-02-06 10:04:11,213 [main] INFO  ozone.HddsDatanodeService (HddsDatanodeService.java:start(240)) - HddsDatanodeService host:fv-az776-296 ip:10.1.0.5
2024-02-06 10:04:11,230 [main] INFO  upgrade.AbstractLayoutVersionManager (AbstractLayoutVersionManager.java:init(83)) - Initializing Layout version manager with metadata layout = HADOOP_PRC_PORTS_IN_DATANODEDETAILS (version = 7), software layout = HADOOP_PRC_PORTS_IN_DATANODEDETAILS (version = 7)
2024-02-06 10:04:11,230 [main] INFO  statemachine.DatanodeStateMachine (DatanodeStateMachine.java:getEndPointTaskThreadPoolSize(299)) - Datanode State Machine Task Thread Pool size 2
2024-02-06 10:04:11,231 [main] INFO  volume.HddsVolume (HddsVolume.java:<init>(125)) - Creating HddsVolume: /home/runner/work/ozone/ozone/hadoop-ozone/integration-test/target/test-dir/MiniOzoneClusterImpl-0ae4c21d-b8eb-4e36-9639-963ec8fb7de7/datanode-1/data-0/containers/hdds of storage type : DISK capacity : 9223372036854775807
2024-02-06 10:04:11,231 [main] INFO  volume.MutableVolumeSet (MutableVolumeSet.java:initializeVolumeSet(173)) - Added Volume : /home/runner/work/ozone/ozone/hadoop-ozone/integration-test/target/test-dir/MiniOzoneClusterImpl-0ae4c21d-b8eb-4e36-9639-963ec8fb7de7/datanode-1/data-0/containers/hdds to VolumeSet
2024-02-06 10:04:11,231 [main] INFO  volume.MutableVolumeSet (MutableVolumeSet.java:initializeVolumeSet(173)) - Added Volume : /home/runner/work/ozone/ozone/hadoop-ozone/integration-test/target/test-dir/MiniOzoneClusterImpl-0ae4c21d-b8eb-4e36-9639-963ec8fb7de7/datanode-1/data/ratis to VolumeSet
2024-02-06 10:04:11,232 [main] INFO  ozoneimpl.OzoneContainer (HddsVolumeUtil.java:loadAllHddsVolumeDbStore(103)) - Load 1 volumes DbStore cost: 0ms
2024-02-06 10:04:11,233 [main] INFO  server.RaftServer (ConfUtils.java:logGet(46)) - raft.rpc.type = GRPC (default)
2024-02-06 10:04:11,233 [main] INFO  grpc.GrpcConfigKeys (ConfUtils.java:logFallback(53)) - raft.grpc.admin.host = null (fallback to raft.grpc.server.host)
2024-02-06 10:04:11,233 [main] INFO  grpc.GrpcConfigKeys (ConfUtils.java:logGet(46)) - raft.grpc.admin.port = 15378 (custom)
2024-02-06 10:04:11,233 [main] INFO  grpc.GrpcConfigKeys (ConfUtils.java:logFallback(53)) - raft.grpc.client.host = null (fallback to raft.grpc.server.host)
2024-02-06 10:04:11,233 [main] INFO  grpc.GrpcConfigKeys (ConfUtils.java:logGet(46)) - raft.grpc.client.port = 15377 (custom)
2024-02-06 10:04:11,234 [main] INFO  grpc.GrpcConfigKeys (ConfUtils.java:logGet(46)) - raft.grpc.server.host = null (default)
2024-02-06 10:04:11,234 [main] INFO  grpc.GrpcConfigKeys (ConfUtils.java:logGet(46)) - raft.grpc.server.port = 15379 (custom)
2024-02-06 10:04:11,234 [main] INFO  server.GrpcService (ConfUtils.java:logGet(46)) - raft.grpc.message.size.max = 32MB (=33554432) (custom)
2024-02-06 10:04:11,234 [main] INFO  server.RaftServerConfigKeys (ConfUtils.java:logGet(46)) - raft.server.log.appender.buffer.byte-limit = 8388608 (custom)
2024-02-06 10:04:11,234 [main] INFO  server.GrpcService (ConfUtils.java:logGet(46)) - raft.grpc.flow.control.window = 5MB (=5242880) (custom)
2024-02-06 10:04:11,234 [main] INFO  server.RaftServerConfigKeys (ConfUtils.java:logGet(46)) - raft.server.rpc.request.timeout = 3000ms (default)
2024-02-06 10:04:11,234 [main] INFO  grpc.GrpcConfigKeys (ConfUtils.java:logGet(46)) - raft.grpc.server.heartbeat.channel = true (default)
2024-02-06 10:04:11,234 [main] INFO  grpc.GrpcConfigKeys (ConfUtils.java:logGet(46)) - raft.grpc.server.async.request.thread.pool.cached = true (default)
2024-02-06 10:04:11,234 [main] INFO  grpc.GrpcConfigKeys (ConfUtils.java:logGet(46)) - raft.grpc.server.async.request.thread.pool.size = 32 (default)
2024-02-06 10:04:11,236 [main] INFO  impl.DataStreamServerImpl (ConfUtils.java:logGet(46)) - raft.datastream.type = NETTY (custom)
2024-02-06 10:04:11,236 [main] INFO  server.RaftServerConfigKeys (ConfUtils.java:logGet(46)) - raft.server.data-stream.async.request.thread.pool.cached = false (default)
2024-02-06 10:04:11,236 [main] INFO  server.RaftServerConfigKeys (ConfUtils.java:logGet(46)) - raft.server.data-stream.async.request.thread.pool.size = 20 (custom)
2024-02-06 10:04:11,237 [main] INFO  server.RaftServerConfigKeys (ConfUtils.java:logGet(46)) - raft.server.data-stream.async.write.thread.pool.size = 16 (default)
2024-02-06 10:04:11,237 [main] INFO  netty.NettyConfigKeys$DataStream (ConfUtils.java:logGet(46)) - raft.netty.dataStream.server.channel.inactive.grace-period = 10min (default)
2024-02-06 10:04:11,237 [main] INFO  server.RaftServerConfigKeys (ConfUtils.java:logGet(46)) - raft.server.data-stream.client.pool.size = 10 (default)
2024-02-06 10:04:11,237 [main] INFO  netty.NettyConfigKeys$DataStream (ConfUtils.java:logGet(46)) - raft.netty.dataStream.server.use-epoll = true (default)
2024-02-06 10:04:11,237 [main] INFO  netty.NettyConfigKeys$DataStream (ConfUtils.java:logGet(46)) - raft.netty.dataStream.server.boss-group.size = 0 (default)
2024-02-06 10:04:11,237 [main] INFO  netty.NettyUtils (NettyUtils.java:newEventLoopGroup(69)) - Create EpollEventLoopGroup for 38b4019c-56e2-4267-a670-ebb45fd92c3a-NettyServerStreamRpc-bossGroup; Thread size is 0.
2024-02-06 10:04:11,237 [main] INFO  netty.NettyConfigKeys$DataStream (ConfUtils.java:logGet(46)) - raft.netty.dataStream.server.worker-group.size = 0 (default)
2024-02-06 10:04:11,238 [main] INFO  netty.NettyUtils (NettyUtils.java:newEventLoopGroup(69)) - Create EpollEventLoopGroup for 38b4019c-56e2-4267-a670-ebb45fd92c3a-NettyServerStreamRpc-workerGroup; Thread size is 0.
2024-02-06 10:04:11,238 [main] INFO  netty.NettyConfigKeys$DataStream (ConfUtils.java:logGet(46)) - raft.netty.dataStream.server.tls.conf = null (default)
2024-02-06 10:04:11,238 [main] INFO  netty.NettyConfigKeys$DataStream (ConfUtils.java:logGet(46)) - raft.netty.dataStream.host = null (default)
2024-02-06 10:04:11,238 [main] INFO  netty.NettyConfigKeys$DataStream (ConfUtils.java:logGet(46)) - raft.netty.dataStream.port = 15380 (custom)
2024-02-06 10:04:11,238 [main] INFO  server.RaftServerConfigKeys (ConfUtils.java:logGet(46)) - raft.server.sleep.deviation.threshold = 300ms (default)
2024-02-06 10:04:11,238 [38b4019c-56e2-4267-a670-ebb45fd92c3a-NettyServerStreamRpc-bossGroup--thread1] INFO  logging.LoggingHandler (AbstractInternalLogger.java:log(148)) - [id: 0x287ac962] REGISTERED
2024-02-06 10:04:11,239 [main] INFO  server.RaftServerConfigKeys (ConfUtils.java:logGet(46)) - raft.server.close.threshold = 60s (default)
2024-02-06 10:04:11,239 [38b4019c-56e2-4267-a670-ebb45fd92c3a-NettyServerStreamRpc-bossGroup--thread1] INFO  logging.LoggingHandler (AbstractInternalLogger.java:log(148)) - [id: 0x287ac962] BIND: 0.0.0.0/0.0.0.0:15380
2024-02-06 10:04:11,239 [main] INFO  server.RaftServerConfigKeys (ConfUtils.java:logGet(46)) - raft.server.leaderelection.leader.step-down.wait-time = 10s (default)
2024-02-06 10:04:11,239 [38b4019c-56e2-4267-a670-ebb45fd92c3a-NettyServerStreamRpc-bossGroup--thread1] INFO  logging.LoggingHandler (AbstractInternalLogger.java:log(148)) - [id: 0x287ac962, L:/0.0.0.0:15380] ACTIVE
2024-02-06 10:04:11,239 [main] INFO  server.RaftServerConfigKeys (ConfUtils.java:logGet(46)) - raft.server.storage.dir = [/home/runner/work/ozone/ozone/hadoop-ozone/integration-test/target/test-dir/MiniOzoneClusterImpl-0ae4c21d-b8eb-4e36-9639-963ec8fb7de7/datanode-1/data/ratis] (custom)
2024-02-06 10:04:11,239 [main] INFO  server.RaftServerConfigKeys (ConfUtils.java:logGet(46)) - raft.server.threadpool.proxy.cached = true (default)
2024-02-06 10:04:11,239 [main] INFO  server.RaftServerConfigKeys (ConfUtils.java:logGet(46)) - raft.server.threadpool.proxy.size = 0 (default)
2024-02-06 10:04:11,240 [38b4019c-56e2-4267-a670-ebb45fd92c3a-impl-thread1] INFO  server.RaftServer (RaftServerProxy.java:initGroupDir(264)) - 38b4019c-56e2-4267-a670-ebb45fd92c3a: found a subdirectory /home/runner/work/ozone/ozone/hadoop-ozone/integration-test/target/test-dir/MiniOzoneClusterImpl-0ae4c21d-b8eb-4e36-9639-963ec8fb7de7/datanode-1/data/ratis/tmp
2024-02-06 10:04:11,240 [38b4019c-56e2-4267-a670-ebb45fd92c3a-impl-thread1] INFO  server.RaftServer (RaftServerProxy.java:initGroupDir(269)) - 38b4019c-56e2-4267-a670-ebb45fd92c3a: The directory /home/runner/work/ozone/ozone/hadoop-ozone/integration-test/target/test-dir/MiniOzoneClusterImpl-0ae4c21d-b8eb-4e36-9639-963ec8fb7de7/datanode-1/data/ratis/tmp is not a group directory; ignoring it. 
2024-02-06 10:04:11,240 [main] INFO  replication.ReplicationServer (ReplicationServer.java:<init>(86)) - Initializing replication server with thread count = 10 queue length = 4096
2024-02-06 10:04:11,240 [main] INFO  server.XceiverServerGrpc (XceiverServerGrpc.java:<init>(141)) - GrpcServer channel type EpollServerSocketChannel
2024-02-06 10:04:11,241 [main] INFO  replication.ReplicationSupervisor (ReplicationSupervisor.java:build(163)) - Initializing replication supervisor with thread count = 10
2024-02-06 10:04:11,241 [main] INFO  replication.ReplicationSupervisor (ReplicationSupervisor.java:nodeStateUpdated(317)) - Node state updated to IN_SERVICE, scaling executor pool size to 10
2024-02-06 10:04:11,243 [main] INFO  http.BaseHttpServer (BaseHttpServer.java:newHttpServer2BuilderForOzone(223)) - Starting Web-server for hddsDatanode at: http://0.0.0.0:15374
2024-02-06 10:04:11,243 [main] INFO  http.BaseHttpServer (BaseHttpServer.java:<init>(110)) - Hadoop Security Enabled: false Ozone Security Enabled: false Ozone HTTP Security Enabled: false 
2024-02-06 10:04:11,243 [main] WARN  server.AuthenticationFilter (AuthenticationFilter.java:constructSecretProvider(240)) - Unable to initialize FileSignerSecretProvider, falling back to use random secrets. Reason: Could not read signature secret file: /home/runner/hadoop-http-auth-signature-secret
2024-02-06 10:04:11,244 [main] INFO  http.HttpRequestLog (HttpRequestLog.java:getRequestLog(86)) - Http request log for http.requests.hddsDatanode is not defined
2024-02-06 10:04:11,244 [main] INFO  http.HttpServer2 (HttpServer2.java:addGlobalFilter(1036)) - Added global filter 'safety' (class=org.apache.hadoop.hdds.server.http.HttpServer2$QuotingInputFilter)
2024-02-06 10:04:11,245 [main] INFO  http.HttpServer2 (HttpServer2.java:addFilter(1012)) - Added filter static_user_filter (class=org.apache.hadoop.http.lib.StaticUserWebFilter$StaticUserFilter) to context hddsDatanode
2024-02-06 10:04:11,245 [main] INFO  http.HttpServer2 (HttpServer2.java:addFilter(1020)) - Added filter static_user_filter (class=org.apache.hadoop.http.lib.StaticUserWebFilter$StaticUserFilter) to context static
2024-02-06 10:04:11,245 [main] INFO  http.HttpServer2 (HttpServer2.java:addFilter(1020)) - Added filter static_user_filter (class=org.apache.hadoop.http.lib.StaticUserWebFilter$StaticUserFilter) to context logs
2024-02-06 10:04:11,245 [main] INFO  http.BaseHttpServer (BaseHttpServer.java:<init>(189)) - HTTP server of hddsDatanode uses base directory /home/runner/work/ozone/ozone/hadoop-ozone/integration-test/target/test-dir/MiniOzoneClusterImpl-0ae4c21d-b8eb-4e36-9639-963ec8fb7de7/datanode-1/meta/webserver
2024-02-06 10:04:11,245 [main] INFO  http.HttpServer2 (HttpServer2.java:bindListener(1236)) - Jetty bound to port 15374
2024-02-06 10:04:11,246 [main] INFO  server.Server (Server.java:doStart(375)) - jetty-9.4.53.v20231009; built: 2023-10-09T12:29:09.265Z; git: 27bde00a0b95a1d5bbee0eae7984f891d2d0f8c9; jvm 1.8.0_402-b06
2024-02-06 10:04:11,256 [main] INFO  server.session (DefaultSessionIdManager.java:doStart(334)) - DefaultSessionIdManager workerName=node0
2024-02-06 10:04:11,256 [main] INFO  server.session (DefaultSessionIdManager.java:doStart(339)) - No SessionScavenger set, using defaults
2024-02-06 10:04:11,256 [main] INFO  server.session (HouseKeeper.java:startScavenging(132)) - node0 Scavenging every 660000ms
2024-02-06 10:04:11,257 [main] INFO  handler.ContextHandler (ContextHandler.java:doStart(921)) - Started o.e.j.s.ServletContextHandler@340993a1{logs,/logs,file:///home/runner/work/ozone/ozone/hadoop-ozone/integration-test/target/log,AVAILABLE}
2024-02-06 10:04:11,257 [main] INFO  handler.ContextHandler (ContextHandler.java:doStart(921)) - Started o.e.j.s.ServletContextHandler@45e3a250{static,/static,jar:file:/home/runner/.m2/repository/org/apache/ozone/hdds-container-service/1.5.0-SNAPSHOT/hdds-container-service-1.5.0-SNAPSHOT.jar!/webapps/static,AVAILABLE}
2024-02-06 10:04:11,289 [main] INFO  handler.ContextHandler (ContextHandler.java:doStart(921)) - Started o.e.j.w.WebAppContext@68abc0be{hddsDatanode,/,file:///home/runner/work/ozone/ozone/hadoop-ozone/integration-test/target/test-dir/MiniOzoneClusterImpl-0ae4c21d-b8eb-4e36-9639-963ec8fb7de7/datanode-1/meta/webserver/jetty-0_0_0_0-15374-hdds-container-service-1_5_0-SNAPSHOT_jar-_-any-3777049319309279425/webapp/,AVAILABLE}{jar:file:/home/runner/.m2/repository/org/apache/ozone/hdds-container-service/1.5.0-SNAPSHOT/hdds-container-service-1.5.0-SNAPSHOT.jar!/webapps/hddsDatanode}
2024-02-06 10:04:11,291 [main] INFO  server.AbstractConnector (AbstractConnector.java:doStart(333)) - Started ServerConnector@4aadf2d{HTTP/1.1, (http/1.1)}{0.0.0.0:15374}
2024-02-06 10:04:11,291 [main] INFO  server.Server (Server.java:doStart(415)) - Started @133340ms
2024-02-06 10:04:11,291 [main] WARN  impl.MetricsSystemImpl (MetricsSystemImpl.java:register(279)) - Sink prometheus already exists!
2024-02-06 10:04:11,292 [main] INFO  http.BaseHttpServer (BaseHttpServer.java:updateConnectorAddress(354)) - HTTP server of hddsDatanode listening at http://0.0.0.0:15374
2024-02-06 10:04:11,292 [main] INFO  ipc.CallQueueManager (CallQueueManager.java:<init>(90)) - Using callQueue: class java.util.concurrent.LinkedBlockingQueue, queueCapacity: 100, scheduler: class org.apache.hadoop.ipc.DefaultRpcScheduler, ipcBackoff: false.
2024-02-06 10:04:11,292 [main] INFO  ipc.Server (Server.java:<init>(1287)) - Listener at 0.0.0.0:15375
2024-02-06 10:04:11,293 [Socket Reader #1 for port 15375] INFO  ipc.Server (Server.java:run(1323)) - Starting Socket Reader #1 for port 15375
2024-02-06 10:04:11,299 [main] INFO  ozone.HddsDatanodeService (HddsDatanodeService.java:start(327)) - Datanode start with admins: [runner]
2024-02-06 10:04:11,299 [main] INFO  ozone.HddsDatanodeClientProtocolServer (HddsDatanodeClientProtocolServer.java:start(72)) - RPC server for Client /0.0.0.0:15375
2024-02-06 10:04:11,300 [IPC Server Responder] INFO  ipc.Server (Server.java:run(1562)) - IPC Server Responder: starting
2024-02-06 10:04:11,300 [IPC Server listener on 15375] INFO  ipc.Server (Server.java:run(1402)) - IPC Server listener on 15375: starting
2024-02-06 10:04:11,304 [38b4019c-56e2-4267-a670-ebb45fd92c3a-DatanodeStateMachineDaemonThread] INFO  statemachine.DatanodeStateMachine (DatanodeStateMachine.java:lambda$startDaemon$1(555)) - Ozone container server started.
2024-02-06 10:04:11,304 [main] WARN  dropwizard3.Dm3MetricRegistriesImpl (Dm3MetricRegistriesImpl.java:addReporterRegistration(113)) - New reporters are added after registries were created. Some metrics will be missing from the reporter. Please add reporter before adding any new registry.
2024-02-06 10:04:11,305 [main] WARN  dropwizard3.Dm3MetricRegistriesImpl (Dm3MetricRegistriesImpl.java:addReporterRegistration(113)) - New reporters are added after registries were created. Some metrics will be missing from the reporter. Please add reporter before adding any new registry.
2024-02-06 10:04:11,305 [main] INFO  impl.MetricsSystemImpl (MetricsSystemImpl.java:init(158)) - HddsDatanode metrics system started (again)
2024-02-06 10:04:11,310 [38b4019c-56e2-4267-a670-ebb45fd92c3a-DatanodeStateMachineTaskThread-0] INFO  datanode.InitDatanodeState (InitDatanodeState.java:persistContainerDatanodeDetails(139)) - DatanodeDetails is persisted to /home/runner/work/ozone/ozone/hadoop-ozone/integration-test/target/test-dir/MiniOzoneClusterImpl-0ae4c21d-b8eb-4e36-9639-963ec8fb7de7/datanode-1/meta/datanode.id
2024-02-06 10:04:11,313 [main] INFO  ozone.HddsDatanodeService (HddsDatanodeService.java:start(240)) - HddsDatanodeService host:fv-az776-296 ip:10.1.0.5
2024-02-06 10:04:11,330 [main] INFO  upgrade.AbstractLayoutVersionManager (AbstractLayoutVersionManager.java:init(83)) - Initializing Layout version manager with metadata layout = HADOOP_PRC_PORTS_IN_DATANODEDETAILS (version = 7), software layout = HADOOP_PRC_PORTS_IN_DATANODEDETAILS (version = 7)
2024-02-06 10:04:11,330 [main] INFO  statemachine.DatanodeStateMachine (DatanodeStateMachine.java:getEndPointTaskThreadPoolSize(299)) - Datanode State Machine Task Thread Pool size 2
2024-02-06 10:04:11,331 [main] INFO  volume.HddsVolume (HddsVolume.java:<init>(125)) - Creating HddsVolume: /home/runner/work/ozone/ozone/hadoop-ozone/integration-test/target/test-dir/MiniOzoneClusterImpl-0ae4c21d-b8eb-4e36-9639-963ec8fb7de7/datanode-2/data-0/containers/hdds of storage type : DISK capacity : 9223372036854775807
2024-02-06 10:04:11,331 [main] INFO  volume.MutableVolumeSet (MutableVolumeSet.java:initializeVolumeSet(173)) - Added Volume : /home/runner/work/ozone/ozone/hadoop-ozone/integration-test/target/test-dir/MiniOzoneClusterImpl-0ae4c21d-b8eb-4e36-9639-963ec8fb7de7/datanode-2/data-0/containers/hdds to VolumeSet
2024-02-06 10:04:11,332 [main] INFO  volume.MutableVolumeSet (MutableVolumeSet.java:initializeVolumeSet(173)) - Added Volume : /home/runner/work/ozone/ozone/hadoop-ozone/integration-test/target/test-dir/MiniOzoneClusterImpl-0ae4c21d-b8eb-4e36-9639-963ec8fb7de7/datanode-2/data/ratis to VolumeSet
2024-02-06 10:04:11,332 [main] INFO  ozoneimpl.OzoneContainer (HddsVolumeUtil.java:loadAllHddsVolumeDbStore(103)) - Load 1 volumes DbStore cost: 0ms
2024-02-06 10:04:11,333 [main] INFO  server.RaftServer (ConfUtils.java:logGet(46)) - raft.rpc.type = GRPC (default)
2024-02-06 10:04:11,333 [main] INFO  grpc.GrpcConfigKeys (ConfUtils.java:logFallback(53)) - raft.grpc.admin.host = null (fallback to raft.grpc.server.host)
2024-02-06 10:04:11,333 [main] INFO  grpc.GrpcConfigKeys (ConfUtils.java:logGet(46)) - raft.grpc.admin.port = 15387 (custom)
2024-02-06 10:04:11,334 [main] INFO  grpc.GrpcConfigKeys (ConfUtils.java:logFallback(53)) - raft.grpc.client.host = null (fallback to raft.grpc.server.host)
2024-02-06 10:04:11,334 [main] INFO  grpc.GrpcConfigKeys (ConfUtils.java:logGet(46)) - raft.grpc.client.port = 15386 (custom)
2024-02-06 10:04:11,334 [main] INFO  grpc.GrpcConfigKeys (ConfUtils.java:logGet(46)) - raft.grpc.server.host = null (default)
2024-02-06 10:04:11,334 [main] INFO  grpc.GrpcConfigKeys (ConfUtils.java:logGet(46)) - raft.grpc.server.port = 15388 (custom)
2024-02-06 10:04:11,334 [main] INFO  server.GrpcService (ConfUtils.java:logGet(46)) - raft.grpc.message.size.max = 32MB (=33554432) (custom)
2024-02-06 10:04:11,334 [main] INFO  server.RaftServerConfigKeys (ConfUtils.java:logGet(46)) - raft.server.log.appender.buffer.byte-limit = 8388608 (custom)
2024-02-06 10:04:11,334 [main] INFO  server.GrpcService (ConfUtils.java:logGet(46)) - raft.grpc.flow.control.window = 5MB (=5242880) (custom)
2024-02-06 10:04:11,334 [main] INFO  server.RaftServerConfigKeys (ConfUtils.java:logGet(46)) - raft.server.rpc.request.timeout = 3000ms (default)
2024-02-06 10:04:11,334 [main] INFO  grpc.GrpcConfigKeys (ConfUtils.java:logGet(46)) - raft.grpc.server.heartbeat.channel = true (default)
2024-02-06 10:04:11,334 [main] INFO  grpc.GrpcConfigKeys (ConfUtils.java:logGet(46)) - raft.grpc.server.async.request.thread.pool.cached = true (default)
2024-02-06 10:04:11,335 [main] INFO  grpc.GrpcConfigKeys (ConfUtils.java:logGet(46)) - raft.grpc.server.async.request.thread.pool.size = 32 (default)
2024-02-06 10:04:11,336 [main] INFO  impl.DataStreamServerImpl (ConfUtils.java:logGet(46)) - raft.datastream.type = NETTY (custom)
2024-02-06 10:04:11,336 [main] INFO  server.RaftServerConfigKeys (ConfUtils.java:logGet(46)) - raft.server.data-stream.async.request.thread.pool.cached = false (default)
2024-02-06 10:04:11,337 [main] INFO  server.RaftServerConfigKeys (ConfUtils.java:logGet(46)) - raft.server.data-stream.async.request.thread.pool.size = 20 (custom)
2024-02-06 10:04:11,337 [main] INFO  server.RaftServerConfigKeys (ConfUtils.java:logGet(46)) - raft.server.data-stream.async.write.thread.pool.size = 16 (default)
2024-02-06 10:04:11,337 [main] INFO  netty.NettyConfigKeys$DataStream (ConfUtils.java:logGet(46)) - raft.netty.dataStream.server.channel.inactive.grace-period = 10min (default)
2024-02-06 10:04:11,337 [main] INFO  server.RaftServerConfigKeys (ConfUtils.java:logGet(46)) - raft.server.data-stream.client.pool.size = 10 (default)
2024-02-06 10:04:11,337 [main] INFO  netty.NettyConfigKeys$DataStream (ConfUtils.java:logGet(46)) - raft.netty.dataStream.server.use-epoll = true (default)
2024-02-06 10:04:11,337 [main] INFO  netty.NettyConfigKeys$DataStream (ConfUtils.java:logGet(46)) - raft.netty.dataStream.server.boss-group.size = 0 (default)
2024-02-06 10:04:11,337 [main] INFO  netty.NettyUtils (NettyUtils.java:newEventLoopGroup(69)) - Create EpollEventLoopGroup for 087ade3f-e43d-4c8d-bb26-e39bc6489068-NettyServerStreamRpc-bossGroup; Thread size is 0.
2024-02-06 10:04:11,338 [main] INFO  netty.NettyConfigKeys$DataStream (ConfUtils.java:logGet(46)) - raft.netty.dataStream.server.worker-group.size = 0 (default)
2024-02-06 10:04:11,338 [main] INFO  netty.NettyUtils (NettyUtils.java:newEventLoopGroup(69)) - Create EpollEventLoopGroup for 087ade3f-e43d-4c8d-bb26-e39bc6489068-NettyServerStreamRpc-workerGroup; Thread size is 0.
2024-02-06 10:04:11,338 [main] INFO  netty.NettyConfigKeys$DataStream (ConfUtils.java:logGet(46)) - raft.netty.dataStream.server.tls.conf = null (default)
2024-02-06 10:04:11,338 [main] INFO  netty.NettyConfigKeys$DataStream (ConfUtils.java:logGet(46)) - raft.netty.dataStream.host = null (default)
2024-02-06 10:04:11,339 [main] INFO  netty.NettyConfigKeys$DataStream (ConfUtils.java:logGet(46)) - raft.netty.dataStream.port = 15389 (custom)
2024-02-06 10:04:11,339 [main] INFO  server.RaftServerConfigKeys (ConfUtils.java:logGet(46)) - raft.server.sleep.deviation.threshold = 300ms (default)
2024-02-06 10:04:11,339 [087ade3f-e43d-4c8d-bb26-e39bc6489068-NettyServerStreamRpc-bossGroup--thread1] INFO  logging.LoggingHandler (AbstractInternalLogger.java:log(148)) - [id: 0x96b7a85e] REGISTERED
2024-02-06 10:04:11,339 [main] INFO  server.RaftServerConfigKeys (ConfUtils.java:logGet(46)) - raft.server.close.threshold = 60s (default)
2024-02-06 10:04:11,339 [087ade3f-e43d-4c8d-bb26-e39bc6489068-NettyServerStreamRpc-bossGroup--thread1] INFO  logging.LoggingHandler (AbstractInternalLogger.java:log(148)) - [id: 0x96b7a85e] BIND: 0.0.0.0/0.0.0.0:15389
2024-02-06 10:04:11,339 [main] INFO  server.RaftServerConfigKeys (ConfUtils.java:logGet(46)) - raft.server.leaderelection.leader.step-down.wait-time = 10s (default)
2024-02-06 10:04:11,340 [087ade3f-e43d-4c8d-bb26-e39bc6489068-NettyServerStreamRpc-bossGroup--thread1] INFO  logging.LoggingHandler (AbstractInternalLogger.java:log(148)) - [id: 0x96b7a85e, L:/0.0.0.0:15389] ACTIVE
2024-02-06 10:04:11,340 [main] INFO  server.RaftServerConfigKeys (ConfUtils.java:logGet(46)) - raft.server.storage.dir = [/home/runner/work/ozone/ozone/hadoop-ozone/integration-test/target/test-dir/MiniOzoneClusterImpl-0ae4c21d-b8eb-4e36-9639-963ec8fb7de7/datanode-2/data/ratis] (custom)
2024-02-06 10:04:11,340 [main] INFO  server.RaftServerConfigKeys (ConfUtils.java:logGet(46)) - raft.server.threadpool.proxy.cached = true (default)
2024-02-06 10:04:11,340 [main] INFO  server.RaftServerConfigKeys (ConfUtils.java:logGet(46)) - raft.server.threadpool.proxy.size = 0 (default)
2024-02-06 10:04:11,340 [087ade3f-e43d-4c8d-bb26-e39bc6489068-impl-thread1] INFO  server.RaftServer (RaftServerProxy.java:initGroupDir(264)) - 087ade3f-e43d-4c8d-bb26-e39bc6489068: found a subdirectory /home/runner/work/ozone/ozone/hadoop-ozone/integration-test/target/test-dir/MiniOzoneClusterImpl-0ae4c21d-b8eb-4e36-9639-963ec8fb7de7/datanode-2/data/ratis/tmp
2024-02-06 10:04:11,340 [087ade3f-e43d-4c8d-bb26-e39bc6489068-impl-thread1] INFO  server.RaftServer (RaftServerProxy.java:initGroupDir(269)) - 087ade3f-e43d-4c8d-bb26-e39bc6489068: The directory /home/runner/work/ozone/ozone/hadoop-ozone/integration-test/target/test-dir/MiniOzoneClusterImpl-0ae4c21d-b8eb-4e36-9639-963ec8fb7de7/datanode-2/data/ratis/tmp is not a group directory; ignoring it. 
2024-02-06 10:04:11,340 [main] INFO  replication.ReplicationServer (ReplicationServer.java:<init>(86)) - Initializing replication server with thread count = 10 queue length = 4096
2024-02-06 10:04:11,341 [main] INFO  server.XceiverServerGrpc (XceiverServerGrpc.java:<init>(141)) - GrpcServer channel type EpollServerSocketChannel
2024-02-06 10:04:11,342 [main] INFO  replication.ReplicationSupervisor (ReplicationSupervisor.java:build(163)) - Initializing replication supervisor with thread count = 10
2024-02-06 10:04:11,342 [main] INFO  replication.ReplicationSupervisor (ReplicationSupervisor.java:nodeStateUpdated(317)) - Node state updated to IN_SERVICE, scaling executor pool size to 10
2024-02-06 10:04:11,344 [main] INFO  http.BaseHttpServer (BaseHttpServer.java:newHttpServer2BuilderForOzone(223)) - Starting Web-server for hddsDatanode at: http://0.0.0.0:15383
2024-02-06 10:04:11,344 [main] INFO  http.BaseHttpServer (BaseHttpServer.java:<init>(110)) - Hadoop Security Enabled: false Ozone Security Enabled: false Ozone HTTP Security Enabled: false 
2024-02-06 10:04:11,345 [main] WARN  server.AuthenticationFilter (AuthenticationFilter.java:constructSecretProvider(240)) - Unable to initialize FileSignerSecretProvider, falling back to use random secrets. Reason: Could not read signature secret file: /home/runner/hadoop-http-auth-signature-secret
2024-02-06 10:04:11,345 [main] INFO  http.HttpRequestLog (HttpRequestLog.java:getRequestLog(86)) - Http request log for http.requests.hddsDatanode is not defined
2024-02-06 10:04:11,346 [main] INFO  http.HttpServer2 (HttpServer2.java:addGlobalFilter(1036)) - Added global filter 'safety' (class=org.apache.hadoop.hdds.server.http.HttpServer2$QuotingInputFilter)
2024-02-06 10:04:11,347 [main] INFO  http.HttpServer2 (HttpServer2.java:addFilter(1012)) - Added filter static_user_filter (class=org.apache.hadoop.http.lib.StaticUserWebFilter$StaticUserFilter) to context hddsDatanode
2024-02-06 10:04:11,347 [main] INFO  http.HttpServer2 (HttpServer2.java:addFilter(1020)) - Added filter static_user_filter (class=org.apache.hadoop.http.lib.StaticUserWebFilter$StaticUserFilter) to context logs
2024-02-06 10:04:11,347 [main] INFO  http.HttpServer2 (HttpServer2.java:addFilter(1020)) - Added filter static_user_filter (class=org.apache.hadoop.http.lib.StaticUserWebFilter$StaticUserFilter) to context static
2024-02-06 10:04:11,347 [main] INFO  http.BaseHttpServer (BaseHttpServer.java:<init>(189)) - HTTP server of hddsDatanode uses base directory /home/runner/work/ozone/ozone/hadoop-ozone/integration-test/target/test-dir/MiniOzoneClusterImpl-0ae4c21d-b8eb-4e36-9639-963ec8fb7de7/datanode-2/meta/webserver
2024-02-06 10:04:11,348 [main] INFO  http.HttpServer2 (HttpServer2.java:bindListener(1236)) - Jetty bound to port 15383
2024-02-06 10:04:11,348 [main] INFO  server.Server (Server.java:doStart(375)) - jetty-9.4.53.v20231009; built: 2023-10-09T12:29:09.265Z; git: 27bde00a0b95a1d5bbee0eae7984f891d2d0f8c9; jvm 1.8.0_402-b06
2024-02-06 10:04:11,351 [main] INFO  server.session (DefaultSessionIdManager.java:doStart(334)) - DefaultSessionIdManager workerName=node0
2024-02-06 10:04:11,351 [main] INFO  server.session (DefaultSessionIdManager.java:doStart(339)) - No SessionScavenger set, using defaults
2024-02-06 10:04:11,351 [main] INFO  server.session (HouseKeeper.java:startScavenging(132)) - node0 Scavenging every 600000ms
2024-02-06 10:04:11,352 [main] INFO  handler.ContextHandler (ContextHandler.java:doStart(921)) - Started o.e.j.s.ServletContextHandler@6c43c722{logs,/logs,file:///home/runner/work/ozone/ozone/hadoop-ozone/integration-test/target/log,AVAILABLE}
2024-02-06 10:04:11,352 [main] INFO  handler.ContextHandler (ContextHandler.java:doStart(921)) - Started o.e.j.s.ServletContextHandler@7cb486a2{static,/static,jar:file:/home/runner/.m2/repository/org/apache/ozone/hdds-container-service/1.5.0-SNAPSHOT/hdds-container-service-1.5.0-SNAPSHOT.jar!/webapps/static,AVAILABLE}
2024-02-06 10:04:11,383 [main] INFO  handler.ContextHandler (ContextHandler.java:doStart(921)) - Started o.e.j.w.WebAppContext@4de9c81e{hddsDatanode,/,file:///home/runner/work/ozone/ozone/hadoop-ozone/integration-test/target/test-dir/MiniOzoneClusterImpl-0ae4c21d-b8eb-4e36-9639-963ec8fb7de7/datanode-2/meta/webserver/jetty-0_0_0_0-15383-hdds-container-service-1_5_0-SNAPSHOT_jar-_-any-403383101163509265/webapp/,AVAILABLE}{jar:file:/home/runner/.m2/repository/org/apache/ozone/hdds-container-service/1.5.0-SNAPSHOT/hdds-container-service-1.5.0-SNAPSHOT.jar!/webapps/hddsDatanode}
2024-02-06 10:04:11,385 [main] INFO  server.AbstractConnector (AbstractConnector.java:doStart(333)) - Started ServerConnector@7a7c731c{HTTP/1.1, (http/1.1)}{0.0.0.0:15383}
2024-02-06 10:04:11,385 [main] INFO  server.Server (Server.java:doStart(415)) - Started @133434ms
2024-02-06 10:04:11,385 [main] WARN  impl.MetricsSystemImpl (MetricsSystemImpl.java:register(279)) - Sink prometheus already exists!
2024-02-06 10:04:11,386 [main] INFO  http.BaseHttpServer (BaseHttpServer.java:updateConnectorAddress(354)) - HTTP server of hddsDatanode listening at http://0.0.0.0:15383
2024-02-06 10:04:11,386 [main] INFO  ipc.CallQueueManager (CallQueueManager.java:<init>(90)) - Using callQueue: class java.util.concurrent.LinkedBlockingQueue, queueCapacity: 100, scheduler: class org.apache.hadoop.ipc.DefaultRpcScheduler, ipcBackoff: false.
2024-02-06 10:04:11,386 [main] INFO  ipc.Server (Server.java:<init>(1287)) - Listener at 0.0.0.0:15384
2024-02-06 10:04:11,387 [Socket Reader #1 for port 15384] INFO  ipc.Server (Server.java:run(1323)) - Starting Socket Reader #1 for port 15384
2024-02-06 10:04:11,388 [main] INFO  ozone.HddsDatanodeService (HddsDatanodeService.java:start(327)) - Datanode start with admins: [runner]
2024-02-06 10:04:11,388 [main] INFO  ozone.HddsDatanodeClientProtocolServer (HddsDatanodeClientProtocolServer.java:start(72)) - RPC server for Client /0.0.0.0:15384
2024-02-06 10:04:11,388 [IPC Server Responder] INFO  ipc.Server (Server.java:run(1562)) - IPC Server Responder: starting
2024-02-06 10:04:11,388 [IPC Server listener on 15384] INFO  ipc.Server (Server.java:run(1402)) - IPC Server listener on 15384: starting
2024-02-06 10:04:11,390 [087ade3f-e43d-4c8d-bb26-e39bc6489068-DatanodeStateMachineDaemonThread] INFO  statemachine.DatanodeStateMachine (DatanodeStateMachine.java:lambda$startDaemon$1(555)) - Ozone container server started.
2024-02-06 10:04:11,390 [main] WARN  dropwizard3.Dm3MetricRegistriesImpl (Dm3MetricRegistriesImpl.java:addReporterRegistration(113)) - New reporters are added after registries were created. Some metrics will be missing from the reporter. Please add reporter before adding any new registry.
2024-02-06 10:04:11,391 [main] WARN  dropwizard3.Dm3MetricRegistriesImpl (Dm3MetricRegistriesImpl.java:addReporterRegistration(113)) - New reporters are added after registries were created. Some metrics will be missing from the reporter. Please add reporter before adding any new registry.
2024-02-06 10:04:11,391 [main] INFO  impl.MetricsSystemImpl (MetricsSystemImpl.java:init(158)) - HddsDatanode metrics system started (again)
2024-02-06 10:04:11,394 [087ade3f-e43d-4c8d-bb26-e39bc6489068-DatanodeStateMachineTaskThread-0] INFO  datanode.InitDatanodeState (InitDatanodeState.java:persistContainerDatanodeDetails(139)) - DatanodeDetails is persisted to /home/runner/work/ozone/ozone/hadoop-ozone/integration-test/target/test-dir/MiniOzoneClusterImpl-0ae4c21d-b8eb-4e36-9639-963ec8fb7de7/datanode-2/meta/datanode.id
2024-02-06 10:04:11,399 [main] INFO  ozone.HddsDatanodeService (HddsDatanodeService.java:start(240)) - HddsDatanodeService host:fv-az776-296 ip:10.1.0.5
2024-02-06 10:04:11,416 [main] INFO  upgrade.AbstractLayoutVersionManager (AbstractLayoutVersionManager.java:init(83)) - Initializing Layout version manager with metadata layout = HADOOP_PRC_PORTS_IN_DATANODEDETAILS (version = 7), software layout = HADOOP_PRC_PORTS_IN_DATANODEDETAILS (version = 7)
2024-02-06 10:04:11,416 [main] INFO  statemachine.DatanodeStateMachine (DatanodeStateMachine.java:getEndPointTaskThreadPoolSize(299)) - Datanode State Machine Task Thread Pool size 2
2024-02-06 10:04:11,417 [main] INFO  volume.HddsVolume (HddsVolume.java:<init>(125)) - Creating HddsVolume: /home/runner/work/ozone/ozone/hadoop-ozone/integration-test/target/test-dir/MiniOzoneClusterImpl-0ae4c21d-b8eb-4e36-9639-963ec8fb7de7/datanode-3/data-0/containers/hdds of storage type : DISK capacity : 9223372036854775807
2024-02-06 10:04:11,417 [main] INFO  volume.MutableVolumeSet (MutableVolumeSet.java:initializeVolumeSet(173)) - Added Volume : /home/runner/work/ozone/ozone/hadoop-ozone/integration-test/target/test-dir/MiniOzoneClusterImpl-0ae4c21d-b8eb-4e36-9639-963ec8fb7de7/datanode-3/data-0/containers/hdds to VolumeSet
2024-02-06 10:04:11,418 [main] INFO  volume.MutableVolumeSet (MutableVolumeSet.java:initializeVolumeSet(173)) - Added Volume : /home/runner/work/ozone/ozone/hadoop-ozone/integration-test/target/test-dir/MiniOzoneClusterImpl-0ae4c21d-b8eb-4e36-9639-963ec8fb7de7/datanode-3/data/ratis to VolumeSet
2024-02-06 10:04:11,418 [main] INFO  ozoneimpl.OzoneContainer (HddsVolumeUtil.java:loadAllHddsVolumeDbStore(103)) - Load 1 volumes DbStore cost: 0ms
2024-02-06 10:04:11,420 [main] INFO  server.RaftServer (ConfUtils.java:logGet(46)) - raft.rpc.type = GRPC (default)
2024-02-06 10:04:11,420 [main] INFO  grpc.GrpcConfigKeys (ConfUtils.java:logFallback(53)) - raft.grpc.admin.host = null (fallback to raft.grpc.server.host)
2024-02-06 10:04:11,420 [main] INFO  grpc.GrpcConfigKeys (ConfUtils.java:logGet(46)) - raft.grpc.admin.port = 15396 (custom)
2024-02-06 10:04:11,421 [main] INFO  grpc.GrpcConfigKeys (ConfUtils.java:logFallback(53)) - raft.grpc.client.host = null (fallback to raft.grpc.server.host)
2024-02-06 10:04:11,421 [main] INFO  grpc.GrpcConfigKeys (ConfUtils.java:logGet(46)) - raft.grpc.client.port = 15395 (custom)
2024-02-06 10:04:11,421 [main] INFO  grpc.GrpcConfigKeys (ConfUtils.java:logGet(46)) - raft.grpc.server.host = null (default)
2024-02-06 10:04:11,421 [main] INFO  grpc.GrpcConfigKeys (ConfUtils.java:logGet(46)) - raft.grpc.server.port = 15397 (custom)
2024-02-06 10:04:11,421 [main] INFO  server.GrpcService (ConfUtils.java:logGet(46)) - raft.grpc.message.size.max = 32MB (=33554432) (custom)
2024-02-06 10:04:11,422 [main] INFO  server.RaftServerConfigKeys (ConfUtils.java:logGet(46)) - raft.server.log.appender.buffer.byte-limit = 8388608 (custom)
2024-02-06 10:04:11,422 [main] INFO  server.GrpcService (ConfUtils.java:logGet(46)) - raft.grpc.flow.control.window = 5MB (=5242880) (custom)
2024-02-06 10:04:11,422 [main] INFO  server.RaftServerConfigKeys (ConfUtils.java:logGet(46)) - raft.server.rpc.request.timeout = 3000ms (default)
2024-02-06 10:04:11,422 [main] INFO  grpc.GrpcConfigKeys (ConfUtils.java:logGet(46)) - raft.grpc.server.heartbeat.channel = true (default)
2024-02-06 10:04:11,422 [main] INFO  grpc.GrpcConfigKeys (ConfUtils.java:logGet(46)) - raft.grpc.server.async.request.thread.pool.cached = true (default)
2024-02-06 10:04:11,423 [main] INFO  grpc.GrpcConfigKeys (ConfUtils.java:logGet(46)) - raft.grpc.server.async.request.thread.pool.size = 32 (default)
2024-02-06 10:04:11,425 [main] INFO  impl.DataStreamServerImpl (ConfUtils.java:logGet(46)) - raft.datastream.type = NETTY (custom)
2024-02-06 10:04:11,425 [main] INFO  server.RaftServerConfigKeys (ConfUtils.java:logGet(46)) - raft.server.data-stream.async.request.thread.pool.cached = false (default)
2024-02-06 10:04:11,426 [main] INFO  server.RaftServerConfigKeys (ConfUtils.java:logGet(46)) - raft.server.data-stream.async.request.thread.pool.size = 20 (custom)
2024-02-06 10:04:11,426 [main] INFO  server.RaftServerConfigKeys (ConfUtils.java:logGet(46)) - raft.server.data-stream.async.write.thread.pool.size = 16 (default)
2024-02-06 10:04:11,426 [main] INFO  netty.NettyConfigKeys$DataStream (ConfUtils.java:logGet(46)) - raft.netty.dataStream.server.channel.inactive.grace-period = 10min (default)
2024-02-06 10:04:11,426 [main] INFO  server.RaftServerConfigKeys (ConfUtils.java:logGet(46)) - raft.server.data-stream.client.pool.size = 10 (default)
2024-02-06 10:04:11,426 [main] INFO  netty.NettyConfigKeys$DataStream (ConfUtils.java:logGet(46)) - raft.netty.dataStream.server.use-epoll = true (default)
2024-02-06 10:04:11,426 [main] INFO  netty.NettyConfigKeys$DataStream (ConfUtils.java:logGet(46)) - raft.netty.dataStream.server.boss-group.size = 0 (default)
2024-02-06 10:04:11,427 [main] INFO  netty.NettyUtils (NettyUtils.java:newEventLoopGroup(69)) - Create EpollEventLoopGroup for b79ed0a0-6c36-4ab9-80cb-79cc2b7dd541-NettyServerStreamRpc-bossGroup; Thread size is 0.
2024-02-06 10:04:11,427 [main] INFO  netty.NettyConfigKeys$DataStream (ConfUtils.java:logGet(46)) - raft.netty.dataStream.server.worker-group.size = 0 (default)
2024-02-06 10:04:11,427 [main] INFO  netty.NettyUtils (NettyUtils.java:newEventLoopGroup(69)) - Create EpollEventLoopGroup for b79ed0a0-6c36-4ab9-80cb-79cc2b7dd541-NettyServerStreamRpc-workerGroup; Thread size is 0.
2024-02-06 10:04:11,428 [main] INFO  netty.NettyConfigKeys$DataStream (ConfUtils.java:logGet(46)) - raft.netty.dataStream.server.tls.conf = null (default)
2024-02-06 10:04:11,428 [main] INFO  netty.NettyConfigKeys$DataStream (ConfUtils.java:logGet(46)) - raft.netty.dataStream.host = null (default)
2024-02-06 10:04:11,428 [main] INFO  netty.NettyConfigKeys$DataStream (ConfUtils.java:logGet(46)) - raft.netty.dataStream.port = 15398 (custom)
2024-02-06 10:04:11,428 [main] INFO  server.RaftServerConfigKeys (ConfUtils.java:logGet(46)) - raft.server.sleep.deviation.threshold = 300ms (default)
2024-02-06 10:04:11,429 [main] INFO  server.RaftServerConfigKeys (ConfUtils.java:logGet(46)) - raft.server.close.threshold = 60s (default)
2024-02-06 10:04:11,429 [main] INFO  server.RaftServerConfigKeys (ConfUtils.java:logGet(46)) - raft.server.leaderelection.leader.step-down.wait-time = 10s (default)
2024-02-06 10:04:11,429 [main] INFO  server.RaftServerConfigKeys (ConfUtils.java:logGet(46)) - raft.server.storage.dir = [/home/runner/work/ozone/ozone/hadoop-ozone/integration-test/target/test-dir/MiniOzoneClusterImpl-0ae4c21d-b8eb-4e36-9639-963ec8fb7de7/datanode-3/data/ratis] (custom)
2024-02-06 10:04:11,429 [main] INFO  server.RaftServerConfigKeys (ConfUtils.java:logGet(46)) - raft.server.threadpool.proxy.cached = true (default)
2024-02-06 10:04:11,429 [main] INFO  server.RaftServerConfigKeys (ConfUtils.java:logGet(46)) - raft.server.threadpool.proxy.size = 0 (default)
2024-02-06 10:04:11,428 [b79ed0a0-6c36-4ab9-80cb-79cc2b7dd541-NettyServerStreamRpc-bossGroup--thread1] INFO  logging.LoggingHandler (AbstractInternalLogger.java:log(148)) - [id: 0xf5eef051] REGISTERED
2024-02-06 10:04:11,430 [b79ed0a0-6c36-4ab9-80cb-79cc2b7dd541-NettyServerStreamRpc-bossGroup--thread1] INFO  logging.LoggingHandler (AbstractInternalLogger.java:log(148)) - [id: 0xf5eef051] BIND: 0.0.0.0/0.0.0.0:15398
2024-02-06 10:04:11,430 [b79ed0a0-6c36-4ab9-80cb-79cc2b7dd541-NettyServerStreamRpc-bossGroup--thread1] INFO  logging.LoggingHandler (AbstractInternalLogger.java:log(148)) - [id: 0xf5eef051, L:/0.0.0.0:15398] ACTIVE
2024-02-06 10:04:11,433 [b79ed0a0-6c36-4ab9-80cb-79cc2b7dd541-impl-thread1] INFO  server.RaftServer (RaftServerProxy.java:initGroupDir(264)) - b79ed0a0-6c36-4ab9-80cb-79cc2b7dd541: found a subdirectory /home/runner/work/ozone/ozone/hadoop-ozone/integration-test/target/test-dir/MiniOzoneClusterImpl-0ae4c21d-b8eb-4e36-9639-963ec8fb7de7/datanode-3/data/ratis/tmp
2024-02-06 10:04:11,433 [b79ed0a0-6c36-4ab9-80cb-79cc2b7dd541-impl-thread1] INFO  server.RaftServer (RaftServerProxy.java:initGroupDir(269)) - b79ed0a0-6c36-4ab9-80cb-79cc2b7dd541: The directory /home/runner/work/ozone/ozone/hadoop-ozone/integration-test/target/test-dir/MiniOzoneClusterImpl-0ae4c21d-b8eb-4e36-9639-963ec8fb7de7/datanode-3/data/ratis/tmp is not a group directory; ignoring it. 
2024-02-06 10:04:11,433 [main] INFO  replication.ReplicationServer (ReplicationServer.java:<init>(86)) - Initializing replication server with thread count = 10 queue length = 4096
2024-02-06 10:04:11,434 [main] INFO  server.XceiverServerGrpc (XceiverServerGrpc.java:<init>(141)) - GrpcServer channel type EpollServerSocketChannel
2024-02-06 10:04:11,435 [main] INFO  replication.ReplicationSupervisor (ReplicationSupervisor.java:build(163)) - Initializing replication supervisor with thread count = 10
2024-02-06 10:04:11,435 [main] INFO  replication.ReplicationSupervisor (ReplicationSupervisor.java:nodeStateUpdated(317)) - Node state updated to IN_SERVICE, scaling executor pool size to 10
2024-02-06 10:04:11,436 [main] INFO  http.BaseHttpServer (BaseHttpServer.java:newHttpServer2BuilderForOzone(223)) - Starting Web-server for hddsDatanode at: http://0.0.0.0:15392
2024-02-06 10:04:11,437 [main] INFO  http.BaseHttpServer (BaseHttpServer.java:<init>(110)) - Hadoop Security Enabled: false Ozone Security Enabled: false Ozone HTTP Security Enabled: false 
2024-02-06 10:04:11,438 [main] WARN  server.AuthenticationFilter (AuthenticationFilter.java:constructSecretProvider(240)) - Unable to initialize FileSignerSecretProvider, falling back to use random secrets. Reason: Could not read signature secret file: /home/runner/hadoop-http-auth-signature-secret
2024-02-06 10:04:11,438 [main] INFO  http.HttpRequestLog (HttpRequestLog.java:getRequestLog(86)) - Http request log for http.requests.hddsDatanode is not defined
2024-02-06 10:04:11,439 [main] INFO  http.HttpServer2 (HttpServer2.java:addGlobalFilter(1036)) - Added global filter 'safety' (class=org.apache.hadoop.hdds.server.http.HttpServer2$QuotingInputFilter)
2024-02-06 10:04:11,439 [main] INFO  http.HttpServer2 (HttpServer2.java:addFilter(1012)) - Added filter static_user_filter (class=org.apache.hadoop.http.lib.StaticUserWebFilter$StaticUserFilter) to context hddsDatanode
2024-02-06 10:04:11,440 [main] INFO  http.HttpServer2 (HttpServer2.java:addFilter(1020)) - Added filter static_user_filter (class=org.apache.hadoop.http.lib.StaticUserWebFilter$StaticUserFilter) to context logs
2024-02-06 10:04:11,440 [main] INFO  http.HttpServer2 (HttpServer2.java:addFilter(1020)) - Added filter static_user_filter (class=org.apache.hadoop.http.lib.StaticUserWebFilter$StaticUserFilter) to context static
2024-02-06 10:04:11,440 [main] INFO  http.BaseHttpServer (BaseHttpServer.java:<init>(189)) - HTTP server of hddsDatanode uses base directory /home/runner/work/ozone/ozone/hadoop-ozone/integration-test/target/test-dir/MiniOzoneClusterImpl-0ae4c21d-b8eb-4e36-9639-963ec8fb7de7/datanode-3/meta/webserver
2024-02-06 10:04:11,441 [main] INFO  http.HttpServer2 (HttpServer2.java:bindListener(1236)) - Jetty bound to port 15392
2024-02-06 10:04:11,441 [main] INFO  server.Server (Server.java:doStart(375)) - jetty-9.4.53.v20231009; built: 2023-10-09T12:29:09.265Z; git: 27bde00a0b95a1d5bbee0eae7984f891d2d0f8c9; jvm 1.8.0_402-b06
2024-02-06 10:04:11,442 [main] INFO  server.session (DefaultSessionIdManager.java:doStart(334)) - DefaultSessionIdManager workerName=node0
2024-02-06 10:04:11,442 [main] INFO  server.session (DefaultSessionIdManager.java:doStart(339)) - No SessionScavenger set, using defaults
2024-02-06 10:04:11,442 [main] INFO  server.session (HouseKeeper.java:startScavenging(132)) - node0 Scavenging every 660000ms
2024-02-06 10:04:11,443 [main] INFO  handler.ContextHandler (ContextHandler.java:doStart(921)) - Started o.e.j.s.ServletContextHandler@7fc1702a{logs,/logs,file:///home/runner/work/ozone/ozone/hadoop-ozone/integration-test/target/log,AVAILABLE}
2024-02-06 10:04:11,443 [main] INFO  handler.ContextHandler (ContextHandler.java:doStart(921)) - Started o.e.j.s.ServletContextHandler@1d7e6c75{static,/static,jar:file:/home/runner/.m2/repository/org/apache/ozone/hdds-container-service/1.5.0-SNAPSHOT/hdds-container-service-1.5.0-SNAPSHOT.jar!/webapps/static,AVAILABLE}
2024-02-06 10:04:11,474 [main] INFO  handler.ContextHandler (ContextHandler.java:doStart(921)) - Started o.e.j.w.WebAppContext@7d1ec8bc{hddsDatanode,/,file:///home/runner/work/ozone/ozone/hadoop-ozone/integration-test/target/test-dir/MiniOzoneClusterImpl-0ae4c21d-b8eb-4e36-9639-963ec8fb7de7/datanode-3/meta/webserver/jetty-0_0_0_0-15392-hdds-container-service-1_5_0-SNAPSHOT_jar-_-any-8732875752647804586/webapp/,AVAILABLE}{jar:file:/home/runner/.m2/repository/org/apache/ozone/hdds-container-service/1.5.0-SNAPSHOT/hdds-container-service-1.5.0-SNAPSHOT.jar!/webapps/hddsDatanode}
2024-02-06 10:04:11,476 [main] INFO  server.AbstractConnector (AbstractConnector.java:doStart(333)) - Started ServerConnector@7c0782e7{HTTP/1.1, (http/1.1)}{0.0.0.0:15392}
2024-02-06 10:04:11,476 [main] INFO  server.Server (Server.java:doStart(415)) - Started @133525ms
2024-02-06 10:04:11,476 [main] WARN  impl.MetricsSystemImpl (MetricsSystemImpl.java:register(279)) - Sink prometheus already exists!
2024-02-06 10:04:11,476 [main] INFO  http.BaseHttpServer (BaseHttpServer.java:updateConnectorAddress(354)) - HTTP server of hddsDatanode listening at http://0.0.0.0:15392
2024-02-06 10:04:11,477 [main] INFO  ipc.CallQueueManager (CallQueueManager.java:<init>(90)) - Using callQueue: class java.util.concurrent.LinkedBlockingQueue, queueCapacity: 100, scheduler: class org.apache.hadoop.ipc.DefaultRpcScheduler, ipcBackoff: false.
2024-02-06 10:04:11,477 [main] INFO  ipc.Server (Server.java:<init>(1287)) - Listener at 0.0.0.0:15393
2024-02-06 10:04:11,477 [Socket Reader #1 for port 15393] INFO  ipc.Server (Server.java:run(1323)) - Starting Socket Reader #1 for port 15393
2024-02-06 10:04:11,479 [main] INFO  ozone.HddsDatanodeService (HddsDatanodeService.java:start(327)) - Datanode start with admins: [runner]
2024-02-06 10:04:11,479 [main] INFO  ozone.HddsDatanodeClientProtocolServer (HddsDatanodeClientProtocolServer.java:start(72)) - RPC server for Client /0.0.0.0:15393
2024-02-06 10:04:11,479 [IPC Server Responder] INFO  ipc.Server (Server.java:run(1562)) - IPC Server Responder: starting
2024-02-06 10:04:11,479 [IPC Server listener on 15393] INFO  ipc.Server (Server.java:run(1402)) - IPC Server listener on 15393: starting
2024-02-06 10:04:11,482 [b79ed0a0-6c36-4ab9-80cb-79cc2b7dd541-DatanodeStateMachineDaemonThread] INFO  statemachine.DatanodeStateMachine (DatanodeStateMachine.java:lambda$startDaemon$1(555)) - Ozone container server started.
2024-02-06 10:04:11,482 [main] WARN  dropwizard3.Dm3MetricRegistriesImpl (Dm3MetricRegistriesImpl.java:addReporterRegistration(113)) - New reporters are added after registries were created. Some metrics will be missing from the reporter. Please add reporter before adding any new registry.
2024-02-06 10:04:11,483 [main] WARN  dropwizard3.Dm3MetricRegistriesImpl (Dm3MetricRegistriesImpl.java:addReporterRegistration(113)) - New reporters are added after registries were created. Some metrics will be missing from the reporter. Please add reporter before adding any new registry.
2024-02-06 10:04:11,483 [main] INFO  impl.MetricsSystemImpl (MetricsSystemImpl.java:init(158)) - HddsDatanode metrics system started (again)
2024-02-06 10:04:11,487 [b79ed0a0-6c36-4ab9-80cb-79cc2b7dd541-DatanodeStateMachineTaskThread-0] INFO  datanode.InitDatanodeState (InitDatanodeState.java:persistContainerDatanodeDetails(139)) - DatanodeDetails is persisted to /home/runner/work/ozone/ozone/hadoop-ozone/integration-test/target/test-dir/MiniOzoneClusterImpl-0ae4c21d-b8eb-4e36-9639-963ec8fb7de7/datanode-3/meta/datanode.id
2024-02-06 10:04:11,492 [main] INFO  ozone.HddsDatanodeService (HddsDatanodeService.java:start(240)) - HddsDatanodeService host:fv-az776-296 ip:10.1.0.5
2024-02-06 10:04:11,512 [main] INFO  upgrade.AbstractLayoutVersionManager (AbstractLayoutVersionManager.java:init(83)) - Initializing Layout version manager with metadata layout = HADOOP_PRC_PORTS_IN_DATANODEDETAILS (version = 7), software layout = HADOOP_PRC_PORTS_IN_DATANODEDETAILS (version = 7)
2024-02-06 10:04:11,513 [main] INFO  statemachine.DatanodeStateMachine (DatanodeStateMachine.java:getEndPointTaskThreadPoolSize(299)) - Datanode State Machine Task Thread Pool size 2
2024-02-06 10:04:11,514 [main] INFO  volume.HddsVolume (HddsVolume.java:<init>(125)) - Creating HddsVolume: /home/runner/work/ozone/ozone/hadoop-ozone/integration-test/target/test-dir/MiniOzoneClusterImpl-0ae4c21d-b8eb-4e36-9639-963ec8fb7de7/datanode-4/data-0/containers/hdds of storage type : DISK capacity : 9223372036854775807
2024-02-06 10:04:11,514 [main] INFO  volume.MutableVolumeSet (MutableVolumeSet.java:initializeVolumeSet(173)) - Added Volume : /home/runner/work/ozone/ozone/hadoop-ozone/integration-test/target/test-dir/MiniOzoneClusterImpl-0ae4c21d-b8eb-4e36-9639-963ec8fb7de7/datanode-4/data-0/containers/hdds to VolumeSet
2024-02-06 10:04:11,514 [main] INFO  volume.MutableVolumeSet (MutableVolumeSet.java:initializeVolumeSet(173)) - Added Volume : /home/runner/work/ozone/ozone/hadoop-ozone/integration-test/target/test-dir/MiniOzoneClusterImpl-0ae4c21d-b8eb-4e36-9639-963ec8fb7de7/datanode-4/data/ratis to VolumeSet
2024-02-06 10:04:11,515 [main] INFO  ozoneimpl.OzoneContainer (HddsVolumeUtil.java:loadAllHddsVolumeDbStore(103)) - Load 1 volumes DbStore cost: 0ms
2024-02-06 10:04:11,516 [main] INFO  server.RaftServer (ConfUtils.java:logGet(46)) - raft.rpc.type = GRPC (default)
2024-02-06 10:04:11,516 [main] INFO  grpc.GrpcConfigKeys (ConfUtils.java:logFallback(53)) - raft.grpc.admin.host = null (fallback to raft.grpc.server.host)
2024-02-06 10:04:11,517 [main] INFO  grpc.GrpcConfigKeys (ConfUtils.java:logGet(46)) - raft.grpc.admin.port = 15405 (custom)
2024-02-06 10:04:11,517 [main] INFO  grpc.GrpcConfigKeys (ConfUtils.java:logFallback(53)) - raft.grpc.client.host = null (fallback to raft.grpc.server.host)
2024-02-06 10:04:11,517 [main] INFO  grpc.GrpcConfigKeys (ConfUtils.java:logGet(46)) - raft.grpc.client.port = 15404 (custom)
2024-02-06 10:04:11,517 [main] INFO  grpc.GrpcConfigKeys (ConfUtils.java:logGet(46)) - raft.grpc.server.host = null (default)
2024-02-06 10:04:11,517 [main] INFO  grpc.GrpcConfigKeys (ConfUtils.java:logGet(46)) - raft.grpc.server.port = 15406 (custom)
2024-02-06 10:04:11,517 [main] INFO  server.GrpcService (ConfUtils.java:logGet(46)) - raft.grpc.message.size.max = 32MB (=33554432) (custom)
2024-02-06 10:04:11,517 [main] INFO  server.RaftServerConfigKeys (ConfUtils.java:logGet(46)) - raft.server.log.appender.buffer.byte-limit = 8388608 (custom)
2024-02-06 10:04:11,517 [main] INFO  server.GrpcService (ConfUtils.java:logGet(46)) - raft.grpc.flow.control.window = 5MB (=5242880) (custom)
2024-02-06 10:04:11,518 [main] INFO  server.RaftServerConfigKeys (ConfUtils.java:logGet(46)) - raft.server.rpc.request.timeout = 3000ms (default)
2024-02-06 10:04:11,518 [main] INFO  grpc.GrpcConfigKeys (ConfUtils.java:logGet(46)) - raft.grpc.server.heartbeat.channel = true (default)
2024-02-06 10:04:11,518 [main] INFO  grpc.GrpcConfigKeys (ConfUtils.java:logGet(46)) - raft.grpc.server.async.request.thread.pool.cached = true (default)
2024-02-06 10:04:11,518 [main] INFO  grpc.GrpcConfigKeys (ConfUtils.java:logGet(46)) - raft.grpc.server.async.request.thread.pool.size = 32 (default)
2024-02-06 10:04:11,520 [main] INFO  impl.DataStreamServerImpl (ConfUtils.java:logGet(46)) - raft.datastream.type = NETTY (custom)
2024-02-06 10:04:11,520 [main] INFO  server.RaftServerConfigKeys (ConfUtils.java:logGet(46)) - raft.server.data-stream.async.request.thread.pool.cached = false (default)
2024-02-06 10:04:11,520 [main] INFO  server.RaftServerConfigKeys (ConfUtils.java:logGet(46)) - raft.server.data-stream.async.request.thread.pool.size = 20 (custom)
2024-02-06 10:04:11,520 [main] INFO  server.RaftServerConfigKeys (ConfUtils.java:logGet(46)) - raft.server.data-stream.async.write.thread.pool.size = 16 (default)
2024-02-06 10:04:11,520 [main] INFO  netty.NettyConfigKeys$DataStream (ConfUtils.java:logGet(46)) - raft.netty.dataStream.server.channel.inactive.grace-period = 10min (default)
2024-02-06 10:04:11,520 [main] INFO  server.RaftServerConfigKeys (ConfUtils.java:logGet(46)) - raft.server.data-stream.client.pool.size = 10 (default)
2024-02-06 10:04:11,520 [main] INFO  netty.NettyConfigKeys$DataStream (ConfUtils.java:logGet(46)) - raft.netty.dataStream.server.use-epoll = true (default)
2024-02-06 10:04:11,520 [main] INFO  netty.NettyConfigKeys$DataStream (ConfUtils.java:logGet(46)) - raft.netty.dataStream.server.boss-group.size = 0 (default)
2024-02-06 10:04:11,520 [main] INFO  netty.NettyUtils (NettyUtils.java:newEventLoopGroup(69)) - Create EpollEventLoopGroup for ec6898a0-344d-48d8-8a85-11fa109d489b-NettyServerStreamRpc-bossGroup; Thread size is 0.
2024-02-06 10:04:11,521 [main] INFO  netty.NettyConfigKeys$DataStream (ConfUtils.java:logGet(46)) - raft.netty.dataStream.server.worker-group.size = 0 (default)
2024-02-06 10:04:11,521 [main] INFO  netty.NettyUtils (NettyUtils.java:newEventLoopGroup(69)) - Create EpollEventLoopGroup for ec6898a0-344d-48d8-8a85-11fa109d489b-NettyServerStreamRpc-workerGroup; Thread size is 0.
2024-02-06 10:04:11,521 [main] INFO  netty.NettyConfigKeys$DataStream (ConfUtils.java:logGet(46)) - raft.netty.dataStream.server.tls.conf = null (default)
2024-02-06 10:04:11,521 [main] INFO  netty.NettyConfigKeys$DataStream (ConfUtils.java:logGet(46)) - raft.netty.dataStream.host = null (default)
2024-02-06 10:04:11,521 [main] INFO  netty.NettyConfigKeys$DataStream (ConfUtils.java:logGet(46)) - raft.netty.dataStream.port = 15407 (custom)
2024-02-06 10:04:11,522 [main] INFO  server.RaftServerConfigKeys (ConfUtils.java:logGet(46)) - raft.server.sleep.deviation.threshold = 300ms (default)
2024-02-06 10:04:11,522 [main] INFO  server.RaftServerConfigKeys (ConfUtils.java:logGet(46)) - raft.server.close.threshold = 60s (default)
2024-02-06 10:04:11,522 [ec6898a0-344d-48d8-8a85-11fa109d489b-NettyServerStreamRpc-bossGroup--thread1] INFO  logging.LoggingHandler (AbstractInternalLogger.java:log(148)) - [id: 0xde71cdaa] REGISTERED
2024-02-06 10:04:11,522 [main] INFO  server.RaftServerConfigKeys (ConfUtils.java:logGet(46)) - raft.server.leaderelection.leader.step-down.wait-time = 10s (default)
2024-02-06 10:04:11,522 [ec6898a0-344d-48d8-8a85-11fa109d489b-NettyServerStreamRpc-bossGroup--thread1] INFO  logging.LoggingHandler (AbstractInternalLogger.java:log(148)) - [id: 0xde71cdaa] BIND: 0.0.0.0/0.0.0.0:15407
2024-02-06 10:04:11,522 [main] INFO  server.RaftServerConfigKeys (ConfUtils.java:logGet(46)) - raft.server.storage.dir = [/home/runner/work/ozone/ozone/hadoop-ozone/integration-test/target/test-dir/MiniOzoneClusterImpl-0ae4c21d-b8eb-4e36-9639-963ec8fb7de7/datanode-4/data/ratis] (custom)
2024-02-06 10:04:11,522 [ec6898a0-344d-48d8-8a85-11fa109d489b-NettyServerStreamRpc-bossGroup--thread1] INFO  logging.LoggingHandler (AbstractInternalLogger.java:log(148)) - [id: 0xde71cdaa, L:/0.0.0.0:15407] ACTIVE
2024-02-06 10:04:11,523 [main] INFO  server.RaftServerConfigKeys (ConfUtils.java:logGet(46)) - raft.server.threadpool.proxy.cached = true (default)
2024-02-06 10:04:11,523 [main] INFO  server.RaftServerConfigKeys (ConfUtils.java:logGet(46)) - raft.server.threadpool.proxy.size = 0 (default)
2024-02-06 10:04:11,523 [ec6898a0-344d-48d8-8a85-11fa109d489b-impl-thread1] INFO  server.RaftServer (RaftServerProxy.java:initGroupDir(264)) - ec6898a0-344d-48d8-8a85-11fa109d489b: found a subdirectory /home/runner/work/ozone/ozone/hadoop-ozone/integration-test/target/test-dir/MiniOzoneClusterImpl-0ae4c21d-b8eb-4e36-9639-963ec8fb7de7/datanode-4/data/ratis/tmp
2024-02-06 10:04:11,523 [ec6898a0-344d-48d8-8a85-11fa109d489b-impl-thread1] INFO  server.RaftServer (RaftServerProxy.java:initGroupDir(269)) - ec6898a0-344d-48d8-8a85-11fa109d489b: The directory /home/runner/work/ozone/ozone/hadoop-ozone/integration-test/target/test-dir/MiniOzoneClusterImpl-0ae4c21d-b8eb-4e36-9639-963ec8fb7de7/datanode-4/data/ratis/tmp is not a group directory; ignoring it. 
2024-02-06 10:04:11,523 [main] INFO  replication.ReplicationServer (ReplicationServer.java:<init>(86)) - Initializing replication server with thread count = 10 queue length = 4096
2024-02-06 10:04:11,524 [main] INFO  server.XceiverServerGrpc (XceiverServerGrpc.java:<init>(141)) - GrpcServer channel type EpollServerSocketChannel
2024-02-06 10:04:11,526 [main] INFO  replication.ReplicationSupervisor (ReplicationSupervisor.java:build(163)) - Initializing replication supervisor with thread count = 10
2024-02-06 10:04:11,526 [main] INFO  replication.ReplicationSupervisor (ReplicationSupervisor.java:nodeStateUpdated(317)) - Node state updated to IN_SERVICE, scaling executor pool size to 10
2024-02-06 10:04:11,527 [main] INFO  http.BaseHttpServer (BaseHttpServer.java:newHttpServer2BuilderForOzone(223)) - Starting Web-server for hddsDatanode at: http://0.0.0.0:15401
2024-02-06 10:04:11,527 [main] INFO  http.BaseHttpServer (BaseHttpServer.java:<init>(110)) - Hadoop Security Enabled: false Ozone Security Enabled: false Ozone HTTP Security Enabled: false 
2024-02-06 10:04:11,528 [main] WARN  server.AuthenticationFilter (AuthenticationFilter.java:constructSecretProvider(240)) - Unable to initialize FileSignerSecretProvider, falling back to use random secrets. Reason: Could not read signature secret file: /home/runner/hadoop-http-auth-signature-secret
2024-02-06 10:04:11,533 [main] INFO  http.HttpRequestLog (HttpRequestLog.java:getRequestLog(86)) - Http request log for http.requests.hddsDatanode is not defined
2024-02-06 10:04:11,534 [main] INFO  http.HttpServer2 (HttpServer2.java:addGlobalFilter(1036)) - Added global filter 'safety' (class=org.apache.hadoop.hdds.server.http.HttpServer2$QuotingInputFilter)
2024-02-06 10:04:11,534 [main] INFO  http.HttpServer2 (HttpServer2.java:addFilter(1012)) - Added filter static_user_filter (class=org.apache.hadoop.http.lib.StaticUserWebFilter$StaticUserFilter) to context hddsDatanode
2024-02-06 10:04:11,534 [main] INFO  http.HttpServer2 (HttpServer2.java:addFilter(1020)) - Added filter static_user_filter (class=org.apache.hadoop.http.lib.StaticUserWebFilter$StaticUserFilter) to context static
2024-02-06 10:04:11,534 [main] INFO  http.HttpServer2 (HttpServer2.java:addFilter(1020)) - Added filter static_user_filter (class=org.apache.hadoop.http.lib.StaticUserWebFilter$StaticUserFilter) to context logs
2024-02-06 10:04:11,535 [main] INFO  http.BaseHttpServer (BaseHttpServer.java:<init>(189)) - HTTP server of hddsDatanode uses base directory /home/runner/work/ozone/ozone/hadoop-ozone/integration-test/target/test-dir/MiniOzoneClusterImpl-0ae4c21d-b8eb-4e36-9639-963ec8fb7de7/datanode-4/meta/webserver
2024-02-06 10:04:11,535 [main] INFO  http.HttpServer2 (HttpServer2.java:bindListener(1236)) - Jetty bound to port 15401
2024-02-06 10:04:11,535 [main] INFO  server.Server (Server.java:doStart(375)) - jetty-9.4.53.v20231009; built: 2023-10-09T12:29:09.265Z; git: 27bde00a0b95a1d5bbee0eae7984f891d2d0f8c9; jvm 1.8.0_402-b06
2024-02-06 10:04:11,536 [main] INFO  server.session (DefaultSessionIdManager.java:doStart(334)) - DefaultSessionIdManager workerName=node0
2024-02-06 10:04:11,537 [main] INFO  server.session (DefaultSessionIdManager.java:doStart(339)) - No SessionScavenger set, using defaults
2024-02-06 10:04:11,537 [main] INFO  server.session (HouseKeeper.java:startScavenging(132)) - node0 Scavenging every 600000ms
2024-02-06 10:04:11,541 [main] INFO  handler.ContextHandler (ContextHandler.java:doStart(921)) - Started o.e.j.s.ServletContextHandler@4277599c{logs,/logs,file:///home/runner/work/ozone/ozone/hadoop-ozone/integration-test/target/log,AVAILABLE}
2024-02-06 10:04:11,541 [main] INFO  handler.ContextHandler (ContextHandler.java:doStart(921)) - Started o.e.j.s.ServletContextHandler@4939e1d8{static,/static,jar:file:/home/runner/.m2/repository/org/apache/ozone/hdds-container-service/1.5.0-SNAPSHOT/hdds-container-service-1.5.0-SNAPSHOT.jar!/webapps/static,AVAILABLE}
2024-02-06 10:04:11,581 [main] INFO  handler.ContextHandler (ContextHandler.java:doStart(921)) - Started o.e.j.w.WebAppContext@338b7bd9{hddsDatanode,/,file:///home/runner/work/ozone/ozone/hadoop-ozone/integration-test/target/test-dir/MiniOzoneClusterImpl-0ae4c21d-b8eb-4e36-9639-963ec8fb7de7/datanode-4/meta/webserver/jetty-0_0_0_0-15401-hdds-container-service-1_5_0-SNAPSHOT_jar-_-any-3325281255363242333/webapp/,AVAILABLE}{jar:file:/home/runner/.m2/repository/org/apache/ozone/hdds-container-service/1.5.0-SNAPSHOT/hdds-container-service-1.5.0-SNAPSHOT.jar!/webapps/hddsDatanode}
2024-02-06 10:04:11,583 [main] INFO  server.AbstractConnector (AbstractConnector.java:doStart(333)) - Started ServerConnector@1f063314{HTTP/1.1, (http/1.1)}{0.0.0.0:15401}
2024-02-06 10:04:11,583 [main] INFO  server.Server (Server.java:doStart(415)) - Started @133633ms
2024-02-06 10:04:11,584 [main] WARN  impl.MetricsSystemImpl (MetricsSystemImpl.java:register(279)) - Sink prometheus already exists!
2024-02-06 10:04:11,584 [main] INFO  http.BaseHttpServer (BaseHttpServer.java:updateConnectorAddress(354)) - HTTP server of hddsDatanode listening at http://0.0.0.0:15401
2024-02-06 10:04:11,584 [main] INFO  ipc.CallQueueManager (CallQueueManager.java:<init>(90)) - Using callQueue: class java.util.concurrent.LinkedBlockingQueue, queueCapacity: 100, scheduler: class org.apache.hadoop.ipc.DefaultRpcScheduler, ipcBackoff: false.
2024-02-06 10:04:11,585 [main] INFO  ipc.Server (Server.java:<init>(1287)) - Listener at 0.0.0.0:15402
2024-02-06 10:04:11,585 [Socket Reader #1 for port 15402] INFO  ipc.Server (Server.java:run(1323)) - Starting Socket Reader #1 for port 15402
2024-02-06 10:04:11,586 [main] INFO  ozone.HddsDatanodeService (HddsDatanodeService.java:start(327)) - Datanode start with admins: [runner]
2024-02-06 10:04:11,586 [main] INFO  ozone.HddsDatanodeClientProtocolServer (HddsDatanodeClientProtocolServer.java:start(72)) - RPC server for Client /0.0.0.0:15402
2024-02-06 10:04:11,587 [IPC Server Responder] INFO  ipc.Server (Server.java:run(1562)) - IPC Server Responder: starting
2024-02-06 10:04:11,591 [IPC Server listener on 15402] INFO  ipc.Server (Server.java:run(1402)) - IPC Server listener on 15402: starting
2024-02-06 10:04:11,592 [ec6898a0-344d-48d8-8a85-11fa109d489b-DatanodeStateMachineDaemonThread] INFO  statemachine.DatanodeStateMachine (DatanodeStateMachine.java:lambda$startDaemon$1(555)) - Ozone container server started.
2024-02-06 10:04:11,592 [main] WARN  dropwizard3.Dm3MetricRegistriesImpl (Dm3MetricRegistriesImpl.java:addReporterRegistration(113)) - New reporters are added after registries were created. Some metrics will be missing from the reporter. Please add reporter before adding any new registry.
2024-02-06 10:04:11,593 [main] WARN  dropwizard3.Dm3MetricRegistriesImpl (Dm3MetricRegistriesImpl.java:addReporterRegistration(113)) - New reporters are added after registries were created. Some metrics will be missing from the reporter. Please add reporter before adding any new registry.
2024-02-06 10:04:11,594 [main] INFO  impl.MetricsSystemImpl (MetricsSystemImpl.java:init(158)) - HddsDatanode metrics system started (again)
2024-02-06 10:04:11,595 [ec6898a0-344d-48d8-8a85-11fa109d489b-DatanodeStateMachineTaskThread-0] INFO  datanode.InitDatanodeState (InitDatanodeState.java:persistContainerDatanodeDetails(139)) - DatanodeDetails is persisted to /home/runner/work/ozone/ozone/hadoop-ozone/integration-test/target/test-dir/MiniOzoneClusterImpl-0ae4c21d-b8eb-4e36-9639-963ec8fb7de7/datanode-4/meta/datanode.id
2024-02-06 10:04:11,603 [main] INFO  ozone.HddsDatanodeService (HddsDatanodeService.java:start(240)) - HddsDatanodeService host:fv-az776-296 ip:10.1.0.5
2024-02-06 10:04:11,623 [main] INFO  upgrade.AbstractLayoutVersionManager (AbstractLayoutVersionManager.java:init(83)) - Initializing Layout version manager with metadata layout = HADOOP_PRC_PORTS_IN_DATANODEDETAILS (version = 7), software layout = HADOOP_PRC_PORTS_IN_DATANODEDETAILS (version = 7)
2024-02-06 10:04:11,623 [main] INFO  statemachine.DatanodeStateMachine (DatanodeStateMachine.java:getEndPointTaskThreadPoolSize(299)) - Datanode State Machine Task Thread Pool size 2
2024-02-06 10:04:11,624 [main] INFO  volume.HddsVolume (HddsVolume.java:<init>(125)) - Creating HddsVolume: /home/runner/work/ozone/ozone/hadoop-ozone/integration-test/target/test-dir/MiniOzoneClusterImpl-0ae4c21d-b8eb-4e36-9639-963ec8fb7de7/datanode-5/data-0/containers/hdds of storage type : DISK capacity : 9223372036854775807
2024-02-06 10:04:11,624 [main] INFO  volume.MutableVolumeSet (MutableVolumeSet.java:initializeVolumeSet(173)) - Added Volume : /home/runner/work/ozone/ozone/hadoop-ozone/integration-test/target/test-dir/MiniOzoneClusterImpl-0ae4c21d-b8eb-4e36-9639-963ec8fb7de7/datanode-5/data-0/containers/hdds to VolumeSet
2024-02-06 10:04:11,625 [main] INFO  volume.MutableVolumeSet (MutableVolumeSet.java:initializeVolumeSet(173)) - Added Volume : /home/runner/work/ozone/ozone/hadoop-ozone/integration-test/target/test-dir/MiniOzoneClusterImpl-0ae4c21d-b8eb-4e36-9639-963ec8fb7de7/datanode-5/data/ratis to VolumeSet
2024-02-06 10:04:11,625 [main] INFO  ozoneimpl.OzoneContainer (HddsVolumeUtil.java:loadAllHddsVolumeDbStore(103)) - Load 1 volumes DbStore cost: 0ms
2024-02-06 10:04:11,627 [main] INFO  server.RaftServer (ConfUtils.java:logGet(46)) - raft.rpc.type = GRPC (default)
2024-02-06 10:04:11,627 [main] INFO  grpc.GrpcConfigKeys (ConfUtils.java:logFallback(53)) - raft.grpc.admin.host = null (fallback to raft.grpc.server.host)
2024-02-06 10:04:11,627 [main] INFO  grpc.GrpcConfigKeys (ConfUtils.java:logGet(46)) - raft.grpc.admin.port = 15414 (custom)
2024-02-06 10:04:11,627 [main] INFO  grpc.GrpcConfigKeys (ConfUtils.java:logFallback(53)) - raft.grpc.client.host = null (fallback to raft.grpc.server.host)
2024-02-06 10:04:11,627 [main] INFO  grpc.GrpcConfigKeys (ConfUtils.java:logGet(46)) - raft.grpc.client.port = 15413 (custom)
2024-02-06 10:04:11,627 [main] INFO  grpc.GrpcConfigKeys (ConfUtils.java:logGet(46)) - raft.grpc.server.host = null (default)
2024-02-06 10:04:11,628 [main] INFO  grpc.GrpcConfigKeys (ConfUtils.java:logGet(46)) - raft.grpc.server.port = 15415 (custom)
2024-02-06 10:04:11,628 [main] INFO  server.GrpcService (ConfUtils.java:logGet(46)) - raft.grpc.message.size.max = 32MB (=33554432) (custom)
2024-02-06 10:04:11,628 [main] INFO  server.RaftServerConfigKeys (ConfUtils.java:logGet(46)) - raft.server.log.appender.buffer.byte-limit = 8388608 (custom)
2024-02-06 10:04:11,628 [main] INFO  server.GrpcService (ConfUtils.java:logGet(46)) - raft.grpc.flow.control.window = 5MB (=5242880) (custom)
2024-02-06 10:04:11,628 [main] INFO  server.RaftServerConfigKeys (ConfUtils.java:logGet(46)) - raft.server.rpc.request.timeout = 3000ms (default)
2024-02-06 10:04:11,628 [main] INFO  grpc.GrpcConfigKeys (ConfUtils.java:logGet(46)) - raft.grpc.server.heartbeat.channel = true (default)
2024-02-06 10:04:11,628 [main] INFO  grpc.GrpcConfigKeys (ConfUtils.java:logGet(46)) - raft.grpc.server.async.request.thread.pool.cached = true (default)
2024-02-06 10:04:11,628 [main] INFO  grpc.GrpcConfigKeys (ConfUtils.java:logGet(46)) - raft.grpc.server.async.request.thread.pool.size = 32 (default)
2024-02-06 10:04:11,630 [main] INFO  impl.DataStreamServerImpl (ConfUtils.java:logGet(46)) - raft.datastream.type = NETTY (custom)
2024-02-06 10:04:11,630 [main] INFO  server.RaftServerConfigKeys (ConfUtils.java:logGet(46)) - raft.server.data-stream.async.request.thread.pool.cached = false (default)
2024-02-06 10:04:11,631 [main] INFO  server.RaftServerConfigKeys (ConfUtils.java:logGet(46)) - raft.server.data-stream.async.request.thread.pool.size = 20 (custom)
2024-02-06 10:04:11,631 [main] INFO  server.RaftServerConfigKeys (ConfUtils.java:logGet(46)) - raft.server.data-stream.async.write.thread.pool.size = 16 (default)
2024-02-06 10:04:11,631 [main] INFO  netty.NettyConfigKeys$DataStream (ConfUtils.java:logGet(46)) - raft.netty.dataStream.server.channel.inactive.grace-period = 10min (default)
2024-02-06 10:04:11,631 [main] INFO  server.RaftServerConfigKeys (ConfUtils.java:logGet(46)) - raft.server.data-stream.client.pool.size = 10 (default)
2024-02-06 10:04:11,631 [main] INFO  netty.NettyConfigKeys$DataStream (ConfUtils.java:logGet(46)) - raft.netty.dataStream.server.use-epoll = true (default)
2024-02-06 10:04:11,631 [main] INFO  netty.NettyConfigKeys$DataStream (ConfUtils.java:logGet(46)) - raft.netty.dataStream.server.boss-group.size = 0 (default)
2024-02-06 10:04:11,631 [main] INFO  netty.NettyUtils (NettyUtils.java:newEventLoopGroup(69)) - Create EpollEventLoopGroup for f44971dd-a974-44f1-968d-f8ef2d671d75-NettyServerStreamRpc-bossGroup; Thread size is 0.
2024-02-06 10:04:11,632 [main] INFO  netty.NettyConfigKeys$DataStream (ConfUtils.java:logGet(46)) - raft.netty.dataStream.server.worker-group.size = 0 (default)
2024-02-06 10:04:11,632 [main] INFO  netty.NettyUtils (NettyUtils.java:newEventLoopGroup(69)) - Create EpollEventLoopGroup for f44971dd-a974-44f1-968d-f8ef2d671d75-NettyServerStreamRpc-workerGroup; Thread size is 0.
2024-02-06 10:04:11,632 [main] INFO  netty.NettyConfigKeys$DataStream (ConfUtils.java:logGet(46)) - raft.netty.dataStream.server.tls.conf = null (default)
2024-02-06 10:04:11,632 [main] INFO  netty.NettyConfigKeys$DataStream (ConfUtils.java:logGet(46)) - raft.netty.dataStream.host = null (default)
2024-02-06 10:04:11,632 [main] INFO  netty.NettyConfigKeys$DataStream (ConfUtils.java:logGet(46)) - raft.netty.dataStream.port = 15416 (custom)
2024-02-06 10:04:11,633 [main] INFO  server.RaftServerConfigKeys (ConfUtils.java:logGet(46)) - raft.server.sleep.deviation.threshold = 300ms (default)
2024-02-06 10:04:11,633 [main] INFO  server.RaftServerConfigKeys (ConfUtils.java:logGet(46)) - raft.server.close.threshold = 60s (default)
2024-02-06 10:04:11,633 [f44971dd-a974-44f1-968d-f8ef2d671d75-NettyServerStreamRpc-bossGroup--thread1] INFO  logging.LoggingHandler (AbstractInternalLogger.java:log(148)) - [id: 0x9b15600a] REGISTERED
2024-02-06 10:04:11,633 [main] INFO  server.RaftServerConfigKeys (ConfUtils.java:logGet(46)) - raft.server.leaderelection.leader.step-down.wait-time = 10s (default)
2024-02-06 10:04:11,633 [f44971dd-a974-44f1-968d-f8ef2d671d75-NettyServerStreamRpc-bossGroup--thread1] INFO  logging.LoggingHandler (AbstractInternalLogger.java:log(148)) - [id: 0x9b15600a] BIND: 0.0.0.0/0.0.0.0:15416
2024-02-06 10:04:11,633 [main] INFO  server.RaftServerConfigKeys (ConfUtils.java:logGet(46)) - raft.server.storage.dir = [/home/runner/work/ozone/ozone/hadoop-ozone/integration-test/target/test-dir/MiniOzoneClusterImpl-0ae4c21d-b8eb-4e36-9639-963ec8fb7de7/datanode-5/data/ratis] (custom)
2024-02-06 10:04:11,634 [f44971dd-a974-44f1-968d-f8ef2d671d75-NettyServerStreamRpc-bossGroup--thread1] INFO  logging.LoggingHandler (AbstractInternalLogger.java:log(148)) - [id: 0x9b15600a, L:/0.0.0.0:15416] ACTIVE
2024-02-06 10:04:11,634 [main] INFO  server.RaftServerConfigKeys (ConfUtils.java:logGet(46)) - raft.server.threadpool.proxy.cached = true (default)
2024-02-06 10:04:11,634 [main] INFO  server.RaftServerConfigKeys (ConfUtils.java:logGet(46)) - raft.server.threadpool.proxy.size = 0 (default)
2024-02-06 10:04:11,634 [f44971dd-a974-44f1-968d-f8ef2d671d75-impl-thread1] INFO  server.RaftServer (RaftServerProxy.java:initGroupDir(264)) - f44971dd-a974-44f1-968d-f8ef2d671d75: found a subdirectory /home/runner/work/ozone/ozone/hadoop-ozone/integration-test/target/test-dir/MiniOzoneClusterImpl-0ae4c21d-b8eb-4e36-9639-963ec8fb7de7/datanode-5/data/ratis/tmp
2024-02-06 10:04:11,635 [f44971dd-a974-44f1-968d-f8ef2d671d75-impl-thread1] INFO  server.RaftServer (RaftServerProxy.java:initGroupDir(269)) - f44971dd-a974-44f1-968d-f8ef2d671d75: The directory /home/runner/work/ozone/ozone/hadoop-ozone/integration-test/target/test-dir/MiniOzoneClusterImpl-0ae4c21d-b8eb-4e36-9639-963ec8fb7de7/datanode-5/data/ratis/tmp is not a group directory; ignoring it. 
2024-02-06 10:04:11,635 [main] INFO  replication.ReplicationServer (ReplicationServer.java:<init>(86)) - Initializing replication server with thread count = 10 queue length = 4096
2024-02-06 10:04:11,636 [main] INFO  server.XceiverServerGrpc (XceiverServerGrpc.java:<init>(141)) - GrpcServer channel type EpollServerSocketChannel
2024-02-06 10:04:11,637 [main] INFO  replication.ReplicationSupervisor (ReplicationSupervisor.java:build(163)) - Initializing replication supervisor with thread count = 10
2024-02-06 10:04:11,637 [main] INFO  replication.ReplicationSupervisor (ReplicationSupervisor.java:nodeStateUpdated(317)) - Node state updated to IN_SERVICE, scaling executor pool size to 10
2024-02-06 10:04:11,638 [main] INFO  http.BaseHttpServer (BaseHttpServer.java:newHttpServer2BuilderForOzone(223)) - Starting Web-server for hddsDatanode at: http://0.0.0.0:15410
2024-02-06 10:04:11,638 [main] INFO  http.BaseHttpServer (BaseHttpServer.java:<init>(110)) - Hadoop Security Enabled: false Ozone Security Enabled: false Ozone HTTP Security Enabled: false 
2024-02-06 10:04:11,639 [main] WARN  server.AuthenticationFilter (AuthenticationFilter.java:constructSecretProvider(240)) - Unable to initialize FileSignerSecretProvider, falling back to use random secrets. Reason: Could not read signature secret file: /home/runner/hadoop-http-auth-signature-secret
2024-02-06 10:04:11,639 [main] INFO  http.HttpRequestLog (HttpRequestLog.java:getRequestLog(86)) - Http request log for http.requests.hddsDatanode is not defined
2024-02-06 10:04:11,640 [main] INFO  http.HttpServer2 (HttpServer2.java:addGlobalFilter(1036)) - Added global filter 'safety' (class=org.apache.hadoop.hdds.server.http.HttpServer2$QuotingInputFilter)
2024-02-06 10:04:11,640 [main] INFO  http.HttpServer2 (HttpServer2.java:addFilter(1012)) - Added filter static_user_filter (class=org.apache.hadoop.http.lib.StaticUserWebFilter$StaticUserFilter) to context hddsDatanode
2024-02-06 10:04:11,640 [main] INFO  http.HttpServer2 (HttpServer2.java:addFilter(1020)) - Added filter static_user_filter (class=org.apache.hadoop.http.lib.StaticUserWebFilter$StaticUserFilter) to context static
2024-02-06 10:04:11,640 [main] INFO  http.HttpServer2 (HttpServer2.java:addFilter(1020)) - Added filter static_user_filter (class=org.apache.hadoop.http.lib.StaticUserWebFilter$StaticUserFilter) to context logs
2024-02-06 10:04:11,641 [main] INFO  http.BaseHttpServer (BaseHttpServer.java:<init>(189)) - HTTP server of hddsDatanode uses base directory /home/runner/work/ozone/ozone/hadoop-ozone/integration-test/target/test-dir/MiniOzoneClusterImpl-0ae4c21d-b8eb-4e36-9639-963ec8fb7de7/datanode-5/meta/webserver
2024-02-06 10:04:11,641 [main] INFO  http.HttpServer2 (HttpServer2.java:bindListener(1236)) - Jetty bound to port 15410
2024-02-06 10:04:11,641 [main] INFO  server.Server (Server.java:doStart(375)) - jetty-9.4.53.v20231009; built: 2023-10-09T12:29:09.265Z; git: 27bde00a0b95a1d5bbee0eae7984f891d2d0f8c9; jvm 1.8.0_402-b06
2024-02-06 10:04:11,642 [main] INFO  server.session (DefaultSessionIdManager.java:doStart(334)) - DefaultSessionIdManager workerName=node0
2024-02-06 10:04:11,642 [main] INFO  server.session (DefaultSessionIdManager.java:doStart(339)) - No SessionScavenger set, using defaults
2024-02-06 10:04:11,642 [main] INFO  server.session (HouseKeeper.java:startScavenging(132)) - node0 Scavenging every 660000ms
2024-02-06 10:04:11,642 [main] INFO  handler.ContextHandler (ContextHandler.java:doStart(921)) - Started o.e.j.s.ServletContextHandler@66140c8b{logs,/logs,file:///home/runner/work/ozone/ozone/hadoop-ozone/integration-test/target/log,AVAILABLE}
2024-02-06 10:04:11,643 [main] INFO  handler.ContextHandler (ContextHandler.java:doStart(921)) - Started o.e.j.s.ServletContextHandler@47b4de76{static,/static,jar:file:/home/runner/.m2/repository/org/apache/ozone/hdds-container-service/1.5.0-SNAPSHOT/hdds-container-service-1.5.0-SNAPSHOT.jar!/webapps/static,AVAILABLE}
2024-02-06 10:04:11,674 [main] INFO  handler.ContextHandler (ContextHandler.java:doStart(921)) - Started o.e.j.w.WebAppContext@4565b89c{hddsDatanode,/,file:///home/runner/work/ozone/ozone/hadoop-ozone/integration-test/target/test-dir/MiniOzoneClusterImpl-0ae4c21d-b8eb-4e36-9639-963ec8fb7de7/datanode-5/meta/webserver/jetty-0_0_0_0-15410-hdds-container-service-1_5_0-SNAPSHOT_jar-_-any-3914680946015026856/webapp/,AVAILABLE}{jar:file:/home/runner/.m2/repository/org/apache/ozone/hdds-container-service/1.5.0-SNAPSHOT/hdds-container-service-1.5.0-SNAPSHOT.jar!/webapps/hddsDatanode}
2024-02-06 10:04:11,678 [main] INFO  server.AbstractConnector (AbstractConnector.java:doStart(333)) - Started ServerConnector@1cf5e516{HTTP/1.1, (http/1.1)}{0.0.0.0:15410}
2024-02-06 10:04:11,678 [main] INFO  server.Server (Server.java:doStart(415)) - Started @133728ms
2024-02-06 10:04:11,678 [main] WARN  impl.MetricsSystemImpl (MetricsSystemImpl.java:register(279)) - Sink prometheus already exists!
2024-02-06 10:04:11,679 [main] INFO  http.BaseHttpServer (BaseHttpServer.java:updateConnectorAddress(354)) - HTTP server of hddsDatanode listening at http://0.0.0.0:15410
2024-02-06 10:04:11,679 [main] INFO  ipc.CallQueueManager (CallQueueManager.java:<init>(90)) - Using callQueue: class java.util.concurrent.LinkedBlockingQueue, queueCapacity: 100, scheduler: class org.apache.hadoop.ipc.DefaultRpcScheduler, ipcBackoff: false.
2024-02-06 10:04:11,679 [main] INFO  ipc.Server (Server.java:<init>(1287)) - Listener at 0.0.0.0:15411
2024-02-06 10:04:11,680 [Socket Reader #1 for port 15411] INFO  ipc.Server (Server.java:run(1323)) - Starting Socket Reader #1 for port 15411
2024-02-06 10:04:11,681 [main] INFO  ozone.HddsDatanodeService (HddsDatanodeService.java:start(327)) - Datanode start with admins: [runner]
2024-02-06 10:04:11,681 [main] INFO  ozone.HddsDatanodeClientProtocolServer (HddsDatanodeClientProtocolServer.java:start(72)) - RPC server for Client /0.0.0.0:15411
2024-02-06 10:04:11,682 [IPC Server Responder] INFO  ipc.Server (Server.java:run(1562)) - IPC Server Responder: starting
2024-02-06 10:04:11,685 [IPC Server listener on 15411] INFO  ipc.Server (Server.java:run(1402)) - IPC Server listener on 15411: starting
2024-02-06 10:04:11,685 [main] WARN  dropwizard3.Dm3MetricRegistriesImpl (Dm3MetricRegistriesImpl.java:addReporterRegistration(113)) - New reporters are added after registries were created. Some metrics will be missing from the reporter. Please add reporter before adding any new registry.
2024-02-06 10:04:11,686 [main] WARN  dropwizard3.Dm3MetricRegistriesImpl (Dm3MetricRegistriesImpl.java:addReporterRegistration(113)) - New reporters are added after registries were created. Some metrics will be missing from the reporter. Please add reporter before adding any new registry.
2024-02-06 10:04:11,686 [main] INFO  impl.MetricsSystemImpl (MetricsSystemImpl.java:init(158)) - HddsDatanode metrics system started (again)
2024-02-06 10:04:11,687 [f44971dd-a974-44f1-968d-f8ef2d671d75-DatanodeStateMachineDaemonThread] INFO  statemachine.DatanodeStateMachine (DatanodeStateMachine.java:lambda$startDaemon$1(555)) - Ozone container server started.
2024-02-06 10:04:11,696 [f44971dd-a974-44f1-968d-f8ef2d671d75-DatanodeStateMachineTaskThread-0] INFO  datanode.InitDatanodeState (InitDatanodeState.java:persistContainerDatanodeDetails(139)) - DatanodeDetails is persisted to /home/runner/work/ozone/ozone/hadoop-ozone/integration-test/target/test-dir/MiniOzoneClusterImpl-0ae4c21d-b8eb-4e36-9639-963ec8fb7de7/datanode-5/meta/datanode.id
2024-02-06 10:04:11,697 [main] INFO  ozone.HddsDatanodeService (HddsDatanodeService.java:start(240)) - HddsDatanodeService host:fv-az776-296 ip:10.1.0.5
2024-02-06 10:04:11,713 [main] INFO  upgrade.AbstractLayoutVersionManager (AbstractLayoutVersionManager.java:init(83)) - Initializing Layout version manager with metadata layout = HADOOP_PRC_PORTS_IN_DATANODEDETAILS (version = 7), software layout = HADOOP_PRC_PORTS_IN_DATANODEDETAILS (version = 7)
2024-02-06 10:04:11,713 [main] INFO  statemachine.DatanodeStateMachine (DatanodeStateMachine.java:getEndPointTaskThreadPoolSize(299)) - Datanode State Machine Task Thread Pool size 2
2024-02-06 10:04:11,714 [main] INFO  volume.HddsVolume (HddsVolume.java:<init>(125)) - Creating HddsVolume: /home/runner/work/ozone/ozone/hadoop-ozone/integration-test/target/test-dir/MiniOzoneClusterImpl-0ae4c21d-b8eb-4e36-9639-963ec8fb7de7/datanode-6/data-0/containers/hdds of storage type : DISK capacity : 9223372036854775807
2024-02-06 10:04:11,715 [main] INFO  volume.MutableVolumeSet (MutableVolumeSet.java:initializeVolumeSet(173)) - Added Volume : /home/runner/work/ozone/ozone/hadoop-ozone/integration-test/target/test-dir/MiniOzoneClusterImpl-0ae4c21d-b8eb-4e36-9639-963ec8fb7de7/datanode-6/data-0/containers/hdds to VolumeSet
2024-02-06 10:04:11,715 [main] INFO  volume.MutableVolumeSet (MutableVolumeSet.java:initializeVolumeSet(173)) - Added Volume : /home/runner/work/ozone/ozone/hadoop-ozone/integration-test/target/test-dir/MiniOzoneClusterImpl-0ae4c21d-b8eb-4e36-9639-963ec8fb7de7/datanode-6/data/ratis to VolumeSet
2024-02-06 10:04:11,716 [main] INFO  ozoneimpl.OzoneContainer (HddsVolumeUtil.java:loadAllHddsVolumeDbStore(103)) - Load 1 volumes DbStore cost: 1ms
2024-02-06 10:04:11,717 [main] INFO  server.RaftServer (ConfUtils.java:logGet(46)) - raft.rpc.type = GRPC (default)
2024-02-06 10:04:11,717 [main] INFO  grpc.GrpcConfigKeys (ConfUtils.java:logFallback(53)) - raft.grpc.admin.host = null (fallback to raft.grpc.server.host)
2024-02-06 10:04:11,717 [main] INFO  grpc.GrpcConfigKeys (ConfUtils.java:logGet(46)) - raft.grpc.admin.port = 15423 (custom)
2024-02-06 10:04:11,717 [main] INFO  grpc.GrpcConfigKeys (ConfUtils.java:logFallback(53)) - raft.grpc.client.host = null (fallback to raft.grpc.server.host)
2024-02-06 10:04:11,717 [main] INFO  grpc.GrpcConfigKeys (ConfUtils.java:logGet(46)) - raft.grpc.client.port = 15422 (custom)
2024-02-06 10:04:11,718 [main] INFO  grpc.GrpcConfigKeys (ConfUtils.java:logGet(46)) - raft.grpc.server.host = null (default)
2024-02-06 10:04:11,718 [main] INFO  grpc.GrpcConfigKeys (ConfUtils.java:logGet(46)) - raft.grpc.server.port = 15424 (custom)
2024-02-06 10:04:11,718 [main] INFO  server.GrpcService (ConfUtils.java:logGet(46)) - raft.grpc.message.size.max = 32MB (=33554432) (custom)
2024-02-06 10:04:11,718 [main] INFO  server.RaftServerConfigKeys (ConfUtils.java:logGet(46)) - raft.server.log.appender.buffer.byte-limit = 8388608 (custom)
2024-02-06 10:04:11,718 [main] INFO  server.GrpcService (ConfUtils.java:logGet(46)) - raft.grpc.flow.control.window = 5MB (=5242880) (custom)
2024-02-06 10:04:11,718 [main] INFO  server.RaftServerConfigKeys (ConfUtils.java:logGet(46)) - raft.server.rpc.request.timeout = 3000ms (default)
2024-02-06 10:04:11,718 [main] INFO  grpc.GrpcConfigKeys (ConfUtils.java:logGet(46)) - raft.grpc.server.heartbeat.channel = true (default)
2024-02-06 10:04:11,719 [main] INFO  grpc.GrpcConfigKeys (ConfUtils.java:logGet(46)) - raft.grpc.server.async.request.thread.pool.cached = true (default)
2024-02-06 10:04:11,719 [main] INFO  grpc.GrpcConfigKeys (ConfUtils.java:logGet(46)) - raft.grpc.server.async.request.thread.pool.size = 32 (default)
2024-02-06 10:04:11,720 [main] INFO  impl.DataStreamServerImpl (ConfUtils.java:logGet(46)) - raft.datastream.type = NETTY (custom)
2024-02-06 10:04:11,721 [main] INFO  server.RaftServerConfigKeys (ConfUtils.java:logGet(46)) - raft.server.data-stream.async.request.thread.pool.cached = false (default)
2024-02-06 10:04:11,721 [main] INFO  server.RaftServerConfigKeys (ConfUtils.java:logGet(46)) - raft.server.data-stream.async.request.thread.pool.size = 20 (custom)
2024-02-06 10:04:11,721 [main] INFO  server.RaftServerConfigKeys (ConfUtils.java:logGet(46)) - raft.server.data-stream.async.write.thread.pool.size = 16 (default)
2024-02-06 10:04:11,721 [main] INFO  netty.NettyConfigKeys$DataStream (ConfUtils.java:logGet(46)) - raft.netty.dataStream.server.channel.inactive.grace-period = 10min (default)
2024-02-06 10:04:11,721 [main] INFO  server.RaftServerConfigKeys (ConfUtils.java:logGet(46)) - raft.server.data-stream.client.pool.size = 10 (default)
2024-02-06 10:04:11,722 [main] INFO  netty.NettyConfigKeys$DataStream (ConfUtils.java:logGet(46)) - raft.netty.dataStream.server.use-epoll = true (default)
2024-02-06 10:04:11,722 [main] INFO  netty.NettyConfigKeys$DataStream (ConfUtils.java:logGet(46)) - raft.netty.dataStream.server.boss-group.size = 0 (default)
2024-02-06 10:04:11,722 [main] INFO  netty.NettyUtils (NettyUtils.java:newEventLoopGroup(69)) - Create EpollEventLoopGroup for 3978496b-7107-4711-aebb-7ffe7c8dd03a-NettyServerStreamRpc-bossGroup; Thread size is 0.
2024-02-06 10:04:11,722 [main] INFO  netty.NettyConfigKeys$DataStream (ConfUtils.java:logGet(46)) - raft.netty.dataStream.server.worker-group.size = 0 (default)
2024-02-06 10:04:11,722 [main] INFO  netty.NettyUtils (NettyUtils.java:newEventLoopGroup(69)) - Create EpollEventLoopGroup for 3978496b-7107-4711-aebb-7ffe7c8dd03a-NettyServerStreamRpc-workerGroup; Thread size is 0.
2024-02-06 10:04:11,722 [main] INFO  netty.NettyConfigKeys$DataStream (ConfUtils.java:logGet(46)) - raft.netty.dataStream.server.tls.conf = null (default)
2024-02-06 10:04:11,723 [main] INFO  netty.NettyConfigKeys$DataStream (ConfUtils.java:logGet(46)) - raft.netty.dataStream.host = null (default)
2024-02-06 10:04:11,723 [main] INFO  netty.NettyConfigKeys$DataStream (ConfUtils.java:logGet(46)) - raft.netty.dataStream.port = 15425 (custom)
2024-02-06 10:04:11,723 [main] INFO  server.RaftServerConfigKeys (ConfUtils.java:logGet(46)) - raft.server.sleep.deviation.threshold = 300ms (default)
2024-02-06 10:04:11,723 [main] INFO  server.RaftServerConfigKeys (ConfUtils.java:logGet(46)) - raft.server.close.threshold = 60s (default)
2024-02-06 10:04:11,723 [main] INFO  server.RaftServerConfigKeys (ConfUtils.java:logGet(46)) - raft.server.leaderelection.leader.step-down.wait-time = 10s (default)
2024-02-06 10:04:11,724 [main] INFO  server.RaftServerConfigKeys (ConfUtils.java:logGet(46)) - raft.server.storage.dir = [/home/runner/work/ozone/ozone/hadoop-ozone/integration-test/target/test-dir/MiniOzoneClusterImpl-0ae4c21d-b8eb-4e36-9639-963ec8fb7de7/datanode-6/data/ratis] (custom)
2024-02-06 10:04:11,724 [main] INFO  server.RaftServerConfigKeys (ConfUtils.java:logGet(46)) - raft.server.threadpool.proxy.cached = true (default)
2024-02-06 10:04:11,724 [main] INFO  server.RaftServerConfigKeys (ConfUtils.java:logGet(46)) - raft.server.threadpool.proxy.size = 0 (default)
2024-02-06 10:04:11,724 [3978496b-7107-4711-aebb-7ffe7c8dd03a-NettyServerStreamRpc-bossGroup--thread1] INFO  logging.LoggingHandler (AbstractInternalLogger.java:log(148)) - [id: 0x2b556f5f] REGISTERED
2024-02-06 10:04:11,725 [3978496b-7107-4711-aebb-7ffe7c8dd03a-NettyServerStreamRpc-bossGroup--thread1] INFO  logging.LoggingHandler (AbstractInternalLogger.java:log(148)) - [id: 0x2b556f5f] BIND: 0.0.0.0/0.0.0.0:15425
2024-02-06 10:04:11,725 [3978496b-7107-4711-aebb-7ffe7c8dd03a-NettyServerStreamRpc-bossGroup--thread1] INFO  logging.LoggingHandler (AbstractInternalLogger.java:log(148)) - [id: 0x2b556f5f, L:/0.0.0.0:15425] ACTIVE
2024-02-06 10:04:11,730 [3978496b-7107-4711-aebb-7ffe7c8dd03a-impl-thread1] INFO  server.RaftServer (RaftServerProxy.java:initGroupDir(264)) - 3978496b-7107-4711-aebb-7ffe7c8dd03a: found a subdirectory /home/runner/work/ozone/ozone/hadoop-ozone/integration-test/target/test-dir/MiniOzoneClusterImpl-0ae4c21d-b8eb-4e36-9639-963ec8fb7de7/datanode-6/data/ratis/tmp
2024-02-06 10:04:11,730 [3978496b-7107-4711-aebb-7ffe7c8dd03a-impl-thread1] INFO  server.RaftServer (RaftServerProxy.java:initGroupDir(269)) - 3978496b-7107-4711-aebb-7ffe7c8dd03a: The directory /home/runner/work/ozone/ozone/hadoop-ozone/integration-test/target/test-dir/MiniOzoneClusterImpl-0ae4c21d-b8eb-4e36-9639-963ec8fb7de7/datanode-6/data/ratis/tmp is not a group directory; ignoring it. 
2024-02-06 10:04:11,730 [main] INFO  replication.ReplicationServer (ReplicationServer.java:<init>(86)) - Initializing replication server with thread count = 10 queue length = 4096
2024-02-06 10:04:11,732 [main] INFO  server.XceiverServerGrpc (XceiverServerGrpc.java:<init>(141)) - GrpcServer channel type EpollServerSocketChannel
2024-02-06 10:04:11,733 [main] INFO  replication.ReplicationSupervisor (ReplicationSupervisor.java:build(163)) - Initializing replication supervisor with thread count = 10
2024-02-06 10:04:11,733 [main] INFO  replication.ReplicationSupervisor (ReplicationSupervisor.java:nodeStateUpdated(317)) - Node state updated to IN_SERVICE, scaling executor pool size to 10
2024-02-06 10:04:11,734 [main] INFO  http.BaseHttpServer (BaseHttpServer.java:newHttpServer2BuilderForOzone(223)) - Starting Web-server for hddsDatanode at: http://0.0.0.0:15419
2024-02-06 10:04:11,735 [main] INFO  http.BaseHttpServer (BaseHttpServer.java:<init>(110)) - Hadoop Security Enabled: false Ozone Security Enabled: false Ozone HTTP Security Enabled: false 
2024-02-06 10:04:11,735 [main] WARN  server.AuthenticationFilter (AuthenticationFilter.java:constructSecretProvider(240)) - Unable to initialize FileSignerSecretProvider, falling back to use random secrets. Reason: Could not read signature secret file: /home/runner/hadoop-http-auth-signature-secret
2024-02-06 10:04:11,736 [main] INFO  http.HttpRequestLog (HttpRequestLog.java:getRequestLog(86)) - Http request log for http.requests.hddsDatanode is not defined
2024-02-06 10:04:11,737 [main] INFO  http.HttpServer2 (HttpServer2.java:addGlobalFilter(1036)) - Added global filter 'safety' (class=org.apache.hadoop.hdds.server.http.HttpServer2$QuotingInputFilter)
2024-02-06 10:04:11,737 [main] INFO  http.HttpServer2 (HttpServer2.java:addFilter(1012)) - Added filter static_user_filter (class=org.apache.hadoop.http.lib.StaticUserWebFilter$StaticUserFilter) to context hddsDatanode
2024-02-06 10:04:11,737 [main] INFO  http.HttpServer2 (HttpServer2.java:addFilter(1020)) - Added filter static_user_filter (class=org.apache.hadoop.http.lib.StaticUserWebFilter$StaticUserFilter) to context logs
2024-02-06 10:04:11,737 [main] INFO  http.HttpServer2 (HttpServer2.java:addFilter(1020)) - Added filter static_user_filter (class=org.apache.hadoop.http.lib.StaticUserWebFilter$StaticUserFilter) to context static
2024-02-06 10:04:11,738 [main] INFO  http.BaseHttpServer (BaseHttpServer.java:<init>(189)) - HTTP server of hddsDatanode uses base directory /home/runner/work/ozone/ozone/hadoop-ozone/integration-test/target/test-dir/MiniOzoneClusterImpl-0ae4c21d-b8eb-4e36-9639-963ec8fb7de7/datanode-6/meta/webserver
2024-02-06 10:04:11,738 [main] INFO  http.HttpServer2 (HttpServer2.java:bindListener(1236)) - Jetty bound to port 15419
2024-02-06 10:04:11,738 [main] INFO  server.Server (Server.java:doStart(375)) - jetty-9.4.53.v20231009; built: 2023-10-09T12:29:09.265Z; git: 27bde00a0b95a1d5bbee0eae7984f891d2d0f8c9; jvm 1.8.0_402-b06
2024-02-06 10:04:11,739 [main] INFO  server.session (DefaultSessionIdManager.java:doStart(334)) - DefaultSessionIdManager workerName=node0
2024-02-06 10:04:11,739 [main] INFO  server.session (DefaultSessionIdManager.java:doStart(339)) - No SessionScavenger set, using defaults
2024-02-06 10:04:11,739 [main] INFO  server.session (HouseKeeper.java:startScavenging(132)) - node0 Scavenging every 600000ms
2024-02-06 10:04:11,740 [main] INFO  handler.ContextHandler (ContextHandler.java:doStart(921)) - Started o.e.j.s.ServletContextHandler@7322fbb3{logs,/logs,file:///home/runner/work/ozone/ozone/hadoop-ozone/integration-test/target/log,AVAILABLE}
2024-02-06 10:04:11,740 [main] INFO  handler.ContextHandler (ContextHandler.java:doStart(921)) - Started o.e.j.s.ServletContextHandler@16150bb7{static,/static,jar:file:/home/runner/.m2/repository/org/apache/ozone/hdds-container-service/1.5.0-SNAPSHOT/hdds-container-service-1.5.0-SNAPSHOT.jar!/webapps/static,AVAILABLE}
2024-02-06 10:04:11,772 [main] INFO  handler.ContextHandler (ContextHandler.java:doStart(921)) - Started o.e.j.w.WebAppContext@7b4b6695{hddsDatanode,/,file:///home/runner/work/ozone/ozone/hadoop-ozone/integration-test/target/test-dir/MiniOzoneClusterImpl-0ae4c21d-b8eb-4e36-9639-963ec8fb7de7/datanode-6/meta/webserver/jetty-0_0_0_0-15419-hdds-container-service-1_5_0-SNAPSHOT_jar-_-any-301187964899750151/webapp/,AVAILABLE}{jar:file:/home/runner/.m2/repository/org/apache/ozone/hdds-container-service/1.5.0-SNAPSHOT/hdds-container-service-1.5.0-SNAPSHOT.jar!/webapps/hddsDatanode}
2024-02-06 10:04:11,772 [main] INFO  server.AbstractConnector (AbstractConnector.java:doStart(333)) - Started ServerConnector@a297301{HTTP/1.1, (http/1.1)}{0.0.0.0:15419}
2024-02-06 10:04:11,773 [main] INFO  server.Server (Server.java:doStart(415)) - Started @133822ms
2024-02-06 10:04:11,773 [main] WARN  impl.MetricsSystemImpl (MetricsSystemImpl.java:register(279)) - Sink prometheus already exists!
2024-02-06 10:04:11,773 [main] INFO  http.BaseHttpServer (BaseHttpServer.java:updateConnectorAddress(354)) - HTTP server of hddsDatanode listening at http://0.0.0.0:15419
2024-02-06 10:04:11,774 [main] INFO  ipc.CallQueueManager (CallQueueManager.java:<init>(90)) - Using callQueue: class java.util.concurrent.LinkedBlockingQueue, queueCapacity: 100, scheduler: class org.apache.hadoop.ipc.DefaultRpcScheduler, ipcBackoff: false.
2024-02-06 10:04:11,774 [main] INFO  ipc.Server (Server.java:<init>(1287)) - Listener at 0.0.0.0:15420
2024-02-06 10:04:11,774 [Socket Reader #1 for port 15420] INFO  ipc.Server (Server.java:run(1323)) - Starting Socket Reader #1 for port 15420
2024-02-06 10:04:11,776 [main] INFO  ozone.HddsDatanodeService (HddsDatanodeService.java:start(327)) - Datanode start with admins: [runner]
2024-02-06 10:04:11,776 [main] INFO  ozone.HddsDatanodeClientProtocolServer (HddsDatanodeClientProtocolServer.java:start(72)) - RPC server for Client /0.0.0.0:15420
2024-02-06 10:04:11,776 [IPC Server Responder] INFO  ipc.Server (Server.java:run(1562)) - IPC Server Responder: starting
2024-02-06 10:04:11,776 [IPC Server listener on 15420] INFO  ipc.Server (Server.java:run(1402)) - IPC Server listener on 15420: starting
2024-02-06 10:04:11,781 [3978496b-7107-4711-aebb-7ffe7c8dd03a-DatanodeStateMachineDaemonThread] INFO  statemachine.DatanodeStateMachine (DatanodeStateMachine.java:lambda$startDaemon$1(555)) - Ozone container server started.
2024-02-06 10:04:11,782 [main] WARN  dropwizard3.Dm3MetricRegistriesImpl (Dm3MetricRegistriesImpl.java:addReporterRegistration(113)) - New reporters are added after registries were created. Some metrics will be missing from the reporter. Please add reporter before adding any new registry.
2024-02-06 10:04:11,783 [main] WARN  dropwizard3.Dm3MetricRegistriesImpl (Dm3MetricRegistriesImpl.java:addReporterRegistration(113)) - New reporters are added after registries were created. Some metrics will be missing from the reporter. Please add reporter before adding any new registry.
2024-02-06 10:04:11,783 [main] INFO  impl.MetricsSystemImpl (MetricsSystemImpl.java:init(158)) - HddsDatanode metrics system started (again)
2024-02-06 10:04:11,786 [3978496b-7107-4711-aebb-7ffe7c8dd03a-DatanodeStateMachineTaskThread-0] INFO  datanode.InitDatanodeState (InitDatanodeState.java:persistContainerDatanodeDetails(139)) - DatanodeDetails is persisted to /home/runner/work/ozone/ozone/hadoop-ozone/integration-test/target/test-dir/MiniOzoneClusterImpl-0ae4c21d-b8eb-4e36-9639-963ec8fb7de7/datanode-6/meta/datanode.id
2024-02-06 10:04:11,792 [main] INFO  ozone.HddsDatanodeService (HddsDatanodeService.java:start(240)) - HddsDatanodeService host:fv-az776-296 ip:10.1.0.5
2024-02-06 10:04:11,802 [timer7] WARN  server.GrpcLogAppender (LogUtils.java:warn(121)) - ce31eb2c-908a-4658-9fdf-3408ee4c7a87@group-4B343EB67E76->bb27fc71-3d1f-49d8-973f-b6d57dd637a6-AppendLogResponseHandler: Failed appendEntries (Repeated 2 times in the last 5.002s): org.apache.ratis.thirdparty.io.grpc.StatusRuntimeException: UNAVAILABLE: io exception
2024-02-06 10:04:11,809 [main] INFO  upgrade.AbstractLayoutVersionManager (AbstractLayoutVersionManager.java:init(83)) - Initializing Layout version manager with metadata layout = HADOOP_PRC_PORTS_IN_DATANODEDETAILS (version = 7), software layout = HADOOP_PRC_PORTS_IN_DATANODEDETAILS (version = 7)
2024-02-06 10:04:11,809 [main] INFO  statemachine.DatanodeStateMachine (DatanodeStateMachine.java:getEndPointTaskThreadPoolSize(299)) - Datanode State Machine Task Thread Pool size 2
2024-02-06 10:04:11,810 [main] INFO  volume.HddsVolume (HddsVolume.java:<init>(125)) - Creating HddsVolume: /home/runner/work/ozone/ozone/hadoop-ozone/integration-test/target/test-dir/MiniOzoneClusterImpl-0ae4c21d-b8eb-4e36-9639-963ec8fb7de7/datanode-7/data-0/containers/hdds of storage type : DISK capacity : 9223372036854775807
2024-02-06 10:04:11,810 [main] INFO  volume.MutableVolumeSet (MutableVolumeSet.java:initializeVolumeSet(173)) - Added Volume : /home/runner/work/ozone/ozone/hadoop-ozone/integration-test/target/test-dir/MiniOzoneClusterImpl-0ae4c21d-b8eb-4e36-9639-963ec8fb7de7/datanode-7/data-0/containers/hdds to VolumeSet
2024-02-06 10:04:11,811 [main] INFO  volume.MutableVolumeSet (MutableVolumeSet.java:initializeVolumeSet(173)) - Added Volume : /home/runner/work/ozone/ozone/hadoop-ozone/integration-test/target/test-dir/MiniOzoneClusterImpl-0ae4c21d-b8eb-4e36-9639-963ec8fb7de7/datanode-7/data/ratis to VolumeSet
2024-02-06 10:04:11,811 [main] INFO  ozoneimpl.OzoneContainer (HddsVolumeUtil.java:loadAllHddsVolumeDbStore(103)) - Load 1 volumes DbStore cost: 0ms
2024-02-06 10:04:11,812 [main] INFO  server.RaftServer (ConfUtils.java:logGet(46)) - raft.rpc.type = GRPC (default)
2024-02-06 10:04:11,813 [main] INFO  grpc.GrpcConfigKeys (ConfUtils.java:logFallback(53)) - raft.grpc.admin.host = null (fallback to raft.grpc.server.host)
2024-02-06 10:04:11,813 [main] INFO  grpc.GrpcConfigKeys (ConfUtils.java:logGet(46)) - raft.grpc.admin.port = 15432 (custom)
2024-02-06 10:04:11,813 [main] INFO  grpc.GrpcConfigKeys (ConfUtils.java:logFallback(53)) - raft.grpc.client.host = null (fallback to raft.grpc.server.host)
2024-02-06 10:04:11,813 [main] INFO  grpc.GrpcConfigKeys (ConfUtils.java:logGet(46)) - raft.grpc.client.port = 15431 (custom)
2024-02-06 10:04:11,813 [main] INFO  grpc.GrpcConfigKeys (ConfUtils.java:logGet(46)) - raft.grpc.server.host = null (default)
2024-02-06 10:04:11,813 [main] INFO  grpc.GrpcConfigKeys (ConfUtils.java:logGet(46)) - raft.grpc.server.port = 15433 (custom)
2024-02-06 10:04:11,813 [main] INFO  server.GrpcService (ConfUtils.java:logGet(46)) - raft.grpc.message.size.max = 32MB (=33554432) (custom)
2024-02-06 10:04:11,814 [main] INFO  server.RaftServerConfigKeys (ConfUtils.java:logGet(46)) - raft.server.log.appender.buffer.byte-limit = 8388608 (custom)
2024-02-06 10:04:11,814 [main] INFO  server.GrpcService (ConfUtils.java:logGet(46)) - raft.grpc.flow.control.window = 5MB (=5242880) (custom)
2024-02-06 10:04:11,814 [main] INFO  server.RaftServerConfigKeys (ConfUtils.java:logGet(46)) - raft.server.rpc.request.timeout = 3000ms (default)
2024-02-06 10:04:11,814 [main] INFO  grpc.GrpcConfigKeys (ConfUtils.java:logGet(46)) - raft.grpc.server.heartbeat.channel = true (default)
2024-02-06 10:04:11,814 [main] INFO  grpc.GrpcConfigKeys (ConfUtils.java:logGet(46)) - raft.grpc.server.async.request.thread.pool.cached = true (default)
2024-02-06 10:04:11,814 [main] INFO  grpc.GrpcConfigKeys (ConfUtils.java:logGet(46)) - raft.grpc.server.async.request.thread.pool.size = 32 (default)
2024-02-06 10:04:11,816 [main] INFO  impl.DataStreamServerImpl (ConfUtils.java:logGet(46)) - raft.datastream.type = NETTY (custom)
2024-02-06 10:04:11,816 [main] INFO  server.RaftServerConfigKeys (ConfUtils.java:logGet(46)) - raft.server.data-stream.async.request.thread.pool.cached = false (default)
2024-02-06 10:04:11,816 [main] INFO  server.RaftServerConfigKeys (ConfUtils.java:logGet(46)) - raft.server.data-stream.async.request.thread.pool.size = 20 (custom)
2024-02-06 10:04:11,817 [main] INFO  server.RaftServerConfigKeys (ConfUtils.java:logGet(46)) - raft.server.data-stream.async.write.thread.pool.size = 16 (default)
2024-02-06 10:04:11,817 [main] INFO  netty.NettyConfigKeys$DataStream (ConfUtils.java:logGet(46)) - raft.netty.dataStream.server.channel.inactive.grace-period = 10min (default)
2024-02-06 10:04:11,817 [main] INFO  server.RaftServerConfigKeys (ConfUtils.java:logGet(46)) - raft.server.data-stream.client.pool.size = 10 (default)
2024-02-06 10:04:11,817 [main] INFO  netty.NettyConfigKeys$DataStream (ConfUtils.java:logGet(46)) - raft.netty.dataStream.server.use-epoll = true (default)
2024-02-06 10:04:11,818 [main] INFO  netty.NettyConfigKeys$DataStream (ConfUtils.java:logGet(46)) - raft.netty.dataStream.server.boss-group.size = 0 (default)
2024-02-06 10:04:11,818 [main] INFO  netty.NettyUtils (NettyUtils.java:newEventLoopGroup(69)) - Create EpollEventLoopGroup for a1fd6d11-0b72-4c96-8e55-07f63a3bc231-NettyServerStreamRpc-bossGroup; Thread size is 0.
2024-02-06 10:04:11,818 [main] INFO  netty.NettyConfigKeys$DataStream (ConfUtils.java:logGet(46)) - raft.netty.dataStream.server.worker-group.size = 0 (default)
2024-02-06 10:04:11,818 [main] INFO  netty.NettyUtils (NettyUtils.java:newEventLoopGroup(69)) - Create EpollEventLoopGroup for a1fd6d11-0b72-4c96-8e55-07f63a3bc231-NettyServerStreamRpc-workerGroup; Thread size is 0.
2024-02-06 10:04:11,819 [main] INFO  netty.NettyConfigKeys$DataStream (ConfUtils.java:logGet(46)) - raft.netty.dataStream.server.tls.conf = null (default)
2024-02-06 10:04:11,819 [main] INFO  netty.NettyConfigKeys$DataStream (ConfUtils.java:logGet(46)) - raft.netty.dataStream.host = null (default)
2024-02-06 10:04:11,819 [main] INFO  netty.NettyConfigKeys$DataStream (ConfUtils.java:logGet(46)) - raft.netty.dataStream.port = 15434 (custom)
2024-02-06 10:04:11,819 [main] INFO  server.RaftServerConfigKeys (ConfUtils.java:logGet(46)) - raft.server.sleep.deviation.threshold = 300ms (default)
2024-02-06 10:04:11,819 [a1fd6d11-0b72-4c96-8e55-07f63a3bc231-NettyServerStreamRpc-bossGroup--thread1] INFO  logging.LoggingHandler (AbstractInternalLogger.java:log(148)) - [id: 0x7b037cea] REGISTERED
2024-02-06 10:04:11,819 [main] INFO  server.RaftServerConfigKeys (ConfUtils.java:logGet(46)) - raft.server.close.threshold = 60s (default)
2024-02-06 10:04:11,820 [a1fd6d11-0b72-4c96-8e55-07f63a3bc231-NettyServerStreamRpc-bossGroup--thread1] INFO  logging.LoggingHandler (AbstractInternalLogger.java:log(148)) - [id: 0x7b037cea] BIND: 0.0.0.0/0.0.0.0:15434
2024-02-06 10:04:11,820 [main] INFO  server.RaftServerConfigKeys (ConfUtils.java:logGet(46)) - raft.server.leaderelection.leader.step-down.wait-time = 10s (default)
2024-02-06 10:04:11,820 [a1fd6d11-0b72-4c96-8e55-07f63a3bc231-NettyServerStreamRpc-bossGroup--thread1] INFO  logging.LoggingHandler (AbstractInternalLogger.java:log(148)) - [id: 0x7b037cea, L:/0.0.0.0:15434] ACTIVE
2024-02-06 10:04:11,820 [main] INFO  server.RaftServerConfigKeys (ConfUtils.java:logGet(46)) - raft.server.storage.dir = [/home/runner/work/ozone/ozone/hadoop-ozone/integration-test/target/test-dir/MiniOzoneClusterImpl-0ae4c21d-b8eb-4e36-9639-963ec8fb7de7/datanode-7/data/ratis] (custom)
2024-02-06 10:04:11,820 [main] INFO  server.RaftServerConfigKeys (ConfUtils.java:logGet(46)) - raft.server.threadpool.proxy.cached = true (default)
2024-02-06 10:04:11,820 [main] INFO  server.RaftServerConfigKeys (ConfUtils.java:logGet(46)) - raft.server.threadpool.proxy.size = 0 (default)
2024-02-06 10:04:11,820 [a1fd6d11-0b72-4c96-8e55-07f63a3bc231-impl-thread1] INFO  server.RaftServer (RaftServerProxy.java:initGroupDir(264)) - a1fd6d11-0b72-4c96-8e55-07f63a3bc231: found a subdirectory /home/runner/work/ozone/ozone/hadoop-ozone/integration-test/target/test-dir/MiniOzoneClusterImpl-0ae4c21d-b8eb-4e36-9639-963ec8fb7de7/datanode-7/data/ratis/tmp
2024-02-06 10:04:11,821 [a1fd6d11-0b72-4c96-8e55-07f63a3bc231-impl-thread1] INFO  server.RaftServer (RaftServerProxy.java:initGroupDir(269)) - a1fd6d11-0b72-4c96-8e55-07f63a3bc231: The directory /home/runner/work/ozone/ozone/hadoop-ozone/integration-test/target/test-dir/MiniOzoneClusterImpl-0ae4c21d-b8eb-4e36-9639-963ec8fb7de7/datanode-7/data/ratis/tmp is not a group directory; ignoring it. 
2024-02-06 10:04:11,821 [main] INFO  replication.ReplicationServer (ReplicationServer.java:<init>(86)) - Initializing replication server with thread count = 10 queue length = 4096
2024-02-06 10:04:11,821 [main] INFO  server.XceiverServerGrpc (XceiverServerGrpc.java:<init>(141)) - GrpcServer channel type EpollServerSocketChannel
2024-02-06 10:04:11,822 [main] INFO  replication.ReplicationSupervisor (ReplicationSupervisor.java:build(163)) - Initializing replication supervisor with thread count = 10
2024-02-06 10:04:11,823 [main] INFO  replication.ReplicationSupervisor (ReplicationSupervisor.java:nodeStateUpdated(317)) - Node state updated to IN_SERVICE, scaling executor pool size to 10
2024-02-06 10:04:11,824 [main] INFO  http.BaseHttpServer (BaseHttpServer.java:newHttpServer2BuilderForOzone(223)) - Starting Web-server for hddsDatanode at: http://0.0.0.0:15428
2024-02-06 10:04:11,824 [main] INFO  http.BaseHttpServer (BaseHttpServer.java:<init>(110)) - Hadoop Security Enabled: false Ozone Security Enabled: false Ozone HTTP Security Enabled: false 
2024-02-06 10:04:11,824 [main] WARN  server.AuthenticationFilter (AuthenticationFilter.java:constructSecretProvider(240)) - Unable to initialize FileSignerSecretProvider, falling back to use random secrets. Reason: Could not read signature secret file: /home/runner/hadoop-http-auth-signature-secret
2024-02-06 10:04:11,825 [main] INFO  http.HttpRequestLog (HttpRequestLog.java:getRequestLog(86)) - Http request log for http.requests.hddsDatanode is not defined
2024-02-06 10:04:11,825 [main] INFO  http.HttpServer2 (HttpServer2.java:addGlobalFilter(1036)) - Added global filter 'safety' (class=org.apache.hadoop.hdds.server.http.HttpServer2$QuotingInputFilter)
2024-02-06 10:04:11,826 [main] INFO  http.HttpServer2 (HttpServer2.java:addFilter(1012)) - Added filter static_user_filter (class=org.apache.hadoop.http.lib.StaticUserWebFilter$StaticUserFilter) to context hddsDatanode
2024-02-06 10:04:11,826 [main] INFO  http.HttpServer2 (HttpServer2.java:addFilter(1020)) - Added filter static_user_filter (class=org.apache.hadoop.http.lib.StaticUserWebFilter$StaticUserFilter) to context static
2024-02-06 10:04:11,826 [main] INFO  http.HttpServer2 (HttpServer2.java:addFilter(1020)) - Added filter static_user_filter (class=org.apache.hadoop.http.lib.StaticUserWebFilter$StaticUserFilter) to context logs
2024-02-06 10:04:11,827 [main] INFO  http.BaseHttpServer (BaseHttpServer.java:<init>(189)) - HTTP server of hddsDatanode uses base directory /home/runner/work/ozone/ozone/hadoop-ozone/integration-test/target/test-dir/MiniOzoneClusterImpl-0ae4c21d-b8eb-4e36-9639-963ec8fb7de7/datanode-7/meta/webserver
2024-02-06 10:04:11,827 [main] INFO  http.HttpServer2 (HttpServer2.java:bindListener(1236)) - Jetty bound to port 15428
2024-02-06 10:04:11,827 [main] INFO  server.Server (Server.java:doStart(375)) - jetty-9.4.53.v20231009; built: 2023-10-09T12:29:09.265Z; git: 27bde00a0b95a1d5bbee0eae7984f891d2d0f8c9; jvm 1.8.0_402-b06
2024-02-06 10:04:11,828 [main] INFO  server.session (DefaultSessionIdManager.java:doStart(334)) - DefaultSessionIdManager workerName=node0
2024-02-06 10:04:11,828 [main] INFO  server.session (DefaultSessionIdManager.java:doStart(339)) - No SessionScavenger set, using defaults
2024-02-06 10:04:11,828 [main] INFO  server.session (HouseKeeper.java:startScavenging(132)) - node0 Scavenging every 660000ms
2024-02-06 10:04:11,829 [main] INFO  handler.ContextHandler (ContextHandler.java:doStart(921)) - Started o.e.j.s.ServletContextHandler@1632fabd{logs,/logs,file:///home/runner/work/ozone/ozone/hadoop-ozone/integration-test/target/log,AVAILABLE}
2024-02-06 10:04:11,829 [main] INFO  handler.ContextHandler (ContextHandler.java:doStart(921)) - Started o.e.j.s.ServletContextHandler@701f6d1b{static,/static,jar:file:/home/runner/.m2/repository/org/apache/ozone/hdds-container-service/1.5.0-SNAPSHOT/hdds-container-service-1.5.0-SNAPSHOT.jar!/webapps/static,AVAILABLE}
2024-02-06 10:04:11,860 [main] INFO  handler.ContextHandler (ContextHandler.java:doStart(921)) - Started o.e.j.w.WebAppContext@3ca{hddsDatanode,/,file:///home/runner/work/ozone/ozone/hadoop-ozone/integration-test/target/test-dir/MiniOzoneClusterImpl-0ae4c21d-b8eb-4e36-9639-963ec8fb7de7/datanode-7/meta/webserver/jetty-0_0_0_0-15428-hdds-container-service-1_5_0-SNAPSHOT_jar-_-any-8808308892401903666/webapp/,AVAILABLE}{jar:file:/home/runner/.m2/repository/org/apache/ozone/hdds-container-service/1.5.0-SNAPSHOT/hdds-container-service-1.5.0-SNAPSHOT.jar!/webapps/hddsDatanode}
2024-02-06 10:04:11,863 [main] INFO  server.AbstractConnector (AbstractConnector.java:doStart(333)) - Started ServerConnector@1679473f{HTTP/1.1, (http/1.1)}{0.0.0.0:15428}
2024-02-06 10:04:11,863 [main] INFO  server.Server (Server.java:doStart(415)) - Started @133912ms
2024-02-06 10:04:11,863 [main] WARN  impl.MetricsSystemImpl (MetricsSystemImpl.java:register(279)) - Sink prometheus already exists!
2024-02-06 10:04:11,864 [main] INFO  http.BaseHttpServer (BaseHttpServer.java:updateConnectorAddress(354)) - HTTP server of hddsDatanode listening at http://0.0.0.0:15428
2024-02-06 10:04:11,864 [main] INFO  ipc.CallQueueManager (CallQueueManager.java:<init>(90)) - Using callQueue: class java.util.concurrent.LinkedBlockingQueue, queueCapacity: 100, scheduler: class org.apache.hadoop.ipc.DefaultRpcScheduler, ipcBackoff: false.
2024-02-06 10:04:11,864 [main] INFO  ipc.Server (Server.java:<init>(1287)) - Listener at 0.0.0.0:15429
2024-02-06 10:04:11,865 [Socket Reader #1 for port 15429] INFO  ipc.Server (Server.java:run(1323)) - Starting Socket Reader #1 for port 15429
2024-02-06 10:04:11,869 [main] INFO  ozone.HddsDatanodeService (HddsDatanodeService.java:start(327)) - Datanode start with admins: [runner]
2024-02-06 10:04:11,869 [main] INFO  ozone.HddsDatanodeClientProtocolServer (HddsDatanodeClientProtocolServer.java:start(72)) - RPC server for Client /0.0.0.0:15429
2024-02-06 10:04:11,871 [IPC Server listener on 15429] INFO  ipc.Server (Server.java:run(1402)) - IPC Server listener on 15429: starting
2024-02-06 10:04:11,871 [main] WARN  dropwizard3.Dm3MetricRegistriesImpl (Dm3MetricRegistriesImpl.java:addReporterRegistration(113)) - New reporters are added after registries were created. Some metrics will be missing from the reporter. Please add reporter before adding any new registry.
2024-02-06 10:04:11,873 [main] WARN  dropwizard3.Dm3MetricRegistriesImpl (Dm3MetricRegistriesImpl.java:addReporterRegistration(113)) - New reporters are added after registries were created. Some metrics will be missing from the reporter. Please add reporter before adding any new registry.
2024-02-06 10:04:11,873 [main] INFO  impl.MetricsSystemImpl (MetricsSystemImpl.java:init(158)) - HddsDatanode metrics system started (again)
2024-02-06 10:04:11,871 [IPC Server Responder] INFO  ipc.Server (Server.java:run(1562)) - IPC Server Responder: starting
2024-02-06 10:04:11,881 [a1fd6d11-0b72-4c96-8e55-07f63a3bc231-DatanodeStateMachineDaemonThread] INFO  statemachine.DatanodeStateMachine (DatanodeStateMachine.java:lambda$startDaemon$1(555)) - Ozone container server started.
2024-02-06 10:04:11,885 [a1fd6d11-0b72-4c96-8e55-07f63a3bc231-DatanodeStateMachineTaskThread-0] INFO  datanode.InitDatanodeState (InitDatanodeState.java:persistContainerDatanodeDetails(139)) - DatanodeDetails is persisted to /home/runner/work/ozone/ozone/hadoop-ozone/integration-test/target/test-dir/MiniOzoneClusterImpl-0ae4c21d-b8eb-4e36-9639-963ec8fb7de7/datanode-7/meta/datanode.id
2024-02-06 10:04:11,887 [main] INFO  ozone.HddsDatanodeService (HddsDatanodeService.java:start(240)) - HddsDatanodeService host:fv-az776-296 ip:10.1.0.5
2024-02-06 10:04:11,903 [main] INFO  upgrade.AbstractLayoutVersionManager (AbstractLayoutVersionManager.java:init(83)) - Initializing Layout version manager with metadata layout = HADOOP_PRC_PORTS_IN_DATANODEDETAILS (version = 7), software layout = HADOOP_PRC_PORTS_IN_DATANODEDETAILS (version = 7)
2024-02-06 10:04:11,903 [main] INFO  statemachine.DatanodeStateMachine (DatanodeStateMachine.java:getEndPointTaskThreadPoolSize(299)) - Datanode State Machine Task Thread Pool size 2
2024-02-06 10:04:11,904 [main] INFO  volume.HddsVolume (HddsVolume.java:<init>(125)) - Creating HddsVolume: /home/runner/work/ozone/ozone/hadoop-ozone/integration-test/target/test-dir/MiniOzoneClusterImpl-0ae4c21d-b8eb-4e36-9639-963ec8fb7de7/datanode-8/data-0/containers/hdds of storage type : DISK capacity : 9223372036854775807
2024-02-06 10:04:11,905 [main] INFO  volume.MutableVolumeSet (MutableVolumeSet.java:initializeVolumeSet(173)) - Added Volume : /home/runner/work/ozone/ozone/hadoop-ozone/integration-test/target/test-dir/MiniOzoneClusterImpl-0ae4c21d-b8eb-4e36-9639-963ec8fb7de7/datanode-8/data-0/containers/hdds to VolumeSet
2024-02-06 10:04:11,905 [main] INFO  volume.MutableVolumeSet (MutableVolumeSet.java:initializeVolumeSet(173)) - Added Volume : /home/runner/work/ozone/ozone/hadoop-ozone/integration-test/target/test-dir/MiniOzoneClusterImpl-0ae4c21d-b8eb-4e36-9639-963ec8fb7de7/datanode-8/data/ratis to VolumeSet
2024-02-06 10:04:11,906 [main] INFO  ozoneimpl.OzoneContainer (HddsVolumeUtil.java:loadAllHddsVolumeDbStore(103)) - Load 1 volumes DbStore cost: 0ms
2024-02-06 10:04:11,907 [main] INFO  server.RaftServer (ConfUtils.java:logGet(46)) - raft.rpc.type = GRPC (default)
2024-02-06 10:04:11,907 [main] INFO  grpc.GrpcConfigKeys (ConfUtils.java:logFallback(53)) - raft.grpc.admin.host = null (fallback to raft.grpc.server.host)
2024-02-06 10:04:11,908 [main] INFO  grpc.GrpcConfigKeys (ConfUtils.java:logGet(46)) - raft.grpc.admin.port = 15441 (custom)
2024-02-06 10:04:11,908 [main] INFO  grpc.GrpcConfigKeys (ConfUtils.java:logFallback(53)) - raft.grpc.client.host = null (fallback to raft.grpc.server.host)
2024-02-06 10:04:11,908 [main] INFO  grpc.GrpcConfigKeys (ConfUtils.java:logGet(46)) - raft.grpc.client.port = 15440 (custom)
2024-02-06 10:04:11,908 [main] INFO  grpc.GrpcConfigKeys (ConfUtils.java:logGet(46)) - raft.grpc.server.host = null (default)
2024-02-06 10:04:11,908 [main] INFO  grpc.GrpcConfigKeys (ConfUtils.java:logGet(46)) - raft.grpc.server.port = 15442 (custom)
2024-02-06 10:04:11,908 [main] INFO  server.GrpcService (ConfUtils.java:logGet(46)) - raft.grpc.message.size.max = 32MB (=33554432) (custom)
2024-02-06 10:04:11,908 [main] INFO  server.RaftServerConfigKeys (ConfUtils.java:logGet(46)) - raft.server.log.appender.buffer.byte-limit = 8388608 (custom)
2024-02-06 10:04:11,908 [main] INFO  server.GrpcService (ConfUtils.java:logGet(46)) - raft.grpc.flow.control.window = 5MB (=5242880) (custom)
2024-02-06 10:04:11,909 [main] INFO  server.RaftServerConfigKeys (ConfUtils.java:logGet(46)) - raft.server.rpc.request.timeout = 3000ms (default)
2024-02-06 10:04:11,909 [main] INFO  grpc.GrpcConfigKeys (ConfUtils.java:logGet(46)) - raft.grpc.server.heartbeat.channel = true (default)
2024-02-06 10:04:11,909 [main] INFO  grpc.GrpcConfigKeys (ConfUtils.java:logGet(46)) - raft.grpc.server.async.request.thread.pool.cached = true (default)
2024-02-06 10:04:11,909 [main] INFO  grpc.GrpcConfigKeys (ConfUtils.java:logGet(46)) - raft.grpc.server.async.request.thread.pool.size = 32 (default)
2024-02-06 10:04:11,911 [main] INFO  impl.DataStreamServerImpl (ConfUtils.java:logGet(46)) - raft.datastream.type = NETTY (custom)
2024-02-06 10:04:11,911 [main] INFO  server.RaftServerConfigKeys (ConfUtils.java:logGet(46)) - raft.server.data-stream.async.request.thread.pool.cached = false (default)
2024-02-06 10:04:11,911 [main] INFO  server.RaftServerConfigKeys (ConfUtils.java:logGet(46)) - raft.server.data-stream.async.request.thread.pool.size = 20 (custom)
2024-02-06 10:04:11,911 [main] INFO  server.RaftServerConfigKeys (ConfUtils.java:logGet(46)) - raft.server.data-stream.async.write.thread.pool.size = 16 (default)
2024-02-06 10:04:11,911 [main] INFO  netty.NettyConfigKeys$DataStream (ConfUtils.java:logGet(46)) - raft.netty.dataStream.server.channel.inactive.grace-period = 10min (default)
2024-02-06 10:04:11,911 [main] INFO  server.RaftServerConfigKeys (ConfUtils.java:logGet(46)) - raft.server.data-stream.client.pool.size = 10 (default)
2024-02-06 10:04:11,911 [main] INFO  netty.NettyConfigKeys$DataStream (ConfUtils.java:logGet(46)) - raft.netty.dataStream.server.use-epoll = true (default)
2024-02-06 10:04:11,911 [main] INFO  netty.NettyConfigKeys$DataStream (ConfUtils.java:logGet(46)) - raft.netty.dataStream.server.boss-group.size = 0 (default)
2024-02-06 10:04:11,911 [main] INFO  netty.NettyUtils (NettyUtils.java:newEventLoopGroup(69)) - Create EpollEventLoopGroup for 991f0bf8-3b66-4160-8c92-791fd313402a-NettyServerStreamRpc-bossGroup; Thread size is 0.
2024-02-06 10:04:11,912 [main] INFO  netty.NettyConfigKeys$DataStream (ConfUtils.java:logGet(46)) - raft.netty.dataStream.server.worker-group.size = 0 (default)
2024-02-06 10:04:11,912 [main] INFO  netty.NettyUtils (NettyUtils.java:newEventLoopGroup(69)) - Create EpollEventLoopGroup for 991f0bf8-3b66-4160-8c92-791fd313402a-NettyServerStreamRpc-workerGroup; Thread size is 0.
2024-02-06 10:04:11,912 [main] INFO  netty.NettyConfigKeys$DataStream (ConfUtils.java:logGet(46)) - raft.netty.dataStream.server.tls.conf = null (default)
2024-02-06 10:04:11,912 [main] INFO  netty.NettyConfigKeys$DataStream (ConfUtils.java:logGet(46)) - raft.netty.dataStream.host = null (default)
2024-02-06 10:04:11,912 [main] INFO  netty.NettyConfigKeys$DataStream (ConfUtils.java:logGet(46)) - raft.netty.dataStream.port = 15443 (custom)
2024-02-06 10:04:11,913 [main] INFO  server.RaftServerConfigKeys (ConfUtils.java:logGet(46)) - raft.server.sleep.deviation.threshold = 300ms (default)
2024-02-06 10:04:11,913 [991f0bf8-3b66-4160-8c92-791fd313402a-NettyServerStreamRpc-bossGroup--thread1] INFO  logging.LoggingHandler (AbstractInternalLogger.java:log(148)) - [id: 0x44860725] REGISTERED
2024-02-06 10:04:11,913 [main] INFO  server.RaftServerConfigKeys (ConfUtils.java:logGet(46)) - raft.server.close.threshold = 60s (default)
2024-02-06 10:04:11,913 [991f0bf8-3b66-4160-8c92-791fd313402a-NettyServerStreamRpc-bossGroup--thread1] INFO  logging.LoggingHandler (AbstractInternalLogger.java:log(148)) - [id: 0x44860725] BIND: 0.0.0.0/0.0.0.0:15443
2024-02-06 10:04:11,913 [main] INFO  server.RaftServerConfigKeys (ConfUtils.java:logGet(46)) - raft.server.leaderelection.leader.step-down.wait-time = 10s (default)
2024-02-06 10:04:11,913 [991f0bf8-3b66-4160-8c92-791fd313402a-NettyServerStreamRpc-bossGroup--thread1] INFO  logging.LoggingHandler (AbstractInternalLogger.java:log(148)) - [id: 0x44860725, L:/0.0.0.0:15443] ACTIVE
2024-02-06 10:04:11,913 [main] INFO  server.RaftServerConfigKeys (ConfUtils.java:logGet(46)) - raft.server.storage.dir = [/home/runner/work/ozone/ozone/hadoop-ozone/integration-test/target/test-dir/MiniOzoneClusterImpl-0ae4c21d-b8eb-4e36-9639-963ec8fb7de7/datanode-8/data/ratis] (custom)
2024-02-06 10:04:11,913 [main] INFO  server.RaftServerConfigKeys (ConfUtils.java:logGet(46)) - raft.server.threadpool.proxy.cached = true (default)
2024-02-06 10:04:11,914 [main] INFO  server.RaftServerConfigKeys (ConfUtils.java:logGet(46)) - raft.server.threadpool.proxy.size = 0 (default)
2024-02-06 10:04:11,914 [991f0bf8-3b66-4160-8c92-791fd313402a-impl-thread1] INFO  server.RaftServer (RaftServerProxy.java:initGroupDir(264)) - 991f0bf8-3b66-4160-8c92-791fd313402a: found a subdirectory /home/runner/work/ozone/ozone/hadoop-ozone/integration-test/target/test-dir/MiniOzoneClusterImpl-0ae4c21d-b8eb-4e36-9639-963ec8fb7de7/datanode-8/data/ratis/tmp
2024-02-06 10:04:11,914 [991f0bf8-3b66-4160-8c92-791fd313402a-impl-thread1] INFO  server.RaftServer (RaftServerProxy.java:initGroupDir(269)) - 991f0bf8-3b66-4160-8c92-791fd313402a: The directory /home/runner/work/ozone/ozone/hadoop-ozone/integration-test/target/test-dir/MiniOzoneClusterImpl-0ae4c21d-b8eb-4e36-9639-963ec8fb7de7/datanode-8/data/ratis/tmp is not a group directory; ignoring it. 
2024-02-06 10:04:11,914 [main] INFO  replication.ReplicationServer (ReplicationServer.java:<init>(86)) - Initializing replication server with thread count = 10 queue length = 4096
2024-02-06 10:04:11,915 [main] INFO  server.XceiverServerGrpc (XceiverServerGrpc.java:<init>(141)) - GrpcServer channel type EpollServerSocketChannel
2024-02-06 10:04:11,916 [main] INFO  replication.ReplicationSupervisor (ReplicationSupervisor.java:build(163)) - Initializing replication supervisor with thread count = 10
2024-02-06 10:04:11,916 [main] INFO  replication.ReplicationSupervisor (ReplicationSupervisor.java:nodeStateUpdated(317)) - Node state updated to IN_SERVICE, scaling executor pool size to 10
2024-02-06 10:04:11,917 [main] INFO  http.BaseHttpServer (BaseHttpServer.java:newHttpServer2BuilderForOzone(223)) - Starting Web-server for hddsDatanode at: http://0.0.0.0:15437
2024-02-06 10:04:11,917 [main] INFO  http.BaseHttpServer (BaseHttpServer.java:<init>(110)) - Hadoop Security Enabled: false Ozone Security Enabled: false Ozone HTTP Security Enabled: false 
2024-02-06 10:04:11,918 [main] WARN  server.AuthenticationFilter (AuthenticationFilter.java:constructSecretProvider(240)) - Unable to initialize FileSignerSecretProvider, falling back to use random secrets. Reason: Could not read signature secret file: /home/runner/hadoop-http-auth-signature-secret
2024-02-06 10:04:11,918 [main] INFO  http.HttpRequestLog (HttpRequestLog.java:getRequestLog(86)) - Http request log for http.requests.hddsDatanode is not defined
2024-02-06 10:04:11,919 [main] INFO  http.HttpServer2 (HttpServer2.java:addGlobalFilter(1036)) - Added global filter 'safety' (class=org.apache.hadoop.hdds.server.http.HttpServer2$QuotingInputFilter)
2024-02-06 10:04:11,919 [main] INFO  http.HttpServer2 (HttpServer2.java:addFilter(1012)) - Added filter static_user_filter (class=org.apache.hadoop.http.lib.StaticUserWebFilter$StaticUserFilter) to context hddsDatanode
2024-02-06 10:04:11,920 [main] INFO  http.HttpServer2 (HttpServer2.java:addFilter(1020)) - Added filter static_user_filter (class=org.apache.hadoop.http.lib.StaticUserWebFilter$StaticUserFilter) to context logs
2024-02-06 10:04:11,920 [main] INFO  http.HttpServer2 (HttpServer2.java:addFilter(1020)) - Added filter static_user_filter (class=org.apache.hadoop.http.lib.StaticUserWebFilter$StaticUserFilter) to context static
2024-02-06 10:04:11,920 [main] INFO  http.BaseHttpServer (BaseHttpServer.java:<init>(189)) - HTTP server of hddsDatanode uses base directory /home/runner/work/ozone/ozone/hadoop-ozone/integration-test/target/test-dir/MiniOzoneClusterImpl-0ae4c21d-b8eb-4e36-9639-963ec8fb7de7/datanode-8/meta/webserver
2024-02-06 10:04:11,920 [main] INFO  http.HttpServer2 (HttpServer2.java:bindListener(1236)) - Jetty bound to port 15437
2024-02-06 10:04:11,921 [main] INFO  server.Server (Server.java:doStart(375)) - jetty-9.4.53.v20231009; built: 2023-10-09T12:29:09.265Z; git: 27bde00a0b95a1d5bbee0eae7984f891d2d0f8c9; jvm 1.8.0_402-b06
2024-02-06 10:04:11,922 [main] INFO  server.session (DefaultSessionIdManager.java:doStart(334)) - DefaultSessionIdManager workerName=node0
2024-02-06 10:04:11,922 [main] INFO  server.session (DefaultSessionIdManager.java:doStart(339)) - No SessionScavenger set, using defaults
2024-02-06 10:04:11,922 [main] INFO  server.session (HouseKeeper.java:startScavenging(132)) - node0 Scavenging every 660000ms
2024-02-06 10:04:11,926 [main] INFO  handler.ContextHandler (ContextHandler.java:doStart(921)) - Started o.e.j.s.ServletContextHandler@74cc8642{logs,/logs,file:///home/runner/work/ozone/ozone/hadoop-ozone/integration-test/target/log,AVAILABLE}
2024-02-06 10:04:11,927 [main] INFO  handler.ContextHandler (ContextHandler.java:doStart(921)) - Started o.e.j.s.ServletContextHandler@1c7aa844{static,/static,jar:file:/home/runner/.m2/repository/org/apache/ozone/hdds-container-service/1.5.0-SNAPSHOT/hdds-container-service-1.5.0-SNAPSHOT.jar!/webapps/static,AVAILABLE}
2024-02-06 10:04:11,958 [main] INFO  handler.ContextHandler (ContextHandler.java:doStart(921)) - Started o.e.j.w.WebAppContext@72db5be6{hddsDatanode,/,file:///home/runner/work/ozone/ozone/hadoop-ozone/integration-test/target/test-dir/MiniOzoneClusterImpl-0ae4c21d-b8eb-4e36-9639-963ec8fb7de7/datanode-8/meta/webserver/jetty-0_0_0_0-15437-hdds-container-service-1_5_0-SNAPSHOT_jar-_-any-1899396482603648776/webapp/,AVAILABLE}{jar:file:/home/runner/.m2/repository/org/apache/ozone/hdds-container-service/1.5.0-SNAPSHOT/hdds-container-service-1.5.0-SNAPSHOT.jar!/webapps/hddsDatanode}
2024-02-06 10:04:11,959 [main] INFO  server.AbstractConnector (AbstractConnector.java:doStart(333)) - Started ServerConnector@610a19e6{HTTP/1.1, (http/1.1)}{0.0.0.0:15437}
2024-02-06 10:04:11,959 [main] INFO  server.Server (Server.java:doStart(415)) - Started @134008ms
2024-02-06 10:04:11,959 [main] WARN  impl.MetricsSystemImpl (MetricsSystemImpl.java:register(279)) - Sink prometheus already exists!
2024-02-06 10:04:11,959 [main] INFO  http.BaseHttpServer (BaseHttpServer.java:updateConnectorAddress(354)) - HTTP server of hddsDatanode listening at http://0.0.0.0:15437
2024-02-06 10:04:11,960 [main] INFO  ipc.CallQueueManager (CallQueueManager.java:<init>(90)) - Using callQueue: class java.util.concurrent.LinkedBlockingQueue, queueCapacity: 100, scheduler: class org.apache.hadoop.ipc.DefaultRpcScheduler, ipcBackoff: false.
2024-02-06 10:04:11,960 [main] INFO  ipc.Server (Server.java:<init>(1287)) - Listener at 0.0.0.0:15438
2024-02-06 10:04:11,960 [Socket Reader #1 for port 15438] INFO  ipc.Server (Server.java:run(1323)) - Starting Socket Reader #1 for port 15438
2024-02-06 10:04:11,962 [main] INFO  ozone.HddsDatanodeService (HddsDatanodeService.java:start(327)) - Datanode start with admins: [runner]
2024-02-06 10:04:11,962 [main] INFO  ozone.HddsDatanodeClientProtocolServer (HddsDatanodeClientProtocolServer.java:start(72)) - RPC server for Client /0.0.0.0:15438
2024-02-06 10:04:11,963 [IPC Server Responder] INFO  ipc.Server (Server.java:run(1562)) - IPC Server Responder: starting
2024-02-06 10:04:11,963 [IPC Server listener on 15438] INFO  ipc.Server (Server.java:run(1402)) - IPC Server listener on 15438: starting
2024-02-06 10:04:11,964 [991f0bf8-3b66-4160-8c92-791fd313402a-DatanodeStateMachineDaemonThread] INFO  statemachine.DatanodeStateMachine (DatanodeStateMachine.java:lambda$startDaemon$1(555)) - Ozone container server started.
2024-02-06 10:04:11,964 [main] INFO  ozone.MiniOzoneClusterImpl (MiniOzoneClusterImpl.java:lambda$waitForClusterToBeReady$0(228)) - Waiting for nodes to be ready. Got 0 of 9 DN Heartbeats.
2024-02-06 10:04:11,964 [main] INFO  ozone.MiniOzoneClusterImpl (MiniOzoneClusterImpl.java:lambda$waitForClusterToBeReady$0(231)) - Waiting for cluster to exit safe mode
2024-02-06 10:04:11,964 [main] INFO  ozone.MiniOzoneClusterImpl (MiniOzoneClusterImpl.java:lambda$waitForClusterToBeReady$0(233)) - SCM became leader
2024-02-06 10:04:11,966 [991f0bf8-3b66-4160-8c92-791fd313402a-DatanodeStateMachineTaskThread-0] INFO  datanode.InitDatanodeState (InitDatanodeState.java:persistContainerDatanodeDetails(139)) - DatanodeDetails is persisted to /home/runner/work/ozone/ozone/hadoop-ozone/integration-test/target/test-dir/MiniOzoneClusterImpl-0ae4c21d-b8eb-4e36-9639-963ec8fb7de7/datanode-8/meta/datanode.id
2024-02-06 10:04:12,242 [om1@group-C5BA1605619E-FollowerState] INFO  impl.FollowerState (FollowerState.java:run(143)) - om1@group-C5BA1605619E-FollowerState: change to CANDIDATE, lastRpcElapsedTime:1157448892ns, electionTimeout:1157ms
2024-02-06 10:04:12,243 [om1@group-C5BA1605619E-FollowerState] INFO  impl.RoleInfo (RoleInfo.java:shutdownFollowerState(110)) - om1: shutdown om1@group-C5BA1605619E-FollowerState
2024-02-06 10:04:12,243 [om1@group-C5BA1605619E-FollowerState] INFO  server.RaftServer$Division (RaftServerImpl.java:setRole(383)) - om1@group-C5BA1605619E: changes role from  FOLLOWER to CANDIDATE at term 0 for changeToCandidate
2024-02-06 10:04:12,243 [om1@group-C5BA1605619E-FollowerState] INFO  server.RaftServerConfigKeys (ConfUtils.java:logGet(46)) - raft.server.leaderelection.pre-vote = true (default)
2024-02-06 10:04:12,243 [om1@group-C5BA1605619E-FollowerState] INFO  impl.RoleInfo (RoleInfo.java:updateAndGet(139)) - om1: start om1@group-C5BA1605619E-LeaderElection63
2024-02-06 10:04:12,244 [om1@group-C5BA1605619E-LeaderElection63] INFO  impl.LeaderElection (LeaderElection.java:askForVotes(321)) - om1@group-C5BA1605619E-LeaderElection63 PRE_VOTE round 0: submit vote requests at term 0 for -1: peers:[om1|localhost:15363]|listeners:[], old=null
2024-02-06 10:04:12,245 [om1@group-C5BA1605619E-LeaderElection63] INFO  impl.LeaderElection (LeaderElection.java:askForVotes(323)) - om1@group-C5BA1605619E-LeaderElection63 PRE_VOTE round 0: result PASSED (term=0)
2024-02-06 10:04:12,246 [om1@group-C5BA1605619E-LeaderElection63] INFO  impl.LeaderElection (LeaderElection.java:askForVotes(321)) - om1@group-C5BA1605619E-LeaderElection63 ELECTION round 0: submit vote requests at term 1 for -1: peers:[om1|localhost:15363]|listeners:[], old=null
2024-02-06 10:04:12,246 [om1@group-C5BA1605619E-LeaderElection63] INFO  impl.LeaderElection (LeaderElection.java:askForVotes(323)) - om1@group-C5BA1605619E-LeaderElection63 ELECTION round 0: result PASSED (term=1)
2024-02-06 10:04:12,246 [om1@group-C5BA1605619E-LeaderElection63] INFO  impl.RoleInfo (RoleInfo.java:shutdownLeaderElection(130)) - om1: shutdown om1@group-C5BA1605619E-LeaderElection63
2024-02-06 10:04:12,246 [om1@group-C5BA1605619E-LeaderElection63] INFO  server.RaftServer$Division (RaftServerImpl.java:setRole(383)) - om1@group-C5BA1605619E: changes role from CANDIDATE to LEADER at term 1 for changeToLeader
2024-02-06 10:04:12,246 [om1@group-C5BA1605619E-LeaderElection63] INFO  server.RaftServerConfigKeys (ConfUtils.java:logGet(46)) - raft.server.staging.catchup.gap = 1000 (default)
2024-02-06 10:04:12,246 [om1@group-C5BA1605619E-LeaderElection63] INFO  server.RaftServerConfigKeys (ConfUtils.java:logGet(46)) - raft.server.write.element-limit = 4096 (default)
2024-02-06 10:04:12,246 [om1@group-C5BA1605619E-LeaderElection63] INFO  server.RaftServerConfigKeys (ConfUtils.java:logGet(46)) - raft.server.write.byte-limit = 64MB (=67108864) (default)
2024-02-06 10:04:12,246 [om1@group-C5BA1605619E-LeaderElection63] INFO  server.RaftServerConfigKeys (ConfUtils.java:logGet(46)) - raft.server.watch.timeout = 10s (default)
2024-02-06 10:04:12,247 [om1@group-C5BA1605619E-LeaderElection63] INFO  server.RaftServerConfigKeys (ConfUtils.java:logGet(46)) - raft.server.watch.timeout.denomination = 1s (default)
2024-02-06 10:04:12,247 [om1@group-C5BA1605619E-LeaderElection63] INFO  server.RaftServerConfigKeys (ConfUtils.java:logGet(46)) - raft.server.watch.element-limit = 65536 (default)
2024-02-06 10:04:12,247 [om1@group-C5BA1605619E-LeaderElection63] INFO  server.RaftServerConfigKeys (ConfUtils.java:logGet(46)) - raft.server.read.leader.lease.enabled = false (default)
2024-02-06 10:04:12,247 [om1@group-C5BA1605619E-LeaderElection63] INFO  server.RaftServerConfigKeys (ConfUtils.java:logGet(46)) - raft.server.read.leader.lease.timeout.ratio = 0.9 (default)
2024-02-06 10:04:12,247 [om1@group-C5BA1605619E-LeaderElection63] INFO  server.RaftServerConfigKeys (ConfUtils.java:logGet(46)) - raft.server.rpc.timeout.min = 1s (custom)
2024-02-06 10:04:12,247 [om1@group-C5BA1605619E-LeaderElection63] INFO  server.RaftServerConfigKeys (ConfUtils.java:logGet(46)) - raft.server.write.element-limit = 4096 (default)
2024-02-06 10:04:12,247 [om1@group-C5BA1605619E-LeaderElection63] INFO  server.RaftServerConfigKeys (ConfUtils.java:logGet(46)) - raft.server.write.follower.gap.ratio.max = -1.0 (default)
2024-02-06 10:04:12,247 [om1@group-C5BA1605619E-LeaderElection63] INFO  impl.RoleInfo (RoleInfo.java:updateAndGet(139)) - om1: start om1@group-C5BA1605619E-LeaderStateImpl
2024-02-06 10:04:12,247 [om1@group-C5BA1605619E-LeaderElection63] INFO  server.RaftServer$Division (RaftServerImpl.java:setFirstElection(574)) - om1@group-C5BA1605619E: set firstElectionSinceStartup to false for becomeLeader
2024-02-06 10:04:12,247 [om1@group-C5BA1605619E-LeaderElection63] INFO  server.RaftServer$Division (ServerState.java:setLeader(269)) - om1@group-C5BA1605619E: change Leader from null to om1 at term 1 for becomeLeader, leader elected after 1375ms
2024-02-06 10:04:12,248 [om1@group-C5BA1605619E-LeaderElection63] INFO  segmented.SegmentedRaftLogWorker (SegmentedRaftLogWorker.java:startLogSegment(430)) - om1@group-C5BA1605619E-SegmentedRaftLogWorker: Starting segment from index:0
2024-02-06 10:04:12,248 [om1@group-C5BA1605619E-SegmentedRaftLogWorker] INFO  segmented.BufferedWriteChannel (BufferedWriteChannel.java:open(62)) - open log_inprogress_0 at position 0
2024-02-06 10:04:12,251 [om1@group-C5BA1605619E-LeaderElection63] INFO  server.RaftServer$Division (ServerState.java:setRaftConf(386)) - om1@group-C5BA1605619E: set configuration 0: peers:[om1|localhost:15363]|listeners:[], old=null
2024-02-06 10:04:12,255 [om1@group-C5BA1605619E-SegmentedRaftLogWorker] INFO  segmented.SegmentedRaftLogWorker (SegmentedRaftLogWorker.java:execute(634)) - om1@group-C5BA1605619E-SegmentedRaftLogWorker: created new log segment /home/runner/work/ozone/ozone/hadoop-ozone/integration-test/target/test-dir/MiniOzoneClusterImpl-0ae4c21d-b8eb-4e36-9639-963ec8fb7de7/ozone-meta/ratis/bf265839-605b-3f16-9796-c5ba1605619e/current/log_inprogress_0
2024-02-06 10:04:12,257 [om1@group-C5BA1605619E-StateMachineUpdater] INFO  ratis.OzoneManagerStateMachine (OzoneManagerStateMachine.java:notifyConfigurationChanged(200)) - Received Configuration change notification from Ratis. New Peer list:
[id: "om1"
address: "localhost:15363"
startupRole: FOLLOWER
]
2024-02-06 10:04:12,257 [om1@group-C5BA1605619E-StateMachineUpdater] INFO  server.RaftServer$Division (LeaderStateImpl.java:isApplied(320)) - leader is ready since appliedIndex == 0 >= startIndex == 0
2024-02-06 10:04:12,261 [timer6] WARN  server.GrpcLogAppender (LogUtils.java:warn(121)) - ce31eb2c-908a-4658-9fdf-3408ee4c7a87@group-4B343EB67E76->34d133a4-44c0-40a2-9c42-3325424692aa-AppendLogResponseHandler: Failed appendEntries (Repeated 2 times in the last 5.000s): org.apache.ratis.thirdparty.io.grpc.StatusRuntimeException: CANCELLED: RST_STREAM closed stream. HTTP/2 error code: CANCEL
2024-02-06 10:04:12,263 [timer7] WARN  server.GrpcLogAppender (GrpcLogAppender.java:lambda$resetClient$1(217)) - ce31eb2c-908a-4658-9fdf-3408ee4c7a87@group-4B343EB67E76->34d133a4-44c0-40a2-9c42-3325424692aa-GrpcLogAppender: Follower failed (request=null, errorCount=2); keep nextIndex (5) unchanged and retry. (Repeated 2 times in the last 5.001s)
2024-02-06 10:04:12,965 [main] INFO  ozone.MiniOzoneClusterImpl (MiniOzoneClusterImpl.java:lambda$waitForClusterToBeReady$0(228)) - Waiting for nodes to be ready. Got 0 of 9 DN Heartbeats.
2024-02-06 10:04:12,965 [main] INFO  ozone.MiniOzoneClusterImpl (MiniOzoneClusterImpl.java:lambda$waitForClusterToBeReady$0(231)) - Waiting for cluster to exit safe mode
2024-02-06 10:04:12,965 [main] INFO  ozone.MiniOzoneClusterImpl (MiniOzoneClusterImpl.java:lambda$waitForClusterToBeReady$0(233)) - SCM became leader
2024-02-06 10:04:13,233 [d13a7932-20b5-4dc4-8f4e-9cfa29b5d703-EndpointStateMachineTaskThread-/0.0.0.0:15358-0 ] INFO  utils.DatanodeStoreCache (DatanodeStoreCache.java:addDB(72)) - Added db /home/runner/work/ozone/ozone/hadoop-ozone/integration-test/target/test-dir/MiniOzoneClusterImpl-0ae4c21d-b8eb-4e36-9639-963ec8fb7de7/datanode-0/data-0/containers/hdds/0ae4c21d-b8eb-4e36-9639-963ec8fb7de7/DS-1cce097d-c9be-4c23-a45b-c156467779d6/container.db to cache
2024-02-06 10:04:13,233 [d13a7932-20b5-4dc4-8f4e-9cfa29b5d703-EndpointStateMachineTaskThread-/0.0.0.0:15358-0 ] INFO  volume.HddsVolume (HddsVolume.java:createDbStore(420)) - SchemaV3 db is created and loaded at /home/runner/work/ozone/ozone/hadoop-ozone/integration-test/target/test-dir/MiniOzoneClusterImpl-0ae4c21d-b8eb-4e36-9639-963ec8fb7de7/datanode-0/data-0/containers/hdds/0ae4c21d-b8eb-4e36-9639-963ec8fb7de7/DS-1cce097d-c9be-4c23-a45b-c156467779d6/container.db for volume DS-1cce097d-c9be-4c23-a45b-c156467779d6
2024-02-06 10:04:13,234 [d13a7932-20b5-4dc4-8f4e-9cfa29b5d703-ContainerReader-0] INFO  ozoneimpl.ContainerReader (ContainerReader.java:readVolume(148)) - Start to verify containers on volume /home/runner/work/ozone/ozone/hadoop-ozone/integration-test/target/test-dir/MiniOzoneClusterImpl-0ae4c21d-b8eb-4e36-9639-963ec8fb7de7/datanode-0/data-0/containers/hdds
2024-02-06 10:04:13,234 [d13a7932-20b5-4dc4-8f4e-9cfa29b5d703-ContainerReader-0] INFO  ozoneimpl.ContainerReader (ContainerReader.java:readVolume(178)) - Finish verifying containers on volume /home/runner/work/ozone/ozone/hadoop-ozone/integration-test/target/test-dir/MiniOzoneClusterImpl-0ae4c21d-b8eb-4e36-9639-963ec8fb7de7/datanode-0/data-0/containers/hdds
2024-02-06 10:04:13,234 [d13a7932-20b5-4dc4-8f4e-9cfa29b5d703-EndpointStateMachineTaskThread-/0.0.0.0:15358-0 ] INFO  ozoneimpl.OzoneContainer (OzoneContainer.java:buildContainerSet(328)) - Build ContainerSet costs 0s
2024-02-06 10:04:13,235 [d13a7932-20b5-4dc4-8f4e-9cfa29b5d703-EndpointStateMachineTaskThread-/0.0.0.0:15358-0 ] INFO  volume.ThrottledAsyncChecker (ThrottledAsyncChecker.java:schedule(141)) - Scheduling a check for /home/runner/work/ozone/ozone/hadoop-ozone/integration-test/target/test-dir/MiniOzoneClusterImpl-0ae4c21d-b8eb-4e36-9639-963ec8fb7de7/datanode-0/data-0/containers/hdds
2024-02-06 10:04:13,235 [d13a7932-20b5-4dc4-8f4e-9cfa29b5d703-EndpointStateMachineTaskThread-/0.0.0.0:15358-0 ] INFO  volume.StorageVolumeChecker (StorageVolumeChecker.java:checkAllVolumes(218)) - Scheduled health check for volume /home/runner/work/ozone/ozone/hadoop-ozone/integration-test/target/test-dir/MiniOzoneClusterImpl-0ae4c21d-b8eb-4e36-9639-963ec8fb7de7/datanode-0/data-0/containers/hdds
2024-02-06 10:04:13,237 [d13a7932-20b5-4dc4-8f4e-9cfa29b5d703-EndpointStateMachineTaskThread-/0.0.0.0:15358-0 ] INFO  volume.ThrottledAsyncChecker (ThrottledAsyncChecker.java:schedule(141)) - Scheduling a check for /home/runner/work/ozone/ozone/hadoop-ozone/integration-test/target/test-dir/MiniOzoneClusterImpl-0ae4c21d-b8eb-4e36-9639-963ec8fb7de7/datanode-0/data/ratis
2024-02-06 10:04:13,237 [d13a7932-20b5-4dc4-8f4e-9cfa29b5d703-EndpointStateMachineTaskThread-/0.0.0.0:15358-0 ] INFO  volume.StorageVolumeChecker (StorageVolumeChecker.java:checkAllVolumes(218)) - Scheduled health check for volume /home/runner/work/ozone/ozone/hadoop-ozone/integration-test/target/test-dir/MiniOzoneClusterImpl-0ae4c21d-b8eb-4e36-9639-963ec8fb7de7/datanode-0/data/ratis
2024-02-06 10:04:13,238 [d13a7932-20b5-4dc4-8f4e-9cfa29b5d703-EndpointStateMachineTaskThread-/0.0.0.0:15358-0 ] INFO  ozoneimpl.OzoneContainer (OzoneContainer.java:start(459)) - Attempting to start container services.
2024-02-06 10:04:13,238 [d13a7932-20b5-4dc4-8f4e-9cfa29b5d703-EndpointStateMachineTaskThread-/0.0.0.0:15358-0 ] INFO  ozoneimpl.OzoneContainer (OzoneContainer.java:startContainerScrub(339)) - Scheduled background container scanners and the on-demand container scanner have been disabled.
2024-02-06 10:04:13,238 [d13a7932-20b5-4dc4-8f4e-9cfa29b5d703-EndpointStateMachineTaskThread-/0.0.0.0:15358-0 ] INFO  replication.ReplicationServer (ReplicationServer.java:start(140)) - ReplicationServer is started using port 15372
2024-02-06 10:04:13,238 [d13a7932-20b5-4dc4-8f4e-9cfa29b5d703-EndpointStateMachineTaskThread-/0.0.0.0:15358-0 ] INFO  ratis.XceiverServerRatis (XceiverServerRatis.java:start(566)) - Starting XceiverServerRatis d13a7932-20b5-4dc4-8f4e-9cfa29b5d703
2024-02-06 10:04:13,238 [d13a7932-20b5-4dc4-8f4e-9cfa29b5d703-EndpointStateMachineTaskThread-/0.0.0.0:15358-0 ] INFO  server.RaftServer (RaftServerProxy.java:startImpl(406)) - d13a7932-20b5-4dc4-8f4e-9cfa29b5d703: start RPC server
2024-02-06 10:04:13,239 [d13a7932-20b5-4dc4-8f4e-9cfa29b5d703-EndpointStateMachineTaskThread-/0.0.0.0:15358-0 ] INFO  server.GrpcService (GrpcService.java:startImpl(302)) - d13a7932-20b5-4dc4-8f4e-9cfa29b5d703: GrpcService started, listening on 15368
2024-02-06 10:04:13,239 [d13a7932-20b5-4dc4-8f4e-9cfa29b5d703-EndpointStateMachineTaskThread-/0.0.0.0:15358-0 ] INFO  server.GrpcService (GrpcService.java:startImpl(302)) - d13a7932-20b5-4dc4-8f4e-9cfa29b5d703: GrpcService started, listening on 15370
2024-02-06 10:04:13,239 [d13a7932-20b5-4dc4-8f4e-9cfa29b5d703-EndpointStateMachineTaskThread-/0.0.0.0:15358-0 ] INFO  server.GrpcService (GrpcService.java:startImpl(302)) - d13a7932-20b5-4dc4-8f4e-9cfa29b5d703: GrpcService started, listening on 15369
2024-02-06 10:04:13,239 [d13a7932-20b5-4dc4-8f4e-9cfa29b5d703-EndpointStateMachineTaskThread-/0.0.0.0:15358-0 ] INFO  ratis.XceiverServerRatis (XceiverServerRatis.java:getRealPort(592)) - XceiverServerRatis d13a7932-20b5-4dc4-8f4e-9cfa29b5d703 is started using port 15368 for RATIS
2024-02-06 10:04:13,239 [d13a7932-20b5-4dc4-8f4e-9cfa29b5d703-EndpointStateMachineTaskThread-/0.0.0.0:15358-0 ] INFO  ratis.XceiverServerRatis (XceiverServerRatis.java:getRealPort(592)) - XceiverServerRatis d13a7932-20b5-4dc4-8f4e-9cfa29b5d703 is started using port 15369 for RATIS_ADMIN
2024-02-06 10:04:13,239 [d13a7932-20b5-4dc4-8f4e-9cfa29b5d703-EndpointStateMachineTaskThread-/0.0.0.0:15358-0 ] INFO  ratis.XceiverServerRatis (XceiverServerRatis.java:getRealPort(592)) - XceiverServerRatis d13a7932-20b5-4dc4-8f4e-9cfa29b5d703 is started using port 15370 for RATIS_SERVER
2024-02-06 10:04:13,240 [d13a7932-20b5-4dc4-8f4e-9cfa29b5d703-EndpointStateMachineTaskThread-/0.0.0.0:15358-0 ] INFO  ratis.XceiverServerRatis (XceiverServerRatis.java:getRealPort(592)) - XceiverServerRatis d13a7932-20b5-4dc4-8f4e-9cfa29b5d703 is started using port 15371 for RATIS_DATASTREAM
2024-02-06 10:04:13,239 [JvmPauseMonitor46] INFO  util.JvmPauseMonitor (JvmPauseMonitor.java:run(146)) - JvmPauseMonitor-d13a7932-20b5-4dc4-8f4e-9cfa29b5d703: Started
2024-02-06 10:04:13,242 [d13a7932-20b5-4dc4-8f4e-9cfa29b5d703-BlockDeletingService#0] INFO  interfaces.ContainerDeletionChoosingPolicyTemplate (ContainerDeletionChoosingPolicyTemplate.java:chooseContainerForBlockDeletion(85)) - Chosen 0/5000 blocks from 0 candidate containers.
2024-02-06 10:04:13,335 [38b4019c-56e2-4267-a670-ebb45fd92c3a-EndpointStateMachineTaskThread-/0.0.0.0:15358-0 ] INFO  utils.DatanodeStoreCache (DatanodeStoreCache.java:addDB(72)) - Added db /home/runner/work/ozone/ozone/hadoop-ozone/integration-test/target/test-dir/MiniOzoneClusterImpl-0ae4c21d-b8eb-4e36-9639-963ec8fb7de7/datanode-1/data-0/containers/hdds/0ae4c21d-b8eb-4e36-9639-963ec8fb7de7/DS-4439f3f2-9794-4e74-8fbb-25d4c886185b/container.db to cache
2024-02-06 10:04:13,335 [38b4019c-56e2-4267-a670-ebb45fd92c3a-EndpointStateMachineTaskThread-/0.0.0.0:15358-0 ] INFO  volume.HddsVolume (HddsVolume.java:createDbStore(420)) - SchemaV3 db is created and loaded at /home/runner/work/ozone/ozone/hadoop-ozone/integration-test/target/test-dir/MiniOzoneClusterImpl-0ae4c21d-b8eb-4e36-9639-963ec8fb7de7/datanode-1/data-0/containers/hdds/0ae4c21d-b8eb-4e36-9639-963ec8fb7de7/DS-4439f3f2-9794-4e74-8fbb-25d4c886185b/container.db for volume DS-4439f3f2-9794-4e74-8fbb-25d4c886185b
2024-02-06 10:04:13,337 [38b4019c-56e2-4267-a670-ebb45fd92c3a-ContainerReader-0] INFO  ozoneimpl.ContainerReader (ContainerReader.java:readVolume(148)) - Start to verify containers on volume /home/runner/work/ozone/ozone/hadoop-ozone/integration-test/target/test-dir/MiniOzoneClusterImpl-0ae4c21d-b8eb-4e36-9639-963ec8fb7de7/datanode-1/data-0/containers/hdds
2024-02-06 10:04:13,337 [38b4019c-56e2-4267-a670-ebb45fd92c3a-ContainerReader-0] INFO  ozoneimpl.ContainerReader (ContainerReader.java:readVolume(178)) - Finish verifying containers on volume /home/runner/work/ozone/ozone/hadoop-ozone/integration-test/target/test-dir/MiniOzoneClusterImpl-0ae4c21d-b8eb-4e36-9639-963ec8fb7de7/datanode-1/data-0/containers/hdds
2024-02-06 10:04:13,337 [38b4019c-56e2-4267-a670-ebb45fd92c3a-EndpointStateMachineTaskThread-/0.0.0.0:15358-0 ] INFO  ozoneimpl.OzoneContainer (OzoneContainer.java:buildContainerSet(328)) - Build ContainerSet costs 0s
2024-02-06 10:04:13,337 [38b4019c-56e2-4267-a670-ebb45fd92c3a-EndpointStateMachineTaskThread-/0.0.0.0:15358-0 ] INFO  volume.ThrottledAsyncChecker (ThrottledAsyncChecker.java:schedule(141)) - Scheduling a check for /home/runner/work/ozone/ozone/hadoop-ozone/integration-test/target/test-dir/MiniOzoneClusterImpl-0ae4c21d-b8eb-4e36-9639-963ec8fb7de7/datanode-1/data-0/containers/hdds
2024-02-06 10:04:13,337 [38b4019c-56e2-4267-a670-ebb45fd92c3a-EndpointStateMachineTaskThread-/0.0.0.0:15358-0 ] INFO  volume.StorageVolumeChecker (StorageVolumeChecker.java:checkAllVolumes(218)) - Scheduled health check for volume /home/runner/work/ozone/ozone/hadoop-ozone/integration-test/target/test-dir/MiniOzoneClusterImpl-0ae4c21d-b8eb-4e36-9639-963ec8fb7de7/datanode-1/data-0/containers/hdds
2024-02-06 10:04:13,339 [38b4019c-56e2-4267-a670-ebb45fd92c3a-EndpointStateMachineTaskThread-/0.0.0.0:15358-0 ] INFO  volume.ThrottledAsyncChecker (ThrottledAsyncChecker.java:schedule(141)) - Scheduling a check for /home/runner/work/ozone/ozone/hadoop-ozone/integration-test/target/test-dir/MiniOzoneClusterImpl-0ae4c21d-b8eb-4e36-9639-963ec8fb7de7/datanode-1/data/ratis
2024-02-06 10:04:13,339 [38b4019c-56e2-4267-a670-ebb45fd92c3a-EndpointStateMachineTaskThread-/0.0.0.0:15358-0 ] INFO  volume.StorageVolumeChecker (StorageVolumeChecker.java:checkAllVolumes(218)) - Scheduled health check for volume /home/runner/work/ozone/ozone/hadoop-ozone/integration-test/target/test-dir/MiniOzoneClusterImpl-0ae4c21d-b8eb-4e36-9639-963ec8fb7de7/datanode-1/data/ratis
2024-02-06 10:04:13,340 [38b4019c-56e2-4267-a670-ebb45fd92c3a-EndpointStateMachineTaskThread-/0.0.0.0:15358-0 ] INFO  ozoneimpl.OzoneContainer (OzoneContainer.java:start(459)) - Attempting to start container services.
2024-02-06 10:04:13,340 [38b4019c-56e2-4267-a670-ebb45fd92c3a-EndpointStateMachineTaskThread-/0.0.0.0:15358-0 ] INFO  ozoneimpl.OzoneContainer (OzoneContainer.java:startContainerScrub(339)) - Scheduled background container scanners and the on-demand container scanner have been disabled.
2024-02-06 10:04:13,340 [38b4019c-56e2-4267-a670-ebb45fd92c3a-EndpointStateMachineTaskThread-/0.0.0.0:15358-0 ] INFO  replication.ReplicationServer (ReplicationServer.java:start(140)) - ReplicationServer is started using port 15381
2024-02-06 10:04:13,340 [38b4019c-56e2-4267-a670-ebb45fd92c3a-EndpointStateMachineTaskThread-/0.0.0.0:15358-0 ] INFO  ratis.XceiverServerRatis (XceiverServerRatis.java:start(566)) - Starting XceiverServerRatis 38b4019c-56e2-4267-a670-ebb45fd92c3a
2024-02-06 10:04:13,341 [38b4019c-56e2-4267-a670-ebb45fd92c3a-EndpointStateMachineTaskThread-/0.0.0.0:15358-0 ] INFO  server.RaftServer (RaftServerProxy.java:startImpl(406)) - 38b4019c-56e2-4267-a670-ebb45fd92c3a: start RPC server
2024-02-06 10:04:13,341 [38b4019c-56e2-4267-a670-ebb45fd92c3a-EndpointStateMachineTaskThread-/0.0.0.0:15358-0 ] INFO  server.GrpcService (GrpcService.java:startImpl(302)) - 38b4019c-56e2-4267-a670-ebb45fd92c3a: GrpcService started, listening on 15377
2024-02-06 10:04:13,341 [38b4019c-56e2-4267-a670-ebb45fd92c3a-EndpointStateMachineTaskThread-/0.0.0.0:15358-0 ] INFO  server.GrpcService (GrpcService.java:startImpl(302)) - 38b4019c-56e2-4267-a670-ebb45fd92c3a: GrpcService started, listening on 15379
2024-02-06 10:04:13,341 [38b4019c-56e2-4267-a670-ebb45fd92c3a-EndpointStateMachineTaskThread-/0.0.0.0:15358-0 ] INFO  server.GrpcService (GrpcService.java:startImpl(302)) - 38b4019c-56e2-4267-a670-ebb45fd92c3a: GrpcService started, listening on 15378
2024-02-06 10:04:13,342 [38b4019c-56e2-4267-a670-ebb45fd92c3a-EndpointStateMachineTaskThread-/0.0.0.0:15358-0 ] INFO  ratis.XceiverServerRatis (XceiverServerRatis.java:getRealPort(592)) - XceiverServerRatis 38b4019c-56e2-4267-a670-ebb45fd92c3a is started using port 15377 for RATIS
2024-02-06 10:04:13,342 [JvmPauseMonitor47] INFO  util.JvmPauseMonitor (JvmPauseMonitor.java:run(146)) - JvmPauseMonitor-38b4019c-56e2-4267-a670-ebb45fd92c3a: Started
2024-02-06 10:04:13,342 [38b4019c-56e2-4267-a670-ebb45fd92c3a-EndpointStateMachineTaskThread-/0.0.0.0:15358-0 ] INFO  ratis.XceiverServerRatis (XceiverServerRatis.java:getRealPort(592)) - XceiverServerRatis 38b4019c-56e2-4267-a670-ebb45fd92c3a is started using port 15378 for RATIS_ADMIN
2024-02-06 10:04:13,342 [38b4019c-56e2-4267-a670-ebb45fd92c3a-EndpointStateMachineTaskThread-/0.0.0.0:15358-0 ] INFO  ratis.XceiverServerRatis (XceiverServerRatis.java:getRealPort(592)) - XceiverServerRatis 38b4019c-56e2-4267-a670-ebb45fd92c3a is started using port 15379 for RATIS_SERVER
2024-02-06 10:04:13,342 [38b4019c-56e2-4267-a670-ebb45fd92c3a-EndpointStateMachineTaskThread-/0.0.0.0:15358-0 ] INFO  ratis.XceiverServerRatis (XceiverServerRatis.java:getRealPort(592)) - XceiverServerRatis 38b4019c-56e2-4267-a670-ebb45fd92c3a is started using port 15380 for RATIS_DATASTREAM
2024-02-06 10:04:13,343 [38b4019c-56e2-4267-a670-ebb45fd92c3a-BlockDeletingService#0] INFO  interfaces.ContainerDeletionChoosingPolicyTemplate (ContainerDeletionChoosingPolicyTemplate.java:chooseContainerForBlockDeletion(85)) - Chosen 0/5000 blocks from 0 candidate containers.
2024-02-06 10:04:13,422 [087ade3f-e43d-4c8d-bb26-e39bc6489068-EndpointStateMachineTaskThread-/0.0.0.0:15358-0 ] INFO  utils.DatanodeStoreCache (DatanodeStoreCache.java:addDB(72)) - Added db /home/runner/work/ozone/ozone/hadoop-ozone/integration-test/target/test-dir/MiniOzoneClusterImpl-0ae4c21d-b8eb-4e36-9639-963ec8fb7de7/datanode-2/data-0/containers/hdds/0ae4c21d-b8eb-4e36-9639-963ec8fb7de7/DS-cf1d579f-59f3-4d86-8bb6-ee58bcb6f5c5/container.db to cache
2024-02-06 10:04:13,422 [087ade3f-e43d-4c8d-bb26-e39bc6489068-EndpointStateMachineTaskThread-/0.0.0.0:15358-0 ] INFO  volume.HddsVolume (HddsVolume.java:createDbStore(420)) - SchemaV3 db is created and loaded at /home/runner/work/ozone/ozone/hadoop-ozone/integration-test/target/test-dir/MiniOzoneClusterImpl-0ae4c21d-b8eb-4e36-9639-963ec8fb7de7/datanode-2/data-0/containers/hdds/0ae4c21d-b8eb-4e36-9639-963ec8fb7de7/DS-cf1d579f-59f3-4d86-8bb6-ee58bcb6f5c5/container.db for volume DS-cf1d579f-59f3-4d86-8bb6-ee58bcb6f5c5
2024-02-06 10:04:13,424 [087ade3f-e43d-4c8d-bb26-e39bc6489068-ContainerReader-0] INFO  ozoneimpl.ContainerReader (ContainerReader.java:readVolume(148)) - Start to verify containers on volume /home/runner/work/ozone/ozone/hadoop-ozone/integration-test/target/test-dir/MiniOzoneClusterImpl-0ae4c21d-b8eb-4e36-9639-963ec8fb7de7/datanode-2/data-0/containers/hdds
2024-02-06 10:04:13,424 [087ade3f-e43d-4c8d-bb26-e39bc6489068-ContainerReader-0] INFO  ozoneimpl.ContainerReader (ContainerReader.java:readVolume(178)) - Finish verifying containers on volume /home/runner/work/ozone/ozone/hadoop-ozone/integration-test/target/test-dir/MiniOzoneClusterImpl-0ae4c21d-b8eb-4e36-9639-963ec8fb7de7/datanode-2/data-0/containers/hdds
2024-02-06 10:04:13,424 [087ade3f-e43d-4c8d-bb26-e39bc6489068-EndpointStateMachineTaskThread-/0.0.0.0:15358-0 ] INFO  ozoneimpl.OzoneContainer (OzoneContainer.java:buildContainerSet(328)) - Build ContainerSet costs 0s
2024-02-06 10:04:13,424 [087ade3f-e43d-4c8d-bb26-e39bc6489068-EndpointStateMachineTaskThread-/0.0.0.0:15358-0 ] INFO  volume.ThrottledAsyncChecker (ThrottledAsyncChecker.java:schedule(141)) - Scheduling a check for /home/runner/work/ozone/ozone/hadoop-ozone/integration-test/target/test-dir/MiniOzoneClusterImpl-0ae4c21d-b8eb-4e36-9639-963ec8fb7de7/datanode-2/data-0/containers/hdds
2024-02-06 10:04:13,425 [087ade3f-e43d-4c8d-bb26-e39bc6489068-EndpointStateMachineTaskThread-/0.0.0.0:15358-0 ] INFO  volume.StorageVolumeChecker (StorageVolumeChecker.java:checkAllVolumes(218)) - Scheduled health check for volume /home/runner/work/ozone/ozone/hadoop-ozone/integration-test/target/test-dir/MiniOzoneClusterImpl-0ae4c21d-b8eb-4e36-9639-963ec8fb7de7/datanode-2/data-0/containers/hdds
2024-02-06 10:04:13,426 [087ade3f-e43d-4c8d-bb26-e39bc6489068-EndpointStateMachineTaskThread-/0.0.0.0:15358-0 ] INFO  volume.ThrottledAsyncChecker (ThrottledAsyncChecker.java:schedule(141)) - Scheduling a check for /home/runner/work/ozone/ozone/hadoop-ozone/integration-test/target/test-dir/MiniOzoneClusterImpl-0ae4c21d-b8eb-4e36-9639-963ec8fb7de7/datanode-2/data/ratis
2024-02-06 10:04:13,426 [087ade3f-e43d-4c8d-bb26-e39bc6489068-EndpointStateMachineTaskThread-/0.0.0.0:15358-0 ] INFO  volume.StorageVolumeChecker (StorageVolumeChecker.java:checkAllVolumes(218)) - Scheduled health check for volume /home/runner/work/ozone/ozone/hadoop-ozone/integration-test/target/test-dir/MiniOzoneClusterImpl-0ae4c21d-b8eb-4e36-9639-963ec8fb7de7/datanode-2/data/ratis
2024-02-06 10:04:13,427 [087ade3f-e43d-4c8d-bb26-e39bc6489068-EndpointStateMachineTaskThread-/0.0.0.0:15358-0 ] INFO  ozoneimpl.OzoneContainer (OzoneContainer.java:start(459)) - Attempting to start container services.
2024-02-06 10:04:13,427 [087ade3f-e43d-4c8d-bb26-e39bc6489068-EndpointStateMachineTaskThread-/0.0.0.0:15358-0 ] INFO  ozoneimpl.OzoneContainer (OzoneContainer.java:startContainerScrub(339)) - Scheduled background container scanners and the on-demand container scanner have been disabled.
2024-02-06 10:04:13,428 [087ade3f-e43d-4c8d-bb26-e39bc6489068-EndpointStateMachineTaskThread-/0.0.0.0:15358-0 ] INFO  replication.ReplicationServer (ReplicationServer.java:start(140)) - ReplicationServer is started using port 15390
2024-02-06 10:04:13,428 [087ade3f-e43d-4c8d-bb26-e39bc6489068-EndpointStateMachineTaskThread-/0.0.0.0:15358-0 ] INFO  ratis.XceiverServerRatis (XceiverServerRatis.java:start(566)) - Starting XceiverServerRatis 087ade3f-e43d-4c8d-bb26-e39bc6489068
2024-02-06 10:04:13,428 [087ade3f-e43d-4c8d-bb26-e39bc6489068-EndpointStateMachineTaskThread-/0.0.0.0:15358-0 ] INFO  server.RaftServer (RaftServerProxy.java:startImpl(406)) - 087ade3f-e43d-4c8d-bb26-e39bc6489068: start RPC server
2024-02-06 10:04:13,428 [087ade3f-e43d-4c8d-bb26-e39bc6489068-EndpointStateMachineTaskThread-/0.0.0.0:15358-0 ] INFO  server.GrpcService (GrpcService.java:startImpl(302)) - 087ade3f-e43d-4c8d-bb26-e39bc6489068: GrpcService started, listening on 15386
2024-02-06 10:04:13,429 [087ade3f-e43d-4c8d-bb26-e39bc6489068-EndpointStateMachineTaskThread-/0.0.0.0:15358-0 ] INFO  server.GrpcService (GrpcService.java:startImpl(302)) - 087ade3f-e43d-4c8d-bb26-e39bc6489068: GrpcService started, listening on 15388
2024-02-06 10:04:13,429 [087ade3f-e43d-4c8d-bb26-e39bc6489068-EndpointStateMachineTaskThread-/0.0.0.0:15358-0 ] INFO  server.GrpcService (GrpcService.java:startImpl(302)) - 087ade3f-e43d-4c8d-bb26-e39bc6489068: GrpcService started, listening on 15387
2024-02-06 10:04:13,429 [087ade3f-e43d-4c8d-bb26-e39bc6489068-EndpointStateMachineTaskThread-/0.0.0.0:15358-0 ] INFO  ratis.XceiverServerRatis (XceiverServerRatis.java:getRealPort(592)) - XceiverServerRatis 087ade3f-e43d-4c8d-bb26-e39bc6489068 is started using port 15386 for RATIS
2024-02-06 10:04:13,429 [087ade3f-e43d-4c8d-bb26-e39bc6489068-EndpointStateMachineTaskThread-/0.0.0.0:15358-0 ] INFO  ratis.XceiverServerRatis (XceiverServerRatis.java:getRealPort(592)) - XceiverServerRatis 087ade3f-e43d-4c8d-bb26-e39bc6489068 is started using port 15387 for RATIS_ADMIN
2024-02-06 10:04:13,429 [087ade3f-e43d-4c8d-bb26-e39bc6489068-EndpointStateMachineTaskThread-/0.0.0.0:15358-0 ] INFO  ratis.XceiverServerRatis (XceiverServerRatis.java:getRealPort(592)) - XceiverServerRatis 087ade3f-e43d-4c8d-bb26-e39bc6489068 is started using port 15388 for RATIS_SERVER
2024-02-06 10:04:13,429 [087ade3f-e43d-4c8d-bb26-e39bc6489068-EndpointStateMachineTaskThread-/0.0.0.0:15358-0 ] INFO  ratis.XceiverServerRatis (XceiverServerRatis.java:getRealPort(592)) - XceiverServerRatis 087ade3f-e43d-4c8d-bb26-e39bc6489068 is started using port 15389 for RATIS_DATASTREAM
2024-02-06 10:04:13,429 [JvmPauseMonitor48] INFO  util.JvmPauseMonitor (JvmPauseMonitor.java:run(146)) - JvmPauseMonitor-087ade3f-e43d-4c8d-bb26-e39bc6489068: Started
2024-02-06 10:04:13,430 [087ade3f-e43d-4c8d-bb26-e39bc6489068-BlockDeletingService#0] INFO  interfaces.ContainerDeletionChoosingPolicyTemplate (ContainerDeletionChoosingPolicyTemplate.java:chooseContainerForBlockDeletion(85)) - Chosen 0/5000 blocks from 0 candidate containers.
2024-02-06 10:04:13,509 [b79ed0a0-6c36-4ab9-80cb-79cc2b7dd541-EndpointStateMachineTaskThread-/0.0.0.0:15358-0 ] INFO  utils.DatanodeStoreCache (DatanodeStoreCache.java:addDB(72)) - Added db /home/runner/work/ozone/ozone/hadoop-ozone/integration-test/target/test-dir/MiniOzoneClusterImpl-0ae4c21d-b8eb-4e36-9639-963ec8fb7de7/datanode-3/data-0/containers/hdds/0ae4c21d-b8eb-4e36-9639-963ec8fb7de7/DS-4cd88073-c699-49b7-8ed0-07e122502b2c/container.db to cache
2024-02-06 10:04:13,509 [b79ed0a0-6c36-4ab9-80cb-79cc2b7dd541-EndpointStateMachineTaskThread-/0.0.0.0:15358-0 ] INFO  volume.HddsVolume (HddsVolume.java:createDbStore(420)) - SchemaV3 db is created and loaded at /home/runner/work/ozone/ozone/hadoop-ozone/integration-test/target/test-dir/MiniOzoneClusterImpl-0ae4c21d-b8eb-4e36-9639-963ec8fb7de7/datanode-3/data-0/containers/hdds/0ae4c21d-b8eb-4e36-9639-963ec8fb7de7/DS-4cd88073-c699-49b7-8ed0-07e122502b2c/container.db for volume DS-4cd88073-c699-49b7-8ed0-07e122502b2c
2024-02-06 10:04:13,511 [b79ed0a0-6c36-4ab9-80cb-79cc2b7dd541-ContainerReader-0] INFO  ozoneimpl.ContainerReader (ContainerReader.java:readVolume(148)) - Start to verify containers on volume /home/runner/work/ozone/ozone/hadoop-ozone/integration-test/target/test-dir/MiniOzoneClusterImpl-0ae4c21d-b8eb-4e36-9639-963ec8fb7de7/datanode-3/data-0/containers/hdds
2024-02-06 10:04:13,511 [b79ed0a0-6c36-4ab9-80cb-79cc2b7dd541-ContainerReader-0] INFO  ozoneimpl.ContainerReader (ContainerReader.java:readVolume(178)) - Finish verifying containers on volume /home/runner/work/ozone/ozone/hadoop-ozone/integration-test/target/test-dir/MiniOzoneClusterImpl-0ae4c21d-b8eb-4e36-9639-963ec8fb7de7/datanode-3/data-0/containers/hdds
2024-02-06 10:04:13,511 [b79ed0a0-6c36-4ab9-80cb-79cc2b7dd541-EndpointStateMachineTaskThread-/0.0.0.0:15358-0 ] INFO  ozoneimpl.OzoneContainer (OzoneContainer.java:buildContainerSet(328)) - Build ContainerSet costs 0s
2024-02-06 10:04:13,511 [b79ed0a0-6c36-4ab9-80cb-79cc2b7dd541-EndpointStateMachineTaskThread-/0.0.0.0:15358-0 ] INFO  volume.ThrottledAsyncChecker (ThrottledAsyncChecker.java:schedule(141)) - Scheduling a check for /home/runner/work/ozone/ozone/hadoop-ozone/integration-test/target/test-dir/MiniOzoneClusterImpl-0ae4c21d-b8eb-4e36-9639-963ec8fb7de7/datanode-3/data-0/containers/hdds
2024-02-06 10:04:13,511 [b79ed0a0-6c36-4ab9-80cb-79cc2b7dd541-EndpointStateMachineTaskThread-/0.0.0.0:15358-0 ] INFO  volume.StorageVolumeChecker (StorageVolumeChecker.java:checkAllVolumes(218)) - Scheduled health check for volume /home/runner/work/ozone/ozone/hadoop-ozone/integration-test/target/test-dir/MiniOzoneClusterImpl-0ae4c21d-b8eb-4e36-9639-963ec8fb7de7/datanode-3/data-0/containers/hdds
2024-02-06 10:04:13,513 [b79ed0a0-6c36-4ab9-80cb-79cc2b7dd541-EndpointStateMachineTaskThread-/0.0.0.0:15358-0 ] INFO  volume.ThrottledAsyncChecker (ThrottledAsyncChecker.java:schedule(141)) - Scheduling a check for /home/runner/work/ozone/ozone/hadoop-ozone/integration-test/target/test-dir/MiniOzoneClusterImpl-0ae4c21d-b8eb-4e36-9639-963ec8fb7de7/datanode-3/data/ratis
2024-02-06 10:04:13,513 [b79ed0a0-6c36-4ab9-80cb-79cc2b7dd541-EndpointStateMachineTaskThread-/0.0.0.0:15358-0 ] INFO  volume.StorageVolumeChecker (StorageVolumeChecker.java:checkAllVolumes(218)) - Scheduled health check for volume /home/runner/work/ozone/ozone/hadoop-ozone/integration-test/target/test-dir/MiniOzoneClusterImpl-0ae4c21d-b8eb-4e36-9639-963ec8fb7de7/datanode-3/data/ratis
2024-02-06 10:04:13,514 [b79ed0a0-6c36-4ab9-80cb-79cc2b7dd541-EndpointStateMachineTaskThread-/0.0.0.0:15358-0 ] INFO  ozoneimpl.OzoneContainer (OzoneContainer.java:start(459)) - Attempting to start container services.
2024-02-06 10:04:13,515 [b79ed0a0-6c36-4ab9-80cb-79cc2b7dd541-EndpointStateMachineTaskThread-/0.0.0.0:15358-0 ] INFO  ozoneimpl.OzoneContainer (OzoneContainer.java:startContainerScrub(339)) - Scheduled background container scanners and the on-demand container scanner have been disabled.
2024-02-06 10:04:13,515 [b79ed0a0-6c36-4ab9-80cb-79cc2b7dd541-EndpointStateMachineTaskThread-/0.0.0.0:15358-0 ] INFO  replication.ReplicationServer (ReplicationServer.java:start(140)) - ReplicationServer is started using port 15399
2024-02-06 10:04:13,515 [b79ed0a0-6c36-4ab9-80cb-79cc2b7dd541-EndpointStateMachineTaskThread-/0.0.0.0:15358-0 ] INFO  ratis.XceiverServerRatis (XceiverServerRatis.java:start(566)) - Starting XceiverServerRatis b79ed0a0-6c36-4ab9-80cb-79cc2b7dd541
2024-02-06 10:04:13,516 [b79ed0a0-6c36-4ab9-80cb-79cc2b7dd541-EndpointStateMachineTaskThread-/0.0.0.0:15358-0 ] INFO  server.RaftServer (RaftServerProxy.java:startImpl(406)) - b79ed0a0-6c36-4ab9-80cb-79cc2b7dd541: start RPC server
2024-02-06 10:04:13,516 [b79ed0a0-6c36-4ab9-80cb-79cc2b7dd541-EndpointStateMachineTaskThread-/0.0.0.0:15358-0 ] INFO  server.GrpcService (GrpcService.java:startImpl(302)) - b79ed0a0-6c36-4ab9-80cb-79cc2b7dd541: GrpcService started, listening on 15395
2024-02-06 10:04:13,516 [b79ed0a0-6c36-4ab9-80cb-79cc2b7dd541-EndpointStateMachineTaskThread-/0.0.0.0:15358-0 ] INFO  server.GrpcService (GrpcService.java:startImpl(302)) - b79ed0a0-6c36-4ab9-80cb-79cc2b7dd541: GrpcService started, listening on 15397
2024-02-06 10:04:13,517 [b79ed0a0-6c36-4ab9-80cb-79cc2b7dd541-EndpointStateMachineTaskThread-/0.0.0.0:15358-0 ] INFO  server.GrpcService (GrpcService.java:startImpl(302)) - b79ed0a0-6c36-4ab9-80cb-79cc2b7dd541: GrpcService started, listening on 15396
2024-02-06 10:04:13,517 [b79ed0a0-6c36-4ab9-80cb-79cc2b7dd541-EndpointStateMachineTaskThread-/0.0.0.0:15358-0 ] INFO  ratis.XceiverServerRatis (XceiverServerRatis.java:getRealPort(592)) - XceiverServerRatis b79ed0a0-6c36-4ab9-80cb-79cc2b7dd541 is started using port 15395 for RATIS
2024-02-06 10:04:13,517 [JvmPauseMonitor49] INFO  util.JvmPauseMonitor (JvmPauseMonitor.java:run(146)) - JvmPauseMonitor-b79ed0a0-6c36-4ab9-80cb-79cc2b7dd541: Started
2024-02-06 10:04:13,517 [b79ed0a0-6c36-4ab9-80cb-79cc2b7dd541-EndpointStateMachineTaskThread-/0.0.0.0:15358-0 ] INFO  ratis.XceiverServerRatis (XceiverServerRatis.java:getRealPort(592)) - XceiverServerRatis b79ed0a0-6c36-4ab9-80cb-79cc2b7dd541 is started using port 15396 for RATIS_ADMIN
2024-02-06 10:04:13,517 [b79ed0a0-6c36-4ab9-80cb-79cc2b7dd541-EndpointStateMachineTaskThread-/0.0.0.0:15358-0 ] INFO  ratis.XceiverServerRatis (XceiverServerRatis.java:getRealPort(592)) - XceiverServerRatis b79ed0a0-6c36-4ab9-80cb-79cc2b7dd541 is started using port 15397 for RATIS_SERVER
2024-02-06 10:04:13,517 [b79ed0a0-6c36-4ab9-80cb-79cc2b7dd541-EndpointStateMachineTaskThread-/0.0.0.0:15358-0 ] INFO  ratis.XceiverServerRatis (XceiverServerRatis.java:getRealPort(592)) - XceiverServerRatis b79ed0a0-6c36-4ab9-80cb-79cc2b7dd541 is started using port 15398 for RATIS_DATASTREAM
2024-02-06 10:04:13,518 [b79ed0a0-6c36-4ab9-80cb-79cc2b7dd541-BlockDeletingService#0] INFO  interfaces.ContainerDeletionChoosingPolicyTemplate (ContainerDeletionChoosingPolicyTemplate.java:chooseContainerForBlockDeletion(85)) - Chosen 0/5000 blocks from 0 candidate containers.
2024-02-06 10:04:13,619 [ec6898a0-344d-48d8-8a85-11fa109d489b-EndpointStateMachineTaskThread-/0.0.0.0:15358-0 ] INFO  utils.DatanodeStoreCache (DatanodeStoreCache.java:addDB(72)) - Added db /home/runner/work/ozone/ozone/hadoop-ozone/integration-test/target/test-dir/MiniOzoneClusterImpl-0ae4c21d-b8eb-4e36-9639-963ec8fb7de7/datanode-4/data-0/containers/hdds/0ae4c21d-b8eb-4e36-9639-963ec8fb7de7/DS-f5d41f2a-0ed0-4932-8902-58f39ff85a39/container.db to cache
2024-02-06 10:04:13,619 [ec6898a0-344d-48d8-8a85-11fa109d489b-EndpointStateMachineTaskThread-/0.0.0.0:15358-0 ] INFO  volume.HddsVolume (HddsVolume.java:createDbStore(420)) - SchemaV3 db is created and loaded at /home/runner/work/ozone/ozone/hadoop-ozone/integration-test/target/test-dir/MiniOzoneClusterImpl-0ae4c21d-b8eb-4e36-9639-963ec8fb7de7/datanode-4/data-0/containers/hdds/0ae4c21d-b8eb-4e36-9639-963ec8fb7de7/DS-f5d41f2a-0ed0-4932-8902-58f39ff85a39/container.db for volume DS-f5d41f2a-0ed0-4932-8902-58f39ff85a39
2024-02-06 10:04:13,621 [ec6898a0-344d-48d8-8a85-11fa109d489b-ContainerReader-0] INFO  ozoneimpl.ContainerReader (ContainerReader.java:readVolume(148)) - Start to verify containers on volume /home/runner/work/ozone/ozone/hadoop-ozone/integration-test/target/test-dir/MiniOzoneClusterImpl-0ae4c21d-b8eb-4e36-9639-963ec8fb7de7/datanode-4/data-0/containers/hdds
2024-02-06 10:04:13,621 [ec6898a0-344d-48d8-8a85-11fa109d489b-ContainerReader-0] INFO  ozoneimpl.ContainerReader (ContainerReader.java:readVolume(178)) - Finish verifying containers on volume /home/runner/work/ozone/ozone/hadoop-ozone/integration-test/target/test-dir/MiniOzoneClusterImpl-0ae4c21d-b8eb-4e36-9639-963ec8fb7de7/datanode-4/data-0/containers/hdds
2024-02-06 10:04:13,621 [ec6898a0-344d-48d8-8a85-11fa109d489b-EndpointStateMachineTaskThread-/0.0.0.0:15358-0 ] INFO  ozoneimpl.OzoneContainer (OzoneContainer.java:buildContainerSet(328)) - Build ContainerSet costs 0s
2024-02-06 10:04:13,621 [ec6898a0-344d-48d8-8a85-11fa109d489b-EndpointStateMachineTaskThread-/0.0.0.0:15358-0 ] INFO  volume.ThrottledAsyncChecker (ThrottledAsyncChecker.java:schedule(141)) - Scheduling a check for /home/runner/work/ozone/ozone/hadoop-ozone/integration-test/target/test-dir/MiniOzoneClusterImpl-0ae4c21d-b8eb-4e36-9639-963ec8fb7de7/datanode-4/data-0/containers/hdds
2024-02-06 10:04:13,621 [ec6898a0-344d-48d8-8a85-11fa109d489b-EndpointStateMachineTaskThread-/0.0.0.0:15358-0 ] INFO  volume.StorageVolumeChecker (StorageVolumeChecker.java:checkAllVolumes(218)) - Scheduled health check for volume /home/runner/work/ozone/ozone/hadoop-ozone/integration-test/target/test-dir/MiniOzoneClusterImpl-0ae4c21d-b8eb-4e36-9639-963ec8fb7de7/datanode-4/data-0/containers/hdds
2024-02-06 10:04:13,624 [ec6898a0-344d-48d8-8a85-11fa109d489b-EndpointStateMachineTaskThread-/0.0.0.0:15358-0 ] INFO  volume.ThrottledAsyncChecker (ThrottledAsyncChecker.java:schedule(141)) - Scheduling a check for /home/runner/work/ozone/ozone/hadoop-ozone/integration-test/target/test-dir/MiniOzoneClusterImpl-0ae4c21d-b8eb-4e36-9639-963ec8fb7de7/datanode-4/data/ratis
2024-02-06 10:04:13,624 [ec6898a0-344d-48d8-8a85-11fa109d489b-EndpointStateMachineTaskThread-/0.0.0.0:15358-0 ] INFO  volume.StorageVolumeChecker (StorageVolumeChecker.java:checkAllVolumes(218)) - Scheduled health check for volume /home/runner/work/ozone/ozone/hadoop-ozone/integration-test/target/test-dir/MiniOzoneClusterImpl-0ae4c21d-b8eb-4e36-9639-963ec8fb7de7/datanode-4/data/ratis
2024-02-06 10:04:13,625 [ec6898a0-344d-48d8-8a85-11fa109d489b-EndpointStateMachineTaskThread-/0.0.0.0:15358-0 ] INFO  ozoneimpl.OzoneContainer (OzoneContainer.java:start(459)) - Attempting to start container services.
2024-02-06 10:04:13,625 [ec6898a0-344d-48d8-8a85-11fa109d489b-EndpointStateMachineTaskThread-/0.0.0.0:15358-0 ] INFO  ozoneimpl.OzoneContainer (OzoneContainer.java:startContainerScrub(339)) - Scheduled background container scanners and the on-demand container scanner have been disabled.
2024-02-06 10:04:13,625 [ec6898a0-344d-48d8-8a85-11fa109d489b-EndpointStateMachineTaskThread-/0.0.0.0:15358-0 ] INFO  replication.ReplicationServer (ReplicationServer.java:start(140)) - ReplicationServer is started using port 15408
2024-02-06 10:04:13,625 [ec6898a0-344d-48d8-8a85-11fa109d489b-EndpointStateMachineTaskThread-/0.0.0.0:15358-0 ] INFO  ratis.XceiverServerRatis (XceiverServerRatis.java:start(566)) - Starting XceiverServerRatis ec6898a0-344d-48d8-8a85-11fa109d489b
2024-02-06 10:04:13,625 [ec6898a0-344d-48d8-8a85-11fa109d489b-EndpointStateMachineTaskThread-/0.0.0.0:15358-0 ] INFO  server.RaftServer (RaftServerProxy.java:startImpl(406)) - ec6898a0-344d-48d8-8a85-11fa109d489b: start RPC server
2024-02-06 10:04:13,626 [ec6898a0-344d-48d8-8a85-11fa109d489b-EndpointStateMachineTaskThread-/0.0.0.0:15358-0 ] INFO  server.GrpcService (GrpcService.java:startImpl(302)) - ec6898a0-344d-48d8-8a85-11fa109d489b: GrpcService started, listening on 15404
2024-02-06 10:04:13,626 [ec6898a0-344d-48d8-8a85-11fa109d489b-EndpointStateMachineTaskThread-/0.0.0.0:15358-0 ] INFO  server.GrpcService (GrpcService.java:startImpl(302)) - ec6898a0-344d-48d8-8a85-11fa109d489b: GrpcService started, listening on 15406
2024-02-06 10:04:13,626 [ec6898a0-344d-48d8-8a85-11fa109d489b-EndpointStateMachineTaskThread-/0.0.0.0:15358-0 ] INFO  server.GrpcService (GrpcService.java:startImpl(302)) - ec6898a0-344d-48d8-8a85-11fa109d489b: GrpcService started, listening on 15405
2024-02-06 10:04:13,626 [ec6898a0-344d-48d8-8a85-11fa109d489b-EndpointStateMachineTaskThread-/0.0.0.0:15358-0 ] INFO  ratis.XceiverServerRatis (XceiverServerRatis.java:getRealPort(592)) - XceiverServerRatis ec6898a0-344d-48d8-8a85-11fa109d489b is started using port 15404 for RATIS
2024-02-06 10:04:13,626 [JvmPauseMonitor50] INFO  util.JvmPauseMonitor (JvmPauseMonitor.java:run(146)) - JvmPauseMonitor-ec6898a0-344d-48d8-8a85-11fa109d489b: Started
2024-02-06 10:04:13,626 [ec6898a0-344d-48d8-8a85-11fa109d489b-EndpointStateMachineTaskThread-/0.0.0.0:15358-0 ] INFO  ratis.XceiverServerRatis (XceiverServerRatis.java:getRealPort(592)) - XceiverServerRatis ec6898a0-344d-48d8-8a85-11fa109d489b is started using port 15405 for RATIS_ADMIN
2024-02-06 10:04:13,626 [ec6898a0-344d-48d8-8a85-11fa109d489b-EndpointStateMachineTaskThread-/0.0.0.0:15358-0 ] INFO  ratis.XceiverServerRatis (XceiverServerRatis.java:getRealPort(592)) - XceiverServerRatis ec6898a0-344d-48d8-8a85-11fa109d489b is started using port 15406 for RATIS_SERVER
2024-02-06 10:04:13,626 [ec6898a0-344d-48d8-8a85-11fa109d489b-EndpointStateMachineTaskThread-/0.0.0.0:15358-0 ] INFO  ratis.XceiverServerRatis (XceiverServerRatis.java:getRealPort(592)) - XceiverServerRatis ec6898a0-344d-48d8-8a85-11fa109d489b is started using port 15407 for RATIS_DATASTREAM
2024-02-06 10:04:13,627 [ec6898a0-344d-48d8-8a85-11fa109d489b-BlockDeletingService#0] INFO  interfaces.ContainerDeletionChoosingPolicyTemplate (ContainerDeletionChoosingPolicyTemplate.java:chooseContainerForBlockDeletion(85)) - Chosen 0/5000 blocks from 0 candidate containers.
2024-02-06 10:04:13,720 [f44971dd-a974-44f1-968d-f8ef2d671d75-EndpointStateMachineTaskThread-/0.0.0.0:15358-0 ] INFO  utils.DatanodeStoreCache (DatanodeStoreCache.java:addDB(72)) - Added db /home/runner/work/ozone/ozone/hadoop-ozone/integration-test/target/test-dir/MiniOzoneClusterImpl-0ae4c21d-b8eb-4e36-9639-963ec8fb7de7/datanode-5/data-0/containers/hdds/0ae4c21d-b8eb-4e36-9639-963ec8fb7de7/DS-f6ea85c3-0e15-4ca1-812f-6eec42c300c7/container.db to cache
2024-02-06 10:04:13,720 [f44971dd-a974-44f1-968d-f8ef2d671d75-EndpointStateMachineTaskThread-/0.0.0.0:15358-0 ] INFO  volume.HddsVolume (HddsVolume.java:createDbStore(420)) - SchemaV3 db is created and loaded at /home/runner/work/ozone/ozone/hadoop-ozone/integration-test/target/test-dir/MiniOzoneClusterImpl-0ae4c21d-b8eb-4e36-9639-963ec8fb7de7/datanode-5/data-0/containers/hdds/0ae4c21d-b8eb-4e36-9639-963ec8fb7de7/DS-f6ea85c3-0e15-4ca1-812f-6eec42c300c7/container.db for volume DS-f6ea85c3-0e15-4ca1-812f-6eec42c300c7
2024-02-06 10:04:13,721 [f44971dd-a974-44f1-968d-f8ef2d671d75-ContainerReader-0] INFO  ozoneimpl.ContainerReader (ContainerReader.java:readVolume(148)) - Start to verify containers on volume /home/runner/work/ozone/ozone/hadoop-ozone/integration-test/target/test-dir/MiniOzoneClusterImpl-0ae4c21d-b8eb-4e36-9639-963ec8fb7de7/datanode-5/data-0/containers/hdds
2024-02-06 10:04:13,721 [f44971dd-a974-44f1-968d-f8ef2d671d75-ContainerReader-0] INFO  ozoneimpl.ContainerReader (ContainerReader.java:readVolume(178)) - Finish verifying containers on volume /home/runner/work/ozone/ozone/hadoop-ozone/integration-test/target/test-dir/MiniOzoneClusterImpl-0ae4c21d-b8eb-4e36-9639-963ec8fb7de7/datanode-5/data-0/containers/hdds
2024-02-06 10:04:13,721 [f44971dd-a974-44f1-968d-f8ef2d671d75-EndpointStateMachineTaskThread-/0.0.0.0:15358-0 ] INFO  ozoneimpl.OzoneContainer (OzoneContainer.java:buildContainerSet(328)) - Build ContainerSet costs 0s
2024-02-06 10:04:13,722 [f44971dd-a974-44f1-968d-f8ef2d671d75-EndpointStateMachineTaskThread-/0.0.0.0:15358-0 ] INFO  volume.ThrottledAsyncChecker (ThrottledAsyncChecker.java:schedule(141)) - Scheduling a check for /home/runner/work/ozone/ozone/hadoop-ozone/integration-test/target/test-dir/MiniOzoneClusterImpl-0ae4c21d-b8eb-4e36-9639-963ec8fb7de7/datanode-5/data-0/containers/hdds
2024-02-06 10:04:13,722 [f44971dd-a974-44f1-968d-f8ef2d671d75-EndpointStateMachineTaskThread-/0.0.0.0:15358-0 ] INFO  volume.StorageVolumeChecker (StorageVolumeChecker.java:checkAllVolumes(218)) - Scheduled health check for volume /home/runner/work/ozone/ozone/hadoop-ozone/integration-test/target/test-dir/MiniOzoneClusterImpl-0ae4c21d-b8eb-4e36-9639-963ec8fb7de7/datanode-5/data-0/containers/hdds
2024-02-06 10:04:13,724 [f44971dd-a974-44f1-968d-f8ef2d671d75-EndpointStateMachineTaskThread-/0.0.0.0:15358-0 ] INFO  volume.ThrottledAsyncChecker (ThrottledAsyncChecker.java:schedule(141)) - Scheduling a check for /home/runner/work/ozone/ozone/hadoop-ozone/integration-test/target/test-dir/MiniOzoneClusterImpl-0ae4c21d-b8eb-4e36-9639-963ec8fb7de7/datanode-5/data/ratis
2024-02-06 10:04:13,724 [f44971dd-a974-44f1-968d-f8ef2d671d75-EndpointStateMachineTaskThread-/0.0.0.0:15358-0 ] INFO  volume.StorageVolumeChecker (StorageVolumeChecker.java:checkAllVolumes(218)) - Scheduled health check for volume /home/runner/work/ozone/ozone/hadoop-ozone/integration-test/target/test-dir/MiniOzoneClusterImpl-0ae4c21d-b8eb-4e36-9639-963ec8fb7de7/datanode-5/data/ratis
2024-02-06 10:04:13,725 [f44971dd-a974-44f1-968d-f8ef2d671d75-EndpointStateMachineTaskThread-/0.0.0.0:15358-0 ] INFO  ozoneimpl.OzoneContainer (OzoneContainer.java:start(459)) - Attempting to start container services.
2024-02-06 10:04:13,725 [f44971dd-a974-44f1-968d-f8ef2d671d75-EndpointStateMachineTaskThread-/0.0.0.0:15358-0 ] INFO  ozoneimpl.OzoneContainer (OzoneContainer.java:startContainerScrub(339)) - Scheduled background container scanners and the on-demand container scanner have been disabled.
2024-02-06 10:04:13,725 [f44971dd-a974-44f1-968d-f8ef2d671d75-EndpointStateMachineTaskThread-/0.0.0.0:15358-0 ] INFO  replication.ReplicationServer (ReplicationServer.java:start(140)) - ReplicationServer is started using port 15417
2024-02-06 10:04:13,725 [f44971dd-a974-44f1-968d-f8ef2d671d75-EndpointStateMachineTaskThread-/0.0.0.0:15358-0 ] INFO  ratis.XceiverServerRatis (XceiverServerRatis.java:start(566)) - Starting XceiverServerRatis f44971dd-a974-44f1-968d-f8ef2d671d75
2024-02-06 10:04:13,726 [f44971dd-a974-44f1-968d-f8ef2d671d75-EndpointStateMachineTaskThread-/0.0.0.0:15358-0 ] INFO  server.RaftServer (RaftServerProxy.java:startImpl(406)) - f44971dd-a974-44f1-968d-f8ef2d671d75: start RPC server
2024-02-06 10:04:13,726 [f44971dd-a974-44f1-968d-f8ef2d671d75-EndpointStateMachineTaskThread-/0.0.0.0:15358-0 ] INFO  server.GrpcService (GrpcService.java:startImpl(302)) - f44971dd-a974-44f1-968d-f8ef2d671d75: GrpcService started, listening on 15413
2024-02-06 10:04:13,726 [f44971dd-a974-44f1-968d-f8ef2d671d75-EndpointStateMachineTaskThread-/0.0.0.0:15358-0 ] INFO  server.GrpcService (GrpcService.java:startImpl(302)) - f44971dd-a974-44f1-968d-f8ef2d671d75: GrpcService started, listening on 15415
2024-02-06 10:04:13,726 [f44971dd-a974-44f1-968d-f8ef2d671d75-EndpointStateMachineTaskThread-/0.0.0.0:15358-0 ] INFO  server.GrpcService (GrpcService.java:startImpl(302)) - f44971dd-a974-44f1-968d-f8ef2d671d75: GrpcService started, listening on 15414
2024-02-06 10:04:13,727 [f44971dd-a974-44f1-968d-f8ef2d671d75-EndpointStateMachineTaskThread-/0.0.0.0:15358-0 ] INFO  ratis.XceiverServerRatis (XceiverServerRatis.java:getRealPort(592)) - XceiverServerRatis f44971dd-a974-44f1-968d-f8ef2d671d75 is started using port 15413 for RATIS
2024-02-06 10:04:13,727 [JvmPauseMonitor51] INFO  util.JvmPauseMonitor (JvmPauseMonitor.java:run(146)) - JvmPauseMonitor-f44971dd-a974-44f1-968d-f8ef2d671d75: Started
2024-02-06 10:04:13,727 [f44971dd-a974-44f1-968d-f8ef2d671d75-EndpointStateMachineTaskThread-/0.0.0.0:15358-0 ] INFO  ratis.XceiverServerRatis (XceiverServerRatis.java:getRealPort(592)) - XceiverServerRatis f44971dd-a974-44f1-968d-f8ef2d671d75 is started using port 15414 for RATIS_ADMIN
2024-02-06 10:04:13,727 [f44971dd-a974-44f1-968d-f8ef2d671d75-EndpointStateMachineTaskThread-/0.0.0.0:15358-0 ] INFO  ratis.XceiverServerRatis (XceiverServerRatis.java:getRealPort(592)) - XceiverServerRatis f44971dd-a974-44f1-968d-f8ef2d671d75 is started using port 15415 for RATIS_SERVER
2024-02-06 10:04:13,727 [f44971dd-a974-44f1-968d-f8ef2d671d75-EndpointStateMachineTaskThread-/0.0.0.0:15358-0 ] INFO  ratis.XceiverServerRatis (XceiverServerRatis.java:getRealPort(592)) - XceiverServerRatis f44971dd-a974-44f1-968d-f8ef2d671d75 is started using port 15416 for RATIS_DATASTREAM
2024-02-06 10:04:13,728 [f44971dd-a974-44f1-968d-f8ef2d671d75-BlockDeletingService#0] INFO  interfaces.ContainerDeletionChoosingPolicyTemplate (ContainerDeletionChoosingPolicyTemplate.java:chooseContainerForBlockDeletion(85)) - Chosen 0/5000 blocks from 0 candidate containers.
2024-02-06 10:04:13,808 [3978496b-7107-4711-aebb-7ffe7c8dd03a-EndpointStateMachineTaskThread-/0.0.0.0:15358-0 ] INFO  utils.DatanodeStoreCache (DatanodeStoreCache.java:addDB(72)) - Added db /home/runner/work/ozone/ozone/hadoop-ozone/integration-test/target/test-dir/MiniOzoneClusterImpl-0ae4c21d-b8eb-4e36-9639-963ec8fb7de7/datanode-6/data-0/containers/hdds/0ae4c21d-b8eb-4e36-9639-963ec8fb7de7/DS-a5e7b77b-cf41-4d9a-9b56-74f5e9ad063d/container.db to cache
2024-02-06 10:04:13,808 [3978496b-7107-4711-aebb-7ffe7c8dd03a-EndpointStateMachineTaskThread-/0.0.0.0:15358-0 ] INFO  volume.HddsVolume (HddsVolume.java:createDbStore(420)) - SchemaV3 db is created and loaded at /home/runner/work/ozone/ozone/hadoop-ozone/integration-test/target/test-dir/MiniOzoneClusterImpl-0ae4c21d-b8eb-4e36-9639-963ec8fb7de7/datanode-6/data-0/containers/hdds/0ae4c21d-b8eb-4e36-9639-963ec8fb7de7/DS-a5e7b77b-cf41-4d9a-9b56-74f5e9ad063d/container.db for volume DS-a5e7b77b-cf41-4d9a-9b56-74f5e9ad063d
2024-02-06 10:04:13,809 [3978496b-7107-4711-aebb-7ffe7c8dd03a-ContainerReader-0] INFO  ozoneimpl.ContainerReader (ContainerReader.java:readVolume(148)) - Start to verify containers on volume /home/runner/work/ozone/ozone/hadoop-ozone/integration-test/target/test-dir/MiniOzoneClusterImpl-0ae4c21d-b8eb-4e36-9639-963ec8fb7de7/datanode-6/data-0/containers/hdds
2024-02-06 10:04:13,809 [3978496b-7107-4711-aebb-7ffe7c8dd03a-ContainerReader-0] INFO  ozoneimpl.ContainerReader (ContainerReader.java:readVolume(178)) - Finish verifying containers on volume /home/runner/work/ozone/ozone/hadoop-ozone/integration-test/target/test-dir/MiniOzoneClusterImpl-0ae4c21d-b8eb-4e36-9639-963ec8fb7de7/datanode-6/data-0/containers/hdds
2024-02-06 10:04:13,809 [3978496b-7107-4711-aebb-7ffe7c8dd03a-EndpointStateMachineTaskThread-/0.0.0.0:15358-0 ] INFO  ozoneimpl.OzoneContainer (OzoneContainer.java:buildContainerSet(328)) - Build ContainerSet costs 0s
2024-02-06 10:04:13,810 [3978496b-7107-4711-aebb-7ffe7c8dd03a-EndpointStateMachineTaskThread-/0.0.0.0:15358-0 ] INFO  volume.ThrottledAsyncChecker (ThrottledAsyncChecker.java:schedule(141)) - Scheduling a check for /home/runner/work/ozone/ozone/hadoop-ozone/integration-test/target/test-dir/MiniOzoneClusterImpl-0ae4c21d-b8eb-4e36-9639-963ec8fb7de7/datanode-6/data-0/containers/hdds
2024-02-06 10:04:13,810 [3978496b-7107-4711-aebb-7ffe7c8dd03a-EndpointStateMachineTaskThread-/0.0.0.0:15358-0 ] INFO  volume.StorageVolumeChecker (StorageVolumeChecker.java:checkAllVolumes(218)) - Scheduled health check for volume /home/runner/work/ozone/ozone/hadoop-ozone/integration-test/target/test-dir/MiniOzoneClusterImpl-0ae4c21d-b8eb-4e36-9639-963ec8fb7de7/datanode-6/data-0/containers/hdds
2024-02-06 10:04:13,812 [3978496b-7107-4711-aebb-7ffe7c8dd03a-EndpointStateMachineTaskThread-/0.0.0.0:15358-0 ] INFO  volume.ThrottledAsyncChecker (ThrottledAsyncChecker.java:schedule(141)) - Scheduling a check for /home/runner/work/ozone/ozone/hadoop-ozone/integration-test/target/test-dir/MiniOzoneClusterImpl-0ae4c21d-b8eb-4e36-9639-963ec8fb7de7/datanode-6/data/ratis
2024-02-06 10:04:13,812 [3978496b-7107-4711-aebb-7ffe7c8dd03a-EndpointStateMachineTaskThread-/0.0.0.0:15358-0 ] INFO  volume.StorageVolumeChecker (StorageVolumeChecker.java:checkAllVolumes(218)) - Scheduled health check for volume /home/runner/work/ozone/ozone/hadoop-ozone/integration-test/target/test-dir/MiniOzoneClusterImpl-0ae4c21d-b8eb-4e36-9639-963ec8fb7de7/datanode-6/data/ratis
2024-02-06 10:04:13,813 [3978496b-7107-4711-aebb-7ffe7c8dd03a-EndpointStateMachineTaskThread-/0.0.0.0:15358-0 ] INFO  ozoneimpl.OzoneContainer (OzoneContainer.java:start(459)) - Attempting to start container services.
2024-02-06 10:04:13,813 [3978496b-7107-4711-aebb-7ffe7c8dd03a-EndpointStateMachineTaskThread-/0.0.0.0:15358-0 ] INFO  ozoneimpl.OzoneContainer (OzoneContainer.java:startContainerScrub(339)) - Scheduled background container scanners and the on-demand container scanner have been disabled.
2024-02-06 10:04:13,814 [3978496b-7107-4711-aebb-7ffe7c8dd03a-EndpointStateMachineTaskThread-/0.0.0.0:15358-0 ] INFO  replication.ReplicationServer (ReplicationServer.java:start(140)) - ReplicationServer is started using port 15426
2024-02-06 10:04:13,814 [3978496b-7107-4711-aebb-7ffe7c8dd03a-EndpointStateMachineTaskThread-/0.0.0.0:15358-0 ] INFO  ratis.XceiverServerRatis (XceiverServerRatis.java:start(566)) - Starting XceiverServerRatis 3978496b-7107-4711-aebb-7ffe7c8dd03a
2024-02-06 10:04:13,814 [3978496b-7107-4711-aebb-7ffe7c8dd03a-EndpointStateMachineTaskThread-/0.0.0.0:15358-0 ] INFO  server.RaftServer (RaftServerProxy.java:startImpl(406)) - 3978496b-7107-4711-aebb-7ffe7c8dd03a: start RPC server
2024-02-06 10:04:13,814 [3978496b-7107-4711-aebb-7ffe7c8dd03a-EndpointStateMachineTaskThread-/0.0.0.0:15358-0 ] INFO  server.GrpcService (GrpcService.java:startImpl(302)) - 3978496b-7107-4711-aebb-7ffe7c8dd03a: GrpcService started, listening on 15422
2024-02-06 10:04:13,815 [3978496b-7107-4711-aebb-7ffe7c8dd03a-EndpointStateMachineTaskThread-/0.0.0.0:15358-0 ] INFO  server.GrpcService (GrpcService.java:startImpl(302)) - 3978496b-7107-4711-aebb-7ffe7c8dd03a: GrpcService started, listening on 15424
2024-02-06 10:04:13,815 [3978496b-7107-4711-aebb-7ffe7c8dd03a-EndpointStateMachineTaskThread-/0.0.0.0:15358-0 ] INFO  server.GrpcService (GrpcService.java:startImpl(302)) - 3978496b-7107-4711-aebb-7ffe7c8dd03a: GrpcService started, listening on 15423
2024-02-06 10:04:13,815 [3978496b-7107-4711-aebb-7ffe7c8dd03a-EndpointStateMachineTaskThread-/0.0.0.0:15358-0 ] INFO  ratis.XceiverServerRatis (XceiverServerRatis.java:getRealPort(592)) - XceiverServerRatis 3978496b-7107-4711-aebb-7ffe7c8dd03a is started using port 15422 for RATIS
2024-02-06 10:04:13,815 [JvmPauseMonitor52] INFO  util.JvmPauseMonitor (JvmPauseMonitor.java:run(146)) - JvmPauseMonitor-3978496b-7107-4711-aebb-7ffe7c8dd03a: Started
2024-02-06 10:04:13,815 [3978496b-7107-4711-aebb-7ffe7c8dd03a-EndpointStateMachineTaskThread-/0.0.0.0:15358-0 ] INFO  ratis.XceiverServerRatis (XceiverServerRatis.java:getRealPort(592)) - XceiverServerRatis 3978496b-7107-4711-aebb-7ffe7c8dd03a is started using port 15423 for RATIS_ADMIN
2024-02-06 10:04:13,815 [3978496b-7107-4711-aebb-7ffe7c8dd03a-EndpointStateMachineTaskThread-/0.0.0.0:15358-0 ] INFO  ratis.XceiverServerRatis (XceiverServerRatis.java:getRealPort(592)) - XceiverServerRatis 3978496b-7107-4711-aebb-7ffe7c8dd03a is started using port 15424 for RATIS_SERVER
2024-02-06 10:04:13,815 [3978496b-7107-4711-aebb-7ffe7c8dd03a-EndpointStateMachineTaskThread-/0.0.0.0:15358-0 ] INFO  ratis.XceiverServerRatis (XceiverServerRatis.java:getRealPort(592)) - XceiverServerRatis 3978496b-7107-4711-aebb-7ffe7c8dd03a is started using port 15425 for RATIS_DATASTREAM
2024-02-06 10:04:13,816 [3978496b-7107-4711-aebb-7ffe7c8dd03a-BlockDeletingService#0] INFO  interfaces.ContainerDeletionChoosingPolicyTemplate (ContainerDeletionChoosingPolicyTemplate.java:chooseContainerForBlockDeletion(85)) - Chosen 0/5000 blocks from 0 candidate containers.
2024-02-06 10:04:13,907 [a1fd6d11-0b72-4c96-8e55-07f63a3bc231-EndpointStateMachineTaskThread-/0.0.0.0:15358-0 ] INFO  utils.DatanodeStoreCache (DatanodeStoreCache.java:addDB(72)) - Added db /home/runner/work/ozone/ozone/hadoop-ozone/integration-test/target/test-dir/MiniOzoneClusterImpl-0ae4c21d-b8eb-4e36-9639-963ec8fb7de7/datanode-7/data-0/containers/hdds/0ae4c21d-b8eb-4e36-9639-963ec8fb7de7/DS-fec45e82-740d-4055-9a81-1469d04ff76a/container.db to cache
2024-02-06 10:04:13,908 [a1fd6d11-0b72-4c96-8e55-07f63a3bc231-EndpointStateMachineTaskThread-/0.0.0.0:15358-0 ] INFO  volume.HddsVolume (HddsVolume.java:createDbStore(420)) - SchemaV3 db is created and loaded at /home/runner/work/ozone/ozone/hadoop-ozone/integration-test/target/test-dir/MiniOzoneClusterImpl-0ae4c21d-b8eb-4e36-9639-963ec8fb7de7/datanode-7/data-0/containers/hdds/0ae4c21d-b8eb-4e36-9639-963ec8fb7de7/DS-fec45e82-740d-4055-9a81-1469d04ff76a/container.db for volume DS-fec45e82-740d-4055-9a81-1469d04ff76a
2024-02-06 10:04:13,909 [a1fd6d11-0b72-4c96-8e55-07f63a3bc231-ContainerReader-0] INFO  ozoneimpl.ContainerReader (ContainerReader.java:readVolume(148)) - Start to verify containers on volume /home/runner/work/ozone/ozone/hadoop-ozone/integration-test/target/test-dir/MiniOzoneClusterImpl-0ae4c21d-b8eb-4e36-9639-963ec8fb7de7/datanode-7/data-0/containers/hdds
2024-02-06 10:04:13,909 [a1fd6d11-0b72-4c96-8e55-07f63a3bc231-ContainerReader-0] INFO  ozoneimpl.ContainerReader (ContainerReader.java:readVolume(178)) - Finish verifying containers on volume /home/runner/work/ozone/ozone/hadoop-ozone/integration-test/target/test-dir/MiniOzoneClusterImpl-0ae4c21d-b8eb-4e36-9639-963ec8fb7de7/datanode-7/data-0/containers/hdds
2024-02-06 10:04:13,909 [a1fd6d11-0b72-4c96-8e55-07f63a3bc231-EndpointStateMachineTaskThread-/0.0.0.0:15358-0 ] INFO  ozoneimpl.OzoneContainer (OzoneContainer.java:buildContainerSet(328)) - Build ContainerSet costs 0s
2024-02-06 10:04:13,909 [a1fd6d11-0b72-4c96-8e55-07f63a3bc231-EndpointStateMachineTaskThread-/0.0.0.0:15358-0 ] INFO  volume.ThrottledAsyncChecker (ThrottledAsyncChecker.java:schedule(141)) - Scheduling a check for /home/runner/work/ozone/ozone/hadoop-ozone/integration-test/target/test-dir/MiniOzoneClusterImpl-0ae4c21d-b8eb-4e36-9639-963ec8fb7de7/datanode-7/data-0/containers/hdds
2024-02-06 10:04:13,910 [a1fd6d11-0b72-4c96-8e55-07f63a3bc231-EndpointStateMachineTaskThread-/0.0.0.0:15358-0 ] INFO  volume.StorageVolumeChecker (StorageVolumeChecker.java:checkAllVolumes(218)) - Scheduled health check for volume /home/runner/work/ozone/ozone/hadoop-ozone/integration-test/target/test-dir/MiniOzoneClusterImpl-0ae4c21d-b8eb-4e36-9639-963ec8fb7de7/datanode-7/data-0/containers/hdds
2024-02-06 10:04:13,912 [a1fd6d11-0b72-4c96-8e55-07f63a3bc231-EndpointStateMachineTaskThread-/0.0.0.0:15358-0 ] INFO  volume.ThrottledAsyncChecker (ThrottledAsyncChecker.java:schedule(141)) - Scheduling a check for /home/runner/work/ozone/ozone/hadoop-ozone/integration-test/target/test-dir/MiniOzoneClusterImpl-0ae4c21d-b8eb-4e36-9639-963ec8fb7de7/datanode-7/data/ratis
2024-02-06 10:04:13,912 [a1fd6d11-0b72-4c96-8e55-07f63a3bc231-EndpointStateMachineTaskThread-/0.0.0.0:15358-0 ] INFO  volume.StorageVolumeChecker (StorageVolumeChecker.java:checkAllVolumes(218)) - Scheduled health check for volume /home/runner/work/ozone/ozone/hadoop-ozone/integration-test/target/test-dir/MiniOzoneClusterImpl-0ae4c21d-b8eb-4e36-9639-963ec8fb7de7/datanode-7/data/ratis
2024-02-06 10:04:13,913 [a1fd6d11-0b72-4c96-8e55-07f63a3bc231-EndpointStateMachineTaskThread-/0.0.0.0:15358-0 ] INFO  ozoneimpl.OzoneContainer (OzoneContainer.java:start(459)) - Attempting to start container services.
2024-02-06 10:04:13,913 [a1fd6d11-0b72-4c96-8e55-07f63a3bc231-EndpointStateMachineTaskThread-/0.0.0.0:15358-0 ] INFO  ozoneimpl.OzoneContainer (OzoneContainer.java:startContainerScrub(339)) - Scheduled background container scanners and the on-demand container scanner have been disabled.
2024-02-06 10:04:13,913 [a1fd6d11-0b72-4c96-8e55-07f63a3bc231-EndpointStateMachineTaskThread-/0.0.0.0:15358-0 ] INFO  replication.ReplicationServer (ReplicationServer.java:start(140)) - ReplicationServer is started using port 15435
2024-02-06 10:04:13,913 [a1fd6d11-0b72-4c96-8e55-07f63a3bc231-EndpointStateMachineTaskThread-/0.0.0.0:15358-0 ] INFO  ratis.XceiverServerRatis (XceiverServerRatis.java:start(566)) - Starting XceiverServerRatis a1fd6d11-0b72-4c96-8e55-07f63a3bc231
2024-02-06 10:04:13,913 [a1fd6d11-0b72-4c96-8e55-07f63a3bc231-EndpointStateMachineTaskThread-/0.0.0.0:15358-0 ] INFO  server.RaftServer (RaftServerProxy.java:startImpl(406)) - a1fd6d11-0b72-4c96-8e55-07f63a3bc231: start RPC server
2024-02-06 10:04:13,914 [a1fd6d11-0b72-4c96-8e55-07f63a3bc231-EndpointStateMachineTaskThread-/0.0.0.0:15358-0 ] INFO  server.GrpcService (GrpcService.java:startImpl(302)) - a1fd6d11-0b72-4c96-8e55-07f63a3bc231: GrpcService started, listening on 15431
2024-02-06 10:04:13,914 [a1fd6d11-0b72-4c96-8e55-07f63a3bc231-EndpointStateMachineTaskThread-/0.0.0.0:15358-0 ] INFO  server.GrpcService (GrpcService.java:startImpl(302)) - a1fd6d11-0b72-4c96-8e55-07f63a3bc231: GrpcService started, listening on 15433
2024-02-06 10:04:13,914 [a1fd6d11-0b72-4c96-8e55-07f63a3bc231-EndpointStateMachineTaskThread-/0.0.0.0:15358-0 ] INFO  server.GrpcService (GrpcService.java:startImpl(302)) - a1fd6d11-0b72-4c96-8e55-07f63a3bc231: GrpcService started, listening on 15432
2024-02-06 10:04:13,914 [a1fd6d11-0b72-4c96-8e55-07f63a3bc231-EndpointStateMachineTaskThread-/0.0.0.0:15358-0 ] INFO  ratis.XceiverServerRatis (XceiverServerRatis.java:getRealPort(592)) - XceiverServerRatis a1fd6d11-0b72-4c96-8e55-07f63a3bc231 is started using port 15431 for RATIS
2024-02-06 10:04:13,914 [JvmPauseMonitor53] INFO  util.JvmPauseMonitor (JvmPauseMonitor.java:run(146)) - JvmPauseMonitor-a1fd6d11-0b72-4c96-8e55-07f63a3bc231: Started
2024-02-06 10:04:13,914 [a1fd6d11-0b72-4c96-8e55-07f63a3bc231-EndpointStateMachineTaskThread-/0.0.0.0:15358-0 ] INFO  ratis.XceiverServerRatis (XceiverServerRatis.java:getRealPort(592)) - XceiverServerRatis a1fd6d11-0b72-4c96-8e55-07f63a3bc231 is started using port 15432 for RATIS_ADMIN
2024-02-06 10:04:13,914 [a1fd6d11-0b72-4c96-8e55-07f63a3bc231-EndpointStateMachineTaskThread-/0.0.0.0:15358-0 ] INFO  ratis.XceiverServerRatis (XceiverServerRatis.java:getRealPort(592)) - XceiverServerRatis a1fd6d11-0b72-4c96-8e55-07f63a3bc231 is started using port 15433 for RATIS_SERVER
2024-02-06 10:04:13,914 [a1fd6d11-0b72-4c96-8e55-07f63a3bc231-EndpointStateMachineTaskThread-/0.0.0.0:15358-0 ] INFO  ratis.XceiverServerRatis (XceiverServerRatis.java:getRealPort(592)) - XceiverServerRatis a1fd6d11-0b72-4c96-8e55-07f63a3bc231 is started using port 15434 for RATIS_DATASTREAM
2024-02-06 10:04:13,915 [a1fd6d11-0b72-4c96-8e55-07f63a3bc231-BlockDeletingService#0] INFO  interfaces.ContainerDeletionChoosingPolicyTemplate (ContainerDeletionChoosingPolicyTemplate.java:chooseContainerForBlockDeletion(85)) - Chosen 0/5000 blocks from 0 candidate containers.
2024-02-06 10:04:13,965 [main] INFO  ozone.MiniOzoneClusterImpl (MiniOzoneClusterImpl.java:lambda$waitForClusterToBeReady$0(228)) - Waiting for nodes to be ready. Got 0 of 9 DN Heartbeats.
2024-02-06 10:04:13,965 [main] INFO  ozone.MiniOzoneClusterImpl (MiniOzoneClusterImpl.java:lambda$waitForClusterToBeReady$0(231)) - Waiting for cluster to exit safe mode
2024-02-06 10:04:13,966 [main] INFO  ozone.MiniOzoneClusterImpl (MiniOzoneClusterImpl.java:lambda$waitForClusterToBeReady$0(233)) - SCM became leader
2024-02-06 10:04:13,994 [991f0bf8-3b66-4160-8c92-791fd313402a-EndpointStateMachineTaskThread-/0.0.0.0:15358-0 ] INFO  utils.DatanodeStoreCache (DatanodeStoreCache.java:addDB(72)) - Added db /home/runner/work/ozone/ozone/hadoop-ozone/integration-test/target/test-dir/MiniOzoneClusterImpl-0ae4c21d-b8eb-4e36-9639-963ec8fb7de7/datanode-8/data-0/containers/hdds/0ae4c21d-b8eb-4e36-9639-963ec8fb7de7/DS-6d49bb94-f7cb-4c95-bbc0-f6006e714833/container.db to cache
2024-02-06 10:04:13,994 [991f0bf8-3b66-4160-8c92-791fd313402a-EndpointStateMachineTaskThread-/0.0.0.0:15358-0 ] INFO  volume.HddsVolume (HddsVolume.java:createDbStore(420)) - SchemaV3 db is created and loaded at /home/runner/work/ozone/ozone/hadoop-ozone/integration-test/target/test-dir/MiniOzoneClusterImpl-0ae4c21d-b8eb-4e36-9639-963ec8fb7de7/datanode-8/data-0/containers/hdds/0ae4c21d-b8eb-4e36-9639-963ec8fb7de7/DS-6d49bb94-f7cb-4c95-bbc0-f6006e714833/container.db for volume DS-6d49bb94-f7cb-4c95-bbc0-f6006e714833
2024-02-06 10:04:13,995 [991f0bf8-3b66-4160-8c92-791fd313402a-ContainerReader-0] INFO  ozoneimpl.ContainerReader (ContainerReader.java:readVolume(148)) - Start to verify containers on volume /home/runner/work/ozone/ozone/hadoop-ozone/integration-test/target/test-dir/MiniOzoneClusterImpl-0ae4c21d-b8eb-4e36-9639-963ec8fb7de7/datanode-8/data-0/containers/hdds
2024-02-06 10:04:13,995 [991f0bf8-3b66-4160-8c92-791fd313402a-ContainerReader-0] INFO  ozoneimpl.ContainerReader (ContainerReader.java:readVolume(178)) - Finish verifying containers on volume /home/runner/work/ozone/ozone/hadoop-ozone/integration-test/target/test-dir/MiniOzoneClusterImpl-0ae4c21d-b8eb-4e36-9639-963ec8fb7de7/datanode-8/data-0/containers/hdds
2024-02-06 10:04:13,995 [991f0bf8-3b66-4160-8c92-791fd313402a-EndpointStateMachineTaskThread-/0.0.0.0:15358-0 ] INFO  ozoneimpl.OzoneContainer (OzoneContainer.java:buildContainerSet(328)) - Build ContainerSet costs 0s
2024-02-06 10:04:13,995 [991f0bf8-3b66-4160-8c92-791fd313402a-EndpointStateMachineTaskThread-/0.0.0.0:15358-0 ] INFO  volume.ThrottledAsyncChecker (ThrottledAsyncChecker.java:schedule(141)) - Scheduling a check for /home/runner/work/ozone/ozone/hadoop-ozone/integration-test/target/test-dir/MiniOzoneClusterImpl-0ae4c21d-b8eb-4e36-9639-963ec8fb7de7/datanode-8/data-0/containers/hdds
2024-02-06 10:04:13,996 [991f0bf8-3b66-4160-8c92-791fd313402a-EndpointStateMachineTaskThread-/0.0.0.0:15358-0 ] INFO  volume.StorageVolumeChecker (StorageVolumeChecker.java:checkAllVolumes(218)) - Scheduled health check for volume /home/runner/work/ozone/ozone/hadoop-ozone/integration-test/target/test-dir/MiniOzoneClusterImpl-0ae4c21d-b8eb-4e36-9639-963ec8fb7de7/datanode-8/data-0/containers/hdds
2024-02-06 10:04:13,998 [991f0bf8-3b66-4160-8c92-791fd313402a-EndpointStateMachineTaskThread-/0.0.0.0:15358-0 ] INFO  volume.ThrottledAsyncChecker (ThrottledAsyncChecker.java:schedule(141)) - Scheduling a check for /home/runner/work/ozone/ozone/hadoop-ozone/integration-test/target/test-dir/MiniOzoneClusterImpl-0ae4c21d-b8eb-4e36-9639-963ec8fb7de7/datanode-8/data/ratis
2024-02-06 10:04:13,998 [991f0bf8-3b66-4160-8c92-791fd313402a-EndpointStateMachineTaskThread-/0.0.0.0:15358-0 ] INFO  volume.StorageVolumeChecker (StorageVolumeChecker.java:checkAllVolumes(218)) - Scheduled health check for volume /home/runner/work/ozone/ozone/hadoop-ozone/integration-test/target/test-dir/MiniOzoneClusterImpl-0ae4c21d-b8eb-4e36-9639-963ec8fb7de7/datanode-8/data/ratis
2024-02-06 10:04:13,999 [991f0bf8-3b66-4160-8c92-791fd313402a-EndpointStateMachineTaskThread-/0.0.0.0:15358-0 ] INFO  ozoneimpl.OzoneContainer (OzoneContainer.java:start(459)) - Attempting to start container services.
2024-02-06 10:04:13,999 [991f0bf8-3b66-4160-8c92-791fd313402a-EndpointStateMachineTaskThread-/0.0.0.0:15358-0 ] INFO  ozoneimpl.OzoneContainer (OzoneContainer.java:startContainerScrub(339)) - Scheduled background container scanners and the on-demand container scanner have been disabled.
2024-02-06 10:04:13,999 [991f0bf8-3b66-4160-8c92-791fd313402a-EndpointStateMachineTaskThread-/0.0.0.0:15358-0 ] INFO  replication.ReplicationServer (ReplicationServer.java:start(140)) - ReplicationServer is started using port 15444
2024-02-06 10:04:13,999 [991f0bf8-3b66-4160-8c92-791fd313402a-EndpointStateMachineTaskThread-/0.0.0.0:15358-0 ] INFO  ratis.XceiverServerRatis (XceiverServerRatis.java:start(566)) - Starting XceiverServerRatis 991f0bf8-3b66-4160-8c92-791fd313402a
2024-02-06 10:04:13,999 [991f0bf8-3b66-4160-8c92-791fd313402a-EndpointStateMachineTaskThread-/0.0.0.0:15358-0 ] INFO  server.RaftServer (RaftServerProxy.java:startImpl(406)) - 991f0bf8-3b66-4160-8c92-791fd313402a: start RPC server
2024-02-06 10:04:14,000 [991f0bf8-3b66-4160-8c92-791fd313402a-EndpointStateMachineTaskThread-/0.0.0.0:15358-0 ] INFO  server.GrpcService (GrpcService.java:startImpl(302)) - 991f0bf8-3b66-4160-8c92-791fd313402a: GrpcService started, listening on 15440
2024-02-06 10:04:14,000 [991f0bf8-3b66-4160-8c92-791fd313402a-EndpointStateMachineTaskThread-/0.0.0.0:15358-0 ] INFO  server.GrpcService (GrpcService.java:startImpl(302)) - 991f0bf8-3b66-4160-8c92-791fd313402a: GrpcService started, listening on 15442
2024-02-06 10:04:14,000 [991f0bf8-3b66-4160-8c92-791fd313402a-EndpointStateMachineTaskThread-/0.0.0.0:15358-0 ] INFO  server.GrpcService (GrpcService.java:startImpl(302)) - 991f0bf8-3b66-4160-8c92-791fd313402a: GrpcService started, listening on 15441
2024-02-06 10:04:14,000 [991f0bf8-3b66-4160-8c92-791fd313402a-EndpointStateMachineTaskThread-/0.0.0.0:15358-0 ] INFO  ratis.XceiverServerRatis (XceiverServerRatis.java:getRealPort(592)) - XceiverServerRatis 991f0bf8-3b66-4160-8c92-791fd313402a is started using port 15440 for RATIS
2024-02-06 10:04:14,000 [991f0bf8-3b66-4160-8c92-791fd313402a-EndpointStateMachineTaskThread-/0.0.0.0:15358-0 ] INFO  ratis.XceiverServerRatis (XceiverServerRatis.java:getRealPort(592)) - XceiverServerRatis 991f0bf8-3b66-4160-8c92-791fd313402a is started using port 15441 for RATIS_ADMIN
2024-02-06 10:04:14,000 [991f0bf8-3b66-4160-8c92-791fd313402a-EndpointStateMachineTaskThread-/0.0.0.0:15358-0 ] INFO  ratis.XceiverServerRatis (XceiverServerRatis.java:getRealPort(592)) - XceiverServerRatis 991f0bf8-3b66-4160-8c92-791fd313402a is started using port 15442 for RATIS_SERVER
2024-02-06 10:04:14,000 [991f0bf8-3b66-4160-8c92-791fd313402a-EndpointStateMachineTaskThread-/0.0.0.0:15358-0 ] INFO  ratis.XceiverServerRatis (XceiverServerRatis.java:getRealPort(592)) - XceiverServerRatis 991f0bf8-3b66-4160-8c92-791fd313402a is started using port 15443 for RATIS_DATASTREAM
2024-02-06 10:04:14,000 [JvmPauseMonitor54] INFO  util.JvmPauseMonitor (JvmPauseMonitor.java:run(146)) - JvmPauseMonitor-991f0bf8-3b66-4160-8c92-791fd313402a: Started
2024-02-06 10:04:14,001 [991f0bf8-3b66-4160-8c92-791fd313402a-BlockDeletingService#0] INFO  interfaces.ContainerDeletionChoosingPolicyTemplate (ContainerDeletionChoosingPolicyTemplate.java:chooseContainerForBlockDeletion(85)) - Chosen 0/5000 blocks from 0 candidate containers.
2024-02-06 10:04:14,966 [main] INFO  ozone.MiniOzoneClusterImpl (MiniOzoneClusterImpl.java:lambda$waitForClusterToBeReady$0(228)) - Waiting for nodes to be ready. Got 0 of 9 DN Heartbeats.
2024-02-06 10:04:14,966 [main] INFO  ozone.MiniOzoneClusterImpl (MiniOzoneClusterImpl.java:lambda$waitForClusterToBeReady$0(231)) - Waiting for cluster to exit safe mode
2024-02-06 10:04:14,966 [main] INFO  ozone.MiniOzoneClusterImpl (MiniOzoneClusterImpl.java:lambda$waitForClusterToBeReady$0(233)) - SCM became leader
2024-02-06 10:04:15,206 [IPC Server handler 4 on default port 15358] INFO  net.NetworkTopologyImpl (NetworkTopologyImpl.java:add(124)) - Added a new node: /default-rack/d13a7932-20b5-4dc4-8f4e-9cfa29b5d703
2024-02-06 10:04:15,207 [IPC Server handler 4 on default port 15358] INFO  node.SCMNodeManager (SCMNodeManager.java:register(421)) - Registered datanode: d13a7932-20b5-4dc4-8f4e-9cfa29b5d703{ip: 10.1.0.5, host: fv-az776-296, ports: [HTTP=15365, CLIENT_RPC=15366, REPLICATION=15372, RATIS=15368, RATIS_ADMIN=15369, RATIS_SERVER=15370, RATIS_DATASTREAM=15371, STANDALONE=15367], networkLocation: /default-rack, certSerialId: null, persistedOpState: null, persistedOpStateExpiryEpochSec: 0}
2024-02-06 10:04:15,209 [EventQueue-NewNodeForNewNodeHandler] INFO  pipeline.BackgroundPipelineCreator (BackgroundPipelineCreator.java:notifyEventTriggered(280)) - trigger a one-shot run on RatisPipelineUtilsThread.
2024-02-06 10:04:15,210 [RatisPipelineUtilsThread-0] INFO  pipeline.RatisPipelineProvider (RatisPipelineProvider.java:lambda$create$0(206)) - Sending CreatePipelineCommand for pipeline:PipelineID=d73a1a3a-4c5b-41e3-8270-a3563cee2a65 to datanode:d13a7932-20b5-4dc4-8f4e-9cfa29b5d703
2024-02-06 10:04:15,210 [EventQueue-NodeRegistrationContainerReportForDataNodeSafeModeRule] INFO  safemode.SCMSafeModeManager (DataNodeSafeModeRule.java:process(71)) - SCM in safe mode. 1 DataNodes registered, 3 required.
2024-02-06 10:04:15,210 [EventQueue-NodeRegistrationContainerReportForContainerSafeModeRule] INFO  safemode.SCMSafeModeManager (SCMSafeModeManager.java:validateSafeModeExitRules(200)) - ContainerSafeModeRule rule is successfully validated
2024-02-06 10:04:15,211 [EventQueue-PipelineReportForOneReplicaPipelineSafeModeRule] INFO  safemode.SCMSafeModeManager (SCMSafeModeManager.java:validateSafeModeExitRules(200)) - AtleastOneDatanodeReportedRule rule is successfully validated
2024-02-06 10:04:15,211 [RatisPipelineUtilsThread-0] INFO  pipeline.BackgroundPipelineCreator (BackgroundPipelineCreator.java:createPipelines(236)) - Created new pipeline Pipeline[ Id: d73a1a3a-4c5b-41e3-8270-a3563cee2a65, Nodes: d13a7932-20b5-4dc4-8f4e-9cfa29b5d703(fv-az776-296/10.1.0.5), ReplicationConfig: RATIS/ONE, State:ALLOCATED, leaderId:, CreationTimestamp2024-02-06T10:04:15.210Z[Etc/UTC]]
2024-02-06 10:04:15,309 [IPC Server handler 5 on default port 15358] INFO  net.NetworkTopologyImpl (NetworkTopologyImpl.java:add(124)) - Added a new node: /default-rack/38b4019c-56e2-4267-a670-ebb45fd92c3a
2024-02-06 10:04:15,310 [IPC Server handler 5 on default port 15358] INFO  node.SCMNodeManager (SCMNodeManager.java:register(421)) - Registered datanode: 38b4019c-56e2-4267-a670-ebb45fd92c3a{ip: 10.1.0.5, host: fv-az776-296, ports: [HTTP=15374, CLIENT_RPC=15375, REPLICATION=15381, RATIS=15377, RATIS_ADMIN=15378, RATIS_SERVER=15379, RATIS_DATASTREAM=15380, STANDALONE=15376], networkLocation: /default-rack, certSerialId: null, persistedOpState: null, persistedOpStateExpiryEpochSec: 0}
2024-02-06 10:04:15,311 [EventQueue-NodeRegistrationContainerReportForDataNodeSafeModeRule] INFO  safemode.SCMSafeModeManager (DataNodeSafeModeRule.java:process(71)) - SCM in safe mode. 2 DataNodes registered, 3 required.
2024-02-06 10:04:15,311 [EventQueue-NewNodeForNewNodeHandler] INFO  pipeline.BackgroundPipelineCreator (BackgroundPipelineCreator.java:notifyEventTriggered(280)) - trigger a one-shot run on RatisPipelineUtilsThread.
2024-02-06 10:04:15,312 [RatisPipelineUtilsThread-0] INFO  pipeline.RatisPipelineProvider (RatisPipelineProvider.java:lambda$create$0(206)) - Sending CreatePipelineCommand for pipeline:PipelineID=c267edef-c92f-4ee0-bf31-b722671dd948 to datanode:38b4019c-56e2-4267-a670-ebb45fd92c3a
2024-02-06 10:04:15,312 [RatisPipelineUtilsThread-0] INFO  pipeline.BackgroundPipelineCreator (BackgroundPipelineCreator.java:createPipelines(236)) - Created new pipeline Pipeline[ Id: c267edef-c92f-4ee0-bf31-b722671dd948, Nodes: 38b4019c-56e2-4267-a670-ebb45fd92c3a(fv-az776-296/10.1.0.5), ReplicationConfig: RATIS/ONE, State:ALLOCATED, leaderId:, CreationTimestamp2024-02-06T10:04:15.311Z[Etc/UTC]]
2024-02-06 10:04:15,393 [IPC Server handler 6 on default port 15358] INFO  net.NetworkTopologyImpl (NetworkTopologyImpl.java:add(124)) - Added a new node: /default-rack/087ade3f-e43d-4c8d-bb26-e39bc6489068
2024-02-06 10:04:15,394 [IPC Server handler 6 on default port 15358] INFO  node.SCMNodeManager (SCMNodeManager.java:register(421)) - Registered datanode: 087ade3f-e43d-4c8d-bb26-e39bc6489068{ip: 10.1.0.5, host: fv-az776-296, ports: [HTTP=15383, CLIENT_RPC=15384, REPLICATION=15390, RATIS=15386, RATIS_ADMIN=15387, RATIS_SERVER=15388, RATIS_DATASTREAM=15389, STANDALONE=15385], networkLocation: /default-rack, certSerialId: null, persistedOpState: null, persistedOpStateExpiryEpochSec: 0}
2024-02-06 10:04:15,394 [EventQueue-NewNodeForNewNodeHandler] INFO  pipeline.BackgroundPipelineCreator (BackgroundPipelineCreator.java:notifyEventTriggered(280)) - trigger a one-shot run on RatisPipelineUtilsThread.
2024-02-06 10:04:15,394 [EventQueue-NodeRegistrationContainerReportForDataNodeSafeModeRule] INFO  safemode.SCMSafeModeManager (DataNodeSafeModeRule.java:process(71)) - SCM in safe mode. 3 DataNodes registered, 3 required.
2024-02-06 10:04:15,394 [EventQueue-NodeRegistrationContainerReportForDataNodeSafeModeRule] INFO  safemode.SCMSafeModeManager (SCMSafeModeManager.java:validateSafeModeExitRules(200)) - DataNodeSafeModeRule rule is successfully validated
2024-02-06 10:04:15,394 [EventQueue-NodeRegistrationContainerReportForDataNodeSafeModeRule] INFO  safemode.SCMSafeModeManager (SCMSafeModeManager.java:completePreCheck(229)) - All SCM safe mode pre check rules have passed
2024-02-06 10:04:15,394 [EventQueue-NodeRegistrationContainerReportForDataNodeSafeModeRule] INFO  ha.SCMContext (SCMContext.java:updateSafeModeStatus(225)) - Update SafeModeStatus from SafeModeStatus{safeModeStatus=true, preCheckPassed=false} to SafeModeStatus{safeModeStatus=true, preCheckPassed=true}.
2024-02-06 10:04:15,394 [EventQueue-NodeRegistrationContainerReportForDataNodeSafeModeRule] INFO  pipeline.BackgroundPipelineCreator (BackgroundPipelineCreator.java:notifyEventTriggered(280)) - trigger a one-shot run on RatisPipelineUtilsThread.
2024-02-06 10:04:15,394 [RatisPipelineUtilsThread-0] INFO  pipeline.RatisPipelineProvider (RatisPipelineProvider.java:lambda$create$0(206)) - Sending CreatePipelineCommand for pipeline:PipelineID=ec540fe2-78df-400f-b8ff-5bae82d49bed to datanode:087ade3f-e43d-4c8d-bb26-e39bc6489068
2024-02-06 10:04:15,395 [RatisPipelineUtilsThread-0] INFO  pipeline.BackgroundPipelineCreator (BackgroundPipelineCreator.java:createPipelines(236)) - Created new pipeline Pipeline[ Id: ec540fe2-78df-400f-b8ff-5bae82d49bed, Nodes: 087ade3f-e43d-4c8d-bb26-e39bc6489068(fv-az776-296/10.1.0.5), ReplicationConfig: RATIS/ONE, State:ALLOCATED, leaderId:, CreationTimestamp2024-02-06T10:04:15.394Z[Etc/UTC]]
2024-02-06 10:04:15,395 [RatisPipelineUtilsThread-0] INFO  pipeline.RatisPipelineProvider (RatisPipelineProvider.java:lambda$create$0(206)) - Sending CreatePipelineCommand for pipeline:PipelineID=0ac3adb2-bb17-4dac-b64e-3a62a15b08fa to datanode:087ade3f-e43d-4c8d-bb26-e39bc6489068
2024-02-06 10:04:15,395 [RatisPipelineUtilsThread-0] INFO  pipeline.RatisPipelineProvider (RatisPipelineProvider.java:lambda$create$0(206)) - Sending CreatePipelineCommand for pipeline:PipelineID=0ac3adb2-bb17-4dac-b64e-3a62a15b08fa to datanode:d13a7932-20b5-4dc4-8f4e-9cfa29b5d703
2024-02-06 10:04:15,395 [RatisPipelineUtilsThread-0] INFO  pipeline.RatisPipelineProvider (RatisPipelineProvider.java:lambda$create$0(206)) - Sending CreatePipelineCommand for pipeline:PipelineID=0ac3adb2-bb17-4dac-b64e-3a62a15b08fa to datanode:38b4019c-56e2-4267-a670-ebb45fd92c3a
2024-02-06 10:04:15,396 [RatisPipelineUtilsThread-0] INFO  pipeline.BackgroundPipelineCreator (BackgroundPipelineCreator.java:createPipelines(236)) - Created new pipeline Pipeline[ Id: 0ac3adb2-bb17-4dac-b64e-3a62a15b08fa, Nodes: 087ade3f-e43d-4c8d-bb26-e39bc6489068(fv-az776-296/10.1.0.5)d13a7932-20b5-4dc4-8f4e-9cfa29b5d703(fv-az776-296/10.1.0.5)38b4019c-56e2-4267-a670-ebb45fd92c3a(fv-az776-296/10.1.0.5), ReplicationConfig: RATIS/THREE, State:ALLOCATED, leaderId:, CreationTimestamp2024-02-06T10:04:15.395Z[Etc/UTC]]
2024-02-06 10:04:15,484 [IPC Server handler 7 on default port 15358] INFO  net.NetworkTopologyImpl (NetworkTopologyImpl.java:add(124)) - Added a new node: /default-rack/b79ed0a0-6c36-4ab9-80cb-79cc2b7dd541
2024-02-06 10:04:15,484 [IPC Server handler 7 on default port 15358] INFO  node.SCMNodeManager (SCMNodeManager.java:register(421)) - Registered datanode: b79ed0a0-6c36-4ab9-80cb-79cc2b7dd541{ip: 10.1.0.5, host: fv-az776-296, ports: [HTTP=15392, CLIENT_RPC=15393, REPLICATION=15399, RATIS=15395, RATIS_ADMIN=15396, RATIS_SERVER=15397, RATIS_DATASTREAM=15398, STANDALONE=15394], networkLocation: /default-rack, certSerialId: null, persistedOpState: null, persistedOpStateExpiryEpochSec: 0}
2024-02-06 10:04:15,484 [EventQueue-NewNodeForNewNodeHandler] INFO  pipeline.BackgroundPipelineCreator (BackgroundPipelineCreator.java:notifyEventTriggered(280)) - trigger a one-shot run on RatisPipelineUtilsThread.
2024-02-06 10:04:15,486 [RatisPipelineUtilsThread-0] INFO  pipeline.RatisPipelineProvider (RatisPipelineProvider.java:lambda$create$0(206)) - Sending CreatePipelineCommand for pipeline:PipelineID=ccf1b010-1b08-41eb-aa39-233509287903 to datanode:b79ed0a0-6c36-4ab9-80cb-79cc2b7dd541
2024-02-06 10:04:15,486 [RatisPipelineUtilsThread-0] INFO  pipeline.BackgroundPipelineCreator (BackgroundPipelineCreator.java:createPipelines(236)) - Created new pipeline Pipeline[ Id: ccf1b010-1b08-41eb-aa39-233509287903, Nodes: b79ed0a0-6c36-4ab9-80cb-79cc2b7dd541(fv-az776-296/10.1.0.5), ReplicationConfig: RATIS/ONE, State:ALLOCATED, leaderId:, CreationTimestamp2024-02-06T10:04:15.485Z[Etc/UTC]]
2024-02-06 10:04:15,596 [IPC Server handler 8 on default port 15358] INFO  net.NetworkTopologyImpl (NetworkTopologyImpl.java:add(124)) - Added a new node: /default-rack/ec6898a0-344d-48d8-8a85-11fa109d489b
2024-02-06 10:04:15,596 [IPC Server handler 8 on default port 15358] INFO  node.SCMNodeManager (SCMNodeManager.java:register(421)) - Registered datanode: ec6898a0-344d-48d8-8a85-11fa109d489b{ip: 10.1.0.5, host: fv-az776-296, ports: [HTTP=15401, CLIENT_RPC=15402, REPLICATION=15408, RATIS=15404, RATIS_ADMIN=15405, RATIS_SERVER=15406, RATIS_DATASTREAM=15407, STANDALONE=15403], networkLocation: /default-rack, certSerialId: null, persistedOpState: null, persistedOpStateExpiryEpochSec: 0}
2024-02-06 10:04:15,597 [EventQueue-NewNodeForNewNodeHandler] INFO  pipeline.BackgroundPipelineCreator (BackgroundPipelineCreator.java:notifyEventTriggered(280)) - trigger a one-shot run on RatisPipelineUtilsThread.
2024-02-06 10:04:15,597 [RatisPipelineUtilsThread-0] INFO  pipeline.RatisPipelineProvider (RatisPipelineProvider.java:lambda$create$0(206)) - Sending CreatePipelineCommand for pipeline:PipelineID=e116d9dc-e2e1-40c6-bcbd-8a03b379fae5 to datanode:ec6898a0-344d-48d8-8a85-11fa109d489b
2024-02-06 10:04:15,598 [RatisPipelineUtilsThread-0] INFO  pipeline.BackgroundPipelineCreator (BackgroundPipelineCreator.java:createPipelines(236)) - Created new pipeline Pipeline[ Id: e116d9dc-e2e1-40c6-bcbd-8a03b379fae5, Nodes: ec6898a0-344d-48d8-8a85-11fa109d489b(fv-az776-296/10.1.0.5), ReplicationConfig: RATIS/ONE, State:ALLOCATED, leaderId:, CreationTimestamp2024-02-06T10:04:15.597Z[Etc/UTC]]
2024-02-06 10:04:15,695 [IPC Server handler 0 on default port 15358] INFO  net.NetworkTopologyImpl (NetworkTopologyImpl.java:add(124)) - Added a new node: /default-rack/f44971dd-a974-44f1-968d-f8ef2d671d75
2024-02-06 10:04:15,695 [IPC Server handler 0 on default port 15358] INFO  node.SCMNodeManager (SCMNodeManager.java:register(421)) - Registered datanode: f44971dd-a974-44f1-968d-f8ef2d671d75{ip: 10.1.0.5, host: fv-az776-296, ports: [HTTP=15410, CLIENT_RPC=15411, REPLICATION=15417, RATIS=15413, RATIS_ADMIN=15414, RATIS_SERVER=15415, RATIS_DATASTREAM=15416, STANDALONE=15412], networkLocation: /default-rack, certSerialId: null, persistedOpState: null, persistedOpStateExpiryEpochSec: 0}
2024-02-06 10:04:15,695 [EventQueue-NewNodeForNewNodeHandler] INFO  pipeline.BackgroundPipelineCreator (BackgroundPipelineCreator.java:notifyEventTriggered(280)) - trigger a one-shot run on RatisPipelineUtilsThread.
2024-02-06 10:04:15,695 [RatisPipelineUtilsThread-0] INFO  pipeline.RatisPipelineProvider (RatisPipelineProvider.java:lambda$create$0(206)) - Sending CreatePipelineCommand for pipeline:PipelineID=6181edb0-3bea-4f4f-9bc8-3bd42f5543f3 to datanode:f44971dd-a974-44f1-968d-f8ef2d671d75
2024-02-06 10:04:15,696 [RatisPipelineUtilsThread-0] INFO  pipeline.BackgroundPipelineCreator (BackgroundPipelineCreator.java:createPipelines(236)) - Created new pipeline Pipeline[ Id: 6181edb0-3bea-4f4f-9bc8-3bd42f5543f3, Nodes: f44971dd-a974-44f1-968d-f8ef2d671d75(fv-az776-296/10.1.0.5), ReplicationConfig: RATIS/ONE, State:ALLOCATED, leaderId:, CreationTimestamp2024-02-06T10:04:15.695Z[Etc/UTC]]
2024-02-06 10:04:15,696 [RatisPipelineUtilsThread-0] INFO  pipeline.RatisPipelineProvider (RatisPipelineProvider.java:lambda$create$0(206)) - Sending CreatePipelineCommand for pipeline:PipelineID=80ec1573-1410-4521-97d2-af88b31bbee2 to datanode:ec6898a0-344d-48d8-8a85-11fa109d489b
2024-02-06 10:04:15,696 [RatisPipelineUtilsThread-0] INFO  pipeline.RatisPipelineProvider (RatisPipelineProvider.java:lambda$create$0(206)) - Sending CreatePipelineCommand for pipeline:PipelineID=80ec1573-1410-4521-97d2-af88b31bbee2 to datanode:b79ed0a0-6c36-4ab9-80cb-79cc2b7dd541
2024-02-06 10:04:15,696 [RatisPipelineUtilsThread-0] INFO  pipeline.RatisPipelineProvider (RatisPipelineProvider.java:lambda$create$0(206)) - Sending CreatePipelineCommand for pipeline:PipelineID=80ec1573-1410-4521-97d2-af88b31bbee2 to datanode:f44971dd-a974-44f1-968d-f8ef2d671d75
2024-02-06 10:04:15,697 [RatisPipelineUtilsThread-0] INFO  pipeline.BackgroundPipelineCreator (BackgroundPipelineCreator.java:createPipelines(236)) - Created new pipeline Pipeline[ Id: 80ec1573-1410-4521-97d2-af88b31bbee2, Nodes: ec6898a0-344d-48d8-8a85-11fa109d489b(fv-az776-296/10.1.0.5)b79ed0a0-6c36-4ab9-80cb-79cc2b7dd541(fv-az776-296/10.1.0.5)f44971dd-a974-44f1-968d-f8ef2d671d75(fv-az776-296/10.1.0.5), ReplicationConfig: RATIS/THREE, State:ALLOCATED, leaderId:, CreationTimestamp2024-02-06T10:04:15.696Z[Etc/UTC]]
2024-02-06 10:04:15,784 [IPC Server handler 1 on default port 15358] INFO  net.NetworkTopologyImpl (NetworkTopologyImpl.java:add(124)) - Added a new node: /default-rack/3978496b-7107-4711-aebb-7ffe7c8dd03a
2024-02-06 10:04:15,784 [IPC Server handler 1 on default port 15358] INFO  node.SCMNodeManager (SCMNodeManager.java:register(421)) - Registered datanode: 3978496b-7107-4711-aebb-7ffe7c8dd03a{ip: 10.1.0.5, host: fv-az776-296, ports: [HTTP=15419, CLIENT_RPC=15420, REPLICATION=15426, RATIS=15422, RATIS_ADMIN=15423, RATIS_SERVER=15424, RATIS_DATASTREAM=15425, STANDALONE=15421], networkLocation: /default-rack, certSerialId: null, persistedOpState: null, persistedOpStateExpiryEpochSec: 0}
2024-02-06 10:04:15,786 [EventQueue-NewNodeForNewNodeHandler] INFO  pipeline.BackgroundPipelineCreator (BackgroundPipelineCreator.java:notifyEventTriggered(280)) - trigger a one-shot run on RatisPipelineUtilsThread.
2024-02-06 10:04:15,786 [RatisPipelineUtilsThread-0] INFO  pipeline.RatisPipelineProvider (RatisPipelineProvider.java:lambda$create$0(206)) - Sending CreatePipelineCommand for pipeline:PipelineID=856dba0f-72b4-4f10-a069-118574aa0afc to datanode:3978496b-7107-4711-aebb-7ffe7c8dd03a
2024-02-06 10:04:15,787 [RatisPipelineUtilsThread-0] INFO  pipeline.BackgroundPipelineCreator (BackgroundPipelineCreator.java:createPipelines(236)) - Created new pipeline Pipeline[ Id: 856dba0f-72b4-4f10-a069-118574aa0afc, Nodes: 3978496b-7107-4711-aebb-7ffe7c8dd03a(fv-az776-296/10.1.0.5), ReplicationConfig: RATIS/ONE, State:ALLOCATED, leaderId:, CreationTimestamp2024-02-06T10:04:15.786Z[Etc/UTC]]
2024-02-06 10:04:15,885 [IPC Server handler 2 on default port 15358] INFO  net.NetworkTopologyImpl (NetworkTopologyImpl.java:add(124)) - Added a new node: /default-rack/a1fd6d11-0b72-4c96-8e55-07f63a3bc231
2024-02-06 10:04:15,885 [IPC Server handler 2 on default port 15358] INFO  node.SCMNodeManager (SCMNodeManager.java:register(421)) - Registered datanode: a1fd6d11-0b72-4c96-8e55-07f63a3bc231{ip: 10.1.0.5, host: fv-az776-296, ports: [HTTP=15428, CLIENT_RPC=15429, REPLICATION=15435, RATIS=15431, RATIS_ADMIN=15432, RATIS_SERVER=15433, RATIS_DATASTREAM=15434, STANDALONE=15430], networkLocation: /default-rack, certSerialId: null, persistedOpState: null, persistedOpStateExpiryEpochSec: 0}
2024-02-06 10:04:15,886 [EventQueue-NewNodeForNewNodeHandler] INFO  pipeline.BackgroundPipelineCreator (BackgroundPipelineCreator.java:notifyEventTriggered(280)) - trigger a one-shot run on RatisPipelineUtilsThread.
2024-02-06 10:04:15,886 [RatisPipelineUtilsThread-0] INFO  pipeline.RatisPipelineProvider (RatisPipelineProvider.java:lambda$create$0(206)) - Sending CreatePipelineCommand for pipeline:PipelineID=71cdbd26-382e-435e-bc28-efbeedd1816a to datanode:a1fd6d11-0b72-4c96-8e55-07f63a3bc231
2024-02-06 10:04:15,887 [RatisPipelineUtilsThread-0] INFO  pipeline.BackgroundPipelineCreator (BackgroundPipelineCreator.java:createPipelines(236)) - Created new pipeline Pipeline[ Id: 71cdbd26-382e-435e-bc28-efbeedd1816a, Nodes: a1fd6d11-0b72-4c96-8e55-07f63a3bc231(fv-az776-296/10.1.0.5), ReplicationConfig: RATIS/ONE, State:ALLOCATED, leaderId:, CreationTimestamp2024-02-06T10:04:15.886Z[Etc/UTC]]
2024-02-06 10:04:15,966 [IPC Server handler 3 on default port 15358] INFO  net.NetworkTopologyImpl (NetworkTopologyImpl.java:add(124)) - Added a new node: /default-rack/991f0bf8-3b66-4160-8c92-791fd313402a
2024-02-06 10:04:15,966 [IPC Server handler 3 on default port 15358] INFO  node.SCMNodeManager (SCMNodeManager.java:register(421)) - Registered datanode: 991f0bf8-3b66-4160-8c92-791fd313402a{ip: 10.1.0.5, host: fv-az776-296, ports: [HTTP=15437, CLIENT_RPC=15438, REPLICATION=15444, RATIS=15440, RATIS_ADMIN=15441, RATIS_SERVER=15442, RATIS_DATASTREAM=15443, STANDALONE=15439], networkLocation: /default-rack, certSerialId: null, persistedOpState: null, persistedOpStateExpiryEpochSec: 0}
2024-02-06 10:04:15,966 [EventQueue-NewNodeForNewNodeHandler] INFO  pipeline.BackgroundPipelineCreator (BackgroundPipelineCreator.java:notifyEventTriggered(280)) - trigger a one-shot run on RatisPipelineUtilsThread.
2024-02-06 10:04:15,967 [main] INFO  ozone.MiniOzoneClusterImpl (MiniOzoneClusterImpl.java:lambda$waitForClusterToBeReady$0(228)) - Nodes are ready. Got 9 of 9 DN Heartbeats.
2024-02-06 10:04:15,967 [main] INFO  ozone.MiniOzoneClusterImpl (MiniOzoneClusterImpl.java:lambda$waitForClusterToBeReady$0(231)) - Waiting for cluster to exit safe mode
2024-02-06 10:04:15,967 [main] INFO  ozone.MiniOzoneClusterImpl (MiniOzoneClusterImpl.java:lambda$waitForClusterToBeReady$0(233)) - SCM became leader
2024-02-06 10:04:15,967 [RatisPipelineUtilsThread-0] INFO  pipeline.RatisPipelineProvider (RatisPipelineProvider.java:lambda$create$0(206)) - Sending CreatePipelineCommand for pipeline:PipelineID=6a97148f-37fc-4cec-b42c-ef4bb6a64106 to datanode:991f0bf8-3b66-4160-8c92-791fd313402a
2024-02-06 10:04:15,968 [RatisPipelineUtilsThread-0] INFO  pipeline.BackgroundPipelineCreator (BackgroundPipelineCreator.java:createPipelines(236)) - Created new pipeline Pipeline[ Id: 6a97148f-37fc-4cec-b42c-ef4bb6a64106, Nodes: 991f0bf8-3b66-4160-8c92-791fd313402a(fv-az776-296/10.1.0.5), ReplicationConfig: RATIS/ONE, State:ALLOCATED, leaderId:, CreationTimestamp2024-02-06T10:04:15.967Z[Etc/UTC]]
2024-02-06 10:04:15,968 [RatisPipelineUtilsThread-0] INFO  pipeline.RatisPipelineProvider (RatisPipelineProvider.java:lambda$create$0(206)) - Sending CreatePipelineCommand for pipeline:PipelineID=9c263ce7-3999-457c-a556-57ffff11cb9d to datanode:991f0bf8-3b66-4160-8c92-791fd313402a
2024-02-06 10:04:15,968 [RatisPipelineUtilsThread-0] INFO  pipeline.RatisPipelineProvider (RatisPipelineProvider.java:lambda$create$0(206)) - Sending CreatePipelineCommand for pipeline:PipelineID=9c263ce7-3999-457c-a556-57ffff11cb9d to datanode:a1fd6d11-0b72-4c96-8e55-07f63a3bc231
2024-02-06 10:04:15,968 [RatisPipelineUtilsThread-0] INFO  pipeline.RatisPipelineProvider (RatisPipelineProvider.java:lambda$create$0(206)) - Sending CreatePipelineCommand for pipeline:PipelineID=9c263ce7-3999-457c-a556-57ffff11cb9d to datanode:3978496b-7107-4711-aebb-7ffe7c8dd03a
2024-02-06 10:04:15,969 [RatisPipelineUtilsThread-0] INFO  pipeline.BackgroundPipelineCreator (BackgroundPipelineCreator.java:createPipelines(236)) - Created new pipeline Pipeline[ Id: 9c263ce7-3999-457c-a556-57ffff11cb9d, Nodes: 991f0bf8-3b66-4160-8c92-791fd313402a(fv-az776-296/10.1.0.5)a1fd6d11-0b72-4c96-8e55-07f63a3bc231(fv-az776-296/10.1.0.5)3978496b-7107-4711-aebb-7ffe7c8dd03a(fv-az776-296/10.1.0.5), ReplicationConfig: RATIS/THREE, State:ALLOCATED, leaderId:, CreationTimestamp2024-02-06T10:04:15.968Z[Etc/UTC]]
2024-02-06 10:04:16,967 [main] INFO  ozone.MiniOzoneClusterImpl (MiniOzoneClusterImpl.java:lambda$waitForClusterToBeReady$0(228)) - Nodes are ready. Got 9 of 9 DN Heartbeats.
2024-02-06 10:04:16,968 [main] INFO  ozone.MiniOzoneClusterImpl (MiniOzoneClusterImpl.java:lambda$waitForClusterToBeReady$0(231)) - Waiting for cluster to exit safe mode
2024-02-06 10:04:16,968 [main] INFO  ozone.MiniOzoneClusterImpl (MiniOzoneClusterImpl.java:lambda$waitForClusterToBeReady$0(233)) - SCM became leader
2024-02-06 10:04:17,968 [main] INFO  ozone.MiniOzoneClusterImpl (MiniOzoneClusterImpl.java:lambda$waitForClusterToBeReady$0(228)) - Nodes are ready. Got 9 of 9 DN Heartbeats.
2024-02-06 10:04:17,968 [main] INFO  ozone.MiniOzoneClusterImpl (MiniOzoneClusterImpl.java:lambda$waitForClusterToBeReady$0(231)) - Waiting for cluster to exit safe mode
2024-02-06 10:04:17,968 [main] INFO  ozone.MiniOzoneClusterImpl (MiniOzoneClusterImpl.java:lambda$waitForClusterToBeReady$0(233)) - SCM became leader
2024-02-06 10:04:18,208 [d13a7932-20b5-4dc4-8f4e-9cfa29b5d703-PipelineCommandHandlerThread-0] INFO  server.RaftServer (RaftServerProxy.java:addNew(100)) - d13a7932-20b5-4dc4-8f4e-9cfa29b5d703: addNew group-A3563CEE2A65:[d13a7932-20b5-4dc4-8f4e-9cfa29b5d703|10.1.0.5:15370] returns group-A3563CEE2A65:java.util.concurrent.CompletableFuture@d16e5d9[Not completed]
2024-02-06 10:04:18,208 [d13a7932-20b5-4dc4-8f4e-9cfa29b5d703-groupManagement] INFO  server.RaftServer$Division (RaftServerImpl.java:<init>(256)) - d13a7932-20b5-4dc4-8f4e-9cfa29b5d703: new RaftServerImpl for group-A3563CEE2A65:[d13a7932-20b5-4dc4-8f4e-9cfa29b5d703|10.1.0.5:15370] with ContainerStateMachine:uninitialized
2024-02-06 10:04:18,209 [d13a7932-20b5-4dc4-8f4e-9cfa29b5d703-groupManagement] INFO  server.RaftServerConfigKeys (ConfUtils.java:logGet(46)) - raft.server.rpc.timeout.min = 5s (custom)
2024-02-06 10:04:18,209 [d13a7932-20b5-4dc4-8f4e-9cfa29b5d703-groupManagement] INFO  server.RaftServerConfigKeys (ConfUtils.java:logGet(46)) - raft.server.rpc.timeout.max = 5200ms (custom)
2024-02-06 10:04:18,209 [d13a7932-20b5-4dc4-8f4e-9cfa29b5d703-groupManagement] INFO  server.RaftServerConfigKeys (ConfUtils.java:logGet(46)) - raft.server.rpc.sleep.time = 25ms (default)
2024-02-06 10:04:18,209 [d13a7932-20b5-4dc4-8f4e-9cfa29b5d703-groupManagement] INFO  server.RaftServerConfigKeys (ConfUtils.java:logGet(46)) - raft.server.rpc.slowness.timeout = 300000ms (custom)
2024-02-06 10:04:18,209 [d13a7932-20b5-4dc4-8f4e-9cfa29b5d703-groupManagement] INFO  server.RaftServerConfigKeys (ConfUtils.java:logGet(46)) - raft.server.leaderelection.leader.step-down.wait-time = 10s (default)
2024-02-06 10:04:18,209 [d13a7932-20b5-4dc4-8f4e-9cfa29b5d703-groupManagement] INFO  server.RaftServerConfigKeys (ConfUtils.java:logGet(46)) - raft.server.leaderelection.member.majority-add = false (default)
2024-02-06 10:04:18,209 [d13a7932-20b5-4dc4-8f4e-9cfa29b5d703-groupManagement] INFO  server.RaftServerConfigKeys (ConfUtils.java:logGet(46)) - raft.server.sleep.deviation.threshold = 300ms (default)
2024-02-06 10:04:18,209 [d13a7932-20b5-4dc4-8f4e-9cfa29b5d703-groupManagement] INFO  server.RaftServer$Division (ServerState.java:<init>(113)) - d13a7932-20b5-4dc4-8f4e-9cfa29b5d703@group-A3563CEE2A65: ConfigurationManager, init=-1: peers:[d13a7932-20b5-4dc4-8f4e-9cfa29b5d703|10.1.0.5:15370]|listeners:[], old=null, confs=<EMPTY_MAP>
2024-02-06 10:04:18,209 [d13a7932-20b5-4dc4-8f4e-9cfa29b5d703-groupManagement] INFO  server.RaftServerConfigKeys (ConfUtils.java:logGet(46)) - raft.server.notification.no-leader.timeout = 300000ms (custom)
2024-02-06 10:04:18,209 [d13a7932-20b5-4dc4-8f4e-9cfa29b5d703-groupManagement] INFO  server.RaftServerConfigKeys (ConfUtils.java:logGet(46)) - raft.server.read.timeout = 10s (default)
2024-02-06 10:04:18,209 [d13a7932-20b5-4dc4-8f4e-9cfa29b5d703-groupManagement] INFO  server.RaftServerConfigKeys (ConfUtils.java:logGet(46)) - raft.server.retrycache.expirytime = 600000ms (custom)
2024-02-06 10:04:18,209 [d13a7932-20b5-4dc4-8f4e-9cfa29b5d703-groupManagement] INFO  server.RaftServerConfigKeys (ConfUtils.java:logGet(46)) - raft.server.retrycache.statistics.expirytime = 100ms (default)
2024-02-06 10:04:18,209 [d13a7932-20b5-4dc4-8f4e-9cfa29b5d703-groupManagement] INFO  server.RaftServerConfigKeys (ConfUtils.java:logGet(46)) - raft.server.read.option = DEFAULT (default)
2024-02-06 10:04:18,209 [d13a7932-20b5-4dc4-8f4e-9cfa29b5d703-groupManagement] INFO  server.RaftServerConfigKeys (ConfUtils.java:logGet(46)) - raft.server.read.read-after-write-consistent.write-index-cache.expiry-time = 60s (default)
2024-02-06 10:04:18,212 [d13a7932-20b5-4dc4-8f4e-9cfa29b5d703-groupManagement] INFO  server.RaftServerConfigKeys (ConfUtils.java:logGet(46)) - raft.server.rpc.request.timeout = 3000ms (default)
2024-02-06 10:04:18,212 [d13a7932-20b5-4dc4-8f4e-9cfa29b5d703-groupManagement] INFO  server.RaftServerConfigKeys (ConfUtils.java:logGet(46)) - raft.server.log.appender.install.snapshot.enabled = false (custom)
2024-02-06 10:04:18,212 [d13a7932-20b5-4dc4-8f4e-9cfa29b5d703-groupManagement] INFO  server.RaftServerConfigKeys (ConfUtils.java:logGet(46)) - raft.server.threadpool.server.cached = true (default)
2024-02-06 10:04:18,212 [d13a7932-20b5-4dc4-8f4e-9cfa29b5d703-groupManagement] INFO  server.RaftServerConfigKeys (ConfUtils.java:logGet(46)) - raft.server.threadpool.server.size = 0 (default)
2024-02-06 10:04:18,212 [d13a7932-20b5-4dc4-8f4e-9cfa29b5d703-groupManagement] INFO  server.RaftServerConfigKeys (ConfUtils.java:logGet(46)) - raft.server.threadpool.client.cached = true (default)
2024-02-06 10:04:18,212 [d13a7932-20b5-4dc4-8f4e-9cfa29b5d703-groupManagement] INFO  server.RaftServerConfigKeys (ConfUtils.java:logGet(46)) - raft.server.threadpool.client.size = 0 (default)
2024-02-06 10:04:18,212 [d13a7932-20b5-4dc4-8f4e-9cfa29b5d703-groupManagement] INFO  server.RaftServerConfigKeys (ConfUtils.java:logGet(46)) - raft.server.storage.free-space.min = 0MB (=0) (default)
2024-02-06 10:04:18,212 [d13a7932-20b5-4dc4-8f4e-9cfa29b5d703-groupManagement] INFO  server.RaftServerConfigKeys (ConfUtils.java:logGet(46)) - raft.server.log.corruption.policy = EXCEPTION (default)
2024-02-06 10:04:18,212 [d13a7932-20b5-4dc4-8f4e-9cfa29b5d703-groupManagement] INFO  server.RaftServerConfigKeys (ConfUtils.java:logGet(46)) - raft.server.storage.dir = [/home/runner/work/ozone/ozone/hadoop-ozone/integration-test/target/test-dir/MiniOzoneClusterImpl-0ae4c21d-b8eb-4e36-9639-963ec8fb7de7/datanode-0/data/ratis] (custom)
2024-02-06 10:04:18,212 [d13a7932-20b5-4dc4-8f4e-9cfa29b5d703-groupManagement] INFO  storage.RaftStorageDirectory (RaftStorageDirectoryImpl.java:analyzeStorage(138)) - The storage directory /home/runner/work/ozone/ozone/hadoop-ozone/integration-test/target/test-dir/MiniOzoneClusterImpl-0ae4c21d-b8eb-4e36-9639-963ec8fb7de7/datanode-0/data/ratis/d73a1a3a-4c5b-41e3-8270-a3563cee2a65 does not exist. Creating ...
2024-02-06 10:04:18,213 [d13a7932-20b5-4dc4-8f4e-9cfa29b5d703-groupManagement] INFO  storage.RaftStorageDirectory (RaftStorageDirectoryImpl.java:tryLock(228)) - Lock on /home/runner/work/ozone/ozone/hadoop-ozone/integration-test/target/test-dir/MiniOzoneClusterImpl-0ae4c21d-b8eb-4e36-9639-963ec8fb7de7/datanode-0/data/ratis/d73a1a3a-4c5b-41e3-8270-a3563cee2a65/in_use.lock acquired by nodename 37157@fv-az776-296
2024-02-06 10:04:18,214 [d13a7932-20b5-4dc4-8f4e-9cfa29b5d703-groupManagement] INFO  storage.RaftStorage (RaftStorageImpl.java:format(99)) - Storage directory /home/runner/work/ozone/ozone/hadoop-ozone/integration-test/target/test-dir/MiniOzoneClusterImpl-0ae4c21d-b8eb-4e36-9639-963ec8fb7de7/datanode-0/data/ratis/d73a1a3a-4c5b-41e3-8270-a3563cee2a65 has been successfully formatted.
2024-02-06 10:04:18,214 [d13a7932-20b5-4dc4-8f4e-9cfa29b5d703-groupManagement] WARN  util.FileUtils (LogUtils.java:supplyAndLog(63)) - Failed to Files.newInputStream /home/runner/work/ozone/ozone/hadoop-ozone/integration-test/target/test-dir/MiniOzoneClusterImpl-0ae4c21d-b8eb-4e36-9639-963ec8fb7de7/datanode-0/data/ratis/d73a1a3a-4c5b-41e3-8270-a3563cee2a65/current/raft-meta.conf with options []: java.nio.file.NoSuchFileException: /home/runner/work/ozone/ozone/hadoop-ozone/integration-test/target/test-dir/MiniOzoneClusterImpl-0ae4c21d-b8eb-4e36-9639-963ec8fb7de7/datanode-0/data/ratis/d73a1a3a-4c5b-41e3-8270-a3563cee2a65/current/raft-meta.conf
2024-02-06 10:04:18,215 [d13a7932-20b5-4dc4-8f4e-9cfa29b5d703-groupManagement] INFO  ratis.ContainerStateMachine (ContainerStateMachine.java:loadSnapshot(287)) - group-A3563CEE2A65: The snapshot info is null. Setting the last applied index to:(t:0, i:~)
2024-02-06 10:04:18,215 [d13a7932-20b5-4dc4-8f4e-9cfa29b5d703-groupManagement] INFO  server.RaftServerConfigKeys (ConfUtils.java:logGet(46)) - raft.server.log.use.memory = false (default)
2024-02-06 10:04:18,215 [d13a7932-20b5-4dc4-8f4e-9cfa29b5d703-groupManagement] INFO  server.RaftServerConfigKeys (ConfUtils.java:logGet(46)) - raft.server.log.purge.gap = 1000000 (custom)
2024-02-06 10:04:18,215 [d13a7932-20b5-4dc4-8f4e-9cfa29b5d703-groupManagement] INFO  server.RaftServerConfigKeys (ConfUtils.java:logGet(46)) - raft.server.log.appender.buffer.byte-limit = 8388608 (custom)
2024-02-06 10:04:18,216 [d13a7932-20b5-4dc4-8f4e-9cfa29b5d703-groupManagement] INFO  server.RaftServerConfigKeys (ConfUtils.java:logGet(46)) - raft.server.log.statemachine.data.read.timeout = 1000ms (default)
2024-02-06 10:04:18,216 [d13a7932-20b5-4dc4-8f4e-9cfa29b5d703-groupManagement] INFO  server.RaftServerConfigKeys (ConfUtils.java:logGet(46)) - raft.server.log.purge.preservation.log.num = 0 (default)
2024-02-06 10:04:18,216 [EventQueue-PipelineReportForPipelineReportHandler] INFO  pipeline.PipelineReportHandler (PipelineReportHandler.java:processPipelineReport(136)) - Opened pipeline PipelineID=d73a1a3a-4c5b-41e3-8270-a3563cee2a65
2024-02-06 10:04:18,218 [EventQueue-OpenPipelineForHealthyPipelineSafeModeRule] INFO  safemode.SCMSafeModeManager (HealthyPipelineSafeModeRule.java:process(140)) - SCM in safe mode. Healthy pipelines reported count is 0, required healthy pipeline reported count is 1
2024-02-06 10:04:18,218 [d13a7932-20b5-4dc4-8f4e-9cfa29b5d703-groupManagement] INFO  server.RaftServerConfigKeys (ConfUtils.java:logGet(46)) - raft.server.log.segment.size.max = 67108864 (custom)
2024-02-06 10:04:18,219 [d13a7932-20b5-4dc4-8f4e-9cfa29b5d703-groupManagement] INFO  server.RaftServerConfigKeys (ConfUtils.java:logGet(46)) - raft.server.log.segment.cache.num.max = 2 (custom)
2024-02-06 10:04:18,219 [d13a7932-20b5-4dc4-8f4e-9cfa29b5d703-groupManagement] INFO  server.RaftServerConfigKeys (ConfUtils.java:logGet(46)) - raft.server.log.segment.cache.size.max = 200MB (=209715200) (default)
2024-02-06 10:04:18,219 [d13a7932-20b5-4dc4-8f4e-9cfa29b5d703-groupManagement] INFO  server.RaftServerConfigKeys (ConfUtils.java:logGet(46)) - raft.server.log.appender.buffer.byte-limit = 8388608 (custom)
2024-02-06 10:04:18,219 [d13a7932-20b5-4dc4-8f4e-9cfa29b5d703-groupManagement] INFO  util.AwaitToRun (AwaitToRun.java:start(81)) - Thread[d13a7932-20b5-4dc4-8f4e-9cfa29b5d703@group-A3563CEE2A65-cacheEviction-AwaitToRun,5,main] started
2024-02-06 10:04:18,219 [d13a7932-20b5-4dc4-8f4e-9cfa29b5d703-groupManagement] INFO  segmented.SegmentedRaftLogWorker (SegmentedRaftLogWorker.java:<init>(182)) - new d13a7932-20b5-4dc4-8f4e-9cfa29b5d703@group-A3563CEE2A65-SegmentedRaftLogWorker for RaftStorageImpl:Storage Directory /home/runner/work/ozone/ozone/hadoop-ozone/integration-test/target/test-dir/MiniOzoneClusterImpl-0ae4c21d-b8eb-4e36-9639-963ec8fb7de7/datanode-0/data/ratis/d73a1a3a-4c5b-41e3-8270-a3563cee2a65
2024-02-06 10:04:18,219 [d13a7932-20b5-4dc4-8f4e-9cfa29b5d703-groupManagement] INFO  server.RaftServerConfigKeys (ConfUtils.java:logGet(46)) - raft.server.log.queue.byte-limit = 4294967296 (custom)
2024-02-06 10:04:18,219 [d13a7932-20b5-4dc4-8f4e-9cfa29b5d703-groupManagement] INFO  server.RaftServerConfigKeys (ConfUtils.java:logGet(46)) - raft.server.log.queue.element-limit = 1024 (custom)
2024-02-06 10:04:18,219 [d13a7932-20b5-4dc4-8f4e-9cfa29b5d703-groupManagement] INFO  server.RaftServerConfigKeys (ConfUtils.java:logGet(46)) - raft.server.log.segment.size.max = 67108864 (custom)
2024-02-06 10:04:18,219 [d13a7932-20b5-4dc4-8f4e-9cfa29b5d703-groupManagement] INFO  server.RaftServerConfigKeys (ConfUtils.java:logGet(46)) - raft.server.log.preallocated.size = 4194304 (custom)
2024-02-06 10:04:18,219 [d13a7932-20b5-4dc4-8f4e-9cfa29b5d703-groupManagement] INFO  server.RaftServerConfigKeys (ConfUtils.java:logGet(46)) - raft.server.log.force.sync.num = 128 (default)
2024-02-06 10:04:18,219 [d13a7932-20b5-4dc4-8f4e-9cfa29b5d703-groupManagement] INFO  server.RaftServerConfigKeys (ConfUtils.java:logGet(46)) - raft.server.log.statemachine.data.sync = true (default)
2024-02-06 10:04:18,220 [d13a7932-20b5-4dc4-8f4e-9cfa29b5d703-groupManagement] INFO  server.RaftServerConfigKeys (ConfUtils.java:logGet(46)) - raft.server.log.statemachine.data.sync.timeout = 10s (default)
2024-02-06 10:04:18,220 [d13a7932-20b5-4dc4-8f4e-9cfa29b5d703-groupManagement] INFO  server.RaftServerConfigKeys (ConfUtils.java:logGet(46)) - raft.server.log.statemachine.data.sync.timeout.retry = 0 (custom)
2024-02-06 10:04:18,220 [d13a7932-20b5-4dc4-8f4e-9cfa29b5d703-groupManagement] INFO  server.RaftServerConfigKeys (ConfUtils.java:logGet(46)) - raft.server.log.write.buffer.size = 8388616 (custom)
2024-02-06 10:04:18,221 [d13a7932-20b5-4dc4-8f4e-9cfa29b5d703-groupManagement] INFO  server.RaftServerConfigKeys (ConfUtils.java:logGet(46)) - raft.server.log.appender.buffer.byte-limit = 8388608 (custom)
2024-02-06 10:04:18,221 [d13a7932-20b5-4dc4-8f4e-9cfa29b5d703-groupManagement] INFO  server.RaftServerConfigKeys (ConfUtils.java:logGet(46)) - raft.server.log.unsafe-flush.enabled = false (default)
2024-02-06 10:04:18,221 [d13a7932-20b5-4dc4-8f4e-9cfa29b5d703-groupManagement] INFO  server.RaftServerConfigKeys (ConfUtils.java:logGet(46)) - raft.server.log.async-flush.enabled = false (default)
2024-02-06 10:04:18,221 [d13a7932-20b5-4dc4-8f4e-9cfa29b5d703-groupManagement] INFO  server.RaftServerConfigKeys (ConfUtils.java:logGet(46)) - raft.server.log.statemachine.data.caching.enabled = true (custom)
2024-02-06 10:04:18,222 [d13a7932-20b5-4dc4-8f4e-9cfa29b5d703-groupManagement] INFO  segmented.SegmentedRaftLogWorker (SegmentedRaftLogWorker.java:lambda$new$0(134)) - d13a7932-20b5-4dc4-8f4e-9cfa29b5d703@group-A3563CEE2A65-SegmentedRaftLogWorker: flushIndex: setUnconditionally 0 -> -1
2024-02-06 10:04:18,222 [d13a7932-20b5-4dc4-8f4e-9cfa29b5d703-groupManagement] INFO  segmented.SegmentedRaftLogWorker (SegmentedRaftLogWorker.java:lambda$new$0(134)) - d13a7932-20b5-4dc4-8f4e-9cfa29b5d703@group-A3563CEE2A65-SegmentedRaftLogWorker: safeCacheEvictIndex: setUnconditionally 0 -> -1
2024-02-06 10:04:18,222 [d13a7932-20b5-4dc4-8f4e-9cfa29b5d703-groupManagement] INFO  server.RaftServer$Division (RaftServerImpl.java:start(396)) - d13a7932-20b5-4dc4-8f4e-9cfa29b5d703@group-A3563CEE2A65: start as a follower, conf=-1: peers:[d13a7932-20b5-4dc4-8f4e-9cfa29b5d703|10.1.0.5:15370]|listeners:[], old=null
2024-02-06 10:04:18,222 [d13a7932-20b5-4dc4-8f4e-9cfa29b5d703-groupManagement] INFO  server.RaftServer$Division (RaftServerImpl.java:setRole(383)) - d13a7932-20b5-4dc4-8f4e-9cfa29b5d703@group-A3563CEE2A65: changes role from      null to FOLLOWER at term 0 for startAsFollower
2024-02-06 10:04:18,222 [d13a7932-20b5-4dc4-8f4e-9cfa29b5d703-groupManagement] INFO  impl.RoleInfo (RoleInfo.java:updateAndGet(139)) - d13a7932-20b5-4dc4-8f4e-9cfa29b5d703: start d13a7932-20b5-4dc4-8f4e-9cfa29b5d703@group-A3563CEE2A65-FollowerState
2024-02-06 10:04:18,222 [d13a7932-20b5-4dc4-8f4e-9cfa29b5d703@group-A3563CEE2A65-FollowerState] INFO  server.RaftServerConfigKeys (ConfUtils.java:logFallback(53)) - raft.server.rpc.first-election.timeout.min = 5s (fallback to raft.server.rpc.timeout.min)
2024-02-06 10:04:18,222 [d13a7932-20b5-4dc4-8f4e-9cfa29b5d703-groupManagement] INFO  util.JmxRegister (JmxRegister.java:tryRegister(44)) - Successfully registered JMX Bean with object name Ratis:service=RaftServer,group=group-A3563CEE2A65,id=d13a7932-20b5-4dc4-8f4e-9cfa29b5d703
2024-02-06 10:04:18,222 [d13a7932-20b5-4dc4-8f4e-9cfa29b5d703@group-A3563CEE2A65-FollowerState] INFO  server.RaftServerConfigKeys (ConfUtils.java:logFallback(53)) - raft.server.rpc.first-election.timeout.max = 5200ms (fallback to raft.server.rpc.timeout.max)
2024-02-06 10:04:18,222 [d13a7932-20b5-4dc4-8f4e-9cfa29b5d703-groupManagement] INFO  server.RaftServerConfigKeys (ConfUtils.java:logGet(46)) - raft.server.snapshot.trigger-when-stop.enabled = true (default)
2024-02-06 10:04:18,222 [d13a7932-20b5-4dc4-8f4e-9cfa29b5d703-groupManagement] INFO  server.RaftServerConfigKeys (ConfUtils.java:logGet(46)) - raft.server.snapshot.auto.trigger.enabled = true (custom)
2024-02-06 10:04:18,223 [d13a7932-20b5-4dc4-8f4e-9cfa29b5d703-groupManagement] INFO  server.RaftServerConfigKeys (ConfUtils.java:logGet(46)) - raft.server.snapshot.auto.trigger.threshold = 10000 (custom)
2024-02-06 10:04:18,223 [d13a7932-20b5-4dc4-8f4e-9cfa29b5d703-groupManagement] INFO  server.RaftServerConfigKeys (ConfUtils.java:logGet(46)) - raft.server.snapshot.retention.file.num = 5 (custom)
2024-02-06 10:04:18,223 [d13a7932-20b5-4dc4-8f4e-9cfa29b5d703-groupManagement] INFO  server.RaftServerConfigKeys (ConfUtils.java:logGet(46)) - raft.server.log.purge.upto.snapshot.index = false (default)
2024-02-06 10:04:18,223 [d13a7932-20b5-4dc4-8f4e-9cfa29b5d703-PipelineCommandHandlerThread-0] INFO  ratis.XceiverServerRatis (XceiverServerRatis.java:addGroup(864)) - Created group PipelineID=d73a1a3a-4c5b-41e3-8270-a3563cee2a65
2024-02-06 10:04:18,223 [d13a7932-20b5-4dc4-8f4e-9cfa29b5d703-PipelineCommandHandlerThread-0] INFO  commandhandler.CreatePipelineCommandHandler (CreatePipelineCommandHandler.java:lambda$handle$2(124)) - Created Pipeline RATIS ONE PipelineID=d73a1a3a-4c5b-41e3-8270-a3563cee2a65.
2024-02-06 10:04:18,224 [d13a7932-20b5-4dc4-8f4e-9cfa29b5d703-PipelineCommandHandlerThread-0] INFO  server.RaftServer (RaftServerProxy.java:addNew(100)) - d13a7932-20b5-4dc4-8f4e-9cfa29b5d703: addNew group-3A62A15B08FA:[d13a7932-20b5-4dc4-8f4e-9cfa29b5d703|10.1.0.5:15370, 38b4019c-56e2-4267-a670-ebb45fd92c3a|10.1.0.5:15379, 087ade3f-e43d-4c8d-bb26-e39bc6489068|10.1.0.5:15388] returns group-3A62A15B08FA:java.util.concurrent.CompletableFuture@92970a3[Not completed]
2024-02-06 10:04:18,224 [d13a7932-20b5-4dc4-8f4e-9cfa29b5d703-groupManagement] INFO  server.RaftServer$Division (RaftServerImpl.java:<init>(256)) - d13a7932-20b5-4dc4-8f4e-9cfa29b5d703: new RaftServerImpl for group-3A62A15B08FA:[d13a7932-20b5-4dc4-8f4e-9cfa29b5d703|10.1.0.5:15370, 38b4019c-56e2-4267-a670-ebb45fd92c3a|10.1.0.5:15379, 087ade3f-e43d-4c8d-bb26-e39bc6489068|10.1.0.5:15388] with ContainerStateMachine:uninitialized
2024-02-06 10:04:18,224 [d13a7932-20b5-4dc4-8f4e-9cfa29b5d703-groupManagement] INFO  server.RaftServerConfigKeys (ConfUtils.java:logGet(46)) - raft.server.rpc.timeout.min = 5s (custom)
2024-02-06 10:04:18,224 [d13a7932-20b5-4dc4-8f4e-9cfa29b5d703-groupManagement] INFO  server.RaftServerConfigKeys (ConfUtils.java:logGet(46)) - raft.server.rpc.timeout.max = 5200ms (custom)
2024-02-06 10:04:18,224 [d13a7932-20b5-4dc4-8f4e-9cfa29b5d703-groupManagement] INFO  server.RaftServerConfigKeys (ConfUtils.java:logGet(46)) - raft.server.rpc.sleep.time = 25ms (default)
2024-02-06 10:04:18,225 [d13a7932-20b5-4dc4-8f4e-9cfa29b5d703-groupManagement] INFO  server.RaftServerConfigKeys (ConfUtils.java:logGet(46)) - raft.server.rpc.slowness.timeout = 300000ms (custom)
2024-02-06 10:04:18,225 [d13a7932-20b5-4dc4-8f4e-9cfa29b5d703-groupManagement] INFO  server.RaftServerConfigKeys (ConfUtils.java:logGet(46)) - raft.server.leaderelection.leader.step-down.wait-time = 10s (default)
2024-02-06 10:04:18,225 [d13a7932-20b5-4dc4-8f4e-9cfa29b5d703-groupManagement] INFO  server.RaftServerConfigKeys (ConfUtils.java:logGet(46)) - raft.server.leaderelection.member.majority-add = false (default)
2024-02-06 10:04:18,225 [d13a7932-20b5-4dc4-8f4e-9cfa29b5d703-groupManagement] INFO  server.RaftServerConfigKeys (ConfUtils.java:logGet(46)) - raft.server.sleep.deviation.threshold = 300ms (default)
2024-02-06 10:04:18,225 [d13a7932-20b5-4dc4-8f4e-9cfa29b5d703-groupManagement] INFO  server.RaftServer$Division (ServerState.java:<init>(113)) - d13a7932-20b5-4dc4-8f4e-9cfa29b5d703@group-3A62A15B08FA: ConfigurationManager, init=-1: peers:[d13a7932-20b5-4dc4-8f4e-9cfa29b5d703|10.1.0.5:15370, 38b4019c-56e2-4267-a670-ebb45fd92c3a|10.1.0.5:15379, 087ade3f-e43d-4c8d-bb26-e39bc6489068|10.1.0.5:15388]|listeners:[], old=null, confs=<EMPTY_MAP>
2024-02-06 10:04:18,225 [d13a7932-20b5-4dc4-8f4e-9cfa29b5d703-groupManagement] INFO  server.RaftServerConfigKeys (ConfUtils.java:logGet(46)) - raft.server.notification.no-leader.timeout = 300000ms (custom)
2024-02-06 10:04:18,225 [d13a7932-20b5-4dc4-8f4e-9cfa29b5d703-groupManagement] INFO  server.RaftServerConfigKeys (ConfUtils.java:logGet(46)) - raft.server.read.timeout = 10s (default)
2024-02-06 10:04:18,225 [d13a7932-20b5-4dc4-8f4e-9cfa29b5d703-groupManagement] INFO  server.RaftServerConfigKeys (ConfUtils.java:logGet(46)) - raft.server.retrycache.expirytime = 600000ms (custom)
2024-02-06 10:04:18,225 [d13a7932-20b5-4dc4-8f4e-9cfa29b5d703-groupManagement] INFO  server.RaftServerConfigKeys (ConfUtils.java:logGet(46)) - raft.server.retrycache.statistics.expirytime = 100ms (default)
2024-02-06 10:04:18,225 [d13a7932-20b5-4dc4-8f4e-9cfa29b5d703-groupManagement] INFO  server.RaftServerConfigKeys (ConfUtils.java:logGet(46)) - raft.server.read.option = DEFAULT (default)
2024-02-06 10:04:18,225 [d13a7932-20b5-4dc4-8f4e-9cfa29b5d703-groupManagement] INFO  server.RaftServerConfigKeys (ConfUtils.java:logGet(46)) - raft.server.read.read-after-write-consistent.write-index-cache.expiry-time = 60s (default)
2024-02-06 10:04:18,227 [d13a7932-20b5-4dc4-8f4e-9cfa29b5d703-groupManagement] INFO  server.RaftServerConfigKeys (ConfUtils.java:logGet(46)) - raft.server.rpc.request.timeout = 3000ms (default)
2024-02-06 10:04:18,227 [d13a7932-20b5-4dc4-8f4e-9cfa29b5d703-groupManagement] INFO  server.RaftServerConfigKeys (ConfUtils.java:logGet(46)) - raft.server.log.appender.install.snapshot.enabled = false (custom)
2024-02-06 10:04:18,227 [d13a7932-20b5-4dc4-8f4e-9cfa29b5d703-groupManagement] INFO  server.RaftServerConfigKeys (ConfUtils.java:logGet(46)) - raft.server.threadpool.server.cached = true (default)
2024-02-06 10:04:18,227 [d13a7932-20b5-4dc4-8f4e-9cfa29b5d703-groupManagement] INFO  server.RaftServerConfigKeys (ConfUtils.java:logGet(46)) - raft.server.threadpool.server.size = 0 (default)
2024-02-06 10:04:18,227 [d13a7932-20b5-4dc4-8f4e-9cfa29b5d703-groupManagement] INFO  server.RaftServerConfigKeys (ConfUtils.java:logGet(46)) - raft.server.threadpool.client.cached = true (default)
2024-02-06 10:04:18,228 [d13a7932-20b5-4dc4-8f4e-9cfa29b5d703-groupManagement] INFO  server.RaftServerConfigKeys (ConfUtils.java:logGet(46)) - raft.server.threadpool.client.size = 0 (default)
2024-02-06 10:04:18,228 [d13a7932-20b5-4dc4-8f4e-9cfa29b5d703-groupManagement] INFO  server.RaftServerConfigKeys (ConfUtils.java:logGet(46)) - raft.server.storage.free-space.min = 0MB (=0) (default)
2024-02-06 10:04:18,228 [d13a7932-20b5-4dc4-8f4e-9cfa29b5d703-groupManagement] INFO  server.RaftServerConfigKeys (ConfUtils.java:logGet(46)) - raft.server.log.corruption.policy = EXCEPTION (default)
2024-02-06 10:04:18,228 [d13a7932-20b5-4dc4-8f4e-9cfa29b5d703-groupManagement] INFO  server.RaftServerConfigKeys (ConfUtils.java:logGet(46)) - raft.server.storage.dir = [/home/runner/work/ozone/ozone/hadoop-ozone/integration-test/target/test-dir/MiniOzoneClusterImpl-0ae4c21d-b8eb-4e36-9639-963ec8fb7de7/datanode-0/data/ratis] (custom)
2024-02-06 10:04:18,228 [d13a7932-20b5-4dc4-8f4e-9cfa29b5d703-groupManagement] INFO  storage.RaftStorageDirectory (RaftStorageDirectoryImpl.java:analyzeStorage(138)) - The storage directory /home/runner/work/ozone/ozone/hadoop-ozone/integration-test/target/test-dir/MiniOzoneClusterImpl-0ae4c21d-b8eb-4e36-9639-963ec8fb7de7/datanode-0/data/ratis/0ac3adb2-bb17-4dac-b64e-3a62a15b08fa does not exist. Creating ...
2024-02-06 10:04:18,229 [d13a7932-20b5-4dc4-8f4e-9cfa29b5d703-groupManagement] INFO  storage.RaftStorageDirectory (RaftStorageDirectoryImpl.java:tryLock(228)) - Lock on /home/runner/work/ozone/ozone/hadoop-ozone/integration-test/target/test-dir/MiniOzoneClusterImpl-0ae4c21d-b8eb-4e36-9639-963ec8fb7de7/datanode-0/data/ratis/0ac3adb2-bb17-4dac-b64e-3a62a15b08fa/in_use.lock acquired by nodename 37157@fv-az776-296
2024-02-06 10:04:18,230 [d13a7932-20b5-4dc4-8f4e-9cfa29b5d703-groupManagement] INFO  storage.RaftStorage (RaftStorageImpl.java:format(99)) - Storage directory /home/runner/work/ozone/ozone/hadoop-ozone/integration-test/target/test-dir/MiniOzoneClusterImpl-0ae4c21d-b8eb-4e36-9639-963ec8fb7de7/datanode-0/data/ratis/0ac3adb2-bb17-4dac-b64e-3a62a15b08fa has been successfully formatted.
2024-02-06 10:04:18,230 [d13a7932-20b5-4dc4-8f4e-9cfa29b5d703-groupManagement] WARN  util.FileUtils (LogUtils.java:supplyAndLog(63)) - Failed to Files.newInputStream /home/runner/work/ozone/ozone/hadoop-ozone/integration-test/target/test-dir/MiniOzoneClusterImpl-0ae4c21d-b8eb-4e36-9639-963ec8fb7de7/datanode-0/data/ratis/0ac3adb2-bb17-4dac-b64e-3a62a15b08fa/current/raft-meta.conf with options []: java.nio.file.NoSuchFileException: /home/runner/work/ozone/ozone/hadoop-ozone/integration-test/target/test-dir/MiniOzoneClusterImpl-0ae4c21d-b8eb-4e36-9639-963ec8fb7de7/datanode-0/data/ratis/0ac3adb2-bb17-4dac-b64e-3a62a15b08fa/current/raft-meta.conf
2024-02-06 10:04:18,231 [d13a7932-20b5-4dc4-8f4e-9cfa29b5d703-groupManagement] INFO  ratis.ContainerStateMachine (ContainerStateMachine.java:loadSnapshot(287)) - group-3A62A15B08FA: The snapshot info is null. Setting the last applied index to:(t:0, i:~)
2024-02-06 10:04:18,231 [d13a7932-20b5-4dc4-8f4e-9cfa29b5d703-groupManagement] INFO  server.RaftServerConfigKeys (ConfUtils.java:logGet(46)) - raft.server.log.use.memory = false (default)
2024-02-06 10:04:18,231 [d13a7932-20b5-4dc4-8f4e-9cfa29b5d703-groupManagement] INFO  server.RaftServerConfigKeys (ConfUtils.java:logGet(46)) - raft.server.log.purge.gap = 1000000 (custom)
2024-02-06 10:04:18,231 [d13a7932-20b5-4dc4-8f4e-9cfa29b5d703-groupManagement] INFO  server.RaftServerConfigKeys (ConfUtils.java:logGet(46)) - raft.server.log.appender.buffer.byte-limit = 8388608 (custom)
2024-02-06 10:04:18,231 [d13a7932-20b5-4dc4-8f4e-9cfa29b5d703-groupManagement] INFO  server.RaftServerConfigKeys (ConfUtils.java:logGet(46)) - raft.server.log.statemachine.data.read.timeout = 1000ms (default)
2024-02-06 10:04:18,231 [d13a7932-20b5-4dc4-8f4e-9cfa29b5d703-groupManagement] INFO  server.RaftServerConfigKeys (ConfUtils.java:logGet(46)) - raft.server.log.purge.preservation.log.num = 0 (default)
2024-02-06 10:04:18,231 [EventQueue-OpenPipelineForHealthyPipelineSafeModeRule] INFO  safemode.SCMSafeModeManager (HealthyPipelineSafeModeRule.java:process(140)) - SCM in safe mode. Healthy pipelines reported count is 0, required healthy pipeline reported count is 1
2024-02-06 10:04:18,232 [d13a7932-20b5-4dc4-8f4e-9cfa29b5d703-groupManagement] INFO  server.RaftServerConfigKeys (ConfUtils.java:logGet(46)) - raft.server.log.segment.size.max = 67108864 (custom)
2024-02-06 10:04:18,233 [d13a7932-20b5-4dc4-8f4e-9cfa29b5d703-groupManagement] INFO  server.RaftServerConfigKeys (ConfUtils.java:logGet(46)) - raft.server.log.segment.cache.num.max = 2 (custom)
2024-02-06 10:04:18,233 [d13a7932-20b5-4dc4-8f4e-9cfa29b5d703-groupManagement] INFO  server.RaftServerConfigKeys (ConfUtils.java:logGet(46)) - raft.server.log.segment.cache.size.max = 200MB (=209715200) (default)
2024-02-06 10:04:18,233 [d13a7932-20b5-4dc4-8f4e-9cfa29b5d703-groupManagement] INFO  server.RaftServerConfigKeys (ConfUtils.java:logGet(46)) - raft.server.log.appender.buffer.byte-limit = 8388608 (custom)
2024-02-06 10:04:18,233 [d13a7932-20b5-4dc4-8f4e-9cfa29b5d703-groupManagement] INFO  util.AwaitToRun (AwaitToRun.java:start(81)) - Thread[d13a7932-20b5-4dc4-8f4e-9cfa29b5d703@group-3A62A15B08FA-cacheEviction-AwaitToRun,5,main] started
2024-02-06 10:04:18,233 [d13a7932-20b5-4dc4-8f4e-9cfa29b5d703-groupManagement] INFO  segmented.SegmentedRaftLogWorker (SegmentedRaftLogWorker.java:<init>(182)) - new d13a7932-20b5-4dc4-8f4e-9cfa29b5d703@group-3A62A15B08FA-SegmentedRaftLogWorker for RaftStorageImpl:Storage Directory /home/runner/work/ozone/ozone/hadoop-ozone/integration-test/target/test-dir/MiniOzoneClusterImpl-0ae4c21d-b8eb-4e36-9639-963ec8fb7de7/datanode-0/data/ratis/0ac3adb2-bb17-4dac-b64e-3a62a15b08fa
2024-02-06 10:04:18,233 [d13a7932-20b5-4dc4-8f4e-9cfa29b5d703-groupManagement] INFO  server.RaftServerConfigKeys (ConfUtils.java:logGet(46)) - raft.server.log.queue.byte-limit = 4294967296 (custom)
2024-02-06 10:04:18,233 [d13a7932-20b5-4dc4-8f4e-9cfa29b5d703-groupManagement] INFO  server.RaftServerConfigKeys (ConfUtils.java:logGet(46)) - raft.server.log.queue.element-limit = 1024 (custom)
2024-02-06 10:04:18,233 [d13a7932-20b5-4dc4-8f4e-9cfa29b5d703-groupManagement] INFO  server.RaftServerConfigKeys (ConfUtils.java:logGet(46)) - raft.server.log.segment.size.max = 67108864 (custom)
2024-02-06 10:04:18,233 [d13a7932-20b5-4dc4-8f4e-9cfa29b5d703-groupManagement] INFO  server.RaftServerConfigKeys (ConfUtils.java:logGet(46)) - raft.server.log.preallocated.size = 4194304 (custom)
2024-02-06 10:04:18,233 [d13a7932-20b5-4dc4-8f4e-9cfa29b5d703-groupManagement] INFO  server.RaftServerConfigKeys (ConfUtils.java:logGet(46)) - raft.server.log.force.sync.num = 128 (default)
2024-02-06 10:04:18,233 [d13a7932-20b5-4dc4-8f4e-9cfa29b5d703-groupManagement] INFO  server.RaftServerConfigKeys (ConfUtils.java:logGet(46)) - raft.server.log.statemachine.data.sync = true (default)
2024-02-06 10:04:18,233 [d13a7932-20b5-4dc4-8f4e-9cfa29b5d703-groupManagement] INFO  server.RaftServerConfigKeys (ConfUtils.java:logGet(46)) - raft.server.log.statemachine.data.sync.timeout = 10s (default)
2024-02-06 10:04:18,233 [d13a7932-20b5-4dc4-8f4e-9cfa29b5d703-groupManagement] INFO  server.RaftServerConfigKeys (ConfUtils.java:logGet(46)) - raft.server.log.statemachine.data.sync.timeout.retry = 0 (custom)
2024-02-06 10:04:18,234 [d13a7932-20b5-4dc4-8f4e-9cfa29b5d703-groupManagement] INFO  server.RaftServerConfigKeys (ConfUtils.java:logGet(46)) - raft.server.log.write.buffer.size = 8388616 (custom)
2024-02-06 10:04:18,235 [d13a7932-20b5-4dc4-8f4e-9cfa29b5d703-groupManagement] INFO  server.RaftServerConfigKeys (ConfUtils.java:logGet(46)) - raft.server.log.appender.buffer.byte-limit = 8388608 (custom)
2024-02-06 10:04:18,235 [d13a7932-20b5-4dc4-8f4e-9cfa29b5d703-groupManagement] INFO  server.RaftServerConfigKeys (ConfUtils.java:logGet(46)) - raft.server.log.unsafe-flush.enabled = false (default)
2024-02-06 10:04:18,235 [d13a7932-20b5-4dc4-8f4e-9cfa29b5d703-groupManagement] INFO  server.RaftServerConfigKeys (ConfUtils.java:logGet(46)) - raft.server.log.async-flush.enabled = false (default)
2024-02-06 10:04:18,235 [d13a7932-20b5-4dc4-8f4e-9cfa29b5d703-groupManagement] INFO  server.RaftServerConfigKeys (ConfUtils.java:logGet(46)) - raft.server.log.statemachine.data.caching.enabled = true (custom)
2024-02-06 10:04:18,235 [d13a7932-20b5-4dc4-8f4e-9cfa29b5d703-groupManagement] INFO  segmented.SegmentedRaftLogWorker (SegmentedRaftLogWorker.java:lambda$new$0(134)) - d13a7932-20b5-4dc4-8f4e-9cfa29b5d703@group-3A62A15B08FA-SegmentedRaftLogWorker: flushIndex: setUnconditionally 0 -> -1
2024-02-06 10:04:18,235 [d13a7932-20b5-4dc4-8f4e-9cfa29b5d703-groupManagement] INFO  segmented.SegmentedRaftLogWorker (SegmentedRaftLogWorker.java:lambda$new$0(134)) - d13a7932-20b5-4dc4-8f4e-9cfa29b5d703@group-3A62A15B08FA-SegmentedRaftLogWorker: safeCacheEvictIndex: setUnconditionally 0 -> -1
2024-02-06 10:04:18,235 [d13a7932-20b5-4dc4-8f4e-9cfa29b5d703-groupManagement] INFO  server.RaftServer$Division (RaftServerImpl.java:start(396)) - d13a7932-20b5-4dc4-8f4e-9cfa29b5d703@group-3A62A15B08FA: start as a follower, conf=-1: peers:[d13a7932-20b5-4dc4-8f4e-9cfa29b5d703|10.1.0.5:15370, 38b4019c-56e2-4267-a670-ebb45fd92c3a|10.1.0.5:15379, 087ade3f-e43d-4c8d-bb26-e39bc6489068|10.1.0.5:15388]|listeners:[], old=null
2024-02-06 10:04:18,235 [d13a7932-20b5-4dc4-8f4e-9cfa29b5d703-groupManagement] INFO  server.RaftServer$Division (RaftServerImpl.java:setRole(383)) - d13a7932-20b5-4dc4-8f4e-9cfa29b5d703@group-3A62A15B08FA: changes role from      null to FOLLOWER at term 0 for startAsFollower
2024-02-06 10:04:18,235 [d13a7932-20b5-4dc4-8f4e-9cfa29b5d703-groupManagement] INFO  impl.RoleInfo (RoleInfo.java:updateAndGet(139)) - d13a7932-20b5-4dc4-8f4e-9cfa29b5d703: start d13a7932-20b5-4dc4-8f4e-9cfa29b5d703@group-3A62A15B08FA-FollowerState
2024-02-06 10:04:18,235 [d13a7932-20b5-4dc4-8f4e-9cfa29b5d703@group-3A62A15B08FA-FollowerState] INFO  server.RaftServerConfigKeys (ConfUtils.java:logFallback(53)) - raft.server.rpc.first-election.timeout.min = 5s (fallback to raft.server.rpc.timeout.min)
2024-02-06 10:04:18,235 [d13a7932-20b5-4dc4-8f4e-9cfa29b5d703@group-3A62A15B08FA-FollowerState] INFO  server.RaftServerConfigKeys (ConfUtils.java:logFallback(53)) - raft.server.rpc.first-election.timeout.max = 5200ms (fallback to raft.server.rpc.timeout.max)
2024-02-06 10:04:18,235 [d13a7932-20b5-4dc4-8f4e-9cfa29b5d703-groupManagement] INFO  util.JmxRegister (JmxRegister.java:tryRegister(44)) - Successfully registered JMX Bean with object name Ratis:service=RaftServer,group=group-3A62A15B08FA,id=d13a7932-20b5-4dc4-8f4e-9cfa29b5d703
2024-02-06 10:04:18,236 [d13a7932-20b5-4dc4-8f4e-9cfa29b5d703-groupManagement] INFO  server.RaftServerConfigKeys (ConfUtils.java:logGet(46)) - raft.server.snapshot.trigger-when-stop.enabled = true (default)
2024-02-06 10:04:18,236 [d13a7932-20b5-4dc4-8f4e-9cfa29b5d703-groupManagement] INFO  server.RaftServerConfigKeys (ConfUtils.java:logGet(46)) - raft.server.snapshot.auto.trigger.enabled = true (custom)
2024-02-06 10:04:18,236 [d13a7932-20b5-4dc4-8f4e-9cfa29b5d703-groupManagement] INFO  server.RaftServerConfigKeys (ConfUtils.java:logGet(46)) - raft.server.snapshot.auto.trigger.threshold = 10000 (custom)
2024-02-06 10:04:18,236 [d13a7932-20b5-4dc4-8f4e-9cfa29b5d703-groupManagement] INFO  server.RaftServerConfigKeys (ConfUtils.java:logGet(46)) - raft.server.snapshot.retention.file.num = 5 (custom)
2024-02-06 10:04:18,236 [d13a7932-20b5-4dc4-8f4e-9cfa29b5d703-groupManagement] INFO  server.RaftServerConfigKeys (ConfUtils.java:logGet(46)) - raft.server.log.purge.upto.snapshot.index = false (default)
2024-02-06 10:04:18,236 [d13a7932-20b5-4dc4-8f4e-9cfa29b5d703-PipelineCommandHandlerThread-0] INFO  ratis.XceiverServerRatis (XceiverServerRatis.java:addGroup(864)) - Created group PipelineID=0ac3adb2-bb17-4dac-b64e-3a62a15b08fa
2024-02-06 10:04:18,242 [grpc-default-executor-0] INFO  server.RaftServer (RaftServerProxy.java:addNew(100)) - 087ade3f-e43d-4c8d-bb26-e39bc6489068: addNew group-3A62A15B08FA:[d13a7932-20b5-4dc4-8f4e-9cfa29b5d703|10.1.0.5:15370, 38b4019c-56e2-4267-a670-ebb45fd92c3a|10.1.0.5:15379, 087ade3f-e43d-4c8d-bb26-e39bc6489068|10.1.0.5:15388] returns group-3A62A15B08FA:java.util.concurrent.CompletableFuture@8dc466c[Not completed]
2024-02-06 10:04:18,243 [087ade3f-e43d-4c8d-bb26-e39bc6489068-groupManagement] INFO  server.RaftServer$Division (RaftServerImpl.java:<init>(256)) - 087ade3f-e43d-4c8d-bb26-e39bc6489068: new RaftServerImpl for group-3A62A15B08FA:[d13a7932-20b5-4dc4-8f4e-9cfa29b5d703|10.1.0.5:15370, 38b4019c-56e2-4267-a670-ebb45fd92c3a|10.1.0.5:15379, 087ade3f-e43d-4c8d-bb26-e39bc6489068|10.1.0.5:15388] with ContainerStateMachine:uninitialized
2024-02-06 10:04:18,243 [087ade3f-e43d-4c8d-bb26-e39bc6489068-groupManagement] INFO  server.RaftServerConfigKeys (ConfUtils.java:logGet(46)) - raft.server.rpc.timeout.min = 5s (custom)
2024-02-06 10:04:18,243 [087ade3f-e43d-4c8d-bb26-e39bc6489068-groupManagement] INFO  server.RaftServerConfigKeys (ConfUtils.java:logGet(46)) - raft.server.rpc.timeout.max = 5200ms (custom)
2024-02-06 10:04:18,243 [087ade3f-e43d-4c8d-bb26-e39bc6489068-groupManagement] INFO  server.RaftServerConfigKeys (ConfUtils.java:logGet(46)) - raft.server.rpc.sleep.time = 25ms (default)
2024-02-06 10:04:18,243 [087ade3f-e43d-4c8d-bb26-e39bc6489068-groupManagement] INFO  server.RaftServerConfigKeys (ConfUtils.java:logGet(46)) - raft.server.rpc.slowness.timeout = 300000ms (custom)
2024-02-06 10:04:18,243 [087ade3f-e43d-4c8d-bb26-e39bc6489068-groupManagement] INFO  server.RaftServerConfigKeys (ConfUtils.java:logGet(46)) - raft.server.leaderelection.leader.step-down.wait-time = 10s (default)
2024-02-06 10:04:18,243 [087ade3f-e43d-4c8d-bb26-e39bc6489068-groupManagement] INFO  server.RaftServerConfigKeys (ConfUtils.java:logGet(46)) - raft.server.leaderelection.member.majority-add = false (default)
2024-02-06 10:04:18,243 [087ade3f-e43d-4c8d-bb26-e39bc6489068-groupManagement] INFO  server.RaftServerConfigKeys (ConfUtils.java:logGet(46)) - raft.server.sleep.deviation.threshold = 300ms (default)
2024-02-06 10:04:18,243 [087ade3f-e43d-4c8d-bb26-e39bc6489068-groupManagement] INFO  server.RaftServer$Division (ServerState.java:<init>(113)) - 087ade3f-e43d-4c8d-bb26-e39bc6489068@group-3A62A15B08FA: ConfigurationManager, init=-1: peers:[d13a7932-20b5-4dc4-8f4e-9cfa29b5d703|10.1.0.5:15370, 38b4019c-56e2-4267-a670-ebb45fd92c3a|10.1.0.5:15379, 087ade3f-e43d-4c8d-bb26-e39bc6489068|10.1.0.5:15388]|listeners:[], old=null, confs=<EMPTY_MAP>
2024-02-06 10:04:18,244 [087ade3f-e43d-4c8d-bb26-e39bc6489068-groupManagement] INFO  server.RaftServerConfigKeys (ConfUtils.java:logGet(46)) - raft.server.notification.no-leader.timeout = 300000ms (custom)
2024-02-06 10:04:18,244 [087ade3f-e43d-4c8d-bb26-e39bc6489068-groupManagement] INFO  server.RaftServerConfigKeys (ConfUtils.java:logGet(46)) - raft.server.read.timeout = 10s (default)
2024-02-06 10:04:18,244 [087ade3f-e43d-4c8d-bb26-e39bc6489068-groupManagement] INFO  server.RaftServerConfigKeys (ConfUtils.java:logGet(46)) - raft.server.retrycache.expirytime = 600000ms (custom)
2024-02-06 10:04:18,244 [087ade3f-e43d-4c8d-bb26-e39bc6489068-groupManagement] INFO  server.RaftServerConfigKeys (ConfUtils.java:logGet(46)) - raft.server.retrycache.statistics.expirytime = 100ms (default)
2024-02-06 10:04:18,244 [087ade3f-e43d-4c8d-bb26-e39bc6489068-groupManagement] INFO  server.RaftServerConfigKeys (ConfUtils.java:logGet(46)) - raft.server.read.option = DEFAULT (default)
2024-02-06 10:04:18,244 [087ade3f-e43d-4c8d-bb26-e39bc6489068-groupManagement] INFO  server.RaftServerConfigKeys (ConfUtils.java:logGet(46)) - raft.server.read.read-after-write-consistent.write-index-cache.expiry-time = 60s (default)
2024-02-06 10:04:18,247 [087ade3f-e43d-4c8d-bb26-e39bc6489068-groupManagement] INFO  server.RaftServerConfigKeys (ConfUtils.java:logGet(46)) - raft.server.rpc.request.timeout = 3000ms (default)
2024-02-06 10:04:18,247 [087ade3f-e43d-4c8d-bb26-e39bc6489068-groupManagement] INFO  server.RaftServerConfigKeys (ConfUtils.java:logGet(46)) - raft.server.log.appender.install.snapshot.enabled = false (custom)
2024-02-06 10:04:18,247 [087ade3f-e43d-4c8d-bb26-e39bc6489068-groupManagement] INFO  server.RaftServerConfigKeys (ConfUtils.java:logGet(46)) - raft.server.threadpool.server.cached = true (default)
2024-02-06 10:04:18,247 [087ade3f-e43d-4c8d-bb26-e39bc6489068-groupManagement] INFO  server.RaftServerConfigKeys (ConfUtils.java:logGet(46)) - raft.server.threadpool.server.size = 0 (default)
2024-02-06 10:04:18,247 [087ade3f-e43d-4c8d-bb26-e39bc6489068-groupManagement] INFO  server.RaftServerConfigKeys (ConfUtils.java:logGet(46)) - raft.server.threadpool.client.cached = true (default)
2024-02-06 10:04:18,247 [087ade3f-e43d-4c8d-bb26-e39bc6489068-groupManagement] INFO  server.RaftServerConfigKeys (ConfUtils.java:logGet(46)) - raft.server.threadpool.client.size = 0 (default)
2024-02-06 10:04:18,247 [087ade3f-e43d-4c8d-bb26-e39bc6489068-groupManagement] INFO  server.RaftServerConfigKeys (ConfUtils.java:logGet(46)) - raft.server.storage.free-space.min = 0MB (=0) (default)
2024-02-06 10:04:18,247 [087ade3f-e43d-4c8d-bb26-e39bc6489068-groupManagement] INFO  server.RaftServerConfigKeys (ConfUtils.java:logGet(46)) - raft.server.log.corruption.policy = EXCEPTION (default)
2024-02-06 10:04:18,247 [087ade3f-e43d-4c8d-bb26-e39bc6489068-groupManagement] INFO  server.RaftServerConfigKeys (ConfUtils.java:logGet(46)) - raft.server.storage.dir = [/home/runner/work/ozone/ozone/hadoop-ozone/integration-test/target/test-dir/MiniOzoneClusterImpl-0ae4c21d-b8eb-4e36-9639-963ec8fb7de7/datanode-2/data/ratis] (custom)
2024-02-06 10:04:18,247 [087ade3f-e43d-4c8d-bb26-e39bc6489068-groupManagement] INFO  storage.RaftStorageDirectory (RaftStorageDirectoryImpl.java:analyzeStorage(138)) - The storage directory /home/runner/work/ozone/ozone/hadoop-ozone/integration-test/target/test-dir/MiniOzoneClusterImpl-0ae4c21d-b8eb-4e36-9639-963ec8fb7de7/datanode-2/data/ratis/0ac3adb2-bb17-4dac-b64e-3a62a15b08fa does not exist. Creating ...
2024-02-06 10:04:18,249 [087ade3f-e43d-4c8d-bb26-e39bc6489068-groupManagement] INFO  storage.RaftStorageDirectory (RaftStorageDirectoryImpl.java:tryLock(228)) - Lock on /home/runner/work/ozone/ozone/hadoop-ozone/integration-test/target/test-dir/MiniOzoneClusterImpl-0ae4c21d-b8eb-4e36-9639-963ec8fb7de7/datanode-2/data/ratis/0ac3adb2-bb17-4dac-b64e-3a62a15b08fa/in_use.lock acquired by nodename 37157@fv-az776-296
2024-02-06 10:04:18,250 [087ade3f-e43d-4c8d-bb26-e39bc6489068-groupManagement] INFO  storage.RaftStorage (RaftStorageImpl.java:format(99)) - Storage directory /home/runner/work/ozone/ozone/hadoop-ozone/integration-test/target/test-dir/MiniOzoneClusterImpl-0ae4c21d-b8eb-4e36-9639-963ec8fb7de7/datanode-2/data/ratis/0ac3adb2-bb17-4dac-b64e-3a62a15b08fa has been successfully formatted.
2024-02-06 10:04:18,250 [087ade3f-e43d-4c8d-bb26-e39bc6489068-groupManagement] WARN  util.FileUtils (LogUtils.java:supplyAndLog(63)) - Failed to Files.newInputStream /home/runner/work/ozone/ozone/hadoop-ozone/integration-test/target/test-dir/MiniOzoneClusterImpl-0ae4c21d-b8eb-4e36-9639-963ec8fb7de7/datanode-2/data/ratis/0ac3adb2-bb17-4dac-b64e-3a62a15b08fa/current/raft-meta.conf with options []: java.nio.file.NoSuchFileException: /home/runner/work/ozone/ozone/hadoop-ozone/integration-test/target/test-dir/MiniOzoneClusterImpl-0ae4c21d-b8eb-4e36-9639-963ec8fb7de7/datanode-2/data/ratis/0ac3adb2-bb17-4dac-b64e-3a62a15b08fa/current/raft-meta.conf
2024-02-06 10:04:18,251 [087ade3f-e43d-4c8d-bb26-e39bc6489068-groupManagement] INFO  ratis.ContainerStateMachine (ContainerStateMachine.java:loadSnapshot(287)) - group-3A62A15B08FA: The snapshot info is null. Setting the last applied index to:(t:0, i:~)
2024-02-06 10:04:18,251 [087ade3f-e43d-4c8d-bb26-e39bc6489068-groupManagement] INFO  server.RaftServerConfigKeys (ConfUtils.java:logGet(46)) - raft.server.log.use.memory = false (default)
2024-02-06 10:04:18,251 [087ade3f-e43d-4c8d-bb26-e39bc6489068-groupManagement] INFO  server.RaftServerConfigKeys (ConfUtils.java:logGet(46)) - raft.server.log.purge.gap = 1000000 (custom)
2024-02-06 10:04:18,251 [087ade3f-e43d-4c8d-bb26-e39bc6489068-groupManagement] INFO  server.RaftServerConfigKeys (ConfUtils.java:logGet(46)) - raft.server.log.appender.buffer.byte-limit = 8388608 (custom)
2024-02-06 10:04:18,251 [087ade3f-e43d-4c8d-bb26-e39bc6489068-groupManagement] INFO  server.RaftServerConfigKeys (ConfUtils.java:logGet(46)) - raft.server.log.statemachine.data.read.timeout = 1000ms (default)
2024-02-06 10:04:18,251 [087ade3f-e43d-4c8d-bb26-e39bc6489068-groupManagement] INFO  server.RaftServerConfigKeys (ConfUtils.java:logGet(46)) - raft.server.log.purge.preservation.log.num = 0 (default)
2024-02-06 10:04:18,252 [087ade3f-e43d-4c8d-bb26-e39bc6489068-groupManagement] INFO  server.RaftServerConfigKeys (ConfUtils.java:logGet(46)) - raft.server.log.segment.size.max = 67108864 (custom)
2024-02-06 10:04:18,253 [087ade3f-e43d-4c8d-bb26-e39bc6489068-groupManagement] INFO  server.RaftServerConfigKeys (ConfUtils.java:logGet(46)) - raft.server.log.segment.cache.num.max = 2 (custom)
2024-02-06 10:04:18,253 [087ade3f-e43d-4c8d-bb26-e39bc6489068-groupManagement] INFO  server.RaftServerConfigKeys (ConfUtils.java:logGet(46)) - raft.server.log.segment.cache.size.max = 200MB (=209715200) (default)
2024-02-06 10:04:18,253 [087ade3f-e43d-4c8d-bb26-e39bc6489068-groupManagement] INFO  server.RaftServerConfigKeys (ConfUtils.java:logGet(46)) - raft.server.log.appender.buffer.byte-limit = 8388608 (custom)
2024-02-06 10:04:18,253 [087ade3f-e43d-4c8d-bb26-e39bc6489068-groupManagement] INFO  util.AwaitToRun (AwaitToRun.java:start(81)) - Thread[087ade3f-e43d-4c8d-bb26-e39bc6489068@group-3A62A15B08FA-cacheEviction-AwaitToRun,5,main] started
2024-02-06 10:04:18,253 [087ade3f-e43d-4c8d-bb26-e39bc6489068-groupManagement] INFO  segmented.SegmentedRaftLogWorker (SegmentedRaftLogWorker.java:<init>(182)) - new 087ade3f-e43d-4c8d-bb26-e39bc6489068@group-3A62A15B08FA-SegmentedRaftLogWorker for RaftStorageImpl:Storage Directory /home/runner/work/ozone/ozone/hadoop-ozone/integration-test/target/test-dir/MiniOzoneClusterImpl-0ae4c21d-b8eb-4e36-9639-963ec8fb7de7/datanode-2/data/ratis/0ac3adb2-bb17-4dac-b64e-3a62a15b08fa
2024-02-06 10:04:18,253 [087ade3f-e43d-4c8d-bb26-e39bc6489068-groupManagement] INFO  server.RaftServerConfigKeys (ConfUtils.java:logGet(46)) - raft.server.log.queue.byte-limit = 4294967296 (custom)
2024-02-06 10:04:18,253 [087ade3f-e43d-4c8d-bb26-e39bc6489068-groupManagement] INFO  server.RaftServerConfigKeys (ConfUtils.java:logGet(46)) - raft.server.log.queue.element-limit = 1024 (custom)
2024-02-06 10:04:18,253 [087ade3f-e43d-4c8d-bb26-e39bc6489068-groupManagement] INFO  server.RaftServerConfigKeys (ConfUtils.java:logGet(46)) - raft.server.log.segment.size.max = 67108864 (custom)
2024-02-06 10:04:18,253 [087ade3f-e43d-4c8d-bb26-e39bc6489068-groupManagement] INFO  server.RaftServerConfigKeys (ConfUtils.java:logGet(46)) - raft.server.log.preallocated.size = 4194304 (custom)
2024-02-06 10:04:18,253 [087ade3f-e43d-4c8d-bb26-e39bc6489068-groupManagement] INFO  server.RaftServerConfigKeys (ConfUtils.java:logGet(46)) - raft.server.log.force.sync.num = 128 (default)
2024-02-06 10:04:18,253 [087ade3f-e43d-4c8d-bb26-e39bc6489068-groupManagement] INFO  server.RaftServerConfigKeys (ConfUtils.java:logGet(46)) - raft.server.log.statemachine.data.sync = true (default)
2024-02-06 10:04:18,253 [087ade3f-e43d-4c8d-bb26-e39bc6489068-groupManagement] INFO  server.RaftServerConfigKeys (ConfUtils.java:logGet(46)) - raft.server.log.statemachine.data.sync.timeout = 10s (default)
2024-02-06 10:04:18,253 [087ade3f-e43d-4c8d-bb26-e39bc6489068-groupManagement] INFO  server.RaftServerConfigKeys (ConfUtils.java:logGet(46)) - raft.server.log.statemachine.data.sync.timeout.retry = 0 (custom)
2024-02-06 10:04:18,253 [087ade3f-e43d-4c8d-bb26-e39bc6489068-groupManagement] INFO  server.RaftServerConfigKeys (ConfUtils.java:logGet(46)) - raft.server.log.write.buffer.size = 8388616 (custom)
2024-02-06 10:04:18,255 [087ade3f-e43d-4c8d-bb26-e39bc6489068-groupManagement] INFO  server.RaftServerConfigKeys (ConfUtils.java:logGet(46)) - raft.server.log.appender.buffer.byte-limit = 8388608 (custom)
2024-02-06 10:04:18,255 [087ade3f-e43d-4c8d-bb26-e39bc6489068-groupManagement] INFO  server.RaftServerConfigKeys (ConfUtils.java:logGet(46)) - raft.server.log.unsafe-flush.enabled = false (default)
2024-02-06 10:04:18,255 [087ade3f-e43d-4c8d-bb26-e39bc6489068-groupManagement] INFO  server.RaftServerConfigKeys (ConfUtils.java:logGet(46)) - raft.server.log.async-flush.enabled = false (default)
2024-02-06 10:04:18,255 [087ade3f-e43d-4c8d-bb26-e39bc6489068-groupManagement] INFO  server.RaftServerConfigKeys (ConfUtils.java:logGet(46)) - raft.server.log.statemachine.data.caching.enabled = true (custom)
2024-02-06 10:04:18,255 [087ade3f-e43d-4c8d-bb26-e39bc6489068-groupManagement] INFO  segmented.SegmentedRaftLogWorker (SegmentedRaftLogWorker.java:lambda$new$0(134)) - 087ade3f-e43d-4c8d-bb26-e39bc6489068@group-3A62A15B08FA-SegmentedRaftLogWorker: flushIndex: setUnconditionally 0 -> -1
2024-02-06 10:04:18,255 [087ade3f-e43d-4c8d-bb26-e39bc6489068-groupManagement] INFO  segmented.SegmentedRaftLogWorker (SegmentedRaftLogWorker.java:lambda$new$0(134)) - 087ade3f-e43d-4c8d-bb26-e39bc6489068@group-3A62A15B08FA-SegmentedRaftLogWorker: safeCacheEvictIndex: setUnconditionally 0 -> -1
2024-02-06 10:04:18,255 [087ade3f-e43d-4c8d-bb26-e39bc6489068-groupManagement] INFO  server.RaftServer$Division (RaftServerImpl.java:start(396)) - 087ade3f-e43d-4c8d-bb26-e39bc6489068@group-3A62A15B08FA: start as a follower, conf=-1: peers:[d13a7932-20b5-4dc4-8f4e-9cfa29b5d703|10.1.0.5:15370, 38b4019c-56e2-4267-a670-ebb45fd92c3a|10.1.0.5:15379, 087ade3f-e43d-4c8d-bb26-e39bc6489068|10.1.0.5:15388]|listeners:[], old=null
2024-02-06 10:04:18,255 [087ade3f-e43d-4c8d-bb26-e39bc6489068-groupManagement] INFO  server.RaftServer$Division (RaftServerImpl.java:setRole(383)) - 087ade3f-e43d-4c8d-bb26-e39bc6489068@group-3A62A15B08FA: changes role from      null to FOLLOWER at term 0 for startAsFollower
2024-02-06 10:04:18,255 [087ade3f-e43d-4c8d-bb26-e39bc6489068-groupManagement] INFO  impl.RoleInfo (RoleInfo.java:updateAndGet(139)) - 087ade3f-e43d-4c8d-bb26-e39bc6489068: start 087ade3f-e43d-4c8d-bb26-e39bc6489068@group-3A62A15B08FA-FollowerState
2024-02-06 10:04:18,255 [087ade3f-e43d-4c8d-bb26-e39bc6489068@group-3A62A15B08FA-FollowerState] INFO  server.RaftServerConfigKeys (ConfUtils.java:logFallback(53)) - raft.server.rpc.first-election.timeout.min = 5s (fallback to raft.server.rpc.timeout.min)
2024-02-06 10:04:18,255 [087ade3f-e43d-4c8d-bb26-e39bc6489068-groupManagement] INFO  util.JmxRegister (JmxRegister.java:tryRegister(44)) - Successfully registered JMX Bean with object name Ratis:service=RaftServer,group=group-3A62A15B08FA,id=087ade3f-e43d-4c8d-bb26-e39bc6489068
2024-02-06 10:04:18,255 [087ade3f-e43d-4c8d-bb26-e39bc6489068@group-3A62A15B08FA-FollowerState] INFO  server.RaftServerConfigKeys (ConfUtils.java:logFallback(53)) - raft.server.rpc.first-election.timeout.max = 5200ms (fallback to raft.server.rpc.timeout.max)
2024-02-06 10:04:18,255 [087ade3f-e43d-4c8d-bb26-e39bc6489068-groupManagement] INFO  server.RaftServerConfigKeys (ConfUtils.java:logGet(46)) - raft.server.snapshot.trigger-when-stop.enabled = true (default)
2024-02-06 10:04:18,255 [087ade3f-e43d-4c8d-bb26-e39bc6489068-groupManagement] INFO  server.RaftServerConfigKeys (ConfUtils.java:logGet(46)) - raft.server.snapshot.auto.trigger.enabled = true (custom)
2024-02-06 10:04:18,256 [087ade3f-e43d-4c8d-bb26-e39bc6489068-groupManagement] INFO  server.RaftServerConfigKeys (ConfUtils.java:logGet(46)) - raft.server.snapshot.auto.trigger.threshold = 10000 (custom)
2024-02-06 10:04:18,256 [087ade3f-e43d-4c8d-bb26-e39bc6489068-groupManagement] INFO  server.RaftServerConfigKeys (ConfUtils.java:logGet(46)) - raft.server.snapshot.retention.file.num = 5 (custom)
2024-02-06 10:04:18,256 [087ade3f-e43d-4c8d-bb26-e39bc6489068-groupManagement] INFO  server.RaftServerConfigKeys (ConfUtils.java:logGet(46)) - raft.server.log.purge.upto.snapshot.index = false (default)
2024-02-06 10:04:18,271 [grpc-default-executor-0] INFO  server.RaftServer (RaftServerProxy.java:addNew(100)) - 38b4019c-56e2-4267-a670-ebb45fd92c3a: addNew group-3A62A15B08FA:[d13a7932-20b5-4dc4-8f4e-9cfa29b5d703|10.1.0.5:15370, 38b4019c-56e2-4267-a670-ebb45fd92c3a|10.1.0.5:15379, 087ade3f-e43d-4c8d-bb26-e39bc6489068|10.1.0.5:15388] returns group-3A62A15B08FA:java.util.concurrent.CompletableFuture@6c8d1815[Not completed]
2024-02-06 10:04:18,272 [38b4019c-56e2-4267-a670-ebb45fd92c3a-groupManagement] INFO  server.RaftServer$Division (RaftServerImpl.java:<init>(256)) - 38b4019c-56e2-4267-a670-ebb45fd92c3a: new RaftServerImpl for group-3A62A15B08FA:[d13a7932-20b5-4dc4-8f4e-9cfa29b5d703|10.1.0.5:15370, 38b4019c-56e2-4267-a670-ebb45fd92c3a|10.1.0.5:15379, 087ade3f-e43d-4c8d-bb26-e39bc6489068|10.1.0.5:15388] with ContainerStateMachine:uninitialized
2024-02-06 10:04:18,272 [38b4019c-56e2-4267-a670-ebb45fd92c3a-groupManagement] INFO  server.RaftServerConfigKeys (ConfUtils.java:logGet(46)) - raft.server.rpc.timeout.min = 5s (custom)
2024-02-06 10:04:18,272 [38b4019c-56e2-4267-a670-ebb45fd92c3a-groupManagement] INFO  server.RaftServerConfigKeys (ConfUtils.java:logGet(46)) - raft.server.rpc.timeout.max = 5200ms (custom)
2024-02-06 10:04:18,272 [38b4019c-56e2-4267-a670-ebb45fd92c3a-groupManagement] INFO  server.RaftServerConfigKeys (ConfUtils.java:logGet(46)) - raft.server.rpc.sleep.time = 25ms (default)
2024-02-06 10:04:18,272 [38b4019c-56e2-4267-a670-ebb45fd92c3a-groupManagement] INFO  server.RaftServerConfigKeys (ConfUtils.java:logGet(46)) - raft.server.rpc.slowness.timeout = 300000ms (custom)
2024-02-06 10:04:18,272 [38b4019c-56e2-4267-a670-ebb45fd92c3a-groupManagement] INFO  server.RaftServerConfigKeys (ConfUtils.java:logGet(46)) - raft.server.leaderelection.leader.step-down.wait-time = 10s (default)
2024-02-06 10:04:18,272 [38b4019c-56e2-4267-a670-ebb45fd92c3a-groupManagement] INFO  server.RaftServerConfigKeys (ConfUtils.java:logGet(46)) - raft.server.leaderelection.member.majority-add = false (default)
2024-02-06 10:04:18,272 [38b4019c-56e2-4267-a670-ebb45fd92c3a-groupManagement] INFO  server.RaftServerConfigKeys (ConfUtils.java:logGet(46)) - raft.server.sleep.deviation.threshold = 300ms (default)
2024-02-06 10:04:18,273 [38b4019c-56e2-4267-a670-ebb45fd92c3a-groupManagement] INFO  server.RaftServer$Division (ServerState.java:<init>(113)) - 38b4019c-56e2-4267-a670-ebb45fd92c3a@group-3A62A15B08FA: ConfigurationManager, init=-1: peers:[d13a7932-20b5-4dc4-8f4e-9cfa29b5d703|10.1.0.5:15370, 38b4019c-56e2-4267-a670-ebb45fd92c3a|10.1.0.5:15379, 087ade3f-e43d-4c8d-bb26-e39bc6489068|10.1.0.5:15388]|listeners:[], old=null, confs=<EMPTY_MAP>
2024-02-06 10:04:18,273 [38b4019c-56e2-4267-a670-ebb45fd92c3a-groupManagement] INFO  server.RaftServerConfigKeys (ConfUtils.java:logGet(46)) - raft.server.notification.no-leader.timeout = 300000ms (custom)
2024-02-06 10:04:18,273 [38b4019c-56e2-4267-a670-ebb45fd92c3a-groupManagement] INFO  server.RaftServerConfigKeys (ConfUtils.java:logGet(46)) - raft.server.read.timeout = 10s (default)
2024-02-06 10:04:18,273 [38b4019c-56e2-4267-a670-ebb45fd92c3a-groupManagement] INFO  server.RaftServerConfigKeys (ConfUtils.java:logGet(46)) - raft.server.retrycache.expirytime = 600000ms (custom)
2024-02-06 10:04:18,273 [38b4019c-56e2-4267-a670-ebb45fd92c3a-groupManagement] INFO  server.RaftServerConfigKeys (ConfUtils.java:logGet(46)) - raft.server.retrycache.statistics.expirytime = 100ms (default)
2024-02-06 10:04:18,273 [38b4019c-56e2-4267-a670-ebb45fd92c3a-groupManagement] INFO  server.RaftServerConfigKeys (ConfUtils.java:logGet(46)) - raft.server.read.option = DEFAULT (default)
2024-02-06 10:04:18,273 [38b4019c-56e2-4267-a670-ebb45fd92c3a-groupManagement] INFO  server.RaftServerConfigKeys (ConfUtils.java:logGet(46)) - raft.server.read.read-after-write-consistent.write-index-cache.expiry-time = 60s (default)
2024-02-06 10:04:18,275 [38b4019c-56e2-4267-a670-ebb45fd92c3a-groupManagement] INFO  server.RaftServerConfigKeys (ConfUtils.java:logGet(46)) - raft.server.rpc.request.timeout = 3000ms (default)
2024-02-06 10:04:18,275 [38b4019c-56e2-4267-a670-ebb45fd92c3a-groupManagement] INFO  server.RaftServerConfigKeys (ConfUtils.java:logGet(46)) - raft.server.log.appender.install.snapshot.enabled = false (custom)
2024-02-06 10:04:18,275 [38b4019c-56e2-4267-a670-ebb45fd92c3a-groupManagement] INFO  server.RaftServerConfigKeys (ConfUtils.java:logGet(46)) - raft.server.threadpool.server.cached = true (default)
2024-02-06 10:04:18,276 [38b4019c-56e2-4267-a670-ebb45fd92c3a-groupManagement] INFO  server.RaftServerConfigKeys (ConfUtils.java:logGet(46)) - raft.server.threadpool.server.size = 0 (default)
2024-02-06 10:04:18,276 [38b4019c-56e2-4267-a670-ebb45fd92c3a-groupManagement] INFO  server.RaftServerConfigKeys (ConfUtils.java:logGet(46)) - raft.server.threadpool.client.cached = true (default)
2024-02-06 10:04:18,276 [38b4019c-56e2-4267-a670-ebb45fd92c3a-groupManagement] INFO  server.RaftServerConfigKeys (ConfUtils.java:logGet(46)) - raft.server.threadpool.client.size = 0 (default)
2024-02-06 10:04:18,276 [38b4019c-56e2-4267-a670-ebb45fd92c3a-groupManagement] INFO  server.RaftServerConfigKeys (ConfUtils.java:logGet(46)) - raft.server.storage.free-space.min = 0MB (=0) (default)
2024-02-06 10:04:18,276 [38b4019c-56e2-4267-a670-ebb45fd92c3a-groupManagement] INFO  server.RaftServerConfigKeys (ConfUtils.java:logGet(46)) - raft.server.log.corruption.policy = EXCEPTION (default)
2024-02-06 10:04:18,276 [38b4019c-56e2-4267-a670-ebb45fd92c3a-groupManagement] INFO  server.RaftServerConfigKeys (ConfUtils.java:logGet(46)) - raft.server.storage.dir = [/home/runner/work/ozone/ozone/hadoop-ozone/integration-test/target/test-dir/MiniOzoneClusterImpl-0ae4c21d-b8eb-4e36-9639-963ec8fb7de7/datanode-1/data/ratis] (custom)
2024-02-06 10:04:18,276 [38b4019c-56e2-4267-a670-ebb45fd92c3a-groupManagement] INFO  storage.RaftStorageDirectory (RaftStorageDirectoryImpl.java:analyzeStorage(138)) - The storage directory /home/runner/work/ozone/ozone/hadoop-ozone/integration-test/target/test-dir/MiniOzoneClusterImpl-0ae4c21d-b8eb-4e36-9639-963ec8fb7de7/datanode-1/data/ratis/0ac3adb2-bb17-4dac-b64e-3a62a15b08fa does not exist. Creating ...
2024-02-06 10:04:18,277 [38b4019c-56e2-4267-a670-ebb45fd92c3a-groupManagement] INFO  storage.RaftStorageDirectory (RaftStorageDirectoryImpl.java:tryLock(228)) - Lock on /home/runner/work/ozone/ozone/hadoop-ozone/integration-test/target/test-dir/MiniOzoneClusterImpl-0ae4c21d-b8eb-4e36-9639-963ec8fb7de7/datanode-1/data/ratis/0ac3adb2-bb17-4dac-b64e-3a62a15b08fa/in_use.lock acquired by nodename 37157@fv-az776-296
2024-02-06 10:04:18,278 [38b4019c-56e2-4267-a670-ebb45fd92c3a-groupManagement] INFO  storage.RaftStorage (RaftStorageImpl.java:format(99)) - Storage directory /home/runner/work/ozone/ozone/hadoop-ozone/integration-test/target/test-dir/MiniOzoneClusterImpl-0ae4c21d-b8eb-4e36-9639-963ec8fb7de7/datanode-1/data/ratis/0ac3adb2-bb17-4dac-b64e-3a62a15b08fa has been successfully formatted.
2024-02-06 10:04:18,278 [38b4019c-56e2-4267-a670-ebb45fd92c3a-groupManagement] WARN  util.FileUtils (LogUtils.java:supplyAndLog(63)) - Failed to Files.newInputStream /home/runner/work/ozone/ozone/hadoop-ozone/integration-test/target/test-dir/MiniOzoneClusterImpl-0ae4c21d-b8eb-4e36-9639-963ec8fb7de7/datanode-1/data/ratis/0ac3adb2-bb17-4dac-b64e-3a62a15b08fa/current/raft-meta.conf with options []: java.nio.file.NoSuchFileException: /home/runner/work/ozone/ozone/hadoop-ozone/integration-test/target/test-dir/MiniOzoneClusterImpl-0ae4c21d-b8eb-4e36-9639-963ec8fb7de7/datanode-1/data/ratis/0ac3adb2-bb17-4dac-b64e-3a62a15b08fa/current/raft-meta.conf
2024-02-06 10:04:18,279 [38b4019c-56e2-4267-a670-ebb45fd92c3a-groupManagement] INFO  ratis.ContainerStateMachine (ContainerStateMachine.java:loadSnapshot(287)) - group-3A62A15B08FA: The snapshot info is null. Setting the last applied index to:(t:0, i:~)
2024-02-06 10:04:18,280 [38b4019c-56e2-4267-a670-ebb45fd92c3a-groupManagement] INFO  server.RaftServerConfigKeys (ConfUtils.java:logGet(46)) - raft.server.log.use.memory = false (default)
2024-02-06 10:04:18,280 [38b4019c-56e2-4267-a670-ebb45fd92c3a-groupManagement] INFO  server.RaftServerConfigKeys (ConfUtils.java:logGet(46)) - raft.server.log.purge.gap = 1000000 (custom)
2024-02-06 10:04:18,280 [38b4019c-56e2-4267-a670-ebb45fd92c3a-groupManagement] INFO  server.RaftServerConfigKeys (ConfUtils.java:logGet(46)) - raft.server.log.appender.buffer.byte-limit = 8388608 (custom)
2024-02-06 10:04:18,280 [38b4019c-56e2-4267-a670-ebb45fd92c3a-groupManagement] INFO  server.RaftServerConfigKeys (ConfUtils.java:logGet(46)) - raft.server.log.statemachine.data.read.timeout = 1000ms (default)
2024-02-06 10:04:18,280 [38b4019c-56e2-4267-a670-ebb45fd92c3a-groupManagement] INFO  server.RaftServerConfigKeys (ConfUtils.java:logGet(46)) - raft.server.log.purge.preservation.log.num = 0 (default)
2024-02-06 10:04:18,281 [38b4019c-56e2-4267-a670-ebb45fd92c3a-groupManagement] INFO  server.RaftServerConfigKeys (ConfUtils.java:logGet(46)) - raft.server.log.segment.size.max = 67108864 (custom)
2024-02-06 10:04:18,282 [38b4019c-56e2-4267-a670-ebb45fd92c3a-groupManagement] INFO  server.RaftServerConfigKeys (ConfUtils.java:logGet(46)) - raft.server.log.segment.cache.num.max = 2 (custom)
2024-02-06 10:04:18,282 [38b4019c-56e2-4267-a670-ebb45fd92c3a-groupManagement] INFO  server.RaftServerConfigKeys (ConfUtils.java:logGet(46)) - raft.server.log.segment.cache.size.max = 200MB (=209715200) (default)
2024-02-06 10:04:18,282 [38b4019c-56e2-4267-a670-ebb45fd92c3a-groupManagement] INFO  server.RaftServerConfigKeys (ConfUtils.java:logGet(46)) - raft.server.log.appender.buffer.byte-limit = 8388608 (custom)
2024-02-06 10:04:18,282 [38b4019c-56e2-4267-a670-ebb45fd92c3a-groupManagement] INFO  util.AwaitToRun (AwaitToRun.java:start(81)) - Thread[38b4019c-56e2-4267-a670-ebb45fd92c3a@group-3A62A15B08FA-cacheEviction-AwaitToRun,5,main] started
2024-02-06 10:04:18,282 [38b4019c-56e2-4267-a670-ebb45fd92c3a-groupManagement] INFO  segmented.SegmentedRaftLogWorker (SegmentedRaftLogWorker.java:<init>(182)) - new 38b4019c-56e2-4267-a670-ebb45fd92c3a@group-3A62A15B08FA-SegmentedRaftLogWorker for RaftStorageImpl:Storage Directory /home/runner/work/ozone/ozone/hadoop-ozone/integration-test/target/test-dir/MiniOzoneClusterImpl-0ae4c21d-b8eb-4e36-9639-963ec8fb7de7/datanode-1/data/ratis/0ac3adb2-bb17-4dac-b64e-3a62a15b08fa
2024-02-06 10:04:18,282 [38b4019c-56e2-4267-a670-ebb45fd92c3a-groupManagement] INFO  server.RaftServerConfigKeys (ConfUtils.java:logGet(46)) - raft.server.log.queue.byte-limit = 4294967296 (custom)
2024-02-06 10:04:18,282 [38b4019c-56e2-4267-a670-ebb45fd92c3a-groupManagement] INFO  server.RaftServerConfigKeys (ConfUtils.java:logGet(46)) - raft.server.log.queue.element-limit = 1024 (custom)
2024-02-06 10:04:18,282 [38b4019c-56e2-4267-a670-ebb45fd92c3a-groupManagement] INFO  server.RaftServerConfigKeys (ConfUtils.java:logGet(46)) - raft.server.log.segment.size.max = 67108864 (custom)
2024-02-06 10:04:18,282 [38b4019c-56e2-4267-a670-ebb45fd92c3a-groupManagement] INFO  server.RaftServerConfigKeys (ConfUtils.java:logGet(46)) - raft.server.log.preallocated.size = 4194304 (custom)
2024-02-06 10:04:18,282 [38b4019c-56e2-4267-a670-ebb45fd92c3a-groupManagement] INFO  server.RaftServerConfigKeys (ConfUtils.java:logGet(46)) - raft.server.log.force.sync.num = 128 (default)
2024-02-06 10:04:18,282 [38b4019c-56e2-4267-a670-ebb45fd92c3a-groupManagement] INFO  server.RaftServerConfigKeys (ConfUtils.java:logGet(46)) - raft.server.log.statemachine.data.sync = true (default)
2024-02-06 10:04:18,282 [38b4019c-56e2-4267-a670-ebb45fd92c3a-groupManagement] INFO  server.RaftServerConfigKeys (ConfUtils.java:logGet(46)) - raft.server.log.statemachine.data.sync.timeout = 10s (default)
2024-02-06 10:04:18,282 [38b4019c-56e2-4267-a670-ebb45fd92c3a-groupManagement] INFO  server.RaftServerConfigKeys (ConfUtils.java:logGet(46)) - raft.server.log.statemachine.data.sync.timeout.retry = 0 (custom)
2024-02-06 10:04:18,283 [38b4019c-56e2-4267-a670-ebb45fd92c3a-groupManagement] INFO  server.RaftServerConfigKeys (ConfUtils.java:logGet(46)) - raft.server.log.write.buffer.size = 8388616 (custom)
2024-02-06 10:04:18,284 [38b4019c-56e2-4267-a670-ebb45fd92c3a-groupManagement] INFO  server.RaftServerConfigKeys (ConfUtils.java:logGet(46)) - raft.server.log.appender.buffer.byte-limit = 8388608 (custom)
2024-02-06 10:04:18,284 [38b4019c-56e2-4267-a670-ebb45fd92c3a-groupManagement] INFO  server.RaftServerConfigKeys (ConfUtils.java:logGet(46)) - raft.server.log.unsafe-flush.enabled = false (default)
2024-02-06 10:04:18,284 [38b4019c-56e2-4267-a670-ebb45fd92c3a-groupManagement] INFO  server.RaftServerConfigKeys (ConfUtils.java:logGet(46)) - raft.server.log.async-flush.enabled = false (default)
2024-02-06 10:04:18,284 [38b4019c-56e2-4267-a670-ebb45fd92c3a-groupManagement] INFO  server.RaftServerConfigKeys (ConfUtils.java:logGet(46)) - raft.server.log.statemachine.data.caching.enabled = true (custom)
2024-02-06 10:04:18,284 [38b4019c-56e2-4267-a670-ebb45fd92c3a-groupManagement] INFO  segmented.SegmentedRaftLogWorker (SegmentedRaftLogWorker.java:lambda$new$0(134)) - 38b4019c-56e2-4267-a670-ebb45fd92c3a@group-3A62A15B08FA-SegmentedRaftLogWorker: flushIndex: setUnconditionally 0 -> -1
2024-02-06 10:04:18,284 [38b4019c-56e2-4267-a670-ebb45fd92c3a-groupManagement] INFO  segmented.SegmentedRaftLogWorker (SegmentedRaftLogWorker.java:lambda$new$0(134)) - 38b4019c-56e2-4267-a670-ebb45fd92c3a@group-3A62A15B08FA-SegmentedRaftLogWorker: safeCacheEvictIndex: setUnconditionally 0 -> -1
2024-02-06 10:04:18,284 [38b4019c-56e2-4267-a670-ebb45fd92c3a-groupManagement] INFO  server.RaftServer$Division (RaftServerImpl.java:start(396)) - 38b4019c-56e2-4267-a670-ebb45fd92c3a@group-3A62A15B08FA: start as a follower, conf=-1: peers:[d13a7932-20b5-4dc4-8f4e-9cfa29b5d703|10.1.0.5:15370, 38b4019c-56e2-4267-a670-ebb45fd92c3a|10.1.0.5:15379, 087ade3f-e43d-4c8d-bb26-e39bc6489068|10.1.0.5:15388]|listeners:[], old=null
2024-02-06 10:04:18,284 [38b4019c-56e2-4267-a670-ebb45fd92c3a-groupManagement] INFO  server.RaftServer$Division (RaftServerImpl.java:setRole(383)) - 38b4019c-56e2-4267-a670-ebb45fd92c3a@group-3A62A15B08FA: changes role from      null to FOLLOWER at term 0 for startAsFollower
2024-02-06 10:04:18,284 [38b4019c-56e2-4267-a670-ebb45fd92c3a-groupManagement] INFO  impl.RoleInfo (RoleInfo.java:updateAndGet(139)) - 38b4019c-56e2-4267-a670-ebb45fd92c3a: start 38b4019c-56e2-4267-a670-ebb45fd92c3a@group-3A62A15B08FA-FollowerState
2024-02-06 10:04:18,284 [38b4019c-56e2-4267-a670-ebb45fd92c3a-groupManagement] INFO  util.JmxRegister (JmxRegister.java:tryRegister(44)) - Successfully registered JMX Bean with object name Ratis:service=RaftServer,group=group-3A62A15B08FA,id=38b4019c-56e2-4267-a670-ebb45fd92c3a
2024-02-06 10:04:18,284 [38b4019c-56e2-4267-a670-ebb45fd92c3a@group-3A62A15B08FA-FollowerState] INFO  server.RaftServerConfigKeys (ConfUtils.java:logFallback(53)) - raft.server.rpc.first-election.timeout.min = 5s (fallback to raft.server.rpc.timeout.min)
2024-02-06 10:04:18,285 [38b4019c-56e2-4267-a670-ebb45fd92c3a-groupManagement] INFO  server.RaftServerConfigKeys (ConfUtils.java:logGet(46)) - raft.server.snapshot.trigger-when-stop.enabled = true (default)
2024-02-06 10:04:18,285 [38b4019c-56e2-4267-a670-ebb45fd92c3a@group-3A62A15B08FA-FollowerState] INFO  server.RaftServerConfigKeys (ConfUtils.java:logFallback(53)) - raft.server.rpc.first-election.timeout.max = 5200ms (fallback to raft.server.rpc.timeout.max)
2024-02-06 10:04:18,285 [38b4019c-56e2-4267-a670-ebb45fd92c3a-groupManagement] INFO  server.RaftServerConfigKeys (ConfUtils.java:logGet(46)) - raft.server.snapshot.auto.trigger.enabled = true (custom)
2024-02-06 10:04:18,285 [38b4019c-56e2-4267-a670-ebb45fd92c3a-groupManagement] INFO  server.RaftServerConfigKeys (ConfUtils.java:logGet(46)) - raft.server.snapshot.auto.trigger.threshold = 10000 (custom)
2024-02-06 10:04:18,285 [38b4019c-56e2-4267-a670-ebb45fd92c3a-groupManagement] INFO  server.RaftServerConfigKeys (ConfUtils.java:logGet(46)) - raft.server.snapshot.retention.file.num = 5 (custom)
2024-02-06 10:04:18,285 [38b4019c-56e2-4267-a670-ebb45fd92c3a-groupManagement] INFO  server.RaftServerConfigKeys (ConfUtils.java:logGet(46)) - raft.server.log.purge.upto.snapshot.index = false (default)
2024-02-06 10:04:18,288 [d13a7932-20b5-4dc4-8f4e-9cfa29b5d703-PipelineCommandHandlerThread-0] INFO  commandhandler.CreatePipelineCommandHandler (CreatePipelineCommandHandler.java:lambda$handle$2(124)) - Created Pipeline RATIS THREE PipelineID=0ac3adb2-bb17-4dac-b64e-3a62a15b08fa.
2024-02-06 10:04:18,309 [38b4019c-56e2-4267-a670-ebb45fd92c3a-PipelineCommandHandlerThread-0] INFO  server.RaftServer (RaftServerProxy.java:addNew(100)) - 38b4019c-56e2-4267-a670-ebb45fd92c3a: addNew group-B722671DD948:[38b4019c-56e2-4267-a670-ebb45fd92c3a|10.1.0.5:15379] returns group-B722671DD948:java.util.concurrent.CompletableFuture@1c0e85ab[Not completed]
2024-02-06 10:04:18,310 [38b4019c-56e2-4267-a670-ebb45fd92c3a-groupManagement] INFO  server.RaftServer$Division (RaftServerImpl.java:<init>(256)) - 38b4019c-56e2-4267-a670-ebb45fd92c3a: new RaftServerImpl for group-B722671DD948:[38b4019c-56e2-4267-a670-ebb45fd92c3a|10.1.0.5:15379] with ContainerStateMachine:uninitialized
2024-02-06 10:04:18,310 [38b4019c-56e2-4267-a670-ebb45fd92c3a-groupManagement] INFO  server.RaftServerConfigKeys (ConfUtils.java:logGet(46)) - raft.server.rpc.timeout.min = 5s (custom)
2024-02-06 10:04:18,310 [38b4019c-56e2-4267-a670-ebb45fd92c3a-groupManagement] INFO  server.RaftServerConfigKeys (ConfUtils.java:logGet(46)) - raft.server.rpc.timeout.max = 5200ms (custom)
2024-02-06 10:04:18,310 [38b4019c-56e2-4267-a670-ebb45fd92c3a-groupManagement] INFO  server.RaftServerConfigKeys (ConfUtils.java:logGet(46)) - raft.server.rpc.sleep.time = 25ms (default)
2024-02-06 10:04:18,310 [38b4019c-56e2-4267-a670-ebb45fd92c3a-groupManagement] INFO  server.RaftServerConfigKeys (ConfUtils.java:logGet(46)) - raft.server.rpc.slowness.timeout = 300000ms (custom)
2024-02-06 10:04:18,310 [38b4019c-56e2-4267-a670-ebb45fd92c3a-groupManagement] INFO  server.RaftServerConfigKeys (ConfUtils.java:logGet(46)) - raft.server.leaderelection.leader.step-down.wait-time = 10s (default)
2024-02-06 10:04:18,310 [38b4019c-56e2-4267-a670-ebb45fd92c3a-groupManagement] INFO  server.RaftServerConfigKeys (ConfUtils.java:logGet(46)) - raft.server.leaderelection.member.majority-add = false (default)
2024-02-06 10:04:18,311 [38b4019c-56e2-4267-a670-ebb45fd92c3a-groupManagement] INFO  server.RaftServerConfigKeys (ConfUtils.java:logGet(46)) - raft.server.sleep.deviation.threshold = 300ms (default)
2024-02-06 10:04:18,311 [38b4019c-56e2-4267-a670-ebb45fd92c3a-groupManagement] INFO  server.RaftServer$Division (ServerState.java:<init>(113)) - 38b4019c-56e2-4267-a670-ebb45fd92c3a@group-B722671DD948: ConfigurationManager, init=-1: peers:[38b4019c-56e2-4267-a670-ebb45fd92c3a|10.1.0.5:15379]|listeners:[], old=null, confs=<EMPTY_MAP>
2024-02-06 10:04:18,311 [38b4019c-56e2-4267-a670-ebb45fd92c3a-groupManagement] INFO  server.RaftServerConfigKeys (ConfUtils.java:logGet(46)) - raft.server.notification.no-leader.timeout = 300000ms (custom)
2024-02-06 10:04:18,311 [38b4019c-56e2-4267-a670-ebb45fd92c3a-groupManagement] INFO  server.RaftServerConfigKeys (ConfUtils.java:logGet(46)) - raft.server.read.timeout = 10s (default)
2024-02-06 10:04:18,311 [38b4019c-56e2-4267-a670-ebb45fd92c3a-groupManagement] INFO  server.RaftServerConfigKeys (ConfUtils.java:logGet(46)) - raft.server.retrycache.expirytime = 600000ms (custom)
2024-02-06 10:04:18,311 [38b4019c-56e2-4267-a670-ebb45fd92c3a-groupManagement] INFO  server.RaftServerConfigKeys (ConfUtils.java:logGet(46)) - raft.server.retrycache.statistics.expirytime = 100ms (default)
2024-02-06 10:04:18,311 [38b4019c-56e2-4267-a670-ebb45fd92c3a-groupManagement] INFO  server.RaftServerConfigKeys (ConfUtils.java:logGet(46)) - raft.server.read.option = DEFAULT (default)
2024-02-06 10:04:18,311 [38b4019c-56e2-4267-a670-ebb45fd92c3a-groupManagement] INFO  server.RaftServerConfigKeys (ConfUtils.java:logGet(46)) - raft.server.read.read-after-write-consistent.write-index-cache.expiry-time = 60s (default)
2024-02-06 10:04:18,313 [38b4019c-56e2-4267-a670-ebb45fd92c3a-groupManagement] INFO  server.RaftServerConfigKeys (ConfUtils.java:logGet(46)) - raft.server.rpc.request.timeout = 3000ms (default)
2024-02-06 10:04:18,313 [38b4019c-56e2-4267-a670-ebb45fd92c3a-groupManagement] INFO  server.RaftServerConfigKeys (ConfUtils.java:logGet(46)) - raft.server.log.appender.install.snapshot.enabled = false (custom)
2024-02-06 10:04:18,313 [38b4019c-56e2-4267-a670-ebb45fd92c3a-groupManagement] INFO  server.RaftServerConfigKeys (ConfUtils.java:logGet(46)) - raft.server.threadpool.server.cached = true (default)
2024-02-06 10:04:18,313 [38b4019c-56e2-4267-a670-ebb45fd92c3a-groupManagement] INFO  server.RaftServerConfigKeys (ConfUtils.java:logGet(46)) - raft.server.threadpool.server.size = 0 (default)
2024-02-06 10:04:18,313 [38b4019c-56e2-4267-a670-ebb45fd92c3a-groupManagement] INFO  server.RaftServerConfigKeys (ConfUtils.java:logGet(46)) - raft.server.threadpool.client.cached = true (default)
2024-02-06 10:04:18,313 [38b4019c-56e2-4267-a670-ebb45fd92c3a-groupManagement] INFO  server.RaftServerConfigKeys (ConfUtils.java:logGet(46)) - raft.server.threadpool.client.size = 0 (default)
2024-02-06 10:04:18,313 [38b4019c-56e2-4267-a670-ebb45fd92c3a-groupManagement] INFO  server.RaftServerConfigKeys (ConfUtils.java:logGet(46)) - raft.server.storage.free-space.min = 0MB (=0) (default)
2024-02-06 10:04:18,313 [38b4019c-56e2-4267-a670-ebb45fd92c3a-groupManagement] INFO  server.RaftServerConfigKeys (ConfUtils.java:logGet(46)) - raft.server.log.corruption.policy = EXCEPTION (default)
2024-02-06 10:04:18,313 [38b4019c-56e2-4267-a670-ebb45fd92c3a-groupManagement] INFO  server.RaftServerConfigKeys (ConfUtils.java:logGet(46)) - raft.server.storage.dir = [/home/runner/work/ozone/ozone/hadoop-ozone/integration-test/target/test-dir/MiniOzoneClusterImpl-0ae4c21d-b8eb-4e36-9639-963ec8fb7de7/datanode-1/data/ratis] (custom)
2024-02-06 10:04:18,313 [38b4019c-56e2-4267-a670-ebb45fd92c3a-groupManagement] INFO  storage.RaftStorageDirectory (RaftStorageDirectoryImpl.java:analyzeStorage(138)) - The storage directory /home/runner/work/ozone/ozone/hadoop-ozone/integration-test/target/test-dir/MiniOzoneClusterImpl-0ae4c21d-b8eb-4e36-9639-963ec8fb7de7/datanode-1/data/ratis/c267edef-c92f-4ee0-bf31-b722671dd948 does not exist. Creating ...
2024-02-06 10:04:18,314 [38b4019c-56e2-4267-a670-ebb45fd92c3a-groupManagement] INFO  storage.RaftStorageDirectory (RaftStorageDirectoryImpl.java:tryLock(228)) - Lock on /home/runner/work/ozone/ozone/hadoop-ozone/integration-test/target/test-dir/MiniOzoneClusterImpl-0ae4c21d-b8eb-4e36-9639-963ec8fb7de7/datanode-1/data/ratis/c267edef-c92f-4ee0-bf31-b722671dd948/in_use.lock acquired by nodename 37157@fv-az776-296
2024-02-06 10:04:18,315 [38b4019c-56e2-4267-a670-ebb45fd92c3a-groupManagement] INFO  storage.RaftStorage (RaftStorageImpl.java:format(99)) - Storage directory /home/runner/work/ozone/ozone/hadoop-ozone/integration-test/target/test-dir/MiniOzoneClusterImpl-0ae4c21d-b8eb-4e36-9639-963ec8fb7de7/datanode-1/data/ratis/c267edef-c92f-4ee0-bf31-b722671dd948 has been successfully formatted.
2024-02-06 10:04:18,315 [38b4019c-56e2-4267-a670-ebb45fd92c3a-groupManagement] WARN  util.FileUtils (LogUtils.java:supplyAndLog(63)) - Failed to Files.newInputStream /home/runner/work/ozone/ozone/hadoop-ozone/integration-test/target/test-dir/MiniOzoneClusterImpl-0ae4c21d-b8eb-4e36-9639-963ec8fb7de7/datanode-1/data/ratis/c267edef-c92f-4ee0-bf31-b722671dd948/current/raft-meta.conf with options []: java.nio.file.NoSuchFileException: /home/runner/work/ozone/ozone/hadoop-ozone/integration-test/target/test-dir/MiniOzoneClusterImpl-0ae4c21d-b8eb-4e36-9639-963ec8fb7de7/datanode-1/data/ratis/c267edef-c92f-4ee0-bf31-b722671dd948/current/raft-meta.conf
2024-02-06 10:04:18,316 [38b4019c-56e2-4267-a670-ebb45fd92c3a-groupManagement] INFO  ratis.ContainerStateMachine (ContainerStateMachine.java:loadSnapshot(287)) - group-B722671DD948: The snapshot info is null. Setting the last applied index to:(t:0, i:~)
2024-02-06 10:04:18,316 [38b4019c-56e2-4267-a670-ebb45fd92c3a-groupManagement] INFO  server.RaftServerConfigKeys (ConfUtils.java:logGet(46)) - raft.server.log.use.memory = false (default)
2024-02-06 10:04:18,316 [38b4019c-56e2-4267-a670-ebb45fd92c3a-groupManagement] INFO  server.RaftServerConfigKeys (ConfUtils.java:logGet(46)) - raft.server.log.purge.gap = 1000000 (custom)
2024-02-06 10:04:18,316 [38b4019c-56e2-4267-a670-ebb45fd92c3a-groupManagement] INFO  server.RaftServerConfigKeys (ConfUtils.java:logGet(46)) - raft.server.log.appender.buffer.byte-limit = 8388608 (custom)
2024-02-06 10:04:18,316 [38b4019c-56e2-4267-a670-ebb45fd92c3a-groupManagement] INFO  server.RaftServerConfigKeys (ConfUtils.java:logGet(46)) - raft.server.log.statemachine.data.read.timeout = 1000ms (default)
2024-02-06 10:04:18,316 [38b4019c-56e2-4267-a670-ebb45fd92c3a-groupManagement] INFO  server.RaftServerConfigKeys (ConfUtils.java:logGet(46)) - raft.server.log.purge.preservation.log.num = 0 (default)
2024-02-06 10:04:18,317 [EventQueue-PipelineReportForPipelineReportHandler] INFO  pipeline.PipelineReportHandler (PipelineReportHandler.java:processPipelineReport(136)) - Opened pipeline PipelineID=c267edef-c92f-4ee0-bf31-b722671dd948
2024-02-06 10:04:18,317 [EventQueue-OpenPipelineForHealthyPipelineSafeModeRule] INFO  safemode.SCMSafeModeManager (HealthyPipelineSafeModeRule.java:process(140)) - SCM in safe mode. Healthy pipelines reported count is 0, required healthy pipeline reported count is 1
2024-02-06 10:04:18,317 [38b4019c-56e2-4267-a670-ebb45fd92c3a-groupManagement] INFO  server.RaftServerConfigKeys (ConfUtils.java:logGet(46)) - raft.server.log.segment.size.max = 67108864 (custom)
2024-02-06 10:04:18,317 [38b4019c-56e2-4267-a670-ebb45fd92c3a-groupManagement] INFO  server.RaftServerConfigKeys (ConfUtils.java:logGet(46)) - raft.server.log.segment.cache.num.max = 2 (custom)
2024-02-06 10:04:18,317 [38b4019c-56e2-4267-a670-ebb45fd92c3a-groupManagement] INFO  server.RaftServerConfigKeys (ConfUtils.java:logGet(46)) - raft.server.log.segment.cache.size.max = 200MB (=209715200) (default)
2024-02-06 10:04:18,317 [38b4019c-56e2-4267-a670-ebb45fd92c3a-groupManagement] INFO  server.RaftServerConfigKeys (ConfUtils.java:logGet(46)) - raft.server.log.appender.buffer.byte-limit = 8388608 (custom)
2024-02-06 10:04:18,317 [38b4019c-56e2-4267-a670-ebb45fd92c3a-groupManagement] INFO  util.AwaitToRun (AwaitToRun.java:start(81)) - Thread[38b4019c-56e2-4267-a670-ebb45fd92c3a@group-B722671DD948-cacheEviction-AwaitToRun,5,main] started
2024-02-06 10:04:18,318 [38b4019c-56e2-4267-a670-ebb45fd92c3a-groupManagement] INFO  segmented.SegmentedRaftLogWorker (SegmentedRaftLogWorker.java:<init>(182)) - new 38b4019c-56e2-4267-a670-ebb45fd92c3a@group-B722671DD948-SegmentedRaftLogWorker for RaftStorageImpl:Storage Directory /home/runner/work/ozone/ozone/hadoop-ozone/integration-test/target/test-dir/MiniOzoneClusterImpl-0ae4c21d-b8eb-4e36-9639-963ec8fb7de7/datanode-1/data/ratis/c267edef-c92f-4ee0-bf31-b722671dd948
2024-02-06 10:04:18,318 [38b4019c-56e2-4267-a670-ebb45fd92c3a-groupManagement] INFO  server.RaftServerConfigKeys (ConfUtils.java:logGet(46)) - raft.server.log.queue.byte-limit = 4294967296 (custom)
2024-02-06 10:04:18,318 [38b4019c-56e2-4267-a670-ebb45fd92c3a-groupManagement] INFO  server.RaftServerConfigKeys (ConfUtils.java:logGet(46)) - raft.server.log.queue.element-limit = 1024 (custom)
2024-02-06 10:04:18,318 [38b4019c-56e2-4267-a670-ebb45fd92c3a-groupManagement] INFO  server.RaftServerConfigKeys (ConfUtils.java:logGet(46)) - raft.server.log.segment.size.max = 67108864 (custom)
2024-02-06 10:04:18,318 [38b4019c-56e2-4267-a670-ebb45fd92c3a-groupManagement] INFO  server.RaftServerConfigKeys (ConfUtils.java:logGet(46)) - raft.server.log.preallocated.size = 4194304 (custom)
2024-02-06 10:04:18,318 [38b4019c-56e2-4267-a670-ebb45fd92c3a-groupManagement] INFO  server.RaftServerConfigKeys (ConfUtils.java:logGet(46)) - raft.server.log.force.sync.num = 128 (default)
2024-02-06 10:04:18,318 [38b4019c-56e2-4267-a670-ebb45fd92c3a-groupManagement] INFO  server.RaftServerConfigKeys (ConfUtils.java:logGet(46)) - raft.server.log.statemachine.data.sync = true (default)
2024-02-06 10:04:18,318 [38b4019c-56e2-4267-a670-ebb45fd92c3a-groupManagement] INFO  server.RaftServerConfigKeys (ConfUtils.java:logGet(46)) - raft.server.log.statemachine.data.sync.timeout = 10s (default)
2024-02-06 10:04:18,318 [38b4019c-56e2-4267-a670-ebb45fd92c3a-groupManagement] INFO  server.RaftServerConfigKeys (ConfUtils.java:logGet(46)) - raft.server.log.statemachine.data.sync.timeout.retry = 0 (custom)
2024-02-06 10:04:18,318 [38b4019c-56e2-4267-a670-ebb45fd92c3a-groupManagement] INFO  server.RaftServerConfigKeys (ConfUtils.java:logGet(46)) - raft.server.log.write.buffer.size = 8388616 (custom)
2024-02-06 10:04:18,319 [38b4019c-56e2-4267-a670-ebb45fd92c3a-groupManagement] INFO  server.RaftServerConfigKeys (ConfUtils.java:logGet(46)) - raft.server.log.appender.buffer.byte-limit = 8388608 (custom)
2024-02-06 10:04:18,319 [38b4019c-56e2-4267-a670-ebb45fd92c3a-groupManagement] INFO  server.RaftServerConfigKeys (ConfUtils.java:logGet(46)) - raft.server.log.unsafe-flush.enabled = false (default)
2024-02-06 10:04:18,320 [38b4019c-56e2-4267-a670-ebb45fd92c3a-groupManagement] INFO  server.RaftServerConfigKeys (ConfUtils.java:logGet(46)) - raft.server.log.async-flush.enabled = false (default)
2024-02-06 10:04:18,320 [38b4019c-56e2-4267-a670-ebb45fd92c3a-groupManagement] INFO  server.RaftServerConfigKeys (ConfUtils.java:logGet(46)) - raft.server.log.statemachine.data.caching.enabled = true (custom)
2024-02-06 10:04:18,320 [38b4019c-56e2-4267-a670-ebb45fd92c3a-groupManagement] INFO  segmented.SegmentedRaftLogWorker (SegmentedRaftLogWorker.java:lambda$new$0(134)) - 38b4019c-56e2-4267-a670-ebb45fd92c3a@group-B722671DD948-SegmentedRaftLogWorker: flushIndex: setUnconditionally 0 -> -1
2024-02-06 10:04:18,320 [38b4019c-56e2-4267-a670-ebb45fd92c3a-groupManagement] INFO  segmented.SegmentedRaftLogWorker (SegmentedRaftLogWorker.java:lambda$new$0(134)) - 38b4019c-56e2-4267-a670-ebb45fd92c3a@group-B722671DD948-SegmentedRaftLogWorker: safeCacheEvictIndex: setUnconditionally 0 -> -1
2024-02-06 10:04:18,320 [38b4019c-56e2-4267-a670-ebb45fd92c3a-groupManagement] INFO  server.RaftServer$Division (RaftServerImpl.java:start(396)) - 38b4019c-56e2-4267-a670-ebb45fd92c3a@group-B722671DD948: start as a follower, conf=-1: peers:[38b4019c-56e2-4267-a670-ebb45fd92c3a|10.1.0.5:15379]|listeners:[], old=null
2024-02-06 10:04:18,320 [38b4019c-56e2-4267-a670-ebb45fd92c3a-groupManagement] INFO  server.RaftServer$Division (RaftServerImpl.java:setRole(383)) - 38b4019c-56e2-4267-a670-ebb45fd92c3a@group-B722671DD948: changes role from      null to FOLLOWER at term 0 for startAsFollower
2024-02-06 10:04:18,320 [38b4019c-56e2-4267-a670-ebb45fd92c3a-groupManagement] INFO  impl.RoleInfo (RoleInfo.java:updateAndGet(139)) - 38b4019c-56e2-4267-a670-ebb45fd92c3a: start 38b4019c-56e2-4267-a670-ebb45fd92c3a@group-B722671DD948-FollowerState
2024-02-06 10:04:18,320 [38b4019c-56e2-4267-a670-ebb45fd92c3a-groupManagement] INFO  util.JmxRegister (JmxRegister.java:tryRegister(44)) - Successfully registered JMX Bean with object name Ratis:service=RaftServer,group=group-B722671DD948,id=38b4019c-56e2-4267-a670-ebb45fd92c3a
2024-02-06 10:04:18,320 [38b4019c-56e2-4267-a670-ebb45fd92c3a@group-B722671DD948-FollowerState] INFO  server.RaftServerConfigKeys (ConfUtils.java:logFallback(53)) - raft.server.rpc.first-election.timeout.min = 5s (fallback to raft.server.rpc.timeout.min)
2024-02-06 10:04:18,320 [38b4019c-56e2-4267-a670-ebb45fd92c3a-groupManagement] INFO  server.RaftServerConfigKeys (ConfUtils.java:logGet(46)) - raft.server.snapshot.trigger-when-stop.enabled = true (default)
2024-02-06 10:04:18,320 [38b4019c-56e2-4267-a670-ebb45fd92c3a@group-B722671DD948-FollowerState] INFO  server.RaftServerConfigKeys (ConfUtils.java:logFallback(53)) - raft.server.rpc.first-election.timeout.max = 5200ms (fallback to raft.server.rpc.timeout.max)
2024-02-06 10:04:18,320 [38b4019c-56e2-4267-a670-ebb45fd92c3a-groupManagement] INFO  server.RaftServerConfigKeys (ConfUtils.java:logGet(46)) - raft.server.snapshot.auto.trigger.enabled = true (custom)
2024-02-06 10:04:18,320 [38b4019c-56e2-4267-a670-ebb45fd92c3a-groupManagement] INFO  server.RaftServerConfigKeys (ConfUtils.java:logGet(46)) - raft.server.snapshot.auto.trigger.threshold = 10000 (custom)
2024-02-06 10:04:18,321 [38b4019c-56e2-4267-a670-ebb45fd92c3a-groupManagement] INFO  server.RaftServerConfigKeys (ConfUtils.java:logGet(46)) - raft.server.snapshot.retention.file.num = 5 (custom)
2024-02-06 10:04:18,321 [38b4019c-56e2-4267-a670-ebb45fd92c3a-groupManagement] INFO  server.RaftServerConfigKeys (ConfUtils.java:logGet(46)) - raft.server.log.purge.upto.snapshot.index = false (default)
2024-02-06 10:04:18,321 [38b4019c-56e2-4267-a670-ebb45fd92c3a-PipelineCommandHandlerThread-0] INFO  ratis.XceiverServerRatis (XceiverServerRatis.java:addGroup(864)) - Created group PipelineID=c267edef-c92f-4ee0-bf31-b722671dd948
2024-02-06 10:04:18,321 [38b4019c-56e2-4267-a670-ebb45fd92c3a-PipelineCommandHandlerThread-0] INFO  commandhandler.CreatePipelineCommandHandler (CreatePipelineCommandHandler.java:lambda$handle$2(124)) - Created Pipeline RATIS ONE PipelineID=c267edef-c92f-4ee0-bf31-b722671dd948.
2024-02-06 10:04:18,394 [087ade3f-e43d-4c8d-bb26-e39bc6489068-PipelineCommandHandlerThread-0] INFO  server.RaftServer (RaftServerProxy.java:addNew(100)) - 087ade3f-e43d-4c8d-bb26-e39bc6489068: addNew group-5BAE82D49BED:[087ade3f-e43d-4c8d-bb26-e39bc6489068|10.1.0.5:15388] returns group-5BAE82D49BED:java.util.concurrent.CompletableFuture@78cfa8ec[Not completed]
2024-02-06 10:04:18,394 [087ade3f-e43d-4c8d-bb26-e39bc6489068-groupManagement] INFO  server.RaftServer$Division (RaftServerImpl.java:<init>(256)) - 087ade3f-e43d-4c8d-bb26-e39bc6489068: new RaftServerImpl for group-5BAE82D49BED:[087ade3f-e43d-4c8d-bb26-e39bc6489068|10.1.0.5:15388] with ContainerStateMachine:uninitialized
2024-02-06 10:04:18,395 [087ade3f-e43d-4c8d-bb26-e39bc6489068-groupManagement] INFO  server.RaftServerConfigKeys (ConfUtils.java:logGet(46)) - raft.server.rpc.timeout.min = 5s (custom)
2024-02-06 10:04:18,395 [087ade3f-e43d-4c8d-bb26-e39bc6489068-groupManagement] INFO  server.RaftServerConfigKeys (ConfUtils.java:logGet(46)) - raft.server.rpc.timeout.max = 5200ms (custom)
2024-02-06 10:04:18,395 [087ade3f-e43d-4c8d-bb26-e39bc6489068-groupManagement] INFO  server.RaftServerConfigKeys (ConfUtils.java:logGet(46)) - raft.server.rpc.sleep.time = 25ms (default)
2024-02-06 10:04:18,395 [087ade3f-e43d-4c8d-bb26-e39bc6489068-groupManagement] INFO  server.RaftServerConfigKeys (ConfUtils.java:logGet(46)) - raft.server.rpc.slowness.timeout = 300000ms (custom)
2024-02-06 10:04:18,395 [087ade3f-e43d-4c8d-bb26-e39bc6489068-groupManagement] INFO  server.RaftServerConfigKeys (ConfUtils.java:logGet(46)) - raft.server.leaderelection.leader.step-down.wait-time = 10s (default)
2024-02-06 10:04:18,395 [087ade3f-e43d-4c8d-bb26-e39bc6489068-groupManagement] INFO  server.RaftServerConfigKeys (ConfUtils.java:logGet(46)) - raft.server.leaderelection.member.majority-add = false (default)
2024-02-06 10:04:18,395 [087ade3f-e43d-4c8d-bb26-e39bc6489068-groupManagement] INFO  server.RaftServerConfigKeys (ConfUtils.java:logGet(46)) - raft.server.sleep.deviation.threshold = 300ms (default)
2024-02-06 10:04:18,395 [087ade3f-e43d-4c8d-bb26-e39bc6489068-groupManagement] INFO  server.RaftServer$Division (ServerState.java:<init>(113)) - 087ade3f-e43d-4c8d-bb26-e39bc6489068@group-5BAE82D49BED: ConfigurationManager, init=-1: peers:[087ade3f-e43d-4c8d-bb26-e39bc6489068|10.1.0.5:15388]|listeners:[], old=null, confs=<EMPTY_MAP>
2024-02-06 10:04:18,395 [087ade3f-e43d-4c8d-bb26-e39bc6489068-groupManagement] INFO  server.RaftServerConfigKeys (ConfUtils.java:logGet(46)) - raft.server.notification.no-leader.timeout = 300000ms (custom)
2024-02-06 10:04:18,395 [087ade3f-e43d-4c8d-bb26-e39bc6489068-groupManagement] INFO  server.RaftServerConfigKeys (ConfUtils.java:logGet(46)) - raft.server.read.timeout = 10s (default)
2024-02-06 10:04:18,395 [087ade3f-e43d-4c8d-bb26-e39bc6489068-groupManagement] INFO  server.RaftServerConfigKeys (ConfUtils.java:logGet(46)) - raft.server.retrycache.expirytime = 600000ms (custom)
2024-02-06 10:04:18,395 [087ade3f-e43d-4c8d-bb26-e39bc6489068-groupManagement] INFO  server.RaftServerConfigKeys (ConfUtils.java:logGet(46)) - raft.server.retrycache.statistics.expirytime = 100ms (default)
2024-02-06 10:04:18,395 [087ade3f-e43d-4c8d-bb26-e39bc6489068-groupManagement] INFO  server.RaftServerConfigKeys (ConfUtils.java:logGet(46)) - raft.server.read.option = DEFAULT (default)
2024-02-06 10:04:18,395 [087ade3f-e43d-4c8d-bb26-e39bc6489068-groupManagement] INFO  server.RaftServerConfigKeys (ConfUtils.java:logGet(46)) - raft.server.read.read-after-write-consistent.write-index-cache.expiry-time = 60s (default)
2024-02-06 10:04:18,397 [087ade3f-e43d-4c8d-bb26-e39bc6489068-groupManagement] INFO  server.RaftServerConfigKeys (ConfUtils.java:logGet(46)) - raft.server.rpc.request.timeout = 3000ms (default)
2024-02-06 10:04:18,397 [087ade3f-e43d-4c8d-bb26-e39bc6489068-groupManagement] INFO  server.RaftServerConfigKeys (ConfUtils.java:logGet(46)) - raft.server.log.appender.install.snapshot.enabled = false (custom)
2024-02-06 10:04:18,397 [087ade3f-e43d-4c8d-bb26-e39bc6489068-groupManagement] INFO  server.RaftServerConfigKeys (ConfUtils.java:logGet(46)) - raft.server.threadpool.server.cached = true (default)
2024-02-06 10:04:18,397 [087ade3f-e43d-4c8d-bb26-e39bc6489068-groupManagement] INFO  server.RaftServerConfigKeys (ConfUtils.java:logGet(46)) - raft.server.threadpool.server.size = 0 (default)
2024-02-06 10:04:18,397 [087ade3f-e43d-4c8d-bb26-e39bc6489068-groupManagement] INFO  server.RaftServerConfigKeys (ConfUtils.java:logGet(46)) - raft.server.threadpool.client.cached = true (default)
2024-02-06 10:04:18,397 [087ade3f-e43d-4c8d-bb26-e39bc6489068-groupManagement] INFO  server.RaftServerConfigKeys (ConfUtils.java:logGet(46)) - raft.server.threadpool.client.size = 0 (default)
2024-02-06 10:04:18,397 [087ade3f-e43d-4c8d-bb26-e39bc6489068-groupManagement] INFO  server.RaftServerConfigKeys (ConfUtils.java:logGet(46)) - raft.server.storage.free-space.min = 0MB (=0) (default)
2024-02-06 10:04:18,397 [087ade3f-e43d-4c8d-bb26-e39bc6489068-groupManagement] INFO  server.RaftServerConfigKeys (ConfUtils.java:logGet(46)) - raft.server.log.corruption.policy = EXCEPTION (default)
2024-02-06 10:04:18,397 [087ade3f-e43d-4c8d-bb26-e39bc6489068-groupManagement] INFO  server.RaftServerConfigKeys (ConfUtils.java:logGet(46)) - raft.server.storage.dir = [/home/runner/work/ozone/ozone/hadoop-ozone/integration-test/target/test-dir/MiniOzoneClusterImpl-0ae4c21d-b8eb-4e36-9639-963ec8fb7de7/datanode-2/data/ratis] (custom)
2024-02-06 10:04:18,397 [087ade3f-e43d-4c8d-bb26-e39bc6489068-groupManagement] INFO  storage.RaftStorageDirectory (RaftStorageDirectoryImpl.java:analyzeStorage(138)) - The storage directory /home/runner/work/ozone/ozone/hadoop-ozone/integration-test/target/test-dir/MiniOzoneClusterImpl-0ae4c21d-b8eb-4e36-9639-963ec8fb7de7/datanode-2/data/ratis/ec540fe2-78df-400f-b8ff-5bae82d49bed does not exist. Creating ...
2024-02-06 10:04:18,398 [087ade3f-e43d-4c8d-bb26-e39bc6489068-groupManagement] INFO  storage.RaftStorageDirectory (RaftStorageDirectoryImpl.java:tryLock(228)) - Lock on /home/runner/work/ozone/ozone/hadoop-ozone/integration-test/target/test-dir/MiniOzoneClusterImpl-0ae4c21d-b8eb-4e36-9639-963ec8fb7de7/datanode-2/data/ratis/ec540fe2-78df-400f-b8ff-5bae82d49bed/in_use.lock acquired by nodename 37157@fv-az776-296
2024-02-06 10:04:18,399 [087ade3f-e43d-4c8d-bb26-e39bc6489068-groupManagement] INFO  storage.RaftStorage (RaftStorageImpl.java:format(99)) - Storage directory /home/runner/work/ozone/ozone/hadoop-ozone/integration-test/target/test-dir/MiniOzoneClusterImpl-0ae4c21d-b8eb-4e36-9639-963ec8fb7de7/datanode-2/data/ratis/ec540fe2-78df-400f-b8ff-5bae82d49bed has been successfully formatted.
2024-02-06 10:04:18,399 [087ade3f-e43d-4c8d-bb26-e39bc6489068-groupManagement] WARN  util.FileUtils (LogUtils.java:supplyAndLog(63)) - Failed to Files.newInputStream /home/runner/work/ozone/ozone/hadoop-ozone/integration-test/target/test-dir/MiniOzoneClusterImpl-0ae4c21d-b8eb-4e36-9639-963ec8fb7de7/datanode-2/data/ratis/ec540fe2-78df-400f-b8ff-5bae82d49bed/current/raft-meta.conf with options []: java.nio.file.NoSuchFileException: /home/runner/work/ozone/ozone/hadoop-ozone/integration-test/target/test-dir/MiniOzoneClusterImpl-0ae4c21d-b8eb-4e36-9639-963ec8fb7de7/datanode-2/data/ratis/ec540fe2-78df-400f-b8ff-5bae82d49bed/current/raft-meta.conf
2024-02-06 10:04:18,399 [087ade3f-e43d-4c8d-bb26-e39bc6489068-groupManagement] INFO  ratis.ContainerStateMachine (ContainerStateMachine.java:loadSnapshot(287)) - group-5BAE82D49BED: The snapshot info is null. Setting the last applied index to:(t:0, i:~)
2024-02-06 10:04:18,399 [087ade3f-e43d-4c8d-bb26-e39bc6489068-groupManagement] INFO  server.RaftServerConfigKeys (ConfUtils.java:logGet(46)) - raft.server.log.use.memory = false (default)
2024-02-06 10:04:18,400 [087ade3f-e43d-4c8d-bb26-e39bc6489068-groupManagement] INFO  server.RaftServerConfigKeys (ConfUtils.java:logGet(46)) - raft.server.log.purge.gap = 1000000 (custom)
2024-02-06 10:04:18,400 [087ade3f-e43d-4c8d-bb26-e39bc6489068-groupManagement] INFO  server.RaftServerConfigKeys (ConfUtils.java:logGet(46)) - raft.server.log.appender.buffer.byte-limit = 8388608 (custom)
2024-02-06 10:04:18,400 [087ade3f-e43d-4c8d-bb26-e39bc6489068-groupManagement] INFO  server.RaftServerConfigKeys (ConfUtils.java:logGet(46)) - raft.server.log.statemachine.data.read.timeout = 1000ms (default)
2024-02-06 10:04:18,400 [087ade3f-e43d-4c8d-bb26-e39bc6489068-groupManagement] INFO  server.RaftServerConfigKeys (ConfUtils.java:logGet(46)) - raft.server.log.purge.preservation.log.num = 0 (default)
2024-02-06 10:04:18,400 [EventQueue-PipelineReportForPipelineReportHandler] INFO  pipeline.PipelineReportHandler (PipelineReportHandler.java:processPipelineReport(136)) - Opened pipeline PipelineID=ec540fe2-78df-400f-b8ff-5bae82d49bed
2024-02-06 10:04:18,401 [EventQueue-OpenPipelineForHealthyPipelineSafeModeRule] INFO  safemode.SCMSafeModeManager (HealthyPipelineSafeModeRule.java:process(140)) - SCM in safe mode. Healthy pipelines reported count is 0, required healthy pipeline reported count is 1
2024-02-06 10:04:18,401 [087ade3f-e43d-4c8d-bb26-e39bc6489068-groupManagement] INFO  server.RaftServerConfigKeys (ConfUtils.java:logGet(46)) - raft.server.log.segment.size.max = 67108864 (custom)
2024-02-06 10:04:18,401 [087ade3f-e43d-4c8d-bb26-e39bc6489068-groupManagement] INFO  server.RaftServerConfigKeys (ConfUtils.java:logGet(46)) - raft.server.log.segment.cache.num.max = 2 (custom)
2024-02-06 10:04:18,401 [087ade3f-e43d-4c8d-bb26-e39bc6489068-groupManagement] INFO  server.RaftServerConfigKeys (ConfUtils.java:logGet(46)) - raft.server.log.segment.cache.size.max = 200MB (=209715200) (default)
2024-02-06 10:04:18,401 [087ade3f-e43d-4c8d-bb26-e39bc6489068-groupManagement] INFO  server.RaftServerConfigKeys (ConfUtils.java:logGet(46)) - raft.server.log.appender.buffer.byte-limit = 8388608 (custom)
2024-02-06 10:04:18,401 [087ade3f-e43d-4c8d-bb26-e39bc6489068-groupManagement] INFO  util.AwaitToRun (AwaitToRun.java:start(81)) - Thread[087ade3f-e43d-4c8d-bb26-e39bc6489068@group-5BAE82D49BED-cacheEviction-AwaitToRun,5,main] started
2024-02-06 10:04:18,401 [087ade3f-e43d-4c8d-bb26-e39bc6489068-groupManagement] INFO  segmented.SegmentedRaftLogWorker (SegmentedRaftLogWorker.java:<init>(182)) - new 087ade3f-e43d-4c8d-bb26-e39bc6489068@group-5BAE82D49BED-SegmentedRaftLogWorker for RaftStorageImpl:Storage Directory /home/runner/work/ozone/ozone/hadoop-ozone/integration-test/target/test-dir/MiniOzoneClusterImpl-0ae4c21d-b8eb-4e36-9639-963ec8fb7de7/datanode-2/data/ratis/ec540fe2-78df-400f-b8ff-5bae82d49bed
2024-02-06 10:04:18,401 [087ade3f-e43d-4c8d-bb26-e39bc6489068-groupManagement] INFO  server.RaftServerConfigKeys (ConfUtils.java:logGet(46)) - raft.server.log.queue.byte-limit = 4294967296 (custom)
2024-02-06 10:04:18,401 [087ade3f-e43d-4c8d-bb26-e39bc6489068-groupManagement] INFO  server.RaftServerConfigKeys (ConfUtils.java:logGet(46)) - raft.server.log.queue.element-limit = 1024 (custom)
2024-02-06 10:04:18,401 [087ade3f-e43d-4c8d-bb26-e39bc6489068-groupManagement] INFO  server.RaftServerConfigKeys (ConfUtils.java:logGet(46)) - raft.server.log.segment.size.max = 67108864 (custom)
2024-02-06 10:04:18,402 [087ade3f-e43d-4c8d-bb26-e39bc6489068-groupManagement] INFO  server.RaftServerConfigKeys (ConfUtils.java:logGet(46)) - raft.server.log.preallocated.size = 4194304 (custom)
2024-02-06 10:04:18,402 [087ade3f-e43d-4c8d-bb26-e39bc6489068-groupManagement] INFO  server.RaftServerConfigKeys (ConfUtils.java:logGet(46)) - raft.server.log.force.sync.num = 128 (default)
2024-02-06 10:04:18,402 [087ade3f-e43d-4c8d-bb26-e39bc6489068-groupManagement] INFO  server.RaftServerConfigKeys (ConfUtils.java:logGet(46)) - raft.server.log.statemachine.data.sync = true (default)
2024-02-06 10:04:18,402 [087ade3f-e43d-4c8d-bb26-e39bc6489068-groupManagement] INFO  server.RaftServerConfigKeys (ConfUtils.java:logGet(46)) - raft.server.log.statemachine.data.sync.timeout = 10s (default)
2024-02-06 10:04:18,402 [087ade3f-e43d-4c8d-bb26-e39bc6489068-groupManagement] INFO  server.RaftServerConfigKeys (ConfUtils.java:logGet(46)) - raft.server.log.statemachine.data.sync.timeout.retry = 0 (custom)
2024-02-06 10:04:18,402 [087ade3f-e43d-4c8d-bb26-e39bc6489068-groupManagement] INFO  server.RaftServerConfigKeys (ConfUtils.java:logGet(46)) - raft.server.log.write.buffer.size = 8388616 (custom)
2024-02-06 10:04:18,403 [087ade3f-e43d-4c8d-bb26-e39bc6489068-groupManagement] INFO  server.RaftServerConfigKeys (ConfUtils.java:logGet(46)) - raft.server.log.appender.buffer.byte-limit = 8388608 (custom)
2024-02-06 10:04:18,403 [087ade3f-e43d-4c8d-bb26-e39bc6489068-groupManagement] INFO  server.RaftServerConfigKeys (ConfUtils.java:logGet(46)) - raft.server.log.unsafe-flush.enabled = false (default)
2024-02-06 10:04:18,403 [087ade3f-e43d-4c8d-bb26-e39bc6489068-groupManagement] INFO  server.RaftServerConfigKeys (ConfUtils.java:logGet(46)) - raft.server.log.async-flush.enabled = false (default)
2024-02-06 10:04:18,403 [087ade3f-e43d-4c8d-bb26-e39bc6489068-groupManagement] INFO  server.RaftServerConfigKeys (ConfUtils.java:logGet(46)) - raft.server.log.statemachine.data.caching.enabled = true (custom)
2024-02-06 10:04:18,403 [087ade3f-e43d-4c8d-bb26-e39bc6489068-groupManagement] INFO  segmented.SegmentedRaftLogWorker (SegmentedRaftLogWorker.java:lambda$new$0(134)) - 087ade3f-e43d-4c8d-bb26-e39bc6489068@group-5BAE82D49BED-SegmentedRaftLogWorker: flushIndex: setUnconditionally 0 -> -1
2024-02-06 10:04:18,403 [087ade3f-e43d-4c8d-bb26-e39bc6489068-groupManagement] INFO  segmented.SegmentedRaftLogWorker (SegmentedRaftLogWorker.java:lambda$new$0(134)) - 087ade3f-e43d-4c8d-bb26-e39bc6489068@group-5BAE82D49BED-SegmentedRaftLogWorker: safeCacheEvictIndex: setUnconditionally 0 -> -1
2024-02-06 10:04:18,403 [087ade3f-e43d-4c8d-bb26-e39bc6489068-groupManagement] INFO  server.RaftServer$Division (RaftServerImpl.java:start(396)) - 087ade3f-e43d-4c8d-bb26-e39bc6489068@group-5BAE82D49BED: start as a follower, conf=-1: peers:[087ade3f-e43d-4c8d-bb26-e39bc6489068|10.1.0.5:15388]|listeners:[], old=null
2024-02-06 10:04:18,403 [087ade3f-e43d-4c8d-bb26-e39bc6489068-groupManagement] INFO  server.RaftServer$Division (RaftServerImpl.java:setRole(383)) - 087ade3f-e43d-4c8d-bb26-e39bc6489068@group-5BAE82D49BED: changes role from      null to FOLLOWER at term 0 for startAsFollower
2024-02-06 10:04:18,403 [087ade3f-e43d-4c8d-bb26-e39bc6489068-groupManagement] INFO  impl.RoleInfo (RoleInfo.java:updateAndGet(139)) - 087ade3f-e43d-4c8d-bb26-e39bc6489068: start 087ade3f-e43d-4c8d-bb26-e39bc6489068@group-5BAE82D49BED-FollowerState
2024-02-06 10:04:18,404 [087ade3f-e43d-4c8d-bb26-e39bc6489068-groupManagement] INFO  util.JmxRegister (JmxRegister.java:tryRegister(44)) - Successfully registered JMX Bean with object name Ratis:service=RaftServer,group=group-5BAE82D49BED,id=087ade3f-e43d-4c8d-bb26-e39bc6489068
2024-02-06 10:04:18,404 [087ade3f-e43d-4c8d-bb26-e39bc6489068@group-5BAE82D49BED-FollowerState] INFO  server.RaftServerConfigKeys (ConfUtils.java:logFallback(53)) - raft.server.rpc.first-election.timeout.min = 5s (fallback to raft.server.rpc.timeout.min)
2024-02-06 10:04:18,404 [087ade3f-e43d-4c8d-bb26-e39bc6489068-groupManagement] INFO  server.RaftServerConfigKeys (ConfUtils.java:logGet(46)) - raft.server.snapshot.trigger-when-stop.enabled = true (default)
2024-02-06 10:04:18,404 [087ade3f-e43d-4c8d-bb26-e39bc6489068@group-5BAE82D49BED-FollowerState] INFO  server.RaftServerConfigKeys (ConfUtils.java:logFallback(53)) - raft.server.rpc.first-election.timeout.max = 5200ms (fallback to raft.server.rpc.timeout.max)
2024-02-06 10:04:18,404 [087ade3f-e43d-4c8d-bb26-e39bc6489068-groupManagement] INFO  server.RaftServerConfigKeys (ConfUtils.java:logGet(46)) - raft.server.snapshot.auto.trigger.enabled = true (custom)
2024-02-06 10:04:18,404 [087ade3f-e43d-4c8d-bb26-e39bc6489068-groupManagement] INFO  server.RaftServerConfigKeys (ConfUtils.java:logGet(46)) - raft.server.snapshot.auto.trigger.threshold = 10000 (custom)
2024-02-06 10:04:18,404 [087ade3f-e43d-4c8d-bb26-e39bc6489068-groupManagement] INFO  server.RaftServerConfigKeys (ConfUtils.java:logGet(46)) - raft.server.snapshot.retention.file.num = 5 (custom)
2024-02-06 10:04:18,404 [087ade3f-e43d-4c8d-bb26-e39bc6489068-groupManagement] INFO  server.RaftServerConfigKeys (ConfUtils.java:logGet(46)) - raft.server.log.purge.upto.snapshot.index = false (default)
2024-02-06 10:04:18,404 [087ade3f-e43d-4c8d-bb26-e39bc6489068-PipelineCommandHandlerThread-0] INFO  ratis.XceiverServerRatis (XceiverServerRatis.java:addGroup(864)) - Created group PipelineID=ec540fe2-78df-400f-b8ff-5bae82d49bed
2024-02-06 10:04:18,404 [087ade3f-e43d-4c8d-bb26-e39bc6489068-PipelineCommandHandlerThread-0] INFO  commandhandler.CreatePipelineCommandHandler (CreatePipelineCommandHandler.java:lambda$handle$2(124)) - Created Pipeline RATIS ONE PipelineID=ec540fe2-78df-400f-b8ff-5bae82d49bed.
2024-02-06 10:04:18,485 [b79ed0a0-6c36-4ab9-80cb-79cc2b7dd541-PipelineCommandHandlerThread-0] INFO  server.RaftServer (RaftServerProxy.java:addNew(100)) - b79ed0a0-6c36-4ab9-80cb-79cc2b7dd541: addNew group-233509287903:[b79ed0a0-6c36-4ab9-80cb-79cc2b7dd541|10.1.0.5:15397] returns group-233509287903:java.util.concurrent.CompletableFuture@75d224ec[Not completed]
2024-02-06 10:04:18,486 [b79ed0a0-6c36-4ab9-80cb-79cc2b7dd541-groupManagement] INFO  server.RaftServer$Division (RaftServerImpl.java:<init>(256)) - b79ed0a0-6c36-4ab9-80cb-79cc2b7dd541: new RaftServerImpl for group-233509287903:[b79ed0a0-6c36-4ab9-80cb-79cc2b7dd541|10.1.0.5:15397] with ContainerStateMachine:uninitialized
2024-02-06 10:04:18,486 [b79ed0a0-6c36-4ab9-80cb-79cc2b7dd541-groupManagement] INFO  server.RaftServerConfigKeys (ConfUtils.java:logGet(46)) - raft.server.rpc.timeout.min = 5s (custom)
2024-02-06 10:04:18,486 [b79ed0a0-6c36-4ab9-80cb-79cc2b7dd541-groupManagement] INFO  server.RaftServerConfigKeys (ConfUtils.java:logGet(46)) - raft.server.rpc.timeout.max = 5200ms (custom)
2024-02-06 10:04:18,486 [b79ed0a0-6c36-4ab9-80cb-79cc2b7dd541-groupManagement] INFO  server.RaftServerConfigKeys (ConfUtils.java:logGet(46)) - raft.server.rpc.sleep.time = 25ms (default)
2024-02-06 10:04:18,486 [b79ed0a0-6c36-4ab9-80cb-79cc2b7dd541-groupManagement] INFO  server.RaftServerConfigKeys (ConfUtils.java:logGet(46)) - raft.server.rpc.slowness.timeout = 300000ms (custom)
2024-02-06 10:04:18,486 [b79ed0a0-6c36-4ab9-80cb-79cc2b7dd541-groupManagement] INFO  server.RaftServerConfigKeys (ConfUtils.java:logGet(46)) - raft.server.leaderelection.leader.step-down.wait-time = 10s (default)
2024-02-06 10:04:18,486 [b79ed0a0-6c36-4ab9-80cb-79cc2b7dd541-groupManagement] INFO  server.RaftServerConfigKeys (ConfUtils.java:logGet(46)) - raft.server.leaderelection.member.majority-add = false (default)
2024-02-06 10:04:18,486 [b79ed0a0-6c36-4ab9-80cb-79cc2b7dd541-groupManagement] INFO  server.RaftServerConfigKeys (ConfUtils.java:logGet(46)) - raft.server.sleep.deviation.threshold = 300ms (default)
2024-02-06 10:04:18,486 [b79ed0a0-6c36-4ab9-80cb-79cc2b7dd541-groupManagement] INFO  server.RaftServer$Division (ServerState.java:<init>(113)) - b79ed0a0-6c36-4ab9-80cb-79cc2b7dd541@group-233509287903: ConfigurationManager, init=-1: peers:[b79ed0a0-6c36-4ab9-80cb-79cc2b7dd541|10.1.0.5:15397]|listeners:[], old=null, confs=<EMPTY_MAP>
2024-02-06 10:04:18,486 [b79ed0a0-6c36-4ab9-80cb-79cc2b7dd541-groupManagement] INFO  server.RaftServerConfigKeys (ConfUtils.java:logGet(46)) - raft.server.notification.no-leader.timeout = 300000ms (custom)
2024-02-06 10:04:18,486 [b79ed0a0-6c36-4ab9-80cb-79cc2b7dd541-groupManagement] INFO  server.RaftServerConfigKeys (ConfUtils.java:logGet(46)) - raft.server.read.timeout = 10s (default)
2024-02-06 10:04:18,486 [b79ed0a0-6c36-4ab9-80cb-79cc2b7dd541-groupManagement] INFO  server.RaftServerConfigKeys (ConfUtils.java:logGet(46)) - raft.server.retrycache.expirytime = 600000ms (custom)
2024-02-06 10:04:18,486 [b79ed0a0-6c36-4ab9-80cb-79cc2b7dd541-groupManagement] INFO  server.RaftServerConfigKeys (ConfUtils.java:logGet(46)) - raft.server.retrycache.statistics.expirytime = 100ms (default)
2024-02-06 10:04:18,486 [b79ed0a0-6c36-4ab9-80cb-79cc2b7dd541-groupManagement] INFO  server.RaftServerConfigKeys (ConfUtils.java:logGet(46)) - raft.server.read.option = DEFAULT (default)
2024-02-06 10:04:18,486 [b79ed0a0-6c36-4ab9-80cb-79cc2b7dd541-groupManagement] INFO  server.RaftServerConfigKeys (ConfUtils.java:logGet(46)) - raft.server.read.read-after-write-consistent.write-index-cache.expiry-time = 60s (default)
2024-02-06 10:04:18,489 [b79ed0a0-6c36-4ab9-80cb-79cc2b7dd541-groupManagement] INFO  server.RaftServerConfigKeys (ConfUtils.java:logGet(46)) - raft.server.rpc.request.timeout = 3000ms (default)
2024-02-06 10:04:18,489 [b79ed0a0-6c36-4ab9-80cb-79cc2b7dd541-groupManagement] INFO  server.RaftServerConfigKeys (ConfUtils.java:logGet(46)) - raft.server.log.appender.install.snapshot.enabled = false (custom)
2024-02-06 10:04:18,489 [b79ed0a0-6c36-4ab9-80cb-79cc2b7dd541-groupManagement] INFO  server.RaftServerConfigKeys (ConfUtils.java:logGet(46)) - raft.server.threadpool.server.cached = true (default)
2024-02-06 10:04:18,489 [b79ed0a0-6c36-4ab9-80cb-79cc2b7dd541-groupManagement] INFO  server.RaftServerConfigKeys (ConfUtils.java:logGet(46)) - raft.server.threadpool.server.size = 0 (default)
2024-02-06 10:04:18,489 [b79ed0a0-6c36-4ab9-80cb-79cc2b7dd541-groupManagement] INFO  server.RaftServerConfigKeys (ConfUtils.java:logGet(46)) - raft.server.threadpool.client.cached = true (default)
2024-02-06 10:04:18,489 [b79ed0a0-6c36-4ab9-80cb-79cc2b7dd541-groupManagement] INFO  server.RaftServerConfigKeys (ConfUtils.java:logGet(46)) - raft.server.threadpool.client.size = 0 (default)
2024-02-06 10:04:18,489 [b79ed0a0-6c36-4ab9-80cb-79cc2b7dd541-groupManagement] INFO  server.RaftServerConfigKeys (ConfUtils.java:logGet(46)) - raft.server.storage.free-space.min = 0MB (=0) (default)
2024-02-06 10:04:18,489 [b79ed0a0-6c36-4ab9-80cb-79cc2b7dd541-groupManagement] INFO  server.RaftServerConfigKeys (ConfUtils.java:logGet(46)) - raft.server.log.corruption.policy = EXCEPTION (default)
2024-02-06 10:04:18,489 [b79ed0a0-6c36-4ab9-80cb-79cc2b7dd541-groupManagement] INFO  server.RaftServerConfigKeys (ConfUtils.java:logGet(46)) - raft.server.storage.dir = [/home/runner/work/ozone/ozone/hadoop-ozone/integration-test/target/test-dir/MiniOzoneClusterImpl-0ae4c21d-b8eb-4e36-9639-963ec8fb7de7/datanode-3/data/ratis] (custom)
2024-02-06 10:04:18,490 [b79ed0a0-6c36-4ab9-80cb-79cc2b7dd541-groupManagement] INFO  storage.RaftStorageDirectory (RaftStorageDirectoryImpl.java:analyzeStorage(138)) - The storage directory /home/runner/work/ozone/ozone/hadoop-ozone/integration-test/target/test-dir/MiniOzoneClusterImpl-0ae4c21d-b8eb-4e36-9639-963ec8fb7de7/datanode-3/data/ratis/ccf1b010-1b08-41eb-aa39-233509287903 does not exist. Creating ...
2024-02-06 10:04:18,491 [b79ed0a0-6c36-4ab9-80cb-79cc2b7dd541-groupManagement] INFO  storage.RaftStorageDirectory (RaftStorageDirectoryImpl.java:tryLock(228)) - Lock on /home/runner/work/ozone/ozone/hadoop-ozone/integration-test/target/test-dir/MiniOzoneClusterImpl-0ae4c21d-b8eb-4e36-9639-963ec8fb7de7/datanode-3/data/ratis/ccf1b010-1b08-41eb-aa39-233509287903/in_use.lock acquired by nodename 37157@fv-az776-296
2024-02-06 10:04:18,491 [b79ed0a0-6c36-4ab9-80cb-79cc2b7dd541-groupManagement] INFO  storage.RaftStorage (RaftStorageImpl.java:format(99)) - Storage directory /home/runner/work/ozone/ozone/hadoop-ozone/integration-test/target/test-dir/MiniOzoneClusterImpl-0ae4c21d-b8eb-4e36-9639-963ec8fb7de7/datanode-3/data/ratis/ccf1b010-1b08-41eb-aa39-233509287903 has been successfully formatted.
2024-02-06 10:04:18,492 [b79ed0a0-6c36-4ab9-80cb-79cc2b7dd541-groupManagement] WARN  util.FileUtils (LogUtils.java:supplyAndLog(63)) - Failed to Files.newInputStream /home/runner/work/ozone/ozone/hadoop-ozone/integration-test/target/test-dir/MiniOzoneClusterImpl-0ae4c21d-b8eb-4e36-9639-963ec8fb7de7/datanode-3/data/ratis/ccf1b010-1b08-41eb-aa39-233509287903/current/raft-meta.conf with options []: java.nio.file.NoSuchFileException: /home/runner/work/ozone/ozone/hadoop-ozone/integration-test/target/test-dir/MiniOzoneClusterImpl-0ae4c21d-b8eb-4e36-9639-963ec8fb7de7/datanode-3/data/ratis/ccf1b010-1b08-41eb-aa39-233509287903/current/raft-meta.conf
2024-02-06 10:04:18,493 [b79ed0a0-6c36-4ab9-80cb-79cc2b7dd541-groupManagement] INFO  ratis.ContainerStateMachine (ContainerStateMachine.java:loadSnapshot(287)) - group-233509287903: The snapshot info is null. Setting the last applied index to:(t:0, i:~)
2024-02-06 10:04:18,493 [b79ed0a0-6c36-4ab9-80cb-79cc2b7dd541-groupManagement] INFO  server.RaftServerConfigKeys (ConfUtils.java:logGet(46)) - raft.server.log.use.memory = false (default)
2024-02-06 10:04:18,493 [b79ed0a0-6c36-4ab9-80cb-79cc2b7dd541-groupManagement] INFO  server.RaftServerConfigKeys (ConfUtils.java:logGet(46)) - raft.server.log.purge.gap = 1000000 (custom)
2024-02-06 10:04:18,493 [b79ed0a0-6c36-4ab9-80cb-79cc2b7dd541-groupManagement] INFO  server.RaftServerConfigKeys (ConfUtils.java:logGet(46)) - raft.server.log.appender.buffer.byte-limit = 8388608 (custom)
2024-02-06 10:04:18,493 [b79ed0a0-6c36-4ab9-80cb-79cc2b7dd541-groupManagement] INFO  server.RaftServerConfigKeys (ConfUtils.java:logGet(46)) - raft.server.log.statemachine.data.read.timeout = 1000ms (default)
2024-02-06 10:04:18,493 [b79ed0a0-6c36-4ab9-80cb-79cc2b7dd541-groupManagement] INFO  server.RaftServerConfigKeys (ConfUtils.java:logGet(46)) - raft.server.log.purge.preservation.log.num = 0 (default)
2024-02-06 10:04:18,494 [EventQueue-PipelineReportForPipelineReportHandler] INFO  pipeline.PipelineReportHandler (PipelineReportHandler.java:processPipelineReport(136)) - Opened pipeline PipelineID=ccf1b010-1b08-41eb-aa39-233509287903
2024-02-06 10:04:18,494 [EventQueue-OpenPipelineForHealthyPipelineSafeModeRule] INFO  safemode.SCMSafeModeManager (HealthyPipelineSafeModeRule.java:process(140)) - SCM in safe mode. Healthy pipelines reported count is 0, required healthy pipeline reported count is 1
2024-02-06 10:04:18,495 [b79ed0a0-6c36-4ab9-80cb-79cc2b7dd541-groupManagement] INFO  server.RaftServerConfigKeys (ConfUtils.java:logGet(46)) - raft.server.log.segment.size.max = 67108864 (custom)
2024-02-06 10:04:18,495 [b79ed0a0-6c36-4ab9-80cb-79cc2b7dd541-groupManagement] INFO  server.RaftServerConfigKeys (ConfUtils.java:logGet(46)) - raft.server.log.segment.cache.num.max = 2 (custom)
2024-02-06 10:04:18,495 [b79ed0a0-6c36-4ab9-80cb-79cc2b7dd541-groupManagement] INFO  server.RaftServerConfigKeys (ConfUtils.java:logGet(46)) - raft.server.log.segment.cache.size.max = 200MB (=209715200) (default)
2024-02-06 10:04:18,495 [b79ed0a0-6c36-4ab9-80cb-79cc2b7dd541-groupManagement] INFO  server.RaftServerConfigKeys (ConfUtils.java:logGet(46)) - raft.server.log.appender.buffer.byte-limit = 8388608 (custom)
2024-02-06 10:04:18,495 [b79ed0a0-6c36-4ab9-80cb-79cc2b7dd541-groupManagement] INFO  util.AwaitToRun (AwaitToRun.java:start(81)) - Thread[b79ed0a0-6c36-4ab9-80cb-79cc2b7dd541@group-233509287903-cacheEviction-AwaitToRun,5,main] started
2024-02-06 10:04:18,495 [b79ed0a0-6c36-4ab9-80cb-79cc2b7dd541-groupManagement] INFO  segmented.SegmentedRaftLogWorker (SegmentedRaftLogWorker.java:<init>(182)) - new b79ed0a0-6c36-4ab9-80cb-79cc2b7dd541@group-233509287903-SegmentedRaftLogWorker for RaftStorageImpl:Storage Directory /home/runner/work/ozone/ozone/hadoop-ozone/integration-test/target/test-dir/MiniOzoneClusterImpl-0ae4c21d-b8eb-4e36-9639-963ec8fb7de7/datanode-3/data/ratis/ccf1b010-1b08-41eb-aa39-233509287903
2024-02-06 10:04:18,496 [b79ed0a0-6c36-4ab9-80cb-79cc2b7dd541-groupManagement] INFO  server.RaftServerConfigKeys (ConfUtils.java:logGet(46)) - raft.server.log.queue.byte-limit = 4294967296 (custom)
2024-02-06 10:04:18,496 [b79ed0a0-6c36-4ab9-80cb-79cc2b7dd541-groupManagement] INFO  server.RaftServerConfigKeys (ConfUtils.java:logGet(46)) - raft.server.log.queue.element-limit = 1024 (custom)
2024-02-06 10:04:18,496 [b79ed0a0-6c36-4ab9-80cb-79cc2b7dd541-groupManagement] INFO  server.RaftServerConfigKeys (ConfUtils.java:logGet(46)) - raft.server.log.segment.size.max = 67108864 (custom)
2024-02-06 10:04:18,496 [b79ed0a0-6c36-4ab9-80cb-79cc2b7dd541-groupManagement] INFO  server.RaftServerConfigKeys (ConfUtils.java:logGet(46)) - raft.server.log.preallocated.size = 4194304 (custom)
2024-02-06 10:04:18,496 [b79ed0a0-6c36-4ab9-80cb-79cc2b7dd541-groupManagement] INFO  server.RaftServerConfigKeys (ConfUtils.java:logGet(46)) - raft.server.log.force.sync.num = 128 (default)
2024-02-06 10:04:18,496 [b79ed0a0-6c36-4ab9-80cb-79cc2b7dd541-groupManagement] INFO  server.RaftServerConfigKeys (ConfUtils.java:logGet(46)) - raft.server.log.statemachine.data.sync = true (default)
2024-02-06 10:04:18,496 [b79ed0a0-6c36-4ab9-80cb-79cc2b7dd541-groupManagement] INFO  server.RaftServerConfigKeys (ConfUtils.java:logGet(46)) - raft.server.log.statemachine.data.sync.timeout = 10s (default)
2024-02-06 10:04:18,496 [b79ed0a0-6c36-4ab9-80cb-79cc2b7dd541-groupManagement] INFO  server.RaftServerConfigKeys (ConfUtils.java:logGet(46)) - raft.server.log.statemachine.data.sync.timeout.retry = 0 (custom)
2024-02-06 10:04:18,496 [b79ed0a0-6c36-4ab9-80cb-79cc2b7dd541-groupManagement] INFO  server.RaftServerConfigKeys (ConfUtils.java:logGet(46)) - raft.server.log.write.buffer.size = 8388616 (custom)
2024-02-06 10:04:18,498 [b79ed0a0-6c36-4ab9-80cb-79cc2b7dd541-groupManagement] INFO  server.RaftServerConfigKeys (ConfUtils.java:logGet(46)) - raft.server.log.appender.buffer.byte-limit = 8388608 (custom)
2024-02-06 10:04:18,498 [b79ed0a0-6c36-4ab9-80cb-79cc2b7dd541-groupManagement] INFO  server.RaftServerConfigKeys (ConfUtils.java:logGet(46)) - raft.server.log.unsafe-flush.enabled = false (default)
2024-02-06 10:04:18,498 [b79ed0a0-6c36-4ab9-80cb-79cc2b7dd541-groupManagement] INFO  server.RaftServerConfigKeys (ConfUtils.java:logGet(46)) - raft.server.log.async-flush.enabled = false (default)
2024-02-06 10:04:18,498 [b79ed0a0-6c36-4ab9-80cb-79cc2b7dd541-groupManagement] INFO  server.RaftServerConfigKeys (ConfUtils.java:logGet(46)) - raft.server.log.statemachine.data.caching.enabled = true (custom)
2024-02-06 10:04:18,498 [b79ed0a0-6c36-4ab9-80cb-79cc2b7dd541-groupManagement] INFO  segmented.SegmentedRaftLogWorker (SegmentedRaftLogWorker.java:lambda$new$0(134)) - b79ed0a0-6c36-4ab9-80cb-79cc2b7dd541@group-233509287903-SegmentedRaftLogWorker: flushIndex: setUnconditionally 0 -> -1
2024-02-06 10:04:18,498 [b79ed0a0-6c36-4ab9-80cb-79cc2b7dd541-groupManagement] INFO  segmented.SegmentedRaftLogWorker (SegmentedRaftLogWorker.java:lambda$new$0(134)) - b79ed0a0-6c36-4ab9-80cb-79cc2b7dd541@group-233509287903-SegmentedRaftLogWorker: safeCacheEvictIndex: setUnconditionally 0 -> -1
2024-02-06 10:04:18,499 [b79ed0a0-6c36-4ab9-80cb-79cc2b7dd541-groupManagement] INFO  server.RaftServer$Division (RaftServerImpl.java:start(396)) - b79ed0a0-6c36-4ab9-80cb-79cc2b7dd541@group-233509287903: start as a follower, conf=-1: peers:[b79ed0a0-6c36-4ab9-80cb-79cc2b7dd541|10.1.0.5:15397]|listeners:[], old=null
2024-02-06 10:04:18,499 [b79ed0a0-6c36-4ab9-80cb-79cc2b7dd541-groupManagement] INFO  server.RaftServer$Division (RaftServerImpl.java:setRole(383)) - b79ed0a0-6c36-4ab9-80cb-79cc2b7dd541@group-233509287903: changes role from      null to FOLLOWER at term 0 for startAsFollower
2024-02-06 10:04:18,499 [b79ed0a0-6c36-4ab9-80cb-79cc2b7dd541-groupManagement] INFO  impl.RoleInfo (RoleInfo.java:updateAndGet(139)) - b79ed0a0-6c36-4ab9-80cb-79cc2b7dd541: start b79ed0a0-6c36-4ab9-80cb-79cc2b7dd541@group-233509287903-FollowerState
2024-02-06 10:04:18,499 [b79ed0a0-6c36-4ab9-80cb-79cc2b7dd541-groupManagement] INFO  util.JmxRegister (JmxRegister.java:tryRegister(44)) - Successfully registered JMX Bean with object name Ratis:service=RaftServer,group=group-233509287903,id=b79ed0a0-6c36-4ab9-80cb-79cc2b7dd541
2024-02-06 10:04:18,499 [b79ed0a0-6c36-4ab9-80cb-79cc2b7dd541-groupManagement] INFO  server.RaftServerConfigKeys (ConfUtils.java:logGet(46)) - raft.server.snapshot.trigger-when-stop.enabled = true (default)
2024-02-06 10:04:18,499 [b79ed0a0-6c36-4ab9-80cb-79cc2b7dd541-groupManagement] INFO  server.RaftServerConfigKeys (ConfUtils.java:logGet(46)) - raft.server.snapshot.auto.trigger.enabled = true (custom)
2024-02-06 10:04:18,499 [b79ed0a0-6c36-4ab9-80cb-79cc2b7dd541-groupManagement] INFO  server.RaftServerConfigKeys (ConfUtils.java:logGet(46)) - raft.server.snapshot.auto.trigger.threshold = 10000 (custom)
2024-02-06 10:04:18,499 [b79ed0a0-6c36-4ab9-80cb-79cc2b7dd541-groupManagement] INFO  server.RaftServerConfigKeys (ConfUtils.java:logGet(46)) - raft.server.snapshot.retention.file.num = 5 (custom)
2024-02-06 10:04:18,499 [b79ed0a0-6c36-4ab9-80cb-79cc2b7dd541-groupManagement] INFO  server.RaftServerConfigKeys (ConfUtils.java:logGet(46)) - raft.server.log.purge.upto.snapshot.index = false (default)
2024-02-06 10:04:18,500 [b79ed0a0-6c36-4ab9-80cb-79cc2b7dd541@group-233509287903-FollowerState] INFO  server.RaftServerConfigKeys (ConfUtils.java:logFallback(53)) - raft.server.rpc.first-election.timeout.min = 5s (fallback to raft.server.rpc.timeout.min)
2024-02-06 10:04:18,500 [b79ed0a0-6c36-4ab9-80cb-79cc2b7dd541@group-233509287903-FollowerState] INFO  server.RaftServerConfigKeys (ConfUtils.java:logFallback(53)) - raft.server.rpc.first-election.timeout.max = 5200ms (fallback to raft.server.rpc.timeout.max)
2024-02-06 10:04:18,500 [b79ed0a0-6c36-4ab9-80cb-79cc2b7dd541-PipelineCommandHandlerThread-0] INFO  ratis.XceiverServerRatis (XceiverServerRatis.java:addGroup(864)) - Created group PipelineID=ccf1b010-1b08-41eb-aa39-233509287903
2024-02-06 10:04:18,500 [b79ed0a0-6c36-4ab9-80cb-79cc2b7dd541-PipelineCommandHandlerThread-0] INFO  commandhandler.CreatePipelineCommandHandler (CreatePipelineCommandHandler.java:lambda$handle$2(124)) - Created Pipeline RATIS ONE PipelineID=ccf1b010-1b08-41eb-aa39-233509287903.
2024-02-06 10:04:18,500 [b79ed0a0-6c36-4ab9-80cb-79cc2b7dd541-PipelineCommandHandlerThread-0] INFO  server.RaftServer (RaftServerProxy.java:addNew(100)) - b79ed0a0-6c36-4ab9-80cb-79cc2b7dd541: addNew group-AF88B31BBEE2:[b79ed0a0-6c36-4ab9-80cb-79cc2b7dd541|10.1.0.5:15397, f44971dd-a974-44f1-968d-f8ef2d671d75|10.1.0.5:15415, ec6898a0-344d-48d8-8a85-11fa109d489b|10.1.0.5:15406] returns group-AF88B31BBEE2:java.util.concurrent.CompletableFuture@71edbe8e[Not completed]
2024-02-06 10:04:18,501 [b79ed0a0-6c36-4ab9-80cb-79cc2b7dd541-groupManagement] INFO  server.RaftServer$Division (RaftServerImpl.java:<init>(256)) - b79ed0a0-6c36-4ab9-80cb-79cc2b7dd541: new RaftServerImpl for group-AF88B31BBEE2:[b79ed0a0-6c36-4ab9-80cb-79cc2b7dd541|10.1.0.5:15397, f44971dd-a974-44f1-968d-f8ef2d671d75|10.1.0.5:15415, ec6898a0-344d-48d8-8a85-11fa109d489b|10.1.0.5:15406] with ContainerStateMachine:uninitialized
2024-02-06 10:04:18,501 [b79ed0a0-6c36-4ab9-80cb-79cc2b7dd541-groupManagement] INFO  server.RaftServerConfigKeys (ConfUtils.java:logGet(46)) - raft.server.rpc.timeout.min = 5s (custom)
2024-02-06 10:04:18,501 [b79ed0a0-6c36-4ab9-80cb-79cc2b7dd541-groupManagement] INFO  server.RaftServerConfigKeys (ConfUtils.java:logGet(46)) - raft.server.rpc.timeout.max = 5200ms (custom)
2024-02-06 10:04:18,501 [b79ed0a0-6c36-4ab9-80cb-79cc2b7dd541-groupManagement] INFO  server.RaftServerConfigKeys (ConfUtils.java:logGet(46)) - raft.server.rpc.sleep.time = 25ms (default)
2024-02-06 10:04:18,501 [b79ed0a0-6c36-4ab9-80cb-79cc2b7dd541-groupManagement] INFO  server.RaftServerConfigKeys (ConfUtils.java:logGet(46)) - raft.server.rpc.slowness.timeout = 300000ms (custom)
2024-02-06 10:04:18,501 [b79ed0a0-6c36-4ab9-80cb-79cc2b7dd541-groupManagement] INFO  server.RaftServerConfigKeys (ConfUtils.java:logGet(46)) - raft.server.leaderelection.leader.step-down.wait-time = 10s (default)
2024-02-06 10:04:18,501 [b79ed0a0-6c36-4ab9-80cb-79cc2b7dd541-groupManagement] INFO  server.RaftServerConfigKeys (ConfUtils.java:logGet(46)) - raft.server.leaderelection.member.majority-add = false (default)
2024-02-06 10:04:18,501 [b79ed0a0-6c36-4ab9-80cb-79cc2b7dd541-groupManagement] INFO  server.RaftServerConfigKeys (ConfUtils.java:logGet(46)) - raft.server.sleep.deviation.threshold = 300ms (default)
2024-02-06 10:04:18,502 [b79ed0a0-6c36-4ab9-80cb-79cc2b7dd541-groupManagement] INFO  server.RaftServer$Division (ServerState.java:<init>(113)) - b79ed0a0-6c36-4ab9-80cb-79cc2b7dd541@group-AF88B31BBEE2: ConfigurationManager, init=-1: peers:[b79ed0a0-6c36-4ab9-80cb-79cc2b7dd541|10.1.0.5:15397, f44971dd-a974-44f1-968d-f8ef2d671d75|10.1.0.5:15415, ec6898a0-344d-48d8-8a85-11fa109d489b|10.1.0.5:15406]|listeners:[], old=null, confs=<EMPTY_MAP>
2024-02-06 10:04:18,502 [b79ed0a0-6c36-4ab9-80cb-79cc2b7dd541-groupManagement] INFO  server.RaftServerConfigKeys (ConfUtils.java:logGet(46)) - raft.server.notification.no-leader.timeout = 300000ms (custom)
2024-02-06 10:04:18,502 [b79ed0a0-6c36-4ab9-80cb-79cc2b7dd541-groupManagement] INFO  server.RaftServerConfigKeys (ConfUtils.java:logGet(46)) - raft.server.read.timeout = 10s (default)
2024-02-06 10:04:18,502 [b79ed0a0-6c36-4ab9-80cb-79cc2b7dd541-groupManagement] INFO  server.RaftServerConfigKeys (ConfUtils.java:logGet(46)) - raft.server.retrycache.expirytime = 600000ms (custom)
2024-02-06 10:04:18,502 [b79ed0a0-6c36-4ab9-80cb-79cc2b7dd541-groupManagement] INFO  server.RaftServerConfigKeys (ConfUtils.java:logGet(46)) - raft.server.retrycache.statistics.expirytime = 100ms (default)
2024-02-06 10:04:18,502 [b79ed0a0-6c36-4ab9-80cb-79cc2b7dd541-groupManagement] INFO  server.RaftServerConfigKeys (ConfUtils.java:logGet(46)) - raft.server.read.option = DEFAULT (default)
2024-02-06 10:04:18,502 [b79ed0a0-6c36-4ab9-80cb-79cc2b7dd541-groupManagement] INFO  server.RaftServerConfigKeys (ConfUtils.java:logGet(46)) - raft.server.read.read-after-write-consistent.write-index-cache.expiry-time = 60s (default)
2024-02-06 10:04:18,504 [b79ed0a0-6c36-4ab9-80cb-79cc2b7dd541-groupManagement] INFO  server.RaftServerConfigKeys (ConfUtils.java:logGet(46)) - raft.server.rpc.request.timeout = 3000ms (default)
2024-02-06 10:04:18,504 [b79ed0a0-6c36-4ab9-80cb-79cc2b7dd541-groupManagement] INFO  server.RaftServerConfigKeys (ConfUtils.java:logGet(46)) - raft.server.log.appender.install.snapshot.enabled = false (custom)
2024-02-06 10:04:18,504 [b79ed0a0-6c36-4ab9-80cb-79cc2b7dd541-groupManagement] INFO  server.RaftServerConfigKeys (ConfUtils.java:logGet(46)) - raft.server.threadpool.server.cached = true (default)
2024-02-06 10:04:18,504 [b79ed0a0-6c36-4ab9-80cb-79cc2b7dd541-groupManagement] INFO  server.RaftServerConfigKeys (ConfUtils.java:logGet(46)) - raft.server.threadpool.server.size = 0 (default)
2024-02-06 10:04:18,504 [b79ed0a0-6c36-4ab9-80cb-79cc2b7dd541-groupManagement] INFO  server.RaftServerConfigKeys (ConfUtils.java:logGet(46)) - raft.server.threadpool.client.cached = true (default)
2024-02-06 10:04:18,505 [b79ed0a0-6c36-4ab9-80cb-79cc2b7dd541-groupManagement] INFO  server.RaftServerConfigKeys (ConfUtils.java:logGet(46)) - raft.server.threadpool.client.size = 0 (default)
2024-02-06 10:04:18,505 [b79ed0a0-6c36-4ab9-80cb-79cc2b7dd541-groupManagement] INFO  server.RaftServerConfigKeys (ConfUtils.java:logGet(46)) - raft.server.storage.free-space.min = 0MB (=0) (default)
2024-02-06 10:04:18,505 [b79ed0a0-6c36-4ab9-80cb-79cc2b7dd541-groupManagement] INFO  server.RaftServerConfigKeys (ConfUtils.java:logGet(46)) - raft.server.log.corruption.policy = EXCEPTION (default)
2024-02-06 10:04:18,505 [b79ed0a0-6c36-4ab9-80cb-79cc2b7dd541-groupManagement] INFO  server.RaftServerConfigKeys (ConfUtils.java:logGet(46)) - raft.server.storage.dir = [/home/runner/work/ozone/ozone/hadoop-ozone/integration-test/target/test-dir/MiniOzoneClusterImpl-0ae4c21d-b8eb-4e36-9639-963ec8fb7de7/datanode-3/data/ratis] (custom)
2024-02-06 10:04:18,505 [b79ed0a0-6c36-4ab9-80cb-79cc2b7dd541-groupManagement] INFO  storage.RaftStorageDirectory (RaftStorageDirectoryImpl.java:analyzeStorage(138)) - The storage directory /home/runner/work/ozone/ozone/hadoop-ozone/integration-test/target/test-dir/MiniOzoneClusterImpl-0ae4c21d-b8eb-4e36-9639-963ec8fb7de7/datanode-3/data/ratis/80ec1573-1410-4521-97d2-af88b31bbee2 does not exist. Creating ...
2024-02-06 10:04:18,506 [b79ed0a0-6c36-4ab9-80cb-79cc2b7dd541-groupManagement] INFO  storage.RaftStorageDirectory (RaftStorageDirectoryImpl.java:tryLock(228)) - Lock on /home/runner/work/ozone/ozone/hadoop-ozone/integration-test/target/test-dir/MiniOzoneClusterImpl-0ae4c21d-b8eb-4e36-9639-963ec8fb7de7/datanode-3/data/ratis/80ec1573-1410-4521-97d2-af88b31bbee2/in_use.lock acquired by nodename 37157@fv-az776-296
2024-02-06 10:04:18,507 [b79ed0a0-6c36-4ab9-80cb-79cc2b7dd541-groupManagement] INFO  storage.RaftStorage (RaftStorageImpl.java:format(99)) - Storage directory /home/runner/work/ozone/ozone/hadoop-ozone/integration-test/target/test-dir/MiniOzoneClusterImpl-0ae4c21d-b8eb-4e36-9639-963ec8fb7de7/datanode-3/data/ratis/80ec1573-1410-4521-97d2-af88b31bbee2 has been successfully formatted.
2024-02-06 10:04:18,507 [b79ed0a0-6c36-4ab9-80cb-79cc2b7dd541-groupManagement] WARN  util.FileUtils (LogUtils.java:supplyAndLog(63)) - Failed to Files.newInputStream /home/runner/work/ozone/ozone/hadoop-ozone/integration-test/target/test-dir/MiniOzoneClusterImpl-0ae4c21d-b8eb-4e36-9639-963ec8fb7de7/datanode-3/data/ratis/80ec1573-1410-4521-97d2-af88b31bbee2/current/raft-meta.conf with options []: java.nio.file.NoSuchFileException: /home/runner/work/ozone/ozone/hadoop-ozone/integration-test/target/test-dir/MiniOzoneClusterImpl-0ae4c21d-b8eb-4e36-9639-963ec8fb7de7/datanode-3/data/ratis/80ec1573-1410-4521-97d2-af88b31bbee2/current/raft-meta.conf
2024-02-06 10:04:18,507 [b79ed0a0-6c36-4ab9-80cb-79cc2b7dd541-groupManagement] INFO  ratis.ContainerStateMachine (ContainerStateMachine.java:loadSnapshot(287)) - group-AF88B31BBEE2: The snapshot info is null. Setting the last applied index to:(t:0, i:~)
2024-02-06 10:04:18,507 [b79ed0a0-6c36-4ab9-80cb-79cc2b7dd541-groupManagement] INFO  server.RaftServerConfigKeys (ConfUtils.java:logGet(46)) - raft.server.log.use.memory = false (default)
2024-02-06 10:04:18,508 [b79ed0a0-6c36-4ab9-80cb-79cc2b7dd541-groupManagement] INFO  server.RaftServerConfigKeys (ConfUtils.java:logGet(46)) - raft.server.log.purge.gap = 1000000 (custom)
2024-02-06 10:04:18,508 [b79ed0a0-6c36-4ab9-80cb-79cc2b7dd541-groupManagement] INFO  server.RaftServerConfigKeys (ConfUtils.java:logGet(46)) - raft.server.log.appender.buffer.byte-limit = 8388608 (custom)
2024-02-06 10:04:18,508 [b79ed0a0-6c36-4ab9-80cb-79cc2b7dd541-groupManagement] INFO  server.RaftServerConfigKeys (ConfUtils.java:logGet(46)) - raft.server.log.statemachine.data.read.timeout = 1000ms (default)
2024-02-06 10:04:18,508 [EventQueue-OpenPipelineForHealthyPipelineSafeModeRule] INFO  safemode.SCMSafeModeManager (HealthyPipelineSafeModeRule.java:process(140)) - SCM in safe mode. Healthy pipelines reported count is 0, required healthy pipeline reported count is 1
2024-02-06 10:04:18,508 [b79ed0a0-6c36-4ab9-80cb-79cc2b7dd541-groupManagement] INFO  server.RaftServerConfigKeys (ConfUtils.java:logGet(46)) - raft.server.log.purge.preservation.log.num = 0 (default)
2024-02-06 10:04:18,510 [b79ed0a0-6c36-4ab9-80cb-79cc2b7dd541-groupManagement] INFO  server.RaftServerConfigKeys (ConfUtils.java:logGet(46)) - raft.server.log.segment.size.max = 67108864 (custom)
2024-02-06 10:04:18,510 [b79ed0a0-6c36-4ab9-80cb-79cc2b7dd541-groupManagement] INFO  server.RaftServerConfigKeys (ConfUtils.java:logGet(46)) - raft.server.log.segment.cache.num.max = 2 (custom)
2024-02-06 10:04:18,510 [b79ed0a0-6c36-4ab9-80cb-79cc2b7dd541-groupManagement] INFO  server.RaftServerConfigKeys (ConfUtils.java:logGet(46)) - raft.server.log.segment.cache.size.max = 200MB (=209715200) (default)
2024-02-06 10:04:18,510 [b79ed0a0-6c36-4ab9-80cb-79cc2b7dd541-groupManagement] INFO  server.RaftServerConfigKeys (ConfUtils.java:logGet(46)) - raft.server.log.appender.buffer.byte-limit = 8388608 (custom)
2024-02-06 10:04:18,510 [b79ed0a0-6c36-4ab9-80cb-79cc2b7dd541-groupManagement] INFO  util.AwaitToRun (AwaitToRun.java:start(81)) - Thread[b79ed0a0-6c36-4ab9-80cb-79cc2b7dd541@group-AF88B31BBEE2-cacheEviction-AwaitToRun,5,main] started
2024-02-06 10:04:18,510 [b79ed0a0-6c36-4ab9-80cb-79cc2b7dd541-groupManagement] INFO  segmented.SegmentedRaftLogWorker (SegmentedRaftLogWorker.java:<init>(182)) - new b79ed0a0-6c36-4ab9-80cb-79cc2b7dd541@group-AF88B31BBEE2-SegmentedRaftLogWorker for RaftStorageImpl:Storage Directory /home/runner/work/ozone/ozone/hadoop-ozone/integration-test/target/test-dir/MiniOzoneClusterImpl-0ae4c21d-b8eb-4e36-9639-963ec8fb7de7/datanode-3/data/ratis/80ec1573-1410-4521-97d2-af88b31bbee2
2024-02-06 10:04:18,511 [b79ed0a0-6c36-4ab9-80cb-79cc2b7dd541-groupManagement] INFO  server.RaftServerConfigKeys (ConfUtils.java:logGet(46)) - raft.server.log.queue.byte-limit = 4294967296 (custom)
2024-02-06 10:04:18,511 [b79ed0a0-6c36-4ab9-80cb-79cc2b7dd541-groupManagement] INFO  server.RaftServerConfigKeys (ConfUtils.java:logGet(46)) - raft.server.log.queue.element-limit = 1024 (custom)
2024-02-06 10:04:18,511 [b79ed0a0-6c36-4ab9-80cb-79cc2b7dd541-groupManagement] INFO  server.RaftServerConfigKeys (ConfUtils.java:logGet(46)) - raft.server.log.segment.size.max = 67108864 (custom)
2024-02-06 10:04:18,511 [b79ed0a0-6c36-4ab9-80cb-79cc2b7dd541-groupManagement] INFO  server.RaftServerConfigKeys (ConfUtils.java:logGet(46)) - raft.server.log.preallocated.size = 4194304 (custom)
2024-02-06 10:04:18,511 [b79ed0a0-6c36-4ab9-80cb-79cc2b7dd541-groupManagement] INFO  server.RaftServerConfigKeys (ConfUtils.java:logGet(46)) - raft.server.log.force.sync.num = 128 (default)
2024-02-06 10:04:18,511 [b79ed0a0-6c36-4ab9-80cb-79cc2b7dd541-groupManagement] INFO  server.RaftServerConfigKeys (ConfUtils.java:logGet(46)) - raft.server.log.statemachine.data.sync = true (default)
2024-02-06 10:04:18,511 [b79ed0a0-6c36-4ab9-80cb-79cc2b7dd541-groupManagement] INFO  server.RaftServerConfigKeys (ConfUtils.java:logGet(46)) - raft.server.log.statemachine.data.sync.timeout = 10s (default)
2024-02-06 10:04:18,511 [b79ed0a0-6c36-4ab9-80cb-79cc2b7dd541-groupManagement] INFO  server.RaftServerConfigKeys (ConfUtils.java:logGet(46)) - raft.server.log.statemachine.data.sync.timeout.retry = 0 (custom)
2024-02-06 10:04:18,512 [b79ed0a0-6c36-4ab9-80cb-79cc2b7dd541-groupManagement] INFO  server.RaftServerConfigKeys (ConfUtils.java:logGet(46)) - raft.server.log.write.buffer.size = 8388616 (custom)
2024-02-06 10:04:18,513 [b79ed0a0-6c36-4ab9-80cb-79cc2b7dd541-groupManagement] INFO  server.RaftServerConfigKeys (ConfUtils.java:logGet(46)) - raft.server.log.appender.buffer.byte-limit = 8388608 (custom)
2024-02-06 10:04:18,513 [b79ed0a0-6c36-4ab9-80cb-79cc2b7dd541-groupManagement] INFO  server.RaftServerConfigKeys (ConfUtils.java:logGet(46)) - raft.server.log.unsafe-flush.enabled = false (default)
2024-02-06 10:04:18,513 [b79ed0a0-6c36-4ab9-80cb-79cc2b7dd541-groupManagement] INFO  server.RaftServerConfigKeys (ConfUtils.java:logGet(46)) - raft.server.log.async-flush.enabled = false (default)
2024-02-06 10:04:18,513 [b79ed0a0-6c36-4ab9-80cb-79cc2b7dd541-groupManagement] INFO  server.RaftServerConfigKeys (ConfUtils.java:logGet(46)) - raft.server.log.statemachine.data.caching.enabled = true (custom)
2024-02-06 10:04:18,514 [b79ed0a0-6c36-4ab9-80cb-79cc2b7dd541-groupManagement] INFO  segmented.SegmentedRaftLogWorker (SegmentedRaftLogWorker.java:lambda$new$0(134)) - b79ed0a0-6c36-4ab9-80cb-79cc2b7dd541@group-AF88B31BBEE2-SegmentedRaftLogWorker: flushIndex: setUnconditionally 0 -> -1
2024-02-06 10:04:18,514 [b79ed0a0-6c36-4ab9-80cb-79cc2b7dd541-groupManagement] INFO  segmented.SegmentedRaftLogWorker (SegmentedRaftLogWorker.java:lambda$new$0(134)) - b79ed0a0-6c36-4ab9-80cb-79cc2b7dd541@group-AF88B31BBEE2-SegmentedRaftLogWorker: safeCacheEvictIndex: setUnconditionally 0 -> -1
2024-02-06 10:04:18,514 [b79ed0a0-6c36-4ab9-80cb-79cc2b7dd541-groupManagement] INFO  server.RaftServer$Division (RaftServerImpl.java:start(396)) - b79ed0a0-6c36-4ab9-80cb-79cc2b7dd541@group-AF88B31BBEE2: start as a follower, conf=-1: peers:[b79ed0a0-6c36-4ab9-80cb-79cc2b7dd541|10.1.0.5:15397, f44971dd-a974-44f1-968d-f8ef2d671d75|10.1.0.5:15415, ec6898a0-344d-48d8-8a85-11fa109d489b|10.1.0.5:15406]|listeners:[], old=null
2024-02-06 10:04:18,514 [b79ed0a0-6c36-4ab9-80cb-79cc2b7dd541-groupManagement] INFO  server.RaftServer$Division (RaftServerImpl.java:setRole(383)) - b79ed0a0-6c36-4ab9-80cb-79cc2b7dd541@group-AF88B31BBEE2: changes role from      null to FOLLOWER at term 0 for startAsFollower
2024-02-06 10:04:18,514 [b79ed0a0-6c36-4ab9-80cb-79cc2b7dd541-groupManagement] INFO  impl.RoleInfo (RoleInfo.java:updateAndGet(139)) - b79ed0a0-6c36-4ab9-80cb-79cc2b7dd541: start b79ed0a0-6c36-4ab9-80cb-79cc2b7dd541@group-AF88B31BBEE2-FollowerState
2024-02-06 10:04:18,517 [b79ed0a0-6c36-4ab9-80cb-79cc2b7dd541-groupManagement] INFO  util.JmxRegister (JmxRegister.java:tryRegister(44)) - Successfully registered JMX Bean with object name Ratis:service=RaftServer,group=group-AF88B31BBEE2,id=b79ed0a0-6c36-4ab9-80cb-79cc2b7dd541
2024-02-06 10:04:18,517 [b79ed0a0-6c36-4ab9-80cb-79cc2b7dd541@group-AF88B31BBEE2-FollowerState] INFO  server.RaftServerConfigKeys (ConfUtils.java:logFallback(53)) - raft.server.rpc.first-election.timeout.min = 5s (fallback to raft.server.rpc.timeout.min)
2024-02-06 10:04:18,517 [b79ed0a0-6c36-4ab9-80cb-79cc2b7dd541-groupManagement] INFO  server.RaftServerConfigKeys (ConfUtils.java:logGet(46)) - raft.server.snapshot.trigger-when-stop.enabled = true (default)
2024-02-06 10:04:18,517 [b79ed0a0-6c36-4ab9-80cb-79cc2b7dd541@group-AF88B31BBEE2-FollowerState] INFO  server.RaftServerConfigKeys (ConfUtils.java:logFallback(53)) - raft.server.rpc.first-election.timeout.max = 5200ms (fallback to raft.server.rpc.timeout.max)
2024-02-06 10:04:18,517 [b79ed0a0-6c36-4ab9-80cb-79cc2b7dd541-groupManagement] INFO  server.RaftServerConfigKeys (ConfUtils.java:logGet(46)) - raft.server.snapshot.auto.trigger.enabled = true (custom)
2024-02-06 10:04:18,517 [b79ed0a0-6c36-4ab9-80cb-79cc2b7dd541-groupManagement] INFO  server.RaftServerConfigKeys (ConfUtils.java:logGet(46)) - raft.server.snapshot.auto.trigger.threshold = 10000 (custom)
2024-02-06 10:04:18,517 [b79ed0a0-6c36-4ab9-80cb-79cc2b7dd541-groupManagement] INFO  server.RaftServerConfigKeys (ConfUtils.java:logGet(46)) - raft.server.snapshot.retention.file.num = 5 (custom)
2024-02-06 10:04:18,517 [b79ed0a0-6c36-4ab9-80cb-79cc2b7dd541-groupManagement] INFO  server.RaftServerConfigKeys (ConfUtils.java:logGet(46)) - raft.server.log.purge.upto.snapshot.index = false (default)
2024-02-06 10:04:18,518 [b79ed0a0-6c36-4ab9-80cb-79cc2b7dd541-PipelineCommandHandlerThread-0] INFO  ratis.XceiverServerRatis (XceiverServerRatis.java:addGroup(864)) - Created group PipelineID=80ec1573-1410-4521-97d2-af88b31bbee2
2024-02-06 10:04:18,524 [grpc-default-executor-0] INFO  server.RaftServer (RaftServerProxy.java:addNew(100)) - ec6898a0-344d-48d8-8a85-11fa109d489b: addNew group-AF88B31BBEE2:[b79ed0a0-6c36-4ab9-80cb-79cc2b7dd541|10.1.0.5:15397, f44971dd-a974-44f1-968d-f8ef2d671d75|10.1.0.5:15415, ec6898a0-344d-48d8-8a85-11fa109d489b|10.1.0.5:15406] returns group-AF88B31BBEE2:java.util.concurrent.CompletableFuture@20d7edac[Not completed]
2024-02-06 10:04:18,525 [ec6898a0-344d-48d8-8a85-11fa109d489b-groupManagement] INFO  server.RaftServer$Division (RaftServerImpl.java:<init>(256)) - ec6898a0-344d-48d8-8a85-11fa109d489b: new RaftServerImpl for group-AF88B31BBEE2:[b79ed0a0-6c36-4ab9-80cb-79cc2b7dd541|10.1.0.5:15397, f44971dd-a974-44f1-968d-f8ef2d671d75|10.1.0.5:15415, ec6898a0-344d-48d8-8a85-11fa109d489b|10.1.0.5:15406] with ContainerStateMachine:uninitialized
2024-02-06 10:04:18,525 [ec6898a0-344d-48d8-8a85-11fa109d489b-groupManagement] INFO  server.RaftServerConfigKeys (ConfUtils.java:logGet(46)) - raft.server.rpc.timeout.min = 5s (custom)
2024-02-06 10:04:18,525 [ec6898a0-344d-48d8-8a85-11fa109d489b-groupManagement] INFO  server.RaftServerConfigKeys (ConfUtils.java:logGet(46)) - raft.server.rpc.timeout.max = 5200ms (custom)
2024-02-06 10:04:18,526 [ec6898a0-344d-48d8-8a85-11fa109d489b-groupManagement] INFO  server.RaftServerConfigKeys (ConfUtils.java:logGet(46)) - raft.server.rpc.sleep.time = 25ms (default)
2024-02-06 10:04:18,526 [ec6898a0-344d-48d8-8a85-11fa109d489b-groupManagement] INFO  server.RaftServerConfigKeys (ConfUtils.java:logGet(46)) - raft.server.rpc.slowness.timeout = 300000ms (custom)
2024-02-06 10:04:18,526 [ec6898a0-344d-48d8-8a85-11fa109d489b-groupManagement] INFO  server.RaftServerConfigKeys (ConfUtils.java:logGet(46)) - raft.server.leaderelection.leader.step-down.wait-time = 10s (default)
2024-02-06 10:04:18,526 [ec6898a0-344d-48d8-8a85-11fa109d489b-groupManagement] INFO  server.RaftServerConfigKeys (ConfUtils.java:logGet(46)) - raft.server.leaderelection.member.majority-add = false (default)
2024-02-06 10:04:18,526 [ec6898a0-344d-48d8-8a85-11fa109d489b-groupManagement] INFO  server.RaftServerConfigKeys (ConfUtils.java:logGet(46)) - raft.server.sleep.deviation.threshold = 300ms (default)
2024-02-06 10:04:18,526 [ec6898a0-344d-48d8-8a85-11fa109d489b-groupManagement] INFO  server.RaftServer$Division (ServerState.java:<init>(113)) - ec6898a0-344d-48d8-8a85-11fa109d489b@group-AF88B31BBEE2: ConfigurationManager, init=-1: peers:[b79ed0a0-6c36-4ab9-80cb-79cc2b7dd541|10.1.0.5:15397, f44971dd-a974-44f1-968d-f8ef2d671d75|10.1.0.5:15415, ec6898a0-344d-48d8-8a85-11fa109d489b|10.1.0.5:15406]|listeners:[], old=null, confs=<EMPTY_MAP>
2024-02-06 10:04:18,526 [ec6898a0-344d-48d8-8a85-11fa109d489b-groupManagement] INFO  server.RaftServerConfigKeys (ConfUtils.java:logGet(46)) - raft.server.notification.no-leader.timeout = 300000ms (custom)
2024-02-06 10:04:18,526 [ec6898a0-344d-48d8-8a85-11fa109d489b-groupManagement] INFO  server.RaftServerConfigKeys (ConfUtils.java:logGet(46)) - raft.server.read.timeout = 10s (default)
2024-02-06 10:04:18,526 [ec6898a0-344d-48d8-8a85-11fa109d489b-groupManagement] INFO  server.RaftServerConfigKeys (ConfUtils.java:logGet(46)) - raft.server.retrycache.expirytime = 600000ms (custom)
2024-02-06 10:04:18,526 [ec6898a0-344d-48d8-8a85-11fa109d489b-groupManagement] INFO  server.RaftServerConfigKeys (ConfUtils.java:logGet(46)) - raft.server.retrycache.statistics.expirytime = 100ms (default)
2024-02-06 10:04:18,526 [ec6898a0-344d-48d8-8a85-11fa109d489b-groupManagement] INFO  server.RaftServerConfigKeys (ConfUtils.java:logGet(46)) - raft.server.read.option = DEFAULT (default)
2024-02-06 10:04:18,526 [ec6898a0-344d-48d8-8a85-11fa109d489b-groupManagement] INFO  server.RaftServerConfigKeys (ConfUtils.java:logGet(46)) - raft.server.read.read-after-write-consistent.write-index-cache.expiry-time = 60s (default)
2024-02-06 10:04:18,529 [ec6898a0-344d-48d8-8a85-11fa109d489b-groupManagement] INFO  server.RaftServerConfigKeys (ConfUtils.java:logGet(46)) - raft.server.rpc.request.timeout = 3000ms (default)
2024-02-06 10:04:18,529 [ec6898a0-344d-48d8-8a85-11fa109d489b-groupManagement] INFO  server.RaftServerConfigKeys (ConfUtils.java:logGet(46)) - raft.server.log.appender.install.snapshot.enabled = false (custom)
2024-02-06 10:04:18,529 [ec6898a0-344d-48d8-8a85-11fa109d489b-groupManagement] INFO  server.RaftServerConfigKeys (ConfUtils.java:logGet(46)) - raft.server.threadpool.server.cached = true (default)
2024-02-06 10:04:18,529 [ec6898a0-344d-48d8-8a85-11fa109d489b-groupManagement] INFO  server.RaftServerConfigKeys (ConfUtils.java:logGet(46)) - raft.server.threadpool.server.size = 0 (default)
2024-02-06 10:04:18,529 [ec6898a0-344d-48d8-8a85-11fa109d489b-groupManagement] INFO  server.RaftServerConfigKeys (ConfUtils.java:logGet(46)) - raft.server.threadpool.client.cached = true (default)
2024-02-06 10:04:18,529 [ec6898a0-344d-48d8-8a85-11fa109d489b-groupManagement] INFO  server.RaftServerConfigKeys (ConfUtils.java:logGet(46)) - raft.server.threadpool.client.size = 0 (default)
2024-02-06 10:04:18,529 [ec6898a0-344d-48d8-8a85-11fa109d489b-groupManagement] INFO  server.RaftServerConfigKeys (ConfUtils.java:logGet(46)) - raft.server.storage.free-space.min = 0MB (=0) (default)
2024-02-06 10:04:18,529 [ec6898a0-344d-48d8-8a85-11fa109d489b-groupManagement] INFO  server.RaftServerConfigKeys (ConfUtils.java:logGet(46)) - raft.server.log.corruption.policy = EXCEPTION (default)
2024-02-06 10:04:18,529 [ec6898a0-344d-48d8-8a85-11fa109d489b-groupManagement] INFO  server.RaftServerConfigKeys (ConfUtils.java:logGet(46)) - raft.server.storage.dir = [/home/runner/work/ozone/ozone/hadoop-ozone/integration-test/target/test-dir/MiniOzoneClusterImpl-0ae4c21d-b8eb-4e36-9639-963ec8fb7de7/datanode-4/data/ratis] (custom)
2024-02-06 10:04:18,529 [ec6898a0-344d-48d8-8a85-11fa109d489b-groupManagement] INFO  storage.RaftStorageDirectory (RaftStorageDirectoryImpl.java:analyzeStorage(138)) - The storage directory /home/runner/work/ozone/ozone/hadoop-ozone/integration-test/target/test-dir/MiniOzoneClusterImpl-0ae4c21d-b8eb-4e36-9639-963ec8fb7de7/datanode-4/data/ratis/80ec1573-1410-4521-97d2-af88b31bbee2 does not exist. Creating ...
2024-02-06 10:04:18,530 [ec6898a0-344d-48d8-8a85-11fa109d489b-groupManagement] INFO  storage.RaftStorageDirectory (RaftStorageDirectoryImpl.java:tryLock(228)) - Lock on /home/runner/work/ozone/ozone/hadoop-ozone/integration-test/target/test-dir/MiniOzoneClusterImpl-0ae4c21d-b8eb-4e36-9639-963ec8fb7de7/datanode-4/data/ratis/80ec1573-1410-4521-97d2-af88b31bbee2/in_use.lock acquired by nodename 37157@fv-az776-296
2024-02-06 10:04:18,531 [ec6898a0-344d-48d8-8a85-11fa109d489b-groupManagement] INFO  storage.RaftStorage (RaftStorageImpl.java:format(99)) - Storage directory /home/runner/work/ozone/ozone/hadoop-ozone/integration-test/target/test-dir/MiniOzoneClusterImpl-0ae4c21d-b8eb-4e36-9639-963ec8fb7de7/datanode-4/data/ratis/80ec1573-1410-4521-97d2-af88b31bbee2 has been successfully formatted.
2024-02-06 10:04:18,531 [ec6898a0-344d-48d8-8a85-11fa109d489b-groupManagement] WARN  util.FileUtils (LogUtils.java:supplyAndLog(63)) - Failed to Files.newInputStream /home/runner/work/ozone/ozone/hadoop-ozone/integration-test/target/test-dir/MiniOzoneClusterImpl-0ae4c21d-b8eb-4e36-9639-963ec8fb7de7/datanode-4/data/ratis/80ec1573-1410-4521-97d2-af88b31bbee2/current/raft-meta.conf with options []: java.nio.file.NoSuchFileException: /home/runner/work/ozone/ozone/hadoop-ozone/integration-test/target/test-dir/MiniOzoneClusterImpl-0ae4c21d-b8eb-4e36-9639-963ec8fb7de7/datanode-4/data/ratis/80ec1573-1410-4521-97d2-af88b31bbee2/current/raft-meta.conf
2024-02-06 10:04:18,532 [ec6898a0-344d-48d8-8a85-11fa109d489b-groupManagement] INFO  ratis.ContainerStateMachine (ContainerStateMachine.java:loadSnapshot(287)) - group-AF88B31BBEE2: The snapshot info is null. Setting the last applied index to:(t:0, i:~)
2024-02-06 10:04:18,532 [ec6898a0-344d-48d8-8a85-11fa109d489b-groupManagement] INFO  server.RaftServerConfigKeys (ConfUtils.java:logGet(46)) - raft.server.log.use.memory = false (default)
2024-02-06 10:04:18,533 [ec6898a0-344d-48d8-8a85-11fa109d489b-groupManagement] INFO  server.RaftServerConfigKeys (ConfUtils.java:logGet(46)) - raft.server.log.purge.gap = 1000000 (custom)
2024-02-06 10:04:18,533 [ec6898a0-344d-48d8-8a85-11fa109d489b-groupManagement] INFO  server.RaftServerConfigKeys (ConfUtils.java:logGet(46)) - raft.server.log.appender.buffer.byte-limit = 8388608 (custom)
2024-02-06 10:04:18,533 [ec6898a0-344d-48d8-8a85-11fa109d489b-groupManagement] INFO  server.RaftServerConfigKeys (ConfUtils.java:logGet(46)) - raft.server.log.statemachine.data.read.timeout = 1000ms (default)
2024-02-06 10:04:18,533 [ec6898a0-344d-48d8-8a85-11fa109d489b-groupManagement] INFO  server.RaftServerConfigKeys (ConfUtils.java:logGet(46)) - raft.server.log.purge.preservation.log.num = 0 (default)
2024-02-06 10:04:18,534 [ec6898a0-344d-48d8-8a85-11fa109d489b-groupManagement] INFO  server.RaftServerConfigKeys (ConfUtils.java:logGet(46)) - raft.server.log.segment.size.max = 67108864 (custom)
2024-02-06 10:04:18,534 [ec6898a0-344d-48d8-8a85-11fa109d489b-groupManagement] INFO  server.RaftServerConfigKeys (ConfUtils.java:logGet(46)) - raft.server.log.segment.cache.num.max = 2 (custom)
2024-02-06 10:04:18,534 [ec6898a0-344d-48d8-8a85-11fa109d489b-groupManagement] INFO  server.RaftServerConfigKeys (ConfUtils.java:logGet(46)) - raft.server.log.segment.cache.size.max = 200MB (=209715200) (default)
2024-02-06 10:04:18,535 [ec6898a0-344d-48d8-8a85-11fa109d489b-groupManagement] INFO  server.RaftServerConfigKeys (ConfUtils.java:logGet(46)) - raft.server.log.appender.buffer.byte-limit = 8388608 (custom)
2024-02-06 10:04:18,535 [ec6898a0-344d-48d8-8a85-11fa109d489b-groupManagement] INFO  util.AwaitToRun (AwaitToRun.java:start(81)) - Thread[ec6898a0-344d-48d8-8a85-11fa109d489b@group-AF88B31BBEE2-cacheEviction-AwaitToRun,5,main] started
2024-02-06 10:04:18,535 [ec6898a0-344d-48d8-8a85-11fa109d489b-groupManagement] INFO  segmented.SegmentedRaftLogWorker (SegmentedRaftLogWorker.java:<init>(182)) - new ec6898a0-344d-48d8-8a85-11fa109d489b@group-AF88B31BBEE2-SegmentedRaftLogWorker for RaftStorageImpl:Storage Directory /home/runner/work/ozone/ozone/hadoop-ozone/integration-test/target/test-dir/MiniOzoneClusterImpl-0ae4c21d-b8eb-4e36-9639-963ec8fb7de7/datanode-4/data/ratis/80ec1573-1410-4521-97d2-af88b31bbee2
2024-02-06 10:04:18,535 [ec6898a0-344d-48d8-8a85-11fa109d489b-groupManagement] INFO  server.RaftServerConfigKeys (ConfUtils.java:logGet(46)) - raft.server.log.queue.byte-limit = 4294967296 (custom)
2024-02-06 10:04:18,535 [ec6898a0-344d-48d8-8a85-11fa109d489b-groupManagement] INFO  server.RaftServerConfigKeys (ConfUtils.java:logGet(46)) - raft.server.log.queue.element-limit = 1024 (custom)
2024-02-06 10:04:18,535 [ec6898a0-344d-48d8-8a85-11fa109d489b-groupManagement] INFO  server.RaftServerConfigKeys (ConfUtils.java:logGet(46)) - raft.server.log.segment.size.max = 67108864 (custom)
2024-02-06 10:04:18,535 [ec6898a0-344d-48d8-8a85-11fa109d489b-groupManagement] INFO  server.RaftServerConfigKeys (ConfUtils.java:logGet(46)) - raft.server.log.preallocated.size = 4194304 (custom)
2024-02-06 10:04:18,535 [ec6898a0-344d-48d8-8a85-11fa109d489b-groupManagement] INFO  server.RaftServerConfigKeys (ConfUtils.java:logGet(46)) - raft.server.log.force.sync.num = 128 (default)
2024-02-06 10:04:18,535 [ec6898a0-344d-48d8-8a85-11fa109d489b-groupManagement] INFO  server.RaftServerConfigKeys (ConfUtils.java:logGet(46)) - raft.server.log.statemachine.data.sync = true (default)
2024-02-06 10:04:18,535 [ec6898a0-344d-48d8-8a85-11fa109d489b-groupManagement] INFO  server.RaftServerConfigKeys (ConfUtils.java:logGet(46)) - raft.server.log.statemachine.data.sync.timeout = 10s (default)
2024-02-06 10:04:18,535 [ec6898a0-344d-48d8-8a85-11fa109d489b-groupManagement] INFO  server.RaftServerConfigKeys (ConfUtils.java:logGet(46)) - raft.server.log.statemachine.data.sync.timeout.retry = 0 (custom)
2024-02-06 10:04:18,535 [ec6898a0-344d-48d8-8a85-11fa109d489b-groupManagement] INFO  server.RaftServerConfigKeys (ConfUtils.java:logGet(46)) - raft.server.log.write.buffer.size = 8388616 (custom)
2024-02-06 10:04:18,537 [ec6898a0-344d-48d8-8a85-11fa109d489b-groupManagement] INFO  server.RaftServerConfigKeys (ConfUtils.java:logGet(46)) - raft.server.log.appender.buffer.byte-limit = 8388608 (custom)
2024-02-06 10:04:18,537 [ec6898a0-344d-48d8-8a85-11fa109d489b-groupManagement] INFO  server.RaftServerConfigKeys (ConfUtils.java:logGet(46)) - raft.server.log.unsafe-flush.enabled = false (default)
2024-02-06 10:04:18,537 [ec6898a0-344d-48d8-8a85-11fa109d489b-groupManagement] INFO  server.RaftServerConfigKeys (ConfUtils.java:logGet(46)) - raft.server.log.async-flush.enabled = false (default)
2024-02-06 10:04:18,537 [ec6898a0-344d-48d8-8a85-11fa109d489b-groupManagement] INFO  server.RaftServerConfigKeys (ConfUtils.java:logGet(46)) - raft.server.log.statemachine.data.caching.enabled = true (custom)
2024-02-06 10:04:18,537 [ec6898a0-344d-48d8-8a85-11fa109d489b-groupManagement] INFO  segmented.SegmentedRaftLogWorker (SegmentedRaftLogWorker.java:lambda$new$0(134)) - ec6898a0-344d-48d8-8a85-11fa109d489b@group-AF88B31BBEE2-SegmentedRaftLogWorker: flushIndex: setUnconditionally 0 -> -1
2024-02-06 10:04:18,537 [ec6898a0-344d-48d8-8a85-11fa109d489b-groupManagement] INFO  segmented.SegmentedRaftLogWorker (SegmentedRaftLogWorker.java:lambda$new$0(134)) - ec6898a0-344d-48d8-8a85-11fa109d489b@group-AF88B31BBEE2-SegmentedRaftLogWorker: safeCacheEvictIndex: setUnconditionally 0 -> -1
2024-02-06 10:04:18,539 [ec6898a0-344d-48d8-8a85-11fa109d489b-groupManagement] INFO  server.RaftServer$Division (RaftServerImpl.java:start(396)) - ec6898a0-344d-48d8-8a85-11fa109d489b@group-AF88B31BBEE2: start as a follower, conf=-1: peers:[b79ed0a0-6c36-4ab9-80cb-79cc2b7dd541|10.1.0.5:15397, f44971dd-a974-44f1-968d-f8ef2d671d75|10.1.0.5:15415, ec6898a0-344d-48d8-8a85-11fa109d489b|10.1.0.5:15406]|listeners:[], old=null
2024-02-06 10:04:18,539 [ec6898a0-344d-48d8-8a85-11fa109d489b-groupManagement] INFO  server.RaftServer$Division (RaftServerImpl.java:setRole(383)) - ec6898a0-344d-48d8-8a85-11fa109d489b@group-AF88B31BBEE2: changes role from      null to FOLLOWER at term 0 for startAsFollower
2024-02-06 10:04:18,539 [ec6898a0-344d-48d8-8a85-11fa109d489b-groupManagement] INFO  impl.RoleInfo (RoleInfo.java:updateAndGet(139)) - ec6898a0-344d-48d8-8a85-11fa109d489b: start ec6898a0-344d-48d8-8a85-11fa109d489b@group-AF88B31BBEE2-FollowerState
2024-02-06 10:04:18,539 [ec6898a0-344d-48d8-8a85-11fa109d489b@group-AF88B31BBEE2-FollowerState] INFO  server.RaftServerConfigKeys (ConfUtils.java:logFallback(53)) - raft.server.rpc.first-election.timeout.min = 5s (fallback to raft.server.rpc.timeout.min)
2024-02-06 10:04:18,539 [ec6898a0-344d-48d8-8a85-11fa109d489b-groupManagement] INFO  util.JmxRegister (JmxRegister.java:tryRegister(44)) - Successfully registered JMX Bean with object name Ratis:service=RaftServer,group=group-AF88B31BBEE2,id=ec6898a0-344d-48d8-8a85-11fa109d489b
2024-02-06 10:04:18,539 [ec6898a0-344d-48d8-8a85-11fa109d489b@group-AF88B31BBEE2-FollowerState] INFO  server.RaftServerConfigKeys (ConfUtils.java:logFallback(53)) - raft.server.rpc.first-election.timeout.max = 5200ms (fallback to raft.server.rpc.timeout.max)
2024-02-06 10:04:18,539 [ec6898a0-344d-48d8-8a85-11fa109d489b-groupManagement] INFO  server.RaftServerConfigKeys (ConfUtils.java:logGet(46)) - raft.server.snapshot.trigger-when-stop.enabled = true (default)
2024-02-06 10:04:18,539 [ec6898a0-344d-48d8-8a85-11fa109d489b-groupManagement] INFO  server.RaftServerConfigKeys (ConfUtils.java:logGet(46)) - raft.server.snapshot.auto.trigger.enabled = true (custom)
2024-02-06 10:04:18,539 [ec6898a0-344d-48d8-8a85-11fa109d489b-groupManagement] INFO  server.RaftServerConfigKeys (ConfUtils.java:logGet(46)) - raft.server.snapshot.auto.trigger.threshold = 10000 (custom)
2024-02-06 10:04:18,540 [ec6898a0-344d-48d8-8a85-11fa109d489b-groupManagement] INFO  server.RaftServerConfigKeys (ConfUtils.java:logGet(46)) - raft.server.snapshot.retention.file.num = 5 (custom)
2024-02-06 10:04:18,540 [ec6898a0-344d-48d8-8a85-11fa109d489b-groupManagement] INFO  server.RaftServerConfigKeys (ConfUtils.java:logGet(46)) - raft.server.log.purge.upto.snapshot.index = false (default)
2024-02-06 10:04:18,552 [grpc-default-executor-0] INFO  server.RaftServer (RaftServerProxy.java:addNew(100)) - f44971dd-a974-44f1-968d-f8ef2d671d75: addNew group-AF88B31BBEE2:[b79ed0a0-6c36-4ab9-80cb-79cc2b7dd541|10.1.0.5:15397, f44971dd-a974-44f1-968d-f8ef2d671d75|10.1.0.5:15415, ec6898a0-344d-48d8-8a85-11fa109d489b|10.1.0.5:15406] returns group-AF88B31BBEE2:java.util.concurrent.CompletableFuture@a5f9f84[Not completed]
2024-02-06 10:04:18,553 [f44971dd-a974-44f1-968d-f8ef2d671d75-groupManagement] INFO  server.RaftServer$Division (RaftServerImpl.java:<init>(256)) - f44971dd-a974-44f1-968d-f8ef2d671d75: new RaftServerImpl for group-AF88B31BBEE2:[b79ed0a0-6c36-4ab9-80cb-79cc2b7dd541|10.1.0.5:15397, f44971dd-a974-44f1-968d-f8ef2d671d75|10.1.0.5:15415, ec6898a0-344d-48d8-8a85-11fa109d489b|10.1.0.5:15406] with ContainerStateMachine:uninitialized
2024-02-06 10:04:18,553 [f44971dd-a974-44f1-968d-f8ef2d671d75-groupManagement] INFO  server.RaftServerConfigKeys (ConfUtils.java:logGet(46)) - raft.server.rpc.timeout.min = 5s (custom)
2024-02-06 10:04:18,553 [f44971dd-a974-44f1-968d-f8ef2d671d75-groupManagement] INFO  server.RaftServerConfigKeys (ConfUtils.java:logGet(46)) - raft.server.rpc.timeout.max = 5200ms (custom)
2024-02-06 10:04:18,553 [f44971dd-a974-44f1-968d-f8ef2d671d75-groupManagement] INFO  server.RaftServerConfigKeys (ConfUtils.java:logGet(46)) - raft.server.rpc.sleep.time = 25ms (default)
2024-02-06 10:04:18,553 [f44971dd-a974-44f1-968d-f8ef2d671d75-groupManagement] INFO  server.RaftServerConfigKeys (ConfUtils.java:logGet(46)) - raft.server.rpc.slowness.timeout = 300000ms (custom)
2024-02-06 10:04:18,553 [f44971dd-a974-44f1-968d-f8ef2d671d75-groupManagement] INFO  server.RaftServerConfigKeys (ConfUtils.java:logGet(46)) - raft.server.leaderelection.leader.step-down.wait-time = 10s (default)
2024-02-06 10:04:18,553 [f44971dd-a974-44f1-968d-f8ef2d671d75-groupManagement] INFO  server.RaftServerConfigKeys (ConfUtils.java:logGet(46)) - raft.server.leaderelection.member.majority-add = false (default)
2024-02-06 10:04:18,553 [f44971dd-a974-44f1-968d-f8ef2d671d75-groupManagement] INFO  server.RaftServerConfigKeys (ConfUtils.java:logGet(46)) - raft.server.sleep.deviation.threshold = 300ms (default)
2024-02-06 10:04:18,553 [f44971dd-a974-44f1-968d-f8ef2d671d75-groupManagement] INFO  server.RaftServer$Division (ServerState.java:<init>(113)) - f44971dd-a974-44f1-968d-f8ef2d671d75@group-AF88B31BBEE2: ConfigurationManager, init=-1: peers:[b79ed0a0-6c36-4ab9-80cb-79cc2b7dd541|10.1.0.5:15397, f44971dd-a974-44f1-968d-f8ef2d671d75|10.1.0.5:15415, ec6898a0-344d-48d8-8a85-11fa109d489b|10.1.0.5:15406]|listeners:[], old=null, confs=<EMPTY_MAP>
2024-02-06 10:04:18,553 [f44971dd-a974-44f1-968d-f8ef2d671d75-groupManagement] INFO  server.RaftServerConfigKeys (ConfUtils.java:logGet(46)) - raft.server.notification.no-leader.timeout = 300000ms (custom)
2024-02-06 10:04:18,553 [f44971dd-a974-44f1-968d-f8ef2d671d75-groupManagement] INFO  server.RaftServerConfigKeys (ConfUtils.java:logGet(46)) - raft.server.read.timeout = 10s (default)
2024-02-06 10:04:18,553 [f44971dd-a974-44f1-968d-f8ef2d671d75-groupManagement] INFO  server.RaftServerConfigKeys (ConfUtils.java:logGet(46)) - raft.server.retrycache.expirytime = 600000ms (custom)
2024-02-06 10:04:18,553 [f44971dd-a974-44f1-968d-f8ef2d671d75-groupManagement] INFO  server.RaftServerConfigKeys (ConfUtils.java:logGet(46)) - raft.server.retrycache.statistics.expirytime = 100ms (default)
2024-02-06 10:04:18,553 [f44971dd-a974-44f1-968d-f8ef2d671d75-groupManagement] INFO  server.RaftServerConfigKeys (ConfUtils.java:logGet(46)) - raft.server.read.option = DEFAULT (default)
2024-02-06 10:04:18,553 [f44971dd-a974-44f1-968d-f8ef2d671d75-groupManagement] INFO  server.RaftServerConfigKeys (ConfUtils.java:logGet(46)) - raft.server.read.read-after-write-consistent.write-index-cache.expiry-time = 60s (default)
2024-02-06 10:04:18,556 [f44971dd-a974-44f1-968d-f8ef2d671d75-groupManagement] INFO  server.RaftServerConfigKeys (ConfUtils.java:logGet(46)) - raft.server.rpc.request.timeout = 3000ms (default)
2024-02-06 10:04:18,556 [f44971dd-a974-44f1-968d-f8ef2d671d75-groupManagement] INFO  server.RaftServerConfigKeys (ConfUtils.java:logGet(46)) - raft.server.log.appender.install.snapshot.enabled = false (custom)
2024-02-06 10:04:18,556 [f44971dd-a974-44f1-968d-f8ef2d671d75-groupManagement] INFO  server.RaftServerConfigKeys (ConfUtils.java:logGet(46)) - raft.server.threadpool.server.cached = true (default)
2024-02-06 10:04:18,556 [f44971dd-a974-44f1-968d-f8ef2d671d75-groupManagement] INFO  server.RaftServerConfigKeys (ConfUtils.java:logGet(46)) - raft.server.threadpool.server.size = 0 (default)
2024-02-06 10:04:18,556 [f44971dd-a974-44f1-968d-f8ef2d671d75-groupManagement] INFO  server.RaftServerConfigKeys (ConfUtils.java:logGet(46)) - raft.server.threadpool.client.cached = true (default)
2024-02-06 10:04:18,556 [f44971dd-a974-44f1-968d-f8ef2d671d75-groupManagement] INFO  server.RaftServerConfigKeys (ConfUtils.java:logGet(46)) - raft.server.threadpool.client.size = 0 (default)
2024-02-06 10:04:18,556 [f44971dd-a974-44f1-968d-f8ef2d671d75-groupManagement] INFO  server.RaftServerConfigKeys (ConfUtils.java:logGet(46)) - raft.server.storage.free-space.min = 0MB (=0) (default)
2024-02-06 10:04:18,556 [f44971dd-a974-44f1-968d-f8ef2d671d75-groupManagement] INFO  server.RaftServerConfigKeys (ConfUtils.java:logGet(46)) - raft.server.log.corruption.policy = EXCEPTION (default)
2024-02-06 10:04:18,556 [f44971dd-a974-44f1-968d-f8ef2d671d75-groupManagement] INFO  server.RaftServerConfigKeys (ConfUtils.java:logGet(46)) - raft.server.storage.dir = [/home/runner/work/ozone/ozone/hadoop-ozone/integration-test/target/test-dir/MiniOzoneClusterImpl-0ae4c21d-b8eb-4e36-9639-963ec8fb7de7/datanode-5/data/ratis] (custom)
2024-02-06 10:04:18,556 [f44971dd-a974-44f1-968d-f8ef2d671d75-groupManagement] INFO  storage.RaftStorageDirectory (RaftStorageDirectoryImpl.java:analyzeStorage(138)) - The storage directory /home/runner/work/ozone/ozone/hadoop-ozone/integration-test/target/test-dir/MiniOzoneClusterImpl-0ae4c21d-b8eb-4e36-9639-963ec8fb7de7/datanode-5/data/ratis/80ec1573-1410-4521-97d2-af88b31bbee2 does not exist. Creating ...
2024-02-06 10:04:18,557 [f44971dd-a974-44f1-968d-f8ef2d671d75-groupManagement] INFO  storage.RaftStorageDirectory (RaftStorageDirectoryImpl.java:tryLock(228)) - Lock on /home/runner/work/ozone/ozone/hadoop-ozone/integration-test/target/test-dir/MiniOzoneClusterImpl-0ae4c21d-b8eb-4e36-9639-963ec8fb7de7/datanode-5/data/ratis/80ec1573-1410-4521-97d2-af88b31bbee2/in_use.lock acquired by nodename 37157@fv-az776-296
2024-02-06 10:04:18,558 [f44971dd-a974-44f1-968d-f8ef2d671d75-groupManagement] INFO  storage.RaftStorage (RaftStorageImpl.java:format(99)) - Storage directory /home/runner/work/ozone/ozone/hadoop-ozone/integration-test/target/test-dir/MiniOzoneClusterImpl-0ae4c21d-b8eb-4e36-9639-963ec8fb7de7/datanode-5/data/ratis/80ec1573-1410-4521-97d2-af88b31bbee2 has been successfully formatted.
2024-02-06 10:04:18,558 [f44971dd-a974-44f1-968d-f8ef2d671d75-groupManagement] WARN  util.FileUtils (LogUtils.java:supplyAndLog(63)) - Failed to Files.newInputStream /home/runner/work/ozone/ozone/hadoop-ozone/integration-test/target/test-dir/MiniOzoneClusterImpl-0ae4c21d-b8eb-4e36-9639-963ec8fb7de7/datanode-5/data/ratis/80ec1573-1410-4521-97d2-af88b31bbee2/current/raft-meta.conf with options []: java.nio.file.NoSuchFileException: /home/runner/work/ozone/ozone/hadoop-ozone/integration-test/target/test-dir/MiniOzoneClusterImpl-0ae4c21d-b8eb-4e36-9639-963ec8fb7de7/datanode-5/data/ratis/80ec1573-1410-4521-97d2-af88b31bbee2/current/raft-meta.conf
2024-02-06 10:04:18,559 [f44971dd-a974-44f1-968d-f8ef2d671d75-groupManagement] INFO  ratis.ContainerStateMachine (ContainerStateMachine.java:loadSnapshot(287)) - group-AF88B31BBEE2: The snapshot info is null. Setting the last applied index to:(t:0, i:~)
2024-02-06 10:04:18,559 [f44971dd-a974-44f1-968d-f8ef2d671d75-groupManagement] INFO  server.RaftServerConfigKeys (ConfUtils.java:logGet(46)) - raft.server.log.use.memory = false (default)
2024-02-06 10:04:18,559 [f44971dd-a974-44f1-968d-f8ef2d671d75-groupManagement] INFO  server.RaftServerConfigKeys (ConfUtils.java:logGet(46)) - raft.server.log.purge.gap = 1000000 (custom)
2024-02-06 10:04:18,559 [f44971dd-a974-44f1-968d-f8ef2d671d75-groupManagement] INFO  server.RaftServerConfigKeys (ConfUtils.java:logGet(46)) - raft.server.log.appender.buffer.byte-limit = 8388608 (custom)
2024-02-06 10:04:18,559 [f44971dd-a974-44f1-968d-f8ef2d671d75-groupManagement] INFO  server.RaftServerConfigKeys (ConfUtils.java:logGet(46)) - raft.server.log.statemachine.data.read.timeout = 1000ms (default)
2024-02-06 10:04:18,559 [f44971dd-a974-44f1-968d-f8ef2d671d75-groupManagement] INFO  server.RaftServerConfigKeys (ConfUtils.java:logGet(46)) - raft.server.log.purge.preservation.log.num = 0 (default)
2024-02-06 10:04:18,560 [f44971dd-a974-44f1-968d-f8ef2d671d75-groupManagement] INFO  server.RaftServerConfigKeys (ConfUtils.java:logGet(46)) - raft.server.log.segment.size.max = 67108864 (custom)
2024-02-06 10:04:18,560 [f44971dd-a974-44f1-968d-f8ef2d671d75-groupManagement] INFO  server.RaftServerConfigKeys (ConfUtils.java:logGet(46)) - raft.server.log.segment.cache.num.max = 2 (custom)
2024-02-06 10:04:18,560 [f44971dd-a974-44f1-968d-f8ef2d671d75-groupManagement] INFO  server.RaftServerConfigKeys (ConfUtils.java:logGet(46)) - raft.server.log.segment.cache.size.max = 200MB (=209715200) (default)
2024-02-06 10:04:18,561 [f44971dd-a974-44f1-968d-f8ef2d671d75-groupManagement] INFO  server.RaftServerConfigKeys (ConfUtils.java:logGet(46)) - raft.server.log.appender.buffer.byte-limit = 8388608 (custom)
2024-02-06 10:04:18,561 [f44971dd-a974-44f1-968d-f8ef2d671d75-groupManagement] INFO  util.AwaitToRun (AwaitToRun.java:start(81)) - Thread[f44971dd-a974-44f1-968d-f8ef2d671d75@group-AF88B31BBEE2-cacheEviction-AwaitToRun,5,main] started
2024-02-06 10:04:18,561 [f44971dd-a974-44f1-968d-f8ef2d671d75-groupManagement] INFO  segmented.SegmentedRaftLogWorker (SegmentedRaftLogWorker.java:<init>(182)) - new f44971dd-a974-44f1-968d-f8ef2d671d75@group-AF88B31BBEE2-SegmentedRaftLogWorker for RaftStorageImpl:Storage Directory /home/runner/work/ozone/ozone/hadoop-ozone/integration-test/target/test-dir/MiniOzoneClusterImpl-0ae4c21d-b8eb-4e36-9639-963ec8fb7de7/datanode-5/data/ratis/80ec1573-1410-4521-97d2-af88b31bbee2
2024-02-06 10:04:18,561 [f44971dd-a974-44f1-968d-f8ef2d671d75-groupManagement] INFO  server.RaftServerConfigKeys (ConfUtils.java:logGet(46)) - raft.server.log.queue.byte-limit = 4294967296 (custom)
2024-02-06 10:04:18,561 [f44971dd-a974-44f1-968d-f8ef2d671d75-groupManagement] INFO  server.RaftServerConfigKeys (ConfUtils.java:logGet(46)) - raft.server.log.queue.element-limit = 1024 (custom)
2024-02-06 10:04:18,561 [f44971dd-a974-44f1-968d-f8ef2d671d75-groupManagement] INFO  server.RaftServerConfigKeys (ConfUtils.java:logGet(46)) - raft.server.log.segment.size.max = 67108864 (custom)
2024-02-06 10:04:18,561 [f44971dd-a974-44f1-968d-f8ef2d671d75-groupManagement] INFO  server.RaftServerConfigKeys (ConfUtils.java:logGet(46)) - raft.server.log.preallocated.size = 4194304 (custom)
2024-02-06 10:04:18,561 [f44971dd-a974-44f1-968d-f8ef2d671d75-groupManagement] INFO  server.RaftServerConfigKeys (ConfUtils.java:logGet(46)) - raft.server.log.force.sync.num = 128 (default)
2024-02-06 10:04:18,561 [f44971dd-a974-44f1-968d-f8ef2d671d75-groupManagement] INFO  server.RaftServerConfigKeys (ConfUtils.java:logGet(46)) - raft.server.log.statemachine.data.sync = true (default)
2024-02-06 10:04:18,561 [f44971dd-a974-44f1-968d-f8ef2d671d75-groupManagement] INFO  server.RaftServerConfigKeys (ConfUtils.java:logGet(46)) - raft.server.log.statemachine.data.sync.timeout = 10s (default)
2024-02-06 10:04:18,561 [f44971dd-a974-44f1-968d-f8ef2d671d75-groupManagement] INFO  server.RaftServerConfigKeys (ConfUtils.java:logGet(46)) - raft.server.log.statemachine.data.sync.timeout.retry = 0 (custom)
2024-02-06 10:04:18,561 [f44971dd-a974-44f1-968d-f8ef2d671d75-groupManagement] INFO  server.RaftServerConfigKeys (ConfUtils.java:logGet(46)) - raft.server.log.write.buffer.size = 8388616 (custom)
2024-02-06 10:04:18,562 [f44971dd-a974-44f1-968d-f8ef2d671d75-groupManagement] INFO  server.RaftServerConfigKeys (ConfUtils.java:logGet(46)) - raft.server.log.appender.buffer.byte-limit = 8388608 (custom)
2024-02-06 10:04:18,562 [f44971dd-a974-44f1-968d-f8ef2d671d75-groupManagement] INFO  server.RaftServerConfigKeys (ConfUtils.java:logGet(46)) - raft.server.log.unsafe-flush.enabled = false (default)
2024-02-06 10:04:18,563 [f44971dd-a974-44f1-968d-f8ef2d671d75-groupManagement] INFO  server.RaftServerConfigKeys (ConfUtils.java:logGet(46)) - raft.server.log.async-flush.enabled = false (default)
2024-02-06 10:04:18,563 [f44971dd-a974-44f1-968d-f8ef2d671d75-groupManagement] INFO  server.RaftServerConfigKeys (ConfUtils.java:logGet(46)) - raft.server.log.statemachine.data.caching.enabled = true (custom)
2024-02-06 10:04:18,563 [f44971dd-a974-44f1-968d-f8ef2d671d75-groupManagement] INFO  segmented.SegmentedRaftLogWorker (SegmentedRaftLogWorker.java:lambda$new$0(134)) - f44971dd-a974-44f1-968d-f8ef2d671d75@group-AF88B31BBEE2-SegmentedRaftLogWorker: flushIndex: setUnconditionally 0 -> -1
2024-02-06 10:04:18,563 [f44971dd-a974-44f1-968d-f8ef2d671d75-groupManagement] INFO  segmented.SegmentedRaftLogWorker (SegmentedRaftLogWorker.java:lambda$new$0(134)) - f44971dd-a974-44f1-968d-f8ef2d671d75@group-AF88B31BBEE2-SegmentedRaftLogWorker: safeCacheEvictIndex: setUnconditionally 0 -> -1
2024-02-06 10:04:18,563 [f44971dd-a974-44f1-968d-f8ef2d671d75-groupManagement] INFO  server.RaftServer$Division (RaftServerImpl.java:start(396)) - f44971dd-a974-44f1-968d-f8ef2d671d75@group-AF88B31BBEE2: start as a follower, conf=-1: peers:[b79ed0a0-6c36-4ab9-80cb-79cc2b7dd541|10.1.0.5:15397, f44971dd-a974-44f1-968d-f8ef2d671d75|10.1.0.5:15415, ec6898a0-344d-48d8-8a85-11fa109d489b|10.1.0.5:15406]|listeners:[], old=null
2024-02-06 10:04:18,563 [f44971dd-a974-44f1-968d-f8ef2d671d75-groupManagement] INFO  server.RaftServer$Division (RaftServerImpl.java:setRole(383)) - f44971dd-a974-44f1-968d-f8ef2d671d75@group-AF88B31BBEE2: changes role from      null to FOLLOWER at term 0 for startAsFollower
2024-02-06 10:04:18,563 [f44971dd-a974-44f1-968d-f8ef2d671d75-groupManagement] INFO  impl.RoleInfo (RoleInfo.java:updateAndGet(139)) - f44971dd-a974-44f1-968d-f8ef2d671d75: start f44971dd-a974-44f1-968d-f8ef2d671d75@group-AF88B31BBEE2-FollowerState
2024-02-06 10:04:18,563 [f44971dd-a974-44f1-968d-f8ef2d671d75@group-AF88B31BBEE2-FollowerState] INFO  server.RaftServerConfigKeys (ConfUtils.java:logFallback(53)) - raft.server.rpc.first-election.timeout.min = 5s (fallback to raft.server.rpc.timeout.min)
2024-02-06 10:04:18,563 [f44971dd-a974-44f1-968d-f8ef2d671d75-groupManagement] INFO  util.JmxRegister (JmxRegister.java:tryRegister(44)) - Successfully registered JMX Bean with object name Ratis:service=RaftServer,group=group-AF88B31BBEE2,id=f44971dd-a974-44f1-968d-f8ef2d671d75
2024-02-06 10:04:18,563 [f44971dd-a974-44f1-968d-f8ef2d671d75@group-AF88B31BBEE2-FollowerState] INFO  server.RaftServerConfigKeys (ConfUtils.java:logFallback(53)) - raft.server.rpc.first-election.timeout.max = 5200ms (fallback to raft.server.rpc.timeout.max)
2024-02-06 10:04:18,563 [f44971dd-a974-44f1-968d-f8ef2d671d75-groupManagement] INFO  server.RaftServerConfigKeys (ConfUtils.java:logGet(46)) - raft.server.snapshot.trigger-when-stop.enabled = true (default)
2024-02-06 10:04:18,563 [f44971dd-a974-44f1-968d-f8ef2d671d75-groupManagement] INFO  server.RaftServerConfigKeys (ConfUtils.java:logGet(46)) - raft.server.snapshot.auto.trigger.enabled = true (custom)
2024-02-06 10:04:18,563 [f44971dd-a974-44f1-968d-f8ef2d671d75-groupManagement] INFO  server.RaftServerConfigKeys (ConfUtils.java:logGet(46)) - raft.server.snapshot.auto.trigger.threshold = 10000 (custom)
2024-02-06 10:04:18,563 [f44971dd-a974-44f1-968d-f8ef2d671d75-groupManagement] INFO  server.RaftServerConfigKeys (ConfUtils.java:logGet(46)) - raft.server.snapshot.retention.file.num = 5 (custom)
2024-02-06 10:04:18,563 [f44971dd-a974-44f1-968d-f8ef2d671d75-groupManagement] INFO  server.RaftServerConfigKeys (ConfUtils.java:logGet(46)) - raft.server.log.purge.upto.snapshot.index = false (default)
2024-02-06 10:04:18,567 [b79ed0a0-6c36-4ab9-80cb-79cc2b7dd541-PipelineCommandHandlerThread-0] INFO  commandhandler.CreatePipelineCommandHandler (CreatePipelineCommandHandler.java:lambda$handle$2(124)) - Created Pipeline RATIS THREE PipelineID=80ec1573-1410-4521-97d2-af88b31bbee2.
2024-02-06 10:04:18,596 [ec6898a0-344d-48d8-8a85-11fa109d489b-PipelineCommandHandlerThread-0] INFO  server.RaftServer (RaftServerProxy.java:addNew(100)) - ec6898a0-344d-48d8-8a85-11fa109d489b: addNew group-8A03B379FAE5:[ec6898a0-344d-48d8-8a85-11fa109d489b|10.1.0.5:15406] returns group-8A03B379FAE5:java.util.concurrent.CompletableFuture@10662a13[Not completed]
2024-02-06 10:04:18,596 [ec6898a0-344d-48d8-8a85-11fa109d489b-groupManagement] INFO  server.RaftServer$Division (RaftServerImpl.java:<init>(256)) - ec6898a0-344d-48d8-8a85-11fa109d489b: new RaftServerImpl for group-8A03B379FAE5:[ec6898a0-344d-48d8-8a85-11fa109d489b|10.1.0.5:15406] with ContainerStateMachine:uninitialized
2024-02-06 10:04:18,596 [ec6898a0-344d-48d8-8a85-11fa109d489b-groupManagement] INFO  server.RaftServerConfigKeys (ConfUtils.java:logGet(46)) - raft.server.rpc.timeout.min = 5s (custom)
2024-02-06 10:04:18,596 [ec6898a0-344d-48d8-8a85-11fa109d489b-groupManagement] INFO  server.RaftServerConfigKeys (ConfUtils.java:logGet(46)) - raft.server.rpc.timeout.max = 5200ms (custom)
2024-02-06 10:04:18,596 [ec6898a0-344d-48d8-8a85-11fa109d489b-groupManagement] INFO  server.RaftServerConfigKeys (ConfUtils.java:logGet(46)) - raft.server.rpc.sleep.time = 25ms (default)
2024-02-06 10:04:18,596 [ec6898a0-344d-48d8-8a85-11fa109d489b-groupManagement] INFO  server.RaftServerConfigKeys (ConfUtils.java:logGet(46)) - raft.server.rpc.slowness.timeout = 300000ms (custom)
2024-02-06 10:04:18,596 [ec6898a0-344d-48d8-8a85-11fa109d489b-groupManagement] INFO  server.RaftServerConfigKeys (ConfUtils.java:logGet(46)) - raft.server.leaderelection.leader.step-down.wait-time = 10s (default)
2024-02-06 10:04:18,596 [ec6898a0-344d-48d8-8a85-11fa109d489b-groupManagement] INFO  server.RaftServerConfigKeys (ConfUtils.java:logGet(46)) - raft.server.leaderelection.member.majority-add = false (default)
2024-02-06 10:04:18,596 [ec6898a0-344d-48d8-8a85-11fa109d489b-groupManagement] INFO  server.RaftServerConfigKeys (ConfUtils.java:logGet(46)) - raft.server.sleep.deviation.threshold = 300ms (default)
2024-02-06 10:04:18,596 [ec6898a0-344d-48d8-8a85-11fa109d489b-groupManagement] INFO  server.RaftServer$Division (ServerState.java:<init>(113)) - ec6898a0-344d-48d8-8a85-11fa109d489b@group-8A03B379FAE5: ConfigurationManager, init=-1: peers:[ec6898a0-344d-48d8-8a85-11fa109d489b|10.1.0.5:15406]|listeners:[], old=null, confs=<EMPTY_MAP>
2024-02-06 10:04:18,596 [ec6898a0-344d-48d8-8a85-11fa109d489b-groupManagement] INFO  server.RaftServerConfigKeys (ConfUtils.java:logGet(46)) - raft.server.notification.no-leader.timeout = 300000ms (custom)
2024-02-06 10:04:18,597 [ec6898a0-344d-48d8-8a85-11fa109d489b-groupManagement] INFO  server.RaftServerConfigKeys (ConfUtils.java:logGet(46)) - raft.server.read.timeout = 10s (default)
2024-02-06 10:04:18,597 [ec6898a0-344d-48d8-8a85-11fa109d489b-groupManagement] INFO  server.RaftServerConfigKeys (ConfUtils.java:logGet(46)) - raft.server.retrycache.expirytime = 600000ms (custom)
2024-02-06 10:04:18,597 [ec6898a0-344d-48d8-8a85-11fa109d489b-groupManagement] INFO  server.RaftServerConfigKeys (ConfUtils.java:logGet(46)) - raft.server.retrycache.statistics.expirytime = 100ms (default)
2024-02-06 10:04:18,597 [ec6898a0-344d-48d8-8a85-11fa109d489b-groupManagement] INFO  server.RaftServerConfigKeys (ConfUtils.java:logGet(46)) - raft.server.read.option = DEFAULT (default)
2024-02-06 10:04:18,597 [ec6898a0-344d-48d8-8a85-11fa109d489b-groupManagement] INFO  server.RaftServerConfigKeys (ConfUtils.java:logGet(46)) - raft.server.read.read-after-write-consistent.write-index-cache.expiry-time = 60s (default)
2024-02-06 10:04:18,599 [ec6898a0-344d-48d8-8a85-11fa109d489b-groupManagement] INFO  server.RaftServerConfigKeys (ConfUtils.java:logGet(46)) - raft.server.rpc.request.timeout = 3000ms (default)
2024-02-06 10:04:18,599 [ec6898a0-344d-48d8-8a85-11fa109d489b-groupManagement] INFO  server.RaftServerConfigKeys (ConfUtils.java:logGet(46)) - raft.server.log.appender.install.snapshot.enabled = false (custom)
2024-02-06 10:04:18,599 [ec6898a0-344d-48d8-8a85-11fa109d489b-groupManagement] INFO  server.RaftServerConfigKeys (ConfUtils.java:logGet(46)) - raft.server.threadpool.server.cached = true (default)
2024-02-06 10:04:18,599 [ec6898a0-344d-48d8-8a85-11fa109d489b-groupManagement] INFO  server.RaftServerConfigKeys (ConfUtils.java:logGet(46)) - raft.server.threadpool.server.size = 0 (default)
2024-02-06 10:04:18,599 [ec6898a0-344d-48d8-8a85-11fa109d489b-groupManagement] INFO  server.RaftServerConfigKeys (ConfUtils.java:logGet(46)) - raft.server.threadpool.client.cached = true (default)
2024-02-06 10:04:18,599 [ec6898a0-344d-48d8-8a85-11fa109d489b-groupManagement] INFO  server.RaftServerConfigKeys (ConfUtils.java:logGet(46)) - raft.server.threadpool.client.size = 0 (default)
2024-02-06 10:04:18,599 [ec6898a0-344d-48d8-8a85-11fa109d489b-groupManagement] INFO  server.RaftServerConfigKeys (ConfUtils.java:logGet(46)) - raft.server.storage.free-space.min = 0MB (=0) (default)
2024-02-06 10:04:18,599 [ec6898a0-344d-48d8-8a85-11fa109d489b-groupManagement] INFO  server.RaftServerConfigKeys (ConfUtils.java:logGet(46)) - raft.server.log.corruption.policy = EXCEPTION (default)
2024-02-06 10:04:18,599 [ec6898a0-344d-48d8-8a85-11fa109d489b-groupManagement] INFO  server.RaftServerConfigKeys (ConfUtils.java:logGet(46)) - raft.server.storage.dir = [/home/runner/work/ozone/ozone/hadoop-ozone/integration-test/target/test-dir/MiniOzoneClusterImpl-0ae4c21d-b8eb-4e36-9639-963ec8fb7de7/datanode-4/data/ratis] (custom)
2024-02-06 10:04:18,599 [ec6898a0-344d-48d8-8a85-11fa109d489b-groupManagement] INFO  storage.RaftStorageDirectory (RaftStorageDirectoryImpl.java:analyzeStorage(138)) - The storage directory /home/runner/work/ozone/ozone/hadoop-ozone/integration-test/target/test-dir/MiniOzoneClusterImpl-0ae4c21d-b8eb-4e36-9639-963ec8fb7de7/datanode-4/data/ratis/e116d9dc-e2e1-40c6-bcbd-8a03b379fae5 does not exist. Creating ...
2024-02-06 10:04:18,600 [ec6898a0-344d-48d8-8a85-11fa109d489b-groupManagement] INFO  storage.RaftStorageDirectory (RaftStorageDirectoryImpl.java:tryLock(228)) - Lock on /home/runner/work/ozone/ozone/hadoop-ozone/integration-test/target/test-dir/MiniOzoneClusterImpl-0ae4c21d-b8eb-4e36-9639-963ec8fb7de7/datanode-4/data/ratis/e116d9dc-e2e1-40c6-bcbd-8a03b379fae5/in_use.lock acquired by nodename 37157@fv-az776-296
2024-02-06 10:04:18,601 [ec6898a0-344d-48d8-8a85-11fa109d489b-groupManagement] INFO  storage.RaftStorage (RaftStorageImpl.java:format(99)) - Storage directory /home/runner/work/ozone/ozone/hadoop-ozone/integration-test/target/test-dir/MiniOzoneClusterImpl-0ae4c21d-b8eb-4e36-9639-963ec8fb7de7/datanode-4/data/ratis/e116d9dc-e2e1-40c6-bcbd-8a03b379fae5 has been successfully formatted.
2024-02-06 10:04:18,601 [ec6898a0-344d-48d8-8a85-11fa109d489b-groupManagement] WARN  util.FileUtils (LogUtils.java:supplyAndLog(63)) - Failed to Files.newInputStream /home/runner/work/ozone/ozone/hadoop-ozone/integration-test/target/test-dir/MiniOzoneClusterImpl-0ae4c21d-b8eb-4e36-9639-963ec8fb7de7/datanode-4/data/ratis/e116d9dc-e2e1-40c6-bcbd-8a03b379fae5/current/raft-meta.conf with options []: java.nio.file.NoSuchFileException: /home/runner/work/ozone/ozone/hadoop-ozone/integration-test/target/test-dir/MiniOzoneClusterImpl-0ae4c21d-b8eb-4e36-9639-963ec8fb7de7/datanode-4/data/ratis/e116d9dc-e2e1-40c6-bcbd-8a03b379fae5/current/raft-meta.conf
2024-02-06 10:04:18,601 [ec6898a0-344d-48d8-8a85-11fa109d489b-groupManagement] INFO  ratis.ContainerStateMachine (ContainerStateMachine.java:loadSnapshot(287)) - group-8A03B379FAE5: The snapshot info is null. Setting the last applied index to:(t:0, i:~)
2024-02-06 10:04:18,601 [ec6898a0-344d-48d8-8a85-11fa109d489b-groupManagement] INFO  server.RaftServerConfigKeys (ConfUtils.java:logGet(46)) - raft.server.log.use.memory = false (default)
2024-02-06 10:04:18,601 [ec6898a0-344d-48d8-8a85-11fa109d489b-groupManagement] INFO  server.RaftServerConfigKeys (ConfUtils.java:logGet(46)) - raft.server.log.purge.gap = 1000000 (custom)
2024-02-06 10:04:18,602 [ec6898a0-344d-48d8-8a85-11fa109d489b-groupManagement] INFO  server.RaftServerConfigKeys (ConfUtils.java:logGet(46)) - raft.server.log.appender.buffer.byte-limit = 8388608 (custom)
2024-02-06 10:04:18,602 [ec6898a0-344d-48d8-8a85-11fa109d489b-groupManagement] INFO  server.RaftServerConfigKeys (ConfUtils.java:logGet(46)) - raft.server.log.statemachine.data.read.timeout = 1000ms (default)
2024-02-06 10:04:18,602 [ec6898a0-344d-48d8-8a85-11fa109d489b-groupManagement] INFO  server.RaftServerConfigKeys (ConfUtils.java:logGet(46)) - raft.server.log.purge.preservation.log.num = 0 (default)
2024-02-06 10:04:18,603 [EventQueue-PipelineReportForPipelineReportHandler] INFO  pipeline.PipelineReportHandler (PipelineReportHandler.java:processPipelineReport(136)) - Opened pipeline PipelineID=e116d9dc-e2e1-40c6-bcbd-8a03b379fae5
2024-02-06 10:04:18,603 [ec6898a0-344d-48d8-8a85-11fa109d489b-groupManagement] INFO  server.RaftServerConfigKeys (ConfUtils.java:logGet(46)) - raft.server.log.segment.size.max = 67108864 (custom)
2024-02-06 10:04:18,603 [ec6898a0-344d-48d8-8a85-11fa109d489b-groupManagement] INFO  server.RaftServerConfigKeys (ConfUtils.java:logGet(46)) - raft.server.log.segment.cache.num.max = 2 (custom)
2024-02-06 10:04:18,603 [ec6898a0-344d-48d8-8a85-11fa109d489b-groupManagement] INFO  server.RaftServerConfigKeys (ConfUtils.java:logGet(46)) - raft.server.log.segment.cache.size.max = 200MB (=209715200) (default)
2024-02-06 10:04:18,603 [ec6898a0-344d-48d8-8a85-11fa109d489b-groupManagement] INFO  server.RaftServerConfigKeys (ConfUtils.java:logGet(46)) - raft.server.log.appender.buffer.byte-limit = 8388608 (custom)
2024-02-06 10:04:18,603 [ec6898a0-344d-48d8-8a85-11fa109d489b-groupManagement] INFO  util.AwaitToRun (AwaitToRun.java:start(81)) - Thread[ec6898a0-344d-48d8-8a85-11fa109d489b@group-8A03B379FAE5-cacheEviction-AwaitToRun,5,main] started
2024-02-06 10:04:18,603 [ec6898a0-344d-48d8-8a85-11fa109d489b-groupManagement] INFO  segmented.SegmentedRaftLogWorker (SegmentedRaftLogWorker.java:<init>(182)) - new ec6898a0-344d-48d8-8a85-11fa109d489b@group-8A03B379FAE5-SegmentedRaftLogWorker for RaftStorageImpl:Storage Directory /home/runner/work/ozone/ozone/hadoop-ozone/integration-test/target/test-dir/MiniOzoneClusterImpl-0ae4c21d-b8eb-4e36-9639-963ec8fb7de7/datanode-4/data/ratis/e116d9dc-e2e1-40c6-bcbd-8a03b379fae5
2024-02-06 10:04:18,603 [ec6898a0-344d-48d8-8a85-11fa109d489b-groupManagement] INFO  server.RaftServerConfigKeys (ConfUtils.java:logGet(46)) - raft.server.log.queue.byte-limit = 4294967296 (custom)
2024-02-06 10:04:18,604 [ec6898a0-344d-48d8-8a85-11fa109d489b-groupManagement] INFO  server.RaftServerConfigKeys (ConfUtils.java:logGet(46)) - raft.server.log.queue.element-limit = 1024 (custom)
2024-02-06 10:04:18,604 [ec6898a0-344d-48d8-8a85-11fa109d489b-groupManagement] INFO  server.RaftServerConfigKeys (ConfUtils.java:logGet(46)) - raft.server.log.segment.size.max = 67108864 (custom)
2024-02-06 10:04:18,604 [ec6898a0-344d-48d8-8a85-11fa109d489b-groupManagement] INFO  server.RaftServerConfigKeys (ConfUtils.java:logGet(46)) - raft.server.log.preallocated.size = 4194304 (custom)
2024-02-06 10:04:18,604 [ec6898a0-344d-48d8-8a85-11fa109d489b-groupManagement] INFO  server.RaftServerConfigKeys (ConfUtils.java:logGet(46)) - raft.server.log.force.sync.num = 128 (default)
2024-02-06 10:04:18,604 [ec6898a0-344d-48d8-8a85-11fa109d489b-groupManagement] INFO  server.RaftServerConfigKeys (ConfUtils.java:logGet(46)) - raft.server.log.statemachine.data.sync = true (default)
2024-02-06 10:04:18,604 [ec6898a0-344d-48d8-8a85-11fa109d489b-groupManagement] INFO  server.RaftServerConfigKeys (ConfUtils.java:logGet(46)) - raft.server.log.statemachine.data.sync.timeout = 10s (default)
2024-02-06 10:04:18,604 [ec6898a0-344d-48d8-8a85-11fa109d489b-groupManagement] INFO  server.RaftServerConfigKeys (ConfUtils.java:logGet(46)) - raft.server.log.statemachine.data.sync.timeout.retry = 0 (custom)
2024-02-06 10:04:18,604 [ec6898a0-344d-48d8-8a85-11fa109d489b-groupManagement] INFO  server.RaftServerConfigKeys (ConfUtils.java:logGet(46)) - raft.server.log.write.buffer.size = 8388616 (custom)
2024-02-06 10:04:18,605 [EventQueue-OpenPipelineForHealthyPipelineSafeModeRule] INFO  safemode.SCMSafeModeManager (HealthyPipelineSafeModeRule.java:process(140)) - SCM in safe mode. Healthy pipelines reported count is 0, required healthy pipeline reported count is 1
2024-02-06 10:04:18,605 [ec6898a0-344d-48d8-8a85-11fa109d489b-groupManagement] INFO  server.RaftServerConfigKeys (ConfUtils.java:logGet(46)) - raft.server.log.appender.buffer.byte-limit = 8388608 (custom)
2024-02-06 10:04:18,605 [ec6898a0-344d-48d8-8a85-11fa109d489b-groupManagement] INFO  server.RaftServerConfigKeys (ConfUtils.java:logGet(46)) - raft.server.log.unsafe-flush.enabled = false (default)
2024-02-06 10:04:18,605 [ec6898a0-344d-48d8-8a85-11fa109d489b-groupManagement] INFO  server.RaftServerConfigKeys (ConfUtils.java:logGet(46)) - raft.server.log.async-flush.enabled = false (default)
2024-02-06 10:04:18,605 [ec6898a0-344d-48d8-8a85-11fa109d489b-groupManagement] INFO  server.RaftServerConfigKeys (ConfUtils.java:logGet(46)) - raft.server.log.statemachine.data.caching.enabled = true (custom)
2024-02-06 10:04:18,606 [ec6898a0-344d-48d8-8a85-11fa109d489b-groupManagement] INFO  segmented.SegmentedRaftLogWorker (SegmentedRaftLogWorker.java:lambda$new$0(134)) - ec6898a0-344d-48d8-8a85-11fa109d489b@group-8A03B379FAE5-SegmentedRaftLogWorker: flushIndex: setUnconditionally 0 -> -1
2024-02-06 10:04:18,606 [ec6898a0-344d-48d8-8a85-11fa109d489b-groupManagement] INFO  segmented.SegmentedRaftLogWorker (SegmentedRaftLogWorker.java:lambda$new$0(134)) - ec6898a0-344d-48d8-8a85-11fa109d489b@group-8A03B379FAE5-SegmentedRaftLogWorker: safeCacheEvictIndex: setUnconditionally 0 -> -1
2024-02-06 10:04:18,606 [ec6898a0-344d-48d8-8a85-11fa109d489b-groupManagement] INFO  server.RaftServer$Division (RaftServerImpl.java:start(396)) - ec6898a0-344d-48d8-8a85-11fa109d489b@group-8A03B379FAE5: start as a follower, conf=-1: peers:[ec6898a0-344d-48d8-8a85-11fa109d489b|10.1.0.5:15406]|listeners:[], old=null
2024-02-06 10:04:18,606 [ec6898a0-344d-48d8-8a85-11fa109d489b-groupManagement] INFO  server.RaftServer$Division (RaftServerImpl.java:setRole(383)) - ec6898a0-344d-48d8-8a85-11fa109d489b@group-8A03B379FAE5: changes role from      null to FOLLOWER at term 0 for startAsFollower
2024-02-06 10:04:18,606 [ec6898a0-344d-48d8-8a85-11fa109d489b-groupManagement] INFO  impl.RoleInfo (RoleInfo.java:updateAndGet(139)) - ec6898a0-344d-48d8-8a85-11fa109d489b: start ec6898a0-344d-48d8-8a85-11fa109d489b@group-8A03B379FAE5-FollowerState
2024-02-06 10:04:18,606 [ec6898a0-344d-48d8-8a85-11fa109d489b-groupManagement] INFO  util.JmxRegister (JmxRegister.java:tryRegister(44)) - Successfully registered JMX Bean with object name Ratis:service=RaftServer,group=group-8A03B379FAE5,id=ec6898a0-344d-48d8-8a85-11fa109d489b
2024-02-06 10:04:18,606 [ec6898a0-344d-48d8-8a85-11fa109d489b@group-8A03B379FAE5-FollowerState] INFO  server.RaftServerConfigKeys (ConfUtils.java:logFallback(53)) - raft.server.rpc.first-election.timeout.min = 5s (fallback to raft.server.rpc.timeout.min)
2024-02-06 10:04:18,606 [ec6898a0-344d-48d8-8a85-11fa109d489b-groupManagement] INFO  server.RaftServerConfigKeys (ConfUtils.java:logGet(46)) - raft.server.snapshot.trigger-when-stop.enabled = true (default)
2024-02-06 10:04:18,606 [ec6898a0-344d-48d8-8a85-11fa109d489b@group-8A03B379FAE5-FollowerState] INFO  server.RaftServerConfigKeys (ConfUtils.java:logFallback(53)) - raft.server.rpc.first-election.timeout.max = 5200ms (fallback to raft.server.rpc.timeout.max)
2024-02-06 10:04:18,606 [ec6898a0-344d-48d8-8a85-11fa109d489b-groupManagement] INFO  server.RaftServerConfigKeys (ConfUtils.java:logGet(46)) - raft.server.snapshot.auto.trigger.enabled = true (custom)
2024-02-06 10:04:18,606 [ec6898a0-344d-48d8-8a85-11fa109d489b-groupManagement] INFO  server.RaftServerConfigKeys (ConfUtils.java:logGet(46)) - raft.server.snapshot.auto.trigger.threshold = 10000 (custom)
2024-02-06 10:04:18,606 [ec6898a0-344d-48d8-8a85-11fa109d489b-groupManagement] INFO  server.RaftServerConfigKeys (ConfUtils.java:logGet(46)) - raft.server.snapshot.retention.file.num = 5 (custom)
2024-02-06 10:04:18,606 [ec6898a0-344d-48d8-8a85-11fa109d489b-groupManagement] INFO  server.RaftServerConfigKeys (ConfUtils.java:logGet(46)) - raft.server.log.purge.upto.snapshot.index = false (default)
2024-02-06 10:04:18,607 [ec6898a0-344d-48d8-8a85-11fa109d489b-PipelineCommandHandlerThread-0] INFO  ratis.XceiverServerRatis (XceiverServerRatis.java:addGroup(864)) - Created group PipelineID=e116d9dc-e2e1-40c6-bcbd-8a03b379fae5
2024-02-06 10:04:18,607 [ec6898a0-344d-48d8-8a85-11fa109d489b-PipelineCommandHandlerThread-0] INFO  commandhandler.CreatePipelineCommandHandler (CreatePipelineCommandHandler.java:lambda$handle$2(124)) - Created Pipeline RATIS ONE PipelineID=e116d9dc-e2e1-40c6-bcbd-8a03b379fae5.
2024-02-06 10:04:18,695 [f44971dd-a974-44f1-968d-f8ef2d671d75-PipelineCommandHandlerThread-0] INFO  server.RaftServer (RaftServerProxy.java:addNew(100)) - f44971dd-a974-44f1-968d-f8ef2d671d75: addNew group-3BD42F5543F3:[f44971dd-a974-44f1-968d-f8ef2d671d75|10.1.0.5:15415] returns group-3BD42F5543F3:java.util.concurrent.CompletableFuture@19aca5b2[Not completed]
2024-02-06 10:04:18,696 [f44971dd-a974-44f1-968d-f8ef2d671d75-groupManagement] INFO  server.RaftServer$Division (RaftServerImpl.java:<init>(256)) - f44971dd-a974-44f1-968d-f8ef2d671d75: new RaftServerImpl for group-3BD42F5543F3:[f44971dd-a974-44f1-968d-f8ef2d671d75|10.1.0.5:15415] with ContainerStateMachine:uninitialized
2024-02-06 10:04:18,696 [f44971dd-a974-44f1-968d-f8ef2d671d75-groupManagement] INFO  server.RaftServerConfigKeys (ConfUtils.java:logGet(46)) - raft.server.rpc.timeout.min = 5s (custom)
2024-02-06 10:04:18,696 [f44971dd-a974-44f1-968d-f8ef2d671d75-groupManagement] INFO  server.RaftServerConfigKeys (ConfUtils.java:logGet(46)) - raft.server.rpc.timeout.max = 5200ms (custom)
2024-02-06 10:04:18,696 [f44971dd-a974-44f1-968d-f8ef2d671d75-groupManagement] INFO  server.RaftServerConfigKeys (ConfUtils.java:logGet(46)) - raft.server.rpc.sleep.time = 25ms (default)
2024-02-06 10:04:18,696 [f44971dd-a974-44f1-968d-f8ef2d671d75-groupManagement] INFO  server.RaftServerConfigKeys (ConfUtils.java:logGet(46)) - raft.server.rpc.slowness.timeout = 300000ms (custom)
2024-02-06 10:04:18,696 [f44971dd-a974-44f1-968d-f8ef2d671d75-groupManagement] INFO  server.RaftServerConfigKeys (ConfUtils.java:logGet(46)) - raft.server.leaderelection.leader.step-down.wait-time = 10s (default)
2024-02-06 10:04:18,696 [f44971dd-a974-44f1-968d-f8ef2d671d75-groupManagement] INFO  server.RaftServerConfigKeys (ConfUtils.java:logGet(46)) - raft.server.leaderelection.member.majority-add = false (default)
2024-02-06 10:04:18,696 [f44971dd-a974-44f1-968d-f8ef2d671d75-groupManagement] INFO  server.RaftServerConfigKeys (ConfUtils.java:logGet(46)) - raft.server.sleep.deviation.threshold = 300ms (default)
2024-02-06 10:04:18,696 [f44971dd-a974-44f1-968d-f8ef2d671d75-groupManagement] INFO  server.RaftServer$Division (ServerState.java:<init>(113)) - f44971dd-a974-44f1-968d-f8ef2d671d75@group-3BD42F5543F3: ConfigurationManager, init=-1: peers:[f44971dd-a974-44f1-968d-f8ef2d671d75|10.1.0.5:15415]|listeners:[], old=null, confs=<EMPTY_MAP>
2024-02-06 10:04:18,696 [f44971dd-a974-44f1-968d-f8ef2d671d75-groupManagement] INFO  server.RaftServerConfigKeys (ConfUtils.java:logGet(46)) - raft.server.notification.no-leader.timeout = 300000ms (custom)
2024-02-06 10:04:18,696 [f44971dd-a974-44f1-968d-f8ef2d671d75-groupManagement] INFO  server.RaftServerConfigKeys (ConfUtils.java:logGet(46)) - raft.server.read.timeout = 10s (default)
2024-02-06 10:04:18,696 [f44971dd-a974-44f1-968d-f8ef2d671d75-groupManagement] INFO  server.RaftServerConfigKeys (ConfUtils.java:logGet(46)) - raft.server.retrycache.expirytime = 600000ms (custom)
2024-02-06 10:04:18,696 [f44971dd-a974-44f1-968d-f8ef2d671d75-groupManagement] INFO  server.RaftServerConfigKeys (ConfUtils.java:logGet(46)) - raft.server.retrycache.statistics.expirytime = 100ms (default)
2024-02-06 10:04:18,696 [f44971dd-a974-44f1-968d-f8ef2d671d75-groupManagement] INFO  server.RaftServerConfigKeys (ConfUtils.java:logGet(46)) - raft.server.read.option = DEFAULT (default)
2024-02-06 10:04:18,696 [f44971dd-a974-44f1-968d-f8ef2d671d75-groupManagement] INFO  server.RaftServerConfigKeys (ConfUtils.java:logGet(46)) - raft.server.read.read-after-write-consistent.write-index-cache.expiry-time = 60s (default)
2024-02-06 10:04:18,698 [f44971dd-a974-44f1-968d-f8ef2d671d75-groupManagement] INFO  server.RaftServerConfigKeys (ConfUtils.java:logGet(46)) - raft.server.rpc.request.timeout = 3000ms (default)
2024-02-06 10:04:18,698 [f44971dd-a974-44f1-968d-f8ef2d671d75-groupManagement] INFO  server.RaftServerConfigKeys (ConfUtils.java:logGet(46)) - raft.server.log.appender.install.snapshot.enabled = false (custom)
2024-02-06 10:04:18,698 [f44971dd-a974-44f1-968d-f8ef2d671d75-groupManagement] INFO  server.RaftServerConfigKeys (ConfUtils.java:logGet(46)) - raft.server.threadpool.server.cached = true (default)
2024-02-06 10:04:18,698 [f44971dd-a974-44f1-968d-f8ef2d671d75-groupManagement] INFO  server.RaftServerConfigKeys (ConfUtils.java:logGet(46)) - raft.server.threadpool.server.size = 0 (default)
2024-02-06 10:04:18,698 [f44971dd-a974-44f1-968d-f8ef2d671d75-groupManagement] INFO  server.RaftServerConfigKeys (ConfUtils.java:logGet(46)) - raft.server.threadpool.client.cached = true (default)
2024-02-06 10:04:18,698 [f44971dd-a974-44f1-968d-f8ef2d671d75-groupManagement] INFO  server.RaftServerConfigKeys (ConfUtils.java:logGet(46)) - raft.server.threadpool.client.size = 0 (default)
2024-02-06 10:04:18,698 [f44971dd-a974-44f1-968d-f8ef2d671d75-groupManagement] INFO  server.RaftServerConfigKeys (ConfUtils.java:logGet(46)) - raft.server.storage.free-space.min = 0MB (=0) (default)
2024-02-06 10:04:18,698 [f44971dd-a974-44f1-968d-f8ef2d671d75-groupManagement] INFO  server.RaftServerConfigKeys (ConfUtils.java:logGet(46)) - raft.server.log.corruption.policy = EXCEPTION (default)
2024-02-06 10:04:18,698 [f44971dd-a974-44f1-968d-f8ef2d671d75-groupManagement] INFO  server.RaftServerConfigKeys (ConfUtils.java:logGet(46)) - raft.server.storage.dir = [/home/runner/work/ozone/ozone/hadoop-ozone/integration-test/target/test-dir/MiniOzoneClusterImpl-0ae4c21d-b8eb-4e36-9639-963ec8fb7de7/datanode-5/data/ratis] (custom)
2024-02-06 10:04:18,698 [f44971dd-a974-44f1-968d-f8ef2d671d75-groupManagement] INFO  storage.RaftStorageDirectory (RaftStorageDirectoryImpl.java:analyzeStorage(138)) - The storage directory /home/runner/work/ozone/ozone/hadoop-ozone/integration-test/target/test-dir/MiniOzoneClusterImpl-0ae4c21d-b8eb-4e36-9639-963ec8fb7de7/datanode-5/data/ratis/6181edb0-3bea-4f4f-9bc8-3bd42f5543f3 does not exist. Creating ...
2024-02-06 10:04:18,699 [f44971dd-a974-44f1-968d-f8ef2d671d75-groupManagement] INFO  storage.RaftStorageDirectory (RaftStorageDirectoryImpl.java:tryLock(228)) - Lock on /home/runner/work/ozone/ozone/hadoop-ozone/integration-test/target/test-dir/MiniOzoneClusterImpl-0ae4c21d-b8eb-4e36-9639-963ec8fb7de7/datanode-5/data/ratis/6181edb0-3bea-4f4f-9bc8-3bd42f5543f3/in_use.lock acquired by nodename 37157@fv-az776-296
2024-02-06 10:04:18,700 [f44971dd-a974-44f1-968d-f8ef2d671d75-groupManagement] INFO  storage.RaftStorage (RaftStorageImpl.java:format(99)) - Storage directory /home/runner/work/ozone/ozone/hadoop-ozone/integration-test/target/test-dir/MiniOzoneClusterImpl-0ae4c21d-b8eb-4e36-9639-963ec8fb7de7/datanode-5/data/ratis/6181edb0-3bea-4f4f-9bc8-3bd42f5543f3 has been successfully formatted.
2024-02-06 10:04:18,700 [f44971dd-a974-44f1-968d-f8ef2d671d75-groupManagement] WARN  util.FileUtils (LogUtils.java:supplyAndLog(63)) - Failed to Files.newInputStream /home/runner/work/ozone/ozone/hadoop-ozone/integration-test/target/test-dir/MiniOzoneClusterImpl-0ae4c21d-b8eb-4e36-9639-963ec8fb7de7/datanode-5/data/ratis/6181edb0-3bea-4f4f-9bc8-3bd42f5543f3/current/raft-meta.conf with options []: java.nio.file.NoSuchFileException: /home/runner/work/ozone/ozone/hadoop-ozone/integration-test/target/test-dir/MiniOzoneClusterImpl-0ae4c21d-b8eb-4e36-9639-963ec8fb7de7/datanode-5/data/ratis/6181edb0-3bea-4f4f-9bc8-3bd42f5543f3/current/raft-meta.conf
2024-02-06 10:04:18,700 [f44971dd-a974-44f1-968d-f8ef2d671d75-groupManagement] INFO  ratis.ContainerStateMachine (ContainerStateMachine.java:loadSnapshot(287)) - group-3BD42F5543F3: The snapshot info is null. Setting the last applied index to:(t:0, i:~)
2024-02-06 10:04:18,700 [f44971dd-a974-44f1-968d-f8ef2d671d75-groupManagement] INFO  server.RaftServerConfigKeys (ConfUtils.java:logGet(46)) - raft.server.log.use.memory = false (default)
2024-02-06 10:04:18,700 [f44971dd-a974-44f1-968d-f8ef2d671d75-groupManagement] INFO  server.RaftServerConfigKeys (ConfUtils.java:logGet(46)) - raft.server.log.purge.gap = 1000000 (custom)
2024-02-06 10:04:18,700 [f44971dd-a974-44f1-968d-f8ef2d671d75-groupManagement] INFO  server.RaftServerConfigKeys (ConfUtils.java:logGet(46)) - raft.server.log.appender.buffer.byte-limit = 8388608 (custom)
2024-02-06 10:04:18,701 [f44971dd-a974-44f1-968d-f8ef2d671d75-groupManagement] INFO  server.RaftServerConfigKeys (ConfUtils.java:logGet(46)) - raft.server.log.statemachine.data.read.timeout = 1000ms (default)
2024-02-06 10:04:18,701 [f44971dd-a974-44f1-968d-f8ef2d671d75-groupManagement] INFO  server.RaftServerConfigKeys (ConfUtils.java:logGet(46)) - raft.server.log.purge.preservation.log.num = 0 (default)
2024-02-06 10:04:18,701 [EventQueue-PipelineReportForPipelineReportHandler] INFO  pipeline.PipelineReportHandler (PipelineReportHandler.java:processPipelineReport(136)) - Opened pipeline PipelineID=6181edb0-3bea-4f4f-9bc8-3bd42f5543f3
2024-02-06 10:04:18,702 [EventQueue-OpenPipelineForHealthyPipelineSafeModeRule] INFO  safemode.SCMSafeModeManager (HealthyPipelineSafeModeRule.java:process(140)) - SCM in safe mode. Healthy pipelines reported count is 0, required healthy pipeline reported count is 1
2024-02-06 10:04:18,702 [f44971dd-a974-44f1-968d-f8ef2d671d75-groupManagement] INFO  server.RaftServerConfigKeys (ConfUtils.java:logGet(46)) - raft.server.log.segment.size.max = 67108864 (custom)
2024-02-06 10:04:18,702 [f44971dd-a974-44f1-968d-f8ef2d671d75-groupManagement] INFO  server.RaftServerConfigKeys (ConfUtils.java:logGet(46)) - raft.server.log.segment.cache.num.max = 2 (custom)
2024-02-06 10:04:18,702 [f44971dd-a974-44f1-968d-f8ef2d671d75-groupManagement] INFO  server.RaftServerConfigKeys (ConfUtils.java:logGet(46)) - raft.server.log.segment.cache.size.max = 200MB (=209715200) (default)
2024-02-06 10:04:18,702 [f44971dd-a974-44f1-968d-f8ef2d671d75-groupManagement] INFO  server.RaftServerConfigKeys (ConfUtils.java:logGet(46)) - raft.server.log.appender.buffer.byte-limit = 8388608 (custom)
2024-02-06 10:04:18,702 [f44971dd-a974-44f1-968d-f8ef2d671d75-groupManagement] INFO  util.AwaitToRun (AwaitToRun.java:start(81)) - Thread[f44971dd-a974-44f1-968d-f8ef2d671d75@group-3BD42F5543F3-cacheEviction-AwaitToRun,5,main] started
2024-02-06 10:04:18,702 [f44971dd-a974-44f1-968d-f8ef2d671d75-groupManagement] INFO  segmented.SegmentedRaftLogWorker (SegmentedRaftLogWorker.java:<init>(182)) - new f44971dd-a974-44f1-968d-f8ef2d671d75@group-3BD42F5543F3-SegmentedRaftLogWorker for RaftStorageImpl:Storage Directory /home/runner/work/ozone/ozone/hadoop-ozone/integration-test/target/test-dir/MiniOzoneClusterImpl-0ae4c21d-b8eb-4e36-9639-963ec8fb7de7/datanode-5/data/ratis/6181edb0-3bea-4f4f-9bc8-3bd42f5543f3
2024-02-06 10:04:18,702 [f44971dd-a974-44f1-968d-f8ef2d671d75-groupManagement] INFO  server.RaftServerConfigKeys (ConfUtils.java:logGet(46)) - raft.server.log.queue.byte-limit = 4294967296 (custom)
2024-02-06 10:04:18,702 [f44971dd-a974-44f1-968d-f8ef2d671d75-groupManagement] INFO  server.RaftServerConfigKeys (ConfUtils.java:logGet(46)) - raft.server.log.queue.element-limit = 1024 (custom)
2024-02-06 10:04:18,703 [f44971dd-a974-44f1-968d-f8ef2d671d75-groupManagement] INFO  server.RaftServerConfigKeys (ConfUtils.java:logGet(46)) - raft.server.log.segment.size.max = 67108864 (custom)
2024-02-06 10:04:18,703 [f44971dd-a974-44f1-968d-f8ef2d671d75-groupManagement] INFO  server.RaftServerConfigKeys (ConfUtils.java:logGet(46)) - raft.server.log.preallocated.size = 4194304 (custom)
2024-02-06 10:04:18,703 [f44971dd-a974-44f1-968d-f8ef2d671d75-groupManagement] INFO  server.RaftServerConfigKeys (ConfUtils.java:logGet(46)) - raft.server.log.force.sync.num = 128 (default)
2024-02-06 10:04:18,703 [f44971dd-a974-44f1-968d-f8ef2d671d75-groupManagement] INFO  server.RaftServerConfigKeys (ConfUtils.java:logGet(46)) - raft.server.log.statemachine.data.sync = true (default)
2024-02-06 10:04:18,703 [f44971dd-a974-44f1-968d-f8ef2d671d75-groupManagement] INFO  server.RaftServerConfigKeys (ConfUtils.java:logGet(46)) - raft.server.log.statemachine.data.sync.timeout = 10s (default)
2024-02-06 10:04:18,703 [f44971dd-a974-44f1-968d-f8ef2d671d75-groupManagement] INFO  server.RaftServerConfigKeys (ConfUtils.java:logGet(46)) - raft.server.log.statemachine.data.sync.timeout.retry = 0 (custom)
2024-02-06 10:04:18,703 [f44971dd-a974-44f1-968d-f8ef2d671d75-groupManagement] INFO  server.RaftServerConfigKeys (ConfUtils.java:logGet(46)) - raft.server.log.write.buffer.size = 8388616 (custom)
2024-02-06 10:04:18,704 [f44971dd-a974-44f1-968d-f8ef2d671d75-groupManagement] INFO  server.RaftServerConfigKeys (ConfUtils.java:logGet(46)) - raft.server.log.appender.buffer.byte-limit = 8388608 (custom)
2024-02-06 10:04:18,704 [f44971dd-a974-44f1-968d-f8ef2d671d75-groupManagement] INFO  server.RaftServerConfigKeys (ConfUtils.java:logGet(46)) - raft.server.log.unsafe-flush.enabled = false (default)
2024-02-06 10:04:18,704 [f44971dd-a974-44f1-968d-f8ef2d671d75-groupManagement] INFO  server.RaftServerConfigKeys (ConfUtils.java:logGet(46)) - raft.server.log.async-flush.enabled = false (default)
2024-02-06 10:04:18,704 [f44971dd-a974-44f1-968d-f8ef2d671d75-groupManagement] INFO  server.RaftServerConfigKeys (ConfUtils.java:logGet(46)) - raft.server.log.statemachine.data.caching.enabled = true (custom)
2024-02-06 10:04:18,704 [f44971dd-a974-44f1-968d-f8ef2d671d75-groupManagement] INFO  segmented.SegmentedRaftLogWorker (SegmentedRaftLogWorker.java:lambda$new$0(134)) - f44971dd-a974-44f1-968d-f8ef2d671d75@group-3BD42F5543F3-SegmentedRaftLogWorker: flushIndex: setUnconditionally 0 -> -1
2024-02-06 10:04:18,704 [f44971dd-a974-44f1-968d-f8ef2d671d75-groupManagement] INFO  segmented.SegmentedRaftLogWorker (SegmentedRaftLogWorker.java:lambda$new$0(134)) - f44971dd-a974-44f1-968d-f8ef2d671d75@group-3BD42F5543F3-SegmentedRaftLogWorker: safeCacheEvictIndex: setUnconditionally 0 -> -1
2024-02-06 10:04:18,704 [f44971dd-a974-44f1-968d-f8ef2d671d75-groupManagement] INFO  server.RaftServer$Division (RaftServerImpl.java:start(396)) - f44971dd-a974-44f1-968d-f8ef2d671d75@group-3BD42F5543F3: start as a follower, conf=-1: peers:[f44971dd-a974-44f1-968d-f8ef2d671d75|10.1.0.5:15415]|listeners:[], old=null
2024-02-06 10:04:18,705 [f44971dd-a974-44f1-968d-f8ef2d671d75-groupManagement] INFO  server.RaftServer$Division (RaftServerImpl.java:setRole(383)) - f44971dd-a974-44f1-968d-f8ef2d671d75@group-3BD42F5543F3: changes role from      null to FOLLOWER at term 0 for startAsFollower
2024-02-06 10:04:18,705 [f44971dd-a974-44f1-968d-f8ef2d671d75-groupManagement] INFO  impl.RoleInfo (RoleInfo.java:updateAndGet(139)) - f44971dd-a974-44f1-968d-f8ef2d671d75: start f44971dd-a974-44f1-968d-f8ef2d671d75@group-3BD42F5543F3-FollowerState
2024-02-06 10:04:18,705 [f44971dd-a974-44f1-968d-f8ef2d671d75@group-3BD42F5543F3-FollowerState] INFO  server.RaftServerConfigKeys (ConfUtils.java:logFallback(53)) - raft.server.rpc.first-election.timeout.min = 5s (fallback to raft.server.rpc.timeout.min)
2024-02-06 10:04:18,705 [f44971dd-a974-44f1-968d-f8ef2d671d75-groupManagement] INFO  util.JmxRegister (JmxRegister.java:tryRegister(44)) - Successfully registered JMX Bean with object name Ratis:service=RaftServer,group=group-3BD42F5543F3,id=f44971dd-a974-44f1-968d-f8ef2d671d75
2024-02-06 10:04:18,705 [f44971dd-a974-44f1-968d-f8ef2d671d75@group-3BD42F5543F3-FollowerState] INFO  server.RaftServerConfigKeys (ConfUtils.java:logFallback(53)) - raft.server.rpc.first-election.timeout.max = 5200ms (fallback to raft.server.rpc.timeout.max)
2024-02-06 10:04:18,705 [f44971dd-a974-44f1-968d-f8ef2d671d75-groupManagement] INFO  server.RaftServerConfigKeys (ConfUtils.java:logGet(46)) - raft.server.snapshot.trigger-when-stop.enabled = true (default)
2024-02-06 10:04:18,705 [f44971dd-a974-44f1-968d-f8ef2d671d75-groupManagement] INFO  server.RaftServerConfigKeys (ConfUtils.java:logGet(46)) - raft.server.snapshot.auto.trigger.enabled = true (custom)
2024-02-06 10:04:18,705 [f44971dd-a974-44f1-968d-f8ef2d671d75-groupManagement] INFO  server.RaftServerConfigKeys (ConfUtils.java:logGet(46)) - raft.server.snapshot.auto.trigger.threshold = 10000 (custom)
2024-02-06 10:04:18,705 [f44971dd-a974-44f1-968d-f8ef2d671d75-groupManagement] INFO  server.RaftServerConfigKeys (ConfUtils.java:logGet(46)) - raft.server.snapshot.retention.file.num = 5 (custom)
2024-02-06 10:04:18,705 [f44971dd-a974-44f1-968d-f8ef2d671d75-groupManagement] INFO  server.RaftServerConfigKeys (ConfUtils.java:logGet(46)) - raft.server.log.purge.upto.snapshot.index = false (default)
2024-02-06 10:04:18,706 [f44971dd-a974-44f1-968d-f8ef2d671d75-PipelineCommandHandlerThread-0] INFO  ratis.XceiverServerRatis (XceiverServerRatis.java:addGroup(864)) - Created group PipelineID=6181edb0-3bea-4f4f-9bc8-3bd42f5543f3
2024-02-06 10:04:18,706 [f44971dd-a974-44f1-968d-f8ef2d671d75-PipelineCommandHandlerThread-0] INFO  commandhandler.CreatePipelineCommandHandler (CreatePipelineCommandHandler.java:lambda$handle$2(124)) - Created Pipeline RATIS ONE PipelineID=6181edb0-3bea-4f4f-9bc8-3bd42f5543f3.
2024-02-06 10:04:18,785 [3978496b-7107-4711-aebb-7ffe7c8dd03a-PipelineCommandHandlerThread-0] INFO  server.RaftServer (RaftServerProxy.java:addNew(100)) - 3978496b-7107-4711-aebb-7ffe7c8dd03a: addNew group-118574AA0AFC:[3978496b-7107-4711-aebb-7ffe7c8dd03a|10.1.0.5:15424] returns group-118574AA0AFC:java.util.concurrent.CompletableFuture@1ca9dbee[Not completed]
2024-02-06 10:04:18,786 [3978496b-7107-4711-aebb-7ffe7c8dd03a-groupManagement] INFO  server.RaftServer$Division (RaftServerImpl.java:<init>(256)) - 3978496b-7107-4711-aebb-7ffe7c8dd03a: new RaftServerImpl for group-118574AA0AFC:[3978496b-7107-4711-aebb-7ffe7c8dd03a|10.1.0.5:15424] with ContainerStateMachine:uninitialized
2024-02-06 10:04:18,786 [3978496b-7107-4711-aebb-7ffe7c8dd03a-groupManagement] INFO  server.RaftServerConfigKeys (ConfUtils.java:logGet(46)) - raft.server.rpc.timeout.min = 5s (custom)
2024-02-06 10:04:18,786 [3978496b-7107-4711-aebb-7ffe7c8dd03a-groupManagement] INFO  server.RaftServerConfigKeys (ConfUtils.java:logGet(46)) - raft.server.rpc.timeout.max = 5200ms (custom)
2024-02-06 10:04:18,786 [3978496b-7107-4711-aebb-7ffe7c8dd03a-groupManagement] INFO  server.RaftServerConfigKeys (ConfUtils.java:logGet(46)) - raft.server.rpc.sleep.time = 25ms (default)
2024-02-06 10:04:18,786 [3978496b-7107-4711-aebb-7ffe7c8dd03a-groupManagement] INFO  server.RaftServerConfigKeys (ConfUtils.java:logGet(46)) - raft.server.rpc.slowness.timeout = 300000ms (custom)
2024-02-06 10:04:18,786 [3978496b-7107-4711-aebb-7ffe7c8dd03a-groupManagement] INFO  server.RaftServerConfigKeys (ConfUtils.java:logGet(46)) - raft.server.leaderelection.leader.step-down.wait-time = 10s (default)
2024-02-06 10:04:18,786 [3978496b-7107-4711-aebb-7ffe7c8dd03a-groupManagement] INFO  server.RaftServerConfigKeys (ConfUtils.java:logGet(46)) - raft.server.leaderelection.member.majority-add = false (default)
2024-02-06 10:04:18,786 [3978496b-7107-4711-aebb-7ffe7c8dd03a-groupManagement] INFO  server.RaftServerConfigKeys (ConfUtils.java:logGet(46)) - raft.server.sleep.deviation.threshold = 300ms (default)
2024-02-06 10:04:18,786 [3978496b-7107-4711-aebb-7ffe7c8dd03a-groupManagement] INFO  server.RaftServer$Division (ServerState.java:<init>(113)) - 3978496b-7107-4711-aebb-7ffe7c8dd03a@group-118574AA0AFC: ConfigurationManager, init=-1: peers:[3978496b-7107-4711-aebb-7ffe7c8dd03a|10.1.0.5:15424]|listeners:[], old=null, confs=<EMPTY_MAP>
2024-02-06 10:04:18,786 [3978496b-7107-4711-aebb-7ffe7c8dd03a-groupManagement] INFO  server.RaftServerConfigKeys (ConfUtils.java:logGet(46)) - raft.server.notification.no-leader.timeout = 300000ms (custom)
2024-02-06 10:04:18,786 [3978496b-7107-4711-aebb-7ffe7c8dd03a-groupManagement] INFO  server.RaftServerConfigKeys (ConfUtils.java:logGet(46)) - raft.server.read.timeout = 10s (default)
2024-02-06 10:04:18,787 [3978496b-7107-4711-aebb-7ffe7c8dd03a-groupManagement] INFO  server.RaftServerConfigKeys (ConfUtils.java:logGet(46)) - raft.server.retrycache.expirytime = 600000ms (custom)
2024-02-06 10:04:18,787 [3978496b-7107-4711-aebb-7ffe7c8dd03a-groupManagement] INFO  server.RaftServerConfigKeys (ConfUtils.java:logGet(46)) - raft.server.retrycache.statistics.expirytime = 100ms (default)
2024-02-06 10:04:18,787 [3978496b-7107-4711-aebb-7ffe7c8dd03a-groupManagement] INFO  server.RaftServerConfigKeys (ConfUtils.java:logGet(46)) - raft.server.read.option = DEFAULT (default)
2024-02-06 10:04:18,787 [3978496b-7107-4711-aebb-7ffe7c8dd03a-groupManagement] INFO  server.RaftServerConfigKeys (ConfUtils.java:logGet(46)) - raft.server.read.read-after-write-consistent.write-index-cache.expiry-time = 60s (default)
2024-02-06 10:04:18,789 [3978496b-7107-4711-aebb-7ffe7c8dd03a-groupManagement] INFO  server.RaftServerConfigKeys (ConfUtils.java:logGet(46)) - raft.server.rpc.request.timeout = 3000ms (default)
2024-02-06 10:04:18,789 [3978496b-7107-4711-aebb-7ffe7c8dd03a-groupManagement] INFO  server.RaftServerConfigKeys (ConfUtils.java:logGet(46)) - raft.server.log.appender.install.snapshot.enabled = false (custom)
2024-02-06 10:04:18,789 [3978496b-7107-4711-aebb-7ffe7c8dd03a-groupManagement] INFO  server.RaftServerConfigKeys (ConfUtils.java:logGet(46)) - raft.server.threadpool.server.cached = true (default)
2024-02-06 10:04:18,789 [3978496b-7107-4711-aebb-7ffe7c8dd03a-groupManagement] INFO  server.RaftServerConfigKeys (ConfUtils.java:logGet(46)) - raft.server.threadpool.server.size = 0 (default)
2024-02-06 10:04:18,789 [3978496b-7107-4711-aebb-7ffe7c8dd03a-groupManagement] INFO  server.RaftServerConfigKeys (ConfUtils.java:logGet(46)) - raft.server.threadpool.client.cached = true (default)
2024-02-06 10:04:18,789 [3978496b-7107-4711-aebb-7ffe7c8dd03a-groupManagement] INFO  server.RaftServerConfigKeys (ConfUtils.java:logGet(46)) - raft.server.threadpool.client.size = 0 (default)
2024-02-06 10:04:18,789 [3978496b-7107-4711-aebb-7ffe7c8dd03a-groupManagement] INFO  server.RaftServerConfigKeys (ConfUtils.java:logGet(46)) - raft.server.storage.free-space.min = 0MB (=0) (default)
2024-02-06 10:04:18,789 [3978496b-7107-4711-aebb-7ffe7c8dd03a-groupManagement] INFO  server.RaftServerConfigKeys (ConfUtils.java:logGet(46)) - raft.server.log.corruption.policy = EXCEPTION (default)
2024-02-06 10:04:18,789 [3978496b-7107-4711-aebb-7ffe7c8dd03a-groupManagement] INFO  server.RaftServerConfigKeys (ConfUtils.java:logGet(46)) - raft.server.storage.dir = [/home/runner/work/ozone/ozone/hadoop-ozone/integration-test/target/test-dir/MiniOzoneClusterImpl-0ae4c21d-b8eb-4e36-9639-963ec8fb7de7/datanode-6/data/ratis] (custom)
2024-02-06 10:04:18,789 [3978496b-7107-4711-aebb-7ffe7c8dd03a-groupManagement] INFO  storage.RaftStorageDirectory (RaftStorageDirectoryImpl.java:analyzeStorage(138)) - The storage directory /home/runner/work/ozone/ozone/hadoop-ozone/integration-test/target/test-dir/MiniOzoneClusterImpl-0ae4c21d-b8eb-4e36-9639-963ec8fb7de7/datanode-6/data/ratis/856dba0f-72b4-4f10-a069-118574aa0afc does not exist. Creating ...
2024-02-06 10:04:18,790 [3978496b-7107-4711-aebb-7ffe7c8dd03a-groupManagement] INFO  storage.RaftStorageDirectory (RaftStorageDirectoryImpl.java:tryLock(228)) - Lock on /home/runner/work/ozone/ozone/hadoop-ozone/integration-test/target/test-dir/MiniOzoneClusterImpl-0ae4c21d-b8eb-4e36-9639-963ec8fb7de7/datanode-6/data/ratis/856dba0f-72b4-4f10-a069-118574aa0afc/in_use.lock acquired by nodename 37157@fv-az776-296
2024-02-06 10:04:18,791 [3978496b-7107-4711-aebb-7ffe7c8dd03a-groupManagement] INFO  storage.RaftStorage (RaftStorageImpl.java:format(99)) - Storage directory /home/runner/work/ozone/ozone/hadoop-ozone/integration-test/target/test-dir/MiniOzoneClusterImpl-0ae4c21d-b8eb-4e36-9639-963ec8fb7de7/datanode-6/data/ratis/856dba0f-72b4-4f10-a069-118574aa0afc has been successfully formatted.
2024-02-06 10:04:18,791 [3978496b-7107-4711-aebb-7ffe7c8dd03a-groupManagement] WARN  util.FileUtils (LogUtils.java:supplyAndLog(63)) - Failed to Files.newInputStream /home/runner/work/ozone/ozone/hadoop-ozone/integration-test/target/test-dir/MiniOzoneClusterImpl-0ae4c21d-b8eb-4e36-9639-963ec8fb7de7/datanode-6/data/ratis/856dba0f-72b4-4f10-a069-118574aa0afc/current/raft-meta.conf with options []: java.nio.file.NoSuchFileException: /home/runner/work/ozone/ozone/hadoop-ozone/integration-test/target/test-dir/MiniOzoneClusterImpl-0ae4c21d-b8eb-4e36-9639-963ec8fb7de7/datanode-6/data/ratis/856dba0f-72b4-4f10-a069-118574aa0afc/current/raft-meta.conf
2024-02-06 10:04:18,793 [3978496b-7107-4711-aebb-7ffe7c8dd03a-groupManagement] INFO  ratis.ContainerStateMachine (ContainerStateMachine.java:loadSnapshot(287)) - group-118574AA0AFC: The snapshot info is null. Setting the last applied index to:(t:0, i:~)
2024-02-06 10:04:18,793 [3978496b-7107-4711-aebb-7ffe7c8dd03a-groupManagement] INFO  server.RaftServerConfigKeys (ConfUtils.java:logGet(46)) - raft.server.log.use.memory = false (default)
2024-02-06 10:04:18,793 [3978496b-7107-4711-aebb-7ffe7c8dd03a-groupManagement] INFO  server.RaftServerConfigKeys (ConfUtils.java:logGet(46)) - raft.server.log.purge.gap = 1000000 (custom)
2024-02-06 10:04:18,793 [3978496b-7107-4711-aebb-7ffe7c8dd03a-groupManagement] INFO  server.RaftServerConfigKeys (ConfUtils.java:logGet(46)) - raft.server.log.appender.buffer.byte-limit = 8388608 (custom)
2024-02-06 10:04:18,793 [3978496b-7107-4711-aebb-7ffe7c8dd03a-groupManagement] INFO  server.RaftServerConfigKeys (ConfUtils.java:logGet(46)) - raft.server.log.statemachine.data.read.timeout = 1000ms (default)
2024-02-06 10:04:18,793 [3978496b-7107-4711-aebb-7ffe7c8dd03a-groupManagement] INFO  server.RaftServerConfigKeys (ConfUtils.java:logGet(46)) - raft.server.log.purge.preservation.log.num = 0 (default)
2024-02-06 10:04:18,794 [EventQueue-PipelineReportForPipelineReportHandler] INFO  pipeline.PipelineReportHandler (PipelineReportHandler.java:processPipelineReport(136)) - Opened pipeline PipelineID=856dba0f-72b4-4f10-a069-118574aa0afc
2024-02-06 10:04:18,794 [EventQueue-OpenPipelineForHealthyPipelineSafeModeRule] INFO  safemode.SCMSafeModeManager (HealthyPipelineSafeModeRule.java:process(140)) - SCM in safe mode. Healthy pipelines reported count is 0, required healthy pipeline reported count is 1
2024-02-06 10:04:18,794 [3978496b-7107-4711-aebb-7ffe7c8dd03a-groupManagement] INFO  server.RaftServerConfigKeys (ConfUtils.java:logGet(46)) - raft.server.log.segment.size.max = 67108864 (custom)
2024-02-06 10:04:18,794 [3978496b-7107-4711-aebb-7ffe7c8dd03a-groupManagement] INFO  server.RaftServerConfigKeys (ConfUtils.java:logGet(46)) - raft.server.log.segment.cache.num.max = 2 (custom)
2024-02-06 10:04:18,794 [3978496b-7107-4711-aebb-7ffe7c8dd03a-groupManagement] INFO  server.RaftServerConfigKeys (ConfUtils.java:logGet(46)) - raft.server.log.segment.cache.size.max = 200MB (=209715200) (default)
2024-02-06 10:04:18,794 [3978496b-7107-4711-aebb-7ffe7c8dd03a-groupManagement] INFO  server.RaftServerConfigKeys (ConfUtils.java:logGet(46)) - raft.server.log.appender.buffer.byte-limit = 8388608 (custom)
2024-02-06 10:04:18,794 [3978496b-7107-4711-aebb-7ffe7c8dd03a-groupManagement] INFO  util.AwaitToRun (AwaitToRun.java:start(81)) - Thread[3978496b-7107-4711-aebb-7ffe7c8dd03a@group-118574AA0AFC-cacheEviction-AwaitToRun,5,main] started
2024-02-06 10:04:18,795 [3978496b-7107-4711-aebb-7ffe7c8dd03a-groupManagement] INFO  segmented.SegmentedRaftLogWorker (SegmentedRaftLogWorker.java:<init>(182)) - new 3978496b-7107-4711-aebb-7ffe7c8dd03a@group-118574AA0AFC-SegmentedRaftLogWorker for RaftStorageImpl:Storage Directory /home/runner/work/ozone/ozone/hadoop-ozone/integration-test/target/test-dir/MiniOzoneClusterImpl-0ae4c21d-b8eb-4e36-9639-963ec8fb7de7/datanode-6/data/ratis/856dba0f-72b4-4f10-a069-118574aa0afc
2024-02-06 10:04:18,795 [3978496b-7107-4711-aebb-7ffe7c8dd03a-groupManagement] INFO  server.RaftServerConfigKeys (ConfUtils.java:logGet(46)) - raft.server.log.queue.byte-limit = 4294967296 (custom)
2024-02-06 10:04:18,795 [3978496b-7107-4711-aebb-7ffe7c8dd03a-groupManagement] INFO  server.RaftServerConfigKeys (ConfUtils.java:logGet(46)) - raft.server.log.queue.element-limit = 1024 (custom)
2024-02-06 10:04:18,795 [3978496b-7107-4711-aebb-7ffe7c8dd03a-groupManagement] INFO  server.RaftServerConfigKeys (ConfUtils.java:logGet(46)) - raft.server.log.segment.size.max = 67108864 (custom)
2024-02-06 10:04:18,795 [3978496b-7107-4711-aebb-7ffe7c8dd03a-groupManagement] INFO  server.RaftServerConfigKeys (ConfUtils.java:logGet(46)) - raft.server.log.preallocated.size = 4194304 (custom)
2024-02-06 10:04:18,795 [3978496b-7107-4711-aebb-7ffe7c8dd03a-groupManagement] INFO  server.RaftServerConfigKeys (ConfUtils.java:logGet(46)) - raft.server.log.force.sync.num = 128 (default)
2024-02-06 10:04:18,795 [3978496b-7107-4711-aebb-7ffe7c8dd03a-groupManagement] INFO  server.RaftServerConfigKeys (ConfUtils.java:logGet(46)) - raft.server.log.statemachine.data.sync = true (default)
2024-02-06 10:04:18,795 [3978496b-7107-4711-aebb-7ffe7c8dd03a-groupManagement] INFO  server.RaftServerConfigKeys (ConfUtils.java:logGet(46)) - raft.server.log.statemachine.data.sync.timeout = 10s (default)
2024-02-06 10:04:18,795 [3978496b-7107-4711-aebb-7ffe7c8dd03a-groupManagement] INFO  server.RaftServerConfigKeys (ConfUtils.java:logGet(46)) - raft.server.log.statemachine.data.sync.timeout.retry = 0 (custom)
2024-02-06 10:04:18,795 [3978496b-7107-4711-aebb-7ffe7c8dd03a-groupManagement] INFO  server.RaftServerConfigKeys (ConfUtils.java:logGet(46)) - raft.server.log.write.buffer.size = 8388616 (custom)
2024-02-06 10:04:18,797 [3978496b-7107-4711-aebb-7ffe7c8dd03a-groupManagement] INFO  server.RaftServerConfigKeys (ConfUtils.java:logGet(46)) - raft.server.log.appender.buffer.byte-limit = 8388608 (custom)
2024-02-06 10:04:18,797 [3978496b-7107-4711-aebb-7ffe7c8dd03a-groupManagement] INFO  server.RaftServerConfigKeys (ConfUtils.java:logGet(46)) - raft.server.log.unsafe-flush.enabled = false (default)
2024-02-06 10:04:18,797 [3978496b-7107-4711-aebb-7ffe7c8dd03a-groupManagement] INFO  server.RaftServerConfigKeys (ConfUtils.java:logGet(46)) - raft.server.log.async-flush.enabled = false (default)
2024-02-06 10:04:18,797 [3978496b-7107-4711-aebb-7ffe7c8dd03a-groupManagement] INFO  server.RaftServerConfigKeys (ConfUtils.java:logGet(46)) - raft.server.log.statemachine.data.caching.enabled = true (custom)
2024-02-06 10:04:18,797 [3978496b-7107-4711-aebb-7ffe7c8dd03a-groupManagement] INFO  segmented.SegmentedRaftLogWorker (SegmentedRaftLogWorker.java:lambda$new$0(134)) - 3978496b-7107-4711-aebb-7ffe7c8dd03a@group-118574AA0AFC-SegmentedRaftLogWorker: flushIndex: setUnconditionally 0 -> -1
2024-02-06 10:04:18,797 [3978496b-7107-4711-aebb-7ffe7c8dd03a-groupManagement] INFO  segmented.SegmentedRaftLogWorker (SegmentedRaftLogWorker.java:lambda$new$0(134)) - 3978496b-7107-4711-aebb-7ffe7c8dd03a@group-118574AA0AFC-SegmentedRaftLogWorker: safeCacheEvictIndex: setUnconditionally 0 -> -1
2024-02-06 10:04:18,797 [3978496b-7107-4711-aebb-7ffe7c8dd03a-groupManagement] INFO  server.RaftServer$Division (RaftServerImpl.java:start(396)) - 3978496b-7107-4711-aebb-7ffe7c8dd03a@group-118574AA0AFC: start as a follower, conf=-1: peers:[3978496b-7107-4711-aebb-7ffe7c8dd03a|10.1.0.5:15424]|listeners:[], old=null
2024-02-06 10:04:18,798 [3978496b-7107-4711-aebb-7ffe7c8dd03a-groupManagement] INFO  server.RaftServer$Division (RaftServerImpl.java:setRole(383)) - 3978496b-7107-4711-aebb-7ffe7c8dd03a@group-118574AA0AFC: changes role from      null to FOLLOWER at term 0 for startAsFollower
2024-02-06 10:04:18,798 [3978496b-7107-4711-aebb-7ffe7c8dd03a-groupManagement] INFO  impl.RoleInfo (RoleInfo.java:updateAndGet(139)) - 3978496b-7107-4711-aebb-7ffe7c8dd03a: start 3978496b-7107-4711-aebb-7ffe7c8dd03a@group-118574AA0AFC-FollowerState
2024-02-06 10:04:18,798 [3978496b-7107-4711-aebb-7ffe7c8dd03a@group-118574AA0AFC-FollowerState] INFO  server.RaftServerConfigKeys (ConfUtils.java:logFallback(53)) - raft.server.rpc.first-election.timeout.min = 5s (fallback to raft.server.rpc.timeout.min)
2024-02-06 10:04:18,798 [3978496b-7107-4711-aebb-7ffe7c8dd03a-groupManagement] INFO  util.JmxRegister (JmxRegister.java:tryRegister(44)) - Successfully registered JMX Bean with object name Ratis:service=RaftServer,group=group-118574AA0AFC,id=3978496b-7107-4711-aebb-7ffe7c8dd03a
2024-02-06 10:04:18,798 [3978496b-7107-4711-aebb-7ffe7c8dd03a-groupManagement] INFO  server.RaftServerConfigKeys (ConfUtils.java:logGet(46)) - raft.server.snapshot.trigger-when-stop.enabled = true (default)
2024-02-06 10:04:18,798 [3978496b-7107-4711-aebb-7ffe7c8dd03a-groupManagement] INFO  server.RaftServerConfigKeys (ConfUtils.java:logGet(46)) - raft.server.snapshot.auto.trigger.enabled = true (custom)
2024-02-06 10:04:18,798 [3978496b-7107-4711-aebb-7ffe7c8dd03a-groupManagement] INFO  server.RaftServerConfigKeys (ConfUtils.java:logGet(46)) - raft.server.snapshot.auto.trigger.threshold = 10000 (custom)
2024-02-06 10:04:18,798 [3978496b-7107-4711-aebb-7ffe7c8dd03a-groupManagement] INFO  server.RaftServerConfigKeys (ConfUtils.java:logGet(46)) - raft.server.snapshot.retention.file.num = 5 (custom)
2024-02-06 10:04:18,798 [3978496b-7107-4711-aebb-7ffe7c8dd03a-groupManagement] INFO  server.RaftServerConfigKeys (ConfUtils.java:logGet(46)) - raft.server.log.purge.upto.snapshot.index = false (default)
2024-02-06 10:04:18,798 [3978496b-7107-4711-aebb-7ffe7c8dd03a@group-118574AA0AFC-FollowerState] INFO  server.RaftServerConfigKeys (ConfUtils.java:logFallback(53)) - raft.server.rpc.first-election.timeout.max = 5200ms (fallback to raft.server.rpc.timeout.max)
2024-02-06 10:04:18,799 [3978496b-7107-4711-aebb-7ffe7c8dd03a-PipelineCommandHandlerThread-0] INFO  ratis.XceiverServerRatis (XceiverServerRatis.java:addGroup(864)) - Created group PipelineID=856dba0f-72b4-4f10-a069-118574aa0afc
2024-02-06 10:04:18,799 [3978496b-7107-4711-aebb-7ffe7c8dd03a-PipelineCommandHandlerThread-0] INFO  commandhandler.CreatePipelineCommandHandler (CreatePipelineCommandHandler.java:lambda$handle$2(124)) - Created Pipeline RATIS ONE PipelineID=856dba0f-72b4-4f10-a069-118574aa0afc.
2024-02-06 10:04:18,799 [3978496b-7107-4711-aebb-7ffe7c8dd03a-PipelineCommandHandlerThread-0] INFO  server.RaftServer (RaftServerProxy.java:addNew(100)) - 3978496b-7107-4711-aebb-7ffe7c8dd03a: addNew group-57FFFF11CB9D:[991f0bf8-3b66-4160-8c92-791fd313402a|10.1.0.5:15442, 3978496b-7107-4711-aebb-7ffe7c8dd03a|10.1.0.5:15424, a1fd6d11-0b72-4c96-8e55-07f63a3bc231|10.1.0.5:15433] returns group-57FFFF11CB9D:java.util.concurrent.CompletableFuture@18965ca3[Not completed]
2024-02-06 10:04:18,800 [3978496b-7107-4711-aebb-7ffe7c8dd03a-groupManagement] INFO  server.RaftServer$Division (RaftServerImpl.java:<init>(256)) - 3978496b-7107-4711-aebb-7ffe7c8dd03a: new RaftServerImpl for group-57FFFF11CB9D:[991f0bf8-3b66-4160-8c92-791fd313402a|10.1.0.5:15442, 3978496b-7107-4711-aebb-7ffe7c8dd03a|10.1.0.5:15424, a1fd6d11-0b72-4c96-8e55-07f63a3bc231|10.1.0.5:15433] with ContainerStateMachine:uninitialized
2024-02-06 10:04:18,800 [3978496b-7107-4711-aebb-7ffe7c8dd03a-groupManagement] INFO  server.RaftServerConfigKeys (ConfUtils.java:logGet(46)) - raft.server.rpc.timeout.min = 5s (custom)
2024-02-06 10:04:18,800 [3978496b-7107-4711-aebb-7ffe7c8dd03a-groupManagement] INFO  server.RaftServerConfigKeys (ConfUtils.java:logGet(46)) - raft.server.rpc.timeout.max = 5200ms (custom)
2024-02-06 10:04:18,800 [3978496b-7107-4711-aebb-7ffe7c8dd03a-groupManagement] INFO  server.RaftServerConfigKeys (ConfUtils.java:logGet(46)) - raft.server.rpc.sleep.time = 25ms (default)
2024-02-06 10:04:18,800 [3978496b-7107-4711-aebb-7ffe7c8dd03a-groupManagement] INFO  server.RaftServerConfigKeys (ConfUtils.java:logGet(46)) - raft.server.rpc.slowness.timeout = 300000ms (custom)
2024-02-06 10:04:18,800 [3978496b-7107-4711-aebb-7ffe7c8dd03a-groupManagement] INFO  server.RaftServerConfigKeys (ConfUtils.java:logGet(46)) - raft.server.leaderelection.leader.step-down.wait-time = 10s (default)
2024-02-06 10:04:18,800 [3978496b-7107-4711-aebb-7ffe7c8dd03a-groupManagement] INFO  server.RaftServerConfigKeys (ConfUtils.java:logGet(46)) - raft.server.leaderelection.member.majority-add = false (default)
2024-02-06 10:04:18,800 [3978496b-7107-4711-aebb-7ffe7c8dd03a-groupManagement] INFO  server.RaftServerConfigKeys (ConfUtils.java:logGet(46)) - raft.server.sleep.deviation.threshold = 300ms (default)
2024-02-06 10:04:18,800 [3978496b-7107-4711-aebb-7ffe7c8dd03a-groupManagement] INFO  server.RaftServer$Division (ServerState.java:<init>(113)) - 3978496b-7107-4711-aebb-7ffe7c8dd03a@group-57FFFF11CB9D: ConfigurationManager, init=-1: peers:[991f0bf8-3b66-4160-8c92-791fd313402a|10.1.0.5:15442, 3978496b-7107-4711-aebb-7ffe7c8dd03a|10.1.0.5:15424, a1fd6d11-0b72-4c96-8e55-07f63a3bc231|10.1.0.5:15433]|listeners:[], old=null, confs=<EMPTY_MAP>
2024-02-06 10:04:18,800 [3978496b-7107-4711-aebb-7ffe7c8dd03a-groupManagement] INFO  server.RaftServerConfigKeys (ConfUtils.java:logGet(46)) - raft.server.notification.no-leader.timeout = 300000ms (custom)
2024-02-06 10:04:18,800 [3978496b-7107-4711-aebb-7ffe7c8dd03a-groupManagement] INFO  server.RaftServerConfigKeys (ConfUtils.java:logGet(46)) - raft.server.read.timeout = 10s (default)
2024-02-06 10:04:18,800 [3978496b-7107-4711-aebb-7ffe7c8dd03a-groupManagement] INFO  server.RaftServerConfigKeys (ConfUtils.java:logGet(46)) - raft.server.retrycache.expirytime = 600000ms (custom)
2024-02-06 10:04:18,800 [3978496b-7107-4711-aebb-7ffe7c8dd03a-groupManagement] INFO  server.RaftServerConfigKeys (ConfUtils.java:logGet(46)) - raft.server.retrycache.statistics.expirytime = 100ms (default)
2024-02-06 10:04:18,800 [3978496b-7107-4711-aebb-7ffe7c8dd03a-groupManagement] INFO  server.RaftServerConfigKeys (ConfUtils.java:logGet(46)) - raft.server.read.option = DEFAULT (default)
2024-02-06 10:04:18,800 [3978496b-7107-4711-aebb-7ffe7c8dd03a-groupManagement] INFO  server.RaftServerConfigKeys (ConfUtils.java:logGet(46)) - raft.server.read.read-after-write-consistent.write-index-cache.expiry-time = 60s (default)
2024-02-06 10:04:18,802 [3978496b-7107-4711-aebb-7ffe7c8dd03a-groupManagement] INFO  server.RaftServerConfigKeys (ConfUtils.java:logGet(46)) - raft.server.rpc.request.timeout = 3000ms (default)
2024-02-06 10:04:18,802 [3978496b-7107-4711-aebb-7ffe7c8dd03a-groupManagement] INFO  server.RaftServerConfigKeys (ConfUtils.java:logGet(46)) - raft.server.log.appender.install.snapshot.enabled = false (custom)
2024-02-06 10:04:18,802 [3978496b-7107-4711-aebb-7ffe7c8dd03a-groupManagement] INFO  server.RaftServerConfigKeys (ConfUtils.java:logGet(46)) - raft.server.threadpool.server.cached = true (default)
2024-02-06 10:04:18,802 [3978496b-7107-4711-aebb-7ffe7c8dd03a-groupManagement] INFO  server.RaftServerConfigKeys (ConfUtils.java:logGet(46)) - raft.server.threadpool.server.size = 0 (default)
2024-02-06 10:04:18,802 [3978496b-7107-4711-aebb-7ffe7c8dd03a-groupManagement] INFO  server.RaftServerConfigKeys (ConfUtils.java:logGet(46)) - raft.server.threadpool.client.cached = true (default)
2024-02-06 10:04:18,802 [3978496b-7107-4711-aebb-7ffe7c8dd03a-groupManagement] INFO  server.RaftServerConfigKeys (ConfUtils.java:logGet(46)) - raft.server.threadpool.client.size = 0 (default)
2024-02-06 10:04:18,802 [3978496b-7107-4711-aebb-7ffe7c8dd03a-groupManagement] INFO  server.RaftServerConfigKeys (ConfUtils.java:logGet(46)) - raft.server.storage.free-space.min = 0MB (=0) (default)
2024-02-06 10:04:18,802 [3978496b-7107-4711-aebb-7ffe7c8dd03a-groupManagement] INFO  server.RaftServerConfigKeys (ConfUtils.java:logGet(46)) - raft.server.log.corruption.policy = EXCEPTION (default)
2024-02-06 10:04:18,802 [3978496b-7107-4711-aebb-7ffe7c8dd03a-groupManagement] INFO  server.RaftServerConfigKeys (ConfUtils.java:logGet(46)) - raft.server.storage.dir = [/home/runner/work/ozone/ozone/hadoop-ozone/integration-test/target/test-dir/MiniOzoneClusterImpl-0ae4c21d-b8eb-4e36-9639-963ec8fb7de7/datanode-6/data/ratis] (custom)
2024-02-06 10:04:18,802 [3978496b-7107-4711-aebb-7ffe7c8dd03a-groupManagement] INFO  storage.RaftStorageDirectory (RaftStorageDirectoryImpl.java:analyzeStorage(138)) - The storage directory /home/runner/work/ozone/ozone/hadoop-ozone/integration-test/target/test-dir/MiniOzoneClusterImpl-0ae4c21d-b8eb-4e36-9639-963ec8fb7de7/datanode-6/data/ratis/9c263ce7-3999-457c-a556-57ffff11cb9d does not exist. Creating ...
2024-02-06 10:04:18,804 [3978496b-7107-4711-aebb-7ffe7c8dd03a-groupManagement] INFO  storage.RaftStorageDirectory (RaftStorageDirectoryImpl.java:tryLock(228)) - Lock on /home/runner/work/ozone/ozone/hadoop-ozone/integration-test/target/test-dir/MiniOzoneClusterImpl-0ae4c21d-b8eb-4e36-9639-963ec8fb7de7/datanode-6/data/ratis/9c263ce7-3999-457c-a556-57ffff11cb9d/in_use.lock acquired by nodename 37157@fv-az776-296
2024-02-06 10:04:18,805 [3978496b-7107-4711-aebb-7ffe7c8dd03a-groupManagement] INFO  storage.RaftStorage (RaftStorageImpl.java:format(99)) - Storage directory /home/runner/work/ozone/ozone/hadoop-ozone/integration-test/target/test-dir/MiniOzoneClusterImpl-0ae4c21d-b8eb-4e36-9639-963ec8fb7de7/datanode-6/data/ratis/9c263ce7-3999-457c-a556-57ffff11cb9d has been successfully formatted.
2024-02-06 10:04:18,805 [3978496b-7107-4711-aebb-7ffe7c8dd03a-groupManagement] WARN  util.FileUtils (LogUtils.java:supplyAndLog(63)) - Failed to Files.newInputStream /home/runner/work/ozone/ozone/hadoop-ozone/integration-test/target/test-dir/MiniOzoneClusterImpl-0ae4c21d-b8eb-4e36-9639-963ec8fb7de7/datanode-6/data/ratis/9c263ce7-3999-457c-a556-57ffff11cb9d/current/raft-meta.conf with options []: java.nio.file.NoSuchFileException: /home/runner/work/ozone/ozone/hadoop-ozone/integration-test/target/test-dir/MiniOzoneClusterImpl-0ae4c21d-b8eb-4e36-9639-963ec8fb7de7/datanode-6/data/ratis/9c263ce7-3999-457c-a556-57ffff11cb9d/current/raft-meta.conf
2024-02-06 10:04:18,805 [3978496b-7107-4711-aebb-7ffe7c8dd03a-groupManagement] INFO  ratis.ContainerStateMachine (ContainerStateMachine.java:loadSnapshot(287)) - group-57FFFF11CB9D: The snapshot info is null. Setting the last applied index to:(t:0, i:~)
2024-02-06 10:04:18,805 [3978496b-7107-4711-aebb-7ffe7c8dd03a-groupManagement] INFO  server.RaftServerConfigKeys (ConfUtils.java:logGet(46)) - raft.server.log.use.memory = false (default)
2024-02-06 10:04:18,805 [3978496b-7107-4711-aebb-7ffe7c8dd03a-groupManagement] INFO  server.RaftServerConfigKeys (ConfUtils.java:logGet(46)) - raft.server.log.purge.gap = 1000000 (custom)
2024-02-06 10:04:18,806 [3978496b-7107-4711-aebb-7ffe7c8dd03a-groupManagement] INFO  server.RaftServerConfigKeys (ConfUtils.java:logGet(46)) - raft.server.log.appender.buffer.byte-limit = 8388608 (custom)
2024-02-06 10:04:18,806 [3978496b-7107-4711-aebb-7ffe7c8dd03a-groupManagement] INFO  server.RaftServerConfigKeys (ConfUtils.java:logGet(46)) - raft.server.log.statemachine.data.read.timeout = 1000ms (default)
2024-02-06 10:04:18,806 [3978496b-7107-4711-aebb-7ffe7c8dd03a-groupManagement] INFO  server.RaftServerConfigKeys (ConfUtils.java:logGet(46)) - raft.server.log.purge.preservation.log.num = 0 (default)
2024-02-06 10:04:18,806 [EventQueue-OpenPipelineForHealthyPipelineSafeModeRule] INFO  safemode.SCMSafeModeManager (HealthyPipelineSafeModeRule.java:process(140)) - SCM in safe mode. Healthy pipelines reported count is 0, required healthy pipeline reported count is 1
2024-02-06 10:04:18,807 [3978496b-7107-4711-aebb-7ffe7c8dd03a-groupManagement] INFO  server.RaftServerConfigKeys (ConfUtils.java:logGet(46)) - raft.server.log.segment.size.max = 67108864 (custom)
2024-02-06 10:04:18,807 [3978496b-7107-4711-aebb-7ffe7c8dd03a-groupManagement] INFO  server.RaftServerConfigKeys (ConfUtils.java:logGet(46)) - raft.server.log.segment.cache.num.max = 2 (custom)
2024-02-06 10:04:18,807 [3978496b-7107-4711-aebb-7ffe7c8dd03a-groupManagement] INFO  server.RaftServerConfigKeys (ConfUtils.java:logGet(46)) - raft.server.log.segment.cache.size.max = 200MB (=209715200) (default)
2024-02-06 10:04:18,807 [3978496b-7107-4711-aebb-7ffe7c8dd03a-groupManagement] INFO  server.RaftServerConfigKeys (ConfUtils.java:logGet(46)) - raft.server.log.appender.buffer.byte-limit = 8388608 (custom)
2024-02-06 10:04:18,807 [3978496b-7107-4711-aebb-7ffe7c8dd03a-groupManagement] INFO  util.AwaitToRun (AwaitToRun.java:start(81)) - Thread[3978496b-7107-4711-aebb-7ffe7c8dd03a@group-57FFFF11CB9D-cacheEviction-AwaitToRun,5,main] started
2024-02-06 10:04:18,807 [3978496b-7107-4711-aebb-7ffe7c8dd03a-groupManagement] INFO  segmented.SegmentedRaftLogWorker (SegmentedRaftLogWorker.java:<init>(182)) - new 3978496b-7107-4711-aebb-7ffe7c8dd03a@group-57FFFF11CB9D-SegmentedRaftLogWorker for RaftStorageImpl:Storage Directory /home/runner/work/ozone/ozone/hadoop-ozone/integration-test/target/test-dir/MiniOzoneClusterImpl-0ae4c21d-b8eb-4e36-9639-963ec8fb7de7/datanode-6/data/ratis/9c263ce7-3999-457c-a556-57ffff11cb9d
2024-02-06 10:04:18,807 [3978496b-7107-4711-aebb-7ffe7c8dd03a-groupManagement] INFO  server.RaftServerConfigKeys (ConfUtils.java:logGet(46)) - raft.server.log.queue.byte-limit = 4294967296 (custom)
2024-02-06 10:04:18,807 [3978496b-7107-4711-aebb-7ffe7c8dd03a-groupManagement] INFO  server.RaftServerConfigKeys (ConfUtils.java:logGet(46)) - raft.server.log.queue.element-limit = 1024 (custom)
2024-02-06 10:04:18,807 [3978496b-7107-4711-aebb-7ffe7c8dd03a-groupManagement] INFO  server.RaftServerConfigKeys (ConfUtils.java:logGet(46)) - raft.server.log.segment.size.max = 67108864 (custom)
2024-02-06 10:04:18,807 [3978496b-7107-4711-aebb-7ffe7c8dd03a-groupManagement] INFO  server.RaftServerConfigKeys (ConfUtils.java:logGet(46)) - raft.server.log.preallocated.size = 4194304 (custom)
2024-02-06 10:04:18,807 [3978496b-7107-4711-aebb-7ffe7c8dd03a-groupManagement] INFO  server.RaftServerConfigKeys (ConfUtils.java:logGet(46)) - raft.server.log.force.sync.num = 128 (default)
2024-02-06 10:04:18,807 [3978496b-7107-4711-aebb-7ffe7c8dd03a-groupManagement] INFO  server.RaftServerConfigKeys (ConfUtils.java:logGet(46)) - raft.server.log.statemachine.data.sync = true (default)
2024-02-06 10:04:18,807 [3978496b-7107-4711-aebb-7ffe7c8dd03a-groupManagement] INFO  server.RaftServerConfigKeys (ConfUtils.java:logGet(46)) - raft.server.log.statemachine.data.sync.timeout = 10s (default)
2024-02-06 10:04:18,807 [3978496b-7107-4711-aebb-7ffe7c8dd03a-groupManagement] INFO  server.RaftServerConfigKeys (ConfUtils.java:logGet(46)) - raft.server.log.statemachine.data.sync.timeout.retry = 0 (custom)
2024-02-06 10:04:18,808 [3978496b-7107-4711-aebb-7ffe7c8dd03a-groupManagement] INFO  server.RaftServerConfigKeys (ConfUtils.java:logGet(46)) - raft.server.log.write.buffer.size = 8388616 (custom)
2024-02-06 10:04:18,809 [3978496b-7107-4711-aebb-7ffe7c8dd03a-groupManagement] INFO  server.RaftServerConfigKeys (ConfUtils.java:logGet(46)) - raft.server.log.appender.buffer.byte-limit = 8388608 (custom)
2024-02-06 10:04:18,809 [3978496b-7107-4711-aebb-7ffe7c8dd03a-groupManagement] INFO  server.RaftServerConfigKeys (ConfUtils.java:logGet(46)) - raft.server.log.unsafe-flush.enabled = false (default)
2024-02-06 10:04:18,809 [3978496b-7107-4711-aebb-7ffe7c8dd03a-groupManagement] INFO  server.RaftServerConfigKeys (ConfUtils.java:logGet(46)) - raft.server.log.async-flush.enabled = false (default)
2024-02-06 10:04:18,809 [3978496b-7107-4711-aebb-7ffe7c8dd03a-groupManagement] INFO  server.RaftServerConfigKeys (ConfUtils.java:logGet(46)) - raft.server.log.statemachine.data.caching.enabled = true (custom)
2024-02-06 10:04:18,809 [3978496b-7107-4711-aebb-7ffe7c8dd03a-groupManagement] INFO  segmented.SegmentedRaftLogWorker (SegmentedRaftLogWorker.java:lambda$new$0(134)) - 3978496b-7107-4711-aebb-7ffe7c8dd03a@group-57FFFF11CB9D-SegmentedRaftLogWorker: flushIndex: setUnconditionally 0 -> -1
2024-02-06 10:04:18,809 [3978496b-7107-4711-aebb-7ffe7c8dd03a-groupManagement] INFO  segmented.SegmentedRaftLogWorker (SegmentedRaftLogWorker.java:lambda$new$0(134)) - 3978496b-7107-4711-aebb-7ffe7c8dd03a@group-57FFFF11CB9D-SegmentedRaftLogWorker: safeCacheEvictIndex: setUnconditionally 0 -> -1
2024-02-06 10:04:18,809 [3978496b-7107-4711-aebb-7ffe7c8dd03a-groupManagement] INFO  server.RaftServer$Division (RaftServerImpl.java:start(396)) - 3978496b-7107-4711-aebb-7ffe7c8dd03a@group-57FFFF11CB9D: start as a follower, conf=-1: peers:[991f0bf8-3b66-4160-8c92-791fd313402a|10.1.0.5:15442, 3978496b-7107-4711-aebb-7ffe7c8dd03a|10.1.0.5:15424, a1fd6d11-0b72-4c96-8e55-07f63a3bc231|10.1.0.5:15433]|listeners:[], old=null
2024-02-06 10:04:18,809 [3978496b-7107-4711-aebb-7ffe7c8dd03a-groupManagement] INFO  server.RaftServer$Division (RaftServerImpl.java:setRole(383)) - 3978496b-7107-4711-aebb-7ffe7c8dd03a@group-57FFFF11CB9D: changes role from      null to FOLLOWER at term 0 for startAsFollower
2024-02-06 10:04:18,809 [3978496b-7107-4711-aebb-7ffe7c8dd03a-groupManagement] INFO  impl.RoleInfo (RoleInfo.java:updateAndGet(139)) - 3978496b-7107-4711-aebb-7ffe7c8dd03a: start 3978496b-7107-4711-aebb-7ffe7c8dd03a@group-57FFFF11CB9D-FollowerState
2024-02-06 10:04:18,809 [3978496b-7107-4711-aebb-7ffe7c8dd03a-groupManagement] INFO  util.JmxRegister (JmxRegister.java:tryRegister(44)) - Successfully registered JMX Bean with object name Ratis:service=RaftServer,group=group-57FFFF11CB9D,id=3978496b-7107-4711-aebb-7ffe7c8dd03a
2024-02-06 10:04:18,809 [3978496b-7107-4711-aebb-7ffe7c8dd03a@group-57FFFF11CB9D-FollowerState] INFO  server.RaftServerConfigKeys (ConfUtils.java:logFallback(53)) - raft.server.rpc.first-election.timeout.min = 5s (fallback to raft.server.rpc.timeout.min)
2024-02-06 10:04:18,810 [3978496b-7107-4711-aebb-7ffe7c8dd03a-groupManagement] INFO  server.RaftServerConfigKeys (ConfUtils.java:logGet(46)) - raft.server.snapshot.trigger-when-stop.enabled = true (default)
2024-02-06 10:04:18,810 [3978496b-7107-4711-aebb-7ffe7c8dd03a@group-57FFFF11CB9D-FollowerState] INFO  server.RaftServerConfigKeys (ConfUtils.java:logFallback(53)) - raft.server.rpc.first-election.timeout.max = 5200ms (fallback to raft.server.rpc.timeout.max)
2024-02-06 10:04:18,810 [3978496b-7107-4711-aebb-7ffe7c8dd03a-groupManagement] INFO  server.RaftServerConfigKeys (ConfUtils.java:logGet(46)) - raft.server.snapshot.auto.trigger.enabled = true (custom)
2024-02-06 10:04:18,810 [3978496b-7107-4711-aebb-7ffe7c8dd03a-groupManagement] INFO  server.RaftServerConfigKeys (ConfUtils.java:logGet(46)) - raft.server.snapshot.auto.trigger.threshold = 10000 (custom)
2024-02-06 10:04:18,810 [3978496b-7107-4711-aebb-7ffe7c8dd03a-groupManagement] INFO  server.RaftServerConfigKeys (ConfUtils.java:logGet(46)) - raft.server.snapshot.retention.file.num = 5 (custom)
2024-02-06 10:04:18,810 [3978496b-7107-4711-aebb-7ffe7c8dd03a-groupManagement] INFO  server.RaftServerConfigKeys (ConfUtils.java:logGet(46)) - raft.server.log.purge.upto.snapshot.index = false (default)
2024-02-06 10:04:18,810 [3978496b-7107-4711-aebb-7ffe7c8dd03a-PipelineCommandHandlerThread-0] INFO  ratis.XceiverServerRatis (XceiverServerRatis.java:addGroup(864)) - Created group PipelineID=9c263ce7-3999-457c-a556-57ffff11cb9d
2024-02-06 10:04:18,817 [grpc-default-executor-0] INFO  server.RaftServer (RaftServerProxy.java:addNew(100)) - 991f0bf8-3b66-4160-8c92-791fd313402a: addNew group-57FFFF11CB9D:[991f0bf8-3b66-4160-8c92-791fd313402a|10.1.0.5:15442, 3978496b-7107-4711-aebb-7ffe7c8dd03a|10.1.0.5:15424, a1fd6d11-0b72-4c96-8e55-07f63a3bc231|10.1.0.5:15433] returns group-57FFFF11CB9D:java.util.concurrent.CompletableFuture@4c0f363d[Not completed]
2024-02-06 10:04:18,817 [991f0bf8-3b66-4160-8c92-791fd313402a-groupManagement] INFO  server.RaftServer$Division (RaftServerImpl.java:<init>(256)) - 991f0bf8-3b66-4160-8c92-791fd313402a: new RaftServerImpl for group-57FFFF11CB9D:[991f0bf8-3b66-4160-8c92-791fd313402a|10.1.0.5:15442, 3978496b-7107-4711-aebb-7ffe7c8dd03a|10.1.0.5:15424, a1fd6d11-0b72-4c96-8e55-07f63a3bc231|10.1.0.5:15433] with ContainerStateMachine:uninitialized
2024-02-06 10:04:18,817 [991f0bf8-3b66-4160-8c92-791fd313402a-groupManagement] INFO  server.RaftServerConfigKeys (ConfUtils.java:logGet(46)) - raft.server.rpc.timeout.min = 5s (custom)
2024-02-06 10:04:18,817 [991f0bf8-3b66-4160-8c92-791fd313402a-groupManagement] INFO  server.RaftServerConfigKeys (ConfUtils.java:logGet(46)) - raft.server.rpc.timeout.max = 5200ms (custom)
2024-02-06 10:04:18,817 [991f0bf8-3b66-4160-8c92-791fd313402a-groupManagement] INFO  server.RaftServerConfigKeys (ConfUtils.java:logGet(46)) - raft.server.rpc.sleep.time = 25ms (default)
2024-02-06 10:04:18,817 [991f0bf8-3b66-4160-8c92-791fd313402a-groupManagement] INFO  server.RaftServerConfigKeys (ConfUtils.java:logGet(46)) - raft.server.rpc.slowness.timeout = 300000ms (custom)
2024-02-06 10:04:18,817 [991f0bf8-3b66-4160-8c92-791fd313402a-groupManagement] INFO  server.RaftServerConfigKeys (ConfUtils.java:logGet(46)) - raft.server.leaderelection.leader.step-down.wait-time = 10s (default)
2024-02-06 10:04:18,818 [991f0bf8-3b66-4160-8c92-791fd313402a-groupManagement] INFO  server.RaftServerConfigKeys (ConfUtils.java:logGet(46)) - raft.server.leaderelection.member.majority-add = false (default)
2024-02-06 10:04:18,818 [991f0bf8-3b66-4160-8c92-791fd313402a-groupManagement] INFO  server.RaftServerConfigKeys (ConfUtils.java:logGet(46)) - raft.server.sleep.deviation.threshold = 300ms (default)
2024-02-06 10:04:18,818 [991f0bf8-3b66-4160-8c92-791fd313402a-groupManagement] INFO  server.RaftServer$Division (ServerState.java:<init>(113)) - 991f0bf8-3b66-4160-8c92-791fd313402a@group-57FFFF11CB9D: ConfigurationManager, init=-1: peers:[991f0bf8-3b66-4160-8c92-791fd313402a|10.1.0.5:15442, 3978496b-7107-4711-aebb-7ffe7c8dd03a|10.1.0.5:15424, a1fd6d11-0b72-4c96-8e55-07f63a3bc231|10.1.0.5:15433]|listeners:[], old=null, confs=<EMPTY_MAP>
2024-02-06 10:04:18,818 [991f0bf8-3b66-4160-8c92-791fd313402a-groupManagement] INFO  server.RaftServerConfigKeys (ConfUtils.java:logGet(46)) - raft.server.notification.no-leader.timeout = 300000ms (custom)
2024-02-06 10:04:18,818 [991f0bf8-3b66-4160-8c92-791fd313402a-groupManagement] INFO  server.RaftServerConfigKeys (ConfUtils.java:logGet(46)) - raft.server.read.timeout = 10s (default)
2024-02-06 10:04:18,818 [991f0bf8-3b66-4160-8c92-791fd313402a-groupManagement] INFO  server.RaftServerConfigKeys (ConfUtils.java:logGet(46)) - raft.server.retrycache.expirytime = 600000ms (custom)
2024-02-06 10:04:18,818 [991f0bf8-3b66-4160-8c92-791fd313402a-groupManagement] INFO  server.RaftServerConfigKeys (ConfUtils.java:logGet(46)) - raft.server.retrycache.statistics.expirytime = 100ms (default)
2024-02-06 10:04:18,818 [991f0bf8-3b66-4160-8c92-791fd313402a-groupManagement] INFO  server.RaftServerConfigKeys (ConfUtils.java:logGet(46)) - raft.server.read.option = DEFAULT (default)
2024-02-06 10:04:18,818 [991f0bf8-3b66-4160-8c92-791fd313402a-groupManagement] INFO  server.RaftServerConfigKeys (ConfUtils.java:logGet(46)) - raft.server.read.read-after-write-consistent.write-index-cache.expiry-time = 60s (default)
2024-02-06 10:04:18,819 [991f0bf8-3b66-4160-8c92-791fd313402a-groupManagement] INFO  server.RaftServerConfigKeys (ConfUtils.java:logGet(46)) - raft.server.rpc.request.timeout = 3000ms (default)
2024-02-06 10:04:18,819 [991f0bf8-3b66-4160-8c92-791fd313402a-groupManagement] INFO  server.RaftServerConfigKeys (ConfUtils.java:logGet(46)) - raft.server.log.appender.install.snapshot.enabled = false (custom)
2024-02-06 10:04:18,819 [991f0bf8-3b66-4160-8c92-791fd313402a-groupManagement] INFO  server.RaftServerConfigKeys (ConfUtils.java:logGet(46)) - raft.server.threadpool.server.cached = true (default)
2024-02-06 10:04:18,819 [991f0bf8-3b66-4160-8c92-791fd313402a-groupManagement] INFO  server.RaftServerConfigKeys (ConfUtils.java:logGet(46)) - raft.server.threadpool.server.size = 0 (default)
2024-02-06 10:04:18,819 [991f0bf8-3b66-4160-8c92-791fd313402a-groupManagement] INFO  server.RaftServerConfigKeys (ConfUtils.java:logGet(46)) - raft.server.threadpool.client.cached = true (default)
2024-02-06 10:04:18,819 [991f0bf8-3b66-4160-8c92-791fd313402a-groupManagement] INFO  server.RaftServerConfigKeys (ConfUtils.java:logGet(46)) - raft.server.threadpool.client.size = 0 (default)
2024-02-06 10:04:18,819 [991f0bf8-3b66-4160-8c92-791fd313402a-groupManagement] INFO  server.RaftServerConfigKeys (ConfUtils.java:logGet(46)) - raft.server.storage.free-space.min = 0MB (=0) (default)
2024-02-06 10:04:18,820 [991f0bf8-3b66-4160-8c92-791fd313402a-groupManagement] INFO  server.RaftServerConfigKeys (ConfUtils.java:logGet(46)) - raft.server.log.corruption.policy = EXCEPTION (default)
2024-02-06 10:04:18,820 [991f0bf8-3b66-4160-8c92-791fd313402a-groupManagement] INFO  server.RaftServerConfigKeys (ConfUtils.java:logGet(46)) - raft.server.storage.dir = [/home/runner/work/ozone/ozone/hadoop-ozone/integration-test/target/test-dir/MiniOzoneClusterImpl-0ae4c21d-b8eb-4e36-9639-963ec8fb7de7/datanode-8/data/ratis] (custom)
2024-02-06 10:04:18,820 [991f0bf8-3b66-4160-8c92-791fd313402a-groupManagement] INFO  storage.RaftStorageDirectory (RaftStorageDirectoryImpl.java:analyzeStorage(138)) - The storage directory /home/runner/work/ozone/ozone/hadoop-ozone/integration-test/target/test-dir/MiniOzoneClusterImpl-0ae4c21d-b8eb-4e36-9639-963ec8fb7de7/datanode-8/data/ratis/9c263ce7-3999-457c-a556-57ffff11cb9d does not exist. Creating ...
2024-02-06 10:04:18,821 [991f0bf8-3b66-4160-8c92-791fd313402a-groupManagement] INFO  storage.RaftStorageDirectory (RaftStorageDirectoryImpl.java:tryLock(228)) - Lock on /home/runner/work/ozone/ozone/hadoop-ozone/integration-test/target/test-dir/MiniOzoneClusterImpl-0ae4c21d-b8eb-4e36-9639-963ec8fb7de7/datanode-8/data/ratis/9c263ce7-3999-457c-a556-57ffff11cb9d/in_use.lock acquired by nodename 37157@fv-az776-296
2024-02-06 10:04:18,822 [991f0bf8-3b66-4160-8c92-791fd313402a-groupManagement] INFO  storage.RaftStorage (RaftStorageImpl.java:format(99)) - Storage directory /home/runner/work/ozone/ozone/hadoop-ozone/integration-test/target/test-dir/MiniOzoneClusterImpl-0ae4c21d-b8eb-4e36-9639-963ec8fb7de7/datanode-8/data/ratis/9c263ce7-3999-457c-a556-57ffff11cb9d has been successfully formatted.
2024-02-06 10:04:18,822 [991f0bf8-3b66-4160-8c92-791fd313402a-groupManagement] WARN  util.FileUtils (LogUtils.java:supplyAndLog(63)) - Failed to Files.newInputStream /home/runner/work/ozone/ozone/hadoop-ozone/integration-test/target/test-dir/MiniOzoneClusterImpl-0ae4c21d-b8eb-4e36-9639-963ec8fb7de7/datanode-8/data/ratis/9c263ce7-3999-457c-a556-57ffff11cb9d/current/raft-meta.conf with options []: java.nio.file.NoSuchFileException: /home/runner/work/ozone/ozone/hadoop-ozone/integration-test/target/test-dir/MiniOzoneClusterImpl-0ae4c21d-b8eb-4e36-9639-963ec8fb7de7/datanode-8/data/ratis/9c263ce7-3999-457c-a556-57ffff11cb9d/current/raft-meta.conf
2024-02-06 10:04:18,823 [991f0bf8-3b66-4160-8c92-791fd313402a-groupManagement] INFO  ratis.ContainerStateMachine (ContainerStateMachine.java:loadSnapshot(287)) - group-57FFFF11CB9D: The snapshot info is null. Setting the last applied index to:(t:0, i:~)
2024-02-06 10:04:18,823 [991f0bf8-3b66-4160-8c92-791fd313402a-groupManagement] INFO  server.RaftServerConfigKeys (ConfUtils.java:logGet(46)) - raft.server.log.use.memory = false (default)
2024-02-06 10:04:18,823 [991f0bf8-3b66-4160-8c92-791fd313402a-groupManagement] INFO  server.RaftServerConfigKeys (ConfUtils.java:logGet(46)) - raft.server.log.purge.gap = 1000000 (custom)
2024-02-06 10:04:18,823 [991f0bf8-3b66-4160-8c92-791fd313402a-groupManagement] INFO  server.RaftServerConfigKeys (ConfUtils.java:logGet(46)) - raft.server.log.appender.buffer.byte-limit = 8388608 (custom)
2024-02-06 10:04:18,823 [991f0bf8-3b66-4160-8c92-791fd313402a-groupManagement] INFO  server.RaftServerConfigKeys (ConfUtils.java:logGet(46)) - raft.server.log.statemachine.data.read.timeout = 1000ms (default)
2024-02-06 10:04:18,823 [991f0bf8-3b66-4160-8c92-791fd313402a-groupManagement] INFO  server.RaftServerConfigKeys (ConfUtils.java:logGet(46)) - raft.server.log.purge.preservation.log.num = 0 (default)
2024-02-06 10:04:18,824 [991f0bf8-3b66-4160-8c92-791fd313402a-groupManagement] INFO  server.RaftServerConfigKeys (ConfUtils.java:logGet(46)) - raft.server.log.segment.size.max = 67108864 (custom)
2024-02-06 10:04:18,824 [991f0bf8-3b66-4160-8c92-791fd313402a-groupManagement] INFO  server.RaftServerConfigKeys (ConfUtils.java:logGet(46)) - raft.server.log.segment.cache.num.max = 2 (custom)
2024-02-06 10:04:18,824 [991f0bf8-3b66-4160-8c92-791fd313402a-groupManagement] INFO  server.RaftServerConfigKeys (ConfUtils.java:logGet(46)) - raft.server.log.segment.cache.size.max = 200MB (=209715200) (default)
2024-02-06 10:04:18,824 [991f0bf8-3b66-4160-8c92-791fd313402a-groupManagement] INFO  server.RaftServerConfigKeys (ConfUtils.java:logGet(46)) - raft.server.log.appender.buffer.byte-limit = 8388608 (custom)
2024-02-06 10:04:18,825 [991f0bf8-3b66-4160-8c92-791fd313402a-groupManagement] INFO  util.AwaitToRun (AwaitToRun.java:start(81)) - Thread[991f0bf8-3b66-4160-8c92-791fd313402a@group-57FFFF11CB9D-cacheEviction-AwaitToRun,5,main] started
2024-02-06 10:04:18,825 [991f0bf8-3b66-4160-8c92-791fd313402a-groupManagement] INFO  segmented.SegmentedRaftLogWorker (SegmentedRaftLogWorker.java:<init>(182)) - new 991f0bf8-3b66-4160-8c92-791fd313402a@group-57FFFF11CB9D-SegmentedRaftLogWorker for RaftStorageImpl:Storage Directory /home/runner/work/ozone/ozone/hadoop-ozone/integration-test/target/test-dir/MiniOzoneClusterImpl-0ae4c21d-b8eb-4e36-9639-963ec8fb7de7/datanode-8/data/ratis/9c263ce7-3999-457c-a556-57ffff11cb9d
2024-02-06 10:04:18,825 [991f0bf8-3b66-4160-8c92-791fd313402a-groupManagement] INFO  server.RaftServerConfigKeys (ConfUtils.java:logGet(46)) - raft.server.log.queue.byte-limit = 4294967296 (custom)
2024-02-06 10:04:18,825 [991f0bf8-3b66-4160-8c92-791fd313402a-groupManagement] INFO  server.RaftServerConfigKeys (ConfUtils.java:logGet(46)) - raft.server.log.queue.element-limit = 1024 (custom)
2024-02-06 10:04:18,825 [991f0bf8-3b66-4160-8c92-791fd313402a-groupManagement] INFO  server.RaftServerConfigKeys (ConfUtils.java:logGet(46)) - raft.server.log.segment.size.max = 67108864 (custom)
2024-02-06 10:04:18,825 [991f0bf8-3b66-4160-8c92-791fd313402a-groupManagement] INFO  server.RaftServerConfigKeys (ConfUtils.java:logGet(46)) - raft.server.log.preallocated.size = 4194304 (custom)
2024-02-06 10:04:18,825 [991f0bf8-3b66-4160-8c92-791fd313402a-groupManagement] INFO  server.RaftServerConfigKeys (ConfUtils.java:logGet(46)) - raft.server.log.force.sync.num = 128 (default)
2024-02-06 10:04:18,825 [991f0bf8-3b66-4160-8c92-791fd313402a-groupManagement] INFO  server.RaftServerConfigKeys (ConfUtils.java:logGet(46)) - raft.server.log.statemachine.data.sync = true (default)
2024-02-06 10:04:18,825 [991f0bf8-3b66-4160-8c92-791fd313402a-groupManagement] INFO  server.RaftServerConfigKeys (ConfUtils.java:logGet(46)) - raft.server.log.statemachine.data.sync.timeout = 10s (default)
2024-02-06 10:04:18,825 [991f0bf8-3b66-4160-8c92-791fd313402a-groupManagement] INFO  server.RaftServerConfigKeys (ConfUtils.java:logGet(46)) - raft.server.log.statemachine.data.sync.timeout.retry = 0 (custom)
2024-02-06 10:04:18,825 [991f0bf8-3b66-4160-8c92-791fd313402a-groupManagement] INFO  server.RaftServerConfigKeys (ConfUtils.java:logGet(46)) - raft.server.log.write.buffer.size = 8388616 (custom)
2024-02-06 10:04:18,826 [991f0bf8-3b66-4160-8c92-791fd313402a-groupManagement] INFO  server.RaftServerConfigKeys (ConfUtils.java:logGet(46)) - raft.server.log.appender.buffer.byte-limit = 8388608 (custom)
2024-02-06 10:04:18,826 [991f0bf8-3b66-4160-8c92-791fd313402a-groupManagement] INFO  server.RaftServerConfigKeys (ConfUtils.java:logGet(46)) - raft.server.log.unsafe-flush.enabled = false (default)
2024-02-06 10:04:18,826 [991f0bf8-3b66-4160-8c92-791fd313402a-groupManagement] INFO  server.RaftServerConfigKeys (ConfUtils.java:logGet(46)) - raft.server.log.async-flush.enabled = false (default)
2024-02-06 10:04:18,826 [991f0bf8-3b66-4160-8c92-791fd313402a-groupManagement] INFO  server.RaftServerConfigKeys (ConfUtils.java:logGet(46)) - raft.server.log.statemachine.data.caching.enabled = true (custom)
2024-02-06 10:04:18,827 [991f0bf8-3b66-4160-8c92-791fd313402a-groupManagement] INFO  segmented.SegmentedRaftLogWorker (SegmentedRaftLogWorker.java:lambda$new$0(134)) - 991f0bf8-3b66-4160-8c92-791fd313402a@group-57FFFF11CB9D-SegmentedRaftLogWorker: flushIndex: setUnconditionally 0 -> -1
2024-02-06 10:04:18,827 [991f0bf8-3b66-4160-8c92-791fd313402a-groupManagement] INFO  segmented.SegmentedRaftLogWorker (SegmentedRaftLogWorker.java:lambda$new$0(134)) - 991f0bf8-3b66-4160-8c92-791fd313402a@group-57FFFF11CB9D-SegmentedRaftLogWorker: safeCacheEvictIndex: setUnconditionally 0 -> -1
2024-02-06 10:04:18,827 [991f0bf8-3b66-4160-8c92-791fd313402a-groupManagement] INFO  server.RaftServer$Division (RaftServerImpl.java:start(396)) - 991f0bf8-3b66-4160-8c92-791fd313402a@group-57FFFF11CB9D: start as a follower, conf=-1: peers:[991f0bf8-3b66-4160-8c92-791fd313402a|10.1.0.5:15442, 3978496b-7107-4711-aebb-7ffe7c8dd03a|10.1.0.5:15424, a1fd6d11-0b72-4c96-8e55-07f63a3bc231|10.1.0.5:15433]|listeners:[], old=null
2024-02-06 10:04:18,827 [991f0bf8-3b66-4160-8c92-791fd313402a-groupManagement] INFO  server.RaftServer$Division (RaftServerImpl.java:setRole(383)) - 991f0bf8-3b66-4160-8c92-791fd313402a@group-57FFFF11CB9D: changes role from      null to FOLLOWER at term 0 for startAsFollower
2024-02-06 10:04:18,827 [991f0bf8-3b66-4160-8c92-791fd313402a-groupManagement] INFO  impl.RoleInfo (RoleInfo.java:updateAndGet(139)) - 991f0bf8-3b66-4160-8c92-791fd313402a: start 991f0bf8-3b66-4160-8c92-791fd313402a@group-57FFFF11CB9D-FollowerState
2024-02-06 10:04:18,827 [991f0bf8-3b66-4160-8c92-791fd313402a@group-57FFFF11CB9D-FollowerState] INFO  server.RaftServerConfigKeys (ConfUtils.java:logFallback(53)) - raft.server.rpc.first-election.timeout.min = 5s (fallback to raft.server.rpc.timeout.min)
2024-02-06 10:04:18,827 [991f0bf8-3b66-4160-8c92-791fd313402a-groupManagement] INFO  util.JmxRegister (JmxRegister.java:tryRegister(44)) - Successfully registered JMX Bean with object name Ratis:service=RaftServer,group=group-57FFFF11CB9D,id=991f0bf8-3b66-4160-8c92-791fd313402a
2024-02-06 10:04:18,827 [991f0bf8-3b66-4160-8c92-791fd313402a@group-57FFFF11CB9D-FollowerState] INFO  server.RaftServerConfigKeys (ConfUtils.java:logFallback(53)) - raft.server.rpc.first-election.timeout.max = 5200ms (fallback to raft.server.rpc.timeout.max)
2024-02-06 10:04:18,827 [991f0bf8-3b66-4160-8c92-791fd313402a-groupManagement] INFO  server.RaftServerConfigKeys (ConfUtils.java:logGet(46)) - raft.server.snapshot.trigger-when-stop.enabled = true (default)
2024-02-06 10:04:18,827 [991f0bf8-3b66-4160-8c92-791fd313402a-groupManagement] INFO  server.RaftServerConfigKeys (ConfUtils.java:logGet(46)) - raft.server.snapshot.auto.trigger.enabled = true (custom)
2024-02-06 10:04:18,827 [991f0bf8-3b66-4160-8c92-791fd313402a-groupManagement] INFO  server.RaftServerConfigKeys (ConfUtils.java:logGet(46)) - raft.server.snapshot.auto.trigger.threshold = 10000 (custom)
2024-02-06 10:04:18,827 [991f0bf8-3b66-4160-8c92-791fd313402a-groupManagement] INFO  server.RaftServerConfigKeys (ConfUtils.java:logGet(46)) - raft.server.snapshot.retention.file.num = 5 (custom)
2024-02-06 10:04:18,827 [991f0bf8-3b66-4160-8c92-791fd313402a-groupManagement] INFO  server.RaftServerConfigKeys (ConfUtils.java:logGet(46)) - raft.server.log.purge.upto.snapshot.index = false (default)
2024-02-06 10:04:18,835 [grpc-default-executor-0] INFO  server.RaftServer (RaftServerProxy.java:addNew(100)) - a1fd6d11-0b72-4c96-8e55-07f63a3bc231: addNew group-57FFFF11CB9D:[991f0bf8-3b66-4160-8c92-791fd313402a|10.1.0.5:15442, 3978496b-7107-4711-aebb-7ffe7c8dd03a|10.1.0.5:15424, a1fd6d11-0b72-4c96-8e55-07f63a3bc231|10.1.0.5:15433] returns group-57FFFF11CB9D:java.util.concurrent.CompletableFuture@613d2186[Not completed]
2024-02-06 10:04:18,836 [a1fd6d11-0b72-4c96-8e55-07f63a3bc231-groupManagement] INFO  server.RaftServer$Division (RaftServerImpl.java:<init>(256)) - a1fd6d11-0b72-4c96-8e55-07f63a3bc231: new RaftServerImpl for group-57FFFF11CB9D:[991f0bf8-3b66-4160-8c92-791fd313402a|10.1.0.5:15442, 3978496b-7107-4711-aebb-7ffe7c8dd03a|10.1.0.5:15424, a1fd6d11-0b72-4c96-8e55-07f63a3bc231|10.1.0.5:15433] with ContainerStateMachine:uninitialized
2024-02-06 10:04:18,836 [a1fd6d11-0b72-4c96-8e55-07f63a3bc231-groupManagement] INFO  server.RaftServerConfigKeys (ConfUtils.java:logGet(46)) - raft.server.rpc.timeout.min = 5s (custom)
2024-02-06 10:04:18,836 [a1fd6d11-0b72-4c96-8e55-07f63a3bc231-groupManagement] INFO  server.RaftServerConfigKeys (ConfUtils.java:logGet(46)) - raft.server.rpc.timeout.max = 5200ms (custom)
2024-02-06 10:04:18,836 [a1fd6d11-0b72-4c96-8e55-07f63a3bc231-groupManagement] INFO  server.RaftServerConfigKeys (ConfUtils.java:logGet(46)) - raft.server.rpc.sleep.time = 25ms (default)
2024-02-06 10:04:18,836 [a1fd6d11-0b72-4c96-8e55-07f63a3bc231-groupManagement] INFO  server.RaftServerConfigKeys (ConfUtils.java:logGet(46)) - raft.server.rpc.slowness.timeout = 300000ms (custom)
2024-02-06 10:04:18,836 [a1fd6d11-0b72-4c96-8e55-07f63a3bc231-groupManagement] INFO  server.RaftServerConfigKeys (ConfUtils.java:logGet(46)) - raft.server.leaderelection.leader.step-down.wait-time = 10s (default)
2024-02-06 10:04:18,836 [a1fd6d11-0b72-4c96-8e55-07f63a3bc231-groupManagement] INFO  server.RaftServerConfigKeys (ConfUtils.java:logGet(46)) - raft.server.leaderelection.member.majority-add = false (default)
2024-02-06 10:04:18,837 [a1fd6d11-0b72-4c96-8e55-07f63a3bc231-groupManagement] INFO  server.RaftServerConfigKeys (ConfUtils.java:logGet(46)) - raft.server.sleep.deviation.threshold = 300ms (default)
2024-02-06 10:04:18,837 [a1fd6d11-0b72-4c96-8e55-07f63a3bc231-groupManagement] INFO  server.RaftServer$Division (ServerState.java:<init>(113)) - a1fd6d11-0b72-4c96-8e55-07f63a3bc231@group-57FFFF11CB9D: ConfigurationManager, init=-1: peers:[991f0bf8-3b66-4160-8c92-791fd313402a|10.1.0.5:15442, 3978496b-7107-4711-aebb-7ffe7c8dd03a|10.1.0.5:15424, a1fd6d11-0b72-4c96-8e55-07f63a3bc231|10.1.0.5:15433]|listeners:[], old=null, confs=<EMPTY_MAP>
2024-02-06 10:04:18,837 [a1fd6d11-0b72-4c96-8e55-07f63a3bc231-groupManagement] INFO  server.RaftServerConfigKeys (ConfUtils.java:logGet(46)) - raft.server.notification.no-leader.timeout = 300000ms (custom)
2024-02-06 10:04:18,837 [a1fd6d11-0b72-4c96-8e55-07f63a3bc231-groupManagement] INFO  server.RaftServerConfigKeys (ConfUtils.java:logGet(46)) - raft.server.read.timeout = 10s (default)
2024-02-06 10:04:18,837 [a1fd6d11-0b72-4c96-8e55-07f63a3bc231-groupManagement] INFO  server.RaftServerConfigKeys (ConfUtils.java:logGet(46)) - raft.server.retrycache.expirytime = 600000ms (custom)
2024-02-06 10:04:18,837 [a1fd6d11-0b72-4c96-8e55-07f63a3bc231-groupManagement] INFO  server.RaftServerConfigKeys (ConfUtils.java:logGet(46)) - raft.server.retrycache.statistics.expirytime = 100ms (default)
2024-02-06 10:04:18,837 [a1fd6d11-0b72-4c96-8e55-07f63a3bc231-groupManagement] INFO  server.RaftServerConfigKeys (ConfUtils.java:logGet(46)) - raft.server.read.option = DEFAULT (default)
2024-02-06 10:04:18,837 [a1fd6d11-0b72-4c96-8e55-07f63a3bc231-groupManagement] INFO  server.RaftServerConfigKeys (ConfUtils.java:logGet(46)) - raft.server.read.read-after-write-consistent.write-index-cache.expiry-time = 60s (default)
2024-02-06 10:04:18,841 [a1fd6d11-0b72-4c96-8e55-07f63a3bc231-groupManagement] INFO  server.RaftServerConfigKeys (ConfUtils.java:logGet(46)) - raft.server.rpc.request.timeout = 3000ms (default)
2024-02-06 10:04:18,841 [a1fd6d11-0b72-4c96-8e55-07f63a3bc231-groupManagement] INFO  server.RaftServerConfigKeys (ConfUtils.java:logGet(46)) - raft.server.log.appender.install.snapshot.enabled = false (custom)
2024-02-06 10:04:18,841 [a1fd6d11-0b72-4c96-8e55-07f63a3bc231-groupManagement] INFO  server.RaftServerConfigKeys (ConfUtils.java:logGet(46)) - raft.server.threadpool.server.cached = true (default)
2024-02-06 10:04:18,841 [a1fd6d11-0b72-4c96-8e55-07f63a3bc231-groupManagement] INFO  server.RaftServerConfigKeys (ConfUtils.java:logGet(46)) - raft.server.threadpool.server.size = 0 (default)
2024-02-06 10:04:18,841 [a1fd6d11-0b72-4c96-8e55-07f63a3bc231-groupManagement] INFO  server.RaftServerConfigKeys (ConfUtils.java:logGet(46)) - raft.server.threadpool.client.cached = true (default)
2024-02-06 10:04:18,841 [a1fd6d11-0b72-4c96-8e55-07f63a3bc231-groupManagement] INFO  server.RaftServerConfigKeys (ConfUtils.java:logGet(46)) - raft.server.threadpool.client.size = 0 (default)
2024-02-06 10:04:18,841 [a1fd6d11-0b72-4c96-8e55-07f63a3bc231-groupManagement] INFO  server.RaftServerConfigKeys (ConfUtils.java:logGet(46)) - raft.server.storage.free-space.min = 0MB (=0) (default)
2024-02-06 10:04:18,841 [a1fd6d11-0b72-4c96-8e55-07f63a3bc231-groupManagement] INFO  server.RaftServerConfigKeys (ConfUtils.java:logGet(46)) - raft.server.log.corruption.policy = EXCEPTION (default)
2024-02-06 10:04:18,841 [a1fd6d11-0b72-4c96-8e55-07f63a3bc231-groupManagement] INFO  server.RaftServerConfigKeys (ConfUtils.java:logGet(46)) - raft.server.storage.dir = [/home/runner/work/ozone/ozone/hadoop-ozone/integration-test/target/test-dir/MiniOzoneClusterImpl-0ae4c21d-b8eb-4e36-9639-963ec8fb7de7/datanode-7/data/ratis] (custom)
2024-02-06 10:04:18,841 [a1fd6d11-0b72-4c96-8e55-07f63a3bc231-groupManagement] INFO  storage.RaftStorageDirectory (RaftStorageDirectoryImpl.java:analyzeStorage(138)) - The storage directory /home/runner/work/ozone/ozone/hadoop-ozone/integration-test/target/test-dir/MiniOzoneClusterImpl-0ae4c21d-b8eb-4e36-9639-963ec8fb7de7/datanode-7/data/ratis/9c263ce7-3999-457c-a556-57ffff11cb9d does not exist. Creating ...
2024-02-06 10:04:18,842 [a1fd6d11-0b72-4c96-8e55-07f63a3bc231-groupManagement] INFO  storage.RaftStorageDirectory (RaftStorageDirectoryImpl.java:tryLock(228)) - Lock on /home/runner/work/ozone/ozone/hadoop-ozone/integration-test/target/test-dir/MiniOzoneClusterImpl-0ae4c21d-b8eb-4e36-9639-963ec8fb7de7/datanode-7/data/ratis/9c263ce7-3999-457c-a556-57ffff11cb9d/in_use.lock acquired by nodename 37157@fv-az776-296
2024-02-06 10:04:18,843 [a1fd6d11-0b72-4c96-8e55-07f63a3bc231-groupManagement] INFO  storage.RaftStorage (RaftStorageImpl.java:format(99)) - Storage directory /home/runner/work/ozone/ozone/hadoop-ozone/integration-test/target/test-dir/MiniOzoneClusterImpl-0ae4c21d-b8eb-4e36-9639-963ec8fb7de7/datanode-7/data/ratis/9c263ce7-3999-457c-a556-57ffff11cb9d has been successfully formatted.
2024-02-06 10:04:18,843 [a1fd6d11-0b72-4c96-8e55-07f63a3bc231-groupManagement] WARN  util.FileUtils (LogUtils.java:supplyAndLog(63)) - Failed to Files.newInputStream /home/runner/work/ozone/ozone/hadoop-ozone/integration-test/target/test-dir/MiniOzoneClusterImpl-0ae4c21d-b8eb-4e36-9639-963ec8fb7de7/datanode-7/data/ratis/9c263ce7-3999-457c-a556-57ffff11cb9d/current/raft-meta.conf with options []: java.nio.file.NoSuchFileException: /home/runner/work/ozone/ozone/hadoop-ozone/integration-test/target/test-dir/MiniOzoneClusterImpl-0ae4c21d-b8eb-4e36-9639-963ec8fb7de7/datanode-7/data/ratis/9c263ce7-3999-457c-a556-57ffff11cb9d/current/raft-meta.conf
2024-02-06 10:04:18,845 [a1fd6d11-0b72-4c96-8e55-07f63a3bc231-groupManagement] INFO  ratis.ContainerStateMachine (ContainerStateMachine.java:loadSnapshot(287)) - group-57FFFF11CB9D: The snapshot info is null. Setting the last applied index to:(t:0, i:~)
2024-02-06 10:04:18,845 [a1fd6d11-0b72-4c96-8e55-07f63a3bc231-groupManagement] INFO  server.RaftServerConfigKeys (ConfUtils.java:logGet(46)) - raft.server.log.use.memory = false (default)
2024-02-06 10:04:18,845 [a1fd6d11-0b72-4c96-8e55-07f63a3bc231-groupManagement] INFO  server.RaftServerConfigKeys (ConfUtils.java:logGet(46)) - raft.server.log.purge.gap = 1000000 (custom)
2024-02-06 10:04:18,845 [a1fd6d11-0b72-4c96-8e55-07f63a3bc231-groupManagement] INFO  server.RaftServerConfigKeys (ConfUtils.java:logGet(46)) - raft.server.log.appender.buffer.byte-limit = 8388608 (custom)
2024-02-06 10:04:18,845 [a1fd6d11-0b72-4c96-8e55-07f63a3bc231-groupManagement] INFO  server.RaftServerConfigKeys (ConfUtils.java:logGet(46)) - raft.server.log.statemachine.data.read.timeout = 1000ms (default)
2024-02-06 10:04:18,845 [a1fd6d11-0b72-4c96-8e55-07f63a3bc231-groupManagement] INFO  server.RaftServerConfigKeys (ConfUtils.java:logGet(46)) - raft.server.log.purge.preservation.log.num = 0 (default)
2024-02-06 10:04:18,846 [a1fd6d11-0b72-4c96-8e55-07f63a3bc231-groupManagement] INFO  server.RaftServerConfigKeys (ConfUtils.java:logGet(46)) - raft.server.log.segment.size.max = 67108864 (custom)
2024-02-06 10:04:18,846 [a1fd6d11-0b72-4c96-8e55-07f63a3bc231-groupManagement] INFO  server.RaftServerConfigKeys (ConfUtils.java:logGet(46)) - raft.server.log.segment.cache.num.max = 2 (custom)
2024-02-06 10:04:18,846 [a1fd6d11-0b72-4c96-8e55-07f63a3bc231-groupManagement] INFO  server.RaftServerConfigKeys (ConfUtils.java:logGet(46)) - raft.server.log.segment.cache.size.max = 200MB (=209715200) (default)
2024-02-06 10:04:18,846 [a1fd6d11-0b72-4c96-8e55-07f63a3bc231-groupManagement] INFO  server.RaftServerConfigKeys (ConfUtils.java:logGet(46)) - raft.server.log.appender.buffer.byte-limit = 8388608 (custom)
2024-02-06 10:04:18,846 [a1fd6d11-0b72-4c96-8e55-07f63a3bc231-groupManagement] INFO  util.AwaitToRun (AwaitToRun.java:start(81)) - Thread[a1fd6d11-0b72-4c96-8e55-07f63a3bc231@group-57FFFF11CB9D-cacheEviction-AwaitToRun,5,main] started
2024-02-06 10:04:18,846 [a1fd6d11-0b72-4c96-8e55-07f63a3bc231-groupManagement] INFO  segmented.SegmentedRaftLogWorker (SegmentedRaftLogWorker.java:<init>(182)) - new a1fd6d11-0b72-4c96-8e55-07f63a3bc231@group-57FFFF11CB9D-SegmentedRaftLogWorker for RaftStorageImpl:Storage Directory /home/runner/work/ozone/ozone/hadoop-ozone/integration-test/target/test-dir/MiniOzoneClusterImpl-0ae4c21d-b8eb-4e36-9639-963ec8fb7de7/datanode-7/data/ratis/9c263ce7-3999-457c-a556-57ffff11cb9d
2024-02-06 10:04:18,846 [a1fd6d11-0b72-4c96-8e55-07f63a3bc231-groupManagement] INFO  server.RaftServerConfigKeys (ConfUtils.java:logGet(46)) - raft.server.log.queue.byte-limit = 4294967296 (custom)
2024-02-06 10:04:18,846 [a1fd6d11-0b72-4c96-8e55-07f63a3bc231-groupManagement] INFO  server.RaftServerConfigKeys (ConfUtils.java:logGet(46)) - raft.server.log.queue.element-limit = 1024 (custom)
2024-02-06 10:04:18,846 [a1fd6d11-0b72-4c96-8e55-07f63a3bc231-groupManagement] INFO  server.RaftServerConfigKeys (ConfUtils.java:logGet(46)) - raft.server.log.segment.size.max = 67108864 (custom)
2024-02-06 10:04:18,846 [a1fd6d11-0b72-4c96-8e55-07f63a3bc231-groupManagement] INFO  server.RaftServerConfigKeys (ConfUtils.java:logGet(46)) - raft.server.log.preallocated.size = 4194304 (custom)
2024-02-06 10:04:18,846 [a1fd6d11-0b72-4c96-8e55-07f63a3bc231-groupManagement] INFO  server.RaftServerConfigKeys (ConfUtils.java:logGet(46)) - raft.server.log.force.sync.num = 128 (default)
2024-02-06 10:04:18,847 [a1fd6d11-0b72-4c96-8e55-07f63a3bc231-groupManagement] INFO  server.RaftServerConfigKeys (ConfUtils.java:logGet(46)) - raft.server.log.statemachine.data.sync = true (default)
2024-02-06 10:04:18,847 [a1fd6d11-0b72-4c96-8e55-07f63a3bc231-groupManagement] INFO  server.RaftServerConfigKeys (ConfUtils.java:logGet(46)) - raft.server.log.statemachine.data.sync.timeout = 10s (default)
2024-02-06 10:04:18,847 [a1fd6d11-0b72-4c96-8e55-07f63a3bc231-groupManagement] INFO  server.RaftServerConfigKeys (ConfUtils.java:logGet(46)) - raft.server.log.statemachine.data.sync.timeout.retry = 0 (custom)
2024-02-06 10:04:18,847 [a1fd6d11-0b72-4c96-8e55-07f63a3bc231-groupManagement] INFO  server.RaftServerConfigKeys (ConfUtils.java:logGet(46)) - raft.server.log.write.buffer.size = 8388616 (custom)
2024-02-06 10:04:18,848 [a1fd6d11-0b72-4c96-8e55-07f63a3bc231-groupManagement] INFO  server.RaftServerConfigKeys (ConfUtils.java:logGet(46)) - raft.server.log.appender.buffer.byte-limit = 8388608 (custom)
2024-02-06 10:04:18,848 [a1fd6d11-0b72-4c96-8e55-07f63a3bc231-groupManagement] INFO  server.RaftServerConfigKeys (ConfUtils.java:logGet(46)) - raft.server.log.unsafe-flush.enabled = false (default)
2024-02-06 10:04:18,848 [a1fd6d11-0b72-4c96-8e55-07f63a3bc231-groupManagement] INFO  server.RaftServerConfigKeys (ConfUtils.java:logGet(46)) - raft.server.log.async-flush.enabled = false (default)
2024-02-06 10:04:18,848 [a1fd6d11-0b72-4c96-8e55-07f63a3bc231-groupManagement] INFO  server.RaftServerConfigKeys (ConfUtils.java:logGet(46)) - raft.server.log.statemachine.data.caching.enabled = true (custom)
2024-02-06 10:04:18,848 [a1fd6d11-0b72-4c96-8e55-07f63a3bc231-groupManagement] INFO  segmented.SegmentedRaftLogWorker (SegmentedRaftLogWorker.java:lambda$new$0(134)) - a1fd6d11-0b72-4c96-8e55-07f63a3bc231@group-57FFFF11CB9D-SegmentedRaftLogWorker: flushIndex: setUnconditionally 0 -> -1
2024-02-06 10:04:18,848 [a1fd6d11-0b72-4c96-8e55-07f63a3bc231-groupManagement] INFO  segmented.SegmentedRaftLogWorker (SegmentedRaftLogWorker.java:lambda$new$0(134)) - a1fd6d11-0b72-4c96-8e55-07f63a3bc231@group-57FFFF11CB9D-SegmentedRaftLogWorker: safeCacheEvictIndex: setUnconditionally 0 -> -1
2024-02-06 10:04:18,848 [a1fd6d11-0b72-4c96-8e55-07f63a3bc231-groupManagement] INFO  server.RaftServer$Division (RaftServerImpl.java:start(396)) - a1fd6d11-0b72-4c96-8e55-07f63a3bc231@group-57FFFF11CB9D: start as a follower, conf=-1: peers:[991f0bf8-3b66-4160-8c92-791fd313402a|10.1.0.5:15442, 3978496b-7107-4711-aebb-7ffe7c8dd03a|10.1.0.5:15424, a1fd6d11-0b72-4c96-8e55-07f63a3bc231|10.1.0.5:15433]|listeners:[], old=null
2024-02-06 10:04:18,848 [a1fd6d11-0b72-4c96-8e55-07f63a3bc231-groupManagement] INFO  server.RaftServer$Division (RaftServerImpl.java:setRole(383)) - a1fd6d11-0b72-4c96-8e55-07f63a3bc231@group-57FFFF11CB9D: changes role from      null to FOLLOWER at term 0 for startAsFollower
2024-02-06 10:04:18,848 [a1fd6d11-0b72-4c96-8e55-07f63a3bc231-groupManagement] INFO  impl.RoleInfo (RoleInfo.java:updateAndGet(139)) - a1fd6d11-0b72-4c96-8e55-07f63a3bc231: start a1fd6d11-0b72-4c96-8e55-07f63a3bc231@group-57FFFF11CB9D-FollowerState
2024-02-06 10:04:18,849 [a1fd6d11-0b72-4c96-8e55-07f63a3bc231@group-57FFFF11CB9D-FollowerState] INFO  server.RaftServerConfigKeys (ConfUtils.java:logFallback(53)) - raft.server.rpc.first-election.timeout.min = 5s (fallback to raft.server.rpc.timeout.min)
2024-02-06 10:04:18,849 [a1fd6d11-0b72-4c96-8e55-07f63a3bc231-groupManagement] INFO  util.JmxRegister (JmxRegister.java:tryRegister(44)) - Successfully registered JMX Bean with object name Ratis:service=RaftServer,group=group-57FFFF11CB9D,id=a1fd6d11-0b72-4c96-8e55-07f63a3bc231
2024-02-06 10:04:18,849 [a1fd6d11-0b72-4c96-8e55-07f63a3bc231@group-57FFFF11CB9D-FollowerState] INFO  server.RaftServerConfigKeys (ConfUtils.java:logFallback(53)) - raft.server.rpc.first-election.timeout.max = 5200ms (fallback to raft.server.rpc.timeout.max)
2024-02-06 10:04:18,849 [a1fd6d11-0b72-4c96-8e55-07f63a3bc231-groupManagement] INFO  server.RaftServerConfigKeys (ConfUtils.java:logGet(46)) - raft.server.snapshot.trigger-when-stop.enabled = true (default)
2024-02-06 10:04:18,849 [a1fd6d11-0b72-4c96-8e55-07f63a3bc231-groupManagement] INFO  server.RaftServerConfigKeys (ConfUtils.java:logGet(46)) - raft.server.snapshot.auto.trigger.enabled = true (custom)
2024-02-06 10:04:18,849 [a1fd6d11-0b72-4c96-8e55-07f63a3bc231-groupManagement] INFO  server.RaftServerConfigKeys (ConfUtils.java:logGet(46)) - raft.server.snapshot.auto.trigger.threshold = 10000 (custom)
2024-02-06 10:04:18,849 [a1fd6d11-0b72-4c96-8e55-07f63a3bc231-groupManagement] INFO  server.RaftServerConfigKeys (ConfUtils.java:logGet(46)) - raft.server.snapshot.retention.file.num = 5 (custom)
2024-02-06 10:04:18,849 [a1fd6d11-0b72-4c96-8e55-07f63a3bc231-groupManagement] INFO  server.RaftServerConfigKeys (ConfUtils.java:logGet(46)) - raft.server.log.purge.upto.snapshot.index = false (default)
2024-02-06 10:04:18,855 [3978496b-7107-4711-aebb-7ffe7c8dd03a-PipelineCommandHandlerThread-0] INFO  commandhandler.CreatePipelineCommandHandler (CreatePipelineCommandHandler.java:lambda$handle$2(124)) - Created Pipeline RATIS THREE PipelineID=9c263ce7-3999-457c-a556-57ffff11cb9d.
2024-02-06 10:04:18,884 [a1fd6d11-0b72-4c96-8e55-07f63a3bc231-PipelineCommandHandlerThread-0] INFO  server.RaftServer (RaftServerProxy.java:addNew(100)) - a1fd6d11-0b72-4c96-8e55-07f63a3bc231: addNew group-EFBEEDD1816A:[a1fd6d11-0b72-4c96-8e55-07f63a3bc231|10.1.0.5:15433] returns group-EFBEEDD1816A:java.util.concurrent.CompletableFuture@58707c1[Not completed]
2024-02-06 10:04:18,885 [a1fd6d11-0b72-4c96-8e55-07f63a3bc231-groupManagement] INFO  server.RaftServer$Division (RaftServerImpl.java:<init>(256)) - a1fd6d11-0b72-4c96-8e55-07f63a3bc231: new RaftServerImpl for group-EFBEEDD1816A:[a1fd6d11-0b72-4c96-8e55-07f63a3bc231|10.1.0.5:15433] with ContainerStateMachine:uninitialized
2024-02-06 10:04:18,885 [a1fd6d11-0b72-4c96-8e55-07f63a3bc231-groupManagement] INFO  server.RaftServerConfigKeys (ConfUtils.java:logGet(46)) - raft.server.rpc.timeout.min = 5s (custom)
2024-02-06 10:04:18,885 [a1fd6d11-0b72-4c96-8e55-07f63a3bc231-groupManagement] INFO  server.RaftServerConfigKeys (ConfUtils.java:logGet(46)) - raft.server.rpc.timeout.max = 5200ms (custom)
2024-02-06 10:04:18,885 [a1fd6d11-0b72-4c96-8e55-07f63a3bc231-groupManagement] INFO  server.RaftServerConfigKeys (ConfUtils.java:logGet(46)) - raft.server.rpc.sleep.time = 25ms (default)
2024-02-06 10:04:18,885 [a1fd6d11-0b72-4c96-8e55-07f63a3bc231-groupManagement] INFO  server.RaftServerConfigKeys (ConfUtils.java:logGet(46)) - raft.server.rpc.slowness.timeout = 300000ms (custom)
2024-02-06 10:04:18,885 [a1fd6d11-0b72-4c96-8e55-07f63a3bc231-groupManagement] INFO  server.RaftServerConfigKeys (ConfUtils.java:logGet(46)) - raft.server.leaderelection.leader.step-down.wait-time = 10s (default)
2024-02-06 10:04:18,885 [a1fd6d11-0b72-4c96-8e55-07f63a3bc231-groupManagement] INFO  server.RaftServerConfigKeys (ConfUtils.java:logGet(46)) - raft.server.leaderelection.member.majority-add = false (default)
2024-02-06 10:04:18,885 [a1fd6d11-0b72-4c96-8e55-07f63a3bc231-groupManagement] INFO  server.RaftServerConfigKeys (ConfUtils.java:logGet(46)) - raft.server.sleep.deviation.threshold = 300ms (default)
2024-02-06 10:04:18,885 [a1fd6d11-0b72-4c96-8e55-07f63a3bc231-groupManagement] INFO  server.RaftServer$Division (ServerState.java:<init>(113)) - a1fd6d11-0b72-4c96-8e55-07f63a3bc231@group-EFBEEDD1816A: ConfigurationManager, init=-1: peers:[a1fd6d11-0b72-4c96-8e55-07f63a3bc231|10.1.0.5:15433]|listeners:[], old=null, confs=<EMPTY_MAP>
2024-02-06 10:04:18,885 [a1fd6d11-0b72-4c96-8e55-07f63a3bc231-groupManagement] INFO  server.RaftServerConfigKeys (ConfUtils.java:logGet(46)) - raft.server.notification.no-leader.timeout = 300000ms (custom)
2024-02-06 10:04:18,885 [a1fd6d11-0b72-4c96-8e55-07f63a3bc231-groupManagement] INFO  server.RaftServerConfigKeys (ConfUtils.java:logGet(46)) - raft.server.read.timeout = 10s (default)
2024-02-06 10:04:18,885 [a1fd6d11-0b72-4c96-8e55-07f63a3bc231-groupManagement] INFO  server.RaftServerConfigKeys (ConfUtils.java:logGet(46)) - raft.server.retrycache.expirytime = 600000ms (custom)
2024-02-06 10:04:18,885 [a1fd6d11-0b72-4c96-8e55-07f63a3bc231-groupManagement] INFO  server.RaftServerConfigKeys (ConfUtils.java:logGet(46)) - raft.server.retrycache.statistics.expirytime = 100ms (default)
2024-02-06 10:04:18,885 [a1fd6d11-0b72-4c96-8e55-07f63a3bc231-groupManagement] INFO  server.RaftServerConfigKeys (ConfUtils.java:logGet(46)) - raft.server.read.option = DEFAULT (default)
2024-02-06 10:04:18,885 [a1fd6d11-0b72-4c96-8e55-07f63a3bc231-groupManagement] INFO  server.RaftServerConfigKeys (ConfUtils.java:logGet(46)) - raft.server.read.read-after-write-consistent.write-index-cache.expiry-time = 60s (default)
2024-02-06 10:04:18,887 [a1fd6d11-0b72-4c96-8e55-07f63a3bc231-groupManagement] INFO  server.RaftServerConfigKeys (ConfUtils.java:logGet(46)) - raft.server.rpc.request.timeout = 3000ms (default)
2024-02-06 10:04:18,887 [a1fd6d11-0b72-4c96-8e55-07f63a3bc231-groupManagement] INFO  server.RaftServerConfigKeys (ConfUtils.java:logGet(46)) - raft.server.log.appender.install.snapshot.enabled = false (custom)
2024-02-06 10:04:18,887 [a1fd6d11-0b72-4c96-8e55-07f63a3bc231-groupManagement] INFO  server.RaftServerConfigKeys (ConfUtils.java:logGet(46)) - raft.server.threadpool.server.cached = true (default)
2024-02-06 10:04:18,887 [a1fd6d11-0b72-4c96-8e55-07f63a3bc231-groupManagement] INFO  server.RaftServerConfigKeys (ConfUtils.java:logGet(46)) - raft.server.threadpool.server.size = 0 (default)
2024-02-06 10:04:18,887 [a1fd6d11-0b72-4c96-8e55-07f63a3bc231-groupManagement] INFO  server.RaftServerConfigKeys (ConfUtils.java:logGet(46)) - raft.server.threadpool.client.cached = true (default)
2024-02-06 10:04:18,887 [a1fd6d11-0b72-4c96-8e55-07f63a3bc231-groupManagement] INFO  server.RaftServerConfigKeys (ConfUtils.java:logGet(46)) - raft.server.threadpool.client.size = 0 (default)
2024-02-06 10:04:18,887 [a1fd6d11-0b72-4c96-8e55-07f63a3bc231-groupManagement] INFO  server.RaftServerConfigKeys (ConfUtils.java:logGet(46)) - raft.server.storage.free-space.min = 0MB (=0) (default)
2024-02-06 10:04:18,887 [a1fd6d11-0b72-4c96-8e55-07f63a3bc231-groupManagement] INFO  server.RaftServerConfigKeys (ConfUtils.java:logGet(46)) - raft.server.log.corruption.policy = EXCEPTION (default)
2024-02-06 10:04:18,887 [a1fd6d11-0b72-4c96-8e55-07f63a3bc231-groupManagement] INFO  server.RaftServerConfigKeys (ConfUtils.java:logGet(46)) - raft.server.storage.dir = [/home/runner/work/ozone/ozone/hadoop-ozone/integration-test/target/test-dir/MiniOzoneClusterImpl-0ae4c21d-b8eb-4e36-9639-963ec8fb7de7/datanode-7/data/ratis] (custom)
2024-02-06 10:04:18,887 [a1fd6d11-0b72-4c96-8e55-07f63a3bc231-groupManagement] INFO  storage.RaftStorageDirectory (RaftStorageDirectoryImpl.java:analyzeStorage(138)) - The storage directory /home/runner/work/ozone/ozone/hadoop-ozone/integration-test/target/test-dir/MiniOzoneClusterImpl-0ae4c21d-b8eb-4e36-9639-963ec8fb7de7/datanode-7/data/ratis/71cdbd26-382e-435e-bc28-efbeedd1816a does not exist. Creating ...
2024-02-06 10:04:18,888 [a1fd6d11-0b72-4c96-8e55-07f63a3bc231-groupManagement] INFO  storage.RaftStorageDirectory (RaftStorageDirectoryImpl.java:tryLock(228)) - Lock on /home/runner/work/ozone/ozone/hadoop-ozone/integration-test/target/test-dir/MiniOzoneClusterImpl-0ae4c21d-b8eb-4e36-9639-963ec8fb7de7/datanode-7/data/ratis/71cdbd26-382e-435e-bc28-efbeedd1816a/in_use.lock acquired by nodename 37157@fv-az776-296
2024-02-06 10:04:18,889 [a1fd6d11-0b72-4c96-8e55-07f63a3bc231-groupManagement] INFO  storage.RaftStorage (RaftStorageImpl.java:format(99)) - Storage directory /home/runner/work/ozone/ozone/hadoop-ozone/integration-test/target/test-dir/MiniOzoneClusterImpl-0ae4c21d-b8eb-4e36-9639-963ec8fb7de7/datanode-7/data/ratis/71cdbd26-382e-435e-bc28-efbeedd1816a has been successfully formatted.
2024-02-06 10:04:18,890 [a1fd6d11-0b72-4c96-8e55-07f63a3bc231-groupManagement] WARN  util.FileUtils (LogUtils.java:supplyAndLog(63)) - Failed to Files.newInputStream /home/runner/work/ozone/ozone/hadoop-ozone/integration-test/target/test-dir/MiniOzoneClusterImpl-0ae4c21d-b8eb-4e36-9639-963ec8fb7de7/datanode-7/data/ratis/71cdbd26-382e-435e-bc28-efbeedd1816a/current/raft-meta.conf with options []: java.nio.file.NoSuchFileException: /home/runner/work/ozone/ozone/hadoop-ozone/integration-test/target/test-dir/MiniOzoneClusterImpl-0ae4c21d-b8eb-4e36-9639-963ec8fb7de7/datanode-7/data/ratis/71cdbd26-382e-435e-bc28-efbeedd1816a/current/raft-meta.conf
2024-02-06 10:04:18,890 [a1fd6d11-0b72-4c96-8e55-07f63a3bc231-groupManagement] INFO  ratis.ContainerStateMachine (ContainerStateMachine.java:loadSnapshot(287)) - group-EFBEEDD1816A: The snapshot info is null. Setting the last applied index to:(t:0, i:~)
2024-02-06 10:04:18,890 [a1fd6d11-0b72-4c96-8e55-07f63a3bc231-groupManagement] INFO  server.RaftServerConfigKeys (ConfUtils.java:logGet(46)) - raft.server.log.use.memory = false (default)
2024-02-06 10:04:18,890 [a1fd6d11-0b72-4c96-8e55-07f63a3bc231-groupManagement] INFO  server.RaftServerConfigKeys (ConfUtils.java:logGet(46)) - raft.server.log.purge.gap = 1000000 (custom)
2024-02-06 10:04:18,890 [a1fd6d11-0b72-4c96-8e55-07f63a3bc231-groupManagement] INFO  server.RaftServerConfigKeys (ConfUtils.java:logGet(46)) - raft.server.log.appender.buffer.byte-limit = 8388608 (custom)
2024-02-06 10:04:18,890 [a1fd6d11-0b72-4c96-8e55-07f63a3bc231-groupManagement] INFO  server.RaftServerConfigKeys (ConfUtils.java:logGet(46)) - raft.server.log.statemachine.data.read.timeout = 1000ms (default)
2024-02-06 10:04:18,890 [a1fd6d11-0b72-4c96-8e55-07f63a3bc231-groupManagement] INFO  server.RaftServerConfigKeys (ConfUtils.java:logGet(46)) - raft.server.log.purge.preservation.log.num = 0 (default)
2024-02-06 10:04:18,891 [EventQueue-PipelineReportForPipelineReportHandler] INFO  pipeline.PipelineReportHandler (PipelineReportHandler.java:processPipelineReport(136)) - Opened pipeline PipelineID=71cdbd26-382e-435e-bc28-efbeedd1816a
2024-02-06 10:04:18,891 [EventQueue-OpenPipelineForHealthyPipelineSafeModeRule] INFO  safemode.SCMSafeModeManager (HealthyPipelineSafeModeRule.java:process(140)) - SCM in safe mode. Healthy pipelines reported count is 0, required healthy pipeline reported count is 1
2024-02-06 10:04:18,891 [a1fd6d11-0b72-4c96-8e55-07f63a3bc231-groupManagement] INFO  server.RaftServerConfigKeys (ConfUtils.java:logGet(46)) - raft.server.log.segment.size.max = 67108864 (custom)
2024-02-06 10:04:18,891 [a1fd6d11-0b72-4c96-8e55-07f63a3bc231-groupManagement] INFO  server.RaftServerConfigKeys (ConfUtils.java:logGet(46)) - raft.server.log.segment.cache.num.max = 2 (custom)
2024-02-06 10:04:18,891 [a1fd6d11-0b72-4c96-8e55-07f63a3bc231-groupManagement] INFO  server.RaftServerConfigKeys (ConfUtils.java:logGet(46)) - raft.server.log.segment.cache.size.max = 200MB (=209715200) (default)
2024-02-06 10:04:18,891 [a1fd6d11-0b72-4c96-8e55-07f63a3bc231-groupManagement] INFO  server.RaftServerConfigKeys (ConfUtils.java:logGet(46)) - raft.server.log.appender.buffer.byte-limit = 8388608 (custom)
2024-02-06 10:04:18,891 [a1fd6d11-0b72-4c96-8e55-07f63a3bc231-groupManagement] INFO  util.AwaitToRun (AwaitToRun.java:start(81)) - Thread[a1fd6d11-0b72-4c96-8e55-07f63a3bc231@group-EFBEEDD1816A-cacheEviction-AwaitToRun,5,main] started
2024-02-06 10:04:18,891 [a1fd6d11-0b72-4c96-8e55-07f63a3bc231-groupManagement] INFO  segmented.SegmentedRaftLogWorker (SegmentedRaftLogWorker.java:<init>(182)) - new a1fd6d11-0b72-4c96-8e55-07f63a3bc231@group-EFBEEDD1816A-SegmentedRaftLogWorker for RaftStorageImpl:Storage Directory /home/runner/work/ozone/ozone/hadoop-ozone/integration-test/target/test-dir/MiniOzoneClusterImpl-0ae4c21d-b8eb-4e36-9639-963ec8fb7de7/datanode-7/data/ratis/71cdbd26-382e-435e-bc28-efbeedd1816a
2024-02-06 10:04:18,892 [a1fd6d11-0b72-4c96-8e55-07f63a3bc231-groupManagement] INFO  server.RaftServerConfigKeys (ConfUtils.java:logGet(46)) - raft.server.log.queue.byte-limit = 4294967296 (custom)
2024-02-06 10:04:18,892 [a1fd6d11-0b72-4c96-8e55-07f63a3bc231-groupManagement] INFO  server.RaftServerConfigKeys (ConfUtils.java:logGet(46)) - raft.server.log.queue.element-limit = 1024 (custom)
2024-02-06 10:04:18,892 [a1fd6d11-0b72-4c96-8e55-07f63a3bc231-groupManagement] INFO  server.RaftServerConfigKeys (ConfUtils.java:logGet(46)) - raft.server.log.segment.size.max = 67108864 (custom)
2024-02-06 10:04:18,892 [a1fd6d11-0b72-4c96-8e55-07f63a3bc231-groupManagement] INFO  server.RaftServerConfigKeys (ConfUtils.java:logGet(46)) - raft.server.log.preallocated.size = 4194304 (custom)
2024-02-06 10:04:18,892 [a1fd6d11-0b72-4c96-8e55-07f63a3bc231-groupManagement] INFO  server.RaftServerConfigKeys (ConfUtils.java:logGet(46)) - raft.server.log.force.sync.num = 128 (default)
2024-02-06 10:04:18,892 [a1fd6d11-0b72-4c96-8e55-07f63a3bc231-groupManagement] INFO  server.RaftServerConfigKeys (ConfUtils.java:logGet(46)) - raft.server.log.statemachine.data.sync = true (default)
2024-02-06 10:04:18,892 [a1fd6d11-0b72-4c96-8e55-07f63a3bc231-groupManagement] INFO  server.RaftServerConfigKeys (ConfUtils.java:logGet(46)) - raft.server.log.statemachine.data.sync.timeout = 10s (default)
2024-02-06 10:04:18,892 [a1fd6d11-0b72-4c96-8e55-07f63a3bc231-groupManagement] INFO  server.RaftServerConfigKeys (ConfUtils.java:logGet(46)) - raft.server.log.statemachine.data.sync.timeout.retry = 0 (custom)
2024-02-06 10:04:18,892 [a1fd6d11-0b72-4c96-8e55-07f63a3bc231-groupManagement] INFO  server.RaftServerConfigKeys (ConfUtils.java:logGet(46)) - raft.server.log.write.buffer.size = 8388616 (custom)
2024-02-06 10:04:18,893 [a1fd6d11-0b72-4c96-8e55-07f63a3bc231-groupManagement] INFO  server.RaftServerConfigKeys (ConfUtils.java:logGet(46)) - raft.server.log.appender.buffer.byte-limit = 8388608 (custom)
2024-02-06 10:04:18,893 [a1fd6d11-0b72-4c96-8e55-07f63a3bc231-groupManagement] INFO  server.RaftServerConfigKeys (ConfUtils.java:logGet(46)) - raft.server.log.unsafe-flush.enabled = false (default)
2024-02-06 10:04:18,893 [a1fd6d11-0b72-4c96-8e55-07f63a3bc231-groupManagement] INFO  server.RaftServerConfigKeys (ConfUtils.java:logGet(46)) - raft.server.log.async-flush.enabled = false (default)
2024-02-06 10:04:18,893 [a1fd6d11-0b72-4c96-8e55-07f63a3bc231-groupManagement] INFO  server.RaftServerConfigKeys (ConfUtils.java:logGet(46)) - raft.server.log.statemachine.data.caching.enabled = true (custom)
2024-02-06 10:04:18,893 [a1fd6d11-0b72-4c96-8e55-07f63a3bc231-groupManagement] INFO  segmented.SegmentedRaftLogWorker (SegmentedRaftLogWorker.java:lambda$new$0(134)) - a1fd6d11-0b72-4c96-8e55-07f63a3bc231@group-EFBEEDD1816A-SegmentedRaftLogWorker: flushIndex: setUnconditionally 0 -> -1
2024-02-06 10:04:18,893 [a1fd6d11-0b72-4c96-8e55-07f63a3bc231-groupManagement] INFO  segmented.SegmentedRaftLogWorker (SegmentedRaftLogWorker.java:lambda$new$0(134)) - a1fd6d11-0b72-4c96-8e55-07f63a3bc231@group-EFBEEDD1816A-SegmentedRaftLogWorker: safeCacheEvictIndex: setUnconditionally 0 -> -1
2024-02-06 10:04:18,894 [a1fd6d11-0b72-4c96-8e55-07f63a3bc231-groupManagement] INFO  server.RaftServer$Division (RaftServerImpl.java:start(396)) - a1fd6d11-0b72-4c96-8e55-07f63a3bc231@group-EFBEEDD1816A: start as a follower, conf=-1: peers:[a1fd6d11-0b72-4c96-8e55-07f63a3bc231|10.1.0.5:15433]|listeners:[], old=null
2024-02-06 10:04:18,894 [a1fd6d11-0b72-4c96-8e55-07f63a3bc231-groupManagement] INFO  server.RaftServer$Division (RaftServerImpl.java:setRole(383)) - a1fd6d11-0b72-4c96-8e55-07f63a3bc231@group-EFBEEDD1816A: changes role from      null to FOLLOWER at term 0 for startAsFollower
2024-02-06 10:04:18,894 [a1fd6d11-0b72-4c96-8e55-07f63a3bc231-groupManagement] INFO  impl.RoleInfo (RoleInfo.java:updateAndGet(139)) - a1fd6d11-0b72-4c96-8e55-07f63a3bc231: start a1fd6d11-0b72-4c96-8e55-07f63a3bc231@group-EFBEEDD1816A-FollowerState
2024-02-06 10:04:18,894 [a1fd6d11-0b72-4c96-8e55-07f63a3bc231@group-EFBEEDD1816A-FollowerState] INFO  server.RaftServerConfigKeys (ConfUtils.java:logFallback(53)) - raft.server.rpc.first-election.timeout.min = 5s (fallback to raft.server.rpc.timeout.min)
2024-02-06 10:04:18,894 [a1fd6d11-0b72-4c96-8e55-07f63a3bc231-groupManagement] INFO  util.JmxRegister (JmxRegister.java:tryRegister(44)) - Successfully registered JMX Bean with object name Ratis:service=RaftServer,group=group-EFBEEDD1816A,id=a1fd6d11-0b72-4c96-8e55-07f63a3bc231
2024-02-06 10:04:18,894 [a1fd6d11-0b72-4c96-8e55-07f63a3bc231@group-EFBEEDD1816A-FollowerState] INFO  server.RaftServerConfigKeys (ConfUtils.java:logFallback(53)) - raft.server.rpc.first-election.timeout.max = 5200ms (fallback to raft.server.rpc.timeout.max)
2024-02-06 10:04:18,894 [a1fd6d11-0b72-4c96-8e55-07f63a3bc231-groupManagement] INFO  server.RaftServerConfigKeys (ConfUtils.java:logGet(46)) - raft.server.snapshot.trigger-when-stop.enabled = true (default)
2024-02-06 10:04:18,894 [a1fd6d11-0b72-4c96-8e55-07f63a3bc231-groupManagement] INFO  server.RaftServerConfigKeys (ConfUtils.java:logGet(46)) - raft.server.snapshot.auto.trigger.enabled = true (custom)
2024-02-06 10:04:18,894 [a1fd6d11-0b72-4c96-8e55-07f63a3bc231-groupManagement] INFO  server.RaftServerConfigKeys (ConfUtils.java:logGet(46)) - raft.server.snapshot.auto.trigger.threshold = 10000 (custom)
2024-02-06 10:04:18,894 [a1fd6d11-0b72-4c96-8e55-07f63a3bc231-groupManagement] INFO  server.RaftServerConfigKeys (ConfUtils.java:logGet(46)) - raft.server.snapshot.retention.file.num = 5 (custom)
2024-02-06 10:04:18,894 [a1fd6d11-0b72-4c96-8e55-07f63a3bc231-groupManagement] INFO  server.RaftServerConfigKeys (ConfUtils.java:logGet(46)) - raft.server.log.purge.upto.snapshot.index = false (default)
2024-02-06 10:04:18,894 [a1fd6d11-0b72-4c96-8e55-07f63a3bc231-PipelineCommandHandlerThread-0] INFO  ratis.XceiverServerRatis (XceiverServerRatis.java:addGroup(864)) - Created group PipelineID=71cdbd26-382e-435e-bc28-efbeedd1816a
2024-02-06 10:04:18,894 [a1fd6d11-0b72-4c96-8e55-07f63a3bc231-PipelineCommandHandlerThread-0] INFO  commandhandler.CreatePipelineCommandHandler (CreatePipelineCommandHandler.java:lambda$handle$2(124)) - Created Pipeline RATIS ONE PipelineID=71cdbd26-382e-435e-bc28-efbeedd1816a.
2024-02-06 10:04:18,965 [991f0bf8-3b66-4160-8c92-791fd313402a-PipelineCommandHandlerThread-0] INFO  server.RaftServer (RaftServerProxy.java:addNew(100)) - 991f0bf8-3b66-4160-8c92-791fd313402a: addNew group-EF4BB6A64106:[991f0bf8-3b66-4160-8c92-791fd313402a|10.1.0.5:15442] returns group-EF4BB6A64106:java.util.concurrent.CompletableFuture@716454fb[Not completed]
2024-02-06 10:04:18,966 [991f0bf8-3b66-4160-8c92-791fd313402a-groupManagement] INFO  server.RaftServer$Division (RaftServerImpl.java:<init>(256)) - 991f0bf8-3b66-4160-8c92-791fd313402a: new RaftServerImpl for group-EF4BB6A64106:[991f0bf8-3b66-4160-8c92-791fd313402a|10.1.0.5:15442] with ContainerStateMachine:uninitialized
2024-02-06 10:04:18,966 [991f0bf8-3b66-4160-8c92-791fd313402a-groupManagement] INFO  server.RaftServerConfigKeys (ConfUtils.java:logGet(46)) - raft.server.rpc.timeout.min = 5s (custom)
2024-02-06 10:04:18,966 [991f0bf8-3b66-4160-8c92-791fd313402a-groupManagement] INFO  server.RaftServerConfigKeys (ConfUtils.java:logGet(46)) - raft.server.rpc.timeout.max = 5200ms (custom)
2024-02-06 10:04:18,966 [991f0bf8-3b66-4160-8c92-791fd313402a-groupManagement] INFO  server.RaftServerConfigKeys (ConfUtils.java:logGet(46)) - raft.server.rpc.sleep.time = 25ms (default)
2024-02-06 10:04:18,966 [991f0bf8-3b66-4160-8c92-791fd313402a-groupManagement] INFO  server.RaftServerConfigKeys (ConfUtils.java:logGet(46)) - raft.server.rpc.slowness.timeout = 300000ms (custom)
2024-02-06 10:04:18,966 [991f0bf8-3b66-4160-8c92-791fd313402a-groupManagement] INFO  server.RaftServerConfigKeys (ConfUtils.java:logGet(46)) - raft.server.leaderelection.leader.step-down.wait-time = 10s (default)
2024-02-06 10:04:18,966 [991f0bf8-3b66-4160-8c92-791fd313402a-groupManagement] INFO  server.RaftServerConfigKeys (ConfUtils.java:logGet(46)) - raft.server.leaderelection.member.majority-add = false (default)
2024-02-06 10:04:18,966 [991f0bf8-3b66-4160-8c92-791fd313402a-groupManagement] INFO  server.RaftServerConfigKeys (ConfUtils.java:logGet(46)) - raft.server.sleep.deviation.threshold = 300ms (default)
2024-02-06 10:04:18,966 [991f0bf8-3b66-4160-8c92-791fd313402a-groupManagement] INFO  server.RaftServer$Division (ServerState.java:<init>(113)) - 991f0bf8-3b66-4160-8c92-791fd313402a@group-EF4BB6A64106: ConfigurationManager, init=-1: peers:[991f0bf8-3b66-4160-8c92-791fd313402a|10.1.0.5:15442]|listeners:[], old=null, confs=<EMPTY_MAP>
2024-02-06 10:04:18,966 [991f0bf8-3b66-4160-8c92-791fd313402a-groupManagement] INFO  server.RaftServerConfigKeys (ConfUtils.java:logGet(46)) - raft.server.notification.no-leader.timeout = 300000ms (custom)
2024-02-06 10:04:18,966 [991f0bf8-3b66-4160-8c92-791fd313402a-groupManagement] INFO  server.RaftServerConfigKeys (ConfUtils.java:logGet(46)) - raft.server.read.timeout = 10s (default)
2024-02-06 10:04:18,967 [991f0bf8-3b66-4160-8c92-791fd313402a-groupManagement] INFO  server.RaftServerConfigKeys (ConfUtils.java:logGet(46)) - raft.server.retrycache.expirytime = 600000ms (custom)
2024-02-06 10:04:18,967 [991f0bf8-3b66-4160-8c92-791fd313402a-groupManagement] INFO  server.RaftServerConfigKeys (ConfUtils.java:logGet(46)) - raft.server.retrycache.statistics.expirytime = 100ms (default)
2024-02-06 10:04:18,967 [991f0bf8-3b66-4160-8c92-791fd313402a-groupManagement] INFO  server.RaftServerConfigKeys (ConfUtils.java:logGet(46)) - raft.server.read.option = DEFAULT (default)
2024-02-06 10:04:18,967 [991f0bf8-3b66-4160-8c92-791fd313402a-groupManagement] INFO  server.RaftServerConfigKeys (ConfUtils.java:logGet(46)) - raft.server.read.read-after-write-consistent.write-index-cache.expiry-time = 60s (default)
2024-02-06 10:04:18,968 [991f0bf8-3b66-4160-8c92-791fd313402a-groupManagement] INFO  server.RaftServerConfigKeys (ConfUtils.java:logGet(46)) - raft.server.rpc.request.timeout = 3000ms (default)
2024-02-06 10:04:18,968 [991f0bf8-3b66-4160-8c92-791fd313402a-groupManagement] INFO  server.RaftServerConfigKeys (ConfUtils.java:logGet(46)) - raft.server.log.appender.install.snapshot.enabled = false (custom)
2024-02-06 10:04:18,968 [991f0bf8-3b66-4160-8c92-791fd313402a-groupManagement] INFO  server.RaftServerConfigKeys (ConfUtils.java:logGet(46)) - raft.server.threadpool.server.cached = true (default)
2024-02-06 10:04:18,968 [991f0bf8-3b66-4160-8c92-791fd313402a-groupManagement] INFO  server.RaftServerConfigKeys (ConfUtils.java:logGet(46)) - raft.server.threadpool.server.size = 0 (default)
2024-02-06 10:04:18,968 [991f0bf8-3b66-4160-8c92-791fd313402a-groupManagement] INFO  server.RaftServerConfigKeys (ConfUtils.java:logGet(46)) - raft.server.threadpool.client.cached = true (default)
2024-02-06 10:04:18,968 [991f0bf8-3b66-4160-8c92-791fd313402a-groupManagement] INFO  server.RaftServerConfigKeys (ConfUtils.java:logGet(46)) - raft.server.threadpool.client.size = 0 (default)
2024-02-06 10:04:18,968 [991f0bf8-3b66-4160-8c92-791fd313402a-groupManagement] INFO  server.RaftServerConfigKeys (ConfUtils.java:logGet(46)) - raft.server.storage.free-space.min = 0MB (=0) (default)
2024-02-06 10:04:18,968 [991f0bf8-3b66-4160-8c92-791fd313402a-groupManagement] INFO  server.RaftServerConfigKeys (ConfUtils.java:logGet(46)) - raft.server.log.corruption.policy = EXCEPTION (default)
2024-02-06 10:04:18,969 [991f0bf8-3b66-4160-8c92-791fd313402a-groupManagement] INFO  server.RaftServerConfigKeys (ConfUtils.java:logGet(46)) - raft.server.storage.dir = [/home/runner/work/ozone/ozone/hadoop-ozone/integration-test/target/test-dir/MiniOzoneClusterImpl-0ae4c21d-b8eb-4e36-9639-963ec8fb7de7/datanode-8/data/ratis] (custom)
2024-02-06 10:04:18,969 [main] INFO  ozone.MiniOzoneClusterImpl (MiniOzoneClusterImpl.java:lambda$waitForClusterToBeReady$0(228)) - Nodes are ready. Got 9 of 9 DN Heartbeats.
2024-02-06 10:04:18,969 [991f0bf8-3b66-4160-8c92-791fd313402a-groupManagement] INFO  storage.RaftStorageDirectory (RaftStorageDirectoryImpl.java:analyzeStorage(138)) - The storage directory /home/runner/work/ozone/ozone/hadoop-ozone/integration-test/target/test-dir/MiniOzoneClusterImpl-0ae4c21d-b8eb-4e36-9639-963ec8fb7de7/datanode-8/data/ratis/6a97148f-37fc-4cec-b42c-ef4bb6a64106 does not exist. Creating ...
2024-02-06 10:04:18,969 [main] INFO  ozone.MiniOzoneClusterImpl (MiniOzoneClusterImpl.java:lambda$waitForClusterToBeReady$0(231)) - Waiting for cluster to exit safe mode
2024-02-06 10:04:18,969 [main] INFO  ozone.MiniOzoneClusterImpl (MiniOzoneClusterImpl.java:lambda$waitForClusterToBeReady$0(233)) - SCM became leader
2024-02-06 10:04:18,970 [991f0bf8-3b66-4160-8c92-791fd313402a-groupManagement] INFO  storage.RaftStorageDirectory (RaftStorageDirectoryImpl.java:tryLock(228)) - Lock on /home/runner/work/ozone/ozone/hadoop-ozone/integration-test/target/test-dir/MiniOzoneClusterImpl-0ae4c21d-b8eb-4e36-9639-963ec8fb7de7/datanode-8/data/ratis/6a97148f-37fc-4cec-b42c-ef4bb6a64106/in_use.lock acquired by nodename 37157@fv-az776-296
2024-02-06 10:04:18,971 [991f0bf8-3b66-4160-8c92-791fd313402a-groupManagement] INFO  storage.RaftStorage (RaftStorageImpl.java:format(99)) - Storage directory /home/runner/work/ozone/ozone/hadoop-ozone/integration-test/target/test-dir/MiniOzoneClusterImpl-0ae4c21d-b8eb-4e36-9639-963ec8fb7de7/datanode-8/data/ratis/6a97148f-37fc-4cec-b42c-ef4bb6a64106 has been successfully formatted.
2024-02-06 10:04:18,971 [991f0bf8-3b66-4160-8c92-791fd313402a-groupManagement] WARN  util.FileUtils (LogUtils.java:supplyAndLog(63)) - Failed to Files.newInputStream /home/runner/work/ozone/ozone/hadoop-ozone/integration-test/target/test-dir/MiniOzoneClusterImpl-0ae4c21d-b8eb-4e36-9639-963ec8fb7de7/datanode-8/data/ratis/6a97148f-37fc-4cec-b42c-ef4bb6a64106/current/raft-meta.conf with options []: java.nio.file.NoSuchFileException: /home/runner/work/ozone/ozone/hadoop-ozone/integration-test/target/test-dir/MiniOzoneClusterImpl-0ae4c21d-b8eb-4e36-9639-963ec8fb7de7/datanode-8/data/ratis/6a97148f-37fc-4cec-b42c-ef4bb6a64106/current/raft-meta.conf
2024-02-06 10:04:18,971 [991f0bf8-3b66-4160-8c92-791fd313402a-groupManagement] INFO  ratis.ContainerStateMachine (ContainerStateMachine.java:loadSnapshot(287)) - group-EF4BB6A64106: The snapshot info is null. Setting the last applied index to:(t:0, i:~)
2024-02-06 10:04:18,971 [991f0bf8-3b66-4160-8c92-791fd313402a-groupManagement] INFO  server.RaftServerConfigKeys (ConfUtils.java:logGet(46)) - raft.server.log.use.memory = false (default)
2024-02-06 10:04:18,971 [991f0bf8-3b66-4160-8c92-791fd313402a-groupManagement] INFO  server.RaftServerConfigKeys (ConfUtils.java:logGet(46)) - raft.server.log.purge.gap = 1000000 (custom)
2024-02-06 10:04:18,971 [991f0bf8-3b66-4160-8c92-791fd313402a-groupManagement] INFO  server.RaftServerConfigKeys (ConfUtils.java:logGet(46)) - raft.server.log.appender.buffer.byte-limit = 8388608 (custom)
2024-02-06 10:04:18,971 [991f0bf8-3b66-4160-8c92-791fd313402a-groupManagement] INFO  server.RaftServerConfigKeys (ConfUtils.java:logGet(46)) - raft.server.log.statemachine.data.read.timeout = 1000ms (default)
2024-02-06 10:04:18,971 [991f0bf8-3b66-4160-8c92-791fd313402a-groupManagement] INFO  server.RaftServerConfigKeys (ConfUtils.java:logGet(46)) - raft.server.log.purge.preservation.log.num = 0 (default)
2024-02-06 10:04:18,972 [EventQueue-PipelineReportForPipelineReportHandler] INFO  pipeline.PipelineReportHandler (PipelineReportHandler.java:processPipelineReport(136)) - Opened pipeline PipelineID=6a97148f-37fc-4cec-b42c-ef4bb6a64106
2024-02-06 10:04:18,972 [EventQueue-OpenPipelineForHealthyPipelineSafeModeRule] INFO  safemode.SCMSafeModeManager (HealthyPipelineSafeModeRule.java:process(140)) - SCM in safe mode. Healthy pipelines reported count is 0, required healthy pipeline reported count is 1
2024-02-06 10:04:18,972 [991f0bf8-3b66-4160-8c92-791fd313402a-groupManagement] INFO  server.RaftServerConfigKeys (ConfUtils.java:logGet(46)) - raft.server.log.segment.size.max = 67108864 (custom)
2024-02-06 10:04:18,972 [991f0bf8-3b66-4160-8c92-791fd313402a-groupManagement] INFO  server.RaftServerConfigKeys (ConfUtils.java:logGet(46)) - raft.server.log.segment.cache.num.max = 2 (custom)
2024-02-06 10:04:18,972 [991f0bf8-3b66-4160-8c92-791fd313402a-groupManagement] INFO  server.RaftServerConfigKeys (ConfUtils.java:logGet(46)) - raft.server.log.segment.cache.size.max = 200MB (=209715200) (default)
2024-02-06 10:04:18,972 [991f0bf8-3b66-4160-8c92-791fd313402a-groupManagement] INFO  server.RaftServerConfigKeys (ConfUtils.java:logGet(46)) - raft.server.log.appender.buffer.byte-limit = 8388608 (custom)
2024-02-06 10:04:18,973 [991f0bf8-3b66-4160-8c92-791fd313402a-groupManagement] INFO  util.AwaitToRun (AwaitToRun.java:start(81)) - Thread[991f0bf8-3b66-4160-8c92-791fd313402a@group-EF4BB6A64106-cacheEviction-AwaitToRun,5,main] started
2024-02-06 10:04:18,973 [991f0bf8-3b66-4160-8c92-791fd313402a-groupManagement] INFO  segmented.SegmentedRaftLogWorker (SegmentedRaftLogWorker.java:<init>(182)) - new 991f0bf8-3b66-4160-8c92-791fd313402a@group-EF4BB6A64106-SegmentedRaftLogWorker for RaftStorageImpl:Storage Directory /home/runner/work/ozone/ozone/hadoop-ozone/integration-test/target/test-dir/MiniOzoneClusterImpl-0ae4c21d-b8eb-4e36-9639-963ec8fb7de7/datanode-8/data/ratis/6a97148f-37fc-4cec-b42c-ef4bb6a64106
2024-02-06 10:04:18,973 [991f0bf8-3b66-4160-8c92-791fd313402a-groupManagement] INFO  server.RaftServerConfigKeys (ConfUtils.java:logGet(46)) - raft.server.log.queue.byte-limit = 4294967296 (custom)
2024-02-06 10:04:18,973 [991f0bf8-3b66-4160-8c92-791fd313402a-groupManagement] INFO  server.RaftServerConfigKeys (ConfUtils.java:logGet(46)) - raft.server.log.queue.element-limit = 1024 (custom)
2024-02-06 10:04:18,973 [991f0bf8-3b66-4160-8c92-791fd313402a-groupManagement] INFO  server.RaftServerConfigKeys (ConfUtils.java:logGet(46)) - raft.server.log.segment.size.max = 67108864 (custom)
2024-02-06 10:04:18,973 [991f0bf8-3b66-4160-8c92-791fd313402a-groupManagement] INFO  server.RaftServerConfigKeys (ConfUtils.java:logGet(46)) - raft.server.log.preallocated.size = 4194304 (custom)
2024-02-06 10:04:18,973 [991f0bf8-3b66-4160-8c92-791fd313402a-groupManagement] INFO  server.RaftServerConfigKeys (ConfUtils.java:logGet(46)) - raft.server.log.force.sync.num = 128 (default)
2024-02-06 10:04:18,977 [991f0bf8-3b66-4160-8c92-791fd313402a-groupManagement] INFO  server.RaftServerConfigKeys (ConfUtils.java:logGet(46)) - raft.server.log.statemachine.data.sync = true (default)
2024-02-06 10:04:18,977 [991f0bf8-3b66-4160-8c92-791fd313402a-groupManagement] INFO  server.RaftServerConfigKeys (ConfUtils.java:logGet(46)) - raft.server.log.statemachine.data.sync.timeout = 10s (default)
2024-02-06 10:04:18,977 [991f0bf8-3b66-4160-8c92-791fd313402a-groupManagement] INFO  server.RaftServerConfigKeys (ConfUtils.java:logGet(46)) - raft.server.log.statemachine.data.sync.timeout.retry = 0 (custom)
2024-02-06 10:04:18,977 [991f0bf8-3b66-4160-8c92-791fd313402a-groupManagement] INFO  server.RaftServerConfigKeys (ConfUtils.java:logGet(46)) - raft.server.log.write.buffer.size = 8388616 (custom)
2024-02-06 10:04:18,979 [991f0bf8-3b66-4160-8c92-791fd313402a-groupManagement] INFO  server.RaftServerConfigKeys (ConfUtils.java:logGet(46)) - raft.server.log.appender.buffer.byte-limit = 8388608 (custom)
2024-02-06 10:04:18,979 [991f0bf8-3b66-4160-8c92-791fd313402a-groupManagement] INFO  server.RaftServerConfigKeys (ConfUtils.java:logGet(46)) - raft.server.log.unsafe-flush.enabled = false (default)
2024-02-06 10:04:18,979 [991f0bf8-3b66-4160-8c92-791fd313402a-groupManagement] INFO  server.RaftServerConfigKeys (ConfUtils.java:logGet(46)) - raft.server.log.async-flush.enabled = false (default)
2024-02-06 10:04:18,979 [991f0bf8-3b66-4160-8c92-791fd313402a-groupManagement] INFO  server.RaftServerConfigKeys (ConfUtils.java:logGet(46)) - raft.server.log.statemachine.data.caching.enabled = true (custom)
2024-02-06 10:04:18,979 [991f0bf8-3b66-4160-8c92-791fd313402a-groupManagement] INFO  segmented.SegmentedRaftLogWorker (SegmentedRaftLogWorker.java:lambda$new$0(134)) - 991f0bf8-3b66-4160-8c92-791fd313402a@group-EF4BB6A64106-SegmentedRaftLogWorker: flushIndex: setUnconditionally 0 -> -1
2024-02-06 10:04:18,979 [991f0bf8-3b66-4160-8c92-791fd313402a-groupManagement] INFO  segmented.SegmentedRaftLogWorker (SegmentedRaftLogWorker.java:lambda$new$0(134)) - 991f0bf8-3b66-4160-8c92-791fd313402a@group-EF4BB6A64106-SegmentedRaftLogWorker: safeCacheEvictIndex: setUnconditionally 0 -> -1
2024-02-06 10:04:18,979 [991f0bf8-3b66-4160-8c92-791fd313402a-groupManagement] INFO  server.RaftServer$Division (RaftServerImpl.java:start(396)) - 991f0bf8-3b66-4160-8c92-791fd313402a@group-EF4BB6A64106: start as a follower, conf=-1: peers:[991f0bf8-3b66-4160-8c92-791fd313402a|10.1.0.5:15442]|listeners:[], old=null
2024-02-06 10:04:18,979 [991f0bf8-3b66-4160-8c92-791fd313402a-groupManagement] INFO  server.RaftServer$Division (RaftServerImpl.java:setRole(383)) - 991f0bf8-3b66-4160-8c92-791fd313402a@group-EF4BB6A64106: changes role from      null to FOLLOWER at term 0 for startAsFollower
2024-02-06 10:04:18,979 [991f0bf8-3b66-4160-8c92-791fd313402a-groupManagement] INFO  impl.RoleInfo (RoleInfo.java:updateAndGet(139)) - 991f0bf8-3b66-4160-8c92-791fd313402a: start 991f0bf8-3b66-4160-8c92-791fd313402a@group-EF4BB6A64106-FollowerState
2024-02-06 10:04:18,980 [991f0bf8-3b66-4160-8c92-791fd313402a-groupManagement] INFO  util.JmxRegister (JmxRegister.java:tryRegister(44)) - Successfully registered JMX Bean with object name Ratis:service=RaftServer,group=group-EF4BB6A64106,id=991f0bf8-3b66-4160-8c92-791fd313402a
2024-02-06 10:04:18,980 [991f0bf8-3b66-4160-8c92-791fd313402a@group-EF4BB6A64106-FollowerState] INFO  server.RaftServerConfigKeys (ConfUtils.java:logFallback(53)) - raft.server.rpc.first-election.timeout.min = 5s (fallback to raft.server.rpc.timeout.min)
2024-02-06 10:04:18,980 [991f0bf8-3b66-4160-8c92-791fd313402a-groupManagement] INFO  server.RaftServerConfigKeys (ConfUtils.java:logGet(46)) - raft.server.snapshot.trigger-when-stop.enabled = true (default)
2024-02-06 10:04:18,980 [991f0bf8-3b66-4160-8c92-791fd313402a@group-EF4BB6A64106-FollowerState] INFO  server.RaftServerConfigKeys (ConfUtils.java:logFallback(53)) - raft.server.rpc.first-election.timeout.max = 5200ms (fallback to raft.server.rpc.timeout.max)
2024-02-06 10:04:18,980 [991f0bf8-3b66-4160-8c92-791fd313402a-groupManagement] INFO  server.RaftServerConfigKeys (ConfUtils.java:logGet(46)) - raft.server.snapshot.auto.trigger.enabled = true (custom)
2024-02-06 10:04:18,980 [991f0bf8-3b66-4160-8c92-791fd313402a-groupManagement] INFO  server.RaftServerConfigKeys (ConfUtils.java:logGet(46)) - raft.server.snapshot.auto.trigger.threshold = 10000 (custom)
2024-02-06 10:04:18,980 [991f0bf8-3b66-4160-8c92-791fd313402a-groupManagement] INFO  server.RaftServerConfigKeys (ConfUtils.java:logGet(46)) - raft.server.snapshot.retention.file.num = 5 (custom)
2024-02-06 10:04:18,980 [991f0bf8-3b66-4160-8c92-791fd313402a-groupManagement] INFO  server.RaftServerConfigKeys (ConfUtils.java:logGet(46)) - raft.server.log.purge.upto.snapshot.index = false (default)
2024-02-06 10:04:18,981 [991f0bf8-3b66-4160-8c92-791fd313402a-PipelineCommandHandlerThread-0] INFO  ratis.XceiverServerRatis (XceiverServerRatis.java:addGroup(864)) - Created group PipelineID=6a97148f-37fc-4cec-b42c-ef4bb6a64106
2024-02-06 10:04:18,981 [991f0bf8-3b66-4160-8c92-791fd313402a-PipelineCommandHandlerThread-0] INFO  commandhandler.CreatePipelineCommandHandler (CreatePipelineCommandHandler.java:lambda$handle$2(124)) - Created Pipeline RATIS ONE PipelineID=6a97148f-37fc-4cec-b42c-ef4bb6a64106.
2024-02-06 10:04:19,970 [main] INFO  ozone.MiniOzoneClusterImpl (MiniOzoneClusterImpl.java:lambda$waitForClusterToBeReady$0(228)) - Nodes are ready. Got 9 of 9 DN Heartbeats.
2024-02-06 10:04:19,971 [main] INFO  ozone.MiniOzoneClusterImpl (MiniOzoneClusterImpl.java:lambda$waitForClusterToBeReady$0(231)) - Waiting for cluster to exit safe mode
2024-02-06 10:04:19,971 [main] INFO  ozone.MiniOzoneClusterImpl (MiniOzoneClusterImpl.java:lambda$waitForClusterToBeReady$0(233)) - SCM became leader
2024-02-06 10:04:20,971 [main] INFO  ozone.MiniOzoneClusterImpl (MiniOzoneClusterImpl.java:lambda$waitForClusterToBeReady$0(228)) - Nodes are ready. Got 9 of 9 DN Heartbeats.
2024-02-06 10:04:20,971 [main] INFO  ozone.MiniOzoneClusterImpl (MiniOzoneClusterImpl.java:lambda$waitForClusterToBeReady$0(231)) - Waiting for cluster to exit safe mode
2024-02-06 10:04:20,971 [main] INFO  ozone.MiniOzoneClusterImpl (MiniOzoneClusterImpl.java:lambda$waitForClusterToBeReady$0(233)) - SCM became leader
2024-02-06 10:04:21,971 [main] INFO  ozone.MiniOzoneClusterImpl (MiniOzoneClusterImpl.java:lambda$waitForClusterToBeReady$0(228)) - Nodes are ready. Got 9 of 9 DN Heartbeats.
2024-02-06 10:04:21,972 [main] INFO  ozone.MiniOzoneClusterImpl (MiniOzoneClusterImpl.java:lambda$waitForClusterToBeReady$0(231)) - Waiting for cluster to exit safe mode
2024-02-06 10:04:21,972 [main] INFO  ozone.MiniOzoneClusterImpl (MiniOzoneClusterImpl.java:lambda$waitForClusterToBeReady$0(233)) - SCM became leader
2024-02-06 10:04:22,972 [main] INFO  ozone.MiniOzoneClusterImpl (MiniOzoneClusterImpl.java:lambda$waitForClusterToBeReady$0(228)) - Nodes are ready. Got 9 of 9 DN Heartbeats.
2024-02-06 10:04:22,972 [main] INFO  ozone.MiniOzoneClusterImpl (MiniOzoneClusterImpl.java:lambda$waitForClusterToBeReady$0(231)) - Waiting for cluster to exit safe mode
2024-02-06 10:04:22,972 [main] INFO  ozone.MiniOzoneClusterImpl (MiniOzoneClusterImpl.java:lambda$waitForClusterToBeReady$0(233)) - SCM became leader
2024-02-06 10:04:23,310 [38b4019c-56e2-4267-a670-ebb45fd92c3a@group-3A62A15B08FA-FollowerState] INFO  impl.FollowerState (FollowerState.java:run(143)) - 38b4019c-56e2-4267-a670-ebb45fd92c3a@group-3A62A15B08FA-FollowerState: change to CANDIDATE, lastRpcElapsedTime:5025490716ns, electionTimeout:5025ms
2024-02-06 10:04:23,310 [38b4019c-56e2-4267-a670-ebb45fd92c3a@group-3A62A15B08FA-FollowerState] INFO  impl.RoleInfo (RoleInfo.java:shutdownFollowerState(110)) - 38b4019c-56e2-4267-a670-ebb45fd92c3a: shutdown 38b4019c-56e2-4267-a670-ebb45fd92c3a@group-3A62A15B08FA-FollowerState
2024-02-06 10:04:23,310 [38b4019c-56e2-4267-a670-ebb45fd92c3a@group-3A62A15B08FA-FollowerState] INFO  server.RaftServer$Division (RaftServerImpl.java:setRole(383)) - 38b4019c-56e2-4267-a670-ebb45fd92c3a@group-3A62A15B08FA: changes role from  FOLLOWER to CANDIDATE at term 0 for changeToCandidate
2024-02-06 10:04:23,310 [38b4019c-56e2-4267-a670-ebb45fd92c3a@group-3A62A15B08FA-FollowerState] INFO  server.RaftServerConfigKeys (ConfUtils.java:logGet(46)) - raft.server.leaderelection.pre-vote = true (default)
2024-02-06 10:04:23,310 [38b4019c-56e2-4267-a670-ebb45fd92c3a@group-3A62A15B08FA-FollowerState] INFO  impl.RoleInfo (RoleInfo.java:updateAndGet(139)) - 38b4019c-56e2-4267-a670-ebb45fd92c3a: start 38b4019c-56e2-4267-a670-ebb45fd92c3a@group-3A62A15B08FA-LeaderElection64
2024-02-06 10:04:23,315 [38b4019c-56e2-4267-a670-ebb45fd92c3a@group-3A62A15B08FA-LeaderElection64] INFO  impl.LeaderElection (LeaderElection.java:askForVotes(321)) - 38b4019c-56e2-4267-a670-ebb45fd92c3a@group-3A62A15B08FA-LeaderElection64 PRE_VOTE round 0: submit vote requests at term 0 for -1: peers:[d13a7932-20b5-4dc4-8f4e-9cfa29b5d703|10.1.0.5:15370, 38b4019c-56e2-4267-a670-ebb45fd92c3a|10.1.0.5:15379, 087ade3f-e43d-4c8d-bb26-e39bc6489068|10.1.0.5:15388]|listeners:[], old=null
2024-02-06 10:04:23,315 [38b4019c-56e2-4267-a670-ebb45fd92c3a@group-3A62A15B08FA-LeaderElection64-1] INFO  server.GrpcServerProtocolClient (GrpcServerProtocolClient.java:<init>(65)) - Build channel for d13a7932-20b5-4dc4-8f4e-9cfa29b5d703|10.1.0.5:15370
2024-02-06 10:04:23,315 [38b4019c-56e2-4267-a670-ebb45fd92c3a@group-3A62A15B08FA-LeaderElection64-2] INFO  server.GrpcServerProtocolClient (GrpcServerProtocolClient.java:<init>(65)) - Build channel for 087ade3f-e43d-4c8d-bb26-e39bc6489068|10.1.0.5:15388
2024-02-06 10:04:23,315 [38b4019c-56e2-4267-a670-ebb45fd92c3a@group-3A62A15B08FA-LeaderElection64] INFO  server.RaftServerConfigKeys (ConfUtils.java:logFallback(53)) - raft.server.rpc.first-election.timeout.min = 5s (fallback to raft.server.rpc.timeout.min)
2024-02-06 10:04:23,315 [38b4019c-56e2-4267-a670-ebb45fd92c3a@group-3A62A15B08FA-LeaderElection64] INFO  server.RaftServerConfigKeys (ConfUtils.java:logFallback(53)) - raft.server.rpc.first-election.timeout.max = 5200ms (fallback to raft.server.rpc.timeout.max)
2024-02-06 10:04:23,319 [grpc-default-executor-0] INFO  server.RaftServer$Division (RaftServerImpl.java:requestVote(1389)) - d13a7932-20b5-4dc4-8f4e-9cfa29b5d703@group-3A62A15B08FA: receive requestVote(PRE_VOTE, 38b4019c-56e2-4267-a670-ebb45fd92c3a, group-3A62A15B08FA, 0, (t:0, i:0))
2024-02-06 10:04:23,319 [grpc-default-executor-0] INFO  impl.VoteContext (VoteContext.java:log(49)) - d13a7932-20b5-4dc4-8f4e-9cfa29b5d703@group-3A62A15B08FA-FOLLOWER: accept PRE_VOTE from 38b4019c-56e2-4267-a670-ebb45fd92c3a: our priority 0 <= candidate's priority 0
2024-02-06 10:04:23,319 [grpc-default-executor-0] INFO  server.RaftServer$Division (RaftServerImpl.java:requestVote(1422)) - d13a7932-20b5-4dc4-8f4e-9cfa29b5d703@group-3A62A15B08FA replies to PRE_VOTE vote request: 38b4019c-56e2-4267-a670-ebb45fd92c3a<-d13a7932-20b5-4dc4-8f4e-9cfa29b5d703#0:OK-t0. Peer's state: d13a7932-20b5-4dc4-8f4e-9cfa29b5d703@group-3A62A15B08FA:t0, leader=null, voted=, raftlog=Memoized:d13a7932-20b5-4dc4-8f4e-9cfa29b5d703@group-3A62A15B08FA-SegmentedRaftLog:OPENED:c-1, conf=-1: peers:[d13a7932-20b5-4dc4-8f4e-9cfa29b5d703|10.1.0.5:15370, 38b4019c-56e2-4267-a670-ebb45fd92c3a|10.1.0.5:15379, 087ade3f-e43d-4c8d-bb26-e39bc6489068|10.1.0.5:15388]|listeners:[], old=null
2024-02-06 10:04:23,324 [grpc-default-executor-0] INFO  server.RaftServer$Division (RaftServerImpl.java:requestVote(1389)) - 087ade3f-e43d-4c8d-bb26-e39bc6489068@group-3A62A15B08FA: receive requestVote(PRE_VOTE, 38b4019c-56e2-4267-a670-ebb45fd92c3a, group-3A62A15B08FA, 0, (t:0, i:0))
2024-02-06 10:04:23,324 [grpc-default-executor-0] INFO  impl.VoteContext (VoteContext.java:log(49)) - 087ade3f-e43d-4c8d-bb26-e39bc6489068@group-3A62A15B08FA-FOLLOWER: reject PRE_VOTE from 38b4019c-56e2-4267-a670-ebb45fd92c3a: our priority 1 > candidate's priority 0
2024-02-06 10:04:23,324 [grpc-default-executor-0] INFO  server.RaftServer$Division (RaftServerImpl.java:requestVote(1422)) - 087ade3f-e43d-4c8d-bb26-e39bc6489068@group-3A62A15B08FA replies to PRE_VOTE vote request: 38b4019c-56e2-4267-a670-ebb45fd92c3a<-087ade3f-e43d-4c8d-bb26-e39bc6489068#0:FAIL-t0. Peer's state: 087ade3f-e43d-4c8d-bb26-e39bc6489068@group-3A62A15B08FA:t0, leader=null, voted=, raftlog=Memoized:087ade3f-e43d-4c8d-bb26-e39bc6489068@group-3A62A15B08FA-SegmentedRaftLog:OPENED:c-1, conf=-1: peers:[d13a7932-20b5-4dc4-8f4e-9cfa29b5d703|10.1.0.5:15370, 38b4019c-56e2-4267-a670-ebb45fd92c3a|10.1.0.5:15379, 087ade3f-e43d-4c8d-bb26-e39bc6489068|10.1.0.5:15388]|listeners:[], old=null
2024-02-06 10:04:23,325 [38b4019c-56e2-4267-a670-ebb45fd92c3a@group-3A62A15B08FA-LeaderElection64] INFO  impl.LeaderElection (LeaderElection.java:logAndReturn(89)) - 38b4019c-56e2-4267-a670-ebb45fd92c3a@group-3A62A15B08FA-LeaderElection64: PRE_VOTE REJECTED received 2 response(s) and 0 exception(s):
2024-02-06 10:04:23,325 [38b4019c-56e2-4267-a670-ebb45fd92c3a@group-3A62A15B08FA-LeaderElection64] INFO  impl.LeaderElection (LeaderElection.java:logAndReturn(93)) -   Response 0: 38b4019c-56e2-4267-a670-ebb45fd92c3a<-d13a7932-20b5-4dc4-8f4e-9cfa29b5d703#0:OK-t0
2024-02-06 10:04:23,325 [38b4019c-56e2-4267-a670-ebb45fd92c3a@group-3A62A15B08FA-LeaderElection64] INFO  impl.LeaderElection (LeaderElection.java:logAndReturn(93)) -   Response 1: 38b4019c-56e2-4267-a670-ebb45fd92c3a<-087ade3f-e43d-4c8d-bb26-e39bc6489068#0:FAIL-t0
2024-02-06 10:04:23,325 [38b4019c-56e2-4267-a670-ebb45fd92c3a@group-3A62A15B08FA-LeaderElection64] INFO  impl.LeaderElection (LeaderElection.java:askForVotes(323)) - 38b4019c-56e2-4267-a670-ebb45fd92c3a@group-3A62A15B08FA-LeaderElection64 PRE_VOTE round 0: result REJECTED
2024-02-06 10:04:23,325 [38b4019c-56e2-4267-a670-ebb45fd92c3a@group-3A62A15B08FA-LeaderElection64] INFO  server.RaftServer$Division (RaftServerImpl.java:setRole(383)) - 38b4019c-56e2-4267-a670-ebb45fd92c3a@group-3A62A15B08FA: changes role from CANDIDATE to FOLLOWER at term 0 for REJECTED
2024-02-06 10:04:23,325 [38b4019c-56e2-4267-a670-ebb45fd92c3a@group-3A62A15B08FA-LeaderElection64] INFO  impl.RoleInfo (RoleInfo.java:shutdownLeaderElection(130)) - 38b4019c-56e2-4267-a670-ebb45fd92c3a: shutdown 38b4019c-56e2-4267-a670-ebb45fd92c3a@group-3A62A15B08FA-LeaderElection64
2024-02-06 10:04:23,325 [38b4019c-56e2-4267-a670-ebb45fd92c3a@group-3A62A15B08FA-LeaderElection64] INFO  impl.RoleInfo (RoleInfo.java:updateAndGet(139)) - 38b4019c-56e2-4267-a670-ebb45fd92c3a: start 38b4019c-56e2-4267-a670-ebb45fd92c3a@group-3A62A15B08FA-FollowerState
2024-02-06 10:04:23,329 [38b4019c-56e2-4267-a670-ebb45fd92c3a@group-3A62A15B08FA-LeaderElection64] INFO  server.RaftServer$Division (RaftServerImpl.java:setFirstElection(574)) - 38b4019c-56e2-4267-a670-ebb45fd92c3a@group-3A62A15B08FA: set firstElectionSinceStartup to false for REJECTED
2024-02-06 10:04:23,399 [087ade3f-e43d-4c8d-bb26-e39bc6489068@group-3A62A15B08FA-FollowerState] INFO  impl.FollowerState (FollowerState.java:run(143)) - 087ade3f-e43d-4c8d-bb26-e39bc6489068@group-3A62A15B08FA-FollowerState: change to CANDIDATE, lastRpcElapsedTime:5143572503ns, electionTimeout:5142ms
2024-02-06 10:04:23,399 [087ade3f-e43d-4c8d-bb26-e39bc6489068@group-3A62A15B08FA-FollowerState] INFO  impl.RoleInfo (RoleInfo.java:shutdownFollowerState(110)) - 087ade3f-e43d-4c8d-bb26-e39bc6489068: shutdown 087ade3f-e43d-4c8d-bb26-e39bc6489068@group-3A62A15B08FA-FollowerState
2024-02-06 10:04:23,399 [087ade3f-e43d-4c8d-bb26-e39bc6489068@group-3A62A15B08FA-FollowerState] INFO  server.RaftServer$Division (RaftServerImpl.java:setRole(383)) - 087ade3f-e43d-4c8d-bb26-e39bc6489068@group-3A62A15B08FA: changes role from  FOLLOWER to CANDIDATE at term 0 for changeToCandidate
2024-02-06 10:04:23,399 [087ade3f-e43d-4c8d-bb26-e39bc6489068@group-3A62A15B08FA-FollowerState] INFO  server.RaftServerConfigKeys (ConfUtils.java:logGet(46)) - raft.server.leaderelection.pre-vote = true (default)
2024-02-06 10:04:23,399 [087ade3f-e43d-4c8d-bb26-e39bc6489068@group-3A62A15B08FA-FollowerState] INFO  impl.RoleInfo (RoleInfo.java:updateAndGet(139)) - 087ade3f-e43d-4c8d-bb26-e39bc6489068: start 087ade3f-e43d-4c8d-bb26-e39bc6489068@group-3A62A15B08FA-LeaderElection65
2024-02-06 10:04:23,400 [087ade3f-e43d-4c8d-bb26-e39bc6489068@group-3A62A15B08FA-LeaderElection65] INFO  impl.LeaderElection (LeaderElection.java:askForVotes(321)) - 087ade3f-e43d-4c8d-bb26-e39bc6489068@group-3A62A15B08FA-LeaderElection65 PRE_VOTE round 0: submit vote requests at term 0 for -1: peers:[d13a7932-20b5-4dc4-8f4e-9cfa29b5d703|10.1.0.5:15370, 38b4019c-56e2-4267-a670-ebb45fd92c3a|10.1.0.5:15379, 087ade3f-e43d-4c8d-bb26-e39bc6489068|10.1.0.5:15388]|listeners:[], old=null
2024-02-06 10:04:23,400 [087ade3f-e43d-4c8d-bb26-e39bc6489068@group-3A62A15B08FA-LeaderElection65] INFO  server.RaftServerConfigKeys (ConfUtils.java:logFallback(53)) - raft.server.rpc.first-election.timeout.min = 5s (fallback to raft.server.rpc.timeout.min)
2024-02-06 10:04:23,400 [087ade3f-e43d-4c8d-bb26-e39bc6489068@group-3A62A15B08FA-LeaderElection65-2] INFO  server.GrpcServerProtocolClient (GrpcServerProtocolClient.java:<init>(65)) - Build channel for 38b4019c-56e2-4267-a670-ebb45fd92c3a|10.1.0.5:15379
2024-02-06 10:04:23,400 [087ade3f-e43d-4c8d-bb26-e39bc6489068@group-3A62A15B08FA-LeaderElection65] INFO  server.RaftServerConfigKeys (ConfUtils.java:logFallback(53)) - raft.server.rpc.first-election.timeout.max = 5200ms (fallback to raft.server.rpc.timeout.max)
2024-02-06 10:04:23,400 [087ade3f-e43d-4c8d-bb26-e39bc6489068@group-3A62A15B08FA-LeaderElection65-1] INFO  server.GrpcServerProtocolClient (GrpcServerProtocolClient.java:<init>(65)) - Build channel for d13a7932-20b5-4dc4-8f4e-9cfa29b5d703|10.1.0.5:15370
2024-02-06 10:04:23,405 [grpc-default-executor-0] INFO  server.RaftServer$Division (RaftServerImpl.java:requestVote(1389)) - d13a7932-20b5-4dc4-8f4e-9cfa29b5d703@group-3A62A15B08FA: receive requestVote(PRE_VOTE, 087ade3f-e43d-4c8d-bb26-e39bc6489068, group-3A62A15B08FA, 0, (t:0, i:0))
2024-02-06 10:04:23,405 [grpc-default-executor-0] INFO  impl.VoteContext (VoteContext.java:log(49)) - d13a7932-20b5-4dc4-8f4e-9cfa29b5d703@group-3A62A15B08FA-FOLLOWER: accept PRE_VOTE from 087ade3f-e43d-4c8d-bb26-e39bc6489068: our priority 0 <= candidate's priority 1
2024-02-06 10:04:23,405 [grpc-default-executor-0] INFO  server.RaftServer$Division (RaftServerImpl.java:requestVote(1422)) - d13a7932-20b5-4dc4-8f4e-9cfa29b5d703@group-3A62A15B08FA replies to PRE_VOTE vote request: 087ade3f-e43d-4c8d-bb26-e39bc6489068<-d13a7932-20b5-4dc4-8f4e-9cfa29b5d703#0:OK-t0. Peer's state: d13a7932-20b5-4dc4-8f4e-9cfa29b5d703@group-3A62A15B08FA:t0, leader=null, voted=, raftlog=Memoized:d13a7932-20b5-4dc4-8f4e-9cfa29b5d703@group-3A62A15B08FA-SegmentedRaftLog:OPENED:c-1, conf=-1: peers:[d13a7932-20b5-4dc4-8f4e-9cfa29b5d703|10.1.0.5:15370, 38b4019c-56e2-4267-a670-ebb45fd92c3a|10.1.0.5:15379, 087ade3f-e43d-4c8d-bb26-e39bc6489068|10.1.0.5:15388]|listeners:[], old=null
2024-02-06 10:04:23,407 [087ade3f-e43d-4c8d-bb26-e39bc6489068@group-3A62A15B08FA-LeaderElection65] INFO  impl.LeaderElection (LeaderElection.java:logAndReturn(89)) - 087ade3f-e43d-4c8d-bb26-e39bc6489068@group-3A62A15B08FA-LeaderElection65: PRE_VOTE PASSED received 1 response(s) and 0 exception(s):
2024-02-06 10:04:23,407 [087ade3f-e43d-4c8d-bb26-e39bc6489068@group-3A62A15B08FA-LeaderElection65] INFO  impl.LeaderElection (LeaderElection.java:logAndReturn(93)) -   Response 0: 087ade3f-e43d-4c8d-bb26-e39bc6489068<-d13a7932-20b5-4dc4-8f4e-9cfa29b5d703#0:OK-t0
2024-02-06 10:04:23,408 [087ade3f-e43d-4c8d-bb26-e39bc6489068@group-3A62A15B08FA-LeaderElection65] INFO  impl.LeaderElection (LeaderElection.java:askForVotes(323)) - 087ade3f-e43d-4c8d-bb26-e39bc6489068@group-3A62A15B08FA-LeaderElection65 PRE_VOTE round 0: result PASSED
2024-02-06 10:04:23,408 [grpc-default-executor-0] INFO  server.RaftServer$Division (RaftServerImpl.java:requestVote(1389)) - 38b4019c-56e2-4267-a670-ebb45fd92c3a@group-3A62A15B08FA: receive requestVote(PRE_VOTE, 087ade3f-e43d-4c8d-bb26-e39bc6489068, group-3A62A15B08FA, 0, (t:0, i:0))
2024-02-06 10:04:23,409 [grpc-default-executor-0] INFO  impl.VoteContext (VoteContext.java:log(49)) - 38b4019c-56e2-4267-a670-ebb45fd92c3a@group-3A62A15B08FA-FOLLOWER: accept PRE_VOTE from 087ade3f-e43d-4c8d-bb26-e39bc6489068: our priority 0 <= candidate's priority 1
2024-02-06 10:04:23,409 [grpc-default-executor-0] INFO  server.RaftServer$Division (RaftServerImpl.java:requestVote(1422)) - 38b4019c-56e2-4267-a670-ebb45fd92c3a@group-3A62A15B08FA replies to PRE_VOTE vote request: 087ade3f-e43d-4c8d-bb26-e39bc6489068<-38b4019c-56e2-4267-a670-ebb45fd92c3a#0:OK-t0. Peer's state: 38b4019c-56e2-4267-a670-ebb45fd92c3a@group-3A62A15B08FA:t0, leader=null, voted=, raftlog=Memoized:38b4019c-56e2-4267-a670-ebb45fd92c3a@group-3A62A15B08FA-SegmentedRaftLog:OPENED:c-1, conf=-1: peers:[d13a7932-20b5-4dc4-8f4e-9cfa29b5d703|10.1.0.5:15370, 38b4019c-56e2-4267-a670-ebb45fd92c3a|10.1.0.5:15379, 087ade3f-e43d-4c8d-bb26-e39bc6489068|10.1.0.5:15388]|listeners:[], old=null
2024-02-06 10:04:23,409 [087ade3f-e43d-4c8d-bb26-e39bc6489068@group-3A62A15B08FA-LeaderElection65] INFO  impl.LeaderElection (LeaderElection.java:askForVotes(321)) - 087ade3f-e43d-4c8d-bb26-e39bc6489068@group-3A62A15B08FA-LeaderElection65 ELECTION round 0: submit vote requests at term 1 for -1: peers:[d13a7932-20b5-4dc4-8f4e-9cfa29b5d703|10.1.0.5:15370, 38b4019c-56e2-4267-a670-ebb45fd92c3a|10.1.0.5:15379, 087ade3f-e43d-4c8d-bb26-e39bc6489068|10.1.0.5:15388]|listeners:[], old=null
2024-02-06 10:04:23,410 [087ade3f-e43d-4c8d-bb26-e39bc6489068@group-3A62A15B08FA-LeaderElection65] INFO  server.RaftServerConfigKeys (ConfUtils.java:logFallback(53)) - raft.server.rpc.first-election.timeout.min = 5s (fallback to raft.server.rpc.timeout.min)
2024-02-06 10:04:23,410 [087ade3f-e43d-4c8d-bb26-e39bc6489068@group-3A62A15B08FA-LeaderElection65] INFO  server.RaftServerConfigKeys (ConfUtils.java:logFallback(53)) - raft.server.rpc.first-election.timeout.max = 5200ms (fallback to raft.server.rpc.timeout.max)
2024-02-06 10:04:23,410 [grpc-default-executor-0] INFO  server.RaftServer$Division (RaftServerImpl.java:requestVote(1389)) - 38b4019c-56e2-4267-a670-ebb45fd92c3a@group-3A62A15B08FA: receive requestVote(ELECTION, 087ade3f-e43d-4c8d-bb26-e39bc6489068, group-3A62A15B08FA, 1, (t:0, i:0))
2024-02-06 10:04:23,410 [grpc-default-executor-0] INFO  impl.VoteContext (VoteContext.java:log(49)) - 38b4019c-56e2-4267-a670-ebb45fd92c3a@group-3A62A15B08FA-FOLLOWER: accept ELECTION from 087ade3f-e43d-4c8d-bb26-e39bc6489068: our priority 0 <= candidate's priority 1
2024-02-06 10:04:23,411 [grpc-default-executor-0] INFO  server.RaftServer$Division (RaftServerImpl.java:setRole(383)) - 38b4019c-56e2-4267-a670-ebb45fd92c3a@group-3A62A15B08FA: changes role from  FOLLOWER to FOLLOWER at term 1 for candidate:087ade3f-e43d-4c8d-bb26-e39bc6489068
2024-02-06 10:04:23,411 [grpc-default-executor-0] INFO  impl.RoleInfo (RoleInfo.java:shutdownFollowerState(110)) - 38b4019c-56e2-4267-a670-ebb45fd92c3a: shutdown 38b4019c-56e2-4267-a670-ebb45fd92c3a@group-3A62A15B08FA-FollowerState
2024-02-06 10:04:23,411 [grpc-default-executor-1] INFO  server.RaftServer$Division (RaftServerImpl.java:requestVote(1389)) - d13a7932-20b5-4dc4-8f4e-9cfa29b5d703@group-3A62A15B08FA: receive requestVote(ELECTION, 087ade3f-e43d-4c8d-bb26-e39bc6489068, group-3A62A15B08FA, 1, (t:0, i:0))
2024-02-06 10:04:23,411 [grpc-default-executor-0] INFO  impl.RoleInfo (RoleInfo.java:updateAndGet(139)) - 38b4019c-56e2-4267-a670-ebb45fd92c3a: start 38b4019c-56e2-4267-a670-ebb45fd92c3a@group-3A62A15B08FA-FollowerState
2024-02-06 10:04:23,412 [38b4019c-56e2-4267-a670-ebb45fd92c3a@group-3A62A15B08FA-FollowerState] INFO  impl.FollowerState (FollowerState.java:run(152)) - 38b4019c-56e2-4267-a670-ebb45fd92c3a@group-3A62A15B08FA-FollowerState was interrupted
2024-02-06 10:04:23,412 [grpc-default-executor-1] INFO  impl.VoteContext (VoteContext.java:log(49)) - d13a7932-20b5-4dc4-8f4e-9cfa29b5d703@group-3A62A15B08FA-FOLLOWER: accept ELECTION from 087ade3f-e43d-4c8d-bb26-e39bc6489068: our priority 0 <= candidate's priority 1
2024-02-06 10:04:23,412 [grpc-default-executor-1] INFO  server.RaftServer$Division (RaftServerImpl.java:setRole(383)) - d13a7932-20b5-4dc4-8f4e-9cfa29b5d703@group-3A62A15B08FA: changes role from  FOLLOWER to FOLLOWER at term 1 for candidate:087ade3f-e43d-4c8d-bb26-e39bc6489068
2024-02-06 10:04:23,412 [grpc-default-executor-1] INFO  impl.RoleInfo (RoleInfo.java:shutdownFollowerState(110)) - d13a7932-20b5-4dc4-8f4e-9cfa29b5d703: shutdown d13a7932-20b5-4dc4-8f4e-9cfa29b5d703@group-3A62A15B08FA-FollowerState
2024-02-06 10:04:23,412 [grpc-default-executor-1] INFO  impl.RoleInfo (RoleInfo.java:updateAndGet(139)) - d13a7932-20b5-4dc4-8f4e-9cfa29b5d703: start d13a7932-20b5-4dc4-8f4e-9cfa29b5d703@group-3A62A15B08FA-FollowerState
2024-02-06 10:04:23,412 [d13a7932-20b5-4dc4-8f4e-9cfa29b5d703@group-3A62A15B08FA-FollowerState] INFO  impl.FollowerState (FollowerState.java:run(152)) - d13a7932-20b5-4dc4-8f4e-9cfa29b5d703@group-3A62A15B08FA-FollowerState was interrupted
2024-02-06 10:04:23,412 [grpc-default-executor-1] INFO  server.RaftServer$Division (RaftServerImpl.java:setFirstElection(574)) - d13a7932-20b5-4dc4-8f4e-9cfa29b5d703@group-3A62A15B08FA: set firstElectionSinceStartup to false for candidate:087ade3f-e43d-4c8d-bb26-e39bc6489068
2024-02-06 10:04:23,413 [grpc-default-executor-0] INFO  server.RaftServer$Division (RaftServerImpl.java:requestVote(1422)) - 38b4019c-56e2-4267-a670-ebb45fd92c3a@group-3A62A15B08FA replies to ELECTION vote request: 087ade3f-e43d-4c8d-bb26-e39bc6489068<-38b4019c-56e2-4267-a670-ebb45fd92c3a#0:OK-t1. Peer's state: 38b4019c-56e2-4267-a670-ebb45fd92c3a@group-3A62A15B08FA:t1, leader=null, voted=087ade3f-e43d-4c8d-bb26-e39bc6489068, raftlog=Memoized:38b4019c-56e2-4267-a670-ebb45fd92c3a@group-3A62A15B08FA-SegmentedRaftLog:OPENED:c-1, conf=-1: peers:[d13a7932-20b5-4dc4-8f4e-9cfa29b5d703|10.1.0.5:15370, 38b4019c-56e2-4267-a670-ebb45fd92c3a|10.1.0.5:15379, 087ade3f-e43d-4c8d-bb26-e39bc6489068|10.1.0.5:15388]|listeners:[], old=null
2024-02-06 10:04:23,414 [087ade3f-e43d-4c8d-bb26-e39bc6489068@group-3A62A15B08FA-LeaderElection65] INFO  impl.LeaderElection (LeaderElection.java:logAndReturn(89)) - 087ade3f-e43d-4c8d-bb26-e39bc6489068@group-3A62A15B08FA-LeaderElection65: ELECTION PASSED received 1 response(s) and 0 exception(s):
2024-02-06 10:04:23,414 [087ade3f-e43d-4c8d-bb26-e39bc6489068@group-3A62A15B08FA-LeaderElection65] INFO  impl.LeaderElection (LeaderElection.java:logAndReturn(93)) -   Response 0: 087ade3f-e43d-4c8d-bb26-e39bc6489068<-38b4019c-56e2-4267-a670-ebb45fd92c3a#0:OK-t1
2024-02-06 10:04:23,414 [087ade3f-e43d-4c8d-bb26-e39bc6489068@group-3A62A15B08FA-LeaderElection65] INFO  impl.LeaderElection (LeaderElection.java:askForVotes(323)) - 087ade3f-e43d-4c8d-bb26-e39bc6489068@group-3A62A15B08FA-LeaderElection65 ELECTION round 0: result PASSED
2024-02-06 10:04:23,414 [087ade3f-e43d-4c8d-bb26-e39bc6489068@group-3A62A15B08FA-LeaderElection65] INFO  impl.RoleInfo (RoleInfo.java:shutdownLeaderElection(130)) - 087ade3f-e43d-4c8d-bb26-e39bc6489068: shutdown 087ade3f-e43d-4c8d-bb26-e39bc6489068@group-3A62A15B08FA-LeaderElection65
2024-02-06 10:04:23,414 [grpc-default-executor-1] INFO  server.RaftServer$Division (RaftServerImpl.java:requestVote(1422)) - d13a7932-20b5-4dc4-8f4e-9cfa29b5d703@group-3A62A15B08FA replies to ELECTION vote request: 087ade3f-e43d-4c8d-bb26-e39bc6489068<-d13a7932-20b5-4dc4-8f4e-9cfa29b5d703#0:OK-t1. Peer's state: d13a7932-20b5-4dc4-8f4e-9cfa29b5d703@group-3A62A15B08FA:t1, leader=null, voted=087ade3f-e43d-4c8d-bb26-e39bc6489068, raftlog=Memoized:d13a7932-20b5-4dc4-8f4e-9cfa29b5d703@group-3A62A15B08FA-SegmentedRaftLog:OPENED:c-1, conf=-1: peers:[d13a7932-20b5-4dc4-8f4e-9cfa29b5d703|10.1.0.5:15370, 38b4019c-56e2-4267-a670-ebb45fd92c3a|10.1.0.5:15379, 087ade3f-e43d-4c8d-bb26-e39bc6489068|10.1.0.5:15388]|listeners:[], old=null
2024-02-06 10:04:23,414 [087ade3f-e43d-4c8d-bb26-e39bc6489068@group-3A62A15B08FA-LeaderElection65] INFO  server.RaftServer$Division (RaftServerImpl.java:setRole(383)) - 087ade3f-e43d-4c8d-bb26-e39bc6489068@group-3A62A15B08FA: changes role from CANDIDATE to LEADER at term 1 for changeToLeader
2024-02-06 10:04:23,414 [087ade3f-e43d-4c8d-bb26-e39bc6489068@group-3A62A15B08FA-LeaderElection65] INFO  server.RaftServerConfigKeys (ConfUtils.java:logGet(46)) - raft.server.staging.catchup.gap = 1000 (default)
2024-02-06 10:04:23,414 [087ade3f-e43d-4c8d-bb26-e39bc6489068@group-3A62A15B08FA-LeaderElection65] INFO  server.RaftServerConfigKeys (ConfUtils.java:logGet(46)) - raft.server.write.element-limit = 1024 (custom)
2024-02-06 10:04:23,414 [087ade3f-e43d-4c8d-bb26-e39bc6489068@group-3A62A15B08FA-LeaderElection65] INFO  server.RaftServerConfigKeys (ConfUtils.java:logGet(46)) - raft.server.write.byte-limit = 1024 M (=1073741824) (custom)
2024-02-06 10:04:23,415 [087ade3f-e43d-4c8d-bb26-e39bc6489068@group-3A62A15B08FA-LeaderElection65] INFO  server.RaftServerConfigKeys (ConfUtils.java:logGet(46)) - raft.server.watch.timeout = 3000ms (custom)
2024-02-06 10:04:23,415 [087ade3f-e43d-4c8d-bb26-e39bc6489068@group-3A62A15B08FA-LeaderElection65] INFO  server.RaftServerConfigKeys (ConfUtils.java:logGet(46)) - raft.server.watch.timeout.denomination = 1s (default)
2024-02-06 10:04:23,415 [087ade3f-e43d-4c8d-bb26-e39bc6489068@group-3A62A15B08FA-LeaderElection65] INFO  server.RaftServerConfigKeys (ConfUtils.java:logGet(46)) - raft.server.watch.element-limit = 65536 (default)
2024-02-06 10:04:23,415 [087ade3f-e43d-4c8d-bb26-e39bc6489068@group-3A62A15B08FA-LeaderElection65] INFO  server.RaftServerConfigKeys (ConfUtils.java:logGet(46)) - raft.server.read.leader.lease.enabled = false (default)
2024-02-06 10:04:23,415 [087ade3f-e43d-4c8d-bb26-e39bc6489068@group-3A62A15B08FA-LeaderElection65] INFO  server.RaftServerConfigKeys (ConfUtils.java:logGet(46)) - raft.server.read.leader.lease.timeout.ratio = 0.9 (default)
2024-02-06 10:04:23,415 [087ade3f-e43d-4c8d-bb26-e39bc6489068@group-3A62A15B08FA-LeaderElection65] INFO  server.RaftServerConfigKeys (ConfUtils.java:logGet(46)) - raft.server.rpc.timeout.min = 5s (custom)
2024-02-06 10:04:23,415 [087ade3f-e43d-4c8d-bb26-e39bc6489068@group-3A62A15B08FA-LeaderElection65] INFO  server.RaftServerConfigKeys (ConfUtils.java:logGet(46)) - raft.server.write.element-limit = 1024 (custom)
2024-02-06 10:04:23,415 [087ade3f-e43d-4c8d-bb26-e39bc6489068@group-3A62A15B08FA-LeaderElection65] INFO  server.RaftServerConfigKeys (ConfUtils.java:logGet(46)) - raft.server.write.follower.gap.ratio.max = -1.0 (default)
2024-02-06 10:04:23,415 [087ade3f-e43d-4c8d-bb26-e39bc6489068@group-3A62A15B08FA-LeaderElection65] INFO  server.RaftServerConfigKeys (ConfUtils.java:logGet(46)) - raft.server.log.appender.snapshot.chunk.size.max = 16MB (=16777216) (default)
2024-02-06 10:04:23,415 [087ade3f-e43d-4c8d-bb26-e39bc6489068@group-3A62A15B08FA-LeaderElection65] INFO  server.RaftServerConfigKeys (ConfUtils.java:logGet(46)) - raft.server.log.appender.buffer.byte-limit = 8388608 (custom)
2024-02-06 10:04:23,415 [087ade3f-e43d-4c8d-bb26-e39bc6489068@group-3A62A15B08FA-LeaderElection65] INFO  server.RaftServerConfigKeys (ConfUtils.java:logGet(46)) - raft.server.log.appender.buffer.element-limit = 1 (custom)
2024-02-06 10:04:23,415 [087ade3f-e43d-4c8d-bb26-e39bc6489068@group-3A62A15B08FA-LeaderElection65] INFO  server.RaftServerConfigKeys (ConfUtils.java:logGet(46)) - raft.server.log.appender.wait-time.min = 0ms (custom)
2024-02-06 10:04:23,415 [087ade3f-e43d-4c8d-bb26-e39bc6489068@group-3A62A15B08FA-LeaderElection65] INFO  grpc.GrpcConfigKeys (ConfUtils.java:logGet(46)) - raft.grpc.server.leader.outstanding.appends.max = 8 (default)
2024-02-06 10:04:23,415 [087ade3f-e43d-4c8d-bb26-e39bc6489068@group-3A62A15B08FA-LeaderElection65] INFO  server.RaftServerConfigKeys (ConfUtils.java:logGet(46)) - raft.server.rpc.request.timeout = 3000ms (default)
2024-02-06 10:04:23,415 [087ade3f-e43d-4c8d-bb26-e39bc6489068@group-3A62A15B08FA-LeaderElection65] INFO  grpc.GrpcConfigKeys (ConfUtils.java:logGet(46)) - raft.grpc.server.install_snapshot.request.element-limit = 8 (default)
2024-02-06 10:04:23,415 [087ade3f-e43d-4c8d-bb26-e39bc6489068@group-3A62A15B08FA-LeaderElection65] INFO  grpc.GrpcConfigKeys (ConfUtils.java:logGet(46)) - raft.grpc.server.install_snapshot.request.timeout = 3000ms (default)
2024-02-06 10:04:23,415 [087ade3f-e43d-4c8d-bb26-e39bc6489068@group-3A62A15B08FA-LeaderElection65] INFO  grpc.GrpcConfigKeys (ConfUtils.java:logGet(46)) - raft.grpc.server.log-message.batch.duration = 5s (default)
2024-02-06 10:04:23,416 [087ade3f-e43d-4c8d-bb26-e39bc6489068@group-3A62A15B08FA-LeaderElection65] INFO  server.RaftServerConfigKeys (ConfUtils.java:logGet(46)) - raft.server.log.appender.install.snapshot.enabled = false (custom)
2024-02-06 10:04:23,416 [087ade3f-e43d-4c8d-bb26-e39bc6489068@group-3A62A15B08FA-LeaderElection65] INFO  grpc.GrpcConfigKeys (ConfUtils.java:logGet(46)) - raft.grpc.server.heartbeat.channel = true (default)
2024-02-06 10:04:23,416 [087ade3f-e43d-4c8d-bb26-e39bc6489068@group-3A62A15B08FA-LeaderElection65] INFO  server.RaftServerConfigKeys (ConfUtils.java:logGet(46)) - raft.server.log.appender.snapshot.chunk.size.max = 16MB (=16777216) (default)
2024-02-06 10:04:23,416 [087ade3f-e43d-4c8d-bb26-e39bc6489068@group-3A62A15B08FA-LeaderElection65] INFO  server.RaftServerConfigKeys (ConfUtils.java:logGet(46)) - raft.server.log.appender.buffer.byte-limit = 8388608 (custom)
2024-02-06 10:04:23,416 [087ade3f-e43d-4c8d-bb26-e39bc6489068@group-3A62A15B08FA-LeaderElection65] INFO  server.RaftServerConfigKeys (ConfUtils.java:logGet(46)) - raft.server.log.appender.buffer.element-limit = 1 (custom)
2024-02-06 10:04:23,416 [087ade3f-e43d-4c8d-bb26-e39bc6489068@group-3A62A15B08FA-LeaderElection65] INFO  server.RaftServerConfigKeys (ConfUtils.java:logGet(46)) - raft.server.log.appender.wait-time.min = 0ms (custom)
2024-02-06 10:04:23,416 [087ade3f-e43d-4c8d-bb26-e39bc6489068@group-3A62A15B08FA-LeaderElection65] INFO  grpc.GrpcConfigKeys (ConfUtils.java:logGet(46)) - raft.grpc.server.leader.outstanding.appends.max = 8 (default)
2024-02-06 10:04:23,416 [087ade3f-e43d-4c8d-bb26-e39bc6489068@group-3A62A15B08FA-LeaderElection65] INFO  server.RaftServerConfigKeys (ConfUtils.java:logGet(46)) - raft.server.rpc.request.timeout = 3000ms (default)
2024-02-06 10:04:23,416 [087ade3f-e43d-4c8d-bb26-e39bc6489068@group-3A62A15B08FA-LeaderElection65] INFO  grpc.GrpcConfigKeys (ConfUtils.java:logGet(46)) - raft.grpc.server.install_snapshot.request.element-limit = 8 (default)
2024-02-06 10:04:23,416 [087ade3f-e43d-4c8d-bb26-e39bc6489068@group-3A62A15B08FA-LeaderElection65] INFO  grpc.GrpcConfigKeys (ConfUtils.java:logGet(46)) - raft.grpc.server.install_snapshot.request.timeout = 3000ms (default)
2024-02-06 10:04:23,416 [087ade3f-e43d-4c8d-bb26-e39bc6489068@group-3A62A15B08FA-LeaderElection65] INFO  grpc.GrpcConfigKeys (ConfUtils.java:logGet(46)) - raft.grpc.server.log-message.batch.duration = 5s (default)
2024-02-06 10:04:23,416 [087ade3f-e43d-4c8d-bb26-e39bc6489068@group-3A62A15B08FA-LeaderElection65] INFO  server.RaftServerConfigKeys (ConfUtils.java:logGet(46)) - raft.server.log.appender.install.snapshot.enabled = false (custom)
2024-02-06 10:04:23,416 [087ade3f-e43d-4c8d-bb26-e39bc6489068@group-3A62A15B08FA-LeaderElection65] INFO  grpc.GrpcConfigKeys (ConfUtils.java:logGet(46)) - raft.grpc.server.heartbeat.channel = true (default)
2024-02-06 10:04:23,417 [087ade3f-e43d-4c8d-bb26-e39bc6489068@group-3A62A15B08FA-LeaderElection65] INFO  impl.RoleInfo (RoleInfo.java:updateAndGet(139)) - 087ade3f-e43d-4c8d-bb26-e39bc6489068: start 087ade3f-e43d-4c8d-bb26-e39bc6489068@group-3A62A15B08FA-LeaderStateImpl
2024-02-06 10:04:23,417 [087ade3f-e43d-4c8d-bb26-e39bc6489068@group-3A62A15B08FA-LeaderElection65] INFO  server.RaftServer$Division (RaftServerImpl.java:setFirstElection(574)) - 087ade3f-e43d-4c8d-bb26-e39bc6489068@group-3A62A15B08FA: set firstElectionSinceStartup to false for becomeLeader
2024-02-06 10:04:23,417 [087ade3f-e43d-4c8d-bb26-e39bc6489068@group-3A62A15B08FA-LeaderElection65] INFO  ratis.XceiverServerRatis (XceiverServerRatis.java:handleLeaderChangedNotification(966)) - Leader change notification received for group: group-3A62A15B08FA with new leaderId: 087ade3f-e43d-4c8d-bb26-e39bc6489068
2024-02-06 10:04:23,417 [087ade3f-e43d-4c8d-bb26-e39bc6489068@group-3A62A15B08FA-LeaderElection65] INFO  server.RaftServer$Division (ServerState.java:setLeader(269)) - 087ade3f-e43d-4c8d-bb26-e39bc6489068@group-3A62A15B08FA: change Leader from null to 087ade3f-e43d-4c8d-bb26-e39bc6489068 at term 1 for becomeLeader, leader elected after 5173ms
2024-02-06 10:04:23,417 [087ade3f-e43d-4c8d-bb26-e39bc6489068@group-3A62A15B08FA-LeaderElection65] INFO  segmented.SegmentedRaftLogWorker (SegmentedRaftLogWorker.java:startLogSegment(430)) - 087ade3f-e43d-4c8d-bb26-e39bc6489068@group-3A62A15B08FA-SegmentedRaftLogWorker: Starting segment from index:0
2024-02-06 10:04:23,418 [087ade3f-e43d-4c8d-bb26-e39bc6489068@group-3A62A15B08FA-LeaderElection65] INFO  server.RaftServer$Division (ServerState.java:setRaftConf(386)) - 087ade3f-e43d-4c8d-bb26-e39bc6489068@group-3A62A15B08FA: set configuration 0: peers:[d13a7932-20b5-4dc4-8f4e-9cfa29b5d703|10.1.0.5:15370, 38b4019c-56e2-4267-a670-ebb45fd92c3a|10.1.0.5:15379, 087ade3f-e43d-4c8d-bb26-e39bc6489068|10.1.0.5:15388]|listeners:[], old=null
2024-02-06 10:04:23,418 [d13a7932-20b5-4dc4-8f4e-9cfa29b5d703@group-A3563CEE2A65-FollowerState] INFO  impl.FollowerState (FollowerState.java:run(143)) - d13a7932-20b5-4dc4-8f4e-9cfa29b5d703@group-A3563CEE2A65-FollowerState: change to CANDIDATE, lastRpcElapsedTime:5196445449ns, electionTimeout:5196ms
2024-02-06 10:04:23,419 [087ade3f-e43d-4c8d-bb26-e39bc6489068@group-3A62A15B08FA-SegmentedRaftLogWorker] INFO  segmented.BufferedWriteChannel (BufferedWriteChannel.java:open(62)) - open log_inprogress_0 at position 0
2024-02-06 10:04:23,419 [EventQueue-PipelineReportForPipelineReportHandler] INFO  pipeline.PipelineReportHandler (PipelineReportHandler.java:processPipelineReport(136)) - Opened pipeline PipelineID=0ac3adb2-bb17-4dac-b64e-3a62a15b08fa
2024-02-06 10:04:23,419 [EventQueue-OpenPipelineForHealthyPipelineSafeModeRule] INFO  safemode.SCMSafeModeManager (HealthyPipelineSafeModeRule.java:process(140)) - SCM in safe mode. Healthy pipelines reported count is 1, required healthy pipeline reported count is 1
2024-02-06 10:04:23,419 [EventQueue-OpenPipelineForHealthyPipelineSafeModeRule] INFO  safemode.SCMSafeModeManager (SCMSafeModeManager.java:validateSafeModeExitRules(200)) - HealthyPipelineSafeModeRule rule is successfully validated
2024-02-06 10:04:23,419 [EventQueue-OpenPipelineForHealthyPipelineSafeModeRule] INFO  safemode.SCMSafeModeManager (SCMSafeModeManager.java:validateSafeModeExitRules(215)) - ScmSafeModeManager, all rules are successfully validated
2024-02-06 10:04:23,419 [EventQueue-OpenPipelineForHealthyPipelineSafeModeRule] INFO  safemode.SCMSafeModeManager (SCMSafeModeManager.java:exitSafeMode(244)) - SCM exiting safe mode.
2024-02-06 10:04:23,419 [EventQueue-OpenPipelineForHealthyPipelineSafeModeRule] INFO  ha.SCMContext (SCMContext.java:updateSafeModeStatus(225)) - Update SafeModeStatus from SafeModeStatus{safeModeStatus=true, preCheckPassed=true} to SafeModeStatus{safeModeStatus=false, preCheckPassed=true}.
2024-02-06 10:04:23,419 [EventQueue-OpenPipelineForHealthyPipelineSafeModeRule] INFO  pipeline.BackgroundPipelineCreator (BackgroundPipelineCreator.java:notifyStatusChanged(258)) - Service BackgroundPipelineCreator transitions to RUNNING.
2024-02-06 10:04:23,419 [EventQueue-OpenPipelineForHealthyPipelineSafeModeRule] INFO  BackgroundPipelineScrubber (BackgroundSCMService.java:notifyStatusChanged(79)) - Service BackgroundPipelineScrubber transitions to RUNNING.
2024-02-06 10:04:23,419 [EventQueue-OpenPipelineForHealthyPipelineSafeModeRule] INFO  ExpiredContainerReplicaOpScrubber (BackgroundSCMService.java:notifyStatusChanged(79)) - Service ExpiredContainerReplicaOpScrubber transitions to RUNNING.
2024-02-06 10:04:23,419 [EventQueue-OpenPipelineForHealthyPipelineSafeModeRule] INFO  block.SCMBlockDeletingService (SCMBlockDeletingService.java:notifyStatusChanged(247)) - notifyStatusChanged:RUNNING
2024-02-06 10:04:23,419 [EventQueue-OpenPipelineForHealthyPipelineSafeModeRule] INFO  replication.ReplicationManager (ReplicationManager.java:notifyStatusChanged(1402)) - Service ReplicationManager transitions to RUNNING.
2024-02-06 10:04:23,420 [EventQueue-OpenPipelineForHealthyPipelineSafeModeRule] WARN  balancer.ContainerBalancer (ContainerBalancer.java:shouldRun(134)) - Could not find persisted configuration for ContainerBalancer when checking if ContainerBalancer should run. ContainerBalancer should not run now.
2024-02-06 10:04:23,419 [d13a7932-20b5-4dc4-8f4e-9cfa29b5d703@group-A3563CEE2A65-FollowerState] INFO  impl.RoleInfo (RoleInfo.java:shutdownFollowerState(110)) - d13a7932-20b5-4dc4-8f4e-9cfa29b5d703: shutdown d13a7932-20b5-4dc4-8f4e-9cfa29b5d703@group-A3563CEE2A65-FollowerState
2024-02-06 10:04:23,422 [d13a7932-20b5-4dc4-8f4e-9cfa29b5d703@group-A3563CEE2A65-FollowerState] INFO  server.RaftServer$Division (RaftServerImpl.java:setRole(383)) - d13a7932-20b5-4dc4-8f4e-9cfa29b5d703@group-A3563CEE2A65: changes role from  FOLLOWER to CANDIDATE at term 0 for changeToCandidate
2024-02-06 10:04:23,422 [d13a7932-20b5-4dc4-8f4e-9cfa29b5d703@group-A3563CEE2A65-FollowerState] INFO  server.RaftServerConfigKeys (ConfUtils.java:logGet(46)) - raft.server.leaderelection.pre-vote = true (default)
2024-02-06 10:04:23,422 [d13a7932-20b5-4dc4-8f4e-9cfa29b5d703@group-A3563CEE2A65-FollowerState] INFO  impl.RoleInfo (RoleInfo.java:updateAndGet(139)) - d13a7932-20b5-4dc4-8f4e-9cfa29b5d703: start d13a7932-20b5-4dc4-8f4e-9cfa29b5d703@group-A3563CEE2A65-LeaderElection66
2024-02-06 10:04:23,427 [d13a7932-20b5-4dc4-8f4e-9cfa29b5d703-server-thread1] INFO  ratis.XceiverServerRatis (XceiverServerRatis.java:handleLeaderChangedNotification(966)) - Leader change notification received for group: group-3A62A15B08FA with new leaderId: 087ade3f-e43d-4c8d-bb26-e39bc6489068
2024-02-06 10:04:23,428 [d13a7932-20b5-4dc4-8f4e-9cfa29b5d703-server-thread1] INFO  server.RaftServer$Division (ServerState.java:setLeader(269)) - d13a7932-20b5-4dc4-8f4e-9cfa29b5d703@group-3A62A15B08FA: change Leader from null to 087ade3f-e43d-4c8d-bb26-e39bc6489068 at term 1 for appendEntries, leader elected after 5202ms
2024-02-06 10:04:23,429 [38b4019c-56e2-4267-a670-ebb45fd92c3a-server-thread1] INFO  ratis.XceiverServerRatis (XceiverServerRatis.java:handleLeaderChangedNotification(966)) - Leader change notification received for group: group-3A62A15B08FA with new leaderId: 087ade3f-e43d-4c8d-bb26-e39bc6489068
2024-02-06 10:04:23,429 [38b4019c-56e2-4267-a670-ebb45fd92c3a-server-thread1] INFO  server.RaftServer$Division (ServerState.java:setLeader(269)) - 38b4019c-56e2-4267-a670-ebb45fd92c3a@group-3A62A15B08FA: change Leader from null to 087ade3f-e43d-4c8d-bb26-e39bc6489068 at term 1 for appendEntries, leader elected after 5156ms
2024-02-06 10:04:23,431 [d13a7932-20b5-4dc4-8f4e-9cfa29b5d703@group-A3563CEE2A65-LeaderElection66] INFO  impl.LeaderElection (LeaderElection.java:askForVotes(321)) - d13a7932-20b5-4dc4-8f4e-9cfa29b5d703@group-A3563CEE2A65-LeaderElection66 PRE_VOTE round 0: submit vote requests at term 0 for -1: peers:[d13a7932-20b5-4dc4-8f4e-9cfa29b5d703|10.1.0.5:15370]|listeners:[], old=null
2024-02-06 10:04:23,432 [38b4019c-56e2-4267-a670-ebb45fd92c3a@group-B722671DD948-FollowerState] INFO  impl.FollowerState (FollowerState.java:run(143)) - 38b4019c-56e2-4267-a670-ebb45fd92c3a@group-B722671DD948-FollowerState: change to CANDIDATE, lastRpcElapsedTime:5111514250ns, electionTimeout:5111ms
2024-02-06 10:04:23,431 [d13a7932-20b5-4dc4-8f4e-9cfa29b5d703-server-thread2] INFO  server.RaftServer$Division (ServerState.java:setRaftConf(386)) - d13a7932-20b5-4dc4-8f4e-9cfa29b5d703@group-3A62A15B08FA: set configuration 0: peers:[d13a7932-20b5-4dc4-8f4e-9cfa29b5d703|10.1.0.5:15370, 38b4019c-56e2-4267-a670-ebb45fd92c3a|10.1.0.5:15379, 087ade3f-e43d-4c8d-bb26-e39bc6489068|10.1.0.5:15388]|listeners:[], old=null
2024-02-06 10:04:23,433 [d13a7932-20b5-4dc4-8f4e-9cfa29b5d703@group-A3563CEE2A65-LeaderElection66] INFO  impl.LeaderElection (LeaderElection.java:askForVotes(323)) - d13a7932-20b5-4dc4-8f4e-9cfa29b5d703@group-A3563CEE2A65-LeaderElection66 PRE_VOTE round 0: result PASSED (term=0)
2024-02-06 10:04:23,433 [d13a7932-20b5-4dc4-8f4e-9cfa29b5d703-server-thread2] INFO  segmented.SegmentedRaftLogWorker (SegmentedRaftLogWorker.java:startLogSegment(430)) - d13a7932-20b5-4dc4-8f4e-9cfa29b5d703@group-3A62A15B08FA-SegmentedRaftLogWorker: Starting segment from index:0
2024-02-06 10:04:23,433 [38b4019c-56e2-4267-a670-ebb45fd92c3a@group-B722671DD948-FollowerState] INFO  impl.RoleInfo (RoleInfo.java:shutdownFollowerState(110)) - 38b4019c-56e2-4267-a670-ebb45fd92c3a: shutdown 38b4019c-56e2-4267-a670-ebb45fd92c3a@group-B722671DD948-FollowerState
2024-02-06 10:04:23,433 [38b4019c-56e2-4267-a670-ebb45fd92c3a@group-B722671DD948-FollowerState] INFO  server.RaftServer$Division (RaftServerImpl.java:setRole(383)) - 38b4019c-56e2-4267-a670-ebb45fd92c3a@group-B722671DD948: changes role from  FOLLOWER to CANDIDATE at term 0 for changeToCandidate
2024-02-06 10:04:23,433 [d13a7932-20b5-4dc4-8f4e-9cfa29b5d703@group-3A62A15B08FA-SegmentedRaftLogWorker] INFO  segmented.BufferedWriteChannel (BufferedWriteChannel.java:open(62)) - open log_inprogress_0 at position 0
2024-02-06 10:04:23,433 [087ade3f-e43d-4c8d-bb26-e39bc6489068@group-3A62A15B08FA-SegmentedRaftLogWorker] INFO  segmented.SegmentedRaftLogWorker (SegmentedRaftLogWorker.java:execute(634)) - 087ade3f-e43d-4c8d-bb26-e39bc6489068@group-3A62A15B08FA-SegmentedRaftLogWorker: created new log segment /home/runner/work/ozone/ozone/hadoop-ozone/integration-test/target/test-dir/MiniOzoneClusterImpl-0ae4c21d-b8eb-4e36-9639-963ec8fb7de7/datanode-2/data/ratis/0ac3adb2-bb17-4dac-b64e-3a62a15b08fa/current/log_inprogress_0
2024-02-06 10:04:23,433 [38b4019c-56e2-4267-a670-ebb45fd92c3a@group-B722671DD948-FollowerState] INFO  server.RaftServerConfigKeys (ConfUtils.java:logGet(46)) - raft.server.leaderelection.pre-vote = true (default)
2024-02-06 10:04:23,433 [38b4019c-56e2-4267-a670-ebb45fd92c3a@group-B722671DD948-FollowerState] INFO  impl.RoleInfo (RoleInfo.java:updateAndGet(139)) - 38b4019c-56e2-4267-a670-ebb45fd92c3a: start 38b4019c-56e2-4267-a670-ebb45fd92c3a@group-B722671DD948-LeaderElection67
2024-02-06 10:04:23,436 [d13a7932-20b5-4dc4-8f4e-9cfa29b5d703@group-A3563CEE2A65-LeaderElection66] INFO  impl.LeaderElection (LeaderElection.java:askForVotes(321)) - d13a7932-20b5-4dc4-8f4e-9cfa29b5d703@group-A3563CEE2A65-LeaderElection66 ELECTION round 0: submit vote requests at term 1 for -1: peers:[d13a7932-20b5-4dc4-8f4e-9cfa29b5d703|10.1.0.5:15370]|listeners:[], old=null
2024-02-06 10:04:23,436 [38b4019c-56e2-4267-a670-ebb45fd92c3a@group-B722671DD948-LeaderElection67] INFO  impl.LeaderElection (LeaderElection.java:askForVotes(321)) - 38b4019c-56e2-4267-a670-ebb45fd92c3a@group-B722671DD948-LeaderElection67 PRE_VOTE round 0: submit vote requests at term 0 for -1: peers:[38b4019c-56e2-4267-a670-ebb45fd92c3a|10.1.0.5:15379]|listeners:[], old=null
2024-02-06 10:04:23,436 [38b4019c-56e2-4267-a670-ebb45fd92c3a@group-B722671DD948-LeaderElection67] INFO  impl.LeaderElection (LeaderElection.java:askForVotes(323)) - 38b4019c-56e2-4267-a670-ebb45fd92c3a@group-B722671DD948-LeaderElection67 PRE_VOTE round 0: result PASSED (term=0)
2024-02-06 10:04:23,436 [d13a7932-20b5-4dc4-8f4e-9cfa29b5d703@group-A3563CEE2A65-LeaderElection66] INFO  impl.LeaderElection (LeaderElection.java:askForVotes(323)) - d13a7932-20b5-4dc4-8f4e-9cfa29b5d703@group-A3563CEE2A65-LeaderElection66 ELECTION round 0: result PASSED (term=1)
2024-02-06 10:04:23,437 [d13a7932-20b5-4dc4-8f4e-9cfa29b5d703@group-A3563CEE2A65-LeaderElection66] INFO  impl.RoleInfo (RoleInfo.java:shutdownLeaderElection(130)) - d13a7932-20b5-4dc4-8f4e-9cfa29b5d703: shutdown d13a7932-20b5-4dc4-8f4e-9cfa29b5d703@group-A3563CEE2A65-LeaderElection66
2024-02-06 10:04:23,437 [d13a7932-20b5-4dc4-8f4e-9cfa29b5d703@group-A3563CEE2A65-LeaderElection66] INFO  server.RaftServer$Division (RaftServerImpl.java:setRole(383)) - d13a7932-20b5-4dc4-8f4e-9cfa29b5d703@group-A3563CEE2A65: changes role from CANDIDATE to LEADER at term 1 for changeToLeader
2024-02-06 10:04:23,437 [d13a7932-20b5-4dc4-8f4e-9cfa29b5d703@group-A3563CEE2A65-LeaderElection66] INFO  server.RaftServerConfigKeys (ConfUtils.java:logGet(46)) - raft.server.staging.catchup.gap = 1000 (default)
2024-02-06 10:04:23,437 [d13a7932-20b5-4dc4-8f4e-9cfa29b5d703@group-A3563CEE2A65-LeaderElection66] INFO  server.RaftServerConfigKeys (ConfUtils.java:logGet(46)) - raft.server.write.element-limit = 1024 (custom)
2024-02-06 10:04:23,437 [d13a7932-20b5-4dc4-8f4e-9cfa29b5d703@group-A3563CEE2A65-LeaderElection66] INFO  server.RaftServerConfigKeys (ConfUtils.java:logGet(46)) - raft.server.write.byte-limit = 1024 M (=1073741824) (custom)
2024-02-06 10:04:23,437 [d13a7932-20b5-4dc4-8f4e-9cfa29b5d703@group-A3563CEE2A65-LeaderElection66] INFO  server.RaftServerConfigKeys (ConfUtils.java:logGet(46)) - raft.server.watch.timeout = 3000ms (custom)
2024-02-06 10:04:23,437 [d13a7932-20b5-4dc4-8f4e-9cfa29b5d703@group-A3563CEE2A65-LeaderElection66] INFO  server.RaftServerConfigKeys (ConfUtils.java:logGet(46)) - raft.server.watch.timeout.denomination = 1s (default)
2024-02-06 10:04:23,438 [d13a7932-20b5-4dc4-8f4e-9cfa29b5d703@group-A3563CEE2A65-LeaderElection66] INFO  server.RaftServerConfigKeys (ConfUtils.java:logGet(46)) - raft.server.watch.element-limit = 65536 (default)
2024-02-06 10:04:23,438 [d13a7932-20b5-4dc4-8f4e-9cfa29b5d703@group-A3563CEE2A65-LeaderElection66] INFO  server.RaftServerConfigKeys (ConfUtils.java:logGet(46)) - raft.server.read.leader.lease.enabled = false (default)
2024-02-06 10:04:23,438 [d13a7932-20b5-4dc4-8f4e-9cfa29b5d703@group-A3563CEE2A65-LeaderElection66] INFO  server.RaftServerConfigKeys (ConfUtils.java:logGet(46)) - raft.server.read.leader.lease.timeout.ratio = 0.9 (default)
2024-02-06 10:04:23,438 [d13a7932-20b5-4dc4-8f4e-9cfa29b5d703@group-A3563CEE2A65-LeaderElection66] INFO  server.RaftServerConfigKeys (ConfUtils.java:logGet(46)) - raft.server.rpc.timeout.min = 5s (custom)
2024-02-06 10:04:23,438 [d13a7932-20b5-4dc4-8f4e-9cfa29b5d703@group-A3563CEE2A65-LeaderElection66] INFO  server.RaftServerConfigKeys (ConfUtils.java:logGet(46)) - raft.server.write.element-limit = 1024 (custom)
2024-02-06 10:04:23,438 [d13a7932-20b5-4dc4-8f4e-9cfa29b5d703@group-A3563CEE2A65-LeaderElection66] INFO  server.RaftServerConfigKeys (ConfUtils.java:logGet(46)) - raft.server.write.follower.gap.ratio.max = -1.0 (default)
2024-02-06 10:04:23,438 [d13a7932-20b5-4dc4-8f4e-9cfa29b5d703@group-A3563CEE2A65-LeaderElection66] INFO  impl.RoleInfo (RoleInfo.java:updateAndGet(139)) - d13a7932-20b5-4dc4-8f4e-9cfa29b5d703: start d13a7932-20b5-4dc4-8f4e-9cfa29b5d703@group-A3563CEE2A65-LeaderStateImpl
2024-02-06 10:04:23,438 [d13a7932-20b5-4dc4-8f4e-9cfa29b5d703@group-A3563CEE2A65-LeaderElection66] INFO  server.RaftServer$Division (RaftServerImpl.java:setFirstElection(574)) - d13a7932-20b5-4dc4-8f4e-9cfa29b5d703@group-A3563CEE2A65: set firstElectionSinceStartup to false for becomeLeader
2024-02-06 10:04:23,438 [d13a7932-20b5-4dc4-8f4e-9cfa29b5d703@group-A3563CEE2A65-LeaderElection66] INFO  ratis.XceiverServerRatis (XceiverServerRatis.java:handleLeaderChangedNotification(966)) - Leader change notification received for group: group-A3563CEE2A65 with new leaderId: d13a7932-20b5-4dc4-8f4e-9cfa29b5d703
2024-02-06 10:04:23,438 [d13a7932-20b5-4dc4-8f4e-9cfa29b5d703@group-A3563CEE2A65-LeaderElection66] INFO  server.RaftServer$Division (ServerState.java:setLeader(269)) - d13a7932-20b5-4dc4-8f4e-9cfa29b5d703@group-A3563CEE2A65: change Leader from null to d13a7932-20b5-4dc4-8f4e-9cfa29b5d703 at term 1 for becomeLeader, leader elected after 5228ms
2024-02-06 10:04:23,438 [d13a7932-20b5-4dc4-8f4e-9cfa29b5d703@group-A3563CEE2A65-LeaderElection66] INFO  segmented.SegmentedRaftLogWorker (SegmentedRaftLogWorker.java:startLogSegment(430)) - d13a7932-20b5-4dc4-8f4e-9cfa29b5d703@group-A3563CEE2A65-SegmentedRaftLogWorker: Starting segment from index:0
2024-02-06 10:04:23,439 [d13a7932-20b5-4dc4-8f4e-9cfa29b5d703@group-A3563CEE2A65-SegmentedRaftLogWorker] INFO  segmented.BufferedWriteChannel (BufferedWriteChannel.java:open(62)) - open log_inprogress_0 at position 0
2024-02-06 10:04:23,441 [38b4019c-56e2-4267-a670-ebb45fd92c3a-server-thread2] INFO  server.RaftServer$Division (ServerState.java:setRaftConf(386)) - 38b4019c-56e2-4267-a670-ebb45fd92c3a@group-3A62A15B08FA: set configuration 0: peers:[d13a7932-20b5-4dc4-8f4e-9cfa29b5d703|10.1.0.5:15370, 38b4019c-56e2-4267-a670-ebb45fd92c3a|10.1.0.5:15379, 087ade3f-e43d-4c8d-bb26-e39bc6489068|10.1.0.5:15388]|listeners:[], old=null
2024-02-06 10:04:23,441 [38b4019c-56e2-4267-a670-ebb45fd92c3a-server-thread2] INFO  segmented.SegmentedRaftLogWorker (SegmentedRaftLogWorker.java:startLogSegment(430)) - 38b4019c-56e2-4267-a670-ebb45fd92c3a@group-3A62A15B08FA-SegmentedRaftLogWorker: Starting segment from index:0
2024-02-06 10:04:23,442 [38b4019c-56e2-4267-a670-ebb45fd92c3a@group-3A62A15B08FA-SegmentedRaftLogWorker] INFO  segmented.BufferedWriteChannel (BufferedWriteChannel.java:open(62)) - open log_inprogress_0 at position 0
2024-02-06 10:04:23,443 [38b4019c-56e2-4267-a670-ebb45fd92c3a@group-B722671DD948-LeaderElection67] INFO  impl.LeaderElection (LeaderElection.java:askForVotes(321)) - 38b4019c-56e2-4267-a670-ebb45fd92c3a@group-B722671DD948-LeaderElection67 ELECTION round 0: submit vote requests at term 1 for -1: peers:[38b4019c-56e2-4267-a670-ebb45fd92c3a|10.1.0.5:15379]|listeners:[], old=null
2024-02-06 10:04:23,443 [38b4019c-56e2-4267-a670-ebb45fd92c3a@group-B722671DD948-LeaderElection67] INFO  impl.LeaderElection (LeaderElection.java:askForVotes(323)) - 38b4019c-56e2-4267-a670-ebb45fd92c3a@group-B722671DD948-LeaderElection67 ELECTION round 0: result PASSED (term=1)
2024-02-06 10:04:23,443 [d13a7932-20b5-4dc4-8f4e-9cfa29b5d703@group-3A62A15B08FA-SegmentedRaftLogWorker] INFO  segmented.SegmentedRaftLogWorker (SegmentedRaftLogWorker.java:execute(634)) - d13a7932-20b5-4dc4-8f4e-9cfa29b5d703@group-3A62A15B08FA-SegmentedRaftLogWorker: created new log segment /home/runner/work/ozone/ozone/hadoop-ozone/integration-test/target/test-dir/MiniOzoneClusterImpl-0ae4c21d-b8eb-4e36-9639-963ec8fb7de7/datanode-0/data/ratis/0ac3adb2-bb17-4dac-b64e-3a62a15b08fa/current/log_inprogress_0
2024-02-06 10:04:23,443 [38b4019c-56e2-4267-a670-ebb45fd92c3a@group-B722671DD948-LeaderElection67] INFO  impl.RoleInfo (RoleInfo.java:shutdownLeaderElection(130)) - 38b4019c-56e2-4267-a670-ebb45fd92c3a: shutdown 38b4019c-56e2-4267-a670-ebb45fd92c3a@group-B722671DD948-LeaderElection67
2024-02-06 10:04:23,444 [38b4019c-56e2-4267-a670-ebb45fd92c3a@group-B722671DD948-LeaderElection67] INFO  server.RaftServer$Division (RaftServerImpl.java:setRole(383)) - 38b4019c-56e2-4267-a670-ebb45fd92c3a@group-B722671DD948: changes role from CANDIDATE to LEADER at term 1 for changeToLeader
2024-02-06 10:04:23,444 [38b4019c-56e2-4267-a670-ebb45fd92c3a@group-B722671DD948-LeaderElection67] INFO  server.RaftServerConfigKeys (ConfUtils.java:logGet(46)) - raft.server.staging.catchup.gap = 1000 (default)
2024-02-06 10:04:23,446 [38b4019c-56e2-4267-a670-ebb45fd92c3a@group-B722671DD948-LeaderElection67] INFO  server.RaftServerConfigKeys (ConfUtils.java:logGet(46)) - raft.server.write.element-limit = 1024 (custom)
2024-02-06 10:04:23,446 [38b4019c-56e2-4267-a670-ebb45fd92c3a@group-B722671DD948-LeaderElection67] INFO  server.RaftServerConfigKeys (ConfUtils.java:logGet(46)) - raft.server.write.byte-limit = 1024 M (=1073741824) (custom)
2024-02-06 10:04:23,446 [38b4019c-56e2-4267-a670-ebb45fd92c3a@group-B722671DD948-LeaderElection67] INFO  server.RaftServerConfigKeys (ConfUtils.java:logGet(46)) - raft.server.watch.timeout = 3000ms (custom)
2024-02-06 10:04:23,446 [38b4019c-56e2-4267-a670-ebb45fd92c3a@group-B722671DD948-LeaderElection67] INFO  server.RaftServerConfigKeys (ConfUtils.java:logGet(46)) - raft.server.watch.timeout.denomination = 1s (default)
2024-02-06 10:04:23,446 [38b4019c-56e2-4267-a670-ebb45fd92c3a@group-B722671DD948-LeaderElection67] INFO  server.RaftServerConfigKeys (ConfUtils.java:logGet(46)) - raft.server.watch.element-limit = 65536 (default)
2024-02-06 10:04:23,446 [38b4019c-56e2-4267-a670-ebb45fd92c3a@group-B722671DD948-LeaderElection67] INFO  server.RaftServerConfigKeys (ConfUtils.java:logGet(46)) - raft.server.read.leader.lease.enabled = false (default)
2024-02-06 10:04:23,446 [38b4019c-56e2-4267-a670-ebb45fd92c3a@group-B722671DD948-LeaderElection67] INFO  server.RaftServerConfigKeys (ConfUtils.java:logGet(46)) - raft.server.read.leader.lease.timeout.ratio = 0.9 (default)
2024-02-06 10:04:23,446 [38b4019c-56e2-4267-a670-ebb45fd92c3a@group-B722671DD948-LeaderElection67] INFO  server.RaftServerConfigKeys (ConfUtils.java:logGet(46)) - raft.server.rpc.timeout.min = 5s (custom)
2024-02-06 10:04:23,446 [38b4019c-56e2-4267-a670-ebb45fd92c3a@group-B722671DD948-LeaderElection67] INFO  server.RaftServerConfigKeys (ConfUtils.java:logGet(46)) - raft.server.write.element-limit = 1024 (custom)
2024-02-06 10:04:23,446 [38b4019c-56e2-4267-a670-ebb45fd92c3a@group-B722671DD948-LeaderElection67] INFO  server.RaftServerConfigKeys (ConfUtils.java:logGet(46)) - raft.server.write.follower.gap.ratio.max = -1.0 (default)
2024-02-06 10:04:23,447 [38b4019c-56e2-4267-a670-ebb45fd92c3a@group-B722671DD948-LeaderElection67] INFO  impl.RoleInfo (RoleInfo.java:updateAndGet(139)) - 38b4019c-56e2-4267-a670-ebb45fd92c3a: start 38b4019c-56e2-4267-a670-ebb45fd92c3a@group-B722671DD948-LeaderStateImpl
2024-02-06 10:04:23,447 [38b4019c-56e2-4267-a670-ebb45fd92c3a@group-B722671DD948-LeaderElection67] INFO  server.RaftServer$Division (RaftServerImpl.java:setFirstElection(574)) - 38b4019c-56e2-4267-a670-ebb45fd92c3a@group-B722671DD948: set firstElectionSinceStartup to false for becomeLeader
2024-02-06 10:04:23,447 [38b4019c-56e2-4267-a670-ebb45fd92c3a@group-B722671DD948-LeaderElection67] INFO  ratis.XceiverServerRatis (XceiverServerRatis.java:handleLeaderChangedNotification(966)) - Leader change notification received for group: group-B722671DD948 with new leaderId: 38b4019c-56e2-4267-a670-ebb45fd92c3a
2024-02-06 10:04:23,447 [d13a7932-20b5-4dc4-8f4e-9cfa29b5d703@group-A3563CEE2A65-LeaderElection66] INFO  server.RaftServer$Division (ServerState.java:setRaftConf(386)) - d13a7932-20b5-4dc4-8f4e-9cfa29b5d703@group-A3563CEE2A65: set configuration 0: peers:[d13a7932-20b5-4dc4-8f4e-9cfa29b5d703|10.1.0.5:15370]|listeners:[], old=null
2024-02-06 10:04:23,449 [38b4019c-56e2-4267-a670-ebb45fd92c3a@group-B722671DD948-LeaderElection67] INFO  server.RaftServer$Division (ServerState.java:setLeader(269)) - 38b4019c-56e2-4267-a670-ebb45fd92c3a@group-B722671DD948: change Leader from null to 38b4019c-56e2-4267-a670-ebb45fd92c3a at term 1 for becomeLeader, leader elected after 5135ms
2024-02-06 10:04:23,449 [38b4019c-56e2-4267-a670-ebb45fd92c3a@group-B722671DD948-LeaderElection67] INFO  segmented.SegmentedRaftLogWorker (SegmentedRaftLogWorker.java:startLogSegment(430)) - 38b4019c-56e2-4267-a670-ebb45fd92c3a@group-B722671DD948-SegmentedRaftLogWorker: Starting segment from index:0
2024-02-06 10:04:23,451 [38b4019c-56e2-4267-a670-ebb45fd92c3a@group-B722671DD948-SegmentedRaftLogWorker] INFO  segmented.BufferedWriteChannel (BufferedWriteChannel.java:open(62)) - open log_inprogress_0 at position 0
2024-02-06 10:04:23,452 [38b4019c-56e2-4267-a670-ebb45fd92c3a@group-B722671DD948-LeaderElection67] INFO  server.RaftServer$Division (ServerState.java:setRaftConf(386)) - 38b4019c-56e2-4267-a670-ebb45fd92c3a@group-B722671DD948: set configuration 0: peers:[38b4019c-56e2-4267-a670-ebb45fd92c3a|10.1.0.5:15379]|listeners:[], old=null
2024-02-06 10:04:23,454 [087ade3f-e43d-4c8d-bb26-e39bc6489068@group-3A62A15B08FA-StateMachineUpdater] INFO  server.RaftServer$Division (LeaderStateImpl.java:isApplied(320)) - leader is ready since appliedIndex == 0 >= startIndex == 0
2024-02-06 10:04:23,454 [38b4019c-56e2-4267-a670-ebb45fd92c3a@group-3A62A15B08FA-SegmentedRaftLogWorker] INFO  segmented.SegmentedRaftLogWorker (SegmentedRaftLogWorker.java:execute(634)) - 38b4019c-56e2-4267-a670-ebb45fd92c3a@group-3A62A15B08FA-SegmentedRaftLogWorker: created new log segment /home/runner/work/ozone/ozone/hadoop-ozone/integration-test/target/test-dir/MiniOzoneClusterImpl-0ae4c21d-b8eb-4e36-9639-963ec8fb7de7/datanode-1/data/ratis/0ac3adb2-bb17-4dac-b64e-3a62a15b08fa/current/log_inprogress_0
2024-02-06 10:04:23,454 [d13a7932-20b5-4dc4-8f4e-9cfa29b5d703@group-A3563CEE2A65-SegmentedRaftLogWorker] INFO  segmented.SegmentedRaftLogWorker (SegmentedRaftLogWorker.java:execute(634)) - d13a7932-20b5-4dc4-8f4e-9cfa29b5d703@group-A3563CEE2A65-SegmentedRaftLogWorker: created new log segment /home/runner/work/ozone/ozone/hadoop-ozone/integration-test/target/test-dir/MiniOzoneClusterImpl-0ae4c21d-b8eb-4e36-9639-963ec8fb7de7/datanode-0/data/ratis/d73a1a3a-4c5b-41e3-8270-a3563cee2a65/current/log_inprogress_0
2024-02-06 10:04:23,456 [d13a7932-20b5-4dc4-8f4e-9cfa29b5d703@group-A3563CEE2A65-StateMachineUpdater] INFO  server.RaftServer$Division (LeaderStateImpl.java:isApplied(320)) - leader is ready since appliedIndex == 0 >= startIndex == 0
2024-02-06 10:04:23,460 [38b4019c-56e2-4267-a670-ebb45fd92c3a@group-B722671DD948-SegmentedRaftLogWorker] INFO  segmented.SegmentedRaftLogWorker (SegmentedRaftLogWorker.java:execute(634)) - 38b4019c-56e2-4267-a670-ebb45fd92c3a@group-B722671DD948-SegmentedRaftLogWorker: created new log segment /home/runner/work/ozone/ozone/hadoop-ozone/integration-test/target/test-dir/MiniOzoneClusterImpl-0ae4c21d-b8eb-4e36-9639-963ec8fb7de7/datanode-1/data/ratis/c267edef-c92f-4ee0-bf31-b722671dd948/current/log_inprogress_0
2024-02-06 10:04:23,461 [38b4019c-56e2-4267-a670-ebb45fd92c3a@group-B722671DD948-StateMachineUpdater] INFO  server.RaftServer$Division (LeaderStateImpl.java:isApplied(320)) - leader is ready since appliedIndex == 0 >= startIndex == 0
2024-02-06 10:04:23,528 [b79ed0a0-6c36-4ab9-80cb-79cc2b7dd541@group-233509287903-FollowerState] INFO  impl.FollowerState (FollowerState.java:run(143)) - b79ed0a0-6c36-4ab9-80cb-79cc2b7dd541@group-233509287903-FollowerState: change to CANDIDATE, lastRpcElapsedTime:5029276852ns, electionTimeout:5028ms
2024-02-06 10:04:23,528 [b79ed0a0-6c36-4ab9-80cb-79cc2b7dd541@group-233509287903-FollowerState] INFO  impl.RoleInfo (RoleInfo.java:shutdownFollowerState(110)) - b79ed0a0-6c36-4ab9-80cb-79cc2b7dd541: shutdown b79ed0a0-6c36-4ab9-80cb-79cc2b7dd541@group-233509287903-FollowerState
2024-02-06 10:04:23,528 [b79ed0a0-6c36-4ab9-80cb-79cc2b7dd541@group-233509287903-FollowerState] INFO  server.RaftServer$Division (RaftServerImpl.java:setRole(383)) - b79ed0a0-6c36-4ab9-80cb-79cc2b7dd541@group-233509287903: changes role from  FOLLOWER to CANDIDATE at term 0 for changeToCandidate
2024-02-06 10:04:23,528 [b79ed0a0-6c36-4ab9-80cb-79cc2b7dd541@group-233509287903-FollowerState] INFO  server.RaftServerConfigKeys (ConfUtils.java:logGet(46)) - raft.server.leaderelection.pre-vote = true (default)
2024-02-06 10:04:23,528 [b79ed0a0-6c36-4ab9-80cb-79cc2b7dd541@group-233509287903-FollowerState] INFO  impl.RoleInfo (RoleInfo.java:updateAndGet(139)) - b79ed0a0-6c36-4ab9-80cb-79cc2b7dd541: start b79ed0a0-6c36-4ab9-80cb-79cc2b7dd541@group-233509287903-LeaderElection68
2024-02-06 10:04:23,530 [b79ed0a0-6c36-4ab9-80cb-79cc2b7dd541@group-233509287903-LeaderElection68] INFO  impl.LeaderElection (LeaderElection.java:askForVotes(321)) - b79ed0a0-6c36-4ab9-80cb-79cc2b7dd541@group-233509287903-LeaderElection68 PRE_VOTE round 0: submit vote requests at term 0 for -1: peers:[b79ed0a0-6c36-4ab9-80cb-79cc2b7dd541|10.1.0.5:15397]|listeners:[], old=null
2024-02-06 10:04:23,531 [b79ed0a0-6c36-4ab9-80cb-79cc2b7dd541@group-233509287903-LeaderElection68] INFO  impl.LeaderElection (LeaderElection.java:askForVotes(323)) - b79ed0a0-6c36-4ab9-80cb-79cc2b7dd541@group-233509287903-LeaderElection68 PRE_VOTE round 0: result PASSED (term=0)
2024-02-06 10:04:23,532 [b79ed0a0-6c36-4ab9-80cb-79cc2b7dd541@group-233509287903-LeaderElection68] INFO  impl.LeaderElection (LeaderElection.java:askForVotes(321)) - b79ed0a0-6c36-4ab9-80cb-79cc2b7dd541@group-233509287903-LeaderElection68 ELECTION round 0: submit vote requests at term 1 for -1: peers:[b79ed0a0-6c36-4ab9-80cb-79cc2b7dd541|10.1.0.5:15397]|listeners:[], old=null
2024-02-06 10:04:23,532 [b79ed0a0-6c36-4ab9-80cb-79cc2b7dd541@group-233509287903-LeaderElection68] INFO  impl.LeaderElection (LeaderElection.java:askForVotes(323)) - b79ed0a0-6c36-4ab9-80cb-79cc2b7dd541@group-233509287903-LeaderElection68 ELECTION round 0: result PASSED (term=1)
2024-02-06 10:04:23,532 [b79ed0a0-6c36-4ab9-80cb-79cc2b7dd541@group-233509287903-LeaderElection68] INFO  impl.RoleInfo (RoleInfo.java:shutdownLeaderElection(130)) - b79ed0a0-6c36-4ab9-80cb-79cc2b7dd541: shutdown b79ed0a0-6c36-4ab9-80cb-79cc2b7dd541@group-233509287903-LeaderElection68
2024-02-06 10:04:23,532 [b79ed0a0-6c36-4ab9-80cb-79cc2b7dd541@group-233509287903-LeaderElection68] INFO  server.RaftServer$Division (RaftServerImpl.java:setRole(383)) - b79ed0a0-6c36-4ab9-80cb-79cc2b7dd541@group-233509287903: changes role from CANDIDATE to LEADER at term 1 for changeToLeader
2024-02-06 10:04:23,532 [b79ed0a0-6c36-4ab9-80cb-79cc2b7dd541@group-233509287903-LeaderElection68] INFO  server.RaftServerConfigKeys (ConfUtils.java:logGet(46)) - raft.server.staging.catchup.gap = 1000 (default)
2024-02-06 10:04:23,532 [b79ed0a0-6c36-4ab9-80cb-79cc2b7dd541@group-233509287903-LeaderElection68] INFO  server.RaftServerConfigKeys (ConfUtils.java:logGet(46)) - raft.server.write.element-limit = 1024 (custom)
2024-02-06 10:04:23,532 [b79ed0a0-6c36-4ab9-80cb-79cc2b7dd541@group-233509287903-LeaderElection68] INFO  server.RaftServerConfigKeys (ConfUtils.java:logGet(46)) - raft.server.write.byte-limit = 1024 M (=1073741824) (custom)
2024-02-06 10:04:23,532 [b79ed0a0-6c36-4ab9-80cb-79cc2b7dd541@group-233509287903-LeaderElection68] INFO  server.RaftServerConfigKeys (ConfUtils.java:logGet(46)) - raft.server.watch.timeout = 3000ms (custom)
2024-02-06 10:04:23,533 [b79ed0a0-6c36-4ab9-80cb-79cc2b7dd541@group-233509287903-LeaderElection68] INFO  server.RaftServerConfigKeys (ConfUtils.java:logGet(46)) - raft.server.watch.timeout.denomination = 1s (default)
2024-02-06 10:04:23,533 [b79ed0a0-6c36-4ab9-80cb-79cc2b7dd541@group-233509287903-LeaderElection68] INFO  server.RaftServerConfigKeys (ConfUtils.java:logGet(46)) - raft.server.watch.element-limit = 65536 (default)
2024-02-06 10:04:23,533 [b79ed0a0-6c36-4ab9-80cb-79cc2b7dd541@group-233509287903-LeaderElection68] INFO  server.RaftServerConfigKeys (ConfUtils.java:logGet(46)) - raft.server.read.leader.lease.enabled = false (default)
2024-02-06 10:04:23,533 [b79ed0a0-6c36-4ab9-80cb-79cc2b7dd541@group-233509287903-LeaderElection68] INFO  server.RaftServerConfigKeys (ConfUtils.java:logGet(46)) - raft.server.read.leader.lease.timeout.ratio = 0.9 (default)
2024-02-06 10:04:23,533 [b79ed0a0-6c36-4ab9-80cb-79cc2b7dd541@group-233509287903-LeaderElection68] INFO  server.RaftServerConfigKeys (ConfUtils.java:logGet(46)) - raft.server.rpc.timeout.min = 5s (custom)
2024-02-06 10:04:23,533 [b79ed0a0-6c36-4ab9-80cb-79cc2b7dd541@group-233509287903-LeaderElection68] INFO  server.RaftServerConfigKeys (ConfUtils.java:logGet(46)) - raft.server.write.element-limit = 1024 (custom)
2024-02-06 10:04:23,533 [b79ed0a0-6c36-4ab9-80cb-79cc2b7dd541@group-233509287903-LeaderElection68] INFO  server.RaftServerConfigKeys (ConfUtils.java:logGet(46)) - raft.server.write.follower.gap.ratio.max = -1.0 (default)
2024-02-06 10:04:23,533 [b79ed0a0-6c36-4ab9-80cb-79cc2b7dd541@group-233509287903-LeaderElection68] INFO  impl.RoleInfo (RoleInfo.java:updateAndGet(139)) - b79ed0a0-6c36-4ab9-80cb-79cc2b7dd541: start b79ed0a0-6c36-4ab9-80cb-79cc2b7dd541@group-233509287903-LeaderStateImpl
2024-02-06 10:04:23,533 [b79ed0a0-6c36-4ab9-80cb-79cc2b7dd541@group-233509287903-LeaderElection68] INFO  server.RaftServer$Division (RaftServerImpl.java:setFirstElection(574)) - b79ed0a0-6c36-4ab9-80cb-79cc2b7dd541@group-233509287903: set firstElectionSinceStartup to false for becomeLeader
2024-02-06 10:04:23,533 [b79ed0a0-6c36-4ab9-80cb-79cc2b7dd541@group-233509287903-LeaderElection68] INFO  ratis.XceiverServerRatis (XceiverServerRatis.java:handleLeaderChangedNotification(966)) - Leader change notification received for group: group-233509287903 with new leaderId: b79ed0a0-6c36-4ab9-80cb-79cc2b7dd541
2024-02-06 10:04:23,533 [b79ed0a0-6c36-4ab9-80cb-79cc2b7dd541@group-233509287903-LeaderElection68] INFO  server.RaftServer$Division (ServerState.java:setLeader(269)) - b79ed0a0-6c36-4ab9-80cb-79cc2b7dd541@group-233509287903: change Leader from null to b79ed0a0-6c36-4ab9-80cb-79cc2b7dd541 at term 1 for becomeLeader, leader elected after 5046ms
2024-02-06 10:04:23,533 [b79ed0a0-6c36-4ab9-80cb-79cc2b7dd541@group-233509287903-LeaderElection68] INFO  segmented.SegmentedRaftLogWorker (SegmentedRaftLogWorker.java:startLogSegment(430)) - b79ed0a0-6c36-4ab9-80cb-79cc2b7dd541@group-233509287903-SegmentedRaftLogWorker: Starting segment from index:0
2024-02-06 10:04:23,534 [b79ed0a0-6c36-4ab9-80cb-79cc2b7dd541@group-233509287903-LeaderElection68] INFO  server.RaftServer$Division (ServerState.java:setRaftConf(386)) - b79ed0a0-6c36-4ab9-80cb-79cc2b7dd541@group-233509287903: set configuration 0: peers:[b79ed0a0-6c36-4ab9-80cb-79cc2b7dd541|10.1.0.5:15397]|listeners:[], old=null
2024-02-06 10:04:23,535 [b79ed0a0-6c36-4ab9-80cb-79cc2b7dd541@group-233509287903-SegmentedRaftLogWorker] INFO  segmented.BufferedWriteChannel (BufferedWriteChannel.java:open(62)) - open log_inprogress_0 at position 0
2024-02-06 10:04:23,541 [b79ed0a0-6c36-4ab9-80cb-79cc2b7dd541@group-233509287903-SegmentedRaftLogWorker] INFO  segmented.SegmentedRaftLogWorker (SegmentedRaftLogWorker.java:execute(634)) - b79ed0a0-6c36-4ab9-80cb-79cc2b7dd541@group-233509287903-SegmentedRaftLogWorker: created new log segment /home/runner/work/ozone/ozone/hadoop-ozone/integration-test/target/test-dir/MiniOzoneClusterImpl-0ae4c21d-b8eb-4e36-9639-963ec8fb7de7/datanode-3/data/ratis/ccf1b010-1b08-41eb-aa39-233509287903/current/log_inprogress_0
2024-02-06 10:04:23,542 [087ade3f-e43d-4c8d-bb26-e39bc6489068@group-5BAE82D49BED-FollowerState] INFO  impl.FollowerState (FollowerState.java:run(143)) - 087ade3f-e43d-4c8d-bb26-e39bc6489068@group-5BAE82D49BED-FollowerState: change to CANDIDATE, lastRpcElapsedTime:5138428418ns, electionTimeout:5138ms
2024-02-06 10:04:23,542 [087ade3f-e43d-4c8d-bb26-e39bc6489068@group-5BAE82D49BED-FollowerState] INFO  impl.RoleInfo (RoleInfo.java:shutdownFollowerState(110)) - 087ade3f-e43d-4c8d-bb26-e39bc6489068: shutdown 087ade3f-e43d-4c8d-bb26-e39bc6489068@group-5BAE82D49BED-FollowerState
2024-02-06 10:04:23,542 [087ade3f-e43d-4c8d-bb26-e39bc6489068@group-5BAE82D49BED-FollowerState] INFO  server.RaftServer$Division (RaftServerImpl.java:setRole(383)) - 087ade3f-e43d-4c8d-bb26-e39bc6489068@group-5BAE82D49BED: changes role from  FOLLOWER to CANDIDATE at term 0 for changeToCandidate
2024-02-06 10:04:23,542 [087ade3f-e43d-4c8d-bb26-e39bc6489068@group-5BAE82D49BED-FollowerState] INFO  server.RaftServerConfigKeys (ConfUtils.java:logGet(46)) - raft.server.leaderelection.pre-vote = true (default)
2024-02-06 10:04:23,542 [087ade3f-e43d-4c8d-bb26-e39bc6489068@group-5BAE82D49BED-FollowerState] INFO  impl.RoleInfo (RoleInfo.java:updateAndGet(139)) - 087ade3f-e43d-4c8d-bb26-e39bc6489068: start 087ade3f-e43d-4c8d-bb26-e39bc6489068@group-5BAE82D49BED-LeaderElection69
2024-02-06 10:04:23,544 [087ade3f-e43d-4c8d-bb26-e39bc6489068@group-5BAE82D49BED-LeaderElection69] INFO  impl.LeaderElection (LeaderElection.java:askForVotes(321)) - 087ade3f-e43d-4c8d-bb26-e39bc6489068@group-5BAE82D49BED-LeaderElection69 PRE_VOTE round 0: submit vote requests at term 0 for -1: peers:[087ade3f-e43d-4c8d-bb26-e39bc6489068|10.1.0.5:15388]|listeners:[], old=null
2024-02-06 10:04:23,544 [087ade3f-e43d-4c8d-bb26-e39bc6489068@group-5BAE82D49BED-LeaderElection69] INFO  impl.LeaderElection (LeaderElection.java:askForVotes(323)) - 087ade3f-e43d-4c8d-bb26-e39bc6489068@group-5BAE82D49BED-LeaderElection69 PRE_VOTE round 0: result PASSED (term=0)
2024-02-06 10:04:23,545 [b79ed0a0-6c36-4ab9-80cb-79cc2b7dd541@group-233509287903-StateMachineUpdater] INFO  server.RaftServer$Division (LeaderStateImpl.java:isApplied(320)) - leader is ready since appliedIndex == 0 >= startIndex == 0
2024-02-06 10:04:23,545 [087ade3f-e43d-4c8d-bb26-e39bc6489068@group-5BAE82D49BED-LeaderElection69] INFO  impl.LeaderElection (LeaderElection.java:askForVotes(321)) - 087ade3f-e43d-4c8d-bb26-e39bc6489068@group-5BAE82D49BED-LeaderElection69 ELECTION round 0: submit vote requests at term 1 for -1: peers:[087ade3f-e43d-4c8d-bb26-e39bc6489068|10.1.0.5:15388]|listeners:[], old=null
2024-02-06 10:04:23,545 [087ade3f-e43d-4c8d-bb26-e39bc6489068@group-5BAE82D49BED-LeaderElection69] INFO  impl.LeaderElection (LeaderElection.java:askForVotes(323)) - 087ade3f-e43d-4c8d-bb26-e39bc6489068@group-5BAE82D49BED-LeaderElection69 ELECTION round 0: result PASSED (term=1)
2024-02-06 10:04:23,545 [087ade3f-e43d-4c8d-bb26-e39bc6489068@group-5BAE82D49BED-LeaderElection69] INFO  impl.RoleInfo (RoleInfo.java:shutdownLeaderElection(130)) - 087ade3f-e43d-4c8d-bb26-e39bc6489068: shutdown 087ade3f-e43d-4c8d-bb26-e39bc6489068@group-5BAE82D49BED-LeaderElection69
2024-02-06 10:04:23,546 [087ade3f-e43d-4c8d-bb26-e39bc6489068@group-5BAE82D49BED-LeaderElection69] INFO  server.RaftServer$Division (RaftServerImpl.java:setRole(383)) - 087ade3f-e43d-4c8d-bb26-e39bc6489068@group-5BAE82D49BED: changes role from CANDIDATE to LEADER at term 1 for changeToLeader
2024-02-06 10:04:23,546 [087ade3f-e43d-4c8d-bb26-e39bc6489068@group-5BAE82D49BED-LeaderElection69] INFO  server.RaftServerConfigKeys (ConfUtils.java:logGet(46)) - raft.server.staging.catchup.gap = 1000 (default)
2024-02-06 10:04:23,546 [087ade3f-e43d-4c8d-bb26-e39bc6489068@group-5BAE82D49BED-LeaderElection69] INFO  server.RaftServerConfigKeys (ConfUtils.java:logGet(46)) - raft.server.write.element-limit = 1024 (custom)
2024-02-06 10:04:23,546 [087ade3f-e43d-4c8d-bb26-e39bc6489068@group-5BAE82D49BED-LeaderElection69] INFO  server.RaftServerConfigKeys (ConfUtils.java:logGet(46)) - raft.server.write.byte-limit = 1024 M (=1073741824) (custom)
2024-02-06 10:04:23,546 [087ade3f-e43d-4c8d-bb26-e39bc6489068@group-5BAE82D49BED-LeaderElection69] INFO  server.RaftServerConfigKeys (ConfUtils.java:logGet(46)) - raft.server.watch.timeout = 3000ms (custom)
2024-02-06 10:04:23,546 [087ade3f-e43d-4c8d-bb26-e39bc6489068@group-5BAE82D49BED-LeaderElection69] INFO  server.RaftServerConfigKeys (ConfUtils.java:logGet(46)) - raft.server.watch.timeout.denomination = 1s (default)
2024-02-06 10:04:23,546 [087ade3f-e43d-4c8d-bb26-e39bc6489068@group-5BAE82D49BED-LeaderElection69] INFO  server.RaftServerConfigKeys (ConfUtils.java:logGet(46)) - raft.server.watch.element-limit = 65536 (default)
2024-02-06 10:04:23,546 [087ade3f-e43d-4c8d-bb26-e39bc6489068@group-5BAE82D49BED-LeaderElection69] INFO  server.RaftServerConfigKeys (ConfUtils.java:logGet(46)) - raft.server.read.leader.lease.enabled = false (default)
2024-02-06 10:04:23,546 [087ade3f-e43d-4c8d-bb26-e39bc6489068@group-5BAE82D49BED-LeaderElection69] INFO  server.RaftServerConfigKeys (ConfUtils.java:logGet(46)) - raft.server.read.leader.lease.timeout.ratio = 0.9 (default)
2024-02-06 10:04:23,546 [087ade3f-e43d-4c8d-bb26-e39bc6489068@group-5BAE82D49BED-LeaderElection69] INFO  server.RaftServerConfigKeys (ConfUtils.java:logGet(46)) - raft.server.rpc.timeout.min = 5s (custom)
2024-02-06 10:04:23,546 [087ade3f-e43d-4c8d-bb26-e39bc6489068@group-5BAE82D49BED-LeaderElection69] INFO  server.RaftServerConfigKeys (ConfUtils.java:logGet(46)) - raft.server.write.element-limit = 1024 (custom)
2024-02-06 10:04:23,546 [087ade3f-e43d-4c8d-bb26-e39bc6489068@group-5BAE82D49BED-LeaderElection69] INFO  server.RaftServerConfigKeys (ConfUtils.java:logGet(46)) - raft.server.write.follower.gap.ratio.max = -1.0 (default)
2024-02-06 10:04:23,546 [087ade3f-e43d-4c8d-bb26-e39bc6489068@group-5BAE82D49BED-LeaderElection69] INFO  impl.RoleInfo (RoleInfo.java:updateAndGet(139)) - 087ade3f-e43d-4c8d-bb26-e39bc6489068: start 087ade3f-e43d-4c8d-bb26-e39bc6489068@group-5BAE82D49BED-LeaderStateImpl
2024-02-06 10:04:23,546 [087ade3f-e43d-4c8d-bb26-e39bc6489068@group-5BAE82D49BED-LeaderElection69] INFO  server.RaftServer$Division (RaftServerImpl.java:setFirstElection(574)) - 087ade3f-e43d-4c8d-bb26-e39bc6489068@group-5BAE82D49BED: set firstElectionSinceStartup to false for becomeLeader
2024-02-06 10:04:23,546 [087ade3f-e43d-4c8d-bb26-e39bc6489068@group-5BAE82D49BED-LeaderElection69] INFO  ratis.XceiverServerRatis (XceiverServerRatis.java:handleLeaderChangedNotification(966)) - Leader change notification received for group: group-5BAE82D49BED with new leaderId: 087ade3f-e43d-4c8d-bb26-e39bc6489068
2024-02-06 10:04:23,547 [087ade3f-e43d-4c8d-bb26-e39bc6489068@group-5BAE82D49BED-LeaderElection69] INFO  server.RaftServer$Division (ServerState.java:setLeader(269)) - 087ade3f-e43d-4c8d-bb26-e39bc6489068@group-5BAE82D49BED: change Leader from null to 087ade3f-e43d-4c8d-bb26-e39bc6489068 at term 1 for becomeLeader, leader elected after 5151ms
2024-02-06 10:04:23,547 [087ade3f-e43d-4c8d-bb26-e39bc6489068@group-5BAE82D49BED-LeaderElection69] INFO  segmented.SegmentedRaftLogWorker (SegmentedRaftLogWorker.java:startLogSegment(430)) - 087ade3f-e43d-4c8d-bb26-e39bc6489068@group-5BAE82D49BED-SegmentedRaftLogWorker: Starting segment from index:0
2024-02-06 10:04:23,548 [087ade3f-e43d-4c8d-bb26-e39bc6489068@group-5BAE82D49BED-LeaderElection69] INFO  server.RaftServer$Division (ServerState.java:setRaftConf(386)) - 087ade3f-e43d-4c8d-bb26-e39bc6489068@group-5BAE82D49BED: set configuration 0: peers:[087ade3f-e43d-4c8d-bb26-e39bc6489068|10.1.0.5:15388]|listeners:[], old=null
2024-02-06 10:04:23,548 [087ade3f-e43d-4c8d-bb26-e39bc6489068@group-5BAE82D49BED-SegmentedRaftLogWorker] INFO  segmented.BufferedWriteChannel (BufferedWriteChannel.java:open(62)) - open log_inprogress_0 at position 0
2024-02-06 10:04:23,555 [087ade3f-e43d-4c8d-bb26-e39bc6489068@group-5BAE82D49BED-SegmentedRaftLogWorker] INFO  segmented.SegmentedRaftLogWorker (SegmentedRaftLogWorker.java:execute(634)) - 087ade3f-e43d-4c8d-bb26-e39bc6489068@group-5BAE82D49BED-SegmentedRaftLogWorker: created new log segment /home/runner/work/ozone/ozone/hadoop-ozone/integration-test/target/test-dir/MiniOzoneClusterImpl-0ae4c21d-b8eb-4e36-9639-963ec8fb7de7/datanode-2/data/ratis/ec540fe2-78df-400f-b8ff-5bae82d49bed/current/log_inprogress_0
2024-02-06 10:04:23,557 [087ade3f-e43d-4c8d-bb26-e39bc6489068@group-5BAE82D49BED-StateMachineUpdater] INFO  server.RaftServer$Division (LeaderStateImpl.java:isApplied(320)) - leader is ready since appliedIndex == 0 >= startIndex == 0
2024-02-06 10:04:23,598 [ec6898a0-344d-48d8-8a85-11fa109d489b@group-AF88B31BBEE2-FollowerState] INFO  impl.FollowerState (FollowerState.java:run(143)) - ec6898a0-344d-48d8-8a85-11fa109d489b@group-AF88B31BBEE2-FollowerState: change to CANDIDATE, lastRpcElapsedTime:5059461395ns, electionTimeout:5059ms
2024-02-06 10:04:23,599 [ec6898a0-344d-48d8-8a85-11fa109d489b@group-AF88B31BBEE2-FollowerState] INFO  impl.RoleInfo (RoleInfo.java:shutdownFollowerState(110)) - ec6898a0-344d-48d8-8a85-11fa109d489b: shutdown ec6898a0-344d-48d8-8a85-11fa109d489b@group-AF88B31BBEE2-FollowerState
2024-02-06 10:04:23,599 [ec6898a0-344d-48d8-8a85-11fa109d489b@group-AF88B31BBEE2-FollowerState] INFO  server.RaftServer$Division (RaftServerImpl.java:setRole(383)) - ec6898a0-344d-48d8-8a85-11fa109d489b@group-AF88B31BBEE2: changes role from  FOLLOWER to CANDIDATE at term 0 for changeToCandidate
2024-02-06 10:04:23,599 [ec6898a0-344d-48d8-8a85-11fa109d489b@group-AF88B31BBEE2-FollowerState] INFO  server.RaftServerConfigKeys (ConfUtils.java:logGet(46)) - raft.server.leaderelection.pre-vote = true (default)
2024-02-06 10:04:23,599 [ec6898a0-344d-48d8-8a85-11fa109d489b@group-AF88B31BBEE2-FollowerState] INFO  impl.RoleInfo (RoleInfo.java:updateAndGet(139)) - ec6898a0-344d-48d8-8a85-11fa109d489b: start ec6898a0-344d-48d8-8a85-11fa109d489b@group-AF88B31BBEE2-LeaderElection70
2024-02-06 10:04:23,601 [ec6898a0-344d-48d8-8a85-11fa109d489b@group-AF88B31BBEE2-LeaderElection70] INFO  impl.LeaderElection (LeaderElection.java:askForVotes(321)) - ec6898a0-344d-48d8-8a85-11fa109d489b@group-AF88B31BBEE2-LeaderElection70 PRE_VOTE round 0: submit vote requests at term 0 for -1: peers:[b79ed0a0-6c36-4ab9-80cb-79cc2b7dd541|10.1.0.5:15397, f44971dd-a974-44f1-968d-f8ef2d671d75|10.1.0.5:15415, ec6898a0-344d-48d8-8a85-11fa109d489b|10.1.0.5:15406]|listeners:[], old=null
2024-02-06 10:04:23,601 [ec6898a0-344d-48d8-8a85-11fa109d489b@group-AF88B31BBEE2-LeaderElection70-1] INFO  server.GrpcServerProtocolClient (GrpcServerProtocolClient.java:<init>(65)) - Build channel for b79ed0a0-6c36-4ab9-80cb-79cc2b7dd541|10.1.0.5:15397
2024-02-06 10:04:23,601 [ec6898a0-344d-48d8-8a85-11fa109d489b@group-AF88B31BBEE2-LeaderElection70-2] INFO  server.GrpcServerProtocolClient (GrpcServerProtocolClient.java:<init>(65)) - Build channel for f44971dd-a974-44f1-968d-f8ef2d671d75|10.1.0.5:15415
2024-02-06 10:04:23,601 [ec6898a0-344d-48d8-8a85-11fa109d489b@group-AF88B31BBEE2-LeaderElection70] INFO  server.RaftServerConfigKeys (ConfUtils.java:logFallback(53)) - raft.server.rpc.first-election.timeout.min = 5s (fallback to raft.server.rpc.timeout.min)
2024-02-06 10:04:23,601 [ec6898a0-344d-48d8-8a85-11fa109d489b@group-AF88B31BBEE2-LeaderElection70] INFO  server.RaftServerConfigKeys (ConfUtils.java:logFallback(53)) - raft.server.rpc.first-election.timeout.max = 5200ms (fallback to raft.server.rpc.timeout.max)
2024-02-06 10:04:23,606 [grpc-default-executor-3] INFO  server.RaftServer$Division (RaftServerImpl.java:requestVote(1389)) - f44971dd-a974-44f1-968d-f8ef2d671d75@group-AF88B31BBEE2: receive requestVote(PRE_VOTE, ec6898a0-344d-48d8-8a85-11fa109d489b, group-AF88B31BBEE2, 0, (t:0, i:0))
2024-02-06 10:04:23,606 [grpc-default-executor-3] INFO  impl.VoteContext (VoteContext.java:log(49)) - f44971dd-a974-44f1-968d-f8ef2d671d75@group-AF88B31BBEE2-FOLLOWER: reject PRE_VOTE from ec6898a0-344d-48d8-8a85-11fa109d489b: our priority 1 > candidate's priority 0
2024-02-06 10:04:23,606 [grpc-default-executor-3] INFO  server.RaftServer$Division (RaftServerImpl.java:requestVote(1422)) - f44971dd-a974-44f1-968d-f8ef2d671d75@group-AF88B31BBEE2 replies to PRE_VOTE vote request: ec6898a0-344d-48d8-8a85-11fa109d489b<-f44971dd-a974-44f1-968d-f8ef2d671d75#0:FAIL-t0. Peer's state: f44971dd-a974-44f1-968d-f8ef2d671d75@group-AF88B31BBEE2:t0, leader=null, voted=, raftlog=Memoized:f44971dd-a974-44f1-968d-f8ef2d671d75@group-AF88B31BBEE2-SegmentedRaftLog:OPENED:c-1, conf=-1: peers:[b79ed0a0-6c36-4ab9-80cb-79cc2b7dd541|10.1.0.5:15397, f44971dd-a974-44f1-968d-f8ef2d671d75|10.1.0.5:15415, ec6898a0-344d-48d8-8a85-11fa109d489b|10.1.0.5:15406]|listeners:[], old=null
2024-02-06 10:04:23,606 [grpc-default-executor-1] INFO  server.RaftServer$Division (RaftServerImpl.java:requestVote(1389)) - b79ed0a0-6c36-4ab9-80cb-79cc2b7dd541@group-AF88B31BBEE2: receive requestVote(PRE_VOTE, ec6898a0-344d-48d8-8a85-11fa109d489b, group-AF88B31BBEE2, 0, (t:0, i:0))
2024-02-06 10:04:23,608 [f44971dd-a974-44f1-968d-f8ef2d671d75@group-AF88B31BBEE2-FollowerState] INFO  impl.FollowerState (FollowerState.java:run(143)) - f44971dd-a974-44f1-968d-f8ef2d671d75@group-AF88B31BBEE2-FollowerState: change to CANDIDATE, lastRpcElapsedTime:5044957230ns, electionTimeout:5043ms
2024-02-06 10:04:23,608 [grpc-default-executor-1] INFO  impl.VoteContext (VoteContext.java:log(49)) - b79ed0a0-6c36-4ab9-80cb-79cc2b7dd541@group-AF88B31BBEE2-FOLLOWER: accept PRE_VOTE from ec6898a0-344d-48d8-8a85-11fa109d489b: our priority 0 <= candidate's priority 0
2024-02-06 10:04:23,608 [f44971dd-a974-44f1-968d-f8ef2d671d75@group-AF88B31BBEE2-FollowerState] INFO  impl.RoleInfo (RoleInfo.java:shutdownFollowerState(110)) - f44971dd-a974-44f1-968d-f8ef2d671d75: shutdown f44971dd-a974-44f1-968d-f8ef2d671d75@group-AF88B31BBEE2-FollowerState
2024-02-06 10:04:23,608 [grpc-default-executor-1] INFO  server.RaftServer$Division (RaftServerImpl.java:requestVote(1422)) - b79ed0a0-6c36-4ab9-80cb-79cc2b7dd541@group-AF88B31BBEE2 replies to PRE_VOTE vote request: ec6898a0-344d-48d8-8a85-11fa109d489b<-b79ed0a0-6c36-4ab9-80cb-79cc2b7dd541#0:OK-t0. Peer's state: b79ed0a0-6c36-4ab9-80cb-79cc2b7dd541@group-AF88B31BBEE2:t0, leader=null, voted=, raftlog=Memoized:b79ed0a0-6c36-4ab9-80cb-79cc2b7dd541@group-AF88B31BBEE2-SegmentedRaftLog:OPENED:c-1, conf=-1: peers:[b79ed0a0-6c36-4ab9-80cb-79cc2b7dd541|10.1.0.5:15397, f44971dd-a974-44f1-968d-f8ef2d671d75|10.1.0.5:15415, ec6898a0-344d-48d8-8a85-11fa109d489b|10.1.0.5:15406]|listeners:[], old=null
2024-02-06 10:04:23,609 [ec6898a0-344d-48d8-8a85-11fa109d489b@group-AF88B31BBEE2-LeaderElection70] INFO  impl.LeaderElection (LeaderElection.java:logAndReturn(89)) - ec6898a0-344d-48d8-8a85-11fa109d489b@group-AF88B31BBEE2-LeaderElection70: PRE_VOTE REJECTED received 1 response(s) and 0 exception(s):
2024-02-06 10:04:23,609 [f44971dd-a974-44f1-968d-f8ef2d671d75@group-AF88B31BBEE2-FollowerState] INFO  server.RaftServer$Division (RaftServerImpl.java:setRole(383)) - f44971dd-a974-44f1-968d-f8ef2d671d75@group-AF88B31BBEE2: changes role from  FOLLOWER to CANDIDATE at term 0 for changeToCandidate
2024-02-06 10:04:23,610 [f44971dd-a974-44f1-968d-f8ef2d671d75@group-AF88B31BBEE2-FollowerState] INFO  server.RaftServerConfigKeys (ConfUtils.java:logGet(46)) - raft.server.leaderelection.pre-vote = true (default)
2024-02-06 10:04:23,610 [f44971dd-a974-44f1-968d-f8ef2d671d75@group-AF88B31BBEE2-FollowerState] INFO  impl.RoleInfo (RoleInfo.java:updateAndGet(139)) - f44971dd-a974-44f1-968d-f8ef2d671d75: start f44971dd-a974-44f1-968d-f8ef2d671d75@group-AF88B31BBEE2-LeaderElection71
2024-02-06 10:04:23,610 [ec6898a0-344d-48d8-8a85-11fa109d489b@group-AF88B31BBEE2-LeaderElection70] INFO  impl.LeaderElection (LeaderElection.java:logAndReturn(93)) -   Response 0: ec6898a0-344d-48d8-8a85-11fa109d489b<-f44971dd-a974-44f1-968d-f8ef2d671d75#0:FAIL-t0
2024-02-06 10:04:23,611 [ec6898a0-344d-48d8-8a85-11fa109d489b@group-AF88B31BBEE2-LeaderElection70] INFO  impl.LeaderElection (LeaderElection.java:askForVotes(323)) - ec6898a0-344d-48d8-8a85-11fa109d489b@group-AF88B31BBEE2-LeaderElection70 PRE_VOTE round 0: result REJECTED
2024-02-06 10:04:23,611 [ec6898a0-344d-48d8-8a85-11fa109d489b@group-AF88B31BBEE2-LeaderElection70] INFO  server.RaftServer$Division (RaftServerImpl.java:setRole(383)) - ec6898a0-344d-48d8-8a85-11fa109d489b@group-AF88B31BBEE2: changes role from CANDIDATE to FOLLOWER at term 0 for REJECTED
2024-02-06 10:04:23,611 [f44971dd-a974-44f1-968d-f8ef2d671d75@group-AF88B31BBEE2-LeaderElection71] INFO  impl.LeaderElection (LeaderElection.java:askForVotes(321)) - f44971dd-a974-44f1-968d-f8ef2d671d75@group-AF88B31BBEE2-LeaderElection71 PRE_VOTE round 0: submit vote requests at term 0 for -1: peers:[b79ed0a0-6c36-4ab9-80cb-79cc2b7dd541|10.1.0.5:15397, f44971dd-a974-44f1-968d-f8ef2d671d75|10.1.0.5:15415, ec6898a0-344d-48d8-8a85-11fa109d489b|10.1.0.5:15406]|listeners:[], old=null
2024-02-06 10:04:23,611 [ec6898a0-344d-48d8-8a85-11fa109d489b@group-AF88B31BBEE2-LeaderElection70] INFO  impl.RoleInfo (RoleInfo.java:shutdownLeaderElection(130)) - ec6898a0-344d-48d8-8a85-11fa109d489b: shutdown ec6898a0-344d-48d8-8a85-11fa109d489b@group-AF88B31BBEE2-LeaderElection70
2024-02-06 10:04:23,611 [ec6898a0-344d-48d8-8a85-11fa109d489b@group-AF88B31BBEE2-LeaderElection70] INFO  impl.RoleInfo (RoleInfo.java:updateAndGet(139)) - ec6898a0-344d-48d8-8a85-11fa109d489b: start ec6898a0-344d-48d8-8a85-11fa109d489b@group-AF88B31BBEE2-FollowerState
2024-02-06 10:04:23,611 [ec6898a0-344d-48d8-8a85-11fa109d489b@group-AF88B31BBEE2-LeaderElection70] INFO  server.RaftServer$Division (RaftServerImpl.java:setFirstElection(574)) - ec6898a0-344d-48d8-8a85-11fa109d489b@group-AF88B31BBEE2: set firstElectionSinceStartup to false for REJECTED
2024-02-06 10:04:23,612 [f44971dd-a974-44f1-968d-f8ef2d671d75@group-AF88B31BBEE2-LeaderElection71] INFO  server.RaftServerConfigKeys (ConfUtils.java:logFallback(53)) - raft.server.rpc.first-election.timeout.min = 5s (fallback to raft.server.rpc.timeout.min)
2024-02-06 10:04:23,612 [f44971dd-a974-44f1-968d-f8ef2d671d75@group-AF88B31BBEE2-LeaderElection71-2] INFO  server.GrpcServerProtocolClient (GrpcServerProtocolClient.java:<init>(65)) - Build channel for ec6898a0-344d-48d8-8a85-11fa109d489b|10.1.0.5:15406
2024-02-06 10:04:23,612 [f44971dd-a974-44f1-968d-f8ef2d671d75@group-AF88B31BBEE2-LeaderElection71-1] INFO  server.GrpcServerProtocolClient (GrpcServerProtocolClient.java:<init>(65)) - Build channel for b79ed0a0-6c36-4ab9-80cb-79cc2b7dd541|10.1.0.5:15397
2024-02-06 10:04:23,612 [f44971dd-a974-44f1-968d-f8ef2d671d75@group-AF88B31BBEE2-LeaderElection71] INFO  server.RaftServerConfigKeys (ConfUtils.java:logFallback(53)) - raft.server.rpc.first-election.timeout.max = 5200ms (fallback to raft.server.rpc.timeout.max)
2024-02-06 10:04:23,616 [grpc-default-executor-1] INFO  server.RaftServer$Division (RaftServerImpl.java:requestVote(1389)) - ec6898a0-344d-48d8-8a85-11fa109d489b@group-AF88B31BBEE2: receive requestVote(PRE_VOTE, f44971dd-a974-44f1-968d-f8ef2d671d75, group-AF88B31BBEE2, 0, (t:0, i:0))
2024-02-06 10:04:23,617 [grpc-default-executor-1] INFO  impl.VoteContext (VoteContext.java:log(49)) - ec6898a0-344d-48d8-8a85-11fa109d489b@group-AF88B31BBEE2-FOLLOWER: accept PRE_VOTE from f44971dd-a974-44f1-968d-f8ef2d671d75: our priority 0 <= candidate's priority 1
2024-02-06 10:04:23,617 [grpc-default-executor-1] INFO  server.RaftServer$Division (RaftServerImpl.java:requestVote(1422)) - ec6898a0-344d-48d8-8a85-11fa109d489b@group-AF88B31BBEE2 replies to PRE_VOTE vote request: f44971dd-a974-44f1-968d-f8ef2d671d75<-ec6898a0-344d-48d8-8a85-11fa109d489b#0:OK-t0. Peer's state: ec6898a0-344d-48d8-8a85-11fa109d489b@group-AF88B31BBEE2:t0, leader=null, voted=, raftlog=Memoized:ec6898a0-344d-48d8-8a85-11fa109d489b@group-AF88B31BBEE2-SegmentedRaftLog:OPENED:c-1, conf=-1: peers:[b79ed0a0-6c36-4ab9-80cb-79cc2b7dd541|10.1.0.5:15397, f44971dd-a974-44f1-968d-f8ef2d671d75|10.1.0.5:15415, ec6898a0-344d-48d8-8a85-11fa109d489b|10.1.0.5:15406]|listeners:[], old=null
2024-02-06 10:04:23,617 [grpc-default-executor-3] INFO  server.RaftServer$Division (RaftServerImpl.java:requestVote(1389)) - b79ed0a0-6c36-4ab9-80cb-79cc2b7dd541@group-AF88B31BBEE2: receive requestVote(PRE_VOTE, f44971dd-a974-44f1-968d-f8ef2d671d75, group-AF88B31BBEE2, 0, (t:0, i:0))
2024-02-06 10:04:23,618 [grpc-default-executor-3] INFO  impl.VoteContext (VoteContext.java:log(49)) - b79ed0a0-6c36-4ab9-80cb-79cc2b7dd541@group-AF88B31BBEE2-FOLLOWER: accept PRE_VOTE from f44971dd-a974-44f1-968d-f8ef2d671d75: our priority 0 <= candidate's priority 1
2024-02-06 10:04:23,618 [grpc-default-executor-3] INFO  server.RaftServer$Division (RaftServerImpl.java:requestVote(1422)) - b79ed0a0-6c36-4ab9-80cb-79cc2b7dd541@group-AF88B31BBEE2 replies to PRE_VOTE vote request: f44971dd-a974-44f1-968d-f8ef2d671d75<-b79ed0a0-6c36-4ab9-80cb-79cc2b7dd541#0:OK-t0. Peer's state: b79ed0a0-6c36-4ab9-80cb-79cc2b7dd541@group-AF88B31BBEE2:t0, leader=null, voted=, raftlog=Memoized:b79ed0a0-6c36-4ab9-80cb-79cc2b7dd541@group-AF88B31BBEE2-SegmentedRaftLog:OPENED:c-1, conf=-1: peers:[b79ed0a0-6c36-4ab9-80cb-79cc2b7dd541|10.1.0.5:15397, f44971dd-a974-44f1-968d-f8ef2d671d75|10.1.0.5:15415, ec6898a0-344d-48d8-8a85-11fa109d489b|10.1.0.5:15406]|listeners:[], old=null
2024-02-06 10:04:23,620 [f44971dd-a974-44f1-968d-f8ef2d671d75@group-AF88B31BBEE2-LeaderElection71] INFO  impl.LeaderElection (LeaderElection.java:logAndReturn(89)) - f44971dd-a974-44f1-968d-f8ef2d671d75@group-AF88B31BBEE2-LeaderElection71: PRE_VOTE PASSED received 1 response(s) and 0 exception(s):
2024-02-06 10:04:23,620 [f44971dd-a974-44f1-968d-f8ef2d671d75@group-AF88B31BBEE2-LeaderElection71] INFO  impl.LeaderElection (LeaderElection.java:logAndReturn(93)) -   Response 0: f44971dd-a974-44f1-968d-f8ef2d671d75<-b79ed0a0-6c36-4ab9-80cb-79cc2b7dd541#0:OK-t0
2024-02-06 10:04:23,620 [f44971dd-a974-44f1-968d-f8ef2d671d75@group-AF88B31BBEE2-LeaderElection71] INFO  impl.LeaderElection (LeaderElection.java:askForVotes(323)) - f44971dd-a974-44f1-968d-f8ef2d671d75@group-AF88B31BBEE2-LeaderElection71 PRE_VOTE round 0: result PASSED
2024-02-06 10:04:23,622 [f44971dd-a974-44f1-968d-f8ef2d671d75@group-AF88B31BBEE2-LeaderElection71] INFO  impl.LeaderElection (LeaderElection.java:askForVotes(321)) - f44971dd-a974-44f1-968d-f8ef2d671d75@group-AF88B31BBEE2-LeaderElection71 ELECTION round 0: submit vote requests at term 1 for -1: peers:[b79ed0a0-6c36-4ab9-80cb-79cc2b7dd541|10.1.0.5:15397, f44971dd-a974-44f1-968d-f8ef2d671d75|10.1.0.5:15415, ec6898a0-344d-48d8-8a85-11fa109d489b|10.1.0.5:15406]|listeners:[], old=null
2024-02-06 10:04:23,622 [f44971dd-a974-44f1-968d-f8ef2d671d75@group-AF88B31BBEE2-LeaderElection71] INFO  server.RaftServerConfigKeys (ConfUtils.java:logFallback(53)) - raft.server.rpc.first-election.timeout.min = 5s (fallback to raft.server.rpc.timeout.min)
2024-02-06 10:04:23,622 [f44971dd-a974-44f1-968d-f8ef2d671d75@group-AF88B31BBEE2-LeaderElection71] INFO  server.RaftServerConfigKeys (ConfUtils.java:logFallback(53)) - raft.server.rpc.first-election.timeout.max = 5200ms (fallback to raft.server.rpc.timeout.max)
2024-02-06 10:04:23,623 [grpc-default-executor-1] INFO  server.RaftServer$Division (RaftServerImpl.java:requestVote(1389)) - b79ed0a0-6c36-4ab9-80cb-79cc2b7dd541@group-AF88B31BBEE2: receive requestVote(ELECTION, f44971dd-a974-44f1-968d-f8ef2d671d75, group-AF88B31BBEE2, 1, (t:0, i:0))
2024-02-06 10:04:23,623 [grpc-default-executor-3] INFO  server.RaftServer$Division (RaftServerImpl.java:requestVote(1389)) - ec6898a0-344d-48d8-8a85-11fa109d489b@group-AF88B31BBEE2: receive requestVote(ELECTION, f44971dd-a974-44f1-968d-f8ef2d671d75, group-AF88B31BBEE2, 1, (t:0, i:0))
2024-02-06 10:04:23,623 [grpc-default-executor-1] INFO  impl.VoteContext (VoteContext.java:log(49)) - b79ed0a0-6c36-4ab9-80cb-79cc2b7dd541@group-AF88B31BBEE2-FOLLOWER: accept ELECTION from f44971dd-a974-44f1-968d-f8ef2d671d75: our priority 0 <= candidate's priority 1
2024-02-06 10:04:23,623 [grpc-default-executor-3] INFO  impl.VoteContext (VoteContext.java:log(49)) - ec6898a0-344d-48d8-8a85-11fa109d489b@group-AF88B31BBEE2-FOLLOWER: accept ELECTION from f44971dd-a974-44f1-968d-f8ef2d671d75: our priority 0 <= candidate's priority 1
2024-02-06 10:04:23,623 [grpc-default-executor-1] INFO  server.RaftServer$Division (RaftServerImpl.java:setRole(383)) - b79ed0a0-6c36-4ab9-80cb-79cc2b7dd541@group-AF88B31BBEE2: changes role from  FOLLOWER to FOLLOWER at term 1 for candidate:f44971dd-a974-44f1-968d-f8ef2d671d75
2024-02-06 10:04:23,623 [grpc-default-executor-1] INFO  impl.RoleInfo (RoleInfo.java:shutdownFollowerState(110)) - b79ed0a0-6c36-4ab9-80cb-79cc2b7dd541: shutdown b79ed0a0-6c36-4ab9-80cb-79cc2b7dd541@group-AF88B31BBEE2-FollowerState
2024-02-06 10:04:23,623 [grpc-default-executor-3] INFO  server.RaftServer$Division (RaftServerImpl.java:setRole(383)) - ec6898a0-344d-48d8-8a85-11fa109d489b@group-AF88B31BBEE2: changes role from  FOLLOWER to FOLLOWER at term 1 for candidate:f44971dd-a974-44f1-968d-f8ef2d671d75
2024-02-06 10:04:23,623 [b79ed0a0-6c36-4ab9-80cb-79cc2b7dd541@group-AF88B31BBEE2-FollowerState] INFO  impl.FollowerState (FollowerState.java:run(152)) - b79ed0a0-6c36-4ab9-80cb-79cc2b7dd541@group-AF88B31BBEE2-FollowerState was interrupted
2024-02-06 10:04:23,623 [grpc-default-executor-3] INFO  impl.RoleInfo (RoleInfo.java:shutdownFollowerState(110)) - ec6898a0-344d-48d8-8a85-11fa109d489b: shutdown ec6898a0-344d-48d8-8a85-11fa109d489b@group-AF88B31BBEE2-FollowerState
2024-02-06 10:04:23,623 [grpc-default-executor-1] INFO  impl.RoleInfo (RoleInfo.java:updateAndGet(139)) - b79ed0a0-6c36-4ab9-80cb-79cc2b7dd541: start b79ed0a0-6c36-4ab9-80cb-79cc2b7dd541@group-AF88B31BBEE2-FollowerState
2024-02-06 10:04:23,624 [grpc-default-executor-3] INFO  impl.RoleInfo (RoleInfo.java:updateAndGet(139)) - ec6898a0-344d-48d8-8a85-11fa109d489b: start ec6898a0-344d-48d8-8a85-11fa109d489b@group-AF88B31BBEE2-FollowerState
2024-02-06 10:04:23,624 [grpc-default-executor-1] INFO  server.RaftServer$Division (RaftServerImpl.java:setFirstElection(574)) - b79ed0a0-6c36-4ab9-80cb-79cc2b7dd541@group-AF88B31BBEE2: set firstElectionSinceStartup to false for candidate:f44971dd-a974-44f1-968d-f8ef2d671d75
2024-02-06 10:04:23,624 [ec6898a0-344d-48d8-8a85-11fa109d489b@group-AF88B31BBEE2-FollowerState] INFO  impl.FollowerState (FollowerState.java:run(152)) - ec6898a0-344d-48d8-8a85-11fa109d489b@group-AF88B31BBEE2-FollowerState was interrupted
2024-02-06 10:04:23,626 [grpc-default-executor-1] INFO  server.RaftServer$Division (RaftServerImpl.java:requestVote(1422)) - b79ed0a0-6c36-4ab9-80cb-79cc2b7dd541@group-AF88B31BBEE2 replies to ELECTION vote request: f44971dd-a974-44f1-968d-f8ef2d671d75<-b79ed0a0-6c36-4ab9-80cb-79cc2b7dd541#0:OK-t1. Peer's state: b79ed0a0-6c36-4ab9-80cb-79cc2b7dd541@group-AF88B31BBEE2:t1, leader=null, voted=f44971dd-a974-44f1-968d-f8ef2d671d75, raftlog=Memoized:b79ed0a0-6c36-4ab9-80cb-79cc2b7dd541@group-AF88B31BBEE2-SegmentedRaftLog:OPENED:c-1, conf=-1: peers:[b79ed0a0-6c36-4ab9-80cb-79cc2b7dd541|10.1.0.5:15397, f44971dd-a974-44f1-968d-f8ef2d671d75|10.1.0.5:15415, ec6898a0-344d-48d8-8a85-11fa109d489b|10.1.0.5:15406]|listeners:[], old=null
2024-02-06 10:04:23,627 [grpc-default-executor-3] INFO  server.RaftServer$Division (RaftServerImpl.java:requestVote(1422)) - ec6898a0-344d-48d8-8a85-11fa109d489b@group-AF88B31BBEE2 replies to ELECTION vote request: f44971dd-a974-44f1-968d-f8ef2d671d75<-ec6898a0-344d-48d8-8a85-11fa109d489b#0:OK-t1. Peer's state: ec6898a0-344d-48d8-8a85-11fa109d489b@group-AF88B31BBEE2:t1, leader=null, voted=f44971dd-a974-44f1-968d-f8ef2d671d75, raftlog=Memoized:ec6898a0-344d-48d8-8a85-11fa109d489b@group-AF88B31BBEE2-SegmentedRaftLog:OPENED:c-1, conf=-1: peers:[b79ed0a0-6c36-4ab9-80cb-79cc2b7dd541|10.1.0.5:15397, f44971dd-a974-44f1-968d-f8ef2d671d75|10.1.0.5:15415, ec6898a0-344d-48d8-8a85-11fa109d489b|10.1.0.5:15406]|listeners:[], old=null
2024-02-06 10:04:23,627 [f44971dd-a974-44f1-968d-f8ef2d671d75@group-AF88B31BBEE2-LeaderElection71] INFO  impl.LeaderElection (LeaderElection.java:logAndReturn(89)) - f44971dd-a974-44f1-968d-f8ef2d671d75@group-AF88B31BBEE2-LeaderElection71: ELECTION PASSED received 1 response(s) and 0 exception(s):
2024-02-06 10:04:23,627 [f44971dd-a974-44f1-968d-f8ef2d671d75@group-AF88B31BBEE2-LeaderElection71] INFO  impl.LeaderElection (LeaderElection.java:logAndReturn(93)) -   Response 0: f44971dd-a974-44f1-968d-f8ef2d671d75<-b79ed0a0-6c36-4ab9-80cb-79cc2b7dd541#0:OK-t1
2024-02-06 10:04:23,627 [f44971dd-a974-44f1-968d-f8ef2d671d75@group-AF88B31BBEE2-LeaderElection71] INFO  impl.LeaderElection (LeaderElection.java:askForVotes(323)) - f44971dd-a974-44f1-968d-f8ef2d671d75@group-AF88B31BBEE2-LeaderElection71 ELECTION round 0: result PASSED
2024-02-06 10:04:23,627 [f44971dd-a974-44f1-968d-f8ef2d671d75@group-AF88B31BBEE2-LeaderElection71] INFO  impl.RoleInfo (RoleInfo.java:shutdownLeaderElection(130)) - f44971dd-a974-44f1-968d-f8ef2d671d75: shutdown f44971dd-a974-44f1-968d-f8ef2d671d75@group-AF88B31BBEE2-LeaderElection71
2024-02-06 10:04:23,627 [f44971dd-a974-44f1-968d-f8ef2d671d75@group-AF88B31BBEE2-LeaderElection71] INFO  server.RaftServer$Division (RaftServerImpl.java:setRole(383)) - f44971dd-a974-44f1-968d-f8ef2d671d75@group-AF88B31BBEE2: changes role from CANDIDATE to LEADER at term 1 for changeToLeader
2024-02-06 10:04:23,627 [f44971dd-a974-44f1-968d-f8ef2d671d75@group-AF88B31BBEE2-LeaderElection71] INFO  server.RaftServerConfigKeys (ConfUtils.java:logGet(46)) - raft.server.staging.catchup.gap = 1000 (default)
2024-02-06 10:04:23,627 [f44971dd-a974-44f1-968d-f8ef2d671d75@group-AF88B31BBEE2-LeaderElection71] INFO  server.RaftServerConfigKeys (ConfUtils.java:logGet(46)) - raft.server.write.element-limit = 1024 (custom)
2024-02-06 10:04:23,627 [f44971dd-a974-44f1-968d-f8ef2d671d75@group-AF88B31BBEE2-LeaderElection71] INFO  server.RaftServerConfigKeys (ConfUtils.java:logGet(46)) - raft.server.write.byte-limit = 1024 M (=1073741824) (custom)
2024-02-06 10:04:23,628 [f44971dd-a974-44f1-968d-f8ef2d671d75@group-AF88B31BBEE2-LeaderElection71] INFO  server.RaftServerConfigKeys (ConfUtils.java:logGet(46)) - raft.server.watch.timeout = 3000ms (custom)
2024-02-06 10:04:23,628 [f44971dd-a974-44f1-968d-f8ef2d671d75@group-AF88B31BBEE2-LeaderElection71] INFO  server.RaftServerConfigKeys (ConfUtils.java:logGet(46)) - raft.server.watch.timeout.denomination = 1s (default)
2024-02-06 10:04:23,628 [f44971dd-a974-44f1-968d-f8ef2d671d75@group-AF88B31BBEE2-LeaderElection71] INFO  server.RaftServerConfigKeys (ConfUtils.java:logGet(46)) - raft.server.watch.element-limit = 65536 (default)
2024-02-06 10:04:23,628 [f44971dd-a974-44f1-968d-f8ef2d671d75@group-AF88B31BBEE2-LeaderElection71] INFO  server.RaftServerConfigKeys (ConfUtils.java:logGet(46)) - raft.server.read.leader.lease.enabled = false (default)
2024-02-06 10:04:23,628 [f44971dd-a974-44f1-968d-f8ef2d671d75@group-AF88B31BBEE2-LeaderElection71] INFO  server.RaftServerConfigKeys (ConfUtils.java:logGet(46)) - raft.server.read.leader.lease.timeout.ratio = 0.9 (default)
2024-02-06 10:04:23,628 [f44971dd-a974-44f1-968d-f8ef2d671d75@group-AF88B31BBEE2-LeaderElection71] INFO  server.RaftServerConfigKeys (ConfUtils.java:logGet(46)) - raft.server.rpc.timeout.min = 5s (custom)
2024-02-06 10:04:23,628 [f44971dd-a974-44f1-968d-f8ef2d671d75@group-AF88B31BBEE2-LeaderElection71] INFO  server.RaftServerConfigKeys (ConfUtils.java:logGet(46)) - raft.server.write.element-limit = 1024 (custom)
2024-02-06 10:04:23,628 [f44971dd-a974-44f1-968d-f8ef2d671d75@group-AF88B31BBEE2-LeaderElection71] INFO  server.RaftServerConfigKeys (ConfUtils.java:logGet(46)) - raft.server.write.follower.gap.ratio.max = -1.0 (default)
2024-02-06 10:04:23,628 [f44971dd-a974-44f1-968d-f8ef2d671d75@group-AF88B31BBEE2-LeaderElection71] INFO  server.RaftServerConfigKeys (ConfUtils.java:logGet(46)) - raft.server.log.appender.snapshot.chunk.size.max = 16MB (=16777216) (default)
2024-02-06 10:04:23,628 [f44971dd-a974-44f1-968d-f8ef2d671d75@group-AF88B31BBEE2-LeaderElection71] INFO  server.RaftServerConfigKeys (ConfUtils.java:logGet(46)) - raft.server.log.appender.buffer.byte-limit = 8388608 (custom)
2024-02-06 10:04:23,628 [f44971dd-a974-44f1-968d-f8ef2d671d75@group-AF88B31BBEE2-LeaderElection71] INFO  server.RaftServerConfigKeys (ConfUtils.java:logGet(46)) - raft.server.log.appender.buffer.element-limit = 1 (custom)
2024-02-06 10:04:23,629 [f44971dd-a974-44f1-968d-f8ef2d671d75@group-AF88B31BBEE2-LeaderElection71] INFO  server.RaftServerConfigKeys (ConfUtils.java:logGet(46)) - raft.server.log.appender.wait-time.min = 0ms (custom)
2024-02-06 10:04:23,629 [f44971dd-a974-44f1-968d-f8ef2d671d75@group-AF88B31BBEE2-LeaderElection71] INFO  grpc.GrpcConfigKeys (ConfUtils.java:logGet(46)) - raft.grpc.server.leader.outstanding.appends.max = 8 (default)
2024-02-06 10:04:23,629 [f44971dd-a974-44f1-968d-f8ef2d671d75@group-AF88B31BBEE2-LeaderElection71] INFO  server.RaftServerConfigKeys (ConfUtils.java:logGet(46)) - raft.server.rpc.request.timeout = 3000ms (default)
2024-02-06 10:04:23,629 [f44971dd-a974-44f1-968d-f8ef2d671d75@group-AF88B31BBEE2-LeaderElection71] INFO  grpc.GrpcConfigKeys (ConfUtils.java:logGet(46)) - raft.grpc.server.install_snapshot.request.element-limit = 8 (default)
2024-02-06 10:04:23,629 [f44971dd-a974-44f1-968d-f8ef2d671d75@group-AF88B31BBEE2-LeaderElection71] INFO  grpc.GrpcConfigKeys (ConfUtils.java:logGet(46)) - raft.grpc.server.install_snapshot.request.timeout = 3000ms (default)
2024-02-06 10:04:23,629 [f44971dd-a974-44f1-968d-f8ef2d671d75@group-AF88B31BBEE2-LeaderElection71] INFO  grpc.GrpcConfigKeys (ConfUtils.java:logGet(46)) - raft.grpc.server.log-message.batch.duration = 5s (default)
2024-02-06 10:04:23,629 [f44971dd-a974-44f1-968d-f8ef2d671d75@group-AF88B31BBEE2-LeaderElection71] INFO  server.RaftServerConfigKeys (ConfUtils.java:logGet(46)) - raft.server.log.appender.install.snapshot.enabled = false (custom)
2024-02-06 10:04:23,629 [f44971dd-a974-44f1-968d-f8ef2d671d75@group-AF88B31BBEE2-LeaderElection71] INFO  grpc.GrpcConfigKeys (ConfUtils.java:logGet(46)) - raft.grpc.server.heartbeat.channel = true (default)
2024-02-06 10:04:23,630 [f44971dd-a974-44f1-968d-f8ef2d671d75@group-AF88B31BBEE2-LeaderElection71] INFO  server.RaftServerConfigKeys (ConfUtils.java:logGet(46)) - raft.server.log.appender.snapshot.chunk.size.max = 16MB (=16777216) (default)
2024-02-06 10:04:23,630 [f44971dd-a974-44f1-968d-f8ef2d671d75@group-AF88B31BBEE2-LeaderElection71] INFO  server.RaftServerConfigKeys (ConfUtils.java:logGet(46)) - raft.server.log.appender.buffer.byte-limit = 8388608 (custom)
2024-02-06 10:04:23,630 [f44971dd-a974-44f1-968d-f8ef2d671d75@group-AF88B31BBEE2-LeaderElection71] INFO  server.RaftServerConfigKeys (ConfUtils.java:logGet(46)) - raft.server.log.appender.buffer.element-limit = 1 (custom)
2024-02-06 10:04:23,630 [f44971dd-a974-44f1-968d-f8ef2d671d75@group-AF88B31BBEE2-LeaderElection71] INFO  server.RaftServerConfigKeys (ConfUtils.java:logGet(46)) - raft.server.log.appender.wait-time.min = 0ms (custom)
2024-02-06 10:04:23,630 [f44971dd-a974-44f1-968d-f8ef2d671d75@group-AF88B31BBEE2-LeaderElection71] INFO  grpc.GrpcConfigKeys (ConfUtils.java:logGet(46)) - raft.grpc.server.leader.outstanding.appends.max = 8 (default)
2024-02-06 10:04:23,630 [f44971dd-a974-44f1-968d-f8ef2d671d75@group-AF88B31BBEE2-LeaderElection71] INFO  server.RaftServerConfigKeys (ConfUtils.java:logGet(46)) - raft.server.rpc.request.timeout = 3000ms (default)
2024-02-06 10:04:23,630 [f44971dd-a974-44f1-968d-f8ef2d671d75@group-AF88B31BBEE2-LeaderElection71] INFO  grpc.GrpcConfigKeys (ConfUtils.java:logGet(46)) - raft.grpc.server.install_snapshot.request.element-limit = 8 (default)
2024-02-06 10:04:23,630 [f44971dd-a974-44f1-968d-f8ef2d671d75@group-AF88B31BBEE2-LeaderElection71] INFO  grpc.GrpcConfigKeys (ConfUtils.java:logGet(46)) - raft.grpc.server.install_snapshot.request.timeout = 3000ms (default)
2024-02-06 10:04:23,630 [f44971dd-a974-44f1-968d-f8ef2d671d75@group-AF88B31BBEE2-LeaderElection71] INFO  grpc.GrpcConfigKeys (ConfUtils.java:logGet(46)) - raft.grpc.server.log-message.batch.duration = 5s (default)
2024-02-06 10:04:23,630 [f44971dd-a974-44f1-968d-f8ef2d671d75@group-AF88B31BBEE2-LeaderElection71] INFO  server.RaftServerConfigKeys (ConfUtils.java:logGet(46)) - raft.server.log.appender.install.snapshot.enabled = false (custom)
2024-02-06 10:04:23,630 [f44971dd-a974-44f1-968d-f8ef2d671d75@group-AF88B31BBEE2-LeaderElection71] INFO  grpc.GrpcConfigKeys (ConfUtils.java:logGet(46)) - raft.grpc.server.heartbeat.channel = true (default)
2024-02-06 10:04:23,631 [f44971dd-a974-44f1-968d-f8ef2d671d75@group-AF88B31BBEE2-LeaderElection71] INFO  impl.RoleInfo (RoleInfo.java:updateAndGet(139)) - f44971dd-a974-44f1-968d-f8ef2d671d75: start f44971dd-a974-44f1-968d-f8ef2d671d75@group-AF88B31BBEE2-LeaderStateImpl
2024-02-06 10:04:23,631 [f44971dd-a974-44f1-968d-f8ef2d671d75@group-AF88B31BBEE2-LeaderElection71] INFO  server.RaftServer$Division (RaftServerImpl.java:setFirstElection(574)) - f44971dd-a974-44f1-968d-f8ef2d671d75@group-AF88B31BBEE2: set firstElectionSinceStartup to false for becomeLeader
2024-02-06 10:04:23,631 [f44971dd-a974-44f1-968d-f8ef2d671d75@group-AF88B31BBEE2-LeaderElection71] INFO  ratis.XceiverServerRatis (XceiverServerRatis.java:handleLeaderChangedNotification(966)) - Leader change notification received for group: group-AF88B31BBEE2 with new leaderId: f44971dd-a974-44f1-968d-f8ef2d671d75
2024-02-06 10:04:23,631 [f44971dd-a974-44f1-968d-f8ef2d671d75@group-AF88B31BBEE2-LeaderElection71] INFO  server.RaftServer$Division (ServerState.java:setLeader(269)) - f44971dd-a974-44f1-968d-f8ef2d671d75@group-AF88B31BBEE2: change Leader from null to f44971dd-a974-44f1-968d-f8ef2d671d75 at term 1 for becomeLeader, leader elected after 5077ms
2024-02-06 10:04:23,631 [f44971dd-a974-44f1-968d-f8ef2d671d75@group-AF88B31BBEE2-LeaderElection71] INFO  segmented.SegmentedRaftLogWorker (SegmentedRaftLogWorker.java:startLogSegment(430)) - f44971dd-a974-44f1-968d-f8ef2d671d75@group-AF88B31BBEE2-SegmentedRaftLogWorker: Starting segment from index:0
2024-02-06 10:04:23,632 [f44971dd-a974-44f1-968d-f8ef2d671d75@group-AF88B31BBEE2-LeaderElection71] INFO  server.RaftServer$Division (ServerState.java:setRaftConf(386)) - f44971dd-a974-44f1-968d-f8ef2d671d75@group-AF88B31BBEE2: set configuration 0: peers:[b79ed0a0-6c36-4ab9-80cb-79cc2b7dd541|10.1.0.5:15397, f44971dd-a974-44f1-968d-f8ef2d671d75|10.1.0.5:15415, ec6898a0-344d-48d8-8a85-11fa109d489b|10.1.0.5:15406]|listeners:[], old=null
2024-02-06 10:04:23,633 [f44971dd-a974-44f1-968d-f8ef2d671d75@group-AF88B31BBEE2-SegmentedRaftLogWorker] INFO  segmented.BufferedWriteChannel (BufferedWriteChannel.java:open(62)) - open log_inprogress_0 at position 0
2024-02-06 10:04:23,633 [EventQueue-PipelineReportForPipelineReportHandler] INFO  pipeline.PipelineReportHandler (PipelineReportHandler.java:processPipelineReport(136)) - Opened pipeline PipelineID=80ec1573-1410-4521-97d2-af88b31bbee2
2024-02-06 10:04:23,639 [ec6898a0-344d-48d8-8a85-11fa109d489b-server-thread1] INFO  ratis.XceiverServerRatis (XceiverServerRatis.java:handleLeaderChangedNotification(966)) - Leader change notification received for group: group-AF88B31BBEE2 with new leaderId: f44971dd-a974-44f1-968d-f8ef2d671d75
2024-02-06 10:04:23,639 [ec6898a0-344d-48d8-8a85-11fa109d489b-server-thread1] INFO  server.RaftServer$Division (ServerState.java:setLeader(269)) - ec6898a0-344d-48d8-8a85-11fa109d489b@group-AF88B31BBEE2: change Leader from null to f44971dd-a974-44f1-968d-f8ef2d671d75 at term 1 for appendEntries, leader elected after 5112ms
2024-02-06 10:04:23,640 [ec6898a0-344d-48d8-8a85-11fa109d489b-server-thread2] INFO  server.RaftServer$Division (ServerState.java:setRaftConf(386)) - ec6898a0-344d-48d8-8a85-11fa109d489b@group-AF88B31BBEE2: set configuration 0: peers:[b79ed0a0-6c36-4ab9-80cb-79cc2b7dd541|10.1.0.5:15397, f44971dd-a974-44f1-968d-f8ef2d671d75|10.1.0.5:15415, ec6898a0-344d-48d8-8a85-11fa109d489b|10.1.0.5:15406]|listeners:[], old=null
2024-02-06 10:04:23,640 [ec6898a0-344d-48d8-8a85-11fa109d489b-server-thread2] INFO  segmented.SegmentedRaftLogWorker (SegmentedRaftLogWorker.java:startLogSegment(430)) - ec6898a0-344d-48d8-8a85-11fa109d489b@group-AF88B31BBEE2-SegmentedRaftLogWorker: Starting segment from index:0
2024-02-06 10:04:23,640 [b79ed0a0-6c36-4ab9-80cb-79cc2b7dd541-server-thread1] INFO  ratis.XceiverServerRatis (XceiverServerRatis.java:handleLeaderChangedNotification(966)) - Leader change notification received for group: group-AF88B31BBEE2 with new leaderId: f44971dd-a974-44f1-968d-f8ef2d671d75
2024-02-06 10:04:23,641 [b79ed0a0-6c36-4ab9-80cb-79cc2b7dd541-server-thread1] INFO  server.RaftServer$Division (ServerState.java:setLeader(269)) - b79ed0a0-6c36-4ab9-80cb-79cc2b7dd541@group-AF88B31BBEE2: change Leader from null to f44971dd-a974-44f1-968d-f8ef2d671d75 at term 1 for appendEntries, leader elected after 5138ms
2024-02-06 10:04:23,641 [ec6898a0-344d-48d8-8a85-11fa109d489b@group-AF88B31BBEE2-SegmentedRaftLogWorker] INFO  segmented.BufferedWriteChannel (BufferedWriteChannel.java:open(62)) - open log_inprogress_0 at position 0
2024-02-06 10:04:23,642 [b79ed0a0-6c36-4ab9-80cb-79cc2b7dd541-server-thread2] INFO  server.RaftServer$Division (ServerState.java:setRaftConf(386)) - b79ed0a0-6c36-4ab9-80cb-79cc2b7dd541@group-AF88B31BBEE2: set configuration 0: peers:[b79ed0a0-6c36-4ab9-80cb-79cc2b7dd541|10.1.0.5:15397, f44971dd-a974-44f1-968d-f8ef2d671d75|10.1.0.5:15415, ec6898a0-344d-48d8-8a85-11fa109d489b|10.1.0.5:15406]|listeners:[], old=null
2024-02-06 10:04:23,642 [b79ed0a0-6c36-4ab9-80cb-79cc2b7dd541-server-thread2] INFO  segmented.SegmentedRaftLogWorker (SegmentedRaftLogWorker.java:startLogSegment(430)) - b79ed0a0-6c36-4ab9-80cb-79cc2b7dd541@group-AF88B31BBEE2-SegmentedRaftLogWorker: Starting segment from index:0
2024-02-06 10:04:23,642 [b79ed0a0-6c36-4ab9-80cb-79cc2b7dd541@group-AF88B31BBEE2-SegmentedRaftLogWorker] INFO  segmented.BufferedWriteChannel (BufferedWriteChannel.java:open(62)) - open log_inprogress_0 at position 0
2024-02-06 10:04:23,643 [f44971dd-a974-44f1-968d-f8ef2d671d75@group-AF88B31BBEE2-SegmentedRaftLogWorker] INFO  segmented.SegmentedRaftLogWorker (SegmentedRaftLogWorker.java:execute(634)) - f44971dd-a974-44f1-968d-f8ef2d671d75@group-AF88B31BBEE2-SegmentedRaftLogWorker: created new log segment /home/runner/work/ozone/ozone/hadoop-ozone/integration-test/target/test-dir/MiniOzoneClusterImpl-0ae4c21d-b8eb-4e36-9639-963ec8fb7de7/datanode-5/data/ratis/80ec1573-1410-4521-97d2-af88b31bbee2/current/log_inprogress_0
2024-02-06 10:04:23,653 [ec6898a0-344d-48d8-8a85-11fa109d489b@group-AF88B31BBEE2-SegmentedRaftLogWorker] INFO  segmented.SegmentedRaftLogWorker (SegmentedRaftLogWorker.java:execute(634)) - ec6898a0-344d-48d8-8a85-11fa109d489b@group-AF88B31BBEE2-SegmentedRaftLogWorker: created new log segment /home/runner/work/ozone/ozone/hadoop-ozone/integration-test/target/test-dir/MiniOzoneClusterImpl-0ae4c21d-b8eb-4e36-9639-963ec8fb7de7/datanode-4/data/ratis/80ec1573-1410-4521-97d2-af88b31bbee2/current/log_inprogress_0
2024-02-06 10:04:23,654 [b79ed0a0-6c36-4ab9-80cb-79cc2b7dd541@group-AF88B31BBEE2-SegmentedRaftLogWorker] INFO  segmented.SegmentedRaftLogWorker (SegmentedRaftLogWorker.java:execute(634)) - b79ed0a0-6c36-4ab9-80cb-79cc2b7dd541@group-AF88B31BBEE2-SegmentedRaftLogWorker: created new log segment /home/runner/work/ozone/ozone/hadoop-ozone/integration-test/target/test-dir/MiniOzoneClusterImpl-0ae4c21d-b8eb-4e36-9639-963ec8fb7de7/datanode-3/data/ratis/80ec1573-1410-4521-97d2-af88b31bbee2/current/log_inprogress_0
2024-02-06 10:04:23,656 [f44971dd-a974-44f1-968d-f8ef2d671d75@group-AF88B31BBEE2-StateMachineUpdater] INFO  server.RaftServer$Division (LeaderStateImpl.java:isApplied(320)) - leader is ready since appliedIndex == 0 >= startIndex == 0
2024-02-06 10:04:23,774 [ec6898a0-344d-48d8-8a85-11fa109d489b@group-8A03B379FAE5-FollowerState] INFO  impl.FollowerState (FollowerState.java:run(143)) - ec6898a0-344d-48d8-8a85-11fa109d489b@group-8A03B379FAE5-FollowerState: change to CANDIDATE, lastRpcElapsedTime:5168484071ns, electionTimeout:5168ms
2024-02-06 10:04:23,774 [ec6898a0-344d-48d8-8a85-11fa109d489b@group-8A03B379FAE5-FollowerState] INFO  impl.RoleInfo (RoleInfo.java:shutdownFollowerState(110)) - ec6898a0-344d-48d8-8a85-11fa109d489b: shutdown ec6898a0-344d-48d8-8a85-11fa109d489b@group-8A03B379FAE5-FollowerState
2024-02-06 10:04:23,775 [ec6898a0-344d-48d8-8a85-11fa109d489b@group-8A03B379FAE5-FollowerState] INFO  server.RaftServer$Division (RaftServerImpl.java:setRole(383)) - ec6898a0-344d-48d8-8a85-11fa109d489b@group-8A03B379FAE5: changes role from  FOLLOWER to CANDIDATE at term 0 for changeToCandidate
2024-02-06 10:04:23,775 [ec6898a0-344d-48d8-8a85-11fa109d489b@group-8A03B379FAE5-FollowerState] INFO  server.RaftServerConfigKeys (ConfUtils.java:logGet(46)) - raft.server.leaderelection.pre-vote = true (default)
2024-02-06 10:04:23,775 [ec6898a0-344d-48d8-8a85-11fa109d489b@group-8A03B379FAE5-FollowerState] INFO  impl.RoleInfo (RoleInfo.java:updateAndGet(139)) - ec6898a0-344d-48d8-8a85-11fa109d489b: start ec6898a0-344d-48d8-8a85-11fa109d489b@group-8A03B379FAE5-LeaderElection72
2024-02-06 10:04:23,777 [ec6898a0-344d-48d8-8a85-11fa109d489b@group-8A03B379FAE5-LeaderElection72] INFO  impl.LeaderElection (LeaderElection.java:askForVotes(321)) - ec6898a0-344d-48d8-8a85-11fa109d489b@group-8A03B379FAE5-LeaderElection72 PRE_VOTE round 0: submit vote requests at term 0 for -1: peers:[ec6898a0-344d-48d8-8a85-11fa109d489b|10.1.0.5:15406]|listeners:[], old=null
2024-02-06 10:04:23,777 [ec6898a0-344d-48d8-8a85-11fa109d489b@group-8A03B379FAE5-LeaderElection72] INFO  impl.LeaderElection (LeaderElection.java:askForVotes(323)) - ec6898a0-344d-48d8-8a85-11fa109d489b@group-8A03B379FAE5-LeaderElection72 PRE_VOTE round 0: result PASSED (term=0)
2024-02-06 10:04:23,778 [ec6898a0-344d-48d8-8a85-11fa109d489b@group-8A03B379FAE5-LeaderElection72] INFO  impl.LeaderElection (LeaderElection.java:askForVotes(321)) - ec6898a0-344d-48d8-8a85-11fa109d489b@group-8A03B379FAE5-LeaderElection72 ELECTION round 0: submit vote requests at term 1 for -1: peers:[ec6898a0-344d-48d8-8a85-11fa109d489b|10.1.0.5:15406]|listeners:[], old=null
2024-02-06 10:04:23,778 [ec6898a0-344d-48d8-8a85-11fa109d489b@group-8A03B379FAE5-LeaderElection72] INFO  impl.LeaderElection (LeaderElection.java:askForVotes(323)) - ec6898a0-344d-48d8-8a85-11fa109d489b@group-8A03B379FAE5-LeaderElection72 ELECTION round 0: result PASSED (term=1)
2024-02-06 10:04:23,778 [ec6898a0-344d-48d8-8a85-11fa109d489b@group-8A03B379FAE5-LeaderElection72] INFO  impl.RoleInfo (RoleInfo.java:shutdownLeaderElection(130)) - ec6898a0-344d-48d8-8a85-11fa109d489b: shutdown ec6898a0-344d-48d8-8a85-11fa109d489b@group-8A03B379FAE5-LeaderElection72
2024-02-06 10:04:23,778 [ec6898a0-344d-48d8-8a85-11fa109d489b@group-8A03B379FAE5-LeaderElection72] INFO  server.RaftServer$Division (RaftServerImpl.java:setRole(383)) - ec6898a0-344d-48d8-8a85-11fa109d489b@group-8A03B379FAE5: changes role from CANDIDATE to LEADER at term 1 for changeToLeader
2024-02-06 10:04:23,778 [ec6898a0-344d-48d8-8a85-11fa109d489b@group-8A03B379FAE5-LeaderElection72] INFO  server.RaftServerConfigKeys (ConfUtils.java:logGet(46)) - raft.server.staging.catchup.gap = 1000 (default)
2024-02-06 10:04:23,778 [ec6898a0-344d-48d8-8a85-11fa109d489b@group-8A03B379FAE5-LeaderElection72] INFO  server.RaftServerConfigKeys (ConfUtils.java:logGet(46)) - raft.server.write.element-limit = 1024 (custom)
2024-02-06 10:04:23,778 [ec6898a0-344d-48d8-8a85-11fa109d489b@group-8A03B379FAE5-LeaderElection72] INFO  server.RaftServerConfigKeys (ConfUtils.java:logGet(46)) - raft.server.write.byte-limit = 1024 M (=1073741824) (custom)
2024-02-06 10:04:23,779 [ec6898a0-344d-48d8-8a85-11fa109d489b@group-8A03B379FAE5-LeaderElection72] INFO  server.RaftServerConfigKeys (ConfUtils.java:logGet(46)) - raft.server.watch.timeout = 3000ms (custom)
2024-02-06 10:04:23,779 [ec6898a0-344d-48d8-8a85-11fa109d489b@group-8A03B379FAE5-LeaderElection72] INFO  server.RaftServerConfigKeys (ConfUtils.java:logGet(46)) - raft.server.watch.timeout.denomination = 1s (default)
2024-02-06 10:04:23,779 [ec6898a0-344d-48d8-8a85-11fa109d489b@group-8A03B379FAE5-LeaderElection72] INFO  server.RaftServerConfigKeys (ConfUtils.java:logGet(46)) - raft.server.watch.element-limit = 65536 (default)
2024-02-06 10:04:23,779 [ec6898a0-344d-48d8-8a85-11fa109d489b@group-8A03B379FAE5-LeaderElection72] INFO  server.RaftServerConfigKeys (ConfUtils.java:logGet(46)) - raft.server.read.leader.lease.enabled = false (default)
2024-02-06 10:04:23,779 [ec6898a0-344d-48d8-8a85-11fa109d489b@group-8A03B379FAE5-LeaderElection72] INFO  server.RaftServerConfigKeys (ConfUtils.java:logGet(46)) - raft.server.read.leader.lease.timeout.ratio = 0.9 (default)
2024-02-06 10:04:23,779 [ec6898a0-344d-48d8-8a85-11fa109d489b@group-8A03B379FAE5-LeaderElection72] INFO  server.RaftServerConfigKeys (ConfUtils.java:logGet(46)) - raft.server.rpc.timeout.min = 5s (custom)
2024-02-06 10:04:23,779 [ec6898a0-344d-48d8-8a85-11fa109d489b@group-8A03B379FAE5-LeaderElection72] INFO  server.RaftServerConfigKeys (ConfUtils.java:logGet(46)) - raft.server.write.element-limit = 1024 (custom)
2024-02-06 10:04:23,779 [ec6898a0-344d-48d8-8a85-11fa109d489b@group-8A03B379FAE5-LeaderElection72] INFO  server.RaftServerConfigKeys (ConfUtils.java:logGet(46)) - raft.server.write.follower.gap.ratio.max = -1.0 (default)
2024-02-06 10:04:23,779 [ec6898a0-344d-48d8-8a85-11fa109d489b@group-8A03B379FAE5-LeaderElection72] INFO  impl.RoleInfo (RoleInfo.java:updateAndGet(139)) - ec6898a0-344d-48d8-8a85-11fa109d489b: start ec6898a0-344d-48d8-8a85-11fa109d489b@group-8A03B379FAE5-LeaderStateImpl
2024-02-06 10:04:23,779 [ec6898a0-344d-48d8-8a85-11fa109d489b@group-8A03B379FAE5-LeaderElection72] INFO  server.RaftServer$Division (RaftServerImpl.java:setFirstElection(574)) - ec6898a0-344d-48d8-8a85-11fa109d489b@group-8A03B379FAE5: set firstElectionSinceStartup to false for becomeLeader
2024-02-06 10:04:23,779 [ec6898a0-344d-48d8-8a85-11fa109d489b@group-8A03B379FAE5-LeaderElection72] INFO  ratis.XceiverServerRatis (XceiverServerRatis.java:handleLeaderChangedNotification(966)) - Leader change notification received for group: group-8A03B379FAE5 with new leaderId: ec6898a0-344d-48d8-8a85-11fa109d489b
2024-02-06 10:04:23,779 [ec6898a0-344d-48d8-8a85-11fa109d489b@group-8A03B379FAE5-LeaderElection72] INFO  server.RaftServer$Division (ServerState.java:setLeader(269)) - ec6898a0-344d-48d8-8a85-11fa109d489b@group-8A03B379FAE5: change Leader from null to ec6898a0-344d-48d8-8a85-11fa109d489b at term 1 for becomeLeader, leader elected after 5182ms
2024-02-06 10:04:23,779 [ec6898a0-344d-48d8-8a85-11fa109d489b@group-8A03B379FAE5-LeaderElection72] INFO  segmented.SegmentedRaftLogWorker (SegmentedRaftLogWorker.java:startLogSegment(430)) - ec6898a0-344d-48d8-8a85-11fa109d489b@group-8A03B379FAE5-SegmentedRaftLogWorker: Starting segment from index:0
2024-02-06 10:04:23,780 [ec6898a0-344d-48d8-8a85-11fa109d489b@group-8A03B379FAE5-LeaderElection72] INFO  server.RaftServer$Division (ServerState.java:setRaftConf(386)) - ec6898a0-344d-48d8-8a85-11fa109d489b@group-8A03B379FAE5: set configuration 0: peers:[ec6898a0-344d-48d8-8a85-11fa109d489b|10.1.0.5:15406]|listeners:[], old=null
2024-02-06 10:04:23,780 [ec6898a0-344d-48d8-8a85-11fa109d489b@group-8A03B379FAE5-SegmentedRaftLogWorker] INFO  segmented.BufferedWriteChannel (BufferedWriteChannel.java:open(62)) - open log_inprogress_0 at position 0
2024-02-06 10:04:23,787 [ec6898a0-344d-48d8-8a85-11fa109d489b@group-8A03B379FAE5-SegmentedRaftLogWorker] INFO  segmented.SegmentedRaftLogWorker (SegmentedRaftLogWorker.java:execute(634)) - ec6898a0-344d-48d8-8a85-11fa109d489b@group-8A03B379FAE5-SegmentedRaftLogWorker: created new log segment /home/runner/work/ozone/ozone/hadoop-ozone/integration-test/target/test-dir/MiniOzoneClusterImpl-0ae4c21d-b8eb-4e36-9639-963ec8fb7de7/datanode-4/data/ratis/e116d9dc-e2e1-40c6-bcbd-8a03b379fae5/current/log_inprogress_0
2024-02-06 10:04:23,789 [ec6898a0-344d-48d8-8a85-11fa109d489b@group-8A03B379FAE5-StateMachineUpdater] INFO  server.RaftServer$Division (LeaderStateImpl.java:isApplied(320)) - leader is ready since appliedIndex == 0 >= startIndex == 0
2024-02-06 10:04:23,824 [f44971dd-a974-44f1-968d-f8ef2d671d75@group-3BD42F5543F3-FollowerState] INFO  impl.FollowerState (FollowerState.java:run(143)) - f44971dd-a974-44f1-968d-f8ef2d671d75@group-3BD42F5543F3-FollowerState: change to CANDIDATE, lastRpcElapsedTime:5119424294ns, electionTimeout:5119ms
2024-02-06 10:04:23,824 [f44971dd-a974-44f1-968d-f8ef2d671d75@group-3BD42F5543F3-FollowerState] INFO  impl.RoleInfo (RoleInfo.java:shutdownFollowerState(110)) - f44971dd-a974-44f1-968d-f8ef2d671d75: shutdown f44971dd-a974-44f1-968d-f8ef2d671d75@group-3BD42F5543F3-FollowerState
2024-02-06 10:04:23,824 [f44971dd-a974-44f1-968d-f8ef2d671d75@group-3BD42F5543F3-FollowerState] INFO  server.RaftServer$Division (RaftServerImpl.java:setRole(383)) - f44971dd-a974-44f1-968d-f8ef2d671d75@group-3BD42F5543F3: changes role from  FOLLOWER to CANDIDATE at term 0 for changeToCandidate
2024-02-06 10:04:23,824 [f44971dd-a974-44f1-968d-f8ef2d671d75@group-3BD42F5543F3-FollowerState] INFO  server.RaftServerConfigKeys (ConfUtils.java:logGet(46)) - raft.server.leaderelection.pre-vote = true (default)
2024-02-06 10:04:23,824 [f44971dd-a974-44f1-968d-f8ef2d671d75@group-3BD42F5543F3-FollowerState] INFO  impl.RoleInfo (RoleInfo.java:updateAndGet(139)) - f44971dd-a974-44f1-968d-f8ef2d671d75: start f44971dd-a974-44f1-968d-f8ef2d671d75@group-3BD42F5543F3-LeaderElection73
2024-02-06 10:04:23,826 [f44971dd-a974-44f1-968d-f8ef2d671d75@group-3BD42F5543F3-LeaderElection73] INFO  impl.LeaderElection (LeaderElection.java:askForVotes(321)) - f44971dd-a974-44f1-968d-f8ef2d671d75@group-3BD42F5543F3-LeaderElection73 PRE_VOTE round 0: submit vote requests at term 0 for -1: peers:[f44971dd-a974-44f1-968d-f8ef2d671d75|10.1.0.5:15415]|listeners:[], old=null
2024-02-06 10:04:23,826 [f44971dd-a974-44f1-968d-f8ef2d671d75@group-3BD42F5543F3-LeaderElection73] INFO  impl.LeaderElection (LeaderElection.java:askForVotes(323)) - f44971dd-a974-44f1-968d-f8ef2d671d75@group-3BD42F5543F3-LeaderElection73 PRE_VOTE round 0: result PASSED (term=0)
2024-02-06 10:04:23,827 [f44971dd-a974-44f1-968d-f8ef2d671d75@group-3BD42F5543F3-LeaderElection73] INFO  impl.LeaderElection (LeaderElection.java:askForVotes(321)) - f44971dd-a974-44f1-968d-f8ef2d671d75@group-3BD42F5543F3-LeaderElection73 ELECTION round 0: submit vote requests at term 1 for -1: peers:[f44971dd-a974-44f1-968d-f8ef2d671d75|10.1.0.5:15415]|listeners:[], old=null
2024-02-06 10:04:23,827 [f44971dd-a974-44f1-968d-f8ef2d671d75@group-3BD42F5543F3-LeaderElection73] INFO  impl.LeaderElection (LeaderElection.java:askForVotes(323)) - f44971dd-a974-44f1-968d-f8ef2d671d75@group-3BD42F5543F3-LeaderElection73 ELECTION round 0: result PASSED (term=1)
2024-02-06 10:04:23,828 [f44971dd-a974-44f1-968d-f8ef2d671d75@group-3BD42F5543F3-LeaderElection73] INFO  impl.RoleInfo (RoleInfo.java:shutdownLeaderElection(130)) - f44971dd-a974-44f1-968d-f8ef2d671d75: shutdown f44971dd-a974-44f1-968d-f8ef2d671d75@group-3BD42F5543F3-LeaderElection73
2024-02-06 10:04:23,828 [f44971dd-a974-44f1-968d-f8ef2d671d75@group-3BD42F5543F3-LeaderElection73] INFO  server.RaftServer$Division (RaftServerImpl.java:setRole(383)) - f44971dd-a974-44f1-968d-f8ef2d671d75@group-3BD42F5543F3: changes role from CANDIDATE to LEADER at term 1 for changeToLeader
2024-02-06 10:04:23,828 [f44971dd-a974-44f1-968d-f8ef2d671d75@group-3BD42F5543F3-LeaderElection73] INFO  server.RaftServerConfigKeys (ConfUtils.java:logGet(46)) - raft.server.staging.catchup.gap = 1000 (default)
2024-02-06 10:04:23,828 [f44971dd-a974-44f1-968d-f8ef2d671d75@group-3BD42F5543F3-LeaderElection73] INFO  server.RaftServerConfigKeys (ConfUtils.java:logGet(46)) - raft.server.write.element-limit = 1024 (custom)
2024-02-06 10:04:23,828 [f44971dd-a974-44f1-968d-f8ef2d671d75@group-3BD42F5543F3-LeaderElection73] INFO  server.RaftServerConfigKeys (ConfUtils.java:logGet(46)) - raft.server.write.byte-limit = 1024 M (=1073741824) (custom)
2024-02-06 10:04:23,828 [f44971dd-a974-44f1-968d-f8ef2d671d75@group-3BD42F5543F3-LeaderElection73] INFO  server.RaftServerConfigKeys (ConfUtils.java:logGet(46)) - raft.server.watch.timeout = 3000ms (custom)
2024-02-06 10:04:23,828 [f44971dd-a974-44f1-968d-f8ef2d671d75@group-3BD42F5543F3-LeaderElection73] INFO  server.RaftServerConfigKeys (ConfUtils.java:logGet(46)) - raft.server.watch.timeout.denomination = 1s (default)
2024-02-06 10:04:23,828 [f44971dd-a974-44f1-968d-f8ef2d671d75@group-3BD42F5543F3-LeaderElection73] INFO  server.RaftServerConfigKeys (ConfUtils.java:logGet(46)) - raft.server.watch.element-limit = 65536 (default)
2024-02-06 10:04:23,828 [f44971dd-a974-44f1-968d-f8ef2d671d75@group-3BD42F5543F3-LeaderElection73] INFO  server.RaftServerConfigKeys (ConfUtils.java:logGet(46)) - raft.server.read.leader.lease.enabled = false (default)
2024-02-06 10:04:23,828 [f44971dd-a974-44f1-968d-f8ef2d671d75@group-3BD42F5543F3-LeaderElection73] INFO  server.RaftServerConfigKeys (ConfUtils.java:logGet(46)) - raft.server.read.leader.lease.timeout.ratio = 0.9 (default)
2024-02-06 10:04:23,828 [f44971dd-a974-44f1-968d-f8ef2d671d75@group-3BD42F5543F3-LeaderElection73] INFO  server.RaftServerConfigKeys (ConfUtils.java:logGet(46)) - raft.server.rpc.timeout.min = 5s (custom)
2024-02-06 10:04:23,828 [f44971dd-a974-44f1-968d-f8ef2d671d75@group-3BD42F5543F3-LeaderElection73] INFO  server.RaftServerConfigKeys (ConfUtils.java:logGet(46)) - raft.server.write.element-limit = 1024 (custom)
2024-02-06 10:04:23,829 [f44971dd-a974-44f1-968d-f8ef2d671d75@group-3BD42F5543F3-LeaderElection73] INFO  server.RaftServerConfigKeys (ConfUtils.java:logGet(46)) - raft.server.write.follower.gap.ratio.max = -1.0 (default)
2024-02-06 10:04:23,829 [f44971dd-a974-44f1-968d-f8ef2d671d75@group-3BD42F5543F3-LeaderElection73] INFO  impl.RoleInfo (RoleInfo.java:updateAndGet(139)) - f44971dd-a974-44f1-968d-f8ef2d671d75: start f44971dd-a974-44f1-968d-f8ef2d671d75@group-3BD42F5543F3-LeaderStateImpl
2024-02-06 10:04:23,829 [f44971dd-a974-44f1-968d-f8ef2d671d75@group-3BD42F5543F3-LeaderElection73] INFO  server.RaftServer$Division (RaftServerImpl.java:setFirstElection(574)) - f44971dd-a974-44f1-968d-f8ef2d671d75@group-3BD42F5543F3: set firstElectionSinceStartup to false for becomeLeader
2024-02-06 10:04:23,829 [f44971dd-a974-44f1-968d-f8ef2d671d75@group-3BD42F5543F3-LeaderElection73] INFO  ratis.XceiverServerRatis (XceiverServerRatis.java:handleLeaderChangedNotification(966)) - Leader change notification received for group: group-3BD42F5543F3 with new leaderId: f44971dd-a974-44f1-968d-f8ef2d671d75
2024-02-06 10:04:23,829 [f44971dd-a974-44f1-968d-f8ef2d671d75@group-3BD42F5543F3-LeaderElection73] INFO  server.RaftServer$Division (ServerState.java:setLeader(269)) - f44971dd-a974-44f1-968d-f8ef2d671d75@group-3BD42F5543F3: change Leader from null to f44971dd-a974-44f1-968d-f8ef2d671d75 at term 1 for becomeLeader, leader elected after 5132ms
2024-02-06 10:04:23,829 [f44971dd-a974-44f1-968d-f8ef2d671d75@group-3BD42F5543F3-LeaderElection73] INFO  segmented.SegmentedRaftLogWorker (SegmentedRaftLogWorker.java:startLogSegment(430)) - f44971dd-a974-44f1-968d-f8ef2d671d75@group-3BD42F5543F3-SegmentedRaftLogWorker: Starting segment from index:0
2024-02-06 10:04:23,830 [f44971dd-a974-44f1-968d-f8ef2d671d75@group-3BD42F5543F3-LeaderElection73] INFO  server.RaftServer$Division (ServerState.java:setRaftConf(386)) - f44971dd-a974-44f1-968d-f8ef2d671d75@group-3BD42F5543F3: set configuration 0: peers:[f44971dd-a974-44f1-968d-f8ef2d671d75|10.1.0.5:15415]|listeners:[], old=null
2024-02-06 10:04:23,830 [f44971dd-a974-44f1-968d-f8ef2d671d75@group-3BD42F5543F3-SegmentedRaftLogWorker] INFO  segmented.BufferedWriteChannel (BufferedWriteChannel.java:open(62)) - open log_inprogress_0 at position 0
2024-02-06 10:04:23,837 [f44971dd-a974-44f1-968d-f8ef2d671d75@group-3BD42F5543F3-SegmentedRaftLogWorker] INFO  segmented.SegmentedRaftLogWorker (SegmentedRaftLogWorker.java:execute(634)) - f44971dd-a974-44f1-968d-f8ef2d671d75@group-3BD42F5543F3-SegmentedRaftLogWorker: created new log segment /home/runner/work/ozone/ozone/hadoop-ozone/integration-test/target/test-dir/MiniOzoneClusterImpl-0ae4c21d-b8eb-4e36-9639-963ec8fb7de7/datanode-5/data/ratis/6181edb0-3bea-4f4f-9bc8-3bd42f5543f3/current/log_inprogress_0
2024-02-06 10:04:23,838 [f44971dd-a974-44f1-968d-f8ef2d671d75@group-3BD42F5543F3-StateMachineUpdater] INFO  server.RaftServer$Division (LeaderStateImpl.java:isApplied(320)) - leader is ready since appliedIndex == 0 >= startIndex == 0
2024-02-06 10:04:23,898 [3978496b-7107-4711-aebb-7ffe7c8dd03a@group-57FFFF11CB9D-FollowerState] INFO  impl.FollowerState (FollowerState.java:run(143)) - 3978496b-7107-4711-aebb-7ffe7c8dd03a@group-57FFFF11CB9D-FollowerState: change to CANDIDATE, lastRpcElapsedTime:5088466886ns, electionTimeout:5088ms
2024-02-06 10:04:23,898 [3978496b-7107-4711-aebb-7ffe7c8dd03a@group-57FFFF11CB9D-FollowerState] INFO  impl.RoleInfo (RoleInfo.java:shutdownFollowerState(110)) - 3978496b-7107-4711-aebb-7ffe7c8dd03a: shutdown 3978496b-7107-4711-aebb-7ffe7c8dd03a@group-57FFFF11CB9D-FollowerState
2024-02-06 10:04:23,898 [3978496b-7107-4711-aebb-7ffe7c8dd03a@group-57FFFF11CB9D-FollowerState] INFO  server.RaftServer$Division (RaftServerImpl.java:setRole(383)) - 3978496b-7107-4711-aebb-7ffe7c8dd03a@group-57FFFF11CB9D: changes role from  FOLLOWER to CANDIDATE at term 0 for changeToCandidate
2024-02-06 10:04:23,898 [3978496b-7107-4711-aebb-7ffe7c8dd03a@group-57FFFF11CB9D-FollowerState] INFO  server.RaftServerConfigKeys (ConfUtils.java:logGet(46)) - raft.server.leaderelection.pre-vote = true (default)
2024-02-06 10:04:23,898 [3978496b-7107-4711-aebb-7ffe7c8dd03a@group-57FFFF11CB9D-FollowerState] INFO  impl.RoleInfo (RoleInfo.java:updateAndGet(139)) - 3978496b-7107-4711-aebb-7ffe7c8dd03a: start 3978496b-7107-4711-aebb-7ffe7c8dd03a@group-57FFFF11CB9D-LeaderElection74
2024-02-06 10:04:23,900 [3978496b-7107-4711-aebb-7ffe7c8dd03a@group-57FFFF11CB9D-LeaderElection74] INFO  impl.LeaderElection (LeaderElection.java:askForVotes(321)) - 3978496b-7107-4711-aebb-7ffe7c8dd03a@group-57FFFF11CB9D-LeaderElection74 PRE_VOTE round 0: submit vote requests at term 0 for -1: peers:[991f0bf8-3b66-4160-8c92-791fd313402a|10.1.0.5:15442, 3978496b-7107-4711-aebb-7ffe7c8dd03a|10.1.0.5:15424, a1fd6d11-0b72-4c96-8e55-07f63a3bc231|10.1.0.5:15433]|listeners:[], old=null
2024-02-06 10:04:23,900 [3978496b-7107-4711-aebb-7ffe7c8dd03a@group-57FFFF11CB9D-LeaderElection74-1] INFO  server.GrpcServerProtocolClient (GrpcServerProtocolClient.java:<init>(65)) - Build channel for 991f0bf8-3b66-4160-8c92-791fd313402a|10.1.0.5:15442
2024-02-06 10:04:23,900 [3978496b-7107-4711-aebb-7ffe7c8dd03a@group-57FFFF11CB9D-LeaderElection74-2] INFO  server.GrpcServerProtocolClient (GrpcServerProtocolClient.java:<init>(65)) - Build channel for a1fd6d11-0b72-4c96-8e55-07f63a3bc231|10.1.0.5:15433
2024-02-06 10:04:23,900 [3978496b-7107-4711-aebb-7ffe7c8dd03a@group-57FFFF11CB9D-LeaderElection74] INFO  server.RaftServerConfigKeys (ConfUtils.java:logFallback(53)) - raft.server.rpc.first-election.timeout.min = 5s (fallback to raft.server.rpc.timeout.min)
2024-02-06 10:04:23,901 [3978496b-7107-4711-aebb-7ffe7c8dd03a@group-57FFFF11CB9D-LeaderElection74] INFO  server.RaftServerConfigKeys (ConfUtils.java:logFallback(53)) - raft.server.rpc.first-election.timeout.max = 5200ms (fallback to raft.server.rpc.timeout.max)
2024-02-06 10:04:23,905 [grpc-default-executor-3] INFO  server.RaftServer$Division (RaftServerImpl.java:requestVote(1389)) - 991f0bf8-3b66-4160-8c92-791fd313402a@group-57FFFF11CB9D: receive requestVote(PRE_VOTE, 3978496b-7107-4711-aebb-7ffe7c8dd03a, group-57FFFF11CB9D, 0, (t:0, i:0))
2024-02-06 10:04:23,905 [grpc-default-executor-3] INFO  impl.VoteContext (VoteContext.java:log(49)) - 991f0bf8-3b66-4160-8c92-791fd313402a@group-57FFFF11CB9D-FOLLOWER: accept PRE_VOTE from 3978496b-7107-4711-aebb-7ffe7c8dd03a: our priority 0 <= candidate's priority 0
2024-02-06 10:04:23,905 [grpc-default-executor-3] INFO  server.RaftServer$Division (RaftServerImpl.java:requestVote(1422)) - 991f0bf8-3b66-4160-8c92-791fd313402a@group-57FFFF11CB9D replies to PRE_VOTE vote request: 3978496b-7107-4711-aebb-7ffe7c8dd03a<-991f0bf8-3b66-4160-8c92-791fd313402a#0:OK-t0. Peer's state: 991f0bf8-3b66-4160-8c92-791fd313402a@group-57FFFF11CB9D:t0, leader=null, voted=, raftlog=Memoized:991f0bf8-3b66-4160-8c92-791fd313402a@group-57FFFF11CB9D-SegmentedRaftLog:OPENED:c-1, conf=-1: peers:[991f0bf8-3b66-4160-8c92-791fd313402a|10.1.0.5:15442, 3978496b-7107-4711-aebb-7ffe7c8dd03a|10.1.0.5:15424, a1fd6d11-0b72-4c96-8e55-07f63a3bc231|10.1.0.5:15433]|listeners:[], old=null
2024-02-06 10:04:23,905 [grpc-default-executor-0] INFO  server.RaftServer$Division (RaftServerImpl.java:requestVote(1389)) - a1fd6d11-0b72-4c96-8e55-07f63a3bc231@group-57FFFF11CB9D: receive requestVote(PRE_VOTE, 3978496b-7107-4711-aebb-7ffe7c8dd03a, group-57FFFF11CB9D, 0, (t:0, i:0))
2024-02-06 10:04:23,905 [grpc-default-executor-0] INFO  impl.VoteContext (VoteContext.java:log(49)) - a1fd6d11-0b72-4c96-8e55-07f63a3bc231@group-57FFFF11CB9D-FOLLOWER: reject PRE_VOTE from 3978496b-7107-4711-aebb-7ffe7c8dd03a: our priority 1 > candidate's priority 0
2024-02-06 10:04:23,905 [grpc-default-executor-0] INFO  server.RaftServer$Division (RaftServerImpl.java:requestVote(1422)) - a1fd6d11-0b72-4c96-8e55-07f63a3bc231@group-57FFFF11CB9D replies to PRE_VOTE vote request: 3978496b-7107-4711-aebb-7ffe7c8dd03a<-a1fd6d11-0b72-4c96-8e55-07f63a3bc231#0:FAIL-t0. Peer's state: a1fd6d11-0b72-4c96-8e55-07f63a3bc231@group-57FFFF11CB9D:t0, leader=null, voted=, raftlog=Memoized:a1fd6d11-0b72-4c96-8e55-07f63a3bc231@group-57FFFF11CB9D-SegmentedRaftLog:OPENED:c-1, conf=-1: peers:[991f0bf8-3b66-4160-8c92-791fd313402a|10.1.0.5:15442, 3978496b-7107-4711-aebb-7ffe7c8dd03a|10.1.0.5:15424, a1fd6d11-0b72-4c96-8e55-07f63a3bc231|10.1.0.5:15433]|listeners:[], old=null
2024-02-06 10:04:23,908 [3978496b-7107-4711-aebb-7ffe7c8dd03a@group-57FFFF11CB9D-LeaderElection74] INFO  impl.LeaderElection (LeaderElection.java:logAndReturn(89)) - 3978496b-7107-4711-aebb-7ffe7c8dd03a@group-57FFFF11CB9D-LeaderElection74: PRE_VOTE REJECTED received 2 response(s) and 0 exception(s):
2024-02-06 10:04:23,908 [3978496b-7107-4711-aebb-7ffe7c8dd03a@group-57FFFF11CB9D-LeaderElection74] INFO  impl.LeaderElection (LeaderElection.java:logAndReturn(93)) -   Response 0: 3978496b-7107-4711-aebb-7ffe7c8dd03a<-991f0bf8-3b66-4160-8c92-791fd313402a#0:OK-t0
2024-02-06 10:04:23,908 [3978496b-7107-4711-aebb-7ffe7c8dd03a@group-57FFFF11CB9D-LeaderElection74] INFO  impl.LeaderElection (LeaderElection.java:logAndReturn(93)) -   Response 1: 3978496b-7107-4711-aebb-7ffe7c8dd03a<-a1fd6d11-0b72-4c96-8e55-07f63a3bc231#0:FAIL-t0
2024-02-06 10:04:23,908 [3978496b-7107-4711-aebb-7ffe7c8dd03a@group-57FFFF11CB9D-LeaderElection74] INFO  impl.LeaderElection (LeaderElection.java:askForVotes(323)) - 3978496b-7107-4711-aebb-7ffe7c8dd03a@group-57FFFF11CB9D-LeaderElection74 PRE_VOTE round 0: result REJECTED
2024-02-06 10:04:23,908 [3978496b-7107-4711-aebb-7ffe7c8dd03a@group-57FFFF11CB9D-LeaderElection74] INFO  server.RaftServer$Division (RaftServerImpl.java:setRole(383)) - 3978496b-7107-4711-aebb-7ffe7c8dd03a@group-57FFFF11CB9D: changes role from CANDIDATE to FOLLOWER at term 0 for REJECTED
2024-02-06 10:04:23,908 [3978496b-7107-4711-aebb-7ffe7c8dd03a@group-57FFFF11CB9D-LeaderElection74] INFO  impl.RoleInfo (RoleInfo.java:shutdownLeaderElection(130)) - 3978496b-7107-4711-aebb-7ffe7c8dd03a: shutdown 3978496b-7107-4711-aebb-7ffe7c8dd03a@group-57FFFF11CB9D-LeaderElection74
2024-02-06 10:04:23,908 [3978496b-7107-4711-aebb-7ffe7c8dd03a@group-57FFFF11CB9D-LeaderElection74] INFO  impl.RoleInfo (RoleInfo.java:updateAndGet(139)) - 3978496b-7107-4711-aebb-7ffe7c8dd03a: start 3978496b-7107-4711-aebb-7ffe7c8dd03a@group-57FFFF11CB9D-FollowerState
2024-02-06 10:04:23,908 [3978496b-7107-4711-aebb-7ffe7c8dd03a@group-57FFFF11CB9D-LeaderElection74] INFO  server.RaftServer$Division (RaftServerImpl.java:setFirstElection(574)) - 3978496b-7107-4711-aebb-7ffe7c8dd03a@group-57FFFF11CB9D: set firstElectionSinceStartup to false for REJECTED
2024-02-06 10:04:23,914 [3978496b-7107-4711-aebb-7ffe7c8dd03a@group-118574AA0AFC-FollowerState] INFO  impl.FollowerState (FollowerState.java:run(143)) - 3978496b-7107-4711-aebb-7ffe7c8dd03a@group-118574AA0AFC-FollowerState: change to CANDIDATE, lastRpcElapsedTime:5116047804ns, electionTimeout:5115ms
2024-02-06 10:04:23,914 [3978496b-7107-4711-aebb-7ffe7c8dd03a@group-118574AA0AFC-FollowerState] INFO  impl.RoleInfo (RoleInfo.java:shutdownFollowerState(110)) - 3978496b-7107-4711-aebb-7ffe7c8dd03a: shutdown 3978496b-7107-4711-aebb-7ffe7c8dd03a@group-118574AA0AFC-FollowerState
2024-02-06 10:04:23,914 [3978496b-7107-4711-aebb-7ffe7c8dd03a@group-118574AA0AFC-FollowerState] INFO  server.RaftServer$Division (RaftServerImpl.java:setRole(383)) - 3978496b-7107-4711-aebb-7ffe7c8dd03a@group-118574AA0AFC: changes role from  FOLLOWER to CANDIDATE at term 0 for changeToCandidate
2024-02-06 10:04:23,914 [3978496b-7107-4711-aebb-7ffe7c8dd03a@group-118574AA0AFC-FollowerState] INFO  server.RaftServerConfigKeys (ConfUtils.java:logGet(46)) - raft.server.leaderelection.pre-vote = true (default)
2024-02-06 10:04:23,914 [3978496b-7107-4711-aebb-7ffe7c8dd03a@group-118574AA0AFC-FollowerState] INFO  impl.RoleInfo (RoleInfo.java:updateAndGet(139)) - 3978496b-7107-4711-aebb-7ffe7c8dd03a: start 3978496b-7107-4711-aebb-7ffe7c8dd03a@group-118574AA0AFC-LeaderElection75
2024-02-06 10:04:23,915 [3978496b-7107-4711-aebb-7ffe7c8dd03a@group-118574AA0AFC-LeaderElection75] INFO  impl.LeaderElection (LeaderElection.java:askForVotes(321)) - 3978496b-7107-4711-aebb-7ffe7c8dd03a@group-118574AA0AFC-LeaderElection75 PRE_VOTE round 0: submit vote requests at term 0 for -1: peers:[3978496b-7107-4711-aebb-7ffe7c8dd03a|10.1.0.5:15424]|listeners:[], old=null
2024-02-06 10:04:23,916 [3978496b-7107-4711-aebb-7ffe7c8dd03a@group-118574AA0AFC-LeaderElection75] INFO  impl.LeaderElection (LeaderElection.java:askForVotes(323)) - 3978496b-7107-4711-aebb-7ffe7c8dd03a@group-118574AA0AFC-LeaderElection75 PRE_VOTE round 0: result PASSED (term=0)
2024-02-06 10:04:23,917 [3978496b-7107-4711-aebb-7ffe7c8dd03a@group-118574AA0AFC-LeaderElection75] INFO  impl.LeaderElection (LeaderElection.java:askForVotes(321)) - 3978496b-7107-4711-aebb-7ffe7c8dd03a@group-118574AA0AFC-LeaderElection75 ELECTION round 0: submit vote requests at term 1 for -1: peers:[3978496b-7107-4711-aebb-7ffe7c8dd03a|10.1.0.5:15424]|listeners:[], old=null
2024-02-06 10:04:23,917 [3978496b-7107-4711-aebb-7ffe7c8dd03a@group-118574AA0AFC-LeaderElection75] INFO  impl.LeaderElection (LeaderElection.java:askForVotes(323)) - 3978496b-7107-4711-aebb-7ffe7c8dd03a@group-118574AA0AFC-LeaderElection75 ELECTION round 0: result PASSED (term=1)
2024-02-06 10:04:23,917 [3978496b-7107-4711-aebb-7ffe7c8dd03a@group-118574AA0AFC-LeaderElection75] INFO  impl.RoleInfo (RoleInfo.java:shutdownLeaderElection(130)) - 3978496b-7107-4711-aebb-7ffe7c8dd03a: shutdown 3978496b-7107-4711-aebb-7ffe7c8dd03a@group-118574AA0AFC-LeaderElection75
2024-02-06 10:04:23,917 [3978496b-7107-4711-aebb-7ffe7c8dd03a@group-118574AA0AFC-LeaderElection75] INFO  server.RaftServer$Division (RaftServerImpl.java:setRole(383)) - 3978496b-7107-4711-aebb-7ffe7c8dd03a@group-118574AA0AFC: changes role from CANDIDATE to LEADER at term 1 for changeToLeader
2024-02-06 10:04:23,917 [3978496b-7107-4711-aebb-7ffe7c8dd03a@group-118574AA0AFC-LeaderElection75] INFO  server.RaftServerConfigKeys (ConfUtils.java:logGet(46)) - raft.server.staging.catchup.gap = 1000 (default)
2024-02-06 10:04:23,917 [3978496b-7107-4711-aebb-7ffe7c8dd03a@group-118574AA0AFC-LeaderElection75] INFO  server.RaftServerConfigKeys (ConfUtils.java:logGet(46)) - raft.server.write.element-limit = 1024 (custom)
2024-02-06 10:04:23,917 [3978496b-7107-4711-aebb-7ffe7c8dd03a@group-118574AA0AFC-LeaderElection75] INFO  server.RaftServerConfigKeys (ConfUtils.java:logGet(46)) - raft.server.write.byte-limit = 1024 M (=1073741824) (custom)
2024-02-06 10:04:23,917 [3978496b-7107-4711-aebb-7ffe7c8dd03a@group-118574AA0AFC-LeaderElection75] INFO  server.RaftServerConfigKeys (ConfUtils.java:logGet(46)) - raft.server.watch.timeout = 3000ms (custom)
2024-02-06 10:04:23,917 [3978496b-7107-4711-aebb-7ffe7c8dd03a@group-118574AA0AFC-LeaderElection75] INFO  server.RaftServerConfigKeys (ConfUtils.java:logGet(46)) - raft.server.watch.timeout.denomination = 1s (default)
2024-02-06 10:04:23,917 [3978496b-7107-4711-aebb-7ffe7c8dd03a@group-118574AA0AFC-LeaderElection75] INFO  server.RaftServerConfigKeys (ConfUtils.java:logGet(46)) - raft.server.watch.element-limit = 65536 (default)
2024-02-06 10:04:23,918 [3978496b-7107-4711-aebb-7ffe7c8dd03a@group-118574AA0AFC-LeaderElection75] INFO  server.RaftServerConfigKeys (ConfUtils.java:logGet(46)) - raft.server.read.leader.lease.enabled = false (default)
2024-02-06 10:04:23,918 [3978496b-7107-4711-aebb-7ffe7c8dd03a@group-118574AA0AFC-LeaderElection75] INFO  server.RaftServerConfigKeys (ConfUtils.java:logGet(46)) - raft.server.read.leader.lease.timeout.ratio = 0.9 (default)
2024-02-06 10:04:23,918 [3978496b-7107-4711-aebb-7ffe7c8dd03a@group-118574AA0AFC-LeaderElection75] INFO  server.RaftServerConfigKeys (ConfUtils.java:logGet(46)) - raft.server.rpc.timeout.min = 5s (custom)
2024-02-06 10:04:23,918 [3978496b-7107-4711-aebb-7ffe7c8dd03a@group-118574AA0AFC-LeaderElection75] INFO  server.RaftServerConfigKeys (ConfUtils.java:logGet(46)) - raft.server.write.element-limit = 1024 (custom)
2024-02-06 10:04:23,918 [3978496b-7107-4711-aebb-7ffe7c8dd03a@group-118574AA0AFC-LeaderElection75] INFO  server.RaftServerConfigKeys (ConfUtils.java:logGet(46)) - raft.server.write.follower.gap.ratio.max = -1.0 (default)
2024-02-06 10:04:23,918 [3978496b-7107-4711-aebb-7ffe7c8dd03a@group-118574AA0AFC-LeaderElection75] INFO  impl.RoleInfo (RoleInfo.java:updateAndGet(139)) - 3978496b-7107-4711-aebb-7ffe7c8dd03a: start 3978496b-7107-4711-aebb-7ffe7c8dd03a@group-118574AA0AFC-LeaderStateImpl
2024-02-06 10:04:23,918 [3978496b-7107-4711-aebb-7ffe7c8dd03a@group-118574AA0AFC-LeaderElection75] INFO  server.RaftServer$Division (RaftServerImpl.java:setFirstElection(574)) - 3978496b-7107-4711-aebb-7ffe7c8dd03a@group-118574AA0AFC: set firstElectionSinceStartup to false for becomeLeader
2024-02-06 10:04:23,918 [3978496b-7107-4711-aebb-7ffe7c8dd03a@group-118574AA0AFC-LeaderElection75] INFO  ratis.XceiverServerRatis (XceiverServerRatis.java:handleLeaderChangedNotification(966)) - Leader change notification received for group: group-118574AA0AFC with new leaderId: 3978496b-7107-4711-aebb-7ffe7c8dd03a
2024-02-06 10:04:23,918 [3978496b-7107-4711-aebb-7ffe7c8dd03a@group-118574AA0AFC-LeaderElection75] INFO  server.RaftServer$Division (ServerState.java:setLeader(269)) - 3978496b-7107-4711-aebb-7ffe7c8dd03a@group-118574AA0AFC: change Leader from null to 3978496b-7107-4711-aebb-7ffe7c8dd03a at term 1 for becomeLeader, leader elected after 5131ms
2024-02-06 10:04:23,918 [3978496b-7107-4711-aebb-7ffe7c8dd03a@group-118574AA0AFC-LeaderElection75] INFO  segmented.SegmentedRaftLogWorker (SegmentedRaftLogWorker.java:startLogSegment(430)) - 3978496b-7107-4711-aebb-7ffe7c8dd03a@group-118574AA0AFC-SegmentedRaftLogWorker: Starting segment from index:0
2024-02-06 10:04:23,919 [3978496b-7107-4711-aebb-7ffe7c8dd03a@group-118574AA0AFC-SegmentedRaftLogWorker] INFO  segmented.BufferedWriteChannel (BufferedWriteChannel.java:open(62)) - open log_inprogress_0 at position 0
2024-02-06 10:04:23,921 [3978496b-7107-4711-aebb-7ffe7c8dd03a@group-118574AA0AFC-LeaderElection75] INFO  server.RaftServer$Division (ServerState.java:setRaftConf(386)) - 3978496b-7107-4711-aebb-7ffe7c8dd03a@group-118574AA0AFC: set configuration 0: peers:[3978496b-7107-4711-aebb-7ffe7c8dd03a|10.1.0.5:15424]|listeners:[], old=null
2024-02-06 10:04:23,926 [3978496b-7107-4711-aebb-7ffe7c8dd03a@group-118574AA0AFC-SegmentedRaftLogWorker] INFO  segmented.SegmentedRaftLogWorker (SegmentedRaftLogWorker.java:execute(634)) - 3978496b-7107-4711-aebb-7ffe7c8dd03a@group-118574AA0AFC-SegmentedRaftLogWorker: created new log segment /home/runner/work/ozone/ozone/hadoop-ozone/integration-test/target/test-dir/MiniOzoneClusterImpl-0ae4c21d-b8eb-4e36-9639-963ec8fb7de7/datanode-6/data/ratis/856dba0f-72b4-4f10-a069-118574aa0afc/current/log_inprogress_0
2024-02-06 10:04:23,928 [3978496b-7107-4711-aebb-7ffe7c8dd03a@group-118574AA0AFC-StateMachineUpdater] INFO  server.RaftServer$Division (LeaderStateImpl.java:isApplied(320)) - leader is ready since appliedIndex == 0 >= startIndex == 0
2024-02-06 10:04:23,945 [a1fd6d11-0b72-4c96-8e55-07f63a3bc231@group-EFBEEDD1816A-FollowerState] INFO  impl.FollowerState (FollowerState.java:run(143)) - a1fd6d11-0b72-4c96-8e55-07f63a3bc231@group-EFBEEDD1816A-FollowerState: change to CANDIDATE, lastRpcElapsedTime:5051378237ns, electionTimeout:5051ms
2024-02-06 10:04:23,945 [a1fd6d11-0b72-4c96-8e55-07f63a3bc231@group-EFBEEDD1816A-FollowerState] INFO  impl.RoleInfo (RoleInfo.java:shutdownFollowerState(110)) - a1fd6d11-0b72-4c96-8e55-07f63a3bc231: shutdown a1fd6d11-0b72-4c96-8e55-07f63a3bc231@group-EFBEEDD1816A-FollowerState
2024-02-06 10:04:23,945 [a1fd6d11-0b72-4c96-8e55-07f63a3bc231@group-EFBEEDD1816A-FollowerState] INFO  server.RaftServer$Division (RaftServerImpl.java:setRole(383)) - a1fd6d11-0b72-4c96-8e55-07f63a3bc231@group-EFBEEDD1816A: changes role from  FOLLOWER to CANDIDATE at term 0 for changeToCandidate
2024-02-06 10:04:23,945 [a1fd6d11-0b72-4c96-8e55-07f63a3bc231@group-EFBEEDD1816A-FollowerState] INFO  server.RaftServerConfigKeys (ConfUtils.java:logGet(46)) - raft.server.leaderelection.pre-vote = true (default)
2024-02-06 10:04:23,945 [a1fd6d11-0b72-4c96-8e55-07f63a3bc231@group-EFBEEDD1816A-FollowerState] INFO  impl.RoleInfo (RoleInfo.java:updateAndGet(139)) - a1fd6d11-0b72-4c96-8e55-07f63a3bc231: start a1fd6d11-0b72-4c96-8e55-07f63a3bc231@group-EFBEEDD1816A-LeaderElection76
2024-02-06 10:04:23,947 [a1fd6d11-0b72-4c96-8e55-07f63a3bc231@group-EFBEEDD1816A-LeaderElection76] INFO  impl.LeaderElection (LeaderElection.java:askForVotes(321)) - a1fd6d11-0b72-4c96-8e55-07f63a3bc231@group-EFBEEDD1816A-LeaderElection76 PRE_VOTE round 0: submit vote requests at term 0 for -1: peers:[a1fd6d11-0b72-4c96-8e55-07f63a3bc231|10.1.0.5:15433]|listeners:[], old=null
2024-02-06 10:04:23,947 [a1fd6d11-0b72-4c96-8e55-07f63a3bc231@group-EFBEEDD1816A-LeaderElection76] INFO  impl.LeaderElection (LeaderElection.java:askForVotes(323)) - a1fd6d11-0b72-4c96-8e55-07f63a3bc231@group-EFBEEDD1816A-LeaderElection76 PRE_VOTE round 0: result PASSED (term=0)
2024-02-06 10:04:23,948 [a1fd6d11-0b72-4c96-8e55-07f63a3bc231@group-EFBEEDD1816A-LeaderElection76] INFO  impl.LeaderElection (LeaderElection.java:askForVotes(321)) - a1fd6d11-0b72-4c96-8e55-07f63a3bc231@group-EFBEEDD1816A-LeaderElection76 ELECTION round 0: submit vote requests at term 1 for -1: peers:[a1fd6d11-0b72-4c96-8e55-07f63a3bc231|10.1.0.5:15433]|listeners:[], old=null
2024-02-06 10:04:23,948 [a1fd6d11-0b72-4c96-8e55-07f63a3bc231@group-EFBEEDD1816A-LeaderElection76] INFO  impl.LeaderElection (LeaderElection.java:askForVotes(323)) - a1fd6d11-0b72-4c96-8e55-07f63a3bc231@group-EFBEEDD1816A-LeaderElection76 ELECTION round 0: result PASSED (term=1)
2024-02-06 10:04:23,948 [a1fd6d11-0b72-4c96-8e55-07f63a3bc231@group-EFBEEDD1816A-LeaderElection76] INFO  impl.RoleInfo (RoleInfo.java:shutdownLeaderElection(130)) - a1fd6d11-0b72-4c96-8e55-07f63a3bc231: shutdown a1fd6d11-0b72-4c96-8e55-07f63a3bc231@group-EFBEEDD1816A-LeaderElection76
2024-02-06 10:04:23,948 [a1fd6d11-0b72-4c96-8e55-07f63a3bc231@group-EFBEEDD1816A-LeaderElection76] INFO  server.RaftServer$Division (RaftServerImpl.java:setRole(383)) - a1fd6d11-0b72-4c96-8e55-07f63a3bc231@group-EFBEEDD1816A: changes role from CANDIDATE to LEADER at term 1 for changeToLeader
2024-02-06 10:04:23,948 [a1fd6d11-0b72-4c96-8e55-07f63a3bc231@group-EFBEEDD1816A-LeaderElection76] INFO  server.RaftServerConfigKeys (ConfUtils.java:logGet(46)) - raft.server.staging.catchup.gap = 1000 (default)
2024-02-06 10:04:23,948 [a1fd6d11-0b72-4c96-8e55-07f63a3bc231@group-EFBEEDD1816A-LeaderElection76] INFO  server.RaftServerConfigKeys (ConfUtils.java:logGet(46)) - raft.server.write.element-limit = 1024 (custom)
2024-02-06 10:04:23,948 [a1fd6d11-0b72-4c96-8e55-07f63a3bc231@group-EFBEEDD1816A-LeaderElection76] INFO  server.RaftServerConfigKeys (ConfUtils.java:logGet(46)) - raft.server.write.byte-limit = 1024 M (=1073741824) (custom)
2024-02-06 10:04:23,948 [a1fd6d11-0b72-4c96-8e55-07f63a3bc231@group-EFBEEDD1816A-LeaderElection76] INFO  server.RaftServerConfigKeys (ConfUtils.java:logGet(46)) - raft.server.watch.timeout = 3000ms (custom)
2024-02-06 10:04:23,948 [a1fd6d11-0b72-4c96-8e55-07f63a3bc231@group-EFBEEDD1816A-LeaderElection76] INFO  server.RaftServerConfigKeys (ConfUtils.java:logGet(46)) - raft.server.watch.timeout.denomination = 1s (default)
2024-02-06 10:04:23,949 [a1fd6d11-0b72-4c96-8e55-07f63a3bc231@group-EFBEEDD1816A-LeaderElection76] INFO  server.RaftServerConfigKeys (ConfUtils.java:logGet(46)) - raft.server.watch.element-limit = 65536 (default)
2024-02-06 10:04:23,949 [a1fd6d11-0b72-4c96-8e55-07f63a3bc231@group-EFBEEDD1816A-LeaderElection76] INFO  server.RaftServerConfigKeys (ConfUtils.java:logGet(46)) - raft.server.read.leader.lease.enabled = false (default)
2024-02-06 10:04:23,949 [a1fd6d11-0b72-4c96-8e55-07f63a3bc231@group-EFBEEDD1816A-LeaderElection76] INFO  server.RaftServerConfigKeys (ConfUtils.java:logGet(46)) - raft.server.read.leader.lease.timeout.ratio = 0.9 (default)
2024-02-06 10:04:23,949 [a1fd6d11-0b72-4c96-8e55-07f63a3bc231@group-EFBEEDD1816A-LeaderElection76] INFO  server.RaftServerConfigKeys (ConfUtils.java:logGet(46)) - raft.server.rpc.timeout.min = 5s (custom)
2024-02-06 10:04:23,949 [a1fd6d11-0b72-4c96-8e55-07f63a3bc231@group-EFBEEDD1816A-LeaderElection76] INFO  server.RaftServerConfigKeys (ConfUtils.java:logGet(46)) - raft.server.write.element-limit = 1024 (custom)
2024-02-06 10:04:23,949 [a1fd6d11-0b72-4c96-8e55-07f63a3bc231@group-EFBEEDD1816A-LeaderElection76] INFO  server.RaftServerConfigKeys (ConfUtils.java:logGet(46)) - raft.server.write.follower.gap.ratio.max = -1.0 (default)
2024-02-06 10:04:23,949 [a1fd6d11-0b72-4c96-8e55-07f63a3bc231@group-EFBEEDD1816A-LeaderElection76] INFO  impl.RoleInfo (RoleInfo.java:updateAndGet(139)) - a1fd6d11-0b72-4c96-8e55-07f63a3bc231: start a1fd6d11-0b72-4c96-8e55-07f63a3bc231@group-EFBEEDD1816A-LeaderStateImpl
2024-02-06 10:04:23,949 [a1fd6d11-0b72-4c96-8e55-07f63a3bc231@group-EFBEEDD1816A-LeaderElection76] INFO  server.RaftServer$Division (RaftServerImpl.java:setFirstElection(574)) - a1fd6d11-0b72-4c96-8e55-07f63a3bc231@group-EFBEEDD1816A: set firstElectionSinceStartup to false for becomeLeader
2024-02-06 10:04:23,949 [a1fd6d11-0b72-4c96-8e55-07f63a3bc231@group-EFBEEDD1816A-LeaderElection76] INFO  ratis.XceiverServerRatis (XceiverServerRatis.java:handleLeaderChangedNotification(966)) - Leader change notification received for group: group-EFBEEDD1816A with new leaderId: a1fd6d11-0b72-4c96-8e55-07f63a3bc231
2024-02-06 10:04:23,949 [a1fd6d11-0b72-4c96-8e55-07f63a3bc231@group-EFBEEDD1816A-LeaderElection76] INFO  server.RaftServer$Division (ServerState.java:setLeader(269)) - a1fd6d11-0b72-4c96-8e55-07f63a3bc231@group-EFBEEDD1816A: change Leader from null to a1fd6d11-0b72-4c96-8e55-07f63a3bc231 at term 1 for becomeLeader, leader elected after 5063ms
2024-02-06 10:04:23,949 [a1fd6d11-0b72-4c96-8e55-07f63a3bc231@group-EFBEEDD1816A-LeaderElection76] INFO  segmented.SegmentedRaftLogWorker (SegmentedRaftLogWorker.java:startLogSegment(430)) - a1fd6d11-0b72-4c96-8e55-07f63a3bc231@group-EFBEEDD1816A-SegmentedRaftLogWorker: Starting segment from index:0
2024-02-06 10:04:23,950 [a1fd6d11-0b72-4c96-8e55-07f63a3bc231@group-EFBEEDD1816A-LeaderElection76] INFO  server.RaftServer$Division (ServerState.java:setRaftConf(386)) - a1fd6d11-0b72-4c96-8e55-07f63a3bc231@group-EFBEEDD1816A: set configuration 0: peers:[a1fd6d11-0b72-4c96-8e55-07f63a3bc231|10.1.0.5:15433]|listeners:[], old=null
2024-02-06 10:04:23,950 [a1fd6d11-0b72-4c96-8e55-07f63a3bc231@group-EFBEEDD1816A-SegmentedRaftLogWorker] INFO  segmented.BufferedWriteChannel (BufferedWriteChannel.java:open(62)) - open log_inprogress_0 at position 0
2024-02-06 10:04:23,959 [a1fd6d11-0b72-4c96-8e55-07f63a3bc231@group-EFBEEDD1816A-SegmentedRaftLogWorker] INFO  segmented.SegmentedRaftLogWorker (SegmentedRaftLogWorker.java:execute(634)) - a1fd6d11-0b72-4c96-8e55-07f63a3bc231@group-EFBEEDD1816A-SegmentedRaftLogWorker: created new log segment /home/runner/work/ozone/ozone/hadoop-ozone/integration-test/target/test-dir/MiniOzoneClusterImpl-0ae4c21d-b8eb-4e36-9639-963ec8fb7de7/datanode-7/data/ratis/71cdbd26-382e-435e-bc28-efbeedd1816a/current/log_inprogress_0
2024-02-06 10:04:23,961 [a1fd6d11-0b72-4c96-8e55-07f63a3bc231@group-EFBEEDD1816A-StateMachineUpdater] INFO  server.RaftServer$Division (LeaderStateImpl.java:isApplied(320)) - leader is ready since appliedIndex == 0 >= startIndex == 0
2024-02-06 10:04:23,973 [main] INFO  ozone.MiniOzoneClusterImpl (MiniOzoneClusterImpl.java:lambda$waitForClusterToBeReady$0(228)) - Nodes are ready. Got 9 of 9 DN Heartbeats.
2024-02-06 10:04:23,973 [main] INFO  ozone.MiniOzoneClusterImpl (MiniOzoneClusterImpl.java:lambda$waitForClusterToBeReady$0(231)) - Cluster exits safe mode
2024-02-06 10:04:23,973 [main] INFO  ozone.MiniOzoneClusterImpl (MiniOzoneClusterImpl.java:lambda$waitForClusterToBeReady$0(233)) - SCM became leader
2024-02-06 10:04:23,974 [main] INFO  protocolPB.OmTransportFactory (OmTransportFactory.java:createFactory(62)) - Loading OM transport implementation org.apache.hadoop.ozone.om.protocolPB.Hadoop3OmTransportFactory as specified by configuration.
2024-02-06 10:04:23,979 [main] INFO  rpc.RpcClient (RpcClient.java:createVolume(455)) - Creating Volume: watchforcommithandlingtest, with runner as owner and space quota set to -1 bytes, counts quota set to -1
2024-02-06 10:04:23,982 [991f0bf8-3b66-4160-8c92-791fd313402a@group-57FFFF11CB9D-FollowerState] INFO  server.RaftServerConfigKeys (ConfUtils.java:logFallback(53)) - raft.server.rpc.first-election.timeout.min = 5s (fallback to raft.server.rpc.timeout.min)
2024-02-06 10:04:23,982 [991f0bf8-3b66-4160-8c92-791fd313402a@group-57FFFF11CB9D-FollowerState] INFO  server.RaftServerConfigKeys (ConfUtils.java:logFallback(53)) - raft.server.rpc.first-election.timeout.max = 5200ms (fallback to raft.server.rpc.timeout.max)
2024-02-06 10:04:23,985 [om1-OMStateMachineApplyTransactionThread - 0] INFO  volume.OMVolumeCreateRequest (OMVolumeCreateRequest.java:validateAndUpdateCache(198)) - created volume:watchforcommithandlingtest for user:runner
2024-02-06 10:04:23,989 [main] INFO  rpc.RpcClient (RpcClient.java:createBucket(682)) - Creating Bucket: watchforcommithandlingtest/watchforcommithandlingtest, with server-side default bucket layout, runner as owner, Versioning false, Storage Type set to DISK and Encryption set to false, Replication Type set to server-side default replication type, Namespace Quota set to -1, Space Quota set to -1 
2024-02-06 10:04:23,991 [om1-OMStateMachineApplyTransactionThread - 0] INFO  bucket.OMBucketCreateRequest (OMBucketCreateRequest.java:validateAndUpdateCache(292)) - created bucket: watchforcommithandlingtest of layout FILE_SYSTEM_OPTIMIZED in volume: watchforcommithandlingtest
2024-02-06 10:04:23,996 [IPC Server handler 1 on default port 15356] INFO  ha.SequenceIdGenerator (SequenceIdGenerator.java:getNextId(145)) - Allocate a batch for containerId, change lastId from 0 to 1000.
2024-02-06 10:04:24,018 [a1fd6d11-0b72-4c96-8e55-07f63a3bc231@group-57FFFF11CB9D-FollowerState] INFO  impl.FollowerState (FollowerState.java:run(143)) - a1fd6d11-0b72-4c96-8e55-07f63a3bc231@group-57FFFF11CB9D-FollowerState: change to CANDIDATE, lastRpcElapsedTime:5169253969ns, electionTimeout:5168ms
2024-02-06 10:04:24,019 [a1fd6d11-0b72-4c96-8e55-07f63a3bc231@group-57FFFF11CB9D-FollowerState] INFO  impl.RoleInfo (RoleInfo.java:shutdownFollowerState(110)) - a1fd6d11-0b72-4c96-8e55-07f63a3bc231: shutdown a1fd6d11-0b72-4c96-8e55-07f63a3bc231@group-57FFFF11CB9D-FollowerState
2024-02-06 10:04:24,019 [a1fd6d11-0b72-4c96-8e55-07f63a3bc231@group-57FFFF11CB9D-FollowerState] INFO  server.RaftServer$Division (RaftServerImpl.java:setRole(383)) - a1fd6d11-0b72-4c96-8e55-07f63a3bc231@group-57FFFF11CB9D: changes role from  FOLLOWER to CANDIDATE at term 0 for changeToCandidate
2024-02-06 10:04:24,021 [a1fd6d11-0b72-4c96-8e55-07f63a3bc231@group-57FFFF11CB9D-FollowerState] INFO  server.RaftServerConfigKeys (ConfUtils.java:logGet(46)) - raft.server.leaderelection.pre-vote = true (default)
2024-02-06 10:04:24,030 [a1fd6d11-0b72-4c96-8e55-07f63a3bc231@group-57FFFF11CB9D-FollowerState] INFO  impl.RoleInfo (RoleInfo.java:updateAndGet(139)) - a1fd6d11-0b72-4c96-8e55-07f63a3bc231: start a1fd6d11-0b72-4c96-8e55-07f63a3bc231@group-57FFFF11CB9D-LeaderElection77
2024-02-06 10:04:24,030 [a1fd6d11-0b72-4c96-8e55-07f63a3bc231@group-57FFFF11CB9D-LeaderElection77] INFO  impl.LeaderElection (LeaderElection.java:askForVotes(321)) - a1fd6d11-0b72-4c96-8e55-07f63a3bc231@group-57FFFF11CB9D-LeaderElection77 PRE_VOTE round 0: submit vote requests at term 0 for -1: peers:[991f0bf8-3b66-4160-8c92-791fd313402a|10.1.0.5:15442, 3978496b-7107-4711-aebb-7ffe7c8dd03a|10.1.0.5:15424, a1fd6d11-0b72-4c96-8e55-07f63a3bc231|10.1.0.5:15433]|listeners:[], old=null
2024-02-06 10:04:24,030 [a1fd6d11-0b72-4c96-8e55-07f63a3bc231@group-57FFFF11CB9D-LeaderElection77] INFO  server.RaftServerConfigKeys (ConfUtils.java:logFallback(53)) - raft.server.rpc.first-election.timeout.min = 5s (fallback to raft.server.rpc.timeout.min)
2024-02-06 10:04:24,036 [a1fd6d11-0b72-4c96-8e55-07f63a3bc231@group-57FFFF11CB9D-LeaderElection77] INFO  server.RaftServerConfigKeys (ConfUtils.java:logFallback(53)) - raft.server.rpc.first-election.timeout.max = 5200ms (fallback to raft.server.rpc.timeout.max)
2024-02-06 10:04:24,037 [a1fd6d11-0b72-4c96-8e55-07f63a3bc231@group-57FFFF11CB9D-LeaderElection77-2] INFO  server.GrpcServerProtocolClient (GrpcServerProtocolClient.java:<init>(65)) - Build channel for 3978496b-7107-4711-aebb-7ffe7c8dd03a|10.1.0.5:15424
2024-02-06 10:04:24,037 [ec6898a0-344d-48d8-8a85-11fa109d489b-DatanodeStateMachineDaemonThread] WARN  statemachine.StateContext (StateContext.java:setState(262)) - Ignore disallowed transition from SHUTDOWN to RUNNING
2024-02-06 10:04:24,037 [a1fd6d11-0b72-4c96-8e55-07f63a3bc231@group-57FFFF11CB9D-LeaderElection77-1] INFO  server.GrpcServerProtocolClient (GrpcServerProtocolClient.java:<init>(65)) - Build channel for 991f0bf8-3b66-4160-8c92-791fd313402a|10.1.0.5:15442
2024-02-06 10:04:24,040 [main] INFO  ozoneimpl.OzoneContainer (OzoneContainer.java:stop(481)) - Attempting to stop container services.
2024-02-06 10:04:24,040 [main] INFO  server.RaftServer (RaftServerProxy.java:lambda$close$9(416)) - ec6898a0-344d-48d8-8a85-11fa109d489b: close
2024-02-06 10:04:24,040 [ec6898a0-344d-48d8-8a85-11fa109d489b-impl-thread1] INFO  server.RaftServer$Division (RaftServerImpl.java:lambda$close$3(526)) - ec6898a0-344d-48d8-8a85-11fa109d489b@group-AF88B31BBEE2: shutdown
2024-02-06 10:04:24,040 [ec6898a0-344d-48d8-8a85-11fa109d489b-impl-thread1] INFO  util.JmxRegister (JmxRegister.java:unregister(73)) - Successfully un-registered JMX Bean with object name Ratis:service=RaftServer,group=group-AF88B31BBEE2,id=ec6898a0-344d-48d8-8a85-11fa109d489b
2024-02-06 10:04:24,041 [ec6898a0-344d-48d8-8a85-11fa109d489b-impl-thread1] INFO  impl.RoleInfo (RoleInfo.java:shutdownFollowerState(110)) - ec6898a0-344d-48d8-8a85-11fa109d489b: shutdown ec6898a0-344d-48d8-8a85-11fa109d489b@group-AF88B31BBEE2-FollowerState
2024-02-06 10:04:24,041 [main] INFO  server.GrpcService (GrpcService.java:closeImpl(311)) - ec6898a0-344d-48d8-8a85-11fa109d489b: shutdown server org.apache.ratis.grpc.server.GrpcClientProtocolService now
2024-02-06 10:04:24,041 [ec6898a0-344d-48d8-8a85-11fa109d489b@group-AF88B31BBEE2-StateMachineUpdater] INFO  ratis.ContainerStateMachine (ContainerStateMachine.java:takeSnapshot(355)) - group-AF88B31BBEE2: Taking a snapshot at:(t:1, i:1) file /home/runner/work/ozone/ozone/hadoop-ozone/integration-test/target/test-dir/MiniOzoneClusterImpl-0ae4c21d-b8eb-4e36-9639-963ec8fb7de7/datanode-4/data/ratis/80ec1573-1410-4521-97d2-af88b31bbee2/sm/snapshot.1_1
2024-02-06 10:04:24,041 [ec6898a0-344d-48d8-8a85-11fa109d489b@group-AF88B31BBEE2-FollowerState] INFO  impl.FollowerState (FollowerState.java:run(152)) - ec6898a0-344d-48d8-8a85-11fa109d489b@group-AF88B31BBEE2-FollowerState was interrupted
2024-02-06 10:04:24,041 [ec6898a0-344d-48d8-8a85-11fa109d489b-impl-thread1] INFO  impl.StateMachineUpdater (StateMachineUpdater.java:stopAndJoin(157)) - ec6898a0-344d-48d8-8a85-11fa109d489b@group-AF88B31BBEE2-StateMachineUpdater: set stopIndex = 1
2024-02-06 10:04:24,042 [ec6898a0-344d-48d8-8a85-11fa109d489b-impl-thread2] INFO  server.RaftServer$Division (RaftServerImpl.java:lambda$close$3(526)) - ec6898a0-344d-48d8-8a85-11fa109d489b@group-8A03B379FAE5: shutdown
2024-02-06 10:04:24,047 [ec6898a0-344d-48d8-8a85-11fa109d489b-impl-thread2] INFO  util.JmxRegister (JmxRegister.java:unregister(73)) - Successfully un-registered JMX Bean with object name Ratis:service=RaftServer,group=group-8A03B379FAE5,id=ec6898a0-344d-48d8-8a85-11fa109d489b
2024-02-06 10:04:24,048 [ec6898a0-344d-48d8-8a85-11fa109d489b-impl-thread2] INFO  impl.RoleInfo (RoleInfo.java:shutdownLeaderState(94)) - ec6898a0-344d-48d8-8a85-11fa109d489b: shutdown ec6898a0-344d-48d8-8a85-11fa109d489b@group-8A03B379FAE5-LeaderStateImpl
2024-02-06 10:04:24,047 [ec6898a0-344d-48d8-8a85-11fa109d489b@group-AF88B31BBEE2-StateMachineUpdater] INFO  ratis.ContainerStateMachine (ContainerStateMachine.java:takeSnapshot(366)) - group-AF88B31BBEE2: Finished taking a snapshot at:(t:1, i:1) file:/home/runner/work/ozone/ozone/hadoop-ozone/integration-test/target/test-dir/MiniOzoneClusterImpl-0ae4c21d-b8eb-4e36-9639-963ec8fb7de7/datanode-4/data/ratis/80ec1573-1410-4521-97d2-af88b31bbee2/sm/snapshot.1_1 took: 6 ms
2024-02-06 10:04:24,047 [Thread-5656] INFO  server.GrpcServerProtocolClient (GrpcServerProtocolClient.java:close(103)) - b79ed0a0-6c36-4ab9-80cb-79cc2b7dd541 Close channels
2024-02-06 10:04:24,048 [ec6898a0-344d-48d8-8a85-11fa109d489b@group-AF88B31BBEE2-StateMachineUpdater] INFO  impl.StateMachineUpdater (StateMachineUpdater.java:takeSnapshot(295)) - ec6898a0-344d-48d8-8a85-11fa109d489b@group-AF88B31BBEE2-StateMachineUpdater: Took a snapshot at index 1
2024-02-06 10:04:24,048 [ec6898a0-344d-48d8-8a85-11fa109d489b@group-AF88B31BBEE2-StateMachineUpdater] INFO  impl.StateMachineUpdater (StateMachineUpdater.java:lambda$new$0(98)) - ec6898a0-344d-48d8-8a85-11fa109d489b@group-AF88B31BBEE2-StateMachineUpdater: snapshotIndex: updateIncreasingly -1 -> 1
2024-02-06 10:04:24,050 [ec6898a0-344d-48d8-8a85-11fa109d489b-impl-thread1] INFO  server.RaftServer$Division (ServerState.java:close(427)) - ec6898a0-344d-48d8-8a85-11fa109d489b@group-AF88B31BBEE2: applyIndex: 1
2024-02-06 10:04:24,050 [ec6898a0-344d-48d8-8a85-11fa109d489b-impl-thread2] INFO  impl.PendingRequests (PendingRequests.java:sendNotLeaderResponses(289)) - ec6898a0-344d-48d8-8a85-11fa109d489b@group-8A03B379FAE5-PendingRequests: sendNotLeaderResponses
2024-02-06 10:04:24,050 [ec6898a0-344d-48d8-8a85-11fa109d489b@group-AF88B31BBEE2-cacheEviction-AwaitToRun] INFO  util.AwaitToRun (AwaitToRun.java:run(49)) - ec6898a0-344d-48d8-8a85-11fa109d489b@group-AF88B31BBEE2-cacheEviction-AwaitToRun-AwaitForSignal is interrupted
2024-02-06 10:04:24,051 [Thread-5657] INFO  server.GrpcServerProtocolClient (GrpcServerProtocolClient.java:close(103)) - f44971dd-a974-44f1-968d-f8ef2d671d75 Close channels
2024-02-06 10:04:24,052 [grpc-default-executor-3] INFO  server.RaftServer$Division (RaftServerImpl.java:requestVote(1389)) - 991f0bf8-3b66-4160-8c92-791fd313402a@group-57FFFF11CB9D: receive requestVote(PRE_VOTE, a1fd6d11-0b72-4c96-8e55-07f63a3bc231, group-57FFFF11CB9D, 0, (t:0, i:0))
2024-02-06 10:04:24,052 [grpc-default-executor-3] INFO  impl.VoteContext (VoteContext.java:log(49)) - 991f0bf8-3b66-4160-8c92-791fd313402a@group-57FFFF11CB9D-FOLLOWER: accept PRE_VOTE from a1fd6d11-0b72-4c96-8e55-07f63a3bc231: our priority 0 <= candidate's priority 1
2024-02-06 10:04:24,052 [grpc-default-executor-3] INFO  server.RaftServer$Division (RaftServerImpl.java:requestVote(1422)) - 991f0bf8-3b66-4160-8c92-791fd313402a@group-57FFFF11CB9D replies to PRE_VOTE vote request: a1fd6d11-0b72-4c96-8e55-07f63a3bc231<-991f0bf8-3b66-4160-8c92-791fd313402a#0:OK-t0. Peer's state: 991f0bf8-3b66-4160-8c92-791fd313402a@group-57FFFF11CB9D:t0, leader=null, voted=, raftlog=Memoized:991f0bf8-3b66-4160-8c92-791fd313402a@group-57FFFF11CB9D-SegmentedRaftLog:OPENED:c-1, conf=-1: peers:[991f0bf8-3b66-4160-8c92-791fd313402a|10.1.0.5:15442, 3978496b-7107-4711-aebb-7ffe7c8dd03a|10.1.0.5:15424, a1fd6d11-0b72-4c96-8e55-07f63a3bc231|10.1.0.5:15433]|listeners:[], old=null
2024-02-06 10:04:24,053 [main] INFO  server.GrpcService (GrpcService.java:closeImpl(320)) - ec6898a0-344d-48d8-8a85-11fa109d489b: shutdown server org.apache.ratis.grpc.server.GrpcClientProtocolService successfully
2024-02-06 10:04:24,054 [ec6898a0-344d-48d8-8a85-11fa109d489b-impl-thread2] INFO  impl.StateMachineUpdater (StateMachineUpdater.java:stopAndJoin(157)) - ec6898a0-344d-48d8-8a85-11fa109d489b@group-8A03B379FAE5-StateMachineUpdater: set stopIndex = 0
2024-02-06 10:04:24,054 [ec6898a0-344d-48d8-8a85-11fa109d489b@group-8A03B379FAE5-StateMachineUpdater] INFO  ratis.ContainerStateMachine (ContainerStateMachine.java:takeSnapshot(355)) - group-8A03B379FAE5: Taking a snapshot at:(t:1, i:0) file /home/runner/work/ozone/ozone/hadoop-ozone/integration-test/target/test-dir/MiniOzoneClusterImpl-0ae4c21d-b8eb-4e36-9639-963ec8fb7de7/datanode-4/data/ratis/e116d9dc-e2e1-40c6-bcbd-8a03b379fae5/sm/snapshot.1_0
2024-02-06 10:04:24,054 [ec6898a0-344d-48d8-8a85-11fa109d489b@group-8A03B379FAE5-StateMachineUpdater] INFO  ratis.ContainerStateMachine (ContainerStateMachine.java:takeSnapshot(366)) - group-8A03B379FAE5: Finished taking a snapshot at:(t:1, i:0) file:/home/runner/work/ozone/ozone/hadoop-ozone/integration-test/target/test-dir/MiniOzoneClusterImpl-0ae4c21d-b8eb-4e36-9639-963ec8fb7de7/datanode-4/data/ratis/e116d9dc-e2e1-40c6-bcbd-8a03b379fae5/sm/snapshot.1_0 took: 0 ms
2024-02-06 10:04:24,054 [ec6898a0-344d-48d8-8a85-11fa109d489b@group-8A03B379FAE5-StateMachineUpdater] INFO  impl.StateMachineUpdater (StateMachineUpdater.java:takeSnapshot(295)) - ec6898a0-344d-48d8-8a85-11fa109d489b@group-8A03B379FAE5-StateMachineUpdater: Took a snapshot at index 0
2024-02-06 10:04:24,054 [ec6898a0-344d-48d8-8a85-11fa109d489b@group-8A03B379FAE5-StateMachineUpdater] INFO  impl.StateMachineUpdater (StateMachineUpdater.java:lambda$new$0(98)) - ec6898a0-344d-48d8-8a85-11fa109d489b@group-8A03B379FAE5-StateMachineUpdater: snapshotIndex: updateIncreasingly -1 -> 0
2024-02-06 10:04:24,055 [ec6898a0-344d-48d8-8a85-11fa109d489b-impl-thread2] INFO  server.RaftServer$Division (ServerState.java:close(427)) - ec6898a0-344d-48d8-8a85-11fa109d489b@group-8A03B379FAE5: applyIndex: 0
2024-02-06 10:04:24,055 [ec6898a0-344d-48d8-8a85-11fa109d489b@group-8A03B379FAE5-cacheEviction-AwaitToRun] INFO  util.AwaitToRun (AwaitToRun.java:run(49)) - ec6898a0-344d-48d8-8a85-11fa109d489b@group-8A03B379FAE5-cacheEviction-AwaitToRun-AwaitForSignal is interrupted
2024-02-06 10:04:24,055 [grpc-default-executor-0] INFO  server.RaftServer$Division (RaftServerImpl.java:requestVote(1389)) - 3978496b-7107-4711-aebb-7ffe7c8dd03a@group-57FFFF11CB9D: receive requestVote(PRE_VOTE, a1fd6d11-0b72-4c96-8e55-07f63a3bc231, group-57FFFF11CB9D, 0, (t:0, i:0))
2024-02-06 10:04:24,055 [grpc-default-executor-0] INFO  impl.VoteContext (VoteContext.java:log(49)) - 3978496b-7107-4711-aebb-7ffe7c8dd03a@group-57FFFF11CB9D-FOLLOWER: accept PRE_VOTE from a1fd6d11-0b72-4c96-8e55-07f63a3bc231: our priority 0 <= candidate's priority 1
2024-02-06 10:04:24,055 [grpc-default-executor-0] INFO  server.RaftServer$Division (RaftServerImpl.java:requestVote(1422)) - 3978496b-7107-4711-aebb-7ffe7c8dd03a@group-57FFFF11CB9D replies to PRE_VOTE vote request: a1fd6d11-0b72-4c96-8e55-07f63a3bc231<-3978496b-7107-4711-aebb-7ffe7c8dd03a#0:OK-t0. Peer's state: 3978496b-7107-4711-aebb-7ffe7c8dd03a@group-57FFFF11CB9D:t0, leader=null, voted=, raftlog=Memoized:3978496b-7107-4711-aebb-7ffe7c8dd03a@group-57FFFF11CB9D-SegmentedRaftLog:OPENED:c-1, conf=-1: peers:[991f0bf8-3b66-4160-8c92-791fd313402a|10.1.0.5:15442, 3978496b-7107-4711-aebb-7ffe7c8dd03a|10.1.0.5:15424, a1fd6d11-0b72-4c96-8e55-07f63a3bc231|10.1.0.5:15433]|listeners:[], old=null
2024-02-06 10:04:24,054 [main] INFO  server.GrpcService (GrpcService.java:closeImpl(311)) - ec6898a0-344d-48d8-8a85-11fa109d489b: shutdown server GrpcServerProtocolService now
2024-02-06 10:04:24,057 [a1fd6d11-0b72-4c96-8e55-07f63a3bc231@group-57FFFF11CB9D-LeaderElection77] INFO  impl.LeaderElection (LeaderElection.java:logAndReturn(89)) - a1fd6d11-0b72-4c96-8e55-07f63a3bc231@group-57FFFF11CB9D-LeaderElection77: PRE_VOTE PASSED received 1 response(s) and 0 exception(s):
2024-02-06 10:04:24,057 [a1fd6d11-0b72-4c96-8e55-07f63a3bc231@group-57FFFF11CB9D-LeaderElection77] INFO  impl.LeaderElection (LeaderElection.java:logAndReturn(93)) -   Response 0: a1fd6d11-0b72-4c96-8e55-07f63a3bc231<-991f0bf8-3b66-4160-8c92-791fd313402a#0:OK-t0
2024-02-06 10:04:24,057 [a1fd6d11-0b72-4c96-8e55-07f63a3bc231@group-57FFFF11CB9D-LeaderElection77] INFO  impl.LeaderElection (LeaderElection.java:askForVotes(323)) - a1fd6d11-0b72-4c96-8e55-07f63a3bc231@group-57FFFF11CB9D-LeaderElection77 PRE_VOTE round 0: result PASSED
2024-02-06 10:04:24,058 [grpc-default-executor-3] WARN  server.GrpcServerProtocolService (LogUtils.java:warn(121)) - ec6898a0-344d-48d8-8a85-11fa109d489b: APPEND_ENTRIES onError, lastRequest: null: org.apache.ratis.thirdparty.io.grpc.StatusRuntimeException: CANCELLED: client cancelled
2024-02-06 10:04:24,061 [grpc-default-executor-3] WARN  server.GrpcLogAppender (LogUtils.java:warn(121)) - f44971dd-a974-44f1-968d-f8ef2d671d75@group-AF88B31BBEE2->ec6898a0-344d-48d8-8a85-11fa109d489b-AppendLogResponseHandler: Failed appendEntries: org.apache.ratis.thirdparty.io.grpc.StatusRuntimeException: CANCELLED: RST_STREAM closed stream. HTTP/2 error code: CANCEL
2024-02-06 10:04:24,061 [a1fd6d11-0b72-4c96-8e55-07f63a3bc231@group-57FFFF11CB9D-LeaderElection77] INFO  impl.LeaderElection (LeaderElection.java:askForVotes(321)) - a1fd6d11-0b72-4c96-8e55-07f63a3bc231@group-57FFFF11CB9D-LeaderElection77 ELECTION round 0: submit vote requests at term 1 for -1: peers:[991f0bf8-3b66-4160-8c92-791fd313402a|10.1.0.5:15442, 3978496b-7107-4711-aebb-7ffe7c8dd03a|10.1.0.5:15424, a1fd6d11-0b72-4c96-8e55-07f63a3bc231|10.1.0.5:15433]|listeners:[], old=null
2024-02-06 10:04:24,061 [grpc-default-executor-3] WARN  server.GrpcLogAppender (GrpcLogAppender.java:lambda$resetClient$1(217)) - f44971dd-a974-44f1-968d-f8ef2d671d75@group-AF88B31BBEE2->ec6898a0-344d-48d8-8a85-11fa109d489b-GrpcLogAppender: Follower failed (request=null, errorCount=1); keep nextIndex (3) unchanged and retry.
2024-02-06 10:04:24,062 [grpc-default-executor-0] WARN  server.GrpcServerProtocolService (LogUtils.java:warn(121)) - ec6898a0-344d-48d8-8a85-11fa109d489b: APPEND_ENTRIES onError, lastRequest: f44971dd-a974-44f1-968d-f8ef2d671d75->ec6898a0-344d-48d8-8a85-11fa109d489b#5-t1,previous=(t:1, i:1),leaderCommit=1,initializing? false,entries: size=1, first=(t:1, i:2), METADATAENTRY(c:1): org.apache.ratis.thirdparty.io.grpc.StatusRuntimeException: CANCELLED: client cancelled
2024-02-06 10:04:24,062 [a1fd6d11-0b72-4c96-8e55-07f63a3bc231@group-57FFFF11CB9D-LeaderElection77] INFO  server.RaftServerConfigKeys (ConfUtils.java:logFallback(53)) - raft.server.rpc.first-election.timeout.min = 5s (fallback to raft.server.rpc.timeout.min)
2024-02-06 10:04:24,062 [a1fd6d11-0b72-4c96-8e55-07f63a3bc231@group-57FFFF11CB9D-LeaderElection77] INFO  server.RaftServerConfigKeys (ConfUtils.java:logFallback(53)) - raft.server.rpc.first-election.timeout.max = 5200ms (fallback to raft.server.rpc.timeout.max)
2024-02-06 10:04:24,063 [grpc-default-executor-3] INFO  server.RaftServer$Division (RaftServerImpl.java:requestVote(1389)) - 3978496b-7107-4711-aebb-7ffe7c8dd03a@group-57FFFF11CB9D: receive requestVote(ELECTION, a1fd6d11-0b72-4c96-8e55-07f63a3bc231, group-57FFFF11CB9D, 1, (t:0, i:0))
2024-02-06 10:04:24,063 [grpc-default-executor-3] INFO  impl.VoteContext (VoteContext.java:log(49)) - 3978496b-7107-4711-aebb-7ffe7c8dd03a@group-57FFFF11CB9D-FOLLOWER: accept ELECTION from a1fd6d11-0b72-4c96-8e55-07f63a3bc231: our priority 0 <= candidate's priority 1
2024-02-06 10:04:24,063 [grpc-default-executor-3] INFO  server.RaftServer$Division (RaftServerImpl.java:setRole(383)) - 3978496b-7107-4711-aebb-7ffe7c8dd03a@group-57FFFF11CB9D: changes role from  FOLLOWER to FOLLOWER at term 1 for candidate:a1fd6d11-0b72-4c96-8e55-07f63a3bc231
2024-02-06 10:04:24,063 [grpc-default-executor-3] INFO  impl.RoleInfo (RoleInfo.java:shutdownFollowerState(110)) - 3978496b-7107-4711-aebb-7ffe7c8dd03a: shutdown 3978496b-7107-4711-aebb-7ffe7c8dd03a@group-57FFFF11CB9D-FollowerState
2024-02-06 10:04:24,064 [grpc-default-executor-1] INFO  server.RaftServer$Division (RaftServerImpl.java:requestVote(1389)) - 991f0bf8-3b66-4160-8c92-791fd313402a@group-57FFFF11CB9D: receive requestVote(ELECTION, a1fd6d11-0b72-4c96-8e55-07f63a3bc231, group-57FFFF11CB9D, 1, (t:0, i:0))
2024-02-06 10:04:24,064 [main] INFO  server.GrpcService (GrpcService.java:closeImpl(320)) - ec6898a0-344d-48d8-8a85-11fa109d489b: shutdown server GrpcServerProtocolService successfully
2024-02-06 10:04:24,064 [main] INFO  server.GrpcService (GrpcService.java:closeImpl(311)) - ec6898a0-344d-48d8-8a85-11fa109d489b: shutdown server org.apache.ratis.grpc.server.GrpcAdminProtocolService now
2024-02-06 10:04:24,064 [grpc-default-executor-1] INFO  impl.VoteContext (VoteContext.java:log(49)) - 991f0bf8-3b66-4160-8c92-791fd313402a@group-57FFFF11CB9D-FOLLOWER: accept ELECTION from a1fd6d11-0b72-4c96-8e55-07f63a3bc231: our priority 0 <= candidate's priority 1
2024-02-06 10:04:24,069 [main] INFO  server.GrpcService (GrpcService.java:closeImpl(320)) - ec6898a0-344d-48d8-8a85-11fa109d489b: shutdown server org.apache.ratis.grpc.server.GrpcAdminProtocolService successfully
2024-02-06 10:04:24,069 [3978496b-7107-4711-aebb-7ffe7c8dd03a@group-57FFFF11CB9D-FollowerState] INFO  impl.FollowerState (FollowerState.java:run(152)) - 3978496b-7107-4711-aebb-7ffe7c8dd03a@group-57FFFF11CB9D-FollowerState was interrupted
2024-02-06 10:04:24,069 [grpc-default-executor-3] INFO  impl.RoleInfo (RoleInfo.java:updateAndGet(139)) - 3978496b-7107-4711-aebb-7ffe7c8dd03a: start 3978496b-7107-4711-aebb-7ffe7c8dd03a@group-57FFFF11CB9D-FollowerState
2024-02-06 10:04:24,069 [grpc-default-executor-1] INFO  server.RaftServer$Division (RaftServerImpl.java:setRole(383)) - 991f0bf8-3b66-4160-8c92-791fd313402a@group-57FFFF11CB9D: changes role from  FOLLOWER to FOLLOWER at term 1 for candidate:a1fd6d11-0b72-4c96-8e55-07f63a3bc231
2024-02-06 10:04:24,070 [grpc-default-executor-1] INFO  impl.RoleInfo (RoleInfo.java:shutdownFollowerState(110)) - 991f0bf8-3b66-4160-8c92-791fd313402a: shutdown 991f0bf8-3b66-4160-8c92-791fd313402a@group-57FFFF11CB9D-FollowerState
2024-02-06 10:04:24,070 [grpc-default-executor-1] INFO  impl.RoleInfo (RoleInfo.java:updateAndGet(139)) - 991f0bf8-3b66-4160-8c92-791fd313402a: start 991f0bf8-3b66-4160-8c92-791fd313402a@group-57FFFF11CB9D-FollowerState
2024-02-06 10:04:24,070 [991f0bf8-3b66-4160-8c92-791fd313402a@group-57FFFF11CB9D-FollowerState] INFO  impl.FollowerState (FollowerState.java:run(152)) - 991f0bf8-3b66-4160-8c92-791fd313402a@group-57FFFF11CB9D-FollowerState was interrupted
2024-02-06 10:04:24,070 [grpc-default-executor-1] INFO  server.RaftServer$Division (RaftServerImpl.java:setFirstElection(574)) - 991f0bf8-3b66-4160-8c92-791fd313402a@group-57FFFF11CB9D: set firstElectionSinceStartup to false for candidate:a1fd6d11-0b72-4c96-8e55-07f63a3bc231
2024-02-06 10:04:24,071 [grpc-default-executor-3] INFO  server.RaftServer$Division (RaftServerImpl.java:requestVote(1422)) - 3978496b-7107-4711-aebb-7ffe7c8dd03a@group-57FFFF11CB9D replies to ELECTION vote request: a1fd6d11-0b72-4c96-8e55-07f63a3bc231<-3978496b-7107-4711-aebb-7ffe7c8dd03a#0:OK-t1. Peer's state: 3978496b-7107-4711-aebb-7ffe7c8dd03a@group-57FFFF11CB9D:t1, leader=null, voted=a1fd6d11-0b72-4c96-8e55-07f63a3bc231, raftlog=Memoized:3978496b-7107-4711-aebb-7ffe7c8dd03a@group-57FFFF11CB9D-SegmentedRaftLog:OPENED:c-1, conf=-1: peers:[991f0bf8-3b66-4160-8c92-791fd313402a|10.1.0.5:15442, 3978496b-7107-4711-aebb-7ffe7c8dd03a|10.1.0.5:15424, a1fd6d11-0b72-4c96-8e55-07f63a3bc231|10.1.0.5:15433]|listeners:[], old=null
2024-02-06 10:04:24,072 [grpc-default-executor-1] INFO  server.RaftServer$Division (RaftServerImpl.java:requestVote(1422)) - 991f0bf8-3b66-4160-8c92-791fd313402a@group-57FFFF11CB9D replies to ELECTION vote request: a1fd6d11-0b72-4c96-8e55-07f63a3bc231<-991f0bf8-3b66-4160-8c92-791fd313402a#0:OK-t1. Peer's state: 991f0bf8-3b66-4160-8c92-791fd313402a@group-57FFFF11CB9D:t1, leader=null, voted=a1fd6d11-0b72-4c96-8e55-07f63a3bc231, raftlog=Memoized:991f0bf8-3b66-4160-8c92-791fd313402a@group-57FFFF11CB9D-SegmentedRaftLog:OPENED:c-1, conf=-1: peers:[991f0bf8-3b66-4160-8c92-791fd313402a|10.1.0.5:15442, 3978496b-7107-4711-aebb-7ffe7c8dd03a|10.1.0.5:15424, a1fd6d11-0b72-4c96-8e55-07f63a3bc231|10.1.0.5:15433]|listeners:[], old=null
2024-02-06 10:04:24,072 [a1fd6d11-0b72-4c96-8e55-07f63a3bc231@group-57FFFF11CB9D-LeaderElection77] INFO  impl.LeaderElection (LeaderElection.java:logAndReturn(89)) - a1fd6d11-0b72-4c96-8e55-07f63a3bc231@group-57FFFF11CB9D-LeaderElection77: ELECTION PASSED received 1 response(s) and 0 exception(s):
2024-02-06 10:04:24,072 [a1fd6d11-0b72-4c96-8e55-07f63a3bc231@group-57FFFF11CB9D-LeaderElection77] INFO  impl.LeaderElection (LeaderElection.java:logAndReturn(93)) -   Response 0: a1fd6d11-0b72-4c96-8e55-07f63a3bc231<-991f0bf8-3b66-4160-8c92-791fd313402a#0:OK-t1
2024-02-06 10:04:24,073 [a1fd6d11-0b72-4c96-8e55-07f63a3bc231@group-57FFFF11CB9D-LeaderElection77] INFO  impl.LeaderElection (LeaderElection.java:askForVotes(323)) - a1fd6d11-0b72-4c96-8e55-07f63a3bc231@group-57FFFF11CB9D-LeaderElection77 ELECTION round 0: result PASSED
2024-02-06 10:04:24,073 [a1fd6d11-0b72-4c96-8e55-07f63a3bc231@group-57FFFF11CB9D-LeaderElection77] INFO  impl.RoleInfo (RoleInfo.java:shutdownLeaderElection(130)) - a1fd6d11-0b72-4c96-8e55-07f63a3bc231: shutdown a1fd6d11-0b72-4c96-8e55-07f63a3bc231@group-57FFFF11CB9D-LeaderElection77
2024-02-06 10:04:24,073 [a1fd6d11-0b72-4c96-8e55-07f63a3bc231@group-57FFFF11CB9D-LeaderElection77] INFO  server.RaftServer$Division (RaftServerImpl.java:setRole(383)) - a1fd6d11-0b72-4c96-8e55-07f63a3bc231@group-57FFFF11CB9D: changes role from CANDIDATE to LEADER at term 1 for changeToLeader
2024-02-06 10:04:24,073 [a1fd6d11-0b72-4c96-8e55-07f63a3bc231@group-57FFFF11CB9D-LeaderElection77] INFO  server.RaftServerConfigKeys (ConfUtils.java:logGet(46)) - raft.server.staging.catchup.gap = 1000 (default)
2024-02-06 10:04:24,073 [ec6898a0-344d-48d8-8a85-11fa109d489b-NettyServerStreamRpc-bossGroup--thread1] INFO  logging.LoggingHandler (AbstractInternalLogger.java:log(148)) - [id: 0xde71cdaa, L:/0.0.0.0:15407] CLOSE
2024-02-06 10:04:24,073 [a1fd6d11-0b72-4c96-8e55-07f63a3bc231@group-57FFFF11CB9D-LeaderElection77] INFO  server.RaftServerConfigKeys (ConfUtils.java:logGet(46)) - raft.server.write.element-limit = 1024 (custom)
2024-02-06 10:04:24,073 [ec6898a0-344d-48d8-8a85-11fa109d489b-NettyServerStreamRpc-bossGroup--thread1] INFO  logging.LoggingHandler (AbstractInternalLogger.java:log(148)) - [id: 0xde71cdaa, L:/0.0.0.0:15407] INACTIVE
2024-02-06 10:04:24,074 [a1fd6d11-0b72-4c96-8e55-07f63a3bc231@group-57FFFF11CB9D-LeaderElection77] INFO  server.RaftServerConfigKeys (ConfUtils.java:logGet(46)) - raft.server.write.byte-limit = 1024 M (=1073741824) (custom)
2024-02-06 10:04:24,074 [ec6898a0-344d-48d8-8a85-11fa109d489b-NettyServerStreamRpc-bossGroup--thread1] INFO  logging.LoggingHandler (AbstractInternalLogger.java:log(148)) - [id: 0xde71cdaa, L:/0.0.0.0:15407] UNREGISTERED
2024-02-06 10:04:24,074 [a1fd6d11-0b72-4c96-8e55-07f63a3bc231@group-57FFFF11CB9D-LeaderElection77] INFO  server.RaftServerConfigKeys (ConfUtils.java:logGet(46)) - raft.server.watch.timeout = 3000ms (custom)
2024-02-06 10:04:24,074 [a1fd6d11-0b72-4c96-8e55-07f63a3bc231@group-57FFFF11CB9D-LeaderElection77] INFO  server.RaftServerConfigKeys (ConfUtils.java:logGet(46)) - raft.server.watch.timeout.denomination = 1s (default)
2024-02-06 10:04:24,074 [a1fd6d11-0b72-4c96-8e55-07f63a3bc231@group-57FFFF11CB9D-LeaderElection77] INFO  server.RaftServerConfigKeys (ConfUtils.java:logGet(46)) - raft.server.watch.element-limit = 65536 (default)
2024-02-06 10:04:24,074 [a1fd6d11-0b72-4c96-8e55-07f63a3bc231@group-57FFFF11CB9D-LeaderElection77] INFO  server.RaftServerConfigKeys (ConfUtils.java:logGet(46)) - raft.server.read.leader.lease.enabled = false (default)
2024-02-06 10:04:24,074 [a1fd6d11-0b72-4c96-8e55-07f63a3bc231@group-57FFFF11CB9D-LeaderElection77] INFO  server.RaftServerConfigKeys (ConfUtils.java:logGet(46)) - raft.server.read.leader.lease.timeout.ratio = 0.9 (default)
2024-02-06 10:04:24,074 [a1fd6d11-0b72-4c96-8e55-07f63a3bc231@group-57FFFF11CB9D-LeaderElection77] INFO  server.RaftServerConfigKeys (ConfUtils.java:logGet(46)) - raft.server.rpc.timeout.min = 5s (custom)
2024-02-06 10:04:24,074 [a1fd6d11-0b72-4c96-8e55-07f63a3bc231@group-57FFFF11CB9D-LeaderElection77] INFO  server.RaftServerConfigKeys (ConfUtils.java:logGet(46)) - raft.server.write.element-limit = 1024 (custom)
2024-02-06 10:04:24,074 [a1fd6d11-0b72-4c96-8e55-07f63a3bc231@group-57FFFF11CB9D-LeaderElection77] INFO  server.RaftServerConfigKeys (ConfUtils.java:logGet(46)) - raft.server.write.follower.gap.ratio.max = -1.0 (default)
2024-02-06 10:04:24,075 [a1fd6d11-0b72-4c96-8e55-07f63a3bc231@group-57FFFF11CB9D-LeaderElection77] INFO  server.RaftServerConfigKeys (ConfUtils.java:logGet(46)) - raft.server.log.appender.snapshot.chunk.size.max = 16MB (=16777216) (default)
2024-02-06 10:04:24,075 [a1fd6d11-0b72-4c96-8e55-07f63a3bc231@group-57FFFF11CB9D-LeaderElection77] INFO  server.RaftServerConfigKeys (ConfUtils.java:logGet(46)) - raft.server.log.appender.buffer.byte-limit = 8388608 (custom)
2024-02-06 10:04:24,075 [a1fd6d11-0b72-4c96-8e55-07f63a3bc231@group-57FFFF11CB9D-LeaderElection77] INFO  server.RaftServerConfigKeys (ConfUtils.java:logGet(46)) - raft.server.log.appender.buffer.element-limit = 1 (custom)
2024-02-06 10:04:24,075 [a1fd6d11-0b72-4c96-8e55-07f63a3bc231@group-57FFFF11CB9D-LeaderElection77] INFO  server.RaftServerConfigKeys (ConfUtils.java:logGet(46)) - raft.server.log.appender.wait-time.min = 0ms (custom)
2024-02-06 10:04:24,075 [a1fd6d11-0b72-4c96-8e55-07f63a3bc231@group-57FFFF11CB9D-LeaderElection77] INFO  grpc.GrpcConfigKeys (ConfUtils.java:logGet(46)) - raft.grpc.server.leader.outstanding.appends.max = 8 (default)
2024-02-06 10:04:24,075 [a1fd6d11-0b72-4c96-8e55-07f63a3bc231@group-57FFFF11CB9D-LeaderElection77] INFO  server.RaftServerConfigKeys (ConfUtils.java:logGet(46)) - raft.server.rpc.request.timeout = 3000ms (default)
2024-02-06 10:04:24,075 [a1fd6d11-0b72-4c96-8e55-07f63a3bc231@group-57FFFF11CB9D-LeaderElection77] INFO  grpc.GrpcConfigKeys (ConfUtils.java:logGet(46)) - raft.grpc.server.install_snapshot.request.element-limit = 8 (default)
2024-02-06 10:04:24,075 [a1fd6d11-0b72-4c96-8e55-07f63a3bc231@group-57FFFF11CB9D-LeaderElection77] INFO  grpc.GrpcConfigKeys (ConfUtils.java:logGet(46)) - raft.grpc.server.install_snapshot.request.timeout = 3000ms (default)
2024-02-06 10:04:24,075 [a1fd6d11-0b72-4c96-8e55-07f63a3bc231@group-57FFFF11CB9D-LeaderElection77] INFO  grpc.GrpcConfigKeys (ConfUtils.java:logGet(46)) - raft.grpc.server.log-message.batch.duration = 5s (default)
2024-02-06 10:04:24,075 [a1fd6d11-0b72-4c96-8e55-07f63a3bc231@group-57FFFF11CB9D-LeaderElection77] INFO  server.RaftServerConfigKeys (ConfUtils.java:logGet(46)) - raft.server.log.appender.install.snapshot.enabled = false (custom)
2024-02-06 10:04:24,075 [a1fd6d11-0b72-4c96-8e55-07f63a3bc231@group-57FFFF11CB9D-LeaderElection77] INFO  grpc.GrpcConfigKeys (ConfUtils.java:logGet(46)) - raft.grpc.server.heartbeat.channel = true (default)
2024-02-06 10:04:24,076 [a1fd6d11-0b72-4c96-8e55-07f63a3bc231@group-57FFFF11CB9D-LeaderElection77] INFO  server.RaftServerConfigKeys (ConfUtils.java:logGet(46)) - raft.server.log.appender.snapshot.chunk.size.max = 16MB (=16777216) (default)
2024-02-06 10:04:24,076 [a1fd6d11-0b72-4c96-8e55-07f63a3bc231@group-57FFFF11CB9D-LeaderElection77] INFO  server.RaftServerConfigKeys (ConfUtils.java:logGet(46)) - raft.server.log.appender.buffer.byte-limit = 8388608 (custom)
2024-02-06 10:04:24,076 [a1fd6d11-0b72-4c96-8e55-07f63a3bc231@group-57FFFF11CB9D-LeaderElection77] INFO  server.RaftServerConfigKeys (ConfUtils.java:logGet(46)) - raft.server.log.appender.buffer.element-limit = 1 (custom)
2024-02-06 10:04:24,078 [a1fd6d11-0b72-4c96-8e55-07f63a3bc231@group-57FFFF11CB9D-LeaderElection77] INFO  server.RaftServerConfigKeys (ConfUtils.java:logGet(46)) - raft.server.log.appender.wait-time.min = 0ms (custom)
2024-02-06 10:04:24,078 [a1fd6d11-0b72-4c96-8e55-07f63a3bc231@group-57FFFF11CB9D-LeaderElection77] INFO  grpc.GrpcConfigKeys (ConfUtils.java:logGet(46)) - raft.grpc.server.leader.outstanding.appends.max = 8 (default)
2024-02-06 10:04:24,078 [a1fd6d11-0b72-4c96-8e55-07f63a3bc231@group-57FFFF11CB9D-LeaderElection77] INFO  server.RaftServerConfigKeys (ConfUtils.java:logGet(46)) - raft.server.rpc.request.timeout = 3000ms (default)
2024-02-06 10:04:24,078 [a1fd6d11-0b72-4c96-8e55-07f63a3bc231@group-57FFFF11CB9D-LeaderElection77] INFO  grpc.GrpcConfigKeys (ConfUtils.java:logGet(46)) - raft.grpc.server.install_snapshot.request.element-limit = 8 (default)
2024-02-06 10:04:24,078 [a1fd6d11-0b72-4c96-8e55-07f63a3bc231@group-57FFFF11CB9D-LeaderElection77] INFO  grpc.GrpcConfigKeys (ConfUtils.java:logGet(46)) - raft.grpc.server.install_snapshot.request.timeout = 3000ms (default)
2024-02-06 10:04:24,078 [a1fd6d11-0b72-4c96-8e55-07f63a3bc231@group-57FFFF11CB9D-LeaderElection77] INFO  grpc.GrpcConfigKeys (ConfUtils.java:logGet(46)) - raft.grpc.server.log-message.batch.duration = 5s (default)
2024-02-06 10:04:24,078 [a1fd6d11-0b72-4c96-8e55-07f63a3bc231@group-57FFFF11CB9D-LeaderElection77] INFO  server.RaftServerConfigKeys (ConfUtils.java:logGet(46)) - raft.server.log.appender.install.snapshot.enabled = false (custom)
2024-02-06 10:04:24,078 [a1fd6d11-0b72-4c96-8e55-07f63a3bc231@group-57FFFF11CB9D-LeaderElection77] INFO  grpc.GrpcConfigKeys (ConfUtils.java:logGet(46)) - raft.grpc.server.heartbeat.channel = true (default)
2024-02-06 10:04:24,079 [a1fd6d11-0b72-4c96-8e55-07f63a3bc231@group-57FFFF11CB9D-LeaderElection77] INFO  impl.RoleInfo (RoleInfo.java:updateAndGet(139)) - a1fd6d11-0b72-4c96-8e55-07f63a3bc231: start a1fd6d11-0b72-4c96-8e55-07f63a3bc231@group-57FFFF11CB9D-LeaderStateImpl
2024-02-06 10:04:24,079 [a1fd6d11-0b72-4c96-8e55-07f63a3bc231@group-57FFFF11CB9D-LeaderElection77] INFO  server.RaftServer$Division (RaftServerImpl.java:setFirstElection(574)) - a1fd6d11-0b72-4c96-8e55-07f63a3bc231@group-57FFFF11CB9D: set firstElectionSinceStartup to false for becomeLeader
2024-02-06 10:04:24,079 [a1fd6d11-0b72-4c96-8e55-07f63a3bc231@group-57FFFF11CB9D-LeaderElection77] INFO  ratis.XceiverServerRatis (XceiverServerRatis.java:handleLeaderChangedNotification(966)) - Leader change notification received for group: group-57FFFF11CB9D with new leaderId: a1fd6d11-0b72-4c96-8e55-07f63a3bc231
2024-02-06 10:04:24,079 [a1fd6d11-0b72-4c96-8e55-07f63a3bc231@group-57FFFF11CB9D-LeaderElection77] INFO  server.RaftServer$Division (ServerState.java:setLeader(269)) - a1fd6d11-0b72-4c96-8e55-07f63a3bc231@group-57FFFF11CB9D: change Leader from null to a1fd6d11-0b72-4c96-8e55-07f63a3bc231 at term 1 for becomeLeader, leader elected after 5241ms
2024-02-06 10:04:24,079 [a1fd6d11-0b72-4c96-8e55-07f63a3bc231@group-57FFFF11CB9D-LeaderElection77] INFO  segmented.SegmentedRaftLogWorker (SegmentedRaftLogWorker.java:startLogSegment(430)) - a1fd6d11-0b72-4c96-8e55-07f63a3bc231@group-57FFFF11CB9D-SegmentedRaftLogWorker: Starting segment from index:0
2024-02-06 10:04:24,080 [a1fd6d11-0b72-4c96-8e55-07f63a3bc231@group-57FFFF11CB9D-LeaderElection77] INFO  server.RaftServer$Division (ServerState.java:setRaftConf(386)) - a1fd6d11-0b72-4c96-8e55-07f63a3bc231@group-57FFFF11CB9D: set configuration 0: peers:[991f0bf8-3b66-4160-8c92-791fd313402a|10.1.0.5:15442, 3978496b-7107-4711-aebb-7ffe7c8dd03a|10.1.0.5:15424, a1fd6d11-0b72-4c96-8e55-07f63a3bc231|10.1.0.5:15433]|listeners:[], old=null
2024-02-06 10:04:24,082 [a1fd6d11-0b72-4c96-8e55-07f63a3bc231@group-57FFFF11CB9D-SegmentedRaftLogWorker] INFO  segmented.BufferedWriteChannel (BufferedWriteChannel.java:open(62)) - open log_inprogress_0 at position 0
2024-02-06 10:04:24,082 [EventQueue-PipelineReportForPipelineReportHandler] INFO  pipeline.PipelineReportHandler (PipelineReportHandler.java:processPipelineReport(136)) - Opened pipeline PipelineID=9c263ce7-3999-457c-a556-57ffff11cb9d
2024-02-06 10:04:24,088 [991f0bf8-3b66-4160-8c92-791fd313402a-server-thread1] INFO  ratis.XceiverServerRatis (XceiverServerRatis.java:handleLeaderChangedNotification(966)) - Leader change notification received for group: group-57FFFF11CB9D with new leaderId: a1fd6d11-0b72-4c96-8e55-07f63a3bc231
2024-02-06 10:04:24,089 [991f0bf8-3b66-4160-8c92-791fd313402a-server-thread1] INFO  server.RaftServer$Division (ServerState.java:setLeader(269)) - 991f0bf8-3b66-4160-8c92-791fd313402a@group-57FFFF11CB9D: change Leader from null to a1fd6d11-0b72-4c96-8e55-07f63a3bc231 at term 1 for appendEntries, leader elected after 5270ms
2024-02-06 10:04:24,090 [a1fd6d11-0b72-4c96-8e55-07f63a3bc231@group-57FFFF11CB9D-SegmentedRaftLogWorker] INFO  segmented.SegmentedRaftLogWorker (SegmentedRaftLogWorker.java:execute(634)) - a1fd6d11-0b72-4c96-8e55-07f63a3bc231@group-57FFFF11CB9D-SegmentedRaftLogWorker: created new log segment /home/runner/work/ozone/ozone/hadoop-ozone/integration-test/target/test-dir/MiniOzoneClusterImpl-0ae4c21d-b8eb-4e36-9639-963ec8fb7de7/datanode-7/data/ratis/9c263ce7-3999-457c-a556-57ffff11cb9d/current/log_inprogress_0
2024-02-06 10:04:24,091 [3978496b-7107-4711-aebb-7ffe7c8dd03a-server-thread1] INFO  ratis.XceiverServerRatis (XceiverServerRatis.java:handleLeaderChangedNotification(966)) - Leader change notification received for group: group-57FFFF11CB9D with new leaderId: a1fd6d11-0b72-4c96-8e55-07f63a3bc231
2024-02-06 10:04:24,091 [991f0bf8-3b66-4160-8c92-791fd313402a-server-thread3] INFO  server.RaftServer$Division (ServerState.java:setRaftConf(386)) - 991f0bf8-3b66-4160-8c92-791fd313402a@group-57FFFF11CB9D: set configuration 0: peers:[991f0bf8-3b66-4160-8c92-791fd313402a|10.1.0.5:15442, 3978496b-7107-4711-aebb-7ffe7c8dd03a|10.1.0.5:15424, a1fd6d11-0b72-4c96-8e55-07f63a3bc231|10.1.0.5:15433]|listeners:[], old=null
2024-02-06 10:04:24,091 [3978496b-7107-4711-aebb-7ffe7c8dd03a-server-thread1] INFO  server.RaftServer$Division (ServerState.java:setLeader(269)) - 3978496b-7107-4711-aebb-7ffe7c8dd03a@group-57FFFF11CB9D: change Leader from null to a1fd6d11-0b72-4c96-8e55-07f63a3bc231 at term 1 for appendEntries, leader elected after 5290ms
2024-02-06 10:04:24,092 [991f0bf8-3b66-4160-8c92-791fd313402a-server-thread3] INFO  segmented.SegmentedRaftLogWorker (SegmentedRaftLogWorker.java:startLogSegment(430)) - 991f0bf8-3b66-4160-8c92-791fd313402a@group-57FFFF11CB9D-SegmentedRaftLogWorker: Starting segment from index:0
2024-02-06 10:04:24,097 [3978496b-7107-4711-aebb-7ffe7c8dd03a-server-thread2] INFO  server.RaftServer$Division (ServerState.java:setRaftConf(386)) - 3978496b-7107-4711-aebb-7ffe7c8dd03a@group-57FFFF11CB9D: set configuration 0: peers:[991f0bf8-3b66-4160-8c92-791fd313402a|10.1.0.5:15442, 3978496b-7107-4711-aebb-7ffe7c8dd03a|10.1.0.5:15424, a1fd6d11-0b72-4c96-8e55-07f63a3bc231|10.1.0.5:15433]|listeners:[], old=null
2024-02-06 10:04:24,098 [991f0bf8-3b66-4160-8c92-791fd313402a@group-57FFFF11CB9D-SegmentedRaftLogWorker] INFO  segmented.BufferedWriteChannel (BufferedWriteChannel.java:open(62)) - open log_inprogress_0 at position 0
2024-02-06 10:04:24,098 [3978496b-7107-4711-aebb-7ffe7c8dd03a-server-thread2] INFO  segmented.SegmentedRaftLogWorker (SegmentedRaftLogWorker.java:startLogSegment(430)) - 3978496b-7107-4711-aebb-7ffe7c8dd03a@group-57FFFF11CB9D-SegmentedRaftLogWorker: Starting segment from index:0
2024-02-06 10:04:24,098 [3978496b-7107-4711-aebb-7ffe7c8dd03a@group-57FFFF11CB9D-SegmentedRaftLogWorker] INFO  segmented.BufferedWriteChannel (BufferedWriteChannel.java:open(62)) - open log_inprogress_0 at position 0
2024-02-06 10:04:24,108 [991f0bf8-3b66-4160-8c92-791fd313402a@group-57FFFF11CB9D-SegmentedRaftLogWorker] INFO  segmented.SegmentedRaftLogWorker (SegmentedRaftLogWorker.java:execute(634)) - 991f0bf8-3b66-4160-8c92-791fd313402a@group-57FFFF11CB9D-SegmentedRaftLogWorker: created new log segment /home/runner/work/ozone/ozone/hadoop-ozone/integration-test/target/test-dir/MiniOzoneClusterImpl-0ae4c21d-b8eb-4e36-9639-963ec8fb7de7/datanode-8/data/ratis/9c263ce7-3999-457c-a556-57ffff11cb9d/current/log_inprogress_0
2024-02-06 10:04:24,110 [3978496b-7107-4711-aebb-7ffe7c8dd03a@group-57FFFF11CB9D-SegmentedRaftLogWorker] INFO  segmented.SegmentedRaftLogWorker (SegmentedRaftLogWorker.java:execute(634)) - 3978496b-7107-4711-aebb-7ffe7c8dd03a@group-57FFFF11CB9D-SegmentedRaftLogWorker: created new log segment /home/runner/work/ozone/ozone/hadoop-ozone/integration-test/target/test-dir/MiniOzoneClusterImpl-0ae4c21d-b8eb-4e36-9639-963ec8fb7de7/datanode-6/data/ratis/9c263ce7-3999-457c-a556-57ffff11cb9d/current/log_inprogress_0
2024-02-06 10:04:24,110 [a1fd6d11-0b72-4c96-8e55-07f63a3bc231@group-57FFFF11CB9D-StateMachineUpdater] INFO  server.RaftServer$Division (LeaderStateImpl.java:isApplied(320)) - leader is ready since appliedIndex == 0 >= startIndex == 0
2024-02-06 10:04:24,131 [991f0bf8-3b66-4160-8c92-791fd313402a@group-EF4BB6A64106-FollowerState] INFO  impl.FollowerState (FollowerState.java:run(143)) - 991f0bf8-3b66-4160-8c92-791fd313402a@group-EF4BB6A64106-FollowerState: change to CANDIDATE, lastRpcElapsedTime:5151553425ns, electionTimeout:5151ms
2024-02-06 10:04:24,131 [991f0bf8-3b66-4160-8c92-791fd313402a@group-EF4BB6A64106-FollowerState] INFO  impl.RoleInfo (RoleInfo.java:shutdownFollowerState(110)) - 991f0bf8-3b66-4160-8c92-791fd313402a: shutdown 991f0bf8-3b66-4160-8c92-791fd313402a@group-EF4BB6A64106-FollowerState
2024-02-06 10:04:24,131 [991f0bf8-3b66-4160-8c92-791fd313402a@group-EF4BB6A64106-FollowerState] INFO  server.RaftServer$Division (RaftServerImpl.java:setRole(383)) - 991f0bf8-3b66-4160-8c92-791fd313402a@group-EF4BB6A64106: changes role from  FOLLOWER to CANDIDATE at term 0 for changeToCandidate
2024-02-06 10:04:24,131 [991f0bf8-3b66-4160-8c92-791fd313402a@group-EF4BB6A64106-FollowerState] INFO  server.RaftServerConfigKeys (ConfUtils.java:logGet(46)) - raft.server.leaderelection.pre-vote = true (default)
2024-02-06 10:04:24,131 [991f0bf8-3b66-4160-8c92-791fd313402a@group-EF4BB6A64106-FollowerState] INFO  impl.RoleInfo (RoleInfo.java:updateAndGet(139)) - 991f0bf8-3b66-4160-8c92-791fd313402a: start 991f0bf8-3b66-4160-8c92-791fd313402a@group-EF4BB6A64106-LeaderElection78
2024-02-06 10:04:24,133 [991f0bf8-3b66-4160-8c92-791fd313402a@group-EF4BB6A64106-LeaderElection78] INFO  impl.LeaderElection (LeaderElection.java:askForVotes(321)) - 991f0bf8-3b66-4160-8c92-791fd313402a@group-EF4BB6A64106-LeaderElection78 PRE_VOTE round 0: submit vote requests at term 0 for -1: peers:[991f0bf8-3b66-4160-8c92-791fd313402a|10.1.0.5:15442]|listeners:[], old=null
2024-02-06 10:04:24,133 [991f0bf8-3b66-4160-8c92-791fd313402a@group-EF4BB6A64106-LeaderElection78] INFO  impl.LeaderElection (LeaderElection.java:askForVotes(323)) - 991f0bf8-3b66-4160-8c92-791fd313402a@group-EF4BB6A64106-LeaderElection78 PRE_VOTE round 0: result PASSED (term=0)
2024-02-06 10:04:24,133 [991f0bf8-3b66-4160-8c92-791fd313402a@group-EF4BB6A64106-LeaderElection78] INFO  impl.LeaderElection (LeaderElection.java:askForVotes(321)) - 991f0bf8-3b66-4160-8c92-791fd313402a@group-EF4BB6A64106-LeaderElection78 ELECTION round 0: submit vote requests at term 1 for -1: peers:[991f0bf8-3b66-4160-8c92-791fd313402a|10.1.0.5:15442]|listeners:[], old=null
2024-02-06 10:04:24,134 [991f0bf8-3b66-4160-8c92-791fd313402a@group-EF4BB6A64106-LeaderElection78] INFO  impl.LeaderElection (LeaderElection.java:askForVotes(323)) - 991f0bf8-3b66-4160-8c92-791fd313402a@group-EF4BB6A64106-LeaderElection78 ELECTION round 0: result PASSED (term=1)
2024-02-06 10:04:24,134 [991f0bf8-3b66-4160-8c92-791fd313402a@group-EF4BB6A64106-LeaderElection78] INFO  impl.RoleInfo (RoleInfo.java:shutdownLeaderElection(130)) - 991f0bf8-3b66-4160-8c92-791fd313402a: shutdown 991f0bf8-3b66-4160-8c92-791fd313402a@group-EF4BB6A64106-LeaderElection78
2024-02-06 10:04:24,134 [991f0bf8-3b66-4160-8c92-791fd313402a@group-EF4BB6A64106-LeaderElection78] INFO  server.RaftServer$Division (RaftServerImpl.java:setRole(383)) - 991f0bf8-3b66-4160-8c92-791fd313402a@group-EF4BB6A64106: changes role from CANDIDATE to LEADER at term 1 for changeToLeader
2024-02-06 10:04:24,134 [991f0bf8-3b66-4160-8c92-791fd313402a@group-EF4BB6A64106-LeaderElection78] INFO  server.RaftServerConfigKeys (ConfUtils.java:logGet(46)) - raft.server.staging.catchup.gap = 1000 (default)
2024-02-06 10:04:24,134 [991f0bf8-3b66-4160-8c92-791fd313402a@group-EF4BB6A64106-LeaderElection78] INFO  server.RaftServerConfigKeys (ConfUtils.java:logGet(46)) - raft.server.write.element-limit = 1024 (custom)
2024-02-06 10:04:24,134 [991f0bf8-3b66-4160-8c92-791fd313402a@group-EF4BB6A64106-LeaderElection78] INFO  server.RaftServerConfigKeys (ConfUtils.java:logGet(46)) - raft.server.write.byte-limit = 1024 M (=1073741824) (custom)
2024-02-06 10:04:24,134 [991f0bf8-3b66-4160-8c92-791fd313402a@group-EF4BB6A64106-LeaderElection78] INFO  server.RaftServerConfigKeys (ConfUtils.java:logGet(46)) - raft.server.watch.timeout = 3000ms (custom)
2024-02-06 10:04:24,134 [991f0bf8-3b66-4160-8c92-791fd313402a@group-EF4BB6A64106-LeaderElection78] INFO  server.RaftServerConfigKeys (ConfUtils.java:logGet(46)) - raft.server.watch.timeout.denomination = 1s (default)
2024-02-06 10:04:24,134 [991f0bf8-3b66-4160-8c92-791fd313402a@group-EF4BB6A64106-LeaderElection78] INFO  server.RaftServerConfigKeys (ConfUtils.java:logGet(46)) - raft.server.watch.element-limit = 65536 (default)
2024-02-06 10:04:24,134 [991f0bf8-3b66-4160-8c92-791fd313402a@group-EF4BB6A64106-LeaderElection78] INFO  server.RaftServerConfigKeys (ConfUtils.java:logGet(46)) - raft.server.read.leader.lease.enabled = false (default)
2024-02-06 10:04:24,134 [991f0bf8-3b66-4160-8c92-791fd313402a@group-EF4BB6A64106-LeaderElection78] INFO  server.RaftServerConfigKeys (ConfUtils.java:logGet(46)) - raft.server.read.leader.lease.timeout.ratio = 0.9 (default)
2024-02-06 10:04:24,134 [991f0bf8-3b66-4160-8c92-791fd313402a@group-EF4BB6A64106-LeaderElection78] INFO  server.RaftServerConfigKeys (ConfUtils.java:logGet(46)) - raft.server.rpc.timeout.min = 5s (custom)
2024-02-06 10:04:24,134 [991f0bf8-3b66-4160-8c92-791fd313402a@group-EF4BB6A64106-LeaderElection78] INFO  server.RaftServerConfigKeys (ConfUtils.java:logGet(46)) - raft.server.write.element-limit = 1024 (custom)
2024-02-06 10:04:24,134 [991f0bf8-3b66-4160-8c92-791fd313402a@group-EF4BB6A64106-LeaderElection78] INFO  server.RaftServerConfigKeys (ConfUtils.java:logGet(46)) - raft.server.write.follower.gap.ratio.max = -1.0 (default)
2024-02-06 10:04:24,134 [991f0bf8-3b66-4160-8c92-791fd313402a@group-EF4BB6A64106-LeaderElection78] INFO  impl.RoleInfo (RoleInfo.java:updateAndGet(139)) - 991f0bf8-3b66-4160-8c92-791fd313402a: start 991f0bf8-3b66-4160-8c92-791fd313402a@group-EF4BB6A64106-LeaderStateImpl
2024-02-06 10:04:24,134 [991f0bf8-3b66-4160-8c92-791fd313402a@group-EF4BB6A64106-LeaderElection78] INFO  server.RaftServer$Division (RaftServerImpl.java:setFirstElection(574)) - 991f0bf8-3b66-4160-8c92-791fd313402a@group-EF4BB6A64106: set firstElectionSinceStartup to false for becomeLeader
2024-02-06 10:04:24,134 [991f0bf8-3b66-4160-8c92-791fd313402a@group-EF4BB6A64106-LeaderElection78] INFO  ratis.XceiverServerRatis (XceiverServerRatis.java:handleLeaderChangedNotification(966)) - Leader change notification received for group: group-EF4BB6A64106 with new leaderId: 991f0bf8-3b66-4160-8c92-791fd313402a
2024-02-06 10:04:24,134 [991f0bf8-3b66-4160-8c92-791fd313402a@group-EF4BB6A64106-LeaderElection78] INFO  server.RaftServer$Division (ServerState.java:setLeader(269)) - 991f0bf8-3b66-4160-8c92-791fd313402a@group-EF4BB6A64106: change Leader from null to 991f0bf8-3b66-4160-8c92-791fd313402a at term 1 for becomeLeader, leader elected after 5167ms
2024-02-06 10:04:24,135 [991f0bf8-3b66-4160-8c92-791fd313402a@group-EF4BB6A64106-LeaderElection78] INFO  segmented.SegmentedRaftLogWorker (SegmentedRaftLogWorker.java:startLogSegment(430)) - 991f0bf8-3b66-4160-8c92-791fd313402a@group-EF4BB6A64106-SegmentedRaftLogWorker: Starting segment from index:0
2024-02-06 10:04:24,136 [991f0bf8-3b66-4160-8c92-791fd313402a@group-EF4BB6A64106-LeaderElection78] INFO  server.RaftServer$Division (ServerState.java:setRaftConf(386)) - 991f0bf8-3b66-4160-8c92-791fd313402a@group-EF4BB6A64106: set configuration 0: peers:[991f0bf8-3b66-4160-8c92-791fd313402a|10.1.0.5:15442]|listeners:[], old=null
2024-02-06 10:04:24,136 [991f0bf8-3b66-4160-8c92-791fd313402a@group-EF4BB6A64106-SegmentedRaftLogWorker] INFO  segmented.BufferedWriteChannel (BufferedWriteChannel.java:open(62)) - open log_inprogress_0 at position 0
2024-02-06 10:04:24,143 [991f0bf8-3b66-4160-8c92-791fd313402a@group-EF4BB6A64106-SegmentedRaftLogWorker] INFO  segmented.SegmentedRaftLogWorker (SegmentedRaftLogWorker.java:execute(634)) - 991f0bf8-3b66-4160-8c92-791fd313402a@group-EF4BB6A64106-SegmentedRaftLogWorker: created new log segment /home/runner/work/ozone/ozone/hadoop-ozone/integration-test/target/test-dir/MiniOzoneClusterImpl-0ae4c21d-b8eb-4e36-9639-963ec8fb7de7/datanode-8/data/ratis/6a97148f-37fc-4cec-b42c-ef4bb6a64106/current/log_inprogress_0
2024-02-06 10:04:24,144 [991f0bf8-3b66-4160-8c92-791fd313402a@group-EF4BB6A64106-StateMachineUpdater] INFO  server.RaftServer$Division (LeaderStateImpl.java:isApplied(320)) - leader is ready since appliedIndex == 0 >= startIndex == 0
2024-02-06 10:04:24,788 [ec6898a0-344d-48d8-8a85-11fa109d489b-impl-thread2] INFO  segmented.SegmentedRaftLogWorker (SegmentedRaftLogWorker.java:close(245)) - ec6898a0-344d-48d8-8a85-11fa109d489b@group-8A03B379FAE5-SegmentedRaftLogWorker close()
2024-02-06 10:04:25,015 [ec6898a0-344d-48d8-8a85-11fa109d489b-impl-thread1] INFO  segmented.SegmentedRaftLogWorker (SegmentedRaftLogWorker.java:close(245)) - ec6898a0-344d-48d8-8a85-11fa109d489b@group-AF88B31BBEE2-SegmentedRaftLogWorker close()
2024-02-06 10:04:25,017 [JvmPauseMonitor50] INFO  util.JvmPauseMonitor (JvmPauseMonitor.java:run(152)) - JvmPauseMonitor-ec6898a0-344d-48d8-8a85-11fa109d489b: Stopped
2024-02-06 10:04:27,020 [main] INFO  utils.DatanodeStoreCache (DatanodeStoreCache.java:shutdownCache(116)) - Skip clearing cache in mini cluster mode. Entries left: [/home/runner/work/ozone/ozone/hadoop-ozone/integration-test/target/test-dir/MiniOzoneClusterImpl-0ae4c21d-b8eb-4e36-9639-963ec8fb7de7/datanode-0/data-0/containers/hdds/0ae4c21d-b8eb-4e36-9639-963ec8fb7de7/DS-1cce097d-c9be-4c23-a45b-c156467779d6/container.db, /home/runner/work/ozone/ozone/hadoop-ozone/integration-test/target/test-dir/MiniOzoneClusterImpl-0ae4c21d-b8eb-4e36-9639-963ec8fb7de7/datanode-1/data-0/containers/hdds/0ae4c21d-b8eb-4e36-9639-963ec8fb7de7/DS-4439f3f2-9794-4e74-8fbb-25d4c886185b/container.db, /home/runner/work/ozone/ozone/hadoop-ozone/integration-test/target/test-dir/MiniOzoneClusterImpl-0ae4c21d-b8eb-4e36-9639-963ec8fb7de7/datanode-2/data-0/containers/hdds/0ae4c21d-b8eb-4e36-9639-963ec8fb7de7/DS-cf1d579f-59f3-4d86-8bb6-ee58bcb6f5c5/container.db, /home/runner/work/ozone/ozone/hadoop-ozone/integration-test/target/test-dir/MiniOzoneClusterImpl-0ae4c21d-b8eb-4e36-9639-963ec8fb7de7/datanode-3/data-0/containers/hdds/0ae4c21d-b8eb-4e36-9639-963ec8fb7de7/DS-4cd88073-c699-49b7-8ed0-07e122502b2c/container.db, /home/runner/work/ozone/ozone/hadoop-ozone/integration-test/target/test-dir/MiniOzoneClusterImpl-0ae4c21d-b8eb-4e36-9639-963ec8fb7de7/datanode-4/data-0/containers/hdds/0ae4c21d-b8eb-4e36-9639-963ec8fb7de7/DS-f5d41f2a-0ed0-4932-8902-58f39ff85a39/container.db, /home/runner/work/ozone/ozone/hadoop-ozone/integration-test/target/test-dir/MiniOzoneClusterImpl-0ae4c21d-b8eb-4e36-9639-963ec8fb7de7/datanode-5/data-0/containers/hdds/0ae4c21d-b8eb-4e36-9639-963ec8fb7de7/DS-f6ea85c3-0e15-4ca1-812f-6eec42c300c7/container.db, /home/runner/work/ozone/ozone/hadoop-ozone/integration-test/target/test-dir/MiniOzoneClusterImpl-0ae4c21d-b8eb-4e36-9639-963ec8fb7de7/datanode-6/data-0/containers/hdds/0ae4c21d-b8eb-4e36-9639-963ec8fb7de7/DS-a5e7b77b-cf41-4d9a-9b56-74f5e9ad063d/container.db, /home/runner/work/ozone/ozone/hadoop-ozone/integration-test/target/test-dir/MiniOzoneClusterImpl-0ae4c21d-b8eb-4e36-9639-963ec8fb7de7/datanode-7/data-0/containers/hdds/0ae4c21d-b8eb-4e36-9639-963ec8fb7de7/DS-fec45e82-740d-4055-9a81-1469d04ff76a/container.db, /home/runner/work/ozone/ozone/hadoop-ozone/integration-test/target/test-dir/MiniOzoneClusterImpl-0ae4c21d-b8eb-4e36-9639-963ec8fb7de7/datanode-8/data-0/containers/hdds/0ae4c21d-b8eb-4e36-9639-963ec8fb7de7/DS-6d49bb94-f7cb-4c95-bbc0-f6006e714833/container.db]
2024-02-06 10:04:27,025 [main] INFO  utils.DatanodeStoreCache (DatanodeStoreCache.java:removeDB(110)) - Removed db /home/runner/work/ozone/ozone/hadoop-ozone/integration-test/target/test-dir/MiniOzoneClusterImpl-0ae4c21d-b8eb-4e36-9639-963ec8fb7de7/datanode-4/data-0/containers/hdds/0ae4c21d-b8eb-4e36-9639-963ec8fb7de7/DS-f5d41f2a-0ed0-4932-8902-58f39ff85a39/container.db from cache
2024-02-06 10:04:27,025 [main] INFO  volume.HddsVolume (HddsVolume.java:closeDbStore(451)) - SchemaV3 db is stopped at /home/runner/work/ozone/ozone/hadoop-ozone/integration-test/target/test-dir/MiniOzoneClusterImpl-0ae4c21d-b8eb-4e36-9639-963ec8fb7de7/datanode-4/data-0/containers/hdds/0ae4c21d-b8eb-4e36-9639-963ec8fb7de7/DS-f5d41f2a-0ed0-4932-8902-58f39ff85a39/container.db for volume DS-f5d41f2a-0ed0-4932-8902-58f39ff85a39
2024-02-06 10:04:27,025 [main] INFO  utils.BackgroundService (BackgroundService.java:shutdown(160)) - Shutting down service BlockDeletingService
2024-02-06 10:04:27,025 [main] INFO  utils.BackgroundService (BackgroundService.java:shutdown(160)) - Shutting down service StaleRecoveringContainerScrubbingService
2024-02-06 10:04:27,026 [main] INFO  statemachine.DatanodeStateMachine (DatanodeStateMachine.java:stopDaemon(638)) - Ozone container server stopped.
2024-02-06 10:04:27,027 [main] INFO  handler.ContextHandler (ContextHandler.java:doStop(1159)) - Stopped o.e.j.w.WebAppContext@338b7bd9{hddsDatanode,/,null,STOPPED}{jar:file:/home/runner/.m2/repository/org/apache/ozone/hdds-container-service/1.5.0-SNAPSHOT/hdds-container-service-1.5.0-SNAPSHOT.jar!/webapps/hddsDatanode}
2024-02-06 10:04:27,028 [main] INFO  server.AbstractConnector (AbstractConnector.java:doStop(383)) - Stopped ServerConnector@1f063314{HTTP/1.1, (http/1.1)}{0.0.0.0:15401}
2024-02-06 10:04:27,029 [main] INFO  server.session (HouseKeeper.java:stopScavenging(149)) - node0 Stopped scavenging
2024-02-06 10:04:27,029 [main] INFO  handler.ContextHandler (ContextHandler.java:doStop(1159)) - Stopped o.e.j.s.ServletContextHandler@4939e1d8{static,/static,jar:file:/home/runner/.m2/repository/org/apache/ozone/hdds-container-service/1.5.0-SNAPSHOT/hdds-container-service-1.5.0-SNAPSHOT.jar!/webapps/static,STOPPED}
2024-02-06 10:04:27,029 [main] INFO  handler.ContextHandler (ContextHandler.java:doStop(1159)) - Stopped o.e.j.s.ServletContextHandler@4277599c{logs,/logs,file:///home/runner/work/ozone/ozone/hadoop-ozone/integration-test/target/log,STOPPED}
2024-02-06 10:04:27,031 [main] INFO  ozone.HddsDatanodeClientProtocolServer (HddsDatanodeClientProtocolServer.java:stop(78)) - Stopping the RPC server for Client Protocol
2024-02-06 10:04:27,031 [main] INFO  ipc.Server (Server.java:stop(3523)) - Stopping server on 15402
2024-02-06 10:04:27,032 [IPC Server listener on 15402] INFO  ipc.Server (Server.java:run(1434)) - Stopping IPC Server listener on 15402
2024-02-06 10:04:27,032 [IPC Server Responder] INFO  ipc.Server (Server.java:run(1567)) - Stopping IPC Server Responder
2024-02-06 10:04:27,034 [main] INFO  ozoneimpl.OzoneContainer (OzoneContainer.java:stop(481)) - Attempting to stop container services.
2024-02-06 10:04:27,034 [main] INFO  server.RaftServer (RaftServerProxy.java:lambda$close$9(416)) - b79ed0a0-6c36-4ab9-80cb-79cc2b7dd541: close
2024-02-06 10:04:27,034 [b79ed0a0-6c36-4ab9-80cb-79cc2b7dd541-impl-thread1] INFO  server.RaftServer$Division (RaftServerImpl.java:lambda$close$3(526)) - b79ed0a0-6c36-4ab9-80cb-79cc2b7dd541@group-233509287903: shutdown
2024-02-06 10:04:27,034 [b79ed0a0-6c36-4ab9-80cb-79cc2b7dd541-impl-thread1] INFO  util.JmxRegister (JmxRegister.java:unregister(73)) - Successfully un-registered JMX Bean with object name Ratis:service=RaftServer,group=group-233509287903,id=b79ed0a0-6c36-4ab9-80cb-79cc2b7dd541
2024-02-06 10:04:27,035 [main] INFO  server.GrpcService (GrpcService.java:closeImpl(311)) - b79ed0a0-6c36-4ab9-80cb-79cc2b7dd541: shutdown server org.apache.ratis.grpc.server.GrpcClientProtocolService now
2024-02-06 10:04:27,035 [b79ed0a0-6c36-4ab9-80cb-79cc2b7dd541-impl-thread2] INFO  server.RaftServer$Division (RaftServerImpl.java:lambda$close$3(526)) - b79ed0a0-6c36-4ab9-80cb-79cc2b7dd541@group-AF88B31BBEE2: shutdown
2024-02-06 10:04:27,035 [b79ed0a0-6c36-4ab9-80cb-79cc2b7dd541-impl-thread2] INFO  util.JmxRegister (JmxRegister.java:unregister(73)) - Successfully un-registered JMX Bean with object name Ratis:service=RaftServer,group=group-AF88B31BBEE2,id=b79ed0a0-6c36-4ab9-80cb-79cc2b7dd541
2024-02-06 10:04:27,035 [b79ed0a0-6c36-4ab9-80cb-79cc2b7dd541-impl-thread2] INFO  impl.RoleInfo (RoleInfo.java:shutdownFollowerState(110)) - b79ed0a0-6c36-4ab9-80cb-79cc2b7dd541: shutdown b79ed0a0-6c36-4ab9-80cb-79cc2b7dd541@group-AF88B31BBEE2-FollowerState
2024-02-06 10:04:27,035 [b79ed0a0-6c36-4ab9-80cb-79cc2b7dd541@group-AF88B31BBEE2-FollowerState] INFO  impl.FollowerState (FollowerState.java:run(152)) - b79ed0a0-6c36-4ab9-80cb-79cc2b7dd541@group-AF88B31BBEE2-FollowerState was interrupted
2024-02-06 10:04:27,035 [b79ed0a0-6c36-4ab9-80cb-79cc2b7dd541-impl-thread2] INFO  impl.StateMachineUpdater (StateMachineUpdater.java:stopAndJoin(157)) - b79ed0a0-6c36-4ab9-80cb-79cc2b7dd541@group-AF88B31BBEE2-StateMachineUpdater: set stopIndex = 2
2024-02-06 10:04:27,035 [b79ed0a0-6c36-4ab9-80cb-79cc2b7dd541-impl-thread1] INFO  impl.RoleInfo (RoleInfo.java:shutdownLeaderState(94)) - b79ed0a0-6c36-4ab9-80cb-79cc2b7dd541: shutdown b79ed0a0-6c36-4ab9-80cb-79cc2b7dd541@group-233509287903-LeaderStateImpl
2024-02-06 10:04:27,035 [b79ed0a0-6c36-4ab9-80cb-79cc2b7dd541@group-AF88B31BBEE2-StateMachineUpdater] INFO  ratis.ContainerStateMachine (ContainerStateMachine.java:takeSnapshot(355)) - group-AF88B31BBEE2: Taking a snapshot at:(t:1, i:2) file /home/runner/work/ozone/ozone/hadoop-ozone/integration-test/target/test-dir/MiniOzoneClusterImpl-0ae4c21d-b8eb-4e36-9639-963ec8fb7de7/datanode-3/data/ratis/80ec1573-1410-4521-97d2-af88b31bbee2/sm/snapshot.1_2
2024-02-06 10:04:27,035 [b79ed0a0-6c36-4ab9-80cb-79cc2b7dd541-impl-thread1] INFO  impl.PendingRequests (PendingRequests.java:sendNotLeaderResponses(289)) - b79ed0a0-6c36-4ab9-80cb-79cc2b7dd541@group-233509287903-PendingRequests: sendNotLeaderResponses
2024-02-06 10:04:27,036 [b79ed0a0-6c36-4ab9-80cb-79cc2b7dd541-impl-thread1] INFO  impl.StateMachineUpdater (StateMachineUpdater.java:stopAndJoin(157)) - b79ed0a0-6c36-4ab9-80cb-79cc2b7dd541@group-233509287903-StateMachineUpdater: set stopIndex = 0
2024-02-06 10:04:27,036 [b79ed0a0-6c36-4ab9-80cb-79cc2b7dd541@group-233509287903-StateMachineUpdater] INFO  ratis.ContainerStateMachine (ContainerStateMachine.java:takeSnapshot(355)) - group-233509287903: Taking a snapshot at:(t:1, i:0) file /home/runner/work/ozone/ozone/hadoop-ozone/integration-test/target/test-dir/MiniOzoneClusterImpl-0ae4c21d-b8eb-4e36-9639-963ec8fb7de7/datanode-3/data/ratis/ccf1b010-1b08-41eb-aa39-233509287903/sm/snapshot.1_0
2024-02-06 10:04:27,036 [main] INFO  server.GrpcService (GrpcService.java:closeImpl(320)) - b79ed0a0-6c36-4ab9-80cb-79cc2b7dd541: shutdown server org.apache.ratis.grpc.server.GrpcClientProtocolService successfully
2024-02-06 10:04:27,036 [main] INFO  server.GrpcService (GrpcService.java:closeImpl(311)) - b79ed0a0-6c36-4ab9-80cb-79cc2b7dd541: shutdown server GrpcServerProtocolService now
2024-02-06 10:04:27,036 [b79ed0a0-6c36-4ab9-80cb-79cc2b7dd541@group-AF88B31BBEE2-StateMachineUpdater] INFO  ratis.ContainerStateMachine (ContainerStateMachine.java:takeSnapshot(366)) - group-AF88B31BBEE2: Finished taking a snapshot at:(t:1, i:2) file:/home/runner/work/ozone/ozone/hadoop-ozone/integration-test/target/test-dir/MiniOzoneClusterImpl-0ae4c21d-b8eb-4e36-9639-963ec8fb7de7/datanode-3/data/ratis/80ec1573-1410-4521-97d2-af88b31bbee2/sm/snapshot.1_2 took: 1 ms
2024-02-06 10:04:27,036 [b79ed0a0-6c36-4ab9-80cb-79cc2b7dd541@group-AF88B31BBEE2-StateMachineUpdater] INFO  impl.StateMachineUpdater (StateMachineUpdater.java:takeSnapshot(295)) - b79ed0a0-6c36-4ab9-80cb-79cc2b7dd541@group-AF88B31BBEE2-StateMachineUpdater: Took a snapshot at index 2
2024-02-06 10:04:27,037 [b79ed0a0-6c36-4ab9-80cb-79cc2b7dd541@group-AF88B31BBEE2-StateMachineUpdater] INFO  impl.StateMachineUpdater (StateMachineUpdater.java:lambda$new$0(98)) - b79ed0a0-6c36-4ab9-80cb-79cc2b7dd541@group-AF88B31BBEE2-StateMachineUpdater: snapshotIndex: updateIncreasingly -1 -> 2
2024-02-06 10:04:27,037 [main] INFO  server.GrpcService (GrpcService.java:closeImpl(320)) - b79ed0a0-6c36-4ab9-80cb-79cc2b7dd541: shutdown server GrpcServerProtocolService successfully
2024-02-06 10:04:27,038 [b79ed0a0-6c36-4ab9-80cb-79cc2b7dd541-impl-thread2] INFO  server.RaftServer$Division (ServerState.java:close(427)) - b79ed0a0-6c36-4ab9-80cb-79cc2b7dd541@group-AF88B31BBEE2: applyIndex: 2
2024-02-06 10:04:27,039 [b79ed0a0-6c36-4ab9-80cb-79cc2b7dd541@group-AF88B31BBEE2-cacheEviction-AwaitToRun] INFO  util.AwaitToRun (AwaitToRun.java:run(49)) - b79ed0a0-6c36-4ab9-80cb-79cc2b7dd541@group-AF88B31BBEE2-cacheEviction-AwaitToRun-AwaitForSignal is interrupted
2024-02-06 10:04:27,037 [grpc-default-executor-1] WARN  server.GrpcServerProtocolService (LogUtils.java:warn(121)) - b79ed0a0-6c36-4ab9-80cb-79cc2b7dd541: APPEND_ENTRIES onError, lastRequest: f44971dd-a974-44f1-968d-f8ef2d671d75->b79ed0a0-6c36-4ab9-80cb-79cc2b7dd541#4-t1,previous=(t:1, i:1),leaderCommit=1,initializing? false,entries: size=1, first=(t:1, i:2), METADATAENTRY(c:1): org.apache.ratis.thirdparty.io.grpc.StatusRuntimeException: CANCELLED: client cancelled
2024-02-06 10:04:27,037 [grpc-default-executor-5] WARN  server.GrpcServerProtocolService (LogUtils.java:warn(121)) - b79ed0a0-6c36-4ab9-80cb-79cc2b7dd541: APPEND_ENTRIES onError, lastRequest: null: org.apache.ratis.thirdparty.io.grpc.StatusRuntimeException: CANCELLED: client cancelled
2024-02-06 10:04:27,037 [grpc-default-executor-0] WARN  server.GrpcLogAppender (LogUtils.java:warn(121)) - f44971dd-a974-44f1-968d-f8ef2d671d75@group-AF88B31BBEE2->b79ed0a0-6c36-4ab9-80cb-79cc2b7dd541-AppendLogResponseHandler: Failed appendEntries: org.apache.ratis.thirdparty.io.grpc.StatusRuntimeException: CANCELLED: RST_STREAM closed stream. HTTP/2 error code: CANCEL
2024-02-06 10:04:27,038 [main] INFO  server.GrpcService (GrpcService.java:closeImpl(311)) - b79ed0a0-6c36-4ab9-80cb-79cc2b7dd541: shutdown server org.apache.ratis.grpc.server.GrpcAdminProtocolService now
2024-02-06 10:04:27,038 [b79ed0a0-6c36-4ab9-80cb-79cc2b7dd541@group-233509287903-StateMachineUpdater] INFO  ratis.ContainerStateMachine (ContainerStateMachine.java:takeSnapshot(366)) - group-233509287903: Finished taking a snapshot at:(t:1, i:0) file:/home/runner/work/ozone/ozone/hadoop-ozone/integration-test/target/test-dir/MiniOzoneClusterImpl-0ae4c21d-b8eb-4e36-9639-963ec8fb7de7/datanode-3/data/ratis/ccf1b010-1b08-41eb-aa39-233509287903/sm/snapshot.1_0 took: 2 ms
2024-02-06 10:04:27,041 [b79ed0a0-6c36-4ab9-80cb-79cc2b7dd541@group-233509287903-StateMachineUpdater] INFO  impl.StateMachineUpdater (StateMachineUpdater.java:takeSnapshot(295)) - b79ed0a0-6c36-4ab9-80cb-79cc2b7dd541@group-233509287903-StateMachineUpdater: Took a snapshot at index 0
2024-02-06 10:04:27,041 [b79ed0a0-6c36-4ab9-80cb-79cc2b7dd541@group-233509287903-StateMachineUpdater] INFO  impl.StateMachineUpdater (StateMachineUpdater.java:lambda$new$0(98)) - b79ed0a0-6c36-4ab9-80cb-79cc2b7dd541@group-233509287903-StateMachineUpdater: snapshotIndex: updateIncreasingly -1 -> 0
2024-02-06 10:04:27,041 [main] INFO  server.GrpcService (GrpcService.java:closeImpl(320)) - b79ed0a0-6c36-4ab9-80cb-79cc2b7dd541: shutdown server org.apache.ratis.grpc.server.GrpcAdminProtocolService successfully
2024-02-06 10:04:27,044 [b79ed0a0-6c36-4ab9-80cb-79cc2b7dd541-NettyServerStreamRpc-bossGroup--thread1] INFO  logging.LoggingHandler (AbstractInternalLogger.java:log(148)) - [id: 0xf5eef051, L:/0.0.0.0:15398] CLOSE
2024-02-06 10:04:27,044 [b79ed0a0-6c36-4ab9-80cb-79cc2b7dd541-NettyServerStreamRpc-bossGroup--thread1] INFO  logging.LoggingHandler (AbstractInternalLogger.java:log(148)) - [id: 0xf5eef051, L:/0.0.0.0:15398] INACTIVE
2024-02-06 10:04:27,044 [b79ed0a0-6c36-4ab9-80cb-79cc2b7dd541-NettyServerStreamRpc-bossGroup--thread1] INFO  logging.LoggingHandler (AbstractInternalLogger.java:log(148)) - [id: 0xf5eef051, L:/0.0.0.0:15398] UNREGISTERED
2024-02-06 10:04:27,038 [grpc-default-executor-3] WARN  server.GrpcLogAppender (GrpcLogAppender.java:lambda$resetClient$1(217)) - f44971dd-a974-44f1-968d-f8ef2d671d75@group-AF88B31BBEE2->b79ed0a0-6c36-4ab9-80cb-79cc2b7dd541-GrpcLogAppender: Follower failed (request=null, errorCount=1); keep nextIndex (3) unchanged and retry.
2024-02-06 10:04:27,044 [b79ed0a0-6c36-4ab9-80cb-79cc2b7dd541-impl-thread1] INFO  server.RaftServer$Division (ServerState.java:close(427)) - b79ed0a0-6c36-4ab9-80cb-79cc2b7dd541@group-233509287903: applyIndex: 0
2024-02-06 10:04:27,053 [b79ed0a0-6c36-4ab9-80cb-79cc2b7dd541@group-233509287903-cacheEviction-AwaitToRun] INFO  util.AwaitToRun (AwaitToRun.java:run(49)) - b79ed0a0-6c36-4ab9-80cb-79cc2b7dd541@group-233509287903-cacheEviction-AwaitToRun-AwaitForSignal is interrupted
2024-02-06 10:04:27,543 [b79ed0a0-6c36-4ab9-80cb-79cc2b7dd541-impl-thread1] INFO  segmented.SegmentedRaftLogWorker (SegmentedRaftLogWorker.java:close(245)) - b79ed0a0-6c36-4ab9-80cb-79cc2b7dd541@group-233509287903-SegmentedRaftLogWorker close()
2024-02-06 10:04:28,015 [b79ed0a0-6c36-4ab9-80cb-79cc2b7dd541-impl-thread2] INFO  segmented.SegmentedRaftLogWorker (SegmentedRaftLogWorker.java:close(245)) - b79ed0a0-6c36-4ab9-80cb-79cc2b7dd541@group-AF88B31BBEE2-SegmentedRaftLogWorker close()
2024-02-06 10:04:28,017 [JvmPauseMonitor49] INFO  util.JvmPauseMonitor (JvmPauseMonitor.java:run(152)) - JvmPauseMonitor-b79ed0a0-6c36-4ab9-80cb-79cc2b7dd541: Stopped
2024-02-06 10:04:29,061 [timer7] WARN  server.GrpcLogAppender (LogUtils.java:warn(121)) - f44971dd-a974-44f1-968d-f8ef2d671d75@group-AF88B31BBEE2->ec6898a0-344d-48d8-8a85-11fa109d489b-AppendLogResponseHandler: Failed appendEntries (Repeated 8 times in the last 5.000s): org.apache.ratis.thirdparty.io.grpc.StatusRuntimeException: UNAVAILABLE: io exception
2024-02-06 10:04:29,061 [timer0] WARN  server.GrpcLogAppender (GrpcLogAppender.java:lambda$resetClient$1(217)) - f44971dd-a974-44f1-968d-f8ef2d671d75@group-AF88B31BBEE2->ec6898a0-344d-48d8-8a85-11fa109d489b-GrpcLogAppender: Follower failed (request=null, errorCount=8); keep nextIndex (3) unchanged and retry. (Repeated 8 times in the last 5.000s)
2024-02-06 10:04:30,020 [main] INFO  utils.DatanodeStoreCache (DatanodeStoreCache.java:shutdownCache(116)) - Skip clearing cache in mini cluster mode. Entries left: [/home/runner/work/ozone/ozone/hadoop-ozone/integration-test/target/test-dir/MiniOzoneClusterImpl-0ae4c21d-b8eb-4e36-9639-963ec8fb7de7/datanode-0/data-0/containers/hdds/0ae4c21d-b8eb-4e36-9639-963ec8fb7de7/DS-1cce097d-c9be-4c23-a45b-c156467779d6/container.db, /home/runner/work/ozone/ozone/hadoop-ozone/integration-test/target/test-dir/MiniOzoneClusterImpl-0ae4c21d-b8eb-4e36-9639-963ec8fb7de7/datanode-1/data-0/containers/hdds/0ae4c21d-b8eb-4e36-9639-963ec8fb7de7/DS-4439f3f2-9794-4e74-8fbb-25d4c886185b/container.db, /home/runner/work/ozone/ozone/hadoop-ozone/integration-test/target/test-dir/MiniOzoneClusterImpl-0ae4c21d-b8eb-4e36-9639-963ec8fb7de7/datanode-2/data-0/containers/hdds/0ae4c21d-b8eb-4e36-9639-963ec8fb7de7/DS-cf1d579f-59f3-4d86-8bb6-ee58bcb6f5c5/container.db, /home/runner/work/ozone/ozone/hadoop-ozone/integration-test/target/test-dir/MiniOzoneClusterImpl-0ae4c21d-b8eb-4e36-9639-963ec8fb7de7/datanode-3/data-0/containers/hdds/0ae4c21d-b8eb-4e36-9639-963ec8fb7de7/DS-4cd88073-c699-49b7-8ed0-07e122502b2c/container.db, /home/runner/work/ozone/ozone/hadoop-ozone/integration-test/target/test-dir/MiniOzoneClusterImpl-0ae4c21d-b8eb-4e36-9639-963ec8fb7de7/datanode-5/data-0/containers/hdds/0ae4c21d-b8eb-4e36-9639-963ec8fb7de7/DS-f6ea85c3-0e15-4ca1-812f-6eec42c300c7/container.db, /home/runner/work/ozone/ozone/hadoop-ozone/integration-test/target/test-dir/MiniOzoneClusterImpl-0ae4c21d-b8eb-4e36-9639-963ec8fb7de7/datanode-6/data-0/containers/hdds/0ae4c21d-b8eb-4e36-9639-963ec8fb7de7/DS-a5e7b77b-cf41-4d9a-9b56-74f5e9ad063d/container.db, /home/runner/work/ozone/ozone/hadoop-ozone/integration-test/target/test-dir/MiniOzoneClusterImpl-0ae4c21d-b8eb-4e36-9639-963ec8fb7de7/datanode-7/data-0/containers/hdds/0ae4c21d-b8eb-4e36-9639-963ec8fb7de7/DS-fec45e82-740d-4055-9a81-1469d04ff76a/container.db, /home/runner/work/ozone/ozone/hadoop-ozone/integration-test/target/test-dir/MiniOzoneClusterImpl-0ae4c21d-b8eb-4e36-9639-963ec8fb7de7/datanode-8/data-0/containers/hdds/0ae4c21d-b8eb-4e36-9639-963ec8fb7de7/DS-6d49bb94-f7cb-4c95-bbc0-f6006e714833/container.db]
2024-02-06 10:04:30,022 [main] INFO  utils.DatanodeStoreCache (DatanodeStoreCache.java:removeDB(110)) - Removed db /home/runner/work/ozone/ozone/hadoop-ozone/integration-test/target/test-dir/MiniOzoneClusterImpl-0ae4c21d-b8eb-4e36-9639-963ec8fb7de7/datanode-3/data-0/containers/hdds/0ae4c21d-b8eb-4e36-9639-963ec8fb7de7/DS-4cd88073-c699-49b7-8ed0-07e122502b2c/container.db from cache
2024-02-06 10:04:30,023 [main] INFO  volume.HddsVolume (HddsVolume.java:closeDbStore(451)) - SchemaV3 db is stopped at /home/runner/work/ozone/ozone/hadoop-ozone/integration-test/target/test-dir/MiniOzoneClusterImpl-0ae4c21d-b8eb-4e36-9639-963ec8fb7de7/datanode-3/data-0/containers/hdds/0ae4c21d-b8eb-4e36-9639-963ec8fb7de7/DS-4cd88073-c699-49b7-8ed0-07e122502b2c/container.db for volume DS-4cd88073-c699-49b7-8ed0-07e122502b2c
2024-02-06 10:04:30,023 [main] INFO  utils.BackgroundService (BackgroundService.java:shutdown(160)) - Shutting down service BlockDeletingService
2024-02-06 10:04:30,023 [main] INFO  utils.BackgroundService (BackgroundService.java:shutdown(160)) - Shutting down service StaleRecoveringContainerScrubbingService
2024-02-06 10:04:30,024 [main] INFO  statemachine.DatanodeStateMachine (DatanodeStateMachine.java:stopDaemon(638)) - Ozone container server stopped.
2024-02-06 10:04:30,025 [main] INFO  handler.ContextHandler (ContextHandler.java:doStop(1159)) - Stopped o.e.j.w.WebAppContext@7d1ec8bc{hddsDatanode,/,null,STOPPED}{jar:file:/home/runner/.m2/repository/org/apache/ozone/hdds-container-service/1.5.0-SNAPSHOT/hdds-container-service-1.5.0-SNAPSHOT.jar!/webapps/hddsDatanode}
2024-02-06 10:04:30,025 [main] INFO  server.AbstractConnector (AbstractConnector.java:doStop(383)) - Stopped ServerConnector@7c0782e7{HTTP/1.1, (http/1.1)}{0.0.0.0:15392}
2024-02-06 10:04:30,025 [main] INFO  server.session (HouseKeeper.java:stopScavenging(149)) - node0 Stopped scavenging
2024-02-06 10:04:30,025 [main] INFO  handler.ContextHandler (ContextHandler.java:doStop(1159)) - Stopped o.e.j.s.ServletContextHandler@1d7e6c75{static,/static,jar:file:/home/runner/.m2/repository/org/apache/ozone/hdds-container-service/1.5.0-SNAPSHOT/hdds-container-service-1.5.0-SNAPSHOT.jar!/webapps/static,STOPPED}
2024-02-06 10:04:30,026 [main] INFO  handler.ContextHandler (ContextHandler.java:doStop(1159)) - Stopped o.e.j.s.ServletContextHandler@7fc1702a{logs,/logs,file:///home/runner/work/ozone/ozone/hadoop-ozone/integration-test/target/log,STOPPED}
2024-02-06 10:04:30,026 [main] INFO  ozone.HddsDatanodeClientProtocolServer (HddsDatanodeClientProtocolServer.java:stop(78)) - Stopping the RPC server for Client Protocol
2024-02-06 10:04:30,026 [main] INFO  ipc.Server (Server.java:stop(3523)) - Stopping server on 15393
2024-02-06 10:04:30,027 [IPC Server listener on 15393] INFO  ipc.Server (Server.java:run(1434)) - Stopping IPC Server listener on 15393
2024-02-06 10:04:30,027 [IPC Server Responder] INFO  ipc.Server (Server.java:run(1567)) - Stopping IPC Server Responder
2024-02-06 10:04:30,029 [main] INFO  pipeline.PipelineManagerImpl (PipelineManagerImpl.java:closeContainersForPipeline(484)) - Container #1 closed for pipeline=PipelineID=80ec1573-1410-4521-97d2-af88b31bbee2
2024-02-06 10:04:30,029 [EventQueue-CloseContainerForCloseContainerEventHandler] INFO  container.CloseContainerEventHandler (CloseContainerEventHandler.java:onMessage(88)) - Close container Event triggered for container : #1, current state: CLOSING
2024-02-06 10:04:30,030 [main] INFO  pipeline.PipelineManagerImpl (PipelineManagerImpl.java:closePipeline(518)) - Pipeline PipelineID=80ec1573-1410-4521-97d2-af88b31bbee2 moved to CLOSED state
2024-02-06 10:04:30,274 [grpc-default-executor-0] WARN  server.GrpcLogAppender (LogUtils.java:warn(121)) - f44971dd-a974-44f1-968d-f8ef2d671d75@group-AF88B31BBEE2->ec6898a0-344d-48d8-8a85-11fa109d489b-AppendLogResponseHandler: Failed appendEntries: org.apache.ratis.thirdparty.io.grpc.StatusRuntimeException: UNAVAILABLE: io exception
2024-02-06 10:04:30,275 [grpc-default-executor-1] WARN  server.GrpcLogAppender (GrpcLogAppender.java:lambda$resetClient$1(217)) - f44971dd-a974-44f1-968d-f8ef2d671d75@group-AF88B31BBEE2->ec6898a0-344d-48d8-8a85-11fa109d489b-GrpcLogAppender: Follower failed (request=null, errorCount=9); keep nextIndex (3) unchanged and retry.
2024-02-06 10:04:32,041 [timer6] WARN  server.GrpcLogAppender (LogUtils.java:warn(121)) - f44971dd-a974-44f1-968d-f8ef2d671d75@group-AF88B31BBEE2->b79ed0a0-6c36-4ab9-80cb-79cc2b7dd541-AppendLogResponseHandler: Failed appendEntries (Repeated 8 times in the last 5.004s): org.apache.ratis.thirdparty.io.grpc.StatusRuntimeException: UNAVAILABLE: io exception
2024-02-06 10:04:32,044 [timer7] WARN  server.GrpcLogAppender (GrpcLogAppender.java:lambda$resetClient$1(217)) - f44971dd-a974-44f1-968d-f8ef2d671d75@group-AF88B31BBEE2->b79ed0a0-6c36-4ab9-80cb-79cc2b7dd541-GrpcLogAppender: Follower failed (request=null, errorCount=8); keep nextIndex (3) unchanged and retry. (Repeated 8 times in the last 5.006s)
2024-02-06 10:04:32,779 [grpc-default-executor-1] WARN  server.GrpcLogAppender (LogUtils.java:warn(121)) - f44971dd-a974-44f1-968d-f8ef2d671d75@group-AF88B31BBEE2->b79ed0a0-6c36-4ab9-80cb-79cc2b7dd541-AppendLogResponseHandler: Failed appendEntries: org.apache.ratis.thirdparty.io.grpc.StatusRuntimeException: UNAVAILABLE: io exception
2024-02-06 10:04:32,780 [grpc-default-executor-0] WARN  server.GrpcLogAppender (GrpcLogAppender.java:lambda$resetClient$1(217)) - f44971dd-a974-44f1-968d-f8ef2d671d75@group-AF88B31BBEE2->b79ed0a0-6c36-4ab9-80cb-79cc2b7dd541-GrpcLogAppender: Follower failed (request=null, errorCount=9); keep nextIndex (3) unchanged and retry.
2024-02-06 10:04:34,014 [null-request--thread1] INFO  server.GrpcClientProtocolService (GrpcClientProtocolService.java:lambda$processClientRequest$0(284)) - Failed RaftClientRequest:client-F9A69EA5FED7->f44971dd-a974-44f1-968d-f8ef2d671d75@group-AF88B31BBEE2, cid=78, seq=null, Watch-ALL_COMMITTED(67), Message:<EMPTY>, reply=RaftClientReply:client-F9A69EA5FED7->f44971dd-a974-44f1-968d-f8ef2d671d75@group-AF88B31BBEE2, cid=78, FAILED org.apache.ratis.protocol.exceptions.NotReplicatedException: Request with call Id 78 and log index 67 is not yet replicated to ALL_COMMITTED, logIndex=67, commits[f44971dd-a974-44f1-968d-f8ef2d671d75:c2, b79ed0a0-6c36-4ab9-80cb-79cc2b7dd541:c2, ec6898a0-344d-48d8-8a85-11fa109d489b:c1]
2024-02-06 10:04:34,016 [main] WARN  scm.XceiverClientRatis (XceiverClientRatis.java:watchForCommit(284)) - 3 way commit failed on pipeline Pipeline[ Id: 80ec1573-1410-4521-97d2-af88b31bbee2, Nodes: ec6898a0-344d-48d8-8a85-11fa109d489b(fv-az776-296/10.1.0.5)b79ed0a0-6c36-4ab9-80cb-79cc2b7dd541(fv-az776-296/10.1.0.5)f44971dd-a974-44f1-968d-f8ef2d671d75(fv-az776-296/10.1.0.5), ReplicationConfig: RATIS/THREE, State:OPEN, leaderId:f44971dd-a974-44f1-968d-f8ef2d671d75, CreationTimestamp2024-02-06T10:04:15.696Z[Etc/UTC]]
java.util.concurrent.ExecutionException: org.apache.ratis.protocol.exceptions.NotReplicatedException: Request with call Id 78 and log index 67 is not yet replicated to ALL_COMMITTED
	at java.util.concurrent.CompletableFuture.reportGet(CompletableFuture.java:357)
	at java.util.concurrent.CompletableFuture.get(CompletableFuture.java:1908)
	at org.apache.hadoop.hdds.scm.XceiverClientRatis.watchForCommit(XceiverClientRatis.java:279)
	at org.apache.hadoop.ozone.client.rpc.TestWatchForCommit.lambda$testWatchForCommitForRetryfailure$0(TestWatchForCommit.java:282)
	at org.junit.jupiter.api.AssertThrows.assertThrows(AssertThrows.java:53)
	at org.junit.jupiter.api.AssertThrows.assertThrows(AssertThrows.java:35)
	at org.junit.jupiter.api.Assertions.assertThrows(Assertions.java:3115)
	at org.apache.hadoop.ozone.client.rpc.TestWatchForCommit.testWatchForCommitForRetryfailure(TestWatchForCommit.java:281)
	at sun.reflect.NativeMethodAccessorImpl.invoke0(Native Method)
	at sun.reflect.NativeMethodAccessorImpl.invoke(NativeMethodAccessorImpl.java:62)
	at sun.reflect.DelegatingMethodAccessorImpl.invoke(DelegatingMethodAccessorImpl.java:43)
	at java.lang.reflect.Method.invoke(Method.java:498)
	at org.junit.platform.commons.util.ReflectionUtils.invokeMethod(ReflectionUtils.java:728)
	at org.junit.jupiter.engine.execution.MethodInvocation.proceed(MethodInvocation.java:60)
	at org.junit.jupiter.engine.execution.InvocationInterceptorChain$ValidatingInvocation.proceed(InvocationInterceptorChain.java:131)
	at org.junit.jupiter.engine.extension.TimeoutExtension.intercept(TimeoutExtension.java:156)
	at org.junit.jupiter.engine.extension.TimeoutExtension.interceptTestableMethod(TimeoutExtension.java:147)
	at org.junit.jupiter.engine.extension.TimeoutExtension.interceptTestMethod(TimeoutExtension.java:86)
	at org.junit.jupiter.engine.execution.InterceptingExecutableInvoker$ReflectiveInterceptorCall.lambda$ofVoidMethod$0(InterceptingExecutableInvoker.java:103)
	at org.junit.jupiter.engine.execution.InterceptingExecutableInvoker.lambda$invoke$0(InterceptingExecutableInvoker.java:93)
	at org.junit.jupiter.engine.execution.InvocationInterceptorChain$InterceptedInvocation.proceed(InvocationInterceptorChain.java:106)
	at org.junit.jupiter.engine.execution.InvocationInterceptorChain.proceed(InvocationInterceptorChain.java:64)
	at org.junit.jupiter.engine.execution.InvocationInterceptorChain.chainAndInvoke(InvocationInterceptorChain.java:45)
	at org.junit.jupiter.engine.execution.InvocationInterceptorChain.invoke(InvocationInterceptorChain.java:37)
	at org.junit.jupiter.engine.execution.InterceptingExecutableInvoker.invoke(InterceptingExecutableInvoker.java:92)
	at org.junit.jupiter.engine.execution.InterceptingExecutableInvoker.invoke(InterceptingExecutableInvoker.java:86)
	at org.junit.jupiter.engine.descriptor.TestMethodTestDescriptor.lambda$invokeTestMethod$7(TestMethodTestDescriptor.java:218)
	at org.junit.platform.engine.support.hierarchical.ThrowableCollector.execute(ThrowableCollector.java:73)
	at org.junit.jupiter.engine.descriptor.TestMethodTestDescriptor.invokeTestMethod(TestMethodTestDescriptor.java:214)
	at org.junit.jupiter.engine.descriptor.TestMethodTestDescriptor.execute(TestMethodTestDescriptor.java:139)
	at org.junit.jupiter.engine.descriptor.TestMethodTestDescriptor.execute(TestMethodTestDescriptor.java:69)
	at org.junit.platform.engine.support.hierarchical.NodeTestTask.lambda$executeRecursively$6(NodeTestTask.java:151)
	at org.junit.platform.engine.support.hierarchical.ThrowableCollector.execute(ThrowableCollector.java:73)
	at org.junit.platform.engine.support.hierarchical.NodeTestTask.lambda$executeRecursively$8(NodeTestTask.java:141)
	at org.junit.platform.engine.support.hierarchical.Node.around(Node.java:137)
	at org.junit.platform.engine.support.hierarchical.NodeTestTask.lambda$executeRecursively$9(NodeTestTask.java:139)
	at org.junit.platform.engine.support.hierarchical.ThrowableCollector.execute(ThrowableCollector.java:73)
	at org.junit.platform.engine.support.hierarchical.NodeTestTask.executeRecursively(NodeTestTask.java:138)
	at org.junit.platform.engine.support.hierarchical.NodeTestTask.execute(NodeTestTask.java:95)
	at java.util.ArrayList.forEach(ArrayList.java:1259)
	at org.junit.platform.engine.support.hierarchical.SameThreadHierarchicalTestExecutorService.invokeAll(SameThreadHierarchicalTestExecutorService.java:41)
	at org.junit.platform.engine.support.hierarchical.NodeTestTask.lambda$executeRecursively$6(NodeTestTask.java:155)
	at org.junit.platform.engine.support.hierarchical.ThrowableCollector.execute(ThrowableCollector.java:73)
	at org.junit.platform.engine.support.hierarchical.NodeTestTask.lambda$executeRecursively$8(NodeTestTask.java:141)
	at org.junit.platform.engine.support.hierarchical.Node.around(Node.java:137)
	at org.junit.platform.engine.support.hierarchical.NodeTestTask.lambda$executeRecursively$9(NodeTestTask.java:139)
	at org.junit.platform.engine.support.hierarchical.ThrowableCollector.execute(ThrowableCollector.java:73)
	at org.junit.platform.engine.support.hierarchical.NodeTestTask.executeRecursively(NodeTestTask.java:138)
	at org.junit.platform.engine.support.hierarchical.NodeTestTask.execute(NodeTestTask.java:95)
	at java.util.ArrayList.forEach(ArrayList.java:1259)
	at org.junit.platform.engine.support.hierarchical.SameThreadHierarchicalTestExecutorService.invokeAll(SameThreadHierarchicalTestExecutorService.java:41)
	at org.junit.platform.engine.support.hierarchical.NodeTestTask.lambda$executeRecursively$6(NodeTestTask.java:155)
	at org.junit.platform.engine.support.hierarchical.ThrowableCollector.execute(ThrowableCollector.java:73)
	at org.junit.platform.engine.support.hierarchical.NodeTestTask.lambda$executeRecursively$8(NodeTestTask.java:141)
	at org.junit.platform.engine.support.hierarchical.Node.around(Node.java:137)
	at org.junit.platform.engine.support.hierarchical.NodeTestTask.lambda$executeRecursively$9(NodeTestTask.java:139)
	at org.junit.platform.engine.support.hierarchical.ThrowableCollector.execute(ThrowableCollector.java:73)
	at org.junit.platform.engine.support.hierarchical.NodeTestTask.executeRecursively(NodeTestTask.java:138)
	at org.junit.platform.engine.support.hierarchical.NodeTestTask.execute(NodeTestTask.java:95)
	at org.junit.platform.engine.support.hierarchical.SameThreadHierarchicalTestExecutorService.submit(SameThreadHierarchicalTestExecutorService.java:35)
	at org.junit.platform.engine.support.hierarchical.HierarchicalTestExecutor.execute(HierarchicalTestExecutor.java:57)
	at org.junit.platform.engine.support.hierarchical.HierarchicalTestEngine.execute(HierarchicalTestEngine.java:54)
	at org.junit.platform.launcher.core.EngineExecutionOrchestrator.execute(EngineExecutionOrchestrator.java:198)
	at org.junit.platform.launcher.core.EngineExecutionOrchestrator.execute(EngineExecutionOrchestrator.java:169)
	at org.junit.platform.launcher.core.EngineExecutionOrchestrator.execute(EngineExecutionOrchestrator.java:93)
	at org.junit.platform.launcher.core.EngineExecutionOrchestrator.lambda$execute$0(EngineExecutionOrchestrator.java:58)
	at org.junit.platform.launcher.core.EngineExecutionOrchestrator.withInterceptedStreams(EngineExecutionOrchestrator.java:141)
	at org.junit.platform.launcher.core.EngineExecutionOrchestrator.execute(EngineExecutionOrchestrator.java:57)
	at org.junit.platform.launcher.core.DefaultLauncher.execute(DefaultLauncher.java:103)
	at org.junit.platform.launcher.core.DefaultLauncher.execute(DefaultLauncher.java:85)
	at org.junit.platform.launcher.core.DelegatingLauncher.execute(DelegatingLauncher.java:47)
	at org.junit.platform.launcher.core.SessionPerRequestLauncher.execute(SessionPerRequestLauncher.java:63)
	at org.apache.maven.surefire.junitplatform.JUnitPlatformProvider.invokeAllTests(JUnitPlatformProvider.java:165)
	at org.apache.maven.surefire.junitplatform.JUnitPlatformProvider.invoke(JUnitPlatformProvider.java:124)
	at org.apache.maven.surefire.booter.ForkedBooter.runSuitesInProcess(ForkedBooter.java:428)
	at org.apache.maven.surefire.booter.ForkedBooter.execute(ForkedBooter.java:162)
	at org.apache.maven.surefire.booter.ForkedBooter.run(ForkedBooter.java:562)
	at org.apache.maven.surefire.booter.ForkedBooter.main(ForkedBooter.java:548)
Caused by: org.apache.ratis.protocol.exceptions.NotReplicatedException: Request with call Id 78 and log index 67 is not yet replicated to ALL_COMMITTED
	at org.apache.ratis.client.impl.ClientProtoUtils.toRaftClientReply(ClientProtoUtils.java:400)
	at org.apache.ratis.grpc.client.GrpcClientProtocolClient$AsyncStreamObservers$1.onNext(GrpcClientProtocolClient.java:310)
	at org.apache.ratis.grpc.client.GrpcClientProtocolClient$AsyncStreamObservers$1.onNext(GrpcClientProtocolClient.java:305)
	at org.apache.ratis.thirdparty.io.grpc.stub.ClientCalls$StreamObserverToCallListenerAdapter.onMessage(ClientCalls.java:468)
	at org.apache.ratis.thirdparty.io.grpc.ForwardingClientCallListener.onMessage(ForwardingClientCallListener.java:33)
	at org.apache.ratis.thirdparty.io.grpc.internal.ClientCallImpl$ClientStreamListenerImpl$1MessagesAvailable.runInternal(ClientCallImpl.java:660)
	at org.apache.ratis.thirdparty.io.grpc.internal.ClientCallImpl$ClientStreamListenerImpl$1MessagesAvailable.runInContext(ClientCallImpl.java:647)
	at org.apache.ratis.thirdparty.io.grpc.internal.ContextRunnable.run(ContextRunnable.java:37)
	at org.apache.ratis.thirdparty.io.grpc.internal.SerializingExecutor.run(SerializingExecutor.java:133)
	at java.util.concurrent.ThreadPoolExecutor.runWorker(ThreadPoolExecutor.java:1149)
	at java.util.concurrent.ThreadPoolExecutor$Worker.run(ThreadPoolExecutor.java:624)
	at java.lang.Thread.run(Thread.java:750)
2024-02-06 10:04:34,416 [f44971dd-a974-44f1-968d-f8ef2d671d75@group-AF88B31BBEE2-LeaderStateImpl] WARN  server.RaftServer$Division (LeaderStateImpl.java:checkLeadership(1107)) - f44971dd-a974-44f1-968d-f8ef2d671d75@group-AF88B31BBEE2-LeaderStateImpl: Lost leadership on term: 1. Election timeout: 5200ms. In charge for: 10788ms. Conf: 0: peers:[b79ed0a0-6c36-4ab9-80cb-79cc2b7dd541|10.1.0.5:15397, f44971dd-a974-44f1-968d-f8ef2d671d75|10.1.0.5:15415, ec6898a0-344d-48d8-8a85-11fa109d489b|10.1.0.5:15406]|listeners:[], old=null
2024-02-06 10:04:34,416 [f44971dd-a974-44f1-968d-f8ef2d671d75@group-AF88B31BBEE2-LeaderStateImpl] WARN  server.RaftServer$Division (LeaderStateImpl.java:lambda$checkLeadership$21(1111)) - Follower f44971dd-a974-44f1-968d-f8ef2d671d75@group-AF88B31BBEE2->b79ed0a0-6c36-4ab9-80cb-79cc2b7dd541(c2,m2,n3, caughtUp=true, lastRpcSendTime=381, lastRpcResponseTime=7896)
2024-02-06 10:04:34,416 [f44971dd-a974-44f1-968d-f8ef2d671d75@group-AF88B31BBEE2-LeaderStateImpl] WARN  server.RaftServer$Division (LeaderStateImpl.java:lambda$checkLeadership$21(1111)) - Follower f44971dd-a974-44f1-968d-f8ef2d671d75@group-AF88B31BBEE2->ec6898a0-344d-48d8-8a85-11fa109d489b(c1,m2,n3, caughtUp=true, lastRpcSendTime=1086, lastRpcResponseTime=10400)
2024-02-06 10:04:34,416 [f44971dd-a974-44f1-968d-f8ef2d671d75@group-AF88B31BBEE2-LeaderStateImpl] INFO  server.RaftServer$Division (RaftServerImpl.java:setRole(383)) - f44971dd-a974-44f1-968d-f8ef2d671d75@group-AF88B31BBEE2: changes role from    LEADER to FOLLOWER at term 1 for StepDownReason:LOST_MAJORITY_HEARTBEATS
2024-02-06 10:04:34,416 [f44971dd-a974-44f1-968d-f8ef2d671d75@group-AF88B31BBEE2-LeaderStateImpl] INFO  impl.RoleInfo (RoleInfo.java:shutdownLeaderState(94)) - f44971dd-a974-44f1-968d-f8ef2d671d75: shutdown f44971dd-a974-44f1-968d-f8ef2d671d75@group-AF88B31BBEE2-LeaderStateImpl
2024-02-06 10:04:34,416 [f44971dd-a974-44f1-968d-f8ef2d671d75@group-AF88B31BBEE2->b79ed0a0-6c36-4ab9-80cb-79cc2b7dd541-GrpcLogAppender-LogAppenderDaemon] WARN  server.GrpcLogAppender (GrpcLogAppender.java:mayWait(289)) - f44971dd-a974-44f1-968d-f8ef2d671d75@group-AF88B31BBEE2->b79ed0a0-6c36-4ab9-80cb-79cc2b7dd541-GrpcLogAppender: Wait interrupted by java.lang.InterruptedException
2024-02-06 10:04:34,416 [f44971dd-a974-44f1-968d-f8ef2d671d75@group-AF88B31BBEE2-LeaderStateImpl] INFO  impl.PendingRequests (PendingRequests.java:sendNotLeaderResponses(289)) - f44971dd-a974-44f1-968d-f8ef2d671d75@group-AF88B31BBEE2-PendingRequests: sendNotLeaderResponses
2024-02-06 10:04:34,416 [f44971dd-a974-44f1-968d-f8ef2d671d75@group-AF88B31BBEE2->ec6898a0-344d-48d8-8a85-11fa109d489b-GrpcLogAppender-LogAppenderDaemon] WARN  server.GrpcLogAppender (GrpcLogAppender.java:mayWait(289)) - f44971dd-a974-44f1-968d-f8ef2d671d75@group-AF88B31BBEE2->ec6898a0-344d-48d8-8a85-11fa109d489b-GrpcLogAppender: Wait interrupted by java.lang.InterruptedException
2024-02-06 10:04:34,418 [null-request--thread1] INFO  server.GrpcClientProtocolService (GrpcClientProtocolService.java:lambda$processClientRequest$0(284)) - Failed RaftClientRequest:client-F9A69EA5FED7->f44971dd-a974-44f1-968d-f8ef2d671d75@group-AF88B31BBEE2, cid=79, seq=null, Watch-MAJORITY_COMMITTED(67), Message:<EMPTY>, reply=RaftClientReply:client-F9A69EA5FED7->f44971dd-a974-44f1-968d-f8ef2d671d75@group-AF88B31BBEE2, cid=79, FAILED org.apache.ratis.protocol.exceptions.NotLeaderException: Server f44971dd-a974-44f1-968d-f8ef2d671d75@group-AF88B31BBEE2 is not the leader, logIndex=0, commits[f44971dd-a974-44f1-968d-f8ef2d671d75:c2, b79ed0a0-6c36-4ab9-80cb-79cc2b7dd541:c2, ec6898a0-344d-48d8-8a85-11fa109d489b:c1]
2024-02-06 10:04:34,419 [f44971dd-a974-44f1-968d-f8ef2d671d75@group-AF88B31BBEE2-LeaderStateImpl] INFO  server.RaftServer$Division (ServerState.java:setLeader(269)) - f44971dd-a974-44f1-968d-f8ef2d671d75@group-AF88B31BBEE2: change Leader from f44971dd-a974-44f1-968d-f8ef2d671d75 to null at term 1 for StepDownReason:LOST_MAJORITY_HEARTBEATS
2024-02-06 10:04:34,419 [f44971dd-a974-44f1-968d-f8ef2d671d75@group-AF88B31BBEE2-LeaderStateImpl] INFO  impl.RoleInfo (RoleInfo.java:updateAndGet(139)) - f44971dd-a974-44f1-968d-f8ef2d671d75: start f44971dd-a974-44f1-968d-f8ef2d671d75@group-AF88B31BBEE2-FollowerState
2024-02-06 10:04:35,025 [f44971dd-a974-44f1-968d-f8ef2d671d75-CloseContainerThread-0] INFO  commandhandler.CloseContainerCommandHandler (CloseContainerCommandHandler.java:lambda$handle$0(154)) - Follower cannot close container #1.
2024-02-06 10:04:35,275 [timer6] WARN  server.GrpcLogAppender (GrpcLogAppender.java:lambda$resetClient$1(217)) - f44971dd-a974-44f1-968d-f8ef2d671d75@group-AF88B31BBEE2->ec6898a0-344d-48d8-8a85-11fa109d489b-GrpcLogAppender: Follower failed (request=null, errorCount=14); keep nextIndex (3) unchanged and retry. (Repeated 6 times in the last 5.000s)
2024-02-06 10:04:35,275 [timer5] WARN  server.GrpcLogAppender (LogUtils.java:warn(121)) - f44971dd-a974-44f1-968d-f8ef2d671d75@group-AF88B31BBEE2->ec6898a0-344d-48d8-8a85-11fa109d489b-AppendLogResponseHandler: Failed appendEntries (Repeated 6 times in the last 5.002s): org.apache.ratis.thirdparty.io.grpc.StatusRuntimeException: UNAVAILABLE: io exception
2024-02-06 10:04:36,538 [BackgroundPipelineScrubber] INFO  pipeline.PipelineManagerImpl (PipelineManagerImpl.java:scrubPipelines(610)) - Scrubbing pipeline: id: PipelineID=80ec1573-1410-4521-97d2-af88b31bbee2 since it stays at CLOSED stage.
2024-02-06 10:04:36,538 [BackgroundPipelineScrubber] INFO  pipeline.RatisPipelineProvider (RatisPipelineProvider.java:lambda$close$4(272)) - Send pipeline:PipelineID=80ec1573-1410-4521-97d2-af88b31bbee2 close command to datanode ec6898a0-344d-48d8-8a85-11fa109d489b
2024-02-06 10:04:36,538 [BackgroundPipelineScrubber] INFO  pipeline.RatisPipelineProvider (RatisPipelineProvider.java:lambda$close$4(272)) - Send pipeline:PipelineID=80ec1573-1410-4521-97d2-af88b31bbee2 close command to datanode b79ed0a0-6c36-4ab9-80cb-79cc2b7dd541
2024-02-06 10:04:36,538 [BackgroundPipelineScrubber] INFO  pipeline.RatisPipelineProvider (RatisPipelineProvider.java:lambda$close$4(272)) - Send pipeline:PipelineID=80ec1573-1410-4521-97d2-af88b31bbee2 close command to datanode f44971dd-a974-44f1-968d-f8ef2d671d75
2024-02-06 10:04:36,540 [BackgroundPipelineScrubber] INFO  pipeline.PipelineManagerImpl (PipelineManagerImpl.java:removePipeline(459)) - Pipeline Pipeline[ Id: 80ec1573-1410-4521-97d2-af88b31bbee2, Nodes: ec6898a0-344d-48d8-8a85-11fa109d489b(fv-az776-296/10.1.0.5)b79ed0a0-6c36-4ab9-80cb-79cc2b7dd541(fv-az776-296/10.1.0.5)f44971dd-a974-44f1-968d-f8ef2d671d75(fv-az776-296/10.1.0.5), ReplicationConfig: RATIS/THREE, State:CLOSED, leaderId:f44971dd-a974-44f1-968d-f8ef2d671d75, CreationTimestamp2024-02-06T10:04:15.696Z[Etc/UTC]] removed.
2024-02-06 10:04:37,781 [timer7] WARN  server.GrpcLogAppender (GrpcLogAppender.java:lambda$resetClient$1(217)) - f44971dd-a974-44f1-968d-f8ef2d671d75@group-AF88B31BBEE2->b79ed0a0-6c36-4ab9-80cb-79cc2b7dd541-GrpcLogAppender: Follower failed (request=null, errorCount=12); keep nextIndex (3) unchanged and retry. (Repeated 4 times in the last 5.001s)
2024-02-06 10:04:37,781 [timer6] WARN  server.GrpcLogAppender (LogUtils.java:warn(121)) - f44971dd-a974-44f1-968d-f8ef2d671d75@group-AF88B31BBEE2->b79ed0a0-6c36-4ab9-80cb-79cc2b7dd541-AppendLogResponseHandler: Failed appendEntries (Repeated 4 times in the last 5.002s): org.apache.ratis.thirdparty.io.grpc.StatusRuntimeException: UNAVAILABLE: io exception
2024-02-06 10:04:38,026 [f44971dd-a974-44f1-968d-f8ef2d671d75-PipelineCommandHandlerThread-0] INFO  server.RaftServer (RaftServerProxy.java:remove(111)) - f44971dd-a974-44f1-968d-f8ef2d671d75: remove  FOLLOWER f44971dd-a974-44f1-968d-f8ef2d671d75@group-AF88B31BBEE2:t1, leader=null, voted=f44971dd-a974-44f1-968d-f8ef2d671d75, raftlog=Memoized:f44971dd-a974-44f1-968d-f8ef2d671d75@group-AF88B31BBEE2-SegmentedRaftLog:OPENED:c2, conf=0: peers:[b79ed0a0-6c36-4ab9-80cb-79cc2b7dd541|10.1.0.5:15397, f44971dd-a974-44f1-968d-f8ef2d671d75|10.1.0.5:15415, ec6898a0-344d-48d8-8a85-11fa109d489b|10.1.0.5:15406]|listeners:[], old=null RUNNING
2024-02-06 10:04:38,026 [f44971dd-a974-44f1-968d-f8ef2d671d75-PipelineCommandHandlerThread-0] INFO  server.RaftServer$Division (RaftServerImpl.java:lambda$close$3(526)) - f44971dd-a974-44f1-968d-f8ef2d671d75@group-AF88B31BBEE2: shutdown
2024-02-06 10:04:38,026 [f44971dd-a974-44f1-968d-f8ef2d671d75-PipelineCommandHandlerThread-0] INFO  util.JmxRegister (JmxRegister.java:unregister(73)) - Successfully un-registered JMX Bean with object name Ratis:service=RaftServer,group=group-AF88B31BBEE2,id=f44971dd-a974-44f1-968d-f8ef2d671d75
2024-02-06 10:04:38,026 [f44971dd-a974-44f1-968d-f8ef2d671d75-PipelineCommandHandlerThread-0] INFO  impl.RoleInfo (RoleInfo.java:shutdownFollowerState(110)) - f44971dd-a974-44f1-968d-f8ef2d671d75: shutdown f44971dd-a974-44f1-968d-f8ef2d671d75@group-AF88B31BBEE2-FollowerState
2024-02-06 10:04:38,026 [f44971dd-a974-44f1-968d-f8ef2d671d75-PipelineCommandHandlerThread-0] INFO  impl.StateMachineUpdater (StateMachineUpdater.java:stopAndJoin(157)) - f44971dd-a974-44f1-968d-f8ef2d671d75@group-AF88B31BBEE2-StateMachineUpdater: set stopIndex = 2
2024-02-06 10:04:38,026 [f44971dd-a974-44f1-968d-f8ef2d671d75@group-AF88B31BBEE2-FollowerState] INFO  impl.FollowerState (FollowerState.java:run(152)) - f44971dd-a974-44f1-968d-f8ef2d671d75@group-AF88B31BBEE2-FollowerState was interrupted
2024-02-06 10:04:38,026 [f44971dd-a974-44f1-968d-f8ef2d671d75@group-AF88B31BBEE2-StateMachineUpdater] INFO  ratis.ContainerStateMachine (ContainerStateMachine.java:takeSnapshot(355)) - group-AF88B31BBEE2: Taking a snapshot at:(t:1, i:2) file /home/runner/work/ozone/ozone/hadoop-ozone/integration-test/target/test-dir/MiniOzoneClusterImpl-0ae4c21d-b8eb-4e36-9639-963ec8fb7de7/datanode-5/data/ratis/80ec1573-1410-4521-97d2-af88b31bbee2/sm/snapshot.1_2
2024-02-06 10:04:38,027 [f44971dd-a974-44f1-968d-f8ef2d671d75@group-AF88B31BBEE2-StateMachineUpdater] INFO  ratis.ContainerStateMachine (ContainerStateMachine.java:takeSnapshot(366)) - group-AF88B31BBEE2: Finished taking a snapshot at:(t:1, i:2) file:/home/runner/work/ozone/ozone/hadoop-ozone/integration-test/target/test-dir/MiniOzoneClusterImpl-0ae4c21d-b8eb-4e36-9639-963ec8fb7de7/datanode-5/data/ratis/80ec1573-1410-4521-97d2-af88b31bbee2/sm/snapshot.1_2 took: 1 ms
2024-02-06 10:04:38,028 [f44971dd-a974-44f1-968d-f8ef2d671d75@group-AF88B31BBEE2-StateMachineUpdater] INFO  impl.StateMachineUpdater (StateMachineUpdater.java:takeSnapshot(295)) - f44971dd-a974-44f1-968d-f8ef2d671d75@group-AF88B31BBEE2-StateMachineUpdater: Took a snapshot at index 2
2024-02-06 10:04:38,028 [f44971dd-a974-44f1-968d-f8ef2d671d75@group-AF88B31BBEE2-StateMachineUpdater] INFO  impl.StateMachineUpdater (StateMachineUpdater.java:lambda$new$0(98)) - f44971dd-a974-44f1-968d-f8ef2d671d75@group-AF88B31BBEE2-StateMachineUpdater: snapshotIndex: updateIncreasingly -1 -> 2
2024-02-06 10:04:38,028 [f44971dd-a974-44f1-968d-f8ef2d671d75-PipelineCommandHandlerThread-0] INFO  server.RaftServer$Division (ServerState.java:close(427)) - f44971dd-a974-44f1-968d-f8ef2d671d75@group-AF88B31BBEE2: applyIndex: 2
2024-02-06 10:04:38,030 [f44971dd-a974-44f1-968d-f8ef2d671d75@group-AF88B31BBEE2-cacheEviction-AwaitToRun] INFO  util.AwaitToRun (AwaitToRun.java:run(49)) - f44971dd-a974-44f1-968d-f8ef2d671d75@group-AF88B31BBEE2-cacheEviction-AwaitToRun-AwaitForSignal is interrupted
2024-02-06 10:04:39,016 [f44971dd-a974-44f1-968d-f8ef2d671d75-PipelineCommandHandlerThread-0] INFO  segmented.SegmentedRaftLogWorker (SegmentedRaftLogWorker.java:close(245)) - f44971dd-a974-44f1-968d-f8ef2d671d75@group-AF88B31BBEE2-SegmentedRaftLogWorker close()
2024-02-06 10:04:39,018 [f44971dd-a974-44f1-968d-f8ef2d671d75-PipelineCommandHandlerThread-0] INFO  keyvalue.KeyValueContainer (KeyValueContainer.java:flushAndSyncDB(522)) - Container 1 is synced with bcsId 0.
2024-02-06 10:04:39,018 [f44971dd-a974-44f1-968d-f8ef2d671d75-PipelineCommandHandlerThread-0] INFO  keyvalue.KeyValueContainer (KeyValueContainer.java:flushAndSyncDB(522)) - Container 1 is synced with bcsId 0.
2024-02-06 10:04:39,021 [f44971dd-a974-44f1-968d-f8ef2d671d75-PipelineCommandHandlerThread-0] INFO  server.RaftServer$Division (RaftServerImpl.java:groupRemove(496)) - f44971dd-a974-44f1-968d-f8ef2d671d75@group-AF88B31BBEE2: Succeed to remove RaftStorageDirectory Storage Directory /home/runner/work/ozone/ozone/hadoop-ozone/integration-test/target/test-dir/MiniOzoneClusterImpl-0ae4c21d-b8eb-4e36-9639-963ec8fb7de7/datanode-5/data/ratis/80ec1573-1410-4521-97d2-af88b31bbee2
2024-02-06 10:04:39,021 [f44971dd-a974-44f1-968d-f8ef2d671d75-PipelineCommandHandlerThread-0] ERROR commandhandler.ClosePipelineCommandHandler (ClosePipelineCommandHandler.java:lambda$handle$2(137)) - Can't close pipeline PipelineID=80ec1573-1410-4521-97d2-af88b31bbee2
org.apache.ratis.protocol.exceptions.GroupMismatchException: f44971dd-a974-44f1-968d-f8ef2d671d75: group-AF88B31BBEE2 not found.
	at org.apache.ratis.server.impl.RaftServerProxy$ImplMap.get(RaftServerProxy.java:154)
	at org.apache.ratis.server.impl.RaftServerProxy.getImplFuture(RaftServerProxy.java:364)
	at org.apache.ratis.server.impl.RaftServerProxy.getImpl(RaftServerProxy.java:373)
	at org.apache.ratis.server.impl.RaftServerProxy.getDivision(RaftServerProxy.java:386)
	at org.apache.hadoop.ozone.container.common.transport.server.ratis.XceiverServerRatis.getRaftPeersInPipeline(XceiverServerRatis.java:951)
	at org.apache.hadoop.ozone.container.common.statemachine.commandhandler.ClosePipelineCommandHandler.lambda$handle$2(ClosePipelineCommandHandler.java:114)
	at java.util.concurrent.CompletableFuture$AsyncRun.run(CompletableFuture.java:1640)
	at java.util.concurrent.ThreadPoolExecutor.runWorker(ThreadPoolExecutor.java:1149)
	at java.util.concurrent.ThreadPoolExecutor$Worker.run(ThreadPoolExecutor.java:624)
	at java.lang.Thread.run(Thread.java:750)
2024-02-06 10:04:39,021 [FixedThreadPoolWithAffinityExecutor-0-0] INFO  container.IncrementalContainerReportHandler (AbstractContainerReportHandler.java:updateContainerState(287)) - Moving container #1 to QUASI_CLOSED state, datanode f44971dd-a974-44f1-968d-f8ef2d671d75(fv-az776-296/10.1.0.5) reported QUASI_CLOSED replica.
2024-02-06 10:04:45,557 [main] INFO  ozone.MiniOzoneClusterImpl (MiniOzoneClusterImpl.java:shutdown(448)) - Shutting down the Mini Ozone Cluster
2024-02-06 10:04:45,557 [main] INFO  db.CodecTestUtil (CodecTestUtil.java:gc(50)) - gc 0
2024-02-06 10:04:45,951 [main] INFO  ozone.MiniOzoneClusterImpl (MiniOzoneClusterImpl.java:stop(464)) - Stopping the Mini Ozone Cluster
2024-02-06 10:04:45,951 [main] INFO  om.OzoneManager (OzoneManager.java:stop(2204)) - om1[localhost:15360]: Stopping Ozone Manager
2024-02-06 10:04:45,951 [main] INFO  ipc.Server (Server.java:stop(3523)) - Stopping server on 15360
2024-02-06 10:04:45,953 [IPC Server listener on 15360] INFO  ipc.Server (Server.java:run(1434)) - Stopping IPC Server listener on 15360
2024-02-06 10:04:45,953 [IPC Server Responder] INFO  ipc.Server (Server.java:run(1567)) - Stopping IPC Server Responder
2024-02-06 10:04:45,954 [main] INFO  ratis.OzoneManagerRatisServer (OzoneManagerRatisServer.java:stop(594)) - Stopping org.apache.hadoop.ozone.om.ratis.OzoneManagerRatisServer@151728e0 at port 15363
2024-02-06 10:04:45,954 [main] INFO  server.RaftServer (RaftServerProxy.java:lambda$close$9(416)) - om1: close
2024-02-06 10:04:45,954 [main] INFO  server.GrpcService (GrpcService.java:closeImpl(311)) - om1: shutdown server GrpcServerProtocolService now
2024-02-06 10:04:45,954 [om1-impl-thread1] INFO  server.RaftServer$Division (RaftServerImpl.java:lambda$close$3(526)) - om1@group-C5BA1605619E: shutdown
2024-02-06 10:04:45,954 [om1-impl-thread1] INFO  util.JmxRegister (JmxRegister.java:unregister(73)) - Successfully un-registered JMX Bean with object name Ratis:service=RaftServer,group=group-C5BA1605619E,id=om1
2024-02-06 10:04:45,955 [om1-impl-thread1] INFO  impl.RoleInfo (RoleInfo.java:shutdownLeaderState(94)) - om1: shutdown om1@group-C5BA1605619E-LeaderStateImpl
2024-02-06 10:04:45,955 [om1-impl-thread1] INFO  impl.PendingRequests (PendingRequests.java:sendNotLeaderResponses(289)) - om1@group-C5BA1605619E-PendingRequests: sendNotLeaderResponses
2024-02-06 10:04:45,959 [main] INFO  server.GrpcService (GrpcService.java:closeImpl(320)) - om1: shutdown server GrpcServerProtocolService successfully
2024-02-06 10:04:45,959 [om1@group-C5BA1605619E-StateMachineUpdater] INFO  ratis.OzoneManagerStateMachine (OzoneManagerStateMachine.java:takeSnapshotImpl(469)) -  applied = (t:1, i:3)
2024-02-06 10:04:45,959 [om1@group-C5BA1605619E-StateMachineUpdater] INFO  ratis.OzoneManagerStateMachine (OzoneManagerStateMachine.java:takeSnapshotImpl(470)) -  skipped = 3
2024-02-06 10:04:45,959 [om1@group-C5BA1605619E-StateMachineUpdater] INFO  ratis.OzoneManagerStateMachine (OzoneManagerStateMachine.java:takeSnapshotImpl(471)) - notified = (t:1, i:4)
2024-02-06 10:04:45,959 [om1@group-C5BA1605619E-StateMachineUpdater] INFO  ratis.OzoneManagerStateMachine (OzoneManagerStateMachine.java:takeSnapshotImpl(472)) - snapshot = (t:1, i:4)
2024-02-06 10:04:45,959 [om1-impl-thread1] INFO  impl.StateMachineUpdater (StateMachineUpdater.java:stopAndJoin(157)) - om1@group-C5BA1605619E-StateMachineUpdater: set stopIndex = 4
2024-02-06 10:04:45,970 [om1@group-C5BA1605619E-StateMachineUpdater] INFO  impl.StateMachineUpdater (StateMachineUpdater.java:takeSnapshot(295)) - om1@group-C5BA1605619E-StateMachineUpdater: Took a snapshot at index 4
2024-02-06 10:04:45,970 [om1@group-C5BA1605619E-StateMachineUpdater] INFO  impl.StateMachineUpdater (StateMachineUpdater.java:lambda$new$0(98)) - om1@group-C5BA1605619E-StateMachineUpdater: snapshotIndex: updateIncreasingly -1 -> 4
2024-02-06 10:04:45,970 [om1@group-C5BA1605619E-StateMachineUpdater] INFO  ratis.OzoneManagerStateMachine (OzoneManagerStateMachine.java:close(515)) - Stopping OzoneManagerStateMachine:om1:group-C5BA1605619E.
2024-02-06 10:04:45,970 [om1@group-C5BA1605619E-StateMachineUpdater] INFO  ratis.OzoneManagerDoubleBuffer (OzoneManagerDoubleBuffer.java:stopDaemon(514)) - Stopping OMDoubleBuffer flush thread
2024-02-06 10:04:45,971 [om1-OMDoubleBufferFlushThread] INFO  ratis.OzoneManagerDoubleBuffer (OzoneManagerDoubleBuffer.java:canFlush(578)) - OMDoubleBuffer flush thread om1-OMDoubleBufferFlushThread is interrupted and will exit.
2024-02-06 10:04:45,972 [om1-impl-thread1] INFO  server.RaftServer$Division (ServerState.java:close(427)) - om1@group-C5BA1605619E: applyIndex: 3
2024-02-06 10:04:45,972 [om1@group-C5BA1605619E-cacheEviction-AwaitToRun] INFO  util.AwaitToRun (AwaitToRun.java:run(49)) - om1@group-C5BA1605619E-cacheEviction-AwaitToRun-AwaitForSignal is interrupted
2024-02-06 10:04:45,993 [om1-impl-thread1] INFO  segmented.SegmentedRaftLogWorker (SegmentedRaftLogWorker.java:close(245)) - om1@group-C5BA1605619E-SegmentedRaftLogWorker close()
2024-02-06 10:04:45,993 [JvmPauseMonitor45] INFO  util.JvmPauseMonitor (JvmPauseMonitor.java:run(152)) - JvmPauseMonitor-om1: Stopped
2024-02-06 10:04:45,994 [main] INFO  utils.BackgroundService (BackgroundService.java:shutdown(160)) - Shutting down service KeyDeletingService
2024-02-06 10:04:45,995 [main] INFO  utils.BackgroundService (BackgroundService.java:shutdown(160)) - Shutting down service DirectoryDeletingService
2024-02-06 10:04:45,995 [main] INFO  utils.BackgroundService (BackgroundService.java:shutdown(160)) - Shutting down service OpenKeyCleanupService
2024-02-06 10:04:45,995 [main] INFO  utils.BackgroundService (BackgroundService.java:shutdown(160)) - Shutting down service SstFilteringService
2024-02-06 10:04:45,995 [main] INFO  utils.BackgroundService (BackgroundService.java:shutdown(160)) - Shutting down service SnapshotDeletingService
2024-02-06 10:04:45,995 [main] INFO  utils.BackgroundService (BackgroundService.java:shutdown(160)) - Shutting down service MultipartUploadCleanupService
2024-02-06 10:04:45,995 [main] INFO  utils.BackgroundService (BackgroundService.java:shutdown(160)) - Shutting down service SnapshotDirectoryCleaningService
2024-02-06 10:04:45,996 [main] INFO  handler.ContextHandler (ContextHandler.java:doStop(1159)) - Stopped o.e.j.w.WebAppContext@5248ad52{ozoneManager,/,null,STOPPED}{file:/home/runner/work/ozone/ozone/hadoop-ozone/integration-test/target/test-classes/webapps/ozoneManager}
2024-02-06 10:04:45,996 [main] INFO  server.AbstractConnector (AbstractConnector.java:doStop(383)) - Stopped ServerConnector@da115eb{HTTP/1.1, (http/1.1)}{0.0.0.0:15361}
2024-02-06 10:04:45,997 [main] INFO  server.session (HouseKeeper.java:stopScavenging(149)) - node0 Stopped scavenging
2024-02-06 10:04:45,997 [main] INFO  handler.ContextHandler (ContextHandler.java:doStop(1159)) - Stopped o.e.j.s.ServletContextHandler@16a76bfe{static,/static,file:///home/runner/work/ozone/ozone/hadoop-ozone/integration-test/target/test-classes/webapps/static,STOPPED}
2024-02-06 10:04:45,997 [main] INFO  handler.ContextHandler (ContextHandler.java:doStop(1159)) - Stopped o.e.j.s.ServletContextHandler@63a8e287{logs,/logs,file:///home/runner/work/ozone/ozone/hadoop-ozone/integration-test/target/log,STOPPED}
2024-02-06 10:04:45,998 [main] INFO  rocksdiff.RocksDBCheckpointDiffer (RocksDBCheckpointDiffer.java:close(310)) - Shutting down CompactionDagPruningService.
2024-02-06 10:04:45,999 [main] INFO  snapshot.SnapshotDiffManager (SnapshotDiffManager.java:closeExecutorService(1688)) - Shutting down executorService: 'SnapDiffExecutor'
2024-02-06 10:04:45,999 [main] INFO  snapshot.SnapshotDiffManager (SnapshotDiffManager.java:closeExecutorService(1688)) - Shutting down executorService: 'SstDumpToolExecutor'
2024-02-06 10:04:45,999 [main] INFO  utils.BackgroundService (BackgroundService.java:shutdown(160)) - Shutting down service SnapshotDiffCleanupService
2024-02-06 10:04:46,000 [main] INFO  ozone.MiniOzoneClusterImpl (MiniOzoneClusterImpl.java:stopDatanodes(534)) - Stopping the HddsDatanodes
2024-02-06 10:04:46,002 [ForkJoinPool.commonPool-worker-5] INFO  ozoneimpl.OzoneContainer (OzoneContainer.java:stop(481)) - Attempting to stop container services.
2024-02-06 10:04:46,003 [main] INFO  ozoneimpl.OzoneContainer (OzoneContainer.java:stop(481)) - Attempting to stop container services.
2024-02-06 10:04:46,003 [ForkJoinPool.commonPool-worker-5] INFO  server.RaftServer (RaftServerProxy.java:lambda$close$9(416)) - a1fd6d11-0b72-4c96-8e55-07f63a3bc231: close
2024-02-06 10:04:46,003 [a1fd6d11-0b72-4c96-8e55-07f63a3bc231-impl-thread1] INFO  server.RaftServer$Division (RaftServerImpl.java:lambda$close$3(526)) - a1fd6d11-0b72-4c96-8e55-07f63a3bc231@group-57FFFF11CB9D: shutdown
2024-02-06 10:04:46,003 [a1fd6d11-0b72-4c96-8e55-07f63a3bc231-impl-thread1] INFO  util.JmxRegister (JmxRegister.java:unregister(73)) - Successfully un-registered JMX Bean with object name Ratis:service=RaftServer,group=group-57FFFF11CB9D,id=a1fd6d11-0b72-4c96-8e55-07f63a3bc231
2024-02-06 10:04:46,003 [a1fd6d11-0b72-4c96-8e55-07f63a3bc231-impl-thread1] INFO  impl.RoleInfo (RoleInfo.java:shutdownLeaderState(94)) - a1fd6d11-0b72-4c96-8e55-07f63a3bc231: shutdown a1fd6d11-0b72-4c96-8e55-07f63a3bc231@group-57FFFF11CB9D-LeaderStateImpl
2024-02-06 10:04:46,003 [ForkJoinPool.commonPool-worker-5] INFO  server.GrpcService (GrpcService.java:closeImpl(311)) - a1fd6d11-0b72-4c96-8e55-07f63a3bc231: shutdown server org.apache.ratis.grpc.server.GrpcClientProtocolService now
2024-02-06 10:04:46,003 [a1fd6d11-0b72-4c96-8e55-07f63a3bc231@group-57FFFF11CB9D->991f0bf8-3b66-4160-8c92-791fd313402a-GrpcLogAppender-LogAppenderDaemon] WARN  server.GrpcLogAppender (GrpcLogAppender.java:mayWait(289)) - a1fd6d11-0b72-4c96-8e55-07f63a3bc231@group-57FFFF11CB9D->991f0bf8-3b66-4160-8c92-791fd313402a-GrpcLogAppender: Wait interrupted by java.lang.InterruptedException
2024-02-06 10:04:46,004 [a1fd6d11-0b72-4c96-8e55-07f63a3bc231@group-57FFFF11CB9D->3978496b-7107-4711-aebb-7ffe7c8dd03a-GrpcLogAppender-LogAppenderDaemon] WARN  server.GrpcLogAppender (GrpcLogAppender.java:mayWait(289)) - a1fd6d11-0b72-4c96-8e55-07f63a3bc231@group-57FFFF11CB9D->3978496b-7107-4711-aebb-7ffe7c8dd03a-GrpcLogAppender: Wait interrupted by java.lang.InterruptedException
2024-02-06 10:04:46,003 [main] INFO  server.RaftServer (RaftServerProxy.java:lambda$close$9(416)) - f44971dd-a974-44f1-968d-f8ef2d671d75: close
2024-02-06 10:04:46,004 [main] INFO  server.GrpcService (GrpcService.java:closeImpl(311)) - f44971dd-a974-44f1-968d-f8ef2d671d75: shutdown server org.apache.ratis.grpc.server.GrpcClientProtocolService now
2024-02-06 10:04:46,004 [f44971dd-a974-44f1-968d-f8ef2d671d75-impl-thread1] INFO  server.RaftServer$Division (RaftServerImpl.java:lambda$close$3(526)) - f44971dd-a974-44f1-968d-f8ef2d671d75@group-3BD42F5543F3: shutdown
2024-02-06 10:04:46,010 [f44971dd-a974-44f1-968d-f8ef2d671d75-impl-thread1] INFO  util.JmxRegister (JmxRegister.java:unregister(73)) - Successfully un-registered JMX Bean with object name Ratis:service=RaftServer,group=group-3BD42F5543F3,id=f44971dd-a974-44f1-968d-f8ef2d671d75
2024-02-06 10:04:46,012 [ForkJoinPool.commonPool-worker-3] INFO  ozoneimpl.OzoneContainer (OzoneContainer.java:stop(481)) - Attempting to stop container services.
2024-02-06 10:04:46,003 [a1fd6d11-0b72-4c96-8e55-07f63a3bc231-impl-thread1] INFO  impl.PendingRequests (PendingRequests.java:sendNotLeaderResponses(289)) - a1fd6d11-0b72-4c96-8e55-07f63a3bc231@group-57FFFF11CB9D-PendingRequests: sendNotLeaderResponses
2024-02-06 10:04:46,012 [ForkJoinPool.commonPool-worker-3] INFO  server.RaftServer (RaftServerProxy.java:lambda$close$9(416)) - 087ade3f-e43d-4c8d-bb26-e39bc6489068: close
2024-02-06 10:04:46,012 [087ade3f-e43d-4c8d-bb26-e39bc6489068-impl-thread1] INFO  server.RaftServer$Division (RaftServerImpl.java:lambda$close$3(526)) - 087ade3f-e43d-4c8d-bb26-e39bc6489068@group-3A62A15B08FA: shutdown
2024-02-06 10:04:46,013 [087ade3f-e43d-4c8d-bb26-e39bc6489068-impl-thread1] INFO  util.JmxRegister (JmxRegister.java:unregister(73)) - Successfully un-registered JMX Bean with object name Ratis:service=RaftServer,group=group-3A62A15B08FA,id=087ade3f-e43d-4c8d-bb26-e39bc6489068
2024-02-06 10:04:46,013 [087ade3f-e43d-4c8d-bb26-e39bc6489068-impl-thread1] INFO  impl.RoleInfo (RoleInfo.java:shutdownLeaderState(94)) - 087ade3f-e43d-4c8d-bb26-e39bc6489068: shutdown 087ade3f-e43d-4c8d-bb26-e39bc6489068@group-3A62A15B08FA-LeaderStateImpl
2024-02-06 10:04:46,013 [a1fd6d11-0b72-4c96-8e55-07f63a3bc231@group-57FFFF11CB9D-StateMachineUpdater] INFO  ratis.ContainerStateMachine (ContainerStateMachine.java:takeSnapshot(355)) - group-57FFFF11CB9D: Taking a snapshot at:(t:1, i:0) file /home/runner/work/ozone/ozone/hadoop-ozone/integration-test/target/test-dir/MiniOzoneClusterImpl-0ae4c21d-b8eb-4e36-9639-963ec8fb7de7/datanode-7/data/ratis/9c263ce7-3999-457c-a556-57ffff11cb9d/sm/snapshot.1_0
2024-02-06 10:04:46,012 [f44971dd-a974-44f1-968d-f8ef2d671d75-impl-thread1] INFO  impl.RoleInfo (RoleInfo.java:shutdownLeaderState(94)) - f44971dd-a974-44f1-968d-f8ef2d671d75: shutdown f44971dd-a974-44f1-968d-f8ef2d671d75@group-3BD42F5543F3-LeaderStateImpl
2024-02-06 10:04:46,012 [grpc-default-executor-3] INFO  server.GrpcServerProtocolService (GrpcServerProtocolService.java:onCompleted(157)) - 3978496b-7107-4711-aebb-7ffe7c8dd03a: Completed APPEND_ENTRIES, lastRequest: a1fd6d11-0b72-4c96-8e55-07f63a3bc231->3978496b-7107-4711-aebb-7ffe7c8dd03a#1-t1,previous=(t:0, i:0),leaderCommit=-1,initializing? false,entries: size=1, first=(t:1, i:0), CONFIGURATIONENTRY(current:id: "991f0bf8-3b66-4160-8c92-791fd313402a"
address: "10.1.0.5:15442"
dataStreamAddress: "10.1.0.5:15443"
clientAddress: "10.1.0.5:15440"
adminAddress: "10.1.0.5:15441"
startupRole: FOLLOWER
,id: "3978496b-7107-4711-aebb-7ffe7c8dd03a"
address: "10.1.0.5:15424"
dataStreamAddress: "10.1.0.5:15425"
clientAddress: "10.1.0.5:15422"
adminAddress: "10.1.0.5:15423"
startupRole: FOLLOWER
,id: "a1fd6d11-0b72-4c96-8e55-07f63a3bc231"
address: "10.1.0.5:15433"
priority: 1
dataStreamAddress: "10.1.0.5:15434"
clientAddress: "10.1.0.5:15431"
adminAddress: "10.1.0.5:15432"
startupRole: FOLLOWER
, old:)
2024-02-06 10:04:46,013 [ForkJoinPool.commonPool-worker-3] INFO  server.GrpcService (GrpcService.java:closeImpl(311)) - 087ade3f-e43d-4c8d-bb26-e39bc6489068: shutdown server org.apache.ratis.grpc.server.GrpcClientProtocolService now
2024-02-06 10:04:46,013 [087ade3f-e43d-4c8d-bb26-e39bc6489068@group-3A62A15B08FA->d13a7932-20b5-4dc4-8f4e-9cfa29b5d703-GrpcLogAppender-LogAppenderDaemon] WARN  server.GrpcLogAppender (GrpcLogAppender.java:mayWait(289)) - 087ade3f-e43d-4c8d-bb26-e39bc6489068@group-3A62A15B08FA->d13a7932-20b5-4dc4-8f4e-9cfa29b5d703-GrpcLogAppender: Wait interrupted by java.lang.InterruptedException
2024-02-06 10:04:46,013 [087ade3f-e43d-4c8d-bb26-e39bc6489068-impl-thread2] INFO  server.RaftServer$Division (RaftServerImpl.java:lambda$close$3(526)) - 087ade3f-e43d-4c8d-bb26-e39bc6489068@group-5BAE82D49BED: shutdown
2024-02-06 10:04:46,009 [grpc-default-executor-1] INFO  server.GrpcServerProtocolService (GrpcServerProtocolService.java:onCompleted(157)) - 991f0bf8-3b66-4160-8c92-791fd313402a: Completed APPEND_ENTRIES, lastRequest: a1fd6d11-0b72-4c96-8e55-07f63a3bc231->991f0bf8-3b66-4160-8c92-791fd313402a#1-t1,previous=(t:0, i:0),leaderCommit=-1,initializing? false,entries: size=1, first=(t:1, i:0), CONFIGURATIONENTRY(current:id: "991f0bf8-3b66-4160-8c92-791fd313402a"
address: "10.1.0.5:15442"
dataStreamAddress: "10.1.0.5:15443"
clientAddress: "10.1.0.5:15440"
adminAddress: "10.1.0.5:15441"
startupRole: FOLLOWER
,id: "3978496b-7107-4711-aebb-7ffe7c8dd03a"
address: "10.1.0.5:15424"
dataStreamAddress: "10.1.0.5:15425"
clientAddress: "10.1.0.5:15422"
adminAddress: "10.1.0.5:15423"
startupRole: FOLLOWER
,id: "a1fd6d11-0b72-4c96-8e55-07f63a3bc231"
address: "10.1.0.5:15433"
priority: 1
dataStreamAddress: "10.1.0.5:15434"
clientAddress: "10.1.0.5:15431"
adminAddress: "10.1.0.5:15432"
startupRole: FOLLOWER
, old:)
2024-02-06 10:04:46,014 [grpc-default-executor-1] INFO  server.GrpcServerProtocolService (GrpcServerProtocolService.java:lambda$onCompleted$5(159)) - 991f0bf8-3b66-4160-8c92-791fd313402a: Completed APPEND_ENTRIES, lastReply: null
2024-02-06 10:04:46,014 [grpc-default-executor-6] INFO  server.GrpcServerProtocolService (GrpcServerProtocolService.java:onCompleted(157)) - d13a7932-20b5-4dc4-8f4e-9cfa29b5d703: Completed APPEND_ENTRIES, lastRequest: null
2024-02-06 10:04:46,007 [Thread-5817] INFO  server.GrpcServerProtocolClient (GrpcServerProtocolClient.java:close(103)) - ec6898a0-344d-48d8-8a85-11fa109d489b Close channels
2024-02-06 10:04:46,014 [a1fd6d11-0b72-4c96-8e55-07f63a3bc231@group-57FFFF11CB9D-StateMachineUpdater] INFO  ratis.ContainerStateMachine (ContainerStateMachine.java:takeSnapshot(366)) - group-57FFFF11CB9D: Finished taking a snapshot at:(t:1, i:0) file:/home/runner/work/ozone/ozone/hadoop-ozone/integration-test/target/test-dir/MiniOzoneClusterImpl-0ae4c21d-b8eb-4e36-9639-963ec8fb7de7/datanode-7/data/ratis/9c263ce7-3999-457c-a556-57ffff11cb9d/sm/snapshot.1_0 took: 1 ms
2024-02-06 10:04:46,014 [grpc-default-executor-6] INFO  server.GrpcServerProtocolService (GrpcServerProtocolService.java:lambda$onCompleted$5(159)) - d13a7932-20b5-4dc4-8f4e-9cfa29b5d703: Completed APPEND_ENTRIES, lastReply: serverReply {
  requestorId: "087ade3f-e43d-4c8d-bb26-e39bc6489068"
  replyId: "d13a7932-20b5-4dc4-8f4e-9cfa29b5d703"
  raftGroupId {
    id: "\n\303\255\262\273\027M\254\266N:b\241[\b\372"
  }
  callId: 11
  success: true
}
term: 1
nextIndex: 1
matchIndex: 18446744073709551615
isHearbeat: true

2024-02-06 10:04:46,014 [a1fd6d11-0b72-4c96-8e55-07f63a3bc231@group-57FFFF11CB9D-StateMachineUpdater] INFO  impl.StateMachineUpdater (StateMachineUpdater.java:takeSnapshot(295)) - a1fd6d11-0b72-4c96-8e55-07f63a3bc231@group-57FFFF11CB9D-StateMachineUpdater: Took a snapshot at index 0
2024-02-06 10:04:46,014 [Thread-5819] INFO  server.GrpcServerProtocolClient (GrpcServerProtocolClient.java:close(103)) - d13a7932-20b5-4dc4-8f4e-9cfa29b5d703 Close channels
2024-02-06 10:04:46,004 [a1fd6d11-0b72-4c96-8e55-07f63a3bc231-impl-thread2] INFO  server.RaftServer$Division (RaftServerImpl.java:lambda$close$3(526)) - a1fd6d11-0b72-4c96-8e55-07f63a3bc231@group-EFBEEDD1816A: shutdown
2024-02-06 10:04:46,014 [Thread-5820] INFO  server.GrpcServerProtocolClient (GrpcServerProtocolClient.java:close(103)) - 38b4019c-56e2-4267-a670-ebb45fd92c3a Close channels
2024-02-06 10:04:46,006 [Thread-5815] INFO  server.GrpcServerProtocolClient (GrpcServerProtocolClient.java:close(103)) - b79ed0a0-6c36-4ab9-80cb-79cc2b7dd541 Close channels
2024-02-06 10:04:46,006 [grpc-default-executor-0] INFO  server.GrpcServerProtocolService (GrpcServerProtocolService.java:onCompleted(157)) - 3978496b-7107-4711-aebb-7ffe7c8dd03a: Completed APPEND_ENTRIES, lastRequest: null
2024-02-06 10:04:46,015 [grpc-default-executor-6] INFO  server.GrpcLogAppender (GrpcLogAppender.java:onCompleted(546)) - 087ade3f-e43d-4c8d-bb26-e39bc6489068@group-3A62A15B08FA->d13a7932-20b5-4dc4-8f4e-9cfa29b5d703-AppendLogResponseHandler: follower responses appendEntries COMPLETED
2024-02-06 10:04:46,006 [grpc-default-executor-5] INFO  server.GrpcServerProtocolService (GrpcServerProtocolService.java:onCompleted(157)) - 991f0bf8-3b66-4160-8c92-791fd313402a: Completed APPEND_ENTRIES, lastRequest: null
2024-02-06 10:04:46,015 [grpc-default-executor-6] WARN  server.GrpcLogAppender (GrpcLogAppender.java:resetClient(226)) - 087ade3f-e43d-4c8d-bb26-e39bc6489068@group-3A62A15B08FA->d13a7932-20b5-4dc4-8f4e-9cfa29b5d703-GrpcLogAppender: Failed to getClient for d13a7932-20b5-4dc4-8f4e-9cfa29b5d703
org.apache.ratis.protocol.exceptions.AlreadyClosedException: 087ade3f-e43d-4c8d-bb26-e39bc6489068 is already CLOSED
	at org.apache.ratis.util.PeerProxyMap$PeerAndProxy.getProxy(PeerProxyMap.java:65)
	at org.apache.ratis.util.PeerProxyMap.getProxy(PeerProxyMap.java:114)
	at org.apache.ratis.grpc.server.GrpcLogAppender.getClient(GrpcLogAppender.java:196)
	at org.apache.ratis.grpc.server.GrpcLogAppender.resetClient(GrpcLogAppender.java:201)
	at org.apache.ratis.grpc.server.GrpcLogAppender.access$800(GrpcLogAppender.java:62)
	at org.apache.ratis.grpc.server.GrpcLogAppender$AppendLogResponseHandler.onCompleted(GrpcLogAppender.java:547)
	at org.apache.ratis.thirdparty.io.grpc.stub.ClientCalls$StreamObserverToCallListenerAdapter.onClose(ClientCalls.java:479)
	at org.apache.ratis.thirdparty.io.grpc.internal.DelayedClientCall$DelayedListener$3.run(DelayedClientCall.java:489)
	at org.apache.ratis.thirdparty.io.grpc.internal.DelayedClientCall$DelayedListener.delayOrExecute(DelayedClientCall.java:453)
	at org.apache.ratis.thirdparty.io.grpc.internal.DelayedClientCall$DelayedListener.onClose(DelayedClientCall.java:486)
	at org.apache.ratis.thirdparty.io.grpc.internal.ClientCallImpl.closeObserver(ClientCallImpl.java:567)
	at org.apache.ratis.thirdparty.io.grpc.internal.ClientCallImpl.access$300(ClientCallImpl.java:71)
	at org.apache.ratis.thirdparty.io.grpc.internal.ClientCallImpl$ClientStreamListenerImpl$1StreamClosed.runInternal(ClientCallImpl.java:735)
	at org.apache.ratis.thirdparty.io.grpc.internal.ClientCallImpl$ClientStreamListenerImpl$1StreamClosed.runInContext(ClientCallImpl.java:716)
	at org.apache.ratis.thirdparty.io.grpc.internal.ContextRunnable.run(ContextRunnable.java:37)
	at org.apache.ratis.thirdparty.io.grpc.internal.SerializingExecutor.run(SerializingExecutor.java:133)
	at java.util.concurrent.ThreadPoolExecutor.runWorker(ThreadPoolExecutor.java:1149)
	at java.util.concurrent.ThreadPoolExecutor$Worker.run(ThreadPoolExecutor.java:624)
	at java.lang.Thread.run(Thread.java:750)
2024-02-06 10:04:46,015 [ForkJoinPool.commonPool-worker-4] INFO  ozoneimpl.OzoneContainer (OzoneContainer.java:stop(481)) - Attempting to stop container services.
2024-02-06 10:04:46,006 [Thread-5813] INFO  server.GrpcServerProtocolClient (GrpcServerProtocolClient.java:close(103)) - 3978496b-7107-4711-aebb-7ffe7c8dd03a Close channels
2024-02-06 10:04:46,006 [Thread-5812] INFO  server.GrpcServerProtocolClient (GrpcServerProtocolClient.java:close(103)) - 991f0bf8-3b66-4160-8c92-791fd313402a Close channels
2024-02-06 10:04:46,015 [grpc-default-executor-5] INFO  server.GrpcServerProtocolService (GrpcServerProtocolService.java:lambda$onCompleted$5(159)) - 991f0bf8-3b66-4160-8c92-791fd313402a: Completed APPEND_ENTRIES, lastReply: serverReply {
  requestorId: "a1fd6d11-0b72-4c96-8e55-07f63a3bc231"
  replyId: "991f0bf8-3b66-4160-8c92-791fd313402a"
  raftGroupId {
    id: "\234&<\3479\231E|\245VW\377\377\021\313\235"
  }
  callId: 11
  success: true
}
term: 1
nextIndex: 1
matchIndex: 18446744073709551615
isHearbeat: true

2024-02-06 10:04:46,015 [grpc-default-executor-0] INFO  server.GrpcServerProtocolService (GrpcServerProtocolService.java:lambda$onCompleted$5(159)) - 3978496b-7107-4711-aebb-7ffe7c8dd03a: Completed APPEND_ENTRIES, lastReply: serverReply {
  requestorId: "a1fd6d11-0b72-4c96-8e55-07f63a3bc231"
  replyId: "3978496b-7107-4711-aebb-7ffe7c8dd03a"
  raftGroupId {
    id: "\234&<\3479\231E|\245VW\377\377\021\313\235"
  }
  callId: 12
  success: true
}
term: 1
nextIndex: 1
matchIndex: 18446744073709551615
isHearbeat: true

2024-02-06 10:04:46,014 [a1fd6d11-0b72-4c96-8e55-07f63a3bc231-impl-thread2] INFO  util.JmxRegister (JmxRegister.java:unregister(73)) - Successfully un-registered JMX Bean with object name Ratis:service=RaftServer,group=group-EFBEEDD1816A,id=a1fd6d11-0b72-4c96-8e55-07f63a3bc231
2024-02-06 10:04:46,023 [a1fd6d11-0b72-4c96-8e55-07f63a3bc231-impl-thread2] INFO  impl.RoleInfo (RoleInfo.java:shutdownLeaderState(94)) - a1fd6d11-0b72-4c96-8e55-07f63a3bc231: shutdown a1fd6d11-0b72-4c96-8e55-07f63a3bc231@group-EFBEEDD1816A-LeaderStateImpl
2024-02-06 10:04:46,023 [a1fd6d11-0b72-4c96-8e55-07f63a3bc231-impl-thread2] INFO  impl.PendingRequests (PendingRequests.java:sendNotLeaderResponses(289)) - a1fd6d11-0b72-4c96-8e55-07f63a3bc231@group-EFBEEDD1816A-PendingRequests: sendNotLeaderResponses
2024-02-06 10:04:46,024 [a1fd6d11-0b72-4c96-8e55-07f63a3bc231-impl-thread2] INFO  impl.StateMachineUpdater (StateMachineUpdater.java:stopAndJoin(157)) - a1fd6d11-0b72-4c96-8e55-07f63a3bc231@group-EFBEEDD1816A-StateMachineUpdater: set stopIndex = 0
2024-02-06 10:04:46,024 [a1fd6d11-0b72-4c96-8e55-07f63a3bc231@group-EFBEEDD1816A-StateMachineUpdater] INFO  ratis.ContainerStateMachine (ContainerStateMachine.java:takeSnapshot(355)) - group-EFBEEDD1816A: Taking a snapshot at:(t:1, i:0) file /home/runner/work/ozone/ozone/hadoop-ozone/integration-test/target/test-dir/MiniOzoneClusterImpl-0ae4c21d-b8eb-4e36-9639-963ec8fb7de7/datanode-7/data/ratis/71cdbd26-382e-435e-bc28-efbeedd1816a/sm/snapshot.1_0
2024-02-06 10:04:46,014 [grpc-default-executor-2] INFO  server.GrpcLogAppender (GrpcLogAppender.java:onCompleted(546)) - a1fd6d11-0b72-4c96-8e55-07f63a3bc231@group-57FFFF11CB9D->991f0bf8-3b66-4160-8c92-791fd313402a-AppendLogResponseHandler: follower responses appendEntries COMPLETED
2024-02-06 10:04:46,024 [grpc-default-executor-2] WARN  server.GrpcLogAppender (GrpcLogAppender.java:resetClient(226)) - a1fd6d11-0b72-4c96-8e55-07f63a3bc231@group-57FFFF11CB9D->991f0bf8-3b66-4160-8c92-791fd313402a-GrpcLogAppender: Failed to getClient for 991f0bf8-3b66-4160-8c92-791fd313402a
org.apache.ratis.protocol.exceptions.AlreadyClosedException: a1fd6d11-0b72-4c96-8e55-07f63a3bc231 is already CLOSED
	at org.apache.ratis.util.PeerProxyMap$PeerAndProxy.getProxy(PeerProxyMap.java:65)
	at org.apache.ratis.util.PeerProxyMap.getProxy(PeerProxyMap.java:114)
	at org.apache.ratis.grpc.server.GrpcLogAppender.getClient(GrpcLogAppender.java:196)
	at org.apache.ratis.grpc.server.GrpcLogAppender.resetClient(GrpcLogAppender.java:201)
	at org.apache.ratis.grpc.server.GrpcLogAppender.access$800(GrpcLogAppender.java:62)
	at org.apache.ratis.grpc.server.GrpcLogAppender$AppendLogResponseHandler.onCompleted(GrpcLogAppender.java:547)
	at org.apache.ratis.thirdparty.io.grpc.stub.ClientCalls$StreamObserverToCallListenerAdapter.onClose(ClientCalls.java:479)
	at org.apache.ratis.thirdparty.io.grpc.internal.ClientCallImpl.closeObserver(ClientCallImpl.java:567)
	at org.apache.ratis.thirdparty.io.grpc.internal.ClientCallImpl.access$300(ClientCallImpl.java:71)
	at org.apache.ratis.thirdparty.io.grpc.internal.ClientCallImpl$ClientStreamListenerImpl$1StreamClosed.runInternal(ClientCallImpl.java:735)
	at org.apache.ratis.thirdparty.io.grpc.internal.ClientCallImpl$ClientStreamListenerImpl$1StreamClosed.runInContext(ClientCallImpl.java:716)
	at org.apache.ratis.thirdparty.io.grpc.internal.ContextRunnable.run(ContextRunnable.java:37)
	at org.apache.ratis.thirdparty.io.grpc.internal.SerializingExecutor.run(SerializingExecutor.java:133)
	at java.util.concurrent.ThreadPoolExecutor.runWorker(ThreadPoolExecutor.java:1149)
	at java.util.concurrent.ThreadPoolExecutor$Worker.run(ThreadPoolExecutor.java:624)
	at java.lang.Thread.run(Thread.java:750)
2024-02-06 10:04:46,014 [a1fd6d11-0b72-4c96-8e55-07f63a3bc231@group-57FFFF11CB9D-StateMachineUpdater] INFO  impl.StateMachineUpdater (StateMachineUpdater.java:lambda$new$0(98)) - a1fd6d11-0b72-4c96-8e55-07f63a3bc231@group-57FFFF11CB9D-StateMachineUpdater: snapshotIndex: updateIncreasingly -1 -> 0
2024-02-06 10:04:46,014 [grpc-default-executor-4] INFO  server.GrpcServerProtocolService (GrpcServerProtocolService.java:onCompleted(157)) - d13a7932-20b5-4dc4-8f4e-9cfa29b5d703: Completed APPEND_ENTRIES, lastRequest: 087ade3f-e43d-4c8d-bb26-e39bc6489068->d13a7932-20b5-4dc4-8f4e-9cfa29b5d703#1-t1,previous=(t:0, i:0),leaderCommit=-1,initializing? false,entries: size=1, first=(t:1, i:0), CONFIGURATIONENTRY(current:id: "d13a7932-20b5-4dc4-8f4e-9cfa29b5d703"
address: "10.1.0.5:15370"
dataStreamAddress: "10.1.0.5:15371"
clientAddress: "10.1.0.5:15368"
adminAddress: "10.1.0.5:15369"
startupRole: FOLLOWER
,id: "38b4019c-56e2-4267-a670-ebb45fd92c3a"
address: "10.1.0.5:15379"
dataStreamAddress: "10.1.0.5:15380"
clientAddress: "10.1.0.5:15377"
adminAddress: "10.1.0.5:15378"
startupRole: FOLLOWER
,id: "087ade3f-e43d-4c8d-bb26-e39bc6489068"
address: "10.1.0.5:15388"
priority: 1
dataStreamAddress: "10.1.0.5:15389"
clientAddress: "10.1.0.5:15386"
adminAddress: "10.1.0.5:15387"
startupRole: FOLLOWER
, old:)
2024-02-06 10:04:46,024 [grpc-default-executor-4] INFO  server.GrpcServerProtocolService (GrpcServerProtocolService.java:lambda$onCompleted$5(159)) - d13a7932-20b5-4dc4-8f4e-9cfa29b5d703: Completed APPEND_ENTRIES, lastReply: null
2024-02-06 10:04:46,024 [main] INFO  server.GrpcService (GrpcService.java:closeImpl(320)) - f44971dd-a974-44f1-968d-f8ef2d671d75: shutdown server org.apache.ratis.grpc.server.GrpcClientProtocolService successfully
2024-02-06 10:04:46,025 [main] INFO  server.GrpcService (GrpcService.java:closeImpl(311)) - f44971dd-a974-44f1-968d-f8ef2d671d75: shutdown server GrpcServerProtocolService now
2024-02-06 10:04:46,025 [grpc-default-executor-2] INFO  server.GrpcLogAppender (GrpcLogAppender.java:onCompleted(546)) - 087ade3f-e43d-4c8d-bb26-e39bc6489068@group-3A62A15B08FA->d13a7932-20b5-4dc4-8f4e-9cfa29b5d703-AppendLogResponseHandler: follower responses appendEntries COMPLETED
2024-02-06 10:04:46,025 [grpc-default-executor-2] WARN  server.GrpcLogAppender (GrpcLogAppender.java:resetClient(226)) - 087ade3f-e43d-4c8d-bb26-e39bc6489068@group-3A62A15B08FA->d13a7932-20b5-4dc4-8f4e-9cfa29b5d703-GrpcLogAppender: Failed to getClient for d13a7932-20b5-4dc4-8f4e-9cfa29b5d703
org.apache.ratis.protocol.exceptions.AlreadyClosedException: 087ade3f-e43d-4c8d-bb26-e39bc6489068 is already CLOSED
	at org.apache.ratis.util.PeerProxyMap$PeerAndProxy.getProxy(PeerProxyMap.java:65)
	at org.apache.ratis.util.PeerProxyMap.getProxy(PeerProxyMap.java:114)
	at org.apache.ratis.grpc.server.GrpcLogAppender.getClient(GrpcLogAppender.java:196)
	at org.apache.ratis.grpc.server.GrpcLogAppender.resetClient(GrpcLogAppender.java:201)
	at org.apache.ratis.grpc.server.GrpcLogAppender.access$800(GrpcLogAppender.java:62)
	at org.apache.ratis.grpc.server.GrpcLogAppender$AppendLogResponseHandler.onCompleted(GrpcLogAppender.java:547)
	at org.apache.ratis.thirdparty.io.grpc.stub.ClientCalls$StreamObserverToCallListenerAdapter.onClose(ClientCalls.java:479)
	at org.apache.ratis.thirdparty.io.grpc.internal.ClientCallImpl.closeObserver(ClientCallImpl.java:567)
	at org.apache.ratis.thirdparty.io.grpc.internal.ClientCallImpl.access$300(ClientCallImpl.java:71)
	at org.apache.ratis.thirdparty.io.grpc.internal.ClientCallImpl$ClientStreamListenerImpl$1StreamClosed.runInternal(ClientCallImpl.java:735)
	at org.apache.ratis.thirdparty.io.grpc.internal.ClientCallImpl$ClientStreamListenerImpl$1StreamClosed.runInContext(ClientCallImpl.java:716)
	at org.apache.ratis.thirdparty.io.grpc.internal.ContextRunnable.run(ContextRunnable.java:37)
	at org.apache.ratis.thirdparty.io.grpc.internal.SerializingExecutor.run(SerializingExecutor.java:133)
	at java.util.concurrent.ThreadPoolExecutor.runWorker(ThreadPoolExecutor.java:1149)
	at java.util.concurrent.ThreadPoolExecutor$Worker.run(ThreadPoolExecutor.java:624)
	at java.lang.Thread.run(Thread.java:750)
2024-02-06 10:04:46,014 [087ade3f-e43d-4c8d-bb26-e39bc6489068@group-3A62A15B08FA->38b4019c-56e2-4267-a670-ebb45fd92c3a-GrpcLogAppender-LogAppenderDaemon] WARN  server.GrpcLogAppender (GrpcLogAppender.java:mayWait(289)) - 087ade3f-e43d-4c8d-bb26-e39bc6489068@group-3A62A15B08FA->38b4019c-56e2-4267-a670-ebb45fd92c3a-GrpcLogAppender: Wait interrupted by java.lang.InterruptedException
2024-02-06 10:04:46,014 [087ade3f-e43d-4c8d-bb26-e39bc6489068-impl-thread1] INFO  impl.PendingRequests (PendingRequests.java:sendNotLeaderResponses(289)) - 087ade3f-e43d-4c8d-bb26-e39bc6489068@group-3A62A15B08FA-PendingRequests: sendNotLeaderResponses
2024-02-06 10:04:46,029 [grpc-default-executor-5] INFO  server.GrpcLogAppender (GrpcLogAppender.java:onCompleted(546)) - a1fd6d11-0b72-4c96-8e55-07f63a3bc231@group-57FFFF11CB9D->3978496b-7107-4711-aebb-7ffe7c8dd03a-AppendLogResponseHandler: follower responses appendEntries COMPLETED
2024-02-06 10:04:46,029 [grpc-default-executor-5] WARN  server.GrpcLogAppender (GrpcLogAppender.java:resetClient(226)) - a1fd6d11-0b72-4c96-8e55-07f63a3bc231@group-57FFFF11CB9D->3978496b-7107-4711-aebb-7ffe7c8dd03a-GrpcLogAppender: Failed to getClient for 3978496b-7107-4711-aebb-7ffe7c8dd03a
org.apache.ratis.protocol.exceptions.AlreadyClosedException: a1fd6d11-0b72-4c96-8e55-07f63a3bc231 is already CLOSED
	at org.apache.ratis.util.PeerProxyMap$PeerAndProxy.getProxy(PeerProxyMap.java:65)
	at org.apache.ratis.util.PeerProxyMap.getProxy(PeerProxyMap.java:114)
	at org.apache.ratis.grpc.server.GrpcLogAppender.getClient(GrpcLogAppender.java:196)
	at org.apache.ratis.grpc.server.GrpcLogAppender.resetClient(GrpcLogAppender.java:201)
	at org.apache.ratis.grpc.server.GrpcLogAppender.access$800(GrpcLogAppender.java:62)
	at org.apache.ratis.grpc.server.GrpcLogAppender$AppendLogResponseHandler.onCompleted(GrpcLogAppender.java:547)
	at org.apache.ratis.thirdparty.io.grpc.stub.ClientCalls$StreamObserverToCallListenerAdapter.onClose(ClientCalls.java:479)
	at org.apache.ratis.thirdparty.io.grpc.internal.ClientCallImpl.closeObserver(ClientCallImpl.java:567)
	at org.apache.ratis.thirdparty.io.grpc.internal.ClientCallImpl.access$300(ClientCallImpl.java:71)
	at org.apache.ratis.thirdparty.io.grpc.internal.ClientCallImpl$ClientStreamListenerImpl$1StreamClosed.runInternal(ClientCallImpl.java:735)
	at org.apache.ratis.thirdparty.io.grpc.internal.ClientCallImpl$ClientStreamListenerImpl$1StreamClosed.runInContext(ClientCallImpl.java:716)
	at org.apache.ratis.thirdparty.io.grpc.internal.ContextRunnable.run(ContextRunnable.java:37)
	at org.apache.ratis.thirdparty.io.grpc.internal.SerializingExecutor.run(SerializingExecutor.java:133)
	at java.util.concurrent.ThreadPoolExecutor.runWorker(ThreadPoolExecutor.java:1149)
	at java.util.concurrent.ThreadPoolExecutor$Worker.run(ThreadPoolExecutor.java:624)
	at java.lang.Thread.run(Thread.java:750)
2024-02-06 10:04:46,013 [087ade3f-e43d-4c8d-bb26-e39bc6489068-impl-thread2] INFO  util.JmxRegister (JmxRegister.java:unregister(73)) - Successfully un-registered JMX Bean with object name Ratis:service=RaftServer,group=group-5BAE82D49BED,id=087ade3f-e43d-4c8d-bb26-e39bc6489068
2024-02-06 10:04:46,013 [grpc-default-executor-3] INFO  server.GrpcServerProtocolService (GrpcServerProtocolService.java:lambda$onCompleted$5(159)) - 3978496b-7107-4711-aebb-7ffe7c8dd03a: Completed APPEND_ENTRIES, lastReply: null
2024-02-06 10:04:46,013 [f44971dd-a974-44f1-968d-f8ef2d671d75-impl-thread1] INFO  impl.PendingRequests (PendingRequests.java:sendNotLeaderResponses(289)) - f44971dd-a974-44f1-968d-f8ef2d671d75@group-3BD42F5543F3-PendingRequests: sendNotLeaderResponses
2024-02-06 10:04:46,013 [a1fd6d11-0b72-4c96-8e55-07f63a3bc231-impl-thread1] INFO  impl.StateMachineUpdater (StateMachineUpdater.java:stopAndJoin(157)) - a1fd6d11-0b72-4c96-8e55-07f63a3bc231@group-57FFFF11CB9D-StateMachineUpdater: set stopIndex = 0
2024-02-06 10:04:46,038 [a1fd6d11-0b72-4c96-8e55-07f63a3bc231-impl-thread1] INFO  server.RaftServer$Division (ServerState.java:close(427)) - a1fd6d11-0b72-4c96-8e55-07f63a3bc231@group-57FFFF11CB9D: applyIndex: 0
2024-02-06 10:04:46,038 [f44971dd-a974-44f1-968d-f8ef2d671d75-impl-thread1] INFO  impl.StateMachineUpdater (StateMachineUpdater.java:stopAndJoin(157)) - f44971dd-a974-44f1-968d-f8ef2d671d75@group-3BD42F5543F3-StateMachineUpdater: set stopIndex = 0
2024-02-06 10:04:46,038 [f44971dd-a974-44f1-968d-f8ef2d671d75@group-3BD42F5543F3-StateMachineUpdater] INFO  ratis.ContainerStateMachine (ContainerStateMachine.java:takeSnapshot(355)) - group-3BD42F5543F3: Taking a snapshot at:(t:1, i:0) file /home/runner/work/ozone/ozone/hadoop-ozone/integration-test/target/test-dir/MiniOzoneClusterImpl-0ae4c21d-b8eb-4e36-9639-963ec8fb7de7/datanode-5/data/ratis/6181edb0-3bea-4f4f-9bc8-3bd42f5543f3/sm/snapshot.1_0
2024-02-06 10:04:46,039 [a1fd6d11-0b72-4c96-8e55-07f63a3bc231@group-57FFFF11CB9D-cacheEviction-AwaitToRun] INFO  util.AwaitToRun (AwaitToRun.java:run(49)) - a1fd6d11-0b72-4c96-8e55-07f63a3bc231@group-57FFFF11CB9D-cacheEviction-AwaitToRun-AwaitForSignal is interrupted
2024-02-06 10:04:46,039 [grpc-default-executor-5] INFO  server.GrpcLogAppender (GrpcLogAppender.java:onCompleted(546)) - a1fd6d11-0b72-4c96-8e55-07f63a3bc231@group-57FFFF11CB9D->3978496b-7107-4711-aebb-7ffe7c8dd03a-AppendLogResponseHandler: follower responses appendEntries COMPLETED
2024-02-06 10:04:46,039 [grpc-default-executor-5] WARN  server.GrpcLogAppender (GrpcLogAppender.java:resetClient(226)) - a1fd6d11-0b72-4c96-8e55-07f63a3bc231@group-57FFFF11CB9D->3978496b-7107-4711-aebb-7ffe7c8dd03a-GrpcLogAppender: Failed to getClient for 3978496b-7107-4711-aebb-7ffe7c8dd03a
org.apache.ratis.protocol.exceptions.AlreadyClosedException: a1fd6d11-0b72-4c96-8e55-07f63a3bc231 is already CLOSED
	at org.apache.ratis.util.PeerProxyMap$PeerAndProxy.getProxy(PeerProxyMap.java:65)
	at org.apache.ratis.util.PeerProxyMap.getProxy(PeerProxyMap.java:114)
	at org.apache.ratis.grpc.server.GrpcLogAppender.getClient(GrpcLogAppender.java:196)
	at org.apache.ratis.grpc.server.GrpcLogAppender.resetClient(GrpcLogAppender.java:201)
	at org.apache.ratis.grpc.server.GrpcLogAppender.access$800(GrpcLogAppender.java:62)
	at org.apache.ratis.grpc.server.GrpcLogAppender$AppendLogResponseHandler.onCompleted(GrpcLogAppender.java:547)
	at org.apache.ratis.thirdparty.io.grpc.stub.ClientCalls$StreamObserverToCallListenerAdapter.onClose(ClientCalls.java:479)
	at org.apache.ratis.thirdparty.io.grpc.internal.ClientCallImpl.closeObserver(ClientCallImpl.java:567)
	at org.apache.ratis.thirdparty.io.grpc.internal.ClientCallImpl.access$300(ClientCallImpl.java:71)
	at org.apache.ratis.thirdparty.io.grpc.internal.ClientCallImpl$ClientStreamListenerImpl$1StreamClosed.runInternal(ClientCallImpl.java:735)
	at org.apache.ratis.thirdparty.io.grpc.internal.ClientCallImpl$ClientStreamListenerImpl$1StreamClosed.runInContext(ClientCallImpl.java:716)
	at org.apache.ratis.thirdparty.io.grpc.internal.ContextRunnable.run(ContextRunnable.java:37)
	at org.apache.ratis.thirdparty.io.grpc.internal.SerializingExecutor.run(SerializingExecutor.java:133)
	at java.util.concurrent.ThreadPoolExecutor.runWorker(ThreadPoolExecutor.java:1149)
	at java.util.concurrent.ThreadPoolExecutor$Worker.run(ThreadPoolExecutor.java:624)
	at java.lang.Thread.run(Thread.java:750)
2024-02-06 10:04:46,038 [087ade3f-e43d-4c8d-bb26-e39bc6489068-impl-thread2] INFO  impl.RoleInfo (RoleInfo.java:shutdownLeaderState(94)) - 087ade3f-e43d-4c8d-bb26-e39bc6489068: shutdown 087ade3f-e43d-4c8d-bb26-e39bc6489068@group-5BAE82D49BED-LeaderStateImpl
2024-02-06 10:04:46,039 [f44971dd-a974-44f1-968d-f8ef2d671d75@group-3BD42F5543F3-StateMachineUpdater] INFO  ratis.ContainerStateMachine (ContainerStateMachine.java:takeSnapshot(366)) - group-3BD42F5543F3: Finished taking a snapshot at:(t:1, i:0) file:/home/runner/work/ozone/ozone/hadoop-ozone/integration-test/target/test-dir/MiniOzoneClusterImpl-0ae4c21d-b8eb-4e36-9639-963ec8fb7de7/datanode-5/data/ratis/6181edb0-3bea-4f4f-9bc8-3bd42f5543f3/sm/snapshot.1_0 took: 1 ms
2024-02-06 10:04:46,039 [087ade3f-e43d-4c8d-bb26-e39bc6489068-impl-thread2] INFO  impl.PendingRequests (PendingRequests.java:sendNotLeaderResponses(289)) - 087ade3f-e43d-4c8d-bb26-e39bc6489068@group-5BAE82D49BED-PendingRequests: sendNotLeaderResponses
2024-02-06 10:04:46,030 [grpc-default-executor-0] INFO  server.GrpcServerProtocolService (GrpcServerProtocolService.java:onCompleted(157)) - 38b4019c-56e2-4267-a670-ebb45fd92c3a: Completed APPEND_ENTRIES, lastRequest: null
2024-02-06 10:04:46,039 [f44971dd-a974-44f1-968d-f8ef2d671d75@group-3BD42F5543F3-StateMachineUpdater] INFO  impl.StateMachineUpdater (StateMachineUpdater.java:takeSnapshot(295)) - f44971dd-a974-44f1-968d-f8ef2d671d75@group-3BD42F5543F3-StateMachineUpdater: Took a snapshot at index 0
2024-02-06 10:04:46,039 [f44971dd-a974-44f1-968d-f8ef2d671d75@group-3BD42F5543F3-StateMachineUpdater] INFO  impl.StateMachineUpdater (StateMachineUpdater.java:lambda$new$0(98)) - f44971dd-a974-44f1-968d-f8ef2d671d75@group-3BD42F5543F3-StateMachineUpdater: snapshotIndex: updateIncreasingly -1 -> 0
2024-02-06 10:04:46,039 [087ade3f-e43d-4c8d-bb26-e39bc6489068-impl-thread2] INFO  impl.StateMachineUpdater (StateMachineUpdater.java:stopAndJoin(157)) - 087ade3f-e43d-4c8d-bb26-e39bc6489068@group-5BAE82D49BED-StateMachineUpdater: set stopIndex = 0
2024-02-06 10:04:46,029 [grpc-default-executor-2] INFO  server.GrpcServerProtocolService (GrpcServerProtocolService.java:onCompleted(157)) - 38b4019c-56e2-4267-a670-ebb45fd92c3a: Completed APPEND_ENTRIES, lastRequest: 087ade3f-e43d-4c8d-bb26-e39bc6489068->38b4019c-56e2-4267-a670-ebb45fd92c3a#1-t1,previous=(t:0, i:0),leaderCommit=-1,initializing? false,entries: size=1, first=(t:1, i:0), CONFIGURATIONENTRY(current:id: "d13a7932-20b5-4dc4-8f4e-9cfa29b5d703"
address: "10.1.0.5:15370"
dataStreamAddress: "10.1.0.5:15371"
clientAddress: "10.1.0.5:15368"
adminAddress: "10.1.0.5:15369"
startupRole: FOLLOWER
,id: "38b4019c-56e2-4267-a670-ebb45fd92c3a"
address: "10.1.0.5:15379"
dataStreamAddress: "10.1.0.5:15380"
clientAddress: "10.1.0.5:15377"
adminAddress: "10.1.0.5:15378"
startupRole: FOLLOWER
,id: "087ade3f-e43d-4c8d-bb26-e39bc6489068"
address: "10.1.0.5:15388"
priority: 1
dataStreamAddress: "10.1.0.5:15389"
clientAddress: "10.1.0.5:15386"
adminAddress: "10.1.0.5:15387"
startupRole: FOLLOWER
, old:)
2024-02-06 10:04:46,029 [ForkJoinPool.commonPool-worker-6] INFO  ozoneimpl.OzoneContainer (OzoneContainer.java:stop(481)) - Attempting to stop container services.
2024-02-06 10:04:46,029 [main] INFO  server.GrpcService (GrpcService.java:closeImpl(320)) - f44971dd-a974-44f1-968d-f8ef2d671d75: shutdown server GrpcServerProtocolService successfully
2024-02-06 10:04:46,040 [grpc-default-executor-0] INFO  server.GrpcServerProtocolService (GrpcServerProtocolService.java:lambda$onCompleted$5(159)) - 38b4019c-56e2-4267-a670-ebb45fd92c3a: Completed APPEND_ENTRIES, lastReply: serverReply {
  requestorId: "087ade3f-e43d-4c8d-bb26-e39bc6489068"
  replyId: "38b4019c-56e2-4267-a670-ebb45fd92c3a"
  raftGroupId {
    id: "\n\303\255\262\273\027M\254\266N:b\241[\b\372"
  }
  callId: 14
  success: true
}
term: 1
nextIndex: 1
matchIndex: 18446744073709551615
isHearbeat: true

2024-02-06 10:04:46,040 [087ade3f-e43d-4c8d-bb26-e39bc6489068@group-5BAE82D49BED-StateMachineUpdater] INFO  ratis.ContainerStateMachine (ContainerStateMachine.java:takeSnapshot(355)) - group-5BAE82D49BED: Taking a snapshot at:(t:1, i:0) file /home/runner/work/ozone/ozone/hadoop-ozone/integration-test/target/test-dir/MiniOzoneClusterImpl-0ae4c21d-b8eb-4e36-9639-963ec8fb7de7/datanode-2/data/ratis/ec540fe2-78df-400f-b8ff-5bae82d49bed/sm/snapshot.1_0
2024-02-06 10:04:46,029 [087ade3f-e43d-4c8d-bb26-e39bc6489068@group-3A62A15B08FA-StateMachineUpdater] INFO  ratis.ContainerStateMachine (ContainerStateMachine.java:takeSnapshot(355)) - group-3A62A15B08FA: Taking a snapshot at:(t:1, i:0) file /home/runner/work/ozone/ozone/hadoop-ozone/integration-test/target/test-dir/MiniOzoneClusterImpl-0ae4c21d-b8eb-4e36-9639-963ec8fb7de7/datanode-2/data/ratis/0ac3adb2-bb17-4dac-b64e-3a62a15b08fa/sm/snapshot.1_0
2024-02-06 10:04:46,029 [087ade3f-e43d-4c8d-bb26-e39bc6489068-impl-thread1] INFO  impl.StateMachineUpdater (StateMachineUpdater.java:stopAndJoin(157)) - 087ade3f-e43d-4c8d-bb26-e39bc6489068@group-3A62A15B08FA-StateMachineUpdater: set stopIndex = 0
2024-02-06 10:04:46,029 [grpc-default-executor-4] INFO  server.GrpcLogAppender (GrpcLogAppender.java:onCompleted(546)) - a1fd6d11-0b72-4c96-8e55-07f63a3bc231@group-57FFFF11CB9D->991f0bf8-3b66-4160-8c92-791fd313402a-AppendLogResponseHandler: follower responses appendEntries COMPLETED
2024-02-06 10:04:46,041 [grpc-default-executor-4] WARN  server.GrpcLogAppender (GrpcLogAppender.java:resetClient(226)) - a1fd6d11-0b72-4c96-8e55-07f63a3bc231@group-57FFFF11CB9D->991f0bf8-3b66-4160-8c92-791fd313402a-GrpcLogAppender: Failed to getClient for 991f0bf8-3b66-4160-8c92-791fd313402a
org.apache.ratis.protocol.exceptions.AlreadyClosedException: a1fd6d11-0b72-4c96-8e55-07f63a3bc231 is already CLOSED
	at org.apache.ratis.util.PeerProxyMap$PeerAndProxy.getProxy(PeerProxyMap.java:65)
	at org.apache.ratis.util.PeerProxyMap.getProxy(PeerProxyMap.java:114)
	at org.apache.ratis.grpc.server.GrpcLogAppender.getClient(GrpcLogAppender.java:196)
	at org.apache.ratis.grpc.server.GrpcLogAppender.resetClient(GrpcLogAppender.java:201)
	at org.apache.ratis.grpc.server.GrpcLogAppender.access$800(GrpcLogAppender.java:62)
	at org.apache.ratis.grpc.server.GrpcLogAppender$AppendLogResponseHandler.onCompleted(GrpcLogAppender.java:547)
	at org.apache.ratis.thirdparty.io.grpc.stub.ClientCalls$StreamObserverToCallListenerAdapter.onClose(ClientCalls.java:479)
	at org.apache.ratis.thirdparty.io.grpc.internal.DelayedClientCall$DelayedListener$3.run(DelayedClientCall.java:489)
	at org.apache.ratis.thirdparty.io.grpc.internal.DelayedClientCall$DelayedListener.delayOrExecute(DelayedClientCall.java:453)
	at org.apache.ratis.thirdparty.io.grpc.internal.DelayedClientCall$DelayedListener.onClose(DelayedClientCall.java:486)
	at org.apache.ratis.thirdparty.io.grpc.internal.ClientCallImpl.closeObserver(ClientCallImpl.java:567)
	at org.apache.ratis.thirdparty.io.grpc.internal.ClientCallImpl.access$300(ClientCallImpl.java:71)
	at org.apache.ratis.thirdparty.io.grpc.internal.ClientCallImpl$ClientStreamListenerImpl$1StreamClosed.runInternal(ClientCallImpl.java:735)
	at org.apache.ratis.thirdparty.io.grpc.internal.ClientCallImpl$ClientStreamListenerImpl$1StreamClosed.runInContext(ClientCallImpl.java:716)
	at org.apache.ratis.thirdparty.io.grpc.internal.ContextRunnable.run(ContextRunnable.java:37)
	at org.apache.ratis.thirdparty.io.grpc.internal.SerializingExecutor.run(SerializingExecutor.java:133)
	at java.util.concurrent.ThreadPoolExecutor.runWorker(ThreadPoolExecutor.java:1149)
	at java.util.concurrent.ThreadPoolExecutor$Worker.run(ThreadPoolExecutor.java:624)
	at java.lang.Thread.run(Thread.java:750)
2024-02-06 10:04:46,024 [a1fd6d11-0b72-4c96-8e55-07f63a3bc231@group-EFBEEDD1816A-StateMachineUpdater] INFO  ratis.ContainerStateMachine (ContainerStateMachine.java:takeSnapshot(366)) - group-EFBEEDD1816A: Finished taking a snapshot at:(t:1, i:0) file:/home/runner/work/ozone/ozone/hadoop-ozone/integration-test/target/test-dir/MiniOzoneClusterImpl-0ae4c21d-b8eb-4e36-9639-963ec8fb7de7/datanode-7/data/ratis/71cdbd26-382e-435e-bc28-efbeedd1816a/sm/snapshot.1_0 took: 0 ms
2024-02-06 10:04:46,021 [ForkJoinPool.commonPool-worker-4] INFO  server.RaftServer (RaftServerProxy.java:lambda$close$9(416)) - 38b4019c-56e2-4267-a670-ebb45fd92c3a: close
2024-02-06 10:04:46,041 [a1fd6d11-0b72-4c96-8e55-07f63a3bc231@group-EFBEEDD1816A-StateMachineUpdater] INFO  impl.StateMachineUpdater (StateMachineUpdater.java:takeSnapshot(295)) - a1fd6d11-0b72-4c96-8e55-07f63a3bc231@group-EFBEEDD1816A-StateMachineUpdater: Took a snapshot at index 0
2024-02-06 10:04:46,041 [087ade3f-e43d-4c8d-bb26-e39bc6489068@group-3A62A15B08FA-StateMachineUpdater] INFO  ratis.ContainerStateMachine (ContainerStateMachine.java:takeSnapshot(366)) - group-3A62A15B08FA: Finished taking a snapshot at:(t:1, i:0) file:/home/runner/work/ozone/ozone/hadoop-ozone/integration-test/target/test-dir/MiniOzoneClusterImpl-0ae4c21d-b8eb-4e36-9639-963ec8fb7de7/datanode-2/data/ratis/0ac3adb2-bb17-4dac-b64e-3a62a15b08fa/sm/snapshot.1_0 took: 12 ms
2024-02-06 10:04:46,041 [a1fd6d11-0b72-4c96-8e55-07f63a3bc231@group-EFBEEDD1816A-StateMachineUpdater] INFO  impl.StateMachineUpdater (StateMachineUpdater.java:lambda$new$0(98)) - a1fd6d11-0b72-4c96-8e55-07f63a3bc231@group-EFBEEDD1816A-StateMachineUpdater: snapshotIndex: updateIncreasingly -1 -> 0
2024-02-06 10:04:46,041 [087ade3f-e43d-4c8d-bb26-e39bc6489068@group-5BAE82D49BED-StateMachineUpdater] INFO  ratis.ContainerStateMachine (ContainerStateMachine.java:takeSnapshot(366)) - group-5BAE82D49BED: Finished taking a snapshot at:(t:1, i:0) file:/home/runner/work/ozone/ozone/hadoop-ozone/integration-test/target/test-dir/MiniOzoneClusterImpl-0ae4c21d-b8eb-4e36-9639-963ec8fb7de7/datanode-2/data/ratis/ec540fe2-78df-400f-b8ff-5bae82d49bed/sm/snapshot.1_0 took: 1 ms
2024-02-06 10:04:46,042 [a1fd6d11-0b72-4c96-8e55-07f63a3bc231-impl-thread2] INFO  server.RaftServer$Division (ServerState.java:close(427)) - a1fd6d11-0b72-4c96-8e55-07f63a3bc231@group-EFBEEDD1816A: applyIndex: 0
2024-02-06 10:04:46,041 [grpc-default-executor-5] INFO  server.GrpcLogAppender (GrpcLogAppender.java:onCompleted(546)) - 087ade3f-e43d-4c8d-bb26-e39bc6489068@group-3A62A15B08FA->38b4019c-56e2-4267-a670-ebb45fd92c3a-AppendLogResponseHandler: follower responses appendEntries COMPLETED
2024-02-06 10:04:46,042 [a1fd6d11-0b72-4c96-8e55-07f63a3bc231@group-EFBEEDD1816A-cacheEviction-AwaitToRun] INFO  util.AwaitToRun (AwaitToRun.java:run(49)) - a1fd6d11-0b72-4c96-8e55-07f63a3bc231@group-EFBEEDD1816A-cacheEviction-AwaitToRun-AwaitForSignal is interrupted
2024-02-06 10:04:46,040 [main] INFO  server.GrpcService (GrpcService.java:closeImpl(311)) - f44971dd-a974-44f1-968d-f8ef2d671d75: shutdown server org.apache.ratis.grpc.server.GrpcAdminProtocolService now
2024-02-06 10:04:46,040 [ForkJoinPool.commonPool-worker-6] INFO  server.RaftServer (RaftServerProxy.java:lambda$close$9(416)) - d13a7932-20b5-4dc4-8f4e-9cfa29b5d703: close
2024-02-06 10:04:46,039 [f44971dd-a974-44f1-968d-f8ef2d671d75-impl-thread1] INFO  server.RaftServer$Division (ServerState.java:close(427)) - f44971dd-a974-44f1-968d-f8ef2d671d75@group-3BD42F5543F3: applyIndex: 0
2024-02-06 10:04:46,042 [d13a7932-20b5-4dc4-8f4e-9cfa29b5d703-impl-thread1] INFO  server.RaftServer$Division (RaftServerImpl.java:lambda$close$3(526)) - d13a7932-20b5-4dc4-8f4e-9cfa29b5d703@group-A3563CEE2A65: shutdown
2024-02-06 10:04:46,042 [d13a7932-20b5-4dc4-8f4e-9cfa29b5d703-impl-thread1] INFO  util.JmxRegister (JmxRegister.java:unregister(73)) - Successfully un-registered JMX Bean with object name Ratis:service=RaftServer,group=group-A3563CEE2A65,id=d13a7932-20b5-4dc4-8f4e-9cfa29b5d703
2024-02-06 10:04:46,042 [d13a7932-20b5-4dc4-8f4e-9cfa29b5d703-impl-thread1] INFO  impl.RoleInfo (RoleInfo.java:shutdownLeaderState(94)) - d13a7932-20b5-4dc4-8f4e-9cfa29b5d703: shutdown d13a7932-20b5-4dc4-8f4e-9cfa29b5d703@group-A3563CEE2A65-LeaderStateImpl
2024-02-06 10:04:46,042 [d13a7932-20b5-4dc4-8f4e-9cfa29b5d703-impl-thread1] INFO  impl.PendingRequests (PendingRequests.java:sendNotLeaderResponses(289)) - d13a7932-20b5-4dc4-8f4e-9cfa29b5d703@group-A3563CEE2A65-PendingRequests: sendNotLeaderResponses
2024-02-06 10:04:46,043 [ForkJoinPool.commonPool-worker-6] INFO  server.GrpcService (GrpcService.java:closeImpl(311)) - d13a7932-20b5-4dc4-8f4e-9cfa29b5d703: shutdown server org.apache.ratis.grpc.server.GrpcClientProtocolService now
2024-02-06 10:04:46,043 [d13a7932-20b5-4dc4-8f4e-9cfa29b5d703-impl-thread1] INFO  impl.StateMachineUpdater (StateMachineUpdater.java:stopAndJoin(157)) - d13a7932-20b5-4dc4-8f4e-9cfa29b5d703@group-A3563CEE2A65-StateMachineUpdater: set stopIndex = 0
2024-02-06 10:04:46,043 [d13a7932-20b5-4dc4-8f4e-9cfa29b5d703-impl-thread2] INFO  server.RaftServer$Division (RaftServerImpl.java:lambda$close$3(526)) - d13a7932-20b5-4dc4-8f4e-9cfa29b5d703@group-3A62A15B08FA: shutdown
2024-02-06 10:04:46,039 [grpc-default-executor-2] INFO  server.GrpcServerProtocolService (GrpcServerProtocolService.java:lambda$onCompleted$5(159)) - 38b4019c-56e2-4267-a670-ebb45fd92c3a: Completed APPEND_ENTRIES, lastReply: null
2024-02-06 10:04:46,043 [f44971dd-a974-44f1-968d-f8ef2d671d75@group-3BD42F5543F3-cacheEviction-AwaitToRun] INFO  util.AwaitToRun (AwaitToRun.java:run(49)) - f44971dd-a974-44f1-968d-f8ef2d671d75@group-3BD42F5543F3-cacheEviction-AwaitToRun-AwaitForSignal is interrupted
2024-02-06 10:04:46,039 [ForkJoinPool.commonPool-worker-5] INFO  server.GrpcService (GrpcService.java:closeImpl(320)) - a1fd6d11-0b72-4c96-8e55-07f63a3bc231: shutdown server org.apache.ratis.grpc.server.GrpcClientProtocolService successfully
2024-02-06 10:04:46,043 [ForkJoinPool.commonPool-worker-3] INFO  server.GrpcService (GrpcService.java:closeImpl(320)) - 087ade3f-e43d-4c8d-bb26-e39bc6489068: shutdown server org.apache.ratis.grpc.server.GrpcClientProtocolService successfully
2024-02-06 10:04:46,043 [ForkJoinPool.commonPool-worker-3] INFO  server.GrpcService (GrpcService.java:closeImpl(311)) - 087ade3f-e43d-4c8d-bb26-e39bc6489068: shutdown server GrpcServerProtocolService now
2024-02-06 10:04:46,043 [d13a7932-20b5-4dc4-8f4e-9cfa29b5d703-impl-thread2] INFO  util.JmxRegister (JmxRegister.java:unregister(73)) - Successfully un-registered JMX Bean with object name Ratis:service=RaftServer,group=group-3A62A15B08FA,id=d13a7932-20b5-4dc4-8f4e-9cfa29b5d703
2024-02-06 10:04:46,043 [grpc-default-executor-0] INFO  server.GrpcLogAppender (GrpcLogAppender.java:onCompleted(546)) - 087ade3f-e43d-4c8d-bb26-e39bc6489068@group-3A62A15B08FA->38b4019c-56e2-4267-a670-ebb45fd92c3a-AppendLogResponseHandler: follower responses appendEntries COMPLETED
2024-02-06 10:04:46,043 [ForkJoinPool.commonPool-worker-5] INFO  server.GrpcService (GrpcService.java:closeImpl(311)) - a1fd6d11-0b72-4c96-8e55-07f63a3bc231: shutdown server GrpcServerProtocolService now
2024-02-06 10:04:46,043 [d13a7932-20b5-4dc4-8f4e-9cfa29b5d703@group-A3563CEE2A65-StateMachineUpdater] INFO  ratis.ContainerStateMachine (ContainerStateMachine.java:takeSnapshot(355)) - group-A3563CEE2A65: Taking a snapshot at:(t:1, i:0) file /home/runner/work/ozone/ozone/hadoop-ozone/integration-test/target/test-dir/MiniOzoneClusterImpl-0ae4c21d-b8eb-4e36-9639-963ec8fb7de7/datanode-0/data/ratis/d73a1a3a-4c5b-41e3-8270-a3563cee2a65/sm/snapshot.1_0
2024-02-06 10:04:46,042 [grpc-default-executor-5] WARN  server.GrpcLogAppender (GrpcLogAppender.java:resetClient(226)) - 087ade3f-e43d-4c8d-bb26-e39bc6489068@group-3A62A15B08FA->38b4019c-56e2-4267-a670-ebb45fd92c3a-GrpcLogAppender: Failed to getClient for 38b4019c-56e2-4267-a670-ebb45fd92c3a
org.apache.ratis.protocol.exceptions.AlreadyClosedException: 087ade3f-e43d-4c8d-bb26-e39bc6489068 is already CLOSED
	at org.apache.ratis.util.PeerProxyMap$PeerAndProxy.getProxy(PeerProxyMap.java:65)
	at org.apache.ratis.util.PeerProxyMap.getProxy(PeerProxyMap.java:114)
	at org.apache.ratis.grpc.server.GrpcLogAppender.getClient(GrpcLogAppender.java:196)
	at org.apache.ratis.grpc.server.GrpcLogAppender.resetClient(GrpcLogAppender.java:201)
	at org.apache.ratis.grpc.server.GrpcLogAppender.access$800(GrpcLogAppender.java:62)
	at org.apache.ratis.grpc.server.GrpcLogAppender$AppendLogResponseHandler.onCompleted(GrpcLogAppender.java:547)
	at org.apache.ratis.thirdparty.io.grpc.stub.ClientCalls$StreamObserverToCallListenerAdapter.onClose(ClientCalls.java:479)
	at org.apache.ratis.thirdparty.io.grpc.internal.ClientCallImpl.closeObserver(ClientCallImpl.java:567)
	at org.apache.ratis.thirdparty.io.grpc.internal.ClientCallImpl.access$300(ClientCallImpl.java:71)
	at org.apache.ratis.thirdparty.io.grpc.internal.ClientCallImpl$ClientStreamListenerImpl$1StreamClosed.runInternal(ClientCallImpl.java:735)
	at org.apache.ratis.thirdparty.io.grpc.internal.ClientCallImpl$ClientStreamListenerImpl$1StreamClosed.runInContext(ClientCallImpl.java:716)
	at org.apache.ratis.thirdparty.io.grpc.internal.ContextRunnable.run(ContextRunnable.java:37)
	at org.apache.ratis.thirdparty.io.grpc.internal.SerializingExecutor.run(SerializingExecutor.java:133)
	at java.util.concurrent.ThreadPoolExecutor.runWorker(ThreadPoolExecutor.java:1149)
	at java.util.concurrent.ThreadPoolExecutor$Worker.run(ThreadPoolExecutor.java:624)
	at java.lang.Thread.run(Thread.java:750)
2024-02-06 10:04:46,042 [ForkJoinPool.commonPool-worker-4] INFO  server.GrpcService (GrpcService.java:closeImpl(311)) - 38b4019c-56e2-4267-a670-ebb45fd92c3a: shutdown server org.apache.ratis.grpc.server.GrpcClientProtocolService now
2024-02-06 10:04:46,042 [087ade3f-e43d-4c8d-bb26-e39bc6489068@group-5BAE82D49BED-StateMachineUpdater] INFO  impl.StateMachineUpdater (StateMachineUpdater.java:takeSnapshot(295)) - 087ade3f-e43d-4c8d-bb26-e39bc6489068@group-5BAE82D49BED-StateMachineUpdater: Took a snapshot at index 0
2024-02-06 10:04:46,044 [087ade3f-e43d-4c8d-bb26-e39bc6489068@group-5BAE82D49BED-StateMachineUpdater] INFO  impl.StateMachineUpdater (StateMachineUpdater.java:lambda$new$0(98)) - 087ade3f-e43d-4c8d-bb26-e39bc6489068@group-5BAE82D49BED-StateMachineUpdater: snapshotIndex: updateIncreasingly -1 -> 0
2024-02-06 10:04:46,044 [38b4019c-56e2-4267-a670-ebb45fd92c3a-impl-thread2] INFO  server.RaftServer$Division (RaftServerImpl.java:lambda$close$3(526)) - 38b4019c-56e2-4267-a670-ebb45fd92c3a@group-3A62A15B08FA: shutdown
2024-02-06 10:04:46,044 [087ade3f-e43d-4c8d-bb26-e39bc6489068-impl-thread2] INFO  server.RaftServer$Division (ServerState.java:close(427)) - 087ade3f-e43d-4c8d-bb26-e39bc6489068@group-5BAE82D49BED: applyIndex: 0
2024-02-06 10:04:46,044 [d13a7932-20b5-4dc4-8f4e-9cfa29b5d703@group-A3563CEE2A65-StateMachineUpdater] INFO  ratis.ContainerStateMachine (ContainerStateMachine.java:takeSnapshot(366)) - group-A3563CEE2A65: Finished taking a snapshot at:(t:1, i:0) file:/home/runner/work/ozone/ozone/hadoop-ozone/integration-test/target/test-dir/MiniOzoneClusterImpl-0ae4c21d-b8eb-4e36-9639-963ec8fb7de7/datanode-0/data/ratis/d73a1a3a-4c5b-41e3-8270-a3563cee2a65/sm/snapshot.1_0 took: 1 ms
2024-02-06 10:04:46,041 [38b4019c-56e2-4267-a670-ebb45fd92c3a-impl-thread1] INFO  server.RaftServer$Division (RaftServerImpl.java:lambda$close$3(526)) - 38b4019c-56e2-4267-a670-ebb45fd92c3a@group-B722671DD948: shutdown
2024-02-06 10:04:46,044 [d13a7932-20b5-4dc4-8f4e-9cfa29b5d703@group-A3563CEE2A65-StateMachineUpdater] INFO  impl.StateMachineUpdater (StateMachineUpdater.java:takeSnapshot(295)) - d13a7932-20b5-4dc4-8f4e-9cfa29b5d703@group-A3563CEE2A65-StateMachineUpdater: Took a snapshot at index 0
2024-02-06 10:04:46,045 [d13a7932-20b5-4dc4-8f4e-9cfa29b5d703@group-A3563CEE2A65-StateMachineUpdater] INFO  impl.StateMachineUpdater (StateMachineUpdater.java:lambda$new$0(98)) - d13a7932-20b5-4dc4-8f4e-9cfa29b5d703@group-A3563CEE2A65-StateMachineUpdater: snapshotIndex: updateIncreasingly -1 -> 0
2024-02-06 10:04:46,041 [087ade3f-e43d-4c8d-bb26-e39bc6489068@group-3A62A15B08FA-StateMachineUpdater] INFO  impl.StateMachineUpdater (StateMachineUpdater.java:takeSnapshot(295)) - 087ade3f-e43d-4c8d-bb26-e39bc6489068@group-3A62A15B08FA-StateMachineUpdater: Took a snapshot at index 0
2024-02-06 10:04:46,045 [d13a7932-20b5-4dc4-8f4e-9cfa29b5d703-impl-thread1] INFO  server.RaftServer$Division (ServerState.java:close(427)) - d13a7932-20b5-4dc4-8f4e-9cfa29b5d703@group-A3563CEE2A65: applyIndex: 0
2024-02-06 10:04:46,045 [087ade3f-e43d-4c8d-bb26-e39bc6489068@group-3A62A15B08FA-StateMachineUpdater] INFO  impl.StateMachineUpdater (StateMachineUpdater.java:lambda$new$0(98)) - 087ade3f-e43d-4c8d-bb26-e39bc6489068@group-3A62A15B08FA-StateMachineUpdater: snapshotIndex: updateIncreasingly -1 -> 0
2024-02-06 10:04:46,044 [38b4019c-56e2-4267-a670-ebb45fd92c3a-impl-thread1] INFO  util.JmxRegister (JmxRegister.java:unregister(73)) - Successfully un-registered JMX Bean with object name Ratis:service=RaftServer,group=group-B722671DD948,id=38b4019c-56e2-4267-a670-ebb45fd92c3a
2024-02-06 10:04:46,045 [38b4019c-56e2-4267-a670-ebb45fd92c3a-impl-thread1] INFO  impl.RoleInfo (RoleInfo.java:shutdownLeaderState(94)) - 38b4019c-56e2-4267-a670-ebb45fd92c3a: shutdown 38b4019c-56e2-4267-a670-ebb45fd92c3a@group-B722671DD948-LeaderStateImpl
2024-02-06 10:04:46,045 [38b4019c-56e2-4267-a670-ebb45fd92c3a-impl-thread1] INFO  impl.PendingRequests (PendingRequests.java:sendNotLeaderResponses(289)) - 38b4019c-56e2-4267-a670-ebb45fd92c3a@group-B722671DD948-PendingRequests: sendNotLeaderResponses
2024-02-06 10:04:46,044 [38b4019c-56e2-4267-a670-ebb45fd92c3a-impl-thread2] INFO  util.JmxRegister (JmxRegister.java:unregister(73)) - Successfully un-registered JMX Bean with object name Ratis:service=RaftServer,group=group-3A62A15B08FA,id=38b4019c-56e2-4267-a670-ebb45fd92c3a
2024-02-06 10:04:46,045 [38b4019c-56e2-4267-a670-ebb45fd92c3a-impl-thread2] INFO  impl.RoleInfo (RoleInfo.java:shutdownFollowerState(110)) - 38b4019c-56e2-4267-a670-ebb45fd92c3a: shutdown 38b4019c-56e2-4267-a670-ebb45fd92c3a@group-3A62A15B08FA-FollowerState
2024-02-06 10:04:46,045 [38b4019c-56e2-4267-a670-ebb45fd92c3a-impl-thread1] INFO  impl.StateMachineUpdater (StateMachineUpdater.java:stopAndJoin(157)) - 38b4019c-56e2-4267-a670-ebb45fd92c3a@group-B722671DD948-StateMachineUpdater: set stopIndex = 0
2024-02-06 10:04:46,045 [38b4019c-56e2-4267-a670-ebb45fd92c3a@group-B722671DD948-StateMachineUpdater] INFO  ratis.ContainerStateMachine (ContainerStateMachine.java:takeSnapshot(355)) - group-B722671DD948: Taking a snapshot at:(t:1, i:0) file /home/runner/work/ozone/ozone/hadoop-ozone/integration-test/target/test-dir/MiniOzoneClusterImpl-0ae4c21d-b8eb-4e36-9639-963ec8fb7de7/datanode-1/data/ratis/c267edef-c92f-4ee0-bf31-b722671dd948/sm/snapshot.1_0
2024-02-06 10:04:46,044 [d13a7932-20b5-4dc4-8f4e-9cfa29b5d703-impl-thread2] INFO  impl.RoleInfo (RoleInfo.java:shutdownFollowerState(110)) - d13a7932-20b5-4dc4-8f4e-9cfa29b5d703: shutdown d13a7932-20b5-4dc4-8f4e-9cfa29b5d703@group-3A62A15B08FA-FollowerState
2024-02-06 10:04:46,045 [087ade3f-e43d-4c8d-bb26-e39bc6489068-impl-thread1] INFO  server.RaftServer$Division (ServerState.java:close(427)) - 087ade3f-e43d-4c8d-bb26-e39bc6489068@group-3A62A15B08FA: applyIndex: 0
2024-02-06 10:04:46,044 [grpc-default-executor-0] WARN  server.GrpcLogAppender (GrpcLogAppender.java:resetClient(226)) - 087ade3f-e43d-4c8d-bb26-e39bc6489068@group-3A62A15B08FA->38b4019c-56e2-4267-a670-ebb45fd92c3a-GrpcLogAppender: Failed to getClient for 38b4019c-56e2-4267-a670-ebb45fd92c3a
org.apache.ratis.protocol.exceptions.AlreadyClosedException: 087ade3f-e43d-4c8d-bb26-e39bc6489068 is already CLOSED
	at org.apache.ratis.util.PeerProxyMap$PeerAndProxy.getProxy(PeerProxyMap.java:65)
	at org.apache.ratis.util.PeerProxyMap.getProxy(PeerProxyMap.java:114)
	at org.apache.ratis.grpc.server.GrpcLogAppender.getClient(GrpcLogAppender.java:196)
	at org.apache.ratis.grpc.server.GrpcLogAppender.resetClient(GrpcLogAppender.java:201)
	at org.apache.ratis.grpc.server.GrpcLogAppender.access$800(GrpcLogAppender.java:62)
	at org.apache.ratis.grpc.server.GrpcLogAppender$AppendLogResponseHandler.onCompleted(GrpcLogAppender.java:547)
	at org.apache.ratis.thirdparty.io.grpc.stub.ClientCalls$StreamObserverToCallListenerAdapter.onClose(ClientCalls.java:479)
	at org.apache.ratis.thirdparty.io.grpc.internal.ClientCallImpl.closeObserver(ClientCallImpl.java:567)
	at org.apache.ratis.thirdparty.io.grpc.internal.ClientCallImpl.access$300(ClientCallImpl.java:71)
	at org.apache.ratis.thirdparty.io.grpc.internal.ClientCallImpl$ClientStreamListenerImpl$1StreamClosed.runInternal(ClientCallImpl.java:735)
	at org.apache.ratis.thirdparty.io.grpc.internal.ClientCallImpl$ClientStreamListenerImpl$1StreamClosed.runInContext(ClientCallImpl.java:716)
	at org.apache.ratis.thirdparty.io.grpc.internal.ContextRunnable.run(ContextRunnable.java:37)
	at org.apache.ratis.thirdparty.io.grpc.internal.SerializingExecutor.run(SerializingExecutor.java:133)
	at java.util.concurrent.ThreadPoolExecutor.runWorker(ThreadPoolExecutor.java:1149)
	at java.util.concurrent.ThreadPoolExecutor$Worker.run(ThreadPoolExecutor.java:624)
	at java.lang.Thread.run(Thread.java:750)
2024-02-06 10:04:46,046 [38b4019c-56e2-4267-a670-ebb45fd92c3a@group-B722671DD948-StateMachineUpdater] INFO  ratis.ContainerStateMachine (ContainerStateMachine.java:takeSnapshot(366)) - group-B722671DD948: Finished taking a snapshot at:(t:1, i:0) file:/home/runner/work/ozone/ozone/hadoop-ozone/integration-test/target/test-dir/MiniOzoneClusterImpl-0ae4c21d-b8eb-4e36-9639-963ec8fb7de7/datanode-1/data/ratis/c267edef-c92f-4ee0-bf31-b722671dd948/sm/snapshot.1_0 took: 1 ms
2024-02-06 10:04:46,046 [38b4019c-56e2-4267-a670-ebb45fd92c3a@group-B722671DD948-StateMachineUpdater] INFO  impl.StateMachineUpdater (StateMachineUpdater.java:takeSnapshot(295)) - 38b4019c-56e2-4267-a670-ebb45fd92c3a@group-B722671DD948-StateMachineUpdater: Took a snapshot at index 0
2024-02-06 10:04:46,046 [38b4019c-56e2-4267-a670-ebb45fd92c3a@group-B722671DD948-StateMachineUpdater] INFO  impl.StateMachineUpdater (StateMachineUpdater.java:lambda$new$0(98)) - 38b4019c-56e2-4267-a670-ebb45fd92c3a@group-B722671DD948-StateMachineUpdater: snapshotIndex: updateIncreasingly -1 -> 0
2024-02-06 10:04:46,046 [38b4019c-56e2-4267-a670-ebb45fd92c3a-impl-thread1] INFO  server.RaftServer$Division (ServerState.java:close(427)) - 38b4019c-56e2-4267-a670-ebb45fd92c3a@group-B722671DD948: applyIndex: 0
2024-02-06 10:04:46,053 [main] INFO  server.GrpcService (GrpcService.java:closeImpl(320)) - f44971dd-a974-44f1-968d-f8ef2d671d75: shutdown server org.apache.ratis.grpc.server.GrpcAdminProtocolService successfully
2024-02-06 10:04:46,053 [38b4019c-56e2-4267-a670-ebb45fd92c3a@group-B722671DD948-cacheEviction-AwaitToRun] INFO  util.AwaitToRun (AwaitToRun.java:run(49)) - 38b4019c-56e2-4267-a670-ebb45fd92c3a@group-B722671DD948-cacheEviction-AwaitToRun-AwaitForSignal is interrupted
2024-02-06 10:04:46,053 [087ade3f-e43d-4c8d-bb26-e39bc6489068@group-3A62A15B08FA-cacheEviction-AwaitToRun] INFO  util.AwaitToRun (AwaitToRun.java:run(49)) - 087ade3f-e43d-4c8d-bb26-e39bc6489068@group-3A62A15B08FA-cacheEviction-AwaitToRun-AwaitForSignal is interrupted
2024-02-06 10:04:46,053 [ForkJoinPool.commonPool-worker-6] INFO  server.GrpcService (GrpcService.java:closeImpl(320)) - d13a7932-20b5-4dc4-8f4e-9cfa29b5d703: shutdown server org.apache.ratis.grpc.server.GrpcClientProtocolService successfully
2024-02-06 10:04:46,053 [ForkJoinPool.commonPool-worker-6] INFO  server.GrpcService (GrpcService.java:closeImpl(311)) - d13a7932-20b5-4dc4-8f4e-9cfa29b5d703: shutdown server GrpcServerProtocolService now
2024-02-06 10:04:46,058 [38b4019c-56e2-4267-a670-ebb45fd92c3a-impl-thread2] INFO  impl.StateMachineUpdater (StateMachineUpdater.java:stopAndJoin(157)) - 38b4019c-56e2-4267-a670-ebb45fd92c3a@group-3A62A15B08FA-StateMachineUpdater: set stopIndex = 0
2024-02-06 10:04:46,058 [d13a7932-20b5-4dc4-8f4e-9cfa29b5d703@group-3A62A15B08FA-StateMachineUpdater] INFO  ratis.ContainerStateMachine (ContainerStateMachine.java:takeSnapshot(355)) - group-3A62A15B08FA: Taking a snapshot at:(t:1, i:0) file /home/runner/work/ozone/ozone/hadoop-ozone/integration-test/target/test-dir/MiniOzoneClusterImpl-0ae4c21d-b8eb-4e36-9639-963ec8fb7de7/datanode-0/data/ratis/0ac3adb2-bb17-4dac-b64e-3a62a15b08fa/sm/snapshot.1_0
2024-02-06 10:04:46,058 [087ade3f-e43d-4c8d-bb26-e39bc6489068@group-5BAE82D49BED-cacheEviction-AwaitToRun] INFO  util.AwaitToRun (AwaitToRun.java:run(49)) - 087ade3f-e43d-4c8d-bb26-e39bc6489068@group-5BAE82D49BED-cacheEviction-AwaitToRun-AwaitForSignal is interrupted
2024-02-06 10:04:46,058 [d13a7932-20b5-4dc4-8f4e-9cfa29b5d703@group-A3563CEE2A65-cacheEviction-AwaitToRun] INFO  util.AwaitToRun (AwaitToRun.java:run(49)) - d13a7932-20b5-4dc4-8f4e-9cfa29b5d703@group-A3563CEE2A65-cacheEviction-AwaitToRun-AwaitForSignal is interrupted
2024-02-06 10:04:46,058 [38b4019c-56e2-4267-a670-ebb45fd92c3a@group-3A62A15B08FA-StateMachineUpdater] INFO  ratis.ContainerStateMachine (ContainerStateMachine.java:takeSnapshot(355)) - group-3A62A15B08FA: Taking a snapshot at:(t:1, i:0) file /home/runner/work/ozone/ozone/hadoop-ozone/integration-test/target/test-dir/MiniOzoneClusterImpl-0ae4c21d-b8eb-4e36-9639-963ec8fb7de7/datanode-1/data/ratis/0ac3adb2-bb17-4dac-b64e-3a62a15b08fa/sm/snapshot.1_0
2024-02-06 10:04:46,058 [38b4019c-56e2-4267-a670-ebb45fd92c3a@group-3A62A15B08FA-FollowerState] INFO  impl.FollowerState (FollowerState.java:run(152)) - 38b4019c-56e2-4267-a670-ebb45fd92c3a@group-3A62A15B08FA-FollowerState was interrupted
2024-02-06 10:04:46,058 [d13a7932-20b5-4dc4-8f4e-9cfa29b5d703@group-3A62A15B08FA-FollowerState] INFO  impl.FollowerState (FollowerState.java:run(152)) - d13a7932-20b5-4dc4-8f4e-9cfa29b5d703@group-3A62A15B08FA-FollowerState was interrupted
2024-02-06 10:04:46,059 [d13a7932-20b5-4dc4-8f4e-9cfa29b5d703-impl-thread2] INFO  impl.StateMachineUpdater (StateMachineUpdater.java:stopAndJoin(157)) - d13a7932-20b5-4dc4-8f4e-9cfa29b5d703@group-3A62A15B08FA-StateMachineUpdater: set stopIndex = 0
2024-02-06 10:04:46,059 [d13a7932-20b5-4dc4-8f4e-9cfa29b5d703@group-3A62A15B08FA-StateMachineUpdater] INFO  ratis.ContainerStateMachine (ContainerStateMachine.java:takeSnapshot(366)) - group-3A62A15B08FA: Finished taking a snapshot at:(t:1, i:0) file:/home/runner/work/ozone/ozone/hadoop-ozone/integration-test/target/test-dir/MiniOzoneClusterImpl-0ae4c21d-b8eb-4e36-9639-963ec8fb7de7/datanode-0/data/ratis/0ac3adb2-bb17-4dac-b64e-3a62a15b08fa/sm/snapshot.1_0 took: 1 ms
2024-02-06 10:04:46,059 [d13a7932-20b5-4dc4-8f4e-9cfa29b5d703@group-3A62A15B08FA-StateMachineUpdater] INFO  impl.StateMachineUpdater (StateMachineUpdater.java:takeSnapshot(295)) - d13a7932-20b5-4dc4-8f4e-9cfa29b5d703@group-3A62A15B08FA-StateMachineUpdater: Took a snapshot at index 0
2024-02-06 10:04:46,059 [d13a7932-20b5-4dc4-8f4e-9cfa29b5d703@group-3A62A15B08FA-StateMachineUpdater] INFO  impl.StateMachineUpdater (StateMachineUpdater.java:lambda$new$0(98)) - d13a7932-20b5-4dc4-8f4e-9cfa29b5d703@group-3A62A15B08FA-StateMachineUpdater: snapshotIndex: updateIncreasingly -1 -> 0
2024-02-06 10:04:46,059 [38b4019c-56e2-4267-a670-ebb45fd92c3a@group-3A62A15B08FA-StateMachineUpdater] INFO  ratis.ContainerStateMachine (ContainerStateMachine.java:takeSnapshot(366)) - group-3A62A15B08FA: Finished taking a snapshot at:(t:1, i:0) file:/home/runner/work/ozone/ozone/hadoop-ozone/integration-test/target/test-dir/MiniOzoneClusterImpl-0ae4c21d-b8eb-4e36-9639-963ec8fb7de7/datanode-1/data/ratis/0ac3adb2-bb17-4dac-b64e-3a62a15b08fa/sm/snapshot.1_0 took: 1 ms
2024-02-06 10:04:46,060 [38b4019c-56e2-4267-a670-ebb45fd92c3a@group-3A62A15B08FA-StateMachineUpdater] INFO  impl.StateMachineUpdater (StateMachineUpdater.java:takeSnapshot(295)) - 38b4019c-56e2-4267-a670-ebb45fd92c3a@group-3A62A15B08FA-StateMachineUpdater: Took a snapshot at index 0
2024-02-06 10:04:46,060 [38b4019c-56e2-4267-a670-ebb45fd92c3a@group-3A62A15B08FA-StateMachineUpdater] INFO  impl.StateMachineUpdater (StateMachineUpdater.java:lambda$new$0(98)) - 38b4019c-56e2-4267-a670-ebb45fd92c3a@group-3A62A15B08FA-StateMachineUpdater: snapshotIndex: updateIncreasingly -1 -> 0
2024-02-06 10:04:46,060 [d13a7932-20b5-4dc4-8f4e-9cfa29b5d703-impl-thread2] INFO  server.RaftServer$Division (ServerState.java:close(427)) - d13a7932-20b5-4dc4-8f4e-9cfa29b5d703@group-3A62A15B08FA: applyIndex: 0
2024-02-06 10:04:46,060 [38b4019c-56e2-4267-a670-ebb45fd92c3a-impl-thread2] INFO  server.RaftServer$Division (ServerState.java:close(427)) - 38b4019c-56e2-4267-a670-ebb45fd92c3a@group-3A62A15B08FA: applyIndex: 0
2024-02-06 10:04:46,066 [ForkJoinPool.commonPool-worker-3] INFO  server.GrpcService (GrpcService.java:closeImpl(320)) - 087ade3f-e43d-4c8d-bb26-e39bc6489068: shutdown server GrpcServerProtocolService successfully
2024-02-06 10:04:46,066 [ForkJoinPool.commonPool-worker-3] INFO  server.GrpcService (GrpcService.java:closeImpl(311)) - 087ade3f-e43d-4c8d-bb26-e39bc6489068: shutdown server org.apache.ratis.grpc.server.GrpcAdminProtocolService now
2024-02-06 10:04:46,066 [38b4019c-56e2-4267-a670-ebb45fd92c3a@group-3A62A15B08FA-cacheEviction-AwaitToRun] INFO  util.AwaitToRun (AwaitToRun.java:run(49)) - 38b4019c-56e2-4267-a670-ebb45fd92c3a@group-3A62A15B08FA-cacheEviction-AwaitToRun-AwaitForSignal is interrupted
2024-02-06 10:04:46,066 [d13a7932-20b5-4dc4-8f4e-9cfa29b5d703@group-3A62A15B08FA-cacheEviction-AwaitToRun] INFO  util.AwaitToRun (AwaitToRun.java:run(49)) - d13a7932-20b5-4dc4-8f4e-9cfa29b5d703@group-3A62A15B08FA-cacheEviction-AwaitToRun-AwaitForSignal is interrupted
2024-02-06 10:04:46,068 [ForkJoinPool.commonPool-worker-5] INFO  server.GrpcService (GrpcService.java:closeImpl(320)) - a1fd6d11-0b72-4c96-8e55-07f63a3bc231: shutdown server GrpcServerProtocolService successfully
2024-02-06 10:04:46,068 [ForkJoinPool.commonPool-worker-5] INFO  server.GrpcService (GrpcService.java:closeImpl(311)) - a1fd6d11-0b72-4c96-8e55-07f63a3bc231: shutdown server org.apache.ratis.grpc.server.GrpcAdminProtocolService now
2024-02-06 10:04:46,073 [ForkJoinPool.commonPool-worker-3] INFO  server.GrpcService (GrpcService.java:closeImpl(320)) - 087ade3f-e43d-4c8d-bb26-e39bc6489068: shutdown server org.apache.ratis.grpc.server.GrpcAdminProtocolService successfully
2024-02-06 10:04:46,074 [ForkJoinPool.commonPool-worker-6] INFO  server.GrpcService (GrpcService.java:closeImpl(320)) - d13a7932-20b5-4dc4-8f4e-9cfa29b5d703: shutdown server GrpcServerProtocolService successfully
2024-02-06 10:04:46,074 [ForkJoinPool.commonPool-worker-6] INFO  server.GrpcService (GrpcService.java:closeImpl(311)) - d13a7932-20b5-4dc4-8f4e-9cfa29b5d703: shutdown server org.apache.ratis.grpc.server.GrpcAdminProtocolService now
2024-02-06 10:04:46,074 [Thread-5852] INFO  server.GrpcServerProtocolClient (GrpcServerProtocolClient.java:close(103)) - d13a7932-20b5-4dc4-8f4e-9cfa29b5d703 Close channels
2024-02-06 10:04:46,075 [ForkJoinPool.commonPool-worker-5] INFO  server.GrpcService (GrpcService.java:closeImpl(320)) - a1fd6d11-0b72-4c96-8e55-07f63a3bc231: shutdown server org.apache.ratis.grpc.server.GrpcAdminProtocolService successfully
2024-02-06 10:04:46,075 [Thread-5863] INFO  server.GrpcServerProtocolClient (GrpcServerProtocolClient.java:close(103)) - 087ade3f-e43d-4c8d-bb26-e39bc6489068 Close channels
2024-02-06 10:04:46,076 [ForkJoinPool.commonPool-worker-4] INFO  server.GrpcService (GrpcService.java:closeImpl(320)) - 38b4019c-56e2-4267-a670-ebb45fd92c3a: shutdown server org.apache.ratis.grpc.server.GrpcClientProtocolService successfully
2024-02-06 10:04:46,076 [ForkJoinPool.commonPool-worker-4] INFO  server.GrpcService (GrpcService.java:closeImpl(311)) - 38b4019c-56e2-4267-a670-ebb45fd92c3a: shutdown server GrpcServerProtocolService now
2024-02-06 10:04:46,081 [ForkJoinPool.commonPool-worker-4] INFO  server.GrpcService (GrpcService.java:closeImpl(320)) - 38b4019c-56e2-4267-a670-ebb45fd92c3a: shutdown server GrpcServerProtocolService successfully
2024-02-06 10:04:46,081 [ForkJoinPool.commonPool-worker-4] INFO  server.GrpcService (GrpcService.java:closeImpl(311)) - 38b4019c-56e2-4267-a670-ebb45fd92c3a: shutdown server org.apache.ratis.grpc.server.GrpcAdminProtocolService now
2024-02-06 10:04:46,082 [ForkJoinPool.commonPool-worker-6] INFO  server.GrpcService (GrpcService.java:closeImpl(320)) - d13a7932-20b5-4dc4-8f4e-9cfa29b5d703: shutdown server org.apache.ratis.grpc.server.GrpcAdminProtocolService successfully
2024-02-06 10:04:46,082 [ForkJoinPool.commonPool-worker-7] INFO  ozoneimpl.OzoneContainer (OzoneContainer.java:stop(481)) - Attempting to stop container services.
2024-02-06 10:04:46,082 [ForkJoinPool.commonPool-worker-7] INFO  server.RaftServer (RaftServerProxy.java:lambda$close$9(416)) - 3978496b-7107-4711-aebb-7ffe7c8dd03a: close
2024-02-06 10:04:46,083 [f44971dd-a974-44f1-968d-f8ef2d671d75-NettyServerStreamRpc-bossGroup--thread1] INFO  logging.LoggingHandler (AbstractInternalLogger.java:log(148)) - [id: 0x9b15600a, L:/0.0.0.0:15416] CLOSE
2024-02-06 10:04:46,083 [f44971dd-a974-44f1-968d-f8ef2d671d75-NettyServerStreamRpc-bossGroup--thread1] INFO  logging.LoggingHandler (AbstractInternalLogger.java:log(148)) - [id: 0x9b15600a, L:/0.0.0.0:15416] INACTIVE
2024-02-06 10:04:46,083 [f44971dd-a974-44f1-968d-f8ef2d671d75-NettyServerStreamRpc-bossGroup--thread1] INFO  logging.LoggingHandler (AbstractInternalLogger.java:log(148)) - [id: 0x9b15600a, L:/0.0.0.0:15416] UNREGISTERED
2024-02-06 10:04:46,084 [ForkJoinPool.commonPool-worker-4] INFO  server.GrpcService (GrpcService.java:closeImpl(320)) - 38b4019c-56e2-4267-a670-ebb45fd92c3a: shutdown server org.apache.ratis.grpc.server.GrpcAdminProtocolService successfully
2024-02-06 10:04:46,084 [3978496b-7107-4711-aebb-7ffe7c8dd03a-impl-thread1] INFO  server.RaftServer$Division (RaftServerImpl.java:lambda$close$3(526)) - 3978496b-7107-4711-aebb-7ffe7c8dd03a@group-57FFFF11CB9D: shutdown
2024-02-06 10:04:46,084 [ForkJoinPool.commonPool-worker-7] INFO  server.GrpcService (GrpcService.java:closeImpl(311)) - 3978496b-7107-4711-aebb-7ffe7c8dd03a: shutdown server org.apache.ratis.grpc.server.GrpcClientProtocolService now
2024-02-06 10:04:46,084 [3978496b-7107-4711-aebb-7ffe7c8dd03a-impl-thread1] INFO  util.JmxRegister (JmxRegister.java:unregister(73)) - Successfully un-registered JMX Bean with object name Ratis:service=RaftServer,group=group-57FFFF11CB9D,id=3978496b-7107-4711-aebb-7ffe7c8dd03a
2024-02-06 10:04:46,084 [3978496b-7107-4711-aebb-7ffe7c8dd03a-impl-thread1] INFO  impl.RoleInfo (RoleInfo.java:shutdownFollowerState(110)) - 3978496b-7107-4711-aebb-7ffe7c8dd03a: shutdown 3978496b-7107-4711-aebb-7ffe7c8dd03a@group-57FFFF11CB9D-FollowerState
2024-02-06 10:04:46,085 [3978496b-7107-4711-aebb-7ffe7c8dd03a-impl-thread2] INFO  server.RaftServer$Division (RaftServerImpl.java:lambda$close$3(526)) - 3978496b-7107-4711-aebb-7ffe7c8dd03a@group-118574AA0AFC: shutdown
2024-02-06 10:04:46,085 [3978496b-7107-4711-aebb-7ffe7c8dd03a-impl-thread2] INFO  util.JmxRegister (JmxRegister.java:unregister(73)) - Successfully un-registered JMX Bean with object name Ratis:service=RaftServer,group=group-118574AA0AFC,id=3978496b-7107-4711-aebb-7ffe7c8dd03a
2024-02-06 10:04:46,085 [3978496b-7107-4711-aebb-7ffe7c8dd03a-impl-thread2] INFO  impl.RoleInfo (RoleInfo.java:shutdownLeaderState(94)) - 3978496b-7107-4711-aebb-7ffe7c8dd03a: shutdown 3978496b-7107-4711-aebb-7ffe7c8dd03a@group-118574AA0AFC-LeaderStateImpl
2024-02-06 10:04:46,085 [3978496b-7107-4711-aebb-7ffe7c8dd03a-impl-thread2] INFO  impl.PendingRequests (PendingRequests.java:sendNotLeaderResponses(289)) - 3978496b-7107-4711-aebb-7ffe7c8dd03a@group-118574AA0AFC-PendingRequests: sendNotLeaderResponses
2024-02-06 10:04:46,085 [3978496b-7107-4711-aebb-7ffe7c8dd03a-impl-thread2] INFO  impl.StateMachineUpdater (StateMachineUpdater.java:stopAndJoin(157)) - 3978496b-7107-4711-aebb-7ffe7c8dd03a@group-118574AA0AFC-StateMachineUpdater: set stopIndex = 0
2024-02-06 10:04:46,085 [3978496b-7107-4711-aebb-7ffe7c8dd03a@group-118574AA0AFC-StateMachineUpdater] INFO  ratis.ContainerStateMachine (ContainerStateMachine.java:takeSnapshot(355)) - group-118574AA0AFC: Taking a snapshot at:(t:1, i:0) file /home/runner/work/ozone/ozone/hadoop-ozone/integration-test/target/test-dir/MiniOzoneClusterImpl-0ae4c21d-b8eb-4e36-9639-963ec8fb7de7/datanode-6/data/ratis/856dba0f-72b4-4f10-a069-118574aa0afc/sm/snapshot.1_0
2024-02-06 10:04:46,088 [ForkJoinPool.commonPool-worker-0] INFO  ozoneimpl.OzoneContainer (OzoneContainer.java:stop(481)) - Attempting to stop container services.
2024-02-06 10:04:46,088 [ForkJoinPool.commonPool-worker-0] INFO  server.RaftServer (RaftServerProxy.java:lambda$close$9(416)) - 991f0bf8-3b66-4160-8c92-791fd313402a: close
2024-02-06 10:04:46,088 [991f0bf8-3b66-4160-8c92-791fd313402a-impl-thread1] INFO  server.RaftServer$Division (RaftServerImpl.java:lambda$close$3(526)) - 991f0bf8-3b66-4160-8c92-791fd313402a@group-57FFFF11CB9D: shutdown
2024-02-06 10:04:46,088 [991f0bf8-3b66-4160-8c92-791fd313402a-impl-thread1] INFO  util.JmxRegister (JmxRegister.java:unregister(73)) - Successfully un-registered JMX Bean with object name Ratis:service=RaftServer,group=group-57FFFF11CB9D,id=991f0bf8-3b66-4160-8c92-791fd313402a
2024-02-06 10:04:46,088 [991f0bf8-3b66-4160-8c92-791fd313402a-impl-thread1] INFO  impl.RoleInfo (RoleInfo.java:shutdownFollowerState(110)) - 991f0bf8-3b66-4160-8c92-791fd313402a: shutdown 991f0bf8-3b66-4160-8c92-791fd313402a@group-57FFFF11CB9D-FollowerState
2024-02-06 10:04:46,089 [ForkJoinPool.commonPool-worker-0] INFO  server.GrpcService (GrpcService.java:closeImpl(311)) - 991f0bf8-3b66-4160-8c92-791fd313402a: shutdown server org.apache.ratis.grpc.server.GrpcClientProtocolService now
2024-02-06 10:04:46,089 [3978496b-7107-4711-aebb-7ffe7c8dd03a@group-118574AA0AFC-StateMachineUpdater] INFO  ratis.ContainerStateMachine (ContainerStateMachine.java:takeSnapshot(366)) - group-118574AA0AFC: Finished taking a snapshot at:(t:1, i:0) file:/home/runner/work/ozone/ozone/hadoop-ozone/integration-test/target/test-dir/MiniOzoneClusterImpl-0ae4c21d-b8eb-4e36-9639-963ec8fb7de7/datanode-6/data/ratis/856dba0f-72b4-4f10-a069-118574aa0afc/sm/snapshot.1_0 took: 4 ms
2024-02-06 10:04:46,089 [3978496b-7107-4711-aebb-7ffe7c8dd03a@group-118574AA0AFC-StateMachineUpdater] INFO  impl.StateMachineUpdater (StateMachineUpdater.java:takeSnapshot(295)) - 3978496b-7107-4711-aebb-7ffe7c8dd03a@group-118574AA0AFC-StateMachineUpdater: Took a snapshot at index 0
2024-02-06 10:04:46,089 [3978496b-7107-4711-aebb-7ffe7c8dd03a@group-118574AA0AFC-StateMachineUpdater] INFO  impl.StateMachineUpdater (StateMachineUpdater.java:lambda$new$0(98)) - 3978496b-7107-4711-aebb-7ffe7c8dd03a@group-118574AA0AFC-StateMachineUpdater: snapshotIndex: updateIncreasingly -1 -> 0
2024-02-06 10:04:46,089 [991f0bf8-3b66-4160-8c92-791fd313402a-impl-thread2] INFO  server.RaftServer$Division (RaftServerImpl.java:lambda$close$3(526)) - 991f0bf8-3b66-4160-8c92-791fd313402a@group-EF4BB6A64106: shutdown
2024-02-06 10:04:46,089 [991f0bf8-3b66-4160-8c92-791fd313402a-impl-thread2] INFO  util.JmxRegister (JmxRegister.java:unregister(73)) - Successfully un-registered JMX Bean with object name Ratis:service=RaftServer,group=group-EF4BB6A64106,id=991f0bf8-3b66-4160-8c92-791fd313402a
2024-02-06 10:04:46,089 [991f0bf8-3b66-4160-8c92-791fd313402a-impl-thread2] INFO  impl.RoleInfo (RoleInfo.java:shutdownLeaderState(94)) - 991f0bf8-3b66-4160-8c92-791fd313402a: shutdown 991f0bf8-3b66-4160-8c92-791fd313402a@group-EF4BB6A64106-LeaderStateImpl
2024-02-06 10:04:46,089 [991f0bf8-3b66-4160-8c92-791fd313402a-impl-thread2] INFO  impl.PendingRequests (PendingRequests.java:sendNotLeaderResponses(289)) - 991f0bf8-3b66-4160-8c92-791fd313402a@group-EF4BB6A64106-PendingRequests: sendNotLeaderResponses
2024-02-06 10:04:46,090 [991f0bf8-3b66-4160-8c92-791fd313402a-impl-thread2] INFO  impl.StateMachineUpdater (StateMachineUpdater.java:stopAndJoin(157)) - 991f0bf8-3b66-4160-8c92-791fd313402a@group-EF4BB6A64106-StateMachineUpdater: set stopIndex = 0
2024-02-06 10:04:46,091 [a1fd6d11-0b72-4c96-8e55-07f63a3bc231-NettyServerStreamRpc-bossGroup--thread1] INFO  logging.LoggingHandler (AbstractInternalLogger.java:log(148)) - [id: 0x7b037cea, L:/0.0.0.0:15434] CLOSE
2024-02-06 10:04:46,091 [a1fd6d11-0b72-4c96-8e55-07f63a3bc231-NettyServerStreamRpc-bossGroup--thread1] INFO  logging.LoggingHandler (AbstractInternalLogger.java:log(148)) - [id: 0x7b037cea, L:/0.0.0.0:15434] INACTIVE
2024-02-06 10:04:46,091 [a1fd6d11-0b72-4c96-8e55-07f63a3bc231-NettyServerStreamRpc-bossGroup--thread1] INFO  logging.LoggingHandler (AbstractInternalLogger.java:log(148)) - [id: 0x7b037cea, L:/0.0.0.0:15434] UNREGISTERED
2024-02-06 10:04:46,092 [991f0bf8-3b66-4160-8c92-791fd313402a@group-EF4BB6A64106-StateMachineUpdater] INFO  ratis.ContainerStateMachine (ContainerStateMachine.java:takeSnapshot(355)) - group-EF4BB6A64106: Taking a snapshot at:(t:1, i:0) file /home/runner/work/ozone/ozone/hadoop-ozone/integration-test/target/test-dir/MiniOzoneClusterImpl-0ae4c21d-b8eb-4e36-9639-963ec8fb7de7/datanode-8/data/ratis/6a97148f-37fc-4cec-b42c-ef4bb6a64106/sm/snapshot.1_0
2024-02-06 10:04:46,093 [3978496b-7107-4711-aebb-7ffe7c8dd03a-impl-thread2] INFO  server.RaftServer$Division (ServerState.java:close(427)) - 3978496b-7107-4711-aebb-7ffe7c8dd03a@group-118574AA0AFC: applyIndex: 0
2024-02-06 10:04:46,093 [991f0bf8-3b66-4160-8c92-791fd313402a@group-EF4BB6A64106-StateMachineUpdater] INFO  ratis.ContainerStateMachine (ContainerStateMachine.java:takeSnapshot(366)) - group-EF4BB6A64106: Finished taking a snapshot at:(t:1, i:0) file:/home/runner/work/ozone/ozone/hadoop-ozone/integration-test/target/test-dir/MiniOzoneClusterImpl-0ae4c21d-b8eb-4e36-9639-963ec8fb7de7/datanode-8/data/ratis/6a97148f-37fc-4cec-b42c-ef4bb6a64106/sm/snapshot.1_0 took: 1 ms
2024-02-06 10:04:46,093 [991f0bf8-3b66-4160-8c92-791fd313402a@group-EF4BB6A64106-StateMachineUpdater] INFO  impl.StateMachineUpdater (StateMachineUpdater.java:takeSnapshot(295)) - 991f0bf8-3b66-4160-8c92-791fd313402a@group-EF4BB6A64106-StateMachineUpdater: Took a snapshot at index 0
2024-02-06 10:04:46,093 [991f0bf8-3b66-4160-8c92-791fd313402a@group-EF4BB6A64106-StateMachineUpdater] INFO  impl.StateMachineUpdater (StateMachineUpdater.java:lambda$new$0(98)) - 991f0bf8-3b66-4160-8c92-791fd313402a@group-EF4BB6A64106-StateMachineUpdater: snapshotIndex: updateIncreasingly -1 -> 0
2024-02-06 10:04:46,093 [991f0bf8-3b66-4160-8c92-791fd313402a-impl-thread2] INFO  server.RaftServer$Division (ServerState.java:close(427)) - 991f0bf8-3b66-4160-8c92-791fd313402a@group-EF4BB6A64106: applyIndex: 0
2024-02-06 10:04:46,093 [ForkJoinPool.commonPool-worker-0] INFO  server.GrpcService (GrpcService.java:closeImpl(320)) - 991f0bf8-3b66-4160-8c92-791fd313402a: shutdown server org.apache.ratis.grpc.server.GrpcClientProtocolService successfully
2024-02-06 10:04:46,094 [ForkJoinPool.commonPool-worker-0] INFO  server.GrpcService (GrpcService.java:closeImpl(311)) - 991f0bf8-3b66-4160-8c92-791fd313402a: shutdown server GrpcServerProtocolService now
2024-02-06 10:04:46,095 [3978496b-7107-4711-aebb-7ffe7c8dd03a-impl-thread1] INFO  impl.StateMachineUpdater (StateMachineUpdater.java:stopAndJoin(157)) - 3978496b-7107-4711-aebb-7ffe7c8dd03a@group-57FFFF11CB9D-StateMachineUpdater: set stopIndex = 0
2024-02-06 10:04:46,095 [3978496b-7107-4711-aebb-7ffe7c8dd03a@group-57FFFF11CB9D-StateMachineUpdater] INFO  ratis.ContainerStateMachine (ContainerStateMachine.java:takeSnapshot(355)) - group-57FFFF11CB9D: Taking a snapshot at:(t:1, i:0) file /home/runner/work/ozone/ozone/hadoop-ozone/integration-test/target/test-dir/MiniOzoneClusterImpl-0ae4c21d-b8eb-4e36-9639-963ec8fb7de7/datanode-6/data/ratis/9c263ce7-3999-457c-a556-57ffff11cb9d/sm/snapshot.1_0
2024-02-06 10:04:46,095 [3978496b-7107-4711-aebb-7ffe7c8dd03a@group-57FFFF11CB9D-FollowerState] INFO  impl.FollowerState (FollowerState.java:run(152)) - 3978496b-7107-4711-aebb-7ffe7c8dd03a@group-57FFFF11CB9D-FollowerState was interrupted
2024-02-06 10:04:46,095 [Thread-5908] INFO  server.GrpcServerProtocolClient (GrpcServerProtocolClient.java:close(103)) - 991f0bf8-3b66-4160-8c92-791fd313402a Close channels
2024-02-06 10:04:46,096 [3978496b-7107-4711-aebb-7ffe7c8dd03a@group-57FFFF11CB9D-StateMachineUpdater] INFO  ratis.ContainerStateMachine (ContainerStateMachine.java:takeSnapshot(366)) - group-57FFFF11CB9D: Finished taking a snapshot at:(t:1, i:0) file:/home/runner/work/ozone/ozone/hadoop-ozone/integration-test/target/test-dir/MiniOzoneClusterImpl-0ae4c21d-b8eb-4e36-9639-963ec8fb7de7/datanode-6/data/ratis/9c263ce7-3999-457c-a556-57ffff11cb9d/sm/snapshot.1_0 took: 1 ms
2024-02-06 10:04:46,096 [991f0bf8-3b66-4160-8c92-791fd313402a@group-EF4BB6A64106-cacheEviction-AwaitToRun] INFO  util.AwaitToRun (AwaitToRun.java:run(49)) - 991f0bf8-3b66-4160-8c92-791fd313402a@group-EF4BB6A64106-cacheEviction-AwaitToRun-AwaitForSignal is interrupted
2024-02-06 10:04:46,096 [3978496b-7107-4711-aebb-7ffe7c8dd03a@group-57FFFF11CB9D-StateMachineUpdater] INFO  impl.StateMachineUpdater (StateMachineUpdater.java:takeSnapshot(295)) - 3978496b-7107-4711-aebb-7ffe7c8dd03a@group-57FFFF11CB9D-StateMachineUpdater: Took a snapshot at index 0
2024-02-06 10:04:46,096 [3978496b-7107-4711-aebb-7ffe7c8dd03a@group-57FFFF11CB9D-StateMachineUpdater] INFO  impl.StateMachineUpdater (StateMachineUpdater.java:lambda$new$0(98)) - 3978496b-7107-4711-aebb-7ffe7c8dd03a@group-57FFFF11CB9D-StateMachineUpdater: snapshotIndex: updateIncreasingly -1 -> 0
2024-02-06 10:04:46,096 [3978496b-7107-4711-aebb-7ffe7c8dd03a-impl-thread1] INFO  server.RaftServer$Division (ServerState.java:close(427)) - 3978496b-7107-4711-aebb-7ffe7c8dd03a@group-57FFFF11CB9D: applyIndex: 0
2024-02-06 10:04:46,096 [ForkJoinPool.commonPool-worker-0] INFO  server.GrpcService (GrpcService.java:closeImpl(320)) - 991f0bf8-3b66-4160-8c92-791fd313402a: shutdown server GrpcServerProtocolService successfully
2024-02-06 10:04:46,096 [ForkJoinPool.commonPool-worker-0] INFO  server.GrpcService (GrpcService.java:closeImpl(311)) - 991f0bf8-3b66-4160-8c92-791fd313402a: shutdown server org.apache.ratis.grpc.server.GrpcAdminProtocolService now
2024-02-06 10:04:46,097 [3978496b-7107-4711-aebb-7ffe7c8dd03a@group-118574AA0AFC-cacheEviction-AwaitToRun] INFO  util.AwaitToRun (AwaitToRun.java:run(49)) - 3978496b-7107-4711-aebb-7ffe7c8dd03a@group-118574AA0AFC-cacheEviction-AwaitToRun-AwaitForSignal is interrupted
2024-02-06 10:04:46,098 [991f0bf8-3b66-4160-8c92-791fd313402a-impl-thread1] INFO  impl.StateMachineUpdater (StateMachineUpdater.java:stopAndJoin(157)) - 991f0bf8-3b66-4160-8c92-791fd313402a@group-57FFFF11CB9D-StateMachineUpdater: set stopIndex = 0
2024-02-06 10:04:46,098 [991f0bf8-3b66-4160-8c92-791fd313402a@group-57FFFF11CB9D-StateMachineUpdater] INFO  ratis.ContainerStateMachine (ContainerStateMachine.java:takeSnapshot(355)) - group-57FFFF11CB9D: Taking a snapshot at:(t:1, i:0) file /home/runner/work/ozone/ozone/hadoop-ozone/integration-test/target/test-dir/MiniOzoneClusterImpl-0ae4c21d-b8eb-4e36-9639-963ec8fb7de7/datanode-8/data/ratis/9c263ce7-3999-457c-a556-57ffff11cb9d/sm/snapshot.1_0
2024-02-06 10:04:46,098 [991f0bf8-3b66-4160-8c92-791fd313402a@group-57FFFF11CB9D-FollowerState] INFO  impl.FollowerState (FollowerState.java:run(152)) - 991f0bf8-3b66-4160-8c92-791fd313402a@group-57FFFF11CB9D-FollowerState was interrupted
2024-02-06 10:04:46,098 [991f0bf8-3b66-4160-8c92-791fd313402a@group-57FFFF11CB9D-StateMachineUpdater] INFO  ratis.ContainerStateMachine (ContainerStateMachine.java:takeSnapshot(366)) - group-57FFFF11CB9D: Finished taking a snapshot at:(t:1, i:0) file:/home/runner/work/ozone/ozone/hadoop-ozone/integration-test/target/test-dir/MiniOzoneClusterImpl-0ae4c21d-b8eb-4e36-9639-963ec8fb7de7/datanode-8/data/ratis/9c263ce7-3999-457c-a556-57ffff11cb9d/sm/snapshot.1_0 took: 0 ms
2024-02-06 10:04:46,098 [991f0bf8-3b66-4160-8c92-791fd313402a@group-57FFFF11CB9D-StateMachineUpdater] INFO  impl.StateMachineUpdater (StateMachineUpdater.java:takeSnapshot(295)) - 991f0bf8-3b66-4160-8c92-791fd313402a@group-57FFFF11CB9D-StateMachineUpdater: Took a snapshot at index 0
2024-02-06 10:04:46,098 [991f0bf8-3b66-4160-8c92-791fd313402a@group-57FFFF11CB9D-StateMachineUpdater] INFO  impl.StateMachineUpdater (StateMachineUpdater.java:lambda$new$0(98)) - 991f0bf8-3b66-4160-8c92-791fd313402a@group-57FFFF11CB9D-StateMachineUpdater: snapshotIndex: updateIncreasingly -1 -> 0
2024-02-06 10:04:46,099 [991f0bf8-3b66-4160-8c92-791fd313402a-impl-thread1] INFO  server.RaftServer$Division (ServerState.java:close(427)) - 991f0bf8-3b66-4160-8c92-791fd313402a@group-57FFFF11CB9D: applyIndex: 0
2024-02-06 10:04:46,100 [ForkJoinPool.commonPool-worker-0] INFO  server.GrpcService (GrpcService.java:closeImpl(320)) - 991f0bf8-3b66-4160-8c92-791fd313402a: shutdown server org.apache.ratis.grpc.server.GrpcAdminProtocolService successfully
2024-02-06 10:04:46,100 [3978496b-7107-4711-aebb-7ffe7c8dd03a@group-57FFFF11CB9D-cacheEviction-AwaitToRun] INFO  util.AwaitToRun (AwaitToRun.java:run(49)) - 3978496b-7107-4711-aebb-7ffe7c8dd03a@group-57FFFF11CB9D-cacheEviction-AwaitToRun-AwaitForSignal is interrupted
2024-02-06 10:04:46,101 [Thread-5961] INFO  server.GrpcServerProtocolClient (GrpcServerProtocolClient.java:close(103)) - a1fd6d11-0b72-4c96-8e55-07f63a3bc231 Close channels
2024-02-06 10:04:46,101 [ForkJoinPool.commonPool-worker-7] INFO  server.GrpcService (GrpcService.java:closeImpl(320)) - 3978496b-7107-4711-aebb-7ffe7c8dd03a: shutdown server org.apache.ratis.grpc.server.GrpcClientProtocolService successfully
2024-02-06 10:04:46,101 [ForkJoinPool.commonPool-worker-7] INFO  server.GrpcService (GrpcService.java:closeImpl(311)) - 3978496b-7107-4711-aebb-7ffe7c8dd03a: shutdown server GrpcServerProtocolService now
2024-02-06 10:04:46,101 [991f0bf8-3b66-4160-8c92-791fd313402a@group-57FFFF11CB9D-cacheEviction-AwaitToRun] INFO  util.AwaitToRun (AwaitToRun.java:run(49)) - 991f0bf8-3b66-4160-8c92-791fd313402a@group-57FFFF11CB9D-cacheEviction-AwaitToRun-AwaitForSignal is interrupted
2024-02-06 10:04:46,102 [087ade3f-e43d-4c8d-bb26-e39bc6489068-NettyServerStreamRpc-bossGroup--thread1] INFO  logging.LoggingHandler (AbstractInternalLogger.java:log(148)) - [id: 0x96b7a85e, L:/0.0.0.0:15389] CLOSE
2024-02-06 10:04:46,102 [087ade3f-e43d-4c8d-bb26-e39bc6489068-NettyServerStreamRpc-bossGroup--thread1] INFO  logging.LoggingHandler (AbstractInternalLogger.java:log(148)) - [id: 0x96b7a85e, L:/0.0.0.0:15389] INACTIVE
2024-02-06 10:04:46,102 [087ade3f-e43d-4c8d-bb26-e39bc6489068-NettyServerStreamRpc-bossGroup--thread1] INFO  logging.LoggingHandler (AbstractInternalLogger.java:log(148)) - [id: 0x96b7a85e, L:/0.0.0.0:15389] UNREGISTERED
2024-02-06 10:04:46,103 [38b4019c-56e2-4267-a670-ebb45fd92c3a-NettyServerStreamRpc-bossGroup--thread1] INFO  logging.LoggingHandler (AbstractInternalLogger.java:log(148)) - [id: 0x287ac962, L:/0.0.0.0:15380] CLOSE
2024-02-06 10:04:46,103 [38b4019c-56e2-4267-a670-ebb45fd92c3a-NettyServerStreamRpc-bossGroup--thread1] INFO  logging.LoggingHandler (AbstractInternalLogger.java:log(148)) - [id: 0x287ac962, L:/0.0.0.0:15380] INACTIVE
2024-02-06 10:04:46,103 [38b4019c-56e2-4267-a670-ebb45fd92c3a-NettyServerStreamRpc-bossGroup--thread1] INFO  logging.LoggingHandler (AbstractInternalLogger.java:log(148)) - [id: 0x287ac962, L:/0.0.0.0:15380] UNREGISTERED
2024-02-06 10:04:46,105 [d13a7932-20b5-4dc4-8f4e-9cfa29b5d703-NettyServerStreamRpc-bossGroup--thread1] INFO  logging.LoggingHandler (AbstractInternalLogger.java:log(148)) - [id: 0x790a14f1, L:/0.0.0.0:15371] CLOSE
2024-02-06 10:04:46,106 [d13a7932-20b5-4dc4-8f4e-9cfa29b5d703-NettyServerStreamRpc-bossGroup--thread1] INFO  logging.LoggingHandler (AbstractInternalLogger.java:log(148)) - [id: 0x790a14f1, L:/0.0.0.0:15371] INACTIVE
2024-02-06 10:04:46,106 [a1fd6d11-0b72-4c96-8e55-07f63a3bc231-impl-thread1] INFO  segmented.SegmentedRaftLogWorker (SegmentedRaftLogWorker.java:close(245)) - a1fd6d11-0b72-4c96-8e55-07f63a3bc231@group-57FFFF11CB9D-SegmentedRaftLogWorker close()
2024-02-06 10:04:46,107 [d13a7932-20b5-4dc4-8f4e-9cfa29b5d703-NettyServerStreamRpc-bossGroup--thread1] INFO  logging.LoggingHandler (AbstractInternalLogger.java:log(148)) - [id: 0x790a14f1, L:/0.0.0.0:15371] UNREGISTERED
2024-02-06 10:04:46,108 [ForkJoinPool.commonPool-worker-7] INFO  server.GrpcService (GrpcService.java:closeImpl(320)) - 3978496b-7107-4711-aebb-7ffe7c8dd03a: shutdown server GrpcServerProtocolService successfully
2024-02-06 10:04:46,108 [ForkJoinPool.commonPool-worker-7] INFO  server.GrpcService (GrpcService.java:closeImpl(311)) - 3978496b-7107-4711-aebb-7ffe7c8dd03a: shutdown server org.apache.ratis.grpc.server.GrpcAdminProtocolService now
2024-02-06 10:04:46,110 [991f0bf8-3b66-4160-8c92-791fd313402a-impl-thread1] INFO  segmented.SegmentedRaftLogWorker (SegmentedRaftLogWorker.java:close(245)) - 991f0bf8-3b66-4160-8c92-791fd313402a@group-57FFFF11CB9D-SegmentedRaftLogWorker close()
2024-02-06 10:04:46,112 [ForkJoinPool.commonPool-worker-7] INFO  server.GrpcService (GrpcService.java:closeImpl(320)) - 3978496b-7107-4711-aebb-7ffe7c8dd03a: shutdown server org.apache.ratis.grpc.server.GrpcAdminProtocolService successfully
2024-02-06 10:04:46,112 [3978496b-7107-4711-aebb-7ffe7c8dd03a-impl-thread1] INFO  segmented.SegmentedRaftLogWorker (SegmentedRaftLogWorker.java:close(245)) - 3978496b-7107-4711-aebb-7ffe7c8dd03a@group-57FFFF11CB9D-SegmentedRaftLogWorker close()
2024-02-06 10:04:46,114 [991f0bf8-3b66-4160-8c92-791fd313402a-NettyServerStreamRpc-bossGroup--thread1] INFO  logging.LoggingHandler (AbstractInternalLogger.java:log(148)) - [id: 0x44860725, L:/0.0.0.0:15443] CLOSE
2024-02-06 10:04:46,114 [991f0bf8-3b66-4160-8c92-791fd313402a-NettyServerStreamRpc-bossGroup--thread1] INFO  logging.LoggingHandler (AbstractInternalLogger.java:log(148)) - [id: 0x44860725, L:/0.0.0.0:15443] INACTIVE
2024-02-06 10:04:46,114 [991f0bf8-3b66-4160-8c92-791fd313402a-NettyServerStreamRpc-bossGroup--thread1] INFO  logging.LoggingHandler (AbstractInternalLogger.java:log(148)) - [id: 0x44860725, L:/0.0.0.0:15443] UNREGISTERED
2024-02-06 10:04:46,116 [3978496b-7107-4711-aebb-7ffe7c8dd03a-NettyServerStreamRpc-bossGroup--thread1] INFO  logging.LoggingHandler (AbstractInternalLogger.java:log(148)) - [id: 0x2b556f5f, L:/0.0.0.0:15425] CLOSE
2024-02-06 10:04:46,116 [3978496b-7107-4711-aebb-7ffe7c8dd03a-NettyServerStreamRpc-bossGroup--thread1] INFO  logging.LoggingHandler (AbstractInternalLogger.java:log(148)) - [id: 0x2b556f5f, L:/0.0.0.0:15425] INACTIVE
2024-02-06 10:04:46,116 [3978496b-7107-4711-aebb-7ffe7c8dd03a-NettyServerStreamRpc-bossGroup--thread1] INFO  logging.LoggingHandler (AbstractInternalLogger.java:log(148)) - [id: 0x2b556f5f, L:/0.0.0.0:15425] UNREGISTERED
2024-02-06 10:04:46,145 [991f0bf8-3b66-4160-8c92-791fd313402a-impl-thread2] INFO  segmented.SegmentedRaftLogWorker (SegmentedRaftLogWorker.java:close(245)) - 991f0bf8-3b66-4160-8c92-791fd313402a@group-EF4BB6A64106-SegmentedRaftLogWorker close()
2024-02-06 10:04:46,146 [JvmPauseMonitor54] INFO  util.JvmPauseMonitor (JvmPauseMonitor.java:run(152)) - JvmPauseMonitor-991f0bf8-3b66-4160-8c92-791fd313402a: Stopped
2024-02-06 10:04:46,437 [087ade3f-e43d-4c8d-bb26-e39bc6489068-impl-thread1] INFO  segmented.SegmentedRaftLogWorker (SegmentedRaftLogWorker.java:close(245)) - 087ade3f-e43d-4c8d-bb26-e39bc6489068@group-3A62A15B08FA-SegmentedRaftLogWorker close()
2024-02-06 10:04:46,446 [d13a7932-20b5-4dc4-8f4e-9cfa29b5d703-impl-thread2] INFO  segmented.SegmentedRaftLogWorker (SegmentedRaftLogWorker.java:close(245)) - d13a7932-20b5-4dc4-8f4e-9cfa29b5d703@group-3A62A15B08FA-SegmentedRaftLogWorker close()
2024-02-06 10:04:46,456 [38b4019c-56e2-4267-a670-ebb45fd92c3a-impl-thread2] INFO  segmented.SegmentedRaftLogWorker (SegmentedRaftLogWorker.java:close(245)) - 38b4019c-56e2-4267-a670-ebb45fd92c3a@group-3A62A15B08FA-SegmentedRaftLogWorker close()
2024-02-06 10:04:46,457 [d13a7932-20b5-4dc4-8f4e-9cfa29b5d703-impl-thread1] INFO  segmented.SegmentedRaftLogWorker (SegmentedRaftLogWorker.java:close(245)) - d13a7932-20b5-4dc4-8f4e-9cfa29b5d703@group-A3563CEE2A65-SegmentedRaftLogWorker close()
2024-02-06 10:04:46,458 [JvmPauseMonitor46] INFO  util.JvmPauseMonitor (JvmPauseMonitor.java:run(152)) - JvmPauseMonitor-d13a7932-20b5-4dc4-8f4e-9cfa29b5d703: Stopped
2024-02-06 10:04:46,462 [38b4019c-56e2-4267-a670-ebb45fd92c3a-impl-thread1] INFO  segmented.SegmentedRaftLogWorker (SegmentedRaftLogWorker.java:close(245)) - 38b4019c-56e2-4267-a670-ebb45fd92c3a@group-B722671DD948-SegmentedRaftLogWorker close()
2024-02-06 10:04:46,463 [JvmPauseMonitor47] INFO  util.JvmPauseMonitor (JvmPauseMonitor.java:run(152)) - JvmPauseMonitor-38b4019c-56e2-4267-a670-ebb45fd92c3a: Stopped
2024-02-06 10:04:46,851 [f44971dd-a974-44f1-968d-f8ef2d671d75-impl-thread1] INFO  segmented.SegmentedRaftLogWorker (SegmentedRaftLogWorker.java:close(245)) - f44971dd-a974-44f1-968d-f8ef2d671d75@group-3BD42F5543F3-SegmentedRaftLogWorker close()
2024-02-06 10:04:46,853 [JvmPauseMonitor51] INFO  util.JvmPauseMonitor (JvmPauseMonitor.java:run(152)) - JvmPauseMonitor-f44971dd-a974-44f1-968d-f8ef2d671d75: Stopped
2024-02-06 10:04:46,856 [087ade3f-e43d-4c8d-bb26-e39bc6489068-impl-thread2] INFO  segmented.SegmentedRaftLogWorker (SegmentedRaftLogWorker.java:close(245)) - 087ade3f-e43d-4c8d-bb26-e39bc6489068@group-5BAE82D49BED-SegmentedRaftLogWorker close()
2024-02-06 10:04:46,856 [JvmPauseMonitor48] INFO  util.JvmPauseMonitor (JvmPauseMonitor.java:run(152)) - JvmPauseMonitor-087ade3f-e43d-4c8d-bb26-e39bc6489068: Stopped
2024-02-06 10:04:46,929 [3978496b-7107-4711-aebb-7ffe7c8dd03a-impl-thread2] INFO  segmented.SegmentedRaftLogWorker (SegmentedRaftLogWorker.java:close(245)) - 3978496b-7107-4711-aebb-7ffe7c8dd03a@group-118574AA0AFC-SegmentedRaftLogWorker close()
2024-02-06 10:04:46,930 [JvmPauseMonitor52] INFO  util.JvmPauseMonitor (JvmPauseMonitor.java:run(152)) - JvmPauseMonitor-3978496b-7107-4711-aebb-7ffe7c8dd03a: Stopped
2024-02-06 10:04:46,962 [a1fd6d11-0b72-4c96-8e55-07f63a3bc231-impl-thread2] INFO  segmented.SegmentedRaftLogWorker (SegmentedRaftLogWorker.java:close(245)) - a1fd6d11-0b72-4c96-8e55-07f63a3bc231@group-EFBEEDD1816A-SegmentedRaftLogWorker close()
2024-02-06 10:04:46,963 [JvmPauseMonitor53] INFO  util.JvmPauseMonitor (JvmPauseMonitor.java:run(152)) - JvmPauseMonitor-a1fd6d11-0b72-4c96-8e55-07f63a3bc231: Stopped
2024-02-06 10:04:48,148 [ForkJoinPool.commonPool-worker-0] INFO  utils.DatanodeStoreCache (DatanodeStoreCache.java:shutdownCache(116)) - Skip clearing cache in mini cluster mode. Entries left: [/home/runner/work/ozone/ozone/hadoop-ozone/integration-test/target/test-dir/MiniOzoneClusterImpl-0ae4c21d-b8eb-4e36-9639-963ec8fb7de7/datanode-0/data-0/containers/hdds/0ae4c21d-b8eb-4e36-9639-963ec8fb7de7/DS-1cce097d-c9be-4c23-a45b-c156467779d6/container.db, /home/runner/work/ozone/ozone/hadoop-ozone/integration-test/target/test-dir/MiniOzoneClusterImpl-0ae4c21d-b8eb-4e36-9639-963ec8fb7de7/datanode-1/data-0/containers/hdds/0ae4c21d-b8eb-4e36-9639-963ec8fb7de7/DS-4439f3f2-9794-4e74-8fbb-25d4c886185b/container.db, /home/runner/work/ozone/ozone/hadoop-ozone/integration-test/target/test-dir/MiniOzoneClusterImpl-0ae4c21d-b8eb-4e36-9639-963ec8fb7de7/datanode-2/data-0/containers/hdds/0ae4c21d-b8eb-4e36-9639-963ec8fb7de7/DS-cf1d579f-59f3-4d86-8bb6-ee58bcb6f5c5/container.db, /home/runner/work/ozone/ozone/hadoop-ozone/integration-test/target/test-dir/MiniOzoneClusterImpl-0ae4c21d-b8eb-4e36-9639-963ec8fb7de7/datanode-5/data-0/containers/hdds/0ae4c21d-b8eb-4e36-9639-963ec8fb7de7/DS-f6ea85c3-0e15-4ca1-812f-6eec42c300c7/container.db, /home/runner/work/ozone/ozone/hadoop-ozone/integration-test/target/test-dir/MiniOzoneClusterImpl-0ae4c21d-b8eb-4e36-9639-963ec8fb7de7/datanode-6/data-0/containers/hdds/0ae4c21d-b8eb-4e36-9639-963ec8fb7de7/DS-a5e7b77b-cf41-4d9a-9b56-74f5e9ad063d/container.db, /home/runner/work/ozone/ozone/hadoop-ozone/integration-test/target/test-dir/MiniOzoneClusterImpl-0ae4c21d-b8eb-4e36-9639-963ec8fb7de7/datanode-7/data-0/containers/hdds/0ae4c21d-b8eb-4e36-9639-963ec8fb7de7/DS-fec45e82-740d-4055-9a81-1469d04ff76a/container.db, /home/runner/work/ozone/ozone/hadoop-ozone/integration-test/target/test-dir/MiniOzoneClusterImpl-0ae4c21d-b8eb-4e36-9639-963ec8fb7de7/datanode-8/data-0/containers/hdds/0ae4c21d-b8eb-4e36-9639-963ec8fb7de7/DS-6d49bb94-f7cb-4c95-bbc0-f6006e714833/container.db]
2024-02-06 10:04:48,151 [ForkJoinPool.commonPool-worker-0] INFO  utils.DatanodeStoreCache (DatanodeStoreCache.java:removeDB(110)) - Removed db /home/runner/work/ozone/ozone/hadoop-ozone/integration-test/target/test-dir/MiniOzoneClusterImpl-0ae4c21d-b8eb-4e36-9639-963ec8fb7de7/datanode-8/data-0/containers/hdds/0ae4c21d-b8eb-4e36-9639-963ec8fb7de7/DS-6d49bb94-f7cb-4c95-bbc0-f6006e714833/container.db from cache
2024-02-06 10:04:48,151 [ForkJoinPool.commonPool-worker-0] INFO  volume.HddsVolume (HddsVolume.java:closeDbStore(451)) - SchemaV3 db is stopped at /home/runner/work/ozone/ozone/hadoop-ozone/integration-test/target/test-dir/MiniOzoneClusterImpl-0ae4c21d-b8eb-4e36-9639-963ec8fb7de7/datanode-8/data-0/containers/hdds/0ae4c21d-b8eb-4e36-9639-963ec8fb7de7/DS-6d49bb94-f7cb-4c95-bbc0-f6006e714833/container.db for volume DS-6d49bb94-f7cb-4c95-bbc0-f6006e714833
2024-02-06 10:04:48,152 [ForkJoinPool.commonPool-worker-0] INFO  utils.BackgroundService (BackgroundService.java:shutdown(160)) - Shutting down service BlockDeletingService
2024-02-06 10:04:48,152 [ForkJoinPool.commonPool-worker-0] INFO  utils.BackgroundService (BackgroundService.java:shutdown(160)) - Shutting down service StaleRecoveringContainerScrubbingService
2024-02-06 10:04:48,153 [ForkJoinPool.commonPool-worker-0] INFO  statemachine.DatanodeStateMachine (DatanodeStateMachine.java:stopDaemon(638)) - Ozone container server stopped.
2024-02-06 10:04:48,154 [ForkJoinPool.commonPool-worker-0] INFO  handler.ContextHandler (ContextHandler.java:doStop(1159)) - Stopped o.e.j.w.WebAppContext@72db5be6{hddsDatanode,/,null,STOPPED}{jar:file:/home/runner/.m2/repository/org/apache/ozone/hdds-container-service/1.5.0-SNAPSHOT/hdds-container-service-1.5.0-SNAPSHOT.jar!/webapps/hddsDatanode}
2024-02-06 10:04:48,154 [ForkJoinPool.commonPool-worker-0] INFO  server.AbstractConnector (AbstractConnector.java:doStop(383)) - Stopped ServerConnector@610a19e6{HTTP/1.1, (http/1.1)}{0.0.0.0:15437}
2024-02-06 10:04:48,155 [ForkJoinPool.commonPool-worker-0] INFO  server.session (HouseKeeper.java:stopScavenging(149)) - node0 Stopped scavenging
2024-02-06 10:04:48,155 [ForkJoinPool.commonPool-worker-0] INFO  handler.ContextHandler (ContextHandler.java:doStop(1159)) - Stopped o.e.j.s.ServletContextHandler@1c7aa844{static,/static,jar:file:/home/runner/.m2/repository/org/apache/ozone/hdds-container-service/1.5.0-SNAPSHOT/hdds-container-service-1.5.0-SNAPSHOT.jar!/webapps/static,STOPPED}
2024-02-06 10:04:48,155 [ForkJoinPool.commonPool-worker-0] INFO  handler.ContextHandler (ContextHandler.java:doStop(1159)) - Stopped o.e.j.s.ServletContextHandler@74cc8642{logs,/logs,file:///home/runner/work/ozone/ozone/hadoop-ozone/integration-test/target/log,STOPPED}
2024-02-06 10:04:48,155 [ForkJoinPool.commonPool-worker-0] INFO  ozone.HddsDatanodeClientProtocolServer (HddsDatanodeClientProtocolServer.java:stop(78)) - Stopping the RPC server for Client Protocol
2024-02-06 10:04:48,156 [ForkJoinPool.commonPool-worker-0] INFO  ipc.Server (Server.java:stop(3523)) - Stopping server on 15438
2024-02-06 10:04:48,157 [IPC Server listener on 15438] INFO  ipc.Server (Server.java:run(1434)) - Stopping IPC Server listener on 15438
2024-02-06 10:04:48,157 [IPC Server Responder] INFO  ipc.Server (Server.java:run(1567)) - Stopping IPC Server Responder
2024-02-06 10:04:48,460 [ForkJoinPool.commonPool-worker-6] INFO  utils.DatanodeStoreCache (DatanodeStoreCache.java:shutdownCache(116)) - Skip clearing cache in mini cluster mode. Entries left: [/home/runner/work/ozone/ozone/hadoop-ozone/integration-test/target/test-dir/MiniOzoneClusterImpl-0ae4c21d-b8eb-4e36-9639-963ec8fb7de7/datanode-0/data-0/containers/hdds/0ae4c21d-b8eb-4e36-9639-963ec8fb7de7/DS-1cce097d-c9be-4c23-a45b-c156467779d6/container.db, /home/runner/work/ozone/ozone/hadoop-ozone/integration-test/target/test-dir/MiniOzoneClusterImpl-0ae4c21d-b8eb-4e36-9639-963ec8fb7de7/datanode-1/data-0/containers/hdds/0ae4c21d-b8eb-4e36-9639-963ec8fb7de7/DS-4439f3f2-9794-4e74-8fbb-25d4c886185b/container.db, /home/runner/work/ozone/ozone/hadoop-ozone/integration-test/target/test-dir/MiniOzoneClusterImpl-0ae4c21d-b8eb-4e36-9639-963ec8fb7de7/datanode-2/data-0/containers/hdds/0ae4c21d-b8eb-4e36-9639-963ec8fb7de7/DS-cf1d579f-59f3-4d86-8bb6-ee58bcb6f5c5/container.db, /home/runner/work/ozone/ozone/hadoop-ozone/integration-test/target/test-dir/MiniOzoneClusterImpl-0ae4c21d-b8eb-4e36-9639-963ec8fb7de7/datanode-5/data-0/containers/hdds/0ae4c21d-b8eb-4e36-9639-963ec8fb7de7/DS-f6ea85c3-0e15-4ca1-812f-6eec42c300c7/container.db, /home/runner/work/ozone/ozone/hadoop-ozone/integration-test/target/test-dir/MiniOzoneClusterImpl-0ae4c21d-b8eb-4e36-9639-963ec8fb7de7/datanode-6/data-0/containers/hdds/0ae4c21d-b8eb-4e36-9639-963ec8fb7de7/DS-a5e7b77b-cf41-4d9a-9b56-74f5e9ad063d/container.db, /home/runner/work/ozone/ozone/hadoop-ozone/integration-test/target/test-dir/MiniOzoneClusterImpl-0ae4c21d-b8eb-4e36-9639-963ec8fb7de7/datanode-7/data-0/containers/hdds/0ae4c21d-b8eb-4e36-9639-963ec8fb7de7/DS-fec45e82-740d-4055-9a81-1469d04ff76a/container.db]
2024-02-06 10:04:48,463 [ForkJoinPool.commonPool-worker-6] INFO  utils.DatanodeStoreCache (DatanodeStoreCache.java:removeDB(110)) - Removed db /home/runner/work/ozone/ozone/hadoop-ozone/integration-test/target/test-dir/MiniOzoneClusterImpl-0ae4c21d-b8eb-4e36-9639-963ec8fb7de7/datanode-0/data-0/containers/hdds/0ae4c21d-b8eb-4e36-9639-963ec8fb7de7/DS-1cce097d-c9be-4c23-a45b-c156467779d6/container.db from cache
2024-02-06 10:04:48,463 [ForkJoinPool.commonPool-worker-6] INFO  volume.HddsVolume (HddsVolume.java:closeDbStore(451)) - SchemaV3 db is stopped at /home/runner/work/ozone/ozone/hadoop-ozone/integration-test/target/test-dir/MiniOzoneClusterImpl-0ae4c21d-b8eb-4e36-9639-963ec8fb7de7/datanode-0/data-0/containers/hdds/0ae4c21d-b8eb-4e36-9639-963ec8fb7de7/DS-1cce097d-c9be-4c23-a45b-c156467779d6/container.db for volume DS-1cce097d-c9be-4c23-a45b-c156467779d6
2024-02-06 10:04:48,463 [ForkJoinPool.commonPool-worker-6] INFO  utils.BackgroundService (BackgroundService.java:shutdown(160)) - Shutting down service BlockDeletingService
2024-02-06 10:04:48,463 [ForkJoinPool.commonPool-worker-6] INFO  utils.BackgroundService (BackgroundService.java:shutdown(160)) - Shutting down service StaleRecoveringContainerScrubbingService
2024-02-06 10:04:48,464 [ForkJoinPool.commonPool-worker-6] INFO  statemachine.DatanodeStateMachine (DatanodeStateMachine.java:stopDaemon(638)) - Ozone container server stopped.
2024-02-06 10:04:48,465 [ForkJoinPool.commonPool-worker-4] INFO  utils.DatanodeStoreCache (DatanodeStoreCache.java:shutdownCache(116)) - Skip clearing cache in mini cluster mode. Entries left: [/home/runner/work/ozone/ozone/hadoop-ozone/integration-test/target/test-dir/MiniOzoneClusterImpl-0ae4c21d-b8eb-4e36-9639-963ec8fb7de7/datanode-1/data-0/containers/hdds/0ae4c21d-b8eb-4e36-9639-963ec8fb7de7/DS-4439f3f2-9794-4e74-8fbb-25d4c886185b/container.db, /home/runner/work/ozone/ozone/hadoop-ozone/integration-test/target/test-dir/MiniOzoneClusterImpl-0ae4c21d-b8eb-4e36-9639-963ec8fb7de7/datanode-2/data-0/containers/hdds/0ae4c21d-b8eb-4e36-9639-963ec8fb7de7/DS-cf1d579f-59f3-4d86-8bb6-ee58bcb6f5c5/container.db, /home/runner/work/ozone/ozone/hadoop-ozone/integration-test/target/test-dir/MiniOzoneClusterImpl-0ae4c21d-b8eb-4e36-9639-963ec8fb7de7/datanode-5/data-0/containers/hdds/0ae4c21d-b8eb-4e36-9639-963ec8fb7de7/DS-f6ea85c3-0e15-4ca1-812f-6eec42c300c7/container.db, /home/runner/work/ozone/ozone/hadoop-ozone/integration-test/target/test-dir/MiniOzoneClusterImpl-0ae4c21d-b8eb-4e36-9639-963ec8fb7de7/datanode-6/data-0/containers/hdds/0ae4c21d-b8eb-4e36-9639-963ec8fb7de7/DS-a5e7b77b-cf41-4d9a-9b56-74f5e9ad063d/container.db, /home/runner/work/ozone/ozone/hadoop-ozone/integration-test/target/test-dir/MiniOzoneClusterImpl-0ae4c21d-b8eb-4e36-9639-963ec8fb7de7/datanode-7/data-0/containers/hdds/0ae4c21d-b8eb-4e36-9639-963ec8fb7de7/DS-fec45e82-740d-4055-9a81-1469d04ff76a/container.db]
2024-02-06 10:04:48,466 [ForkJoinPool.commonPool-worker-6] INFO  handler.ContextHandler (ContextHandler.java:doStop(1159)) - Stopped o.e.j.w.WebAppContext@6bbb2572{hddsDatanode,/,null,STOPPED}{jar:file:/home/runner/.m2/repository/org/apache/ozone/hdds-container-service/1.5.0-SNAPSHOT/hdds-container-service-1.5.0-SNAPSHOT.jar!/webapps/hddsDatanode}
2024-02-06 10:04:48,468 [ForkJoinPool.commonPool-worker-6] INFO  server.AbstractConnector (AbstractConnector.java:doStop(383)) - Stopped ServerConnector@5f181630{HTTP/1.1, (http/1.1)}{0.0.0.0:15365}
2024-02-06 10:04:48,468 [ForkJoinPool.commonPool-worker-6] INFO  server.session (HouseKeeper.java:stopScavenging(149)) - node0 Stopped scavenging
2024-02-06 10:04:48,468 [ForkJoinPool.commonPool-worker-4] INFO  utils.DatanodeStoreCache (DatanodeStoreCache.java:removeDB(110)) - Removed db /home/runner/work/ozone/ozone/hadoop-ozone/integration-test/target/test-dir/MiniOzoneClusterImpl-0ae4c21d-b8eb-4e36-9639-963ec8fb7de7/datanode-1/data-0/containers/hdds/0ae4c21d-b8eb-4e36-9639-963ec8fb7de7/DS-4439f3f2-9794-4e74-8fbb-25d4c886185b/container.db from cache
2024-02-06 10:04:48,468 [ForkJoinPool.commonPool-worker-6] INFO  handler.ContextHandler (ContextHandler.java:doStop(1159)) - Stopped o.e.j.s.ServletContextHandler@508fd8b1{static,/static,jar:file:/home/runner/.m2/repository/org/apache/ozone/hdds-container-service/1.5.0-SNAPSHOT/hdds-container-service-1.5.0-SNAPSHOT.jar!/webapps/static,STOPPED}
2024-02-06 10:04:48,468 [ForkJoinPool.commonPool-worker-4] INFO  volume.HddsVolume (HddsVolume.java:closeDbStore(451)) - SchemaV3 db is stopped at /home/runner/work/ozone/ozone/hadoop-ozone/integration-test/target/test-dir/MiniOzoneClusterImpl-0ae4c21d-b8eb-4e36-9639-963ec8fb7de7/datanode-1/data-0/containers/hdds/0ae4c21d-b8eb-4e36-9639-963ec8fb7de7/DS-4439f3f2-9794-4e74-8fbb-25d4c886185b/container.db for volume DS-4439f3f2-9794-4e74-8fbb-25d4c886185b
2024-02-06 10:04:48,468 [ForkJoinPool.commonPool-worker-6] INFO  handler.ContextHandler (ContextHandler.java:doStop(1159)) - Stopped o.e.j.s.ServletContextHandler@2546ec60{logs,/logs,file:///home/runner/work/ozone/ozone/hadoop-ozone/integration-test/target/log,STOPPED}
2024-02-06 10:04:48,469 [ForkJoinPool.commonPool-worker-4] INFO  utils.BackgroundService (BackgroundService.java:shutdown(160)) - Shutting down service BlockDeletingService
2024-02-06 10:04:48,469 [ForkJoinPool.commonPool-worker-4] INFO  utils.BackgroundService (BackgroundService.java:shutdown(160)) - Shutting down service StaleRecoveringContainerScrubbingService
2024-02-06 10:04:48,470 [ForkJoinPool.commonPool-worker-4] INFO  statemachine.DatanodeStateMachine (DatanodeStateMachine.java:stopDaemon(638)) - Ozone container server stopped.
2024-02-06 10:04:48,471 [ForkJoinPool.commonPool-worker-6] INFO  ozone.HddsDatanodeClientProtocolServer (HddsDatanodeClientProtocolServer.java:stop(78)) - Stopping the RPC server for Client Protocol
2024-02-06 10:04:48,472 [ForkJoinPool.commonPool-worker-6] INFO  ipc.Server (Server.java:stop(3523)) - Stopping server on 15366
2024-02-06 10:04:48,472 [ForkJoinPool.commonPool-worker-4] INFO  handler.ContextHandler (ContextHandler.java:doStop(1159)) - Stopped o.e.j.w.WebAppContext@68abc0be{hddsDatanode,/,null,STOPPED}{jar:file:/home/runner/.m2/repository/org/apache/ozone/hdds-container-service/1.5.0-SNAPSHOT/hdds-container-service-1.5.0-SNAPSHOT.jar!/webapps/hddsDatanode}
2024-02-06 10:04:48,473 [IPC Server Responder] INFO  ipc.Server (Server.java:run(1567)) - Stopping IPC Server Responder
2024-02-06 10:04:48,473 [ForkJoinPool.commonPool-worker-4] INFO  server.AbstractConnector (AbstractConnector.java:doStop(383)) - Stopped ServerConnector@4aadf2d{HTTP/1.1, (http/1.1)}{0.0.0.0:15374}
2024-02-06 10:04:48,473 [ForkJoinPool.commonPool-worker-4] INFO  server.session (HouseKeeper.java:stopScavenging(149)) - node0 Stopped scavenging
2024-02-06 10:04:48,473 [ForkJoinPool.commonPool-worker-4] INFO  handler.ContextHandler (ContextHandler.java:doStop(1159)) - Stopped o.e.j.s.ServletContextHandler@45e3a250{static,/static,jar:file:/home/runner/.m2/repository/org/apache/ozone/hdds-container-service/1.5.0-SNAPSHOT/hdds-container-service-1.5.0-SNAPSHOT.jar!/webapps/static,STOPPED}
2024-02-06 10:04:48,473 [ForkJoinPool.commonPool-worker-4] INFO  handler.ContextHandler (ContextHandler.java:doStop(1159)) - Stopped o.e.j.s.ServletContextHandler@340993a1{logs,/logs,file:///home/runner/work/ozone/ozone/hadoop-ozone/integration-test/target/log,STOPPED}
2024-02-06 10:04:48,473 [ForkJoinPool.commonPool-worker-4] INFO  ozone.HddsDatanodeClientProtocolServer (HddsDatanodeClientProtocolServer.java:stop(78)) - Stopping the RPC server for Client Protocol
2024-02-06 10:04:48,474 [ForkJoinPool.commonPool-worker-4] INFO  ipc.Server (Server.java:stop(3523)) - Stopping server on 15375
2024-02-06 10:04:48,474 [IPC Server listener on 15366] INFO  ipc.Server (Server.java:run(1434)) - Stopping IPC Server listener on 15366
2024-02-06 10:04:48,477 [IPC Server listener on 15375] INFO  ipc.Server (Server.java:run(1434)) - Stopping IPC Server listener on 15375
2024-02-06 10:04:48,477 [IPC Server Responder] INFO  ipc.Server (Server.java:run(1567)) - Stopping IPC Server Responder
2024-02-06 10:04:48,855 [main] INFO  utils.DatanodeStoreCache (DatanodeStoreCache.java:shutdownCache(116)) - Skip clearing cache in mini cluster mode. Entries left: [/home/runner/work/ozone/ozone/hadoop-ozone/integration-test/target/test-dir/MiniOzoneClusterImpl-0ae4c21d-b8eb-4e36-9639-963ec8fb7de7/datanode-2/data-0/containers/hdds/0ae4c21d-b8eb-4e36-9639-963ec8fb7de7/DS-cf1d579f-59f3-4d86-8bb6-ee58bcb6f5c5/container.db, /home/runner/work/ozone/ozone/hadoop-ozone/integration-test/target/test-dir/MiniOzoneClusterImpl-0ae4c21d-b8eb-4e36-9639-963ec8fb7de7/datanode-5/data-0/containers/hdds/0ae4c21d-b8eb-4e36-9639-963ec8fb7de7/DS-f6ea85c3-0e15-4ca1-812f-6eec42c300c7/container.db, /home/runner/work/ozone/ozone/hadoop-ozone/integration-test/target/test-dir/MiniOzoneClusterImpl-0ae4c21d-b8eb-4e36-9639-963ec8fb7de7/datanode-6/data-0/containers/hdds/0ae4c21d-b8eb-4e36-9639-963ec8fb7de7/DS-a5e7b77b-cf41-4d9a-9b56-74f5e9ad063d/container.db, /home/runner/work/ozone/ozone/hadoop-ozone/integration-test/target/test-dir/MiniOzoneClusterImpl-0ae4c21d-b8eb-4e36-9639-963ec8fb7de7/datanode-7/data-0/containers/hdds/0ae4c21d-b8eb-4e36-9639-963ec8fb7de7/DS-fec45e82-740d-4055-9a81-1469d04ff76a/container.db]
2024-02-06 10:04:48,856 [main] INFO  utils.DatanodeStoreCache (DatanodeStoreCache.java:removeDB(110)) - Removed db /home/runner/work/ozone/ozone/hadoop-ozone/integration-test/target/test-dir/MiniOzoneClusterImpl-0ae4c21d-b8eb-4e36-9639-963ec8fb7de7/datanode-5/data-0/containers/hdds/0ae4c21d-b8eb-4e36-9639-963ec8fb7de7/DS-f6ea85c3-0e15-4ca1-812f-6eec42c300c7/container.db from cache
2024-02-06 10:04:48,856 [main] INFO  volume.HddsVolume (HddsVolume.java:closeDbStore(451)) - SchemaV3 db is stopped at /home/runner/work/ozone/ozone/hadoop-ozone/integration-test/target/test-dir/MiniOzoneClusterImpl-0ae4c21d-b8eb-4e36-9639-963ec8fb7de7/datanode-5/data-0/containers/hdds/0ae4c21d-b8eb-4e36-9639-963ec8fb7de7/DS-f6ea85c3-0e15-4ca1-812f-6eec42c300c7/container.db for volume DS-f6ea85c3-0e15-4ca1-812f-6eec42c300c7
2024-02-06 10:04:48,856 [main] INFO  utils.BackgroundService (BackgroundService.java:shutdown(160)) - Shutting down service BlockDeletingService
2024-02-06 10:04:48,857 [main] INFO  utils.BackgroundService (BackgroundService.java:shutdown(160)) - Shutting down service StaleRecoveringContainerScrubbingService
2024-02-06 10:04:48,857 [main] INFO  statemachine.DatanodeStateMachine (DatanodeStateMachine.java:stopDaemon(638)) - Ozone container server stopped.
2024-02-06 10:04:48,858 [main] INFO  handler.ContextHandler (ContextHandler.java:doStop(1159)) - Stopped o.e.j.w.WebAppContext@4565b89c{hddsDatanode,/,null,STOPPED}{jar:file:/home/runner/.m2/repository/org/apache/ozone/hdds-container-service/1.5.0-SNAPSHOT/hdds-container-service-1.5.0-SNAPSHOT.jar!/webapps/hddsDatanode}
2024-02-06 10:04:48,861 [ForkJoinPool.commonPool-worker-3] INFO  utils.DatanodeStoreCache (DatanodeStoreCache.java:shutdownCache(116)) - Skip clearing cache in mini cluster mode. Entries left: [/home/runner/work/ozone/ozone/hadoop-ozone/integration-test/target/test-dir/MiniOzoneClusterImpl-0ae4c21d-b8eb-4e36-9639-963ec8fb7de7/datanode-2/data-0/containers/hdds/0ae4c21d-b8eb-4e36-9639-963ec8fb7de7/DS-cf1d579f-59f3-4d86-8bb6-ee58bcb6f5c5/container.db, /home/runner/work/ozone/ozone/hadoop-ozone/integration-test/target/test-dir/MiniOzoneClusterImpl-0ae4c21d-b8eb-4e36-9639-963ec8fb7de7/datanode-6/data-0/containers/hdds/0ae4c21d-b8eb-4e36-9639-963ec8fb7de7/DS-a5e7b77b-cf41-4d9a-9b56-74f5e9ad063d/container.db, /home/runner/work/ozone/ozone/hadoop-ozone/integration-test/target/test-dir/MiniOzoneClusterImpl-0ae4c21d-b8eb-4e36-9639-963ec8fb7de7/datanode-7/data-0/containers/hdds/0ae4c21d-b8eb-4e36-9639-963ec8fb7de7/DS-fec45e82-740d-4055-9a81-1469d04ff76a/container.db]
2024-02-06 10:04:48,861 [main] INFO  server.AbstractConnector (AbstractConnector.java:doStop(383)) - Stopped ServerConnector@1cf5e516{HTTP/1.1, (http/1.1)}{0.0.0.0:15410}
2024-02-06 10:04:48,862 [main] INFO  server.session (HouseKeeper.java:stopScavenging(149)) - node0 Stopped scavenging
2024-02-06 10:04:48,862 [ForkJoinPool.commonPool-worker-3] INFO  utils.DatanodeStoreCache (DatanodeStoreCache.java:removeDB(110)) - Removed db /home/runner/work/ozone/ozone/hadoop-ozone/integration-test/target/test-dir/MiniOzoneClusterImpl-0ae4c21d-b8eb-4e36-9639-963ec8fb7de7/datanode-2/data-0/containers/hdds/0ae4c21d-b8eb-4e36-9639-963ec8fb7de7/DS-cf1d579f-59f3-4d86-8bb6-ee58bcb6f5c5/container.db from cache
2024-02-06 10:04:48,862 [main] INFO  handler.ContextHandler (ContextHandler.java:doStop(1159)) - Stopped o.e.j.s.ServletContextHandler@47b4de76{static,/static,jar:file:/home/runner/.m2/repository/org/apache/ozone/hdds-container-service/1.5.0-SNAPSHOT/hdds-container-service-1.5.0-SNAPSHOT.jar!/webapps/static,STOPPED}
2024-02-06 10:04:48,863 [main] INFO  handler.ContextHandler (ContextHandler.java:doStop(1159)) - Stopped o.e.j.s.ServletContextHandler@66140c8b{logs,/logs,file:///home/runner/work/ozone/ozone/hadoop-ozone/integration-test/target/log,STOPPED}
2024-02-06 10:04:48,862 [ForkJoinPool.commonPool-worker-3] INFO  volume.HddsVolume (HddsVolume.java:closeDbStore(451)) - SchemaV3 db is stopped at /home/runner/work/ozone/ozone/hadoop-ozone/integration-test/target/test-dir/MiniOzoneClusterImpl-0ae4c21d-b8eb-4e36-9639-963ec8fb7de7/datanode-2/data-0/containers/hdds/0ae4c21d-b8eb-4e36-9639-963ec8fb7de7/DS-cf1d579f-59f3-4d86-8bb6-ee58bcb6f5c5/container.db for volume DS-cf1d579f-59f3-4d86-8bb6-ee58bcb6f5c5
2024-02-06 10:04:48,864 [ForkJoinPool.commonPool-worker-3] INFO  utils.BackgroundService (BackgroundService.java:shutdown(160)) - Shutting down service BlockDeletingService
2024-02-06 10:04:48,864 [ForkJoinPool.commonPool-worker-3] INFO  utils.BackgroundService (BackgroundService.java:shutdown(160)) - Shutting down service StaleRecoveringContainerScrubbingService
2024-02-06 10:04:48,865 [main] INFO  ozone.HddsDatanodeClientProtocolServer (HddsDatanodeClientProtocolServer.java:stop(78)) - Stopping the RPC server for Client Protocol
2024-02-06 10:04:48,865 [main] INFO  ipc.Server (Server.java:stop(3523)) - Stopping server on 15411
2024-02-06 10:04:48,865 [ForkJoinPool.commonPool-worker-3] INFO  statemachine.DatanodeStateMachine (DatanodeStateMachine.java:stopDaemon(638)) - Ozone container server stopped.
2024-02-06 10:04:48,868 [ForkJoinPool.commonPool-worker-3] INFO  handler.ContextHandler (ContextHandler.java:doStop(1159)) - Stopped o.e.j.w.WebAppContext@4de9c81e{hddsDatanode,/,null,STOPPED}{jar:file:/home/runner/.m2/repository/org/apache/ozone/hdds-container-service/1.5.0-SNAPSHOT/hdds-container-service-1.5.0-SNAPSHOT.jar!/webapps/hddsDatanode}
2024-02-06 10:04:48,868 [IPC Server Responder] INFO  ipc.Server (Server.java:run(1567)) - Stopping IPC Server Responder
2024-02-06 10:04:48,868 [IPC Server listener on 15411] INFO  ipc.Server (Server.java:run(1434)) - Stopping IPC Server listener on 15411
2024-02-06 10:04:48,869 [ForkJoinPool.commonPool-worker-3] INFO  server.AbstractConnector (AbstractConnector.java:doStop(383)) - Stopped ServerConnector@7a7c731c{HTTP/1.1, (http/1.1)}{0.0.0.0:15383}
2024-02-06 10:04:48,869 [ForkJoinPool.commonPool-worker-3] INFO  server.session (HouseKeeper.java:stopScavenging(149)) - node0 Stopped scavenging
2024-02-06 10:04:48,869 [ForkJoinPool.commonPool-worker-3] INFO  handler.ContextHandler (ContextHandler.java:doStop(1159)) - Stopped o.e.j.s.ServletContextHandler@7cb486a2{static,/static,jar:file:/home/runner/.m2/repository/org/apache/ozone/hdds-container-service/1.5.0-SNAPSHOT/hdds-container-service-1.5.0-SNAPSHOT.jar!/webapps/static,STOPPED}
2024-02-06 10:04:48,869 [ForkJoinPool.commonPool-worker-3] INFO  handler.ContextHandler (ContextHandler.java:doStop(1159)) - Stopped o.e.j.s.ServletContextHandler@6c43c722{logs,/logs,file:///home/runner/work/ozone/ozone/hadoop-ozone/integration-test/target/log,STOPPED}
2024-02-06 10:04:48,870 [ForkJoinPool.commonPool-worker-3] INFO  ozone.HddsDatanodeClientProtocolServer (HddsDatanodeClientProtocolServer.java:stop(78)) - Stopping the RPC server for Client Protocol
2024-02-06 10:04:48,870 [ForkJoinPool.commonPool-worker-3] INFO  ipc.Server (Server.java:stop(3523)) - Stopping server on 15384
2024-02-06 10:04:48,871 [IPC Server listener on 15384] INFO  ipc.Server (Server.java:run(1434)) - Stopping IPC Server listener on 15384
2024-02-06 10:04:48,871 [IPC Server Responder] INFO  ipc.Server (Server.java:run(1567)) - Stopping IPC Server Responder
2024-02-06 10:04:48,932 [ForkJoinPool.commonPool-worker-7] INFO  utils.DatanodeStoreCache (DatanodeStoreCache.java:shutdownCache(116)) - Skip clearing cache in mini cluster mode. Entries left: [/home/runner/work/ozone/ozone/hadoop-ozone/integration-test/target/test-dir/MiniOzoneClusterImpl-0ae4c21d-b8eb-4e36-9639-963ec8fb7de7/datanode-6/data-0/containers/hdds/0ae4c21d-b8eb-4e36-9639-963ec8fb7de7/DS-a5e7b77b-cf41-4d9a-9b56-74f5e9ad063d/container.db, /home/runner/work/ozone/ozone/hadoop-ozone/integration-test/target/test-dir/MiniOzoneClusterImpl-0ae4c21d-b8eb-4e36-9639-963ec8fb7de7/datanode-7/data-0/containers/hdds/0ae4c21d-b8eb-4e36-9639-963ec8fb7de7/DS-fec45e82-740d-4055-9a81-1469d04ff76a/container.db]
2024-02-06 10:04:48,934 [ForkJoinPool.commonPool-worker-7] INFO  utils.DatanodeStoreCache (DatanodeStoreCache.java:removeDB(110)) - Removed db /home/runner/work/ozone/ozone/hadoop-ozone/integration-test/target/test-dir/MiniOzoneClusterImpl-0ae4c21d-b8eb-4e36-9639-963ec8fb7de7/datanode-6/data-0/containers/hdds/0ae4c21d-b8eb-4e36-9639-963ec8fb7de7/DS-a5e7b77b-cf41-4d9a-9b56-74f5e9ad063d/container.db from cache
2024-02-06 10:04:48,934 [ForkJoinPool.commonPool-worker-7] INFO  volume.HddsVolume (HddsVolume.java:closeDbStore(451)) - SchemaV3 db is stopped at /home/runner/work/ozone/ozone/hadoop-ozone/integration-test/target/test-dir/MiniOzoneClusterImpl-0ae4c21d-b8eb-4e36-9639-963ec8fb7de7/datanode-6/data-0/containers/hdds/0ae4c21d-b8eb-4e36-9639-963ec8fb7de7/DS-a5e7b77b-cf41-4d9a-9b56-74f5e9ad063d/container.db for volume DS-a5e7b77b-cf41-4d9a-9b56-74f5e9ad063d
2024-02-06 10:04:48,934 [ForkJoinPool.commonPool-worker-7] INFO  utils.BackgroundService (BackgroundService.java:shutdown(160)) - Shutting down service BlockDeletingService
2024-02-06 10:04:48,934 [ForkJoinPool.commonPool-worker-7] INFO  utils.BackgroundService (BackgroundService.java:shutdown(160)) - Shutting down service StaleRecoveringContainerScrubbingService
2024-02-06 10:04:48,935 [ForkJoinPool.commonPool-worker-7] INFO  statemachine.DatanodeStateMachine (DatanodeStateMachine.java:stopDaemon(638)) - Ozone container server stopped.
2024-02-06 10:04:48,936 [ForkJoinPool.commonPool-worker-7] INFO  handler.ContextHandler (ContextHandler.java:doStop(1159)) - Stopped o.e.j.w.WebAppContext@7b4b6695{hddsDatanode,/,null,STOPPED}{jar:file:/home/runner/.m2/repository/org/apache/ozone/hdds-container-service/1.5.0-SNAPSHOT/hdds-container-service-1.5.0-SNAPSHOT.jar!/webapps/hddsDatanode}
2024-02-06 10:04:48,937 [ForkJoinPool.commonPool-worker-7] INFO  server.AbstractConnector (AbstractConnector.java:doStop(383)) - Stopped ServerConnector@a297301{HTTP/1.1, (http/1.1)}{0.0.0.0:15419}
2024-02-06 10:04:48,937 [ForkJoinPool.commonPool-worker-7] INFO  server.session (HouseKeeper.java:stopScavenging(149)) - node0 Stopped scavenging
2024-02-06 10:04:48,937 [ForkJoinPool.commonPool-worker-7] INFO  handler.ContextHandler (ContextHandler.java:doStop(1159)) - Stopped o.e.j.s.ServletContextHandler@16150bb7{static,/static,jar:file:/home/runner/.m2/repository/org/apache/ozone/hdds-container-service/1.5.0-SNAPSHOT/hdds-container-service-1.5.0-SNAPSHOT.jar!/webapps/static,STOPPED}
2024-02-06 10:04:48,937 [ForkJoinPool.commonPool-worker-7] INFO  handler.ContextHandler (ContextHandler.java:doStop(1159)) - Stopped o.e.j.s.ServletContextHandler@7322fbb3{logs,/logs,file:///home/runner/work/ozone/ozone/hadoop-ozone/integration-test/target/log,STOPPED}
2024-02-06 10:04:48,938 [ForkJoinPool.commonPool-worker-7] INFO  ozone.HddsDatanodeClientProtocolServer (HddsDatanodeClientProtocolServer.java:stop(78)) - Stopping the RPC server for Client Protocol
2024-02-06 10:04:48,939 [ForkJoinPool.commonPool-worker-7] INFO  ipc.Server (Server.java:stop(3523)) - Stopping server on 15420
2024-02-06 10:04:48,939 [IPC Server listener on 15420] INFO  ipc.Server (Server.java:run(1434)) - Stopping IPC Server listener on 15420
2024-02-06 10:04:48,939 [IPC Server Responder] INFO  ipc.Server (Server.java:run(1567)) - Stopping IPC Server Responder
2024-02-06 10:04:48,965 [ForkJoinPool.commonPool-worker-5] INFO  utils.DatanodeStoreCache (DatanodeStoreCache.java:shutdownCache(116)) - Skip clearing cache in mini cluster mode. Entries left: [/home/runner/work/ozone/ozone/hadoop-ozone/integration-test/target/test-dir/MiniOzoneClusterImpl-0ae4c21d-b8eb-4e36-9639-963ec8fb7de7/datanode-7/data-0/containers/hdds/0ae4c21d-b8eb-4e36-9639-963ec8fb7de7/DS-fec45e82-740d-4055-9a81-1469d04ff76a/container.db]
2024-02-06 10:04:48,966 [ForkJoinPool.commonPool-worker-5] INFO  utils.DatanodeStoreCache (DatanodeStoreCache.java:removeDB(110)) - Removed db /home/runner/work/ozone/ozone/hadoop-ozone/integration-test/target/test-dir/MiniOzoneClusterImpl-0ae4c21d-b8eb-4e36-9639-963ec8fb7de7/datanode-7/data-0/containers/hdds/0ae4c21d-b8eb-4e36-9639-963ec8fb7de7/DS-fec45e82-740d-4055-9a81-1469d04ff76a/container.db from cache
2024-02-06 10:04:48,966 [ForkJoinPool.commonPool-worker-5] INFO  volume.HddsVolume (HddsVolume.java:closeDbStore(451)) - SchemaV3 db is stopped at /home/runner/work/ozone/ozone/hadoop-ozone/integration-test/target/test-dir/MiniOzoneClusterImpl-0ae4c21d-b8eb-4e36-9639-963ec8fb7de7/datanode-7/data-0/containers/hdds/0ae4c21d-b8eb-4e36-9639-963ec8fb7de7/DS-fec45e82-740d-4055-9a81-1469d04ff76a/container.db for volume DS-fec45e82-740d-4055-9a81-1469d04ff76a
2024-02-06 10:04:48,967 [ForkJoinPool.commonPool-worker-5] INFO  utils.BackgroundService (BackgroundService.java:shutdown(160)) - Shutting down service BlockDeletingService
2024-02-06 10:04:48,967 [ForkJoinPool.commonPool-worker-5] INFO  utils.BackgroundService (BackgroundService.java:shutdown(160)) - Shutting down service StaleRecoveringContainerScrubbingService
2024-02-06 10:04:48,968 [ForkJoinPool.commonPool-worker-5] INFO  statemachine.DatanodeStateMachine (DatanodeStateMachine.java:stopDaemon(638)) - Ozone container server stopped.
2024-02-06 10:04:48,970 [ForkJoinPool.commonPool-worker-5] INFO  handler.ContextHandler (ContextHandler.java:doStop(1159)) - Stopped o.e.j.w.WebAppContext@3ca{hddsDatanode,/,null,STOPPED}{jar:file:/home/runner/.m2/repository/org/apache/ozone/hdds-container-service/1.5.0-SNAPSHOT/hdds-container-service-1.5.0-SNAPSHOT.jar!/webapps/hddsDatanode}
2024-02-06 10:04:48,970 [ForkJoinPool.commonPool-worker-5] INFO  server.AbstractConnector (AbstractConnector.java:doStop(383)) - Stopped ServerConnector@1679473f{HTTP/1.1, (http/1.1)}{0.0.0.0:15428}
2024-02-06 10:04:48,970 [ForkJoinPool.commonPool-worker-5] INFO  server.session (HouseKeeper.java:stopScavenging(149)) - node0 Stopped scavenging
2024-02-06 10:04:48,970 [ForkJoinPool.commonPool-worker-5] INFO  handler.ContextHandler (ContextHandler.java:doStop(1159)) - Stopped o.e.j.s.ServletContextHandler@701f6d1b{static,/static,jar:file:/home/runner/.m2/repository/org/apache/ozone/hdds-container-service/1.5.0-SNAPSHOT/hdds-container-service-1.5.0-SNAPSHOT.jar!/webapps/static,STOPPED}
2024-02-06 10:04:48,970 [ForkJoinPool.commonPool-worker-5] INFO  handler.ContextHandler (ContextHandler.java:doStop(1159)) - Stopped o.e.j.s.ServletContextHandler@1632fabd{logs,/logs,file:///home/runner/work/ozone/ozone/hadoop-ozone/integration-test/target/log,STOPPED}
2024-02-06 10:04:48,971 [ForkJoinPool.commonPool-worker-5] INFO  ozone.HddsDatanodeClientProtocolServer (HddsDatanodeClientProtocolServer.java:stop(78)) - Stopping the RPC server for Client Protocol
2024-02-06 10:04:48,971 [ForkJoinPool.commonPool-worker-5] INFO  ipc.Server (Server.java:stop(3523)) - Stopping server on 15429
2024-02-06 10:04:48,972 [IPC Server listener on 15429] INFO  ipc.Server (Server.java:run(1434)) - Stopping IPC Server listener on 15429
2024-02-06 10:04:48,972 [IPC Server Responder] INFO  ipc.Server (Server.java:run(1567)) - Stopping IPC Server Responder
2024-02-06 10:04:48,973 [main] INFO  ozone.MiniOzoneClusterImpl (MiniOzoneClusterImpl.java:stopSCM(549)) - Stopping the StorageContainerManager
2024-02-06 10:04:48,973 [main] INFO  server.StorageContainerManager (StorageContainerManager.java:stop(1653)) - Container Balancer is not running.
2024-02-06 10:04:48,973 [main] INFO  server.StorageContainerManager (StorageContainerManager.java:stopReplicationManager(1786)) - Stopping Replication Manager Service.
2024-02-06 10:04:48,974 [main] INFO  replication.ReplicationManager (ReplicationManager.java:stop(327)) - Stopping Replication Monitor Thread.
2024-02-06 10:04:48,974 [main] INFO  server.StorageContainerManager (StorageContainerManager.java:stop(1662)) - Stopping the Datanode Admin Monitor.
2024-02-06 10:04:48,974 [OverReplicatedProcessor] WARN  replication.UnhealthyReplicationProcessor (UnhealthyReplicationProcessor.java:run(180)) - OverReplicatedProcessor interrupted. Exiting...
2024-02-06 10:04:48,974 [ReplicationMonitor] INFO  replication.ReplicationManager (ReplicationManager.java:run(934)) - Replication Monitor Thread is stopped
2024-02-06 10:04:48,974 [UnderReplicatedProcessor] WARN  replication.UnhealthyReplicationProcessor (UnhealthyReplicationProcessor.java:run(180)) - UnderReplicatedProcessor interrupted. Exiting...
2024-02-06 10:04:48,974 [main] INFO  server.StorageContainerManager (StorageContainerManager.java:stop(1669)) - Stopping datanode service RPC server
2024-02-06 10:04:48,974 [main] INFO  server.SCMDatanodeProtocolServer (SCMDatanodeProtocolServer.java:stop(425)) - Stopping the RPC server for DataNodes
2024-02-06 10:04:48,975 [main] INFO  ipc.Server (Server.java:stop(3523)) - Stopping server on 15358
2024-02-06 10:04:48,977 [IPC Server listener on 15358] INFO  ipc.Server (Server.java:run(1434)) - Stopping IPC Server listener on 15358
2024-02-06 10:04:48,978 [IPC Server Responder] INFO  ipc.Server (Server.java:run(1567)) - Stopping IPC Server Responder
2024-02-06 10:04:49,061 [SCMHeartbeatProcessor-0] WARN  node.NodeStateManager (NodeStateManager.java:scheduleNextHealthCheck(878)) - Current Thread is interrupted, shutting down HB processing thread for Node Manager.
2024-02-06 10:04:49,061 [main] INFO  server.StorageContainerManager (StorageContainerManager.java:stop(1677)) - Stopping block service RPC server
2024-02-06 10:04:49,061 [main] INFO  server.SCMBlockProtocolServer (SCMBlockProtocolServer.java:stop(169)) - Stopping the RPC server for Block Protocol
2024-02-06 10:04:49,061 [main] INFO  ipc.Server (Server.java:stop(3523)) - Stopping server on 15357
2024-02-06 10:04:49,064 [IPC Server listener on 15357] INFO  ipc.Server (Server.java:run(1434)) - Stopping IPC Server listener on 15357
2024-02-06 10:04:49,064 [IPC Server Responder] INFO  ipc.Server (Server.java:run(1567)) - Stopping IPC Server Responder
2024-02-06 10:04:49,064 [main] INFO  server.StorageContainerManager (StorageContainerManager.java:stop(1684)) - Stopping the StorageContainerLocationProtocol RPC server
2024-02-06 10:04:49,065 [main] INFO  server.SCMClientProtocolServer (SCMClientProtocolServer.java:stop(212)) - Stopping the RPC server for Client Protocol
2024-02-06 10:04:49,065 [main] INFO  ipc.Server (Server.java:stop(3523)) - Stopping server on 15356
2024-02-06 10:04:49,067 [IPC Server listener on 15356] INFO  ipc.Server (Server.java:run(1434)) - Stopping IPC Server listener on 15356
2024-02-06 10:04:49,067 [IPC Server Responder] INFO  ipc.Server (Server.java:run(1567)) - Stopping IPC Server Responder
2024-02-06 10:04:49,068 [main] INFO  server.StorageContainerManager (StorageContainerManager.java:stop(1691)) - Stopping Storage Container Manager HTTP server.
2024-02-06 10:04:49,069 [main] INFO  handler.ContextHandler (ContextHandler.java:doStop(1159)) - Stopped o.e.j.w.WebAppContext@57dd875a{scm,/,null,STOPPED}{file:/home/runner/work/ozone/ozone/hadoop-ozone/integration-test/target/test-classes/webapps/scm}
2024-02-06 10:04:49,070 [main] INFO  server.AbstractConnector (AbstractConnector.java:doStop(383)) - Stopped ServerConnector@7066f4bc{HTTP/1.1, (http/1.1)}{0.0.0.0:15359}
2024-02-06 10:04:49,070 [main] INFO  server.session (HouseKeeper.java:stopScavenging(149)) - node0 Stopped scavenging
2024-02-06 10:04:49,070 [main] INFO  handler.ContextHandler (ContextHandler.java:doStop(1159)) - Stopped o.e.j.s.ServletContextHandler@4569b342{static,/static,file:///home/runner/work/ozone/ozone/hadoop-ozone/integration-test/target/test-classes/webapps/static,STOPPED}
2024-02-06 10:04:49,070 [main] INFO  handler.ContextHandler (ContextHandler.java:doStop(1159)) - Stopped o.e.j.s.ServletContextHandler@481545cf{logs,/logs,file:///home/runner/work/ozone/ozone/hadoop-ozone/integration-test/target/log,STOPPED}
2024-02-06 10:04:49,076 [main] INFO  server.StorageContainerManager (StorageContainerManager.java:stop(1699)) - Stopping SCM LayoutVersionManager Service.
2024-02-06 10:04:49,076 [main] INFO  server.StorageContainerManager (StorageContainerManager.java:stop(1711)) - Stopping Block Manager Service.
2024-02-06 10:04:49,076 [main] INFO  utils.BackgroundService (BackgroundService.java:shutdown(160)) - Shutting down service SCMBlockDeletingService
2024-02-06 10:04:49,076 [main] INFO  utils.BackgroundService (BackgroundService.java:shutdown(160)) - Shutting down service SCMBlockDeletingService
2024-02-06 10:04:49,076 [main] INFO  server.StorageContainerManager (StorageContainerManager.java:stop(1731)) - Stopping SCM Event Queue.
2024-02-06 10:04:49,077 [JvmPauseMonitor44] INFO  util.JvmPauseMonitor (JvmPauseMonitor.java:run(152)) - JvmPauseMonitor-ff31bb7e-d47e-425e-8a71-073f6e66f755: Stopped
2024-02-06 10:04:49,077 [main] INFO  server.StorageContainerManager (StorageContainerManager.java:stop(1742)) - Stopping SCM HA services.
2024-02-06 10:04:49,077 [main] INFO  pipeline.BackgroundPipelineCreator (BackgroundPipelineCreator.java:stop(152)) - Stopping RatisPipelineUtilsThread.
2024-02-06 10:04:49,077 [RatisPipelineUtilsThread-0] WARN  pipeline.BackgroundPipelineCreator (BackgroundPipelineCreator.java:run(183)) - RatisPipelineUtilsThread is interrupted.
2024-02-06 10:04:49,077 [main] INFO  BackgroundPipelineScrubber (BackgroundSCMService.java:stop(128)) - Stopping BackgroundPipelineScrubber Service.
2024-02-06 10:04:49,077 [BackgroundPipelineScrubber] WARN  BackgroundPipelineScrubber (BackgroundSCMService.java:run(112)) - BackgroundPipelineScrubber is interrupted, exit
2024-02-06 10:04:49,078 [main] INFO  impl.MetricsSystemImpl (MetricsSystemImpl.java:stop(210)) - Stopping HddsDatanode metrics system...
2024-02-06 10:04:49,081 [prometheus] INFO  impl.MetricsSinkAdapter (MetricsSinkAdapter.java:publishMetricsFromQueue(141)) - prometheus thread interrupted.
2024-02-06 10:04:49,081 [main] INFO  impl.MetricsSystemImpl (MetricsSystemImpl.java:stop(216)) - HddsDatanode metrics system stopped.
2024-02-06 10:04:49,081 [main] WARN  pipeline.BackgroundPipelineCreator (BackgroundPipelineCreator.java:stop(148)) - RatisPipelineUtilsThread is not running, just ignore.
2024-02-06 10:04:49,081 [main] INFO  BackgroundPipelineScrubber (BackgroundSCMService.java:stop(123)) - BackgroundPipelineScrubber Service is not running, skip stop.
2024-02-06 10:04:49,081 [main] INFO  ExpiredContainerReplicaOpScrubber (BackgroundSCMService.java:stop(128)) - Stopping ExpiredContainerReplicaOpScrubber Service.
2024-02-06 10:04:49,081 [ExpiredContainerReplicaOpScrubber] WARN  ExpiredContainerReplicaOpScrubber (BackgroundSCMService.java:run(112)) - ExpiredContainerReplicaOpScrubber is interrupted, exit
2024-02-06 10:04:49,081 [main] INFO  utils.BackgroundService (BackgroundService.java:shutdown(160)) - Shutting down service SCMBlockDeletingService
2024-02-06 10:04:49,082 [main] INFO  replication.ReplicationManager (ReplicationManager.java:stop(337)) - Replication Monitor Thread is not running.
2024-02-06 10:04:49,082 [main] WARN  balancer.ContainerBalancer (ContainerBalancer.java:stop(327)) - Cannot stop Container Balancer because it's not running or stopping
2024-02-06 10:04:49,082 [LeaseManager#LeaseMonitor] WARN  lease.LeaseManager (LeaseManager.java:run(287)) - Lease manager is interrupted. Shutting down...
java.lang.InterruptedException
	at java.util.concurrent.locks.AbstractQueuedSynchronizer.doAcquireSharedNanos(AbstractQueuedSynchronizer.java:1039)
	at java.util.concurrent.locks.AbstractQueuedSynchronizer.tryAcquireSharedNanos(AbstractQueuedSynchronizer.java:1328)
	at java.util.concurrent.Semaphore.tryAcquire(Semaphore.java:409)
	at org.apache.hadoop.ozone.lease.LeaseManager$LeaseMonitor.run(LeaseManager.java:285)
	at java.lang.Thread.run(Thread.java:750)
2024-02-06 10:04:49,082 [main] INFO  server.StorageContainerManager (StorageContainerManager.java:stop(1777)) - Stopping SCM MetadataStore.
]]></system-out>
    </flakyFailure>
    <flakyFailure type="java.lang.AssertionError">
      <stackTrace><![CDATA[java.lang.AssertionError: 

Expecting:
 <"org.apache.ratis.protocol.exceptions.RaftRetryFailureException: Failed RaftClientRequest:client-0FD0876DBA75->2bb22b89-6b01-4b52-bccb-ae4677f02d8d@group-520C61457A0F, cid=89, seq=null, Watch-MAJORITY_COMMITTED(110), null for 3 attempts with RequestTypeDependentRetryPolicy{WRITE->ExceptionDependentRetry(maxAttempts=2147483647; defaultPolicy=MultipleLinearRandomRetry[5x5s, 5x10s, 5x15s, 5x20s, 5x25s, 10x60s]; map={org.apache.ratis.protocol.exceptions.GroupMismatchException->NoRetry, org.apache.ratis.protocol.exceptions.NotReplicatedException->NoRetry, org.apache.ratis.protocol.exceptions.ResourceUnavailableException->org.apache.ratis.retry.ExponentialBackoffRetry@64256c8b, org.apache.ratis.protocol.exceptions.StateMachineException->NoRetry, org.apache.ratis.protocol.exceptions.TimeoutIOException->org.apache.ratis.retry.ExponentialBackoffRetry@64256c8b}), WATCH->ExceptionDependentRetry(maxAttempts=2147483647; defaultPolicy=MultipleLinearRandomRetry[5x5s, 5x10s, 5x15s, 5x20s, 5x25s, 10x60s]; map={org.apache.ratis.protocol.exceptions.GroupMismatchException->NoRetry, org.apache.ratis.protocol.exceptions.NotReplicatedException->NoRetry, org.apache.ratis.protocol.exceptions.ResourceUnavailableException->org.apache.ratis.retry.ExponentialBackoffRetry@64256c8b, org.apache.ratis.protocol.exceptions.StateMachineException->NoRetry, org.apache.ratis.protocol.exceptions.TimeoutIOException->NoRetry})}">
not to contain:
 <"Watch-MAJORITY_COMMITTED">

	at org.apache.hadoop.ozone.client.rpc.TestWatchForCommit.testWatchForCommitForRetryfailure(TestWatchForCommit.java:291)
	at java.lang.reflect.Method.invoke(Method.java:498)
	at java.util.ArrayList.forEach(ArrayList.java:1259)
	at java.util.ArrayList.forEach(ArrayList.java:1259)
]]></stackTrace>
      <system-out><![CDATA[2024-02-06 10:04:49,145 [main] WARN  server.ServerUtils (ServerUtils.java:getScmDbDir(143)) - ozone.scm.db.dirs is not configured. We recommend adding this setting. Falling back to ozone.metadata.dirs instead.
2024-02-06 10:04:49,153 [main] WARN  server.ServerUtils (ServerUtils.java:getScmDbDir(143)) - ozone.scm.db.dirs is not configured. We recommend adding this setting. Falling back to ozone.metadata.dirs instead.
2024-02-06 10:04:49,153 [main] INFO  ha.SCMHANodeDetails (SCMHANodeDetails.java:loadSCMHAConfig(207)) - ServiceID for StorageContainerManager is null
2024-02-06 10:04:49,154 [main] INFO  ha.SCMHANodeDetails (SCMHANodeDetails.java:loadSCMHAConfig(212)) - ozone.scm.default.service.id is not defined, falling back to ozone.scm.service.ids to find serviceID for StorageContainerManager if it is HA enabled cluster
2024-02-06 10:04:49,154 [main] WARN  utils.HAUtils (HAUtils.java:getMetaDir(339)) - ozone.scm.db.dirs is not configured. We recommend adding this setting. Falling back to ozone.metadata.dirs instead.
2024-02-06 10:04:49,154 [main] WARN  db.DBStoreBuilder (DBStoreBuilder.java:applyDBDefinition(170)) - ozone.scm.db.dirs is not configured. We recommend adding this setting. Falling back to ozone.metadata.dirs instead.
2024-02-06 10:04:49,259 [main] INFO  net.NodeSchemaLoader (NodeSchemaLoader.java:loadSchemaFromFile(129)) - Loading schema from [jar:file:/home/runner/.m2/repository/org/apache/ozone/hdds-common/1.5.0-SNAPSHOT/hdds-common-1.5.0-SNAPSHOT.jar!/network-topology-default.xml]
2024-02-06 10:04:49,259 [main] INFO  net.NodeSchemaLoader (NodeSchemaLoader.java:loadSchema(176)) - Loading network topology layer schema file
2024-02-06 10:04:49,261 [main] INFO  upgrade.AbstractLayoutVersionManager (AbstractLayoutVersionManager.java:init(83)) - Initializing Layout version manager with metadata layout = HADOOP_PRC_PORTS_IN_DATANODEDETAILS (version = 7), software layout = HADOOP_PRC_PORTS_IN_DATANODEDETAILS (version = 7)
2024-02-06 10:04:49,263 [main] INFO  ha.SequenceIdGenerator (SequenceIdGenerator.java:upgradeToSequenceId(370)) - upgrade localId to 113750153625600000
2024-02-06 10:04:49,263 [main] INFO  ha.SequenceIdGenerator (SequenceIdGenerator.java:upgradeToSequenceId(380)) - upgrade delTxnId to 0
2024-02-06 10:04:49,264 [main] INFO  ha.SequenceIdGenerator (SequenceIdGenerator.java:upgradeToSequenceId(397)) - upgrade containerId to 0
2024-02-06 10:04:49,265 [main] INFO  ha.SequenceIdGenerator (SequenceIdGenerator.java:upgradeToCertificateSequenceId(444)) - upgrade CertificateId to 2
2024-02-06 10:04:49,266 [main] INFO  ha.SequenceIdGenerator (SequenceIdGenerator.java:<init>(241)) - Init the HA SequenceIdGenerator.
2024-02-06 10:04:49,266 [main] INFO  node.SCMNodeManager (SCMNodeManager.java:<init>(177)) - Entering startup safe mode.
2024-02-06 10:04:49,266 [main] INFO  algorithms.ContainerPlacementPolicyFactory (ContainerPlacementPolicyFactory.java:getPolicyInternal(86)) - Create container placement policy of type org.apache.hadoop.hdds.scm.container.placement.algorithms.SCMContainerPlacementRackAware
2024-02-06 10:04:49,267 [main] INFO  algorithms.ContainerPlacementPolicyFactory (ContainerPlacementPolicyFactory.java:getPolicyInternal(86)) - Create container placement policy of type org.apache.hadoop.hdds.scm.container.placement.algorithms.SCMContainerPlacementRackScatter
2024-02-06 10:04:49,267 [main] INFO  pipeline.PipelineStateManagerImpl (PipelineStateManagerImpl.java:initialize(78)) - No pipeline exists in current db
2024-02-06 10:04:49,267 [main] INFO  algorithms.LeaderChoosePolicyFactory (LeaderChoosePolicyFactory.java:getPolicy(57)) - Create leader choose policy of type org.apache.hadoop.hdds.scm.pipeline.leader.choose.algorithms.MinLeaderCountChoosePolicy
2024-02-06 10:04:49,267 [main] INFO  algorithms.ContainerPlacementPolicyFactory (ContainerPlacementPolicyFactory.java:getPolicyInternal(86)) - Create container placement policy of type org.apache.hadoop.hdds.scm.container.placement.algorithms.SCMContainerPlacementRackScatter
2024-02-06 10:04:49,267 [main] INFO  ha.SCMServiceManager (SCMServiceManager.java:register(42)) - Registering service BackgroundPipelineCreator.
2024-02-06 10:04:49,267 [main] INFO  pipeline.BackgroundPipelineCreator (BackgroundPipelineCreator.java:start(127)) - Starting RatisPipelineUtilsThread.
2024-02-06 10:04:49,268 [main] INFO  BackgroundPipelineScrubber (BackgroundSCMService.java:start(65)) - Starting BackgroundPipelineScrubber Service.
2024-02-06 10:04:49,268 [main] INFO  ha.SCMServiceManager (SCMServiceManager.java:register(42)) - Registering service BackgroundPipelineScrubber.
2024-02-06 10:04:49,268 [main] INFO  ExpiredContainerReplicaOpScrubber (BackgroundSCMService.java:start(65)) - Starting ExpiredContainerReplicaOpScrubber Service.
2024-02-06 10:04:49,268 [main] INFO  ha.SCMServiceManager (SCMServiceManager.java:register(42)) - Registering service ExpiredContainerReplicaOpScrubber.
2024-02-06 10:04:49,269 [main] INFO  algorithms.PipelineChoosePolicyFactory (PipelineChoosePolicyFactory.java:createPipelineChoosePolicyFromClass(80)) - Create pipeline choose policy of type org.apache.hadoop.hdds.scm.pipeline.choose.algorithms.RandomPipelineChoosePolicy
2024-02-06 10:04:49,269 [main] INFO  algorithms.PipelineChoosePolicyFactory (PipelineChoosePolicyFactory.java:createPipelineChoosePolicyFromClass(80)) - Create pipeline choose policy of type org.apache.hadoop.hdds.scm.pipeline.choose.algorithms.RandomPipelineChoosePolicy
2024-02-06 10:04:49,269 [main] INFO  ha.SCMServiceManager (SCMServiceManager.java:register(42)) - Registering service SCMBlockDeletingService.
2024-02-06 10:04:49,270 [main] INFO  replication.ReplicationManager (ReplicationManager.java:start(295)) - Starting Replication Monitor Thread.
2024-02-06 10:04:49,271 [main] INFO  ha.SCMServiceManager (SCMServiceManager.java:register(42)) - Registering service ReplicationManager.
2024-02-06 10:04:49,271 [main] INFO  safemode.ContainerSafeModeRule (ContainerSafeModeRule.java:<init>(91)) - containers with one replica threshold count 0
2024-02-06 10:04:49,271 [main] INFO  safemode.HealthyPipelineSafeModeRule (HealthyPipelineSafeModeRule.java:initializeRule(176)) - Total pipeline count is 0, healthy pipeline threshold count is 1
2024-02-06 10:04:49,272 [main] INFO  safemode.OneReplicaPipelineSafeModeRule (OneReplicaPipelineSafeModeRule.java:initializeRule(193)) - Total pipeline count is 0, pipeline's with at least one datanode reported threshold count is 0
2024-02-06 10:04:49,272 [main] INFO  server.StorageContainerManager (StorageContainerManager.java:<init>(440)) - SCM start with adminUsers: [runner]
2024-02-06 10:04:49,272 [main] INFO  ipc.CallQueueManager (CallQueueManager.java:<init>(90)) - Using callQueue: class java.util.concurrent.LinkedBlockingQueue, queueCapacity: 10000, scheduler: class org.apache.hadoop.ipc.DefaultRpcScheduler, ipcBackoff: false.
2024-02-06 10:04:49,273 [main] INFO  ipc.Server (Server.java:<init>(1287)) - Listener at 0.0.0.0:15447
2024-02-06 10:04:49,273 [Socket Reader #1 for port 15447] INFO  ipc.Server (Server.java:run(1323)) - Starting Socket Reader #1 for port 15447
2024-02-06 10:04:49,273 [ReplicationMonitor] INFO  replication.ReplicationManager (ReplicationManager.java:processAll(370)) - Replication Manager is not ready to run until 3000ms after safemode exit
2024-02-06 10:04:49,274 [main] INFO  ipc.CallQueueManager (CallQueueManager.java:<init>(90)) - Using callQueue: class java.util.concurrent.LinkedBlockingQueue, queueCapacity: 10000, scheduler: class org.apache.hadoop.ipc.DefaultRpcScheduler, ipcBackoff: false.
2024-02-06 10:04:49,274 [main] INFO  ipc.Server (Server.java:<init>(1287)) - Listener at 0.0.0.0:15446
2024-02-06 10:04:49,275 [Socket Reader #1 for port 15446] INFO  ipc.Server (Server.java:run(1323)) - Starting Socket Reader #1 for port 15446
2024-02-06 10:04:49,275 [main] INFO  ipc.CallQueueManager (CallQueueManager.java:<init>(90)) - Using callQueue: class java.util.concurrent.LinkedBlockingQueue, queueCapacity: 10000, scheduler: class org.apache.hadoop.ipc.DefaultRpcScheduler, ipcBackoff: false.
2024-02-06 10:04:49,275 [main] INFO  ipc.Server (Server.java:<init>(1287)) - Listener at 0.0.0.0:15445
2024-02-06 10:04:49,275 [Socket Reader #1 for port 15445] INFO  ipc.Server (Server.java:run(1323)) - Starting Socket Reader #1 for port 15445
2024-02-06 10:04:49,278 [main] INFO  ha.SCMServiceManager (SCMServiceManager.java:register(42)) - Registering service ContainerBalancer.
2024-02-06 10:04:49,278 [main] INFO  ha.SCMContext (SCMContext.java:updateSafeModeStatus(225)) - Update SafeModeStatus from SafeModeStatus{safeModeStatus=true, preCheckPassed=false} to SafeModeStatus{safeModeStatus=true, preCheckPassed=false}.
2024-02-06 10:04:49,278 [main] INFO  server.StorageContainerManager (StorageContainerManager.java:start(1545)) - StorageContainerLocationProtocol RPC server is listening at /0.0.0.0:15445
2024-02-06 10:04:49,279 [main] WARN  impl.MetricsConfig (MetricsConfig.java:loadFirst(136)) - Cannot locate configuration: tried hadoop-metrics2-storagecontainermanager.properties,hadoop-metrics2.properties
2024-02-06 10:04:49,280 [main] INFO  impl.MetricsSystemImpl (MetricsSystemImpl.java:startTimer(378)) - Scheduled Metric snapshot period at 10 second(s).
2024-02-06 10:04:49,280 [main] INFO  impl.MetricsSystemImpl (MetricsSystemImpl.java:start(191)) - StorageContainerManager metrics system started
2024-02-06 10:04:49,293 [main] INFO  impl.MetricsSinkAdapter (MetricsSinkAdapter.java:start(204)) - Sink prometheus started
2024-02-06 10:04:49,293 [main] INFO  impl.MetricsSystemImpl (MetricsSystemImpl.java:registerSink(305)) - Registered sink prometheus
2024-02-06 10:04:49,305 [main] INFO  server.SCMClientProtocolServer (SCMClientProtocolServer.java:start(203)) - RPC server for Client  is listening at /0.0.0.0:15445
2024-02-06 10:04:49,306 [IPC Server Responder] INFO  ipc.Server (Server.java:run(1562)) - IPC Server Responder: starting
2024-02-06 10:04:49,306 [IPC Server listener on 15445] INFO  ipc.Server (Server.java:run(1402)) - IPC Server listener on 15445: starting
2024-02-06 10:04:49,312 [main] INFO  server.StorageContainerManager (StorageContainerManager.java:start(1558)) - ScmBlockLocationProtocol RPC server is listening at /0.0.0.0:15446
2024-02-06 10:04:49,312 [main] INFO  server.SCMBlockProtocolServer (SCMBlockProtocolServer.java:start(160)) - RPC server for Block Protocol is listening at /0.0.0.0:15446
2024-02-06 10:04:49,312 [IPC Server Responder] INFO  ipc.Server (Server.java:run(1562)) - IPC Server Responder: starting
2024-02-06 10:04:49,312 [IPC Server listener on 15446] INFO  ipc.Server (Server.java:run(1402)) - IPC Server listener on 15446: starting
2024-02-06 10:04:49,318 [main] INFO  server.SCMDatanodeProtocolServer (SCMDatanodeProtocolServer.java:start(194)) - ScmDatanodeProtocol RPC server for DataNodes is listening at /0.0.0.0:15447
2024-02-06 10:04:49,318 [IPC Server Responder] INFO  ipc.Server (Server.java:run(1562)) - IPC Server Responder: starting
2024-02-06 10:04:49,319 [IPC Server listener on 15447] INFO  ipc.Server (Server.java:run(1402)) - IPC Server listener on 15447: starting
2024-02-06 10:04:49,325 [JvmPauseMonitor55] INFO  util.JvmPauseMonitor (JvmPauseMonitor.java:run(146)) - JvmPauseMonitor-cc01fc0e-9574-4d8f-bf07-d624eed7f573: Started
2024-02-06 10:04:49,325 [main] INFO  http.BaseHttpServer (BaseHttpServer.java:newHttpServer2BuilderForOzone(223)) - Starting Web-server for scm at: http://0.0.0.0:15448
2024-02-06 10:04:49,325 [main] INFO  http.BaseHttpServer (BaseHttpServer.java:<init>(110)) - Hadoop Security Enabled: false Ozone Security Enabled: false Ozone HTTP Security Enabled: false 
2024-02-06 10:04:49,326 [main] WARN  server.AuthenticationFilter (AuthenticationFilter.java:constructSecretProvider(240)) - Unable to initialize FileSignerSecretProvider, falling back to use random secrets. Reason: Could not read signature secret file: /home/runner/hadoop-http-auth-signature-secret
2024-02-06 10:04:49,327 [main] INFO  http.HttpRequestLog (HttpRequestLog.java:getRequestLog(86)) - Http request log for http.requests.scm is not defined
2024-02-06 10:04:49,327 [main] INFO  http.HttpServer2 (HttpServer2.java:addGlobalFilter(1036)) - Added global filter 'safety' (class=org.apache.hadoop.hdds.server.http.HttpServer2$QuotingInputFilter)
2024-02-06 10:04:49,327 [main] INFO  http.HttpServer2 (HttpServer2.java:addFilter(1012)) - Added filter static_user_filter (class=org.apache.hadoop.http.lib.StaticUserWebFilter$StaticUserFilter) to context scm
2024-02-06 10:04:49,328 [main] INFO  http.HttpServer2 (HttpServer2.java:addFilter(1020)) - Added filter static_user_filter (class=org.apache.hadoop.http.lib.StaticUserWebFilter$StaticUserFilter) to context logs
2024-02-06 10:04:49,328 [main] INFO  http.HttpServer2 (HttpServer2.java:addFilter(1020)) - Added filter static_user_filter (class=org.apache.hadoop.http.lib.StaticUserWebFilter$StaticUserFilter) to context static
2024-02-06 10:04:49,328 [main] INFO  http.BaseHttpServer (BaseHttpServer.java:<init>(189)) - HTTP server of scm uses base directory /home/runner/work/ozone/ozone/hadoop-ozone/integration-test/target/test-dir/MiniOzoneClusterImpl-5d1c2165-a83d-4eb5-a2bf-ae35b2f22424/ozone-meta/webserver
2024-02-06 10:04:49,328 [main] INFO  http.HttpServer2 (HttpServer2.java:bindListener(1236)) - Jetty bound to port 15448
2024-02-06 10:04:49,328 [main] INFO  server.Server (Server.java:doStart(375)) - jetty-9.4.53.v20231009; built: 2023-10-09T12:29:09.265Z; git: 27bde00a0b95a1d5bbee0eae7984f891d2d0f8c9; jvm 1.8.0_402-b06
2024-02-06 10:04:49,329 [main] INFO  server.session (DefaultSessionIdManager.java:doStart(334)) - DefaultSessionIdManager workerName=node0
2024-02-06 10:04:49,329 [main] INFO  server.session (DefaultSessionIdManager.java:doStart(339)) - No SessionScavenger set, using defaults
2024-02-06 10:04:49,329 [main] INFO  server.session (HouseKeeper.java:startScavenging(132)) - node0 Scavenging every 600000ms
2024-02-06 10:04:49,330 [main] INFO  handler.ContextHandler (ContextHandler.java:doStart(921)) - Started o.e.j.s.ServletContextHandler@4b2faf08{logs,/logs,file:///home/runner/work/ozone/ozone/hadoop-ozone/integration-test/target/log,AVAILABLE}
2024-02-06 10:04:49,330 [main] INFO  handler.ContextHandler (ContextHandler.java:doStart(921)) - Started o.e.j.s.ServletContextHandler@2fca2914{static,/static,file:///home/runner/work/ozone/ozone/hadoop-ozone/integration-test/target/test-classes/webapps/static,AVAILABLE}
2024-02-06 10:04:49,332 [main] INFO  handler.ContextHandler (ContextHandler.java:doStart(921)) - Started o.e.j.w.WebAppContext@10641ce9{scm,/,file:///home/runner/work/ozone/ozone/hadoop-ozone/integration-test/target/test-classes/webapps/scm/,AVAILABLE}{file:/home/runner/work/ozone/ozone/hadoop-ozone/integration-test/target/test-classes/webapps/scm}
2024-02-06 10:04:49,332 [main] INFO  server.AbstractConnector (AbstractConnector.java:doStart(333)) - Started ServerConnector@5fd1a6aa{HTTP/1.1, (http/1.1)}{0.0.0.0:15448}
2024-02-06 10:04:49,332 [main] INFO  server.Server (Server.java:doStart(415)) - Started @171381ms
2024-02-06 10:04:49,332 [main] WARN  impl.MetricsSystemImpl (MetricsSystemImpl.java:register(279)) - Sink prometheus already exists!
2024-02-06 10:04:49,333 [main] INFO  http.BaseHttpServer (BaseHttpServer.java:updateConnectorAddress(354)) - HTTP server of scm listening at http://0.0.0.0:15448
2024-02-06 10:04:49,333 [main] WARN  server.ServerUtils (ServerUtils.java:getDBPath(299)) - ozone.om.db.dirs is not configured. We recommend adding this setting. Falling back to ozone.metadata.dirs instead.
2024-02-06 10:04:49,334 [main] INFO  ha.OMHANodeDetails (OMHANodeDetails.java:loadOMHAConfig(115)) - ozone.om.internal.service.id is not defined, falling back to ozone.om.service.ids to find serviceID for OzoneManager if it is HA enabled cluster
2024-02-06 10:04:49,334 [main] INFO  ha.OMHANodeDetails (OMHANodeDetails.java:loadOMHAConfig(226)) - Configuration does not have ozone.om.address set. Falling back to the default OM address /127.0.0.1:15449
2024-02-06 10:04:49,335 [main] INFO  ha.OMHANodeDetails (OMHANodeDetails.java:getOMNodeDetailsForNonHA(254)) - OM Service ID is not set. Setting it to the default ID: omServiceIdDefault
2024-02-06 10:04:49,335 [main] INFO  ha.OMHANodeDetails (OMHANodeDetails.java:getOMNodeDetailsForNonHA(261)) - OM Node ID is not set. Setting it to the default ID: om1
2024-02-06 10:04:49,335 [main] WARN  server.ServerUtils (ServerUtils.java:getDBPath(299)) - ozone.om.db.dirs is not configured. We recommend adding this setting. Falling back to ozone.metadata.dirs instead.
2024-02-06 10:04:49,335 [main] INFO  upgrade.AbstractLayoutVersionManager (AbstractLayoutVersionManager.java:init(83)) - Initializing Layout version manager with metadata layout = QUOTA (version = 6), software layout = QUOTA (version = 6)
2024-02-06 10:04:49,367 [main] INFO  upgrade.OMLayoutVersionManager (OMLayoutVersionManager.java:lambda$0(113)) - Skipping Upgrade Action QuotaRepairUpgradeAction since it has been finalized.
2024-02-06 10:04:49,367 [main] INFO  upgrade.OMLayoutVersionManager (OMLayoutVersionManager.java:lambda$0(113)) - Skipping Upgrade Action MockOmUpgradeAction since it has been finalized.
2024-02-06 10:04:49,368 [main] WARN  server.ServerUtils (ServerUtils.java:getDBPath(299)) - ozone.om.db.dirs is not configured. We recommend adding this setting. Falling back to ozone.metadata.dirs instead.
2024-02-06 10:04:49,368 [main] INFO  proxy.SCMBlockLocationFailoverProxyProvider (SCMBlockLocationFailoverProxyProvider.java:<init>(115)) - Created block location fail-over proxy with 1 nodes: [nodeId=scmNodeId,nodeAddress=/0.0.0.0:15446]
2024-02-06 10:04:49,369 [main] INFO  proxy.SCMBlockLocationFailoverProxyProvider (SCMBlockLocationFailoverProxyProvider.java:<init>(115)) - Created block location fail-over proxy with 1 nodes: [nodeId=scmNodeId,nodeAddress=/0.0.0.0:15446]
2024-02-06 10:04:49,373 [main] INFO  om.OzoneManager (OzoneManager.java:<init>(673)) - OM start with adminUsers: [runner]
2024-02-06 10:04:49,374 [main] WARN  server.ServerUtils (ServerUtils.java:getDBPath(299)) - ozone.om.db.dirs is not configured. We recommend adding this setting. Falling back to ozone.metadata.dirs instead.
2024-02-06 10:04:49,374 [main] INFO  helpers.OmKeyInfo (OmKeyInfo.java:getCodec(71)) - OmKeyInfo.getCodec ignorePipeline = true
2024-02-06 10:04:49,516 [main] INFO  om.OzoneManager (OzoneManager.java:instantiateServices(805)) - S3 Multi-Tenancy is disabled
2024-02-06 10:04:49,516 [main] INFO  om.OmSnapshotManager (OmSnapshotManager.java:<init>(176)) - Ozone filesystem snapshot feature is enabled.
2024-02-06 10:04:49,517 [main] WARN  server.ServerUtils (ServerUtils.java:getDBPath(299)) - ozone.om.snapshot.diff.db.dir is not configured. We recommend adding this setting. Falling back to ozone.metadata.dirs instead.
2024-02-06 10:04:49,530 [main] INFO  utils.NativeLibraryLoader (NativeLibraryLoader.java:loadLibrary(108)) - Loading Library: ozone_rocksdb_tools
2024-02-06 10:04:49,531 [main] INFO  snapshot.SnapshotDiffManager (SnapshotDiffManager.java:closeExecutorService(1688)) - Shutting down executorService: 'SstDumpToolExecutor'
2024-02-06 10:04:49,533 [main] INFO  om.OzoneManager (OzoneManager.java:addS3GVolumeToDB(4429)) - Created Volume s3v With Owner runner required for S3Gateway operations.
2024-02-06 10:04:49,533 [main] WARN  server.ServerUtils (ServerUtils.java:getDefaultRatisDirectory(311)) - Storage directory for Ratis is not configured. It is a good idea to map this to an SSD disk. Falling back to ozone.metadata.dirs
2024-02-06 10:04:49,533 [main] WARN  utils.OzoneManagerRatisUtils (OzoneManagerRatisUtils.java:getOMRatisSnapshotDirectory(473)) - ozone.om.ratis.snapshot.dir is not configured. Falling back to ozone.metadata.dirs config
2024-02-06 10:04:49,533 [main] WARN  server.ServerUtils (ServerUtils.java:getDefaultRatisDirectory(311)) - Storage directory for Ratis is not configured. It is a good idea to map this to an SSD disk. Falling back to ozone.metadata.dirs
2024-02-06 10:04:49,534 [main] INFO  ratis.OzoneManagerRatisServer (OzoneManagerRatisServer.java:<init>(167)) - Instantiating OM Ratis server with groupID: omServiceIdDefault and peers: localhost:15452
2024-02-06 10:04:49,534 [main] INFO  ratis.OzoneManagerStateMachine (OzoneManagerStateMachine.java:loadSnapshotInfoFromDB(576)) - TransactionInfo not found in OM DB.
2024-02-06 10:04:49,535 [main] INFO  server.RaftServer (ConfUtils.java:logGet(46)) - raft.rpc.type = GRPC (default)
2024-02-06 10:04:49,535 [main] INFO  grpc.GrpcConfigKeys (ConfUtils.java:logFallback(53)) - raft.grpc.admin.host = null (fallback to raft.grpc.server.host)
2024-02-06 10:04:49,535 [main] INFO  grpc.GrpcConfigKeys (ConfUtils.java:logFallback(53)) - raft.grpc.admin.port = 15452 (fallback to raft.grpc.server.port)
2024-02-06 10:04:49,535 [main] INFO  grpc.GrpcConfigKeys (ConfUtils.java:logFallback(53)) - raft.grpc.client.host = null (fallback to raft.grpc.server.host)
2024-02-06 10:04:49,535 [main] INFO  grpc.GrpcConfigKeys (ConfUtils.java:logFallback(53)) - raft.grpc.client.port = 15452 (fallback to raft.grpc.server.port)
2024-02-06 10:04:49,535 [main] INFO  grpc.GrpcConfigKeys (ConfUtils.java:logGet(46)) - raft.grpc.server.host = null (default)
2024-02-06 10:04:49,536 [main] INFO  grpc.GrpcConfigKeys (ConfUtils.java:logGet(46)) - raft.grpc.server.port = 15452 (custom)
2024-02-06 10:04:49,536 [main] INFO  server.GrpcService (ConfUtils.java:logGet(46)) - raft.grpc.message.size.max = 4194304 (custom)
2024-02-06 10:04:49,536 [main] INFO  server.RaftServerConfigKeys (ConfUtils.java:logGet(46)) - raft.server.log.appender.buffer.byte-limit = 4194304 (custom)
2024-02-06 10:04:49,536 [main] INFO  server.GrpcService (ConfUtils.java:logGet(46)) - raft.grpc.flow.control.window = 1MB (=1048576) (default)
2024-02-06 10:04:49,536 [main] INFO  server.RaftServerConfigKeys (ConfUtils.java:logGet(46)) - raft.server.rpc.request.timeout = 3000ms (default)
2024-02-06 10:04:49,536 [main] INFO  grpc.GrpcConfigKeys (ConfUtils.java:logGet(46)) - raft.grpc.server.heartbeat.channel = true (default)
2024-02-06 10:04:49,536 [main] INFO  grpc.GrpcConfigKeys (ConfUtils.java:logGet(46)) - raft.grpc.server.async.request.thread.pool.cached = true (default)
2024-02-06 10:04:49,536 [main] INFO  grpc.GrpcConfigKeys (ConfUtils.java:logGet(46)) - raft.grpc.server.async.request.thread.pool.size = 32 (default)
2024-02-06 10:04:49,537 [main] INFO  impl.DataStreamServerImpl (ConfUtils.java:logGet(46)) - raft.datastream.type = DISABLED (default)
2024-02-06 10:04:49,538 [main] INFO  server.RaftServerConfigKeys (ConfUtils.java:logGet(46)) - raft.server.sleep.deviation.threshold = 300ms (default)
2024-02-06 10:04:49,538 [main] INFO  server.RaftServerConfigKeys (ConfUtils.java:logGet(46)) - raft.server.close.threshold = 60s (default)
2024-02-06 10:04:49,538 [main] INFO  server.RaftServerConfigKeys (ConfUtils.java:logGet(46)) - raft.server.leaderelection.leader.step-down.wait-time = 10s (default)
2024-02-06 10:04:49,538 [main] INFO  server.RaftServerConfigKeys (ConfUtils.java:logGet(46)) - raft.server.storage.dir = [/home/runner/work/ozone/ozone/hadoop-ozone/integration-test/target/test-dir/MiniOzoneClusterImpl-5d1c2165-a83d-4eb5-a2bf-ae35b2f22424/ozone-meta/ratis] (custom)
2024-02-06 10:04:49,538 [main] INFO  server.RaftServerConfigKeys (ConfUtils.java:logGet(46)) - raft.server.threadpool.proxy.cached = true (default)
2024-02-06 10:04:49,538 [main] INFO  server.RaftServerConfigKeys (ConfUtils.java:logGet(46)) - raft.server.threadpool.proxy.size = 0 (default)
2024-02-06 10:04:49,539 [main] INFO  server.RaftServer (RaftServerProxy.java:addNew(100)) - om1: addNew group-C5BA1605619E:[om1|localhost:15452] returns group-C5BA1605619E:java.util.concurrent.CompletableFuture@5b710ce5[Not completed]
2024-02-06 10:04:49,539 [om1-groupManagement] INFO  server.RaftServer$Division (RaftServerImpl.java:<init>(256)) - om1: new RaftServerImpl for group-C5BA1605619E:[om1|localhost:15452] with OzoneManagerStateMachine:uninitialized
2024-02-06 10:04:49,539 [main] INFO  om.OzoneManager (OzoneManager.java:initializeRatisServer(2141)) - OzoneManager Ratis server initialized at port 15452
2024-02-06 10:04:49,539 [om1-groupManagement] INFO  server.RaftServerConfigKeys (ConfUtils.java:logGet(46)) - raft.server.rpc.timeout.min = 1s (custom)
2024-02-06 10:04:49,539 [main] INFO  om.OzoneManager (OzoneManager.java:getRpcServer(1207)) - Creating RPC Server
2024-02-06 10:04:49,539 [om1-groupManagement] INFO  server.RaftServerConfigKeys (ConfUtils.java:logGet(46)) - raft.server.rpc.timeout.max = 1200ms (custom)
2024-02-06 10:04:49,539 [om1-groupManagement] INFO  server.RaftServerConfigKeys (ConfUtils.java:logGet(46)) - raft.server.rpc.sleep.time = 25ms (default)
2024-02-06 10:04:49,539 [om1-groupManagement] INFO  server.RaftServerConfigKeys (ConfUtils.java:logGet(46)) - raft.server.rpc.slowness.timeout = 120s (custom)
2024-02-06 10:04:49,539 [om1-groupManagement] INFO  server.RaftServerConfigKeys (ConfUtils.java:logGet(46)) - raft.server.leaderelection.leader.step-down.wait-time = 10s (default)
2024-02-06 10:04:49,539 [om1-groupManagement] INFO  server.RaftServerConfigKeys (ConfUtils.java:logGet(46)) - raft.server.leaderelection.member.majority-add = false (default)
2024-02-06 10:04:49,540 [om1-groupManagement] INFO  server.RaftServerConfigKeys (ConfUtils.java:logGet(46)) - raft.server.sleep.deviation.threshold = 300ms (default)
2024-02-06 10:04:49,540 [om1-groupManagement] INFO  server.RaftServer$Division (ServerState.java:<init>(113)) - om1@group-C5BA1605619E: ConfigurationManager, init=-1: peers:[om1|localhost:15452]|listeners:[], old=null, confs=<EMPTY_MAP>
2024-02-06 10:04:49,540 [om1-groupManagement] INFO  server.RaftServerConfigKeys (ConfUtils.java:logGet(46)) - raft.server.notification.no-leader.timeout = 120s (custom)
2024-02-06 10:04:49,540 [om1-groupManagement] INFO  server.RaftServerConfigKeys (ConfUtils.java:logGet(46)) - raft.server.read.timeout = 10s (default)
2024-02-06 10:04:49,540 [om1-groupManagement] INFO  server.RaftServerConfigKeys (ConfUtils.java:logGet(46)) - raft.server.retrycache.expirytime = 300s (custom)
2024-02-06 10:04:49,540 [om1-groupManagement] INFO  server.RaftServerConfigKeys (ConfUtils.java:logGet(46)) - raft.server.retrycache.statistics.expirytime = 100ms (default)
2024-02-06 10:04:49,540 [om1-groupManagement] INFO  server.RaftServerConfigKeys (ConfUtils.java:logGet(46)) - raft.server.read.option = DEFAULT (default)
2024-02-06 10:04:49,540 [om1-groupManagement] INFO  server.RaftServerConfigKeys (ConfUtils.java:logGet(46)) - raft.server.read.read-after-write-consistent.write-index-cache.expiry-time = 60s (default)
2024-02-06 10:04:49,541 [om1-groupManagement] INFO  server.RaftServerConfigKeys (ConfUtils.java:logGet(46)) - raft.server.rpc.request.timeout = 3000ms (default)
2024-02-06 10:04:49,541 [om1-groupManagement] INFO  server.RaftServerConfigKeys (ConfUtils.java:logGet(46)) - raft.server.log.appender.install.snapshot.enabled = false (custom)
2024-02-06 10:04:49,541 [om1-groupManagement] INFO  server.RaftServerConfigKeys (ConfUtils.java:logGet(46)) - raft.server.threadpool.server.cached = true (default)
2024-02-06 10:04:49,541 [om1-groupManagement] INFO  server.RaftServerConfigKeys (ConfUtils.java:logGet(46)) - raft.server.threadpool.server.size = 0 (default)
2024-02-06 10:04:49,541 [om1-groupManagement] INFO  server.RaftServerConfigKeys (ConfUtils.java:logGet(46)) - raft.server.threadpool.client.cached = true (default)
2024-02-06 10:04:49,541 [om1-groupManagement] INFO  server.RaftServerConfigKeys (ConfUtils.java:logGet(46)) - raft.server.threadpool.client.size = 0 (default)
2024-02-06 10:04:49,720 [main] INFO  ipc.CallQueueManager (CallQueueManager.java:<init>(90)) - Using callQueue: class java.util.concurrent.LinkedBlockingQueue, queueCapacity: 2000, scheduler: class org.apache.hadoop.ipc.DefaultRpcScheduler, ipcBackoff: false.
2024-02-06 10:04:49,721 [main] INFO  ipc.Server (Server.java:<init>(1287)) - Listener at 127.0.0.1:15449
2024-02-06 10:04:49,721 [Socket Reader #1 for port 15449] INFO  ipc.Server (Server.java:run(1323)) - Starting Socket Reader #1 for port 15449
2024-02-06 10:04:49,735 [main] INFO  impl.MetricsSystemImpl (MetricsSystemImpl.java:init(158)) - OzoneManager metrics system started (again)
2024-02-06 10:04:49,741 [main] INFO  om.OzoneManager (OzoneManager.java:start(1629)) - OzoneManager RPC server is listening at localhost/127.0.0.1:15449
2024-02-06 10:04:49,742 [main] INFO  ratis.OzoneManagerRatisServer (OzoneManagerRatisServer.java:start(588)) - Starting OzoneManagerRatisServer om1 at port 15452
2024-02-06 10:04:49,742 [om1-impl-thread1] INFO  server.RaftServerConfigKeys (ConfUtils.java:logGet(46)) - raft.server.storage.free-space.min = 0MB (=0) (default)
2024-02-06 10:04:49,742 [om1-impl-thread1] INFO  server.RaftServerConfigKeys (ConfUtils.java:logGet(46)) - raft.server.log.corruption.policy = EXCEPTION (default)
2024-02-06 10:04:49,742 [om1-impl-thread1] INFO  server.RaftServerConfigKeys (ConfUtils.java:logGet(46)) - raft.server.storage.dir = [/home/runner/work/ozone/ozone/hadoop-ozone/integration-test/target/test-dir/MiniOzoneClusterImpl-5d1c2165-a83d-4eb5-a2bf-ae35b2f22424/ozone-meta/ratis] (custom)
2024-02-06 10:04:49,742 [om1-impl-thread1] INFO  storage.RaftStorageDirectory (RaftStorageDirectoryImpl.java:analyzeStorage(138)) - The storage directory /home/runner/work/ozone/ozone/hadoop-ozone/integration-test/target/test-dir/MiniOzoneClusterImpl-5d1c2165-a83d-4eb5-a2bf-ae35b2f22424/ozone-meta/ratis/bf265839-605b-3f16-9796-c5ba1605619e does not exist. Creating ...
2024-02-06 10:04:49,743 [om1-impl-thread1] INFO  storage.RaftStorageDirectory (RaftStorageDirectoryImpl.java:tryLock(228)) - Lock on /home/runner/work/ozone/ozone/hadoop-ozone/integration-test/target/test-dir/MiniOzoneClusterImpl-5d1c2165-a83d-4eb5-a2bf-ae35b2f22424/ozone-meta/ratis/bf265839-605b-3f16-9796-c5ba1605619e/in_use.lock acquired by nodename 37157@fv-az776-296
2024-02-06 10:04:49,744 [om1-impl-thread1] INFO  storage.RaftStorage (RaftStorageImpl.java:format(99)) - Storage directory /home/runner/work/ozone/ozone/hadoop-ozone/integration-test/target/test-dir/MiniOzoneClusterImpl-5d1c2165-a83d-4eb5-a2bf-ae35b2f22424/ozone-meta/ratis/bf265839-605b-3f16-9796-c5ba1605619e has been successfully formatted.
2024-02-06 10:04:49,744 [om1-impl-thread1] WARN  util.FileUtils (LogUtils.java:supplyAndLog(63)) - Failed to Files.newInputStream /home/runner/work/ozone/ozone/hadoop-ozone/integration-test/target/test-dir/MiniOzoneClusterImpl-5d1c2165-a83d-4eb5-a2bf-ae35b2f22424/ozone-meta/ratis/bf265839-605b-3f16-9796-c5ba1605619e/current/raft-meta.conf with options []: java.nio.file.NoSuchFileException: /home/runner/work/ozone/ozone/hadoop-ozone/integration-test/target/test-dir/MiniOzoneClusterImpl-5d1c2165-a83d-4eb5-a2bf-ae35b2f22424/ozone-meta/ratis/bf265839-605b-3f16-9796-c5ba1605619e/current/raft-meta.conf
2024-02-06 10:04:49,744 [om1-impl-thread1] INFO  server.RaftServerConfigKeys (ConfUtils.java:logGet(46)) - raft.server.log.use.memory = false (default)
2024-02-06 10:04:49,744 [om1-impl-thread1] INFO  server.RaftServerConfigKeys (ConfUtils.java:logGet(46)) - raft.server.log.purge.gap = 1000000 (custom)
2024-02-06 10:04:49,744 [om1-impl-thread1] INFO  server.RaftServerConfigKeys (ConfUtils.java:logGet(46)) - raft.server.log.appender.buffer.byte-limit = 4194304 (custom)
2024-02-06 10:04:49,745 [om1-impl-thread1] INFO  server.RaftServerConfigKeys (ConfUtils.java:logGet(46)) - raft.server.log.statemachine.data.read.timeout = 1000ms (default)
2024-02-06 10:04:49,745 [om1-impl-thread1] INFO  server.RaftServerConfigKeys (ConfUtils.java:logGet(46)) - raft.server.log.purge.preservation.log.num = 0 (default)
2024-02-06 10:04:49,745 [om1-impl-thread1] INFO  server.RaftServerConfigKeys (ConfUtils.java:logGet(46)) - raft.server.log.segment.size.max = 4194304 (custom)
2024-02-06 10:04:49,745 [om1-impl-thread1] INFO  server.RaftServerConfigKeys (ConfUtils.java:logGet(46)) - raft.server.log.segment.cache.num.max = 2 (custom)
2024-02-06 10:04:49,745 [om1-impl-thread1] INFO  server.RaftServerConfigKeys (ConfUtils.java:logGet(46)) - raft.server.log.segment.cache.size.max = 200MB (=209715200) (default)
2024-02-06 10:04:49,745 [om1-impl-thread1] INFO  server.RaftServerConfigKeys (ConfUtils.java:logGet(46)) - raft.server.log.appender.buffer.byte-limit = 4194304 (custom)
2024-02-06 10:04:49,745 [om1-impl-thread1] INFO  util.AwaitToRun (AwaitToRun.java:start(81)) - Thread[om1@group-C5BA1605619E-cacheEviction-AwaitToRun,5,main] started
2024-02-06 10:04:49,745 [om1-impl-thread1] INFO  segmented.SegmentedRaftLogWorker (SegmentedRaftLogWorker.java:<init>(182)) - new om1@group-C5BA1605619E-SegmentedRaftLogWorker for RaftStorageImpl:Storage Directory /home/runner/work/ozone/ozone/hadoop-ozone/integration-test/target/test-dir/MiniOzoneClusterImpl-5d1c2165-a83d-4eb5-a2bf-ae35b2f22424/ozone-meta/ratis/bf265839-605b-3f16-9796-c5ba1605619e
2024-02-06 10:04:49,745 [om1-impl-thread1] INFO  server.RaftServerConfigKeys (ConfUtils.java:logGet(46)) - raft.server.log.queue.byte-limit = 64MB (=67108864) (default)
2024-02-06 10:04:49,745 [om1-impl-thread1] INFO  server.RaftServerConfigKeys (ConfUtils.java:logGet(46)) - raft.server.log.queue.element-limit = 4096 (default)
2024-02-06 10:04:49,746 [om1-impl-thread1] INFO  server.RaftServerConfigKeys (ConfUtils.java:logGet(46)) - raft.server.log.segment.size.max = 4194304 (custom)
2024-02-06 10:04:49,746 [om1-impl-thread1] INFO  server.RaftServerConfigKeys (ConfUtils.java:logGet(46)) - raft.server.log.preallocated.size = 4194304 (custom)
2024-02-06 10:04:49,746 [om1-impl-thread1] INFO  server.RaftServerConfigKeys (ConfUtils.java:logGet(46)) - raft.server.log.force.sync.num = 128 (default)
2024-02-06 10:04:49,746 [om1-impl-thread1] INFO  server.RaftServerConfigKeys (ConfUtils.java:logGet(46)) - raft.server.log.statemachine.data.sync = true (default)
2024-02-06 10:04:49,746 [om1-impl-thread1] INFO  server.RaftServerConfigKeys (ConfUtils.java:logGet(46)) - raft.server.log.statemachine.data.sync.timeout = 10s (default)
2024-02-06 10:04:49,746 [om1-impl-thread1] INFO  server.RaftServerConfigKeys (ConfUtils.java:logGet(46)) - raft.server.log.statemachine.data.sync.timeout.retry = -1 (default)
2024-02-06 10:04:49,746 [om1-impl-thread1] INFO  server.RaftServerConfigKeys (ConfUtils.java:logGet(46)) - raft.server.log.write.buffer.size = 4194312 (custom)
2024-02-06 10:04:49,747 [om1-impl-thread1] INFO  server.RaftServerConfigKeys (ConfUtils.java:logGet(46)) - raft.server.log.appender.buffer.byte-limit = 4194304 (custom)
2024-02-06 10:04:49,747 [om1-impl-thread1] INFO  server.RaftServerConfigKeys (ConfUtils.java:logGet(46)) - raft.server.log.unsafe-flush.enabled = false (default)
2024-02-06 10:04:49,747 [om1-impl-thread1] INFO  server.RaftServerConfigKeys (ConfUtils.java:logGet(46)) - raft.server.log.async-flush.enabled = false (default)
2024-02-06 10:04:49,747 [om1-impl-thread1] INFO  server.RaftServerConfigKeys (ConfUtils.java:logGet(46)) - raft.server.log.statemachine.data.caching.enabled = false (default)
2024-02-06 10:04:49,747 [om1-impl-thread1] INFO  segmented.SegmentedRaftLogWorker (SegmentedRaftLogWorker.java:lambda$new$0(134)) - om1@group-C5BA1605619E-SegmentedRaftLogWorker: flushIndex: setUnconditionally 0 -> -1
2024-02-06 10:04:49,747 [om1-impl-thread1] INFO  segmented.SegmentedRaftLogWorker (SegmentedRaftLogWorker.java:lambda$new$0(134)) - om1@group-C5BA1605619E-SegmentedRaftLogWorker: safeCacheEvictIndex: setUnconditionally 0 -> -1
2024-02-06 10:04:49,747 [om1-impl-thread1] INFO  server.RaftServer$Division (RaftServerImpl.java:start(396)) - om1@group-C5BA1605619E: start as a follower, conf=-1: peers:[om1|localhost:15452]|listeners:[], old=null
2024-02-06 10:04:49,748 [om1-impl-thread1] INFO  server.RaftServer$Division (RaftServerImpl.java:setRole(383)) - om1@group-C5BA1605619E: changes role from      null to FOLLOWER at term 0 for startAsFollower
2024-02-06 10:04:49,748 [om1-impl-thread1] INFO  impl.RoleInfo (RoleInfo.java:updateAndGet(139)) - om1: start om1@group-C5BA1605619E-FollowerState
2024-02-06 10:04:49,748 [om1@group-C5BA1605619E-FollowerState] INFO  server.RaftServerConfigKeys (ConfUtils.java:logFallback(53)) - raft.server.rpc.first-election.timeout.min = 1s (fallback to raft.server.rpc.timeout.min)
2024-02-06 10:04:49,748 [om1-impl-thread1] INFO  util.JmxRegister (JmxRegister.java:tryRegister(44)) - Successfully registered JMX Bean with object name Ratis:service=RaftServer,group=group-C5BA1605619E,id=om1
2024-02-06 10:04:49,748 [om1@group-C5BA1605619E-FollowerState] INFO  server.RaftServerConfigKeys (ConfUtils.java:logFallback(53)) - raft.server.rpc.first-election.timeout.max = 1200ms (fallback to raft.server.rpc.timeout.max)
2024-02-06 10:04:49,748 [om1-impl-thread1] INFO  server.RaftServerConfigKeys (ConfUtils.java:logGet(46)) - raft.server.snapshot.trigger-when-stop.enabled = true (default)
2024-02-06 10:04:49,748 [om1-impl-thread1] INFO  server.RaftServerConfigKeys (ConfUtils.java:logGet(46)) - raft.server.snapshot.auto.trigger.enabled = true (custom)
2024-02-06 10:04:49,748 [om1-impl-thread1] INFO  server.RaftServerConfigKeys (ConfUtils.java:logGet(46)) - raft.server.snapshot.auto.trigger.threshold = 400000 (default)
2024-02-06 10:04:49,748 [om1-impl-thread1] INFO  server.RaftServerConfigKeys (ConfUtils.java:logGet(46)) - raft.server.snapshot.retention.file.num = -1 (default)
2024-02-06 10:04:49,748 [om1-impl-thread1] INFO  server.RaftServerConfigKeys (ConfUtils.java:logGet(46)) - raft.server.log.purge.upto.snapshot.index = true (custom)
2024-02-06 10:04:49,749 [main] INFO  server.RaftServer (RaftServerProxy.java:startImpl(406)) - om1: start RPC server
2024-02-06 10:04:49,749 [main] INFO  server.GrpcService (GrpcService.java:startImpl(302)) - om1: GrpcService started, listening on 15452
2024-02-06 10:04:49,750 [JvmPauseMonitor56] INFO  util.JvmPauseMonitor (JvmPauseMonitor.java:run(146)) - JvmPauseMonitor-om1: Started
2024-02-06 10:04:49,750 [main] INFO  om.OzoneManager (OzoneManager.java:start(1645)) - Version File has different layout version (6) than OM DB (null). That is expected if this OM has never been finalized to a newer layout version.
2024-02-06 10:04:49,752 [main] INFO  http.BaseHttpServer (BaseHttpServer.java:newHttpServer2BuilderForOzone(223)) - Starting Web-server for ozoneManager at: http://0.0.0.0:15450
2024-02-06 10:04:49,752 [main] INFO  http.BaseHttpServer (BaseHttpServer.java:<init>(110)) - Hadoop Security Enabled: false Ozone Security Enabled: false Ozone HTTP Security Enabled: false 
2024-02-06 10:04:49,753 [main] WARN  server.AuthenticationFilter (AuthenticationFilter.java:constructSecretProvider(240)) - Unable to initialize FileSignerSecretProvider, falling back to use random secrets. Reason: Could not read signature secret file: /home/runner/hadoop-http-auth-signature-secret
2024-02-06 10:04:49,753 [main] INFO  http.HttpRequestLog (HttpRequestLog.java:getRequestLog(86)) - Http request log for http.requests.ozoneManager is not defined
2024-02-06 10:04:49,754 [main] INFO  http.HttpServer2 (HttpServer2.java:addGlobalFilter(1036)) - Added global filter 'safety' (class=org.apache.hadoop.hdds.server.http.HttpServer2$QuotingInputFilter)
2024-02-06 10:04:49,755 [main] INFO  http.HttpServer2 (HttpServer2.java:addFilter(1012)) - Added filter static_user_filter (class=org.apache.hadoop.http.lib.StaticUserWebFilter$StaticUserFilter) to context ozoneManager
2024-02-06 10:04:49,755 [main] INFO  http.HttpServer2 (HttpServer2.java:addFilter(1020)) - Added filter static_user_filter (class=org.apache.hadoop.http.lib.StaticUserWebFilter$StaticUserFilter) to context static
2024-02-06 10:04:49,755 [main] INFO  http.HttpServer2 (HttpServer2.java:addFilter(1020)) - Added filter static_user_filter (class=org.apache.hadoop.http.lib.StaticUserWebFilter$StaticUserFilter) to context logs
2024-02-06 10:04:49,755 [main] INFO  http.BaseHttpServer (BaseHttpServer.java:<init>(189)) - HTTP server of ozoneManager uses base directory /home/runner/work/ozone/ozone/hadoop-ozone/integration-test/target/test-dir/MiniOzoneClusterImpl-5d1c2165-a83d-4eb5-a2bf-ae35b2f22424/ozone-meta/webserver
2024-02-06 10:04:49,755 [main] INFO  http.HttpServer2 (HttpServer2.java:bindListener(1236)) - Jetty bound to port 15450
2024-02-06 10:04:49,756 [main] INFO  server.Server (Server.java:doStart(375)) - jetty-9.4.53.v20231009; built: 2023-10-09T12:29:09.265Z; git: 27bde00a0b95a1d5bbee0eae7984f891d2d0f8c9; jvm 1.8.0_402-b06
2024-02-06 10:04:49,756 [main] INFO  server.session (DefaultSessionIdManager.java:doStart(334)) - DefaultSessionIdManager workerName=node0
2024-02-06 10:04:49,756 [main] INFO  server.session (DefaultSessionIdManager.java:doStart(339)) - No SessionScavenger set, using defaults
2024-02-06 10:04:49,757 [main] INFO  server.session (HouseKeeper.java:startScavenging(132)) - node0 Scavenging every 600000ms
2024-02-06 10:04:49,757 [main] INFO  handler.ContextHandler (ContextHandler.java:doStart(921)) - Started o.e.j.s.ServletContextHandler@1906c92f{logs,/logs,file:///home/runner/work/ozone/ozone/hadoop-ozone/integration-test/target/log,AVAILABLE}
2024-02-06 10:04:49,757 [main] INFO  handler.ContextHandler (ContextHandler.java:doStart(921)) - Started o.e.j.s.ServletContextHandler@572ac798{static,/static,file:///home/runner/work/ozone/ozone/hadoop-ozone/integration-test/target/test-classes/webapps/static,AVAILABLE}
2024-02-06 10:04:49,759 [main] INFO  handler.ContextHandler (ContextHandler.java:doStart(921)) - Started o.e.j.w.WebAppContext@6f0d9606{ozoneManager,/,file:///home/runner/work/ozone/ozone/hadoop-ozone/integration-test/target/test-classes/webapps/ozoneManager/,AVAILABLE}{file:/home/runner/work/ozone/ozone/hadoop-ozone/integration-test/target/test-classes/webapps/ozoneManager}
2024-02-06 10:04:49,759 [main] INFO  server.AbstractConnector (AbstractConnector.java:doStart(333)) - Started ServerConnector@79b8aa20{HTTP/1.1, (http/1.1)}{0.0.0.0:15450}
2024-02-06 10:04:49,760 [main] INFO  server.Server (Server.java:doStart(415)) - Started @171809ms
2024-02-06 10:04:49,760 [main] WARN  impl.MetricsSystemImpl (MetricsSystemImpl.java:register(279)) - Sink prometheus already exists!
2024-02-06 10:04:49,760 [main] INFO  http.BaseHttpServer (BaseHttpServer.java:updateConnectorAddress(354)) - HTTP server of ozoneManager listening at http://0.0.0.0:15450
2024-02-06 10:04:49,765 [IPC Server Responder] INFO  ipc.Server (Server.java:run(1562)) - IPC Server Responder: starting
2024-02-06 10:04:49,765 [IPC Server listener on 15449] INFO  ipc.Server (Server.java:run(1402)) - IPC Server listener on 15449: starting
2024-02-06 10:04:49,775 [main] INFO  om.OzoneManager (OzoneManager.java:startTrashEmptier(2094)) - Trash Interval set to 0. Files deleted won't move to trash
2024-02-06 10:04:49,789 [main] WARN  dropwizard3.Dm3MetricRegistriesImpl (Dm3MetricRegistriesImpl.java:addReporterRegistration(113)) - New reporters are added after registries were created. Some metrics will be missing from the reporter. Please add reporter before adding any new registry.
2024-02-06 10:04:49,789 [main] WARN  dropwizard3.Dm3MetricRegistriesImpl (Dm3MetricRegistriesImpl.java:addReporterRegistration(113)) - New reporters are added after registries were created. Some metrics will be missing from the reporter. Please add reporter before adding any new registry.
2024-02-06 10:04:49,790 [main] INFO  impl.MetricsSystemImpl (MetricsSystemImpl.java:init(158)) - HddsDatanode metrics system started (again)
2024-02-06 10:04:49,798 [main] INFO  ozone.HddsDatanodeService (HddsDatanodeService.java:start(240)) - HddsDatanodeService host:fv-az776-296 ip:10.1.0.5
2024-02-06 10:04:49,817 [main] INFO  upgrade.AbstractLayoutVersionManager (AbstractLayoutVersionManager.java:init(83)) - Initializing Layout version manager with metadata layout = HADOOP_PRC_PORTS_IN_DATANODEDETAILS (version = 7), software layout = HADOOP_PRC_PORTS_IN_DATANODEDETAILS (version = 7)
2024-02-06 10:04:49,818 [main] INFO  statemachine.DatanodeStateMachine (DatanodeStateMachine.java:getEndPointTaskThreadPoolSize(299)) - Datanode State Machine Task Thread Pool size 2
2024-02-06 10:04:49,819 [main] INFO  volume.HddsVolume (HddsVolume.java:<init>(125)) - Creating HddsVolume: /home/runner/work/ozone/ozone/hadoop-ozone/integration-test/target/test-dir/MiniOzoneClusterImpl-5d1c2165-a83d-4eb5-a2bf-ae35b2f22424/datanode-0/data-0/containers/hdds of storage type : DISK capacity : 9223372036854775807
2024-02-06 10:04:49,819 [main] INFO  volume.MutableVolumeSet (MutableVolumeSet.java:initializeVolumeSet(173)) - Added Volume : /home/runner/work/ozone/ozone/hadoop-ozone/integration-test/target/test-dir/MiniOzoneClusterImpl-5d1c2165-a83d-4eb5-a2bf-ae35b2f22424/datanode-0/data-0/containers/hdds to VolumeSet
2024-02-06 10:04:49,819 [main] INFO  volume.MutableVolumeSet (MutableVolumeSet.java:initializeVolumeSet(173)) - Added Volume : /home/runner/work/ozone/ozone/hadoop-ozone/integration-test/target/test-dir/MiniOzoneClusterImpl-5d1c2165-a83d-4eb5-a2bf-ae35b2f22424/datanode-0/data/ratis to VolumeSet
2024-02-06 10:04:49,820 [main] INFO  ozoneimpl.OzoneContainer (HddsVolumeUtil.java:loadAllHddsVolumeDbStore(103)) - Load 1 volumes DbStore cost: 0ms
2024-02-06 10:04:49,821 [main] INFO  server.RaftServer (ConfUtils.java:logGet(46)) - raft.rpc.type = GRPC (default)
2024-02-06 10:04:49,822 [main] INFO  grpc.GrpcConfigKeys (ConfUtils.java:logFallback(53)) - raft.grpc.admin.host = null (fallback to raft.grpc.server.host)
2024-02-06 10:04:49,822 [main] INFO  grpc.GrpcConfigKeys (ConfUtils.java:logGet(46)) - raft.grpc.admin.port = 15458 (custom)
2024-02-06 10:04:49,822 [main] INFO  grpc.GrpcConfigKeys (ConfUtils.java:logFallback(53)) - raft.grpc.client.host = null (fallback to raft.grpc.server.host)
2024-02-06 10:04:49,822 [main] INFO  grpc.GrpcConfigKeys (ConfUtils.java:logGet(46)) - raft.grpc.client.port = 15457 (custom)
2024-02-06 10:04:49,822 [main] INFO  grpc.GrpcConfigKeys (ConfUtils.java:logGet(46)) - raft.grpc.server.host = null (default)
2024-02-06 10:04:49,823 [main] INFO  grpc.GrpcConfigKeys (ConfUtils.java:logGet(46)) - raft.grpc.server.port = 15459 (custom)
2024-02-06 10:04:49,823 [main] INFO  server.GrpcService (ConfUtils.java:logGet(46)) - raft.grpc.message.size.max = 32MB (=33554432) (custom)
2024-02-06 10:04:49,823 [main] INFO  server.RaftServerConfigKeys (ConfUtils.java:logGet(46)) - raft.server.log.appender.buffer.byte-limit = 8388608 (custom)
2024-02-06 10:04:49,823 [main] INFO  server.GrpcService (ConfUtils.java:logGet(46)) - raft.grpc.flow.control.window = 5MB (=5242880) (custom)
2024-02-06 10:04:49,823 [main] INFO  server.RaftServerConfigKeys (ConfUtils.java:logGet(46)) - raft.server.rpc.request.timeout = 3000ms (default)
2024-02-06 10:04:49,823 [main] INFO  grpc.GrpcConfigKeys (ConfUtils.java:logGet(46)) - raft.grpc.server.heartbeat.channel = true (default)
2024-02-06 10:04:49,823 [main] INFO  grpc.GrpcConfigKeys (ConfUtils.java:logGet(46)) - raft.grpc.server.async.request.thread.pool.cached = true (default)
2024-02-06 10:04:49,824 [main] INFO  grpc.GrpcConfigKeys (ConfUtils.java:logGet(46)) - raft.grpc.server.async.request.thread.pool.size = 32 (default)
2024-02-06 10:04:49,825 [main] INFO  impl.DataStreamServerImpl (ConfUtils.java:logGet(46)) - raft.datastream.type = NETTY (custom)
2024-02-06 10:04:49,825 [main] INFO  server.RaftServerConfigKeys (ConfUtils.java:logGet(46)) - raft.server.data-stream.async.request.thread.pool.cached = false (default)
2024-02-06 10:04:49,826 [main] INFO  server.RaftServerConfigKeys (ConfUtils.java:logGet(46)) - raft.server.data-stream.async.request.thread.pool.size = 20 (custom)
2024-02-06 10:04:49,826 [main] INFO  server.RaftServerConfigKeys (ConfUtils.java:logGet(46)) - raft.server.data-stream.async.write.thread.pool.size = 16 (default)
2024-02-06 10:04:49,826 [main] INFO  netty.NettyConfigKeys$DataStream (ConfUtils.java:logGet(46)) - raft.netty.dataStream.server.channel.inactive.grace-period = 10min (default)
2024-02-06 10:04:49,826 [main] INFO  server.RaftServerConfigKeys (ConfUtils.java:logGet(46)) - raft.server.data-stream.client.pool.size = 10 (default)
2024-02-06 10:04:49,826 [main] INFO  netty.NettyConfigKeys$DataStream (ConfUtils.java:logGet(46)) - raft.netty.dataStream.server.use-epoll = true (default)
2024-02-06 10:04:49,826 [main] INFO  netty.NettyConfigKeys$DataStream (ConfUtils.java:logGet(46)) - raft.netty.dataStream.server.boss-group.size = 0 (default)
2024-02-06 10:04:49,826 [main] INFO  netty.NettyUtils (NettyUtils.java:newEventLoopGroup(69)) - Create EpollEventLoopGroup for 26d06f5e-593d-478d-80a2-0fa092cabf84-NettyServerStreamRpc-bossGroup; Thread size is 0.
2024-02-06 10:04:49,827 [main] INFO  netty.NettyConfigKeys$DataStream (ConfUtils.java:logGet(46)) - raft.netty.dataStream.server.worker-group.size = 0 (default)
2024-02-06 10:04:49,827 [main] INFO  netty.NettyUtils (NettyUtils.java:newEventLoopGroup(69)) - Create EpollEventLoopGroup for 26d06f5e-593d-478d-80a2-0fa092cabf84-NettyServerStreamRpc-workerGroup; Thread size is 0.
2024-02-06 10:04:49,827 [main] INFO  netty.NettyConfigKeys$DataStream (ConfUtils.java:logGet(46)) - raft.netty.dataStream.server.tls.conf = null (default)
2024-02-06 10:04:49,827 [main] INFO  netty.NettyConfigKeys$DataStream (ConfUtils.java:logGet(46)) - raft.netty.dataStream.host = null (default)
2024-02-06 10:04:49,827 [main] INFO  netty.NettyConfigKeys$DataStream (ConfUtils.java:logGet(46)) - raft.netty.dataStream.port = 15460 (custom)
2024-02-06 10:04:49,828 [main] INFO  server.RaftServerConfigKeys (ConfUtils.java:logGet(46)) - raft.server.sleep.deviation.threshold = 300ms (default)
2024-02-06 10:04:49,828 [main] INFO  server.RaftServerConfigKeys (ConfUtils.java:logGet(46)) - raft.server.close.threshold = 60s (default)
2024-02-06 10:04:49,828 [26d06f5e-593d-478d-80a2-0fa092cabf84-NettyServerStreamRpc-bossGroup--thread1] INFO  logging.LoggingHandler (AbstractInternalLogger.java:log(148)) - [id: 0x082e0f06] REGISTERED
2024-02-06 10:04:49,828 [main] INFO  server.RaftServerConfigKeys (ConfUtils.java:logGet(46)) - raft.server.leaderelection.leader.step-down.wait-time = 10s (default)
2024-02-06 10:04:49,828 [26d06f5e-593d-478d-80a2-0fa092cabf84-NettyServerStreamRpc-bossGroup--thread1] INFO  logging.LoggingHandler (AbstractInternalLogger.java:log(148)) - [id: 0x082e0f06] BIND: 0.0.0.0/0.0.0.0:15460
2024-02-06 10:04:49,828 [main] INFO  server.RaftServerConfigKeys (ConfUtils.java:logGet(46)) - raft.server.storage.dir = [/home/runner/work/ozone/ozone/hadoop-ozone/integration-test/target/test-dir/MiniOzoneClusterImpl-5d1c2165-a83d-4eb5-a2bf-ae35b2f22424/datanode-0/data/ratis] (custom)
2024-02-06 10:04:49,828 [main] INFO  server.RaftServerConfigKeys (ConfUtils.java:logGet(46)) - raft.server.threadpool.proxy.cached = true (default)
2024-02-06 10:04:49,828 [26d06f5e-593d-478d-80a2-0fa092cabf84-NettyServerStreamRpc-bossGroup--thread1] INFO  logging.LoggingHandler (AbstractInternalLogger.java:log(148)) - [id: 0x082e0f06, L:/0.0.0.0:15460] ACTIVE
2024-02-06 10:04:49,829 [main] INFO  server.RaftServerConfigKeys (ConfUtils.java:logGet(46)) - raft.server.threadpool.proxy.size = 0 (default)
2024-02-06 10:04:49,829 [26d06f5e-593d-478d-80a2-0fa092cabf84-impl-thread1] INFO  server.RaftServer (RaftServerProxy.java:initGroupDir(264)) - 26d06f5e-593d-478d-80a2-0fa092cabf84: found a subdirectory /home/runner/work/ozone/ozone/hadoop-ozone/integration-test/target/test-dir/MiniOzoneClusterImpl-5d1c2165-a83d-4eb5-a2bf-ae35b2f22424/datanode-0/data/ratis/tmp
2024-02-06 10:04:49,829 [26d06f5e-593d-478d-80a2-0fa092cabf84-impl-thread1] INFO  server.RaftServer (RaftServerProxy.java:initGroupDir(269)) - 26d06f5e-593d-478d-80a2-0fa092cabf84: The directory /home/runner/work/ozone/ozone/hadoop-ozone/integration-test/target/test-dir/MiniOzoneClusterImpl-5d1c2165-a83d-4eb5-a2bf-ae35b2f22424/datanode-0/data/ratis/tmp is not a group directory; ignoring it. 
2024-02-06 10:04:49,829 [main] INFO  replication.ReplicationServer (ReplicationServer.java:<init>(86)) - Initializing replication server with thread count = 10 queue length = 4096
2024-02-06 10:04:49,830 [main] INFO  server.XceiverServerGrpc (XceiverServerGrpc.java:<init>(141)) - GrpcServer channel type EpollServerSocketChannel
2024-02-06 10:04:49,831 [main] INFO  replication.ReplicationSupervisor (ReplicationSupervisor.java:build(163)) - Initializing replication supervisor with thread count = 10
2024-02-06 10:04:49,831 [main] INFO  replication.ReplicationSupervisor (ReplicationSupervisor.java:nodeStateUpdated(317)) - Node state updated to IN_SERVICE, scaling executor pool size to 10
2024-02-06 10:04:49,832 [main] INFO  http.BaseHttpServer (BaseHttpServer.java:newHttpServer2BuilderForOzone(223)) - Starting Web-server for hddsDatanode at: http://0.0.0.0:15454
2024-02-06 10:04:49,832 [main] INFO  http.BaseHttpServer (BaseHttpServer.java:<init>(110)) - Hadoop Security Enabled: false Ozone Security Enabled: false Ozone HTTP Security Enabled: false 
2024-02-06 10:04:49,833 [main] WARN  server.AuthenticationFilter (AuthenticationFilter.java:constructSecretProvider(240)) - Unable to initialize FileSignerSecretProvider, falling back to use random secrets. Reason: Could not read signature secret file: /home/runner/hadoop-http-auth-signature-secret
2024-02-06 10:04:49,834 [main] INFO  http.HttpRequestLog (HttpRequestLog.java:getRequestLog(86)) - Http request log for http.requests.hddsDatanode is not defined
2024-02-06 10:04:49,834 [main] INFO  http.HttpServer2 (HttpServer2.java:addGlobalFilter(1036)) - Added global filter 'safety' (class=org.apache.hadoop.hdds.server.http.HttpServer2$QuotingInputFilter)
2024-02-06 10:04:49,834 [main] INFO  http.HttpServer2 (HttpServer2.java:addFilter(1012)) - Added filter static_user_filter (class=org.apache.hadoop.http.lib.StaticUserWebFilter$StaticUserFilter) to context hddsDatanode
2024-02-06 10:04:49,834 [main] INFO  http.HttpServer2 (HttpServer2.java:addFilter(1020)) - Added filter static_user_filter (class=org.apache.hadoop.http.lib.StaticUserWebFilter$StaticUserFilter) to context static
2024-02-06 10:04:49,835 [main] INFO  http.HttpServer2 (HttpServer2.java:addFilter(1020)) - Added filter static_user_filter (class=org.apache.hadoop.http.lib.StaticUserWebFilter$StaticUserFilter) to context logs
2024-02-06 10:04:49,835 [main] INFO  http.BaseHttpServer (BaseHttpServer.java:<init>(189)) - HTTP server of hddsDatanode uses base directory /home/runner/work/ozone/ozone/hadoop-ozone/integration-test/target/test-dir/MiniOzoneClusterImpl-5d1c2165-a83d-4eb5-a2bf-ae35b2f22424/datanode-0/meta/webserver
2024-02-06 10:04:49,835 [main] INFO  http.HttpServer2 (HttpServer2.java:bindListener(1236)) - Jetty bound to port 15454
2024-02-06 10:04:49,835 [main] INFO  server.Server (Server.java:doStart(375)) - jetty-9.4.53.v20231009; built: 2023-10-09T12:29:09.265Z; git: 27bde00a0b95a1d5bbee0eae7984f891d2d0f8c9; jvm 1.8.0_402-b06
2024-02-06 10:04:49,836 [main] INFO  server.session (DefaultSessionIdManager.java:doStart(334)) - DefaultSessionIdManager workerName=node0
2024-02-06 10:04:49,836 [main] INFO  server.session (DefaultSessionIdManager.java:doStart(339)) - No SessionScavenger set, using defaults
2024-02-06 10:04:49,836 [main] INFO  server.session (HouseKeeper.java:startScavenging(132)) - node0 Scavenging every 660000ms
2024-02-06 10:04:49,837 [main] INFO  handler.ContextHandler (ContextHandler.java:doStart(921)) - Started o.e.j.s.ServletContextHandler@5338f82f{logs,/logs,file:///home/runner/work/ozone/ozone/hadoop-ozone/integration-test/target/log,AVAILABLE}
2024-02-06 10:04:49,837 [main] INFO  handler.ContextHandler (ContextHandler.java:doStart(921)) - Started o.e.j.s.ServletContextHandler@6a3ee61e{static,/static,jar:file:/home/runner/.m2/repository/org/apache/ozone/hdds-container-service/1.5.0-SNAPSHOT/hdds-container-service-1.5.0-SNAPSHOT.jar!/webapps/static,AVAILABLE}
2024-02-06 10:04:49,869 [main] INFO  handler.ContextHandler (ContextHandler.java:doStart(921)) - Started o.e.j.w.WebAppContext@8116822{hddsDatanode,/,file:///home/runner/work/ozone/ozone/hadoop-ozone/integration-test/target/test-dir/MiniOzoneClusterImpl-5d1c2165-a83d-4eb5-a2bf-ae35b2f22424/datanode-0/meta/webserver/jetty-0_0_0_0-15454-hdds-container-service-1_5_0-SNAPSHOT_jar-_-any-8727123161175147030/webapp/,AVAILABLE}{jar:file:/home/runner/.m2/repository/org/apache/ozone/hdds-container-service/1.5.0-SNAPSHOT/hdds-container-service-1.5.0-SNAPSHOT.jar!/webapps/hddsDatanode}
2024-02-06 10:04:49,870 [main] INFO  server.AbstractConnector (AbstractConnector.java:doStart(333)) - Started ServerConnector@771905c5{HTTP/1.1, (http/1.1)}{0.0.0.0:15454}
2024-02-06 10:04:49,870 [main] INFO  server.Server (Server.java:doStart(415)) - Started @171919ms
2024-02-06 10:04:49,870 [main] WARN  impl.MetricsSystemImpl (MetricsSystemImpl.java:register(279)) - Sink prometheus already exists!
2024-02-06 10:04:49,870 [main] INFO  http.BaseHttpServer (BaseHttpServer.java:updateConnectorAddress(354)) - HTTP server of hddsDatanode listening at http://0.0.0.0:15454
2024-02-06 10:04:49,871 [main] INFO  ipc.CallQueueManager (CallQueueManager.java:<init>(90)) - Using callQueue: class java.util.concurrent.LinkedBlockingQueue, queueCapacity: 100, scheduler: class org.apache.hadoop.ipc.DefaultRpcScheduler, ipcBackoff: false.
2024-02-06 10:04:49,871 [main] INFO  ipc.Server (Server.java:<init>(1287)) - Listener at 0.0.0.0:15455
2024-02-06 10:04:49,871 [Socket Reader #1 for port 15455] INFO  ipc.Server (Server.java:run(1323)) - Starting Socket Reader #1 for port 15455
2024-02-06 10:04:49,873 [main] INFO  ozone.HddsDatanodeService (HddsDatanodeService.java:start(327)) - Datanode start with admins: [runner]
2024-02-06 10:04:49,873 [main] INFO  ozone.HddsDatanodeClientProtocolServer (HddsDatanodeClientProtocolServer.java:start(72)) - RPC server for Client /0.0.0.0:15455
2024-02-06 10:04:49,874 [IPC Server Responder] INFO  ipc.Server (Server.java:run(1562)) - IPC Server Responder: starting
2024-02-06 10:04:49,874 [IPC Server listener on 15455] INFO  ipc.Server (Server.java:run(1402)) - IPC Server listener on 15455: starting
2024-02-06 10:04:49,876 [26d06f5e-593d-478d-80a2-0fa092cabf84-DatanodeStateMachineDaemonThread] INFO  statemachine.DatanodeStateMachine (DatanodeStateMachine.java:lambda$startDaemon$1(555)) - Ozone container server started.
2024-02-06 10:04:49,876 [main] WARN  dropwizard3.Dm3MetricRegistriesImpl (Dm3MetricRegistriesImpl.java:addReporterRegistration(113)) - New reporters are added after registries were created. Some metrics will be missing from the reporter. Please add reporter before adding any new registry.
2024-02-06 10:04:49,876 [main] WARN  dropwizard3.Dm3MetricRegistriesImpl (Dm3MetricRegistriesImpl.java:addReporterRegistration(113)) - New reporters are added after registries were created. Some metrics will be missing from the reporter. Please add reporter before adding any new registry.
2024-02-06 10:04:49,877 [main] INFO  impl.MetricsSystemImpl (MetricsSystemImpl.java:init(158)) - HddsDatanode metrics system started (again)
2024-02-06 10:04:49,879 [26d06f5e-593d-478d-80a2-0fa092cabf84-DatanodeStateMachineTaskThread-0] INFO  datanode.InitDatanodeState (InitDatanodeState.java:persistContainerDatanodeDetails(139)) - DatanodeDetails is persisted to /home/runner/work/ozone/ozone/hadoop-ozone/integration-test/target/test-dir/MiniOzoneClusterImpl-5d1c2165-a83d-4eb5-a2bf-ae35b2f22424/datanode-0/meta/datanode.id
2024-02-06 10:04:49,885 [main] INFO  ozone.HddsDatanodeService (HddsDatanodeService.java:start(240)) - HddsDatanodeService host:fv-az776-296 ip:10.1.0.5
2024-02-06 10:04:49,902 [main] INFO  upgrade.AbstractLayoutVersionManager (AbstractLayoutVersionManager.java:init(83)) - Initializing Layout version manager with metadata layout = HADOOP_PRC_PORTS_IN_DATANODEDETAILS (version = 7), software layout = HADOOP_PRC_PORTS_IN_DATANODEDETAILS (version = 7)
2024-02-06 10:04:49,903 [main] INFO  statemachine.DatanodeStateMachine (DatanodeStateMachine.java:getEndPointTaskThreadPoolSize(299)) - Datanode State Machine Task Thread Pool size 2
2024-02-06 10:04:49,903 [main] INFO  volume.HddsVolume (HddsVolume.java:<init>(125)) - Creating HddsVolume: /home/runner/work/ozone/ozone/hadoop-ozone/integration-test/target/test-dir/MiniOzoneClusterImpl-5d1c2165-a83d-4eb5-a2bf-ae35b2f22424/datanode-1/data-0/containers/hdds of storage type : DISK capacity : 9223372036854775807
2024-02-06 10:04:49,904 [main] INFO  volume.MutableVolumeSet (MutableVolumeSet.java:initializeVolumeSet(173)) - Added Volume : /home/runner/work/ozone/ozone/hadoop-ozone/integration-test/target/test-dir/MiniOzoneClusterImpl-5d1c2165-a83d-4eb5-a2bf-ae35b2f22424/datanode-1/data-0/containers/hdds to VolumeSet
2024-02-06 10:04:49,904 [main] INFO  volume.MutableVolumeSet (MutableVolumeSet.java:initializeVolumeSet(173)) - Added Volume : /home/runner/work/ozone/ozone/hadoop-ozone/integration-test/target/test-dir/MiniOzoneClusterImpl-5d1c2165-a83d-4eb5-a2bf-ae35b2f22424/datanode-1/data/ratis to VolumeSet
2024-02-06 10:04:49,904 [main] INFO  ozoneimpl.OzoneContainer (HddsVolumeUtil.java:loadAllHddsVolumeDbStore(103)) - Load 1 volumes DbStore cost: 0ms
2024-02-06 10:04:49,906 [main] INFO  server.RaftServer (ConfUtils.java:logGet(46)) - raft.rpc.type = GRPC (default)
2024-02-06 10:04:49,906 [main] INFO  grpc.GrpcConfigKeys (ConfUtils.java:logFallback(53)) - raft.grpc.admin.host = null (fallback to raft.grpc.server.host)
2024-02-06 10:04:49,906 [main] INFO  grpc.GrpcConfigKeys (ConfUtils.java:logGet(46)) - raft.grpc.admin.port = 15467 (custom)
2024-02-06 10:04:49,906 [main] INFO  grpc.GrpcConfigKeys (ConfUtils.java:logFallback(53)) - raft.grpc.client.host = null (fallback to raft.grpc.server.host)
2024-02-06 10:04:49,906 [main] INFO  grpc.GrpcConfigKeys (ConfUtils.java:logGet(46)) - raft.grpc.client.port = 15466 (custom)
2024-02-06 10:04:49,906 [main] INFO  grpc.GrpcConfigKeys (ConfUtils.java:logGet(46)) - raft.grpc.server.host = null (default)
2024-02-06 10:04:49,907 [main] INFO  grpc.GrpcConfigKeys (ConfUtils.java:logGet(46)) - raft.grpc.server.port = 15468 (custom)
2024-02-06 10:04:49,907 [main] INFO  server.GrpcService (ConfUtils.java:logGet(46)) - raft.grpc.message.size.max = 32MB (=33554432) (custom)
2024-02-06 10:04:49,907 [main] INFO  server.RaftServerConfigKeys (ConfUtils.java:logGet(46)) - raft.server.log.appender.buffer.byte-limit = 8388608 (custom)
2024-02-06 10:04:49,907 [main] INFO  server.GrpcService (ConfUtils.java:logGet(46)) - raft.grpc.flow.control.window = 5MB (=5242880) (custom)
2024-02-06 10:04:49,907 [main] INFO  server.RaftServerConfigKeys (ConfUtils.java:logGet(46)) - raft.server.rpc.request.timeout = 3000ms (default)
2024-02-06 10:04:49,907 [main] INFO  grpc.GrpcConfigKeys (ConfUtils.java:logGet(46)) - raft.grpc.server.heartbeat.channel = true (default)
2024-02-06 10:04:49,907 [main] INFO  grpc.GrpcConfigKeys (ConfUtils.java:logGet(46)) - raft.grpc.server.async.request.thread.pool.cached = true (default)
2024-02-06 10:04:49,907 [main] INFO  grpc.GrpcConfigKeys (ConfUtils.java:logGet(46)) - raft.grpc.server.async.request.thread.pool.size = 32 (default)
2024-02-06 10:04:49,909 [main] INFO  impl.DataStreamServerImpl (ConfUtils.java:logGet(46)) - raft.datastream.type = NETTY (custom)
2024-02-06 10:04:49,909 [main] INFO  server.RaftServerConfigKeys (ConfUtils.java:logGet(46)) - raft.server.data-stream.async.request.thread.pool.cached = false (default)
2024-02-06 10:04:49,909 [main] INFO  server.RaftServerConfigKeys (ConfUtils.java:logGet(46)) - raft.server.data-stream.async.request.thread.pool.size = 20 (custom)
2024-02-06 10:04:49,910 [main] INFO  server.RaftServerConfigKeys (ConfUtils.java:logGet(46)) - raft.server.data-stream.async.write.thread.pool.size = 16 (default)
2024-02-06 10:04:49,910 [main] INFO  netty.NettyConfigKeys$DataStream (ConfUtils.java:logGet(46)) - raft.netty.dataStream.server.channel.inactive.grace-period = 10min (default)
2024-02-06 10:04:49,910 [main] INFO  server.RaftServerConfigKeys (ConfUtils.java:logGet(46)) - raft.server.data-stream.client.pool.size = 10 (default)
2024-02-06 10:04:49,910 [main] INFO  netty.NettyConfigKeys$DataStream (ConfUtils.java:logGet(46)) - raft.netty.dataStream.server.use-epoll = true (default)
2024-02-06 10:04:49,910 [main] INFO  netty.NettyConfigKeys$DataStream (ConfUtils.java:logGet(46)) - raft.netty.dataStream.server.boss-group.size = 0 (default)
2024-02-06 10:04:49,910 [main] INFO  netty.NettyUtils (NettyUtils.java:newEventLoopGroup(69)) - Create EpollEventLoopGroup for 79c56b25-6309-4552-ab3a-12e132dee763-NettyServerStreamRpc-bossGroup; Thread size is 0.
2024-02-06 10:04:49,910 [main] INFO  netty.NettyConfigKeys$DataStream (ConfUtils.java:logGet(46)) - raft.netty.dataStream.server.worker-group.size = 0 (default)
2024-02-06 10:04:49,910 [main] INFO  netty.NettyUtils (NettyUtils.java:newEventLoopGroup(69)) - Create EpollEventLoopGroup for 79c56b25-6309-4552-ab3a-12e132dee763-NettyServerStreamRpc-workerGroup; Thread size is 0.
2024-02-06 10:04:49,911 [main] INFO  netty.NettyConfigKeys$DataStream (ConfUtils.java:logGet(46)) - raft.netty.dataStream.server.tls.conf = null (default)
2024-02-06 10:04:49,911 [main] INFO  netty.NettyConfigKeys$DataStream (ConfUtils.java:logGet(46)) - raft.netty.dataStream.host = null (default)
2024-02-06 10:04:49,911 [main] INFO  netty.NettyConfigKeys$DataStream (ConfUtils.java:logGet(46)) - raft.netty.dataStream.port = 15469 (custom)
2024-02-06 10:04:49,911 [main] INFO  server.RaftServerConfigKeys (ConfUtils.java:logGet(46)) - raft.server.sleep.deviation.threshold = 300ms (default)
2024-02-06 10:04:49,911 [79c56b25-6309-4552-ab3a-12e132dee763-NettyServerStreamRpc-bossGroup--thread1] INFO  logging.LoggingHandler (AbstractInternalLogger.java:log(148)) - [id: 0xcc6b4535] REGISTERED
2024-02-06 10:04:49,911 [main] INFO  server.RaftServerConfigKeys (ConfUtils.java:logGet(46)) - raft.server.close.threshold = 60s (default)
2024-02-06 10:04:49,911 [79c56b25-6309-4552-ab3a-12e132dee763-NettyServerStreamRpc-bossGroup--thread1] INFO  logging.LoggingHandler (AbstractInternalLogger.java:log(148)) - [id: 0xcc6b4535] BIND: 0.0.0.0/0.0.0.0:15469
2024-02-06 10:04:49,912 [main] INFO  server.RaftServerConfigKeys (ConfUtils.java:logGet(46)) - raft.server.leaderelection.leader.step-down.wait-time = 10s (default)
2024-02-06 10:04:49,912 [79c56b25-6309-4552-ab3a-12e132dee763-NettyServerStreamRpc-bossGroup--thread1] INFO  logging.LoggingHandler (AbstractInternalLogger.java:log(148)) - [id: 0xcc6b4535, L:/0.0.0.0:15469] ACTIVE
2024-02-06 10:04:49,912 [main] INFO  server.RaftServerConfigKeys (ConfUtils.java:logGet(46)) - raft.server.storage.dir = [/home/runner/work/ozone/ozone/hadoop-ozone/integration-test/target/test-dir/MiniOzoneClusterImpl-5d1c2165-a83d-4eb5-a2bf-ae35b2f22424/datanode-1/data/ratis] (custom)
2024-02-06 10:04:49,912 [main] INFO  server.RaftServerConfigKeys (ConfUtils.java:logGet(46)) - raft.server.threadpool.proxy.cached = true (default)
2024-02-06 10:04:49,912 [main] INFO  server.RaftServerConfigKeys (ConfUtils.java:logGet(46)) - raft.server.threadpool.proxy.size = 0 (default)
2024-02-06 10:04:49,912 [79c56b25-6309-4552-ab3a-12e132dee763-impl-thread1] INFO  server.RaftServer (RaftServerProxy.java:initGroupDir(264)) - 79c56b25-6309-4552-ab3a-12e132dee763: found a subdirectory /home/runner/work/ozone/ozone/hadoop-ozone/integration-test/target/test-dir/MiniOzoneClusterImpl-5d1c2165-a83d-4eb5-a2bf-ae35b2f22424/datanode-1/data/ratis/tmp
2024-02-06 10:04:49,912 [79c56b25-6309-4552-ab3a-12e132dee763-impl-thread1] INFO  server.RaftServer (RaftServerProxy.java:initGroupDir(269)) - 79c56b25-6309-4552-ab3a-12e132dee763: The directory /home/runner/work/ozone/ozone/hadoop-ozone/integration-test/target/test-dir/MiniOzoneClusterImpl-5d1c2165-a83d-4eb5-a2bf-ae35b2f22424/datanode-1/data/ratis/tmp is not a group directory; ignoring it. 
2024-02-06 10:04:49,913 [main] INFO  replication.ReplicationServer (ReplicationServer.java:<init>(86)) - Initializing replication server with thread count = 10 queue length = 4096
2024-02-06 10:04:49,913 [main] INFO  server.XceiverServerGrpc (XceiverServerGrpc.java:<init>(141)) - GrpcServer channel type EpollServerSocketChannel
2024-02-06 10:04:49,914 [main] INFO  replication.ReplicationSupervisor (ReplicationSupervisor.java:build(163)) - Initializing replication supervisor with thread count = 10
2024-02-06 10:04:49,914 [main] INFO  replication.ReplicationSupervisor (ReplicationSupervisor.java:nodeStateUpdated(317)) - Node state updated to IN_SERVICE, scaling executor pool size to 10
2024-02-06 10:04:49,916 [main] INFO  http.BaseHttpServer (BaseHttpServer.java:newHttpServer2BuilderForOzone(223)) - Starting Web-server for hddsDatanode at: http://0.0.0.0:15463
2024-02-06 10:04:49,916 [main] INFO  http.BaseHttpServer (BaseHttpServer.java:<init>(110)) - Hadoop Security Enabled: false Ozone Security Enabled: false Ozone HTTP Security Enabled: false 
2024-02-06 10:04:49,917 [main] WARN  server.AuthenticationFilter (AuthenticationFilter.java:constructSecretProvider(240)) - Unable to initialize FileSignerSecretProvider, falling back to use random secrets. Reason: Could not read signature secret file: /home/runner/hadoop-http-auth-signature-secret
2024-02-06 10:04:49,925 [main] INFO  http.HttpRequestLog (HttpRequestLog.java:getRequestLog(86)) - Http request log for http.requests.hddsDatanode is not defined
2024-02-06 10:04:49,925 [main] INFO  http.HttpServer2 (HttpServer2.java:addGlobalFilter(1036)) - Added global filter 'safety' (class=org.apache.hadoop.hdds.server.http.HttpServer2$QuotingInputFilter)
2024-02-06 10:04:49,926 [main] INFO  http.HttpServer2 (HttpServer2.java:addFilter(1012)) - Added filter static_user_filter (class=org.apache.hadoop.http.lib.StaticUserWebFilter$StaticUserFilter) to context hddsDatanode
2024-02-06 10:04:49,926 [main] INFO  http.HttpServer2 (HttpServer2.java:addFilter(1020)) - Added filter static_user_filter (class=org.apache.hadoop.http.lib.StaticUserWebFilter$StaticUserFilter) to context static
2024-02-06 10:04:49,926 [main] INFO  http.HttpServer2 (HttpServer2.java:addFilter(1020)) - Added filter static_user_filter (class=org.apache.hadoop.http.lib.StaticUserWebFilter$StaticUserFilter) to context logs
2024-02-06 10:04:49,926 [main] INFO  http.BaseHttpServer (BaseHttpServer.java:<init>(189)) - HTTP server of hddsDatanode uses base directory /home/runner/work/ozone/ozone/hadoop-ozone/integration-test/target/test-dir/MiniOzoneClusterImpl-5d1c2165-a83d-4eb5-a2bf-ae35b2f22424/datanode-1/meta/webserver
2024-02-06 10:04:49,927 [main] INFO  http.HttpServer2 (HttpServer2.java:bindListener(1236)) - Jetty bound to port 15463
2024-02-06 10:04:49,927 [main] INFO  server.Server (Server.java:doStart(375)) - jetty-9.4.53.v20231009; built: 2023-10-09T12:29:09.265Z; git: 27bde00a0b95a1d5bbee0eae7984f891d2d0f8c9; jvm 1.8.0_402-b06
2024-02-06 10:04:49,928 [main] INFO  server.session (DefaultSessionIdManager.java:doStart(334)) - DefaultSessionIdManager workerName=node0
2024-02-06 10:04:49,929 [main] INFO  server.session (DefaultSessionIdManager.java:doStart(339)) - No SessionScavenger set, using defaults
2024-02-06 10:04:49,929 [main] INFO  server.session (HouseKeeper.java:startScavenging(132)) - node0 Scavenging every 600000ms
2024-02-06 10:04:49,929 [main] INFO  handler.ContextHandler (ContextHandler.java:doStart(921)) - Started o.e.j.s.ServletContextHandler@42edcb56{logs,/logs,file:///home/runner/work/ozone/ozone/hadoop-ozone/integration-test/target/log,AVAILABLE}
2024-02-06 10:04:49,930 [main] INFO  handler.ContextHandler (ContextHandler.java:doStart(921)) - Started o.e.j.s.ServletContextHandler@6a8eba38{static,/static,jar:file:/home/runner/.m2/repository/org/apache/ozone/hdds-container-service/1.5.0-SNAPSHOT/hdds-container-service-1.5.0-SNAPSHOT.jar!/webapps/static,AVAILABLE}
2024-02-06 10:04:49,962 [main] INFO  handler.ContextHandler (ContextHandler.java:doStart(921)) - Started o.e.j.w.WebAppContext@28d28e0d{hddsDatanode,/,file:///home/runner/work/ozone/ozone/hadoop-ozone/integration-test/target/test-dir/MiniOzoneClusterImpl-5d1c2165-a83d-4eb5-a2bf-ae35b2f22424/datanode-1/meta/webserver/jetty-0_0_0_0-15463-hdds-container-service-1_5_0-SNAPSHOT_jar-_-any-509567356784232268/webapp/,AVAILABLE}{jar:file:/home/runner/.m2/repository/org/apache/ozone/hdds-container-service/1.5.0-SNAPSHOT/hdds-container-service-1.5.0-SNAPSHOT.jar!/webapps/hddsDatanode}
2024-02-06 10:04:49,963 [main] INFO  server.AbstractConnector (AbstractConnector.java:doStart(333)) - Started ServerConnector@1c2e14be{HTTP/1.1, (http/1.1)}{0.0.0.0:15463}
2024-02-06 10:04:49,963 [main] INFO  server.Server (Server.java:doStart(415)) - Started @172012ms
2024-02-06 10:04:49,963 [main] WARN  impl.MetricsSystemImpl (MetricsSystemImpl.java:register(279)) - Sink prometheus already exists!
2024-02-06 10:04:49,963 [main] INFO  http.BaseHttpServer (BaseHttpServer.java:updateConnectorAddress(354)) - HTTP server of hddsDatanode listening at http://0.0.0.0:15463
2024-02-06 10:04:49,964 [main] INFO  ipc.CallQueueManager (CallQueueManager.java:<init>(90)) - Using callQueue: class java.util.concurrent.LinkedBlockingQueue, queueCapacity: 100, scheduler: class org.apache.hadoop.ipc.DefaultRpcScheduler, ipcBackoff: false.
2024-02-06 10:04:49,964 [main] INFO  ipc.Server (Server.java:<init>(1287)) - Listener at 0.0.0.0:15464
2024-02-06 10:04:49,964 [Socket Reader #1 for port 15464] INFO  ipc.Server (Server.java:run(1323)) - Starting Socket Reader #1 for port 15464
2024-02-06 10:04:49,966 [main] INFO  ozone.HddsDatanodeService (HddsDatanodeService.java:start(327)) - Datanode start with admins: [runner]
2024-02-06 10:04:49,966 [main] INFO  ozone.HddsDatanodeClientProtocolServer (HddsDatanodeClientProtocolServer.java:start(72)) - RPC server for Client /0.0.0.0:15464
2024-02-06 10:04:49,966 [IPC Server Responder] INFO  ipc.Server (Server.java:run(1562)) - IPC Server Responder: starting
2024-02-06 10:04:49,966 [IPC Server listener on 15464] INFO  ipc.Server (Server.java:run(1402)) - IPC Server listener on 15464: starting
2024-02-06 10:04:49,967 [79c56b25-6309-4552-ab3a-12e132dee763-DatanodeStateMachineDaemonThread] INFO  statemachine.DatanodeStateMachine (DatanodeStateMachine.java:lambda$startDaemon$1(555)) - Ozone container server started.
2024-02-06 10:04:49,968 [main] WARN  dropwizard3.Dm3MetricRegistriesImpl (Dm3MetricRegistriesImpl.java:addReporterRegistration(113)) - New reporters are added after registries were created. Some metrics will be missing from the reporter. Please add reporter before adding any new registry.
2024-02-06 10:04:49,968 [main] WARN  dropwizard3.Dm3MetricRegistriesImpl (Dm3MetricRegistriesImpl.java:addReporterRegistration(113)) - New reporters are added after registries were created. Some metrics will be missing from the reporter. Please add reporter before adding any new registry.
2024-02-06 10:04:49,968 [main] INFO  impl.MetricsSystemImpl (MetricsSystemImpl.java:init(158)) - HddsDatanode metrics system started (again)
2024-02-06 10:04:49,971 [79c56b25-6309-4552-ab3a-12e132dee763-DatanodeStateMachineTaskThread-0] INFO  datanode.InitDatanodeState (InitDatanodeState.java:persistContainerDatanodeDetails(139)) - DatanodeDetails is persisted to /home/runner/work/ozone/ozone/hadoop-ozone/integration-test/target/test-dir/MiniOzoneClusterImpl-5d1c2165-a83d-4eb5-a2bf-ae35b2f22424/datanode-1/meta/datanode.id
2024-02-06 10:04:49,978 [main] INFO  ozone.HddsDatanodeService (HddsDatanodeService.java:start(240)) - HddsDatanodeService host:fv-az776-296 ip:10.1.0.5
2024-02-06 10:04:49,995 [main] INFO  upgrade.AbstractLayoutVersionManager (AbstractLayoutVersionManager.java:init(83)) - Initializing Layout version manager with metadata layout = HADOOP_PRC_PORTS_IN_DATANODEDETAILS (version = 7), software layout = HADOOP_PRC_PORTS_IN_DATANODEDETAILS (version = 7)
2024-02-06 10:04:49,996 [main] INFO  statemachine.DatanodeStateMachine (DatanodeStateMachine.java:getEndPointTaskThreadPoolSize(299)) - Datanode State Machine Task Thread Pool size 2
2024-02-06 10:04:49,996 [main] INFO  volume.HddsVolume (HddsVolume.java:<init>(125)) - Creating HddsVolume: /home/runner/work/ozone/ozone/hadoop-ozone/integration-test/target/test-dir/MiniOzoneClusterImpl-5d1c2165-a83d-4eb5-a2bf-ae35b2f22424/datanode-2/data-0/containers/hdds of storage type : DISK capacity : 9223372036854775807
2024-02-06 10:04:49,997 [main] INFO  volume.MutableVolumeSet (MutableVolumeSet.java:initializeVolumeSet(173)) - Added Volume : /home/runner/work/ozone/ozone/hadoop-ozone/integration-test/target/test-dir/MiniOzoneClusterImpl-5d1c2165-a83d-4eb5-a2bf-ae35b2f22424/datanode-2/data-0/containers/hdds to VolumeSet
2024-02-06 10:04:49,997 [main] INFO  volume.MutableVolumeSet (MutableVolumeSet.java:initializeVolumeSet(173)) - Added Volume : /home/runner/work/ozone/ozone/hadoop-ozone/integration-test/target/test-dir/MiniOzoneClusterImpl-5d1c2165-a83d-4eb5-a2bf-ae35b2f22424/datanode-2/data/ratis to VolumeSet
2024-02-06 10:04:49,997 [main] INFO  ozoneimpl.OzoneContainer (HddsVolumeUtil.java:loadAllHddsVolumeDbStore(103)) - Load 1 volumes DbStore cost: 0ms
2024-02-06 10:04:49,999 [main] INFO  server.RaftServer (ConfUtils.java:logGet(46)) - raft.rpc.type = GRPC (default)
2024-02-06 10:04:49,999 [main] INFO  grpc.GrpcConfigKeys (ConfUtils.java:logFallback(53)) - raft.grpc.admin.host = null (fallback to raft.grpc.server.host)
2024-02-06 10:04:49,999 [main] INFO  grpc.GrpcConfigKeys (ConfUtils.java:logGet(46)) - raft.grpc.admin.port = 15476 (custom)
2024-02-06 10:04:49,999 [main] INFO  grpc.GrpcConfigKeys (ConfUtils.java:logFallback(53)) - raft.grpc.client.host = null (fallback to raft.grpc.server.host)
2024-02-06 10:04:50,000 [main] INFO  grpc.GrpcConfigKeys (ConfUtils.java:logGet(46)) - raft.grpc.client.port = 15475 (custom)
2024-02-06 10:04:50,000 [main] INFO  grpc.GrpcConfigKeys (ConfUtils.java:logGet(46)) - raft.grpc.server.host = null (default)
2024-02-06 10:04:50,000 [main] INFO  grpc.GrpcConfigKeys (ConfUtils.java:logGet(46)) - raft.grpc.server.port = 15477 (custom)
2024-02-06 10:04:50,000 [main] INFO  server.GrpcService (ConfUtils.java:logGet(46)) - raft.grpc.message.size.max = 32MB (=33554432) (custom)
2024-02-06 10:04:50,000 [main] INFO  server.RaftServerConfigKeys (ConfUtils.java:logGet(46)) - raft.server.log.appender.buffer.byte-limit = 8388608 (custom)
2024-02-06 10:04:50,000 [main] INFO  server.GrpcService (ConfUtils.java:logGet(46)) - raft.grpc.flow.control.window = 5MB (=5242880) (custom)
2024-02-06 10:04:50,001 [main] INFO  server.RaftServerConfigKeys (ConfUtils.java:logGet(46)) - raft.server.rpc.request.timeout = 3000ms (default)
2024-02-06 10:04:50,001 [main] INFO  grpc.GrpcConfigKeys (ConfUtils.java:logGet(46)) - raft.grpc.server.heartbeat.channel = true (default)
2024-02-06 10:04:50,001 [main] INFO  grpc.GrpcConfigKeys (ConfUtils.java:logGet(46)) - raft.grpc.server.async.request.thread.pool.cached = true (default)
2024-02-06 10:04:50,001 [main] INFO  grpc.GrpcConfigKeys (ConfUtils.java:logGet(46)) - raft.grpc.server.async.request.thread.pool.size = 32 (default)
2024-02-06 10:04:50,003 [main] INFO  impl.DataStreamServerImpl (ConfUtils.java:logGet(46)) - raft.datastream.type = NETTY (custom)
2024-02-06 10:04:50,003 [main] INFO  server.RaftServerConfigKeys (ConfUtils.java:logGet(46)) - raft.server.data-stream.async.request.thread.pool.cached = false (default)
2024-02-06 10:04:50,003 [main] INFO  server.RaftServerConfigKeys (ConfUtils.java:logGet(46)) - raft.server.data-stream.async.request.thread.pool.size = 20 (custom)
2024-02-06 10:04:50,004 [main] INFO  server.RaftServerConfigKeys (ConfUtils.java:logGet(46)) - raft.server.data-stream.async.write.thread.pool.size = 16 (default)
2024-02-06 10:04:50,004 [main] INFO  netty.NettyConfigKeys$DataStream (ConfUtils.java:logGet(46)) - raft.netty.dataStream.server.channel.inactive.grace-period = 10min (default)
2024-02-06 10:04:50,004 [main] INFO  server.RaftServerConfigKeys (ConfUtils.java:logGet(46)) - raft.server.data-stream.client.pool.size = 10 (default)
2024-02-06 10:04:50,004 [main] INFO  netty.NettyConfigKeys$DataStream (ConfUtils.java:logGet(46)) - raft.netty.dataStream.server.use-epoll = true (default)
2024-02-06 10:04:50,004 [main] INFO  netty.NettyConfigKeys$DataStream (ConfUtils.java:logGet(46)) - raft.netty.dataStream.server.boss-group.size = 0 (default)
2024-02-06 10:04:50,005 [main] INFO  netty.NettyUtils (NettyUtils.java:newEventLoopGroup(69)) - Create EpollEventLoopGroup for 20dab95a-c478-4766-b72c-beb84f06bee2-NettyServerStreamRpc-bossGroup; Thread size is 0.
2024-02-06 10:04:50,005 [main] INFO  netty.NettyConfigKeys$DataStream (ConfUtils.java:logGet(46)) - raft.netty.dataStream.server.worker-group.size = 0 (default)
2024-02-06 10:04:50,005 [main] INFO  netty.NettyUtils (NettyUtils.java:newEventLoopGroup(69)) - Create EpollEventLoopGroup for 20dab95a-c478-4766-b72c-beb84f06bee2-NettyServerStreamRpc-workerGroup; Thread size is 0.
2024-02-06 10:04:50,006 [main] INFO  netty.NettyConfigKeys$DataStream (ConfUtils.java:logGet(46)) - raft.netty.dataStream.server.tls.conf = null (default)
2024-02-06 10:04:50,006 [main] INFO  netty.NettyConfigKeys$DataStream (ConfUtils.java:logGet(46)) - raft.netty.dataStream.host = null (default)
2024-02-06 10:04:50,006 [main] INFO  netty.NettyConfigKeys$DataStream (ConfUtils.java:logGet(46)) - raft.netty.dataStream.port = 15478 (custom)
2024-02-06 10:04:50,006 [main] INFO  server.RaftServerConfigKeys (ConfUtils.java:logGet(46)) - raft.server.sleep.deviation.threshold = 300ms (default)
2024-02-06 10:04:50,006 [main] INFO  server.RaftServerConfigKeys (ConfUtils.java:logGet(46)) - raft.server.close.threshold = 60s (default)
2024-02-06 10:04:50,006 [main] INFO  server.RaftServerConfigKeys (ConfUtils.java:logGet(46)) - raft.server.leaderelection.leader.step-down.wait-time = 10s (default)
2024-02-06 10:04:50,006 [20dab95a-c478-4766-b72c-beb84f06bee2-NettyServerStreamRpc-bossGroup--thread1] INFO  logging.LoggingHandler (AbstractInternalLogger.java:log(148)) - [id: 0x4815124f] REGISTERED
2024-02-06 10:04:50,007 [main] INFO  server.RaftServerConfigKeys (ConfUtils.java:logGet(46)) - raft.server.storage.dir = [/home/runner/work/ozone/ozone/hadoop-ozone/integration-test/target/test-dir/MiniOzoneClusterImpl-5d1c2165-a83d-4eb5-a2bf-ae35b2f22424/datanode-2/data/ratis] (custom)
2024-02-06 10:04:50,007 [20dab95a-c478-4766-b72c-beb84f06bee2-NettyServerStreamRpc-bossGroup--thread1] INFO  logging.LoggingHandler (AbstractInternalLogger.java:log(148)) - [id: 0x4815124f] BIND: 0.0.0.0/0.0.0.0:15478
2024-02-06 10:04:50,007 [main] INFO  server.RaftServerConfigKeys (ConfUtils.java:logGet(46)) - raft.server.threadpool.proxy.cached = true (default)
2024-02-06 10:04:50,007 [20dab95a-c478-4766-b72c-beb84f06bee2-NettyServerStreamRpc-bossGroup--thread1] INFO  logging.LoggingHandler (AbstractInternalLogger.java:log(148)) - [id: 0x4815124f, L:/0.0.0.0:15478] ACTIVE
2024-02-06 10:04:50,007 [main] INFO  server.RaftServerConfigKeys (ConfUtils.java:logGet(46)) - raft.server.threadpool.proxy.size = 0 (default)
2024-02-06 10:04:50,007 [20dab95a-c478-4766-b72c-beb84f06bee2-impl-thread1] INFO  server.RaftServer (RaftServerProxy.java:initGroupDir(264)) - 20dab95a-c478-4766-b72c-beb84f06bee2: found a subdirectory /home/runner/work/ozone/ozone/hadoop-ozone/integration-test/target/test-dir/MiniOzoneClusterImpl-5d1c2165-a83d-4eb5-a2bf-ae35b2f22424/datanode-2/data/ratis/tmp
2024-02-06 10:04:50,008 [20dab95a-c478-4766-b72c-beb84f06bee2-impl-thread1] INFO  server.RaftServer (RaftServerProxy.java:initGroupDir(269)) - 20dab95a-c478-4766-b72c-beb84f06bee2: The directory /home/runner/work/ozone/ozone/hadoop-ozone/integration-test/target/test-dir/MiniOzoneClusterImpl-5d1c2165-a83d-4eb5-a2bf-ae35b2f22424/datanode-2/data/ratis/tmp is not a group directory; ignoring it. 
2024-02-06 10:04:50,008 [main] INFO  replication.ReplicationServer (ReplicationServer.java:<init>(86)) - Initializing replication server with thread count = 10 queue length = 4096
2024-02-06 10:04:50,008 [main] INFO  server.XceiverServerGrpc (XceiverServerGrpc.java:<init>(141)) - GrpcServer channel type EpollServerSocketChannel
2024-02-06 10:04:50,009 [main] INFO  replication.ReplicationSupervisor (ReplicationSupervisor.java:build(163)) - Initializing replication supervisor with thread count = 10
2024-02-06 10:04:50,009 [main] INFO  replication.ReplicationSupervisor (ReplicationSupervisor.java:nodeStateUpdated(317)) - Node state updated to IN_SERVICE, scaling executor pool size to 10
2024-02-06 10:04:50,011 [main] INFO  http.BaseHttpServer (BaseHttpServer.java:newHttpServer2BuilderForOzone(223)) - Starting Web-server for hddsDatanode at: http://0.0.0.0:15472
2024-02-06 10:04:50,011 [main] INFO  http.BaseHttpServer (BaseHttpServer.java:<init>(110)) - Hadoop Security Enabled: false Ozone Security Enabled: false Ozone HTTP Security Enabled: false 
2024-02-06 10:04:50,011 [main] WARN  server.AuthenticationFilter (AuthenticationFilter.java:constructSecretProvider(240)) - Unable to initialize FileSignerSecretProvider, falling back to use random secrets. Reason: Could not read signature secret file: /home/runner/hadoop-http-auth-signature-secret
2024-02-06 10:04:50,012 [main] INFO  http.HttpRequestLog (HttpRequestLog.java:getRequestLog(86)) - Http request log for http.requests.hddsDatanode is not defined
2024-02-06 10:04:50,012 [main] INFO  http.HttpServer2 (HttpServer2.java:addGlobalFilter(1036)) - Added global filter 'safety' (class=org.apache.hadoop.hdds.server.http.HttpServer2$QuotingInputFilter)
2024-02-06 10:04:50,012 [main] INFO  http.HttpServer2 (HttpServer2.java:addFilter(1012)) - Added filter static_user_filter (class=org.apache.hadoop.http.lib.StaticUserWebFilter$StaticUserFilter) to context hddsDatanode
2024-02-06 10:04:50,013 [main] INFO  http.HttpServer2 (HttpServer2.java:addFilter(1020)) - Added filter static_user_filter (class=org.apache.hadoop.http.lib.StaticUserWebFilter$StaticUserFilter) to context static
2024-02-06 10:04:50,013 [main] INFO  http.HttpServer2 (HttpServer2.java:addFilter(1020)) - Added filter static_user_filter (class=org.apache.hadoop.http.lib.StaticUserWebFilter$StaticUserFilter) to context logs
2024-02-06 10:04:50,013 [main] INFO  http.BaseHttpServer (BaseHttpServer.java:<init>(189)) - HTTP server of hddsDatanode uses base directory /home/runner/work/ozone/ozone/hadoop-ozone/integration-test/target/test-dir/MiniOzoneClusterImpl-5d1c2165-a83d-4eb5-a2bf-ae35b2f22424/datanode-2/meta/webserver
2024-02-06 10:04:50,013 [main] INFO  http.HttpServer2 (HttpServer2.java:bindListener(1236)) - Jetty bound to port 15472
2024-02-06 10:04:50,013 [main] INFO  server.Server (Server.java:doStart(375)) - jetty-9.4.53.v20231009; built: 2023-10-09T12:29:09.265Z; git: 27bde00a0b95a1d5bbee0eae7984f891d2d0f8c9; jvm 1.8.0_402-b06
2024-02-06 10:04:50,014 [main] INFO  server.session (DefaultSessionIdManager.java:doStart(334)) - DefaultSessionIdManager workerName=node0
2024-02-06 10:04:50,014 [main] INFO  server.session (DefaultSessionIdManager.java:doStart(339)) - No SessionScavenger set, using defaults
2024-02-06 10:04:50,014 [main] INFO  server.session (HouseKeeper.java:startScavenging(132)) - node0 Scavenging every 660000ms
2024-02-06 10:04:50,015 [main] INFO  handler.ContextHandler (ContextHandler.java:doStart(921)) - Started o.e.j.s.ServletContextHandler@2af0e55a{logs,/logs,file:///home/runner/work/ozone/ozone/hadoop-ozone/integration-test/target/log,AVAILABLE}
2024-02-06 10:04:50,015 [main] INFO  handler.ContextHandler (ContextHandler.java:doStart(921)) - Started o.e.j.s.ServletContextHandler@6c336b5{static,/static,jar:file:/home/runner/.m2/repository/org/apache/ozone/hdds-container-service/1.5.0-SNAPSHOT/hdds-container-service-1.5.0-SNAPSHOT.jar!/webapps/static,AVAILABLE}
2024-02-06 10:04:50,046 [main] INFO  handler.ContextHandler (ContextHandler.java:doStart(921)) - Started o.e.j.w.WebAppContext@5f2ba7ac{hddsDatanode,/,file:///home/runner/work/ozone/ozone/hadoop-ozone/integration-test/target/test-dir/MiniOzoneClusterImpl-5d1c2165-a83d-4eb5-a2bf-ae35b2f22424/datanode-2/meta/webserver/jetty-0_0_0_0-15472-hdds-container-service-1_5_0-SNAPSHOT_jar-_-any-9156871498642014820/webapp/,AVAILABLE}{jar:file:/home/runner/.m2/repository/org/apache/ozone/hdds-container-service/1.5.0-SNAPSHOT/hdds-container-service-1.5.0-SNAPSHOT.jar!/webapps/hddsDatanode}
2024-02-06 10:04:50,047 [main] INFO  server.AbstractConnector (AbstractConnector.java:doStart(333)) - Started ServerConnector@5a2bbc4e{HTTP/1.1, (http/1.1)}{0.0.0.0:15472}
2024-02-06 10:04:50,047 [main] INFO  server.Server (Server.java:doStart(415)) - Started @172096ms
2024-02-06 10:04:50,047 [main] WARN  impl.MetricsSystemImpl (MetricsSystemImpl.java:register(279)) - Sink prometheus already exists!
2024-02-06 10:04:50,047 [main] INFO  http.BaseHttpServer (BaseHttpServer.java:updateConnectorAddress(354)) - HTTP server of hddsDatanode listening at http://0.0.0.0:15472
2024-02-06 10:04:50,047 [main] INFO  ipc.CallQueueManager (CallQueueManager.java:<init>(90)) - Using callQueue: class java.util.concurrent.LinkedBlockingQueue, queueCapacity: 100, scheduler: class org.apache.hadoop.ipc.DefaultRpcScheduler, ipcBackoff: false.
2024-02-06 10:04:50,048 [main] INFO  ipc.Server (Server.java:<init>(1287)) - Listener at 0.0.0.0:15473
2024-02-06 10:04:50,048 [Socket Reader #1 for port 15473] INFO  ipc.Server (Server.java:run(1323)) - Starting Socket Reader #1 for port 15473
2024-02-06 10:04:50,049 [main] INFO  ozone.HddsDatanodeService (HddsDatanodeService.java:start(327)) - Datanode start with admins: [runner]
2024-02-06 10:04:50,050 [main] INFO  ozone.HddsDatanodeClientProtocolServer (HddsDatanodeClientProtocolServer.java:start(72)) - RPC server for Client /0.0.0.0:15473
2024-02-06 10:04:50,050 [IPC Server Responder] INFO  ipc.Server (Server.java:run(1562)) - IPC Server Responder: starting
2024-02-06 10:04:50,050 [IPC Server listener on 15473] INFO  ipc.Server (Server.java:run(1402)) - IPC Server listener on 15473: starting
2024-02-06 10:04:50,054 [20dab95a-c478-4766-b72c-beb84f06bee2-DatanodeStateMachineDaemonThread] INFO  statemachine.DatanodeStateMachine (DatanodeStateMachine.java:lambda$startDaemon$1(555)) - Ozone container server started.
2024-02-06 10:04:50,054 [main] WARN  dropwizard3.Dm3MetricRegistriesImpl (Dm3MetricRegistriesImpl.java:addReporterRegistration(113)) - New reporters are added after registries were created. Some metrics will be missing from the reporter. Please add reporter before adding any new registry.
2024-02-06 10:04:50,054 [main] WARN  dropwizard3.Dm3MetricRegistriesImpl (Dm3MetricRegistriesImpl.java:addReporterRegistration(113)) - New reporters are added after registries were created. Some metrics will be missing from the reporter. Please add reporter before adding any new registry.
2024-02-06 10:04:50,054 [main] INFO  impl.MetricsSystemImpl (MetricsSystemImpl.java:init(158)) - HddsDatanode metrics system started (again)
2024-02-06 10:04:50,056 [20dab95a-c478-4766-b72c-beb84f06bee2-DatanodeStateMachineTaskThread-0] INFO  datanode.InitDatanodeState (InitDatanodeState.java:persistContainerDatanodeDetails(139)) - DatanodeDetails is persisted to /home/runner/work/ozone/ozone/hadoop-ozone/integration-test/target/test-dir/MiniOzoneClusterImpl-5d1c2165-a83d-4eb5-a2bf-ae35b2f22424/datanode-2/meta/datanode.id
2024-02-06 10:04:50,064 [main] INFO  ozone.HddsDatanodeService (HddsDatanodeService.java:start(240)) - HddsDatanodeService host:fv-az776-296 ip:10.1.0.5
2024-02-06 10:04:50,082 [main] INFO  upgrade.AbstractLayoutVersionManager (AbstractLayoutVersionManager.java:init(83)) - Initializing Layout version manager with metadata layout = HADOOP_PRC_PORTS_IN_DATANODEDETAILS (version = 7), software layout = HADOOP_PRC_PORTS_IN_DATANODEDETAILS (version = 7)
2024-02-06 10:04:50,083 [main] INFO  statemachine.DatanodeStateMachine (DatanodeStateMachine.java:getEndPointTaskThreadPoolSize(299)) - Datanode State Machine Task Thread Pool size 2
2024-02-06 10:04:50,084 [main] INFO  volume.HddsVolume (HddsVolume.java:<init>(125)) - Creating HddsVolume: /home/runner/work/ozone/ozone/hadoop-ozone/integration-test/target/test-dir/MiniOzoneClusterImpl-5d1c2165-a83d-4eb5-a2bf-ae35b2f22424/datanode-3/data-0/containers/hdds of storage type : DISK capacity : 9223372036854775807
2024-02-06 10:04:50,084 [main] INFO  volume.MutableVolumeSet (MutableVolumeSet.java:initializeVolumeSet(173)) - Added Volume : /home/runner/work/ozone/ozone/hadoop-ozone/integration-test/target/test-dir/MiniOzoneClusterImpl-5d1c2165-a83d-4eb5-a2bf-ae35b2f22424/datanode-3/data-0/containers/hdds to VolumeSet
2024-02-06 10:04:50,084 [main] INFO  volume.MutableVolumeSet (MutableVolumeSet.java:initializeVolumeSet(173)) - Added Volume : /home/runner/work/ozone/ozone/hadoop-ozone/integration-test/target/test-dir/MiniOzoneClusterImpl-5d1c2165-a83d-4eb5-a2bf-ae35b2f22424/datanode-3/data/ratis to VolumeSet
2024-02-06 10:04:50,085 [main] INFO  ozoneimpl.OzoneContainer (HddsVolumeUtil.java:loadAllHddsVolumeDbStore(103)) - Load 1 volumes DbStore cost: 0ms
2024-02-06 10:04:50,086 [main] INFO  server.RaftServer (ConfUtils.java:logGet(46)) - raft.rpc.type = GRPC (default)
2024-02-06 10:04:50,086 [main] INFO  grpc.GrpcConfigKeys (ConfUtils.java:logFallback(53)) - raft.grpc.admin.host = null (fallback to raft.grpc.server.host)
2024-02-06 10:04:50,086 [main] INFO  grpc.GrpcConfigKeys (ConfUtils.java:logGet(46)) - raft.grpc.admin.port = 15485 (custom)
2024-02-06 10:04:50,087 [main] INFO  grpc.GrpcConfigKeys (ConfUtils.java:logFallback(53)) - raft.grpc.client.host = null (fallback to raft.grpc.server.host)
2024-02-06 10:04:50,087 [main] INFO  grpc.GrpcConfigKeys (ConfUtils.java:logGet(46)) - raft.grpc.client.port = 15484 (custom)
2024-02-06 10:04:50,087 [main] INFO  grpc.GrpcConfigKeys (ConfUtils.java:logGet(46)) - raft.grpc.server.host = null (default)
2024-02-06 10:04:50,087 [main] INFO  grpc.GrpcConfigKeys (ConfUtils.java:logGet(46)) - raft.grpc.server.port = 15486 (custom)
2024-02-06 10:04:50,087 [main] INFO  server.GrpcService (ConfUtils.java:logGet(46)) - raft.grpc.message.size.max = 32MB (=33554432) (custom)
2024-02-06 10:04:50,087 [main] INFO  server.RaftServerConfigKeys (ConfUtils.java:logGet(46)) - raft.server.log.appender.buffer.byte-limit = 8388608 (custom)
2024-02-06 10:04:50,087 [main] INFO  server.GrpcService (ConfUtils.java:logGet(46)) - raft.grpc.flow.control.window = 5MB (=5242880) (custom)
2024-02-06 10:04:50,087 [main] INFO  server.RaftServerConfigKeys (ConfUtils.java:logGet(46)) - raft.server.rpc.request.timeout = 3000ms (default)
2024-02-06 10:04:50,087 [main] INFO  grpc.GrpcConfigKeys (ConfUtils.java:logGet(46)) - raft.grpc.server.heartbeat.channel = true (default)
2024-02-06 10:04:50,087 [main] INFO  grpc.GrpcConfigKeys (ConfUtils.java:logGet(46)) - raft.grpc.server.async.request.thread.pool.cached = true (default)
2024-02-06 10:04:50,088 [main] INFO  grpc.GrpcConfigKeys (ConfUtils.java:logGet(46)) - raft.grpc.server.async.request.thread.pool.size = 32 (default)
2024-02-06 10:04:50,089 [main] INFO  impl.DataStreamServerImpl (ConfUtils.java:logGet(46)) - raft.datastream.type = NETTY (custom)
2024-02-06 10:04:50,089 [main] INFO  server.RaftServerConfigKeys (ConfUtils.java:logGet(46)) - raft.server.data-stream.async.request.thread.pool.cached = false (default)
2024-02-06 10:04:50,090 [main] INFO  server.RaftServerConfigKeys (ConfUtils.java:logGet(46)) - raft.server.data-stream.async.request.thread.pool.size = 20 (custom)
2024-02-06 10:04:50,090 [main] INFO  server.RaftServerConfigKeys (ConfUtils.java:logGet(46)) - raft.server.data-stream.async.write.thread.pool.size = 16 (default)
2024-02-06 10:04:50,090 [main] INFO  netty.NettyConfigKeys$DataStream (ConfUtils.java:logGet(46)) - raft.netty.dataStream.server.channel.inactive.grace-period = 10min (default)
2024-02-06 10:04:50,090 [main] INFO  server.RaftServerConfigKeys (ConfUtils.java:logGet(46)) - raft.server.data-stream.client.pool.size = 10 (default)
2024-02-06 10:04:50,090 [main] INFO  netty.NettyConfigKeys$DataStream (ConfUtils.java:logGet(46)) - raft.netty.dataStream.server.use-epoll = true (default)
2024-02-06 10:04:50,090 [main] INFO  netty.NettyConfigKeys$DataStream (ConfUtils.java:logGet(46)) - raft.netty.dataStream.server.boss-group.size = 0 (default)
2024-02-06 10:04:50,090 [main] INFO  netty.NettyUtils (NettyUtils.java:newEventLoopGroup(69)) - Create EpollEventLoopGroup for c6296721-c547-473a-9a19-ee5b14f2eab7-NettyServerStreamRpc-bossGroup; Thread size is 0.
2024-02-06 10:04:50,090 [main] INFO  netty.NettyConfigKeys$DataStream (ConfUtils.java:logGet(46)) - raft.netty.dataStream.server.worker-group.size = 0 (default)
2024-02-06 10:04:50,091 [main] INFO  netty.NettyUtils (NettyUtils.java:newEventLoopGroup(69)) - Create EpollEventLoopGroup for c6296721-c547-473a-9a19-ee5b14f2eab7-NettyServerStreamRpc-workerGroup; Thread size is 0.
2024-02-06 10:04:50,091 [main] INFO  netty.NettyConfigKeys$DataStream (ConfUtils.java:logGet(46)) - raft.netty.dataStream.server.tls.conf = null (default)
2024-02-06 10:04:50,091 [main] INFO  netty.NettyConfigKeys$DataStream (ConfUtils.java:logGet(46)) - raft.netty.dataStream.host = null (default)
2024-02-06 10:04:50,091 [main] INFO  netty.NettyConfigKeys$DataStream (ConfUtils.java:logGet(46)) - raft.netty.dataStream.port = 15487 (custom)
2024-02-06 10:04:50,091 [main] INFO  server.RaftServerConfigKeys (ConfUtils.java:logGet(46)) - raft.server.sleep.deviation.threshold = 300ms (default)
2024-02-06 10:04:50,092 [c6296721-c547-473a-9a19-ee5b14f2eab7-NettyServerStreamRpc-bossGroup--thread1] INFO  logging.LoggingHandler (AbstractInternalLogger.java:log(148)) - [id: 0xd57703a3] REGISTERED
2024-02-06 10:04:50,092 [main] INFO  server.RaftServerConfigKeys (ConfUtils.java:logGet(46)) - raft.server.close.threshold = 60s (default)
2024-02-06 10:04:50,092 [c6296721-c547-473a-9a19-ee5b14f2eab7-NettyServerStreamRpc-bossGroup--thread1] INFO  logging.LoggingHandler (AbstractInternalLogger.java:log(148)) - [id: 0xd57703a3] BIND: 0.0.0.0/0.0.0.0:15487
2024-02-06 10:04:50,092 [main] INFO  server.RaftServerConfigKeys (ConfUtils.java:logGet(46)) - raft.server.leaderelection.leader.step-down.wait-time = 10s (default)
2024-02-06 10:04:50,092 [c6296721-c547-473a-9a19-ee5b14f2eab7-NettyServerStreamRpc-bossGroup--thread1] INFO  logging.LoggingHandler (AbstractInternalLogger.java:log(148)) - [id: 0xd57703a3, L:/0.0.0.0:15487] ACTIVE
2024-02-06 10:04:50,092 [main] INFO  server.RaftServerConfigKeys (ConfUtils.java:logGet(46)) - raft.server.storage.dir = [/home/runner/work/ozone/ozone/hadoop-ozone/integration-test/target/test-dir/MiniOzoneClusterImpl-5d1c2165-a83d-4eb5-a2bf-ae35b2f22424/datanode-3/data/ratis] (custom)
2024-02-06 10:04:50,092 [main] INFO  server.RaftServerConfigKeys (ConfUtils.java:logGet(46)) - raft.server.threadpool.proxy.cached = true (default)
2024-02-06 10:04:50,093 [main] INFO  server.RaftServerConfigKeys (ConfUtils.java:logGet(46)) - raft.server.threadpool.proxy.size = 0 (default)
2024-02-06 10:04:50,093 [c6296721-c547-473a-9a19-ee5b14f2eab7-impl-thread1] INFO  server.RaftServer (RaftServerProxy.java:initGroupDir(264)) - c6296721-c547-473a-9a19-ee5b14f2eab7: found a subdirectory /home/runner/work/ozone/ozone/hadoop-ozone/integration-test/target/test-dir/MiniOzoneClusterImpl-5d1c2165-a83d-4eb5-a2bf-ae35b2f22424/datanode-3/data/ratis/tmp
2024-02-06 10:04:50,093 [c6296721-c547-473a-9a19-ee5b14f2eab7-impl-thread1] INFO  server.RaftServer (RaftServerProxy.java:initGroupDir(269)) - c6296721-c547-473a-9a19-ee5b14f2eab7: The directory /home/runner/work/ozone/ozone/hadoop-ozone/integration-test/target/test-dir/MiniOzoneClusterImpl-5d1c2165-a83d-4eb5-a2bf-ae35b2f22424/datanode-3/data/ratis/tmp is not a group directory; ignoring it. 
2024-02-06 10:04:50,093 [main] INFO  replication.ReplicationServer (ReplicationServer.java:<init>(86)) - Initializing replication server with thread count = 10 queue length = 4096
2024-02-06 10:04:50,094 [main] INFO  server.XceiverServerGrpc (XceiverServerGrpc.java:<init>(141)) - GrpcServer channel type EpollServerSocketChannel
2024-02-06 10:04:50,095 [main] INFO  replication.ReplicationSupervisor (ReplicationSupervisor.java:build(163)) - Initializing replication supervisor with thread count = 10
2024-02-06 10:04:50,096 [main] INFO  replication.ReplicationSupervisor (ReplicationSupervisor.java:nodeStateUpdated(317)) - Node state updated to IN_SERVICE, scaling executor pool size to 10
2024-02-06 10:04:50,097 [main] INFO  http.BaseHttpServer (BaseHttpServer.java:newHttpServer2BuilderForOzone(223)) - Starting Web-server for hddsDatanode at: http://0.0.0.0:15481
2024-02-06 10:04:50,097 [main] INFO  http.BaseHttpServer (BaseHttpServer.java:<init>(110)) - Hadoop Security Enabled: false Ozone Security Enabled: false Ozone HTTP Security Enabled: false 
2024-02-06 10:04:50,098 [main] WARN  server.AuthenticationFilter (AuthenticationFilter.java:constructSecretProvider(240)) - Unable to initialize FileSignerSecretProvider, falling back to use random secrets. Reason: Could not read signature secret file: /home/runner/hadoop-http-auth-signature-secret
2024-02-06 10:04:50,098 [main] INFO  http.HttpRequestLog (HttpRequestLog.java:getRequestLog(86)) - Http request log for http.requests.hddsDatanode is not defined
2024-02-06 10:04:50,099 [main] INFO  http.HttpServer2 (HttpServer2.java:addGlobalFilter(1036)) - Added global filter 'safety' (class=org.apache.hadoop.hdds.server.http.HttpServer2$QuotingInputFilter)
2024-02-06 10:04:50,099 [main] INFO  http.HttpServer2 (HttpServer2.java:addFilter(1012)) - Added filter static_user_filter (class=org.apache.hadoop.http.lib.StaticUserWebFilter$StaticUserFilter) to context hddsDatanode
2024-02-06 10:04:50,099 [main] INFO  http.HttpServer2 (HttpServer2.java:addFilter(1020)) - Added filter static_user_filter (class=org.apache.hadoop.http.lib.StaticUserWebFilter$StaticUserFilter) to context logs
2024-02-06 10:04:50,100 [main] INFO  http.HttpServer2 (HttpServer2.java:addFilter(1020)) - Added filter static_user_filter (class=org.apache.hadoop.http.lib.StaticUserWebFilter$StaticUserFilter) to context static
2024-02-06 10:04:50,100 [main] INFO  http.BaseHttpServer (BaseHttpServer.java:<init>(189)) - HTTP server of hddsDatanode uses base directory /home/runner/work/ozone/ozone/hadoop-ozone/integration-test/target/test-dir/MiniOzoneClusterImpl-5d1c2165-a83d-4eb5-a2bf-ae35b2f22424/datanode-3/meta/webserver
2024-02-06 10:04:50,100 [main] INFO  http.HttpServer2 (HttpServer2.java:bindListener(1236)) - Jetty bound to port 15481
2024-02-06 10:04:50,100 [main] INFO  server.Server (Server.java:doStart(375)) - jetty-9.4.53.v20231009; built: 2023-10-09T12:29:09.265Z; git: 27bde00a0b95a1d5bbee0eae7984f891d2d0f8c9; jvm 1.8.0_402-b06
2024-02-06 10:04:50,101 [main] INFO  server.session (DefaultSessionIdManager.java:doStart(334)) - DefaultSessionIdManager workerName=node0
2024-02-06 10:04:50,101 [main] INFO  server.session (DefaultSessionIdManager.java:doStart(339)) - No SessionScavenger set, using defaults
2024-02-06 10:04:50,101 [main] INFO  server.session (HouseKeeper.java:startScavenging(132)) - node0 Scavenging every 600000ms
2024-02-06 10:04:50,102 [main] INFO  handler.ContextHandler (ContextHandler.java:doStart(921)) - Started o.e.j.s.ServletContextHandler@2e9680e2{logs,/logs,file:///home/runner/work/ozone/ozone/hadoop-ozone/integration-test/target/log,AVAILABLE}
2024-02-06 10:04:50,102 [main] INFO  handler.ContextHandler (ContextHandler.java:doStart(921)) - Started o.e.j.s.ServletContextHandler@1ba948b5{static,/static,jar:file:/home/runner/.m2/repository/org/apache/ozone/hdds-container-service/1.5.0-SNAPSHOT/hdds-container-service-1.5.0-SNAPSHOT.jar!/webapps/static,AVAILABLE}
2024-02-06 10:04:50,134 [main] INFO  handler.ContextHandler (ContextHandler.java:doStart(921)) - Started o.e.j.w.WebAppContext@5365c33b{hddsDatanode,/,file:///home/runner/work/ozone/ozone/hadoop-ozone/integration-test/target/test-dir/MiniOzoneClusterImpl-5d1c2165-a83d-4eb5-a2bf-ae35b2f22424/datanode-3/meta/webserver/jetty-0_0_0_0-15481-hdds-container-service-1_5_0-SNAPSHOT_jar-_-any-2698609560792057622/webapp/,AVAILABLE}{jar:file:/home/runner/.m2/repository/org/apache/ozone/hdds-container-service/1.5.0-SNAPSHOT/hdds-container-service-1.5.0-SNAPSHOT.jar!/webapps/hddsDatanode}
2024-02-06 10:04:50,134 [main] INFO  server.AbstractConnector (AbstractConnector.java:doStart(333)) - Started ServerConnector@2f7e303e{HTTP/1.1, (http/1.1)}{0.0.0.0:15481}
2024-02-06 10:04:50,134 [main] INFO  server.Server (Server.java:doStart(415)) - Started @172184ms
2024-02-06 10:04:50,134 [main] WARN  impl.MetricsSystemImpl (MetricsSystemImpl.java:register(279)) - Sink prometheus already exists!
2024-02-06 10:04:50,135 [main] INFO  http.BaseHttpServer (BaseHttpServer.java:updateConnectorAddress(354)) - HTTP server of hddsDatanode listening at http://0.0.0.0:15481
2024-02-06 10:04:50,135 [main] INFO  ipc.CallQueueManager (CallQueueManager.java:<init>(90)) - Using callQueue: class java.util.concurrent.LinkedBlockingQueue, queueCapacity: 100, scheduler: class org.apache.hadoop.ipc.DefaultRpcScheduler, ipcBackoff: false.
2024-02-06 10:04:50,135 [main] INFO  ipc.Server (Server.java:<init>(1287)) - Listener at 0.0.0.0:15482
2024-02-06 10:04:50,136 [Socket Reader #1 for port 15482] INFO  ipc.Server (Server.java:run(1323)) - Starting Socket Reader #1 for port 15482
2024-02-06 10:04:50,137 [main] INFO  ozone.HddsDatanodeService (HddsDatanodeService.java:start(327)) - Datanode start with admins: [runner]
2024-02-06 10:04:50,138 [main] INFO  ozone.HddsDatanodeClientProtocolServer (HddsDatanodeClientProtocolServer.java:start(72)) - RPC server for Client /0.0.0.0:15482
2024-02-06 10:04:50,138 [IPC Server Responder] INFO  ipc.Server (Server.java:run(1562)) - IPC Server Responder: starting
2024-02-06 10:04:50,138 [IPC Server listener on 15482] INFO  ipc.Server (Server.java:run(1402)) - IPC Server listener on 15482: starting
2024-02-06 10:04:50,138 [c6296721-c547-473a-9a19-ee5b14f2eab7-DatanodeStateMachineDaemonThread] INFO  statemachine.DatanodeStateMachine (DatanodeStateMachine.java:lambda$startDaemon$1(555)) - Ozone container server started.
2024-02-06 10:04:50,139 [main] WARN  dropwizard3.Dm3MetricRegistriesImpl (Dm3MetricRegistriesImpl.java:addReporterRegistration(113)) - New reporters are added after registries were created. Some metrics will be missing from the reporter. Please add reporter before adding any new registry.
2024-02-06 10:04:50,139 [main] WARN  dropwizard3.Dm3MetricRegistriesImpl (Dm3MetricRegistriesImpl.java:addReporterRegistration(113)) - New reporters are added after registries were created. Some metrics will be missing from the reporter. Please add reporter before adding any new registry.
2024-02-06 10:04:50,139 [main] INFO  impl.MetricsSystemImpl (MetricsSystemImpl.java:init(158)) - HddsDatanode metrics system started (again)
2024-02-06 10:04:50,146 [c6296721-c547-473a-9a19-ee5b14f2eab7-DatanodeStateMachineTaskThread-0] INFO  datanode.InitDatanodeState (InitDatanodeState.java:persistContainerDatanodeDetails(139)) - DatanodeDetails is persisted to /home/runner/work/ozone/ozone/hadoop-ozone/integration-test/target/test-dir/MiniOzoneClusterImpl-5d1c2165-a83d-4eb5-a2bf-ae35b2f22424/datanode-3/meta/datanode.id
2024-02-06 10:04:50,153 [main] INFO  ozone.HddsDatanodeService (HddsDatanodeService.java:start(240)) - HddsDatanodeService host:fv-az776-296 ip:10.1.0.5
2024-02-06 10:04:50,175 [main] INFO  upgrade.AbstractLayoutVersionManager (AbstractLayoutVersionManager.java:init(83)) - Initializing Layout version manager with metadata layout = HADOOP_PRC_PORTS_IN_DATANODEDETAILS (version = 7), software layout = HADOOP_PRC_PORTS_IN_DATANODEDETAILS (version = 7)
2024-02-06 10:04:50,175 [main] INFO  statemachine.DatanodeStateMachine (DatanodeStateMachine.java:getEndPointTaskThreadPoolSize(299)) - Datanode State Machine Task Thread Pool size 2
2024-02-06 10:04:50,176 [main] INFO  volume.HddsVolume (HddsVolume.java:<init>(125)) - Creating HddsVolume: /home/runner/work/ozone/ozone/hadoop-ozone/integration-test/target/test-dir/MiniOzoneClusterImpl-5d1c2165-a83d-4eb5-a2bf-ae35b2f22424/datanode-4/data-0/containers/hdds of storage type : DISK capacity : 9223372036854775807
2024-02-06 10:04:50,176 [main] INFO  volume.MutableVolumeSet (MutableVolumeSet.java:initializeVolumeSet(173)) - Added Volume : /home/runner/work/ozone/ozone/hadoop-ozone/integration-test/target/test-dir/MiniOzoneClusterImpl-5d1c2165-a83d-4eb5-a2bf-ae35b2f22424/datanode-4/data-0/containers/hdds to VolumeSet
2024-02-06 10:04:50,177 [main] INFO  volume.MutableVolumeSet (MutableVolumeSet.java:initializeVolumeSet(173)) - Added Volume : /home/runner/work/ozone/ozone/hadoop-ozone/integration-test/target/test-dir/MiniOzoneClusterImpl-5d1c2165-a83d-4eb5-a2bf-ae35b2f22424/datanode-4/data/ratis to VolumeSet
2024-02-06 10:04:50,177 [main] INFO  ozoneimpl.OzoneContainer (HddsVolumeUtil.java:loadAllHddsVolumeDbStore(103)) - Load 1 volumes DbStore cost: 0ms
2024-02-06 10:04:50,178 [main] INFO  server.RaftServer (ConfUtils.java:logGet(46)) - raft.rpc.type = GRPC (default)
2024-02-06 10:04:50,178 [main] INFO  grpc.GrpcConfigKeys (ConfUtils.java:logFallback(53)) - raft.grpc.admin.host = null (fallback to raft.grpc.server.host)
2024-02-06 10:04:50,179 [main] INFO  grpc.GrpcConfigKeys (ConfUtils.java:logGet(46)) - raft.grpc.admin.port = 15494 (custom)
2024-02-06 10:04:50,179 [main] INFO  grpc.GrpcConfigKeys (ConfUtils.java:logFallback(53)) - raft.grpc.client.host = null (fallback to raft.grpc.server.host)
2024-02-06 10:04:50,179 [main] INFO  grpc.GrpcConfigKeys (ConfUtils.java:logGet(46)) - raft.grpc.client.port = 15493 (custom)
2024-02-06 10:04:50,179 [main] INFO  grpc.GrpcConfigKeys (ConfUtils.java:logGet(46)) - raft.grpc.server.host = null (default)
2024-02-06 10:04:50,179 [main] INFO  grpc.GrpcConfigKeys (ConfUtils.java:logGet(46)) - raft.grpc.server.port = 15495 (custom)
2024-02-06 10:04:50,179 [main] INFO  server.GrpcService (ConfUtils.java:logGet(46)) - raft.grpc.message.size.max = 32MB (=33554432) (custom)
2024-02-06 10:04:50,179 [main] INFO  server.RaftServerConfigKeys (ConfUtils.java:logGet(46)) - raft.server.log.appender.buffer.byte-limit = 8388608 (custom)
2024-02-06 10:04:50,179 [main] INFO  server.GrpcService (ConfUtils.java:logGet(46)) - raft.grpc.flow.control.window = 5MB (=5242880) (custom)
2024-02-06 10:04:50,179 [main] INFO  server.RaftServerConfigKeys (ConfUtils.java:logGet(46)) - raft.server.rpc.request.timeout = 3000ms (default)
2024-02-06 10:04:50,179 [main] INFO  grpc.GrpcConfigKeys (ConfUtils.java:logGet(46)) - raft.grpc.server.heartbeat.channel = true (default)
2024-02-06 10:04:50,180 [main] INFO  grpc.GrpcConfigKeys (ConfUtils.java:logGet(46)) - raft.grpc.server.async.request.thread.pool.cached = true (default)
2024-02-06 10:04:50,180 [main] INFO  grpc.GrpcConfigKeys (ConfUtils.java:logGet(46)) - raft.grpc.server.async.request.thread.pool.size = 32 (default)
2024-02-06 10:04:50,181 [main] INFO  impl.DataStreamServerImpl (ConfUtils.java:logGet(46)) - raft.datastream.type = NETTY (custom)
2024-02-06 10:04:50,182 [main] INFO  server.RaftServerConfigKeys (ConfUtils.java:logGet(46)) - raft.server.data-stream.async.request.thread.pool.cached = false (default)
2024-02-06 10:04:50,182 [main] INFO  server.RaftServerConfigKeys (ConfUtils.java:logGet(46)) - raft.server.data-stream.async.request.thread.pool.size = 20 (custom)
2024-02-06 10:04:50,182 [main] INFO  server.RaftServerConfigKeys (ConfUtils.java:logGet(46)) - raft.server.data-stream.async.write.thread.pool.size = 16 (default)
2024-02-06 10:04:50,182 [main] INFO  netty.NettyConfigKeys$DataStream (ConfUtils.java:logGet(46)) - raft.netty.dataStream.server.channel.inactive.grace-period = 10min (default)
2024-02-06 10:04:50,182 [main] INFO  server.RaftServerConfigKeys (ConfUtils.java:logGet(46)) - raft.server.data-stream.client.pool.size = 10 (default)
2024-02-06 10:04:50,182 [main] INFO  netty.NettyConfigKeys$DataStream (ConfUtils.java:logGet(46)) - raft.netty.dataStream.server.use-epoll = true (default)
2024-02-06 10:04:50,182 [main] INFO  netty.NettyConfigKeys$DataStream (ConfUtils.java:logGet(46)) - raft.netty.dataStream.server.boss-group.size = 0 (default)
2024-02-06 10:04:50,182 [main] INFO  netty.NettyUtils (NettyUtils.java:newEventLoopGroup(69)) - Create EpollEventLoopGroup for 3668fcd7-5f50-4258-afea-ecf4a9b92dd6-NettyServerStreamRpc-bossGroup; Thread size is 0.
2024-02-06 10:04:50,183 [main] INFO  netty.NettyConfigKeys$DataStream (ConfUtils.java:logGet(46)) - raft.netty.dataStream.server.worker-group.size = 0 (default)
2024-02-06 10:04:50,183 [main] INFO  netty.NettyUtils (NettyUtils.java:newEventLoopGroup(69)) - Create EpollEventLoopGroup for 3668fcd7-5f50-4258-afea-ecf4a9b92dd6-NettyServerStreamRpc-workerGroup; Thread size is 0.
2024-02-06 10:04:50,183 [main] INFO  netty.NettyConfigKeys$DataStream (ConfUtils.java:logGet(46)) - raft.netty.dataStream.server.tls.conf = null (default)
2024-02-06 10:04:50,183 [main] INFO  netty.NettyConfigKeys$DataStream (ConfUtils.java:logGet(46)) - raft.netty.dataStream.host = null (default)
2024-02-06 10:04:50,183 [main] INFO  netty.NettyConfigKeys$DataStream (ConfUtils.java:logGet(46)) - raft.netty.dataStream.port = 15496 (custom)
2024-02-06 10:04:50,184 [main] INFO  server.RaftServerConfigKeys (ConfUtils.java:logGet(46)) - raft.server.sleep.deviation.threshold = 300ms (default)
2024-02-06 10:04:50,184 [3668fcd7-5f50-4258-afea-ecf4a9b92dd6-NettyServerStreamRpc-bossGroup--thread1] INFO  logging.LoggingHandler (AbstractInternalLogger.java:log(148)) - [id: 0x04e7224c] REGISTERED
2024-02-06 10:04:50,184 [main] INFO  server.RaftServerConfigKeys (ConfUtils.java:logGet(46)) - raft.server.close.threshold = 60s (default)
2024-02-06 10:04:50,184 [3668fcd7-5f50-4258-afea-ecf4a9b92dd6-NettyServerStreamRpc-bossGroup--thread1] INFO  logging.LoggingHandler (AbstractInternalLogger.java:log(148)) - [id: 0x04e7224c] BIND: 0.0.0.0/0.0.0.0:15496
2024-02-06 10:04:50,184 [main] INFO  server.RaftServerConfigKeys (ConfUtils.java:logGet(46)) - raft.server.leaderelection.leader.step-down.wait-time = 10s (default)
2024-02-06 10:04:50,184 [3668fcd7-5f50-4258-afea-ecf4a9b92dd6-NettyServerStreamRpc-bossGroup--thread1] INFO  logging.LoggingHandler (AbstractInternalLogger.java:log(148)) - [id: 0x04e7224c, L:/0.0.0.0:15496] ACTIVE
2024-02-06 10:04:50,185 [main] INFO  server.RaftServerConfigKeys (ConfUtils.java:logGet(46)) - raft.server.storage.dir = [/home/runner/work/ozone/ozone/hadoop-ozone/integration-test/target/test-dir/MiniOzoneClusterImpl-5d1c2165-a83d-4eb5-a2bf-ae35b2f22424/datanode-4/data/ratis] (custom)
2024-02-06 10:04:50,185 [main] INFO  server.RaftServerConfigKeys (ConfUtils.java:logGet(46)) - raft.server.threadpool.proxy.cached = true (default)
2024-02-06 10:04:50,185 [main] INFO  server.RaftServerConfigKeys (ConfUtils.java:logGet(46)) - raft.server.threadpool.proxy.size = 0 (default)
2024-02-06 10:04:50,185 [3668fcd7-5f50-4258-afea-ecf4a9b92dd6-impl-thread1] INFO  server.RaftServer (RaftServerProxy.java:initGroupDir(264)) - 3668fcd7-5f50-4258-afea-ecf4a9b92dd6: found a subdirectory /home/runner/work/ozone/ozone/hadoop-ozone/integration-test/target/test-dir/MiniOzoneClusterImpl-5d1c2165-a83d-4eb5-a2bf-ae35b2f22424/datanode-4/data/ratis/tmp
2024-02-06 10:04:50,185 [3668fcd7-5f50-4258-afea-ecf4a9b92dd6-impl-thread1] INFO  server.RaftServer (RaftServerProxy.java:initGroupDir(269)) - 3668fcd7-5f50-4258-afea-ecf4a9b92dd6: The directory /home/runner/work/ozone/ozone/hadoop-ozone/integration-test/target/test-dir/MiniOzoneClusterImpl-5d1c2165-a83d-4eb5-a2bf-ae35b2f22424/datanode-4/data/ratis/tmp is not a group directory; ignoring it. 
2024-02-06 10:04:50,186 [main] INFO  replication.ReplicationServer (ReplicationServer.java:<init>(86)) - Initializing replication server with thread count = 10 queue length = 4096
2024-02-06 10:04:50,187 [main] INFO  server.XceiverServerGrpc (XceiverServerGrpc.java:<init>(141)) - GrpcServer channel type EpollServerSocketChannel
2024-02-06 10:04:50,188 [main] INFO  replication.ReplicationSupervisor (ReplicationSupervisor.java:build(163)) - Initializing replication supervisor with thread count = 10
2024-02-06 10:04:50,188 [main] INFO  replication.ReplicationSupervisor (ReplicationSupervisor.java:nodeStateUpdated(317)) - Node state updated to IN_SERVICE, scaling executor pool size to 10
2024-02-06 10:04:50,189 [main] INFO  http.BaseHttpServer (BaseHttpServer.java:newHttpServer2BuilderForOzone(223)) - Starting Web-server for hddsDatanode at: http://0.0.0.0:15490
2024-02-06 10:04:50,190 [main] INFO  http.BaseHttpServer (BaseHttpServer.java:<init>(110)) - Hadoop Security Enabled: false Ozone Security Enabled: false Ozone HTTP Security Enabled: false 
2024-02-06 10:04:50,190 [main] WARN  server.AuthenticationFilter (AuthenticationFilter.java:constructSecretProvider(240)) - Unable to initialize FileSignerSecretProvider, falling back to use random secrets. Reason: Could not read signature secret file: /home/runner/hadoop-http-auth-signature-secret
2024-02-06 10:04:50,191 [main] INFO  http.HttpRequestLog (HttpRequestLog.java:getRequestLog(86)) - Http request log for http.requests.hddsDatanode is not defined
2024-02-06 10:04:50,191 [main] INFO  http.HttpServer2 (HttpServer2.java:addGlobalFilter(1036)) - Added global filter 'safety' (class=org.apache.hadoop.hdds.server.http.HttpServer2$QuotingInputFilter)
2024-02-06 10:04:50,192 [main] INFO  http.HttpServer2 (HttpServer2.java:addFilter(1012)) - Added filter static_user_filter (class=org.apache.hadoop.http.lib.StaticUserWebFilter$StaticUserFilter) to context hddsDatanode
2024-02-06 10:04:50,192 [main] INFO  http.HttpServer2 (HttpServer2.java:addFilter(1020)) - Added filter static_user_filter (class=org.apache.hadoop.http.lib.StaticUserWebFilter$StaticUserFilter) to context static
2024-02-06 10:04:50,192 [main] INFO  http.HttpServer2 (HttpServer2.java:addFilter(1020)) - Added filter static_user_filter (class=org.apache.hadoop.http.lib.StaticUserWebFilter$StaticUserFilter) to context logs
2024-02-06 10:04:50,192 [main] INFO  http.BaseHttpServer (BaseHttpServer.java:<init>(189)) - HTTP server of hddsDatanode uses base directory /home/runner/work/ozone/ozone/hadoop-ozone/integration-test/target/test-dir/MiniOzoneClusterImpl-5d1c2165-a83d-4eb5-a2bf-ae35b2f22424/datanode-4/meta/webserver
2024-02-06 10:04:50,192 [main] INFO  http.HttpServer2 (HttpServer2.java:bindListener(1236)) - Jetty bound to port 15490
2024-02-06 10:04:50,193 [main] INFO  server.Server (Server.java:doStart(375)) - jetty-9.4.53.v20231009; built: 2023-10-09T12:29:09.265Z; git: 27bde00a0b95a1d5bbee0eae7984f891d2d0f8c9; jvm 1.8.0_402-b06
2024-02-06 10:04:50,193 [main] INFO  server.session (DefaultSessionIdManager.java:doStart(334)) - DefaultSessionIdManager workerName=node0
2024-02-06 10:04:50,194 [main] INFO  server.session (DefaultSessionIdManager.java:doStart(339)) - No SessionScavenger set, using defaults
2024-02-06 10:04:50,194 [main] INFO  server.session (HouseKeeper.java:startScavenging(132)) - node0 Scavenging every 660000ms
2024-02-06 10:04:50,194 [main] INFO  handler.ContextHandler (ContextHandler.java:doStart(921)) - Started o.e.j.s.ServletContextHandler@138a1181{logs,/logs,file:///home/runner/work/ozone/ozone/hadoop-ozone/integration-test/target/log,AVAILABLE}
2024-02-06 10:04:50,195 [main] INFO  handler.ContextHandler (ContextHandler.java:doStart(921)) - Started o.e.j.s.ServletContextHandler@1aa21c8a{static,/static,jar:file:/home/runner/.m2/repository/org/apache/ozone/hdds-container-service/1.5.0-SNAPSHOT/hdds-container-service-1.5.0-SNAPSHOT.jar!/webapps/static,AVAILABLE}
2024-02-06 10:04:50,226 [main] INFO  handler.ContextHandler (ContextHandler.java:doStart(921)) - Started o.e.j.w.WebAppContext@6ef0f225{hddsDatanode,/,file:///home/runner/work/ozone/ozone/hadoop-ozone/integration-test/target/test-dir/MiniOzoneClusterImpl-5d1c2165-a83d-4eb5-a2bf-ae35b2f22424/datanode-4/meta/webserver/jetty-0_0_0_0-15490-hdds-container-service-1_5_0-SNAPSHOT_jar-_-any-6672258092020696830/webapp/,AVAILABLE}{jar:file:/home/runner/.m2/repository/org/apache/ozone/hdds-container-service/1.5.0-SNAPSHOT/hdds-container-service-1.5.0-SNAPSHOT.jar!/webapps/hddsDatanode}
2024-02-06 10:04:50,226 [main] INFO  server.AbstractConnector (AbstractConnector.java:doStart(333)) - Started ServerConnector@1b6cfea8{HTTP/1.1, (http/1.1)}{0.0.0.0:15490}
2024-02-06 10:04:50,227 [main] INFO  server.Server (Server.java:doStart(415)) - Started @172276ms
2024-02-06 10:04:50,227 [main] WARN  impl.MetricsSystemImpl (MetricsSystemImpl.java:register(279)) - Sink prometheus already exists!
2024-02-06 10:04:50,227 [main] INFO  http.BaseHttpServer (BaseHttpServer.java:updateConnectorAddress(354)) - HTTP server of hddsDatanode listening at http://0.0.0.0:15490
2024-02-06 10:04:50,228 [main] INFO  ipc.CallQueueManager (CallQueueManager.java:<init>(90)) - Using callQueue: class java.util.concurrent.LinkedBlockingQueue, queueCapacity: 100, scheduler: class org.apache.hadoop.ipc.DefaultRpcScheduler, ipcBackoff: false.
2024-02-06 10:04:50,228 [main] INFO  ipc.Server (Server.java:<init>(1287)) - Listener at 0.0.0.0:15491
2024-02-06 10:04:50,228 [Socket Reader #1 for port 15491] INFO  ipc.Server (Server.java:run(1323)) - Starting Socket Reader #1 for port 15491
2024-02-06 10:04:50,232 [main] INFO  ozone.HddsDatanodeService (HddsDatanodeService.java:start(327)) - Datanode start with admins: [runner]
2024-02-06 10:04:50,232 [main] INFO  ozone.HddsDatanodeClientProtocolServer (HddsDatanodeClientProtocolServer.java:start(72)) - RPC server for Client /0.0.0.0:15491
2024-02-06 10:04:50,232 [IPC Server Responder] INFO  ipc.Server (Server.java:run(1562)) - IPC Server Responder: starting
2024-02-06 10:04:50,232 [IPC Server listener on 15491] INFO  ipc.Server (Server.java:run(1402)) - IPC Server listener on 15491: starting
2024-02-06 10:04:50,234 [3668fcd7-5f50-4258-afea-ecf4a9b92dd6-DatanodeStateMachineDaemonThread] INFO  statemachine.DatanodeStateMachine (DatanodeStateMachine.java:lambda$startDaemon$1(555)) - Ozone container server started.
2024-02-06 10:04:50,234 [main] WARN  dropwizard3.Dm3MetricRegistriesImpl (Dm3MetricRegistriesImpl.java:addReporterRegistration(113)) - New reporters are added after registries were created. Some metrics will be missing from the reporter. Please add reporter before adding any new registry.
2024-02-06 10:04:50,234 [main] WARN  dropwizard3.Dm3MetricRegistriesImpl (Dm3MetricRegistriesImpl.java:addReporterRegistration(113)) - New reporters are added after registries were created. Some metrics will be missing from the reporter. Please add reporter before adding any new registry.
2024-02-06 10:04:50,234 [main] INFO  impl.MetricsSystemImpl (MetricsSystemImpl.java:init(158)) - HddsDatanode metrics system started (again)
2024-02-06 10:04:50,240 [3668fcd7-5f50-4258-afea-ecf4a9b92dd6-DatanodeStateMachineTaskThread-0] INFO  datanode.InitDatanodeState (InitDatanodeState.java:persistContainerDatanodeDetails(139)) - DatanodeDetails is persisted to /home/runner/work/ozone/ozone/hadoop-ozone/integration-test/target/test-dir/MiniOzoneClusterImpl-5d1c2165-a83d-4eb5-a2bf-ae35b2f22424/datanode-4/meta/datanode.id
2024-02-06 10:04:50,243 [main] INFO  ozone.HddsDatanodeService (HddsDatanodeService.java:start(240)) - HddsDatanodeService host:fv-az776-296 ip:10.1.0.5
2024-02-06 10:04:50,262 [main] INFO  upgrade.AbstractLayoutVersionManager (AbstractLayoutVersionManager.java:init(83)) - Initializing Layout version manager with metadata layout = HADOOP_PRC_PORTS_IN_DATANODEDETAILS (version = 7), software layout = HADOOP_PRC_PORTS_IN_DATANODEDETAILS (version = 7)
2024-02-06 10:04:50,263 [main] INFO  statemachine.DatanodeStateMachine (DatanodeStateMachine.java:getEndPointTaskThreadPoolSize(299)) - Datanode State Machine Task Thread Pool size 2
2024-02-06 10:04:50,263 [main] INFO  volume.HddsVolume (HddsVolume.java:<init>(125)) - Creating HddsVolume: /home/runner/work/ozone/ozone/hadoop-ozone/integration-test/target/test-dir/MiniOzoneClusterImpl-5d1c2165-a83d-4eb5-a2bf-ae35b2f22424/datanode-5/data-0/containers/hdds of storage type : DISK capacity : 9223372036854775807
2024-02-06 10:04:50,264 [main] INFO  volume.MutableVolumeSet (MutableVolumeSet.java:initializeVolumeSet(173)) - Added Volume : /home/runner/work/ozone/ozone/hadoop-ozone/integration-test/target/test-dir/MiniOzoneClusterImpl-5d1c2165-a83d-4eb5-a2bf-ae35b2f22424/datanode-5/data-0/containers/hdds to VolumeSet
2024-02-06 10:04:50,264 [main] INFO  volume.MutableVolumeSet (MutableVolumeSet.java:initializeVolumeSet(173)) - Added Volume : /home/runner/work/ozone/ozone/hadoop-ozone/integration-test/target/test-dir/MiniOzoneClusterImpl-5d1c2165-a83d-4eb5-a2bf-ae35b2f22424/datanode-5/data/ratis to VolumeSet
2024-02-06 10:04:50,264 [main] INFO  ozoneimpl.OzoneContainer (HddsVolumeUtil.java:loadAllHddsVolumeDbStore(103)) - Load 1 volumes DbStore cost: 0ms
2024-02-06 10:04:50,266 [main] INFO  server.RaftServer (ConfUtils.java:logGet(46)) - raft.rpc.type = GRPC (default)
2024-02-06 10:04:50,266 [main] INFO  grpc.GrpcConfigKeys (ConfUtils.java:logFallback(53)) - raft.grpc.admin.host = null (fallback to raft.grpc.server.host)
2024-02-06 10:04:50,266 [main] INFO  grpc.GrpcConfigKeys (ConfUtils.java:logGet(46)) - raft.grpc.admin.port = 15503 (custom)
2024-02-06 10:04:50,266 [main] INFO  grpc.GrpcConfigKeys (ConfUtils.java:logFallback(53)) - raft.grpc.client.host = null (fallback to raft.grpc.server.host)
2024-02-06 10:04:50,267 [main] INFO  grpc.GrpcConfigKeys (ConfUtils.java:logGet(46)) - raft.grpc.client.port = 15502 (custom)
2024-02-06 10:04:50,267 [main] INFO  grpc.GrpcConfigKeys (ConfUtils.java:logGet(46)) - raft.grpc.server.host = null (default)
2024-02-06 10:04:50,267 [main] INFO  grpc.GrpcConfigKeys (ConfUtils.java:logGet(46)) - raft.grpc.server.port = 15504 (custom)
2024-02-06 10:04:50,267 [main] INFO  server.GrpcService (ConfUtils.java:logGet(46)) - raft.grpc.message.size.max = 32MB (=33554432) (custom)
2024-02-06 10:04:50,267 [main] INFO  server.RaftServerConfigKeys (ConfUtils.java:logGet(46)) - raft.server.log.appender.buffer.byte-limit = 8388608 (custom)
2024-02-06 10:04:50,268 [main] INFO  server.GrpcService (ConfUtils.java:logGet(46)) - raft.grpc.flow.control.window = 5MB (=5242880) (custom)
2024-02-06 10:04:50,268 [main] INFO  server.RaftServerConfigKeys (ConfUtils.java:logGet(46)) - raft.server.rpc.request.timeout = 3000ms (default)
2024-02-06 10:04:50,268 [main] INFO  grpc.GrpcConfigKeys (ConfUtils.java:logGet(46)) - raft.grpc.server.heartbeat.channel = true (default)
2024-02-06 10:04:50,268 [main] INFO  grpc.GrpcConfigKeys (ConfUtils.java:logGet(46)) - raft.grpc.server.async.request.thread.pool.cached = true (default)
2024-02-06 10:04:50,268 [main] INFO  grpc.GrpcConfigKeys (ConfUtils.java:logGet(46)) - raft.grpc.server.async.request.thread.pool.size = 32 (default)
2024-02-06 10:04:50,270 [main] INFO  impl.DataStreamServerImpl (ConfUtils.java:logGet(46)) - raft.datastream.type = NETTY (custom)
2024-02-06 10:04:50,270 [main] INFO  server.RaftServerConfigKeys (ConfUtils.java:logGet(46)) - raft.server.data-stream.async.request.thread.pool.cached = false (default)
2024-02-06 10:04:50,271 [main] INFO  server.RaftServerConfigKeys (ConfUtils.java:logGet(46)) - raft.server.data-stream.async.request.thread.pool.size = 20 (custom)
2024-02-06 10:04:50,271 [main] INFO  server.RaftServerConfigKeys (ConfUtils.java:logGet(46)) - raft.server.data-stream.async.write.thread.pool.size = 16 (default)
2024-02-06 10:04:50,271 [main] INFO  netty.NettyConfigKeys$DataStream (ConfUtils.java:logGet(46)) - raft.netty.dataStream.server.channel.inactive.grace-period = 10min (default)
2024-02-06 10:04:50,271 [main] INFO  server.RaftServerConfigKeys (ConfUtils.java:logGet(46)) - raft.server.data-stream.client.pool.size = 10 (default)
2024-02-06 10:04:50,271 [main] INFO  netty.NettyConfigKeys$DataStream (ConfUtils.java:logGet(46)) - raft.netty.dataStream.server.use-epoll = true (default)
2024-02-06 10:04:50,272 [main] INFO  netty.NettyConfigKeys$DataStream (ConfUtils.java:logGet(46)) - raft.netty.dataStream.server.boss-group.size = 0 (default)
2024-02-06 10:04:50,272 [main] INFO  netty.NettyUtils (NettyUtils.java:newEventLoopGroup(69)) - Create EpollEventLoopGroup for d1d50a62-ae00-4aa1-bd49-1c13d08c4e54-NettyServerStreamRpc-bossGroup; Thread size is 0.
2024-02-06 10:04:50,272 [main] INFO  netty.NettyConfigKeys$DataStream (ConfUtils.java:logGet(46)) - raft.netty.dataStream.server.worker-group.size = 0 (default)
2024-02-06 10:04:50,272 [main] INFO  netty.NettyUtils (NettyUtils.java:newEventLoopGroup(69)) - Create EpollEventLoopGroup for d1d50a62-ae00-4aa1-bd49-1c13d08c4e54-NettyServerStreamRpc-workerGroup; Thread size is 0.
2024-02-06 10:04:50,273 [main] INFO  netty.NettyConfigKeys$DataStream (ConfUtils.java:logGet(46)) - raft.netty.dataStream.server.tls.conf = null (default)
2024-02-06 10:04:50,273 [main] INFO  netty.NettyConfigKeys$DataStream (ConfUtils.java:logGet(46)) - raft.netty.dataStream.host = null (default)
2024-02-06 10:04:50,273 [main] INFO  netty.NettyConfigKeys$DataStream (ConfUtils.java:logGet(46)) - raft.netty.dataStream.port = 15505 (custom)
2024-02-06 10:04:50,273 [main] INFO  server.RaftServerConfigKeys (ConfUtils.java:logGet(46)) - raft.server.sleep.deviation.threshold = 300ms (default)
2024-02-06 10:04:50,274 [main] INFO  server.RaftServerConfigKeys (ConfUtils.java:logGet(46)) - raft.server.close.threshold = 60s (default)
2024-02-06 10:04:50,274 [main] INFO  server.RaftServerConfigKeys (ConfUtils.java:logGet(46)) - raft.server.leaderelection.leader.step-down.wait-time = 10s (default)
2024-02-06 10:04:50,274 [main] INFO  server.RaftServerConfigKeys (ConfUtils.java:logGet(46)) - raft.server.storage.dir = [/home/runner/work/ozone/ozone/hadoop-ozone/integration-test/target/test-dir/MiniOzoneClusterImpl-5d1c2165-a83d-4eb5-a2bf-ae35b2f22424/datanode-5/data/ratis] (custom)
2024-02-06 10:04:50,274 [d1d50a62-ae00-4aa1-bd49-1c13d08c4e54-NettyServerStreamRpc-bossGroup--thread1] INFO  logging.LoggingHandler (AbstractInternalLogger.java:log(148)) - [id: 0x4149f490] REGISTERED
2024-02-06 10:04:50,274 [main] INFO  server.RaftServerConfigKeys (ConfUtils.java:logGet(46)) - raft.server.threadpool.proxy.cached = true (default)
2024-02-06 10:04:50,274 [d1d50a62-ae00-4aa1-bd49-1c13d08c4e54-NettyServerStreamRpc-bossGroup--thread1] INFO  logging.LoggingHandler (AbstractInternalLogger.java:log(148)) - [id: 0x4149f490] BIND: 0.0.0.0/0.0.0.0:15505
2024-02-06 10:04:50,274 [main] INFO  server.RaftServerConfigKeys (ConfUtils.java:logGet(46)) - raft.server.threadpool.proxy.size = 0 (default)
2024-02-06 10:04:50,274 [d1d50a62-ae00-4aa1-bd49-1c13d08c4e54-NettyServerStreamRpc-bossGroup--thread1] INFO  logging.LoggingHandler (AbstractInternalLogger.java:log(148)) - [id: 0x4149f490, L:/0.0.0.0:15505] ACTIVE
2024-02-06 10:04:50,275 [d1d50a62-ae00-4aa1-bd49-1c13d08c4e54-impl-thread1] INFO  server.RaftServer (RaftServerProxy.java:initGroupDir(264)) - d1d50a62-ae00-4aa1-bd49-1c13d08c4e54: found a subdirectory /home/runner/work/ozone/ozone/hadoop-ozone/integration-test/target/test-dir/MiniOzoneClusterImpl-5d1c2165-a83d-4eb5-a2bf-ae35b2f22424/datanode-5/data/ratis/tmp
2024-02-06 10:04:50,275 [d1d50a62-ae00-4aa1-bd49-1c13d08c4e54-impl-thread1] INFO  server.RaftServer (RaftServerProxy.java:initGroupDir(269)) - d1d50a62-ae00-4aa1-bd49-1c13d08c4e54: The directory /home/runner/work/ozone/ozone/hadoop-ozone/integration-test/target/test-dir/MiniOzoneClusterImpl-5d1c2165-a83d-4eb5-a2bf-ae35b2f22424/datanode-5/data/ratis/tmp is not a group directory; ignoring it. 
2024-02-06 10:04:50,275 [main] INFO  replication.ReplicationServer (ReplicationServer.java:<init>(86)) - Initializing replication server with thread count = 10 queue length = 4096
2024-02-06 10:04:50,276 [main] INFO  server.XceiverServerGrpc (XceiverServerGrpc.java:<init>(141)) - GrpcServer channel type EpollServerSocketChannel
2024-02-06 10:04:50,276 [main] INFO  replication.ReplicationSupervisor (ReplicationSupervisor.java:build(163)) - Initializing replication supervisor with thread count = 10
2024-02-06 10:04:50,277 [main] INFO  replication.ReplicationSupervisor (ReplicationSupervisor.java:nodeStateUpdated(317)) - Node state updated to IN_SERVICE, scaling executor pool size to 10
2024-02-06 10:04:50,278 [main] INFO  http.BaseHttpServer (BaseHttpServer.java:newHttpServer2BuilderForOzone(223)) - Starting Web-server for hddsDatanode at: http://0.0.0.0:15499
2024-02-06 10:04:50,278 [main] INFO  http.BaseHttpServer (BaseHttpServer.java:<init>(110)) - Hadoop Security Enabled: false Ozone Security Enabled: false Ozone HTTP Security Enabled: false 
2024-02-06 10:04:50,279 [main] WARN  server.AuthenticationFilter (AuthenticationFilter.java:constructSecretProvider(240)) - Unable to initialize FileSignerSecretProvider, falling back to use random secrets. Reason: Could not read signature secret file: /home/runner/hadoop-http-auth-signature-secret
2024-02-06 10:04:50,279 [main] INFO  http.HttpRequestLog (HttpRequestLog.java:getRequestLog(86)) - Http request log for http.requests.hddsDatanode is not defined
2024-02-06 10:04:50,279 [main] INFO  http.HttpServer2 (HttpServer2.java:addGlobalFilter(1036)) - Added global filter 'safety' (class=org.apache.hadoop.hdds.server.http.HttpServer2$QuotingInputFilter)
2024-02-06 10:04:50,280 [main] INFO  http.HttpServer2 (HttpServer2.java:addFilter(1012)) - Added filter static_user_filter (class=org.apache.hadoop.http.lib.StaticUserWebFilter$StaticUserFilter) to context hddsDatanode
2024-02-06 10:04:50,280 [main] INFO  http.HttpServer2 (HttpServer2.java:addFilter(1020)) - Added filter static_user_filter (class=org.apache.hadoop.http.lib.StaticUserWebFilter$StaticUserFilter) to context logs
2024-02-06 10:04:50,280 [main] INFO  http.HttpServer2 (HttpServer2.java:addFilter(1020)) - Added filter static_user_filter (class=org.apache.hadoop.http.lib.StaticUserWebFilter$StaticUserFilter) to context static
2024-02-06 10:04:50,280 [main] INFO  http.BaseHttpServer (BaseHttpServer.java:<init>(189)) - HTTP server of hddsDatanode uses base directory /home/runner/work/ozone/ozone/hadoop-ozone/integration-test/target/test-dir/MiniOzoneClusterImpl-5d1c2165-a83d-4eb5-a2bf-ae35b2f22424/datanode-5/meta/webserver
2024-02-06 10:04:50,281 [main] INFO  http.HttpServer2 (HttpServer2.java:bindListener(1236)) - Jetty bound to port 15499
2024-02-06 10:04:50,281 [main] INFO  server.Server (Server.java:doStart(375)) - jetty-9.4.53.v20231009; built: 2023-10-09T12:29:09.265Z; git: 27bde00a0b95a1d5bbee0eae7984f891d2d0f8c9; jvm 1.8.0_402-b06
2024-02-06 10:04:50,281 [main] INFO  server.session (DefaultSessionIdManager.java:doStart(334)) - DefaultSessionIdManager workerName=node0
2024-02-06 10:04:50,282 [main] INFO  server.session (DefaultSessionIdManager.java:doStart(339)) - No SessionScavenger set, using defaults
2024-02-06 10:04:50,282 [main] INFO  server.session (HouseKeeper.java:startScavenging(132)) - node0 Scavenging every 660000ms
2024-02-06 10:04:50,282 [main] INFO  handler.ContextHandler (ContextHandler.java:doStart(921)) - Started o.e.j.s.ServletContextHandler@4080ce41{logs,/logs,file:///home/runner/work/ozone/ozone/hadoop-ozone/integration-test/target/log,AVAILABLE}
2024-02-06 10:04:50,282 [main] INFO  handler.ContextHandler (ContextHandler.java:doStart(921)) - Started o.e.j.s.ServletContextHandler@79953d42{static,/static,jar:file:/home/runner/.m2/repository/org/apache/ozone/hdds-container-service/1.5.0-SNAPSHOT/hdds-container-service-1.5.0-SNAPSHOT.jar!/webapps/static,AVAILABLE}
2024-02-06 10:04:50,313 [main] INFO  handler.ContextHandler (ContextHandler.java:doStart(921)) - Started o.e.j.w.WebAppContext@3a4bfdb9{hddsDatanode,/,file:///home/runner/work/ozone/ozone/hadoop-ozone/integration-test/target/test-dir/MiniOzoneClusterImpl-5d1c2165-a83d-4eb5-a2bf-ae35b2f22424/datanode-5/meta/webserver/jetty-0_0_0_0-15499-hdds-container-service-1_5_0-SNAPSHOT_jar-_-any-8728282034156561643/webapp/,AVAILABLE}{jar:file:/home/runner/.m2/repository/org/apache/ozone/hdds-container-service/1.5.0-SNAPSHOT/hdds-container-service-1.5.0-SNAPSHOT.jar!/webapps/hddsDatanode}
2024-02-06 10:04:50,314 [main] INFO  server.AbstractConnector (AbstractConnector.java:doStart(333)) - Started ServerConnector@12f3c749{HTTP/1.1, (http/1.1)}{0.0.0.0:15499}
2024-02-06 10:04:50,314 [main] INFO  server.Server (Server.java:doStart(415)) - Started @172363ms
2024-02-06 10:04:50,314 [main] WARN  impl.MetricsSystemImpl (MetricsSystemImpl.java:register(279)) - Sink prometheus already exists!
2024-02-06 10:04:50,315 [main] INFO  http.BaseHttpServer (BaseHttpServer.java:updateConnectorAddress(354)) - HTTP server of hddsDatanode listening at http://0.0.0.0:15499
2024-02-06 10:04:50,315 [main] INFO  ipc.CallQueueManager (CallQueueManager.java:<init>(90)) - Using callQueue: class java.util.concurrent.LinkedBlockingQueue, queueCapacity: 100, scheduler: class org.apache.hadoop.ipc.DefaultRpcScheduler, ipcBackoff: false.
2024-02-06 10:04:50,315 [main] INFO  ipc.Server (Server.java:<init>(1287)) - Listener at 0.0.0.0:15500
2024-02-06 10:04:50,316 [Socket Reader #1 for port 15500] INFO  ipc.Server (Server.java:run(1323)) - Starting Socket Reader #1 for port 15500
2024-02-06 10:04:50,318 [main] INFO  ozone.HddsDatanodeService (HddsDatanodeService.java:start(327)) - Datanode start with admins: [runner]
2024-02-06 10:04:50,318 [main] INFO  ozone.HddsDatanodeClientProtocolServer (HddsDatanodeClientProtocolServer.java:start(72)) - RPC server for Client /0.0.0.0:15500
2024-02-06 10:04:50,318 [IPC Server Responder] INFO  ipc.Server (Server.java:run(1562)) - IPC Server Responder: starting
2024-02-06 10:04:50,318 [IPC Server listener on 15500] INFO  ipc.Server (Server.java:run(1402)) - IPC Server listener on 15500: starting
2024-02-06 10:04:50,320 [d1d50a62-ae00-4aa1-bd49-1c13d08c4e54-DatanodeStateMachineDaemonThread] INFO  statemachine.DatanodeStateMachine (DatanodeStateMachine.java:lambda$startDaemon$1(555)) - Ozone container server started.
2024-02-06 10:04:50,320 [main] WARN  dropwizard3.Dm3MetricRegistriesImpl (Dm3MetricRegistriesImpl.java:addReporterRegistration(113)) - New reporters are added after registries were created. Some metrics will be missing from the reporter. Please add reporter before adding any new registry.
2024-02-06 10:04:50,320 [main] WARN  dropwizard3.Dm3MetricRegistriesImpl (Dm3MetricRegistriesImpl.java:addReporterRegistration(113)) - New reporters are added after registries were created. Some metrics will be missing from the reporter. Please add reporter before adding any new registry.
2024-02-06 10:04:50,320 [main] INFO  impl.MetricsSystemImpl (MetricsSystemImpl.java:init(158)) - HddsDatanode metrics system started (again)
2024-02-06 10:04:50,322 [d1d50a62-ae00-4aa1-bd49-1c13d08c4e54-DatanodeStateMachineTaskThread-0] INFO  datanode.InitDatanodeState (InitDatanodeState.java:persistContainerDatanodeDetails(139)) - DatanodeDetails is persisted to /home/runner/work/ozone/ozone/hadoop-ozone/integration-test/target/test-dir/MiniOzoneClusterImpl-5d1c2165-a83d-4eb5-a2bf-ae35b2f22424/datanode-5/meta/datanode.id
2024-02-06 10:04:50,329 [main] INFO  ozone.HddsDatanodeService (HddsDatanodeService.java:start(240)) - HddsDatanodeService host:fv-az776-296 ip:10.1.0.5
2024-02-06 10:04:50,344 [main] INFO  upgrade.AbstractLayoutVersionManager (AbstractLayoutVersionManager.java:init(83)) - Initializing Layout version manager with metadata layout = HADOOP_PRC_PORTS_IN_DATANODEDETAILS (version = 7), software layout = HADOOP_PRC_PORTS_IN_DATANODEDETAILS (version = 7)
2024-02-06 10:04:50,344 [main] INFO  statemachine.DatanodeStateMachine (DatanodeStateMachine.java:getEndPointTaskThreadPoolSize(299)) - Datanode State Machine Task Thread Pool size 2
2024-02-06 10:04:50,345 [main] INFO  volume.HddsVolume (HddsVolume.java:<init>(125)) - Creating HddsVolume: /home/runner/work/ozone/ozone/hadoop-ozone/integration-test/target/test-dir/MiniOzoneClusterImpl-5d1c2165-a83d-4eb5-a2bf-ae35b2f22424/datanode-6/data-0/containers/hdds of storage type : DISK capacity : 9223372036854775807
2024-02-06 10:04:50,345 [main] INFO  volume.MutableVolumeSet (MutableVolumeSet.java:initializeVolumeSet(173)) - Added Volume : /home/runner/work/ozone/ozone/hadoop-ozone/integration-test/target/test-dir/MiniOzoneClusterImpl-5d1c2165-a83d-4eb5-a2bf-ae35b2f22424/datanode-6/data-0/containers/hdds to VolumeSet
2024-02-06 10:04:50,346 [main] INFO  volume.MutableVolumeSet (MutableVolumeSet.java:initializeVolumeSet(173)) - Added Volume : /home/runner/work/ozone/ozone/hadoop-ozone/integration-test/target/test-dir/MiniOzoneClusterImpl-5d1c2165-a83d-4eb5-a2bf-ae35b2f22424/datanode-6/data/ratis to VolumeSet
2024-02-06 10:04:50,346 [main] INFO  ozoneimpl.OzoneContainer (HddsVolumeUtil.java:loadAllHddsVolumeDbStore(103)) - Load 1 volumes DbStore cost: 0ms
2024-02-06 10:04:50,347 [main] INFO  server.RaftServer (ConfUtils.java:logGet(46)) - raft.rpc.type = GRPC (default)
2024-02-06 10:04:50,348 [main] INFO  grpc.GrpcConfigKeys (ConfUtils.java:logFallback(53)) - raft.grpc.admin.host = null (fallback to raft.grpc.server.host)
2024-02-06 10:04:50,348 [main] INFO  grpc.GrpcConfigKeys (ConfUtils.java:logGet(46)) - raft.grpc.admin.port = 15512 (custom)
2024-02-06 10:04:50,348 [main] INFO  grpc.GrpcConfigKeys (ConfUtils.java:logFallback(53)) - raft.grpc.client.host = null (fallback to raft.grpc.server.host)
2024-02-06 10:04:50,348 [main] INFO  grpc.GrpcConfigKeys (ConfUtils.java:logGet(46)) - raft.grpc.client.port = 15511 (custom)
2024-02-06 10:04:50,348 [main] INFO  grpc.GrpcConfigKeys (ConfUtils.java:logGet(46)) - raft.grpc.server.host = null (default)
2024-02-06 10:04:50,348 [main] INFO  grpc.GrpcConfigKeys (ConfUtils.java:logGet(46)) - raft.grpc.server.port = 15513 (custom)
2024-02-06 10:04:50,348 [main] INFO  server.GrpcService (ConfUtils.java:logGet(46)) - raft.grpc.message.size.max = 32MB (=33554432) (custom)
2024-02-06 10:04:50,349 [main] INFO  server.RaftServerConfigKeys (ConfUtils.java:logGet(46)) - raft.server.log.appender.buffer.byte-limit = 8388608 (custom)
2024-02-06 10:04:50,349 [main] INFO  server.GrpcService (ConfUtils.java:logGet(46)) - raft.grpc.flow.control.window = 5MB (=5242880) (custom)
2024-02-06 10:04:50,349 [main] INFO  server.RaftServerConfigKeys (ConfUtils.java:logGet(46)) - raft.server.rpc.request.timeout = 3000ms (default)
2024-02-06 10:04:50,349 [main] INFO  grpc.GrpcConfigKeys (ConfUtils.java:logGet(46)) - raft.grpc.server.heartbeat.channel = true (default)
2024-02-06 10:04:50,349 [main] INFO  grpc.GrpcConfigKeys (ConfUtils.java:logGet(46)) - raft.grpc.server.async.request.thread.pool.cached = true (default)
2024-02-06 10:04:50,349 [main] INFO  grpc.GrpcConfigKeys (ConfUtils.java:logGet(46)) - raft.grpc.server.async.request.thread.pool.size = 32 (default)
2024-02-06 10:04:50,351 [main] INFO  impl.DataStreamServerImpl (ConfUtils.java:logGet(46)) - raft.datastream.type = NETTY (custom)
2024-02-06 10:04:50,351 [main] INFO  server.RaftServerConfigKeys (ConfUtils.java:logGet(46)) - raft.server.data-stream.async.request.thread.pool.cached = false (default)
2024-02-06 10:04:50,351 [main] INFO  server.RaftServerConfigKeys (ConfUtils.java:logGet(46)) - raft.server.data-stream.async.request.thread.pool.size = 20 (custom)
2024-02-06 10:04:50,351 [main] INFO  server.RaftServerConfigKeys (ConfUtils.java:logGet(46)) - raft.server.data-stream.async.write.thread.pool.size = 16 (default)
2024-02-06 10:04:50,351 [main] INFO  netty.NettyConfigKeys$DataStream (ConfUtils.java:logGet(46)) - raft.netty.dataStream.server.channel.inactive.grace-period = 10min (default)
2024-02-06 10:04:50,352 [main] INFO  server.RaftServerConfigKeys (ConfUtils.java:logGet(46)) - raft.server.data-stream.client.pool.size = 10 (default)
2024-02-06 10:04:50,352 [main] INFO  netty.NettyConfigKeys$DataStream (ConfUtils.java:logGet(46)) - raft.netty.dataStream.server.use-epoll = true (default)
2024-02-06 10:04:50,352 [main] INFO  netty.NettyConfigKeys$DataStream (ConfUtils.java:logGet(46)) - raft.netty.dataStream.server.boss-group.size = 0 (default)
2024-02-06 10:04:50,352 [main] INFO  netty.NettyUtils (NettyUtils.java:newEventLoopGroup(69)) - Create EpollEventLoopGroup for abf042c3-6cd4-4c06-9655-57992d013f88-NettyServerStreamRpc-bossGroup; Thread size is 0.
2024-02-06 10:04:50,352 [main] INFO  netty.NettyConfigKeys$DataStream (ConfUtils.java:logGet(46)) - raft.netty.dataStream.server.worker-group.size = 0 (default)
2024-02-06 10:04:50,352 [main] INFO  netty.NettyUtils (NettyUtils.java:newEventLoopGroup(69)) - Create EpollEventLoopGroup for abf042c3-6cd4-4c06-9655-57992d013f88-NettyServerStreamRpc-workerGroup; Thread size is 0.
2024-02-06 10:04:50,353 [main] INFO  netty.NettyConfigKeys$DataStream (ConfUtils.java:logGet(46)) - raft.netty.dataStream.server.tls.conf = null (default)
2024-02-06 10:04:50,353 [main] INFO  netty.NettyConfigKeys$DataStream (ConfUtils.java:logGet(46)) - raft.netty.dataStream.host = null (default)
2024-02-06 10:04:50,353 [main] INFO  netty.NettyConfigKeys$DataStream (ConfUtils.java:logGet(46)) - raft.netty.dataStream.port = 15514 (custom)
2024-02-06 10:04:50,353 [main] INFO  server.RaftServerConfigKeys (ConfUtils.java:logGet(46)) - raft.server.sleep.deviation.threshold = 300ms (default)
2024-02-06 10:04:50,353 [main] INFO  server.RaftServerConfigKeys (ConfUtils.java:logGet(46)) - raft.server.close.threshold = 60s (default)
2024-02-06 10:04:50,353 [abf042c3-6cd4-4c06-9655-57992d013f88-NettyServerStreamRpc-bossGroup--thread1] INFO  logging.LoggingHandler (AbstractInternalLogger.java:log(148)) - [id: 0x1990b052] REGISTERED
2024-02-06 10:04:50,353 [main] INFO  server.RaftServerConfigKeys (ConfUtils.java:logGet(46)) - raft.server.leaderelection.leader.step-down.wait-time = 10s (default)
2024-02-06 10:04:50,353 [abf042c3-6cd4-4c06-9655-57992d013f88-NettyServerStreamRpc-bossGroup--thread1] INFO  logging.LoggingHandler (AbstractInternalLogger.java:log(148)) - [id: 0x1990b052] BIND: 0.0.0.0/0.0.0.0:15514
2024-02-06 10:04:50,354 [main] INFO  server.RaftServerConfigKeys (ConfUtils.java:logGet(46)) - raft.server.storage.dir = [/home/runner/work/ozone/ozone/hadoop-ozone/integration-test/target/test-dir/MiniOzoneClusterImpl-5d1c2165-a83d-4eb5-a2bf-ae35b2f22424/datanode-6/data/ratis] (custom)
2024-02-06 10:04:50,354 [abf042c3-6cd4-4c06-9655-57992d013f88-NettyServerStreamRpc-bossGroup--thread1] INFO  logging.LoggingHandler (AbstractInternalLogger.java:log(148)) - [id: 0x1990b052, L:/0.0.0.0:15514] ACTIVE
2024-02-06 10:04:50,354 [main] INFO  server.RaftServerConfigKeys (ConfUtils.java:logGet(46)) - raft.server.threadpool.proxy.cached = true (default)
2024-02-06 10:04:50,354 [main] INFO  server.RaftServerConfigKeys (ConfUtils.java:logGet(46)) - raft.server.threadpool.proxy.size = 0 (default)
2024-02-06 10:04:50,354 [abf042c3-6cd4-4c06-9655-57992d013f88-impl-thread1] INFO  server.RaftServer (RaftServerProxy.java:initGroupDir(264)) - abf042c3-6cd4-4c06-9655-57992d013f88: found a subdirectory /home/runner/work/ozone/ozone/hadoop-ozone/integration-test/target/test-dir/MiniOzoneClusterImpl-5d1c2165-a83d-4eb5-a2bf-ae35b2f22424/datanode-6/data/ratis/tmp
2024-02-06 10:04:50,354 [abf042c3-6cd4-4c06-9655-57992d013f88-impl-thread1] INFO  server.RaftServer (RaftServerProxy.java:initGroupDir(269)) - abf042c3-6cd4-4c06-9655-57992d013f88: The directory /home/runner/work/ozone/ozone/hadoop-ozone/integration-test/target/test-dir/MiniOzoneClusterImpl-5d1c2165-a83d-4eb5-a2bf-ae35b2f22424/datanode-6/data/ratis/tmp is not a group directory; ignoring it. 
2024-02-06 10:04:50,354 [main] INFO  replication.ReplicationServer (ReplicationServer.java:<init>(86)) - Initializing replication server with thread count = 10 queue length = 4096
2024-02-06 10:04:50,355 [main] INFO  server.XceiverServerGrpc (XceiverServerGrpc.java:<init>(141)) - GrpcServer channel type EpollServerSocketChannel
2024-02-06 10:04:50,356 [main] INFO  replication.ReplicationSupervisor (ReplicationSupervisor.java:build(163)) - Initializing replication supervisor with thread count = 10
2024-02-06 10:04:50,356 [main] INFO  replication.ReplicationSupervisor (ReplicationSupervisor.java:nodeStateUpdated(317)) - Node state updated to IN_SERVICE, scaling executor pool size to 10
2024-02-06 10:04:50,357 [main] INFO  http.BaseHttpServer (BaseHttpServer.java:newHttpServer2BuilderForOzone(223)) - Starting Web-server for hddsDatanode at: http://0.0.0.0:15508
2024-02-06 10:04:50,357 [main] INFO  http.BaseHttpServer (BaseHttpServer.java:<init>(110)) - Hadoop Security Enabled: false Ozone Security Enabled: false Ozone HTTP Security Enabled: false 
2024-02-06 10:04:50,358 [main] WARN  server.AuthenticationFilter (AuthenticationFilter.java:constructSecretProvider(240)) - Unable to initialize FileSignerSecretProvider, falling back to use random secrets. Reason: Could not read signature secret file: /home/runner/hadoop-http-auth-signature-secret
2024-02-06 10:04:50,359 [main] INFO  http.HttpRequestLog (HttpRequestLog.java:getRequestLog(86)) - Http request log for http.requests.hddsDatanode is not defined
2024-02-06 10:04:50,359 [main] INFO  http.HttpServer2 (HttpServer2.java:addGlobalFilter(1036)) - Added global filter 'safety' (class=org.apache.hadoop.hdds.server.http.HttpServer2$QuotingInputFilter)
2024-02-06 10:04:50,359 [main] INFO  http.HttpServer2 (HttpServer2.java:addFilter(1012)) - Added filter static_user_filter (class=org.apache.hadoop.http.lib.StaticUserWebFilter$StaticUserFilter) to context hddsDatanode
2024-02-06 10:04:50,360 [main] INFO  http.HttpServer2 (HttpServer2.java:addFilter(1020)) - Added filter static_user_filter (class=org.apache.hadoop.http.lib.StaticUserWebFilter$StaticUserFilter) to context logs
2024-02-06 10:04:50,360 [main] INFO  http.HttpServer2 (HttpServer2.java:addFilter(1020)) - Added filter static_user_filter (class=org.apache.hadoop.http.lib.StaticUserWebFilter$StaticUserFilter) to context static
2024-02-06 10:04:50,360 [main] INFO  http.BaseHttpServer (BaseHttpServer.java:<init>(189)) - HTTP server of hddsDatanode uses base directory /home/runner/work/ozone/ozone/hadoop-ozone/integration-test/target/test-dir/MiniOzoneClusterImpl-5d1c2165-a83d-4eb5-a2bf-ae35b2f22424/datanode-6/meta/webserver
2024-02-06 10:04:50,360 [main] INFO  http.HttpServer2 (HttpServer2.java:bindListener(1236)) - Jetty bound to port 15508
2024-02-06 10:04:50,361 [main] INFO  server.Server (Server.java:doStart(375)) - jetty-9.4.53.v20231009; built: 2023-10-09T12:29:09.265Z; git: 27bde00a0b95a1d5bbee0eae7984f891d2d0f8c9; jvm 1.8.0_402-b06
2024-02-06 10:04:50,365 [main] INFO  server.session (DefaultSessionIdManager.java:doStart(334)) - DefaultSessionIdManager workerName=node0
2024-02-06 10:04:50,365 [main] INFO  server.session (DefaultSessionIdManager.java:doStart(339)) - No SessionScavenger set, using defaults
2024-02-06 10:04:50,366 [main] INFO  server.session (HouseKeeper.java:startScavenging(132)) - node0 Scavenging every 660000ms
2024-02-06 10:04:50,366 [main] INFO  handler.ContextHandler (ContextHandler.java:doStart(921)) - Started o.e.j.s.ServletContextHandler@431ab85f{logs,/logs,file:///home/runner/work/ozone/ozone/hadoop-ozone/integration-test/target/log,AVAILABLE}
2024-02-06 10:04:50,366 [main] INFO  handler.ContextHandler (ContextHandler.java:doStart(921)) - Started o.e.j.s.ServletContextHandler@20c0180d{static,/static,jar:file:/home/runner/.m2/repository/org/apache/ozone/hdds-container-service/1.5.0-SNAPSHOT/hdds-container-service-1.5.0-SNAPSHOT.jar!/webapps/static,AVAILABLE}
2024-02-06 10:04:50,398 [main] INFO  handler.ContextHandler (ContextHandler.java:doStart(921)) - Started o.e.j.w.WebAppContext@32059fb3{hddsDatanode,/,file:///home/runner/work/ozone/ozone/hadoop-ozone/integration-test/target/test-dir/MiniOzoneClusterImpl-5d1c2165-a83d-4eb5-a2bf-ae35b2f22424/datanode-6/meta/webserver/jetty-0_0_0_0-15508-hdds-container-service-1_5_0-SNAPSHOT_jar-_-any-6147457877583422284/webapp/,AVAILABLE}{jar:file:/home/runner/.m2/repository/org/apache/ozone/hdds-container-service/1.5.0-SNAPSHOT/hdds-container-service-1.5.0-SNAPSHOT.jar!/webapps/hddsDatanode}
2024-02-06 10:04:50,398 [main] INFO  server.AbstractConnector (AbstractConnector.java:doStart(333)) - Started ServerConnector@3b86abfd{HTTP/1.1, (http/1.1)}{0.0.0.0:15508}
2024-02-06 10:04:50,399 [main] INFO  server.Server (Server.java:doStart(415)) - Started @172448ms
2024-02-06 10:04:50,399 [main] WARN  impl.MetricsSystemImpl (MetricsSystemImpl.java:register(279)) - Sink prometheus already exists!
2024-02-06 10:04:50,399 [main] INFO  http.BaseHttpServer (BaseHttpServer.java:updateConnectorAddress(354)) - HTTP server of hddsDatanode listening at http://0.0.0.0:15508
2024-02-06 10:04:50,400 [main] INFO  ipc.CallQueueManager (CallQueueManager.java:<init>(90)) - Using callQueue: class java.util.concurrent.LinkedBlockingQueue, queueCapacity: 100, scheduler: class org.apache.hadoop.ipc.DefaultRpcScheduler, ipcBackoff: false.
2024-02-06 10:04:50,400 [main] INFO  ipc.Server (Server.java:<init>(1287)) - Listener at 0.0.0.0:15509
2024-02-06 10:04:50,400 [Socket Reader #1 for port 15509] INFO  ipc.Server (Server.java:run(1323)) - Starting Socket Reader #1 for port 15509
2024-02-06 10:04:50,402 [main] INFO  ozone.HddsDatanodeService (HddsDatanodeService.java:start(327)) - Datanode start with admins: [runner]
2024-02-06 10:04:50,402 [main] INFO  ozone.HddsDatanodeClientProtocolServer (HddsDatanodeClientProtocolServer.java:start(72)) - RPC server for Client /0.0.0.0:15509
2024-02-06 10:04:50,402 [IPC Server Responder] INFO  ipc.Server (Server.java:run(1562)) - IPC Server Responder: starting
2024-02-06 10:04:50,402 [IPC Server listener on 15509] INFO  ipc.Server (Server.java:run(1402)) - IPC Server listener on 15509: starting
2024-02-06 10:04:50,404 [abf042c3-6cd4-4c06-9655-57992d013f88-DatanodeStateMachineDaemonThread] INFO  statemachine.DatanodeStateMachine (DatanodeStateMachine.java:lambda$startDaemon$1(555)) - Ozone container server started.
2024-02-06 10:04:50,404 [main] WARN  dropwizard3.Dm3MetricRegistriesImpl (Dm3MetricRegistriesImpl.java:addReporterRegistration(113)) - New reporters are added after registries were created. Some metrics will be missing from the reporter. Please add reporter before adding any new registry.
2024-02-06 10:04:50,405 [main] WARN  dropwizard3.Dm3MetricRegistriesImpl (Dm3MetricRegistriesImpl.java:addReporterRegistration(113)) - New reporters are added after registries were created. Some metrics will be missing from the reporter. Please add reporter before adding any new registry.
2024-02-06 10:04:50,405 [main] INFO  impl.MetricsSystemImpl (MetricsSystemImpl.java:init(158)) - HddsDatanode metrics system started (again)
2024-02-06 10:04:50,416 [main] INFO  ozone.HddsDatanodeService (HddsDatanodeService.java:start(240)) - HddsDatanodeService host:fv-az776-296 ip:10.1.0.5
2024-02-06 10:04:50,426 [abf042c3-6cd4-4c06-9655-57992d013f88-DatanodeStateMachineTaskThread-0] INFO  datanode.InitDatanodeState (InitDatanodeState.java:persistContainerDatanodeDetails(139)) - DatanodeDetails is persisted to /home/runner/work/ozone/ozone/hadoop-ozone/integration-test/target/test-dir/MiniOzoneClusterImpl-5d1c2165-a83d-4eb5-a2bf-ae35b2f22424/datanode-6/meta/datanode.id
2024-02-06 10:04:50,437 [main] INFO  upgrade.AbstractLayoutVersionManager (AbstractLayoutVersionManager.java:init(83)) - Initializing Layout version manager with metadata layout = HADOOP_PRC_PORTS_IN_DATANODEDETAILS (version = 7), software layout = HADOOP_PRC_PORTS_IN_DATANODEDETAILS (version = 7)
2024-02-06 10:04:50,438 [main] INFO  statemachine.DatanodeStateMachine (DatanodeStateMachine.java:getEndPointTaskThreadPoolSize(299)) - Datanode State Machine Task Thread Pool size 2
2024-02-06 10:04:50,438 [main] INFO  volume.HddsVolume (HddsVolume.java:<init>(125)) - Creating HddsVolume: /home/runner/work/ozone/ozone/hadoop-ozone/integration-test/target/test-dir/MiniOzoneClusterImpl-5d1c2165-a83d-4eb5-a2bf-ae35b2f22424/datanode-7/data-0/containers/hdds of storage type : DISK capacity : 9223372036854775807
2024-02-06 10:04:50,439 [main] INFO  volume.MutableVolumeSet (MutableVolumeSet.java:initializeVolumeSet(173)) - Added Volume : /home/runner/work/ozone/ozone/hadoop-ozone/integration-test/target/test-dir/MiniOzoneClusterImpl-5d1c2165-a83d-4eb5-a2bf-ae35b2f22424/datanode-7/data-0/containers/hdds to VolumeSet
2024-02-06 10:04:50,439 [main] INFO  volume.MutableVolumeSet (MutableVolumeSet.java:initializeVolumeSet(173)) - Added Volume : /home/runner/work/ozone/ozone/hadoop-ozone/integration-test/target/test-dir/MiniOzoneClusterImpl-5d1c2165-a83d-4eb5-a2bf-ae35b2f22424/datanode-7/data/ratis to VolumeSet
2024-02-06 10:04:50,440 [main] INFO  ozoneimpl.OzoneContainer (HddsVolumeUtil.java:loadAllHddsVolumeDbStore(103)) - Load 1 volumes DbStore cost: 1ms
2024-02-06 10:04:50,442 [main] INFO  server.RaftServer (ConfUtils.java:logGet(46)) - raft.rpc.type = GRPC (default)
2024-02-06 10:04:50,442 [main] INFO  grpc.GrpcConfigKeys (ConfUtils.java:logFallback(53)) - raft.grpc.admin.host = null (fallback to raft.grpc.server.host)
2024-02-06 10:04:50,442 [main] INFO  grpc.GrpcConfigKeys (ConfUtils.java:logGet(46)) - raft.grpc.admin.port = 15521 (custom)
2024-02-06 10:04:50,442 [main] INFO  grpc.GrpcConfigKeys (ConfUtils.java:logFallback(53)) - raft.grpc.client.host = null (fallback to raft.grpc.server.host)
2024-02-06 10:04:50,442 [main] INFO  grpc.GrpcConfigKeys (ConfUtils.java:logGet(46)) - raft.grpc.client.port = 15520 (custom)
2024-02-06 10:04:50,442 [main] INFO  grpc.GrpcConfigKeys (ConfUtils.java:logGet(46)) - raft.grpc.server.host = null (default)
2024-02-06 10:04:50,442 [main] INFO  grpc.GrpcConfigKeys (ConfUtils.java:logGet(46)) - raft.grpc.server.port = 15522 (custom)
2024-02-06 10:04:50,442 [main] INFO  server.GrpcService (ConfUtils.java:logGet(46)) - raft.grpc.message.size.max = 32MB (=33554432) (custom)
2024-02-06 10:04:50,443 [main] INFO  server.RaftServerConfigKeys (ConfUtils.java:logGet(46)) - raft.server.log.appender.buffer.byte-limit = 8388608 (custom)
2024-02-06 10:04:50,443 [main] INFO  server.GrpcService (ConfUtils.java:logGet(46)) - raft.grpc.flow.control.window = 5MB (=5242880) (custom)
2024-02-06 10:04:50,443 [main] INFO  server.RaftServerConfigKeys (ConfUtils.java:logGet(46)) - raft.server.rpc.request.timeout = 3000ms (default)
2024-02-06 10:04:50,443 [main] INFO  grpc.GrpcConfigKeys (ConfUtils.java:logGet(46)) - raft.grpc.server.heartbeat.channel = true (default)
2024-02-06 10:04:50,443 [main] INFO  grpc.GrpcConfigKeys (ConfUtils.java:logGet(46)) - raft.grpc.server.async.request.thread.pool.cached = true (default)
2024-02-06 10:04:50,443 [main] INFO  grpc.GrpcConfigKeys (ConfUtils.java:logGet(46)) - raft.grpc.server.async.request.thread.pool.size = 32 (default)
2024-02-06 10:04:50,445 [main] INFO  impl.DataStreamServerImpl (ConfUtils.java:logGet(46)) - raft.datastream.type = NETTY (custom)
2024-02-06 10:04:50,445 [main] INFO  server.RaftServerConfigKeys (ConfUtils.java:logGet(46)) - raft.server.data-stream.async.request.thread.pool.cached = false (default)
2024-02-06 10:04:50,445 [main] INFO  server.RaftServerConfigKeys (ConfUtils.java:logGet(46)) - raft.server.data-stream.async.request.thread.pool.size = 20 (custom)
2024-02-06 10:04:50,445 [main] INFO  server.RaftServerConfigKeys (ConfUtils.java:logGet(46)) - raft.server.data-stream.async.write.thread.pool.size = 16 (default)
2024-02-06 10:04:50,445 [main] INFO  netty.NettyConfigKeys$DataStream (ConfUtils.java:logGet(46)) - raft.netty.dataStream.server.channel.inactive.grace-period = 10min (default)
2024-02-06 10:04:50,445 [main] INFO  server.RaftServerConfigKeys (ConfUtils.java:logGet(46)) - raft.server.data-stream.client.pool.size = 10 (default)
2024-02-06 10:04:50,445 [main] INFO  netty.NettyConfigKeys$DataStream (ConfUtils.java:logGet(46)) - raft.netty.dataStream.server.use-epoll = true (default)
2024-02-06 10:04:50,446 [main] INFO  netty.NettyConfigKeys$DataStream (ConfUtils.java:logGet(46)) - raft.netty.dataStream.server.boss-group.size = 0 (default)
2024-02-06 10:04:50,446 [main] INFO  netty.NettyUtils (NettyUtils.java:newEventLoopGroup(69)) - Create EpollEventLoopGroup for 632684f9-b96b-4968-b03c-341844499869-NettyServerStreamRpc-bossGroup; Thread size is 0.
2024-02-06 10:04:50,446 [main] INFO  netty.NettyConfigKeys$DataStream (ConfUtils.java:logGet(46)) - raft.netty.dataStream.server.worker-group.size = 0 (default)
2024-02-06 10:04:50,446 [main] INFO  netty.NettyUtils (NettyUtils.java:newEventLoopGroup(69)) - Create EpollEventLoopGroup for 632684f9-b96b-4968-b03c-341844499869-NettyServerStreamRpc-workerGroup; Thread size is 0.
2024-02-06 10:04:50,447 [main] INFO  netty.NettyConfigKeys$DataStream (ConfUtils.java:logGet(46)) - raft.netty.dataStream.server.tls.conf = null (default)
2024-02-06 10:04:50,447 [main] INFO  netty.NettyConfigKeys$DataStream (ConfUtils.java:logGet(46)) - raft.netty.dataStream.host = null (default)
2024-02-06 10:04:50,447 [main] INFO  netty.NettyConfigKeys$DataStream (ConfUtils.java:logGet(46)) - raft.netty.dataStream.port = 15523 (custom)
2024-02-06 10:04:50,447 [main] INFO  server.RaftServerConfigKeys (ConfUtils.java:logGet(46)) - raft.server.sleep.deviation.threshold = 300ms (default)
2024-02-06 10:04:50,447 [main] INFO  server.RaftServerConfigKeys (ConfUtils.java:logGet(46)) - raft.server.close.threshold = 60s (default)
2024-02-06 10:04:50,447 [main] INFO  server.RaftServerConfigKeys (ConfUtils.java:logGet(46)) - raft.server.leaderelection.leader.step-down.wait-time = 10s (default)
2024-02-06 10:04:50,447 [632684f9-b96b-4968-b03c-341844499869-NettyServerStreamRpc-bossGroup--thread1] INFO  logging.LoggingHandler (AbstractInternalLogger.java:log(148)) - [id: 0xa971f337] REGISTERED
2024-02-06 10:04:50,448 [main] INFO  server.RaftServerConfigKeys (ConfUtils.java:logGet(46)) - raft.server.storage.dir = [/home/runner/work/ozone/ozone/hadoop-ozone/integration-test/target/test-dir/MiniOzoneClusterImpl-5d1c2165-a83d-4eb5-a2bf-ae35b2f22424/datanode-7/data/ratis] (custom)
2024-02-06 10:04:50,448 [main] INFO  server.RaftServerConfigKeys (ConfUtils.java:logGet(46)) - raft.server.threadpool.proxy.cached = true (default)
2024-02-06 10:04:50,448 [main] INFO  server.RaftServerConfigKeys (ConfUtils.java:logGet(46)) - raft.server.threadpool.proxy.size = 0 (default)
2024-02-06 10:04:50,448 [632684f9-b96b-4968-b03c-341844499869-NettyServerStreamRpc-bossGroup--thread1] INFO  logging.LoggingHandler (AbstractInternalLogger.java:log(148)) - [id: 0xa971f337] BIND: 0.0.0.0/0.0.0.0:15523
2024-02-06 10:04:50,448 [632684f9-b96b-4968-b03c-341844499869-NettyServerStreamRpc-bossGroup--thread1] INFO  logging.LoggingHandler (AbstractInternalLogger.java:log(148)) - [id: 0xa971f337, L:/0.0.0.0:15523] ACTIVE
2024-02-06 10:04:50,448 [632684f9-b96b-4968-b03c-341844499869-impl-thread1] INFO  server.RaftServer (RaftServerProxy.java:initGroupDir(264)) - 632684f9-b96b-4968-b03c-341844499869: found a subdirectory /home/runner/work/ozone/ozone/hadoop-ozone/integration-test/target/test-dir/MiniOzoneClusterImpl-5d1c2165-a83d-4eb5-a2bf-ae35b2f22424/datanode-7/data/ratis/tmp
2024-02-06 10:04:50,448 [632684f9-b96b-4968-b03c-341844499869-impl-thread1] INFO  server.RaftServer (RaftServerProxy.java:initGroupDir(269)) - 632684f9-b96b-4968-b03c-341844499869: The directory /home/runner/work/ozone/ozone/hadoop-ozone/integration-test/target/test-dir/MiniOzoneClusterImpl-5d1c2165-a83d-4eb5-a2bf-ae35b2f22424/datanode-7/data/ratis/tmp is not a group directory; ignoring it. 
2024-02-06 10:04:50,448 [main] INFO  replication.ReplicationServer (ReplicationServer.java:<init>(86)) - Initializing replication server with thread count = 10 queue length = 4096
2024-02-06 10:04:50,449 [main] INFO  server.XceiverServerGrpc (XceiverServerGrpc.java:<init>(141)) - GrpcServer channel type EpollServerSocketChannel
2024-02-06 10:04:50,450 [main] INFO  replication.ReplicationSupervisor (ReplicationSupervisor.java:build(163)) - Initializing replication supervisor with thread count = 10
2024-02-06 10:04:50,450 [main] INFO  replication.ReplicationSupervisor (ReplicationSupervisor.java:nodeStateUpdated(317)) - Node state updated to IN_SERVICE, scaling executor pool size to 10
2024-02-06 10:04:50,451 [main] INFO  http.BaseHttpServer (BaseHttpServer.java:newHttpServer2BuilderForOzone(223)) - Starting Web-server for hddsDatanode at: http://0.0.0.0:15517
2024-02-06 10:04:50,451 [main] INFO  http.BaseHttpServer (BaseHttpServer.java:<init>(110)) - Hadoop Security Enabled: false Ozone Security Enabled: false Ozone HTTP Security Enabled: false 
2024-02-06 10:04:50,452 [main] WARN  server.AuthenticationFilter (AuthenticationFilter.java:constructSecretProvider(240)) - Unable to initialize FileSignerSecretProvider, falling back to use random secrets. Reason: Could not read signature secret file: /home/runner/hadoop-http-auth-signature-secret
2024-02-06 10:04:50,452 [main] INFO  http.HttpRequestLog (HttpRequestLog.java:getRequestLog(86)) - Http request log for http.requests.hddsDatanode is not defined
2024-02-06 10:04:50,453 [main] INFO  http.HttpServer2 (HttpServer2.java:addGlobalFilter(1036)) - Added global filter 'safety' (class=org.apache.hadoop.hdds.server.http.HttpServer2$QuotingInputFilter)
2024-02-06 10:04:50,453 [main] INFO  http.HttpServer2 (HttpServer2.java:addFilter(1012)) - Added filter static_user_filter (class=org.apache.hadoop.http.lib.StaticUserWebFilter$StaticUserFilter) to context hddsDatanode
2024-02-06 10:04:50,453 [main] INFO  http.HttpServer2 (HttpServer2.java:addFilter(1020)) - Added filter static_user_filter (class=org.apache.hadoop.http.lib.StaticUserWebFilter$StaticUserFilter) to context static
2024-02-06 10:04:50,453 [main] INFO  http.HttpServer2 (HttpServer2.java:addFilter(1020)) - Added filter static_user_filter (class=org.apache.hadoop.http.lib.StaticUserWebFilter$StaticUserFilter) to context logs
2024-02-06 10:04:50,454 [main] INFO  http.BaseHttpServer (BaseHttpServer.java:<init>(189)) - HTTP server of hddsDatanode uses base directory /home/runner/work/ozone/ozone/hadoop-ozone/integration-test/target/test-dir/MiniOzoneClusterImpl-5d1c2165-a83d-4eb5-a2bf-ae35b2f22424/datanode-7/meta/webserver
2024-02-06 10:04:50,454 [main] INFO  http.HttpServer2 (HttpServer2.java:bindListener(1236)) - Jetty bound to port 15517
2024-02-06 10:04:50,454 [main] INFO  server.Server (Server.java:doStart(375)) - jetty-9.4.53.v20231009; built: 2023-10-09T12:29:09.265Z; git: 27bde00a0b95a1d5bbee0eae7984f891d2d0f8c9; jvm 1.8.0_402-b06
2024-02-06 10:04:50,455 [main] INFO  server.session (DefaultSessionIdManager.java:doStart(334)) - DefaultSessionIdManager workerName=node0
2024-02-06 10:04:50,455 [main] INFO  server.session (DefaultSessionIdManager.java:doStart(339)) - No SessionScavenger set, using defaults
2024-02-06 10:04:50,455 [main] INFO  server.session (HouseKeeper.java:startScavenging(132)) - node0 Scavenging every 600000ms
2024-02-06 10:04:50,455 [main] INFO  handler.ContextHandler (ContextHandler.java:doStart(921)) - Started o.e.j.s.ServletContextHandler@4f45884b{logs,/logs,file:///home/runner/work/ozone/ozone/hadoop-ozone/integration-test/target/log,AVAILABLE}
2024-02-06 10:04:50,456 [main] INFO  handler.ContextHandler (ContextHandler.java:doStart(921)) - Started o.e.j.s.ServletContextHandler@77e8eb0e{static,/static,jar:file:/home/runner/.m2/repository/org/apache/ozone/hdds-container-service/1.5.0-SNAPSHOT/hdds-container-service-1.5.0-SNAPSHOT.jar!/webapps/static,AVAILABLE}
2024-02-06 10:04:50,486 [main] INFO  handler.ContextHandler (ContextHandler.java:doStart(921)) - Started o.e.j.w.WebAppContext@1d277932{hddsDatanode,/,file:///home/runner/work/ozone/ozone/hadoop-ozone/integration-test/target/test-dir/MiniOzoneClusterImpl-5d1c2165-a83d-4eb5-a2bf-ae35b2f22424/datanode-7/meta/webserver/jetty-0_0_0_0-15517-hdds-container-service-1_5_0-SNAPSHOT_jar-_-any-6709397384306439627/webapp/,AVAILABLE}{jar:file:/home/runner/.m2/repository/org/apache/ozone/hdds-container-service/1.5.0-SNAPSHOT/hdds-container-service-1.5.0-SNAPSHOT.jar!/webapps/hddsDatanode}
2024-02-06 10:04:50,487 [main] INFO  server.AbstractConnector (AbstractConnector.java:doStart(333)) - Started ServerConnector@17aab35b{HTTP/1.1, (http/1.1)}{0.0.0.0:15517}
2024-02-06 10:04:50,487 [main] INFO  server.Server (Server.java:doStart(415)) - Started @172536ms
2024-02-06 10:04:50,487 [main] WARN  impl.MetricsSystemImpl (MetricsSystemImpl.java:register(279)) - Sink prometheus already exists!
2024-02-06 10:04:50,488 [main] INFO  http.BaseHttpServer (BaseHttpServer.java:updateConnectorAddress(354)) - HTTP server of hddsDatanode listening at http://0.0.0.0:15517
2024-02-06 10:04:50,488 [main] INFO  ipc.CallQueueManager (CallQueueManager.java:<init>(90)) - Using callQueue: class java.util.concurrent.LinkedBlockingQueue, queueCapacity: 100, scheduler: class org.apache.hadoop.ipc.DefaultRpcScheduler, ipcBackoff: false.
2024-02-06 10:04:50,488 [main] INFO  ipc.Server (Server.java:<init>(1287)) - Listener at 0.0.0.0:15518
2024-02-06 10:04:50,488 [Socket Reader #1 for port 15518] INFO  ipc.Server (Server.java:run(1323)) - Starting Socket Reader #1 for port 15518
2024-02-06 10:04:50,490 [main] INFO  ozone.HddsDatanodeService (HddsDatanodeService.java:start(327)) - Datanode start with admins: [runner]
2024-02-06 10:04:50,490 [main] INFO  ozone.HddsDatanodeClientProtocolServer (HddsDatanodeClientProtocolServer.java:start(72)) - RPC server for Client /0.0.0.0:15518
2024-02-06 10:04:50,490 [IPC Server Responder] INFO  ipc.Server (Server.java:run(1562)) - IPC Server Responder: starting
2024-02-06 10:04:50,492 [IPC Server listener on 15518] INFO  ipc.Server (Server.java:run(1402)) - IPC Server listener on 15518: starting
2024-02-06 10:04:50,492 [632684f9-b96b-4968-b03c-341844499869-DatanodeStateMachineDaemonThread] INFO  statemachine.DatanodeStateMachine (DatanodeStateMachine.java:lambda$startDaemon$1(555)) - Ozone container server started.
2024-02-06 10:04:50,492 [main] WARN  dropwizard3.Dm3MetricRegistriesImpl (Dm3MetricRegistriesImpl.java:addReporterRegistration(113)) - New reporters are added after registries were created. Some metrics will be missing from the reporter. Please add reporter before adding any new registry.
2024-02-06 10:04:50,494 [main] WARN  dropwizard3.Dm3MetricRegistriesImpl (Dm3MetricRegistriesImpl.java:addReporterRegistration(113)) - New reporters are added after registries were created. Some metrics will be missing from the reporter. Please add reporter before adding any new registry.
2024-02-06 10:04:50,494 [main] INFO  impl.MetricsSystemImpl (MetricsSystemImpl.java:init(158)) - HddsDatanode metrics system started (again)
2024-02-06 10:04:50,495 [632684f9-b96b-4968-b03c-341844499869-DatanodeStateMachineTaskThread-0] INFO  datanode.InitDatanodeState (InitDatanodeState.java:persistContainerDatanodeDetails(139)) - DatanodeDetails is persisted to /home/runner/work/ozone/ozone/hadoop-ozone/integration-test/target/test-dir/MiniOzoneClusterImpl-5d1c2165-a83d-4eb5-a2bf-ae35b2f22424/datanode-7/meta/datanode.id
2024-02-06 10:04:50,502 [main] INFO  ozone.HddsDatanodeService (HddsDatanodeService.java:start(240)) - HddsDatanodeService host:fv-az776-296 ip:10.1.0.5
2024-02-06 10:04:50,521 [main] INFO  upgrade.AbstractLayoutVersionManager (AbstractLayoutVersionManager.java:init(83)) - Initializing Layout version manager with metadata layout = HADOOP_PRC_PORTS_IN_DATANODEDETAILS (version = 7), software layout = HADOOP_PRC_PORTS_IN_DATANODEDETAILS (version = 7)
2024-02-06 10:04:50,521 [main] INFO  statemachine.DatanodeStateMachine (DatanodeStateMachine.java:getEndPointTaskThreadPoolSize(299)) - Datanode State Machine Task Thread Pool size 2
2024-02-06 10:04:50,522 [main] INFO  volume.HddsVolume (HddsVolume.java:<init>(125)) - Creating HddsVolume: /home/runner/work/ozone/ozone/hadoop-ozone/integration-test/target/test-dir/MiniOzoneClusterImpl-5d1c2165-a83d-4eb5-a2bf-ae35b2f22424/datanode-8/data-0/containers/hdds of storage type : DISK capacity : 9223372036854775807
2024-02-06 10:04:50,522 [main] INFO  volume.MutableVolumeSet (MutableVolumeSet.java:initializeVolumeSet(173)) - Added Volume : /home/runner/work/ozone/ozone/hadoop-ozone/integration-test/target/test-dir/MiniOzoneClusterImpl-5d1c2165-a83d-4eb5-a2bf-ae35b2f22424/datanode-8/data-0/containers/hdds to VolumeSet
2024-02-06 10:04:50,522 [main] INFO  volume.MutableVolumeSet (MutableVolumeSet.java:initializeVolumeSet(173)) - Added Volume : /home/runner/work/ozone/ozone/hadoop-ozone/integration-test/target/test-dir/MiniOzoneClusterImpl-5d1c2165-a83d-4eb5-a2bf-ae35b2f22424/datanode-8/data/ratis to VolumeSet
2024-02-06 10:04:50,523 [main] INFO  ozoneimpl.OzoneContainer (HddsVolumeUtil.java:loadAllHddsVolumeDbStore(103)) - Load 1 volumes DbStore cost: 0ms
2024-02-06 10:04:50,524 [main] INFO  server.RaftServer (ConfUtils.java:logGet(46)) - raft.rpc.type = GRPC (default)
2024-02-06 10:04:50,524 [main] INFO  grpc.GrpcConfigKeys (ConfUtils.java:logFallback(53)) - raft.grpc.admin.host = null (fallback to raft.grpc.server.host)
2024-02-06 10:04:50,524 [main] INFO  grpc.GrpcConfigKeys (ConfUtils.java:logGet(46)) - raft.grpc.admin.port = 15530 (custom)
2024-02-06 10:04:50,524 [main] INFO  grpc.GrpcConfigKeys (ConfUtils.java:logFallback(53)) - raft.grpc.client.host = null (fallback to raft.grpc.server.host)
2024-02-06 10:04:50,525 [main] INFO  grpc.GrpcConfigKeys (ConfUtils.java:logGet(46)) - raft.grpc.client.port = 15529 (custom)
2024-02-06 10:04:50,525 [main] INFO  grpc.GrpcConfigKeys (ConfUtils.java:logGet(46)) - raft.grpc.server.host = null (default)
2024-02-06 10:04:50,525 [main] INFO  grpc.GrpcConfigKeys (ConfUtils.java:logGet(46)) - raft.grpc.server.port = 15531 (custom)
2024-02-06 10:04:50,525 [main] INFO  server.GrpcService (ConfUtils.java:logGet(46)) - raft.grpc.message.size.max = 32MB (=33554432) (custom)
2024-02-06 10:04:50,525 [main] INFO  server.RaftServerConfigKeys (ConfUtils.java:logGet(46)) - raft.server.log.appender.buffer.byte-limit = 8388608 (custom)
2024-02-06 10:04:50,526 [main] INFO  server.GrpcService (ConfUtils.java:logGet(46)) - raft.grpc.flow.control.window = 5MB (=5242880) (custom)
2024-02-06 10:04:50,526 [main] INFO  server.RaftServerConfigKeys (ConfUtils.java:logGet(46)) - raft.server.rpc.request.timeout = 3000ms (default)
2024-02-06 10:04:50,526 [main] INFO  grpc.GrpcConfigKeys (ConfUtils.java:logGet(46)) - raft.grpc.server.heartbeat.channel = true (default)
2024-02-06 10:04:50,526 [main] INFO  grpc.GrpcConfigKeys (ConfUtils.java:logGet(46)) - raft.grpc.server.async.request.thread.pool.cached = true (default)
2024-02-06 10:04:50,526 [main] INFO  grpc.GrpcConfigKeys (ConfUtils.java:logGet(46)) - raft.grpc.server.async.request.thread.pool.size = 32 (default)
2024-02-06 10:04:50,528 [main] INFO  impl.DataStreamServerImpl (ConfUtils.java:logGet(46)) - raft.datastream.type = NETTY (custom)
2024-02-06 10:04:50,528 [main] INFO  server.RaftServerConfigKeys (ConfUtils.java:logGet(46)) - raft.server.data-stream.async.request.thread.pool.cached = false (default)
2024-02-06 10:04:50,528 [main] INFO  server.RaftServerConfigKeys (ConfUtils.java:logGet(46)) - raft.server.data-stream.async.request.thread.pool.size = 20 (custom)
2024-02-06 10:04:50,529 [main] INFO  server.RaftServerConfigKeys (ConfUtils.java:logGet(46)) - raft.server.data-stream.async.write.thread.pool.size = 16 (default)
2024-02-06 10:04:50,529 [main] INFO  netty.NettyConfigKeys$DataStream (ConfUtils.java:logGet(46)) - raft.netty.dataStream.server.channel.inactive.grace-period = 10min (default)
2024-02-06 10:04:50,529 [main] INFO  server.RaftServerConfigKeys (ConfUtils.java:logGet(46)) - raft.server.data-stream.client.pool.size = 10 (default)
2024-02-06 10:04:50,529 [main] INFO  netty.NettyConfigKeys$DataStream (ConfUtils.java:logGet(46)) - raft.netty.dataStream.server.use-epoll = true (default)
2024-02-06 10:04:50,529 [main] INFO  netty.NettyConfigKeys$DataStream (ConfUtils.java:logGet(46)) - raft.netty.dataStream.server.boss-group.size = 0 (default)
2024-02-06 10:04:50,530 [main] INFO  netty.NettyUtils (NettyUtils.java:newEventLoopGroup(69)) - Create EpollEventLoopGroup for 2bb22b89-6b01-4b52-bccb-ae4677f02d8d-NettyServerStreamRpc-bossGroup; Thread size is 0.
2024-02-06 10:04:50,530 [main] INFO  netty.NettyConfigKeys$DataStream (ConfUtils.java:logGet(46)) - raft.netty.dataStream.server.worker-group.size = 0 (default)
2024-02-06 10:04:50,530 [main] INFO  netty.NettyUtils (NettyUtils.java:newEventLoopGroup(69)) - Create EpollEventLoopGroup for 2bb22b89-6b01-4b52-bccb-ae4677f02d8d-NettyServerStreamRpc-workerGroup; Thread size is 0.
2024-02-06 10:04:50,531 [main] INFO  netty.NettyConfigKeys$DataStream (ConfUtils.java:logGet(46)) - raft.netty.dataStream.server.tls.conf = null (default)
2024-02-06 10:04:50,531 [main] INFO  netty.NettyConfigKeys$DataStream (ConfUtils.java:logGet(46)) - raft.netty.dataStream.host = null (default)
2024-02-06 10:04:50,531 [main] INFO  netty.NettyConfigKeys$DataStream (ConfUtils.java:logGet(46)) - raft.netty.dataStream.port = 15532 (custom)
2024-02-06 10:04:50,531 [main] INFO  server.RaftServerConfigKeys (ConfUtils.java:logGet(46)) - raft.server.sleep.deviation.threshold = 300ms (default)
2024-02-06 10:04:50,532 [main] INFO  server.RaftServerConfigKeys (ConfUtils.java:logGet(46)) - raft.server.close.threshold = 60s (default)
2024-02-06 10:04:50,532 [main] INFO  server.RaftServerConfigKeys (ConfUtils.java:logGet(46)) - raft.server.leaderelection.leader.step-down.wait-time = 10s (default)
2024-02-06 10:04:50,532 [2bb22b89-6b01-4b52-bccb-ae4677f02d8d-NettyServerStreamRpc-bossGroup--thread1] INFO  logging.LoggingHandler (AbstractInternalLogger.java:log(148)) - [id: 0x2924e97f] REGISTERED
2024-02-06 10:04:50,532 [main] INFO  server.RaftServerConfigKeys (ConfUtils.java:logGet(46)) - raft.server.storage.dir = [/home/runner/work/ozone/ozone/hadoop-ozone/integration-test/target/test-dir/MiniOzoneClusterImpl-5d1c2165-a83d-4eb5-a2bf-ae35b2f22424/datanode-8/data/ratis] (custom)
2024-02-06 10:04:50,532 [2bb22b89-6b01-4b52-bccb-ae4677f02d8d-NettyServerStreamRpc-bossGroup--thread1] INFO  logging.LoggingHandler (AbstractInternalLogger.java:log(148)) - [id: 0x2924e97f] BIND: 0.0.0.0/0.0.0.0:15532
2024-02-06 10:04:50,532 [main] INFO  server.RaftServerConfigKeys (ConfUtils.java:logGet(46)) - raft.server.threadpool.proxy.cached = true (default)
2024-02-06 10:04:50,532 [2bb22b89-6b01-4b52-bccb-ae4677f02d8d-NettyServerStreamRpc-bossGroup--thread1] INFO  logging.LoggingHandler (AbstractInternalLogger.java:log(148)) - [id: 0x2924e97f, L:/0.0.0.0:15532] ACTIVE
2024-02-06 10:04:50,532 [main] INFO  server.RaftServerConfigKeys (ConfUtils.java:logGet(46)) - raft.server.threadpool.proxy.size = 0 (default)
2024-02-06 10:04:50,533 [2bb22b89-6b01-4b52-bccb-ae4677f02d8d-impl-thread1] INFO  server.RaftServer (RaftServerProxy.java:initGroupDir(264)) - 2bb22b89-6b01-4b52-bccb-ae4677f02d8d: found a subdirectory /home/runner/work/ozone/ozone/hadoop-ozone/integration-test/target/test-dir/MiniOzoneClusterImpl-5d1c2165-a83d-4eb5-a2bf-ae35b2f22424/datanode-8/data/ratis/tmp
2024-02-06 10:04:50,533 [2bb22b89-6b01-4b52-bccb-ae4677f02d8d-impl-thread1] INFO  server.RaftServer (RaftServerProxy.java:initGroupDir(269)) - 2bb22b89-6b01-4b52-bccb-ae4677f02d8d: The directory /home/runner/work/ozone/ozone/hadoop-ozone/integration-test/target/test-dir/MiniOzoneClusterImpl-5d1c2165-a83d-4eb5-a2bf-ae35b2f22424/datanode-8/data/ratis/tmp is not a group directory; ignoring it. 
2024-02-06 10:04:50,533 [main] INFO  replication.ReplicationServer (ReplicationServer.java:<init>(86)) - Initializing replication server with thread count = 10 queue length = 4096
2024-02-06 10:04:50,534 [main] INFO  server.XceiverServerGrpc (XceiverServerGrpc.java:<init>(141)) - GrpcServer channel type EpollServerSocketChannel
2024-02-06 10:04:50,535 [main] INFO  replication.ReplicationSupervisor (ReplicationSupervisor.java:build(163)) - Initializing replication supervisor with thread count = 10
2024-02-06 10:04:50,535 [main] INFO  replication.ReplicationSupervisor (ReplicationSupervisor.java:nodeStateUpdated(317)) - Node state updated to IN_SERVICE, scaling executor pool size to 10
2024-02-06 10:04:50,536 [main] INFO  http.BaseHttpServer (BaseHttpServer.java:newHttpServer2BuilderForOzone(223)) - Starting Web-server for hddsDatanode at: http://0.0.0.0:15526
2024-02-06 10:04:50,536 [main] INFO  http.BaseHttpServer (BaseHttpServer.java:<init>(110)) - Hadoop Security Enabled: false Ozone Security Enabled: false Ozone HTTP Security Enabled: false 
2024-02-06 10:04:50,537 [main] WARN  server.AuthenticationFilter (AuthenticationFilter.java:constructSecretProvider(240)) - Unable to initialize FileSignerSecretProvider, falling back to use random secrets. Reason: Could not read signature secret file: /home/runner/hadoop-http-auth-signature-secret
2024-02-06 10:04:50,537 [main] INFO  http.HttpRequestLog (HttpRequestLog.java:getRequestLog(86)) - Http request log for http.requests.hddsDatanode is not defined
2024-02-06 10:04:50,538 [main] INFO  http.HttpServer2 (HttpServer2.java:addGlobalFilter(1036)) - Added global filter 'safety' (class=org.apache.hadoop.hdds.server.http.HttpServer2$QuotingInputFilter)
2024-02-06 10:04:50,538 [main] INFO  http.HttpServer2 (HttpServer2.java:addFilter(1012)) - Added filter static_user_filter (class=org.apache.hadoop.http.lib.StaticUserWebFilter$StaticUserFilter) to context hddsDatanode
2024-02-06 10:04:50,538 [main] INFO  http.HttpServer2 (HttpServer2.java:addFilter(1020)) - Added filter static_user_filter (class=org.apache.hadoop.http.lib.StaticUserWebFilter$StaticUserFilter) to context static
2024-02-06 10:04:50,539 [main] INFO  http.HttpServer2 (HttpServer2.java:addFilter(1020)) - Added filter static_user_filter (class=org.apache.hadoop.http.lib.StaticUserWebFilter$StaticUserFilter) to context logs
2024-02-06 10:04:50,539 [main] INFO  http.BaseHttpServer (BaseHttpServer.java:<init>(189)) - HTTP server of hddsDatanode uses base directory /home/runner/work/ozone/ozone/hadoop-ozone/integration-test/target/test-dir/MiniOzoneClusterImpl-5d1c2165-a83d-4eb5-a2bf-ae35b2f22424/datanode-8/meta/webserver
2024-02-06 10:04:50,539 [main] INFO  http.HttpServer2 (HttpServer2.java:bindListener(1236)) - Jetty bound to port 15526
2024-02-06 10:04:50,539 [main] INFO  server.Server (Server.java:doStart(375)) - jetty-9.4.53.v20231009; built: 2023-10-09T12:29:09.265Z; git: 27bde00a0b95a1d5bbee0eae7984f891d2d0f8c9; jvm 1.8.0_402-b06
2024-02-06 10:04:50,540 [main] INFO  server.session (DefaultSessionIdManager.java:doStart(334)) - DefaultSessionIdManager workerName=node0
2024-02-06 10:04:50,540 [main] INFO  server.session (DefaultSessionIdManager.java:doStart(339)) - No SessionScavenger set, using defaults
2024-02-06 10:04:50,540 [main] INFO  server.session (HouseKeeper.java:startScavenging(132)) - node0 Scavenging every 660000ms
2024-02-06 10:04:50,541 [main] INFO  handler.ContextHandler (ContextHandler.java:doStart(921)) - Started o.e.j.s.ServletContextHandler@2ed37e1e{logs,/logs,file:///home/runner/work/ozone/ozone/hadoop-ozone/integration-test/target/log,AVAILABLE}
2024-02-06 10:04:50,541 [main] INFO  handler.ContextHandler (ContextHandler.java:doStart(921)) - Started o.e.j.s.ServletContextHandler@161042b7{static,/static,jar:file:/home/runner/.m2/repository/org/apache/ozone/hdds-container-service/1.5.0-SNAPSHOT/hdds-container-service-1.5.0-SNAPSHOT.jar!/webapps/static,AVAILABLE}
2024-02-06 10:04:50,572 [main] INFO  handler.ContextHandler (ContextHandler.java:doStart(921)) - Started o.e.j.w.WebAppContext@481f9953{hddsDatanode,/,file:///home/runner/work/ozone/ozone/hadoop-ozone/integration-test/target/test-dir/MiniOzoneClusterImpl-5d1c2165-a83d-4eb5-a2bf-ae35b2f22424/datanode-8/meta/webserver/jetty-0_0_0_0-15526-hdds-container-service-1_5_0-SNAPSHOT_jar-_-any-7490952292739327597/webapp/,AVAILABLE}{jar:file:/home/runner/.m2/repository/org/apache/ozone/hdds-container-service/1.5.0-SNAPSHOT/hdds-container-service-1.5.0-SNAPSHOT.jar!/webapps/hddsDatanode}
2024-02-06 10:04:50,573 [main] INFO  server.AbstractConnector (AbstractConnector.java:doStart(333)) - Started ServerConnector@3da15c10{HTTP/1.1, (http/1.1)}{0.0.0.0:15526}
2024-02-06 10:04:50,573 [main] INFO  server.Server (Server.java:doStart(415)) - Started @172622ms
2024-02-06 10:04:50,573 [main] WARN  impl.MetricsSystemImpl (MetricsSystemImpl.java:register(279)) - Sink prometheus already exists!
2024-02-06 10:04:50,573 [main] INFO  http.BaseHttpServer (BaseHttpServer.java:updateConnectorAddress(354)) - HTTP server of hddsDatanode listening at http://0.0.0.0:15526
2024-02-06 10:04:50,574 [main] INFO  ipc.CallQueueManager (CallQueueManager.java:<init>(90)) - Using callQueue: class java.util.concurrent.LinkedBlockingQueue, queueCapacity: 100, scheduler: class org.apache.hadoop.ipc.DefaultRpcScheduler, ipcBackoff: false.
2024-02-06 10:04:50,574 [main] INFO  ipc.Server (Server.java:<init>(1287)) - Listener at 0.0.0.0:15527
2024-02-06 10:04:50,574 [Socket Reader #1 for port 15527] INFO  ipc.Server (Server.java:run(1323)) - Starting Socket Reader #1 for port 15527
2024-02-06 10:04:50,576 [main] INFO  ozone.HddsDatanodeService (HddsDatanodeService.java:start(327)) - Datanode start with admins: [runner]
2024-02-06 10:04:50,576 [main] INFO  ozone.HddsDatanodeClientProtocolServer (HddsDatanodeClientProtocolServer.java:start(72)) - RPC server for Client /0.0.0.0:15527
2024-02-06 10:04:50,576 [IPC Server Responder] INFO  ipc.Server (Server.java:run(1562)) - IPC Server Responder: starting
2024-02-06 10:04:50,577 [IPC Server listener on 15527] INFO  ipc.Server (Server.java:run(1402)) - IPC Server listener on 15527: starting
2024-02-06 10:04:50,582 [2bb22b89-6b01-4b52-bccb-ae4677f02d8d-DatanodeStateMachineDaemonThread] INFO  statemachine.DatanodeStateMachine (DatanodeStateMachine.java:lambda$startDaemon$1(555)) - Ozone container server started.
2024-02-06 10:04:50,582 [main] INFO  ozone.MiniOzoneClusterImpl (MiniOzoneClusterImpl.java:lambda$waitForClusterToBeReady$0(228)) - Waiting for nodes to be ready. Got 0 of 9 DN Heartbeats.
2024-02-06 10:04:50,582 [main] INFO  ozone.MiniOzoneClusterImpl (MiniOzoneClusterImpl.java:lambda$waitForClusterToBeReady$0(231)) - Waiting for cluster to exit safe mode
2024-02-06 10:04:50,582 [main] INFO  ozone.MiniOzoneClusterImpl (MiniOzoneClusterImpl.java:lambda$waitForClusterToBeReady$0(233)) - SCM became leader
2024-02-06 10:04:50,587 [2bb22b89-6b01-4b52-bccb-ae4677f02d8d-DatanodeStateMachineTaskThread-0] INFO  datanode.InitDatanodeState (InitDatanodeState.java:persistContainerDatanodeDetails(139)) - DatanodeDetails is persisted to /home/runner/work/ozone/ozone/hadoop-ozone/integration-test/target/test-dir/MiniOzoneClusterImpl-5d1c2165-a83d-4eb5-a2bf-ae35b2f22424/datanode-8/meta/datanode.id
2024-02-06 10:04:50,868 [om1@group-C5BA1605619E-FollowerState] INFO  impl.FollowerState (FollowerState.java:run(143)) - om1@group-C5BA1605619E-FollowerState: change to CANDIDATE, lastRpcElapsedTime:1120469986ns, electionTimeout:1120ms
2024-02-06 10:04:50,868 [om1@group-C5BA1605619E-FollowerState] INFO  impl.RoleInfo (RoleInfo.java:shutdownFollowerState(110)) - om1: shutdown om1@group-C5BA1605619E-FollowerState
2024-02-06 10:04:50,868 [om1@group-C5BA1605619E-FollowerState] INFO  server.RaftServer$Division (RaftServerImpl.java:setRole(383)) - om1@group-C5BA1605619E: changes role from  FOLLOWER to CANDIDATE at term 0 for changeToCandidate
2024-02-06 10:04:50,868 [om1@group-C5BA1605619E-FollowerState] INFO  server.RaftServerConfigKeys (ConfUtils.java:logGet(46)) - raft.server.leaderelection.pre-vote = true (default)
2024-02-06 10:04:50,868 [om1@group-C5BA1605619E-FollowerState] INFO  impl.RoleInfo (RoleInfo.java:updateAndGet(139)) - om1: start om1@group-C5BA1605619E-LeaderElection79
2024-02-06 10:04:50,870 [om1@group-C5BA1605619E-LeaderElection79] INFO  impl.LeaderElection (LeaderElection.java:askForVotes(321)) - om1@group-C5BA1605619E-LeaderElection79 PRE_VOTE round 0: submit vote requests at term 0 for -1: peers:[om1|localhost:15452]|listeners:[], old=null
2024-02-06 10:04:50,870 [om1@group-C5BA1605619E-LeaderElection79] INFO  impl.LeaderElection (LeaderElection.java:askForVotes(323)) - om1@group-C5BA1605619E-LeaderElection79 PRE_VOTE round 0: result PASSED (term=0)
2024-02-06 10:04:50,871 [om1@group-C5BA1605619E-LeaderElection79] INFO  impl.LeaderElection (LeaderElection.java:askForVotes(321)) - om1@group-C5BA1605619E-LeaderElection79 ELECTION round 0: submit vote requests at term 1 for -1: peers:[om1|localhost:15452]|listeners:[], old=null
2024-02-06 10:04:50,871 [om1@group-C5BA1605619E-LeaderElection79] INFO  impl.LeaderElection (LeaderElection.java:askForVotes(323)) - om1@group-C5BA1605619E-LeaderElection79 ELECTION round 0: result PASSED (term=1)
2024-02-06 10:04:50,871 [om1@group-C5BA1605619E-LeaderElection79] INFO  impl.RoleInfo (RoleInfo.java:shutdownLeaderElection(130)) - om1: shutdown om1@group-C5BA1605619E-LeaderElection79
2024-02-06 10:04:50,871 [om1@group-C5BA1605619E-LeaderElection79] INFO  server.RaftServer$Division (RaftServerImpl.java:setRole(383)) - om1@group-C5BA1605619E: changes role from CANDIDATE to LEADER at term 1 for changeToLeader
2024-02-06 10:04:50,871 [om1@group-C5BA1605619E-LeaderElection79] INFO  server.RaftServerConfigKeys (ConfUtils.java:logGet(46)) - raft.server.staging.catchup.gap = 1000 (default)
2024-02-06 10:04:50,871 [om1@group-C5BA1605619E-LeaderElection79] INFO  server.RaftServerConfigKeys (ConfUtils.java:logGet(46)) - raft.server.write.element-limit = 4096 (default)
2024-02-06 10:04:50,871 [om1@group-C5BA1605619E-LeaderElection79] INFO  server.RaftServerConfigKeys (ConfUtils.java:logGet(46)) - raft.server.write.byte-limit = 64MB (=67108864) (default)
2024-02-06 10:04:50,871 [om1@group-C5BA1605619E-LeaderElection79] INFO  server.RaftServerConfigKeys (ConfUtils.java:logGet(46)) - raft.server.watch.timeout = 10s (default)
2024-02-06 10:04:50,871 [om1@group-C5BA1605619E-LeaderElection79] INFO  server.RaftServerConfigKeys (ConfUtils.java:logGet(46)) - raft.server.watch.timeout.denomination = 1s (default)
2024-02-06 10:04:50,871 [om1@group-C5BA1605619E-LeaderElection79] INFO  server.RaftServerConfigKeys (ConfUtils.java:logGet(46)) - raft.server.watch.element-limit = 65536 (default)
2024-02-06 10:04:50,871 [om1@group-C5BA1605619E-LeaderElection79] INFO  server.RaftServerConfigKeys (ConfUtils.java:logGet(46)) - raft.server.read.leader.lease.enabled = false (default)
2024-02-06 10:04:50,871 [om1@group-C5BA1605619E-LeaderElection79] INFO  server.RaftServerConfigKeys (ConfUtils.java:logGet(46)) - raft.server.read.leader.lease.timeout.ratio = 0.9 (default)
2024-02-06 10:04:50,871 [om1@group-C5BA1605619E-LeaderElection79] INFO  server.RaftServerConfigKeys (ConfUtils.java:logGet(46)) - raft.server.rpc.timeout.min = 1s (custom)
2024-02-06 10:04:50,871 [om1@group-C5BA1605619E-LeaderElection79] INFO  server.RaftServerConfigKeys (ConfUtils.java:logGet(46)) - raft.server.write.element-limit = 4096 (default)
2024-02-06 10:04:50,871 [om1@group-C5BA1605619E-LeaderElection79] INFO  server.RaftServerConfigKeys (ConfUtils.java:logGet(46)) - raft.server.write.follower.gap.ratio.max = -1.0 (default)
2024-02-06 10:04:50,872 [om1@group-C5BA1605619E-LeaderElection79] INFO  impl.RoleInfo (RoleInfo.java:updateAndGet(139)) - om1: start om1@group-C5BA1605619E-LeaderStateImpl
2024-02-06 10:04:50,872 [om1@group-C5BA1605619E-LeaderElection79] INFO  server.RaftServer$Division (RaftServerImpl.java:setFirstElection(574)) - om1@group-C5BA1605619E: set firstElectionSinceStartup to false for becomeLeader
2024-02-06 10:04:50,872 [om1@group-C5BA1605619E-LeaderElection79] INFO  server.RaftServer$Division (ServerState.java:setLeader(269)) - om1@group-C5BA1605619E: change Leader from null to om1 at term 1 for becomeLeader, leader elected after 1331ms
2024-02-06 10:04:50,872 [om1@group-C5BA1605619E-LeaderElection79] INFO  segmented.SegmentedRaftLogWorker (SegmentedRaftLogWorker.java:startLogSegment(430)) - om1@group-C5BA1605619E-SegmentedRaftLogWorker: Starting segment from index:0
2024-02-06 10:04:50,873 [om1@group-C5BA1605619E-LeaderElection79] INFO  server.RaftServer$Division (ServerState.java:setRaftConf(386)) - om1@group-C5BA1605619E: set configuration 0: peers:[om1|localhost:15452]|listeners:[], old=null
2024-02-06 10:04:50,873 [om1@group-C5BA1605619E-SegmentedRaftLogWorker] INFO  segmented.BufferedWriteChannel (BufferedWriteChannel.java:open(62)) - open log_inprogress_0 at position 0
2024-02-06 10:04:50,880 [om1@group-C5BA1605619E-SegmentedRaftLogWorker] INFO  segmented.SegmentedRaftLogWorker (SegmentedRaftLogWorker.java:execute(634)) - om1@group-C5BA1605619E-SegmentedRaftLogWorker: created new log segment /home/runner/work/ozone/ozone/hadoop-ozone/integration-test/target/test-dir/MiniOzoneClusterImpl-5d1c2165-a83d-4eb5-a2bf-ae35b2f22424/ozone-meta/ratis/bf265839-605b-3f16-9796-c5ba1605619e/current/log_inprogress_0
2024-02-06 10:04:50,881 [om1@group-C5BA1605619E-StateMachineUpdater] INFO  ratis.OzoneManagerStateMachine (OzoneManagerStateMachine.java:notifyConfigurationChanged(200)) - Received Configuration change notification from Ratis. New Peer list:
[id: "om1"
address: "localhost:15452"
startupRole: FOLLOWER
]
2024-02-06 10:04:50,882 [om1@group-C5BA1605619E-StateMachineUpdater] INFO  server.RaftServer$Division (LeaderStateImpl.java:isApplied(320)) - leader is ready since appliedIndex == 0 >= startIndex == 0
2024-02-06 10:04:51,583 [main] INFO  ozone.MiniOzoneClusterImpl (MiniOzoneClusterImpl.java:lambda$waitForClusterToBeReady$0(228)) - Waiting for nodes to be ready. Got 0 of 9 DN Heartbeats.
2024-02-06 10:04:51,583 [main] INFO  ozone.MiniOzoneClusterImpl (MiniOzoneClusterImpl.java:lambda$waitForClusterToBeReady$0(231)) - Waiting for cluster to exit safe mode
2024-02-06 10:04:51,583 [main] INFO  ozone.MiniOzoneClusterImpl (MiniOzoneClusterImpl.java:lambda$waitForClusterToBeReady$0(233)) - SCM became leader
2024-02-06 10:04:51,901 [26d06f5e-593d-478d-80a2-0fa092cabf84-EndpointStateMachineTaskThread-/0.0.0.0:15447-0 ] INFO  utils.DatanodeStoreCache (DatanodeStoreCache.java:addDB(72)) - Added db /home/runner/work/ozone/ozone/hadoop-ozone/integration-test/target/test-dir/MiniOzoneClusterImpl-5d1c2165-a83d-4eb5-a2bf-ae35b2f22424/datanode-0/data-0/containers/hdds/5d1c2165-a83d-4eb5-a2bf-ae35b2f22424/DS-f1c3c0ed-174e-450a-a4cc-a8ad37328f76/container.db to cache
2024-02-06 10:04:51,901 [26d06f5e-593d-478d-80a2-0fa092cabf84-EndpointStateMachineTaskThread-/0.0.0.0:15447-0 ] INFO  volume.HddsVolume (HddsVolume.java:createDbStore(420)) - SchemaV3 db is created and loaded at /home/runner/work/ozone/ozone/hadoop-ozone/integration-test/target/test-dir/MiniOzoneClusterImpl-5d1c2165-a83d-4eb5-a2bf-ae35b2f22424/datanode-0/data-0/containers/hdds/5d1c2165-a83d-4eb5-a2bf-ae35b2f22424/DS-f1c3c0ed-174e-450a-a4cc-a8ad37328f76/container.db for volume DS-f1c3c0ed-174e-450a-a4cc-a8ad37328f76
2024-02-06 10:04:51,902 [26d06f5e-593d-478d-80a2-0fa092cabf84-ContainerReader-0] INFO  ozoneimpl.ContainerReader (ContainerReader.java:readVolume(148)) - Start to verify containers on volume /home/runner/work/ozone/ozone/hadoop-ozone/integration-test/target/test-dir/MiniOzoneClusterImpl-5d1c2165-a83d-4eb5-a2bf-ae35b2f22424/datanode-0/data-0/containers/hdds
2024-02-06 10:04:51,903 [26d06f5e-593d-478d-80a2-0fa092cabf84-ContainerReader-0] INFO  ozoneimpl.ContainerReader (ContainerReader.java:readVolume(178)) - Finish verifying containers on volume /home/runner/work/ozone/ozone/hadoop-ozone/integration-test/target/test-dir/MiniOzoneClusterImpl-5d1c2165-a83d-4eb5-a2bf-ae35b2f22424/datanode-0/data-0/containers/hdds
2024-02-06 10:04:51,903 [26d06f5e-593d-478d-80a2-0fa092cabf84-EndpointStateMachineTaskThread-/0.0.0.0:15447-0 ] INFO  ozoneimpl.OzoneContainer (OzoneContainer.java:buildContainerSet(328)) - Build ContainerSet costs 0s
2024-02-06 10:04:51,903 [26d06f5e-593d-478d-80a2-0fa092cabf84-EndpointStateMachineTaskThread-/0.0.0.0:15447-0 ] INFO  volume.ThrottledAsyncChecker (ThrottledAsyncChecker.java:schedule(141)) - Scheduling a check for /home/runner/work/ozone/ozone/hadoop-ozone/integration-test/target/test-dir/MiniOzoneClusterImpl-5d1c2165-a83d-4eb5-a2bf-ae35b2f22424/datanode-0/data-0/containers/hdds
2024-02-06 10:04:51,903 [26d06f5e-593d-478d-80a2-0fa092cabf84-EndpointStateMachineTaskThread-/0.0.0.0:15447-0 ] INFO  volume.StorageVolumeChecker (StorageVolumeChecker.java:checkAllVolumes(218)) - Scheduled health check for volume /home/runner/work/ozone/ozone/hadoop-ozone/integration-test/target/test-dir/MiniOzoneClusterImpl-5d1c2165-a83d-4eb5-a2bf-ae35b2f22424/datanode-0/data-0/containers/hdds
2024-02-06 10:04:51,905 [26d06f5e-593d-478d-80a2-0fa092cabf84-EndpointStateMachineTaskThread-/0.0.0.0:15447-0 ] INFO  volume.ThrottledAsyncChecker (ThrottledAsyncChecker.java:schedule(141)) - Scheduling a check for /home/runner/work/ozone/ozone/hadoop-ozone/integration-test/target/test-dir/MiniOzoneClusterImpl-5d1c2165-a83d-4eb5-a2bf-ae35b2f22424/datanode-0/data/ratis
2024-02-06 10:04:51,905 [26d06f5e-593d-478d-80a2-0fa092cabf84-EndpointStateMachineTaskThread-/0.0.0.0:15447-0 ] INFO  volume.StorageVolumeChecker (StorageVolumeChecker.java:checkAllVolumes(218)) - Scheduled health check for volume /home/runner/work/ozone/ozone/hadoop-ozone/integration-test/target/test-dir/MiniOzoneClusterImpl-5d1c2165-a83d-4eb5-a2bf-ae35b2f22424/datanode-0/data/ratis
2024-02-06 10:04:51,905 [26d06f5e-593d-478d-80a2-0fa092cabf84-EndpointStateMachineTaskThread-/0.0.0.0:15447-0 ] INFO  ozoneimpl.OzoneContainer (OzoneContainer.java:start(459)) - Attempting to start container services.
2024-02-06 10:04:51,905 [26d06f5e-593d-478d-80a2-0fa092cabf84-EndpointStateMachineTaskThread-/0.0.0.0:15447-0 ] INFO  ozoneimpl.OzoneContainer (OzoneContainer.java:startContainerScrub(339)) - Scheduled background container scanners and the on-demand container scanner have been disabled.
2024-02-06 10:04:51,906 [26d06f5e-593d-478d-80a2-0fa092cabf84-EndpointStateMachineTaskThread-/0.0.0.0:15447-0 ] INFO  replication.ReplicationServer (ReplicationServer.java:start(140)) - ReplicationServer is started using port 15461
2024-02-06 10:04:51,906 [26d06f5e-593d-478d-80a2-0fa092cabf84-EndpointStateMachineTaskThread-/0.0.0.0:15447-0 ] INFO  ratis.XceiverServerRatis (XceiverServerRatis.java:start(566)) - Starting XceiverServerRatis 26d06f5e-593d-478d-80a2-0fa092cabf84
2024-02-06 10:04:51,906 [26d06f5e-593d-478d-80a2-0fa092cabf84-EndpointStateMachineTaskThread-/0.0.0.0:15447-0 ] INFO  server.RaftServer (RaftServerProxy.java:startImpl(406)) - 26d06f5e-593d-478d-80a2-0fa092cabf84: start RPC server
2024-02-06 10:04:51,907 [26d06f5e-593d-478d-80a2-0fa092cabf84-EndpointStateMachineTaskThread-/0.0.0.0:15447-0 ] INFO  server.GrpcService (GrpcService.java:startImpl(302)) - 26d06f5e-593d-478d-80a2-0fa092cabf84: GrpcService started, listening on 15457
2024-02-06 10:04:51,907 [26d06f5e-593d-478d-80a2-0fa092cabf84-EndpointStateMachineTaskThread-/0.0.0.0:15447-0 ] INFO  server.GrpcService (GrpcService.java:startImpl(302)) - 26d06f5e-593d-478d-80a2-0fa092cabf84: GrpcService started, listening on 15459
2024-02-06 10:04:51,907 [26d06f5e-593d-478d-80a2-0fa092cabf84-EndpointStateMachineTaskThread-/0.0.0.0:15447-0 ] INFO  server.GrpcService (GrpcService.java:startImpl(302)) - 26d06f5e-593d-478d-80a2-0fa092cabf84: GrpcService started, listening on 15458
2024-02-06 10:04:51,907 [26d06f5e-593d-478d-80a2-0fa092cabf84-EndpointStateMachineTaskThread-/0.0.0.0:15447-0 ] INFO  ratis.XceiverServerRatis (XceiverServerRatis.java:getRealPort(592)) - XceiverServerRatis 26d06f5e-593d-478d-80a2-0fa092cabf84 is started using port 15457 for RATIS
2024-02-06 10:04:51,907 [JvmPauseMonitor57] INFO  util.JvmPauseMonitor (JvmPauseMonitor.java:run(146)) - JvmPauseMonitor-26d06f5e-593d-478d-80a2-0fa092cabf84: Started
2024-02-06 10:04:51,907 [26d06f5e-593d-478d-80a2-0fa092cabf84-EndpointStateMachineTaskThread-/0.0.0.0:15447-0 ] INFO  ratis.XceiverServerRatis (XceiverServerRatis.java:getRealPort(592)) - XceiverServerRatis 26d06f5e-593d-478d-80a2-0fa092cabf84 is started using port 15458 for RATIS_ADMIN
2024-02-06 10:04:51,907 [26d06f5e-593d-478d-80a2-0fa092cabf84-EndpointStateMachineTaskThread-/0.0.0.0:15447-0 ] INFO  ratis.XceiverServerRatis (XceiverServerRatis.java:getRealPort(592)) - XceiverServerRatis 26d06f5e-593d-478d-80a2-0fa092cabf84 is started using port 15459 for RATIS_SERVER
2024-02-06 10:04:51,907 [26d06f5e-593d-478d-80a2-0fa092cabf84-EndpointStateMachineTaskThread-/0.0.0.0:15447-0 ] INFO  ratis.XceiverServerRatis (XceiverServerRatis.java:getRealPort(592)) - XceiverServerRatis 26d06f5e-593d-478d-80a2-0fa092cabf84 is started using port 15460 for RATIS_DATASTREAM
2024-02-06 10:04:51,908 [26d06f5e-593d-478d-80a2-0fa092cabf84-BlockDeletingService#0] INFO  interfaces.ContainerDeletionChoosingPolicyTemplate (ContainerDeletionChoosingPolicyTemplate.java:chooseContainerForBlockDeletion(85)) - Chosen 0/5000 blocks from 0 candidate containers.
2024-02-06 10:04:51,993 [79c56b25-6309-4552-ab3a-12e132dee763-EndpointStateMachineTaskThread-/0.0.0.0:15447-0 ] INFO  utils.DatanodeStoreCache (DatanodeStoreCache.java:addDB(72)) - Added db /home/runner/work/ozone/ozone/hadoop-ozone/integration-test/target/test-dir/MiniOzoneClusterImpl-5d1c2165-a83d-4eb5-a2bf-ae35b2f22424/datanode-1/data-0/containers/hdds/5d1c2165-a83d-4eb5-a2bf-ae35b2f22424/DS-754f68b7-5516-4373-bf02-72e2ff5c34f5/container.db to cache
2024-02-06 10:04:51,993 [79c56b25-6309-4552-ab3a-12e132dee763-EndpointStateMachineTaskThread-/0.0.0.0:15447-0 ] INFO  volume.HddsVolume (HddsVolume.java:createDbStore(420)) - SchemaV3 db is created and loaded at /home/runner/work/ozone/ozone/hadoop-ozone/integration-test/target/test-dir/MiniOzoneClusterImpl-5d1c2165-a83d-4eb5-a2bf-ae35b2f22424/datanode-1/data-0/containers/hdds/5d1c2165-a83d-4eb5-a2bf-ae35b2f22424/DS-754f68b7-5516-4373-bf02-72e2ff5c34f5/container.db for volume DS-754f68b7-5516-4373-bf02-72e2ff5c34f5
2024-02-06 10:04:51,994 [79c56b25-6309-4552-ab3a-12e132dee763-ContainerReader-0] INFO  ozoneimpl.ContainerReader (ContainerReader.java:readVolume(148)) - Start to verify containers on volume /home/runner/work/ozone/ozone/hadoop-ozone/integration-test/target/test-dir/MiniOzoneClusterImpl-5d1c2165-a83d-4eb5-a2bf-ae35b2f22424/datanode-1/data-0/containers/hdds
2024-02-06 10:04:51,994 [79c56b25-6309-4552-ab3a-12e132dee763-ContainerReader-0] INFO  ozoneimpl.ContainerReader (ContainerReader.java:readVolume(178)) - Finish verifying containers on volume /home/runner/work/ozone/ozone/hadoop-ozone/integration-test/target/test-dir/MiniOzoneClusterImpl-5d1c2165-a83d-4eb5-a2bf-ae35b2f22424/datanode-1/data-0/containers/hdds
2024-02-06 10:04:51,994 [79c56b25-6309-4552-ab3a-12e132dee763-EndpointStateMachineTaskThread-/0.0.0.0:15447-0 ] INFO  ozoneimpl.OzoneContainer (OzoneContainer.java:buildContainerSet(328)) - Build ContainerSet costs 0s
2024-02-06 10:04:51,995 [79c56b25-6309-4552-ab3a-12e132dee763-EndpointStateMachineTaskThread-/0.0.0.0:15447-0 ] INFO  volume.ThrottledAsyncChecker (ThrottledAsyncChecker.java:schedule(141)) - Scheduling a check for /home/runner/work/ozone/ozone/hadoop-ozone/integration-test/target/test-dir/MiniOzoneClusterImpl-5d1c2165-a83d-4eb5-a2bf-ae35b2f22424/datanode-1/data-0/containers/hdds
2024-02-06 10:04:51,995 [79c56b25-6309-4552-ab3a-12e132dee763-EndpointStateMachineTaskThread-/0.0.0.0:15447-0 ] INFO  volume.StorageVolumeChecker (StorageVolumeChecker.java:checkAllVolumes(218)) - Scheduled health check for volume /home/runner/work/ozone/ozone/hadoop-ozone/integration-test/target/test-dir/MiniOzoneClusterImpl-5d1c2165-a83d-4eb5-a2bf-ae35b2f22424/datanode-1/data-0/containers/hdds
2024-02-06 10:04:51,998 [79c56b25-6309-4552-ab3a-12e132dee763-EndpointStateMachineTaskThread-/0.0.0.0:15447-0 ] INFO  volume.ThrottledAsyncChecker (ThrottledAsyncChecker.java:schedule(141)) - Scheduling a check for /home/runner/work/ozone/ozone/hadoop-ozone/integration-test/target/test-dir/MiniOzoneClusterImpl-5d1c2165-a83d-4eb5-a2bf-ae35b2f22424/datanode-1/data/ratis
2024-02-06 10:04:51,998 [79c56b25-6309-4552-ab3a-12e132dee763-EndpointStateMachineTaskThread-/0.0.0.0:15447-0 ] INFO  volume.StorageVolumeChecker (StorageVolumeChecker.java:checkAllVolumes(218)) - Scheduled health check for volume /home/runner/work/ozone/ozone/hadoop-ozone/integration-test/target/test-dir/MiniOzoneClusterImpl-5d1c2165-a83d-4eb5-a2bf-ae35b2f22424/datanode-1/data/ratis
2024-02-06 10:04:51,999 [79c56b25-6309-4552-ab3a-12e132dee763-EndpointStateMachineTaskThread-/0.0.0.0:15447-0 ] INFO  ozoneimpl.OzoneContainer (OzoneContainer.java:start(459)) - Attempting to start container services.
2024-02-06 10:04:51,999 [79c56b25-6309-4552-ab3a-12e132dee763-EndpointStateMachineTaskThread-/0.0.0.0:15447-0 ] INFO  ozoneimpl.OzoneContainer (OzoneContainer.java:startContainerScrub(339)) - Scheduled background container scanners and the on-demand container scanner have been disabled.
2024-02-06 10:04:51,999 [79c56b25-6309-4552-ab3a-12e132dee763-EndpointStateMachineTaskThread-/0.0.0.0:15447-0 ] INFO  replication.ReplicationServer (ReplicationServer.java:start(140)) - ReplicationServer is started using port 15470
2024-02-06 10:04:52,000 [79c56b25-6309-4552-ab3a-12e132dee763-EndpointStateMachineTaskThread-/0.0.0.0:15447-0 ] INFO  ratis.XceiverServerRatis (XceiverServerRatis.java:start(566)) - Starting XceiverServerRatis 79c56b25-6309-4552-ab3a-12e132dee763
2024-02-06 10:04:52,000 [79c56b25-6309-4552-ab3a-12e132dee763-EndpointStateMachineTaskThread-/0.0.0.0:15447-0 ] INFO  server.RaftServer (RaftServerProxy.java:startImpl(406)) - 79c56b25-6309-4552-ab3a-12e132dee763: start RPC server
2024-02-06 10:04:52,000 [79c56b25-6309-4552-ab3a-12e132dee763-EndpointStateMachineTaskThread-/0.0.0.0:15447-0 ] INFO  server.GrpcService (GrpcService.java:startImpl(302)) - 79c56b25-6309-4552-ab3a-12e132dee763: GrpcService started, listening on 15466
2024-02-06 10:04:52,000 [79c56b25-6309-4552-ab3a-12e132dee763-EndpointStateMachineTaskThread-/0.0.0.0:15447-0 ] INFO  server.GrpcService (GrpcService.java:startImpl(302)) - 79c56b25-6309-4552-ab3a-12e132dee763: GrpcService started, listening on 15468
2024-02-06 10:04:52,001 [79c56b25-6309-4552-ab3a-12e132dee763-EndpointStateMachineTaskThread-/0.0.0.0:15447-0 ] INFO  server.GrpcService (GrpcService.java:startImpl(302)) - 79c56b25-6309-4552-ab3a-12e132dee763: GrpcService started, listening on 15467
2024-02-06 10:04:52,001 [79c56b25-6309-4552-ab3a-12e132dee763-EndpointStateMachineTaskThread-/0.0.0.0:15447-0 ] INFO  ratis.XceiverServerRatis (XceiverServerRatis.java:getRealPort(592)) - XceiverServerRatis 79c56b25-6309-4552-ab3a-12e132dee763 is started using port 15466 for RATIS
2024-02-06 10:04:52,001 [JvmPauseMonitor58] INFO  util.JvmPauseMonitor (JvmPauseMonitor.java:run(146)) - JvmPauseMonitor-79c56b25-6309-4552-ab3a-12e132dee763: Started
2024-02-06 10:04:52,001 [79c56b25-6309-4552-ab3a-12e132dee763-EndpointStateMachineTaskThread-/0.0.0.0:15447-0 ] INFO  ratis.XceiverServerRatis (XceiverServerRatis.java:getRealPort(592)) - XceiverServerRatis 79c56b25-6309-4552-ab3a-12e132dee763 is started using port 15467 for RATIS_ADMIN
2024-02-06 10:04:52,001 [79c56b25-6309-4552-ab3a-12e132dee763-EndpointStateMachineTaskThread-/0.0.0.0:15447-0 ] INFO  ratis.XceiverServerRatis (XceiverServerRatis.java:getRealPort(592)) - XceiverServerRatis 79c56b25-6309-4552-ab3a-12e132dee763 is started using port 15468 for RATIS_SERVER
2024-02-06 10:04:52,001 [79c56b25-6309-4552-ab3a-12e132dee763-EndpointStateMachineTaskThread-/0.0.0.0:15447-0 ] INFO  ratis.XceiverServerRatis (XceiverServerRatis.java:getRealPort(592)) - XceiverServerRatis 79c56b25-6309-4552-ab3a-12e132dee763 is started using port 15469 for RATIS_DATASTREAM
2024-02-06 10:04:52,002 [79c56b25-6309-4552-ab3a-12e132dee763-BlockDeletingService#0] INFO  interfaces.ContainerDeletionChoosingPolicyTemplate (ContainerDeletionChoosingPolicyTemplate.java:chooseContainerForBlockDeletion(85)) - Chosen 0/5000 blocks from 0 candidate containers.
2024-02-06 10:04:52,078 [20dab95a-c478-4766-b72c-beb84f06bee2-EndpointStateMachineTaskThread-/0.0.0.0:15447-0 ] INFO  utils.DatanodeStoreCache (DatanodeStoreCache.java:addDB(72)) - Added db /home/runner/work/ozone/ozone/hadoop-ozone/integration-test/target/test-dir/MiniOzoneClusterImpl-5d1c2165-a83d-4eb5-a2bf-ae35b2f22424/datanode-2/data-0/containers/hdds/5d1c2165-a83d-4eb5-a2bf-ae35b2f22424/DS-00d0df73-3abc-4e6b-85dd-828b047ea088/container.db to cache
2024-02-06 10:04:52,078 [20dab95a-c478-4766-b72c-beb84f06bee2-EndpointStateMachineTaskThread-/0.0.0.0:15447-0 ] INFO  volume.HddsVolume (HddsVolume.java:createDbStore(420)) - SchemaV3 db is created and loaded at /home/runner/work/ozone/ozone/hadoop-ozone/integration-test/target/test-dir/MiniOzoneClusterImpl-5d1c2165-a83d-4eb5-a2bf-ae35b2f22424/datanode-2/data-0/containers/hdds/5d1c2165-a83d-4eb5-a2bf-ae35b2f22424/DS-00d0df73-3abc-4e6b-85dd-828b047ea088/container.db for volume DS-00d0df73-3abc-4e6b-85dd-828b047ea088
2024-02-06 10:04:52,079 [20dab95a-c478-4766-b72c-beb84f06bee2-ContainerReader-0] INFO  ozoneimpl.ContainerReader (ContainerReader.java:readVolume(148)) - Start to verify containers on volume /home/runner/work/ozone/ozone/hadoop-ozone/integration-test/target/test-dir/MiniOzoneClusterImpl-5d1c2165-a83d-4eb5-a2bf-ae35b2f22424/datanode-2/data-0/containers/hdds
2024-02-06 10:04:52,079 [20dab95a-c478-4766-b72c-beb84f06bee2-ContainerReader-0] INFO  ozoneimpl.ContainerReader (ContainerReader.java:readVolume(178)) - Finish verifying containers on volume /home/runner/work/ozone/ozone/hadoop-ozone/integration-test/target/test-dir/MiniOzoneClusterImpl-5d1c2165-a83d-4eb5-a2bf-ae35b2f22424/datanode-2/data-0/containers/hdds
2024-02-06 10:04:52,079 [20dab95a-c478-4766-b72c-beb84f06bee2-EndpointStateMachineTaskThread-/0.0.0.0:15447-0 ] INFO  ozoneimpl.OzoneContainer (OzoneContainer.java:buildContainerSet(328)) - Build ContainerSet costs 0s
2024-02-06 10:04:52,079 [20dab95a-c478-4766-b72c-beb84f06bee2-EndpointStateMachineTaskThread-/0.0.0.0:15447-0 ] INFO  volume.ThrottledAsyncChecker (ThrottledAsyncChecker.java:schedule(141)) - Scheduling a check for /home/runner/work/ozone/ozone/hadoop-ozone/integration-test/target/test-dir/MiniOzoneClusterImpl-5d1c2165-a83d-4eb5-a2bf-ae35b2f22424/datanode-2/data-0/containers/hdds
2024-02-06 10:04:52,080 [20dab95a-c478-4766-b72c-beb84f06bee2-EndpointStateMachineTaskThread-/0.0.0.0:15447-0 ] INFO  volume.StorageVolumeChecker (StorageVolumeChecker.java:checkAllVolumes(218)) - Scheduled health check for volume /home/runner/work/ozone/ozone/hadoop-ozone/integration-test/target/test-dir/MiniOzoneClusterImpl-5d1c2165-a83d-4eb5-a2bf-ae35b2f22424/datanode-2/data-0/containers/hdds
2024-02-06 10:04:52,081 [20dab95a-c478-4766-b72c-beb84f06bee2-EndpointStateMachineTaskThread-/0.0.0.0:15447-0 ] INFO  volume.ThrottledAsyncChecker (ThrottledAsyncChecker.java:schedule(141)) - Scheduling a check for /home/runner/work/ozone/ozone/hadoop-ozone/integration-test/target/test-dir/MiniOzoneClusterImpl-5d1c2165-a83d-4eb5-a2bf-ae35b2f22424/datanode-2/data/ratis
2024-02-06 10:04:52,081 [20dab95a-c478-4766-b72c-beb84f06bee2-EndpointStateMachineTaskThread-/0.0.0.0:15447-0 ] INFO  volume.StorageVolumeChecker (StorageVolumeChecker.java:checkAllVolumes(218)) - Scheduled health check for volume /home/runner/work/ozone/ozone/hadoop-ozone/integration-test/target/test-dir/MiniOzoneClusterImpl-5d1c2165-a83d-4eb5-a2bf-ae35b2f22424/datanode-2/data/ratis
2024-02-06 10:04:52,081 [20dab95a-c478-4766-b72c-beb84f06bee2-EndpointStateMachineTaskThread-/0.0.0.0:15447-0 ] INFO  ozoneimpl.OzoneContainer (OzoneContainer.java:start(459)) - Attempting to start container services.
2024-02-06 10:04:52,081 [20dab95a-c478-4766-b72c-beb84f06bee2-EndpointStateMachineTaskThread-/0.0.0.0:15447-0 ] INFO  ozoneimpl.OzoneContainer (OzoneContainer.java:startContainerScrub(339)) - Scheduled background container scanners and the on-demand container scanner have been disabled.
2024-02-06 10:04:52,082 [20dab95a-c478-4766-b72c-beb84f06bee2-EndpointStateMachineTaskThread-/0.0.0.0:15447-0 ] INFO  replication.ReplicationServer (ReplicationServer.java:start(140)) - ReplicationServer is started using port 15479
2024-02-06 10:04:52,082 [20dab95a-c478-4766-b72c-beb84f06bee2-EndpointStateMachineTaskThread-/0.0.0.0:15447-0 ] INFO  ratis.XceiverServerRatis (XceiverServerRatis.java:start(566)) - Starting XceiverServerRatis 20dab95a-c478-4766-b72c-beb84f06bee2
2024-02-06 10:04:52,082 [20dab95a-c478-4766-b72c-beb84f06bee2-EndpointStateMachineTaskThread-/0.0.0.0:15447-0 ] INFO  server.RaftServer (RaftServerProxy.java:startImpl(406)) - 20dab95a-c478-4766-b72c-beb84f06bee2: start RPC server
2024-02-06 10:04:52,083 [20dab95a-c478-4766-b72c-beb84f06bee2-EndpointStateMachineTaskThread-/0.0.0.0:15447-0 ] INFO  server.GrpcService (GrpcService.java:startImpl(302)) - 20dab95a-c478-4766-b72c-beb84f06bee2: GrpcService started, listening on 15475
2024-02-06 10:04:52,083 [20dab95a-c478-4766-b72c-beb84f06bee2-EndpointStateMachineTaskThread-/0.0.0.0:15447-0 ] INFO  server.GrpcService (GrpcService.java:startImpl(302)) - 20dab95a-c478-4766-b72c-beb84f06bee2: GrpcService started, listening on 15477
2024-02-06 10:04:52,083 [20dab95a-c478-4766-b72c-beb84f06bee2-EndpointStateMachineTaskThread-/0.0.0.0:15447-0 ] INFO  server.GrpcService (GrpcService.java:startImpl(302)) - 20dab95a-c478-4766-b72c-beb84f06bee2: GrpcService started, listening on 15476
2024-02-06 10:04:52,083 [20dab95a-c478-4766-b72c-beb84f06bee2-EndpointStateMachineTaskThread-/0.0.0.0:15447-0 ] INFO  ratis.XceiverServerRatis (XceiverServerRatis.java:getRealPort(592)) - XceiverServerRatis 20dab95a-c478-4766-b72c-beb84f06bee2 is started using port 15475 for RATIS
2024-02-06 10:04:52,083 [20dab95a-c478-4766-b72c-beb84f06bee2-EndpointStateMachineTaskThread-/0.0.0.0:15447-0 ] INFO  ratis.XceiverServerRatis (XceiverServerRatis.java:getRealPort(592)) - XceiverServerRatis 20dab95a-c478-4766-b72c-beb84f06bee2 is started using port 15476 for RATIS_ADMIN
2024-02-06 10:04:52,083 [20dab95a-c478-4766-b72c-beb84f06bee2-EndpointStateMachineTaskThread-/0.0.0.0:15447-0 ] INFO  ratis.XceiverServerRatis (XceiverServerRatis.java:getRealPort(592)) - XceiverServerRatis 20dab95a-c478-4766-b72c-beb84f06bee2 is started using port 15477 for RATIS_SERVER
2024-02-06 10:04:52,083 [20dab95a-c478-4766-b72c-beb84f06bee2-EndpointStateMachineTaskThread-/0.0.0.0:15447-0 ] INFO  ratis.XceiverServerRatis (XceiverServerRatis.java:getRealPort(592)) - XceiverServerRatis 20dab95a-c478-4766-b72c-beb84f06bee2 is started using port 15478 for RATIS_DATASTREAM
2024-02-06 10:04:52,083 [JvmPauseMonitor59] INFO  util.JvmPauseMonitor (JvmPauseMonitor.java:run(146)) - JvmPauseMonitor-20dab95a-c478-4766-b72c-beb84f06bee2: Started
2024-02-06 10:04:52,084 [20dab95a-c478-4766-b72c-beb84f06bee2-BlockDeletingService#0] INFO  interfaces.ContainerDeletionChoosingPolicyTemplate (ContainerDeletionChoosingPolicyTemplate.java:chooseContainerForBlockDeletion(85)) - Chosen 0/5000 blocks from 0 candidate containers.
2024-02-06 10:04:52,164 [c6296721-c547-473a-9a19-ee5b14f2eab7-EndpointStateMachineTaskThread-/0.0.0.0:15447-0 ] INFO  utils.DatanodeStoreCache (DatanodeStoreCache.java:addDB(72)) - Added db /home/runner/work/ozone/ozone/hadoop-ozone/integration-test/target/test-dir/MiniOzoneClusterImpl-5d1c2165-a83d-4eb5-a2bf-ae35b2f22424/datanode-3/data-0/containers/hdds/5d1c2165-a83d-4eb5-a2bf-ae35b2f22424/DS-216e13fe-ad6a-4f0b-a0e5-a6416b107d7f/container.db to cache
2024-02-06 10:04:52,164 [c6296721-c547-473a-9a19-ee5b14f2eab7-EndpointStateMachineTaskThread-/0.0.0.0:15447-0 ] INFO  volume.HddsVolume (HddsVolume.java:createDbStore(420)) - SchemaV3 db is created and loaded at /home/runner/work/ozone/ozone/hadoop-ozone/integration-test/target/test-dir/MiniOzoneClusterImpl-5d1c2165-a83d-4eb5-a2bf-ae35b2f22424/datanode-3/data-0/containers/hdds/5d1c2165-a83d-4eb5-a2bf-ae35b2f22424/DS-216e13fe-ad6a-4f0b-a0e5-a6416b107d7f/container.db for volume DS-216e13fe-ad6a-4f0b-a0e5-a6416b107d7f
2024-02-06 10:04:52,166 [c6296721-c547-473a-9a19-ee5b14f2eab7-ContainerReader-0] INFO  ozoneimpl.ContainerReader (ContainerReader.java:readVolume(148)) - Start to verify containers on volume /home/runner/work/ozone/ozone/hadoop-ozone/integration-test/target/test-dir/MiniOzoneClusterImpl-5d1c2165-a83d-4eb5-a2bf-ae35b2f22424/datanode-3/data-0/containers/hdds
2024-02-06 10:04:52,166 [c6296721-c547-473a-9a19-ee5b14f2eab7-ContainerReader-0] INFO  ozoneimpl.ContainerReader (ContainerReader.java:readVolume(178)) - Finish verifying containers on volume /home/runner/work/ozone/ozone/hadoop-ozone/integration-test/target/test-dir/MiniOzoneClusterImpl-5d1c2165-a83d-4eb5-a2bf-ae35b2f22424/datanode-3/data-0/containers/hdds
2024-02-06 10:04:52,166 [c6296721-c547-473a-9a19-ee5b14f2eab7-EndpointStateMachineTaskThread-/0.0.0.0:15447-0 ] INFO  ozoneimpl.OzoneContainer (OzoneContainer.java:buildContainerSet(328)) - Build ContainerSet costs 0s
2024-02-06 10:04:52,166 [c6296721-c547-473a-9a19-ee5b14f2eab7-EndpointStateMachineTaskThread-/0.0.0.0:15447-0 ] INFO  volume.ThrottledAsyncChecker (ThrottledAsyncChecker.java:schedule(141)) - Scheduling a check for /home/runner/work/ozone/ozone/hadoop-ozone/integration-test/target/test-dir/MiniOzoneClusterImpl-5d1c2165-a83d-4eb5-a2bf-ae35b2f22424/datanode-3/data-0/containers/hdds
2024-02-06 10:04:52,167 [c6296721-c547-473a-9a19-ee5b14f2eab7-EndpointStateMachineTaskThread-/0.0.0.0:15447-0 ] INFO  volume.StorageVolumeChecker (StorageVolumeChecker.java:checkAllVolumes(218)) - Scheduled health check for volume /home/runner/work/ozone/ozone/hadoop-ozone/integration-test/target/test-dir/MiniOzoneClusterImpl-5d1c2165-a83d-4eb5-a2bf-ae35b2f22424/datanode-3/data-0/containers/hdds
2024-02-06 10:04:52,168 [c6296721-c547-473a-9a19-ee5b14f2eab7-EndpointStateMachineTaskThread-/0.0.0.0:15447-0 ] INFO  volume.ThrottledAsyncChecker (ThrottledAsyncChecker.java:schedule(141)) - Scheduling a check for /home/runner/work/ozone/ozone/hadoop-ozone/integration-test/target/test-dir/MiniOzoneClusterImpl-5d1c2165-a83d-4eb5-a2bf-ae35b2f22424/datanode-3/data/ratis
2024-02-06 10:04:52,168 [c6296721-c547-473a-9a19-ee5b14f2eab7-EndpointStateMachineTaskThread-/0.0.0.0:15447-0 ] INFO  volume.StorageVolumeChecker (StorageVolumeChecker.java:checkAllVolumes(218)) - Scheduled health check for volume /home/runner/work/ozone/ozone/hadoop-ozone/integration-test/target/test-dir/MiniOzoneClusterImpl-5d1c2165-a83d-4eb5-a2bf-ae35b2f22424/datanode-3/data/ratis
2024-02-06 10:04:52,168 [c6296721-c547-473a-9a19-ee5b14f2eab7-EndpointStateMachineTaskThread-/0.0.0.0:15447-0 ] INFO  ozoneimpl.OzoneContainer (OzoneContainer.java:start(459)) - Attempting to start container services.
2024-02-06 10:04:52,168 [c6296721-c547-473a-9a19-ee5b14f2eab7-EndpointStateMachineTaskThread-/0.0.0.0:15447-0 ] INFO  ozoneimpl.OzoneContainer (OzoneContainer.java:startContainerScrub(339)) - Scheduled background container scanners and the on-demand container scanner have been disabled.
2024-02-06 10:04:52,169 [c6296721-c547-473a-9a19-ee5b14f2eab7-EndpointStateMachineTaskThread-/0.0.0.0:15447-0 ] INFO  replication.ReplicationServer (ReplicationServer.java:start(140)) - ReplicationServer is started using port 15488
2024-02-06 10:04:52,169 [c6296721-c547-473a-9a19-ee5b14f2eab7-EndpointStateMachineTaskThread-/0.0.0.0:15447-0 ] INFO  ratis.XceiverServerRatis (XceiverServerRatis.java:start(566)) - Starting XceiverServerRatis c6296721-c547-473a-9a19-ee5b14f2eab7
2024-02-06 10:04:52,169 [c6296721-c547-473a-9a19-ee5b14f2eab7-EndpointStateMachineTaskThread-/0.0.0.0:15447-0 ] INFO  server.RaftServer (RaftServerProxy.java:startImpl(406)) - c6296721-c547-473a-9a19-ee5b14f2eab7: start RPC server
2024-02-06 10:04:52,169 [c6296721-c547-473a-9a19-ee5b14f2eab7-EndpointStateMachineTaskThread-/0.0.0.0:15447-0 ] INFO  server.GrpcService (GrpcService.java:startImpl(302)) - c6296721-c547-473a-9a19-ee5b14f2eab7: GrpcService started, listening on 15484
2024-02-06 10:04:52,170 [c6296721-c547-473a-9a19-ee5b14f2eab7-EndpointStateMachineTaskThread-/0.0.0.0:15447-0 ] INFO  server.GrpcService (GrpcService.java:startImpl(302)) - c6296721-c547-473a-9a19-ee5b14f2eab7: GrpcService started, listening on 15486
2024-02-06 10:04:52,170 [c6296721-c547-473a-9a19-ee5b14f2eab7-EndpointStateMachineTaskThread-/0.0.0.0:15447-0 ] INFO  server.GrpcService (GrpcService.java:startImpl(302)) - c6296721-c547-473a-9a19-ee5b14f2eab7: GrpcService started, listening on 15485
2024-02-06 10:04:52,170 [c6296721-c547-473a-9a19-ee5b14f2eab7-EndpointStateMachineTaskThread-/0.0.0.0:15447-0 ] INFO  ratis.XceiverServerRatis (XceiverServerRatis.java:getRealPort(592)) - XceiverServerRatis c6296721-c547-473a-9a19-ee5b14f2eab7 is started using port 15484 for RATIS
2024-02-06 10:04:52,170 [c6296721-c547-473a-9a19-ee5b14f2eab7-EndpointStateMachineTaskThread-/0.0.0.0:15447-0 ] INFO  ratis.XceiverServerRatis (XceiverServerRatis.java:getRealPort(592)) - XceiverServerRatis c6296721-c547-473a-9a19-ee5b14f2eab7 is started using port 15485 for RATIS_ADMIN
2024-02-06 10:04:52,170 [c6296721-c547-473a-9a19-ee5b14f2eab7-EndpointStateMachineTaskThread-/0.0.0.0:15447-0 ] INFO  ratis.XceiverServerRatis (XceiverServerRatis.java:getRealPort(592)) - XceiverServerRatis c6296721-c547-473a-9a19-ee5b14f2eab7 is started using port 15486 for RATIS_SERVER
2024-02-06 10:04:52,170 [c6296721-c547-473a-9a19-ee5b14f2eab7-EndpointStateMachineTaskThread-/0.0.0.0:15447-0 ] INFO  ratis.XceiverServerRatis (XceiverServerRatis.java:getRealPort(592)) - XceiverServerRatis c6296721-c547-473a-9a19-ee5b14f2eab7 is started using port 15487 for RATIS_DATASTREAM
2024-02-06 10:04:52,170 [JvmPauseMonitor60] INFO  util.JvmPauseMonitor (JvmPauseMonitor.java:run(146)) - JvmPauseMonitor-c6296721-c547-473a-9a19-ee5b14f2eab7: Started
2024-02-06 10:04:52,171 [c6296721-c547-473a-9a19-ee5b14f2eab7-BlockDeletingService#0] INFO  interfaces.ContainerDeletionChoosingPolicyTemplate (ContainerDeletionChoosingPolicyTemplate.java:chooseContainerForBlockDeletion(85)) - Chosen 0/5000 blocks from 0 candidate containers.
2024-02-06 10:04:52,259 [3668fcd7-5f50-4258-afea-ecf4a9b92dd6-EndpointStateMachineTaskThread-/0.0.0.0:15447-0 ] INFO  utils.DatanodeStoreCache (DatanodeStoreCache.java:addDB(72)) - Added db /home/runner/work/ozone/ozone/hadoop-ozone/integration-test/target/test-dir/MiniOzoneClusterImpl-5d1c2165-a83d-4eb5-a2bf-ae35b2f22424/datanode-4/data-0/containers/hdds/5d1c2165-a83d-4eb5-a2bf-ae35b2f22424/DS-d809648f-15b5-4d76-bdc7-7b862bf6fe8e/container.db to cache
2024-02-06 10:04:52,259 [3668fcd7-5f50-4258-afea-ecf4a9b92dd6-EndpointStateMachineTaskThread-/0.0.0.0:15447-0 ] INFO  volume.HddsVolume (HddsVolume.java:createDbStore(420)) - SchemaV3 db is created and loaded at /home/runner/work/ozone/ozone/hadoop-ozone/integration-test/target/test-dir/MiniOzoneClusterImpl-5d1c2165-a83d-4eb5-a2bf-ae35b2f22424/datanode-4/data-0/containers/hdds/5d1c2165-a83d-4eb5-a2bf-ae35b2f22424/DS-d809648f-15b5-4d76-bdc7-7b862bf6fe8e/container.db for volume DS-d809648f-15b5-4d76-bdc7-7b862bf6fe8e
2024-02-06 10:04:52,261 [3668fcd7-5f50-4258-afea-ecf4a9b92dd6-ContainerReader-0] INFO  ozoneimpl.ContainerReader (ContainerReader.java:readVolume(148)) - Start to verify containers on volume /home/runner/work/ozone/ozone/hadoop-ozone/integration-test/target/test-dir/MiniOzoneClusterImpl-5d1c2165-a83d-4eb5-a2bf-ae35b2f22424/datanode-4/data-0/containers/hdds
2024-02-06 10:04:52,261 [3668fcd7-5f50-4258-afea-ecf4a9b92dd6-ContainerReader-0] INFO  ozoneimpl.ContainerReader (ContainerReader.java:readVolume(178)) - Finish verifying containers on volume /home/runner/work/ozone/ozone/hadoop-ozone/integration-test/target/test-dir/MiniOzoneClusterImpl-5d1c2165-a83d-4eb5-a2bf-ae35b2f22424/datanode-4/data-0/containers/hdds
2024-02-06 10:04:52,261 [3668fcd7-5f50-4258-afea-ecf4a9b92dd6-EndpointStateMachineTaskThread-/0.0.0.0:15447-0 ] INFO  ozoneimpl.OzoneContainer (OzoneContainer.java:buildContainerSet(328)) - Build ContainerSet costs 0s
2024-02-06 10:04:52,261 [3668fcd7-5f50-4258-afea-ecf4a9b92dd6-EndpointStateMachineTaskThread-/0.0.0.0:15447-0 ] INFO  volume.ThrottledAsyncChecker (ThrottledAsyncChecker.java:schedule(141)) - Scheduling a check for /home/runner/work/ozone/ozone/hadoop-ozone/integration-test/target/test-dir/MiniOzoneClusterImpl-5d1c2165-a83d-4eb5-a2bf-ae35b2f22424/datanode-4/data-0/containers/hdds
2024-02-06 10:04:52,261 [3668fcd7-5f50-4258-afea-ecf4a9b92dd6-EndpointStateMachineTaskThread-/0.0.0.0:15447-0 ] INFO  volume.StorageVolumeChecker (StorageVolumeChecker.java:checkAllVolumes(218)) - Scheduled health check for volume /home/runner/work/ozone/ozone/hadoop-ozone/integration-test/target/test-dir/MiniOzoneClusterImpl-5d1c2165-a83d-4eb5-a2bf-ae35b2f22424/datanode-4/data-0/containers/hdds
2024-02-06 10:04:52,262 [3668fcd7-5f50-4258-afea-ecf4a9b92dd6-EndpointStateMachineTaskThread-/0.0.0.0:15447-0 ] INFO  volume.ThrottledAsyncChecker (ThrottledAsyncChecker.java:schedule(141)) - Scheduling a check for /home/runner/work/ozone/ozone/hadoop-ozone/integration-test/target/test-dir/MiniOzoneClusterImpl-5d1c2165-a83d-4eb5-a2bf-ae35b2f22424/datanode-4/data/ratis
2024-02-06 10:04:52,262 [3668fcd7-5f50-4258-afea-ecf4a9b92dd6-EndpointStateMachineTaskThread-/0.0.0.0:15447-0 ] INFO  volume.StorageVolumeChecker (StorageVolumeChecker.java:checkAllVolumes(218)) - Scheduled health check for volume /home/runner/work/ozone/ozone/hadoop-ozone/integration-test/target/test-dir/MiniOzoneClusterImpl-5d1c2165-a83d-4eb5-a2bf-ae35b2f22424/datanode-4/data/ratis
2024-02-06 10:04:52,263 [3668fcd7-5f50-4258-afea-ecf4a9b92dd6-EndpointStateMachineTaskThread-/0.0.0.0:15447-0 ] INFO  ozoneimpl.OzoneContainer (OzoneContainer.java:start(459)) - Attempting to start container services.
2024-02-06 10:04:52,263 [3668fcd7-5f50-4258-afea-ecf4a9b92dd6-EndpointStateMachineTaskThread-/0.0.0.0:15447-0 ] INFO  ozoneimpl.OzoneContainer (OzoneContainer.java:startContainerScrub(339)) - Scheduled background container scanners and the on-demand container scanner have been disabled.
2024-02-06 10:04:52,264 [3668fcd7-5f50-4258-afea-ecf4a9b92dd6-EndpointStateMachineTaskThread-/0.0.0.0:15447-0 ] INFO  replication.ReplicationServer (ReplicationServer.java:start(140)) - ReplicationServer is started using port 15497
2024-02-06 10:04:52,264 [3668fcd7-5f50-4258-afea-ecf4a9b92dd6-EndpointStateMachineTaskThread-/0.0.0.0:15447-0 ] INFO  ratis.XceiverServerRatis (XceiverServerRatis.java:start(566)) - Starting XceiverServerRatis 3668fcd7-5f50-4258-afea-ecf4a9b92dd6
2024-02-06 10:04:52,264 [3668fcd7-5f50-4258-afea-ecf4a9b92dd6-EndpointStateMachineTaskThread-/0.0.0.0:15447-0 ] INFO  server.RaftServer (RaftServerProxy.java:startImpl(406)) - 3668fcd7-5f50-4258-afea-ecf4a9b92dd6: start RPC server
2024-02-06 10:04:52,264 [3668fcd7-5f50-4258-afea-ecf4a9b92dd6-EndpointStateMachineTaskThread-/0.0.0.0:15447-0 ] INFO  server.GrpcService (GrpcService.java:startImpl(302)) - 3668fcd7-5f50-4258-afea-ecf4a9b92dd6: GrpcService started, listening on 15493
2024-02-06 10:04:52,264 [3668fcd7-5f50-4258-afea-ecf4a9b92dd6-EndpointStateMachineTaskThread-/0.0.0.0:15447-0 ] INFO  server.GrpcService (GrpcService.java:startImpl(302)) - 3668fcd7-5f50-4258-afea-ecf4a9b92dd6: GrpcService started, listening on 15495
2024-02-06 10:04:52,265 [3668fcd7-5f50-4258-afea-ecf4a9b92dd6-EndpointStateMachineTaskThread-/0.0.0.0:15447-0 ] INFO  server.GrpcService (GrpcService.java:startImpl(302)) - 3668fcd7-5f50-4258-afea-ecf4a9b92dd6: GrpcService started, listening on 15494
2024-02-06 10:04:52,265 [3668fcd7-5f50-4258-afea-ecf4a9b92dd6-EndpointStateMachineTaskThread-/0.0.0.0:15447-0 ] INFO  ratis.XceiverServerRatis (XceiverServerRatis.java:getRealPort(592)) - XceiverServerRatis 3668fcd7-5f50-4258-afea-ecf4a9b92dd6 is started using port 15493 for RATIS
2024-02-06 10:04:52,265 [3668fcd7-5f50-4258-afea-ecf4a9b92dd6-EndpointStateMachineTaskThread-/0.0.0.0:15447-0 ] INFO  ratis.XceiverServerRatis (XceiverServerRatis.java:getRealPort(592)) - XceiverServerRatis 3668fcd7-5f50-4258-afea-ecf4a9b92dd6 is started using port 15494 for RATIS_ADMIN
2024-02-06 10:04:52,265 [3668fcd7-5f50-4258-afea-ecf4a9b92dd6-EndpointStateMachineTaskThread-/0.0.0.0:15447-0 ] INFO  ratis.XceiverServerRatis (XceiverServerRatis.java:getRealPort(592)) - XceiverServerRatis 3668fcd7-5f50-4258-afea-ecf4a9b92dd6 is started using port 15495 for RATIS_SERVER
2024-02-06 10:04:52,265 [3668fcd7-5f50-4258-afea-ecf4a9b92dd6-EndpointStateMachineTaskThread-/0.0.0.0:15447-0 ] INFO  ratis.XceiverServerRatis (XceiverServerRatis.java:getRealPort(592)) - XceiverServerRatis 3668fcd7-5f50-4258-afea-ecf4a9b92dd6 is started using port 15496 for RATIS_DATASTREAM
2024-02-06 10:04:52,265 [JvmPauseMonitor61] INFO  util.JvmPauseMonitor (JvmPauseMonitor.java:run(146)) - JvmPauseMonitor-3668fcd7-5f50-4258-afea-ecf4a9b92dd6: Started
2024-02-06 10:04:52,266 [3668fcd7-5f50-4258-afea-ecf4a9b92dd6-BlockDeletingService#0] INFO  interfaces.ContainerDeletionChoosingPolicyTemplate (ContainerDeletionChoosingPolicyTemplate.java:chooseContainerForBlockDeletion(85)) - Chosen 0/5000 blocks from 0 candidate containers.
2024-02-06 10:04:52,343 [d1d50a62-ae00-4aa1-bd49-1c13d08c4e54-EndpointStateMachineTaskThread-/0.0.0.0:15447-0 ] INFO  utils.DatanodeStoreCache (DatanodeStoreCache.java:addDB(72)) - Added db /home/runner/work/ozone/ozone/hadoop-ozone/integration-test/target/test-dir/MiniOzoneClusterImpl-5d1c2165-a83d-4eb5-a2bf-ae35b2f22424/datanode-5/data-0/containers/hdds/5d1c2165-a83d-4eb5-a2bf-ae35b2f22424/DS-16427159-c7c2-4b5a-a944-9fddbdf3f260/container.db to cache
2024-02-06 10:04:52,343 [d1d50a62-ae00-4aa1-bd49-1c13d08c4e54-EndpointStateMachineTaskThread-/0.0.0.0:15447-0 ] INFO  volume.HddsVolume (HddsVolume.java:createDbStore(420)) - SchemaV3 db is created and loaded at /home/runner/work/ozone/ozone/hadoop-ozone/integration-test/target/test-dir/MiniOzoneClusterImpl-5d1c2165-a83d-4eb5-a2bf-ae35b2f22424/datanode-5/data-0/containers/hdds/5d1c2165-a83d-4eb5-a2bf-ae35b2f22424/DS-16427159-c7c2-4b5a-a944-9fddbdf3f260/container.db for volume DS-16427159-c7c2-4b5a-a944-9fddbdf3f260
2024-02-06 10:04:52,345 [d1d50a62-ae00-4aa1-bd49-1c13d08c4e54-ContainerReader-0] INFO  ozoneimpl.ContainerReader (ContainerReader.java:readVolume(148)) - Start to verify containers on volume /home/runner/work/ozone/ozone/hadoop-ozone/integration-test/target/test-dir/MiniOzoneClusterImpl-5d1c2165-a83d-4eb5-a2bf-ae35b2f22424/datanode-5/data-0/containers/hdds
2024-02-06 10:04:52,345 [d1d50a62-ae00-4aa1-bd49-1c13d08c4e54-ContainerReader-0] INFO  ozoneimpl.ContainerReader (ContainerReader.java:readVolume(178)) - Finish verifying containers on volume /home/runner/work/ozone/ozone/hadoop-ozone/integration-test/target/test-dir/MiniOzoneClusterImpl-5d1c2165-a83d-4eb5-a2bf-ae35b2f22424/datanode-5/data-0/containers/hdds
2024-02-06 10:04:52,345 [d1d50a62-ae00-4aa1-bd49-1c13d08c4e54-EndpointStateMachineTaskThread-/0.0.0.0:15447-0 ] INFO  ozoneimpl.OzoneContainer (OzoneContainer.java:buildContainerSet(328)) - Build ContainerSet costs 0s
2024-02-06 10:04:52,345 [d1d50a62-ae00-4aa1-bd49-1c13d08c4e54-EndpointStateMachineTaskThread-/0.0.0.0:15447-0 ] INFO  volume.ThrottledAsyncChecker (ThrottledAsyncChecker.java:schedule(141)) - Scheduling a check for /home/runner/work/ozone/ozone/hadoop-ozone/integration-test/target/test-dir/MiniOzoneClusterImpl-5d1c2165-a83d-4eb5-a2bf-ae35b2f22424/datanode-5/data-0/containers/hdds
2024-02-06 10:04:52,345 [d1d50a62-ae00-4aa1-bd49-1c13d08c4e54-EndpointStateMachineTaskThread-/0.0.0.0:15447-0 ] INFO  volume.StorageVolumeChecker (StorageVolumeChecker.java:checkAllVolumes(218)) - Scheduled health check for volume /home/runner/work/ozone/ozone/hadoop-ozone/integration-test/target/test-dir/MiniOzoneClusterImpl-5d1c2165-a83d-4eb5-a2bf-ae35b2f22424/datanode-5/data-0/containers/hdds
2024-02-06 10:04:52,346 [d1d50a62-ae00-4aa1-bd49-1c13d08c4e54-EndpointStateMachineTaskThread-/0.0.0.0:15447-0 ] INFO  volume.ThrottledAsyncChecker (ThrottledAsyncChecker.java:schedule(141)) - Scheduling a check for /home/runner/work/ozone/ozone/hadoop-ozone/integration-test/target/test-dir/MiniOzoneClusterImpl-5d1c2165-a83d-4eb5-a2bf-ae35b2f22424/datanode-5/data/ratis
2024-02-06 10:04:52,346 [d1d50a62-ae00-4aa1-bd49-1c13d08c4e54-EndpointStateMachineTaskThread-/0.0.0.0:15447-0 ] INFO  volume.StorageVolumeChecker (StorageVolumeChecker.java:checkAllVolumes(218)) - Scheduled health check for volume /home/runner/work/ozone/ozone/hadoop-ozone/integration-test/target/test-dir/MiniOzoneClusterImpl-5d1c2165-a83d-4eb5-a2bf-ae35b2f22424/datanode-5/data/ratis
2024-02-06 10:04:52,347 [d1d50a62-ae00-4aa1-bd49-1c13d08c4e54-EndpointStateMachineTaskThread-/0.0.0.0:15447-0 ] INFO  ozoneimpl.OzoneContainer (OzoneContainer.java:start(459)) - Attempting to start container services.
2024-02-06 10:04:52,347 [d1d50a62-ae00-4aa1-bd49-1c13d08c4e54-EndpointStateMachineTaskThread-/0.0.0.0:15447-0 ] INFO  ozoneimpl.OzoneContainer (OzoneContainer.java:startContainerScrub(339)) - Scheduled background container scanners and the on-demand container scanner have been disabled.
2024-02-06 10:04:52,347 [d1d50a62-ae00-4aa1-bd49-1c13d08c4e54-EndpointStateMachineTaskThread-/0.0.0.0:15447-0 ] INFO  replication.ReplicationServer (ReplicationServer.java:start(140)) - ReplicationServer is started using port 15506
2024-02-06 10:04:52,348 [d1d50a62-ae00-4aa1-bd49-1c13d08c4e54-EndpointStateMachineTaskThread-/0.0.0.0:15447-0 ] INFO  ratis.XceiverServerRatis (XceiverServerRatis.java:start(566)) - Starting XceiverServerRatis d1d50a62-ae00-4aa1-bd49-1c13d08c4e54
2024-02-06 10:04:52,348 [d1d50a62-ae00-4aa1-bd49-1c13d08c4e54-EndpointStateMachineTaskThread-/0.0.0.0:15447-0 ] INFO  server.RaftServer (RaftServerProxy.java:startImpl(406)) - d1d50a62-ae00-4aa1-bd49-1c13d08c4e54: start RPC server
2024-02-06 10:04:52,348 [d1d50a62-ae00-4aa1-bd49-1c13d08c4e54-EndpointStateMachineTaskThread-/0.0.0.0:15447-0 ] INFO  server.GrpcService (GrpcService.java:startImpl(302)) - d1d50a62-ae00-4aa1-bd49-1c13d08c4e54: GrpcService started, listening on 15502
2024-02-06 10:04:52,348 [d1d50a62-ae00-4aa1-bd49-1c13d08c4e54-EndpointStateMachineTaskThread-/0.0.0.0:15447-0 ] INFO  server.GrpcService (GrpcService.java:startImpl(302)) - d1d50a62-ae00-4aa1-bd49-1c13d08c4e54: GrpcService started, listening on 15504
2024-02-06 10:04:52,349 [d1d50a62-ae00-4aa1-bd49-1c13d08c4e54-EndpointStateMachineTaskThread-/0.0.0.0:15447-0 ] INFO  server.GrpcService (GrpcService.java:startImpl(302)) - d1d50a62-ae00-4aa1-bd49-1c13d08c4e54: GrpcService started, listening on 15503
2024-02-06 10:04:52,349 [d1d50a62-ae00-4aa1-bd49-1c13d08c4e54-EndpointStateMachineTaskThread-/0.0.0.0:15447-0 ] INFO  ratis.XceiverServerRatis (XceiverServerRatis.java:getRealPort(592)) - XceiverServerRatis d1d50a62-ae00-4aa1-bd49-1c13d08c4e54 is started using port 15502 for RATIS
2024-02-06 10:04:52,349 [JvmPauseMonitor62] INFO  util.JvmPauseMonitor (JvmPauseMonitor.java:run(146)) - JvmPauseMonitor-d1d50a62-ae00-4aa1-bd49-1c13d08c4e54: Started
2024-02-06 10:04:52,349 [d1d50a62-ae00-4aa1-bd49-1c13d08c4e54-EndpointStateMachineTaskThread-/0.0.0.0:15447-0 ] INFO  ratis.XceiverServerRatis (XceiverServerRatis.java:getRealPort(592)) - XceiverServerRatis d1d50a62-ae00-4aa1-bd49-1c13d08c4e54 is started using port 15503 for RATIS_ADMIN
2024-02-06 10:04:52,349 [d1d50a62-ae00-4aa1-bd49-1c13d08c4e54-EndpointStateMachineTaskThread-/0.0.0.0:15447-0 ] INFO  ratis.XceiverServerRatis (XceiverServerRatis.java:getRealPort(592)) - XceiverServerRatis d1d50a62-ae00-4aa1-bd49-1c13d08c4e54 is started using port 15504 for RATIS_SERVER
2024-02-06 10:04:52,349 [d1d50a62-ae00-4aa1-bd49-1c13d08c4e54-EndpointStateMachineTaskThread-/0.0.0.0:15447-0 ] INFO  ratis.XceiverServerRatis (XceiverServerRatis.java:getRealPort(592)) - XceiverServerRatis d1d50a62-ae00-4aa1-bd49-1c13d08c4e54 is started using port 15505 for RATIS_DATASTREAM
2024-02-06 10:04:52,349 [d1d50a62-ae00-4aa1-bd49-1c13d08c4e54-BlockDeletingService#0] INFO  interfaces.ContainerDeletionChoosingPolicyTemplate (ContainerDeletionChoosingPolicyTemplate.java:chooseContainerForBlockDeletion(85)) - Chosen 0/5000 blocks from 0 candidate containers.
2024-02-06 10:04:52,448 [abf042c3-6cd4-4c06-9655-57992d013f88-EndpointStateMachineTaskThread-/0.0.0.0:15447-0 ] INFO  utils.DatanodeStoreCache (DatanodeStoreCache.java:addDB(72)) - Added db /home/runner/work/ozone/ozone/hadoop-ozone/integration-test/target/test-dir/MiniOzoneClusterImpl-5d1c2165-a83d-4eb5-a2bf-ae35b2f22424/datanode-6/data-0/containers/hdds/5d1c2165-a83d-4eb5-a2bf-ae35b2f22424/DS-ac83b530-5695-4c08-ad1b-5c4b8c149d7e/container.db to cache
2024-02-06 10:04:52,448 [abf042c3-6cd4-4c06-9655-57992d013f88-EndpointStateMachineTaskThread-/0.0.0.0:15447-0 ] INFO  volume.HddsVolume (HddsVolume.java:createDbStore(420)) - SchemaV3 db is created and loaded at /home/runner/work/ozone/ozone/hadoop-ozone/integration-test/target/test-dir/MiniOzoneClusterImpl-5d1c2165-a83d-4eb5-a2bf-ae35b2f22424/datanode-6/data-0/containers/hdds/5d1c2165-a83d-4eb5-a2bf-ae35b2f22424/DS-ac83b530-5695-4c08-ad1b-5c4b8c149d7e/container.db for volume DS-ac83b530-5695-4c08-ad1b-5c4b8c149d7e
2024-02-06 10:04:52,450 [abf042c3-6cd4-4c06-9655-57992d013f88-ContainerReader-0] INFO  ozoneimpl.ContainerReader (ContainerReader.java:readVolume(148)) - Start to verify containers on volume /home/runner/work/ozone/ozone/hadoop-ozone/integration-test/target/test-dir/MiniOzoneClusterImpl-5d1c2165-a83d-4eb5-a2bf-ae35b2f22424/datanode-6/data-0/containers/hdds
2024-02-06 10:04:52,450 [abf042c3-6cd4-4c06-9655-57992d013f88-ContainerReader-0] INFO  ozoneimpl.ContainerReader (ContainerReader.java:readVolume(178)) - Finish verifying containers on volume /home/runner/work/ozone/ozone/hadoop-ozone/integration-test/target/test-dir/MiniOzoneClusterImpl-5d1c2165-a83d-4eb5-a2bf-ae35b2f22424/datanode-6/data-0/containers/hdds
2024-02-06 10:04:52,450 [abf042c3-6cd4-4c06-9655-57992d013f88-EndpointStateMachineTaskThread-/0.0.0.0:15447-0 ] INFO  ozoneimpl.OzoneContainer (OzoneContainer.java:buildContainerSet(328)) - Build ContainerSet costs 0s
2024-02-06 10:04:52,450 [abf042c3-6cd4-4c06-9655-57992d013f88-EndpointStateMachineTaskThread-/0.0.0.0:15447-0 ] INFO  volume.ThrottledAsyncChecker (ThrottledAsyncChecker.java:schedule(141)) - Scheduling a check for /home/runner/work/ozone/ozone/hadoop-ozone/integration-test/target/test-dir/MiniOzoneClusterImpl-5d1c2165-a83d-4eb5-a2bf-ae35b2f22424/datanode-6/data-0/containers/hdds
2024-02-06 10:04:52,450 [abf042c3-6cd4-4c06-9655-57992d013f88-EndpointStateMachineTaskThread-/0.0.0.0:15447-0 ] INFO  volume.StorageVolumeChecker (StorageVolumeChecker.java:checkAllVolumes(218)) - Scheduled health check for volume /home/runner/work/ozone/ozone/hadoop-ozone/integration-test/target/test-dir/MiniOzoneClusterImpl-5d1c2165-a83d-4eb5-a2bf-ae35b2f22424/datanode-6/data-0/containers/hdds
2024-02-06 10:04:52,451 [abf042c3-6cd4-4c06-9655-57992d013f88-EndpointStateMachineTaskThread-/0.0.0.0:15447-0 ] INFO  volume.ThrottledAsyncChecker (ThrottledAsyncChecker.java:schedule(141)) - Scheduling a check for /home/runner/work/ozone/ozone/hadoop-ozone/integration-test/target/test-dir/MiniOzoneClusterImpl-5d1c2165-a83d-4eb5-a2bf-ae35b2f22424/datanode-6/data/ratis
2024-02-06 10:04:52,451 [abf042c3-6cd4-4c06-9655-57992d013f88-EndpointStateMachineTaskThread-/0.0.0.0:15447-0 ] INFO  volume.StorageVolumeChecker (StorageVolumeChecker.java:checkAllVolumes(218)) - Scheduled health check for volume /home/runner/work/ozone/ozone/hadoop-ozone/integration-test/target/test-dir/MiniOzoneClusterImpl-5d1c2165-a83d-4eb5-a2bf-ae35b2f22424/datanode-6/data/ratis
2024-02-06 10:04:52,452 [abf042c3-6cd4-4c06-9655-57992d013f88-EndpointStateMachineTaskThread-/0.0.0.0:15447-0 ] INFO  ozoneimpl.OzoneContainer (OzoneContainer.java:start(459)) - Attempting to start container services.
2024-02-06 10:04:52,452 [abf042c3-6cd4-4c06-9655-57992d013f88-EndpointStateMachineTaskThread-/0.0.0.0:15447-0 ] INFO  ozoneimpl.OzoneContainer (OzoneContainer.java:startContainerScrub(339)) - Scheduled background container scanners and the on-demand container scanner have been disabled.
2024-02-06 10:04:52,452 [abf042c3-6cd4-4c06-9655-57992d013f88-EndpointStateMachineTaskThread-/0.0.0.0:15447-0 ] INFO  replication.ReplicationServer (ReplicationServer.java:start(140)) - ReplicationServer is started using port 15515
2024-02-06 10:04:52,452 [abf042c3-6cd4-4c06-9655-57992d013f88-EndpointStateMachineTaskThread-/0.0.0.0:15447-0 ] INFO  ratis.XceiverServerRatis (XceiverServerRatis.java:start(566)) - Starting XceiverServerRatis abf042c3-6cd4-4c06-9655-57992d013f88
2024-02-06 10:04:52,453 [abf042c3-6cd4-4c06-9655-57992d013f88-EndpointStateMachineTaskThread-/0.0.0.0:15447-0 ] INFO  server.RaftServer (RaftServerProxy.java:startImpl(406)) - abf042c3-6cd4-4c06-9655-57992d013f88: start RPC server
2024-02-06 10:04:52,453 [abf042c3-6cd4-4c06-9655-57992d013f88-EndpointStateMachineTaskThread-/0.0.0.0:15447-0 ] INFO  server.GrpcService (GrpcService.java:startImpl(302)) - abf042c3-6cd4-4c06-9655-57992d013f88: GrpcService started, listening on 15511
2024-02-06 10:04:52,453 [abf042c3-6cd4-4c06-9655-57992d013f88-EndpointStateMachineTaskThread-/0.0.0.0:15447-0 ] INFO  server.GrpcService (GrpcService.java:startImpl(302)) - abf042c3-6cd4-4c06-9655-57992d013f88: GrpcService started, listening on 15513
2024-02-06 10:04:52,453 [abf042c3-6cd4-4c06-9655-57992d013f88-EndpointStateMachineTaskThread-/0.0.0.0:15447-0 ] INFO  server.GrpcService (GrpcService.java:startImpl(302)) - abf042c3-6cd4-4c06-9655-57992d013f88: GrpcService started, listening on 15512
2024-02-06 10:04:52,453 [abf042c3-6cd4-4c06-9655-57992d013f88-EndpointStateMachineTaskThread-/0.0.0.0:15447-0 ] INFO  ratis.XceiverServerRatis (XceiverServerRatis.java:getRealPort(592)) - XceiverServerRatis abf042c3-6cd4-4c06-9655-57992d013f88 is started using port 15511 for RATIS
2024-02-06 10:04:52,453 [JvmPauseMonitor63] INFO  util.JvmPauseMonitor (JvmPauseMonitor.java:run(146)) - JvmPauseMonitor-abf042c3-6cd4-4c06-9655-57992d013f88: Started
2024-02-06 10:04:52,453 [abf042c3-6cd4-4c06-9655-57992d013f88-EndpointStateMachineTaskThread-/0.0.0.0:15447-0 ] INFO  ratis.XceiverServerRatis (XceiverServerRatis.java:getRealPort(592)) - XceiverServerRatis abf042c3-6cd4-4c06-9655-57992d013f88 is started using port 15512 for RATIS_ADMIN
2024-02-06 10:04:52,453 [abf042c3-6cd4-4c06-9655-57992d013f88-EndpointStateMachineTaskThread-/0.0.0.0:15447-0 ] INFO  ratis.XceiverServerRatis (XceiverServerRatis.java:getRealPort(592)) - XceiverServerRatis abf042c3-6cd4-4c06-9655-57992d013f88 is started using port 15513 for RATIS_SERVER
2024-02-06 10:04:52,453 [abf042c3-6cd4-4c06-9655-57992d013f88-EndpointStateMachineTaskThread-/0.0.0.0:15447-0 ] INFO  ratis.XceiverServerRatis (XceiverServerRatis.java:getRealPort(592)) - XceiverServerRatis abf042c3-6cd4-4c06-9655-57992d013f88 is started using port 15514 for RATIS_DATASTREAM
2024-02-06 10:04:52,454 [abf042c3-6cd4-4c06-9655-57992d013f88-BlockDeletingService#0] INFO  interfaces.ContainerDeletionChoosingPolicyTemplate (ContainerDeletionChoosingPolicyTemplate.java:chooseContainerForBlockDeletion(85)) - Chosen 0/5000 blocks from 0 candidate containers.
2024-02-06 10:04:52,517 [632684f9-b96b-4968-b03c-341844499869-EndpointStateMachineTaskThread-/0.0.0.0:15447-0 ] INFO  utils.DatanodeStoreCache (DatanodeStoreCache.java:addDB(72)) - Added db /home/runner/work/ozone/ozone/hadoop-ozone/integration-test/target/test-dir/MiniOzoneClusterImpl-5d1c2165-a83d-4eb5-a2bf-ae35b2f22424/datanode-7/data-0/containers/hdds/5d1c2165-a83d-4eb5-a2bf-ae35b2f22424/DS-e6b46b60-9ea6-4c65-ae19-7e4c932c069b/container.db to cache
2024-02-06 10:04:52,517 [632684f9-b96b-4968-b03c-341844499869-EndpointStateMachineTaskThread-/0.0.0.0:15447-0 ] INFO  volume.HddsVolume (HddsVolume.java:createDbStore(420)) - SchemaV3 db is created and loaded at /home/runner/work/ozone/ozone/hadoop-ozone/integration-test/target/test-dir/MiniOzoneClusterImpl-5d1c2165-a83d-4eb5-a2bf-ae35b2f22424/datanode-7/data-0/containers/hdds/5d1c2165-a83d-4eb5-a2bf-ae35b2f22424/DS-e6b46b60-9ea6-4c65-ae19-7e4c932c069b/container.db for volume DS-e6b46b60-9ea6-4c65-ae19-7e4c932c069b
2024-02-06 10:04:52,519 [632684f9-b96b-4968-b03c-341844499869-ContainerReader-0] INFO  ozoneimpl.ContainerReader (ContainerReader.java:readVolume(148)) - Start to verify containers on volume /home/runner/work/ozone/ozone/hadoop-ozone/integration-test/target/test-dir/MiniOzoneClusterImpl-5d1c2165-a83d-4eb5-a2bf-ae35b2f22424/datanode-7/data-0/containers/hdds
2024-02-06 10:04:52,519 [632684f9-b96b-4968-b03c-341844499869-ContainerReader-0] INFO  ozoneimpl.ContainerReader (ContainerReader.java:readVolume(178)) - Finish verifying containers on volume /home/runner/work/ozone/ozone/hadoop-ozone/integration-test/target/test-dir/MiniOzoneClusterImpl-5d1c2165-a83d-4eb5-a2bf-ae35b2f22424/datanode-7/data-0/containers/hdds
2024-02-06 10:04:52,519 [632684f9-b96b-4968-b03c-341844499869-EndpointStateMachineTaskThread-/0.0.0.0:15447-0 ] INFO  ozoneimpl.OzoneContainer (OzoneContainer.java:buildContainerSet(328)) - Build ContainerSet costs 0s
2024-02-06 10:04:52,519 [632684f9-b96b-4968-b03c-341844499869-EndpointStateMachineTaskThread-/0.0.0.0:15447-0 ] INFO  volume.ThrottledAsyncChecker (ThrottledAsyncChecker.java:schedule(141)) - Scheduling a check for /home/runner/work/ozone/ozone/hadoop-ozone/integration-test/target/test-dir/MiniOzoneClusterImpl-5d1c2165-a83d-4eb5-a2bf-ae35b2f22424/datanode-7/data-0/containers/hdds
2024-02-06 10:04:52,519 [632684f9-b96b-4968-b03c-341844499869-EndpointStateMachineTaskThread-/0.0.0.0:15447-0 ] INFO  volume.StorageVolumeChecker (StorageVolumeChecker.java:checkAllVolumes(218)) - Scheduled health check for volume /home/runner/work/ozone/ozone/hadoop-ozone/integration-test/target/test-dir/MiniOzoneClusterImpl-5d1c2165-a83d-4eb5-a2bf-ae35b2f22424/datanode-7/data-0/containers/hdds
2024-02-06 10:04:52,520 [632684f9-b96b-4968-b03c-341844499869-EndpointStateMachineTaskThread-/0.0.0.0:15447-0 ] INFO  volume.ThrottledAsyncChecker (ThrottledAsyncChecker.java:schedule(141)) - Scheduling a check for /home/runner/work/ozone/ozone/hadoop-ozone/integration-test/target/test-dir/MiniOzoneClusterImpl-5d1c2165-a83d-4eb5-a2bf-ae35b2f22424/datanode-7/data/ratis
2024-02-06 10:04:52,520 [632684f9-b96b-4968-b03c-341844499869-EndpointStateMachineTaskThread-/0.0.0.0:15447-0 ] INFO  volume.StorageVolumeChecker (StorageVolumeChecker.java:checkAllVolumes(218)) - Scheduled health check for volume /home/runner/work/ozone/ozone/hadoop-ozone/integration-test/target/test-dir/MiniOzoneClusterImpl-5d1c2165-a83d-4eb5-a2bf-ae35b2f22424/datanode-7/data/ratis
2024-02-06 10:04:52,521 [632684f9-b96b-4968-b03c-341844499869-EndpointStateMachineTaskThread-/0.0.0.0:15447-0 ] INFO  ozoneimpl.OzoneContainer (OzoneContainer.java:start(459)) - Attempting to start container services.
2024-02-06 10:04:52,521 [632684f9-b96b-4968-b03c-341844499869-EndpointStateMachineTaskThread-/0.0.0.0:15447-0 ] INFO  ozoneimpl.OzoneContainer (OzoneContainer.java:startContainerScrub(339)) - Scheduled background container scanners and the on-demand container scanner have been disabled.
2024-02-06 10:04:52,521 [632684f9-b96b-4968-b03c-341844499869-EndpointStateMachineTaskThread-/0.0.0.0:15447-0 ] INFO  replication.ReplicationServer (ReplicationServer.java:start(140)) - ReplicationServer is started using port 15524
2024-02-06 10:04:52,521 [632684f9-b96b-4968-b03c-341844499869-EndpointStateMachineTaskThread-/0.0.0.0:15447-0 ] INFO  ratis.XceiverServerRatis (XceiverServerRatis.java:start(566)) - Starting XceiverServerRatis 632684f9-b96b-4968-b03c-341844499869
2024-02-06 10:04:52,522 [632684f9-b96b-4968-b03c-341844499869-EndpointStateMachineTaskThread-/0.0.0.0:15447-0 ] INFO  server.RaftServer (RaftServerProxy.java:startImpl(406)) - 632684f9-b96b-4968-b03c-341844499869: start RPC server
2024-02-06 10:04:52,522 [632684f9-b96b-4968-b03c-341844499869-EndpointStateMachineTaskThread-/0.0.0.0:15447-0 ] INFO  server.GrpcService (GrpcService.java:startImpl(302)) - 632684f9-b96b-4968-b03c-341844499869: GrpcService started, listening on 15520
2024-02-06 10:04:52,522 [632684f9-b96b-4968-b03c-341844499869-EndpointStateMachineTaskThread-/0.0.0.0:15447-0 ] INFO  server.GrpcService (GrpcService.java:startImpl(302)) - 632684f9-b96b-4968-b03c-341844499869: GrpcService started, listening on 15522
2024-02-06 10:04:52,522 [632684f9-b96b-4968-b03c-341844499869-EndpointStateMachineTaskThread-/0.0.0.0:15447-0 ] INFO  server.GrpcService (GrpcService.java:startImpl(302)) - 632684f9-b96b-4968-b03c-341844499869: GrpcService started, listening on 15521
2024-02-06 10:04:52,522 [632684f9-b96b-4968-b03c-341844499869-EndpointStateMachineTaskThread-/0.0.0.0:15447-0 ] INFO  ratis.XceiverServerRatis (XceiverServerRatis.java:getRealPort(592)) - XceiverServerRatis 632684f9-b96b-4968-b03c-341844499869 is started using port 15520 for RATIS
2024-02-06 10:04:52,522 [JvmPauseMonitor64] INFO  util.JvmPauseMonitor (JvmPauseMonitor.java:run(146)) - JvmPauseMonitor-632684f9-b96b-4968-b03c-341844499869: Started
2024-02-06 10:04:52,522 [632684f9-b96b-4968-b03c-341844499869-EndpointStateMachineTaskThread-/0.0.0.0:15447-0 ] INFO  ratis.XceiverServerRatis (XceiverServerRatis.java:getRealPort(592)) - XceiverServerRatis 632684f9-b96b-4968-b03c-341844499869 is started using port 15521 for RATIS_ADMIN
2024-02-06 10:04:52,522 [632684f9-b96b-4968-b03c-341844499869-EndpointStateMachineTaskThread-/0.0.0.0:15447-0 ] INFO  ratis.XceiverServerRatis (XceiverServerRatis.java:getRealPort(592)) - XceiverServerRatis 632684f9-b96b-4968-b03c-341844499869 is started using port 15522 for RATIS_SERVER
2024-02-06 10:04:52,522 [632684f9-b96b-4968-b03c-341844499869-EndpointStateMachineTaskThread-/0.0.0.0:15447-0 ] INFO  ratis.XceiverServerRatis (XceiverServerRatis.java:getRealPort(592)) - XceiverServerRatis 632684f9-b96b-4968-b03c-341844499869 is started using port 15523 for RATIS_DATASTREAM
2024-02-06 10:04:52,524 [632684f9-b96b-4968-b03c-341844499869-BlockDeletingService#0] INFO  interfaces.ContainerDeletionChoosingPolicyTemplate (ContainerDeletionChoosingPolicyTemplate.java:chooseContainerForBlockDeletion(85)) - Chosen 0/5000 blocks from 0 candidate containers.
2024-02-06 10:04:52,583 [main] INFO  ozone.MiniOzoneClusterImpl (MiniOzoneClusterImpl.java:lambda$waitForClusterToBeReady$0(228)) - Waiting for nodes to be ready. Got 0 of 9 DN Heartbeats.
2024-02-06 10:04:52,584 [main] INFO  ozone.MiniOzoneClusterImpl (MiniOzoneClusterImpl.java:lambda$waitForClusterToBeReady$0(231)) - Waiting for cluster to exit safe mode
2024-02-06 10:04:52,584 [main] INFO  ozone.MiniOzoneClusterImpl (MiniOzoneClusterImpl.java:lambda$waitForClusterToBeReady$0(233)) - SCM became leader
2024-02-06 10:04:52,610 [2bb22b89-6b01-4b52-bccb-ae4677f02d8d-EndpointStateMachineTaskThread-/0.0.0.0:15447-0 ] INFO  utils.DatanodeStoreCache (DatanodeStoreCache.java:addDB(72)) - Added db /home/runner/work/ozone/ozone/hadoop-ozone/integration-test/target/test-dir/MiniOzoneClusterImpl-5d1c2165-a83d-4eb5-a2bf-ae35b2f22424/datanode-8/data-0/containers/hdds/5d1c2165-a83d-4eb5-a2bf-ae35b2f22424/DS-a740ddf2-fe61-4dd3-8afb-c00033a27fa6/container.db to cache
2024-02-06 10:04:52,610 [2bb22b89-6b01-4b52-bccb-ae4677f02d8d-EndpointStateMachineTaskThread-/0.0.0.0:15447-0 ] INFO  volume.HddsVolume (HddsVolume.java:createDbStore(420)) - SchemaV3 db is created and loaded at /home/runner/work/ozone/ozone/hadoop-ozone/integration-test/target/test-dir/MiniOzoneClusterImpl-5d1c2165-a83d-4eb5-a2bf-ae35b2f22424/datanode-8/data-0/containers/hdds/5d1c2165-a83d-4eb5-a2bf-ae35b2f22424/DS-a740ddf2-fe61-4dd3-8afb-c00033a27fa6/container.db for volume DS-a740ddf2-fe61-4dd3-8afb-c00033a27fa6
2024-02-06 10:04:52,611 [2bb22b89-6b01-4b52-bccb-ae4677f02d8d-ContainerReader-0] INFO  ozoneimpl.ContainerReader (ContainerReader.java:readVolume(148)) - Start to verify containers on volume /home/runner/work/ozone/ozone/hadoop-ozone/integration-test/target/test-dir/MiniOzoneClusterImpl-5d1c2165-a83d-4eb5-a2bf-ae35b2f22424/datanode-8/data-0/containers/hdds
2024-02-06 10:04:52,612 [2bb22b89-6b01-4b52-bccb-ae4677f02d8d-ContainerReader-0] INFO  ozoneimpl.ContainerReader (ContainerReader.java:readVolume(178)) - Finish verifying containers on volume /home/runner/work/ozone/ozone/hadoop-ozone/integration-test/target/test-dir/MiniOzoneClusterImpl-5d1c2165-a83d-4eb5-a2bf-ae35b2f22424/datanode-8/data-0/containers/hdds
2024-02-06 10:04:52,612 [2bb22b89-6b01-4b52-bccb-ae4677f02d8d-EndpointStateMachineTaskThread-/0.0.0.0:15447-0 ] INFO  ozoneimpl.OzoneContainer (OzoneContainer.java:buildContainerSet(328)) - Build ContainerSet costs 0s
2024-02-06 10:04:52,612 [2bb22b89-6b01-4b52-bccb-ae4677f02d8d-EndpointStateMachineTaskThread-/0.0.0.0:15447-0 ] INFO  volume.ThrottledAsyncChecker (ThrottledAsyncChecker.java:schedule(141)) - Scheduling a check for /home/runner/work/ozone/ozone/hadoop-ozone/integration-test/target/test-dir/MiniOzoneClusterImpl-5d1c2165-a83d-4eb5-a2bf-ae35b2f22424/datanode-8/data-0/containers/hdds
2024-02-06 10:04:52,612 [2bb22b89-6b01-4b52-bccb-ae4677f02d8d-EndpointStateMachineTaskThread-/0.0.0.0:15447-0 ] INFO  volume.StorageVolumeChecker (StorageVolumeChecker.java:checkAllVolumes(218)) - Scheduled health check for volume /home/runner/work/ozone/ozone/hadoop-ozone/integration-test/target/test-dir/MiniOzoneClusterImpl-5d1c2165-a83d-4eb5-a2bf-ae35b2f22424/datanode-8/data-0/containers/hdds
2024-02-06 10:04:52,613 [2bb22b89-6b01-4b52-bccb-ae4677f02d8d-EndpointStateMachineTaskThread-/0.0.0.0:15447-0 ] INFO  volume.ThrottledAsyncChecker (ThrottledAsyncChecker.java:schedule(141)) - Scheduling a check for /home/runner/work/ozone/ozone/hadoop-ozone/integration-test/target/test-dir/MiniOzoneClusterImpl-5d1c2165-a83d-4eb5-a2bf-ae35b2f22424/datanode-8/data/ratis
2024-02-06 10:04:52,613 [2bb22b89-6b01-4b52-bccb-ae4677f02d8d-EndpointStateMachineTaskThread-/0.0.0.0:15447-0 ] INFO  volume.StorageVolumeChecker (StorageVolumeChecker.java:checkAllVolumes(218)) - Scheduled health check for volume /home/runner/work/ozone/ozone/hadoop-ozone/integration-test/target/test-dir/MiniOzoneClusterImpl-5d1c2165-a83d-4eb5-a2bf-ae35b2f22424/datanode-8/data/ratis
2024-02-06 10:04:52,614 [2bb22b89-6b01-4b52-bccb-ae4677f02d8d-EndpointStateMachineTaskThread-/0.0.0.0:15447-0 ] INFO  ozoneimpl.OzoneContainer (OzoneContainer.java:start(459)) - Attempting to start container services.
2024-02-06 10:04:52,614 [2bb22b89-6b01-4b52-bccb-ae4677f02d8d-EndpointStateMachineTaskThread-/0.0.0.0:15447-0 ] INFO  ozoneimpl.OzoneContainer (OzoneContainer.java:startContainerScrub(339)) - Scheduled background container scanners and the on-demand container scanner have been disabled.
2024-02-06 10:04:52,614 [2bb22b89-6b01-4b52-bccb-ae4677f02d8d-EndpointStateMachineTaskThread-/0.0.0.0:15447-0 ] INFO  replication.ReplicationServer (ReplicationServer.java:start(140)) - ReplicationServer is started using port 15533
2024-02-06 10:04:52,614 [2bb22b89-6b01-4b52-bccb-ae4677f02d8d-EndpointStateMachineTaskThread-/0.0.0.0:15447-0 ] INFO  ratis.XceiverServerRatis (XceiverServerRatis.java:start(566)) - Starting XceiverServerRatis 2bb22b89-6b01-4b52-bccb-ae4677f02d8d
2024-02-06 10:04:52,615 [2bb22b89-6b01-4b52-bccb-ae4677f02d8d-EndpointStateMachineTaskThread-/0.0.0.0:15447-0 ] INFO  server.RaftServer (RaftServerProxy.java:startImpl(406)) - 2bb22b89-6b01-4b52-bccb-ae4677f02d8d: start RPC server
2024-02-06 10:04:52,615 [2bb22b89-6b01-4b52-bccb-ae4677f02d8d-EndpointStateMachineTaskThread-/0.0.0.0:15447-0 ] INFO  server.GrpcService (GrpcService.java:startImpl(302)) - 2bb22b89-6b01-4b52-bccb-ae4677f02d8d: GrpcService started, listening on 15529
2024-02-06 10:04:52,615 [2bb22b89-6b01-4b52-bccb-ae4677f02d8d-EndpointStateMachineTaskThread-/0.0.0.0:15447-0 ] INFO  server.GrpcService (GrpcService.java:startImpl(302)) - 2bb22b89-6b01-4b52-bccb-ae4677f02d8d: GrpcService started, listening on 15531
2024-02-06 10:04:52,616 [2bb22b89-6b01-4b52-bccb-ae4677f02d8d-EndpointStateMachineTaskThread-/0.0.0.0:15447-0 ] INFO  server.GrpcService (GrpcService.java:startImpl(302)) - 2bb22b89-6b01-4b52-bccb-ae4677f02d8d: GrpcService started, listening on 15530
2024-02-06 10:04:52,616 [2bb22b89-6b01-4b52-bccb-ae4677f02d8d-EndpointStateMachineTaskThread-/0.0.0.0:15447-0 ] INFO  ratis.XceiverServerRatis (XceiverServerRatis.java:getRealPort(592)) - XceiverServerRatis 2bb22b89-6b01-4b52-bccb-ae4677f02d8d is started using port 15529 for RATIS
2024-02-06 10:04:52,616 [JvmPauseMonitor65] INFO  util.JvmPauseMonitor (JvmPauseMonitor.java:run(146)) - JvmPauseMonitor-2bb22b89-6b01-4b52-bccb-ae4677f02d8d: Started
2024-02-06 10:04:52,616 [2bb22b89-6b01-4b52-bccb-ae4677f02d8d-EndpointStateMachineTaskThread-/0.0.0.0:15447-0 ] INFO  ratis.XceiverServerRatis (XceiverServerRatis.java:getRealPort(592)) - XceiverServerRatis 2bb22b89-6b01-4b52-bccb-ae4677f02d8d is started using port 15530 for RATIS_ADMIN
2024-02-06 10:04:52,616 [2bb22b89-6b01-4b52-bccb-ae4677f02d8d-EndpointStateMachineTaskThread-/0.0.0.0:15447-0 ] INFO  ratis.XceiverServerRatis (XceiverServerRatis.java:getRealPort(592)) - XceiverServerRatis 2bb22b89-6b01-4b52-bccb-ae4677f02d8d is started using port 15531 for RATIS_SERVER
2024-02-06 10:04:52,616 [2bb22b89-6b01-4b52-bccb-ae4677f02d8d-EndpointStateMachineTaskThread-/0.0.0.0:15447-0 ] INFO  ratis.XceiverServerRatis (XceiverServerRatis.java:getRealPort(592)) - XceiverServerRatis 2bb22b89-6b01-4b52-bccb-ae4677f02d8d is started using port 15532 for RATIS_DATASTREAM
2024-02-06 10:04:52,617 [2bb22b89-6b01-4b52-bccb-ae4677f02d8d-BlockDeletingService#0] INFO  interfaces.ContainerDeletionChoosingPolicyTemplate (ContainerDeletionChoosingPolicyTemplate.java:chooseContainerForBlockDeletion(85)) - Chosen 0/5000 blocks from 0 candidate containers.
2024-02-06 10:04:53,584 [main] INFO  ozone.MiniOzoneClusterImpl (MiniOzoneClusterImpl.java:lambda$waitForClusterToBeReady$0(228)) - Waiting for nodes to be ready. Got 0 of 9 DN Heartbeats.
2024-02-06 10:04:53,584 [main] INFO  ozone.MiniOzoneClusterImpl (MiniOzoneClusterImpl.java:lambda$waitForClusterToBeReady$0(231)) - Waiting for cluster to exit safe mode
2024-02-06 10:04:53,584 [main] INFO  ozone.MiniOzoneClusterImpl (MiniOzoneClusterImpl.java:lambda$waitForClusterToBeReady$0(233)) - SCM became leader
2024-02-06 10:04:53,878 [IPC Server handler 3 on default port 15447] INFO  net.NetworkTopologyImpl (NetworkTopologyImpl.java:add(124)) - Added a new node: /default-rack/26d06f5e-593d-478d-80a2-0fa092cabf84
2024-02-06 10:04:53,879 [IPC Server handler 3 on default port 15447] INFO  node.SCMNodeManager (SCMNodeManager.java:register(421)) - Registered datanode: 26d06f5e-593d-478d-80a2-0fa092cabf84{ip: 10.1.0.5, host: fv-az776-296, ports: [HTTP=15454, CLIENT_RPC=15455, REPLICATION=15461, RATIS=15457, RATIS_ADMIN=15458, RATIS_SERVER=15459, RATIS_DATASTREAM=15460, STANDALONE=15456], networkLocation: /default-rack, certSerialId: null, persistedOpState: null, persistedOpStateExpiryEpochSec: 0}
2024-02-06 10:04:53,881 [EventQueue-NewNodeForNewNodeHandler] INFO  pipeline.BackgroundPipelineCreator (BackgroundPipelineCreator.java:notifyEventTriggered(280)) - trigger a one-shot run on RatisPipelineUtilsThread.
2024-02-06 10:04:53,882 [EventQueue-NodeRegistrationContainerReportForContainerSafeModeRule] INFO  safemode.SCMSafeModeManager (SCMSafeModeManager.java:validateSafeModeExitRules(200)) - ContainerSafeModeRule rule is successfully validated
2024-02-06 10:04:53,882 [RatisPipelineUtilsThread-0] INFO  pipeline.RatisPipelineProvider (RatisPipelineProvider.java:lambda$create$0(206)) - Sending CreatePipelineCommand for pipeline:PipelineID=5dbea755-61f2-43f0-998e-87fbe612817c to datanode:26d06f5e-593d-478d-80a2-0fa092cabf84
2024-02-06 10:04:53,882 [EventQueue-NodeRegistrationContainerReportForDataNodeSafeModeRule] INFO  safemode.SCMSafeModeManager (DataNodeSafeModeRule.java:process(71)) - SCM in safe mode. 1 DataNodes registered, 3 required.
2024-02-06 10:04:53,883 [RatisPipelineUtilsThread-0] INFO  pipeline.BackgroundPipelineCreator (BackgroundPipelineCreator.java:createPipelines(236)) - Created new pipeline Pipeline[ Id: 5dbea755-61f2-43f0-998e-87fbe612817c, Nodes: 26d06f5e-593d-478d-80a2-0fa092cabf84(fv-az776-296/10.1.0.5), ReplicationConfig: RATIS/ONE, State:ALLOCATED, leaderId:, CreationTimestamp2024-02-06T10:04:53.882Z[Etc/UTC]]
2024-02-06 10:04:53,884 [EventQueue-PipelineReportForOneReplicaPipelineSafeModeRule] INFO  safemode.SCMSafeModeManager (SCMSafeModeManager.java:validateSafeModeExitRules(200)) - AtleastOneDatanodeReportedRule rule is successfully validated
2024-02-06 10:04:53,970 [IPC Server handler 4 on default port 15447] INFO  net.NetworkTopologyImpl (NetworkTopologyImpl.java:add(124)) - Added a new node: /default-rack/79c56b25-6309-4552-ab3a-12e132dee763
2024-02-06 10:04:53,970 [IPC Server handler 4 on default port 15447] INFO  node.SCMNodeManager (SCMNodeManager.java:register(421)) - Registered datanode: 79c56b25-6309-4552-ab3a-12e132dee763{ip: 10.1.0.5, host: fv-az776-296, ports: [HTTP=15463, CLIENT_RPC=15464, REPLICATION=15470, RATIS=15466, RATIS_ADMIN=15467, RATIS_SERVER=15468, RATIS_DATASTREAM=15469, STANDALONE=15465], networkLocation: /default-rack, certSerialId: null, persistedOpState: null, persistedOpStateExpiryEpochSec: 0}
2024-02-06 10:04:53,970 [EventQueue-NewNodeForNewNodeHandler] INFO  pipeline.BackgroundPipelineCreator (BackgroundPipelineCreator.java:notifyEventTriggered(280)) - trigger a one-shot run on RatisPipelineUtilsThread.
2024-02-06 10:04:53,971 [EventQueue-NodeRegistrationContainerReportForDataNodeSafeModeRule] INFO  safemode.SCMSafeModeManager (DataNodeSafeModeRule.java:process(71)) - SCM in safe mode. 2 DataNodes registered, 3 required.
2024-02-06 10:04:53,971 [RatisPipelineUtilsThread-0] INFO  pipeline.RatisPipelineProvider (RatisPipelineProvider.java:lambda$create$0(206)) - Sending CreatePipelineCommand for pipeline:PipelineID=b4f3ea2a-291e-4eca-9b89-820285dd5522 to datanode:79c56b25-6309-4552-ab3a-12e132dee763
2024-02-06 10:04:53,971 [RatisPipelineUtilsThread-0] INFO  pipeline.BackgroundPipelineCreator (BackgroundPipelineCreator.java:createPipelines(236)) - Created new pipeline Pipeline[ Id: b4f3ea2a-291e-4eca-9b89-820285dd5522, Nodes: 79c56b25-6309-4552-ab3a-12e132dee763(fv-az776-296/10.1.0.5), ReplicationConfig: RATIS/ONE, State:ALLOCATED, leaderId:, CreationTimestamp2024-02-06T10:04:53.971Z[Etc/UTC]]
2024-02-06 10:04:54,056 [IPC Server handler 6 on default port 15447] INFO  net.NetworkTopologyImpl (NetworkTopologyImpl.java:add(124)) - Added a new node: /default-rack/20dab95a-c478-4766-b72c-beb84f06bee2
2024-02-06 10:04:54,056 [IPC Server handler 6 on default port 15447] INFO  node.SCMNodeManager (SCMNodeManager.java:register(421)) - Registered datanode: 20dab95a-c478-4766-b72c-beb84f06bee2{ip: 10.1.0.5, host: fv-az776-296, ports: [HTTP=15472, CLIENT_RPC=15473, REPLICATION=15479, RATIS=15475, RATIS_ADMIN=15476, RATIS_SERVER=15477, RATIS_DATASTREAM=15478, STANDALONE=15474], networkLocation: /default-rack, certSerialId: null, persistedOpState: null, persistedOpStateExpiryEpochSec: 0}
2024-02-06 10:04:54,057 [EventQueue-NewNodeForNewNodeHandler] INFO  pipeline.BackgroundPipelineCreator (BackgroundPipelineCreator.java:notifyEventTriggered(280)) - trigger a one-shot run on RatisPipelineUtilsThread.
2024-02-06 10:04:54,058 [EventQueue-NodeRegistrationContainerReportForDataNodeSafeModeRule] INFO  safemode.SCMSafeModeManager (DataNodeSafeModeRule.java:process(71)) - SCM in safe mode. 3 DataNodes registered, 3 required.
2024-02-06 10:04:54,058 [EventQueue-NodeRegistrationContainerReportForDataNodeSafeModeRule] INFO  safemode.SCMSafeModeManager (SCMSafeModeManager.java:validateSafeModeExitRules(200)) - DataNodeSafeModeRule rule is successfully validated
2024-02-06 10:04:54,058 [EventQueue-NodeRegistrationContainerReportForDataNodeSafeModeRule] INFO  safemode.SCMSafeModeManager (SCMSafeModeManager.java:completePreCheck(229)) - All SCM safe mode pre check rules have passed
2024-02-06 10:04:54,058 [EventQueue-NodeRegistrationContainerReportForDataNodeSafeModeRule] INFO  ha.SCMContext (SCMContext.java:updateSafeModeStatus(225)) - Update SafeModeStatus from SafeModeStatus{safeModeStatus=true, preCheckPassed=false} to SafeModeStatus{safeModeStatus=true, preCheckPassed=true}.
2024-02-06 10:04:54,058 [EventQueue-NodeRegistrationContainerReportForDataNodeSafeModeRule] INFO  pipeline.BackgroundPipelineCreator (BackgroundPipelineCreator.java:notifyEventTriggered(280)) - trigger a one-shot run on RatisPipelineUtilsThread.
2024-02-06 10:04:54,058 [RatisPipelineUtilsThread-0] INFO  pipeline.RatisPipelineProvider (RatisPipelineProvider.java:lambda$create$0(206)) - Sending CreatePipelineCommand for pipeline:PipelineID=82910f87-6300-4632-b10d-b6b8fc41f9a2 to datanode:20dab95a-c478-4766-b72c-beb84f06bee2
2024-02-06 10:04:54,058 [RatisPipelineUtilsThread-0] INFO  pipeline.BackgroundPipelineCreator (BackgroundPipelineCreator.java:createPipelines(236)) - Created new pipeline Pipeline[ Id: 82910f87-6300-4632-b10d-b6b8fc41f9a2, Nodes: 20dab95a-c478-4766-b72c-beb84f06bee2(fv-az776-296/10.1.0.5), ReplicationConfig: RATIS/ONE, State:ALLOCATED, leaderId:, CreationTimestamp2024-02-06T10:04:54.058Z[Etc/UTC]]
2024-02-06 10:04:54,059 [RatisPipelineUtilsThread-0] INFO  pipeline.RatisPipelineProvider (RatisPipelineProvider.java:lambda$create$0(206)) - Sending CreatePipelineCommand for pipeline:PipelineID=b4aee8a7-e9fd-4d25-b8f5-38bcdd253f99 to datanode:20dab95a-c478-4766-b72c-beb84f06bee2
2024-02-06 10:04:54,059 [RatisPipelineUtilsThread-0] INFO  pipeline.RatisPipelineProvider (RatisPipelineProvider.java:lambda$create$0(206)) - Sending CreatePipelineCommand for pipeline:PipelineID=b4aee8a7-e9fd-4d25-b8f5-38bcdd253f99 to datanode:79c56b25-6309-4552-ab3a-12e132dee763
2024-02-06 10:04:54,059 [RatisPipelineUtilsThread-0] INFO  pipeline.RatisPipelineProvider (RatisPipelineProvider.java:lambda$create$0(206)) - Sending CreatePipelineCommand for pipeline:PipelineID=b4aee8a7-e9fd-4d25-b8f5-38bcdd253f99 to datanode:26d06f5e-593d-478d-80a2-0fa092cabf84
2024-02-06 10:04:54,059 [RatisPipelineUtilsThread-0] INFO  pipeline.BackgroundPipelineCreator (BackgroundPipelineCreator.java:createPipelines(236)) - Created new pipeline Pipeline[ Id: b4aee8a7-e9fd-4d25-b8f5-38bcdd253f99, Nodes: 20dab95a-c478-4766-b72c-beb84f06bee2(fv-az776-296/10.1.0.5)79c56b25-6309-4552-ab3a-12e132dee763(fv-az776-296/10.1.0.5)26d06f5e-593d-478d-80a2-0fa092cabf84(fv-az776-296/10.1.0.5), ReplicationConfig: RATIS/THREE, State:ALLOCATED, leaderId:, CreationTimestamp2024-02-06T10:04:54.058Z[Etc/UTC]]
2024-02-06 10:04:54,141 [IPC Server handler 7 on default port 15447] INFO  net.NetworkTopologyImpl (NetworkTopologyImpl.java:add(124)) - Added a new node: /default-rack/c6296721-c547-473a-9a19-ee5b14f2eab7
2024-02-06 10:04:54,141 [IPC Server handler 7 on default port 15447] INFO  node.SCMNodeManager (SCMNodeManager.java:register(421)) - Registered datanode: c6296721-c547-473a-9a19-ee5b14f2eab7{ip: 10.1.0.5, host: fv-az776-296, ports: [HTTP=15481, CLIENT_RPC=15482, REPLICATION=15488, RATIS=15484, RATIS_ADMIN=15485, RATIS_SERVER=15486, RATIS_DATASTREAM=15487, STANDALONE=15483], networkLocation: /default-rack, certSerialId: null, persistedOpState: null, persistedOpStateExpiryEpochSec: 0}
2024-02-06 10:04:54,141 [EventQueue-NewNodeForNewNodeHandler] INFO  pipeline.BackgroundPipelineCreator (BackgroundPipelineCreator.java:notifyEventTriggered(280)) - trigger a one-shot run on RatisPipelineUtilsThread.
2024-02-06 10:04:54,141 [RatisPipelineUtilsThread-0] INFO  pipeline.RatisPipelineProvider (RatisPipelineProvider.java:lambda$create$0(206)) - Sending CreatePipelineCommand for pipeline:PipelineID=31b04cad-8b51-48e7-87a5-d1dfdc394acf to datanode:c6296721-c547-473a-9a19-ee5b14f2eab7
2024-02-06 10:04:54,142 [RatisPipelineUtilsThread-0] INFO  pipeline.BackgroundPipelineCreator (BackgroundPipelineCreator.java:createPipelines(236)) - Created new pipeline Pipeline[ Id: 31b04cad-8b51-48e7-87a5-d1dfdc394acf, Nodes: c6296721-c547-473a-9a19-ee5b14f2eab7(fv-az776-296/10.1.0.5), ReplicationConfig: RATIS/ONE, State:ALLOCATED, leaderId:, CreationTimestamp2024-02-06T10:04:54.141Z[Etc/UTC]]
2024-02-06 10:04:54,235 [IPC Server handler 5 on default port 15447] INFO  net.NetworkTopologyImpl (NetworkTopologyImpl.java:add(124)) - Added a new node: /default-rack/3668fcd7-5f50-4258-afea-ecf4a9b92dd6
2024-02-06 10:04:54,235 [IPC Server handler 5 on default port 15447] INFO  node.SCMNodeManager (SCMNodeManager.java:register(421)) - Registered datanode: 3668fcd7-5f50-4258-afea-ecf4a9b92dd6{ip: 10.1.0.5, host: fv-az776-296, ports: [HTTP=15490, CLIENT_RPC=15491, REPLICATION=15497, RATIS=15493, RATIS_ADMIN=15494, RATIS_SERVER=15495, RATIS_DATASTREAM=15496, STANDALONE=15492], networkLocation: /default-rack, certSerialId: null, persistedOpState: null, persistedOpStateExpiryEpochSec: 0}
2024-02-06 10:04:54,237 [EventQueue-NewNodeForNewNodeHandler] INFO  pipeline.BackgroundPipelineCreator (BackgroundPipelineCreator.java:notifyEventTriggered(280)) - trigger a one-shot run on RatisPipelineUtilsThread.
2024-02-06 10:04:54,237 [RatisPipelineUtilsThread-0] INFO  pipeline.RatisPipelineProvider (RatisPipelineProvider.java:lambda$create$0(206)) - Sending CreatePipelineCommand for pipeline:PipelineID=4ce72c08-9272-4fb7-9cf5-1778bb239640 to datanode:3668fcd7-5f50-4258-afea-ecf4a9b92dd6
2024-02-06 10:04:54,238 [RatisPipelineUtilsThread-0] INFO  pipeline.BackgroundPipelineCreator (BackgroundPipelineCreator.java:createPipelines(236)) - Created new pipeline Pipeline[ Id: 4ce72c08-9272-4fb7-9cf5-1778bb239640, Nodes: 3668fcd7-5f50-4258-afea-ecf4a9b92dd6(fv-az776-296/10.1.0.5), ReplicationConfig: RATIS/ONE, State:ALLOCATED, leaderId:, CreationTimestamp2024-02-06T10:04:54.237Z[Etc/UTC]]
2024-02-06 10:04:54,321 [IPC Server handler 25 on default port 15447] INFO  net.NetworkTopologyImpl (NetworkTopologyImpl.java:add(124)) - Added a new node: /default-rack/d1d50a62-ae00-4aa1-bd49-1c13d08c4e54
2024-02-06 10:04:54,322 [IPC Server handler 25 on default port 15447] INFO  node.SCMNodeManager (SCMNodeManager.java:register(421)) - Registered datanode: d1d50a62-ae00-4aa1-bd49-1c13d08c4e54{ip: 10.1.0.5, host: fv-az776-296, ports: [HTTP=15499, CLIENT_RPC=15500, REPLICATION=15506, RATIS=15502, RATIS_ADMIN=15503, RATIS_SERVER=15504, RATIS_DATASTREAM=15505, STANDALONE=15501], networkLocation: /default-rack, certSerialId: null, persistedOpState: null, persistedOpStateExpiryEpochSec: 0}
2024-02-06 10:04:54,322 [EventQueue-NewNodeForNewNodeHandler] INFO  pipeline.BackgroundPipelineCreator (BackgroundPipelineCreator.java:notifyEventTriggered(280)) - trigger a one-shot run on RatisPipelineUtilsThread.
2024-02-06 10:04:54,322 [RatisPipelineUtilsThread-0] INFO  pipeline.RatisPipelineProvider (RatisPipelineProvider.java:lambda$create$0(206)) - Sending CreatePipelineCommand for pipeline:PipelineID=b93eca86-6fb6-434e-b3b3-a3a670baefb3 to datanode:d1d50a62-ae00-4aa1-bd49-1c13d08c4e54
2024-02-06 10:04:54,323 [RatisPipelineUtilsThread-0] INFO  pipeline.BackgroundPipelineCreator (BackgroundPipelineCreator.java:createPipelines(236)) - Created new pipeline Pipeline[ Id: b93eca86-6fb6-434e-b3b3-a3a670baefb3, Nodes: d1d50a62-ae00-4aa1-bd49-1c13d08c4e54(fv-az776-296/10.1.0.5), ReplicationConfig: RATIS/ONE, State:ALLOCATED, leaderId:, CreationTimestamp2024-02-06T10:04:54.322Z[Etc/UTC]]
2024-02-06 10:04:54,323 [RatisPipelineUtilsThread-0] INFO  pipeline.RatisPipelineProvider (RatisPipelineProvider.java:lambda$create$0(206)) - Sending CreatePipelineCommand for pipeline:PipelineID=9ed817c2-7c51-42bf-a569-2e3400ad0710 to datanode:3668fcd7-5f50-4258-afea-ecf4a9b92dd6
2024-02-06 10:04:54,323 [RatisPipelineUtilsThread-0] INFO  pipeline.RatisPipelineProvider (RatisPipelineProvider.java:lambda$create$0(206)) - Sending CreatePipelineCommand for pipeline:PipelineID=9ed817c2-7c51-42bf-a569-2e3400ad0710 to datanode:d1d50a62-ae00-4aa1-bd49-1c13d08c4e54
2024-02-06 10:04:54,324 [RatisPipelineUtilsThread-0] INFO  pipeline.RatisPipelineProvider (RatisPipelineProvider.java:lambda$create$0(206)) - Sending CreatePipelineCommand for pipeline:PipelineID=9ed817c2-7c51-42bf-a569-2e3400ad0710 to datanode:c6296721-c547-473a-9a19-ee5b14f2eab7
2024-02-06 10:04:54,324 [RatisPipelineUtilsThread-0] INFO  pipeline.BackgroundPipelineCreator (BackgroundPipelineCreator.java:createPipelines(236)) - Created new pipeline Pipeline[ Id: 9ed817c2-7c51-42bf-a569-2e3400ad0710, Nodes: 3668fcd7-5f50-4258-afea-ecf4a9b92dd6(fv-az776-296/10.1.0.5)d1d50a62-ae00-4aa1-bd49-1c13d08c4e54(fv-az776-296/10.1.0.5)c6296721-c547-473a-9a19-ee5b14f2eab7(fv-az776-296/10.1.0.5), ReplicationConfig: RATIS/THREE, State:ALLOCATED, leaderId:, CreationTimestamp2024-02-06T10:04:54.323Z[Etc/UTC]]
2024-02-06 10:04:54,425 [IPC Server handler 1 on default port 15447] INFO  net.NetworkTopologyImpl (NetworkTopologyImpl.java:add(124)) - Added a new node: /default-rack/abf042c3-6cd4-4c06-9655-57992d013f88
2024-02-06 10:04:54,425 [IPC Server handler 1 on default port 15447] INFO  node.SCMNodeManager (SCMNodeManager.java:register(421)) - Registered datanode: abf042c3-6cd4-4c06-9655-57992d013f88{ip: 10.1.0.5, host: fv-az776-296, ports: [HTTP=15508, CLIENT_RPC=15509, REPLICATION=15515, RATIS=15511, RATIS_ADMIN=15512, RATIS_SERVER=15513, RATIS_DATASTREAM=15514, STANDALONE=15510], networkLocation: /default-rack, certSerialId: null, persistedOpState: null, persistedOpStateExpiryEpochSec: 0}
2024-02-06 10:04:54,426 [EventQueue-NewNodeForNewNodeHandler] INFO  pipeline.BackgroundPipelineCreator (BackgroundPipelineCreator.java:notifyEventTriggered(280)) - trigger a one-shot run on RatisPipelineUtilsThread.
2024-02-06 10:04:54,426 [RatisPipelineUtilsThread-0] INFO  pipeline.RatisPipelineProvider (RatisPipelineProvider.java:lambda$create$0(206)) - Sending CreatePipelineCommand for pipeline:PipelineID=3c3e367e-a459-437c-a0ed-6f6918dab04d to datanode:abf042c3-6cd4-4c06-9655-57992d013f88
2024-02-06 10:04:54,426 [RatisPipelineUtilsThread-0] INFO  pipeline.BackgroundPipelineCreator (BackgroundPipelineCreator.java:createPipelines(236)) - Created new pipeline Pipeline[ Id: 3c3e367e-a459-437c-a0ed-6f6918dab04d, Nodes: abf042c3-6cd4-4c06-9655-57992d013f88(fv-az776-296/10.1.0.5), ReplicationConfig: RATIS/ONE, State:ALLOCATED, leaderId:, CreationTimestamp2024-02-06T10:04:54.426Z[Etc/UTC]]
2024-02-06 10:04:54,495 [IPC Server handler 0 on default port 15447] INFO  net.NetworkTopologyImpl (NetworkTopologyImpl.java:add(124)) - Added a new node: /default-rack/632684f9-b96b-4968-b03c-341844499869
2024-02-06 10:04:54,495 [IPC Server handler 0 on default port 15447] INFO  node.SCMNodeManager (SCMNodeManager.java:register(421)) - Registered datanode: 632684f9-b96b-4968-b03c-341844499869{ip: 10.1.0.5, host: fv-az776-296, ports: [HTTP=15517, CLIENT_RPC=15518, REPLICATION=15524, RATIS=15520, RATIS_ADMIN=15521, RATIS_SERVER=15522, RATIS_DATASTREAM=15523, STANDALONE=15519], networkLocation: /default-rack, certSerialId: null, persistedOpState: null, persistedOpStateExpiryEpochSec: 0}
2024-02-06 10:04:54,495 [EventQueue-NewNodeForNewNodeHandler] INFO  pipeline.BackgroundPipelineCreator (BackgroundPipelineCreator.java:notifyEventTriggered(280)) - trigger a one-shot run on RatisPipelineUtilsThread.
2024-02-06 10:04:54,495 [RatisPipelineUtilsThread-0] INFO  pipeline.RatisPipelineProvider (RatisPipelineProvider.java:lambda$create$0(206)) - Sending CreatePipelineCommand for pipeline:PipelineID=35530c71-a8e7-4609-9395-88d33ca13df2 to datanode:632684f9-b96b-4968-b03c-341844499869
2024-02-06 10:04:54,496 [RatisPipelineUtilsThread-0] INFO  pipeline.BackgroundPipelineCreator (BackgroundPipelineCreator.java:createPipelines(236)) - Created new pipeline Pipeline[ Id: 35530c71-a8e7-4609-9395-88d33ca13df2, Nodes: 632684f9-b96b-4968-b03c-341844499869(fv-az776-296/10.1.0.5), ReplicationConfig: RATIS/ONE, State:ALLOCATED, leaderId:, CreationTimestamp2024-02-06T10:04:54.495Z[Etc/UTC]]
2024-02-06 10:04:54,583 [IPC Server handler 2 on default port 15447] INFO  net.NetworkTopologyImpl (NetworkTopologyImpl.java:add(124)) - Added a new node: /default-rack/2bb22b89-6b01-4b52-bccb-ae4677f02d8d
2024-02-06 10:04:54,584 [IPC Server handler 2 on default port 15447] INFO  node.SCMNodeManager (SCMNodeManager.java:register(421)) - Registered datanode: 2bb22b89-6b01-4b52-bccb-ae4677f02d8d{ip: 10.1.0.5, host: fv-az776-296, ports: [HTTP=15526, CLIENT_RPC=15527, REPLICATION=15533, RATIS=15529, RATIS_ADMIN=15530, RATIS_SERVER=15531, RATIS_DATASTREAM=15532, STANDALONE=15528], networkLocation: /default-rack, certSerialId: null, persistedOpState: null, persistedOpStateExpiryEpochSec: 0}
2024-02-06 10:04:54,584 [EventQueue-NewNodeForNewNodeHandler] INFO  pipeline.BackgroundPipelineCreator (BackgroundPipelineCreator.java:notifyEventTriggered(280)) - trigger a one-shot run on RatisPipelineUtilsThread.
2024-02-06 10:04:54,584 [RatisPipelineUtilsThread-0] INFO  pipeline.RatisPipelineProvider (RatisPipelineProvider.java:lambda$create$0(206)) - Sending CreatePipelineCommand for pipeline:PipelineID=d19eba4c-2f3d-4a4c-9810-7b012a811155 to datanode:2bb22b89-6b01-4b52-bccb-ae4677f02d8d
2024-02-06 10:04:54,584 [main] INFO  ozone.MiniOzoneClusterImpl (MiniOzoneClusterImpl.java:lambda$waitForClusterToBeReady$0(228)) - Nodes are ready. Got 9 of 9 DN Heartbeats.
2024-02-06 10:04:54,585 [main] INFO  ozone.MiniOzoneClusterImpl (MiniOzoneClusterImpl.java:lambda$waitForClusterToBeReady$0(231)) - Waiting for cluster to exit safe mode
2024-02-06 10:04:54,585 [main] INFO  ozone.MiniOzoneClusterImpl (MiniOzoneClusterImpl.java:lambda$waitForClusterToBeReady$0(233)) - SCM became leader
2024-02-06 10:04:54,585 [RatisPipelineUtilsThread-0] INFO  pipeline.BackgroundPipelineCreator (BackgroundPipelineCreator.java:createPipelines(236)) - Created new pipeline Pipeline[ Id: d19eba4c-2f3d-4a4c-9810-7b012a811155, Nodes: 2bb22b89-6b01-4b52-bccb-ae4677f02d8d(fv-az776-296/10.1.0.5), ReplicationConfig: RATIS/ONE, State:ALLOCATED, leaderId:, CreationTimestamp2024-02-06T10:04:54.584Z[Etc/UTC]]
2024-02-06 10:04:54,585 [RatisPipelineUtilsThread-0] INFO  pipeline.RatisPipelineProvider (RatisPipelineProvider.java:lambda$create$0(206)) - Sending CreatePipelineCommand for pipeline:PipelineID=ce42dad2-5b71-4af9-a93f-520c61457a0f to datanode:2bb22b89-6b01-4b52-bccb-ae4677f02d8d
2024-02-06 10:04:54,585 [RatisPipelineUtilsThread-0] INFO  pipeline.RatisPipelineProvider (RatisPipelineProvider.java:lambda$create$0(206)) - Sending CreatePipelineCommand for pipeline:PipelineID=ce42dad2-5b71-4af9-a93f-520c61457a0f to datanode:632684f9-b96b-4968-b03c-341844499869
2024-02-06 10:04:54,585 [RatisPipelineUtilsThread-0] INFO  pipeline.RatisPipelineProvider (RatisPipelineProvider.java:lambda$create$0(206)) - Sending CreatePipelineCommand for pipeline:PipelineID=ce42dad2-5b71-4af9-a93f-520c61457a0f to datanode:abf042c3-6cd4-4c06-9655-57992d013f88
2024-02-06 10:04:54,586 [RatisPipelineUtilsThread-0] INFO  pipeline.BackgroundPipelineCreator (BackgroundPipelineCreator.java:createPipelines(236)) - Created new pipeline Pipeline[ Id: ce42dad2-5b71-4af9-a93f-520c61457a0f, Nodes: 2bb22b89-6b01-4b52-bccb-ae4677f02d8d(fv-az776-296/10.1.0.5)632684f9-b96b-4968-b03c-341844499869(fv-az776-296/10.1.0.5)abf042c3-6cd4-4c06-9655-57992d013f88(fv-az776-296/10.1.0.5), ReplicationConfig: RATIS/THREE, State:ALLOCATED, leaderId:, CreationTimestamp2024-02-06T10:04:54.585Z[Etc/UTC]]
2024-02-06 10:04:55,585 [main] INFO  ozone.MiniOzoneClusterImpl (MiniOzoneClusterImpl.java:lambda$waitForClusterToBeReady$0(228)) - Nodes are ready. Got 9 of 9 DN Heartbeats.
2024-02-06 10:04:55,585 [main] INFO  ozone.MiniOzoneClusterImpl (MiniOzoneClusterImpl.java:lambda$waitForClusterToBeReady$0(231)) - Waiting for cluster to exit safe mode
2024-02-06 10:04:55,585 [main] INFO  ozone.MiniOzoneClusterImpl (MiniOzoneClusterImpl.java:lambda$waitForClusterToBeReady$0(233)) - SCM became leader
2024-02-06 10:04:56,586 [main] INFO  ozone.MiniOzoneClusterImpl (MiniOzoneClusterImpl.java:lambda$waitForClusterToBeReady$0(228)) - Nodes are ready. Got 9 of 9 DN Heartbeats.
2024-02-06 10:04:56,586 [main] INFO  ozone.MiniOzoneClusterImpl (MiniOzoneClusterImpl.java:lambda$waitForClusterToBeReady$0(231)) - Waiting for cluster to exit safe mode
2024-02-06 10:04:56,586 [main] INFO  ozone.MiniOzoneClusterImpl (MiniOzoneClusterImpl.java:lambda$waitForClusterToBeReady$0(233)) - SCM became leader
2024-02-06 10:04:56,880 [26d06f5e-593d-478d-80a2-0fa092cabf84-PipelineCommandHandlerThread-0] INFO  server.RaftServer (RaftServerProxy.java:addNew(100)) - 26d06f5e-593d-478d-80a2-0fa092cabf84: addNew group-87FBE612817C:[26d06f5e-593d-478d-80a2-0fa092cabf84|10.1.0.5:15459] returns group-87FBE612817C:java.util.concurrent.CompletableFuture@5f1055b[Not completed]
2024-02-06 10:04:56,881 [26d06f5e-593d-478d-80a2-0fa092cabf84-groupManagement] INFO  server.RaftServer$Division (RaftServerImpl.java:<init>(256)) - 26d06f5e-593d-478d-80a2-0fa092cabf84: new RaftServerImpl for group-87FBE612817C:[26d06f5e-593d-478d-80a2-0fa092cabf84|10.1.0.5:15459] with ContainerStateMachine:uninitialized
2024-02-06 10:04:56,881 [26d06f5e-593d-478d-80a2-0fa092cabf84-groupManagement] INFO  server.RaftServerConfigKeys (ConfUtils.java:logGet(46)) - raft.server.rpc.timeout.min = 5s (custom)
2024-02-06 10:04:56,881 [26d06f5e-593d-478d-80a2-0fa092cabf84-groupManagement] INFO  server.RaftServerConfigKeys (ConfUtils.java:logGet(46)) - raft.server.rpc.timeout.max = 5200ms (custom)
2024-02-06 10:04:56,881 [26d06f5e-593d-478d-80a2-0fa092cabf84-groupManagement] INFO  server.RaftServerConfigKeys (ConfUtils.java:logGet(46)) - raft.server.rpc.sleep.time = 25ms (default)
2024-02-06 10:04:56,881 [26d06f5e-593d-478d-80a2-0fa092cabf84-groupManagement] INFO  server.RaftServerConfigKeys (ConfUtils.java:logGet(46)) - raft.server.rpc.slowness.timeout = 300000ms (custom)
2024-02-06 10:04:56,881 [26d06f5e-593d-478d-80a2-0fa092cabf84-groupManagement] INFO  server.RaftServerConfigKeys (ConfUtils.java:logGet(46)) - raft.server.leaderelection.leader.step-down.wait-time = 10s (default)
2024-02-06 10:04:56,881 [26d06f5e-593d-478d-80a2-0fa092cabf84-groupManagement] INFO  server.RaftServerConfigKeys (ConfUtils.java:logGet(46)) - raft.server.leaderelection.member.majority-add = false (default)
2024-02-06 10:04:56,881 [26d06f5e-593d-478d-80a2-0fa092cabf84-groupManagement] INFO  server.RaftServerConfigKeys (ConfUtils.java:logGet(46)) - raft.server.sleep.deviation.threshold = 300ms (default)
2024-02-06 10:04:56,882 [26d06f5e-593d-478d-80a2-0fa092cabf84-groupManagement] INFO  server.RaftServer$Division (ServerState.java:<init>(113)) - 26d06f5e-593d-478d-80a2-0fa092cabf84@group-87FBE612817C: ConfigurationManager, init=-1: peers:[26d06f5e-593d-478d-80a2-0fa092cabf84|10.1.0.5:15459]|listeners:[], old=null, confs=<EMPTY_MAP>
2024-02-06 10:04:56,882 [26d06f5e-593d-478d-80a2-0fa092cabf84-groupManagement] INFO  server.RaftServerConfigKeys (ConfUtils.java:logGet(46)) - raft.server.notification.no-leader.timeout = 300000ms (custom)
2024-02-06 10:04:56,882 [26d06f5e-593d-478d-80a2-0fa092cabf84-groupManagement] INFO  server.RaftServerConfigKeys (ConfUtils.java:logGet(46)) - raft.server.read.timeout = 10s (default)
2024-02-06 10:04:56,882 [26d06f5e-593d-478d-80a2-0fa092cabf84-groupManagement] INFO  server.RaftServerConfigKeys (ConfUtils.java:logGet(46)) - raft.server.retrycache.expirytime = 600000ms (custom)
2024-02-06 10:04:56,882 [26d06f5e-593d-478d-80a2-0fa092cabf84-groupManagement] INFO  server.RaftServerConfigKeys (ConfUtils.java:logGet(46)) - raft.server.retrycache.statistics.expirytime = 100ms (default)
2024-02-06 10:04:56,882 [26d06f5e-593d-478d-80a2-0fa092cabf84-groupManagement] INFO  server.RaftServerConfigKeys (ConfUtils.java:logGet(46)) - raft.server.read.option = DEFAULT (default)
2024-02-06 10:04:56,882 [26d06f5e-593d-478d-80a2-0fa092cabf84-groupManagement] INFO  server.RaftServerConfigKeys (ConfUtils.java:logGet(46)) - raft.server.read.read-after-write-consistent.write-index-cache.expiry-time = 60s (default)
2024-02-06 10:04:56,884 [26d06f5e-593d-478d-80a2-0fa092cabf84-groupManagement] INFO  server.RaftServerConfigKeys (ConfUtils.java:logGet(46)) - raft.server.rpc.request.timeout = 3000ms (default)
2024-02-06 10:04:56,884 [26d06f5e-593d-478d-80a2-0fa092cabf84-groupManagement] INFO  server.RaftServerConfigKeys (ConfUtils.java:logGet(46)) - raft.server.log.appender.install.snapshot.enabled = false (custom)
2024-02-06 10:04:56,884 [26d06f5e-593d-478d-80a2-0fa092cabf84-groupManagement] INFO  server.RaftServerConfigKeys (ConfUtils.java:logGet(46)) - raft.server.threadpool.server.cached = true (default)
2024-02-06 10:04:56,884 [26d06f5e-593d-478d-80a2-0fa092cabf84-groupManagement] INFO  server.RaftServerConfigKeys (ConfUtils.java:logGet(46)) - raft.server.threadpool.server.size = 0 (default)
2024-02-06 10:04:56,884 [26d06f5e-593d-478d-80a2-0fa092cabf84-groupManagement] INFO  server.RaftServerConfigKeys (ConfUtils.java:logGet(46)) - raft.server.threadpool.client.cached = true (default)
2024-02-06 10:04:56,884 [26d06f5e-593d-478d-80a2-0fa092cabf84-groupManagement] INFO  server.RaftServerConfigKeys (ConfUtils.java:logGet(46)) - raft.server.threadpool.client.size = 0 (default)
2024-02-06 10:04:56,884 [26d06f5e-593d-478d-80a2-0fa092cabf84-groupManagement] INFO  server.RaftServerConfigKeys (ConfUtils.java:logGet(46)) - raft.server.storage.free-space.min = 0MB (=0) (default)
2024-02-06 10:04:56,884 [26d06f5e-593d-478d-80a2-0fa092cabf84-groupManagement] INFO  server.RaftServerConfigKeys (ConfUtils.java:logGet(46)) - raft.server.log.corruption.policy = EXCEPTION (default)
2024-02-06 10:04:56,884 [26d06f5e-593d-478d-80a2-0fa092cabf84-groupManagement] INFO  server.RaftServerConfigKeys (ConfUtils.java:logGet(46)) - raft.server.storage.dir = [/home/runner/work/ozone/ozone/hadoop-ozone/integration-test/target/test-dir/MiniOzoneClusterImpl-5d1c2165-a83d-4eb5-a2bf-ae35b2f22424/datanode-0/data/ratis] (custom)
2024-02-06 10:04:56,884 [26d06f5e-593d-478d-80a2-0fa092cabf84-groupManagement] INFO  storage.RaftStorageDirectory (RaftStorageDirectoryImpl.java:analyzeStorage(138)) - The storage directory /home/runner/work/ozone/ozone/hadoop-ozone/integration-test/target/test-dir/MiniOzoneClusterImpl-5d1c2165-a83d-4eb5-a2bf-ae35b2f22424/datanode-0/data/ratis/5dbea755-61f2-43f0-998e-87fbe612817c does not exist. Creating ...
2024-02-06 10:04:56,885 [26d06f5e-593d-478d-80a2-0fa092cabf84-groupManagement] INFO  storage.RaftStorageDirectory (RaftStorageDirectoryImpl.java:tryLock(228)) - Lock on /home/runner/work/ozone/ozone/hadoop-ozone/integration-test/target/test-dir/MiniOzoneClusterImpl-5d1c2165-a83d-4eb5-a2bf-ae35b2f22424/datanode-0/data/ratis/5dbea755-61f2-43f0-998e-87fbe612817c/in_use.lock acquired by nodename 37157@fv-az776-296
2024-02-06 10:04:56,887 [26d06f5e-593d-478d-80a2-0fa092cabf84-groupManagement] INFO  storage.RaftStorage (RaftStorageImpl.java:format(99)) - Storage directory /home/runner/work/ozone/ozone/hadoop-ozone/integration-test/target/test-dir/MiniOzoneClusterImpl-5d1c2165-a83d-4eb5-a2bf-ae35b2f22424/datanode-0/data/ratis/5dbea755-61f2-43f0-998e-87fbe612817c has been successfully formatted.
2024-02-06 10:04:56,887 [26d06f5e-593d-478d-80a2-0fa092cabf84-groupManagement] WARN  util.FileUtils (LogUtils.java:supplyAndLog(63)) - Failed to Files.newInputStream /home/runner/work/ozone/ozone/hadoop-ozone/integration-test/target/test-dir/MiniOzoneClusterImpl-5d1c2165-a83d-4eb5-a2bf-ae35b2f22424/datanode-0/data/ratis/5dbea755-61f2-43f0-998e-87fbe612817c/current/raft-meta.conf with options []: java.nio.file.NoSuchFileException: /home/runner/work/ozone/ozone/hadoop-ozone/integration-test/target/test-dir/MiniOzoneClusterImpl-5d1c2165-a83d-4eb5-a2bf-ae35b2f22424/datanode-0/data/ratis/5dbea755-61f2-43f0-998e-87fbe612817c/current/raft-meta.conf
2024-02-06 10:04:56,888 [26d06f5e-593d-478d-80a2-0fa092cabf84-groupManagement] INFO  ratis.ContainerStateMachine (ContainerStateMachine.java:loadSnapshot(287)) - group-87FBE612817C: The snapshot info is null. Setting the last applied index to:(t:0, i:~)
2024-02-06 10:04:56,888 [26d06f5e-593d-478d-80a2-0fa092cabf84-groupManagement] INFO  server.RaftServerConfigKeys (ConfUtils.java:logGet(46)) - raft.server.log.use.memory = false (default)
2024-02-06 10:04:56,888 [26d06f5e-593d-478d-80a2-0fa092cabf84-groupManagement] INFO  server.RaftServerConfigKeys (ConfUtils.java:logGet(46)) - raft.server.log.purge.gap = 1000000 (custom)
2024-02-06 10:04:56,888 [26d06f5e-593d-478d-80a2-0fa092cabf84-groupManagement] INFO  server.RaftServerConfigKeys (ConfUtils.java:logGet(46)) - raft.server.log.appender.buffer.byte-limit = 8388608 (custom)
2024-02-06 10:04:56,888 [26d06f5e-593d-478d-80a2-0fa092cabf84-groupManagement] INFO  server.RaftServerConfigKeys (ConfUtils.java:logGet(46)) - raft.server.log.statemachine.data.read.timeout = 1000ms (default)
2024-02-06 10:04:56,888 [26d06f5e-593d-478d-80a2-0fa092cabf84-groupManagement] INFO  server.RaftServerConfigKeys (ConfUtils.java:logGet(46)) - raft.server.log.purge.preservation.log.num = 0 (default)
2024-02-06 10:04:56,889 [EventQueue-PipelineReportForPipelineReportHandler] INFO  pipeline.PipelineReportHandler (PipelineReportHandler.java:processPipelineReport(136)) - Opened pipeline PipelineID=5dbea755-61f2-43f0-998e-87fbe612817c
2024-02-06 10:04:56,889 [26d06f5e-593d-478d-80a2-0fa092cabf84-groupManagement] INFO  server.RaftServerConfigKeys (ConfUtils.java:logGet(46)) - raft.server.log.segment.size.max = 67108864 (custom)
2024-02-06 10:04:56,890 [26d06f5e-593d-478d-80a2-0fa092cabf84-groupManagement] INFO  server.RaftServerConfigKeys (ConfUtils.java:logGet(46)) - raft.server.log.segment.cache.num.max = 2 (custom)
2024-02-06 10:04:56,890 [26d06f5e-593d-478d-80a2-0fa092cabf84-groupManagement] INFO  server.RaftServerConfigKeys (ConfUtils.java:logGet(46)) - raft.server.log.segment.cache.size.max = 200MB (=209715200) (default)
2024-02-06 10:04:56,890 [26d06f5e-593d-478d-80a2-0fa092cabf84-groupManagement] INFO  server.RaftServerConfigKeys (ConfUtils.java:logGet(46)) - raft.server.log.appender.buffer.byte-limit = 8388608 (custom)
2024-02-06 10:04:56,890 [26d06f5e-593d-478d-80a2-0fa092cabf84-groupManagement] INFO  util.AwaitToRun (AwaitToRun.java:start(81)) - Thread[26d06f5e-593d-478d-80a2-0fa092cabf84@group-87FBE612817C-cacheEviction-AwaitToRun,5,main] started
2024-02-06 10:04:56,890 [26d06f5e-593d-478d-80a2-0fa092cabf84-groupManagement] INFO  segmented.SegmentedRaftLogWorker (SegmentedRaftLogWorker.java:<init>(182)) - new 26d06f5e-593d-478d-80a2-0fa092cabf84@group-87FBE612817C-SegmentedRaftLogWorker for RaftStorageImpl:Storage Directory /home/runner/work/ozone/ozone/hadoop-ozone/integration-test/target/test-dir/MiniOzoneClusterImpl-5d1c2165-a83d-4eb5-a2bf-ae35b2f22424/datanode-0/data/ratis/5dbea755-61f2-43f0-998e-87fbe612817c
2024-02-06 10:04:56,890 [26d06f5e-593d-478d-80a2-0fa092cabf84-groupManagement] INFO  server.RaftServerConfigKeys (ConfUtils.java:logGet(46)) - raft.server.log.queue.byte-limit = 4294967296 (custom)
2024-02-06 10:04:56,890 [26d06f5e-593d-478d-80a2-0fa092cabf84-groupManagement] INFO  server.RaftServerConfigKeys (ConfUtils.java:logGet(46)) - raft.server.log.queue.element-limit = 1024 (custom)
2024-02-06 10:04:56,890 [26d06f5e-593d-478d-80a2-0fa092cabf84-groupManagement] INFO  server.RaftServerConfigKeys (ConfUtils.java:logGet(46)) - raft.server.log.segment.size.max = 67108864 (custom)
2024-02-06 10:04:56,890 [26d06f5e-593d-478d-80a2-0fa092cabf84-groupManagement] INFO  server.RaftServerConfigKeys (ConfUtils.java:logGet(46)) - raft.server.log.preallocated.size = 4194304 (custom)
2024-02-06 10:04:56,890 [26d06f5e-593d-478d-80a2-0fa092cabf84-groupManagement] INFO  server.RaftServerConfigKeys (ConfUtils.java:logGet(46)) - raft.server.log.force.sync.num = 128 (default)
2024-02-06 10:04:56,890 [26d06f5e-593d-478d-80a2-0fa092cabf84-groupManagement] INFO  server.RaftServerConfigKeys (ConfUtils.java:logGet(46)) - raft.server.log.statemachine.data.sync = true (default)
2024-02-06 10:04:56,890 [26d06f5e-593d-478d-80a2-0fa092cabf84-groupManagement] INFO  server.RaftServerConfigKeys (ConfUtils.java:logGet(46)) - raft.server.log.statemachine.data.sync.timeout = 10s (default)
2024-02-06 10:04:56,891 [26d06f5e-593d-478d-80a2-0fa092cabf84-groupManagement] INFO  server.RaftServerConfigKeys (ConfUtils.java:logGet(46)) - raft.server.log.statemachine.data.sync.timeout.retry = 0 (custom)
2024-02-06 10:04:56,891 [26d06f5e-593d-478d-80a2-0fa092cabf84-groupManagement] INFO  server.RaftServerConfigKeys (ConfUtils.java:logGet(46)) - raft.server.log.write.buffer.size = 8388616 (custom)
2024-02-06 10:04:56,893 [26d06f5e-593d-478d-80a2-0fa092cabf84-groupManagement] INFO  server.RaftServerConfigKeys (ConfUtils.java:logGet(46)) - raft.server.log.appender.buffer.byte-limit = 8388608 (custom)
2024-02-06 10:04:56,894 [EventQueue-OpenPipelineForHealthyPipelineSafeModeRule] INFO  safemode.SCMSafeModeManager (HealthyPipelineSafeModeRule.java:process(140)) - SCM in safe mode. Healthy pipelines reported count is 0, required healthy pipeline reported count is 1
2024-02-06 10:04:56,894 [26d06f5e-593d-478d-80a2-0fa092cabf84-groupManagement] INFO  server.RaftServerConfigKeys (ConfUtils.java:logGet(46)) - raft.server.log.unsafe-flush.enabled = false (default)
2024-02-06 10:04:56,894 [26d06f5e-593d-478d-80a2-0fa092cabf84-groupManagement] INFO  server.RaftServerConfigKeys (ConfUtils.java:logGet(46)) - raft.server.log.async-flush.enabled = false (default)
2024-02-06 10:04:56,894 [26d06f5e-593d-478d-80a2-0fa092cabf84-groupManagement] INFO  server.RaftServerConfigKeys (ConfUtils.java:logGet(46)) - raft.server.log.statemachine.data.caching.enabled = true (custom)
2024-02-06 10:04:56,894 [26d06f5e-593d-478d-80a2-0fa092cabf84-groupManagement] INFO  segmented.SegmentedRaftLogWorker (SegmentedRaftLogWorker.java:lambda$new$0(134)) - 26d06f5e-593d-478d-80a2-0fa092cabf84@group-87FBE612817C-SegmentedRaftLogWorker: flushIndex: setUnconditionally 0 -> -1
2024-02-06 10:04:56,894 [26d06f5e-593d-478d-80a2-0fa092cabf84-groupManagement] INFO  segmented.SegmentedRaftLogWorker (SegmentedRaftLogWorker.java:lambda$new$0(134)) - 26d06f5e-593d-478d-80a2-0fa092cabf84@group-87FBE612817C-SegmentedRaftLogWorker: safeCacheEvictIndex: setUnconditionally 0 -> -1
2024-02-06 10:04:56,894 [26d06f5e-593d-478d-80a2-0fa092cabf84-groupManagement] INFO  server.RaftServer$Division (RaftServerImpl.java:start(396)) - 26d06f5e-593d-478d-80a2-0fa092cabf84@group-87FBE612817C: start as a follower, conf=-1: peers:[26d06f5e-593d-478d-80a2-0fa092cabf84|10.1.0.5:15459]|listeners:[], old=null
2024-02-06 10:04:56,894 [26d06f5e-593d-478d-80a2-0fa092cabf84-groupManagement] INFO  server.RaftServer$Division (RaftServerImpl.java:setRole(383)) - 26d06f5e-593d-478d-80a2-0fa092cabf84@group-87FBE612817C: changes role from      null to FOLLOWER at term 0 for startAsFollower
2024-02-06 10:04:56,894 [26d06f5e-593d-478d-80a2-0fa092cabf84-groupManagement] INFO  impl.RoleInfo (RoleInfo.java:updateAndGet(139)) - 26d06f5e-593d-478d-80a2-0fa092cabf84: start 26d06f5e-593d-478d-80a2-0fa092cabf84@group-87FBE612817C-FollowerState
2024-02-06 10:04:56,895 [26d06f5e-593d-478d-80a2-0fa092cabf84@group-87FBE612817C-FollowerState] INFO  server.RaftServerConfigKeys (ConfUtils.java:logFallback(53)) - raft.server.rpc.first-election.timeout.min = 5s (fallback to raft.server.rpc.timeout.min)
2024-02-06 10:04:56,897 [26d06f5e-593d-478d-80a2-0fa092cabf84-groupManagement] INFO  util.JmxRegister (JmxRegister.java:tryRegister(44)) - Successfully registered JMX Bean with object name Ratis:service=RaftServer,group=group-87FBE612817C,id=26d06f5e-593d-478d-80a2-0fa092cabf84
2024-02-06 10:04:56,897 [26d06f5e-593d-478d-80a2-0fa092cabf84@group-87FBE612817C-FollowerState] INFO  server.RaftServerConfigKeys (ConfUtils.java:logFallback(53)) - raft.server.rpc.first-election.timeout.max = 5200ms (fallback to raft.server.rpc.timeout.max)
2024-02-06 10:04:56,897 [26d06f5e-593d-478d-80a2-0fa092cabf84-groupManagement] INFO  server.RaftServerConfigKeys (ConfUtils.java:logGet(46)) - raft.server.snapshot.trigger-when-stop.enabled = true (default)
2024-02-06 10:04:56,898 [26d06f5e-593d-478d-80a2-0fa092cabf84-groupManagement] INFO  server.RaftServerConfigKeys (ConfUtils.java:logGet(46)) - raft.server.snapshot.auto.trigger.enabled = true (custom)
2024-02-06 10:04:56,898 [26d06f5e-593d-478d-80a2-0fa092cabf84-groupManagement] INFO  server.RaftServerConfigKeys (ConfUtils.java:logGet(46)) - raft.server.snapshot.auto.trigger.threshold = 10000 (custom)
2024-02-06 10:04:56,898 [26d06f5e-593d-478d-80a2-0fa092cabf84-groupManagement] INFO  server.RaftServerConfigKeys (ConfUtils.java:logGet(46)) - raft.server.snapshot.retention.file.num = 5 (custom)
2024-02-06 10:04:56,898 [26d06f5e-593d-478d-80a2-0fa092cabf84-groupManagement] INFO  server.RaftServerConfigKeys (ConfUtils.java:logGet(46)) - raft.server.log.purge.upto.snapshot.index = false (default)
2024-02-06 10:04:56,898 [26d06f5e-593d-478d-80a2-0fa092cabf84-PipelineCommandHandlerThread-0] INFO  ratis.XceiverServerRatis (XceiverServerRatis.java:addGroup(864)) - Created group PipelineID=5dbea755-61f2-43f0-998e-87fbe612817c
2024-02-06 10:04:56,898 [26d06f5e-593d-478d-80a2-0fa092cabf84-PipelineCommandHandlerThread-0] INFO  commandhandler.CreatePipelineCommandHandler (CreatePipelineCommandHandler.java:lambda$handle$2(124)) - Created Pipeline RATIS ONE PipelineID=5dbea755-61f2-43f0-998e-87fbe612817c.
2024-02-06 10:04:56,899 [26d06f5e-593d-478d-80a2-0fa092cabf84-PipelineCommandHandlerThread-0] INFO  server.RaftServer (RaftServerProxy.java:addNew(100)) - 26d06f5e-593d-478d-80a2-0fa092cabf84: addNew group-38BCDD253F99:[79c56b25-6309-4552-ab3a-12e132dee763|10.1.0.5:15468, 20dab95a-c478-4766-b72c-beb84f06bee2|10.1.0.5:15477, 26d06f5e-593d-478d-80a2-0fa092cabf84|10.1.0.5:15459] returns group-38BCDD253F99:java.util.concurrent.CompletableFuture@1ce813d[Not completed]
2024-02-06 10:04:56,899 [26d06f5e-593d-478d-80a2-0fa092cabf84-groupManagement] INFO  server.RaftServer$Division (RaftServerImpl.java:<init>(256)) - 26d06f5e-593d-478d-80a2-0fa092cabf84: new RaftServerImpl for group-38BCDD253F99:[79c56b25-6309-4552-ab3a-12e132dee763|10.1.0.5:15468, 20dab95a-c478-4766-b72c-beb84f06bee2|10.1.0.5:15477, 26d06f5e-593d-478d-80a2-0fa092cabf84|10.1.0.5:15459] with ContainerStateMachine:uninitialized
2024-02-06 10:04:56,899 [26d06f5e-593d-478d-80a2-0fa092cabf84-groupManagement] INFO  server.RaftServerConfigKeys (ConfUtils.java:logGet(46)) - raft.server.rpc.timeout.min = 5s (custom)
2024-02-06 10:04:56,899 [26d06f5e-593d-478d-80a2-0fa092cabf84-groupManagement] INFO  server.RaftServerConfigKeys (ConfUtils.java:logGet(46)) - raft.server.rpc.timeout.max = 5200ms (custom)
2024-02-06 10:04:56,899 [26d06f5e-593d-478d-80a2-0fa092cabf84-groupManagement] INFO  server.RaftServerConfigKeys (ConfUtils.java:logGet(46)) - raft.server.rpc.sleep.time = 25ms (default)
2024-02-06 10:04:56,899 [26d06f5e-593d-478d-80a2-0fa092cabf84-groupManagement] INFO  server.RaftServerConfigKeys (ConfUtils.java:logGet(46)) - raft.server.rpc.slowness.timeout = 300000ms (custom)
2024-02-06 10:04:56,899 [26d06f5e-593d-478d-80a2-0fa092cabf84-groupManagement] INFO  server.RaftServerConfigKeys (ConfUtils.java:logGet(46)) - raft.server.leaderelection.leader.step-down.wait-time = 10s (default)
2024-02-06 10:04:56,900 [26d06f5e-593d-478d-80a2-0fa092cabf84-groupManagement] INFO  server.RaftServerConfigKeys (ConfUtils.java:logGet(46)) - raft.server.leaderelection.member.majority-add = false (default)
2024-02-06 10:04:56,900 [26d06f5e-593d-478d-80a2-0fa092cabf84-groupManagement] INFO  server.RaftServerConfigKeys (ConfUtils.java:logGet(46)) - raft.server.sleep.deviation.threshold = 300ms (default)
2024-02-06 10:04:56,900 [26d06f5e-593d-478d-80a2-0fa092cabf84-groupManagement] INFO  server.RaftServer$Division (ServerState.java:<init>(113)) - 26d06f5e-593d-478d-80a2-0fa092cabf84@group-38BCDD253F99: ConfigurationManager, init=-1: peers:[79c56b25-6309-4552-ab3a-12e132dee763|10.1.0.5:15468, 20dab95a-c478-4766-b72c-beb84f06bee2|10.1.0.5:15477, 26d06f5e-593d-478d-80a2-0fa092cabf84|10.1.0.5:15459]|listeners:[], old=null, confs=<EMPTY_MAP>
2024-02-06 10:04:56,900 [26d06f5e-593d-478d-80a2-0fa092cabf84-groupManagement] INFO  server.RaftServerConfigKeys (ConfUtils.java:logGet(46)) - raft.server.notification.no-leader.timeout = 300000ms (custom)
2024-02-06 10:04:56,900 [26d06f5e-593d-478d-80a2-0fa092cabf84-groupManagement] INFO  server.RaftServerConfigKeys (ConfUtils.java:logGet(46)) - raft.server.read.timeout = 10s (default)
2024-02-06 10:04:56,900 [26d06f5e-593d-478d-80a2-0fa092cabf84-groupManagement] INFO  server.RaftServerConfigKeys (ConfUtils.java:logGet(46)) - raft.server.retrycache.expirytime = 600000ms (custom)
2024-02-06 10:04:56,900 [26d06f5e-593d-478d-80a2-0fa092cabf84-groupManagement] INFO  server.RaftServerConfigKeys (ConfUtils.java:logGet(46)) - raft.server.retrycache.statistics.expirytime = 100ms (default)
2024-02-06 10:04:56,900 [26d06f5e-593d-478d-80a2-0fa092cabf84-groupManagement] INFO  server.RaftServerConfigKeys (ConfUtils.java:logGet(46)) - raft.server.read.option = DEFAULT (default)
2024-02-06 10:04:56,900 [26d06f5e-593d-478d-80a2-0fa092cabf84-groupManagement] INFO  server.RaftServerConfigKeys (ConfUtils.java:logGet(46)) - raft.server.read.read-after-write-consistent.write-index-cache.expiry-time = 60s (default)
2024-02-06 10:04:56,902 [26d06f5e-593d-478d-80a2-0fa092cabf84-groupManagement] INFO  server.RaftServerConfigKeys (ConfUtils.java:logGet(46)) - raft.server.rpc.request.timeout = 3000ms (default)
2024-02-06 10:04:56,902 [26d06f5e-593d-478d-80a2-0fa092cabf84-groupManagement] INFO  server.RaftServerConfigKeys (ConfUtils.java:logGet(46)) - raft.server.log.appender.install.snapshot.enabled = false (custom)
2024-02-06 10:04:56,902 [26d06f5e-593d-478d-80a2-0fa092cabf84-groupManagement] INFO  server.RaftServerConfigKeys (ConfUtils.java:logGet(46)) - raft.server.threadpool.server.cached = true (default)
2024-02-06 10:04:56,902 [26d06f5e-593d-478d-80a2-0fa092cabf84-groupManagement] INFO  server.RaftServerConfigKeys (ConfUtils.java:logGet(46)) - raft.server.threadpool.server.size = 0 (default)
2024-02-06 10:04:56,902 [26d06f5e-593d-478d-80a2-0fa092cabf84-groupManagement] INFO  server.RaftServerConfigKeys (ConfUtils.java:logGet(46)) - raft.server.threadpool.client.cached = true (default)
2024-02-06 10:04:56,902 [26d06f5e-593d-478d-80a2-0fa092cabf84-groupManagement] INFO  server.RaftServerConfigKeys (ConfUtils.java:logGet(46)) - raft.server.threadpool.client.size = 0 (default)
2024-02-06 10:04:56,902 [26d06f5e-593d-478d-80a2-0fa092cabf84-groupManagement] INFO  server.RaftServerConfigKeys (ConfUtils.java:logGet(46)) - raft.server.storage.free-space.min = 0MB (=0) (default)
2024-02-06 10:04:56,902 [26d06f5e-593d-478d-80a2-0fa092cabf84-groupManagement] INFO  server.RaftServerConfigKeys (ConfUtils.java:logGet(46)) - raft.server.log.corruption.policy = EXCEPTION (default)
2024-02-06 10:04:56,903 [26d06f5e-593d-478d-80a2-0fa092cabf84-groupManagement] INFO  server.RaftServerConfigKeys (ConfUtils.java:logGet(46)) - raft.server.storage.dir = [/home/runner/work/ozone/ozone/hadoop-ozone/integration-test/target/test-dir/MiniOzoneClusterImpl-5d1c2165-a83d-4eb5-a2bf-ae35b2f22424/datanode-0/data/ratis] (custom)
2024-02-06 10:04:56,903 [26d06f5e-593d-478d-80a2-0fa092cabf84-groupManagement] INFO  storage.RaftStorageDirectory (RaftStorageDirectoryImpl.java:analyzeStorage(138)) - The storage directory /home/runner/work/ozone/ozone/hadoop-ozone/integration-test/target/test-dir/MiniOzoneClusterImpl-5d1c2165-a83d-4eb5-a2bf-ae35b2f22424/datanode-0/data/ratis/b4aee8a7-e9fd-4d25-b8f5-38bcdd253f99 does not exist. Creating ...
2024-02-06 10:04:56,904 [26d06f5e-593d-478d-80a2-0fa092cabf84-groupManagement] INFO  storage.RaftStorageDirectory (RaftStorageDirectoryImpl.java:tryLock(228)) - Lock on /home/runner/work/ozone/ozone/hadoop-ozone/integration-test/target/test-dir/MiniOzoneClusterImpl-5d1c2165-a83d-4eb5-a2bf-ae35b2f22424/datanode-0/data/ratis/b4aee8a7-e9fd-4d25-b8f5-38bcdd253f99/in_use.lock acquired by nodename 37157@fv-az776-296
2024-02-06 10:04:56,904 [26d06f5e-593d-478d-80a2-0fa092cabf84-groupManagement] INFO  storage.RaftStorage (RaftStorageImpl.java:format(99)) - Storage directory /home/runner/work/ozone/ozone/hadoop-ozone/integration-test/target/test-dir/MiniOzoneClusterImpl-5d1c2165-a83d-4eb5-a2bf-ae35b2f22424/datanode-0/data/ratis/b4aee8a7-e9fd-4d25-b8f5-38bcdd253f99 has been successfully formatted.
2024-02-06 10:04:56,905 [26d06f5e-593d-478d-80a2-0fa092cabf84-groupManagement] WARN  util.FileUtils (LogUtils.java:supplyAndLog(63)) - Failed to Files.newInputStream /home/runner/work/ozone/ozone/hadoop-ozone/integration-test/target/test-dir/MiniOzoneClusterImpl-5d1c2165-a83d-4eb5-a2bf-ae35b2f22424/datanode-0/data/ratis/b4aee8a7-e9fd-4d25-b8f5-38bcdd253f99/current/raft-meta.conf with options []: java.nio.file.NoSuchFileException: /home/runner/work/ozone/ozone/hadoop-ozone/integration-test/target/test-dir/MiniOzoneClusterImpl-5d1c2165-a83d-4eb5-a2bf-ae35b2f22424/datanode-0/data/ratis/b4aee8a7-e9fd-4d25-b8f5-38bcdd253f99/current/raft-meta.conf
2024-02-06 10:04:56,905 [26d06f5e-593d-478d-80a2-0fa092cabf84-groupManagement] INFO  ratis.ContainerStateMachine (ContainerStateMachine.java:loadSnapshot(287)) - group-38BCDD253F99: The snapshot info is null. Setting the last applied index to:(t:0, i:~)
2024-02-06 10:04:56,905 [26d06f5e-593d-478d-80a2-0fa092cabf84-groupManagement] INFO  server.RaftServerConfigKeys (ConfUtils.java:logGet(46)) - raft.server.log.use.memory = false (default)
2024-02-06 10:04:56,905 [26d06f5e-593d-478d-80a2-0fa092cabf84-groupManagement] INFO  server.RaftServerConfigKeys (ConfUtils.java:logGet(46)) - raft.server.log.purge.gap = 1000000 (custom)
2024-02-06 10:04:56,905 [26d06f5e-593d-478d-80a2-0fa092cabf84-groupManagement] INFO  server.RaftServerConfigKeys (ConfUtils.java:logGet(46)) - raft.server.log.appender.buffer.byte-limit = 8388608 (custom)
2024-02-06 10:04:56,905 [26d06f5e-593d-478d-80a2-0fa092cabf84-groupManagement] INFO  server.RaftServerConfigKeys (ConfUtils.java:logGet(46)) - raft.server.log.statemachine.data.read.timeout = 1000ms (default)
2024-02-06 10:04:56,905 [26d06f5e-593d-478d-80a2-0fa092cabf84-groupManagement] INFO  server.RaftServerConfigKeys (ConfUtils.java:logGet(46)) - raft.server.log.purge.preservation.log.num = 0 (default)
2024-02-06 10:04:56,906 [EventQueue-OpenPipelineForHealthyPipelineSafeModeRule] INFO  safemode.SCMSafeModeManager (HealthyPipelineSafeModeRule.java:process(140)) - SCM in safe mode. Healthy pipelines reported count is 0, required healthy pipeline reported count is 1
2024-02-06 10:04:56,907 [26d06f5e-593d-478d-80a2-0fa092cabf84-groupManagement] INFO  server.RaftServerConfigKeys (ConfUtils.java:logGet(46)) - raft.server.log.segment.size.max = 67108864 (custom)
2024-02-06 10:04:56,907 [26d06f5e-593d-478d-80a2-0fa092cabf84-groupManagement] INFO  server.RaftServerConfigKeys (ConfUtils.java:logGet(46)) - raft.server.log.segment.cache.num.max = 2 (custom)
2024-02-06 10:04:56,907 [26d06f5e-593d-478d-80a2-0fa092cabf84-groupManagement] INFO  server.RaftServerConfigKeys (ConfUtils.java:logGet(46)) - raft.server.log.segment.cache.size.max = 200MB (=209715200) (default)
2024-02-06 10:04:56,907 [26d06f5e-593d-478d-80a2-0fa092cabf84-groupManagement] INFO  server.RaftServerConfigKeys (ConfUtils.java:logGet(46)) - raft.server.log.appender.buffer.byte-limit = 8388608 (custom)
2024-02-06 10:04:56,907 [26d06f5e-593d-478d-80a2-0fa092cabf84-groupManagement] INFO  util.AwaitToRun (AwaitToRun.java:start(81)) - Thread[26d06f5e-593d-478d-80a2-0fa092cabf84@group-38BCDD253F99-cacheEviction-AwaitToRun,5,main] started
2024-02-06 10:04:56,907 [26d06f5e-593d-478d-80a2-0fa092cabf84-groupManagement] INFO  segmented.SegmentedRaftLogWorker (SegmentedRaftLogWorker.java:<init>(182)) - new 26d06f5e-593d-478d-80a2-0fa092cabf84@group-38BCDD253F99-SegmentedRaftLogWorker for RaftStorageImpl:Storage Directory /home/runner/work/ozone/ozone/hadoop-ozone/integration-test/target/test-dir/MiniOzoneClusterImpl-5d1c2165-a83d-4eb5-a2bf-ae35b2f22424/datanode-0/data/ratis/b4aee8a7-e9fd-4d25-b8f5-38bcdd253f99
2024-02-06 10:04:56,907 [26d06f5e-593d-478d-80a2-0fa092cabf84-groupManagement] INFO  server.RaftServerConfigKeys (ConfUtils.java:logGet(46)) - raft.server.log.queue.byte-limit = 4294967296 (custom)
2024-02-06 10:04:56,908 [26d06f5e-593d-478d-80a2-0fa092cabf84-groupManagement] INFO  server.RaftServerConfigKeys (ConfUtils.java:logGet(46)) - raft.server.log.queue.element-limit = 1024 (custom)
2024-02-06 10:04:56,908 [26d06f5e-593d-478d-80a2-0fa092cabf84-groupManagement] INFO  server.RaftServerConfigKeys (ConfUtils.java:logGet(46)) - raft.server.log.segment.size.max = 67108864 (custom)
2024-02-06 10:04:56,908 [26d06f5e-593d-478d-80a2-0fa092cabf84-groupManagement] INFO  server.RaftServerConfigKeys (ConfUtils.java:logGet(46)) - raft.server.log.preallocated.size = 4194304 (custom)
2024-02-06 10:04:56,908 [26d06f5e-593d-478d-80a2-0fa092cabf84-groupManagement] INFO  server.RaftServerConfigKeys (ConfUtils.java:logGet(46)) - raft.server.log.force.sync.num = 128 (default)
2024-02-06 10:04:56,908 [26d06f5e-593d-478d-80a2-0fa092cabf84-groupManagement] INFO  server.RaftServerConfigKeys (ConfUtils.java:logGet(46)) - raft.server.log.statemachine.data.sync = true (default)
2024-02-06 10:04:56,908 [26d06f5e-593d-478d-80a2-0fa092cabf84-groupManagement] INFO  server.RaftServerConfigKeys (ConfUtils.java:logGet(46)) - raft.server.log.statemachine.data.sync.timeout = 10s (default)
2024-02-06 10:04:56,908 [26d06f5e-593d-478d-80a2-0fa092cabf84-groupManagement] INFO  server.RaftServerConfigKeys (ConfUtils.java:logGet(46)) - raft.server.log.statemachine.data.sync.timeout.retry = 0 (custom)
2024-02-06 10:04:56,908 [26d06f5e-593d-478d-80a2-0fa092cabf84-groupManagement] INFO  server.RaftServerConfigKeys (ConfUtils.java:logGet(46)) - raft.server.log.write.buffer.size = 8388616 (custom)
2024-02-06 10:04:56,910 [26d06f5e-593d-478d-80a2-0fa092cabf84-groupManagement] INFO  server.RaftServerConfigKeys (ConfUtils.java:logGet(46)) - raft.server.log.appender.buffer.byte-limit = 8388608 (custom)
2024-02-06 10:04:56,910 [26d06f5e-593d-478d-80a2-0fa092cabf84-groupManagement] INFO  server.RaftServerConfigKeys (ConfUtils.java:logGet(46)) - raft.server.log.unsafe-flush.enabled = false (default)
2024-02-06 10:04:56,910 [26d06f5e-593d-478d-80a2-0fa092cabf84-groupManagement] INFO  server.RaftServerConfigKeys (ConfUtils.java:logGet(46)) - raft.server.log.async-flush.enabled = false (default)
2024-02-06 10:04:56,910 [26d06f5e-593d-478d-80a2-0fa092cabf84-groupManagement] INFO  server.RaftServerConfigKeys (ConfUtils.java:logGet(46)) - raft.server.log.statemachine.data.caching.enabled = true (custom)
2024-02-06 10:04:56,910 [26d06f5e-593d-478d-80a2-0fa092cabf84-groupManagement] INFO  segmented.SegmentedRaftLogWorker (SegmentedRaftLogWorker.java:lambda$new$0(134)) - 26d06f5e-593d-478d-80a2-0fa092cabf84@group-38BCDD253F99-SegmentedRaftLogWorker: flushIndex: setUnconditionally 0 -> -1
2024-02-06 10:04:56,910 [26d06f5e-593d-478d-80a2-0fa092cabf84-groupManagement] INFO  segmented.SegmentedRaftLogWorker (SegmentedRaftLogWorker.java:lambda$new$0(134)) - 26d06f5e-593d-478d-80a2-0fa092cabf84@group-38BCDD253F99-SegmentedRaftLogWorker: safeCacheEvictIndex: setUnconditionally 0 -> -1
2024-02-06 10:04:56,910 [26d06f5e-593d-478d-80a2-0fa092cabf84-groupManagement] INFO  server.RaftServer$Division (RaftServerImpl.java:start(396)) - 26d06f5e-593d-478d-80a2-0fa092cabf84@group-38BCDD253F99: start as a follower, conf=-1: peers:[79c56b25-6309-4552-ab3a-12e132dee763|10.1.0.5:15468, 20dab95a-c478-4766-b72c-beb84f06bee2|10.1.0.5:15477, 26d06f5e-593d-478d-80a2-0fa092cabf84|10.1.0.5:15459]|listeners:[], old=null
2024-02-06 10:04:56,910 [26d06f5e-593d-478d-80a2-0fa092cabf84-groupManagement] INFO  server.RaftServer$Division (RaftServerImpl.java:setRole(383)) - 26d06f5e-593d-478d-80a2-0fa092cabf84@group-38BCDD253F99: changes role from      null to FOLLOWER at term 0 for startAsFollower
2024-02-06 10:04:56,911 [26d06f5e-593d-478d-80a2-0fa092cabf84-groupManagement] INFO  impl.RoleInfo (RoleInfo.java:updateAndGet(139)) - 26d06f5e-593d-478d-80a2-0fa092cabf84: start 26d06f5e-593d-478d-80a2-0fa092cabf84@group-38BCDD253F99-FollowerState
2024-02-06 10:04:56,911 [26d06f5e-593d-478d-80a2-0fa092cabf84@group-38BCDD253F99-FollowerState] INFO  server.RaftServerConfigKeys (ConfUtils.java:logFallback(53)) - raft.server.rpc.first-election.timeout.min = 5s (fallback to raft.server.rpc.timeout.min)
2024-02-06 10:04:56,911 [26d06f5e-593d-478d-80a2-0fa092cabf84-groupManagement] INFO  util.JmxRegister (JmxRegister.java:tryRegister(44)) - Successfully registered JMX Bean with object name Ratis:service=RaftServer,group=group-38BCDD253F99,id=26d06f5e-593d-478d-80a2-0fa092cabf84
2024-02-06 10:04:56,911 [26d06f5e-593d-478d-80a2-0fa092cabf84@group-38BCDD253F99-FollowerState] INFO  server.RaftServerConfigKeys (ConfUtils.java:logFallback(53)) - raft.server.rpc.first-election.timeout.max = 5200ms (fallback to raft.server.rpc.timeout.max)
2024-02-06 10:04:56,911 [26d06f5e-593d-478d-80a2-0fa092cabf84-groupManagement] INFO  server.RaftServerConfigKeys (ConfUtils.java:logGet(46)) - raft.server.snapshot.trigger-when-stop.enabled = true (default)
2024-02-06 10:04:56,911 [26d06f5e-593d-478d-80a2-0fa092cabf84-groupManagement] INFO  server.RaftServerConfigKeys (ConfUtils.java:logGet(46)) - raft.server.snapshot.auto.trigger.enabled = true (custom)
2024-02-06 10:04:56,911 [26d06f5e-593d-478d-80a2-0fa092cabf84-groupManagement] INFO  server.RaftServerConfigKeys (ConfUtils.java:logGet(46)) - raft.server.snapshot.auto.trigger.threshold = 10000 (custom)
2024-02-06 10:04:56,911 [26d06f5e-593d-478d-80a2-0fa092cabf84-groupManagement] INFO  server.RaftServerConfigKeys (ConfUtils.java:logGet(46)) - raft.server.snapshot.retention.file.num = 5 (custom)
2024-02-06 10:04:56,911 [26d06f5e-593d-478d-80a2-0fa092cabf84-groupManagement] INFO  server.RaftServerConfigKeys (ConfUtils.java:logGet(46)) - raft.server.log.purge.upto.snapshot.index = false (default)
2024-02-06 10:04:56,912 [26d06f5e-593d-478d-80a2-0fa092cabf84-PipelineCommandHandlerThread-0] INFO  ratis.XceiverServerRatis (XceiverServerRatis.java:addGroup(864)) - Created group PipelineID=b4aee8a7-e9fd-4d25-b8f5-38bcdd253f99
2024-02-06 10:04:56,920 [grpc-default-executor-0] INFO  server.RaftServer (RaftServerProxy.java:addNew(100)) - 20dab95a-c478-4766-b72c-beb84f06bee2: addNew group-38BCDD253F99:[79c56b25-6309-4552-ab3a-12e132dee763|10.1.0.5:15468, 20dab95a-c478-4766-b72c-beb84f06bee2|10.1.0.5:15477, 26d06f5e-593d-478d-80a2-0fa092cabf84|10.1.0.5:15459] returns group-38BCDD253F99:java.util.concurrent.CompletableFuture@135b172[Not completed]
2024-02-06 10:04:56,921 [20dab95a-c478-4766-b72c-beb84f06bee2-groupManagement] INFO  server.RaftServer$Division (RaftServerImpl.java:<init>(256)) - 20dab95a-c478-4766-b72c-beb84f06bee2: new RaftServerImpl for group-38BCDD253F99:[79c56b25-6309-4552-ab3a-12e132dee763|10.1.0.5:15468, 20dab95a-c478-4766-b72c-beb84f06bee2|10.1.0.5:15477, 26d06f5e-593d-478d-80a2-0fa092cabf84|10.1.0.5:15459] with ContainerStateMachine:uninitialized
2024-02-06 10:04:56,921 [20dab95a-c478-4766-b72c-beb84f06bee2-groupManagement] INFO  server.RaftServerConfigKeys (ConfUtils.java:logGet(46)) - raft.server.rpc.timeout.min = 5s (custom)
2024-02-06 10:04:56,921 [20dab95a-c478-4766-b72c-beb84f06bee2-groupManagement] INFO  server.RaftServerConfigKeys (ConfUtils.java:logGet(46)) - raft.server.rpc.timeout.max = 5200ms (custom)
2024-02-06 10:04:56,921 [20dab95a-c478-4766-b72c-beb84f06bee2-groupManagement] INFO  server.RaftServerConfigKeys (ConfUtils.java:logGet(46)) - raft.server.rpc.sleep.time = 25ms (default)
2024-02-06 10:04:56,921 [20dab95a-c478-4766-b72c-beb84f06bee2-groupManagement] INFO  server.RaftServerConfigKeys (ConfUtils.java:logGet(46)) - raft.server.rpc.slowness.timeout = 300000ms (custom)
2024-02-06 10:04:56,921 [20dab95a-c478-4766-b72c-beb84f06bee2-groupManagement] INFO  server.RaftServerConfigKeys (ConfUtils.java:logGet(46)) - raft.server.leaderelection.leader.step-down.wait-time = 10s (default)
2024-02-06 10:04:56,921 [20dab95a-c478-4766-b72c-beb84f06bee2-groupManagement] INFO  server.RaftServerConfigKeys (ConfUtils.java:logGet(46)) - raft.server.leaderelection.member.majority-add = false (default)
2024-02-06 10:04:56,921 [20dab95a-c478-4766-b72c-beb84f06bee2-groupManagement] INFO  server.RaftServerConfigKeys (ConfUtils.java:logGet(46)) - raft.server.sleep.deviation.threshold = 300ms (default)
2024-02-06 10:04:56,921 [20dab95a-c478-4766-b72c-beb84f06bee2-groupManagement] INFO  server.RaftServer$Division (ServerState.java:<init>(113)) - 20dab95a-c478-4766-b72c-beb84f06bee2@group-38BCDD253F99: ConfigurationManager, init=-1: peers:[79c56b25-6309-4552-ab3a-12e132dee763|10.1.0.5:15468, 20dab95a-c478-4766-b72c-beb84f06bee2|10.1.0.5:15477, 26d06f5e-593d-478d-80a2-0fa092cabf84|10.1.0.5:15459]|listeners:[], old=null, confs=<EMPTY_MAP>
2024-02-06 10:04:56,921 [20dab95a-c478-4766-b72c-beb84f06bee2-groupManagement] INFO  server.RaftServerConfigKeys (ConfUtils.java:logGet(46)) - raft.server.notification.no-leader.timeout = 300000ms (custom)
2024-02-06 10:04:56,921 [20dab95a-c478-4766-b72c-beb84f06bee2-groupManagement] INFO  server.RaftServerConfigKeys (ConfUtils.java:logGet(46)) - raft.server.read.timeout = 10s (default)
2024-02-06 10:04:56,921 [20dab95a-c478-4766-b72c-beb84f06bee2-groupManagement] INFO  server.RaftServerConfigKeys (ConfUtils.java:logGet(46)) - raft.server.retrycache.expirytime = 600000ms (custom)
2024-02-06 10:04:56,921 [20dab95a-c478-4766-b72c-beb84f06bee2-groupManagement] INFO  server.RaftServerConfigKeys (ConfUtils.java:logGet(46)) - raft.server.retrycache.statistics.expirytime = 100ms (default)
2024-02-06 10:04:56,921 [20dab95a-c478-4766-b72c-beb84f06bee2-groupManagement] INFO  server.RaftServerConfigKeys (ConfUtils.java:logGet(46)) - raft.server.read.option = DEFAULT (default)
2024-02-06 10:04:56,921 [20dab95a-c478-4766-b72c-beb84f06bee2-groupManagement] INFO  server.RaftServerConfigKeys (ConfUtils.java:logGet(46)) - raft.server.read.read-after-write-consistent.write-index-cache.expiry-time = 60s (default)
2024-02-06 10:04:56,923 [20dab95a-c478-4766-b72c-beb84f06bee2-groupManagement] INFO  server.RaftServerConfigKeys (ConfUtils.java:logGet(46)) - raft.server.rpc.request.timeout = 3000ms (default)
2024-02-06 10:04:56,923 [20dab95a-c478-4766-b72c-beb84f06bee2-groupManagement] INFO  server.RaftServerConfigKeys (ConfUtils.java:logGet(46)) - raft.server.log.appender.install.snapshot.enabled = false (custom)
2024-02-06 10:04:56,923 [20dab95a-c478-4766-b72c-beb84f06bee2-groupManagement] INFO  server.RaftServerConfigKeys (ConfUtils.java:logGet(46)) - raft.server.threadpool.server.cached = true (default)
2024-02-06 10:04:56,923 [20dab95a-c478-4766-b72c-beb84f06bee2-groupManagement] INFO  server.RaftServerConfigKeys (ConfUtils.java:logGet(46)) - raft.server.threadpool.server.size = 0 (default)
2024-02-06 10:04:56,923 [20dab95a-c478-4766-b72c-beb84f06bee2-groupManagement] INFO  server.RaftServerConfigKeys (ConfUtils.java:logGet(46)) - raft.server.threadpool.client.cached = true (default)
2024-02-06 10:04:56,923 [20dab95a-c478-4766-b72c-beb84f06bee2-groupManagement] INFO  server.RaftServerConfigKeys (ConfUtils.java:logGet(46)) - raft.server.threadpool.client.size = 0 (default)
2024-02-06 10:04:56,923 [20dab95a-c478-4766-b72c-beb84f06bee2-groupManagement] INFO  server.RaftServerConfigKeys (ConfUtils.java:logGet(46)) - raft.server.storage.free-space.min = 0MB (=0) (default)
2024-02-06 10:04:56,923 [20dab95a-c478-4766-b72c-beb84f06bee2-groupManagement] INFO  server.RaftServerConfigKeys (ConfUtils.java:logGet(46)) - raft.server.log.corruption.policy = EXCEPTION (default)
2024-02-06 10:04:56,923 [20dab95a-c478-4766-b72c-beb84f06bee2-groupManagement] INFO  server.RaftServerConfigKeys (ConfUtils.java:logGet(46)) - raft.server.storage.dir = [/home/runner/work/ozone/ozone/hadoop-ozone/integration-test/target/test-dir/MiniOzoneClusterImpl-5d1c2165-a83d-4eb5-a2bf-ae35b2f22424/datanode-2/data/ratis] (custom)
2024-02-06 10:04:56,923 [20dab95a-c478-4766-b72c-beb84f06bee2-groupManagement] INFO  storage.RaftStorageDirectory (RaftStorageDirectoryImpl.java:analyzeStorage(138)) - The storage directory /home/runner/work/ozone/ozone/hadoop-ozone/integration-test/target/test-dir/MiniOzoneClusterImpl-5d1c2165-a83d-4eb5-a2bf-ae35b2f22424/datanode-2/data/ratis/b4aee8a7-e9fd-4d25-b8f5-38bcdd253f99 does not exist. Creating ...
2024-02-06 10:04:56,924 [20dab95a-c478-4766-b72c-beb84f06bee2-groupManagement] INFO  storage.RaftStorageDirectory (RaftStorageDirectoryImpl.java:tryLock(228)) - Lock on /home/runner/work/ozone/ozone/hadoop-ozone/integration-test/target/test-dir/MiniOzoneClusterImpl-5d1c2165-a83d-4eb5-a2bf-ae35b2f22424/datanode-2/data/ratis/b4aee8a7-e9fd-4d25-b8f5-38bcdd253f99/in_use.lock acquired by nodename 37157@fv-az776-296
2024-02-06 10:04:56,925 [20dab95a-c478-4766-b72c-beb84f06bee2-groupManagement] INFO  storage.RaftStorage (RaftStorageImpl.java:format(99)) - Storage directory /home/runner/work/ozone/ozone/hadoop-ozone/integration-test/target/test-dir/MiniOzoneClusterImpl-5d1c2165-a83d-4eb5-a2bf-ae35b2f22424/datanode-2/data/ratis/b4aee8a7-e9fd-4d25-b8f5-38bcdd253f99 has been successfully formatted.
2024-02-06 10:04:56,925 [20dab95a-c478-4766-b72c-beb84f06bee2-groupManagement] WARN  util.FileUtils (LogUtils.java:supplyAndLog(63)) - Failed to Files.newInputStream /home/runner/work/ozone/ozone/hadoop-ozone/integration-test/target/test-dir/MiniOzoneClusterImpl-5d1c2165-a83d-4eb5-a2bf-ae35b2f22424/datanode-2/data/ratis/b4aee8a7-e9fd-4d25-b8f5-38bcdd253f99/current/raft-meta.conf with options []: java.nio.file.NoSuchFileException: /home/runner/work/ozone/ozone/hadoop-ozone/integration-test/target/test-dir/MiniOzoneClusterImpl-5d1c2165-a83d-4eb5-a2bf-ae35b2f22424/datanode-2/data/ratis/b4aee8a7-e9fd-4d25-b8f5-38bcdd253f99/current/raft-meta.conf
2024-02-06 10:04:56,928 [20dab95a-c478-4766-b72c-beb84f06bee2-groupManagement] INFO  ratis.ContainerStateMachine (ContainerStateMachine.java:loadSnapshot(287)) - group-38BCDD253F99: The snapshot info is null. Setting the last applied index to:(t:0, i:~)
2024-02-06 10:04:56,928 [20dab95a-c478-4766-b72c-beb84f06bee2-groupManagement] INFO  server.RaftServerConfigKeys (ConfUtils.java:logGet(46)) - raft.server.log.use.memory = false (default)
2024-02-06 10:04:56,929 [20dab95a-c478-4766-b72c-beb84f06bee2-groupManagement] INFO  server.RaftServerConfigKeys (ConfUtils.java:logGet(46)) - raft.server.log.purge.gap = 1000000 (custom)
2024-02-06 10:04:56,929 [20dab95a-c478-4766-b72c-beb84f06bee2-groupManagement] INFO  server.RaftServerConfigKeys (ConfUtils.java:logGet(46)) - raft.server.log.appender.buffer.byte-limit = 8388608 (custom)
2024-02-06 10:04:56,929 [20dab95a-c478-4766-b72c-beb84f06bee2-groupManagement] INFO  server.RaftServerConfigKeys (ConfUtils.java:logGet(46)) - raft.server.log.statemachine.data.read.timeout = 1000ms (default)
2024-02-06 10:04:56,929 [20dab95a-c478-4766-b72c-beb84f06bee2-groupManagement] INFO  server.RaftServerConfigKeys (ConfUtils.java:logGet(46)) - raft.server.log.purge.preservation.log.num = 0 (default)
2024-02-06 10:04:56,930 [20dab95a-c478-4766-b72c-beb84f06bee2-groupManagement] INFO  server.RaftServerConfigKeys (ConfUtils.java:logGet(46)) - raft.server.log.segment.size.max = 67108864 (custom)
2024-02-06 10:04:56,930 [20dab95a-c478-4766-b72c-beb84f06bee2-groupManagement] INFO  server.RaftServerConfigKeys (ConfUtils.java:logGet(46)) - raft.server.log.segment.cache.num.max = 2 (custom)
2024-02-06 10:04:56,930 [20dab95a-c478-4766-b72c-beb84f06bee2-groupManagement] INFO  server.RaftServerConfigKeys (ConfUtils.java:logGet(46)) - raft.server.log.segment.cache.size.max = 200MB (=209715200) (default)
2024-02-06 10:04:56,930 [20dab95a-c478-4766-b72c-beb84f06bee2-groupManagement] INFO  server.RaftServerConfigKeys (ConfUtils.java:logGet(46)) - raft.server.log.appender.buffer.byte-limit = 8388608 (custom)
2024-02-06 10:04:56,931 [20dab95a-c478-4766-b72c-beb84f06bee2-groupManagement] INFO  util.AwaitToRun (AwaitToRun.java:start(81)) - Thread[20dab95a-c478-4766-b72c-beb84f06bee2@group-38BCDD253F99-cacheEviction-AwaitToRun,5,main] started
2024-02-06 10:04:56,931 [20dab95a-c478-4766-b72c-beb84f06bee2-groupManagement] INFO  segmented.SegmentedRaftLogWorker (SegmentedRaftLogWorker.java:<init>(182)) - new 20dab95a-c478-4766-b72c-beb84f06bee2@group-38BCDD253F99-SegmentedRaftLogWorker for RaftStorageImpl:Storage Directory /home/runner/work/ozone/ozone/hadoop-ozone/integration-test/target/test-dir/MiniOzoneClusterImpl-5d1c2165-a83d-4eb5-a2bf-ae35b2f22424/datanode-2/data/ratis/b4aee8a7-e9fd-4d25-b8f5-38bcdd253f99
2024-02-06 10:04:56,931 [20dab95a-c478-4766-b72c-beb84f06bee2-groupManagement] INFO  server.RaftServerConfigKeys (ConfUtils.java:logGet(46)) - raft.server.log.queue.byte-limit = 4294967296 (custom)
2024-02-06 10:04:56,931 [20dab95a-c478-4766-b72c-beb84f06bee2-groupManagement] INFO  server.RaftServerConfigKeys (ConfUtils.java:logGet(46)) - raft.server.log.queue.element-limit = 1024 (custom)
2024-02-06 10:04:56,931 [20dab95a-c478-4766-b72c-beb84f06bee2-groupManagement] INFO  server.RaftServerConfigKeys (ConfUtils.java:logGet(46)) - raft.server.log.segment.size.max = 67108864 (custom)
2024-02-06 10:04:56,931 [20dab95a-c478-4766-b72c-beb84f06bee2-groupManagement] INFO  server.RaftServerConfigKeys (ConfUtils.java:logGet(46)) - raft.server.log.preallocated.size = 4194304 (custom)
2024-02-06 10:04:56,931 [20dab95a-c478-4766-b72c-beb84f06bee2-groupManagement] INFO  server.RaftServerConfigKeys (ConfUtils.java:logGet(46)) - raft.server.log.force.sync.num = 128 (default)
2024-02-06 10:04:56,931 [20dab95a-c478-4766-b72c-beb84f06bee2-groupManagement] INFO  server.RaftServerConfigKeys (ConfUtils.java:logGet(46)) - raft.server.log.statemachine.data.sync = true (default)
2024-02-06 10:04:56,931 [20dab95a-c478-4766-b72c-beb84f06bee2-groupManagement] INFO  server.RaftServerConfigKeys (ConfUtils.java:logGet(46)) - raft.server.log.statemachine.data.sync.timeout = 10s (default)
2024-02-06 10:04:56,931 [20dab95a-c478-4766-b72c-beb84f06bee2-groupManagement] INFO  server.RaftServerConfigKeys (ConfUtils.java:logGet(46)) - raft.server.log.statemachine.data.sync.timeout.retry = 0 (custom)
2024-02-06 10:04:56,931 [20dab95a-c478-4766-b72c-beb84f06bee2-groupManagement] INFO  server.RaftServerConfigKeys (ConfUtils.java:logGet(46)) - raft.server.log.write.buffer.size = 8388616 (custom)
2024-02-06 10:04:56,932 [20dab95a-c478-4766-b72c-beb84f06bee2-groupManagement] INFO  server.RaftServerConfigKeys (ConfUtils.java:logGet(46)) - raft.server.log.appender.buffer.byte-limit = 8388608 (custom)
2024-02-06 10:04:56,932 [20dab95a-c478-4766-b72c-beb84f06bee2-groupManagement] INFO  server.RaftServerConfigKeys (ConfUtils.java:logGet(46)) - raft.server.log.unsafe-flush.enabled = false (default)
2024-02-06 10:04:56,932 [20dab95a-c478-4766-b72c-beb84f06bee2-groupManagement] INFO  server.RaftServerConfigKeys (ConfUtils.java:logGet(46)) - raft.server.log.async-flush.enabled = false (default)
2024-02-06 10:04:56,932 [20dab95a-c478-4766-b72c-beb84f06bee2-groupManagement] INFO  server.RaftServerConfigKeys (ConfUtils.java:logGet(46)) - raft.server.log.statemachine.data.caching.enabled = true (custom)
2024-02-06 10:04:56,933 [20dab95a-c478-4766-b72c-beb84f06bee2-groupManagement] INFO  segmented.SegmentedRaftLogWorker (SegmentedRaftLogWorker.java:lambda$new$0(134)) - 20dab95a-c478-4766-b72c-beb84f06bee2@group-38BCDD253F99-SegmentedRaftLogWorker: flushIndex: setUnconditionally 0 -> -1
2024-02-06 10:04:56,933 [20dab95a-c478-4766-b72c-beb84f06bee2-groupManagement] INFO  segmented.SegmentedRaftLogWorker (SegmentedRaftLogWorker.java:lambda$new$0(134)) - 20dab95a-c478-4766-b72c-beb84f06bee2@group-38BCDD253F99-SegmentedRaftLogWorker: safeCacheEvictIndex: setUnconditionally 0 -> -1
2024-02-06 10:04:56,933 [20dab95a-c478-4766-b72c-beb84f06bee2-groupManagement] INFO  server.RaftServer$Division (RaftServerImpl.java:start(396)) - 20dab95a-c478-4766-b72c-beb84f06bee2@group-38BCDD253F99: start as a follower, conf=-1: peers:[79c56b25-6309-4552-ab3a-12e132dee763|10.1.0.5:15468, 20dab95a-c478-4766-b72c-beb84f06bee2|10.1.0.5:15477, 26d06f5e-593d-478d-80a2-0fa092cabf84|10.1.0.5:15459]|listeners:[], old=null
2024-02-06 10:04:56,933 [20dab95a-c478-4766-b72c-beb84f06bee2-groupManagement] INFO  server.RaftServer$Division (RaftServerImpl.java:setRole(383)) - 20dab95a-c478-4766-b72c-beb84f06bee2@group-38BCDD253F99: changes role from      null to FOLLOWER at term 0 for startAsFollower
2024-02-06 10:04:56,933 [20dab95a-c478-4766-b72c-beb84f06bee2-groupManagement] INFO  impl.RoleInfo (RoleInfo.java:updateAndGet(139)) - 20dab95a-c478-4766-b72c-beb84f06bee2: start 20dab95a-c478-4766-b72c-beb84f06bee2@group-38BCDD253F99-FollowerState
2024-02-06 10:04:56,933 [20dab95a-c478-4766-b72c-beb84f06bee2@group-38BCDD253F99-FollowerState] INFO  server.RaftServerConfigKeys (ConfUtils.java:logFallback(53)) - raft.server.rpc.first-election.timeout.min = 5s (fallback to raft.server.rpc.timeout.min)
2024-02-06 10:04:56,933 [20dab95a-c478-4766-b72c-beb84f06bee2-groupManagement] INFO  util.JmxRegister (JmxRegister.java:tryRegister(44)) - Successfully registered JMX Bean with object name Ratis:service=RaftServer,group=group-38BCDD253F99,id=20dab95a-c478-4766-b72c-beb84f06bee2
2024-02-06 10:04:56,933 [20dab95a-c478-4766-b72c-beb84f06bee2@group-38BCDD253F99-FollowerState] INFO  server.RaftServerConfigKeys (ConfUtils.java:logFallback(53)) - raft.server.rpc.first-election.timeout.max = 5200ms (fallback to raft.server.rpc.timeout.max)
2024-02-06 10:04:56,933 [20dab95a-c478-4766-b72c-beb84f06bee2-groupManagement] INFO  server.RaftServerConfigKeys (ConfUtils.java:logGet(46)) - raft.server.snapshot.trigger-when-stop.enabled = true (default)
2024-02-06 10:04:56,933 [20dab95a-c478-4766-b72c-beb84f06bee2-groupManagement] INFO  server.RaftServerConfigKeys (ConfUtils.java:logGet(46)) - raft.server.snapshot.auto.trigger.enabled = true (custom)
2024-02-06 10:04:56,933 [20dab95a-c478-4766-b72c-beb84f06bee2-groupManagement] INFO  server.RaftServerConfigKeys (ConfUtils.java:logGet(46)) - raft.server.snapshot.auto.trigger.threshold = 10000 (custom)
2024-02-06 10:04:56,933 [20dab95a-c478-4766-b72c-beb84f06bee2-groupManagement] INFO  server.RaftServerConfigKeys (ConfUtils.java:logGet(46)) - raft.server.snapshot.retention.file.num = 5 (custom)
2024-02-06 10:04:56,933 [20dab95a-c478-4766-b72c-beb84f06bee2-groupManagement] INFO  server.RaftServerConfigKeys (ConfUtils.java:logGet(46)) - raft.server.log.purge.upto.snapshot.index = false (default)
2024-02-06 10:04:56,941 [grpc-default-executor-0] INFO  server.RaftServer (RaftServerProxy.java:addNew(100)) - 79c56b25-6309-4552-ab3a-12e132dee763: addNew group-38BCDD253F99:[79c56b25-6309-4552-ab3a-12e132dee763|10.1.0.5:15468, 20dab95a-c478-4766-b72c-beb84f06bee2|10.1.0.5:15477, 26d06f5e-593d-478d-80a2-0fa092cabf84|10.1.0.5:15459] returns group-38BCDD253F99:java.util.concurrent.CompletableFuture@52da03fe[Not completed]
2024-02-06 10:04:56,942 [79c56b25-6309-4552-ab3a-12e132dee763-groupManagement] INFO  server.RaftServer$Division (RaftServerImpl.java:<init>(256)) - 79c56b25-6309-4552-ab3a-12e132dee763: new RaftServerImpl for group-38BCDD253F99:[79c56b25-6309-4552-ab3a-12e132dee763|10.1.0.5:15468, 20dab95a-c478-4766-b72c-beb84f06bee2|10.1.0.5:15477, 26d06f5e-593d-478d-80a2-0fa092cabf84|10.1.0.5:15459] with ContainerStateMachine:uninitialized
2024-02-06 10:04:56,942 [79c56b25-6309-4552-ab3a-12e132dee763-groupManagement] INFO  server.RaftServerConfigKeys (ConfUtils.java:logGet(46)) - raft.server.rpc.timeout.min = 5s (custom)
2024-02-06 10:04:56,942 [79c56b25-6309-4552-ab3a-12e132dee763-groupManagement] INFO  server.RaftServerConfigKeys (ConfUtils.java:logGet(46)) - raft.server.rpc.timeout.max = 5200ms (custom)
2024-02-06 10:04:56,942 [79c56b25-6309-4552-ab3a-12e132dee763-groupManagement] INFO  server.RaftServerConfigKeys (ConfUtils.java:logGet(46)) - raft.server.rpc.sleep.time = 25ms (default)
2024-02-06 10:04:56,942 [79c56b25-6309-4552-ab3a-12e132dee763-groupManagement] INFO  server.RaftServerConfigKeys (ConfUtils.java:logGet(46)) - raft.server.rpc.slowness.timeout = 300000ms (custom)
2024-02-06 10:04:56,942 [79c56b25-6309-4552-ab3a-12e132dee763-groupManagement] INFO  server.RaftServerConfigKeys (ConfUtils.java:logGet(46)) - raft.server.leaderelection.leader.step-down.wait-time = 10s (default)
2024-02-06 10:04:56,942 [79c56b25-6309-4552-ab3a-12e132dee763-groupManagement] INFO  server.RaftServerConfigKeys (ConfUtils.java:logGet(46)) - raft.server.leaderelection.member.majority-add = false (default)
2024-02-06 10:04:56,942 [79c56b25-6309-4552-ab3a-12e132dee763-groupManagement] INFO  server.RaftServerConfigKeys (ConfUtils.java:logGet(46)) - raft.server.sleep.deviation.threshold = 300ms (default)
2024-02-06 10:04:56,942 [79c56b25-6309-4552-ab3a-12e132dee763-groupManagement] INFO  server.RaftServer$Division (ServerState.java:<init>(113)) - 79c56b25-6309-4552-ab3a-12e132dee763@group-38BCDD253F99: ConfigurationManager, init=-1: peers:[79c56b25-6309-4552-ab3a-12e132dee763|10.1.0.5:15468, 20dab95a-c478-4766-b72c-beb84f06bee2|10.1.0.5:15477, 26d06f5e-593d-478d-80a2-0fa092cabf84|10.1.0.5:15459]|listeners:[], old=null, confs=<EMPTY_MAP>
2024-02-06 10:04:56,942 [79c56b25-6309-4552-ab3a-12e132dee763-groupManagement] INFO  server.RaftServerConfigKeys (ConfUtils.java:logGet(46)) - raft.server.notification.no-leader.timeout = 300000ms (custom)
2024-02-06 10:04:56,942 [79c56b25-6309-4552-ab3a-12e132dee763-groupManagement] INFO  server.RaftServerConfigKeys (ConfUtils.java:logGet(46)) - raft.server.read.timeout = 10s (default)
2024-02-06 10:04:56,942 [79c56b25-6309-4552-ab3a-12e132dee763-groupManagement] INFO  server.RaftServerConfigKeys (ConfUtils.java:logGet(46)) - raft.server.retrycache.expirytime = 600000ms (custom)
2024-02-06 10:04:56,942 [79c56b25-6309-4552-ab3a-12e132dee763-groupManagement] INFO  server.RaftServerConfigKeys (ConfUtils.java:logGet(46)) - raft.server.retrycache.statistics.expirytime = 100ms (default)
2024-02-06 10:04:56,942 [79c56b25-6309-4552-ab3a-12e132dee763-groupManagement] INFO  server.RaftServerConfigKeys (ConfUtils.java:logGet(46)) - raft.server.read.option = DEFAULT (default)
2024-02-06 10:04:56,942 [79c56b25-6309-4552-ab3a-12e132dee763-groupManagement] INFO  server.RaftServerConfigKeys (ConfUtils.java:logGet(46)) - raft.server.read.read-after-write-consistent.write-index-cache.expiry-time = 60s (default)
2024-02-06 10:04:56,944 [79c56b25-6309-4552-ab3a-12e132dee763-groupManagement] INFO  server.RaftServerConfigKeys (ConfUtils.java:logGet(46)) - raft.server.rpc.request.timeout = 3000ms (default)
2024-02-06 10:04:56,944 [79c56b25-6309-4552-ab3a-12e132dee763-groupManagement] INFO  server.RaftServerConfigKeys (ConfUtils.java:logGet(46)) - raft.server.log.appender.install.snapshot.enabled = false (custom)
2024-02-06 10:04:56,944 [79c56b25-6309-4552-ab3a-12e132dee763-groupManagement] INFO  server.RaftServerConfigKeys (ConfUtils.java:logGet(46)) - raft.server.threadpool.server.cached = true (default)
2024-02-06 10:04:56,944 [79c56b25-6309-4552-ab3a-12e132dee763-groupManagement] INFO  server.RaftServerConfigKeys (ConfUtils.java:logGet(46)) - raft.server.threadpool.server.size = 0 (default)
2024-02-06 10:04:56,944 [79c56b25-6309-4552-ab3a-12e132dee763-groupManagement] INFO  server.RaftServerConfigKeys (ConfUtils.java:logGet(46)) - raft.server.threadpool.client.cached = true (default)
2024-02-06 10:04:56,944 [79c56b25-6309-4552-ab3a-12e132dee763-groupManagement] INFO  server.RaftServerConfigKeys (ConfUtils.java:logGet(46)) - raft.server.threadpool.client.size = 0 (default)
2024-02-06 10:04:56,944 [79c56b25-6309-4552-ab3a-12e132dee763-groupManagement] INFO  server.RaftServerConfigKeys (ConfUtils.java:logGet(46)) - raft.server.storage.free-space.min = 0MB (=0) (default)
2024-02-06 10:04:56,944 [79c56b25-6309-4552-ab3a-12e132dee763-groupManagement] INFO  server.RaftServerConfigKeys (ConfUtils.java:logGet(46)) - raft.server.log.corruption.policy = EXCEPTION (default)
2024-02-06 10:04:56,944 [79c56b25-6309-4552-ab3a-12e132dee763-groupManagement] INFO  server.RaftServerConfigKeys (ConfUtils.java:logGet(46)) - raft.server.storage.dir = [/home/runner/work/ozone/ozone/hadoop-ozone/integration-test/target/test-dir/MiniOzoneClusterImpl-5d1c2165-a83d-4eb5-a2bf-ae35b2f22424/datanode-1/data/ratis] (custom)
2024-02-06 10:04:56,944 [79c56b25-6309-4552-ab3a-12e132dee763-groupManagement] INFO  storage.RaftStorageDirectory (RaftStorageDirectoryImpl.java:analyzeStorage(138)) - The storage directory /home/runner/work/ozone/ozone/hadoop-ozone/integration-test/target/test-dir/MiniOzoneClusterImpl-5d1c2165-a83d-4eb5-a2bf-ae35b2f22424/datanode-1/data/ratis/b4aee8a7-e9fd-4d25-b8f5-38bcdd253f99 does not exist. Creating ...
2024-02-06 10:04:56,945 [79c56b25-6309-4552-ab3a-12e132dee763-groupManagement] INFO  storage.RaftStorageDirectory (RaftStorageDirectoryImpl.java:tryLock(228)) - Lock on /home/runner/work/ozone/ozone/hadoop-ozone/integration-test/target/test-dir/MiniOzoneClusterImpl-5d1c2165-a83d-4eb5-a2bf-ae35b2f22424/datanode-1/data/ratis/b4aee8a7-e9fd-4d25-b8f5-38bcdd253f99/in_use.lock acquired by nodename 37157@fv-az776-296
2024-02-06 10:04:56,946 [79c56b25-6309-4552-ab3a-12e132dee763-groupManagement] INFO  storage.RaftStorage (RaftStorageImpl.java:format(99)) - Storage directory /home/runner/work/ozone/ozone/hadoop-ozone/integration-test/target/test-dir/MiniOzoneClusterImpl-5d1c2165-a83d-4eb5-a2bf-ae35b2f22424/datanode-1/data/ratis/b4aee8a7-e9fd-4d25-b8f5-38bcdd253f99 has been successfully formatted.
2024-02-06 10:04:56,947 [79c56b25-6309-4552-ab3a-12e132dee763-groupManagement] WARN  util.FileUtils (LogUtils.java:supplyAndLog(63)) - Failed to Files.newInputStream /home/runner/work/ozone/ozone/hadoop-ozone/integration-test/target/test-dir/MiniOzoneClusterImpl-5d1c2165-a83d-4eb5-a2bf-ae35b2f22424/datanode-1/data/ratis/b4aee8a7-e9fd-4d25-b8f5-38bcdd253f99/current/raft-meta.conf with options []: java.nio.file.NoSuchFileException: /home/runner/work/ozone/ozone/hadoop-ozone/integration-test/target/test-dir/MiniOzoneClusterImpl-5d1c2165-a83d-4eb5-a2bf-ae35b2f22424/datanode-1/data/ratis/b4aee8a7-e9fd-4d25-b8f5-38bcdd253f99/current/raft-meta.conf
2024-02-06 10:04:56,948 [79c56b25-6309-4552-ab3a-12e132dee763-groupManagement] INFO  ratis.ContainerStateMachine (ContainerStateMachine.java:loadSnapshot(287)) - group-38BCDD253F99: The snapshot info is null. Setting the last applied index to:(t:0, i:~)
2024-02-06 10:04:56,948 [79c56b25-6309-4552-ab3a-12e132dee763-groupManagement] INFO  server.RaftServerConfigKeys (ConfUtils.java:logGet(46)) - raft.server.log.use.memory = false (default)
2024-02-06 10:04:56,948 [79c56b25-6309-4552-ab3a-12e132dee763-groupManagement] INFO  server.RaftServerConfigKeys (ConfUtils.java:logGet(46)) - raft.server.log.purge.gap = 1000000 (custom)
2024-02-06 10:04:56,949 [79c56b25-6309-4552-ab3a-12e132dee763-groupManagement] INFO  server.RaftServerConfigKeys (ConfUtils.java:logGet(46)) - raft.server.log.appender.buffer.byte-limit = 8388608 (custom)
2024-02-06 10:04:56,949 [79c56b25-6309-4552-ab3a-12e132dee763-groupManagement] INFO  server.RaftServerConfigKeys (ConfUtils.java:logGet(46)) - raft.server.log.statemachine.data.read.timeout = 1000ms (default)
2024-02-06 10:04:56,949 [79c56b25-6309-4552-ab3a-12e132dee763-groupManagement] INFO  server.RaftServerConfigKeys (ConfUtils.java:logGet(46)) - raft.server.log.purge.preservation.log.num = 0 (default)
2024-02-06 10:04:56,950 [79c56b25-6309-4552-ab3a-12e132dee763-groupManagement] INFO  server.RaftServerConfigKeys (ConfUtils.java:logGet(46)) - raft.server.log.segment.size.max = 67108864 (custom)
2024-02-06 10:04:56,950 [79c56b25-6309-4552-ab3a-12e132dee763-groupManagement] INFO  server.RaftServerConfigKeys (ConfUtils.java:logGet(46)) - raft.server.log.segment.cache.num.max = 2 (custom)
2024-02-06 10:04:56,950 [79c56b25-6309-4552-ab3a-12e132dee763-groupManagement] INFO  server.RaftServerConfigKeys (ConfUtils.java:logGet(46)) - raft.server.log.segment.cache.size.max = 200MB (=209715200) (default)
2024-02-06 10:04:56,950 [79c56b25-6309-4552-ab3a-12e132dee763-groupManagement] INFO  server.RaftServerConfigKeys (ConfUtils.java:logGet(46)) - raft.server.log.appender.buffer.byte-limit = 8388608 (custom)
2024-02-06 10:04:56,950 [79c56b25-6309-4552-ab3a-12e132dee763-groupManagement] INFO  util.AwaitToRun (AwaitToRun.java:start(81)) - Thread[79c56b25-6309-4552-ab3a-12e132dee763@group-38BCDD253F99-cacheEviction-AwaitToRun,5,main] started
2024-02-06 10:04:56,950 [79c56b25-6309-4552-ab3a-12e132dee763-groupManagement] INFO  segmented.SegmentedRaftLogWorker (SegmentedRaftLogWorker.java:<init>(182)) - new 79c56b25-6309-4552-ab3a-12e132dee763@group-38BCDD253F99-SegmentedRaftLogWorker for RaftStorageImpl:Storage Directory /home/runner/work/ozone/ozone/hadoop-ozone/integration-test/target/test-dir/MiniOzoneClusterImpl-5d1c2165-a83d-4eb5-a2bf-ae35b2f22424/datanode-1/data/ratis/b4aee8a7-e9fd-4d25-b8f5-38bcdd253f99
2024-02-06 10:04:56,950 [79c56b25-6309-4552-ab3a-12e132dee763-groupManagement] INFO  server.RaftServerConfigKeys (ConfUtils.java:logGet(46)) - raft.server.log.queue.byte-limit = 4294967296 (custom)
2024-02-06 10:04:56,950 [79c56b25-6309-4552-ab3a-12e132dee763-groupManagement] INFO  server.RaftServerConfigKeys (ConfUtils.java:logGet(46)) - raft.server.log.queue.element-limit = 1024 (custom)
2024-02-06 10:04:56,950 [79c56b25-6309-4552-ab3a-12e132dee763-groupManagement] INFO  server.RaftServerConfigKeys (ConfUtils.java:logGet(46)) - raft.server.log.segment.size.max = 67108864 (custom)
2024-02-06 10:04:56,950 [79c56b25-6309-4552-ab3a-12e132dee763-groupManagement] INFO  server.RaftServerConfigKeys (ConfUtils.java:logGet(46)) - raft.server.log.preallocated.size = 4194304 (custom)
2024-02-06 10:04:56,950 [79c56b25-6309-4552-ab3a-12e132dee763-groupManagement] INFO  server.RaftServerConfigKeys (ConfUtils.java:logGet(46)) - raft.server.log.force.sync.num = 128 (default)
2024-02-06 10:04:56,950 [79c56b25-6309-4552-ab3a-12e132dee763-groupManagement] INFO  server.RaftServerConfigKeys (ConfUtils.java:logGet(46)) - raft.server.log.statemachine.data.sync = true (default)
2024-02-06 10:04:56,950 [79c56b25-6309-4552-ab3a-12e132dee763-groupManagement] INFO  server.RaftServerConfigKeys (ConfUtils.java:logGet(46)) - raft.server.log.statemachine.data.sync.timeout = 10s (default)
2024-02-06 10:04:56,950 [79c56b25-6309-4552-ab3a-12e132dee763-groupManagement] INFO  server.RaftServerConfigKeys (ConfUtils.java:logGet(46)) - raft.server.log.statemachine.data.sync.timeout.retry = 0 (custom)
2024-02-06 10:04:56,950 [79c56b25-6309-4552-ab3a-12e132dee763-groupManagement] INFO  server.RaftServerConfigKeys (ConfUtils.java:logGet(46)) - raft.server.log.write.buffer.size = 8388616 (custom)
2024-02-06 10:04:56,952 [79c56b25-6309-4552-ab3a-12e132dee763-groupManagement] INFO  server.RaftServerConfigKeys (ConfUtils.java:logGet(46)) - raft.server.log.appender.buffer.byte-limit = 8388608 (custom)
2024-02-06 10:04:56,952 [79c56b25-6309-4552-ab3a-12e132dee763-groupManagement] INFO  server.RaftServerConfigKeys (ConfUtils.java:logGet(46)) - raft.server.log.unsafe-flush.enabled = false (default)
2024-02-06 10:04:56,952 [79c56b25-6309-4552-ab3a-12e132dee763-groupManagement] INFO  server.RaftServerConfigKeys (ConfUtils.java:logGet(46)) - raft.server.log.async-flush.enabled = false (default)
2024-02-06 10:04:56,952 [79c56b25-6309-4552-ab3a-12e132dee763-groupManagement] INFO  server.RaftServerConfigKeys (ConfUtils.java:logGet(46)) - raft.server.log.statemachine.data.caching.enabled = true (custom)
2024-02-06 10:04:56,952 [79c56b25-6309-4552-ab3a-12e132dee763-groupManagement] INFO  segmented.SegmentedRaftLogWorker (SegmentedRaftLogWorker.java:lambda$new$0(134)) - 79c56b25-6309-4552-ab3a-12e132dee763@group-38BCDD253F99-SegmentedRaftLogWorker: flushIndex: setUnconditionally 0 -> -1
2024-02-06 10:04:56,952 [79c56b25-6309-4552-ab3a-12e132dee763-groupManagement] INFO  segmented.SegmentedRaftLogWorker (SegmentedRaftLogWorker.java:lambda$new$0(134)) - 79c56b25-6309-4552-ab3a-12e132dee763@group-38BCDD253F99-SegmentedRaftLogWorker: safeCacheEvictIndex: setUnconditionally 0 -> -1
2024-02-06 10:04:56,952 [79c56b25-6309-4552-ab3a-12e132dee763-groupManagement] INFO  server.RaftServer$Division (RaftServerImpl.java:start(396)) - 79c56b25-6309-4552-ab3a-12e132dee763@group-38BCDD253F99: start as a follower, conf=-1: peers:[79c56b25-6309-4552-ab3a-12e132dee763|10.1.0.5:15468, 20dab95a-c478-4766-b72c-beb84f06bee2|10.1.0.5:15477, 26d06f5e-593d-478d-80a2-0fa092cabf84|10.1.0.5:15459]|listeners:[], old=null
2024-02-06 10:04:56,952 [79c56b25-6309-4552-ab3a-12e132dee763-groupManagement] INFO  server.RaftServer$Division (RaftServerImpl.java:setRole(383)) - 79c56b25-6309-4552-ab3a-12e132dee763@group-38BCDD253F99: changes role from      null to FOLLOWER at term 0 for startAsFollower
2024-02-06 10:04:56,952 [79c56b25-6309-4552-ab3a-12e132dee763-groupManagement] INFO  impl.RoleInfo (RoleInfo.java:updateAndGet(139)) - 79c56b25-6309-4552-ab3a-12e132dee763: start 79c56b25-6309-4552-ab3a-12e132dee763@group-38BCDD253F99-FollowerState
2024-02-06 10:04:56,952 [79c56b25-6309-4552-ab3a-12e132dee763@group-38BCDD253F99-FollowerState] INFO  server.RaftServerConfigKeys (ConfUtils.java:logFallback(53)) - raft.server.rpc.first-election.timeout.min = 5s (fallback to raft.server.rpc.timeout.min)
2024-02-06 10:04:56,952 [79c56b25-6309-4552-ab3a-12e132dee763-groupManagement] INFO  util.JmxRegister (JmxRegister.java:tryRegister(44)) - Successfully registered JMX Bean with object name Ratis:service=RaftServer,group=group-38BCDD253F99,id=79c56b25-6309-4552-ab3a-12e132dee763
2024-02-06 10:04:56,952 [79c56b25-6309-4552-ab3a-12e132dee763@group-38BCDD253F99-FollowerState] INFO  server.RaftServerConfigKeys (ConfUtils.java:logFallback(53)) - raft.server.rpc.first-election.timeout.max = 5200ms (fallback to raft.server.rpc.timeout.max)
2024-02-06 10:04:56,952 [79c56b25-6309-4552-ab3a-12e132dee763-groupManagement] INFO  server.RaftServerConfigKeys (ConfUtils.java:logGet(46)) - raft.server.snapshot.trigger-when-stop.enabled = true (default)
2024-02-06 10:04:56,952 [79c56b25-6309-4552-ab3a-12e132dee763-groupManagement] INFO  server.RaftServerConfigKeys (ConfUtils.java:logGet(46)) - raft.server.snapshot.auto.trigger.enabled = true (custom)
2024-02-06 10:04:56,952 [79c56b25-6309-4552-ab3a-12e132dee763-groupManagement] INFO  server.RaftServerConfigKeys (ConfUtils.java:logGet(46)) - raft.server.snapshot.auto.trigger.threshold = 10000 (custom)
2024-02-06 10:04:56,952 [79c56b25-6309-4552-ab3a-12e132dee763-groupManagement] INFO  server.RaftServerConfigKeys (ConfUtils.java:logGet(46)) - raft.server.snapshot.retention.file.num = 5 (custom)
2024-02-06 10:04:56,952 [79c56b25-6309-4552-ab3a-12e132dee763-groupManagement] INFO  server.RaftServerConfigKeys (ConfUtils.java:logGet(46)) - raft.server.log.purge.upto.snapshot.index = false (default)
2024-02-06 10:04:56,955 [26d06f5e-593d-478d-80a2-0fa092cabf84-PipelineCommandHandlerThread-0] INFO  commandhandler.CreatePipelineCommandHandler (CreatePipelineCommandHandler.java:lambda$handle$2(124)) - Created Pipeline RATIS THREE PipelineID=b4aee8a7-e9fd-4d25-b8f5-38bcdd253f99.
2024-02-06 10:04:56,969 [79c56b25-6309-4552-ab3a-12e132dee763-PipelineCommandHandlerThread-0] INFO  server.RaftServer (RaftServerProxy.java:addNew(100)) - 79c56b25-6309-4552-ab3a-12e132dee763: addNew group-820285DD5522:[79c56b25-6309-4552-ab3a-12e132dee763|10.1.0.5:15468] returns group-820285DD5522:java.util.concurrent.CompletableFuture@3101d9b[Not completed]
2024-02-06 10:04:56,970 [79c56b25-6309-4552-ab3a-12e132dee763-groupManagement] INFO  server.RaftServer$Division (RaftServerImpl.java:<init>(256)) - 79c56b25-6309-4552-ab3a-12e132dee763: new RaftServerImpl for group-820285DD5522:[79c56b25-6309-4552-ab3a-12e132dee763|10.1.0.5:15468] with ContainerStateMachine:uninitialized
2024-02-06 10:04:56,970 [79c56b25-6309-4552-ab3a-12e132dee763-groupManagement] INFO  server.RaftServerConfigKeys (ConfUtils.java:logGet(46)) - raft.server.rpc.timeout.min = 5s (custom)
2024-02-06 10:04:56,970 [79c56b25-6309-4552-ab3a-12e132dee763-groupManagement] INFO  server.RaftServerConfigKeys (ConfUtils.java:logGet(46)) - raft.server.rpc.timeout.max = 5200ms (custom)
2024-02-06 10:04:56,970 [79c56b25-6309-4552-ab3a-12e132dee763-groupManagement] INFO  server.RaftServerConfigKeys (ConfUtils.java:logGet(46)) - raft.server.rpc.sleep.time = 25ms (default)
2024-02-06 10:04:56,970 [79c56b25-6309-4552-ab3a-12e132dee763-groupManagement] INFO  server.RaftServerConfigKeys (ConfUtils.java:logGet(46)) - raft.server.rpc.slowness.timeout = 300000ms (custom)
2024-02-06 10:04:56,970 [79c56b25-6309-4552-ab3a-12e132dee763-groupManagement] INFO  server.RaftServerConfigKeys (ConfUtils.java:logGet(46)) - raft.server.leaderelection.leader.step-down.wait-time = 10s (default)
2024-02-06 10:04:56,970 [79c56b25-6309-4552-ab3a-12e132dee763-groupManagement] INFO  server.RaftServerConfigKeys (ConfUtils.java:logGet(46)) - raft.server.leaderelection.member.majority-add = false (default)
2024-02-06 10:04:56,970 [79c56b25-6309-4552-ab3a-12e132dee763-groupManagement] INFO  server.RaftServerConfigKeys (ConfUtils.java:logGet(46)) - raft.server.sleep.deviation.threshold = 300ms (default)
2024-02-06 10:04:56,970 [79c56b25-6309-4552-ab3a-12e132dee763-groupManagement] INFO  server.RaftServer$Division (ServerState.java:<init>(113)) - 79c56b25-6309-4552-ab3a-12e132dee763@group-820285DD5522: ConfigurationManager, init=-1: peers:[79c56b25-6309-4552-ab3a-12e132dee763|10.1.0.5:15468]|listeners:[], old=null, confs=<EMPTY_MAP>
2024-02-06 10:04:56,970 [79c56b25-6309-4552-ab3a-12e132dee763-groupManagement] INFO  server.RaftServerConfigKeys (ConfUtils.java:logGet(46)) - raft.server.notification.no-leader.timeout = 300000ms (custom)
2024-02-06 10:04:56,970 [79c56b25-6309-4552-ab3a-12e132dee763-groupManagement] INFO  server.RaftServerConfigKeys (ConfUtils.java:logGet(46)) - raft.server.read.timeout = 10s (default)
2024-02-06 10:04:56,971 [79c56b25-6309-4552-ab3a-12e132dee763-groupManagement] INFO  server.RaftServerConfigKeys (ConfUtils.java:logGet(46)) - raft.server.retrycache.expirytime = 600000ms (custom)
2024-02-06 10:04:56,971 [79c56b25-6309-4552-ab3a-12e132dee763-groupManagement] INFO  server.RaftServerConfigKeys (ConfUtils.java:logGet(46)) - raft.server.retrycache.statistics.expirytime = 100ms (default)
2024-02-06 10:04:56,971 [79c56b25-6309-4552-ab3a-12e132dee763-groupManagement] INFO  server.RaftServerConfigKeys (ConfUtils.java:logGet(46)) - raft.server.read.option = DEFAULT (default)
2024-02-06 10:04:56,971 [79c56b25-6309-4552-ab3a-12e132dee763-groupManagement] INFO  server.RaftServerConfigKeys (ConfUtils.java:logGet(46)) - raft.server.read.read-after-write-consistent.write-index-cache.expiry-time = 60s (default)
2024-02-06 10:04:56,972 [79c56b25-6309-4552-ab3a-12e132dee763-groupManagement] INFO  server.RaftServerConfigKeys (ConfUtils.java:logGet(46)) - raft.server.rpc.request.timeout = 3000ms (default)
2024-02-06 10:04:56,972 [79c56b25-6309-4552-ab3a-12e132dee763-groupManagement] INFO  server.RaftServerConfigKeys (ConfUtils.java:logGet(46)) - raft.server.log.appender.install.snapshot.enabled = false (custom)
2024-02-06 10:04:56,972 [79c56b25-6309-4552-ab3a-12e132dee763-groupManagement] INFO  server.RaftServerConfigKeys (ConfUtils.java:logGet(46)) - raft.server.threadpool.server.cached = true (default)
2024-02-06 10:04:56,972 [79c56b25-6309-4552-ab3a-12e132dee763-groupManagement] INFO  server.RaftServerConfigKeys (ConfUtils.java:logGet(46)) - raft.server.threadpool.server.size = 0 (default)
2024-02-06 10:04:56,972 [79c56b25-6309-4552-ab3a-12e132dee763-groupManagement] INFO  server.RaftServerConfigKeys (ConfUtils.java:logGet(46)) - raft.server.threadpool.client.cached = true (default)
2024-02-06 10:04:56,972 [79c56b25-6309-4552-ab3a-12e132dee763-groupManagement] INFO  server.RaftServerConfigKeys (ConfUtils.java:logGet(46)) - raft.server.threadpool.client.size = 0 (default)
2024-02-06 10:04:56,972 [79c56b25-6309-4552-ab3a-12e132dee763-groupManagement] INFO  server.RaftServerConfigKeys (ConfUtils.java:logGet(46)) - raft.server.storage.free-space.min = 0MB (=0) (default)
2024-02-06 10:04:56,972 [79c56b25-6309-4552-ab3a-12e132dee763-groupManagement] INFO  server.RaftServerConfigKeys (ConfUtils.java:logGet(46)) - raft.server.log.corruption.policy = EXCEPTION (default)
2024-02-06 10:04:56,972 [79c56b25-6309-4552-ab3a-12e132dee763-groupManagement] INFO  server.RaftServerConfigKeys (ConfUtils.java:logGet(46)) - raft.server.storage.dir = [/home/runner/work/ozone/ozone/hadoop-ozone/integration-test/target/test-dir/MiniOzoneClusterImpl-5d1c2165-a83d-4eb5-a2bf-ae35b2f22424/datanode-1/data/ratis] (custom)
2024-02-06 10:04:56,973 [79c56b25-6309-4552-ab3a-12e132dee763-groupManagement] INFO  storage.RaftStorageDirectory (RaftStorageDirectoryImpl.java:analyzeStorage(138)) - The storage directory /home/runner/work/ozone/ozone/hadoop-ozone/integration-test/target/test-dir/MiniOzoneClusterImpl-5d1c2165-a83d-4eb5-a2bf-ae35b2f22424/datanode-1/data/ratis/b4f3ea2a-291e-4eca-9b89-820285dd5522 does not exist. Creating ...
2024-02-06 10:04:56,973 [79c56b25-6309-4552-ab3a-12e132dee763-groupManagement] INFO  storage.RaftStorageDirectory (RaftStorageDirectoryImpl.java:tryLock(228)) - Lock on /home/runner/work/ozone/ozone/hadoop-ozone/integration-test/target/test-dir/MiniOzoneClusterImpl-5d1c2165-a83d-4eb5-a2bf-ae35b2f22424/datanode-1/data/ratis/b4f3ea2a-291e-4eca-9b89-820285dd5522/in_use.lock acquired by nodename 37157@fv-az776-296
2024-02-06 10:04:56,974 [79c56b25-6309-4552-ab3a-12e132dee763-groupManagement] INFO  storage.RaftStorage (RaftStorageImpl.java:format(99)) - Storage directory /home/runner/work/ozone/ozone/hadoop-ozone/integration-test/target/test-dir/MiniOzoneClusterImpl-5d1c2165-a83d-4eb5-a2bf-ae35b2f22424/datanode-1/data/ratis/b4f3ea2a-291e-4eca-9b89-820285dd5522 has been successfully formatted.
2024-02-06 10:04:56,974 [79c56b25-6309-4552-ab3a-12e132dee763-groupManagement] WARN  util.FileUtils (LogUtils.java:supplyAndLog(63)) - Failed to Files.newInputStream /home/runner/work/ozone/ozone/hadoop-ozone/integration-test/target/test-dir/MiniOzoneClusterImpl-5d1c2165-a83d-4eb5-a2bf-ae35b2f22424/datanode-1/data/ratis/b4f3ea2a-291e-4eca-9b89-820285dd5522/current/raft-meta.conf with options []: java.nio.file.NoSuchFileException: /home/runner/work/ozone/ozone/hadoop-ozone/integration-test/target/test-dir/MiniOzoneClusterImpl-5d1c2165-a83d-4eb5-a2bf-ae35b2f22424/datanode-1/data/ratis/b4f3ea2a-291e-4eca-9b89-820285dd5522/current/raft-meta.conf
2024-02-06 10:04:56,974 [79c56b25-6309-4552-ab3a-12e132dee763-groupManagement] INFO  ratis.ContainerStateMachine (ContainerStateMachine.java:loadSnapshot(287)) - group-820285DD5522: The snapshot info is null. Setting the last applied index to:(t:0, i:~)
2024-02-06 10:04:56,975 [79c56b25-6309-4552-ab3a-12e132dee763-groupManagement] INFO  server.RaftServerConfigKeys (ConfUtils.java:logGet(46)) - raft.server.log.use.memory = false (default)
2024-02-06 10:04:56,975 [79c56b25-6309-4552-ab3a-12e132dee763-groupManagement] INFO  server.RaftServerConfigKeys (ConfUtils.java:logGet(46)) - raft.server.log.purge.gap = 1000000 (custom)
2024-02-06 10:04:56,975 [79c56b25-6309-4552-ab3a-12e132dee763-groupManagement] INFO  server.RaftServerConfigKeys (ConfUtils.java:logGet(46)) - raft.server.log.appender.buffer.byte-limit = 8388608 (custom)
2024-02-06 10:04:56,975 [79c56b25-6309-4552-ab3a-12e132dee763-groupManagement] INFO  server.RaftServerConfigKeys (ConfUtils.java:logGet(46)) - raft.server.log.statemachine.data.read.timeout = 1000ms (default)
2024-02-06 10:04:56,975 [79c56b25-6309-4552-ab3a-12e132dee763-groupManagement] INFO  server.RaftServerConfigKeys (ConfUtils.java:logGet(46)) - raft.server.log.purge.preservation.log.num = 0 (default)
2024-02-06 10:04:56,975 [EventQueue-PipelineReportForPipelineReportHandler] INFO  pipeline.PipelineReportHandler (PipelineReportHandler.java:processPipelineReport(136)) - Opened pipeline PipelineID=b4f3ea2a-291e-4eca-9b89-820285dd5522
2024-02-06 10:04:56,976 [EventQueue-OpenPipelineForHealthyPipelineSafeModeRule] INFO  safemode.SCMSafeModeManager (HealthyPipelineSafeModeRule.java:process(140)) - SCM in safe mode. Healthy pipelines reported count is 0, required healthy pipeline reported count is 1
2024-02-06 10:04:56,976 [79c56b25-6309-4552-ab3a-12e132dee763-groupManagement] INFO  server.RaftServerConfigKeys (ConfUtils.java:logGet(46)) - raft.server.log.segment.size.max = 67108864 (custom)
2024-02-06 10:04:56,976 [79c56b25-6309-4552-ab3a-12e132dee763-groupManagement] INFO  server.RaftServerConfigKeys (ConfUtils.java:logGet(46)) - raft.server.log.segment.cache.num.max = 2 (custom)
2024-02-06 10:04:56,976 [79c56b25-6309-4552-ab3a-12e132dee763-groupManagement] INFO  server.RaftServerConfigKeys (ConfUtils.java:logGet(46)) - raft.server.log.segment.cache.size.max = 200MB (=209715200) (default)
2024-02-06 10:04:56,976 [79c56b25-6309-4552-ab3a-12e132dee763-groupManagement] INFO  server.RaftServerConfigKeys (ConfUtils.java:logGet(46)) - raft.server.log.appender.buffer.byte-limit = 8388608 (custom)
2024-02-06 10:04:56,976 [79c56b25-6309-4552-ab3a-12e132dee763-groupManagement] INFO  util.AwaitToRun (AwaitToRun.java:start(81)) - Thread[79c56b25-6309-4552-ab3a-12e132dee763@group-820285DD5522-cacheEviction-AwaitToRun,5,main] started
2024-02-06 10:04:56,976 [79c56b25-6309-4552-ab3a-12e132dee763-groupManagement] INFO  segmented.SegmentedRaftLogWorker (SegmentedRaftLogWorker.java:<init>(182)) - new 79c56b25-6309-4552-ab3a-12e132dee763@group-820285DD5522-SegmentedRaftLogWorker for RaftStorageImpl:Storage Directory /home/runner/work/ozone/ozone/hadoop-ozone/integration-test/target/test-dir/MiniOzoneClusterImpl-5d1c2165-a83d-4eb5-a2bf-ae35b2f22424/datanode-1/data/ratis/b4f3ea2a-291e-4eca-9b89-820285dd5522
2024-02-06 10:04:56,976 [79c56b25-6309-4552-ab3a-12e132dee763-groupManagement] INFO  server.RaftServerConfigKeys (ConfUtils.java:logGet(46)) - raft.server.log.queue.byte-limit = 4294967296 (custom)
2024-02-06 10:04:56,976 [79c56b25-6309-4552-ab3a-12e132dee763-groupManagement] INFO  server.RaftServerConfigKeys (ConfUtils.java:logGet(46)) - raft.server.log.queue.element-limit = 1024 (custom)
2024-02-06 10:04:56,976 [79c56b25-6309-4552-ab3a-12e132dee763-groupManagement] INFO  server.RaftServerConfigKeys (ConfUtils.java:logGet(46)) - raft.server.log.segment.size.max = 67108864 (custom)
2024-02-06 10:04:56,976 [79c56b25-6309-4552-ab3a-12e132dee763-groupManagement] INFO  server.RaftServerConfigKeys (ConfUtils.java:logGet(46)) - raft.server.log.preallocated.size = 4194304 (custom)
2024-02-06 10:04:56,976 [79c56b25-6309-4552-ab3a-12e132dee763-groupManagement] INFO  server.RaftServerConfigKeys (ConfUtils.java:logGet(46)) - raft.server.log.force.sync.num = 128 (default)
2024-02-06 10:04:56,976 [79c56b25-6309-4552-ab3a-12e132dee763-groupManagement] INFO  server.RaftServerConfigKeys (ConfUtils.java:logGet(46)) - raft.server.log.statemachine.data.sync = true (default)
2024-02-06 10:04:56,976 [79c56b25-6309-4552-ab3a-12e132dee763-groupManagement] INFO  server.RaftServerConfigKeys (ConfUtils.java:logGet(46)) - raft.server.log.statemachine.data.sync.timeout = 10s (default)
2024-02-06 10:04:56,977 [79c56b25-6309-4552-ab3a-12e132dee763-groupManagement] INFO  server.RaftServerConfigKeys (ConfUtils.java:logGet(46)) - raft.server.log.statemachine.data.sync.timeout.retry = 0 (custom)
2024-02-06 10:04:56,977 [79c56b25-6309-4552-ab3a-12e132dee763-groupManagement] INFO  server.RaftServerConfigKeys (ConfUtils.java:logGet(46)) - raft.server.log.write.buffer.size = 8388616 (custom)
2024-02-06 10:04:56,978 [79c56b25-6309-4552-ab3a-12e132dee763-groupManagement] INFO  server.RaftServerConfigKeys (ConfUtils.java:logGet(46)) - raft.server.log.appender.buffer.byte-limit = 8388608 (custom)
2024-02-06 10:04:56,978 [79c56b25-6309-4552-ab3a-12e132dee763-groupManagement] INFO  server.RaftServerConfigKeys (ConfUtils.java:logGet(46)) - raft.server.log.unsafe-flush.enabled = false (default)
2024-02-06 10:04:56,978 [79c56b25-6309-4552-ab3a-12e132dee763-groupManagement] INFO  server.RaftServerConfigKeys (ConfUtils.java:logGet(46)) - raft.server.log.async-flush.enabled = false (default)
2024-02-06 10:04:56,978 [79c56b25-6309-4552-ab3a-12e132dee763-groupManagement] INFO  server.RaftServerConfigKeys (ConfUtils.java:logGet(46)) - raft.server.log.statemachine.data.caching.enabled = true (custom)
2024-02-06 10:04:56,978 [79c56b25-6309-4552-ab3a-12e132dee763-groupManagement] INFO  segmented.SegmentedRaftLogWorker (SegmentedRaftLogWorker.java:lambda$new$0(134)) - 79c56b25-6309-4552-ab3a-12e132dee763@group-820285DD5522-SegmentedRaftLogWorker: flushIndex: setUnconditionally 0 -> -1
2024-02-06 10:04:56,978 [79c56b25-6309-4552-ab3a-12e132dee763-groupManagement] INFO  segmented.SegmentedRaftLogWorker (SegmentedRaftLogWorker.java:lambda$new$0(134)) - 79c56b25-6309-4552-ab3a-12e132dee763@group-820285DD5522-SegmentedRaftLogWorker: safeCacheEvictIndex: setUnconditionally 0 -> -1
2024-02-06 10:04:56,978 [79c56b25-6309-4552-ab3a-12e132dee763-groupManagement] INFO  server.RaftServer$Division (RaftServerImpl.java:start(396)) - 79c56b25-6309-4552-ab3a-12e132dee763@group-820285DD5522: start as a follower, conf=-1: peers:[79c56b25-6309-4552-ab3a-12e132dee763|10.1.0.5:15468]|listeners:[], old=null
2024-02-06 10:04:56,978 [79c56b25-6309-4552-ab3a-12e132dee763-groupManagement] INFO  server.RaftServer$Division (RaftServerImpl.java:setRole(383)) - 79c56b25-6309-4552-ab3a-12e132dee763@group-820285DD5522: changes role from      null to FOLLOWER at term 0 for startAsFollower
2024-02-06 10:04:56,978 [79c56b25-6309-4552-ab3a-12e132dee763-groupManagement] INFO  impl.RoleInfo (RoleInfo.java:updateAndGet(139)) - 79c56b25-6309-4552-ab3a-12e132dee763: start 79c56b25-6309-4552-ab3a-12e132dee763@group-820285DD5522-FollowerState
2024-02-06 10:04:56,978 [79c56b25-6309-4552-ab3a-12e132dee763-groupManagement] INFO  util.JmxRegister (JmxRegister.java:tryRegister(44)) - Successfully registered JMX Bean with object name Ratis:service=RaftServer,group=group-820285DD5522,id=79c56b25-6309-4552-ab3a-12e132dee763
2024-02-06 10:04:56,978 [79c56b25-6309-4552-ab3a-12e132dee763@group-820285DD5522-FollowerState] INFO  server.RaftServerConfigKeys (ConfUtils.java:logFallback(53)) - raft.server.rpc.first-election.timeout.min = 5s (fallback to raft.server.rpc.timeout.min)
2024-02-06 10:04:56,979 [79c56b25-6309-4552-ab3a-12e132dee763-groupManagement] INFO  server.RaftServerConfigKeys (ConfUtils.java:logGet(46)) - raft.server.snapshot.trigger-when-stop.enabled = true (default)
2024-02-06 10:04:56,979 [79c56b25-6309-4552-ab3a-12e132dee763@group-820285DD5522-FollowerState] INFO  server.RaftServerConfigKeys (ConfUtils.java:logFallback(53)) - raft.server.rpc.first-election.timeout.max = 5200ms (fallback to raft.server.rpc.timeout.max)
2024-02-06 10:04:56,979 [79c56b25-6309-4552-ab3a-12e132dee763-groupManagement] INFO  server.RaftServerConfigKeys (ConfUtils.java:logGet(46)) - raft.server.snapshot.auto.trigger.enabled = true (custom)
2024-02-06 10:04:56,979 [79c56b25-6309-4552-ab3a-12e132dee763-groupManagement] INFO  server.RaftServerConfigKeys (ConfUtils.java:logGet(46)) - raft.server.snapshot.auto.trigger.threshold = 10000 (custom)
2024-02-06 10:04:56,979 [79c56b25-6309-4552-ab3a-12e132dee763-groupManagement] INFO  server.RaftServerConfigKeys (ConfUtils.java:logGet(46)) - raft.server.snapshot.retention.file.num = 5 (custom)
2024-02-06 10:04:56,979 [79c56b25-6309-4552-ab3a-12e132dee763-groupManagement] INFO  server.RaftServerConfigKeys (ConfUtils.java:logGet(46)) - raft.server.log.purge.upto.snapshot.index = false (default)
2024-02-06 10:04:56,979 [79c56b25-6309-4552-ab3a-12e132dee763-PipelineCommandHandlerThread-0] INFO  ratis.XceiverServerRatis (XceiverServerRatis.java:addGroup(864)) - Created group PipelineID=b4f3ea2a-291e-4eca-9b89-820285dd5522
2024-02-06 10:04:56,979 [79c56b25-6309-4552-ab3a-12e132dee763-PipelineCommandHandlerThread-0] INFO  commandhandler.CreatePipelineCommandHandler (CreatePipelineCommandHandler.java:lambda$handle$2(124)) - Created Pipeline RATIS ONE PipelineID=b4f3ea2a-291e-4eca-9b89-820285dd5522.
2024-02-06 10:04:57,056 [20dab95a-c478-4766-b72c-beb84f06bee2-PipelineCommandHandlerThread-0] INFO  server.RaftServer (RaftServerProxy.java:addNew(100)) - 20dab95a-c478-4766-b72c-beb84f06bee2: addNew group-B6B8FC41F9A2:[20dab95a-c478-4766-b72c-beb84f06bee2|10.1.0.5:15477] returns group-B6B8FC41F9A2:java.util.concurrent.CompletableFuture@bf66b4f[Not completed]
2024-02-06 10:04:57,057 [20dab95a-c478-4766-b72c-beb84f06bee2-groupManagement] INFO  server.RaftServer$Division (RaftServerImpl.java:<init>(256)) - 20dab95a-c478-4766-b72c-beb84f06bee2: new RaftServerImpl for group-B6B8FC41F9A2:[20dab95a-c478-4766-b72c-beb84f06bee2|10.1.0.5:15477] with ContainerStateMachine:uninitialized
2024-02-06 10:04:57,057 [20dab95a-c478-4766-b72c-beb84f06bee2-groupManagement] INFO  server.RaftServerConfigKeys (ConfUtils.java:logGet(46)) - raft.server.rpc.timeout.min = 5s (custom)
2024-02-06 10:04:57,057 [20dab95a-c478-4766-b72c-beb84f06bee2-groupManagement] INFO  server.RaftServerConfigKeys (ConfUtils.java:logGet(46)) - raft.server.rpc.timeout.max = 5200ms (custom)
2024-02-06 10:04:57,057 [20dab95a-c478-4766-b72c-beb84f06bee2-groupManagement] INFO  server.RaftServerConfigKeys (ConfUtils.java:logGet(46)) - raft.server.rpc.sleep.time = 25ms (default)
2024-02-06 10:04:57,057 [20dab95a-c478-4766-b72c-beb84f06bee2-groupManagement] INFO  server.RaftServerConfigKeys (ConfUtils.java:logGet(46)) - raft.server.rpc.slowness.timeout = 300000ms (custom)
2024-02-06 10:04:57,057 [20dab95a-c478-4766-b72c-beb84f06bee2-groupManagement] INFO  server.RaftServerConfigKeys (ConfUtils.java:logGet(46)) - raft.server.leaderelection.leader.step-down.wait-time = 10s (default)
2024-02-06 10:04:57,057 [20dab95a-c478-4766-b72c-beb84f06bee2-groupManagement] INFO  server.RaftServerConfigKeys (ConfUtils.java:logGet(46)) - raft.server.leaderelection.member.majority-add = false (default)
2024-02-06 10:04:57,057 [20dab95a-c478-4766-b72c-beb84f06bee2-groupManagement] INFO  server.RaftServerConfigKeys (ConfUtils.java:logGet(46)) - raft.server.sleep.deviation.threshold = 300ms (default)
2024-02-06 10:04:57,057 [20dab95a-c478-4766-b72c-beb84f06bee2-groupManagement] INFO  server.RaftServer$Division (ServerState.java:<init>(113)) - 20dab95a-c478-4766-b72c-beb84f06bee2@group-B6B8FC41F9A2: ConfigurationManager, init=-1: peers:[20dab95a-c478-4766-b72c-beb84f06bee2|10.1.0.5:15477]|listeners:[], old=null, confs=<EMPTY_MAP>
2024-02-06 10:04:57,057 [20dab95a-c478-4766-b72c-beb84f06bee2-groupManagement] INFO  server.RaftServerConfigKeys (ConfUtils.java:logGet(46)) - raft.server.notification.no-leader.timeout = 300000ms (custom)
2024-02-06 10:04:57,057 [20dab95a-c478-4766-b72c-beb84f06bee2-groupManagement] INFO  server.RaftServerConfigKeys (ConfUtils.java:logGet(46)) - raft.server.read.timeout = 10s (default)
2024-02-06 10:04:57,057 [20dab95a-c478-4766-b72c-beb84f06bee2-groupManagement] INFO  server.RaftServerConfigKeys (ConfUtils.java:logGet(46)) - raft.server.retrycache.expirytime = 600000ms (custom)
2024-02-06 10:04:57,057 [20dab95a-c478-4766-b72c-beb84f06bee2-groupManagement] INFO  server.RaftServerConfigKeys (ConfUtils.java:logGet(46)) - raft.server.retrycache.statistics.expirytime = 100ms (default)
2024-02-06 10:04:57,057 [20dab95a-c478-4766-b72c-beb84f06bee2-groupManagement] INFO  server.RaftServerConfigKeys (ConfUtils.java:logGet(46)) - raft.server.read.option = DEFAULT (default)
2024-02-06 10:04:57,057 [20dab95a-c478-4766-b72c-beb84f06bee2-groupManagement] INFO  server.RaftServerConfigKeys (ConfUtils.java:logGet(46)) - raft.server.read.read-after-write-consistent.write-index-cache.expiry-time = 60s (default)
2024-02-06 10:04:57,059 [20dab95a-c478-4766-b72c-beb84f06bee2-groupManagement] INFO  server.RaftServerConfigKeys (ConfUtils.java:logGet(46)) - raft.server.rpc.request.timeout = 3000ms (default)
2024-02-06 10:04:57,059 [20dab95a-c478-4766-b72c-beb84f06bee2-groupManagement] INFO  server.RaftServerConfigKeys (ConfUtils.java:logGet(46)) - raft.server.log.appender.install.snapshot.enabled = false (custom)
2024-02-06 10:04:57,059 [20dab95a-c478-4766-b72c-beb84f06bee2-groupManagement] INFO  server.RaftServerConfigKeys (ConfUtils.java:logGet(46)) - raft.server.threadpool.server.cached = true (default)
2024-02-06 10:04:57,059 [20dab95a-c478-4766-b72c-beb84f06bee2-groupManagement] INFO  server.RaftServerConfigKeys (ConfUtils.java:logGet(46)) - raft.server.threadpool.server.size = 0 (default)
2024-02-06 10:04:57,059 [20dab95a-c478-4766-b72c-beb84f06bee2-groupManagement] INFO  server.RaftServerConfigKeys (ConfUtils.java:logGet(46)) - raft.server.threadpool.client.cached = true (default)
2024-02-06 10:04:57,059 [20dab95a-c478-4766-b72c-beb84f06bee2-groupManagement] INFO  server.RaftServerConfigKeys (ConfUtils.java:logGet(46)) - raft.server.threadpool.client.size = 0 (default)
2024-02-06 10:04:57,059 [20dab95a-c478-4766-b72c-beb84f06bee2-groupManagement] INFO  server.RaftServerConfigKeys (ConfUtils.java:logGet(46)) - raft.server.storage.free-space.min = 0MB (=0) (default)
2024-02-06 10:04:57,059 [20dab95a-c478-4766-b72c-beb84f06bee2-groupManagement] INFO  server.RaftServerConfigKeys (ConfUtils.java:logGet(46)) - raft.server.log.corruption.policy = EXCEPTION (default)
2024-02-06 10:04:57,059 [20dab95a-c478-4766-b72c-beb84f06bee2-groupManagement] INFO  server.RaftServerConfigKeys (ConfUtils.java:logGet(46)) - raft.server.storage.dir = [/home/runner/work/ozone/ozone/hadoop-ozone/integration-test/target/test-dir/MiniOzoneClusterImpl-5d1c2165-a83d-4eb5-a2bf-ae35b2f22424/datanode-2/data/ratis] (custom)
2024-02-06 10:04:57,060 [20dab95a-c478-4766-b72c-beb84f06bee2-groupManagement] INFO  storage.RaftStorageDirectory (RaftStorageDirectoryImpl.java:analyzeStorage(138)) - The storage directory /home/runner/work/ozone/ozone/hadoop-ozone/integration-test/target/test-dir/MiniOzoneClusterImpl-5d1c2165-a83d-4eb5-a2bf-ae35b2f22424/datanode-2/data/ratis/82910f87-6300-4632-b10d-b6b8fc41f9a2 does not exist. Creating ...
2024-02-06 10:04:57,062 [20dab95a-c478-4766-b72c-beb84f06bee2-groupManagement] INFO  storage.RaftStorageDirectory (RaftStorageDirectoryImpl.java:tryLock(228)) - Lock on /home/runner/work/ozone/ozone/hadoop-ozone/integration-test/target/test-dir/MiniOzoneClusterImpl-5d1c2165-a83d-4eb5-a2bf-ae35b2f22424/datanode-2/data/ratis/82910f87-6300-4632-b10d-b6b8fc41f9a2/in_use.lock acquired by nodename 37157@fv-az776-296
2024-02-06 10:04:57,063 [20dab95a-c478-4766-b72c-beb84f06bee2-groupManagement] INFO  storage.RaftStorage (RaftStorageImpl.java:format(99)) - Storage directory /home/runner/work/ozone/ozone/hadoop-ozone/integration-test/target/test-dir/MiniOzoneClusterImpl-5d1c2165-a83d-4eb5-a2bf-ae35b2f22424/datanode-2/data/ratis/82910f87-6300-4632-b10d-b6b8fc41f9a2 has been successfully formatted.
2024-02-06 10:04:57,063 [20dab95a-c478-4766-b72c-beb84f06bee2-groupManagement] WARN  util.FileUtils (LogUtils.java:supplyAndLog(63)) - Failed to Files.newInputStream /home/runner/work/ozone/ozone/hadoop-ozone/integration-test/target/test-dir/MiniOzoneClusterImpl-5d1c2165-a83d-4eb5-a2bf-ae35b2f22424/datanode-2/data/ratis/82910f87-6300-4632-b10d-b6b8fc41f9a2/current/raft-meta.conf with options []: java.nio.file.NoSuchFileException: /home/runner/work/ozone/ozone/hadoop-ozone/integration-test/target/test-dir/MiniOzoneClusterImpl-5d1c2165-a83d-4eb5-a2bf-ae35b2f22424/datanode-2/data/ratis/82910f87-6300-4632-b10d-b6b8fc41f9a2/current/raft-meta.conf
2024-02-06 10:04:57,063 [20dab95a-c478-4766-b72c-beb84f06bee2-groupManagement] INFO  ratis.ContainerStateMachine (ContainerStateMachine.java:loadSnapshot(287)) - group-B6B8FC41F9A2: The snapshot info is null. Setting the last applied index to:(t:0, i:~)
2024-02-06 10:04:57,063 [20dab95a-c478-4766-b72c-beb84f06bee2-groupManagement] INFO  server.RaftServerConfigKeys (ConfUtils.java:logGet(46)) - raft.server.log.use.memory = false (default)
2024-02-06 10:04:57,063 [20dab95a-c478-4766-b72c-beb84f06bee2-groupManagement] INFO  server.RaftServerConfigKeys (ConfUtils.java:logGet(46)) - raft.server.log.purge.gap = 1000000 (custom)
2024-02-06 10:04:57,063 [20dab95a-c478-4766-b72c-beb84f06bee2-groupManagement] INFO  server.RaftServerConfigKeys (ConfUtils.java:logGet(46)) - raft.server.log.appender.buffer.byte-limit = 8388608 (custom)
2024-02-06 10:04:57,063 [20dab95a-c478-4766-b72c-beb84f06bee2-groupManagement] INFO  server.RaftServerConfigKeys (ConfUtils.java:logGet(46)) - raft.server.log.statemachine.data.read.timeout = 1000ms (default)
2024-02-06 10:04:57,063 [20dab95a-c478-4766-b72c-beb84f06bee2-groupManagement] INFO  server.RaftServerConfigKeys (ConfUtils.java:logGet(46)) - raft.server.log.purge.preservation.log.num = 0 (default)
2024-02-06 10:04:57,064 [EventQueue-PipelineReportForPipelineReportHandler] INFO  pipeline.PipelineReportHandler (PipelineReportHandler.java:processPipelineReport(136)) - Opened pipeline PipelineID=82910f87-6300-4632-b10d-b6b8fc41f9a2
2024-02-06 10:04:57,064 [EventQueue-OpenPipelineForHealthyPipelineSafeModeRule] INFO  safemode.SCMSafeModeManager (HealthyPipelineSafeModeRule.java:process(140)) - SCM in safe mode. Healthy pipelines reported count is 0, required healthy pipeline reported count is 1
2024-02-06 10:04:57,065 [20dab95a-c478-4766-b72c-beb84f06bee2-groupManagement] INFO  server.RaftServerConfigKeys (ConfUtils.java:logGet(46)) - raft.server.log.segment.size.max = 67108864 (custom)
2024-02-06 10:04:57,065 [20dab95a-c478-4766-b72c-beb84f06bee2-groupManagement] INFO  server.RaftServerConfigKeys (ConfUtils.java:logGet(46)) - raft.server.log.segment.cache.num.max = 2 (custom)
2024-02-06 10:04:57,065 [20dab95a-c478-4766-b72c-beb84f06bee2-groupManagement] INFO  server.RaftServerConfigKeys (ConfUtils.java:logGet(46)) - raft.server.log.segment.cache.size.max = 200MB (=209715200) (default)
2024-02-06 10:04:57,065 [20dab95a-c478-4766-b72c-beb84f06bee2-groupManagement] INFO  server.RaftServerConfigKeys (ConfUtils.java:logGet(46)) - raft.server.log.appender.buffer.byte-limit = 8388608 (custom)
2024-02-06 10:04:57,065 [20dab95a-c478-4766-b72c-beb84f06bee2-groupManagement] INFO  util.AwaitToRun (AwaitToRun.java:start(81)) - Thread[20dab95a-c478-4766-b72c-beb84f06bee2@group-B6B8FC41F9A2-cacheEviction-AwaitToRun,5,main] started
2024-02-06 10:04:57,065 [20dab95a-c478-4766-b72c-beb84f06bee2-groupManagement] INFO  segmented.SegmentedRaftLogWorker (SegmentedRaftLogWorker.java:<init>(182)) - new 20dab95a-c478-4766-b72c-beb84f06bee2@group-B6B8FC41F9A2-SegmentedRaftLogWorker for RaftStorageImpl:Storage Directory /home/runner/work/ozone/ozone/hadoop-ozone/integration-test/target/test-dir/MiniOzoneClusterImpl-5d1c2165-a83d-4eb5-a2bf-ae35b2f22424/datanode-2/data/ratis/82910f87-6300-4632-b10d-b6b8fc41f9a2
2024-02-06 10:04:57,065 [20dab95a-c478-4766-b72c-beb84f06bee2-groupManagement] INFO  server.RaftServerConfigKeys (ConfUtils.java:logGet(46)) - raft.server.log.queue.byte-limit = 4294967296 (custom)
2024-02-06 10:04:57,065 [20dab95a-c478-4766-b72c-beb84f06bee2-groupManagement] INFO  server.RaftServerConfigKeys (ConfUtils.java:logGet(46)) - raft.server.log.queue.element-limit = 1024 (custom)
2024-02-06 10:04:57,065 [20dab95a-c478-4766-b72c-beb84f06bee2-groupManagement] INFO  server.RaftServerConfigKeys (ConfUtils.java:logGet(46)) - raft.server.log.segment.size.max = 67108864 (custom)
2024-02-06 10:04:57,065 [20dab95a-c478-4766-b72c-beb84f06bee2-groupManagement] INFO  server.RaftServerConfigKeys (ConfUtils.java:logGet(46)) - raft.server.log.preallocated.size = 4194304 (custom)
2024-02-06 10:04:57,065 [20dab95a-c478-4766-b72c-beb84f06bee2-groupManagement] INFO  server.RaftServerConfigKeys (ConfUtils.java:logGet(46)) - raft.server.log.force.sync.num = 128 (default)
2024-02-06 10:04:57,065 [20dab95a-c478-4766-b72c-beb84f06bee2-groupManagement] INFO  server.RaftServerConfigKeys (ConfUtils.java:logGet(46)) - raft.server.log.statemachine.data.sync = true (default)
2024-02-06 10:04:57,065 [20dab95a-c478-4766-b72c-beb84f06bee2-groupManagement] INFO  server.RaftServerConfigKeys (ConfUtils.java:logGet(46)) - raft.server.log.statemachine.data.sync.timeout = 10s (default)
2024-02-06 10:04:57,065 [20dab95a-c478-4766-b72c-beb84f06bee2-groupManagement] INFO  server.RaftServerConfigKeys (ConfUtils.java:logGet(46)) - raft.server.log.statemachine.data.sync.timeout.retry = 0 (custom)
2024-02-06 10:04:57,066 [20dab95a-c478-4766-b72c-beb84f06bee2-groupManagement] INFO  server.RaftServerConfigKeys (ConfUtils.java:logGet(46)) - raft.server.log.write.buffer.size = 8388616 (custom)
2024-02-06 10:04:57,067 [20dab95a-c478-4766-b72c-beb84f06bee2-groupManagement] INFO  server.RaftServerConfigKeys (ConfUtils.java:logGet(46)) - raft.server.log.appender.buffer.byte-limit = 8388608 (custom)
2024-02-06 10:04:57,067 [20dab95a-c478-4766-b72c-beb84f06bee2-groupManagement] INFO  server.RaftServerConfigKeys (ConfUtils.java:logGet(46)) - raft.server.log.unsafe-flush.enabled = false (default)
2024-02-06 10:04:57,067 [20dab95a-c478-4766-b72c-beb84f06bee2-groupManagement] INFO  server.RaftServerConfigKeys (ConfUtils.java:logGet(46)) - raft.server.log.async-flush.enabled = false (default)
2024-02-06 10:04:57,067 [20dab95a-c478-4766-b72c-beb84f06bee2-groupManagement] INFO  server.RaftServerConfigKeys (ConfUtils.java:logGet(46)) - raft.server.log.statemachine.data.caching.enabled = true (custom)
2024-02-06 10:04:57,067 [20dab95a-c478-4766-b72c-beb84f06bee2-groupManagement] INFO  segmented.SegmentedRaftLogWorker (SegmentedRaftLogWorker.java:lambda$new$0(134)) - 20dab95a-c478-4766-b72c-beb84f06bee2@group-B6B8FC41F9A2-SegmentedRaftLogWorker: flushIndex: setUnconditionally 0 -> -1
2024-02-06 10:04:57,067 [20dab95a-c478-4766-b72c-beb84f06bee2-groupManagement] INFO  segmented.SegmentedRaftLogWorker (SegmentedRaftLogWorker.java:lambda$new$0(134)) - 20dab95a-c478-4766-b72c-beb84f06bee2@group-B6B8FC41F9A2-SegmentedRaftLogWorker: safeCacheEvictIndex: setUnconditionally 0 -> -1
2024-02-06 10:04:57,067 [20dab95a-c478-4766-b72c-beb84f06bee2-groupManagement] INFO  server.RaftServer$Division (RaftServerImpl.java:start(396)) - 20dab95a-c478-4766-b72c-beb84f06bee2@group-B6B8FC41F9A2: start as a follower, conf=-1: peers:[20dab95a-c478-4766-b72c-beb84f06bee2|10.1.0.5:15477]|listeners:[], old=null
2024-02-06 10:04:57,067 [20dab95a-c478-4766-b72c-beb84f06bee2-groupManagement] INFO  server.RaftServer$Division (RaftServerImpl.java:setRole(383)) - 20dab95a-c478-4766-b72c-beb84f06bee2@group-B6B8FC41F9A2: changes role from      null to FOLLOWER at term 0 for startAsFollower
2024-02-06 10:04:57,067 [20dab95a-c478-4766-b72c-beb84f06bee2-groupManagement] INFO  impl.RoleInfo (RoleInfo.java:updateAndGet(139)) - 20dab95a-c478-4766-b72c-beb84f06bee2: start 20dab95a-c478-4766-b72c-beb84f06bee2@group-B6B8FC41F9A2-FollowerState
2024-02-06 10:04:57,067 [20dab95a-c478-4766-b72c-beb84f06bee2-groupManagement] INFO  util.JmxRegister (JmxRegister.java:tryRegister(44)) - Successfully registered JMX Bean with object name Ratis:service=RaftServer,group=group-B6B8FC41F9A2,id=20dab95a-c478-4766-b72c-beb84f06bee2
2024-02-06 10:04:57,067 [20dab95a-c478-4766-b72c-beb84f06bee2@group-B6B8FC41F9A2-FollowerState] INFO  server.RaftServerConfigKeys (ConfUtils.java:logFallback(53)) - raft.server.rpc.first-election.timeout.min = 5s (fallback to raft.server.rpc.timeout.min)
2024-02-06 10:04:57,068 [20dab95a-c478-4766-b72c-beb84f06bee2-groupManagement] INFO  server.RaftServerConfigKeys (ConfUtils.java:logGet(46)) - raft.server.snapshot.trigger-when-stop.enabled = true (default)
2024-02-06 10:04:57,068 [20dab95a-c478-4766-b72c-beb84f06bee2@group-B6B8FC41F9A2-FollowerState] INFO  server.RaftServerConfigKeys (ConfUtils.java:logFallback(53)) - raft.server.rpc.first-election.timeout.max = 5200ms (fallback to raft.server.rpc.timeout.max)
2024-02-06 10:04:57,068 [20dab95a-c478-4766-b72c-beb84f06bee2-groupManagement] INFO  server.RaftServerConfigKeys (ConfUtils.java:logGet(46)) - raft.server.snapshot.auto.trigger.enabled = true (custom)
2024-02-06 10:04:57,068 [20dab95a-c478-4766-b72c-beb84f06bee2-groupManagement] INFO  server.RaftServerConfigKeys (ConfUtils.java:logGet(46)) - raft.server.snapshot.auto.trigger.threshold = 10000 (custom)
2024-02-06 10:04:57,068 [20dab95a-c478-4766-b72c-beb84f06bee2-groupManagement] INFO  server.RaftServerConfigKeys (ConfUtils.java:logGet(46)) - raft.server.snapshot.retention.file.num = 5 (custom)
2024-02-06 10:04:57,068 [20dab95a-c478-4766-b72c-beb84f06bee2-groupManagement] INFO  server.RaftServerConfigKeys (ConfUtils.java:logGet(46)) - raft.server.log.purge.upto.snapshot.index = false (default)
2024-02-06 10:04:57,068 [20dab95a-c478-4766-b72c-beb84f06bee2-PipelineCommandHandlerThread-0] INFO  ratis.XceiverServerRatis (XceiverServerRatis.java:addGroup(864)) - Created group PipelineID=82910f87-6300-4632-b10d-b6b8fc41f9a2
2024-02-06 10:04:57,068 [20dab95a-c478-4766-b72c-beb84f06bee2-PipelineCommandHandlerThread-0] INFO  commandhandler.CreatePipelineCommandHandler (CreatePipelineCommandHandler.java:lambda$handle$2(124)) - Created Pipeline RATIS ONE PipelineID=82910f87-6300-4632-b10d-b6b8fc41f9a2.
2024-02-06 10:04:57,141 [c6296721-c547-473a-9a19-ee5b14f2eab7-PipelineCommandHandlerThread-0] INFO  server.RaftServer (RaftServerProxy.java:addNew(100)) - c6296721-c547-473a-9a19-ee5b14f2eab7: addNew group-D1DFDC394ACF:[c6296721-c547-473a-9a19-ee5b14f2eab7|10.1.0.5:15486] returns group-D1DFDC394ACF:java.util.concurrent.CompletableFuture@9e34e5f[Not completed]
2024-02-06 10:04:57,141 [c6296721-c547-473a-9a19-ee5b14f2eab7-groupManagement] INFO  server.RaftServer$Division (RaftServerImpl.java:<init>(256)) - c6296721-c547-473a-9a19-ee5b14f2eab7: new RaftServerImpl for group-D1DFDC394ACF:[c6296721-c547-473a-9a19-ee5b14f2eab7|10.1.0.5:15486] with ContainerStateMachine:uninitialized
2024-02-06 10:04:57,141 [c6296721-c547-473a-9a19-ee5b14f2eab7-groupManagement] INFO  server.RaftServerConfigKeys (ConfUtils.java:logGet(46)) - raft.server.rpc.timeout.min = 5s (custom)
2024-02-06 10:04:57,141 [c6296721-c547-473a-9a19-ee5b14f2eab7-groupManagement] INFO  server.RaftServerConfigKeys (ConfUtils.java:logGet(46)) - raft.server.rpc.timeout.max = 5200ms (custom)
2024-02-06 10:04:57,141 [c6296721-c547-473a-9a19-ee5b14f2eab7-groupManagement] INFO  server.RaftServerConfigKeys (ConfUtils.java:logGet(46)) - raft.server.rpc.sleep.time = 25ms (default)
2024-02-06 10:04:57,142 [c6296721-c547-473a-9a19-ee5b14f2eab7-groupManagement] INFO  server.RaftServerConfigKeys (ConfUtils.java:logGet(46)) - raft.server.rpc.slowness.timeout = 300000ms (custom)
2024-02-06 10:04:57,142 [c6296721-c547-473a-9a19-ee5b14f2eab7-groupManagement] INFO  server.RaftServerConfigKeys (ConfUtils.java:logGet(46)) - raft.server.leaderelection.leader.step-down.wait-time = 10s (default)
2024-02-06 10:04:57,142 [c6296721-c547-473a-9a19-ee5b14f2eab7-groupManagement] INFO  server.RaftServerConfigKeys (ConfUtils.java:logGet(46)) - raft.server.leaderelection.member.majority-add = false (default)
2024-02-06 10:04:57,142 [c6296721-c547-473a-9a19-ee5b14f2eab7-groupManagement] INFO  server.RaftServerConfigKeys (ConfUtils.java:logGet(46)) - raft.server.sleep.deviation.threshold = 300ms (default)
2024-02-06 10:04:57,142 [c6296721-c547-473a-9a19-ee5b14f2eab7-groupManagement] INFO  server.RaftServer$Division (ServerState.java:<init>(113)) - c6296721-c547-473a-9a19-ee5b14f2eab7@group-D1DFDC394ACF: ConfigurationManager, init=-1: peers:[c6296721-c547-473a-9a19-ee5b14f2eab7|10.1.0.5:15486]|listeners:[], old=null, confs=<EMPTY_MAP>
2024-02-06 10:04:57,142 [c6296721-c547-473a-9a19-ee5b14f2eab7-groupManagement] INFO  server.RaftServerConfigKeys (ConfUtils.java:logGet(46)) - raft.server.notification.no-leader.timeout = 300000ms (custom)
2024-02-06 10:04:57,142 [c6296721-c547-473a-9a19-ee5b14f2eab7-groupManagement] INFO  server.RaftServerConfigKeys (ConfUtils.java:logGet(46)) - raft.server.read.timeout = 10s (default)
2024-02-06 10:04:57,142 [c6296721-c547-473a-9a19-ee5b14f2eab7-groupManagement] INFO  server.RaftServerConfigKeys (ConfUtils.java:logGet(46)) - raft.server.retrycache.expirytime = 600000ms (custom)
2024-02-06 10:04:57,142 [c6296721-c547-473a-9a19-ee5b14f2eab7-groupManagement] INFO  server.RaftServerConfigKeys (ConfUtils.java:logGet(46)) - raft.server.retrycache.statistics.expirytime = 100ms (default)
2024-02-06 10:04:57,142 [c6296721-c547-473a-9a19-ee5b14f2eab7-groupManagement] INFO  server.RaftServerConfigKeys (ConfUtils.java:logGet(46)) - raft.server.read.option = DEFAULT (default)
2024-02-06 10:04:57,142 [c6296721-c547-473a-9a19-ee5b14f2eab7-groupManagement] INFO  server.RaftServerConfigKeys (ConfUtils.java:logGet(46)) - raft.server.read.read-after-write-consistent.write-index-cache.expiry-time = 60s (default)
2024-02-06 10:04:57,143 [c6296721-c547-473a-9a19-ee5b14f2eab7-groupManagement] INFO  server.RaftServerConfigKeys (ConfUtils.java:logGet(46)) - raft.server.rpc.request.timeout = 3000ms (default)
2024-02-06 10:04:57,143 [c6296721-c547-473a-9a19-ee5b14f2eab7-groupManagement] INFO  server.RaftServerConfigKeys (ConfUtils.java:logGet(46)) - raft.server.log.appender.install.snapshot.enabled = false (custom)
2024-02-06 10:04:57,144 [c6296721-c547-473a-9a19-ee5b14f2eab7-groupManagement] INFO  server.RaftServerConfigKeys (ConfUtils.java:logGet(46)) - raft.server.threadpool.server.cached = true (default)
2024-02-06 10:04:57,144 [c6296721-c547-473a-9a19-ee5b14f2eab7-groupManagement] INFO  server.RaftServerConfigKeys (ConfUtils.java:logGet(46)) - raft.server.threadpool.server.size = 0 (default)
2024-02-06 10:04:57,144 [c6296721-c547-473a-9a19-ee5b14f2eab7-groupManagement] INFO  server.RaftServerConfigKeys (ConfUtils.java:logGet(46)) - raft.server.threadpool.client.cached = true (default)
2024-02-06 10:04:57,144 [c6296721-c547-473a-9a19-ee5b14f2eab7-groupManagement] INFO  server.RaftServerConfigKeys (ConfUtils.java:logGet(46)) - raft.server.threadpool.client.size = 0 (default)
2024-02-06 10:04:57,144 [c6296721-c547-473a-9a19-ee5b14f2eab7-groupManagement] INFO  server.RaftServerConfigKeys (ConfUtils.java:logGet(46)) - raft.server.storage.free-space.min = 0MB (=0) (default)
2024-02-06 10:04:57,144 [c6296721-c547-473a-9a19-ee5b14f2eab7-groupManagement] INFO  server.RaftServerConfigKeys (ConfUtils.java:logGet(46)) - raft.server.log.corruption.policy = EXCEPTION (default)
2024-02-06 10:04:57,144 [c6296721-c547-473a-9a19-ee5b14f2eab7-groupManagement] INFO  server.RaftServerConfigKeys (ConfUtils.java:logGet(46)) - raft.server.storage.dir = [/home/runner/work/ozone/ozone/hadoop-ozone/integration-test/target/test-dir/MiniOzoneClusterImpl-5d1c2165-a83d-4eb5-a2bf-ae35b2f22424/datanode-3/data/ratis] (custom)
2024-02-06 10:04:57,144 [c6296721-c547-473a-9a19-ee5b14f2eab7-groupManagement] INFO  storage.RaftStorageDirectory (RaftStorageDirectoryImpl.java:analyzeStorage(138)) - The storage directory /home/runner/work/ozone/ozone/hadoop-ozone/integration-test/target/test-dir/MiniOzoneClusterImpl-5d1c2165-a83d-4eb5-a2bf-ae35b2f22424/datanode-3/data/ratis/31b04cad-8b51-48e7-87a5-d1dfdc394acf does not exist. Creating ...
2024-02-06 10:04:57,145 [c6296721-c547-473a-9a19-ee5b14f2eab7-groupManagement] INFO  storage.RaftStorageDirectory (RaftStorageDirectoryImpl.java:tryLock(228)) - Lock on /home/runner/work/ozone/ozone/hadoop-ozone/integration-test/target/test-dir/MiniOzoneClusterImpl-5d1c2165-a83d-4eb5-a2bf-ae35b2f22424/datanode-3/data/ratis/31b04cad-8b51-48e7-87a5-d1dfdc394acf/in_use.lock acquired by nodename 37157@fv-az776-296
2024-02-06 10:04:57,146 [c6296721-c547-473a-9a19-ee5b14f2eab7-groupManagement] INFO  storage.RaftStorage (RaftStorageImpl.java:format(99)) - Storage directory /home/runner/work/ozone/ozone/hadoop-ozone/integration-test/target/test-dir/MiniOzoneClusterImpl-5d1c2165-a83d-4eb5-a2bf-ae35b2f22424/datanode-3/data/ratis/31b04cad-8b51-48e7-87a5-d1dfdc394acf has been successfully formatted.
2024-02-06 10:04:57,146 [c6296721-c547-473a-9a19-ee5b14f2eab7-groupManagement] WARN  util.FileUtils (LogUtils.java:supplyAndLog(63)) - Failed to Files.newInputStream /home/runner/work/ozone/ozone/hadoop-ozone/integration-test/target/test-dir/MiniOzoneClusterImpl-5d1c2165-a83d-4eb5-a2bf-ae35b2f22424/datanode-3/data/ratis/31b04cad-8b51-48e7-87a5-d1dfdc394acf/current/raft-meta.conf with options []: java.nio.file.NoSuchFileException: /home/runner/work/ozone/ozone/hadoop-ozone/integration-test/target/test-dir/MiniOzoneClusterImpl-5d1c2165-a83d-4eb5-a2bf-ae35b2f22424/datanode-3/data/ratis/31b04cad-8b51-48e7-87a5-d1dfdc394acf/current/raft-meta.conf
2024-02-06 10:04:57,148 [c6296721-c547-473a-9a19-ee5b14f2eab7-groupManagement] INFO  ratis.ContainerStateMachine (ContainerStateMachine.java:loadSnapshot(287)) - group-D1DFDC394ACF: The snapshot info is null. Setting the last applied index to:(t:0, i:~)
2024-02-06 10:04:57,148 [c6296721-c547-473a-9a19-ee5b14f2eab7-groupManagement] INFO  server.RaftServerConfigKeys (ConfUtils.java:logGet(46)) - raft.server.log.use.memory = false (default)
2024-02-06 10:04:57,148 [c6296721-c547-473a-9a19-ee5b14f2eab7-groupManagement] INFO  server.RaftServerConfigKeys (ConfUtils.java:logGet(46)) - raft.server.log.purge.gap = 1000000 (custom)
2024-02-06 10:04:57,148 [c6296721-c547-473a-9a19-ee5b14f2eab7-groupManagement] INFO  server.RaftServerConfigKeys (ConfUtils.java:logGet(46)) - raft.server.log.appender.buffer.byte-limit = 8388608 (custom)
2024-02-06 10:04:57,148 [c6296721-c547-473a-9a19-ee5b14f2eab7-groupManagement] INFO  server.RaftServerConfigKeys (ConfUtils.java:logGet(46)) - raft.server.log.statemachine.data.read.timeout = 1000ms (default)
2024-02-06 10:04:57,148 [c6296721-c547-473a-9a19-ee5b14f2eab7-groupManagement] INFO  server.RaftServerConfigKeys (ConfUtils.java:logGet(46)) - raft.server.log.purge.preservation.log.num = 0 (default)
2024-02-06 10:04:57,149 [EventQueue-PipelineReportForPipelineReportHandler] INFO  pipeline.PipelineReportHandler (PipelineReportHandler.java:processPipelineReport(136)) - Opened pipeline PipelineID=31b04cad-8b51-48e7-87a5-d1dfdc394acf
2024-02-06 10:04:57,149 [EventQueue-OpenPipelineForHealthyPipelineSafeModeRule] INFO  safemode.SCMSafeModeManager (HealthyPipelineSafeModeRule.java:process(140)) - SCM in safe mode. Healthy pipelines reported count is 0, required healthy pipeline reported count is 1
2024-02-06 10:04:57,150 [c6296721-c547-473a-9a19-ee5b14f2eab7-groupManagement] INFO  server.RaftServerConfigKeys (ConfUtils.java:logGet(46)) - raft.server.log.segment.size.max = 67108864 (custom)
2024-02-06 10:04:57,150 [c6296721-c547-473a-9a19-ee5b14f2eab7-groupManagement] INFO  server.RaftServerConfigKeys (ConfUtils.java:logGet(46)) - raft.server.log.segment.cache.num.max = 2 (custom)
2024-02-06 10:04:57,150 [c6296721-c547-473a-9a19-ee5b14f2eab7-groupManagement] INFO  server.RaftServerConfigKeys (ConfUtils.java:logGet(46)) - raft.server.log.segment.cache.size.max = 200MB (=209715200) (default)
2024-02-06 10:04:57,150 [c6296721-c547-473a-9a19-ee5b14f2eab7-groupManagement] INFO  server.RaftServerConfigKeys (ConfUtils.java:logGet(46)) - raft.server.log.appender.buffer.byte-limit = 8388608 (custom)
2024-02-06 10:04:57,150 [c6296721-c547-473a-9a19-ee5b14f2eab7-groupManagement] INFO  util.AwaitToRun (AwaitToRun.java:start(81)) - Thread[c6296721-c547-473a-9a19-ee5b14f2eab7@group-D1DFDC394ACF-cacheEviction-AwaitToRun,5,main] started
2024-02-06 10:04:57,150 [c6296721-c547-473a-9a19-ee5b14f2eab7-groupManagement] INFO  segmented.SegmentedRaftLogWorker (SegmentedRaftLogWorker.java:<init>(182)) - new c6296721-c547-473a-9a19-ee5b14f2eab7@group-D1DFDC394ACF-SegmentedRaftLogWorker for RaftStorageImpl:Storage Directory /home/runner/work/ozone/ozone/hadoop-ozone/integration-test/target/test-dir/MiniOzoneClusterImpl-5d1c2165-a83d-4eb5-a2bf-ae35b2f22424/datanode-3/data/ratis/31b04cad-8b51-48e7-87a5-d1dfdc394acf
2024-02-06 10:04:57,150 [c6296721-c547-473a-9a19-ee5b14f2eab7-groupManagement] INFO  server.RaftServerConfigKeys (ConfUtils.java:logGet(46)) - raft.server.log.queue.byte-limit = 4294967296 (custom)
2024-02-06 10:04:57,150 [c6296721-c547-473a-9a19-ee5b14f2eab7-groupManagement] INFO  server.RaftServerConfigKeys (ConfUtils.java:logGet(46)) - raft.server.log.queue.element-limit = 1024 (custom)
2024-02-06 10:04:57,150 [c6296721-c547-473a-9a19-ee5b14f2eab7-groupManagement] INFO  server.RaftServerConfigKeys (ConfUtils.java:logGet(46)) - raft.server.log.segment.size.max = 67108864 (custom)
2024-02-06 10:04:57,150 [c6296721-c547-473a-9a19-ee5b14f2eab7-groupManagement] INFO  server.RaftServerConfigKeys (ConfUtils.java:logGet(46)) - raft.server.log.preallocated.size = 4194304 (custom)
2024-02-06 10:04:57,151 [c6296721-c547-473a-9a19-ee5b14f2eab7-groupManagement] INFO  server.RaftServerConfigKeys (ConfUtils.java:logGet(46)) - raft.server.log.force.sync.num = 128 (default)
2024-02-06 10:04:57,151 [c6296721-c547-473a-9a19-ee5b14f2eab7-groupManagement] INFO  server.RaftServerConfigKeys (ConfUtils.java:logGet(46)) - raft.server.log.statemachine.data.sync = true (default)
2024-02-06 10:04:57,151 [c6296721-c547-473a-9a19-ee5b14f2eab7-groupManagement] INFO  server.RaftServerConfigKeys (ConfUtils.java:logGet(46)) - raft.server.log.statemachine.data.sync.timeout = 10s (default)
2024-02-06 10:04:57,151 [c6296721-c547-473a-9a19-ee5b14f2eab7-groupManagement] INFO  server.RaftServerConfigKeys (ConfUtils.java:logGet(46)) - raft.server.log.statemachine.data.sync.timeout.retry = 0 (custom)
2024-02-06 10:04:57,151 [c6296721-c547-473a-9a19-ee5b14f2eab7-groupManagement] INFO  server.RaftServerConfigKeys (ConfUtils.java:logGet(46)) - raft.server.log.write.buffer.size = 8388616 (custom)
2024-02-06 10:04:57,152 [c6296721-c547-473a-9a19-ee5b14f2eab7-groupManagement] INFO  server.RaftServerConfigKeys (ConfUtils.java:logGet(46)) - raft.server.log.appender.buffer.byte-limit = 8388608 (custom)
2024-02-06 10:04:57,152 [c6296721-c547-473a-9a19-ee5b14f2eab7-groupManagement] INFO  server.RaftServerConfigKeys (ConfUtils.java:logGet(46)) - raft.server.log.unsafe-flush.enabled = false (default)
2024-02-06 10:04:57,153 [c6296721-c547-473a-9a19-ee5b14f2eab7-groupManagement] INFO  server.RaftServerConfigKeys (ConfUtils.java:logGet(46)) - raft.server.log.async-flush.enabled = false (default)
2024-02-06 10:04:57,153 [c6296721-c547-473a-9a19-ee5b14f2eab7-groupManagement] INFO  server.RaftServerConfigKeys (ConfUtils.java:logGet(46)) - raft.server.log.statemachine.data.caching.enabled = true (custom)
2024-02-06 10:04:57,153 [c6296721-c547-473a-9a19-ee5b14f2eab7-groupManagement] INFO  segmented.SegmentedRaftLogWorker (SegmentedRaftLogWorker.java:lambda$new$0(134)) - c6296721-c547-473a-9a19-ee5b14f2eab7@group-D1DFDC394ACF-SegmentedRaftLogWorker: flushIndex: setUnconditionally 0 -> -1
2024-02-06 10:04:57,153 [c6296721-c547-473a-9a19-ee5b14f2eab7-groupManagement] INFO  segmented.SegmentedRaftLogWorker (SegmentedRaftLogWorker.java:lambda$new$0(134)) - c6296721-c547-473a-9a19-ee5b14f2eab7@group-D1DFDC394ACF-SegmentedRaftLogWorker: safeCacheEvictIndex: setUnconditionally 0 -> -1
2024-02-06 10:04:57,153 [c6296721-c547-473a-9a19-ee5b14f2eab7-groupManagement] INFO  server.RaftServer$Division (RaftServerImpl.java:start(396)) - c6296721-c547-473a-9a19-ee5b14f2eab7@group-D1DFDC394ACF: start as a follower, conf=-1: peers:[c6296721-c547-473a-9a19-ee5b14f2eab7|10.1.0.5:15486]|listeners:[], old=null
2024-02-06 10:04:57,153 [c6296721-c547-473a-9a19-ee5b14f2eab7-groupManagement] INFO  server.RaftServer$Division (RaftServerImpl.java:setRole(383)) - c6296721-c547-473a-9a19-ee5b14f2eab7@group-D1DFDC394ACF: changes role from      null to FOLLOWER at term 0 for startAsFollower
2024-02-06 10:04:57,153 [c6296721-c547-473a-9a19-ee5b14f2eab7-groupManagement] INFO  impl.RoleInfo (RoleInfo.java:updateAndGet(139)) - c6296721-c547-473a-9a19-ee5b14f2eab7: start c6296721-c547-473a-9a19-ee5b14f2eab7@group-D1DFDC394ACF-FollowerState
2024-02-06 10:04:57,153 [c6296721-c547-473a-9a19-ee5b14f2eab7@group-D1DFDC394ACF-FollowerState] INFO  server.RaftServerConfigKeys (ConfUtils.java:logFallback(53)) - raft.server.rpc.first-election.timeout.min = 5s (fallback to raft.server.rpc.timeout.min)
2024-02-06 10:04:57,153 [c6296721-c547-473a-9a19-ee5b14f2eab7-groupManagement] INFO  util.JmxRegister (JmxRegister.java:tryRegister(44)) - Successfully registered JMX Bean with object name Ratis:service=RaftServer,group=group-D1DFDC394ACF,id=c6296721-c547-473a-9a19-ee5b14f2eab7
2024-02-06 10:04:57,153 [c6296721-c547-473a-9a19-ee5b14f2eab7@group-D1DFDC394ACF-FollowerState] INFO  server.RaftServerConfigKeys (ConfUtils.java:logFallback(53)) - raft.server.rpc.first-election.timeout.max = 5200ms (fallback to raft.server.rpc.timeout.max)
2024-02-06 10:04:57,154 [c6296721-c547-473a-9a19-ee5b14f2eab7-groupManagement] INFO  server.RaftServerConfigKeys (ConfUtils.java:logGet(46)) - raft.server.snapshot.trigger-when-stop.enabled = true (default)
2024-02-06 10:04:57,154 [c6296721-c547-473a-9a19-ee5b14f2eab7-groupManagement] INFO  server.RaftServerConfigKeys (ConfUtils.java:logGet(46)) - raft.server.snapshot.auto.trigger.enabled = true (custom)
2024-02-06 10:04:57,154 [c6296721-c547-473a-9a19-ee5b14f2eab7-groupManagement] INFO  server.RaftServerConfigKeys (ConfUtils.java:logGet(46)) - raft.server.snapshot.auto.trigger.threshold = 10000 (custom)
2024-02-06 10:04:57,154 [c6296721-c547-473a-9a19-ee5b14f2eab7-groupManagement] INFO  server.RaftServerConfigKeys (ConfUtils.java:logGet(46)) - raft.server.snapshot.retention.file.num = 5 (custom)
2024-02-06 10:04:57,154 [c6296721-c547-473a-9a19-ee5b14f2eab7-groupManagement] INFO  server.RaftServerConfigKeys (ConfUtils.java:logGet(46)) - raft.server.log.purge.upto.snapshot.index = false (default)
2024-02-06 10:04:57,154 [c6296721-c547-473a-9a19-ee5b14f2eab7-PipelineCommandHandlerThread-0] INFO  ratis.XceiverServerRatis (XceiverServerRatis.java:addGroup(864)) - Created group PipelineID=31b04cad-8b51-48e7-87a5-d1dfdc394acf
2024-02-06 10:04:57,154 [c6296721-c547-473a-9a19-ee5b14f2eab7-PipelineCommandHandlerThread-0] INFO  commandhandler.CreatePipelineCommandHandler (CreatePipelineCommandHandler.java:lambda$handle$2(124)) - Created Pipeline RATIS ONE PipelineID=31b04cad-8b51-48e7-87a5-d1dfdc394acf.
2024-02-06 10:04:57,155 [c6296721-c547-473a-9a19-ee5b14f2eab7-PipelineCommandHandlerThread-0] INFO  server.RaftServer (RaftServerProxy.java:addNew(100)) - c6296721-c547-473a-9a19-ee5b14f2eab7: addNew group-2E3400AD0710:[d1d50a62-ae00-4aa1-bd49-1c13d08c4e54|10.1.0.5:15504, 3668fcd7-5f50-4258-afea-ecf4a9b92dd6|10.1.0.5:15495, c6296721-c547-473a-9a19-ee5b14f2eab7|10.1.0.5:15486] returns group-2E3400AD0710:java.util.concurrent.CompletableFuture@ddcdbbb[Not completed]
2024-02-06 10:04:57,155 [c6296721-c547-473a-9a19-ee5b14f2eab7-groupManagement] INFO  server.RaftServer$Division (RaftServerImpl.java:<init>(256)) - c6296721-c547-473a-9a19-ee5b14f2eab7: new RaftServerImpl for group-2E3400AD0710:[d1d50a62-ae00-4aa1-bd49-1c13d08c4e54|10.1.0.5:15504, 3668fcd7-5f50-4258-afea-ecf4a9b92dd6|10.1.0.5:15495, c6296721-c547-473a-9a19-ee5b14f2eab7|10.1.0.5:15486] with ContainerStateMachine:uninitialized
2024-02-06 10:04:57,155 [c6296721-c547-473a-9a19-ee5b14f2eab7-groupManagement] INFO  server.RaftServerConfigKeys (ConfUtils.java:logGet(46)) - raft.server.rpc.timeout.min = 5s (custom)
2024-02-06 10:04:57,155 [c6296721-c547-473a-9a19-ee5b14f2eab7-groupManagement] INFO  server.RaftServerConfigKeys (ConfUtils.java:logGet(46)) - raft.server.rpc.timeout.max = 5200ms (custom)
2024-02-06 10:04:57,155 [c6296721-c547-473a-9a19-ee5b14f2eab7-groupManagement] INFO  server.RaftServerConfigKeys (ConfUtils.java:logGet(46)) - raft.server.rpc.sleep.time = 25ms (default)
2024-02-06 10:04:57,156 [c6296721-c547-473a-9a19-ee5b14f2eab7-groupManagement] INFO  server.RaftServerConfigKeys (ConfUtils.java:logGet(46)) - raft.server.rpc.slowness.timeout = 300000ms (custom)
2024-02-06 10:04:57,156 [c6296721-c547-473a-9a19-ee5b14f2eab7-groupManagement] INFO  server.RaftServerConfigKeys (ConfUtils.java:logGet(46)) - raft.server.leaderelection.leader.step-down.wait-time = 10s (default)
2024-02-06 10:04:57,156 [c6296721-c547-473a-9a19-ee5b14f2eab7-groupManagement] INFO  server.RaftServerConfigKeys (ConfUtils.java:logGet(46)) - raft.server.leaderelection.member.majority-add = false (default)
2024-02-06 10:04:57,156 [c6296721-c547-473a-9a19-ee5b14f2eab7-groupManagement] INFO  server.RaftServerConfigKeys (ConfUtils.java:logGet(46)) - raft.server.sleep.deviation.threshold = 300ms (default)
2024-02-06 10:04:57,156 [c6296721-c547-473a-9a19-ee5b14f2eab7-groupManagement] INFO  server.RaftServer$Division (ServerState.java:<init>(113)) - c6296721-c547-473a-9a19-ee5b14f2eab7@group-2E3400AD0710: ConfigurationManager, init=-1: peers:[d1d50a62-ae00-4aa1-bd49-1c13d08c4e54|10.1.0.5:15504, 3668fcd7-5f50-4258-afea-ecf4a9b92dd6|10.1.0.5:15495, c6296721-c547-473a-9a19-ee5b14f2eab7|10.1.0.5:15486]|listeners:[], old=null, confs=<EMPTY_MAP>
2024-02-06 10:04:57,156 [c6296721-c547-473a-9a19-ee5b14f2eab7-groupManagement] INFO  server.RaftServerConfigKeys (ConfUtils.java:logGet(46)) - raft.server.notification.no-leader.timeout = 300000ms (custom)
2024-02-06 10:04:57,156 [c6296721-c547-473a-9a19-ee5b14f2eab7-groupManagement] INFO  server.RaftServerConfigKeys (ConfUtils.java:logGet(46)) - raft.server.read.timeout = 10s (default)
2024-02-06 10:04:57,156 [c6296721-c547-473a-9a19-ee5b14f2eab7-groupManagement] INFO  server.RaftServerConfigKeys (ConfUtils.java:logGet(46)) - raft.server.retrycache.expirytime = 600000ms (custom)
2024-02-06 10:04:57,156 [c6296721-c547-473a-9a19-ee5b14f2eab7-groupManagement] INFO  server.RaftServerConfigKeys (ConfUtils.java:logGet(46)) - raft.server.retrycache.statistics.expirytime = 100ms (default)
2024-02-06 10:04:57,156 [c6296721-c547-473a-9a19-ee5b14f2eab7-groupManagement] INFO  server.RaftServerConfigKeys (ConfUtils.java:logGet(46)) - raft.server.read.option = DEFAULT (default)
2024-02-06 10:04:57,156 [c6296721-c547-473a-9a19-ee5b14f2eab7-groupManagement] INFO  server.RaftServerConfigKeys (ConfUtils.java:logGet(46)) - raft.server.read.read-after-write-consistent.write-index-cache.expiry-time = 60s (default)
2024-02-06 10:04:57,158 [c6296721-c547-473a-9a19-ee5b14f2eab7-groupManagement] INFO  server.RaftServerConfigKeys (ConfUtils.java:logGet(46)) - raft.server.rpc.request.timeout = 3000ms (default)
2024-02-06 10:04:57,158 [c6296721-c547-473a-9a19-ee5b14f2eab7-groupManagement] INFO  server.RaftServerConfigKeys (ConfUtils.java:logGet(46)) - raft.server.log.appender.install.snapshot.enabled = false (custom)
2024-02-06 10:04:57,158 [c6296721-c547-473a-9a19-ee5b14f2eab7-groupManagement] INFO  server.RaftServerConfigKeys (ConfUtils.java:logGet(46)) - raft.server.threadpool.server.cached = true (default)
2024-02-06 10:04:57,158 [c6296721-c547-473a-9a19-ee5b14f2eab7-groupManagement] INFO  server.RaftServerConfigKeys (ConfUtils.java:logGet(46)) - raft.server.threadpool.server.size = 0 (default)
2024-02-06 10:04:57,158 [c6296721-c547-473a-9a19-ee5b14f2eab7-groupManagement] INFO  server.RaftServerConfigKeys (ConfUtils.java:logGet(46)) - raft.server.threadpool.client.cached = true (default)
2024-02-06 10:04:57,158 [c6296721-c547-473a-9a19-ee5b14f2eab7-groupManagement] INFO  server.RaftServerConfigKeys (ConfUtils.java:logGet(46)) - raft.server.threadpool.client.size = 0 (default)
2024-02-06 10:04:57,159 [c6296721-c547-473a-9a19-ee5b14f2eab7-groupManagement] INFO  server.RaftServerConfigKeys (ConfUtils.java:logGet(46)) - raft.server.storage.free-space.min = 0MB (=0) (default)
2024-02-06 10:04:57,159 [c6296721-c547-473a-9a19-ee5b14f2eab7-groupManagement] INFO  server.RaftServerConfigKeys (ConfUtils.java:logGet(46)) - raft.server.log.corruption.policy = EXCEPTION (default)
2024-02-06 10:04:57,159 [c6296721-c547-473a-9a19-ee5b14f2eab7-groupManagement] INFO  server.RaftServerConfigKeys (ConfUtils.java:logGet(46)) - raft.server.storage.dir = [/home/runner/work/ozone/ozone/hadoop-ozone/integration-test/target/test-dir/MiniOzoneClusterImpl-5d1c2165-a83d-4eb5-a2bf-ae35b2f22424/datanode-3/data/ratis] (custom)
2024-02-06 10:04:57,159 [c6296721-c547-473a-9a19-ee5b14f2eab7-groupManagement] INFO  storage.RaftStorageDirectory (RaftStorageDirectoryImpl.java:analyzeStorage(138)) - The storage directory /home/runner/work/ozone/ozone/hadoop-ozone/integration-test/target/test-dir/MiniOzoneClusterImpl-5d1c2165-a83d-4eb5-a2bf-ae35b2f22424/datanode-3/data/ratis/9ed817c2-7c51-42bf-a569-2e3400ad0710 does not exist. Creating ...
2024-02-06 10:04:57,160 [c6296721-c547-473a-9a19-ee5b14f2eab7-groupManagement] INFO  storage.RaftStorageDirectory (RaftStorageDirectoryImpl.java:tryLock(228)) - Lock on /home/runner/work/ozone/ozone/hadoop-ozone/integration-test/target/test-dir/MiniOzoneClusterImpl-5d1c2165-a83d-4eb5-a2bf-ae35b2f22424/datanode-3/data/ratis/9ed817c2-7c51-42bf-a569-2e3400ad0710/in_use.lock acquired by nodename 37157@fv-az776-296
2024-02-06 10:04:57,161 [c6296721-c547-473a-9a19-ee5b14f2eab7-groupManagement] INFO  storage.RaftStorage (RaftStorageImpl.java:format(99)) - Storage directory /home/runner/work/ozone/ozone/hadoop-ozone/integration-test/target/test-dir/MiniOzoneClusterImpl-5d1c2165-a83d-4eb5-a2bf-ae35b2f22424/datanode-3/data/ratis/9ed817c2-7c51-42bf-a569-2e3400ad0710 has been successfully formatted.
2024-02-06 10:04:57,161 [c6296721-c547-473a-9a19-ee5b14f2eab7-groupManagement] WARN  util.FileUtils (LogUtils.java:supplyAndLog(63)) - Failed to Files.newInputStream /home/runner/work/ozone/ozone/hadoop-ozone/integration-test/target/test-dir/MiniOzoneClusterImpl-5d1c2165-a83d-4eb5-a2bf-ae35b2f22424/datanode-3/data/ratis/9ed817c2-7c51-42bf-a569-2e3400ad0710/current/raft-meta.conf with options []: java.nio.file.NoSuchFileException: /home/runner/work/ozone/ozone/hadoop-ozone/integration-test/target/test-dir/MiniOzoneClusterImpl-5d1c2165-a83d-4eb5-a2bf-ae35b2f22424/datanode-3/data/ratis/9ed817c2-7c51-42bf-a569-2e3400ad0710/current/raft-meta.conf
2024-02-06 10:04:57,161 [c6296721-c547-473a-9a19-ee5b14f2eab7-groupManagement] INFO  ratis.ContainerStateMachine (ContainerStateMachine.java:loadSnapshot(287)) - group-2E3400AD0710: The snapshot info is null. Setting the last applied index to:(t:0, i:~)
2024-02-06 10:04:57,162 [c6296721-c547-473a-9a19-ee5b14f2eab7-groupManagement] INFO  server.RaftServerConfigKeys (ConfUtils.java:logGet(46)) - raft.server.log.use.memory = false (default)
2024-02-06 10:04:57,162 [c6296721-c547-473a-9a19-ee5b14f2eab7-groupManagement] INFO  server.RaftServerConfigKeys (ConfUtils.java:logGet(46)) - raft.server.log.purge.gap = 1000000 (custom)
2024-02-06 10:04:57,162 [c6296721-c547-473a-9a19-ee5b14f2eab7-groupManagement] INFO  server.RaftServerConfigKeys (ConfUtils.java:logGet(46)) - raft.server.log.appender.buffer.byte-limit = 8388608 (custom)
2024-02-06 10:04:57,162 [c6296721-c547-473a-9a19-ee5b14f2eab7-groupManagement] INFO  server.RaftServerConfigKeys (ConfUtils.java:logGet(46)) - raft.server.log.statemachine.data.read.timeout = 1000ms (default)
2024-02-06 10:04:57,162 [c6296721-c547-473a-9a19-ee5b14f2eab7-groupManagement] INFO  server.RaftServerConfigKeys (ConfUtils.java:logGet(46)) - raft.server.log.purge.preservation.log.num = 0 (default)
2024-02-06 10:04:57,162 [EventQueue-OpenPipelineForHealthyPipelineSafeModeRule] INFO  safemode.SCMSafeModeManager (HealthyPipelineSafeModeRule.java:process(140)) - SCM in safe mode. Healthy pipelines reported count is 0, required healthy pipeline reported count is 1
2024-02-06 10:04:57,163 [c6296721-c547-473a-9a19-ee5b14f2eab7-groupManagement] INFO  server.RaftServerConfigKeys (ConfUtils.java:logGet(46)) - raft.server.log.segment.size.max = 67108864 (custom)
2024-02-06 10:04:57,163 [c6296721-c547-473a-9a19-ee5b14f2eab7-groupManagement] INFO  server.RaftServerConfigKeys (ConfUtils.java:logGet(46)) - raft.server.log.segment.cache.num.max = 2 (custom)
2024-02-06 10:04:57,164 [c6296721-c547-473a-9a19-ee5b14f2eab7-groupManagement] INFO  server.RaftServerConfigKeys (ConfUtils.java:logGet(46)) - raft.server.log.segment.cache.size.max = 200MB (=209715200) (default)
2024-02-06 10:04:57,164 [c6296721-c547-473a-9a19-ee5b14f2eab7-groupManagement] INFO  server.RaftServerConfigKeys (ConfUtils.java:logGet(46)) - raft.server.log.appender.buffer.byte-limit = 8388608 (custom)
2024-02-06 10:04:57,164 [c6296721-c547-473a-9a19-ee5b14f2eab7-groupManagement] INFO  util.AwaitToRun (AwaitToRun.java:start(81)) - Thread[c6296721-c547-473a-9a19-ee5b14f2eab7@group-2E3400AD0710-cacheEviction-AwaitToRun,5,main] started
2024-02-06 10:04:57,164 [c6296721-c547-473a-9a19-ee5b14f2eab7-groupManagement] INFO  segmented.SegmentedRaftLogWorker (SegmentedRaftLogWorker.java:<init>(182)) - new c6296721-c547-473a-9a19-ee5b14f2eab7@group-2E3400AD0710-SegmentedRaftLogWorker for RaftStorageImpl:Storage Directory /home/runner/work/ozone/ozone/hadoop-ozone/integration-test/target/test-dir/MiniOzoneClusterImpl-5d1c2165-a83d-4eb5-a2bf-ae35b2f22424/datanode-3/data/ratis/9ed817c2-7c51-42bf-a569-2e3400ad0710
2024-02-06 10:04:57,164 [c6296721-c547-473a-9a19-ee5b14f2eab7-groupManagement] INFO  server.RaftServerConfigKeys (ConfUtils.java:logGet(46)) - raft.server.log.queue.byte-limit = 4294967296 (custom)
2024-02-06 10:04:57,164 [c6296721-c547-473a-9a19-ee5b14f2eab7-groupManagement] INFO  server.RaftServerConfigKeys (ConfUtils.java:logGet(46)) - raft.server.log.queue.element-limit = 1024 (custom)
2024-02-06 10:04:57,164 [c6296721-c547-473a-9a19-ee5b14f2eab7-groupManagement] INFO  server.RaftServerConfigKeys (ConfUtils.java:logGet(46)) - raft.server.log.segment.size.max = 67108864 (custom)
2024-02-06 10:04:57,164 [c6296721-c547-473a-9a19-ee5b14f2eab7-groupManagement] INFO  server.RaftServerConfigKeys (ConfUtils.java:logGet(46)) - raft.server.log.preallocated.size = 4194304 (custom)
2024-02-06 10:04:57,164 [c6296721-c547-473a-9a19-ee5b14f2eab7-groupManagement] INFO  server.RaftServerConfigKeys (ConfUtils.java:logGet(46)) - raft.server.log.force.sync.num = 128 (default)
2024-02-06 10:04:57,164 [c6296721-c547-473a-9a19-ee5b14f2eab7-groupManagement] INFO  server.RaftServerConfigKeys (ConfUtils.java:logGet(46)) - raft.server.log.statemachine.data.sync = true (default)
2024-02-06 10:04:57,164 [c6296721-c547-473a-9a19-ee5b14f2eab7-groupManagement] INFO  server.RaftServerConfigKeys (ConfUtils.java:logGet(46)) - raft.server.log.statemachine.data.sync.timeout = 10s (default)
2024-02-06 10:04:57,164 [c6296721-c547-473a-9a19-ee5b14f2eab7-groupManagement] INFO  server.RaftServerConfigKeys (ConfUtils.java:logGet(46)) - raft.server.log.statemachine.data.sync.timeout.retry = 0 (custom)
2024-02-06 10:04:57,165 [c6296721-c547-473a-9a19-ee5b14f2eab7-groupManagement] INFO  server.RaftServerConfigKeys (ConfUtils.java:logGet(46)) - raft.server.log.write.buffer.size = 8388616 (custom)
2024-02-06 10:04:57,166 [c6296721-c547-473a-9a19-ee5b14f2eab7-groupManagement] INFO  server.RaftServerConfigKeys (ConfUtils.java:logGet(46)) - raft.server.log.appender.buffer.byte-limit = 8388608 (custom)
2024-02-06 10:04:57,166 [c6296721-c547-473a-9a19-ee5b14f2eab7-groupManagement] INFO  server.RaftServerConfigKeys (ConfUtils.java:logGet(46)) - raft.server.log.unsafe-flush.enabled = false (default)
2024-02-06 10:04:57,166 [c6296721-c547-473a-9a19-ee5b14f2eab7-groupManagement] INFO  server.RaftServerConfigKeys (ConfUtils.java:logGet(46)) - raft.server.log.async-flush.enabled = false (default)
2024-02-06 10:04:57,166 [c6296721-c547-473a-9a19-ee5b14f2eab7-groupManagement] INFO  server.RaftServerConfigKeys (ConfUtils.java:logGet(46)) - raft.server.log.statemachine.data.caching.enabled = true (custom)
2024-02-06 10:04:57,166 [c6296721-c547-473a-9a19-ee5b14f2eab7-groupManagement] INFO  segmented.SegmentedRaftLogWorker (SegmentedRaftLogWorker.java:lambda$new$0(134)) - c6296721-c547-473a-9a19-ee5b14f2eab7@group-2E3400AD0710-SegmentedRaftLogWorker: flushIndex: setUnconditionally 0 -> -1
2024-02-06 10:04:57,167 [c6296721-c547-473a-9a19-ee5b14f2eab7-groupManagement] INFO  segmented.SegmentedRaftLogWorker (SegmentedRaftLogWorker.java:lambda$new$0(134)) - c6296721-c547-473a-9a19-ee5b14f2eab7@group-2E3400AD0710-SegmentedRaftLogWorker: safeCacheEvictIndex: setUnconditionally 0 -> -1
2024-02-06 10:04:57,167 [c6296721-c547-473a-9a19-ee5b14f2eab7-groupManagement] INFO  server.RaftServer$Division (RaftServerImpl.java:start(396)) - c6296721-c547-473a-9a19-ee5b14f2eab7@group-2E3400AD0710: start as a follower, conf=-1: peers:[d1d50a62-ae00-4aa1-bd49-1c13d08c4e54|10.1.0.5:15504, 3668fcd7-5f50-4258-afea-ecf4a9b92dd6|10.1.0.5:15495, c6296721-c547-473a-9a19-ee5b14f2eab7|10.1.0.5:15486]|listeners:[], old=null
2024-02-06 10:04:57,167 [c6296721-c547-473a-9a19-ee5b14f2eab7-groupManagement] INFO  server.RaftServer$Division (RaftServerImpl.java:setRole(383)) - c6296721-c547-473a-9a19-ee5b14f2eab7@group-2E3400AD0710: changes role from      null to FOLLOWER at term 0 for startAsFollower
2024-02-06 10:04:57,167 [c6296721-c547-473a-9a19-ee5b14f2eab7-groupManagement] INFO  impl.RoleInfo (RoleInfo.java:updateAndGet(139)) - c6296721-c547-473a-9a19-ee5b14f2eab7: start c6296721-c547-473a-9a19-ee5b14f2eab7@group-2E3400AD0710-FollowerState
2024-02-06 10:04:57,167 [c6296721-c547-473a-9a19-ee5b14f2eab7@group-2E3400AD0710-FollowerState] INFO  server.RaftServerConfigKeys (ConfUtils.java:logFallback(53)) - raft.server.rpc.first-election.timeout.min = 5s (fallback to raft.server.rpc.timeout.min)
2024-02-06 10:04:57,167 [c6296721-c547-473a-9a19-ee5b14f2eab7-groupManagement] INFO  util.JmxRegister (JmxRegister.java:tryRegister(44)) - Successfully registered JMX Bean with object name Ratis:service=RaftServer,group=group-2E3400AD0710,id=c6296721-c547-473a-9a19-ee5b14f2eab7
2024-02-06 10:04:57,167 [c6296721-c547-473a-9a19-ee5b14f2eab7@group-2E3400AD0710-FollowerState] INFO  server.RaftServerConfigKeys (ConfUtils.java:logFallback(53)) - raft.server.rpc.first-election.timeout.max = 5200ms (fallback to raft.server.rpc.timeout.max)
2024-02-06 10:04:57,167 [c6296721-c547-473a-9a19-ee5b14f2eab7-groupManagement] INFO  server.RaftServerConfigKeys (ConfUtils.java:logGet(46)) - raft.server.snapshot.trigger-when-stop.enabled = true (default)
2024-02-06 10:04:57,167 [c6296721-c547-473a-9a19-ee5b14f2eab7-groupManagement] INFO  server.RaftServerConfigKeys (ConfUtils.java:logGet(46)) - raft.server.snapshot.auto.trigger.enabled = true (custom)
2024-02-06 10:04:57,167 [c6296721-c547-473a-9a19-ee5b14f2eab7-groupManagement] INFO  server.RaftServerConfigKeys (ConfUtils.java:logGet(46)) - raft.server.snapshot.auto.trigger.threshold = 10000 (custom)
2024-02-06 10:04:57,167 [c6296721-c547-473a-9a19-ee5b14f2eab7-groupManagement] INFO  server.RaftServerConfigKeys (ConfUtils.java:logGet(46)) - raft.server.snapshot.retention.file.num = 5 (custom)
2024-02-06 10:04:57,167 [c6296721-c547-473a-9a19-ee5b14f2eab7-groupManagement] INFO  server.RaftServerConfigKeys (ConfUtils.java:logGet(46)) - raft.server.log.purge.upto.snapshot.index = false (default)
2024-02-06 10:04:57,168 [c6296721-c547-473a-9a19-ee5b14f2eab7-PipelineCommandHandlerThread-0] INFO  ratis.XceiverServerRatis (XceiverServerRatis.java:addGroup(864)) - Created group PipelineID=9ed817c2-7c51-42bf-a569-2e3400ad0710
2024-02-06 10:04:57,172 [grpc-default-executor-0] INFO  server.RaftServer (RaftServerProxy.java:addNew(100)) - 3668fcd7-5f50-4258-afea-ecf4a9b92dd6: addNew group-2E3400AD0710:[d1d50a62-ae00-4aa1-bd49-1c13d08c4e54|10.1.0.5:15504, 3668fcd7-5f50-4258-afea-ecf4a9b92dd6|10.1.0.5:15495, c6296721-c547-473a-9a19-ee5b14f2eab7|10.1.0.5:15486] returns group-2E3400AD0710:java.util.concurrent.CompletableFuture@641b3f20[Not completed]
2024-02-06 10:04:57,173 [3668fcd7-5f50-4258-afea-ecf4a9b92dd6-groupManagement] INFO  server.RaftServer$Division (RaftServerImpl.java:<init>(256)) - 3668fcd7-5f50-4258-afea-ecf4a9b92dd6: new RaftServerImpl for group-2E3400AD0710:[d1d50a62-ae00-4aa1-bd49-1c13d08c4e54|10.1.0.5:15504, 3668fcd7-5f50-4258-afea-ecf4a9b92dd6|10.1.0.5:15495, c6296721-c547-473a-9a19-ee5b14f2eab7|10.1.0.5:15486] with ContainerStateMachine:uninitialized
2024-02-06 10:04:57,173 [3668fcd7-5f50-4258-afea-ecf4a9b92dd6-groupManagement] INFO  server.RaftServerConfigKeys (ConfUtils.java:logGet(46)) - raft.server.rpc.timeout.min = 5s (custom)
2024-02-06 10:04:57,173 [3668fcd7-5f50-4258-afea-ecf4a9b92dd6-groupManagement] INFO  server.RaftServerConfigKeys (ConfUtils.java:logGet(46)) - raft.server.rpc.timeout.max = 5200ms (custom)
2024-02-06 10:04:57,173 [3668fcd7-5f50-4258-afea-ecf4a9b92dd6-groupManagement] INFO  server.RaftServerConfigKeys (ConfUtils.java:logGet(46)) - raft.server.rpc.sleep.time = 25ms (default)
2024-02-06 10:04:57,173 [3668fcd7-5f50-4258-afea-ecf4a9b92dd6-groupManagement] INFO  server.RaftServerConfigKeys (ConfUtils.java:logGet(46)) - raft.server.rpc.slowness.timeout = 300000ms (custom)
2024-02-06 10:04:57,173 [3668fcd7-5f50-4258-afea-ecf4a9b92dd6-groupManagement] INFO  server.RaftServerConfigKeys (ConfUtils.java:logGet(46)) - raft.server.leaderelection.leader.step-down.wait-time = 10s (default)
2024-02-06 10:04:57,173 [3668fcd7-5f50-4258-afea-ecf4a9b92dd6-groupManagement] INFO  server.RaftServerConfigKeys (ConfUtils.java:logGet(46)) - raft.server.leaderelection.member.majority-add = false (default)
2024-02-06 10:04:57,173 [3668fcd7-5f50-4258-afea-ecf4a9b92dd6-groupManagement] INFO  server.RaftServerConfigKeys (ConfUtils.java:logGet(46)) - raft.server.sleep.deviation.threshold = 300ms (default)
2024-02-06 10:04:57,173 [3668fcd7-5f50-4258-afea-ecf4a9b92dd6-groupManagement] INFO  server.RaftServer$Division (ServerState.java:<init>(113)) - 3668fcd7-5f50-4258-afea-ecf4a9b92dd6@group-2E3400AD0710: ConfigurationManager, init=-1: peers:[d1d50a62-ae00-4aa1-bd49-1c13d08c4e54|10.1.0.5:15504, 3668fcd7-5f50-4258-afea-ecf4a9b92dd6|10.1.0.5:15495, c6296721-c547-473a-9a19-ee5b14f2eab7|10.1.0.5:15486]|listeners:[], old=null, confs=<EMPTY_MAP>
2024-02-06 10:04:57,173 [3668fcd7-5f50-4258-afea-ecf4a9b92dd6-groupManagement] INFO  server.RaftServerConfigKeys (ConfUtils.java:logGet(46)) - raft.server.notification.no-leader.timeout = 300000ms (custom)
2024-02-06 10:04:57,174 [3668fcd7-5f50-4258-afea-ecf4a9b92dd6-groupManagement] INFO  server.RaftServerConfigKeys (ConfUtils.java:logGet(46)) - raft.server.read.timeout = 10s (default)
2024-02-06 10:04:57,174 [3668fcd7-5f50-4258-afea-ecf4a9b92dd6-groupManagement] INFO  server.RaftServerConfigKeys (ConfUtils.java:logGet(46)) - raft.server.retrycache.expirytime = 600000ms (custom)
2024-02-06 10:04:57,174 [3668fcd7-5f50-4258-afea-ecf4a9b92dd6-groupManagement] INFO  server.RaftServerConfigKeys (ConfUtils.java:logGet(46)) - raft.server.retrycache.statistics.expirytime = 100ms (default)
2024-02-06 10:04:57,174 [3668fcd7-5f50-4258-afea-ecf4a9b92dd6-groupManagement] INFO  server.RaftServerConfigKeys (ConfUtils.java:logGet(46)) - raft.server.read.option = DEFAULT (default)
2024-02-06 10:04:57,174 [3668fcd7-5f50-4258-afea-ecf4a9b92dd6-groupManagement] INFO  server.RaftServerConfigKeys (ConfUtils.java:logGet(46)) - raft.server.read.read-after-write-consistent.write-index-cache.expiry-time = 60s (default)
2024-02-06 10:04:57,175 [3668fcd7-5f50-4258-afea-ecf4a9b92dd6-groupManagement] INFO  server.RaftServerConfigKeys (ConfUtils.java:logGet(46)) - raft.server.rpc.request.timeout = 3000ms (default)
2024-02-06 10:04:57,175 [3668fcd7-5f50-4258-afea-ecf4a9b92dd6-groupManagement] INFO  server.RaftServerConfigKeys (ConfUtils.java:logGet(46)) - raft.server.log.appender.install.snapshot.enabled = false (custom)
2024-02-06 10:04:57,175 [3668fcd7-5f50-4258-afea-ecf4a9b92dd6-groupManagement] INFO  server.RaftServerConfigKeys (ConfUtils.java:logGet(46)) - raft.server.threadpool.server.cached = true (default)
2024-02-06 10:04:57,175 [3668fcd7-5f50-4258-afea-ecf4a9b92dd6-groupManagement] INFO  server.RaftServerConfigKeys (ConfUtils.java:logGet(46)) - raft.server.threadpool.server.size = 0 (default)
2024-02-06 10:04:57,175 [3668fcd7-5f50-4258-afea-ecf4a9b92dd6-groupManagement] INFO  server.RaftServerConfigKeys (ConfUtils.java:logGet(46)) - raft.server.threadpool.client.cached = true (default)
2024-02-06 10:04:57,175 [3668fcd7-5f50-4258-afea-ecf4a9b92dd6-groupManagement] INFO  server.RaftServerConfigKeys (ConfUtils.java:logGet(46)) - raft.server.threadpool.client.size = 0 (default)
2024-02-06 10:04:57,175 [3668fcd7-5f50-4258-afea-ecf4a9b92dd6-groupManagement] INFO  server.RaftServerConfigKeys (ConfUtils.java:logGet(46)) - raft.server.storage.free-space.min = 0MB (=0) (default)
2024-02-06 10:04:57,175 [3668fcd7-5f50-4258-afea-ecf4a9b92dd6-groupManagement] INFO  server.RaftServerConfigKeys (ConfUtils.java:logGet(46)) - raft.server.log.corruption.policy = EXCEPTION (default)
2024-02-06 10:04:57,175 [3668fcd7-5f50-4258-afea-ecf4a9b92dd6-groupManagement] INFO  server.RaftServerConfigKeys (ConfUtils.java:logGet(46)) - raft.server.storage.dir = [/home/runner/work/ozone/ozone/hadoop-ozone/integration-test/target/test-dir/MiniOzoneClusterImpl-5d1c2165-a83d-4eb5-a2bf-ae35b2f22424/datanode-4/data/ratis] (custom)
2024-02-06 10:04:57,175 [3668fcd7-5f50-4258-afea-ecf4a9b92dd6-groupManagement] INFO  storage.RaftStorageDirectory (RaftStorageDirectoryImpl.java:analyzeStorage(138)) - The storage directory /home/runner/work/ozone/ozone/hadoop-ozone/integration-test/target/test-dir/MiniOzoneClusterImpl-5d1c2165-a83d-4eb5-a2bf-ae35b2f22424/datanode-4/data/ratis/9ed817c2-7c51-42bf-a569-2e3400ad0710 does not exist. Creating ...
2024-02-06 10:04:57,176 [3668fcd7-5f50-4258-afea-ecf4a9b92dd6-groupManagement] INFO  storage.RaftStorageDirectory (RaftStorageDirectoryImpl.java:tryLock(228)) - Lock on /home/runner/work/ozone/ozone/hadoop-ozone/integration-test/target/test-dir/MiniOzoneClusterImpl-5d1c2165-a83d-4eb5-a2bf-ae35b2f22424/datanode-4/data/ratis/9ed817c2-7c51-42bf-a569-2e3400ad0710/in_use.lock acquired by nodename 37157@fv-az776-296
2024-02-06 10:04:57,177 [3668fcd7-5f50-4258-afea-ecf4a9b92dd6-groupManagement] INFO  storage.RaftStorage (RaftStorageImpl.java:format(99)) - Storage directory /home/runner/work/ozone/ozone/hadoop-ozone/integration-test/target/test-dir/MiniOzoneClusterImpl-5d1c2165-a83d-4eb5-a2bf-ae35b2f22424/datanode-4/data/ratis/9ed817c2-7c51-42bf-a569-2e3400ad0710 has been successfully formatted.
2024-02-06 10:04:57,177 [3668fcd7-5f50-4258-afea-ecf4a9b92dd6-groupManagement] WARN  util.FileUtils (LogUtils.java:supplyAndLog(63)) - Failed to Files.newInputStream /home/runner/work/ozone/ozone/hadoop-ozone/integration-test/target/test-dir/MiniOzoneClusterImpl-5d1c2165-a83d-4eb5-a2bf-ae35b2f22424/datanode-4/data/ratis/9ed817c2-7c51-42bf-a569-2e3400ad0710/current/raft-meta.conf with options []: java.nio.file.NoSuchFileException: /home/runner/work/ozone/ozone/hadoop-ozone/integration-test/target/test-dir/MiniOzoneClusterImpl-5d1c2165-a83d-4eb5-a2bf-ae35b2f22424/datanode-4/data/ratis/9ed817c2-7c51-42bf-a569-2e3400ad0710/current/raft-meta.conf
2024-02-06 10:04:57,178 [3668fcd7-5f50-4258-afea-ecf4a9b92dd6-groupManagement] INFO  ratis.ContainerStateMachine (ContainerStateMachine.java:loadSnapshot(287)) - group-2E3400AD0710: The snapshot info is null. Setting the last applied index to:(t:0, i:~)
2024-02-06 10:04:57,178 [3668fcd7-5f50-4258-afea-ecf4a9b92dd6-groupManagement] INFO  server.RaftServerConfigKeys (ConfUtils.java:logGet(46)) - raft.server.log.use.memory = false (default)
2024-02-06 10:04:57,179 [3668fcd7-5f50-4258-afea-ecf4a9b92dd6-groupManagement] INFO  server.RaftServerConfigKeys (ConfUtils.java:logGet(46)) - raft.server.log.purge.gap = 1000000 (custom)
2024-02-06 10:04:57,179 [3668fcd7-5f50-4258-afea-ecf4a9b92dd6-groupManagement] INFO  server.RaftServerConfigKeys (ConfUtils.java:logGet(46)) - raft.server.log.appender.buffer.byte-limit = 8388608 (custom)
2024-02-06 10:04:57,179 [3668fcd7-5f50-4258-afea-ecf4a9b92dd6-groupManagement] INFO  server.RaftServerConfigKeys (ConfUtils.java:logGet(46)) - raft.server.log.statemachine.data.read.timeout = 1000ms (default)
2024-02-06 10:04:57,179 [3668fcd7-5f50-4258-afea-ecf4a9b92dd6-groupManagement] INFO  server.RaftServerConfigKeys (ConfUtils.java:logGet(46)) - raft.server.log.purge.preservation.log.num = 0 (default)
2024-02-06 10:04:57,180 [3668fcd7-5f50-4258-afea-ecf4a9b92dd6-groupManagement] INFO  server.RaftServerConfigKeys (ConfUtils.java:logGet(46)) - raft.server.log.segment.size.max = 67108864 (custom)
2024-02-06 10:04:57,180 [3668fcd7-5f50-4258-afea-ecf4a9b92dd6-groupManagement] INFO  server.RaftServerConfigKeys (ConfUtils.java:logGet(46)) - raft.server.log.segment.cache.num.max = 2 (custom)
2024-02-06 10:04:57,180 [3668fcd7-5f50-4258-afea-ecf4a9b92dd6-groupManagement] INFO  server.RaftServerConfigKeys (ConfUtils.java:logGet(46)) - raft.server.log.segment.cache.size.max = 200MB (=209715200) (default)
2024-02-06 10:04:57,180 [3668fcd7-5f50-4258-afea-ecf4a9b92dd6-groupManagement] INFO  server.RaftServerConfigKeys (ConfUtils.java:logGet(46)) - raft.server.log.appender.buffer.byte-limit = 8388608 (custom)
2024-02-06 10:04:57,181 [3668fcd7-5f50-4258-afea-ecf4a9b92dd6-groupManagement] INFO  util.AwaitToRun (AwaitToRun.java:start(81)) - Thread[3668fcd7-5f50-4258-afea-ecf4a9b92dd6@group-2E3400AD0710-cacheEviction-AwaitToRun,5,main] started
2024-02-06 10:04:57,181 [3668fcd7-5f50-4258-afea-ecf4a9b92dd6-groupManagement] INFO  segmented.SegmentedRaftLogWorker (SegmentedRaftLogWorker.java:<init>(182)) - new 3668fcd7-5f50-4258-afea-ecf4a9b92dd6@group-2E3400AD0710-SegmentedRaftLogWorker for RaftStorageImpl:Storage Directory /home/runner/work/ozone/ozone/hadoop-ozone/integration-test/target/test-dir/MiniOzoneClusterImpl-5d1c2165-a83d-4eb5-a2bf-ae35b2f22424/datanode-4/data/ratis/9ed817c2-7c51-42bf-a569-2e3400ad0710
2024-02-06 10:04:57,181 [3668fcd7-5f50-4258-afea-ecf4a9b92dd6-groupManagement] INFO  server.RaftServerConfigKeys (ConfUtils.java:logGet(46)) - raft.server.log.queue.byte-limit = 4294967296 (custom)
2024-02-06 10:04:57,181 [3668fcd7-5f50-4258-afea-ecf4a9b92dd6-groupManagement] INFO  server.RaftServerConfigKeys (ConfUtils.java:logGet(46)) - raft.server.log.queue.element-limit = 1024 (custom)
2024-02-06 10:04:57,181 [3668fcd7-5f50-4258-afea-ecf4a9b92dd6-groupManagement] INFO  server.RaftServerConfigKeys (ConfUtils.java:logGet(46)) - raft.server.log.segment.size.max = 67108864 (custom)
2024-02-06 10:04:57,181 [3668fcd7-5f50-4258-afea-ecf4a9b92dd6-groupManagement] INFO  server.RaftServerConfigKeys (ConfUtils.java:logGet(46)) - raft.server.log.preallocated.size = 4194304 (custom)
2024-02-06 10:04:57,181 [3668fcd7-5f50-4258-afea-ecf4a9b92dd6-groupManagement] INFO  server.RaftServerConfigKeys (ConfUtils.java:logGet(46)) - raft.server.log.force.sync.num = 128 (default)
2024-02-06 10:04:57,181 [3668fcd7-5f50-4258-afea-ecf4a9b92dd6-groupManagement] INFO  server.RaftServerConfigKeys (ConfUtils.java:logGet(46)) - raft.server.log.statemachine.data.sync = true (default)
2024-02-06 10:04:57,181 [3668fcd7-5f50-4258-afea-ecf4a9b92dd6-groupManagement] INFO  server.RaftServerConfigKeys (ConfUtils.java:logGet(46)) - raft.server.log.statemachine.data.sync.timeout = 10s (default)
2024-02-06 10:04:57,181 [3668fcd7-5f50-4258-afea-ecf4a9b92dd6-groupManagement] INFO  server.RaftServerConfigKeys (ConfUtils.java:logGet(46)) - raft.server.log.statemachine.data.sync.timeout.retry = 0 (custom)
2024-02-06 10:04:57,181 [3668fcd7-5f50-4258-afea-ecf4a9b92dd6-groupManagement] INFO  server.RaftServerConfigKeys (ConfUtils.java:logGet(46)) - raft.server.log.write.buffer.size = 8388616 (custom)
2024-02-06 10:04:57,182 [3668fcd7-5f50-4258-afea-ecf4a9b92dd6-groupManagement] INFO  server.RaftServerConfigKeys (ConfUtils.java:logGet(46)) - raft.server.log.appender.buffer.byte-limit = 8388608 (custom)
2024-02-06 10:04:57,182 [3668fcd7-5f50-4258-afea-ecf4a9b92dd6-groupManagement] INFO  server.RaftServerConfigKeys (ConfUtils.java:logGet(46)) - raft.server.log.unsafe-flush.enabled = false (default)
2024-02-06 10:04:57,182 [3668fcd7-5f50-4258-afea-ecf4a9b92dd6-groupManagement] INFO  server.RaftServerConfigKeys (ConfUtils.java:logGet(46)) - raft.server.log.async-flush.enabled = false (default)
2024-02-06 10:04:57,182 [3668fcd7-5f50-4258-afea-ecf4a9b92dd6-groupManagement] INFO  server.RaftServerConfigKeys (ConfUtils.java:logGet(46)) - raft.server.log.statemachine.data.caching.enabled = true (custom)
2024-02-06 10:04:57,183 [3668fcd7-5f50-4258-afea-ecf4a9b92dd6-groupManagement] INFO  segmented.SegmentedRaftLogWorker (SegmentedRaftLogWorker.java:lambda$new$0(134)) - 3668fcd7-5f50-4258-afea-ecf4a9b92dd6@group-2E3400AD0710-SegmentedRaftLogWorker: flushIndex: setUnconditionally 0 -> -1
2024-02-06 10:04:57,183 [3668fcd7-5f50-4258-afea-ecf4a9b92dd6-groupManagement] INFO  segmented.SegmentedRaftLogWorker (SegmentedRaftLogWorker.java:lambda$new$0(134)) - 3668fcd7-5f50-4258-afea-ecf4a9b92dd6@group-2E3400AD0710-SegmentedRaftLogWorker: safeCacheEvictIndex: setUnconditionally 0 -> -1
2024-02-06 10:04:57,183 [3668fcd7-5f50-4258-afea-ecf4a9b92dd6-groupManagement] INFO  server.RaftServer$Division (RaftServerImpl.java:start(396)) - 3668fcd7-5f50-4258-afea-ecf4a9b92dd6@group-2E3400AD0710: start as a follower, conf=-1: peers:[d1d50a62-ae00-4aa1-bd49-1c13d08c4e54|10.1.0.5:15504, 3668fcd7-5f50-4258-afea-ecf4a9b92dd6|10.1.0.5:15495, c6296721-c547-473a-9a19-ee5b14f2eab7|10.1.0.5:15486]|listeners:[], old=null
2024-02-06 10:04:57,183 [3668fcd7-5f50-4258-afea-ecf4a9b92dd6-groupManagement] INFO  server.RaftServer$Division (RaftServerImpl.java:setRole(383)) - 3668fcd7-5f50-4258-afea-ecf4a9b92dd6@group-2E3400AD0710: changes role from      null to FOLLOWER at term 0 for startAsFollower
2024-02-06 10:04:57,183 [3668fcd7-5f50-4258-afea-ecf4a9b92dd6-groupManagement] INFO  impl.RoleInfo (RoleInfo.java:updateAndGet(139)) - 3668fcd7-5f50-4258-afea-ecf4a9b92dd6: start 3668fcd7-5f50-4258-afea-ecf4a9b92dd6@group-2E3400AD0710-FollowerState
2024-02-06 10:04:57,183 [3668fcd7-5f50-4258-afea-ecf4a9b92dd6@group-2E3400AD0710-FollowerState] INFO  server.RaftServerConfigKeys (ConfUtils.java:logFallback(53)) - raft.server.rpc.first-election.timeout.min = 5s (fallback to raft.server.rpc.timeout.min)
2024-02-06 10:04:57,183 [3668fcd7-5f50-4258-afea-ecf4a9b92dd6-groupManagement] INFO  util.JmxRegister (JmxRegister.java:tryRegister(44)) - Successfully registered JMX Bean with object name Ratis:service=RaftServer,group=group-2E3400AD0710,id=3668fcd7-5f50-4258-afea-ecf4a9b92dd6
2024-02-06 10:04:57,183 [3668fcd7-5f50-4258-afea-ecf4a9b92dd6@group-2E3400AD0710-FollowerState] INFO  server.RaftServerConfigKeys (ConfUtils.java:logFallback(53)) - raft.server.rpc.first-election.timeout.max = 5200ms (fallback to raft.server.rpc.timeout.max)
2024-02-06 10:04:57,183 [3668fcd7-5f50-4258-afea-ecf4a9b92dd6-groupManagement] INFO  server.RaftServerConfigKeys (ConfUtils.java:logGet(46)) - raft.server.snapshot.trigger-when-stop.enabled = true (default)
2024-02-06 10:04:57,183 [3668fcd7-5f50-4258-afea-ecf4a9b92dd6-groupManagement] INFO  server.RaftServerConfigKeys (ConfUtils.java:logGet(46)) - raft.server.snapshot.auto.trigger.enabled = true (custom)
2024-02-06 10:04:57,183 [3668fcd7-5f50-4258-afea-ecf4a9b92dd6-groupManagement] INFO  server.RaftServerConfigKeys (ConfUtils.java:logGet(46)) - raft.server.snapshot.auto.trigger.threshold = 10000 (custom)
2024-02-06 10:04:57,183 [3668fcd7-5f50-4258-afea-ecf4a9b92dd6-groupManagement] INFO  server.RaftServerConfigKeys (ConfUtils.java:logGet(46)) - raft.server.snapshot.retention.file.num = 5 (custom)
2024-02-06 10:04:57,183 [3668fcd7-5f50-4258-afea-ecf4a9b92dd6-groupManagement] INFO  server.RaftServerConfigKeys (ConfUtils.java:logGet(46)) - raft.server.log.purge.upto.snapshot.index = false (default)
2024-02-06 10:04:57,190 [grpc-default-executor-0] INFO  server.RaftServer (RaftServerProxy.java:addNew(100)) - d1d50a62-ae00-4aa1-bd49-1c13d08c4e54: addNew group-2E3400AD0710:[d1d50a62-ae00-4aa1-bd49-1c13d08c4e54|10.1.0.5:15504, 3668fcd7-5f50-4258-afea-ecf4a9b92dd6|10.1.0.5:15495, c6296721-c547-473a-9a19-ee5b14f2eab7|10.1.0.5:15486] returns group-2E3400AD0710:java.util.concurrent.CompletableFuture@495b05d[Not completed]
2024-02-06 10:04:57,191 [d1d50a62-ae00-4aa1-bd49-1c13d08c4e54-groupManagement] INFO  server.RaftServer$Division (RaftServerImpl.java:<init>(256)) - d1d50a62-ae00-4aa1-bd49-1c13d08c4e54: new RaftServerImpl for group-2E3400AD0710:[d1d50a62-ae00-4aa1-bd49-1c13d08c4e54|10.1.0.5:15504, 3668fcd7-5f50-4258-afea-ecf4a9b92dd6|10.1.0.5:15495, c6296721-c547-473a-9a19-ee5b14f2eab7|10.1.0.5:15486] with ContainerStateMachine:uninitialized
2024-02-06 10:04:57,191 [d1d50a62-ae00-4aa1-bd49-1c13d08c4e54-groupManagement] INFO  server.RaftServerConfigKeys (ConfUtils.java:logGet(46)) - raft.server.rpc.timeout.min = 5s (custom)
2024-02-06 10:04:57,191 [d1d50a62-ae00-4aa1-bd49-1c13d08c4e54-groupManagement] INFO  server.RaftServerConfigKeys (ConfUtils.java:logGet(46)) - raft.server.rpc.timeout.max = 5200ms (custom)
2024-02-06 10:04:57,191 [d1d50a62-ae00-4aa1-bd49-1c13d08c4e54-groupManagement] INFO  server.RaftServerConfigKeys (ConfUtils.java:logGet(46)) - raft.server.rpc.sleep.time = 25ms (default)
2024-02-06 10:04:57,191 [d1d50a62-ae00-4aa1-bd49-1c13d08c4e54-groupManagement] INFO  server.RaftServerConfigKeys (ConfUtils.java:logGet(46)) - raft.server.rpc.slowness.timeout = 300000ms (custom)
2024-02-06 10:04:57,191 [d1d50a62-ae00-4aa1-bd49-1c13d08c4e54-groupManagement] INFO  server.RaftServerConfigKeys (ConfUtils.java:logGet(46)) - raft.server.leaderelection.leader.step-down.wait-time = 10s (default)
2024-02-06 10:04:57,191 [d1d50a62-ae00-4aa1-bd49-1c13d08c4e54-groupManagement] INFO  server.RaftServerConfigKeys (ConfUtils.java:logGet(46)) - raft.server.leaderelection.member.majority-add = false (default)
2024-02-06 10:04:57,191 [d1d50a62-ae00-4aa1-bd49-1c13d08c4e54-groupManagement] INFO  server.RaftServerConfigKeys (ConfUtils.java:logGet(46)) - raft.server.sleep.deviation.threshold = 300ms (default)
2024-02-06 10:04:57,191 [d1d50a62-ae00-4aa1-bd49-1c13d08c4e54-groupManagement] INFO  server.RaftServer$Division (ServerState.java:<init>(113)) - d1d50a62-ae00-4aa1-bd49-1c13d08c4e54@group-2E3400AD0710: ConfigurationManager, init=-1: peers:[d1d50a62-ae00-4aa1-bd49-1c13d08c4e54|10.1.0.5:15504, 3668fcd7-5f50-4258-afea-ecf4a9b92dd6|10.1.0.5:15495, c6296721-c547-473a-9a19-ee5b14f2eab7|10.1.0.5:15486]|listeners:[], old=null, confs=<EMPTY_MAP>
2024-02-06 10:04:57,191 [d1d50a62-ae00-4aa1-bd49-1c13d08c4e54-groupManagement] INFO  server.RaftServerConfigKeys (ConfUtils.java:logGet(46)) - raft.server.notification.no-leader.timeout = 300000ms (custom)
2024-02-06 10:04:57,191 [d1d50a62-ae00-4aa1-bd49-1c13d08c4e54-groupManagement] INFO  server.RaftServerConfigKeys (ConfUtils.java:logGet(46)) - raft.server.read.timeout = 10s (default)
2024-02-06 10:04:57,191 [d1d50a62-ae00-4aa1-bd49-1c13d08c4e54-groupManagement] INFO  server.RaftServerConfigKeys (ConfUtils.java:logGet(46)) - raft.server.retrycache.expirytime = 600000ms (custom)
2024-02-06 10:04:57,191 [d1d50a62-ae00-4aa1-bd49-1c13d08c4e54-groupManagement] INFO  server.RaftServerConfigKeys (ConfUtils.java:logGet(46)) - raft.server.retrycache.statistics.expirytime = 100ms (default)
2024-02-06 10:04:57,191 [d1d50a62-ae00-4aa1-bd49-1c13d08c4e54-groupManagement] INFO  server.RaftServerConfigKeys (ConfUtils.java:logGet(46)) - raft.server.read.option = DEFAULT (default)
2024-02-06 10:04:57,191 [d1d50a62-ae00-4aa1-bd49-1c13d08c4e54-groupManagement] INFO  server.RaftServerConfigKeys (ConfUtils.java:logGet(46)) - raft.server.read.read-after-write-consistent.write-index-cache.expiry-time = 60s (default)
2024-02-06 10:04:57,193 [d1d50a62-ae00-4aa1-bd49-1c13d08c4e54-groupManagement] INFO  server.RaftServerConfigKeys (ConfUtils.java:logGet(46)) - raft.server.rpc.request.timeout = 3000ms (default)
2024-02-06 10:04:57,193 [d1d50a62-ae00-4aa1-bd49-1c13d08c4e54-groupManagement] INFO  server.RaftServerConfigKeys (ConfUtils.java:logGet(46)) - raft.server.log.appender.install.snapshot.enabled = false (custom)
2024-02-06 10:04:57,193 [d1d50a62-ae00-4aa1-bd49-1c13d08c4e54-groupManagement] INFO  server.RaftServerConfigKeys (ConfUtils.java:logGet(46)) - raft.server.threadpool.server.cached = true (default)
2024-02-06 10:04:57,193 [d1d50a62-ae00-4aa1-bd49-1c13d08c4e54-groupManagement] INFO  server.RaftServerConfigKeys (ConfUtils.java:logGet(46)) - raft.server.threadpool.server.size = 0 (default)
2024-02-06 10:04:57,193 [d1d50a62-ae00-4aa1-bd49-1c13d08c4e54-groupManagement] INFO  server.RaftServerConfigKeys (ConfUtils.java:logGet(46)) - raft.server.threadpool.client.cached = true (default)
2024-02-06 10:04:57,193 [d1d50a62-ae00-4aa1-bd49-1c13d08c4e54-groupManagement] INFO  server.RaftServerConfigKeys (ConfUtils.java:logGet(46)) - raft.server.threadpool.client.size = 0 (default)
2024-02-06 10:04:57,193 [d1d50a62-ae00-4aa1-bd49-1c13d08c4e54-groupManagement] INFO  server.RaftServerConfigKeys (ConfUtils.java:logGet(46)) - raft.server.storage.free-space.min = 0MB (=0) (default)
2024-02-06 10:04:57,193 [d1d50a62-ae00-4aa1-bd49-1c13d08c4e54-groupManagement] INFO  server.RaftServerConfigKeys (ConfUtils.java:logGet(46)) - raft.server.log.corruption.policy = EXCEPTION (default)
2024-02-06 10:04:57,193 [d1d50a62-ae00-4aa1-bd49-1c13d08c4e54-groupManagement] INFO  server.RaftServerConfigKeys (ConfUtils.java:logGet(46)) - raft.server.storage.dir = [/home/runner/work/ozone/ozone/hadoop-ozone/integration-test/target/test-dir/MiniOzoneClusterImpl-5d1c2165-a83d-4eb5-a2bf-ae35b2f22424/datanode-5/data/ratis] (custom)
2024-02-06 10:04:57,193 [d1d50a62-ae00-4aa1-bd49-1c13d08c4e54-groupManagement] INFO  storage.RaftStorageDirectory (RaftStorageDirectoryImpl.java:analyzeStorage(138)) - The storage directory /home/runner/work/ozone/ozone/hadoop-ozone/integration-test/target/test-dir/MiniOzoneClusterImpl-5d1c2165-a83d-4eb5-a2bf-ae35b2f22424/datanode-5/data/ratis/9ed817c2-7c51-42bf-a569-2e3400ad0710 does not exist. Creating ...
2024-02-06 10:04:57,194 [d1d50a62-ae00-4aa1-bd49-1c13d08c4e54-groupManagement] INFO  storage.RaftStorageDirectory (RaftStorageDirectoryImpl.java:tryLock(228)) - Lock on /home/runner/work/ozone/ozone/hadoop-ozone/integration-test/target/test-dir/MiniOzoneClusterImpl-5d1c2165-a83d-4eb5-a2bf-ae35b2f22424/datanode-5/data/ratis/9ed817c2-7c51-42bf-a569-2e3400ad0710/in_use.lock acquired by nodename 37157@fv-az776-296
2024-02-06 10:04:57,195 [d1d50a62-ae00-4aa1-bd49-1c13d08c4e54-groupManagement] INFO  storage.RaftStorage (RaftStorageImpl.java:format(99)) - Storage directory /home/runner/work/ozone/ozone/hadoop-ozone/integration-test/target/test-dir/MiniOzoneClusterImpl-5d1c2165-a83d-4eb5-a2bf-ae35b2f22424/datanode-5/data/ratis/9ed817c2-7c51-42bf-a569-2e3400ad0710 has been successfully formatted.
2024-02-06 10:04:57,195 [d1d50a62-ae00-4aa1-bd49-1c13d08c4e54-groupManagement] WARN  util.FileUtils (LogUtils.java:supplyAndLog(63)) - Failed to Files.newInputStream /home/runner/work/ozone/ozone/hadoop-ozone/integration-test/target/test-dir/MiniOzoneClusterImpl-5d1c2165-a83d-4eb5-a2bf-ae35b2f22424/datanode-5/data/ratis/9ed817c2-7c51-42bf-a569-2e3400ad0710/current/raft-meta.conf with options []: java.nio.file.NoSuchFileException: /home/runner/work/ozone/ozone/hadoop-ozone/integration-test/target/test-dir/MiniOzoneClusterImpl-5d1c2165-a83d-4eb5-a2bf-ae35b2f22424/datanode-5/data/ratis/9ed817c2-7c51-42bf-a569-2e3400ad0710/current/raft-meta.conf
2024-02-06 10:04:57,196 [d1d50a62-ae00-4aa1-bd49-1c13d08c4e54-groupManagement] INFO  ratis.ContainerStateMachine (ContainerStateMachine.java:loadSnapshot(287)) - group-2E3400AD0710: The snapshot info is null. Setting the last applied index to:(t:0, i:~)
2024-02-06 10:04:57,196 [d1d50a62-ae00-4aa1-bd49-1c13d08c4e54-groupManagement] INFO  server.RaftServerConfigKeys (ConfUtils.java:logGet(46)) - raft.server.log.use.memory = false (default)
2024-02-06 10:04:57,197 [d1d50a62-ae00-4aa1-bd49-1c13d08c4e54-groupManagement] INFO  server.RaftServerConfigKeys (ConfUtils.java:logGet(46)) - raft.server.log.purge.gap = 1000000 (custom)
2024-02-06 10:04:57,197 [d1d50a62-ae00-4aa1-bd49-1c13d08c4e54-groupManagement] INFO  server.RaftServerConfigKeys (ConfUtils.java:logGet(46)) - raft.server.log.appender.buffer.byte-limit = 8388608 (custom)
2024-02-06 10:04:57,197 [d1d50a62-ae00-4aa1-bd49-1c13d08c4e54-groupManagement] INFO  server.RaftServerConfigKeys (ConfUtils.java:logGet(46)) - raft.server.log.statemachine.data.read.timeout = 1000ms (default)
2024-02-06 10:04:57,197 [d1d50a62-ae00-4aa1-bd49-1c13d08c4e54-groupManagement] INFO  server.RaftServerConfigKeys (ConfUtils.java:logGet(46)) - raft.server.log.purge.preservation.log.num = 0 (default)
2024-02-06 10:04:57,198 [d1d50a62-ae00-4aa1-bd49-1c13d08c4e54-groupManagement] INFO  server.RaftServerConfigKeys (ConfUtils.java:logGet(46)) - raft.server.log.segment.size.max = 67108864 (custom)
2024-02-06 10:04:57,198 [d1d50a62-ae00-4aa1-bd49-1c13d08c4e54-groupManagement] INFO  server.RaftServerConfigKeys (ConfUtils.java:logGet(46)) - raft.server.log.segment.cache.num.max = 2 (custom)
2024-02-06 10:04:57,198 [d1d50a62-ae00-4aa1-bd49-1c13d08c4e54-groupManagement] INFO  server.RaftServerConfigKeys (ConfUtils.java:logGet(46)) - raft.server.log.segment.cache.size.max = 200MB (=209715200) (default)
2024-02-06 10:04:57,198 [d1d50a62-ae00-4aa1-bd49-1c13d08c4e54-groupManagement] INFO  server.RaftServerConfigKeys (ConfUtils.java:logGet(46)) - raft.server.log.appender.buffer.byte-limit = 8388608 (custom)
2024-02-06 10:04:57,198 [d1d50a62-ae00-4aa1-bd49-1c13d08c4e54-groupManagement] INFO  util.AwaitToRun (AwaitToRun.java:start(81)) - Thread[d1d50a62-ae00-4aa1-bd49-1c13d08c4e54@group-2E3400AD0710-cacheEviction-AwaitToRun,5,main] started
2024-02-06 10:04:57,198 [d1d50a62-ae00-4aa1-bd49-1c13d08c4e54-groupManagement] INFO  segmented.SegmentedRaftLogWorker (SegmentedRaftLogWorker.java:<init>(182)) - new d1d50a62-ae00-4aa1-bd49-1c13d08c4e54@group-2E3400AD0710-SegmentedRaftLogWorker for RaftStorageImpl:Storage Directory /home/runner/work/ozone/ozone/hadoop-ozone/integration-test/target/test-dir/MiniOzoneClusterImpl-5d1c2165-a83d-4eb5-a2bf-ae35b2f22424/datanode-5/data/ratis/9ed817c2-7c51-42bf-a569-2e3400ad0710
2024-02-06 10:04:57,198 [d1d50a62-ae00-4aa1-bd49-1c13d08c4e54-groupManagement] INFO  server.RaftServerConfigKeys (ConfUtils.java:logGet(46)) - raft.server.log.queue.byte-limit = 4294967296 (custom)
2024-02-06 10:04:57,198 [d1d50a62-ae00-4aa1-bd49-1c13d08c4e54-groupManagement] INFO  server.RaftServerConfigKeys (ConfUtils.java:logGet(46)) - raft.server.log.queue.element-limit = 1024 (custom)
2024-02-06 10:04:57,198 [d1d50a62-ae00-4aa1-bd49-1c13d08c4e54-groupManagement] INFO  server.RaftServerConfigKeys (ConfUtils.java:logGet(46)) - raft.server.log.segment.size.max = 67108864 (custom)
2024-02-06 10:04:57,198 [d1d50a62-ae00-4aa1-bd49-1c13d08c4e54-groupManagement] INFO  server.RaftServerConfigKeys (ConfUtils.java:logGet(46)) - raft.server.log.preallocated.size = 4194304 (custom)
2024-02-06 10:04:57,198 [d1d50a62-ae00-4aa1-bd49-1c13d08c4e54-groupManagement] INFO  server.RaftServerConfigKeys (ConfUtils.java:logGet(46)) - raft.server.log.force.sync.num = 128 (default)
2024-02-06 10:04:57,198 [d1d50a62-ae00-4aa1-bd49-1c13d08c4e54-groupManagement] INFO  server.RaftServerConfigKeys (ConfUtils.java:logGet(46)) - raft.server.log.statemachine.data.sync = true (default)
2024-02-06 10:04:57,198 [d1d50a62-ae00-4aa1-bd49-1c13d08c4e54-groupManagement] INFO  server.RaftServerConfigKeys (ConfUtils.java:logGet(46)) - raft.server.log.statemachine.data.sync.timeout = 10s (default)
2024-02-06 10:04:57,198 [d1d50a62-ae00-4aa1-bd49-1c13d08c4e54-groupManagement] INFO  server.RaftServerConfigKeys (ConfUtils.java:logGet(46)) - raft.server.log.statemachine.data.sync.timeout.retry = 0 (custom)
2024-02-06 10:04:57,199 [d1d50a62-ae00-4aa1-bd49-1c13d08c4e54-groupManagement] INFO  server.RaftServerConfigKeys (ConfUtils.java:logGet(46)) - raft.server.log.write.buffer.size = 8388616 (custom)
2024-02-06 10:04:57,200 [d1d50a62-ae00-4aa1-bd49-1c13d08c4e54-groupManagement] INFO  server.RaftServerConfigKeys (ConfUtils.java:logGet(46)) - raft.server.log.appender.buffer.byte-limit = 8388608 (custom)
2024-02-06 10:04:57,200 [d1d50a62-ae00-4aa1-bd49-1c13d08c4e54-groupManagement] INFO  server.RaftServerConfigKeys (ConfUtils.java:logGet(46)) - raft.server.log.unsafe-flush.enabled = false (default)
2024-02-06 10:04:57,200 [d1d50a62-ae00-4aa1-bd49-1c13d08c4e54-groupManagement] INFO  server.RaftServerConfigKeys (ConfUtils.java:logGet(46)) - raft.server.log.async-flush.enabled = false (default)
2024-02-06 10:04:57,200 [d1d50a62-ae00-4aa1-bd49-1c13d08c4e54-groupManagement] INFO  server.RaftServerConfigKeys (ConfUtils.java:logGet(46)) - raft.server.log.statemachine.data.caching.enabled = true (custom)
2024-02-06 10:04:57,200 [d1d50a62-ae00-4aa1-bd49-1c13d08c4e54-groupManagement] INFO  segmented.SegmentedRaftLogWorker (SegmentedRaftLogWorker.java:lambda$new$0(134)) - d1d50a62-ae00-4aa1-bd49-1c13d08c4e54@group-2E3400AD0710-SegmentedRaftLogWorker: flushIndex: setUnconditionally 0 -> -1
2024-02-06 10:04:57,200 [d1d50a62-ae00-4aa1-bd49-1c13d08c4e54-groupManagement] INFO  segmented.SegmentedRaftLogWorker (SegmentedRaftLogWorker.java:lambda$new$0(134)) - d1d50a62-ae00-4aa1-bd49-1c13d08c4e54@group-2E3400AD0710-SegmentedRaftLogWorker: safeCacheEvictIndex: setUnconditionally 0 -> -1
2024-02-06 10:04:57,200 [d1d50a62-ae00-4aa1-bd49-1c13d08c4e54-groupManagement] INFO  server.RaftServer$Division (RaftServerImpl.java:start(396)) - d1d50a62-ae00-4aa1-bd49-1c13d08c4e54@group-2E3400AD0710: start as a follower, conf=-1: peers:[d1d50a62-ae00-4aa1-bd49-1c13d08c4e54|10.1.0.5:15504, 3668fcd7-5f50-4258-afea-ecf4a9b92dd6|10.1.0.5:15495, c6296721-c547-473a-9a19-ee5b14f2eab7|10.1.0.5:15486]|listeners:[], old=null
2024-02-06 10:04:57,200 [d1d50a62-ae00-4aa1-bd49-1c13d08c4e54-groupManagement] INFO  server.RaftServer$Division (RaftServerImpl.java:setRole(383)) - d1d50a62-ae00-4aa1-bd49-1c13d08c4e54@group-2E3400AD0710: changes role from      null to FOLLOWER at term 0 for startAsFollower
2024-02-06 10:04:57,200 [d1d50a62-ae00-4aa1-bd49-1c13d08c4e54-groupManagement] INFO  impl.RoleInfo (RoleInfo.java:updateAndGet(139)) - d1d50a62-ae00-4aa1-bd49-1c13d08c4e54: start d1d50a62-ae00-4aa1-bd49-1c13d08c4e54@group-2E3400AD0710-FollowerState
2024-02-06 10:04:57,200 [d1d50a62-ae00-4aa1-bd49-1c13d08c4e54@group-2E3400AD0710-FollowerState] INFO  server.RaftServerConfigKeys (ConfUtils.java:logFallback(53)) - raft.server.rpc.first-election.timeout.min = 5s (fallback to raft.server.rpc.timeout.min)
2024-02-06 10:04:57,200 [d1d50a62-ae00-4aa1-bd49-1c13d08c4e54-groupManagement] INFO  util.JmxRegister (JmxRegister.java:tryRegister(44)) - Successfully registered JMX Bean with object name Ratis:service=RaftServer,group=group-2E3400AD0710,id=d1d50a62-ae00-4aa1-bd49-1c13d08c4e54
2024-02-06 10:04:57,200 [d1d50a62-ae00-4aa1-bd49-1c13d08c4e54@group-2E3400AD0710-FollowerState] INFO  server.RaftServerConfigKeys (ConfUtils.java:logFallback(53)) - raft.server.rpc.first-election.timeout.max = 5200ms (fallback to raft.server.rpc.timeout.max)
2024-02-06 10:04:57,201 [d1d50a62-ae00-4aa1-bd49-1c13d08c4e54-groupManagement] INFO  server.RaftServerConfigKeys (ConfUtils.java:logGet(46)) - raft.server.snapshot.trigger-when-stop.enabled = true (default)
2024-02-06 10:04:57,201 [d1d50a62-ae00-4aa1-bd49-1c13d08c4e54-groupManagement] INFO  server.RaftServerConfigKeys (ConfUtils.java:logGet(46)) - raft.server.snapshot.auto.trigger.enabled = true (custom)
2024-02-06 10:04:57,201 [d1d50a62-ae00-4aa1-bd49-1c13d08c4e54-groupManagement] INFO  server.RaftServerConfigKeys (ConfUtils.java:logGet(46)) - raft.server.snapshot.auto.trigger.threshold = 10000 (custom)
2024-02-06 10:04:57,201 [d1d50a62-ae00-4aa1-bd49-1c13d08c4e54-groupManagement] INFO  server.RaftServerConfigKeys (ConfUtils.java:logGet(46)) - raft.server.snapshot.retention.file.num = 5 (custom)
2024-02-06 10:04:57,201 [d1d50a62-ae00-4aa1-bd49-1c13d08c4e54-groupManagement] INFO  server.RaftServerConfigKeys (ConfUtils.java:logGet(46)) - raft.server.log.purge.upto.snapshot.index = false (default)
2024-02-06 10:04:57,203 [c6296721-c547-473a-9a19-ee5b14f2eab7-PipelineCommandHandlerThread-0] INFO  commandhandler.CreatePipelineCommandHandler (CreatePipelineCommandHandler.java:lambda$handle$2(124)) - Created Pipeline RATIS THREE PipelineID=9ed817c2-7c51-42bf-a569-2e3400ad0710.
2024-02-06 10:04:57,235 [3668fcd7-5f50-4258-afea-ecf4a9b92dd6-PipelineCommandHandlerThread-0] INFO  server.RaftServer (RaftServerProxy.java:addNew(100)) - 3668fcd7-5f50-4258-afea-ecf4a9b92dd6: addNew group-1778BB239640:[3668fcd7-5f50-4258-afea-ecf4a9b92dd6|10.1.0.5:15495] returns group-1778BB239640:java.util.concurrent.CompletableFuture@3e142646[Not completed]
2024-02-06 10:04:57,236 [3668fcd7-5f50-4258-afea-ecf4a9b92dd6-groupManagement] INFO  server.RaftServer$Division (RaftServerImpl.java:<init>(256)) - 3668fcd7-5f50-4258-afea-ecf4a9b92dd6: new RaftServerImpl for group-1778BB239640:[3668fcd7-5f50-4258-afea-ecf4a9b92dd6|10.1.0.5:15495] with ContainerStateMachine:uninitialized
2024-02-06 10:04:57,236 [3668fcd7-5f50-4258-afea-ecf4a9b92dd6-groupManagement] INFO  server.RaftServerConfigKeys (ConfUtils.java:logGet(46)) - raft.server.rpc.timeout.min = 5s (custom)
2024-02-06 10:04:57,236 [3668fcd7-5f50-4258-afea-ecf4a9b92dd6-groupManagement] INFO  server.RaftServerConfigKeys (ConfUtils.java:logGet(46)) - raft.server.rpc.timeout.max = 5200ms (custom)
2024-02-06 10:04:57,236 [3668fcd7-5f50-4258-afea-ecf4a9b92dd6-groupManagement] INFO  server.RaftServerConfigKeys (ConfUtils.java:logGet(46)) - raft.server.rpc.sleep.time = 25ms (default)
2024-02-06 10:04:57,236 [3668fcd7-5f50-4258-afea-ecf4a9b92dd6-groupManagement] INFO  server.RaftServerConfigKeys (ConfUtils.java:logGet(46)) - raft.server.rpc.slowness.timeout = 300000ms (custom)
2024-02-06 10:04:57,236 [3668fcd7-5f50-4258-afea-ecf4a9b92dd6-groupManagement] INFO  server.RaftServerConfigKeys (ConfUtils.java:logGet(46)) - raft.server.leaderelection.leader.step-down.wait-time = 10s (default)
2024-02-06 10:04:57,236 [3668fcd7-5f50-4258-afea-ecf4a9b92dd6-groupManagement] INFO  server.RaftServerConfigKeys (ConfUtils.java:logGet(46)) - raft.server.leaderelection.member.majority-add = false (default)
2024-02-06 10:04:57,236 [3668fcd7-5f50-4258-afea-ecf4a9b92dd6-groupManagement] INFO  server.RaftServerConfigKeys (ConfUtils.java:logGet(46)) - raft.server.sleep.deviation.threshold = 300ms (default)
2024-02-06 10:04:57,236 [3668fcd7-5f50-4258-afea-ecf4a9b92dd6-groupManagement] INFO  server.RaftServer$Division (ServerState.java:<init>(113)) - 3668fcd7-5f50-4258-afea-ecf4a9b92dd6@group-1778BB239640: ConfigurationManager, init=-1: peers:[3668fcd7-5f50-4258-afea-ecf4a9b92dd6|10.1.0.5:15495]|listeners:[], old=null, confs=<EMPTY_MAP>
2024-02-06 10:04:57,236 [3668fcd7-5f50-4258-afea-ecf4a9b92dd6-groupManagement] INFO  server.RaftServerConfigKeys (ConfUtils.java:logGet(46)) - raft.server.notification.no-leader.timeout = 300000ms (custom)
2024-02-06 10:04:57,236 [3668fcd7-5f50-4258-afea-ecf4a9b92dd6-groupManagement] INFO  server.RaftServerConfigKeys (ConfUtils.java:logGet(46)) - raft.server.read.timeout = 10s (default)
2024-02-06 10:04:57,236 [3668fcd7-5f50-4258-afea-ecf4a9b92dd6-groupManagement] INFO  server.RaftServerConfigKeys (ConfUtils.java:logGet(46)) - raft.server.retrycache.expirytime = 600000ms (custom)
2024-02-06 10:04:57,236 [3668fcd7-5f50-4258-afea-ecf4a9b92dd6-groupManagement] INFO  server.RaftServerConfigKeys (ConfUtils.java:logGet(46)) - raft.server.retrycache.statistics.expirytime = 100ms (default)
2024-02-06 10:04:57,236 [3668fcd7-5f50-4258-afea-ecf4a9b92dd6-groupManagement] INFO  server.RaftServerConfigKeys (ConfUtils.java:logGet(46)) - raft.server.read.option = DEFAULT (default)
2024-02-06 10:04:57,236 [3668fcd7-5f50-4258-afea-ecf4a9b92dd6-groupManagement] INFO  server.RaftServerConfigKeys (ConfUtils.java:logGet(46)) - raft.server.read.read-after-write-consistent.write-index-cache.expiry-time = 60s (default)
2024-02-06 10:04:57,238 [3668fcd7-5f50-4258-afea-ecf4a9b92dd6-groupManagement] INFO  server.RaftServerConfigKeys (ConfUtils.java:logGet(46)) - raft.server.rpc.request.timeout = 3000ms (default)
2024-02-06 10:04:57,238 [3668fcd7-5f50-4258-afea-ecf4a9b92dd6-groupManagement] INFO  server.RaftServerConfigKeys (ConfUtils.java:logGet(46)) - raft.server.log.appender.install.snapshot.enabled = false (custom)
2024-02-06 10:04:57,238 [3668fcd7-5f50-4258-afea-ecf4a9b92dd6-groupManagement] INFO  server.RaftServerConfigKeys (ConfUtils.java:logGet(46)) - raft.server.threadpool.server.cached = true (default)
2024-02-06 10:04:57,238 [3668fcd7-5f50-4258-afea-ecf4a9b92dd6-groupManagement] INFO  server.RaftServerConfigKeys (ConfUtils.java:logGet(46)) - raft.server.threadpool.server.size = 0 (default)
2024-02-06 10:04:57,238 [3668fcd7-5f50-4258-afea-ecf4a9b92dd6-groupManagement] INFO  server.RaftServerConfigKeys (ConfUtils.java:logGet(46)) - raft.server.threadpool.client.cached = true (default)
2024-02-06 10:04:57,238 [3668fcd7-5f50-4258-afea-ecf4a9b92dd6-groupManagement] INFO  server.RaftServerConfigKeys (ConfUtils.java:logGet(46)) - raft.server.threadpool.client.size = 0 (default)
2024-02-06 10:04:57,238 [3668fcd7-5f50-4258-afea-ecf4a9b92dd6-groupManagement] INFO  server.RaftServerConfigKeys (ConfUtils.java:logGet(46)) - raft.server.storage.free-space.min = 0MB (=0) (default)
2024-02-06 10:04:57,238 [3668fcd7-5f50-4258-afea-ecf4a9b92dd6-groupManagement] INFO  server.RaftServerConfigKeys (ConfUtils.java:logGet(46)) - raft.server.log.corruption.policy = EXCEPTION (default)
2024-02-06 10:04:57,238 [3668fcd7-5f50-4258-afea-ecf4a9b92dd6-groupManagement] INFO  server.RaftServerConfigKeys (ConfUtils.java:logGet(46)) - raft.server.storage.dir = [/home/runner/work/ozone/ozone/hadoop-ozone/integration-test/target/test-dir/MiniOzoneClusterImpl-5d1c2165-a83d-4eb5-a2bf-ae35b2f22424/datanode-4/data/ratis] (custom)
2024-02-06 10:04:57,238 [3668fcd7-5f50-4258-afea-ecf4a9b92dd6-groupManagement] INFO  storage.RaftStorageDirectory (RaftStorageDirectoryImpl.java:analyzeStorage(138)) - The storage directory /home/runner/work/ozone/ozone/hadoop-ozone/integration-test/target/test-dir/MiniOzoneClusterImpl-5d1c2165-a83d-4eb5-a2bf-ae35b2f22424/datanode-4/data/ratis/4ce72c08-9272-4fb7-9cf5-1778bb239640 does not exist. Creating ...
2024-02-06 10:04:57,239 [3668fcd7-5f50-4258-afea-ecf4a9b92dd6-groupManagement] INFO  storage.RaftStorageDirectory (RaftStorageDirectoryImpl.java:tryLock(228)) - Lock on /home/runner/work/ozone/ozone/hadoop-ozone/integration-test/target/test-dir/MiniOzoneClusterImpl-5d1c2165-a83d-4eb5-a2bf-ae35b2f22424/datanode-4/data/ratis/4ce72c08-9272-4fb7-9cf5-1778bb239640/in_use.lock acquired by nodename 37157@fv-az776-296
2024-02-06 10:04:57,240 [3668fcd7-5f50-4258-afea-ecf4a9b92dd6-groupManagement] INFO  storage.RaftStorage (RaftStorageImpl.java:format(99)) - Storage directory /home/runner/work/ozone/ozone/hadoop-ozone/integration-test/target/test-dir/MiniOzoneClusterImpl-5d1c2165-a83d-4eb5-a2bf-ae35b2f22424/datanode-4/data/ratis/4ce72c08-9272-4fb7-9cf5-1778bb239640 has been successfully formatted.
2024-02-06 10:04:57,240 [3668fcd7-5f50-4258-afea-ecf4a9b92dd6-groupManagement] WARN  util.FileUtils (LogUtils.java:supplyAndLog(63)) - Failed to Files.newInputStream /home/runner/work/ozone/ozone/hadoop-ozone/integration-test/target/test-dir/MiniOzoneClusterImpl-5d1c2165-a83d-4eb5-a2bf-ae35b2f22424/datanode-4/data/ratis/4ce72c08-9272-4fb7-9cf5-1778bb239640/current/raft-meta.conf with options []: java.nio.file.NoSuchFileException: /home/runner/work/ozone/ozone/hadoop-ozone/integration-test/target/test-dir/MiniOzoneClusterImpl-5d1c2165-a83d-4eb5-a2bf-ae35b2f22424/datanode-4/data/ratis/4ce72c08-9272-4fb7-9cf5-1778bb239640/current/raft-meta.conf
2024-02-06 10:04:57,240 [3668fcd7-5f50-4258-afea-ecf4a9b92dd6-groupManagement] INFO  ratis.ContainerStateMachine (ContainerStateMachine.java:loadSnapshot(287)) - group-1778BB239640: The snapshot info is null. Setting the last applied index to:(t:0, i:~)
2024-02-06 10:04:57,240 [3668fcd7-5f50-4258-afea-ecf4a9b92dd6-groupManagement] INFO  server.RaftServerConfigKeys (ConfUtils.java:logGet(46)) - raft.server.log.use.memory = false (default)
2024-02-06 10:04:57,240 [3668fcd7-5f50-4258-afea-ecf4a9b92dd6-groupManagement] INFO  server.RaftServerConfigKeys (ConfUtils.java:logGet(46)) - raft.server.log.purge.gap = 1000000 (custom)
2024-02-06 10:04:57,240 [3668fcd7-5f50-4258-afea-ecf4a9b92dd6-groupManagement] INFO  server.RaftServerConfigKeys (ConfUtils.java:logGet(46)) - raft.server.log.appender.buffer.byte-limit = 8388608 (custom)
2024-02-06 10:04:57,240 [3668fcd7-5f50-4258-afea-ecf4a9b92dd6-groupManagement] INFO  server.RaftServerConfigKeys (ConfUtils.java:logGet(46)) - raft.server.log.statemachine.data.read.timeout = 1000ms (default)
2024-02-06 10:04:57,240 [3668fcd7-5f50-4258-afea-ecf4a9b92dd6-groupManagement] INFO  server.RaftServerConfigKeys (ConfUtils.java:logGet(46)) - raft.server.log.purge.preservation.log.num = 0 (default)
2024-02-06 10:04:57,241 [EventQueue-PipelineReportForPipelineReportHandler] INFO  pipeline.PipelineReportHandler (PipelineReportHandler.java:processPipelineReport(136)) - Opened pipeline PipelineID=4ce72c08-9272-4fb7-9cf5-1778bb239640
2024-02-06 10:04:57,241 [EventQueue-OpenPipelineForHealthyPipelineSafeModeRule] INFO  safemode.SCMSafeModeManager (HealthyPipelineSafeModeRule.java:process(140)) - SCM in safe mode. Healthy pipelines reported count is 0, required healthy pipeline reported count is 1
2024-02-06 10:04:57,241 [3668fcd7-5f50-4258-afea-ecf4a9b92dd6-groupManagement] INFO  server.RaftServerConfigKeys (ConfUtils.java:logGet(46)) - raft.server.log.segment.size.max = 67108864 (custom)
2024-02-06 10:04:57,242 [3668fcd7-5f50-4258-afea-ecf4a9b92dd6-groupManagement] INFO  server.RaftServerConfigKeys (ConfUtils.java:logGet(46)) - raft.server.log.segment.cache.num.max = 2 (custom)
2024-02-06 10:04:57,242 [3668fcd7-5f50-4258-afea-ecf4a9b92dd6-groupManagement] INFO  server.RaftServerConfigKeys (ConfUtils.java:logGet(46)) - raft.server.log.segment.cache.size.max = 200MB (=209715200) (default)
2024-02-06 10:04:57,242 [3668fcd7-5f50-4258-afea-ecf4a9b92dd6-groupManagement] INFO  server.RaftServerConfigKeys (ConfUtils.java:logGet(46)) - raft.server.log.appender.buffer.byte-limit = 8388608 (custom)
2024-02-06 10:04:57,242 [3668fcd7-5f50-4258-afea-ecf4a9b92dd6-groupManagement] INFO  util.AwaitToRun (AwaitToRun.java:start(81)) - Thread[3668fcd7-5f50-4258-afea-ecf4a9b92dd6@group-1778BB239640-cacheEviction-AwaitToRun,5,main] started
2024-02-06 10:04:57,242 [3668fcd7-5f50-4258-afea-ecf4a9b92dd6-groupManagement] INFO  segmented.SegmentedRaftLogWorker (SegmentedRaftLogWorker.java:<init>(182)) - new 3668fcd7-5f50-4258-afea-ecf4a9b92dd6@group-1778BB239640-SegmentedRaftLogWorker for RaftStorageImpl:Storage Directory /home/runner/work/ozone/ozone/hadoop-ozone/integration-test/target/test-dir/MiniOzoneClusterImpl-5d1c2165-a83d-4eb5-a2bf-ae35b2f22424/datanode-4/data/ratis/4ce72c08-9272-4fb7-9cf5-1778bb239640
2024-02-06 10:04:57,242 [3668fcd7-5f50-4258-afea-ecf4a9b92dd6-groupManagement] INFO  server.RaftServerConfigKeys (ConfUtils.java:logGet(46)) - raft.server.log.queue.byte-limit = 4294967296 (custom)
2024-02-06 10:04:57,242 [3668fcd7-5f50-4258-afea-ecf4a9b92dd6-groupManagement] INFO  server.RaftServerConfigKeys (ConfUtils.java:logGet(46)) - raft.server.log.queue.element-limit = 1024 (custom)
2024-02-06 10:04:57,242 [3668fcd7-5f50-4258-afea-ecf4a9b92dd6-groupManagement] INFO  server.RaftServerConfigKeys (ConfUtils.java:logGet(46)) - raft.server.log.segment.size.max = 67108864 (custom)
2024-02-06 10:04:57,242 [3668fcd7-5f50-4258-afea-ecf4a9b92dd6-groupManagement] INFO  server.RaftServerConfigKeys (ConfUtils.java:logGet(46)) - raft.server.log.preallocated.size = 4194304 (custom)
2024-02-06 10:04:57,242 [3668fcd7-5f50-4258-afea-ecf4a9b92dd6-groupManagement] INFO  server.RaftServerConfigKeys (ConfUtils.java:logGet(46)) - raft.server.log.force.sync.num = 128 (default)
2024-02-06 10:04:57,242 [3668fcd7-5f50-4258-afea-ecf4a9b92dd6-groupManagement] INFO  server.RaftServerConfigKeys (ConfUtils.java:logGet(46)) - raft.server.log.statemachine.data.sync = true (default)
2024-02-06 10:04:57,242 [3668fcd7-5f50-4258-afea-ecf4a9b92dd6-groupManagement] INFO  server.RaftServerConfigKeys (ConfUtils.java:logGet(46)) - raft.server.log.statemachine.data.sync.timeout = 10s (default)
2024-02-06 10:04:57,242 [3668fcd7-5f50-4258-afea-ecf4a9b92dd6-groupManagement] INFO  server.RaftServerConfigKeys (ConfUtils.java:logGet(46)) - raft.server.log.statemachine.data.sync.timeout.retry = 0 (custom)
2024-02-06 10:04:57,242 [3668fcd7-5f50-4258-afea-ecf4a9b92dd6-groupManagement] INFO  server.RaftServerConfigKeys (ConfUtils.java:logGet(46)) - raft.server.log.write.buffer.size = 8388616 (custom)
2024-02-06 10:04:57,243 [3668fcd7-5f50-4258-afea-ecf4a9b92dd6-groupManagement] INFO  server.RaftServerConfigKeys (ConfUtils.java:logGet(46)) - raft.server.log.appender.buffer.byte-limit = 8388608 (custom)
2024-02-06 10:04:57,244 [3668fcd7-5f50-4258-afea-ecf4a9b92dd6-groupManagement] INFO  server.RaftServerConfigKeys (ConfUtils.java:logGet(46)) - raft.server.log.unsafe-flush.enabled = false (default)
2024-02-06 10:04:57,244 [3668fcd7-5f50-4258-afea-ecf4a9b92dd6-groupManagement] INFO  server.RaftServerConfigKeys (ConfUtils.java:logGet(46)) - raft.server.log.async-flush.enabled = false (default)
2024-02-06 10:04:57,244 [3668fcd7-5f50-4258-afea-ecf4a9b92dd6-groupManagement] INFO  server.RaftServerConfigKeys (ConfUtils.java:logGet(46)) - raft.server.log.statemachine.data.caching.enabled = true (custom)
2024-02-06 10:04:57,244 [3668fcd7-5f50-4258-afea-ecf4a9b92dd6-groupManagement] INFO  segmented.SegmentedRaftLogWorker (SegmentedRaftLogWorker.java:lambda$new$0(134)) - 3668fcd7-5f50-4258-afea-ecf4a9b92dd6@group-1778BB239640-SegmentedRaftLogWorker: flushIndex: setUnconditionally 0 -> -1
2024-02-06 10:04:57,244 [3668fcd7-5f50-4258-afea-ecf4a9b92dd6-groupManagement] INFO  segmented.SegmentedRaftLogWorker (SegmentedRaftLogWorker.java:lambda$new$0(134)) - 3668fcd7-5f50-4258-afea-ecf4a9b92dd6@group-1778BB239640-SegmentedRaftLogWorker: safeCacheEvictIndex: setUnconditionally 0 -> -1
2024-02-06 10:04:57,244 [3668fcd7-5f50-4258-afea-ecf4a9b92dd6-groupManagement] INFO  server.RaftServer$Division (RaftServerImpl.java:start(396)) - 3668fcd7-5f50-4258-afea-ecf4a9b92dd6@group-1778BB239640: start as a follower, conf=-1: peers:[3668fcd7-5f50-4258-afea-ecf4a9b92dd6|10.1.0.5:15495]|listeners:[], old=null
2024-02-06 10:04:57,244 [3668fcd7-5f50-4258-afea-ecf4a9b92dd6-groupManagement] INFO  server.RaftServer$Division (RaftServerImpl.java:setRole(383)) - 3668fcd7-5f50-4258-afea-ecf4a9b92dd6@group-1778BB239640: changes role from      null to FOLLOWER at term 0 for startAsFollower
2024-02-06 10:04:57,244 [3668fcd7-5f50-4258-afea-ecf4a9b92dd6-groupManagement] INFO  impl.RoleInfo (RoleInfo.java:updateAndGet(139)) - 3668fcd7-5f50-4258-afea-ecf4a9b92dd6: start 3668fcd7-5f50-4258-afea-ecf4a9b92dd6@group-1778BB239640-FollowerState
2024-02-06 10:04:57,244 [3668fcd7-5f50-4258-afea-ecf4a9b92dd6@group-1778BB239640-FollowerState] INFO  server.RaftServerConfigKeys (ConfUtils.java:logFallback(53)) - raft.server.rpc.first-election.timeout.min = 5s (fallback to raft.server.rpc.timeout.min)
2024-02-06 10:04:57,244 [3668fcd7-5f50-4258-afea-ecf4a9b92dd6-groupManagement] INFO  util.JmxRegister (JmxRegister.java:tryRegister(44)) - Successfully registered JMX Bean with object name Ratis:service=RaftServer,group=group-1778BB239640,id=3668fcd7-5f50-4258-afea-ecf4a9b92dd6
2024-02-06 10:04:57,244 [3668fcd7-5f50-4258-afea-ecf4a9b92dd6@group-1778BB239640-FollowerState] INFO  server.RaftServerConfigKeys (ConfUtils.java:logFallback(53)) - raft.server.rpc.first-election.timeout.max = 5200ms (fallback to raft.server.rpc.timeout.max)
2024-02-06 10:04:57,244 [3668fcd7-5f50-4258-afea-ecf4a9b92dd6-groupManagement] INFO  server.RaftServerConfigKeys (ConfUtils.java:logGet(46)) - raft.server.snapshot.trigger-when-stop.enabled = true (default)
2024-02-06 10:04:57,244 [3668fcd7-5f50-4258-afea-ecf4a9b92dd6-groupManagement] INFO  server.RaftServerConfigKeys (ConfUtils.java:logGet(46)) - raft.server.snapshot.auto.trigger.enabled = true (custom)
2024-02-06 10:04:57,244 [3668fcd7-5f50-4258-afea-ecf4a9b92dd6-groupManagement] INFO  server.RaftServerConfigKeys (ConfUtils.java:logGet(46)) - raft.server.snapshot.auto.trigger.threshold = 10000 (custom)
2024-02-06 10:04:57,244 [3668fcd7-5f50-4258-afea-ecf4a9b92dd6-groupManagement] INFO  server.RaftServerConfigKeys (ConfUtils.java:logGet(46)) - raft.server.snapshot.retention.file.num = 5 (custom)
2024-02-06 10:04:57,244 [3668fcd7-5f50-4258-afea-ecf4a9b92dd6-groupManagement] INFO  server.RaftServerConfigKeys (ConfUtils.java:logGet(46)) - raft.server.log.purge.upto.snapshot.index = false (default)
2024-02-06 10:04:57,245 [3668fcd7-5f50-4258-afea-ecf4a9b92dd6-PipelineCommandHandlerThread-0] INFO  ratis.XceiverServerRatis (XceiverServerRatis.java:addGroup(864)) - Created group PipelineID=4ce72c08-9272-4fb7-9cf5-1778bb239640
2024-02-06 10:04:57,245 [3668fcd7-5f50-4258-afea-ecf4a9b92dd6-PipelineCommandHandlerThread-0] INFO  commandhandler.CreatePipelineCommandHandler (CreatePipelineCommandHandler.java:lambda$handle$2(124)) - Created Pipeline RATIS ONE PipelineID=4ce72c08-9272-4fb7-9cf5-1778bb239640.
2024-02-06 10:04:57,321 [d1d50a62-ae00-4aa1-bd49-1c13d08c4e54-PipelineCommandHandlerThread-0] INFO  server.RaftServer (RaftServerProxy.java:addNew(100)) - d1d50a62-ae00-4aa1-bd49-1c13d08c4e54: addNew group-A3A670BAEFB3:[d1d50a62-ae00-4aa1-bd49-1c13d08c4e54|10.1.0.5:15504] returns group-A3A670BAEFB3:java.util.concurrent.CompletableFuture@6dd2a742[Not completed]
2024-02-06 10:04:57,322 [d1d50a62-ae00-4aa1-bd49-1c13d08c4e54-groupManagement] INFO  server.RaftServer$Division (RaftServerImpl.java:<init>(256)) - d1d50a62-ae00-4aa1-bd49-1c13d08c4e54: new RaftServerImpl for group-A3A670BAEFB3:[d1d50a62-ae00-4aa1-bd49-1c13d08c4e54|10.1.0.5:15504] with ContainerStateMachine:uninitialized
2024-02-06 10:04:57,322 [d1d50a62-ae00-4aa1-bd49-1c13d08c4e54-groupManagement] INFO  server.RaftServerConfigKeys (ConfUtils.java:logGet(46)) - raft.server.rpc.timeout.min = 5s (custom)
2024-02-06 10:04:57,322 [d1d50a62-ae00-4aa1-bd49-1c13d08c4e54-groupManagement] INFO  server.RaftServerConfigKeys (ConfUtils.java:logGet(46)) - raft.server.rpc.timeout.max = 5200ms (custom)
2024-02-06 10:04:57,322 [d1d50a62-ae00-4aa1-bd49-1c13d08c4e54-groupManagement] INFO  server.RaftServerConfigKeys (ConfUtils.java:logGet(46)) - raft.server.rpc.sleep.time = 25ms (default)
2024-02-06 10:04:57,322 [d1d50a62-ae00-4aa1-bd49-1c13d08c4e54-groupManagement] INFO  server.RaftServerConfigKeys (ConfUtils.java:logGet(46)) - raft.server.rpc.slowness.timeout = 300000ms (custom)
2024-02-06 10:04:57,322 [d1d50a62-ae00-4aa1-bd49-1c13d08c4e54-groupManagement] INFO  server.RaftServerConfigKeys (ConfUtils.java:logGet(46)) - raft.server.leaderelection.leader.step-down.wait-time = 10s (default)
2024-02-06 10:04:57,322 [d1d50a62-ae00-4aa1-bd49-1c13d08c4e54-groupManagement] INFO  server.RaftServerConfigKeys (ConfUtils.java:logGet(46)) - raft.server.leaderelection.member.majority-add = false (default)
2024-02-06 10:04:57,322 [d1d50a62-ae00-4aa1-bd49-1c13d08c4e54-groupManagement] INFO  server.RaftServerConfigKeys (ConfUtils.java:logGet(46)) - raft.server.sleep.deviation.threshold = 300ms (default)
2024-02-06 10:04:57,322 [d1d50a62-ae00-4aa1-bd49-1c13d08c4e54-groupManagement] INFO  server.RaftServer$Division (ServerState.java:<init>(113)) - d1d50a62-ae00-4aa1-bd49-1c13d08c4e54@group-A3A670BAEFB3: ConfigurationManager, init=-1: peers:[d1d50a62-ae00-4aa1-bd49-1c13d08c4e54|10.1.0.5:15504]|listeners:[], old=null, confs=<EMPTY_MAP>
2024-02-06 10:04:57,322 [d1d50a62-ae00-4aa1-bd49-1c13d08c4e54-groupManagement] INFO  server.RaftServerConfigKeys (ConfUtils.java:logGet(46)) - raft.server.notification.no-leader.timeout = 300000ms (custom)
2024-02-06 10:04:57,322 [d1d50a62-ae00-4aa1-bd49-1c13d08c4e54-groupManagement] INFO  server.RaftServerConfigKeys (ConfUtils.java:logGet(46)) - raft.server.read.timeout = 10s (default)
2024-02-06 10:04:57,322 [d1d50a62-ae00-4aa1-bd49-1c13d08c4e54-groupManagement] INFO  server.RaftServerConfigKeys (ConfUtils.java:logGet(46)) - raft.server.retrycache.expirytime = 600000ms (custom)
2024-02-06 10:04:57,322 [d1d50a62-ae00-4aa1-bd49-1c13d08c4e54-groupManagement] INFO  server.RaftServerConfigKeys (ConfUtils.java:logGet(46)) - raft.server.retrycache.statistics.expirytime = 100ms (default)
2024-02-06 10:04:57,322 [d1d50a62-ae00-4aa1-bd49-1c13d08c4e54-groupManagement] INFO  server.RaftServerConfigKeys (ConfUtils.java:logGet(46)) - raft.server.read.option = DEFAULT (default)
2024-02-06 10:04:57,322 [d1d50a62-ae00-4aa1-bd49-1c13d08c4e54-groupManagement] INFO  server.RaftServerConfigKeys (ConfUtils.java:logGet(46)) - raft.server.read.read-after-write-consistent.write-index-cache.expiry-time = 60s (default)
2024-02-06 10:04:57,324 [d1d50a62-ae00-4aa1-bd49-1c13d08c4e54-groupManagement] INFO  server.RaftServerConfigKeys (ConfUtils.java:logGet(46)) - raft.server.rpc.request.timeout = 3000ms (default)
2024-02-06 10:04:57,324 [d1d50a62-ae00-4aa1-bd49-1c13d08c4e54-groupManagement] INFO  server.RaftServerConfigKeys (ConfUtils.java:logGet(46)) - raft.server.log.appender.install.snapshot.enabled = false (custom)
2024-02-06 10:04:57,324 [d1d50a62-ae00-4aa1-bd49-1c13d08c4e54-groupManagement] INFO  server.RaftServerConfigKeys (ConfUtils.java:logGet(46)) - raft.server.threadpool.server.cached = true (default)
2024-02-06 10:04:57,324 [d1d50a62-ae00-4aa1-bd49-1c13d08c4e54-groupManagement] INFO  server.RaftServerConfigKeys (ConfUtils.java:logGet(46)) - raft.server.threadpool.server.size = 0 (default)
2024-02-06 10:04:57,324 [d1d50a62-ae00-4aa1-bd49-1c13d08c4e54-groupManagement] INFO  server.RaftServerConfigKeys (ConfUtils.java:logGet(46)) - raft.server.threadpool.client.cached = true (default)
2024-02-06 10:04:57,324 [d1d50a62-ae00-4aa1-bd49-1c13d08c4e54-groupManagement] INFO  server.RaftServerConfigKeys (ConfUtils.java:logGet(46)) - raft.server.threadpool.client.size = 0 (default)
2024-02-06 10:04:57,324 [d1d50a62-ae00-4aa1-bd49-1c13d08c4e54-groupManagement] INFO  server.RaftServerConfigKeys (ConfUtils.java:logGet(46)) - raft.server.storage.free-space.min = 0MB (=0) (default)
2024-02-06 10:04:57,324 [d1d50a62-ae00-4aa1-bd49-1c13d08c4e54-groupManagement] INFO  server.RaftServerConfigKeys (ConfUtils.java:logGet(46)) - raft.server.log.corruption.policy = EXCEPTION (default)
2024-02-06 10:04:57,324 [d1d50a62-ae00-4aa1-bd49-1c13d08c4e54-groupManagement] INFO  server.RaftServerConfigKeys (ConfUtils.java:logGet(46)) - raft.server.storage.dir = [/home/runner/work/ozone/ozone/hadoop-ozone/integration-test/target/test-dir/MiniOzoneClusterImpl-5d1c2165-a83d-4eb5-a2bf-ae35b2f22424/datanode-5/data/ratis] (custom)
2024-02-06 10:04:57,325 [d1d50a62-ae00-4aa1-bd49-1c13d08c4e54-groupManagement] INFO  storage.RaftStorageDirectory (RaftStorageDirectoryImpl.java:analyzeStorage(138)) - The storage directory /home/runner/work/ozone/ozone/hadoop-ozone/integration-test/target/test-dir/MiniOzoneClusterImpl-5d1c2165-a83d-4eb5-a2bf-ae35b2f22424/datanode-5/data/ratis/b93eca86-6fb6-434e-b3b3-a3a670baefb3 does not exist. Creating ...
2024-02-06 10:04:57,326 [d1d50a62-ae00-4aa1-bd49-1c13d08c4e54-groupManagement] INFO  storage.RaftStorageDirectory (RaftStorageDirectoryImpl.java:tryLock(228)) - Lock on /home/runner/work/ozone/ozone/hadoop-ozone/integration-test/target/test-dir/MiniOzoneClusterImpl-5d1c2165-a83d-4eb5-a2bf-ae35b2f22424/datanode-5/data/ratis/b93eca86-6fb6-434e-b3b3-a3a670baefb3/in_use.lock acquired by nodename 37157@fv-az776-296
2024-02-06 10:04:57,326 [d1d50a62-ae00-4aa1-bd49-1c13d08c4e54-groupManagement] INFO  storage.RaftStorage (RaftStorageImpl.java:format(99)) - Storage directory /home/runner/work/ozone/ozone/hadoop-ozone/integration-test/target/test-dir/MiniOzoneClusterImpl-5d1c2165-a83d-4eb5-a2bf-ae35b2f22424/datanode-5/data/ratis/b93eca86-6fb6-434e-b3b3-a3a670baefb3 has been successfully formatted.
2024-02-06 10:04:57,326 [d1d50a62-ae00-4aa1-bd49-1c13d08c4e54-groupManagement] WARN  util.FileUtils (LogUtils.java:supplyAndLog(63)) - Failed to Files.newInputStream /home/runner/work/ozone/ozone/hadoop-ozone/integration-test/target/test-dir/MiniOzoneClusterImpl-5d1c2165-a83d-4eb5-a2bf-ae35b2f22424/datanode-5/data/ratis/b93eca86-6fb6-434e-b3b3-a3a670baefb3/current/raft-meta.conf with options []: java.nio.file.NoSuchFileException: /home/runner/work/ozone/ozone/hadoop-ozone/integration-test/target/test-dir/MiniOzoneClusterImpl-5d1c2165-a83d-4eb5-a2bf-ae35b2f22424/datanode-5/data/ratis/b93eca86-6fb6-434e-b3b3-a3a670baefb3/current/raft-meta.conf
2024-02-06 10:04:57,327 [d1d50a62-ae00-4aa1-bd49-1c13d08c4e54-groupManagement] INFO  ratis.ContainerStateMachine (ContainerStateMachine.java:loadSnapshot(287)) - group-A3A670BAEFB3: The snapshot info is null. Setting the last applied index to:(t:0, i:~)
2024-02-06 10:04:57,327 [d1d50a62-ae00-4aa1-bd49-1c13d08c4e54-groupManagement] INFO  server.RaftServerConfigKeys (ConfUtils.java:logGet(46)) - raft.server.log.use.memory = false (default)
2024-02-06 10:04:57,327 [d1d50a62-ae00-4aa1-bd49-1c13d08c4e54-groupManagement] INFO  server.RaftServerConfigKeys (ConfUtils.java:logGet(46)) - raft.server.log.purge.gap = 1000000 (custom)
2024-02-06 10:04:57,327 [d1d50a62-ae00-4aa1-bd49-1c13d08c4e54-groupManagement] INFO  server.RaftServerConfigKeys (ConfUtils.java:logGet(46)) - raft.server.log.appender.buffer.byte-limit = 8388608 (custom)
2024-02-06 10:04:57,327 [d1d50a62-ae00-4aa1-bd49-1c13d08c4e54-groupManagement] INFO  server.RaftServerConfigKeys (ConfUtils.java:logGet(46)) - raft.server.log.statemachine.data.read.timeout = 1000ms (default)
2024-02-06 10:04:57,327 [d1d50a62-ae00-4aa1-bd49-1c13d08c4e54-groupManagement] INFO  server.RaftServerConfigKeys (ConfUtils.java:logGet(46)) - raft.server.log.purge.preservation.log.num = 0 (default)
2024-02-06 10:04:57,328 [EventQueue-PipelineReportForPipelineReportHandler] INFO  pipeline.PipelineReportHandler (PipelineReportHandler.java:processPipelineReport(136)) - Opened pipeline PipelineID=b93eca86-6fb6-434e-b3b3-a3a670baefb3
2024-02-06 10:04:57,328 [d1d50a62-ae00-4aa1-bd49-1c13d08c4e54-groupManagement] INFO  server.RaftServerConfigKeys (ConfUtils.java:logGet(46)) - raft.server.log.segment.size.max = 67108864 (custom)
2024-02-06 10:04:57,328 [EventQueue-OpenPipelineForHealthyPipelineSafeModeRule] INFO  safemode.SCMSafeModeManager (HealthyPipelineSafeModeRule.java:process(140)) - SCM in safe mode. Healthy pipelines reported count is 0, required healthy pipeline reported count is 1
2024-02-06 10:04:57,328 [d1d50a62-ae00-4aa1-bd49-1c13d08c4e54-groupManagement] INFO  server.RaftServerConfigKeys (ConfUtils.java:logGet(46)) - raft.server.log.segment.cache.num.max = 2 (custom)
2024-02-06 10:04:57,328 [d1d50a62-ae00-4aa1-bd49-1c13d08c4e54-groupManagement] INFO  server.RaftServerConfigKeys (ConfUtils.java:logGet(46)) - raft.server.log.segment.cache.size.max = 200MB (=209715200) (default)
2024-02-06 10:04:57,328 [d1d50a62-ae00-4aa1-bd49-1c13d08c4e54-groupManagement] INFO  server.RaftServerConfigKeys (ConfUtils.java:logGet(46)) - raft.server.log.appender.buffer.byte-limit = 8388608 (custom)
2024-02-06 10:04:57,329 [d1d50a62-ae00-4aa1-bd49-1c13d08c4e54-groupManagement] INFO  util.AwaitToRun (AwaitToRun.java:start(81)) - Thread[d1d50a62-ae00-4aa1-bd49-1c13d08c4e54@group-A3A670BAEFB3-cacheEviction-AwaitToRun,5,main] started
2024-02-06 10:04:57,329 [d1d50a62-ae00-4aa1-bd49-1c13d08c4e54-groupManagement] INFO  segmented.SegmentedRaftLogWorker (SegmentedRaftLogWorker.java:<init>(182)) - new d1d50a62-ae00-4aa1-bd49-1c13d08c4e54@group-A3A670BAEFB3-SegmentedRaftLogWorker for RaftStorageImpl:Storage Directory /home/runner/work/ozone/ozone/hadoop-ozone/integration-test/target/test-dir/MiniOzoneClusterImpl-5d1c2165-a83d-4eb5-a2bf-ae35b2f22424/datanode-5/data/ratis/b93eca86-6fb6-434e-b3b3-a3a670baefb3
2024-02-06 10:04:57,329 [d1d50a62-ae00-4aa1-bd49-1c13d08c4e54-groupManagement] INFO  server.RaftServerConfigKeys (ConfUtils.java:logGet(46)) - raft.server.log.queue.byte-limit = 4294967296 (custom)
2024-02-06 10:04:57,329 [d1d50a62-ae00-4aa1-bd49-1c13d08c4e54-groupManagement] INFO  server.RaftServerConfigKeys (ConfUtils.java:logGet(46)) - raft.server.log.queue.element-limit = 1024 (custom)
2024-02-06 10:04:57,329 [d1d50a62-ae00-4aa1-bd49-1c13d08c4e54-groupManagement] INFO  server.RaftServerConfigKeys (ConfUtils.java:logGet(46)) - raft.server.log.segment.size.max = 67108864 (custom)
2024-02-06 10:04:57,329 [d1d50a62-ae00-4aa1-bd49-1c13d08c4e54-groupManagement] INFO  server.RaftServerConfigKeys (ConfUtils.java:logGet(46)) - raft.server.log.preallocated.size = 4194304 (custom)
2024-02-06 10:04:57,329 [d1d50a62-ae00-4aa1-bd49-1c13d08c4e54-groupManagement] INFO  server.RaftServerConfigKeys (ConfUtils.java:logGet(46)) - raft.server.log.force.sync.num = 128 (default)
2024-02-06 10:04:57,329 [d1d50a62-ae00-4aa1-bd49-1c13d08c4e54-groupManagement] INFO  server.RaftServerConfigKeys (ConfUtils.java:logGet(46)) - raft.server.log.statemachine.data.sync = true (default)
2024-02-06 10:04:57,329 [d1d50a62-ae00-4aa1-bd49-1c13d08c4e54-groupManagement] INFO  server.RaftServerConfigKeys (ConfUtils.java:logGet(46)) - raft.server.log.statemachine.data.sync.timeout = 10s (default)
2024-02-06 10:04:57,329 [d1d50a62-ae00-4aa1-bd49-1c13d08c4e54-groupManagement] INFO  server.RaftServerConfigKeys (ConfUtils.java:logGet(46)) - raft.server.log.statemachine.data.sync.timeout.retry = 0 (custom)
2024-02-06 10:04:57,329 [d1d50a62-ae00-4aa1-bd49-1c13d08c4e54-groupManagement] INFO  server.RaftServerConfigKeys (ConfUtils.java:logGet(46)) - raft.server.log.write.buffer.size = 8388616 (custom)
2024-02-06 10:04:57,330 [d1d50a62-ae00-4aa1-bd49-1c13d08c4e54-groupManagement] INFO  server.RaftServerConfigKeys (ConfUtils.java:logGet(46)) - raft.server.log.appender.buffer.byte-limit = 8388608 (custom)
2024-02-06 10:04:57,330 [d1d50a62-ae00-4aa1-bd49-1c13d08c4e54-groupManagement] INFO  server.RaftServerConfigKeys (ConfUtils.java:logGet(46)) - raft.server.log.unsafe-flush.enabled = false (default)
2024-02-06 10:04:57,330 [d1d50a62-ae00-4aa1-bd49-1c13d08c4e54-groupManagement] INFO  server.RaftServerConfigKeys (ConfUtils.java:logGet(46)) - raft.server.log.async-flush.enabled = false (default)
2024-02-06 10:04:57,330 [d1d50a62-ae00-4aa1-bd49-1c13d08c4e54-groupManagement] INFO  server.RaftServerConfigKeys (ConfUtils.java:logGet(46)) - raft.server.log.statemachine.data.caching.enabled = true (custom)
2024-02-06 10:04:57,330 [d1d50a62-ae00-4aa1-bd49-1c13d08c4e54-groupManagement] INFO  segmented.SegmentedRaftLogWorker (SegmentedRaftLogWorker.java:lambda$new$0(134)) - d1d50a62-ae00-4aa1-bd49-1c13d08c4e54@group-A3A670BAEFB3-SegmentedRaftLogWorker: flushIndex: setUnconditionally 0 -> -1
2024-02-06 10:04:57,331 [d1d50a62-ae00-4aa1-bd49-1c13d08c4e54-groupManagement] INFO  segmented.SegmentedRaftLogWorker (SegmentedRaftLogWorker.java:lambda$new$0(134)) - d1d50a62-ae00-4aa1-bd49-1c13d08c4e54@group-A3A670BAEFB3-SegmentedRaftLogWorker: safeCacheEvictIndex: setUnconditionally 0 -> -1
2024-02-06 10:04:57,331 [d1d50a62-ae00-4aa1-bd49-1c13d08c4e54-groupManagement] INFO  server.RaftServer$Division (RaftServerImpl.java:start(396)) - d1d50a62-ae00-4aa1-bd49-1c13d08c4e54@group-A3A670BAEFB3: start as a follower, conf=-1: peers:[d1d50a62-ae00-4aa1-bd49-1c13d08c4e54|10.1.0.5:15504]|listeners:[], old=null
2024-02-06 10:04:57,331 [d1d50a62-ae00-4aa1-bd49-1c13d08c4e54-groupManagement] INFO  server.RaftServer$Division (RaftServerImpl.java:setRole(383)) - d1d50a62-ae00-4aa1-bd49-1c13d08c4e54@group-A3A670BAEFB3: changes role from      null to FOLLOWER at term 0 for startAsFollower
2024-02-06 10:04:57,331 [d1d50a62-ae00-4aa1-bd49-1c13d08c4e54-groupManagement] INFO  impl.RoleInfo (RoleInfo.java:updateAndGet(139)) - d1d50a62-ae00-4aa1-bd49-1c13d08c4e54: start d1d50a62-ae00-4aa1-bd49-1c13d08c4e54@group-A3A670BAEFB3-FollowerState
2024-02-06 10:04:57,331 [d1d50a62-ae00-4aa1-bd49-1c13d08c4e54@group-A3A670BAEFB3-FollowerState] INFO  server.RaftServerConfigKeys (ConfUtils.java:logFallback(53)) - raft.server.rpc.first-election.timeout.min = 5s (fallback to raft.server.rpc.timeout.min)
2024-02-06 10:04:57,331 [d1d50a62-ae00-4aa1-bd49-1c13d08c4e54-groupManagement] INFO  util.JmxRegister (JmxRegister.java:tryRegister(44)) - Successfully registered JMX Bean with object name Ratis:service=RaftServer,group=group-A3A670BAEFB3,id=d1d50a62-ae00-4aa1-bd49-1c13d08c4e54
2024-02-06 10:04:57,331 [d1d50a62-ae00-4aa1-bd49-1c13d08c4e54@group-A3A670BAEFB3-FollowerState] INFO  server.RaftServerConfigKeys (ConfUtils.java:logFallback(53)) - raft.server.rpc.first-election.timeout.max = 5200ms (fallback to raft.server.rpc.timeout.max)
2024-02-06 10:04:57,331 [d1d50a62-ae00-4aa1-bd49-1c13d08c4e54-groupManagement] INFO  server.RaftServerConfigKeys (ConfUtils.java:logGet(46)) - raft.server.snapshot.trigger-when-stop.enabled = true (default)
2024-02-06 10:04:57,331 [d1d50a62-ae00-4aa1-bd49-1c13d08c4e54-groupManagement] INFO  server.RaftServerConfigKeys (ConfUtils.java:logGet(46)) - raft.server.snapshot.auto.trigger.enabled = true (custom)
2024-02-06 10:04:57,331 [d1d50a62-ae00-4aa1-bd49-1c13d08c4e54-groupManagement] INFO  server.RaftServerConfigKeys (ConfUtils.java:logGet(46)) - raft.server.snapshot.auto.trigger.threshold = 10000 (custom)
2024-02-06 10:04:57,331 [d1d50a62-ae00-4aa1-bd49-1c13d08c4e54-groupManagement] INFO  server.RaftServerConfigKeys (ConfUtils.java:logGet(46)) - raft.server.snapshot.retention.file.num = 5 (custom)
2024-02-06 10:04:57,331 [d1d50a62-ae00-4aa1-bd49-1c13d08c4e54-groupManagement] INFO  server.RaftServerConfigKeys (ConfUtils.java:logGet(46)) - raft.server.log.purge.upto.snapshot.index = false (default)
2024-02-06 10:04:57,332 [d1d50a62-ae00-4aa1-bd49-1c13d08c4e54-PipelineCommandHandlerThread-0] INFO  ratis.XceiverServerRatis (XceiverServerRatis.java:addGroup(864)) - Created group PipelineID=b93eca86-6fb6-434e-b3b3-a3a670baefb3
2024-02-06 10:04:57,332 [d1d50a62-ae00-4aa1-bd49-1c13d08c4e54-PipelineCommandHandlerThread-0] INFO  commandhandler.CreatePipelineCommandHandler (CreatePipelineCommandHandler.java:lambda$handle$2(124)) - Created Pipeline RATIS ONE PipelineID=b93eca86-6fb6-434e-b3b3-a3a670baefb3.
2024-02-06 10:04:57,425 [abf042c3-6cd4-4c06-9655-57992d013f88-PipelineCommandHandlerThread-0] INFO  server.RaftServer (RaftServerProxy.java:addNew(100)) - abf042c3-6cd4-4c06-9655-57992d013f88: addNew group-6F6918DAB04D:[abf042c3-6cd4-4c06-9655-57992d013f88|10.1.0.5:15513] returns group-6F6918DAB04D:java.util.concurrent.CompletableFuture@35faba7a[Not completed]
2024-02-06 10:04:57,426 [abf042c3-6cd4-4c06-9655-57992d013f88-groupManagement] INFO  server.RaftServer$Division (RaftServerImpl.java:<init>(256)) - abf042c3-6cd4-4c06-9655-57992d013f88: new RaftServerImpl for group-6F6918DAB04D:[abf042c3-6cd4-4c06-9655-57992d013f88|10.1.0.5:15513] with ContainerStateMachine:uninitialized
2024-02-06 10:04:57,426 [abf042c3-6cd4-4c06-9655-57992d013f88-groupManagement] INFO  server.RaftServerConfigKeys (ConfUtils.java:logGet(46)) - raft.server.rpc.timeout.min = 5s (custom)
2024-02-06 10:04:57,426 [abf042c3-6cd4-4c06-9655-57992d013f88-groupManagement] INFO  server.RaftServerConfigKeys (ConfUtils.java:logGet(46)) - raft.server.rpc.timeout.max = 5200ms (custom)
2024-02-06 10:04:57,426 [abf042c3-6cd4-4c06-9655-57992d013f88-groupManagement] INFO  server.RaftServerConfigKeys (ConfUtils.java:logGet(46)) - raft.server.rpc.sleep.time = 25ms (default)
2024-02-06 10:04:57,426 [abf042c3-6cd4-4c06-9655-57992d013f88-groupManagement] INFO  server.RaftServerConfigKeys (ConfUtils.java:logGet(46)) - raft.server.rpc.slowness.timeout = 300000ms (custom)
2024-02-06 10:04:57,426 [abf042c3-6cd4-4c06-9655-57992d013f88-groupManagement] INFO  server.RaftServerConfigKeys (ConfUtils.java:logGet(46)) - raft.server.leaderelection.leader.step-down.wait-time = 10s (default)
2024-02-06 10:04:57,426 [abf042c3-6cd4-4c06-9655-57992d013f88-groupManagement] INFO  server.RaftServerConfigKeys (ConfUtils.java:logGet(46)) - raft.server.leaderelection.member.majority-add = false (default)
2024-02-06 10:04:57,426 [abf042c3-6cd4-4c06-9655-57992d013f88-groupManagement] INFO  server.RaftServerConfigKeys (ConfUtils.java:logGet(46)) - raft.server.sleep.deviation.threshold = 300ms (default)
2024-02-06 10:04:57,426 [abf042c3-6cd4-4c06-9655-57992d013f88-groupManagement] INFO  server.RaftServer$Division (ServerState.java:<init>(113)) - abf042c3-6cd4-4c06-9655-57992d013f88@group-6F6918DAB04D: ConfigurationManager, init=-1: peers:[abf042c3-6cd4-4c06-9655-57992d013f88|10.1.0.5:15513]|listeners:[], old=null, confs=<EMPTY_MAP>
2024-02-06 10:04:57,426 [abf042c3-6cd4-4c06-9655-57992d013f88-groupManagement] INFO  server.RaftServerConfigKeys (ConfUtils.java:logGet(46)) - raft.server.notification.no-leader.timeout = 300000ms (custom)
2024-02-06 10:04:57,426 [abf042c3-6cd4-4c06-9655-57992d013f88-groupManagement] INFO  server.RaftServerConfigKeys (ConfUtils.java:logGet(46)) - raft.server.read.timeout = 10s (default)
2024-02-06 10:04:57,426 [abf042c3-6cd4-4c06-9655-57992d013f88-groupManagement] INFO  server.RaftServerConfigKeys (ConfUtils.java:logGet(46)) - raft.server.retrycache.expirytime = 600000ms (custom)
2024-02-06 10:04:57,426 [abf042c3-6cd4-4c06-9655-57992d013f88-groupManagement] INFO  server.RaftServerConfigKeys (ConfUtils.java:logGet(46)) - raft.server.retrycache.statistics.expirytime = 100ms (default)
2024-02-06 10:04:57,426 [abf042c3-6cd4-4c06-9655-57992d013f88-groupManagement] INFO  server.RaftServerConfigKeys (ConfUtils.java:logGet(46)) - raft.server.read.option = DEFAULT (default)
2024-02-06 10:04:57,427 [abf042c3-6cd4-4c06-9655-57992d013f88-groupManagement] INFO  server.RaftServerConfigKeys (ConfUtils.java:logGet(46)) - raft.server.read.read-after-write-consistent.write-index-cache.expiry-time = 60s (default)
2024-02-06 10:04:57,428 [abf042c3-6cd4-4c06-9655-57992d013f88-groupManagement] INFO  server.RaftServerConfigKeys (ConfUtils.java:logGet(46)) - raft.server.rpc.request.timeout = 3000ms (default)
2024-02-06 10:04:57,429 [abf042c3-6cd4-4c06-9655-57992d013f88-groupManagement] INFO  server.RaftServerConfigKeys (ConfUtils.java:logGet(46)) - raft.server.log.appender.install.snapshot.enabled = false (custom)
2024-02-06 10:04:57,429 [abf042c3-6cd4-4c06-9655-57992d013f88-groupManagement] INFO  server.RaftServerConfigKeys (ConfUtils.java:logGet(46)) - raft.server.threadpool.server.cached = true (default)
2024-02-06 10:04:57,429 [abf042c3-6cd4-4c06-9655-57992d013f88-groupManagement] INFO  server.RaftServerConfigKeys (ConfUtils.java:logGet(46)) - raft.server.threadpool.server.size = 0 (default)
2024-02-06 10:04:57,429 [abf042c3-6cd4-4c06-9655-57992d013f88-groupManagement] INFO  server.RaftServerConfigKeys (ConfUtils.java:logGet(46)) - raft.server.threadpool.client.cached = true (default)
2024-02-06 10:04:57,429 [abf042c3-6cd4-4c06-9655-57992d013f88-groupManagement] INFO  server.RaftServerConfigKeys (ConfUtils.java:logGet(46)) - raft.server.threadpool.client.size = 0 (default)
2024-02-06 10:04:57,429 [abf042c3-6cd4-4c06-9655-57992d013f88-groupManagement] INFO  server.RaftServerConfigKeys (ConfUtils.java:logGet(46)) - raft.server.storage.free-space.min = 0MB (=0) (default)
2024-02-06 10:04:57,429 [abf042c3-6cd4-4c06-9655-57992d013f88-groupManagement] INFO  server.RaftServerConfigKeys (ConfUtils.java:logGet(46)) - raft.server.log.corruption.policy = EXCEPTION (default)
2024-02-06 10:04:57,429 [abf042c3-6cd4-4c06-9655-57992d013f88-groupManagement] INFO  server.RaftServerConfigKeys (ConfUtils.java:logGet(46)) - raft.server.storage.dir = [/home/runner/work/ozone/ozone/hadoop-ozone/integration-test/target/test-dir/MiniOzoneClusterImpl-5d1c2165-a83d-4eb5-a2bf-ae35b2f22424/datanode-6/data/ratis] (custom)
2024-02-06 10:04:57,429 [abf042c3-6cd4-4c06-9655-57992d013f88-groupManagement] INFO  storage.RaftStorageDirectory (RaftStorageDirectoryImpl.java:analyzeStorage(138)) - The storage directory /home/runner/work/ozone/ozone/hadoop-ozone/integration-test/target/test-dir/MiniOzoneClusterImpl-5d1c2165-a83d-4eb5-a2bf-ae35b2f22424/datanode-6/data/ratis/3c3e367e-a459-437c-a0ed-6f6918dab04d does not exist. Creating ...
2024-02-06 10:04:57,430 [abf042c3-6cd4-4c06-9655-57992d013f88-groupManagement] INFO  storage.RaftStorageDirectory (RaftStorageDirectoryImpl.java:tryLock(228)) - Lock on /home/runner/work/ozone/ozone/hadoop-ozone/integration-test/target/test-dir/MiniOzoneClusterImpl-5d1c2165-a83d-4eb5-a2bf-ae35b2f22424/datanode-6/data/ratis/3c3e367e-a459-437c-a0ed-6f6918dab04d/in_use.lock acquired by nodename 37157@fv-az776-296
2024-02-06 10:04:57,431 [abf042c3-6cd4-4c06-9655-57992d013f88-groupManagement] INFO  storage.RaftStorage (RaftStorageImpl.java:format(99)) - Storage directory /home/runner/work/ozone/ozone/hadoop-ozone/integration-test/target/test-dir/MiniOzoneClusterImpl-5d1c2165-a83d-4eb5-a2bf-ae35b2f22424/datanode-6/data/ratis/3c3e367e-a459-437c-a0ed-6f6918dab04d has been successfully formatted.
2024-02-06 10:04:57,432 [abf042c3-6cd4-4c06-9655-57992d013f88-groupManagement] WARN  util.FileUtils (LogUtils.java:supplyAndLog(63)) - Failed to Files.newInputStream /home/runner/work/ozone/ozone/hadoop-ozone/integration-test/target/test-dir/MiniOzoneClusterImpl-5d1c2165-a83d-4eb5-a2bf-ae35b2f22424/datanode-6/data/ratis/3c3e367e-a459-437c-a0ed-6f6918dab04d/current/raft-meta.conf with options []: java.nio.file.NoSuchFileException: /home/runner/work/ozone/ozone/hadoop-ozone/integration-test/target/test-dir/MiniOzoneClusterImpl-5d1c2165-a83d-4eb5-a2bf-ae35b2f22424/datanode-6/data/ratis/3c3e367e-a459-437c-a0ed-6f6918dab04d/current/raft-meta.conf
2024-02-06 10:04:57,434 [abf042c3-6cd4-4c06-9655-57992d013f88-groupManagement] INFO  ratis.ContainerStateMachine (ContainerStateMachine.java:loadSnapshot(287)) - group-6F6918DAB04D: The snapshot info is null. Setting the last applied index to:(t:0, i:~)
2024-02-06 10:04:57,434 [abf042c3-6cd4-4c06-9655-57992d013f88-groupManagement] INFO  server.RaftServerConfigKeys (ConfUtils.java:logGet(46)) - raft.server.log.use.memory = false (default)
2024-02-06 10:04:57,434 [abf042c3-6cd4-4c06-9655-57992d013f88-groupManagement] INFO  server.RaftServerConfigKeys (ConfUtils.java:logGet(46)) - raft.server.log.purge.gap = 1000000 (custom)
2024-02-06 10:04:57,434 [abf042c3-6cd4-4c06-9655-57992d013f88-groupManagement] INFO  server.RaftServerConfigKeys (ConfUtils.java:logGet(46)) - raft.server.log.appender.buffer.byte-limit = 8388608 (custom)
2024-02-06 10:04:57,434 [abf042c3-6cd4-4c06-9655-57992d013f88-groupManagement] INFO  server.RaftServerConfigKeys (ConfUtils.java:logGet(46)) - raft.server.log.statemachine.data.read.timeout = 1000ms (default)
2024-02-06 10:04:57,434 [abf042c3-6cd4-4c06-9655-57992d013f88-groupManagement] INFO  server.RaftServerConfigKeys (ConfUtils.java:logGet(46)) - raft.server.log.purge.preservation.log.num = 0 (default)
2024-02-06 10:04:57,434 [EventQueue-PipelineReportForPipelineReportHandler] INFO  pipeline.PipelineReportHandler (PipelineReportHandler.java:processPipelineReport(136)) - Opened pipeline PipelineID=3c3e367e-a459-437c-a0ed-6f6918dab04d
2024-02-06 10:04:57,435 [EventQueue-OpenPipelineForHealthyPipelineSafeModeRule] INFO  safemode.SCMSafeModeManager (HealthyPipelineSafeModeRule.java:process(140)) - SCM in safe mode. Healthy pipelines reported count is 0, required healthy pipeline reported count is 1
2024-02-06 10:04:57,435 [abf042c3-6cd4-4c06-9655-57992d013f88-groupManagement] INFO  server.RaftServerConfigKeys (ConfUtils.java:logGet(46)) - raft.server.log.segment.size.max = 67108864 (custom)
2024-02-06 10:04:57,435 [abf042c3-6cd4-4c06-9655-57992d013f88-groupManagement] INFO  server.RaftServerConfigKeys (ConfUtils.java:logGet(46)) - raft.server.log.segment.cache.num.max = 2 (custom)
2024-02-06 10:04:57,435 [abf042c3-6cd4-4c06-9655-57992d013f88-groupManagement] INFO  server.RaftServerConfigKeys (ConfUtils.java:logGet(46)) - raft.server.log.segment.cache.size.max = 200MB (=209715200) (default)
2024-02-06 10:04:57,435 [abf042c3-6cd4-4c06-9655-57992d013f88-groupManagement] INFO  server.RaftServerConfigKeys (ConfUtils.java:logGet(46)) - raft.server.log.appender.buffer.byte-limit = 8388608 (custom)
2024-02-06 10:04:57,435 [abf042c3-6cd4-4c06-9655-57992d013f88-groupManagement] INFO  util.AwaitToRun (AwaitToRun.java:start(81)) - Thread[abf042c3-6cd4-4c06-9655-57992d013f88@group-6F6918DAB04D-cacheEviction-AwaitToRun,5,main] started
2024-02-06 10:04:57,436 [abf042c3-6cd4-4c06-9655-57992d013f88-groupManagement] INFO  segmented.SegmentedRaftLogWorker (SegmentedRaftLogWorker.java:<init>(182)) - new abf042c3-6cd4-4c06-9655-57992d013f88@group-6F6918DAB04D-SegmentedRaftLogWorker for RaftStorageImpl:Storage Directory /home/runner/work/ozone/ozone/hadoop-ozone/integration-test/target/test-dir/MiniOzoneClusterImpl-5d1c2165-a83d-4eb5-a2bf-ae35b2f22424/datanode-6/data/ratis/3c3e367e-a459-437c-a0ed-6f6918dab04d
2024-02-06 10:04:57,436 [abf042c3-6cd4-4c06-9655-57992d013f88-groupManagement] INFO  server.RaftServerConfigKeys (ConfUtils.java:logGet(46)) - raft.server.log.queue.byte-limit = 4294967296 (custom)
2024-02-06 10:04:57,436 [abf042c3-6cd4-4c06-9655-57992d013f88-groupManagement] INFO  server.RaftServerConfigKeys (ConfUtils.java:logGet(46)) - raft.server.log.queue.element-limit = 1024 (custom)
2024-02-06 10:04:57,436 [abf042c3-6cd4-4c06-9655-57992d013f88-groupManagement] INFO  server.RaftServerConfigKeys (ConfUtils.java:logGet(46)) - raft.server.log.segment.size.max = 67108864 (custom)
2024-02-06 10:04:57,436 [abf042c3-6cd4-4c06-9655-57992d013f88-groupManagement] INFO  server.RaftServerConfigKeys (ConfUtils.java:logGet(46)) - raft.server.log.preallocated.size = 4194304 (custom)
2024-02-06 10:04:57,436 [abf042c3-6cd4-4c06-9655-57992d013f88-groupManagement] INFO  server.RaftServerConfigKeys (ConfUtils.java:logGet(46)) - raft.server.log.force.sync.num = 128 (default)
2024-02-06 10:04:57,436 [abf042c3-6cd4-4c06-9655-57992d013f88-groupManagement] INFO  server.RaftServerConfigKeys (ConfUtils.java:logGet(46)) - raft.server.log.statemachine.data.sync = true (default)
2024-02-06 10:04:57,436 [abf042c3-6cd4-4c06-9655-57992d013f88-groupManagement] INFO  server.RaftServerConfigKeys (ConfUtils.java:logGet(46)) - raft.server.log.statemachine.data.sync.timeout = 10s (default)
2024-02-06 10:04:57,436 [abf042c3-6cd4-4c06-9655-57992d013f88-groupManagement] INFO  server.RaftServerConfigKeys (ConfUtils.java:logGet(46)) - raft.server.log.statemachine.data.sync.timeout.retry = 0 (custom)
2024-02-06 10:04:57,436 [abf042c3-6cd4-4c06-9655-57992d013f88-groupManagement] INFO  server.RaftServerConfigKeys (ConfUtils.java:logGet(46)) - raft.server.log.write.buffer.size = 8388616 (custom)
2024-02-06 10:04:57,438 [abf042c3-6cd4-4c06-9655-57992d013f88-groupManagement] INFO  server.RaftServerConfigKeys (ConfUtils.java:logGet(46)) - raft.server.log.appender.buffer.byte-limit = 8388608 (custom)
2024-02-06 10:04:57,438 [abf042c3-6cd4-4c06-9655-57992d013f88-groupManagement] INFO  server.RaftServerConfigKeys (ConfUtils.java:logGet(46)) - raft.server.log.unsafe-flush.enabled = false (default)
2024-02-06 10:04:57,438 [abf042c3-6cd4-4c06-9655-57992d013f88-groupManagement] INFO  server.RaftServerConfigKeys (ConfUtils.java:logGet(46)) - raft.server.log.async-flush.enabled = false (default)
2024-02-06 10:04:57,438 [abf042c3-6cd4-4c06-9655-57992d013f88-groupManagement] INFO  server.RaftServerConfigKeys (ConfUtils.java:logGet(46)) - raft.server.log.statemachine.data.caching.enabled = true (custom)
2024-02-06 10:04:57,438 [abf042c3-6cd4-4c06-9655-57992d013f88-groupManagement] INFO  segmented.SegmentedRaftLogWorker (SegmentedRaftLogWorker.java:lambda$new$0(134)) - abf042c3-6cd4-4c06-9655-57992d013f88@group-6F6918DAB04D-SegmentedRaftLogWorker: flushIndex: setUnconditionally 0 -> -1
2024-02-06 10:04:57,438 [abf042c3-6cd4-4c06-9655-57992d013f88-groupManagement] INFO  segmented.SegmentedRaftLogWorker (SegmentedRaftLogWorker.java:lambda$new$0(134)) - abf042c3-6cd4-4c06-9655-57992d013f88@group-6F6918DAB04D-SegmentedRaftLogWorker: safeCacheEvictIndex: setUnconditionally 0 -> -1
2024-02-06 10:04:57,439 [abf042c3-6cd4-4c06-9655-57992d013f88-groupManagement] INFO  server.RaftServer$Division (RaftServerImpl.java:start(396)) - abf042c3-6cd4-4c06-9655-57992d013f88@group-6F6918DAB04D: start as a follower, conf=-1: peers:[abf042c3-6cd4-4c06-9655-57992d013f88|10.1.0.5:15513]|listeners:[], old=null
2024-02-06 10:04:57,439 [abf042c3-6cd4-4c06-9655-57992d013f88-groupManagement] INFO  server.RaftServer$Division (RaftServerImpl.java:setRole(383)) - abf042c3-6cd4-4c06-9655-57992d013f88@group-6F6918DAB04D: changes role from      null to FOLLOWER at term 0 for startAsFollower
2024-02-06 10:04:57,439 [abf042c3-6cd4-4c06-9655-57992d013f88-groupManagement] INFO  impl.RoleInfo (RoleInfo.java:updateAndGet(139)) - abf042c3-6cd4-4c06-9655-57992d013f88: start abf042c3-6cd4-4c06-9655-57992d013f88@group-6F6918DAB04D-FollowerState
2024-02-06 10:04:57,439 [abf042c3-6cd4-4c06-9655-57992d013f88@group-6F6918DAB04D-FollowerState] INFO  server.RaftServerConfigKeys (ConfUtils.java:logFallback(53)) - raft.server.rpc.first-election.timeout.min = 5s (fallback to raft.server.rpc.timeout.min)
2024-02-06 10:04:57,439 [abf042c3-6cd4-4c06-9655-57992d013f88-groupManagement] INFO  util.JmxRegister (JmxRegister.java:tryRegister(44)) - Successfully registered JMX Bean with object name Ratis:service=RaftServer,group=group-6F6918DAB04D,id=abf042c3-6cd4-4c06-9655-57992d013f88
2024-02-06 10:04:57,439 [abf042c3-6cd4-4c06-9655-57992d013f88@group-6F6918DAB04D-FollowerState] INFO  server.RaftServerConfigKeys (ConfUtils.java:logFallback(53)) - raft.server.rpc.first-election.timeout.max = 5200ms (fallback to raft.server.rpc.timeout.max)
2024-02-06 10:04:57,439 [abf042c3-6cd4-4c06-9655-57992d013f88-groupManagement] INFO  server.RaftServerConfigKeys (ConfUtils.java:logGet(46)) - raft.server.snapshot.trigger-when-stop.enabled = true (default)
2024-02-06 10:04:57,439 [abf042c3-6cd4-4c06-9655-57992d013f88-groupManagement] INFO  server.RaftServerConfigKeys (ConfUtils.java:logGet(46)) - raft.server.snapshot.auto.trigger.enabled = true (custom)
2024-02-06 10:04:57,439 [abf042c3-6cd4-4c06-9655-57992d013f88-groupManagement] INFO  server.RaftServerConfigKeys (ConfUtils.java:logGet(46)) - raft.server.snapshot.auto.trigger.threshold = 10000 (custom)
2024-02-06 10:04:57,439 [abf042c3-6cd4-4c06-9655-57992d013f88-groupManagement] INFO  server.RaftServerConfigKeys (ConfUtils.java:logGet(46)) - raft.server.snapshot.retention.file.num = 5 (custom)
2024-02-06 10:04:57,439 [abf042c3-6cd4-4c06-9655-57992d013f88-groupManagement] INFO  server.RaftServerConfigKeys (ConfUtils.java:logGet(46)) - raft.server.log.purge.upto.snapshot.index = false (default)
2024-02-06 10:04:57,440 [abf042c3-6cd4-4c06-9655-57992d013f88-PipelineCommandHandlerThread-0] INFO  ratis.XceiverServerRatis (XceiverServerRatis.java:addGroup(864)) - Created group PipelineID=3c3e367e-a459-437c-a0ed-6f6918dab04d
2024-02-06 10:04:57,440 [abf042c3-6cd4-4c06-9655-57992d013f88-PipelineCommandHandlerThread-0] INFO  commandhandler.CreatePipelineCommandHandler (CreatePipelineCommandHandler.java:lambda$handle$2(124)) - Created Pipeline RATIS ONE PipelineID=3c3e367e-a459-437c-a0ed-6f6918dab04d.
2024-02-06 10:04:57,440 [abf042c3-6cd4-4c06-9655-57992d013f88-PipelineCommandHandlerThread-0] INFO  server.RaftServer (RaftServerProxy.java:addNew(100)) - abf042c3-6cd4-4c06-9655-57992d013f88: addNew group-520C61457A0F:[632684f9-b96b-4968-b03c-341844499869|10.1.0.5:15522, 2bb22b89-6b01-4b52-bccb-ae4677f02d8d|10.1.0.5:15531, abf042c3-6cd4-4c06-9655-57992d013f88|10.1.0.5:15513] returns group-520C61457A0F:java.util.concurrent.CompletableFuture@31c5381d[Not completed]
2024-02-06 10:04:57,441 [abf042c3-6cd4-4c06-9655-57992d013f88-groupManagement] INFO  server.RaftServer$Division (RaftServerImpl.java:<init>(256)) - abf042c3-6cd4-4c06-9655-57992d013f88: new RaftServerImpl for group-520C61457A0F:[632684f9-b96b-4968-b03c-341844499869|10.1.0.5:15522, 2bb22b89-6b01-4b52-bccb-ae4677f02d8d|10.1.0.5:15531, abf042c3-6cd4-4c06-9655-57992d013f88|10.1.0.5:15513] with ContainerStateMachine:uninitialized
2024-02-06 10:04:57,441 [abf042c3-6cd4-4c06-9655-57992d013f88-groupManagement] INFO  server.RaftServerConfigKeys (ConfUtils.java:logGet(46)) - raft.server.rpc.timeout.min = 5s (custom)
2024-02-06 10:04:57,441 [abf042c3-6cd4-4c06-9655-57992d013f88-groupManagement] INFO  server.RaftServerConfigKeys (ConfUtils.java:logGet(46)) - raft.server.rpc.timeout.max = 5200ms (custom)
2024-02-06 10:04:57,441 [abf042c3-6cd4-4c06-9655-57992d013f88-groupManagement] INFO  server.RaftServerConfigKeys (ConfUtils.java:logGet(46)) - raft.server.rpc.sleep.time = 25ms (default)
2024-02-06 10:04:57,441 [abf042c3-6cd4-4c06-9655-57992d013f88-groupManagement] INFO  server.RaftServerConfigKeys (ConfUtils.java:logGet(46)) - raft.server.rpc.slowness.timeout = 300000ms (custom)
2024-02-06 10:04:57,441 [abf042c3-6cd4-4c06-9655-57992d013f88-groupManagement] INFO  server.RaftServerConfigKeys (ConfUtils.java:logGet(46)) - raft.server.leaderelection.leader.step-down.wait-time = 10s (default)
2024-02-06 10:04:57,441 [abf042c3-6cd4-4c06-9655-57992d013f88-groupManagement] INFO  server.RaftServerConfigKeys (ConfUtils.java:logGet(46)) - raft.server.leaderelection.member.majority-add = false (default)
2024-02-06 10:04:57,441 [abf042c3-6cd4-4c06-9655-57992d013f88-groupManagement] INFO  server.RaftServerConfigKeys (ConfUtils.java:logGet(46)) - raft.server.sleep.deviation.threshold = 300ms (default)
2024-02-06 10:04:57,441 [abf042c3-6cd4-4c06-9655-57992d013f88-groupManagement] INFO  server.RaftServer$Division (ServerState.java:<init>(113)) - abf042c3-6cd4-4c06-9655-57992d013f88@group-520C61457A0F: ConfigurationManager, init=-1: peers:[632684f9-b96b-4968-b03c-341844499869|10.1.0.5:15522, 2bb22b89-6b01-4b52-bccb-ae4677f02d8d|10.1.0.5:15531, abf042c3-6cd4-4c06-9655-57992d013f88|10.1.0.5:15513]|listeners:[], old=null, confs=<EMPTY_MAP>
2024-02-06 10:04:57,441 [abf042c3-6cd4-4c06-9655-57992d013f88-groupManagement] INFO  server.RaftServerConfigKeys (ConfUtils.java:logGet(46)) - raft.server.notification.no-leader.timeout = 300000ms (custom)
2024-02-06 10:04:57,441 [abf042c3-6cd4-4c06-9655-57992d013f88-groupManagement] INFO  server.RaftServerConfigKeys (ConfUtils.java:logGet(46)) - raft.server.read.timeout = 10s (default)
2024-02-06 10:04:57,441 [abf042c3-6cd4-4c06-9655-57992d013f88-groupManagement] INFO  server.RaftServerConfigKeys (ConfUtils.java:logGet(46)) - raft.server.retrycache.expirytime = 600000ms (custom)
2024-02-06 10:04:57,441 [abf042c3-6cd4-4c06-9655-57992d013f88-groupManagement] INFO  server.RaftServerConfigKeys (ConfUtils.java:logGet(46)) - raft.server.retrycache.statistics.expirytime = 100ms (default)
2024-02-06 10:04:57,441 [abf042c3-6cd4-4c06-9655-57992d013f88-groupManagement] INFO  server.RaftServerConfigKeys (ConfUtils.java:logGet(46)) - raft.server.read.option = DEFAULT (default)
2024-02-06 10:04:57,441 [abf042c3-6cd4-4c06-9655-57992d013f88-groupManagement] INFO  server.RaftServerConfigKeys (ConfUtils.java:logGet(46)) - raft.server.read.read-after-write-consistent.write-index-cache.expiry-time = 60s (default)
2024-02-06 10:04:57,443 [abf042c3-6cd4-4c06-9655-57992d013f88-groupManagement] INFO  server.RaftServerConfigKeys (ConfUtils.java:logGet(46)) - raft.server.rpc.request.timeout = 3000ms (default)
2024-02-06 10:04:57,443 [abf042c3-6cd4-4c06-9655-57992d013f88-groupManagement] INFO  server.RaftServerConfigKeys (ConfUtils.java:logGet(46)) - raft.server.log.appender.install.snapshot.enabled = false (custom)
2024-02-06 10:04:57,443 [abf042c3-6cd4-4c06-9655-57992d013f88-groupManagement] INFO  server.RaftServerConfigKeys (ConfUtils.java:logGet(46)) - raft.server.threadpool.server.cached = true (default)
2024-02-06 10:04:57,443 [abf042c3-6cd4-4c06-9655-57992d013f88-groupManagement] INFO  server.RaftServerConfigKeys (ConfUtils.java:logGet(46)) - raft.server.threadpool.server.size = 0 (default)
2024-02-06 10:04:57,443 [abf042c3-6cd4-4c06-9655-57992d013f88-groupManagement] INFO  server.RaftServerConfigKeys (ConfUtils.java:logGet(46)) - raft.server.threadpool.client.cached = true (default)
2024-02-06 10:04:57,443 [abf042c3-6cd4-4c06-9655-57992d013f88-groupManagement] INFO  server.RaftServerConfigKeys (ConfUtils.java:logGet(46)) - raft.server.threadpool.client.size = 0 (default)
2024-02-06 10:04:57,443 [abf042c3-6cd4-4c06-9655-57992d013f88-groupManagement] INFO  server.RaftServerConfigKeys (ConfUtils.java:logGet(46)) - raft.server.storage.free-space.min = 0MB (=0) (default)
2024-02-06 10:04:57,443 [abf042c3-6cd4-4c06-9655-57992d013f88-groupManagement] INFO  server.RaftServerConfigKeys (ConfUtils.java:logGet(46)) - raft.server.log.corruption.policy = EXCEPTION (default)
2024-02-06 10:04:57,443 [abf042c3-6cd4-4c06-9655-57992d013f88-groupManagement] INFO  server.RaftServerConfigKeys (ConfUtils.java:logGet(46)) - raft.server.storage.dir = [/home/runner/work/ozone/ozone/hadoop-ozone/integration-test/target/test-dir/MiniOzoneClusterImpl-5d1c2165-a83d-4eb5-a2bf-ae35b2f22424/datanode-6/data/ratis] (custom)
2024-02-06 10:04:57,443 [abf042c3-6cd4-4c06-9655-57992d013f88-groupManagement] INFO  storage.RaftStorageDirectory (RaftStorageDirectoryImpl.java:analyzeStorage(138)) - The storage directory /home/runner/work/ozone/ozone/hadoop-ozone/integration-test/target/test-dir/MiniOzoneClusterImpl-5d1c2165-a83d-4eb5-a2bf-ae35b2f22424/datanode-6/data/ratis/ce42dad2-5b71-4af9-a93f-520c61457a0f does not exist. Creating ...
2024-02-06 10:04:57,445 [abf042c3-6cd4-4c06-9655-57992d013f88-groupManagement] INFO  storage.RaftStorageDirectory (RaftStorageDirectoryImpl.java:tryLock(228)) - Lock on /home/runner/work/ozone/ozone/hadoop-ozone/integration-test/target/test-dir/MiniOzoneClusterImpl-5d1c2165-a83d-4eb5-a2bf-ae35b2f22424/datanode-6/data/ratis/ce42dad2-5b71-4af9-a93f-520c61457a0f/in_use.lock acquired by nodename 37157@fv-az776-296
2024-02-06 10:04:57,446 [abf042c3-6cd4-4c06-9655-57992d013f88-groupManagement] INFO  storage.RaftStorage (RaftStorageImpl.java:format(99)) - Storage directory /home/runner/work/ozone/ozone/hadoop-ozone/integration-test/target/test-dir/MiniOzoneClusterImpl-5d1c2165-a83d-4eb5-a2bf-ae35b2f22424/datanode-6/data/ratis/ce42dad2-5b71-4af9-a93f-520c61457a0f has been successfully formatted.
2024-02-06 10:04:57,446 [abf042c3-6cd4-4c06-9655-57992d013f88-groupManagement] WARN  util.FileUtils (LogUtils.java:supplyAndLog(63)) - Failed to Files.newInputStream /home/runner/work/ozone/ozone/hadoop-ozone/integration-test/target/test-dir/MiniOzoneClusterImpl-5d1c2165-a83d-4eb5-a2bf-ae35b2f22424/datanode-6/data/ratis/ce42dad2-5b71-4af9-a93f-520c61457a0f/current/raft-meta.conf with options []: java.nio.file.NoSuchFileException: /home/runner/work/ozone/ozone/hadoop-ozone/integration-test/target/test-dir/MiniOzoneClusterImpl-5d1c2165-a83d-4eb5-a2bf-ae35b2f22424/datanode-6/data/ratis/ce42dad2-5b71-4af9-a93f-520c61457a0f/current/raft-meta.conf
2024-02-06 10:04:57,447 [abf042c3-6cd4-4c06-9655-57992d013f88-groupManagement] INFO  ratis.ContainerStateMachine (ContainerStateMachine.java:loadSnapshot(287)) - group-520C61457A0F: The snapshot info is null. Setting the last applied index to:(t:0, i:~)
2024-02-06 10:04:57,447 [abf042c3-6cd4-4c06-9655-57992d013f88-groupManagement] INFO  server.RaftServerConfigKeys (ConfUtils.java:logGet(46)) - raft.server.log.use.memory = false (default)
2024-02-06 10:04:57,447 [abf042c3-6cd4-4c06-9655-57992d013f88-groupManagement] INFO  server.RaftServerConfigKeys (ConfUtils.java:logGet(46)) - raft.server.log.purge.gap = 1000000 (custom)
2024-02-06 10:04:57,447 [abf042c3-6cd4-4c06-9655-57992d013f88-groupManagement] INFO  server.RaftServerConfigKeys (ConfUtils.java:logGet(46)) - raft.server.log.appender.buffer.byte-limit = 8388608 (custom)
2024-02-06 10:04:57,447 [abf042c3-6cd4-4c06-9655-57992d013f88-groupManagement] INFO  server.RaftServerConfigKeys (ConfUtils.java:logGet(46)) - raft.server.log.statemachine.data.read.timeout = 1000ms (default)
2024-02-06 10:04:57,447 [abf042c3-6cd4-4c06-9655-57992d013f88-groupManagement] INFO  server.RaftServerConfigKeys (ConfUtils.java:logGet(46)) - raft.server.log.purge.preservation.log.num = 0 (default)
2024-02-06 10:04:57,447 [EventQueue-OpenPipelineForHealthyPipelineSafeModeRule] INFO  safemode.SCMSafeModeManager (HealthyPipelineSafeModeRule.java:process(140)) - SCM in safe mode. Healthy pipelines reported count is 0, required healthy pipeline reported count is 1
2024-02-06 10:04:57,448 [abf042c3-6cd4-4c06-9655-57992d013f88-groupManagement] INFO  server.RaftServerConfigKeys (ConfUtils.java:logGet(46)) - raft.server.log.segment.size.max = 67108864 (custom)
2024-02-06 10:04:57,448 [abf042c3-6cd4-4c06-9655-57992d013f88-groupManagement] INFO  server.RaftServerConfigKeys (ConfUtils.java:logGet(46)) - raft.server.log.segment.cache.num.max = 2 (custom)
2024-02-06 10:04:57,448 [abf042c3-6cd4-4c06-9655-57992d013f88-groupManagement] INFO  server.RaftServerConfigKeys (ConfUtils.java:logGet(46)) - raft.server.log.segment.cache.size.max = 200MB (=209715200) (default)
2024-02-06 10:04:57,448 [abf042c3-6cd4-4c06-9655-57992d013f88-groupManagement] INFO  server.RaftServerConfigKeys (ConfUtils.java:logGet(46)) - raft.server.log.appender.buffer.byte-limit = 8388608 (custom)
2024-02-06 10:04:57,448 [abf042c3-6cd4-4c06-9655-57992d013f88-groupManagement] INFO  util.AwaitToRun (AwaitToRun.java:start(81)) - Thread[abf042c3-6cd4-4c06-9655-57992d013f88@group-520C61457A0F-cacheEviction-AwaitToRun,5,main] started
2024-02-06 10:04:57,448 [abf042c3-6cd4-4c06-9655-57992d013f88-groupManagement] INFO  segmented.SegmentedRaftLogWorker (SegmentedRaftLogWorker.java:<init>(182)) - new abf042c3-6cd4-4c06-9655-57992d013f88@group-520C61457A0F-SegmentedRaftLogWorker for RaftStorageImpl:Storage Directory /home/runner/work/ozone/ozone/hadoop-ozone/integration-test/target/test-dir/MiniOzoneClusterImpl-5d1c2165-a83d-4eb5-a2bf-ae35b2f22424/datanode-6/data/ratis/ce42dad2-5b71-4af9-a93f-520c61457a0f
2024-02-06 10:04:57,448 [abf042c3-6cd4-4c06-9655-57992d013f88-groupManagement] INFO  server.RaftServerConfigKeys (ConfUtils.java:logGet(46)) - raft.server.log.queue.byte-limit = 4294967296 (custom)
2024-02-06 10:04:57,448 [abf042c3-6cd4-4c06-9655-57992d013f88-groupManagement] INFO  server.RaftServerConfigKeys (ConfUtils.java:logGet(46)) - raft.server.log.queue.element-limit = 1024 (custom)
2024-02-06 10:04:57,448 [abf042c3-6cd4-4c06-9655-57992d013f88-groupManagement] INFO  server.RaftServerConfigKeys (ConfUtils.java:logGet(46)) - raft.server.log.segment.size.max = 67108864 (custom)
2024-02-06 10:04:57,448 [abf042c3-6cd4-4c06-9655-57992d013f88-groupManagement] INFO  server.RaftServerConfigKeys (ConfUtils.java:logGet(46)) - raft.server.log.preallocated.size = 4194304 (custom)
2024-02-06 10:04:57,449 [abf042c3-6cd4-4c06-9655-57992d013f88-groupManagement] INFO  server.RaftServerConfigKeys (ConfUtils.java:logGet(46)) - raft.server.log.force.sync.num = 128 (default)
2024-02-06 10:04:57,449 [abf042c3-6cd4-4c06-9655-57992d013f88-groupManagement] INFO  server.RaftServerConfigKeys (ConfUtils.java:logGet(46)) - raft.server.log.statemachine.data.sync = true (default)
2024-02-06 10:04:57,449 [abf042c3-6cd4-4c06-9655-57992d013f88-groupManagement] INFO  server.RaftServerConfigKeys (ConfUtils.java:logGet(46)) - raft.server.log.statemachine.data.sync.timeout = 10s (default)
2024-02-06 10:04:57,449 [abf042c3-6cd4-4c06-9655-57992d013f88-groupManagement] INFO  server.RaftServerConfigKeys (ConfUtils.java:logGet(46)) - raft.server.log.statemachine.data.sync.timeout.retry = 0 (custom)
2024-02-06 10:04:57,449 [abf042c3-6cd4-4c06-9655-57992d013f88-groupManagement] INFO  server.RaftServerConfigKeys (ConfUtils.java:logGet(46)) - raft.server.log.write.buffer.size = 8388616 (custom)
2024-02-06 10:04:57,450 [abf042c3-6cd4-4c06-9655-57992d013f88-groupManagement] INFO  server.RaftServerConfigKeys (ConfUtils.java:logGet(46)) - raft.server.log.appender.buffer.byte-limit = 8388608 (custom)
2024-02-06 10:04:57,450 [abf042c3-6cd4-4c06-9655-57992d013f88-groupManagement] INFO  server.RaftServerConfigKeys (ConfUtils.java:logGet(46)) - raft.server.log.unsafe-flush.enabled = false (default)
2024-02-06 10:04:57,450 [abf042c3-6cd4-4c06-9655-57992d013f88-groupManagement] INFO  server.RaftServerConfigKeys (ConfUtils.java:logGet(46)) - raft.server.log.async-flush.enabled = false (default)
2024-02-06 10:04:57,450 [abf042c3-6cd4-4c06-9655-57992d013f88-groupManagement] INFO  server.RaftServerConfigKeys (ConfUtils.java:logGet(46)) - raft.server.log.statemachine.data.caching.enabled = true (custom)
2024-02-06 10:04:57,450 [abf042c3-6cd4-4c06-9655-57992d013f88-groupManagement] INFO  segmented.SegmentedRaftLogWorker (SegmentedRaftLogWorker.java:lambda$new$0(134)) - abf042c3-6cd4-4c06-9655-57992d013f88@group-520C61457A0F-SegmentedRaftLogWorker: flushIndex: setUnconditionally 0 -> -1
2024-02-06 10:04:57,450 [abf042c3-6cd4-4c06-9655-57992d013f88-groupManagement] INFO  segmented.SegmentedRaftLogWorker (SegmentedRaftLogWorker.java:lambda$new$0(134)) - abf042c3-6cd4-4c06-9655-57992d013f88@group-520C61457A0F-SegmentedRaftLogWorker: safeCacheEvictIndex: setUnconditionally 0 -> -1
2024-02-06 10:04:57,450 [abf042c3-6cd4-4c06-9655-57992d013f88-groupManagement] INFO  server.RaftServer$Division (RaftServerImpl.java:start(396)) - abf042c3-6cd4-4c06-9655-57992d013f88@group-520C61457A0F: start as a follower, conf=-1: peers:[632684f9-b96b-4968-b03c-341844499869|10.1.0.5:15522, 2bb22b89-6b01-4b52-bccb-ae4677f02d8d|10.1.0.5:15531, abf042c3-6cd4-4c06-9655-57992d013f88|10.1.0.5:15513]|listeners:[], old=null
2024-02-06 10:04:57,450 [abf042c3-6cd4-4c06-9655-57992d013f88-groupManagement] INFO  server.RaftServer$Division (RaftServerImpl.java:setRole(383)) - abf042c3-6cd4-4c06-9655-57992d013f88@group-520C61457A0F: changes role from      null to FOLLOWER at term 0 for startAsFollower
2024-02-06 10:04:57,450 [abf042c3-6cd4-4c06-9655-57992d013f88-groupManagement] INFO  impl.RoleInfo (RoleInfo.java:updateAndGet(139)) - abf042c3-6cd4-4c06-9655-57992d013f88: start abf042c3-6cd4-4c06-9655-57992d013f88@group-520C61457A0F-FollowerState
2024-02-06 10:04:57,451 [abf042c3-6cd4-4c06-9655-57992d013f88-groupManagement] INFO  util.JmxRegister (JmxRegister.java:tryRegister(44)) - Successfully registered JMX Bean with object name Ratis:service=RaftServer,group=group-520C61457A0F,id=abf042c3-6cd4-4c06-9655-57992d013f88
2024-02-06 10:04:57,451 [abf042c3-6cd4-4c06-9655-57992d013f88@group-520C61457A0F-FollowerState] INFO  server.RaftServerConfigKeys (ConfUtils.java:logFallback(53)) - raft.server.rpc.first-election.timeout.min = 5s (fallback to raft.server.rpc.timeout.min)
2024-02-06 10:04:57,451 [abf042c3-6cd4-4c06-9655-57992d013f88@group-520C61457A0F-FollowerState] INFO  server.RaftServerConfigKeys (ConfUtils.java:logFallback(53)) - raft.server.rpc.first-election.timeout.max = 5200ms (fallback to raft.server.rpc.timeout.max)
2024-02-06 10:04:57,451 [abf042c3-6cd4-4c06-9655-57992d013f88-groupManagement] INFO  server.RaftServerConfigKeys (ConfUtils.java:logGet(46)) - raft.server.snapshot.trigger-when-stop.enabled = true (default)
2024-02-06 10:04:57,451 [abf042c3-6cd4-4c06-9655-57992d013f88-groupManagement] INFO  server.RaftServerConfigKeys (ConfUtils.java:logGet(46)) - raft.server.snapshot.auto.trigger.enabled = true (custom)
2024-02-06 10:04:57,451 [abf042c3-6cd4-4c06-9655-57992d013f88-groupManagement] INFO  server.RaftServerConfigKeys (ConfUtils.java:logGet(46)) - raft.server.snapshot.auto.trigger.threshold = 10000 (custom)
2024-02-06 10:04:57,451 [abf042c3-6cd4-4c06-9655-57992d013f88-groupManagement] INFO  server.RaftServerConfigKeys (ConfUtils.java:logGet(46)) - raft.server.snapshot.retention.file.num = 5 (custom)
2024-02-06 10:04:57,451 [abf042c3-6cd4-4c06-9655-57992d013f88-groupManagement] INFO  server.RaftServerConfigKeys (ConfUtils.java:logGet(46)) - raft.server.log.purge.upto.snapshot.index = false (default)
2024-02-06 10:04:57,451 [abf042c3-6cd4-4c06-9655-57992d013f88-PipelineCommandHandlerThread-0] INFO  ratis.XceiverServerRatis (XceiverServerRatis.java:addGroup(864)) - Created group PipelineID=ce42dad2-5b71-4af9-a93f-520c61457a0f
2024-02-06 10:04:57,456 [grpc-default-executor-0] INFO  server.RaftServer (RaftServerProxy.java:addNew(100)) - 2bb22b89-6b01-4b52-bccb-ae4677f02d8d: addNew group-520C61457A0F:[632684f9-b96b-4968-b03c-341844499869|10.1.0.5:15522, 2bb22b89-6b01-4b52-bccb-ae4677f02d8d|10.1.0.5:15531, abf042c3-6cd4-4c06-9655-57992d013f88|10.1.0.5:15513] returns group-520C61457A0F:java.util.concurrent.CompletableFuture@2ca0839b[Not completed]
2024-02-06 10:04:57,457 [2bb22b89-6b01-4b52-bccb-ae4677f02d8d-groupManagement] INFO  server.RaftServer$Division (RaftServerImpl.java:<init>(256)) - 2bb22b89-6b01-4b52-bccb-ae4677f02d8d: new RaftServerImpl for group-520C61457A0F:[632684f9-b96b-4968-b03c-341844499869|10.1.0.5:15522, 2bb22b89-6b01-4b52-bccb-ae4677f02d8d|10.1.0.5:15531, abf042c3-6cd4-4c06-9655-57992d013f88|10.1.0.5:15513] with ContainerStateMachine:uninitialized
2024-02-06 10:04:57,457 [2bb22b89-6b01-4b52-bccb-ae4677f02d8d-groupManagement] INFO  server.RaftServerConfigKeys (ConfUtils.java:logGet(46)) - raft.server.rpc.timeout.min = 5s (custom)
2024-02-06 10:04:57,457 [2bb22b89-6b01-4b52-bccb-ae4677f02d8d-groupManagement] INFO  server.RaftServerConfigKeys (ConfUtils.java:logGet(46)) - raft.server.rpc.timeout.max = 5200ms (custom)
2024-02-06 10:04:57,457 [2bb22b89-6b01-4b52-bccb-ae4677f02d8d-groupManagement] INFO  server.RaftServerConfigKeys (ConfUtils.java:logGet(46)) - raft.server.rpc.sleep.time = 25ms (default)
2024-02-06 10:04:57,457 [2bb22b89-6b01-4b52-bccb-ae4677f02d8d-groupManagement] INFO  server.RaftServerConfigKeys (ConfUtils.java:logGet(46)) - raft.server.rpc.slowness.timeout = 300000ms (custom)
2024-02-06 10:04:57,457 [2bb22b89-6b01-4b52-bccb-ae4677f02d8d-groupManagement] INFO  server.RaftServerConfigKeys (ConfUtils.java:logGet(46)) - raft.server.leaderelection.leader.step-down.wait-time = 10s (default)
2024-02-06 10:04:57,457 [2bb22b89-6b01-4b52-bccb-ae4677f02d8d-groupManagement] INFO  server.RaftServerConfigKeys (ConfUtils.java:logGet(46)) - raft.server.leaderelection.member.majority-add = false (default)
2024-02-06 10:04:57,457 [2bb22b89-6b01-4b52-bccb-ae4677f02d8d-groupManagement] INFO  server.RaftServerConfigKeys (ConfUtils.java:logGet(46)) - raft.server.sleep.deviation.threshold = 300ms (default)
2024-02-06 10:04:57,457 [2bb22b89-6b01-4b52-bccb-ae4677f02d8d-groupManagement] INFO  server.RaftServer$Division (ServerState.java:<init>(113)) - 2bb22b89-6b01-4b52-bccb-ae4677f02d8d@group-520C61457A0F: ConfigurationManager, init=-1: peers:[632684f9-b96b-4968-b03c-341844499869|10.1.0.5:15522, 2bb22b89-6b01-4b52-bccb-ae4677f02d8d|10.1.0.5:15531, abf042c3-6cd4-4c06-9655-57992d013f88|10.1.0.5:15513]|listeners:[], old=null, confs=<EMPTY_MAP>
2024-02-06 10:04:57,457 [2bb22b89-6b01-4b52-bccb-ae4677f02d8d-groupManagement] INFO  server.RaftServerConfigKeys (ConfUtils.java:logGet(46)) - raft.server.notification.no-leader.timeout = 300000ms (custom)
2024-02-06 10:04:57,457 [2bb22b89-6b01-4b52-bccb-ae4677f02d8d-groupManagement] INFO  server.RaftServerConfigKeys (ConfUtils.java:logGet(46)) - raft.server.read.timeout = 10s (default)
2024-02-06 10:04:57,457 [2bb22b89-6b01-4b52-bccb-ae4677f02d8d-groupManagement] INFO  server.RaftServerConfigKeys (ConfUtils.java:logGet(46)) - raft.server.retrycache.expirytime = 600000ms (custom)
2024-02-06 10:04:57,458 [2bb22b89-6b01-4b52-bccb-ae4677f02d8d-groupManagement] INFO  server.RaftServerConfigKeys (ConfUtils.java:logGet(46)) - raft.server.retrycache.statistics.expirytime = 100ms (default)
2024-02-06 10:04:57,458 [2bb22b89-6b01-4b52-bccb-ae4677f02d8d-groupManagement] INFO  server.RaftServerConfigKeys (ConfUtils.java:logGet(46)) - raft.server.read.option = DEFAULT (default)
2024-02-06 10:04:57,458 [2bb22b89-6b01-4b52-bccb-ae4677f02d8d-groupManagement] INFO  server.RaftServerConfigKeys (ConfUtils.java:logGet(46)) - raft.server.read.read-after-write-consistent.write-index-cache.expiry-time = 60s (default)
2024-02-06 10:04:57,459 [2bb22b89-6b01-4b52-bccb-ae4677f02d8d-groupManagement] INFO  server.RaftServerConfigKeys (ConfUtils.java:logGet(46)) - raft.server.rpc.request.timeout = 3000ms (default)
2024-02-06 10:04:57,459 [2bb22b89-6b01-4b52-bccb-ae4677f02d8d-groupManagement] INFO  server.RaftServerConfigKeys (ConfUtils.java:logGet(46)) - raft.server.log.appender.install.snapshot.enabled = false (custom)
2024-02-06 10:04:57,459 [2bb22b89-6b01-4b52-bccb-ae4677f02d8d-groupManagement] INFO  server.RaftServerConfigKeys (ConfUtils.java:logGet(46)) - raft.server.threadpool.server.cached = true (default)
2024-02-06 10:04:57,459 [2bb22b89-6b01-4b52-bccb-ae4677f02d8d-groupManagement] INFO  server.RaftServerConfigKeys (ConfUtils.java:logGet(46)) - raft.server.threadpool.server.size = 0 (default)
2024-02-06 10:04:57,459 [2bb22b89-6b01-4b52-bccb-ae4677f02d8d-groupManagement] INFO  server.RaftServerConfigKeys (ConfUtils.java:logGet(46)) - raft.server.threadpool.client.cached = true (default)
2024-02-06 10:04:57,459 [2bb22b89-6b01-4b52-bccb-ae4677f02d8d-groupManagement] INFO  server.RaftServerConfigKeys (ConfUtils.java:logGet(46)) - raft.server.threadpool.client.size = 0 (default)
2024-02-06 10:04:57,459 [2bb22b89-6b01-4b52-bccb-ae4677f02d8d-groupManagement] INFO  server.RaftServerConfigKeys (ConfUtils.java:logGet(46)) - raft.server.storage.free-space.min = 0MB (=0) (default)
2024-02-06 10:04:57,459 [2bb22b89-6b01-4b52-bccb-ae4677f02d8d-groupManagement] INFO  server.RaftServerConfigKeys (ConfUtils.java:logGet(46)) - raft.server.log.corruption.policy = EXCEPTION (default)
2024-02-06 10:04:57,459 [2bb22b89-6b01-4b52-bccb-ae4677f02d8d-groupManagement] INFO  server.RaftServerConfigKeys (ConfUtils.java:logGet(46)) - raft.server.storage.dir = [/home/runner/work/ozone/ozone/hadoop-ozone/integration-test/target/test-dir/MiniOzoneClusterImpl-5d1c2165-a83d-4eb5-a2bf-ae35b2f22424/datanode-8/data/ratis] (custom)
2024-02-06 10:04:57,459 [2bb22b89-6b01-4b52-bccb-ae4677f02d8d-groupManagement] INFO  storage.RaftStorageDirectory (RaftStorageDirectoryImpl.java:analyzeStorage(138)) - The storage directory /home/runner/work/ozone/ozone/hadoop-ozone/integration-test/target/test-dir/MiniOzoneClusterImpl-5d1c2165-a83d-4eb5-a2bf-ae35b2f22424/datanode-8/data/ratis/ce42dad2-5b71-4af9-a93f-520c61457a0f does not exist. Creating ...
2024-02-06 10:04:57,460 [2bb22b89-6b01-4b52-bccb-ae4677f02d8d-groupManagement] INFO  storage.RaftStorageDirectory (RaftStorageDirectoryImpl.java:tryLock(228)) - Lock on /home/runner/work/ozone/ozone/hadoop-ozone/integration-test/target/test-dir/MiniOzoneClusterImpl-5d1c2165-a83d-4eb5-a2bf-ae35b2f22424/datanode-8/data/ratis/ce42dad2-5b71-4af9-a93f-520c61457a0f/in_use.lock acquired by nodename 37157@fv-az776-296
2024-02-06 10:04:57,461 [2bb22b89-6b01-4b52-bccb-ae4677f02d8d-groupManagement] INFO  storage.RaftStorage (RaftStorageImpl.java:format(99)) - Storage directory /home/runner/work/ozone/ozone/hadoop-ozone/integration-test/target/test-dir/MiniOzoneClusterImpl-5d1c2165-a83d-4eb5-a2bf-ae35b2f22424/datanode-8/data/ratis/ce42dad2-5b71-4af9-a93f-520c61457a0f has been successfully formatted.
2024-02-06 10:04:57,462 [2bb22b89-6b01-4b52-bccb-ae4677f02d8d-groupManagement] WARN  util.FileUtils (LogUtils.java:supplyAndLog(63)) - Failed to Files.newInputStream /home/runner/work/ozone/ozone/hadoop-ozone/integration-test/target/test-dir/MiniOzoneClusterImpl-5d1c2165-a83d-4eb5-a2bf-ae35b2f22424/datanode-8/data/ratis/ce42dad2-5b71-4af9-a93f-520c61457a0f/current/raft-meta.conf with options []: java.nio.file.NoSuchFileException: /home/runner/work/ozone/ozone/hadoop-ozone/integration-test/target/test-dir/MiniOzoneClusterImpl-5d1c2165-a83d-4eb5-a2bf-ae35b2f22424/datanode-8/data/ratis/ce42dad2-5b71-4af9-a93f-520c61457a0f/current/raft-meta.conf
2024-02-06 10:04:57,464 [2bb22b89-6b01-4b52-bccb-ae4677f02d8d-groupManagement] INFO  ratis.ContainerStateMachine (ContainerStateMachine.java:loadSnapshot(287)) - group-520C61457A0F: The snapshot info is null. Setting the last applied index to:(t:0, i:~)
2024-02-06 10:04:57,464 [2bb22b89-6b01-4b52-bccb-ae4677f02d8d-groupManagement] INFO  server.RaftServerConfigKeys (ConfUtils.java:logGet(46)) - raft.server.log.use.memory = false (default)
2024-02-06 10:04:57,464 [2bb22b89-6b01-4b52-bccb-ae4677f02d8d-groupManagement] INFO  server.RaftServerConfigKeys (ConfUtils.java:logGet(46)) - raft.server.log.purge.gap = 1000000 (custom)
2024-02-06 10:04:57,464 [2bb22b89-6b01-4b52-bccb-ae4677f02d8d-groupManagement] INFO  server.RaftServerConfigKeys (ConfUtils.java:logGet(46)) - raft.server.log.appender.buffer.byte-limit = 8388608 (custom)
2024-02-06 10:04:57,464 [2bb22b89-6b01-4b52-bccb-ae4677f02d8d-groupManagement] INFO  server.RaftServerConfigKeys (ConfUtils.java:logGet(46)) - raft.server.log.statemachine.data.read.timeout = 1000ms (default)
2024-02-06 10:04:57,464 [2bb22b89-6b01-4b52-bccb-ae4677f02d8d-groupManagement] INFO  server.RaftServerConfigKeys (ConfUtils.java:logGet(46)) - raft.server.log.purge.preservation.log.num = 0 (default)
2024-02-06 10:04:57,465 [2bb22b89-6b01-4b52-bccb-ae4677f02d8d-groupManagement] INFO  server.RaftServerConfigKeys (ConfUtils.java:logGet(46)) - raft.server.log.segment.size.max = 67108864 (custom)
2024-02-06 10:04:57,465 [2bb22b89-6b01-4b52-bccb-ae4677f02d8d-groupManagement] INFO  server.RaftServerConfigKeys (ConfUtils.java:logGet(46)) - raft.server.log.segment.cache.num.max = 2 (custom)
2024-02-06 10:04:57,465 [2bb22b89-6b01-4b52-bccb-ae4677f02d8d-groupManagement] INFO  server.RaftServerConfigKeys (ConfUtils.java:logGet(46)) - raft.server.log.segment.cache.size.max = 200MB (=209715200) (default)
2024-02-06 10:04:57,465 [2bb22b89-6b01-4b52-bccb-ae4677f02d8d-groupManagement] INFO  server.RaftServerConfigKeys (ConfUtils.java:logGet(46)) - raft.server.log.appender.buffer.byte-limit = 8388608 (custom)
2024-02-06 10:04:57,465 [2bb22b89-6b01-4b52-bccb-ae4677f02d8d-groupManagement] INFO  util.AwaitToRun (AwaitToRun.java:start(81)) - Thread[2bb22b89-6b01-4b52-bccb-ae4677f02d8d@group-520C61457A0F-cacheEviction-AwaitToRun,5,main] started
2024-02-06 10:04:57,465 [2bb22b89-6b01-4b52-bccb-ae4677f02d8d-groupManagement] INFO  segmented.SegmentedRaftLogWorker (SegmentedRaftLogWorker.java:<init>(182)) - new 2bb22b89-6b01-4b52-bccb-ae4677f02d8d@group-520C61457A0F-SegmentedRaftLogWorker for RaftStorageImpl:Storage Directory /home/runner/work/ozone/ozone/hadoop-ozone/integration-test/target/test-dir/MiniOzoneClusterImpl-5d1c2165-a83d-4eb5-a2bf-ae35b2f22424/datanode-8/data/ratis/ce42dad2-5b71-4af9-a93f-520c61457a0f
2024-02-06 10:04:57,465 [2bb22b89-6b01-4b52-bccb-ae4677f02d8d-groupManagement] INFO  server.RaftServerConfigKeys (ConfUtils.java:logGet(46)) - raft.server.log.queue.byte-limit = 4294967296 (custom)
2024-02-06 10:04:57,465 [2bb22b89-6b01-4b52-bccb-ae4677f02d8d-groupManagement] INFO  server.RaftServerConfigKeys (ConfUtils.java:logGet(46)) - raft.server.log.queue.element-limit = 1024 (custom)
2024-02-06 10:04:57,465 [2bb22b89-6b01-4b52-bccb-ae4677f02d8d-groupManagement] INFO  server.RaftServerConfigKeys (ConfUtils.java:logGet(46)) - raft.server.log.segment.size.max = 67108864 (custom)
2024-02-06 10:04:57,465 [2bb22b89-6b01-4b52-bccb-ae4677f02d8d-groupManagement] INFO  server.RaftServerConfigKeys (ConfUtils.java:logGet(46)) - raft.server.log.preallocated.size = 4194304 (custom)
2024-02-06 10:04:57,465 [2bb22b89-6b01-4b52-bccb-ae4677f02d8d-groupManagement] INFO  server.RaftServerConfigKeys (ConfUtils.java:logGet(46)) - raft.server.log.force.sync.num = 128 (default)
2024-02-06 10:04:57,466 [2bb22b89-6b01-4b52-bccb-ae4677f02d8d-groupManagement] INFO  server.RaftServerConfigKeys (ConfUtils.java:logGet(46)) - raft.server.log.statemachine.data.sync = true (default)
2024-02-06 10:04:57,466 [2bb22b89-6b01-4b52-bccb-ae4677f02d8d-groupManagement] INFO  server.RaftServerConfigKeys (ConfUtils.java:logGet(46)) - raft.server.log.statemachine.data.sync.timeout = 10s (default)
2024-02-06 10:04:57,466 [2bb22b89-6b01-4b52-bccb-ae4677f02d8d-groupManagement] INFO  server.RaftServerConfigKeys (ConfUtils.java:logGet(46)) - raft.server.log.statemachine.data.sync.timeout.retry = 0 (custom)
2024-02-06 10:04:57,466 [2bb22b89-6b01-4b52-bccb-ae4677f02d8d-groupManagement] INFO  server.RaftServerConfigKeys (ConfUtils.java:logGet(46)) - raft.server.log.write.buffer.size = 8388616 (custom)
2024-02-06 10:04:57,467 [2bb22b89-6b01-4b52-bccb-ae4677f02d8d-groupManagement] INFO  server.RaftServerConfigKeys (ConfUtils.java:logGet(46)) - raft.server.log.appender.buffer.byte-limit = 8388608 (custom)
2024-02-06 10:04:57,467 [2bb22b89-6b01-4b52-bccb-ae4677f02d8d-groupManagement] INFO  server.RaftServerConfigKeys (ConfUtils.java:logGet(46)) - raft.server.log.unsafe-flush.enabled = false (default)
2024-02-06 10:04:57,467 [2bb22b89-6b01-4b52-bccb-ae4677f02d8d-groupManagement] INFO  server.RaftServerConfigKeys (ConfUtils.java:logGet(46)) - raft.server.log.async-flush.enabled = false (default)
2024-02-06 10:04:57,467 [2bb22b89-6b01-4b52-bccb-ae4677f02d8d-groupManagement] INFO  server.RaftServerConfigKeys (ConfUtils.java:logGet(46)) - raft.server.log.statemachine.data.caching.enabled = true (custom)
2024-02-06 10:04:57,467 [2bb22b89-6b01-4b52-bccb-ae4677f02d8d-groupManagement] INFO  segmented.SegmentedRaftLogWorker (SegmentedRaftLogWorker.java:lambda$new$0(134)) - 2bb22b89-6b01-4b52-bccb-ae4677f02d8d@group-520C61457A0F-SegmentedRaftLogWorker: flushIndex: setUnconditionally 0 -> -1
2024-02-06 10:04:57,467 [2bb22b89-6b01-4b52-bccb-ae4677f02d8d-groupManagement] INFO  segmented.SegmentedRaftLogWorker (SegmentedRaftLogWorker.java:lambda$new$0(134)) - 2bb22b89-6b01-4b52-bccb-ae4677f02d8d@group-520C61457A0F-SegmentedRaftLogWorker: safeCacheEvictIndex: setUnconditionally 0 -> -1
2024-02-06 10:04:57,467 [2bb22b89-6b01-4b52-bccb-ae4677f02d8d-groupManagement] INFO  server.RaftServer$Division (RaftServerImpl.java:start(396)) - 2bb22b89-6b01-4b52-bccb-ae4677f02d8d@group-520C61457A0F: start as a follower, conf=-1: peers:[632684f9-b96b-4968-b03c-341844499869|10.1.0.5:15522, 2bb22b89-6b01-4b52-bccb-ae4677f02d8d|10.1.0.5:15531, abf042c3-6cd4-4c06-9655-57992d013f88|10.1.0.5:15513]|listeners:[], old=null
2024-02-06 10:04:57,467 [2bb22b89-6b01-4b52-bccb-ae4677f02d8d-groupManagement] INFO  server.RaftServer$Division (RaftServerImpl.java:setRole(383)) - 2bb22b89-6b01-4b52-bccb-ae4677f02d8d@group-520C61457A0F: changes role from      null to FOLLOWER at term 0 for startAsFollower
2024-02-06 10:04:57,467 [2bb22b89-6b01-4b52-bccb-ae4677f02d8d-groupManagement] INFO  impl.RoleInfo (RoleInfo.java:updateAndGet(139)) - 2bb22b89-6b01-4b52-bccb-ae4677f02d8d: start 2bb22b89-6b01-4b52-bccb-ae4677f02d8d@group-520C61457A0F-FollowerState
2024-02-06 10:04:57,468 [2bb22b89-6b01-4b52-bccb-ae4677f02d8d@group-520C61457A0F-FollowerState] INFO  server.RaftServerConfigKeys (ConfUtils.java:logFallback(53)) - raft.server.rpc.first-election.timeout.min = 5s (fallback to raft.server.rpc.timeout.min)
2024-02-06 10:04:57,468 [2bb22b89-6b01-4b52-bccb-ae4677f02d8d-groupManagement] INFO  util.JmxRegister (JmxRegister.java:tryRegister(44)) - Successfully registered JMX Bean with object name Ratis:service=RaftServer,group=group-520C61457A0F,id=2bb22b89-6b01-4b52-bccb-ae4677f02d8d
2024-02-06 10:04:57,468 [2bb22b89-6b01-4b52-bccb-ae4677f02d8d@group-520C61457A0F-FollowerState] INFO  server.RaftServerConfigKeys (ConfUtils.java:logFallback(53)) - raft.server.rpc.first-election.timeout.max = 5200ms (fallback to raft.server.rpc.timeout.max)
2024-02-06 10:04:57,468 [2bb22b89-6b01-4b52-bccb-ae4677f02d8d-groupManagement] INFO  server.RaftServerConfigKeys (ConfUtils.java:logGet(46)) - raft.server.snapshot.trigger-when-stop.enabled = true (default)
2024-02-06 10:04:57,468 [2bb22b89-6b01-4b52-bccb-ae4677f02d8d-groupManagement] INFO  server.RaftServerConfigKeys (ConfUtils.java:logGet(46)) - raft.server.snapshot.auto.trigger.enabled = true (custom)
2024-02-06 10:04:57,468 [2bb22b89-6b01-4b52-bccb-ae4677f02d8d-groupManagement] INFO  server.RaftServerConfigKeys (ConfUtils.java:logGet(46)) - raft.server.snapshot.auto.trigger.threshold = 10000 (custom)
2024-02-06 10:04:57,468 [2bb22b89-6b01-4b52-bccb-ae4677f02d8d-groupManagement] INFO  server.RaftServerConfigKeys (ConfUtils.java:logGet(46)) - raft.server.snapshot.retention.file.num = 5 (custom)
2024-02-06 10:04:57,468 [2bb22b89-6b01-4b52-bccb-ae4677f02d8d-groupManagement] INFO  server.RaftServerConfigKeys (ConfUtils.java:logGet(46)) - raft.server.log.purge.upto.snapshot.index = false (default)
2024-02-06 10:04:57,474 [grpc-default-executor-0] INFO  server.RaftServer (RaftServerProxy.java:addNew(100)) - 632684f9-b96b-4968-b03c-341844499869: addNew group-520C61457A0F:[632684f9-b96b-4968-b03c-341844499869|10.1.0.5:15522, 2bb22b89-6b01-4b52-bccb-ae4677f02d8d|10.1.0.5:15531, abf042c3-6cd4-4c06-9655-57992d013f88|10.1.0.5:15513] returns group-520C61457A0F:java.util.concurrent.CompletableFuture@8d4657b[Not completed]
2024-02-06 10:04:57,475 [632684f9-b96b-4968-b03c-341844499869-groupManagement] INFO  server.RaftServer$Division (RaftServerImpl.java:<init>(256)) - 632684f9-b96b-4968-b03c-341844499869: new RaftServerImpl for group-520C61457A0F:[632684f9-b96b-4968-b03c-341844499869|10.1.0.5:15522, 2bb22b89-6b01-4b52-bccb-ae4677f02d8d|10.1.0.5:15531, abf042c3-6cd4-4c06-9655-57992d013f88|10.1.0.5:15513] with ContainerStateMachine:uninitialized
2024-02-06 10:04:57,475 [632684f9-b96b-4968-b03c-341844499869-groupManagement] INFO  server.RaftServerConfigKeys (ConfUtils.java:logGet(46)) - raft.server.rpc.timeout.min = 5s (custom)
2024-02-06 10:04:57,475 [632684f9-b96b-4968-b03c-341844499869-groupManagement] INFO  server.RaftServerConfigKeys (ConfUtils.java:logGet(46)) - raft.server.rpc.timeout.max = 5200ms (custom)
2024-02-06 10:04:57,475 [632684f9-b96b-4968-b03c-341844499869-groupManagement] INFO  server.RaftServerConfigKeys (ConfUtils.java:logGet(46)) - raft.server.rpc.sleep.time = 25ms (default)
2024-02-06 10:04:57,475 [632684f9-b96b-4968-b03c-341844499869-groupManagement] INFO  server.RaftServerConfigKeys (ConfUtils.java:logGet(46)) - raft.server.rpc.slowness.timeout = 300000ms (custom)
2024-02-06 10:04:57,475 [632684f9-b96b-4968-b03c-341844499869-groupManagement] INFO  server.RaftServerConfigKeys (ConfUtils.java:logGet(46)) - raft.server.leaderelection.leader.step-down.wait-time = 10s (default)
2024-02-06 10:04:57,475 [632684f9-b96b-4968-b03c-341844499869-groupManagement] INFO  server.RaftServerConfigKeys (ConfUtils.java:logGet(46)) - raft.server.leaderelection.member.majority-add = false (default)
2024-02-06 10:04:57,475 [632684f9-b96b-4968-b03c-341844499869-groupManagement] INFO  server.RaftServerConfigKeys (ConfUtils.java:logGet(46)) - raft.server.sleep.deviation.threshold = 300ms (default)
2024-02-06 10:04:57,475 [632684f9-b96b-4968-b03c-341844499869-groupManagement] INFO  server.RaftServer$Division (ServerState.java:<init>(113)) - 632684f9-b96b-4968-b03c-341844499869@group-520C61457A0F: ConfigurationManager, init=-1: peers:[632684f9-b96b-4968-b03c-341844499869|10.1.0.5:15522, 2bb22b89-6b01-4b52-bccb-ae4677f02d8d|10.1.0.5:15531, abf042c3-6cd4-4c06-9655-57992d013f88|10.1.0.5:15513]|listeners:[], old=null, confs=<EMPTY_MAP>
2024-02-06 10:04:57,475 [632684f9-b96b-4968-b03c-341844499869-groupManagement] INFO  server.RaftServerConfigKeys (ConfUtils.java:logGet(46)) - raft.server.notification.no-leader.timeout = 300000ms (custom)
2024-02-06 10:04:57,475 [632684f9-b96b-4968-b03c-341844499869-groupManagement] INFO  server.RaftServerConfigKeys (ConfUtils.java:logGet(46)) - raft.server.read.timeout = 10s (default)
2024-02-06 10:04:57,475 [632684f9-b96b-4968-b03c-341844499869-groupManagement] INFO  server.RaftServerConfigKeys (ConfUtils.java:logGet(46)) - raft.server.retrycache.expirytime = 600000ms (custom)
2024-02-06 10:04:57,476 [632684f9-b96b-4968-b03c-341844499869-groupManagement] INFO  server.RaftServerConfigKeys (ConfUtils.java:logGet(46)) - raft.server.retrycache.statistics.expirytime = 100ms (default)
2024-02-06 10:04:57,476 [632684f9-b96b-4968-b03c-341844499869-groupManagement] INFO  server.RaftServerConfigKeys (ConfUtils.java:logGet(46)) - raft.server.read.option = DEFAULT (default)
2024-02-06 10:04:57,476 [632684f9-b96b-4968-b03c-341844499869-groupManagement] INFO  server.RaftServerConfigKeys (ConfUtils.java:logGet(46)) - raft.server.read.read-after-write-consistent.write-index-cache.expiry-time = 60s (default)
2024-02-06 10:04:57,477 [632684f9-b96b-4968-b03c-341844499869-groupManagement] INFO  server.RaftServerConfigKeys (ConfUtils.java:logGet(46)) - raft.server.rpc.request.timeout = 3000ms (default)
2024-02-06 10:04:57,477 [632684f9-b96b-4968-b03c-341844499869-groupManagement] INFO  server.RaftServerConfigKeys (ConfUtils.java:logGet(46)) - raft.server.log.appender.install.snapshot.enabled = false (custom)
2024-02-06 10:04:57,477 [632684f9-b96b-4968-b03c-341844499869-groupManagement] INFO  server.RaftServerConfigKeys (ConfUtils.java:logGet(46)) - raft.server.threadpool.server.cached = true (default)
2024-02-06 10:04:57,477 [632684f9-b96b-4968-b03c-341844499869-groupManagement] INFO  server.RaftServerConfigKeys (ConfUtils.java:logGet(46)) - raft.server.threadpool.server.size = 0 (default)
2024-02-06 10:04:57,477 [632684f9-b96b-4968-b03c-341844499869-groupManagement] INFO  server.RaftServerConfigKeys (ConfUtils.java:logGet(46)) - raft.server.threadpool.client.cached = true (default)
2024-02-06 10:04:57,477 [632684f9-b96b-4968-b03c-341844499869-groupManagement] INFO  server.RaftServerConfigKeys (ConfUtils.java:logGet(46)) - raft.server.threadpool.client.size = 0 (default)
2024-02-06 10:04:57,477 [632684f9-b96b-4968-b03c-341844499869-groupManagement] INFO  server.RaftServerConfigKeys (ConfUtils.java:logGet(46)) - raft.server.storage.free-space.min = 0MB (=0) (default)
2024-02-06 10:04:57,477 [632684f9-b96b-4968-b03c-341844499869-groupManagement] INFO  server.RaftServerConfigKeys (ConfUtils.java:logGet(46)) - raft.server.log.corruption.policy = EXCEPTION (default)
2024-02-06 10:04:57,477 [632684f9-b96b-4968-b03c-341844499869-groupManagement] INFO  server.RaftServerConfigKeys (ConfUtils.java:logGet(46)) - raft.server.storage.dir = [/home/runner/work/ozone/ozone/hadoop-ozone/integration-test/target/test-dir/MiniOzoneClusterImpl-5d1c2165-a83d-4eb5-a2bf-ae35b2f22424/datanode-7/data/ratis] (custom)
2024-02-06 10:04:57,477 [632684f9-b96b-4968-b03c-341844499869-groupManagement] INFO  storage.RaftStorageDirectory (RaftStorageDirectoryImpl.java:analyzeStorage(138)) - The storage directory /home/runner/work/ozone/ozone/hadoop-ozone/integration-test/target/test-dir/MiniOzoneClusterImpl-5d1c2165-a83d-4eb5-a2bf-ae35b2f22424/datanode-7/data/ratis/ce42dad2-5b71-4af9-a93f-520c61457a0f does not exist. Creating ...
2024-02-06 10:04:57,478 [632684f9-b96b-4968-b03c-341844499869-groupManagement] INFO  storage.RaftStorageDirectory (RaftStorageDirectoryImpl.java:tryLock(228)) - Lock on /home/runner/work/ozone/ozone/hadoop-ozone/integration-test/target/test-dir/MiniOzoneClusterImpl-5d1c2165-a83d-4eb5-a2bf-ae35b2f22424/datanode-7/data/ratis/ce42dad2-5b71-4af9-a93f-520c61457a0f/in_use.lock acquired by nodename 37157@fv-az776-296
2024-02-06 10:04:57,479 [632684f9-b96b-4968-b03c-341844499869-groupManagement] INFO  storage.RaftStorage (RaftStorageImpl.java:format(99)) - Storage directory /home/runner/work/ozone/ozone/hadoop-ozone/integration-test/target/test-dir/MiniOzoneClusterImpl-5d1c2165-a83d-4eb5-a2bf-ae35b2f22424/datanode-7/data/ratis/ce42dad2-5b71-4af9-a93f-520c61457a0f has been successfully formatted.
2024-02-06 10:04:57,479 [632684f9-b96b-4968-b03c-341844499869-groupManagement] WARN  util.FileUtils (LogUtils.java:supplyAndLog(63)) - Failed to Files.newInputStream /home/runner/work/ozone/ozone/hadoop-ozone/integration-test/target/test-dir/MiniOzoneClusterImpl-5d1c2165-a83d-4eb5-a2bf-ae35b2f22424/datanode-7/data/ratis/ce42dad2-5b71-4af9-a93f-520c61457a0f/current/raft-meta.conf with options []: java.nio.file.NoSuchFileException: /home/runner/work/ozone/ozone/hadoop-ozone/integration-test/target/test-dir/MiniOzoneClusterImpl-5d1c2165-a83d-4eb5-a2bf-ae35b2f22424/datanode-7/data/ratis/ce42dad2-5b71-4af9-a93f-520c61457a0f/current/raft-meta.conf
2024-02-06 10:04:57,480 [632684f9-b96b-4968-b03c-341844499869-groupManagement] INFO  ratis.ContainerStateMachine (ContainerStateMachine.java:loadSnapshot(287)) - group-520C61457A0F: The snapshot info is null. Setting the last applied index to:(t:0, i:~)
2024-02-06 10:04:57,480 [632684f9-b96b-4968-b03c-341844499869-groupManagement] INFO  server.RaftServerConfigKeys (ConfUtils.java:logGet(46)) - raft.server.log.use.memory = false (default)
2024-02-06 10:04:57,481 [632684f9-b96b-4968-b03c-341844499869-groupManagement] INFO  server.RaftServerConfigKeys (ConfUtils.java:logGet(46)) - raft.server.log.purge.gap = 1000000 (custom)
2024-02-06 10:04:57,481 [632684f9-b96b-4968-b03c-341844499869-groupManagement] INFO  server.RaftServerConfigKeys (ConfUtils.java:logGet(46)) - raft.server.log.appender.buffer.byte-limit = 8388608 (custom)
2024-02-06 10:04:57,481 [632684f9-b96b-4968-b03c-341844499869-groupManagement] INFO  server.RaftServerConfigKeys (ConfUtils.java:logGet(46)) - raft.server.log.statemachine.data.read.timeout = 1000ms (default)
2024-02-06 10:04:57,481 [632684f9-b96b-4968-b03c-341844499869-groupManagement] INFO  server.RaftServerConfigKeys (ConfUtils.java:logGet(46)) - raft.server.log.purge.preservation.log.num = 0 (default)
2024-02-06 10:04:57,482 [632684f9-b96b-4968-b03c-341844499869-groupManagement] INFO  server.RaftServerConfigKeys (ConfUtils.java:logGet(46)) - raft.server.log.segment.size.max = 67108864 (custom)
2024-02-06 10:04:57,482 [632684f9-b96b-4968-b03c-341844499869-groupManagement] INFO  server.RaftServerConfigKeys (ConfUtils.java:logGet(46)) - raft.server.log.segment.cache.num.max = 2 (custom)
2024-02-06 10:04:57,482 [632684f9-b96b-4968-b03c-341844499869-groupManagement] INFO  server.RaftServerConfigKeys (ConfUtils.java:logGet(46)) - raft.server.log.segment.cache.size.max = 200MB (=209715200) (default)
2024-02-06 10:04:57,482 [632684f9-b96b-4968-b03c-341844499869-groupManagement] INFO  server.RaftServerConfigKeys (ConfUtils.java:logGet(46)) - raft.server.log.appender.buffer.byte-limit = 8388608 (custom)
2024-02-06 10:04:57,482 [632684f9-b96b-4968-b03c-341844499869-groupManagement] INFO  util.AwaitToRun (AwaitToRun.java:start(81)) - Thread[632684f9-b96b-4968-b03c-341844499869@group-520C61457A0F-cacheEviction-AwaitToRun,5,main] started
2024-02-06 10:04:57,483 [632684f9-b96b-4968-b03c-341844499869-groupManagement] INFO  segmented.SegmentedRaftLogWorker (SegmentedRaftLogWorker.java:<init>(182)) - new 632684f9-b96b-4968-b03c-341844499869@group-520C61457A0F-SegmentedRaftLogWorker for RaftStorageImpl:Storage Directory /home/runner/work/ozone/ozone/hadoop-ozone/integration-test/target/test-dir/MiniOzoneClusterImpl-5d1c2165-a83d-4eb5-a2bf-ae35b2f22424/datanode-7/data/ratis/ce42dad2-5b71-4af9-a93f-520c61457a0f
2024-02-06 10:04:57,483 [632684f9-b96b-4968-b03c-341844499869-groupManagement] INFO  server.RaftServerConfigKeys (ConfUtils.java:logGet(46)) - raft.server.log.queue.byte-limit = 4294967296 (custom)
2024-02-06 10:04:57,483 [632684f9-b96b-4968-b03c-341844499869-groupManagement] INFO  server.RaftServerConfigKeys (ConfUtils.java:logGet(46)) - raft.server.log.queue.element-limit = 1024 (custom)
2024-02-06 10:04:57,483 [632684f9-b96b-4968-b03c-341844499869-groupManagement] INFO  server.RaftServerConfigKeys (ConfUtils.java:logGet(46)) - raft.server.log.segment.size.max = 67108864 (custom)
2024-02-06 10:04:57,483 [632684f9-b96b-4968-b03c-341844499869-groupManagement] INFO  server.RaftServerConfigKeys (ConfUtils.java:logGet(46)) - raft.server.log.preallocated.size = 4194304 (custom)
2024-02-06 10:04:57,483 [632684f9-b96b-4968-b03c-341844499869-groupManagement] INFO  server.RaftServerConfigKeys (ConfUtils.java:logGet(46)) - raft.server.log.force.sync.num = 128 (default)
2024-02-06 10:04:57,483 [632684f9-b96b-4968-b03c-341844499869-groupManagement] INFO  server.RaftServerConfigKeys (ConfUtils.java:logGet(46)) - raft.server.log.statemachine.data.sync = true (default)
2024-02-06 10:04:57,483 [632684f9-b96b-4968-b03c-341844499869-groupManagement] INFO  server.RaftServerConfigKeys (ConfUtils.java:logGet(46)) - raft.server.log.statemachine.data.sync.timeout = 10s (default)
2024-02-06 10:04:57,483 [632684f9-b96b-4968-b03c-341844499869-groupManagement] INFO  server.RaftServerConfigKeys (ConfUtils.java:logGet(46)) - raft.server.log.statemachine.data.sync.timeout.retry = 0 (custom)
2024-02-06 10:04:57,483 [632684f9-b96b-4968-b03c-341844499869-groupManagement] INFO  server.RaftServerConfigKeys (ConfUtils.java:logGet(46)) - raft.server.log.write.buffer.size = 8388616 (custom)
2024-02-06 10:04:57,484 [632684f9-b96b-4968-b03c-341844499869-groupManagement] INFO  server.RaftServerConfigKeys (ConfUtils.java:logGet(46)) - raft.server.log.appender.buffer.byte-limit = 8388608 (custom)
2024-02-06 10:04:57,484 [632684f9-b96b-4968-b03c-341844499869-groupManagement] INFO  server.RaftServerConfigKeys (ConfUtils.java:logGet(46)) - raft.server.log.unsafe-flush.enabled = false (default)
2024-02-06 10:04:57,484 [632684f9-b96b-4968-b03c-341844499869-groupManagement] INFO  server.RaftServerConfigKeys (ConfUtils.java:logGet(46)) - raft.server.log.async-flush.enabled = false (default)
2024-02-06 10:04:57,484 [632684f9-b96b-4968-b03c-341844499869-groupManagement] INFO  server.RaftServerConfigKeys (ConfUtils.java:logGet(46)) - raft.server.log.statemachine.data.caching.enabled = true (custom)
2024-02-06 10:04:57,484 [632684f9-b96b-4968-b03c-341844499869-groupManagement] INFO  segmented.SegmentedRaftLogWorker (SegmentedRaftLogWorker.java:lambda$new$0(134)) - 632684f9-b96b-4968-b03c-341844499869@group-520C61457A0F-SegmentedRaftLogWorker: flushIndex: setUnconditionally 0 -> -1
2024-02-06 10:04:57,484 [632684f9-b96b-4968-b03c-341844499869-groupManagement] INFO  segmented.SegmentedRaftLogWorker (SegmentedRaftLogWorker.java:lambda$new$0(134)) - 632684f9-b96b-4968-b03c-341844499869@group-520C61457A0F-SegmentedRaftLogWorker: safeCacheEvictIndex: setUnconditionally 0 -> -1
2024-02-06 10:04:57,484 [632684f9-b96b-4968-b03c-341844499869-groupManagement] INFO  server.RaftServer$Division (RaftServerImpl.java:start(396)) - 632684f9-b96b-4968-b03c-341844499869@group-520C61457A0F: start as a follower, conf=-1: peers:[632684f9-b96b-4968-b03c-341844499869|10.1.0.5:15522, 2bb22b89-6b01-4b52-bccb-ae4677f02d8d|10.1.0.5:15531, abf042c3-6cd4-4c06-9655-57992d013f88|10.1.0.5:15513]|listeners:[], old=null
2024-02-06 10:04:57,485 [632684f9-b96b-4968-b03c-341844499869-groupManagement] INFO  server.RaftServer$Division (RaftServerImpl.java:setRole(383)) - 632684f9-b96b-4968-b03c-341844499869@group-520C61457A0F: changes role from      null to FOLLOWER at term 0 for startAsFollower
2024-02-06 10:04:57,485 [632684f9-b96b-4968-b03c-341844499869-groupManagement] INFO  impl.RoleInfo (RoleInfo.java:updateAndGet(139)) - 632684f9-b96b-4968-b03c-341844499869: start 632684f9-b96b-4968-b03c-341844499869@group-520C61457A0F-FollowerState
2024-02-06 10:04:57,485 [632684f9-b96b-4968-b03c-341844499869@group-520C61457A0F-FollowerState] INFO  server.RaftServerConfigKeys (ConfUtils.java:logFallback(53)) - raft.server.rpc.first-election.timeout.min = 5s (fallback to raft.server.rpc.timeout.min)
2024-02-06 10:04:57,485 [632684f9-b96b-4968-b03c-341844499869-groupManagement] INFO  util.JmxRegister (JmxRegister.java:tryRegister(44)) - Successfully registered JMX Bean with object name Ratis:service=RaftServer,group=group-520C61457A0F,id=632684f9-b96b-4968-b03c-341844499869
2024-02-06 10:04:57,485 [632684f9-b96b-4968-b03c-341844499869@group-520C61457A0F-FollowerState] INFO  server.RaftServerConfigKeys (ConfUtils.java:logFallback(53)) - raft.server.rpc.first-election.timeout.max = 5200ms (fallback to raft.server.rpc.timeout.max)
2024-02-06 10:04:57,485 [632684f9-b96b-4968-b03c-341844499869-groupManagement] INFO  server.RaftServerConfigKeys (ConfUtils.java:logGet(46)) - raft.server.snapshot.trigger-when-stop.enabled = true (default)
2024-02-06 10:04:57,485 [632684f9-b96b-4968-b03c-341844499869-groupManagement] INFO  server.RaftServerConfigKeys (ConfUtils.java:logGet(46)) - raft.server.snapshot.auto.trigger.enabled = true (custom)
2024-02-06 10:04:57,485 [632684f9-b96b-4968-b03c-341844499869-groupManagement] INFO  server.RaftServerConfigKeys (ConfUtils.java:logGet(46)) - raft.server.snapshot.auto.trigger.threshold = 10000 (custom)
2024-02-06 10:04:57,485 [632684f9-b96b-4968-b03c-341844499869-groupManagement] INFO  server.RaftServerConfigKeys (ConfUtils.java:logGet(46)) - raft.server.snapshot.retention.file.num = 5 (custom)
2024-02-06 10:04:57,485 [632684f9-b96b-4968-b03c-341844499869-groupManagement] INFO  server.RaftServerConfigKeys (ConfUtils.java:logGet(46)) - raft.server.log.purge.upto.snapshot.index = false (default)
2024-02-06 10:04:57,488 [abf042c3-6cd4-4c06-9655-57992d013f88-PipelineCommandHandlerThread-0] INFO  commandhandler.CreatePipelineCommandHandler (CreatePipelineCommandHandler.java:lambda$handle$2(124)) - Created Pipeline RATIS THREE PipelineID=ce42dad2-5b71-4af9-a93f-520c61457a0f.
2024-02-06 10:04:57,495 [632684f9-b96b-4968-b03c-341844499869-PipelineCommandHandlerThread-0] INFO  server.RaftServer (RaftServerProxy.java:addNew(100)) - 632684f9-b96b-4968-b03c-341844499869: addNew group-88D33CA13DF2:[632684f9-b96b-4968-b03c-341844499869|10.1.0.5:15522] returns group-88D33CA13DF2:java.util.concurrent.CompletableFuture@29dc753d[Not completed]
2024-02-06 10:04:57,495 [632684f9-b96b-4968-b03c-341844499869-groupManagement] INFO  server.RaftServer$Division (RaftServerImpl.java:<init>(256)) - 632684f9-b96b-4968-b03c-341844499869: new RaftServerImpl for group-88D33CA13DF2:[632684f9-b96b-4968-b03c-341844499869|10.1.0.5:15522] with ContainerStateMachine:uninitialized
2024-02-06 10:04:57,495 [632684f9-b96b-4968-b03c-341844499869-groupManagement] INFO  server.RaftServerConfigKeys (ConfUtils.java:logGet(46)) - raft.server.rpc.timeout.min = 5s (custom)
2024-02-06 10:04:57,495 [632684f9-b96b-4968-b03c-341844499869-groupManagement] INFO  server.RaftServerConfigKeys (ConfUtils.java:logGet(46)) - raft.server.rpc.timeout.max = 5200ms (custom)
2024-02-06 10:04:57,495 [632684f9-b96b-4968-b03c-341844499869-groupManagement] INFO  server.RaftServerConfigKeys (ConfUtils.java:logGet(46)) - raft.server.rpc.sleep.time = 25ms (default)
2024-02-06 10:04:57,495 [632684f9-b96b-4968-b03c-341844499869-groupManagement] INFO  server.RaftServerConfigKeys (ConfUtils.java:logGet(46)) - raft.server.rpc.slowness.timeout = 300000ms (custom)
2024-02-06 10:04:57,495 [632684f9-b96b-4968-b03c-341844499869-groupManagement] INFO  server.RaftServerConfigKeys (ConfUtils.java:logGet(46)) - raft.server.leaderelection.leader.step-down.wait-time = 10s (default)
2024-02-06 10:04:57,495 [632684f9-b96b-4968-b03c-341844499869-groupManagement] INFO  server.RaftServerConfigKeys (ConfUtils.java:logGet(46)) - raft.server.leaderelection.member.majority-add = false (default)
2024-02-06 10:04:57,495 [632684f9-b96b-4968-b03c-341844499869-groupManagement] INFO  server.RaftServerConfigKeys (ConfUtils.java:logGet(46)) - raft.server.sleep.deviation.threshold = 300ms (default)
2024-02-06 10:04:57,495 [632684f9-b96b-4968-b03c-341844499869-groupManagement] INFO  server.RaftServer$Division (ServerState.java:<init>(113)) - 632684f9-b96b-4968-b03c-341844499869@group-88D33CA13DF2: ConfigurationManager, init=-1: peers:[632684f9-b96b-4968-b03c-341844499869|10.1.0.5:15522]|listeners:[], old=null, confs=<EMPTY_MAP>
2024-02-06 10:04:57,496 [632684f9-b96b-4968-b03c-341844499869-groupManagement] INFO  server.RaftServerConfigKeys (ConfUtils.java:logGet(46)) - raft.server.notification.no-leader.timeout = 300000ms (custom)
2024-02-06 10:04:57,496 [632684f9-b96b-4968-b03c-341844499869-groupManagement] INFO  server.RaftServerConfigKeys (ConfUtils.java:logGet(46)) - raft.server.read.timeout = 10s (default)
2024-02-06 10:04:57,496 [632684f9-b96b-4968-b03c-341844499869-groupManagement] INFO  server.RaftServerConfigKeys (ConfUtils.java:logGet(46)) - raft.server.retrycache.expirytime = 600000ms (custom)
2024-02-06 10:04:57,496 [632684f9-b96b-4968-b03c-341844499869-groupManagement] INFO  server.RaftServerConfigKeys (ConfUtils.java:logGet(46)) - raft.server.retrycache.statistics.expirytime = 100ms (default)
2024-02-06 10:04:57,496 [632684f9-b96b-4968-b03c-341844499869-groupManagement] INFO  server.RaftServerConfigKeys (ConfUtils.java:logGet(46)) - raft.server.read.option = DEFAULT (default)
2024-02-06 10:04:57,496 [632684f9-b96b-4968-b03c-341844499869-groupManagement] INFO  server.RaftServerConfigKeys (ConfUtils.java:logGet(46)) - raft.server.read.read-after-write-consistent.write-index-cache.expiry-time = 60s (default)
2024-02-06 10:04:57,497 [632684f9-b96b-4968-b03c-341844499869-groupManagement] INFO  server.RaftServerConfigKeys (ConfUtils.java:logGet(46)) - raft.server.rpc.request.timeout = 3000ms (default)
2024-02-06 10:04:57,497 [632684f9-b96b-4968-b03c-341844499869-groupManagement] INFO  server.RaftServerConfigKeys (ConfUtils.java:logGet(46)) - raft.server.log.appender.install.snapshot.enabled = false (custom)
2024-02-06 10:04:57,497 [632684f9-b96b-4968-b03c-341844499869-groupManagement] INFO  server.RaftServerConfigKeys (ConfUtils.java:logGet(46)) - raft.server.threadpool.server.cached = true (default)
2024-02-06 10:04:57,497 [632684f9-b96b-4968-b03c-341844499869-groupManagement] INFO  server.RaftServerConfigKeys (ConfUtils.java:logGet(46)) - raft.server.threadpool.server.size = 0 (default)
2024-02-06 10:04:57,497 [632684f9-b96b-4968-b03c-341844499869-groupManagement] INFO  server.RaftServerConfigKeys (ConfUtils.java:logGet(46)) - raft.server.threadpool.client.cached = true (default)
2024-02-06 10:04:57,497 [632684f9-b96b-4968-b03c-341844499869-groupManagement] INFO  server.RaftServerConfigKeys (ConfUtils.java:logGet(46)) - raft.server.threadpool.client.size = 0 (default)
2024-02-06 10:04:57,497 [632684f9-b96b-4968-b03c-341844499869-groupManagement] INFO  server.RaftServerConfigKeys (ConfUtils.java:logGet(46)) - raft.server.storage.free-space.min = 0MB (=0) (default)
2024-02-06 10:04:57,497 [632684f9-b96b-4968-b03c-341844499869-groupManagement] INFO  server.RaftServerConfigKeys (ConfUtils.java:logGet(46)) - raft.server.log.corruption.policy = EXCEPTION (default)
2024-02-06 10:04:57,497 [632684f9-b96b-4968-b03c-341844499869-groupManagement] INFO  server.RaftServerConfigKeys (ConfUtils.java:logGet(46)) - raft.server.storage.dir = [/home/runner/work/ozone/ozone/hadoop-ozone/integration-test/target/test-dir/MiniOzoneClusterImpl-5d1c2165-a83d-4eb5-a2bf-ae35b2f22424/datanode-7/data/ratis] (custom)
2024-02-06 10:04:57,498 [632684f9-b96b-4968-b03c-341844499869-groupManagement] INFO  storage.RaftStorageDirectory (RaftStorageDirectoryImpl.java:analyzeStorage(138)) - The storage directory /home/runner/work/ozone/ozone/hadoop-ozone/integration-test/target/test-dir/MiniOzoneClusterImpl-5d1c2165-a83d-4eb5-a2bf-ae35b2f22424/datanode-7/data/ratis/35530c71-a8e7-4609-9395-88d33ca13df2 does not exist. Creating ...
2024-02-06 10:04:57,499 [632684f9-b96b-4968-b03c-341844499869-groupManagement] INFO  storage.RaftStorageDirectory (RaftStorageDirectoryImpl.java:tryLock(228)) - Lock on /home/runner/work/ozone/ozone/hadoop-ozone/integration-test/target/test-dir/MiniOzoneClusterImpl-5d1c2165-a83d-4eb5-a2bf-ae35b2f22424/datanode-7/data/ratis/35530c71-a8e7-4609-9395-88d33ca13df2/in_use.lock acquired by nodename 37157@fv-az776-296
2024-02-06 10:04:57,499 [632684f9-b96b-4968-b03c-341844499869-groupManagement] INFO  storage.RaftStorage (RaftStorageImpl.java:format(99)) - Storage directory /home/runner/work/ozone/ozone/hadoop-ozone/integration-test/target/test-dir/MiniOzoneClusterImpl-5d1c2165-a83d-4eb5-a2bf-ae35b2f22424/datanode-7/data/ratis/35530c71-a8e7-4609-9395-88d33ca13df2 has been successfully formatted.
2024-02-06 10:04:57,500 [632684f9-b96b-4968-b03c-341844499869-groupManagement] WARN  util.FileUtils (LogUtils.java:supplyAndLog(63)) - Failed to Files.newInputStream /home/runner/work/ozone/ozone/hadoop-ozone/integration-test/target/test-dir/MiniOzoneClusterImpl-5d1c2165-a83d-4eb5-a2bf-ae35b2f22424/datanode-7/data/ratis/35530c71-a8e7-4609-9395-88d33ca13df2/current/raft-meta.conf with options []: java.nio.file.NoSuchFileException: /home/runner/work/ozone/ozone/hadoop-ozone/integration-test/target/test-dir/MiniOzoneClusterImpl-5d1c2165-a83d-4eb5-a2bf-ae35b2f22424/datanode-7/data/ratis/35530c71-a8e7-4609-9395-88d33ca13df2/current/raft-meta.conf
2024-02-06 10:04:57,500 [632684f9-b96b-4968-b03c-341844499869-groupManagement] INFO  ratis.ContainerStateMachine (ContainerStateMachine.java:loadSnapshot(287)) - group-88D33CA13DF2: The snapshot info is null. Setting the last applied index to:(t:0, i:~)
2024-02-06 10:04:57,500 [632684f9-b96b-4968-b03c-341844499869-groupManagement] INFO  server.RaftServerConfigKeys (ConfUtils.java:logGet(46)) - raft.server.log.use.memory = false (default)
2024-02-06 10:04:57,500 [632684f9-b96b-4968-b03c-341844499869-groupManagement] INFO  server.RaftServerConfigKeys (ConfUtils.java:logGet(46)) - raft.server.log.purge.gap = 1000000 (custom)
2024-02-06 10:04:57,500 [632684f9-b96b-4968-b03c-341844499869-groupManagement] INFO  server.RaftServerConfigKeys (ConfUtils.java:logGet(46)) - raft.server.log.appender.buffer.byte-limit = 8388608 (custom)
2024-02-06 10:04:57,500 [632684f9-b96b-4968-b03c-341844499869-groupManagement] INFO  server.RaftServerConfigKeys (ConfUtils.java:logGet(46)) - raft.server.log.statemachine.data.read.timeout = 1000ms (default)
2024-02-06 10:04:57,500 [632684f9-b96b-4968-b03c-341844499869-groupManagement] INFO  server.RaftServerConfigKeys (ConfUtils.java:logGet(46)) - raft.server.log.purge.preservation.log.num = 0 (default)
2024-02-06 10:04:57,501 [EventQueue-PipelineReportForPipelineReportHandler] INFO  pipeline.PipelineReportHandler (PipelineReportHandler.java:processPipelineReport(136)) - Opened pipeline PipelineID=35530c71-a8e7-4609-9395-88d33ca13df2
2024-02-06 10:04:57,501 [EventQueue-OpenPipelineForHealthyPipelineSafeModeRule] INFO  safemode.SCMSafeModeManager (HealthyPipelineSafeModeRule.java:process(140)) - SCM in safe mode. Healthy pipelines reported count is 0, required healthy pipeline reported count is 1
2024-02-06 10:04:57,501 [632684f9-b96b-4968-b03c-341844499869-groupManagement] INFO  server.RaftServerConfigKeys (ConfUtils.java:logGet(46)) - raft.server.log.segment.size.max = 67108864 (custom)
2024-02-06 10:04:57,501 [632684f9-b96b-4968-b03c-341844499869-groupManagement] INFO  server.RaftServerConfigKeys (ConfUtils.java:logGet(46)) - raft.server.log.segment.cache.num.max = 2 (custom)
2024-02-06 10:04:57,501 [632684f9-b96b-4968-b03c-341844499869-groupManagement] INFO  server.RaftServerConfigKeys (ConfUtils.java:logGet(46)) - raft.server.log.segment.cache.size.max = 200MB (=209715200) (default)
2024-02-06 10:04:57,501 [632684f9-b96b-4968-b03c-341844499869-groupManagement] INFO  server.RaftServerConfigKeys (ConfUtils.java:logGet(46)) - raft.server.log.appender.buffer.byte-limit = 8388608 (custom)
2024-02-06 10:04:57,501 [632684f9-b96b-4968-b03c-341844499869-groupManagement] INFO  util.AwaitToRun (AwaitToRun.java:start(81)) - Thread[632684f9-b96b-4968-b03c-341844499869@group-88D33CA13DF2-cacheEviction-AwaitToRun,5,main] started
2024-02-06 10:04:57,502 [632684f9-b96b-4968-b03c-341844499869-groupManagement] INFO  segmented.SegmentedRaftLogWorker (SegmentedRaftLogWorker.java:<init>(182)) - new 632684f9-b96b-4968-b03c-341844499869@group-88D33CA13DF2-SegmentedRaftLogWorker for RaftStorageImpl:Storage Directory /home/runner/work/ozone/ozone/hadoop-ozone/integration-test/target/test-dir/MiniOzoneClusterImpl-5d1c2165-a83d-4eb5-a2bf-ae35b2f22424/datanode-7/data/ratis/35530c71-a8e7-4609-9395-88d33ca13df2
2024-02-06 10:04:57,502 [632684f9-b96b-4968-b03c-341844499869-groupManagement] INFO  server.RaftServerConfigKeys (ConfUtils.java:logGet(46)) - raft.server.log.queue.byte-limit = 4294967296 (custom)
2024-02-06 10:04:57,502 [632684f9-b96b-4968-b03c-341844499869-groupManagement] INFO  server.RaftServerConfigKeys (ConfUtils.java:logGet(46)) - raft.server.log.queue.element-limit = 1024 (custom)
2024-02-06 10:04:57,502 [632684f9-b96b-4968-b03c-341844499869-groupManagement] INFO  server.RaftServerConfigKeys (ConfUtils.java:logGet(46)) - raft.server.log.segment.size.max = 67108864 (custom)
2024-02-06 10:04:57,502 [632684f9-b96b-4968-b03c-341844499869-groupManagement] INFO  server.RaftServerConfigKeys (ConfUtils.java:logGet(46)) - raft.server.log.preallocated.size = 4194304 (custom)
2024-02-06 10:04:57,502 [632684f9-b96b-4968-b03c-341844499869-groupManagement] INFO  server.RaftServerConfigKeys (ConfUtils.java:logGet(46)) - raft.server.log.force.sync.num = 128 (default)
2024-02-06 10:04:57,502 [632684f9-b96b-4968-b03c-341844499869-groupManagement] INFO  server.RaftServerConfigKeys (ConfUtils.java:logGet(46)) - raft.server.log.statemachine.data.sync = true (default)
2024-02-06 10:04:57,502 [632684f9-b96b-4968-b03c-341844499869-groupManagement] INFO  server.RaftServerConfigKeys (ConfUtils.java:logGet(46)) - raft.server.log.statemachine.data.sync.timeout = 10s (default)
2024-02-06 10:04:57,502 [632684f9-b96b-4968-b03c-341844499869-groupManagement] INFO  server.RaftServerConfigKeys (ConfUtils.java:logGet(46)) - raft.server.log.statemachine.data.sync.timeout.retry = 0 (custom)
2024-02-06 10:04:57,502 [632684f9-b96b-4968-b03c-341844499869-groupManagement] INFO  server.RaftServerConfigKeys (ConfUtils.java:logGet(46)) - raft.server.log.write.buffer.size = 8388616 (custom)
2024-02-06 10:04:57,503 [632684f9-b96b-4968-b03c-341844499869-groupManagement] INFO  server.RaftServerConfigKeys (ConfUtils.java:logGet(46)) - raft.server.log.appender.buffer.byte-limit = 8388608 (custom)
2024-02-06 10:04:57,503 [632684f9-b96b-4968-b03c-341844499869-groupManagement] INFO  server.RaftServerConfigKeys (ConfUtils.java:logGet(46)) - raft.server.log.unsafe-flush.enabled = false (default)
2024-02-06 10:04:57,503 [632684f9-b96b-4968-b03c-341844499869-groupManagement] INFO  server.RaftServerConfigKeys (ConfUtils.java:logGet(46)) - raft.server.log.async-flush.enabled = false (default)
2024-02-06 10:04:57,503 [632684f9-b96b-4968-b03c-341844499869-groupManagement] INFO  server.RaftServerConfigKeys (ConfUtils.java:logGet(46)) - raft.server.log.statemachine.data.caching.enabled = true (custom)
2024-02-06 10:04:57,503 [632684f9-b96b-4968-b03c-341844499869-groupManagement] INFO  segmented.SegmentedRaftLogWorker (SegmentedRaftLogWorker.java:lambda$new$0(134)) - 632684f9-b96b-4968-b03c-341844499869@group-88D33CA13DF2-SegmentedRaftLogWorker: flushIndex: setUnconditionally 0 -> -1
2024-02-06 10:04:57,503 [632684f9-b96b-4968-b03c-341844499869-groupManagement] INFO  segmented.SegmentedRaftLogWorker (SegmentedRaftLogWorker.java:lambda$new$0(134)) - 632684f9-b96b-4968-b03c-341844499869@group-88D33CA13DF2-SegmentedRaftLogWorker: safeCacheEvictIndex: setUnconditionally 0 -> -1
2024-02-06 10:04:57,503 [632684f9-b96b-4968-b03c-341844499869-groupManagement] INFO  server.RaftServer$Division (RaftServerImpl.java:start(396)) - 632684f9-b96b-4968-b03c-341844499869@group-88D33CA13DF2: start as a follower, conf=-1: peers:[632684f9-b96b-4968-b03c-341844499869|10.1.0.5:15522]|listeners:[], old=null
2024-02-06 10:04:57,503 [632684f9-b96b-4968-b03c-341844499869-groupManagement] INFO  server.RaftServer$Division (RaftServerImpl.java:setRole(383)) - 632684f9-b96b-4968-b03c-341844499869@group-88D33CA13DF2: changes role from      null to FOLLOWER at term 0 for startAsFollower
2024-02-06 10:04:57,504 [632684f9-b96b-4968-b03c-341844499869-groupManagement] INFO  impl.RoleInfo (RoleInfo.java:updateAndGet(139)) - 632684f9-b96b-4968-b03c-341844499869: start 632684f9-b96b-4968-b03c-341844499869@group-88D33CA13DF2-FollowerState
2024-02-06 10:04:57,504 [632684f9-b96b-4968-b03c-341844499869@group-88D33CA13DF2-FollowerState] INFO  server.RaftServerConfigKeys (ConfUtils.java:logFallback(53)) - raft.server.rpc.first-election.timeout.min = 5s (fallback to raft.server.rpc.timeout.min)
2024-02-06 10:04:57,504 [632684f9-b96b-4968-b03c-341844499869-groupManagement] INFO  util.JmxRegister (JmxRegister.java:tryRegister(44)) - Successfully registered JMX Bean with object name Ratis:service=RaftServer,group=group-88D33CA13DF2,id=632684f9-b96b-4968-b03c-341844499869
2024-02-06 10:04:57,504 [632684f9-b96b-4968-b03c-341844499869@group-88D33CA13DF2-FollowerState] INFO  server.RaftServerConfigKeys (ConfUtils.java:logFallback(53)) - raft.server.rpc.first-election.timeout.max = 5200ms (fallback to raft.server.rpc.timeout.max)
2024-02-06 10:04:57,504 [632684f9-b96b-4968-b03c-341844499869-groupManagement] INFO  server.RaftServerConfigKeys (ConfUtils.java:logGet(46)) - raft.server.snapshot.trigger-when-stop.enabled = true (default)
2024-02-06 10:04:57,504 [632684f9-b96b-4968-b03c-341844499869-groupManagement] INFO  server.RaftServerConfigKeys (ConfUtils.java:logGet(46)) - raft.server.snapshot.auto.trigger.enabled = true (custom)
2024-02-06 10:04:57,504 [632684f9-b96b-4968-b03c-341844499869-groupManagement] INFO  server.RaftServerConfigKeys (ConfUtils.java:logGet(46)) - raft.server.snapshot.auto.trigger.threshold = 10000 (custom)
2024-02-06 10:04:57,504 [632684f9-b96b-4968-b03c-341844499869-groupManagement] INFO  server.RaftServerConfigKeys (ConfUtils.java:logGet(46)) - raft.server.snapshot.retention.file.num = 5 (custom)
2024-02-06 10:04:57,504 [632684f9-b96b-4968-b03c-341844499869-groupManagement] INFO  server.RaftServerConfigKeys (ConfUtils.java:logGet(46)) - raft.server.log.purge.upto.snapshot.index = false (default)
2024-02-06 10:04:57,504 [632684f9-b96b-4968-b03c-341844499869-PipelineCommandHandlerThread-0] INFO  ratis.XceiverServerRatis (XceiverServerRatis.java:addGroup(864)) - Created group PipelineID=35530c71-a8e7-4609-9395-88d33ca13df2
2024-02-06 10:04:57,504 [632684f9-b96b-4968-b03c-341844499869-PipelineCommandHandlerThread-0] INFO  commandhandler.CreatePipelineCommandHandler (CreatePipelineCommandHandler.java:lambda$handle$2(124)) - Created Pipeline RATIS ONE PipelineID=35530c71-a8e7-4609-9395-88d33ca13df2.
2024-02-06 10:04:57,584 [2bb22b89-6b01-4b52-bccb-ae4677f02d8d-PipelineCommandHandlerThread-0] INFO  server.RaftServer (RaftServerProxy.java:addNew(100)) - 2bb22b89-6b01-4b52-bccb-ae4677f02d8d: addNew group-7B012A811155:[2bb22b89-6b01-4b52-bccb-ae4677f02d8d|10.1.0.5:15531] returns group-7B012A811155:java.util.concurrent.CompletableFuture@286c34b2[Not completed]
2024-02-06 10:04:57,584 [2bb22b89-6b01-4b52-bccb-ae4677f02d8d-groupManagement] INFO  server.RaftServer$Division (RaftServerImpl.java:<init>(256)) - 2bb22b89-6b01-4b52-bccb-ae4677f02d8d: new RaftServerImpl for group-7B012A811155:[2bb22b89-6b01-4b52-bccb-ae4677f02d8d|10.1.0.5:15531] with ContainerStateMachine:uninitialized
2024-02-06 10:04:57,584 [2bb22b89-6b01-4b52-bccb-ae4677f02d8d-groupManagement] INFO  server.RaftServerConfigKeys (ConfUtils.java:logGet(46)) - raft.server.rpc.timeout.min = 5s (custom)
2024-02-06 10:04:57,584 [2bb22b89-6b01-4b52-bccb-ae4677f02d8d-groupManagement] INFO  server.RaftServerConfigKeys (ConfUtils.java:logGet(46)) - raft.server.rpc.timeout.max = 5200ms (custom)
2024-02-06 10:04:57,585 [2bb22b89-6b01-4b52-bccb-ae4677f02d8d-groupManagement] INFO  server.RaftServerConfigKeys (ConfUtils.java:logGet(46)) - raft.server.rpc.sleep.time = 25ms (default)
2024-02-06 10:04:57,585 [2bb22b89-6b01-4b52-bccb-ae4677f02d8d-groupManagement] INFO  server.RaftServerConfigKeys (ConfUtils.java:logGet(46)) - raft.server.rpc.slowness.timeout = 300000ms (custom)
2024-02-06 10:04:57,585 [2bb22b89-6b01-4b52-bccb-ae4677f02d8d-groupManagement] INFO  server.RaftServerConfigKeys (ConfUtils.java:logGet(46)) - raft.server.leaderelection.leader.step-down.wait-time = 10s (default)
2024-02-06 10:04:57,585 [2bb22b89-6b01-4b52-bccb-ae4677f02d8d-groupManagement] INFO  server.RaftServerConfigKeys (ConfUtils.java:logGet(46)) - raft.server.leaderelection.member.majority-add = false (default)
2024-02-06 10:04:57,585 [2bb22b89-6b01-4b52-bccb-ae4677f02d8d-groupManagement] INFO  server.RaftServerConfigKeys (ConfUtils.java:logGet(46)) - raft.server.sleep.deviation.threshold = 300ms (default)
2024-02-06 10:04:57,585 [2bb22b89-6b01-4b52-bccb-ae4677f02d8d-groupManagement] INFO  server.RaftServer$Division (ServerState.java:<init>(113)) - 2bb22b89-6b01-4b52-bccb-ae4677f02d8d@group-7B012A811155: ConfigurationManager, init=-1: peers:[2bb22b89-6b01-4b52-bccb-ae4677f02d8d|10.1.0.5:15531]|listeners:[], old=null, confs=<EMPTY_MAP>
2024-02-06 10:04:57,585 [2bb22b89-6b01-4b52-bccb-ae4677f02d8d-groupManagement] INFO  server.RaftServerConfigKeys (ConfUtils.java:logGet(46)) - raft.server.notification.no-leader.timeout = 300000ms (custom)
2024-02-06 10:04:57,585 [2bb22b89-6b01-4b52-bccb-ae4677f02d8d-groupManagement] INFO  server.RaftServerConfigKeys (ConfUtils.java:logGet(46)) - raft.server.read.timeout = 10s (default)
2024-02-06 10:04:57,585 [2bb22b89-6b01-4b52-bccb-ae4677f02d8d-groupManagement] INFO  server.RaftServerConfigKeys (ConfUtils.java:logGet(46)) - raft.server.retrycache.expirytime = 600000ms (custom)
2024-02-06 10:04:57,585 [2bb22b89-6b01-4b52-bccb-ae4677f02d8d-groupManagement] INFO  server.RaftServerConfigKeys (ConfUtils.java:logGet(46)) - raft.server.retrycache.statistics.expirytime = 100ms (default)
2024-02-06 10:04:57,585 [2bb22b89-6b01-4b52-bccb-ae4677f02d8d-groupManagement] INFO  server.RaftServerConfigKeys (ConfUtils.java:logGet(46)) - raft.server.read.option = DEFAULT (default)
2024-02-06 10:04:57,585 [2bb22b89-6b01-4b52-bccb-ae4677f02d8d-groupManagement] INFO  server.RaftServerConfigKeys (ConfUtils.java:logGet(46)) - raft.server.read.read-after-write-consistent.write-index-cache.expiry-time = 60s (default)
2024-02-06 10:04:57,586 [main] INFO  ozone.MiniOzoneClusterImpl (MiniOzoneClusterImpl.java:lambda$waitForClusterToBeReady$0(228)) - Nodes are ready. Got 9 of 9 DN Heartbeats.
2024-02-06 10:04:57,586 [main] INFO  ozone.MiniOzoneClusterImpl (MiniOzoneClusterImpl.java:lambda$waitForClusterToBeReady$0(231)) - Waiting for cluster to exit safe mode
2024-02-06 10:04:57,586 [main] INFO  ozone.MiniOzoneClusterImpl (MiniOzoneClusterImpl.java:lambda$waitForClusterToBeReady$0(233)) - SCM became leader
2024-02-06 10:04:57,587 [2bb22b89-6b01-4b52-bccb-ae4677f02d8d-groupManagement] INFO  server.RaftServerConfigKeys (ConfUtils.java:logGet(46)) - raft.server.rpc.request.timeout = 3000ms (default)
2024-02-06 10:04:57,587 [2bb22b89-6b01-4b52-bccb-ae4677f02d8d-groupManagement] INFO  server.RaftServerConfigKeys (ConfUtils.java:logGet(46)) - raft.server.log.appender.install.snapshot.enabled = false (custom)
2024-02-06 10:04:57,587 [2bb22b89-6b01-4b52-bccb-ae4677f02d8d-groupManagement] INFO  server.RaftServerConfigKeys (ConfUtils.java:logGet(46)) - raft.server.threadpool.server.cached = true (default)
2024-02-06 10:04:57,587 [2bb22b89-6b01-4b52-bccb-ae4677f02d8d-groupManagement] INFO  server.RaftServerConfigKeys (ConfUtils.java:logGet(46)) - raft.server.threadpool.server.size = 0 (default)
2024-02-06 10:04:57,587 [2bb22b89-6b01-4b52-bccb-ae4677f02d8d-groupManagement] INFO  server.RaftServerConfigKeys (ConfUtils.java:logGet(46)) - raft.server.threadpool.client.cached = true (default)
2024-02-06 10:04:57,587 [2bb22b89-6b01-4b52-bccb-ae4677f02d8d-groupManagement] INFO  server.RaftServerConfigKeys (ConfUtils.java:logGet(46)) - raft.server.threadpool.client.size = 0 (default)
2024-02-06 10:04:57,588 [2bb22b89-6b01-4b52-bccb-ae4677f02d8d-groupManagement] INFO  server.RaftServerConfigKeys (ConfUtils.java:logGet(46)) - raft.server.storage.free-space.min = 0MB (=0) (default)
2024-02-06 10:04:57,588 [2bb22b89-6b01-4b52-bccb-ae4677f02d8d-groupManagement] INFO  server.RaftServerConfigKeys (ConfUtils.java:logGet(46)) - raft.server.log.corruption.policy = EXCEPTION (default)
2024-02-06 10:04:57,588 [2bb22b89-6b01-4b52-bccb-ae4677f02d8d-groupManagement] INFO  server.RaftServerConfigKeys (ConfUtils.java:logGet(46)) - raft.server.storage.dir = [/home/runner/work/ozone/ozone/hadoop-ozone/integration-test/target/test-dir/MiniOzoneClusterImpl-5d1c2165-a83d-4eb5-a2bf-ae35b2f22424/datanode-8/data/ratis] (custom)
2024-02-06 10:04:57,588 [2bb22b89-6b01-4b52-bccb-ae4677f02d8d-groupManagement] INFO  storage.RaftStorageDirectory (RaftStorageDirectoryImpl.java:analyzeStorage(138)) - The storage directory /home/runner/work/ozone/ozone/hadoop-ozone/integration-test/target/test-dir/MiniOzoneClusterImpl-5d1c2165-a83d-4eb5-a2bf-ae35b2f22424/datanode-8/data/ratis/d19eba4c-2f3d-4a4c-9810-7b012a811155 does not exist. Creating ...
2024-02-06 10:04:57,589 [2bb22b89-6b01-4b52-bccb-ae4677f02d8d-groupManagement] INFO  storage.RaftStorageDirectory (RaftStorageDirectoryImpl.java:tryLock(228)) - Lock on /home/runner/work/ozone/ozone/hadoop-ozone/integration-test/target/test-dir/MiniOzoneClusterImpl-5d1c2165-a83d-4eb5-a2bf-ae35b2f22424/datanode-8/data/ratis/d19eba4c-2f3d-4a4c-9810-7b012a811155/in_use.lock acquired by nodename 37157@fv-az776-296
2024-02-06 10:04:57,590 [2bb22b89-6b01-4b52-bccb-ae4677f02d8d-groupManagement] INFO  storage.RaftStorage (RaftStorageImpl.java:format(99)) - Storage directory /home/runner/work/ozone/ozone/hadoop-ozone/integration-test/target/test-dir/MiniOzoneClusterImpl-5d1c2165-a83d-4eb5-a2bf-ae35b2f22424/datanode-8/data/ratis/d19eba4c-2f3d-4a4c-9810-7b012a811155 has been successfully formatted.
2024-02-06 10:04:57,590 [2bb22b89-6b01-4b52-bccb-ae4677f02d8d-groupManagement] WARN  util.FileUtils (LogUtils.java:supplyAndLog(63)) - Failed to Files.newInputStream /home/runner/work/ozone/ozone/hadoop-ozone/integration-test/target/test-dir/MiniOzoneClusterImpl-5d1c2165-a83d-4eb5-a2bf-ae35b2f22424/datanode-8/data/ratis/d19eba4c-2f3d-4a4c-9810-7b012a811155/current/raft-meta.conf with options []: java.nio.file.NoSuchFileException: /home/runner/work/ozone/ozone/hadoop-ozone/integration-test/target/test-dir/MiniOzoneClusterImpl-5d1c2165-a83d-4eb5-a2bf-ae35b2f22424/datanode-8/data/ratis/d19eba4c-2f3d-4a4c-9810-7b012a811155/current/raft-meta.conf
2024-02-06 10:04:57,590 [2bb22b89-6b01-4b52-bccb-ae4677f02d8d-groupManagement] INFO  ratis.ContainerStateMachine (ContainerStateMachine.java:loadSnapshot(287)) - group-7B012A811155: The snapshot info is null. Setting the last applied index to:(t:0, i:~)
2024-02-06 10:04:57,590 [2bb22b89-6b01-4b52-bccb-ae4677f02d8d-groupManagement] INFO  server.RaftServerConfigKeys (ConfUtils.java:logGet(46)) - raft.server.log.use.memory = false (default)
2024-02-06 10:04:57,590 [2bb22b89-6b01-4b52-bccb-ae4677f02d8d-groupManagement] INFO  server.RaftServerConfigKeys (ConfUtils.java:logGet(46)) - raft.server.log.purge.gap = 1000000 (custom)
2024-02-06 10:04:57,590 [2bb22b89-6b01-4b52-bccb-ae4677f02d8d-groupManagement] INFO  server.RaftServerConfigKeys (ConfUtils.java:logGet(46)) - raft.server.log.appender.buffer.byte-limit = 8388608 (custom)
2024-02-06 10:04:57,590 [2bb22b89-6b01-4b52-bccb-ae4677f02d8d-groupManagement] INFO  server.RaftServerConfigKeys (ConfUtils.java:logGet(46)) - raft.server.log.statemachine.data.read.timeout = 1000ms (default)
2024-02-06 10:04:57,591 [2bb22b89-6b01-4b52-bccb-ae4677f02d8d-groupManagement] INFO  server.RaftServerConfigKeys (ConfUtils.java:logGet(46)) - raft.server.log.purge.preservation.log.num = 0 (default)
2024-02-06 10:04:57,591 [EventQueue-PipelineReportForPipelineReportHandler] INFO  pipeline.PipelineReportHandler (PipelineReportHandler.java:processPipelineReport(136)) - Opened pipeline PipelineID=d19eba4c-2f3d-4a4c-9810-7b012a811155
2024-02-06 10:04:57,591 [EventQueue-OpenPipelineForHealthyPipelineSafeModeRule] INFO  safemode.SCMSafeModeManager (HealthyPipelineSafeModeRule.java:process(140)) - SCM in safe mode. Healthy pipelines reported count is 0, required healthy pipeline reported count is 1
2024-02-06 10:04:57,592 [2bb22b89-6b01-4b52-bccb-ae4677f02d8d-groupManagement] INFO  server.RaftServerConfigKeys (ConfUtils.java:logGet(46)) - raft.server.log.segment.size.max = 67108864 (custom)
2024-02-06 10:04:57,592 [2bb22b89-6b01-4b52-bccb-ae4677f02d8d-groupManagement] INFO  server.RaftServerConfigKeys (ConfUtils.java:logGet(46)) - raft.server.log.segment.cache.num.max = 2 (custom)
2024-02-06 10:04:57,592 [2bb22b89-6b01-4b52-bccb-ae4677f02d8d-groupManagement] INFO  server.RaftServerConfigKeys (ConfUtils.java:logGet(46)) - raft.server.log.segment.cache.size.max = 200MB (=209715200) (default)
2024-02-06 10:04:57,592 [2bb22b89-6b01-4b52-bccb-ae4677f02d8d-groupManagement] INFO  server.RaftServerConfigKeys (ConfUtils.java:logGet(46)) - raft.server.log.appender.buffer.byte-limit = 8388608 (custom)
2024-02-06 10:04:57,592 [2bb22b89-6b01-4b52-bccb-ae4677f02d8d-groupManagement] INFO  util.AwaitToRun (AwaitToRun.java:start(81)) - Thread[2bb22b89-6b01-4b52-bccb-ae4677f02d8d@group-7B012A811155-cacheEviction-AwaitToRun,5,main] started
2024-02-06 10:04:57,592 [2bb22b89-6b01-4b52-bccb-ae4677f02d8d-groupManagement] INFO  segmented.SegmentedRaftLogWorker (SegmentedRaftLogWorker.java:<init>(182)) - new 2bb22b89-6b01-4b52-bccb-ae4677f02d8d@group-7B012A811155-SegmentedRaftLogWorker for RaftStorageImpl:Storage Directory /home/runner/work/ozone/ozone/hadoop-ozone/integration-test/target/test-dir/MiniOzoneClusterImpl-5d1c2165-a83d-4eb5-a2bf-ae35b2f22424/datanode-8/data/ratis/d19eba4c-2f3d-4a4c-9810-7b012a811155
2024-02-06 10:04:57,592 [2bb22b89-6b01-4b52-bccb-ae4677f02d8d-groupManagement] INFO  server.RaftServerConfigKeys (ConfUtils.java:logGet(46)) - raft.server.log.queue.byte-limit = 4294967296 (custom)
2024-02-06 10:04:57,592 [2bb22b89-6b01-4b52-bccb-ae4677f02d8d-groupManagement] INFO  server.RaftServerConfigKeys (ConfUtils.java:logGet(46)) - raft.server.log.queue.element-limit = 1024 (custom)
2024-02-06 10:04:57,592 [2bb22b89-6b01-4b52-bccb-ae4677f02d8d-groupManagement] INFO  server.RaftServerConfigKeys (ConfUtils.java:logGet(46)) - raft.server.log.segment.size.max = 67108864 (custom)
2024-02-06 10:04:57,592 [2bb22b89-6b01-4b52-bccb-ae4677f02d8d-groupManagement] INFO  server.RaftServerConfigKeys (ConfUtils.java:logGet(46)) - raft.server.log.preallocated.size = 4194304 (custom)
2024-02-06 10:04:57,592 [2bb22b89-6b01-4b52-bccb-ae4677f02d8d-groupManagement] INFO  server.RaftServerConfigKeys (ConfUtils.java:logGet(46)) - raft.server.log.force.sync.num = 128 (default)
2024-02-06 10:04:57,592 [2bb22b89-6b01-4b52-bccb-ae4677f02d8d-groupManagement] INFO  server.RaftServerConfigKeys (ConfUtils.java:logGet(46)) - raft.server.log.statemachine.data.sync = true (default)
2024-02-06 10:04:57,592 [2bb22b89-6b01-4b52-bccb-ae4677f02d8d-groupManagement] INFO  server.RaftServerConfigKeys (ConfUtils.java:logGet(46)) - raft.server.log.statemachine.data.sync.timeout = 10s (default)
2024-02-06 10:04:57,592 [2bb22b89-6b01-4b52-bccb-ae4677f02d8d-groupManagement] INFO  server.RaftServerConfigKeys (ConfUtils.java:logGet(46)) - raft.server.log.statemachine.data.sync.timeout.retry = 0 (custom)
2024-02-06 10:04:57,593 [2bb22b89-6b01-4b52-bccb-ae4677f02d8d-groupManagement] INFO  server.RaftServerConfigKeys (ConfUtils.java:logGet(46)) - raft.server.log.write.buffer.size = 8388616 (custom)
2024-02-06 10:04:57,594 [2bb22b89-6b01-4b52-bccb-ae4677f02d8d-groupManagement] INFO  server.RaftServerConfigKeys (ConfUtils.java:logGet(46)) - raft.server.log.appender.buffer.byte-limit = 8388608 (custom)
2024-02-06 10:04:57,594 [2bb22b89-6b01-4b52-bccb-ae4677f02d8d-groupManagement] INFO  server.RaftServerConfigKeys (ConfUtils.java:logGet(46)) - raft.server.log.unsafe-flush.enabled = false (default)
2024-02-06 10:04:57,594 [2bb22b89-6b01-4b52-bccb-ae4677f02d8d-groupManagement] INFO  server.RaftServerConfigKeys (ConfUtils.java:logGet(46)) - raft.server.log.async-flush.enabled = false (default)
2024-02-06 10:04:57,594 [2bb22b89-6b01-4b52-bccb-ae4677f02d8d-groupManagement] INFO  server.RaftServerConfigKeys (ConfUtils.java:logGet(46)) - raft.server.log.statemachine.data.caching.enabled = true (custom)
2024-02-06 10:04:57,594 [2bb22b89-6b01-4b52-bccb-ae4677f02d8d-groupManagement] INFO  segmented.SegmentedRaftLogWorker (SegmentedRaftLogWorker.java:lambda$new$0(134)) - 2bb22b89-6b01-4b52-bccb-ae4677f02d8d@group-7B012A811155-SegmentedRaftLogWorker: flushIndex: setUnconditionally 0 -> -1
2024-02-06 10:04:57,594 [2bb22b89-6b01-4b52-bccb-ae4677f02d8d-groupManagement] INFO  segmented.SegmentedRaftLogWorker (SegmentedRaftLogWorker.java:lambda$new$0(134)) - 2bb22b89-6b01-4b52-bccb-ae4677f02d8d@group-7B012A811155-SegmentedRaftLogWorker: safeCacheEvictIndex: setUnconditionally 0 -> -1
2024-02-06 10:04:57,594 [2bb22b89-6b01-4b52-bccb-ae4677f02d8d-groupManagement] INFO  server.RaftServer$Division (RaftServerImpl.java:start(396)) - 2bb22b89-6b01-4b52-bccb-ae4677f02d8d@group-7B012A811155: start as a follower, conf=-1: peers:[2bb22b89-6b01-4b52-bccb-ae4677f02d8d|10.1.0.5:15531]|listeners:[], old=null
2024-02-06 10:04:57,594 [2bb22b89-6b01-4b52-bccb-ae4677f02d8d-groupManagement] INFO  server.RaftServer$Division (RaftServerImpl.java:setRole(383)) - 2bb22b89-6b01-4b52-bccb-ae4677f02d8d@group-7B012A811155: changes role from      null to FOLLOWER at term 0 for startAsFollower
2024-02-06 10:04:57,594 [2bb22b89-6b01-4b52-bccb-ae4677f02d8d-groupManagement] INFO  impl.RoleInfo (RoleInfo.java:updateAndGet(139)) - 2bb22b89-6b01-4b52-bccb-ae4677f02d8d: start 2bb22b89-6b01-4b52-bccb-ae4677f02d8d@group-7B012A811155-FollowerState
2024-02-06 10:04:57,594 [2bb22b89-6b01-4b52-bccb-ae4677f02d8d-groupManagement] INFO  util.JmxRegister (JmxRegister.java:tryRegister(44)) - Successfully registered JMX Bean with object name Ratis:service=RaftServer,group=group-7B012A811155,id=2bb22b89-6b01-4b52-bccb-ae4677f02d8d
2024-02-06 10:04:57,594 [2bb22b89-6b01-4b52-bccb-ae4677f02d8d@group-7B012A811155-FollowerState] INFO  server.RaftServerConfigKeys (ConfUtils.java:logFallback(53)) - raft.server.rpc.first-election.timeout.min = 5s (fallback to raft.server.rpc.timeout.min)
2024-02-06 10:04:57,594 [2bb22b89-6b01-4b52-bccb-ae4677f02d8d-groupManagement] INFO  server.RaftServerConfigKeys (ConfUtils.java:logGet(46)) - raft.server.snapshot.trigger-when-stop.enabled = true (default)
2024-02-06 10:04:57,594 [2bb22b89-6b01-4b52-bccb-ae4677f02d8d@group-7B012A811155-FollowerState] INFO  server.RaftServerConfigKeys (ConfUtils.java:logFallback(53)) - raft.server.rpc.first-election.timeout.max = 5200ms (fallback to raft.server.rpc.timeout.max)
2024-02-06 10:04:57,594 [2bb22b89-6b01-4b52-bccb-ae4677f02d8d-groupManagement] INFO  server.RaftServerConfigKeys (ConfUtils.java:logGet(46)) - raft.server.snapshot.auto.trigger.enabled = true (custom)
2024-02-06 10:04:57,595 [2bb22b89-6b01-4b52-bccb-ae4677f02d8d-groupManagement] INFO  server.RaftServerConfigKeys (ConfUtils.java:logGet(46)) - raft.server.snapshot.auto.trigger.threshold = 10000 (custom)
2024-02-06 10:04:57,595 [2bb22b89-6b01-4b52-bccb-ae4677f02d8d-groupManagement] INFO  server.RaftServerConfigKeys (ConfUtils.java:logGet(46)) - raft.server.snapshot.retention.file.num = 5 (custom)
2024-02-06 10:04:57,595 [2bb22b89-6b01-4b52-bccb-ae4677f02d8d-groupManagement] INFO  server.RaftServerConfigKeys (ConfUtils.java:logGet(46)) - raft.server.log.purge.upto.snapshot.index = false (default)
2024-02-06 10:04:57,595 [2bb22b89-6b01-4b52-bccb-ae4677f02d8d-PipelineCommandHandlerThread-0] INFO  ratis.XceiverServerRatis (XceiverServerRatis.java:addGroup(864)) - Created group PipelineID=d19eba4c-2f3d-4a4c-9810-7b012a811155
2024-02-06 10:04:57,595 [2bb22b89-6b01-4b52-bccb-ae4677f02d8d-PipelineCommandHandlerThread-0] INFO  commandhandler.CreatePipelineCommandHandler (CreatePipelineCommandHandler.java:lambda$handle$2(124)) - Created Pipeline RATIS ONE PipelineID=d19eba4c-2f3d-4a4c-9810-7b012a811155.
2024-02-06 10:04:58,587 [main] INFO  ozone.MiniOzoneClusterImpl (MiniOzoneClusterImpl.java:lambda$waitForClusterToBeReady$0(228)) - Nodes are ready. Got 9 of 9 DN Heartbeats.
2024-02-06 10:04:58,588 [main] INFO  ozone.MiniOzoneClusterImpl (MiniOzoneClusterImpl.java:lambda$waitForClusterToBeReady$0(231)) - Waiting for cluster to exit safe mode
2024-02-06 10:04:58,588 [main] INFO  ozone.MiniOzoneClusterImpl (MiniOzoneClusterImpl.java:lambda$waitForClusterToBeReady$0(233)) - SCM became leader
2024-02-06 10:04:59,588 [main] INFO  ozone.MiniOzoneClusterImpl (MiniOzoneClusterImpl.java:lambda$waitForClusterToBeReady$0(228)) - Nodes are ready. Got 9 of 9 DN Heartbeats.
2024-02-06 10:04:59,588 [main] INFO  ozone.MiniOzoneClusterImpl (MiniOzoneClusterImpl.java:lambda$waitForClusterToBeReady$0(231)) - Waiting for cluster to exit safe mode
2024-02-06 10:04:59,588 [main] INFO  ozone.MiniOzoneClusterImpl (MiniOzoneClusterImpl.java:lambda$waitForClusterToBeReady$0(233)) - SCM became leader
2024-02-06 10:05:00,589 [main] INFO  ozone.MiniOzoneClusterImpl (MiniOzoneClusterImpl.java:lambda$waitForClusterToBeReady$0(228)) - Nodes are ready. Got 9 of 9 DN Heartbeats.
2024-02-06 10:05:00,589 [main] INFO  ozone.MiniOzoneClusterImpl (MiniOzoneClusterImpl.java:lambda$waitForClusterToBeReady$0(231)) - Waiting for cluster to exit safe mode
2024-02-06 10:05:00,589 [main] INFO  ozone.MiniOzoneClusterImpl (MiniOzoneClusterImpl.java:lambda$waitForClusterToBeReady$0(233)) - SCM became leader
2024-02-06 10:05:01,589 [main] INFO  ozone.MiniOzoneClusterImpl (MiniOzoneClusterImpl.java:lambda$waitForClusterToBeReady$0(228)) - Nodes are ready. Got 9 of 9 DN Heartbeats.
2024-02-06 10:05:01,590 [main] INFO  ozone.MiniOzoneClusterImpl (MiniOzoneClusterImpl.java:lambda$waitForClusterToBeReady$0(231)) - Waiting for cluster to exit safe mode
2024-02-06 10:05:01,590 [main] INFO  ozone.MiniOzoneClusterImpl (MiniOzoneClusterImpl.java:lambda$waitForClusterToBeReady$0(233)) - SCM became leader
2024-02-06 10:05:01,952 [26d06f5e-593d-478d-80a2-0fa092cabf84@group-87FBE612817C-FollowerState] INFO  impl.FollowerState (FollowerState.java:run(143)) - 26d06f5e-593d-478d-80a2-0fa092cabf84@group-87FBE612817C-FollowerState: change to CANDIDATE, lastRpcElapsedTime:5057124744ns, electionTimeout:5054ms
2024-02-06 10:05:01,952 [26d06f5e-593d-478d-80a2-0fa092cabf84@group-87FBE612817C-FollowerState] INFO  impl.RoleInfo (RoleInfo.java:shutdownFollowerState(110)) - 26d06f5e-593d-478d-80a2-0fa092cabf84: shutdown 26d06f5e-593d-478d-80a2-0fa092cabf84@group-87FBE612817C-FollowerState
2024-02-06 10:05:01,952 [26d06f5e-593d-478d-80a2-0fa092cabf84@group-87FBE612817C-FollowerState] INFO  server.RaftServer$Division (RaftServerImpl.java:setRole(383)) - 26d06f5e-593d-478d-80a2-0fa092cabf84@group-87FBE612817C: changes role from  FOLLOWER to CANDIDATE at term 0 for changeToCandidate
2024-02-06 10:05:01,952 [26d06f5e-593d-478d-80a2-0fa092cabf84@group-87FBE612817C-FollowerState] INFO  server.RaftServerConfigKeys (ConfUtils.java:logGet(46)) - raft.server.leaderelection.pre-vote = true (default)
2024-02-06 10:05:01,952 [26d06f5e-593d-478d-80a2-0fa092cabf84@group-87FBE612817C-FollowerState] INFO  impl.RoleInfo (RoleInfo.java:updateAndGet(139)) - 26d06f5e-593d-478d-80a2-0fa092cabf84: start 26d06f5e-593d-478d-80a2-0fa092cabf84@group-87FBE612817C-LeaderElection80
2024-02-06 10:05:01,953 [26d06f5e-593d-478d-80a2-0fa092cabf84@group-87FBE612817C-LeaderElection80] INFO  impl.LeaderElection (LeaderElection.java:askForVotes(321)) - 26d06f5e-593d-478d-80a2-0fa092cabf84@group-87FBE612817C-LeaderElection80 PRE_VOTE round 0: submit vote requests at term 0 for -1: peers:[26d06f5e-593d-478d-80a2-0fa092cabf84|10.1.0.5:15459]|listeners:[], old=null
2024-02-06 10:05:01,954 [26d06f5e-593d-478d-80a2-0fa092cabf84@group-87FBE612817C-LeaderElection80] INFO  impl.LeaderElection (LeaderElection.java:askForVotes(323)) - 26d06f5e-593d-478d-80a2-0fa092cabf84@group-87FBE612817C-LeaderElection80 PRE_VOTE round 0: result PASSED (term=0)
2024-02-06 10:05:01,955 [26d06f5e-593d-478d-80a2-0fa092cabf84@group-87FBE612817C-LeaderElection80] INFO  impl.LeaderElection (LeaderElection.java:askForVotes(321)) - 26d06f5e-593d-478d-80a2-0fa092cabf84@group-87FBE612817C-LeaderElection80 ELECTION round 0: submit vote requests at term 1 for -1: peers:[26d06f5e-593d-478d-80a2-0fa092cabf84|10.1.0.5:15459]|listeners:[], old=null
2024-02-06 10:05:01,955 [26d06f5e-593d-478d-80a2-0fa092cabf84@group-87FBE612817C-LeaderElection80] INFO  impl.LeaderElection (LeaderElection.java:askForVotes(323)) - 26d06f5e-593d-478d-80a2-0fa092cabf84@group-87FBE612817C-LeaderElection80 ELECTION round 0: result PASSED (term=1)
2024-02-06 10:05:01,955 [26d06f5e-593d-478d-80a2-0fa092cabf84@group-87FBE612817C-LeaderElection80] INFO  impl.RoleInfo (RoleInfo.java:shutdownLeaderElection(130)) - 26d06f5e-593d-478d-80a2-0fa092cabf84: shutdown 26d06f5e-593d-478d-80a2-0fa092cabf84@group-87FBE612817C-LeaderElection80
2024-02-06 10:05:01,955 [26d06f5e-593d-478d-80a2-0fa092cabf84@group-87FBE612817C-LeaderElection80] INFO  server.RaftServer$Division (RaftServerImpl.java:setRole(383)) - 26d06f5e-593d-478d-80a2-0fa092cabf84@group-87FBE612817C: changes role from CANDIDATE to LEADER at term 1 for changeToLeader
2024-02-06 10:05:01,955 [26d06f5e-593d-478d-80a2-0fa092cabf84@group-87FBE612817C-LeaderElection80] INFO  server.RaftServerConfigKeys (ConfUtils.java:logGet(46)) - raft.server.staging.catchup.gap = 1000 (default)
2024-02-06 10:05:01,955 [26d06f5e-593d-478d-80a2-0fa092cabf84@group-87FBE612817C-LeaderElection80] INFO  server.RaftServerConfigKeys (ConfUtils.java:logGet(46)) - raft.server.write.element-limit = 1024 (custom)
2024-02-06 10:05:01,955 [26d06f5e-593d-478d-80a2-0fa092cabf84@group-87FBE612817C-LeaderElection80] INFO  server.RaftServerConfigKeys (ConfUtils.java:logGet(46)) - raft.server.write.byte-limit = 1024 M (=1073741824) (custom)
2024-02-06 10:05:01,955 [26d06f5e-593d-478d-80a2-0fa092cabf84@group-87FBE612817C-LeaderElection80] INFO  server.RaftServerConfigKeys (ConfUtils.java:logGet(46)) - raft.server.watch.timeout = 3000ms (custom)
2024-02-06 10:05:01,955 [26d06f5e-593d-478d-80a2-0fa092cabf84@group-87FBE612817C-LeaderElection80] INFO  server.RaftServerConfigKeys (ConfUtils.java:logGet(46)) - raft.server.watch.timeout.denomination = 1s (default)
2024-02-06 10:05:01,955 [26d06f5e-593d-478d-80a2-0fa092cabf84@group-87FBE612817C-LeaderElection80] INFO  server.RaftServerConfigKeys (ConfUtils.java:logGet(46)) - raft.server.watch.element-limit = 65536 (default)
2024-02-06 10:05:01,956 [26d06f5e-593d-478d-80a2-0fa092cabf84@group-87FBE612817C-LeaderElection80] INFO  server.RaftServerConfigKeys (ConfUtils.java:logGet(46)) - raft.server.read.leader.lease.enabled = false (default)
2024-02-06 10:05:01,956 [26d06f5e-593d-478d-80a2-0fa092cabf84@group-87FBE612817C-LeaderElection80] INFO  server.RaftServerConfigKeys (ConfUtils.java:logGet(46)) - raft.server.read.leader.lease.timeout.ratio = 0.9 (default)
2024-02-06 10:05:01,956 [26d06f5e-593d-478d-80a2-0fa092cabf84@group-87FBE612817C-LeaderElection80] INFO  server.RaftServerConfigKeys (ConfUtils.java:logGet(46)) - raft.server.rpc.timeout.min = 5s (custom)
2024-02-06 10:05:01,956 [26d06f5e-593d-478d-80a2-0fa092cabf84@group-87FBE612817C-LeaderElection80] INFO  server.RaftServerConfigKeys (ConfUtils.java:logGet(46)) - raft.server.write.element-limit = 1024 (custom)
2024-02-06 10:05:01,956 [26d06f5e-593d-478d-80a2-0fa092cabf84@group-87FBE612817C-LeaderElection80] INFO  server.RaftServerConfigKeys (ConfUtils.java:logGet(46)) - raft.server.write.follower.gap.ratio.max = -1.0 (default)
2024-02-06 10:05:01,956 [26d06f5e-593d-478d-80a2-0fa092cabf84@group-87FBE612817C-LeaderElection80] INFO  impl.RoleInfo (RoleInfo.java:updateAndGet(139)) - 26d06f5e-593d-478d-80a2-0fa092cabf84: start 26d06f5e-593d-478d-80a2-0fa092cabf84@group-87FBE612817C-LeaderStateImpl
2024-02-06 10:05:01,956 [26d06f5e-593d-478d-80a2-0fa092cabf84@group-87FBE612817C-LeaderElection80] INFO  server.RaftServer$Division (RaftServerImpl.java:setFirstElection(574)) - 26d06f5e-593d-478d-80a2-0fa092cabf84@group-87FBE612817C: set firstElectionSinceStartup to false for becomeLeader
2024-02-06 10:05:01,956 [26d06f5e-593d-478d-80a2-0fa092cabf84@group-87FBE612817C-LeaderElection80] INFO  ratis.XceiverServerRatis (XceiverServerRatis.java:handleLeaderChangedNotification(966)) - Leader change notification received for group: group-87FBE612817C with new leaderId: 26d06f5e-593d-478d-80a2-0fa092cabf84
2024-02-06 10:05:01,956 [26d06f5e-593d-478d-80a2-0fa092cabf84@group-87FBE612817C-LeaderElection80] INFO  server.RaftServer$Division (ServerState.java:setLeader(269)) - 26d06f5e-593d-478d-80a2-0fa092cabf84@group-87FBE612817C: change Leader from null to 26d06f5e-593d-478d-80a2-0fa092cabf84 at term 1 for becomeLeader, leader elected after 5074ms
2024-02-06 10:05:01,956 [26d06f5e-593d-478d-80a2-0fa092cabf84@group-87FBE612817C-LeaderElection80] INFO  segmented.SegmentedRaftLogWorker (SegmentedRaftLogWorker.java:startLogSegment(430)) - 26d06f5e-593d-478d-80a2-0fa092cabf84@group-87FBE612817C-SegmentedRaftLogWorker: Starting segment from index:0
2024-02-06 10:05:01,960 [20dab95a-c478-4766-b72c-beb84f06bee2@group-38BCDD253F99-FollowerState] INFO  impl.FollowerState (FollowerState.java:run(143)) - 20dab95a-c478-4766-b72c-beb84f06bee2@group-38BCDD253F99-FollowerState: change to CANDIDATE, lastRpcElapsedTime:5026838422ns, electionTimeout:5026ms
2024-02-06 10:05:01,960 [26d06f5e-593d-478d-80a2-0fa092cabf84@group-87FBE612817C-LeaderElection80] INFO  server.RaftServer$Division (ServerState.java:setRaftConf(386)) - 26d06f5e-593d-478d-80a2-0fa092cabf84@group-87FBE612817C: set configuration 0: peers:[26d06f5e-593d-478d-80a2-0fa092cabf84|10.1.0.5:15459]|listeners:[], old=null
2024-02-06 10:05:01,960 [20dab95a-c478-4766-b72c-beb84f06bee2@group-38BCDD253F99-FollowerState] INFO  impl.RoleInfo (RoleInfo.java:shutdownFollowerState(110)) - 20dab95a-c478-4766-b72c-beb84f06bee2: shutdown 20dab95a-c478-4766-b72c-beb84f06bee2@group-38BCDD253F99-FollowerState
2024-02-06 10:05:01,960 [20dab95a-c478-4766-b72c-beb84f06bee2@group-38BCDD253F99-FollowerState] INFO  server.RaftServer$Division (RaftServerImpl.java:setRole(383)) - 20dab95a-c478-4766-b72c-beb84f06bee2@group-38BCDD253F99: changes role from  FOLLOWER to CANDIDATE at term 0 for changeToCandidate
2024-02-06 10:05:01,960 [20dab95a-c478-4766-b72c-beb84f06bee2@group-38BCDD253F99-FollowerState] INFO  server.RaftServerConfigKeys (ConfUtils.java:logGet(46)) - raft.server.leaderelection.pre-vote = true (default)
2024-02-06 10:05:01,960 [20dab95a-c478-4766-b72c-beb84f06bee2@group-38BCDD253F99-FollowerState] INFO  impl.RoleInfo (RoleInfo.java:updateAndGet(139)) - 20dab95a-c478-4766-b72c-beb84f06bee2: start 20dab95a-c478-4766-b72c-beb84f06bee2@group-38BCDD253F99-LeaderElection81
2024-02-06 10:05:01,960 [26d06f5e-593d-478d-80a2-0fa092cabf84@group-87FBE612817C-SegmentedRaftLogWorker] INFO  segmented.BufferedWriteChannel (BufferedWriteChannel.java:open(62)) - open log_inprogress_0 at position 0
2024-02-06 10:05:01,961 [EventQueue-OpenPipelineForHealthyPipelineSafeModeRule] INFO  safemode.SCMSafeModeManager (HealthyPipelineSafeModeRule.java:process(140)) - SCM in safe mode. Healthy pipelines reported count is 0, required healthy pipeline reported count is 1
2024-02-06 10:05:01,962 [20dab95a-c478-4766-b72c-beb84f06bee2@group-38BCDD253F99-LeaderElection81] INFO  impl.LeaderElection (LeaderElection.java:askForVotes(321)) - 20dab95a-c478-4766-b72c-beb84f06bee2@group-38BCDD253F99-LeaderElection81 PRE_VOTE round 0: submit vote requests at term 0 for -1: peers:[79c56b25-6309-4552-ab3a-12e132dee763|10.1.0.5:15468, 20dab95a-c478-4766-b72c-beb84f06bee2|10.1.0.5:15477, 26d06f5e-593d-478d-80a2-0fa092cabf84|10.1.0.5:15459]|listeners:[], old=null
2024-02-06 10:05:01,962 [20dab95a-c478-4766-b72c-beb84f06bee2@group-38BCDD253F99-LeaderElection81] INFO  server.RaftServerConfigKeys (ConfUtils.java:logFallback(53)) - raft.server.rpc.first-election.timeout.min = 5s (fallback to raft.server.rpc.timeout.min)
2024-02-06 10:05:01,962 [20dab95a-c478-4766-b72c-beb84f06bee2@group-38BCDD253F99-LeaderElection81-1] INFO  server.GrpcServerProtocolClient (GrpcServerProtocolClient.java:<init>(65)) - Build channel for 79c56b25-6309-4552-ab3a-12e132dee763|10.1.0.5:15468
2024-02-06 10:05:01,963 [20dab95a-c478-4766-b72c-beb84f06bee2@group-38BCDD253F99-LeaderElection81-2] INFO  server.GrpcServerProtocolClient (GrpcServerProtocolClient.java:<init>(65)) - Build channel for 26d06f5e-593d-478d-80a2-0fa092cabf84|10.1.0.5:15459
2024-02-06 10:05:01,962 [20dab95a-c478-4766-b72c-beb84f06bee2@group-38BCDD253F99-LeaderElection81] INFO  server.RaftServerConfigKeys (ConfUtils.java:logFallback(53)) - raft.server.rpc.first-election.timeout.max = 5200ms (fallback to raft.server.rpc.timeout.max)
2024-02-06 10:05:01,967 [grpc-default-executor-5] INFO  server.RaftServer$Division (RaftServerImpl.java:requestVote(1389)) - 79c56b25-6309-4552-ab3a-12e132dee763@group-38BCDD253F99: receive requestVote(PRE_VOTE, 20dab95a-c478-4766-b72c-beb84f06bee2, group-38BCDD253F99, 0, (t:0, i:0))
2024-02-06 10:05:01,967 [grpc-default-executor-5] INFO  impl.VoteContext (VoteContext.java:log(49)) - 79c56b25-6309-4552-ab3a-12e132dee763@group-38BCDD253F99-FOLLOWER: accept PRE_VOTE from 20dab95a-c478-4766-b72c-beb84f06bee2: our priority 0 <= candidate's priority 0
2024-02-06 10:05:01,967 [grpc-default-executor-0] INFO  server.RaftServer$Division (RaftServerImpl.java:requestVote(1389)) - 26d06f5e-593d-478d-80a2-0fa092cabf84@group-38BCDD253F99: receive requestVote(PRE_VOTE, 20dab95a-c478-4766-b72c-beb84f06bee2, group-38BCDD253F99, 0, (t:0, i:0))
2024-02-06 10:05:01,967 [grpc-default-executor-5] INFO  server.RaftServer$Division (RaftServerImpl.java:requestVote(1422)) - 79c56b25-6309-4552-ab3a-12e132dee763@group-38BCDD253F99 replies to PRE_VOTE vote request: 20dab95a-c478-4766-b72c-beb84f06bee2<-79c56b25-6309-4552-ab3a-12e132dee763#0:OK-t0. Peer's state: 79c56b25-6309-4552-ab3a-12e132dee763@group-38BCDD253F99:t0, leader=null, voted=, raftlog=Memoized:79c56b25-6309-4552-ab3a-12e132dee763@group-38BCDD253F99-SegmentedRaftLog:OPENED:c-1, conf=-1: peers:[79c56b25-6309-4552-ab3a-12e132dee763|10.1.0.5:15468, 20dab95a-c478-4766-b72c-beb84f06bee2|10.1.0.5:15477, 26d06f5e-593d-478d-80a2-0fa092cabf84|10.1.0.5:15459]|listeners:[], old=null
2024-02-06 10:05:01,967 [grpc-default-executor-0] INFO  impl.VoteContext (VoteContext.java:log(49)) - 26d06f5e-593d-478d-80a2-0fa092cabf84@group-38BCDD253F99-FOLLOWER: reject PRE_VOTE from 20dab95a-c478-4766-b72c-beb84f06bee2: our priority 1 > candidate's priority 0
2024-02-06 10:05:01,967 [grpc-default-executor-0] INFO  server.RaftServer$Division (RaftServerImpl.java:requestVote(1422)) - 26d06f5e-593d-478d-80a2-0fa092cabf84@group-38BCDD253F99 replies to PRE_VOTE vote request: 20dab95a-c478-4766-b72c-beb84f06bee2<-26d06f5e-593d-478d-80a2-0fa092cabf84#0:FAIL-t0. Peer's state: 26d06f5e-593d-478d-80a2-0fa092cabf84@group-38BCDD253F99:t0, leader=null, voted=, raftlog=Memoized:26d06f5e-593d-478d-80a2-0fa092cabf84@group-38BCDD253F99-SegmentedRaftLog:OPENED:c-1, conf=-1: peers:[79c56b25-6309-4552-ab3a-12e132dee763|10.1.0.5:15468, 20dab95a-c478-4766-b72c-beb84f06bee2|10.1.0.5:15477, 26d06f5e-593d-478d-80a2-0fa092cabf84|10.1.0.5:15459]|listeners:[], old=null
2024-02-06 10:05:01,968 [20dab95a-c478-4766-b72c-beb84f06bee2@group-38BCDD253F99-LeaderElection81] INFO  impl.LeaderElection (LeaderElection.java:logAndReturn(89)) - 20dab95a-c478-4766-b72c-beb84f06bee2@group-38BCDD253F99-LeaderElection81: PRE_VOTE REJECTED received 1 response(s) and 0 exception(s):
2024-02-06 10:05:01,968 [20dab95a-c478-4766-b72c-beb84f06bee2@group-38BCDD253F99-LeaderElection81] INFO  impl.LeaderElection (LeaderElection.java:logAndReturn(93)) -   Response 0: 20dab95a-c478-4766-b72c-beb84f06bee2<-26d06f5e-593d-478d-80a2-0fa092cabf84#0:FAIL-t0
2024-02-06 10:05:01,968 [20dab95a-c478-4766-b72c-beb84f06bee2@group-38BCDD253F99-LeaderElection81] INFO  impl.LeaderElection (LeaderElection.java:askForVotes(323)) - 20dab95a-c478-4766-b72c-beb84f06bee2@group-38BCDD253F99-LeaderElection81 PRE_VOTE round 0: result REJECTED
2024-02-06 10:05:01,968 [20dab95a-c478-4766-b72c-beb84f06bee2@group-38BCDD253F99-LeaderElection81] INFO  server.RaftServer$Division (RaftServerImpl.java:setRole(383)) - 20dab95a-c478-4766-b72c-beb84f06bee2@group-38BCDD253F99: changes role from CANDIDATE to FOLLOWER at term 0 for REJECTED
2024-02-06 10:05:01,968 [20dab95a-c478-4766-b72c-beb84f06bee2@group-38BCDD253F99-LeaderElection81] INFO  impl.RoleInfo (RoleInfo.java:shutdownLeaderElection(130)) - 20dab95a-c478-4766-b72c-beb84f06bee2: shutdown 20dab95a-c478-4766-b72c-beb84f06bee2@group-38BCDD253F99-LeaderElection81
2024-02-06 10:05:01,968 [20dab95a-c478-4766-b72c-beb84f06bee2@group-38BCDD253F99-LeaderElection81] INFO  impl.RoleInfo (RoleInfo.java:updateAndGet(139)) - 20dab95a-c478-4766-b72c-beb84f06bee2: start 20dab95a-c478-4766-b72c-beb84f06bee2@group-38BCDD253F99-FollowerState
2024-02-06 10:05:01,968 [20dab95a-c478-4766-b72c-beb84f06bee2@group-38BCDD253F99-LeaderElection81] INFO  server.RaftServer$Division (RaftServerImpl.java:setFirstElection(574)) - 20dab95a-c478-4766-b72c-beb84f06bee2@group-38BCDD253F99: set firstElectionSinceStartup to false for REJECTED
2024-02-06 10:05:01,968 [26d06f5e-593d-478d-80a2-0fa092cabf84@group-87FBE612817C-SegmentedRaftLogWorker] INFO  segmented.SegmentedRaftLogWorker (SegmentedRaftLogWorker.java:execute(634)) - 26d06f5e-593d-478d-80a2-0fa092cabf84@group-87FBE612817C-SegmentedRaftLogWorker: created new log segment /home/runner/work/ozone/ozone/hadoop-ozone/integration-test/target/test-dir/MiniOzoneClusterImpl-5d1c2165-a83d-4eb5-a2bf-ae35b2f22424/datanode-0/data/ratis/5dbea755-61f2-43f0-998e-87fbe612817c/current/log_inprogress_0
2024-02-06 10:05:01,970 [26d06f5e-593d-478d-80a2-0fa092cabf84@group-38BCDD253F99-FollowerState] INFO  impl.FollowerState (FollowerState.java:run(143)) - 26d06f5e-593d-478d-80a2-0fa092cabf84@group-38BCDD253F99-FollowerState: change to CANDIDATE, lastRpcElapsedTime:5059753150ns, electionTimeout:5058ms
2024-02-06 10:05:01,970 [26d06f5e-593d-478d-80a2-0fa092cabf84@group-38BCDD253F99-FollowerState] INFO  impl.RoleInfo (RoleInfo.java:shutdownFollowerState(110)) - 26d06f5e-593d-478d-80a2-0fa092cabf84: shutdown 26d06f5e-593d-478d-80a2-0fa092cabf84@group-38BCDD253F99-FollowerState
2024-02-06 10:05:01,970 [26d06f5e-593d-478d-80a2-0fa092cabf84@group-38BCDD253F99-FollowerState] INFO  server.RaftServer$Division (RaftServerImpl.java:setRole(383)) - 26d06f5e-593d-478d-80a2-0fa092cabf84@group-38BCDD253F99: changes role from  FOLLOWER to CANDIDATE at term 0 for changeToCandidate
2024-02-06 10:05:01,970 [26d06f5e-593d-478d-80a2-0fa092cabf84@group-38BCDD253F99-FollowerState] INFO  server.RaftServerConfigKeys (ConfUtils.java:logGet(46)) - raft.server.leaderelection.pre-vote = true (default)
2024-02-06 10:05:01,970 [26d06f5e-593d-478d-80a2-0fa092cabf84@group-38BCDD253F99-FollowerState] INFO  impl.RoleInfo (RoleInfo.java:updateAndGet(139)) - 26d06f5e-593d-478d-80a2-0fa092cabf84: start 26d06f5e-593d-478d-80a2-0fa092cabf84@group-38BCDD253F99-LeaderElection82
2024-02-06 10:05:01,971 [26d06f5e-593d-478d-80a2-0fa092cabf84@group-38BCDD253F99-LeaderElection82] INFO  impl.LeaderElection (LeaderElection.java:askForVotes(321)) - 26d06f5e-593d-478d-80a2-0fa092cabf84@group-38BCDD253F99-LeaderElection82 PRE_VOTE round 0: submit vote requests at term 0 for -1: peers:[79c56b25-6309-4552-ab3a-12e132dee763|10.1.0.5:15468, 20dab95a-c478-4766-b72c-beb84f06bee2|10.1.0.5:15477, 26d06f5e-593d-478d-80a2-0fa092cabf84|10.1.0.5:15459]|listeners:[], old=null
2024-02-06 10:05:01,971 [26d06f5e-593d-478d-80a2-0fa092cabf84@group-38BCDD253F99-LeaderElection82-1] INFO  server.GrpcServerProtocolClient (GrpcServerProtocolClient.java:<init>(65)) - Build channel for 79c56b25-6309-4552-ab3a-12e132dee763|10.1.0.5:15468
2024-02-06 10:05:01,972 [26d06f5e-593d-478d-80a2-0fa092cabf84@group-87FBE612817C-StateMachineUpdater] INFO  server.RaftServer$Division (LeaderStateImpl.java:isApplied(320)) - leader is ready since appliedIndex == 0 >= startIndex == 0
2024-02-06 10:05:01,973 [26d06f5e-593d-478d-80a2-0fa092cabf84@group-38BCDD253F99-LeaderElection82] INFO  server.RaftServerConfigKeys (ConfUtils.java:logFallback(53)) - raft.server.rpc.first-election.timeout.min = 5s (fallback to raft.server.rpc.timeout.min)
2024-02-06 10:05:01,973 [26d06f5e-593d-478d-80a2-0fa092cabf84@group-38BCDD253F99-LeaderElection82] INFO  server.RaftServerConfigKeys (ConfUtils.java:logFallback(53)) - raft.server.rpc.first-election.timeout.max = 5200ms (fallback to raft.server.rpc.timeout.max)
2024-02-06 10:05:01,973 [26d06f5e-593d-478d-80a2-0fa092cabf84@group-38BCDD253F99-LeaderElection82-2] INFO  server.GrpcServerProtocolClient (GrpcServerProtocolClient.java:<init>(65)) - Build channel for 20dab95a-c478-4766-b72c-beb84f06bee2|10.1.0.5:15477
2024-02-06 10:05:01,976 [grpc-default-executor-0] INFO  server.RaftServer$Division (RaftServerImpl.java:requestVote(1389)) - 79c56b25-6309-4552-ab3a-12e132dee763@group-38BCDD253F99: receive requestVote(PRE_VOTE, 26d06f5e-593d-478d-80a2-0fa092cabf84, group-38BCDD253F99, 0, (t:0, i:0))
2024-02-06 10:05:01,976 [grpc-default-executor-0] INFO  impl.VoteContext (VoteContext.java:log(49)) - 79c56b25-6309-4552-ab3a-12e132dee763@group-38BCDD253F99-FOLLOWER: accept PRE_VOTE from 26d06f5e-593d-478d-80a2-0fa092cabf84: our priority 0 <= candidate's priority 1
2024-02-06 10:05:01,977 [grpc-default-executor-0] INFO  server.RaftServer$Division (RaftServerImpl.java:requestVote(1422)) - 79c56b25-6309-4552-ab3a-12e132dee763@group-38BCDD253F99 replies to PRE_VOTE vote request: 26d06f5e-593d-478d-80a2-0fa092cabf84<-79c56b25-6309-4552-ab3a-12e132dee763#0:OK-t0. Peer's state: 79c56b25-6309-4552-ab3a-12e132dee763@group-38BCDD253F99:t0, leader=null, voted=, raftlog=Memoized:79c56b25-6309-4552-ab3a-12e132dee763@group-38BCDD253F99-SegmentedRaftLog:OPENED:c-1, conf=-1: peers:[79c56b25-6309-4552-ab3a-12e132dee763|10.1.0.5:15468, 20dab95a-c478-4766-b72c-beb84f06bee2|10.1.0.5:15477, 26d06f5e-593d-478d-80a2-0fa092cabf84|10.1.0.5:15459]|listeners:[], old=null
2024-02-06 10:05:01,978 [grpc-default-executor-0] INFO  server.RaftServer$Division (RaftServerImpl.java:requestVote(1389)) - 20dab95a-c478-4766-b72c-beb84f06bee2@group-38BCDD253F99: receive requestVote(PRE_VOTE, 26d06f5e-593d-478d-80a2-0fa092cabf84, group-38BCDD253F99, 0, (t:0, i:0))
2024-02-06 10:05:01,978 [grpc-default-executor-0] INFO  impl.VoteContext (VoteContext.java:log(49)) - 20dab95a-c478-4766-b72c-beb84f06bee2@group-38BCDD253F99-FOLLOWER: accept PRE_VOTE from 26d06f5e-593d-478d-80a2-0fa092cabf84: our priority 0 <= candidate's priority 1
2024-02-06 10:05:01,978 [grpc-default-executor-0] INFO  server.RaftServer$Division (RaftServerImpl.java:requestVote(1422)) - 20dab95a-c478-4766-b72c-beb84f06bee2@group-38BCDD253F99 replies to PRE_VOTE vote request: 26d06f5e-593d-478d-80a2-0fa092cabf84<-20dab95a-c478-4766-b72c-beb84f06bee2#0:OK-t0. Peer's state: 20dab95a-c478-4766-b72c-beb84f06bee2@group-38BCDD253F99:t0, leader=null, voted=, raftlog=Memoized:20dab95a-c478-4766-b72c-beb84f06bee2@group-38BCDD253F99-SegmentedRaftLog:OPENED:c-1, conf=-1: peers:[79c56b25-6309-4552-ab3a-12e132dee763|10.1.0.5:15468, 20dab95a-c478-4766-b72c-beb84f06bee2|10.1.0.5:15477, 26d06f5e-593d-478d-80a2-0fa092cabf84|10.1.0.5:15459]|listeners:[], old=null
2024-02-06 10:05:01,980 [26d06f5e-593d-478d-80a2-0fa092cabf84@group-38BCDD253F99-LeaderElection82] INFO  impl.LeaderElection (LeaderElection.java:logAndReturn(89)) - 26d06f5e-593d-478d-80a2-0fa092cabf84@group-38BCDD253F99-LeaderElection82: PRE_VOTE PASSED received 1 response(s) and 0 exception(s):
2024-02-06 10:05:01,980 [26d06f5e-593d-478d-80a2-0fa092cabf84@group-38BCDD253F99-LeaderElection82] INFO  impl.LeaderElection (LeaderElection.java:logAndReturn(93)) -   Response 0: 26d06f5e-593d-478d-80a2-0fa092cabf84<-20dab95a-c478-4766-b72c-beb84f06bee2#0:OK-t0
2024-02-06 10:05:01,980 [26d06f5e-593d-478d-80a2-0fa092cabf84@group-38BCDD253F99-LeaderElection82] INFO  impl.LeaderElection (LeaderElection.java:askForVotes(323)) - 26d06f5e-593d-478d-80a2-0fa092cabf84@group-38BCDD253F99-LeaderElection82 PRE_VOTE round 0: result PASSED
2024-02-06 10:05:01,983 [26d06f5e-593d-478d-80a2-0fa092cabf84@group-38BCDD253F99-LeaderElection82] INFO  impl.LeaderElection (LeaderElection.java:askForVotes(321)) - 26d06f5e-593d-478d-80a2-0fa092cabf84@group-38BCDD253F99-LeaderElection82 ELECTION round 0: submit vote requests at term 1 for -1: peers:[79c56b25-6309-4552-ab3a-12e132dee763|10.1.0.5:15468, 20dab95a-c478-4766-b72c-beb84f06bee2|10.1.0.5:15477, 26d06f5e-593d-478d-80a2-0fa092cabf84|10.1.0.5:15459]|listeners:[], old=null
2024-02-06 10:05:01,983 [26d06f5e-593d-478d-80a2-0fa092cabf84@group-38BCDD253F99-LeaderElection82] INFO  server.RaftServerConfigKeys (ConfUtils.java:logFallback(53)) - raft.server.rpc.first-election.timeout.min = 5s (fallback to raft.server.rpc.timeout.min)
2024-02-06 10:05:01,983 [26d06f5e-593d-478d-80a2-0fa092cabf84@group-38BCDD253F99-LeaderElection82] INFO  server.RaftServerConfigKeys (ConfUtils.java:logFallback(53)) - raft.server.rpc.first-election.timeout.max = 5200ms (fallback to raft.server.rpc.timeout.max)
2024-02-06 10:05:01,984 [grpc-default-executor-0] INFO  server.RaftServer$Division (RaftServerImpl.java:requestVote(1389)) - 20dab95a-c478-4766-b72c-beb84f06bee2@group-38BCDD253F99: receive requestVote(ELECTION, 26d06f5e-593d-478d-80a2-0fa092cabf84, group-38BCDD253F99, 1, (t:0, i:0))
2024-02-06 10:05:01,984 [grpc-default-executor-0] INFO  impl.VoteContext (VoteContext.java:log(49)) - 20dab95a-c478-4766-b72c-beb84f06bee2@group-38BCDD253F99-FOLLOWER: accept ELECTION from 26d06f5e-593d-478d-80a2-0fa092cabf84: our priority 0 <= candidate's priority 1
2024-02-06 10:05:01,984 [grpc-default-executor-0] INFO  server.RaftServer$Division (RaftServerImpl.java:setRole(383)) - 20dab95a-c478-4766-b72c-beb84f06bee2@group-38BCDD253F99: changes role from  FOLLOWER to FOLLOWER at term 1 for candidate:26d06f5e-593d-478d-80a2-0fa092cabf84
2024-02-06 10:05:01,984 [grpc-default-executor-0] INFO  impl.RoleInfo (RoleInfo.java:shutdownFollowerState(110)) - 20dab95a-c478-4766-b72c-beb84f06bee2: shutdown 20dab95a-c478-4766-b72c-beb84f06bee2@group-38BCDD253F99-FollowerState
2024-02-06 10:05:01,984 [grpc-default-executor-0] INFO  impl.RoleInfo (RoleInfo.java:updateAndGet(139)) - 20dab95a-c478-4766-b72c-beb84f06bee2: start 20dab95a-c478-4766-b72c-beb84f06bee2@group-38BCDD253F99-FollowerState
2024-02-06 10:05:01,984 [20dab95a-c478-4766-b72c-beb84f06bee2@group-38BCDD253F99-FollowerState] INFO  impl.FollowerState (FollowerState.java:run(152)) - 20dab95a-c478-4766-b72c-beb84f06bee2@group-38BCDD253F99-FollowerState was interrupted
2024-02-06 10:05:01,985 [grpc-default-executor-5] INFO  server.RaftServer$Division (RaftServerImpl.java:requestVote(1389)) - 79c56b25-6309-4552-ab3a-12e132dee763@group-38BCDD253F99: receive requestVote(ELECTION, 26d06f5e-593d-478d-80a2-0fa092cabf84, group-38BCDD253F99, 1, (t:0, i:0))
2024-02-06 10:05:01,985 [grpc-default-executor-5] INFO  impl.VoteContext (VoteContext.java:log(49)) - 79c56b25-6309-4552-ab3a-12e132dee763@group-38BCDD253F99-FOLLOWER: accept ELECTION from 26d06f5e-593d-478d-80a2-0fa092cabf84: our priority 0 <= candidate's priority 1
2024-02-06 10:05:01,985 [grpc-default-executor-5] INFO  server.RaftServer$Division (RaftServerImpl.java:setRole(383)) - 79c56b25-6309-4552-ab3a-12e132dee763@group-38BCDD253F99: changes role from  FOLLOWER to FOLLOWER at term 1 for candidate:26d06f5e-593d-478d-80a2-0fa092cabf84
2024-02-06 10:05:01,985 [grpc-default-executor-5] INFO  impl.RoleInfo (RoleInfo.java:shutdownFollowerState(110)) - 79c56b25-6309-4552-ab3a-12e132dee763: shutdown 79c56b25-6309-4552-ab3a-12e132dee763@group-38BCDD253F99-FollowerState
2024-02-06 10:05:01,985 [grpc-default-executor-5] INFO  impl.RoleInfo (RoleInfo.java:updateAndGet(139)) - 79c56b25-6309-4552-ab3a-12e132dee763: start 79c56b25-6309-4552-ab3a-12e132dee763@group-38BCDD253F99-FollowerState
2024-02-06 10:05:01,985 [79c56b25-6309-4552-ab3a-12e132dee763@group-38BCDD253F99-FollowerState] INFO  impl.FollowerState (FollowerState.java:run(152)) - 79c56b25-6309-4552-ab3a-12e132dee763@group-38BCDD253F99-FollowerState was interrupted
2024-02-06 10:05:01,985 [grpc-default-executor-5] INFO  server.RaftServer$Division (RaftServerImpl.java:setFirstElection(574)) - 79c56b25-6309-4552-ab3a-12e132dee763@group-38BCDD253F99: set firstElectionSinceStartup to false for candidate:26d06f5e-593d-478d-80a2-0fa092cabf84
2024-02-06 10:05:01,985 [grpc-default-executor-0] INFO  server.RaftServer$Division (RaftServerImpl.java:requestVote(1422)) - 20dab95a-c478-4766-b72c-beb84f06bee2@group-38BCDD253F99 replies to ELECTION vote request: 26d06f5e-593d-478d-80a2-0fa092cabf84<-20dab95a-c478-4766-b72c-beb84f06bee2#0:OK-t1. Peer's state: 20dab95a-c478-4766-b72c-beb84f06bee2@group-38BCDD253F99:t1, leader=null, voted=26d06f5e-593d-478d-80a2-0fa092cabf84, raftlog=Memoized:20dab95a-c478-4766-b72c-beb84f06bee2@group-38BCDD253F99-SegmentedRaftLog:OPENED:c-1, conf=-1: peers:[79c56b25-6309-4552-ab3a-12e132dee763|10.1.0.5:15468, 20dab95a-c478-4766-b72c-beb84f06bee2|10.1.0.5:15477, 26d06f5e-593d-478d-80a2-0fa092cabf84|10.1.0.5:15459]|listeners:[], old=null
2024-02-06 10:05:01,986 [26d06f5e-593d-478d-80a2-0fa092cabf84@group-38BCDD253F99-LeaderElection82] INFO  impl.LeaderElection (LeaderElection.java:logAndReturn(89)) - 26d06f5e-593d-478d-80a2-0fa092cabf84@group-38BCDD253F99-LeaderElection82: ELECTION PASSED received 1 response(s) and 0 exception(s):
2024-02-06 10:05:01,986 [26d06f5e-593d-478d-80a2-0fa092cabf84@group-38BCDD253F99-LeaderElection82] INFO  impl.LeaderElection (LeaderElection.java:logAndReturn(93)) -   Response 0: 26d06f5e-593d-478d-80a2-0fa092cabf84<-20dab95a-c478-4766-b72c-beb84f06bee2#0:OK-t1
2024-02-06 10:05:01,986 [26d06f5e-593d-478d-80a2-0fa092cabf84@group-38BCDD253F99-LeaderElection82] INFO  impl.LeaderElection (LeaderElection.java:askForVotes(323)) - 26d06f5e-593d-478d-80a2-0fa092cabf84@group-38BCDD253F99-LeaderElection82 ELECTION round 0: result PASSED
2024-02-06 10:05:01,986 [26d06f5e-593d-478d-80a2-0fa092cabf84@group-38BCDD253F99-LeaderElection82] INFO  impl.RoleInfo (RoleInfo.java:shutdownLeaderElection(130)) - 26d06f5e-593d-478d-80a2-0fa092cabf84: shutdown 26d06f5e-593d-478d-80a2-0fa092cabf84@group-38BCDD253F99-LeaderElection82
2024-02-06 10:05:01,986 [26d06f5e-593d-478d-80a2-0fa092cabf84@group-38BCDD253F99-LeaderElection82] INFO  server.RaftServer$Division (RaftServerImpl.java:setRole(383)) - 26d06f5e-593d-478d-80a2-0fa092cabf84@group-38BCDD253F99: changes role from CANDIDATE to LEADER at term 1 for changeToLeader
2024-02-06 10:05:01,986 [26d06f5e-593d-478d-80a2-0fa092cabf84@group-38BCDD253F99-LeaderElection82] INFO  server.RaftServerConfigKeys (ConfUtils.java:logGet(46)) - raft.server.staging.catchup.gap = 1000 (default)
2024-02-06 10:05:01,986 [grpc-default-executor-5] INFO  server.RaftServer$Division (RaftServerImpl.java:requestVote(1422)) - 79c56b25-6309-4552-ab3a-12e132dee763@group-38BCDD253F99 replies to ELECTION vote request: 26d06f5e-593d-478d-80a2-0fa092cabf84<-79c56b25-6309-4552-ab3a-12e132dee763#0:OK-t1. Peer's state: 79c56b25-6309-4552-ab3a-12e132dee763@group-38BCDD253F99:t1, leader=null, voted=26d06f5e-593d-478d-80a2-0fa092cabf84, raftlog=Memoized:79c56b25-6309-4552-ab3a-12e132dee763@group-38BCDD253F99-SegmentedRaftLog:OPENED:c-1, conf=-1: peers:[79c56b25-6309-4552-ab3a-12e132dee763|10.1.0.5:15468, 20dab95a-c478-4766-b72c-beb84f06bee2|10.1.0.5:15477, 26d06f5e-593d-478d-80a2-0fa092cabf84|10.1.0.5:15459]|listeners:[], old=null
2024-02-06 10:05:01,986 [26d06f5e-593d-478d-80a2-0fa092cabf84@group-38BCDD253F99-LeaderElection82] INFO  server.RaftServerConfigKeys (ConfUtils.java:logGet(46)) - raft.server.write.element-limit = 1024 (custom)
2024-02-06 10:05:01,986 [26d06f5e-593d-478d-80a2-0fa092cabf84@group-38BCDD253F99-LeaderElection82] INFO  server.RaftServerConfigKeys (ConfUtils.java:logGet(46)) - raft.server.write.byte-limit = 1024 M (=1073741824) (custom)
2024-02-06 10:05:01,986 [26d06f5e-593d-478d-80a2-0fa092cabf84@group-38BCDD253F99-LeaderElection82] INFO  server.RaftServerConfigKeys (ConfUtils.java:logGet(46)) - raft.server.watch.timeout = 3000ms (custom)
2024-02-06 10:05:01,986 [26d06f5e-593d-478d-80a2-0fa092cabf84@group-38BCDD253F99-LeaderElection82] INFO  server.RaftServerConfigKeys (ConfUtils.java:logGet(46)) - raft.server.watch.timeout.denomination = 1s (default)
2024-02-06 10:05:01,986 [26d06f5e-593d-478d-80a2-0fa092cabf84@group-38BCDD253F99-LeaderElection82] INFO  server.RaftServerConfigKeys (ConfUtils.java:logGet(46)) - raft.server.watch.element-limit = 65536 (default)
2024-02-06 10:05:01,987 [26d06f5e-593d-478d-80a2-0fa092cabf84@group-38BCDD253F99-LeaderElection82] INFO  server.RaftServerConfigKeys (ConfUtils.java:logGet(46)) - raft.server.read.leader.lease.enabled = false (default)
2024-02-06 10:05:01,987 [26d06f5e-593d-478d-80a2-0fa092cabf84@group-38BCDD253F99-LeaderElection82] INFO  server.RaftServerConfigKeys (ConfUtils.java:logGet(46)) - raft.server.read.leader.lease.timeout.ratio = 0.9 (default)
2024-02-06 10:05:01,987 [26d06f5e-593d-478d-80a2-0fa092cabf84@group-38BCDD253F99-LeaderElection82] INFO  server.RaftServerConfigKeys (ConfUtils.java:logGet(46)) - raft.server.rpc.timeout.min = 5s (custom)
2024-02-06 10:05:01,987 [79c56b25-6309-4552-ab3a-12e132dee763@group-820285DD5522-FollowerState] INFO  impl.FollowerState (FollowerState.java:run(143)) - 79c56b25-6309-4552-ab3a-12e132dee763@group-820285DD5522-FollowerState: change to CANDIDATE, lastRpcElapsedTime:5008442029ns, electionTimeout:5008ms
2024-02-06 10:05:01,987 [79c56b25-6309-4552-ab3a-12e132dee763@group-820285DD5522-FollowerState] INFO  impl.RoleInfo (RoleInfo.java:shutdownFollowerState(110)) - 79c56b25-6309-4552-ab3a-12e132dee763: shutdown 79c56b25-6309-4552-ab3a-12e132dee763@group-820285DD5522-FollowerState
2024-02-06 10:05:01,987 [26d06f5e-593d-478d-80a2-0fa092cabf84@group-38BCDD253F99-LeaderElection82] INFO  server.RaftServerConfigKeys (ConfUtils.java:logGet(46)) - raft.server.write.element-limit = 1024 (custom)
2024-02-06 10:05:01,987 [79c56b25-6309-4552-ab3a-12e132dee763@group-820285DD5522-FollowerState] INFO  server.RaftServer$Division (RaftServerImpl.java:setRole(383)) - 79c56b25-6309-4552-ab3a-12e132dee763@group-820285DD5522: changes role from  FOLLOWER to CANDIDATE at term 0 for changeToCandidate
2024-02-06 10:05:01,987 [26d06f5e-593d-478d-80a2-0fa092cabf84@group-38BCDD253F99-LeaderElection82] INFO  server.RaftServerConfigKeys (ConfUtils.java:logGet(46)) - raft.server.write.follower.gap.ratio.max = -1.0 (default)
2024-02-06 10:05:01,987 [79c56b25-6309-4552-ab3a-12e132dee763@group-820285DD5522-FollowerState] INFO  server.RaftServerConfigKeys (ConfUtils.java:logGet(46)) - raft.server.leaderelection.pre-vote = true (default)
2024-02-06 10:05:01,987 [79c56b25-6309-4552-ab3a-12e132dee763@group-820285DD5522-FollowerState] INFO  impl.RoleInfo (RoleInfo.java:updateAndGet(139)) - 79c56b25-6309-4552-ab3a-12e132dee763: start 79c56b25-6309-4552-ab3a-12e132dee763@group-820285DD5522-LeaderElection83
2024-02-06 10:05:01,987 [26d06f5e-593d-478d-80a2-0fa092cabf84@group-38BCDD253F99-LeaderElection82] INFO  server.RaftServerConfigKeys (ConfUtils.java:logGet(46)) - raft.server.log.appender.snapshot.chunk.size.max = 16MB (=16777216) (default)
2024-02-06 10:05:01,987 [26d06f5e-593d-478d-80a2-0fa092cabf84@group-38BCDD253F99-LeaderElection82] INFO  server.RaftServerConfigKeys (ConfUtils.java:logGet(46)) - raft.server.log.appender.buffer.byte-limit = 8388608 (custom)
2024-02-06 10:05:01,987 [26d06f5e-593d-478d-80a2-0fa092cabf84@group-38BCDD253F99-LeaderElection82] INFO  server.RaftServerConfigKeys (ConfUtils.java:logGet(46)) - raft.server.log.appender.buffer.element-limit = 1 (custom)
2024-02-06 10:05:01,988 [26d06f5e-593d-478d-80a2-0fa092cabf84@group-38BCDD253F99-LeaderElection82] INFO  server.RaftServerConfigKeys (ConfUtils.java:logGet(46)) - raft.server.log.appender.wait-time.min = 0ms (custom)
2024-02-06 10:05:01,988 [26d06f5e-593d-478d-80a2-0fa092cabf84@group-38BCDD253F99-LeaderElection82] INFO  grpc.GrpcConfigKeys (ConfUtils.java:logGet(46)) - raft.grpc.server.leader.outstanding.appends.max = 8 (default)
2024-02-06 10:05:01,988 [26d06f5e-593d-478d-80a2-0fa092cabf84@group-38BCDD253F99-LeaderElection82] INFO  server.RaftServerConfigKeys (ConfUtils.java:logGet(46)) - raft.server.rpc.request.timeout = 3000ms (default)
2024-02-06 10:05:01,989 [79c56b25-6309-4552-ab3a-12e132dee763@group-820285DD5522-LeaderElection83] INFO  impl.LeaderElection (LeaderElection.java:askForVotes(321)) - 79c56b25-6309-4552-ab3a-12e132dee763@group-820285DD5522-LeaderElection83 PRE_VOTE round 0: submit vote requests at term 0 for -1: peers:[79c56b25-6309-4552-ab3a-12e132dee763|10.1.0.5:15468]|listeners:[], old=null
2024-02-06 10:05:01,989 [79c56b25-6309-4552-ab3a-12e132dee763@group-820285DD5522-LeaderElection83] INFO  impl.LeaderElection (LeaderElection.java:askForVotes(323)) - 79c56b25-6309-4552-ab3a-12e132dee763@group-820285DD5522-LeaderElection83 PRE_VOTE round 0: result PASSED (term=0)
2024-02-06 10:05:01,989 [26d06f5e-593d-478d-80a2-0fa092cabf84@group-38BCDD253F99-LeaderElection82] INFO  grpc.GrpcConfigKeys (ConfUtils.java:logGet(46)) - raft.grpc.server.install_snapshot.request.element-limit = 8 (default)
2024-02-06 10:05:01,989 [26d06f5e-593d-478d-80a2-0fa092cabf84@group-38BCDD253F99-LeaderElection82] INFO  grpc.GrpcConfigKeys (ConfUtils.java:logGet(46)) - raft.grpc.server.install_snapshot.request.timeout = 3000ms (default)
2024-02-06 10:05:01,990 [26d06f5e-593d-478d-80a2-0fa092cabf84@group-38BCDD253F99-LeaderElection82] INFO  grpc.GrpcConfigKeys (ConfUtils.java:logGet(46)) - raft.grpc.server.log-message.batch.duration = 5s (default)
2024-02-06 10:05:01,990 [26d06f5e-593d-478d-80a2-0fa092cabf84@group-38BCDD253F99-LeaderElection82] INFO  server.RaftServerConfigKeys (ConfUtils.java:logGet(46)) - raft.server.log.appender.install.snapshot.enabled = false (custom)
2024-02-06 10:05:01,990 [26d06f5e-593d-478d-80a2-0fa092cabf84@group-38BCDD253F99-LeaderElection82] INFO  grpc.GrpcConfigKeys (ConfUtils.java:logGet(46)) - raft.grpc.server.heartbeat.channel = true (default)
2024-02-06 10:05:01,990 [26d06f5e-593d-478d-80a2-0fa092cabf84@group-38BCDD253F99-LeaderElection82] INFO  server.RaftServerConfigKeys (ConfUtils.java:logGet(46)) - raft.server.log.appender.snapshot.chunk.size.max = 16MB (=16777216) (default)
2024-02-06 10:05:01,990 [26d06f5e-593d-478d-80a2-0fa092cabf84@group-38BCDD253F99-LeaderElection82] INFO  server.RaftServerConfigKeys (ConfUtils.java:logGet(46)) - raft.server.log.appender.buffer.byte-limit = 8388608 (custom)
2024-02-06 10:05:01,990 [26d06f5e-593d-478d-80a2-0fa092cabf84@group-38BCDD253F99-LeaderElection82] INFO  server.RaftServerConfigKeys (ConfUtils.java:logGet(46)) - raft.server.log.appender.buffer.element-limit = 1 (custom)
2024-02-06 10:05:01,990 [26d06f5e-593d-478d-80a2-0fa092cabf84@group-38BCDD253F99-LeaderElection82] INFO  server.RaftServerConfigKeys (ConfUtils.java:logGet(46)) - raft.server.log.appender.wait-time.min = 0ms (custom)
2024-02-06 10:05:01,990 [26d06f5e-593d-478d-80a2-0fa092cabf84@group-38BCDD253F99-LeaderElection82] INFO  grpc.GrpcConfigKeys (ConfUtils.java:logGet(46)) - raft.grpc.server.leader.outstanding.appends.max = 8 (default)
2024-02-06 10:05:01,991 [26d06f5e-593d-478d-80a2-0fa092cabf84@group-38BCDD253F99-LeaderElection82] INFO  server.RaftServerConfigKeys (ConfUtils.java:logGet(46)) - raft.server.rpc.request.timeout = 3000ms (default)
2024-02-06 10:05:01,991 [26d06f5e-593d-478d-80a2-0fa092cabf84@group-38BCDD253F99-LeaderElection82] INFO  grpc.GrpcConfigKeys (ConfUtils.java:logGet(46)) - raft.grpc.server.install_snapshot.request.element-limit = 8 (default)
2024-02-06 10:05:01,991 [26d06f5e-593d-478d-80a2-0fa092cabf84@group-38BCDD253F99-LeaderElection82] INFO  grpc.GrpcConfigKeys (ConfUtils.java:logGet(46)) - raft.grpc.server.install_snapshot.request.timeout = 3000ms (default)
2024-02-06 10:05:01,991 [26d06f5e-593d-478d-80a2-0fa092cabf84@group-38BCDD253F99-LeaderElection82] INFO  grpc.GrpcConfigKeys (ConfUtils.java:logGet(46)) - raft.grpc.server.log-message.batch.duration = 5s (default)
2024-02-06 10:05:01,991 [26d06f5e-593d-478d-80a2-0fa092cabf84@group-38BCDD253F99-LeaderElection82] INFO  server.RaftServerConfigKeys (ConfUtils.java:logGet(46)) - raft.server.log.appender.install.snapshot.enabled = false (custom)
2024-02-06 10:05:01,991 [26d06f5e-593d-478d-80a2-0fa092cabf84@group-38BCDD253F99-LeaderElection82] INFO  grpc.GrpcConfigKeys (ConfUtils.java:logGet(46)) - raft.grpc.server.heartbeat.channel = true (default)
2024-02-06 10:05:01,991 [26d06f5e-593d-478d-80a2-0fa092cabf84@group-38BCDD253F99-LeaderElection82] INFO  impl.RoleInfo (RoleInfo.java:updateAndGet(139)) - 26d06f5e-593d-478d-80a2-0fa092cabf84: start 26d06f5e-593d-478d-80a2-0fa092cabf84@group-38BCDD253F99-LeaderStateImpl
2024-02-06 10:05:01,991 [26d06f5e-593d-478d-80a2-0fa092cabf84@group-38BCDD253F99-LeaderElection82] INFO  server.RaftServer$Division (RaftServerImpl.java:setFirstElection(574)) - 26d06f5e-593d-478d-80a2-0fa092cabf84@group-38BCDD253F99: set firstElectionSinceStartup to false for becomeLeader
2024-02-06 10:05:01,991 [26d06f5e-593d-478d-80a2-0fa092cabf84@group-38BCDD253F99-LeaderElection82] INFO  ratis.XceiverServerRatis (XceiverServerRatis.java:handleLeaderChangedNotification(966)) - Leader change notification received for group: group-38BCDD253F99 with new leaderId: 26d06f5e-593d-478d-80a2-0fa092cabf84
2024-02-06 10:05:01,991 [26d06f5e-593d-478d-80a2-0fa092cabf84@group-38BCDD253F99-LeaderElection82] INFO  server.RaftServer$Division (ServerState.java:setLeader(269)) - 26d06f5e-593d-478d-80a2-0fa092cabf84@group-38BCDD253F99: change Leader from null to 26d06f5e-593d-478d-80a2-0fa092cabf84 at term 1 for becomeLeader, leader elected after 5091ms
2024-02-06 10:05:01,991 [26d06f5e-593d-478d-80a2-0fa092cabf84@group-38BCDD253F99-LeaderElection82] INFO  segmented.SegmentedRaftLogWorker (SegmentedRaftLogWorker.java:startLogSegment(430)) - 26d06f5e-593d-478d-80a2-0fa092cabf84@group-38BCDD253F99-SegmentedRaftLogWorker: Starting segment from index:0
2024-02-06 10:05:01,992 [26d06f5e-593d-478d-80a2-0fa092cabf84@group-38BCDD253F99-SegmentedRaftLogWorker] INFO  segmented.BufferedWriteChannel (BufferedWriteChannel.java:open(62)) - open log_inprogress_0 at position 0
2024-02-06 10:05:01,992 [EventQueue-PipelineReportForPipelineReportHandler] INFO  pipeline.PipelineReportHandler (PipelineReportHandler.java:processPipelineReport(136)) - Opened pipeline PipelineID=b4aee8a7-e9fd-4d25-b8f5-38bcdd253f99
2024-02-06 10:05:01,992 [EventQueue-OpenPipelineForHealthyPipelineSafeModeRule] INFO  safemode.SCMSafeModeManager (HealthyPipelineSafeModeRule.java:process(140)) - SCM in safe mode. Healthy pipelines reported count is 0, required healthy pipeline reported count is 1
2024-02-06 10:05:01,992 [EventQueue-OpenPipelineForHealthyPipelineSafeModeRule] INFO  safemode.SCMSafeModeManager (HealthyPipelineSafeModeRule.java:process(140)) - SCM in safe mode. Healthy pipelines reported count is 1, required healthy pipeline reported count is 1
2024-02-06 10:05:01,992 [EventQueue-OpenPipelineForHealthyPipelineSafeModeRule] INFO  safemode.SCMSafeModeManager (SCMSafeModeManager.java:validateSafeModeExitRules(200)) - HealthyPipelineSafeModeRule rule is successfully validated
2024-02-06 10:05:01,992 [EventQueue-OpenPipelineForHealthyPipelineSafeModeRule] INFO  safemode.SCMSafeModeManager (SCMSafeModeManager.java:validateSafeModeExitRules(215)) - ScmSafeModeManager, all rules are successfully validated
2024-02-06 10:05:01,993 [EventQueue-OpenPipelineForHealthyPipelineSafeModeRule] INFO  safemode.SCMSafeModeManager (SCMSafeModeManager.java:exitSafeMode(244)) - SCM exiting safe mode.
2024-02-06 10:05:01,993 [EventQueue-OpenPipelineForHealthyPipelineSafeModeRule] INFO  ha.SCMContext (SCMContext.java:updateSafeModeStatus(225)) - Update SafeModeStatus from SafeModeStatus{safeModeStatus=true, preCheckPassed=true} to SafeModeStatus{safeModeStatus=false, preCheckPassed=true}.
2024-02-06 10:05:01,993 [EventQueue-OpenPipelineForHealthyPipelineSafeModeRule] INFO  pipeline.BackgroundPipelineCreator (BackgroundPipelineCreator.java:notifyStatusChanged(258)) - Service BackgroundPipelineCreator transitions to RUNNING.
2024-02-06 10:05:01,993 [EventQueue-OpenPipelineForHealthyPipelineSafeModeRule] INFO  BackgroundPipelineScrubber (BackgroundSCMService.java:notifyStatusChanged(79)) - Service BackgroundPipelineScrubber transitions to RUNNING.
2024-02-06 10:05:01,993 [EventQueue-OpenPipelineForHealthyPipelineSafeModeRule] INFO  ExpiredContainerReplicaOpScrubber (BackgroundSCMService.java:notifyStatusChanged(79)) - Service ExpiredContainerReplicaOpScrubber transitions to RUNNING.
2024-02-06 10:05:01,993 [EventQueue-OpenPipelineForHealthyPipelineSafeModeRule] INFO  block.SCMBlockDeletingService (SCMBlockDeletingService.java:notifyStatusChanged(247)) - notifyStatusChanged:RUNNING
2024-02-06 10:05:01,993 [EventQueue-OpenPipelineForHealthyPipelineSafeModeRule] INFO  replication.ReplicationManager (ReplicationManager.java:notifyStatusChanged(1402)) - Service ReplicationManager transitions to RUNNING.
2024-02-06 10:05:01,993 [EventQueue-OpenPipelineForHealthyPipelineSafeModeRule] WARN  balancer.ContainerBalancer (ContainerBalancer.java:shouldRun(134)) - Could not find persisted configuration for ContainerBalancer when checking if ContainerBalancer should run. ContainerBalancer should not run now.
2024-02-06 10:05:01,994 [26d06f5e-593d-478d-80a2-0fa092cabf84@group-38BCDD253F99-LeaderElection82] INFO  server.RaftServer$Division (ServerState.java:setRaftConf(386)) - 26d06f5e-593d-478d-80a2-0fa092cabf84@group-38BCDD253F99: set configuration 0: peers:[79c56b25-6309-4552-ab3a-12e132dee763|10.1.0.5:15468, 20dab95a-c478-4766-b72c-beb84f06bee2|10.1.0.5:15477, 26d06f5e-593d-478d-80a2-0fa092cabf84|10.1.0.5:15459]|listeners:[], old=null
2024-02-06 10:05:01,995 [79c56b25-6309-4552-ab3a-12e132dee763@group-820285DD5522-LeaderElection83] INFO  impl.LeaderElection (LeaderElection.java:askForVotes(321)) - 79c56b25-6309-4552-ab3a-12e132dee763@group-820285DD5522-LeaderElection83 ELECTION round 0: submit vote requests at term 1 for -1: peers:[79c56b25-6309-4552-ab3a-12e132dee763|10.1.0.5:15468]|listeners:[], old=null
2024-02-06 10:05:01,995 [79c56b25-6309-4552-ab3a-12e132dee763@group-820285DD5522-LeaderElection83] INFO  impl.LeaderElection (LeaderElection.java:askForVotes(323)) - 79c56b25-6309-4552-ab3a-12e132dee763@group-820285DD5522-LeaderElection83 ELECTION round 0: result PASSED (term=1)
2024-02-06 10:05:01,996 [79c56b25-6309-4552-ab3a-12e132dee763@group-820285DD5522-LeaderElection83] INFO  impl.RoleInfo (RoleInfo.java:shutdownLeaderElection(130)) - 79c56b25-6309-4552-ab3a-12e132dee763: shutdown 79c56b25-6309-4552-ab3a-12e132dee763@group-820285DD5522-LeaderElection83
2024-02-06 10:05:01,996 [79c56b25-6309-4552-ab3a-12e132dee763@group-820285DD5522-LeaderElection83] INFO  server.RaftServer$Division (RaftServerImpl.java:setRole(383)) - 79c56b25-6309-4552-ab3a-12e132dee763@group-820285DD5522: changes role from CANDIDATE to LEADER at term 1 for changeToLeader
2024-02-06 10:05:01,996 [79c56b25-6309-4552-ab3a-12e132dee763@group-820285DD5522-LeaderElection83] INFO  server.RaftServerConfigKeys (ConfUtils.java:logGet(46)) - raft.server.staging.catchup.gap = 1000 (default)
2024-02-06 10:05:01,996 [79c56b25-6309-4552-ab3a-12e132dee763@group-820285DD5522-LeaderElection83] INFO  server.RaftServerConfigKeys (ConfUtils.java:logGet(46)) - raft.server.write.element-limit = 1024 (custom)
2024-02-06 10:05:01,996 [79c56b25-6309-4552-ab3a-12e132dee763@group-820285DD5522-LeaderElection83] INFO  server.RaftServerConfigKeys (ConfUtils.java:logGet(46)) - raft.server.write.byte-limit = 1024 M (=1073741824) (custom)
2024-02-06 10:05:01,996 [79c56b25-6309-4552-ab3a-12e132dee763@group-820285DD5522-LeaderElection83] INFO  server.RaftServerConfigKeys (ConfUtils.java:logGet(46)) - raft.server.watch.timeout = 3000ms (custom)
2024-02-06 10:05:01,996 [79c56b25-6309-4552-ab3a-12e132dee763@group-820285DD5522-LeaderElection83] INFO  server.RaftServerConfigKeys (ConfUtils.java:logGet(46)) - raft.server.watch.timeout.denomination = 1s (default)
2024-02-06 10:05:01,996 [79c56b25-6309-4552-ab3a-12e132dee763@group-820285DD5522-LeaderElection83] INFO  server.RaftServerConfigKeys (ConfUtils.java:logGet(46)) - raft.server.watch.element-limit = 65536 (default)
2024-02-06 10:05:01,996 [79c56b25-6309-4552-ab3a-12e132dee763@group-820285DD5522-LeaderElection83] INFO  server.RaftServerConfigKeys (ConfUtils.java:logGet(46)) - raft.server.read.leader.lease.enabled = false (default)
2024-02-06 10:05:01,996 [79c56b25-6309-4552-ab3a-12e132dee763@group-820285DD5522-LeaderElection83] INFO  server.RaftServerConfigKeys (ConfUtils.java:logGet(46)) - raft.server.read.leader.lease.timeout.ratio = 0.9 (default)
2024-02-06 10:05:01,996 [79c56b25-6309-4552-ab3a-12e132dee763@group-820285DD5522-LeaderElection83] INFO  server.RaftServerConfigKeys (ConfUtils.java:logGet(46)) - raft.server.rpc.timeout.min = 5s (custom)
2024-02-06 10:05:01,996 [79c56b25-6309-4552-ab3a-12e132dee763@group-820285DD5522-LeaderElection83] INFO  server.RaftServerConfigKeys (ConfUtils.java:logGet(46)) - raft.server.write.element-limit = 1024 (custom)
2024-02-06 10:05:01,996 [79c56b25-6309-4552-ab3a-12e132dee763@group-820285DD5522-LeaderElection83] INFO  server.RaftServerConfigKeys (ConfUtils.java:logGet(46)) - raft.server.write.follower.gap.ratio.max = -1.0 (default)
2024-02-06 10:05:01,997 [79c56b25-6309-4552-ab3a-12e132dee763@group-820285DD5522-LeaderElection83] INFO  impl.RoleInfo (RoleInfo.java:updateAndGet(139)) - 79c56b25-6309-4552-ab3a-12e132dee763: start 79c56b25-6309-4552-ab3a-12e132dee763@group-820285DD5522-LeaderStateImpl
2024-02-06 10:05:01,997 [79c56b25-6309-4552-ab3a-12e132dee763@group-820285DD5522-LeaderElection83] INFO  server.RaftServer$Division (RaftServerImpl.java:setFirstElection(574)) - 79c56b25-6309-4552-ab3a-12e132dee763@group-820285DD5522: set firstElectionSinceStartup to false for becomeLeader
2024-02-06 10:05:01,997 [79c56b25-6309-4552-ab3a-12e132dee763@group-820285DD5522-LeaderElection83] INFO  ratis.XceiverServerRatis (XceiverServerRatis.java:handleLeaderChangedNotification(966)) - Leader change notification received for group: group-820285DD5522 with new leaderId: 79c56b25-6309-4552-ab3a-12e132dee763
2024-02-06 10:05:01,997 [79c56b25-6309-4552-ab3a-12e132dee763@group-820285DD5522-LeaderElection83] INFO  server.RaftServer$Division (ServerState.java:setLeader(269)) - 79c56b25-6309-4552-ab3a-12e132dee763@group-820285DD5522: change Leader from null to 79c56b25-6309-4552-ab3a-12e132dee763 at term 1 for becomeLeader, leader elected after 5026ms
2024-02-06 10:05:01,997 [79c56b25-6309-4552-ab3a-12e132dee763@group-820285DD5522-LeaderElection83] INFO  segmented.SegmentedRaftLogWorker (SegmentedRaftLogWorker.java:startLogSegment(430)) - 79c56b25-6309-4552-ab3a-12e132dee763@group-820285DD5522-SegmentedRaftLogWorker: Starting segment from index:0
2024-02-06 10:05:01,997 [79c56b25-6309-4552-ab3a-12e132dee763@group-820285DD5522-SegmentedRaftLogWorker] INFO  segmented.BufferedWriteChannel (BufferedWriteChannel.java:open(62)) - open log_inprogress_0 at position 0
2024-02-06 10:05:01,999 [79c56b25-6309-4552-ab3a-12e132dee763@group-820285DD5522-LeaderElection83] INFO  server.RaftServer$Division (ServerState.java:setRaftConf(386)) - 79c56b25-6309-4552-ab3a-12e132dee763@group-820285DD5522: set configuration 0: peers:[79c56b25-6309-4552-ab3a-12e132dee763|10.1.0.5:15468]|listeners:[], old=null
2024-02-06 10:05:02,000 [20dab95a-c478-4766-b72c-beb84f06bee2-server-thread1] INFO  ratis.XceiverServerRatis (XceiverServerRatis.java:handleLeaderChangedNotification(966)) - Leader change notification received for group: group-38BCDD253F99 with new leaderId: 26d06f5e-593d-478d-80a2-0fa092cabf84
2024-02-06 10:05:02,002 [20dab95a-c478-4766-b72c-beb84f06bee2-server-thread1] INFO  server.RaftServer$Division (ServerState.java:setLeader(269)) - 20dab95a-c478-4766-b72c-beb84f06bee2@group-38BCDD253F99: change Leader from null to 26d06f5e-593d-478d-80a2-0fa092cabf84 at term 1 for appendEntries, leader elected after 5078ms
2024-02-06 10:05:02,000 [79c56b25-6309-4552-ab3a-12e132dee763-server-thread1] INFO  ratis.XceiverServerRatis (XceiverServerRatis.java:handleLeaderChangedNotification(966)) - Leader change notification received for group: group-38BCDD253F99 with new leaderId: 26d06f5e-593d-478d-80a2-0fa092cabf84
2024-02-06 10:05:02,002 [79c56b25-6309-4552-ab3a-12e132dee763-server-thread1] INFO  server.RaftServer$Division (ServerState.java:setLeader(269)) - 79c56b25-6309-4552-ab3a-12e132dee763@group-38BCDD253F99: change Leader from null to 26d06f5e-593d-478d-80a2-0fa092cabf84 at term 1 for appendEntries, leader elected after 5057ms
2024-02-06 10:05:01,999 [26d06f5e-593d-478d-80a2-0fa092cabf84@group-38BCDD253F99-SegmentedRaftLogWorker] INFO  segmented.SegmentedRaftLogWorker (SegmentedRaftLogWorker.java:execute(634)) - 26d06f5e-593d-478d-80a2-0fa092cabf84@group-38BCDD253F99-SegmentedRaftLogWorker: created new log segment /home/runner/work/ozone/ozone/hadoop-ozone/integration-test/target/test-dir/MiniOzoneClusterImpl-5d1c2165-a83d-4eb5-a2bf-ae35b2f22424/datanode-0/data/ratis/b4aee8a7-e9fd-4d25-b8f5-38bcdd253f99/current/log_inprogress_0
2024-02-06 10:05:02,003 [79c56b25-6309-4552-ab3a-12e132dee763-server-thread2] INFO  server.RaftServer$Division (ServerState.java:setRaftConf(386)) - 79c56b25-6309-4552-ab3a-12e132dee763@group-38BCDD253F99: set configuration 0: peers:[79c56b25-6309-4552-ab3a-12e132dee763|10.1.0.5:15468, 20dab95a-c478-4766-b72c-beb84f06bee2|10.1.0.5:15477, 26d06f5e-593d-478d-80a2-0fa092cabf84|10.1.0.5:15459]|listeners:[], old=null
2024-02-06 10:05:02,003 [79c56b25-6309-4552-ab3a-12e132dee763-server-thread2] INFO  segmented.SegmentedRaftLogWorker (SegmentedRaftLogWorker.java:startLogSegment(430)) - 79c56b25-6309-4552-ab3a-12e132dee763@group-38BCDD253F99-SegmentedRaftLogWorker: Starting segment from index:0
2024-02-06 10:05:02,003 [79c56b25-6309-4552-ab3a-12e132dee763@group-38BCDD253F99-SegmentedRaftLogWorker] INFO  segmented.BufferedWriteChannel (BufferedWriteChannel.java:open(62)) - open log_inprogress_0 at position 0
2024-02-06 10:05:02,003 [20dab95a-c478-4766-b72c-beb84f06bee2-server-thread3] INFO  server.RaftServer$Division (ServerState.java:setRaftConf(386)) - 20dab95a-c478-4766-b72c-beb84f06bee2@group-38BCDD253F99: set configuration 0: peers:[79c56b25-6309-4552-ab3a-12e132dee763|10.1.0.5:15468, 20dab95a-c478-4766-b72c-beb84f06bee2|10.1.0.5:15477, 26d06f5e-593d-478d-80a2-0fa092cabf84|10.1.0.5:15459]|listeners:[], old=null
2024-02-06 10:05:02,003 [20dab95a-c478-4766-b72c-beb84f06bee2-server-thread3] INFO  segmented.SegmentedRaftLogWorker (SegmentedRaftLogWorker.java:startLogSegment(430)) - 20dab95a-c478-4766-b72c-beb84f06bee2@group-38BCDD253F99-SegmentedRaftLogWorker: Starting segment from index:0
2024-02-06 10:05:02,008 [79c56b25-6309-4552-ab3a-12e132dee763@group-820285DD5522-SegmentedRaftLogWorker] INFO  segmented.SegmentedRaftLogWorker (SegmentedRaftLogWorker.java:execute(634)) - 79c56b25-6309-4552-ab3a-12e132dee763@group-820285DD5522-SegmentedRaftLogWorker: created new log segment /home/runner/work/ozone/ozone/hadoop-ozone/integration-test/target/test-dir/MiniOzoneClusterImpl-5d1c2165-a83d-4eb5-a2bf-ae35b2f22424/datanode-1/data/ratis/b4f3ea2a-291e-4eca-9b89-820285dd5522/current/log_inprogress_0
2024-02-06 10:05:02,008 [20dab95a-c478-4766-b72c-beb84f06bee2@group-38BCDD253F99-SegmentedRaftLogWorker] INFO  segmented.BufferedWriteChannel (BufferedWriteChannel.java:open(62)) - open log_inprogress_0 at position 0
2024-02-06 10:05:02,010 [79c56b25-6309-4552-ab3a-12e132dee763@group-38BCDD253F99-SegmentedRaftLogWorker] INFO  segmented.SegmentedRaftLogWorker (SegmentedRaftLogWorker.java:execute(634)) - 79c56b25-6309-4552-ab3a-12e132dee763@group-38BCDD253F99-SegmentedRaftLogWorker: created new log segment /home/runner/work/ozone/ozone/hadoop-ozone/integration-test/target/test-dir/MiniOzoneClusterImpl-5d1c2165-a83d-4eb5-a2bf-ae35b2f22424/datanode-1/data/ratis/b4aee8a7-e9fd-4d25-b8f5-38bcdd253f99/current/log_inprogress_0
2024-02-06 10:05:02,011 [79c56b25-6309-4552-ab3a-12e132dee763@group-820285DD5522-StateMachineUpdater] INFO  server.RaftServer$Division (LeaderStateImpl.java:isApplied(320)) - leader is ready since appliedIndex == 0 >= startIndex == 0
2024-02-06 10:05:02,017 [26d06f5e-593d-478d-80a2-0fa092cabf84@group-38BCDD253F99-StateMachineUpdater] INFO  server.RaftServer$Division (LeaderStateImpl.java:isApplied(320)) - leader is ready since appliedIndex == 0 >= startIndex == 0
2024-02-06 10:05:02,017 [20dab95a-c478-4766-b72c-beb84f06bee2@group-38BCDD253F99-SegmentedRaftLogWorker] INFO  segmented.SegmentedRaftLogWorker (SegmentedRaftLogWorker.java:execute(634)) - 20dab95a-c478-4766-b72c-beb84f06bee2@group-38BCDD253F99-SegmentedRaftLogWorker: created new log segment /home/runner/work/ozone/ozone/hadoop-ozone/integration-test/target/test-dir/MiniOzoneClusterImpl-5d1c2165-a83d-4eb5-a2bf-ae35b2f22424/datanode-2/data/ratis/b4aee8a7-e9fd-4d25-b8f5-38bcdd253f99/current/log_inprogress_0
2024-02-06 10:05:02,225 [c6296721-c547-473a-9a19-ee5b14f2eab7@group-2E3400AD0710-FollowerState] INFO  impl.FollowerState (FollowerState.java:run(143)) - c6296721-c547-473a-9a19-ee5b14f2eab7@group-2E3400AD0710-FollowerState: change to CANDIDATE, lastRpcElapsedTime:5058427351ns, electionTimeout:5058ms
2024-02-06 10:05:02,225 [c6296721-c547-473a-9a19-ee5b14f2eab7@group-2E3400AD0710-FollowerState] INFO  impl.RoleInfo (RoleInfo.java:shutdownFollowerState(110)) - c6296721-c547-473a-9a19-ee5b14f2eab7: shutdown c6296721-c547-473a-9a19-ee5b14f2eab7@group-2E3400AD0710-FollowerState
2024-02-06 10:05:02,225 [c6296721-c547-473a-9a19-ee5b14f2eab7@group-2E3400AD0710-FollowerState] INFO  server.RaftServer$Division (RaftServerImpl.java:setRole(383)) - c6296721-c547-473a-9a19-ee5b14f2eab7@group-2E3400AD0710: changes role from  FOLLOWER to CANDIDATE at term 0 for changeToCandidate
2024-02-06 10:05:02,226 [c6296721-c547-473a-9a19-ee5b14f2eab7@group-2E3400AD0710-FollowerState] INFO  server.RaftServerConfigKeys (ConfUtils.java:logGet(46)) - raft.server.leaderelection.pre-vote = true (default)
2024-02-06 10:05:02,226 [c6296721-c547-473a-9a19-ee5b14f2eab7@group-2E3400AD0710-FollowerState] INFO  impl.RoleInfo (RoleInfo.java:updateAndGet(139)) - c6296721-c547-473a-9a19-ee5b14f2eab7: start c6296721-c547-473a-9a19-ee5b14f2eab7@group-2E3400AD0710-LeaderElection84
2024-02-06 10:05:02,227 [c6296721-c547-473a-9a19-ee5b14f2eab7@group-2E3400AD0710-LeaderElection84] INFO  impl.LeaderElection (LeaderElection.java:askForVotes(321)) - c6296721-c547-473a-9a19-ee5b14f2eab7@group-2E3400AD0710-LeaderElection84 PRE_VOTE round 0: submit vote requests at term 0 for -1: peers:[d1d50a62-ae00-4aa1-bd49-1c13d08c4e54|10.1.0.5:15504, 3668fcd7-5f50-4258-afea-ecf4a9b92dd6|10.1.0.5:15495, c6296721-c547-473a-9a19-ee5b14f2eab7|10.1.0.5:15486]|listeners:[], old=null
2024-02-06 10:05:02,227 [c6296721-c547-473a-9a19-ee5b14f2eab7@group-2E3400AD0710-LeaderElection84-1] INFO  server.GrpcServerProtocolClient (GrpcServerProtocolClient.java:<init>(65)) - Build channel for d1d50a62-ae00-4aa1-bd49-1c13d08c4e54|10.1.0.5:15504
2024-02-06 10:05:02,227 [c6296721-c547-473a-9a19-ee5b14f2eab7@group-2E3400AD0710-LeaderElection84-2] INFO  server.GrpcServerProtocolClient (GrpcServerProtocolClient.java:<init>(65)) - Build channel for 3668fcd7-5f50-4258-afea-ecf4a9b92dd6|10.1.0.5:15495
2024-02-06 10:05:02,227 [c6296721-c547-473a-9a19-ee5b14f2eab7@group-2E3400AD0710-LeaderElection84] INFO  server.RaftServerConfigKeys (ConfUtils.java:logFallback(53)) - raft.server.rpc.first-election.timeout.min = 5s (fallback to raft.server.rpc.timeout.min)
2024-02-06 10:05:02,228 [c6296721-c547-473a-9a19-ee5b14f2eab7@group-2E3400AD0710-LeaderElection84] INFO  server.RaftServerConfigKeys (ConfUtils.java:logFallback(53)) - raft.server.rpc.first-election.timeout.max = 5200ms (fallback to raft.server.rpc.timeout.max)
2024-02-06 10:05:02,231 [grpc-default-executor-4] INFO  server.RaftServer$Division (RaftServerImpl.java:requestVote(1389)) - d1d50a62-ae00-4aa1-bd49-1c13d08c4e54@group-2E3400AD0710: receive requestVote(PRE_VOTE, c6296721-c547-473a-9a19-ee5b14f2eab7, group-2E3400AD0710, 0, (t:0, i:0))
2024-02-06 10:05:02,231 [grpc-default-executor-4] INFO  impl.VoteContext (VoteContext.java:log(49)) - d1d50a62-ae00-4aa1-bd49-1c13d08c4e54@group-2E3400AD0710-FOLLOWER: accept PRE_VOTE from c6296721-c547-473a-9a19-ee5b14f2eab7: our priority 0 <= candidate's priority 1
2024-02-06 10:05:02,231 [grpc-default-executor-4] INFO  server.RaftServer$Division (RaftServerImpl.java:requestVote(1422)) - d1d50a62-ae00-4aa1-bd49-1c13d08c4e54@group-2E3400AD0710 replies to PRE_VOTE vote request: c6296721-c547-473a-9a19-ee5b14f2eab7<-d1d50a62-ae00-4aa1-bd49-1c13d08c4e54#0:OK-t0. Peer's state: d1d50a62-ae00-4aa1-bd49-1c13d08c4e54@group-2E3400AD0710:t0, leader=null, voted=, raftlog=Memoized:d1d50a62-ae00-4aa1-bd49-1c13d08c4e54@group-2E3400AD0710-SegmentedRaftLog:OPENED:c-1, conf=-1: peers:[d1d50a62-ae00-4aa1-bd49-1c13d08c4e54|10.1.0.5:15504, 3668fcd7-5f50-4258-afea-ecf4a9b92dd6|10.1.0.5:15495, c6296721-c547-473a-9a19-ee5b14f2eab7|10.1.0.5:15486]|listeners:[], old=null
2024-02-06 10:05:02,232 [grpc-default-executor-4] INFO  server.RaftServer$Division (RaftServerImpl.java:requestVote(1389)) - 3668fcd7-5f50-4258-afea-ecf4a9b92dd6@group-2E3400AD0710: receive requestVote(PRE_VOTE, c6296721-c547-473a-9a19-ee5b14f2eab7, group-2E3400AD0710, 0, (t:0, i:0))
2024-02-06 10:05:02,232 [grpc-default-executor-4] INFO  impl.VoteContext (VoteContext.java:log(49)) - 3668fcd7-5f50-4258-afea-ecf4a9b92dd6@group-2E3400AD0710-FOLLOWER: accept PRE_VOTE from c6296721-c547-473a-9a19-ee5b14f2eab7: our priority 0 <= candidate's priority 1
2024-02-06 10:05:02,232 [grpc-default-executor-4] INFO  server.RaftServer$Division (RaftServerImpl.java:requestVote(1422)) - 3668fcd7-5f50-4258-afea-ecf4a9b92dd6@group-2E3400AD0710 replies to PRE_VOTE vote request: c6296721-c547-473a-9a19-ee5b14f2eab7<-3668fcd7-5f50-4258-afea-ecf4a9b92dd6#0:OK-t0. Peer's state: 3668fcd7-5f50-4258-afea-ecf4a9b92dd6@group-2E3400AD0710:t0, leader=null, voted=, raftlog=Memoized:3668fcd7-5f50-4258-afea-ecf4a9b92dd6@group-2E3400AD0710-SegmentedRaftLog:OPENED:c-1, conf=-1: peers:[d1d50a62-ae00-4aa1-bd49-1c13d08c4e54|10.1.0.5:15504, 3668fcd7-5f50-4258-afea-ecf4a9b92dd6|10.1.0.5:15495, c6296721-c547-473a-9a19-ee5b14f2eab7|10.1.0.5:15486]|listeners:[], old=null
2024-02-06 10:05:02,232 [c6296721-c547-473a-9a19-ee5b14f2eab7@group-2E3400AD0710-LeaderElection84] INFO  impl.LeaderElection (LeaderElection.java:logAndReturn(89)) - c6296721-c547-473a-9a19-ee5b14f2eab7@group-2E3400AD0710-LeaderElection84: PRE_VOTE PASSED received 1 response(s) and 0 exception(s):
2024-02-06 10:05:02,232 [c6296721-c547-473a-9a19-ee5b14f2eab7@group-2E3400AD0710-LeaderElection84] INFO  impl.LeaderElection (LeaderElection.java:logAndReturn(93)) -   Response 0: c6296721-c547-473a-9a19-ee5b14f2eab7<-d1d50a62-ae00-4aa1-bd49-1c13d08c4e54#0:OK-t0
2024-02-06 10:05:02,232 [c6296721-c547-473a-9a19-ee5b14f2eab7@group-2E3400AD0710-LeaderElection84] INFO  impl.LeaderElection (LeaderElection.java:askForVotes(323)) - c6296721-c547-473a-9a19-ee5b14f2eab7@group-2E3400AD0710-LeaderElection84 PRE_VOTE round 0: result PASSED
2024-02-06 10:05:02,233 [c6296721-c547-473a-9a19-ee5b14f2eab7@group-2E3400AD0710-LeaderElection84] INFO  impl.LeaderElection (LeaderElection.java:askForVotes(321)) - c6296721-c547-473a-9a19-ee5b14f2eab7@group-2E3400AD0710-LeaderElection84 ELECTION round 0: submit vote requests at term 1 for -1: peers:[d1d50a62-ae00-4aa1-bd49-1c13d08c4e54|10.1.0.5:15504, 3668fcd7-5f50-4258-afea-ecf4a9b92dd6|10.1.0.5:15495, c6296721-c547-473a-9a19-ee5b14f2eab7|10.1.0.5:15486]|listeners:[], old=null
2024-02-06 10:05:02,234 [c6296721-c547-473a-9a19-ee5b14f2eab7@group-2E3400AD0710-LeaderElection84] INFO  server.RaftServerConfigKeys (ConfUtils.java:logFallback(53)) - raft.server.rpc.first-election.timeout.min = 5s (fallback to raft.server.rpc.timeout.min)
2024-02-06 10:05:02,234 [c6296721-c547-473a-9a19-ee5b14f2eab7@group-2E3400AD0710-LeaderElection84] INFO  server.RaftServerConfigKeys (ConfUtils.java:logFallback(53)) - raft.server.rpc.first-election.timeout.max = 5200ms (fallback to raft.server.rpc.timeout.max)
2024-02-06 10:05:02,234 [grpc-default-executor-4] INFO  server.RaftServer$Division (RaftServerImpl.java:requestVote(1389)) - d1d50a62-ae00-4aa1-bd49-1c13d08c4e54@group-2E3400AD0710: receive requestVote(ELECTION, c6296721-c547-473a-9a19-ee5b14f2eab7, group-2E3400AD0710, 1, (t:0, i:0))
2024-02-06 10:05:02,234 [grpc-default-executor-4] INFO  impl.VoteContext (VoteContext.java:log(49)) - d1d50a62-ae00-4aa1-bd49-1c13d08c4e54@group-2E3400AD0710-FOLLOWER: accept ELECTION from c6296721-c547-473a-9a19-ee5b14f2eab7: our priority 0 <= candidate's priority 1
2024-02-06 10:05:02,234 [grpc-default-executor-4] INFO  server.RaftServer$Division (RaftServerImpl.java:setRole(383)) - d1d50a62-ae00-4aa1-bd49-1c13d08c4e54@group-2E3400AD0710: changes role from  FOLLOWER to FOLLOWER at term 1 for candidate:c6296721-c547-473a-9a19-ee5b14f2eab7
2024-02-06 10:05:02,234 [grpc-default-executor-4] INFO  impl.RoleInfo (RoleInfo.java:shutdownFollowerState(110)) - d1d50a62-ae00-4aa1-bd49-1c13d08c4e54: shutdown d1d50a62-ae00-4aa1-bd49-1c13d08c4e54@group-2E3400AD0710-FollowerState
2024-02-06 10:05:02,235 [grpc-default-executor-4] INFO  impl.RoleInfo (RoleInfo.java:updateAndGet(139)) - d1d50a62-ae00-4aa1-bd49-1c13d08c4e54: start d1d50a62-ae00-4aa1-bd49-1c13d08c4e54@group-2E3400AD0710-FollowerState
2024-02-06 10:05:02,235 [d1d50a62-ae00-4aa1-bd49-1c13d08c4e54@group-2E3400AD0710-FollowerState] INFO  impl.FollowerState (FollowerState.java:run(152)) - d1d50a62-ae00-4aa1-bd49-1c13d08c4e54@group-2E3400AD0710-FollowerState was interrupted
2024-02-06 10:05:02,235 [grpc-default-executor-4] INFO  server.RaftServer$Division (RaftServerImpl.java:setFirstElection(574)) - d1d50a62-ae00-4aa1-bd49-1c13d08c4e54@group-2E3400AD0710: set firstElectionSinceStartup to false for candidate:c6296721-c547-473a-9a19-ee5b14f2eab7
2024-02-06 10:05:02,235 [grpc-default-executor-2] INFO  server.RaftServer$Division (RaftServerImpl.java:requestVote(1389)) - 3668fcd7-5f50-4258-afea-ecf4a9b92dd6@group-2E3400AD0710: receive requestVote(ELECTION, c6296721-c547-473a-9a19-ee5b14f2eab7, group-2E3400AD0710, 1, (t:0, i:0))
2024-02-06 10:05:02,236 [grpc-default-executor-2] INFO  impl.VoteContext (VoteContext.java:log(49)) - 3668fcd7-5f50-4258-afea-ecf4a9b92dd6@group-2E3400AD0710-FOLLOWER: accept ELECTION from c6296721-c547-473a-9a19-ee5b14f2eab7: our priority 0 <= candidate's priority 1
2024-02-06 10:05:02,236 [grpc-default-executor-2] INFO  server.RaftServer$Division (RaftServerImpl.java:setRole(383)) - 3668fcd7-5f50-4258-afea-ecf4a9b92dd6@group-2E3400AD0710: changes role from  FOLLOWER to FOLLOWER at term 1 for candidate:c6296721-c547-473a-9a19-ee5b14f2eab7
2024-02-06 10:05:02,236 [grpc-default-executor-2] INFO  impl.RoleInfo (RoleInfo.java:shutdownFollowerState(110)) - 3668fcd7-5f50-4258-afea-ecf4a9b92dd6: shutdown 3668fcd7-5f50-4258-afea-ecf4a9b92dd6@group-2E3400AD0710-FollowerState
2024-02-06 10:05:02,236 [grpc-default-executor-4] INFO  server.RaftServer$Division (RaftServerImpl.java:requestVote(1422)) - d1d50a62-ae00-4aa1-bd49-1c13d08c4e54@group-2E3400AD0710 replies to ELECTION vote request: c6296721-c547-473a-9a19-ee5b14f2eab7<-d1d50a62-ae00-4aa1-bd49-1c13d08c4e54#0:OK-t1. Peer's state: d1d50a62-ae00-4aa1-bd49-1c13d08c4e54@group-2E3400AD0710:t1, leader=null, voted=c6296721-c547-473a-9a19-ee5b14f2eab7, raftlog=Memoized:d1d50a62-ae00-4aa1-bd49-1c13d08c4e54@group-2E3400AD0710-SegmentedRaftLog:OPENED:c-1, conf=-1: peers:[d1d50a62-ae00-4aa1-bd49-1c13d08c4e54|10.1.0.5:15504, 3668fcd7-5f50-4258-afea-ecf4a9b92dd6|10.1.0.5:15495, c6296721-c547-473a-9a19-ee5b14f2eab7|10.1.0.5:15486]|listeners:[], old=null
2024-02-06 10:05:02,236 [grpc-default-executor-2] INFO  impl.RoleInfo (RoleInfo.java:updateAndGet(139)) - 3668fcd7-5f50-4258-afea-ecf4a9b92dd6: start 3668fcd7-5f50-4258-afea-ecf4a9b92dd6@group-2E3400AD0710-FollowerState
2024-02-06 10:05:02,236 [3668fcd7-5f50-4258-afea-ecf4a9b92dd6@group-2E3400AD0710-FollowerState] INFO  impl.FollowerState (FollowerState.java:run(152)) - 3668fcd7-5f50-4258-afea-ecf4a9b92dd6@group-2E3400AD0710-FollowerState was interrupted
2024-02-06 10:05:02,237 [grpc-default-executor-2] INFO  server.RaftServer$Division (RaftServerImpl.java:setFirstElection(574)) - 3668fcd7-5f50-4258-afea-ecf4a9b92dd6@group-2E3400AD0710: set firstElectionSinceStartup to false for candidate:c6296721-c547-473a-9a19-ee5b14f2eab7
2024-02-06 10:05:02,237 [c6296721-c547-473a-9a19-ee5b14f2eab7@group-2E3400AD0710-LeaderElection84] INFO  impl.LeaderElection (LeaderElection.java:logAndReturn(89)) - c6296721-c547-473a-9a19-ee5b14f2eab7@group-2E3400AD0710-LeaderElection84: ELECTION PASSED received 1 response(s) and 0 exception(s):
2024-02-06 10:05:02,237 [c6296721-c547-473a-9a19-ee5b14f2eab7@group-2E3400AD0710-LeaderElection84] INFO  impl.LeaderElection (LeaderElection.java:logAndReturn(93)) -   Response 0: c6296721-c547-473a-9a19-ee5b14f2eab7<-d1d50a62-ae00-4aa1-bd49-1c13d08c4e54#0:OK-t1
2024-02-06 10:05:02,237 [c6296721-c547-473a-9a19-ee5b14f2eab7@group-2E3400AD0710-LeaderElection84] INFO  impl.LeaderElection (LeaderElection.java:askForVotes(323)) - c6296721-c547-473a-9a19-ee5b14f2eab7@group-2E3400AD0710-LeaderElection84 ELECTION round 0: result PASSED
2024-02-06 10:05:02,237 [c6296721-c547-473a-9a19-ee5b14f2eab7@group-2E3400AD0710-LeaderElection84] INFO  impl.RoleInfo (RoleInfo.java:shutdownLeaderElection(130)) - c6296721-c547-473a-9a19-ee5b14f2eab7: shutdown c6296721-c547-473a-9a19-ee5b14f2eab7@group-2E3400AD0710-LeaderElection84
2024-02-06 10:05:02,237 [c6296721-c547-473a-9a19-ee5b14f2eab7@group-2E3400AD0710-LeaderElection84] INFO  server.RaftServer$Division (RaftServerImpl.java:setRole(383)) - c6296721-c547-473a-9a19-ee5b14f2eab7@group-2E3400AD0710: changes role from CANDIDATE to LEADER at term 1 for changeToLeader
2024-02-06 10:05:02,237 [c6296721-c547-473a-9a19-ee5b14f2eab7@group-2E3400AD0710-LeaderElection84] INFO  server.RaftServerConfigKeys (ConfUtils.java:logGet(46)) - raft.server.staging.catchup.gap = 1000 (default)
2024-02-06 10:05:02,237 [c6296721-c547-473a-9a19-ee5b14f2eab7@group-2E3400AD0710-LeaderElection84] INFO  server.RaftServerConfigKeys (ConfUtils.java:logGet(46)) - raft.server.write.element-limit = 1024 (custom)
2024-02-06 10:05:02,237 [c6296721-c547-473a-9a19-ee5b14f2eab7@group-2E3400AD0710-LeaderElection84] INFO  server.RaftServerConfigKeys (ConfUtils.java:logGet(46)) - raft.server.write.byte-limit = 1024 M (=1073741824) (custom)
2024-02-06 10:05:02,237 [c6296721-c547-473a-9a19-ee5b14f2eab7@group-2E3400AD0710-LeaderElection84] INFO  server.RaftServerConfigKeys (ConfUtils.java:logGet(46)) - raft.server.watch.timeout = 3000ms (custom)
2024-02-06 10:05:02,237 [c6296721-c547-473a-9a19-ee5b14f2eab7@group-2E3400AD0710-LeaderElection84] INFO  server.RaftServerConfigKeys (ConfUtils.java:logGet(46)) - raft.server.watch.timeout.denomination = 1s (default)
2024-02-06 10:05:02,237 [c6296721-c547-473a-9a19-ee5b14f2eab7@group-2E3400AD0710-LeaderElection84] INFO  server.RaftServerConfigKeys (ConfUtils.java:logGet(46)) - raft.server.watch.element-limit = 65536 (default)
2024-02-06 10:05:02,238 [c6296721-c547-473a-9a19-ee5b14f2eab7@group-2E3400AD0710-LeaderElection84] INFO  server.RaftServerConfigKeys (ConfUtils.java:logGet(46)) - raft.server.read.leader.lease.enabled = false (default)
2024-02-06 10:05:02,238 [c6296721-c547-473a-9a19-ee5b14f2eab7@group-2E3400AD0710-LeaderElection84] INFO  server.RaftServerConfigKeys (ConfUtils.java:logGet(46)) - raft.server.read.leader.lease.timeout.ratio = 0.9 (default)
2024-02-06 10:05:02,238 [c6296721-c547-473a-9a19-ee5b14f2eab7@group-2E3400AD0710-LeaderElection84] INFO  server.RaftServerConfigKeys (ConfUtils.java:logGet(46)) - raft.server.rpc.timeout.min = 5s (custom)
2024-02-06 10:05:02,238 [c6296721-c547-473a-9a19-ee5b14f2eab7@group-2E3400AD0710-LeaderElection84] INFO  server.RaftServerConfigKeys (ConfUtils.java:logGet(46)) - raft.server.write.element-limit = 1024 (custom)
2024-02-06 10:05:02,238 [c6296721-c547-473a-9a19-ee5b14f2eab7@group-2E3400AD0710-LeaderElection84] INFO  server.RaftServerConfigKeys (ConfUtils.java:logGet(46)) - raft.server.write.follower.gap.ratio.max = -1.0 (default)
2024-02-06 10:05:02,238 [grpc-default-executor-2] INFO  server.RaftServer$Division (RaftServerImpl.java:requestVote(1422)) - 3668fcd7-5f50-4258-afea-ecf4a9b92dd6@group-2E3400AD0710 replies to ELECTION vote request: c6296721-c547-473a-9a19-ee5b14f2eab7<-3668fcd7-5f50-4258-afea-ecf4a9b92dd6#0:OK-t1. Peer's state: 3668fcd7-5f50-4258-afea-ecf4a9b92dd6@group-2E3400AD0710:t1, leader=null, voted=c6296721-c547-473a-9a19-ee5b14f2eab7, raftlog=Memoized:3668fcd7-5f50-4258-afea-ecf4a9b92dd6@group-2E3400AD0710-SegmentedRaftLog:OPENED:c-1, conf=-1: peers:[d1d50a62-ae00-4aa1-bd49-1c13d08c4e54|10.1.0.5:15504, 3668fcd7-5f50-4258-afea-ecf4a9b92dd6|10.1.0.5:15495, c6296721-c547-473a-9a19-ee5b14f2eab7|10.1.0.5:15486]|listeners:[], old=null
2024-02-06 10:05:02,238 [c6296721-c547-473a-9a19-ee5b14f2eab7@group-2E3400AD0710-LeaderElection84] INFO  server.RaftServerConfigKeys (ConfUtils.java:logGet(46)) - raft.server.log.appender.snapshot.chunk.size.max = 16MB (=16777216) (default)
2024-02-06 10:05:02,238 [c6296721-c547-473a-9a19-ee5b14f2eab7@group-2E3400AD0710-LeaderElection84] INFO  server.RaftServerConfigKeys (ConfUtils.java:logGet(46)) - raft.server.log.appender.buffer.byte-limit = 8388608 (custom)
2024-02-06 10:05:02,238 [c6296721-c547-473a-9a19-ee5b14f2eab7@group-2E3400AD0710-LeaderElection84] INFO  server.RaftServerConfigKeys (ConfUtils.java:logGet(46)) - raft.server.log.appender.buffer.element-limit = 1 (custom)
2024-02-06 10:05:02,238 [c6296721-c547-473a-9a19-ee5b14f2eab7@group-2E3400AD0710-LeaderElection84] INFO  server.RaftServerConfigKeys (ConfUtils.java:logGet(46)) - raft.server.log.appender.wait-time.min = 0ms (custom)
2024-02-06 10:05:02,238 [c6296721-c547-473a-9a19-ee5b14f2eab7@group-2E3400AD0710-LeaderElection84] INFO  grpc.GrpcConfigKeys (ConfUtils.java:logGet(46)) - raft.grpc.server.leader.outstanding.appends.max = 8 (default)
2024-02-06 10:05:02,238 [c6296721-c547-473a-9a19-ee5b14f2eab7@group-2E3400AD0710-LeaderElection84] INFO  server.RaftServerConfigKeys (ConfUtils.java:logGet(46)) - raft.server.rpc.request.timeout = 3000ms (default)
2024-02-06 10:05:02,238 [c6296721-c547-473a-9a19-ee5b14f2eab7@group-2E3400AD0710-LeaderElection84] INFO  grpc.GrpcConfigKeys (ConfUtils.java:logGet(46)) - raft.grpc.server.install_snapshot.request.element-limit = 8 (default)
2024-02-06 10:05:02,239 [c6296721-c547-473a-9a19-ee5b14f2eab7@group-2E3400AD0710-LeaderElection84] INFO  grpc.GrpcConfigKeys (ConfUtils.java:logGet(46)) - raft.grpc.server.install_snapshot.request.timeout = 3000ms (default)
2024-02-06 10:05:02,239 [c6296721-c547-473a-9a19-ee5b14f2eab7@group-2E3400AD0710-LeaderElection84] INFO  grpc.GrpcConfigKeys (ConfUtils.java:logGet(46)) - raft.grpc.server.log-message.batch.duration = 5s (default)
2024-02-06 10:05:02,239 [c6296721-c547-473a-9a19-ee5b14f2eab7@group-2E3400AD0710-LeaderElection84] INFO  server.RaftServerConfigKeys (ConfUtils.java:logGet(46)) - raft.server.log.appender.install.snapshot.enabled = false (custom)
2024-02-06 10:05:02,239 [c6296721-c547-473a-9a19-ee5b14f2eab7@group-2E3400AD0710-LeaderElection84] INFO  grpc.GrpcConfigKeys (ConfUtils.java:logGet(46)) - raft.grpc.server.heartbeat.channel = true (default)
2024-02-06 10:05:02,239 [c6296721-c547-473a-9a19-ee5b14f2eab7@group-2E3400AD0710-LeaderElection84] INFO  server.RaftServerConfigKeys (ConfUtils.java:logGet(46)) - raft.server.log.appender.snapshot.chunk.size.max = 16MB (=16777216) (default)
2024-02-06 10:05:02,239 [c6296721-c547-473a-9a19-ee5b14f2eab7@group-2E3400AD0710-LeaderElection84] INFO  server.RaftServerConfigKeys (ConfUtils.java:logGet(46)) - raft.server.log.appender.buffer.byte-limit = 8388608 (custom)
2024-02-06 10:05:02,239 [c6296721-c547-473a-9a19-ee5b14f2eab7@group-2E3400AD0710-LeaderElection84] INFO  server.RaftServerConfigKeys (ConfUtils.java:logGet(46)) - raft.server.log.appender.buffer.element-limit = 1 (custom)
2024-02-06 10:05:02,239 [c6296721-c547-473a-9a19-ee5b14f2eab7@group-2E3400AD0710-LeaderElection84] INFO  server.RaftServerConfigKeys (ConfUtils.java:logGet(46)) - raft.server.log.appender.wait-time.min = 0ms (custom)
2024-02-06 10:05:02,239 [c6296721-c547-473a-9a19-ee5b14f2eab7@group-2E3400AD0710-LeaderElection84] INFO  grpc.GrpcConfigKeys (ConfUtils.java:logGet(46)) - raft.grpc.server.leader.outstanding.appends.max = 8 (default)
2024-02-06 10:05:02,239 [c6296721-c547-473a-9a19-ee5b14f2eab7@group-2E3400AD0710-LeaderElection84] INFO  server.RaftServerConfigKeys (ConfUtils.java:logGet(46)) - raft.server.rpc.request.timeout = 3000ms (default)
2024-02-06 10:05:02,239 [c6296721-c547-473a-9a19-ee5b14f2eab7@group-2E3400AD0710-LeaderElection84] INFO  grpc.GrpcConfigKeys (ConfUtils.java:logGet(46)) - raft.grpc.server.install_snapshot.request.element-limit = 8 (default)
2024-02-06 10:05:02,239 [c6296721-c547-473a-9a19-ee5b14f2eab7@group-2E3400AD0710-LeaderElection84] INFO  grpc.GrpcConfigKeys (ConfUtils.java:logGet(46)) - raft.grpc.server.install_snapshot.request.timeout = 3000ms (default)
2024-02-06 10:05:02,240 [c6296721-c547-473a-9a19-ee5b14f2eab7@group-2E3400AD0710-LeaderElection84] INFO  grpc.GrpcConfigKeys (ConfUtils.java:logGet(46)) - raft.grpc.server.log-message.batch.duration = 5s (default)
2024-02-06 10:05:02,240 [c6296721-c547-473a-9a19-ee5b14f2eab7@group-2E3400AD0710-LeaderElection84] INFO  server.RaftServerConfigKeys (ConfUtils.java:logGet(46)) - raft.server.log.appender.install.snapshot.enabled = false (custom)
2024-02-06 10:05:02,240 [c6296721-c547-473a-9a19-ee5b14f2eab7@group-2E3400AD0710-LeaderElection84] INFO  grpc.GrpcConfigKeys (ConfUtils.java:logGet(46)) - raft.grpc.server.heartbeat.channel = true (default)
2024-02-06 10:05:02,240 [c6296721-c547-473a-9a19-ee5b14f2eab7@group-2E3400AD0710-LeaderElection84] INFO  impl.RoleInfo (RoleInfo.java:updateAndGet(139)) - c6296721-c547-473a-9a19-ee5b14f2eab7: start c6296721-c547-473a-9a19-ee5b14f2eab7@group-2E3400AD0710-LeaderStateImpl
2024-02-06 10:05:02,240 [c6296721-c547-473a-9a19-ee5b14f2eab7@group-2E3400AD0710-LeaderElection84] INFO  server.RaftServer$Division (RaftServerImpl.java:setFirstElection(574)) - c6296721-c547-473a-9a19-ee5b14f2eab7@group-2E3400AD0710: set firstElectionSinceStartup to false for becomeLeader
2024-02-06 10:05:02,240 [c6296721-c547-473a-9a19-ee5b14f2eab7@group-2E3400AD0710-LeaderElection84] INFO  ratis.XceiverServerRatis (XceiverServerRatis.java:handleLeaderChangedNotification(966)) - Leader change notification received for group: group-2E3400AD0710 with new leaderId: c6296721-c547-473a-9a19-ee5b14f2eab7
2024-02-06 10:05:02,240 [c6296721-c547-473a-9a19-ee5b14f2eab7@group-2E3400AD0710-LeaderElection84] INFO  server.RaftServer$Division (ServerState.java:setLeader(269)) - c6296721-c547-473a-9a19-ee5b14f2eab7@group-2E3400AD0710: change Leader from null to c6296721-c547-473a-9a19-ee5b14f2eab7 at term 1 for becomeLeader, leader elected after 5083ms
2024-02-06 10:05:02,240 [c6296721-c547-473a-9a19-ee5b14f2eab7@group-2E3400AD0710-LeaderElection84] INFO  segmented.SegmentedRaftLogWorker (SegmentedRaftLogWorker.java:startLogSegment(430)) - c6296721-c547-473a-9a19-ee5b14f2eab7@group-2E3400AD0710-SegmentedRaftLogWorker: Starting segment from index:0
2024-02-06 10:05:02,240 [c6296721-c547-473a-9a19-ee5b14f2eab7@group-2E3400AD0710-LeaderElection84] INFO  server.RaftServer$Division (ServerState.java:setRaftConf(386)) - c6296721-c547-473a-9a19-ee5b14f2eab7@group-2E3400AD0710: set configuration 0: peers:[d1d50a62-ae00-4aa1-bd49-1c13d08c4e54|10.1.0.5:15504, 3668fcd7-5f50-4258-afea-ecf4a9b92dd6|10.1.0.5:15495, c6296721-c547-473a-9a19-ee5b14f2eab7|10.1.0.5:15486]|listeners:[], old=null
2024-02-06 10:05:02,242 [c6296721-c547-473a-9a19-ee5b14f2eab7@group-2E3400AD0710-SegmentedRaftLogWorker] INFO  segmented.BufferedWriteChannel (BufferedWriteChannel.java:open(62)) - open log_inprogress_0 at position 0
2024-02-06 10:05:02,245 [EventQueue-PipelineReportForPipelineReportHandler] INFO  pipeline.PipelineReportHandler (PipelineReportHandler.java:processPipelineReport(136)) - Opened pipeline PipelineID=9ed817c2-7c51-42bf-a569-2e3400ad0710
2024-02-06 10:05:02,249 [d1d50a62-ae00-4aa1-bd49-1c13d08c4e54-server-thread1] INFO  ratis.XceiverServerRatis (XceiverServerRatis.java:handleLeaderChangedNotification(966)) - Leader change notification received for group: group-2E3400AD0710 with new leaderId: c6296721-c547-473a-9a19-ee5b14f2eab7
2024-02-06 10:05:02,249 [d1d50a62-ae00-4aa1-bd49-1c13d08c4e54-server-thread1] INFO  server.RaftServer$Division (ServerState.java:setLeader(269)) - d1d50a62-ae00-4aa1-bd49-1c13d08c4e54@group-2E3400AD0710: change Leader from null to c6296721-c547-473a-9a19-ee5b14f2eab7 at term 1 for appendEntries, leader elected after 5057ms
2024-02-06 10:05:02,250 [d1d50a62-ae00-4aa1-bd49-1c13d08c4e54-server-thread2] INFO  server.RaftServer$Division (ServerState.java:setRaftConf(386)) - d1d50a62-ae00-4aa1-bd49-1c13d08c4e54@group-2E3400AD0710: set configuration 0: peers:[d1d50a62-ae00-4aa1-bd49-1c13d08c4e54|10.1.0.5:15504, 3668fcd7-5f50-4258-afea-ecf4a9b92dd6|10.1.0.5:15495, c6296721-c547-473a-9a19-ee5b14f2eab7|10.1.0.5:15486]|listeners:[], old=null
2024-02-06 10:05:02,251 [d1d50a62-ae00-4aa1-bd49-1c13d08c4e54-server-thread2] INFO  segmented.SegmentedRaftLogWorker (SegmentedRaftLogWorker.java:startLogSegment(430)) - d1d50a62-ae00-4aa1-bd49-1c13d08c4e54@group-2E3400AD0710-SegmentedRaftLogWorker: Starting segment from index:0
2024-02-06 10:05:02,251 [3668fcd7-5f50-4258-afea-ecf4a9b92dd6-server-thread1] INFO  ratis.XceiverServerRatis (XceiverServerRatis.java:handleLeaderChangedNotification(966)) - Leader change notification received for group: group-2E3400AD0710 with new leaderId: c6296721-c547-473a-9a19-ee5b14f2eab7
2024-02-06 10:05:02,251 [3668fcd7-5f50-4258-afea-ecf4a9b92dd6-server-thread1] INFO  server.RaftServer$Division (ServerState.java:setLeader(269)) - 3668fcd7-5f50-4258-afea-ecf4a9b92dd6@group-2E3400AD0710: change Leader from null to c6296721-c547-473a-9a19-ee5b14f2eab7 at term 1 for appendEntries, leader elected after 5077ms
2024-02-06 10:05:02,251 [d1d50a62-ae00-4aa1-bd49-1c13d08c4e54@group-2E3400AD0710-SegmentedRaftLogWorker] INFO  segmented.BufferedWriteChannel (BufferedWriteChannel.java:open(62)) - open log_inprogress_0 at position 0
2024-02-06 10:05:02,254 [3668fcd7-5f50-4258-afea-ecf4a9b92dd6-server-thread2] INFO  server.RaftServer$Division (ServerState.java:setRaftConf(386)) - 3668fcd7-5f50-4258-afea-ecf4a9b92dd6@group-2E3400AD0710: set configuration 0: peers:[d1d50a62-ae00-4aa1-bd49-1c13d08c4e54|10.1.0.5:15504, 3668fcd7-5f50-4258-afea-ecf4a9b92dd6|10.1.0.5:15495, c6296721-c547-473a-9a19-ee5b14f2eab7|10.1.0.5:15486]|listeners:[], old=null
2024-02-06 10:05:02,254 [3668fcd7-5f50-4258-afea-ecf4a9b92dd6-server-thread2] INFO  segmented.SegmentedRaftLogWorker (SegmentedRaftLogWorker.java:startLogSegment(430)) - 3668fcd7-5f50-4258-afea-ecf4a9b92dd6@group-2E3400AD0710-SegmentedRaftLogWorker: Starting segment from index:0
2024-02-06 10:05:02,255 [c6296721-c547-473a-9a19-ee5b14f2eab7@group-2E3400AD0710-SegmentedRaftLogWorker] INFO  segmented.SegmentedRaftLogWorker (SegmentedRaftLogWorker.java:execute(634)) - c6296721-c547-473a-9a19-ee5b14f2eab7@group-2E3400AD0710-SegmentedRaftLogWorker: created new log segment /home/runner/work/ozone/ozone/hadoop-ozone/integration-test/target/test-dir/MiniOzoneClusterImpl-5d1c2165-a83d-4eb5-a2bf-ae35b2f22424/datanode-3/data/ratis/9ed817c2-7c51-42bf-a569-2e3400ad0710/current/log_inprogress_0
2024-02-06 10:05:02,255 [3668fcd7-5f50-4258-afea-ecf4a9b92dd6@group-2E3400AD0710-SegmentedRaftLogWorker] INFO  segmented.BufferedWriteChannel (BufferedWriteChannel.java:open(62)) - open log_inprogress_0 at position 0
2024-02-06 10:05:02,259 [20dab95a-c478-4766-b72c-beb84f06bee2@group-B6B8FC41F9A2-FollowerState] INFO  impl.FollowerState (FollowerState.java:run(143)) - 20dab95a-c478-4766-b72c-beb84f06bee2@group-B6B8FC41F9A2-FollowerState: change to CANDIDATE, lastRpcElapsedTime:5191469456ns, electionTimeout:5191ms
2024-02-06 10:05:02,259 [20dab95a-c478-4766-b72c-beb84f06bee2@group-B6B8FC41F9A2-FollowerState] INFO  impl.RoleInfo (RoleInfo.java:shutdownFollowerState(110)) - 20dab95a-c478-4766-b72c-beb84f06bee2: shutdown 20dab95a-c478-4766-b72c-beb84f06bee2@group-B6B8FC41F9A2-FollowerState
2024-02-06 10:05:02,259 [20dab95a-c478-4766-b72c-beb84f06bee2@group-B6B8FC41F9A2-FollowerState] INFO  server.RaftServer$Division (RaftServerImpl.java:setRole(383)) - 20dab95a-c478-4766-b72c-beb84f06bee2@group-B6B8FC41F9A2: changes role from  FOLLOWER to CANDIDATE at term 0 for changeToCandidate
2024-02-06 10:05:02,259 [20dab95a-c478-4766-b72c-beb84f06bee2@group-B6B8FC41F9A2-FollowerState] INFO  server.RaftServerConfigKeys (ConfUtils.java:logGet(46)) - raft.server.leaderelection.pre-vote = true (default)
2024-02-06 10:05:02,259 [20dab95a-c478-4766-b72c-beb84f06bee2@group-B6B8FC41F9A2-FollowerState] INFO  impl.RoleInfo (RoleInfo.java:updateAndGet(139)) - 20dab95a-c478-4766-b72c-beb84f06bee2: start 20dab95a-c478-4766-b72c-beb84f06bee2@group-B6B8FC41F9A2-LeaderElection85
2024-02-06 10:05:02,260 [20dab95a-c478-4766-b72c-beb84f06bee2@group-B6B8FC41F9A2-LeaderElection85] INFO  impl.LeaderElection (LeaderElection.java:askForVotes(321)) - 20dab95a-c478-4766-b72c-beb84f06bee2@group-B6B8FC41F9A2-LeaderElection85 PRE_VOTE round 0: submit vote requests at term 0 for -1: peers:[20dab95a-c478-4766-b72c-beb84f06bee2|10.1.0.5:15477]|listeners:[], old=null
2024-02-06 10:05:02,260 [20dab95a-c478-4766-b72c-beb84f06bee2@group-B6B8FC41F9A2-LeaderElection85] INFO  impl.LeaderElection (LeaderElection.java:askForVotes(323)) - 20dab95a-c478-4766-b72c-beb84f06bee2@group-B6B8FC41F9A2-LeaderElection85 PRE_VOTE round 0: result PASSED (term=0)
2024-02-06 10:05:02,263 [d1d50a62-ae00-4aa1-bd49-1c13d08c4e54@group-2E3400AD0710-SegmentedRaftLogWorker] INFO  segmented.SegmentedRaftLogWorker (SegmentedRaftLogWorker.java:execute(634)) - d1d50a62-ae00-4aa1-bd49-1c13d08c4e54@group-2E3400AD0710-SegmentedRaftLogWorker: created new log segment /home/runner/work/ozone/ozone/hadoop-ozone/integration-test/target/test-dir/MiniOzoneClusterImpl-5d1c2165-a83d-4eb5-a2bf-ae35b2f22424/datanode-5/data/ratis/9ed817c2-7c51-42bf-a569-2e3400ad0710/current/log_inprogress_0
2024-02-06 10:05:02,264 [3668fcd7-5f50-4258-afea-ecf4a9b92dd6@group-2E3400AD0710-SegmentedRaftLogWorker] INFO  segmented.SegmentedRaftLogWorker (SegmentedRaftLogWorker.java:execute(634)) - 3668fcd7-5f50-4258-afea-ecf4a9b92dd6@group-2E3400AD0710-SegmentedRaftLogWorker: created new log segment /home/runner/work/ozone/ozone/hadoop-ozone/integration-test/target/test-dir/MiniOzoneClusterImpl-5d1c2165-a83d-4eb5-a2bf-ae35b2f22424/datanode-4/data/ratis/9ed817c2-7c51-42bf-a569-2e3400ad0710/current/log_inprogress_0
2024-02-06 10:05:02,264 [20dab95a-c478-4766-b72c-beb84f06bee2@group-B6B8FC41F9A2-LeaderElection85] INFO  impl.LeaderElection (LeaderElection.java:askForVotes(321)) - 20dab95a-c478-4766-b72c-beb84f06bee2@group-B6B8FC41F9A2-LeaderElection85 ELECTION round 0: submit vote requests at term 1 for -1: peers:[20dab95a-c478-4766-b72c-beb84f06bee2|10.1.0.5:15477]|listeners:[], old=null
2024-02-06 10:05:02,264 [20dab95a-c478-4766-b72c-beb84f06bee2@group-B6B8FC41F9A2-LeaderElection85] INFO  impl.LeaderElection (LeaderElection.java:askForVotes(323)) - 20dab95a-c478-4766-b72c-beb84f06bee2@group-B6B8FC41F9A2-LeaderElection85 ELECTION round 0: result PASSED (term=1)
2024-02-06 10:05:02,264 [20dab95a-c478-4766-b72c-beb84f06bee2@group-B6B8FC41F9A2-LeaderElection85] INFO  impl.RoleInfo (RoleInfo.java:shutdownLeaderElection(130)) - 20dab95a-c478-4766-b72c-beb84f06bee2: shutdown 20dab95a-c478-4766-b72c-beb84f06bee2@group-B6B8FC41F9A2-LeaderElection85
2024-02-06 10:05:02,264 [20dab95a-c478-4766-b72c-beb84f06bee2@group-B6B8FC41F9A2-LeaderElection85] INFO  server.RaftServer$Division (RaftServerImpl.java:setRole(383)) - 20dab95a-c478-4766-b72c-beb84f06bee2@group-B6B8FC41F9A2: changes role from CANDIDATE to LEADER at term 1 for changeToLeader
2024-02-06 10:05:02,264 [20dab95a-c478-4766-b72c-beb84f06bee2@group-B6B8FC41F9A2-LeaderElection85] INFO  server.RaftServerConfigKeys (ConfUtils.java:logGet(46)) - raft.server.staging.catchup.gap = 1000 (default)
2024-02-06 10:05:02,264 [20dab95a-c478-4766-b72c-beb84f06bee2@group-B6B8FC41F9A2-LeaderElection85] INFO  server.RaftServerConfigKeys (ConfUtils.java:logGet(46)) - raft.server.write.element-limit = 1024 (custom)
2024-02-06 10:05:02,264 [20dab95a-c478-4766-b72c-beb84f06bee2@group-B6B8FC41F9A2-LeaderElection85] INFO  server.RaftServerConfigKeys (ConfUtils.java:logGet(46)) - raft.server.write.byte-limit = 1024 M (=1073741824) (custom)
2024-02-06 10:05:02,264 [20dab95a-c478-4766-b72c-beb84f06bee2@group-B6B8FC41F9A2-LeaderElection85] INFO  server.RaftServerConfigKeys (ConfUtils.java:logGet(46)) - raft.server.watch.timeout = 3000ms (custom)
2024-02-06 10:05:02,264 [20dab95a-c478-4766-b72c-beb84f06bee2@group-B6B8FC41F9A2-LeaderElection85] INFO  server.RaftServerConfigKeys (ConfUtils.java:logGet(46)) - raft.server.watch.timeout.denomination = 1s (default)
2024-02-06 10:05:02,264 [20dab95a-c478-4766-b72c-beb84f06bee2@group-B6B8FC41F9A2-LeaderElection85] INFO  server.RaftServerConfigKeys (ConfUtils.java:logGet(46)) - raft.server.watch.element-limit = 65536 (default)
2024-02-06 10:05:02,265 [20dab95a-c478-4766-b72c-beb84f06bee2@group-B6B8FC41F9A2-LeaderElection85] INFO  server.RaftServerConfigKeys (ConfUtils.java:logGet(46)) - raft.server.read.leader.lease.enabled = false (default)
2024-02-06 10:05:02,265 [20dab95a-c478-4766-b72c-beb84f06bee2@group-B6B8FC41F9A2-LeaderElection85] INFO  server.RaftServerConfigKeys (ConfUtils.java:logGet(46)) - raft.server.read.leader.lease.timeout.ratio = 0.9 (default)
2024-02-06 10:05:02,265 [20dab95a-c478-4766-b72c-beb84f06bee2@group-B6B8FC41F9A2-LeaderElection85] INFO  server.RaftServerConfigKeys (ConfUtils.java:logGet(46)) - raft.server.rpc.timeout.min = 5s (custom)
2024-02-06 10:05:02,265 [20dab95a-c478-4766-b72c-beb84f06bee2@group-B6B8FC41F9A2-LeaderElection85] INFO  server.RaftServerConfigKeys (ConfUtils.java:logGet(46)) - raft.server.write.element-limit = 1024 (custom)
2024-02-06 10:05:02,265 [20dab95a-c478-4766-b72c-beb84f06bee2@group-B6B8FC41F9A2-LeaderElection85] INFO  server.RaftServerConfigKeys (ConfUtils.java:logGet(46)) - raft.server.write.follower.gap.ratio.max = -1.0 (default)
2024-02-06 10:05:02,266 [20dab95a-c478-4766-b72c-beb84f06bee2@group-B6B8FC41F9A2-LeaderElection85] INFO  impl.RoleInfo (RoleInfo.java:updateAndGet(139)) - 20dab95a-c478-4766-b72c-beb84f06bee2: start 20dab95a-c478-4766-b72c-beb84f06bee2@group-B6B8FC41F9A2-LeaderStateImpl
2024-02-06 10:05:02,266 [20dab95a-c478-4766-b72c-beb84f06bee2@group-B6B8FC41F9A2-LeaderElection85] INFO  server.RaftServer$Division (RaftServerImpl.java:setFirstElection(574)) - 20dab95a-c478-4766-b72c-beb84f06bee2@group-B6B8FC41F9A2: set firstElectionSinceStartup to false for becomeLeader
2024-02-06 10:05:02,266 [20dab95a-c478-4766-b72c-beb84f06bee2@group-B6B8FC41F9A2-LeaderElection85] INFO  ratis.XceiverServerRatis (XceiverServerRatis.java:handleLeaderChangedNotification(966)) - Leader change notification received for group: group-B6B8FC41F9A2 with new leaderId: 20dab95a-c478-4766-b72c-beb84f06bee2
2024-02-06 10:05:02,266 [20dab95a-c478-4766-b72c-beb84f06bee2@group-B6B8FC41F9A2-LeaderElection85] INFO  server.RaftServer$Division (ServerState.java:setLeader(269)) - 20dab95a-c478-4766-b72c-beb84f06bee2@group-B6B8FC41F9A2: change Leader from null to 20dab95a-c478-4766-b72c-beb84f06bee2 at term 1 for becomeLeader, leader elected after 5208ms
2024-02-06 10:05:02,266 [20dab95a-c478-4766-b72c-beb84f06bee2@group-B6B8FC41F9A2-LeaderElection85] INFO  segmented.SegmentedRaftLogWorker (SegmentedRaftLogWorker.java:startLogSegment(430)) - 20dab95a-c478-4766-b72c-beb84f06bee2@group-B6B8FC41F9A2-SegmentedRaftLogWorker: Starting segment from index:0
2024-02-06 10:05:02,266 [20dab95a-c478-4766-b72c-beb84f06bee2@group-B6B8FC41F9A2-LeaderElection85] INFO  server.RaftServer$Division (ServerState.java:setRaftConf(386)) - 20dab95a-c478-4766-b72c-beb84f06bee2@group-B6B8FC41F9A2: set configuration 0: peers:[20dab95a-c478-4766-b72c-beb84f06bee2|10.1.0.5:15477]|listeners:[], old=null
2024-02-06 10:05:02,266 [20dab95a-c478-4766-b72c-beb84f06bee2@group-B6B8FC41F9A2-SegmentedRaftLogWorker] INFO  segmented.BufferedWriteChannel (BufferedWriteChannel.java:open(62)) - open log_inprogress_0 at position 0
2024-02-06 10:05:02,267 [c6296721-c547-473a-9a19-ee5b14f2eab7@group-2E3400AD0710-StateMachineUpdater] INFO  server.RaftServer$Division (LeaderStateImpl.java:isApplied(320)) - leader is ready since appliedIndex == 0 >= startIndex == 0
2024-02-06 10:05:02,273 [20dab95a-c478-4766-b72c-beb84f06bee2@group-B6B8FC41F9A2-SegmentedRaftLogWorker] INFO  segmented.SegmentedRaftLogWorker (SegmentedRaftLogWorker.java:execute(634)) - 20dab95a-c478-4766-b72c-beb84f06bee2@group-B6B8FC41F9A2-SegmentedRaftLogWorker: created new log segment /home/runner/work/ozone/ozone/hadoop-ozone/integration-test/target/test-dir/MiniOzoneClusterImpl-5d1c2165-a83d-4eb5-a2bf-ae35b2f22424/datanode-2/data/ratis/82910f87-6300-4632-b10d-b6b8fc41f9a2/current/log_inprogress_0
2024-02-06 10:05:02,275 [20dab95a-c478-4766-b72c-beb84f06bee2@group-B6B8FC41F9A2-StateMachineUpdater] INFO  server.RaftServer$Division (LeaderStateImpl.java:isApplied(320)) - leader is ready since appliedIndex == 0 >= startIndex == 0
2024-02-06 10:05:02,341 [c6296721-c547-473a-9a19-ee5b14f2eab7@group-D1DFDC394ACF-FollowerState] INFO  impl.FollowerState (FollowerState.java:run(143)) - c6296721-c547-473a-9a19-ee5b14f2eab7@group-D1DFDC394ACF-FollowerState: change to CANDIDATE, lastRpcElapsedTime:5187474829ns, electionTimeout:5187ms
2024-02-06 10:05:02,341 [c6296721-c547-473a-9a19-ee5b14f2eab7@group-D1DFDC394ACF-FollowerState] INFO  impl.RoleInfo (RoleInfo.java:shutdownFollowerState(110)) - c6296721-c547-473a-9a19-ee5b14f2eab7: shutdown c6296721-c547-473a-9a19-ee5b14f2eab7@group-D1DFDC394ACF-FollowerState
2024-02-06 10:05:02,341 [c6296721-c547-473a-9a19-ee5b14f2eab7@group-D1DFDC394ACF-FollowerState] INFO  server.RaftServer$Division (RaftServerImpl.java:setRole(383)) - c6296721-c547-473a-9a19-ee5b14f2eab7@group-D1DFDC394ACF: changes role from  FOLLOWER to CANDIDATE at term 0 for changeToCandidate
2024-02-06 10:05:02,341 [c6296721-c547-473a-9a19-ee5b14f2eab7@group-D1DFDC394ACF-FollowerState] INFO  server.RaftServerConfigKeys (ConfUtils.java:logGet(46)) - raft.server.leaderelection.pre-vote = true (default)
2024-02-06 10:05:02,341 [c6296721-c547-473a-9a19-ee5b14f2eab7@group-D1DFDC394ACF-FollowerState] INFO  impl.RoleInfo (RoleInfo.java:updateAndGet(139)) - c6296721-c547-473a-9a19-ee5b14f2eab7: start c6296721-c547-473a-9a19-ee5b14f2eab7@group-D1DFDC394ACF-LeaderElection86
2024-02-06 10:05:02,342 [c6296721-c547-473a-9a19-ee5b14f2eab7@group-D1DFDC394ACF-LeaderElection86] INFO  impl.LeaderElection (LeaderElection.java:askForVotes(321)) - c6296721-c547-473a-9a19-ee5b14f2eab7@group-D1DFDC394ACF-LeaderElection86 PRE_VOTE round 0: submit vote requests at term 0 for -1: peers:[c6296721-c547-473a-9a19-ee5b14f2eab7|10.1.0.5:15486]|listeners:[], old=null
2024-02-06 10:05:02,343 [c6296721-c547-473a-9a19-ee5b14f2eab7@group-D1DFDC394ACF-LeaderElection86] INFO  impl.LeaderElection (LeaderElection.java:askForVotes(323)) - c6296721-c547-473a-9a19-ee5b14f2eab7@group-D1DFDC394ACF-LeaderElection86 PRE_VOTE round 0: result PASSED (term=0)
2024-02-06 10:05:02,344 [c6296721-c547-473a-9a19-ee5b14f2eab7@group-D1DFDC394ACF-LeaderElection86] INFO  impl.LeaderElection (LeaderElection.java:askForVotes(321)) - c6296721-c547-473a-9a19-ee5b14f2eab7@group-D1DFDC394ACF-LeaderElection86 ELECTION round 0: submit vote requests at term 1 for -1: peers:[c6296721-c547-473a-9a19-ee5b14f2eab7|10.1.0.5:15486]|listeners:[], old=null
2024-02-06 10:05:02,344 [c6296721-c547-473a-9a19-ee5b14f2eab7@group-D1DFDC394ACF-LeaderElection86] INFO  impl.LeaderElection (LeaderElection.java:askForVotes(323)) - c6296721-c547-473a-9a19-ee5b14f2eab7@group-D1DFDC394ACF-LeaderElection86 ELECTION round 0: result PASSED (term=1)
2024-02-06 10:05:02,344 [c6296721-c547-473a-9a19-ee5b14f2eab7@group-D1DFDC394ACF-LeaderElection86] INFO  impl.RoleInfo (RoleInfo.java:shutdownLeaderElection(130)) - c6296721-c547-473a-9a19-ee5b14f2eab7: shutdown c6296721-c547-473a-9a19-ee5b14f2eab7@group-D1DFDC394ACF-LeaderElection86
2024-02-06 10:05:02,344 [c6296721-c547-473a-9a19-ee5b14f2eab7@group-D1DFDC394ACF-LeaderElection86] INFO  server.RaftServer$Division (RaftServerImpl.java:setRole(383)) - c6296721-c547-473a-9a19-ee5b14f2eab7@group-D1DFDC394ACF: changes role from CANDIDATE to LEADER at term 1 for changeToLeader
2024-02-06 10:05:02,344 [c6296721-c547-473a-9a19-ee5b14f2eab7@group-D1DFDC394ACF-LeaderElection86] INFO  server.RaftServerConfigKeys (ConfUtils.java:logGet(46)) - raft.server.staging.catchup.gap = 1000 (default)
2024-02-06 10:05:02,344 [c6296721-c547-473a-9a19-ee5b14f2eab7@group-D1DFDC394ACF-LeaderElection86] INFO  server.RaftServerConfigKeys (ConfUtils.java:logGet(46)) - raft.server.write.element-limit = 1024 (custom)
2024-02-06 10:05:02,344 [c6296721-c547-473a-9a19-ee5b14f2eab7@group-D1DFDC394ACF-LeaderElection86] INFO  server.RaftServerConfigKeys (ConfUtils.java:logGet(46)) - raft.server.write.byte-limit = 1024 M (=1073741824) (custom)
2024-02-06 10:05:02,344 [c6296721-c547-473a-9a19-ee5b14f2eab7@group-D1DFDC394ACF-LeaderElection86] INFO  server.RaftServerConfigKeys (ConfUtils.java:logGet(46)) - raft.server.watch.timeout = 3000ms (custom)
2024-02-06 10:05:02,344 [c6296721-c547-473a-9a19-ee5b14f2eab7@group-D1DFDC394ACF-LeaderElection86] INFO  server.RaftServerConfigKeys (ConfUtils.java:logGet(46)) - raft.server.watch.timeout.denomination = 1s (default)
2024-02-06 10:05:02,344 [c6296721-c547-473a-9a19-ee5b14f2eab7@group-D1DFDC394ACF-LeaderElection86] INFO  server.RaftServerConfigKeys (ConfUtils.java:logGet(46)) - raft.server.watch.element-limit = 65536 (default)
2024-02-06 10:05:02,345 [c6296721-c547-473a-9a19-ee5b14f2eab7@group-D1DFDC394ACF-LeaderElection86] INFO  server.RaftServerConfigKeys (ConfUtils.java:logGet(46)) - raft.server.read.leader.lease.enabled = false (default)
2024-02-06 10:05:02,345 [c6296721-c547-473a-9a19-ee5b14f2eab7@group-D1DFDC394ACF-LeaderElection86] INFO  server.RaftServerConfigKeys (ConfUtils.java:logGet(46)) - raft.server.read.leader.lease.timeout.ratio = 0.9 (default)
2024-02-06 10:05:02,345 [c6296721-c547-473a-9a19-ee5b14f2eab7@group-D1DFDC394ACF-LeaderElection86] INFO  server.RaftServerConfigKeys (ConfUtils.java:logGet(46)) - raft.server.rpc.timeout.min = 5s (custom)
2024-02-06 10:05:02,345 [c6296721-c547-473a-9a19-ee5b14f2eab7@group-D1DFDC394ACF-LeaderElection86] INFO  server.RaftServerConfigKeys (ConfUtils.java:logGet(46)) - raft.server.write.element-limit = 1024 (custom)
2024-02-06 10:05:02,345 [c6296721-c547-473a-9a19-ee5b14f2eab7@group-D1DFDC394ACF-LeaderElection86] INFO  server.RaftServerConfigKeys (ConfUtils.java:logGet(46)) - raft.server.write.follower.gap.ratio.max = -1.0 (default)
2024-02-06 10:05:02,345 [c6296721-c547-473a-9a19-ee5b14f2eab7@group-D1DFDC394ACF-LeaderElection86] INFO  impl.RoleInfo (RoleInfo.java:updateAndGet(139)) - c6296721-c547-473a-9a19-ee5b14f2eab7: start c6296721-c547-473a-9a19-ee5b14f2eab7@group-D1DFDC394ACF-LeaderStateImpl
2024-02-06 10:05:02,345 [c6296721-c547-473a-9a19-ee5b14f2eab7@group-D1DFDC394ACF-LeaderElection86] INFO  server.RaftServer$Division (RaftServerImpl.java:setFirstElection(574)) - c6296721-c547-473a-9a19-ee5b14f2eab7@group-D1DFDC394ACF: set firstElectionSinceStartup to false for becomeLeader
2024-02-06 10:05:02,345 [c6296721-c547-473a-9a19-ee5b14f2eab7@group-D1DFDC394ACF-LeaderElection86] INFO  ratis.XceiverServerRatis (XceiverServerRatis.java:handleLeaderChangedNotification(966)) - Leader change notification received for group: group-D1DFDC394ACF with new leaderId: c6296721-c547-473a-9a19-ee5b14f2eab7
2024-02-06 10:05:02,345 [c6296721-c547-473a-9a19-ee5b14f2eab7@group-D1DFDC394ACF-LeaderElection86] INFO  server.RaftServer$Division (ServerState.java:setLeader(269)) - c6296721-c547-473a-9a19-ee5b14f2eab7@group-D1DFDC394ACF: change Leader from null to c6296721-c547-473a-9a19-ee5b14f2eab7 at term 1 for becomeLeader, leader elected after 5203ms
2024-02-06 10:05:02,345 [c6296721-c547-473a-9a19-ee5b14f2eab7@group-D1DFDC394ACF-LeaderElection86] INFO  segmented.SegmentedRaftLogWorker (SegmentedRaftLogWorker.java:startLogSegment(430)) - c6296721-c547-473a-9a19-ee5b14f2eab7@group-D1DFDC394ACF-SegmentedRaftLogWorker: Starting segment from index:0
2024-02-06 10:05:02,345 [c6296721-c547-473a-9a19-ee5b14f2eab7@group-D1DFDC394ACF-SegmentedRaftLogWorker] INFO  segmented.BufferedWriteChannel (BufferedWriteChannel.java:open(62)) - open log_inprogress_0 at position 0
2024-02-06 10:05:02,347 [d1d50a62-ae00-4aa1-bd49-1c13d08c4e54@group-A3A670BAEFB3-FollowerState] INFO  impl.FollowerState (FollowerState.java:run(143)) - d1d50a62-ae00-4aa1-bd49-1c13d08c4e54@group-A3A670BAEFB3-FollowerState: change to CANDIDATE, lastRpcElapsedTime:5016360728ns, electionTimeout:5016ms
2024-02-06 10:05:02,347 [d1d50a62-ae00-4aa1-bd49-1c13d08c4e54@group-A3A670BAEFB3-FollowerState] INFO  impl.RoleInfo (RoleInfo.java:shutdownFollowerState(110)) - d1d50a62-ae00-4aa1-bd49-1c13d08c4e54: shutdown d1d50a62-ae00-4aa1-bd49-1c13d08c4e54@group-A3A670BAEFB3-FollowerState
2024-02-06 10:05:02,347 [d1d50a62-ae00-4aa1-bd49-1c13d08c4e54@group-A3A670BAEFB3-FollowerState] INFO  server.RaftServer$Division (RaftServerImpl.java:setRole(383)) - d1d50a62-ae00-4aa1-bd49-1c13d08c4e54@group-A3A670BAEFB3: changes role from  FOLLOWER to CANDIDATE at term 0 for changeToCandidate
2024-02-06 10:05:02,347 [d1d50a62-ae00-4aa1-bd49-1c13d08c4e54@group-A3A670BAEFB3-FollowerState] INFO  server.RaftServerConfigKeys (ConfUtils.java:logGet(46)) - raft.server.leaderelection.pre-vote = true (default)
2024-02-06 10:05:02,347 [d1d50a62-ae00-4aa1-bd49-1c13d08c4e54@group-A3A670BAEFB3-FollowerState] INFO  impl.RoleInfo (RoleInfo.java:updateAndGet(139)) - d1d50a62-ae00-4aa1-bd49-1c13d08c4e54: start d1d50a62-ae00-4aa1-bd49-1c13d08c4e54@group-A3A670BAEFB3-LeaderElection87
2024-02-06 10:05:02,348 [d1d50a62-ae00-4aa1-bd49-1c13d08c4e54@group-A3A670BAEFB3-LeaderElection87] INFO  impl.LeaderElection (LeaderElection.java:askForVotes(321)) - d1d50a62-ae00-4aa1-bd49-1c13d08c4e54@group-A3A670BAEFB3-LeaderElection87 PRE_VOTE round 0: submit vote requests at term 0 for -1: peers:[d1d50a62-ae00-4aa1-bd49-1c13d08c4e54|10.1.0.5:15504]|listeners:[], old=null
2024-02-06 10:05:02,348 [d1d50a62-ae00-4aa1-bd49-1c13d08c4e54@group-A3A670BAEFB3-LeaderElection87] INFO  impl.LeaderElection (LeaderElection.java:askForVotes(323)) - d1d50a62-ae00-4aa1-bd49-1c13d08c4e54@group-A3A670BAEFB3-LeaderElection87 PRE_VOTE round 0: result PASSED (term=0)
2024-02-06 10:05:02,349 [c6296721-c547-473a-9a19-ee5b14f2eab7@group-D1DFDC394ACF-LeaderElection86] INFO  server.RaftServer$Division (ServerState.java:setRaftConf(386)) - c6296721-c547-473a-9a19-ee5b14f2eab7@group-D1DFDC394ACF: set configuration 0: peers:[c6296721-c547-473a-9a19-ee5b14f2eab7|10.1.0.5:15486]|listeners:[], old=null
2024-02-06 10:05:02,353 [d1d50a62-ae00-4aa1-bd49-1c13d08c4e54@group-A3A670BAEFB3-LeaderElection87] INFO  impl.LeaderElection (LeaderElection.java:askForVotes(321)) - d1d50a62-ae00-4aa1-bd49-1c13d08c4e54@group-A3A670BAEFB3-LeaderElection87 ELECTION round 0: submit vote requests at term 1 for -1: peers:[d1d50a62-ae00-4aa1-bd49-1c13d08c4e54|10.1.0.5:15504]|listeners:[], old=null
2024-02-06 10:05:02,353 [d1d50a62-ae00-4aa1-bd49-1c13d08c4e54@group-A3A670BAEFB3-LeaderElection87] INFO  impl.LeaderElection (LeaderElection.java:askForVotes(323)) - d1d50a62-ae00-4aa1-bd49-1c13d08c4e54@group-A3A670BAEFB3-LeaderElection87 ELECTION round 0: result PASSED (term=1)
2024-02-06 10:05:02,353 [d1d50a62-ae00-4aa1-bd49-1c13d08c4e54@group-A3A670BAEFB3-LeaderElection87] INFO  impl.RoleInfo (RoleInfo.java:shutdownLeaderElection(130)) - d1d50a62-ae00-4aa1-bd49-1c13d08c4e54: shutdown d1d50a62-ae00-4aa1-bd49-1c13d08c4e54@group-A3A670BAEFB3-LeaderElection87
2024-02-06 10:05:02,353 [d1d50a62-ae00-4aa1-bd49-1c13d08c4e54@group-A3A670BAEFB3-LeaderElection87] INFO  server.RaftServer$Division (RaftServerImpl.java:setRole(383)) - d1d50a62-ae00-4aa1-bd49-1c13d08c4e54@group-A3A670BAEFB3: changes role from CANDIDATE to LEADER at term 1 for changeToLeader
2024-02-06 10:05:02,353 [d1d50a62-ae00-4aa1-bd49-1c13d08c4e54@group-A3A670BAEFB3-LeaderElection87] INFO  server.RaftServerConfigKeys (ConfUtils.java:logGet(46)) - raft.server.staging.catchup.gap = 1000 (default)
2024-02-06 10:05:02,353 [d1d50a62-ae00-4aa1-bd49-1c13d08c4e54@group-A3A670BAEFB3-LeaderElection87] INFO  server.RaftServerConfigKeys (ConfUtils.java:logGet(46)) - raft.server.write.element-limit = 1024 (custom)
2024-02-06 10:05:02,353 [d1d50a62-ae00-4aa1-bd49-1c13d08c4e54@group-A3A670BAEFB3-LeaderElection87] INFO  server.RaftServerConfigKeys (ConfUtils.java:logGet(46)) - raft.server.write.byte-limit = 1024 M (=1073741824) (custom)
2024-02-06 10:05:02,353 [d1d50a62-ae00-4aa1-bd49-1c13d08c4e54@group-A3A670BAEFB3-LeaderElection87] INFO  server.RaftServerConfigKeys (ConfUtils.java:logGet(46)) - raft.server.watch.timeout = 3000ms (custom)
2024-02-06 10:05:02,353 [d1d50a62-ae00-4aa1-bd49-1c13d08c4e54@group-A3A670BAEFB3-LeaderElection87] INFO  server.RaftServerConfigKeys (ConfUtils.java:logGet(46)) - raft.server.watch.timeout.denomination = 1s (default)
2024-02-06 10:05:02,353 [d1d50a62-ae00-4aa1-bd49-1c13d08c4e54@group-A3A670BAEFB3-LeaderElection87] INFO  server.RaftServerConfigKeys (ConfUtils.java:logGet(46)) - raft.server.watch.element-limit = 65536 (default)
2024-02-06 10:05:02,354 [d1d50a62-ae00-4aa1-bd49-1c13d08c4e54@group-A3A670BAEFB3-LeaderElection87] INFO  server.RaftServerConfigKeys (ConfUtils.java:logGet(46)) - raft.server.read.leader.lease.enabled = false (default)
2024-02-06 10:05:02,354 [d1d50a62-ae00-4aa1-bd49-1c13d08c4e54@group-A3A670BAEFB3-LeaderElection87] INFO  server.RaftServerConfigKeys (ConfUtils.java:logGet(46)) - raft.server.read.leader.lease.timeout.ratio = 0.9 (default)
2024-02-06 10:05:02,354 [d1d50a62-ae00-4aa1-bd49-1c13d08c4e54@group-A3A670BAEFB3-LeaderElection87] INFO  server.RaftServerConfigKeys (ConfUtils.java:logGet(46)) - raft.server.rpc.timeout.min = 5s (custom)
2024-02-06 10:05:02,354 [d1d50a62-ae00-4aa1-bd49-1c13d08c4e54@group-A3A670BAEFB3-LeaderElection87] INFO  server.RaftServerConfigKeys (ConfUtils.java:logGet(46)) - raft.server.write.element-limit = 1024 (custom)
2024-02-06 10:05:02,354 [d1d50a62-ae00-4aa1-bd49-1c13d08c4e54@group-A3A670BAEFB3-LeaderElection87] INFO  server.RaftServerConfigKeys (ConfUtils.java:logGet(46)) - raft.server.write.follower.gap.ratio.max = -1.0 (default)
2024-02-06 10:05:02,354 [d1d50a62-ae00-4aa1-bd49-1c13d08c4e54@group-A3A670BAEFB3-LeaderElection87] INFO  impl.RoleInfo (RoleInfo.java:updateAndGet(139)) - d1d50a62-ae00-4aa1-bd49-1c13d08c4e54: start d1d50a62-ae00-4aa1-bd49-1c13d08c4e54@group-A3A670BAEFB3-LeaderStateImpl
2024-02-06 10:05:02,354 [d1d50a62-ae00-4aa1-bd49-1c13d08c4e54@group-A3A670BAEFB3-LeaderElection87] INFO  server.RaftServer$Division (RaftServerImpl.java:setFirstElection(574)) - d1d50a62-ae00-4aa1-bd49-1c13d08c4e54@group-A3A670BAEFB3: set firstElectionSinceStartup to false for becomeLeader
2024-02-06 10:05:02,354 [c6296721-c547-473a-9a19-ee5b14f2eab7@group-D1DFDC394ACF-SegmentedRaftLogWorker] INFO  segmented.SegmentedRaftLogWorker (SegmentedRaftLogWorker.java:execute(634)) - c6296721-c547-473a-9a19-ee5b14f2eab7@group-D1DFDC394ACF-SegmentedRaftLogWorker: created new log segment /home/runner/work/ozone/ozone/hadoop-ozone/integration-test/target/test-dir/MiniOzoneClusterImpl-5d1c2165-a83d-4eb5-a2bf-ae35b2f22424/datanode-3/data/ratis/31b04cad-8b51-48e7-87a5-d1dfdc394acf/current/log_inprogress_0
2024-02-06 10:05:02,354 [d1d50a62-ae00-4aa1-bd49-1c13d08c4e54@group-A3A670BAEFB3-LeaderElection87] INFO  ratis.XceiverServerRatis (XceiverServerRatis.java:handleLeaderChangedNotification(966)) - Leader change notification received for group: group-A3A670BAEFB3 with new leaderId: d1d50a62-ae00-4aa1-bd49-1c13d08c4e54
2024-02-06 10:05:02,354 [d1d50a62-ae00-4aa1-bd49-1c13d08c4e54@group-A3A670BAEFB3-LeaderElection87] INFO  server.RaftServer$Division (ServerState.java:setLeader(269)) - d1d50a62-ae00-4aa1-bd49-1c13d08c4e54@group-A3A670BAEFB3: change Leader from null to d1d50a62-ae00-4aa1-bd49-1c13d08c4e54 at term 1 for becomeLeader, leader elected after 5031ms
2024-02-06 10:05:02,354 [d1d50a62-ae00-4aa1-bd49-1c13d08c4e54@group-A3A670BAEFB3-LeaderElection87] INFO  segmented.SegmentedRaftLogWorker (SegmentedRaftLogWorker.java:startLogSegment(430)) - d1d50a62-ae00-4aa1-bd49-1c13d08c4e54@group-A3A670BAEFB3-SegmentedRaftLogWorker: Starting segment from index:0
2024-02-06 10:05:02,354 [d1d50a62-ae00-4aa1-bd49-1c13d08c4e54@group-A3A670BAEFB3-SegmentedRaftLogWorker] INFO  segmented.BufferedWriteChannel (BufferedWriteChannel.java:open(62)) - open log_inprogress_0 at position 0
2024-02-06 10:05:02,356 [c6296721-c547-473a-9a19-ee5b14f2eab7@group-D1DFDC394ACF-StateMachineUpdater] INFO  server.RaftServer$Division (LeaderStateImpl.java:isApplied(320)) - leader is ready since appliedIndex == 0 >= startIndex == 0
2024-02-06 10:05:02,357 [d1d50a62-ae00-4aa1-bd49-1c13d08c4e54@group-A3A670BAEFB3-LeaderElection87] INFO  server.RaftServer$Division (ServerState.java:setRaftConf(386)) - d1d50a62-ae00-4aa1-bd49-1c13d08c4e54@group-A3A670BAEFB3: set configuration 0: peers:[d1d50a62-ae00-4aa1-bd49-1c13d08c4e54|10.1.0.5:15504]|listeners:[], old=null
2024-02-06 10:05:02,362 [d1d50a62-ae00-4aa1-bd49-1c13d08c4e54@group-A3A670BAEFB3-SegmentedRaftLogWorker] INFO  segmented.SegmentedRaftLogWorker (SegmentedRaftLogWorker.java:execute(634)) - d1d50a62-ae00-4aa1-bd49-1c13d08c4e54@group-A3A670BAEFB3-SegmentedRaftLogWorker: created new log segment /home/runner/work/ozone/ozone/hadoop-ozone/integration-test/target/test-dir/MiniOzoneClusterImpl-5d1c2165-a83d-4eb5-a2bf-ae35b2f22424/datanode-5/data/ratis/b93eca86-6fb6-434e-b3b3-a3a670baefb3/current/log_inprogress_0
2024-02-06 10:05:02,363 [d1d50a62-ae00-4aa1-bd49-1c13d08c4e54@group-A3A670BAEFB3-StateMachineUpdater] INFO  server.RaftServer$Division (LeaderStateImpl.java:isApplied(320)) - leader is ready since appliedIndex == 0 >= startIndex == 0
2024-02-06 10:05:02,420 [3668fcd7-5f50-4258-afea-ecf4a9b92dd6@group-1778BB239640-FollowerState] INFO  impl.FollowerState (FollowerState.java:run(143)) - 3668fcd7-5f50-4258-afea-ecf4a9b92dd6@group-1778BB239640-FollowerState: change to CANDIDATE, lastRpcElapsedTime:5176359979ns, electionTimeout:5176ms
2024-02-06 10:05:02,420 [3668fcd7-5f50-4258-afea-ecf4a9b92dd6@group-1778BB239640-FollowerState] INFO  impl.RoleInfo (RoleInfo.java:shutdownFollowerState(110)) - 3668fcd7-5f50-4258-afea-ecf4a9b92dd6: shutdown 3668fcd7-5f50-4258-afea-ecf4a9b92dd6@group-1778BB239640-FollowerState
2024-02-06 10:05:02,420 [3668fcd7-5f50-4258-afea-ecf4a9b92dd6@group-1778BB239640-FollowerState] INFO  server.RaftServer$Division (RaftServerImpl.java:setRole(383)) - 3668fcd7-5f50-4258-afea-ecf4a9b92dd6@group-1778BB239640: changes role from  FOLLOWER to CANDIDATE at term 0 for changeToCandidate
2024-02-06 10:05:02,421 [3668fcd7-5f50-4258-afea-ecf4a9b92dd6@group-1778BB239640-FollowerState] INFO  server.RaftServerConfigKeys (ConfUtils.java:logGet(46)) - raft.server.leaderelection.pre-vote = true (default)
2024-02-06 10:05:02,421 [3668fcd7-5f50-4258-afea-ecf4a9b92dd6@group-1778BB239640-FollowerState] INFO  impl.RoleInfo (RoleInfo.java:updateAndGet(139)) - 3668fcd7-5f50-4258-afea-ecf4a9b92dd6: start 3668fcd7-5f50-4258-afea-ecf4a9b92dd6@group-1778BB239640-LeaderElection88
2024-02-06 10:05:02,422 [3668fcd7-5f50-4258-afea-ecf4a9b92dd6@group-1778BB239640-LeaderElection88] INFO  impl.LeaderElection (LeaderElection.java:askForVotes(321)) - 3668fcd7-5f50-4258-afea-ecf4a9b92dd6@group-1778BB239640-LeaderElection88 PRE_VOTE round 0: submit vote requests at term 0 for -1: peers:[3668fcd7-5f50-4258-afea-ecf4a9b92dd6|10.1.0.5:15495]|listeners:[], old=null
2024-02-06 10:05:02,422 [3668fcd7-5f50-4258-afea-ecf4a9b92dd6@group-1778BB239640-LeaderElection88] INFO  impl.LeaderElection (LeaderElection.java:askForVotes(323)) - 3668fcd7-5f50-4258-afea-ecf4a9b92dd6@group-1778BB239640-LeaderElection88 PRE_VOTE round 0: result PASSED (term=0)
2024-02-06 10:05:02,423 [3668fcd7-5f50-4258-afea-ecf4a9b92dd6@group-1778BB239640-LeaderElection88] INFO  impl.LeaderElection (LeaderElection.java:askForVotes(321)) - 3668fcd7-5f50-4258-afea-ecf4a9b92dd6@group-1778BB239640-LeaderElection88 ELECTION round 0: submit vote requests at term 1 for -1: peers:[3668fcd7-5f50-4258-afea-ecf4a9b92dd6|10.1.0.5:15495]|listeners:[], old=null
2024-02-06 10:05:02,423 [3668fcd7-5f50-4258-afea-ecf4a9b92dd6@group-1778BB239640-LeaderElection88] INFO  impl.LeaderElection (LeaderElection.java:askForVotes(323)) - 3668fcd7-5f50-4258-afea-ecf4a9b92dd6@group-1778BB239640-LeaderElection88 ELECTION round 0: result PASSED (term=1)
2024-02-06 10:05:02,423 [3668fcd7-5f50-4258-afea-ecf4a9b92dd6@group-1778BB239640-LeaderElection88] INFO  impl.RoleInfo (RoleInfo.java:shutdownLeaderElection(130)) - 3668fcd7-5f50-4258-afea-ecf4a9b92dd6: shutdown 3668fcd7-5f50-4258-afea-ecf4a9b92dd6@group-1778BB239640-LeaderElection88
2024-02-06 10:05:02,423 [3668fcd7-5f50-4258-afea-ecf4a9b92dd6@group-1778BB239640-LeaderElection88] INFO  server.RaftServer$Division (RaftServerImpl.java:setRole(383)) - 3668fcd7-5f50-4258-afea-ecf4a9b92dd6@group-1778BB239640: changes role from CANDIDATE to LEADER at term 1 for changeToLeader
2024-02-06 10:05:02,423 [3668fcd7-5f50-4258-afea-ecf4a9b92dd6@group-1778BB239640-LeaderElection88] INFO  server.RaftServerConfigKeys (ConfUtils.java:logGet(46)) - raft.server.staging.catchup.gap = 1000 (default)
2024-02-06 10:05:02,424 [3668fcd7-5f50-4258-afea-ecf4a9b92dd6@group-1778BB239640-LeaderElection88] INFO  server.RaftServerConfigKeys (ConfUtils.java:logGet(46)) - raft.server.write.element-limit = 1024 (custom)
2024-02-06 10:05:02,424 [3668fcd7-5f50-4258-afea-ecf4a9b92dd6@group-1778BB239640-LeaderElection88] INFO  server.RaftServerConfigKeys (ConfUtils.java:logGet(46)) - raft.server.write.byte-limit = 1024 M (=1073741824) (custom)
2024-02-06 10:05:02,424 [3668fcd7-5f50-4258-afea-ecf4a9b92dd6@group-1778BB239640-LeaderElection88] INFO  server.RaftServerConfigKeys (ConfUtils.java:logGet(46)) - raft.server.watch.timeout = 3000ms (custom)
2024-02-06 10:05:02,424 [3668fcd7-5f50-4258-afea-ecf4a9b92dd6@group-1778BB239640-LeaderElection88] INFO  server.RaftServerConfigKeys (ConfUtils.java:logGet(46)) - raft.server.watch.timeout.denomination = 1s (default)
2024-02-06 10:05:02,424 [3668fcd7-5f50-4258-afea-ecf4a9b92dd6@group-1778BB239640-LeaderElection88] INFO  server.RaftServerConfigKeys (ConfUtils.java:logGet(46)) - raft.server.watch.element-limit = 65536 (default)
2024-02-06 10:05:02,424 [3668fcd7-5f50-4258-afea-ecf4a9b92dd6@group-1778BB239640-LeaderElection88] INFO  server.RaftServerConfigKeys (ConfUtils.java:logGet(46)) - raft.server.read.leader.lease.enabled = false (default)
2024-02-06 10:05:02,424 [3668fcd7-5f50-4258-afea-ecf4a9b92dd6@group-1778BB239640-LeaderElection88] INFO  server.RaftServerConfigKeys (ConfUtils.java:logGet(46)) - raft.server.read.leader.lease.timeout.ratio = 0.9 (default)
2024-02-06 10:05:02,424 [3668fcd7-5f50-4258-afea-ecf4a9b92dd6@group-1778BB239640-LeaderElection88] INFO  server.RaftServerConfigKeys (ConfUtils.java:logGet(46)) - raft.server.rpc.timeout.min = 5s (custom)
2024-02-06 10:05:02,424 [3668fcd7-5f50-4258-afea-ecf4a9b92dd6@group-1778BB239640-LeaderElection88] INFO  server.RaftServerConfigKeys (ConfUtils.java:logGet(46)) - raft.server.write.element-limit = 1024 (custom)
2024-02-06 10:05:02,424 [3668fcd7-5f50-4258-afea-ecf4a9b92dd6@group-1778BB239640-LeaderElection88] INFO  server.RaftServerConfigKeys (ConfUtils.java:logGet(46)) - raft.server.write.follower.gap.ratio.max = -1.0 (default)
2024-02-06 10:05:02,424 [3668fcd7-5f50-4258-afea-ecf4a9b92dd6@group-1778BB239640-LeaderElection88] INFO  impl.RoleInfo (RoleInfo.java:updateAndGet(139)) - 3668fcd7-5f50-4258-afea-ecf4a9b92dd6: start 3668fcd7-5f50-4258-afea-ecf4a9b92dd6@group-1778BB239640-LeaderStateImpl
2024-02-06 10:05:02,424 [3668fcd7-5f50-4258-afea-ecf4a9b92dd6@group-1778BB239640-LeaderElection88] INFO  server.RaftServer$Division (RaftServerImpl.java:setFirstElection(574)) - 3668fcd7-5f50-4258-afea-ecf4a9b92dd6@group-1778BB239640: set firstElectionSinceStartup to false for becomeLeader
2024-02-06 10:05:02,424 [3668fcd7-5f50-4258-afea-ecf4a9b92dd6@group-1778BB239640-LeaderElection88] INFO  ratis.XceiverServerRatis (XceiverServerRatis.java:handleLeaderChangedNotification(966)) - Leader change notification received for group: group-1778BB239640 with new leaderId: 3668fcd7-5f50-4258-afea-ecf4a9b92dd6
2024-02-06 10:05:02,424 [3668fcd7-5f50-4258-afea-ecf4a9b92dd6@group-1778BB239640-LeaderElection88] INFO  server.RaftServer$Division (ServerState.java:setLeader(269)) - 3668fcd7-5f50-4258-afea-ecf4a9b92dd6@group-1778BB239640: change Leader from null to 3668fcd7-5f50-4258-afea-ecf4a9b92dd6 at term 1 for becomeLeader, leader elected after 5188ms
2024-02-06 10:05:02,425 [3668fcd7-5f50-4258-afea-ecf4a9b92dd6@group-1778BB239640-LeaderElection88] INFO  segmented.SegmentedRaftLogWorker (SegmentedRaftLogWorker.java:startLogSegment(430)) - 3668fcd7-5f50-4258-afea-ecf4a9b92dd6@group-1778BB239640-SegmentedRaftLogWorker: Starting segment from index:0
2024-02-06 10:05:02,425 [3668fcd7-5f50-4258-afea-ecf4a9b92dd6@group-1778BB239640-LeaderElection88] INFO  server.RaftServer$Division (ServerState.java:setRaftConf(386)) - 3668fcd7-5f50-4258-afea-ecf4a9b92dd6@group-1778BB239640: set configuration 0: peers:[3668fcd7-5f50-4258-afea-ecf4a9b92dd6|10.1.0.5:15495]|listeners:[], old=null
2024-02-06 10:05:02,425 [3668fcd7-5f50-4258-afea-ecf4a9b92dd6@group-1778BB239640-SegmentedRaftLogWorker] INFO  segmented.BufferedWriteChannel (BufferedWriteChannel.java:open(62)) - open log_inprogress_0 at position 0
2024-02-06 10:05:02,433 [3668fcd7-5f50-4258-afea-ecf4a9b92dd6@group-1778BB239640-SegmentedRaftLogWorker] INFO  segmented.SegmentedRaftLogWorker (SegmentedRaftLogWorker.java:execute(634)) - 3668fcd7-5f50-4258-afea-ecf4a9b92dd6@group-1778BB239640-SegmentedRaftLogWorker: created new log segment /home/runner/work/ozone/ozone/hadoop-ozone/integration-test/target/test-dir/MiniOzoneClusterImpl-5d1c2165-a83d-4eb5-a2bf-ae35b2f22424/datanode-4/data/ratis/4ce72c08-9272-4fb7-9cf5-1778bb239640/current/log_inprogress_0
2024-02-06 10:05:02,434 [3668fcd7-5f50-4258-afea-ecf4a9b92dd6@group-1778BB239640-StateMachineUpdater] INFO  server.RaftServer$Division (LeaderStateImpl.java:isApplied(320)) - leader is ready since appliedIndex == 0 >= startIndex == 0
2024-02-06 10:05:02,516 [2bb22b89-6b01-4b52-bccb-ae4677f02d8d@group-520C61457A0F-FollowerState] INFO  impl.FollowerState (FollowerState.java:run(143)) - 2bb22b89-6b01-4b52-bccb-ae4677f02d8d@group-520C61457A0F-FollowerState: change to CANDIDATE, lastRpcElapsedTime:5048357357ns, electionTimeout:5048ms
2024-02-06 10:05:02,516 [2bb22b89-6b01-4b52-bccb-ae4677f02d8d@group-520C61457A0F-FollowerState] INFO  impl.RoleInfo (RoleInfo.java:shutdownFollowerState(110)) - 2bb22b89-6b01-4b52-bccb-ae4677f02d8d: shutdown 2bb22b89-6b01-4b52-bccb-ae4677f02d8d@group-520C61457A0F-FollowerState
2024-02-06 10:05:02,516 [2bb22b89-6b01-4b52-bccb-ae4677f02d8d@group-520C61457A0F-FollowerState] INFO  server.RaftServer$Division (RaftServerImpl.java:setRole(383)) - 2bb22b89-6b01-4b52-bccb-ae4677f02d8d@group-520C61457A0F: changes role from  FOLLOWER to CANDIDATE at term 0 for changeToCandidate
2024-02-06 10:05:02,516 [2bb22b89-6b01-4b52-bccb-ae4677f02d8d@group-520C61457A0F-FollowerState] INFO  server.RaftServerConfigKeys (ConfUtils.java:logGet(46)) - raft.server.leaderelection.pre-vote = true (default)
2024-02-06 10:05:02,516 [2bb22b89-6b01-4b52-bccb-ae4677f02d8d@group-520C61457A0F-FollowerState] INFO  impl.RoleInfo (RoleInfo.java:updateAndGet(139)) - 2bb22b89-6b01-4b52-bccb-ae4677f02d8d: start 2bb22b89-6b01-4b52-bccb-ae4677f02d8d@group-520C61457A0F-LeaderElection89
2024-02-06 10:05:02,517 [2bb22b89-6b01-4b52-bccb-ae4677f02d8d@group-520C61457A0F-LeaderElection89] INFO  impl.LeaderElection (LeaderElection.java:askForVotes(321)) - 2bb22b89-6b01-4b52-bccb-ae4677f02d8d@group-520C61457A0F-LeaderElection89 PRE_VOTE round 0: submit vote requests at term 0 for -1: peers:[632684f9-b96b-4968-b03c-341844499869|10.1.0.5:15522, 2bb22b89-6b01-4b52-bccb-ae4677f02d8d|10.1.0.5:15531, abf042c3-6cd4-4c06-9655-57992d013f88|10.1.0.5:15513]|listeners:[], old=null
2024-02-06 10:05:02,518 [2bb22b89-6b01-4b52-bccb-ae4677f02d8d@group-520C61457A0F-LeaderElection89-1] INFO  server.GrpcServerProtocolClient (GrpcServerProtocolClient.java:<init>(65)) - Build channel for 632684f9-b96b-4968-b03c-341844499869|10.1.0.5:15522
2024-02-06 10:05:02,518 [2bb22b89-6b01-4b52-bccb-ae4677f02d8d@group-520C61457A0F-LeaderElection89-2] INFO  server.GrpcServerProtocolClient (GrpcServerProtocolClient.java:<init>(65)) - Build channel for abf042c3-6cd4-4c06-9655-57992d013f88|10.1.0.5:15513
2024-02-06 10:05:02,518 [2bb22b89-6b01-4b52-bccb-ae4677f02d8d@group-520C61457A0F-LeaderElection89] INFO  server.RaftServerConfigKeys (ConfUtils.java:logFallback(53)) - raft.server.rpc.first-election.timeout.min = 5s (fallback to raft.server.rpc.timeout.min)
2024-02-06 10:05:02,519 [2bb22b89-6b01-4b52-bccb-ae4677f02d8d@group-520C61457A0F-LeaderElection89] INFO  server.RaftServerConfigKeys (ConfUtils.java:logFallback(53)) - raft.server.rpc.first-election.timeout.max = 5200ms (fallback to raft.server.rpc.timeout.max)
2024-02-06 10:05:02,523 [grpc-default-executor-2] INFO  server.RaftServer$Division (RaftServerImpl.java:requestVote(1389)) - 632684f9-b96b-4968-b03c-341844499869@group-520C61457A0F: receive requestVote(PRE_VOTE, 2bb22b89-6b01-4b52-bccb-ae4677f02d8d, group-520C61457A0F, 0, (t:0, i:0))
2024-02-06 10:05:02,523 [grpc-default-executor-2] INFO  impl.VoteContext (VoteContext.java:log(49)) - 632684f9-b96b-4968-b03c-341844499869@group-520C61457A0F-FOLLOWER: accept PRE_VOTE from 2bb22b89-6b01-4b52-bccb-ae4677f02d8d: our priority 0 <= candidate's priority 0
2024-02-06 10:05:02,523 [grpc-default-executor-2] INFO  server.RaftServer$Division (RaftServerImpl.java:requestVote(1422)) - 632684f9-b96b-4968-b03c-341844499869@group-520C61457A0F replies to PRE_VOTE vote request: 2bb22b89-6b01-4b52-bccb-ae4677f02d8d<-632684f9-b96b-4968-b03c-341844499869#0:OK-t0. Peer's state: 632684f9-b96b-4968-b03c-341844499869@group-520C61457A0F:t0, leader=null, voted=, raftlog=Memoized:632684f9-b96b-4968-b03c-341844499869@group-520C61457A0F-SegmentedRaftLog:OPENED:c-1, conf=-1: peers:[632684f9-b96b-4968-b03c-341844499869|10.1.0.5:15522, 2bb22b89-6b01-4b52-bccb-ae4677f02d8d|10.1.0.5:15531, abf042c3-6cd4-4c06-9655-57992d013f88|10.1.0.5:15513]|listeners:[], old=null
2024-02-06 10:05:02,524 [grpc-default-executor-2] INFO  server.RaftServer$Division (RaftServerImpl.java:requestVote(1389)) - abf042c3-6cd4-4c06-9655-57992d013f88@group-520C61457A0F: receive requestVote(PRE_VOTE, 2bb22b89-6b01-4b52-bccb-ae4677f02d8d, group-520C61457A0F, 0, (t:0, i:0))
2024-02-06 10:05:02,524 [grpc-default-executor-2] INFO  impl.VoteContext (VoteContext.java:log(49)) - abf042c3-6cd4-4c06-9655-57992d013f88@group-520C61457A0F-FOLLOWER: reject PRE_VOTE from 2bb22b89-6b01-4b52-bccb-ae4677f02d8d: our priority 1 > candidate's priority 0
2024-02-06 10:05:02,524 [grpc-default-executor-2] INFO  server.RaftServer$Division (RaftServerImpl.java:requestVote(1422)) - abf042c3-6cd4-4c06-9655-57992d013f88@group-520C61457A0F replies to PRE_VOTE vote request: 2bb22b89-6b01-4b52-bccb-ae4677f02d8d<-abf042c3-6cd4-4c06-9655-57992d013f88#0:FAIL-t0. Peer's state: abf042c3-6cd4-4c06-9655-57992d013f88@group-520C61457A0F:t0, leader=null, voted=, raftlog=Memoized:abf042c3-6cd4-4c06-9655-57992d013f88@group-520C61457A0F-SegmentedRaftLog:OPENED:c-1, conf=-1: peers:[632684f9-b96b-4968-b03c-341844499869|10.1.0.5:15522, 2bb22b89-6b01-4b52-bccb-ae4677f02d8d|10.1.0.5:15531, abf042c3-6cd4-4c06-9655-57992d013f88|10.1.0.5:15513]|listeners:[], old=null
2024-02-06 10:05:02,525 [2bb22b89-6b01-4b52-bccb-ae4677f02d8d@group-520C61457A0F-LeaderElection89] INFO  impl.LeaderElection (LeaderElection.java:logAndReturn(89)) - 2bb22b89-6b01-4b52-bccb-ae4677f02d8d@group-520C61457A0F-LeaderElection89: PRE_VOTE REJECTED received 1 response(s) and 0 exception(s):
2024-02-06 10:05:02,525 [2bb22b89-6b01-4b52-bccb-ae4677f02d8d@group-520C61457A0F-LeaderElection89] INFO  impl.LeaderElection (LeaderElection.java:logAndReturn(93)) -   Response 0: 2bb22b89-6b01-4b52-bccb-ae4677f02d8d<-abf042c3-6cd4-4c06-9655-57992d013f88#0:FAIL-t0
2024-02-06 10:05:02,526 [2bb22b89-6b01-4b52-bccb-ae4677f02d8d@group-520C61457A0F-LeaderElection89] INFO  impl.LeaderElection (LeaderElection.java:askForVotes(323)) - 2bb22b89-6b01-4b52-bccb-ae4677f02d8d@group-520C61457A0F-LeaderElection89 PRE_VOTE round 0: result REJECTED
2024-02-06 10:05:02,526 [2bb22b89-6b01-4b52-bccb-ae4677f02d8d@group-520C61457A0F-LeaderElection89] INFO  server.RaftServer$Division (RaftServerImpl.java:setRole(383)) - 2bb22b89-6b01-4b52-bccb-ae4677f02d8d@group-520C61457A0F: changes role from CANDIDATE to FOLLOWER at term 0 for REJECTED
2024-02-06 10:05:02,526 [2bb22b89-6b01-4b52-bccb-ae4677f02d8d@group-520C61457A0F-LeaderElection89] INFO  impl.RoleInfo (RoleInfo.java:shutdownLeaderElection(130)) - 2bb22b89-6b01-4b52-bccb-ae4677f02d8d: shutdown 2bb22b89-6b01-4b52-bccb-ae4677f02d8d@group-520C61457A0F-LeaderElection89
2024-02-06 10:05:02,526 [2bb22b89-6b01-4b52-bccb-ae4677f02d8d@group-520C61457A0F-LeaderElection89] INFO  impl.RoleInfo (RoleInfo.java:updateAndGet(139)) - 2bb22b89-6b01-4b52-bccb-ae4677f02d8d: start 2bb22b89-6b01-4b52-bccb-ae4677f02d8d@group-520C61457A0F-FollowerState
2024-02-06 10:05:02,526 [2bb22b89-6b01-4b52-bccb-ae4677f02d8d@group-520C61457A0F-LeaderElection89] INFO  server.RaftServer$Division (RaftServerImpl.java:setFirstElection(574)) - 2bb22b89-6b01-4b52-bccb-ae4677f02d8d@group-520C61457A0F: set firstElectionSinceStartup to false for REJECTED
2024-02-06 10:05:02,556 [abf042c3-6cd4-4c06-9655-57992d013f88@group-520C61457A0F-FollowerState] INFO  impl.FollowerState (FollowerState.java:run(143)) - abf042c3-6cd4-4c06-9655-57992d013f88@group-520C61457A0F-FollowerState: change to CANDIDATE, lastRpcElapsedTime:5105631000ns, electionTimeout:5104ms
2024-02-06 10:05:02,556 [abf042c3-6cd4-4c06-9655-57992d013f88@group-520C61457A0F-FollowerState] INFO  impl.RoleInfo (RoleInfo.java:shutdownFollowerState(110)) - abf042c3-6cd4-4c06-9655-57992d013f88: shutdown abf042c3-6cd4-4c06-9655-57992d013f88@group-520C61457A0F-FollowerState
2024-02-06 10:05:02,556 [abf042c3-6cd4-4c06-9655-57992d013f88@group-520C61457A0F-FollowerState] INFO  server.RaftServer$Division (RaftServerImpl.java:setRole(383)) - abf042c3-6cd4-4c06-9655-57992d013f88@group-520C61457A0F: changes role from  FOLLOWER to CANDIDATE at term 0 for changeToCandidate
2024-02-06 10:05:02,556 [abf042c3-6cd4-4c06-9655-57992d013f88@group-520C61457A0F-FollowerState] INFO  server.RaftServerConfigKeys (ConfUtils.java:logGet(46)) - raft.server.leaderelection.pre-vote = true (default)
2024-02-06 10:05:02,556 [abf042c3-6cd4-4c06-9655-57992d013f88@group-520C61457A0F-FollowerState] INFO  impl.RoleInfo (RoleInfo.java:updateAndGet(139)) - abf042c3-6cd4-4c06-9655-57992d013f88: start abf042c3-6cd4-4c06-9655-57992d013f88@group-520C61457A0F-LeaderElection90
2024-02-06 10:05:02,557 [abf042c3-6cd4-4c06-9655-57992d013f88@group-520C61457A0F-LeaderElection90] INFO  impl.LeaderElection (LeaderElection.java:askForVotes(321)) - abf042c3-6cd4-4c06-9655-57992d013f88@group-520C61457A0F-LeaderElection90 PRE_VOTE round 0: submit vote requests at term 0 for -1: peers:[632684f9-b96b-4968-b03c-341844499869|10.1.0.5:15522, 2bb22b89-6b01-4b52-bccb-ae4677f02d8d|10.1.0.5:15531, abf042c3-6cd4-4c06-9655-57992d013f88|10.1.0.5:15513]|listeners:[], old=null
2024-02-06 10:05:02,557 [abf042c3-6cd4-4c06-9655-57992d013f88@group-520C61457A0F-LeaderElection90-1] INFO  server.GrpcServerProtocolClient (GrpcServerProtocolClient.java:<init>(65)) - Build channel for 632684f9-b96b-4968-b03c-341844499869|10.1.0.5:15522
2024-02-06 10:05:02,557 [abf042c3-6cd4-4c06-9655-57992d013f88@group-520C61457A0F-LeaderElection90-2] INFO  server.GrpcServerProtocolClient (GrpcServerProtocolClient.java:<init>(65)) - Build channel for 2bb22b89-6b01-4b52-bccb-ae4677f02d8d|10.1.0.5:15531
2024-02-06 10:05:02,557 [abf042c3-6cd4-4c06-9655-57992d013f88@group-520C61457A0F-LeaderElection90] INFO  server.RaftServerConfigKeys (ConfUtils.java:logFallback(53)) - raft.server.rpc.first-election.timeout.min = 5s (fallback to raft.server.rpc.timeout.min)
2024-02-06 10:05:02,557 [abf042c3-6cd4-4c06-9655-57992d013f88@group-520C61457A0F-LeaderElection90] INFO  server.RaftServerConfigKeys (ConfUtils.java:logFallback(53)) - raft.server.rpc.first-election.timeout.max = 5200ms (fallback to raft.server.rpc.timeout.max)
2024-02-06 10:05:02,561 [grpc-default-executor-2] INFO  server.RaftServer$Division (RaftServerImpl.java:requestVote(1389)) - 632684f9-b96b-4968-b03c-341844499869@group-520C61457A0F: receive requestVote(PRE_VOTE, abf042c3-6cd4-4c06-9655-57992d013f88, group-520C61457A0F, 0, (t:0, i:0))
2024-02-06 10:05:02,561 [grpc-default-executor-2] INFO  impl.VoteContext (VoteContext.java:log(49)) - 632684f9-b96b-4968-b03c-341844499869@group-520C61457A0F-FOLLOWER: accept PRE_VOTE from abf042c3-6cd4-4c06-9655-57992d013f88: our priority 0 <= candidate's priority 1
2024-02-06 10:05:02,561 [grpc-default-executor-2] INFO  server.RaftServer$Division (RaftServerImpl.java:requestVote(1422)) - 632684f9-b96b-4968-b03c-341844499869@group-520C61457A0F replies to PRE_VOTE vote request: abf042c3-6cd4-4c06-9655-57992d013f88<-632684f9-b96b-4968-b03c-341844499869#0:OK-t0. Peer's state: 632684f9-b96b-4968-b03c-341844499869@group-520C61457A0F:t0, leader=null, voted=, raftlog=Memoized:632684f9-b96b-4968-b03c-341844499869@group-520C61457A0F-SegmentedRaftLog:OPENED:c-1, conf=-1: peers:[632684f9-b96b-4968-b03c-341844499869|10.1.0.5:15522, 2bb22b89-6b01-4b52-bccb-ae4677f02d8d|10.1.0.5:15531, abf042c3-6cd4-4c06-9655-57992d013f88|10.1.0.5:15513]|listeners:[], old=null
2024-02-06 10:05:02,562 [abf042c3-6cd4-4c06-9655-57992d013f88@group-520C61457A0F-LeaderElection90] INFO  impl.LeaderElection (LeaderElection.java:logAndReturn(89)) - abf042c3-6cd4-4c06-9655-57992d013f88@group-520C61457A0F-LeaderElection90: PRE_VOTE PASSED received 1 response(s) and 0 exception(s):
2024-02-06 10:05:02,562 [grpc-default-executor-2] INFO  server.RaftServer$Division (RaftServerImpl.java:requestVote(1389)) - 2bb22b89-6b01-4b52-bccb-ae4677f02d8d@group-520C61457A0F: receive requestVote(PRE_VOTE, abf042c3-6cd4-4c06-9655-57992d013f88, group-520C61457A0F, 0, (t:0, i:0))
2024-02-06 10:05:02,562 [grpc-default-executor-2] INFO  impl.VoteContext (VoteContext.java:log(49)) - 2bb22b89-6b01-4b52-bccb-ae4677f02d8d@group-520C61457A0F-FOLLOWER: accept PRE_VOTE from abf042c3-6cd4-4c06-9655-57992d013f88: our priority 0 <= candidate's priority 1
2024-02-06 10:05:02,562 [grpc-default-executor-2] INFO  server.RaftServer$Division (RaftServerImpl.java:requestVote(1422)) - 2bb22b89-6b01-4b52-bccb-ae4677f02d8d@group-520C61457A0F replies to PRE_VOTE vote request: abf042c3-6cd4-4c06-9655-57992d013f88<-2bb22b89-6b01-4b52-bccb-ae4677f02d8d#0:OK-t0. Peer's state: 2bb22b89-6b01-4b52-bccb-ae4677f02d8d@group-520C61457A0F:t0, leader=null, voted=, raftlog=Memoized:2bb22b89-6b01-4b52-bccb-ae4677f02d8d@group-520C61457A0F-SegmentedRaftLog:OPENED:c-1, conf=-1: peers:[632684f9-b96b-4968-b03c-341844499869|10.1.0.5:15522, 2bb22b89-6b01-4b52-bccb-ae4677f02d8d|10.1.0.5:15531, abf042c3-6cd4-4c06-9655-57992d013f88|10.1.0.5:15513]|listeners:[], old=null
2024-02-06 10:05:02,562 [abf042c3-6cd4-4c06-9655-57992d013f88@group-520C61457A0F-LeaderElection90] INFO  impl.LeaderElection (LeaderElection.java:logAndReturn(93)) -   Response 0: abf042c3-6cd4-4c06-9655-57992d013f88<-632684f9-b96b-4968-b03c-341844499869#0:OK-t0
2024-02-06 10:05:02,562 [abf042c3-6cd4-4c06-9655-57992d013f88@group-520C61457A0F-LeaderElection90] INFO  impl.LeaderElection (LeaderElection.java:askForVotes(323)) - abf042c3-6cd4-4c06-9655-57992d013f88@group-520C61457A0F-LeaderElection90 PRE_VOTE round 0: result PASSED
2024-02-06 10:05:02,564 [abf042c3-6cd4-4c06-9655-57992d013f88@group-520C61457A0F-LeaderElection90] INFO  impl.LeaderElection (LeaderElection.java:askForVotes(321)) - abf042c3-6cd4-4c06-9655-57992d013f88@group-520C61457A0F-LeaderElection90 ELECTION round 0: submit vote requests at term 1 for -1: peers:[632684f9-b96b-4968-b03c-341844499869|10.1.0.5:15522, 2bb22b89-6b01-4b52-bccb-ae4677f02d8d|10.1.0.5:15531, abf042c3-6cd4-4c06-9655-57992d013f88|10.1.0.5:15513]|listeners:[], old=null
2024-02-06 10:05:02,564 [abf042c3-6cd4-4c06-9655-57992d013f88@group-520C61457A0F-LeaderElection90] INFO  server.RaftServerConfigKeys (ConfUtils.java:logFallback(53)) - raft.server.rpc.first-election.timeout.min = 5s (fallback to raft.server.rpc.timeout.min)
2024-02-06 10:05:02,564 [abf042c3-6cd4-4c06-9655-57992d013f88@group-520C61457A0F-LeaderElection90] INFO  server.RaftServerConfigKeys (ConfUtils.java:logFallback(53)) - raft.server.rpc.first-election.timeout.max = 5200ms (fallback to raft.server.rpc.timeout.max)
2024-02-06 10:05:02,565 [grpc-default-executor-2] INFO  server.RaftServer$Division (RaftServerImpl.java:requestVote(1389)) - 2bb22b89-6b01-4b52-bccb-ae4677f02d8d@group-520C61457A0F: receive requestVote(ELECTION, abf042c3-6cd4-4c06-9655-57992d013f88, group-520C61457A0F, 1, (t:0, i:0))
2024-02-06 10:05:02,565 [grpc-default-executor-2] INFO  impl.VoteContext (VoteContext.java:log(49)) - 2bb22b89-6b01-4b52-bccb-ae4677f02d8d@group-520C61457A0F-FOLLOWER: accept ELECTION from abf042c3-6cd4-4c06-9655-57992d013f88: our priority 0 <= candidate's priority 1
2024-02-06 10:05:02,565 [grpc-default-executor-5] INFO  server.RaftServer$Division (RaftServerImpl.java:requestVote(1389)) - 632684f9-b96b-4968-b03c-341844499869@group-520C61457A0F: receive requestVote(ELECTION, abf042c3-6cd4-4c06-9655-57992d013f88, group-520C61457A0F, 1, (t:0, i:0))
2024-02-06 10:05:02,566 [grpc-default-executor-2] INFO  server.RaftServer$Division (RaftServerImpl.java:setRole(383)) - 2bb22b89-6b01-4b52-bccb-ae4677f02d8d@group-520C61457A0F: changes role from  FOLLOWER to FOLLOWER at term 1 for candidate:abf042c3-6cd4-4c06-9655-57992d013f88
2024-02-06 10:05:02,567 [grpc-default-executor-2] INFO  impl.RoleInfo (RoleInfo.java:shutdownFollowerState(110)) - 2bb22b89-6b01-4b52-bccb-ae4677f02d8d: shutdown 2bb22b89-6b01-4b52-bccb-ae4677f02d8d@group-520C61457A0F-FollowerState
2024-02-06 10:05:02,567 [grpc-default-executor-5] INFO  impl.VoteContext (VoteContext.java:log(49)) - 632684f9-b96b-4968-b03c-341844499869@group-520C61457A0F-FOLLOWER: accept ELECTION from abf042c3-6cd4-4c06-9655-57992d013f88: our priority 0 <= candidate's priority 1
2024-02-06 10:05:02,567 [2bb22b89-6b01-4b52-bccb-ae4677f02d8d@group-520C61457A0F-FollowerState] INFO  impl.FollowerState (FollowerState.java:run(152)) - 2bb22b89-6b01-4b52-bccb-ae4677f02d8d@group-520C61457A0F-FollowerState was interrupted
2024-02-06 10:05:02,567 [grpc-default-executor-2] INFO  impl.RoleInfo (RoleInfo.java:updateAndGet(139)) - 2bb22b89-6b01-4b52-bccb-ae4677f02d8d: start 2bb22b89-6b01-4b52-bccb-ae4677f02d8d@group-520C61457A0F-FollowerState
2024-02-06 10:05:02,567 [grpc-default-executor-5] INFO  server.RaftServer$Division (RaftServerImpl.java:setRole(383)) - 632684f9-b96b-4968-b03c-341844499869@group-520C61457A0F: changes role from  FOLLOWER to FOLLOWER at term 1 for candidate:abf042c3-6cd4-4c06-9655-57992d013f88
2024-02-06 10:05:02,567 [grpc-default-executor-5] INFO  impl.RoleInfo (RoleInfo.java:shutdownFollowerState(110)) - 632684f9-b96b-4968-b03c-341844499869: shutdown 632684f9-b96b-4968-b03c-341844499869@group-520C61457A0F-FollowerState
2024-02-06 10:05:02,567 [grpc-default-executor-5] INFO  impl.RoleInfo (RoleInfo.java:updateAndGet(139)) - 632684f9-b96b-4968-b03c-341844499869: start 632684f9-b96b-4968-b03c-341844499869@group-520C61457A0F-FollowerState
2024-02-06 10:05:02,567 [632684f9-b96b-4968-b03c-341844499869@group-520C61457A0F-FollowerState] INFO  impl.FollowerState (FollowerState.java:run(152)) - 632684f9-b96b-4968-b03c-341844499869@group-520C61457A0F-FollowerState was interrupted
2024-02-06 10:05:02,568 [grpc-default-executor-5] INFO  server.RaftServer$Division (RaftServerImpl.java:setFirstElection(574)) - 632684f9-b96b-4968-b03c-341844499869@group-520C61457A0F: set firstElectionSinceStartup to false for candidate:abf042c3-6cd4-4c06-9655-57992d013f88
2024-02-06 10:05:02,569 [grpc-default-executor-2] INFO  server.RaftServer$Division (RaftServerImpl.java:requestVote(1422)) - 2bb22b89-6b01-4b52-bccb-ae4677f02d8d@group-520C61457A0F replies to ELECTION vote request: abf042c3-6cd4-4c06-9655-57992d013f88<-2bb22b89-6b01-4b52-bccb-ae4677f02d8d#0:OK-t1. Peer's state: 2bb22b89-6b01-4b52-bccb-ae4677f02d8d@group-520C61457A0F:t1, leader=null, voted=abf042c3-6cd4-4c06-9655-57992d013f88, raftlog=Memoized:2bb22b89-6b01-4b52-bccb-ae4677f02d8d@group-520C61457A0F-SegmentedRaftLog:OPENED:c-1, conf=-1: peers:[632684f9-b96b-4968-b03c-341844499869|10.1.0.5:15522, 2bb22b89-6b01-4b52-bccb-ae4677f02d8d|10.1.0.5:15531, abf042c3-6cd4-4c06-9655-57992d013f88|10.1.0.5:15513]|listeners:[], old=null
2024-02-06 10:05:02,569 [grpc-default-executor-5] INFO  server.RaftServer$Division (RaftServerImpl.java:requestVote(1422)) - 632684f9-b96b-4968-b03c-341844499869@group-520C61457A0F replies to ELECTION vote request: abf042c3-6cd4-4c06-9655-57992d013f88<-632684f9-b96b-4968-b03c-341844499869#0:OK-t1. Peer's state: 632684f9-b96b-4968-b03c-341844499869@group-520C61457A0F:t1, leader=null, voted=abf042c3-6cd4-4c06-9655-57992d013f88, raftlog=Memoized:632684f9-b96b-4968-b03c-341844499869@group-520C61457A0F-SegmentedRaftLog:OPENED:c-1, conf=-1: peers:[632684f9-b96b-4968-b03c-341844499869|10.1.0.5:15522, 2bb22b89-6b01-4b52-bccb-ae4677f02d8d|10.1.0.5:15531, abf042c3-6cd4-4c06-9655-57992d013f88|10.1.0.5:15513]|listeners:[], old=null
2024-02-06 10:05:02,569 [abf042c3-6cd4-4c06-9655-57992d013f88@group-520C61457A0F-LeaderElection90] INFO  impl.LeaderElection (LeaderElection.java:logAndReturn(89)) - abf042c3-6cd4-4c06-9655-57992d013f88@group-520C61457A0F-LeaderElection90: ELECTION PASSED received 1 response(s) and 0 exception(s):
2024-02-06 10:05:02,569 [abf042c3-6cd4-4c06-9655-57992d013f88@group-520C61457A0F-LeaderElection90] INFO  impl.LeaderElection (LeaderElection.java:logAndReturn(93)) -   Response 0: abf042c3-6cd4-4c06-9655-57992d013f88<-2bb22b89-6b01-4b52-bccb-ae4677f02d8d#0:OK-t1
2024-02-06 10:05:02,569 [abf042c3-6cd4-4c06-9655-57992d013f88@group-520C61457A0F-LeaderElection90] INFO  impl.LeaderElection (LeaderElection.java:askForVotes(323)) - abf042c3-6cd4-4c06-9655-57992d013f88@group-520C61457A0F-LeaderElection90 ELECTION round 0: result PASSED
2024-02-06 10:05:02,569 [abf042c3-6cd4-4c06-9655-57992d013f88@group-520C61457A0F-LeaderElection90] INFO  impl.RoleInfo (RoleInfo.java:shutdownLeaderElection(130)) - abf042c3-6cd4-4c06-9655-57992d013f88: shutdown abf042c3-6cd4-4c06-9655-57992d013f88@group-520C61457A0F-LeaderElection90
2024-02-06 10:05:02,569 [abf042c3-6cd4-4c06-9655-57992d013f88@group-520C61457A0F-LeaderElection90] INFO  server.RaftServer$Division (RaftServerImpl.java:setRole(383)) - abf042c3-6cd4-4c06-9655-57992d013f88@group-520C61457A0F: changes role from CANDIDATE to LEADER at term 1 for changeToLeader
2024-02-06 10:05:02,569 [abf042c3-6cd4-4c06-9655-57992d013f88@group-520C61457A0F-LeaderElection90] INFO  server.RaftServerConfigKeys (ConfUtils.java:logGet(46)) - raft.server.staging.catchup.gap = 1000 (default)
2024-02-06 10:05:02,570 [abf042c3-6cd4-4c06-9655-57992d013f88@group-520C61457A0F-LeaderElection90] INFO  server.RaftServerConfigKeys (ConfUtils.java:logGet(46)) - raft.server.write.element-limit = 1024 (custom)
2024-02-06 10:05:02,570 [abf042c3-6cd4-4c06-9655-57992d013f88@group-520C61457A0F-LeaderElection90] INFO  server.RaftServerConfigKeys (ConfUtils.java:logGet(46)) - raft.server.write.byte-limit = 1024 M (=1073741824) (custom)
2024-02-06 10:05:02,570 [abf042c3-6cd4-4c06-9655-57992d013f88@group-520C61457A0F-LeaderElection90] INFO  server.RaftServerConfigKeys (ConfUtils.java:logGet(46)) - raft.server.watch.timeout = 3000ms (custom)
2024-02-06 10:05:02,570 [abf042c3-6cd4-4c06-9655-57992d013f88@group-520C61457A0F-LeaderElection90] INFO  server.RaftServerConfigKeys (ConfUtils.java:logGet(46)) - raft.server.watch.timeout.denomination = 1s (default)
2024-02-06 10:05:02,570 [abf042c3-6cd4-4c06-9655-57992d013f88@group-520C61457A0F-LeaderElection90] INFO  server.RaftServerConfigKeys (ConfUtils.java:logGet(46)) - raft.server.watch.element-limit = 65536 (default)
2024-02-06 10:05:02,570 [abf042c3-6cd4-4c06-9655-57992d013f88@group-520C61457A0F-LeaderElection90] INFO  server.RaftServerConfigKeys (ConfUtils.java:logGet(46)) - raft.server.read.leader.lease.enabled = false (default)
2024-02-06 10:05:02,570 [abf042c3-6cd4-4c06-9655-57992d013f88@group-520C61457A0F-LeaderElection90] INFO  server.RaftServerConfigKeys (ConfUtils.java:logGet(46)) - raft.server.read.leader.lease.timeout.ratio = 0.9 (default)
2024-02-06 10:05:02,570 [abf042c3-6cd4-4c06-9655-57992d013f88@group-520C61457A0F-LeaderElection90] INFO  server.RaftServerConfigKeys (ConfUtils.java:logGet(46)) - raft.server.rpc.timeout.min = 5s (custom)
2024-02-06 10:05:02,570 [abf042c3-6cd4-4c06-9655-57992d013f88@group-520C61457A0F-LeaderElection90] INFO  server.RaftServerConfigKeys (ConfUtils.java:logGet(46)) - raft.server.write.element-limit = 1024 (custom)
2024-02-06 10:05:02,570 [abf042c3-6cd4-4c06-9655-57992d013f88@group-520C61457A0F-LeaderElection90] INFO  server.RaftServerConfigKeys (ConfUtils.java:logGet(46)) - raft.server.write.follower.gap.ratio.max = -1.0 (default)
2024-02-06 10:05:02,571 [abf042c3-6cd4-4c06-9655-57992d013f88@group-520C61457A0F-LeaderElection90] INFO  server.RaftServerConfigKeys (ConfUtils.java:logGet(46)) - raft.server.log.appender.snapshot.chunk.size.max = 16MB (=16777216) (default)
2024-02-06 10:05:02,571 [abf042c3-6cd4-4c06-9655-57992d013f88@group-520C61457A0F-LeaderElection90] INFO  server.RaftServerConfigKeys (ConfUtils.java:logGet(46)) - raft.server.log.appender.buffer.byte-limit = 8388608 (custom)
2024-02-06 10:05:02,571 [abf042c3-6cd4-4c06-9655-57992d013f88@group-520C61457A0F-LeaderElection90] INFO  server.RaftServerConfigKeys (ConfUtils.java:logGet(46)) - raft.server.log.appender.buffer.element-limit = 1 (custom)
2024-02-06 10:05:02,571 [abf042c3-6cd4-4c06-9655-57992d013f88@group-520C61457A0F-LeaderElection90] INFO  server.RaftServerConfigKeys (ConfUtils.java:logGet(46)) - raft.server.log.appender.wait-time.min = 0ms (custom)
2024-02-06 10:05:02,571 [abf042c3-6cd4-4c06-9655-57992d013f88@group-520C61457A0F-LeaderElection90] INFO  grpc.GrpcConfigKeys (ConfUtils.java:logGet(46)) - raft.grpc.server.leader.outstanding.appends.max = 8 (default)
2024-02-06 10:05:02,571 [abf042c3-6cd4-4c06-9655-57992d013f88@group-520C61457A0F-LeaderElection90] INFO  server.RaftServerConfigKeys (ConfUtils.java:logGet(46)) - raft.server.rpc.request.timeout = 3000ms (default)
2024-02-06 10:05:02,571 [abf042c3-6cd4-4c06-9655-57992d013f88@group-520C61457A0F-LeaderElection90] INFO  grpc.GrpcConfigKeys (ConfUtils.java:logGet(46)) - raft.grpc.server.install_snapshot.request.element-limit = 8 (default)
2024-02-06 10:05:02,571 [abf042c3-6cd4-4c06-9655-57992d013f88@group-520C61457A0F-LeaderElection90] INFO  grpc.GrpcConfigKeys (ConfUtils.java:logGet(46)) - raft.grpc.server.install_snapshot.request.timeout = 3000ms (default)
2024-02-06 10:05:02,571 [abf042c3-6cd4-4c06-9655-57992d013f88@group-520C61457A0F-LeaderElection90] INFO  grpc.GrpcConfigKeys (ConfUtils.java:logGet(46)) - raft.grpc.server.log-message.batch.duration = 5s (default)
2024-02-06 10:05:02,572 [abf042c3-6cd4-4c06-9655-57992d013f88@group-520C61457A0F-LeaderElection90] INFO  server.RaftServerConfigKeys (ConfUtils.java:logGet(46)) - raft.server.log.appender.install.snapshot.enabled = false (custom)
2024-02-06 10:05:02,572 [abf042c3-6cd4-4c06-9655-57992d013f88@group-520C61457A0F-LeaderElection90] INFO  grpc.GrpcConfigKeys (ConfUtils.java:logGet(46)) - raft.grpc.server.heartbeat.channel = true (default)
2024-02-06 10:05:02,573 [abf042c3-6cd4-4c06-9655-57992d013f88@group-520C61457A0F-LeaderElection90] INFO  server.RaftServerConfigKeys (ConfUtils.java:logGet(46)) - raft.server.log.appender.snapshot.chunk.size.max = 16MB (=16777216) (default)
2024-02-06 10:05:02,573 [abf042c3-6cd4-4c06-9655-57992d013f88@group-520C61457A0F-LeaderElection90] INFO  server.RaftServerConfigKeys (ConfUtils.java:logGet(46)) - raft.server.log.appender.buffer.byte-limit = 8388608 (custom)
2024-02-06 10:05:02,573 [abf042c3-6cd4-4c06-9655-57992d013f88@group-520C61457A0F-LeaderElection90] INFO  server.RaftServerConfigKeys (ConfUtils.java:logGet(46)) - raft.server.log.appender.buffer.element-limit = 1 (custom)
2024-02-06 10:05:02,573 [abf042c3-6cd4-4c06-9655-57992d013f88@group-520C61457A0F-LeaderElection90] INFO  server.RaftServerConfigKeys (ConfUtils.java:logGet(46)) - raft.server.log.appender.wait-time.min = 0ms (custom)
2024-02-06 10:05:02,573 [abf042c3-6cd4-4c06-9655-57992d013f88@group-520C61457A0F-LeaderElection90] INFO  grpc.GrpcConfigKeys (ConfUtils.java:logGet(46)) - raft.grpc.server.leader.outstanding.appends.max = 8 (default)
2024-02-06 10:05:02,573 [abf042c3-6cd4-4c06-9655-57992d013f88@group-520C61457A0F-LeaderElection90] INFO  server.RaftServerConfigKeys (ConfUtils.java:logGet(46)) - raft.server.rpc.request.timeout = 3000ms (default)
2024-02-06 10:05:02,573 [abf042c3-6cd4-4c06-9655-57992d013f88@group-520C61457A0F-LeaderElection90] INFO  grpc.GrpcConfigKeys (ConfUtils.java:logGet(46)) - raft.grpc.server.install_snapshot.request.element-limit = 8 (default)
2024-02-06 10:05:02,573 [abf042c3-6cd4-4c06-9655-57992d013f88@group-520C61457A0F-LeaderElection90] INFO  grpc.GrpcConfigKeys (ConfUtils.java:logGet(46)) - raft.grpc.server.install_snapshot.request.timeout = 3000ms (default)
2024-02-06 10:05:02,573 [abf042c3-6cd4-4c06-9655-57992d013f88@group-520C61457A0F-LeaderElection90] INFO  grpc.GrpcConfigKeys (ConfUtils.java:logGet(46)) - raft.grpc.server.log-message.batch.duration = 5s (default)
2024-02-06 10:05:02,573 [abf042c3-6cd4-4c06-9655-57992d013f88@group-520C61457A0F-LeaderElection90] INFO  server.RaftServerConfigKeys (ConfUtils.java:logGet(46)) - raft.server.log.appender.install.snapshot.enabled = false (custom)
2024-02-06 10:05:02,573 [abf042c3-6cd4-4c06-9655-57992d013f88@group-520C61457A0F-LeaderElection90] INFO  grpc.GrpcConfigKeys (ConfUtils.java:logGet(46)) - raft.grpc.server.heartbeat.channel = true (default)
2024-02-06 10:05:02,573 [abf042c3-6cd4-4c06-9655-57992d013f88@group-520C61457A0F-LeaderElection90] INFO  impl.RoleInfo (RoleInfo.java:updateAndGet(139)) - abf042c3-6cd4-4c06-9655-57992d013f88: start abf042c3-6cd4-4c06-9655-57992d013f88@group-520C61457A0F-LeaderStateImpl
2024-02-06 10:05:02,573 [abf042c3-6cd4-4c06-9655-57992d013f88@group-520C61457A0F-LeaderElection90] INFO  server.RaftServer$Division (RaftServerImpl.java:setFirstElection(574)) - abf042c3-6cd4-4c06-9655-57992d013f88@group-520C61457A0F: set firstElectionSinceStartup to false for becomeLeader
2024-02-06 10:05:02,573 [abf042c3-6cd4-4c06-9655-57992d013f88@group-520C61457A0F-LeaderElection90] INFO  ratis.XceiverServerRatis (XceiverServerRatis.java:handleLeaderChangedNotification(966)) - Leader change notification received for group: group-520C61457A0F with new leaderId: abf042c3-6cd4-4c06-9655-57992d013f88
2024-02-06 10:05:02,574 [abf042c3-6cd4-4c06-9655-57992d013f88@group-520C61457A0F-LeaderElection90] INFO  server.RaftServer$Division (ServerState.java:setLeader(269)) - abf042c3-6cd4-4c06-9655-57992d013f88@group-520C61457A0F: change Leader from null to abf042c3-6cd4-4c06-9655-57992d013f88 at term 1 for becomeLeader, leader elected after 5132ms
2024-02-06 10:05:02,574 [abf042c3-6cd4-4c06-9655-57992d013f88@group-520C61457A0F-LeaderElection90] INFO  segmented.SegmentedRaftLogWorker (SegmentedRaftLogWorker.java:startLogSegment(430)) - abf042c3-6cd4-4c06-9655-57992d013f88@group-520C61457A0F-SegmentedRaftLogWorker: Starting segment from index:0
2024-02-06 10:05:02,574 [abf042c3-6cd4-4c06-9655-57992d013f88@group-520C61457A0F-LeaderElection90] INFO  server.RaftServer$Division (ServerState.java:setRaftConf(386)) - abf042c3-6cd4-4c06-9655-57992d013f88@group-520C61457A0F: set configuration 0: peers:[632684f9-b96b-4968-b03c-341844499869|10.1.0.5:15522, 2bb22b89-6b01-4b52-bccb-ae4677f02d8d|10.1.0.5:15531, abf042c3-6cd4-4c06-9655-57992d013f88|10.1.0.5:15513]|listeners:[], old=null
2024-02-06 10:05:02,574 [abf042c3-6cd4-4c06-9655-57992d013f88@group-520C61457A0F-SegmentedRaftLogWorker] INFO  segmented.BufferedWriteChannel (BufferedWriteChannel.java:open(62)) - open log_inprogress_0 at position 0
2024-02-06 10:05:02,578 [EventQueue-PipelineReportForPipelineReportHandler] INFO  pipeline.PipelineReportHandler (PipelineReportHandler.java:processPipelineReport(136)) - Opened pipeline PipelineID=ce42dad2-5b71-4af9-a93f-520c61457a0f
2024-02-06 10:05:02,580 [2bb22b89-6b01-4b52-bccb-ae4677f02d8d-server-thread1] INFO  ratis.XceiverServerRatis (XceiverServerRatis.java:handleLeaderChangedNotification(966)) - Leader change notification received for group: group-520C61457A0F with new leaderId: abf042c3-6cd4-4c06-9655-57992d013f88
2024-02-06 10:05:02,580 [2bb22b89-6b01-4b52-bccb-ae4677f02d8d-server-thread1] INFO  server.RaftServer$Division (ServerState.java:setLeader(269)) - 2bb22b89-6b01-4b52-bccb-ae4677f02d8d@group-520C61457A0F: change Leader from null to abf042c3-6cd4-4c06-9655-57992d013f88 at term 1 for appendEntries, leader elected after 5122ms
2024-02-06 10:05:02,580 [abf042c3-6cd4-4c06-9655-57992d013f88@group-6F6918DAB04D-FollowerState] INFO  impl.FollowerState (FollowerState.java:run(143)) - abf042c3-6cd4-4c06-9655-57992d013f88@group-6F6918DAB04D-FollowerState: change to CANDIDATE, lastRpcElapsedTime:5141481435ns, electionTimeout:5141ms
2024-02-06 10:05:02,580 [abf042c3-6cd4-4c06-9655-57992d013f88@group-6F6918DAB04D-FollowerState] INFO  impl.RoleInfo (RoleInfo.java:shutdownFollowerState(110)) - abf042c3-6cd4-4c06-9655-57992d013f88: shutdown abf042c3-6cd4-4c06-9655-57992d013f88@group-6F6918DAB04D-FollowerState
2024-02-06 10:05:02,580 [abf042c3-6cd4-4c06-9655-57992d013f88@group-6F6918DAB04D-FollowerState] INFO  server.RaftServer$Division (RaftServerImpl.java:setRole(383)) - abf042c3-6cd4-4c06-9655-57992d013f88@group-6F6918DAB04D: changes role from  FOLLOWER to CANDIDATE at term 0 for changeToCandidate
2024-02-06 10:05:02,580 [abf042c3-6cd4-4c06-9655-57992d013f88@group-6F6918DAB04D-FollowerState] INFO  server.RaftServerConfigKeys (ConfUtils.java:logGet(46)) - raft.server.leaderelection.pre-vote = true (default)
2024-02-06 10:05:02,580 [abf042c3-6cd4-4c06-9655-57992d013f88@group-6F6918DAB04D-FollowerState] INFO  impl.RoleInfo (RoleInfo.java:updateAndGet(139)) - abf042c3-6cd4-4c06-9655-57992d013f88: start abf042c3-6cd4-4c06-9655-57992d013f88@group-6F6918DAB04D-LeaderElection91
2024-02-06 10:05:02,582 [632684f9-b96b-4968-b03c-341844499869-server-thread1] INFO  ratis.XceiverServerRatis (XceiverServerRatis.java:handleLeaderChangedNotification(966)) - Leader change notification received for group: group-520C61457A0F with new leaderId: abf042c3-6cd4-4c06-9655-57992d013f88
2024-02-06 10:05:02,582 [632684f9-b96b-4968-b03c-341844499869-server-thread1] INFO  server.RaftServer$Division (ServerState.java:setLeader(269)) - 632684f9-b96b-4968-b03c-341844499869@group-520C61457A0F: change Leader from null to abf042c3-6cd4-4c06-9655-57992d013f88 at term 1 for appendEntries, leader elected after 5106ms
2024-02-06 10:05:02,584 [2bb22b89-6b01-4b52-bccb-ae4677f02d8d-server-thread2] INFO  server.RaftServer$Division (ServerState.java:setRaftConf(386)) - 2bb22b89-6b01-4b52-bccb-ae4677f02d8d@group-520C61457A0F: set configuration 0: peers:[632684f9-b96b-4968-b03c-341844499869|10.1.0.5:15522, 2bb22b89-6b01-4b52-bccb-ae4677f02d8d|10.1.0.5:15531, abf042c3-6cd4-4c06-9655-57992d013f88|10.1.0.5:15513]|listeners:[], old=null
2024-02-06 10:05:02,584 [632684f9-b96b-4968-b03c-341844499869-server-thread2] INFO  server.RaftServer$Division (ServerState.java:setRaftConf(386)) - 632684f9-b96b-4968-b03c-341844499869@group-520C61457A0F: set configuration 0: peers:[632684f9-b96b-4968-b03c-341844499869|10.1.0.5:15522, 2bb22b89-6b01-4b52-bccb-ae4677f02d8d|10.1.0.5:15531, abf042c3-6cd4-4c06-9655-57992d013f88|10.1.0.5:15513]|listeners:[], old=null
2024-02-06 10:05:02,585 [abf042c3-6cd4-4c06-9655-57992d013f88@group-520C61457A0F-SegmentedRaftLogWorker] INFO  segmented.SegmentedRaftLogWorker (SegmentedRaftLogWorker.java:execute(634)) - abf042c3-6cd4-4c06-9655-57992d013f88@group-520C61457A0F-SegmentedRaftLogWorker: created new log segment /home/runner/work/ozone/ozone/hadoop-ozone/integration-test/target/test-dir/MiniOzoneClusterImpl-5d1c2165-a83d-4eb5-a2bf-ae35b2f22424/datanode-6/data/ratis/ce42dad2-5b71-4af9-a93f-520c61457a0f/current/log_inprogress_0
2024-02-06 10:05:02,584 [2bb22b89-6b01-4b52-bccb-ae4677f02d8d-server-thread2] INFO  segmented.SegmentedRaftLogWorker (SegmentedRaftLogWorker.java:startLogSegment(430)) - 2bb22b89-6b01-4b52-bccb-ae4677f02d8d@group-520C61457A0F-SegmentedRaftLogWorker: Starting segment from index:0
2024-02-06 10:05:02,585 [632684f9-b96b-4968-b03c-341844499869-server-thread2] INFO  segmented.SegmentedRaftLogWorker (SegmentedRaftLogWorker.java:startLogSegment(430)) - 632684f9-b96b-4968-b03c-341844499869@group-520C61457A0F-SegmentedRaftLogWorker: Starting segment from index:0
2024-02-06 10:05:02,586 [abf042c3-6cd4-4c06-9655-57992d013f88@group-6F6918DAB04D-LeaderElection91] INFO  impl.LeaderElection (LeaderElection.java:askForVotes(321)) - abf042c3-6cd4-4c06-9655-57992d013f88@group-6F6918DAB04D-LeaderElection91 PRE_VOTE round 0: submit vote requests at term 0 for -1: peers:[abf042c3-6cd4-4c06-9655-57992d013f88|10.1.0.5:15513]|listeners:[], old=null
2024-02-06 10:05:02,587 [632684f9-b96b-4968-b03c-341844499869@group-520C61457A0F-SegmentedRaftLogWorker] INFO  segmented.BufferedWriteChannel (BufferedWriteChannel.java:open(62)) - open log_inprogress_0 at position 0
2024-02-06 10:05:02,590 [main] INFO  ozone.MiniOzoneClusterImpl (MiniOzoneClusterImpl.java:lambda$waitForClusterToBeReady$0(228)) - Nodes are ready. Got 9 of 9 DN Heartbeats.
2024-02-06 10:05:02,590 [main] INFO  ozone.MiniOzoneClusterImpl (MiniOzoneClusterImpl.java:lambda$waitForClusterToBeReady$0(231)) - Cluster exits safe mode
2024-02-06 10:05:02,590 [main] INFO  ozone.MiniOzoneClusterImpl (MiniOzoneClusterImpl.java:lambda$waitForClusterToBeReady$0(233)) - SCM became leader
2024-02-06 10:05:02,591 [main] INFO  protocolPB.OmTransportFactory (OmTransportFactory.java:createFactory(62)) - Loading OM transport implementation org.apache.hadoop.ozone.om.protocolPB.Hadoop3OmTransportFactory as specified by configuration.
2024-02-06 10:05:02,587 [2bb22b89-6b01-4b52-bccb-ae4677f02d8d@group-520C61457A0F-SegmentedRaftLogWorker] INFO  segmented.BufferedWriteChannel (BufferedWriteChannel.java:open(62)) - open log_inprogress_0 at position 0
2024-02-06 10:05:02,589 [abf042c3-6cd4-4c06-9655-57992d013f88@group-6F6918DAB04D-LeaderElection91] INFO  impl.LeaderElection (LeaderElection.java:askForVotes(323)) - abf042c3-6cd4-4c06-9655-57992d013f88@group-6F6918DAB04D-LeaderElection91 PRE_VOTE round 0: result PASSED (term=0)
2024-02-06 10:05:02,598 [main] INFO  rpc.RpcClient (RpcClient.java:createVolume(455)) - Creating Volume: watchforcommithandlingtest, with runner as owner and space quota set to -1 bytes, counts quota set to -1
2024-02-06 10:05:02,599 [632684f9-b96b-4968-b03c-341844499869@group-520C61457A0F-SegmentedRaftLogWorker] INFO  segmented.SegmentedRaftLogWorker (SegmentedRaftLogWorker.java:execute(634)) - 632684f9-b96b-4968-b03c-341844499869@group-520C61457A0F-SegmentedRaftLogWorker: created new log segment /home/runner/work/ozone/ozone/hadoop-ozone/integration-test/target/test-dir/MiniOzoneClusterImpl-5d1c2165-a83d-4eb5-a2bf-ae35b2f22424/datanode-7/data/ratis/ce42dad2-5b71-4af9-a93f-520c61457a0f/current/log_inprogress_0
2024-02-06 10:05:02,599 [2bb22b89-6b01-4b52-bccb-ae4677f02d8d@group-520C61457A0F-SegmentedRaftLogWorker] INFO  segmented.SegmentedRaftLogWorker (SegmentedRaftLogWorker.java:execute(634)) - 2bb22b89-6b01-4b52-bccb-ae4677f02d8d@group-520C61457A0F-SegmentedRaftLogWorker: created new log segment /home/runner/work/ozone/ozone/hadoop-ozone/integration-test/target/test-dir/MiniOzoneClusterImpl-5d1c2165-a83d-4eb5-a2bf-ae35b2f22424/datanode-8/data/ratis/ce42dad2-5b71-4af9-a93f-520c61457a0f/current/log_inprogress_0
2024-02-06 10:05:02,600 [abf042c3-6cd4-4c06-9655-57992d013f88@group-6F6918DAB04D-LeaderElection91] INFO  impl.LeaderElection (LeaderElection.java:askForVotes(321)) - abf042c3-6cd4-4c06-9655-57992d013f88@group-6F6918DAB04D-LeaderElection91 ELECTION round 0: submit vote requests at term 1 for -1: peers:[abf042c3-6cd4-4c06-9655-57992d013f88|10.1.0.5:15513]|listeners:[], old=null
2024-02-06 10:05:02,605 [abf042c3-6cd4-4c06-9655-57992d013f88@group-6F6918DAB04D-LeaderElection91] INFO  impl.LeaderElection (LeaderElection.java:askForVotes(323)) - abf042c3-6cd4-4c06-9655-57992d013f88@group-6F6918DAB04D-LeaderElection91 ELECTION round 0: result PASSED (term=1)
2024-02-06 10:05:02,605 [632684f9-b96b-4968-b03c-341844499869@group-88D33CA13DF2-FollowerState] INFO  impl.FollowerState (FollowerState.java:run(143)) - 632684f9-b96b-4968-b03c-341844499869@group-88D33CA13DF2-FollowerState: change to CANDIDATE, lastRpcElapsedTime:5101409397ns, electionTimeout:5101ms
2024-02-06 10:05:02,606 [632684f9-b96b-4968-b03c-341844499869@group-88D33CA13DF2-FollowerState] INFO  impl.RoleInfo (RoleInfo.java:shutdownFollowerState(110)) - 632684f9-b96b-4968-b03c-341844499869: shutdown 632684f9-b96b-4968-b03c-341844499869@group-88D33CA13DF2-FollowerState
2024-02-06 10:05:02,606 [632684f9-b96b-4968-b03c-341844499869@group-88D33CA13DF2-FollowerState] INFO  server.RaftServer$Division (RaftServerImpl.java:setRole(383)) - 632684f9-b96b-4968-b03c-341844499869@group-88D33CA13DF2: changes role from  FOLLOWER to CANDIDATE at term 0 for changeToCandidate
2024-02-06 10:05:02,606 [632684f9-b96b-4968-b03c-341844499869@group-88D33CA13DF2-FollowerState] INFO  server.RaftServerConfigKeys (ConfUtils.java:logGet(46)) - raft.server.leaderelection.pre-vote = true (default)
2024-02-06 10:05:02,606 [632684f9-b96b-4968-b03c-341844499869@group-88D33CA13DF2-FollowerState] INFO  impl.RoleInfo (RoleInfo.java:updateAndGet(139)) - 632684f9-b96b-4968-b03c-341844499869: start 632684f9-b96b-4968-b03c-341844499869@group-88D33CA13DF2-LeaderElection92
2024-02-06 10:05:02,606 [abf042c3-6cd4-4c06-9655-57992d013f88@group-6F6918DAB04D-LeaderElection91] INFO  impl.RoleInfo (RoleInfo.java:shutdownLeaderElection(130)) - abf042c3-6cd4-4c06-9655-57992d013f88: shutdown abf042c3-6cd4-4c06-9655-57992d013f88@group-6F6918DAB04D-LeaderElection91
2024-02-06 10:05:02,606 [abf042c3-6cd4-4c06-9655-57992d013f88@group-6F6918DAB04D-LeaderElection91] INFO  server.RaftServer$Division (RaftServerImpl.java:setRole(383)) - abf042c3-6cd4-4c06-9655-57992d013f88@group-6F6918DAB04D: changes role from CANDIDATE to LEADER at term 1 for changeToLeader
2024-02-06 10:05:02,606 [abf042c3-6cd4-4c06-9655-57992d013f88@group-6F6918DAB04D-LeaderElection91] INFO  server.RaftServerConfigKeys (ConfUtils.java:logGet(46)) - raft.server.staging.catchup.gap = 1000 (default)
2024-02-06 10:05:02,607 [abf042c3-6cd4-4c06-9655-57992d013f88@group-6F6918DAB04D-LeaderElection91] INFO  server.RaftServerConfigKeys (ConfUtils.java:logGet(46)) - raft.server.write.element-limit = 1024 (custom)
2024-02-06 10:05:02,607 [abf042c3-6cd4-4c06-9655-57992d013f88@group-6F6918DAB04D-LeaderElection91] INFO  server.RaftServerConfigKeys (ConfUtils.java:logGet(46)) - raft.server.write.byte-limit = 1024 M (=1073741824) (custom)
2024-02-06 10:05:02,607 [abf042c3-6cd4-4c06-9655-57992d013f88@group-520C61457A0F-StateMachineUpdater] INFO  server.RaftServer$Division (LeaderStateImpl.java:isApplied(320)) - leader is ready since appliedIndex == 0 >= startIndex == 0
2024-02-06 10:05:02,607 [om1-OMStateMachineApplyTransactionThread - 0] INFO  volume.OMVolumeCreateRequest (OMVolumeCreateRequest.java:validateAndUpdateCache(198)) - created volume:watchforcommithandlingtest for user:runner
2024-02-06 10:05:02,607 [632684f9-b96b-4968-b03c-341844499869@group-88D33CA13DF2-LeaderElection92] INFO  impl.LeaderElection (LeaderElection.java:askForVotes(321)) - 632684f9-b96b-4968-b03c-341844499869@group-88D33CA13DF2-LeaderElection92 PRE_VOTE round 0: submit vote requests at term 0 for -1: peers:[632684f9-b96b-4968-b03c-341844499869|10.1.0.5:15522]|listeners:[], old=null
2024-02-06 10:05:02,608 [632684f9-b96b-4968-b03c-341844499869@group-88D33CA13DF2-LeaderElection92] INFO  impl.LeaderElection (LeaderElection.java:askForVotes(323)) - 632684f9-b96b-4968-b03c-341844499869@group-88D33CA13DF2-LeaderElection92 PRE_VOTE round 0: result PASSED (term=0)
2024-02-06 10:05:02,608 [abf042c3-6cd4-4c06-9655-57992d013f88@group-6F6918DAB04D-LeaderElection91] INFO  server.RaftServerConfigKeys (ConfUtils.java:logGet(46)) - raft.server.watch.timeout = 3000ms (custom)
2024-02-06 10:05:02,609 [abf042c3-6cd4-4c06-9655-57992d013f88@group-6F6918DAB04D-LeaderElection91] INFO  server.RaftServerConfigKeys (ConfUtils.java:logGet(46)) - raft.server.watch.timeout.denomination = 1s (default)
2024-02-06 10:05:02,609 [abf042c3-6cd4-4c06-9655-57992d013f88@group-6F6918DAB04D-LeaderElection91] INFO  server.RaftServerConfigKeys (ConfUtils.java:logGet(46)) - raft.server.watch.element-limit = 65536 (default)
2024-02-06 10:05:02,618 [abf042c3-6cd4-4c06-9655-57992d013f88@group-6F6918DAB04D-LeaderElection91] INFO  server.RaftServerConfigKeys (ConfUtils.java:logGet(46)) - raft.server.read.leader.lease.enabled = false (default)
2024-02-06 10:05:02,618 [abf042c3-6cd4-4c06-9655-57992d013f88@group-6F6918DAB04D-LeaderElection91] INFO  server.RaftServerConfigKeys (ConfUtils.java:logGet(46)) - raft.server.read.leader.lease.timeout.ratio = 0.9 (default)
2024-02-06 10:05:02,618 [abf042c3-6cd4-4c06-9655-57992d013f88@group-6F6918DAB04D-LeaderElection91] INFO  server.RaftServerConfigKeys (ConfUtils.java:logGet(46)) - raft.server.rpc.timeout.min = 5s (custom)
2024-02-06 10:05:02,618 [abf042c3-6cd4-4c06-9655-57992d013f88@group-6F6918DAB04D-LeaderElection91] INFO  server.RaftServerConfigKeys (ConfUtils.java:logGet(46)) - raft.server.write.element-limit = 1024 (custom)
2024-02-06 10:05:02,618 [abf042c3-6cd4-4c06-9655-57992d013f88@group-6F6918DAB04D-LeaderElection91] INFO  server.RaftServerConfigKeys (ConfUtils.java:logGet(46)) - raft.server.write.follower.gap.ratio.max = -1.0 (default)
2024-02-06 10:05:02,618 [abf042c3-6cd4-4c06-9655-57992d013f88@group-6F6918DAB04D-LeaderElection91] INFO  impl.RoleInfo (RoleInfo.java:updateAndGet(139)) - abf042c3-6cd4-4c06-9655-57992d013f88: start abf042c3-6cd4-4c06-9655-57992d013f88@group-6F6918DAB04D-LeaderStateImpl
2024-02-06 10:05:02,618 [abf042c3-6cd4-4c06-9655-57992d013f88@group-6F6918DAB04D-LeaderElection91] INFO  server.RaftServer$Division (RaftServerImpl.java:setFirstElection(574)) - abf042c3-6cd4-4c06-9655-57992d013f88@group-6F6918DAB04D: set firstElectionSinceStartup to false for becomeLeader
2024-02-06 10:05:02,618 [abf042c3-6cd4-4c06-9655-57992d013f88@group-6F6918DAB04D-LeaderElection91] INFO  ratis.XceiverServerRatis (XceiverServerRatis.java:handleLeaderChangedNotification(966)) - Leader change notification received for group: group-6F6918DAB04D with new leaderId: abf042c3-6cd4-4c06-9655-57992d013f88
2024-02-06 10:05:02,618 [abf042c3-6cd4-4c06-9655-57992d013f88@group-6F6918DAB04D-LeaderElection91] INFO  server.RaftServer$Division (ServerState.java:setLeader(269)) - abf042c3-6cd4-4c06-9655-57992d013f88@group-6F6918DAB04D: change Leader from null to abf042c3-6cd4-4c06-9655-57992d013f88 at term 1 for becomeLeader, leader elected after 5191ms
2024-02-06 10:05:02,618 [abf042c3-6cd4-4c06-9655-57992d013f88@group-6F6918DAB04D-LeaderElection91] INFO  segmented.SegmentedRaftLogWorker (SegmentedRaftLogWorker.java:startLogSegment(430)) - abf042c3-6cd4-4c06-9655-57992d013f88@group-6F6918DAB04D-SegmentedRaftLogWorker: Starting segment from index:0
2024-02-06 10:05:02,618 [main] INFO  rpc.RpcClient (RpcClient.java:createBucket(682)) - Creating Bucket: watchforcommithandlingtest/watchforcommithandlingtest, with server-side default bucket layout, runner as owner, Versioning false, Storage Type set to DISK and Encryption set to false, Replication Type set to server-side default replication type, Namespace Quota set to -1, Space Quota set to -1 
2024-02-06 10:05:02,619 [abf042c3-6cd4-4c06-9655-57992d013f88@group-6F6918DAB04D-SegmentedRaftLogWorker] INFO  segmented.BufferedWriteChannel (BufferedWriteChannel.java:open(62)) - open log_inprogress_0 at position 0
2024-02-06 10:05:02,609 [632684f9-b96b-4968-b03c-341844499869@group-88D33CA13DF2-LeaderElection92] INFO  impl.LeaderElection (LeaderElection.java:askForVotes(321)) - 632684f9-b96b-4968-b03c-341844499869@group-88D33CA13DF2-LeaderElection92 ELECTION round 0: submit vote requests at term 1 for -1: peers:[632684f9-b96b-4968-b03c-341844499869|10.1.0.5:15522]|listeners:[], old=null
2024-02-06 10:05:02,619 [632684f9-b96b-4968-b03c-341844499869@group-88D33CA13DF2-LeaderElection92] INFO  impl.LeaderElection (LeaderElection.java:askForVotes(323)) - 632684f9-b96b-4968-b03c-341844499869@group-88D33CA13DF2-LeaderElection92 ELECTION round 0: result PASSED (term=1)
2024-02-06 10:05:02,619 [632684f9-b96b-4968-b03c-341844499869@group-88D33CA13DF2-LeaderElection92] INFO  impl.RoleInfo (RoleInfo.java:shutdownLeaderElection(130)) - 632684f9-b96b-4968-b03c-341844499869: shutdown 632684f9-b96b-4968-b03c-341844499869@group-88D33CA13DF2-LeaderElection92
2024-02-06 10:05:02,619 [632684f9-b96b-4968-b03c-341844499869@group-88D33CA13DF2-LeaderElection92] INFO  server.RaftServer$Division (RaftServerImpl.java:setRole(383)) - 632684f9-b96b-4968-b03c-341844499869@group-88D33CA13DF2: changes role from CANDIDATE to LEADER at term 1 for changeToLeader
2024-02-06 10:05:02,619 [632684f9-b96b-4968-b03c-341844499869@group-88D33CA13DF2-LeaderElection92] INFO  server.RaftServerConfigKeys (ConfUtils.java:logGet(46)) - raft.server.staging.catchup.gap = 1000 (default)
2024-02-06 10:05:02,619 [632684f9-b96b-4968-b03c-341844499869@group-88D33CA13DF2-LeaderElection92] INFO  server.RaftServerConfigKeys (ConfUtils.java:logGet(46)) - raft.server.write.element-limit = 1024 (custom)
2024-02-06 10:05:02,619 [632684f9-b96b-4968-b03c-341844499869@group-88D33CA13DF2-LeaderElection92] INFO  server.RaftServerConfigKeys (ConfUtils.java:logGet(46)) - raft.server.write.byte-limit = 1024 M (=1073741824) (custom)
2024-02-06 10:05:02,620 [632684f9-b96b-4968-b03c-341844499869@group-88D33CA13DF2-LeaderElection92] INFO  server.RaftServerConfigKeys (ConfUtils.java:logGet(46)) - raft.server.watch.timeout = 3000ms (custom)
2024-02-06 10:05:02,620 [632684f9-b96b-4968-b03c-341844499869@group-88D33CA13DF2-LeaderElection92] INFO  server.RaftServerConfigKeys (ConfUtils.java:logGet(46)) - raft.server.watch.timeout.denomination = 1s (default)
2024-02-06 10:05:02,620 [632684f9-b96b-4968-b03c-341844499869@group-88D33CA13DF2-LeaderElection92] INFO  server.RaftServerConfigKeys (ConfUtils.java:logGet(46)) - raft.server.watch.element-limit = 65536 (default)
2024-02-06 10:05:02,620 [632684f9-b96b-4968-b03c-341844499869@group-88D33CA13DF2-LeaderElection92] INFO  server.RaftServerConfigKeys (ConfUtils.java:logGet(46)) - raft.server.read.leader.lease.enabled = false (default)
2024-02-06 10:05:02,620 [632684f9-b96b-4968-b03c-341844499869@group-88D33CA13DF2-LeaderElection92] INFO  server.RaftServerConfigKeys (ConfUtils.java:logGet(46)) - raft.server.read.leader.lease.timeout.ratio = 0.9 (default)
2024-02-06 10:05:02,620 [632684f9-b96b-4968-b03c-341844499869@group-88D33CA13DF2-LeaderElection92] INFO  server.RaftServerConfigKeys (ConfUtils.java:logGet(46)) - raft.server.rpc.timeout.min = 5s (custom)
2024-02-06 10:05:02,620 [632684f9-b96b-4968-b03c-341844499869@group-88D33CA13DF2-LeaderElection92] INFO  server.RaftServerConfigKeys (ConfUtils.java:logGet(46)) - raft.server.write.element-limit = 1024 (custom)
2024-02-06 10:05:02,620 [632684f9-b96b-4968-b03c-341844499869@group-88D33CA13DF2-LeaderElection92] INFO  server.RaftServerConfigKeys (ConfUtils.java:logGet(46)) - raft.server.write.follower.gap.ratio.max = -1.0 (default)
2024-02-06 10:05:02,620 [632684f9-b96b-4968-b03c-341844499869@group-88D33CA13DF2-LeaderElection92] INFO  impl.RoleInfo (RoleInfo.java:updateAndGet(139)) - 632684f9-b96b-4968-b03c-341844499869: start 632684f9-b96b-4968-b03c-341844499869@group-88D33CA13DF2-LeaderStateImpl
2024-02-06 10:05:02,620 [632684f9-b96b-4968-b03c-341844499869@group-88D33CA13DF2-LeaderElection92] INFO  server.RaftServer$Division (RaftServerImpl.java:setFirstElection(574)) - 632684f9-b96b-4968-b03c-341844499869@group-88D33CA13DF2: set firstElectionSinceStartup to false for becomeLeader
2024-02-06 10:05:02,620 [632684f9-b96b-4968-b03c-341844499869@group-88D33CA13DF2-LeaderElection92] INFO  ratis.XceiverServerRatis (XceiverServerRatis.java:handleLeaderChangedNotification(966)) - Leader change notification received for group: group-88D33CA13DF2 with new leaderId: 632684f9-b96b-4968-b03c-341844499869
2024-02-06 10:05:02,620 [632684f9-b96b-4968-b03c-341844499869@group-88D33CA13DF2-LeaderElection92] INFO  server.RaftServer$Division (ServerState.java:setLeader(269)) - 632684f9-b96b-4968-b03c-341844499869@group-88D33CA13DF2: change Leader from null to 632684f9-b96b-4968-b03c-341844499869 at term 1 for becomeLeader, leader elected after 5124ms
2024-02-06 10:05:02,620 [632684f9-b96b-4968-b03c-341844499869@group-88D33CA13DF2-LeaderElection92] INFO  segmented.SegmentedRaftLogWorker (SegmentedRaftLogWorker.java:startLogSegment(430)) - 632684f9-b96b-4968-b03c-341844499869@group-88D33CA13DF2-SegmentedRaftLogWorker: Starting segment from index:0
2024-02-06 10:05:02,621 [632684f9-b96b-4968-b03c-341844499869@group-88D33CA13DF2-SegmentedRaftLogWorker] INFO  segmented.BufferedWriteChannel (BufferedWriteChannel.java:open(62)) - open log_inprogress_0 at position 0
2024-02-06 10:05:02,621 [abf042c3-6cd4-4c06-9655-57992d013f88@group-6F6918DAB04D-LeaderElection91] INFO  server.RaftServer$Division (ServerState.java:setRaftConf(386)) - abf042c3-6cd4-4c06-9655-57992d013f88@group-6F6918DAB04D: set configuration 0: peers:[abf042c3-6cd4-4c06-9655-57992d013f88|10.1.0.5:15513]|listeners:[], old=null
2024-02-06 10:05:02,621 [632684f9-b96b-4968-b03c-341844499869@group-88D33CA13DF2-LeaderElection92] INFO  server.RaftServer$Division (ServerState.java:setRaftConf(386)) - 632684f9-b96b-4968-b03c-341844499869@group-88D33CA13DF2: set configuration 0: peers:[632684f9-b96b-4968-b03c-341844499869|10.1.0.5:15522]|listeners:[], old=null
2024-02-06 10:05:02,625 [om1-OMStateMachineApplyTransactionThread - 0] INFO  bucket.OMBucketCreateRequest (OMBucketCreateRequest.java:validateAndUpdateCache(292)) - created bucket: watchforcommithandlingtest of layout FILE_SYSTEM_OPTIMIZED in volume: watchforcommithandlingtest
2024-02-06 10:05:02,632 [abf042c3-6cd4-4c06-9655-57992d013f88@group-6F6918DAB04D-SegmentedRaftLogWorker] INFO  segmented.SegmentedRaftLogWorker (SegmentedRaftLogWorker.java:execute(634)) - abf042c3-6cd4-4c06-9655-57992d013f88@group-6F6918DAB04D-SegmentedRaftLogWorker: created new log segment /home/runner/work/ozone/ozone/hadoop-ozone/integration-test/target/test-dir/MiniOzoneClusterImpl-5d1c2165-a83d-4eb5-a2bf-ae35b2f22424/datanode-6/data/ratis/3c3e367e-a459-437c-a0ed-6f6918dab04d/current/log_inprogress_0
2024-02-06 10:05:02,632 [632684f9-b96b-4968-b03c-341844499869@group-88D33CA13DF2-SegmentedRaftLogWorker] INFO  segmented.SegmentedRaftLogWorker (SegmentedRaftLogWorker.java:execute(634)) - 632684f9-b96b-4968-b03c-341844499869@group-88D33CA13DF2-SegmentedRaftLogWorker: created new log segment /home/runner/work/ozone/ozone/hadoop-ozone/integration-test/target/test-dir/MiniOzoneClusterImpl-5d1c2165-a83d-4eb5-a2bf-ae35b2f22424/datanode-7/data/ratis/35530c71-a8e7-4609-9395-88d33ca13df2/current/log_inprogress_0
2024-02-06 10:05:02,639 [IPC Server handler 1 on default port 15445] INFO  ha.SequenceIdGenerator (SequenceIdGenerator.java:getNextId(145)) - Allocate a batch for containerId, change lastId from 0 to 1000.
2024-02-06 10:05:02,640 [abf042c3-6cd4-4c06-9655-57992d013f88@group-6F6918DAB04D-StateMachineUpdater] INFO  server.RaftServer$Division (LeaderStateImpl.java:isApplied(320)) - leader is ready since appliedIndex == 0 >= startIndex == 0
2024-02-06 10:05:02,640 [632684f9-b96b-4968-b03c-341844499869@group-88D33CA13DF2-StateMachineUpdater] INFO  server.RaftServer$Division (LeaderStateImpl.java:isApplied(320)) - leader is ready since appliedIndex == 0 >= startIndex == 0
2024-02-06 10:05:02,674 [main] INFO  ozoneimpl.OzoneContainer (OzoneContainer.java:stop(481)) - Attempting to stop container services.
2024-02-06 10:05:02,675 [main] INFO  server.RaftServer (RaftServerProxy.java:lambda$close$9(416)) - 2bb22b89-6b01-4b52-bccb-ae4677f02d8d: close
2024-02-06 10:05:02,675 [2bb22b89-6b01-4b52-bccb-ae4677f02d8d-impl-thread1] INFO  server.RaftServer$Division (RaftServerImpl.java:lambda$close$3(526)) - 2bb22b89-6b01-4b52-bccb-ae4677f02d8d@group-520C61457A0F: shutdown
2024-02-06 10:05:02,675 [2bb22b89-6b01-4b52-bccb-ae4677f02d8d-impl-thread1] INFO  util.JmxRegister (JmxRegister.java:unregister(73)) - Successfully un-registered JMX Bean with object name Ratis:service=RaftServer,group=group-520C61457A0F,id=2bb22b89-6b01-4b52-bccb-ae4677f02d8d
2024-02-06 10:05:02,675 [main] INFO  server.GrpcService (GrpcService.java:closeImpl(311)) - 2bb22b89-6b01-4b52-bccb-ae4677f02d8d: shutdown server org.apache.ratis.grpc.server.GrpcClientProtocolService now
2024-02-06 10:05:02,675 [2bb22b89-6b01-4b52-bccb-ae4677f02d8d-impl-thread1] INFO  impl.RoleInfo (RoleInfo.java:shutdownFollowerState(110)) - 2bb22b89-6b01-4b52-bccb-ae4677f02d8d: shutdown 2bb22b89-6b01-4b52-bccb-ae4677f02d8d@group-520C61457A0F-FollowerState
2024-02-06 10:05:02,675 [2bb22b89-6b01-4b52-bccb-ae4677f02d8d-impl-thread2] INFO  server.RaftServer$Division (RaftServerImpl.java:lambda$close$3(526)) - 2bb22b89-6b01-4b52-bccb-ae4677f02d8d@group-7B012A811155: shutdown
2024-02-06 10:05:02,675 [2bb22b89-6b01-4b52-bccb-ae4677f02d8d-impl-thread1] INFO  impl.StateMachineUpdater (StateMachineUpdater.java:stopAndJoin(157)) - 2bb22b89-6b01-4b52-bccb-ae4677f02d8d@group-520C61457A0F-StateMachineUpdater: set stopIndex = 1
2024-02-06 10:05:02,676 [2bb22b89-6b01-4b52-bccb-ae4677f02d8d-impl-thread2] INFO  util.JmxRegister (JmxRegister.java:unregister(73)) - Successfully un-registered JMX Bean with object name Ratis:service=RaftServer,group=group-7B012A811155,id=2bb22b89-6b01-4b52-bccb-ae4677f02d8d
2024-02-06 10:05:02,676 [2bb22b89-6b01-4b52-bccb-ae4677f02d8d-impl-thread2] INFO  impl.RoleInfo (RoleInfo.java:shutdownFollowerState(110)) - 2bb22b89-6b01-4b52-bccb-ae4677f02d8d: shutdown 2bb22b89-6b01-4b52-bccb-ae4677f02d8d@group-7B012A811155-FollowerState
2024-02-06 10:05:02,676 [2bb22b89-6b01-4b52-bccb-ae4677f02d8d@group-520C61457A0F-FollowerState] INFO  impl.FollowerState (FollowerState.java:run(152)) - 2bb22b89-6b01-4b52-bccb-ae4677f02d8d@group-520C61457A0F-FollowerState was interrupted
2024-02-06 10:05:02,676 [2bb22b89-6b01-4b52-bccb-ae4677f02d8d@group-520C61457A0F-StateMachineUpdater] INFO  ratis.ContainerStateMachine (ContainerStateMachine.java:takeSnapshot(355)) - group-520C61457A0F: Taking a snapshot at:(t:1, i:0) file /home/runner/work/ozone/ozone/hadoop-ozone/integration-test/target/test-dir/MiniOzoneClusterImpl-5d1c2165-a83d-4eb5-a2bf-ae35b2f22424/datanode-8/data/ratis/ce42dad2-5b71-4af9-a93f-520c61457a0f/sm/snapshot.1_0
2024-02-06 10:05:02,678 [Thread-6880] INFO  server.GrpcServerProtocolClient (GrpcServerProtocolClient.java:close(103)) - abf042c3-6cd4-4c06-9655-57992d013f88 Close channels
2024-02-06 10:05:02,682 [2bb22b89-6b01-4b52-bccb-ae4677f02d8d@group-520C61457A0F-StateMachineUpdater] INFO  ratis.ContainerStateMachine (ContainerStateMachine.java:takeSnapshot(366)) - group-520C61457A0F: Finished taking a snapshot at:(t:1, i:0) file:/home/runner/work/ozone/ozone/hadoop-ozone/integration-test/target/test-dir/MiniOzoneClusterImpl-5d1c2165-a83d-4eb5-a2bf-ae35b2f22424/datanode-8/data/ratis/ce42dad2-5b71-4af9-a93f-520c61457a0f/sm/snapshot.1_0 took: 6 ms
2024-02-06 10:05:02,683 [2bb22b89-6b01-4b52-bccb-ae4677f02d8d@group-520C61457A0F-StateMachineUpdater] INFO  impl.StateMachineUpdater (StateMachineUpdater.java:takeSnapshot(295)) - 2bb22b89-6b01-4b52-bccb-ae4677f02d8d@group-520C61457A0F-StateMachineUpdater: Took a snapshot at index 0
2024-02-06 10:05:02,683 [2bb22b89-6b01-4b52-bccb-ae4677f02d8d@group-520C61457A0F-StateMachineUpdater] INFO  impl.StateMachineUpdater (StateMachineUpdater.java:lambda$new$0(98)) - 2bb22b89-6b01-4b52-bccb-ae4677f02d8d@group-520C61457A0F-StateMachineUpdater: snapshotIndex: updateIncreasingly -1 -> 0
2024-02-06 10:05:02,683 [2bb22b89-6b01-4b52-bccb-ae4677f02d8d@group-520C61457A0F-StateMachineUpdater] INFO  ratis.ContainerStateMachine (ContainerStateMachine.java:takeSnapshot(355)) - group-520C61457A0F: Taking a snapshot at:(t:1, i:1) file /home/runner/work/ozone/ozone/hadoop-ozone/integration-test/target/test-dir/MiniOzoneClusterImpl-5d1c2165-a83d-4eb5-a2bf-ae35b2f22424/datanode-8/data/ratis/ce42dad2-5b71-4af9-a93f-520c61457a0f/sm/snapshot.1_1
2024-02-06 10:05:02,682 [Thread-6878] INFO  server.GrpcServerProtocolClient (GrpcServerProtocolClient.java:close(103)) - 632684f9-b96b-4968-b03c-341844499869 Close channels
2024-02-06 10:05:02,681 [2bb22b89-6b01-4b52-bccb-ae4677f02d8d@group-7B012A811155-FollowerState] INFO  impl.FollowerState (FollowerState.java:run(152)) - 2bb22b89-6b01-4b52-bccb-ae4677f02d8d@group-7B012A811155-FollowerState was interrupted
2024-02-06 10:05:02,681 [2bb22b89-6b01-4b52-bccb-ae4677f02d8d-impl-thread2] INFO  impl.StateMachineUpdater (StateMachineUpdater.java:stopAndJoin(157)) - 2bb22b89-6b01-4b52-bccb-ae4677f02d8d@group-7B012A811155-StateMachineUpdater: set stopIndex = -1
2024-02-06 10:05:02,685 [2bb22b89-6b01-4b52-bccb-ae4677f02d8d@group-520C61457A0F-StateMachineUpdater] INFO  ratis.ContainerStateMachine (ContainerStateMachine.java:takeSnapshot(366)) - group-520C61457A0F: Finished taking a snapshot at:(t:1, i:1) file:/home/runner/work/ozone/ozone/hadoop-ozone/integration-test/target/test-dir/MiniOzoneClusterImpl-5d1c2165-a83d-4eb5-a2bf-ae35b2f22424/datanode-8/data/ratis/ce42dad2-5b71-4af9-a93f-520c61457a0f/sm/snapshot.1_1 took: 2 ms
2024-02-06 10:05:02,685 [main] INFO  server.GrpcService (GrpcService.java:closeImpl(320)) - 2bb22b89-6b01-4b52-bccb-ae4677f02d8d: shutdown server org.apache.ratis.grpc.server.GrpcClientProtocolService successfully
2024-02-06 10:05:02,686 [main] INFO  server.GrpcService (GrpcService.java:closeImpl(311)) - 2bb22b89-6b01-4b52-bccb-ae4677f02d8d: shutdown server GrpcServerProtocolService now
2024-02-06 10:05:02,686 [2bb22b89-6b01-4b52-bccb-ae4677f02d8d@group-520C61457A0F-StateMachineUpdater] INFO  impl.StateMachineUpdater (StateMachineUpdater.java:takeSnapshot(295)) - 2bb22b89-6b01-4b52-bccb-ae4677f02d8d@group-520C61457A0F-StateMachineUpdater: Took a snapshot at index 1
2024-02-06 10:05:02,686 [2bb22b89-6b01-4b52-bccb-ae4677f02d8d@group-520C61457A0F-StateMachineUpdater] INFO  impl.StateMachineUpdater (StateMachineUpdater.java:lambda$new$0(98)) - 2bb22b89-6b01-4b52-bccb-ae4677f02d8d@group-520C61457A0F-StateMachineUpdater: snapshotIndex: updateIncreasingly 0 -> 1
2024-02-06 10:05:02,686 [2bb22b89-6b01-4b52-bccb-ae4677f02d8d-impl-thread1] INFO  server.RaftServer$Division (ServerState.java:close(427)) - 2bb22b89-6b01-4b52-bccb-ae4677f02d8d@group-520C61457A0F: applyIndex: 1
2024-02-06 10:05:02,687 [grpc-default-executor-3] WARN  server.GrpcServerProtocolService (LogUtils.java:warn(121)) - 2bb22b89-6b01-4b52-bccb-ae4677f02d8d: APPEND_ENTRIES onError, lastRequest: null: org.apache.ratis.thirdparty.io.grpc.StatusRuntimeException: CANCELLED: client cancelled
2024-02-06 10:05:02,687 [2bb22b89-6b01-4b52-bccb-ae4677f02d8d@group-520C61457A0F-cacheEviction-AwaitToRun] INFO  util.AwaitToRun (AwaitToRun.java:run(49)) - 2bb22b89-6b01-4b52-bccb-ae4677f02d8d@group-520C61457A0F-cacheEviction-AwaitToRun-AwaitForSignal is interrupted
2024-02-06 10:05:02,685 [2bb22b89-6b01-4b52-bccb-ae4677f02d8d-impl-thread2] INFO  server.RaftServer$Division (ServerState.java:close(427)) - 2bb22b89-6b01-4b52-bccb-ae4677f02d8d@group-7B012A811155: applyIndex: -1
2024-02-06 10:05:02,687 [grpc-default-executor-6] WARN  server.GrpcServerProtocolService (LogUtils.java:warn(121)) - 2bb22b89-6b01-4b52-bccb-ae4677f02d8d: APPEND_ENTRIES onError, lastRequest: abf042c3-6cd4-4c06-9655-57992d013f88->2bb22b89-6b01-4b52-bccb-ae4677f02d8d#5-t1,previous=(t:1, i:1),leaderCommit=1,initializing? false,entries: size=1, first=(t:1, i:2), METADATAENTRY(c:1): org.apache.ratis.thirdparty.io.grpc.StatusRuntimeException: CANCELLED: client cancelled
2024-02-06 10:05:02,687 [2bb22b89-6b01-4b52-bccb-ae4677f02d8d@group-7B012A811155-cacheEviction-AwaitToRun] INFO  util.AwaitToRun (AwaitToRun.java:run(49)) - 2bb22b89-6b01-4b52-bccb-ae4677f02d8d@group-7B012A811155-cacheEviction-AwaitToRun-AwaitForSignal is interrupted
2024-02-06 10:05:02,688 [grpc-default-executor-6] WARN  server.GrpcLogAppender (LogUtils.java:warn(121)) - abf042c3-6cd4-4c06-9655-57992d013f88@group-520C61457A0F->2bb22b89-6b01-4b52-bccb-ae4677f02d8d-AppendLogResponseHandler: Failed appendEntries: org.apache.ratis.thirdparty.io.grpc.StatusRuntimeException: CANCELLED: RST_STREAM closed stream. HTTP/2 error code: CANCEL
2024-02-06 10:05:02,688 [grpc-default-executor-6] WARN  server.GrpcLogAppender (GrpcLogAppender.java:lambda$resetClient$1(217)) - abf042c3-6cd4-4c06-9655-57992d013f88@group-520C61457A0F->2bb22b89-6b01-4b52-bccb-ae4677f02d8d-GrpcLogAppender: Follower failed (request=null, errorCount=1); keep nextIndex (3) unchanged and retry.
2024-02-06 10:05:02,688 [main] INFO  server.GrpcService (GrpcService.java:closeImpl(320)) - 2bb22b89-6b01-4b52-bccb-ae4677f02d8d: shutdown server GrpcServerProtocolService successfully
2024-02-06 10:05:02,688 [main] INFO  server.GrpcService (GrpcService.java:closeImpl(311)) - 2bb22b89-6b01-4b52-bccb-ae4677f02d8d: shutdown server org.apache.ratis.grpc.server.GrpcAdminProtocolService now
2024-02-06 10:05:02,691 [main] INFO  server.GrpcService (GrpcService.java:closeImpl(320)) - 2bb22b89-6b01-4b52-bccb-ae4677f02d8d: shutdown server org.apache.ratis.grpc.server.GrpcAdminProtocolService successfully
2024-02-06 10:05:02,698 [2bb22b89-6b01-4b52-bccb-ae4677f02d8d-NettyServerStreamRpc-bossGroup--thread1] INFO  logging.LoggingHandler (AbstractInternalLogger.java:log(148)) - [id: 0x2924e97f, L:/0.0.0.0:15532] CLOSE
2024-02-06 10:05:02,698 [2bb22b89-6b01-4b52-bccb-ae4677f02d8d-NettyServerStreamRpc-bossGroup--thread1] INFO  logging.LoggingHandler (AbstractInternalLogger.java:log(148)) - [id: 0x2924e97f, L:/0.0.0.0:15532] INACTIVE
2024-02-06 10:05:02,698 [2bb22b89-6b01-4b52-bccb-ae4677f02d8d-NettyServerStreamRpc-bossGroup--thread1] INFO  logging.LoggingHandler (AbstractInternalLogger.java:log(148)) - [id: 0x2924e97f, L:/0.0.0.0:15532] UNREGISTERED
2024-02-06 10:05:03,596 [2bb22b89-6b01-4b52-bccb-ae4677f02d8d-impl-thread2] INFO  segmented.SegmentedRaftLogWorker (SegmentedRaftLogWorker.java:close(245)) - 2bb22b89-6b01-4b52-bccb-ae4677f02d8d@group-7B012A811155-SegmentedRaftLogWorker close()
2024-02-06 10:05:03,658 [2bb22b89-6b01-4b52-bccb-ae4677f02d8d-impl-thread1] INFO  segmented.SegmentedRaftLogWorker (SegmentedRaftLogWorker.java:close(245)) - 2bb22b89-6b01-4b52-bccb-ae4677f02d8d@group-520C61457A0F-SegmentedRaftLogWorker close()
2024-02-06 10:05:03,660 [JvmPauseMonitor65] INFO  util.JvmPauseMonitor (JvmPauseMonitor.java:run(152)) - JvmPauseMonitor-2bb22b89-6b01-4b52-bccb-ae4677f02d8d: Stopped
2024-02-06 10:05:05,663 [main] INFO  utils.DatanodeStoreCache (DatanodeStoreCache.java:shutdownCache(116)) - Skip clearing cache in mini cluster mode. Entries left: [/home/runner/work/ozone/ozone/hadoop-ozone/integration-test/target/test-dir/MiniOzoneClusterImpl-5d1c2165-a83d-4eb5-a2bf-ae35b2f22424/datanode-0/data-0/containers/hdds/5d1c2165-a83d-4eb5-a2bf-ae35b2f22424/DS-f1c3c0ed-174e-450a-a4cc-a8ad37328f76/container.db, /home/runner/work/ozone/ozone/hadoop-ozone/integration-test/target/test-dir/MiniOzoneClusterImpl-5d1c2165-a83d-4eb5-a2bf-ae35b2f22424/datanode-1/data-0/containers/hdds/5d1c2165-a83d-4eb5-a2bf-ae35b2f22424/DS-754f68b7-5516-4373-bf02-72e2ff5c34f5/container.db, /home/runner/work/ozone/ozone/hadoop-ozone/integration-test/target/test-dir/MiniOzoneClusterImpl-5d1c2165-a83d-4eb5-a2bf-ae35b2f22424/datanode-2/data-0/containers/hdds/5d1c2165-a83d-4eb5-a2bf-ae35b2f22424/DS-00d0df73-3abc-4e6b-85dd-828b047ea088/container.db, /home/runner/work/ozone/ozone/hadoop-ozone/integration-test/target/test-dir/MiniOzoneClusterImpl-5d1c2165-a83d-4eb5-a2bf-ae35b2f22424/datanode-3/data-0/containers/hdds/5d1c2165-a83d-4eb5-a2bf-ae35b2f22424/DS-216e13fe-ad6a-4f0b-a0e5-a6416b107d7f/container.db, /home/runner/work/ozone/ozone/hadoop-ozone/integration-test/target/test-dir/MiniOzoneClusterImpl-5d1c2165-a83d-4eb5-a2bf-ae35b2f22424/datanode-4/data-0/containers/hdds/5d1c2165-a83d-4eb5-a2bf-ae35b2f22424/DS-d809648f-15b5-4d76-bdc7-7b862bf6fe8e/container.db, /home/runner/work/ozone/ozone/hadoop-ozone/integration-test/target/test-dir/MiniOzoneClusterImpl-5d1c2165-a83d-4eb5-a2bf-ae35b2f22424/datanode-5/data-0/containers/hdds/5d1c2165-a83d-4eb5-a2bf-ae35b2f22424/DS-16427159-c7c2-4b5a-a944-9fddbdf3f260/container.db, /home/runner/work/ozone/ozone/hadoop-ozone/integration-test/target/test-dir/MiniOzoneClusterImpl-5d1c2165-a83d-4eb5-a2bf-ae35b2f22424/datanode-6/data-0/containers/hdds/5d1c2165-a83d-4eb5-a2bf-ae35b2f22424/DS-ac83b530-5695-4c08-ad1b-5c4b8c149d7e/container.db, /home/runner/work/ozone/ozone/hadoop-ozone/integration-test/target/test-dir/MiniOzoneClusterImpl-5d1c2165-a83d-4eb5-a2bf-ae35b2f22424/datanode-7/data-0/containers/hdds/5d1c2165-a83d-4eb5-a2bf-ae35b2f22424/DS-e6b46b60-9ea6-4c65-ae19-7e4c932c069b/container.db, /home/runner/work/ozone/ozone/hadoop-ozone/integration-test/target/test-dir/MiniOzoneClusterImpl-5d1c2165-a83d-4eb5-a2bf-ae35b2f22424/datanode-8/data-0/containers/hdds/5d1c2165-a83d-4eb5-a2bf-ae35b2f22424/DS-a740ddf2-fe61-4dd3-8afb-c00033a27fa6/container.db]
2024-02-06 10:05:05,666 [main] INFO  utils.DatanodeStoreCache (DatanodeStoreCache.java:removeDB(110)) - Removed db /home/runner/work/ozone/ozone/hadoop-ozone/integration-test/target/test-dir/MiniOzoneClusterImpl-5d1c2165-a83d-4eb5-a2bf-ae35b2f22424/datanode-8/data-0/containers/hdds/5d1c2165-a83d-4eb5-a2bf-ae35b2f22424/DS-a740ddf2-fe61-4dd3-8afb-c00033a27fa6/container.db from cache
2024-02-06 10:05:05,666 [main] INFO  volume.HddsVolume (HddsVolume.java:closeDbStore(451)) - SchemaV3 db is stopped at /home/runner/work/ozone/ozone/hadoop-ozone/integration-test/target/test-dir/MiniOzoneClusterImpl-5d1c2165-a83d-4eb5-a2bf-ae35b2f22424/datanode-8/data-0/containers/hdds/5d1c2165-a83d-4eb5-a2bf-ae35b2f22424/DS-a740ddf2-fe61-4dd3-8afb-c00033a27fa6/container.db for volume DS-a740ddf2-fe61-4dd3-8afb-c00033a27fa6
2024-02-06 10:05:05,666 [main] INFO  utils.BackgroundService (BackgroundService.java:shutdown(160)) - Shutting down service BlockDeletingService
2024-02-06 10:05:05,666 [main] INFO  utils.BackgroundService (BackgroundService.java:shutdown(160)) - Shutting down service StaleRecoveringContainerScrubbingService
2024-02-06 10:05:05,667 [main] INFO  statemachine.DatanodeStateMachine (DatanodeStateMachine.java:stopDaemon(638)) - Ozone container server stopped.
2024-02-06 10:05:05,667 [main] INFO  handler.ContextHandler (ContextHandler.java:doStop(1159)) - Stopped o.e.j.w.WebAppContext@481f9953{hddsDatanode,/,null,STOPPED}{jar:file:/home/runner/.m2/repository/org/apache/ozone/hdds-container-service/1.5.0-SNAPSHOT/hdds-container-service-1.5.0-SNAPSHOT.jar!/webapps/hddsDatanode}
2024-02-06 10:05:05,667 [main] INFO  server.AbstractConnector (AbstractConnector.java:doStop(383)) - Stopped ServerConnector@3da15c10{HTTP/1.1, (http/1.1)}{0.0.0.0:15526}
2024-02-06 10:05:05,668 [main] INFO  server.session (HouseKeeper.java:stopScavenging(149)) - node0 Stopped scavenging
2024-02-06 10:05:05,668 [main] INFO  handler.ContextHandler (ContextHandler.java:doStop(1159)) - Stopped o.e.j.s.ServletContextHandler@161042b7{static,/static,jar:file:/home/runner/.m2/repository/org/apache/ozone/hdds-container-service/1.5.0-SNAPSHOT/hdds-container-service-1.5.0-SNAPSHOT.jar!/webapps/static,STOPPED}
2024-02-06 10:05:05,668 [main] INFO  handler.ContextHandler (ContextHandler.java:doStop(1159)) - Stopped o.e.j.s.ServletContextHandler@2ed37e1e{logs,/logs,file:///home/runner/work/ozone/ozone/hadoop-ozone/integration-test/target/log,STOPPED}
2024-02-06 10:05:05,668 [main] INFO  ozone.HddsDatanodeClientProtocolServer (HddsDatanodeClientProtocolServer.java:stop(78)) - Stopping the RPC server for Client Protocol
2024-02-06 10:05:05,668 [main] INFO  ipc.Server (Server.java:stop(3523)) - Stopping server on 15527
2024-02-06 10:05:05,669 [IPC Server listener on 15527] INFO  ipc.Server (Server.java:run(1434)) - Stopping IPC Server listener on 15527
2024-02-06 10:05:05,669 [IPC Server Responder] INFO  ipc.Server (Server.java:run(1567)) - Stopping IPC Server Responder
2024-02-06 10:05:05,671 [632684f9-b96b-4968-b03c-341844499869-DatanodeStateMachineDaemonThread] WARN  statemachine.StateContext (StateContext.java:setState(262)) - Ignore disallowed transition from SHUTDOWN to RUNNING
2024-02-06 10:05:05,672 [main] INFO  ozoneimpl.OzoneContainer (OzoneContainer.java:stop(481)) - Attempting to stop container services.
2024-02-06 10:05:05,672 [main] INFO  server.RaftServer (RaftServerProxy.java:lambda$close$9(416)) - 632684f9-b96b-4968-b03c-341844499869: close
2024-02-06 10:05:05,672 [632684f9-b96b-4968-b03c-341844499869-impl-thread1] INFO  server.RaftServer$Division (RaftServerImpl.java:lambda$close$3(526)) - 632684f9-b96b-4968-b03c-341844499869@group-520C61457A0F: shutdown
2024-02-06 10:05:05,672 [632684f9-b96b-4968-b03c-341844499869-impl-thread1] INFO  util.JmxRegister (JmxRegister.java:unregister(73)) - Successfully un-registered JMX Bean with object name Ratis:service=RaftServer,group=group-520C61457A0F,id=632684f9-b96b-4968-b03c-341844499869
2024-02-06 10:05:05,672 [main] INFO  server.GrpcService (GrpcService.java:closeImpl(311)) - 632684f9-b96b-4968-b03c-341844499869: shutdown server org.apache.ratis.grpc.server.GrpcClientProtocolService now
2024-02-06 10:05:05,673 [632684f9-b96b-4968-b03c-341844499869-impl-thread2] INFO  server.RaftServer$Division (RaftServerImpl.java:lambda$close$3(526)) - 632684f9-b96b-4968-b03c-341844499869@group-88D33CA13DF2: shutdown
2024-02-06 10:05:05,673 [632684f9-b96b-4968-b03c-341844499869-impl-thread2] INFO  util.JmxRegister (JmxRegister.java:unregister(73)) - Successfully un-registered JMX Bean with object name Ratis:service=RaftServer,group=group-88D33CA13DF2,id=632684f9-b96b-4968-b03c-341844499869
2024-02-06 10:05:05,673 [632684f9-b96b-4968-b03c-341844499869-impl-thread2] INFO  impl.RoleInfo (RoleInfo.java:shutdownLeaderState(94)) - 632684f9-b96b-4968-b03c-341844499869: shutdown 632684f9-b96b-4968-b03c-341844499869@group-88D33CA13DF2-LeaderStateImpl
2024-02-06 10:05:05,672 [632684f9-b96b-4968-b03c-341844499869-impl-thread1] INFO  impl.RoleInfo (RoleInfo.java:shutdownFollowerState(110)) - 632684f9-b96b-4968-b03c-341844499869: shutdown 632684f9-b96b-4968-b03c-341844499869@group-520C61457A0F-FollowerState
2024-02-06 10:05:05,673 [632684f9-b96b-4968-b03c-341844499869-impl-thread2] INFO  impl.PendingRequests (PendingRequests.java:sendNotLeaderResponses(289)) - 632684f9-b96b-4968-b03c-341844499869@group-88D33CA13DF2-PendingRequests: sendNotLeaderResponses
2024-02-06 10:05:05,673 [632684f9-b96b-4968-b03c-341844499869@group-520C61457A0F-FollowerState] INFO  impl.FollowerState (FollowerState.java:run(152)) - 632684f9-b96b-4968-b03c-341844499869@group-520C61457A0F-FollowerState was interrupted
2024-02-06 10:05:05,673 [632684f9-b96b-4968-b03c-341844499869@group-520C61457A0F-StateMachineUpdater] INFO  ratis.ContainerStateMachine (ContainerStateMachine.java:takeSnapshot(355)) - group-520C61457A0F: Taking a snapshot at:(t:1, i:2) file /home/runner/work/ozone/ozone/hadoop-ozone/integration-test/target/test-dir/MiniOzoneClusterImpl-5d1c2165-a83d-4eb5-a2bf-ae35b2f22424/datanode-7/data/ratis/ce42dad2-5b71-4af9-a93f-520c61457a0f/sm/snapshot.1_2
2024-02-06 10:05:05,673 [632684f9-b96b-4968-b03c-341844499869@group-88D33CA13DF2-StateMachineUpdater] INFO  ratis.ContainerStateMachine (ContainerStateMachine.java:takeSnapshot(355)) - group-88D33CA13DF2: Taking a snapshot at:(t:1, i:0) file /home/runner/work/ozone/ozone/hadoop-ozone/integration-test/target/test-dir/MiniOzoneClusterImpl-5d1c2165-a83d-4eb5-a2bf-ae35b2f22424/datanode-7/data/ratis/35530c71-a8e7-4609-9395-88d33ca13df2/sm/snapshot.1_0
2024-02-06 10:05:05,673 [632684f9-b96b-4968-b03c-341844499869-impl-thread1] INFO  impl.StateMachineUpdater (StateMachineUpdater.java:stopAndJoin(157)) - 632684f9-b96b-4968-b03c-341844499869@group-520C61457A0F-StateMachineUpdater: set stopIndex = 2
2024-02-06 10:05:05,673 [632684f9-b96b-4968-b03c-341844499869-impl-thread2] INFO  impl.StateMachineUpdater (StateMachineUpdater.java:stopAndJoin(157)) - 632684f9-b96b-4968-b03c-341844499869@group-88D33CA13DF2-StateMachineUpdater: set stopIndex = 0
2024-02-06 10:05:05,673 [main] INFO  server.GrpcService (GrpcService.java:closeImpl(320)) - 632684f9-b96b-4968-b03c-341844499869: shutdown server org.apache.ratis.grpc.server.GrpcClientProtocolService successfully
2024-02-06 10:05:05,674 [main] INFO  server.GrpcService (GrpcService.java:closeImpl(311)) - 632684f9-b96b-4968-b03c-341844499869: shutdown server GrpcServerProtocolService now
2024-02-06 10:05:05,674 [632684f9-b96b-4968-b03c-341844499869@group-88D33CA13DF2-StateMachineUpdater] INFO  ratis.ContainerStateMachine (ContainerStateMachine.java:takeSnapshot(366)) - group-88D33CA13DF2: Finished taking a snapshot at:(t:1, i:0) file:/home/runner/work/ozone/ozone/hadoop-ozone/integration-test/target/test-dir/MiniOzoneClusterImpl-5d1c2165-a83d-4eb5-a2bf-ae35b2f22424/datanode-7/data/ratis/35530c71-a8e7-4609-9395-88d33ca13df2/sm/snapshot.1_0 took: 1 ms
2024-02-06 10:05:05,674 [632684f9-b96b-4968-b03c-341844499869@group-88D33CA13DF2-StateMachineUpdater] INFO  impl.StateMachineUpdater (StateMachineUpdater.java:takeSnapshot(295)) - 632684f9-b96b-4968-b03c-341844499869@group-88D33CA13DF2-StateMachineUpdater: Took a snapshot at index 0
2024-02-06 10:05:05,674 [632684f9-b96b-4968-b03c-341844499869@group-88D33CA13DF2-StateMachineUpdater] INFO  impl.StateMachineUpdater (StateMachineUpdater.java:lambda$new$0(98)) - 632684f9-b96b-4968-b03c-341844499869@group-88D33CA13DF2-StateMachineUpdater: snapshotIndex: updateIncreasingly -1 -> 0
2024-02-06 10:05:05,674 [632684f9-b96b-4968-b03c-341844499869-impl-thread2] INFO  server.RaftServer$Division (ServerState.java:close(427)) - 632684f9-b96b-4968-b03c-341844499869@group-88D33CA13DF2: applyIndex: 0
2024-02-06 10:05:05,675 [main] INFO  server.GrpcService (GrpcService.java:closeImpl(320)) - 632684f9-b96b-4968-b03c-341844499869: shutdown server GrpcServerProtocolService successfully
2024-02-06 10:05:05,675 [main] INFO  server.GrpcService (GrpcService.java:closeImpl(311)) - 632684f9-b96b-4968-b03c-341844499869: shutdown server org.apache.ratis.grpc.server.GrpcAdminProtocolService now
2024-02-06 10:05:05,675 [grpc-default-executor-4] WARN  server.GrpcLogAppender (LogUtils.java:warn(121)) - abf042c3-6cd4-4c06-9655-57992d013f88@group-520C61457A0F->632684f9-b96b-4968-b03c-341844499869-AppendLogResponseHandler: Failed appendEntries: org.apache.ratis.thirdparty.io.grpc.StatusRuntimeException: CANCELLED: RST_STREAM closed stream. HTTP/2 error code: CANCEL
2024-02-06 10:05:05,675 [grpc-default-executor-2] WARN  server.GrpcServerProtocolService (LogUtils.java:warn(121)) - 632684f9-b96b-4968-b03c-341844499869: APPEND_ENTRIES onError, lastRequest: null: org.apache.ratis.thirdparty.io.grpc.StatusRuntimeException: CANCELLED: client cancelled
2024-02-06 10:05:05,676 [632684f9-b96b-4968-b03c-341844499869@group-88D33CA13DF2-cacheEviction-AwaitToRun] INFO  util.AwaitToRun (AwaitToRun.java:run(49)) - 632684f9-b96b-4968-b03c-341844499869@group-88D33CA13DF2-cacheEviction-AwaitToRun-AwaitForSignal is interrupted
2024-02-06 10:05:05,676 [grpc-default-executor-6] WARN  server.GrpcLogAppender (GrpcLogAppender.java:lambda$resetClient$1(217)) - abf042c3-6cd4-4c06-9655-57992d013f88@group-520C61457A0F->632684f9-b96b-4968-b03c-341844499869-GrpcLogAppender: Follower failed (request=null, errorCount=1); keep nextIndex (3) unchanged and retry.
2024-02-06 10:05:05,676 [632684f9-b96b-4968-b03c-341844499869@group-520C61457A0F-StateMachineUpdater] INFO  ratis.ContainerStateMachine (ContainerStateMachine.java:takeSnapshot(366)) - group-520C61457A0F: Finished taking a snapshot at:(t:1, i:2) file:/home/runner/work/ozone/ozone/hadoop-ozone/integration-test/target/test-dir/MiniOzoneClusterImpl-5d1c2165-a83d-4eb5-a2bf-ae35b2f22424/datanode-7/data/ratis/ce42dad2-5b71-4af9-a93f-520c61457a0f/sm/snapshot.1_2 took: 3 ms
2024-02-06 10:05:05,675 [grpc-default-executor-3] WARN  server.GrpcServerProtocolService (LogUtils.java:warn(121)) - 632684f9-b96b-4968-b03c-341844499869: APPEND_ENTRIES onError, lastRequest: abf042c3-6cd4-4c06-9655-57992d013f88->632684f9-b96b-4968-b03c-341844499869#4-t1,previous=(t:1, i:1),leaderCommit=1,initializing? false,entries: size=1, first=(t:1, i:2), METADATAENTRY(c:1): org.apache.ratis.thirdparty.io.grpc.StatusRuntimeException: CANCELLED: client cancelled
2024-02-06 10:05:05,679 [632684f9-b96b-4968-b03c-341844499869@group-520C61457A0F-StateMachineUpdater] INFO  impl.StateMachineUpdater (StateMachineUpdater.java:takeSnapshot(295)) - 632684f9-b96b-4968-b03c-341844499869@group-520C61457A0F-StateMachineUpdater: Took a snapshot at index 2
2024-02-06 10:05:05,679 [632684f9-b96b-4968-b03c-341844499869@group-520C61457A0F-StateMachineUpdater] INFO  impl.StateMachineUpdater (StateMachineUpdater.java:lambda$new$0(98)) - 632684f9-b96b-4968-b03c-341844499869@group-520C61457A0F-StateMachineUpdater: snapshotIndex: updateIncreasingly -1 -> 2
2024-02-06 10:05:05,678 [main] INFO  server.GrpcService (GrpcService.java:closeImpl(320)) - 632684f9-b96b-4968-b03c-341844499869: shutdown server org.apache.ratis.grpc.server.GrpcAdminProtocolService successfully
2024-02-06 10:05:05,679 [632684f9-b96b-4968-b03c-341844499869-impl-thread1] INFO  server.RaftServer$Division (ServerState.java:close(427)) - 632684f9-b96b-4968-b03c-341844499869@group-520C61457A0F: applyIndex: 2
2024-02-06 10:05:05,681 [632684f9-b96b-4968-b03c-341844499869-NettyServerStreamRpc-bossGroup--thread1] INFO  logging.LoggingHandler (AbstractInternalLogger.java:log(148)) - [id: 0xa971f337, L:/0.0.0.0:15523] CLOSE
2024-02-06 10:05:05,681 [632684f9-b96b-4968-b03c-341844499869-NettyServerStreamRpc-bossGroup--thread1] INFO  logging.LoggingHandler (AbstractInternalLogger.java:log(148)) - [id: 0xa971f337, L:/0.0.0.0:15523] INACTIVE
2024-02-06 10:05:05,681 [632684f9-b96b-4968-b03c-341844499869-NettyServerStreamRpc-bossGroup--thread1] INFO  logging.LoggingHandler (AbstractInternalLogger.java:log(148)) - [id: 0xa971f337, L:/0.0.0.0:15523] UNREGISTERED
2024-02-06 10:05:05,681 [632684f9-b96b-4968-b03c-341844499869@group-520C61457A0F-cacheEviction-AwaitToRun] INFO  util.AwaitToRun (AwaitToRun.java:run(49)) - 632684f9-b96b-4968-b03c-341844499869@group-520C61457A0F-cacheEviction-AwaitToRun-AwaitForSignal is interrupted
2024-02-06 10:05:06,640 [632684f9-b96b-4968-b03c-341844499869-impl-thread2] INFO  segmented.SegmentedRaftLogWorker (SegmentedRaftLogWorker.java:close(245)) - 632684f9-b96b-4968-b03c-341844499869@group-88D33CA13DF2-SegmentedRaftLogWorker close()
2024-02-06 10:05:06,658 [632684f9-b96b-4968-b03c-341844499869-impl-thread1] INFO  segmented.SegmentedRaftLogWorker (SegmentedRaftLogWorker.java:close(245)) - 632684f9-b96b-4968-b03c-341844499869@group-520C61457A0F-SegmentedRaftLogWorker close()
2024-02-06 10:05:06,661 [JvmPauseMonitor64] INFO  util.JvmPauseMonitor (JvmPauseMonitor.java:run(152)) - JvmPauseMonitor-632684f9-b96b-4968-b03c-341844499869: Stopped
2024-02-06 10:05:07,688 [timer3] WARN  server.GrpcLogAppender (LogUtils.java:warn(121)) - abf042c3-6cd4-4c06-9655-57992d013f88@group-520C61457A0F->2bb22b89-6b01-4b52-bccb-ae4677f02d8d-AppendLogResponseHandler: Failed appendEntries (Repeated 8 times in the last 5.001s): org.apache.ratis.thirdparty.io.grpc.StatusRuntimeException: UNAVAILABLE: io exception
2024-02-06 10:05:07,689 [timer4] WARN  server.GrpcLogAppender (GrpcLogAppender.java:lambda$resetClient$1(217)) - abf042c3-6cd4-4c06-9655-57992d013f88@group-520C61457A0F->2bb22b89-6b01-4b52-bccb-ae4677f02d8d-GrpcLogAppender: Follower failed (request=null, errorCount=8); keep nextIndex (3) unchanged and retry. (Repeated 8 times in the last 5.001s)
2024-02-06 10:05:08,665 [main] INFO  utils.DatanodeStoreCache (DatanodeStoreCache.java:shutdownCache(116)) - Skip clearing cache in mini cluster mode. Entries left: [/home/runner/work/ozone/ozone/hadoop-ozone/integration-test/target/test-dir/MiniOzoneClusterImpl-5d1c2165-a83d-4eb5-a2bf-ae35b2f22424/datanode-0/data-0/containers/hdds/5d1c2165-a83d-4eb5-a2bf-ae35b2f22424/DS-f1c3c0ed-174e-450a-a4cc-a8ad37328f76/container.db, /home/runner/work/ozone/ozone/hadoop-ozone/integration-test/target/test-dir/MiniOzoneClusterImpl-5d1c2165-a83d-4eb5-a2bf-ae35b2f22424/datanode-1/data-0/containers/hdds/5d1c2165-a83d-4eb5-a2bf-ae35b2f22424/DS-754f68b7-5516-4373-bf02-72e2ff5c34f5/container.db, /home/runner/work/ozone/ozone/hadoop-ozone/integration-test/target/test-dir/MiniOzoneClusterImpl-5d1c2165-a83d-4eb5-a2bf-ae35b2f22424/datanode-2/data-0/containers/hdds/5d1c2165-a83d-4eb5-a2bf-ae35b2f22424/DS-00d0df73-3abc-4e6b-85dd-828b047ea088/container.db, /home/runner/work/ozone/ozone/hadoop-ozone/integration-test/target/test-dir/MiniOzoneClusterImpl-5d1c2165-a83d-4eb5-a2bf-ae35b2f22424/datanode-3/data-0/containers/hdds/5d1c2165-a83d-4eb5-a2bf-ae35b2f22424/DS-216e13fe-ad6a-4f0b-a0e5-a6416b107d7f/container.db, /home/runner/work/ozone/ozone/hadoop-ozone/integration-test/target/test-dir/MiniOzoneClusterImpl-5d1c2165-a83d-4eb5-a2bf-ae35b2f22424/datanode-4/data-0/containers/hdds/5d1c2165-a83d-4eb5-a2bf-ae35b2f22424/DS-d809648f-15b5-4d76-bdc7-7b862bf6fe8e/container.db, /home/runner/work/ozone/ozone/hadoop-ozone/integration-test/target/test-dir/MiniOzoneClusterImpl-5d1c2165-a83d-4eb5-a2bf-ae35b2f22424/datanode-5/data-0/containers/hdds/5d1c2165-a83d-4eb5-a2bf-ae35b2f22424/DS-16427159-c7c2-4b5a-a944-9fddbdf3f260/container.db, /home/runner/work/ozone/ozone/hadoop-ozone/integration-test/target/test-dir/MiniOzoneClusterImpl-5d1c2165-a83d-4eb5-a2bf-ae35b2f22424/datanode-6/data-0/containers/hdds/5d1c2165-a83d-4eb5-a2bf-ae35b2f22424/DS-ac83b530-5695-4c08-ad1b-5c4b8c149d7e/container.db, /home/runner/work/ozone/ozone/hadoop-ozone/integration-test/target/test-dir/MiniOzoneClusterImpl-5d1c2165-a83d-4eb5-a2bf-ae35b2f22424/datanode-7/data-0/containers/hdds/5d1c2165-a83d-4eb5-a2bf-ae35b2f22424/DS-e6b46b60-9ea6-4c65-ae19-7e4c932c069b/container.db]
2024-02-06 10:05:08,666 [main] INFO  utils.DatanodeStoreCache (DatanodeStoreCache.java:removeDB(110)) - Removed db /home/runner/work/ozone/ozone/hadoop-ozone/integration-test/target/test-dir/MiniOzoneClusterImpl-5d1c2165-a83d-4eb5-a2bf-ae35b2f22424/datanode-7/data-0/containers/hdds/5d1c2165-a83d-4eb5-a2bf-ae35b2f22424/DS-e6b46b60-9ea6-4c65-ae19-7e4c932c069b/container.db from cache
2024-02-06 10:05:08,667 [main] INFO  volume.HddsVolume (HddsVolume.java:closeDbStore(451)) - SchemaV3 db is stopped at /home/runner/work/ozone/ozone/hadoop-ozone/integration-test/target/test-dir/MiniOzoneClusterImpl-5d1c2165-a83d-4eb5-a2bf-ae35b2f22424/datanode-7/data-0/containers/hdds/5d1c2165-a83d-4eb5-a2bf-ae35b2f22424/DS-e6b46b60-9ea6-4c65-ae19-7e4c932c069b/container.db for volume DS-e6b46b60-9ea6-4c65-ae19-7e4c932c069b
2024-02-06 10:05:08,667 [main] INFO  utils.BackgroundService (BackgroundService.java:shutdown(160)) - Shutting down service BlockDeletingService
2024-02-06 10:05:08,667 [main] INFO  utils.BackgroundService (BackgroundService.java:shutdown(160)) - Shutting down service StaleRecoveringContainerScrubbingService
2024-02-06 10:05:08,667 [main] INFO  statemachine.DatanodeStateMachine (DatanodeStateMachine.java:stopDaemon(638)) - Ozone container server stopped.
2024-02-06 10:05:08,668 [main] INFO  handler.ContextHandler (ContextHandler.java:doStop(1159)) - Stopped o.e.j.w.WebAppContext@1d277932{hddsDatanode,/,null,STOPPED}{jar:file:/home/runner/.m2/repository/org/apache/ozone/hdds-container-service/1.5.0-SNAPSHOT/hdds-container-service-1.5.0-SNAPSHOT.jar!/webapps/hddsDatanode}
2024-02-06 10:05:08,668 [main] INFO  server.AbstractConnector (AbstractConnector.java:doStop(383)) - Stopped ServerConnector@17aab35b{HTTP/1.1, (http/1.1)}{0.0.0.0:15517}
2024-02-06 10:05:08,669 [main] INFO  server.session (HouseKeeper.java:stopScavenging(149)) - node0 Stopped scavenging
2024-02-06 10:05:08,669 [main] INFO  handler.ContextHandler (ContextHandler.java:doStop(1159)) - Stopped o.e.j.s.ServletContextHandler@77e8eb0e{static,/static,jar:file:/home/runner/.m2/repository/org/apache/ozone/hdds-container-service/1.5.0-SNAPSHOT/hdds-container-service-1.5.0-SNAPSHOT.jar!/webapps/static,STOPPED}
2024-02-06 10:05:08,669 [main] INFO  handler.ContextHandler (ContextHandler.java:doStop(1159)) - Stopped o.e.j.s.ServletContextHandler@4f45884b{logs,/logs,file:///home/runner/work/ozone/ozone/hadoop-ozone/integration-test/target/log,STOPPED}
2024-02-06 10:05:08,669 [main] INFO  ozone.HddsDatanodeClientProtocolServer (HddsDatanodeClientProtocolServer.java:stop(78)) - Stopping the RPC server for Client Protocol
2024-02-06 10:05:08,670 [main] INFO  ipc.Server (Server.java:stop(3523)) - Stopping server on 15518
2024-02-06 10:05:08,671 [IPC Server listener on 15518] INFO  ipc.Server (Server.java:run(1434)) - Stopping IPC Server listener on 15518
2024-02-06 10:05:08,671 [IPC Server Responder] INFO  ipc.Server (Server.java:run(1567)) - Stopping IPC Server Responder
2024-02-06 10:05:08,673 [main] INFO  pipeline.PipelineManagerImpl (PipelineManagerImpl.java:closeContainersForPipeline(484)) - Container #1 closed for pipeline=PipelineID=ce42dad2-5b71-4af9-a93f-520c61457a0f
2024-02-06 10:05:08,673 [EventQueue-CloseContainerForCloseContainerEventHandler] INFO  container.CloseContainerEventHandler (CloseContainerEventHandler.java:onMessage(88)) - Close container Event triggered for container : #1, current state: CLOSING
2024-02-06 10:05:08,673 [main] INFO  pipeline.PipelineManagerImpl (PipelineManagerImpl.java:closePipeline(518)) - Pipeline PipelineID=ce42dad2-5b71-4af9-a93f-520c61457a0f moved to CLOSED state
2024-02-06 10:05:08,919 [grpc-default-executor-3] WARN  server.GrpcLogAppender (LogUtils.java:warn(121)) - abf042c3-6cd4-4c06-9655-57992d013f88@group-520C61457A0F->2bb22b89-6b01-4b52-bccb-ae4677f02d8d-AppendLogResponseHandler: Failed appendEntries: org.apache.ratis.thirdparty.io.grpc.StatusRuntimeException: UNAVAILABLE: io exception
2024-02-06 10:05:08,921 [grpc-default-executor-6] WARN  server.GrpcLogAppender (GrpcLogAppender.java:lambda$resetClient$1(217)) - abf042c3-6cd4-4c06-9655-57992d013f88@group-520C61457A0F->2bb22b89-6b01-4b52-bccb-ae4677f02d8d-GrpcLogAppender: Follower failed (request=null, errorCount=9); keep nextIndex (3) unchanged and retry.
2024-02-06 10:05:10,677 [timer2] WARN  server.GrpcLogAppender (LogUtils.java:warn(121)) - abf042c3-6cd4-4c06-9655-57992d013f88@group-520C61457A0F->632684f9-b96b-4968-b03c-341844499869-AppendLogResponseHandler: Failed appendEntries (Repeated 8 times in the last 5.002s): org.apache.ratis.thirdparty.io.grpc.StatusRuntimeException: UNAVAILABLE: io exception
2024-02-06 10:05:10,678 [timer3] WARN  server.GrpcLogAppender (GrpcLogAppender.java:lambda$resetClient$1(217)) - abf042c3-6cd4-4c06-9655-57992d013f88@group-520C61457A0F->632684f9-b96b-4968-b03c-341844499869-GrpcLogAppender: Follower failed (request=null, errorCount=8); keep nextIndex (3) unchanged and retry. (Repeated 8 times in the last 5.001s)
2024-02-06 10:05:11,421 [grpc-default-executor-3] WARN  server.GrpcLogAppender (LogUtils.java:warn(121)) - abf042c3-6cd4-4c06-9655-57992d013f88@group-520C61457A0F->632684f9-b96b-4968-b03c-341844499869-AppendLogResponseHandler: Failed appendEntries: org.apache.ratis.thirdparty.io.grpc.StatusRuntimeException: UNAVAILABLE: io exception
2024-02-06 10:05:11,423 [grpc-default-executor-6] WARN  server.GrpcLogAppender (GrpcLogAppender.java:lambda$resetClient$1(217)) - abf042c3-6cd4-4c06-9655-57992d013f88@group-520C61457A0F->632684f9-b96b-4968-b03c-341844499869-GrpcLogAppender: Follower failed (request=null, errorCount=9); keep nextIndex (3) unchanged and retry.
2024-02-06 10:05:12,013 [null-request--thread1] INFO  server.GrpcClientProtocolService (GrpcClientProtocolService.java:lambda$processClientRequest$0(284)) - Failed RaftClientRequest:client-0FD0876DBA75->abf042c3-6cd4-4c06-9655-57992d013f88@group-520C61457A0F, cid=88, seq=null, Watch-ALL_COMMITTED(110), Message:<EMPTY>, reply=RaftClientReply:client-0FD0876DBA75->abf042c3-6cd4-4c06-9655-57992d013f88@group-520C61457A0F, cid=88, FAILED org.apache.ratis.protocol.exceptions.NotReplicatedException: Request with call Id 88 and log index 110 is not yet replicated to ALL_COMMITTED, logIndex=110, commits[abf042c3-6cd4-4c06-9655-57992d013f88:c2, 632684f9-b96b-4968-b03c-341844499869:c2, 2bb22b89-6b01-4b52-bccb-ae4677f02d8d:c1]
2024-02-06 10:05:12,016 [main] WARN  scm.XceiverClientRatis (XceiverClientRatis.java:watchForCommit(284)) - 3 way commit failed on pipeline Pipeline[ Id: ce42dad2-5b71-4af9-a93f-520c61457a0f, Nodes: 2bb22b89-6b01-4b52-bccb-ae4677f02d8d(fv-az776-296/10.1.0.5)632684f9-b96b-4968-b03c-341844499869(fv-az776-296/10.1.0.5)abf042c3-6cd4-4c06-9655-57992d013f88(fv-az776-296/10.1.0.5), ReplicationConfig: RATIS/THREE, State:OPEN, leaderId:abf042c3-6cd4-4c06-9655-57992d013f88, CreationTimestamp2024-02-06T10:04:54.585Z[Etc/UTC]]
java.util.concurrent.ExecutionException: org.apache.ratis.protocol.exceptions.NotReplicatedException: Request with call Id 88 and log index 110 is not yet replicated to ALL_COMMITTED
	at java.util.concurrent.CompletableFuture.reportGet(CompletableFuture.java:357)
	at java.util.concurrent.CompletableFuture.get(CompletableFuture.java:1908)
	at org.apache.hadoop.hdds.scm.XceiverClientRatis.watchForCommit(XceiverClientRatis.java:279)
	at org.apache.hadoop.ozone.client.rpc.TestWatchForCommit.lambda$testWatchForCommitForRetryfailure$0(TestWatchForCommit.java:282)
	at org.junit.jupiter.api.AssertThrows.assertThrows(AssertThrows.java:53)
	at org.junit.jupiter.api.AssertThrows.assertThrows(AssertThrows.java:35)
	at org.junit.jupiter.api.Assertions.assertThrows(Assertions.java:3115)
	at org.apache.hadoop.ozone.client.rpc.TestWatchForCommit.testWatchForCommitForRetryfailure(TestWatchForCommit.java:281)
	at sun.reflect.NativeMethodAccessorImpl.invoke0(Native Method)
	at sun.reflect.NativeMethodAccessorImpl.invoke(NativeMethodAccessorImpl.java:62)
	at sun.reflect.DelegatingMethodAccessorImpl.invoke(DelegatingMethodAccessorImpl.java:43)
	at java.lang.reflect.Method.invoke(Method.java:498)
	at org.junit.platform.commons.util.ReflectionUtils.invokeMethod(ReflectionUtils.java:728)
	at org.junit.jupiter.engine.execution.MethodInvocation.proceed(MethodInvocation.java:60)
	at org.junit.jupiter.engine.execution.InvocationInterceptorChain$ValidatingInvocation.proceed(InvocationInterceptorChain.java:131)
	at org.junit.jupiter.engine.extension.TimeoutExtension.intercept(TimeoutExtension.java:156)
	at org.junit.jupiter.engine.extension.TimeoutExtension.interceptTestableMethod(TimeoutExtension.java:147)
	at org.junit.jupiter.engine.extension.TimeoutExtension.interceptTestMethod(TimeoutExtension.java:86)
	at org.junit.jupiter.engine.execution.InterceptingExecutableInvoker$ReflectiveInterceptorCall.lambda$ofVoidMethod$0(InterceptingExecutableInvoker.java:103)
	at org.junit.jupiter.engine.execution.InterceptingExecutableInvoker.lambda$invoke$0(InterceptingExecutableInvoker.java:93)
	at org.junit.jupiter.engine.execution.InvocationInterceptorChain$InterceptedInvocation.proceed(InvocationInterceptorChain.java:106)
	at org.junit.jupiter.engine.execution.InvocationInterceptorChain.proceed(InvocationInterceptorChain.java:64)
	at org.junit.jupiter.engine.execution.InvocationInterceptorChain.chainAndInvoke(InvocationInterceptorChain.java:45)
	at org.junit.jupiter.engine.execution.InvocationInterceptorChain.invoke(InvocationInterceptorChain.java:37)
	at org.junit.jupiter.engine.execution.InterceptingExecutableInvoker.invoke(InterceptingExecutableInvoker.java:92)
	at org.junit.jupiter.engine.execution.InterceptingExecutableInvoker.invoke(InterceptingExecutableInvoker.java:86)
	at org.junit.jupiter.engine.descriptor.TestMethodTestDescriptor.lambda$invokeTestMethod$7(TestMethodTestDescriptor.java:218)
	at org.junit.platform.engine.support.hierarchical.ThrowableCollector.execute(ThrowableCollector.java:73)
	at org.junit.jupiter.engine.descriptor.TestMethodTestDescriptor.invokeTestMethod(TestMethodTestDescriptor.java:214)
	at org.junit.jupiter.engine.descriptor.TestMethodTestDescriptor.execute(TestMethodTestDescriptor.java:139)
	at org.junit.jupiter.engine.descriptor.TestMethodTestDescriptor.execute(TestMethodTestDescriptor.java:69)
	at org.junit.platform.engine.support.hierarchical.NodeTestTask.lambda$executeRecursively$6(NodeTestTask.java:151)
	at org.junit.platform.engine.support.hierarchical.ThrowableCollector.execute(ThrowableCollector.java:73)
	at org.junit.platform.engine.support.hierarchical.NodeTestTask.lambda$executeRecursively$8(NodeTestTask.java:141)
	at org.junit.platform.engine.support.hierarchical.Node.around(Node.java:137)
	at org.junit.platform.engine.support.hierarchical.NodeTestTask.lambda$executeRecursively$9(NodeTestTask.java:139)
	at org.junit.platform.engine.support.hierarchical.ThrowableCollector.execute(ThrowableCollector.java:73)
	at org.junit.platform.engine.support.hierarchical.NodeTestTask.executeRecursively(NodeTestTask.java:138)
	at org.junit.platform.engine.support.hierarchical.NodeTestTask.execute(NodeTestTask.java:95)
	at java.util.ArrayList.forEach(ArrayList.java:1259)
	at org.junit.platform.engine.support.hierarchical.SameThreadHierarchicalTestExecutorService.invokeAll(SameThreadHierarchicalTestExecutorService.java:41)
	at org.junit.platform.engine.support.hierarchical.NodeTestTask.lambda$executeRecursively$6(NodeTestTask.java:155)
	at org.junit.platform.engine.support.hierarchical.ThrowableCollector.execute(ThrowableCollector.java:73)
	at org.junit.platform.engine.support.hierarchical.NodeTestTask.lambda$executeRecursively$8(NodeTestTask.java:141)
	at org.junit.platform.engine.support.hierarchical.Node.around(Node.java:137)
	at org.junit.platform.engine.support.hierarchical.NodeTestTask.lambda$executeRecursively$9(NodeTestTask.java:139)
	at org.junit.platform.engine.support.hierarchical.ThrowableCollector.execute(ThrowableCollector.java:73)
	at org.junit.platform.engine.support.hierarchical.NodeTestTask.executeRecursively(NodeTestTask.java:138)
	at org.junit.platform.engine.support.hierarchical.NodeTestTask.execute(NodeTestTask.java:95)
	at java.util.ArrayList.forEach(ArrayList.java:1259)
	at org.junit.platform.engine.support.hierarchical.SameThreadHierarchicalTestExecutorService.invokeAll(SameThreadHierarchicalTestExecutorService.java:41)
	at org.junit.platform.engine.support.hierarchical.NodeTestTask.lambda$executeRecursively$6(NodeTestTask.java:155)
	at org.junit.platform.engine.support.hierarchical.ThrowableCollector.execute(ThrowableCollector.java:73)
	at org.junit.platform.engine.support.hierarchical.NodeTestTask.lambda$executeRecursively$8(NodeTestTask.java:141)
	at org.junit.platform.engine.support.hierarchical.Node.around(Node.java:137)
	at org.junit.platform.engine.support.hierarchical.NodeTestTask.lambda$executeRecursively$9(NodeTestTask.java:139)
	at org.junit.platform.engine.support.hierarchical.ThrowableCollector.execute(ThrowableCollector.java:73)
	at org.junit.platform.engine.support.hierarchical.NodeTestTask.executeRecursively(NodeTestTask.java:138)
	at org.junit.platform.engine.support.hierarchical.NodeTestTask.execute(NodeTestTask.java:95)
	at org.junit.platform.engine.support.hierarchical.SameThreadHierarchicalTestExecutorService.submit(SameThreadHierarchicalTestExecutorService.java:35)
	at org.junit.platform.engine.support.hierarchical.HierarchicalTestExecutor.execute(HierarchicalTestExecutor.java:57)
	at org.junit.platform.engine.support.hierarchical.HierarchicalTestEngine.execute(HierarchicalTestEngine.java:54)
	at org.junit.platform.launcher.core.EngineExecutionOrchestrator.execute(EngineExecutionOrchestrator.java:198)
	at org.junit.platform.launcher.core.EngineExecutionOrchestrator.execute(EngineExecutionOrchestrator.java:169)
	at org.junit.platform.launcher.core.EngineExecutionOrchestrator.execute(EngineExecutionOrchestrator.java:93)
	at org.junit.platform.launcher.core.EngineExecutionOrchestrator.lambda$execute$0(EngineExecutionOrchestrator.java:58)
	at org.junit.platform.launcher.core.EngineExecutionOrchestrator.withInterceptedStreams(EngineExecutionOrchestrator.java:141)
	at org.junit.platform.launcher.core.EngineExecutionOrchestrator.execute(EngineExecutionOrchestrator.java:57)
	at org.junit.platform.launcher.core.DefaultLauncher.execute(DefaultLauncher.java:103)
	at org.junit.platform.launcher.core.DefaultLauncher.execute(DefaultLauncher.java:85)
	at org.junit.platform.launcher.core.DelegatingLauncher.execute(DelegatingLauncher.java:47)
	at org.junit.platform.launcher.core.SessionPerRequestLauncher.execute(SessionPerRequestLauncher.java:63)
	at org.apache.maven.surefire.junitplatform.JUnitPlatformProvider.invokeAllTests(JUnitPlatformProvider.java:165)
	at org.apache.maven.surefire.junitplatform.JUnitPlatformProvider.invoke(JUnitPlatformProvider.java:124)
	at org.apache.maven.surefire.booter.ForkedBooter.runSuitesInProcess(ForkedBooter.java:428)
	at org.apache.maven.surefire.booter.ForkedBooter.execute(ForkedBooter.java:162)
	at org.apache.maven.surefire.booter.ForkedBooter.run(ForkedBooter.java:562)
	at org.apache.maven.surefire.booter.ForkedBooter.main(ForkedBooter.java:548)
Caused by: org.apache.ratis.protocol.exceptions.NotReplicatedException: Request with call Id 88 and log index 110 is not yet replicated to ALL_COMMITTED
	at org.apache.ratis.client.impl.ClientProtoUtils.toRaftClientReply(ClientProtoUtils.java:400)
	at org.apache.ratis.grpc.client.GrpcClientProtocolClient$AsyncStreamObservers$1.onNext(GrpcClientProtocolClient.java:310)
	at org.apache.ratis.grpc.client.GrpcClientProtocolClient$AsyncStreamObservers$1.onNext(GrpcClientProtocolClient.java:305)
	at org.apache.ratis.thirdparty.io.grpc.stub.ClientCalls$StreamObserverToCallListenerAdapter.onMessage(ClientCalls.java:468)
	at org.apache.ratis.thirdparty.io.grpc.ForwardingClientCallListener.onMessage(ForwardingClientCallListener.java:33)
	at org.apache.ratis.thirdparty.io.grpc.internal.ClientCallImpl$ClientStreamListenerImpl$1MessagesAvailable.runInternal(ClientCallImpl.java:660)
	at org.apache.ratis.thirdparty.io.grpc.internal.ClientCallImpl$ClientStreamListenerImpl$1MessagesAvailable.runInContext(ClientCallImpl.java:647)
	at org.apache.ratis.thirdparty.io.grpc.internal.ContextRunnable.run(ContextRunnable.java:37)
	at org.apache.ratis.thirdparty.io.grpc.internal.SerializingExecutor.run(SerializingExecutor.java:133)
	at java.util.concurrent.ThreadPoolExecutor.runWorker(ThreadPoolExecutor.java:1149)
	at java.util.concurrent.ThreadPoolExecutor$Worker.run(ThreadPoolExecutor.java:624)
	at java.lang.Thread.run(Thread.java:750)
2024-02-06 10:05:13,059 [abf042c3-6cd4-4c06-9655-57992d013f88@group-520C61457A0F-LeaderStateImpl] WARN  server.RaftServer$Division (LeaderStateImpl.java:checkLeadership(1107)) - abf042c3-6cd4-4c06-9655-57992d013f88@group-520C61457A0F-LeaderStateImpl: Lost leadership on term: 1. Election timeout: 5200ms. In charge for: 10489ms. Conf: 0: peers:[632684f9-b96b-4968-b03c-341844499869|10.1.0.5:15522, 2bb22b89-6b01-4b52-bccb-ae4677f02d8d|10.1.0.5:15531, abf042c3-6cd4-4c06-9655-57992d013f88|10.1.0.5:15513]|listeners:[], old=null
2024-02-06 10:05:13,059 [abf042c3-6cd4-4c06-9655-57992d013f88@group-520C61457A0F-LeaderStateImpl] WARN  server.RaftServer$Division (LeaderStateImpl.java:lambda$checkLeadership$21(1111)) - Follower abf042c3-6cd4-4c06-9655-57992d013f88@group-520C61457A0F->632684f9-b96b-4968-b03c-341844499869(c2,m2,n3, caughtUp=true, lastRpcSendTime=383, lastRpcResponseTime=7896)
2024-02-06 10:05:13,059 [abf042c3-6cd4-4c06-9655-57992d013f88@group-520C61457A0F-LeaderStateImpl] WARN  server.RaftServer$Division (LeaderStateImpl.java:lambda$checkLeadership$21(1111)) - Follower abf042c3-6cd4-4c06-9655-57992d013f88@group-520C61457A0F->2bb22b89-6b01-4b52-bccb-ae4677f02d8d(c1,m2,n3, caughtUp=true, lastRpcSendTime=1356, lastRpcResponseTime=10400)
2024-02-06 10:05:13,059 [abf042c3-6cd4-4c06-9655-57992d013f88@group-520C61457A0F-LeaderStateImpl] INFO  server.RaftServer$Division (RaftServerImpl.java:setRole(383)) - abf042c3-6cd4-4c06-9655-57992d013f88@group-520C61457A0F: changes role from    LEADER to FOLLOWER at term 1 for StepDownReason:LOST_MAJORITY_HEARTBEATS
2024-02-06 10:05:13,059 [abf042c3-6cd4-4c06-9655-57992d013f88@group-520C61457A0F-LeaderStateImpl] INFO  impl.RoleInfo (RoleInfo.java:shutdownLeaderState(94)) - abf042c3-6cd4-4c06-9655-57992d013f88: shutdown abf042c3-6cd4-4c06-9655-57992d013f88@group-520C61457A0F-LeaderStateImpl
2024-02-06 10:05:13,059 [abf042c3-6cd4-4c06-9655-57992d013f88@group-520C61457A0F->2bb22b89-6b01-4b52-bccb-ae4677f02d8d-GrpcLogAppender-LogAppenderDaemon] WARN  server.GrpcLogAppender (GrpcLogAppender.java:mayWait(289)) - abf042c3-6cd4-4c06-9655-57992d013f88@group-520C61457A0F->2bb22b89-6b01-4b52-bccb-ae4677f02d8d-GrpcLogAppender: Wait interrupted by java.lang.InterruptedException
2024-02-06 10:05:13,059 [abf042c3-6cd4-4c06-9655-57992d013f88@group-520C61457A0F-LeaderStateImpl] INFO  impl.PendingRequests (PendingRequests.java:sendNotLeaderResponses(289)) - abf042c3-6cd4-4c06-9655-57992d013f88@group-520C61457A0F-PendingRequests: sendNotLeaderResponses
2024-02-06 10:05:13,059 [abf042c3-6cd4-4c06-9655-57992d013f88@group-520C61457A0F->632684f9-b96b-4968-b03c-341844499869-GrpcLogAppender-LogAppenderDaemon] WARN  server.GrpcLogAppender (GrpcLogAppender.java:mayWait(289)) - abf042c3-6cd4-4c06-9655-57992d013f88@group-520C61457A0F->632684f9-b96b-4968-b03c-341844499869-GrpcLogAppender: Wait interrupted by java.lang.InterruptedException
2024-02-06 10:05:13,061 [null-request--thread1] INFO  server.GrpcClientProtocolService (GrpcClientProtocolService.java:lambda$processClientRequest$0(284)) - Failed RaftClientRequest:client-0FD0876DBA75->abf042c3-6cd4-4c06-9655-57992d013f88@group-520C61457A0F, cid=89, seq=null, Watch-MAJORITY_COMMITTED(110), Message:<EMPTY>, reply=RaftClientReply:client-0FD0876DBA75->abf042c3-6cd4-4c06-9655-57992d013f88@group-520C61457A0F, cid=89, FAILED org.apache.ratis.protocol.exceptions.NotLeaderException: Server abf042c3-6cd4-4c06-9655-57992d013f88@group-520C61457A0F is not the leader, logIndex=0, commits[abf042c3-6cd4-4c06-9655-57992d013f88:c2, 632684f9-b96b-4968-b03c-341844499869:c2, 2bb22b89-6b01-4b52-bccb-ae4677f02d8d:c1]
2024-02-06 10:05:13,062 [abf042c3-6cd4-4c06-9655-57992d013f88@group-520C61457A0F-LeaderStateImpl] INFO  server.RaftServer$Division (ServerState.java:setLeader(269)) - abf042c3-6cd4-4c06-9655-57992d013f88@group-520C61457A0F: change Leader from abf042c3-6cd4-4c06-9655-57992d013f88 to null at term 1 for StepDownReason:LOST_MAJORITY_HEARTBEATS
2024-02-06 10:05:13,062 [abf042c3-6cd4-4c06-9655-57992d013f88@group-520C61457A0F-LeaderStateImpl] INFO  impl.RoleInfo (RoleInfo.java:updateAndGet(139)) - abf042c3-6cd4-4c06-9655-57992d013f88: start abf042c3-6cd4-4c06-9655-57992d013f88@group-520C61457A0F-FollowerState
2024-02-06 10:05:13,668 [abf042c3-6cd4-4c06-9655-57992d013f88-CloseContainerThread-0] INFO  commandhandler.CloseContainerCommandHandler (CloseContainerCommandHandler.java:lambda$handle$0(154)) - Follower cannot close container #1.
2024-02-06 10:05:13,921 [timer6] WARN  server.GrpcLogAppender (LogUtils.java:warn(121)) - abf042c3-6cd4-4c06-9655-57992d013f88@group-520C61457A0F->2bb22b89-6b01-4b52-bccb-ae4677f02d8d-AppendLogResponseHandler: Failed appendEntries (Repeated 6 times in the last 5.001s): org.apache.ratis.thirdparty.io.grpc.StatusRuntimeException: UNAVAILABLE: io exception
2024-02-06 10:05:13,921 [timer7] WARN  server.GrpcLogAppender (GrpcLogAppender.java:lambda$resetClient$1(217)) - abf042c3-6cd4-4c06-9655-57992d013f88@group-520C61457A0F->2bb22b89-6b01-4b52-bccb-ae4677f02d8d-GrpcLogAppender: Follower failed (request=null, errorCount=14); keep nextIndex (3) unchanged and retry. (Repeated 6 times in the last 5.000s)
2024-02-06 10:05:15,270 [BackgroundPipelineScrubber] INFO  pipeline.PipelineManagerImpl (PipelineManagerImpl.java:scrubPipelines(610)) - Scrubbing pipeline: id: PipelineID=ce42dad2-5b71-4af9-a93f-520c61457a0f since it stays at CLOSED stage.
2024-02-06 10:05:15,270 [BackgroundPipelineScrubber] INFO  pipeline.RatisPipelineProvider (RatisPipelineProvider.java:lambda$close$4(272)) - Send pipeline:PipelineID=ce42dad2-5b71-4af9-a93f-520c61457a0f close command to datanode 2bb22b89-6b01-4b52-bccb-ae4677f02d8d
2024-02-06 10:05:15,270 [BackgroundPipelineScrubber] INFO  pipeline.RatisPipelineProvider (RatisPipelineProvider.java:lambda$close$4(272)) - Send pipeline:PipelineID=ce42dad2-5b71-4af9-a93f-520c61457a0f close command to datanode 632684f9-b96b-4968-b03c-341844499869
2024-02-06 10:05:15,270 [BackgroundPipelineScrubber] INFO  pipeline.RatisPipelineProvider (RatisPipelineProvider.java:lambda$close$4(272)) - Send pipeline:PipelineID=ce42dad2-5b71-4af9-a93f-520c61457a0f close command to datanode abf042c3-6cd4-4c06-9655-57992d013f88
2024-02-06 10:05:15,272 [BackgroundPipelineScrubber] INFO  pipeline.PipelineManagerImpl (PipelineManagerImpl.java:removePipeline(459)) - Pipeline Pipeline[ Id: ce42dad2-5b71-4af9-a93f-520c61457a0f, Nodes: 2bb22b89-6b01-4b52-bccb-ae4677f02d8d(fv-az776-296/10.1.0.5)632684f9-b96b-4968-b03c-341844499869(fv-az776-296/10.1.0.5)abf042c3-6cd4-4c06-9655-57992d013f88(fv-az776-296/10.1.0.5), ReplicationConfig: RATIS/THREE, State:CLOSED, leaderId:abf042c3-6cd4-4c06-9655-57992d013f88, CreationTimestamp2024-02-06T10:04:54.585Z[Etc/UTC]] removed.
2024-02-06 10:05:16,423 [timer6] WARN  server.GrpcLogAppender (LogUtils.java:warn(121)) - abf042c3-6cd4-4c06-9655-57992d013f88@group-520C61457A0F->632684f9-b96b-4968-b03c-341844499869-AppendLogResponseHandler: Failed appendEntries (Repeated 4 times in the last 5.002s): org.apache.ratis.thirdparty.io.grpc.StatusRuntimeException: UNAVAILABLE: io exception
2024-02-06 10:05:16,423 [timer7] WARN  server.GrpcLogAppender (GrpcLogAppender.java:lambda$resetClient$1(217)) - abf042c3-6cd4-4c06-9655-57992d013f88@group-520C61457A0F->632684f9-b96b-4968-b03c-341844499869-GrpcLogAppender: Follower failed (request=null, errorCount=12); keep nextIndex (3) unchanged and retry. (Repeated 4 times in the last 5.000s)
2024-02-06 10:05:16,668 [abf042c3-6cd4-4c06-9655-57992d013f88-PipelineCommandHandlerThread-0] INFO  server.RaftServer (RaftServerProxy.java:remove(111)) - abf042c3-6cd4-4c06-9655-57992d013f88: remove  FOLLOWER abf042c3-6cd4-4c06-9655-57992d013f88@group-520C61457A0F:t1, leader=null, voted=abf042c3-6cd4-4c06-9655-57992d013f88, raftlog=Memoized:abf042c3-6cd4-4c06-9655-57992d013f88@group-520C61457A0F-SegmentedRaftLog:OPENED:c2, conf=0: peers:[632684f9-b96b-4968-b03c-341844499869|10.1.0.5:15522, 2bb22b89-6b01-4b52-bccb-ae4677f02d8d|10.1.0.5:15531, abf042c3-6cd4-4c06-9655-57992d013f88|10.1.0.5:15513]|listeners:[], old=null RUNNING
2024-02-06 10:05:16,668 [abf042c3-6cd4-4c06-9655-57992d013f88-PipelineCommandHandlerThread-0] INFO  server.RaftServer$Division (RaftServerImpl.java:lambda$close$3(526)) - abf042c3-6cd4-4c06-9655-57992d013f88@group-520C61457A0F: shutdown
2024-02-06 10:05:16,668 [abf042c3-6cd4-4c06-9655-57992d013f88-PipelineCommandHandlerThread-0] INFO  util.JmxRegister (JmxRegister.java:unregister(73)) - Successfully un-registered JMX Bean with object name Ratis:service=RaftServer,group=group-520C61457A0F,id=abf042c3-6cd4-4c06-9655-57992d013f88
2024-02-06 10:05:16,668 [abf042c3-6cd4-4c06-9655-57992d013f88-PipelineCommandHandlerThread-0] INFO  impl.RoleInfo (RoleInfo.java:shutdownFollowerState(110)) - abf042c3-6cd4-4c06-9655-57992d013f88: shutdown abf042c3-6cd4-4c06-9655-57992d013f88@group-520C61457A0F-FollowerState
2024-02-06 10:05:16,668 [abf042c3-6cd4-4c06-9655-57992d013f88-PipelineCommandHandlerThread-0] INFO  impl.StateMachineUpdater (StateMachineUpdater.java:stopAndJoin(157)) - abf042c3-6cd4-4c06-9655-57992d013f88@group-520C61457A0F-StateMachineUpdater: set stopIndex = 2
2024-02-06 10:05:16,668 [abf042c3-6cd4-4c06-9655-57992d013f88@group-520C61457A0F-FollowerState] INFO  impl.FollowerState (FollowerState.java:run(152)) - abf042c3-6cd4-4c06-9655-57992d013f88@group-520C61457A0F-FollowerState was interrupted
2024-02-06 10:05:16,668 [abf042c3-6cd4-4c06-9655-57992d013f88@group-520C61457A0F-StateMachineUpdater] INFO  ratis.ContainerStateMachine (ContainerStateMachine.java:takeSnapshot(355)) - group-520C61457A0F: Taking a snapshot at:(t:1, i:2) file /home/runner/work/ozone/ozone/hadoop-ozone/integration-test/target/test-dir/MiniOzoneClusterImpl-5d1c2165-a83d-4eb5-a2bf-ae35b2f22424/datanode-6/data/ratis/ce42dad2-5b71-4af9-a93f-520c61457a0f/sm/snapshot.1_2
2024-02-06 10:05:16,670 [abf042c3-6cd4-4c06-9655-57992d013f88@group-520C61457A0F-StateMachineUpdater] INFO  ratis.ContainerStateMachine (ContainerStateMachine.java:takeSnapshot(366)) - group-520C61457A0F: Finished taking a snapshot at:(t:1, i:2) file:/home/runner/work/ozone/ozone/hadoop-ozone/integration-test/target/test-dir/MiniOzoneClusterImpl-5d1c2165-a83d-4eb5-a2bf-ae35b2f22424/datanode-6/data/ratis/ce42dad2-5b71-4af9-a93f-520c61457a0f/sm/snapshot.1_2 took: 2 ms
2024-02-06 10:05:16,670 [abf042c3-6cd4-4c06-9655-57992d013f88@group-520C61457A0F-StateMachineUpdater] INFO  impl.StateMachineUpdater (StateMachineUpdater.java:takeSnapshot(295)) - abf042c3-6cd4-4c06-9655-57992d013f88@group-520C61457A0F-StateMachineUpdater: Took a snapshot at index 2
2024-02-06 10:05:16,670 [abf042c3-6cd4-4c06-9655-57992d013f88@group-520C61457A0F-StateMachineUpdater] INFO  impl.StateMachineUpdater (StateMachineUpdater.java:lambda$new$0(98)) - abf042c3-6cd4-4c06-9655-57992d013f88@group-520C61457A0F-StateMachineUpdater: snapshotIndex: updateIncreasingly -1 -> 2
2024-02-06 10:05:16,670 [abf042c3-6cd4-4c06-9655-57992d013f88-PipelineCommandHandlerThread-0] INFO  server.RaftServer$Division (ServerState.java:close(427)) - abf042c3-6cd4-4c06-9655-57992d013f88@group-520C61457A0F: applyIndex: 2
2024-02-06 10:05:16,670 [abf042c3-6cd4-4c06-9655-57992d013f88@group-520C61457A0F-cacheEviction-AwaitToRun] INFO  util.AwaitToRun (AwaitToRun.java:run(49)) - abf042c3-6cd4-4c06-9655-57992d013f88@group-520C61457A0F-cacheEviction-AwaitToRun-AwaitForSignal is interrupted
2024-02-06 10:05:17,659 [abf042c3-6cd4-4c06-9655-57992d013f88-PipelineCommandHandlerThread-0] INFO  segmented.SegmentedRaftLogWorker (SegmentedRaftLogWorker.java:close(245)) - abf042c3-6cd4-4c06-9655-57992d013f88@group-520C61457A0F-SegmentedRaftLogWorker close()
2024-02-06 10:05:17,660 [abf042c3-6cd4-4c06-9655-57992d013f88-PipelineCommandHandlerThread-0] INFO  keyvalue.KeyValueContainer (KeyValueContainer.java:flushAndSyncDB(522)) - Container 1 is synced with bcsId 0.
2024-02-06 10:05:17,660 [abf042c3-6cd4-4c06-9655-57992d013f88-PipelineCommandHandlerThread-0] INFO  keyvalue.KeyValueContainer (KeyValueContainer.java:flushAndSyncDB(522)) - Container 1 is synced with bcsId 0.
2024-02-06 10:05:17,663 [abf042c3-6cd4-4c06-9655-57992d013f88-PipelineCommandHandlerThread-0] INFO  server.RaftServer$Division (RaftServerImpl.java:groupRemove(496)) - abf042c3-6cd4-4c06-9655-57992d013f88@group-520C61457A0F: Succeed to remove RaftStorageDirectory Storage Directory /home/runner/work/ozone/ozone/hadoop-ozone/integration-test/target/test-dir/MiniOzoneClusterImpl-5d1c2165-a83d-4eb5-a2bf-ae35b2f22424/datanode-6/data/ratis/ce42dad2-5b71-4af9-a93f-520c61457a0f
2024-02-06 10:05:17,663 [abf042c3-6cd4-4c06-9655-57992d013f88-PipelineCommandHandlerThread-0] ERROR commandhandler.ClosePipelineCommandHandler (ClosePipelineCommandHandler.java:lambda$handle$2(137)) - Can't close pipeline PipelineID=ce42dad2-5b71-4af9-a93f-520c61457a0f
org.apache.ratis.protocol.exceptions.GroupMismatchException: abf042c3-6cd4-4c06-9655-57992d013f88: group-520C61457A0F not found.
	at org.apache.ratis.server.impl.RaftServerProxy$ImplMap.get(RaftServerProxy.java:154)
	at org.apache.ratis.server.impl.RaftServerProxy.getImplFuture(RaftServerProxy.java:364)
	at org.apache.ratis.server.impl.RaftServerProxy.getImpl(RaftServerProxy.java:373)
	at org.apache.ratis.server.impl.RaftServerProxy.getDivision(RaftServerProxy.java:386)
	at org.apache.hadoop.ozone.container.common.transport.server.ratis.XceiverServerRatis.getRaftPeersInPipeline(XceiverServerRatis.java:951)
	at org.apache.hadoop.ozone.container.common.statemachine.commandhandler.ClosePipelineCommandHandler.lambda$handle$2(ClosePipelineCommandHandler.java:114)
	at java.util.concurrent.CompletableFuture$AsyncRun.run(CompletableFuture.java:1640)
	at java.util.concurrent.ThreadPoolExecutor.runWorker(ThreadPoolExecutor.java:1149)
	at java.util.concurrent.ThreadPoolExecutor$Worker.run(ThreadPoolExecutor.java:624)
	at java.lang.Thread.run(Thread.java:750)
2024-02-06 10:05:17,663 [FixedThreadPoolWithAffinityExecutor-0-0] INFO  container.IncrementalContainerReportHandler (AbstractContainerReportHandler.java:updateContainerState(287)) - Moving container #1 to QUASI_CLOSED state, datanode abf042c3-6cd4-4c06-9655-57992d013f88(fv-az776-296/10.1.0.5) reported QUASI_CLOSED replica.
2024-02-06 10:05:23,498 [main] INFO  ozone.MiniOzoneClusterImpl (MiniOzoneClusterImpl.java:shutdown(448)) - Shutting down the Mini Ozone Cluster
2024-02-06 10:05:23,498 [main] INFO  db.CodecTestUtil (CodecTestUtil.java:gc(50)) - gc 0
2024-02-06 10:05:23,898 [main] INFO  ozone.MiniOzoneClusterImpl (MiniOzoneClusterImpl.java:stop(464)) - Stopping the Mini Ozone Cluster
2024-02-06 10:05:23,898 [main] INFO  om.OzoneManager (OzoneManager.java:stop(2204)) - om1[localhost:15449]: Stopping Ozone Manager
2024-02-06 10:05:23,898 [main] INFO  ipc.Server (Server.java:stop(3523)) - Stopping server on 15449
2024-02-06 10:05:23,901 [IPC Server listener on 15449] INFO  ipc.Server (Server.java:run(1434)) - Stopping IPC Server listener on 15449
2024-02-06 10:05:23,902 [IPC Server Responder] INFO  ipc.Server (Server.java:run(1567)) - Stopping IPC Server Responder
2024-02-06 10:05:23,902 [main] INFO  ratis.OzoneManagerRatisServer (OzoneManagerRatisServer.java:stop(594)) - Stopping org.apache.hadoop.ozone.om.ratis.OzoneManagerRatisServer@2a08a253 at port 15452
2024-02-06 10:05:23,902 [main] INFO  server.RaftServer (RaftServerProxy.java:lambda$close$9(416)) - om1: close
2024-02-06 10:05:23,902 [main] INFO  server.GrpcService (GrpcService.java:closeImpl(311)) - om1: shutdown server GrpcServerProtocolService now
2024-02-06 10:05:23,902 [om1-impl-thread1] INFO  server.RaftServer$Division (RaftServerImpl.java:lambda$close$3(526)) - om1@group-C5BA1605619E: shutdown
2024-02-06 10:05:23,903 [om1-impl-thread1] INFO  util.JmxRegister (JmxRegister.java:unregister(73)) - Successfully un-registered JMX Bean with object name Ratis:service=RaftServer,group=group-C5BA1605619E,id=om1
2024-02-06 10:05:23,903 [om1-impl-thread1] INFO  impl.RoleInfo (RoleInfo.java:shutdownLeaderState(94)) - om1: shutdown om1@group-C5BA1605619E-LeaderStateImpl
2024-02-06 10:05:23,903 [om1-impl-thread1] INFO  impl.PendingRequests (PendingRequests.java:sendNotLeaderResponses(289)) - om1@group-C5BA1605619E-PendingRequests: sendNotLeaderResponses
2024-02-06 10:05:23,903 [main] INFO  server.GrpcService (GrpcService.java:closeImpl(320)) - om1: shutdown server GrpcServerProtocolService successfully
2024-02-06 10:05:23,906 [om1-impl-thread1] INFO  impl.StateMachineUpdater (StateMachineUpdater.java:stopAndJoin(157)) - om1@group-C5BA1605619E-StateMachineUpdater: set stopIndex = 4
2024-02-06 10:05:23,906 [om1@group-C5BA1605619E-StateMachineUpdater] INFO  ratis.OzoneManagerStateMachine (OzoneManagerStateMachine.java:takeSnapshotImpl(469)) -  applied = (t:1, i:3)
2024-02-06 10:05:23,906 [om1@group-C5BA1605619E-StateMachineUpdater] INFO  ratis.OzoneManagerStateMachine (OzoneManagerStateMachine.java:takeSnapshotImpl(470)) -  skipped = 3
2024-02-06 10:05:23,906 [om1@group-C5BA1605619E-StateMachineUpdater] INFO  ratis.OzoneManagerStateMachine (OzoneManagerStateMachine.java:takeSnapshotImpl(471)) - notified = (t:1, i:4)
2024-02-06 10:05:23,907 [om1@group-C5BA1605619E-StateMachineUpdater] INFO  ratis.OzoneManagerStateMachine (OzoneManagerStateMachine.java:takeSnapshotImpl(472)) - snapshot = (t:1, i:4)
2024-02-06 10:05:23,919 [om1@group-C5BA1605619E-StateMachineUpdater] INFO  impl.StateMachineUpdater (StateMachineUpdater.java:takeSnapshot(295)) - om1@group-C5BA1605619E-StateMachineUpdater: Took a snapshot at index 4
2024-02-06 10:05:23,919 [om1@group-C5BA1605619E-StateMachineUpdater] INFO  impl.StateMachineUpdater (StateMachineUpdater.java:lambda$new$0(98)) - om1@group-C5BA1605619E-StateMachineUpdater: snapshotIndex: updateIncreasingly -1 -> 4
2024-02-06 10:05:23,919 [om1@group-C5BA1605619E-StateMachineUpdater] INFO  ratis.OzoneManagerStateMachine (OzoneManagerStateMachine.java:close(515)) - Stopping OzoneManagerStateMachine:om1:group-C5BA1605619E.
2024-02-06 10:05:23,919 [om1@group-C5BA1605619E-StateMachineUpdater] INFO  ratis.OzoneManagerDoubleBuffer (OzoneManagerDoubleBuffer.java:stopDaemon(514)) - Stopping OMDoubleBuffer flush thread
2024-02-06 10:05:23,920 [om1-OMDoubleBufferFlushThread] INFO  ratis.OzoneManagerDoubleBuffer (OzoneManagerDoubleBuffer.java:canFlush(578)) - OMDoubleBuffer flush thread om1-OMDoubleBufferFlushThread is interrupted and will exit.
2024-02-06 10:05:23,920 [om1-impl-thread1] INFO  server.RaftServer$Division (ServerState.java:close(427)) - om1@group-C5BA1605619E: applyIndex: 3
2024-02-06 10:05:23,920 [om1@group-C5BA1605619E-cacheEviction-AwaitToRun] INFO  util.AwaitToRun (AwaitToRun.java:run(49)) - om1@group-C5BA1605619E-cacheEviction-AwaitToRun-AwaitForSignal is interrupted
2024-02-06 10:05:24,801 [om1-impl-thread1] INFO  segmented.SegmentedRaftLogWorker (SegmentedRaftLogWorker.java:close(245)) - om1@group-C5BA1605619E-SegmentedRaftLogWorker close()
2024-02-06 10:05:24,801 [JvmPauseMonitor56] INFO  util.JvmPauseMonitor (JvmPauseMonitor.java:run(152)) - JvmPauseMonitor-om1: Stopped
2024-02-06 10:05:24,805 [main] INFO  utils.BackgroundService (BackgroundService.java:shutdown(160)) - Shutting down service KeyDeletingService
2024-02-06 10:05:24,806 [main] INFO  utils.BackgroundService (BackgroundService.java:shutdown(160)) - Shutting down service DirectoryDeletingService
2024-02-06 10:05:24,806 [main] INFO  utils.BackgroundService (BackgroundService.java:shutdown(160)) - Shutting down service OpenKeyCleanupService
2024-02-06 10:05:24,806 [main] INFO  utils.BackgroundService (BackgroundService.java:shutdown(160)) - Shutting down service SstFilteringService
2024-02-06 10:05:24,806 [main] INFO  utils.BackgroundService (BackgroundService.java:shutdown(160)) - Shutting down service SnapshotDeletingService
2024-02-06 10:05:24,806 [main] INFO  utils.BackgroundService (BackgroundService.java:shutdown(160)) - Shutting down service MultipartUploadCleanupService
2024-02-06 10:05:24,807 [main] INFO  utils.BackgroundService (BackgroundService.java:shutdown(160)) - Shutting down service SnapshotDirectoryCleaningService
2024-02-06 10:05:24,807 [main] INFO  handler.ContextHandler (ContextHandler.java:doStop(1159)) - Stopped o.e.j.w.WebAppContext@6f0d9606{ozoneManager,/,null,STOPPED}{file:/home/runner/work/ozone/ozone/hadoop-ozone/integration-test/target/test-classes/webapps/ozoneManager}
2024-02-06 10:05:24,808 [main] INFO  server.AbstractConnector (AbstractConnector.java:doStop(383)) - Stopped ServerConnector@79b8aa20{HTTP/1.1, (http/1.1)}{0.0.0.0:15450}
2024-02-06 10:05:24,808 [main] INFO  server.session (HouseKeeper.java:stopScavenging(149)) - node0 Stopped scavenging
2024-02-06 10:05:24,808 [main] INFO  handler.ContextHandler (ContextHandler.java:doStop(1159)) - Stopped o.e.j.s.ServletContextHandler@572ac798{static,/static,file:///home/runner/work/ozone/ozone/hadoop-ozone/integration-test/target/test-classes/webapps/static,STOPPED}
2024-02-06 10:05:24,808 [main] INFO  handler.ContextHandler (ContextHandler.java:doStop(1159)) - Stopped o.e.j.s.ServletContextHandler@1906c92f{logs,/logs,file:///home/runner/work/ozone/ozone/hadoop-ozone/integration-test/target/log,STOPPED}
2024-02-06 10:05:24,809 [main] INFO  rocksdiff.RocksDBCheckpointDiffer (RocksDBCheckpointDiffer.java:close(310)) - Shutting down CompactionDagPruningService.
2024-02-06 10:05:24,810 [main] INFO  snapshot.SnapshotDiffManager (SnapshotDiffManager.java:closeExecutorService(1688)) - Shutting down executorService: 'SnapDiffExecutor'
2024-02-06 10:05:24,810 [main] INFO  snapshot.SnapshotDiffManager (SnapshotDiffManager.java:closeExecutorService(1688)) - Shutting down executorService: 'SstDumpToolExecutor'
2024-02-06 10:05:24,810 [main] INFO  utils.BackgroundService (BackgroundService.java:shutdown(160)) - Shutting down service SnapshotDiffCleanupService
2024-02-06 10:05:24,811 [main] INFO  ozone.MiniOzoneClusterImpl (MiniOzoneClusterImpl.java:stopDatanodes(534)) - Stopping the HddsDatanodes
2024-02-06 10:05:24,814 [main] INFO  ozoneimpl.OzoneContainer (OzoneContainer.java:stop(481)) - Attempting to stop container services.
2024-02-06 10:05:24,816 [main] INFO  server.RaftServer (RaftServerProxy.java:lambda$close$9(416)) - d1d50a62-ae00-4aa1-bd49-1c13d08c4e54: close
2024-02-06 10:05:24,816 [ForkJoinPool.commonPool-worker-1] INFO  ozoneimpl.OzoneContainer (OzoneContainer.java:stop(481)) - Attempting to stop container services.
2024-02-06 10:05:24,816 [d1d50a62-ae00-4aa1-bd49-1c13d08c4e54-impl-thread1] INFO  server.RaftServer$Division (RaftServerImpl.java:lambda$close$3(526)) - d1d50a62-ae00-4aa1-bd49-1c13d08c4e54@group-2E3400AD0710: shutdown
2024-02-06 10:05:24,816 [main] INFO  server.GrpcService (GrpcService.java:closeImpl(311)) - d1d50a62-ae00-4aa1-bd49-1c13d08c4e54: shutdown server org.apache.ratis.grpc.server.GrpcClientProtocolService now
2024-02-06 10:05:24,817 [ForkJoinPool.commonPool-worker-3] INFO  ozoneimpl.OzoneContainer (OzoneContainer.java:stop(481)) - Attempting to stop container services.
2024-02-06 10:05:24,816 [ForkJoinPool.commonPool-worker-1] INFO  server.RaftServer (RaftServerProxy.java:lambda$close$9(416)) - 20dab95a-c478-4766-b72c-beb84f06bee2: close
2024-02-06 10:05:24,817 [d1d50a62-ae00-4aa1-bd49-1c13d08c4e54-impl-thread2] INFO  server.RaftServer$Division (RaftServerImpl.java:lambda$close$3(526)) - d1d50a62-ae00-4aa1-bd49-1c13d08c4e54@group-A3A670BAEFB3: shutdown
2024-02-06 10:05:24,817 [d1d50a62-ae00-4aa1-bd49-1c13d08c4e54-impl-thread2] INFO  util.JmxRegister (JmxRegister.java:unregister(73)) - Successfully un-registered JMX Bean with object name Ratis:service=RaftServer,group=group-A3A670BAEFB3,id=d1d50a62-ae00-4aa1-bd49-1c13d08c4e54
2024-02-06 10:05:24,816 [d1d50a62-ae00-4aa1-bd49-1c13d08c4e54-impl-thread1] INFO  util.JmxRegister (JmxRegister.java:unregister(73)) - Successfully un-registered JMX Bean with object name Ratis:service=RaftServer,group=group-2E3400AD0710,id=d1d50a62-ae00-4aa1-bd49-1c13d08c4e54
2024-02-06 10:05:24,817 [d1d50a62-ae00-4aa1-bd49-1c13d08c4e54-impl-thread1] INFO  impl.RoleInfo (RoleInfo.java:shutdownFollowerState(110)) - d1d50a62-ae00-4aa1-bd49-1c13d08c4e54: shutdown d1d50a62-ae00-4aa1-bd49-1c13d08c4e54@group-2E3400AD0710-FollowerState
2024-02-06 10:05:24,817 [d1d50a62-ae00-4aa1-bd49-1c13d08c4e54-impl-thread2] INFO  impl.RoleInfo (RoleInfo.java:shutdownLeaderState(94)) - d1d50a62-ae00-4aa1-bd49-1c13d08c4e54: shutdown d1d50a62-ae00-4aa1-bd49-1c13d08c4e54@group-A3A670BAEFB3-LeaderStateImpl
2024-02-06 10:05:24,817 [d1d50a62-ae00-4aa1-bd49-1c13d08c4e54@group-2E3400AD0710-StateMachineUpdater] INFO  ratis.ContainerStateMachine (ContainerStateMachine.java:takeSnapshot(355)) - group-2E3400AD0710: Taking a snapshot at:(t:1, i:0) file /home/runner/work/ozone/ozone/hadoop-ozone/integration-test/target/test-dir/MiniOzoneClusterImpl-5d1c2165-a83d-4eb5-a2bf-ae35b2f22424/datanode-5/data/ratis/9ed817c2-7c51-42bf-a569-2e3400ad0710/sm/snapshot.1_0
2024-02-06 10:05:24,817 [main] INFO  server.GrpcService (GrpcService.java:closeImpl(320)) - d1d50a62-ae00-4aa1-bd49-1c13d08c4e54: shutdown server org.apache.ratis.grpc.server.GrpcClientProtocolService successfully
2024-02-06 10:05:24,817 [main] INFO  server.GrpcService (GrpcService.java:closeImpl(311)) - d1d50a62-ae00-4aa1-bd49-1c13d08c4e54: shutdown server GrpcServerProtocolService now
2024-02-06 10:05:24,817 [ForkJoinPool.commonPool-worker-3] INFO  server.RaftServer (RaftServerProxy.java:lambda$close$9(416)) - c6296721-c547-473a-9a19-ee5b14f2eab7: close
2024-02-06 10:05:24,817 [d1d50a62-ae00-4aa1-bd49-1c13d08c4e54-impl-thread2] INFO  impl.PendingRequests (PendingRequests.java:sendNotLeaderResponses(289)) - d1d50a62-ae00-4aa1-bd49-1c13d08c4e54@group-A3A670BAEFB3-PendingRequests: sendNotLeaderResponses
2024-02-06 10:05:24,818 [d1d50a62-ae00-4aa1-bd49-1c13d08c4e54@group-2E3400AD0710-StateMachineUpdater] INFO  ratis.ContainerStateMachine (ContainerStateMachine.java:takeSnapshot(366)) - group-2E3400AD0710: Finished taking a snapshot at:(t:1, i:0) file:/home/runner/work/ozone/ozone/hadoop-ozone/integration-test/target/test-dir/MiniOzoneClusterImpl-5d1c2165-a83d-4eb5-a2bf-ae35b2f22424/datanode-5/data/ratis/9ed817c2-7c51-42bf-a569-2e3400ad0710/sm/snapshot.1_0 took: 1 ms
2024-02-06 10:05:24,818 [d1d50a62-ae00-4aa1-bd49-1c13d08c4e54@group-2E3400AD0710-StateMachineUpdater] INFO  impl.StateMachineUpdater (StateMachineUpdater.java:takeSnapshot(295)) - d1d50a62-ae00-4aa1-bd49-1c13d08c4e54@group-2E3400AD0710-StateMachineUpdater: Took a snapshot at index 0
2024-02-06 10:05:24,818 [d1d50a62-ae00-4aa1-bd49-1c13d08c4e54@group-2E3400AD0710-StateMachineUpdater] INFO  impl.StateMachineUpdater (StateMachineUpdater.java:lambda$new$0(98)) - d1d50a62-ae00-4aa1-bd49-1c13d08c4e54@group-2E3400AD0710-StateMachineUpdater: snapshotIndex: updateIncreasingly -1 -> 0
2024-02-06 10:05:24,817 [d1d50a62-ae00-4aa1-bd49-1c13d08c4e54-impl-thread1] INFO  impl.StateMachineUpdater (StateMachineUpdater.java:stopAndJoin(157)) - d1d50a62-ae00-4aa1-bd49-1c13d08c4e54@group-2E3400AD0710-StateMachineUpdater: set stopIndex = 0
2024-02-06 10:05:24,817 [d1d50a62-ae00-4aa1-bd49-1c13d08c4e54@group-2E3400AD0710-FollowerState] INFO  impl.FollowerState (FollowerState.java:run(152)) - d1d50a62-ae00-4aa1-bd49-1c13d08c4e54@group-2E3400AD0710-FollowerState was interrupted
2024-02-06 10:05:24,820 [d1d50a62-ae00-4aa1-bd49-1c13d08c4e54-impl-thread1] INFO  server.RaftServer$Division (ServerState.java:close(427)) - d1d50a62-ae00-4aa1-bd49-1c13d08c4e54@group-2E3400AD0710: applyIndex: 0
2024-02-06 10:05:24,818 [d1d50a62-ae00-4aa1-bd49-1c13d08c4e54@group-A3A670BAEFB3-StateMachineUpdater] INFO  ratis.ContainerStateMachine (ContainerStateMachine.java:takeSnapshot(355)) - group-A3A670BAEFB3: Taking a snapshot at:(t:1, i:0) file /home/runner/work/ozone/ozone/hadoop-ozone/integration-test/target/test-dir/MiniOzoneClusterImpl-5d1c2165-a83d-4eb5-a2bf-ae35b2f22424/datanode-5/data/ratis/b93eca86-6fb6-434e-b3b3-a3a670baefb3/sm/snapshot.1_0
2024-02-06 10:05:24,818 [d1d50a62-ae00-4aa1-bd49-1c13d08c4e54-impl-thread2] INFO  impl.StateMachineUpdater (StateMachineUpdater.java:stopAndJoin(157)) - d1d50a62-ae00-4aa1-bd49-1c13d08c4e54@group-A3A670BAEFB3-StateMachineUpdater: set stopIndex = 0
2024-02-06 10:05:24,820 [d1d50a62-ae00-4aa1-bd49-1c13d08c4e54@group-2E3400AD0710-cacheEviction-AwaitToRun] INFO  util.AwaitToRun (AwaitToRun.java:run(49)) - d1d50a62-ae00-4aa1-bd49-1c13d08c4e54@group-2E3400AD0710-cacheEviction-AwaitToRun-AwaitForSignal is interrupted
2024-02-06 10:05:24,820 [20dab95a-c478-4766-b72c-beb84f06bee2-impl-thread1] INFO  server.RaftServer$Division (RaftServerImpl.java:lambda$close$3(526)) - 20dab95a-c478-4766-b72c-beb84f06bee2@group-B6B8FC41F9A2: shutdown
2024-02-06 10:05:24,820 [20dab95a-c478-4766-b72c-beb84f06bee2-impl-thread1] INFO  util.JmxRegister (JmxRegister.java:unregister(73)) - Successfully un-registered JMX Bean with object name Ratis:service=RaftServer,group=group-B6B8FC41F9A2,id=20dab95a-c478-4766-b72c-beb84f06bee2
2024-02-06 10:05:24,820 [20dab95a-c478-4766-b72c-beb84f06bee2-impl-thread1] INFO  impl.RoleInfo (RoleInfo.java:shutdownLeaderState(94)) - 20dab95a-c478-4766-b72c-beb84f06bee2: shutdown 20dab95a-c478-4766-b72c-beb84f06bee2@group-B6B8FC41F9A2-LeaderStateImpl
2024-02-06 10:05:24,820 [20dab95a-c478-4766-b72c-beb84f06bee2-impl-thread1] INFO  impl.PendingRequests (PendingRequests.java:sendNotLeaderResponses(289)) - 20dab95a-c478-4766-b72c-beb84f06bee2@group-B6B8FC41F9A2-PendingRequests: sendNotLeaderResponses
2024-02-06 10:05:24,820 [ForkJoinPool.commonPool-worker-1] INFO  server.GrpcService (GrpcService.java:closeImpl(311)) - 20dab95a-c478-4766-b72c-beb84f06bee2: shutdown server org.apache.ratis.grpc.server.GrpcClientProtocolService now
2024-02-06 10:05:24,821 [ForkJoinPool.commonPool-worker-3] INFO  server.GrpcService (GrpcService.java:closeImpl(311)) - c6296721-c547-473a-9a19-ee5b14f2eab7: shutdown server org.apache.ratis.grpc.server.GrpcClientProtocolService now
2024-02-06 10:05:24,821 [20dab95a-c478-4766-b72c-beb84f06bee2-impl-thread1] INFO  impl.StateMachineUpdater (StateMachineUpdater.java:stopAndJoin(157)) - 20dab95a-c478-4766-b72c-beb84f06bee2@group-B6B8FC41F9A2-StateMachineUpdater: set stopIndex = 0
2024-02-06 10:05:24,821 [c6296721-c547-473a-9a19-ee5b14f2eab7-impl-thread2] INFO  server.RaftServer$Division (RaftServerImpl.java:lambda$close$3(526)) - c6296721-c547-473a-9a19-ee5b14f2eab7@group-D1DFDC394ACF: shutdown
2024-02-06 10:05:24,821 [c6296721-c547-473a-9a19-ee5b14f2eab7-impl-thread2] INFO  util.JmxRegister (JmxRegister.java:unregister(73)) - Successfully un-registered JMX Bean with object name Ratis:service=RaftServer,group=group-D1DFDC394ACF,id=c6296721-c547-473a-9a19-ee5b14f2eab7
2024-02-06 10:05:24,821 [c6296721-c547-473a-9a19-ee5b14f2eab7-impl-thread2] INFO  impl.RoleInfo (RoleInfo.java:shutdownLeaderState(94)) - c6296721-c547-473a-9a19-ee5b14f2eab7: shutdown c6296721-c547-473a-9a19-ee5b14f2eab7@group-D1DFDC394ACF-LeaderStateImpl
2024-02-06 10:05:24,821 [c6296721-c547-473a-9a19-ee5b14f2eab7-impl-thread2] INFO  impl.PendingRequests (PendingRequests.java:sendNotLeaderResponses(289)) - c6296721-c547-473a-9a19-ee5b14f2eab7@group-D1DFDC394ACF-PendingRequests: sendNotLeaderResponses
2024-02-06 10:05:24,821 [c6296721-c547-473a-9a19-ee5b14f2eab7-impl-thread2] INFO  impl.StateMachineUpdater (StateMachineUpdater.java:stopAndJoin(157)) - c6296721-c547-473a-9a19-ee5b14f2eab7@group-D1DFDC394ACF-StateMachineUpdater: set stopIndex = 0
2024-02-06 10:05:24,821 [c6296721-c547-473a-9a19-ee5b14f2eab7@group-D1DFDC394ACF-StateMachineUpdater] INFO  ratis.ContainerStateMachine (ContainerStateMachine.java:takeSnapshot(355)) - group-D1DFDC394ACF: Taking a snapshot at:(t:1, i:0) file /home/runner/work/ozone/ozone/hadoop-ozone/integration-test/target/test-dir/MiniOzoneClusterImpl-5d1c2165-a83d-4eb5-a2bf-ae35b2f22424/datanode-3/data/ratis/31b04cad-8b51-48e7-87a5-d1dfdc394acf/sm/snapshot.1_0
2024-02-06 10:05:24,822 [c6296721-c547-473a-9a19-ee5b14f2eab7@group-D1DFDC394ACF-StateMachineUpdater] INFO  ratis.ContainerStateMachine (ContainerStateMachine.java:takeSnapshot(366)) - group-D1DFDC394ACF: Finished taking a snapshot at:(t:1, i:0) file:/home/runner/work/ozone/ozone/hadoop-ozone/integration-test/target/test-dir/MiniOzoneClusterImpl-5d1c2165-a83d-4eb5-a2bf-ae35b2f22424/datanode-3/data/ratis/31b04cad-8b51-48e7-87a5-d1dfdc394acf/sm/snapshot.1_0 took: 1 ms
2024-02-06 10:05:24,822 [c6296721-c547-473a-9a19-ee5b14f2eab7@group-D1DFDC394ACF-StateMachineUpdater] INFO  impl.StateMachineUpdater (StateMachineUpdater.java:takeSnapshot(295)) - c6296721-c547-473a-9a19-ee5b14f2eab7@group-D1DFDC394ACF-StateMachineUpdater: Took a snapshot at index 0
2024-02-06 10:05:24,822 [c6296721-c547-473a-9a19-ee5b14f2eab7@group-D1DFDC394ACF-StateMachineUpdater] INFO  impl.StateMachineUpdater (StateMachineUpdater.java:lambda$new$0(98)) - c6296721-c547-473a-9a19-ee5b14f2eab7@group-D1DFDC394ACF-StateMachineUpdater: snapshotIndex: updateIncreasingly -1 -> 0
2024-02-06 10:05:24,821 [20dab95a-c478-4766-b72c-beb84f06bee2-impl-thread2] INFO  server.RaftServer$Division (RaftServerImpl.java:lambda$close$3(526)) - 20dab95a-c478-4766-b72c-beb84f06bee2@group-38BCDD253F99: shutdown
2024-02-06 10:05:24,823 [20dab95a-c478-4766-b72c-beb84f06bee2-impl-thread2] INFO  util.JmxRegister (JmxRegister.java:unregister(73)) - Successfully un-registered JMX Bean with object name Ratis:service=RaftServer,group=group-38BCDD253F99,id=20dab95a-c478-4766-b72c-beb84f06bee2
2024-02-06 10:05:24,823 [20dab95a-c478-4766-b72c-beb84f06bee2-impl-thread2] INFO  impl.RoleInfo (RoleInfo.java:shutdownFollowerState(110)) - 20dab95a-c478-4766-b72c-beb84f06bee2: shutdown 20dab95a-c478-4766-b72c-beb84f06bee2@group-38BCDD253F99-FollowerState
2024-02-06 10:05:24,823 [ForkJoinPool.commonPool-worker-2] INFO  ozoneimpl.OzoneContainer (OzoneContainer.java:stop(481)) - Attempting to stop container services.
2024-02-06 10:05:24,823 [20dab95a-c478-4766-b72c-beb84f06bee2@group-38BCDD253F99-FollowerState] INFO  impl.FollowerState (FollowerState.java:run(152)) - 20dab95a-c478-4766-b72c-beb84f06bee2@group-38BCDD253F99-FollowerState was interrupted
2024-02-06 10:05:24,820 [c6296721-c547-473a-9a19-ee5b14f2eab7-impl-thread1] INFO  server.RaftServer$Division (RaftServerImpl.java:lambda$close$3(526)) - c6296721-c547-473a-9a19-ee5b14f2eab7@group-2E3400AD0710: shutdown
2024-02-06 10:05:24,823 [c6296721-c547-473a-9a19-ee5b14f2eab7-impl-thread1] INFO  util.JmxRegister (JmxRegister.java:unregister(73)) - Successfully un-registered JMX Bean with object name Ratis:service=RaftServer,group=group-2E3400AD0710,id=c6296721-c547-473a-9a19-ee5b14f2eab7
2024-02-06 10:05:24,823 [c6296721-c547-473a-9a19-ee5b14f2eab7-impl-thread1] INFO  impl.RoleInfo (RoleInfo.java:shutdownLeaderState(94)) - c6296721-c547-473a-9a19-ee5b14f2eab7: shutdown c6296721-c547-473a-9a19-ee5b14f2eab7@group-2E3400AD0710-LeaderStateImpl
2024-02-06 10:05:24,823 [20dab95a-c478-4766-b72c-beb84f06bee2@group-38BCDD253F99-StateMachineUpdater] INFO  ratis.ContainerStateMachine (ContainerStateMachine.java:takeSnapshot(355)) - group-38BCDD253F99: Taking a snapshot at:(t:1, i:0) file /home/runner/work/ozone/ozone/hadoop-ozone/integration-test/target/test-dir/MiniOzoneClusterImpl-5d1c2165-a83d-4eb5-a2bf-ae35b2f22424/datanode-2/data/ratis/b4aee8a7-e9fd-4d25-b8f5-38bcdd253f99/sm/snapshot.1_0
2024-02-06 10:05:24,823 [main] INFO  server.GrpcService (GrpcService.java:closeImpl(320)) - d1d50a62-ae00-4aa1-bd49-1c13d08c4e54: shutdown server GrpcServerProtocolService successfully
2024-02-06 10:05:24,823 [main] INFO  server.GrpcService (GrpcService.java:closeImpl(311)) - d1d50a62-ae00-4aa1-bd49-1c13d08c4e54: shutdown server org.apache.ratis.grpc.server.GrpcAdminProtocolService now
2024-02-06 10:05:24,824 [Thread-7027] INFO  server.GrpcServerProtocolClient (GrpcServerProtocolClient.java:close(103)) - 79c56b25-6309-4552-ab3a-12e132dee763 Close channels
2024-02-06 10:05:24,820 [d1d50a62-ae00-4aa1-bd49-1c13d08c4e54@group-A3A670BAEFB3-StateMachineUpdater] INFO  ratis.ContainerStateMachine (ContainerStateMachine.java:takeSnapshot(366)) - group-A3A670BAEFB3: Finished taking a snapshot at:(t:1, i:0) file:/home/runner/work/ozone/ozone/hadoop-ozone/integration-test/target/test-dir/MiniOzoneClusterImpl-5d1c2165-a83d-4eb5-a2bf-ae35b2f22424/datanode-5/data/ratis/b93eca86-6fb6-434e-b3b3-a3a670baefb3/sm/snapshot.1_0 took: 2 ms
2024-02-06 10:05:24,824 [d1d50a62-ae00-4aa1-bd49-1c13d08c4e54@group-A3A670BAEFB3-StateMachineUpdater] INFO  impl.StateMachineUpdater (StateMachineUpdater.java:takeSnapshot(295)) - d1d50a62-ae00-4aa1-bd49-1c13d08c4e54@group-A3A670BAEFB3-StateMachineUpdater: Took a snapshot at index 0
2024-02-06 10:05:24,824 [20dab95a-c478-4766-b72c-beb84f06bee2@group-38BCDD253F99-StateMachineUpdater] INFO  ratis.ContainerStateMachine (ContainerStateMachine.java:takeSnapshot(366)) - group-38BCDD253F99: Finished taking a snapshot at:(t:1, i:0) file:/home/runner/work/ozone/ozone/hadoop-ozone/integration-test/target/test-dir/MiniOzoneClusterImpl-5d1c2165-a83d-4eb5-a2bf-ae35b2f22424/datanode-2/data/ratis/b4aee8a7-e9fd-4d25-b8f5-38bcdd253f99/sm/snapshot.1_0 took: 1 ms
2024-02-06 10:05:24,824 [grpc-default-executor-2] INFO  server.GrpcLogAppender (GrpcLogAppender.java:onError(533)) - c6296721-c547-473a-9a19-ee5b14f2eab7@group-2E3400AD0710->d1d50a62-ae00-4aa1-bd49-1c13d08c4e54-GrpcLogAppender is already stopped
2024-02-06 10:05:24,824 [20dab95a-c478-4766-b72c-beb84f06bee2@group-38BCDD253F99-StateMachineUpdater] INFO  impl.StateMachineUpdater (StateMachineUpdater.java:takeSnapshot(295)) - 20dab95a-c478-4766-b72c-beb84f06bee2@group-38BCDD253F99-StateMachineUpdater: Took a snapshot at index 0
2024-02-06 10:05:24,824 [20dab95a-c478-4766-b72c-beb84f06bee2@group-38BCDD253F99-StateMachineUpdater] INFO  impl.StateMachineUpdater (StateMachineUpdater.java:lambda$new$0(98)) - 20dab95a-c478-4766-b72c-beb84f06bee2@group-38BCDD253F99-StateMachineUpdater: snapshotIndex: updateIncreasingly -1 -> 0
2024-02-06 10:05:24,824 [c6296721-c547-473a-9a19-ee5b14f2eab7-impl-thread1] INFO  impl.PendingRequests (PendingRequests.java:sendNotLeaderResponses(289)) - c6296721-c547-473a-9a19-ee5b14f2eab7@group-2E3400AD0710-PendingRequests: sendNotLeaderResponses
2024-02-06 10:05:24,824 [ForkJoinPool.commonPool-worker-2] INFO  server.RaftServer (RaftServerProxy.java:lambda$close$9(416)) - 79c56b25-6309-4552-ab3a-12e132dee763: close
2024-02-06 10:05:24,825 [c6296721-c547-473a-9a19-ee5b14f2eab7@group-2E3400AD0710->3668fcd7-5f50-4258-afea-ecf4a9b92dd6-GrpcLogAppender-LogAppenderDaemon] WARN  server.GrpcLogAppender (GrpcLogAppender.java:mayWait(289)) - c6296721-c547-473a-9a19-ee5b14f2eab7@group-2E3400AD0710->3668fcd7-5f50-4258-afea-ecf4a9b92dd6-GrpcLogAppender: Wait interrupted by java.lang.InterruptedException
2024-02-06 10:05:24,825 [ForkJoinPool.commonPool-worker-2] INFO  server.GrpcService (GrpcService.java:closeImpl(311)) - 79c56b25-6309-4552-ab3a-12e132dee763: shutdown server org.apache.ratis.grpc.server.GrpcClientProtocolService now
2024-02-06 10:05:24,825 [c6296721-c547-473a-9a19-ee5b14f2eab7@group-2E3400AD0710->d1d50a62-ae00-4aa1-bd49-1c13d08c4e54-GrpcLogAppender-LogAppenderDaemon] WARN  server.GrpcLogAppender (GrpcLogAppender.java:mayWait(289)) - c6296721-c547-473a-9a19-ee5b14f2eab7@group-2E3400AD0710->d1d50a62-ae00-4aa1-bd49-1c13d08c4e54-GrpcLogAppender: Wait interrupted by java.lang.InterruptedException
2024-02-06 10:05:24,826 [grpc-default-executor-5] INFO  server.GrpcServerProtocolService (GrpcServerProtocolService.java:onCompleted(157)) - 3668fcd7-5f50-4258-afea-ecf4a9b92dd6: Completed APPEND_ENTRIES, lastRequest: null
2024-02-06 10:05:24,825 [Thread-7029] INFO  server.GrpcServerProtocolClient (GrpcServerProtocolClient.java:close(103)) - 3668fcd7-5f50-4258-afea-ecf4a9b92dd6 Close channels
2024-02-06 10:05:24,824 [Thread-7028] INFO  server.GrpcServerProtocolClient (GrpcServerProtocolClient.java:close(103)) - d1d50a62-ae00-4aa1-bd49-1c13d08c4e54 Close channels
2024-02-06 10:05:24,823 [grpc-default-executor-3] WARN  server.GrpcServerProtocolService (LogUtils.java:warn(121)) - d1d50a62-ae00-4aa1-bd49-1c13d08c4e54: APPEND_ENTRIES onError, lastRequest: null: org.apache.ratis.thirdparty.io.grpc.StatusRuntimeException: CANCELLED: client cancelled
2024-02-06 10:05:24,823 [20dab95a-c478-4766-b72c-beb84f06bee2-impl-thread2] INFO  impl.StateMachineUpdater (StateMachineUpdater.java:stopAndJoin(157)) - 20dab95a-c478-4766-b72c-beb84f06bee2@group-38BCDD253F99-StateMachineUpdater: set stopIndex = 0
2024-02-06 10:05:24,827 [20dab95a-c478-4766-b72c-beb84f06bee2-impl-thread2] INFO  server.RaftServer$Division (ServerState.java:close(427)) - 20dab95a-c478-4766-b72c-beb84f06bee2@group-38BCDD253F99: applyIndex: 0
2024-02-06 10:05:24,823 [grpc-default-executor-4] WARN  server.GrpcServerProtocolService (LogUtils.java:warn(121)) - d1d50a62-ae00-4aa1-bd49-1c13d08c4e54: APPEND_ENTRIES onError, lastRequest: c6296721-c547-473a-9a19-ee5b14f2eab7->d1d50a62-ae00-4aa1-bd49-1c13d08c4e54#1-t1,previous=(t:0, i:0),leaderCommit=-1,initializing? false,entries: size=1, first=(t:1, i:0), CONFIGURATIONENTRY(current:id: "d1d50a62-ae00-4aa1-bd49-1c13d08c4e54"
address: "10.1.0.5:15504"
dataStreamAddress: "10.1.0.5:15505"
clientAddress: "10.1.0.5:15502"
adminAddress: "10.1.0.5:15503"
startupRole: FOLLOWER
,id: "3668fcd7-5f50-4258-afea-ecf4a9b92dd6"
address: "10.1.0.5:15495"
dataStreamAddress: "10.1.0.5:15496"
clientAddress: "10.1.0.5:15493"
adminAddress: "10.1.0.5:15494"
startupRole: FOLLOWER
,id: "c6296721-c547-473a-9a19-ee5b14f2eab7"
address: "10.1.0.5:15486"
priority: 1
dataStreamAddress: "10.1.0.5:15487"
clientAddress: "10.1.0.5:15484"
adminAddress: "10.1.0.5:15485"
startupRole: FOLLOWER
, old:): org.apache.ratis.thirdparty.io.grpc.StatusRuntimeException: CANCELLED: client cancelled
2024-02-06 10:05:24,828 [20dab95a-c478-4766-b72c-beb84f06bee2@group-38BCDD253F99-cacheEviction-AwaitToRun] INFO  util.AwaitToRun (AwaitToRun.java:run(49)) - 20dab95a-c478-4766-b72c-beb84f06bee2@group-38BCDD253F99-cacheEviction-AwaitToRun-AwaitForSignal is interrupted
2024-02-06 10:05:24,821 [20dab95a-c478-4766-b72c-beb84f06bee2@group-B6B8FC41F9A2-StateMachineUpdater] INFO  ratis.ContainerStateMachine (ContainerStateMachine.java:takeSnapshot(355)) - group-B6B8FC41F9A2: Taking a snapshot at:(t:1, i:0) file /home/runner/work/ozone/ozone/hadoop-ozone/integration-test/target/test-dir/MiniOzoneClusterImpl-5d1c2165-a83d-4eb5-a2bf-ae35b2f22424/datanode-2/data/ratis/82910f87-6300-4632-b10d-b6b8fc41f9a2/sm/snapshot.1_0
2024-02-06 10:05:24,826 [c6296721-c547-473a-9a19-ee5b14f2eab7@group-2E3400AD0710-StateMachineUpdater] INFO  ratis.ContainerStateMachine (ContainerStateMachine.java:takeSnapshot(355)) - group-2E3400AD0710: Taking a snapshot at:(t:1, i:0) file /home/runner/work/ozone/ozone/hadoop-ozone/integration-test/target/test-dir/MiniOzoneClusterImpl-5d1c2165-a83d-4eb5-a2bf-ae35b2f22424/datanode-3/data/ratis/9ed817c2-7c51-42bf-a569-2e3400ad0710/sm/snapshot.1_0
2024-02-06 10:05:24,826 [c6296721-c547-473a-9a19-ee5b14f2eab7-impl-thread1] INFO  impl.StateMachineUpdater (StateMachineUpdater.java:stopAndJoin(157)) - c6296721-c547-473a-9a19-ee5b14f2eab7@group-2E3400AD0710-StateMachineUpdater: set stopIndex = 0
2024-02-06 10:05:24,826 [79c56b25-6309-4552-ab3a-12e132dee763-impl-thread2] INFO  server.RaftServer$Division (RaftServerImpl.java:lambda$close$3(526)) - 79c56b25-6309-4552-ab3a-12e132dee763@group-820285DD5522: shutdown
2024-02-06 10:05:24,826 [grpc-default-executor-5] INFO  server.GrpcServerProtocolService (GrpcServerProtocolService.java:lambda$onCompleted$5(159)) - 3668fcd7-5f50-4258-afea-ecf4a9b92dd6: Completed APPEND_ENTRIES, lastReply: serverReply {
  requestorId: "c6296721-c547-473a-9a19-ee5b14f2eab7"
  replyId: "3668fcd7-5f50-4258-afea-ecf4a9b92dd6"
  raftGroupId {
    id: "\236\330\027\302|QB\277\245i.4\000\255\a\020"
  }
  callId: 13
  success: true
}
term: 1
nextIndex: 1
matchIndex: 18446744073709551615
isHearbeat: true

2024-02-06 10:05:24,829 [main] INFO  server.GrpcService (GrpcService.java:closeImpl(320)) - d1d50a62-ae00-4aa1-bd49-1c13d08c4e54: shutdown server org.apache.ratis.grpc.server.GrpcAdminProtocolService successfully
2024-02-06 10:05:24,826 [grpc-default-executor-2] INFO  server.GrpcServerProtocolService (GrpcServerProtocolService.java:onCompleted(157)) - 3668fcd7-5f50-4258-afea-ecf4a9b92dd6: Completed APPEND_ENTRIES, lastRequest: c6296721-c547-473a-9a19-ee5b14f2eab7->3668fcd7-5f50-4258-afea-ecf4a9b92dd6#1-t1,previous=(t:0, i:0),leaderCommit=-1,initializing? false,entries: size=1, first=(t:1, i:0), CONFIGURATIONENTRY(current:id: "d1d50a62-ae00-4aa1-bd49-1c13d08c4e54"
address: "10.1.0.5:15504"
dataStreamAddress: "10.1.0.5:15505"
clientAddress: "10.1.0.5:15502"
adminAddress: "10.1.0.5:15503"
startupRole: FOLLOWER
,id: "3668fcd7-5f50-4258-afea-ecf4a9b92dd6"
address: "10.1.0.5:15495"
dataStreamAddress: "10.1.0.5:15496"
clientAddress: "10.1.0.5:15493"
adminAddress: "10.1.0.5:15494"
startupRole: FOLLOWER
,id: "c6296721-c547-473a-9a19-ee5b14f2eab7"
address: "10.1.0.5:15486"
priority: 1
dataStreamAddress: "10.1.0.5:15487"
clientAddress: "10.1.0.5:15484"
adminAddress: "10.1.0.5:15485"
startupRole: FOLLOWER
, old:)
2024-02-06 10:05:24,830 [grpc-default-executor-2] INFO  server.GrpcServerProtocolService (GrpcServerProtocolService.java:lambda$onCompleted$5(159)) - 3668fcd7-5f50-4258-afea-ecf4a9b92dd6: Completed APPEND_ENTRIES, lastReply: null
2024-02-06 10:05:24,830 [grpc-default-executor-5] INFO  server.GrpcLogAppender (GrpcLogAppender.java:onCompleted(546)) - c6296721-c547-473a-9a19-ee5b14f2eab7@group-2E3400AD0710->3668fcd7-5f50-4258-afea-ecf4a9b92dd6-AppendLogResponseHandler: follower responses appendEntries COMPLETED
2024-02-06 10:05:24,830 [grpc-default-executor-5] WARN  server.GrpcLogAppender (GrpcLogAppender.java:resetClient(226)) - c6296721-c547-473a-9a19-ee5b14f2eab7@group-2E3400AD0710->3668fcd7-5f50-4258-afea-ecf4a9b92dd6-GrpcLogAppender: Failed to getClient for 3668fcd7-5f50-4258-afea-ecf4a9b92dd6
org.apache.ratis.protocol.exceptions.AlreadyClosedException: c6296721-c547-473a-9a19-ee5b14f2eab7 is already CLOSED
	at org.apache.ratis.util.PeerProxyMap$PeerAndProxy.getProxy(PeerProxyMap.java:65)
	at org.apache.ratis.util.PeerProxyMap.getProxy(PeerProxyMap.java:114)
	at org.apache.ratis.grpc.server.GrpcLogAppender.getClient(GrpcLogAppender.java:196)
	at org.apache.ratis.grpc.server.GrpcLogAppender.resetClient(GrpcLogAppender.java:201)
	at org.apache.ratis.grpc.server.GrpcLogAppender.access$800(GrpcLogAppender.java:62)
	at org.apache.ratis.grpc.server.GrpcLogAppender$AppendLogResponseHandler.onCompleted(GrpcLogAppender.java:547)
	at org.apache.ratis.thirdparty.io.grpc.stub.ClientCalls$StreamObserverToCallListenerAdapter.onClose(ClientCalls.java:479)
	at org.apache.ratis.thirdparty.io.grpc.internal.ClientCallImpl.closeObserver(ClientCallImpl.java:567)
	at org.apache.ratis.thirdparty.io.grpc.internal.ClientCallImpl.access$300(ClientCallImpl.java:71)
	at org.apache.ratis.thirdparty.io.grpc.internal.ClientCallImpl$ClientStreamListenerImpl$1StreamClosed.runInternal(ClientCallImpl.java:735)
	at org.apache.ratis.thirdparty.io.grpc.internal.ClientCallImpl$ClientStreamListenerImpl$1StreamClosed.runInContext(ClientCallImpl.java:716)
	at org.apache.ratis.thirdparty.io.grpc.internal.ContextRunnable.run(ContextRunnable.java:37)
	at org.apache.ratis.thirdparty.io.grpc.internal.SerializingExecutor.run(SerializingExecutor.java:133)
	at java.util.concurrent.ThreadPoolExecutor.runWorker(ThreadPoolExecutor.java:1149)
	at java.util.concurrent.ThreadPoolExecutor$Worker.run(ThreadPoolExecutor.java:624)
	at java.lang.Thread.run(Thread.java:750)
2024-02-06 10:05:24,832 [d1d50a62-ae00-4aa1-bd49-1c13d08c4e54-NettyServerStreamRpc-bossGroup--thread1] INFO  logging.LoggingHandler (AbstractInternalLogger.java:log(148)) - [id: 0x4149f490, L:/0.0.0.0:15505] CLOSE
2024-02-06 10:05:24,832 [d1d50a62-ae00-4aa1-bd49-1c13d08c4e54-NettyServerStreamRpc-bossGroup--thread1] INFO  logging.LoggingHandler (AbstractInternalLogger.java:log(148)) - [id: 0x4149f490, L:/0.0.0.0:15505] INACTIVE
2024-02-06 10:05:24,833 [d1d50a62-ae00-4aa1-bd49-1c13d08c4e54-NettyServerStreamRpc-bossGroup--thread1] INFO  logging.LoggingHandler (AbstractInternalLogger.java:log(148)) - [id: 0x4149f490, L:/0.0.0.0:15505] UNREGISTERED
2024-02-06 10:05:24,825 [79c56b25-6309-4552-ab3a-12e132dee763-impl-thread1] INFO  server.RaftServer$Division (RaftServerImpl.java:lambda$close$3(526)) - 79c56b25-6309-4552-ab3a-12e132dee763@group-38BCDD253F99: shutdown
2024-02-06 10:05:24,833 [79c56b25-6309-4552-ab3a-12e132dee763-impl-thread1] INFO  util.JmxRegister (JmxRegister.java:unregister(73)) - Successfully un-registered JMX Bean with object name Ratis:service=RaftServer,group=group-38BCDD253F99,id=79c56b25-6309-4552-ab3a-12e132dee763
2024-02-06 10:05:24,833 [79c56b25-6309-4552-ab3a-12e132dee763-impl-thread1] INFO  impl.RoleInfo (RoleInfo.java:shutdownFollowerState(110)) - 79c56b25-6309-4552-ab3a-12e132dee763: shutdown 79c56b25-6309-4552-ab3a-12e132dee763@group-38BCDD253F99-FollowerState
2024-02-06 10:05:24,825 [grpc-default-executor-6] INFO  server.GrpcLogAppender (GrpcLogAppender.java:onError(533)) - c6296721-c547-473a-9a19-ee5b14f2eab7@group-2E3400AD0710->d1d50a62-ae00-4aa1-bd49-1c13d08c4e54-GrpcLogAppender is already stopped
2024-02-06 10:05:24,823 [c6296721-c547-473a-9a19-ee5b14f2eab7-impl-thread2] INFO  server.RaftServer$Division (ServerState.java:close(427)) - c6296721-c547-473a-9a19-ee5b14f2eab7@group-D1DFDC394ACF: applyIndex: 0
2024-02-06 10:05:24,824 [Thread-7032] INFO  server.GrpcServerProtocolClient (GrpcServerProtocolClient.java:close(103)) - 26d06f5e-593d-478d-80a2-0fa092cabf84 Close channels
2024-02-06 10:05:24,824 [d1d50a62-ae00-4aa1-bd49-1c13d08c4e54@group-A3A670BAEFB3-StateMachineUpdater] INFO  impl.StateMachineUpdater (StateMachineUpdater.java:lambda$new$0(98)) - d1d50a62-ae00-4aa1-bd49-1c13d08c4e54@group-A3A670BAEFB3-StateMachineUpdater: snapshotIndex: updateIncreasingly -1 -> 0
2024-02-06 10:05:24,833 [d1d50a62-ae00-4aa1-bd49-1c13d08c4e54-impl-thread2] INFO  server.RaftServer$Division (ServerState.java:close(427)) - d1d50a62-ae00-4aa1-bd49-1c13d08c4e54@group-A3A670BAEFB3: applyIndex: 0
2024-02-06 10:05:24,830 [grpc-default-executor-2] INFO  server.GrpcLogAppender (GrpcLogAppender.java:onCompleted(546)) - c6296721-c547-473a-9a19-ee5b14f2eab7@group-2E3400AD0710->3668fcd7-5f50-4258-afea-ecf4a9b92dd6-AppendLogResponseHandler: follower responses appendEntries COMPLETED
2024-02-06 10:05:24,830 [c6296721-c547-473a-9a19-ee5b14f2eab7@group-2E3400AD0710-StateMachineUpdater] INFO  ratis.ContainerStateMachine (ContainerStateMachine.java:takeSnapshot(366)) - group-2E3400AD0710: Finished taking a snapshot at:(t:1, i:0) file:/home/runner/work/ozone/ozone/hadoop-ozone/integration-test/target/test-dir/MiniOzoneClusterImpl-5d1c2165-a83d-4eb5-a2bf-ae35b2f22424/datanode-3/data/ratis/9ed817c2-7c51-42bf-a569-2e3400ad0710/sm/snapshot.1_0 took: 4 ms
2024-02-06 10:05:24,834 [c6296721-c547-473a-9a19-ee5b14f2eab7@group-2E3400AD0710-StateMachineUpdater] INFO  impl.StateMachineUpdater (StateMachineUpdater.java:takeSnapshot(295)) - c6296721-c547-473a-9a19-ee5b14f2eab7@group-2E3400AD0710-StateMachineUpdater: Took a snapshot at index 0
2024-02-06 10:05:24,834 [c6296721-c547-473a-9a19-ee5b14f2eab7@group-2E3400AD0710-StateMachineUpdater] INFO  impl.StateMachineUpdater (StateMachineUpdater.java:lambda$new$0(98)) - c6296721-c547-473a-9a19-ee5b14f2eab7@group-2E3400AD0710-StateMachineUpdater: snapshotIndex: updateIncreasingly -1 -> 0
2024-02-06 10:05:24,834 [c6296721-c547-473a-9a19-ee5b14f2eab7-impl-thread1] INFO  server.RaftServer$Division (ServerState.java:close(427)) - c6296721-c547-473a-9a19-ee5b14f2eab7@group-2E3400AD0710: applyIndex: 0
2024-02-06 10:05:24,830 [79c56b25-6309-4552-ab3a-12e132dee763-impl-thread2] INFO  util.JmxRegister (JmxRegister.java:unregister(73)) - Successfully un-registered JMX Bean with object name Ratis:service=RaftServer,group=group-820285DD5522,id=79c56b25-6309-4552-ab3a-12e132dee763
2024-02-06 10:05:24,834 [79c56b25-6309-4552-ab3a-12e132dee763-impl-thread2] INFO  impl.RoleInfo (RoleInfo.java:shutdownLeaderState(94)) - 79c56b25-6309-4552-ab3a-12e132dee763: shutdown 79c56b25-6309-4552-ab3a-12e132dee763@group-820285DD5522-LeaderStateImpl
2024-02-06 10:05:24,834 [79c56b25-6309-4552-ab3a-12e132dee763-impl-thread2] INFO  impl.PendingRequests (PendingRequests.java:sendNotLeaderResponses(289)) - 79c56b25-6309-4552-ab3a-12e132dee763@group-820285DD5522-PendingRequests: sendNotLeaderResponses
2024-02-06 10:05:24,834 [79c56b25-6309-4552-ab3a-12e132dee763-impl-thread2] INFO  impl.StateMachineUpdater (StateMachineUpdater.java:stopAndJoin(157)) - 79c56b25-6309-4552-ab3a-12e132dee763@group-820285DD5522-StateMachineUpdater: set stopIndex = 0
2024-02-06 10:05:24,830 [ForkJoinPool.commonPool-worker-2] INFO  server.GrpcService (GrpcService.java:closeImpl(320)) - 79c56b25-6309-4552-ab3a-12e132dee763: shutdown server org.apache.ratis.grpc.server.GrpcClientProtocolService successfully
2024-02-06 10:05:24,834 [ForkJoinPool.commonPool-worker-2] INFO  server.GrpcService (GrpcService.java:closeImpl(311)) - 79c56b25-6309-4552-ab3a-12e132dee763: shutdown server GrpcServerProtocolService now
2024-02-06 10:05:24,829 [20dab95a-c478-4766-b72c-beb84f06bee2@group-B6B8FC41F9A2-StateMachineUpdater] INFO  ratis.ContainerStateMachine (ContainerStateMachine.java:takeSnapshot(366)) - group-B6B8FC41F9A2: Finished taking a snapshot at:(t:1, i:0) file:/home/runner/work/ozone/ozone/hadoop-ozone/integration-test/target/test-dir/MiniOzoneClusterImpl-5d1c2165-a83d-4eb5-a2bf-ae35b2f22424/datanode-2/data/ratis/82910f87-6300-4632-b10d-b6b8fc41f9a2/sm/snapshot.1_0 took: 8 ms
2024-02-06 10:05:24,834 [20dab95a-c478-4766-b72c-beb84f06bee2@group-B6B8FC41F9A2-StateMachineUpdater] INFO  impl.StateMachineUpdater (StateMachineUpdater.java:takeSnapshot(295)) - 20dab95a-c478-4766-b72c-beb84f06bee2@group-B6B8FC41F9A2-StateMachineUpdater: Took a snapshot at index 0
2024-02-06 10:05:24,835 [20dab95a-c478-4766-b72c-beb84f06bee2@group-B6B8FC41F9A2-StateMachineUpdater] INFO  impl.StateMachineUpdater (StateMachineUpdater.java:lambda$new$0(98)) - 20dab95a-c478-4766-b72c-beb84f06bee2@group-B6B8FC41F9A2-StateMachineUpdater: snapshotIndex: updateIncreasingly -1 -> 0
2024-02-06 10:05:24,834 [79c56b25-6309-4552-ab3a-12e132dee763@group-820285DD5522-StateMachineUpdater] INFO  ratis.ContainerStateMachine (ContainerStateMachine.java:takeSnapshot(355)) - group-820285DD5522: Taking a snapshot at:(t:1, i:0) file /home/runner/work/ozone/ozone/hadoop-ozone/integration-test/target/test-dir/MiniOzoneClusterImpl-5d1c2165-a83d-4eb5-a2bf-ae35b2f22424/datanode-1/data/ratis/b4f3ea2a-291e-4eca-9b89-820285dd5522/sm/snapshot.1_0
2024-02-06 10:05:24,835 [20dab95a-c478-4766-b72c-beb84f06bee2-impl-thread1] INFO  server.RaftServer$Division (ServerState.java:close(427)) - 20dab95a-c478-4766-b72c-beb84f06bee2@group-B6B8FC41F9A2: applyIndex: 0
2024-02-06 10:05:24,835 [grpc-default-executor-5] WARN  server.GrpcServerProtocolService (LogUtils.java:warn(121)) - 79c56b25-6309-4552-ab3a-12e132dee763: APPEND_ENTRIES onError, lastRequest: null: org.apache.ratis.thirdparty.io.grpc.StatusRuntimeException: CANCELLED: client cancelled
2024-02-06 10:05:24,834 [grpc-default-executor-2] WARN  server.GrpcLogAppender (GrpcLogAppender.java:resetClient(226)) - c6296721-c547-473a-9a19-ee5b14f2eab7@group-2E3400AD0710->3668fcd7-5f50-4258-afea-ecf4a9b92dd6-GrpcLogAppender: Failed to getClient for 3668fcd7-5f50-4258-afea-ecf4a9b92dd6
org.apache.ratis.protocol.exceptions.AlreadyClosedException: c6296721-c547-473a-9a19-ee5b14f2eab7 is already CLOSED
	at org.apache.ratis.util.PeerProxyMap$PeerAndProxy.getProxy(PeerProxyMap.java:65)
	at org.apache.ratis.util.PeerProxyMap.getProxy(PeerProxyMap.java:114)
	at org.apache.ratis.grpc.server.GrpcLogAppender.getClient(GrpcLogAppender.java:196)
	at org.apache.ratis.grpc.server.GrpcLogAppender.resetClient(GrpcLogAppender.java:201)
	at org.apache.ratis.grpc.server.GrpcLogAppender.access$800(GrpcLogAppender.java:62)
	at org.apache.ratis.grpc.server.GrpcLogAppender$AppendLogResponseHandler.onCompleted(GrpcLogAppender.java:547)
	at org.apache.ratis.thirdparty.io.grpc.stub.ClientCalls$StreamObserverToCallListenerAdapter.onClose(ClientCalls.java:479)
	at org.apache.ratis.thirdparty.io.grpc.internal.ClientCallImpl.closeObserver(ClientCallImpl.java:567)
	at org.apache.ratis.thirdparty.io.grpc.internal.ClientCallImpl.access$300(ClientCallImpl.java:71)
	at org.apache.ratis.thirdparty.io.grpc.internal.ClientCallImpl$ClientStreamListenerImpl$1StreamClosed.runInternal(ClientCallImpl.java:735)
	at org.apache.ratis.thirdparty.io.grpc.internal.ClientCallImpl$ClientStreamListenerImpl$1StreamClosed.runInContext(ClientCallImpl.java:716)
	at org.apache.ratis.thirdparty.io.grpc.internal.ContextRunnable.run(ContextRunnable.java:37)
	at org.apache.ratis.thirdparty.io.grpc.internal.SerializingExecutor.run(SerializingExecutor.java:133)
	at java.util.concurrent.ThreadPoolExecutor.runWorker(ThreadPoolExecutor.java:1149)
	at java.util.concurrent.ThreadPoolExecutor$Worker.run(ThreadPoolExecutor.java:624)
	at java.lang.Thread.run(Thread.java:750)
2024-02-06 10:05:24,835 [79c56b25-6309-4552-ab3a-12e132dee763@group-820285DD5522-StateMachineUpdater] INFO  ratis.ContainerStateMachine (ContainerStateMachine.java:takeSnapshot(366)) - group-820285DD5522: Finished taking a snapshot at:(t:1, i:0) file:/home/runner/work/ozone/ozone/hadoop-ozone/integration-test/target/test-dir/MiniOzoneClusterImpl-5d1c2165-a83d-4eb5-a2bf-ae35b2f22424/datanode-1/data/ratis/b4f3ea2a-291e-4eca-9b89-820285dd5522/sm/snapshot.1_0 took: 1 ms
2024-02-06 10:05:24,835 [79c56b25-6309-4552-ab3a-12e132dee763@group-820285DD5522-StateMachineUpdater] INFO  impl.StateMachineUpdater (StateMachineUpdater.java:takeSnapshot(295)) - 79c56b25-6309-4552-ab3a-12e132dee763@group-820285DD5522-StateMachineUpdater: Took a snapshot at index 0
2024-02-06 10:05:24,835 [79c56b25-6309-4552-ab3a-12e132dee763@group-820285DD5522-StateMachineUpdater] INFO  impl.StateMachineUpdater (StateMachineUpdater.java:lambda$new$0(98)) - 79c56b25-6309-4552-ab3a-12e132dee763@group-820285DD5522-StateMachineUpdater: snapshotIndex: updateIncreasingly -1 -> 0
2024-02-06 10:05:24,835 [79c56b25-6309-4552-ab3a-12e132dee763-impl-thread2] INFO  server.RaftServer$Division (ServerState.java:close(427)) - 79c56b25-6309-4552-ab3a-12e132dee763@group-820285DD5522: applyIndex: 0
2024-02-06 10:05:24,838 [ForkJoinPool.commonPool-worker-1] INFO  server.GrpcService (GrpcService.java:closeImpl(320)) - 20dab95a-c478-4766-b72c-beb84f06bee2: shutdown server org.apache.ratis.grpc.server.GrpcClientProtocolService successfully
2024-02-06 10:05:24,838 [ForkJoinPool.commonPool-worker-1] INFO  server.GrpcService (GrpcService.java:closeImpl(311)) - 20dab95a-c478-4766-b72c-beb84f06bee2: shutdown server GrpcServerProtocolService now
2024-02-06 10:05:24,845 [79c56b25-6309-4552-ab3a-12e132dee763@group-820285DD5522-cacheEviction-AwaitToRun] INFO  util.AwaitToRun (AwaitToRun.java:run(49)) - 79c56b25-6309-4552-ab3a-12e132dee763@group-820285DD5522-cacheEviction-AwaitToRun-AwaitForSignal is interrupted
2024-02-06 10:05:24,845 [20dab95a-c478-4766-b72c-beb84f06bee2@group-B6B8FC41F9A2-cacheEviction-AwaitToRun] INFO  util.AwaitToRun (AwaitToRun.java:run(49)) - 20dab95a-c478-4766-b72c-beb84f06bee2@group-B6B8FC41F9A2-cacheEviction-AwaitToRun-AwaitForSignal is interrupted
2024-02-06 10:05:24,845 [c6296721-c547-473a-9a19-ee5b14f2eab7@group-2E3400AD0710-cacheEviction-AwaitToRun] INFO  util.AwaitToRun (AwaitToRun.java:run(49)) - c6296721-c547-473a-9a19-ee5b14f2eab7@group-2E3400AD0710-cacheEviction-AwaitToRun-AwaitForSignal is interrupted
2024-02-06 10:05:24,845 [ForkJoinPool.commonPool-worker-2] INFO  server.GrpcService (GrpcService.java:closeImpl(320)) - 79c56b25-6309-4552-ab3a-12e132dee763: shutdown server GrpcServerProtocolService successfully
2024-02-06 10:05:24,845 [ForkJoinPool.commonPool-worker-2] INFO  server.GrpcService (GrpcService.java:closeImpl(311)) - 79c56b25-6309-4552-ab3a-12e132dee763: shutdown server org.apache.ratis.grpc.server.GrpcAdminProtocolService now
2024-02-06 10:05:24,845 [d1d50a62-ae00-4aa1-bd49-1c13d08c4e54@group-A3A670BAEFB3-cacheEviction-AwaitToRun] INFO  util.AwaitToRun (AwaitToRun.java:run(49)) - d1d50a62-ae00-4aa1-bd49-1c13d08c4e54@group-A3A670BAEFB3-cacheEviction-AwaitToRun-AwaitForSignal is interrupted
2024-02-06 10:05:24,845 [c6296721-c547-473a-9a19-ee5b14f2eab7@group-D1DFDC394ACF-cacheEviction-AwaitToRun] INFO  util.AwaitToRun (AwaitToRun.java:run(49)) - c6296721-c547-473a-9a19-ee5b14f2eab7@group-D1DFDC394ACF-cacheEviction-AwaitToRun-AwaitForSignal is interrupted
2024-02-06 10:05:24,845 [79c56b25-6309-4552-ab3a-12e132dee763-impl-thread1] INFO  impl.StateMachineUpdater (StateMachineUpdater.java:stopAndJoin(157)) - 79c56b25-6309-4552-ab3a-12e132dee763@group-38BCDD253F99-StateMachineUpdater: set stopIndex = 0
2024-02-06 10:05:24,845 [79c56b25-6309-4552-ab3a-12e132dee763@group-38BCDD253F99-FollowerState] INFO  impl.FollowerState (FollowerState.java:run(152)) - 79c56b25-6309-4552-ab3a-12e132dee763@group-38BCDD253F99-FollowerState was interrupted
2024-02-06 10:05:24,845 [ForkJoinPool.commonPool-worker-4] INFO  ozoneimpl.OzoneContainer (OzoneContainer.java:stop(481)) - Attempting to stop container services.
2024-02-06 10:05:24,845 [79c56b25-6309-4552-ab3a-12e132dee763@group-38BCDD253F99-StateMachineUpdater] INFO  ratis.ContainerStateMachine (ContainerStateMachine.java:takeSnapshot(355)) - group-38BCDD253F99: Taking a snapshot at:(t:1, i:0) file /home/runner/work/ozone/ozone/hadoop-ozone/integration-test/target/test-dir/MiniOzoneClusterImpl-5d1c2165-a83d-4eb5-a2bf-ae35b2f22424/datanode-1/data/ratis/b4aee8a7-e9fd-4d25-b8f5-38bcdd253f99/sm/snapshot.1_0
2024-02-06 10:05:24,846 [ForkJoinPool.commonPool-worker-4] INFO  server.RaftServer (RaftServerProxy.java:lambda$close$9(416)) - 26d06f5e-593d-478d-80a2-0fa092cabf84: close
2024-02-06 10:05:24,846 [26d06f5e-593d-478d-80a2-0fa092cabf84-impl-thread1] INFO  server.RaftServer$Division (RaftServerImpl.java:lambda$close$3(526)) - 26d06f5e-593d-478d-80a2-0fa092cabf84@group-87FBE612817C: shutdown
2024-02-06 10:05:24,846 [ForkJoinPool.commonPool-worker-4] INFO  server.GrpcService (GrpcService.java:closeImpl(311)) - 26d06f5e-593d-478d-80a2-0fa092cabf84: shutdown server org.apache.ratis.grpc.server.GrpcClientProtocolService now
2024-02-06 10:05:24,846 [26d06f5e-593d-478d-80a2-0fa092cabf84-impl-thread2] INFO  server.RaftServer$Division (RaftServerImpl.java:lambda$close$3(526)) - 26d06f5e-593d-478d-80a2-0fa092cabf84@group-38BCDD253F99: shutdown
2024-02-06 10:05:24,846 [26d06f5e-593d-478d-80a2-0fa092cabf84-impl-thread1] INFO  util.JmxRegister (JmxRegister.java:unregister(73)) - Successfully un-registered JMX Bean with object name Ratis:service=RaftServer,group=group-87FBE612817C,id=26d06f5e-593d-478d-80a2-0fa092cabf84
2024-02-06 10:05:24,846 [26d06f5e-593d-478d-80a2-0fa092cabf84-impl-thread2] INFO  util.JmxRegister (JmxRegister.java:unregister(73)) - Successfully un-registered JMX Bean with object name Ratis:service=RaftServer,group=group-38BCDD253F99,id=26d06f5e-593d-478d-80a2-0fa092cabf84
2024-02-06 10:05:24,846 [26d06f5e-593d-478d-80a2-0fa092cabf84-impl-thread2] INFO  impl.RoleInfo (RoleInfo.java:shutdownLeaderState(94)) - 26d06f5e-593d-478d-80a2-0fa092cabf84: shutdown 26d06f5e-593d-478d-80a2-0fa092cabf84@group-38BCDD253F99-LeaderStateImpl
2024-02-06 10:05:24,846 [ForkJoinPool.commonPool-worker-2] INFO  server.GrpcService (GrpcService.java:closeImpl(320)) - 79c56b25-6309-4552-ab3a-12e132dee763: shutdown server org.apache.ratis.grpc.server.GrpcAdminProtocolService successfully
2024-02-06 10:05:24,846 [Thread-7076] INFO  server.GrpcServerProtocolClient (GrpcServerProtocolClient.java:close(103)) - 79c56b25-6309-4552-ab3a-12e132dee763 Close channels
2024-02-06 10:05:24,846 [26d06f5e-593d-478d-80a2-0fa092cabf84-impl-thread1] INFO  impl.RoleInfo (RoleInfo.java:shutdownLeaderState(94)) - 26d06f5e-593d-478d-80a2-0fa092cabf84: shutdown 26d06f5e-593d-478d-80a2-0fa092cabf84@group-87FBE612817C-LeaderStateImpl
2024-02-06 10:05:24,846 [Thread-7077] INFO  server.GrpcServerProtocolClient (GrpcServerProtocolClient.java:close(103)) - 20dab95a-c478-4766-b72c-beb84f06bee2 Close channels
2024-02-06 10:05:24,846 [26d06f5e-593d-478d-80a2-0fa092cabf84-impl-thread1] INFO  impl.PendingRequests (PendingRequests.java:sendNotLeaderResponses(289)) - 26d06f5e-593d-478d-80a2-0fa092cabf84@group-87FBE612817C-PendingRequests: sendNotLeaderResponses
2024-02-06 10:05:24,846 [79c56b25-6309-4552-ab3a-12e132dee763@group-38BCDD253F99-StateMachineUpdater] INFO  ratis.ContainerStateMachine (ContainerStateMachine.java:takeSnapshot(366)) - group-38BCDD253F99: Finished taking a snapshot at:(t:1, i:0) file:/home/runner/work/ozone/ozone/hadoop-ozone/integration-test/target/test-dir/MiniOzoneClusterImpl-5d1c2165-a83d-4eb5-a2bf-ae35b2f22424/datanode-1/data/ratis/b4aee8a7-e9fd-4d25-b8f5-38bcdd253f99/sm/snapshot.1_0 took: 1 ms
2024-02-06 10:05:24,850 [79c56b25-6309-4552-ab3a-12e132dee763@group-38BCDD253F99-StateMachineUpdater] INFO  impl.StateMachineUpdater (StateMachineUpdater.java:takeSnapshot(295)) - 79c56b25-6309-4552-ab3a-12e132dee763@group-38BCDD253F99-StateMachineUpdater: Took a snapshot at index 0
2024-02-06 10:05:24,850 [79c56b25-6309-4552-ab3a-12e132dee763@group-38BCDD253F99-StateMachineUpdater] INFO  impl.StateMachineUpdater (StateMachineUpdater.java:lambda$new$0(98)) - 79c56b25-6309-4552-ab3a-12e132dee763@group-38BCDD253F99-StateMachineUpdater: snapshotIndex: updateIncreasingly -1 -> 0
2024-02-06 10:05:24,850 [26d06f5e-593d-478d-80a2-0fa092cabf84-impl-thread1] INFO  impl.StateMachineUpdater (StateMachineUpdater.java:stopAndJoin(157)) - 26d06f5e-593d-478d-80a2-0fa092cabf84@group-87FBE612817C-StateMachineUpdater: set stopIndex = 0
2024-02-06 10:05:24,848 [grpc-default-executor-0] WARN  server.GrpcLogAppender (LogUtils.java:warn(121)) - 26d06f5e-593d-478d-80a2-0fa092cabf84@group-38BCDD253F99->20dab95a-c478-4766-b72c-beb84f06bee2-AppendLogResponseHandler: Failed appendEntries: org.apache.ratis.thirdparty.io.grpc.StatusRuntimeException: CANCELLED: RST_STREAM closed stream. HTTP/2 error code: CANCEL
2024-02-06 10:05:24,848 [ForkJoinPool.commonPool-worker-1] INFO  server.GrpcService (GrpcService.java:closeImpl(320)) - 20dab95a-c478-4766-b72c-beb84f06bee2: shutdown server GrpcServerProtocolService successfully
2024-02-06 10:05:24,857 [ForkJoinPool.commonPool-worker-1] INFO  server.GrpcService (GrpcService.java:closeImpl(311)) - 20dab95a-c478-4766-b72c-beb84f06bee2: shutdown server org.apache.ratis.grpc.server.GrpcAdminProtocolService now
2024-02-06 10:05:24,857 [grpc-default-executor-4] WARN  server.GrpcLogAppender (GrpcLogAppender.java:resetClient(226)) - 26d06f5e-593d-478d-80a2-0fa092cabf84@group-38BCDD253F99->20dab95a-c478-4766-b72c-beb84f06bee2-GrpcLogAppender: Failed to getClient for 20dab95a-c478-4766-b72c-beb84f06bee2
org.apache.ratis.protocol.exceptions.AlreadyClosedException: 26d06f5e-593d-478d-80a2-0fa092cabf84 is already CLOSED
	at org.apache.ratis.util.PeerProxyMap$PeerAndProxy.getProxy(PeerProxyMap.java:65)
	at org.apache.ratis.util.PeerProxyMap.getProxy(PeerProxyMap.java:114)
	at org.apache.ratis.grpc.server.GrpcLogAppender.getClient(GrpcLogAppender.java:196)
	at org.apache.ratis.grpc.server.GrpcLogAppender.resetClient(GrpcLogAppender.java:201)
	at org.apache.ratis.grpc.server.GrpcLogAppender.access$800(GrpcLogAppender.java:62)
	at org.apache.ratis.grpc.server.GrpcLogAppender$AppendLogResponseHandler.onError(GrpcLogAppender.java:541)
	at org.apache.ratis.thirdparty.io.grpc.stub.ClientCalls$StreamObserverToCallListenerAdapter.onClose(ClientCalls.java:481)
	at org.apache.ratis.thirdparty.io.grpc.internal.ClientCallImpl.closeObserver(ClientCallImpl.java:567)
	at org.apache.ratis.thirdparty.io.grpc.internal.ClientCallImpl.access$300(ClientCallImpl.java:71)
	at org.apache.ratis.thirdparty.io.grpc.internal.ClientCallImpl$ClientStreamListenerImpl$1StreamClosed.runInternal(ClientCallImpl.java:735)
	at org.apache.ratis.thirdparty.io.grpc.internal.ClientCallImpl$ClientStreamListenerImpl$1StreamClosed.runInContext(ClientCallImpl.java:716)
	at org.apache.ratis.thirdparty.io.grpc.internal.ContextRunnable.run(ContextRunnable.java:37)
	at org.apache.ratis.thirdparty.io.grpc.internal.SerializingExecutor.run(SerializingExecutor.java:133)
	at java.util.concurrent.ThreadPoolExecutor.runWorker(ThreadPoolExecutor.java:1149)
	at java.util.concurrent.ThreadPoolExecutor$Worker.run(ThreadPoolExecutor.java:624)
	at java.lang.Thread.run(Thread.java:750)
2024-02-06 10:05:24,848 [grpc-default-executor-1] WARN  server.GrpcServerProtocolService (LogUtils.java:warn(121)) - 20dab95a-c478-4766-b72c-beb84f06bee2: APPEND_ENTRIES onError, lastRequest: null: org.apache.ratis.thirdparty.io.grpc.StatusRuntimeException: CANCELLED: client cancelled
2024-02-06 10:05:24,848 [grpc-default-executor-3] WARN  server.GrpcServerProtocolService (LogUtils.java:warn(121)) - 20dab95a-c478-4766-b72c-beb84f06bee2: APPEND_ENTRIES onError, lastRequest: 26d06f5e-593d-478d-80a2-0fa092cabf84->20dab95a-c478-4766-b72c-beb84f06bee2#1-t1,previous=(t:0, i:0),leaderCommit=-1,initializing? false,entries: size=1, first=(t:1, i:0), CONFIGURATIONENTRY(current:id: "79c56b25-6309-4552-ab3a-12e132dee763"
address: "10.1.0.5:15468"
dataStreamAddress: "10.1.0.5:15469"
clientAddress: "10.1.0.5:15466"
adminAddress: "10.1.0.5:15467"
startupRole: FOLLOWER
,id: "20dab95a-c478-4766-b72c-beb84f06bee2"
address: "10.1.0.5:15477"
dataStreamAddress: "10.1.0.5:15478"
clientAddress: "10.1.0.5:15475"
adminAddress: "10.1.0.5:15476"
startupRole: FOLLOWER
,id: "26d06f5e-593d-478d-80a2-0fa092cabf84"
address: "10.1.0.5:15459"
priority: 1
dataStreamAddress: "10.1.0.5:15460"
clientAddress: "10.1.0.5:15457"
adminAddress: "10.1.0.5:15458"
startupRole: FOLLOWER
, old:): org.apache.ratis.thirdparty.io.grpc.StatusRuntimeException: CANCELLED: client cancelled
2024-02-06 10:05:24,848 [grpc-default-executor-2] INFO  server.GrpcLogAppender (GrpcLogAppender.java:onError(533)) - 26d06f5e-593d-478d-80a2-0fa092cabf84@group-38BCDD253F99->79c56b25-6309-4552-ab3a-12e132dee763-GrpcLogAppender is already stopped
2024-02-06 10:05:24,847 [grpc-default-executor-5] WARN  server.GrpcServerProtocolService (LogUtils.java:warn(121)) - 79c56b25-6309-4552-ab3a-12e132dee763: APPEND_ENTRIES onError, lastRequest: 26d06f5e-593d-478d-80a2-0fa092cabf84->79c56b25-6309-4552-ab3a-12e132dee763#1-t1,previous=(t:0, i:0),leaderCommit=-1,initializing? false,entries: size=1, first=(t:1, i:0), CONFIGURATIONENTRY(current:id: "79c56b25-6309-4552-ab3a-12e132dee763"
address: "10.1.0.5:15468"
dataStreamAddress: "10.1.0.5:15469"
clientAddress: "10.1.0.5:15466"
adminAddress: "10.1.0.5:15467"
startupRole: FOLLOWER
,id: "20dab95a-c478-4766-b72c-beb84f06bee2"
address: "10.1.0.5:15477"
dataStreamAddress: "10.1.0.5:15478"
clientAddress: "10.1.0.5:15475"
adminAddress: "10.1.0.5:15476"
startupRole: FOLLOWER
,id: "26d06f5e-593d-478d-80a2-0fa092cabf84"
address: "10.1.0.5:15459"
priority: 1
dataStreamAddress: "10.1.0.5:15460"
clientAddress: "10.1.0.5:15457"
adminAddress: "10.1.0.5:15458"
startupRole: FOLLOWER
, old:): org.apache.ratis.thirdparty.io.grpc.StatusRuntimeException: CANCELLED: client cancelled
2024-02-06 10:05:24,857 [ForkJoinPool.commonPool-worker-3] INFO  server.GrpcService (GrpcService.java:closeImpl(320)) - c6296721-c547-473a-9a19-ee5b14f2eab7: shutdown server org.apache.ratis.grpc.server.GrpcClientProtocolService successfully
2024-02-06 10:05:24,858 [ForkJoinPool.commonPool-worker-3] INFO  server.GrpcService (GrpcService.java:closeImpl(311)) - c6296721-c547-473a-9a19-ee5b14f2eab7: shutdown server GrpcServerProtocolService now
2024-02-06 10:05:24,857 [grpc-default-executor-6] INFO  server.GrpcLogAppender (GrpcLogAppender.java:onError(533)) - 26d06f5e-593d-478d-80a2-0fa092cabf84@group-38BCDD253F99->79c56b25-6309-4552-ab3a-12e132dee763-GrpcLogAppender is already stopped
2024-02-06 10:05:24,851 [grpc-default-executor-0] WARN  server.GrpcLogAppender (GrpcLogAppender.java:resetClient(226)) - 26d06f5e-593d-478d-80a2-0fa092cabf84@group-38BCDD253F99->20dab95a-c478-4766-b72c-beb84f06bee2-GrpcLogAppender: Failed to getClient for 20dab95a-c478-4766-b72c-beb84f06bee2
org.apache.ratis.protocol.exceptions.AlreadyClosedException: 26d06f5e-593d-478d-80a2-0fa092cabf84 is already CLOSED
	at org.apache.ratis.util.PeerProxyMap$PeerAndProxy.getProxy(PeerProxyMap.java:65)
	at org.apache.ratis.util.PeerProxyMap.getProxy(PeerProxyMap.java:114)
	at org.apache.ratis.grpc.server.GrpcLogAppender.getClient(GrpcLogAppender.java:196)
	at org.apache.ratis.grpc.server.GrpcLogAppender.resetClient(GrpcLogAppender.java:201)
	at org.apache.ratis.grpc.server.GrpcLogAppender.access$800(GrpcLogAppender.java:62)
	at org.apache.ratis.grpc.server.GrpcLogAppender$AppendLogResponseHandler.onError(GrpcLogAppender.java:541)
	at org.apache.ratis.thirdparty.io.grpc.stub.ClientCalls$StreamObserverToCallListenerAdapter.onClose(ClientCalls.java:481)
	at org.apache.ratis.thirdparty.io.grpc.internal.ClientCallImpl.closeObserver(ClientCallImpl.java:567)
	at org.apache.ratis.thirdparty.io.grpc.internal.ClientCallImpl.access$300(ClientCallImpl.java:71)
	at org.apache.ratis.thirdparty.io.grpc.internal.ClientCallImpl$ClientStreamListenerImpl$1StreamClosed.runInternal(ClientCallImpl.java:735)
	at org.apache.ratis.thirdparty.io.grpc.internal.ClientCallImpl$ClientStreamListenerImpl$1StreamClosed.runInContext(ClientCallImpl.java:716)
	at org.apache.ratis.thirdparty.io.grpc.internal.ContextRunnable.run(ContextRunnable.java:37)
	at org.apache.ratis.thirdparty.io.grpc.internal.SerializingExecutor.run(SerializingExecutor.java:133)
	at java.util.concurrent.ThreadPoolExecutor.runWorker(ThreadPoolExecutor.java:1149)
	at java.util.concurrent.ThreadPoolExecutor$Worker.run(ThreadPoolExecutor.java:624)
	at java.lang.Thread.run(Thread.java:750)
2024-02-06 10:05:24,850 [79c56b25-6309-4552-ab3a-12e132dee763-impl-thread1] INFO  server.RaftServer$Division (ServerState.java:close(427)) - 79c56b25-6309-4552-ab3a-12e132dee763@group-38BCDD253F99: applyIndex: 0
2024-02-06 10:05:24,850 [26d06f5e-593d-478d-80a2-0fa092cabf84@group-87FBE612817C-StateMachineUpdater] INFO  ratis.ContainerStateMachine (ContainerStateMachine.java:takeSnapshot(355)) - group-87FBE612817C: Taking a snapshot at:(t:1, i:0) file /home/runner/work/ozone/ozone/hadoop-ozone/integration-test/target/test-dir/MiniOzoneClusterImpl-5d1c2165-a83d-4eb5-a2bf-ae35b2f22424/datanode-0/data/ratis/5dbea755-61f2-43f0-998e-87fbe612817c/sm/snapshot.1_0
2024-02-06 10:05:24,860 [26d06f5e-593d-478d-80a2-0fa092cabf84@group-38BCDD253F99->79c56b25-6309-4552-ab3a-12e132dee763-GrpcLogAppender-LogAppenderDaemon] WARN  server.GrpcLogAppender (GrpcLogAppender.java:mayWait(289)) - 26d06f5e-593d-478d-80a2-0fa092cabf84@group-38BCDD253F99->79c56b25-6309-4552-ab3a-12e132dee763-GrpcLogAppender: Wait interrupted by java.lang.InterruptedException
2024-02-06 10:05:24,860 [26d06f5e-593d-478d-80a2-0fa092cabf84-impl-thread2] INFO  impl.PendingRequests (PendingRequests.java:sendNotLeaderResponses(289)) - 26d06f5e-593d-478d-80a2-0fa092cabf84@group-38BCDD253F99-PendingRequests: sendNotLeaderResponses
2024-02-06 10:05:24,861 [26d06f5e-593d-478d-80a2-0fa092cabf84@group-38BCDD253F99->20dab95a-c478-4766-b72c-beb84f06bee2-GrpcLogAppender-LogAppenderDaemon] WARN  server.GrpcLogAppender (GrpcLogAppender.java:mayWait(289)) - 26d06f5e-593d-478d-80a2-0fa092cabf84@group-38BCDD253F99->20dab95a-c478-4766-b72c-beb84f06bee2-GrpcLogAppender: Wait interrupted by java.lang.InterruptedException
2024-02-06 10:05:24,861 [26d06f5e-593d-478d-80a2-0fa092cabf84@group-87FBE612817C-StateMachineUpdater] INFO  ratis.ContainerStateMachine (ContainerStateMachine.java:takeSnapshot(366)) - group-87FBE612817C: Finished taking a snapshot at:(t:1, i:0) file:/home/runner/work/ozone/ozone/hadoop-ozone/integration-test/target/test-dir/MiniOzoneClusterImpl-5d1c2165-a83d-4eb5-a2bf-ae35b2f22424/datanode-0/data/ratis/5dbea755-61f2-43f0-998e-87fbe612817c/sm/snapshot.1_0 took: 11 ms
2024-02-06 10:05:24,861 [26d06f5e-593d-478d-80a2-0fa092cabf84-impl-thread2] INFO  impl.StateMachineUpdater (StateMachineUpdater.java:stopAndJoin(157)) - 26d06f5e-593d-478d-80a2-0fa092cabf84@group-38BCDD253F99-StateMachineUpdater: set stopIndex = 0
2024-02-06 10:05:24,861 [26d06f5e-593d-478d-80a2-0fa092cabf84@group-87FBE612817C-StateMachineUpdater] INFO  impl.StateMachineUpdater (StateMachineUpdater.java:takeSnapshot(295)) - 26d06f5e-593d-478d-80a2-0fa092cabf84@group-87FBE612817C-StateMachineUpdater: Took a snapshot at index 0
2024-02-06 10:05:24,861 [26d06f5e-593d-478d-80a2-0fa092cabf84@group-87FBE612817C-StateMachineUpdater] INFO  impl.StateMachineUpdater (StateMachineUpdater.java:lambda$new$0(98)) - 26d06f5e-593d-478d-80a2-0fa092cabf84@group-87FBE612817C-StateMachineUpdater: snapshotIndex: updateIncreasingly -1 -> 0
2024-02-06 10:05:24,861 [26d06f5e-593d-478d-80a2-0fa092cabf84@group-38BCDD253F99-StateMachineUpdater] INFO  ratis.ContainerStateMachine (ContainerStateMachine.java:takeSnapshot(355)) - group-38BCDD253F99: Taking a snapshot at:(t:1, i:0) file /home/runner/work/ozone/ozone/hadoop-ozone/integration-test/target/test-dir/MiniOzoneClusterImpl-5d1c2165-a83d-4eb5-a2bf-ae35b2f22424/datanode-0/data/ratis/b4aee8a7-e9fd-4d25-b8f5-38bcdd253f99/sm/snapshot.1_0
2024-02-06 10:05:24,861 [79c56b25-6309-4552-ab3a-12e132dee763@group-38BCDD253F99-cacheEviction-AwaitToRun] INFO  util.AwaitToRun (AwaitToRun.java:run(49)) - 79c56b25-6309-4552-ab3a-12e132dee763@group-38BCDD253F99-cacheEviction-AwaitToRun-AwaitForSignal is interrupted
2024-02-06 10:05:24,861 [26d06f5e-593d-478d-80a2-0fa092cabf84-impl-thread1] INFO  server.RaftServer$Division (ServerState.java:close(427)) - 26d06f5e-593d-478d-80a2-0fa092cabf84@group-87FBE612817C: applyIndex: 0
2024-02-06 10:05:24,862 [26d06f5e-593d-478d-80a2-0fa092cabf84@group-38BCDD253F99-StateMachineUpdater] INFO  ratis.ContainerStateMachine (ContainerStateMachine.java:takeSnapshot(366)) - group-38BCDD253F99: Finished taking a snapshot at:(t:1, i:0) file:/home/runner/work/ozone/ozone/hadoop-ozone/integration-test/target/test-dir/MiniOzoneClusterImpl-5d1c2165-a83d-4eb5-a2bf-ae35b2f22424/datanode-0/data/ratis/b4aee8a7-e9fd-4d25-b8f5-38bcdd253f99/sm/snapshot.1_0 took: 1 ms
2024-02-06 10:05:24,862 [26d06f5e-593d-478d-80a2-0fa092cabf84@group-87FBE612817C-cacheEviction-AwaitToRun] INFO  util.AwaitToRun (AwaitToRun.java:run(49)) - 26d06f5e-593d-478d-80a2-0fa092cabf84@group-87FBE612817C-cacheEviction-AwaitToRun-AwaitForSignal is interrupted
2024-02-06 10:05:24,862 [26d06f5e-593d-478d-80a2-0fa092cabf84@group-38BCDD253F99-StateMachineUpdater] INFO  impl.StateMachineUpdater (StateMachineUpdater.java:takeSnapshot(295)) - 26d06f5e-593d-478d-80a2-0fa092cabf84@group-38BCDD253F99-StateMachineUpdater: Took a snapshot at index 0
2024-02-06 10:05:24,862 [26d06f5e-593d-478d-80a2-0fa092cabf84@group-38BCDD253F99-StateMachineUpdater] INFO  impl.StateMachineUpdater (StateMachineUpdater.java:lambda$new$0(98)) - 26d06f5e-593d-478d-80a2-0fa092cabf84@group-38BCDD253F99-StateMachineUpdater: snapshotIndex: updateIncreasingly -1 -> 0
2024-02-06 10:05:24,862 [26d06f5e-593d-478d-80a2-0fa092cabf84-impl-thread2] INFO  server.RaftServer$Division (ServerState.java:close(427)) - 26d06f5e-593d-478d-80a2-0fa092cabf84@group-38BCDD253F99: applyIndex: 0
2024-02-06 10:05:24,867 [ForkJoinPool.commonPool-worker-4] INFO  server.GrpcService (GrpcService.java:closeImpl(320)) - 26d06f5e-593d-478d-80a2-0fa092cabf84: shutdown server org.apache.ratis.grpc.server.GrpcClientProtocolService successfully
2024-02-06 10:05:24,867 [ForkJoinPool.commonPool-worker-4] INFO  server.GrpcService (GrpcService.java:closeImpl(311)) - 26d06f5e-593d-478d-80a2-0fa092cabf84: shutdown server GrpcServerProtocolService now
2024-02-06 10:05:24,869 [ForkJoinPool.commonPool-worker-1] INFO  server.GrpcService (GrpcService.java:closeImpl(320)) - 20dab95a-c478-4766-b72c-beb84f06bee2: shutdown server org.apache.ratis.grpc.server.GrpcAdminProtocolService successfully
2024-02-06 10:05:24,869 [ForkJoinPool.commonPool-worker-3] INFO  server.GrpcService (GrpcService.java:closeImpl(320)) - c6296721-c547-473a-9a19-ee5b14f2eab7: shutdown server GrpcServerProtocolService successfully
2024-02-06 10:05:24,869 [ForkJoinPool.commonPool-worker-3] INFO  server.GrpcService (GrpcService.java:closeImpl(311)) - c6296721-c547-473a-9a19-ee5b14f2eab7: shutdown server org.apache.ratis.grpc.server.GrpcAdminProtocolService now
2024-02-06 10:05:24,870 [26d06f5e-593d-478d-80a2-0fa092cabf84@group-38BCDD253F99-cacheEviction-AwaitToRun] INFO  util.AwaitToRun (AwaitToRun.java:run(49)) - 26d06f5e-593d-478d-80a2-0fa092cabf84@group-38BCDD253F99-cacheEviction-AwaitToRun-AwaitForSignal is interrupted
2024-02-06 10:05:24,871 [ForkJoinPool.commonPool-worker-4] INFO  server.GrpcService (GrpcService.java:closeImpl(320)) - 26d06f5e-593d-478d-80a2-0fa092cabf84: shutdown server GrpcServerProtocolService successfully
2024-02-06 10:05:24,871 [ForkJoinPool.commonPool-worker-4] INFO  server.GrpcService (GrpcService.java:closeImpl(311)) - 26d06f5e-593d-478d-80a2-0fa092cabf84: shutdown server org.apache.ratis.grpc.server.GrpcAdminProtocolService now
2024-02-06 10:05:24,871 [ForkJoinPool.commonPool-worker-3] INFO  server.GrpcService (GrpcService.java:closeImpl(320)) - c6296721-c547-473a-9a19-ee5b14f2eab7: shutdown server org.apache.ratis.grpc.server.GrpcAdminProtocolService successfully
2024-02-06 10:05:24,872 [79c56b25-6309-4552-ab3a-12e132dee763-NettyServerStreamRpc-bossGroup--thread1] INFO  logging.LoggingHandler (AbstractInternalLogger.java:log(148)) - [id: 0xcc6b4535, L:/0.0.0.0:15469] CLOSE
2024-02-06 10:05:24,872 [79c56b25-6309-4552-ab3a-12e132dee763-NettyServerStreamRpc-bossGroup--thread1] INFO  logging.LoggingHandler (AbstractInternalLogger.java:log(148)) - [id: 0xcc6b4535, L:/0.0.0.0:15469] INACTIVE
2024-02-06 10:05:24,872 [79c56b25-6309-4552-ab3a-12e132dee763-NettyServerStreamRpc-bossGroup--thread1] INFO  logging.LoggingHandler (AbstractInternalLogger.java:log(148)) - [id: 0xcc6b4535, L:/0.0.0.0:15469] UNREGISTERED
2024-02-06 10:05:24,873 [ForkJoinPool.commonPool-worker-4] INFO  server.GrpcService (GrpcService.java:closeImpl(320)) - 26d06f5e-593d-478d-80a2-0fa092cabf84: shutdown server org.apache.ratis.grpc.server.GrpcAdminProtocolService successfully
2024-02-06 10:05:24,875 [20dab95a-c478-4766-b72c-beb84f06bee2-NettyServerStreamRpc-bossGroup--thread1] INFO  logging.LoggingHandler (AbstractInternalLogger.java:log(148)) - [id: 0x4815124f, L:/0.0.0.0:15478] CLOSE
2024-02-06 10:05:24,875 [20dab95a-c478-4766-b72c-beb84f06bee2-NettyServerStreamRpc-bossGroup--thread1] INFO  logging.LoggingHandler (AbstractInternalLogger.java:log(148)) - [id: 0x4815124f, L:/0.0.0.0:15478] INACTIVE
2024-02-06 10:05:24,875 [20dab95a-c478-4766-b72c-beb84f06bee2-NettyServerStreamRpc-bossGroup--thread1] INFO  logging.LoggingHandler (AbstractInternalLogger.java:log(148)) - [id: 0x4815124f, L:/0.0.0.0:15478] UNREGISTERED
2024-02-06 10:05:24,878 [c6296721-c547-473a-9a19-ee5b14f2eab7-NettyServerStreamRpc-bossGroup--thread1] INFO  logging.LoggingHandler (AbstractInternalLogger.java:log(148)) - [id: 0xd57703a3, L:/0.0.0.0:15487] CLOSE
2024-02-06 10:05:24,878 [c6296721-c547-473a-9a19-ee5b14f2eab7-NettyServerStreamRpc-bossGroup--thread1] INFO  logging.LoggingHandler (AbstractInternalLogger.java:log(148)) - [id: 0xd57703a3, L:/0.0.0.0:15487] INACTIVE
2024-02-06 10:05:24,878 [c6296721-c547-473a-9a19-ee5b14f2eab7-NettyServerStreamRpc-bossGroup--thread1] INFO  logging.LoggingHandler (AbstractInternalLogger.java:log(148)) - [id: 0xd57703a3, L:/0.0.0.0:15487] UNREGISTERED
2024-02-06 10:05:24,878 [26d06f5e-593d-478d-80a2-0fa092cabf84-NettyServerStreamRpc-bossGroup--thread1] INFO  logging.LoggingHandler (AbstractInternalLogger.java:log(148)) - [id: 0x082e0f06, L:/0.0.0.0:15460] CLOSE
2024-02-06 10:05:24,878 [26d06f5e-593d-478d-80a2-0fa092cabf84-NettyServerStreamRpc-bossGroup--thread1] INFO  logging.LoggingHandler (AbstractInternalLogger.java:log(148)) - [id: 0x082e0f06, L:/0.0.0.0:15460] INACTIVE
2024-02-06 10:05:24,878 [26d06f5e-593d-478d-80a2-0fa092cabf84-NettyServerStreamRpc-bossGroup--thread1] INFO  logging.LoggingHandler (AbstractInternalLogger.java:log(148)) - [id: 0x082e0f06, L:/0.0.0.0:15460] UNREGISTERED
2024-02-06 10:05:24,972 [26d06f5e-593d-478d-80a2-0fa092cabf84-impl-thread1] INFO  segmented.SegmentedRaftLogWorker (SegmentedRaftLogWorker.java:close(245)) - 26d06f5e-593d-478d-80a2-0fa092cabf84@group-87FBE612817C-SegmentedRaftLogWorker close()
2024-02-06 10:05:25,009 [26d06f5e-593d-478d-80a2-0fa092cabf84-impl-thread2] INFO  segmented.SegmentedRaftLogWorker (SegmentedRaftLogWorker.java:close(245)) - 26d06f5e-593d-478d-80a2-0fa092cabf84@group-38BCDD253F99-SegmentedRaftLogWorker close()
2024-02-06 10:05:25,009 [JvmPauseMonitor57] INFO  util.JvmPauseMonitor (JvmPauseMonitor.java:run(152)) - JvmPauseMonitor-26d06f5e-593d-478d-80a2-0fa092cabf84: Stopped
2024-02-06 10:05:25,011 [79c56b25-6309-4552-ab3a-12e132dee763-impl-thread2] INFO  segmented.SegmentedRaftLogWorker (SegmentedRaftLogWorker.java:close(245)) - 79c56b25-6309-4552-ab3a-12e132dee763@group-820285DD5522-SegmentedRaftLogWorker close()
2024-02-06 10:05:25,014 [79c56b25-6309-4552-ab3a-12e132dee763-impl-thread1] INFO  segmented.SegmentedRaftLogWorker (SegmentedRaftLogWorker.java:close(245)) - 79c56b25-6309-4552-ab3a-12e132dee763@group-38BCDD253F99-SegmentedRaftLogWorker close()
2024-02-06 10:05:25,014 [JvmPauseMonitor58] INFO  util.JvmPauseMonitor (JvmPauseMonitor.java:run(152)) - JvmPauseMonitor-79c56b25-6309-4552-ab3a-12e132dee763: Stopped
2024-02-06 10:05:25,020 [20dab95a-c478-4766-b72c-beb84f06bee2-impl-thread2] INFO  segmented.SegmentedRaftLogWorker (SegmentedRaftLogWorker.java:close(245)) - 20dab95a-c478-4766-b72c-beb84f06bee2@group-38BCDD253F99-SegmentedRaftLogWorker close()
2024-02-06 10:05:25,258 [c6296721-c547-473a-9a19-ee5b14f2eab7-impl-thread1] INFO  segmented.SegmentedRaftLogWorker (SegmentedRaftLogWorker.java:close(245)) - c6296721-c547-473a-9a19-ee5b14f2eab7@group-2E3400AD0710-SegmentedRaftLogWorker close()
2024-02-06 10:05:25,266 [d1d50a62-ae00-4aa1-bd49-1c13d08c4e54-impl-thread1] INFO  segmented.SegmentedRaftLogWorker (SegmentedRaftLogWorker.java:close(245)) - d1d50a62-ae00-4aa1-bd49-1c13d08c4e54@group-2E3400AD0710-SegmentedRaftLogWorker close()
2024-02-06 10:05:25,276 [20dab95a-c478-4766-b72c-beb84f06bee2-impl-thread1] INFO  segmented.SegmentedRaftLogWorker (SegmentedRaftLogWorker.java:close(245)) - 20dab95a-c478-4766-b72c-beb84f06bee2@group-B6B8FC41F9A2-SegmentedRaftLogWorker close()
2024-02-06 10:05:25,276 [JvmPauseMonitor59] INFO  util.JvmPauseMonitor (JvmPauseMonitor.java:run(152)) - JvmPauseMonitor-20dab95a-c478-4766-b72c-beb84f06bee2: Stopped
2024-02-06 10:05:25,357 [c6296721-c547-473a-9a19-ee5b14f2eab7-impl-thread2] INFO  segmented.SegmentedRaftLogWorker (SegmentedRaftLogWorker.java:close(245)) - c6296721-c547-473a-9a19-ee5b14f2eab7@group-D1DFDC394ACF-SegmentedRaftLogWorker close()
2024-02-06 10:05:25,357 [JvmPauseMonitor60] INFO  util.JvmPauseMonitor (JvmPauseMonitor.java:run(152)) - JvmPauseMonitor-c6296721-c547-473a-9a19-ee5b14f2eab7: Stopped
2024-02-06 10:05:25,364 [d1d50a62-ae00-4aa1-bd49-1c13d08c4e54-impl-thread2] INFO  segmented.SegmentedRaftLogWorker (SegmentedRaftLogWorker.java:close(245)) - d1d50a62-ae00-4aa1-bd49-1c13d08c4e54@group-A3A670BAEFB3-SegmentedRaftLogWorker close()
2024-02-06 10:05:25,364 [JvmPauseMonitor62] INFO  util.JvmPauseMonitor (JvmPauseMonitor.java:run(152)) - JvmPauseMonitor-d1d50a62-ae00-4aa1-bd49-1c13d08c4e54: Stopped
2024-02-06 10:05:27,012 [ForkJoinPool.commonPool-worker-4] INFO  utils.DatanodeStoreCache (DatanodeStoreCache.java:shutdownCache(116)) - Skip clearing cache in mini cluster mode. Entries left: [/home/runner/work/ozone/ozone/hadoop-ozone/integration-test/target/test-dir/MiniOzoneClusterImpl-5d1c2165-a83d-4eb5-a2bf-ae35b2f22424/datanode-0/data-0/containers/hdds/5d1c2165-a83d-4eb5-a2bf-ae35b2f22424/DS-f1c3c0ed-174e-450a-a4cc-a8ad37328f76/container.db, /home/runner/work/ozone/ozone/hadoop-ozone/integration-test/target/test-dir/MiniOzoneClusterImpl-5d1c2165-a83d-4eb5-a2bf-ae35b2f22424/datanode-1/data-0/containers/hdds/5d1c2165-a83d-4eb5-a2bf-ae35b2f22424/DS-754f68b7-5516-4373-bf02-72e2ff5c34f5/container.db, /home/runner/work/ozone/ozone/hadoop-ozone/integration-test/target/test-dir/MiniOzoneClusterImpl-5d1c2165-a83d-4eb5-a2bf-ae35b2f22424/datanode-2/data-0/containers/hdds/5d1c2165-a83d-4eb5-a2bf-ae35b2f22424/DS-00d0df73-3abc-4e6b-85dd-828b047ea088/container.db, /home/runner/work/ozone/ozone/hadoop-ozone/integration-test/target/test-dir/MiniOzoneClusterImpl-5d1c2165-a83d-4eb5-a2bf-ae35b2f22424/datanode-3/data-0/containers/hdds/5d1c2165-a83d-4eb5-a2bf-ae35b2f22424/DS-216e13fe-ad6a-4f0b-a0e5-a6416b107d7f/container.db, /home/runner/work/ozone/ozone/hadoop-ozone/integration-test/target/test-dir/MiniOzoneClusterImpl-5d1c2165-a83d-4eb5-a2bf-ae35b2f22424/datanode-4/data-0/containers/hdds/5d1c2165-a83d-4eb5-a2bf-ae35b2f22424/DS-d809648f-15b5-4d76-bdc7-7b862bf6fe8e/container.db, /home/runner/work/ozone/ozone/hadoop-ozone/integration-test/target/test-dir/MiniOzoneClusterImpl-5d1c2165-a83d-4eb5-a2bf-ae35b2f22424/datanode-5/data-0/containers/hdds/5d1c2165-a83d-4eb5-a2bf-ae35b2f22424/DS-16427159-c7c2-4b5a-a944-9fddbdf3f260/container.db, /home/runner/work/ozone/ozone/hadoop-ozone/integration-test/target/test-dir/MiniOzoneClusterImpl-5d1c2165-a83d-4eb5-a2bf-ae35b2f22424/datanode-6/data-0/containers/hdds/5d1c2165-a83d-4eb5-a2bf-ae35b2f22424/DS-ac83b530-5695-4c08-ad1b-5c4b8c149d7e/container.db]
2024-02-06 10:05:27,016 [ForkJoinPool.commonPool-worker-4] INFO  utils.DatanodeStoreCache (DatanodeStoreCache.java:removeDB(110)) - Removed db /home/runner/work/ozone/ozone/hadoop-ozone/integration-test/target/test-dir/MiniOzoneClusterImpl-5d1c2165-a83d-4eb5-a2bf-ae35b2f22424/datanode-0/data-0/containers/hdds/5d1c2165-a83d-4eb5-a2bf-ae35b2f22424/DS-f1c3c0ed-174e-450a-a4cc-a8ad37328f76/container.db from cache
2024-02-06 10:05:27,016 [ForkJoinPool.commonPool-worker-4] INFO  volume.HddsVolume (HddsVolume.java:closeDbStore(451)) - SchemaV3 db is stopped at /home/runner/work/ozone/ozone/hadoop-ozone/integration-test/target/test-dir/MiniOzoneClusterImpl-5d1c2165-a83d-4eb5-a2bf-ae35b2f22424/datanode-0/data-0/containers/hdds/5d1c2165-a83d-4eb5-a2bf-ae35b2f22424/DS-f1c3c0ed-174e-450a-a4cc-a8ad37328f76/container.db for volume DS-f1c3c0ed-174e-450a-a4cc-a8ad37328f76
2024-02-06 10:05:27,016 [ForkJoinPool.commonPool-worker-2] INFO  utils.DatanodeStoreCache (DatanodeStoreCache.java:shutdownCache(116)) - Skip clearing cache in mini cluster mode. Entries left: [/home/runner/work/ozone/ozone/hadoop-ozone/integration-test/target/test-dir/MiniOzoneClusterImpl-5d1c2165-a83d-4eb5-a2bf-ae35b2f22424/datanode-1/data-0/containers/hdds/5d1c2165-a83d-4eb5-a2bf-ae35b2f22424/DS-754f68b7-5516-4373-bf02-72e2ff5c34f5/container.db, /home/runner/work/ozone/ozone/hadoop-ozone/integration-test/target/test-dir/MiniOzoneClusterImpl-5d1c2165-a83d-4eb5-a2bf-ae35b2f22424/datanode-2/data-0/containers/hdds/5d1c2165-a83d-4eb5-a2bf-ae35b2f22424/DS-00d0df73-3abc-4e6b-85dd-828b047ea088/container.db, /home/runner/work/ozone/ozone/hadoop-ozone/integration-test/target/test-dir/MiniOzoneClusterImpl-5d1c2165-a83d-4eb5-a2bf-ae35b2f22424/datanode-3/data-0/containers/hdds/5d1c2165-a83d-4eb5-a2bf-ae35b2f22424/DS-216e13fe-ad6a-4f0b-a0e5-a6416b107d7f/container.db, /home/runner/work/ozone/ozone/hadoop-ozone/integration-test/target/test-dir/MiniOzoneClusterImpl-5d1c2165-a83d-4eb5-a2bf-ae35b2f22424/datanode-4/data-0/containers/hdds/5d1c2165-a83d-4eb5-a2bf-ae35b2f22424/DS-d809648f-15b5-4d76-bdc7-7b862bf6fe8e/container.db, /home/runner/work/ozone/ozone/hadoop-ozone/integration-test/target/test-dir/MiniOzoneClusterImpl-5d1c2165-a83d-4eb5-a2bf-ae35b2f22424/datanode-5/data-0/containers/hdds/5d1c2165-a83d-4eb5-a2bf-ae35b2f22424/DS-16427159-c7c2-4b5a-a944-9fddbdf3f260/container.db, /home/runner/work/ozone/ozone/hadoop-ozone/integration-test/target/test-dir/MiniOzoneClusterImpl-5d1c2165-a83d-4eb5-a2bf-ae35b2f22424/datanode-6/data-0/containers/hdds/5d1c2165-a83d-4eb5-a2bf-ae35b2f22424/DS-ac83b530-5695-4c08-ad1b-5c4b8c149d7e/container.db]
2024-02-06 10:05:27,017 [ForkJoinPool.commonPool-worker-4] INFO  utils.BackgroundService (BackgroundService.java:shutdown(160)) - Shutting down service BlockDeletingService
2024-02-06 10:05:27,017 [ForkJoinPool.commonPool-worker-4] INFO  utils.BackgroundService (BackgroundService.java:shutdown(160)) - Shutting down service StaleRecoveringContainerScrubbingService
2024-02-06 10:05:27,018 [ForkJoinPool.commonPool-worker-4] INFO  statemachine.DatanodeStateMachine (DatanodeStateMachine.java:stopDaemon(638)) - Ozone container server stopped.
2024-02-06 10:05:27,020 [ForkJoinPool.commonPool-worker-2] INFO  utils.DatanodeStoreCache (DatanodeStoreCache.java:removeDB(110)) - Removed db /home/runner/work/ozone/ozone/hadoop-ozone/integration-test/target/test-dir/MiniOzoneClusterImpl-5d1c2165-a83d-4eb5-a2bf-ae35b2f22424/datanode-1/data-0/containers/hdds/5d1c2165-a83d-4eb5-a2bf-ae35b2f22424/DS-754f68b7-5516-4373-bf02-72e2ff5c34f5/container.db from cache
2024-02-06 10:05:27,020 [ForkJoinPool.commonPool-worker-4] INFO  handler.ContextHandler (ContextHandler.java:doStop(1159)) - Stopped o.e.j.w.WebAppContext@8116822{hddsDatanode,/,null,STOPPED}{jar:file:/home/runner/.m2/repository/org/apache/ozone/hdds-container-service/1.5.0-SNAPSHOT/hdds-container-service-1.5.0-SNAPSHOT.jar!/webapps/hddsDatanode}
2024-02-06 10:05:27,020 [ForkJoinPool.commonPool-worker-2] INFO  volume.HddsVolume (HddsVolume.java:closeDbStore(451)) - SchemaV3 db is stopped at /home/runner/work/ozone/ozone/hadoop-ozone/integration-test/target/test-dir/MiniOzoneClusterImpl-5d1c2165-a83d-4eb5-a2bf-ae35b2f22424/datanode-1/data-0/containers/hdds/5d1c2165-a83d-4eb5-a2bf-ae35b2f22424/DS-754f68b7-5516-4373-bf02-72e2ff5c34f5/container.db for volume DS-754f68b7-5516-4373-bf02-72e2ff5c34f5
2024-02-06 10:05:27,021 [ForkJoinPool.commonPool-worker-2] INFO  utils.BackgroundService (BackgroundService.java:shutdown(160)) - Shutting down service BlockDeletingService
2024-02-06 10:05:27,021 [ForkJoinPool.commonPool-worker-2] INFO  utils.BackgroundService (BackgroundService.java:shutdown(160)) - Shutting down service StaleRecoveringContainerScrubbingService
2024-02-06 10:05:27,021 [ForkJoinPool.commonPool-worker-4] INFO  server.AbstractConnector (AbstractConnector.java:doStop(383)) - Stopped ServerConnector@771905c5{HTTP/1.1, (http/1.1)}{0.0.0.0:15454}
2024-02-06 10:05:27,021 [ForkJoinPool.commonPool-worker-4] INFO  server.session (HouseKeeper.java:stopScavenging(149)) - node0 Stopped scavenging
2024-02-06 10:05:27,022 [ForkJoinPool.commonPool-worker-4] INFO  handler.ContextHandler (ContextHandler.java:doStop(1159)) - Stopped o.e.j.s.ServletContextHandler@6a3ee61e{static,/static,jar:file:/home/runner/.m2/repository/org/apache/ozone/hdds-container-service/1.5.0-SNAPSHOT/hdds-container-service-1.5.0-SNAPSHOT.jar!/webapps/static,STOPPED}
2024-02-06 10:05:27,022 [ForkJoinPool.commonPool-worker-4] INFO  handler.ContextHandler (ContextHandler.java:doStop(1159)) - Stopped o.e.j.s.ServletContextHandler@5338f82f{logs,/logs,file:///home/runner/work/ozone/ozone/hadoop-ozone/integration-test/target/log,STOPPED}
2024-02-06 10:05:27,022 [ForkJoinPool.commonPool-worker-4] INFO  ozone.HddsDatanodeClientProtocolServer (HddsDatanodeClientProtocolServer.java:stop(78)) - Stopping the RPC server for Client Protocol
2024-02-06 10:05:27,023 [ForkJoinPool.commonPool-worker-4] INFO  ipc.Server (Server.java:stop(3523)) - Stopping server on 15455
2024-02-06 10:05:27,023 [ForkJoinPool.commonPool-worker-2] INFO  statemachine.DatanodeStateMachine (DatanodeStateMachine.java:stopDaemon(638)) - Ozone container server stopped.
2024-02-06 10:05:27,024 [IPC Server Responder] INFO  ipc.Server (Server.java:run(1567)) - Stopping IPC Server Responder
2024-02-06 10:05:27,024 [IPC Server listener on 15455] INFO  ipc.Server (Server.java:run(1434)) - Stopping IPC Server listener on 15455
2024-02-06 10:05:27,024 [ForkJoinPool.commonPool-worker-2] INFO  handler.ContextHandler (ContextHandler.java:doStop(1159)) - Stopped o.e.j.w.WebAppContext@28d28e0d{hddsDatanode,/,null,STOPPED}{jar:file:/home/runner/.m2/repository/org/apache/ozone/hdds-container-service/1.5.0-SNAPSHOT/hdds-container-service-1.5.0-SNAPSHOT.jar!/webapps/hddsDatanode}
2024-02-06 10:05:27,026 [ForkJoinPool.commonPool-worker-2] INFO  server.AbstractConnector (AbstractConnector.java:doStop(383)) - Stopped ServerConnector@1c2e14be{HTTP/1.1, (http/1.1)}{0.0.0.0:15463}
2024-02-06 10:05:27,026 [ForkJoinPool.commonPool-worker-2] INFO  server.session (HouseKeeper.java:stopScavenging(149)) - node0 Stopped scavenging
2024-02-06 10:05:27,027 [ForkJoinPool.commonPool-worker-2] INFO  handler.ContextHandler (ContextHandler.java:doStop(1159)) - Stopped o.e.j.s.ServletContextHandler@6a8eba38{static,/static,jar:file:/home/runner/.m2/repository/org/apache/ozone/hdds-container-service/1.5.0-SNAPSHOT/hdds-container-service-1.5.0-SNAPSHOT.jar!/webapps/static,STOPPED}
2024-02-06 10:05:27,027 [ForkJoinPool.commonPool-worker-2] INFO  handler.ContextHandler (ContextHandler.java:doStop(1159)) - Stopped o.e.j.s.ServletContextHandler@42edcb56{logs,/logs,file:///home/runner/work/ozone/ozone/hadoop-ozone/integration-test/target/log,STOPPED}
2024-02-06 10:05:27,031 [ForkJoinPool.commonPool-worker-2] INFO  ozone.HddsDatanodeClientProtocolServer (HddsDatanodeClientProtocolServer.java:stop(78)) - Stopping the RPC server for Client Protocol
2024-02-06 10:05:27,034 [ForkJoinPool.commonPool-worker-2] INFO  ipc.Server (Server.java:stop(3523)) - Stopping server on 15464
2024-02-06 10:05:27,035 [IPC Server Responder] INFO  ipc.Server (Server.java:run(1567)) - Stopping IPC Server Responder
2024-02-06 10:05:27,036 [ForkJoinPool.commonPool-worker-4] INFO  ozoneimpl.OzoneContainer (OzoneContainer.java:stop(481)) - Attempting to stop container services.
2024-02-06 10:05:27,036 [IPC Server listener on 15464] INFO  ipc.Server (Server.java:run(1434)) - Stopping IPC Server listener on 15464
2024-02-06 10:05:27,037 [ForkJoinPool.commonPool-worker-4] INFO  server.RaftServer (RaftServerProxy.java:lambda$close$9(416)) - abf042c3-6cd4-4c06-9655-57992d013f88: close
2024-02-06 10:05:27,037 [ForkJoinPool.commonPool-worker-4] INFO  server.GrpcService (GrpcService.java:closeImpl(311)) - abf042c3-6cd4-4c06-9655-57992d013f88: shutdown server org.apache.ratis.grpc.server.GrpcClientProtocolService now
2024-02-06 10:05:27,037 [abf042c3-6cd4-4c06-9655-57992d013f88-impl-thread1] INFO  server.RaftServer$Division (RaftServerImpl.java:lambda$close$3(526)) - abf042c3-6cd4-4c06-9655-57992d013f88@group-6F6918DAB04D: shutdown
2024-02-06 10:05:27,037 [abf042c3-6cd4-4c06-9655-57992d013f88-impl-thread1] INFO  util.JmxRegister (JmxRegister.java:unregister(73)) - Successfully un-registered JMX Bean with object name Ratis:service=RaftServer,group=group-6F6918DAB04D,id=abf042c3-6cd4-4c06-9655-57992d013f88
2024-02-06 10:05:27,037 [abf042c3-6cd4-4c06-9655-57992d013f88-impl-thread1] INFO  impl.RoleInfo (RoleInfo.java:shutdownLeaderState(94)) - abf042c3-6cd4-4c06-9655-57992d013f88: shutdown abf042c3-6cd4-4c06-9655-57992d013f88@group-6F6918DAB04D-LeaderStateImpl
2024-02-06 10:05:27,037 [Thread-7243] INFO  server.GrpcServerProtocolClient (GrpcServerProtocolClient.java:close(103)) - 632684f9-b96b-4968-b03c-341844499869 Close channels
2024-02-06 10:05:27,037 [abf042c3-6cd4-4c06-9655-57992d013f88-impl-thread1] INFO  impl.PendingRequests (PendingRequests.java:sendNotLeaderResponses(289)) - abf042c3-6cd4-4c06-9655-57992d013f88@group-6F6918DAB04D-PendingRequests: sendNotLeaderResponses
2024-02-06 10:05:27,041 [Thread-7244] INFO  server.GrpcServerProtocolClient (GrpcServerProtocolClient.java:close(103)) - 2bb22b89-6b01-4b52-bccb-ae4677f02d8d Close channels
2024-02-06 10:05:27,041 [abf042c3-6cd4-4c06-9655-57992d013f88-impl-thread1] INFO  impl.StateMachineUpdater (StateMachineUpdater.java:stopAndJoin(157)) - abf042c3-6cd4-4c06-9655-57992d013f88@group-6F6918DAB04D-StateMachineUpdater: set stopIndex = 0
2024-02-06 10:05:27,041 [abf042c3-6cd4-4c06-9655-57992d013f88@group-6F6918DAB04D-StateMachineUpdater] INFO  ratis.ContainerStateMachine (ContainerStateMachine.java:takeSnapshot(355)) - group-6F6918DAB04D: Taking a snapshot at:(t:1, i:0) file /home/runner/work/ozone/ozone/hadoop-ozone/integration-test/target/test-dir/MiniOzoneClusterImpl-5d1c2165-a83d-4eb5-a2bf-ae35b2f22424/datanode-6/data/ratis/3c3e367e-a459-437c-a0ed-6f6918dab04d/sm/snapshot.1_0
2024-02-06 10:05:27,042 [ForkJoinPool.commonPool-worker-4] INFO  server.GrpcService (GrpcService.java:closeImpl(320)) - abf042c3-6cd4-4c06-9655-57992d013f88: shutdown server org.apache.ratis.grpc.server.GrpcClientProtocolService successfully
2024-02-06 10:05:27,042 [ForkJoinPool.commonPool-worker-4] INFO  server.GrpcService (GrpcService.java:closeImpl(311)) - abf042c3-6cd4-4c06-9655-57992d013f88: shutdown server GrpcServerProtocolService now
2024-02-06 10:05:27,043 [abf042c3-6cd4-4c06-9655-57992d013f88@group-6F6918DAB04D-StateMachineUpdater] INFO  ratis.ContainerStateMachine (ContainerStateMachine.java:takeSnapshot(366)) - group-6F6918DAB04D: Finished taking a snapshot at:(t:1, i:0) file:/home/runner/work/ozone/ozone/hadoop-ozone/integration-test/target/test-dir/MiniOzoneClusterImpl-5d1c2165-a83d-4eb5-a2bf-ae35b2f22424/datanode-6/data/ratis/3c3e367e-a459-437c-a0ed-6f6918dab04d/sm/snapshot.1_0 took: 2 ms
2024-02-06 10:05:27,043 [abf042c3-6cd4-4c06-9655-57992d013f88@group-6F6918DAB04D-StateMachineUpdater] INFO  impl.StateMachineUpdater (StateMachineUpdater.java:takeSnapshot(295)) - abf042c3-6cd4-4c06-9655-57992d013f88@group-6F6918DAB04D-StateMachineUpdater: Took a snapshot at index 0
2024-02-06 10:05:27,044 [abf042c3-6cd4-4c06-9655-57992d013f88@group-6F6918DAB04D-StateMachineUpdater] INFO  impl.StateMachineUpdater (StateMachineUpdater.java:lambda$new$0(98)) - abf042c3-6cd4-4c06-9655-57992d013f88@group-6F6918DAB04D-StateMachineUpdater: snapshotIndex: updateIncreasingly -1 -> 0
2024-02-06 10:05:27,044 [abf042c3-6cd4-4c06-9655-57992d013f88-impl-thread1] INFO  server.RaftServer$Division (ServerState.java:close(427)) - abf042c3-6cd4-4c06-9655-57992d013f88@group-6F6918DAB04D: applyIndex: 0
2024-02-06 10:05:27,044 [abf042c3-6cd4-4c06-9655-57992d013f88@group-6F6918DAB04D-cacheEviction-AwaitToRun] INFO  util.AwaitToRun (AwaitToRun.java:run(49)) - abf042c3-6cd4-4c06-9655-57992d013f88@group-6F6918DAB04D-cacheEviction-AwaitToRun-AwaitForSignal is interrupted
2024-02-06 10:05:27,044 [ForkJoinPool.commonPool-worker-4] INFO  server.GrpcService (GrpcService.java:closeImpl(320)) - abf042c3-6cd4-4c06-9655-57992d013f88: shutdown server GrpcServerProtocolService successfully
2024-02-06 10:05:27,044 [ForkJoinPool.commonPool-worker-2] INFO  ozoneimpl.OzoneContainer (OzoneContainer.java:stop(481)) - Attempting to stop container services.
2024-02-06 10:05:27,044 [ForkJoinPool.commonPool-worker-4] INFO  server.GrpcService (GrpcService.java:closeImpl(311)) - abf042c3-6cd4-4c06-9655-57992d013f88: shutdown server org.apache.ratis.grpc.server.GrpcAdminProtocolService now
2024-02-06 10:05:27,044 [ForkJoinPool.commonPool-worker-2] INFO  server.RaftServer (RaftServerProxy.java:lambda$close$9(416)) - 3668fcd7-5f50-4258-afea-ecf4a9b92dd6: close
2024-02-06 10:05:27,045 [3668fcd7-5f50-4258-afea-ecf4a9b92dd6-impl-thread1] INFO  server.RaftServer$Division (RaftServerImpl.java:lambda$close$3(526)) - 3668fcd7-5f50-4258-afea-ecf4a9b92dd6@group-2E3400AD0710: shutdown
2024-02-06 10:05:27,045 [3668fcd7-5f50-4258-afea-ecf4a9b92dd6-impl-thread1] INFO  util.JmxRegister (JmxRegister.java:unregister(73)) - Successfully un-registered JMX Bean with object name Ratis:service=RaftServer,group=group-2E3400AD0710,id=3668fcd7-5f50-4258-afea-ecf4a9b92dd6
2024-02-06 10:05:27,045 [3668fcd7-5f50-4258-afea-ecf4a9b92dd6-impl-thread1] INFO  impl.RoleInfo (RoleInfo.java:shutdownFollowerState(110)) - 3668fcd7-5f50-4258-afea-ecf4a9b92dd6: shutdown 3668fcd7-5f50-4258-afea-ecf4a9b92dd6@group-2E3400AD0710-FollowerState
2024-02-06 10:05:27,046 [3668fcd7-5f50-4258-afea-ecf4a9b92dd6-impl-thread1] INFO  impl.StateMachineUpdater (StateMachineUpdater.java:stopAndJoin(157)) - 3668fcd7-5f50-4258-afea-ecf4a9b92dd6@group-2E3400AD0710-StateMachineUpdater: set stopIndex = 0
2024-02-06 10:05:27,046 [ForkJoinPool.commonPool-worker-4] INFO  server.GrpcService (GrpcService.java:closeImpl(320)) - abf042c3-6cd4-4c06-9655-57992d013f88: shutdown server org.apache.ratis.grpc.server.GrpcAdminProtocolService successfully
2024-02-06 10:05:27,046 [3668fcd7-5f50-4258-afea-ecf4a9b92dd6@group-2E3400AD0710-StateMachineUpdater] INFO  ratis.ContainerStateMachine (ContainerStateMachine.java:takeSnapshot(355)) - group-2E3400AD0710: Taking a snapshot at:(t:1, i:0) file /home/runner/work/ozone/ozone/hadoop-ozone/integration-test/target/test-dir/MiniOzoneClusterImpl-5d1c2165-a83d-4eb5-a2bf-ae35b2f22424/datanode-4/data/ratis/9ed817c2-7c51-42bf-a569-2e3400ad0710/sm/snapshot.1_0
2024-02-06 10:05:27,046 [ForkJoinPool.commonPool-worker-2] INFO  server.GrpcService (GrpcService.java:closeImpl(311)) - 3668fcd7-5f50-4258-afea-ecf4a9b92dd6: shutdown server org.apache.ratis.grpc.server.GrpcClientProtocolService now
2024-02-06 10:05:27,046 [3668fcd7-5f50-4258-afea-ecf4a9b92dd6@group-2E3400AD0710-FollowerState] INFO  impl.FollowerState (FollowerState.java:run(152)) - 3668fcd7-5f50-4258-afea-ecf4a9b92dd6@group-2E3400AD0710-FollowerState was interrupted
2024-02-06 10:05:27,046 [3668fcd7-5f50-4258-afea-ecf4a9b92dd6-impl-thread2] INFO  server.RaftServer$Division (RaftServerImpl.java:lambda$close$3(526)) - 3668fcd7-5f50-4258-afea-ecf4a9b92dd6@group-1778BB239640: shutdown
2024-02-06 10:05:27,047 [3668fcd7-5f50-4258-afea-ecf4a9b92dd6-impl-thread2] INFO  util.JmxRegister (JmxRegister.java:unregister(73)) - Successfully un-registered JMX Bean with object name Ratis:service=RaftServer,group=group-1778BB239640,id=3668fcd7-5f50-4258-afea-ecf4a9b92dd6
2024-02-06 10:05:27,047 [3668fcd7-5f50-4258-afea-ecf4a9b92dd6@group-2E3400AD0710-StateMachineUpdater] INFO  ratis.ContainerStateMachine (ContainerStateMachine.java:takeSnapshot(366)) - group-2E3400AD0710: Finished taking a snapshot at:(t:1, i:0) file:/home/runner/work/ozone/ozone/hadoop-ozone/integration-test/target/test-dir/MiniOzoneClusterImpl-5d1c2165-a83d-4eb5-a2bf-ae35b2f22424/datanode-4/data/ratis/9ed817c2-7c51-42bf-a569-2e3400ad0710/sm/snapshot.1_0 took: 1 ms
2024-02-06 10:05:27,047 [3668fcd7-5f50-4258-afea-ecf4a9b92dd6@group-2E3400AD0710-StateMachineUpdater] INFO  impl.StateMachineUpdater (StateMachineUpdater.java:takeSnapshot(295)) - 3668fcd7-5f50-4258-afea-ecf4a9b92dd6@group-2E3400AD0710-StateMachineUpdater: Took a snapshot at index 0
2024-02-06 10:05:27,047 [3668fcd7-5f50-4258-afea-ecf4a9b92dd6@group-2E3400AD0710-StateMachineUpdater] INFO  impl.StateMachineUpdater (StateMachineUpdater.java:lambda$new$0(98)) - 3668fcd7-5f50-4258-afea-ecf4a9b92dd6@group-2E3400AD0710-StateMachineUpdater: snapshotIndex: updateIncreasingly -1 -> 0
2024-02-06 10:05:27,047 [ForkJoinPool.commonPool-worker-2] INFO  server.GrpcService (GrpcService.java:closeImpl(320)) - 3668fcd7-5f50-4258-afea-ecf4a9b92dd6: shutdown server org.apache.ratis.grpc.server.GrpcClientProtocolService successfully
2024-02-06 10:05:27,047 [ForkJoinPool.commonPool-worker-2] INFO  server.GrpcService (GrpcService.java:closeImpl(311)) - 3668fcd7-5f50-4258-afea-ecf4a9b92dd6: shutdown server GrpcServerProtocolService now
2024-02-06 10:05:27,047 [3668fcd7-5f50-4258-afea-ecf4a9b92dd6-impl-thread1] INFO  server.RaftServer$Division (ServerState.java:close(427)) - 3668fcd7-5f50-4258-afea-ecf4a9b92dd6@group-2E3400AD0710: applyIndex: 0
2024-02-06 10:05:27,047 [3668fcd7-5f50-4258-afea-ecf4a9b92dd6-impl-thread2] INFO  impl.RoleInfo (RoleInfo.java:shutdownLeaderState(94)) - 3668fcd7-5f50-4258-afea-ecf4a9b92dd6: shutdown 3668fcd7-5f50-4258-afea-ecf4a9b92dd6@group-1778BB239640-LeaderStateImpl
2024-02-06 10:05:27,047 [3668fcd7-5f50-4258-afea-ecf4a9b92dd6-impl-thread2] INFO  impl.PendingRequests (PendingRequests.java:sendNotLeaderResponses(289)) - 3668fcd7-5f50-4258-afea-ecf4a9b92dd6@group-1778BB239640-PendingRequests: sendNotLeaderResponses
2024-02-06 10:05:27,047 [3668fcd7-5f50-4258-afea-ecf4a9b92dd6-impl-thread2] INFO  impl.StateMachineUpdater (StateMachineUpdater.java:stopAndJoin(157)) - 3668fcd7-5f50-4258-afea-ecf4a9b92dd6@group-1778BB239640-StateMachineUpdater: set stopIndex = 0
2024-02-06 10:05:27,048 [3668fcd7-5f50-4258-afea-ecf4a9b92dd6@group-1778BB239640-StateMachineUpdater] INFO  ratis.ContainerStateMachine (ContainerStateMachine.java:takeSnapshot(355)) - group-1778BB239640: Taking a snapshot at:(t:1, i:0) file /home/runner/work/ozone/ozone/hadoop-ozone/integration-test/target/test-dir/MiniOzoneClusterImpl-5d1c2165-a83d-4eb5-a2bf-ae35b2f22424/datanode-4/data/ratis/4ce72c08-9272-4fb7-9cf5-1778bb239640/sm/snapshot.1_0
2024-02-06 10:05:27,048 [3668fcd7-5f50-4258-afea-ecf4a9b92dd6@group-1778BB239640-StateMachineUpdater] INFO  ratis.ContainerStateMachine (ContainerStateMachine.java:takeSnapshot(366)) - group-1778BB239640: Finished taking a snapshot at:(t:1, i:0) file:/home/runner/work/ozone/ozone/hadoop-ozone/integration-test/target/test-dir/MiniOzoneClusterImpl-5d1c2165-a83d-4eb5-a2bf-ae35b2f22424/datanode-4/data/ratis/4ce72c08-9272-4fb7-9cf5-1778bb239640/sm/snapshot.1_0 took: 1 ms
2024-02-06 10:05:27,048 [3668fcd7-5f50-4258-afea-ecf4a9b92dd6@group-1778BB239640-StateMachineUpdater] INFO  impl.StateMachineUpdater (StateMachineUpdater.java:takeSnapshot(295)) - 3668fcd7-5f50-4258-afea-ecf4a9b92dd6@group-1778BB239640-StateMachineUpdater: Took a snapshot at index 0
2024-02-06 10:05:27,048 [3668fcd7-5f50-4258-afea-ecf4a9b92dd6@group-1778BB239640-StateMachineUpdater] INFO  impl.StateMachineUpdater (StateMachineUpdater.java:lambda$new$0(98)) - 3668fcd7-5f50-4258-afea-ecf4a9b92dd6@group-1778BB239640-StateMachineUpdater: snapshotIndex: updateIncreasingly -1 -> 0
2024-02-06 10:05:27,048 [3668fcd7-5f50-4258-afea-ecf4a9b92dd6-impl-thread2] INFO  server.RaftServer$Division (ServerState.java:close(427)) - 3668fcd7-5f50-4258-afea-ecf4a9b92dd6@group-1778BB239640: applyIndex: 0
2024-02-06 10:05:27,048 [3668fcd7-5f50-4258-afea-ecf4a9b92dd6@group-2E3400AD0710-cacheEviction-AwaitToRun] INFO  util.AwaitToRun (AwaitToRun.java:run(49)) - 3668fcd7-5f50-4258-afea-ecf4a9b92dd6@group-2E3400AD0710-cacheEviction-AwaitToRun-AwaitForSignal is interrupted
2024-02-06 10:05:27,048 [3668fcd7-5f50-4258-afea-ecf4a9b92dd6@group-1778BB239640-cacheEviction-AwaitToRun] INFO  util.AwaitToRun (AwaitToRun.java:run(49)) - 3668fcd7-5f50-4258-afea-ecf4a9b92dd6@group-1778BB239640-cacheEviction-AwaitToRun-AwaitForSignal is interrupted
2024-02-06 10:05:27,049 [ForkJoinPool.commonPool-worker-2] INFO  server.GrpcService (GrpcService.java:closeImpl(320)) - 3668fcd7-5f50-4258-afea-ecf4a9b92dd6: shutdown server GrpcServerProtocolService successfully
2024-02-06 10:05:27,049 [ForkJoinPool.commonPool-worker-2] INFO  server.GrpcService (GrpcService.java:closeImpl(311)) - 3668fcd7-5f50-4258-afea-ecf4a9b92dd6: shutdown server org.apache.ratis.grpc.server.GrpcAdminProtocolService now
2024-02-06 10:05:27,049 [ForkJoinPool.commonPool-worker-2] INFO  server.GrpcService (GrpcService.java:closeImpl(320)) - 3668fcd7-5f50-4258-afea-ecf4a9b92dd6: shutdown server org.apache.ratis.grpc.server.GrpcAdminProtocolService successfully
2024-02-06 10:05:27,051 [abf042c3-6cd4-4c06-9655-57992d013f88-NettyServerStreamRpc-bossGroup--thread1] INFO  logging.LoggingHandler (AbstractInternalLogger.java:log(148)) - [id: 0x1990b052, L:/0.0.0.0:15514] CLOSE
2024-02-06 10:05:27,051 [abf042c3-6cd4-4c06-9655-57992d013f88-NettyServerStreamRpc-bossGroup--thread1] INFO  logging.LoggingHandler (AbstractInternalLogger.java:log(148)) - [id: 0x1990b052, L:/0.0.0.0:15514] INACTIVE
2024-02-06 10:05:27,051 [abf042c3-6cd4-4c06-9655-57992d013f88-NettyServerStreamRpc-bossGroup--thread1] INFO  logging.LoggingHandler (AbstractInternalLogger.java:log(148)) - [id: 0x1990b052, L:/0.0.0.0:15514] UNREGISTERED
2024-02-06 10:05:27,054 [3668fcd7-5f50-4258-afea-ecf4a9b92dd6-NettyServerStreamRpc-bossGroup--thread1] INFO  logging.LoggingHandler (AbstractInternalLogger.java:log(148)) - [id: 0x04e7224c, L:/0.0.0.0:15496] CLOSE
2024-02-06 10:05:27,054 [3668fcd7-5f50-4258-afea-ecf4a9b92dd6-NettyServerStreamRpc-bossGroup--thread1] INFO  logging.LoggingHandler (AbstractInternalLogger.java:log(148)) - [id: 0x04e7224c, L:/0.0.0.0:15496] INACTIVE
2024-02-06 10:05:27,054 [3668fcd7-5f50-4258-afea-ecf4a9b92dd6-NettyServerStreamRpc-bossGroup--thread1] INFO  logging.LoggingHandler (AbstractInternalLogger.java:log(148)) - [id: 0x04e7224c, L:/0.0.0.0:15496] UNREGISTERED
2024-02-06 10:05:27,266 [3668fcd7-5f50-4258-afea-ecf4a9b92dd6-impl-thread1] INFO  segmented.SegmentedRaftLogWorker (SegmentedRaftLogWorker.java:close(245)) - 3668fcd7-5f50-4258-afea-ecf4a9b92dd6@group-2E3400AD0710-SegmentedRaftLogWorker close()
2024-02-06 10:05:27,278 [ForkJoinPool.commonPool-worker-1] INFO  utils.DatanodeStoreCache (DatanodeStoreCache.java:shutdownCache(116)) - Skip clearing cache in mini cluster mode. Entries left: [/home/runner/work/ozone/ozone/hadoop-ozone/integration-test/target/test-dir/MiniOzoneClusterImpl-5d1c2165-a83d-4eb5-a2bf-ae35b2f22424/datanode-2/data-0/containers/hdds/5d1c2165-a83d-4eb5-a2bf-ae35b2f22424/DS-00d0df73-3abc-4e6b-85dd-828b047ea088/container.db, /home/runner/work/ozone/ozone/hadoop-ozone/integration-test/target/test-dir/MiniOzoneClusterImpl-5d1c2165-a83d-4eb5-a2bf-ae35b2f22424/datanode-3/data-0/containers/hdds/5d1c2165-a83d-4eb5-a2bf-ae35b2f22424/DS-216e13fe-ad6a-4f0b-a0e5-a6416b107d7f/container.db, /home/runner/work/ozone/ozone/hadoop-ozone/integration-test/target/test-dir/MiniOzoneClusterImpl-5d1c2165-a83d-4eb5-a2bf-ae35b2f22424/datanode-4/data-0/containers/hdds/5d1c2165-a83d-4eb5-a2bf-ae35b2f22424/DS-d809648f-15b5-4d76-bdc7-7b862bf6fe8e/container.db, /home/runner/work/ozone/ozone/hadoop-ozone/integration-test/target/test-dir/MiniOzoneClusterImpl-5d1c2165-a83d-4eb5-a2bf-ae35b2f22424/datanode-5/data-0/containers/hdds/5d1c2165-a83d-4eb5-a2bf-ae35b2f22424/DS-16427159-c7c2-4b5a-a944-9fddbdf3f260/container.db, /home/runner/work/ozone/ozone/hadoop-ozone/integration-test/target/test-dir/MiniOzoneClusterImpl-5d1c2165-a83d-4eb5-a2bf-ae35b2f22424/datanode-6/data-0/containers/hdds/5d1c2165-a83d-4eb5-a2bf-ae35b2f22424/DS-ac83b530-5695-4c08-ad1b-5c4b8c149d7e/container.db]
2024-02-06 10:05:27,282 [ForkJoinPool.commonPool-worker-1] INFO  utils.DatanodeStoreCache (DatanodeStoreCache.java:removeDB(110)) - Removed db /home/runner/work/ozone/ozone/hadoop-ozone/integration-test/target/test-dir/MiniOzoneClusterImpl-5d1c2165-a83d-4eb5-a2bf-ae35b2f22424/datanode-2/data-0/containers/hdds/5d1c2165-a83d-4eb5-a2bf-ae35b2f22424/DS-00d0df73-3abc-4e6b-85dd-828b047ea088/container.db from cache
2024-02-06 10:05:27,282 [ForkJoinPool.commonPool-worker-1] INFO  volume.HddsVolume (HddsVolume.java:closeDbStore(451)) - SchemaV3 db is stopped at /home/runner/work/ozone/ozone/hadoop-ozone/integration-test/target/test-dir/MiniOzoneClusterImpl-5d1c2165-a83d-4eb5-a2bf-ae35b2f22424/datanode-2/data-0/containers/hdds/5d1c2165-a83d-4eb5-a2bf-ae35b2f22424/DS-00d0df73-3abc-4e6b-85dd-828b047ea088/container.db for volume DS-00d0df73-3abc-4e6b-85dd-828b047ea088
2024-02-06 10:05:27,283 [ForkJoinPool.commonPool-worker-1] INFO  utils.BackgroundService (BackgroundService.java:shutdown(160)) - Shutting down service BlockDeletingService
2024-02-06 10:05:27,283 [ForkJoinPool.commonPool-worker-1] INFO  utils.BackgroundService (BackgroundService.java:shutdown(160)) - Shutting down service StaleRecoveringContainerScrubbingService
2024-02-06 10:05:27,283 [ForkJoinPool.commonPool-worker-1] INFO  statemachine.DatanodeStateMachine (DatanodeStateMachine.java:stopDaemon(638)) - Ozone container server stopped.
2024-02-06 10:05:27,285 [ForkJoinPool.commonPool-worker-1] INFO  handler.ContextHandler (ContextHandler.java:doStop(1159)) - Stopped o.e.j.w.WebAppContext@5f2ba7ac{hddsDatanode,/,null,STOPPED}{jar:file:/home/runner/.m2/repository/org/apache/ozone/hdds-container-service/1.5.0-SNAPSHOT/hdds-container-service-1.5.0-SNAPSHOT.jar!/webapps/hddsDatanode}
2024-02-06 10:05:27,285 [ForkJoinPool.commonPool-worker-1] INFO  server.AbstractConnector (AbstractConnector.java:doStop(383)) - Stopped ServerConnector@5a2bbc4e{HTTP/1.1, (http/1.1)}{0.0.0.0:15472}
2024-02-06 10:05:27,285 [ForkJoinPool.commonPool-worker-1] INFO  server.session (HouseKeeper.java:stopScavenging(149)) - node0 Stopped scavenging
2024-02-06 10:05:27,285 [ForkJoinPool.commonPool-worker-1] INFO  handler.ContextHandler (ContextHandler.java:doStop(1159)) - Stopped o.e.j.s.ServletContextHandler@6c336b5{static,/static,jar:file:/home/runner/.m2/repository/org/apache/ozone/hdds-container-service/1.5.0-SNAPSHOT/hdds-container-service-1.5.0-SNAPSHOT.jar!/webapps/static,STOPPED}
2024-02-06 10:05:27,286 [ForkJoinPool.commonPool-worker-1] INFO  handler.ContextHandler (ContextHandler.java:doStop(1159)) - Stopped o.e.j.s.ServletContextHandler@2af0e55a{logs,/logs,file:///home/runner/work/ozone/ozone/hadoop-ozone/integration-test/target/log,STOPPED}
2024-02-06 10:05:27,286 [ForkJoinPool.commonPool-worker-1] INFO  ozone.HddsDatanodeClientProtocolServer (HddsDatanodeClientProtocolServer.java:stop(78)) - Stopping the RPC server for Client Protocol
2024-02-06 10:05:27,287 [ForkJoinPool.commonPool-worker-1] INFO  ipc.Server (Server.java:stop(3523)) - Stopping server on 15473
2024-02-06 10:05:27,287 [IPC Server Responder] INFO  ipc.Server (Server.java:run(1567)) - Stopping IPC Server Responder
2024-02-06 10:05:27,288 [IPC Server listener on 15473] INFO  ipc.Server (Server.java:run(1434)) - Stopping IPC Server listener on 15473
2024-02-06 10:05:27,359 [ForkJoinPool.commonPool-worker-3] INFO  utils.DatanodeStoreCache (DatanodeStoreCache.java:shutdownCache(116)) - Skip clearing cache in mini cluster mode. Entries left: [/home/runner/work/ozone/ozone/hadoop-ozone/integration-test/target/test-dir/MiniOzoneClusterImpl-5d1c2165-a83d-4eb5-a2bf-ae35b2f22424/datanode-3/data-0/containers/hdds/5d1c2165-a83d-4eb5-a2bf-ae35b2f22424/DS-216e13fe-ad6a-4f0b-a0e5-a6416b107d7f/container.db, /home/runner/work/ozone/ozone/hadoop-ozone/integration-test/target/test-dir/MiniOzoneClusterImpl-5d1c2165-a83d-4eb5-a2bf-ae35b2f22424/datanode-4/data-0/containers/hdds/5d1c2165-a83d-4eb5-a2bf-ae35b2f22424/DS-d809648f-15b5-4d76-bdc7-7b862bf6fe8e/container.db, /home/runner/work/ozone/ozone/hadoop-ozone/integration-test/target/test-dir/MiniOzoneClusterImpl-5d1c2165-a83d-4eb5-a2bf-ae35b2f22424/datanode-5/data-0/containers/hdds/5d1c2165-a83d-4eb5-a2bf-ae35b2f22424/DS-16427159-c7c2-4b5a-a944-9fddbdf3f260/container.db, /home/runner/work/ozone/ozone/hadoop-ozone/integration-test/target/test-dir/MiniOzoneClusterImpl-5d1c2165-a83d-4eb5-a2bf-ae35b2f22424/datanode-6/data-0/containers/hdds/5d1c2165-a83d-4eb5-a2bf-ae35b2f22424/DS-ac83b530-5695-4c08-ad1b-5c4b8c149d7e/container.db]
2024-02-06 10:05:27,361 [ForkJoinPool.commonPool-worker-3] INFO  utils.DatanodeStoreCache (DatanodeStoreCache.java:removeDB(110)) - Removed db /home/runner/work/ozone/ozone/hadoop-ozone/integration-test/target/test-dir/MiniOzoneClusterImpl-5d1c2165-a83d-4eb5-a2bf-ae35b2f22424/datanode-3/data-0/containers/hdds/5d1c2165-a83d-4eb5-a2bf-ae35b2f22424/DS-216e13fe-ad6a-4f0b-a0e5-a6416b107d7f/container.db from cache
2024-02-06 10:05:27,361 [ForkJoinPool.commonPool-worker-3] INFO  volume.HddsVolume (HddsVolume.java:closeDbStore(451)) - SchemaV3 db is stopped at /home/runner/work/ozone/ozone/hadoop-ozone/integration-test/target/test-dir/MiniOzoneClusterImpl-5d1c2165-a83d-4eb5-a2bf-ae35b2f22424/datanode-3/data-0/containers/hdds/5d1c2165-a83d-4eb5-a2bf-ae35b2f22424/DS-216e13fe-ad6a-4f0b-a0e5-a6416b107d7f/container.db for volume DS-216e13fe-ad6a-4f0b-a0e5-a6416b107d7f
2024-02-06 10:05:27,363 [ForkJoinPool.commonPool-worker-3] INFO  utils.BackgroundService (BackgroundService.java:shutdown(160)) - Shutting down service BlockDeletingService
2024-02-06 10:05:27,363 [ForkJoinPool.commonPool-worker-3] INFO  utils.BackgroundService (BackgroundService.java:shutdown(160)) - Shutting down service StaleRecoveringContainerScrubbingService
2024-02-06 10:05:27,365 [ForkJoinPool.commonPool-worker-3] INFO  statemachine.DatanodeStateMachine (DatanodeStateMachine.java:stopDaemon(638)) - Ozone container server stopped.
2024-02-06 10:05:27,366 [main] INFO  utils.DatanodeStoreCache (DatanodeStoreCache.java:shutdownCache(116)) - Skip clearing cache in mini cluster mode. Entries left: [/home/runner/work/ozone/ozone/hadoop-ozone/integration-test/target/test-dir/MiniOzoneClusterImpl-5d1c2165-a83d-4eb5-a2bf-ae35b2f22424/datanode-4/data-0/containers/hdds/5d1c2165-a83d-4eb5-a2bf-ae35b2f22424/DS-d809648f-15b5-4d76-bdc7-7b862bf6fe8e/container.db, /home/runner/work/ozone/ozone/hadoop-ozone/integration-test/target/test-dir/MiniOzoneClusterImpl-5d1c2165-a83d-4eb5-a2bf-ae35b2f22424/datanode-5/data-0/containers/hdds/5d1c2165-a83d-4eb5-a2bf-ae35b2f22424/DS-16427159-c7c2-4b5a-a944-9fddbdf3f260/container.db, /home/runner/work/ozone/ozone/hadoop-ozone/integration-test/target/test-dir/MiniOzoneClusterImpl-5d1c2165-a83d-4eb5-a2bf-ae35b2f22424/datanode-6/data-0/containers/hdds/5d1c2165-a83d-4eb5-a2bf-ae35b2f22424/DS-ac83b530-5695-4c08-ad1b-5c4b8c149d7e/container.db]
2024-02-06 10:05:27,367 [ForkJoinPool.commonPool-worker-3] INFO  handler.ContextHandler (ContextHandler.java:doStop(1159)) - Stopped o.e.j.w.WebAppContext@5365c33b{hddsDatanode,/,null,STOPPED}{jar:file:/home/runner/.m2/repository/org/apache/ozone/hdds-container-service/1.5.0-SNAPSHOT/hdds-container-service-1.5.0-SNAPSHOT.jar!/webapps/hddsDatanode}
2024-02-06 10:05:27,367 [main] INFO  utils.DatanodeStoreCache (DatanodeStoreCache.java:removeDB(110)) - Removed db /home/runner/work/ozone/ozone/hadoop-ozone/integration-test/target/test-dir/MiniOzoneClusterImpl-5d1c2165-a83d-4eb5-a2bf-ae35b2f22424/datanode-5/data-0/containers/hdds/5d1c2165-a83d-4eb5-a2bf-ae35b2f22424/DS-16427159-c7c2-4b5a-a944-9fddbdf3f260/container.db from cache
2024-02-06 10:05:27,368 [main] INFO  volume.HddsVolume (HddsVolume.java:closeDbStore(451)) - SchemaV3 db is stopped at /home/runner/work/ozone/ozone/hadoop-ozone/integration-test/target/test-dir/MiniOzoneClusterImpl-5d1c2165-a83d-4eb5-a2bf-ae35b2f22424/datanode-5/data-0/containers/hdds/5d1c2165-a83d-4eb5-a2bf-ae35b2f22424/DS-16427159-c7c2-4b5a-a944-9fddbdf3f260/container.db for volume DS-16427159-c7c2-4b5a-a944-9fddbdf3f260
2024-02-06 10:05:27,368 [main] INFO  utils.BackgroundService (BackgroundService.java:shutdown(160)) - Shutting down service BlockDeletingService
2024-02-06 10:05:27,368 [main] INFO  utils.BackgroundService (BackgroundService.java:shutdown(160)) - Shutting down service StaleRecoveringContainerScrubbingService
2024-02-06 10:05:27,368 [ForkJoinPool.commonPool-worker-3] INFO  server.AbstractConnector (AbstractConnector.java:doStop(383)) - Stopped ServerConnector@2f7e303e{HTTP/1.1, (http/1.1)}{0.0.0.0:15481}
2024-02-06 10:05:27,369 [ForkJoinPool.commonPool-worker-3] INFO  server.session (HouseKeeper.java:stopScavenging(149)) - node0 Stopped scavenging
2024-02-06 10:05:27,369 [ForkJoinPool.commonPool-worker-3] INFO  handler.ContextHandler (ContextHandler.java:doStop(1159)) - Stopped o.e.j.s.ServletContextHandler@1ba948b5{static,/static,jar:file:/home/runner/.m2/repository/org/apache/ozone/hdds-container-service/1.5.0-SNAPSHOT/hdds-container-service-1.5.0-SNAPSHOT.jar!/webapps/static,STOPPED}
2024-02-06 10:05:27,369 [ForkJoinPool.commonPool-worker-3] INFO  handler.ContextHandler (ContextHandler.java:doStop(1159)) - Stopped o.e.j.s.ServletContextHandler@2e9680e2{logs,/logs,file:///home/runner/work/ozone/ozone/hadoop-ozone/integration-test/target/log,STOPPED}
2024-02-06 10:05:27,369 [main] INFO  statemachine.DatanodeStateMachine (DatanodeStateMachine.java:stopDaemon(638)) - Ozone container server stopped.
2024-02-06 10:05:27,370 [main] INFO  handler.ContextHandler (ContextHandler.java:doStop(1159)) - Stopped o.e.j.w.WebAppContext@3a4bfdb9{hddsDatanode,/,null,STOPPED}{jar:file:/home/runner/.m2/repository/org/apache/ozone/hdds-container-service/1.5.0-SNAPSHOT/hdds-container-service-1.5.0-SNAPSHOT.jar!/webapps/hddsDatanode}
2024-02-06 10:05:27,370 [ForkJoinPool.commonPool-worker-3] INFO  ozone.HddsDatanodeClientProtocolServer (HddsDatanodeClientProtocolServer.java:stop(78)) - Stopping the RPC server for Client Protocol
2024-02-06 10:05:27,370 [main] INFO  server.AbstractConnector (AbstractConnector.java:doStop(383)) - Stopped ServerConnector@12f3c749{HTTP/1.1, (http/1.1)}{0.0.0.0:15499}
2024-02-06 10:05:27,370 [main] INFO  server.session (HouseKeeper.java:stopScavenging(149)) - node0 Stopped scavenging
2024-02-06 10:05:27,370 [main] INFO  handler.ContextHandler (ContextHandler.java:doStop(1159)) - Stopped o.e.j.s.ServletContextHandler@79953d42{static,/static,jar:file:/home/runner/.m2/repository/org/apache/ozone/hdds-container-service/1.5.0-SNAPSHOT/hdds-container-service-1.5.0-SNAPSHOT.jar!/webapps/static,STOPPED}
2024-02-06 10:05:27,371 [ForkJoinPool.commonPool-worker-3] INFO  ipc.Server (Server.java:stop(3523)) - Stopping server on 15482
2024-02-06 10:05:27,371 [main] INFO  handler.ContextHandler (ContextHandler.java:doStop(1159)) - Stopped o.e.j.s.ServletContextHandler@4080ce41{logs,/logs,file:///home/runner/work/ozone/ozone/hadoop-ozone/integration-test/target/log,STOPPED}
2024-02-06 10:05:27,372 [IPC Server Responder] INFO  ipc.Server (Server.java:run(1567)) - Stopping IPC Server Responder
2024-02-06 10:05:27,372 [IPC Server listener on 15482] INFO  ipc.Server (Server.java:run(1434)) - Stopping IPC Server listener on 15482
2024-02-06 10:05:27,373 [main] INFO  ozone.HddsDatanodeClientProtocolServer (HddsDatanodeClientProtocolServer.java:stop(78)) - Stopping the RPC server for Client Protocol
2024-02-06 10:05:27,373 [main] INFO  ipc.Server (Server.java:stop(3523)) - Stopping server on 15500
2024-02-06 10:05:27,375 [IPC Server listener on 15500] INFO  ipc.Server (Server.java:run(1434)) - Stopping IPC Server listener on 15500
2024-02-06 10:05:27,375 [IPC Server Responder] INFO  ipc.Server (Server.java:run(1567)) - Stopping IPC Server Responder
2024-02-06 10:05:27,436 [3668fcd7-5f50-4258-afea-ecf4a9b92dd6-impl-thread2] INFO  segmented.SegmentedRaftLogWorker (SegmentedRaftLogWorker.java:close(245)) - 3668fcd7-5f50-4258-afea-ecf4a9b92dd6@group-1778BB239640-SegmentedRaftLogWorker close()
2024-02-06 10:05:27,436 [JvmPauseMonitor61] INFO  util.JvmPauseMonitor (JvmPauseMonitor.java:run(152)) - JvmPauseMonitor-3668fcd7-5f50-4258-afea-ecf4a9b92dd6: Stopped
2024-02-06 10:05:27,801 [abf042c3-6cd4-4c06-9655-57992d013f88-impl-thread1] INFO  segmented.SegmentedRaftLogWorker (SegmentedRaftLogWorker.java:close(245)) - abf042c3-6cd4-4c06-9655-57992d013f88@group-6F6918DAB04D-SegmentedRaftLogWorker close()
2024-02-06 10:05:27,802 [JvmPauseMonitor63] INFO  util.JvmPauseMonitor (JvmPauseMonitor.java:run(152)) - JvmPauseMonitor-abf042c3-6cd4-4c06-9655-57992d013f88: Stopped
2024-02-06 10:05:29,438 [ForkJoinPool.commonPool-worker-2] INFO  utils.DatanodeStoreCache (DatanodeStoreCache.java:shutdownCache(116)) - Skip clearing cache in mini cluster mode. Entries left: [/home/runner/work/ozone/ozone/hadoop-ozone/integration-test/target/test-dir/MiniOzoneClusterImpl-5d1c2165-a83d-4eb5-a2bf-ae35b2f22424/datanode-4/data-0/containers/hdds/5d1c2165-a83d-4eb5-a2bf-ae35b2f22424/DS-d809648f-15b5-4d76-bdc7-7b862bf6fe8e/container.db, /home/runner/work/ozone/ozone/hadoop-ozone/integration-test/target/test-dir/MiniOzoneClusterImpl-5d1c2165-a83d-4eb5-a2bf-ae35b2f22424/datanode-6/data-0/containers/hdds/5d1c2165-a83d-4eb5-a2bf-ae35b2f22424/DS-ac83b530-5695-4c08-ad1b-5c4b8c149d7e/container.db]
2024-02-06 10:05:29,439 [ForkJoinPool.commonPool-worker-2] INFO  utils.DatanodeStoreCache (DatanodeStoreCache.java:removeDB(110)) - Removed db /home/runner/work/ozone/ozone/hadoop-ozone/integration-test/target/test-dir/MiniOzoneClusterImpl-5d1c2165-a83d-4eb5-a2bf-ae35b2f22424/datanode-4/data-0/containers/hdds/5d1c2165-a83d-4eb5-a2bf-ae35b2f22424/DS-d809648f-15b5-4d76-bdc7-7b862bf6fe8e/container.db from cache
2024-02-06 10:05:29,439 [ForkJoinPool.commonPool-worker-2] INFO  volume.HddsVolume (HddsVolume.java:closeDbStore(451)) - SchemaV3 db is stopped at /home/runner/work/ozone/ozone/hadoop-ozone/integration-test/target/test-dir/MiniOzoneClusterImpl-5d1c2165-a83d-4eb5-a2bf-ae35b2f22424/datanode-4/data-0/containers/hdds/5d1c2165-a83d-4eb5-a2bf-ae35b2f22424/DS-d809648f-15b5-4d76-bdc7-7b862bf6fe8e/container.db for volume DS-d809648f-15b5-4d76-bdc7-7b862bf6fe8e
2024-02-06 10:05:29,439 [ForkJoinPool.commonPool-worker-2] INFO  utils.BackgroundService (BackgroundService.java:shutdown(160)) - Shutting down service BlockDeletingService
2024-02-06 10:05:29,439 [ForkJoinPool.commonPool-worker-2] INFO  utils.BackgroundService (BackgroundService.java:shutdown(160)) - Shutting down service StaleRecoveringContainerScrubbingService
2024-02-06 10:05:29,440 [ForkJoinPool.commonPool-worker-2] INFO  statemachine.DatanodeStateMachine (DatanodeStateMachine.java:stopDaemon(638)) - Ozone container server stopped.
2024-02-06 10:05:29,441 [ForkJoinPool.commonPool-worker-2] INFO  handler.ContextHandler (ContextHandler.java:doStop(1159)) - Stopped o.e.j.w.WebAppContext@6ef0f225{hddsDatanode,/,null,STOPPED}{jar:file:/home/runner/.m2/repository/org/apache/ozone/hdds-container-service/1.5.0-SNAPSHOT/hdds-container-service-1.5.0-SNAPSHOT.jar!/webapps/hddsDatanode}
2024-02-06 10:05:29,442 [ForkJoinPool.commonPool-worker-2] INFO  server.AbstractConnector (AbstractConnector.java:doStop(383)) - Stopped ServerConnector@1b6cfea8{HTTP/1.1, (http/1.1)}{0.0.0.0:15490}
2024-02-06 10:05:29,442 [ForkJoinPool.commonPool-worker-2] INFO  server.session (HouseKeeper.java:stopScavenging(149)) - node0 Stopped scavenging
2024-02-06 10:05:29,442 [ForkJoinPool.commonPool-worker-2] INFO  handler.ContextHandler (ContextHandler.java:doStop(1159)) - Stopped o.e.j.s.ServletContextHandler@1aa21c8a{static,/static,jar:file:/home/runner/.m2/repository/org/apache/ozone/hdds-container-service/1.5.0-SNAPSHOT/hdds-container-service-1.5.0-SNAPSHOT.jar!/webapps/static,STOPPED}
2024-02-06 10:05:29,442 [ForkJoinPool.commonPool-worker-2] INFO  handler.ContextHandler (ContextHandler.java:doStop(1159)) - Stopped o.e.j.s.ServletContextHandler@138a1181{logs,/logs,file:///home/runner/work/ozone/ozone/hadoop-ozone/integration-test/target/log,STOPPED}
2024-02-06 10:05:29,442 [ForkJoinPool.commonPool-worker-2] INFO  ozone.HddsDatanodeClientProtocolServer (HddsDatanodeClientProtocolServer.java:stop(78)) - Stopping the RPC server for Client Protocol
2024-02-06 10:05:29,444 [ForkJoinPool.commonPool-worker-2] INFO  ipc.Server (Server.java:stop(3523)) - Stopping server on 15491
2024-02-06 10:05:29,444 [IPC Server listener on 15491] INFO  ipc.Server (Server.java:run(1434)) - Stopping IPC Server listener on 15491
2024-02-06 10:05:29,444 [IPC Server Responder] INFO  ipc.Server (Server.java:run(1567)) - Stopping IPC Server Responder
2024-02-06 10:05:29,804 [ForkJoinPool.commonPool-worker-4] INFO  utils.DatanodeStoreCache (DatanodeStoreCache.java:shutdownCache(116)) - Skip clearing cache in mini cluster mode. Entries left: [/home/runner/work/ozone/ozone/hadoop-ozone/integration-test/target/test-dir/MiniOzoneClusterImpl-5d1c2165-a83d-4eb5-a2bf-ae35b2f22424/datanode-6/data-0/containers/hdds/5d1c2165-a83d-4eb5-a2bf-ae35b2f22424/DS-ac83b530-5695-4c08-ad1b-5c4b8c149d7e/container.db]
2024-02-06 10:05:29,805 [ForkJoinPool.commonPool-worker-4] INFO  utils.DatanodeStoreCache (DatanodeStoreCache.java:removeDB(110)) - Removed db /home/runner/work/ozone/ozone/hadoop-ozone/integration-test/target/test-dir/MiniOzoneClusterImpl-5d1c2165-a83d-4eb5-a2bf-ae35b2f22424/datanode-6/data-0/containers/hdds/5d1c2165-a83d-4eb5-a2bf-ae35b2f22424/DS-ac83b530-5695-4c08-ad1b-5c4b8c149d7e/container.db from cache
2024-02-06 10:05:29,805 [ForkJoinPool.commonPool-worker-4] INFO  volume.HddsVolume (HddsVolume.java:closeDbStore(451)) - SchemaV3 db is stopped at /home/runner/work/ozone/ozone/hadoop-ozone/integration-test/target/test-dir/MiniOzoneClusterImpl-5d1c2165-a83d-4eb5-a2bf-ae35b2f22424/datanode-6/data-0/containers/hdds/5d1c2165-a83d-4eb5-a2bf-ae35b2f22424/DS-ac83b530-5695-4c08-ad1b-5c4b8c149d7e/container.db for volume DS-ac83b530-5695-4c08-ad1b-5c4b8c149d7e
2024-02-06 10:05:29,805 [ForkJoinPool.commonPool-worker-4] INFO  utils.BackgroundService (BackgroundService.java:shutdown(160)) - Shutting down service BlockDeletingService
2024-02-06 10:05:29,805 [ForkJoinPool.commonPool-worker-4] INFO  utils.BackgroundService (BackgroundService.java:shutdown(160)) - Shutting down service StaleRecoveringContainerScrubbingService
2024-02-06 10:05:29,805 [ForkJoinPool.commonPool-worker-4] INFO  statemachine.DatanodeStateMachine (DatanodeStateMachine.java:stopDaemon(638)) - Ozone container server stopped.
2024-02-06 10:05:29,807 [ForkJoinPool.commonPool-worker-4] INFO  handler.ContextHandler (ContextHandler.java:doStop(1159)) - Stopped o.e.j.w.WebAppContext@32059fb3{hddsDatanode,/,null,STOPPED}{jar:file:/home/runner/.m2/repository/org/apache/ozone/hdds-container-service/1.5.0-SNAPSHOT/hdds-container-service-1.5.0-SNAPSHOT.jar!/webapps/hddsDatanode}
2024-02-06 10:05:29,807 [ForkJoinPool.commonPool-worker-4] INFO  server.AbstractConnector (AbstractConnector.java:doStop(383)) - Stopped ServerConnector@3b86abfd{HTTP/1.1, (http/1.1)}{0.0.0.0:15508}
2024-02-06 10:05:29,807 [ForkJoinPool.commonPool-worker-4] INFO  server.session (HouseKeeper.java:stopScavenging(149)) - node0 Stopped scavenging
2024-02-06 10:05:29,807 [ForkJoinPool.commonPool-worker-4] INFO  handler.ContextHandler (ContextHandler.java:doStop(1159)) - Stopped o.e.j.s.ServletContextHandler@20c0180d{static,/static,jar:file:/home/runner/.m2/repository/org/apache/ozone/hdds-container-service/1.5.0-SNAPSHOT/hdds-container-service-1.5.0-SNAPSHOT.jar!/webapps/static,STOPPED}
2024-02-06 10:05:29,808 [ForkJoinPool.commonPool-worker-4] INFO  handler.ContextHandler (ContextHandler.java:doStop(1159)) - Stopped o.e.j.s.ServletContextHandler@431ab85f{logs,/logs,file:///home/runner/work/ozone/ozone/hadoop-ozone/integration-test/target/log,STOPPED}
2024-02-06 10:05:29,808 [ForkJoinPool.commonPool-worker-4] INFO  ozone.HddsDatanodeClientProtocolServer (HddsDatanodeClientProtocolServer.java:stop(78)) - Stopping the RPC server for Client Protocol
2024-02-06 10:05:29,808 [ForkJoinPool.commonPool-worker-4] INFO  ipc.Server (Server.java:stop(3523)) - Stopping server on 15509
2024-02-06 10:05:29,809 [IPC Server listener on 15509] INFO  ipc.Server (Server.java:run(1434)) - Stopping IPC Server listener on 15509
2024-02-06 10:05:29,809 [IPC Server Responder] INFO  ipc.Server (Server.java:run(1567)) - Stopping IPC Server Responder
2024-02-06 10:05:29,810 [main] INFO  ozone.MiniOzoneClusterImpl (MiniOzoneClusterImpl.java:stopSCM(549)) - Stopping the StorageContainerManager
2024-02-06 10:05:29,810 [main] INFO  server.StorageContainerManager (StorageContainerManager.java:stop(1653)) - Container Balancer is not running.
2024-02-06 10:05:29,810 [main] INFO  server.StorageContainerManager (StorageContainerManager.java:stopReplicationManager(1786)) - Stopping Replication Manager Service.
2024-02-06 10:05:29,810 [main] INFO  replication.ReplicationManager (ReplicationManager.java:stop(327)) - Stopping Replication Monitor Thread.
2024-02-06 10:05:29,810 [main] INFO  server.StorageContainerManager (StorageContainerManager.java:stop(1662)) - Stopping the Datanode Admin Monitor.
2024-02-06 10:05:29,810 [OverReplicatedProcessor] WARN  replication.UnhealthyReplicationProcessor (UnhealthyReplicationProcessor.java:run(180)) - OverReplicatedProcessor interrupted. Exiting...
2024-02-06 10:05:29,810 [ReplicationMonitor] INFO  replication.ReplicationManager (ReplicationManager.java:run(934)) - Replication Monitor Thread is stopped
2024-02-06 10:05:29,810 [UnderReplicatedProcessor] WARN  replication.UnhealthyReplicationProcessor (UnhealthyReplicationProcessor.java:run(180)) - UnderReplicatedProcessor interrupted. Exiting...
2024-02-06 10:05:29,810 [main] INFO  server.StorageContainerManager (StorageContainerManager.java:stop(1669)) - Stopping datanode service RPC server
2024-02-06 10:05:29,811 [main] INFO  server.SCMDatanodeProtocolServer (SCMDatanodeProtocolServer.java:stop(425)) - Stopping the RPC server for DataNodes
2024-02-06 10:05:29,811 [main] INFO  ipc.Server (Server.java:stop(3523)) - Stopping server on 15447
2024-02-06 10:05:29,813 [IPC Server Responder] INFO  ipc.Server (Server.java:run(1567)) - Stopping IPC Server Responder
2024-02-06 10:05:29,813 [IPC Server listener on 15447] INFO  ipc.Server (Server.java:run(1434)) - Stopping IPC Server listener on 15447
2024-02-06 10:05:29,851 [timer3] WARN  server.GrpcLogAppender (LogUtils.java:warn(121)) - 26d06f5e-593d-478d-80a2-0fa092cabf84@group-38BCDD253F99->20dab95a-c478-4766-b72c-beb84f06bee2-AppendLogResponseHandler: Failed appendEntries (Repeated 2 times in the last 5.003s): org.apache.ratis.thirdparty.io.grpc.StatusRuntimeException: CANCELLED: RST_STREAM closed stream. HTTP/2 error code: CANCEL
2024-02-06 10:05:29,910 [SCMHeartbeatProcessor-0] WARN  node.NodeStateManager (NodeStateManager.java:scheduleNextHealthCheck(878)) - Current Thread is interrupted, shutting down HB processing thread for Node Manager.
2024-02-06 10:05:29,910 [main] INFO  server.StorageContainerManager (StorageContainerManager.java:stop(1677)) - Stopping block service RPC server
2024-02-06 10:05:29,910 [main] INFO  server.SCMBlockProtocolServer (SCMBlockProtocolServer.java:stop(169)) - Stopping the RPC server for Block Protocol
2024-02-06 10:05:29,910 [main] INFO  ipc.Server (Server.java:stop(3523)) - Stopping server on 15446
2024-02-06 10:05:29,912 [IPC Server Responder] INFO  ipc.Server (Server.java:run(1567)) - Stopping IPC Server Responder
2024-02-06 10:05:29,912 [main] INFO  server.StorageContainerManager (StorageContainerManager.java:stop(1684)) - Stopping the StorageContainerLocationProtocol RPC server
2024-02-06 10:05:29,912 [main] INFO  server.SCMClientProtocolServer (SCMClientProtocolServer.java:stop(212)) - Stopping the RPC server for Client Protocol
2024-02-06 10:05:29,912 [main] INFO  ipc.Server (Server.java:stop(3523)) - Stopping server on 15445
2024-02-06 10:05:29,912 [IPC Server listener on 15446] INFO  ipc.Server (Server.java:run(1434)) - Stopping IPC Server listener on 15446
2024-02-06 10:05:29,914 [IPC Server listener on 15445] INFO  ipc.Server (Server.java:run(1434)) - Stopping IPC Server listener on 15445
2024-02-06 10:05:29,914 [IPC Server Responder] INFO  ipc.Server (Server.java:run(1567)) - Stopping IPC Server Responder
2024-02-06 10:05:29,914 [main] INFO  server.StorageContainerManager (StorageContainerManager.java:stop(1691)) - Stopping Storage Container Manager HTTP server.
2024-02-06 10:05:29,915 [main] INFO  handler.ContextHandler (ContextHandler.java:doStop(1159)) - Stopped o.e.j.w.WebAppContext@10641ce9{scm,/,null,STOPPED}{file:/home/runner/work/ozone/ozone/hadoop-ozone/integration-test/target/test-classes/webapps/scm}
2024-02-06 10:05:29,916 [main] INFO  server.AbstractConnector (AbstractConnector.java:doStop(383)) - Stopped ServerConnector@5fd1a6aa{HTTP/1.1, (http/1.1)}{0.0.0.0:15448}
2024-02-06 10:05:29,916 [main] INFO  server.session (HouseKeeper.java:stopScavenging(149)) - node0 Stopped scavenging
2024-02-06 10:05:29,917 [main] INFO  handler.ContextHandler (ContextHandler.java:doStop(1159)) - Stopped o.e.j.s.ServletContextHandler@2fca2914{static,/static,file:///home/runner/work/ozone/ozone/hadoop-ozone/integration-test/target/test-classes/webapps/static,STOPPED}
2024-02-06 10:05:29,917 [main] INFO  handler.ContextHandler (ContextHandler.java:doStop(1159)) - Stopped o.e.j.s.ServletContextHandler@4b2faf08{logs,/logs,file:///home/runner/work/ozone/ozone/hadoop-ozone/integration-test/target/log,STOPPED}
2024-02-06 10:05:29,917 [main] INFO  server.StorageContainerManager (StorageContainerManager.java:stop(1699)) - Stopping SCM LayoutVersionManager Service.
2024-02-06 10:05:29,918 [main] INFO  server.StorageContainerManager (StorageContainerManager.java:stop(1711)) - Stopping Block Manager Service.
2024-02-06 10:05:29,918 [main] INFO  utils.BackgroundService (BackgroundService.java:shutdown(160)) - Shutting down service SCMBlockDeletingService
2024-02-06 10:05:29,918 [main] INFO  utils.BackgroundService (BackgroundService.java:shutdown(160)) - Shutting down service SCMBlockDeletingService
2024-02-06 10:05:29,918 [main] INFO  server.StorageContainerManager (StorageContainerManager.java:stop(1731)) - Stopping SCM Event Queue.
2024-02-06 10:05:29,919 [JvmPauseMonitor55] INFO  util.JvmPauseMonitor (JvmPauseMonitor.java:run(152)) - JvmPauseMonitor-cc01fc0e-9574-4d8f-bf07-d624eed7f573: Stopped
2024-02-06 10:05:29,919 [main] INFO  server.StorageContainerManager (StorageContainerManager.java:stop(1742)) - Stopping SCM HA services.
2024-02-06 10:05:29,919 [main] INFO  pipeline.BackgroundPipelineCreator (BackgroundPipelineCreator.java:stop(152)) - Stopping RatisPipelineUtilsThread.
2024-02-06 10:05:29,920 [RatisPipelineUtilsThread-0] WARN  pipeline.BackgroundPipelineCreator (BackgroundPipelineCreator.java:run(183)) - RatisPipelineUtilsThread is interrupted.
2024-02-06 10:05:29,920 [main] INFO  BackgroundPipelineScrubber (BackgroundSCMService.java:stop(128)) - Stopping BackgroundPipelineScrubber Service.
2024-02-06 10:05:29,920 [BackgroundPipelineScrubber] WARN  BackgroundPipelineScrubber (BackgroundSCMService.java:run(112)) - BackgroundPipelineScrubber is interrupted, exit
2024-02-06 10:05:29,920 [main] INFO  impl.MetricsSystemImpl (MetricsSystemImpl.java:stop(210)) - Stopping HddsDatanode metrics system...
2024-02-06 10:05:29,924 [prometheus] INFO  impl.MetricsSinkAdapter (MetricsSinkAdapter.java:publishMetricsFromQueue(141)) - prometheus thread interrupted.
2024-02-06 10:05:29,924 [main] INFO  impl.MetricsSystemImpl (MetricsSystemImpl.java:stop(216)) - HddsDatanode metrics system stopped.
2024-02-06 10:05:29,924 [main] WARN  pipeline.BackgroundPipelineCreator (BackgroundPipelineCreator.java:stop(148)) - RatisPipelineUtilsThread is not running, just ignore.
2024-02-06 10:05:29,925 [main] INFO  BackgroundPipelineScrubber (BackgroundSCMService.java:stop(123)) - BackgroundPipelineScrubber Service is not running, skip stop.
2024-02-06 10:05:29,925 [main] INFO  ExpiredContainerReplicaOpScrubber (BackgroundSCMService.java:stop(128)) - Stopping ExpiredContainerReplicaOpScrubber Service.
2024-02-06 10:05:29,925 [ExpiredContainerReplicaOpScrubber] WARN  ExpiredContainerReplicaOpScrubber (BackgroundSCMService.java:run(112)) - ExpiredContainerReplicaOpScrubber is interrupted, exit
2024-02-06 10:05:29,925 [main] INFO  utils.BackgroundService (BackgroundService.java:shutdown(160)) - Shutting down service SCMBlockDeletingService
2024-02-06 10:05:29,925 [main] INFO  replication.ReplicationManager (ReplicationManager.java:stop(337)) - Replication Monitor Thread is not running.
2024-02-06 10:05:29,925 [main] WARN  balancer.ContainerBalancer (ContainerBalancer.java:stop(327)) - Cannot stop Container Balancer because it's not running or stopping
2024-02-06 10:05:29,926 [LeaseManager#LeaseMonitor] WARN  lease.LeaseManager (LeaseManager.java:run(287)) - Lease manager is interrupted. Shutting down...
java.lang.InterruptedException
	at java.util.concurrent.locks.AbstractQueuedSynchronizer.doAcquireSharedNanos(AbstractQueuedSynchronizer.java:1039)
	at java.util.concurrent.locks.AbstractQueuedSynchronizer.tryAcquireSharedNanos(AbstractQueuedSynchronizer.java:1328)
	at java.util.concurrent.Semaphore.tryAcquire(Semaphore.java:409)
	at org.apache.hadoop.ozone.lease.LeaseManager$LeaseMonitor.run(LeaseManager.java:285)
	at java.lang.Thread.run(Thread.java:750)
2024-02-06 10:05:29,926 [main] INFO  server.StorageContainerManager (StorageContainerManager.java:stop(1777)) - Stopping SCM MetadataStore.
]]></system-out>
      <system-err><![CDATA[Feb 06, 2024 10:05:24 AM org.apache.ratis.thirdparty.io.grpc.internal.ManagedChannelOrphanWrapper$ManagedChannelReference cleanQueue
SEVERE: *~*~*~ Previous channel ManagedChannelImpl{logId=1677, target=10.1.0.5:15404} was not shutdown properly!!! ~*~*~*
    Make sure to call shutdown()/shutdownNow() and wait until awaitTermination() returns true.
java.lang.RuntimeException: ManagedChannel allocation site
	at org.apache.ratis.thirdparty.io.grpc.internal.ManagedChannelOrphanWrapper$ManagedChannelReference.<init>(ManagedChannelOrphanWrapper.java:102)
	at org.apache.ratis.thirdparty.io.grpc.internal.ManagedChannelOrphanWrapper.<init>(ManagedChannelOrphanWrapper.java:60)
	at org.apache.ratis.thirdparty.io.grpc.internal.ManagedChannelOrphanWrapper.<init>(ManagedChannelOrphanWrapper.java:51)
	at org.apache.ratis.thirdparty.io.grpc.internal.ManagedChannelImplBuilder.build(ManagedChannelImplBuilder.java:631)
	at org.apache.ratis.thirdparty.io.grpc.internal.AbstractManagedChannelImplBuilder.build(AbstractManagedChannelImplBuilder.java:297)
	at org.apache.ratis.grpc.client.GrpcClientProtocolClient.buildChannel(GrpcClientProtocolClient.java:151)
	at org.apache.ratis.grpc.client.GrpcClientProtocolClient.<init>(GrpcClientProtocolClient.java:113)
	at org.apache.ratis.grpc.client.GrpcClientRpc.lambda$new$0(GrpcClientRpc.java:59)
	at org.apache.ratis.util.PeerProxyMap$PeerAndProxy.lambda$getProxy$0(PeerProxyMap.java:68)
	at org.apache.ratis.util.LifeCycle.startAndTransition(LifeCycle.java:277)
	at org.apache.ratis.util.PeerProxyMap$PeerAndProxy.getProxy(PeerProxyMap.java:67)
	at org.apache.ratis.util.PeerProxyMap.getProxy(PeerProxyMap.java:114)
	at org.apache.ratis.grpc.client.GrpcClientRpc.sendRequestAsyncUnordered(GrpcClientRpc.java:81)
	at org.apache.ratis.client.impl.UnorderedAsync.sendRequestWithRetry(UnorderedAsync.java:80)
	at org.apache.ratis.client.impl.UnorderedAsync.lambda$null$2(UnorderedAsync.java:129)
	at org.apache.ratis.util.TimeoutTimer.lambda$onTimeout$2(TimeoutTimer.java:101)
	at org.apache.ratis.util.LogUtils.runAndLog(LogUtils.java:38)
	at org.apache.ratis.util.LogUtils$1.run(LogUtils.java:78)
	at org.apache.ratis.util.TimeoutTimer$Task.run(TimeoutTimer.java:55)
	at java.util.TimerThread.mainLoop(Timer.java:555)
	at java.util.TimerThread.run(Timer.java:505)

Feb 06, 2024 10:05:24 AM org.apache.ratis.thirdparty.io.grpc.internal.ManagedChannelOrphanWrapper$ManagedChannelReference cleanQueue
SEVERE: *~*~*~ Previous channel ManagedChannelImpl{logId=1679, target=10.1.0.5:15405} was not shutdown properly!!! ~*~*~*
    Make sure to call shutdown()/shutdownNow() and wait until awaitTermination() returns true.
java.lang.RuntimeException: ManagedChannel allocation site
	at org.apache.ratis.thirdparty.io.grpc.internal.ManagedChannelOrphanWrapper$ManagedChannelReference.<init>(ManagedChannelOrphanWrapper.java:102)
	at org.apache.ratis.thirdparty.io.grpc.internal.ManagedChannelOrphanWrapper.<init>(ManagedChannelOrphanWrapper.java:60)
	at org.apache.ratis.thirdparty.io.grpc.internal.ManagedChannelOrphanWrapper.<init>(ManagedChannelOrphanWrapper.java:51)
	at org.apache.ratis.thirdparty.io.grpc.internal.ManagedChannelImplBuilder.build(ManagedChannelImplBuilder.java:631)
	at org.apache.ratis.thirdparty.io.grpc.internal.AbstractManagedChannelImplBuilder.build(AbstractManagedChannelImplBuilder.java:297)
	at org.apache.ratis.grpc.client.GrpcClientProtocolClient.buildChannel(GrpcClientProtocolClient.java:151)
	at org.apache.ratis.grpc.client.GrpcClientProtocolClient.<init>(GrpcClientProtocolClient.java:116)
	at org.apache.ratis.grpc.client.GrpcClientRpc.lambda$new$0(GrpcClientRpc.java:59)
	at org.apache.ratis.util.PeerProxyMap$PeerAndProxy.lambda$getProxy$0(PeerProxyMap.java:68)
	at org.apache.ratis.util.LifeCycle.startAndTransition(LifeCycle.java:277)
	at org.apache.ratis.util.PeerProxyMap$PeerAndProxy.getProxy(PeerProxyMap.java:67)
	at org.apache.ratis.util.PeerProxyMap.getProxy(PeerProxyMap.java:114)
	at org.apache.ratis.grpc.client.GrpcClientRpc.sendRequestAsyncUnordered(GrpcClientRpc.java:81)
	at org.apache.ratis.client.impl.UnorderedAsync.sendRequestWithRetry(UnorderedAsync.java:80)
	at org.apache.ratis.client.impl.UnorderedAsync.lambda$null$2(UnorderedAsync.java:129)
	at org.apache.ratis.util.TimeoutTimer.lambda$onTimeout$2(TimeoutTimer.java:101)
	at org.apache.ratis.util.LogUtils.runAndLog(LogUtils.java:38)
	at org.apache.ratis.util.LogUtils$1.run(LogUtils.java:78)
	at org.apache.ratis.util.TimeoutTimer$Task.run(TimeoutTimer.java:55)
	at java.util.TimerThread.mainLoop(Timer.java:555)
	at java.util.TimerThread.run(Timer.java:505)

]]></system-err>
    </flakyFailure>
  </testcase>
  <testcase name="testWatchForCommitForGroupMismatchException" classname="org.apache.hadoop.ozone.client.rpc.TestWatchForCommit" time="26.847"/>
  <testcase name="test2WayCommitForTimeoutException" classname="org.apache.hadoop.ozone.client.rpc.TestWatchForCommit" time="24.884"/>
</testsuite>